{
    "Plan": {
        "Node Type": "Aggregate",
        "Strategy": "Plain",
        "Partial Mode": "Simple",
        "Parallel Aware": false,
        "Startup Cost": 110002388599.63,
        "Total Cost": 110002388599.64,
        "Plan Rows": 1,
        "Plan Width": 8,
        "Actual Startup Time": 20595.525,
        "Actual Total Time": 20595.553,
        "Actual Rows": 1,
        "Actual Loops": 1,
        "Output": [
            "count(*)"
        ],
        "Plans": [
            {
                "Node Type": "Hash Join",
                "Parent Relationship": "Outer",
                "Parallel Aware": false,
                "Join Type": "Inner",
                "Startup Cost": 110002388587.54,
                "Total Cost": 110002388599.63,
                "Plan Rows": 1,
                "Plan Width": 0,
                "Actual Startup Time": 20595.499,
                "Actual Total Time": 20595.529,
                "Actual Rows": 15,
                "Actual Loops": 1,
                "Inner Unique": false,
                "Hash Cond": "(cct2.id = cc.status_id)",
                "Plans": [
                    {
                        "Node Type": "Index Scan",
                        "Parent Relationship": "Outer",
                        "Parallel Aware": false,
                        "Scan Direction": "Forward",
                        "Index Name": "comp_cast_type_pkey",
                        "Relation Name": "comp_cast_type",
                        "Schema": "public",
                        "Alias": "cct2",
                        "Startup Cost": 0.13,
                        "Total Cost": 12.2,
                        "Plan Rows": 1,
                        "Plan Width": 4,
                        "Actual Startup Time": 0.019,
                        "Actual Total Time": 0.021,
                        "Actual Rows": 1,
                        "Actual Loops": 1,
                        "Output": [
                            "cct2.id",
                            "cct2.kind"
                        ],
                        "Filter": "((cct2.kind)::text = 'complete+verified'::text)",
                        "Rows Removed by Filter": 3
                    },
                    {
                        "Node Type": "Hash",
                        "Parent Relationship": "Inner",
                        "Parallel Aware": false,
                        "Startup Cost": 110002388587.4,
                        "Total Cost": 110002388587.4,
                        "Plan Rows": 1,
                        "Plan Width": 4,
                        "Actual Startup Time": 20595.455,
                        "Actual Total Time": 20595.482,
                        "Actual Rows": 15,
                        "Actual Loops": 1,
                        "Output": [
                            "cc.status_id"
                        ],
                        "Hash Buckets": 1024,
                        "Original Hash Buckets": 1024,
                        "Hash Batches": 1,
                        "Original Hash Batches": 1,
                        "Peak Memory Usage": 9,
                        "Plans": [
                            {
                                "Node Type": "Nested Loop",
                                "Parent Relationship": "Outer",
                                "Parallel Aware": false,
                                "Join Type": "Inner",
                                "Startup Cost": 110002373747.41,
                                "Total Cost": 110002388587.4,
                                "Plan Rows": 1,
                                "Plan Width": 4,
                                "Actual Startup Time": 19984.986,
                                "Actual Total Time": 20595.472,
                                "Actual Rows": 15,
                                "Actual Loops": 1,
                                "Output": [
                                    "cc.status_id"
                                ],
                                "Inner Unique": true,
                                "Plans": [
                                    {
                                        "Node Type": "Hash Join",
                                        "Parent Relationship": "Outer",
                                        "Parallel Aware": false,
                                        "Join Type": "Inner",
                                        "Startup Cost": 110002373747.26,
                                        "Total Cost": 110002388587.22,
                                        "Plan Rows": 1,
                                        "Plan Width": 8,
                                        "Actual Startup Time": 14940.785,
                                        "Actual Total Time": 20592.025,
                                        "Actual Rows": 2445,
                                        "Actual Loops": 1,
                                        "Output": [
                                            "cc.status_id",
                                            "pi.info_type_id"
                                        ],
                                        "Inner Unique": true,
                                        "Hash Cond": "(mc.company_id = cn.id)",
                                        "Plans": [
                                            {
                                                "Node Type": "Nested Loop",
                                                "Parent Relationship": "Outer",
                                                "Parallel Aware": false,
                                                "Join Type": "Inner",
                                                "Startup Cost": 110002360239.06,
                                                "Total Cost": 110002375079.01,
                                                "Plan Rows": 1,
                                                "Plan Width": 12,
                                                "Actual Startup Time": 14780.41,
                                                "Actual Total Time": 20436.484,
                                                "Actual Rows": 10758,
                                                "Actual Loops": 1,
                                                "Output": [
                                                    "cc.status_id",
                                                    "mc.company_id",
                                                    "pi.info_type_id"
                                                ],
                                                "Inner Unique": true,
                                                "Plans": [
                                                    {
                                                        "Node Type": "Nested Loop",
                                                        "Parent Relationship": "Outer",
                                                        "Parallel Aware": false,
                                                        "Join Type": "Inner",
                                                        "Startup Cost": 100002360238.63,
                                                        "Total Cost": 100002375070.55,
                                                        "Plan Rows": 1,
                                                        "Plan Width": 16,
                                                        "Actual Startup Time": 14779.868,
                                                        "Actual Total Time": 15302.551,
                                                        "Actual Rows": 1161864,
                                                        "Actual Loops": 1,
                                                        "Output": [
                                                            "cc.status_id",
                                                            "mc.company_id",
                                                            "mk.keyword_id",
                                                            "pi.info_type_id"
                                                        ],
                                                        "Inner Unique": false,
                                                        "Join Filter": "(t.id = mk.movie_id)",
                                                        "Rows Removed by Join Filter": 0,
                                                        "Plans": [
                                                            {
                                                                "Node Type": "Nested Loop",
                                                                "Parent Relationship": "Outer",
                                                                "Parallel Aware": false,
                                                                "Join Type": "Inner",
                                                                "Startup Cost": 90002360237.81,
                                                                "Total Cost": 90002375064.58,
                                                                "Plan Rows": 1,
                                                                "Plan Width": 32,
                                                                "Actual Startup Time": 14779.763,
                                                                "Actual Total Time": 14876.851,
                                                                "Actual Rows": 10758,
                                                                "Actual Loops": 1,
                                                                "Output": [
                                                                    "ci.movie_id",
                                                                    "cc.movie_id",
                                                                    "cc.status_id",
                                                                    "mc.movie_id",
                                                                    "mc.company_id",
                                                                    "mi.movie_id",
                                                                    "pi.info_type_id",
                                                                    "t.id"
                                                                ],
                                                                "Inner Unique": true,
                                                                "Plans": [
                                                                    {
                                                                        "Node Type": "Nested Loop",
                                                                        "Parent Relationship": "Outer",
                                                                        "Parallel Aware": false,
                                                                        "Join Type": "Inner",
                                                                        "Startup Cost": 80002360237.67,
                                                                        "Total Cost": 80002375056.41,
                                                                        "Plan Rows": 1,
                                                                        "Plan Width": 36,
                                                                        "Actual Startup Time": 14779.746,
                                                                        "Actual Total Time": 14835.502,
                                                                        "Actual Rows": 10758,
                                                                        "Actual Loops": 1,
                                                                        "Output": [
                                                                            "ci.movie_id",
                                                                            "cc.movie_id",
                                                                            "cc.subject_id",
                                                                            "cc.status_id",
                                                                            "mc.movie_id",
                                                                            "mc.company_id",
                                                                            "mi.movie_id",
                                                                            "pi.info_type_id",
                                                                            "t.id"
                                                                        ],
                                                                        "Inner Unique": false,
                                                                        "Join Filter": "(t.id = cc.movie_id)",
                                                                        "Rows Removed by Join Filter": 0,
                                                                        "Plans": [
                                                                            {
                                                                                "Node Type": "Merge Join",
                                                                                "Parent Relationship": "Outer",
                                                                                "Parallel Aware": false,
                                                                                "Join Type": "Inner",
                                                                                "Startup Cost": 70002360237.24,
                                                                                "Total Cost": 70002375051.93,
                                                                                "Plan Rows": 1,
                                                                                "Plan Width": 24,
                                                                                "Actual Startup Time": 14779.649,
                                                                                "Actual Total Time": 14784.003,
                                                                                "Actual Rows": 10758,
                                                                                "Actual Loops": 1,
                                                                                "Output": [
                                                                                    "ci.movie_id",
                                                                                    "mc.movie_id",
                                                                                    "mc.company_id",
                                                                                    "mi.movie_id",
                                                                                    "pi.info_type_id",
                                                                                    "t.id"
                                                                                ],
                                                                                "Inner Unique": false,
                                                                                "Merge Cond": "(pi.person_id = n.id)",
                                                                                "Plans": [
                                                                                    {
                                                                                        "Node Type": "Sort",
                                                                                        "Parent Relationship": "Outer",
                                                                                        "Parallel Aware": false,
                                                                                        "Startup Cost": 10000399247.88,
                                                                                        "Total Cost": 10000406656.68,
                                                                                        "Plan Rows": 2963519,
                                                                                        "Plan Width": 8,
                                                                                        "Actual Startup Time": 1557.847,
                                                                                        "Actual Total Time": 1624.635,
                                                                                        "Actual Rows": 1640575,
                                                                                        "Actual Loops": 1,
                                                                                        "Output": [
                                                                                            "pi.person_id",
                                                                                            "pi.info_type_id"
                                                                                        ],
                                                                                        "Sort Key": [
                                                                                            "pi.person_id"
                                                                                        ],
                                                                                        "Sort Method": "quicksort",
                                                                                        "Sort Space Used": 237226,
                                                                                        "Sort Space Type": "Memory",
                                                                                        "Plans": [
                                                                                            {
                                                                                                "Node Type": "Seq Scan",
                                                                                                "Parent Relationship": "Outer",
                                                                                                "Parallel Aware": false,
                                                                                                "Relation Name": "person_info",
                                                                                                "Schema": "public",
                                                                                                "Alias": "pi",
                                                                                                "Startup Cost": 10000000000.0,
                                                                                                "Total Cost": 10000080686.19,
                                                                                                "Plan Rows": 2963519,
                                                                                                "Plan Width": 8,
                                                                                                "Actual Startup Time": 0.06,
                                                                                                "Actual Total Time": 953.041,
                                                                                                "Actual Rows": 2963664,
                                                                                                "Actual Loops": 1,
                                                                                                "Output": [
                                                                                                    "pi.person_id",
                                                                                                    "pi.info_type_id"
                                                                                                ]
                                                                                            }
                                                                                        ]
                                                                                    },
                                                                                    {
                                                                                        "Node Type": "Sort",
                                                                                        "Parent Relationship": "Inner",
                                                                                        "Parallel Aware": false,
                                                                                        "Startup Cost": 60001960987.89,
                                                                                        "Total Cost": 60001960987.9,
                                                                                        "Plan Rows": 1,
                                                                                        "Plan Width": 32,
                                                                                        "Actual Startup Time": 13077.302,
                                                                                        "Actual Total Time": 13078.966,
                                                                                        "Actual Rows": 10596,
                                                                                        "Actual Loops": 1,
                                                                                        "Output": [
                                                                                            "an.person_id",
                                                                                            "ci.movie_id",
                                                                                            "ci.person_id",
                                                                                            "mc.movie_id",
                                                                                            "mc.company_id",
                                                                                            "mi.movie_id",
                                                                                            "n.id",
                                                                                            "t.id"
                                                                                        ],
                                                                                        "Sort Key": [
                                                                                            "an.person_id"
                                                                                        ],
                                                                                        "Sort Method": "quicksort",
                                                                                        "Sort Space Used": 30,
                                                                                        "Sort Space Type": "Memory",
                                                                                        "Plans": [
                                                                                            {
                                                                                                "Node Type": "Merge Join",
                                                                                                "Parent Relationship": "Outer",
                                                                                                "Parallel Aware": false,
                                                                                                "Join Type": "Inner",
                                                                                                "Startup Cost": 60001947943.52,
                                                                                                "Total Cost": 60001960987.88,
                                                                                                "Plan Rows": 1,
                                                                                                "Plan Width": 32,
                                                                                                "Actual Startup Time": 13077.226,
                                                                                                "Actual Total Time": 13077.26,
                                                                                                "Actual Rows": 66,
                                                                                                "Actual Loops": 1,
                                                                                                "Output": [
                                                                                                    "an.person_id",
                                                                                                    "ci.movie_id",
                                                                                                    "ci.person_id",
                                                                                                    "mc.movie_id",
                                                                                                    "mc.company_id",
                                                                                                    "mi.movie_id",
                                                                                                    "n.id",
                                                                                                    "t.id"
                                                                                                ],
                                                                                                "Inner Unique": false,
                                                                                                "Merge Cond": "(t.id = mc.movie_id)",
                                                                                                "Plans": [
                                                                                                    {
                                                                                                        "Node Type": "Sort",
                                                                                                        "Parent Relationship": "Outer",
                                                                                                        "Parallel Aware": false,
                                                                                                        "Startup Cost": 50001624991.22,
                                                                                                        "Total Cost": 50001624991.23,
                                                                                                        "Plan Rows": 1,
                                                                                                        "Plan Width": 24,
                                                                                                        "Actual Startup Time": 11987.685,
                                                                                                        "Actual Total Time": 11987.705,
                                                                                                        "Actual Rows": 3,
                                                                                                        "Actual Loops": 1,
                                                                                                        "Output": [
                                                                                                            "an.person_id",
                                                                                                            "ci.movie_id",
                                                                                                            "ci.person_id",
                                                                                                            "mi.movie_id",
                                                                                                            "n.id",
                                                                                                            "t.id"
                                                                                                        ],
                                                                                                        "Sort Key": [
                                                                                                            "ci.movie_id"
                                                                                                        ],
                                                                                                        "Sort Method": "quicksort",
                                                                                                        "Sort Space Used": 25,
                                                                                                        "Sort Space Type": "Memory",
                                                                                                        "Plans": [
                                                                                                            {
                                                                                                                "Node Type": "Merge Join",
                                                                                                                "Parent Relationship": "Outer",
                                                                                                                "Parallel Aware": false,
                                                                                                                "Join Type": "Inner",
                                                                                                                "Startup Cost": 50001431541.49,
                                                                                                                "Total Cost": 50001624991.21,
                                                                                                                "Plan Rows": 1,
                                                                                                                "Plan Width": 24,
                                                                                                                "Actual Startup Time": 11987.666,
                                                                                                                "Actual Total Time": 11987.687,
                                                                                                                "Actual Rows": 3,
                                                                                                                "Actual Loops": 1,
                                                                                                                "Output": [
                                                                                                                    "an.person_id",
                                                                                                                    "ci.movie_id",
                                                                                                                    "ci.person_id",
                                                                                                                    "mi.movie_id",
                                                                                                                    "n.id",
                                                                                                                    "t.id"
                                                                                                                ],
                                                                                                                "Inner Unique": true,
                                                                                                                "Merge Cond": "(ci.person_id = n.id)",
                                                                                                                "Plans": [
                                                                                                                    {
                                                                                                                        "Node Type": "Sort",
                                                                                                                        "Parent Relationship": "Outer",
                                                                                                                        "Parallel Aware": false,
                                                                                                                        "Startup Cost": 40001431541.06,
                                                                                                                        "Total Cost": 40001431541.06,
                                                                                                                        "Plan Rows": 1,
                                                                                                                        "Plan Width": 20,
                                                                                                                        "Actual Startup Time": 11394.766,
                                                                                                                        "Actual Total Time": 11394.784,
                                                                                                                        "Actual Rows": 3,
                                                                                                                        "Actual Loops": 1,
                                                                                                                        "Output": [
                                                                                                                            "an.person_id",
                                                                                                                            "ci.movie_id",
                                                                                                                            "ci.person_id",
                                                                                                                            "mi.movie_id",
                                                                                                                            "t.id"
                                                                                                                        ],
                                                                                                                        "Sort Key": [
                                                                                                                            "an.person_id"
                                                                                                                        ],
                                                                                                                        "Sort Method": "quicksort",
                                                                                                                        "Sort Space Used": 25,
                                                                                                                        "Sort Space Type": "Memory",
                                                                                                                        "Plans": [
                                                                                                                            {
                                                                                                                                "Node Type": "Merge Join",
                                                                                                                                "Parent Relationship": "Outer",
                                                                                                                                "Parallel Aware": false,
                                                                                                                                "Join Type": "Inner",
                                                                                                                                "Startup Cost": 40001431528.82,
                                                                                                                                "Total Cost": 40001431541.05,
                                                                                                                                "Plan Rows": 1,
                                                                                                                                "Plan Width": 20,
                                                                                                                                "Actual Startup Time": 11394.754,
                                                                                                                                "Actual Total Time": 11394.775,
                                                                                                                                "Actual Rows": 3,
                                                                                                                                "Actual Loops": 1,
                                                                                                                                "Output": [
                                                                                                                                    "an.person_id",
                                                                                                                                    "ci.movie_id",
                                                                                                                                    "ci.person_id",
                                                                                                                                    "mi.movie_id",
                                                                                                                                    "t.id"
                                                                                                                                ],
                                                                                                                                "Inner Unique": false,
                                                                                                                                "Merge Cond": "(rt.id = ci.role_id)",
                                                                                                                                "Plans": [
                                                                                                                                    {
                                                                                                                                        "Node Type": "Index Scan",
                                                                                                                                        "Parent Relationship": "Outer",
                                                                                                                                        "Parallel Aware": false,
                                                                                                                                        "Scan Direction": "Forward",
                                                                                                                                        "Index Name": "role_type_pkey",
                                                                                                                                        "Relation Name": "role_type",
                                                                                                                                        "Schema": "public",
                                                                                                                                        "Alias": "rt",
                                                                                                                                        "Startup Cost": 0.14,
                                                                                                                                        "Total Cost": 12.35,
                                                                                                                                        "Plan Rows": 1,
                                                                                                                                        "Plan Width": 4,
                                                                                                                                        "Actual Startup Time": 0.024,
                                                                                                                                        "Actual Total Time": 0.028,
                                                                                                                                        "Actual Rows": 1,
                                                                                                                                        "Actual Loops": 1,
                                                                                                                                        "Output": [
                                                                                                                                            "rt.id",
                                                                                                                                            "rt.role"
                                                                                                                                        ],
                                                                                                                                        "Filter": "((rt.role)::text = 'actress'::text)",
                                                                                                                                        "Rows Removed by Filter": 11
                                                                                                                                    },
                                                                                                                                    {
                                                                                                                                        "Node Type": "Sort",
                                                                                                                                        "Parent Relationship": "Inner",
                                                                                                                                        "Parallel Aware": false,
                                                                                                                                        "Startup Cost": 40001431528.68,
                                                                                                                                        "Total Cost": 40001431528.69,
                                                                                                                                        "Plan Rows": 1,
                                                                                                                                        "Plan Width": 24,
                                                                                                                                        "Actual Startup Time": 11394.721,
                                                                                                                                        "Actual Total Time": 11394.736,
                                                                                                                                        "Actual Rows": 3,
                                                                                                                                        "Actual Loops": 1,
                                                                                                                                        "Output": [
                                                                                                                                            "an.person_id",
                                                                                                                                            "ci.movie_id",
                                                                                                                                            "ci.person_id",
                                                                                                                                            "ci.role_id",
                                                                                                                                            "mi.movie_id",
                                                                                                                                            "t.id"
                                                                                                                                        ],
                                                                                                                                        "Sort Key": [
                                                                                                                                            "ci.role_id"
                                                                                                                                        ],
                                                                                                                                        "Sort Method": "quicksort",
                                                                                                                                        "Sort Space Used": 25,
                                                                                                                                        "Sort Space Type": "Memory",
                                                                                                                                        "Plans": [
                                                                                                                                            {
                                                                                                                                                "Node Type": "Merge Join",
                                                                                                                                                "Parent Relationship": "Outer",
                                                                                                                                                "Parallel Aware": false,
                                                                                                                                                "Join Type": "Inner",
                                                                                                                                                "Startup Cost": 40001294962.88,
                                                                                                                                                "Total Cost": 40001431528.67,
                                                                                                                                                "Plan Rows": 1,
                                                                                                                                                "Plan Width": 24,
                                                                                                                                                "Actual Startup Time": 9699.304,
                                                                                                                                                "Actual Total Time": 11394.716,
                                                                                                                                                "Actual Rows": 3,
                                                                                                                                                "Actual Loops": 1,
                                                                                                                                                "Output": [
                                                                                                                                                    "an.person_id",
                                                                                                                                                    "ci.movie_id",
                                                                                                                                                    "ci.person_id",
                                                                                                                                                    "ci.role_id",
                                                                                                                                                    "mi.movie_id",
                                                                                                                                                    "t.id"
                                                                                                                                                ],
                                                                                                                                                "Inner Unique": false,
                                                                                                                                                "Merge Cond": "(chn.id = ci.person_role_id)",
                                                                                                                                                "Plans": [
                                                                                                                                                    {
                                                                                                                                                        "Node Type": "Index Scan",
                                                                                                                                                        "Parent Relationship": "Outer",
                                                                                                                                                        "Parallel Aware": false,
                                                                                                                                                        "Scan Direction": "Forward",
                                                                                                                                                        "Index Name": "char_name_pkey",
                                                                                                                                                        "Relation Name": "char_name",
                                                                                                                                                        "Schema": "public",
                                                                                                                                                        "Alias": "chn",
                                                                                                                                                        "Startup Cost": 0.43,
                                                                                                                                                        "Total Cost": 136566.2,
                                                                                                                                                        "Plan Rows": 1,
                                                                                                                                                        "Plan Width": 4,
                                                                                                                                                        "Actual Startup Time": 83.305,
                                                                                                                                                        "Actual Total Time": 1778.703,
                                                                                                                                                        "Actual Rows": 1,
                                                                                                                                                        "Actual Loops": 1,
                                                                                                                                                        "Output": [
                                                                                                                                                            "chn.id",
                                                                                                                                                            "chn.name",
                                                                                                                                                            "chn.imdb_index",
                                                                                                                                                            "chn.imdb_id",
                                                                                                                                                            "chn.name_pcode_nf",
                                                                                                                                                            "chn.surname_pcode",
                                                                                                                                                            "chn.md5sum"
                                                                                                                                                        ],
                                                                                                                                                        "Filter": "(chn.name = 'Queen'::text)",
                                                                                                                                                        "Rows Removed by Filter": 3140338
                                                                                                                                                    },
                                                                                                                                                    {
                                                                                                                                                        "Node Type": "Sort",
                                                                                                                                                        "Parent Relationship": "Inner",
                                                                                                                                                        "Parallel Aware": false,
                                                                                                                                                        "Startup Cost": 40001294962.45,
                                                                                                                                                        "Total Cost": 40001294962.45,
                                                                                                                                                        "Plan Rows": 1,
                                                                                                                                                        "Plan Width": 28,
                                                                                                                                                        "Actual Startup Time": 9615.983,
                                                                                                                                                        "Actual Total Time": 9615.999,
                                                                                                                                                        "Actual Rows": 73,
                                                                                                                                                        "Actual Loops": 1,
                                                                                                                                                        "Output": [
                                                                                                                                                            "an.person_id",
                                                                                                                                                            "ci.movie_id",
                                                                                                                                                            "ci.person_id",
                                                                                                                                                            "ci.role_id",
                                                                                                                                                            "ci.person_role_id",
                                                                                                                                                            "mi.movie_id",
                                                                                                                                                            "t.id"
                                                                                                                                                        ],
                                                                                                                                                        "Sort Key": [
                                                                                                                                                            "ci.person_role_id"
                                                                                                                                                        ],
                                                                                                                                                        "Sort Method": "quicksort",
                                                                                                                                                        "Sort Space Used": 35,
                                                                                                                                                        "Sort Space Type": "Memory",
                                                                                                                                                        "Plans": [
                                                                                                                                                            {
                                                                                                                                                                "Node Type": "Hash Join",
                                                                                                                                                                "Parent Relationship": "Outer",
                                                                                                                                                                "Parallel Aware": false,
                                                                                                                                                                "Join Type": "Inner",
                                                                                                                                                                "Startup Cost": 40001231105.94,
                                                                                                                                                                "Total Cost": 40001294962.44,
                                                                                                                                                                "Plan Rows": 1,
                                                                                                                                                                "Plan Width": 28,
                                                                                                                                                                "Actual Startup Time": 9358.854,
                                                                                                                                                                "Actual Total Time": 9615.928,
                                                                                                                                                                "Actual Rows": 136,
                                                                                                                                                                "Actual Loops": 1,
                                                                                                                                                                "Output": [
                                                                                                                                                                    "an.person_id",
                                                                                                                                                                    "ci.movie_id",
                                                                                                                                                                    "ci.person_id",
                                                                                                                                                                    "ci.role_id",
                                                                                                                                                                    "ci.person_role_id",
                                                                                                                                                                    "mi.movie_id",
                                                                                                                                                                    "t.id"
                                                                                                                                                                ],
                                                                                                                                                                "Inner Unique": false,
                                                                                                                                                                "Hash Cond": "(mi.info_type_id = it.id)",
                                                                                                                                                                "Plans": [
                                                                                                                                                                    {
                                                                                                                                                                        "Node Type": "Merge Join",
                                                                                                                                                                        "Parent Relationship": "Outer",
                                                                                                                                                                        "Parallel Aware": false,
                                                                                                                                                                        "Join Type": "Inner",
                                                                                                                                                                        "Startup Cost": 30001231103.51,
                                                                                                                                                                        "Total Cost": 30001294959.99,
                                                                                                                                                                        "Plan Rows": 3,
                                                                                                                                                                        "Plan Width": 32,
                                                                                                                                                                        "Actual Startup Time": 9358.785,
                                                                                                                                                                        "Actual Total Time": 9615.817,
                                                                                                                                                                        "Actual Rows": 136,
                                                                                                                                                                        "Actual Loops": 1,
                                                                                                                                                                        "Output": [
                                                                                                                                                                            "an.person_id",
                                                                                                                                                                            "ci.movie_id",
                                                                                                                                                                            "ci.person_id",
                                                                                                                                                                            "ci.role_id",
                                                                                                                                                                            "ci.person_role_id",
                                                                                                                                                                            "mi.movie_id",
                                                                                                                                                                            "mi.info_type_id",
                                                                                                                                                                            "t.id"
                                                                                                                                                                        ],
                                                                                                                                                                        "Inner Unique": false,
                                                                                                                                                                        "Merge Cond": "(an.person_id = ci.person_id)",
                                                                                                                                                                        "Plans": [
                                                                                                                                                                            {
                                                                                                                                                                                "Node Type": "Index Scan",
                                                                                                                                                                                "Parent Relationship": "Outer",
                                                                                                                                                                                "Parallel Aware": false,
                                                                                                                                                                                "Scan Direction": "Forward",
                                                                                                                                                                                "Index Name": "person_id_aka_name",
                                                                                                                                                                                "Relation Name": "aka_name",
                                                                                                                                                                                "Schema": "public",
                                                                                                                                                                                "Alias": "an",
                                                                                                                                                                                "Startup Cost": 0.42,
                                                                                                                                                                                "Total Cost": 72012.16,
                                                                                                                                                                                "Plan Rows": 901343,
                                                                                                                                                                                "Plan Width": 4,
                                                                                                                                                                                "Actual Startup Time": 0.014,
                                                                                                                                                                                "Actual Total Time": 229.53,
                                                                                                                                                                                "Actual Rows": 558417,
                                                                                                                                                                                "Actual Loops": 1,
                                                                                                                                                                                "Output": [
                                                                                                                                                                                    "an.id",
                                                                                                                                                                                    "an.person_id",
                                                                                                                                                                                    "an.name",
                                                                                                                                                                                    "an.imdb_index",
                                                                                                                                                                                    "an.name_pcode_cf",
                                                                                                                                                                                    "an.name_pcode_nf",
                                                                                                                                                                                    "an.surname_pcode",
                                                                                                                                                                                    "an.md5sum"
                                                                                                                                                                                ]
                                                                                                                                                                            },
                                                                                                                                                                            {
                                                                                                                                                                                "Node Type": "Materialize",
                                                                                                                                                                                "Parent Relationship": "Inner",
                                                                                                                                                                                "Parallel Aware": false,
                                                                                                                                                                                "Startup Cost": 30001231103.09,
                                                                                                                                                                                "Total Cost": 30001231103.09,
                                                                                                                                                                                "Plan Rows": 1,
                                                                                                                                                                                "Plan Width": 28,
                                                                                                                                                                                "Actual Startup Time": 9351.841,
                                                                                                                                                                                "Actual Total Time": 9351.889,
                                                                                                                                                                                "Actual Rows": 154,
                                                                                                                                                                                "Actual Loops": 1,
                                                                                                                                                                                "Output": [
                                                                                                                                                                                    "ci.movie_id",
                                                                                                                                                                                    "ci.person_id",
                                                                                                                                                                                    "ci.role_id",
                                                                                                                                                                                    "ci.person_role_id",
                                                                                                                                                                                    "mi.movie_id",
                                                                                                                                                                                    "mi.info_type_id",
                                                                                                                                                                                    "t.id"
                                                                                                                                                                                ],
                                                                                                                                                                                "Plans": [
                                                                                                                                                                                    {
                                                                                                                                                                                        "Node Type": "Sort",
                                                                                                                                                                                        "Parent Relationship": "Outer",
                                                                                                                                                                                        "Parallel Aware": false,
                                                                                                                                                                                        "Startup Cost": 30001231103.09,
                                                                                                                                                                                        "Total Cost": 30001231103.09,
                                                                                                                                                                                        "Plan Rows": 1,
                                                                                                                                                                                        "Plan Width": 28,
                                                                                                                                                                                        "Actual Startup Time": 9351.836,
                                                                                                                                                                                        "Actual Total Time": 9351.863,
                                                                                                                                                                                        "Actual Rows": 66,
                                                                                                                                                                                        "Actual Loops": 1,
                                                                                                                                                                                        "Output": [
                                                                                                                                                                                            "ci.movie_id",
                                                                                                                                                                                            "ci.person_id",
                                                                                                                                                                                            "ci.role_id",
                                                                                                                                                                                            "ci.person_role_id",
                                                                                                                                                                                            "mi.movie_id",
                                                                                                                                                                                            "mi.info_type_id",
                                                                                                                                                                                            "t.id"
                                                                                                                                                                                        ],
                                                                                                                                                                                        "Sort Key": [
                                                                                                                                                                                            "ci.person_id"
                                                                                                                                                                                        ],
                                                                                                                                                                                        "Sort Method": "quicksort",
                                                                                                                                                                                        "Sort Space Used": 30,
                                                                                                                                                                                        "Sort Space Type": "Memory",
                                                                                                                                                                                        "Plans": [
                                                                                                                                                                                            {
                                                                                                                                                                                                "Node Type": "Hash Join",
                                                                                                                                                                                                "Parent Relationship": "Outer",
                                                                                                                                                                                                "Parallel Aware": false,
                                                                                                                                                                                                "Join Type": "Inner",
                                                                                                                                                                                                "Startup Cost": 30000476940.48,
                                                                                                                                                                                                "Total Cost": 30001231103.08,
                                                                                                                                                                                                "Plan Rows": 1,
                                                                                                                                                                                                "Plan Width": 28,
                                                                                                                                                                                                "Actual Startup Time": 4311.628,
                                                                                                                                                                                                "Actual Total Time": 9351.708,
                                                                                                                                                                                                "Actual Rows": 66,
                                                                                                                                                                                                "Actual Loops": 1,
                                                                                                                                                                                                "Output": [
                                                                                                                                                                                                    "ci.movie_id",
                                                                                                                                                                                                    "ci.person_id",
                                                                                                                                                                                                    "ci.role_id",
                                                                                                                                                                                                    "ci.person_role_id",
                                                                                                                                                                                                    "mi.movie_id",
                                                                                                                                                                                                    "mi.info_type_id",
                                                                                                                                                                                                    "t.id"
                                                                                                                                                                                                ],
                                                                                                                                                                                                "Inner Unique": false,
                                                                                                                                                                                                "Hash Cond": "(ci.movie_id = t.id)",
                                                                                                                                                                                                "Plans": [
                                                                                                                                                                                                    {
                                                                                                                                                                                                        "Node Type": "Seq Scan",
                                                                                                                                                                                                        "Parent Relationship": "Outer",
                                                                                                                                                                                                        "Parallel Aware": false,
                                                                                                                                                                                                        "Relation Name": "cast_info",
                                                                                                                                                                                                        "Schema": "public",
                                                                                                                                                                                                        "Alias": "ci",
                                                                                                                                                                                                        "Startup Cost": 10000000000.0,
                                                                                                                                                                                                        "Total Cost": 10000751162.67,
                                                                                                                                                                                                        "Plan Rows": 799978,
                                                                                                                                                                                                        "Plan Width": 16,
                                                                                                                                                                                                        "Actual Startup Time": 0.034,
                                                                                                                                                                                                        "Actual Total Time": 4999.356,
                                                                                                                                                                                                        "Actual Rows": 836701,
                                                                                                                                                                                                        "Actual Loops": 1,
                                                                                                                                                                                                        "Output": [
                                                                                                                                                                                                            "ci.id",
                                                                                                                                                                                                            "ci.person_id",
                                                                                                                                                                                                            "ci.movie_id",
                                                                                                                                                                                                            "ci.person_role_id",
                                                                                                                                                                                                            "ci.note",
                                                                                                                                                                                                            "ci.nr_order",
                                                                                                                                                                                                            "ci.role_id"
                                                                                                                                                                                                        ],
                                                                                                                                                                                                        "Filter": "(ci.note = ANY ('{(voice),\"(voice) (uncredited)\",\"(voice: English version)\"}'::text[]))",
                                                                                                                                                                                                        "Rows Removed by Filter": 35407643
                                                                                                                                                                                                    },
                                                                                                                                                                                                    {
                                                                                                                                                                                                        "Node Type": "Hash",
                                                                                                                                                                                                        "Parent Relationship": "Inner",
                                                                                                                                                                                                        "Parallel Aware": false,
                                                                                                                                                                                                        "Startup Cost": 20000476940.45,
                                                                                                                                                                                                        "Total Cost": 20000476940.45,
                                                                                                                                                                                                        "Plan Rows": 2,
                                                                                                                                                                                                        "Plan Width": 12,
                                                                                                                                                                                                        "Actual Startup Time": 4303.053,
                                                                                                                                                                                                        "Actual Total Time": 4303.057,
                                                                                                                                                                                                        "Actual Rows": 3,
                                                                                                                                                                                                        "Actual Loops": 1,
                                                                                                                                                                                                        "Output": [
                                                                                                                                                                                                            "mi.movie_id",
                                                                                                                                                                                                            "mi.info_type_id",
                                                                                                                                                                                                            "t.id"
                                                                                                                                                                                                        ],
                                                                                                                                                                                                        "Hash Buckets": 1024,
                                                                                                                                                                                                        "Original Hash Buckets": 1024,
                                                                                                                                                                                                        "Hash Batches": 1,
                                                                                                                                                                                                        "Original Hash Batches": 1,
                                                                                                                                                                                                        "Peak Memory Usage": 9,
                                                                                                                                                                                                        "Plans": [
                                                                                                                                                                                                            {
                                                                                                                                                                                                                "Node Type": "Hash Join",
                                                                                                                                                                                                                "Parent Relationship": "Outer",
                                                                                                                                                                                                                "Parallel Aware": false,
                                                                                                                                                                                                                "Join Type": "Inner",
                                                                                                                                                                                                                "Startup Cost": 20000129304.63,
                                                                                                                                                                                                                "Total Cost": 20000476940.45,
                                                                                                                                                                                                                "Plan Rows": 2,
                                                                                                                                                                                                                "Plan Width": 12,
                                                                                                                                                                                                                "Actual Startup Time": 2146.034,
                                                                                                                                                                                                                "Actual Total Time": 4303.047,
                                                                                                                                                                                                                "Actual Rows": 3,
                                                                                                                                                                                                                "Actual Loops": 1,
                                                                                                                                                                                                                "Output": [
                                                                                                                                                                                                                    "mi.movie_id",
                                                                                                                                                                                                                    "mi.info_type_id",
                                                                                                                                                                                                                    "t.id"
                                                                                                                                                                                                                ],
                                                                                                                                                                                                                "Inner Unique": true,
                                                                                                                                                                                                                "Hash Cond": "(mi.movie_id = t.id)",
                                                                                                                                                                                                                "Plans": [
                                                                                                                                                                                                                    {
                                                                                                                                                                                                                        "Node Type": "Seq Scan",
                                                                                                                                                                                                                        "Parent Relationship": "Outer",
                                                                                                                                                                                                                        "Parallel Aware": false,
                                                                                                                                                                                                                        "Relation Name": "movie_info",
                                                                                                                                                                                                                        "Schema": "public",
                                                                                                                                                                                                                        "Alias": "mi",
                                                                                                                                                                                                                        "Startup Cost": 10000000000.0,
                                                                                                                                                                                                                        "Total Cost": 10000346431.69,
                                                                                                                                                                                                                        "Plan Rows": 458720,
                                                                                                                                                                                                                        "Plan Width": 8,
                                                                                                                                                                                                                        "Actual Startup Time": 310.613,
                                                                                                                                                                                                                        "Actual Total Time": 2846.941,
                                                                                                                                                                                                                        "Actual Rows": 387683,
                                                                                                                                                                                                                        "Actual Loops": 1,
                                                                                                                                                                                                                        "Output": [
                                                                                                                                                                                                                            "mi.id",
                                                                                                                                                                                                                            "mi.movie_id",
                                                                                                                                                                                                                            "mi.info_type_id",
                                                                                                                                                                                                                            "mi.info",
                                                                                                                                                                                                                            "mi.note"
                                                                                                                                                                                                                        ],
                                                                                                                                                                                                                        "Filter": "(mi.info ~~ 'USA:%200%'::text)",
                                                                                                                                                                                                                        "Rows Removed by Filter": 14448037
                                                                                                                                                                                                                    },
                                                                                                                                                                                                                    {
                                                                                                                                                                                                                        "Node Type": "Hash",
                                                                                                                                                                                                                        "Parent Relationship": "Inner",
                                                                                                                                                                                                                        "Parallel Aware": false,
                                                                                                                                                                                                                        "Startup Cost": 10000129304.51,
                                                                                                                                                                                                                        "Total Cost": 10000129304.51,
                                                                                                                                                                                                                        "Plan Rows": 9,
                                                                                                                                                                                                                        "Plan Width": 4,
                                                                                                                                                                                                                        "Actual Startup Time": 1433.781,
                                                                                                                                                                                                                        "Actual Total Time": 1433.782,
                                                                                                                                                                                                                        "Actual Rows": 3,
                                                                                                                                                                                                                        "Actual Loops": 1,
                                                                                                                                                                                                                        "Output": [
                                                                                                                                                                                                                            "t.id"
                                                                                                                                                                                                                        ],
                                                                                                                                                                                                                        "Hash Buckets": 1024,
                                                                                                                                                                                                                        "Original Hash Buckets": 1024,
                                                                                                                                                                                                                        "Hash Batches": 1,
                                                                                                                                                                                                                        "Original Hash Batches": 1,
                                                                                                                                                                                                                        "Peak Memory Usage": 9,
                                                                                                                                                                                                                        "Plans": [
                                                                                                                                                                                                                            {
                                                                                                                                                                                                                                "Node Type": "Index Scan",
                                                                                                                                                                                                                                "Parent Relationship": "Outer",
                                                                                                                                                                                                                                "Parallel Aware": false,
                                                                                                                                                                                                                                "Scan Direction": "Forward",
                                                                                                                                                                                                                                "Index Name": "title_pkey",
                                                                                                                                                                                                                                "Relation Name": "title",
                                                                                                                                                                                                                                "Schema": "public",
                                                                                                                                                                                                                                "Alias": "t",
                                                                                                                                                                                                                                "Startup Cost": 10000000000.43,
                                                                                                                                                                                                                                "Total Cost": 10000129304.51,
                                                                                                                                                                                                                                "Plan Rows": 9,
                                                                                                                                                                                                                                "Plan Width": 4,
                                                                                                                                                                                                                                "Actual Startup Time": 33.646,
                                                                                                                                                                                                                                "Actual Total Time": 1433.766,
                                                                                                                                                                                                                                "Actual Rows": 3,
                                                                                                                                                                                                                                "Actual Loops": 1,
                                                                                                                                                                                                                                "Output": [
                                                                                                                                                                                                                                    "t.id"
                                                                                                                                                                                                                                ],
                                                                                                                                                                                                                                "Filter": "((t.production_year >= 1994) AND (t.production_year <= 2011) AND (t.title = 'Shrek 2'::text))",
                                                                                                                                                                                                                                "Rows Removed by Filter": 2528309
                                                                                                                                                                                                                            }
                                                                                                                                                                                                                        ]
                                                                                                                                                                                                                    }
                                                                                                                                                                                                                ]
                                                                                                                                                                                                            }
                                                                                                                                                                                                        ]
                                                                                                                                                                                                    }
                                                                                                                                                                                                ]
                                                                                                                                                                                            }
                                                                                                                                                                                        ]
                                                                                                                                                                                    }
                                                                                                                                                                                ]
                                                                                                                                                                            }
                                                                                                                                                                        ]
                                                                                                                                                                    },
                                                                                                                                                                    {
                                                                                                                                                                        "Node Type": "Hash",
                                                                                                                                                                        "Parent Relationship": "Inner",
                                                                                                                                                                        "Parallel Aware": false,
                                                                                                                                                                        "Startup Cost": 10000000002.41,
                                                                                                                                                                        "Total Cost": 10000000002.41,
                                                                                                                                                                        "Plan Rows": 1,
                                                                                                                                                                        "Plan Width": 4,
                                                                                                                                                                        "Actual Startup Time": 0.05,
                                                                                                                                                                        "Actual Total Time": 0.051,
                                                                                                                                                                        "Actual Rows": 1,
                                                                                                                                                                        "Actual Loops": 1,
                                                                                                                                                                        "Output": [
                                                                                                                                                                            "it.id"
                                                                                                                                                                        ],
                                                                                                                                                                        "Hash Buckets": 1024,
                                                                                                                                                                        "Original Hash Buckets": 1024,
                                                                                                                                                                        "Hash Batches": 1,
                                                                                                                                                                        "Original Hash Batches": 1,
                                                                                                                                                                        "Peak Memory Usage": 9,
                                                                                                                                                                        "Plans": [
                                                                                                                                                                            {
                                                                                                                                                                                "Node Type": "Seq Scan",
                                                                                                                                                                                "Parent Relationship": "Outer",
                                                                                                                                                                                "Parallel Aware": false,
                                                                                                                                                                                "Relation Name": "info_type",
                                                                                                                                                                                "Schema": "public",
                                                                                                                                                                                "Alias": "it",
                                                                                                                                                                                "Startup Cost": 10000000000.0,
                                                                                                                                                                                "Total Cost": 10000000002.41,
                                                                                                                                                                                "Plan Rows": 1,
                                                                                                                                                                                "Plan Width": 4,
                                                                                                                                                                                "Actual Startup Time": 0.041,
                                                                                                                                                                                "Actual Total Time": 0.046,
                                                                                                                                                                                "Actual Rows": 1,
                                                                                                                                                                                "Actual Loops": 1,
                                                                                                                                                                                "Output": [
                                                                                                                                                                                    "it.id"
                                                                                                                                                                                ],
                                                                                                                                                                                "Filter": "((it.info)::text = 'release dates'::text)",
                                                                                                                                                                                "Rows Removed by Filter": 112
                                                                                                                                                                            }
                                                                                                                                                                        ]
                                                                                                                                                                    }
                                                                                                                                                                ]
                                                                                                                                                            }
                                                                                                                                                        ]
                                                                                                                                                    }
                                                                                                                                                ]
                                                                                                                                            }
                                                                                                                                        ]
                                                                                                                                    }
                                                                                                                                ]
                                                                                                                            }
                                                                                                                        ]
                                                                                                                    },
                                                                                                                    {
                                                                                                                        "Node Type": "Index Scan",
                                                                                                                        "Parent Relationship": "Inner",
                                                                                                                        "Parallel Aware": false,
                                                                                                                        "Scan Direction": "Forward",
                                                                                                                        "Index Name": "name_pkey",
                                                                                                                        "Relation Name": "name",
                                                                                                                        "Schema": "public",
                                                                                                                        "Alias": "n",
                                                                                                                        "Startup Cost": 10000000000.43,
                                                                                                                        "Total Cost": 10000199011.55,
                                                                                                                        "Plan Rows": 37808,
                                                                                                                        "Plan Width": 4,
                                                                                                                        "Actual Startup Time": 584.013,
                                                                                                                        "Actual Total Time": 592.674,
                                                                                                                        "Actual Rows": 4355,
                                                                                                                        "Actual Loops": 1,
                                                                                                                        "Output": [
                                                                                                                            "n.id",
                                                                                                                            "n.name",
                                                                                                                            "n.imdb_index",
                                                                                                                            "n.imdb_id",
                                                                                                                            "n.gender",
                                                                                                                            "n.name_pcode_cf",
                                                                                                                            "n.name_pcode_nf",
                                                                                                                            "n.surname_pcode",
                                                                                                                            "n.md5sum"
                                                                                                                        ],
                                                                                                                        "Filter": "((n.name ~~ '%An%'::text) AND ((n.gender)::text = 'f'::text))",
                                                                                                                        "Rows Removed by Filter": 1759588
                                                                                                                    }
                                                                                                                ]
                                                                                                            }
                                                                                                        ]
                                                                                                    },
                                                                                                    {
                                                                                                        "Node Type": "Sort",
                                                                                                        "Parent Relationship": "Inner",
                                                                                                        "Parallel Aware": false,
                                                                                                        "Startup Cost": 10000322951.0,
                                                                                                        "Total Cost": 10000329473.82,
                                                                                                        "Plan Rows": 2609129,
                                                                                                        "Plan Width": 8,
                                                                                                        "Actual Startup Time": 905.338,
                                                                                                        "Actual Total Time": 981.677,
                                                                                                        "Actual Rows": 2122686,
                                                                                                        "Actual Loops": 1,
                                                                                                        "Output": [
                                                                                                            "mc.movie_id",
                                                                                                            "mc.company_id"
                                                                                                        ],
                                                                                                        "Sort Key": [
                                                                                                            "mc.movie_id"
                                                                                                        ],
                                                                                                        "Sort Method": "quicksort",
                                                                                                        "Sort Space Used": 220607,
                                                                                                        "Sort Space Type": "Memory",
                                                                                                        "Plans": [
                                                                                                            {
                                                                                                                "Node Type": "Seq Scan",
                                                                                                                "Parent Relationship": "Outer",
                                                                                                                "Parallel Aware": false,
                                                                                                                "Relation Name": "movie_companies",
                                                                                                                "Schema": "public",
                                                                                                                "Alias": "mc",
                                                                                                                "Startup Cost": 10000000000.0,
                                                                                                                "Total Cost": 10000044881.29,
                                                                                                                "Plan Rows": 2609129,
                                                                                                                "Plan Width": 8,
                                                                                                                "Actual Startup Time": 0.035,
                                                                                                                "Actual Total Time": 400.105,
                                                                                                                "Actual Rows": 2609129,
                                                                                                                "Actual Loops": 1,
                                                                                                                "Output": [
                                                                                                                    "mc.movie_id",
                                                                                                                    "mc.company_id"
                                                                                                                ]
                                                                                                            }
                                                                                                        ]
                                                                                                    }
                                                                                                ]
                                                                                            }
                                                                                        ]
                                                                                    }
                                                                                ]
                                                                            },
                                                                            {
                                                                                "Node Type": "Bitmap Heap Scan",
                                                                                "Parent Relationship": "Inner",
                                                                                "Parallel Aware": false,
                                                                                "Relation Name": "complete_cast",
                                                                                "Schema": "public",
                                                                                "Alias": "cc",
                                                                                "Startup Cost": 0.44,
                                                                                "Total Cost": 4.46,
                                                                                "Plan Rows": 2,
                                                                                "Plan Width": 12,
                                                                                "Actual Startup Time": 0.003,
                                                                                "Actual Total Time": 0.003,
                                                                                "Actual Rows": 1,
                                                                                "Actual Loops": 10758,
                                                                                "Output": [
                                                                                    "cc.id",
                                                                                    "cc.movie_id",
                                                                                    "cc.subject_id",
                                                                                    "cc.status_id"
                                                                                ],
                                                                                "Recheck Cond": "(cc.movie_id = mc.movie_id)",
                                                                                "Rows Removed by Index Recheck": 0,
                                                                                "Exact Heap Blocks": 10758,
                                                                                "Lossy Heap Blocks": 0,
                                                                                "Plans": [
                                                                                    {
                                                                                        "Node Type": "Bitmap Index Scan",
                                                                                        "Parent Relationship": "Outer",
                                                                                        "Parallel Aware": false,
                                                                                        "Index Name": "movie_id_complete_cast",
                                                                                        "Startup Cost": 0.0,
                                                                                        "Total Cost": 0.44,
                                                                                        "Plan Rows": 2,
                                                                                        "Plan Width": 0,
                                                                                        "Actual Startup Time": 0.002,
                                                                                        "Actual Total Time": 0.002,
                                                                                        "Actual Rows": 1,
                                                                                        "Actual Loops": 10758,
                                                                                        "Index Cond": "(cc.movie_id = mc.movie_id)"
                                                                                    }
                                                                                ]
                                                                            }
                                                                        ]
                                                                    },
                                                                    {
                                                                        "Node Type": "Bitmap Heap Scan",
                                                                        "Parent Relationship": "Inner",
                                                                        "Parallel Aware": false,
                                                                        "Relation Name": "comp_cast_type",
                                                                        "Schema": "public",
                                                                        "Alias": "cct1",
                                                                        "Startup Cost": 0.14,
                                                                        "Total Cost": 4.15,
                                                                        "Plan Rows": 1,
                                                                        "Plan Width": 4,
                                                                        "Actual Startup Time": 0.002,
                                                                        "Actual Total Time": 0.002,
                                                                        "Actual Rows": 1,
                                                                        "Actual Loops": 10758,
                                                                        "Output": [
                                                                            "cct1.id",
                                                                            "cct1.kind"
                                                                        ],
                                                                        "Recheck Cond": "(cct1.id = cc.subject_id)",
                                                                        "Rows Removed by Index Recheck": 0,
                                                                        "Filter": "((cct1.kind)::text = 'cast'::text)",
                                                                        "Rows Removed by Filter": 0,
                                                                        "Exact Heap Blocks": 10758,
                                                                        "Lossy Heap Blocks": 0,
                                                                        "Plans": [
                                                                            {
                                                                                "Node Type": "Bitmap Index Scan",
                                                                                "Parent Relationship": "Outer",
                                                                                "Parallel Aware": false,
                                                                                "Index Name": "comp_cast_type_pkey",
                                                                                "Startup Cost": 0.0,
                                                                                "Total Cost": 0.14,
                                                                                "Plan Rows": 1,
                                                                                "Plan Width": 0,
                                                                                "Actual Startup Time": 0.001,
                                                                                "Actual Total Time": 0.001,
                                                                                "Actual Rows": 1,
                                                                                "Actual Loops": 10758,
                                                                                "Index Cond": "(cct1.id = cc.subject_id)"
                                                                            }
                                                                        ]
                                                                    }
                                                                ]
                                                            },
                                                            {
                                                                "Node Type": "Bitmap Heap Scan",
                                                                "Parent Relationship": "Inner",
                                                                "Parallel Aware": false,
                                                                "Relation Name": "movie_keyword",
                                                                "Schema": "public",
                                                                "Alias": "mk",
                                                                "Startup Cost": 0.82,
                                                                "Total Cost": 5.4,
                                                                "Plan Rows": 46,
                                                                "Plan Width": 8,
                                                                "Actual Startup Time": 0.006,
                                                                "Actual Total Time": 0.019,
                                                                "Actual Rows": 108,
                                                                "Actual Loops": 10758,
                                                                "Output": [
                                                                    "mk.id",
                                                                    "mk.movie_id",
                                                                    "mk.keyword_id"
                                                                ],
                                                                "Recheck Cond": "(mk.movie_id = mc.movie_id)",
                                                                "Rows Removed by Index Recheck": 0,
                                                                "Exact Heap Blocks": 10758,
                                                                "Lossy Heap Blocks": 0,
                                                                "Plans": [
                                                                    {
                                                                        "Node Type": "Bitmap Index Scan",
                                                                        "Parent Relationship": "Outer",
                                                                        "Parallel Aware": false,
                                                                        "Index Name": "movie_id_movie_keyword",
                                                                        "Startup Cost": 0.0,
                                                                        "Total Cost": 0.81,
                                                                        "Plan Rows": 46,
                                                                        "Plan Width": 0,
                                                                        "Actual Startup Time": 0.004,
                                                                        "Actual Total Time": 0.004,
                                                                        "Actual Rows": 108,
                                                                        "Actual Loops": 10758,
                                                                        "Index Cond": "(mk.movie_id = mc.movie_id)"
                                                                    }
                                                                ]
                                                            }
                                                        ]
                                                    },
                                                    {
                                                        "Node Type": "Bitmap Heap Scan",
                                                        "Parent Relationship": "Inner",
                                                        "Parallel Aware": false,
                                                        "Relation Name": "keyword",
                                                        "Schema": "public",
                                                        "Alias": "k",
                                                        "Startup Cost": 0.43,
                                                        "Total Cost": 4.44,
                                                        "Plan Rows": 1,
                                                        "Plan Width": 4,
                                                        "Actual Startup Time": 0.003,
                                                        "Actual Total Time": 0.003,
                                                        "Actual Rows": 0,
                                                        "Actual Loops": 1161864,
                                                        "Output": [
                                                            "k.id",
                                                            "k.keyword",
                                                            "k.phonetic_code"
                                                        ],
                                                        "Recheck Cond": "(k.id = mk.keyword_id)",
                                                        "Rows Removed by Index Recheck": 0,
                                                        "Filter": "(k.keyword = 'computer-animation'::text)",
                                                        "Rows Removed by Filter": 1,
                                                        "Exact Heap Blocks": 1161864,
                                                        "Lossy Heap Blocks": 0,
                                                        "Plans": [
                                                            {
                                                                "Node Type": "Bitmap Index Scan",
                                                                "Parent Relationship": "Outer",
                                                                "Parallel Aware": false,
                                                                "Index Name": "keyword_pkey",
                                                                "Startup Cost": 0.0,
                                                                "Total Cost": 0.43,
                                                                "Plan Rows": 1,
                                                                "Plan Width": 0,
                                                                "Actual Startup Time": 0.002,
                                                                "Actual Total Time": 0.002,
                                                                "Actual Rows": 1,
                                                                "Actual Loops": 1161864,
                                                                "Index Cond": "(k.id = mk.keyword_id)"
                                                            }
                                                        ]
                                                    }
                                                ]
                                            },
                                            {
                                                "Node Type": "Hash",
                                                "Parent Relationship": "Inner",
                                                "Parallel Aware": false,
                                                "Startup Cost": 12454.44,
                                                "Total Cost": 12454.44,
                                                "Plan Rows": 84301,
                                                "Plan Width": 4,
                                                "Actual Startup Time": 150.972,
                                                "Actual Total Time": 150.973,
                                                "Actual Rows": 84843,
                                                "Actual Loops": 1,
                                                "Output": [
                                                    "cn.id"
                                                ],
                                                "Hash Buckets": 131072,
                                                "Original Hash Buckets": 131072,
                                                "Hash Batches": 1,
                                                "Original Hash Batches": 1,
                                                "Peak Memory Usage": 4007,
                                                "Plans": [
                                                    {
                                                        "Node Type": "Index Scan",
                                                        "Parent Relationship": "Outer",
                                                        "Parallel Aware": false,
                                                        "Scan Direction": "Forward",
                                                        "Index Name": "company_name_pkey",
                                                        "Relation Name": "company_name",
                                                        "Schema": "public",
                                                        "Alias": "cn",
                                                        "Startup Cost": 0.42,
                                                        "Total Cost": 12454.44,
                                                        "Plan Rows": 84301,
                                                        "Plan Width": 4,
                                                        "Actual Startup Time": 0.085,
                                                        "Actual Total Time": 133.126,
                                                        "Actual Rows": 84843,
                                                        "Actual Loops": 1,
                                                        "Output": [
                                                            "cn.id"
                                                        ],
                                                        "Filter": "((cn.country_code)::text = '[us]'::text)",
                                                        "Rows Removed by Filter": 150154
                                                    }
                                                ]
                                            }
                                        ]
                                    },
                                    {
                                        "Node Type": "Index Scan",
                                        "Parent Relationship": "Inner",
                                        "Parallel Aware": false,
                                        "Scan Direction": "Forward",
                                        "Index Name": "info_type_pkey",
                                        "Relation Name": "info_type",
                                        "Schema": "public",
                                        "Alias": "it3",
                                        "Startup Cost": 0.14,
                                        "Total Cost": 0.16,
                                        "Plan Rows": 1,
                                        "Plan Width": 4,
                                        "Actual Startup Time": 0.001,
                                        "Actual Total Time": 0.001,
                                        "Actual Rows": 0,
                                        "Actual Loops": 2445,
                                        "Output": [
                                            "it3.id",
                                            "it3.info"
                                        ],
                                        "Index Cond": "(it3.id = pi.info_type_id)",
                                        "Rows Removed by Index Recheck": 0,
                                        "Filter": "((it3.info)::text = 'height'::text)",
                                        "Rows Removed by Filter": 1
                                    }
                                ]
                            }
                        ]
                    }
                ]
            }
        ]
    },
    "Planning Time": 2427.649,
    "Triggers": [],
    "Execution Time": 20595.96
}