[
    {
        "Bao": {
            "Bao prediction": "NaN",
            "Bao recommended hint": "(no hint)"
        }
    },
    {
        "Plan": {
            "Node Type": "Aggregate",
            "Strategy": "Plain",
            "Partial Mode": "Finalize",
            "Parallel Aware": false,
            "Startup Cost": 219650.91,
            "Total Cost": 219650.92,
            "Plan Rows": 1,
            "Plan Width": 8,
            "Actual Startup Time": 134.467,
            "Actual Total Time": 142.735,
            "Actual Rows": 1,
            "Actual Loops": 1,
            "Output": [
                "count(*)"
            ],
            "Plans": [
                {
                    "Node Type": "Gather",
                    "Parent Relationship": "Outer",
                    "Parallel Aware": false,
                    "Startup Cost": 219650.39,
                    "Total Cost": 219650.9,
                    "Plan Rows": 5,
                    "Plan Width": 8,
                    "Actual Startup Time": 134.013,
                    "Actual Total Time": 142.73,
                    "Actual Rows": 6,
                    "Actual Loops": 1,
                    "Output": [
                        "(PARTIAL count(*))"
                    ],
                    "Workers Planned": 5,
                    "Workers Launched": 5,
                    "Single Copy": false,
                    "Plans": [
                        {
                            "Node Type": "Aggregate",
                            "Strategy": "Plain",
                            "Partial Mode": "Partial",
                            "Parent Relationship": "Outer",
                            "Parallel Aware": false,
                            "Startup Cost": 218650.39,
                            "Total Cost": 218650.4,
                            "Plan Rows": 1,
                            "Plan Width": 8,
                            "Actual Startup Time": 123.674,
                            "Actual Total Time": 123.677,
                            "Actual Rows": 1,
                            "Actual Loops": 6,
                            "Output": [
                                "PARTIAL count(*)"
                            ],
                            "Workers": [
                                {
                                    "Worker Number": 0,
                                    "Actual Startup Time": 120.992,
                                    "Actual Total Time": 120.995,
                                    "Actual Rows": 1,
                                    "Actual Loops": 1
                                },
                                {
                                    "Worker Number": 1,
                                    "Actual Startup Time": 121.499,
                                    "Actual Total Time": 121.502,
                                    "Actual Rows": 1,
                                    "Actual Loops": 1
                                },
                                {
                                    "Worker Number": 2,
                                    "Actual Startup Time": 121.559,
                                    "Actual Total Time": 121.562,
                                    "Actual Rows": 1,
                                    "Actual Loops": 1
                                },
                                {
                                    "Worker Number": 3,
                                    "Actual Startup Time": 121.956,
                                    "Actual Total Time": 121.959,
                                    "Actual Rows": 1,
                                    "Actual Loops": 1
                                },
                                {
                                    "Worker Number": 4,
                                    "Actual Startup Time": 122.404,
                                    "Actual Total Time": 122.408,
                                    "Actual Rows": 1,
                                    "Actual Loops": 1
                                }
                            ],
                            "Plans": [
                                {
                                    "Node Type": "Hash Join",
                                    "Parent Relationship": "Outer",
                                    "Parallel Aware": true,
                                    "Join Type": "Inner",
                                    "Startup Cost": 55077.17,
                                    "Total Cost": 218645.32,
                                    "Plan Rows": 2030,
                                    "Plan Width": 0,
                                    "Actual Startup Time": 116.865,
                                    "Actual Total Time": 123.652,
                                    "Actual Rows": 276,
                                    "Actual Loops": 6,
                                    "Inner Unique": true,
                                    "Hash Cond": "(mi.movie_id = t.id)",
                                    "Workers": [
                                        {
                                            "Worker Number": 0,
                                            "Actual Startup Time": 117.049,
                                            "Actual Total Time": 120.969,
                                            "Actual Rows": 187,
                                            "Actual Loops": 1
                                        },
                                        {
                                            "Worker Number": 1,
                                            "Actual Startup Time": 118.219,
                                            "Actual Total Time": 121.476,
                                            "Actual Rows": 193,
                                            "Actual Loops": 1
                                        },
                                        {
                                            "Worker Number": 2,
                                            "Actual Startup Time": 110.458,
                                            "Actual Total Time": 121.535,
                                            "Actual Rows": 276,
                                            "Actual Loops": 1
                                        },
                                        {
                                            "Worker Number": 3,
                                            "Actual Startup Time": 118.578,
                                            "Actual Total Time": 121.933,
                                            "Actual Rows": 363,
                                            "Actual Loops": 1
                                        },
                                        {
                                            "Worker Number": 4,
                                            "Actual Startup Time": 116.406,
                                            "Actual Total Time": 122.385,
                                            "Actual Rows": 268,
                                            "Actual Loops": 1
                                        }
                                    ],
                                    "Plans": [
                                        {
                                            "Node Type": "Bitmap Heap Scan",
                                            "Parent Relationship": "Outer",
                                            "Parallel Aware": true,
                                            "Relation Name": "movie_info",
                                            "Schema": "public",
                                            "Alias": "mi",
                                            "Startup Cost": 9443.95,
                                            "Total Cost": 172738.72,
                                            "Plan Rows": 104142,
                                            "Plan Width": 4,
                                            "Actual Startup Time": 17.324,
                                            "Actual Total Time": 34.6,
                                            "Actual Rows": 90561,
                                            "Actual Loops": 6,
                                            "Output": [
                                                "mi.id",
                                                "mi.movie_id",
                                                "mi.info_type_id",
                                                "mi.info",
                                                "mi.note"
                                            ],
                                            "Recheck Cond": "(mi.info_type_id > 98)",
                                            "Rows Removed by Index Recheck": 0,
                                            "Exact Heap Blocks": 1670,
                                            "Lossy Heap Blocks": 0,
                                            "Workers": [
                                                {
                                                    "Worker Number": 0,
                                                    "Actual Startup Time": 17.339,
                                                    "Actual Total Time": 34.636,
                                                    "Actual Rows": 68935,
                                                    "Actual Loops": 1
                                                },
                                                {
                                                    "Worker Number": 1,
                                                    "Actual Startup Time": 17.34,
                                                    "Actual Total Time": 34.989,
                                                    "Actual Rows": 73756,
                                                    "Actual Loops": 1
                                                },
                                                {
                                                    "Worker Number": 2,
                                                    "Actual Startup Time": 17.479,
                                                    "Actual Total Time": 34.564,
                                                    "Actual Rows": 81115,
                                                    "Actual Loops": 1
                                                },
                                                {
                                                    "Worker Number": 3,
                                                    "Actual Startup Time": 17.328,
                                                    "Actual Total Time": 34.81,
                                                    "Actual Rows": 91644,
                                                    "Actual Loops": 1
                                                },
                                                {
                                                    "Worker Number": 4,
                                                    "Actual Startup Time": 17.267,
                                                    "Actual Total Time": 34.779,
                                                    "Actual Rows": 91803,
                                                    "Actual Loops": 1
                                                }
                                            ],
                                            "Plans": [
                                                {
                                                    "Node Type": "Bitmap Index Scan",
                                                    "Parent Relationship": "Outer",
                                                    "Parallel Aware": false,
                                                    "Index Name": "info_type_id_movie_info",
                                                    "Startup Cost": 0.0,
                                                    "Total Cost": 9313.77,
                                                    "Plan Rows": 520711,
                                                    "Plan Width": 0,
                                                    "Actual Startup Time": 16.418,
                                                    "Actual Total Time": 16.419,
                                                    "Actual Rows": 543367,
                                                    "Actual Loops": 1,
                                                    "Index Cond": "(mi.info_type_id > 98)"
                                                }
                                            ]
                                        },
                                        {
                                            "Node Type": "Hash",
                                            "Parent Relationship": "Inner",
                                            "Parallel Aware": true,
                                            "Startup Cost": 45479.21,
                                            "Total Cost": 45479.21,
                                            "Plan Rows": 12321,
                                            "Plan Width": 4,
                                            "Actual Startup Time": 77.478,
                                            "Actual Total Time": 77.479,
                                            "Actual Rows": 7554,
                                            "Actual Loops": 6,
                                            "Output": [
                                                "t.id"
                                            ],
                                            "Hash Buckets": 65536,
                                            "Original Hash Buckets": 65536,
                                            "Hash Batches": 1,
                                            "Original Hash Batches": 1,
                                            "Peak Memory Usage": 2368,
                                            "Workers": [
                                                {
                                                    "Worker Number": 0,
                                                    "Actual Startup Time": 74.836,
                                                    "Actual Total Time": 74.837,
                                                    "Actual Rows": 4393,
                                                    "Actual Loops": 1
                                                },
                                                {
                                                    "Worker Number": 1,
                                                    "Actual Startup Time": 75.355,
                                                    "Actual Total Time": 75.355,
                                                    "Actual Rows": 4525,
                                                    "Actual Loops": 1
                                                },
                                                {
                                                    "Worker Number": 2,
                                                    "Actual Startup Time": 75.349,
                                                    "Actual Total Time": 75.35,
                                                    "Actual Rows": 5509,
                                                    "Actual Loops": 1
                                                },
                                                {
                                                    "Worker Number": 3,
                                                    "Actual Startup Time": 75.808,
                                                    "Actual Total Time": 75.809,
                                                    "Actual Rows": 6298,
                                                    "Actual Loops": 1
                                                },
                                                {
                                                    "Worker Number": 4,
                                                    "Actual Startup Time": 76.262,
                                                    "Actual Total Time": 76.263,
                                                    "Actual Rows": 6345,
                                                    "Actual Loops": 1
                                                }
                                            ],
                                            "Plans": [
                                                {
                                                    "Node Type": "Seq Scan",
                                                    "Parent Relationship": "Outer",
                                                    "Parallel Aware": true,
                                                    "Relation Name": "title",
                                                    "Schema": "public",
                                                    "Alias": "t",
                                                    "Startup Cost": 0.0,
                                                    "Total Cost": 45479.21,
                                                    "Plan Rows": 12321,
                                                    "Plan Width": 4,
                                                    "Actual Startup Time": 0.075,
                                                    "Actual Total Time": 73.738,
                                                    "Actual Rows": 7554,
                                                    "Actual Loops": 6,
                                                    "Output": [
                                                        "t.id"
                                                    ],
                                                    "Filter": "((t.kind_id > 1) AND (t.production_year > 2012))",
                                                    "Rows Removed by Filter": 413832,
                                                    "Workers": [
                                                        {
                                                            "Worker Number": 0,
                                                            "Actual Startup Time": 0.071,
                                                            "Actual Total Time": 71.404,
                                                            "Actual Rows": 4393,
                                                            "Actual Loops": 1
                                                        },
                                                        {
                                                            "Worker Number": 1,
                                                            "Actual Startup Time": 0.06,
                                                            "Actual Total Time": 71.493,
                                                            "Actual Rows": 4525,
                                                            "Actual Loops": 1
                                                        },
                                                        {
                                                            "Worker Number": 2,
                                                            "Actual Startup Time": 0.069,
                                                            "Actual Total Time": 71.742,
                                                            "Actual Rows": 5509,
                                                            "Actual Loops": 1
                                                        },
                                                        {
                                                            "Worker Number": 3,
                                                            "Actual Startup Time": 0.144,
                                                            "Actual Total Time": 72.392,
                                                            "Actual Rows": 6298,
                                                            "Actual Loops": 1
                                                        },
                                                        {
                                                            "Worker Number": 4,
                                                            "Actual Startup Time": 0.074,
                                                            "Actual Total Time": 72.863,
                                                            "Actual Rows": 6345,
                                                            "Actual Loops": 1
                                                        }
                                                    ]
                                                }
                                            ]
                                        }
                                    ]
                                }
                            ]
                        }
                    ]
                }
            ]
        },
        "Planning Time": 186.57,
        "Triggers": [],
        "Execution Time": 142.801
    }
]