{
  "Plan": {
    "Node Type": "Aggregate",
    "Strategy": "Plain",
    "Partial Mode": "Finalize",
    "Parallel Aware": false,
    "Startup Cost": 458764.19,
    "Total Cost": 458764.2,
    "Plan Rows": 1,
    "Plan Width": 32,
    "Actual Startup Time": 1801.594,
    "Actual Total Time": 1845.085,
    "Actual Rows": 1,
    "Actual Loops": 1,
    "Plans": [
      {
        "Node Type": "Gather",
        "Parent Relationship": "Outer",
        "Parallel Aware": false,
        "Startup Cost": 458764.08,
        "Total Cost": 458764.19,
        "Plan Rows": 1,
        "Plan Width": 32,
        "Actual Startup Time": 1801.439,
        "Actual Total Time": 1845.075,
        "Actual Rows": 2,
        "Actual Loops": 1,
        "Workers Planned": 1,
        "Workers Launched": 1,
        "Single Copy": false,
        "Plans": [
          {
            "Node Type": "Aggregate",
            "Strategy": "Plain",
            "Partial Mode": "Partial",
            "Parent Relationship": "Outer",
            "Parallel Aware": false,
            "Startup Cost": 457764.08,
            "Total Cost": 457764.09,
            "Plan Rows": 1,
            "Plan Width": 32,
            "Actual Startup Time": 1794.873,
            "Actual Total Time": 1794.881,
            "Actual Rows": 1,
            "Actual Loops": 2,
            "Plans": [
              {
                "Node Type": "Hash Join",
                "Parent Relationship": "Outer",
                "Parallel Aware": true,
                "Join Type": "Inner",
                "Startup Cost": 120533.87,
                "Total Cost": 457764.06,
                "Plan Rows": 6,
                "Plan Width": 17,
                "Actual Startup Time": 577.895,
                "Actual Total Time": 1794.838,
                "Actual Rows": 103,
                "Actual Loops": 2,
                "Inner Unique": false,
                "Hash Cond": "(mi.movie_id = t.id)",
                "Plans": [
                  {
                    "Node Type": "Seq Scan",
                    "Parent Relationship": "Outer",
                    "Parallel Aware": true,
                    "Relation Name": "movie_info",
                    "Alias": "mi",
                    "Startup Cost": 0.0,
                    "Total Cost": 336916.6,
                    "Plan Rows": 83616,
                    "Plan Width": 4,
                    "Actual Startup Time": 0.605,
                    "Actual Total Time": 1230.689,
                    "Actual Rows": 76948,
                    "Actual Loops": 2,
                    "Filter": "(info = ANY ('{Sweden,Norway,Germany,Denmark,Swedish,Denish,Norwegian,German}'::text[]))",
                    "Rows Removed by Filter": 7340912
                  },
                  {
                    "Node Type": "Hash",
                    "Parent Relationship": "Inner",
                    "Parallel Aware": true,
                    "Startup Cost": 120532.57,
                    "Total Cost": 120532.57,
                    "Plan Rows": 104,
                    "Plan Width": 25,
                    "Actual Startup Time": 555.696,
                    "Actual Total Time": 555.702,
                    "Actual Rows": 1118,
                    "Actual Loops": 2,
                    "Hash Buckets": 2048,
                    "Original Hash Buckets": 1024,
                    "Hash Batches": 1,
                    "Original Hash Batches": 1,
                    "Peak Memory Usage": 216,
                    "Plans": [
                      {
                        "Node Type": "Hash Join",
                        "Parent Relationship": "Outer",
                        "Parallel Aware": true,
                        "Join Type": "Inner",
                        "Startup Cost": 60680.57,
                        "Total Cost": 120532.57,
                        "Plan Rows": 104,
                        "Plan Width": 25,
                        "Actual Startup Time": 404.725,
                        "Actual Total Time": 549.332,
                        "Actual Rows": 1118,
                        "Actual Loops": 2,
                        "Inner Unique": false,
                        "Hash Cond": "(t.id = mk.movie_id)",
                        "Plans": [
                          {
                            "Node Type": "Seq Scan",
                            "Parent Relationship": "Outer",
                            "Parallel Aware": true,
                            "Relation Name": "title",
                            "Alias": "t",
                            "Startup Cost": 0.0,
                            "Total Cost": 54589.98,
                            "Plan Rows": 601305,
                            "Plan Width": 21,
                            "Actual Startup Time": 0.009,
                            "Actual Total Time": 130.901,
                            "Actual Rows": 506460,
                            "Actual Loops": 2,
                            "Filter": "(production_year > 2005)",
                            "Rows Removed by Filter": 757696
                          },
                          {
                            "Node Type": "Hash",
                            "Parent Relationship": "Inner",
                            "Parallel Aware": true,
                            "Startup Cost": 60677.34,
                            "Total Cost": 60677.34,
                            "Plan Rows": 258,
                            "Plan Width": 4,
                            "Actual Startup Time": 372.155,
                            "Actual Total Time": 372.159,
                            "Actual Rows": 6476,
                            "Actual Loops": 2,
                            "Hash Buckets": 16384,
                            "Original Hash Buckets": 1024,
                            "Hash Batches": 1,
                            "Original Hash Batches": 1,
                            "Peak Memory Usage": 792,
                            "Plans": [
                              {
                                "Node Type": "Hash Join",
                                "Parent Relationship": "Outer",
                                "Parallel Aware": false,
                                "Join Type": "Inner",
                                "Startup Cost": 2626.29,
                                "Total Cost": 60677.34,
                                "Plan Rows": 258,
                                "Plan Width": 4,
                                "Actual Startup Time": 33.923,
                                "Actual Total Time": 336.107,
                                "Actual Rows": 6476,
                                "Actual Loops": 2,
                                "Inner Unique": true,
                                "Hash Cond": "(mk.keyword_id = k.id)",
                                "Plans": [
                                  {
                                    "Node Type": "Seq Scan",
                                    "Parent Relationship": "Outer",
                                    "Parallel Aware": true,
                                    "Relation Name": "movie_keyword",
                                    "Alias": "mk",
                                    "Startup Cost": 0.0,
                                    "Total Cost": 51065.35,
                                    "Plan Rows": 2661135,
                                    "Plan Width": 8,
                                    "Actual Startup Time": 0.031,
                                    "Actual Total Time": 156.119,
                                    "Actual Rows": 2261965,
                                    "Actual Loops": 2
                                  },
                                  {
                                    "Node Type": "Hash",
                                    "Parent Relationship": "Inner",
                                    "Parallel Aware": false,
                                    "Startup Cost": 2626.12,
                                    "Total Cost": 2626.12,
                                    "Plan Rows": 13,
                                    "Plan Width": 4,
                                    "Actual Startup Time": 33.561,
                                    "Actual Total Time": 33.562,
                                    "Actual Rows": 30,
                                    "Actual Loops": 2,
                                    "Hash Buckets": 1024,
                                    "Original Hash Buckets": 1024,
                                    "Hash Batches": 1,
                                    "Original Hash Batches": 1,
                                    "Peak Memory Usage": 10,
                                    "Plans": [
                                      {
                                        "Node Type": "Seq Scan",
                                        "Parent Relationship": "Outer",
                                        "Parallel Aware": false,
                                        "Relation Name": "keyword",
                                        "Alias": "k",
                                        "Startup Cost": 0.0,
                                        "Total Cost": 2626.12,
                                        "Plan Rows": 13,
                                        "Plan Width": 4,
                                        "Actual Startup Time": 2.998,
                                        "Actual Total Time": 33.518,
                                        "Actual Rows": 30,
                                        "Actual Loops": 2,
                                        "Filter": "(keyword ~~ '%sequel%'::text)",
                                        "Rows Removed by Filter": 134140
                                      }
                                    ]
                                  }
                                ]
                              }
                            ]
                          }
                        ]
                      }
                    ]
                  }
                ]
              }
            ]
          }
        ]
      }
    ]
  },
  "Planning Time": 1.011,
  "Triggers": [],
  "Execution Time": 1845.195
}