{
  "Plan": {
    "Node Type": "Aggregate",
    "Strategy": "Plain",
    "Partial Mode": "Finalize",
    "Parallel Aware": false,
    "Startup Cost": 106228.6,
    "Total Cost": 106228.61,
    "Plan Rows": 1,
    "Plan Width": 8,
    "Actual Startup Time": 420.968,
    "Actual Total Time": 449.143,
    "Actual Rows": 1,
    "Actual Loops": 1,
    "Plans": [
      {
        "Node Type": "Gather",
        "Parent Relationship": "Outer",
        "Parallel Aware": false,
        "Startup Cost": 106228.49,
        "Total Cost": 106228.6,
        "Plan Rows": 1,
        "Plan Width": 8,
        "Actual Startup Time": 420.409,
        "Actual Total Time": 449.135,
        "Actual Rows": 2,
        "Actual Loops": 1,
        "Workers Planned": 1,
        "Workers Launched": 1,
        "Single Copy": false,
        "Plans": [
          {
            "Node Type": "Aggregate",
            "Strategy": "Plain",
            "Partial Mode": "Partial",
            "Parent Relationship": "Outer",
            "Parallel Aware": false,
            "Startup Cost": 105228.49,
            "Total Cost": 105228.5,
            "Plan Rows": 1,
            "Plan Width": 8,
            "Actual Startup Time": 416.879,
            "Actual Total Time": 416.884,
            "Actual Rows": 1,
            "Actual Loops": 2,
            "Plans": [
              {
                "Node Type": "Nested Loop",
                "Parent Relationship": "Outer",
                "Parallel Aware": false,
                "Join Type": "Inner",
                "Startup Cost": 23716.26,
                "Total Cost": 105131.0,
                "Plan Rows": 38995,
                "Plan Width": 0,
                "Actual Startup Time": 172.258,
                "Actual Total Time": 408.97,
                "Actual Rows": 162590,
                "Actual Loops": 2,
                "Inner Unique": false,
                "Plans": [
                  {
                    "Node Type": "Hash Join",
                    "Parent Relationship": "Outer",
                    "Parallel Aware": true,
                    "Join Type": "Inner",
                    "Startup Cost": 23715.83,
                    "Total Cost": 79781.3,
                    "Plan Rows": 6669,
                    "Plan Width": 8,
                    "Actual Startup Time": 172.174,
                    "Actual Total Time": 227.778,
                    "Actual Rows": 12344,
                    "Actual Loops": 2,
                    "Inner Unique": false,
                    "Hash Cond": "(t.id = mc.movie_id)",
                    "Plans": [
                      {
                        "Node Type": "Seq Scan",
                        "Parent Relationship": "Outer",
                        "Parallel Aware": true,
                        "Relation Name": "title",
                        "Alias": "t",
                        "Startup Cost": 0.0,
                        "Total Cost": 54588.39,
                        "Plan Rows": 230056,
                        "Plan Width": 4,
                        "Actual Startup Time": 0.011,
                        "Actual Total Time": 119.668,
                        "Actual Rows": 195833,
                        "Actual Loops": 2,
                        "Filter": "(production_year > 2010)",
                        "Rows Removed by Filter": 1068323
                      },
                      {
                        "Node Type": "Hash",
                        "Parent Relationship": "Inner",
                        "Parallel Aware": true,
                        "Startup Cost": 23176.94,
                        "Total Cost": 23176.94,
                        "Plan Rows": 43111,
                        "Plan Width": 4,
                        "Actual Startup Time": 64.918,
                        "Actual Total Time": 64.919,
                        "Actual Rows": 70477,
                        "Actual Loops": 2,
                        "Hash Buckets": 262144,
                        "Original Hash Buckets": 131072,
                        "Hash Batches": 1,
                        "Original Hash Batches": 1,
                        "Peak Memory Usage": 8608,
                        "Plans": [
                          {
                            "Node Type": "Bitmap Heap Scan",
                            "Parent Relationship": "Outer",
                            "Parallel Aware": true,
                            "Relation Name": "movie_companies",
                            "Alias": "mc",
                            "Startup Cost": 3113.32,
                            "Total Cost": 23176.94,
                            "Plan Rows": 43111,
                            "Plan Width": 4,
                            "Actual Startup Time": 16.34,
                            "Actual Total Time": 43.326,
                            "Actual Rows": 70477,
                            "Actual Loops": 2,
                            "Recheck Cond": "(company_id > 135926)",
                            "Rows Removed by Index Recheck": 0,
                            "Filter": "(company_type_id = 2)",
                            "Rows Removed by Filter": 0,
                            "Exact Heap Blocks": 2760,
                            "Lossy Heap Blocks": 0,
                            "Plans": [
                              {
                                "Node Type": "Bitmap Index Scan",
                                "Parent Relationship": "Outer",
                                "Parallel Aware": false,
                                "Index Name": "company_id_movie_companies",
                                "Startup Cost": 0.0,
                                "Total Cost": 3095.0,
                                "Plan Rows": 144343,
                                "Plan Width": 0,
                                "Actual Startup Time": 16.264,
                                "Actual Total Time": 16.265,
                                "Actual Rows": 140954,
                                "Actual Loops": 1,
                                "Index Cond": "(company_id > 135926)"
                              }
                            ]
                          }
                        ]
                      }
                    ]
                  },
                  {
                    "Node Type": "Index Only Scan",
                    "Parent Relationship": "Inner",
                    "Parallel Aware": false,
                    "Scan Direction": "Forward",
                    "Index Name": "movie_id_movie_info",
                    "Relation Name": "movie_info",
                    "Alias": "mi",
                    "Startup Cost": 0.43,
                    "Total Cost": 3.38,
                    "Plan Rows": 42,
                    "Plan Width": 4,
                    "Actual Startup Time": 0.005,
                    "Actual Total Time": 0.013,
                    "Actual Rows": 13,
                    "Actual Loops": 24689,
                    "Index Cond": "(movie_id = t.id)",
                    "Rows Removed by Index Recheck": 0,
                    "Heap Fetches": 325180
                  }
                ]
              }
            ]
          }
        ]
      }
    ]
  },
  "Planning Time": 0.84,
  "Triggers": [],
  "Execution Time": 449.239
}