[
  {
    "Plan": {
      "Node Type": "Aggregate",
      "Strategy": "Plain",
      "Partial Mode": "Finalize",
      "Parallel Aware": false,
      "Startup Cost": 310388.87,
      "Total Cost": 310388.88,
      "Plan Rows": 1,
      "Plan Width": 8,
      "Actual Startup Time": 1039.069,
      "Actual Total Time": 1083.985,
      "Actual Rows": 1,
      "Actual Loops": 1,
      "Plans": [
        {
          "Node Type": "Gather",
          "Parent Relationship": "Outer",
          "Parallel Aware": false,
          "Startup Cost": 310388.35,
          "Total Cost": 310388.86,
          "Plan Rows": 5,
          "Plan Width": 8,
          "Actual Startup Time": 1021.482,
          "Actual Total Time": 1083.974,
          "Actual Rows": 6,
          "Actual Loops": 1,
          "Workers Planned": 5,
          "Workers Launched": 5,
          "Single Copy": false,
          "Plans": [
            {
              "Node Type": "Aggregate",
              "Strategy": "Plain",
              "Partial Mode": "Partial",
              "Parent Relationship": "Outer",
              "Parallel Aware": false,
              "Startup Cost": 309388.35,
              "Total Cost": 309388.36,
              "Plan Rows": 1,
              "Plan Width": 8,
              "Actual Startup Time": 1010.277,
              "Actual Total Time": 1010.724,
              "Actual Rows": 1,
              "Actual Loops": 6,
              "Plans": [
                {
                  "Node Type": "Hash Join",
                  "Parent Relationship": "Outer",
                  "Parallel Aware": true,
                  "Join Type": "Inner",
                  "Startup Cost": 101846.88,
                  "Total Cost": 307948.42,
                  "Plan Rows": 575971,
                  "Plan Width": 0,
                  "Actual Startup Time": 428.678,
                  "Actual Total Time": 987.098,
                  "Actual Rows": 579734,
                  "Actual Loops": 6,
                  "Inner Unique": false,
                  "Hash Cond": "(mi.movie_id = t.id)",
                  "Plans": [
                    {
                      "Node Type": "Seq Scan",
                      "Parent Relationship": "Outer",
                      "Parallel Aware": true,
                      "Relation Name": "movie_info",
                      "Alias": "mi",
                      "Startup Cost": 0.0,
                      "Total Cost": 198952.16,
                      "Plan Rows": 1522520,
                      "Plan Width": 4,
                      "Actual Startup Time": 15.986,
                      "Actual Total Time": 309.371,
                      "Actual Rows": 1258142,
                      "Actual Loops": 6,
                      "Filter": "(info_type_id > 7)",
                      "Rows Removed by Filter": 1214478
                    },
                    {
                      "Node Type": "Hash",
                      "Parent Relationship": "Inner",
                      "Parallel Aware": true,
                      "Startup Cost": 98857.95,
                      "Total Cost": 98857.95,
                      "Plan Rows": 239114,
                      "Plan Width": 8,
                      "Actual Startup Time": 408.885,
                      "Actual Total Time": 409.33,
                      "Actual Rows": 113002,
                      "Actual Loops": 6,
                      "Hash Buckets": 1048576,
                      "Original Hash Buckets": 1048576,
                      "Hash Batches": 1,
                      "Original Hash Batches": 1,
                      "Peak Memory Usage": 34816,
                      "Plans": [
                        {
                          "Node Type": "Hash Join",
                          "Parent Relationship": "Outer",
                          "Parallel Aware": true,
                          "Join Type": "Inner",
                          "Startup Cost": 50241.11,
                          "Total Cost": 98857.95,
                          "Plan Rows": 239114,
                          "Plan Width": 8,
                          "Actual Startup Time": 235.389,
                          "Actual Total Time": 365.896,
                          "Actual Rows": 113002,
                          "Actual Loops": 6,
                          "Inner Unique": true,
                          "Hash Cond": "(ci.movie_id = t.id)",
                          "Plans": [
                            {
                              "Node Type": "Index Scan",
                              "Parent Relationship": "Outer",
                              "Parallel Aware": true,
                              "Scan Direction": "Forward",
                              "Index Name": "role_id_cast_info",
                              "Relation Name": "cast_info",
                              "Alias": "ci",
                              "Startup Cost": 0.56,
                              "Total Cost": 47835.41,
                              "Plan Rows": 297908,
                              "Plan Width": 4,
                              "Actual Startup Time": 0.252,
                              "Actual Total Time": 51.745,
                              "Actual Rows": 145853,
                              "Actual Loops": 6,
                              "Index Cond": "(role_id = 8)",
                              "Rows Removed by Index Recheck": 0,
                              "Filter": "(person_id < 2611853)",
                              "Rows Removed by Filter": 138071
                            },
                            {
                              "Node Type": "Hash",
                              "Parent Relationship": "Inner",
                              "Parallel Aware": true,
                              "Startup Cost": 43898.92,
                              "Total Cost": 43898.92,
                              "Plan Rows": 507330,
                              "Plan Width": 4,
                              "Actual Startup Time": 231.909,
                              "Actual Total Time": 231.911,
                              "Actual Rows": 336450,
                              "Actual Loops": 6,
                              "Hash Buckets": 2097152,
                              "Original Hash Buckets": 2097152,
                              "Hash Batches": 1,
                              "Original Hash Batches": 1,
                              "Peak Memory Usage": 95424,
                              "Plans": [
                                {
                                  "Node Type": "Seq Scan",
                                  "Parent Relationship": "Outer",
                                  "Parallel Aware": true,
                                  "Relation Name": "title",
                                  "Alias": "t",
                                  "Startup Cost": 0.0,
                                  "Total Cost": 43898.92,
                                  "Plan Rows": 507330,
                                  "Plan Width": 4,
                                  "Actual Startup Time": 0.045,
                                  "Actual Total Time": 87.903,
                                  "Actual Rows": 336450,
                                  "Actual Loops": 6,
                                  "Filter": "(production_year > 1974)",
                                  "Rows Removed by Filter": 84935
                                }
                              ]
                            }
                          ]
                        }
                      ]
                    }
                  ]
                }
              ]
            }
          ]
        }
      ]
    },
    "Planning Time": 1.257,
    "Triggers": [],
    "Execution Time": 1084.078
  }
]