[
    {
        "Bao": {
            "Bao prediction": 590.49,
            "Bao recommended hint": "(no hint)"
        }
    },
    {
        "Plan": {
            "Node Type": "Aggregate",
            "Strategy": "Plain",
            "Partial Mode": "Simple",
            "Parallel Aware": false,
            "Startup Cost": 18436.92,
            "Total Cost": 18436.93,
            "Plan Rows": 1,
            "Plan Width": 96,
            "Actual Startup Time": 1041.0,
            "Actual Total Time": 1150.872,
            "Actual Rows": 1,
            "Actual Loops": 1,
            "Output": [
                "min(mi.info)",
                "min(mi_idx.info)",
                "min(t.title)"
            ],
            "Plans": [
                {
                    "Node Type": "Gather",
                    "Parent Relationship": "Outer",
                    "Parallel Aware": false,
                    "Startup Cost": 1006.71,
                    "Total Cost": 18436.91,
                    "Plan Rows": 1,
                    "Plan Width": 65,
                    "Actual Startup Time": 28.278,
                    "Actual Total Time": 1148.219,
                    "Actual Rows": 8268,
                    "Actual Loops": 1,
                    "Output": [
                        "mi.info",
                        "mi_idx.info",
                        "t.title"
                    ],
                    "Workers Planned": 2,
                    "Workers Launched": 2,
                    "Single Copy": false,
                    "Plans": [
                        {
                            "Node Type": "Nested Loop",
                            "Parent Relationship": "Outer",
                            "Parallel Aware": false,
                            "Join Type": "Inner",
                            "Startup Cost": 6.71,
                            "Total Cost": 17436.81,
                            "Plan Rows": 1,
                            "Plan Width": 65,
                            "Actual Startup Time": 25.885,
                            "Actual Total Time": 1027.53,
                            "Actual Rows": 2756,
                            "Actual Loops": 3,
                            "Output": [
                                "mi.info",
                                "mi_idx.info",
                                "t.title"
                            ],
                            "Inner Unique": true,
                            "Workers": [
                                {
                                    "Worker Number": 0,
                                    "Actual Startup Time": 26.275,
                                    "Actual Total Time": 1023.886,
                                    "Actual Rows": 2540,
                                    "Actual Loops": 1
                                },
                                {
                                    "Worker Number": 1,
                                    "Actual Startup Time": 24.845,
                                    "Actual Total Time": 1024.312,
                                    "Actual Rows": 3315,
                                    "Actual Loops": 1
                                }
                            ],
                            "Plans": [
                                {
                                    "Node Type": "Nested Loop",
                                    "Parent Relationship": "Outer",
                                    "Parallel Aware": false,
                                    "Join Type": "Inner",
                                    "Startup Cost": 6.28,
                                    "Total Cost": 17436.3,
                                    "Plan Rows": 1,
                                    "Plan Width": 69,
                                    "Actual Startup Time": 25.574,
                                    "Actual Total Time": 969.009,
                                    "Actual Rows": 4234,
                                    "Actual Loops": 3,
                                    "Output": [
                                        "ci.person_id",
                                        "mi.info",
                                        "mi_idx.info",
                                        "t.title"
                                    ],
                                    "Inner Unique": false,
                                    "Workers": [
                                        {
                                            "Worker Number": 0,
                                            "Actual Startup Time": 26.078,
                                            "Actual Total Time": 967.927,
                                            "Actual Rows": 3918,
                                            "Actual Loops": 1
                                        },
                                        {
                                            "Worker Number": 1,
                                            "Actual Startup Time": 24.725,
                                            "Actual Total Time": 959.372,
                                            "Actual Rows": 4905,
                                            "Actual Loops": 1
                                        }
                                    ],
                                    "Plans": [
                                        {
                                            "Node Type": "Hash Join",
                                            "Parent Relationship": "Outer",
                                            "Parallel Aware": false,
                                            "Join Type": "Inner",
                                            "Startup Cost": 5.72,
                                            "Total Cost": 17432.61,
                                            "Plan Rows": 1,
                                            "Plan Width": 77,
                                            "Actual Startup Time": 16.99,
                                            "Actual Total Time": 774.875,
                                            "Actual Rows": 728,
                                            "Actual Loops": 3,
                                            "Output": [
                                                "mi.info",
                                                "mi.movie_id",
                                                "mi_idx.info",
                                                "mi_idx.movie_id",
                                                "t.title",
                                                "t.id"
                                            ],
                                            "Inner Unique": true,
                                            "Hash Cond": "(mi.info_type_id = it1.id)",
                                            "Workers": [
                                                {
                                                    "Worker Number": 0,
                                                    "Actual Startup Time": 17.982,
                                                    "Actual Total Time": 780.326,
                                                    "Actual Rows": 706,
                                                    "Actual Loops": 1
                                                },
                                                {
                                                    "Worker Number": 1,
                                                    "Actual Startup Time": 24.551,
                                                    "Actual Total Time": 762.803,
                                                    "Actual Rows": 727,
                                                    "Actual Loops": 1
                                                }
                                            ],
                                            "Plans": [
                                                {
                                                    "Node Type": "Nested Loop",
                                                    "Parent Relationship": "Outer",
                                                    "Parallel Aware": false,
                                                    "Join Type": "Inner",
                                                    "Startup Cost": 3.29,
                                                    "Total Cost": 17430.1,
                                                    "Plan Rows": 33,
                                                    "Plan Width": 81,
                                                    "Actual Startup Time": 16.549,
                                                    "Actual Total Time": 773.821,
                                                    "Actual Rows": 740,
                                                    "Actual Loops": 3,
                                                    "Output": [
                                                        "mi_idx.info",
                                                        "mi_idx.movie_id",
                                                        "mi.info",
                                                        "mi.movie_id",
                                                        "mi.info_type_id",
                                                        "t.title",
                                                        "t.id"
                                                    ],
                                                    "Inner Unique": false,
                                                    "Workers": [
                                                        {
                                                            "Worker Number": 0,
                                                            "Actual Startup Time": 17.404,
                                                            "Actual Total Time": 779.154,
                                                            "Actual Rows": 718,
                                                            "Actual Loops": 1
                                                        },
                                                        {
                                                            "Worker Number": 1,
                                                            "Actual Startup Time": 24.004,
                                                            "Actual Total Time": 761.661,
                                                            "Actual Rows": 742,
                                                            "Actual Loops": 1
                                                        }
                                                    ],
                                                    "Plans": [
                                                        {
                                                            "Node Type": "Nested Loop",
                                                            "Parent Relationship": "Outer",
                                                            "Parallel Aware": false,
                                                            "Join Type": "Inner",
                                                            "Startup Cost": 2.86,
                                                            "Total Cost": 16653.95,
                                                            "Plan Rows": 306,
                                                            "Plan Width": 30,
                                                            "Actual Startup Time": 0.947,
                                                            "Actual Total Time": 371.9,
                                                            "Actual Rows": 19884,
                                                            "Actual Loops": 3,
                                                            "Output": [
                                                                "mi_idx.info",
                                                                "mi_idx.movie_id",
                                                                "t.title",
                                                                "t.id"
                                                            ],
                                                            "Inner Unique": true,
                                                            "Workers": [
                                                                {
                                                                    "Worker Number": 0,
                                                                    "Actual Startup Time": 0.708,
                                                                    "Actual Total Time": 373.479,
                                                                    "Actual Rows": 19358,
                                                                    "Actual Loops": 1
                                                                },
                                                                {
                                                                    "Worker Number": 1,
                                                                    "Actual Startup Time": 1.329,
                                                                    "Actual Total Time": 366.923,
                                                                    "Actual Rows": 19758,
                                                                    "Actual Loops": 1
                                                                }
                                                            ],
                                                            "Plans": [
                                                                {
                                                                    "Node Type": "Hash Join",
                                                                    "Parent Relationship": "Outer",
                                                                    "Parallel Aware": false,
                                                                    "Join Type": "Inner",
                                                                    "Startup Cost": 2.43,
                                                                    "Total Cost": 15475.38,
                                                                    "Plan Rows": 1138,
                                                                    "Plan Width": 9,
                                                                    "Actual Startup Time": 0.161,
                                                                    "Actual Total Time": 102.886,
                                                                    "Actual Rows": 64971,
                                                                    "Actual Loops": 3,
                                                                    "Output": [
                                                                        "mi_idx.info",
                                                                        "mi_idx.movie_id"
                                                                    ],
                                                                    "Inner Unique": true,
                                                                    "Hash Cond": "(mi_idx.info_type_id = it2.id)",
                                                                    "Workers": [
                                                                        {
                                                                            "Worker Number": 0,
                                                                            "Actual Startup Time": 0.182,
                                                                            "Actual Total Time": 101.314,
                                                                            "Actual Rows": 62557,
                                                                            "Actual Loops": 1
                                                                        },
                                                                        {
                                                                            "Worker Number": 1,
                                                                            "Actual Startup Time": 0.165,
                                                                            "Actual Total Time": 102.853,
                                                                            "Actual Rows": 65768,
                                                                            "Actual Loops": 1
                                                                        }
                                                                    ],
                                                                    "Plans": [
                                                                        {
                                                                            "Node Type": "Seq Scan",
                                                                            "Parent Relationship": "Outer",
                                                                            "Parallel Aware": true,
                                                                            "Relation Name": "movie_info_idx",
                                                                            "Schema": "public",
                                                                            "Alias": "mi_idx",
                                                                            "Startup Cost": 0.0,
                                                                            "Total Cost": 15122.68,
                                                                            "Plan Rows": 128615,
                                                                            "Plan Width": 13,
                                                                            "Actual Startup Time": 0.054,
                                                                            "Actual Total Time": 77.734,
                                                                            "Actual Rows": 102756,
                                                                            "Actual Loops": 3,
                                                                            "Output": [
                                                                                "mi_idx.id",
                                                                                "mi_idx.movie_id",
                                                                                "mi_idx.info_type_id",
                                                                                "mi_idx.info",
                                                                                "mi_idx.note"
                                                                            ],
                                                                            "Filter": "(mi_idx.info > '6.5'::text)",
                                                                            "Rows Removed by Filter": 357256,
                                                                            "Workers": [
                                                                                {
                                                                                    "Worker Number": 0,
                                                                                    "Actual Startup Time": 0.072,
                                                                                    "Actual Total Time": 76.409,
                                                                                    "Actual Rows": 99000,
                                                                                    "Actual Loops": 1
                                                                                },
                                                                                {
                                                                                    "Worker Number": 1,
                                                                                    "Actual Startup Time": 0.068,
                                                                                    "Actual Total Time": 77.807,
                                                                                    "Actual Rows": 103922,
                                                                                    "Actual Loops": 1
                                                                                }
                                                                            ]
                                                                        },
                                                                        {
                                                                            "Node Type": "Hash",
                                                                            "Parent Relationship": "Inner",
                                                                            "Parallel Aware": false,
                                                                            "Startup Cost": 2.41,
                                                                            "Total Cost": 2.41,
                                                                            "Plan Rows": 1,
                                                                            "Plan Width": 4,
                                                                            "Actual Startup Time": 0.049,
                                                                            "Actual Total Time": 0.05,
                                                                            "Actual Rows": 1,
                                                                            "Actual Loops": 3,
                                                                            "Output": [
                                                                                "it2.id"
                                                                            ],
                                                                            "Hash Buckets": 1024,
                                                                            "Original Hash Buckets": 1024,
                                                                            "Hash Batches": 1,
                                                                            "Original Hash Batches": 1,
                                                                            "Peak Memory Usage": 9,
                                                                            "Workers": [
                                                                                {
                                                                                    "Worker Number": 0,
                                                                                    "Actual Startup Time": 0.049,
                                                                                    "Actual Total Time": 0.051,
                                                                                    "Actual Rows": 1,
                                                                                    "Actual Loops": 1
                                                                                },
                                                                                {
                                                                                    "Worker Number": 1,
                                                                                    "Actual Startup Time": 0.049,
                                                                                    "Actual Total Time": 0.05,
                                                                                    "Actual Rows": 1,
                                                                                    "Actual Loops": 1
                                                                                }
                                                                            ],
                                                                            "Plans": [
                                                                                {
                                                                                    "Node Type": "Seq Scan",
                                                                                    "Parent Relationship": "Outer",
                                                                                    "Parallel Aware": false,
                                                                                    "Relation Name": "info_type",
                                                                                    "Schema": "public",
                                                                                    "Alias": "it2",
                                                                                    "Startup Cost": 0.0,
                                                                                    "Total Cost": 2.41,
                                                                                    "Plan Rows": 1,
                                                                                    "Plan Width": 4,
                                                                                    "Actual Startup Time": 0.03,
                                                                                    "Actual Total Time": 0.035,
                                                                                    "Actual Rows": 1,
                                                                                    "Actual Loops": 3,
                                                                                    "Output": [
                                                                                        "it2.id"
                                                                                    ],
                                                                                    "Filter": "((it2.info)::text = 'rating'::text)",
                                                                                    "Rows Removed by Filter": 112,
                                                                                    "Workers": [
                                                                                        {
                                                                                            "Worker Number": 0,
                                                                                            "Actual Startup Time": 0.029,
                                                                                            "Actual Total Time": 0.034,
                                                                                            "Actual Rows": 1,
                                                                                            "Actual Loops": 1
                                                                                        },
                                                                                        {
                                                                                            "Worker Number": 1,
                                                                                            "Actual Startup Time": 0.029,
                                                                                            "Actual Total Time": 0.033,
                                                                                            "Actual Rows": 1,
                                                                                            "Actual Loops": 1
                                                                                        }
                                                                                    ]
                                                                                }
                                                                            ]
                                                                        }
                                                                    ]
                                                                },
                                                                {
                                                                    "Node Type": "Index Scan",
                                                                    "Parent Relationship": "Inner",
                                                                    "Parallel Aware": false,
                                                                    "Scan Direction": "Forward",
                                                                    "Index Name": "title_pkey",
                                                                    "Relation Name": "title",
                                                                    "Schema": "public",
                                                                    "Alias": "t",
                                                                    "Startup Cost": 0.43,
                                                                    "Total Cost": 1.04,
                                                                    "Plan Rows": 1,
                                                                    "Plan Width": 21,
                                                                    "Actual Startup Time": 0.004,
                                                                    "Actual Total Time": 0.004,
                                                                    "Actual Rows": 0,
                                                                    "Actual Loops": 194914,
                                                                    "Output": [
                                                                        "t.id",
                                                                        "t.title",
                                                                        "t.imdb_index",
                                                                        "t.kind_id",
                                                                        "t.production_year",
                                                                        "t.imdb_id",
                                                                        "t.phonetic_code",
                                                                        "t.episode_of_id",
                                                                        "t.season_nr",
                                                                        "t.episode_nr",
                                                                        "t.series_years",
                                                                        "t.md5sum"
                                                                    ],
                                                                    "Index Cond": "(t.id = mi_idx.movie_id)",
                                                                    "Rows Removed by Index Recheck": 0,
                                                                    "Filter": "((t.production_year >= 1994) AND (t.production_year <= 2005))",
                                                                    "Rows Removed by Filter": 1,
                                                                    "Workers": [
                                                                        {
                                                                            "Worker Number": 0,
                                                                            "Actual Startup Time": 0.004,
                                                                            "Actual Total Time": 0.004,
                                                                            "Actual Rows": 0,
                                                                            "Actual Loops": 62557
                                                                        },
                                                                        {
                                                                            "Worker Number": 1,
                                                                            "Actual Startup Time": 0.004,
                                                                            "Actual Total Time": 0.004,
                                                                            "Actual Rows": 0,
                                                                            "Actual Loops": 65768
                                                                        }
                                                                    ]
                                                                }
                                                            ]
                                                        },
                                                        {
                                                            "Node Type": "Index Scan",
                                                            "Parent Relationship": "Inner",
                                                            "Parallel Aware": false,
                                                            "Scan Direction": "Forward",
                                                            "Index Name": "movie_id_movie_info",
                                                            "Relation Name": "movie_info",
                                                            "Schema": "public",
                                                            "Alias": "mi",
                                                            "Startup Cost": 0.43,
                                                            "Total Cost": 2.53,
                                                            "Plan Rows": 1,
                                                            "Plan Width": 51,
                                                            "Actual Startup Time": 0.02,
                                                            "Actual Total Time": 0.02,
                                                            "Actual Rows": 0,
                                                            "Actual Loops": 59652,
                                                            "Output": [
                                                                "mi.id",
                                                                "mi.movie_id",
                                                                "mi.info_type_id",
                                                                "mi.info",
                                                                "mi.note"
                                                            ],
                                                            "Index Cond": "(mi.movie_id = t.id)",
                                                            "Rows Removed by Index Recheck": 0,
                                                            "Filter": "((mi.note IS NULL) AND (mi.info = ANY ('{War,Thriller}'::text[])))",
                                                            "Rows Removed by Filter": 16,
                                                            "Workers": [
                                                                {
                                                                    "Worker Number": 0,
                                                                    "Actual Startup Time": 0.021,
                                                                    "Actual Total Time": 0.021,
                                                                    "Actual Rows": 0,
                                                                    "Actual Loops": 19358
                                                                },
                                                                {
                                                                    "Worker Number": 1,
                                                                    "Actual Startup Time": 0.02,
                                                                    "Actual Total Time": 0.02,
                                                                    "Actual Rows": 0,
                                                                    "Actual Loops": 19758
                                                                }
                                                            ]
                                                        }
                                                    ]
                                                },
                                                {
                                                    "Node Type": "Hash",
                                                    "Parent Relationship": "Inner",
                                                    "Parallel Aware": false,
                                                    "Startup Cost": 2.41,
                                                    "Total Cost": 2.41,
                                                    "Plan Rows": 1,
                                                    "Plan Width": 4,
                                                    "Actual Startup Time": 0.092,
                                                    "Actual Total Time": 0.093,
                                                    "Actual Rows": 1,
                                                    "Actual Loops": 3,
                                                    "Output": [
                                                        "it1.id"
                                                    ],
                                                    "Hash Buckets": 1024,
                                                    "Original Hash Buckets": 1024,
                                                    "Hash Batches": 1,
                                                    "Original Hash Batches": 1,
                                                    "Peak Memory Usage": 9,
                                                    "Workers": [
                                                        {
                                                            "Worker Number": 0,
                                                            "Actual Startup Time": 0.105,
                                                            "Actual Total Time": 0.106,
                                                            "Actual Rows": 1,
                                                            "Actual Loops": 1
                                                        },
                                                        {
                                                            "Worker Number": 1,
                                                            "Actual Startup Time": 0.102,
                                                            "Actual Total Time": 0.103,
                                                            "Actual Rows": 1,
                                                            "Actual Loops": 1
                                                        }
                                                    ],
                                                    "Plans": [
                                                        {
                                                            "Node Type": "Seq Scan",
                                                            "Parent Relationship": "Outer",
                                                            "Parallel Aware": false,
                                                            "Relation Name": "info_type",
                                                            "Schema": "public",
                                                            "Alias": "it1",
                                                            "Startup Cost": 0.0,
                                                            "Total Cost": 2.41,
                                                            "Plan Rows": 1,
                                                            "Plan Width": 4,
                                                            "Actual Startup Time": 0.052,
                                                            "Actual Total Time": 0.073,
                                                            "Actual Rows": 1,
                                                            "Actual Loops": 3,
                                                            "Output": [
                                                                "it1.id"
                                                            ],
                                                            "Filter": "((it1.info)::text = 'genres'::text)",
                                                            "Rows Removed by Filter": 112,
                                                            "Workers": [
                                                                {
                                                                    "Worker Number": 0,
                                                                    "Actual Startup Time": 0.063,
                                                                    "Actual Total Time": 0.083,
                                                                    "Actual Rows": 1,
                                                                    "Actual Loops": 1
                                                                },
                                                                {
                                                                    "Worker Number": 1,
                                                                    "Actual Startup Time": 0.061,
                                                                    "Actual Total Time": 0.081,
                                                                    "Actual Rows": 1,
                                                                    "Actual Loops": 1
                                                                }
                                                            ]
                                                        }
                                                    ]
                                                }
                                            ]
                                        },
                                        {
                                            "Node Type": "Index Scan",
                                            "Parent Relationship": "Inner",
                                            "Parallel Aware": false,
                                            "Scan Direction": "Forward",
                                            "Index Name": "movie_id_cast_info",
                                            "Relation Name": "cast_info",
                                            "Schema": "public",
                                            "Alias": "ci",
                                            "Startup Cost": 0.56,
                                            "Total Cost": 3.65,
                                            "Plan Rows": 4,
                                            "Plan Width": 8,
                                            "Actual Startup Time": 0.099,
                                            "Actual Total Time": 0.264,
                                            "Actual Rows": 6,
                                            "Actual Loops": 2184,
                                            "Output": [
                                                "ci.id",
                                                "ci.person_id",
                                                "ci.movie_id",
                                                "ci.person_role_id",
                                                "ci.note",
                                                "ci.nr_order",
                                                "ci.role_id"
                                            ],
                                            "Index Cond": "(ci.movie_id = t.id)",
                                            "Rows Removed by Index Recheck": 0,
                                            "Filter": "(ci.note = ANY ('{(uncredited),(producer),(writer),(voice),\"(executive producer)\"}'::text[]))",
                                            "Rows Removed by Filter": 46,
                                            "Workers": [
                                                {
                                                    "Worker Number": 0,
                                                    "Actual Startup Time": 0.098,
                                                    "Actual Total Time": 0.263,
                                                    "Actual Rows": 6,
                                                    "Actual Loops": 706
                                                },
                                                {
                                                    "Worker Number": 1,
                                                    "Actual Startup Time": 0.097,
                                                    "Actual Total Time": 0.268,
                                                    "Actual Rows": 7,
                                                    "Actual Loops": 727
                                                }
                                            ]
                                        }
                                    ]
                                },
                                {
                                    "Node Type": "Index Scan",
                                    "Parent Relationship": "Inner",
                                    "Parallel Aware": false,
                                    "Scan Direction": "Forward",
                                    "Index Name": "name_pkey",
                                    "Relation Name": "name",
                                    "Schema": "public",
                                    "Alias": "n",
                                    "Startup Cost": 0.43,
                                    "Total Cost": 0.51,
                                    "Plan Rows": 1,
                                    "Plan Width": 4,
                                    "Actual Startup Time": 0.013,
                                    "Actual Total Time": 0.013,
                                    "Actual Rows": 1,
                                    "Actual Loops": 12701,
                                    "Output": [
                                        "n.id",
                                        "n.name",
                                        "n.imdb_index",
                                        "n.imdb_id",
                                        "n.gender",
                                        "n.name_pcode_cf",
                                        "n.name_pcode_nf",
                                        "n.surname_pcode",
                                        "n.md5sum"
                                    ],
                                    "Index Cond": "(n.id = ci.person_id)",
                                    "Rows Removed by Index Recheck": 0,
                                    "Filter": "((n.gender IS NOT NULL) AND ((n.gender)::text = 'm'::text))",
                                    "Rows Removed by Filter": 0,
                                    "Workers": [
                                        {
                                            "Worker Number": 0,
                                            "Actual Startup Time": 0.013,
                                            "Actual Total Time": 0.013,
                                            "Actual Rows": 1,
                                            "Actual Loops": 3918
                                        },
                                        {
                                            "Worker Number": 1,
                                            "Actual Startup Time": 0.012,
                                            "Actual Total Time": 0.012,
                                            "Actual Rows": 1,
                                            "Actual Loops": 4905
                                        }
                                    ]
                                }
                            ]
                        }
                    ]
                }
            ]
        },
        "Planning Time": 2181.244,
        "Triggers": [],
        "Execution Time": 1151.703
    }
]