[
  {
    "Plan": {
      "Node Type": "Aggregate",
      "Strategy": "Plain",
      "Partial Mode": "Finalize",
      "Parallel Aware": false,
      "Startup Cost": 45942.93,
      "Total Cost": 45942.94,
      "Plan Rows": 1,
      "Plan Width": 8,
      "Actual Startup Time": 173.967,
      "Actual Total Time": 182.837,
      "Actual Rows": 1,
      "Actual Loops": 1,
      "Plans": [
        {
          "Node Type": "Gather",
          "Parent Relationship": "Outer",
          "Parallel Aware": false,
          "Startup Cost": 45942.62,
          "Total Cost": 45942.93,
          "Plan Rows": 3,
          "Plan Width": 8,
          "Actual Startup Time": 173.831,
          "Actual Total Time": 182.827,
          "Actual Rows": 4,
          "Actual Loops": 1,
          "Workers Planned": 3,
          "Workers Launched": 3,
          "Single Copy": false,
          "Plans": [
            {
              "Node Type": "Aggregate",
              "Strategy": "Plain",
              "Partial Mode": "Partial",
              "Parent Relationship": "Outer",
              "Parallel Aware": false,
              "Startup Cost": 44942.62,
              "Total Cost": 44942.63,
              "Plan Rows": 1,
              "Plan Width": 8,
              "Actual Startup Time": 167.188,
              "Actual Total Time": 167.19,
              "Actual Rows": 1,
              "Actual Loops": 4,
              "Plans": [
                {
                  "Node Type": "Seq Scan",
                  "Parent Relationship": "Outer",
                  "Parallel Aware": true,
                  "Relation Name": "movie_keyword",
                  "Alias": "mk",
                  "Startup Cost": 0.0,
                  "Total Cost": 42695.65,
                  "Plan Rows": 898785,
                  "Plan Width": 0,
                  "Actual Startup Time": 0.05,
                  "Actual Total Time": 130.875,
                  "Actual Rows": 699232,
                  "Actual Loops": 4,
                  "Filter": "(keyword_id < 8202)",
                  "Rows Removed by Filter": 431750
                }
              ]
            }
          ]
        }
      ]
    },
    "Planning Time": 0.123,
    "Triggers": [],
    "Execution Time": 182.871
  }
]