[
  {
    "Plan": {
      "Node Type": "Aggregate",
      "Strategy": "Plain",
      "Partial Mode": "Finalize",
      "Parallel Aware": false,
      "Startup Cost": 81621.29,
      "Total Cost": 81621.3,
      "Plan Rows": 1,
      "Plan Width": 8,
      "Actual Startup Time": 308.525,
      "Actual Total Time": 324.545,
      "Actual Rows": 1,
      "Actual Loops": 1,
      "Plans": [
        {
          "Node Type": "Gather",
          "Parent Relationship": "Outer",
          "Parallel Aware": false,
          "Startup Cost": 81620.87,
          "Total Cost": 81621.28,
          "Plan Rows": 4,
          "Plan Width": 8,
          "Actual Startup Time": 303.878,
          "Actual Total Time": 324.518,
          "Actual Rows": 5,
          "Actual Loops": 1,
          "Workers Planned": 4,
          "Workers Launched": 4,
          "Single Copy": false,
          "Plans": [
            {
              "Node Type": "Aggregate",
              "Strategy": "Plain",
              "Partial Mode": "Partial",
              "Parent Relationship": "Outer",
              "Parallel Aware": false,
              "Startup Cost": 80620.87,
              "Total Cost": 80620.88,
              "Plan Rows": 1,
              "Plan Width": 8,
              "Actual Startup Time": 296.613,
              "Actual Total Time": 296.753,
              "Actual Rows": 1,
              "Actual Loops": 5,
              "Plans": [
                {
                  "Node Type": "Hash Join",
                  "Parent Relationship": "Outer",
                  "Parallel Aware": true,
                  "Join Type": "Inner",
                  "Startup Cost": 33124.91,
                  "Total Cost": 80478.97,
                  "Plan Rows": 56760,
                  "Plan Width": 0,
                  "Actual Startup Time": 139.519,
                  "Actual Total Time": 295.051,
                  "Actual Rows": 33589,
                  "Actual Loops": 5,
                  "Inner Unique": false,
                  "Hash Cond": "(t.id = mc.movie_id)",
                  "Plans": [
                    {
                      "Node Type": "Seq Scan",
                      "Parent Relationship": "Outer",
                      "Parallel Aware": true,
                      "Relation Name": "title",
                      "Alias": "t",
                      "Startup Cost": 0.0,
                      "Total Cost": 45479.1,
                      "Plan Rows": 338374,
                      "Plan Width": 4,
                      "Actual Startup Time": 0.016,
                      "Actual Total Time": 81.583,
                      "Actual Rows": 265556,
                      "Actual Loops": 5,
                      "Filter": "((production_year < 2012) AND (kind_id = 7))",
                      "Rows Removed by Filter": 240106
                    },
                    {
                      "Node Type": "Hash",
                      "Parent Relationship": "Inner",
                      "Parallel Aware": true,
                      "Startup Cost": 31414.82,
                      "Total Cost": 31414.82,
                      "Plan Rows": 136807,
                      "Plan Width": 4,
                      "Actual Startup Time": 136.453,
                      "Actual Total Time": 136.454,
                      "Actual Rows": 150885,
                      "Actual Loops": 5,
                      "Hash Buckets": 1048576,
                      "Original Hash Buckets": 524288,
                      "Hash Batches": 1,
                      "Original Hash Batches": 1,
                      "Peak Memory Usage": 41888,
                      "Plans": [
                        {
                          "Node Type": "Seq Scan",
                          "Parent Relationship": "Outer",
                          "Parallel Aware": true,
                          "Relation Name": "movie_companies",
                          "Alias": "mc",
                          "Startup Cost": 0.0,
                          "Total Cost": 31414.82,
                          "Plan Rows": 136807,
                          "Plan Width": 4,
                          "Actual Startup Time": 43.244,
                          "Actual Total Time": 76.999,
                          "Actual Rows": 150885,
                          "Actual Loops": 5,
                          "Filter": "((company_id > 25406) AND (company_type_id > 1))",
                          "Rows Removed by Filter": 370940
                        }
                      ]
                    }
                  ]
                }
              ]
            }
          ]
        }
      ]
    },
    "Planning Time": 0.789,
    "Triggers": [],
    "Execution Time": 324.626
  }
]