{
  "Plan": {
    "Node Type": "Aggregate",
    "Strategy": "Plain",
    "Partial Mode": "Finalize",
    "Parallel Aware": false,
    "Startup Cost": 1050981.63,
    "Total Cost": 1050981.64,
    "Plan Rows": 1,
    "Plan Width": 96,
    "Actual Startup Time": 15389.724,
    "Actual Total Time": 15471.947,
    "Actual Rows": 1,
    "Actual Loops": 1,
    "Plans": [
      {
        "Node Type": "Gather",
        "Parent Relationship": "Outer",
        "Parallel Aware": false,
        "Startup Cost": 1050981.52,
        "Total Cost": 1050981.63,
        "Plan Rows": 1,
        "Plan Width": 96,
        "Actual Startup Time": 15389.718,
        "Actual Total Time": 15471.94,
        "Actual Rows": 1,
        "Actual Loops": 1,
        "Workers Planned": 1,
        "Workers Launched": 0,
        "Single Copy": false,
        "Plans": [
          {
            "Node Type": "Aggregate",
            "Strategy": "Plain",
            "Partial Mode": "Partial",
            "Parent Relationship": "Outer",
            "Parallel Aware": false,
            "Startup Cost": 1049981.52,
            "Total Cost": 1049981.53,
            "Plan Rows": 1,
            "Plan Width": 96,
            "Actual Startup Time": 15388.655,
            "Actual Total Time": 15388.666,
            "Actual Rows": 1,
            "Actual Loops": 1,
            "Plans": [
              {
                "Node Type": "Hash Join",
                "Parent Relationship": "Outer",
                "Parallel Aware": false,
                "Join Type": "Inner",
                "Startup Cost": 733459.45,
                "Total Cost": 1049981.5,
                "Plan Rows": 2,
                "Plan Width": 66,
                "Actual Startup Time": 11881.798,
                "Actual Total Time": 15375.561,
                "Actual Rows": 75865,
                "Actual Loops": 1,
                "Inner Unique": true,
                "Hash Cond": "(mi_idx.info_type_id = it2.id)",
                "Plans": [
                  {
                    "Node Type": "Nested Loop",
                    "Parent Relationship": "Outer",
                    "Parallel Aware": false,
                    "Join Type": "Inner",
                    "Startup Cost": 733457.03,
                    "Total Cost": 1049978.5,
                    "Plan Rows": 212,
                    "Plan Width": 70,
                    "Actual Startup Time": 11881.723,
                    "Actual Total Time": 15352.344,
                    "Actual Rows": 228696,
                    "Actual Loops": 1,
                    "Inner Unique": true,
                    "Plans": [
                      {
                        "Node Type": "Hash Join",
                        "Parent Relationship": "Outer",
                        "Parallel Aware": false,
                        "Join Type": "Inner",
                        "Startup Cost": 733456.6,
                        "Total Cost": 1049504.47,
                        "Plan Rows": 925,
                        "Plan Width": 74,
                        "Actual Startup Time": 11881.498,
                        "Actual Total Time": 12758.278,
                        "Actual Rows": 1427558,
                        "Actual Loops": 1,
                        "Inner Unique": true,
                        "Hash Cond": "(mi.info_type_id = it1.id)",
                        "Plans": [
                          {
                            "Node Type": "Hash Join",
                            "Parent Relationship": "Outer",
                            "Parallel Aware": true,
                            "Join Type": "Inner",
                            "Startup Cost": 733454.17,
                            "Total Cost": 1049217.3,
                            "Plan Rows": 104552,
                            "Plan Width": 78,
                            "Actual Startup Time": 11043.028,
                            "Actual Total Time": 12558.504,
                            "Actual Rows": 1474872,
                            "Actual Loops": 1,
                            "Inner Unique": false,
                            "Hash Cond": "(mi.movie_id = t.id)",
                            "Plans": [
                              {
                                "Node Type": "Seq Scan",
                                "Parent Relationship": "Outer",
                                "Parallel Aware": true,
                                "Relation Name": "movie_info",
                                "Alias": "mi",
                                "Startup Cost": 0.0,
                                "Total Cost": 314746.6,
                                "Plan Rows": 107073,
                                "Plan Width": 51,
                                "Actual Startup Time": 970.574,
                                "Actual Total Time": 2056.169,
                                "Actual Rows": 180464,
                                "Actual Loops": 1,
                                "Filter": "(info = ANY ('{Sci-Fi,Crime,War,Thriller,Horror,Family}'::text[]))",
                                "Rows Removed by Filter": 14655256
                              },
                              {
                                "Node Type": "Hash",
                                "Parent Relationship": "Inner",
                                "Parallel Aware": true,
                                "Startup Cost": 715302.08,
                                "Total Cost": 715302.08,
                                "Plan Rows": 1452167,
                                "Plan Width": 43,
                                "Actual Startup Time": 10029.539,
                                "Actual Total Time": 10029.546,
                                "Actual Rows": 5653824,
                                "Actual Loops": 1,
                                "Hash Buckets": 8388608,
                                "Original Hash Buckets": 4194304,
                                "Hash Batches": 1,
                                "Original Hash Batches": 1,
                                "Peak Memory Usage": 549344,
                                "Plans": [
                                  {
                                    "Node Type": "Hash Join",
                                    "Parent Relationship": "Outer",
                                    "Parallel Aware": true,
                                    "Join Type": "Inner",
                                    "Startup Cost": 97790.54,
                                    "Total Cost": 715302.08,
                                    "Plan Rows": 1452167,
                                    "Plan Width": 43,
                                    "Actual Startup Time": 2117.09,
                                    "Actual Total Time": 7879.796,
                                    "Actual Rows": 5653824,
                                    "Actual Loops": 1,
                                    "Inner Unique": false,
                                    "Hash Cond": "(ci.movie_id = t.id)",
                                    "Plans": [
                                      {
                                        "Node Type": "Seq Scan",
                                        "Parent Relationship": "Outer",
                                        "Parallel Aware": true,
                                        "Relation Name": "cast_info",
                                        "Alias": "ci",
                                        "Startup Cost": 0.0,
                                        "Total Cost": 598993.12,
                                        "Plan Rows": 2660341,
                                        "Plan Width": 8,
                                        "Actual Startup Time": 0.018,
                                        "Actual Total Time": 3467.451,
                                        "Actual Rows": 4484376,
                                        "Actual Loops": 1,
                                        "Filter": "(note = ANY ('{\"(executive producer)\",(writer),(voice),(producer),(uncredited)}'::text[]))",
                                        "Rows Removed by Filter": 31759968
                                      },
                                      {
                                        "Node Type": "Hash",
                                        "Parent Relationship": "Inner",
                                        "Parallel Aware": true,
                                        "Startup Cost": 87643.22,
                                        "Total Cost": 87643.22,
                                        "Plan Rows": 811785,
                                        "Plan Width": 35,
                                        "Actual Startup Time": 2102.876,
                                        "Actual Total Time": 2102.88,
                                        "Actual Rows": 1380035,
                                        "Actual Loops": 1,
                                        "Hash Buckets": 2097152,
                                        "Original Hash Buckets": 2097152,
                                        "Hash Batches": 1,
                                        "Original Hash Batches": 1,
                                        "Peak Memory Usage": 115168,
                                        "Plans": [
                                          {
                                            "Node Type": "Hash Join",
                                            "Parent Relationship": "Outer",
                                            "Parallel Aware": true,
                                            "Join Type": "Inner",
                                            "Startup Cost": 69459.43,
                                            "Total Cost": 87643.22,
                                            "Plan Rows": 811785,
                                            "Plan Width": 35,
                                            "Actual Startup Time": 1197.363,
                                            "Actual Total Time": 1679.435,
                                            "Actual Rows": 1380035,
                                            "Actual Loops": 1,
                                            "Inner Unique": true,
                                            "Hash Cond": "(mi_idx.movie_id = t.id)",
                                            "Plans": [
                                              {
                                                "Node Type": "Seq Scan",
                                                "Parent Relationship": "Outer",
                                                "Parallel Aware": true,
                                                "Relation Name": "movie_info_idx",
                                                "Alias": "mi_idx",
                                                "Startup Cost": 0.0,
                                                "Total Cost": 16052.85,
                                                "Plan Rows": 811785,
                                                "Plan Width": 14,
                                                "Actual Startup Time": 0.007,
                                                "Actual Total Time": 99.727,
                                                "Actual Rows": 1380035,
                                                "Actual Loops": 1
                                              },
                                              {
                                                "Node Type": "Hash",
                                                "Parent Relationship": "Inner",
                                                "Parallel Aware": true,
                                                "Startup Cost": 50869.75,
                                                "Total Cost": 50869.75,
                                                "Plan Rows": 1487175,
                                                "Plan Width": 21,
                                                "Actual Startup Time": 1167.299,
                                                "Actual Total Time": 1167.3,
                                                "Actual Rows": 2528312,
                                                "Actual Loops": 1,
                                                "Hash Buckets": 4194304,
                                                "Original Hash Buckets": 4194304,
                                                "Hash Batches": 1,
                                                "Original Hash Batches": 1,
                                                "Peak Memory Usage": 174752,
                                                "Plans": [
                                                  {
                                                    "Node Type": "Seq Scan",
                                                    "Parent Relationship": "Outer",
                                                    "Parallel Aware": true,
                                                    "Relation Name": "title",
                                                    "Alias": "t",
                                                    "Startup Cost": 0.0,
                                                    "Total Cost": 50869.75,
                                                    "Plan Rows": 1487175,
                                                    "Plan Width": 21,
                                                    "Actual Startup Time": 0.016,
                                                    "Actual Total Time": 293.587,
                                                    "Actual Rows": 2528312,
                                                    "Actual Loops": 1
                                                  }
                                                ]
                                              }
                                            ]
                                          }
                                        ]
                                      }
                                    ]
                                  }
                                ]
                              }
                            ]
                          },
                          {
                            "Node Type": "Hash",
                            "Parent Relationship": "Inner",
                            "Parallel Aware": false,
                            "Startup Cost": 2.41,
                            "Total Cost": 2.41,
                            "Plan Rows": 1,
                            "Plan Width": 4,
                            "Actual Startup Time": 0.04,
                            "Actual Total Time": 0.04,
                            "Actual Rows": 1,
                            "Actual Loops": 1,
                            "Hash Buckets": 1024,
                            "Original Hash Buckets": 1024,
                            "Hash Batches": 1,
                            "Original Hash Batches": 1,
                            "Peak Memory Usage": 9,
                            "Plans": [
                              {
                                "Node Type": "Seq Scan",
                                "Parent Relationship": "Outer",
                                "Parallel Aware": false,
                                "Relation Name": "info_type",
                                "Alias": "it1",
                                "Startup Cost": 0.0,
                                "Total Cost": 2.41,
                                "Plan Rows": 1,
                                "Plan Width": 4,
                                "Actual Startup Time": 0.016,
                                "Actual Total Time": 0.037,
                                "Actual Rows": 1,
                                "Actual Loops": 1,
                                "Filter": "((info)::text = 'genres'::text)",
                                "Rows Removed by Filter": 112
                              }
                            ]
                          }
                        ]
                      },
                      {
                        "Node Type": "Index Scan",
                        "Parent Relationship": "Inner",
                        "Parallel Aware": false,
                        "Scan Direction": "Forward",
                        "Index Name": "name_pkey",
                        "Relation Name": "name",
                        "Alias": "n",
                        "Startup Cost": 0.43,
                        "Total Cost": 0.51,
                        "Plan Rows": 1,
                        "Plan Width": 4,
                        "Actual Startup Time": 0.002,
                        "Actual Total Time": 0.002,
                        "Actual Rows": 0,
                        "Actual Loops": 1427558,
                        "Index Cond": "(id = ci.person_id)",
                        "Rows Removed by Index Recheck": 0,
                        "Filter": "((gender)::text = 'f'::text)",
                        "Rows Removed by Filter": 1
                      }
                    ]
                  },
                  {
                    "Node Type": "Hash",
                    "Parent Relationship": "Inner",
                    "Parallel Aware": false,
                    "Startup Cost": 2.41,
                    "Total Cost": 2.41,
                    "Plan Rows": 1,
                    "Plan Width": 4,
                    "Actual Startup Time": 0.059,
                    "Actual Total Time": 0.059,
                    "Actual Rows": 1,
                    "Actual Loops": 1,
                    "Hash Buckets": 1024,
                    "Original Hash Buckets": 1024,
                    "Hash Batches": 1,
                    "Original Hash Batches": 1,
                    "Peak Memory Usage": 9,
                    "Plans": [
                      {
                        "Node Type": "Seq Scan",
                        "Parent Relationship": "Outer",
                        "Parallel Aware": false,
                        "Relation Name": "info_type",
                        "Alias": "it2",
                        "Startup Cost": 0.0,
                        "Total Cost": 2.41,
                        "Plan Rows": 1,
                        "Plan Width": 4,
                        "Actual Startup Time": 0.046,
                        "Actual Total Time": 0.051,
                        "Actual Rows": 1,
                        "Actual Loops": 1,
                        "Filter": "((info)::text = 'votes'::text)",
                        "Rows Removed by Filter": 112
                      }
                    ]
                  }
                ]
              }
            ]
          }
        ]
      }
    ]
  },
  "Planning Time": 1.609,
  "Triggers": [],
  "Execution Time": 15472.093
}