[
  {
    "Plan": {
      "Node Type": "Aggregate",
      "Strategy": "Plain",
      "Partial Mode": "Finalize",
      "Parallel Aware": false,
      "Startup Cost": 46478.98,
      "Total Cost": 46478.99,
      "Plan Rows": 1,
      "Plan Width": 8,
      "Actual Startup Time": 171.592,
      "Actual Total Time": 179.025,
      "Actual Rows": 1,
      "Actual Loops": 1,
      "Plans": [
        {
          "Node Type": "Gather",
          "Parent Relationship": "Outer",
          "Parallel Aware": false,
          "Startup Cost": 46478.67,
          "Total Cost": 46478.98,
          "Plan Rows": 3,
          "Plan Width": 8,
          "Actual Startup Time": 171.425,
          "Actual Total Time": 179.017,
          "Actual Rows": 4,
          "Actual Loops": 1,
          "Workers Planned": 3,
          "Workers Launched": 3,
          "Single Copy": false,
          "Plans": [
            {
              "Node Type": "Aggregate",
              "Strategy": "Plain",
              "Partial Mode": "Partial",
              "Parent Relationship": "Outer",
              "Parallel Aware": false,
              "Startup Cost": 45478.67,
              "Total Cost": 45478.68,
              "Plan Rows": 1,
              "Plan Width": 8,
              "Actual Startup Time": 165.085,
              "Actual Total Time": 165.086,
              "Actual Rows": 1,
              "Actual Loops": 4,
              "Plans": [
                {
                  "Node Type": "Seq Scan",
                  "Parent Relationship": "Outer",
                  "Parallel Aware": true,
                  "Relation Name": "movie_keyword",
                  "Alias": "mk",
                  "Startup Cost": 0.0,
                  "Total Cost": 42695.65,
                  "Plan Rows": 1113205,
                  "Plan Width": 0,
                  "Actual Startup Time": 0.043,
                  "Actual Total Time": 125.563,
                  "Actual Rows": 863569,
                  "Actual Loops": 4,
                  "Filter": "(keyword_id < 16496)",
                  "Rows Removed by Filter": 267414
                }
              ]
            }
          ]
        }
      ]
    },
    "Planning Time": 0.179,
    "Triggers": [],
    "Execution Time": 179.08
  }
]