[
  {
    "Plan": {
      "Node Type": "Aggregate",
      "Strategy": "Plain",
      "Partial Mode": "Finalize",
      "Parallel Aware": false,
      "Startup Cost": 241075.36,
      "Total Cost": 241075.37,
      "Plan Rows": 1,
      "Plan Width": 8,
      "Actual Startup Time": 687.119,
      "Actual Total Time": 705.75,
      "Actual Rows": 1,
      "Actual Loops": 1,
      "Plans": [
        {
          "Node Type": "Gather",
          "Parent Relationship": "Outer",
          "Parallel Aware": false,
          "Startup Cost": 241075.15,
          "Total Cost": 241075.36,
          "Plan Rows": 2,
          "Plan Width": 8,
          "Actual Startup Time": 678.095,
          "Actual Total Time": 705.742,
          "Actual Rows": 3,
          "Actual Loops": 1,
          "Workers Planned": 2,
          "Workers Launched": 2,
          "Single Copy": false,
          "Plans": [
            {
              "Node Type": "Aggregate",
              "Strategy": "Plain",
              "Partial Mode": "Partial",
              "Parent Relationship": "Outer",
              "Parallel Aware": false,
              "Startup Cost": 240075.15,
              "Total Cost": 240075.16,
              "Plan Rows": 1,
              "Plan Width": 8,
              "Actual Startup Time": 669.399,
              "Actual Total Time": 669.405,
              "Actual Rows": 1,
              "Actual Loops": 3,
              "Plans": [
                {
                  "Node Type": "Hash Join",
                  "Parent Relationship": "Outer",
                  "Parallel Aware": true,
                  "Join Type": "Inner",
                  "Startup Cost": 223734.9,
                  "Total Cost": 239798.04,
                  "Plan Rows": 110843,
                  "Plan Width": 0,
                  "Actual Startup Time": 543.349,
                  "Actual Total Time": 654.527,
                  "Actual Rows": 381188,
                  "Actual Loops": 3,
                  "Inner Unique": false,
                  "Hash Cond": "(mi_idx.movie_id = t.id)",
                  "Plans": [
                    {
                      "Node Type": "Seq Scan",
                      "Parent Relationship": "Outer",
                      "Parallel Aware": true,
                      "Relation Name": "movie_info_idx",
                      "Alias": "mi_idx",
                      "Startup Cost": 0.0,
                      "Total Cost": 13685.15,
                      "Plan Rows": 575015,
                      "Plan Width": 4,
                      "Actual Startup Time": 0.044,
                      "Actual Total Time": 34.224,
                      "Actual Rows": 460012,
                      "Actual Loops": 3
                    },
                    {
                      "Node Type": "Hash",
                      "Parent Relationship": "Inner",
                      "Parallel Aware": true,
                      "Startup Cost": 222516.47,
                      "Total Cost": 222516.47,
                      "Plan Rows": 97474,
                      "Plan Width": 8,
                      "Actual Startup Time": 539.36,
                      "Actual Total Time": 539.364,
                      "Actual Rows": 155212,
                      "Actual Loops": 3,
                      "Hash Buckets": 524288,
                      "Original Hash Buckets": 524288,
                      "Hash Batches": 1,
                      "Original Hash Batches": 1,
                      "Peak Memory Usage": 22368,
                      "Plans": [
                        {
                          "Node Type": "Hash Join",
                          "Parent Relationship": "Outer",
                          "Parallel Aware": true,
                          "Join Type": "Inner",
                          "Startup Cost": 59049.18,
                          "Total Cost": 222516.47,
                          "Plan Rows": 97474,
                          "Plan Width": 8,
                          "Actual Startup Time": 432.647,
                          "Actual Total Time": 503.986,
                          "Actual Rows": 155212,
                          "Actual Loops": 3,
                          "Inner Unique": true,
                          "Hash Cond": "(mi.movie_id = t.id)",
                          "Plans": [
                            {
                              "Node Type": "Bitmap Heap Scan",
                              "Parent Relationship": "Outer",
                              "Parallel Aware": true,
                              "Relation Name": "movie_info",
                              "Alias": "mi",
                              "Startup Cost": 8829.54,
                              "Total Cost": 172040.96,
                              "Plan Rows": 97474,
                              "Plan Width": 4,
                              "Actual Startup Time": 14.648,
                              "Actual Total Time": 37.923,
                              "Actual Rows": 155212,
                              "Actual Loops": 3,
                              "Recheck Cond": "(info_type_id > 103)",
                              "Rows Removed by Index Recheck": 0,
                              "Exact Heap Blocks": 2228,
                              "Lossy Heap Blocks": 0,
                              "Plans": [
                                {
                                  "Node Type": "Bitmap Index Scan",
                                  "Parent Relationship": "Outer",
                                  "Parallel Aware": false,
                                  "Index Name": "info_type_id_movie_info",
                                  "Startup Cost": 0.0,
                                  "Total Cost": 8707.69,
                                  "Plan Rows": 487368,
                                  "Plan Width": 0,
                                  "Actual Startup Time": 13.814,
                                  "Actual Total Time": 13.815,
                                  "Actual Rows": 465636,
                                  "Actual Loops": 1,
                                  "Index Cond": "(info_type_id > 103)"
                                }
                              ]
                            },
                            {
                              "Node Type": "Hash",
                              "Parent Relationship": "Inner",
                              "Parallel Aware": true,
                              "Startup Cost": 42318.73,
                              "Total Cost": 42318.73,
                              "Plan Rows": 632073,
                              "Plan Width": 4,
                              "Actual Startup Time": 406.614,
                              "Actual Total Time": 406.614,
                              "Actual Rows": 842771,
                              "Actual Loops": 3,
                              "Hash Buckets": 4194304,
                              "Original Hash Buckets": 4194304,
                              "Hash Batches": 1,
                              "Original Hash Batches": 1,
                              "Peak Memory Usage": 131712,
                              "Plans": [
                                {
                                  "Node Type": "Seq Scan",
                                  "Parent Relationship": "Outer",
                                  "Parallel Aware": true,
                                  "Relation Name": "title",
                                  "Alias": "t",
                                  "Startup Cost": 0.0,
                                  "Total Cost": 42318.73,
                                  "Plan Rows": 632073,
                                  "Plan Width": 4,
                                  "Actual Startup Time": 0.044,
                                  "Actual Total Time": 115.728,
                                  "Actual Rows": 842771,
                                  "Actual Loops": 3
                                }
                              ]
                            }
                          ]
                        }
                      ]
                    }
                  ]
                }
              ]
            }
          ]
        }
      ]
    },
    "Planning Time": 1.263,
    "Triggers": [],
    "Execution Time": 705.845
  }
]