[
  {
    "Plan": {
      "Node Type": "Aggregate",
      "Strategy": "Plain",
      "Partial Mode": "Finalize",
      "Parallel Aware": false,
      "Startup Cost": 45665.39,
      "Total Cost": 45665.4,
      "Plan Rows": 1,
      "Plan Width": 8,
      "Actual Startup Time": 139.289,
      "Actual Total Time": 148.196,
      "Actual Rows": 1,
      "Actual Loops": 1,
      "Plans": [
        {
          "Node Type": "Gather",
          "Parent Relationship": "Outer",
          "Parallel Aware": false,
          "Startup Cost": 45665.08,
          "Total Cost": 45665.39,
          "Plan Rows": 3,
          "Plan Width": 8,
          "Actual Startup Time": 139.189,
          "Actual Total Time": 148.187,
          "Actual Rows": 4,
          "Actual Loops": 1,
          "Workers Planned": 3,
          "Workers Launched": 3,
          "Single Copy": false,
          "Plans": [
            {
              "Node Type": "Aggregate",
              "Strategy": "Plain",
              "Partial Mode": "Partial",
              "Parent Relationship": "Outer",
              "Parallel Aware": false,
              "Startup Cost": 44665.08,
              "Total Cost": 44665.09,
              "Plan Rows": 1,
              "Plan Width": 8,
              "Actual Startup Time": 134.001,
              "Actual Total Time": 134.002,
              "Actual Rows": 1,
              "Actual Loops": 4,
              "Plans": [
                {
                  "Node Type": "Seq Scan",
                  "Parent Relationship": "Outer",
                  "Parallel Aware": true,
                  "Relation Name": "movie_keyword",
                  "Alias": "mk",
                  "Startup Cost": 0.0,
                  "Total Cost": 42695.65,
                  "Plan Rows": 787769,
                  "Plan Width": 0,
                  "Actual Startup Time": 0.264,
                  "Actual Total Time": 107.925,
                  "Actual Rows": 607910,
                  "Actual Loops": 4,
                  "Filter": "(keyword_id > 3743)",
                  "Rows Removed by Filter": 523072
                }
              ]
            }
          ]
        }
      ]
    },
    "Planning Time": 0.183,
    "Triggers": [],
    "Execution Time": 148.256
  }
]