[
  {
    "Plan": {
      "Node Type": "Aggregate",
      "Strategy": "Plain",
      "Partial Mode": "Finalize",
      "Parallel Aware": false,
      "Startup Cost": 294752.71,
      "Total Cost": 294752.72,
      "Plan Rows": 1,
      "Plan Width": 8,
      "Actual Startup Time": 1424.491,
      "Actual Total Time": 1473.115,
      "Actual Rows": 1,
      "Actual Loops": 1,
      "Plans": [
        {
          "Node Type": "Gather",
          "Parent Relationship": "Outer",
          "Parallel Aware": false,
          "Startup Cost": 294752.19,
          "Total Cost": 294752.7,
          "Plan Rows": 5,
          "Plan Width": 8,
          "Actual Startup Time": 1410.379,
          "Actual Total Time": 1473.101,
          "Actual Rows": 6,
          "Actual Loops": 1,
          "Workers Planned": 5,
          "Workers Launched": 5,
          "Single Copy": false,
          "Plans": [
            {
              "Node Type": "Aggregate",
              "Strategy": "Plain",
              "Partial Mode": "Partial",
              "Parent Relationship": "Outer",
              "Parallel Aware": false,
              "Startup Cost": 293752.19,
              "Total Cost": 293752.2,
              "Plan Rows": 1,
              "Plan Width": 8,
              "Actual Startup Time": 1399.804,
              "Actual Total Time": 1399.809,
              "Actual Rows": 1,
              "Actual Loops": 6,
              "Plans": [
                {
                  "Node Type": "Hash Join",
                  "Parent Relationship": "Outer",
                  "Parallel Aware": true,
                  "Join Type": "Inner",
                  "Startup Cost": 85087.81,
                  "Total Cost": 290744.04,
                  "Plan Rows": 1203260,
                  "Plan Width": 0,
                  "Actual Startup Time": 366.604,
                  "Actual Total Time": 1320.822,
                  "Actual Rows": 1736291,
                  "Actual Loops": 6,
                  "Inner Unique": false,
                  "Hash Cond": "(mi.movie_id = t.id)",
                  "Plans": [
                    {
                      "Node Type": "Seq Scan",
                      "Parent Relationship": "Outer",
                      "Parallel Aware": true,
                      "Relation Name": "movie_info",
                      "Alias": "mi",
                      "Startup Cost": 0.0,
                      "Total Cost": 191560.33,
                      "Plan Rows": 2956733,
                      "Plan Width": 4,
                      "Actual Startup Time": 0.015,
                      "Actual Total Time": 313.886,
                      "Actual Rows": 2472620,
                      "Actual Loops": 6
                    },
                    {
                      "Node Type": "Hash",
                      "Parent Relationship": "Inner",
                      "Parallel Aware": true,
                      "Startup Cost": 81872.49,
                      "Total Cost": 81872.49,
                      "Plan Rows": 257226,
                      "Plan Width": 8,
                      "Actual Startup Time": 361.863,
                      "Actual Total Time": 361.867,
                      "Actual Rows": 123486,
                      "Actual Loops": 6,
                      "Hash Buckets": 1048576,
                      "Original Hash Buckets": 1048576,
                      "Hash Batches": 1,
                      "Original Hash Batches": 1,
                      "Peak Memory Usage": 37280,
                      "Plans": [
                        {
                          "Node Type": "Hash Join",
                          "Parent Relationship": "Outer",
                          "Parallel Aware": true,
                          "Join Type": "Inner",
                          "Startup Cost": 35563.63,
                          "Total Cost": 81872.49,
                          "Plan Rows": 257226,
                          "Plan Width": 8,
                          "Actual Startup Time": 122.424,
                          "Actual Total Time": 308.987,
                          "Actual Rows": 123486,
                          "Actual Loops": 6,
                          "Inner Unique": false,
                          "Hash Cond": "(t.id = mc.movie_id)",
                          "Plans": [
                            {
                              "Node Type": "Seq Scan",
                              "Parent Relationship": "Outer",
                              "Parallel Aware": true,
                              "Relation Name": "title",
                              "Alias": "t",
                              "Startup Cost": 0.0,
                              "Total Cost": 42318.73,
                              "Plan Rows": 632073,
                              "Plan Width": 4,
                              "Actual Startup Time": 0.012,
                              "Actual Total Time": 59.366,
                              "Actual Rows": 421385,
                              "Actual Loops": 6
                            },
                            {
                              "Node Type": "Hash",
                              "Parent Relationship": "Inner",
                              "Parallel Aware": true,
                              "Startup Cost": 31414.82,
                              "Total Cost": 31414.82,
                              "Plan Rows": 331905,
                              "Plan Width": 4,
                              "Actual Startup Time": 120.496,
                              "Actual Total Time": 120.497,
                              "Actual Rows": 123486,
                              "Actual Loops": 6,
                              "Hash Buckets": 1048576,
                              "Original Hash Buckets": 1048576,
                              "Hash Batches": 1,
                              "Original Hash Batches": 1,
                              "Peak Memory Usage": 37280,
                              "Plans": [
                                {
                                  "Node Type": "Seq Scan",
                                  "Parent Relationship": "Outer",
                                  "Parallel Aware": true,
                                  "Relation Name": "movie_companies",
                                  "Alias": "mc",
                                  "Startup Cost": 0.0,
                                  "Total Cost": 31414.82,
                                  "Plan Rows": 331905,
                                  "Plan Width": 4,
                                  "Actual Startup Time": 43.313,
                                  "Actual Total Time": 71.17,
                                  "Actual Rows": 123486,
                                  "Actual Loops": 6,
                                  "Filter": "((company_id < 68851) AND (company_type_id > 1))",
                                  "Rows Removed by Filter": 311368
                                }
                              ]
                            }
                          ]
                        }
                      ]
                    }
                  ]
                }
              ]
            }
          ]
        }
      ]
    },
    "Planning Time": 1.433,
    "Triggers": [],
    "Execution Time": 1473.214
  }
]