[
  {
    "Plan": {
      "Node Type": "Aggregate",
      "Strategy": "Plain",
      "Partial Mode": "Finalize",
      "Parallel Aware": false,
      "Startup Cost": 72504.14,
      "Total Cost": 72504.15,
      "Plan Rows": 1,
      "Plan Width": 8,
      "Actual Startup Time": 173.131,
      "Actual Total Time": 185.575,
      "Actual Rows": 1,
      "Actual Loops": 1,
      "Plans": [
        {
          "Node Type": "Gather",
          "Parent Relationship": "Outer",
          "Parallel Aware": false,
          "Startup Cost": 72503.72,
          "Total Cost": 72504.13,
          "Plan Rows": 4,
          "Plan Width": 8,
          "Actual Startup Time": 171.676,
          "Actual Total Time": 185.565,
          "Actual Rows": 5,
          "Actual Loops": 1,
          "Workers Planned": 4,
          "Workers Launched": 4,
          "Single Copy": false,
          "Plans": [
            {
              "Node Type": "Aggregate",
              "Strategy": "Plain",
              "Partial Mode": "Partial",
              "Parent Relationship": "Outer",
              "Parallel Aware": false,
              "Startup Cost": 71503.72,
              "Total Cost": 71503.73,
              "Plan Rows": 1,
              "Plan Width": 8,
              "Actual Startup Time": 161.62,
              "Actual Total Time": 161.625,
              "Actual Rows": 1,
              "Actual Loops": 5,
              "Plans": [
                {
                  "Node Type": "Hash Join",
                  "Parent Relationship": "Outer",
                  "Parallel Aware": true,
                  "Join Type": "Inner",
                  "Startup Cost": 25421.79,
                  "Total Cost": 71479.57,
                  "Plan Rows": 9660,
                  "Plan Width": 0,
                  "Actual Startup Time": 108.239,
                  "Actual Total Time": 160.525,
                  "Actual Rows": 24192,
                  "Actual Loops": 5,
                  "Inner Unique": false,
                  "Hash Cond": "(t.id = mc.movie_id)",
                  "Plans": [
                    {
                      "Node Type": "Seq Scan",
                      "Parent Relationship": "Outer",
                      "Parallel Aware": true,
                      "Relation Name": "title",
                      "Alias": "t",
                      "Startup Cost": 0.0,
                      "Total Cost": 45479.1,
                      "Plan Rows": 109505,
                      "Plan Width": 4,
                      "Actual Startup Time": 40.153,
                      "Actual Total Time": 74.005,
                      "Actual Rows": 94784,
                      "Actual Loops": 5,
                      "Filter": "((production_year < 2008) AND (kind_id = 1))",
                      "Rows Removed by Filter": 410879
                    },
                    {
                      "Node Type": "Hash",
                      "Parent Relationship": "Inner",
                      "Parallel Aware": true,
                      "Startup Cost": 24522.42,
                      "Total Cost": 24522.42,
                      "Plan Rows": 71950,
                      "Plan Width": 4,
                      "Actual Startup Time": 62.814,
                      "Actual Total Time": 62.817,
                      "Actual Rows": 44068,
                      "Actual Loops": 5,
                      "Hash Buckets": 262144,
                      "Original Hash Buckets": 262144,
                      "Hash Batches": 1,
                      "Original Hash Batches": 1,
                      "Peak Memory Usage": 10720,
                      "Plans": [
                        {
                          "Node Type": "Bitmap Heap Scan",
                          "Parent Relationship": "Outer",
                          "Parallel Aware": true,
                          "Relation Name": "movie_companies",
                          "Alias": "mc",
                          "Startup Cost": 4833.04,
                          "Total Cost": 24522.42,
                          "Plan Rows": 71950,
                          "Plan Width": 4,
                          "Actual Startup Time": 19.656,
                          "Actual Total Time": 44.551,
                          "Actual Rows": 44068,
                          "Actual Loops": 5,
                          "Recheck Cond": "(company_id > 107879)",
                          "Rows Removed by Index Recheck": 0,
                          "Exact Heap Blocks": 1840,
                          "Lossy Heap Blocks": 0,
                          "Plans": [
                            {
                              "Node Type": "Bitmap Index Scan",
                              "Parent Relationship": "Outer",
                              "Parallel Aware": false,
                              "Index Name": "company_id_movie_companies",
                              "Startup Cost": 0.0,
                              "Total Cost": 4777.28,
                              "Plan Rows": 223046,
                              "Plan Width": 0,
                              "Actual Startup Time": 21.483,
                              "Actual Total Time": 21.483,
                              "Actual Rows": 220341,
                              "Actual Loops": 1,
                              "Index Cond": "(company_id > 107879)"
                            }
                          ]
                        }
                      ]
                    }
                  ]
                }
              ]
            }
          ]
        }
      ]
    },
    "Planning Time": 0.676,
    "Triggers": [],
    "Execution Time": 185.673
  }
]