[
  {
    "Plan": {
      "Node Type": "Aggregate",
      "Strategy": "Plain",
      "Partial Mode": "Finalize",
      "Parallel Aware": false,
      "Startup Cost": 47056.19,
      "Total Cost": 47056.2,
      "Plan Rows": 1,
      "Plan Width": 8,
      "Actual Startup Time": 178.846,
      "Actual Total Time": 188.938,
      "Actual Rows": 1,
      "Actual Loops": 1,
      "Plans": [
        {
          "Node Type": "Gather",
          "Parent Relationship": "Outer",
          "Parallel Aware": false,
          "Startup Cost": 47055.87,
          "Total Cost": 47056.18,
          "Plan Rows": 3,
          "Plan Width": 8,
          "Actual Startup Time": 178.673,
          "Actual Total Time": 188.93,
          "Actual Rows": 4,
          "Actual Loops": 1,
          "Workers Planned": 3,
          "Workers Launched": 3,
          "Single Copy": false,
          "Plans": [
            {
              "Node Type": "Aggregate",
              "Strategy": "Plain",
              "Partial Mode": "Partial",
              "Parent Relationship": "Outer",
              "Parallel Aware": false,
              "Startup Cost": 46055.87,
              "Total Cost": 46055.88,
              "Plan Rows": 1,
              "Plan Width": 8,
              "Actual Startup Time": 172.884,
              "Actual Total Time": 172.886,
              "Actual Rows": 1,
              "Actual Loops": 4,
              "Plans": [
                {
                  "Node Type": "Seq Scan",
                  "Parent Relationship": "Outer",
                  "Parallel Aware": true,
                  "Relation Name": "movie_keyword",
                  "Alias": "mk",
                  "Startup Cost": 0.0,
                  "Total Cost": 42695.65,
                  "Plan Rows": 1344088,
                  "Plan Width": 0,
                  "Actual Startup Time": 0.062,
                  "Actual Total Time": 126.242,
                  "Actual Rows": 1041552,
                  "Actual Loops": 4,
                  "Filter": "(keyword_id > 317)",
                  "Rows Removed by Filter": 89431
                }
              ]
            }
          ]
        }
      ]
    },
    "Planning Time": 0.192,
    "Triggers": [],
    "Execution Time": 188.994
  }
]