[
  {
    "Plan": {
      "Node Type": "Aggregate",
      "Strategy": "Plain",
      "Partial Mode": "Finalize",
      "Parallel Aware": false,
      "Startup Cost": 275811.33,
      "Total Cost": 275811.34,
      "Plan Rows": 1,
      "Plan Width": 8,
      "Actual Startup Time": 59.554,
      "Actual Total Time": 62.952,
      "Actual Rows": 1,
      "Actual Loops": 1,
      "Plans": [
        {
          "Node Type": "Gather",
          "Parent Relationship": "Outer",
          "Parallel Aware": false,
          "Startup Cost": 275810.81,
          "Total Cost": 275811.32,
          "Plan Rows": 5,
          "Plan Width": 8,
          "Actual Startup Time": 59.351,
          "Actual Total Time": 62.945,
          "Actual Rows": 6,
          "Actual Loops": 1,
          "Workers Planned": 5,
          "Workers Launched": 5,
          "Single Copy": false,
          "Plans": [
            {
              "Node Type": "Aggregate",
              "Strategy": "Plain",
              "Partial Mode": "Partial",
              "Parent Relationship": "Outer",
              "Parallel Aware": false,
              "Startup Cost": 274810.81,
              "Total Cost": 274810.82,
              "Plan Rows": 1,
              "Plan Width": 8,
              "Actual Startup Time": 50.229,
              "Actual Total Time": 50.23,
              "Actual Rows": 1,
              "Actual Loops": 6,
              "Plans": [
                {
                  "Node Type": "Bitmap Heap Scan",
                  "Parent Relationship": "Outer",
                  "Parallel Aware": true,
                  "Relation Name": "cast_info",
                  "Alias": "ci",
                  "Startup Cost": 7795.54,
                  "Total Cost": 274694.68,
                  "Plan Rows": 46452,
                  "Plan Width": 0,
                  "Actual Startup Time": 18.484,
                  "Actual Total Time": 45.411,
                  "Actual Rows": 58094,
                  "Actual Loops": 6,
                  "Recheck Cond": "(person_id > 3998064)",
                  "Rows Removed by Index Recheck": 0,
                  "Filter": "(role_id > 1)",
                  "Rows Removed by Filter": 0,
                  "Exact Heap Blocks": 2133,
                  "Lossy Heap Blocks": 0,
                  "Plans": [
                    {
                      "Node Type": "Bitmap Index Scan",
                      "Parent Relationship": "Outer",
                      "Parallel Aware": false,
                      "Index Name": "person_id_cast_info",
                      "Startup Cost": 0.0,
                      "Total Cost": 7737.47,
                      "Plan Rows": 354254,
                      "Plan Width": 0,
                      "Actual Startup Time": 25.702,
                      "Actual Total Time": 25.702,
                      "Actual Rows": 348565,
                      "Actual Loops": 1,
                      "Index Cond": "(person_id > 3998064)"
                    }
                  ]
                }
              ]
            }
          ]
        }
      ]
    },
    "Planning Time": 0.384,
    "Triggers": [],
    "Execution Time": 63.012
  }
]