{
  "Plan": {
    "Node Type": "Aggregate",
    "Strategy": "Plain",
    "Partial Mode": "Finalize",
    "Parallel Aware": false,
    "Startup Cost": 118769.69,
    "Total Cost": 118769.7,
    "Plan Rows": 1,
    "Plan Width": 8,
    "Actual Startup Time": 552.929,
    "Actual Total Time": 572.737,
    "Actual Rows": 1,
    "Actual Loops": 1,
    "Plans": [
      {
        "Node Type": "Gather",
        "Parent Relationship": "Outer",
        "Parallel Aware": false,
        "Startup Cost": 118769.58,
        "Total Cost": 118769.69,
        "Plan Rows": 1,
        "Plan Width": 8,
        "Actual Startup Time": 552.191,
        "Actual Total Time": 572.727,
        "Actual Rows": 2,
        "Actual Loops": 1,
        "Workers Planned": 1,
        "Workers Launched": 1,
        "Single Copy": false,
        "Plans": [
          {
            "Node Type": "Aggregate",
            "Strategy": "Plain",
            "Partial Mode": "Partial",
            "Parent Relationship": "Outer",
            "Parallel Aware": false,
            "Startup Cost": 117769.58,
            "Total Cost": 117769.59,
            "Plan Rows": 1,
            "Plan Width": 8,
            "Actual Startup Time": 546.517,
            "Actual Total Time": 546.521,
            "Actual Rows": 1,
            "Actual Loops": 2,
            "Plans": [
              {
                "Node Type": "Hash Join",
                "Parent Relationship": "Outer",
                "Parallel Aware": true,
                "Join Type": "Inner",
                "Startup Cost": 55874.46,
                "Total Cost": 117511.39,
                "Plan Rows": 103275,
                "Plan Width": 0,
                "Actual Startup Time": 184.956,
                "Actual Total Time": 538.433,
                "Actual Rows": 166380,
                "Actual Loops": 2,
                "Inner Unique": true,
                "Hash Cond": "(mk.movie_id = t.id)",
                "Plans": [
                  {
                    "Node Type": "Seq Scan",
                    "Parent Relationship": "Outer",
                    "Parallel Aware": true,
                    "Relation Name": "movie_keyword",
                    "Alias": "mk",
                    "Startup Cost": 0.0,
                    "Total Cost": 57718.19,
                    "Plan Rows": 1492848,
                    "Plan Width": 4,
                    "Actual Startup Time": 0.367,
                    "Actual Total Time": 223.325,
                    "Actual Rows": 1263126,
                    "Actual Loops": 2,
                    "Filter": "(keyword_id > 3530)",
                    "Rows Removed by Filter": 998840
                  },
                  {
                    "Node Type": "Hash",
                    "Parent Relationship": "Inner",
                    "Parallel Aware": true,
                    "Startup Cost": 54588.39,
                    "Total Cost": 54588.39,
                    "Plan Rows": 102886,
                    "Plan Width": 4,
                    "Actual Startup Time": 179.999,
                    "Actual Total Time": 180.0,
                    "Actual Rows": 90478,
                    "Actual Loops": 2,
                    "Hash Buckets": 262144,
                    "Original Hash Buckets": 262144,
                    "Hash Batches": 1,
                    "Original Hash Batches": 1,
                    "Peak Memory Usage": 9152,
                    "Plans": [
                      {
                        "Node Type": "Seq Scan",
                        "Parent Relationship": "Outer",
                        "Parallel Aware": true,
                        "Relation Name": "title",
                        "Alias": "t",
                        "Startup Cost": 0.0,
                        "Total Cost": 54588.39,
                        "Plan Rows": 102886,
                        "Plan Width": 4,
                        "Actual Startup Time": 0.056,
                        "Actual Total Time": 156.336,
                        "Actual Rows": 90478,
                        "Actual Loops": 2,
                        "Filter": "(production_year < 1953)",
                        "Rows Removed by Filter": 1173678
                      }
                    ]
                  }
                ]
              }
            ]
          }
        ]
      }
    ]
  },
  "Planning Time": 0.444,
  "Triggers": [],
  "Execution Time": 572.808
}