{
  "Plan": {
    "Node Type": "Aggregate",
    "Strategy": "Plain",
    "Partial Mode": "Finalize",
    "Parallel Aware": false,
    "Startup Cost": 450361.2,
    "Total Cost": 450361.21,
    "Plan Rows": 1,
    "Plan Width": 8,
    "Actual Startup Time": 753.048,
    "Actual Total Time": 775.877,
    "Actual Rows": 1,
    "Actual Loops": 1,
    "Plans": [
      {
        "Node Type": "Gather",
        "Parent Relationship": "Outer",
        "Parallel Aware": false,
        "Startup Cost": 450361.09,
        "Total Cost": 450361.2,
        "Plan Rows": 1,
        "Plan Width": 8,
        "Actual Startup Time": 752.685,
        "Actual Total Time": 775.868,
        "Actual Rows": 2,
        "Actual Loops": 1,
        "Workers Planned": 1,
        "Workers Launched": 1,
        "Single Copy": false,
        "Plans": [
          {
            "Node Type": "Aggregate",
            "Strategy": "Plain",
            "Partial Mode": "Partial",
            "Parent Relationship": "Outer",
            "Parallel Aware": false,
            "Startup Cost": 449361.09,
            "Total Cost": 449361.1,
            "Plan Rows": 1,
            "Plan Width": 8,
            "Actual Startup Time": 746.522,
            "Actual Total Time": 746.525,
            "Actual Rows": 1,
            "Actual Loops": 2,
            "Plans": [
              {
                "Node Type": "Hash Join",
                "Parent Relationship": "Outer",
                "Parallel Aware": true,
                "Join Type": "Inner",
                "Startup Cost": 156945.59,
                "Total Cost": 449320.28,
                "Plan Rows": 16322,
                "Plan Width": 0,
                "Actual Startup Time": 304.101,
                "Actual Total Time": 745.61,
                "Actual Rows": 17140,
                "Actual Loops": 2,
                "Inner Unique": true,
                "Hash Cond": "(ci.movie_id = t.id)",
                "Plans": [
                  {
                    "Node Type": "Bitmap Heap Scan",
                    "Parent Relationship": "Outer",
                    "Parallel Aware": true,
                    "Relation Name": "cast_info",
                    "Alias": "ci",
                    "Startup Cost": 98523.49,
                    "Total Cost": 384010.22,
                    "Plan Rows": 2623979,
                    "Plan Width": 4,
                    "Actual Startup Time": 162.446,
                    "Actual Total Time": 388.619,
                    "Actual Rows": 2284799,
                    "Actual Loops": 2,
                    "Recheck Cond": "(person_id < 441333)",
                    "Rows Removed by Index Recheck": 0,
                    "Exact Heap Blocks": 26989,
                    "Lossy Heap Blocks": 0,
                    "Plans": [
                      {
                        "Node Type": "Bitmap Index Scan",
                        "Parent Relationship": "Outer",
                        "Parallel Aware": false,
                        "Index Name": "person_id_cast_info",
                        "Startup Cost": 0.0,
                        "Total Cost": 97408.29,
                        "Plan Rows": 4460764,
                        "Plan Width": 0,
                        "Actual Startup Time": 154.812,
                        "Actual Total Time": 154.812,
                        "Actual Rows": 4569598,
                        "Actual Loops": 1,
                        "Index Cond": "(person_id < 441333)"
                      }
                    ]
                  },
                  {
                    "Node Type": "Hash",
                    "Parent Relationship": "Inner",
                    "Parallel Aware": true,
                    "Startup Cost": 58306.47,
                    "Total Cost": 58306.47,
                    "Plan Rows": 9251,
                    "Plan Width": 4,
                    "Actual Startup Time": 140.461,
                    "Actual Total Time": 140.462,
                    "Actual Rows": 8124,
                    "Actual Loops": 2,
                    "Hash Buckets": 16384,
                    "Original Hash Buckets": 16384,
                    "Hash Batches": 1,
                    "Original Hash Batches": 1,
                    "Peak Memory Usage": 800,
                    "Plans": [
                      {
                        "Node Type": "Seq Scan",
                        "Parent Relationship": "Outer",
                        "Parallel Aware": true,
                        "Relation Name": "title",
                        "Alias": "t",
                        "Startup Cost": 0.0,
                        "Total Cost": 58306.47,
                        "Plan Rows": 9251,
                        "Plan Width": 4,
                        "Actual Startup Time": 0.046,
                        "Actual Total Time": 137.721,
                        "Actual Rows": 8124,
                        "Actual Loops": 2,
                        "Filter": "((kind_id = 7) AND (production_year = 1993))",
                        "Rows Removed by Filter": 1256032
                      }
                    ]
                  }
                ]
              }
            ]
          }
        ]
      }
    ]
  },
  "Planning Time": 0.485,
  "Triggers": [],
  "Execution Time": 775.976
}