{
  "Plan": {
    "Node Type": "Aggregate",
    "Strategy": "Plain",
    "Partial Mode": "Finalize",
    "Parallel Aware": false,
    "Startup Cost": 818191.92,
    "Total Cost": 818191.93,
    "Plan Rows": 1,
    "Plan Width": 8,
    "Actual Startup Time": 2399.527,
    "Actual Total Time": 2468.521,
    "Actual Rows": 1,
    "Actual Loops": 1,
    "Plans": [
      {
        "Node Type": "Gather",
        "Parent Relationship": "Outer",
        "Parallel Aware": false,
        "Startup Cost": 818191.81,
        "Total Cost": 818191.92,
        "Plan Rows": 1,
        "Plan Width": 8,
        "Actual Startup Time": 2395.79,
        "Actual Total Time": 2468.493,
        "Actual Rows": 2,
        "Actual Loops": 1,
        "Workers Planned": 1,
        "Workers Launched": 1,
        "Single Copy": false,
        "Plans": [
          {
            "Node Type": "Aggregate",
            "Strategy": "Plain",
            "Partial Mode": "Partial",
            "Parent Relationship": "Outer",
            "Parallel Aware": false,
            "Startup Cost": 817191.81,
            "Total Cost": 817191.82,
            "Plan Rows": 1,
            "Plan Width": 8,
            "Actual Startup Time": 2387.594,
            "Actual Total Time": 2387.599,
            "Actual Rows": 1,
            "Actual Loops": 2,
            "Plans": [
              {
                "Node Type": "Nested Loop",
                "Parent Relationship": "Outer",
                "Parallel Aware": false,
                "Join Type": "Inner",
                "Startup Cost": 88529.62,
                "Total Cost": 812413.52,
                "Plan Rows": 1911318,
                "Plan Width": 0,
                "Actual Startup Time": 533.075,
                "Actual Total Time": 2271.062,
                "Actual Rows": 2197018,
                "Actual Loops": 2,
                "Inner Unique": false,
                "Plans": [
                  {
                    "Node Type": "Hash Join",
                    "Parent Relationship": "Outer",
                    "Parallel Aware": true,
                    "Join Type": "Inner",
                    "Startup Cost": 88529.18,
                    "Total Cost": 120593.31,
                    "Plan Rows": 326872,
                    "Plan Width": 8,
                    "Actual Startup Time": 532.989,
                    "Actual Total Time": 777.248,
                    "Actual Rows": 166073,
                    "Actual Loops": 2,
                    "Inner Unique": true,
                    "Hash Cond": "(mk.movie_id = t.id)",
                    "Plans": [
                      {
                        "Node Type": "Bitmap Heap Scan",
                        "Parent Relationship": "Outer",
                        "Parallel Aware": true,
                        "Relation Name": "movie_keyword",
                        "Alias": "mk",
                        "Startup Cost": 18145.43,
                        "Total Cost": 48888.79,
                        "Plan Rows": 503149,
                        "Plan Width": 4,
                        "Actual Startup Time": 62.523,
                        "Actual Total Time": 168.543,
                        "Actual Rows": 430663,
                        "Actual Loops": 2,
                        "Recheck Cond": "(keyword_id < 820)",
                        "Rows Removed by Index Recheck": 0,
                        "Exact Heap Blocks": 10522,
                        "Lossy Heap Blocks": 0,
                        "Plans": [
                          {
                            "Node Type": "Bitmap Index Scan",
                            "Parent Relationship": "Outer",
                            "Parallel Aware": false,
                            "Index Name": "keyword_id_movie_keyword",
                            "Startup Cost": 0.0,
                            "Total Cost": 17931.59,
                            "Plan Rows": 855354,
                            "Plan Width": 0,
                            "Actual Startup Time": 58.905,
                            "Actual Total Time": 58.906,
                            "Actual Rows": 861326,
                            "Actual Loops": 1,
                            "Index Cond": "(keyword_id < 820)"
                          }
                        ]
                      },
                      {
                        "Node Type": "Hash",
                        "Parent Relationship": "Inner",
                        "Parallel Aware": true,
                        "Startup Cost": 58306.47,
                        "Total Cost": 58306.47,
                        "Plan Rows": 966183,
                        "Plan Width": 4,
                        "Actual Startup Time": 455.789,
                        "Actual Total Time": 455.79,
                        "Actual Rows": 814920,
                        "Actual Loops": 2,
                        "Hash Buckets": 2097152,
                        "Original Hash Buckets": 2097152,
                        "Hash Batches": 1,
                        "Original Hash Batches": 1,
                        "Peak Memory Usage": 80192,
                        "Plans": [
                          {
                            "Node Type": "Seq Scan",
                            "Parent Relationship": "Outer",
                            "Parallel Aware": true,
                            "Relation Name": "title",
                            "Alias": "t",
                            "Startup Cost": 0.0,
                            "Total Cost": 58306.47,
                            "Plan Rows": 966183,
                            "Plan Width": 4,
                            "Actual Startup Time": 0.043,
                            "Actual Total Time": 209.815,
                            "Actual Rows": 814920,
                            "Actual Loops": 2,
                            "Filter": "((kind_id > 1) AND (production_year < 2012))",
                            "Rows Removed by Filter": 449236
                          }
                        ]
                      }
                    ]
                  },
                  {
                    "Node Type": "Index Only Scan",
                    "Parent Relationship": "Inner",
                    "Parallel Aware": false,
                    "Scan Direction": "Forward",
                    "Index Name": "movie_id_movie_info",
                    "Relation Name": "movie_info",
                    "Alias": "mi",
                    "Startup Cost": 0.43,
                    "Total Cost": 1.7,
                    "Plan Rows": 42,
                    "Plan Width": 4,
                    "Actual Startup Time": 0.003,
                    "Actual Total Time": 0.008,
                    "Actual Rows": 13,
                    "Actual Loops": 332146,
                    "Index Cond": "(movie_id = t.id)",
                    "Rows Removed by Index Recheck": 0,
                    "Heap Fetches": 4394037
                  }
                ]
              }
            ]
          }
        ]
      }
    ]
  },
  "Planning Time": 1.125,
  "Triggers": [],
  "Execution Time": 2468.658
}