{
  "Plan": {
    "Node Type": "Aggregate",
    "Strategy": "Plain",
    "Partial Mode": "Finalize",
    "Parallel Aware": false,
    "Startup Cost": 340591.18,
    "Total Cost": 340591.19,
    "Plan Rows": 1,
    "Plan Width": 8,
    "Actual Startup Time": 287.174,
    "Actual Total Time": 299.678,
    "Actual Rows": 1,
    "Actual Loops": 1,
    "Plans": [
      {
        "Node Type": "Gather",
        "Parent Relationship": "Outer",
        "Parallel Aware": false,
        "Startup Cost": 340591.07,
        "Total Cost": 340591.18,
        "Plan Rows": 1,
        "Plan Width": 8,
        "Actual Startup Time": 286.973,
        "Actual Total Time": 299.671,
        "Actual Rows": 2,
        "Actual Loops": 1,
        "Workers Planned": 1,
        "Workers Launched": 1,
        "Single Copy": false,
        "Plans": [
          {
            "Node Type": "Aggregate",
            "Strategy": "Plain",
            "Partial Mode": "Partial",
            "Parent Relationship": "Outer",
            "Parallel Aware": false,
            "Startup Cost": 339591.07,
            "Total Cost": 339591.08,
            "Plan Rows": 1,
            "Plan Width": 8,
            "Actual Startup Time": 280.904,
            "Actual Total Time": 280.907,
            "Actual Rows": 1,
            "Actual Loops": 2,
            "Plans": [
              {
                "Node Type": "Hash Join",
                "Parent Relationship": "Outer",
                "Parallel Aware": true,
                "Join Type": "Inner",
                "Startup Cost": 78708.03,
                "Total Cost": 339586.27,
                "Plan Rows": 1918,
                "Plan Width": 0,
                "Actual Startup Time": 184.733,
                "Actual Total Time": 280.78,
                "Actual Rows": 1604,
                "Actual Loops": 2,
                "Inner Unique": true,
                "Hash Cond": "(ci.movie_id = t.id)",
                "Plans": [
                  {
                    "Node Type": "Bitmap Heap Scan",
                    "Parent Relationship": "Outer",
                    "Parallel Aware": true,
                    "Relation Name": "cast_info",
                    "Alias": "ci",
                    "Startup Cost": 20335.74,
                    "Total Cost": 279792.36,
                    "Plan Rows": 541569,
                    "Plan Width": 4,
                    "Actual Startup Time": 31.453,
                    "Actual Total Time": 81.971,
                    "Actual Rows": 457036,
                    "Actual Loops": 2,
                    "Recheck Cond": "(person_id < 95292)",
                    "Rows Removed by Index Recheck": 0,
                    "Exact Heap Blocks": 6486,
                    "Lossy Heap Blocks": 0,
                    "Plans": [
                      {
                        "Node Type": "Bitmap Index Scan",
                        "Parent Relationship": "Outer",
                        "Parallel Aware": false,
                        "Index Name": "person_id_cast_info",
                        "Startup Cost": 0.0,
                        "Total Cost": 20105.57,
                        "Plan Rows": 920668,
                        "Plan Width": 0,
                        "Actual Startup Time": 30.031,
                        "Actual Total Time": 30.031,
                        "Actual Rows": 914072,
                        "Actual Loops": 1,
                        "Index Cond": "(person_id < 95292)"
                      }
                    ]
                  },
                  {
                    "Node Type": "Hash",
                    "Parent Relationship": "Inner",
                    "Parallel Aware": true,
                    "Startup Cost": 58306.47,
                    "Total Cost": 58306.47,
                    "Plan Rows": 5266,
                    "Plan Width": 4,
                    "Actual Startup Time": 151.918,
                    "Actual Total Time": 151.918,
                    "Actual Rows": 4686,
                    "Actual Loops": 2,
                    "Hash Buckets": 16384,
                    "Original Hash Buckets": 16384,
                    "Hash Batches": 1,
                    "Original Hash Batches": 1,
                    "Peak Memory Usage": 512,
                    "Plans": [
                      {
                        "Node Type": "Seq Scan",
                        "Parent Relationship": "Outer",
                        "Parallel Aware": true,
                        "Relation Name": "title",
                        "Alias": "t",
                        "Startup Cost": 0.0,
                        "Total Cost": 58306.47,
                        "Plan Rows": 5266,
                        "Plan Width": 4,
                        "Actual Startup Time": 0.33,
                        "Actual Total Time": 149.743,
                        "Actual Rows": 4686,
                        "Actual Loops": 2,
                        "Filter": "((kind_id > 1) AND (production_year = 1972))",
                        "Rows Removed by Filter": 1259470
                      }
                    ]
                  }
                ]
              }
            ]
          }
        ]
      }
    ]
  },
  "Planning Time": 0.509,
  "Triggers": [],
  "Execution Time": 299.776
}