[
  {
    "Plan": {
      "Node Type": "Aggregate",
      "Strategy": "Plain",
      "Partial Mode": "Finalize",
      "Parallel Aware": false,
      "Startup Cost": 70717.98,
      "Total Cost": 70717.99,
      "Plan Rows": 1,
      "Plan Width": 8,
      "Actual Startup Time": 211.733,
      "Actual Total Time": 225.702,
      "Actual Rows": 1,
      "Actual Loops": 1,
      "Plans": [
        {
          "Node Type": "Gather",
          "Parent Relationship": "Outer",
          "Parallel Aware": false,
          "Startup Cost": 70717.66,
          "Total Cost": 70717.97,
          "Plan Rows": 3,
          "Plan Width": 8,
          "Actual Startup Time": 209.214,
          "Actual Total Time": 225.691,
          "Actual Rows": 4,
          "Actual Loops": 1,
          "Workers Planned": 3,
          "Workers Launched": 3,
          "Single Copy": false,
          "Plans": [
            {
              "Node Type": "Aggregate",
              "Strategy": "Plain",
              "Partial Mode": "Partial",
              "Parent Relationship": "Outer",
              "Parallel Aware": false,
              "Startup Cost": 69717.66,
              "Total Cost": 69717.67,
              "Plan Rows": 1,
              "Plan Width": 8,
              "Actual Startup Time": 199.823,
              "Actual Total Time": 199.827,
              "Actual Rows": 1,
              "Actual Loops": 4,
              "Plans": [
                {
                  "Node Type": "Hash Join",
                  "Parent Relationship": "Outer",
                  "Parallel Aware": true,
                  "Join Type": "Inner",
                  "Startup Cost": 50003.77,
                  "Total Cost": 69708.88,
                  "Plan Rows": 3512,
                  "Plan Width": 0,
                  "Actual Startup Time": 176.932,
                  "Actual Total Time": 199.619,
                  "Actual Rows": 1944,
                  "Actual Loops": 4,
                  "Inner Unique": true,
                  "Hash Cond": "(mc.movie_id = t.id)",
                  "Plans": [
                    {
                      "Node Type": "Bitmap Heap Scan",
                      "Parent Relationship": "Outer",
                      "Parallel Aware": true,
                      "Relation Name": "movie_companies",
                      "Alias": "mc",
                      "Startup Cost": 4066.02,
                      "Total Cost": 23612.31,
                      "Plan Rows": 60503,
                      "Plan Width": 4,
                      "Actual Startup Time": 17.751,
                      "Actual Total Time": 45.836,
                      "Actual Rows": 46511,
                      "Actual Loops": 4,
                      "Recheck Cond": "(company_id < 49)",
                      "Rows Removed by Index Recheck": 0,
                      "Exact Heap Blocks": 5081,
                      "Lossy Heap Blocks": 0,
                      "Plans": [
                        {
                          "Node Type": "Bitmap Index Scan",
                          "Parent Relationship": "Outer",
                          "Parallel Aware": false,
                          "Index Name": "company_id_movie_companies",
                          "Startup Cost": 0.0,
                          "Total Cost": 4019.13,
                          "Plan Rows": 187560,
                          "Plan Width": 0,
                          "Actual Startup Time": 14.311,
                          "Actual Total Time": 14.312,
                          "Actual Rows": 186044,
                          "Actual Loops": 1,
                          "Index Cond": "(company_id < 49)"
                        }
                      ]
                    },
                    {
                      "Node Type": "Hash",
                      "Parent Relationship": "Inner",
                      "Parallel Aware": true,
                      "Startup Cost": 45479.1,
                      "Total Cost": 45479.1,
                      "Plan Rows": 36692,
                      "Plan Width": 4,
                      "Actual Startup Time": 138.811,
                      "Actual Total Time": 138.812,
                      "Actual Rows": 71784,
                      "Actual Loops": 4,
                      "Hash Buckets": 524288,
                      "Original Hash Buckets": 262144,
                      "Hash Batches": 1,
                      "Original Hash Batches": 1,
                      "Peak Memory Usage": 17440,
                      "Plans": [
                        {
                          "Node Type": "Seq Scan",
                          "Parent Relationship": "Outer",
                          "Parallel Aware": true,
                          "Relation Name": "title",
                          "Alias": "t",
                          "Startup Cost": 0.0,
                          "Total Cost": 45479.1,
                          "Plan Rows": 36692,
                          "Plan Width": 4,
                          "Actual Startup Time": 62.182,
                          "Actual Total Time": 108.403,
                          "Actual Rows": 71784,
                          "Actual Loops": 4,
                          "Filter": "((kind_id < 2) AND (production_year < 1984))",
                          "Rows Removed by Filter": 560294
                        }
                      ]
                    }
                  ]
                }
              ]
            }
          ]
        }
      ]
    },
    "Planning Time": 0.66,
    "Triggers": [],
    "Execution Time": 225.802
  }
]