{
  "Plan": {
    "Node Type": "Aggregate",
    "Strategy": "Plain",
    "Partial Mode": "Finalize",
    "Parallel Aware": false,
    "Startup Cost": 493447.75,
    "Total Cost": 493447.76,
    "Plan Rows": 1,
    "Plan Width": 8,
    "Actual Startup Time": 290.519,
    "Actual Total Time": 338.593,
    "Actual Rows": 1,
    "Actual Loops": 1,
    "Plans": [
      {
        "Node Type": "Gather",
        "Parent Relationship": "Outer",
        "Parallel Aware": false,
        "Startup Cost": 493447.63,
        "Total Cost": 493447.74,
        "Plan Rows": 1,
        "Plan Width": 8,
        "Actual Startup Time": 290.408,
        "Actual Total Time": 338.584,
        "Actual Rows": 2,
        "Actual Loops": 1,
        "Workers Planned": 1,
        "Workers Launched": 1,
        "Single Copy": false,
        "Plans": [
          {
            "Node Type": "Aggregate",
            "Strategy": "Plain",
            "Partial Mode": "Partial",
            "Parent Relationship": "Outer",
            "Parallel Aware": false,
            "Startup Cost": 492447.63,
            "Total Cost": 492447.64,
            "Plan Rows": 1,
            "Plan Width": 8,
            "Actual Startup Time": 284.434,
            "Actual Total Time": 284.436,
            "Actual Rows": 1,
            "Actual Loops": 2,
            "Plans": [
              {
                "Node Type": "Nested Loop",
                "Parent Relationship": "Outer",
                "Parallel Aware": false,
                "Join Type": "Inner",
                "Startup Cost": 0.56,
                "Total Cost": 492316.75,
                "Plan Rows": 52353,
                "Plan Width": 0,
                "Actual Startup Time": 0.269,
                "Actual Total Time": 281.259,
                "Actual Rows": 50676,
                "Actual Loops": 2,
                "Inner Unique": false,
                "Plans": [
                  {
                    "Node Type": "Seq Scan",
                    "Parent Relationship": "Outer",
                    "Parallel Aware": true,
                    "Relation Name": "title",
                    "Alias": "t",
                    "Startup Cost": 0.0,
                    "Total Cost": 58306.47,
                    "Plan Rows": 4238,
                    "Plan Width": 4,
                    "Actual Startup Time": 0.092,
                    "Actual Total Time": 127.927,
                    "Actual Rows": 3542,
                    "Actual Loops": 2,
                    "Filter": "((kind_id < 7) AND (production_year = 1983))",
                    "Rows Removed by Filter": 1260614
                  },
                  {
                    "Node Type": "Index Scan",
                    "Parent Relationship": "Inner",
                    "Parallel Aware": false,
                    "Scan Direction": "Forward",
                    "Index Name": "movie_id_cast_info",
                    "Relation Name": "cast_info",
                    "Alias": "ci",
                    "Startup Cost": 0.56,
                    "Total Cost": 102.09,
                    "Plan Rows": 32,
                    "Plan Width": 4,
                    "Actual Startup Time": 0.008,
                    "Actual Total Time": 0.042,
                    "Actual Rows": 14,
                    "Actual Loops": 7085,
                    "Index Cond": "(movie_id = t.id)",
                    "Rows Removed by Index Recheck": 0,
                    "Filter": "(person_id < 3194840)",
                    "Rows Removed by Filter": 2
                  }
                ]
              }
            ]
          }
        ]
      }
    ]
  },
  "Planning Time": 0.536,
  "Triggers": [],
  "Execution Time": 338.682
}