[
  {
    "Plan": {
      "Node Type": "Aggregate",
      "Strategy": "Plain",
      "Partial Mode": "Finalize",
      "Parallel Aware": false,
      "Startup Cost": 166285.92,
      "Total Cost": 166285.93,
      "Plan Rows": 1,
      "Plan Width": 8,
      "Actual Startup Time": 107.237,
      "Actual Total Time": 126.77,
      "Actual Rows": 1,
      "Actual Loops": 1,
      "Plans": [
        {
          "Node Type": "Gather",
          "Parent Relationship": "Outer",
          "Parallel Aware": false,
          "Startup Cost": 166285.5,
          "Total Cost": 166285.91,
          "Plan Rows": 4,
          "Plan Width": 8,
          "Actual Startup Time": 106.939,
          "Actual Total Time": 126.747,
          "Actual Rows": 5,
          "Actual Loops": 1,
          "Workers Planned": 4,
          "Workers Launched": 4,
          "Single Copy": false,
          "Plans": [
            {
              "Node Type": "Aggregate",
              "Strategy": "Plain",
              "Partial Mode": "Partial",
              "Parent Relationship": "Outer",
              "Parallel Aware": false,
              "Startup Cost": 165285.5,
              "Total Cost": 165285.51,
              "Plan Rows": 1,
              "Plan Width": 8,
              "Actual Startup Time": 101.595,
              "Actual Total Time": 101.596,
              "Actual Rows": 1,
              "Actual Loops": 5,
              "Plans": [
                {
                  "Node Type": "Nested Loop",
                  "Parent Relationship": "Outer",
                  "Parallel Aware": false,
                  "Join Type": "Inner",
                  "Startup Cost": 0.43,
                  "Total Cost": 165284.08,
                  "Plan Rows": 568,
                  "Plan Width": 0,
                  "Actual Startup Time": 45.071,
                  "Actual Total Time": 101.47,
                  "Actual Rows": 967,
                  "Actual Loops": 5,
                  "Inner Unique": false,
                  "Plans": [
                    {
                      "Node Type": "Seq Scan",
                      "Parent Relationship": "Outer",
                      "Parallel Aware": true,
                      "Relation Name": "title",
                      "Alias": "t",
                      "Startup Cost": 0.0,
                      "Total Cost": 45479.59,
                      "Plan Rows": 1095,
                      "Plan Width": 4,
                      "Actual Startup Time": 44.872,
                      "Actual Total Time": 70.299,
                      "Actual Rows": 903,
                      "Actual Loops": 5,
                      "Filter": "((kind_id = 1) AND (production_year = 1984))",
                      "Rows Removed by Filter": 504760
                    },
                    {
                      "Node Type": "Index Scan",
                      "Parent Relationship": "Inner",
                      "Parallel Aware": false,
                      "Scan Direction": "Forward",
                      "Index Name": "movie_id_movie_info",
                      "Relation Name": "movie_info",
                      "Alias": "mi",
                      "Startup Cost": 0.43,
                      "Total Cost": 109.37,
                      "Plan Rows": 4,
                      "Plan Width": 4,
                      "Actual Startup Time": 0.031,
                      "Actual Total Time": 0.034,
                      "Actual Rows": 1,
                      "Actual Loops": 4514,
                      "Index Cond": "(movie_id = t.id)",
                      "Rows Removed by Index Recheck": 0,
                      "Filter": "(info_type_id = 8)",
                      "Rows Removed by Filter": 12
                    }
                  ]
                }
              ]
            }
          ]
        }
      ]
    },
    "Planning Time": 0.266,
    "Triggers": [],
    "Execution Time": 126.836
  }
]