[
  {
    "Plan": {
      "Node Type": "Aggregate",
      "Strategy": "Plain",
      "Partial Mode": "Finalize",
      "Parallel Aware": false,
      "Startup Cost": 44980.7,
      "Total Cost": 44980.71,
      "Plan Rows": 1,
      "Plan Width": 8,
      "Actual Startup Time": 120.279,
      "Actual Total Time": 129.295,
      "Actual Rows": 1,
      "Actual Loops": 1,
      "Plans": [
        {
          "Node Type": "Gather",
          "Parent Relationship": "Outer",
          "Parallel Aware": false,
          "Startup Cost": 44980.38,
          "Total Cost": 44980.69,
          "Plan Rows": 3,
          "Plan Width": 8,
          "Actual Startup Time": 120.106,
          "Actual Total Time": 129.285,
          "Actual Rows": 4,
          "Actual Loops": 1,
          "Workers Planned": 3,
          "Workers Launched": 3,
          "Single Copy": false,
          "Plans": [
            {
              "Node Type": "Aggregate",
              "Strategy": "Plain",
              "Partial Mode": "Partial",
              "Parent Relationship": "Outer",
              "Parallel Aware": false,
              "Startup Cost": 43980.38,
              "Total Cost": 43980.39,
              "Plan Rows": 1,
              "Plan Width": 8,
              "Actual Startup Time": 115.416,
              "Actual Total Time": 115.417,
              "Actual Rows": 1,
              "Actual Loops": 4,
              "Plans": [
                {
                  "Node Type": "Seq Scan",
                  "Parent Relationship": "Outer",
                  "Parallel Aware": true,
                  "Relation Name": "movie_keyword",
                  "Alias": "mk",
                  "Startup Cost": 0.0,
                  "Total Cost": 42695.65,
                  "Plan Rows": 513890,
                  "Plan Width": 0,
                  "Actual Startup Time": 0.547,
                  "Actual Total Time": 98.334,
                  "Actual Rows": 396818,
                  "Actual Loops": 4,
                  "Filter": "(keyword_id > 9790)",
                  "Rows Removed by Filter": 734164
                }
              ]
            }
          ]
        }
      ]
    },
    "Planning Time": 0.094,
    "Triggers": [],
    "Execution Time": 129.333
  }
]