{
  "Plan": {
    "Node Type": "Aggregate",
    "Strategy": "Plain",
    "Partial Mode": "Finalize",
    "Parallel Aware": false,
    "Startup Cost": 77026.99,
    "Total Cost": 77027.0,
    "Plan Rows": 1,
    "Plan Width": 8,
    "Actual Startup Time": 335.063,
    "Actual Total Time": 344.06,
    "Actual Rows": 1,
    "Actual Loops": 1,
    "Plans": [
      {
        "Node Type": "Gather",
        "Parent Relationship": "Outer",
        "Parallel Aware": false,
        "Startup Cost": 77026.87,
        "Total Cost": 77026.98,
        "Plan Rows": 1,
        "Plan Width": 8,
        "Actual Startup Time": 333.495,
        "Actual Total Time": 344.052,
        "Actual Rows": 2,
        "Actual Loops": 1,
        "Workers Planned": 1,
        "Workers Launched": 1,
        "Single Copy": false,
        "Plans": [
          {
            "Node Type": "Aggregate",
            "Strategy": "Plain",
            "Partial Mode": "Partial",
            "Parent Relationship": "Outer",
            "Parallel Aware": false,
            "Startup Cost": 76026.87,
            "Total Cost": 76026.88,
            "Plan Rows": 1,
            "Plan Width": 8,
            "Actual Startup Time": 329.064,
            "Actual Total Time": 329.068,
            "Actual Rows": 1,
            "Actual Loops": 2,
            "Plans": [
              {
                "Node Type": "Hash Join",
                "Parent Relationship": "Outer",
                "Parallel Aware": true,
                "Join Type": "Inner",
                "Startup Cost": 56338.05,
                "Total Cost": 75839.5,
                "Plan Rows": 74950,
                "Plan Width": 0,
                "Actual Startup Time": 224.619,
                "Actual Total Time": 321.702,
                "Actual Rows": 144686,
                "Actual Loops": 2,
                "Inner Unique": true,
                "Hash Cond": "(mi_idx.movie_id = t.id)",
                "Plans": [
                  {
                    "Node Type": "Seq Scan",
                    "Parent Relationship": "Outer",
                    "Parallel Aware": true,
                    "Relation Name": "movie_info_idx",
                    "Alias": "mi_idx",
                    "Startup Cost": 0.0,
                    "Total Cost": 18082.32,
                    "Plan Rows": 540622,
                    "Plan Width": 4,
                    "Actual Startup Time": 0.023,
                    "Actual Total Time": 71.929,
                    "Actual Rows": 459925,
                    "Actual Loops": 2,
                    "Filter": "(info_type_id < 101)",
                    "Rows Removed by Filter": 230092
                  },
                  {
                    "Node Type": "Hash",
                    "Parent Relationship": "Inner",
                    "Parallel Aware": true,
                    "Startup Cost": 53760.74,
                    "Total Cost": 53760.74,
                    "Plan Rows": 206185,
                    "Plan Width": 4,
                    "Actual Startup Time": 165.297,
                    "Actual Total Time": 165.299,
                    "Actual Rows": 212286,
                    "Actual Loops": 2,
                    "Hash Buckets": 524288,
                    "Original Hash Buckets": 524288,
                    "Hash Batches": 1,
                    "Original Hash Batches": 1,
                    "Peak Memory Usage": 20736,
                    "Plans": [
                      {
                        "Node Type": "Bitmap Heap Scan",
                        "Parent Relationship": "Outer",
                        "Parallel Aware": true,
                        "Relation Name": "title",
                        "Alias": "t",
                        "Startup Cost": 11910.48,
                        "Total Cost": 53760.74,
                        "Plan Rows": 206185,
                        "Plan Width": 4,
                        "Actual Startup Time": 37.396,
                        "Actual Total Time": 113.332,
                        "Actual Rows": 212286,
                        "Actual Loops": 2,
                        "Recheck Cond": "(kind_id = 1)",
                        "Rows Removed by Index Recheck": 0,
                        "Filter": "(production_year < 2005)",
                        "Rows Removed by Filter": 119126,
                        "Exact Heap Blocks": 8924,
                        "Lossy Heap Blocks": 0,
                        "Plans": [
                          {
                            "Node Type": "Bitmap Index Scan",
                            "Parent Relationship": "Outer",
                            "Parallel Aware": false,
                            "Index Name": "kind_id_title",
                            "Startup Cost": 0.0,
                            "Total Cost": 11822.85,
                            "Plan Rows": 663256,
                            "Plan Width": 0,
                            "Actual Startup Time": 35.215,
                            "Actual Total Time": 35.216,
                            "Actual Rows": 662825,
                            "Actual Loops": 1,
                            "Index Cond": "(kind_id = 1)"
                          }
                        ]
                      }
                    ]
                  }
                ]
              }
            ]
          }
        ]
      }
    ]
  },
  "Planning Time": 0.573,
  "Triggers": [],
  "Execution Time": 344.144
}