[
    {
        "Bao": {
            "Bao prediction": "NaN",
            "Bao recommended hint": "(no hint)"
        }
    },
    {
        "Plan": {
            "Node Type": "Aggregate",
            "Strategy": "Plain",
            "Partial Mode": "Simple",
            "Parallel Aware": false,
            "Startup Cost": 174565.27,
            "Total Cost": 174565.28,
            "Plan Rows": 1,
            "Plan Width": 8,
            "Actual Startup Time": 40.457,
            "Actual Total Time": 40.458,
            "Actual Rows": 1,
            "Actual Loops": 1,
            "Output": [
                "count(*)"
            ],
            "Plans": [
                {
                    "Node Type": "Bitmap Heap Scan",
                    "Parent Relationship": "Outer",
                    "Parallel Aware": false,
                    "Relation Name": "movie_info",
                    "Schema": "public",
                    "Alias": "mi",
                    "Startup Cost": 3142.16,
                    "Total Cost": 174132.46,
                    "Plan Rows": 173126,
                    "Plan Width": 0,
                    "Actual Startup Time": 8.353,
                    "Actual Total Time": 33.385,
                    "Actual Rows": 180112,
                    "Actual Loops": 1,
                    "Recheck Cond": "(mi.info_type_id = 13)",
                    "Rows Removed by Index Recheck": 0,
                    "Exact Heap Blocks": 5815,
                    "Lossy Heap Blocks": 0,
                    "Plans": [
                        {
                            "Node Type": "Bitmap Index Scan",
                            "Parent Relationship": "Outer",
                            "Parallel Aware": false,
                            "Index Name": "info_type_id_movie_info",
                            "Startup Cost": 0.0,
                            "Total Cost": 3098.88,
                            "Plan Rows": 173126,
                            "Plan Width": 0,
                            "Actual Startup Time": 7.691,
                            "Actual Total Time": 7.692,
                            "Actual Rows": 180112,
                            "Actual Loops": 1,
                            "Index Cond": "(mi.info_type_id = 13)"
                        }
                    ]
                }
            ]
        },
        "Planning Time": 182.074,
        "Triggers": [],
        "Execution Time": 40.538
    }
]