[
  {
    "Plan": {
      "Node Type": "Aggregate",
      "Strategy": "Plain",
      "Partial Mode": "Finalize",
      "Parallel Aware": false,
      "Startup Cost": 44533.77,
      "Total Cost": 44533.78,
      "Plan Rows": 1,
      "Plan Width": 8,
      "Actual Startup Time": 46.225,
      "Actual Total Time": 53.257,
      "Actual Rows": 1,
      "Actual Loops": 1,
      "Plans": [
        {
          "Node Type": "Gather",
          "Parent Relationship": "Outer",
          "Parallel Aware": false,
          "Startup Cost": 44533.56,
          "Total Cost": 44533.77,
          "Plan Rows": 2,
          "Plan Width": 8,
          "Actual Startup Time": 45.979,
          "Actual Total Time": 53.251,
          "Actual Rows": 3,
          "Actual Loops": 1,
          "Workers Planned": 2,
          "Workers Launched": 2,
          "Single Copy": false,
          "Plans": [
            {
              "Node Type": "Aggregate",
              "Strategy": "Plain",
              "Partial Mode": "Partial",
              "Parent Relationship": "Outer",
              "Parallel Aware": false,
              "Startup Cost": 43533.56,
              "Total Cost": 43533.57,
              "Plan Rows": 1,
              "Plan Width": 8,
              "Actual Startup Time": 37.854,
              "Actual Total Time": 37.856,
              "Actual Rows": 1,
              "Actual Loops": 3,
              "Plans": [
                {
                  "Node Type": "Nested Loop",
                  "Parent Relationship": "Outer",
                  "Parallel Aware": false,
                  "Join Type": "Inner",
                  "Startup Cost": 183.91,
                  "Total Cost": 43530.9,
                  "Plan Rows": 1062,
                  "Plan Width": 0,
                  "Actual Startup Time": 21.855,
                  "Actual Total Time": 37.843,
                  "Actual Rows": 29,
                  "Actual Loops": 3,
                  "Inner Unique": false,
                  "Plans": [
                    {
                      "Node Type": "Nested Loop",
                      "Parent Relationship": "Outer",
                      "Parallel Aware": false,
                      "Join Type": "Inner",
                      "Startup Cost": 183.47,
                      "Total Cost": 41593.09,
                      "Plan Rows": 501,
                      "Plan Width": 8,
                      "Actual Startup Time": 5.298,
                      "Actual Total Time": 37.253,
                      "Actual Rows": 14,
                      "Actual Loops": 3,
                      "Inner Unique": true,
                      "Plans": [
                        {
                          "Node Type": "Bitmap Heap Scan",
                          "Parent Relationship": "Outer",
                          "Parallel Aware": true,
                          "Relation Name": "movie_keyword",
                          "Alias": "mk",
                          "Startup Cost": 183.04,
                          "Total Cost": 17479.26,
                          "Plan Rows": 3581,
                          "Plan Width": 4,
                          "Actual Startup Time": 2.871,
                          "Actual Total Time": 12.371,
                          "Actual Rows": 2517,
                          "Actual Loops": 3,
                          "Recheck Cond": "(keyword_id = 910)",
                          "Rows Removed by Index Recheck": 0,
                          "Exact Heap Blocks": 4457,
                          "Lossy Heap Blocks": 0,
                          "Plans": [
                            {
                              "Node Type": "Bitmap Index Scan",
                              "Parent Relationship": "Outer",
                              "Parallel Aware": false,
                              "Index Name": "keyword_id_movie_keyword",
                              "Startup Cost": 0.0,
                              "Total Cost": 180.89,
                              "Plan Rows": 8595,
                              "Plan Width": 0,
                              "Actual Startup Time": 5.174,
                              "Actual Total Time": 5.175,
                              "Actual Rows": 7552,
                              "Actual Loops": 1,
                              "Index Cond": "(keyword_id = 910)"
                            }
                          ]
                        },
                        {
                          "Node Type": "Index Scan",
                          "Parent Relationship": "Inner",
                          "Parallel Aware": false,
                          "Scan Direction": "Forward",
                          "Index Name": "title_pkey",
                          "Relation Name": "title",
                          "Alias": "t",
                          "Startup Cost": 0.43,
                          "Total Cost": 6.73,
                          "Plan Rows": 1,
                          "Plan Width": 4,
                          "Actual Startup Time": 0.009,
                          "Actual Total Time": 0.009,
                          "Actual Rows": 0,
                          "Actual Loops": 7552,
                          "Index Cond": "(id = mk.movie_id)",
                          "Rows Removed by Index Recheck": 0,
                          "Filter": "((kind_id > 4) AND (production_year < 1985))",
                          "Rows Removed by Filter": 1
                        }
                      ]
                    },
                    {
                      "Node Type": "Index Scan",
                      "Parent Relationship": "Inner",
                      "Parallel Aware": false,
                      "Scan Direction": "Forward",
                      "Index Name": "movie_id_movie_info",
                      "Relation Name": "movie_info",
                      "Alias": "mi",
                      "Startup Cost": 0.43,
                      "Total Cost": 3.72,
                      "Plan Rows": 15,
                      "Plan Width": 4,
                      "Actual Startup Time": 0.031,
                      "Actual Total Time": 0.042,
                      "Actual Rows": 2,
                      "Actual Loops": 41,
                      "Index Cond": "(movie_id = t.id)",
                      "Rows Removed by Index Recheck": 0,
                      "Filter": "(info_type_id < 6)",
                      "Rows Removed by Filter": 8
                    }
                  ]
                }
              ]
            }
          ]
        }
      ]
    },
    "Planning Time": 1.395,
    "Triggers": [],
    "Execution Time": 53.36
  }
]