[
  {
    "Plan": {
      "Node Type": "Aggregate",
      "Strategy": "Plain",
      "Partial Mode": "Finalize",
      "Parallel Aware": false,
      "Startup Cost": 256585.72,
      "Total Cost": 256585.73,
      "Plan Rows": 1,
      "Plan Width": 8,
      "Actual Startup Time": 1442.038,
      "Actual Total Time": 1487.262,
      "Actual Rows": 1,
      "Actual Loops": 1,
      "Plans": [
        {
          "Node Type": "Gather",
          "Parent Relationship": "Outer",
          "Parallel Aware": false,
          "Startup Cost": 256585.2,
          "Total Cost": 256585.71,
          "Plan Rows": 5,
          "Plan Width": 8,
          "Actual Startup Time": 1421.485,
          "Actual Total Time": 1487.251,
          "Actual Rows": 6,
          "Actual Loops": 1,
          "Workers Planned": 5,
          "Workers Launched": 5,
          "Single Copy": false,
          "Plans": [
            {
              "Node Type": "Aggregate",
              "Strategy": "Plain",
              "Partial Mode": "Partial",
              "Parent Relationship": "Outer",
              "Parallel Aware": false,
              "Startup Cost": 255585.2,
              "Total Cost": 255585.21,
              "Plan Rows": 1,
              "Plan Width": 8,
              "Actual Startup Time": 1408.797,
              "Actual Total Time": 1408.8,
              "Actual Rows": 1,
              "Actual Loops": 6,
              "Plans": [
                {
                  "Node Type": "Hash Join",
                  "Parent Relationship": "Outer",
                  "Parallel Aware": true,
                  "Join Type": "Inner",
                  "Startup Cost": 50286.98,
                  "Total Cost": 249608.74,
                  "Plan Rows": 2390582,
                  "Plan Width": 0,
                  "Actual Startup Time": 237.543,
                  "Actual Total Time": 1321.03,
                  "Actual Rows": 1823761,
                  "Actual Loops": 6,
                  "Inner Unique": true,
                  "Hash Cond": "(mi.movie_id = t.id)",
                  "Plans": [
                    {
                      "Node Type": "Seq Scan",
                      "Parent Relationship": "Outer",
                      "Parallel Aware": true,
                      "Relation Name": "movie_info",
                      "Alias": "mi",
                      "Startup Cost": 0.0,
                      "Total Cost": 191560.33,
                      "Plan Rows": 2956733,
                      "Plan Width": 4,
                      "Actual Startup Time": 0.034,
                      "Actual Total Time": 324.033,
                      "Actual Rows": 2472620,
                      "Actual Loops": 6
                    },
                    {
                      "Node Type": "Hash",
                      "Parent Relationship": "Inner",
                      "Parallel Aware": true,
                      "Startup Cost": 43898.92,
                      "Total Cost": 43898.92,
                      "Plan Rows": 511045,
                      "Plan Width": 4,
                      "Actual Startup Time": 232.047,
                      "Actual Total Time": 232.048,
                      "Actual Rows": 338740,
                      "Actual Loops": 6,
                      "Hash Buckets": 2097152,
                      "Original Hash Buckets": 2097152,
                      "Hash Batches": 1,
                      "Original Hash Batches": 1,
                      "Peak Memory Usage": 95968,
                      "Plans": [
                        {
                          "Node Type": "Seq Scan",
                          "Parent Relationship": "Outer",
                          "Parallel Aware": true,
                          "Relation Name": "title",
                          "Alias": "t",
                          "Startup Cost": 0.0,
                          "Total Cost": 43898.92,
                          "Plan Rows": 511045,
                          "Plan Width": 4,
                          "Actual Startup Time": 0.038,
                          "Actual Total Time": 94.405,
                          "Actual Rows": 338740,
                          "Actual Loops": 6,
                          "Filter": "(production_year > 1973)",
                          "Rows Removed by Filter": 82646
                        }
                      ]
                    }
                  ]
                }
              ]
            }
          ]
        }
      ]
    },
    "Planning Time": 0.634,
    "Triggers": [],
    "Execution Time": 1487.349
  }
]