[
  {
    "Plan": {
      "Node Type": "Aggregate",
      "Strategy": "Plain",
      "Partial Mode": "Finalize",
      "Parallel Aware": false,
      "Startup Cost": 84290.21,
      "Total Cost": 84290.22,
      "Plan Rows": 1,
      "Plan Width": 8,
      "Actual Startup Time": 246.544,
      "Actual Total Time": 259.588,
      "Actual Rows": 1,
      "Actual Loops": 1,
      "Plans": [
        {
          "Node Type": "Gather",
          "Parent Relationship": "Outer",
          "Parallel Aware": false,
          "Startup Cost": 84289.89,
          "Total Cost": 84290.2,
          "Plan Rows": 3,
          "Plan Width": 8,
          "Actual Startup Time": 245.906,
          "Actual Total Time": 259.575,
          "Actual Rows": 4,
          "Actual Loops": 1,
          "Workers Planned": 3,
          "Workers Launched": 3,
          "Single Copy": false,
          "Plans": [
            {
              "Node Type": "Aggregate",
              "Strategy": "Plain",
              "Partial Mode": "Partial",
              "Parent Relationship": "Outer",
              "Parallel Aware": false,
              "Startup Cost": 83289.89,
              "Total Cost": 83289.9,
              "Plan Rows": 1,
              "Plan Width": 8,
              "Actual Startup Time": 239.15,
              "Actual Total Time": 239.154,
              "Actual Rows": 1,
              "Actual Loops": 4,
              "Plans": [
                {
                  "Node Type": "Hash Join",
                  "Parent Relationship": "Outer",
                  "Parallel Aware": true,
                  "Join Type": "Inner",
                  "Startup Cost": 38151.13,
                  "Total Cost": 83263.14,
                  "Plan Rows": 10698,
                  "Plan Width": 0,
                  "Actual Startup Time": 62.265,
                  "Actual Total Time": 238.876,
                  "Actual Rows": 4789,
                  "Actual Loops": 4,
                  "Inner Unique": true,
                  "Hash Cond": "(mk.movie_id = t.id)",
                  "Plans": [
                    {
                      "Node Type": "Seq Scan",
                      "Parent Relationship": "Outer",
                      "Parallel Aware": true,
                      "Relation Name": "movie_keyword",
                      "Alias": "mk",
                      "Startup Cost": 0.0,
                      "Total Cost": 42695.65,
                      "Plan Rows": 920519,
                      "Plan Width": 4,
                      "Actual Startup Time": 0.173,
                      "Actual Total Time": 122.276,
                      "Actual Rows": 711500,
                      "Actual Loops": 4,
                      "Filter": "(keyword_id > 2578)",
                      "Rows Removed by Filter": 419483
                    },
                    {
                      "Node Type": "Hash",
                      "Parent Relationship": "Inner",
                      "Parallel Aware": true,
                      "Startup Cost": 38059.3,
                      "Total Cost": 38059.3,
                      "Plan Rows": 7346,
                      "Plan Width": 4,
                      "Actual Startup Time": 61.573,
                      "Actual Total Time": 61.575,
                      "Actual Rows": 6442,
                      "Actual Loops": 4,
                      "Hash Buckets": 32768,
                      "Original Hash Buckets": 32768,
                      "Hash Batches": 1,
                      "Original Hash Batches": 1,
                      "Peak Memory Usage": 1312,
                      "Plans": [
                        {
                          "Node Type": "Bitmap Heap Scan",
                          "Parent Relationship": "Outer",
                          "Parallel Aware": true,
                          "Relation Name": "title",
                          "Alias": "t",
                          "Startup Cost": 1704.79,
                          "Total Cost": 38059.3,
                          "Plan Rows": 7346,
                          "Plan Width": 4,
                          "Actual Startup Time": 9.497,
                          "Actual Total Time": 58.255,
                          "Actual Rows": 6442,
                          "Actual Loops": 4,
                          "Recheck Cond": "(kind_id = 2)",
                          "Rows Removed by Index Recheck": 0,
                          "Filter": "(production_year > 2007)",
                          "Rows Removed by Filter": 16271,
                          "Exact Heap Blocks": 12546,
                          "Lossy Heap Blocks": 0,
                          "Plans": [
                            {
                              "Node Type": "Bitmap Index Scan",
                              "Parent Relationship": "Outer",
                              "Parallel Aware": false,
                              "Index Name": "kind_id_title",
                              "Startup Cost": 0.0,
                              "Total Cost": 1697.45,
                              "Plan Rows": 95069,
                              "Plan Width": 0,
                              "Actual Startup Time": 10.002,
                              "Actual Total Time": 10.002,
                              "Actual Rows": 90852,
                              "Actual Loops": 1,
                              "Index Cond": "(kind_id = 2)"
                            }
                          ]
                        }
                      ]
                    }
                  ]
                }
              ]
            }
          ]
        }
      ]
    },
    "Planning Time": 0.247,
    "Triggers": [],
    "Execution Time": 259.638
  }
]