[
  {
    "Plan": {
      "Node Type": "Aggregate",
      "Strategy": "Plain",
      "Partial Mode": "Finalize",
      "Parallel Aware": false,
      "Startup Cost": 47520.69,
      "Total Cost": 47520.7,
      "Plan Rows": 1,
      "Plan Width": 8,
      "Actual Startup Time": 80.391,
      "Actual Total Time": 88.893,
      "Actual Rows": 1,
      "Actual Loops": 1,
      "Plans": [
        {
          "Node Type": "Gather",
          "Parent Relationship": "Outer",
          "Parallel Aware": false,
          "Startup Cost": 47520.27,
          "Total Cost": 47520.68,
          "Plan Rows": 4,
          "Plan Width": 8,
          "Actual Startup Time": 80.057,
          "Actual Total Time": 88.886,
          "Actual Rows": 5,
          "Actual Loops": 1,
          "Workers Planned": 4,
          "Workers Launched": 4,
          "Single Copy": false,
          "Plans": [
            {
              "Node Type": "Aggregate",
              "Strategy": "Plain",
              "Partial Mode": "Partial",
              "Parent Relationship": "Outer",
              "Parallel Aware": false,
              "Startup Cost": 46520.27,
              "Total Cost": 46520.28,
              "Plan Rows": 1,
              "Plan Width": 8,
              "Actual Startup Time": 73.696,
              "Actual Total Time": 73.697,
              "Actual Rows": 1,
              "Actual Loops": 5,
              "Plans": [
                {
                  "Node Type": "Nested Loop",
                  "Parent Relationship": "Outer",
                  "Parallel Aware": false,
                  "Join Type": "Inner",
                  "Startup Cost": 1698.36,
                  "Total Cost": 46520.03,
                  "Plan Rows": 95,
                  "Plan Width": 0,
                  "Actual Startup Time": 24.972,
                  "Actual Total Time": 73.645,
                  "Actual Rows": 200,
                  "Actual Loops": 5,
                  "Inner Unique": false,
                  "Plans": [
                    {
                      "Node Type": "Bitmap Heap Scan",
                      "Parent Relationship": "Outer",
                      "Parallel Aware": true,
                      "Relation Name": "title",
                      "Alias": "t",
                      "Startup Cost": 1697.93,
                      "Total Cost": 38052.44,
                      "Plan Rows": 482,
                      "Plan Width": 4,
                      "Actual Startup Time": 24.542,
                      "Actual Total Time": 67.04,
                      "Actual Rows": 404,
                      "Actual Loops": 5,
                      "Recheck Cond": "(kind_id = 2)",
                      "Rows Removed by Index Recheck": 0,
                      "Filter": "(production_year = 1998)",
                      "Rows Removed by Filter": 17767,
                      "Exact Heap Blocks": 13249,
                      "Lossy Heap Blocks": 0,
                      "Plans": [
                        {
                          "Node Type": "Bitmap Index Scan",
                          "Parent Relationship": "Outer",
                          "Parallel Aware": false,
                          "Index Name": "kind_id_title",
                          "Startup Cost": 0.0,
                          "Total Cost": 1697.45,
                          "Plan Rows": 95069,
                          "Plan Width": 0,
                          "Actual Startup Time": 20.918,
                          "Actual Total Time": 20.919,
                          "Actual Rows": 90852,
                          "Actual Loops": 1,
                          "Index Cond": "(kind_id = 2)"
                        }
                      ]
                    },
                    {
                      "Node Type": "Index Scan",
                      "Parent Relationship": "Inner",
                      "Parallel Aware": false,
                      "Scan Direction": "Forward",
                      "Index Name": "movie_id_movie_companies",
                      "Relation Name": "movie_companies",
                      "Alias": "mc",
                      "Startup Cost": 0.43,
                      "Total Cost": 17.56,
                      "Plan Rows": 1,
                      "Plan Width": 4,
                      "Actual Startup Time": 0.015,
                      "Actual Total Time": 0.016,
                      "Actual Rows": 0,
                      "Actual Loops": 2018,
                      "Index Cond": "(movie_id = t.id)",
                      "Rows Removed by Index Recheck": 0,
                      "Filter": "((company_id < 4337) AND (company_type_id > 1))",
                      "Rows Removed by Filter": 2
                    }
                  ]
                }
              ]
            }
          ]
        }
      ]
    },
    "Planning Time": 0.67,
    "Triggers": [],
    "Execution Time": 88.973
  }
]