[
  {
    "Plan": {
      "Node Type": "Aggregate",
      "Strategy": "Plain",
      "Partial Mode": "Finalize",
      "Parallel Aware": false,
      "Startup Cost": 343514.26,
      "Total Cost": 343514.27,
      "Plan Rows": 1,
      "Plan Width": 8,
      "Actual Startup Time": 957.581,
      "Actual Total Time": 1008.583,
      "Actual Rows": 1,
      "Actual Loops": 1,
      "Plans": [
        {
          "Node Type": "Gather",
          "Parent Relationship": "Outer",
          "Parallel Aware": false,
          "Startup Cost": 343513.63,
          "Total Cost": 343514.24,
          "Plan Rows": 6,
          "Plan Width": 8,
          "Actual Startup Time": 957.175,
          "Actual Total Time": 1008.572,
          "Actual Rows": 7,
          "Actual Loops": 1,
          "Workers Planned": 6,
          "Workers Launched": 6,
          "Single Copy": false,
          "Plans": [
            {
              "Node Type": "Aggregate",
              "Strategy": "Plain",
              "Partial Mode": "Partial",
              "Parent Relationship": "Outer",
              "Parallel Aware": false,
              "Startup Cost": 342513.63,
              "Total Cost": 342513.64,
              "Plan Rows": 1,
              "Plan Width": 8,
              "Actual Startup Time": 949.241,
              "Actual Total Time": 949.242,
              "Actual Rows": 1,
              "Actual Loops": 7,
              "Plans": [
                {
                  "Node Type": "Seq Scan",
                  "Parent Relationship": "Outer",
                  "Parallel Aware": true,
                  "Relation Name": "cast_info",
                  "Alias": "ci",
                  "Startup Cost": 0.0,
                  "Total Cost": 328211.39,
                  "Plan Rows": 5720896,
                  "Plan Width": 0,
                  "Actual Startup Time": 0.052,
                  "Actual Total Time": 696.021,
                  "Actual Rows": 4913621,
                  "Actual Loops": 7,
                  "Filter": "(person_id < 3696947)",
                  "Rows Removed by Filter": 264142
                }
              ]
            }
          ]
        }
      ]
    },
    "Planning Time": 0.084,
    "Triggers": [],
    "Execution Time": 1008.623
  }
]