[
  {
    "Plan": {
      "Node Type": "Aggregate",
      "Strategy": "Plain",
      "Partial Mode": "Simple",
      "Parallel Aware": false,
      "Startup Cost": 22127.23,
      "Total Cost": 22127.24,
      "Plan Rows": 1,
      "Plan Width": 8,
      "Actual Startup Time": 43.364,
      "Actual Total Time": 43.365,
      "Actual Rows": 1,
      "Actual Loops": 1,
      "Plans": [
        {
          "Node Type": "Bitmap Heap Scan",
          "Parent Relationship": "Outer",
          "Parallel Aware": false,
          "Relation Name": "movie_companies",
          "Alias": "mc",
          "Startup Cost": 1901.49,
          "Total Cost": 22015.21,
          "Plan Rows": 44807,
          "Plan Width": 0,
          "Actual Startup Time": 11.663,
          "Actual Total Time": 36.892,
          "Actual Rows": 84138,
          "Actual Loops": 1,
          "Recheck Cond": "(company_id > 167378)",
          "Rows Removed by Index Recheck": 0,
          "Filter": "(company_type_id > 1)",
          "Rows Removed by Filter": 0,
          "Exact Heap Blocks": 2822,
          "Lossy Heap Blocks": 0,
          "Plans": [
            {
              "Node Type": "Bitmap Index Scan",
              "Parent Relationship": "Outer",
              "Parallel Aware": false,
              "Index Name": "company_id_movie_companies",
              "Startup Cost": 0.0,
              "Total Cost": 1890.29,
              "Plan Rows": 88248,
              "Plan Width": 0,
              "Actual Startup Time": 10.513,
              "Actual Total Time": 10.513,
              "Actual Rows": 84138,
              "Actual Loops": 1,
              "Index Cond": "(company_id > 167378)"
            }
          ]
        }
      ]
    },
    "Planning Time": 0.169,
    "Triggers": [],
    "Execution Time": 43.416
  }
]