[
  {
    "Plan": {
      "Node Type": "Aggregate",
      "Strategy": "Plain",
      "Partial Mode": "Finalize",
      "Parallel Aware": false,
      "Startup Cost": 287624.97,
      "Total Cost": 287624.98,
      "Plan Rows": 1,
      "Plan Width": 8,
      "Actual Startup Time": 698.814,
      "Actual Total Time": 747.699,
      "Actual Rows": 1,
      "Actual Loops": 1,
      "Plans": [
        {
          "Node Type": "Gather",
          "Parent Relationship": "Outer",
          "Parallel Aware": false,
          "Startup Cost": 287624.45,
          "Total Cost": 287624.96,
          "Plan Rows": 5,
          "Plan Width": 8,
          "Actual Startup Time": 695.358,
          "Actual Total Time": 747.688,
          "Actual Rows": 6,
          "Actual Loops": 1,
          "Workers Planned": 5,
          "Workers Launched": 5,
          "Single Copy": false,
          "Plans": [
            {
              "Node Type": "Aggregate",
              "Strategy": "Plain",
              "Partial Mode": "Partial",
              "Parent Relationship": "Outer",
              "Parallel Aware": false,
              "Startup Cost": 286624.45,
              "Total Cost": 286624.46,
              "Plan Rows": 1,
              "Plan Width": 8,
              "Actual Startup Time": 684.651,
              "Actual Total Time": 684.814,
              "Actual Rows": 1,
              "Actual Loops": 6,
              "Plans": [
                {
                  "Node Type": "Hash Join",
                  "Parent Relationship": "Outer",
                  "Parallel Aware": true,
                  "Join Type": "Inner",
                  "Startup Cost": 81865.7,
                  "Total Cost": 286079.34,
                  "Plan Rows": 218045,
                  "Plan Width": 0,
                  "Actual Startup Time": 263.156,
                  "Actual Total Time": 679.989,
                  "Actual Rows": 114476,
                  "Actual Loops": 6,
                  "Inner Unique": false,
                  "Hash Cond": "(mi.movie_id = t.id)",
                  "Plans": [
                    {
                      "Node Type": "Seq Scan",
                      "Parent Relationship": "Outer",
                      "Parallel Aware": true,
                      "Relation Name": "movie_info",
                      "Alias": "mi",
                      "Startup Cost": 0.0,
                      "Total Cost": 198952.16,
                      "Plan Rows": 1257696,
                      "Plan Width": 4,
                      "Actual Startup Time": 15.473,
                      "Actual Total Time": 308.777,
                      "Actual Rows": 1037249,
                      "Actual Loops": 6,
                      "Filter": "(info_type_id > 8)",
                      "Rows Removed by Filter": 1435371
                    },
                    {
                      "Node Type": "Hash",
                      "Parent Relationship": "Inner",
                      "Parallel Aware": true,
                      "Startup Cost": 80495.93,
                      "Total Cost": 80495.93,
                      "Plan Rows": 109582,
                      "Plan Width": 8,
                      "Actual Startup Time": 244.77,
                      "Actual Total Time": 244.932,
                      "Actual Rows": 33669,
                      "Actual Loops": 6,
                      "Hash Buckets": 524288,
                      "Original Hash Buckets": 524288,
                      "Hash Batches": 1,
                      "Original Hash Batches": 1,
                      "Peak Memory Usage": 12096,
                      "Plans": [
                        {
                          "Node Type": "Hash Join",
                          "Parent Relationship": "Outer",
                          "Parallel Aware": true,
                          "Join Type": "Inner",
                          "Startup Cost": 34322.44,
                          "Total Cost": 80495.93,
                          "Plan Rows": 109582,
                          "Plan Width": 8,
                          "Actual Startup Time": 106.905,
                          "Actual Total Time": 231.439,
                          "Actual Rows": 33669,
                          "Actual Loops": 6,
                          "Inner Unique": false,
                          "Hash Cond": "(t.id = mc.movie_id)",
                          "Plans": [
                            {
                              "Node Type": "Seq Scan",
                              "Parent Relationship": "Outer",
                              "Parallel Aware": true,
                              "Relation Name": "title",
                              "Alias": "t",
                              "Startup Cost": 0.0,
                              "Total Cost": 43898.92,
                              "Plan Rows": 384216,
                              "Plan Width": 4,
                              "Actual Startup Time": 0.012,
                              "Actual Total Time": 66.203,
                              "Actual Rows": 257211,
                              "Actual Loops": 6,
                              "Filter": "(kind_id = 7)",
                              "Rows Removed by Filter": 164175
                            },
                            {
                              "Node Type": "Hash",
                              "Parent Relationship": "Inner",
                              "Parallel Aware": true,
                              "Startup Cost": 31414.82,
                              "Total Cost": 31414.82,
                              "Plan Rows": 232610,
                              "Plan Width": 4,
                              "Actual Startup Time": 104.714,
                              "Actual Total Time": 104.716,
                              "Actual Rows": 75644,
                              "Actual Loops": 6,
                              "Hash Buckets": 1048576,
                              "Original Hash Buckets": 1048576,
                              "Hash Batches": 1,
                              "Original Hash Batches": 1,
                              "Peak Memory Usage": 26048,
                              "Plans": [
                                {
                                  "Node Type": "Seq Scan",
                                  "Parent Relationship": "Outer",
                                  "Parallel Aware": true,
                                  "Relation Name": "movie_companies",
                                  "Alias": "mc",
                                  "Startup Cost": 0.0,
                                  "Total Cost": 31414.82,
                                  "Plan Rows": 232610,
                                  "Plan Width": 4,
                                  "Actual Startup Time": 42.812,
                                  "Actual Total Time": 66.948,
                                  "Actual Rows": 75644,
                                  "Actual Loops": 6,
                                  "Filter": "((company_id < 12468) AND (company_type_id = 2))",
                                  "Rows Removed by Filter": 359211
                                }
                              ]
                            }
                          ]
                        }
                      ]
                    }
                  ]
                }
              ]
            }
          ]
        }
      ]
    },
    "Planning Time": 1.455,
    "Triggers": [],
    "Execution Time": 747.795
  }
]