[
  {
    "Plan": {
      "Node Type": "Aggregate",
      "Strategy": "Plain",
      "Partial Mode": "Finalize",
      "Parallel Aware": false,
      "Startup Cost": 97399.2,
      "Total Cost": 97399.21,
      "Plan Rows": 1,
      "Plan Width": 8,
      "Actual Startup Time": 529.927,
      "Actual Total Time": 554.543,
      "Actual Rows": 1,
      "Actual Loops": 1,
      "Plans": [
        {
          "Node Type": "Gather",
          "Parent Relationship": "Outer",
          "Parallel Aware": false,
          "Startup Cost": 97398.88,
          "Total Cost": 97399.19,
          "Plan Rows": 3,
          "Plan Width": 8,
          "Actual Startup Time": 524.738,
          "Actual Total Time": 554.532,
          "Actual Rows": 4,
          "Actual Loops": 1,
          "Workers Planned": 3,
          "Workers Launched": 3,
          "Single Copy": false,
          "Plans": [
            {
              "Node Type": "Aggregate",
              "Strategy": "Plain",
              "Partial Mode": "Partial",
              "Parent Relationship": "Outer",
              "Parallel Aware": false,
              "Startup Cost": 96398.88,
              "Total Cost": 96398.89,
              "Plan Rows": 1,
              "Plan Width": 8,
              "Actual Startup Time": 512.886,
              "Actual Total Time": 512.889,
              "Actual Rows": 1,
              "Actual Loops": 4,
              "Plans": [
                {
                  "Node Type": "Hash Join",
                  "Parent Relationship": "Outer",
                  "Parallel Aware": true,
                  "Join Type": "Inner",
                  "Startup Cost": 48883.35,
                  "Total Cost": 94996.51,
                  "Plan Rows": 560948,
                  "Plan Width": 0,
                  "Actual Startup Time": 246.578,
                  "Actual Total Time": 507.113,
                  "Actual Rows": 103162,
                  "Actual Loops": 4,
                  "Inner Unique": true,
                  "Hash Cond": "(mk.movie_id = t.id)",
                  "Plans": [
                    {
                      "Node Type": "Seq Scan",
                      "Parent Relationship": "Outer",
                      "Parallel Aware": true,
                      "Relation Name": "movie_keyword",
                      "Alias": "mk",
                      "Startup Cost": 0.0,
                      "Total Cost": 42695.65,
                      "Plan Rows": 1301903,
                      "Plan Width": 4,
                      "Actual Startup Time": 0.044,
                      "Actual Total Time": 144.098,
                      "Actual Rows": 1005486,
                      "Actual Loops": 4,
                      "Filter": "(keyword_id > 359)",
                      "Rows Removed by Filter": 125496
                    },
                    {
                      "Node Type": "Hash",
                      "Parent Relationship": "Inner",
                      "Parallel Aware": true,
                      "Startup Cost": 45479.1,
                      "Total Cost": 45479.1,
                      "Plan Rows": 272340,
                      "Plan Width": 4,
                      "Actual Startup Time": 238.743,
                      "Actual Total Time": 238.744,
                      "Actual Rows": 261056,
                      "Actual Loops": 4,
                      "Hash Buckets": 2097152,
                      "Original Hash Buckets": 2097152,
                      "Hash Batches": 1,
                      "Original Hash Batches": 1,
                      "Peak Memory Usage": 57280,
                      "Plans": [
                        {
                          "Node Type": "Seq Scan",
                          "Parent Relationship": "Outer",
                          "Parallel Aware": true,
                          "Relation Name": "title",
                          "Alias": "t",
                          "Startup Cost": 0.0,
                          "Total Cost": 45479.1,
                          "Plan Rows": 272340,
                          "Plan Width": 4,
                          "Actual Startup Time": 0.038,
                          "Actual Total Time": 126.584,
                          "Actual Rows": 261056,
                          "Actual Loops": 4,
                          "Filter": "((production_year < 2009) AND (kind_id = 7))",
                          "Rows Removed by Filter": 371022
                        }
                      ]
                    }
                  ]
                }
              ]
            }
          ]
        }
      ]
    },
    "Planning Time": 0.631,
    "Triggers": [],
    "Execution Time": 554.62
  }
]