[
  {
    "Plan": {
      "Node Type": "Aggregate",
      "Strategy": "Plain",
      "Partial Mode": "Finalize",
      "Parallel Aware": false,
      "Startup Cost": 32711.68,
      "Total Cost": 32711.69,
      "Plan Rows": 1,
      "Plan Width": 8,
      "Actual Startup Time": 95.029,
      "Actual Total Time": 102.443,
      "Actual Rows": 1,
      "Actual Loops": 1,
      "Plans": [
        {
          "Node Type": "Gather",
          "Parent Relationship": "Outer",
          "Parallel Aware": false,
          "Startup Cost": 32711.36,
          "Total Cost": 32711.67,
          "Plan Rows": 3,
          "Plan Width": 8,
          "Actual Startup Time": 94.953,
          "Actual Total Time": 102.436,
          "Actual Rows": 4,
          "Actual Loops": 1,
          "Workers Planned": 3,
          "Workers Launched": 3,
          "Single Copy": false,
          "Plans": [
            {
              "Node Type": "Aggregate",
              "Strategy": "Plain",
              "Partial Mode": "Partial",
              "Parent Relationship": "Outer",
              "Parallel Aware": false,
              "Startup Cost": 31711.36,
              "Total Cost": 31711.37,
              "Plan Rows": 1,
              "Plan Width": 8,
              "Actual Startup Time": 87.704,
              "Actual Total Time": 87.705,
              "Actual Rows": 1,
              "Actual Loops": 4,
              "Plans": [
                {
                  "Node Type": "Seq Scan",
                  "Parent Relationship": "Outer",
                  "Parallel Aware": true,
                  "Relation Name": "movie_companies",
                  "Alias": "mc",
                  "Startup Cost": 0.0,
                  "Total Cost": 31414.82,
                  "Plan Rows": 118616,
                  "Plan Width": 0,
                  "Actual Startup Time": 47.938,
                  "Actual Total Time": 80.62,
                  "Actual Rows": 172777,
                  "Actual Loops": 4,
                  "Filter": "((company_id > 39007) AND (company_type_id = 2))",
                  "Rows Removed by Filter": 479506
                }
              ]
            }
          ]
        }
      ]
    },
    "Planning Time": 0.219,
    "Triggers": [],
    "Execution Time": 102.499
  }
]