[
  {
    "Plan": {
      "Node Type": "Aggregate",
      "Strategy": "Plain",
      "Partial Mode": "Finalize",
      "Parallel Aware": false,
      "Startup Cost": 119137.15,
      "Total Cost": 119137.16,
      "Plan Rows": 1,
      "Plan Width": 8,
      "Actual Startup Time": 570.843,
      "Actual Total Time": 587.396,
      "Actual Rows": 1,
      "Actual Loops": 1,
      "Plans": [
        {
          "Node Type": "Gather",
          "Parent Relationship": "Outer",
          "Parallel Aware": false,
          "Startup Cost": 119136.83,
          "Total Cost": 119137.14,
          "Plan Rows": 3,
          "Plan Width": 8,
          "Actual Startup Time": 564.144,
          "Actual Total Time": 587.385,
          "Actual Rows": 4,
          "Actual Loops": 1,
          "Workers Planned": 3,
          "Workers Launched": 3,
          "Single Copy": false,
          "Plans": [
            {
              "Node Type": "Aggregate",
              "Strategy": "Plain",
              "Partial Mode": "Partial",
              "Parent Relationship": "Outer",
              "Parallel Aware": false,
              "Startup Cost": 118136.83,
              "Total Cost": 118136.84,
              "Plan Rows": 1,
              "Plan Width": 8,
              "Actual Startup Time": 554.942,
              "Actual Total Time": 555.17,
              "Actual Rows": 1,
              "Actual Loops": 4,
              "Plans": [
                {
                  "Node Type": "Hash Join",
                  "Parent Relationship": "Outer",
                  "Parallel Aware": true,
                  "Join Type": "Inner",
                  "Startup Cost": 72601.14,
                  "Total Cost": 117628.9,
                  "Plan Rows": 203174,
                  "Plan Width": 0,
                  "Actual Startup Time": 362.769,
                  "Actual Total Time": 550.013,
                  "Actual Rows": 127494,
                  "Actual Loops": 4,
                  "Inner Unique": false,
                  "Hash Cond": "(mk.movie_id = t.id)",
                  "Plans": [
                    {
                      "Node Type": "Seq Scan",
                      "Parent Relationship": "Outer",
                      "Parallel Aware": true,
                      "Relation Name": "movie_keyword",
                      "Alias": "mk",
                      "Startup Cost": 0.0,
                      "Total Cost": 39047.32,
                      "Plan Rows": 1459332,
                      "Plan Width": 4,
                      "Actual Startup Time": 0.025,
                      "Actual Total Time": 86.56,
                      "Actual Rows": 1130982,
                      "Actual Loops": 4
                    },
                    {
                      "Node Type": "Hash",
                      "Parent Relationship": "Inner",
                      "Parallel Aware": true,
                      "Startup Cost": 71501.14,
                      "Total Cost": 71501.14,
                      "Plan Rows": 88000,
                      "Plan Width": 8,
                      "Actual Startup Time": 359.404,
                      "Actual Total Time": 359.63,
                      "Actual Rows": 71878,
                      "Actual Loops": 4,
                      "Hash Buckets": 524288,
                      "Original Hash Buckets": 524288,
                      "Hash Batches": 1,
                      "Original Hash Batches": 1,
                      "Peak Memory Usage": 15424,
                      "Plans": [
                        {
                          "Node Type": "Hash Join",
                          "Parent Relationship": "Outer",
                          "Parallel Aware": true,
                          "Join Type": "Inner",
                          "Startup Cost": 48922.11,
                          "Total Cost": 71501.14,
                          "Plan Rows": 88000,
                          "Plan Width": 8,
                          "Actual Startup Time": 230.0,
                          "Actual Total Time": 332.068,
                          "Actual Rows": 71878,
                          "Actual Loops": 4,
                          "Inner Unique": true,
                          "Hash Cond": "(ci.movie_id = t.id)",
                          "Plans": [
                            {
                              "Node Type": "Index Scan",
                              "Parent Relationship": "Outer",
                              "Parallel Aware": true,
                              "Scan Direction": "Forward",
                              "Index Name": "role_id_cast_info",
                              "Relation Name": "cast_info",
                              "Alias": "ci",
                              "Startup Cost": 0.56,
                              "Total Cost": 22049.42,
                              "Plan Rows": 201971,
                              "Plan Width": 4,
                              "Actual Startup Time": 0.07,
                              "Actual Total Time": 30.384,
                              "Actual Rows": 193418,
                              "Actual Loops": 4,
                              "Index Cond": "(role_id = 6)",
                              "Rows Removed by Index Recheck": 0
                            },
                            {
                              "Node Type": "Hash",
                              "Parent Relationship": "Inner",
                              "Parallel Aware": true,
                              "Startup Cost": 45479.1,
                              "Total Cost": 45479.1,
                              "Plan Rows": 275396,
                              "Plan Width": 4,
                              "Actual Startup Time": 224.24,
                              "Actual Total Time": 224.244,
                              "Actual Rows": 298834,
                              "Actual Loops": 4,
                              "Hash Buckets": 2097152,
                              "Original Hash Buckets": 2097152,
                              "Hash Batches": 1,
                              "Original Hash Batches": 1,
                              "Peak Memory Usage": 63200,
                              "Plans": [
                                {
                                  "Node Type": "Seq Scan",
                                  "Parent Relationship": "Outer",
                                  "Parallel Aware": true,
                                  "Relation Name": "title",
                                  "Alias": "t",
                                  "Startup Cost": 0.0,
                                  "Total Cost": 45479.1,
                                  "Plan Rows": 275396,
                                  "Plan Width": 4,
                                  "Actual Startup Time": 0.045,
                                  "Actual Total Time": 106.338,
                                  "Actual Rows": 298834,
                                  "Actual Loops": 4,
                                  "Filter": "((kind_id > 1) AND (production_year > 1998))",
                                  "Rows Removed by Filter": 333244
                                }
                              ]
                            }
                          ]
                        }
                      ]
                    }
                  ]
                }
              ]
            }
          ]
        }
      ]
    },
    "Planning Time": 1.27,
    "Triggers": [],
    "Execution Time": 587.478
  }
]