{
  "Plan": {
    "Node Type": "Aggregate",
    "Strategy": "Plain",
    "Partial Mode": "Finalize",
    "Parallel Aware": false,
    "Startup Cost": 133381.19,
    "Total Cost": 133381.2,
    "Plan Rows": 1,
    "Plan Width": 8,
    "Actual Startup Time": 355.229,
    "Actual Total Time": 384.993,
    "Actual Rows": 1,
    "Actual Loops": 1,
    "Plans": [
      {
        "Node Type": "Gather",
        "Parent Relationship": "Outer",
        "Parallel Aware": false,
        "Startup Cost": 133381.08,
        "Total Cost": 133381.19,
        "Plan Rows": 1,
        "Plan Width": 8,
        "Actual Startup Time": 354.837,
        "Actual Total Time": 384.985,
        "Actual Rows": 2,
        "Actual Loops": 1,
        "Workers Planned": 1,
        "Workers Launched": 1,
        "Single Copy": false,
        "Plans": [
          {
            "Node Type": "Aggregate",
            "Strategy": "Plain",
            "Partial Mode": "Partial",
            "Parent Relationship": "Outer",
            "Parallel Aware": false,
            "Startup Cost": 132381.08,
            "Total Cost": 132381.09,
            "Plan Rows": 1,
            "Plan Width": 8,
            "Actual Startup Time": 348.935,
            "Actual Total Time": 348.938,
            "Actual Rows": 1,
            "Actual Loops": 2,
            "Plans": [
              {
                "Node Type": "Nested Loop",
                "Parent Relationship": "Outer",
                "Parallel Aware": false,
                "Join Type": "Inner",
                "Startup Cost": 58911.42,
                "Total Cost": 132241.32,
                "Plan Rows": 55906,
                "Plan Width": 0,
                "Actual Startup Time": 155.614,
                "Actual Total Time": 347.203,
                "Actual Rows": 31443,
                "Actual Loops": 2,
                "Inner Unique": false,
                "Join Filter": "(t.id = mi.movie_id)",
                "Rows Removed by Join Filter": 0,
                "Plans": [
                  {
                    "Node Type": "Hash Join",
                    "Parent Relationship": "Outer",
                    "Parallel Aware": true,
                    "Join Type": "Inner",
                    "Startup Cost": 58910.98,
                    "Total Cost": 77094.77,
                    "Plan Rows": 26397,
                    "Plan Width": 8,
                    "Actual Startup Time": 155.485,
                    "Actual Total Time": 262.491,
                    "Actual Rows": 12568,
                    "Actual Loops": 2,
                    "Inner Unique": true,
                    "Hash Cond": "(mi_idx.movie_id = t.id)",
                    "Plans": [
                      {
                        "Node Type": "Seq Scan",
                        "Parent Relationship": "Outer",
                        "Parallel Aware": true,
                        "Relation Name": "movie_info_idx",
                        "Alias": "mi_idx",
                        "Startup Cost": 0.0,
                        "Total Cost": 16052.85,
                        "Plan Rows": 811785,
                        "Plan Width": 4,
                        "Actual Startup Time": 0.019,
                        "Actual Total Time": 45.611,
                        "Actual Rows": 690018,
                        "Actual Loops": 2
                      },
                      {
                        "Node Type": "Hash",
                        "Parent Relationship": "Inner",
                        "Parallel Aware": true,
                        "Startup Cost": 58306.47,
                        "Total Cost": 58306.47,
                        "Plan Rows": 48361,
                        "Plan Width": 4,
                        "Actual Startup Time": 153.072,
                        "Actual Total Time": 153.072,
                        "Actual Rows": 46798,
                        "Actual Loops": 2,
                        "Hash Buckets": 131072,
                        "Original Hash Buckets": 131072,
                        "Hash Batches": 1,
                        "Original Hash Batches": 1,
                        "Peak Memory Usage": 4704,
                        "Plans": [
                          {
                            "Node Type": "Seq Scan",
                            "Parent Relationship": "Outer",
                            "Parallel Aware": true,
                            "Relation Name": "title",
                            "Alias": "t",
                            "Startup Cost": 0.0,
                            "Total Cost": 58306.47,
                            "Plan Rows": 48361,
                            "Plan Width": 4,
                            "Actual Startup Time": 0.049,
                            "Actual Total Time": 140.099,
                            "Actual Rows": 46798,
                            "Actual Loops": 2,
                            "Filter": "((kind_id > 3) AND (production_year = 2007))",
                            "Rows Removed by Filter": 1217358
                          }
                        ]
                      }
                    ]
                  },
                  {
                    "Node Type": "Index Scan",
                    "Parent Relationship": "Inner",
                    "Parallel Aware": false,
                    "Scan Direction": "Forward",
                    "Index Name": "movie_id_movie_info",
                    "Relation Name": "movie_info",
                    "Alias": "mi",
                    "Startup Cost": 0.43,
                    "Total Cost": 1.9,
                    "Plan Rows": 15,
                    "Plan Width": 4,
                    "Actual Startup Time": 0.003,
                    "Actual Total Time": 0.006,
                    "Actual Rows": 3,
                    "Actual Loops": 25137,
                    "Index Cond": "(movie_id = mi_idx.movie_id)",
                    "Rows Removed by Index Recheck": 0,
                    "Filter": "(info_type_id < 6)",
                    "Rows Removed by Filter": 7
                  }
                ]
              }
            ]
          }
        ]
      }
    ]
  },
  "Planning Time": 0.963,
  "Triggers": [],
  "Execution Time": 385.084
}