[
  {
    "Plan": {
      "Node Type": "Aggregate",
      "Strategy": "Plain",
      "Partial Mode": "Finalize",
      "Parallel Aware": false,
      "Startup Cost": 31398.37,
      "Total Cost": 31398.38,
      "Plan Rows": 1,
      "Plan Width": 8,
      "Actual Startup Time": 100.995,
      "Actual Total Time": 108.959,
      "Actual Rows": 1,
      "Actual Loops": 1,
      "Plans": [
        {
          "Node Type": "Gather",
          "Parent Relationship": "Outer",
          "Parallel Aware": false,
          "Startup Cost": 31398.06,
          "Total Cost": 31398.37,
          "Plan Rows": 3,
          "Plan Width": 8,
          "Actual Startup Time": 100.86,
          "Actual Total Time": 108.951,
          "Actual Rows": 4,
          "Actual Loops": 1,
          "Workers Planned": 3,
          "Workers Launched": 3,
          "Single Copy": false,
          "Plans": [
            {
              "Node Type": "Aggregate",
              "Strategy": "Plain",
              "Partial Mode": "Partial",
              "Parent Relationship": "Outer",
              "Parallel Aware": false,
              "Startup Cost": 30398.06,
              "Total Cost": 30398.07,
              "Plan Rows": 1,
              "Plan Width": 8,
              "Actual Startup Time": 94.742,
              "Actual Total Time": 94.744,
              "Actual Rows": 1,
              "Actual Loops": 4,
              "Plans": [
                {
                  "Node Type": "Seq Scan",
                  "Parent Relationship": "Outer",
                  "Parallel Aware": true,
                  "Relation Name": "movie_companies",
                  "Alias": "mc",
                  "Startup Cost": 0.0,
                  "Total Cost": 29310.68,
                  "Plan Rows": 434950,
                  "Plan Width": 0,
                  "Actual Startup Time": 21.675,
                  "Actual Total Time": 80.516,
                  "Actual Rows": 339459,
                  "Actual Loops": 4,
                  "Filter": "(company_id > 11151)",
                  "Rows Removed by Filter": 312823
                }
              ]
            }
          ]
        }
      ]
    },
    "Planning Time": 0.19,
    "Triggers": [],
    "Execution Time": 109.015
  }
]