[
  {
    "Plan": {
      "Node Type": "Aggregate",
      "Strategy": "Plain",
      "Partial Mode": "Finalize",
      "Parallel Aware": false,
      "Startup Cost": 21755.39,
      "Total Cost": 21755.4,
      "Plan Rows": 1,
      "Plan Width": 8,
      "Actual Startup Time": 19.553,
      "Actual Total Time": 23.9,
      "Actual Rows": 1,
      "Actual Loops": 1,
      "Plans": [
        {
          "Node Type": "Gather",
          "Parent Relationship": "Outer",
          "Parallel Aware": false,
          "Startup Cost": 21755.18,
          "Total Cost": 21755.39,
          "Plan Rows": 2,
          "Plan Width": 8,
          "Actual Startup Time": 19.46,
          "Actual Total Time": 23.89,
          "Actual Rows": 3,
          "Actual Loops": 1,
          "Workers Planned": 2,
          "Workers Launched": 2,
          "Single Copy": false,
          "Plans": [
            {
              "Node Type": "Aggregate",
              "Strategy": "Plain",
              "Partial Mode": "Partial",
              "Parent Relationship": "Outer",
              "Parallel Aware": false,
              "Startup Cost": 20755.18,
              "Total Cost": 20755.19,
              "Plan Rows": 1,
              "Plan Width": 8,
              "Actual Startup Time": 16.274,
              "Actual Total Time": 16.275,
              "Actual Rows": 1,
              "Actual Loops": 3,
              "Plans": [
                {
                  "Node Type": "Nested Loop",
                  "Parent Relationship": "Outer",
                  "Parallel Aware": false,
                  "Join Type": "Inner",
                  "Startup Cost": 81.17,
                  "Total Cost": 20751.37,
                  "Plan Rows": 1522,
                  "Plan Width": 0,
                  "Actual Startup Time": 0.749,
                  "Actual Total Time": 16.111,
                  "Actual Rows": 1307,
                  "Actual Loops": 3,
                  "Inner Unique": true,
                  "Plans": [
                    {
                      "Node Type": "Bitmap Heap Scan",
                      "Parent Relationship": "Outer",
                      "Parallel Aware": true,
                      "Relation Name": "movie_companies",
                      "Alias": "mc",
                      "Startup Cost": 80.74,
                      "Total Cost": 9214.2,
                      "Plan Rows": 1522,
                      "Plan Width": 4,
                      "Actual Startup Time": 0.655,
                      "Actual Total Time": 5.494,
                      "Actual Rows": 1307,
                      "Actual Loops": 3,
                      "Recheck Cond": "(company_id = 474)",
                      "Rows Removed by Index Recheck": 0,
                      "Exact Heap Blocks": 2010,
                      "Lossy Heap Blocks": 0,
                      "Plans": [
                        {
                          "Node Type": "Bitmap Index Scan",
                          "Parent Relationship": "Outer",
                          "Parallel Aware": false,
                          "Index Name": "company_id_movie_companies",
                          "Startup Cost": 0.0,
                          "Total Cost": 79.83,
                          "Plan Rows": 3653,
                          "Plan Width": 0,
                          "Actual Startup Time": 1.306,
                          "Actual Total Time": 1.306,
                          "Actual Rows": 3921,
                          "Actual Loops": 1,
                          "Index Cond": "(company_id = 474)"
                        }
                      ]
                    },
                    {
                      "Node Type": "Index Only Scan",
                      "Parent Relationship": "Inner",
                      "Parallel Aware": false,
                      "Scan Direction": "Forward",
                      "Index Name": "title_pkey",
                      "Relation Name": "title",
                      "Alias": "t",
                      "Startup Cost": 0.43,
                      "Total Cost": 7.58,
                      "Plan Rows": 1,
                      "Plan Width": 4,
                      "Actual Startup Time": 0.008,
                      "Actual Total Time": 0.008,
                      "Actual Rows": 1,
                      "Actual Loops": 3921,
                      "Index Cond": "(id = mc.movie_id)",
                      "Rows Removed by Index Recheck": 0,
                      "Heap Fetches": 3921
                    }
                  ]
                }
              ]
            }
          ]
        }
      ]
    },
    "Planning Time": 0.229,
    "Triggers": [],
    "Execution Time": 23.939
  }
]