[
  {
    "Plan": {
      "Node Type": "Aggregate",
      "Strategy": "Plain",
      "Partial Mode": "Finalize",
      "Parallel Aware": false,
      "Startup Cost": 23340.25,
      "Total Cost": 23340.26,
      "Plan Rows": 1,
      "Plan Width": 8,
      "Actual Startup Time": 24.826,
      "Actual Total Time": 27.589,
      "Actual Rows": 1,
      "Actual Loops": 1,
      "Plans": [
        {
          "Node Type": "Gather",
          "Parent Relationship": "Outer",
          "Parallel Aware": false,
          "Startup Cost": 23340.03,
          "Total Cost": 23340.24,
          "Plan Rows": 2,
          "Plan Width": 8,
          "Actual Startup Time": 24.483,
          "Actual Total Time": 27.582,
          "Actual Rows": 3,
          "Actual Loops": 1,
          "Workers Planned": 2,
          "Workers Launched": 2,
          "Single Copy": false,
          "Plans": [
            {
              "Node Type": "Aggregate",
              "Strategy": "Plain",
              "Partial Mode": "Partial",
              "Parent Relationship": "Outer",
              "Parallel Aware": false,
              "Startup Cost": 22340.03,
              "Total Cost": 22340.04,
              "Plan Rows": 1,
              "Plan Width": 8,
              "Actual Startup Time": 16.629,
              "Actual Total Time": 16.63,
              "Actual Rows": 1,
              "Actual Loops": 3,
              "Plans": [
                {
                  "Node Type": "Nested Loop",
                  "Parent Relationship": "Outer",
                  "Parallel Aware": false,
                  "Join Type": "Inner",
                  "Startup Cost": 87.87,
                  "Total Cost": 22335.86,
                  "Plan Rows": 1667,
                  "Plan Width": 0,
                  "Actual Startup Time": 0.958,
                  "Actual Total Time": 16.458,
                  "Actual Rows": 1307,
                  "Actual Loops": 3,
                  "Inner Unique": true,
                  "Plans": [
                    {
                      "Node Type": "Bitmap Heap Scan",
                      "Parent Relationship": "Outer",
                      "Parallel Aware": true,
                      "Relation Name": "movie_companies",
                      "Alias": "mc",
                      "Startup Cost": 87.44,
                      "Total Cost": 9815.47,
                      "Plan Rows": 1667,
                      "Plan Width": 4,
                      "Actual Startup Time": 0.774,
                      "Actual Total Time": 5.182,
                      "Actual Rows": 1307,
                      "Actual Loops": 3,
                      "Recheck Cond": "(company_id = 474)",
                      "Rows Removed by Index Recheck": 0,
                      "Exact Heap Blocks": 2540,
                      "Lossy Heap Blocks": 0,
                      "Plans": [
                        {
                          "Node Type": "Bitmap Index Scan",
                          "Parent Relationship": "Outer",
                          "Parallel Aware": false,
                          "Index Name": "company_id_movie_companies",
                          "Startup Cost": 0.0,
                          "Total Cost": 86.44,
                          "Plan Rows": 4001,
                          "Plan Width": 0,
                          "Actual Startup Time": 1.385,
                          "Actual Total Time": 1.385,
                          "Actual Rows": 3921,
                          "Actual Loops": 1,
                          "Index Cond": "(company_id = 474)"
                        }
                      ]
                    },
                    {
                      "Node Type": "Index Only Scan",
                      "Parent Relationship": "Inner",
                      "Parallel Aware": false,
                      "Scan Direction": "Forward",
                      "Index Name": "title_pkey",
                      "Relation Name": "title",
                      "Alias": "t",
                      "Startup Cost": 0.43,
                      "Total Cost": 7.51,
                      "Plan Rows": 1,
                      "Plan Width": 4,
                      "Actual Startup Time": 0.008,
                      "Actual Total Time": 0.008,
                      "Actual Rows": 1,
                      "Actual Loops": 3921,
                      "Index Cond": "(id = mc.movie_id)",
                      "Rows Removed by Index Recheck": 0,
                      "Heap Fetches": 3921
                    }
                  ]
                }
              ]
            }
          ]
        }
      ]
    },
    "Planning Time": 0.344,
    "Triggers": [],
    "Execution Time": 27.647
  }
]