[
    {
        "Bao": {
            "Bao prediction": "NaN",
            "Bao recommended hint": "(no hint)"
        }
    },
    {
        "Plan": {
            "Node Type": "Aggregate",
            "Strategy": "Plain",
            "Partial Mode": "Finalize",
            "Parallel Aware": false,
            "Startup Cost": 158118.96,
            "Total Cost": 158118.97,
            "Plan Rows": 1,
            "Plan Width": 8,
            "Actual Startup Time": 399.934,
            "Actual Total Time": 417.752,
            "Actual Rows": 1,
            "Actual Loops": 1,
            "Output": [
                "count(*)"
            ],
            "Plans": [
                {
                    "Node Type": "Gather",
                    "Parent Relationship": "Outer",
                    "Parallel Aware": false,
                    "Startup Cost": 158118.64,
                    "Total Cost": 158118.95,
                    "Plan Rows": 3,
                    "Plan Width": 8,
                    "Actual Startup Time": 399.598,
                    "Actual Total Time": 417.744,
                    "Actual Rows": 4,
                    "Actual Loops": 1,
                    "Output": [
                        "(PARTIAL count(*))"
                    ],
                    "Workers Planned": 3,
                    "Workers Launched": 3,
                    "Single Copy": false,
                    "Plans": [
                        {
                            "Node Type": "Aggregate",
                            "Strategy": "Plain",
                            "Partial Mode": "Partial",
                            "Parent Relationship": "Outer",
                            "Parallel Aware": false,
                            "Startup Cost": 157118.64,
                            "Total Cost": 157118.65,
                            "Plan Rows": 1,
                            "Plan Width": 8,
                            "Actual Startup Time": 390.257,
                            "Actual Total Time": 390.26,
                            "Actual Rows": 1,
                            "Actual Loops": 4,
                            "Output": [
                                "PARTIAL count(*)"
                            ],
                            "Workers": [
                                {
                                    "Worker Number": 0,
                                    "Actual Startup Time": 387.079,
                                    "Actual Total Time": 387.082,
                                    "Actual Rows": 1,
                                    "Actual Loops": 1
                                },
                                {
                                    "Worker Number": 1,
                                    "Actual Startup Time": 387.316,
                                    "Actual Total Time": 387.319,
                                    "Actual Rows": 1,
                                    "Actual Loops": 1
                                },
                                {
                                    "Worker Number": 2,
                                    "Actual Startup Time": 387.763,
                                    "Actual Total Time": 387.765,
                                    "Actual Rows": 1,
                                    "Actual Loops": 1
                                }
                            ],
                            "Plans": [
                                {
                                    "Node Type": "Nested Loop",
                                    "Parent Relationship": "Outer",
                                    "Parallel Aware": false,
                                    "Join Type": "Inner",
                                    "Startup Cost": 44109.14,
                                    "Total Cost": 156553.56,
                                    "Plan Rows": 226030,
                                    "Plan Width": 0,
                                    "Actual Startup Time": 94.223,
                                    "Actual Total Time": 380.08,
                                    "Actual Rows": 233763,
                                    "Actual Loops": 4,
                                    "Inner Unique": false,
                                    "Join Filter": "(t.id = mi.movie_id)",
                                    "Rows Removed by Join Filter": 0,
                                    "Workers": [
                                        {
                                            "Worker Number": 0,
                                            "Actual Startup Time": 91.515,
                                            "Actual Total Time": 378.52,
                                            "Actual Rows": 186594,
                                            "Actual Loops": 1
                                        },
                                        {
                                            "Worker Number": 1,
                                            "Actual Startup Time": 91.286,
                                            "Actual Total Time": 375.183,
                                            "Actual Rows": 273601,
                                            "Actual Loops": 1
                                        },
                                        {
                                            "Worker Number": 2,
                                            "Actual Startup Time": 91.677,
                                            "Actual Total Time": 378.462,
                                            "Actual Rows": 203578,
                                            "Actual Loops": 1
                                        }
                                    ],
                                    "Plans": [
                                        {
                                            "Node Type": "Hash Join",
                                            "Parent Relationship": "Outer",
                                            "Parallel Aware": true,
                                            "Join Type": "Inner",
                                            "Startup Cost": 44108.71,
                                            "Total Cost": 86986.79,
                                            "Plan Rows": 38731,
                                            "Plan Width": 8,
                                            "Actual Startup Time": 94.156,
                                            "Actual Total Time": 256.879,
                                            "Actual Rows": 11056,
                                            "Actual Loops": 4,
                                            "Output": [
                                                "t.id",
                                                "mk.movie_id"
                                            ],
                                            "Inner Unique": true,
                                            "Hash Cond": "(mk.movie_id = t.id)",
                                            "Workers": [
                                                {
                                                    "Worker Number": 0,
                                                    "Actual Startup Time": 91.419,
                                                    "Actual Total Time": 256.911,
                                                    "Actual Rows": 10934,
                                                    "Actual Loops": 1
                                                },
                                                {
                                                    "Worker Number": 1,
                                                    "Actual Startup Time": 91.221,
                                                    "Actual Total Time": 238.442,
                                                    "Actual Rows": 10319,
                                                    "Actual Loops": 1
                                                },
                                                {
                                                    "Worker Number": 2,
                                                    "Actual Startup Time": 91.597,
                                                    "Actual Total Time": 255.892,
                                                    "Actual Rows": 9991,
                                                    "Actual Loops": 1
                                                }
                                            ],
                                            "Plans": [
                                                {
                                                    "Node Type": "Seq Scan",
                                                    "Parent Relationship": "Outer",
                                                    "Parallel Aware": true,
                                                    "Relation Name": "movie_keyword",
                                                    "Schema": "public",
                                                    "Alias": "mk",
                                                    "Startup Cost": 0.0,
                                                    "Total Cost": 39047.32,
                                                    "Plan Rows": 1459332,
                                                    "Plan Width": 4,
                                                    "Actual Startup Time": 0.014,
                                                    "Actual Total Time": 82.033,
                                                    "Actual Rows": 1130982,
                                                    "Actual Loops": 4,
                                                    "Output": [
                                                        "mk.id",
                                                        "mk.movie_id",
                                                        "mk.keyword_id"
                                                    ],
                                                    "Workers": [
                                                        {
                                                            "Worker Number": 0,
                                                            "Actual Startup Time": 0.022,
                                                            "Actual Total Time": 85.989,
                                                            "Actual Rows": 1115365,
                                                            "Actual Loops": 1
                                                        },
                                                        {
                                                            "Worker Number": 1,
                                                            "Actual Startup Time": 0.014,
                                                            "Actual Total Time": 75.67,
                                                            "Actual Rows": 976430,
                                                            "Actual Loops": 1
                                                        },
                                                        {
                                                            "Worker Number": 2,
                                                            "Actual Startup Time": 0.014,
                                                            "Actual Total Time": 84.515,
                                                            "Actual Rows": 1102415,
                                                            "Actual Loops": 1
                                                        }
                                                    ]
                                                },
                                                {
                                                    "Node Type": "Hash",
                                                    "Parent Relationship": "Inner",
                                                    "Parallel Aware": true,
                                                    "Startup Cost": 43899.01,
                                                    "Total Cost": 43899.01,
                                                    "Plan Rows": 16776,
                                                    "Plan Width": 4,
                                                    "Actual Startup Time": 91.996,
                                                    "Actual Total Time": 91.996,
                                                    "Actual Rows": 16836,
                                                    "Actual Loops": 4,
                                                    "Output": [
                                                        "t.id"
                                                    ],
                                                    "Hash Buckets": 131072,
                                                    "Original Hash Buckets": 131072,
                                                    "Hash Batches": 1,
                                                    "Original Hash Batches": 1,
                                                    "Peak Memory Usage": 3712,
                                                    "Workers": [
                                                        {
                                                            "Worker Number": 0,
                                                            "Actual Startup Time": 90.241,
                                                            "Actual Total Time": 90.242,
                                                            "Actual Rows": 14502,
                                                            "Actual Loops": 1
                                                        },
                                                        {
                                                            "Worker Number": 1,
                                                            "Actual Startup Time": 90.428,
                                                            "Actual Total Time": 90.429,
                                                            "Actual Rows": 14494,
                                                            "Actual Loops": 1
                                                        },
                                                        {
                                                            "Worker Number": 2,
                                                            "Actual Startup Time": 90.9,
                                                            "Actual Total Time": 90.901,
                                                            "Actual Rows": 14725,
                                                            "Actual Loops": 1
                                                        }
                                                    ],
                                                    "Plans": [
                                                        {
                                                            "Node Type": "Seq Scan",
                                                            "Parent Relationship": "Outer",
                                                            "Parallel Aware": true,
                                                            "Relation Name": "title",
                                                            "Schema": "public",
                                                            "Alias": "t",
                                                            "Startup Cost": 0.0,
                                                            "Total Cost": 43899.01,
                                                            "Plan Rows": 16776,
                                                            "Plan Width": 4,
                                                            "Actual Startup Time": 0.059,
                                                            "Actual Total Time": 84.782,
                                                            "Actual Rows": 16836,
                                                            "Actual Loops": 4,
                                                            "Output": [
                                                                "t.id"
                                                            ],
                                                            "Filter": "(t.production_year > 2012)",
                                                            "Rows Removed by Filter": 615242,
                                                            "Workers": [
                                                                {
                                                                    "Worker Number": 0,
                                                                    "Actual Startup Time": 0.061,
                                                                    "Actual Total Time": 83.549,
                                                                    "Actual Rows": 14502,
                                                                    "Actual Loops": 1
                                                                },
                                                                {
                                                                    "Worker Number": 1,
                                                                    "Actual Startup Time": 0.051,
                                                                    "Actual Total Time": 83.553,
                                                                    "Actual Rows": 14494,
                                                                    "Actual Loops": 1
                                                                },
                                                                {
                                                                    "Worker Number": 2,
                                                                    "Actual Startup Time": 0.053,
                                                                    "Actual Total Time": 83.979,
                                                                    "Actual Rows": 14725,
                                                                    "Actual Loops": 1
                                                                }
                                                            ]
                                                        }
                                                    ]
                                                }
                                            ]
                                        },
                                        {
                                            "Node Type": "Index Only Scan",
                                            "Parent Relationship": "Inner",
                                            "Parallel Aware": false,
                                            "Scan Direction": "Forward",
                                            "Index Name": "movie_id_movie_info",
                                            "Relation Name": "movie_info",
                                            "Schema": "public",
                                            "Alias": "mi",
                                            "Startup Cost": 0.43,
                                            "Total Cost": 1.31,
                                            "Plan Rows": 39,
                                            "Plan Width": 4,
                                            "Actual Startup Time": 0.003,
                                            "Actual Total Time": 0.009,
                                            "Actual Rows": 21,
                                            "Actual Loops": 44223,
                                            "Output": [
                                                "mi.movie_id"
                                            ],
                                            "Index Cond": "(mi.movie_id = mk.movie_id)",
                                            "Rows Removed by Index Recheck": 0,
                                            "Heap Fetches": 935052,
                                            "Workers": [
                                                {
                                                    "Worker Number": 0,
                                                    "Actual Startup Time": 0.004,
                                                    "Actual Total Time": 0.01,
                                                    "Actual Rows": 17,
                                                    "Actual Loops": 10934
                                                },
                                                {
                                                    "Worker Number": 1,
                                                    "Actual Startup Time": 0.004,
                                                    "Actual Total Time": 0.011,
                                                    "Actual Rows": 27,
                                                    "Actual Loops": 10319
                                                },
                                                {
                                                    "Worker Number": 2,
                                                    "Actual Startup Time": 0.004,
                                                    "Actual Total Time": 0.01,
                                                    "Actual Rows": 20,
                                                    "Actual Loops": 9991
                                                }
                                            ]
                                        }
                                    ]
                                }
                            ]
                        }
                    ]
                }
            ]
        },
        "Planning Time": 230.575,
        "Triggers": [],
        "Execution Time": 417.87
    }
]