[
  {
    "Plan": {
      "Node Type": "Aggregate",
      "Strategy": "Plain",
      "Partial Mode": "Finalize",
      "Parallel Aware": false,
      "Startup Cost": 44956.25,
      "Total Cost": 44956.26,
      "Plan Rows": 1,
      "Plan Width": 8,
      "Actual Startup Time": 154.809,
      "Actual Total Time": 164.565,
      "Actual Rows": 1,
      "Actual Loops": 1,
      "Plans": [
        {
          "Node Type": "Gather",
          "Parent Relationship": "Outer",
          "Parallel Aware": false,
          "Startup Cost": 44955.93,
          "Total Cost": 44956.24,
          "Plan Rows": 3,
          "Plan Width": 8,
          "Actual Startup Time": 154.691,
          "Actual Total Time": 164.555,
          "Actual Rows": 4,
          "Actual Loops": 1,
          "Workers Planned": 3,
          "Workers Launched": 3,
          "Single Copy": false,
          "Plans": [
            {
              "Node Type": "Aggregate",
              "Strategy": "Plain",
              "Partial Mode": "Partial",
              "Parent Relationship": "Outer",
              "Parallel Aware": false,
              "Startup Cost": 43955.93,
              "Total Cost": 43955.94,
              "Plan Rows": 1,
              "Plan Width": 8,
              "Actual Startup Time": 148.007,
              "Actual Total Time": 148.008,
              "Actual Rows": 1,
              "Actual Loops": 4,
              "Plans": [
                {
                  "Node Type": "Seq Scan",
                  "Parent Relationship": "Outer",
                  "Parallel Aware": true,
                  "Relation Name": "movie_keyword",
                  "Alias": "mk",
                  "Startup Cost": 0.0,
                  "Total Cost": 42695.65,
                  "Plan Rows": 504112,
                  "Plan Width": 0,
                  "Actual Startup Time": 0.053,
                  "Actual Total Time": 125.204,
                  "Actual Rows": 394664,
                  "Actual Loops": 4,
                  "Filter": "(keyword_id < 2394)",
                  "Rows Removed by Filter": 736319
                }
              ]
            }
          ]
        }
      ]
    },
    "Planning Time": 0.184,
    "Triggers": [],
    "Execution Time": 164.622
  }
]