[
  {
    "Plan": {
      "Node Type": "Aggregate",
      "Strategy": "Plain",
      "Partial Mode": "Finalize",
      "Parallel Aware": false,
      "Startup Cost": 342447.57,
      "Total Cost": 342447.58,
      "Plan Rows": 1,
      "Plan Width": 8,
      "Actual Startup Time": 937.795,
      "Actual Total Time": 989.326,
      "Actual Rows": 1,
      "Actual Loops": 1,
      "Plans": [
        {
          "Node Type": "Gather",
          "Parent Relationship": "Outer",
          "Parallel Aware": false,
          "Startup Cost": 342446.94,
          "Total Cost": 342447.55,
          "Plan Rows": 6,
          "Plan Width": 8,
          "Actual Startup Time": 937.618,
          "Actual Total Time": 989.31,
          "Actual Rows": 7,
          "Actual Loops": 1,
          "Workers Planned": 6,
          "Workers Launched": 6,
          "Single Copy": false,
          "Plans": [
            {
              "Node Type": "Aggregate",
              "Strategy": "Plain",
              "Partial Mode": "Partial",
              "Parent Relationship": "Outer",
              "Parallel Aware": false,
              "Startup Cost": 341446.94,
              "Total Cost": 341446.95,
              "Plan Rows": 1,
              "Plan Width": 8,
              "Actual Startup Time": 930.443,
              "Actual Total Time": 930.444,
              "Actual Rows": 1,
              "Actual Loops": 7,
              "Plans": [
                {
                  "Node Type": "Seq Scan",
                  "Parent Relationship": "Outer",
                  "Parallel Aware": true,
                  "Relation Name": "cast_info",
                  "Alias": "ci",
                  "Startup Cost": 0.0,
                  "Total Cost": 328211.39,
                  "Plan Rows": 5294221,
                  "Plan Width": 0,
                  "Actual Startup Time": 67.859,
                  "Actual Total Time": 697.154,
                  "Actual Rows": 4512612,
                  "Actual Loops": 7,
                  "Filter": "(person_id > 450566)",
                  "Rows Removed by Filter": 665152
                }
              ]
            }
          ]
        }
      ]
    },
    "Planning Time": 0.169,
    "Triggers": [],
    "Execution Time": 989.389
  }
]