[
  {
    "Plan": {
      "Node Type": "Aggregate",
      "Strategy": "Plain",
      "Partial Mode": "Finalize",
      "Parallel Aware": false,
      "Startup Cost": 134463.03,
      "Total Cost": 134463.04,
      "Plan Rows": 1,
      "Plan Width": 8,
      "Actual Startup Time": 526.212,
      "Actual Total Time": 560.482,
      "Actual Rows": 1,
      "Actual Loops": 1,
      "Plans": [
        {
          "Node Type": "Gather",
          "Parent Relationship": "Outer",
          "Parallel Aware": false,
          "Startup Cost": 134462.81,
          "Total Cost": 134463.02,
          "Plan Rows": 2,
          "Plan Width": 8,
          "Actual Startup Time": 523.167,
          "Actual Total Time": 560.472,
          "Actual Rows": 3,
          "Actual Loops": 1,
          "Workers Planned": 2,
          "Workers Launched": 2,
          "Single Copy": false,
          "Plans": [
            {
              "Node Type": "Aggregate",
              "Strategy": "Plain",
              "Partial Mode": "Partial",
              "Parent Relationship": "Outer",
              "Parallel Aware": false,
              "Startup Cost": 133462.81,
              "Total Cost": 133462.82,
              "Plan Rows": 1,
              "Plan Width": 8,
              "Actual Startup Time": 515.756,
              "Actual Total Time": 515.76,
              "Actual Rows": 1,
              "Actual Loops": 3,
              "Plans": [
                {
                  "Node Type": "Nested Loop",
                  "Parent Relationship": "Outer",
                  "Parallel Aware": false,
                  "Join Type": "Inner",
                  "Startup Cost": 44340.22,
                  "Total Cost": 132992.28,
                  "Plan Rows": 188213,
                  "Plan Width": 0,
                  "Actual Startup Time": 134.143,
                  "Actual Total Time": 496.202,
                  "Actual Rows": 438244,
                  "Actual Loops": 3,
                  "Inner Unique": false,
                  "Join Filter": "(t.id = mi.movie_id)",
                  "Rows Removed by Join Filter": 0,
                  "Plans": [
                    {
                      "Node Type": "Hash Join",
                      "Parent Relationship": "Outer",
                      "Parallel Aware": true,
                      "Join Type": "Inner",
                      "Startup Cost": 44339.78,
                      "Total Cost": 59534.34,
                      "Plan Rows": 32055,
                      "Plan Width": 8,
                      "Actual Startup Time": 134.06,
                      "Actual Total Time": 222.625,
                      "Actual Rows": 23101,
                      "Actual Loops": 3,
                      "Inner Unique": true,
                      "Hash Cond": "(mi_idx.movie_id = t.id)",
                      "Plans": [
                        {
                          "Node Type": "Seq Scan",
                          "Parent Relationship": "Outer",
                          "Parallel Aware": true,
                          "Relation Name": "movie_info_idx",
                          "Alias": "mi_idx",
                          "Startup Cost": 0.0,
                          "Total Cost": 13685.15,
                          "Plan Rows": 575015,
                          "Plan Width": 4,
                          "Actual Startup Time": 0.036,
                          "Actual Total Time": 35.846,
                          "Actual Rows": 460012,
                          "Actual Loops": 3
                        },
                        {
                          "Node Type": "Hash",
                          "Parent Relationship": "Inner",
                          "Parallel Aware": true,
                          "Startup Cost": 43899.32,
                          "Total Cost": 43899.32,
                          "Plan Rows": 35237,
                          "Plan Width": 4,
                          "Actual Startup Time": 127.475,
                          "Actual Total Time": 127.476,
                          "Actual Rows": 50504,
                          "Actual Loops": 3,
                          "Hash Buckets": 262144,
                          "Original Hash Buckets": 262144,
                          "Hash Batches": 1,
                          "Original Hash Batches": 1,
                          "Peak Memory Usage": 8032,
                          "Plans": [
                            {
                              "Node Type": "Seq Scan",
                              "Parent Relationship": "Outer",
                              "Parallel Aware": true,
                              "Relation Name": "title",
                              "Alias": "t",
                              "Startup Cost": 0.0,
                              "Total Cost": 43899.32,
                              "Plan Rows": 35237,
                              "Plan Width": 4,
                              "Actual Startup Time": 7.688,
                              "Actual Total Time": 111.229,
                              "Actual Rows": 50504,
                              "Actual Loops": 3,
                              "Filter": "(production_year < 1945)",
                              "Rows Removed by Filter": 792267
                            }
                          ]
                        }
                      ]
                    },
                    {
                      "Node Type": "Index Only Scan",
                      "Parent Relationship": "Inner",
                      "Parallel Aware": false,
                      "Scan Direction": "Forward",
                      "Index Name": "movie_id_movie_info",
                      "Relation Name": "movie_info",
                      "Alias": "mi",
                      "Startup Cost": 0.43,
                      "Total Cost": 1.78,
                      "Plan Rows": 41,
                      "Plan Width": 4,
                      "Actual Startup Time": 0.003,
                      "Actual Total Time": 0.01,
                      "Actual Rows": 19,
                      "Actual Loops": 69303,
                      "Index Cond": "(movie_id = mi_idx.movie_id)",
                      "Rows Removed by Index Recheck": 0,
                      "Heap Fetches": 1314732
                    }
                  ]
                }
              ]
            }
          ]
        }
      ]
    },
    "Planning Time": 1.335,
    "Triggers": [],
    "Execution Time": 560.575
  }
]