{
  "Plan": {
    "Node Type": "Aggregate",
    "Strategy": "Plain",
    "Partial Mode": "Finalize",
    "Parallel Aware": false,
    "Startup Cost": 127611.68,
    "Total Cost": 127611.69,
    "Plan Rows": 1,
    "Plan Width": 8,
    "Actual Startup Time": 560.852,
    "Actual Total Time": 578.042,
    "Actual Rows": 1,
    "Actual Loops": 1,
    "Plans": [
      {
        "Node Type": "Gather",
        "Parent Relationship": "Outer",
        "Parallel Aware": false,
        "Startup Cost": 127611.57,
        "Total Cost": 127611.68,
        "Plan Rows": 1,
        "Plan Width": 8,
        "Actual Startup Time": 559.189,
        "Actual Total Time": 578.033,
        "Actual Rows": 2,
        "Actual Loops": 1,
        "Workers Planned": 1,
        "Workers Launched": 1,
        "Single Copy": false,
        "Plans": [
          {
            "Node Type": "Aggregate",
            "Strategy": "Plain",
            "Partial Mode": "Partial",
            "Parent Relationship": "Outer",
            "Parallel Aware": false,
            "Startup Cost": 126611.57,
            "Total Cost": 126611.58,
            "Plan Rows": 1,
            "Plan Width": 8,
            "Actual Startup Time": 553.298,
            "Actual Total Time": 553.303,
            "Actual Rows": 1,
            "Actual Loops": 2,
            "Plans": [
              {
                "Node Type": "Hash Join",
                "Parent Relationship": "Outer",
                "Parallel Aware": true,
                "Join Type": "Inner",
                "Startup Cost": 64713.69,
                "Total Cost": 125578.67,
                "Plan Rows": 413160,
                "Plan Width": 0,
                "Actual Startup Time": 263.437,
                "Actual Total Time": 550.542,
                "Actual Rows": 70049,
                "Actual Loops": 2,
                "Inner Unique": true,
                "Hash Cond": "(mk.movie_id = t.id)",
                "Plans": [
                  {
                    "Node Type": "Seq Scan",
                    "Parent Relationship": "Outer",
                    "Parallel Aware": true,
                    "Relation Name": "movie_keyword",
                    "Alias": "mk",
                    "Startup Cost": 0.0,
                    "Total Cost": 57718.19,
                    "Plan Rows": 1198774,
                    "Plan Width": 4,
                    "Actual Startup Time": 0.017,
                    "Actual Total Time": 173.819,
                    "Actual Rows": 1018098,
                    "Actual Loops": 2,
                    "Filter": "(keyword_id < 3639)",
                    "Rows Removed by Filter": 1243867
                  },
                  {
                    "Node Type": "Hash",
                    "Parent Relationship": "Inner",
                    "Parallel Aware": true,
                    "Startup Cost": 58306.47,
                    "Total Cost": 58306.47,
                    "Plan Rows": 512578,
                    "Plan Width": 4,
                    "Actual Startup Time": 253.768,
                    "Actual Total Time": 253.769,
                    "Actual Rows": 400756,
                    "Actual Loops": 2,
                    "Hash Buckets": 1048576,
                    "Original Hash Buckets": 1048576,
                    "Hash Batches": 1,
                    "Original Hash Batches": 1,
                    "Peak Memory Usage": 39584,
                    "Plans": [
                      {
                        "Node Type": "Seq Scan",
                        "Parent Relationship": "Outer",
                        "Parallel Aware": true,
                        "Relation Name": "title",
                        "Alias": "t",
                        "Startup Cost": 0.0,
                        "Total Cost": 58306.47,
                        "Plan Rows": 512578,
                        "Plan Width": 4,
                        "Actual Startup Time": 0.034,
                        "Actual Total Time": 156.583,
                        "Actual Rows": 400756,
                        "Actual Loops": 2,
                        "Filter": "((kind_id > 6) AND (production_year < 2006))",
                        "Rows Removed by Filter": 863400
                      }
                    ]
                  }
                ]
              }
            ]
          }
        ]
      }
    ]
  },
  "Planning Time": 0.595,
  "Triggers": [],
  "Execution Time": 578.114
}