[
  {
    "Plan": {
      "Node Type": "Aggregate",
      "Strategy": "Plain",
      "Partial Mode": "Finalize",
      "Parallel Aware": false,
      "Startup Cost": 46165.92,
      "Total Cost": 46165.93,
      "Plan Rows": 1,
      "Plan Width": 8,
      "Actual Startup Time": 172.057,
      "Actual Total Time": 179.5,
      "Actual Rows": 1,
      "Actual Loops": 1,
      "Plans": [
        {
          "Node Type": "Gather",
          "Parent Relationship": "Outer",
          "Parallel Aware": false,
          "Startup Cost": 46165.61,
          "Total Cost": 46165.92,
          "Plan Rows": 3,
          "Plan Width": 8,
          "Actual Startup Time": 171.936,
          "Actual Total Time": 179.492,
          "Actual Rows": 4,
          "Actual Loops": 1,
          "Workers Planned": 3,
          "Workers Launched": 3,
          "Single Copy": false,
          "Plans": [
            {
              "Node Type": "Aggregate",
              "Strategy": "Plain",
              "Partial Mode": "Partial",
              "Parent Relationship": "Outer",
              "Parallel Aware": false,
              "Startup Cost": 45165.61,
              "Total Cost": 45165.62,
              "Plan Rows": 1,
              "Plan Width": 8,
              "Actual Startup Time": 168.521,
              "Actual Total Time": 168.522,
              "Actual Rows": 1,
              "Actual Loops": 4,
              "Plans": [
                {
                  "Node Type": "Seq Scan",
                  "Parent Relationship": "Outer",
                  "Parallel Aware": true,
                  "Relation Name": "movie_keyword",
                  "Alias": "mk",
                  "Startup Cost": 0.0,
                  "Total Cost": 42695.65,
                  "Plan Rows": 987981,
                  "Plan Width": 0,
                  "Actual Startup Time": 0.112,
                  "Actual Total Time": 128.526,
                  "Actual Rows": 766269,
                  "Actual Loops": 4,
                  "Filter": "(keyword_id > 2062)",
                  "Rows Removed by Filter": 364713
                }
              ]
            }
          ]
        }
      ]
    },
    "Planning Time": 0.081,
    "Triggers": [],
    "Execution Time": 179.526
  }
]