[
  {
    "Plan": {
      "Node Type": "Aggregate",
      "Strategy": "Plain",
      "Partial Mode": "Finalize",
      "Parallel Aware": false,
      "Startup Cost": 233335.2,
      "Total Cost": 233335.21,
      "Plan Rows": 1,
      "Plan Width": 8,
      "Actual Startup Time": 186.526,
      "Actual Total Time": 207.353,
      "Actual Rows": 1,
      "Actual Loops": 1,
      "Plans": [
        {
          "Node Type": "Gather",
          "Parent Relationship": "Outer",
          "Parallel Aware": false,
          "Startup Cost": 233334.68,
          "Total Cost": 233335.19,
          "Plan Rows": 5,
          "Plan Width": 8,
          "Actual Startup Time": 185.767,
          "Actual Total Time": 207.337,
          "Actual Rows": 6,
          "Actual Loops": 1,
          "Workers Planned": 5,
          "Workers Launched": 5,
          "Single Copy": false,
          "Plans": [
            {
              "Node Type": "Aggregate",
              "Strategy": "Plain",
              "Partial Mode": "Partial",
              "Parent Relationship": "Outer",
              "Parallel Aware": false,
              "Startup Cost": 232334.68,
              "Total Cost": 232334.69,
              "Plan Rows": 1,
              "Plan Width": 8,
              "Actual Startup Time": 176.402,
              "Actual Total Time": 176.407,
              "Actual Rows": 1,
              "Actual Loops": 6,
              "Plans": [
                {
                  "Node Type": "Nested Loop",
                  "Parent Relationship": "Outer",
                  "Parallel Aware": false,
                  "Join Type": "Inner",
                  "Startup Cost": 60514.33,
                  "Total Cost": 232297.45,
                  "Plan Rows": 14892,
                  "Plan Width": 0,
                  "Actual Startup Time": 102.432,
                  "Actual Total Time": 175.807,
                  "Actual Rows": 5550,
                  "Actual Loops": 6,
                  "Inner Unique": false,
                  "Join Filter": "(t.id = ci.movie_id)",
                  "Rows Removed by Join Filter": 0,
                  "Plans": [
                    {
                      "Node Type": "Hash Join",
                      "Parent Relationship": "Outer",
                      "Parallel Aware": true,
                      "Join Type": "Inner",
                      "Startup Cost": 60513.77,
                      "Total Cost": 225005.23,
                      "Plan Rows": 2189,
                      "Plan Width": 8,
                      "Actual Startup Time": 102.227,
                      "Actual Total Time": 137.901,
                      "Actual Rows": 529,
                      "Actual Loops": 6,
                      "Inner Unique": true,
                      "Hash Cond": "(mi.movie_id = t.id)",
                      "Plans": [
                        {
                          "Node Type": "Bitmap Heap Scan",
                          "Parent Relationship": "Outer",
                          "Parallel Aware": true,
                          "Relation Name": "movie_info",
                          "Alias": "mi",
                          "Startup Cost": 14929.45,
                          "Total Cost": 178987.3,
                          "Plan Rows": 165188,
                          "Plan Width": 4,
                          "Actual Startup Time": 22.684,
                          "Actual Total Time": 41.531,
                          "Actual Rows": 133690,
                          "Actual Loops": 6,
                          "Recheck Cond": "(info_type_id = 1)",
                          "Rows Removed by Index Recheck": 0,
                          "Exact Heap Blocks": 1304,
                          "Lossy Heap Blocks": 0,
                          "Plans": [
                            {
                              "Node Type": "Bitmap Index Scan",
                              "Parent Relationship": "Outer",
                              "Parallel Aware": false,
                              "Index Name": "info_type_id_movie_info",
                              "Startup Cost": 0.0,
                              "Total Cost": 14722.97,
                              "Plan Rows": 825938,
                              "Plan Width": 0,
                              "Actual Startup Time": 21.918,
                              "Actual Total Time": 21.919,
                              "Actual Rows": 802140,
                              "Actual Loops": 1,
                              "Index Cond": "(info_type_id = 1)"
                            }
                          ]
                        },
                        {
                          "Node Type": "Hash",
                          "Parent Relationship": "Inner",
                          "Parallel Aware": true,
                          "Startup Cost": 45479.59,
                          "Total Cost": 45479.59,
                          "Plan Rows": 8378,
                          "Plan Width": 4,
                          "Actual Startup Time": 78.231,
                          "Actual Total Time": 78.231,
                          "Actual Rows": 5943,
                          "Actual Loops": 6,
                          "Hash Buckets": 65536,
                          "Original Hash Buckets": 65536,
                          "Hash Batches": 1,
                          "Original Hash Batches": 1,
                          "Peak Memory Usage": 2016,
                          "Plans": [
                            {
                              "Node Type": "Seq Scan",
                              "Parent Relationship": "Outer",
                              "Parallel Aware": true,
                              "Relation Name": "title",
                              "Alias": "t",
                              "Startup Cost": 0.0,
                              "Total Cost": 45479.59,
                              "Plan Rows": 8378,
                              "Plan Width": 4,
                              "Actual Startup Time": 0.076,
                              "Actual Total Time": 74.718,
                              "Actual Rows": 5943,
                              "Actual Loops": 6,
                              "Filter": "((kind_id = 7) AND (production_year = 2000))",
                              "Rows Removed by Filter": 415443
                            }
                          ]
                        }
                      ]
                    },
                    {
                      "Node Type": "Index Scan",
                      "Parent Relationship": "Inner",
                      "Parallel Aware": false,
                      "Scan Direction": "Forward",
                      "Index Name": "movie_id_cast_info",
                      "Relation Name": "cast_info",
                      "Alias": "ci",
                      "Startup Cost": 0.56,
                      "Total Cost": 3.12,
                      "Plan Rows": 17,
                      "Plan Width": 4,
                      "Actual Startup Time": 0.013,
                      "Actual Total Time": 0.07,
                      "Actual Rows": 10,
                      "Actual Loops": 3173,
                      "Index Cond": "(movie_id = mi.movie_id)",
                      "Rows Removed by Index Recheck": 0,
                      "Filter": "(person_id < 1714478)",
                      "Rows Removed by Filter": 13
                    }
                  ]
                }
              ]
            }
          ]
        }
      ]
    },
    "Planning Time": 0.66,
    "Triggers": [],
    "Execution Time": 207.41
  }
]