{
    "Plan": {
        "Node Type": "Aggregate",
        "Strategy": "Plain",
        "Partial Mode": "Finalize",
        "Parallel Aware": false,
        "Startup Cost": 230948.99,
        "Total Cost": 230949.0,
        "Plan Rows": 1,
        "Plan Width": 8,
        "Actual Startup Time": 2732.246,
        "Actual Total Time": 2819.257,
        "Actual Rows": 1,
        "Actual Loops": 1,
        "Output": [
            "count(*)"
        ],
        "Plans": [
            {
                "Node Type": "Gather",
                "Parent Relationship": "Outer",
                "Parallel Aware": false,
                "Startup Cost": 230948.67,
                "Total Cost": 230948.98,
                "Plan Rows": 3,
                "Plan Width": 8,
                "Actual Startup Time": 2730.517,
                "Actual Total Time": 2819.244,
                "Actual Rows": 4,
                "Actual Loops": 1,
                "Output": [
                    "(PARTIAL count(*))"
                ],
                "Workers Planned": 3,
                "Workers Launched": 3,
                "Single Copy": false,
                "Plans": [
                    {
                        "Node Type": "Aggregate",
                        "Strategy": "Plain",
                        "Partial Mode": "Partial",
                        "Parent Relationship": "Outer",
                        "Parallel Aware": false,
                        "Startup Cost": 229948.67,
                        "Total Cost": 229948.68,
                        "Plan Rows": 1,
                        "Plan Width": 8,
                        "Actual Startup Time": 2720.98,
                        "Actual Total Time": 2720.983,
                        "Actual Rows": 1,
                        "Actual Loops": 4,
                        "Output": [
                            "PARTIAL count(*)"
                        ],
                        "Workers": [
                            {
                                "Worker Number": 0,
                                "Actual Startup Time": 2716.895,
                                "Actual Total Time": 2716.898,
                                "Actual Rows": 1,
                                "Actual Loops": 1
                            },
                            {
                                "Worker Number": 1,
                                "Actual Startup Time": 2718.073,
                                "Actual Total Time": 2718.075,
                                "Actual Rows": 1,
                                "Actual Loops": 1
                            },
                            {
                                "Worker Number": 2,
                                "Actual Startup Time": 2719.238,
                                "Actual Total Time": 2719.242,
                                "Actual Rows": 1,
                                "Actual Loops": 1
                            }
                        ],
                        "Plans": [
                            {
                                "Node Type": "Nested Loop",
                                "Parent Relationship": "Outer",
                                "Parallel Aware": false,
                                "Join Type": "Inner",
                                "Startup Cost": 46598.16,
                                "Total Cost": 229009.56,
                                "Plan Rows": 375644,
                                "Plan Width": 0,
                                "Actual Startup Time": 213.431,
                                "Actual Total Time": 2641.6,
                                "Actual Rows": 1590574,
                                "Actual Loops": 4,
                                "Inner Unique": false,
                                "Join Filter": "(t.id = ci.movie_id)",
                                "Rows Removed by Join Filter": 0,
                                "Workers": [
                                    {
                                        "Worker Number": 0,
                                        "Actual Startup Time": 209.586,
                                        "Actual Total Time": 2640.815,
                                        "Actual Rows": 1739433,
                                        "Actual Loops": 1
                                    },
                                    {
                                        "Worker Number": 1,
                                        "Actual Startup Time": 210.465,
                                        "Actual Total Time": 2641.284,
                                        "Actual Rows": 1759967,
                                        "Actual Loops": 1
                                    },
                                    {
                                        "Worker Number": 2,
                                        "Actual Startup Time": 211.296,
                                        "Actual Total Time": 2637.108,
                                        "Actual Rows": 1152537,
                                        "Actual Loops": 1
                                    }
                                ],
                                "Plans": [
                                    {
                                        "Node Type": "Hash Join",
                                        "Parent Relationship": "Outer",
                                        "Parallel Aware": true,
                                        "Join Type": "Inner",
                                        "Startup Cost": 46597.6,
                                        "Total Cost": 76815.18,
                                        "Plan Rows": 48904,
                                        "Plan Width": 8,
                                        "Actual Startup Time": 213.331,
                                        "Actual Total Time": 331.899,
                                        "Actual Rows": 54766,
                                        "Actual Loops": 4,
                                        "Output": [
                                            "t.id",
                                            "mc.movie_id"
                                        ],
                                        "Inner Unique": true,
                                        "Hash Cond": "(mc.movie_id = t.id)",
                                        "Workers": [
                                            {
                                                "Worker Number": 0,
                                                "Actual Startup Time": 209.51,
                                                "Actual Total Time": 329.129,
                                                "Actual Rows": 61001,
                                                "Actual Loops": 1
                                            },
                                            {
                                                "Worker Number": 1,
                                                "Actual Startup Time": 210.374,
                                                "Actual Total Time": 328.133,
                                                "Actual Rows": 59632,
                                                "Actual Loops": 1
                                            },
                                            {
                                                "Worker Number": 2,
                                                "Actual Startup Time": 211.099,
                                                "Actual Total Time": 333.489,
                                                "Actual Rows": 39773,
                                                "Actual Loops": 1
                                            }
                                        ],
                                        "Plans": [
                                            {
                                                "Node Type": "Seq Scan",
                                                "Parent Relationship": "Outer",
                                                "Parallel Aware": true,
                                                "Relation Name": "movie_companies",
                                                "Schema": "public",
                                                "Alias": "mc",
                                                "Startup Cost": 0.0,
                                                "Total Cost": 29310.68,
                                                "Plan Rows": 345488,
                                                "Plan Width": 4,
                                                "Actual Startup Time": 0.026,
                                                "Actual Total Time": 70.378,
                                                "Actual Rows": 267361,
                                                "Actual Loops": 4,
                                                "Output": [
                                                    "mc.id",
                                                    "mc.movie_id",
                                                    "mc.company_id",
                                                    "mc.company_type_id",
                                                    "mc.note"
                                                ],
                                                "Filter": "(mc.company_id < 6596)",
                                                "Rows Removed by Filter": 384921,
                                                "Workers": [
                                                    {
                                                        "Worker Number": 0,
                                                        "Actual Startup Time": 0.034,
                                                        "Actual Total Time": 71.953,
                                                        "Actual Rows": 297920,
                                                        "Actual Loops": 1
                                                    },
                                                    {
                                                        "Worker Number": 1,
                                                        "Actual Startup Time": 0.024,
                                                        "Actual Total Time": 70.843,
                                                        "Actual Rows": 294325,
                                                        "Actual Loops": 1
                                                    },
                                                    {
                                                        "Worker Number": 2,
                                                        "Actual Startup Time": 0.036,
                                                        "Actual Total Time": 76.846,
                                                        "Actual Rows": 193403,
                                                        "Actual Loops": 1
                                                    }
                                                ]
                                            },
                                            {
                                                "Node Type": "Hash",
                                                "Parent Relationship": "Inner",
                                                "Parallel Aware": true,
                                                "Startup Cost": 45479.21,
                                                "Total Cost": 45479.21,
                                                "Plan Rows": 89471,
                                                "Plan Width": 4,
                                                "Actual Startup Time": 176.885,
                                                "Actual Total Time": 176.886,
                                                "Actual Rows": 106143,
                                                "Actual Loops": 4,
                                                "Output": [
                                                    "t.id"
                                                ],
                                                "Hash Buckets": 524288,
                                                "Original Hash Buckets": 524288,
                                                "Hash Batches": 1,
                                                "Original Hash Batches": 1,
                                                "Peak Memory Usage": 20736,
                                                "Workers": [
                                                    {
                                                        "Worker Number": 0,
                                                        "Actual Startup Time": 175.805,
                                                        "Actual Total Time": 175.806,
                                                        "Actual Rows": 114390,
                                                        "Actual Loops": 1
                                                    },
                                                    {
                                                        "Worker Number": 1,
                                                        "Actual Startup Time": 176.737,
                                                        "Actual Total Time": 176.738,
                                                        "Actual Rows": 111829,
                                                        "Actual Loops": 1
                                                    },
                                                    {
                                                        "Worker Number": 2,
                                                        "Actual Startup Time": 177.447,
                                                        "Actual Total Time": 177.449,
                                                        "Actual Rows": 79900,
                                                        "Actual Loops": 1
                                                    }
                                                ],
                                                "Plans": [
                                                    {
                                                        "Node Type": "Seq Scan",
                                                        "Parent Relationship": "Outer",
                                                        "Parallel Aware": true,
                                                        "Relation Name": "title",
                                                        "Schema": "public",
                                                        "Alias": "t",
                                                        "Startup Cost": 0.0,
                                                        "Total Cost": 45479.21,
                                                        "Plan Rows": 89471,
                                                        "Plan Width": 4,
                                                        "Actual Startup Time": 68.673,
                                                        "Actual Total Time": 116.84,
                                                        "Actual Rows": 106143,
                                                        "Actual Loops": 4,
                                                        "Output": [
                                                            "t.id"
                                                        ],
                                                        "Filter": "((t.production_year < 2005) AND (t.kind_id = 1))",
                                                        "Rows Removed by Filter": 525935,
                                                        "Workers": [
                                                            {
                                                                "Worker Number": 0,
                                                                "Actual Startup Time": 67.599,
                                                                "Actual Total Time": 116.029,
                                                                "Actual Rows": 114390,
                                                                "Actual Loops": 1
                                                            },
                                                            {
                                                                "Worker Number": 1,
                                                                "Actual Startup Time": 68.717,
                                                                "Actual Total Time": 117.321,
                                                                "Actual Rows": 111829,
                                                                "Actual Loops": 1
                                                            },
                                                            {
                                                                "Worker Number": 2,
                                                                "Actual Startup Time": 69.148,
                                                                "Actual Total Time": 119.242,
                                                                "Actual Rows": 79900,
                                                                "Actual Loops": 1
                                                            }
                                                        ]
                                                    }
                                                ]
                                            }
                                        ]
                                    },
                                    {
                                        "Node Type": "Index Scan",
                                        "Parent Relationship": "Inner",
                                        "Parallel Aware": false,
                                        "Scan Direction": "Forward",
                                        "Index Name": "movie_id_cast_info",
                                        "Relation Name": "cast_info",
                                        "Schema": "public",
                                        "Alias": "ci",
                                        "Startup Cost": 0.56,
                                        "Total Cost": 2.85,
                                        "Plan Rows": 21,
                                        "Plan Width": 4,
                                        "Actual Startup Time": 0.004,
                                        "Actual Total Time": 0.039,
                                        "Actual Rows": 29,
                                        "Actual Loops": 219064,
                                        "Output": [
                                            "ci.id",
                                            "ci.person_id",
                                            "ci.movie_id",
                                            "ci.person_role_id",
                                            "ci.note",
                                            "ci.nr_order",
                                            "ci.role_id"
                                        ],
                                        "Index Cond": "(ci.movie_id = mc.movie_id)",
                                        "Rows Removed by Index Recheck": 0,
                                        "Filter": "((ci.person_id < 3757530) AND (ci.role_id < 3))",
                                        "Rows Removed by Filter": 21,
                                        "Workers": [
                                            {
                                                "Worker Number": 0,
                                                "Actual Startup Time": 0.004,
                                                "Actual Total Time": 0.035,
                                                "Actual Rows": 29,
                                                "Actual Loops": 61001
                                            },
                                            {
                                                "Worker Number": 1,
                                                "Actual Startup Time": 0.004,
                                                "Actual Total Time": 0.036,
                                                "Actual Rows": 30,
                                                "Actual Loops": 59632
                                            },
                                            {
                                                "Worker Number": 2,
                                                "Actual Startup Time": 0.006,
                                                "Actual Total Time": 0.054,
                                                "Actual Rows": 29,
                                                "Actual Loops": 39773
                                            }
                                        ]
                                    }
                                ]
                            }
                        ]
                    }
                ]
            }
        ]
    },
    "Planning Time": 1.828,
    "Triggers": [],
    "Execution Time": 2819.38
}