[
  {
    "Plan": {
      "Node Type": "Aggregate",
      "Strategy": "Plain",
      "Partial Mode": "Finalize",
      "Parallel Aware": false,
      "Startup Cost": 46539.76,
      "Total Cost": 46539.77,
      "Plan Rows": 1,
      "Plan Width": 8,
      "Actual Startup Time": 190.081,
      "Actual Total Time": 200.966,
      "Actual Rows": 1,
      "Actual Loops": 1,
      "Plans": [
        {
          "Node Type": "Gather",
          "Parent Relationship": "Outer",
          "Parallel Aware": false,
          "Startup Cost": 46539.44,
          "Total Cost": 46539.75,
          "Plan Rows": 3,
          "Plan Width": 8,
          "Actual Startup Time": 189.945,
          "Actual Total Time": 200.955,
          "Actual Rows": 4,
          "Actual Loops": 1,
          "Workers Planned": 3,
          "Workers Launched": 3,
          "Single Copy": false,
          "Plans": [
            {
              "Node Type": "Aggregate",
              "Strategy": "Plain",
              "Partial Mode": "Partial",
              "Parent Relationship": "Outer",
              "Parallel Aware": false,
              "Startup Cost": 45539.44,
              "Total Cost": 45539.45,
              "Plan Rows": 1,
              "Plan Width": 8,
              "Actual Startup Time": 186.106,
              "Actual Total Time": 186.107,
              "Actual Rows": 1,
              "Actual Loops": 4,
              "Plans": [
                {
                  "Node Type": "Seq Scan",
                  "Parent Relationship": "Outer",
                  "Parallel Aware": true,
                  "Relation Name": "movie_keyword",
                  "Alias": "mk",
                  "Startup Cost": 0.0,
                  "Total Cost": 42695.65,
                  "Plan Rows": 1137514,
                  "Plan Width": 0,
                  "Actual Startup Time": 0.03,
                  "Actual Total Time": 138.593,
                  "Actual Rows": 881240,
                  "Actual Loops": 4,
                  "Filter": "(keyword_id < 18585)",
                  "Rows Removed by Filter": 249742
                }
              ]
            }
          ]
        }
      ]
    },
    "Planning Time": 0.101,
    "Triggers": [],
    "Execution Time": 201.001
  }
]