[
  {
    "Plan": {
      "Node Type": "Aggregate",
      "Strategy": "Plain",
      "Partial Mode": "Finalize",
      "Parallel Aware": false,
      "Startup Cost": 294593.0,
      "Total Cost": 294593.01,
      "Plan Rows": 1,
      "Plan Width": 8,
      "Actual Startup Time": 148.368,
      "Actual Total Time": 155.344,
      "Actual Rows": 1,
      "Actual Loops": 1,
      "Plans": [
        {
          "Node Type": "Gather",
          "Parent Relationship": "Outer",
          "Parallel Aware": false,
          "Startup Cost": 294592.38,
          "Total Cost": 294592.99,
          "Plan Rows": 6,
          "Plan Width": 8,
          "Actual Startup Time": 147.914,
          "Actual Total Time": 155.335,
          "Actual Rows": 7,
          "Actual Loops": 1,
          "Workers Planned": 6,
          "Workers Launched": 6,
          "Single Copy": false,
          "Plans": [
            {
              "Node Type": "Aggregate",
              "Strategy": "Plain",
              "Partial Mode": "Partial",
              "Parent Relationship": "Outer",
              "Parallel Aware": false,
              "Startup Cost": 293592.38,
              "Total Cost": 293592.39,
              "Plan Rows": 1,
              "Plan Width": 8,
              "Actual Startup Time": 139.16,
              "Actual Total Time": 139.162,
              "Actual Rows": 1,
              "Actual Loops": 7,
              "Plans": [
                {
                  "Node Type": "Bitmap Heap Scan",
                  "Parent Relationship": "Outer",
                  "Parallel Aware": true,
                  "Relation Name": "cast_info",
                  "Alias": "ci",
                  "Startup Cost": 36746.15,
                  "Total Cost": 292899.17,
                  "Plan Rows": 277282,
                  "Plan Width": 0,
                  "Actual Startup Time": 66.269,
                  "Actual Total Time": 124.757,
                  "Actual Rows": 242471,
                  "Actual Loops": 7,
                  "Recheck Cond": "(person_id < 168747)",
                  "Rows Removed by Index Recheck": 0,
                  "Exact Heap Blocks": 4620,
                  "Lossy Heap Blocks": 0,
                  "Plans": [
                    {
                      "Node Type": "Bitmap Index Scan",
                      "Parent Relationship": "Outer",
                      "Parallel Aware": false,
                      "Index Name": "person_id_cast_info",
                      "Startup Cost": 0.0,
                      "Total Cost": 36330.23,
                      "Plan Rows": 1663689,
                      "Plan Width": 0,
                      "Actual Startup Time": 71.21,
                      "Actual Total Time": 71.21,
                      "Actual Rows": 1697297,
                      "Actual Loops": 1,
                      "Index Cond": "(person_id < 168747)"
                    }
                  ]
                }
              ]
            }
          ]
        }
      ]
    },
    "Planning Time": 0.198,
    "Triggers": [],
    "Execution Time": 155.43
  }
]