{
  "Plan": {
    "Node Type": "Aggregate",
    "Strategy": "Plain",
    "Partial Mode": "Finalize",
    "Parallel Aware": false,
    "Startup Cost": 347397.21,
    "Total Cost": 347397.22,
    "Plan Rows": 1,
    "Plan Width": 8,
    "Actual Startup Time": 1897.424,
    "Actual Total Time": 1941.823,
    "Actual Rows": 1,
    "Actual Loops": 1,
    "Plans": [
      {
        "Node Type": "Gather",
        "Parent Relationship": "Outer",
        "Parallel Aware": false,
        "Startup Cost": 347397.1,
        "Total Cost": 347397.21,
        "Plan Rows": 1,
        "Plan Width": 8,
        "Actual Startup Time": 1896.472,
        "Actual Total Time": 1941.814,
        "Actual Rows": 2,
        "Actual Loops": 1,
        "Workers Planned": 1,
        "Workers Launched": 1,
        "Single Copy": false,
        "Plans": [
          {
            "Node Type": "Aggregate",
            "Strategy": "Plain",
            "Partial Mode": "Partial",
            "Parent Relationship": "Outer",
            "Parallel Aware": false,
            "Startup Cost": 346397.1,
            "Total Cost": 346397.11,
            "Plan Rows": 1,
            "Plan Width": 8,
            "Actual Startup Time": 1890.716,
            "Actual Total Time": 1890.723,
            "Actual Rows": 1,
            "Actual Loops": 2,
            "Plans": [
              {
                "Node Type": "Nested Loop",
                "Parent Relationship": "Outer",
                "Parallel Aware": false,
                "Join Type": "Inner",
                "Startup Cost": 32596.63,
                "Total Cost": 345509.08,
                "Plan Rows": 355207,
                "Plan Width": 0,
                "Actual Startup Time": 125.235,
                "Actual Total Time": 1831.358,
                "Actual Rows": 1067916,
                "Actual Loops": 2,
                "Inner Unique": false,
                "Plans": [
                  {
                    "Node Type": "Hash Join",
                    "Parent Relationship": "Outer",
                    "Parallel Aware": true,
                    "Join Type": "Inner",
                    "Startup Cost": 32596.19,
                    "Total Cost": 92790.82,
                    "Plan Rows": 117971,
                    "Plan Width": 8,
                    "Actual Startup Time": 125.126,
                    "Actual Total Time": 504.821,
                    "Actual Rows": 112595,
                    "Actual Loops": 2,
                    "Inner Unique": false,
                    "Hash Cond": "(t.id = mc.movie_id)",
                    "Plans": [
                      {
                        "Node Type": "Seq Scan",
                        "Parent Relationship": "Outer",
                        "Parallel Aware": true,
                        "Relation Name": "title",
                        "Alias": "t",
                        "Startup Cost": 0.0,
                        "Total Cost": 54588.39,
                        "Plan Rows": 785966,
                        "Plan Width": 4,
                        "Actual Startup Time": 0.014,
                        "Actual Total Time": 169.636,
                        "Actual Rows": 674146,
                        "Actual Loops": 2,
                        "Filter": "(production_year < 2005)",
                        "Rows Removed by Filter": 590010
                      },
                      {
                        "Node Type": "Hash",
                        "Parent Relationship": "Inner",
                        "Parallel Aware": true,
                        "Startup Cost": 29805.83,
                        "Total Cost": 29805.83,
                        "Plan Rows": 223229,
                        "Plan Width": 4,
                        "Actual Startup Time": 111.742,
                        "Actual Total Time": 111.747,
                        "Actual Rows": 192631,
                        "Actual Loops": 2,
                        "Hash Buckets": 524288,
                        "Original Hash Buckets": 524288,
                        "Hash Batches": 1,
                        "Original Hash Batches": 1,
                        "Peak Memory Usage": 19200,
                        "Plans": [
                          {
                            "Node Type": "Bitmap Heap Scan",
                            "Parent Relationship": "Outer",
                            "Parallel Aware": true,
                            "Relation Name": "movie_companies",
                            "Alias": "mc",
                            "Startup Cost": 8225.47,
                            "Total Cost": 29805.83,
                            "Plan Rows": 223229,
                            "Plan Width": 4,
                            "Actual Startup Time": 28.611,
                            "Actual Total Time": 70.483,
                            "Actual Rows": 192631,
                            "Actual Loops": 2,
                            "Recheck Cond": "(company_id > 83645)",
                            "Rows Removed by Index Recheck": 0,
                            "Exact Heap Blocks": 4377,
                            "Lossy Heap Blocks": 0,
                            "Plans": [
                              {
                                "Node Type": "Bitmap Index Scan",
                                "Parent Relationship": "Outer",
                                "Parallel Aware": false,
                                "Index Name": "company_id_movie_companies",
                                "Startup Cost": 0.0,
                                "Total Cost": 8130.6,
                                "Plan Rows": 379489,
                                "Plan Width": 0,
                                "Actual Startup Time": 29.826,
                                "Actual Total Time": 29.826,
                                "Actual Rows": 385262,
                                "Actual Loops": 1,
                                "Index Cond": "(company_id > 83645)"
                              }
                            ]
                          }
                        ]
                      }
                    ]
                  },
                  {
                    "Node Type": "Index Scan",
                    "Parent Relationship": "Inner",
                    "Parallel Aware": false,
                    "Scan Direction": "Forward",
                    "Index Name": "movie_id_movie_info",
                    "Relation Name": "movie_info",
                    "Alias": "mi",
                    "Startup Cost": 0.43,
                    "Total Cost": 1.92,
                    "Plan Rows": 22,
                    "Plan Width": 4,
                    "Actual Startup Time": 0.005,
                    "Actual Total Time": 0.011,
                    "Actual Rows": 9,
                    "Actual Loops": 225190,
                    "Index Cond": "(movie_id = t.id)",
                    "Rows Removed by Index Recheck": 0,
                    "Filter": "(info_type_id > 7)",
                    "Rows Removed by Filter": 8
                  }
                ]
              }
            ]
          }
        ]
      }
    ]
  },
  "Planning Time": 0.473,
  "Triggers": [],
  "Execution Time": 1941.897
}