{
  "Plan": {
    "Node Type": "Aggregate",
    "Strategy": "Plain",
    "Partial Mode": "Simple",
    "Parallel Aware": false,
    "Startup Cost": 763732.12,
    "Total Cost": 763732.13,
    "Plan Rows": 1,
    "Plan Width": 64,
    "Actual Startup Time": 11615.358,
    "Actual Total Time": 11615.493,
    "Actual Rows": 1,
    "Actual Loops": 1,
    "Plans": [
      {
        "Node Type": "Hash Join",
        "Parent Relationship": "Outer",
        "Parallel Aware": false,
        "Join Type": "Inner",
        "Startup Cost": 763731.01,
        "Total Cost": 763732.12,
        "Plan Rows": 1,
        "Plan Width": 23,
        "Actual Startup Time": 11613.269,
        "Actual Total Time": 11614.457,
        "Actual Rows": 13115,
        "Actual Loops": 1,
        "Inner Unique": false,
        "Hash Cond": "(kt.id = t.kind_id)",
        "Plans": [
          {
            "Node Type": "Seq Scan",
            "Parent Relationship": "Outer",
            "Parallel Aware": false,
            "Relation Name": "kind_type",
            "Alias": "kt",
            "Startup Cost": 0.0,
            "Total Cost": 1.09,
            "Plan Rows": 2,
            "Plan Width": 4,
            "Actual Startup Time": 0.014,
            "Actual Total Time": 0.018,
            "Actual Rows": 2,
            "Actual Loops": 1,
            "Filter": "((kind)::text = ANY ('{movie,episode}'::text[]))",
            "Rows Removed by Filter": 5
          },
          {
            "Node Type": "Hash",
            "Parent Relationship": "Inner",
            "Parallel Aware": false,
            "Startup Cost": 763731.0,
            "Total Cost": 763731.0,
            "Plan Rows": 1,
            "Plan Width": 27,
            "Actual Startup Time": 11613.18,
            "Actual Total Time": 11613.315,
            "Actual Rows": 15836,
            "Actual Loops": 1,
            "Hash Buckets": 16384,
            "Original Hash Buckets": 1024,
            "Hash Batches": 1,
            "Original Hash Batches": 1,
            "Peak Memory Usage": 1034,
            "Plans": [
              {
                "Node Type": "Nested Loop",
                "Parent Relationship": "Outer",
                "Parallel Aware": false,
                "Join Type": "Inner",
                "Startup Cost": 760749.5,
                "Total Cost": 763731.0,
                "Plan Rows": 1,
                "Plan Width": 27,
                "Actual Startup Time": 11310.021,
                "Actual Total Time": 11604.996,
                "Actual Rows": 15836,
                "Actual Loops": 1,
                "Inner Unique": true,
                "Plans": [
                  {
                    "Node Type": "Nested Loop",
                    "Parent Relationship": "Outer",
                    "Parallel Aware": false,
                    "Join Type": "Inner",
                    "Startup Cost": 760749.35,
                    "Total Cost": 763730.33,
                    "Plan Rows": 4,
                    "Plan Width": 31,
                    "Actual Startup Time": 11310.007,
                    "Actual Total Time": 11556.573,
                    "Actual Rows": 46646,
                    "Actual Loops": 1,
                    "Inner Unique": true,
                    "Join Filter": "(mi.movie_id = t.id)",
                    "Rows Removed by Join Filter": 0,
                    "Plans": [
                      {
                        "Node Type": "Hash Join",
                        "Parent Relationship": "Outer",
                        "Parallel Aware": false,
                        "Join Type": "Inner",
                        "Startup Cost": 760748.92,
                        "Total Cost": 763726.81,
                        "Plan Rows": 7,
                        "Plan Width": 22,
                        "Actual Startup Time": 11309.814,
                        "Actual Total Time": 11344.561,
                        "Actual Rows": 62044,
                        "Actual Loops": 1,
                        "Inner Unique": false,
                        "Hash Cond": "(k.id = mk.keyword_id)",
                        "Plans": [
                          {
                            "Node Type": "Seq Scan",
                            "Parent Relationship": "Outer",
                            "Parallel Aware": false,
                            "Relation Name": "keyword",
                            "Alias": "k",
                            "Startup Cost": 0.0,
                            "Total Cost": 2961.55,
                            "Plan Rows": 4,
                            "Plan Width": 4,
                            "Actual Startup Time": 2.048,
                            "Actual Total Time": 20.007,
                            "Actual Rows": 3,
                            "Actual Loops": 1,
                            "Filter": "((keyword IS NOT NULL) AND (keyword = ANY ('{murder,murder-in-title,blood,violence}'::text[])))",
                            "Rows Removed by Filter": 134167
                          },
                          {
                            "Node Type": "Hash",
                            "Parent Relationship": "Inner",
                            "Parallel Aware": false,
                            "Startup Cost": 757996.14,
                            "Total Cost": 757996.14,
                            "Plan Rows": 220223,
                            "Plan Width": 26,
                            "Actual Startup Time": 11305.598,
                            "Actual Total Time": 11305.73,
                            "Actual Rows": 6817908,
                            "Actual Loops": 1,
                            "Hash Buckets": 8388608,
                            "Original Hash Buckets": 262144,
                            "Hash Batches": 1,
                            "Original Hash Batches": 1,
                            "Peak Memory Usage": 460355,
                            "Plans": [
                              {
                                "Node Type": "Nested Loop",
                                "Parent Relationship": "Outer",
                                "Parallel Aware": false,
                                "Join Type": "Inner",
                                "Startup Cost": 371473.33,
                                "Total Cost": 757996.14,
                                "Plan Rows": 220223,
                                "Plan Width": 26,
                                "Actual Startup Time": 1571.146,
                                "Actual Total Time": 9548.545,
                                "Actual Rows": 6817908,
                                "Actual Loops": 1,
                                "Inner Unique": false,
                                "Join Filter": "(mi.movie_id = mi_idx.movie_id)",
                                "Rows Removed by Join Filter": 0,
                                "Plans": [
                                  {
                                    "Node Type": "Hash Join",
                                    "Parent Relationship": "Outer",
                                    "Parallel Aware": false,
                                    "Join Type": "Inner",
                                    "Startup Cost": 371472.9,
                                    "Total Cost": 716086.27,
                                    "Plan Rows": 77967,
                                    "Plan Width": 12,
                                    "Actual Startup Time": 1570.993,
                                    "Actual Total Time": 4133.795,
                                    "Actual Rows": 2892323,
                                    "Actual Loops": 1,
                                    "Inner Unique": true,
                                    "Hash Cond": "(mi.info_type_id = it1.id)",
                                    "Plans": [
                                      {
                                        "Node Type": "Merge Join",
                                        "Parent Relationship": "Outer",
                                        "Parallel Aware": false,
                                        "Join Type": "Inner",
                                        "Startup Cost": 371470.47,
                                        "Total Cost": 692088.75,
                                        "Plan Rows": 8810550,
                                        "Plan Width": 16,
                                        "Actual Startup Time": 1570.895,
                                        "Actual Total Time": 3636.028,
                                        "Actual Rows": 4094443,
                                        "Actual Loops": 1,
                                        "Inner Unique": false,
                                        "Merge Cond": "(mk.movie_id = mi.movie_id)",
                                        "Plans": [
                                          {
                                            "Node Type": "Index Scan",
                                            "Parent Relationship": "Outer",
                                            "Parallel Aware": false,
                                            "Scan Direction": "Forward",
                                            "Index Name": "movie_id_movie_keyword",
                                            "Relation Name": "movie_keyword",
                                            "Alias": "mk",
                                            "Startup Cost": 0.43,
                                            "Total Cost": 177156.82,
                                            "Plan Rows": 4523930,
                                            "Plan Width": 8,
                                            "Actual Startup Time": 0.023,
                                            "Actual Total Time": 948.108,
                                            "Actual Rows": 4523928,
                                            "Actual Loops": 1
                                          },
                                          {
                                            "Node Type": "Sort",
                                            "Parent Relationship": "Inner",
                                            "Parallel Aware": false,
                                            "Startup Cost": 371467.62,
                                            "Total Cost": 373263.25,
                                            "Plan Rows": 718253,
                                            "Plan Width": 8,
                                            "Actual Startup Time": 1570.851,
                                            "Actual Total Time": 1783.579,
                                            "Actual Rows": 4509371,
                                            "Actual Loops": 1,
                                            "Sort Key": [
                                              "mi.movie_id"
                                            ],
                                            "Sort Method": "quicksort",
                                            "Sort Space Used": 58149,
                                            "Sort Space Type": "Memory",
                                            "Plans": [
                                              {
                                                "Node Type": "Gather",
                                                "Parent Relationship": "Outer",
                                                "Parallel Aware": false,
                                                "Startup Cost": 1000.0,
                                                "Total Cost": 301602.67,
                                                "Plan Rows": 718253,
                                                "Plan Width": 8,
                                                "Actual Startup Time": 4.515,
                                                "Actual Total Time": 1339.142,
                                                "Actual Rows": 716210,
                                                "Actual Loops": 1,
                                                "Workers Planned": 5,
                                                "Workers Launched": 5,
                                                "Single Copy": false,
                                                "Plans": [
                                                  {
                                                    "Node Type": "Seq Scan",
                                                    "Parent Relationship": "Outer",
                                                    "Parallel Aware": true,
                                                    "Relation Name": "movie_info",
                                                    "Alias": "mi",
                                                    "Startup Cost": 0.0,
                                                    "Total Cost": 228777.37,
                                                    "Plan Rows": 143651,
                                                    "Plan Width": 8,
                                                    "Actual Startup Time": 0.806,
                                                    "Actual Total Time": 1358.67,
                                                    "Actual Rows": 119368,
                                                    "Actual Loops": 6,
                                                    "Filter": "(info = ANY ('{Sweden,Norway,Germany,Denmark,Swedish,Danish,Norwegian,German,USA,American}'::text[]))",
                                                    "Rows Removed by Filter": 2353252
                                                  }
                                                ]
                                              }
                                            ]
                                          }
                                        ]
                                      },
                                      {
                                        "Node Type": "Hash",
                                        "Parent Relationship": "Inner",
                                        "Parallel Aware": false,
                                        "Startup Cost": 2.41,
                                        "Total Cost": 2.41,
                                        "Plan Rows": 1,
                                        "Plan Width": 4,
                                        "Actual Startup Time": 0.056,
                                        "Actual Total Time": 0.057,
                                        "Actual Rows": 1,
                                        "Actual Loops": 1,
                                        "Hash Buckets": 1024,
                                        "Original Hash Buckets": 1024,
                                        "Hash Batches": 1,
                                        "Original Hash Batches": 1,
                                        "Peak Memory Usage": 9,
                                        "Plans": [
                                          {
                                            "Node Type": "Seq Scan",
                                            "Parent Relationship": "Outer",
                                            "Parallel Aware": false,
                                            "Relation Name": "info_type",
                                            "Alias": "it1",
                                            "Startup Cost": 0.0,
                                            "Total Cost": 2.41,
                                            "Plan Rows": 1,
                                            "Plan Width": 4,
                                            "Actual Startup Time": 0.019,
                                            "Actual Total Time": 0.031,
                                            "Actual Rows": 1,
                                            "Actual Loops": 1,
                                            "Filter": "((info)::text = 'countries'::text)",
                                            "Rows Removed by Filter": 112
                                          }
                                        ]
                                      }
                                    ]
                                  },
                                  {
                                    "Node Type": "Index Scan",
                                    "Parent Relationship": "Inner",
                                    "Parallel Aware": false,
                                    "Scan Direction": "Forward",
                                    "Index Name": "movie_id_movie_info_idx",
                                    "Relation Name": "movie_info_idx",
                                    "Alias": "mi_idx",
                                    "Startup Cost": 0.43,
                                    "Total Cost": 0.5,
                                    "Plan Rows": 3,
                                    "Plan Width": 14,
                                    "Actual Startup Time": 0.001,
                                    "Actual Total Time": 0.001,
                                    "Actual Rows": 2,
                                    "Actual Loops": 2892323,
                                    "Index Cond": "(movie_id = mk.movie_id)",
                                    "Rows Removed by Index Recheck": 0,
                                    "Filter": "(info < '8.5'::text)",
                                    "Rows Removed by Filter": 0
                                  }
                                ]
                              }
                            ]
                          }
                        ]
                      },
                      {
                        "Node Type": "Index Scan",
                        "Parent Relationship": "Inner",
                        "Parallel Aware": false,
                        "Scan Direction": "Forward",
                        "Index Name": "title_pkey",
                        "Relation Name": "title",
                        "Alias": "t",
                        "Startup Cost": 0.43,
                        "Total Cost": 0.49,
                        "Plan Rows": 1,
                        "Plan Width": 25,
                        "Actual Startup Time": 0.003,
                        "Actual Total Time": 0.003,
                        "Actual Rows": 1,
                        "Actual Loops": 62044,
                        "Index Cond": "(id = mk.movie_id)",
                        "Rows Removed by Index Recheck": 0,
                        "Filter": "(production_year < 2006)",
                        "Rows Removed by Filter": 0
                      }
                    ]
                  },
                  {
                    "Node Type": "Index Scan",
                    "Parent Relationship": "Inner",
                    "Parallel Aware": false,
                    "Scan Direction": "Forward",
                    "Index Name": "info_type_pkey",
                    "Relation Name": "info_type",
                    "Alias": "it2",
                    "Startup Cost": 0.14,
                    "Total Cost": 0.16,
                    "Plan Rows": 1,
                    "Plan Width": 4,
                    "Actual Startup Time": 0.001,
                    "Actual Total Time": 0.001,
                    "Actual Rows": 0,
                    "Actual Loops": 46646,
                    "Index Cond": "(id = mi_idx.info_type_id)",
                    "Rows Removed by Index Recheck": 0,
                    "Filter": "((info)::text = 'rating'::text)",
                    "Rows Removed by Filter": 1
                  }
                ]
              }
            ]
          }
        ]
      }
    ]
  },
  "Planning Time": 15.722,
  "Triggers": [],
  "Execution Time": 11629.646
}