{
  "Plan": {
    "Node Type": "Aggregate",
    "Strategy": "Plain",
    "Partial Mode": "Finalize",
    "Parallel Aware": false,
    "Startup Cost": 238635.0,
    "Total Cost": 238635.01,
    "Plan Rows": 1,
    "Plan Width": 8,
    "Actual Startup Time": 506.762,
    "Actual Total Time": 524.03,
    "Actual Rows": 1,
    "Actual Loops": 1,
    "Plans": [
      {
        "Node Type": "Gather",
        "Parent Relationship": "Outer",
        "Parallel Aware": false,
        "Startup Cost": 238634.89,
        "Total Cost": 238635.0,
        "Plan Rows": 1,
        "Plan Width": 8,
        "Actual Startup Time": 503.563,
        "Actual Total Time": 524.023,
        "Actual Rows": 2,
        "Actual Loops": 1,
        "Workers Planned": 1,
        "Workers Launched": 1,
        "Single Copy": false,
        "Plans": [
          {
            "Node Type": "Aggregate",
            "Strategy": "Plain",
            "Partial Mode": "Partial",
            "Parent Relationship": "Outer",
            "Parallel Aware": false,
            "Startup Cost": 237634.89,
            "Total Cost": 237634.9,
            "Plan Rows": 1,
            "Plan Width": 8,
            "Actual Startup Time": 495.21,
            "Actual Total Time": 495.214,
            "Actual Rows": 1,
            "Actual Loops": 2,
            "Plans": [
              {
                "Node Type": "Hash Join",
                "Parent Relationship": "Outer",
                "Parallel Aware": true,
                "Join Type": "Inner",
                "Startup Cost": 72221.05,
                "Total Cost": 237322.57,
                "Plan Rows": 124930,
                "Plan Width": 0,
                "Actual Startup Time": 384.082,
                "Actual Total Time": 492.586,
                "Actual Rows": 57104,
                "Actual Loops": 2,
                "Inner Unique": true,
                "Hash Cond": "(mi.movie_id = t.id)",
                "Plans": [
                  {
                    "Node Type": "Bitmap Heap Scan",
                    "Parent Relationship": "Outer",
                    "Parallel Aware": true,
                    "Relation Name": "movie_info",
                    "Alias": "mi",
                    "Startup Cost": 6332.18,
                    "Total Cost": 170894.21,
                    "Plan Rows": 205522,
                    "Plan Width": 4,
                    "Actual Startup Time": 16.88,
                    "Actual Total Time": 64.357,
                    "Actual Rows": 164428,
                    "Actual Loops": 2,
                    "Recheck Cond": "(info_type_id = 98)",
                    "Rows Removed by Index Recheck": 0,
                    "Exact Heap Blocks": 13922,
                    "Lossy Heap Blocks": 0,
                    "Plans": [
                      {
                        "Node Type": "Bitmap Index Scan",
                        "Parent Relationship": "Outer",
                        "Parallel Aware": false,
                        "Index Name": "info_type_id_movie_info",
                        "Startup Cost": 0.0,
                        "Total Cost": 6244.84,
                        "Plan Rows": 349387,
                        "Plan Width": 0,
                        "Actual Startup Time": 13.257,
                        "Actual Total Time": 13.257,
                        "Actual Rows": 328857,
                        "Actual Loops": 1,
                        "Index Cond": "(info_type_id = 98)"
                      }
                    ]
                  },
                  {
                    "Node Type": "Hash",
                    "Parent Relationship": "Inner",
                    "Parallel Aware": true,
                    "Startup Cost": 54588.39,
                    "Total Cost": 54588.39,
                    "Plan Rows": 904038,
                    "Plan Width": 4,
                    "Actual Startup Time": 352.079,
                    "Actual Total Time": 352.079,
                    "Actual Rows": 771632,
                    "Actual Loops": 2,
                    "Hash Buckets": 2097152,
                    "Original Hash Buckets": 2097152,
                    "Hash Batches": 1,
                    "Original Hash Batches": 1,
                    "Peak Memory Usage": 76768,
                    "Plans": [
                      {
                        "Node Type": "Seq Scan",
                        "Parent Relationship": "Outer",
                        "Parallel Aware": true,
                        "Relation Name": "title",
                        "Alias": "t",
                        "Startup Cost": 0.0,
                        "Total Cost": 54588.39,
                        "Plan Rows": 904038,
                        "Plan Width": 4,
                        "Actual Startup Time": 0.029,
                        "Actual Total Time": 159.015,
                        "Actual Rows": 771632,
                        "Actual Loops": 2,
                        "Filter": "(kind_id = 7)",
                        "Rows Removed by Filter": 492524
                      }
                    ]
                  }
                ]
              }
            ]
          }
        ]
      }
    ]
  },
  "Planning Time": 0.614,
  "Triggers": [],
  "Execution Time": 524.122
}