[
  {
    "Plan": {
      "Node Type": "Aggregate",
      "Strategy": "Plain",
      "Partial Mode": "Finalize",
      "Parallel Aware": false,
      "Startup Cost": 46852.48,
      "Total Cost": 46852.49,
      "Plan Rows": 1,
      "Plan Width": 8,
      "Actual Startup Time": 185.002,
      "Actual Total Time": 195.791,
      "Actual Rows": 1,
      "Actual Loops": 1,
      "Plans": [
        {
          "Node Type": "Gather",
          "Parent Relationship": "Outer",
          "Parallel Aware": false,
          "Startup Cost": 46852.17,
          "Total Cost": 46852.48,
          "Plan Rows": 3,
          "Plan Width": 8,
          "Actual Startup Time": 184.841,
          "Actual Total Time": 195.782,
          "Actual Rows": 4,
          "Actual Loops": 1,
          "Workers Planned": 3,
          "Workers Launched": 3,
          "Single Copy": false,
          "Plans": [
            {
              "Node Type": "Aggregate",
              "Strategy": "Plain",
              "Partial Mode": "Partial",
              "Parent Relationship": "Outer",
              "Parallel Aware": false,
              "Startup Cost": 45852.17,
              "Total Cost": 45852.18,
              "Plan Rows": 1,
              "Plan Width": 8,
              "Actual Startup Time": 178.853,
              "Actual Total Time": 178.855,
              "Actual Rows": 1,
              "Actual Loops": 4,
              "Plans": [
                {
                  "Node Type": "Seq Scan",
                  "Parent Relationship": "Outer",
                  "Parallel Aware": true,
                  "Relation Name": "movie_keyword",
                  "Alias": "mk",
                  "Startup Cost": 0.0,
                  "Total Cost": 42695.65,
                  "Plan Rows": 1262605,
                  "Plan Width": 0,
                  "Actual Startup Time": 0.076,
                  "Actual Total Time": 130.549,
                  "Actual Rows": 976318,
                  "Actual Loops": 4,
                  "Filter": "(keyword_id > 468)",
                  "Rows Removed by Filter": 154664
                }
              ]
            }
          ]
        }
      ]
    },
    "Planning Time": 0.201,
    "Triggers": [],
    "Execution Time": 195.848
  }
]