[
  {
    "Plan": {
      "Node Type": "Aggregate",
      "Strategy": "Plain",
      "Partial Mode": "Finalize",
      "Parallel Aware": false,
      "Startup Cost": 408265.7,
      "Total Cost": 408265.71,
      "Plan Rows": 1,
      "Plan Width": 8,
      "Actual Startup Time": 2140.119,
      "Actual Total Time": 2207.251,
      "Actual Rows": 1,
      "Actual Loops": 1,
      "Plans": [
        {
          "Node Type": "Gather",
          "Parent Relationship": "Outer",
          "Parallel Aware": false,
          "Startup Cost": 408265.08,
          "Total Cost": 408265.69,
          "Plan Rows": 6,
          "Plan Width": 8,
          "Actual Startup Time": 2119.585,
          "Actual Total Time": 2207.215,
          "Actual Rows": 7,
          "Actual Loops": 1,
          "Workers Planned": 6,
          "Workers Launched": 6,
          "Single Copy": false,
          "Plans": [
            {
              "Node Type": "Aggregate",
              "Strategy": "Plain",
              "Partial Mode": "Partial",
              "Parent Relationship": "Outer",
              "Parallel Aware": false,
              "Startup Cost": 407265.08,
              "Total Cost": 407265.09,
              "Plan Rows": 1,
              "Plan Width": 8,
              "Actual Startup Time": 2105.447,
              "Actual Total Time": 2105.453,
              "Actual Rows": 1,
              "Actual Loops": 7,
              "Plans": [
                {
                  "Node Type": "Hash Join",
                  "Parent Relationship": "Outer",
                  "Parallel Aware": true,
                  "Join Type": "Inner",
                  "Startup Cost": 49934.68,
                  "Total Cost": 401363.48,
                  "Plan Rows": 2360640,
                  "Plan Width": 0,
                  "Actual Startup Time": 262.336,
                  "Actual Total Time": 2011.817,
                  "Actual Rows": 2015427,
                  "Actual Loops": 7,
                  "Inner Unique": true,
                  "Hash Cond": "(ci.movie_id = t.id)",
                  "Plans": [
                    {
                      "Node Type": "Seq Scan",
                      "Parent Relationship": "Outer",
                      "Parallel Aware": true,
                      "Relation Name": "cast_info",
                      "Alias": "ci",
                      "Startup Cost": 0.0,
                      "Total Cost": 343316.27,
                      "Plan Rows": 3090480,
                      "Plan Width": 4,
                      "Actual Startup Time": 38.408,
                      "Actual Total Time": 743.781,
                      "Actual Rows": 2555643,
                      "Actual Loops": 7,
                      "Filter": "((person_id > 300696) AND (role_id < 3))",
                      "Rows Removed by Filter": 2622120
                    },
                    {
                      "Node Type": "Hash",
                      "Parent Relationship": "Inner",
                      "Parallel Aware": true,
                      "Startup Cost": 43899.32,
                      "Total Cost": 43899.32,
                      "Plan Rows": 482829,
                      "Plan Width": 4,
                      "Actual Startup Time": 219.241,
                      "Actual Total Time": 219.242,
                      "Actual Rows": 274004,
                      "Actual Loops": 7,
                      "Hash Buckets": 2097152,
                      "Original Hash Buckets": 2097152,
                      "Hash Batches": 1,
                      "Original Hash Batches": 1,
                      "Peak Memory Usage": 91488,
                      "Plans": [
                        {
                          "Node Type": "Seq Scan",
                          "Parent Relationship": "Outer",
                          "Parallel Aware": true,
                          "Relation Name": "title",
                          "Alias": "t",
                          "Startup Cost": 0.0,
                          "Total Cost": 43899.32,
                          "Plan Rows": 482829,
                          "Plan Width": 4,
                          "Actual Startup Time": 0.052,
                          "Actual Total Time": 88.408,
                          "Actual Rows": 274004,
                          "Actual Loops": 7,
                          "Filter": "(production_year > 1981)",
                          "Rows Removed by Filter": 87183
                        }
                      ]
                    }
                  ]
                }
              ]
            }
          ]
        }
      ]
    },
    "Planning Time": 0.555,
    "Triggers": [],
    "Execution Time": 2207.337
  }
]