[
  {
    "Plan": {
      "Node Type": "Aggregate",
      "Strategy": "Plain",
      "Partial Mode": "Finalize",
      "Parallel Aware": false,
      "Startup Cost": 473007.82,
      "Total Cost": 473007.83,
      "Plan Rows": 1,
      "Plan Width": 8,
      "Actual Startup Time": 2031.58,
      "Actual Total Time": 2060.468,
      "Actual Rows": 1,
      "Actual Loops": 1,
      "Plans": [
        {
          "Node Type": "Gather",
          "Parent Relationship": "Outer",
          "Parallel Aware": false,
          "Startup Cost": 473007.19,
          "Total Cost": 473007.8,
          "Plan Rows": 6,
          "Plan Width": 8,
          "Actual Startup Time": 2010.044,
          "Actual Total Time": 2060.459,
          "Actual Rows": 7,
          "Actual Loops": 1,
          "Workers Planned": 6,
          "Workers Launched": 6,
          "Single Copy": false,
          "Plans": [
            {
              "Node Type": "Aggregate",
              "Strategy": "Plain",
              "Partial Mode": "Partial",
              "Parent Relationship": "Outer",
              "Parallel Aware": false,
              "Startup Cost": 472007.19,
              "Total Cost": 472007.2,
              "Plan Rows": 1,
              "Plan Width": 8,
              "Actual Startup Time": 1990.686,
              "Actual Total Time": 1991.158,
              "Actual Rows": 1,
              "Actual Loops": 7,
              "Plans": [
                {
                  "Node Type": "Hash Join",
                  "Parent Relationship": "Outer",
                  "Parallel Aware": true,
                  "Join Type": "Inner",
                  "Startup Cost": 103564.82,
                  "Total Cost": 465662.5,
                  "Plan Rows": 2537876,
                  "Plan Width": 0,
                  "Actual Startup Time": 606.42,
                  "Actual Total Time": 1796.381,
                  "Actual Rows": 4163455,
                  "Actual Loops": 7,
                  "Inner Unique": false,
                  "Hash Cond": "(ci.movie_id = t.id)",
                  "Plans": [
                    {
                      "Node Type": "Seq Scan",
                      "Parent Relationship": "Outer",
                      "Parallel Aware": true,
                      "Relation Name": "cast_info",
                      "Alias": "ci",
                      "Startup Cost": 0.0,
                      "Total Cost": 343318.94,
                      "Plan Rows": 2824548,
                      "Plan Width": 4,
                      "Actual Startup Time": 181.668,
                      "Actual Total Time": 618.374,
                      "Actual Rows": 2214354,
                      "Actual Loops": 7,
                      "Filter": "((person_id > 1663458) AND (role_id < 10))",
                      "Rows Removed by Filter": 2963410
                    },
                    {
                      "Node Type": "Hash",
                      "Parent Relationship": "Inner",
                      "Parallel Aware": true,
                      "Startup Cost": 94404.68,
                      "Total Cost": 94404.68,
                      "Plan Rows": 732811,
                      "Plan Width": 8,
                      "Actual Startup Time": 418.132,
                      "Actual Total Time": 418.603,
                      "Actual Rows": 255407,
                      "Actual Loops": 7,
                      "Hash Buckets": 4194304,
                      "Original Hash Buckets": 4194304,
                      "Hash Batches": 1,
                      "Original Hash Batches": 1,
                      "Peak Memory Usage": 102816,
                      "Plans": [
                        {
                          "Node Type": "Hash Join",
                          "Parent Relationship": "Outer",
                          "Parallel Aware": true,
                          "Join Type": "Inner",
                          "Startup Cost": 48028.67,
                          "Total Cost": 94404.68,
                          "Plan Rows": 732811,
                          "Plan Width": 8,
                          "Actual Startup Time": 173.771,
                          "Actual Total Time": 337.231,
                          "Actual Rows": 255407,
                          "Actual Loops": 7,
                          "Inner Unique": true,
                          "Hash Cond": "(mk.movie_id = t.id)",
                          "Plans": [
                            {
                              "Node Type": "Seq Scan",
                              "Parent Relationship": "Outer",
                              "Parallel Aware": true,
                              "Relation Name": "movie_keyword",
                              "Alias": "mk",
                              "Startup Cost": 0.0,
                              "Total Cost": 42695.65,
                              "Plan Rows": 1402037,
                              "Plan Width": 4,
                              "Actual Startup Time": 0.023,
                              "Actual Total Time": 78.556,
                              "Actual Rows": 621829,
                              "Actual Loops": 7,
                              "Filter": "(keyword_id < 72106)",
                              "Rows Removed by Filter": 24447
                            },
                            {
                              "Node Type": "Hash",
                              "Parent Relationship": "Inner",
                              "Parallel Aware": true,
                              "Startup Cost": 43899.01,
                              "Total Cost": 43899.01,
                              "Plan Rows": 330373,
                              "Plan Width": 4,
                              "Actual Startup Time": 171.889,
                              "Actual Total Time": 171.891,
                              "Actual Rows": 188980,
                              "Actual Loops": 7,
                              "Hash Buckets": 2097152,
                              "Original Hash Buckets": 2097152,
                              "Hash Batches": 1,
                              "Original Hash Batches": 1,
                              "Peak Memory Usage": 68224,
                              "Plans": [
                                {
                                  "Node Type": "Seq Scan",
                                  "Parent Relationship": "Outer",
                                  "Parallel Aware": true,
                                  "Relation Name": "title",
                                  "Alias": "t",
                                  "Startup Cost": 0.0,
                                  "Total Cost": 43899.01,
                                  "Plan Rows": 330373,
                                  "Plan Width": 4,
                                  "Actual Startup Time": 0.042,
                                  "Actual Total Time": 81.6,
                                  "Actual Rows": 188980,
                                  "Actual Loops": 7,
                                  "Filter": "(production_year > 2001)",
                                  "Rows Removed by Filter": 172207
                                }
                              ]
                            }
                          ]
                        }
                      ]
                    }
                  ]
                }
              ]
            }
          ]
        }
      ]
    },
    "Planning Time": 1.391,
    "Triggers": [],
    "Execution Time": 2060.551
  }
]