[
    {
        "Bao": {
            "Bao prediction": "NaN",
            "Bao recommended hint": "(no hint)"
        }
    },
    {
        "Plan": {
            "Node Type": "Aggregate",
            "Strategy": "Plain",
            "Partial Mode": "Finalize",
            "Parallel Aware": false,
            "Startup Cost": 347851.44,
            "Total Cost": 347851.45,
            "Plan Rows": 1,
            "Plan Width": 8,
            "Actual Startup Time": 960.873,
            "Actual Total Time": 991.785,
            "Actual Rows": 1,
            "Actual Loops": 1,
            "Output": [
                "count(*)"
            ],
            "Plans": [
                {
                    "Node Type": "Gather",
                    "Parent Relationship": "Outer",
                    "Parallel Aware": false,
                    "Startup Cost": 347850.82,
                    "Total Cost": 347851.42,
                    "Plan Rows": 6,
                    "Plan Width": 8,
                    "Actual Startup Time": 960.742,
                    "Actual Total Time": 991.773,
                    "Actual Rows": 7,
                    "Actual Loops": 1,
                    "Output": [
                        "(PARTIAL count(*))"
                    ],
                    "Workers Planned": 6,
                    "Workers Launched": 6,
                    "Single Copy": false,
                    "Plans": [
                        {
                            "Node Type": "Aggregate",
                            "Strategy": "Plain",
                            "Partial Mode": "Partial",
                            "Parent Relationship": "Outer",
                            "Parallel Aware": false,
                            "Startup Cost": 346850.82,
                            "Total Cost": 346850.83,
                            "Plan Rows": 1,
                            "Plan Width": 8,
                            "Actual Startup Time": 951.098,
                            "Actual Total Time": 951.099,
                            "Actual Rows": 1,
                            "Actual Loops": 7,
                            "Output": [
                                "PARTIAL count(*)"
                            ],
                            "Workers": [
                                {
                                    "Worker Number": 0,
                                    "Actual Startup Time": 948.522,
                                    "Actual Total Time": 948.524,
                                    "Actual Rows": 1,
                                    "Actual Loops": 1
                                },
                                {
                                    "Worker Number": 1,
                                    "Actual Startup Time": 949.184,
                                    "Actual Total Time": 949.185,
                                    "Actual Rows": 1,
                                    "Actual Loops": 1
                                },
                                {
                                    "Worker Number": 2,
                                    "Actual Startup Time": 949.65,
                                    "Actual Total Time": 949.652,
                                    "Actual Rows": 1,
                                    "Actual Loops": 1
                                },
                                {
                                    "Worker Number": 3,
                                    "Actual Startup Time": 949.707,
                                    "Actual Total Time": 949.708,
                                    "Actual Rows": 1,
                                    "Actual Loops": 1
                                },
                                {
                                    "Worker Number": 4,
                                    "Actual Startup Time": 949.926,
                                    "Actual Total Time": 949.926,
                                    "Actual Rows": 1,
                                    "Actual Loops": 1
                                },
                                {
                                    "Worker Number": 5,
                                    "Actual Startup Time": 950.385,
                                    "Actual Total Time": 950.387,
                                    "Actual Rows": 1,
                                    "Actual Loops": 1
                                }
                            ],
                            "Plans": [
                                {
                                    "Node Type": "Seq Scan",
                                    "Parent Relationship": "Outer",
                                    "Parallel Aware": true,
                                    "Relation Name": "cast_info",
                                    "Schema": "public",
                                    "Alias": "ci",
                                    "Startup Cost": 0.0,
                                    "Total Cost": 343318.94,
                                    "Plan Rows": 1412750,
                                    "Plan Width": 0,
                                    "Actual Startup Time": 446.744,
                                    "Actual Total Time": 851.867,
                                    "Actual Rows": 1626152,
                                    "Actual Loops": 7,
                                    "Output": [
                                        "id",
                                        "person_id",
                                        "movie_id",
                                        "person_role_id",
                                        "note",
                                        "nr_order",
                                        "role_id"
                                    ],
                                    "Filter": "((ci.person_id > 1678079) AND (ci.role_id > 2))",
                                    "Rows Removed by Filter": 3551611,
                                    "Workers": [
                                        {
                                            "Worker Number": 0,
                                            "Actual Startup Time": 444.165,
                                            "Actual Total Time": 851.86,
                                            "Actual Rows": 1396649,
                                            "Actual Loops": 1
                                        },
                                        {
                                            "Worker Number": 1,
                                            "Actual Startup Time": 444.819,
                                            "Actual Total Time": 852.2,
                                            "Actual Rows": 1455551,
                                            "Actual Loops": 1
                                        },
                                        {
                                            "Worker Number": 2,
                                            "Actual Startup Time": 445.309,
                                            "Actual Total Time": 852.652,
                                            "Actual Rows": 1452771,
                                            "Actual Loops": 1
                                        },
                                        {
                                            "Worker Number": 3,
                                            "Actual Startup Time": 445.349,
                                            "Actual Total Time": 852.137,
                                            "Actual Rows": 1463478,
                                            "Actual Loops": 1
                                        },
                                        {
                                            "Worker Number": 4,
                                            "Actual Startup Time": 445.56,
                                            "Actual Total Time": 853.453,
                                            "Actual Rows": 2352912,
                                            "Actual Loops": 1
                                        },
                                        {
                                            "Worker Number": 5,
                                            "Actual Startup Time": 446.039,
                                            "Actual Total Time": 852.492,
                                            "Actual Rows": 1465797,
                                            "Actual Loops": 1
                                        }
                                    ]
                                }
                            ]
                        }
                    ]
                }
            ]
        },
        "Planning Time": 345.646,
        "Triggers": [],
        "Execution Time": 991.854
    }
]