[
  {
    "Plan": {
      "Node Type": "Aggregate",
      "Strategy": "Plain",
      "Partial Mode": "Finalize",
      "Parallel Aware": false,
      "Startup Cost": 46115.45,
      "Total Cost": 46115.46,
      "Plan Rows": 1,
      "Plan Width": 8,
      "Actual Startup Time": 140.853,
      "Actual Total Time": 146.943,
      "Actual Rows": 1,
      "Actual Loops": 1,
      "Plans": [
        {
          "Node Type": "Gather",
          "Parent Relationship": "Outer",
          "Parallel Aware": false,
          "Startup Cost": 46115.13,
          "Total Cost": 46115.44,
          "Plan Rows": 3,
          "Plan Width": 8,
          "Actual Startup Time": 140.788,
          "Actual Total Time": 146.937,
          "Actual Rows": 4,
          "Actual Loops": 1,
          "Workers Planned": 3,
          "Workers Launched": 3,
          "Single Copy": false,
          "Plans": [
            {
              "Node Type": "Aggregate",
              "Strategy": "Plain",
              "Partial Mode": "Partial",
              "Parent Relationship": "Outer",
              "Parallel Aware": false,
              "Startup Cost": 45115.13,
              "Total Cost": 45115.14,
              "Plan Rows": 1,
              "Plan Width": 8,
              "Actual Startup Time": 136.87,
              "Actual Total Time": 136.871,
              "Actual Rows": 1,
              "Actual Loops": 4,
              "Plans": [
                {
                  "Node Type": "Seq Scan",
                  "Parent Relationship": "Outer",
                  "Parallel Aware": true,
                  "Relation Name": "movie_keyword",
                  "Alias": "mk",
                  "Startup Cost": 0.0,
                  "Total Cost": 42695.65,
                  "Plan Rows": 967790,
                  "Plan Width": 0,
                  "Actual Startup Time": 0.092,
                  "Actual Total Time": 104.188,
                  "Actual Rows": 748514,
                  "Actual Loops": 4,
                  "Filter": "(keyword_id > 2217)",
                  "Rows Removed by Filter": 382468
                }
              ]
            }
          ]
        }
      ]
    },
    "Planning Time": 0.059,
    "Triggers": [],
    "Execution Time": 146.963
  }
]