[
  {
    "Plan": {
      "Node Type": "Aggregate",
      "Strategy": "Plain",
      "Partial Mode": "Finalize",
      "Parallel Aware": false,
      "Startup Cost": 95807.56,
      "Total Cost": 95807.57,
      "Plan Rows": 1,
      "Plan Width": 8,
      "Actual Startup Time": 428.467,
      "Actual Total Time": 445.133,
      "Actual Rows": 1,
      "Actual Loops": 1,
      "Plans": [
        {
          "Node Type": "Gather",
          "Parent Relationship": "Outer",
          "Parallel Aware": false,
          "Startup Cost": 95807.35,
          "Total Cost": 95807.56,
          "Plan Rows": 2,
          "Plan Width": 8,
          "Actual Startup Time": 425.052,
          "Actual Total Time": 445.126,
          "Actual Rows": 3,
          "Actual Loops": 1,
          "Workers Planned": 2,
          "Workers Launched": 2,
          "Single Copy": false,
          "Plans": [
            {
              "Node Type": "Aggregate",
              "Strategy": "Plain",
              "Partial Mode": "Partial",
              "Parent Relationship": "Outer",
              "Parallel Aware": false,
              "Startup Cost": 94807.35,
              "Total Cost": 94807.36,
              "Plan Rows": 1,
              "Plan Width": 8,
              "Actual Startup Time": 414.882,
              "Actual Total Time": 414.888,
              "Actual Rows": 1,
              "Actual Loops": 3,
              "Plans": [
                {
                  "Node Type": "Hash Join",
                  "Parent Relationship": "Outer",
                  "Parallel Aware": true,
                  "Join Type": "Inner",
                  "Startup Cost": 78725.67,
                  "Total Cost": 94702.46,
                  "Plan Rows": 41954,
                  "Plan Width": 0,
                  "Actual Startup Time": 360.99,
                  "Actual Total Time": 412.476,
                  "Actual Rows": 59671,
                  "Actual Loops": 3,
                  "Inner Unique": false,
                  "Hash Cond": "(mi_idx.movie_id = t.id)",
                  "Plans": [
                    {
                      "Node Type": "Seq Scan",
                      "Parent Relationship": "Outer",
                      "Parallel Aware": true,
                      "Relation Name": "movie_info_idx",
                      "Alias": "mi_idx",
                      "Startup Cost": 0.0,
                      "Total Cost": 13685.15,
                      "Plan Rows": 575015,
                      "Plan Width": 4,
                      "Actual Startup Time": 0.03,
                      "Actual Total Time": 35.602,
                      "Actual Rows": 460012,
                      "Actual Loops": 3
                    },
                    {
                      "Node Type": "Hash",
                      "Parent Relationship": "Inner",
                      "Parallel Aware": true,
                      "Startup Cost": 77981.84,
                      "Total Cost": 77981.84,
                      "Plan Rows": 59506,
                      "Plan Width": 8,
                      "Actual Startup Time": 326.184,
                      "Actual Total Time": 326.188,
                      "Actual Rows": 38959,
                      "Actual Loops": 3,
                      "Hash Buckets": 262144,
                      "Original Hash Buckets": 262144,
                      "Hash Batches": 1,
                      "Original Hash Batches": 1,
                      "Peak Memory Usage": 6688,
                      "Plans": [
                        {
                          "Node Type": "Hash Join",
                          "Parent Relationship": "Outer",
                          "Parallel Aware": true,
                          "Join Type": "Inner",
                          "Startup Cost": 45971.59,
                          "Total Cost": 77981.84,
                          "Plan Rows": 59506,
                          "Plan Width": 8,
                          "Actual Startup Time": 269.987,
                          "Actual Total Time": 315.839,
                          "Actual Rows": 38959,
                          "Actual Loops": 3,
                          "Inner Unique": true,
                          "Hash Cond": "(mc.movie_id = t.id)",
                          "Plans": [
                            {
                              "Node Type": "Seq Scan",
                              "Parent Relationship": "Outer",
                              "Parallel Aware": true,
                              "Relation Name": "movie_companies",
                              "Alias": "mc",
                              "Startup Cost": 0.0,
                              "Total Cost": 31414.82,
                              "Plan Rows": 226833,
                              "Plan Width": 4,
                              "Actual Startup Time": 38.091,
                              "Actual Total Time": 78.07,
                              "Actual Rows": 148928,
                              "Actual Loops": 3,
                              "Filter": "((company_id < 11961) AND (company_type_id = 2))",
                              "Rows Removed by Filter": 720782
                            },
                            {
                              "Node Type": "Hash",
                              "Parent Relationship": "Inner",
                              "Parallel Aware": true,
                              "Startup Cost": 43898.92,
                              "Total Cost": 43898.92,
                              "Plan Rows": 165814,
                              "Plan Width": 4,
                              "Actual Startup Time": 188.527,
                              "Actual Total Time": 188.528,
                              "Actual Rows": 220942,
                              "Actual Loops": 3,
                              "Hash Buckets": 1048576,
                              "Original Hash Buckets": 1048576,
                              "Hash Batches": 1,
                              "Original Hash Batches": 1,
                              "Peak Memory Usage": 34144,
                              "Plans": [
                                {
                                  "Node Type": "Seq Scan",
                                  "Parent Relationship": "Outer",
                                  "Parallel Aware": true,
                                  "Relation Name": "title",
                                  "Alias": "t",
                                  "Startup Cost": 0.0,
                                  "Total Cost": 43898.92,
                                  "Plan Rows": 165814,
                                  "Plan Width": 4,
                                  "Actual Startup Time": 46.986,
                                  "Actual Total Time": 117.828,
                                  "Actual Rows": 220942,
                                  "Actual Loops": 3,
                                  "Filter": "(kind_id = 1)",
                                  "Rows Removed by Filter": 621829
                                }
                              ]
                            }
                          ]
                        }
                      ]
                    }
                  ]
                }
              ]
            }
          ]
        }
      ]
    },
    "Planning Time": 1.499,
    "Triggers": [],
    "Execution Time": 445.221
  }
]