[
  {
    "Plan": {
      "Node Type": "Aggregate",
      "Strategy": "Plain",
      "Partial Mode": "Finalize",
      "Parallel Aware": false,
      "Startup Cost": 33090.63,
      "Total Cost": 33090.64,
      "Plan Rows": 1,
      "Plan Width": 8,
      "Actual Startup Time": 106.662,
      "Actual Total Time": 112.331,
      "Actual Rows": 1,
      "Actual Loops": 1,
      "Plans": [
        {
          "Node Type": "Gather",
          "Parent Relationship": "Outer",
          "Parallel Aware": false,
          "Startup Cost": 33090.32,
          "Total Cost": 33090.63,
          "Plan Rows": 3,
          "Plan Width": 8,
          "Actual Startup Time": 106.53,
          "Actual Total Time": 112.325,
          "Actual Rows": 4,
          "Actual Loops": 1,
          "Workers Planned": 3,
          "Workers Launched": 3,
          "Single Copy": false,
          "Plans": [
            {
              "Node Type": "Aggregate",
              "Strategy": "Plain",
              "Partial Mode": "Partial",
              "Parent Relationship": "Outer",
              "Parallel Aware": false,
              "Startup Cost": 32090.32,
              "Total Cost": 32090.33,
              "Plan Rows": 1,
              "Plan Width": 8,
              "Actual Startup Time": 100.655,
              "Actual Total Time": 100.656,
              "Actual Rows": 1,
              "Actual Loops": 4,
              "Plans": [
                {
                  "Node Type": "Seq Scan",
                  "Parent Relationship": "Outer",
                  "Parallel Aware": true,
                  "Relation Name": "movie_companies",
                  "Alias": "mc",
                  "Startup Cost": 0.0,
                  "Total Cost": 31414.82,
                  "Plan Rows": 270199,
                  "Plan Width": 0,
                  "Actual Startup Time": 46.381,
                  "Actual Total Time": 87.621,
                  "Actual Rows": 261683,
                  "Actual Loops": 4,
                  "Filter": "((company_id > 4155) AND (company_type_id = 2))",
                  "Rows Removed by Filter": 390600
                }
              ]
            }
          ]
        }
      ]
    },
    "Planning Time": 0.194,
    "Triggers": [],
    "Execution Time": 112.38
  }
]