[
  {
    "Plan": {
      "Node Type": "Aggregate",
      "Strategy": "Plain",
      "Partial Mode": "Finalize",
      "Parallel Aware": false,
      "Startup Cost": 32676.45,
      "Total Cost": 32676.46,
      "Plan Rows": 1,
      "Plan Width": 8,
      "Actual Startup Time": 85.399,
      "Actual Total Time": 93.552,
      "Actual Rows": 1,
      "Actual Loops": 1,
      "Plans": [
        {
          "Node Type": "Gather",
          "Parent Relationship": "Outer",
          "Parallel Aware": false,
          "Startup Cost": 32676.14,
          "Total Cost": 32676.45,
          "Plan Rows": 3,
          "Plan Width": 8,
          "Actual Startup Time": 85.257,
          "Actual Total Time": 93.544,
          "Actual Rows": 4,
          "Actual Loops": 1,
          "Workers Planned": 3,
          "Workers Launched": 3,
          "Single Copy": false,
          "Plans": [
            {
              "Node Type": "Aggregate",
              "Strategy": "Plain",
              "Partial Mode": "Partial",
              "Parent Relationship": "Outer",
              "Parallel Aware": false,
              "Startup Cost": 31676.14,
              "Total Cost": 31676.15,
              "Plan Rows": 1,
              "Plan Width": 8,
              "Actual Startup Time": 80.397,
              "Actual Total Time": 80.398,
              "Actual Rows": 1,
              "Actual Loops": 4,
              "Plans": [
                {
                  "Node Type": "Seq Scan",
                  "Parent Relationship": "Outer",
                  "Parallel Aware": true,
                  "Relation Name": "movie_companies",
                  "Alias": "mc",
                  "Startup Cost": 0.0,
                  "Total Cost": 31414.82,
                  "Plan Rows": 104527,
                  "Plan Width": 0,
                  "Actual Startup Time": 41.029,
                  "Actual Total Time": 73.865,
                  "Actual Rows": 154173,
                  "Actual Loops": 4,
                  "Filter": "((company_id > 59927) AND (company_type_id = 2))",
                  "Rows Removed by Filter": 498110
                }
              ]
            }
          ]
        }
      ]
    },
    "Planning Time": 0.257,
    "Triggers": [],
    "Execution Time": 93.656
  }
]