[
  {
    "Plan": {
      "Node Type": "Aggregate",
      "Strategy": "Plain",
      "Partial Mode": "Finalize",
      "Parallel Aware": false,
      "Startup Cost": 336521.96,
      "Total Cost": 336521.97,
      "Plan Rows": 1,
      "Plan Width": 8,
      "Actual Startup Time": 687.998,
      "Actual Total Time": 746.074,
      "Actual Rows": 1,
      "Actual Loops": 1,
      "Plans": [
        {
          "Node Type": "Gather",
          "Parent Relationship": "Outer",
          "Parallel Aware": false,
          "Startup Cost": 336521.34,
          "Total Cost": 336521.95,
          "Plan Rows": 6,
          "Plan Width": 8,
          "Actual Startup Time": 687.889,
          "Actual Total Time": 746.066,
          "Actual Rows": 7,
          "Actual Loops": 1,
          "Workers Planned": 6,
          "Workers Launched": 6,
          "Single Copy": false,
          "Plans": [
            {
              "Node Type": "Aggregate",
              "Strategy": "Plain",
              "Partial Mode": "Partial",
              "Parent Relationship": "Outer",
              "Parallel Aware": false,
              "Startup Cost": 335521.34,
              "Total Cost": 335521.35,
              "Plan Rows": 1,
              "Plan Width": 8,
              "Actual Startup Time": 678.85,
              "Actual Total Time": 678.852,
              "Actual Rows": 1,
              "Actual Loops": 7,
              "Plans": [
                {
                  "Node Type": "Seq Scan",
                  "Parent Relationship": "Outer",
                  "Parallel Aware": true,
                  "Relation Name": "cast_info",
                  "Alias": "ci",
                  "Startup Cost": 0.0,
                  "Total Cost": 328162.03,
                  "Plan Rows": 2943724,
                  "Plan Width": 0,
                  "Actual Startup Time": 199.631,
                  "Actual Total Time": 575.484,
                  "Actual Rows": 2521260,
                  "Actual Loops": 7,
                  "Filter": "(person_id > 1850954)",
                  "Rows Removed by Filter": 2656503
                }
              ]
            }
          ]
        }
      ]
    },
    "Planning Time": 0.167,
    "Triggers": [],
    "Execution Time": 746.139
  }
]