[
  {
    "Plan": {
      "Node Type": "Aggregate",
      "Strategy": "Plain",
      "Partial Mode": "Finalize",
      "Parallel Aware": false,
      "Startup Cost": 78911.96,
      "Total Cost": 78911.97,
      "Plan Rows": 1,
      "Plan Width": 8,
      "Actual Startup Time": 118.789,
      "Actual Total Time": 136.217,
      "Actual Rows": 1,
      "Actual Loops": 1,
      "Plans": [
        {
          "Node Type": "Gather",
          "Parent Relationship": "Outer",
          "Parallel Aware": false,
          "Startup Cost": 78911.54,
          "Total Cost": 78911.95,
          "Plan Rows": 4,
          "Plan Width": 8,
          "Actual Startup Time": 118.588,
          "Actual Total Time": 136.205,
          "Actual Rows": 5,
          "Actual Loops": 1,
          "Workers Planned": 4,
          "Workers Launched": 4,
          "Single Copy": false,
          "Plans": [
            {
              "Node Type": "Aggregate",
              "Strategy": "Plain",
              "Partial Mode": "Partial",
              "Parent Relationship": "Outer",
              "Parallel Aware": false,
              "Startup Cost": 77911.54,
              "Total Cost": 77911.55,
              "Plan Rows": 1,
              "Plan Width": 8,
              "Actual Startup Time": 112.707,
              "Actual Total Time": 112.709,
              "Actual Rows": 1,
              "Actual Loops": 5,
              "Plans": [
                {
                  "Node Type": "Nested Loop",
                  "Parent Relationship": "Outer",
                  "Parallel Aware": false,
                  "Join Type": "Inner",
                  "Startup Cost": 0.43,
                  "Total Cost": 77892.2,
                  "Plan Rows": 7737,
                  "Plan Width": 0,
                  "Actual Startup Time": 0.48,
                  "Actual Total Time": 111.893,
                  "Actual Rows": 12442,
                  "Actual Loops": 5,
                  "Inner Unique": false,
                  "Plans": [
                    {
                      "Node Type": "Seq Scan",
                      "Parent Relationship": "Outer",
                      "Parallel Aware": true,
                      "Relation Name": "title",
                      "Alias": "t",
                      "Startup Cost": 0.0,
                      "Total Cost": 45479.59,
                      "Plan Rows": 4324,
                      "Plan Width": 4,
                      "Actual Startup Time": 0.29,
                      "Actual Total Time": 85.028,
                      "Actual Rows": 2278,
                      "Actual Loops": 5,
                      "Filter": "((kind_id < 4) AND (production_year = 1998))",
                      "Rows Removed by Filter": 503385
                    },
                    {
                      "Node Type": "Index Only Scan",
                      "Parent Relationship": "Inner",
                      "Parallel Aware": false,
                      "Scan Direction": "Forward",
                      "Index Name": "movie_id_movie_keyword",
                      "Relation Name": "movie_keyword",
                      "Alias": "mk",
                      "Startup Cost": 0.43,
                      "Total Cost": 7.04,
                      "Plan Rows": 46,
                      "Plan Width": 4,
                      "Actual Startup Time": 0.01,
                      "Actual Total Time": 0.011,
                      "Actual Rows": 5,
                      "Actual Loops": 11388,
                      "Index Cond": "(movie_id = t.id)",
                      "Rows Removed by Index Recheck": 0,
                      "Heap Fetches": 62209
                    }
                  ]
                }
              ]
            }
          ]
        }
      ]
    },
    "Planning Time": 0.427,
    "Triggers": [],
    "Execution Time": 136.269
  }
]