[
  {
    "Plan": {
      "Node Type": "Aggregate",
      "Strategy": "Plain",
      "Partial Mode": "Finalize",
      "Parallel Aware": false,
      "Startup Cost": 75438.6,
      "Total Cost": 75438.61,
      "Plan Rows": 1,
      "Plan Width": 8,
      "Actual Startup Time": 119.852,
      "Actual Total Time": 135.176,
      "Actual Rows": 1,
      "Actual Loops": 1,
      "Plans": [
        {
          "Node Type": "Gather",
          "Parent Relationship": "Outer",
          "Parallel Aware": false,
          "Startup Cost": 75438.18,
          "Total Cost": 75438.59,
          "Plan Rows": 4,
          "Plan Width": 8,
          "Actual Startup Time": 119.739,
          "Actual Total Time": 135.169,
          "Actual Rows": 5,
          "Actual Loops": 1,
          "Workers Planned": 4,
          "Workers Launched": 4,
          "Single Copy": false,
          "Plans": [
            {
              "Node Type": "Aggregate",
              "Strategy": "Plain",
              "Partial Mode": "Partial",
              "Parent Relationship": "Outer",
              "Parallel Aware": false,
              "Startup Cost": 74438.18,
              "Total Cost": 74438.19,
              "Plan Rows": 1,
              "Plan Width": 8,
              "Actual Startup Time": 112.477,
              "Actual Total Time": 112.479,
              "Actual Rows": 1,
              "Actual Loops": 5,
              "Plans": [
                {
                  "Node Type": "Nested Loop",
                  "Parent Relationship": "Outer",
                  "Parallel Aware": false,
                  "Join Type": "Inner",
                  "Startup Cost": 0.43,
                  "Total Cost": 74421.33,
                  "Plan Rows": 6740,
                  "Plan Width": 0,
                  "Actual Startup Time": 1.102,
                  "Actual Total Time": 111.705,
                  "Actual Rows": 12442,
                  "Actual Loops": 5,
                  "Inner Unique": false,
                  "Plans": [
                    {
                      "Node Type": "Seq Scan",
                      "Parent Relationship": "Outer",
                      "Parallel Aware": true,
                      "Relation Name": "title",
                      "Alias": "t",
                      "Startup Cost": 0.0,
                      "Total Cost": 45479.1,
                      "Plan Rows": 3767,
                      "Plan Width": 4,
                      "Actual Startup Time": 0.487,
                      "Actual Total Time": 82.598,
                      "Actual Rows": 2278,
                      "Actual Loops": 5,
                      "Filter": "((kind_id < 4) AND (production_year = 1998))",
                      "Rows Removed by Filter": 503385
                    },
                    {
                      "Node Type": "Index Only Scan",
                      "Parent Relationship": "Inner",
                      "Parallel Aware": false,
                      "Scan Direction": "Forward",
                      "Index Name": "movie_id_movie_keyword",
                      "Relation Name": "movie_keyword",
                      "Alias": "mk",
                      "Startup Cost": 0.43,
                      "Total Cost": 7.23,
                      "Plan Rows": 45,
                      "Plan Width": 4,
                      "Actual Startup Time": 0.011,
                      "Actual Total Time": 0.012,
                      "Actual Rows": 5,
                      "Actual Loops": 11388,
                      "Index Cond": "(movie_id = t.id)",
                      "Rows Removed by Index Recheck": 0,
                      "Heap Fetches": 62209
                    }
                  ]
                }
              ]
            }
          ]
        }
      ]
    },
    "Planning Time": 0.368,
    "Triggers": [],
    "Execution Time": 135.225
  }
]