[
    {
        "Bao": {
            "Bao prediction": "NaN",
            "Bao recommended hint": "(no hint)"
        }
    },
    {
        "Plan": {
            "Node Type": "Aggregate",
            "Strategy": "Plain",
            "Partial Mode": "Finalize",
            "Parallel Aware": false,
            "Startup Cost": 30484.8,
            "Total Cost": 30484.81,
            "Plan Rows": 1,
            "Plan Width": 8,
            "Actual Startup Time": 100.895,
            "Actual Total Time": 107.225,
            "Actual Rows": 1,
            "Actual Loops": 1,
            "Output": [
                "count(*)"
            ],
            "Plans": [
                {
                    "Node Type": "Gather",
                    "Parent Relationship": "Outer",
                    "Parallel Aware": false,
                    "Startup Cost": 30484.48,
                    "Total Cost": 30484.79,
                    "Plan Rows": 3,
                    "Plan Width": 8,
                    "Actual Startup Time": 100.511,
                    "Actual Total Time": 107.212,
                    "Actual Rows": 4,
                    "Actual Loops": 1,
                    "Output": [
                        "(PARTIAL count(*))"
                    ],
                    "Workers Planned": 3,
                    "Workers Launched": 3,
                    "Single Copy": false,
                    "Plans": [
                        {
                            "Node Type": "Aggregate",
                            "Strategy": "Plain",
                            "Partial Mode": "Partial",
                            "Parent Relationship": "Outer",
                            "Parallel Aware": false,
                            "Startup Cost": 29484.48,
                            "Total Cost": 29484.49,
                            "Plan Rows": 1,
                            "Plan Width": 8,
                            "Actual Startup Time": 91.429,
                            "Actual Total Time": 91.43,
                            "Actual Rows": 1,
                            "Actual Loops": 4,
                            "Output": [
                                "PARTIAL count(*)"
                            ],
                            "Workers": [
                                {
                                    "Worker Number": 0,
                                    "Actual Startup Time": 88.551,
                                    "Actual Total Time": 88.553,
                                    "Actual Rows": 1,
                                    "Actual Loops": 1
                                },
                                {
                                    "Worker Number": 1,
                                    "Actual Startup Time": 88.437,
                                    "Actual Total Time": 88.439,
                                    "Actual Rows": 1,
                                    "Actual Loops": 1
                                },
                                {
                                    "Worker Number": 2,
                                    "Actual Startup Time": 88.62,
                                    "Actual Total Time": 88.621,
                                    "Actual Rows": 1,
                                    "Actual Loops": 1
                                }
                            ],
                            "Plans": [
                                {
                                    "Node Type": "Bitmap Heap Scan",
                                    "Parent Relationship": "Outer",
                                    "Parallel Aware": true,
                                    "Relation Name": "movie_keyword",
                                    "Schema": "public",
                                    "Alias": "mk",
                                    "Startup Cost": 4096.45,
                                    "Total Cost": 29328.81,
                                    "Plan Rows": 62269,
                                    "Plan Width": 0,
                                    "Actual Startup Time": 26.969,
                                    "Actual Total Time": 87.04,
                                    "Actual Rows": 48587,
                                    "Actual Loops": 4,
                                    "Recheck Cond": "(mk.keyword_id > 69889)",
                                    "Rows Removed by Index Recheck": 0,
                                    "Exact Heap Blocks": 8463,
                                    "Lossy Heap Blocks": 0,
                                    "Workers": [
                                        {
                                            "Worker Number": 0,
                                            "Actual Startup Time": 24.277,
                                            "Actual Total Time": 84.883,
                                            "Actual Rows": 34411,
                                            "Actual Loops": 1
                                        },
                                        {
                                            "Worker Number": 1,
                                            "Actual Startup Time": 24.001,
                                            "Actual Total Time": 84.852,
                                            "Actual Rows": 35734,
                                            "Actual Loops": 1
                                        },
                                        {
                                            "Worker Number": 2,
                                            "Actual Startup Time": 24.175,
                                            "Actual Total Time": 85.076,
                                            "Actual Rows": 42244,
                                            "Actual Loops": 1
                                        }
                                    ],
                                    "Plans": [
                                        {
                                            "Node Type": "Bitmap Index Scan",
                                            "Parent Relationship": "Outer",
                                            "Parallel Aware": false,
                                            "Index Name": "keyword_id_movie_keyword",
                                            "Startup Cost": 0.0,
                                            "Total Cost": 4048.19,
                                            "Plan Rows": 193034,
                                            "Plan Width": 0,
                                            "Actual Startup Time": 30.151,
                                            "Actual Total Time": 30.152,
                                            "Actual Rows": 194349,
                                            "Actual Loops": 1,
                                            "Index Cond": "(mk.keyword_id > 69889)"
                                        }
                                    ]
                                }
                            ]
                        }
                    ]
                }
            ]
        },
        "Planning Time": 332.994,
        "Triggers": [],
        "Execution Time": 107.318
    }
]