[
  {
    "Plan": {
      "Node Type": "Aggregate",
      "Strategy": "Plain",
      "Partial Mode": "Finalize",
      "Parallel Aware": false,
      "Startup Cost": 158301.92,
      "Total Cost": 158301.93,
      "Plan Rows": 1,
      "Plan Width": 8,
      "Actual Startup Time": 331.75,
      "Actual Total Time": 365.613,
      "Actual Rows": 1,
      "Actual Loops": 1,
      "Plans": [
        {
          "Node Type": "Gather",
          "Parent Relationship": "Outer",
          "Parallel Aware": false,
          "Startup Cost": 158301.4,
          "Total Cost": 158301.91,
          "Plan Rows": 5,
          "Plan Width": 8,
          "Actual Startup Time": 331.598,
          "Actual Total Time": 365.603,
          "Actual Rows": 6,
          "Actual Loops": 1,
          "Workers Planned": 5,
          "Workers Launched": 5,
          "Single Copy": false,
          "Plans": [
            {
              "Node Type": "Aggregate",
              "Strategy": "Plain",
              "Partial Mode": "Partial",
              "Parent Relationship": "Outer",
              "Parallel Aware": false,
              "Startup Cost": 157301.4,
              "Total Cost": 157301.41,
              "Plan Rows": 1,
              "Plan Width": 8,
              "Actual Startup Time": 322.481,
              "Actual Total Time": 322.483,
              "Actual Rows": 1,
              "Actual Loops": 6,
              "Plans": [
                {
                  "Node Type": "Index Scan",
                  "Parent Relationship": "Outer",
                  "Parallel Aware": true,
                  "Scan Direction": "Forward",
                  "Index Name": "role_id_cast_info",
                  "Relation Name": "cast_info",
                  "Alias": "ci",
                  "Startup Cost": 0.56,
                  "Total Cost": 155872.35,
                  "Plan Rows": 571621,
                  "Plan Width": 0,
                  "Actual Startup Time": 0.125,
                  "Actual Total Time": 268.236,
                  "Actual Rows": 786992,
                  "Actual Loops": 6,
                  "Index Cond": "(role_id > 8)",
                  "Rows Removed by Index Recheck": 0,
                  "Filter": "(person_id > 1819475)",
                  "Rows Removed by Filter": 168457
                }
              ]
            }
          ]
        }
      ]
    },
    "Planning Time": 0.126,
    "Triggers": [],
    "Execution Time": 365.657
  }
]