[
  {
    "Plan": {
      "Node Type": "Aggregate",
      "Strategy": "Plain",
      "Partial Mode": "Finalize",
      "Parallel Aware": false,
      "Startup Cost": 159081.07,
      "Total Cost": 159081.08,
      "Plan Rows": 1,
      "Plan Width": 8,
      "Actual Startup Time": 255.103,
      "Actual Total Time": 268.191,
      "Actual Rows": 1,
      "Actual Loops": 1,
      "Plans": [
        {
          "Node Type": "Gather",
          "Parent Relationship": "Outer",
          "Parallel Aware": false,
          "Startup Cost": 159080.54,
          "Total Cost": 159081.05,
          "Plan Rows": 5,
          "Plan Width": 8,
          "Actual Startup Time": 255.013,
          "Actual Total Time": 268.182,
          "Actual Rows": 6,
          "Actual Loops": 1,
          "Workers Planned": 5,
          "Workers Launched": 5,
          "Single Copy": false,
          "Plans": [
            {
              "Node Type": "Aggregate",
              "Strategy": "Plain",
              "Partial Mode": "Partial",
              "Parent Relationship": "Outer",
              "Parallel Aware": false,
              "Startup Cost": 158080.54,
              "Total Cost": 158080.55,
              "Plan Rows": 1,
              "Plan Width": 8,
              "Actual Startup Time": 246.42,
              "Actual Total Time": 246.421,
              "Actual Rows": 1,
              "Actual Loops": 6,
              "Plans": [
                {
                  "Node Type": "Index Scan",
                  "Parent Relationship": "Outer",
                  "Parallel Aware": true,
                  "Scan Direction": "Forward",
                  "Index Name": "role_id_cast_info",
                  "Relation Name": "cast_info",
                  "Alias": "ci",
                  "Startup Cost": 0.56,
                  "Total Cost": 156659.89,
                  "Plan Rows": 568263,
                  "Plan Width": 0,
                  "Actual Startup Time": 0.133,
                  "Actual Total Time": 209.397,
                  "Actual Rows": 786992,
                  "Actual Loops": 6,
                  "Index Cond": "(role_id > 8)",
                  "Rows Removed by Index Recheck": 0,
                  "Filter": "(person_id > 1819475)",
                  "Rows Removed by Filter": 168457
                }
              ]
            }
          ]
        }
      ]
    },
    "Planning Time": 0.195,
    "Triggers": [],
    "Execution Time": 268.248
  }
]