[
  {
    "Plan": {
      "Node Type": "Aggregate",
      "Strategy": "Plain",
      "Partial Mode": "Finalize",
      "Parallel Aware": false,
      "Startup Cost": 126027.29,
      "Total Cost": 126027.3,
      "Plan Rows": 1,
      "Plan Width": 8,
      "Actual Startup Time": 571.26,
      "Actual Total Time": 593.973,
      "Actual Rows": 1,
      "Actual Loops": 1,
      "Plans": [
        {
          "Node Type": "Gather",
          "Parent Relationship": "Outer",
          "Parallel Aware": false,
          "Startup Cost": 126026.97,
          "Total Cost": 126027.28,
          "Plan Rows": 3,
          "Plan Width": 8,
          "Actual Startup Time": 568.617,
          "Actual Total Time": 593.961,
          "Actual Rows": 4,
          "Actual Loops": 1,
          "Workers Planned": 3,
          "Workers Launched": 3,
          "Single Copy": false,
          "Plans": [
            {
              "Node Type": "Aggregate",
              "Strategy": "Plain",
              "Partial Mode": "Partial",
              "Parent Relationship": "Outer",
              "Parallel Aware": false,
              "Startup Cost": 125026.97,
              "Total Cost": 125026.98,
              "Plan Rows": 1,
              "Plan Width": 8,
              "Actual Startup Time": 559.616,
              "Actual Total Time": 559.716,
              "Actual Rows": 1,
              "Actual Loops": 4,
              "Plans": [
                {
                  "Node Type": "Hash Join",
                  "Parent Relationship": "Outer",
                  "Parallel Aware": true,
                  "Join Type": "Inner",
                  "Startup Cost": 77577.99,
                  "Total Cost": 124639.59,
                  "Plan Rows": 154954,
                  "Plan Width": 0,
                  "Actual Startup Time": 346.58,
                  "Actual Total Time": 555.22,
                  "Actual Rows": 91746,
                  "Actual Loops": 4,
                  "Inner Unique": false,
                  "Hash Cond": "(mk.movie_id = t.id)",
                  "Plans": [
                    {
                      "Node Type": "Seq Scan",
                      "Parent Relationship": "Outer",
                      "Parallel Aware": true,
                      "Relation Name": "movie_keyword",
                      "Alias": "mk",
                      "Startup Cost": 0.0,
                      "Total Cost": 42695.65,
                      "Plan Rows": 1030959,
                      "Plan Width": 4,
                      "Actual Startup Time": 0.032,
                      "Actual Total Time": 126.625,
                      "Actual Rows": 797080,
                      "Actual Loops": 4,
                      "Filter": "(keyword_id < 12881)",
                      "Rows Removed by Filter": 333903
                    },
                    {
                      "Node Type": "Hash",
                      "Parent Relationship": "Inner",
                      "Parallel Aware": true,
                      "Startup Cost": 76045.71,
                      "Total Cost": 76045.71,
                      "Plan Rows": 122582,
                      "Plan Width": 8,
                      "Actual Startup Time": 342.979,
                      "Actual Total Time": 343.077,
                      "Actual Rows": 68065,
                      "Actual Loops": 4,
                      "Hash Buckets": 524288,
                      "Original Hash Buckets": 524288,
                      "Hash Batches": 1,
                      "Original Hash Batches": 1,
                      "Peak Memory Usage": 14784,
                      "Plans": [
                        {
                          "Node Type": "Hash Join",
                          "Parent Relationship": "Outer",
                          "Parallel Aware": true,
                          "Join Type": "Inner",
                          "Startup Cost": 46629.82,
                          "Total Cost": 76045.71,
                          "Plan Rows": 122582,
                          "Plan Width": 8,
                          "Actual Startup Time": 144.579,
                          "Actual Total Time": 318.498,
                          "Actual Rows": 68065,
                          "Actual Loops": 4,
                          "Inner Unique": true,
                          "Hash Cond": "(mc.movie_id = t.id)",
                          "Plans": [
                            {
                              "Node Type": "Seq Scan",
                              "Parent Relationship": "Outer",
                              "Parallel Aware": true,
                              "Relation Name": "movie_companies",
                              "Alias": "mc",
                              "Startup Cost": 0.0,
                              "Total Cost": 27206.55,
                              "Plan Rows": 841655,
                              "Plan Width": 4,
                              "Actual Startup Time": 0.02,
                              "Actual Total Time": 68.532,
                              "Actual Rows": 652282,
                              "Actual Loops": 4
                            },
                            {
                              "Node Type": "Hash",
                              "Parent Relationship": "Inner",
                              "Parallel Aware": true,
                              "Startup Cost": 45479.1,
                              "Total Cost": 45479.1,
                              "Plan Rows": 92058,
                              "Plan Width": 4,
                              "Actual Startup Time": 142.56,
                              "Actual Total Time": 142.561,
                              "Actual Rows": 59805,
                              "Actual Loops": 4,
                              "Hash Buckets": 524288,
                              "Original Hash Buckets": 524288,
                              "Hash Batches": 1,
                              "Original Hash Batches": 1,
                              "Peak Memory Usage": 13536,
                              "Plans": [
                                {
                                  "Node Type": "Seq Scan",
                                  "Parent Relationship": "Outer",
                                  "Parallel Aware": true,
                                  "Relation Name": "title",
                                  "Alias": "t",
                                  "Startup Cost": 0.0,
                                  "Total Cost": 45479.1,
                                  "Plan Rows": 92058,
                                  "Plan Width": 4,
                                  "Actual Startup Time": 0.047,
                                  "Actual Total Time": 110.896,
                                  "Actual Rows": 59805,
                                  "Actual Loops": 4,
                                  "Filter": "((kind_id > 1) AND (production_year < 1980))",
                                  "Rows Removed by Filter": 572273
                                }
                              ]
                            }
                          ]
                        }
                      ]
                    }
                  ]
                }
              ]
            }
          ]
        }
      ]
    },
    "Planning Time": 1.394,
    "Triggers": [],
    "Execution Time": 594.102
  }
]