[
    {
        "Bao": {
            "Bao prediction": 468.64,
            "Bao recommended hint": "SET enable_mergejoin TO off; SET enable_indexscan TO off; "
        }
    },
    {
        "Plan": {
            "Node Type": "Aggregate",
            "Strategy": "Plain",
            "Partial Mode": "Finalize",
            "Parallel Aware": false,
            "Startup Cost": 347314.02,
            "Total Cost": 347314.03,
            "Plan Rows": 1,
            "Plan Width": 8,
            "Actual Startup Time": 713.208,
            "Actual Total Time": 748.59,
            "Actual Rows": 1,
            "Actual Loops": 1,
            "Output": [
                "count(*)"
            ],
            "Plans": [
                {
                    "Node Type": "Gather",
                    "Parent Relationship": "Outer",
                    "Parallel Aware": false,
                    "Startup Cost": 347313.39,
                    "Total Cost": 347314.0,
                    "Plan Rows": 6,
                    "Plan Width": 8,
                    "Actual Startup Time": 713.127,
                    "Actual Total Time": 748.581,
                    "Actual Rows": 7,
                    "Actual Loops": 1,
                    "Output": [
                        "(PARTIAL count(*))"
                    ],
                    "Workers Planned": 6,
                    "Workers Launched": 6,
                    "Single Copy": false,
                    "Plans": [
                        {
                            "Node Type": "Aggregate",
                            "Strategy": "Plain",
                            "Partial Mode": "Partial",
                            "Parent Relationship": "Outer",
                            "Parallel Aware": false,
                            "Startup Cost": 346313.39,
                            "Total Cost": 346313.4,
                            "Plan Rows": 1,
                            "Plan Width": 8,
                            "Actual Startup Time": 703.827,
                            "Actual Total Time": 703.828,
                            "Actual Rows": 1,
                            "Actual Loops": 7,
                            "Output": [
                                "PARTIAL count(*)"
                            ],
                            "Workers": [
                                {
                                    "Worker Number": 0,
                                    "Actual Startup Time": 701.704,
                                    "Actual Total Time": 701.705,
                                    "Actual Rows": 1,
                                    "Actual Loops": 1
                                },
                                {
                                    "Worker Number": 1,
                                    "Actual Startup Time": 701.863,
                                    "Actual Total Time": 701.865,
                                    "Actual Rows": 1,
                                    "Actual Loops": 1
                                },
                                {
                                    "Worker Number": 2,
                                    "Actual Startup Time": 702.31,
                                    "Actual Total Time": 702.311,
                                    "Actual Rows": 1,
                                    "Actual Loops": 1
                                },
                                {
                                    "Worker Number": 3,
                                    "Actual Startup Time": 702.792,
                                    "Actual Total Time": 702.793,
                                    "Actual Rows": 1,
                                    "Actual Loops": 1
                                },
                                {
                                    "Worker Number": 4,
                                    "Actual Startup Time": 702.614,
                                    "Actual Total Time": 702.615,
                                    "Actual Rows": 1,
                                    "Actual Loops": 1
                                },
                                {
                                    "Worker Number": 5,
                                    "Actual Startup Time": 703.171,
                                    "Actual Total Time": 703.173,
                                    "Actual Rows": 1,
                                    "Actual Loops": 1
                                }
                            ],
                            "Plans": [
                                {
                                    "Node Type": "Seq Scan",
                                    "Parent Relationship": "Outer",
                                    "Parallel Aware": true,
                                    "Relation Name": "cast_info",
                                    "Schema": "public",
                                    "Alias": "ci",
                                    "Startup Cost": 0.0,
                                    "Total Cost": 343318.94,
                                    "Plan Rows": 1197781,
                                    "Plan Width": 0,
                                    "Actual Startup Time": 224.837,
                                    "Actual Total Time": 650.054,
                                    "Actual Rows": 1064543,
                                    "Actual Loops": 7,
                                    "Output": [
                                        "id",
                                        "person_id",
                                        "movie_id",
                                        "person_role_id",
                                        "note",
                                        "nr_order",
                                        "role_id"
                                    ],
                                    "Filter": "((ci.person_id > 143040) AND (ci.role_id = 2))",
                                    "Rows Removed by Filter": 4113220,
                                    "Workers": [
                                        {
                                            "Worker Number": 0,
                                            "Actual Startup Time": 222.705,
                                            "Actual Total Time": 647.866,
                                            "Actual Rows": 815652,
                                            "Actual Loops": 1
                                        },
                                        {
                                            "Worker Number": 1,
                                            "Actual Startup Time": 222.867,
                                            "Actual Total Time": 649.463,
                                            "Actual Rows": 786776,
                                            "Actual Loops": 1
                                        },
                                        {
                                            "Worker Number": 2,
                                            "Actual Startup Time": 223.332,
                                            "Actual Total Time": 648.756,
                                            "Actual Rows": 813299,
                                            "Actual Loops": 1
                                        },
                                        {
                                            "Worker Number": 3,
                                            "Actual Startup Time": 223.804,
                                            "Actual Total Time": 648.918,
                                            "Actual Rows": 1178941,
                                            "Actual Loops": 1
                                        },
                                        {
                                            "Worker Number": 4,
                                            "Actual Startup Time": 223.626,
                                            "Actual Total Time": 648.853,
                                            "Actual Rows": 1177377,
                                            "Actual Loops": 1
                                        },
                                        {
                                            "Worker Number": 5,
                                            "Actual Startup Time": 224.189,
                                            "Actual Total Time": 649.298,
                                            "Actual Rows": 1184053,
                                            "Actual Loops": 1
                                        }
                                    ]
                                }
                            ]
                        }
                    ]
                }
            ]
        },
        "Planning Time": 697.0,
        "Triggers": [],
        "Execution Time": 748.681
    }
]