{
  "Plan": {
    "Node Type": "Aggregate",
    "Strategy": "Plain",
    "Partial Mode": "Finalize",
    "Parallel Aware": false,
    "Startup Cost": 95307.15,
    "Total Cost": 95307.16,
    "Plan Rows": 1,
    "Plan Width": 8,
    "Actual Startup Time": 524.229,
    "Actual Total Time": 537.564,
    "Actual Rows": 1,
    "Actual Loops": 1,
    "Plans": [
      {
        "Node Type": "Gather",
        "Parent Relationship": "Outer",
        "Parallel Aware": false,
        "Startup Cost": 95307.04,
        "Total Cost": 95307.15,
        "Plan Rows": 1,
        "Plan Width": 8,
        "Actual Startup Time": 523.147,
        "Actual Total Time": 537.554,
        "Actual Rows": 2,
        "Actual Loops": 1,
        "Workers Planned": 1,
        "Workers Launched": 1,
        "Single Copy": false,
        "Plans": [
          {
            "Node Type": "Aggregate",
            "Strategy": "Plain",
            "Partial Mode": "Partial",
            "Parent Relationship": "Outer",
            "Parallel Aware": false,
            "Startup Cost": 94307.04,
            "Total Cost": 94307.05,
            "Plan Rows": 1,
            "Plan Width": 8,
            "Actual Startup Time": 517.165,
            "Actual Total Time": 517.17,
            "Actual Rows": 1,
            "Actual Loops": 2,
            "Plans": [
              {
                "Node Type": "Hash Join",
                "Parent Relationship": "Outer",
                "Parallel Aware": true,
                "Join Type": "Inner",
                "Startup Cost": 32308.86,
                "Total Cost": 93760.45,
                "Plan Rows": 218636,
                "Plan Width": 0,
                "Actual Startup Time": 146.803,
                "Actual Total Time": 509.55,
                "Actual Rows": 184081,
                "Actual Loops": 2,
                "Inner Unique": false,
                "Hash Cond": "(t.id = mc.movie_id)",
                "Plans": [
                  {
                    "Node Type": "Seq Scan",
                    "Parent Relationship": "Outer",
                    "Parallel Aware": true,
                    "Relation Name": "title",
                    "Alias": "t",
                    "Startup Cost": 0.0,
                    "Total Cost": 50870.31,
                    "Plan Rows": 1487231,
                    "Plan Width": 4,
                    "Actual Startup Time": 0.014,
                    "Actual Total Time": 121.511,
                    "Actual Rows": 1264156,
                    "Actual Loops": 2
                  },
                  {
                    "Node Type": "Hash",
                    "Parent Relationship": "Inner",
                    "Parallel Aware": true,
                    "Startup Cost": 29575.91,
                    "Total Cost": 29575.91,
                    "Plan Rows": 218636,
                    "Plan Width": 4,
                    "Actual Startup Time": 141.054,
                    "Actual Total Time": 141.056,
                    "Actual Rows": 184081,
                    "Actual Loops": 2,
                    "Hash Buckets": 524288,
                    "Original Hash Buckets": 524288,
                    "Hash Batches": 1,
                    "Original Hash Batches": 1,
                    "Peak Memory Usage": 18528,
                    "Plans": [
                      {
                        "Node Type": "Bitmap Heap Scan",
                        "Parent Relationship": "Outer",
                        "Parallel Aware": true,
                        "Relation Name": "movie_companies",
                        "Alias": "mc",
                        "Startup Cost": 8052.96,
                        "Total Cost": 29575.91,
                        "Plan Rows": 218636,
                        "Plan Width": 4,
                        "Actual Startup Time": 33.208,
                        "Actual Total Time": 92.535,
                        "Actual Rows": 184081,
                        "Actual Loops": 2,
                        "Recheck Cond": "(company_id < 197)",
                        "Rows Removed by Index Recheck": 0,
                        "Exact Heap Blocks": 11273,
                        "Lossy Heap Blocks": 0,
                        "Plans": [
                          {
                            "Node Type": "Bitmap Index Scan",
                            "Parent Relationship": "Outer",
                            "Parallel Aware": false,
                            "Index Name": "company_id_movie_companies",
                            "Startup Cost": 0.0,
                            "Total Cost": 7960.04,
                            "Plan Rows": 371681,
                            "Plan Width": 0,
                            "Actual Startup Time": 29.939,
                            "Actual Total Time": 29.939,
                            "Actual Rows": 368162,
                            "Actual Loops": 1,
                            "Index Cond": "(company_id < 197)"
                          }
                        ]
                      }
                    ]
                  }
                ]
              }
            ]
          }
        ]
      }
    ]
  },
  "Planning Time": 0.617,
  "Triggers": [],
  "Execution Time": 537.658
}