{
  "Plan": {
    "Node Type": "Aggregate",
    "Strategy": "Plain",
    "Partial Mode": "Finalize",
    "Parallel Aware": false,
    "Startup Cost": 1212782.26,
    "Total Cost": 1212782.27,
    "Plan Rows": 1,
    "Plan Width": 8,
    "Actual Startup Time": 5846.6,
    "Actual Total Time": 5855.979,
    "Actual Rows": 1,
    "Actual Loops": 1,
    "Plans": [
      {
        "Node Type": "Gather",
        "Parent Relationship": "Outer",
        "Parallel Aware": false,
        "Startup Cost": 1212782.15,
        "Total Cost": 1212782.26,
        "Plan Rows": 1,
        "Plan Width": 8,
        "Actual Startup Time": 5846.581,
        "Actual Total Time": 5855.973,
        "Actual Rows": 2,
        "Actual Loops": 1,
        "Workers Planned": 1,
        "Workers Launched": 1,
        "Single Copy": false,
        "Plans": [
          {
            "Node Type": "Aggregate",
            "Strategy": "Plain",
            "Partial Mode": "Partial",
            "Parent Relationship": "Outer",
            "Parallel Aware": false,
            "Startup Cost": 1211782.15,
            "Total Cost": 1211782.16,
            "Plan Rows": 1,
            "Plan Width": 8,
            "Actual Startup Time": 5737.447,
            "Actual Total Time": 5737.454,
            "Actual Rows": 1,
            "Actual Loops": 2,
            "Plans": [
              {
                "Node Type": "Merge Join",
                "Parent Relationship": "Outer",
                "Parallel Aware": false,
                "Join Type": "Inner",
                "Startup Cost": 1162284.3,
                "Total Cost": 1207463.59,
                "Plan Rows": 1727425,
                "Plan Width": 0,
                "Actual Startup Time": 4477.185,
                "Actual Total Time": 5581.022,
                "Actual Rows": 3905498,
                "Actual Loops": 2,
                "Inner Unique": false,
                "Merge Cond": "(t.id = ci.movie_id)",
                "Plans": [
                  {
                    "Node Type": "Sort",
                    "Parent Relationship": "Outer",
                    "Parallel Aware": false,
                    "Startup Cost": 756575.49,
                    "Total Cost": 766218.43,
                    "Plan Rows": 3857176,
                    "Plan Width": 8,
                    "Actual Startup Time": 4018.425,
                    "Actual Total Time": 4228.092,
                    "Actual Rows": 4058283,
                    "Actual Loops": 2,
                    "Sort Key": [
                      "t.id"
                    ],
                    "Sort Method": "quicksort",
                    "Sort Space Used": 405153,
                    "Sort Space Type": "Memory",
                    "Workers": [
                      {
                        "Worker Number": 0,
                        "Sort Method": "quicksort",
                        "Sort Space Used": 270228,
                        "Sort Space Type": "Memory"
                      }
                    ],
                    "Plans": [
                      {
                        "Node Type": "Hash Join",
                        "Parent Relationship": "Outer",
                        "Parallel Aware": true,
                        "Join Type": "Inner",
                        "Startup Cost": 62834.04,
                        "Total Cost": 334617.53,
                        "Plan Rows": 3857176,
                        "Plan Width": 8,
                        "Actual Startup Time": 379.678,
                        "Actual Total Time": 3077.876,
                        "Actual Rows": 4058316,
                        "Actual Loops": 2,
                        "Inner Unique": true,
                        "Hash Cond": "(mi.movie_id = t.id)",
                        "Plans": [
                          {
                            "Node Type": "Seq Scan",
                            "Parent Relationship": "Outer",
                            "Parallel Aware": true,
                            "Relation Name": "movie_info",
                            "Alias": "mi",
                            "Startup Cost": 0.0,
                            "Total Cost": 248955.74,
                            "Plan Rows": 8696274,
                            "Plan Width": 4,
                            "Actual Startup Time": 0.017,
                            "Actual Total Time": 690.383,
                            "Actual Rows": 7417860,
                            "Actual Loops": 2
                          },
                          {
                            "Node Type": "Hash",
                            "Parent Relationship": "Inner",
                            "Parallel Aware": true,
                            "Startup Cost": 54588.39,
                            "Total Cost": 54588.39,
                            "Plan Rows": 659652,
                            "Plan Width": 4,
                            "Actual Startup Time": 365.129,
                            "Actual Total Time": 365.13,
                            "Actual Rows": 566678,
                            "Actual Loops": 2,
                            "Hash Buckets": 2097152,
                            "Original Hash Buckets": 2097152,
                            "Hash Batches": 1,
                            "Original Hash Batches": 1,
                            "Peak Memory Usage": 60768,
                            "Plans": [
                              {
                                "Node Type": "Seq Scan",
                                "Parent Relationship": "Outer",
                                "Parallel Aware": true,
                                "Relation Name": "title",
                                "Alias": "t",
                                "Startup Cost": 0.0,
                                "Total Cost": 54588.39,
                                "Plan Rows": 659652,
                                "Plan Width": 4,
                                "Actual Startup Time": 0.023,
                                "Actual Total Time": 186.85,
                                "Actual Rows": 566678,
                                "Actual Loops": 2,
                                "Filter": "(production_year < 2002)",
                                "Rows Removed by Filter": 697478
                              }
                            ]
                          }
                        ]
                      }
                    ]
                  },
                  {
                    "Node Type": "Sort",
                    "Parent Relationship": "Inner",
                    "Parallel Aware": false,
                    "Startup Cost": 405708.67,
                    "Total Cost": 408539.39,
                    "Plan Rows": 1132289,
                    "Plan Width": 4,
                    "Actual Startup Time": 458.727,
                    "Actual Total Time": 706.508,
                    "Actual Rows": 4588306,
                    "Actual Loops": 2,
                    "Sort Key": [
                      "ci.movie_id"
                    ],
                    "Sort Method": "quicksort",
                    "Sort Space Used": 102960,
                    "Sort Space Type": "Memory",
                    "Workers": [
                      {
                        "Worker Number": 0,
                        "Sort Method": "quicksort",
                        "Sort Space Used": 102960,
                        "Sort Space Type": "Memory"
                      }
                    ],
                    "Plans": [
                      {
                        "Node Type": "Bitmap Heap Scan",
                        "Parent Relationship": "Outer",
                        "Parallel Aware": false,
                        "Relation Name": "cast_info",
                        "Alias": "ci",
                        "Startup Cost": 25011.8,
                        "Total Cost": 291852.42,
                        "Plan Rows": 1132289,
                        "Plan Width": 4,
                        "Actual Startup Time": 39.784,
                        "Actual Total Time": 168.447,
                        "Actual Rows": 1147895,
                        "Actual Loops": 2,
                        "Recheck Cond": "(person_id < 116862)",
                        "Rows Removed by Index Recheck": 0,
                        "Exact Heap Blocks": 11971,
                        "Lossy Heap Blocks": 0,
                        "Plans": [
                          {
                            "Node Type": "Bitmap Index Scan",
                            "Parent Relationship": "Outer",
                            "Parallel Aware": false,
                            "Index Name": "person_id_cast_info",
                            "Startup Cost": 0.0,
                            "Total Cost": 24728.73,
                            "Plan Rows": 1132289,
                            "Plan Width": 0,
                            "Actual Startup Time": 38.401,
                            "Actual Total Time": 38.401,
                            "Actual Rows": 1147895,
                            "Actual Loops": 2,
                            "Index Cond": "(person_id < 116862)"
                          }
                        ]
                      }
                    ]
                  }
                ]
              }
            ]
          }
        ]
      }
    ]
  },
  "Planning Time": 1.096,
  "Triggers": [],
  "Execution Time": 5872.412
}