[
    {
        "Bao": {
            "Bao prediction": "NaN",
            "Bao recommended hint": "(no hint)"
        }
    },
    {
        "Plan": {
            "Node Type": "Aggregate",
            "Strategy": "Plain",
            "Partial Mode": "Finalize",
            "Parallel Aware": false,
            "Startup Cost": 43983.5,
            "Total Cost": 43983.51,
            "Plan Rows": 1,
            "Plan Width": 8,
            "Actual Startup Time": 158.272,
            "Actual Total Time": 164.708,
            "Actual Rows": 1,
            "Actual Loops": 1,
            "Output": [
                "count(*)"
            ],
            "Plans": [
                {
                    "Node Type": "Gather",
                    "Parent Relationship": "Outer",
                    "Parallel Aware": false,
                    "Startup Cost": 43983.18,
                    "Total Cost": 43983.49,
                    "Plan Rows": 3,
                    "Plan Width": 8,
                    "Actual Startup Time": 157.904,
                    "Actual Total Time": 164.7,
                    "Actual Rows": 4,
                    "Actual Loops": 1,
                    "Output": [
                        "(PARTIAL count(*))"
                    ],
                    "Workers Planned": 3,
                    "Workers Launched": 3,
                    "Single Copy": false,
                    "Plans": [
                        {
                            "Node Type": "Aggregate",
                            "Strategy": "Plain",
                            "Partial Mode": "Partial",
                            "Parent Relationship": "Outer",
                            "Parallel Aware": false,
                            "Startup Cost": 42983.18,
                            "Total Cost": 42983.19,
                            "Plan Rows": 1,
                            "Plan Width": 8,
                            "Actual Startup Time": 149.682,
                            "Actual Total Time": 149.683,
                            "Actual Rows": 1,
                            "Actual Loops": 4,
                            "Output": [
                                "PARTIAL count(*)"
                            ],
                            "Workers": [
                                {
                                    "Worker Number": 0,
                                    "Actual Startup Time": 146.877,
                                    "Actual Total Time": 146.879,
                                    "Actual Rows": 1,
                                    "Actual Loops": 1
                                },
                                {
                                    "Worker Number": 1,
                                    "Actual Startup Time": 147.165,
                                    "Actual Total Time": 147.167,
                                    "Actual Rows": 1,
                                    "Actual Loops": 1
                                },
                                {
                                    "Worker Number": 2,
                                    "Actual Startup Time": 147.153,
                                    "Actual Total Time": 147.154,
                                    "Actual Rows": 1,
                                    "Actual Loops": 1
                                }
                            ],
                            "Plans": [
                                {
                                    "Node Type": "Bitmap Heap Scan",
                                    "Parent Relationship": "Outer",
                                    "Parallel Aware": true,
                                    "Relation Name": "movie_keyword",
                                    "Schema": "public",
                                    "Alias": "mk",
                                    "Startup Cost": 15088.02,
                                    "Total Cost": 42409.66,
                                    "Plan Rows": 229411,
                                    "Plan Width": 0,
                                    "Actual Startup Time": 51.369,
                                    "Actual Total Time": 138.522,
                                    "Actual Rows": 177597,
                                    "Actual Loops": 4,
                                    "Recheck Cond": "(mk.keyword_id < 607)",
                                    "Rows Removed by Index Recheck": 0,
                                    "Exact Heap Blocks": 11232,
                                    "Lossy Heap Blocks": 0,
                                    "Workers": [
                                        {
                                            "Worker Number": 0,
                                            "Actual Startup Time": 48.894,
                                            "Actual Total Time": 136.372,
                                            "Actual Rows": 127338,
                                            "Actual Loops": 1
                                        },
                                        {
                                            "Worker Number": 1,
                                            "Actual Startup Time": 48.935,
                                            "Actual Total Time": 136.353,
                                            "Actual Rows": 132089,
                                            "Actual Loops": 1
                                        },
                                        {
                                            "Worker Number": 2,
                                            "Actual Startup Time": 48.797,
                                            "Actual Total Time": 136.429,
                                            "Actual Rows": 125912,
                                            "Actual Loops": 1
                                        }
                                    ],
                                    "Plans": [
                                        {
                                            "Node Type": "Bitmap Index Scan",
                                            "Parent Relationship": "Outer",
                                            "Parallel Aware": false,
                                            "Index Name": "keyword_id_movie_keyword",
                                            "Startup Cost": 0.0,
                                            "Total Cost": 14910.23,
                                            "Plan Rows": 711173,
                                            "Plan Width": 0,
                                            "Actual Startup Time": 55.233,
                                            "Actual Total Time": 55.233,
                                            "Actual Rows": 710389,
                                            "Actual Loops": 1,
                                            "Index Cond": "(mk.keyword_id < 607)"
                                        }
                                    ]
                                }
                            ]
                        }
                    ]
                }
            ]
        },
        "Planning Time": 246.177,
        "Triggers": [],
        "Execution Time": 164.784
    }
]