[
  {
    "Plan": {
      "Node Type": "Aggregate",
      "Strategy": "Plain",
      "Partial Mode": "Finalize",
      "Parallel Aware": false,
      "Startup Cost": 71042.84,
      "Total Cost": 71042.85,
      "Plan Rows": 1,
      "Plan Width": 8,
      "Actual Startup Time": 153.453,
      "Actual Total Time": 168.372,
      "Actual Rows": 1,
      "Actual Loops": 1,
      "Plans": [
        {
          "Node Type": "Gather",
          "Parent Relationship": "Outer",
          "Parallel Aware": false,
          "Startup Cost": 71042.52,
          "Total Cost": 71042.83,
          "Plan Rows": 3,
          "Plan Width": 8,
          "Actual Startup Time": 152.731,
          "Actual Total Time": 168.366,
          "Actual Rows": 4,
          "Actual Loops": 1,
          "Workers Planned": 3,
          "Workers Launched": 3,
          "Single Copy": false,
          "Plans": [
            {
              "Node Type": "Aggregate",
              "Strategy": "Plain",
              "Partial Mode": "Partial",
              "Parent Relationship": "Outer",
              "Parallel Aware": false,
              "Startup Cost": 70042.52,
              "Total Cost": 70042.53,
              "Plan Rows": 1,
              "Plan Width": 8,
              "Actual Startup Time": 146.497,
              "Actual Total Time": 146.501,
              "Actual Rows": 1,
              "Actual Loops": 4,
              "Plans": [
                {
                  "Node Type": "Hash Join",
                  "Parent Relationship": "Outer",
                  "Parallel Aware": true,
                  "Join Type": "Inner",
                  "Startup Cost": 50161.55,
                  "Total Cost": 70040.04,
                  "Plan Rows": 993,
                  "Plan Width": 0,
                  "Actual Startup Time": 135.566,
                  "Actual Total Time": 146.482,
                  "Actual Rows": 172,
                  "Actual Loops": 4,
                  "Inner Unique": true,
                  "Hash Cond": "(mc.movie_id = t.id)",
                  "Plans": [
                    {
                      "Node Type": "Bitmap Heap Scan",
                      "Parent Relationship": "Outer",
                      "Parallel Aware": true,
                      "Relation Name": "movie_companies",
                      "Alias": "mc",
                      "Startup Cost": 4451.47,
                      "Total Cost": 24240.61,
                      "Plan Rows": 34042,
                      "Plan Width": 4,
                      "Actual Startup Time": 34.92,
                      "Actual Total Time": 43.301,
                      "Actual Rows": 10282,
                      "Actual Loops": 4,
                      "Recheck Cond": "(company_id < 64)",
                      "Rows Removed by Index Recheck": 0,
                      "Filter": "(company_type_id > 1)",
                      "Rows Removed by Filter": 40110,
                      "Exact Heap Blocks": 7349,
                      "Lossy Heap Blocks": 0,
                      "Plans": [
                        {
                          "Node Type": "Bitmap Index Scan",
                          "Parent Relationship": "Outer",
                          "Parallel Aware": false,
                          "Index Name": "company_id_movie_companies",
                          "Startup Cost": 0.0,
                          "Total Cost": 4425.09,
                          "Plan Rows": 206488,
                          "Plan Width": 0,
                          "Actual Startup Time": 12.064,
                          "Actual Total Time": 12.064,
                          "Actual Rows": 201569,
                          "Actual Loops": 1,
                          "Index Cond": "(company_id < 64)"
                        }
                      ]
                    },
                    {
                      "Node Type": "Hash",
                      "Parent Relationship": "Inner",
                      "Parallel Aware": true,
                      "Startup Cost": 45479.59,
                      "Total Cost": 45479.59,
                      "Plan Rows": 18439,
                      "Plan Width": 4,
                      "Actual Startup Time": 99.345,
                      "Actual Total Time": 99.347,
                      "Actual Rows": 21019,
                      "Actual Loops": 4,
                      "Hash Buckets": 131072,
                      "Original Hash Buckets": 131072,
                      "Hash Batches": 1,
                      "Original Hash Batches": 1,
                      "Peak Memory Usage": 4384,
                      "Plans": [
                        {
                          "Node Type": "Seq Scan",
                          "Parent Relationship": "Outer",
                          "Parallel Aware": true,
                          "Relation Name": "title",
                          "Alias": "t",
                          "Startup Cost": 0.0,
                          "Total Cost": 45479.59,
                          "Plan Rows": 18439,
                          "Plan Width": 4,
                          "Actual Startup Time": 0.041,
                          "Actual Total Time": 91.674,
                          "Actual Rows": 21019,
                          "Actual Loops": 4,
                          "Filter": "((kind_id = 7) AND (production_year = 2007))",
                          "Rows Removed by Filter": 611059
                        }
                      ]
                    }
                  ]
                }
              ]
            }
          ]
        }
      ]
    },
    "Planning Time": 0.264,
    "Triggers": [],
    "Execution Time": 168.414
  }
]