[
  {
    "Plan": {
      "Node Type": "Aggregate",
      "Strategy": "Plain",
      "Partial Mode": "Finalize",
      "Parallel Aware": false,
      "Startup Cost": 24453.96,
      "Total Cost": 24453.97,
      "Plan Rows": 1,
      "Plan Width": 8,
      "Actual Startup Time": 37.744,
      "Actual Total Time": 42.235,
      "Actual Rows": 1,
      "Actual Loops": 1,
      "Plans": [
        {
          "Node Type": "Gather",
          "Parent Relationship": "Outer",
          "Parallel Aware": false,
          "Startup Cost": 24453.75,
          "Total Cost": 24453.96,
          "Plan Rows": 2,
          "Plan Width": 8,
          "Actual Startup Time": 37.591,
          "Actual Total Time": 42.228,
          "Actual Rows": 3,
          "Actual Loops": 1,
          "Workers Planned": 2,
          "Workers Launched": 2,
          "Single Copy": false,
          "Plans": [
            {
              "Node Type": "Aggregate",
              "Strategy": "Plain",
              "Partial Mode": "Partial",
              "Parent Relationship": "Outer",
              "Parallel Aware": false,
              "Startup Cost": 23453.75,
              "Total Cost": 23453.76,
              "Plan Rows": 1,
              "Plan Width": 8,
              "Actual Startup Time": 30.442,
              "Actual Total Time": 30.444,
              "Actual Rows": 1,
              "Actual Loops": 3,
              "Plans": [
                {
                  "Node Type": "Nested Loop",
                  "Parent Relationship": "Outer",
                  "Parallel Aware": false,
                  "Join Type": "Inner",
                  "Startup Cost": 88.42,
                  "Total Cost": 23452.09,
                  "Plan Rows": 665,
                  "Plan Width": 0,
                  "Actual Startup Time": 3.031,
                  "Actual Total Time": 30.201,
                  "Actual Rows": 1116,
                  "Actual Loops": 3,
                  "Inner Unique": true,
                  "Plans": [
                    {
                      "Node Type": "Bitmap Heap Scan",
                      "Parent Relationship": "Outer",
                      "Parallel Aware": true,
                      "Relation Name": "movie_keyword",
                      "Alias": "mk",
                      "Startup Cost": 87.99,
                      "Total Cost": 10726.09,
                      "Plan Rows": 1697,
                      "Plan Width": 4,
                      "Actual Startup Time": 2.579,
                      "Actual Total Time": 11.061,
                      "Actual Rows": 1264,
                      "Actual Loops": 3,
                      "Recheck Cond": "(keyword_id = 1617)",
                      "Rows Removed by Index Recheck": 0,
                      "Exact Heap Blocks": 2552,
                      "Lossy Heap Blocks": 0,
                      "Plans": [
                        {
                          "Node Type": "Bitmap Index Scan",
                          "Parent Relationship": "Outer",
                          "Parallel Aware": false,
                          "Index Name": "keyword_id_movie_keyword",
                          "Startup Cost": 0.0,
                          "Total Cost": 86.97,
                          "Plan Rows": 4072,
                          "Plan Width": 0,
                          "Actual Startup Time": 5.523,
                          "Actual Total Time": 5.523,
                          "Actual Rows": 3792,
                          "Actual Loops": 1,
                          "Index Cond": "(keyword_id = 1617)"
                        }
                      ]
                    },
                    {
                      "Node Type": "Index Scan",
                      "Parent Relationship": "Inner",
                      "Parallel Aware": false,
                      "Scan Direction": "Forward",
                      "Index Name": "title_pkey",
                      "Relation Name": "title",
                      "Alias": "t",
                      "Startup Cost": 0.43,
                      "Total Cost": 7.5,
                      "Plan Rows": 1,
                      "Plan Width": 4,
                      "Actual Startup Time": 0.014,
                      "Actual Total Time": 0.014,
                      "Actual Rows": 1,
                      "Actual Loops": 3792,
                      "Index Cond": "(id = mk.movie_id)",
                      "Rows Removed by Index Recheck": 0,
                      "Filter": "(kind_id < 7)",
                      "Rows Removed by Filter": 0
                    }
                  ]
                }
              ]
            }
          ]
        }
      ]
    },
    "Planning Time": 0.705,
    "Triggers": [],
    "Execution Time": 42.328
  }
]