[
  {
    "Plan": {
      "Node Type": "Aggregate",
      "Strategy": "Plain",
      "Partial Mode": "Finalize",
      "Parallel Aware": false,
      "Startup Cost": 46783.55,
      "Total Cost": 46783.56,
      "Plan Rows": 1,
      "Plan Width": 8,
      "Actual Startup Time": 168.461,
      "Actual Total Time": 177.798,
      "Actual Rows": 1,
      "Actual Loops": 1,
      "Plans": [
        {
          "Node Type": "Gather",
          "Parent Relationship": "Outer",
          "Parallel Aware": false,
          "Startup Cost": 46783.23,
          "Total Cost": 46783.54,
          "Plan Rows": 3,
          "Plan Width": 8,
          "Actual Startup Time": 168.349,
          "Actual Total Time": 177.79,
          "Actual Rows": 4,
          "Actual Loops": 1,
          "Workers Planned": 3,
          "Workers Launched": 3,
          "Single Copy": false,
          "Plans": [
            {
              "Node Type": "Aggregate",
              "Strategy": "Plain",
              "Partial Mode": "Partial",
              "Parent Relationship": "Outer",
              "Parallel Aware": false,
              "Startup Cost": 45783.23,
              "Total Cost": 45783.24,
              "Plan Rows": 1,
              "Plan Width": 8,
              "Actual Startup Time": 163.032,
              "Actual Total Time": 163.033,
              "Actual Rows": 1,
              "Actual Loops": 4,
              "Plans": [
                {
                  "Node Type": "Seq Scan",
                  "Parent Relationship": "Outer",
                  "Parallel Aware": true,
                  "Relation Name": "movie_keyword",
                  "Alias": "mk",
                  "Startup Cost": 0.0,
                  "Total Cost": 42695.65,
                  "Plan Rows": 1235032,
                  "Plan Width": 0,
                  "Actual Startup Time": 0.072,
                  "Actual Total Time": 120.733,
                  "Actual Rows": 954187,
                  "Actual Loops": 4,
                  "Filter": "(keyword_id > 591)",
                  "Rows Removed by Filter": 176795
                }
              ]
            }
          ]
        }
      ]
    },
    "Planning Time": 0.122,
    "Triggers": [],
    "Execution Time": 177.837
  }
]