[
  {
    "Plan": {
      "Node Type": "Aggregate",
      "Strategy": "Plain",
      "Partial Mode": "Finalize",
      "Parallel Aware": false,
      "Startup Cost": 334964.41,
      "Total Cost": 334964.42,
      "Plan Rows": 1,
      "Plan Width": 8,
      "Actual Startup Time": 816.469,
      "Actual Total Time": 867.622,
      "Actual Rows": 1,
      "Actual Loops": 1,
      "Plans": [
        {
          "Node Type": "Gather",
          "Parent Relationship": "Outer",
          "Parallel Aware": false,
          "Startup Cost": 334963.79,
          "Total Cost": 334964.4,
          "Plan Rows": 6,
          "Plan Width": 8,
          "Actual Startup Time": 816.239,
          "Actual Total Time": 867.602,
          "Actual Rows": 7,
          "Actual Loops": 1,
          "Workers Planned": 6,
          "Workers Launched": 6,
          "Single Copy": false,
          "Plans": [
            {
              "Node Type": "Aggregate",
              "Strategy": "Plain",
              "Partial Mode": "Partial",
              "Parent Relationship": "Outer",
              "Parallel Aware": false,
              "Startup Cost": 333963.79,
              "Total Cost": 333963.8,
              "Plan Rows": 1,
              "Plan Width": 8,
              "Actual Startup Time": 803.984,
              "Actual Total Time": 803.986,
              "Actual Rows": 1,
              "Actual Loops": 7,
              "Plans": [
                {
                  "Node Type": "Seq Scan",
                  "Parent Relationship": "Outer",
                  "Parallel Aware": true,
                  "Relation Name": "cast_info",
                  "Alias": "ci",
                  "Startup Cost": 0.0,
                  "Total Cost": 328211.39,
                  "Plan Rows": 2300958,
                  "Plan Width": 0,
                  "Actual Startup Time": 0.067,
                  "Actual Total Time": 686.662,
                  "Actual Rows": 1993026,
                  "Actual Loops": 7,
                  "Filter": "(person_id < 1374961)",
                  "Rows Removed by Filter": 3184738
                }
              ]
            }
          ]
        }
      ]
    },
    "Planning Time": 0.207,
    "Triggers": [],
    "Execution Time": 867.698
  }
]