[
  {
    "Plan": {
      "Node Type": "Aggregate",
      "Strategy": "Plain",
      "Partial Mode": "Finalize",
      "Parallel Aware": false,
      "Startup Cost": 32848.45,
      "Total Cost": 32848.46,
      "Plan Rows": 1,
      "Plan Width": 8,
      "Actual Startup Time": 86.566,
      "Actual Total Time": 94.215,
      "Actual Rows": 1,
      "Actual Loops": 1,
      "Plans": [
        {
          "Node Type": "Gather",
          "Parent Relationship": "Outer",
          "Parallel Aware": false,
          "Startup Cost": 32848.13,
          "Total Cost": 32848.44,
          "Plan Rows": 3,
          "Plan Width": 8,
          "Actual Startup Time": 86.473,
          "Actual Total Time": 94.207,
          "Actual Rows": 4,
          "Actual Loops": 1,
          "Workers Planned": 3,
          "Workers Launched": 3,
          "Single Copy": false,
          "Plans": [
            {
              "Node Type": "Aggregate",
              "Strategy": "Plain",
              "Partial Mode": "Partial",
              "Parent Relationship": "Outer",
              "Parallel Aware": false,
              "Startup Cost": 31848.13,
              "Total Cost": 31848.14,
              "Plan Rows": 1,
              "Plan Width": 8,
              "Actual Startup Time": 79.831,
              "Actual Total Time": 79.832,
              "Actual Rows": 1,
              "Actual Loops": 4,
              "Plans": [
                {
                  "Node Type": "Seq Scan",
                  "Parent Relationship": "Outer",
                  "Parallel Aware": true,
                  "Relation Name": "movie_companies",
                  "Alias": "mc",
                  "Startup Cost": 0.0,
                  "Total Cost": 31414.82,
                  "Plan Rows": 173326,
                  "Plan Width": 0,
                  "Actual Startup Time": 21.289,
                  "Actual Total Time": 76.585,
                  "Actual Rows": 61854,
                  "Actual Loops": 4,
                  "Filter": "((company_id > 14086) AND (company_type_id = 1))",
                  "Rows Removed by Filter": 590428
                }
              ]
            }
          ]
        }
      ]
    },
    "Planning Time": 0.178,
    "Triggers": [],
    "Execution Time": 94.261
  }
]