[
  {
    "Plan": {
      "Node Type": "Aggregate",
      "Strategy": "Plain",
      "Partial Mode": "Finalize",
      "Parallel Aware": false,
      "Startup Cost": 124278.41,
      "Total Cost": 124278.42,
      "Plan Rows": 1,
      "Plan Width": 8,
      "Actual Startup Time": 827.755,
      "Actual Total Time": 851.115,
      "Actual Rows": 1,
      "Actual Loops": 1,
      "Plans": [
        {
          "Node Type": "Gather",
          "Parent Relationship": "Outer",
          "Parallel Aware": false,
          "Startup Cost": 124278.09,
          "Total Cost": 124278.4,
          "Plan Rows": 3,
          "Plan Width": 8,
          "Actual Startup Time": 822.065,
          "Actual Total Time": 851.103,
          "Actual Rows": 4,
          "Actual Loops": 1,
          "Workers Planned": 3,
          "Workers Launched": 3,
          "Single Copy": false,
          "Plans": [
            {
              "Node Type": "Aggregate",
              "Strategy": "Plain",
              "Partial Mode": "Partial",
              "Parent Relationship": "Outer",
              "Parallel Aware": false,
              "Startup Cost": 123278.09,
              "Total Cost": 123278.1,
              "Plan Rows": 1,
              "Plan Width": 8,
              "Actual Startup Time": 804.608,
              "Actual Total Time": 804.618,
              "Actual Rows": 1,
              "Actual Loops": 4,
              "Plans": [
                {
                  "Node Type": "Hash Join",
                  "Parent Relationship": "Outer",
                  "Parallel Aware": true,
                  "Join Type": "Inner",
                  "Startup Cost": 78027.47,
                  "Total Cost": 122959.0,
                  "Plan Rows": 127635,
                  "Plan Width": 0,
                  "Actual Startup Time": 592.562,
                  "Actual Total Time": 799.757,
                  "Actual Rows": 108939,
                  "Actual Loops": 4,
                  "Inner Unique": false,
                  "Hash Cond": "(mk.movie_id = t.id)",
                  "Plans": [
                    {
                      "Node Type": "Seq Scan",
                      "Parent Relationship": "Outer",
                      "Parallel Aware": true,
                      "Relation Name": "movie_keyword",
                      "Alias": "mk",
                      "Startup Cost": 0.0,
                      "Total Cost": 39047.32,
                      "Plan Rows": 1459332,
                      "Plan Width": 4,
                      "Actual Startup Time": 0.046,
                      "Actual Total Time": 95.542,
                      "Actual Rows": 1130982,
                      "Actual Loops": 4
                    },
                    {
                      "Node Type": "Hash",
                      "Parent Relationship": "Inner",
                      "Parallel Aware": true,
                      "Startup Cost": 77135.78,
                      "Total Cost": 77135.78,
                      "Plan Rows": 71335,
                      "Plan Width": 8,
                      "Actual Startup Time": 589.897,
                      "Actual Total Time": 589.905,
                      "Actual Rows": 58950,
                      "Actual Loops": 4,
                      "Hash Buckets": 262144,
                      "Original Hash Buckets": 262144,
                      "Hash Batches": 1,
                      "Original Hash Batches": 1,
                      "Peak Memory Usage": 11360,
                      "Plans": [
                        {
                          "Node Type": "Hash Join",
                          "Parent Relationship": "Outer",
                          "Parallel Aware": true,
                          "Join Type": "Inner",
                          "Startup Cost": 56576.54,
                          "Total Cost": 77135.78,
                          "Plan Rows": 71335,
                          "Plan Width": 8,
                          "Actual Startup Time": 482.578,
                          "Actual Total Time": 571.215,
                          "Actual Rows": 58950,
                          "Actual Loops": 4,
                          "Inner Unique": true,
                          "Hash Cond": "(mc.movie_id = t.id)",
                          "Plans": [
                            {
                              "Node Type": "Bitmap Heap Scan",
                              "Parent Relationship": "Outer",
                              "Parallel Aware": true,
                              "Relation Name": "movie_companies",
                              "Alias": "mc",
                              "Startup Cost": 7858.73,
                              "Total Cost": 28110.91,
                              "Plan Rows": 116974,
                              "Plan Width": 4,
                              "Actual Startup Time": 135.492,
                              "Actual Total Time": 173.548,
                              "Actual Rows": 89516,
                              "Actual Loops": 4,
                              "Recheck Cond": "(company_id < 181)",
                              "Rows Removed by Index Recheck": 0,
                              "Exact Heap Blocks": 4841,
                              "Lossy Heap Blocks": 0,
                              "Plans": [
                                {
                                  "Node Type": "Bitmap Index Scan",
                                  "Parent Relationship": "Outer",
                                  "Parallel Aware": false,
                                  "Index Name": "company_id_movie_companies",
                                  "Startup Cost": 0.0,
                                  "Total Cost": 7768.08,
                                  "Plan Rows": 362620,
                                  "Plan Width": 0,
                                  "Actual Startup Time": 132.0,
                                  "Actual Total Time": 132.0,
                                  "Actual Rows": 358065,
                                  "Actual Loops": 1,
                                  "Index Cond": "(company_id < 181)"
                                }
                              ]
                            },
                            {
                              "Node Type": "Hash",
                              "Parent Relationship": "Inner",
                              "Parallel Aware": true,
                              "Startup Cost": 43899.32,
                              "Total Cost": 43899.32,
                              "Plan Rows": 385479,
                              "Plan Width": 4,
                              "Actual Startup Time": 340.715,
                              "Actual Total Time": 340.716,
                              "Actual Rows": 385816,
                              "Actual Loops": 4,
                              "Hash Buckets": 2097152,
                              "Original Hash Buckets": 2097152,
                              "Hash Batches": 1,
                              "Original Hash Batches": 1,
                              "Peak Memory Usage": 76832,
                              "Plans": [
                                {
                                  "Node Type": "Seq Scan",
                                  "Parent Relationship": "Outer",
                                  "Parallel Aware": true,
                                  "Relation Name": "title",
                                  "Alias": "t",
                                  "Startup Cost": 0.0,
                                  "Total Cost": 43899.32,
                                  "Plan Rows": 385479,
                                  "Plan Width": 4,
                                  "Actual Startup Time": 0.064,
                                  "Actual Total Time": 125.681,
                                  "Actual Rows": 385816,
                                  "Actual Loops": 4,
                                  "Filter": "(kind_id = 7)",
                                  "Rows Removed by Filter": 246262
                                }
                              ]
                            }
                          ]
                        }
                      ]
                    }
                  ]
                }
              ]
            }
          ]
        }
      ]
    },
    "Planning Time": 1.483,
    "Triggers": [],
    "Execution Time": 851.24
  }
]