[
    {
        "Bao": {
            "Bao prediction": "NaN",
            "Bao recommended hint": "(no hint)"
        }
    },
    {
        "Plan": {
            "Node Type": "Aggregate",
            "Strategy": "Plain",
            "Partial Mode": "Finalize",
            "Parallel Aware": false,
            "Startup Cost": 334855.6,
            "Total Cost": 334855.61,
            "Plan Rows": 1,
            "Plan Width": 8,
            "Actual Startup Time": 615.262,
            "Actual Total Time": 640.701,
            "Actual Rows": 1,
            "Actual Loops": 1,
            "Output": [
                "count(*)"
            ],
            "Plans": [
                {
                    "Node Type": "Gather",
                    "Parent Relationship": "Outer",
                    "Parallel Aware": false,
                    "Startup Cost": 334854.97,
                    "Total Cost": 334855.58,
                    "Plan Rows": 6,
                    "Plan Width": 8,
                    "Actual Startup Time": 615.127,
                    "Actual Total Time": 640.69,
                    "Actual Rows": 7,
                    "Actual Loops": 1,
                    "Output": [
                        "(PARTIAL count(*))"
                    ],
                    "Workers Planned": 6,
                    "Workers Launched": 6,
                    "Single Copy": false,
                    "Plans": [
                        {
                            "Node Type": "Aggregate",
                            "Strategy": "Plain",
                            "Partial Mode": "Partial",
                            "Parent Relationship": "Outer",
                            "Parallel Aware": false,
                            "Startup Cost": 333854.97,
                            "Total Cost": 333854.98,
                            "Plan Rows": 1,
                            "Plan Width": 8,
                            "Actual Startup Time": 605.326,
                            "Actual Total Time": 605.327,
                            "Actual Rows": 1,
                            "Actual Loops": 7,
                            "Output": [
                                "PARTIAL count(*)"
                            ],
                            "Workers": [
                                {
                                    "Worker Number": 0,
                                    "Actual Startup Time": 602.911,
                                    "Actual Total Time": 602.912,
                                    "Actual Rows": 1,
                                    "Actual Loops": 1
                                },
                                {
                                    "Worker Number": 1,
                                    "Actual Startup Time": 603.315,
                                    "Actual Total Time": 603.317,
                                    "Actual Rows": 1,
                                    "Actual Loops": 1
                                },
                                {
                                    "Worker Number": 2,
                                    "Actual Startup Time": 603.305,
                                    "Actual Total Time": 603.306,
                                    "Actual Rows": 1,
                                    "Actual Loops": 1
                                },
                                {
                                    "Worker Number": 3,
                                    "Actual Startup Time": 604.272,
                                    "Actual Total Time": 604.273,
                                    "Actual Rows": 1,
                                    "Actual Loops": 1
                                },
                                {
                                    "Worker Number": 4,
                                    "Actual Startup Time": 604.321,
                                    "Actual Total Time": 604.323,
                                    "Actual Rows": 1,
                                    "Actual Loops": 1
                                },
                                {
                                    "Worker Number": 5,
                                    "Actual Startup Time": 604.602,
                                    "Actual Total Time": 604.603,
                                    "Actual Rows": 1,
                                    "Actual Loops": 1
                                }
                            ],
                            "Plans": [
                                {
                                    "Node Type": "Seq Scan",
                                    "Parent Relationship": "Outer",
                                    "Parallel Aware": true,
                                    "Relation Name": "cast_info",
                                    "Schema": "public",
                                    "Alias": "ci",
                                    "Startup Cost": 0.0,
                                    "Total Cost": 328213.62,
                                    "Plan Rows": 2256543,
                                    "Plan Width": 0,
                                    "Actual Startup Time": 225.445,
                                    "Actual Total Time": 517.308,
                                    "Actual Rows": 1949092,
                                    "Actual Loops": 7,
                                    "Output": [
                                        "id",
                                        "person_id",
                                        "movie_id",
                                        "person_role_id",
                                        "note",
                                        "nr_order",
                                        "role_id"
                                    ],
                                    "Filter": "(ci.person_id > 2305845)",
                                    "Rows Removed by Filter": 3228671,
                                    "Workers": [
                                        {
                                            "Worker Number": 0,
                                            "Actual Startup Time": 223.029,
                                            "Actual Total Time": 517.505,
                                            "Actual Rows": 1292158,
                                            "Actual Loops": 1
                                        },
                                        {
                                            "Worker Number": 1,
                                            "Actual Startup Time": 223.445,
                                            "Actual Total Time": 516.815,
                                            "Actual Rows": 2036577,
                                            "Actual Loops": 1
                                        },
                                        {
                                            "Worker Number": 2,
                                            "Actual Startup Time": 223.417,
                                            "Actual Total Time": 517.055,
                                            "Actual Rows": 2017490,
                                            "Actual Loops": 1
                                        },
                                        {
                                            "Worker Number": 3,
                                            "Actual Startup Time": 224.391,
                                            "Actual Total Time": 517.997,
                                            "Actual Rows": 2030437,
                                            "Actual Loops": 1
                                        },
                                        {
                                            "Worker Number": 4,
                                            "Actual Startup Time": 224.437,
                                            "Actual Total Time": 518.432,
                                            "Actual Rows": 2021419,
                                            "Actual Loops": 1
                                        },
                                        {
                                            "Worker Number": 5,
                                            "Actual Startup Time": 224.717,
                                            "Actual Total Time": 517.957,
                                            "Actual Rows": 2039751,
                                            "Actual Loops": 1
                                        }
                                    ]
                                }
                            ]
                        }
                    ]
                }
            ]
        },
        "Planning Time": 211.815,
        "Triggers": [],
        "Execution Time": 640.776
    }
]