[
  {
    "Plan": {
      "Node Type": "Aggregate",
      "Strategy": "Plain",
      "Partial Mode": "Finalize",
      "Parallel Aware": false,
      "Startup Cost": 748093.18,
      "Total Cost": 748093.19,
      "Plan Rows": 1,
      "Plan Width": 128,
      "Actual Startup Time": 3142.397,
      "Actual Total Time": 3321.818,
      "Actual Rows": 1,
      "Actual Loops": 1,
      "Plans": [
        {
          "Node Type": "Gather",
          "Parent Relationship": "Outer",
          "Parallel Aware": false,
          "Startup Cost": 748092.73,
          "Total Cost": 748093.14,
          "Plan Rows": 4,
          "Plan Width": 128,
          "Actual Startup Time": 3139.55,
          "Actual Total Time": 3321.777,
          "Actual Rows": 5,
          "Actual Loops": 1,
          "Workers Planned": 4,
          "Workers Launched": 4,
          "Single Copy": false,
          "Plans": [
            {
              "Node Type": "Aggregate",
              "Strategy": "Plain",
              "Partial Mode": "Partial",
              "Parent Relationship": "Outer",
              "Parallel Aware": false,
              "Startup Cost": 747092.73,
              "Total Cost": 747092.74,
              "Plan Rows": 1,
              "Plan Width": 128,
              "Actual Startup Time": 3127.24,
              "Actual Total Time": 3127.286,
              "Actual Rows": 1,
              "Actual Loops": 5,
              "Plans": [
                {
                  "Node Type": "Hash Join",
                  "Parent Relationship": "Outer",
                  "Parallel Aware": true,
                  "Join Type": "Inner",
                  "Startup Cost": 676802.21,
                  "Total Cost": 747092.72,
                  "Plan Rows": 1,
                  "Plan Width": 81,
                  "Actual Startup Time": 2905.491,
                  "Actual Total Time": 3126.886,
                  "Actual Rows": 1286,
                  "Actual Loops": 5,
                  "Inner Unique": false,
                  "Hash Cond": "(n.id = ci.person_id)",
                  "Plans": [
                    {
                      "Node Type": "Seq Scan",
                      "Parent Relationship": "Outer",
                      "Parallel Aware": true,
                      "Relation Name": "name",
                      "Alias": "n",
                      "Startup Cost": 0.0,
                      "Total Cost": 68635.58,
                      "Plan Rows": 441309,
                      "Plan Width": 19,
                      "Actual Startup Time": 0.052,
                      "Actual Total Time": 178.254,
                      "Actual Rows": 347916,
                      "Actual Loops": 5,
                      "Filter": "((gender)::text = 'm'::text)",
                      "Rows Removed by Filter": 485582
                    },
                    {
                      "Node Type": "Hash",
                      "Parent Relationship": "Inner",
                      "Parallel Aware": true,
                      "Startup Cost": 676802.2,
                      "Total Cost": 676802.2,
                      "Plan Rows": 1,
                      "Plan Width": 70,
                      "Actual Startup Time": 2903.64,
                      "Actual Total Time": 2903.683,
                      "Actual Rows": 1819,
                      "Actual Loops": 5,
                      "Hash Buckets": 8192,
                      "Original Hash Buckets": 1024,
                      "Hash Batches": 1,
                      "Original Hash Batches": 1,
                      "Peak Memory Usage": 824,
                      "Plans": [
                        {
                          "Node Type": "Hash Join",
                          "Parent Relationship": "Outer",
                          "Parallel Aware": false,
                          "Join Type": "Inner",
                          "Startup Cost": 632113.5,
                          "Total Cost": 676802.2,
                          "Plan Rows": 1,
                          "Plan Width": 70,
                          "Actual Startup Time": 2764.893,
                          "Actual Total Time": 2871.206,
                          "Actual Rows": 1819,
                          "Actual Loops": 5,
                          "Inner Unique": false,
                          "Hash Cond": "(t.id = cc.movie_id)",
                          "Plans": [
                            {
                              "Node Type": "Hash Join",
                              "Parent Relationship": "Outer",
                              "Parallel Aware": true,
                              "Join Type": "Inner",
                              "Startup Cost": 629011.09,
                              "Total Cost": 673699.77,
                              "Plan Rows": 1,
                              "Plan Width": 90,
                              "Actual Startup Time": 2631.698,
                              "Actual Total Time": 2808.93,
                              "Actual Rows": 14368,
                              "Actual Loops": 5,
                              "Inner Unique": false,
                              "Hash Cond": "(t.id = mi.movie_id)",
                              "Plans": [
                                {
                                  "Node Type": "Seq Scan",
                                  "Parent Relationship": "Outer",
                                  "Parallel Aware": true,
                                  "Relation Name": "title",
                                  "Alias": "t",
                                  "Startup Cost": 0.0,
                                  "Total Cost": 42318.49,
                                  "Plan Rows": 632049,
                                  "Plan Width": 21,
                                  "Actual Startup Time": 0.028,
                                  "Actual Total Time": 98.975,
                                  "Actual Rows": 505662,
                                  "Actual Loops": 5
                                },
                                {
                                  "Node Type": "Hash",
                                  "Parent Relationship": "Inner",
                                  "Parallel Aware": true,
                                  "Startup Cost": 629011.07,
                                  "Total Cost": 629011.07,
                                  "Plan Rows": 1,
                                  "Plan Width": 69,
                                  "Actual Startup Time": 2624.037,
                                  "Actual Total Time": 2624.066,
                                  "Actual Rows": 14368,
                                  "Actual Loops": 5,
                                  "Hash Buckets": 131072,
                                  "Original Hash Buckets": 1024,
                                  "Hash Batches": 1,
                                  "Original Hash Batches": 1,
                                  "Peak Memory Usage": 7000,
                                  "Plans": [
                                    {
                                      "Node Type": "Hash Join",
                                      "Parent Relationship": "Outer",
                                      "Parallel Aware": true,
                                      "Join Type": "Inner",
                                      "Startup Cost": 275654.38,
                                      "Total Cost": 629011.07,
                                      "Plan Rows": 1,
                                      "Plan Width": 69,
                                      "Actual Startup Time": 1161.924,
                                      "Actual Total Time": 2518.657,
                                      "Actual Rows": 14368,
                                      "Actual Loops": 5,
                                      "Inner Unique": false,
                                      "Hash Cond": "(ci.movie_id = mi.movie_id)",
                                      "Plans": [
                                        {
                                          "Node Type": "Seq Scan",
                                          "Parent Relationship": "Outer",
                                          "Parallel Aware": true,
                                          "Relation Name": "cast_info",
                                          "Alias": "ci",
                                          "Startup Cost": 0.0,
                                          "Total Cost": 350807.07,
                                          "Plan Rows": 679897,
                                          "Plan Width": 8,
                                          "Actual Startup Time": 0.033,
                                          "Actual Total Time": 1248.116,
                                          "Actual Rows": 814007,
                                          "Actual Loops": 5,
                                          "Filter": "(note = ANY ('{(writer),(voice),\"(executive producer)\",(producer),\"(written by)\"}'::text[]))",
                                          "Rows Removed by Filter": 6434862
                                        },
                                        {
                                          "Node Type": "Hash",
                                          "Parent Relationship": "Inner",
                                          "Parallel Aware": true,
                                          "Startup Cost": 275654.37,
                                          "Total Cost": 275654.37,
                                          "Plan Rows": 1,
                                          "Plan Width": 61,
                                          "Actual Startup Time": 1161.549,
                                          "Actual Total Time": 1161.573,
                                          "Actual Rows": 2450,
                                          "Actual Loops": 5,
                                          "Hash Buckets": 16384,
                                          "Original Hash Buckets": 1024,
                                          "Hash Batches": 1,
                                          "Original Hash Batches": 1,
                                          "Peak Memory Usage": 1048,
                                          "Plans": [
                                            {
                                              "Node Type": "Hash Join",
                                              "Parent Relationship": "Outer",
                                              "Parallel Aware": true,
                                              "Join Type": "Inner",
                                              "Startup Cost": 260384.1,
                                              "Total Cost": 275654.37,
                                              "Plan Rows": 1,
                                              "Plan Width": 61,
                                              "Actual Startup Time": 1061.667,
                                              "Actual Total Time": 1140.178,
                                              "Actual Rows": 2450,
                                              "Actual Loops": 5,
                                              "Inner Unique": false,
                                              "Hash Cond": "(mi_idx.movie_id = mi.movie_id)",
                                              "Plans": [
                                                {
                                                  "Node Type": "Hash Join",
                                                  "Parent Relationship": "Outer",
                                                  "Parallel Aware": false,
                                                  "Join Type": "Inner",
                                                  "Startup Cost": 2.43,
                                                  "Total Cost": 15253.6,
                                                  "Plan Rows": 5089,
                                                  "Plan Width": 10,
                                                  "Actual Startup Time": 0.094,
                                                  "Actual Total Time": 67.971,
                                                  "Actual Rows": 91985,
                                                  "Actual Loops": 5,
                                                  "Inner Unique": true,
                                                  "Hash Cond": "(mi_idx.info_type_id = it2.id)",
                                                  "Plans": [
                                                    {
                                                      "Node Type": "Seq Scan",
                                                      "Parent Relationship": "Outer",
                                                      "Parallel Aware": true,
                                                      "Relation Name": "movie_info_idx",
                                                      "Alias": "mi_idx",
                                                      "Startup Cost": 0.0,
                                                      "Total Cost": 13685.15,
                                                      "Plan Rows": 575015,
                                                      "Plan Width": 14,
                                                      "Actual Startup Time": 0.018,
                                                      "Actual Total Time": 31.986,
                                                      "Actual Rows": 276007,
                                                      "Actual Loops": 5
                                                    },
                                                    {
                                                      "Node Type": "Hash",
                                                      "Parent Relationship": "Inner",
                                                      "Parallel Aware": false,
                                                      "Startup Cost": 2.41,
                                                      "Total Cost": 2.41,
                                                      "Plan Rows": 1,
                                                      "Plan Width": 4,
                                                      "Actual Startup Time": 0.03,
                                                      "Actual Total Time": 0.032,
                                                      "Actual Rows": 1,
                                                      "Actual Loops": 5,
                                                      "Hash Buckets": 1024,
                                                      "Original Hash Buckets": 1024,
                                                      "Hash Batches": 1,
                                                      "Original Hash Batches": 1,
                                                      "Peak Memory Usage": 9,
                                                      "Plans": [
                                                        {
                                                          "Node Type": "Seq Scan",
                                                          "Parent Relationship": "Outer",
                                                          "Parallel Aware": false,
                                                          "Relation Name": "info_type",
                                                          "Alias": "it2",
                                                          "Startup Cost": 0.0,
                                                          "Total Cost": 2.41,
                                                          "Plan Rows": 1,
                                                          "Plan Width": 4,
                                                          "Actual Startup Time": 0.021,
                                                          "Actual Total Time": 0.024,
                                                          "Actual Rows": 1,
                                                          "Actual Loops": 5,
                                                          "Filter": "((info)::text = 'votes'::text)",
                                                          "Rows Removed by Filter": 112
                                                        }
                                                      ]
                                                    }
                                                  ]
                                                },
                                                {
                                                  "Node Type": "Hash",
                                                  "Parent Relationship": "Inner",
                                                  "Parallel Aware": true,
                                                  "Startup Cost": 260381.66,
                                                  "Total Cost": 260381.66,
                                                  "Plan Rows": 1,
                                                  "Plan Width": 51,
                                                  "Actual Startup Time": 1060.475,
                                                  "Actual Total Time": 1060.491,
                                                  "Actual Rows": 2726,
                                                  "Actual Loops": 5,
                                                  "Hash Buckets": 16384,
                                                  "Original Hash Buckets": 1024,
                                                  "Hash Batches": 1,
                                                  "Original Hash Batches": 1,
                                                  "Peak Memory Usage": 952,
                                                  "Plans": [
                                                    {
                                                      "Node Type": "Hash Join",
                                                      "Parent Relationship": "Outer",
                                                      "Parallel Aware": true,
                                                      "Join Type": "Inner",
                                                      "Startup Cost": 46346.34,
                                                      "Total Cost": 260381.66,
                                                      "Plan Rows": 1,
                                                      "Plan Width": 51,
                                                      "Actual Startup Time": 910.4,
                                                      "Actual Total Time": 1013.724,
                                                      "Actual Rows": 2726,
                                                      "Actual Loops": 5,
                                                      "Inner Unique": false,
                                                      "Hash Cond": "(mi.movie_id = mk.movie_id)",
                                                      "Plans": [
                                                        {
                                                          "Node Type": "Hash Join",
                                                          "Parent Relationship": "Outer",
                                                          "Parallel Aware": false,
                                                          "Join Type": "Inner",
                                                          "Startup Cost": 2.43,
                                                          "Total Cost": 214036.46,
                                                          "Plan Rows": 341,
                                                          "Plan Width": 47,
                                                          "Actual Startup Time": 641.475,
                                                          "Actual Total Time": 737.855,
                                                          "Actual Rows": 38458,
                                                          "Actual Loops": 5,
                                                          "Inner Unique": true,
                                                          "Hash Cond": "(mi.info_type_id = it1.id)",
                                                          "Plans": [
                                                            {
                                                              "Node Type": "Seq Scan",
                                                              "Parent Relationship": "Outer",
                                                              "Parallel Aware": true,
                                                              "Relation Name": "movie_info",
                                                              "Alias": "mi",
                                                              "Startup Cost": 0.0,
                                                              "Total Cost": 213929.22,
                                                              "Plan Rows": 38482,
                                                              "Plan Width": 51,
                                                              "Actual Startup Time": 461.797,
                                                              "Actual Total Time": 729.592,
                                                              "Actual Rows": 38950,
                                                              "Actual Loops": 5,
                                                              "Filter": "(info = ANY ('{Horror,Western,Sci-Fi,Thriller,Family,Action}'::text[]))",
                                                              "Rows Removed by Filter": 2928194
                                                            },
                                                            {
                                                              "Node Type": "Hash",
                                                              "Parent Relationship": "Inner",
                                                              "Parallel Aware": false,
                                                              "Startup Cost": 2.41,
                                                              "Total Cost": 2.41,
                                                              "Plan Rows": 1,
                                                              "Plan Width": 4,
                                                              "Actual Startup Time": 0.08,
                                                              "Actual Total Time": 0.081,
                                                              "Actual Rows": 1,
                                                              "Actual Loops": 5,
                                                              "Hash Buckets": 1024,
                                                              "Original Hash Buckets": 1024,
                                                              "Hash Batches": 1,
                                                              "Original Hash Batches": 1,
                                                              "Peak Memory Usage": 9,
                                                              "Plans": [
                                                                {
                                                                  "Node Type": "Seq Scan",
                                                                  "Parent Relationship": "Outer",
                                                                  "Parallel Aware": false,
                                                                  "Relation Name": "info_type",
                                                                  "Alias": "it1",
                                                                  "Startup Cost": 0.0,
                                                                  "Total Cost": 2.41,
                                                                  "Plan Rows": 1,
                                                                  "Plan Width": 4,
                                                                  "Actual Startup Time": 0.059,
                                                                  "Actual Total Time": 0.066,
                                                                  "Actual Rows": 1,
                                                                  "Actual Loops": 5,
                                                                  "Filter": "((info)::text = 'genres'::text)",
                                                                  "Rows Removed by Filter": 112
                                                                }
                                                              ]
                                                            }
                                                          ]
                                                        },
                                                        {
                                                          "Node Type": "Hash",
                                                          "Parent Relationship": "Inner",
                                                          "Parallel Aware": true,
                                                          "Startup Cost": 46342.97,
                                                          "Total Cost": 46342.97,
                                                          "Plan Rows": 76,
                                                          "Plan Width": 4,
                                                          "Actual Startup Time": 268.765,
                                                          "Actual Total Time": 268.772,
                                                          "Actual Rows": 3346,
                                                          "Actual Loops": 5,
                                                          "Hash Buckets": 16384,
                                                          "Original Hash Buckets": 1024,
                                                          "Hash Batches": 1,
                                                          "Original Hash Batches": 1,
                                                          "Peak Memory Usage": 984,
                                                          "Plans": [
                                                            {
                                                              "Node Type": "Hash Join",
                                                              "Parent Relationship": "Outer",
                                                              "Parallel Aware": false,
                                                              "Join Type": "Inner",
                                                              "Startup Cost": 3464.78,
                                                              "Total Cost": 46342.97,
                                                              "Plan Rows": 76,
                                                              "Plan Width": 4,
                                                              "Actual Startup Time": 31.635,
                                                              "Actual Total Time": 230.133,
                                                              "Actual Rows": 3346,
                                                              "Actual Loops": 5,
                                                              "Inner Unique": true,
                                                              "Hash Cond": "(mk.keyword_id = k.id)",
                                                              "Plans": [
                                                                {
                                                                  "Node Type": "Seq Scan",
                                                                  "Parent Relationship": "Outer",
                                                                  "Parallel Aware": true,
                                                                  "Relation Name": "movie_keyword",
                                                                  "Alias": "mk",
                                                                  "Startup Cost": 0.0,
                                                                  "Total Cost": 39047.32,
                                                                  "Plan Rows": 1459332,
                                                                  "Plan Width": 8,
                                                                  "Actual Startup Time": 0.031,
                                                                  "Actual Total Time": 118.66,
                                                                  "Actual Rows": 904786,
                                                                  "Actual Loops": 5
                                                                },
                                                                {
                                                                  "Node Type": "Hash",
                                                                  "Parent Relationship": "Inner",
                                                                  "Parallel Aware": false,
                                                                  "Startup Cost": 3464.69,
                                                                  "Total Cost": 3464.69,
                                                                  "Plan Rows": 7,
                                                                  "Plan Width": 4,
                                                                  "Actual Startup Time": 31.523,
                                                                  "Actual Total Time": 31.524,
                                                                  "Actual Rows": 7,
                                                                  "Actual Loops": 5,
                                                                  "Hash Buckets": 1024,
                                                                  "Original Hash Buckets": 1024,
                                                                  "Hash Batches": 1,
                                                                  "Original Hash Batches": 1,
                                                                  "Peak Memory Usage": 9,
                                                                  "Plans": [
                                                                    {
                                                                      "Node Type": "Seq Scan",
                                                                      "Parent Relationship": "Outer",
                                                                      "Parallel Aware": false,
                                                                      "Relation Name": "keyword",
                                                                      "Alias": "k",
                                                                      "Startup Cost": 0.0,
                                                                      "Total Cost": 3464.69,
                                                                      "Plan Rows": 7,
                                                                      "Plan Width": 4,
                                                                      "Actual Startup Time": 0.134,
                                                                      "Actual Total Time": 31.511,
                                                                      "Actual Rows": 7,
                                                                      "Actual Loops": 5,
                                                                      "Filter": "(keyword = ANY ('{second-part,web,blood,tv-special,based-on-comic,laser,lucid-dream}'::text[]))",
                                                                      "Rows Removed by Filter": 134163
                                                                    }
                                                                  ]
                                                                }
                                                              ]
                                                            }
                                                          ]
                                                        }
                                                      ]
                                                    }
                                                  ]
                                                }
                                              ]
                                            }
                                          ]
                                        }
                                      ]
                                    }
                                  ]
                                }
                              ]
                            },
                            {
                              "Node Type": "Hash",
                              "Parent Relationship": "Inner",
                              "Parallel Aware": false,
                              "Startup Cost": 2996.88,
                              "Total Cost": 2996.88,
                              "Plan Rows": 8443,
                              "Plan Width": 4,
                              "Actual Startup Time": 60.023,
                              "Actual Total Time": 60.032,
                              "Actual Rows": 17879,
                              "Actual Loops": 5,
                              "Hash Buckets": 32768,
                              "Original Hash Buckets": 16384,
                              "Hash Batches": 1,
                              "Original Hash Batches": 1,
                              "Peak Memory Usage": 885,
                              "Plans": [
                                {
                                  "Node Type": "Hash Join",
                                  "Parent Relationship": "Outer",
                                  "Parallel Aware": false,
                                  "Join Type": "Inner",
                                  "Startup Cost": 2.12,
                                  "Total Cost": 2996.88,
                                  "Plan Rows": 8443,
                                  "Plan Width": 4,
                                  "Actual Startup Time": 0.277,
                                  "Actual Total Time": 55.897,
                                  "Actual Rows": 17879,
                                  "Actual Loops": 5,
                                  "Inner Unique": true,
                                  "Hash Cond": "(cc.status_id = cct2.id)",
                                  "Plans": [
                                    {
                                      "Node Type": "Hash Join",
                                      "Parent Relationship": "Outer",
                                      "Parallel Aware": false,
                                      "Join Type": "Inner",
                                      "Startup Cost": 1.06,
                                      "Total Cost": 2813.24,
                                      "Plan Rows": 33772,
                                      "Plan Width": 8,
                                      "Actual Startup Time": 0.122,
                                      "Actual Total Time": 46.3,
                                      "Actual Rows": 85941,
                                      "Actual Loops": 5,
                                      "Inner Unique": true,
                                      "Hash Cond": "(cc.subject_id = cct1.id)",
                                      "Plans": [
                                        {
                                          "Node Type": "Seq Scan",
                                          "Parent Relationship": "Outer",
                                          "Parallel Aware": false,
                                          "Relation Name": "complete_cast",
                                          "Alias": "cc",
                                          "Startup Cost": 0.0,
                                          "Total Cost": 2081.86,
                                          "Plan Rows": 135086,
                                          "Plan Width": 12,
                                          "Actual Startup Time": 0.06,
                                          "Actual Total Time": 21.956,
                                          "Actual Rows": 135086,
                                          "Actual Loops": 5
                                        },
                                        {
                                          "Node Type": "Hash",
                                          "Parent Relationship": "Inner",
                                          "Parallel Aware": false,
                                          "Startup Cost": 1.05,
                                          "Total Cost": 1.05,
                                          "Plan Rows": 1,
                                          "Plan Width": 4,
                                          "Actual Startup Time": 0.02,
                                          "Actual Total Time": 0.021,
                                          "Actual Rows": 1,
                                          "Actual Loops": 5,
                                          "Hash Buckets": 1024,
                                          "Original Hash Buckets": 1024,
                                          "Hash Batches": 1,
                                          "Original Hash Batches": 1,
                                          "Peak Memory Usage": 9,
                                          "Plans": [
                                            {
                                              "Node Type": "Seq Scan",
                                              "Parent Relationship": "Outer",
                                              "Parallel Aware": false,
                                              "Relation Name": "comp_cast_type",
                                              "Alias": "cct1",
                                              "Startup Cost": 0.0,
                                              "Total Cost": 1.05,
                                              "Plan Rows": 1,
                                              "Plan Width": 4,
                                              "Actual Startup Time": 0.009,
                                              "Actual Total Time": 0.012,
                                              "Actual Rows": 1,
                                              "Actual Loops": 5,
                                              "Filter": "((kind)::text = 'cast'::text)",
                                              "Rows Removed by Filter": 3
                                            }
                                          ]
                                        }
                                      ]
                                    },
                                    {
                                      "Node Type": "Hash",
                                      "Parent Relationship": "Inner",
                                      "Parallel Aware": false,
                                      "Startup Cost": 1.05,
                                      "Total Cost": 1.05,
                                      "Plan Rows": 1,
                                      "Plan Width": 4,
                                      "Actual Startup Time": 0.11,
                                      "Actual Total Time": 0.113,
                                      "Actual Rows": 1,
                                      "Actual Loops": 5,
                                      "Hash Buckets": 1024,
                                      "Original Hash Buckets": 1024,
                                      "Hash Batches": 1,
                                      "Original Hash Batches": 1,
                                      "Peak Memory Usage": 9,
                                      "Plans": [
                                        {
                                          "Node Type": "Seq Scan",
                                          "Parent Relationship": "Outer",
                                          "Parallel Aware": false,
                                          "Relation Name": "comp_cast_type",
                                          "Alias": "cct2",
                                          "Startup Cost": 0.0,
                                          "Total Cost": 1.05,
                                          "Plan Rows": 1,
                                          "Plan Width": 4,
                                          "Actual Startup Time": 0.089,
                                          "Actual Total Time": 0.092,
                                          "Actual Rows": 1,
                                          "Actual Loops": 5,
                                          "Filter": "((kind)::text = 'complete+verified'::text)",
                                          "Rows Removed by Filter": 3
                                        }
                                      ]
                                    }
                                  ]
                                }
                              ]
                            }
                          ]
                        }
                      ]
                    }
                  ]
                }
              ]
            }
          ]
        }
      ]
    },
    "Planning Time": 140.391,
    "Triggers": [],
    "Execution Time": 3322.457
  }
]