{
  "Plan": {
    "Node Type": "Aggregate",
    "Strategy": "Plain",
    "Partial Mode": "Finalize",
    "Parallel Aware": false,
    "Startup Cost": 549740.07,
    "Total Cost": 549740.08,
    "Plan Rows": 1,
    "Plan Width": 8,
    "Actual Startup Time": 2889.911,
    "Actual Total Time": 2951.339,
    "Actual Rows": 1,
    "Actual Loops": 1,
    "Plans": [
      {
        "Node Type": "Gather",
        "Parent Relationship": "Outer",
        "Parallel Aware": false,
        "Startup Cost": 549739.96,
        "Total Cost": 549740.07,
        "Plan Rows": 1,
        "Plan Width": 8,
        "Actual Startup Time": 2889.832,
        "Actual Total Time": 2951.33,
        "Actual Rows": 2,
        "Actual Loops": 1,
        "Workers Planned": 1,
        "Workers Launched": 1,
        "Single Copy": false,
        "Plans": [
          {
            "Node Type": "Aggregate",
            "Strategy": "Plain",
            "Partial Mode": "Partial",
            "Parent Relationship": "Outer",
            "Parallel Aware": false,
            "Startup Cost": 548739.96,
            "Total Cost": 548739.97,
            "Plan Rows": 1,
            "Plan Width": 8,
            "Actual Startup Time": 2883.427,
            "Actual Total Time": 2883.43,
            "Actual Rows": 1,
            "Actual Loops": 2,
            "Plans": [
              {
                "Node Type": "Hash Join",
                "Parent Relationship": "Outer",
                "Parallel Aware": false,
                "Join Type": "Inner",
                "Startup Cost": 3009.31,
                "Total Cost": 548735.36,
                "Plan Rows": 1838,
                "Plan Width": 0,
                "Actual Startup Time": 12.698,
                "Actual Total Time": 2882.099,
                "Actual Rows": 12211,
                "Actual Loops": 2,
                "Inner Unique": false,
                "Hash Cond": "(ci.movie_id = t.id)",
                "Plans": [
                  {
                    "Node Type": "Seq Scan",
                    "Parent Relationship": "Outer",
                    "Parallel Aware": true,
                    "Relation Name": "cast_info",
                    "Alias": "ci",
                    "Startup Cost": 0.0,
                    "Total Cost": 465792.95,
                    "Plan Rows": 21310595,
                    "Plan Width": 4,
                    "Actual Startup Time": 0.034,
                    "Actual Total Time": 1487.203,
                    "Actual Rows": 18122172,
                    "Actual Loops": 2
                  },
                  {
                    "Node Type": "Hash",
                    "Parent Relationship": "Inner",
                    "Parallel Aware": false,
                    "Startup Cost": 3006.58,
                    "Total Cost": 3006.58,
                    "Plan Rows": 218,
                    "Plan Width": 8,
                    "Actual Startup Time": 11.786,
                    "Actual Total Time": 11.788,
                    "Actual Rows": 273,
                    "Actual Loops": 2,
                    "Hash Buckets": 1024,
                    "Original Hash Buckets": 1024,
                    "Hash Batches": 1,
                    "Original Hash Batches": 1,
                    "Peak Memory Usage": 19,
                    "Plans": [
                      {
                        "Node Type": "Nested Loop",
                        "Parent Relationship": "Outer",
                        "Parallel Aware": false,
                        "Join Type": "Inner",
                        "Startup Cost": 6.78,
                        "Total Cost": 3006.58,
                        "Plan Rows": 218,
                        "Plan Width": 8,
                        "Actual Startup Time": 0.44,
                        "Actual Total Time": 11.509,
                        "Actual Rows": 273,
                        "Actual Loops": 2,
                        "Inner Unique": true,
                        "Plans": [
                          {
                            "Node Type": "Bitmap Heap Scan",
                            "Parent Relationship": "Outer",
                            "Parallel Aware": false,
                            "Relation Name": "movie_keyword",
                            "Alias": "mk",
                            "Startup Cost": 6.35,
                            "Total Cost": 922.98,
                            "Plan Rows": 248,
                            "Plan Width": 4,
                            "Actual Startup Time": 0.334,
                            "Actual Total Time": 3.545,
                            "Actual Rows": 281,
                            "Actual Loops": 2,
                            "Recheck Cond": "(keyword_id = 1769)",
                            "Rows Removed by Index Recheck": 0,
                            "Exact Heap Blocks": 273,
                            "Lossy Heap Blocks": 0,
                            "Plans": [
                              {
                                "Node Type": "Bitmap Index Scan",
                                "Parent Relationship": "Outer",
                                "Parallel Aware": false,
                                "Index Name": "keyword_id_movie_keyword",
                                "Startup Cost": 0.0,
                                "Total Cost": 6.29,
                                "Plan Rows": 248,
                                "Plan Width": 0,
                                "Actual Startup Time": 0.222,
                                "Actual Total Time": 0.222,
                                "Actual Rows": 281,
                                "Actual Loops": 2,
                                "Index Cond": "(keyword_id = 1769)"
                              }
                            ]
                          },
                          {
                            "Node Type": "Index Scan",
                            "Parent Relationship": "Inner",
                            "Parallel Aware": false,
                            "Scan Direction": "Forward",
                            "Index Name": "title_pkey",
                            "Relation Name": "title",
                            "Alias": "t",
                            "Startup Cost": 0.43,
                            "Total Cost": 8.4,
                            "Plan Rows": 1,
                            "Plan Width": 4,
                            "Actual Startup Time": 0.026,
                            "Actual Total Time": 0.026,
                            "Actual Rows": 1,
                            "Actual Loops": 562,
                            "Index Cond": "(id = mk.movie_id)",
                            "Rows Removed by Index Recheck": 0,
                            "Filter": "(production_year < 2012)",
                            "Rows Removed by Filter": 0
                          }
                        ]
                      }
                    ]
                  }
                ]
              }
            ]
          }
        ]
      }
    ]
  },
  "Planning Time": 1.06,
  "Triggers": [],
  "Execution Time": 2951.475
}