[
  {
    "Plan": {
      "Node Type": "Aggregate",
      "Strategy": "Plain",
      "Partial Mode": "Finalize",
      "Parallel Aware": false,
      "Startup Cost": 137346.48,
      "Total Cost": 137346.49,
      "Plan Rows": 1,
      "Plan Width": 8,
      "Actual Startup Time": 509.606,
      "Actual Total Time": 552.389,
      "Actual Rows": 1,
      "Actual Loops": 1,
      "Plans": [
        {
          "Node Type": "Gather",
          "Parent Relationship": "Outer",
          "Parallel Aware": false,
          "Startup Cost": 137346.26,
          "Total Cost": 137346.47,
          "Plan Rows": 2,
          "Plan Width": 8,
          "Actual Startup Time": 506.694,
          "Actual Total Time": 552.379,
          "Actual Rows": 3,
          "Actual Loops": 1,
          "Workers Planned": 2,
          "Workers Launched": 2,
          "Single Copy": false,
          "Plans": [
            {
              "Node Type": "Aggregate",
              "Strategy": "Plain",
              "Partial Mode": "Partial",
              "Parent Relationship": "Outer",
              "Parallel Aware": false,
              "Startup Cost": 136346.26,
              "Total Cost": 136346.27,
              "Plan Rows": 1,
              "Plan Width": 8,
              "Actual Startup Time": 499.952,
              "Actual Total Time": 499.956,
              "Actual Rows": 1,
              "Actual Loops": 3,
              "Plans": [
                {
                  "Node Type": "Nested Loop",
                  "Parent Relationship": "Outer",
                  "Parallel Aware": false,
                  "Join Type": "Inner",
                  "Startup Cost": 46135.93,
                  "Total Cost": 136251.79,
                  "Plan Rows": 37787,
                  "Plan Width": 0,
                  "Actual Startup Time": 134.992,
                  "Actual Total Time": 495.212,
                  "Actual Rows": 77443,
                  "Actual Loops": 3,
                  "Inner Unique": false,
                  "Join Filter": "(t.id = mi.movie_id)",
                  "Rows Removed by Join Filter": 0,
                  "Plans": [
                    {
                      "Node Type": "Hash Join",
                      "Parent Relationship": "Outer",
                      "Parallel Aware": true,
                      "Join Type": "Inner",
                      "Startup Cost": 46135.5,
                      "Total Cost": 62270.34,
                      "Plan Rows": 32034,
                      "Plan Width": 8,
                      "Actual Startup Time": 134.91,
                      "Actual Total Time": 226.917,
                      "Actual Rows": 25771,
                      "Actual Loops": 3,
                      "Inner Unique": true,
                      "Hash Cond": "(mi_idx.movie_id = t.id)",
                      "Plans": [
                        {
                          "Node Type": "Seq Scan",
                          "Parent Relationship": "Outer",
                          "Parallel Aware": true,
                          "Relation Name": "movie_info_idx",
                          "Alias": "mi_idx",
                          "Startup Cost": 0.0,
                          "Total Cost": 15122.68,
                          "Plan Rows": 385585,
                          "Plan Width": 4,
                          "Actual Startup Time": 0.024,
                          "Actual Total Time": 43.96,
                          "Actual Rows": 306703,
                          "Actual Loops": 3,
                          "Filter": "(info_type_id > 99)",
                          "Rows Removed by Filter": 153308
                        },
                        {
                          "Node Type": "Hash",
                          "Parent Relationship": "Inner",
                          "Parallel Aware": true,
                          "Startup Cost": 45479.1,
                          "Total Cost": 45479.1,
                          "Plan Rows": 52512,
                          "Plan Width": 4,
                          "Actual Startup Time": 132.348,
                          "Actual Total Time": 132.349,
                          "Actual Rows": 61278,
                          "Actual Loops": 3,
                          "Hash Buckets": 262144,
                          "Original Hash Buckets": 262144,
                          "Hash Batches": 1,
                          "Original Hash Batches": 1,
                          "Peak Memory Usage": 9280,
                          "Plans": [
                            {
                              "Node Type": "Seq Scan",
                              "Parent Relationship": "Outer",
                              "Parallel Aware": true,
                              "Relation Name": "title",
                              "Alias": "t",
                              "Startup Cost": 0.0,
                              "Total Cost": 45479.1,
                              "Plan Rows": 52512,
                              "Plan Width": 4,
                              "Actual Startup Time": 0.071,
                              "Actual Total Time": 114.899,
                              "Actual Rows": 61278,
                              "Actual Loops": 3,
                              "Filter": "((kind_id < 7) AND (production_year > 2009))",
                              "Rows Removed by Filter": 781492
                            }
                          ]
                        }
                      ]
                    },
                    {
                      "Node Type": "Index Scan",
                      "Parent Relationship": "Inner",
                      "Parallel Aware": false,
                      "Scan Direction": "Forward",
                      "Index Name": "movie_id_movie_info",
                      "Relation Name": "movie_info",
                      "Alias": "mi",
                      "Startup Cost": 0.43,
                      "Total Cost": 2.21,
                      "Plan Rows": 8,
                      "Plan Width": 4,
                      "Actual Startup Time": 0.006,
                      "Actual Total Time": 0.01,
                      "Actual Rows": 3,
                      "Actual Loops": 77314,
                      "Index Cond": "(movie_id = mi_idx.movie_id)",
                      "Rows Removed by Index Recheck": 0,
                      "Filter": "(info_type_id = 16)",
                      "Rows Removed by Filter": 13
                    }
                  ]
                }
              ]
            }
          ]
        }
      ]
    },
    "Planning Time": 1.386,
    "Triggers": [],
    "Execution Time": 552.492
  }
]