{
    "Plan": {
        "Node Type": "Aggregate",
        "Strategy": "Plain",
        "Partial Mode": "Finalize",
        "Parallel Aware": false,
        "Startup Cost": 80528.1,
        "Total Cost": 80528.11,
        "Plan Rows": 1,
        "Plan Width": 8,
        "Actual Startup Time": 286.015,
        "Actual Total Time": 300.797,
        "Actual Rows": 1,
        "Actual Loops": 1,
        "Output": [
            "count(*)"
        ],
        "Plans": [
            {
                "Node Type": "Gather",
                "Parent Relationship": "Outer",
                "Parallel Aware": false,
                "Startup Cost": 80527.78,
                "Total Cost": 80528.09,
                "Plan Rows": 3,
                "Plan Width": 8,
                "Actual Startup Time": 283.836,
                "Actual Total Time": 300.788,
                "Actual Rows": 4,
                "Actual Loops": 1,
                "Output": [
                    "(PARTIAL count(*))"
                ],
                "Workers Planned": 3,
                "Workers Launched": 3,
                "Single Copy": false,
                "Plans": [
                    {
                        "Node Type": "Aggregate",
                        "Strategy": "Plain",
                        "Partial Mode": "Partial",
                        "Parent Relationship": "Outer",
                        "Parallel Aware": false,
                        "Startup Cost": 79527.78,
                        "Total Cost": 79527.79,
                        "Plan Rows": 1,
                        "Plan Width": 8,
                        "Actual Startup Time": 274.8,
                        "Actual Total Time": 274.804,
                        "Actual Rows": 1,
                        "Actual Loops": 4,
                        "Output": [
                            "PARTIAL count(*)"
                        ],
                        "Workers": [
                            {
                                "Worker Number": 0,
                                "Actual Startup Time": 271.682,
                                "Actual Total Time": 271.686,
                                "Actual Rows": 1,
                                "Actual Loops": 1
                            },
                            {
                                "Worker Number": 1,
                                "Actual Startup Time": 271.945,
                                "Actual Total Time": 271.95,
                                "Actual Rows": 1,
                                "Actual Loops": 1
                            },
                            {
                                "Worker Number": 2,
                                "Actual Startup Time": 272.452,
                                "Actual Total Time": 272.455,
                                "Actual Rows": 1,
                                "Actual Loops": 1
                            }
                        ],
                        "Plans": [
                            {
                                "Node Type": "Hash Join",
                                "Parent Relationship": "Outer",
                                "Parallel Aware": true,
                                "Join Type": "Inner",
                                "Startup Cost": 46885.25,
                                "Total Cost": 79349.86,
                                "Plan Rows": 71169,
                                "Plan Width": 0,
                                "Actual Startup Time": 207.268,
                                "Actual Total Time": 271.316,
                                "Actual Rows": 79834,
                                "Actual Loops": 4,
                                "Inner Unique": true,
                                "Hash Cond": "(mc.movie_id = t.id)",
                                "Workers": [
                                    {
                                        "Worker Number": 0,
                                        "Actual Startup Time": 204.178,
                                        "Actual Total Time": 268.309,
                                        "Actual Rows": 85403,
                                        "Actual Loops": 1
                                    },
                                    {
                                        "Worker Number": 1,
                                        "Actual Startup Time": 204.507,
                                        "Actual Total Time": 268.35,
                                        "Actual Rows": 56378,
                                        "Actual Loops": 1
                                    },
                                    {
                                        "Worker Number": 2,
                                        "Actual Startup Time": 204.772,
                                        "Actual Total Time": 269.02,
                                        "Actual Rows": 86941,
                                        "Actual Loops": 1
                                    }
                                ],
                                "Plans": [
                                    {
                                        "Node Type": "Seq Scan",
                                        "Parent Relationship": "Outer",
                                        "Parallel Aware": true,
                                        "Relation Name": "movie_companies",
                                        "Schema": "public",
                                        "Alias": "mc",
                                        "Startup Cost": 0.0,
                                        "Total Cost": 31414.82,
                                        "Plan Rows": 399922,
                                        "Plan Width": 4,
                                        "Actual Startup Time": 32.578,
                                        "Actual Total Time": 73.051,
                                        "Actual Rows": 324155,
                                        "Actual Loops": 4,
                                        "Output": [
                                            "mc.id",
                                            "mc.movie_id",
                                            "mc.company_id",
                                            "mc.company_type_id",
                                            "mc.note"
                                        ],
                                        "Filter": "((mc.company_id > 34) AND (mc.company_type_id = 2))",
                                        "Rows Removed by Filter": 328127,
                                        "Workers": [
                                            {
                                                "Worker Number": 0,
                                                "Actual Startup Time": 32.506,
                                                "Actual Total Time": 73.179,
                                                "Actual Rows": 343792,
                                                "Actual Loops": 1
                                            },
                                            {
                                                "Worker Number": 1,
                                                "Actual Startup Time": 32.589,
                                                "Actual Total Time": 75.42,
                                                "Actual Rows": 234436,
                                                "Actual Loops": 1
                                            },
                                            {
                                                "Worker Number": 2,
                                                "Actual Startup Time": 32.53,
                                                "Actual Total Time": 73.258,
                                                "Actual Rows": 343637,
                                                "Actual Loops": 1
                                            }
                                        ]
                                    },
                                    {
                                        "Node Type": "Hash",
                                        "Parent Relationship": "Inner",
                                        "Parallel Aware": true,
                                        "Startup Cost": 45479.21,
                                        "Total Cost": 45479.21,
                                        "Plan Rows": 112483,
                                        "Plan Width": 4,
                                        "Actual Startup Time": 135.03,
                                        "Actual Total Time": 135.031,
                                        "Actual Rows": 81272,
                                        "Actual Loops": 4,
                                        "Output": [
                                            "t.id"
                                        ],
                                        "Hash Buckets": 524288,
                                        "Original Hash Buckets": 524288,
                                        "Hash Batches": 1,
                                        "Original Hash Batches": 1,
                                        "Peak Memory Usage": 16864,
                                        "Workers": [
                                            {
                                                "Worker Number": 0,
                                                "Actual Startup Time": 134.673,
                                                "Actual Total Time": 134.674,
                                                "Actual Rows": 80796,
                                                "Actual Loops": 1
                                            },
                                            {
                                                "Worker Number": 1,
                                                "Actual Startup Time": 134.931,
                                                "Actual Total Time": 134.932,
                                                "Actual Rows": 60783,
                                                "Actual Loops": 1
                                            },
                                            {
                                                "Worker Number": 2,
                                                "Actual Startup Time": 135.29,
                                                "Actual Total Time": 135.291,
                                                "Actual Rows": 82442,
                                                "Actual Loops": 1
                                            }
                                        ],
                                        "Plans": [
                                            {
                                                "Node Type": "Seq Scan",
                                                "Parent Relationship": "Outer",
                                                "Parallel Aware": true,
                                                "Relation Name": "title",
                                                "Schema": "public",
                                                "Alias": "t",
                                                "Startup Cost": 0.0,
                                                "Total Cost": 45479.21,
                                                "Plan Rows": 112483,
                                                "Plan Width": 4,
                                                "Actual Startup Time": 50.517,
                                                "Actual Total Time": 107.948,
                                                "Actual Rows": 81272,
                                                "Actual Loops": 4,
                                                "Output": [
                                                    "t.id"
                                                ],
                                                "Filter": "((t.production_year > 1992) AND (t.kind_id = 1))",
                                                "Rows Removed by Filter": 550806,
                                                "Workers": [
                                                    {
                                                        "Worker Number": 0,
                                                        "Actual Startup Time": 64.009,
                                                        "Actual Total Time": 108.165,
                                                        "Actual Rows": 80796,
                                                        "Actual Loops": 1
                                                    },
                                                    {
                                                        "Worker Number": 1,
                                                        "Actual Startup Time": 64.189,
                                                        "Actual Total Time": 109.678,
                                                        "Actual Rows": 60783,
                                                        "Actual Loops": 1
                                                    },
                                                    {
                                                        "Worker Number": 2,
                                                        "Actual Startup Time": 9.164,
                                                        "Actual Total Time": 108.457,
                                                        "Actual Rows": 82442,
                                                        "Actual Loops": 1
                                                    }
                                                ]
                                            }
                                        ]
                                    }
                                ]
                            }
                        ]
                    }
                ]
            }
        ]
    },
    "Planning Time": 0.811,
    "Triggers": [],
    "Execution Time": 300.871
}