{
  "Plan": {
    "Node Type": "Aggregate",
    "Strategy": "Plain",
    "Partial Mode": "Finalize",
    "Parallel Aware": false,
    "Startup Cost": 77310.41,
    "Total Cost": 77310.42,
    "Plan Rows": 1,
    "Plan Width": 8,
    "Actual Startup Time": 169.67,
    "Actual Total Time": 183.764,
    "Actual Rows": 1,
    "Actual Loops": 1,
    "Plans": [
      {
        "Node Type": "Gather",
        "Parent Relationship": "Outer",
        "Parallel Aware": false,
        "Startup Cost": 77310.3,
        "Total Cost": 77310.41,
        "Plan Rows": 1,
        "Plan Width": 8,
        "Actual Startup Time": 169.54,
        "Actual Total Time": 183.757,
        "Actual Rows": 2,
        "Actual Loops": 1,
        "Workers Planned": 1,
        "Workers Launched": 1,
        "Single Copy": false,
        "Plans": [
          {
            "Node Type": "Aggregate",
            "Strategy": "Plain",
            "Partial Mode": "Partial",
            "Parent Relationship": "Outer",
            "Parallel Aware": false,
            "Startup Cost": 76310.3,
            "Total Cost": 76310.31,
            "Plan Rows": 1,
            "Plan Width": 8,
            "Actual Startup Time": 163.453,
            "Actual Total Time": 163.455,
            "Actual Rows": 1,
            "Actual Loops": 2,
            "Plans": [
              {
                "Node Type": "Nested Loop",
                "Parent Relationship": "Outer",
                "Parallel Aware": false,
                "Join Type": "Inner",
                "Startup Cost": 0.43,
                "Total Cost": 76301.5,
                "Plan Rows": 3519,
                "Plan Width": 0,
                "Actual Startup Time": 1.859,
                "Actual Total Time": 163.357,
                "Actual Rows": 1114,
                "Actual Loops": 2,
                "Inner Unique": false,
                "Plans": [
                  {
                    "Node Type": "Seq Scan",
                    "Parent Relationship": "Outer",
                    "Parallel Aware": true,
                    "Relation Name": "title",
                    "Alias": "t",
                    "Startup Cost": 0.0,
                    "Total Cost": 58306.47,
                    "Plan Rows": 1967,
                    "Plan Width": 4,
                    "Actual Startup Time": 0.234,
                    "Actual Total Time": 156.427,
                    "Actual Rows": 1831,
                    "Actual Loops": 2,
                    "Filter": "((kind_id > 3) AND (production_year = 1953))",
                    "Rows Removed by Filter": 1262325
                  },
                  {
                    "Node Type": "Index Only Scan",
                    "Parent Relationship": "Inner",
                    "Parallel Aware": false,
                    "Scan Direction": "Forward",
                    "Index Name": "movie_id_movie_keyword",
                    "Relation Name": "movie_keyword",
                    "Alias": "mk",
                    "Startup Cost": 0.43,
                    "Total Cost": 8.7,
                    "Plan Rows": 45,
                    "Plan Width": 4,
                    "Actual Startup Time": 0.003,
                    "Actual Total Time": 0.003,
                    "Actual Rows": 1,
                    "Actual Loops": 3662,
                    "Index Cond": "(movie_id = t.id)",
                    "Rows Removed by Index Recheck": 0,
                    "Heap Fetches": 2227
                  }
                ]
              }
            ]
          }
        ]
      }
    ]
  },
  "Planning Time": 0.506,
  "Triggers": [],
  "Execution Time": 183.839
}