{
  "Plan": {
    "Node Type": "Aggregate",
    "Strategy": "Plain",
    "Partial Mode": "Simple",
    "Parallel Aware": false,
    "Startup Cost": 70679.88,
    "Total Cost": 70679.89,
    "Plan Rows": 1,
    "Plan Width": 64,
    "Actual Startup Time": 232.622,
    "Actual Total Time": 245.485,
    "Actual Rows": 1,
    "Actual Loops": 1,
    "Plans": [
      {
        "Node Type": "Gather",
        "Parent Relationship": "Outer",
        "Parallel Aware": false,
        "Startup Cost": 1003.41,
        "Total Cost": 70679.88,
        "Plan Rows": 1,
        "Plan Width": 32,
        "Actual Startup Time": 232.436,
        "Actual Total Time": 245.459,
        "Actual Rows": 2,
        "Actual Loops": 1,
        "Workers Planned": 1,
        "Workers Launched": 1,
        "Single Copy": false,
        "Plans": [
          {
            "Node Type": "Nested Loop",
            "Parent Relationship": "Outer",
            "Parallel Aware": false,
            "Join Type": "Inner",
            "Startup Cost": 3.41,
            "Total Cost": 69679.78,
            "Plan Rows": 1,
            "Plan Width": 32,
            "Actual Startup Time": 125.461,
            "Actual Total Time": 224.507,
            "Actual Rows": 1,
            "Actual Loops": 2,
            "Inner Unique": true,
            "Plans": [
              {
                "Node Type": "Nested Loop",
                "Parent Relationship": "Outer",
                "Parallel Aware": false,
                "Join Type": "Inner",
                "Startup Cost": 2.99,
                "Total Cost": 69679.18,
                "Plan Rows": 1,
                "Plan Width": 36,
                "Actual Startup Time": 125.431,
                "Actual Total Time": 224.474,
                "Actual Rows": 1,
                "Actual Loops": 2,
                "Inner Unique": true,
                "Plans": [
                  {
                    "Node Type": "Nested Loop",
                    "Parent Relationship": "Outer",
                    "Parallel Aware": false,
                    "Join Type": "Inner",
                    "Startup Cost": 2.85,
                    "Total Cost": 69678.98,
                    "Plan Rows": 1,
                    "Plan Width": 40,
                    "Actual Startup Time": 125.412,
                    "Actual Total Time": 224.45,
                    "Actual Rows": 1,
                    "Actual Loops": 2,
                    "Inner Unique": false,
                    "Join Filter": "(n.id = an.person_id)",
                    "Rows Removed by Join Filter": 0,
                    "Plans": [
                      {
                        "Node Type": "Nested Loop",
                        "Parent Relationship": "Outer",
                        "Parallel Aware": false,
                        "Join Type": "Inner",
                        "Startup Cost": 2.42,
                        "Total Cost": 69667.94,
                        "Plan Rows": 1,
                        "Plan Width": 48,
                        "Actual Startup Time": 125.365,
                        "Actual Total Time": 224.384,
                        "Actual Rows": 0,
                        "Actual Loops": 2,
                        "Inner Unique": true,
                        "Plans": [
                          {
                            "Node Type": "Nested Loop",
                            "Parent Relationship": "Outer",
                            "Parallel Aware": false,
                            "Join Type": "Inner",
                            "Startup Cost": 1.99,
                            "Total Cost": 69659.53,
                            "Plan Rows": 1,
                            "Plan Width": 29,
                            "Actual Startup Time": 125.302,
                            "Actual Total Time": 224.32,
                            "Actual Rows": 0,
                            "Actual Loops": 2,
                            "Inner Unique": true,
                            "Plans": [
                              {
                                "Node Type": "Nested Loop",
                                "Parent Relationship": "Outer",
                                "Parallel Aware": false,
                                "Join Type": "Inner",
                                "Startup Cost": 1.56,
                                "Total Cost": 69651.36,
                                "Plan Rows": 1,
                                "Plan Width": 33,
                                "Actual Startup Time": 125.23,
                                "Actual Total Time": 224.246,
                                "Actual Rows": 0,
                                "Actual Loops": 2,
                                "Inner Unique": true,
                                "Plans": [
                                  {
                                    "Node Type": "Nested Loop",
                                    "Parent Relationship": "Outer",
                                    "Parallel Aware": false,
                                    "Join Type": "Inner",
                                    "Startup Cost": 1.43,
                                    "Total Cost": 69651.16,
                                    "Plan Rows": 1,
                                    "Plan Width": 37,
                                    "Actual Startup Time": 125.211,
                                    "Actual Total Time": 224.226,
                                    "Actual Rows": 0,
                                    "Actual Loops": 2,
                                    "Inner Unique": false,
                                    "Join Filter": "(t.id = ci.movie_id)",
                                    "Rows Removed by Join Filter": 0,
                                    "Plans": [
                                      {
                                        "Node Type": "Nested Loop",
                                        "Parent Relationship": "Outer",
                                        "Parallel Aware": false,
                                        "Join Type": "Inner",
                                        "Startup Cost": 0.86,
                                        "Total Cost": 69636.73,
                                        "Plan Rows": 1,
                                        "Plan Width": 37,
                                        "Actual Startup Time": 125.043,
                                        "Actual Total Time": 223.888,
                                        "Actual Rows": 0,
                                        "Actual Loops": 2,
                                        "Inner Unique": false,
                                        "Join Filter": "(t.id = mc.movie_id)",
                                        "Rows Removed by Join Filter": 0,
                                        "Plans": [
                                          {
                                            "Node Type": "Nested Loop",
                                            "Parent Relationship": "Outer",
                                            "Parallel Aware": false,
                                            "Join Type": "Inner",
                                            "Startup Cost": 0.43,
                                            "Total Cost": 69618.49,
                                            "Plan Rows": 1,
                                            "Plan Width": 29,
                                            "Actual Startup Time": 124.985,
                                            "Actual Total Time": 223.827,
                                            "Actual Rows": 0,
                                            "Actual Loops": 2,
                                            "Inner Unique": false,
                                            "Plans": [
                                              {
                                                "Node Type": "Seq Scan",
                                                "Parent Relationship": "Outer",
                                                "Parallel Aware": true,
                                                "Relation Name": "title",
                                                "Alias": "t",
                                                "Startup Cost": 0.0,
                                                "Total Cost": 62023.56,
                                                "Plan Rows": 48,
                                                "Plan Width": 21,
                                                "Actual Startup Time": 124.899,
                                                "Actual Total Time": 223.738,
                                                "Actual Rows": 0,
                                                "Actual Loops": 2,
                                                "Filter": "((title ~~ '%(#1.13194)%'::text) AND (production_year >= 1998) AND (production_year <= 2008))",
                                                "Rows Removed by Filter": 1264156
                                              },
                                              {
                                                "Node Type": "Index Scan",
                                                "Parent Relationship": "Inner",
                                                "Parallel Aware": false,
                                                "Scan Direction": "Forward",
                                                "Index Name": "movie_id_movie_info",
                                                "Relation Name": "movie_info",
                                                "Alias": "mi",
                                                "Startup Cost": 0.43,
                                                "Total Cost": 158.22,
                                                "Plan Rows": 1,
                                                "Plan Width": 8,
                                                "Actual Startup Time": 0.164,
                                                "Actual Total Time": 0.165,
                                                "Actual Rows": 1,
                                                "Actual Loops": 1,
                                                "Index Cond": "(movie_id = t.id)",
                                                "Rows Removed by Index Recheck": 0,
                                                "Filter": "((info IS NOT NULL) AND ((info ~~ 'Japan:%2007%'::text) OR (info ~~ 'USA:%2008%'::text)))",
                                                "Rows Removed by Filter": 0
                                              }
                                            ]
                                          },
                                          {
                                            "Node Type": "Index Scan",
                                            "Parent Relationship": "Inner",
                                            "Parallel Aware": false,
                                            "Scan Direction": "Forward",
                                            "Index Name": "movie_id_movie_companies",
                                            "Relation Name": "movie_companies",
                                            "Alias": "mc",
                                            "Startup Cost": 0.43,
                                            "Total Cost": 18.22,
                                            "Plan Rows": 1,
                                            "Plan Width": 8,
                                            "Actual Startup Time": 0.111,
                                            "Actual Total Time": 0.113,
                                            "Actual Rows": 1,
                                            "Actual Loops": 1,
                                            "Index Cond": "(movie_id = mi.movie_id)",
                                            "Rows Removed by Index Recheck": 0,
                                            "Filter": "((note ~~ '%(200%)%'::text) AND ((note ~~ '%(USA)%'::text) OR (note ~~ '%(worldwide)%'::text)))",
                                            "Rows Removed by Filter": 0
                                          }
                                        ]
                                      },
                                      {
                                        "Node Type": "Index Scan",
                                        "Parent Relationship": "Inner",
                                        "Parallel Aware": false,
                                        "Scan Direction": "Forward",
                                        "Index Name": "movie_id_cast_info",
                                        "Relation Name": "cast_info",
                                        "Alias": "ci",
                                        "Startup Cost": 0.56,
                                        "Total Cost": 14.42,
                                        "Plan Rows": 1,
                                        "Plan Width": 16,
                                        "Actual Startup Time": 0.332,
                                        "Actual Total Time": 0.669,
                                        "Actual Rows": 1,
                                        "Actual Loops": 1,
                                        "Index Cond": "(movie_id = mc.movie_id)",
                                        "Rows Removed by Index Recheck": 0,
                                        "Filter": "(note = '(as Terri Colombino)'::text)",
                                        "Rows Removed by Filter": 21
                                      }
                                    ]
                                  },
                                  {
                                    "Node Type": "Index Scan",
                                    "Parent Relationship": "Inner",
                                    "Parallel Aware": false,
                                    "Scan Direction": "Forward",
                                    "Index Name": "role_type_pkey",
                                    "Relation Name": "role_type",
                                    "Alias": "rt",
                                    "Startup Cost": 0.14,
                                    "Total Cost": 0.16,
                                    "Plan Rows": 1,
                                    "Plan Width": 4,
                                    "Actual Startup Time": 0.035,
                                    "Actual Total Time": 0.036,
                                    "Actual Rows": 1,
                                    "Actual Loops": 1,
                                    "Index Cond": "(id = ci.role_id)",
                                    "Rows Removed by Index Recheck": 0,
                                    "Filter": "((role)::text = 'actress'::text)",
                                    "Rows Removed by Filter": 0
                                  }
                                ]
                              },
                              {
                                "Node Type": "Index Only Scan",
                                "Parent Relationship": "Inner",
                                "Parallel Aware": false,
                                "Scan Direction": "Forward",
                                "Index Name": "char_name_pkey",
                                "Relation Name": "char_name",
                                "Alias": "chn",
                                "Startup Cost": 0.43,
                                "Total Cost": 8.17,
                                "Plan Rows": 1,
                                "Plan Width": 4,
                                "Actual Startup Time": 0.141,
                                "Actual Total Time": 0.141,
                                "Actual Rows": 1,
                                "Actual Loops": 1,
                                "Index Cond": "(id = ci.person_role_id)",
                                "Rows Removed by Index Recheck": 0,
                                "Heap Fetches": 1
                              }
                            ]
                          },
                          {
                            "Node Type": "Index Scan",
                            "Parent Relationship": "Inner",
                            "Parallel Aware": false,
                            "Scan Direction": "Forward",
                            "Index Name": "name_pkey",
                            "Relation Name": "name",
                            "Alias": "n",
                            "Startup Cost": 0.43,
                            "Total Cost": 8.25,
                            "Plan Rows": 1,
                            "Plan Width": 19,
                            "Actual Startup Time": 0.122,
                            "Actual Total Time": 0.123,
                            "Actual Rows": 1,
                            "Actual Loops": 1,
                            "Index Cond": "(id = ci.person_id)",
                            "Rows Removed by Index Recheck": 0,
                            "Filter": "((name ~~ '%Conn,%'::text) AND ((gender)::text = 'f'::text))",
                            "Rows Removed by Filter": 0
                          }
                        ]
                      },
                      {
                        "Node Type": "Index Only Scan",
                        "Parent Relationship": "Inner",
                        "Parallel Aware": false,
                        "Scan Direction": "Forward",
                        "Index Name": "person_id_aka_name",
                        "Relation Name": "aka_name",
                        "Alias": "an",
                        "Startup Cost": 0.42,
                        "Total Cost": 11.02,
                        "Plan Rows": 2,
                        "Plan Width": 4,
                        "Actual Startup Time": 0.09,
                        "Actual Total Time": 0.124,
                        "Actual Rows": 2,
                        "Actual Loops": 1,
                        "Index Cond": "(person_id = ci.person_id)",
                        "Rows Removed by Index Recheck": 0,
                        "Heap Fetches": 2
                      }
                    ]
                  },
                  {
                    "Node Type": "Index Scan",
                    "Parent Relationship": "Inner",
                    "Parallel Aware": false,
                    "Scan Direction": "Forward",
                    "Index Name": "info_type_pkey",
                    "Relation Name": "info_type",
                    "Alias": "it",
                    "Startup Cost": 0.14,
                    "Total Cost": 0.17,
                    "Plan Rows": 1,
                    "Plan Width": 4,
                    "Actual Startup Time": 0.02,
                    "Actual Total Time": 0.02,
                    "Actual Rows": 1,
                    "Actual Loops": 2,
                    "Index Cond": "(id = mi.info_type_id)",
                    "Rows Removed by Index Recheck": 0,
                    "Filter": "((info)::text = 'release dates'::text)",
                    "Rows Removed by Filter": 0
                  }
                ]
              },
              {
                "Node Type": "Index Scan",
                "Parent Relationship": "Inner",
                "Parallel Aware": false,
                "Scan Direction": "Forward",
                "Index Name": "company_name_pkey",
                "Relation Name": "company_name",
                "Alias": "cn",
                "Startup Cost": 0.42,
                "Total Cost": 0.6,
                "Plan Rows": 1,
                "Plan Width": 4,
                "Actual Startup Time": 0.029,
                "Actual Total Time": 0.029,
                "Actual Rows": 1,
                "Actual Loops": 2,
                "Index Cond": "(id = mc.company_id)",
                "Rows Removed by Index Recheck": 0,
                "Filter": "((country_code)::text = '[us]'::text)",
                "Rows Removed by Filter": 0
              }
            ]
          }
        ]
      }
    ]
  },
  "Planning Time": 3.651,
  "Triggers": [],
  "Execution Time": 245.677
}