[
  {
    "Plan": {
      "Node Type": "Aggregate",
      "Strategy": "Plain",
      "Partial Mode": "Finalize",
      "Parallel Aware": false,
      "Startup Cost": 333529.33,
      "Total Cost": 333529.34,
      "Plan Rows": 1,
      "Plan Width": 8,
      "Actual Startup Time": 379.393,
      "Actual Total Time": 400.364,
      "Actual Rows": 1,
      "Actual Loops": 1,
      "Plans": [
        {
          "Node Type": "Gather",
          "Parent Relationship": "Outer",
          "Parallel Aware": false,
          "Startup Cost": 333528.7,
          "Total Cost": 333529.31,
          "Plan Rows": 6,
          "Plan Width": 8,
          "Actual Startup Time": 379.272,
          "Actual Total Time": 400.353,
          "Actual Rows": 7,
          "Actual Loops": 1,
          "Workers Planned": 6,
          "Workers Launched": 6,
          "Single Copy": false,
          "Plans": [
            {
              "Node Type": "Aggregate",
              "Strategy": "Plain",
              "Partial Mode": "Partial",
              "Parent Relationship": "Outer",
              "Parallel Aware": false,
              "Startup Cost": 332528.7,
              "Total Cost": 332528.71,
              "Plan Rows": 1,
              "Plan Width": 8,
              "Actual Startup Time": 368.75,
              "Actual Total Time": 368.751,
              "Actual Rows": 1,
              "Actual Loops": 7,
              "Plans": [
                {
                  "Node Type": "Index Scan",
                  "Parent Relationship": "Outer",
                  "Parallel Aware": true,
                  "Scan Direction": "Forward",
                  "Index Name": "role_id_cast_info",
                  "Relation Name": "cast_info",
                  "Alias": "ci",
                  "Startup Cost": 0.56,
                  "Total Cost": 331632.96,
                  "Plan Rows": 358296,
                  "Plan Width": 0,
                  "Actual Startup Time": 0.336,
                  "Actual Total Time": 357.89,
                  "Actual Rows": 187721,
                  "Actual Loops": 7,
                  "Index Cond": "(role_id > 3)",
                  "Rows Removed by Index Recheck": 0,
                  "Filter": "(person_id < 628481)",
                  "Rows Removed by Filter": 1542800
                }
              ]
            }
          ]
        }
      ]
    },
    "Planning Time": 0.23,
    "Triggers": [],
    "Execution Time": 400.436
  }
]