[
  {
    "Plan": {
      "Node Type": "Aggregate",
      "Strategy": "Plain",
      "Partial Mode": "Finalize",
      "Parallel Aware": false,
      "Startup Cost": 112605.02,
      "Total Cost": 112605.03,
      "Plan Rows": 1,
      "Plan Width": 8,
      "Actual Startup Time": 170.109,
      "Actual Total Time": 178.898,
      "Actual Rows": 1,
      "Actual Loops": 1,
      "Plans": [
        {
          "Node Type": "Gather",
          "Parent Relationship": "Outer",
          "Parallel Aware": false,
          "Startup Cost": 112604.5,
          "Total Cost": 112605.01,
          "Plan Rows": 5,
          "Plan Width": 8,
          "Actual Startup Time": 170.009,
          "Actual Total Time": 178.888,
          "Actual Rows": 6,
          "Actual Loops": 1,
          "Workers Planned": 5,
          "Workers Launched": 5,
          "Single Copy": false,
          "Plans": [
            {
              "Node Type": "Aggregate",
              "Strategy": "Plain",
              "Partial Mode": "Partial",
              "Parent Relationship": "Outer",
              "Parallel Aware": false,
              "Startup Cost": 111604.5,
              "Total Cost": 111604.51,
              "Plan Rows": 1,
              "Plan Width": 8,
              "Actual Startup Time": 161.974,
              "Actual Total Time": 161.975,
              "Actual Rows": 1,
              "Actual Loops": 6,
              "Plans": [
                {
                  "Node Type": "Index Scan",
                  "Parent Relationship": "Outer",
                  "Parallel Aware": true,
                  "Scan Direction": "Forward",
                  "Index Name": "role_id_cast_info",
                  "Relation Name": "cast_info",
                  "Alias": "ci",
                  "Startup Cost": 0.56,
                  "Total Cost": 110428.26,
                  "Plan Rows": 470497,
                  "Plan Width": 0,
                  "Actual Startup Time": 0.154,
                  "Actual Total Time": 147.749,
                  "Actual Rows": 248731,
                  "Actual Loops": 6,
                  "Index Cond": "(role_id = 3)",
                  "Rows Removed by Index Recheck": 0,
                  "Filter": "(person_id < 2133214)",
                  "Rows Removed by Filter": 419275
                }
              ]
            }
          ]
        }
      ]
    },
    "Planning Time": 0.155,
    "Triggers": [],
    "Execution Time": 178.945
  }
]