[
  {
    "Plan": {
      "Node Type": "Aggregate",
      "Strategy": "Plain",
      "Partial Mode": "Finalize",
      "Parallel Aware": false,
      "Startup Cost": 48128.14,
      "Total Cost": 48128.15,
      "Plan Rows": 1,
      "Plan Width": 8,
      "Actual Startup Time": 84.587,
      "Actual Total Time": 96.466,
      "Actual Rows": 1,
      "Actual Loops": 1,
      "Plans": [
        {
          "Node Type": "Gather",
          "Parent Relationship": "Outer",
          "Parallel Aware": false,
          "Startup Cost": 48127.83,
          "Total Cost": 48128.14,
          "Plan Rows": 3,
          "Plan Width": 8,
          "Actual Startup Time": 84.276,
          "Actual Total Time": 96.46,
          "Actual Rows": 4,
          "Actual Loops": 1,
          "Workers Planned": 3,
          "Workers Launched": 3,
          "Single Copy": false,
          "Plans": [
            {
              "Node Type": "Aggregate",
              "Strategy": "Plain",
              "Partial Mode": "Partial",
              "Parent Relationship": "Outer",
              "Parallel Aware": false,
              "Startup Cost": 47127.83,
              "Total Cost": 47127.84,
              "Plan Rows": 1,
              "Plan Width": 8,
              "Actual Startup Time": 76.078,
              "Actual Total Time": 76.08,
              "Actual Rows": 1,
              "Actual Loops": 4,
              "Plans": [
                {
                  "Node Type": "Nested Loop",
                  "Parent Relationship": "Outer",
                  "Parallel Aware": false,
                  "Join Type": "Inner",
                  "Startup Cost": 270.29,
                  "Total Cost": 47122.32,
                  "Plan Rows": 2204,
                  "Plan Width": 0,
                  "Actual Startup Time": 5.957,
                  "Actual Total Time": 75.392,
                  "Actual Rows": 7154,
                  "Actual Loops": 4,
                  "Inner Unique": true,
                  "Plans": [
                    {
                      "Node Type": "Nested Loop",
                      "Parent Relationship": "Outer",
                      "Parallel Aware": false,
                      "Join Type": "Inner",
                      "Startup Cost": 269.86,
                      "Total Cost": 40236.81,
                      "Plan Rows": 11914,
                      "Plan Width": 8,
                      "Actual Startup Time": 5.818,
                      "Actual Total Time": 42.564,
                      "Actual Rows": 7154,
                      "Actual Loops": 4,
                      "Inner Unique": false,
                      "Plans": [
                        {
                          "Node Type": "Bitmap Heap Scan",
                          "Parent Relationship": "Outer",
                          "Parallel Aware": true,
                          "Relation Name": "movie_keyword",
                          "Alias": "mk",
                          "Startup Cost": 269.43,
                          "Total Cost": 21097.34,
                          "Plan Rows": 4037,
                          "Plan Width": 4,
                          "Actual Startup Time": 5.646,
                          "Actual Total Time": 19.326,
                          "Actual Rows": 3530,
                          "Actual Loops": 4,
                          "Recheck Cond": "(keyword_id = 1382)",
                          "Rows Removed by Index Recheck": 0,
                          "Exact Heap Blocks": 4582,
                          "Lossy Heap Blocks": 0,
                          "Plans": [
                            {
                              "Node Type": "Bitmap Index Scan",
                              "Parent Relationship": "Outer",
                              "Parallel Aware": false,
                              "Index Name": "keyword_id_movie_keyword",
                              "Startup Cost": 0.0,
                              "Total Cost": 266.3,
                              "Plan Rows": 12516,
                              "Plan Width": 0,
                              "Actual Startup Time": 8.555,
                              "Actual Total Time": 8.556,
                              "Actual Rows": 14120,
                              "Actual Loops": 1,
                              "Index Cond": "(keyword_id = 1382)"
                            }
                          ]
                        },
                        {
                          "Node Type": "Index Only Scan",
                          "Parent Relationship": "Inner",
                          "Parallel Aware": false,
                          "Scan Direction": "Forward",
                          "Index Name": "movie_id_movie_info_idx",
                          "Relation Name": "movie_info_idx",
                          "Alias": "mi_idx",
                          "Startup Cost": 0.43,
                          "Total Cost": 4.71,
                          "Plan Rows": 3,
                          "Plan Width": 4,
                          "Actual Startup Time": 0.005,
                          "Actual Total Time": 0.006,
                          "Actual Rows": 2,
                          "Actual Loops": 14120,
                          "Index Cond": "(movie_id = mk.movie_id)",
                          "Rows Removed by Index Recheck": 0,
                          "Heap Fetches": 28616
                        }
                      ]
                    },
                    {
                      "Node Type": "Index Only Scan",
                      "Parent Relationship": "Inner",
                      "Parallel Aware": false,
                      "Scan Direction": "Forward",
                      "Index Name": "title_pkey",
                      "Relation Name": "title",
                      "Alias": "t",
                      "Startup Cost": 0.43,
                      "Total Cost": 0.58,
                      "Plan Rows": 1,
                      "Plan Width": 4,
                      "Actual Startup Time": 0.004,
                      "Actual Total Time": 0.004,
                      "Actual Rows": 1,
                      "Actual Loops": 28616,
                      "Index Cond": "(id = mi_idx.movie_id)",
                      "Rows Removed by Index Recheck": 0,
                      "Heap Fetches": 28616
                    }
                  ]
                }
              ]
            }
          ]
        }
      ]
    },
    "Planning Time": 1.319,
    "Triggers": [],
    "Execution Time": 96.563
  }
]