[
  {
    "Plan": {
      "Node Type": "Aggregate",
      "Strategy": "Plain",
      "Partial Mode": "Finalize",
      "Parallel Aware": false,
      "Startup Cost": 109010.93,
      "Total Cost": 109010.94,
      "Plan Rows": 1,
      "Plan Width": 8,
      "Actual Startup Time": 661.33,
      "Actual Total Time": 679.76,
      "Actual Rows": 1,
      "Actual Loops": 1,
      "Plans": [
        {
          "Node Type": "Gather",
          "Parent Relationship": "Outer",
          "Parallel Aware": false,
          "Startup Cost": 109010.71,
          "Total Cost": 109010.92,
          "Plan Rows": 2,
          "Plan Width": 8,
          "Actual Startup Time": 656.846,
          "Actual Total Time": 679.752,
          "Actual Rows": 3,
          "Actual Loops": 1,
          "Workers Planned": 2,
          "Workers Launched": 2,
          "Single Copy": false,
          "Plans": [
            {
              "Node Type": "Aggregate",
              "Strategy": "Plain",
              "Partial Mode": "Partial",
              "Parent Relationship": "Outer",
              "Parallel Aware": false,
              "Startup Cost": 108010.71,
              "Total Cost": 108010.72,
              "Plan Rows": 1,
              "Plan Width": 8,
              "Actual Startup Time": 649.441,
              "Actual Total Time": 649.805,
              "Actual Rows": 1,
              "Actual Loops": 3,
              "Plans": [
                {
                  "Node Type": "Hash Join",
                  "Parent Relationship": "Outer",
                  "Parallel Aware": true,
                  "Join Type": "Inner",
                  "Startup Cost": 91918.38,
                  "Total Cost": 107901.17,
                  "Plan Rows": 43815,
                  "Plan Width": 0,
                  "Actual Startup Time": 483.733,
                  "Actual Total Time": 624.078,
                  "Actual Rows": 568841,
                  "Actual Loops": 3,
                  "Inner Unique": false,
                  "Hash Cond": "(mi_idx.movie_id = t.id)",
                  "Plans": [
                    {
                      "Node Type": "Seq Scan",
                      "Parent Relationship": "Outer",
                      "Parallel Aware": true,
                      "Relation Name": "movie_info_idx",
                      "Alias": "mi_idx",
                      "Startup Cost": 0.0,
                      "Total Cost": 13685.15,
                      "Plan Rows": 575015,
                      "Plan Width": 4,
                      "Actual Startup Time": 0.017,
                      "Actual Total Time": 41.996,
                      "Actual Rows": 460012,
                      "Actual Loops": 3
                    },
                    {
                      "Node Type": "Hash",
                      "Parent Relationship": "Inner",
                      "Parallel Aware": true,
                      "Startup Cost": 91141.52,
                      "Total Cost": 91141.52,
                      "Plan Rows": 62149,
                      "Plan Width": 8,
                      "Actual Startup Time": 481.738,
                      "Actual Total Time": 482.099,
                      "Actual Rows": 222985,
                      "Actual Loops": 3,
                      "Hash Buckets": 1048576,
                      "Original Hash Buckets": 262144,
                      "Hash Batches": 1,
                      "Original Hash Batches": 1,
                      "Peak Memory Usage": 40544,
                      "Plans": [
                        {
                          "Node Type": "Hash Join",
                          "Parent Relationship": "Outer",
                          "Parallel Aware": true,
                          "Join Type": "Inner",
                          "Startup Cost": 46008.44,
                          "Total Cost": 91141.52,
                          "Plan Rows": 62149,
                          "Plan Width": 8,
                          "Actual Startup Time": 153.399,
                          "Actual Total Time": 416.564,
                          "Actual Rows": 222985,
                          "Actual Loops": 3,
                          "Inner Unique": true,
                          "Hash Cond": "(mk.movie_id = t.id)",
                          "Plans": [
                            {
                              "Node Type": "Seq Scan",
                              "Parent Relationship": "Outer",
                              "Parallel Aware": true,
                              "Relation Name": "movie_keyword",
                              "Alias": "mk",
                              "Startup Cost": 0.0,
                              "Total Cost": 42695.65,
                              "Plan Rows": 928545,
                              "Plan Width": 4,
                              "Actual Startup Time": 0.206,
                              "Actual Total Time": 155.702,
                              "Actual Rows": 961010,
                              "Actual Loops": 3,
                              "Filter": "(keyword_id > 2488)",
                              "Rows Removed by Filter": 546966
                            },
                            {
                              "Node Type": "Hash",
                              "Parent Relationship": "Inner",
                              "Parallel Aware": true,
                              "Startup Cost": 45479.59,
                              "Total Cost": 45479.59,
                              "Plan Rows": 42308,
                              "Plan Width": 4,
                              "Actual Startup Time": 152.431,
                              "Actual Total Time": 152.432,
                              "Actual Rows": 94008,
                              "Actual Loops": 3,
                              "Hash Buckets": 524288,
                              "Original Hash Buckets": 262144,
                              "Hash Batches": 1,
                              "Original Hash Batches": 1,
                              "Peak Memory Usage": 17248,
                              "Plans": [
                                {
                                  "Node Type": "Seq Scan",
                                  "Parent Relationship": "Outer",
                                  "Parallel Aware": true,
                                  "Relation Name": "title",
                                  "Alias": "t",
                                  "Startup Cost": 0.0,
                                  "Total Cost": 45479.59,
                                  "Plan Rows": 42308,
                                  "Plan Width": 4,
                                  "Actual Startup Time": 0.142,
                                  "Actual Total Time": 119.817,
                                  "Actual Rows": 94008,
                                  "Actual Loops": 3,
                                  "Filter": "((kind_id < 7) AND (production_year < 1976))",
                                  "Rows Removed by Filter": 748762
                                }
                              ]
                            }
                          ]
                        }
                      ]
                    }
                  ]
                }
              ]
            }
          ]
        }
      ]
    },
    "Planning Time": 0.429,
    "Triggers": [],
    "Execution Time": 679.799
  }
]