[
  {
    "Plan": {
      "Node Type": "Aggregate",
      "Strategy": "Plain",
      "Partial Mode": "Finalize",
      "Parallel Aware": false,
      "Startup Cost": 31175.69,
      "Total Cost": 31175.7,
      "Plan Rows": 1,
      "Plan Width": 8,
      "Actual Startup Time": 90.315,
      "Actual Total Time": 96.611,
      "Actual Rows": 1,
      "Actual Loops": 1,
      "Plans": [
        {
          "Node Type": "Gather",
          "Parent Relationship": "Outer",
          "Parallel Aware": false,
          "Startup Cost": 31175.37,
          "Total Cost": 31175.68,
          "Plan Rows": 3,
          "Plan Width": 8,
          "Actual Startup Time": 90.187,
          "Actual Total Time": 96.604,
          "Actual Rows": 4,
          "Actual Loops": 1,
          "Workers Planned": 3,
          "Workers Launched": 3,
          "Single Copy": false,
          "Plans": [
            {
              "Node Type": "Aggregate",
              "Strategy": "Plain",
              "Partial Mode": "Partial",
              "Parent Relationship": "Outer",
              "Parallel Aware": false,
              "Startup Cost": 30175.37,
              "Total Cost": 30175.38,
              "Plan Rows": 1,
              "Plan Width": 8,
              "Actual Startup Time": 84.353,
              "Actual Total Time": 84.354,
              "Actual Rows": 1,
              "Actual Loops": 4,
              "Plans": [
                {
                  "Node Type": "Seq Scan",
                  "Parent Relationship": "Outer",
                  "Parallel Aware": true,
                  "Relation Name": "movie_companies",
                  "Alias": "mc",
                  "Startup Cost": 0.0,
                  "Total Cost": 29310.68,
                  "Plan Rows": 345875,
                  "Plan Width": 0,
                  "Actual Startup Time": 0.035,
                  "Actual Total Time": 69.106,
                  "Actual Rows": 267474,
                  "Actual Loops": 4,
                  "Filter": "(company_id < 6626)",
                  "Rows Removed by Filter": 384808
                }
              ]
            }
          ]
        }
      ]
    },
    "Planning Time": 0.118,
    "Triggers": [],
    "Execution Time": 96.648
  }
]