[
  {
    "Plan": {
      "Node Type": "Aggregate",
      "Strategy": "Plain",
      "Partial Mode": "Finalize",
      "Parallel Aware": false,
      "Startup Cost": 123979.26,
      "Total Cost": 123979.27,
      "Plan Rows": 1,
      "Plan Width": 8,
      "Actual Startup Time": 763.1,
      "Actual Total Time": 775.22,
      "Actual Rows": 1,
      "Actual Loops": 1,
      "Plans": [
        {
          "Node Type": "Gather",
          "Parent Relationship": "Outer",
          "Parallel Aware": false,
          "Startup Cost": 123978.94,
          "Total Cost": 123979.25,
          "Plan Rows": 3,
          "Plan Width": 8,
          "Actual Startup Time": 761.044,
          "Actual Total Time": 775.215,
          "Actual Rows": 4,
          "Actual Loops": 1,
          "Workers Planned": 3,
          "Workers Launched": 3,
          "Single Copy": false,
          "Plans": [
            {
              "Node Type": "Aggregate",
              "Strategy": "Plain",
              "Partial Mode": "Partial",
              "Parent Relationship": "Outer",
              "Parallel Aware": false,
              "Startup Cost": 122978.94,
              "Total Cost": 122978.95,
              "Plan Rows": 1,
              "Plan Width": 8,
              "Actual Startup Time": 757.882,
              "Actual Total Time": 757.887,
              "Actual Rows": 1,
              "Actual Loops": 4,
              "Plans": [
                {
                  "Node Type": "Hash Join",
                  "Parent Relationship": "Outer",
                  "Parallel Aware": true,
                  "Join Type": "Inner",
                  "Startup Cost": 77322.77,
                  "Total Cost": 122482.79,
                  "Plan Rows": 198462,
                  "Plan Width": 0,
                  "Actual Startup Time": 302.409,
                  "Actual Total Time": 638.486,
                  "Actual Rows": 2995660,
                  "Actual Loops": 4,
                  "Inner Unique": false,
                  "Hash Cond": "(mk.movie_id = t.id)",
                  "Plans": [
                    {
                      "Node Type": "Seq Scan",
                      "Parent Relationship": "Outer",
                      "Parallel Aware": true,
                      "Relation Name": "movie_keyword",
                      "Alias": "mk",
                      "Startup Cost": 0.0,
                      "Total Cost": 39047.32,
                      "Plan Rows": 1459332,
                      "Plan Width": 4,
                      "Actual Startup Time": 0.016,
                      "Actual Total Time": 80.065,
                      "Actual Rows": 1130982,
                      "Actual Loops": 4
                    },
                    {
                      "Node Type": "Hash",
                      "Parent Relationship": "Inner",
                      "Parallel Aware": true,
                      "Startup Cost": 75936.32,
                      "Total Cost": 75936.32,
                      "Plan Rows": 110916,
                      "Plan Width": 8,
                      "Actual Startup Time": 266.798,
                      "Actual Total Time": 266.802,
                      "Actual Rows": 109835,
                      "Actual Loops": 4,
                      "Hash Buckets": 524288,
                      "Original Hash Buckets": 524288,
                      "Hash Batches": 1,
                      "Original Hash Batches": 1,
                      "Peak Memory Usage": 21344,
                      "Plans": [
                        {
                          "Node Type": "Hash Join",
                          "Parent Relationship": "Outer",
                          "Parallel Aware": true,
                          "Join Type": "Inner",
                          "Startup Cost": 46520.43,
                          "Total Cost": 75936.32,
                          "Plan Rows": 110916,
                          "Plan Width": 8,
                          "Actual Startup Time": 122.406,
                          "Actual Total Time": 239.055,
                          "Actual Rows": 109835,
                          "Actual Loops": 4,
                          "Inner Unique": true,
                          "Hash Cond": "(mc.movie_id = t.id)",
                          "Plans": [
                            {
                              "Node Type": "Seq Scan",
                              "Parent Relationship": "Outer",
                              "Parallel Aware": true,
                              "Relation Name": "movie_companies",
                              "Alias": "mc",
                              "Startup Cost": 0.0,
                              "Total Cost": 27206.55,
                              "Plan Rows": 841655,
                              "Plan Width": 4,
                              "Actual Startup Time": 0.018,
                              "Actual Total Time": 52.528,
                              "Actual Rows": 652282,
                              "Actual Loops": 4
                            },
                            {
                              "Node Type": "Hash",
                              "Parent Relationship": "Inner",
                              "Parallel Aware": true,
                              "Startup Cost": 45479.21,
                              "Total Cost": 45479.21,
                              "Plan Rows": 83298,
                              "Plan Width": 4,
                              "Actual Startup Time": 97.672,
                              "Actual Total Time": 97.673,
                              "Actual Rows": 63893,
                              "Actual Loops": 4,
                              "Hash Buckets": 524288,
                              "Original Hash Buckets": 524288,
                              "Hash Batches": 1,
                              "Original Hash Batches": 1,
                              "Peak Memory Usage": 14176,
                              "Plans": [
                                {
                                  "Node Type": "Seq Scan",
                                  "Parent Relationship": "Outer",
                                  "Parallel Aware": true,
                                  "Relation Name": "title",
                                  "Alias": "t",
                                  "Startup Cost": 0.0,
                                  "Total Cost": 45479.21,
                                  "Plan Rows": 83298,
                                  "Plan Width": 4,
                                  "Actual Startup Time": 30.767,
                                  "Actual Total Time": 76.09,
                                  "Actual Rows": 63893,
                                  "Actual Loops": 4,
                                  "Filter": "((kind_id < 2) AND (production_year > 2002))",
                                  "Rows Removed by Filter": 568185
                                }
                              ]
                            }
                          ]
                        }
                      ]
                    }
                  ]
                }
              ]
            }
          ]
        }
      ]
    },
    "Planning Time": 0.411,
    "Triggers": [],
    "Execution Time": 775.252
  }
]