{
  "Plan": {
    "Node Type": "Aggregate",
    "Strategy": "Plain",
    "Partial Mode": "Finalize",
    "Parallel Aware": false,
    "Startup Cost": 428679.86,
    "Total Cost": 428679.87,
    "Plan Rows": 1,
    "Plan Width": 8,
    "Actual Startup Time": 4122.324,
    "Actual Total Time": 4168.871,
    "Actual Rows": 1,
    "Actual Loops": 1,
    "Plans": [
      {
        "Node Type": "Gather",
        "Parent Relationship": "Outer",
        "Parallel Aware": false,
        "Startup Cost": 428679.75,
        "Total Cost": 428679.86,
        "Plan Rows": 1,
        "Plan Width": 8,
        "Actual Startup Time": 4117.305,
        "Actual Total Time": 4168.862,
        "Actual Rows": 2,
        "Actual Loops": 1,
        "Workers Planned": 1,
        "Workers Launched": 1,
        "Single Copy": false,
        "Plans": [
          {
            "Node Type": "Aggregate",
            "Strategy": "Plain",
            "Partial Mode": "Partial",
            "Parent Relationship": "Outer",
            "Parallel Aware": false,
            "Startup Cost": 427679.75,
            "Total Cost": 427679.76,
            "Plan Rows": 1,
            "Plan Width": 8,
            "Actual Startup Time": 4110.767,
            "Actual Total Time": 4110.774,
            "Actual Rows": 1,
            "Actual Loops": 2,
            "Plans": [
              {
                "Node Type": "Hash Join",
                "Parent Relationship": "Outer",
                "Parallel Aware": true,
                "Join Type": "Inner",
                "Startup Cost": 130978.66,
                "Total Cost": 424061.12,
                "Plan Rows": 1447449,
                "Plan Width": 0,
                "Actual Startup Time": 946.562,
                "Actual Total Time": 3335.93,
                "Actual Rows": 19327126,
                "Actual Loops": 2,
                "Inner Unique": false,
                "Hash Cond": "(mi.movie_id = t.id)",
                "Plans": [
                  {
                    "Node Type": "Seq Scan",
                    "Parent Relationship": "Outer",
                    "Parallel Aware": true,
                    "Relation Name": "movie_info",
                    "Alias": "mi",
                    "Startup Cost": 0.0,
                    "Total Cost": 270696.42,
                    "Plan Rows": 3699105,
                    "Plan Width": 4,
                    "Actual Startup Time": 32.708,
                    "Actual Total Time": 652.925,
                    "Actual Rows": 3111747,
                    "Actual Loops": 2,
                    "Filter": "(info_type_id > 8)",
                    "Rows Removed by Filter": 4306113
                  },
                  {
                    "Node Type": "Hash",
                    "Parent Relationship": "Inner",
                    "Parallel Aware": true,
                    "Startup Cost": 123704.3,
                    "Total Cost": 123704.3,
                    "Plan Rows": 581949,
                    "Plan Width": 8,
                    "Actual Startup Time": 901.169,
                    "Actual Total Time": 901.174,
                    "Actual Rows": 489882,
                    "Actual Loops": 2,
                    "Hash Buckets": 1048576,
                    "Original Hash Buckets": 1048576,
                    "Hash Batches": 1,
                    "Original Hash Batches": 1,
                    "Peak Memory Usage": 46528,
                    "Plans": [
                      {
                        "Node Type": "Hash Join",
                        "Parent Relationship": "Outer",
                        "Parallel Aware": true,
                        "Join Type": "Inner",
                        "Startup Cost": 90448.32,
                        "Total Cost": 123704.3,
                        "Plan Rows": 581949,
                        "Plan Width": 8,
                        "Actual Startup Time": 597.187,
                        "Actual Total Time": 803.253,
                        "Actual Rows": 489882,
                        "Actual Loops": 2,
                        "Inner Unique": true,
                        "Hash Cond": "(mk.movie_id = t.id)",
                        "Plans": [
                          {
                            "Node Type": "Bitmap Heap Scan",
                            "Parent Relationship": "Outer",
                            "Parallel Aware": true,
                            "Relation Name": "movie_keyword",
                            "Alias": "mk",
                            "Startup Cost": 20987.62,
                            "Total Cost": 52715.98,
                            "Plan Rows": 581949,
                            "Plan Width": 4,
                            "Actual Startup Time": 53.966,
                            "Actual Total Time": 141.339,
                            "Actual Rows": 489882,
                            "Actual Loops": 2,
                            "Recheck Cond": "(keyword_id > 18993)",
                            "Rows Removed by Index Recheck": 0,
                            "Exact Heap Blocks": 12976,
                            "Lossy Heap Blocks": 0,
                            "Plans": [
                              {
                                "Node Type": "Bitmap Index Scan",
                                "Parent Relationship": "Outer",
                                "Parallel Aware": false,
                                "Index Name": "keyword_id_movie_keyword",
                                "Startup Cost": 0.0,
                                "Total Cost": 20740.29,
                                "Plan Rows": 989314,
                                "Plan Width": 0,
                                "Actual Startup Time": 50.383,
                                "Actual Total Time": 50.383,
                                "Actual Rows": 979764,
                                "Actual Loops": 1,
                                "Index Cond": "(keyword_id > 18993)"
                              }
                            ]
                          },
                          {
                            "Node Type": "Hash",
                            "Parent Relationship": "Inner",
                            "Parallel Aware": true,
                            "Startup Cost": 50870.31,
                            "Total Cost": 50870.31,
                            "Plan Rows": 1487231,
                            "Plan Width": 4,
                            "Actual Startup Time": 527.523,
                            "Actual Total Time": 527.524,
                            "Actual Rows": 1264156,
                            "Actual Loops": 2,
                            "Hash Buckets": 4194304,
                            "Original Hash Buckets": 4194304,
                            "Hash Batches": 1,
                            "Original Hash Batches": 1,
                            "Peak Memory Usage": 131712,
                            "Plans": [
                              {
                                "Node Type": "Seq Scan",
                                "Parent Relationship": "Outer",
                                "Parallel Aware": true,
                                "Relation Name": "title",
                                "Alias": "t",
                                "Startup Cost": 0.0,
                                "Total Cost": 50870.31,
                                "Plan Rows": 1487231,
                                "Plan Width": 4,
                                "Actual Startup Time": 0.032,
                                "Actual Total Time": 148.697,
                                "Actual Rows": 1264156,
                                "Actual Loops": 2
                              }
                            ]
                          }
                        ]
                      }
                    ]
                  }
                ]
              }
            ]
          }
        ]
      }
    ]
  },
  "Planning Time": 0.946,
  "Triggers": [],
  "Execution Time": 4168.979
}