{
    "Plan": {
        "Node Type": "Aggregate",
        "Strategy": "Plain",
        "Partial Mode": "Simple",
        "Parallel Aware": false,
        "Startup Cost": 70002277830.01,
        "Total Cost": 70002277830.02,
        "Plan Rows": 1,
        "Plan Width": 96,
        "Actual Startup Time": 2258.273,
        "Actual Total Time": 2361.646,
        "Actual Rows": 1,
        "Actual Loops": 1,
        "Output": [
            "min(cn.name)",
            "min((lt.link)::text)",
            "min(t.title)"
        ],
        "Plans": [
            {
                "Node Type": "Nested Loop",
                "Parent Relationship": "Outer",
                "Parallel Aware": false,
                "Join Type": "Inner",
                "Startup Cost": 70002227175.91,
                "Total Cost": 70002277830.01,
                "Plan Rows": 1,
                "Plan Width": 48,
                "Actual Startup Time": 2172.721,
                "Actual Total Time": 2361.578,
                "Actual Rows": 152,
                "Actual Loops": 1,
                "Output": [
                    "cn.name",
                    "lt.link",
                    "t.title"
                ],
                "Inner Unique": true,
                "Plans": [
                    {
                        "Node Type": "Hash Join",
                        "Parent Relationship": "Outer",
                        "Parallel Aware": false,
                        "Join Type": "Inner",
                        "Startup Cost": 60002227175.48,
                        "Total Cost": 60002277790.45,
                        "Plan Rows": 8,
                        "Plan Width": 52,
                        "Actual Startup Time": 2172.691,
                        "Actual Total Time": 2353.439,
                        "Actual Rows": 1900,
                        "Actual Loops": 1,
                        "Output": [
                            "cn.name",
                            "mk.keyword_id",
                            "lt.link",
                            "t.title"
                        ],
                        "Inner Unique": false,
                        "Hash Cond": "(t.id = ml.movie_id)",
                        "Plans": [
                            {
                                "Node Type": "Gather",
                                "Parent Relationship": "Outer",
                                "Parallel Aware": false,
                                "Startup Cost": 1000.0,
                                "Total Cost": 48480.81,
                                "Plan Rows": 35818,
                                "Plan Width": 21,
                                "Actual Startup Time": 0.341,
                                "Actual Total Time": 85.683,
                                "Actual Rows": 38955,
                                "Actual Loops": 1,
                                "Output": [
                                    "t.title",
                                    "t.id"
                                ],
                                "Workers Planned": 4,
                                "Workers Launched": 4,
                                "Single Copy": false,
                                "Plans": [
                                    {
                                        "Node Type": "Seq Scan",
                                        "Parent Relationship": "Outer",
                                        "Parallel Aware": true,
                                        "Relation Name": "title",
                                        "Schema": "public",
                                        "Alias": "t",
                                        "Startup Cost": 0.0,
                                        "Total Cost": 43899.01,
                                        "Plan Rows": 8954,
                                        "Plan Width": 21,
                                        "Actual Startup Time": 0.107,
                                        "Actual Total Time": 95.465,
                                        "Actual Rows": 7791,
                                        "Actual Loops": 5,
                                        "Output": [
                                            "t.title",
                                            "t.id"
                                        ],
                                        "Filter": "(t.production_year = 1997)",
                                        "Rows Removed by Filter": 497871,
                                        "Workers": [
                                            {
                                                "Worker Number": 0,
                                                "Actual Startup Time": 0.07,
                                                "Actual Total Time": 105.098,
                                                "Actual Rows": 6885,
                                                "Actual Loops": 1
                                            },
                                            {
                                                "Worker Number": 1,
                                                "Actual Startup Time": 0.083,
                                                "Actual Total Time": 101.236,
                                                "Actual Rows": 5959,
                                                "Actual Loops": 1
                                            },
                                            {
                                                "Worker Number": 2,
                                                "Actual Startup Time": 0.202,
                                                "Actual Total Time": 101.658,
                                                "Actual Rows": 6675,
                                                "Actual Loops": 1
                                            },
                                            {
                                                "Worker Number": 3,
                                                "Actual Startup Time": 0.169,
                                                "Actual Total Time": 101.48,
                                                "Actual Rows": 6631,
                                                "Actual Loops": 1
                                            }
                                        ]
                                    }
                                ]
                            },
                            {
                                "Node Type": "Hash",
                                "Parent Relationship": "Inner",
                                "Parallel Aware": false,
                                "Startup Cost": 60002226168.35,
                                "Total Cost": 60002226168.35,
                                "Plan Rows": 571,
                                "Plan Width": 55,
                                "Actual Startup Time": 2172.208,
                                "Actual Total Time": 2264.032,
                                "Actual Rows": 3656,
                                "Actual Loops": 1,
                                "Output": [
                                    "cc.movie_id",
                                    "mc.movie_id",
                                    "cn.name",
                                    "mi.movie_id",
                                    "mk.movie_id",
                                    "mk.keyword_id",
                                    "ml.movie_id",
                                    "lt.link"
                                ],
                                "Hash Buckets": 4096,
                                "Original Hash Buckets": 1024,
                                "Hash Batches": 1,
                                "Original Hash Batches": 1,
                                "Peak Memory Usage": 365,
                                "Plans": [
                                    {
                                        "Node Type": "Hash Join",
                                        "Parent Relationship": "Outer",
                                        "Parallel Aware": false,
                                        "Join Type": "Inner",
                                        "Startup Cost": 60001039093.21,
                                        "Total Cost": 60002226168.35,
                                        "Plan Rows": 571,
                                        "Plan Width": 55,
                                        "Actual Startup Time": 2112.778,
                                        "Actual Total Time": 2263.245,
                                        "Actual Rows": 3656,
                                        "Actual Loops": 1,
                                        "Output": [
                                            "cc.movie_id",
                                            "mc.movie_id",
                                            "cn.name",
                                            "mi.movie_id",
                                            "mk.movie_id",
                                            "mk.keyword_id",
                                            "ml.movie_id",
                                            "lt.link"
                                        ],
                                        "Inner Unique": false,
                                        "Hash Cond": "(ml.link_type_id = lt.id)",
                                        "Plans": [
                                            {
                                                "Node Type": "Hash Join",
                                                "Parent Relationship": "Outer",
                                                "Parallel Aware": false,
                                                "Join Type": "Inner",
                                                "Startup Cost": 50001039091.97,
                                                "Total Cost": 50002226122.84,
                                                "Plan Rows": 10282,
                                                "Plan Width": 47,
                                                "Actual Startup Time": 2112.758,
                                                "Actual Total Time": 2261.876,
                                                "Actual Rows": 21403,
                                                "Actual Loops": 1,
                                                "Output": [
                                                    "cc.movie_id",
                                                    "mc.movie_id",
                                                    "cn.name",
                                                    "mi.movie_id",
                                                    "mk.movie_id",
                                                    "mk.keyword_id",
                                                    "ml.link_type_id",
                                                    "ml.movie_id"
                                                ],
                                                "Inner Unique": true,
                                                "Hash Cond": "(cc.subject_id = cct1.id)",
                                                "Plans": [
                                                    {
                                                        "Node Type": "Nested Loop",
                                                        "Parent Relationship": "Outer",
                                                        "Parallel Aware": false,
                                                        "Join Type": "Inner",
                                                        "Startup Cost": 40001039079.75,
                                                        "Total Cost": 40002225999.42,
                                                        "Plan Rows": 20567,
                                                        "Plan Width": 51,
                                                        "Actual Startup Time": 2112.743,
                                                        "Actual Total Time": 2259.164,
                                                        "Actual Rows": 21403,
                                                        "Actual Loops": 1,
                                                        "Output": [
                                                            "cc.movie_id",
                                                            "cc.subject_id",
                                                            "mc.movie_id",
                                                            "cn.name",
                                                            "mi.movie_id",
                                                            "mk.movie_id",
                                                            "mk.keyword_id",
                                                            "ml.link_type_id",
                                                            "ml.movie_id"
                                                        ],
                                                        "Inner Unique": true,
                                                        "Join Filter": "(mc.company_type_id = ct.id)",
                                                        "Rows Removed by Join Filter": 935,
                                                        "Plans": [
                                                            {
                                                                "Node Type": "Hash Join",
                                                                "Parent Relationship": "Outer",
                                                                "Parallel Aware": false,
                                                                "Join Type": "Inner",
                                                                "Startup Cost": 40001039079.62,
                                                                "Total Cost": 40002224753.16,
                                                                "Plan Rows": 82271,
                                                                "Plan Width": 55,
                                                                "Actual Startup Time": 2111.353,
                                                                "Actual Total Time": 2255.414,
                                                                "Actual Rows": 22338,
                                                                "Actual Loops": 1,
                                                                "Output": [
                                                                    "cc.movie_id",
                                                                    "cc.subject_id",
                                                                    "mc.movie_id",
                                                                    "mc.company_type_id",
                                                                    "cn.name",
                                                                    "mi.movie_id",
                                                                    "mk.movie_id",
                                                                    "mk.keyword_id",
                                                                    "ml.link_type_id",
                                                                    "ml.movie_id"
                                                                ],
                                                                "Inner Unique": false,
                                                                "Hash Cond": "(cn.id = mc.company_id)",
                                                                "Plans": [
                                                                    {
                                                                        "Node Type": "Seq Scan",
                                                                        "Parent Relationship": "Outer",
                                                                        "Parallel Aware": false,
                                                                        "Relation Name": "company_name",
                                                                        "Schema": "public",
                                                                        "Alias": "cn",
                                                                        "Startup Cost": 10000000000.0,
                                                                        "Total Cost": 10000007107.45,
                                                                        "Plan Rows": 50732,
                                                                        "Plan Width": 23,
                                                                        "Actual Startup Time": 0.009,
                                                                        "Actual Total Time": 41.22,
                                                                        "Actual Rows": 48302,
                                                                        "Actual Loops": 1,
                                                                        "Output": [
                                                                            "cn.id",
                                                                            "cn.name",
                                                                            "cn.country_code",
                                                                            "cn.imdb_id",
                                                                            "cn.name_pcode_nf",
                                                                            "cn.name_pcode_sf",
                                                                            "cn.md5sum"
                                                                        ],
                                                                        "Filter": "(((cn.country_code)::text <> '[pl]'::text) AND ((cn.name ~~ '%Film%'::text) OR (cn.name ~~ '%Warner%'::text)))",
                                                                        "Rows Removed by Filter": 186695
                                                                    },
                                                                    {
                                                                        "Node Type": "Hash",
                                                                        "Parent Relationship": "Inner",
                                                                        "Parallel Aware": false,
                                                                        "Startup Cost": 30001034315.98,
                                                                        "Total Cost": 30001034315.98,
                                                                        "Plan Rows": 381091,
                                                                        "Plan Width": 40,
                                                                        "Actual Startup Time": 2110.573,
                                                                        "Actual Total Time": 2202.387,
                                                                        "Actual Rows": 125795,
                                                                        "Actual Loops": 1,
                                                                        "Output": [
                                                                            "cc.movie_id",
                                                                            "cc.subject_id",
                                                                            "mc.movie_id",
                                                                            "mc.company_type_id",
                                                                            "mc.company_id",
                                                                            "mi.movie_id",
                                                                            "mk.movie_id",
                                                                            "mk.keyword_id",
                                                                            "ml.link_type_id",
                                                                            "ml.movie_id"
                                                                        ],
                                                                        "Hash Buckets": 524288,
                                                                        "Original Hash Buckets": 524288,
                                                                        "Hash Batches": 1,
                                                                        "Original Hash Batches": 1,
                                                                        "Peak Memory Usage": 12941,
                                                                        "Plans": [
                                                                            {
                                                                                "Node Type": "Merge Join",
                                                                                "Parent Relationship": "Outer",
                                                                                "Parallel Aware": false,
                                                                                "Join Type": "Inner",
                                                                                "Startup Cost": 30001022871.3,
                                                                                "Total Cost": 30001034315.98,
                                                                                "Plan Rows": 381091,
                                                                                "Plan Width": 40,
                                                                                "Actual Startup Time": 2066.522,
                                                                                "Actual Total Time": 2181.29,
                                                                                "Actual Rows": 125795,
                                                                                "Actual Loops": 1,
                                                                                "Output": [
                                                                                    "cc.movie_id",
                                                                                    "cc.subject_id",
                                                                                    "mc.movie_id",
                                                                                    "mc.company_type_id",
                                                                                    "mc.company_id",
                                                                                    "mi.movie_id",
                                                                                    "mk.movie_id",
                                                                                    "mk.keyword_id",
                                                                                    "ml.link_type_id",
                                                                                    "ml.movie_id"
                                                                                ],
                                                                                "Inner Unique": false,
                                                                                "Merge Cond": "(cct2.id = cc.status_id)",
                                                                                "Plans": [
                                                                                    {
                                                                                        "Node Type": "Index Scan",
                                                                                        "Parent Relationship": "Outer",
                                                                                        "Parallel Aware": false,
                                                                                        "Scan Direction": "Forward",
                                                                                        "Index Name": "comp_cast_type_pkey",
                                                                                        "Relation Name": "comp_cast_type",
                                                                                        "Schema": "public",
                                                                                        "Alias": "cct2",
                                                                                        "Startup Cost": 0.13,
                                                                                        "Total Cost": 12.2,
                                                                                        "Plan Rows": 1,
                                                                                        "Plan Width": 4,
                                                                                        "Actual Startup Time": 0.007,
                                                                                        "Actual Total Time": 0.014,
                                                                                        "Actual Rows": 1,
                                                                                        "Actual Loops": 1,
                                                                                        "Output": [
                                                                                            "cct2.id",
                                                                                            "cct2.kind"
                                                                                        ],
                                                                                        "Filter": "((cct2.kind)::text = 'complete'::text)",
                                                                                        "Rows Removed by Filter": 3
                                                                                    },
                                                                                    {
                                                                                        "Node Type": "Sort",
                                                                                        "Parent Relationship": "Inner",
                                                                                        "Parallel Aware": false,
                                                                                        "Startup Cost": 30001022871.17,
                                                                                        "Total Cost": 30001026682.04,
                                                                                        "Plan Rows": 1524348,
                                                                                        "Plan Width": 44,
                                                                                        "Actual Startup Time": 2066.509,
                                                                                        "Actual Total Time": 2163.737,
                                                                                        "Actual Rows": 125796,
                                                                                        "Actual Loops": 1,
                                                                                        "Output": [
                                                                                            "cc.movie_id",
                                                                                            "cc.subject_id",
                                                                                            "cc.status_id",
                                                                                            "mc.movie_id",
                                                                                            "mc.company_type_id",
                                                                                            "mc.company_id",
                                                                                            "mi.movie_id",
                                                                                            "mk.movie_id",
                                                                                            "mk.keyword_id",
                                                                                            "ml.link_type_id",
                                                                                            "ml.movie_id"
                                                                                        ],
                                                                                        "Sort Key": [
                                                                                            "cc.status_id"
                                                                                        ],
                                                                                        "Sort Method": "quicksort",
                                                                                        "Sort Space Used": 25433,
                                                                                        "Sort Space Type": "Memory",
                                                                                        "Plans": [
                                                                                            {
                                                                                                "Node Type": "Merge Join",
                                                                                                "Parent Relationship": "Outer",
                                                                                                "Parallel Aware": false,
                                                                                                "Join Type": "Inner",
                                                                                                "Startup Cost": 30000770727.62,
                                                                                                "Total Cost": 30000866322.45,
                                                                                                "Plan Rows": 1524348,
                                                                                                "Plan Width": 44,
                                                                                                "Actual Startup Time": 1486.238,
                                                                                                "Actual Total Time": 2114.272,
                                                                                                "Actual Rows": 246893,
                                                                                                "Actual Loops": 1,
                                                                                                "Output": [
                                                                                                    "cc.movie_id",
                                                                                                    "cc.subject_id",
                                                                                                    "cc.status_id",
                                                                                                    "mc.movie_id",
                                                                                                    "mc.company_type_id",
                                                                                                    "mc.company_id",
                                                                                                    "mi.movie_id",
                                                                                                    "mk.movie_id",
                                                                                                    "mk.keyword_id",
                                                                                                    "ml.link_type_id",
                                                                                                    "ml.movie_id"
                                                                                                ],
                                                                                                "Inner Unique": false,
                                                                                                "Merge Cond": "(ml.movie_id = mk.movie_id)",
                                                                                                "Plans": [
                                                                                                    {
                                                                                                        "Node Type": "Sort",
                                                                                                        "Parent Relationship": "Outer",
                                                                                                        "Parallel Aware": false,
                                                                                                        "Startup Cost": 10000002693.63,
                                                                                                        "Total Cost": 10000002768.62,
                                                                                                        "Plan Rows": 29997,
                                                                                                        "Plan Width": 8,
                                                                                                        "Actual Startup Time": 6.336,
                                                                                                        "Actual Total Time": 7.742,
                                                                                                        "Actual Rows": 29997,
                                                                                                        "Actual Loops": 1,
                                                                                                        "Output": [
                                                                                                            "ml.link_type_id",
                                                                                                            "ml.movie_id"
                                                                                                        ],
                                                                                                        "Sort Key": [
                                                                                                            "ml.movie_id"
                                                                                                        ],
                                                                                                        "Sort Method": "quicksort",
                                                                                                        "Sort Space Used": 2175,
                                                                                                        "Sort Space Type": "Memory",
                                                                                                        "Plans": [
                                                                                                            {
                                                                                                                "Node Type": "Seq Scan",
                                                                                                                "Parent Relationship": "Outer",
                                                                                                                "Parallel Aware": false,
                                                                                                                "Relation Name": "movie_link",
                                                                                                                "Schema": "public",
                                                                                                                "Alias": "ml",
                                                                                                                "Startup Cost": 10000000000.0,
                                                                                                                "Total Cost": 10000000462.97,
                                                                                                                "Plan Rows": 29997,
                                                                                                                "Plan Width": 8,
                                                                                                                "Actual Startup Time": 0.01,
                                                                                                                "Actual Total Time": 2.65,
                                                                                                                "Actual Rows": 29997,
                                                                                                                "Actual Loops": 1,
                                                                                                                "Output": [
                                                                                                                    "ml.link_type_id",
                                                                                                                    "ml.movie_id"
                                                                                                                ]
                                                                                                            }
                                                                                                        ]
                                                                                                    },
                                                                                                    {
                                                                                                        "Node Type": "Materialize",
                                                                                                        "Parent Relationship": "Inner",
                                                                                                        "Parallel Aware": false,
                                                                                                        "Startup Cost": 20000768033.55,
                                                                                                        "Total Cost": 20004562986.61,
                                                                                                        "Plan Rows": 5056056,
                                                                                                        "Plan Width": 36,
                                                                                                        "Actual Startup Time": 1479.883,
                                                                                                        "Actual Total Time": 2066.326,
                                                                                                        "Actual Rows": 261720,
                                                                                                        "Actual Loops": 1,
                                                                                                        "Output": [
                                                                                                            "cc.movie_id",
                                                                                                            "cc.subject_id",
                                                                                                            "cc.status_id",
                                                                                                            "mc.movie_id",
                                                                                                            "mc.company_type_id",
                                                                                                            "mc.company_id",
                                                                                                            "mi.movie_id",
                                                                                                            "mk.movie_id",
                                                                                                            "mk.keyword_id"
                                                                                                        ],
                                                                                                        "Plans": [
                                                                                                            {
                                                                                                                "Node Type": "Merge Join",
                                                                                                                "Parent Relationship": "Outer",
                                                                                                                "Parallel Aware": false,
                                                                                                                "Join Type": "Inner",
                                                                                                                "Startup Cost": 20000768033.55,
                                                                                                                "Total Cost": 20004550346.47,
                                                                                                                "Plan Rows": 5056056,
                                                                                                                "Plan Width": 36,
                                                                                                                "Actual Startup Time": 1479.875,
                                                                                                                "Actual Total Time": 2049.822,
                                                                                                                "Actual Rows": 23100,
                                                                                                                "Actual Loops": 1,
                                                                                                                "Output": [
                                                                                                                    "cc.movie_id",
                                                                                                                    "cc.subject_id",
                                                                                                                    "cc.status_id",
                                                                                                                    "mc.movie_id",
                                                                                                                    "mc.company_type_id",
                                                                                                                    "mc.company_id",
                                                                                                                    "mi.movie_id",
                                                                                                                    "mk.movie_id",
                                                                                                                    "mk.keyword_id"
                                                                                                                ],
                                                                                                                "Inner Unique": false,
                                                                                                                "Merge Cond": "(cc.movie_id = mk.movie_id)",
                                                                                                                "Plans": [
                                                                                                                    {
                                                                                                                        "Node Type": "Sort",
                                                                                                                        "Parent Relationship": "Outer",
                                                                                                                        "Parallel Aware": false,
                                                                                                                        "Startup Cost": 10000013593.56,
                                                                                                                        "Total Cost": 10000013931.28,
                                                                                                                        "Plan Rows": 135086,
                                                                                                                        "Plan Width": 12,
                                                                                                                        "Actual Startup Time": 35.682,
                                                                                                                        "Actual Total Time": 36.155,
                                                                                                                        "Actual Rows": 5993,
                                                                                                                        "Actual Loops": 1,
                                                                                                                        "Output": [
                                                                                                                            "cc.movie_id",
                                                                                                                            "cc.subject_id",
                                                                                                                            "cc.status_id"
                                                                                                                        ],
                                                                                                                        "Sort Key": [
                                                                                                                            "cc.movie_id"
                                                                                                                        ],
                                                                                                                        "Sort Method": "quicksort",
                                                                                                                        "Sort Space Used": 12477,
                                                                                                                        "Sort Space Type": "Memory",
                                                                                                                        "Plans": [
                                                                                                                            {
                                                                                                                                "Node Type": "Seq Scan",
                                                                                                                                "Parent Relationship": "Outer",
                                                                                                                                "Parallel Aware": false,
                                                                                                                                "Relation Name": "complete_cast",
                                                                                                                                "Schema": "public",
                                                                                                                                "Alias": "cc",
                                                                                                                                "Startup Cost": 10000000000.0,
                                                                                                                                "Total Cost": 10000002081.86,
                                                                                                                                "Plan Rows": 135086,
                                                                                                                                "Plan Width": 12,
                                                                                                                                "Actual Startup Time": 0.012,
                                                                                                                                "Actual Total Time": 12.336,
                                                                                                                                "Actual Rows": 135086,
                                                                                                                                "Actual Loops": 1,
                                                                                                                                "Output": [
                                                                                                                                    "cc.movie_id",
                                                                                                                                    "cc.subject_id",
                                                                                                                                    "cc.status_id"
                                                                                                                                ]
                                                                                                                            }
                                                                                                                        ]
                                                                                                                    },
                                                                                                                    {
                                                                                                                        "Node Type": "Materialize",
                                                                                                                        "Parent Relationship": "Inner",
                                                                                                                        "Parallel Aware": false,
                                                                                                                        "Startup Cost": 10000754439.91,
                                                                                                                        "Total Cost": 10004212157.28,
                                                                                                                        "Plan Rows": 18116805,
                                                                                                                        "Plan Width": 24,
                                                                                                                        "Actual Startup Time": 1442.906,
                                                                                                                        "Actual Total Time": 2001.476,
                                                                                                                        "Actual Rows": 99974,
                                                                                                                        "Actual Loops": 1,
                                                                                                                        "Output": [
                                                                                                                            "mc.movie_id",
                                                                                                                            "mc.company_type_id",
                                                                                                                            "mc.company_id",
                                                                                                                            "mi.movie_id",
                                                                                                                            "mk.movie_id",
                                                                                                                            "mk.keyword_id"
                                                                                                                        ],
                                                                                                                        "Plans": [
                                                                                                                            {
                                                                                                                                "Node Type": "Gather Merge",
                                                                                                                                "Parent Relationship": "Outer",
                                                                                                                                "Parallel Aware": false,
                                                                                                                                "Startup Cost": 10000754439.91,
                                                                                                                                "Total Cost": 10004166865.27,
                                                                                                                                "Plan Rows": 18116805,
                                                                                                                                "Plan Width": 24,
                                                                                                                                "Actual Startup Time": 1442.899,
                                                                                                                                "Actual Total Time": 1985.182,
                                                                                                                                "Actual Rows": 92763,
                                                                                                                                "Actual Loops": 1,
                                                                                                                                "Output": [
                                                                                                                                    "mc.movie_id",
                                                                                                                                    "mc.company_type_id",
                                                                                                                                    "mc.company_id",
                                                                                                                                    "mi.movie_id",
                                                                                                                                    "mk.movie_id",
                                                                                                                                    "mk.keyword_id"
                                                                                                                                ],
                                                                                                                                "Workers Planned": 3,
                                                                                                                                "Workers Launched": 3,
                                                                                                                                "Plans": [
                                                                                                                                    {
                                                                                                                                        "Node Type": "Merge Join",
                                                                                                                                        "Parent Relationship": "Outer",
                                                                                                                                        "Parallel Aware": false,
                                                                                                                                        "Join Type": "Inner",
                                                                                                                                        "Startup Cost": 10000753439.87,
                                                                                                                                        "Total Cost": 10002037140.64,
                                                                                                                                        "Plan Rows": 5844131,
                                                                                                                                        "Plan Width": 24,
                                                                                                                                        "Actual Startup Time": 1401.856,
                                                                                                                                        "Actual Total Time": 1682.971,
                                                                                                                                        "Actual Rows": 24016,
                                                                                                                                        "Actual Loops": 4,
                                                                                                                                        "Output": [
                                                                                                                                            "mc.movie_id",
                                                                                                                                            "mc.company_type_id",
                                                                                                                                            "mc.company_id",
                                                                                                                                            "mi.movie_id",
                                                                                                                                            "mk.movie_id",
                                                                                                                                            "mk.keyword_id"
                                                                                                                                        ],
                                                                                                                                        "Inner Unique": false,
                                                                                                                                        "Merge Cond": "(mk.movie_id = mi.movie_id)",
                                                                                                                                        "Workers": [
                                                                                                                                            {
                                                                                                                                                "Worker Number": 0,
                                                                                                                                                "Actual Startup Time": 1389.854,
                                                                                                                                                "Actual Total Time": 1687.298,
                                                                                                                                                "Actual Rows": 16433,
                                                                                                                                                "Actual Loops": 1
                                                                                                                                            },
                                                                                                                                            {
                                                                                                                                                "Worker Number": 1,
                                                                                                                                                "Actual Startup Time": 1385.7,
                                                                                                                                                "Actual Total Time": 1722.354,
                                                                                                                                                "Actual Rows": 22254,
                                                                                                                                                "Actual Loops": 1
                                                                                                                                            },
                                                                                                                                            {
                                                                                                                                                "Worker Number": 2,
                                                                                                                                                "Actual Startup Time": 1389.37,
                                                                                                                                                "Actual Total Time": 1693.962,
                                                                                                                                                "Actual Rows": 22038,
                                                                                                                                                "Actual Loops": 1
                                                                                                                                            }
                                                                                                                                        ],
                                                                                                                                        "Plans": [
                                                                                                                                            {
                                                                                                                                                "Node Type": "Sort",
                                                                                                                                                "Parent Relationship": "Outer",
                                                                                                                                                "Parallel Aware": false,
                                                                                                                                                "Startup Cost": 10000753319.4,
                                                                                                                                                "Total Cost": 10000762857.27,
                                                                                                                                                "Plan Rows": 3815147,
                                                                                                                                                "Plan Width": 20,
                                                                                                                                                "Actual Startup Time": 1400.095,
                                                                                                                                                "Actual Total Time": 1402.914,
                                                                                                                                                "Actual Rows": 29100,
                                                                                                                                                "Actual Loops": 4,
                                                                                                                                                "Output": [
                                                                                                                                                    "mc.movie_id",
                                                                                                                                                    "mc.company_type_id",
                                                                                                                                                    "mc.company_id",
                                                                                                                                                    "mk.movie_id",
                                                                                                                                                    "mk.keyword_id"
                                                                                                                                                ],
                                                                                                                                                "Sort Key": [
                                                                                                                                                    "mc.movie_id"
                                                                                                                                                ],
                                                                                                                                                "Sort Method": "quicksort",
                                                                                                                                                "Sort Space Used": 304962,
                                                                                                                                                "Sort Space Type": "Memory",
                                                                                                                                                "Workers": [
                                                                                                                                                    {
                                                                                                                                                        "Worker Number": 0,
                                                                                                                                                        "Actual Startup Time": 1385.186,
                                                                                                                                                        "Actual Total Time": 1387.532,
                                                                                                                                                        "Actual Rows": 20430,
                                                                                                                                                        "Actual Loops": 1
                                                                                                                                                    },
                                                                                                                                                    {
                                                                                                                                                        "Worker Number": 1,
                                                                                                                                                        "Actual Startup Time": 1385.274,
                                                                                                                                                        "Actual Total Time": 1388.462,
                                                                                                                                                        "Actual Rows": 30094,
                                                                                                                                                        "Actual Loops": 1
                                                                                                                                                    },
                                                                                                                                                    {
                                                                                                                                                        "Worker Number": 2,
                                                                                                                                                        "Actual Startup Time": 1387.485,
                                                                                                                                                        "Actual Total Time": 1390.433,
                                                                                                                                                        "Actual Rows": 24644,
                                                                                                                                                        "Actual Loops": 1
                                                                                                                                                    }
                                                                                                                                                ],
                                                                                                                                                "Plans": [
                                                                                                                                                    {
                                                                                                                                                        "Node Type": "Hash Join",
                                                                                                                                                        "Parent Relationship": "Outer",
                                                                                                                                                        "Parallel Aware": true,
                                                                                                                                                        "Join Type": "Inner",
                                                                                                                                                        "Startup Cost": 10000057289.4,
                                                                                                                                                        "Total Cost": 10000336260.75,
                                                                                                                                                        "Plan Rows": 3815147,
                                                                                                                                                        "Plan Width": 20,
                                                                                                                                                        "Actual Startup Time": 474.251,
                                                                                                                                                        "Actual Total Time": 961.647,
                                                                                                                                                        "Actual Rows": 1679805,
                                                                                                                                                        "Actual Loops": 4,
                                                                                                                                                        "Output": [
                                                                                                                                                            "mc.movie_id",
                                                                                                                                                            "mc.company_type_id",
                                                                                                                                                            "mc.company_id",
                                                                                                                                                            "mk.movie_id",
                                                                                                                                                            "mk.keyword_id"
                                                                                                                                                        ],
                                                                                                                                                        "Inner Unique": false,
                                                                                                                                                        "Hash Cond": "(mc.movie_id = mk.movie_id)",
                                                                                                                                                        "Workers": [
                                                                                                                                                            {
                                                                                                                                                                "Worker Number": 0,
                                                                                                                                                                "Actual Startup Time": 469.293,
                                                                                                                                                                "Actual Total Time": 940.543,
                                                                                                                                                                "Actual Rows": 1358621,
                                                                                                                                                                "Actual Loops": 1
                                                                                                                                                            },
                                                                                                                                                            {
                                                                                                                                                                "Worker Number": 1,
                                                                                                                                                                "Actual Startup Time": 469.034,
                                                                                                                                                                "Actual Total Time": 938.923,
                                                                                                                                                                "Actual Rows": 1369017,
                                                                                                                                                                "Actual Loops": 1
                                                                                                                                                            },
                                                                                                                                                            {
                                                                                                                                                                "Worker Number": 2,
                                                                                                                                                                "Actual Startup Time": 469.414,
                                                                                                                                                                "Actual Total Time": 946.856,
                                                                                                                                                                "Actual Rows": 1346361,
                                                                                                                                                                "Actual Loops": 1
                                                                                                                                                            }
                                                                                                                                                        ],
                                                                                                                                                        "Plans": [
                                                                                                                                                            {
                                                                                                                                                                "Node Type": "Index Scan",
                                                                                                                                                                "Parent Relationship": "Outer",
                                                                                                                                                                "Parallel Aware": true,
                                                                                                                                                                "Scan Direction": "Forward",
                                                                                                                                                                "Index Name": "company_type_id_movie_companies",
                                                                                                                                                                "Relation Name": "movie_companies",
                                                                                                                                                                "Schema": "public",
                                                                                                                                                                "Alias": "mc",
                                                                                                                                                                "Startup Cost": 10000000000.43,
                                                                                                                                                                "Total Cost": 10000067155.62,
                                                                                                                                                                "Plan Rows": 408203,
                                                                                                                                                                "Plan Width": 12,
                                                                                                                                                                "Actual Startup Time": 0.273,
                                                                                                                                                                "Actual Total Time": 171.226,
                                                                                                                                                                "Actual Rows": 317997,
                                                                                                                                                                "Actual Loops": 4,
                                                                                                                                                                "Output": [
                                                                                                                                                                    "mc.id",
                                                                                                                                                                    "mc.movie_id",
                                                                                                                                                                    "mc.company_id",
                                                                                                                                                                    "mc.company_type_id",
                                                                                                                                                                    "mc.note"
                                                                                                                                                                ],
                                                                                                                                                                "Filter": "(mc.note IS NULL)",
                                                                                                                                                                "Rows Removed by Filter": 334285,
                                                                                                                                                                "Workers": [
                                                                                                                                                                    {
                                                                                                                                                                        "Worker Number": 0,
                                                                                                                                                                        "Actual Startup Time": 0.367,
                                                                                                                                                                        "Actual Total Time": 173.867,
                                                                                                                                                                        "Actual Rows": 255321,
                                                                                                                                                                        "Actual Loops": 1
                                                                                                                                                                    },
                                                                                                                                                                    {
                                                                                                                                                                        "Worker Number": 1,
                                                                                                                                                                        "Actual Startup Time": 0.162,
                                                                                                                                                                        "Actual Total Time": 173.47,
                                                                                                                                                                        "Actual Rows": 255736,
                                                                                                                                                                        "Actual Loops": 1
                                                                                                                                                                    },
                                                                                                                                                                    {
                                                                                                                                                                        "Worker Number": 2,
                                                                                                                                                                        "Actual Startup Time": 0.422,
                                                                                                                                                                        "Actual Total Time": 177.433,
                                                                                                                                                                        "Actual Rows": 258385,
                                                                                                                                                                        "Actual Loops": 1
                                                                                                                                                                    }
                                                                                                                                                                ]
                                                                                                                                                            },
                                                                                                                                                            {
                                                                                                                                                                "Node Type": "Hash",
                                                                                                                                                                "Parent Relationship": "Inner",
                                                                                                                                                                "Parallel Aware": true,
                                                                                                                                                                "Startup Cost": 39047.32,
                                                                                                                                                                "Total Cost": 39047.32,
                                                                                                                                                                "Plan Rows": 1459332,
                                                                                                                                                                "Plan Width": 8,
                                                                                                                                                                "Actual Startup Time": 461.769,
                                                                                                                                                                "Actual Total Time": 461.771,
                                                                                                                                                                "Actual Rows": 1130982,
                                                                                                                                                                "Actual Loops": 4,
                                                                                                                                                                "Output": [
                                                                                                                                                                    "mk.movie_id",
                                                                                                                                                                    "mk.keyword_id"
                                                                                                                                                                ],
                                                                                                                                                                "Hash Buckets": 8388608,
                                                                                                                                                                "Original Hash Buckets": 8388608,
                                                                                                                                                                "Hash Batches": 1,
                                                                                                                                                                "Original Hash Batches": 1,
                                                                                                                                                                "Peak Memory Usage": 242592,
                                                                                                                                                                "Workers": [
                                                                                                                                                                    {
                                                                                                                                                                        "Worker Number": 0,
                                                                                                                                                                        "Actual Startup Time": 468.423,
                                                                                                                                                                        "Actual Total Time": 468.425,
                                                                                                                                                                        "Actual Rows": 954785,
                                                                                                                                                                        "Actual Loops": 1
                                                                                                                                                                    },
                                                                                                                                                                    {
                                                                                                                                                                        "Worker Number": 1,
                                                                                                                                                                        "Actual Startup Time": 468.448,
                                                                                                                                                                        "Actual Total Time": 468.45,
                                                                                                                                                                        "Actual Rows": 956080,
                                                                                                                                                                        "Actual Loops": 1
                                                                                                                                                                    },
                                                                                                                                                                    {
                                                                                                                                                                        "Worker Number": 2,
                                                                                                                                                                        "Actual Startup Time": 468.462,
                                                                                                                                                                        "Actual Total Time": 468.464,
                                                                                                                                                                        "Actual Rows": 953305,
                                                                                                                                                                        "Actual Loops": 1
                                                                                                                                                                    }
                                                                                                                                                                ],
                                                                                                                                                                "Plans": [
                                                                                                                                                                    {
                                                                                                                                                                        "Node Type": "Seq Scan",
                                                                                                                                                                        "Parent Relationship": "Outer",
                                                                                                                                                                        "Parallel Aware": true,
                                                                                                                                                                        "Relation Name": "movie_keyword",
                                                                                                                                                                        "Schema": "public",
                                                                                                                                                                        "Alias": "mk",
                                                                                                                                                                        "Startup Cost": 0.0,
                                                                                                                                                                        "Total Cost": 39047.32,
                                                                                                                                                                        "Plan Rows": 1459332,
                                                                                                                                                                        "Plan Width": 8,
                                                                                                                                                                        "Actual Startup Time": 0.04,
                                                                                                                                                                        "Actual Total Time": 158.82,
                                                                                                                                                                        "Actual Rows": 1130982,
                                                                                                                                                                        "Actual Loops": 4,
                                                                                                                                                                        "Output": [
                                                                                                                                                                            "mk.movie_id",
                                                                                                                                                                            "mk.keyword_id"
                                                                                                                                                                        ],
                                                                                                                                                                        "Workers": [
                                                                                                                                                                            {
                                                                                                                                                                                "Worker Number": 0,
                                                                                                                                                                                "Actual Startup Time": 0.051,
                                                                                                                                                                                "Actual Total Time": 160.719,
                                                                                                                                                                                "Actual Rows": 954785,
                                                                                                                                                                                "Actual Loops": 1
                                                                                                                                                                            },
                                                                                                                                                                            {
                                                                                                                                                                                "Worker Number": 1,
                                                                                                                                                                                "Actual Startup Time": 0.047,
                                                                                                                                                                                "Actual Total Time": 161.574,
                                                                                                                                                                                "Actual Rows": 956080,
                                                                                                                                                                                "Actual Loops": 1
                                                                                                                                                                            },
                                                                                                                                                                            {
                                                                                                                                                                                "Worker Number": 2,
                                                                                                                                                                                "Actual Startup Time": 0.049,
                                                                                                                                                                                "Actual Total Time": 161.847,
                                                                                                                                                                                "Actual Rows": 953305,
                                                                                                                                                                                "Actual Loops": 1
                                                                                                                                                                            }
                                                                                                                                                                        ]
                                                                                                                                                                    }
                                                                                                                                                                ]
                                                                                                                                                            }
                                                                                                                                                        ]
                                                                                                                                                    }
                                                                                                                                                ]
                                                                                                                                            },
                                                                                                                                            {
                                                                                                                                                "Node Type": "Materialize",
                                                                                                                                                "Parent Relationship": "Inner",
                                                                                                                                                "Parallel Aware": false,
                                                                                                                                                "Startup Cost": 0.43,
                                                                                                                                                "Total Cost": 1154057.5,
                                                                                                                                                "Plan Rows": 741462,
                                                                                                                                                "Plan Width": 4,
                                                                                                                                                "Actual Startup Time": 0.128,
                                                                                                                                                "Actual Total Time": 266.089,
                                                                                                                                                "Actual Rows": 53200,
                                                                                                                                                "Actual Loops": 4,
                                                                                                                                                "Output": [
                                                                                                                                                    "mi.id",
                                                                                                                                                    "mi.movie_id",
                                                                                                                                                    "mi.info_type_id",
                                                                                                                                                    "mi.info",
                                                                                                                                                    "mi.note"
                                                                                                                                                ],
                                                                                                                                                "Workers": [
                                                                                                                                                    {
                                                                                                                                                        "Worker Number": 0,
                                                                                                                                                        "Actual Startup Time": 0.221,
                                                                                                                                                        "Actual Total Time": 286.934,
                                                                                                                                                        "Actual Rows": 45274,
                                                                                                                                                        "Actual Loops": 1
                                                                                                                                                    },
                                                                                                                                                    {
                                                                                                                                                        "Worker Number": 1,
                                                                                                                                                        "Actual Startup Time": 0.121,
                                                                                                                                                        "Actual Total Time": 317.676,
                                                                                                                                                        "Actual Rows": 53292,
                                                                                                                                                        "Actual Loops": 1
                                                                                                                                                    },
                                                                                                                                                    {
                                                                                                                                                        "Worker Number": 2,
                                                                                                                                                        "Actual Startup Time": 0.114,
                                                                                                                                                        "Actual Total Time": 288.493,
                                                                                                                                                        "Actual Rows": 51315,
                                                                                                                                                        "Actual Loops": 1
                                                                                                                                                    }
                                                                                                                                                ],
                                                                                                                                                "Plans": [
                                                                                                                                                    {
                                                                                                                                                        "Node Type": "Index Scan",
                                                                                                                                                        "Parent Relationship": "Outer",
                                                                                                                                                        "Parallel Aware": false,
                                                                                                                                                        "Scan Direction": "Forward",
                                                                                                                                                        "Index Name": "movie_id_movie_info",
                                                                                                                                                        "Relation Name": "movie_info",
                                                                                                                                                        "Schema": "public",
                                                                                                                                                        "Alias": "mi",
                                                                                                                                                        "Startup Cost": 0.43,
                                                                                                                                                        "Total Cost": 1152203.85,
                                                                                                                                                        "Plan Rows": 741462,
                                                                                                                                                        "Plan Width": 4,
                                                                                                                                                        "Actual Startup Time": 0.123,
                                                                                                                                                        "Actual Total Time": 258.301,
                                                                                                                                                        "Actual Rows": 30941,
                                                                                                                                                        "Actual Loops": 4,
                                                                                                                                                        "Output": [
                                                                                                                                                            "mi.id",
                                                                                                                                                            "mi.movie_id",
                                                                                                                                                            "mi.info_type_id",
                                                                                                                                                            "mi.info",
                                                                                                                                                            "mi.note"
                                                                                                                                                        ],
                                                                                                                                                        "Filter": "(mi.info = ANY ('{Sweden,America,English,\"Denmark:25 December 1997\"}'::text[]))",
                                                                                                                                                        "Rows Removed by Filter": 502322,
                                                                                                                                                        "Workers": [
                                                                                                                                                            {
                                                                                                                                                                "Worker Number": 0,
                                                                                                                                                                "Actual Startup Time": 0.214,
                                                                                                                                                                "Actual Total Time": 278.876,
                                                                                                                                                                "Actual Rows": 30378,
                                                                                                                                                                "Actual Loops": 1
                                                                                                                                                            },
                                                                                                                                                            {
                                                                                                                                                                "Worker Number": 1,
                                                                                                                                                                "Actual Startup Time": 0.116,
                                                                                                                                                                "Actual Total Time": 308.394,
                                                                                                                                                                "Actual Rows": 32392,
                                                                                                                                                                "Actual Loops": 1
                                                                                                                                                            },
                                                                                                                                                            {
                                                                                                                                                                "Worker Number": 2,
                                                                                                                                                                "Actual Startup Time": 0.111,
                                                                                                                                                                "Actual Total Time": 280.197,
                                                                                                                                                                "Actual Rows": 30750,
                                                                                                                                                                "Actual Loops": 1
                                                                                                                                                            }
                                                                                                                                                        ]
                                                                                                                                                    }
                                                                                                                                                ]
                                                                                                                                            }
                                                                                                                                        ]
                                                                                                                                    }
                                                                                                                                ]
                                                                                                                            }
                                                                                                                        ]
                                                                                                                    }
                                                                                                                ]
                                                                                                            }
                                                                                                        ]
                                                                                                    }
                                                                                                ]
                                                                                            }
                                                                                        ]
                                                                                    }
                                                                                ]
                                                                            }
                                                                        ]
                                                                    }
                                                                ]
                                                            },
                                                            {
                                                                "Node Type": "Materialize",
                                                                "Parent Relationship": "Inner",
                                                                "Parallel Aware": false,
                                                                "Startup Cost": 0.13,
                                                                "Total Cost": 12.21,
                                                                "Plan Rows": 1,
                                                                "Plan Width": 4,
                                                                "Actual Startup Time": 0.0,
                                                                "Actual Total Time": 0.0,
                                                                "Actual Rows": 1,
                                                                "Actual Loops": 22338,
                                                                "Output": [
                                                                    "ct.id"
                                                                ],
                                                                "Plans": [
                                                                    {
                                                                        "Node Type": "Index Scan",
                                                                        "Parent Relationship": "Outer",
                                                                        "Parallel Aware": false,
                                                                        "Scan Direction": "Forward",
                                                                        "Index Name": "company_type_pkey",
                                                                        "Relation Name": "company_type",
                                                                        "Schema": "public",
                                                                        "Alias": "ct",
                                                                        "Startup Cost": 0.13,
                                                                        "Total Cost": 12.2,
                                                                        "Plan Rows": 1,
                                                                        "Plan Width": 4,
                                                                        "Actual Startup Time": 0.01,
                                                                        "Actual Total Time": 0.011,
                                                                        "Actual Rows": 1,
                                                                        "Actual Loops": 1,
                                                                        "Output": [
                                                                            "ct.id"
                                                                        ],
                                                                        "Filter": "((ct.kind)::text = 'production companies'::text)",
                                                                        "Rows Removed by Filter": 3
                                                                    }
                                                                ]
                                                            }
                                                        ]
                                                    },
                                                    {
                                                        "Node Type": "Hash",
                                                        "Parent Relationship": "Inner",
                                                        "Parallel Aware": false,
                                                        "Startup Cost": 10000000012.2,
                                                        "Total Cost": 10000000012.2,
                                                        "Plan Rows": 2,
                                                        "Plan Width": 4,
                                                        "Actual Startup Time": 0.011,
                                                        "Actual Total Time": 0.012,
                                                        "Actual Rows": 2,
                                                        "Actual Loops": 1,
                                                        "Output": [
                                                            "cct1.id"
                                                        ],
                                                        "Hash Buckets": 1024,
                                                        "Original Hash Buckets": 1024,
                                                        "Hash Batches": 1,
                                                        "Original Hash Batches": 1,
                                                        "Peak Memory Usage": 9,
                                                        "Plans": [
                                                            {
                                                                "Node Type": "Index Scan",
                                                                "Parent Relationship": "Outer",
                                                                "Parallel Aware": false,
                                                                "Scan Direction": "Forward",
                                                                "Index Name": "comp_cast_type_pkey",
                                                                "Relation Name": "comp_cast_type",
                                                                "Schema": "public",
                                                                "Alias": "cct1",
                                                                "Startup Cost": 10000000000.13,
                                                                "Total Cost": 10000000012.2,
                                                                "Plan Rows": 2,
                                                                "Plan Width": 4,
                                                                "Actual Startup Time": 0.008,
                                                                "Actual Total Time": 0.01,
                                                                "Actual Rows": 2,
                                                                "Actual Loops": 1,
                                                                "Output": [
                                                                    "cct1.id"
                                                                ],
                                                                "Filter": "((cct1.kind)::text = ANY ('{crew,cast}'::text[]))",
                                                                "Rows Removed by Filter": 2
                                                            }
                                                        ]
                                                    }
                                                ]
                                            },
                                            {
                                                "Node Type": "Hash",
                                                "Parent Relationship": "Inner",
                                                "Parallel Aware": false,
                                                "Startup Cost": 10000000001.23,
                                                "Total Cost": 10000000001.23,
                                                "Plan Rows": 1,
                                                "Plan Width": 16,
                                                "Actual Startup Time": 0.013,
                                                "Actual Total Time": 0.014,
                                                "Actual Rows": 2,
                                                "Actual Loops": 1,
                                                "Output": [
                                                    "lt.link",
                                                    "lt.id"
                                                ],
                                                "Hash Buckets": 1024,
                                                "Original Hash Buckets": 1024,
                                                "Hash Batches": 1,
                                                "Original Hash Batches": 1,
                                                "Peak Memory Usage": 9,
                                                "Plans": [
                                                    {
                                                        "Node Type": "Seq Scan",
                                                        "Parent Relationship": "Outer",
                                                        "Parallel Aware": false,
                                                        "Relation Name": "link_type",
                                                        "Schema": "public",
                                                        "Alias": "lt",
                                                        "Startup Cost": 10000000000.0,
                                                        "Total Cost": 10000000001.23,
                                                        "Plan Rows": 1,
                                                        "Plan Width": 16,
                                                        "Actual Startup Time": 0.008,
                                                        "Actual Total Time": 0.01,
                                                        "Actual Rows": 2,
                                                        "Actual Loops": 1,
                                                        "Output": [
                                                            "lt.link",
                                                            "lt.id"
                                                        ],
                                                        "Filter": "((lt.link)::text ~~ '%follow%'::text)",
                                                        "Rows Removed by Filter": 16
                                                    }
                                                ]
                                            }
                                        ]
                                    }
                                ]
                            }
                        ]
                    },
                    {
                        "Node Type": "Bitmap Heap Scan",
                        "Parent Relationship": "Inner",
                        "Parallel Aware": false,
                        "Relation Name": "keyword",
                        "Schema": "public",
                        "Alias": "k",
                        "Startup Cost": 0.43,
                        "Total Cost": 4.44,
                        "Plan Rows": 1,
                        "Plan Width": 4,
                        "Actual Startup Time": 0.003,
                        "Actual Total Time": 0.003,
                        "Actual Rows": 0,
                        "Actual Loops": 1900,
                        "Output": [
                            "k.id",
                            "k.keyword",
                            "k.phonetic_code"
                        ],
                        "Recheck Cond": "(k.id = mk.keyword_id)",
                        "Rows Removed by Index Recheck": 0,
                        "Filter": "(k.keyword = 'sequel'::text)",
                        "Rows Removed by Filter": 1,
                        "Exact Heap Blocks": 1900,
                        "Lossy Heap Blocks": 0,
                        "Plans": [
                            {
                                "Node Type": "Bitmap Index Scan",
                                "Parent Relationship": "Outer",
                                "Parallel Aware": false,
                                "Index Name": "keyword_pkey",
                                "Startup Cost": 0.0,
                                "Total Cost": 0.43,
                                "Plan Rows": 1,
                                "Plan Width": 0,
                                "Actual Startup Time": 0.002,
                                "Actual Total Time": 0.002,
                                "Actual Rows": 1,
                                "Actual Loops": 1900,
                                "Index Cond": "(k.id = mk.keyword_id)"
                            }
                        ]
                    }
                ]
            }
        ]
    },
    "Planning Time": 47.515,
    "Triggers": [],
    "Execution Time": 2361.918
}