{
  "Plan": {
    "Node Type": "Aggregate",
    "Strategy": "Plain",
    "Partial Mode": "Finalize",
    "Parallel Aware": false,
    "Startup Cost": 104843.05,
    "Total Cost": 104843.06,
    "Plan Rows": 1,
    "Plan Width": 8,
    "Actual Startup Time": 354.458,
    "Actual Total Time": 368.114,
    "Actual Rows": 1,
    "Actual Loops": 1,
    "Plans": [
      {
        "Node Type": "Gather",
        "Parent Relationship": "Outer",
        "Parallel Aware": false,
        "Startup Cost": 104842.94,
        "Total Cost": 104843.05,
        "Plan Rows": 1,
        "Plan Width": 8,
        "Actual Startup Time": 354.068,
        "Actual Total Time": 368.106,
        "Actual Rows": 2,
        "Actual Loops": 1,
        "Workers Planned": 1,
        "Workers Launched": 1,
        "Single Copy": false,
        "Plans": [
          {
            "Node Type": "Aggregate",
            "Strategy": "Plain",
            "Partial Mode": "Partial",
            "Parent Relationship": "Outer",
            "Parallel Aware": false,
            "Startup Cost": 103842.94,
            "Total Cost": 103842.95,
            "Plan Rows": 1,
            "Plan Width": 8,
            "Actual Startup Time": 347.837,
            "Actual Total Time": 347.84,
            "Actual Rows": 1,
            "Actual Loops": 2,
            "Plans": [
              {
                "Node Type": "Hash Join",
                "Parent Relationship": "Outer",
                "Parallel Aware": true,
                "Join Type": "Inner",
                "Startup Cost": 42018.32,
                "Total Cost": 103348.11,
                "Plan Rows": 197929,
                "Plan Width": 0,
                "Actual Startup Time": 266.437,
                "Actual Total Time": 347.082,
                "Actual Rows": 16722,
                "Actual Loops": 2,
                "Inner Unique": false,
                "Hash Cond": "(t.id = mc.movie_id)",
                "Plans": [
                  {
                    "Node Type": "Seq Scan",
                    "Parent Relationship": "Outer",
                    "Parallel Aware": true,
                    "Relation Name": "title",
                    "Alias": "t",
                    "Startup Cost": 0.0,
                    "Total Cost": 50870.31,
                    "Plan Rows": 1487231,
                    "Plan Width": 4,
                    "Actual Startup Time": 0.011,
                    "Actual Total Time": 114.499,
                    "Actual Rows": 1264156,
                    "Actual Loops": 2
                  },
                  {
                    "Node Type": "Hash",
                    "Parent Relationship": "Inner",
                    "Parallel Aware": true,
                    "Startup Cost": 39544.2,
                    "Total Cost": 39544.2,
                    "Plan Rows": 197929,
                    "Plan Width": 4,
                    "Actual Startup Time": 107.235,
                    "Actual Total Time": 107.237,
                    "Actual Rows": 16722,
                    "Actual Loops": 2,
                    "Hash Buckets": 524288,
                    "Original Hash Buckets": 524288,
                    "Hash Batches": 1,
                    "Original Hash Batches": 1,
                    "Peak Memory Usage": 5440,
                    "Plans": [
                      {
                        "Node Type": "Bitmap Heap Scan",
                        "Parent Relationship": "Outer",
                        "Parallel Aware": true,
                        "Relation Name": "movie_companies",
                        "Alias": "mc",
                        "Startup Cost": 14723.04,
                        "Total Cost": 39544.2,
                        "Plan Rows": 197929,
                        "Plan Width": 4,
                        "Actual Startup Time": 46.351,
                        "Actual Total Time": 102.097,
                        "Actual Rows": 16722,
                        "Actual Loops": 2,
                        "Recheck Cond": "(company_id > 45802)",
                        "Rows Removed by Index Recheck": 0,
                        "Filter": "(company_type_id = 1)",
                        "Rows Removed by Filter": 332453,
                        "Exact Heap Blocks": 9162,
                        "Lossy Heap Blocks": 0,
                        "Plans": [
                          {
                            "Node Type": "Bitmap Index Scan",
                            "Parent Relationship": "Outer",
                            "Parallel Aware": false,
                            "Index Name": "company_id_movie_companies",
                            "Startup Cost": 0.0,
                            "Total Cost": 14638.92,
                            "Plan Rows": 683532,
                            "Plan Width": 0,
                            "Actual Startup Time": 44.495,
                            "Actual Total Time": 44.495,
                            "Actual Rows": 698350,
                            "Actual Loops": 1,
                            "Index Cond": "(company_id > 45802)"
                          }
                        ]
                      }
                    ]
                  }
                ]
              }
            ]
          }
        ]
      }
    ]
  },
  "Planning Time": 0.714,
  "Triggers": [],
  "Execution Time": 368.206
}