[
  {
    "Plan": {
      "Node Type": "Aggregate",
      "Strategy": "Plain",
      "Partial Mode": "Finalize",
      "Parallel Aware": false,
      "Startup Cost": 46264.89,
      "Total Cost": 46264.9,
      "Plan Rows": 1,
      "Plan Width": 8,
      "Actual Startup Time": 130.68,
      "Actual Total Time": 142.738,
      "Actual Rows": 1,
      "Actual Loops": 1,
      "Plans": [
        {
          "Node Type": "Gather",
          "Parent Relationship": "Outer",
          "Parallel Aware": false,
          "Startup Cost": 46264.47,
          "Total Cost": 46264.88,
          "Plan Rows": 4,
          "Plan Width": 8,
          "Actual Startup Time": 130.363,
          "Actual Total Time": 142.726,
          "Actual Rows": 5,
          "Actual Loops": 1,
          "Workers Planned": 4,
          "Workers Launched": 4,
          "Single Copy": false,
          "Plans": [
            {
              "Node Type": "Aggregate",
              "Strategy": "Plain",
              "Partial Mode": "Partial",
              "Parent Relationship": "Outer",
              "Parallel Aware": false,
              "Startup Cost": 45264.47,
              "Total Cost": 45264.48,
              "Plan Rows": 1,
              "Plan Width": 8,
              "Actual Startup Time": 120.985,
              "Actual Total Time": 120.987,
              "Actual Rows": 1,
              "Actual Loops": 5,
              "Plans": [
                {
                  "Node Type": "Seq Scan",
                  "Parent Relationship": "Outer",
                  "Parallel Aware": true,
                  "Relation Name": "title",
                  "Alias": "t",
                  "Startup Cost": 0.0,
                  "Total Cost": 43899.32,
                  "Plan Rows": 546059,
                  "Plan Width": 0,
                  "Actual Startup Time": 0.056,
                  "Actual Total Time": 99.23,
                  "Actual Rows": 434233,
                  "Actual Loops": 5,
                  "Filter": "(production_year > 1963)",
                  "Rows Removed by Filter": 71430
                }
              ]
            }
          ]
        }
      ]
    },
    "Planning Time": 0.072,
    "Triggers": [],
    "Execution Time": 142.771
  }
]