[
  {
    "Plan": {
      "Node Type": "Aggregate",
      "Strategy": "Plain",
      "Partial Mode": "Finalize",
      "Parallel Aware": false,
      "Startup Cost": 46264.29,
      "Total Cost": 46264.3,
      "Plan Rows": 1,
      "Plan Width": 8,
      "Actual Startup Time": 118.527,
      "Actual Total Time": 132.084,
      "Actual Rows": 1,
      "Actual Loops": 1,
      "Plans": [
        {
          "Node Type": "Gather",
          "Parent Relationship": "Outer",
          "Parallel Aware": false,
          "Startup Cost": 46263.87,
          "Total Cost": 46264.28,
          "Plan Rows": 4,
          "Plan Width": 8,
          "Actual Startup Time": 118.366,
          "Actual Total Time": 132.074,
          "Actual Rows": 5,
          "Actual Loops": 1,
          "Workers Planned": 4,
          "Workers Launched": 4,
          "Single Copy": false,
          "Plans": [
            {
              "Node Type": "Aggregate",
              "Strategy": "Plain",
              "Partial Mode": "Partial",
              "Parent Relationship": "Outer",
              "Parallel Aware": false,
              "Startup Cost": 45263.87,
              "Total Cost": 45263.88,
              "Plan Rows": 1,
              "Plan Width": 8,
              "Actual Startup Time": 113.376,
              "Actual Total Time": 113.378,
              "Actual Rows": 1,
              "Actual Loops": 5,
              "Plans": [
                {
                  "Node Type": "Seq Scan",
                  "Parent Relationship": "Outer",
                  "Parallel Aware": true,
                  "Relation Name": "title",
                  "Alias": "t",
                  "Startup Cost": 0.0,
                  "Total Cost": 43898.92,
                  "Plan Rows": 545982,
                  "Plan Width": 0,
                  "Actual Startup Time": 0.024,
                  "Actual Total Time": 92.214,
                  "Actual Rows": 434233,
                  "Actual Loops": 5,
                  "Filter": "(production_year > 1963)",
                  "Rows Removed by Filter": 71430
                }
              ]
            }
          ]
        }
      ]
    },
    "Planning Time": 0.099,
    "Triggers": [],
    "Execution Time": 132.135
  }
]