[
  {
    "Plan": {
      "Node Type": "Aggregate",
      "Strategy": "Plain",
      "Partial Mode": "Finalize",
      "Parallel Aware": false,
      "Startup Cost": 351485.93,
      "Total Cost": 351485.94,
      "Plan Rows": 1,
      "Plan Width": 8,
      "Actual Startup Time": 753.481,
      "Actual Total Time": 812.63,
      "Actual Rows": 1,
      "Actual Loops": 1,
      "Plans": [
        {
          "Node Type": "Gather",
          "Parent Relationship": "Outer",
          "Parallel Aware": false,
          "Startup Cost": 351485.3,
          "Total Cost": 351485.91,
          "Plan Rows": 6,
          "Plan Width": 8,
          "Actual Startup Time": 753.334,
          "Actual Total Time": 812.619,
          "Actual Rows": 7,
          "Actual Loops": 1,
          "Workers Planned": 6,
          "Workers Launched": 6,
          "Single Copy": false,
          "Plans": [
            {
              "Node Type": "Aggregate",
              "Strategy": "Plain",
              "Partial Mode": "Partial",
              "Parent Relationship": "Outer",
              "Parallel Aware": false,
              "Startup Cost": 350485.3,
              "Total Cost": 350485.32,
              "Plan Rows": 1,
              "Plan Width": 8,
              "Actual Startup Time": 743.748,
              "Actual Total Time": 743.749,
              "Actual Rows": 1,
              "Actual Loops": 7,
              "Plans": [
                {
                  "Node Type": "Seq Scan",
                  "Parent Relationship": "Outer",
                  "Parallel Aware": true,
                  "Relation Name": "cast_info",
                  "Alias": "ci",
                  "Startup Cost": 0.0,
                  "Total Cost": 343257.03,
                  "Plan Rows": 2891310,
                  "Plan Width": 0,
                  "Actual Startup Time": 225.984,
                  "Actual Total Time": 659.989,
                  "Actual Rows": 1985130,
                  "Actual Loops": 7,
                  "Filter": "((person_id < 2741078) AND (role_id > 1))",
                  "Rows Removed by Filter": 3192633
                }
              ]
            }
          ]
        }
      ]
    },
    "Planning Time": 0.185,
    "Triggers": [],
    "Execution Time": 812.697
  }
]