[
  {
    "Plan": {
      "Node Type": "Aggregate",
      "Strategy": "Plain",
      "Partial Mode": "Finalize",
      "Parallel Aware": false,
      "Startup Cost": 651980.08,
      "Total Cost": 651980.09,
      "Plan Rows": 1,
      "Plan Width": 8,
      "Actual Startup Time": 13479.29,
      "Actual Total Time": 13586.408,
      "Actual Rows": 1,
      "Actual Loops": 1,
      "Plans": [
        {
          "Node Type": "Gather",
          "Parent Relationship": "Outer",
          "Parallel Aware": false,
          "Startup Cost": 651979.46,
          "Total Cost": 651980.07,
          "Plan Rows": 6,
          "Plan Width": 8,
          "Actual Startup Time": 13379.858,
          "Actual Total Time": 13586.392,
          "Actual Rows": 7,
          "Actual Loops": 1,
          "Workers Planned": 6,
          "Workers Launched": 6,
          "Single Copy": false,
          "Plans": [
            {
              "Node Type": "Aggregate",
              "Strategy": "Plain",
              "Partial Mode": "Partial",
              "Parent Relationship": "Outer",
              "Parallel Aware": false,
              "Startup Cost": 650979.46,
              "Total Cost": 650979.47,
              "Plan Rows": 1,
              "Plan Width": 8,
              "Actual Startup Time": 13352.582,
              "Actual Total Time": 13355.645,
              "Actual Rows": 1,
              "Actual Loops": 7,
              "Plans": [
                {
                  "Node Type": "Hash Join",
                  "Parent Relationship": "Outer",
                  "Parallel Aware": true,
                  "Join Type": "Inner",
                  "Startup Cost": 260412.45,
                  "Total Cost": 620533.24,
                  "Plan Rows": 12178485,
                  "Plan Width": 0,
                  "Actual Startup Time": 1861.765,
                  "Actual Total Time": 11336.114,
                  "Actual Rows": 49735917,
                  "Actual Loops": 7,
                  "Inner Unique": false,
                  "Hash Cond": "(ci.movie_id = t.id)",
                  "Plans": [
                    {
                      "Node Type": "Seq Scan",
                      "Parent Relationship": "Outer",
                      "Parallel Aware": true,
                      "Relation Name": "cast_info",
                      "Alias": "ci",
                      "Startup Cost": 0.0,
                      "Total Cost": 313106.51,
                      "Plan Rows": 6041951,
                      "Plan Width": 4,
                      "Actual Startup Time": 0.033,
                      "Actual Total Time": 541.484,
                      "Actual Rows": 5177763,
                      "Actual Loops": 7
                    },
                    {
                      "Node Type": "Hash",
                      "Parent Relationship": "Inner",
                      "Parallel Aware": true,
                      "Startup Cost": 247671.39,
                      "Total Cost": 247671.39,
                      "Plan Rows": 1019285,
                      "Plan Width": 8,
                      "Actual Startup Time": 1852.089,
                      "Actual Total Time": 1855.151,
                      "Actual Rows": 1442726,
                      "Actual Loops": 7,
                      "Hash Buckets": 16777216,
                      "Original Hash Buckets": 8388608,
                      "Hash Batches": 1,
                      "Original Hash Batches": 1,
                      "Peak Memory Usage": 591808,
                      "Plans": [
                        {
                          "Node Type": "Hash Join",
                          "Parent Relationship": "Outer",
                          "Parallel Aware": true,
                          "Join Type": "Inner",
                          "Startup Cost": 48191.99,
                          "Total Cost": 247671.39,
                          "Plan Rows": 1019285,
                          "Plan Width": 8,
                          "Actual Startup Time": 139.182,
                          "Actual Total Time": 1013.71,
                          "Actual Rows": 1442726,
                          "Actual Loops": 7,
                          "Inner Unique": true,
                          "Hash Cond": "(mi.movie_id = t.id)",
                          "Plans": [
                            {
                              "Node Type": "Seq Scan",
                              "Parent Relationship": "Outer",
                              "Parallel Aware": true,
                              "Relation Name": "movie_info",
                              "Alias": "mi",
                              "Startup Cost": 0.0,
                              "Total Cost": 191685.19,
                              "Plan Rows": 2969219,
                              "Plan Width": 4,
                              "Actual Startup Time": 0.027,
                              "Actual Total Time": 267.583,
                              "Actual Rows": 2119389,
                              "Actual Loops": 7
                            },
                            {
                              "Node Type": "Hash",
                              "Parent Relationship": "Inner",
                              "Parallel Aware": true,
                              "Startup Cost": 45479.59,
                              "Total Cost": 45479.59,
                              "Plan Rows": 216992,
                              "Plan Width": 4,
                              "Actual Startup Time": 136.427,
                              "Actual Total Time": 136.428,
                              "Actual Rows": 128113,
                              "Actual Loops": 7,
                              "Hash Buckets": 1048576,
                              "Original Hash Buckets": 1048576,
                              "Hash Batches": 1,
                              "Original Hash Batches": 1,
                              "Peak Memory Usage": 43392,
                              "Plans": [
                                {
                                  "Node Type": "Seq Scan",
                                  "Parent Relationship": "Outer",
                                  "Parallel Aware": true,
                                  "Relation Name": "title",
                                  "Alias": "t",
                                  "Startup Cost": 0.0,
                                  "Total Cost": 45479.59,
                                  "Plan Rows": 216992,
                                  "Plan Width": 4,
                                  "Actual Startup Time": 0.075,
                                  "Actual Total Time": 78.877,
                                  "Actual Rows": 128113,
                                  "Actual Loops": 7,
                                  "Filter": "((kind_id < 7) AND (production_year < 2012))",
                                  "Rows Removed by Filter": 233075
                                }
                              ]
                            }
                          ]
                        }
                      ]
                    }
                  ]
                }
              ]
            }
          ]
        }
      ]
    },
    "Planning Time": 0.836,
    "Triggers": [],
    "Execution Time": 13586.474
  }
]