{
  "Plan": {
    "Node Type": "Aggregate",
    "Strategy": "Plain",
    "Partial Mode": "Finalize",
    "Parallel Aware": false,
    "Startup Cost": 132003.85,
    "Total Cost": 132003.86,
    "Plan Rows": 1,
    "Plan Width": 8,
    "Actual Startup Time": 890.482,
    "Actual Total Time": 910.702,
    "Actual Rows": 1,
    "Actual Loops": 1,
    "Plans": [
      {
        "Node Type": "Gather",
        "Parent Relationship": "Outer",
        "Parallel Aware": false,
        "Startup Cost": 132003.74,
        "Total Cost": 132003.85,
        "Plan Rows": 1,
        "Plan Width": 8,
        "Actual Startup Time": 886.455,
        "Actual Total Time": 910.69,
        "Actual Rows": 2,
        "Actual Loops": 1,
        "Workers Planned": 1,
        "Workers Launched": 1,
        "Single Copy": false,
        "Plans": [
          {
            "Node Type": "Aggregate",
            "Strategy": "Plain",
            "Partial Mode": "Partial",
            "Parent Relationship": "Outer",
            "Parallel Aware": false,
            "Startup Cost": 131003.74,
            "Total Cost": 131003.75,
            "Plan Rows": 1,
            "Plan Width": 8,
            "Actual Startup Time": 879.975,
            "Actual Total Time": 879.98,
            "Actual Rows": 1,
            "Actual Loops": 2,
            "Plans": [
              {
                "Node Type": "Hash Join",
                "Parent Relationship": "Outer",
                "Parallel Aware": true,
                "Join Type": "Inner",
                "Startup Cost": 66450.6,
                "Total Cost": 128420.18,
                "Plan Rows": 1033422,
                "Plan Width": 0,
                "Actual Startup Time": 447.489,
                "Actual Total Time": 851.382,
                "Actual Rows": 734276,
                "Actual Loops": 2,
                "Inner Unique": true,
                "Hash Cond": "(mk.movie_id = t.id)",
                "Plans": [
                  {
                    "Node Type": "Seq Scan",
                    "Parent Relationship": "Outer",
                    "Parallel Aware": true,
                    "Relation Name": "movie_keyword",
                    "Alias": "mk",
                    "Startup Cost": 0.0,
                    "Total Cost": 57718.19,
                    "Plan Rows": 1619573,
                    "Plan Width": 4,
                    "Actual Startup Time": 0.022,
                    "Actual Total Time": 198.053,
                    "Actual Rows": 1374273,
                    "Actual Loops": 2,
                    "Filter": "(keyword_id < 7800)",
                    "Rows Removed by Filter": 887692
                  },
                  {
                    "Node Type": "Hash",
                    "Parent Relationship": "Inner",
                    "Parallel Aware": true,
                    "Startup Cost": 54588.39,
                    "Total Cost": 54588.39,
                    "Plan Rows": 948977,
                    "Plan Width": 4,
                    "Actual Startup Time": 434.75,
                    "Actual Total Time": 434.751,
                    "Actual Rows": 803538,
                    "Actual Loops": 2,
                    "Hash Buckets": 2097152,
                    "Original Hash Buckets": 2097152,
                    "Hash Batches": 1,
                    "Original Hash Batches": 1,
                    "Peak Memory Usage": 79296,
                    "Plans": [
                      {
                        "Node Type": "Seq Scan",
                        "Parent Relationship": "Outer",
                        "Parallel Aware": true,
                        "Relation Name": "title",
                        "Alias": "t",
                        "Startup Cost": 0.0,
                        "Total Cost": 54588.39,
                        "Plan Rows": 948977,
                        "Plan Width": 4,
                        "Actual Startup Time": 0.042,
                        "Actual Total Time": 182.362,
                        "Actual Rows": 803538,
                        "Actual Loops": 2,
                        "Filter": "(production_year > 1995)",
                        "Rows Removed by Filter": 460618
                      }
                    ]
                  }
                ]
              }
            ]
          }
        ]
      }
    ]
  },
  "Planning Time": 0.455,
  "Triggers": [],
  "Execution Time": 910.76
}