[
  {
    "Plan": {
      "Node Type": "Aggregate",
      "Strategy": "Plain",
      "Partial Mode": "Finalize",
      "Parallel Aware": false,
      "Startup Cost": 57543.93,
      "Total Cost": 57543.94,
      "Plan Rows": 1,
      "Plan Width": 8,
      "Actual Startup Time": 94.745,
      "Actual Total Time": 107.543,
      "Actual Rows": 1,
      "Actual Loops": 1,
      "Plans": [
        {
          "Node Type": "Gather",
          "Parent Relationship": "Outer",
          "Parallel Aware": false,
          "Startup Cost": 57543.72,
          "Total Cost": 57543.93,
          "Plan Rows": 2,
          "Plan Width": 8,
          "Actual Startup Time": 94.595,
          "Actual Total Time": 107.535,
          "Actual Rows": 3,
          "Actual Loops": 1,
          "Workers Planned": 2,
          "Workers Launched": 2,
          "Single Copy": false,
          "Plans": [
            {
              "Node Type": "Aggregate",
              "Strategy": "Plain",
              "Partial Mode": "Partial",
              "Parent Relationship": "Outer",
              "Parallel Aware": false,
              "Startup Cost": 56543.72,
              "Total Cost": 56543.73,
              "Plan Rows": 1,
              "Plan Width": 8,
              "Actual Startup Time": 85.914,
              "Actual Total Time": 85.916,
              "Actual Rows": 1,
              "Actual Loops": 3,
              "Plans": [
                {
                  "Node Type": "Nested Loop",
                  "Parent Relationship": "Outer",
                  "Parallel Aware": false,
                  "Join Type": "Inner",
                  "Startup Cost": 248.92,
                  "Total Cost": 56484.56,
                  "Plan Rows": 23662,
                  "Plan Width": 0,
                  "Actual Startup Time": 1.849,
                  "Actual Total Time": 82.8,
                  "Actual Rows": 49833,
                  "Actual Loops": 3,
                  "Inner Unique": false,
                  "Plans": [
                    {
                      "Node Type": "Nested Loop",
                      "Parent Relationship": "Outer",
                      "Parallel Aware": false,
                      "Join Type": "Inner",
                      "Startup Cost": 248.48,
                      "Total Cost": 47312.17,
                      "Plan Rows": 4711,
                      "Plan Width": 8,
                      "Actual Startup Time": 1.658,
                      "Actual Total Time": 27.308,
                      "Actual Rows": 3556,
                      "Actual Loops": 3,
                      "Inner Unique": true,
                      "Plans": [
                        {
                          "Node Type": "Bitmap Heap Scan",
                          "Parent Relationship": "Outer",
                          "Parallel Aware": true,
                          "Relation Name": "movie_companies",
                          "Alias": "mc",
                          "Startup Cost": 248.05,
                          "Total Cost": 17339.68,
                          "Plan Rows": 4711,
                          "Plan Width": 4,
                          "Actual Startup Time": 1.483,
                          "Actual Total Time": 4.077,
                          "Actual Rows": 3556,
                          "Actual Loops": 3,
                          "Recheck Cond": "(company_id = 11)",
                          "Rows Removed by Index Recheck": 0,
                          "Exact Heap Blocks": 835,
                          "Lossy Heap Blocks": 0,
                          "Plans": [
                            {
                              "Node Type": "Bitmap Index Scan",
                              "Parent Relationship": "Outer",
                              "Parallel Aware": false,
                              "Index Name": "company_id_movie_companies",
                              "Startup Cost": 0.0,
                              "Total Cost": 245.23,
                              "Plan Rows": 11306,
                              "Plan Width": 0,
                              "Actual Startup Time": 3.599,
                              "Actual Total Time": 3.6,
                              "Actual Rows": 10667,
                              "Actual Loops": 1,
                              "Index Cond": "(company_id = 11)"
                            }
                          ]
                        },
                        {
                          "Node Type": "Index Only Scan",
                          "Parent Relationship": "Inner",
                          "Parallel Aware": false,
                          "Scan Direction": "Forward",
                          "Index Name": "title_pkey",
                          "Relation Name": "title",
                          "Alias": "t",
                          "Startup Cost": 0.43,
                          "Total Cost": 6.36,
                          "Plan Rows": 1,
                          "Plan Width": 4,
                          "Actual Startup Time": 0.006,
                          "Actual Total Time": 0.006,
                          "Actual Rows": 1,
                          "Actual Loops": 10667,
                          "Index Cond": "(id = mc.movie_id)",
                          "Rows Removed by Index Recheck": 0,
                          "Heap Fetches": 10667
                        }
                      ]
                    },
                    {
                      "Node Type": "Index Scan",
                      "Parent Relationship": "Inner",
                      "Parallel Aware": false,
                      "Scan Direction": "Forward",
                      "Index Name": "movie_id_movie_info",
                      "Relation Name": "movie_info",
                      "Alias": "mi",
                      "Startup Cost": 0.43,
                      "Total Cost": 1.6,
                      "Plan Rows": 35,
                      "Plan Width": 4,
                      "Actual Startup Time": 0.004,
                      "Actual Total Time": 0.014,
                      "Actual Rows": 14,
                      "Actual Loops": 10667,
                      "Index Cond": "(movie_id = t.id)",
                      "Rows Removed by Index Recheck": 0,
                      "Filter": "(info_type_id > 2)",
                      "Rows Removed by Filter": 2
                    }
                  ]
                }
              ]
            }
          ]
        }
      ]
    },
    "Planning Time": 1.626,
    "Triggers": [],
    "Execution Time": 107.654
  }
]