[
  {
    "Plan": {
      "Node Type": "Aggregate",
      "Strategy": "Plain",
      "Partial Mode": "Finalize",
      "Parallel Aware": false,
      "Startup Cost": 136745.19,
      "Total Cost": 136745.2,
      "Plan Rows": 1,
      "Plan Width": 8,
      "Actual Startup Time": 648.204,
      "Actual Total Time": 719.064,
      "Actual Rows": 1,
      "Actual Loops": 1,
      "Plans": [
        {
          "Node Type": "Gather",
          "Parent Relationship": "Outer",
          "Parallel Aware": false,
          "Startup Cost": 136744.77,
          "Total Cost": 136745.18,
          "Plan Rows": 4,
          "Plan Width": 8,
          "Actual Startup Time": 647.663,
          "Actual Total Time": 719.054,
          "Actual Rows": 5,
          "Actual Loops": 1,
          "Workers Planned": 4,
          "Workers Launched": 4,
          "Single Copy": false,
          "Plans": [
            {
              "Node Type": "Aggregate",
              "Strategy": "Plain",
              "Partial Mode": "Partial",
              "Parent Relationship": "Outer",
              "Parallel Aware": false,
              "Startup Cost": 135744.77,
              "Total Cost": 135744.78,
              "Plan Rows": 1,
              "Plan Width": 8,
              "Actual Startup Time": 637.466,
              "Actual Total Time": 637.469,
              "Actual Rows": 1,
              "Actual Loops": 5,
              "Plans": [
                {
                  "Node Type": "Nested Loop",
                  "Parent Relationship": "Outer",
                  "Parallel Aware": false,
                  "Join Type": "Inner",
                  "Startup Cost": 25324.93,
                  "Total Cost": 134700.21,
                  "Plan Rows": 417824,
                  "Plan Width": 0,
                  "Actual Startup Time": 69.435,
                  "Actual Total Time": 623.617,
                  "Actual Rows": 230993,
                  "Actual Loops": 5,
                  "Inner Unique": false,
                  "Plans": [
                    {
                      "Node Type": "Hash Join",
                      "Parent Relationship": "Outer",
                      "Parallel Aware": true,
                      "Join Type": "Inner",
                      "Startup Cost": 25324.36,
                      "Total Cost": 70897.52,
                      "Plan Rows": 29159,
                      "Plan Width": 8,
                      "Actual Startup Time": 69.336,
                      "Actual Total Time": 195.657,
                      "Actual Rows": 10614,
                      "Actual Loops": 5,
                      "Inner Unique": false,
                      "Hash Cond": "(t.id = mc.movie_id)",
                      "Plans": [
                        {
                          "Node Type": "Seq Scan",
                          "Parent Relationship": "Outer",
                          "Parallel Aware": true,
                          "Relation Name": "title",
                          "Alias": "t",
                          "Startup Cost": 0.0,
                          "Total Cost": 42318.73,
                          "Plan Rows": 632073,
                          "Plan Width": 4,
                          "Actual Startup Time": 0.011,
                          "Actual Total Time": 55.967,
                          "Actual Rows": 505662,
                          "Actual Loops": 5
                        },
                        {
                          "Node Type": "Hash",
                          "Parent Relationship": "Inner",
                          "Parallel Aware": true,
                          "Startup Cost": 24854.05,
                          "Total Cost": 24854.05,
                          "Plan Rows": 37625,
                          "Plan Width": 4,
                          "Actual Startup Time": 67.799,
                          "Actual Total Time": 67.8,
                          "Actual Rows": 10614,
                          "Actual Loops": 5,
                          "Hash Buckets": 131072,
                          "Original Hash Buckets": 131072,
                          "Hash Batches": 1,
                          "Original Hash Batches": 1,
                          "Peak Memory Usage": 3168,
                          "Plans": [
                            {
                              "Node Type": "Bitmap Heap Scan",
                              "Parent Relationship": "Outer",
                              "Parallel Aware": true,
                              "Relation Name": "movie_companies",
                              "Alias": "mc",
                              "Startup Cost": 4952.5,
                              "Total Cost": 24854.05,
                              "Plan Rows": 37625,
                              "Plan Width": 4,
                              "Actual Startup Time": 54.394,
                              "Actual Total Time": 64.572,
                              "Actual Rows": 10614,
                              "Actual Loops": 5,
                              "Recheck Cond": "(company_id < 92)",
                              "Rows Removed by Index Recheck": 0,
                              "Filter": "(company_type_id > 1)",
                              "Rows Removed by Filter": 35307,
                              "Exact Heap Blocks": 9646,
                              "Lossy Heap Blocks": 0,
                              "Plans": [
                                {
                                  "Node Type": "Bitmap Index Scan",
                                  "Parent Relationship": "Outer",
                                  "Parallel Aware": false,
                                  "Index Name": "company_id_movie_companies",
                                  "Startup Cost": 0.0,
                                  "Total Cost": 4923.34,
                                  "Plan Rows": 229721,
                                  "Plan Width": 0,
                                  "Actual Startup Time": 24.353,
                                  "Actual Total Time": 24.353,
                                  "Actual Rows": 229604,
                                  "Actual Loops": 1,
                                  "Index Cond": "(company_id < 92)"
                                }
                              ]
                            }
                          ]
                        }
                      ]
                    },
                    {
                      "Node Type": "Index Only Scan",
                      "Parent Relationship": "Inner",
                      "Parallel Aware": false,
                      "Scan Direction": "Forward",
                      "Index Name": "movie_id_cast_info",
                      "Relation Name": "cast_info",
                      "Alias": "ci",
                      "Startup Cost": 0.56,
                      "Total Cost": 1.82,
                      "Plan Rows": 37,
                      "Plan Width": 4,
                      "Actual Startup Time": 0.007,
                      "Actual Total Time": 0.038,
                      "Actual Rows": 22,
                      "Actual Loops": 53070,
                      "Index Cond": "(movie_id = t.id)",
                      "Rows Removed by Index Recheck": 0,
                      "Heap Fetches": 1154966
                    }
                  ]
                }
              ]
            }
          ]
        }
      ]
    },
    "Planning Time": 1.417,
    "Triggers": [],
    "Execution Time": 719.197
  }
]