[
  {
    "Plan": {
      "Node Type": "Aggregate",
      "Strategy": "Plain",
      "Partial Mode": "Finalize",
      "Parallel Aware": false,
      "Startup Cost": 45295.68,
      "Total Cost": 45295.69,
      "Plan Rows": 1,
      "Plan Width": 8,
      "Actual Startup Time": 129.357,
      "Actual Total Time": 138.699,
      "Actual Rows": 1,
      "Actual Loops": 1,
      "Plans": [
        {
          "Node Type": "Gather",
          "Parent Relationship": "Outer",
          "Parallel Aware": false,
          "Startup Cost": 45295.36,
          "Total Cost": 45295.67,
          "Plan Rows": 3,
          "Plan Width": 8,
          "Actual Startup Time": 129.208,
          "Actual Total Time": 138.691,
          "Actual Rows": 4,
          "Actual Loops": 1,
          "Workers Planned": 3,
          "Workers Launched": 3,
          "Single Copy": false,
          "Plans": [
            {
              "Node Type": "Aggregate",
              "Strategy": "Plain",
              "Partial Mode": "Partial",
              "Parent Relationship": "Outer",
              "Parallel Aware": false,
              "Startup Cost": 44295.36,
              "Total Cost": 44295.37,
              "Plan Rows": 1,
              "Plan Width": 8,
              "Actual Startup Time": 124.171,
              "Actual Total Time": 124.172,
              "Actual Rows": 1,
              "Actual Loops": 4,
              "Plans": [
                {
                  "Node Type": "Seq Scan",
                  "Parent Relationship": "Outer",
                  "Parallel Aware": true,
                  "Relation Name": "movie_keyword",
                  "Alias": "mk",
                  "Startup Cost": 0.0,
                  "Total Cost": 42695.65,
                  "Plan Rows": 639883,
                  "Plan Width": 0,
                  "Actual Startup Time": 0.332,
                  "Actual Total Time": 102.812,
                  "Actual Rows": 493976,
                  "Actual Loops": 4,
                  "Filter": "(keyword_id > 6413)",
                  "Rows Removed by Filter": 637007
                }
              ]
            }
          ]
        }
      ]
    },
    "Planning Time": 0.179,
    "Triggers": [],
    "Execution Time": 138.759
  }
]