[
  {
    "Plan": {
      "Node Type": "Aggregate",
      "Strategy": "Plain",
      "Partial Mode": "Finalize",
      "Parallel Aware": false,
      "Startup Cost": 101854.88,
      "Total Cost": 101854.89,
      "Plan Rows": 1,
      "Plan Width": 8,
      "Actual Startup Time": 251.396,
      "Actual Total Time": 275.207,
      "Actual Rows": 1,
      "Actual Loops": 1,
      "Plans": [
        {
          "Node Type": "Gather",
          "Parent Relationship": "Outer",
          "Parallel Aware": false,
          "Startup Cost": 101854.57,
          "Total Cost": 101854.88,
          "Plan Rows": 3,
          "Plan Width": 8,
          "Actual Startup Time": 250.426,
          "Actual Total Time": 275.2,
          "Actual Rows": 4,
          "Actual Loops": 1,
          "Workers Planned": 3,
          "Workers Launched": 3,
          "Single Copy": false,
          "Plans": [
            {
              "Node Type": "Aggregate",
              "Strategy": "Plain",
              "Partial Mode": "Partial",
              "Parent Relationship": "Outer",
              "Parallel Aware": false,
              "Startup Cost": 100854.57,
              "Total Cost": 100854.58,
              "Plan Rows": 1,
              "Plan Width": 8,
              "Actual Startup Time": 240.736,
              "Actual Total Time": 240.74,
              "Actual Rows": 1,
              "Actual Loops": 4,
              "Plans": [
                {
                  "Node Type": "Nested Loop",
                  "Parent Relationship": "Outer",
                  "Parallel Aware": false,
                  "Join Type": "Inner",
                  "Startup Cost": 59308.89,
                  "Total Cost": 100765.99,
                  "Plan Rows": 35432,
                  "Plan Width": 0,
                  "Actual Startup Time": 143.852,
                  "Actual Total Time": 239.986,
                  "Actual Rows": 9026,
                  "Actual Loops": 4,
                  "Inner Unique": false,
                  "Join Filter": "(t.id = ci.movie_id)",
                  "Rows Removed by Join Filter": 0,
                  "Plans": [
                    {
                      "Node Type": "Hash Join",
                      "Parent Relationship": "Outer",
                      "Parallel Aware": true,
                      "Join Type": "Inner",
                      "Startup Cost": 59308.32,
                      "Total Cost": 86912.09,
                      "Plan Rows": 3508,
                      "Plan Width": 8,
                      "Actual Startup Time": 143.696,
                      "Actual Total Time": 213.297,
                      "Actual Rows": 421,
                      "Actual Loops": 4,
                      "Inner Unique": true,
                      "Hash Cond": "(mk.movie_id = t.id)",
                      "Plans": [
                        {
                          "Node Type": "Bitmap Heap Scan",
                          "Parent Relationship": "Outer",
                          "Parallel Aware": true,
                          "Relation Name": "movie_keyword",
                          "Alias": "mk",
                          "Startup Cost": 13695.62,
                          "Total Cost": 40752.74,
                          "Plan Rows": 208249,
                          "Plan Width": 4,
                          "Actual Startup Time": 37.518,
                          "Actual Total Time": 92.617,
                          "Actual Rows": 162832,
                          "Actual Loops": 4,
                          "Recheck Cond": "(keyword_id > 28851)",
                          "Rows Removed by Index Recheck": 0,
                          "Exact Heap Blocks": 8678,
                          "Lossy Heap Blocks": 0,
                          "Plans": [
                            {
                              "Node Type": "Bitmap Index Scan",
                              "Parent Relationship": "Outer",
                              "Parallel Aware": false,
                              "Index Name": "keyword_id_movie_keyword",
                              "Startup Cost": 0.0,
                              "Total Cost": 13534.23,
                              "Plan Rows": 645573,
                              "Plan Width": 0,
                              "Actual Startup Time": 33.96,
                              "Actual Total Time": 33.96,
                              "Actual Rows": 651328,
                              "Actual Loops": 1,
                              "Index Cond": "(keyword_id > 28851)"
                            }
                          ]
                        },
                        {
                          "Node Type": "Hash",
                          "Parent Relationship": "Inner",
                          "Parallel Aware": true,
                          "Startup Cost": 45479.59,
                          "Total Cost": 45479.59,
                          "Plan Rows": 10649,
                          "Plan Width": 4,
                          "Actual Startup Time": 103.083,
                          "Actual Total Time": 103.084,
                          "Actual Rows": 10102,
                          "Actual Loops": 4,
                          "Hash Buckets": 65536,
                          "Original Hash Buckets": 65536,
                          "Hash Batches": 1,
                          "Original Hash Batches": 1,
                          "Peak Memory Usage": 2176,
                          "Plans": [
                            {
                              "Node Type": "Seq Scan",
                              "Parent Relationship": "Outer",
                              "Parallel Aware": true,
                              "Relation Name": "title",
                              "Alias": "t",
                              "Startup Cost": 0.0,
                              "Total Cost": 45479.59,
                              "Plan Rows": 10649,
                              "Plan Width": 4,
                              "Actual Startup Time": 0.085,
                              "Actual Total Time": 98.174,
                              "Actual Rows": 10102,
                              "Actual Loops": 4,
                              "Filter": "((kind_id > 4) AND (production_year > 2012))",
                              "Rows Removed by Filter": 621976
                            }
                          ]
                        }
                      ]
                    },
                    {
                      "Node Type": "Index Scan",
                      "Parent Relationship": "Inner",
                      "Parallel Aware": false,
                      "Scan Direction": "Forward",
                      "Index Name": "movie_id_cast_info",
                      "Relation Name": "cast_info",
                      "Alias": "ci",
                      "Startup Cost": 0.56,
                      "Total Cost": 3.64,
                      "Plan Rows": 25,
                      "Plan Width": 4,
                      "Actual Startup Time": 0.008,
                      "Actual Total Time": 0.06,
                      "Actual Rows": 21,
                      "Actual Loops": 1684,
                      "Index Cond": "(movie_id = mk.movie_id)",
                      "Rows Removed by Index Recheck": 0,
                      "Filter": "(person_id < 2648702)",
                      "Rows Removed by Filter": 14
                    }
                  ]
                }
              ]
            }
          ]
        }
      ]
    },
    "Planning Time": 1.389,
    "Triggers": [],
    "Execution Time": 275.313
  }
]