[
  {
    "Plan": {
      "Node Type": "Aggregate",
      "Strategy": "Plain",
      "Partial Mode": "Finalize",
      "Parallel Aware": false,
      "Startup Cost": 102484.49,
      "Total Cost": 102484.5,
      "Plan Rows": 1,
      "Plan Width": 8,
      "Actual Startup Time": 260.162,
      "Actual Total Time": 282.451,
      "Actual Rows": 1,
      "Actual Loops": 1,
      "Plans": [
        {
          "Node Type": "Gather",
          "Parent Relationship": "Outer",
          "Parallel Aware": false,
          "Startup Cost": 102484.17,
          "Total Cost": 102484.48,
          "Plan Rows": 3,
          "Plan Width": 8,
          "Actual Startup Time": 259.484,
          "Actual Total Time": 282.442,
          "Actual Rows": 4,
          "Actual Loops": 1,
          "Workers Planned": 3,
          "Workers Launched": 3,
          "Single Copy": false,
          "Plans": [
            {
              "Node Type": "Aggregate",
              "Strategy": "Plain",
              "Partial Mode": "Partial",
              "Parent Relationship": "Outer",
              "Parallel Aware": false,
              "Startup Cost": 101484.17,
              "Total Cost": 101484.18,
              "Plan Rows": 1,
              "Plan Width": 8,
              "Actual Startup Time": 249.908,
              "Actual Total Time": 249.912,
              "Actual Rows": 1,
              "Actual Loops": 4,
              "Plans": [
                {
                  "Node Type": "Nested Loop",
                  "Parent Relationship": "Outer",
                  "Parallel Aware": false,
                  "Join Type": "Inner",
                  "Startup Cost": 59654.78,
                  "Total Cost": 101394.21,
                  "Plan Rows": 35986,
                  "Plan Width": 0,
                  "Actual Startup Time": 145.089,
                  "Actual Total Time": 249.154,
                  "Actual Rows": 9026,
                  "Actual Loops": 4,
                  "Inner Unique": false,
                  "Join Filter": "(t.id = ci.movie_id)",
                  "Rows Removed by Join Filter": 0,
                  "Plans": [
                    {
                      "Node Type": "Hash Join",
                      "Parent Relationship": "Outer",
                      "Parallel Aware": true,
                      "Join Type": "Inner",
                      "Startup Cost": 59654.22,
                      "Total Cost": 87338.32,
                      "Plan Rows": 3565,
                      "Plan Width": 8,
                      "Actual Startup Time": 144.972,
                      "Actual Total Time": 221.932,
                      "Actual Rows": 421,
                      "Actual Loops": 4,
                      "Inner Unique": true,
                      "Hash Cond": "(mk.movie_id = t.id)",
                      "Plans": [
                        {
                          "Node Type": "Bitmap Heap Scan",
                          "Parent Relationship": "Outer",
                          "Parallel Aware": true,
                          "Relation Name": "movie_keyword",
                          "Alias": "mk",
                          "Startup Cost": 14043.22,
                          "Total Cost": 41166.72,
                          "Plan Rows": 213560,
                          "Plan Width": 4,
                          "Actual Startup Time": 37.46,
                          "Actual Total Time": 98.22,
                          "Actual Rows": 162832,
                          "Actual Loops": 4,
                          "Recheck Cond": "(keyword_id > 28851)",
                          "Rows Removed by Index Recheck": 0,
                          "Exact Heap Blocks": 9305,
                          "Lossy Heap Blocks": 0,
                          "Plans": [
                            {
                              "Node Type": "Bitmap Index Scan",
                              "Parent Relationship": "Outer",
                              "Parallel Aware": false,
                              "Index Name": "keyword_id_movie_keyword",
                              "Startup Cost": 0.0,
                              "Total Cost": 13877.71,
                              "Plan Rows": 662037,
                              "Plan Width": 0,
                              "Actual Startup Time": 33.868,
                              "Actual Total Time": 33.869,
                              "Actual Rows": 651328,
                              "Actual Loops": 1,
                              "Index Cond": "(keyword_id > 28851)"
                            }
                          ]
                        },
                        {
                          "Node Type": "Hash",
                          "Parent Relationship": "Inner",
                          "Parallel Aware": true,
                          "Startup Cost": 45479.1,
                          "Total Cost": 45479.1,
                          "Plan Rows": 10552,
                          "Plan Width": 4,
                          "Actual Startup Time": 103.887,
                          "Actual Total Time": 103.888,
                          "Actual Rows": 10102,
                          "Actual Loops": 4,
                          "Hash Buckets": 65536,
                          "Original Hash Buckets": 65536,
                          "Hash Batches": 1,
                          "Original Hash Batches": 1,
                          "Peak Memory Usage": 2176,
                          "Plans": [
                            {
                              "Node Type": "Seq Scan",
                              "Parent Relationship": "Outer",
                              "Parallel Aware": true,
                              "Relation Name": "title",
                              "Alias": "t",
                              "Startup Cost": 0.0,
                              "Total Cost": 45479.1,
                              "Plan Rows": 10552,
                              "Plan Width": 4,
                              "Actual Startup Time": 0.058,
                              "Actual Total Time": 98.821,
                              "Actual Rows": 10102,
                              "Actual Loops": 4,
                              "Filter": "((kind_id > 4) AND (production_year > 2012))",
                              "Rows Removed by Filter": 621976
                            }
                          ]
                        }
                      ]
                    },
                    {
                      "Node Type": "Index Scan",
                      "Parent Relationship": "Inner",
                      "Parallel Aware": false,
                      "Scan Direction": "Forward",
                      "Index Name": "movie_id_cast_info",
                      "Relation Name": "cast_info",
                      "Alias": "ci",
                      "Startup Cost": 0.56,
                      "Total Cost": 3.62,
                      "Plan Rows": 26,
                      "Plan Width": 4,
                      "Actual Startup Time": 0.008,
                      "Actual Total Time": 0.061,
                      "Actual Rows": 21,
                      "Actual Loops": 1684,
                      "Index Cond": "(movie_id = mk.movie_id)",
                      "Rows Removed by Index Recheck": 0,
                      "Filter": "(person_id < 2648702)",
                      "Rows Removed by Filter": 14
                    }
                  ]
                }
              ]
            }
          ]
        }
      ]
    },
    "Planning Time": 1.357,
    "Triggers": [],
    "Execution Time": 282.614
  }
]