[
  {
    "Plan": {
      "Node Type": "Aggregate",
      "Strategy": "Plain",
      "Partial Mode": "Finalize",
      "Parallel Aware": false,
      "Startup Cost": 113510.79,
      "Total Cost": 113510.8,
      "Plan Rows": 1,
      "Plan Width": 8,
      "Actual Startup Time": 1103.434,
      "Actual Total Time": 1178.605,
      "Actual Rows": 1,
      "Actual Loops": 1,
      "Plans": [
        {
          "Node Type": "Gather",
          "Parent Relationship": "Outer",
          "Parallel Aware": false,
          "Startup Cost": 113510.48,
          "Total Cost": 113510.79,
          "Plan Rows": 3,
          "Plan Width": 8,
          "Actual Startup Time": 1102.551,
          "Actual Total Time": 1178.597,
          "Actual Rows": 4,
          "Actual Loops": 1,
          "Workers Planned": 3,
          "Workers Launched": 3,
          "Single Copy": false,
          "Plans": [
            {
              "Node Type": "Aggregate",
              "Strategy": "Plain",
              "Partial Mode": "Partial",
              "Parent Relationship": "Outer",
              "Parallel Aware": false,
              "Startup Cost": 112510.48,
              "Total Cost": 112510.49,
              "Plan Rows": 1,
              "Plan Width": 8,
              "Actual Startup Time": 1094.261,
              "Actual Total Time": 1094.265,
              "Actual Rows": 1,
              "Actual Loops": 4,
              "Plans": [
                {
                  "Node Type": "Nested Loop",
                  "Parent Relationship": "Outer",
                  "Parallel Aware": false,
                  "Join Type": "Inner",
                  "Startup Cost": 59141.39,
                  "Total Cost": 112492.53,
                  "Plan Rows": 7180,
                  "Plan Width": 0,
                  "Actual Startup Time": 188.289,
                  "Actual Total Time": 1077.902,
                  "Actual Rows": 271076,
                  "Actual Loops": 4,
                  "Inner Unique": false,
                  "Join Filter": "(t.id = ci.movie_id)",
                  "Rows Removed by Join Filter": 0,
                  "Plans": [
                    {
                      "Node Type": "Hash Join",
                      "Parent Relationship": "Outer",
                      "Parallel Aware": true,
                      "Join Type": "Inner",
                      "Startup Cost": 59140.83,
                      "Total Cost": 86676.05,
                      "Plan Rows": 6768,
                      "Plan Width": 8,
                      "Actual Startup Time": 188.026,
                      "Actual Total Time": 260.647,
                      "Actual Rows": 32338,
                      "Actual Loops": 4,
                      "Inner Unique": true,
                      "Hash Cond": "(mk.movie_id = t.id)",
                      "Plans": [
                        {
                          "Node Type": "Bitmap Heap Scan",
                          "Parent Relationship": "Outer",
                          "Parallel Aware": true,
                          "Relation Name": "movie_keyword",
                          "Alias": "mk",
                          "Startup Cost": 13398.74,
                          "Total Cost": 40399.21,
                          "Plan Rows": 203717,
                          "Plan Width": 4,
                          "Actual Startup Time": 36.26,
                          "Actual Total Time": 93.122,
                          "Actual Rows": 160092,
                          "Actual Loops": 4,
                          "Recheck Cond": "(keyword_id > 29029)",
                          "Rows Removed by Index Recheck": 0,
                          "Exact Heap Blocks": 9496,
                          "Lossy Heap Blocks": 0,
                          "Plans": [
                            {
                              "Node Type": "Bitmap Index Scan",
                              "Parent Relationship": "Outer",
                              "Parallel Aware": false,
                              "Index Name": "keyword_id_movie_keyword",
                              "Startup Cost": 0.0,
                              "Total Cost": 13240.86,
                              "Plan Rows": 631524,
                              "Plan Width": 0,
                              "Actual Startup Time": 32.623,
                              "Actual Total Time": 32.624,
                              "Actual Rows": 640368,
                              "Actual Loops": 1,
                              "Index Cond": "(keyword_id > 29029)"
                            }
                          ]
                        },
                        {
                          "Node Type": "Hash",
                          "Parent Relationship": "Inner",
                          "Parallel Aware": true,
                          "Startup Cost": 45479.59,
                          "Total Cost": 45479.59,
                          "Plan Rows": 21000,
                          "Plan Width": 4,
                          "Actual Startup Time": 128.076,
                          "Actual Total Time": 128.077,
                          "Actual Rows": 54399,
                          "Actual Loops": 4,
                          "Hash Buckets": 262144,
                          "Original Hash Buckets": 131072,
                          "Hash Batches": 1,
                          "Original Hash Batches": 1,
                          "Peak Memory Usage": 11648,
                          "Plans": [
                            {
                              "Node Type": "Seq Scan",
                              "Parent Relationship": "Outer",
                              "Parallel Aware": true,
                              "Relation Name": "title",
                              "Alias": "t",
                              "Startup Cost": 0.0,
                              "Total Cost": 45479.59,
                              "Plan Rows": 21000,
                              "Plan Width": 4,
                              "Actual Startup Time": 60.106,
                              "Actual Total Time": 103.507,
                              "Actual Rows": 54399,
                              "Actual Loops": 4,
                              "Filter": "((production_year < 1968) AND (kind_id = 1))",
                              "Rows Removed by Filter": 577679
                            }
                          ]
                        }
                      ]
                    },
                    {
                      "Node Type": "Index Scan",
                      "Parent Relationship": "Inner",
                      "Parallel Aware": false,
                      "Scan Direction": "Forward",
                      "Index Name": "movie_id_cast_info",
                      "Relation Name": "cast_info",
                      "Alias": "ci",
                      "Startup Cost": 0.56,
                      "Total Cost": 3.78,
                      "Plan Rows": 3,
                      "Plan Width": 4,
                      "Actual Startup Time": 0.004,
                      "Actual Total Time": 0.024,
                      "Actual Rows": 8,
                      "Actual Loops": 129352,
                      "Index Cond": "(movie_id = mk.movie_id)",
                      "Rows Removed by Index Recheck": 0,
                      "Filter": "((person_id < 757916) AND (role_id < 2))",
                      "Rows Removed by Filter": 24
                    }
                  ]
                }
              ]
            }
          ]
        }
      ]
    },
    "Planning Time": 1.39,
    "Triggers": [],
    "Execution Time": 1178.733
  }
]