[
  {
    "Plan": {
      "Node Type": "Aggregate",
      "Strategy": "Plain",
      "Partial Mode": "Finalize",
      "Parallel Aware": false,
      "Startup Cost": 44947.85,
      "Total Cost": 44947.86,
      "Plan Rows": 1,
      "Plan Width": 8,
      "Actual Startup Time": 144.919,
      "Actual Total Time": 154.471,
      "Actual Rows": 1,
      "Actual Loops": 1,
      "Plans": [
        {
          "Node Type": "Gather",
          "Parent Relationship": "Outer",
          "Parallel Aware": false,
          "Startup Cost": 44947.53,
          "Total Cost": 44947.84,
          "Plan Rows": 3,
          "Plan Width": 8,
          "Actual Startup Time": 144.782,
          "Actual Total Time": 154.463,
          "Actual Rows": 4,
          "Actual Loops": 1,
          "Workers Planned": 3,
          "Workers Launched": 3,
          "Single Copy": false,
          "Plans": [
            {
              "Node Type": "Aggregate",
              "Strategy": "Plain",
              "Partial Mode": "Partial",
              "Parent Relationship": "Outer",
              "Parallel Aware": false,
              "Startup Cost": 43947.53,
              "Total Cost": 43947.54,
              "Plan Rows": 1,
              "Plan Width": 8,
              "Actual Startup Time": 136.224,
              "Actual Total Time": 136.225,
              "Actual Rows": 1,
              "Actual Loops": 4,
              "Plans": [
                {
                  "Node Type": "Seq Scan",
                  "Parent Relationship": "Outer",
                  "Parallel Aware": true,
                  "Relation Name": "movie_keyword",
                  "Alias": "mk",
                  "Startup Cost": 0.0,
                  "Total Cost": 42695.65,
                  "Plan Rows": 500750,
                  "Plan Width": 0,
                  "Actual Startup Time": 1.279,
                  "Actual Total Time": 116.175,
                  "Actual Rows": 389699,
                  "Actual Loops": 4,
                  "Filter": "(keyword_id > 10093)",
                  "Rows Removed by Filter": 741284
                }
              ]
            }
          ]
        }
      ]
    },
    "Planning Time": 0.133,
    "Triggers": [],
    "Execution Time": 154.516
  }
]