[
  {
    "Plan": {
      "Node Type": "Aggregate",
      "Strategy": "Plain",
      "Partial Mode": "Finalize",
      "Parallel Aware": false,
      "Startup Cost": 109307.45,
      "Total Cost": 109307.46,
      "Plan Rows": 1,
      "Plan Width": 8,
      "Actual Startup Time": 260.122,
      "Actual Total Time": 282.391,
      "Actual Rows": 1,
      "Actual Loops": 1,
      "Plans": [
        {
          "Node Type": "Gather",
          "Parent Relationship": "Outer",
          "Parallel Aware": false,
          "Startup Cost": 109307.03,
          "Total Cost": 109307.44,
          "Plan Rows": 4,
          "Plan Width": 8,
          "Actual Startup Time": 259.137,
          "Actual Total Time": 282.382,
          "Actual Rows": 5,
          "Actual Loops": 1,
          "Workers Planned": 4,
          "Workers Launched": 4,
          "Single Copy": false,
          "Plans": [
            {
              "Node Type": "Aggregate",
              "Strategy": "Plain",
              "Partial Mode": "Partial",
              "Parent Relationship": "Outer",
              "Parallel Aware": false,
              "Startup Cost": 108307.03,
              "Total Cost": 108307.04,
              "Plan Rows": 1,
              "Plan Width": 8,
              "Actual Startup Time": 253.421,
              "Actual Total Time": 253.426,
              "Actual Rows": 1,
              "Actual Loops": 5,
              "Plans": [
                {
                  "Node Type": "Nested Loop",
                  "Parent Relationship": "Outer",
                  "Parallel Aware": false,
                  "Join Type": "Inner",
                  "Startup Cost": 45850.14,
                  "Total Cost": 108253.96,
                  "Plan Rows": 21230,
                  "Plan Width": 0,
                  "Actual Startup Time": 90.193,
                  "Actual Total Time": 252.627,
                  "Actual Rows": 12446,
                  "Actual Loops": 5,
                  "Inner Unique": false,
                  "Join Filter": "(t.id = mc.movie_id)",
                  "Rows Removed by Join Filter": 0,
                  "Plans": [
                    {
                      "Node Type": "Hash Join",
                      "Parent Relationship": "Outer",
                      "Parallel Aware": true,
                      "Join Type": "Inner",
                      "Startup Cost": 45849.71,
                      "Total Cost": 94997.49,
                      "Plan Rows": 20573,
                      "Plan Width": 8,
                      "Actual Startup Time": 90.091,
                      "Actual Total Time": 204.668,
                      "Actual Rows": 13933,
                      "Actual Loops": 5,
                      "Inner Unique": true,
                      "Hash Cond": "(ci.movie_id = t.id)",
                      "Plans": [
                        {
                          "Node Type": "Index Scan",
                          "Parent Relationship": "Outer",
                          "Parallel Aware": true,
                          "Scan Direction": "Forward",
                          "Index Name": "role_id_cast_info",
                          "Relation Name": "cast_info",
                          "Alias": "ci",
                          "Startup Cost": 0.56,
                          "Total Cost": 47993.72,
                          "Plan Rows": 439854,
                          "Plan Width": 4,
                          "Actual Startup Time": 0.064,
                          "Actual Total Time": 58.923,
                          "Actual Rows": 340709,
                          "Actual Loops": 5,
                          "Index Cond": "(role_id = 8)",
                          "Rows Removed by Index Recheck": 0
                        },
                        {
                          "Node Type": "Hash",
                          "Parent Relationship": "Inner",
                          "Parallel Aware": true,
                          "Startup Cost": 45479.59,
                          "Total Cost": 45479.59,
                          "Plan Rows": 29565,
                          "Plan Width": 4,
                          "Actual Startup Time": 89.17,
                          "Actual Total Time": 89.171,
                          "Actual Rows": 24949,
                          "Actual Loops": 5,
                          "Hash Buckets": 131072,
                          "Original Hash Buckets": 131072,
                          "Hash Batches": 1,
                          "Original Hash Batches": 1,
                          "Peak Memory Usage": 5984,
                          "Plans": [
                            {
                              "Node Type": "Seq Scan",
                              "Parent Relationship": "Outer",
                              "Parallel Aware": true,
                              "Relation Name": "title",
                              "Alias": "t",
                              "Startup Cost": 0.0,
                              "Total Cost": 45479.59,
                              "Plan Rows": 29565,
                              "Plan Width": 4,
                              "Actual Startup Time": 0.035,
                              "Actual Total Time": 79.683,
                              "Actual Rows": 24949,
                              "Actual Loops": 5,
                              "Filter": "((kind_id > 1) AND (production_year = 2012))",
                              "Rows Removed by Filter": 480713
                            }
                          ]
                        }
                      ]
                    },
                    {
                      "Node Type": "Index Only Scan",
                      "Parent Relationship": "Inner",
                      "Parallel Aware": false,
                      "Scan Direction": "Forward",
                      "Index Name": "movie_id_movie_companies",
                      "Relation Name": "movie_companies",
                      "Alias": "mc",
                      "Startup Cost": 0.43,
                      "Total Cost": 0.58,
                      "Plan Rows": 5,
                      "Plan Width": 4,
                      "Actual Startup Time": 0.003,
                      "Actual Total Time": 0.003,
                      "Actual Rows": 1,
                      "Actual Loops": 69666,
                      "Index Cond": "(movie_id = ci.movie_id)",
                      "Rows Removed by Index Recheck": 0,
                      "Heap Fetches": 62231
                    }
                  ]
                }
              ]
            }
          ]
        }
      ]
    },
    "Planning Time": 0.665,
    "Triggers": [],
    "Execution Time": 282.444
  }
]