{
  "Plan": {
    "Node Type": "Aggregate",
    "Strategy": "Plain",
    "Partial Mode": "Finalize",
    "Parallel Aware": false,
    "Startup Cost": 657968.37,
    "Total Cost": 657968.38,
    "Plan Rows": 1,
    "Plan Width": 8,
    "Actual Startup Time": 6557.726,
    "Actual Total Time": 6622.402,
    "Actual Rows": 1,
    "Actual Loops": 1,
    "Plans": [
      {
        "Node Type": "Gather",
        "Parent Relationship": "Outer",
        "Parallel Aware": false,
        "Startup Cost": 657968.26,
        "Total Cost": 657968.37,
        "Plan Rows": 1,
        "Plan Width": 8,
        "Actual Startup Time": 6540.313,
        "Actual Total Time": 6622.384,
        "Actual Rows": 2,
        "Actual Loops": 1,
        "Workers Planned": 1,
        "Workers Launched": 1,
        "Single Copy": false,
        "Plans": [
          {
            "Node Type": "Aggregate",
            "Strategy": "Plain",
            "Partial Mode": "Partial",
            "Parent Relationship": "Outer",
            "Parallel Aware": false,
            "Startup Cost": 656968.26,
            "Total Cost": 656968.27,
            "Plan Rows": 1,
            "Plan Width": 8,
            "Actual Startup Time": 6522.274,
            "Actual Total Time": 6525.308,
            "Actual Rows": 1,
            "Actual Loops": 2,
            "Plans": [
              {
                "Node Type": "Hash Join",
                "Parent Relationship": "Outer",
                "Parallel Aware": true,
                "Join Type": "Inner",
                "Startup Cost": 519192.49,
                "Total Cost": 637059.79,
                "Plan Rows": 7963386,
                "Plan Width": 0,
                "Actual Startup Time": 5330.208,
                "Actual Total Time": 6274.219,
                "Actual Rows": 5130376,
                "Actual Loops": 2,
                "Inner Unique": false,
                "Hash Cond": "(mk.movie_id = t.id)",
                "Plans": [
                  {
                    "Node Type": "Seq Scan",
                    "Parent Relationship": "Outer",
                    "Parallel Aware": true,
                    "Relation Name": "movie_keyword",
                    "Alias": "mk",
                    "Startup Cost": 0.0,
                    "Total Cost": 51065.35,
                    "Plan Rows": 2661135,
                    "Plan Width": 4,
                    "Actual Startup Time": 0.024,
                    "Actual Total Time": 190.06,
                    "Actual Rows": 2261965,
                    "Actual Loops": 2
                  },
                  {
                    "Node Type": "Hash",
                    "Parent Relationship": "Inner",
                    "Parallel Aware": true,
                    "Startup Cost": 463561.18,
                    "Total Cost": 463561.18,
                    "Plan Rows": 4450505,
                    "Plan Width": 8,
                    "Actual Startup Time": 5294.833,
                    "Actual Total Time": 5297.864,
                    "Actual Rows": 3519788,
                    "Actual Loops": 2,
                    "Hash Buckets": 8388608,
                    "Original Hash Buckets": 8388608,
                    "Hash Batches": 1,
                    "Original Hash Batches": 1,
                    "Peak Memory Usage": 340960,
                    "Plans": [
                      {
                        "Node Type": "Hash Join",
                        "Parent Relationship": "Outer",
                        "Parallel Aware": true,
                        "Join Type": "Inner",
                        "Startup Cost": 65985.48,
                        "Total Cost": 463561.18,
                        "Plan Rows": 4450505,
                        "Plan Width": 8,
                        "Actual Startup Time": 470.965,
                        "Actual Total Time": 4001.642,
                        "Actual Rows": 3519788,
                        "Actual Loops": 2,
                        "Inner Unique": true,
                        "Hash Cond": "(ci.movie_id = t.id)",
                        "Plans": [
                          {
                            "Node Type": "Index Scan",
                            "Parent Relationship": "Outer",
                            "Parallel Aware": true,
                            "Scan Direction": "Forward",
                            "Index Name": "role_id_cast_info",
                            "Relation Name": "cast_info",
                            "Alias": "ci",
                            "Startup Cost": 0.56,
                            "Total Cost": 378519.23,
                            "Plan Rows": 7259809,
                            "Plan Width": 4,
                            "Actual Startup Time": 0.063,
                            "Actual Total Time": 1006.799,
                            "Actual Rows": 6056823,
                            "Actual Loops": 2,
                            "Index Cond": "(role_id > 3)",
                            "Rows Removed by Index Recheck": 0
                          },
                          {
                            "Node Type": "Hash",
                            "Parent Relationship": "Inner",
                            "Parallel Aware": true,
                            "Startup Cost": 54588.39,
                            "Total Cost": 54588.39,
                            "Plan Rows": 911722,
                            "Plan Width": 4,
                            "Actual Startup Time": 464.812,
                            "Actual Total Time": 464.814,
                            "Actual Rows": 777932,
                            "Actual Loops": 2,
                            "Hash Buckets": 2097152,
                            "Original Hash Buckets": 2097152,
                            "Hash Batches": 1,
                            "Original Hash Batches": 1,
                            "Peak Memory Usage": 77280,
                            "Plans": [
                              {
                                "Node Type": "Seq Scan",
                                "Parent Relationship": "Outer",
                                "Parallel Aware": true,
                                "Relation Name": "title",
                                "Alias": "t",
                                "Startup Cost": 0.0,
                                "Total Cost": 54588.39,
                                "Plan Rows": 911722,
                                "Plan Width": 4,
                                "Actual Startup Time": 0.03,
                                "Actual Total Time": 207.153,
                                "Actual Rows": 777932,
                                "Actual Loops": 2,
                                "Filter": "(kind_id > 4)",
                                "Rows Removed by Filter": 486224
                              }
                            ]
                          }
                        ]
                      }
                    ]
                  }
                ]
              }
            ]
          }
        ]
      }
    ]
  },
  "Planning Time": 1.137,
  "Triggers": [],
  "Execution Time": 6622.499
}