[
  {
    "Plan": {
      "Node Type": "Aggregate",
      "Strategy": "Plain",
      "Partial Mode": "Finalize",
      "Parallel Aware": false,
      "Startup Cost": 78720.24,
      "Total Cost": 78720.25,
      "Plan Rows": 1,
      "Plan Width": 8,
      "Actual Startup Time": 267.986,
      "Actual Total Time": 282.909,
      "Actual Rows": 1,
      "Actual Loops": 1,
      "Plans": [
        {
          "Node Type": "Gather",
          "Parent Relationship": "Outer",
          "Parallel Aware": false,
          "Startup Cost": 78719.93,
          "Total Cost": 78720.24,
          "Plan Rows": 3,
          "Plan Width": 8,
          "Actual Startup Time": 265.446,
          "Actual Total Time": 282.899,
          "Actual Rows": 4,
          "Actual Loops": 1,
          "Workers Planned": 3,
          "Workers Launched": 3,
          "Single Copy": false,
          "Plans": [
            {
              "Node Type": "Aggregate",
              "Strategy": "Plain",
              "Partial Mode": "Partial",
              "Parent Relationship": "Outer",
              "Parallel Aware": false,
              "Startup Cost": 77719.93,
              "Total Cost": 77719.94,
              "Plan Rows": 1,
              "Plan Width": 8,
              "Actual Startup Time": 260.516,
              "Actual Total Time": 260.519,
              "Actual Rows": 1,
              "Actual Loops": 4,
              "Plans": [
                {
                  "Node Type": "Hash Join",
                  "Parent Relationship": "Outer",
                  "Parallel Aware": true,
                  "Join Type": "Inner",
                  "Startup Cost": 47115.96,
                  "Total Cost": 77506.86,
                  "Plan Rows": 85225,
                  "Plan Width": 0,
                  "Actual Startup Time": 169.603,
                  "Actual Total Time": 256.731,
                  "Actual Rows": 91664,
                  "Actual Loops": 4,
                  "Inner Unique": true,
                  "Hash Cond": "(mc.movie_id = t.id)",
                  "Plans": [
                    {
                      "Node Type": "Seq Scan",
                      "Parent Relationship": "Outer",
                      "Parallel Aware": true,
                      "Relation Name": "movie_companies",
                      "Alias": "mc",
                      "Startup Cost": 0.0,
                      "Total Cost": 29310.68,
                      "Plan Rows": 411513,
                      "Plan Width": 4,
                      "Actual Startup Time": 0.009,
                      "Actual Total Time": 64.681,
                      "Actual Rows": 318562,
                      "Actual Loops": 4,
                      "Filter": "(company_type_id < 2)",
                      "Rows Removed by Filter": 333721
                    },
                    {
                      "Node Type": "Hash",
                      "Parent Relationship": "Inner",
                      "Parallel Aware": true,
                      "Startup Cost": 45479.59,
                      "Total Cost": 45479.59,
                      "Plan Rows": 130910,
                      "Plan Width": 4,
                      "Actual Startup Time": 135.187,
                      "Actual Total Time": 135.188,
                      "Actual Rows": 99841,
                      "Actual Loops": 4,
                      "Hash Buckets": 524288,
                      "Original Hash Buckets": 524288,
                      "Hash Batches": 1,
                      "Original Hash Batches": 1,
                      "Peak Memory Usage": 19776,
                      "Plans": [
                        {
                          "Node Type": "Seq Scan",
                          "Parent Relationship": "Outer",
                          "Parallel Aware": true,
                          "Relation Name": "title",
                          "Alias": "t",
                          "Startup Cost": 0.0,
                          "Total Cost": 45479.59,
                          "Plan Rows": 130910,
                          "Plan Width": 4,
                          "Actual Startup Time": 43.302,
                          "Actual Total Time": 98.77,
                          "Actual Rows": 99841,
                          "Actual Loops": 4,
                          "Filter": "((production_year > 1976) AND (kind_id = 1))",
                          "Rows Removed by Filter": 532237
                        }
                      ]
                    }
                  ]
                }
              ]
            }
          ]
        }
      ]
    },
    "Planning Time": 0.621,
    "Triggers": [],
    "Execution Time": 282.969
  }
]