[
  {
    "Plan": {
      "Node Type": "Aggregate",
      "Strategy": "Plain",
      "Partial Mode": "Finalize",
      "Parallel Aware": false,
      "Startup Cost": 78733.16,
      "Total Cost": 78733.17,
      "Plan Rows": 1,
      "Plan Width": 8,
      "Actual Startup Time": 268.281,
      "Actual Total Time": 283.762,
      "Actual Rows": 1,
      "Actual Loops": 1,
      "Plans": [
        {
          "Node Type": "Gather",
          "Parent Relationship": "Outer",
          "Parallel Aware": false,
          "Startup Cost": 78732.85,
          "Total Cost": 78733.16,
          "Plan Rows": 3,
          "Plan Width": 8,
          "Actual Startup Time": 266.503,
          "Actual Total Time": 283.752,
          "Actual Rows": 4,
          "Actual Loops": 1,
          "Workers Planned": 3,
          "Workers Launched": 3,
          "Single Copy": false,
          "Plans": [
            {
              "Node Type": "Aggregate",
              "Strategy": "Plain",
              "Partial Mode": "Partial",
              "Parent Relationship": "Outer",
              "Parallel Aware": false,
              "Startup Cost": 77732.85,
              "Total Cost": 77732.86,
              "Plan Rows": 1,
              "Plan Width": 8,
              "Actual Startup Time": 259.702,
              "Actual Total Time": 259.705,
              "Actual Rows": 1,
              "Actual Loops": 4,
              "Plans": [
                {
                  "Node Type": "Hash Join",
                  "Parent Relationship": "Outer",
                  "Parallel Aware": true,
                  "Join Type": "Inner",
                  "Startup Cost": 47119.52,
                  "Total Cost": 77517.79,
                  "Plan Rows": 86023,
                  "Plan Width": 0,
                  "Actual Startup Time": 171.214,
                  "Actual Total Time": 255.949,
                  "Actual Rows": 91664,
                  "Actual Loops": 4,
                  "Inner Unique": true,
                  "Hash Cond": "(mc.movie_id = t.id)",
                  "Plans": [
                    {
                      "Node Type": "Seq Scan",
                      "Parent Relationship": "Outer",
                      "Parallel Aware": true,
                      "Relation Name": "movie_companies",
                      "Alias": "mc",
                      "Startup Cost": 0.0,
                      "Total Cost": 29310.68,
                      "Plan Rows": 414318,
                      "Plan Width": 4,
                      "Actual Startup Time": 0.019,
                      "Actual Total Time": 62.675,
                      "Actual Rows": 318562,
                      "Actual Loops": 4,
                      "Filter": "(company_type_id < 2)",
                      "Rows Removed by Filter": 333721
                    },
                    {
                      "Node Type": "Hash",
                      "Parent Relationship": "Inner",
                      "Parallel Aware": true,
                      "Startup Cost": 45479.1,
                      "Total Cost": 45479.1,
                      "Plan Rows": 131234,
                      "Plan Width": 4,
                      "Actual Startup Time": 138.485,
                      "Actual Total Time": 138.486,
                      "Actual Rows": 99841,
                      "Actual Loops": 4,
                      "Hash Buckets": 1048576,
                      "Original Hash Buckets": 1048576,
                      "Hash Batches": 1,
                      "Original Hash Batches": 1,
                      "Peak Memory Usage": 23872,
                      "Plans": [
                        {
                          "Node Type": "Seq Scan",
                          "Parent Relationship": "Outer",
                          "Parallel Aware": true,
                          "Relation Name": "title",
                          "Alias": "t",
                          "Startup Cost": 0.0,
                          "Total Cost": 45479.1,
                          "Plan Rows": 131234,
                          "Plan Width": 4,
                          "Actual Startup Time": 46.953,
                          "Actual Total Time": 101.314,
                          "Actual Rows": 99841,
                          "Actual Loops": 4,
                          "Filter": "((production_year > 1976) AND (kind_id = 1))",
                          "Rows Removed by Filter": 532237
                        }
                      ]
                    }
                  ]
                }
              ]
            }
          ]
        }
      ]
    },
    "Planning Time": 0.535,
    "Triggers": [],
    "Execution Time": 283.823
  }
]