[
  {
    "Plan": {
      "Node Type": "Aggregate",
      "Strategy": "Plain",
      "Partial Mode": "Finalize",
      "Parallel Aware": false,
      "Startup Cost": 52022.8,
      "Total Cost": 52022.81,
      "Plan Rows": 1,
      "Plan Width": 8,
      "Actual Startup Time": 106.955,
      "Actual Total Time": 121.246,
      "Actual Rows": 1,
      "Actual Loops": 1,
      "Plans": [
        {
          "Node Type": "Gather",
          "Parent Relationship": "Outer",
          "Parallel Aware": false,
          "Startup Cost": 52022.38,
          "Total Cost": 52022.79,
          "Plan Rows": 4,
          "Plan Width": 8,
          "Actual Startup Time": 106.834,
          "Actual Total Time": 121.237,
          "Actual Rows": 5,
          "Actual Loops": 1,
          "Workers Planned": 4,
          "Workers Launched": 4,
          "Single Copy": false,
          "Plans": [
            {
              "Node Type": "Aggregate",
              "Strategy": "Plain",
              "Partial Mode": "Partial",
              "Parent Relationship": "Outer",
              "Parallel Aware": false,
              "Startup Cost": 51022.38,
              "Total Cost": 51022.39,
              "Plan Rows": 1,
              "Plan Width": 8,
              "Actual Startup Time": 97.493,
              "Actual Total Time": 97.494,
              "Actual Rows": 1,
              "Actual Loops": 5,
              "Plans": [
                {
                  "Node Type": "Nested Loop",
                  "Parent Relationship": "Outer",
                  "Parallel Aware": false,
                  "Join Type": "Inner",
                  "Startup Cost": 0.43,
                  "Total Cost": 51019.72,
                  "Plan Rows": 1065,
                  "Plan Width": 0,
                  "Actual Startup Time": 2.895,
                  "Actual Total Time": 97.243,
                  "Actual Rows": 3929,
                  "Actual Loops": 5,
                  "Inner Unique": false,
                  "Plans": [
                    {
                      "Node Type": "Seq Scan",
                      "Parent Relationship": "Outer",
                      "Parallel Aware": true,
                      "Relation Name": "title",
                      "Alias": "t",
                      "Startup Cost": 0.0,
                      "Total Cost": 45479.1,
                      "Plan Rows": 595,
                      "Plan Width": 4,
                      "Actual Startup Time": 2.693,
                      "Actual Total Time": 87.315,
                      "Actual Rows": 609,
                      "Actual Loops": 5,
                      "Filter": "((kind_id < 6) AND (production_year = 1952))",
                      "Rows Removed by Filter": 505054
                    },
                    {
                      "Node Type": "Index Only Scan",
                      "Parent Relationship": "Inner",
                      "Parallel Aware": false,
                      "Scan Direction": "Forward",
                      "Index Name": "movie_id_movie_keyword",
                      "Relation Name": "movie_keyword",
                      "Alias": "mk",
                      "Startup Cost": 0.43,
                      "Total Cost": 8.86,
                      "Plan Rows": 45,
                      "Plan Width": 4,
                      "Actual Startup Time": 0.014,
                      "Actual Total Time": 0.015,
                      "Actual Rows": 6,
                      "Actual Loops": 3043,
                      "Index Cond": "(movie_id = t.id)",
                      "Rows Removed by Index Recheck": 0,
                      "Heap Fetches": 19643
                    }
                  ]
                }
              ]
            }
          ]
        }
      ]
    },
    "Planning Time": 0.616,
    "Triggers": [],
    "Execution Time": 121.318
  }
]