{
  "Plan": {
    "Node Type": "Aggregate",
    "Strategy": "Plain",
    "Partial Mode": "Finalize",
    "Parallel Aware": false,
    "Startup Cost": 426631.74,
    "Total Cost": 426631.75,
    "Plan Rows": 1,
    "Plan Width": 8,
    "Actual Startup Time": 2332.571,
    "Actual Total Time": 2391.922,
    "Actual Rows": 1,
    "Actual Loops": 1,
    "Plans": [
      {
        "Node Type": "Gather",
        "Parent Relationship": "Outer",
        "Parallel Aware": false,
        "Startup Cost": 426631.62,
        "Total Cost": 426631.73,
        "Plan Rows": 1,
        "Plan Width": 8,
        "Actual Startup Time": 2330.491,
        "Actual Total Time": 2391.914,
        "Actual Rows": 2,
        "Actual Loops": 1,
        "Workers Planned": 1,
        "Workers Launched": 1,
        "Single Copy": false,
        "Plans": [
          {
            "Node Type": "Aggregate",
            "Strategy": "Plain",
            "Partial Mode": "Partial",
            "Parent Relationship": "Outer",
            "Parallel Aware": false,
            "Startup Cost": 425631.62,
            "Total Cost": 425631.63,
            "Plan Rows": 1,
            "Plan Width": 8,
            "Actual Startup Time": 2324.222,
            "Actual Total Time": 2324.228,
            "Actual Rows": 1,
            "Actual Loops": 2,
            "Plans": [
              {
                "Node Type": "Hash Join",
                "Parent Relationship": "Outer",
                "Parallel Aware": true,
                "Join Type": "Inner",
                "Startup Cost": 128169.06,
                "Total Cost": 420890.77,
                "Plan Rows": 1896342,
                "Plan Width": 0,
                "Actual Startup Time": 681.371,
                "Actual Total Time": 2298.109,
                "Actual Rows": 545562,
                "Actual Loops": 2,
                "Inner Unique": false,
                "Hash Cond": "(mi.movie_id = t.id)",
                "Plans": [
                  {
                    "Node Type": "Seq Scan",
                    "Parent Relationship": "Outer",
                    "Parallel Aware": true,
                    "Relation Name": "movie_info",
                    "Alias": "mi",
                    "Startup Cost": 0.0,
                    "Total Cost": 248955.74,
                    "Plan Rows": 8696274,
                    "Plan Width": 4,
                    "Actual Startup Time": 0.019,
                    "Actual Total Time": 728.231,
                    "Actual Rows": 7417860,
                    "Actual Loops": 2
                  },
                  {
                    "Node Type": "Hash",
                    "Parent Relationship": "Inner",
                    "Parallel Aware": true,
                    "Startup Cost": 124115.17,
                    "Total Cost": 124115.17,
                    "Plan Rows": 324311,
                    "Plan Width": 8,
                    "Actual Startup Time": 671.097,
                    "Actual Total Time": 671.101,
                    "Actual Rows": 51500,
                    "Actual Loops": 2,
                    "Hash Buckets": 1048576,
                    "Original Hash Buckets": 1048576,
                    "Hash Batches": 1,
                    "Original Hash Batches": 1,
                    "Peak Memory Usage": 12256,
                    "Plans": [
                      {
                        "Node Type": "Hash Join",
                        "Parent Relationship": "Outer",
                        "Parallel Aware": true,
                        "Join Type": "Inner",
                        "Startup Cost": 63085.06,
                        "Total Cost": 124115.17,
                        "Plan Rows": 324311,
                        "Plan Width": 8,
                        "Actual Startup Time": 280.984,
                        "Actual Total Time": 652.862,
                        "Actual Rows": 51500,
                        "Actual Loops": 2,
                        "Inner Unique": true,
                        "Hash Cond": "(mk.movie_id = t.id)",
                        "Plans": [
                          {
                            "Node Type": "Seq Scan",
                            "Parent Relationship": "Outer",
                            "Parallel Aware": true,
                            "Relation Name": "movie_keyword",
                            "Alias": "mk",
                            "Startup Cost": 0.0,
                            "Total Cost": 57718.19,
                            "Plan Rows": 1261685,
                            "Plan Width": 4,
                            "Actual Startup Time": 0.024,
                            "Actual Total Time": 234.013,
                            "Actual Rows": 1073487,
                            "Actual Loops": 2,
                            "Filter": "(keyword_id < 4032)",
                            "Rows Removed by Filter": 1188478
                          },
                          {
                            "Node Type": "Hash",
                            "Parent Relationship": "Inner",
                            "Parallel Aware": true,
                            "Startup Cost": 58306.47,
                            "Total Cost": 58306.47,
                            "Plan Rows": 382287,
                            "Plan Width": 4,
                            "Actual Startup Time": 275.463,
                            "Actual Total Time": 275.464,
                            "Actual Rows": 278398,
                            "Actual Loops": 2,
                            "Hash Buckets": 1048576,
                            "Original Hash Buckets": 1048576,
                            "Hash Batches": 1,
                            "Original Hash Batches": 1,
                            "Peak Memory Usage": 29984,
                            "Plans": [
                              {
                                "Node Type": "Seq Scan",
                                "Parent Relationship": "Outer",
                                "Parallel Aware": true,
                                "Relation Name": "title",
                                "Alias": "t",
                                "Startup Cost": 0.0,
                                "Total Cost": 58306.47,
                                "Plan Rows": 382287,
                                "Plan Width": 4,
                                "Actual Startup Time": 0.05,
                                "Actual Total Time": 184.123,
                                "Actual Rows": 278398,
                                "Actual Loops": 2,
                                "Filter": "((production_year < 2001) AND (kind_id = 7))",
                                "Rows Removed by Filter": 985758
                              }
                            ]
                          }
                        ]
                      }
                    ]
                  }
                ]
              }
            ]
          }
        ]
      }
    ]
  },
  "Planning Time": 1.04,
  "Triggers": [],
  "Execution Time": 2392.024
}