[
  {
    "Plan": {
      "Node Type": "Aggregate",
      "Strategy": "Plain",
      "Partial Mode": "Finalize",
      "Parallel Aware": false,
      "Startup Cost": 169099.82,
      "Total Cost": 169099.83,
      "Plan Rows": 1,
      "Plan Width": 8,
      "Actual Startup Time": 105.148,
      "Actual Total Time": 119.979,
      "Actual Rows": 1,
      "Actual Loops": 1,
      "Plans": [
        {
          "Node Type": "Gather",
          "Parent Relationship": "Outer",
          "Parallel Aware": false,
          "Startup Cost": 169099.4,
          "Total Cost": 169099.81,
          "Plan Rows": 4,
          "Plan Width": 8,
          "Actual Startup Time": 105.002,
          "Actual Total Time": 119.971,
          "Actual Rows": 5,
          "Actual Loops": 1,
          "Workers Planned": 4,
          "Workers Launched": 4,
          "Single Copy": false,
          "Plans": [
            {
              "Node Type": "Aggregate",
              "Strategy": "Plain",
              "Partial Mode": "Partial",
              "Parent Relationship": "Outer",
              "Parallel Aware": false,
              "Startup Cost": 168099.4,
              "Total Cost": 168099.41,
              "Plan Rows": 1,
              "Plan Width": 8,
              "Actual Startup Time": 97.132,
              "Actual Total Time": 97.134,
              "Actual Rows": 1,
              "Actual Loops": 5,
              "Plans": [
                {
                  "Node Type": "Nested Loop",
                  "Parent Relationship": "Outer",
                  "Parallel Aware": false,
                  "Join Type": "Inner",
                  "Startup Cost": 0.43,
                  "Total Cost": 168097.92,
                  "Plan Rows": 593,
                  "Plan Width": 0,
                  "Actual Startup Time": 1.323,
                  "Actual Total Time": 96.983,
                  "Actual Rows": 1507,
                  "Actual Loops": 5,
                  "Inner Unique": false,
                  "Plans": [
                    {
                      "Node Type": "Seq Scan",
                      "Parent Relationship": "Outer",
                      "Parallel Aware": true,
                      "Relation Name": "title",
                      "Alias": "t",
                      "Startup Cost": 0.0,
                      "Total Cost": 45479.1,
                      "Plan Rows": 1114,
                      "Plan Width": 4,
                      "Actual Startup Time": 0.815,
                      "Actual Total Time": 81.721,
                      "Actual Rows": 804,
                      "Actual Loops": 5,
                      "Filter": "((kind_id = 7) AND (production_year = 1954))",
                      "Rows Removed by Filter": 504858
                    },
                    {
                      "Node Type": "Index Scan",
                      "Parent Relationship": "Inner",
                      "Parallel Aware": false,
                      "Scan Direction": "Forward",
                      "Index Name": "movie_id_movie_info",
                      "Relation Name": "movie_info",
                      "Alias": "mi",
                      "Startup Cost": 0.43,
                      "Total Cost": 110.03,
                      "Plan Rows": 4,
                      "Plan Width": 4,
                      "Actual Startup Time": 0.013,
                      "Actual Total Time": 0.018,
                      "Actual Rows": 2,
                      "Actual Loops": 4021,
                      "Index Cond": "(movie_id = t.id)",
                      "Rows Removed by Index Recheck": 0,
                      "Filter": "(info_type_id = 7)",
                      "Rows Removed by Filter": 4
                    }
                  ]
                }
              ]
            }
          ]
        }
      ]
    },
    "Planning Time": 0.539,
    "Triggers": [],
    "Execution Time": 120.041
  }
]