{
  "Plan": {
    "Node Type": "Aggregate",
    "Strategy": "Plain",
    "Partial Mode": "Finalize",
    "Parallel Aware": false,
    "Startup Cost": 60386.63,
    "Total Cost": 60386.64,
    "Plan Rows": 1,
    "Plan Width": 8,
    "Actual Startup Time": 46.715,
    "Actual Total Time": 52.325,
    "Actual Rows": 1,
    "Actual Loops": 1,
    "Plans": [
      {
        "Node Type": "Gather",
        "Parent Relationship": "Outer",
        "Parallel Aware": false,
        "Startup Cost": 60386.52,
        "Total Cost": 60386.63,
        "Plan Rows": 1,
        "Plan Width": 8,
        "Actual Startup Time": 46.623,
        "Actual Total Time": 52.32,
        "Actual Rows": 2,
        "Actual Loops": 1,
        "Workers Planned": 1,
        "Workers Launched": 1,
        "Single Copy": false,
        "Plans": [
          {
            "Node Type": "Aggregate",
            "Strategy": "Plain",
            "Partial Mode": "Partial",
            "Parent Relationship": "Outer",
            "Parallel Aware": false,
            "Startup Cost": 59386.52,
            "Total Cost": 59386.53,
            "Plan Rows": 1,
            "Plan Width": 8,
            "Actual Startup Time": 40.763,
            "Actual Total Time": 40.764,
            "Actual Rows": 1,
            "Actual Loops": 2,
            "Plans": [
              {
                "Node Type": "Nested Loop",
                "Parent Relationship": "Outer",
                "Parallel Aware": false,
                "Join Type": "Inner",
                "Startup Cost": 247.81,
                "Total Cost": 59370.02,
                "Plan Rows": 6599,
                "Plan Width": 0,
                "Actual Startup Time": 2.295,
                "Actual Total Time": 40.075,
                "Actual Rows": 5334,
                "Actual Loops": 2,
                "Inner Unique": true,
                "Plans": [
                  {
                    "Node Type": "Bitmap Heap Scan",
                    "Parent Relationship": "Outer",
                    "Parallel Aware": true,
                    "Relation Name": "movie_companies",
                    "Alias": "mc",
                    "Startup Cost": 247.38,
                    "Total Cost": 17313.53,
                    "Plan Rows": 6599,
                    "Plan Width": 4,
                    "Actual Startup Time": 2.148,
                    "Actual Total Time": 5.827,
                    "Actual Rows": 5334,
                    "Actual Loops": 2,
                    "Recheck Cond": "(company_id = 11)",
                    "Rows Removed by Index Recheck": 0,
                    "Exact Heap Blocks": 1027,
                    "Lossy Heap Blocks": 0,
                    "Plans": [
                      {
                        "Node Type": "Bitmap Index Scan",
                        "Parent Relationship": "Outer",
                        "Parallel Aware": false,
                        "Index Name": "company_id_movie_companies",
                        "Startup Cost": 0.0,
                        "Total Cost": 244.57,
                        "Plan Rows": 11219,
                        "Plan Width": 0,
                        "Actual Startup Time": 3.572,
                        "Actual Total Time": 3.572,
                        "Actual Rows": 10667,
                        "Actual Loops": 1,
                        "Index Cond": "(company_id = 11)"
                      }
                    ]
                  },
                  {
                    "Node Type": "Index Only Scan",
                    "Parent Relationship": "Inner",
                    "Parallel Aware": false,
                    "Scan Direction": "Forward",
                    "Index Name": "title_pkey",
                    "Relation Name": "title",
                    "Alias": "t",
                    "Startup Cost": 0.43,
                    "Total Cost": 6.37,
                    "Plan Rows": 1,
                    "Plan Width": 4,
                    "Actual Startup Time": 0.006,
                    "Actual Total Time": 0.006,
                    "Actual Rows": 1,
                    "Actual Loops": 10667,
                    "Index Cond": "(id = mc.movie_id)",
                    "Rows Removed by Index Recheck": 0,
                    "Heap Fetches": 10667
                  }
                ]
              }
            ]
          }
        ]
      }
    ]
  },
  "Planning Time": 0.69,
  "Triggers": [],
  "Execution Time": 52.406
}