[
  {
    "Plan": {
      "Node Type": "Aggregate",
      "Strategy": "Plain",
      "Partial Mode": "Finalize",
      "Parallel Aware": false,
      "Startup Cost": 350921.23,
      "Total Cost": 350921.24,
      "Plan Rows": 1,
      "Plan Width": 8,
      "Actual Startup Time": 815.355,
      "Actual Total Time": 861.091,
      "Actual Rows": 1,
      "Actual Loops": 1,
      "Plans": [
        {
          "Node Type": "Gather",
          "Parent Relationship": "Outer",
          "Parallel Aware": false,
          "Startup Cost": 350920.6,
          "Total Cost": 350921.21,
          "Plan Rows": 6,
          "Plan Width": 8,
          "Actual Startup Time": 814.994,
          "Actual Total Time": 861.078,
          "Actual Rows": 7,
          "Actual Loops": 1,
          "Workers Planned": 6,
          "Workers Launched": 6,
          "Single Copy": false,
          "Plans": [
            {
              "Node Type": "Aggregate",
              "Strategy": "Plain",
              "Partial Mode": "Partial",
              "Parent Relationship": "Outer",
              "Parallel Aware": false,
              "Startup Cost": 349920.6,
              "Total Cost": 349920.61,
              "Plan Rows": 1,
              "Plan Width": 8,
              "Actual Startup Time": 808.903,
              "Actual Total Time": 808.904,
              "Actual Rows": 1,
              "Actual Loops": 7,
              "Plans": [
                {
                  "Node Type": "Seq Scan",
                  "Parent Relationship": "Outer",
                  "Parallel Aware": true,
                  "Relation Name": "cast_info",
                  "Alias": "ci",
                  "Startup Cost": 0.0,
                  "Total Cost": 343316.27,
                  "Plan Rows": 2641732,
                  "Plan Width": 0,
                  "Actual Startup Time": 354.325,
                  "Actual Total Time": 693.515,
                  "Actual Rows": 2287266,
                  "Actual Loops": 7,
                  "Filter": "((person_id > 49292) AND (role_id > 2))",
                  "Rows Removed by Filter": 2890497
                }
              ]
            }
          ]
        }
      ]
    },
    "Planning Time": 0.166,
    "Triggers": [],
    "Execution Time": 861.149
  }
]