[
    {
        "Bao": {
            "Bao prediction": "NaN",
            "Bao recommended hint": "(no hint)"
        }
    },
    {
        "Plan": {
            "Node Type": "Aggregate",
            "Strategy": "Plain",
            "Partial Mode": "Finalize",
            "Parallel Aware": false,
            "Startup Cost": 383424.82,
            "Total Cost": 383424.83,
            "Plan Rows": 1,
            "Plan Width": 8,
            "Actual Startup Time": 1175.394,
            "Actual Total Time": 1224.652,
            "Actual Rows": 1,
            "Actual Loops": 1,
            "Output": [
                "count(*)"
            ],
            "Plans": [
                {
                    "Node Type": "Gather",
                    "Parent Relationship": "Outer",
                    "Parallel Aware": false,
                    "Startup Cost": 383424.3,
                    "Total Cost": 383424.81,
                    "Plan Rows": 5,
                    "Plan Width": 8,
                    "Actual Startup Time": 1165.505,
                    "Actual Total Time": 1224.642,
                    "Actual Rows": 6,
                    "Actual Loops": 1,
                    "Output": [
                        "(PARTIAL count(*))"
                    ],
                    "Workers Planned": 5,
                    "Workers Launched": 5,
                    "Single Copy": false,
                    "Plans": [
                        {
                            "Node Type": "Aggregate",
                            "Strategy": "Plain",
                            "Partial Mode": "Partial",
                            "Parent Relationship": "Outer",
                            "Parallel Aware": false,
                            "Startup Cost": 382424.3,
                            "Total Cost": 382424.31,
                            "Plan Rows": 1,
                            "Plan Width": 8,
                            "Actual Startup Time": 1150.785,
                            "Actual Total Time": 1150.789,
                            "Actual Rows": 1,
                            "Actual Loops": 6,
                            "Output": [
                                "PARTIAL count(*)"
                            ],
                            "Workers": [
                                {
                                    "Worker Number": 0,
                                    "Actual Startup Time": 1147.776,
                                    "Actual Total Time": 1147.779,
                                    "Actual Rows": 1,
                                    "Actual Loops": 1
                                },
                                {
                                    "Worker Number": 1,
                                    "Actual Startup Time": 1149.628,
                                    "Actual Total Time": 1149.631,
                                    "Actual Rows": 1,
                                    "Actual Loops": 1
                                },
                                {
                                    "Worker Number": 2,
                                    "Actual Startup Time": 1147.043,
                                    "Actual Total Time": 1147.047,
                                    "Actual Rows": 1,
                                    "Actual Loops": 1
                                },
                                {
                                    "Worker Number": 3,
                                    "Actual Startup Time": 1147.679,
                                    "Actual Total Time": 1147.683,
                                    "Actual Rows": 1,
                                    "Actual Loops": 1
                                },
                                {
                                    "Worker Number": 4,
                                    "Actual Startup Time": 1147.477,
                                    "Actual Total Time": 1147.48,
                                    "Actual Rows": 1,
                                    "Actual Loops": 1
                                }
                            ],
                            "Plans": [
                                {
                                    "Node Type": "Nested Loop",
                                    "Parent Relationship": "Outer",
                                    "Parallel Aware": false,
                                    "Join Type": "Inner",
                                    "Startup Cost": 58634.54,
                                    "Total Cost": 382230.32,
                                    "Plan Rows": 77592,
                                    "Plan Width": 0,
                                    "Actual Startup Time": 263.472,
                                    "Actual Total Time": 1134.81,
                                    "Actual Rows": 292230,
                                    "Actual Loops": 6,
                                    "Inner Unique": false,
                                    "Workers": [
                                        {
                                            "Worker Number": 0,
                                            "Actual Startup Time": 260.875,
                                            "Actual Total Time": 1132.663,
                                            "Actual Rows": 270967,
                                            "Actual Loops": 1
                                        },
                                        {
                                            "Worker Number": 1,
                                            "Actual Startup Time": 260.828,
                                            "Actual Total Time": 1134.621,
                                            "Actual Rows": 266586,
                                            "Actual Loops": 1
                                        },
                                        {
                                            "Worker Number": 2,
                                            "Actual Startup Time": 260.312,
                                            "Actual Total Time": 1130.642,
                                            "Actual Rows": 285546,
                                            "Actual Loops": 1
                                        },
                                        {
                                            "Worker Number": 3,
                                            "Actual Startup Time": 260.441,
                                            "Actual Total Time": 1131.279,
                                            "Actual Rows": 283828,
                                            "Actual Loops": 1
                                        },
                                        {
                                            "Worker Number": 4,
                                            "Actual Startup Time": 261.102,
                                            "Actual Total Time": 1132.167,
                                            "Actual Rows": 273458,
                                            "Actual Loops": 1
                                        }
                                    ],
                                    "Plans": [
                                        {
                                            "Node Type": "Hash Join",
                                            "Parent Relationship": "Outer",
                                            "Parallel Aware": true,
                                            "Join Type": "Inner",
                                            "Startup Cost": 58634.1,
                                            "Total Cost": 324416.66,
                                            "Plan Rows": 33868,
                                            "Plan Width": 8,
                                            "Actual Startup Time": 263.354,
                                            "Actual Total Time": 332.968,
                                            "Actual Rows": 67691,
                                            "Actual Loops": 6,
                                            "Output": [
                                                "t.id",
                                                "ci.movie_id"
                                            ],
                                            "Inner Unique": true,
                                            "Hash Cond": "(ci.movie_id = t.id)",
                                            "Workers": [
                                                {
                                                    "Worker Number": 0,
                                                    "Actual Startup Time": 260.7,
                                                    "Actual Total Time": 326.695,
                                                    "Actual Rows": 62118,
                                                    "Actual Loops": 1
                                                },
                                                {
                                                    "Worker Number": 1,
                                                    "Actual Startup Time": 260.661,
                                                    "Actual Total Time": 327.563,
                                                    "Actual Rows": 61329,
                                                    "Actual Loops": 1
                                                },
                                                {
                                                    "Worker Number": 2,
                                                    "Actual Startup Time": 260.24,
                                                    "Actual Total Time": 330.155,
                                                    "Actual Rows": 65656,
                                                    "Actual Loops": 1
                                                },
                                                {
                                                    "Worker Number": 3,
                                                    "Actual Startup Time": 260.37,
                                                    "Actual Total Time": 331.498,
                                                    "Actual Rows": 67347,
                                                    "Actual Loops": 1
                                                },
                                                {
                                                    "Worker Number": 4,
                                                    "Actual Startup Time": 260.901,
                                                    "Actual Total Time": 325.399,
                                                    "Actual Rows": 61143,
                                                    "Actual Loops": 1
                                                }
                                            ],
                                            "Plans": [
                                                {
                                                    "Node Type": "Bitmap Heap Scan",
                                                    "Parent Relationship": "Outer",
                                                    "Parallel Aware": true,
                                                    "Relation Name": "cast_info",
                                                    "Schema": "public",
                                                    "Alias": "ci",
                                                    "Startup Cost": 8414.3,
                                                    "Total Cost": 274107.95,
                                                    "Plan Rows": 33868,
                                                    "Plan Width": 4,
                                                    "Actual Startup Time": 15.937,
                                                    "Actual Total Time": 30.388,
                                                    "Actual Rows": 67691,
                                                    "Actual Loops": 6,
                                                    "Output": [
                                                        "ci.id",
                                                        "ci.person_id",
                                                        "ci.movie_id",
                                                        "ci.person_role_id",
                                                        "ci.note",
                                                        "ci.nr_order",
                                                        "ci.role_id"
                                                    ],
                                                    "Recheck Cond": "(ci.person_id > 3985617)",
                                                    "Rows Removed by Index Recheck": 0,
                                                    "Filter": "(ci.role_id > 2)",
                                                    "Rows Removed by Filter": 0,
                                                    "Exact Heap Blocks": 1129,
                                                    "Lossy Heap Blocks": 0,
                                                    "Workers": [
                                                        {
                                                            "Worker Number": 0,
                                                            "Actual Startup Time": 15.983,
                                                            "Actual Total Time": 30.099,
                                                            "Actual Rows": 62118,
                                                            "Actual Loops": 1
                                                        },
                                                        {
                                                            "Worker Number": 1,
                                                            "Actual Startup Time": 15.979,
                                                            "Actual Total Time": 30.113,
                                                            "Actual Rows": 61329,
                                                            "Actual Loops": 1
                                                        },
                                                        {
                                                            "Worker Number": 2,
                                                            "Actual Startup Time": 15.803,
                                                            "Actual Total Time": 30.802,
                                                            "Actual Rows": 65656,
                                                            "Actual Loops": 1
                                                        },
                                                        {
                                                            "Worker Number": 3,
                                                            "Actual Startup Time": 15.919,
                                                            "Actual Total Time": 31.2,
                                                            "Actual Rows": 67347,
                                                            "Actual Loops": 1
                                                        },
                                                        {
                                                            "Worker Number": 4,
                                                            "Actual Startup Time": 16.051,
                                                            "Actual Total Time": 29.907,
                                                            "Actual Rows": 61143,
                                                            "Actual Loops": 1
                                                        }
                                                    ],
                                                    "Plans": [
                                                        {
                                                            "Node Type": "Bitmap Index Scan",
                                                            "Parent Relationship": "Outer",
                                                            "Parallel Aware": false,
                                                            "Index Name": "person_id_cast_info",
                                                            "Startup Cost": 0.0,
                                                            "Total Cost": 8371.96,
                                                            "Plan Rows": 383386,
                                                            "Plan Width": 0,
                                                            "Actual Startup Time": 15.054,
                                                            "Actual Total Time": 15.055,
                                                            "Actual Rows": 406148,
                                                            "Actual Loops": 1,
                                                            "Index Cond": "(ci.person_id > 3985617)",
                                                            "Workers": [
                                                                {
                                                                    "Worker Number": 2,
                                                                    "Actual Startup Time": 15.054,
                                                                    "Actual Total Time": 15.055,
                                                                    "Actual Rows": 406148,
                                                                    "Actual Loops": 1
                                                                }
                                                            ]
                                                        }
                                                    ]
                                                },
                                                {
                                                    "Node Type": "Hash",
                                                    "Parent Relationship": "Inner",
                                                    "Parallel Aware": true,
                                                    "Startup Cost": 42318.81,
                                                    "Total Cost": 42318.81,
                                                    "Plan Rows": 632080,
                                                    "Plan Width": 4,
                                                    "Actual Startup Time": 242.011,
                                                    "Actual Total Time": 242.011,
                                                    "Actual Rows": 421385,
                                                    "Actual Loops": 6,
                                                    "Output": [
                                                        "t.id"
                                                    ],
                                                    "Hash Buckets": 4194304,
                                                    "Original Hash Buckets": 4194304,
                                                    "Hash Batches": 1,
                                                    "Original Hash Batches": 1,
                                                    "Peak Memory Usage": 131776,
                                                    "Workers": [
                                                        {
                                                            "Worker Number": 0,
                                                            "Actual Startup Time": 244.074,
                                                            "Actual Total Time": 244.075,
                                                            "Actual Rows": 399253,
                                                            "Actual Loops": 1
                                                        },
                                                        {
                                                            "Worker Number": 1,
                                                            "Actual Startup Time": 244.052,
                                                            "Actual Total Time": 244.052,
                                                            "Actual Rows": 394037,
                                                            "Actual Loops": 1
                                                        },
                                                        {
                                                            "Worker Number": 2,
                                                            "Actual Startup Time": 243.968,
                                                            "Actual Total Time": 243.969,
                                                            "Actual Rows": 393454,
                                                            "Actual Loops": 1
                                                        },
                                                        {
                                                            "Worker Number": 3,
                                                            "Actual Startup Time": 243.972,
                                                            "Actual Total Time": 243.973,
                                                            "Actual Rows": 398374,
                                                            "Actual Loops": 1
                                                        },
                                                        {
                                                            "Worker Number": 4,
                                                            "Actual Startup Time": 244.429,
                                                            "Actual Total Time": 244.43,
                                                            "Actual Rows": 397934,
                                                            "Actual Loops": 1
                                                        }
                                                    ],
                                                    "Plans": [
                                                        {
                                                            "Node Type": "Seq Scan",
                                                            "Parent Relationship": "Outer",
                                                            "Parallel Aware": true,
                                                            "Relation Name": "title",
                                                            "Schema": "public",
                                                            "Alias": "t",
                                                            "Startup Cost": 0.0,
                                                            "Total Cost": 42318.81,
                                                            "Plan Rows": 632080,
                                                            "Plan Width": 4,
                                                            "Actual Startup Time": 0.038,
                                                            "Actual Total Time": 69.3,
                                                            "Actual Rows": 421385,
                                                            "Actual Loops": 6,
                                                            "Output": [
                                                                "t.id"
                                                            ],
                                                            "Workers": [
                                                                {
                                                                    "Worker Number": 0,
                                                                    "Actual Startup Time": 0.046,
                                                                    "Actual Total Time": 71.949,
                                                                    "Actual Rows": 399253,
                                                                    "Actual Loops": 1
                                                                },
                                                                {
                                                                    "Worker Number": 1,
                                                                    "Actual Startup Time": 0.052,
                                                                    "Actual Total Time": 71.431,
                                                                    "Actual Rows": 394037,
                                                                    "Actual Loops": 1
                                                                },
                                                                {
                                                                    "Worker Number": 2,
                                                                    "Actual Startup Time": 0.026,
                                                                    "Actual Total Time": 71.971,
                                                                    "Actual Rows": 393454,
                                                                    "Actual Loops": 1
                                                                },
                                                                {
                                                                    "Worker Number": 3,
                                                                    "Actual Startup Time": 0.057,
                                                                    "Actual Total Time": 71.401,
                                                                    "Actual Rows": 398374,
                                                                    "Actual Loops": 1
                                                                },
                                                                {
                                                                    "Worker Number": 4,
                                                                    "Actual Startup Time": 0.037,
                                                                    "Actual Total Time": 72.128,
                                                                    "Actual Rows": 397934,
                                                                    "Actual Loops": 1
                                                                }
                                                            ]
                                                        }
                                                    ]
                                                }
                                            ]
                                        },
                                        {
                                            "Node Type": "Index Scan",
                                            "Parent Relationship": "Inner",
                                            "Parallel Aware": false,
                                            "Scan Direction": "Forward",
                                            "Index Name": "movie_id_movie_info",
                                            "Relation Name": "movie_info",
                                            "Schema": "public",
                                            "Alias": "mi",
                                            "Startup Cost": 0.43,
                                            "Total Cost": 1.56,
                                            "Plan Rows": 15,
                                            "Plan Width": 4,
                                            "Actual Startup Time": 0.005,
                                            "Actual Total Time": 0.011,
                                            "Actual Rows": 4,
                                            "Actual Loops": 406148,
                                            "Output": [
                                                "mi.id",
                                                "mi.movie_id",
                                                "mi.info_type_id",
                                                "mi.info",
                                                "mi.note"
                                            ],
                                            "Index Cond": "(mi.movie_id = t.id)",
                                            "Rows Removed by Index Recheck": 0,
                                            "Filter": "(mi.info_type_id < 7)",
                                            "Rows Removed by Filter": 15,
                                            "Workers": [
                                                {
                                                    "Worker Number": 0,
                                                    "Actual Startup Time": 0.005,
                                                    "Actual Total Time": 0.012,
                                                    "Actual Rows": 4,
                                                    "Actual Loops": 62118
                                                },
                                                {
                                                    "Worker Number": 1,
                                                    "Actual Startup Time": 0.005,
                                                    "Actual Total Time": 0.013,
                                                    "Actual Rows": 4,
                                                    "Actual Loops": 61329
                                                },
                                                {
                                                    "Worker Number": 2,
                                                    "Actual Startup Time": 0.005,
                                                    "Actual Total Time": 0.012,
                                                    "Actual Rows": 4,
                                                    "Actual Loops": 65656
                                                },
                                                {
                                                    "Worker Number": 3,
                                                    "Actual Startup Time": 0.005,
                                                    "Actual Total Time": 0.011,
                                                    "Actual Rows": 4,
                                                    "Actual Loops": 67347
                                                },
                                                {
                                                    "Worker Number": 4,
                                                    "Actual Startup Time": 0.005,
                                                    "Actual Total Time": 0.013,
                                                    "Actual Rows": 4,
                                                    "Actual Loops": 61143
                                                }
                                            ]
                                        }
                                    ]
                                }
                            ]
                        }
                    ]
                }
            ]
        },
        "Planning Time": 202.182,
        "Triggers": [],
        "Execution Time": 1224.741
    }
]