[
  {
    "Plan": {
      "Node Type": "Aggregate",
      "Strategy": "Plain",
      "Partial Mode": "Finalize",
      "Parallel Aware": false,
      "Startup Cost": 78971.31,
      "Total Cost": 78971.32,
      "Plan Rows": 1,
      "Plan Width": 8,
      "Actual Startup Time": 281.701,
      "Actual Total Time": 296.726,
      "Actual Rows": 1,
      "Actual Loops": 1,
      "Plans": [
        {
          "Node Type": "Gather",
          "Parent Relationship": "Outer",
          "Parallel Aware": false,
          "Startup Cost": 78970.89,
          "Total Cost": 78971.3,
          "Plan Rows": 4,
          "Plan Width": 8,
          "Actual Startup Time": 276.294,
          "Actual Total Time": 296.715,
          "Actual Rows": 5,
          "Actual Loops": 1,
          "Workers Planned": 4,
          "Workers Launched": 4,
          "Single Copy": false,
          "Plans": [
            {
              "Node Type": "Aggregate",
              "Strategy": "Plain",
              "Partial Mode": "Partial",
              "Parent Relationship": "Outer",
              "Parallel Aware": false,
              "Startup Cost": 77970.89,
              "Total Cost": 77970.9,
              "Plan Rows": 1,
              "Plan Width": 8,
              "Actual Startup Time": 266.533,
              "Actual Total Time": 266.536,
              "Actual Rows": 1,
              "Actual Loops": 5,
              "Plans": [
                {
                  "Node Type": "Hash Join",
                  "Parent Relationship": "Outer",
                  "Parallel Aware": true,
                  "Join Type": "Inner",
                  "Startup Cost": 31646.78,
                  "Total Cost": 77750.79,
                  "Plan Rows": 88042,
                  "Plan Width": 0,
                  "Actual Startup Time": 119.518,
                  "Actual Total Time": 264.946,
                  "Actual Rows": 33597,
                  "Actual Loops": 5,
                  "Inner Unique": false,
                  "Hash Cond": "(t.id = mc.movie_id)",
                  "Plans": [
                    {
                      "Node Type": "Seq Scan",
                      "Parent Relationship": "Outer",
                      "Parallel Aware": true,
                      "Relation Name": "title",
                      "Alias": "t",
                      "Startup Cost": 0.0,
                      "Total Cost": 43898.92,
                      "Plan Rows": 384216,
                      "Plan Width": 4,
                      "Actual Startup Time": 0.012,
                      "Actual Total Time": 73.937,
                      "Actual Rows": 308653,
                      "Actual Loops": 5,
                      "Filter": "(kind_id = 7)",
                      "Rows Removed by Filter": 197010
                    },
                    {
                      "Node Type": "Hash",
                      "Parent Relationship": "Inner",
                      "Parallel Aware": true,
                      "Startup Cost": 29310.68,
                      "Total Cost": 29310.68,
                      "Plan Rows": 186888,
                      "Plan Width": 4,
                      "Actual Startup Time": 115.032,
                      "Actual Total Time": 115.033,
                      "Actual Rows": 118670,
                      "Actual Loops": 5,
                      "Hash Buckets": 1048576,
                      "Original Hash Buckets": 1048576,
                      "Hash Batches": 1,
                      "Original Hash Batches": 1,
                      "Peak Memory Usage": 31488,
                      "Plans": [
                        {
                          "Node Type": "Seq Scan",
                          "Parent Relationship": "Outer",
                          "Parallel Aware": true,
                          "Relation Name": "movie_companies",
                          "Alias": "mc",
                          "Startup Cost": 0.0,
                          "Total Cost": 29310.68,
                          "Plan Rows": 186888,
                          "Plan Width": 4,
                          "Actual Startup Time": 44.25,
                          "Actual Total Time": 72.677,
                          "Actual Rows": 118670,
                          "Actual Loops": 5,
                          "Filter": "(company_id > 69676)",
                          "Rows Removed by Filter": 403155
                        }
                      ]
                    }
                  ]
                }
              ]
            }
          ]
        }
      ]
    },
    "Planning Time": 0.649,
    "Triggers": [],
    "Execution Time": 296.801
  }
]