{
  "Plan": {
    "Node Type": "Gather",
    "Parallel Aware": false,
    "Startup Cost": 1299.96,
    "Total Cost": 21695.51,
    "Plan Rows": 4158,
    "Plan Width": 4,
    "Actual Startup Time": 0.599,
    "Actual Total Time": 5.707,
    "Actual Rows": 4712,
    "Actual Loops": 1,
    "Workers Planned": 3,
    "Workers Launched": 0,
    "Single Copy": false,
    "Plans": [
      {
        "Node Type": "Merge Join",
        "Parent Relationship": "Outer",
        "Parallel Aware": false,
        "Join Type": "Inner",
        "Startup Cost": 299.96,
        "Total Cost": 20279.71,
        "Plan Rows": 1341,
        "Plan Width": 4,
        "Actual Startup Time": 0.065,
        "Actual Total Time": 4.662,
        "Actual Rows": 4712,
        "Actual Loops": 1,
        "Inner Unique": false,
        "Merge Cond": "(cn.id = mc.company_id)",
        "Plans": [
          {
            "Node Type": "Index Only Scan",
            "Parent Relationship": "Outer",
            "Parallel Aware": true,
            "Scan Direction": "Forward",
            "Index Name": "company_name_pkey",
            "Relation Name": "company_name",
            "Alias": "cn",
            "Startup Cost": 0.42,
            "Total Cost": 10290.02,
            "Plan Rows": 75805,
            "Plan Width": 4,
            "Actual Startup Time": 0.014,
            "Actual Total Time": 0.026,
            "Actual Rows": 6,
            "Actual Loops": 1,
            "Heap Fetches": 6
          },
          {
            "Node Type": "Index Only Scan",
            "Parent Relationship": "Inner",
            "Parallel Aware": false,
            "Scan Direction": "Forward",
            "Index Name": "company_id_movie_companies",
            "Relation Name": "movie_companies",
            "Alias": "mc",
            "Startup Cost": 0.43,
            "Total Cost": 9783.01,
            "Plan Rows": 4158,
            "Plan Width": 4,
            "Actual Startup Time": 0.048,
            "Actual Total Time": 4.019,
            "Actual Rows": 4712,
            "Actual Loops": 1,
            "Index Cond": "(company_id < 6)",
            "Rows Removed by Index Recheck": 0,
            "Heap Fetches": 4712
          }
        ]
      }
    ]
  },
  "Planning Time": 0.503,
  "Triggers": [],
  "Execution Time": 5.973
}