[
  {
    "Plan": {
      "Node Type": "Aggregate",
      "Strategy": "Plain",
      "Partial Mode": "Finalize",
      "Parallel Aware": false,
      "Startup Cost": 347687.34,
      "Total Cost": 347687.35,
      "Plan Rows": 1,
      "Plan Width": 8,
      "Actual Startup Time": 722.62,
      "Actual Total Time": 785.32,
      "Actual Rows": 1,
      "Actual Loops": 1,
      "Plans": [
        {
          "Node Type": "Gather",
          "Parent Relationship": "Outer",
          "Parallel Aware": false,
          "Startup Cost": 347686.72,
          "Total Cost": 347687.33,
          "Plan Rows": 6,
          "Plan Width": 8,
          "Actual Startup Time": 722.493,
          "Actual Total Time": 785.31,
          "Actual Rows": 7,
          "Actual Loops": 1,
          "Workers Planned": 6,
          "Workers Launched": 6,
          "Single Copy": false,
          "Plans": [
            {
              "Node Type": "Aggregate",
              "Strategy": "Plain",
              "Partial Mode": "Partial",
              "Parent Relationship": "Outer",
              "Parallel Aware": false,
              "Startup Cost": 346686.72,
              "Total Cost": 346686.73,
              "Plan Rows": 1,
              "Plan Width": 8,
              "Actual Startup Time": 712.626,
              "Actual Total Time": 712.627,
              "Actual Rows": 1,
              "Actual Loops": 7,
              "Plans": [
                {
                  "Node Type": "Seq Scan",
                  "Parent Relationship": "Outer",
                  "Parallel Aware": true,
                  "Relation Name": "cast_info",
                  "Alias": "ci",
                  "Startup Cost": 0.0,
                  "Total Cost": 343257.03,
                  "Plan Rows": 1371875,
                  "Plan Width": 0,
                  "Actual Startup Time": 254.272,
                  "Actual Total Time": 686.208,
                  "Actual Rows": 496428,
                  "Actual Loops": 7,
                  "Filter": "((person_id < 1236868) AND (role_id > 1))",
                  "Rows Removed by Filter": 4681336
                }
              ]
            }
          ]
        }
      ]
    },
    "Planning Time": 0.218,
    "Triggers": [],
    "Execution Time": 785.385
  }
]