{
  "Plan": {
    "Node Type": "Aggregate",
    "Strategy": "Plain",
    "Partial Mode": "Finalize",
    "Parallel Aware": false,
    "Startup Cost": 368058.15,
    "Total Cost": 368058.16,
    "Plan Rows": 1,
    "Plan Width": 8,
    "Actual Startup Time": 791.001,
    "Actual Total Time": 803.304,
    "Actual Rows": 1,
    "Actual Loops": 1,
    "Plans": [
      {
        "Node Type": "Gather",
        "Parent Relationship": "Outer",
        "Parallel Aware": false,
        "Startup Cost": 368058.04,
        "Total Cost": 368058.15,
        "Plan Rows": 1,
        "Plan Width": 8,
        "Actual Startup Time": 787.267,
        "Actual Total Time": 803.297,
        "Actual Rows": 2,
        "Actual Loops": 1,
        "Workers Planned": 1,
        "Workers Launched": 1,
        "Single Copy": false,
        "Plans": [
          {
            "Node Type": "Aggregate",
            "Strategy": "Plain",
            "Partial Mode": "Partial",
            "Parent Relationship": "Outer",
            "Parallel Aware": false,
            "Startup Cost": 367058.04,
            "Total Cost": 367058.05,
            "Plan Rows": 1,
            "Plan Width": 8,
            "Actual Startup Time": 780.91,
            "Actual Total Time": 780.918,
            "Actual Rows": 1,
            "Actual Loops": 2,
            "Plans": [
              {
                "Node Type": "Merge Join",
                "Parent Relationship": "Outer",
                "Parallel Aware": false,
                "Join Type": "Inner",
                "Startup Cost": 362174.61,
                "Total Cost": 366945.67,
                "Plan Rows": 44949,
                "Plan Width": 0,
                "Actual Startup Time": 720.866,
                "Actual Total Time": 779.949,
                "Actual Rows": 23100,
                "Actual Loops": 2,
                "Inner Unique": false,
                "Merge Cond": "(t.id = mi.movie_id)",
                "Plans": [
                  {
                    "Node Type": "Sort",
                    "Parent Relationship": "Outer",
                    "Parallel Aware": false,
                    "Startup Cost": 110424.24,
                    "Total Cost": 110828.54,
                    "Plan Rows": 161722,
                    "Plan Width": 8,
                    "Actual Startup Time": 487.023,
                    "Actual Total Time": 489.658,
                    "Actual Rows": 39498,
                    "Actual Loops": 2,
                    "Sort Key": [
                      "t.id"
                    ],
                    "Sort Method": "quicksort",
                    "Sort Space Used": 3427,
                    "Sort Space Type": "Memory",
                    "Workers": [
                      {
                        "Worker Number": 0,
                        "Sort Method": "quicksort",
                        "Sort Space Used": 3349,
                        "Sort Space Type": "Memory"
                      }
                    ],
                    "Plans": [
                      {
                        "Node Type": "Hash Join",
                        "Parent Relationship": "Outer",
                        "Parallel Aware": true,
                        "Join Type": "Inner",
                        "Startup Cost": 35242.8,
                        "Total Cost": 96432.73,
                        "Plan Rows": 161722,
                        "Plan Width": 8,
                        "Actual Startup Time": 186.276,
                        "Actual Total Time": 477.042,
                        "Actual Rows": 39498,
                        "Actual Loops": 2,
                        "Inner Unique": false,
                        "Hash Cond": "(t.id = mc.movie_id)",
                        "Plans": [
                          {
                            "Node Type": "Seq Scan",
                            "Parent Relationship": "Outer",
                            "Parallel Aware": true,
                            "Relation Name": "title",
                            "Alias": "t",
                            "Startup Cost": 0.0,
                            "Total Cost": 54588.39,
                            "Plan Rows": 904038,
                            "Plan Width": 4,
                            "Actual Startup Time": 0.011,
                            "Actual Total Time": 140.069,
                            "Actual Rows": 771632,
                            "Actual Loops": 2,
                            "Filter": "(kind_id = 7)",
                            "Rows Removed by Filter": 492524
                          },
                          {
                            "Node Type": "Hash",
                            "Parent Relationship": "Inner",
                            "Parallel Aware": true,
                            "Startup Cost": 31917.2,
                            "Total Cost": 31917.2,
                            "Plan Rows": 266048,
                            "Plan Width": 4,
                            "Actual Startup Time": 138.228,
                            "Actual Total Time": 138.23,
                            "Actual Rows": 229748,
                            "Actual Loops": 2,
                            "Hash Buckets": 524288,
                            "Original Hash Buckets": 524288,
                            "Hash Batches": 1,
                            "Original Hash Batches": 1,
                            "Peak Memory Usage": 22112,
                            "Plans": [
                              {
                                "Node Type": "Bitmap Heap Scan",
                                "Parent Relationship": "Outer",
                                "Parallel Aware": true,
                                "Relation Name": "movie_companies",
                                "Alias": "mc",
                                "Startup Cost": 9801.61,
                                "Total Cost": 31917.2,
                                "Plan Rows": 266048,
                                "Plan Width": 4,
                                "Actual Startup Time": 36.38,
                                "Actual Total Time": 82.224,
                                "Actual Rows": 229748,
                                "Actual Loops": 2,
                                "Recheck Cond": "(company_id > 76636)",
                                "Rows Removed by Index Recheck": 0,
                                "Exact Heap Blocks": 4550,
                                "Lossy Heap Blocks": 0,
                                "Plans": [
                                  {
                                    "Node Type": "Bitmap Index Scan",
                                    "Parent Relationship": "Outer",
                                    "Parallel Aware": false,
                                    "Index Name": "company_id_movie_companies",
                                    "Startup Cost": 0.0,
                                    "Total Cost": 9688.54,
                                    "Plan Rows": 452281,
                                    "Plan Width": 0,
                                    "Actual Startup Time": 36.041,
                                    "Actual Total Time": 36.042,
                                    "Actual Rows": 459497,
                                    "Actual Loops": 1,
                                    "Index Cond": "(company_id > 76636)"
                                  }
                                ]
                              }
                            ]
                          }
                        ]
                      }
                    ]
                  },
                  {
                    "Node Type": "Sort",
                    "Parent Relationship": "Inner",
                    "Parallel Aware": false,
                    "Startup Cost": 251750.36,
                    "Total Cost": 253507.15,
                    "Plan Rows": 702717,
                    "Plan Width": 4,
                    "Actual Startup Time": 230.274,
                    "Actual Total Time": 253.638,
                    "Actual Rows": 664262,
                    "Actual Loops": 2,
                    "Sort Key": [
                      "mi.movie_id"
                    ],
                    "Sort Method": "quicksort",
                    "Sort Space Used": 55557,
                    "Sort Space Type": "Memory",
                    "Workers": [
                      {
                        "Worker Number": 0,
                        "Sort Method": "quicksort",
                        "Sort Space Used": 55557,
                        "Sort Space Type": "Memory"
                      }
                    ],
                    "Plans": [
                      {
                        "Node Type": "Bitmap Heap Scan",
                        "Parent Relationship": "Outer",
                        "Parallel Aware": false,
                        "Relation Name": "movie_info",
                        "Alias": "mi",
                        "Startup Cost": 12730.49,
                        "Total Cost": 183507.45,
                        "Plan Rows": 702717,
                        "Plan Width": 4,
                        "Actual Startup Time": 19.814,
                        "Actual Total Time": 94.455,
                        "Actual Rows": 660923,
                        "Actual Loops": 2,
                        "Recheck Cond": "(info_type_id = 18)",
                        "Rows Removed by Index Recheck": 0,
                        "Exact Heap Blocks": 6970,
                        "Lossy Heap Blocks": 0,
                        "Plans": [
                          {
                            "Node Type": "Bitmap Index Scan",
                            "Parent Relationship": "Outer",
                            "Parallel Aware": false,
                            "Index Name": "info_type_id_movie_info",
                            "Startup Cost": 0.0,
                            "Total Cost": 12554.81,
                            "Plan Rows": 702717,
                            "Plan Width": 0,
                            "Actual Startup Time": 19.085,
                            "Actual Total Time": 19.085,
                            "Actual Rows": 660923,
                            "Actual Loops": 2,
                            "Index Cond": "(info_type_id = 18)"
                          }
                        ]
                      }
                    ]
                  }
                ]
              }
            ]
          }
        ]
      }
    ]
  },
  "Planning Time": 1.154,
  "Triggers": [],
  "Execution Time": 808.702
}