[
  {
    "Plan": {
      "Node Type": "Aggregate",
      "Strategy": "Plain",
      "Partial Mode": "Finalize",
      "Parallel Aware": false,
      "Startup Cost": 25084.89,
      "Total Cost": 25084.9,
      "Plan Rows": 1,
      "Plan Width": 8,
      "Actual Startup Time": 75.039,
      "Actual Total Time": 80.576,
      "Actual Rows": 1,
      "Actual Loops": 1,
      "Plans": [
        {
          "Node Type": "Gather",
          "Parent Relationship": "Outer",
          "Parallel Aware": false,
          "Startup Cost": 25084.57,
          "Total Cost": 25084.88,
          "Plan Rows": 3,
          "Plan Width": 8,
          "Actual Startup Time": 74.746,
          "Actual Total Time": 80.57,
          "Actual Rows": 4,
          "Actual Loops": 1,
          "Workers Planned": 3,
          "Workers Launched": 3,
          "Single Copy": false,
          "Plans": [
            {
              "Node Type": "Aggregate",
              "Strategy": "Plain",
              "Partial Mode": "Partial",
              "Parent Relationship": "Outer",
              "Parallel Aware": false,
              "Startup Cost": 24084.57,
              "Total Cost": 24084.58,
              "Plan Rows": 1,
              "Plan Width": 8,
              "Actual Startup Time": 65.695,
              "Actual Total Time": 65.696,
              "Actual Rows": 1,
              "Actual Loops": 4,
              "Plans": [
                {
                  "Node Type": "Bitmap Heap Scan",
                  "Parent Relationship": "Outer",
                  "Parallel Aware": true,
                  "Relation Name": "movie_companies",
                  "Alias": "mc",
                  "Startup Cost": 4328.21,
                  "Total Cost": 23923.51,
                  "Plan Rows": 64424,
                  "Plan Width": 0,
                  "Actual Startup Time": 22.926,
                  "Actual Total Time": 61.766,
                  "Actual Rows": 49206,
                  "Actual Loops": 4,
                  "Recheck Cond": "(company_id < 55)",
                  "Rows Removed by Index Recheck": 0,
                  "Exact Heap Blocks": 9473,
                  "Lossy Heap Blocks": 0,
                  "Plans": [
                    {
                      "Node Type": "Bitmap Index Scan",
                      "Parent Relationship": "Outer",
                      "Parallel Aware": false,
                      "Index Name": "company_id_movie_companies",
                      "Startup Cost": 0.0,
                      "Total Cost": 4278.28,
                      "Plan Rows": 199714,
                      "Plan Width": 0,
                      "Actual Startup Time": 26.619,
                      "Actual Total Time": 26.619,
                      "Actual Rows": 196826,
                      "Actual Loops": 1,
                      "Index Cond": "(company_id < 55)"
                    }
                  ]
                }
              ]
            }
          ]
        }
      ]
    },
    "Planning Time": 0.169,
    "Triggers": [],
    "Execution Time": 80.647
  }
]