[
  {
    "Bao": {
      "Bao prediction": 506.416,
      "Bao recommended hint": "SET enable_nestloop TO off; SET enable_hashjoin TO off; "
    }
  },
  {
    "Plan": {
      "Node Type": "Aggregate",
      "Strategy": "Plain",
      "Partial Mode": "Simple",
      "Parallel Aware": false,
      "Startup Cost": 1312360.61,
      "Total Cost": 1312360.62,
      "Plan Rows": 1,
      "Plan Width": 64,
      "Actual Startup Time": 5320.123,
      "Actual Total Time": 5320.477,
      "Actual Rows": 1,
      "Actual Loops": 1,
      "Plans": [
        {
          "Node Type": "Merge Join",
          "Parent Relationship": "Outer",
          "Parallel Aware": false,
          "Join Type": "Inner",
          "Startup Cost": 1246647.31,
          "Total Cost": 1312360.61,
          "Plan Rows": 1,
          "Plan Width": 32,
          "Actual Startup Time": 5191.871,
          "Actual Total Time": 5320.463,
          "Actual Rows": 16,
          "Actual Loops": 1,
          "Inner Unique": true,
          "Merge Cond": "(an.person_id = n.id)",
          "Plans": [
            {
              "Node Type": "Merge Join",
              "Parent Relationship": "Outer",
              "Parallel Aware": false,
              "Join Type": "Inner",
              "Startup Cost": 1156635.95,
              "Total Cost": 1221863.33,
              "Plan Rows": 1,
              "Plan Width": 29,
              "Actual Startup Time": 5019.016,
              "Actual Total Time": 5138.492,
              "Actual Rows": 21,
              "Actual Loops": 1,
              "Inner Unique": false,
              "Merge Cond": "(an.person_id = pi.person_id)",
              "Plans": [
                {
                  "Node Type": "Merge Join",
                  "Parent Relationship": "Outer",
                  "Parallel Aware": false,
                  "Join Type": "Inner",
                  "Startup Cost": 1095313.81,
                  "Total Cost": 1160533.37,
                  "Plan Rows": 3123,
                  "Plan Width": 25,
                  "Actual Startup Time": 4756.477,
                  "Actual Total Time": 4907.191,
                  "Actual Rows": 20090,
                  "Actual Loops": 1,
                  "Inner Unique": false,
                  "Merge Cond": "(an.person_id = ci.person_id)",
                  "Plans": [
                    {
                      "Node Type": "Index Scan",
                      "Parent Relationship": "Outer",
                      "Parallel Aware": false,
                      "Scan Direction": "Forward",
                      "Index Name": "person_id_aka_name",
                      "Relation Name": "aka_name",
                      "Alias": "an",
                      "Startup Cost": 0.42,
                      "Total Cost": 74281.29,
                      "Plan Rows": 627276,
                      "Plan Width": 4,
                      "Actual Startup Time": 0.039,
                      "Actual Total Time": 129.943,
                      "Actual Rows": 280468,
                      "Actual Loops": 1,
                      "Filter": "(name ~~ '%a%'::text)",
                      "Rows Removed by Filter": 109790
                    },
                    {
                      "Node Type": "Sort",
                      "Parent Relationship": "Inner",
                      "Parallel Aware": false,
                      "Startup Cost": 1095313.39,
                      "Total Cost": 1095318.1,
                      "Plan Rows": 1886,
                      "Plan Width": 21,
                      "Actual Startup Time": 4756.404,
                      "Actual Total Time": 4759.928,
                      "Actual Rows": 30065,
                      "Actual Loops": 1,
                      "Sort Key": [
                        "ci.person_id"
                      ],
                      "Sort Method": "quicksort",
                      "Sort Space Used": 3947,
                      "Sort Space Type": "Memory",
                      "Plans": [
                        {
                          "Node Type": "Merge Join",
                          "Parent Relationship": "Outer",
                          "Parallel Aware": false,
                          "Join Type": "Inner",
                          "Startup Cost": 1056727.38,
                          "Total Cost": 1095210.78,
                          "Plan Rows": 1886,
                          "Plan Width": 21,
                          "Actual Startup Time": 3265.532,
                          "Actual Total Time": 4747.015,
                          "Actual Rows": 33415,
                          "Actual Loops": 1,
                          "Inner Unique": true,
                          "Merge Cond": "(ci.movie_id = t.id)",
                          "Plans": [
                            {
                              "Node Type": "Gather Merge",
                              "Parent Relationship": "Outer",
                              "Parallel Aware": false,
                              "Startup Cost": 996383.24,
                              "Total Cost": 1034309.68,
                              "Plan Rows": 62304,
                              "Plan Width": 12,
                              "Actual Startup Time": 3070.618,
                              "Actual Total Time": 4527.025,
                              "Actual Rows": 411769,
                              "Actual Loops": 1,
                              "Workers Planned": 6,
                              "Workers Launched": 6,
                              "Plans": [
                                {
                                  "Node Type": "Merge Join",
                                  "Parent Relationship": "Outer",
                                  "Parallel Aware": false,
                                  "Join Type": "Inner",
                                  "Startup Cost": 995383.15,
                                  "Total Cost": 1025737.36,
                                  "Plan Rows": 10384,
                                  "Plan Width": 12,
                                  "Actual Startup Time": 2802.125,
                                  "Actual Total Time": 3935.832,
                                  "Actual Rows": 58824,
                                  "Actual Loops": 7,
                                  "Inner Unique": false,
                                  "Merge Cond": "(ci.movie_id = ml.linked_movie_id)",
                                  "Plans": [
                                    {
                                      "Node Type": "Sort",
                                      "Parent Relationship": "Outer",
                                      "Parallel Aware": false,
                                      "Startup Cost": 993761.51,
                                      "Total Cost": 1008868.93,
                                      "Plan Rows": 6042971,
                                      "Plan Width": 8,
                                      "Actual Startup Time": 2792.842,
                                      "Actual Total Time": 3491.7,
                                      "Actual Rows": 5175888,
                                      "Actual Loops": 7,
                                      "Sort Key": [
                                        "ci.movie_id"
                                      ],
                                      "Sort Method": "quicksort",
                                      "Sort Space Used": 529989,
                                      "Sort Space Type": "Memory",
                                      "Workers": [
                                        {
                                          "Worker Number": 0,
                                          "Sort Method": "quicksort",
                                          "Sort Space Used": 406934,
                                          "Sort Space Type": "Memory"
                                        },
                                        {
                                          "Worker Number": 1,
                                          "Sort Method": "quicksort",
                                          "Sort Space Used": 400214,
                                          "Sort Space Type": "Memory"
                                        },
                                        {
                                          "Worker Number": 2,
                                          "Sort Method": "quicksort",
                                          "Sort Space Used": 406080,
                                          "Sort Space Type": "Memory"
                                        },
                                        {
                                          "Worker Number": 3,
                                          "Sort Method": "quicksort",
                                          "Sort Space Used": 405824,
                                          "Sort Space Type": "Memory"
                                        },
                                        {
                                          "Worker Number": 4,
                                          "Sort Method": "quicksort",
                                          "Sort Space Used": 401883,
                                          "Sort Space Type": "Memory"
                                        },
                                        {
                                          "Worker Number": 5,
                                          "Sort Method": "quicksort",
                                          "Sort Space Used": 524290,
                                          "Sort Space Type": "Memory"
                                        }
                                      ],
                                      "Plans": [
                                        {
                                          "Node Type": "Seq Scan",
                                          "Parent Relationship": "Outer",
                                          "Parallel Aware": true,
                                          "Relation Name": "cast_info",
                                          "Alias": "ci",
                                          "Startup Cost": 0.0,
                                          "Total Cost": 313116.71,
                                          "Plan Rows": 6042971,
                                          "Plan Width": 8,
                                          "Actual Startup Time": 0.065,
                                          "Actual Total Time": 864.162,
                                          "Actual Rows": 5177763,
                                          "Actual Loops": 7
                                        }
                                      ]
                                    },
                                    {
                                      "Node Type": "Sort",
                                      "Parent Relationship": "Inner",
                                      "Parallel Aware": false,
                                      "Startup Cost": 1618.42,
                                      "Total Cost": 1622.58,
                                      "Plan Rows": 1666,
                                      "Plan Width": 4,
                                      "Actual Startup Time": 7.599,
                                      "Actual Total Time": 11.443,
                                      "Actual Rows": 59337,
                                      "Actual Loops": 7,
                                      "Sort Key": [
                                        "ml.linked_movie_id"
                                      ],
                                      "Sort Method": "quicksort",
                                      "Sort Space Used": 436,
                                      "Sort Space Type": "Memory",
                                      "Workers": [
                                        {
                                          "Worker Number": 0,
                                          "Sort Method": "quicksort",
                                          "Sort Space Used": 436,
                                          "Sort Space Type": "Memory"
                                        },
                                        {
                                          "Worker Number": 1,
                                          "Sort Method": "quicksort",
                                          "Sort Space Used": 436,
                                          "Sort Space Type": "Memory"
                                        },
                                        {
                                          "Worker Number": 2,
                                          "Sort Method": "quicksort",
                                          "Sort Space Used": 436,
                                          "Sort Space Type": "Memory"
                                        },
                                        {
                                          "Worker Number": 3,
                                          "Sort Method": "quicksort",
                                          "Sort Space Used": 436,
                                          "Sort Space Type": "Memory"
                                        },
                                        {
                                          "Worker Number": 4,
                                          "Sort Method": "quicksort",
                                          "Sort Space Used": 436,
                                          "Sort Space Type": "Memory"
                                        },
                                        {
                                          "Worker Number": 5,
                                          "Sort Method": "quicksort",
                                          "Sort Space Used": 436,
                                          "Sort Space Type": "Memory"
                                        }
                                      ],
                                      "Plans": [
                                        {
                                          "Node Type": "Merge Join",
                                          "Parent Relationship": "Outer",
                                          "Parallel Aware": false,
                                          "Join Type": "Inner",
                                          "Startup Cost": 0.42,
                                          "Total Cost": 1529.27,
                                          "Plan Rows": 1666,
                                          "Plan Width": 4,
                                          "Actual Startup Time": 5.0,
                                          "Actual Total Time": 6.388,
                                          "Actual Rows": 5186,
                                          "Actual Loops": 7,
                                          "Inner Unique": false,
                                          "Merge Cond": "(lt.id = ml.link_type_id)",
                                          "Plans": [
                                            {
                                              "Node Type": "Index Scan",
                                              "Parent Relationship": "Outer",
                                              "Parallel Aware": false,
                                              "Scan Direction": "Forward",
                                              "Index Name": "link_type_pkey",
                                              "Relation Name": "link_type",
                                              "Alias": "lt",
                                              "Startup Cost": 0.14,
                                              "Total Cost": 12.45,
                                              "Plan Rows": 1,
                                              "Plan Width": 4,
                                              "Actual Startup Time": 0.082,
                                              "Actual Total Time": 0.087,
                                              "Actual Rows": 1,
                                              "Actual Loops": 7,
                                              "Filter": "((link)::text = 'features'::text)",
                                              "Rows Removed by Filter": 17
                                            },
                                            {
                                              "Node Type": "Index Scan",
                                              "Parent Relationship": "Inner",
                                              "Parallel Aware": false,
                                              "Scan Direction": "Forward",
                                              "Index Name": "link_type_id_movie_link",
                                              "Relation Name": "movie_link",
                                              "Alias": "ml",
                                              "Startup Cost": 0.29,
                                              "Total Cost": 1425.16,
                                              "Plan Rows": 29997,
                                              "Plan Width": 8,
                                              "Actual Startup Time": 0.054,
                                              "Actual Total Time": 4.575,
                                              "Actual Rows": 23410,
                                              "Actual Loops": 7
                                            }
                                          ]
                                        }
                                      ]
                                    }
                                  ]
                                }
                              ]
                            },
                            {
                              "Node Type": "Sort",
                              "Parent Relationship": "Inner",
                              "Parallel Aware": false,
                              "Startup Cost": 60344.12,
                              "Total Cost": 60535.49,
                              "Plan Rows": 76547,
                              "Plan Width": 21,
                              "Actual Startup Time": 180.812,
                              "Actual Total Time": 191.467,
                              "Actual Rows": 75969,
                              "Actual Loops": 1,
                              "Sort Key": [
                                "t.id"
                              ],
                              "Sort Method": "quicksort",
                              "Sort Space Used": 8367,
                              "Sort Space Type": "Memory",
                              "Plans": [
                                {
                                  "Node Type": "Gather",
                                  "Parent Relationship": "Outer",
                                  "Parallel Aware": false,
                                  "Startup Cost": 1000.0,
                                  "Total Cost": 54134.61,
                                  "Plan Rows": 76547,
                                  "Plan Width": 21,
                                  "Actual Startup Time": 0.344,
                                  "Actual Total Time": 159.468,
                                  "Actual Rows": 76065,
                                  "Actual Loops": 1,
                                  "Workers Planned": 4,
                                  "Workers Launched": 1,
                                  "Single Copy": false,
                                  "Plans": [
                                    {
                                      "Node Type": "Seq Scan",
                                      "Parent Relationship": "Outer",
                                      "Parallel Aware": true,
                                      "Relation Name": "title",
                                      "Alias": "t",
                                      "Startup Cost": 0.0,
                                      "Total Cost": 45479.91,
                                      "Plan Rows": 19137,
                                      "Plan Width": 21,
                                      "Actual Startup Time": 0.031,
                                      "Actual Total Time": 148.463,
                                      "Actual Rows": 38032,
                                      "Actual Loops": 2,
                                      "Filter": "((production_year >= 1980) AND (production_year <= 1984))",
                                      "Rows Removed by Filter": 1226124
                                    }
                                  ]
                                }
                              ]
                            }
                          ]
                        }
                      ]
                    }
                  ]
                },
                {
                  "Node Type": "Sort",
                  "Parent Relationship": "Inner",
                  "Parallel Aware": false,
                  "Startup Cost": 61322.14,
                  "Total Cost": 61322.14,
                  "Plan Rows": 1,
                  "Plan Width": 4,
                  "Actual Startup Time": 230.302,
                  "Actual Total Time": 230.378,
                  "Actual Rows": 56,
                  "Actual Loops": 1,
                  "Sort Key": [
                    "pi.person_id"
                  ],
                  "Sort Method": "quicksort",
                  "Sort Space Used": 28,
                  "Sort Space Type": "Memory",
                  "Plans": [
                    {
                      "Node Type": "Gather",
                      "Parent Relationship": "Outer",
                      "Parallel Aware": false,
                      "Startup Cost": 61321.97,
                      "Total Cost": 61322.12,
                      "Plan Rows": 1,
                      "Plan Width": 4,
                      "Actual Startup Time": 230.121,
                      "Actual Total Time": 230.338,
                      "Actual Rows": 64,
                      "Actual Loops": 1,
                      "Workers Planned": 4,
                      "Workers Launched": 1,
                      "Single Copy": false,
                      "Plans": [
                        {
                          "Node Type": "Merge Join",
                          "Parent Relationship": "Outer",
                          "Parallel Aware": false,
                          "Join Type": "Inner",
                          "Startup Cost": 60321.97,
                          "Total Cost": 60322.03,
                          "Plan Rows": 1,
                          "Plan Width": 4,
                          "Actual Startup Time": 223.296,
                          "Actual Total Time": 223.306,
                          "Actual Rows": 32,
                          "Actual Loops": 2,
                          "Inner Unique": true,
                          "Merge Cond": "(pi.info_type_id = it.id)",
                          "Plans": [
                            {
                              "Node Type": "Sort",
                              "Parent Relationship": "Outer",
                              "Parallel Aware": false,
                              "Startup Cost": 60319.55,
                              "Total Cost": 60319.57,
                              "Plan Rows": 8,
                              "Plan Width": 8,
                              "Actual Startup Time": 223.236,
                              "Actual Total Time": 223.238,
                              "Actual Rows": 32,
                              "Actual Loops": 2,
                              "Sort Key": [
                                "pi.info_type_id"
                              ],
                              "Sort Method": "quicksort",
                              "Sort Space Used": 26,
                              "Sort Space Type": "Memory",
                              "Workers": [
                                {
                                  "Worker Number": 0,
                                  "Sort Method": "quicksort",
                                  "Sort Space Used": 26,
                                  "Sort Space Type": "Memory"
                                }
                              ],
                              "Plans": [
                                {
                                  "Node Type": "Seq Scan",
                                  "Parent Relationship": "Outer",
                                  "Parallel Aware": true,
                                  "Relation Name": "person_info",
                                  "Alias": "pi",
                                  "Startup Cost": 0.0,
                                  "Total Cost": 60319.43,
                                  "Plan Rows": 8,
                                  "Plan Width": 8,
                                  "Actual Startup Time": 10.238,
                                  "Actual Total Time": 223.14,
                                  "Actual Rows": 32,
                                  "Actual Loops": 2,
                                  "Filter": "(note = 'Volker Boehm'::text)",
                                  "Rows Removed by Filter": 1481800
                                }
                              ]
                            },
                            {
                              "Node Type": "Sort",
                              "Parent Relationship": "Inner",
                              "Parallel Aware": false,
                              "Startup Cost": 2.42,
                              "Total Cost": 2.43,
                              "Plan Rows": 1,
                              "Plan Width": 4,
                              "Actual Startup Time": 0.055,
                              "Actual Total Time": 0.056,
                              "Actual Rows": 1,
                              "Actual Loops": 2,
                              "Sort Key": [
                                "it.id"
                              ],
                              "Sort Method": "quicksort",
                              "Sort Space Used": 25,
                              "Sort Space Type": "Memory",
                              "Workers": [
                                {
                                  "Worker Number": 0,
                                  "Sort Method": "quicksort",
                                  "Sort Space Used": 25,
                                  "Sort Space Type": "Memory"
                                }
                              ],
                              "Plans": [
                                {
                                  "Node Type": "Seq Scan",
                                  "Parent Relationship": "Outer",
                                  "Parallel Aware": false,
                                  "Relation Name": "info_type",
                                  "Alias": "it",
                                  "Startup Cost": 0.0,
                                  "Total Cost": 2.41,
                                  "Plan Rows": 1,
                                  "Plan Width": 4,
                                  "Actual Startup Time": 0.035,
                                  "Actual Total Time": 0.041,
                                  "Actual Rows": 1,
                                  "Actual Loops": 2,
                                  "Filter": "((info)::text = 'mini biography'::text)",
                                  "Rows Removed by Filter": 112
                                }
                              ]
                            }
                          ]
                        }
                      ]
                    }
                  ]
                }
              ]
            },
            {
              "Node Type": "Sort",
              "Parent Relationship": "Inner",
              "Parallel Aware": false,
              "Startup Cost": 90011.33,
              "Total Cost": 90254.3,
              "Plan Rows": 97191,
              "Plan Width": 19,
              "Actual Startup Time": 168.399,
              "Actual Total Time": 175.827,
              "Actual Rows": 91976,
              "Actual Loops": 1,
              "Sort Key": [
                "n.id"
              ],
              "Sort Method": "quicksort",
              "Sort Space Used": 9811,
              "Sort Space Type": "Memory",
              "Plans": [
                {
                  "Node Type": "Gather",
                  "Parent Relationship": "Outer",
                  "Parallel Aware": false,
                  "Startup Cost": 1000.0,
                  "Total Cost": 81959.76,
                  "Plan Rows": 97191,
                  "Plan Width": 19,
                  "Actual Startup Time": 0.339,
                  "Actual Total Time": 147.882,
                  "Actual Rows": 91976,
                  "Actual Loops": 1,
                  "Workers Planned": 4,
                  "Workers Launched": 4,
                  "Single Copy": false,
                  "Plans": [
                    {
                      "Node Type": "Seq Scan",
                      "Parent Relationship": "Outer",
                      "Parallel Aware": true,
                      "Relation Name": "name",
                      "Alias": "n",
                      "Startup Cost": 0.0,
                      "Total Cost": 71240.66,
                      "Plan Rows": 24298,
                      "Plan Width": 19,
                      "Actual Startup Time": 10.573,
                      "Actual Total Time": 137.901,
                      "Actual Rows": 18395,
                      "Actual Loops": 5,
                      "Filter": "(((name_pcode_cf)::text ~~ 'D%'::text) AND ((gender)::text = 'm'::text))",
                      "Rows Removed by Filter": 815103
                    }
                  ]
                }
              ]
            }
          ]
        }
      ]
    },
    "Planning Time": 406.438,
    "Triggers": [],
    "Execution Time": 5351.1
  }
]