{
  "Plan": {
    "Node Type": "Aggregate",
    "Strategy": "Plain",
    "Partial Mode": "Finalize",
    "Parallel Aware": false,
    "Startup Cost": 1546557.19,
    "Total Cost": 1546557.2,
    "Plan Rows": 1,
    "Plan Width": 8,
    "Actual Startup Time": 28825.12,
    "Actual Total Time": 28882.557,
    "Actual Rows": 1,
    "Actual Loops": 1,
    "Plans": [
      {
        "Node Type": "Gather",
        "Parent Relationship": "Outer",
        "Parallel Aware": false,
        "Startup Cost": 1546557.07,
        "Total Cost": 1546557.18,
        "Plan Rows": 1,
        "Plan Width": 8,
        "Actual Startup Time": 28824.061,
        "Actual Total Time": 28882.547,
        "Actual Rows": 2,
        "Actual Loops": 1,
        "Workers Planned": 1,
        "Workers Launched": 1,
        "Single Copy": false,
        "Plans": [
          {
            "Node Type": "Aggregate",
            "Strategy": "Plain",
            "Partial Mode": "Partial",
            "Parent Relationship": "Outer",
            "Parallel Aware": false,
            "Startup Cost": 1545557.07,
            "Total Cost": 1545557.08,
            "Plan Rows": 1,
            "Plan Width": 8,
            "Actual Startup Time": 28818.458,
            "Actual Total Time": 28818.46,
            "Actual Rows": 1,
            "Actual Loops": 2,
            "Plans": [
              {
                "Node Type": "Merge Join",
                "Parent Relationship": "Outer",
                "Parallel Aware": false,
                "Join Type": "Inner",
                "Startup Cost": 20.96,
                "Total Cost": 1522029.67,
                "Plan Rows": 9410961,
                "Plan Width": 0,
                "Actual Startup Time": 40.789,
                "Actual Total Time": 25598.127,
                "Actual Rows": 77997229,
                "Actual Loops": 2,
                "Inner Unique": false,
                "Merge Cond": "(t.id = mi.movie_id)",
                "Plans": [
                  {
                    "Node Type": "Merge Join",
                    "Parent Relationship": "Outer",
                    "Parallel Aware": false,
                    "Join Type": "Inner",
                    "Startup Cost": 14.32,
                    "Total Cost": 308075.17,
                    "Plan Rows": 1609456,
                    "Plan Width": 8,
                    "Actual Startup Time": 23.917,
                    "Actual Total Time": 1945.589,
                    "Actual Rows": 1419890,
                    "Actual Loops": 2,
                    "Inner Unique": true,
                    "Merge Cond": "(mk.movie_id = t.id)",
                    "Plans": [
                      {
                        "Node Type": "Index Scan",
                        "Parent Relationship": "Outer",
                        "Parallel Aware": true,
                        "Scan Direction": "Forward",
                        "Index Name": "movie_id_movie_keyword",
                        "Relation Name": "movie_keyword",
                        "Alias": "mk",
                        "Startup Cost": 0.43,
                        "Total Cost": 165212.95,
                        "Plan Rows": 1704278,
                        "Plan Width": 4,
                        "Actual Startup Time": 1.342,
                        "Actual Total Time": 379.846,
                        "Actual Rows": 1441516,
                        "Actual Loops": 2,
                        "Filter": "(keyword_id > 2488)",
                        "Rows Removed by Filter": 820450
                      },
                      {
                        "Node Type": "Index Scan",
                        "Parent Relationship": "Inner",
                        "Parallel Aware": false,
                        "Scan Direction": "Forward",
                        "Index Name": "title_pkey",
                        "Relation Name": "title",
                        "Alias": "t",
                        "Startup Cost": 0.43,
                        "Total Cost": 116660.7,
                        "Plan Rows": 2387625,
                        "Plan Width": 4,
                        "Actual Startup Time": 0.094,
                        "Actual Total Time": 1282.491,
                        "Actual Rows": 2387713,
                        "Actual Loops": 2,
                        "Filter": "(production_year < 2013)",
                        "Rows Removed by Filter": 138107
                      }
                    ]
                  },
                  {
                    "Node Type": "Index Only Scan",
                    "Parent Relationship": "Inner",
                    "Parallel Aware": false,
                    "Scan Direction": "Forward",
                    "Index Name": "movie_id_movie_info",
                    "Relation Name": "movie_info",
                    "Alias": "mi",
                    "Startup Cost": 0.43,
                    "Total Cost": 1079097.33,
                    "Plan Rows": 14783665,
                    "Plan Width": 4,
                    "Actual Startup Time": 0.058,
                    "Actual Total Time": 16643.159,
                    "Actual Rows": 89922442,
                    "Actual Loops": 2,
                    "Heap Fetches": 179844885
                  }
                ]
              }
            ]
          }
        ]
      }
    ]
  },
  "Planning Time": 0.982,
  "Triggers": [],
  "Execution Time": 28882.659
}