{
  "Plan": {
    "Node Type": "Aggregate",
    "Strategy": "Plain",
    "Partial Mode": "Finalize",
    "Parallel Aware": false,
    "Startup Cost": 99381.06,
    "Total Cost": 99381.07,
    "Plan Rows": 1,
    "Plan Width": 8,
    "Actual Startup Time": 349.723,
    "Actual Total Time": 368.349,
    "Actual Rows": 1,
    "Actual Loops": 1,
    "Plans": [
      {
        "Node Type": "Gather",
        "Parent Relationship": "Outer",
        "Parallel Aware": false,
        "Startup Cost": 99380.94,
        "Total Cost": 99381.05,
        "Plan Rows": 1,
        "Plan Width": 8,
        "Actual Startup Time": 349.538,
        "Actual Total Time": 368.342,
        "Actual Rows": 2,
        "Actual Loops": 1,
        "Workers Planned": 1,
        "Workers Launched": 1,
        "Single Copy": false,
        "Plans": [
          {
            "Node Type": "Aggregate",
            "Strategy": "Plain",
            "Partial Mode": "Partial",
            "Parent Relationship": "Outer",
            "Parallel Aware": false,
            "Startup Cost": 98380.94,
            "Total Cost": 98380.95,
            "Plan Rows": 1,
            "Plan Width": 8,
            "Actual Startup Time": 342.333,
            "Actual Total Time": 342.336,
            "Actual Rows": 1,
            "Actual Loops": 2,
            "Plans": [
              {
                "Node Type": "Hash Join",
                "Parent Relationship": "Outer",
                "Parallel Aware": true,
                "Join Type": "Inner",
                "Startup Cost": 58355.48,
                "Total Cost": 98375.81,
                "Plan Rows": 2054,
                "Plan Width": 0,
                "Actual Startup Time": 212.767,
                "Actual Total Time": 342.207,
                "Actual Rows": 2148,
                "Actual Loops": 2,
                "Inner Unique": true,
                "Hash Cond": "(mc.movie_id = t.id)",
                "Plans": [
                  {
                    "Node Type": "Seq Scan",
                    "Parent Relationship": "Outer",
                    "Parallel Aware": true,
                    "Relation Name": "movie_companies",
                    "Alias": "mc",
                    "Startup Cost": 0.0,
                    "Total Cost": 37974.77,
                    "Plan Rows": 779260,
                    "Plan Width": 4,
                    "Actual Startup Time": 54.029,
                    "Actual Total Time": 129.204,
                    "Actual Rows": 667442,
                    "Actual Loops": 2,
                    "Filter": "(company_type_id > 1)",
                    "Rows Removed by Filter": 637123
                  },
                  {
                    "Node Type": "Hash",
                    "Parent Relationship": "Inner",
                    "Parallel Aware": true,
                    "Startup Cost": 58306.47,
                    "Total Cost": 58306.47,
                    "Plan Rows": 3921,
                    "Plan Width": 4,
                    "Actual Startup Time": 157.185,
                    "Actual Total Time": 157.186,
                    "Actual Rows": 3227,
                    "Actual Loops": 2,
                    "Hash Buckets": 8192,
                    "Original Hash Buckets": 8192,
                    "Hash Batches": 1,
                    "Original Hash Batches": 1,
                    "Peak Memory Usage": 352,
                    "Plans": [
                      {
                        "Node Type": "Seq Scan",
                        "Parent Relationship": "Outer",
                        "Parallel Aware": true,
                        "Relation Name": "title",
                        "Alias": "t",
                        "Startup Cost": 0.0,
                        "Total Cost": 58306.47,
                        "Plan Rows": 3921,
                        "Plan Width": 4,
                        "Actual Startup Time": 0.212,
                        "Actual Total Time": 155.723,
                        "Actual Rows": 3227,
                        "Actual Loops": 2,
                        "Filter": "((kind_id > 4) AND (production_year = 1964))",
                        "Rows Removed by Filter": 1260929
                      }
                    ]
                  }
                ]
              }
            ]
          }
        ]
      }
    ]
  },
  "Planning Time": 0.46,
  "Triggers": [],
  "Execution Time": 368.421
}