[
  {
    "Plan": {
      "Node Type": "Aggregate",
      "Strategy": "Plain",
      "Partial Mode": "Finalize",
      "Parallel Aware": false,
      "Startup Cost": 121072.07,
      "Total Cost": 121072.08,
      "Plan Rows": 1,
      "Plan Width": 8,
      "Actual Startup Time": 329.73,
      "Actual Total Time": 345.398,
      "Actual Rows": 1,
      "Actual Loops": 1,
      "Plans": [
        {
          "Node Type": "Gather",
          "Parent Relationship": "Outer",
          "Parallel Aware": false,
          "Startup Cost": 121071.75,
          "Total Cost": 121072.06,
          "Plan Rows": 3,
          "Plan Width": 8,
          "Actual Startup Time": 329.145,
          "Actual Total Time": 345.391,
          "Actual Rows": 4,
          "Actual Loops": 1,
          "Workers Planned": 3,
          "Workers Launched": 3,
          "Single Copy": false,
          "Plans": [
            {
              "Node Type": "Aggregate",
              "Strategy": "Plain",
              "Partial Mode": "Partial",
              "Parent Relationship": "Outer",
              "Parallel Aware": false,
              "Startup Cost": 120071.75,
              "Total Cost": 120071.76,
              "Plan Rows": 1,
              "Plan Width": 8,
              "Actual Startup Time": 324.943,
              "Actual Total Time": 324.951,
              "Actual Rows": 1,
              "Actual Loops": 4,
              "Plans": [
                {
                  "Node Type": "Hash Join",
                  "Parent Relationship": "Outer",
                  "Parallel Aware": true,
                  "Join Type": "Inner",
                  "Startup Cost": 89373.74,
                  "Total Cost": 119925.37,
                  "Plan Rows": 58554,
                  "Plan Width": 0,
                  "Actual Startup Time": 227.877,
                  "Actual Total Time": 324.93,
                  "Actual Rows": 246,
                  "Actual Loops": 4,
                  "Inner Unique": false,
                  "Hash Cond": "(mc.movie_id = t.id)",
                  "Plans": [
                    {
                      "Node Type": "Seq Scan",
                      "Parent Relationship": "Outer",
                      "Parallel Aware": true,
                      "Relation Name": "movie_companies",
                      "Alias": "mc",
                      "Startup Cost": 0.0,
                      "Total Cost": 27206.55,
                      "Plan Rows": 841655,
                      "Plan Width": 4,
                      "Actual Startup Time": 0.015,
                      "Actual Total Time": 52.431,
                      "Actual Rows": 652282,
                      "Actual Loops": 4
                    },
                    {
                      "Node Type": "Hash",
                      "Parent Relationship": "Inner",
                      "Parallel Aware": true,
                      "Startup Cost": 88664.49,
                      "Total Cost": 88664.49,
                      "Plan Rows": 56740,
                      "Plan Width": 8,
                      "Actual Startup Time": 220.442,
                      "Actual Total Time": 220.448,
                      "Actual Rows": 107,
                      "Actual Loops": 4,
                      "Hash Buckets": 262144,
                      "Original Hash Buckets": 262144,
                      "Hash Batches": 1,
                      "Original Hash Batches": 1,
                      "Peak Memory Usage": 2176,
                      "Plans": [
                        {
                          "Node Type": "Hash Join",
                          "Parent Relationship": "Outer",
                          "Parallel Aware": true,
                          "Join Type": "Inner",
                          "Startup Cost": 45786.41,
                          "Total Cost": 88664.49,
                          "Plan Rows": 56740,
                          "Plan Width": 8,
                          "Actual Startup Time": 83.461,
                          "Actual Total Time": 220.285,
                          "Actual Rows": 107,
                          "Actual Loops": 4,
                          "Inner Unique": true,
                          "Hash Cond": "(mk.movie_id = t.id)",
                          "Plans": [
                            {
                              "Node Type": "Seq Scan",
                              "Parent Relationship": "Outer",
                              "Parallel Aware": true,
                              "Relation Name": "movie_keyword",
                              "Alias": "mk",
                              "Startup Cost": 0.0,
                              "Total Cost": 39047.32,
                              "Plan Rows": 1459332,
                              "Plan Width": 4,
                              "Actual Startup Time": 0.01,
                              "Actual Total Time": 79.353,
                              "Actual Rows": 1130982,
                              "Actual Loops": 4
                            },
                            {
                              "Node Type": "Hash",
                              "Parent Relationship": "Inner",
                              "Parallel Aware": true,
                              "Startup Cost": 45479.21,
                              "Total Cost": 45479.21,
                              "Plan Rows": 24576,
                              "Plan Width": 4,
                              "Actual Startup Time": 71.139,
                              "Actual Total Time": 71.142,
                              "Actual Rows": 493,
                              "Actual Loops": 4,
                              "Hash Buckets": 131072,
                              "Original Hash Buckets": 131072,
                              "Hash Batches": 1,
                              "Original Hash Batches": 1,
                              "Peak Memory Usage": 1152,
                              "Plans": [
                                {
                                  "Node Type": "Seq Scan",
                                  "Parent Relationship": "Outer",
                                  "Parallel Aware": true,
                                  "Relation Name": "title",
                                  "Alias": "t",
                                  "Startup Cost": 0.0,
                                  "Total Cost": 45479.21,
                                  "Plan Rows": 24576,
                                  "Plan Width": 4,
                                  "Actual Startup Time": 0.208,
                                  "Actual Total Time": 70.706,
                                  "Actual Rows": 493,
                                  "Actual Loops": 4,
                                  "Filter": "((production_year < 1950) AND (kind_id = 7))",
                                  "Rows Removed by Filter": 631585
                                }
                              ]
                            }
                          ]
                        }
                      ]
                    }
                  ]
                }
              ]
            }
          ]
        }
      ]
    },
    "Planning Time": 0.408,
    "Triggers": [],
    "Execution Time": 345.433
  }
]