[
  {
    "Plan": {
      "Node Type": "Aggregate",
      "Strategy": "Plain",
      "Partial Mode": "Finalize",
      "Parallel Aware": false,
      "Startup Cost": 121052.62,
      "Total Cost": 121052.63,
      "Plan Rows": 1,
      "Plan Width": 8,
      "Actual Startup Time": 375.354,
      "Actual Total Time": 396.738,
      "Actual Rows": 1,
      "Actual Loops": 1,
      "Plans": [
        {
          "Node Type": "Gather",
          "Parent Relationship": "Outer",
          "Parallel Aware": false,
          "Startup Cost": 121052.3,
          "Total Cost": 121052.61,
          "Plan Rows": 3,
          "Plan Width": 8,
          "Actual Startup Time": 374.952,
          "Actual Total Time": 396.73,
          "Actual Rows": 4,
          "Actual Loops": 1,
          "Workers Planned": 3,
          "Workers Launched": 3,
          "Single Copy": false,
          "Plans": [
            {
              "Node Type": "Aggregate",
              "Strategy": "Plain",
              "Partial Mode": "Partial",
              "Parent Relationship": "Outer",
              "Parallel Aware": false,
              "Startup Cost": 120052.3,
              "Total Cost": 120052.31,
              "Plan Rows": 1,
              "Plan Width": 8,
              "Actual Startup Time": 366.45,
              "Actual Total Time": 366.455,
              "Actual Rows": 1,
              "Actual Loops": 4,
              "Plans": [
                {
                  "Node Type": "Hash Join",
                  "Parent Relationship": "Outer",
                  "Parallel Aware": true,
                  "Join Type": "Inner",
                  "Startup Cost": 89359.08,
                  "Total Cost": 119908.01,
                  "Plan Rows": 57716,
                  "Plan Width": 0,
                  "Actual Startup Time": 265.18,
                  "Actual Total Time": 366.431,
                  "Actual Rows": 246,
                  "Actual Loops": 4,
                  "Inner Unique": false,
                  "Hash Cond": "(mc.movie_id = t.id)",
                  "Plans": [
                    {
                      "Node Type": "Seq Scan",
                      "Parent Relationship": "Outer",
                      "Parallel Aware": true,
                      "Relation Name": "movie_companies",
                      "Alias": "mc",
                      "Startup Cost": 0.0,
                      "Total Cost": 27206.55,
                      "Plan Rows": 841655,
                      "Plan Width": 4,
                      "Actual Startup Time": 0.016,
                      "Actual Total Time": 56.033,
                      "Actual Rows": 652282,
                      "Actual Loops": 4
                    },
                    {
                      "Node Type": "Hash",
                      "Parent Relationship": "Inner",
                      "Parallel Aware": true,
                      "Startup Cost": 88659.98,
                      "Total Cost": 88659.98,
                      "Plan Rows": 55928,
                      "Plan Width": 8,
                      "Actual Startup Time": 254.938,
                      "Actual Total Time": 254.942,
                      "Actual Rows": 107,
                      "Actual Loops": 4,
                      "Hash Buckets": 262144,
                      "Original Hash Buckets": 262144,
                      "Hash Batches": 1,
                      "Original Hash Batches": 1,
                      "Peak Memory Usage": 2176,
                      "Plans": [
                        {
                          "Node Type": "Hash Join",
                          "Parent Relationship": "Outer",
                          "Parallel Aware": true,
                          "Join Type": "Inner",
                          "Startup Cost": 45781.9,
                          "Total Cost": 88659.98,
                          "Plan Rows": 55928,
                          "Plan Width": 8,
                          "Actual Startup Time": 103.028,
                          "Actual Total Time": 254.743,
                          "Actual Rows": 107,
                          "Actual Loops": 4,
                          "Inner Unique": true,
                          "Hash Cond": "(mk.movie_id = t.id)",
                          "Plans": [
                            {
                              "Node Type": "Seq Scan",
                              "Parent Relationship": "Outer",
                              "Parallel Aware": true,
                              "Relation Name": "movie_keyword",
                              "Alias": "mk",
                              "Startup Cost": 0.0,
                              "Total Cost": 39047.32,
                              "Plan Rows": 1459332,
                              "Plan Width": 4,
                              "Actual Startup Time": 0.026,
                              "Actual Total Time": 88.453,
                              "Actual Rows": 1130982,
                              "Actual Loops": 4
                            },
                            {
                              "Node Type": "Hash",
                              "Parent Relationship": "Inner",
                              "Parallel Aware": true,
                              "Startup Cost": 45479.1,
                              "Total Cost": 45479.1,
                              "Plan Rows": 24224,
                              "Plan Width": 4,
                              "Actual Startup Time": 89.449,
                              "Actual Total Time": 89.45,
                              "Actual Rows": 493,
                              "Actual Loops": 4,
                              "Hash Buckets": 131072,
                              "Original Hash Buckets": 131072,
                              "Hash Batches": 1,
                              "Original Hash Batches": 1,
                              "Peak Memory Usage": 1152,
                              "Plans": [
                                {
                                  "Node Type": "Seq Scan",
                                  "Parent Relationship": "Outer",
                                  "Parallel Aware": true,
                                  "Relation Name": "title",
                                  "Alias": "t",
                                  "Startup Cost": 0.0,
                                  "Total Cost": 45479.1,
                                  "Plan Rows": 24224,
                                  "Plan Width": 4,
                                  "Actual Startup Time": 0.31,
                                  "Actual Total Time": 88.929,
                                  "Actual Rows": 493,
                                  "Actual Loops": 4,
                                  "Filter": "((production_year < 1950) AND (kind_id = 7))",
                                  "Rows Removed by Filter": 631585
                                }
                              ]
                            }
                          ]
                        }
                      ]
                    }
                  ]
                }
              ]
            }
          ]
        }
      ]
    },
    "Planning Time": 1.383,
    "Triggers": [],
    "Execution Time": 396.819
  }
]