[
    {
        "Bao": {
            "Bao prediction": 451.82,
            "Bao recommended hint": "SET enable_mergejoin TO off; SET enable_indexscan TO off; "
        }
    },
    {
        "Plan": {
            "Node Type": "Aggregate",
            "Strategy": "Plain",
            "Partial Mode": "Finalize",
            "Parallel Aware": false,
            "Startup Cost": 345313.81,
            "Total Cost": 345313.82,
            "Plan Rows": 1,
            "Plan Width": 8,
            "Actual Startup Time": 730.772,
            "Actual Total Time": 761.823,
            "Actual Rows": 1,
            "Actual Loops": 1,
            "Output": [
                "count(*)"
            ],
            "Plans": [
                {
                    "Node Type": "Gather",
                    "Parent Relationship": "Outer",
                    "Parallel Aware": false,
                    "Startup Cost": 345313.19,
                    "Total Cost": 345313.8,
                    "Plan Rows": 6,
                    "Plan Width": 8,
                    "Actual Startup Time": 730.657,
                    "Actual Total Time": 761.814,
                    "Actual Rows": 7,
                    "Actual Loops": 1,
                    "Output": [
                        "(PARTIAL count(*))"
                    ],
                    "Workers Planned": 6,
                    "Workers Launched": 6,
                    "Single Copy": false,
                    "Plans": [
                        {
                            "Node Type": "Aggregate",
                            "Strategy": "Plain",
                            "Partial Mode": "Partial",
                            "Parent Relationship": "Outer",
                            "Parallel Aware": false,
                            "Startup Cost": 344313.19,
                            "Total Cost": 344313.2,
                            "Plan Rows": 1,
                            "Plan Width": 8,
                            "Actual Startup Time": 721.32,
                            "Actual Total Time": 721.322,
                            "Actual Rows": 1,
                            "Actual Loops": 7,
                            "Output": [
                                "PARTIAL count(*)"
                            ],
                            "Workers": [
                                {
                                    "Worker Number": 0,
                                    "Actual Startup Time": 719.189,
                                    "Actual Total Time": 719.19,
                                    "Actual Rows": 1,
                                    "Actual Loops": 1
                                },
                                {
                                    "Worker Number": 1,
                                    "Actual Startup Time": 719.571,
                                    "Actual Total Time": 719.573,
                                    "Actual Rows": 1,
                                    "Actual Loops": 1
                                },
                                {
                                    "Worker Number": 2,
                                    "Actual Startup Time": 719.821,
                                    "Actual Total Time": 719.822,
                                    "Actual Rows": 1,
                                    "Actual Loops": 1
                                },
                                {
                                    "Worker Number": 3,
                                    "Actual Startup Time": 720.081,
                                    "Actual Total Time": 720.082,
                                    "Actual Rows": 1,
                                    "Actual Loops": 1
                                },
                                {
                                    "Worker Number": 4,
                                    "Actual Startup Time": 720.277,
                                    "Actual Total Time": 720.278,
                                    "Actual Rows": 1,
                                    "Actual Loops": 1
                                },
                                {
                                    "Worker Number": 5,
                                    "Actual Startup Time": 720.457,
                                    "Actual Total Time": 720.458,
                                    "Actual Rows": 1,
                                    "Actual Loops": 1
                                }
                            ],
                            "Plans": [
                                {
                                    "Node Type": "Seq Scan",
                                    "Parent Relationship": "Outer",
                                    "Parallel Aware": true,
                                    "Relation Name": "cast_info",
                                    "Schema": "public",
                                    "Alias": "ci",
                                    "Startup Cost": 0.0,
                                    "Total Cost": 343318.94,
                                    "Plan Rows": 397699,
                                    "Plan Width": 0,
                                    "Actual Startup Time": 268.635,
                                    "Actual Total Time": 721.289,
                                    "Actual Rows": 272,
                                    "Actual Loops": 7,
                                    "Output": [
                                        "id",
                                        "person_id",
                                        "movie_id",
                                        "person_role_id",
                                        "note",
                                        "nr_order",
                                        "role_id"
                                    ],
                                    "Filter": "((ci.person_id < 1143530) AND (ci.role_id = 2))",
                                    "Rows Removed by Filter": 5177492,
                                    "Workers": [
                                        {
                                            "Worker Number": 0,
                                            "Actual Startup Time": 268.044,
                                            "Actual Total Time": 719.166,
                                            "Actual Rows": 126,
                                            "Actual Loops": 1
                                        },
                                        {
                                            "Worker Number": 1,
                                            "Actual Startup Time": 269.183,
                                            "Actual Total Time": 719.543,
                                            "Actual Rows": 204,
                                            "Actual Loops": 1
                                        },
                                        {
                                            "Worker Number": 2,
                                            "Actual Startup Time": 266.232,
                                            "Actual Total Time": 719.769,
                                            "Actual Rows": 513,
                                            "Actual Loops": 1
                                        },
                                        {
                                            "Worker Number": 3,
                                            "Actual Startup Time": 265.943,
                                            "Actual Total Time": 720.053,
                                            "Actual Rows": 184,
                                            "Actual Loops": 1
                                        },
                                        {
                                            "Worker Number": 4,
                                            "Actual Startup Time": 267.288,
                                            "Actual Total Time": 720.252,
                                            "Actual Rows": 173,
                                            "Actual Loops": 1
                                        },
                                        {
                                            "Worker Number": 5,
                                            "Actual Startup Time": 267.664,
                                            "Actual Total Time": 720.428,
                                            "Actual Rows": 184,
                                            "Actual Loops": 1
                                        }
                                    ]
                                }
                            ]
                        }
                    ]
                }
            ]
        },
        "Planning Time": 909.09,
        "Triggers": [],
        "Execution Time": 761.916
    }
]