{
  "Plan": {
    "Node Type": "Aggregate",
    "Strategy": "Plain",
    "Partial Mode": "Simple",
    "Parallel Aware": false,
    "Startup Cost": 4938.89,
    "Total Cost": 4938.9,
    "Plan Rows": 1,
    "Plan Width": 64,
    "Actual Startup Time": 212.875,
    "Actual Total Time": 212.886,
    "Actual Rows": 1,
    "Actual Loops": 1,
    "Plans": [
      {
        "Node Type": "Nested Loop",
        "Parent Relationship": "Outer",
        "Parallel Aware": false,
        "Join Type": "Inner",
        "Startup Cost": 12.11,
        "Total Cost": 4938.89,
        "Plan Rows": 1,
        "Plan Width": 23,
        "Actual Startup Time": 212.868,
        "Actual Total Time": 212.878,
        "Actual Rows": 0,
        "Actual Loops": 1,
        "Inner Unique": true,
        "Join Filter": "(mi_idx.info_type_id = it2.id)",
        "Rows Removed by Join Filter": 0,
        "Plans": [
          {
            "Node Type": "Nested Loop",
            "Parent Relationship": "Outer",
            "Parallel Aware": false,
            "Join Type": "Inner",
            "Startup Cost": 12.11,
            "Total Cost": 4936.46,
            "Plan Rows": 1,
            "Plan Width": 27,
            "Actual Startup Time": 212.867,
            "Actual Total Time": 212.876,
            "Actual Rows": 0,
            "Actual Loops": 1,
            "Inner Unique": true,
            "Join Filter": "(t.kind_id = kt.id)",
            "Rows Removed by Join Filter": 7,
            "Plans": [
              {
                "Node Type": "Nested Loop",
                "Parent Relationship": "Outer",
                "Parallel Aware": false,
                "Join Type": "Inner",
                "Startup Cost": 12.11,
                "Total Cost": 4935.36,
                "Plan Rows": 1,
                "Plan Width": 31,
                "Actual Startup Time": 34.526,
                "Actual Total Time": 212.832,
                "Actual Rows": 7,
                "Actual Loops": 1,
                "Inner Unique": true,
                "Join Filter": "(mi.info_type_id = it1.id)",
                "Rows Removed by Join Filter": 8,
                "Plans": [
                  {
                    "Node Type": "Nested Loop",
                    "Parent Relationship": "Outer",
                    "Parallel Aware": false,
                    "Join Type": "Inner",
                    "Startup Cost": 12.11,
                    "Total Cost": 4932.94,
                    "Plan Rows": 1,
                    "Plan Width": 35,
                    "Actual Startup Time": 15.888,
                    "Actual Total Time": 212.618,
                    "Actual Rows": 15,
                    "Actual Loops": 1,
                    "Inner Unique": false,
                    "Join Filter": "(t.id = mi.movie_id)",
                    "Rows Removed by Join Filter": 0,
                    "Plans": [
                      {
                        "Node Type": "Nested Loop",
                        "Parent Relationship": "Outer",
                        "Parallel Aware": false,
                        "Join Type": "Inner",
                        "Startup Cost": 11.68,
                        "Total Cost": 4931.08,
                        "Plan Rows": 1,
                        "Plan Width": 43,
                        "Actual Startup Time": 14.695,
                        "Actual Total Time": 211.899,
                        "Actual Rows": 11,
                        "Actual Loops": 1,
                        "Inner Unique": false,
                        "Join Filter": "(t.id = mi_idx.movie_id)",
                        "Rows Removed by Join Filter": 0,
                        "Plans": [
                          {
                            "Node Type": "Nested Loop",
                            "Parent Relationship": "Outer",
                            "Parallel Aware": false,
                            "Join Type": "Inner",
                            "Startup Cost": 11.25,
                            "Total Cost": 4930.57,
                            "Plan Rows": 1,
                            "Plan Width": 29,
                            "Actual Startup Time": 14.647,
                            "Actual Total Time": 211.532,
                            "Actual Rows": 21,
                            "Actual Loops": 1,
                            "Inner Unique": true,
                            "Plans": [
                              {
                                "Node Type": "Nested Loop",
                                "Parent Relationship": "Outer",
                                "Parallel Aware": false,
                                "Join Type": "Inner",
                                "Startup Cost": 10.82,
                                "Total Cost": 4897.25,
                                "Plan Rows": 67,
                                "Plan Width": 4,
                                "Actual Startup Time": 14.204,
                                "Actual Total Time": 75.814,
                                "Actual Rows": 33636,
                                "Actual Loops": 1,
                                "Inner Unique": false,
                                "Plans": [
                                  {
                                    "Node Type": "Seq Scan",
                                    "Parent Relationship": "Outer",
                                    "Parallel Aware": false,
                                    "Relation Name": "keyword",
                                    "Alias": "k",
                                    "Startup Cost": 0.0,
                                    "Total Cost": 2626.12,
                                    "Plan Rows": 2,
                                    "Plan Width": 4,
                                    "Actual Startup Time": 1.754,
                                    "Actual Total Time": 18.336,
                                    "Actual Rows": 2,
                                    "Actual Loops": 1,
                                    "Filter": "(keyword = ANY ('{tv-special,based-on-novel}'::text[]))",
                                    "Rows Removed by Filter": 134168
                                  },
                                  {
                                    "Node Type": "Bitmap Heap Scan",
                                    "Parent Relationship": "Inner",
                                    "Parallel Aware": false,
                                    "Relation Name": "movie_keyword",
                                    "Alias": "mk",
                                    "Startup Cost": 10.82,
                                    "Total Cost": 1132.48,
                                    "Plan Rows": 308,
                                    "Plan Width": 8,
                                    "Actual Startup Time": 6.531,
                                    "Actual Total Time": 26.436,
                                    "Actual Rows": 16818,
                                    "Actual Loops": 2,
                                    "Recheck Cond": "(keyword_id = k.id)",
                                    "Rows Removed by Index Recheck": 0,
                                    "Exact Heap Blocks": 13913,
                                    "Lossy Heap Blocks": 0,
                                    "Plans": [
                                      {
                                        "Node Type": "Bitmap Index Scan",
                                        "Parent Relationship": "Outer",
                                        "Parallel Aware": false,
                                        "Index Name": "keyword_id_movie_keyword",
                                        "Startup Cost": 0.0,
                                        "Total Cost": 10.74,
                                        "Plan Rows": 308,
                                        "Plan Width": 0,
                                        "Actual Startup Time": 4.052,
                                        "Actual Total Time": 4.052,
                                        "Actual Rows": 16818,
                                        "Actual Loops": 2,
                                        "Index Cond": "(keyword_id = k.id)"
                                      }
                                    ]
                                  }
                                ]
                              },
                              {
                                "Node Type": "Index Scan",
                                "Parent Relationship": "Inner",
                                "Parallel Aware": false,
                                "Scan Direction": "Forward",
                                "Index Name": "title_pkey",
                                "Relation Name": "title",
                                "Alias": "t",
                                "Startup Cost": 0.43,
                                "Total Cost": 0.5,
                                "Plan Rows": 1,
                                "Plan Width": 25,
                                "Actual Startup Time": 0.004,
                                "Actual Total Time": 0.004,
                                "Actual Rows": 0,
                                "Actual Loops": 33636,
                                "Index Cond": "(id = mk.movie_id)",
                                "Rows Removed by Index Recheck": 0,
                                "Filter": "((production_year > 1998) AND ((title ~~ '%murder%'::text) OR (title ~~ '%Murder%'::text) OR (title ~~ '%Mord%'::text)))",
                                "Rows Removed by Filter": 1
                              }
                            ]
                          },
                          {
                            "Node Type": "Index Scan",
                            "Parent Relationship": "Inner",
                            "Parallel Aware": false,
                            "Scan Direction": "Forward",
                            "Index Name": "movie_id_movie_info_idx",
                            "Relation Name": "movie_info_idx",
                            "Alias": "mi_idx",
                            "Startup Cost": 0.43,
                            "Total Cost": 0.5,
                            "Plan Rows": 1,
                            "Plan Width": 14,
                            "Actual Startup Time": 0.016,
                            "Actual Total Time": 0.016,
                            "Actual Rows": 1,
                            "Actual Loops": 21,
                            "Index Cond": "(movie_id = mk.movie_id)",
                            "Rows Removed by Index Recheck": 0,
                            "Filter": "(info > '6.9'::text)",
                            "Rows Removed by Filter": 2
                          }
                        ]
                      },
                      {
                        "Node Type": "Index Scan",
                        "Parent Relationship": "Inner",
                        "Parallel Aware": false,
                        "Scan Direction": "Forward",
                        "Index Name": "movie_id_movie_info",
                        "Relation Name": "movie_info",
                        "Alias": "mi",
                        "Startup Cost": 0.43,
                        "Total Cost": 1.8,
                        "Plan Rows": 5,
                        "Plan Width": 8,
                        "Actual Startup Time": 0.028,
                        "Actual Total Time": 0.063,
                        "Actual Rows": 1,
                        "Actual Loops": 11,
                        "Index Cond": "(movie_id = mk.movie_id)",
                        "Rows Removed by Index Recheck": 0,
                        "Filter": "(info = ANY ('{Norwegian,English,Danish,American,Sweden,America,USA,Denish,Germany,USA}'::text[]))",
                        "Rows Removed by Filter": 40
                      }
                    ]
                  },
                  {
                    "Node Type": "Seq Scan",
                    "Parent Relationship": "Inner",
                    "Parallel Aware": false,
                    "Relation Name": "info_type",
                    "Alias": "it1",
                    "Startup Cost": 0.0,
                    "Total Cost": 2.41,
                    "Plan Rows": 1,
                    "Plan Width": 4,
                    "Actual Startup Time": 0.006,
                    "Actual Total Time": 0.01,
                    "Actual Rows": 1,
                    "Actual Loops": 15,
                    "Filter": "((info)::text = 'countries'::text)",
                    "Rows Removed by Filter": 63
                  }
                ]
              },
              {
                "Node Type": "Seq Scan",
                "Parent Relationship": "Inner",
                "Parallel Aware": false,
                "Relation Name": "kind_type",
                "Alias": "kt",
                "Startup Cost": 0.0,
                "Total Cost": 1.09,
                "Plan Rows": 1,
                "Plan Width": 4,
                "Actual Startup Time": 0.003,
                "Actual Total Time": 0.003,
                "Actual Rows": 1,
                "Actual Loops": 7,
                "Filter": "((kind)::text = 'episode'::text)",
                "Rows Removed by Filter": 6
              }
            ]
          },
          {
            "Node Type": "Seq Scan",
            "Parent Relationship": "Inner",
            "Parallel Aware": false,
            "Relation Name": "info_type",
            "Alias": "it2",
            "Startup Cost": 0.0,
            "Total Cost": 2.41,
            "Plan Rows": 1,
            "Plan Width": 4,
            "Actual Startup Time": 0.0,
            "Actual Total Time": 0.0,
            "Actual Rows": 0,
            "Actual Loops": 0,
            "Filter": "((info)::text = 'rating'::text)",
            "Rows Removed by Filter": 0
          }
        ]
      }
    ]
  },
  "Planning Time": 2.907,
  "Triggers": [],
  "Execution Time": 213.08
}