[
  {
    "Plan": {
      "Node Type": "Aggregate",
      "Strategy": "Plain",
      "Partial Mode": "Finalize",
      "Parallel Aware": false,
      "Startup Cost": 334486.19,
      "Total Cost": 334486.2,
      "Plan Rows": 1,
      "Plan Width": 8,
      "Actual Startup Time": 617.43,
      "Actual Total Time": 659.635,
      "Actual Rows": 1,
      "Actual Loops": 1,
      "Plans": [
        {
          "Node Type": "Gather",
          "Parent Relationship": "Outer",
          "Parallel Aware": false,
          "Startup Cost": 334485.56,
          "Total Cost": 334486.17,
          "Plan Rows": 6,
          "Plan Width": 8,
          "Actual Startup Time": 617.229,
          "Actual Total Time": 659.622,
          "Actual Rows": 7,
          "Actual Loops": 1,
          "Workers Planned": 6,
          "Workers Launched": 6,
          "Single Copy": false,
          "Plans": [
            {
              "Node Type": "Aggregate",
              "Strategy": "Plain",
              "Partial Mode": "Partial",
              "Parent Relationship": "Outer",
              "Parallel Aware": false,
              "Startup Cost": 333485.56,
              "Total Cost": 333485.57,
              "Plan Rows": 1,
              "Plan Width": 8,
              "Actual Startup Time": 609.568,
              "Actual Total Time": 609.569,
              "Actual Rows": 1,
              "Actual Loops": 7,
              "Plans": [
                {
                  "Node Type": "Seq Scan",
                  "Parent Relationship": "Outer",
                  "Parallel Aware": true,
                  "Relation Name": "cast_info",
                  "Alias": "ci",
                  "Startup Cost": 0.0,
                  "Total Cost": 328211.39,
                  "Plan Rows": 2109668,
                  "Plan Width": 0,
                  "Actual Startup Time": 252.031,
                  "Actual Total Time": 532.71,
                  "Actual Rows": 1786708,
                  "Actual Loops": 7,
                  "Filter": "(person_id > 2432439)",
                  "Rows Removed by Filter": 3391055
                }
              ]
            }
          ]
        }
      ]
    },
    "Planning Time": 0.185,
    "Triggers": [],
    "Execution Time": 659.678
  }
]