[
  {
    "Plan": {
      "Node Type": "Aggregate",
      "Strategy": "Plain",
      "Partial Mode": "Finalize",
      "Parallel Aware": false,
      "Startup Cost": 111744.55,
      "Total Cost": 111744.56,
      "Plan Rows": 1,
      "Plan Width": 8,
      "Actual Startup Time": 493.59,
      "Actual Total Time": 512.38,
      "Actual Rows": 1,
      "Actual Loops": 1,
      "Plans": [
        {
          "Node Type": "Gather",
          "Parent Relationship": "Outer",
          "Parallel Aware": false,
          "Startup Cost": 111744.23,
          "Total Cost": 111744.54,
          "Plan Rows": 3,
          "Plan Width": 8,
          "Actual Startup Time": 481.917,
          "Actual Total Time": 512.371,
          "Actual Rows": 4,
          "Actual Loops": 1,
          "Workers Planned": 3,
          "Workers Launched": 3,
          "Single Copy": false,
          "Plans": [
            {
              "Node Type": "Aggregate",
              "Strategy": "Plain",
              "Partial Mode": "Partial",
              "Parent Relationship": "Outer",
              "Parallel Aware": false,
              "Startup Cost": 110744.23,
              "Total Cost": 110744.24,
              "Plan Rows": 1,
              "Plan Width": 8,
              "Actual Startup Time": 473.781,
              "Actual Total Time": 473.888,
              "Actual Rows": 1,
              "Actual Loops": 4,
              "Plans": [
                {
                  "Node Type": "Hash Join",
                  "Parent Relationship": "Outer",
                  "Parallel Aware": true,
                  "Join Type": "Inner",
                  "Startup Cost": 89974.49,
                  "Total Cost": 110720.86,
                  "Plan Rows": 9347,
                  "Plan Width": 0,
                  "Actual Startup Time": 413.589,
                  "Actual Total Time": 472.396,
                  "Actual Rows": 29836,
                  "Actual Loops": 4,
                  "Inner Unique": false,
                  "Hash Cond": "(mc.movie_id = t.id)",
                  "Plans": [
                    {
                      "Node Type": "Bitmap Heap Scan",
                      "Parent Relationship": "Outer",
                      "Parallel Aware": true,
                      "Relation Name": "movie_companies",
                      "Alias": "mc",
                      "Startup Cost": 7964.28,
                      "Total Cost": 28235.99,
                      "Plan Rows": 118537,
                      "Plan Width": 4,
                      "Actual Startup Time": 16.989,
                      "Actual Total Time": 52.078,
                      "Actual Rows": 90456,
                      "Actual Loops": 4,
                      "Recheck Cond": "(company_id < 184)",
                      "Rows Removed by Index Recheck": 0,
                      "Exact Heap Blocks": 6006,
                      "Lossy Heap Blocks": 0,
                      "Plans": [
                        {
                          "Node Type": "Bitmap Index Scan",
                          "Parent Relationship": "Outer",
                          "Parallel Aware": false,
                          "Index Name": "company_id_movie_companies",
                          "Startup Cost": 0.0,
                          "Total Cost": 7872.41,
                          "Plan Rows": 367464,
                          "Plan Width": 0,
                          "Actual Startup Time": 14.345,
                          "Actual Total Time": 14.345,
                          "Actual Rows": 361826,
                          "Actual Loops": 1,
                          "Index Cond": "(company_id < 184)"
                        }
                      ]
                    },
                    {
                      "Node Type": "Hash",
                      "Parent Relationship": "Inner",
                      "Parallel Aware": true,
                      "Startup Cost": 81206.25,
                      "Total Cost": 81206.25,
                      "Plan Rows": 64317,
                      "Plan Width": 8,
                      "Actual Startup Time": 395.261,
                      "Actual Total Time": 395.365,
                      "Actual Rows": 58752,
                      "Actual Loops": 4,
                      "Hash Buckets": 262144,
                      "Original Hash Buckets": 262144,
                      "Hash Batches": 1,
                      "Original Hash Batches": 1,
                      "Peak Memory Usage": 11328,
                      "Plans": [
                        {
                          "Node Type": "Hash Join",
                          "Parent Relationship": "Outer",
                          "Parallel Aware": true,
                          "Join Type": "Inner",
                          "Startup Cost": 55473.36,
                          "Total Cost": 81206.25,
                          "Plan Rows": 64317,
                          "Plan Width": 8,
                          "Actual Startup Time": 300.843,
                          "Actual Total Time": 379.186,
                          "Actual Rows": 58752,
                          "Actual Loops": 4,
                          "Inner Unique": true,
                          "Hash Cond": "(mk.movie_id = t.id)",
                          "Plans": [
                            {
                              "Node Type": "Bitmap Heap Scan",
                              "Parent Relationship": "Outer",
                              "Parallel Aware": true,
                              "Relation Name": "movie_keyword",
                              "Alias": "mk",
                              "Startup Cost": 5563.86,
                              "Total Cost": 31074.8,
                              "Plan Rows": 84555,
                              "Plan Width": 4,
                              "Actual Startup Time": 18.333,
                              "Actual Total Time": 62.06,
                              "Actual Rows": 64082,
                              "Actual Loops": 4,
                              "Recheck Cond": "(keyword_id < 228)",
                              "Rows Removed by Index Recheck": 0,
                              "Exact Heap Blocks": 7175,
                              "Lossy Heap Blocks": 0,
                              "Plans": [
                                {
                                  "Node Type": "Bitmap Index Scan",
                                  "Parent Relationship": "Outer",
                                  "Parallel Aware": false,
                                  "Index Name": "keyword_id_movie_keyword",
                                  "Startup Cost": 0.0,
                                  "Total Cost": 5498.33,
                                  "Plan Rows": 262120,
                                  "Plan Width": 0,
                                  "Actual Startup Time": 14.798,
                                  "Actual Total Time": 14.798,
                                  "Actual Rows": 256327,
                                  "Actual Loops": 1,
                                  "Index Cond": "(keyword_id < 228)"
                                }
                              ]
                            },
                            {
                              "Node Type": "Hash",
                              "Parent Relationship": "Inner",
                              "Parallel Aware": true,
                              "Startup Cost": 43899.32,
                              "Total Cost": 43899.32,
                              "Plan Rows": 480814,
                              "Plan Width": 4,
                              "Actual Startup Time": 279.191,
                              "Actual Total Time": 279.192,
                              "Actual Rows": 480712,
                              "Actual Loops": 4,
                              "Hash Buckets": 2097152,
                              "Original Hash Buckets": 2097152,
                              "Hash Batches": 1,
                              "Original Hash Batches": 1,
                              "Peak Memory Usage": 91680,
                              "Plans": [
                                {
                                  "Node Type": "Seq Scan",
                                  "Parent Relationship": "Outer",
                                  "Parallel Aware": true,
                                  "Relation Name": "title",
                                  "Alias": "t",
                                  "Startup Cost": 0.0,
                                  "Total Cost": 43899.32,
                                  "Plan Rows": 480814,
                                  "Plan Width": 4,
                                  "Actual Startup Time": 0.033,
                                  "Actual Total Time": 110.29,
                                  "Actual Rows": 480712,
                                  "Actual Loops": 4,
                                  "Filter": "(production_year < 2010)",
                                  "Rows Removed by Filter": 151366
                                }
                              ]
                            }
                          ]
                        }
                      ]
                    }
                  ]
                }
              ]
            }
          ]
        }
      ]
    },
    "Planning Time": 0.824,
    "Triggers": [],
    "Execution Time": 512.443
  }
]