[
  {
    "Plan": {
      "Node Type": "Aggregate",
      "Strategy": "Plain",
      "Partial Mode": "Finalize",
      "Parallel Aware": false,
      "Startup Cost": 83054.39,
      "Total Cost": 83054.4,
      "Plan Rows": 1,
      "Plan Width": 8,
      "Actual Startup Time": 203.324,
      "Actual Total Time": 223.888,
      "Actual Rows": 1,
      "Actual Loops": 1,
      "Plans": [
        {
          "Node Type": "Gather",
          "Parent Relationship": "Outer",
          "Parallel Aware": false,
          "Startup Cost": 83053.97,
          "Total Cost": 83054.38,
          "Plan Rows": 4,
          "Plan Width": 8,
          "Actual Startup Time": 202.888,
          "Actual Total Time": 223.876,
          "Actual Rows": 5,
          "Actual Loops": 1,
          "Workers Planned": 4,
          "Workers Launched": 4,
          "Single Copy": false,
          "Plans": [
            {
              "Node Type": "Aggregate",
              "Strategy": "Plain",
              "Partial Mode": "Partial",
              "Parent Relationship": "Outer",
              "Parallel Aware": false,
              "Startup Cost": 82053.97,
              "Total Cost": 82053.98,
              "Plan Rows": 1,
              "Plan Width": 8,
              "Actual Startup Time": 194.279,
              "Actual Total Time": 194.281,
              "Actual Rows": 1,
              "Actual Loops": 5,
              "Plans": [
                {
                  "Node Type": "Nested Loop",
                  "Parent Relationship": "Outer",
                  "Parallel Aware": false,
                  "Join Type": "Inner",
                  "Startup Cost": 0.86,
                  "Total Cost": 82042.73,
                  "Plan Rows": 4495,
                  "Plan Width": 0,
                  "Actual Startup Time": 5.237,
                  "Actual Total Time": 187.288,
                  "Actual Rows": 145442,
                  "Actual Loops": 5,
                  "Inner Unique": false,
                  "Join Filter": "(t.id = mk.movie_id)",
                  "Rows Removed by Join Filter": 0,
                  "Plans": [
                    {
                      "Node Type": "Nested Loop",
                      "Parent Relationship": "Outer",
                      "Parallel Aware": false,
                      "Join Type": "Inner",
                      "Startup Cost": 0.43,
                      "Total Cost": 76997.59,
                      "Plan Rows": 2512,
                      "Plan Width": 8,
                      "Actual Startup Time": 2.412,
                      "Actual Total Time": 121.969,
                      "Actual Rows": 3823,
                      "Actual Loops": 5,
                      "Inner Unique": false,
                      "Plans": [
                        {
                          "Node Type": "Seq Scan",
                          "Parent Relationship": "Outer",
                          "Parallel Aware": true,
                          "Relation Name": "title",
                          "Alias": "t",
                          "Startup Cost": 0.0,
                          "Total Cost": 45479.59,
                          "Plan Rows": 6815,
                          "Plan Width": 4,
                          "Actual Startup Time": 0.509,
                          "Actual Total Time": 78.76,
                          "Actual Rows": 4785,
                          "Actual Loops": 5,
                          "Filter": "((kind_id < 7) AND (production_year = 2003))",
                          "Rows Removed by Filter": 500877
                        },
                        {
                          "Node Type": "Index Scan",
                          "Parent Relationship": "Inner",
                          "Parallel Aware": false,
                          "Scan Direction": "Forward",
                          "Index Name": "movie_id_movie_companies",
                          "Relation Name": "movie_companies",
                          "Alias": "mc",
                          "Startup Cost": 0.43,
                          "Total Cost": 4.6,
                          "Plan Rows": 2,
                          "Plan Width": 4,
                          "Actual Startup Time": 0.008,
                          "Actual Total Time": 0.009,
                          "Actual Rows": 1,
                          "Actual Loops": 23926,
                          "Index Cond": "(movie_id = t.id)",
                          "Rows Removed by Index Recheck": 0,
                          "Filter": "((company_id > 1286) AND (company_type_id < 2))",
                          "Rows Removed by Filter": 1
                        }
                      ]
                    },
                    {
                      "Node Type": "Index Only Scan",
                      "Parent Relationship": "Inner",
                      "Parallel Aware": false,
                      "Scan Direction": "Forward",
                      "Index Name": "movie_id_movie_keyword",
                      "Relation Name": "movie_keyword",
                      "Alias": "mk",
                      "Startup Cost": 0.43,
                      "Total Cost": 1.43,
                      "Plan Rows": 46,
                      "Plan Width": 4,
                      "Actual Startup Time": 0.007,
                      "Actual Total Time": 0.013,
                      "Actual Rows": 38,
                      "Actual Loops": 19117,
                      "Index Cond": "(movie_id = mc.movie_id)",
                      "Rows Removed by Index Recheck": 0,
                      "Heap Fetches": 727208
                    }
                  ]
                }
              ]
            }
          ]
        }
      ]
    },
    "Planning Time": 0.545,
    "Triggers": [],
    "Execution Time": 223.936
  }
]