[
  {
    "Plan": {
      "Node Type": "Aggregate",
      "Strategy": "Plain",
      "Partial Mode": "Finalize",
      "Parallel Aware": false,
      "Startup Cost": 341911.24,
      "Total Cost": 341911.25,
      "Plan Rows": 1,
      "Plan Width": 8,
      "Actual Startup Time": 842.612,
      "Actual Total Time": 884.589,
      "Actual Rows": 1,
      "Actual Loops": 1,
      "Plans": [
        {
          "Node Type": "Gather",
          "Parent Relationship": "Outer",
          "Parallel Aware": false,
          "Startup Cost": 341910.61,
          "Total Cost": 341911.22,
          "Plan Rows": 6,
          "Plan Width": 8,
          "Actual Startup Time": 842.299,
          "Actual Total Time": 884.575,
          "Actual Rows": 7,
          "Actual Loops": 1,
          "Workers Planned": 6,
          "Workers Launched": 6,
          "Single Copy": false,
          "Plans": [
            {
              "Node Type": "Aggregate",
              "Strategy": "Plain",
              "Partial Mode": "Partial",
              "Parent Relationship": "Outer",
              "Parallel Aware": false,
              "Startup Cost": 340910.61,
              "Total Cost": 340910.62,
              "Plan Rows": 1,
              "Plan Width": 8,
              "Actual Startup Time": 834.747,
              "Actual Total Time": 834.748,
              "Actual Rows": 1,
              "Actual Loops": 7,
              "Plans": [
                {
                  "Node Type": "Seq Scan",
                  "Parent Relationship": "Outer",
                  "Parallel Aware": true,
                  "Relation Name": "cast_info",
                  "Alias": "ci",
                  "Startup Cost": 0.0,
                  "Total Cost": 328211.39,
                  "Plan Rows": 5079688,
                  "Plan Width": 0,
                  "Actual Startup Time": 73.207,
                  "Actual Total Time": 630.817,
                  "Actual Rows": 4325446,
                  "Actual Loops": 7,
                  "Filter": "(person_id > 577627)",
                  "Rows Removed by Filter": 852317
                }
              ]
            }
          ]
        }
      ]
    },
    "Planning Time": 0.121,
    "Triggers": [],
    "Execution Time": 884.661
  }
]