[
  {
    "Plan": {
      "Node Type": "Aggregate",
      "Strategy": "Plain",
      "Partial Mode": "Finalize",
      "Parallel Aware": false,
      "Startup Cost": 341833.45,
      "Total Cost": 341833.46,
      "Plan Rows": 1,
      "Plan Width": 8,
      "Actual Startup Time": 849.534,
      "Actual Total Time": 908.371,
      "Actual Rows": 1,
      "Actual Loops": 1,
      "Plans": [
        {
          "Node Type": "Gather",
          "Parent Relationship": "Outer",
          "Parallel Aware": false,
          "Startup Cost": 341832.83,
          "Total Cost": 341833.44,
          "Plan Rows": 6,
          "Plan Width": 8,
          "Actual Startup Time": 849.401,
          "Actual Total Time": 908.36,
          "Actual Rows": 7,
          "Actual Loops": 1,
          "Workers Planned": 6,
          "Workers Launched": 6,
          "Single Copy": false,
          "Plans": [
            {
              "Node Type": "Aggregate",
              "Strategy": "Plain",
              "Partial Mode": "Partial",
              "Parent Relationship": "Outer",
              "Parallel Aware": false,
              "Startup Cost": 340832.83,
              "Total Cost": 340832.84,
              "Plan Rows": 1,
              "Plan Width": 8,
              "Actual Startup Time": 840.386,
              "Actual Total Time": 840.388,
              "Actual Rows": 1,
              "Actual Loops": 7,
              "Plans": [
                {
                  "Node Type": "Seq Scan",
                  "Parent Relationship": "Outer",
                  "Parallel Aware": true,
                  "Relation Name": "cast_info",
                  "Alias": "ci",
                  "Startup Cost": 0.0,
                  "Total Cost": 328162.03,
                  "Plan Rows": 5068321,
                  "Plan Width": 0,
                  "Actual Startup Time": 77.409,
                  "Actual Total Time": 652.983,
                  "Actual Rows": 4325446,
                  "Actual Loops": 7,
                  "Filter": "(person_id > 577627)",
                  "Rows Removed by Filter": 852317
                }
              ]
            }
          ]
        }
      ]
    },
    "Planning Time": 0.149,
    "Triggers": [],
    "Execution Time": 908.431
  }
]