[
  {
    "Plan": {
      "Node Type": "Aggregate",
      "Strategy": "Plain",
      "Partial Mode": "Simple",
      "Parallel Aware": false,
      "Startup Cost": 15288.69,
      "Total Cost": 15288.7,
      "Plan Rows": 1,
      "Plan Width": 8,
      "Actual Startup Time": 6.263,
      "Actual Total Time": 6.265,
      "Actual Rows": 1,
      "Actual Loops": 1,
      "Plans": [
        {
          "Node Type": "Bitmap Heap Scan",
          "Parent Relationship": "Outer",
          "Parallel Aware": false,
          "Relation Name": "movie_companies",
          "Alias": "mc",
          "Startup Cost": 184.08,
          "Total Cost": 15278.41,
          "Plan Rows": 4110,
          "Plan Width": 0,
          "Actual Startup Time": 1.761,
          "Actual Total Time": 6.239,
          "Actual Rows": 96,
          "Actual Loops": 1,
          "Recheck Cond": "(company_id = 596)",
          "Rows Removed by Index Recheck": 0,
          "Filter": "(company_type_id < 2)",
          "Rows Removed by Filter": 8606,
          "Exact Heap Blocks": 821,
          "Lossy Heap Blocks": 0,
          "Plans": [
            {
              "Node Type": "Bitmap Index Scan",
              "Parent Relationship": "Outer",
              "Parallel Aware": false,
              "Index Name": "company_id_movie_companies",
              "Startup Cost": 0.0,
              "Total Cost": 183.05,
              "Plan Rows": 8349,
              "Plan Width": 0,
              "Actual Startup Time": 1.413,
              "Actual Total Time": 1.414,
              "Actual Rows": 8702,
              "Actual Loops": 1,
              "Index Cond": "(company_id = 596)"
            }
          ]
        }
      ]
    },
    "Planning Time": 0.208,
    "Triggers": [],
    "Execution Time": 6.334
  }
]