[
  {
    "Plan": {
      "Node Type": "Aggregate",
      "Strategy": "Plain",
      "Partial Mode": "Finalize",
      "Parallel Aware": false,
      "Startup Cost": 32654.16,
      "Total Cost": 32654.17,
      "Plan Rows": 1,
      "Plan Width": 8,
      "Actual Startup Time": 79.394,
      "Actual Total Time": 87.107,
      "Actual Rows": 1,
      "Actual Loops": 1,
      "Plans": [
        {
          "Node Type": "Gather",
          "Parent Relationship": "Outer",
          "Parallel Aware": false,
          "Startup Cost": 32653.84,
          "Total Cost": 32654.15,
          "Plan Rows": 3,
          "Plan Width": 8,
          "Actual Startup Time": 79.269,
          "Actual Total Time": 87.098,
          "Actual Rows": 4,
          "Actual Loops": 1,
          "Workers Planned": 3,
          "Workers Launched": 3,
          "Single Copy": false,
          "Plans": [
            {
              "Node Type": "Aggregate",
              "Strategy": "Plain",
              "Partial Mode": "Partial",
              "Parent Relationship": "Outer",
              "Parallel Aware": false,
              "Startup Cost": 31653.84,
              "Total Cost": 31653.85,
              "Plan Rows": 1,
              "Plan Width": 8,
              "Actual Startup Time": 73.995,
              "Actual Total Time": 73.996,
              "Actual Rows": 1,
              "Actual Loops": 4,
              "Plans": [
                {
                  "Node Type": "Seq Scan",
                  "Parent Relationship": "Outer",
                  "Parallel Aware": true,
                  "Relation Name": "movie_companies",
                  "Alias": "mc",
                  "Startup Cost": 0.0,
                  "Total Cost": 31414.82,
                  "Plan Rows": 95609,
                  "Plan Width": 0,
                  "Actual Startup Time": 41.786,
                  "Actual Total Time": 72.08,
                  "Actual Rows": 39152,
                  "Actual Loops": 4,
                  "Filter": "((company_id < 613) AND (company_type_id > 1))",
                  "Rows Removed by Filter": 613130
                }
              ]
            }
          ]
        }
      ]
    },
    "Planning Time": 0.281,
    "Triggers": [],
    "Execution Time": 87.163
  }
]