[
  {
    "Plan": {
      "Node Type": "Aggregate",
      "Strategy": "Plain",
      "Partial Mode": "Finalize",
      "Parallel Aware": false,
      "Startup Cost": 76065.05,
      "Total Cost": 76065.06,
      "Plan Rows": 1,
      "Plan Width": 8,
      "Actual Startup Time": 188.156,
      "Actual Total Time": 202.579,
      "Actual Rows": 1,
      "Actual Loops": 1,
      "Plans": [
        {
          "Node Type": "Gather",
          "Parent Relationship": "Outer",
          "Parallel Aware": false,
          "Startup Cost": 76064.73,
          "Total Cost": 76065.04,
          "Plan Rows": 3,
          "Plan Width": 8,
          "Actual Startup Time": 187.276,
          "Actual Total Time": 202.568,
          "Actual Rows": 4,
          "Actual Loops": 1,
          "Workers Planned": 3,
          "Workers Launched": 3,
          "Single Copy": false,
          "Plans": [
            {
              "Node Type": "Aggregate",
              "Strategy": "Plain",
              "Partial Mode": "Partial",
              "Parent Relationship": "Outer",
              "Parallel Aware": false,
              "Startup Cost": 75064.73,
              "Total Cost": 75064.74,
              "Plan Rows": 1,
              "Plan Width": 8,
              "Actual Startup Time": 184.016,
              "Actual Total Time": 184.019,
              "Actual Rows": 1,
              "Actual Loops": 4,
              "Plans": [
                {
                  "Node Type": "Hash Join",
                  "Parent Relationship": "Outer",
                  "Parallel Aware": true,
                  "Join Type": "Inner",
                  "Startup Cost": 49476.09,
                  "Total Cost": 75047.97,
                  "Plan Rows": 6704,
                  "Plan Width": 0,
                  "Actual Startup Time": 127.496,
                  "Actual Total Time": 183.793,
                  "Actual Rows": 1502,
                  "Actual Loops": 4,
                  "Inner Unique": true,
                  "Hash Cond": "(mk.movie_id = t.id)",
                  "Plans": [
                    {
                      "Node Type": "Bitmap Heap Scan",
                      "Parent Relationship": "Outer",
                      "Parallel Aware": true,
                      "Relation Name": "movie_keyword",
                      "Alias": "mk",
                      "Startup Cost": 4860.1,
                      "Total Cost": 30237.96,
                      "Plan Rows": 73909,
                      "Plan Width": 4,
                      "Actual Startup Time": 24.157,
                      "Actual Total Time": 65.055,
                      "Actual Rows": 56732,
                      "Actual Loops": 4,
                      "Recheck Cond": "(keyword_id < 186)",
                      "Rows Removed by Index Recheck": 0,
                      "Exact Heap Blocks": 7188,
                      "Lossy Heap Blocks": 0,
                      "Plans": [
                        {
                          "Node Type": "Bitmap Index Scan",
                          "Parent Relationship": "Outer",
                          "Parallel Aware": false,
                          "Index Name": "keyword_id_movie_keyword",
                          "Startup Cost": 0.0,
                          "Total Cost": 4802.82,
                          "Plan Rows": 229118,
                          "Plan Width": 0,
                          "Actual Startup Time": 18.581,
                          "Actual Total Time": 18.582,
                          "Actual Rows": 226927,
                          "Actual Loops": 1,
                          "Index Cond": "(keyword_id < 186)"
                        }
                      ]
                    },
                    {
                      "Node Type": "Hash",
                      "Parent Relationship": "Inner",
                      "Parallel Aware": true,
                      "Startup Cost": 43899.32,
                      "Total Cost": 43899.32,
                      "Plan Rows": 57334,
                      "Plan Width": 4,
                      "Actual Startup Time": 102.004,
                      "Actual Total Time": 102.005,
                      "Actual Rows": 57912,
                      "Actual Loops": 4,
                      "Hash Buckets": 262144,
                      "Original Hash Buckets": 262144,
                      "Hash Batches": 1,
                      "Original Hash Batches": 1,
                      "Peak Memory Usage": 11168,
                      "Plans": [
                        {
                          "Node Type": "Seq Scan",
                          "Parent Relationship": "Outer",
                          "Parallel Aware": true,
                          "Relation Name": "title",
                          "Alias": "t",
                          "Startup Cost": 0.0,
                          "Total Cost": 43899.32,
                          "Plan Rows": 57334,
                          "Plan Width": 4,
                          "Actual Startup Time": 0.016,
                          "Actual Total Time": 85.768,
                          "Actual Rows": 57912,
                          "Actual Loops": 4,
                          "Filter": "(production_year > 2011)",
                          "Rows Removed by Filter": 574166
                        }
                      ]
                    }
                  ]
                }
              ]
            }
          ]
        }
      ]
    },
    "Planning Time": 0.48,
    "Triggers": [],
    "Execution Time": 202.633
  }
]