{
  "Plan": {
    "Node Type": "Aggregate",
    "Strategy": "Plain",
    "Partial Mode": "Finalize",
    "Parallel Aware": false,
    "Startup Cost": 99929.78,
    "Total Cost": 99929.79,
    "Plan Rows": 1,
    "Plan Width": 8,
    "Actual Startup Time": 558.69,
    "Actual Total Time": 619.893,
    "Actual Rows": 1,
    "Actual Loops": 1,
    "Plans": [
      {
        "Node Type": "Gather",
        "Parent Relationship": "Outer",
        "Parallel Aware": false,
        "Startup Cost": 99929.67,
        "Total Cost": 99929.78,
        "Plan Rows": 1,
        "Plan Width": 8,
        "Actual Startup Time": 558.683,
        "Actual Total Time": 619.886,
        "Actual Rows": 2,
        "Actual Loops": 1,
        "Workers Planned": 1,
        "Workers Launched": 1,
        "Single Copy": false,
        "Plans": [
          {
            "Node Type": "Aggregate",
            "Strategy": "Plain",
            "Partial Mode": "Partial",
            "Parent Relationship": "Outer",
            "Parallel Aware": false,
            "Startup Cost": 98929.67,
            "Total Cost": 98929.68,
            "Plan Rows": 1,
            "Plan Width": 8,
            "Actual Startup Time": 552.482,
            "Actual Total Time": 552.485,
            "Actual Rows": 1,
            "Actual Loops": 2,
            "Plans": [
              {
                "Node Type": "Nested Loop",
                "Parent Relationship": "Outer",
                "Parallel Aware": false,
                "Join Type": "Inner",
                "Startup Cost": 54799.64,
                "Total Cost": 98600.1,
                "Plan Rows": 131827,
                "Plan Width": 0,
                "Actual Startup Time": 139.791,
                "Actual Total Time": 536.504,
                "Actual Rows": 326656,
                "Actual Loops": 2,
                "Inner Unique": false,
                "Join Filter": "(t.id = ci.movie_id)",
                "Rows Removed by Join Filter": 0,
                "Plans": [
                  {
                    "Node Type": "Hash Join",
                    "Parent Relationship": "Outer",
                    "Parallel Aware": true,
                    "Join Type": "Inner",
                    "Startup Cost": 54799.08,
                    "Total Cost": 72982.87,
                    "Plan Rows": 9200,
                    "Plan Width": 8,
                    "Actual Startup Time": 139.685,
                    "Actual Total Time": 244.117,
                    "Actual Rows": 10719,
                    "Actual Loops": 2,
                    "Inner Unique": true,
                    "Hash Cond": "(mi_idx.movie_id = t.id)",
                    "Plans": [
                      {
                        "Node Type": "Seq Scan",
                        "Parent Relationship": "Outer",
                        "Parallel Aware": true,
                        "Relation Name": "movie_info_idx",
                        "Alias": "mi_idx",
                        "Startup Cost": 0.0,
                        "Total Cost": 16052.85,
                        "Plan Rows": 811785,
                        "Plan Width": 4,
                        "Actual Startup Time": 0.023,
                        "Actual Total Time": 45.102,
                        "Actual Rows": 690018,
                        "Actual Loops": 2
                      },
                      {
                        "Node Type": "Hash",
                        "Parent Relationship": "Inner",
                        "Parallel Aware": true,
                        "Startup Cost": 54588.39,
                        "Total Cost": 54588.39,
                        "Plan Rows": 16855,
                        "Plan Width": 4,
                        "Actual Startup Time": 138.212,
                        "Actual Total Time": 138.212,
                        "Actual Rows": 15014,
                        "Actual Loops": 2,
                        "Hash Buckets": 32768,
                        "Original Hash Buckets": 32768,
                        "Hash Batches": 1,
                        "Original Hash Batches": 1,
                        "Peak Memory Usage": 1472,
                        "Plans": [
                          {
                            "Node Type": "Seq Scan",
                            "Parent Relationship": "Outer",
                            "Parallel Aware": true,
                            "Relation Name": "title",
                            "Alias": "t",
                            "Startup Cost": 0.0,
                            "Total Cost": 54588.39,
                            "Plan Rows": 16855,
                            "Plan Width": 4,
                            "Actual Startup Time": 0.08,
                            "Actual Total Time": 133.244,
                            "Actual Rows": 15014,
                            "Actual Loops": 2,
                            "Filter": "(production_year = 1994)",
                            "Rows Removed by Filter": 1249142
                          }
                        ]
                      }
                    ]
                  },
                  {
                    "Node Type": "Index Only Scan",
                    "Parent Relationship": "Inner",
                    "Parallel Aware": false,
                    "Scan Direction": "Forward",
                    "Index Name": "movie_id_cast_info",
                    "Relation Name": "cast_info",
                    "Alias": "ci",
                    "Startup Cost": 0.56,
                    "Total Cost": 2.32,
                    "Plan Rows": 37,
                    "Plan Width": 4,
                    "Actual Startup Time": 0.004,
                    "Actual Total Time": 0.024,
                    "Actual Rows": 30,
                    "Actual Loops": 21438,
                    "Index Cond": "(movie_id = mi_idx.movie_id)",
                    "Rows Removed by Index Recheck": 0,
                    "Heap Fetches": 653312
                  }
                ]
              }
            ]
          }
        ]
      }
    ]
  },
  "Planning Time": 0.903,
  "Triggers": [],
  "Execution Time": 619.995
}