[
  {
    "Plan": {
      "Node Type": "Aggregate",
      "Strategy": "Plain",
      "Partial Mode": "Finalize",
      "Parallel Aware": false,
      "Startup Cost": 297975.16,
      "Total Cost": 297975.17,
      "Plan Rows": 1,
      "Plan Width": 8,
      "Actual Startup Time": 554.582,
      "Actual Total Time": 597.209,
      "Actual Rows": 1,
      "Actual Loops": 1,
      "Plans": [
        {
          "Node Type": "Gather",
          "Parent Relationship": "Outer",
          "Parallel Aware": false,
          "Startup Cost": 297974.84,
          "Total Cost": 297975.15,
          "Plan Rows": 3,
          "Plan Width": 8,
          "Actual Startup Time": 553.427,
          "Actual Total Time": 597.2,
          "Actual Rows": 4,
          "Actual Loops": 1,
          "Workers Planned": 3,
          "Workers Launched": 3,
          "Single Copy": false,
          "Plans": [
            {
              "Node Type": "Aggregate",
              "Strategy": "Plain",
              "Partial Mode": "Partial",
              "Parent Relationship": "Outer",
              "Parallel Aware": false,
              "Startup Cost": 296974.84,
              "Total Cost": 296974.85,
              "Plan Rows": 1,
              "Plan Width": 8,
              "Actual Startup Time": 546.829,
              "Actual Total Time": 546.834,
              "Actual Rows": 1,
              "Actual Loops": 4,
              "Plans": [
                {
                  "Node Type": "Nested Loop",
                  "Parent Relationship": "Outer",
                  "Parallel Aware": false,
                  "Join Type": "Inner",
                  "Startup Cost": 46903.85,
                  "Total Cost": 295642.98,
                  "Plan Rows": 532743,
                  "Plan Width": 0,
                  "Actual Startup Time": 125.657,
                  "Actual Total Time": 530.064,
                  "Actual Rows": 378721,
                  "Actual Loops": 4,
                  "Inner Unique": false,
                  "Join Filter": "(t.id = mi.movie_id)",
                  "Rows Removed by Join Filter": 0,
                  "Plans": [
                    {
                      "Node Type": "Hash Join",
                      "Parent Relationship": "Outer",
                      "Parallel Aware": true,
                      "Join Type": "Inner",
                      "Startup Cost": 46903.41,
                      "Total Cost": 90925.74,
                      "Plan Rows": 91109,
                      "Plan Width": 8,
                      "Actual Startup Time": 125.573,
                      "Actual Total Time": 271.673,
                      "Actual Rows": 25174,
                      "Actual Loops": 4,
                      "Inner Unique": true,
                      "Hash Cond": "(mk.movie_id = t.id)",
                      "Plans": [
                        {
                          "Node Type": "Seq Scan",
                          "Parent Relationship": "Outer",
                          "Parallel Aware": true,
                          "Relation Name": "movie_keyword",
                          "Alias": "mk",
                          "Startup Cost": 0.0,
                          "Total Cost": 42695.65,
                          "Plan Rows": 505400,
                          "Plan Width": 4,
                          "Actual Startup Time": 0.028,
                          "Actual Total Time": 94.95,
                          "Actual Rows": 395854,
                          "Actual Loops": 4,
                          "Filter": "(keyword_id < 2408)",
                          "Rows Removed by Filter": 735128
                        },
                        {
                          "Node Type": "Hash",
                          "Parent Relationship": "Inner",
                          "Parallel Aware": true,
                          "Startup Cost": 45479.1,
                          "Total Cost": 45479.1,
                          "Plan Rows": 113945,
                          "Plan Width": 4,
                          "Actual Startup Time": 123.271,
                          "Actual Total Time": 123.272,
                          "Actual Rows": 80442,
                          "Actual Loops": 4,
                          "Hash Buckets": 524288,
                          "Original Hash Buckets": 524288,
                          "Hash Batches": 1,
                          "Original Hash Batches": 1,
                          "Peak Memory Usage": 16736,
                          "Plans": [
                            {
                              "Node Type": "Seq Scan",
                              "Parent Relationship": "Outer",
                              "Parallel Aware": true,
                              "Relation Name": "title",
                              "Alias": "t",
                              "Startup Cost": 0.0,
                              "Total Cost": 45479.1,
                              "Plan Rows": 113945,
                              "Plan Width": 4,
                              "Actual Startup Time": 0.027,
                              "Actual Total Time": 95.051,
                              "Actual Rows": 80442,
                              "Actual Loops": 4,
                              "Filter": "((kind_id > 1) AND (production_year < 1987))",
                              "Rows Removed by Filter": 551636
                            }
                          ]
                        }
                      ]
                    },
                    {
                      "Node Type": "Index Only Scan",
                      "Parent Relationship": "Inner",
                      "Parallel Aware": false,
                      "Scan Direction": "Forward",
                      "Index Name": "movie_id_movie_info",
                      "Relation Name": "movie_info",
                      "Alias": "mi",
                      "Startup Cost": 0.43,
                      "Total Cost": 1.72,
                      "Plan Rows": 42,
                      "Plan Width": 4,
                      "Actual Startup Time": 0.003,
                      "Actual Total Time": 0.009,
                      "Actual Rows": 15,
                      "Actual Loops": 100694,
                      "Index Cond": "(movie_id = mk.movie_id)",
                      "Rows Removed by Index Recheck": 0,
                      "Heap Fetches": 1514884
                    }
                  ]
                }
              ]
            }
          ]
        }
      ]
    },
    "Planning Time": 0.908,
    "Triggers": [],
    "Execution Time": 597.287
  }
]