{
  "Plan": {
    "Node Type": "Aggregate",
    "Strategy": "Plain",
    "Partial Mode": "Finalize",
    "Parallel Aware": false,
    "Startup Cost": 583316.78,
    "Total Cost": 583316.79,
    "Plan Rows": 1,
    "Plan Width": 8,
    "Actual Startup Time": 4695.023,
    "Actual Total Time": 4756.234,
    "Actual Rows": 1,
    "Actual Loops": 1,
    "Plans": [
      {
        "Node Type": "Gather",
        "Parent Relationship": "Outer",
        "Parallel Aware": false,
        "Startup Cost": 583316.67,
        "Total Cost": 583316.78,
        "Plan Rows": 1,
        "Plan Width": 8,
        "Actual Startup Time": 4693.71,
        "Actual Total Time": 4756.224,
        "Actual Rows": 2,
        "Actual Loops": 1,
        "Workers Planned": 1,
        "Workers Launched": 1,
        "Single Copy": false,
        "Plans": [
          {
            "Node Type": "Aggregate",
            "Strategy": "Plain",
            "Partial Mode": "Partial",
            "Parent Relationship": "Outer",
            "Parallel Aware": false,
            "Startup Cost": 582316.67,
            "Total Cost": 582316.68,
            "Plan Rows": 1,
            "Plan Width": 8,
            "Actual Startup Time": 4687.674,
            "Actual Total Time": 4687.844,
            "Actual Rows": 1,
            "Actual Loops": 2,
            "Plans": [
              {
                "Node Type": "Hash Join",
                "Parent Relationship": "Outer",
                "Parallel Aware": true,
                "Join Type": "Inner",
                "Startup Cost": 55505.29,
                "Total Cost": 577238.65,
                "Plan Rows": 2031209,
                "Plan Width": 0,
                "Actual Startup Time": 170.203,
                "Actual Total Time": 4574.773,
                "Actual Rows": 2492860,
                "Actual Loops": 2,
                "Inner Unique": true,
                "Hash Cond": "(ci.movie_id = t.id)",
                "Plans": [
                  {
                    "Node Type": "Seq Scan",
                    "Parent Relationship": "Outer",
                    "Parallel Aware": true,
                    "Relation Name": "cast_info",
                    "Alias": "ci",
                    "Startup Cost": 0.0,
                    "Total Cost": 465792.95,
                    "Plan Rows": 21310595,
                    "Plan Width": 4,
                    "Actual Startup Time": 0.015,
                    "Actual Total Time": 1370.702,
                    "Actual Rows": 18122172,
                    "Actual Loops": 2
                  },
                  {
                    "Node Type": "Hash",
                    "Parent Relationship": "Inner",
                    "Parallel Aware": true,
                    "Startup Cost": 53733.35,
                    "Total Cost": 53733.35,
                    "Plan Rows": 141755,
                    "Plan Width": 4,
                    "Actual Startup Time": 166.602,
                    "Actual Total Time": 166.603,
                    "Actual Rows": 179772,
                    "Actual Loops": 2,
                    "Hash Buckets": 524288,
                    "Original Hash Buckets": 262144,
                    "Hash Batches": 1,
                    "Original Hash Batches": 1,
                    "Peak Memory Usage": 20256,
                    "Plans": [
                      {
                        "Node Type": "Bitmap Heap Scan",
                        "Parent Relationship": "Outer",
                        "Parallel Aware": true,
                        "Relation Name": "title",
                        "Alias": "t",
                        "Startup Cost": 11883.1,
                        "Total Cost": 53733.35,
                        "Plan Rows": 141755,
                        "Plan Width": 4,
                        "Actual Startup Time": 39.312,
                        "Actual Total Time": 115.771,
                        "Actual Rows": 179772,
                        "Actual Loops": 2,
                        "Recheck Cond": "(kind_id = 1)",
                        "Rows Removed by Index Recheck": 0,
                        "Filter": "(production_year < 1998)",
                        "Rows Removed by Filter": 151641,
                        "Exact Heap Blocks": 6569,
                        "Lossy Heap Blocks": 0,
                        "Plans": [
                          {
                            "Node Type": "Bitmap Index Scan",
                            "Parent Relationship": "Outer",
                            "Parallel Aware": false,
                            "Index Name": "kind_id_title",
                            "Startup Cost": 0.0,
                            "Total Cost": 11822.85,
                            "Plan Rows": 663256,
                            "Plan Width": 0,
                            "Actual Startup Time": 38.694,
                            "Actual Total Time": 38.694,
                            "Actual Rows": 662825,
                            "Actual Loops": 1,
                            "Index Cond": "(kind_id = 1)"
                          }
                        ]
                      }
                    ]
                  }
                ]
              }
            ]
          }
        ]
      }
    ]
  },
  "Planning Time": 0.673,
  "Triggers": [],
  "Execution Time": 4756.342
}