[
  {
    "Plan": {
      "Node Type": "Aggregate",
      "Strategy": "Plain",
      "Partial Mode": "Finalize",
      "Parallel Aware": false,
      "Startup Cost": 64952.48,
      "Total Cost": 64952.49,
      "Plan Rows": 1,
      "Plan Width": 8,
      "Actual Startup Time": 86.63,
      "Actual Total Time": 97.402,
      "Actual Rows": 1,
      "Actual Loops": 1,
      "Plans": [
        {
          "Node Type": "Gather",
          "Parent Relationship": "Outer",
          "Parallel Aware": false,
          "Startup Cost": 64952.06,
          "Total Cost": 64952.47,
          "Plan Rows": 4,
          "Plan Width": 8,
          "Actual Startup Time": 86.511,
          "Actual Total Time": 97.395,
          "Actual Rows": 5,
          "Actual Loops": 1,
          "Workers Planned": 4,
          "Workers Launched": 4,
          "Single Copy": false,
          "Plans": [
            {
              "Node Type": "Aggregate",
              "Strategy": "Plain",
              "Partial Mode": "Partial",
              "Parent Relationship": "Outer",
              "Parallel Aware": false,
              "Startup Cost": 63952.06,
              "Total Cost": 63952.07,
              "Plan Rows": 1,
              "Plan Width": 8,
              "Actual Startup Time": 81.226,
              "Actual Total Time": 81.228,
              "Actual Rows": 1,
              "Actual Loops": 5,
              "Plans": [
                {
                  "Node Type": "Nested Loop",
                  "Parent Relationship": "Outer",
                  "Parallel Aware": false,
                  "Join Type": "Inner",
                  "Startup Cost": 0.43,
                  "Total Cost": 63948.55,
                  "Plan Rows": 1402,
                  "Plan Width": 0,
                  "Actual Startup Time": 44.948,
                  "Actual Total Time": 81.048,
                  "Actual Rows": 2070,
                  "Actual Loops": 5,
                  "Inner Unique": false,
                  "Plans": [
                    {
                      "Node Type": "Seq Scan",
                      "Parent Relationship": "Outer",
                      "Parallel Aware": true,
                      "Relation Name": "title",
                      "Alias": "t",
                      "Startup Cost": 0.0,
                      "Total Cost": 45479.59,
                      "Plan Rows": 1359,
                      "Plan Width": 4,
                      "Actual Startup Time": 44.858,
                      "Actual Total Time": 70.53,
                      "Actual Rows": 936,
                      "Actual Loops": 5,
                      "Filter": "((kind_id < 2) AND (production_year = 1987))",
                      "Rows Removed by Filter": 504726
                    },
                    {
                      "Node Type": "Index Only Scan",
                      "Parent Relationship": "Inner",
                      "Parallel Aware": false,
                      "Scan Direction": "Forward",
                      "Index Name": "movie_id_movie_companies",
                      "Relation Name": "movie_companies",
                      "Alias": "mc",
                      "Startup Cost": 0.43,
                      "Total Cost": 13.54,
                      "Plan Rows": 5,
                      "Plan Width": 4,
                      "Actual Startup Time": 0.009,
                      "Actual Total Time": 0.011,
                      "Actual Rows": 2,
                      "Actual Loops": 4682,
                      "Index Cond": "(movie_id = t.id)",
                      "Rows Removed by Index Recheck": 0,
                      "Heap Fetches": 10351
                    }
                  ]
                }
              ]
            }
          ]
        }
      ]
    },
    "Planning Time": 0.277,
    "Triggers": [],
    "Execution Time": 97.451
  }
]