[
  {
    "Plan": {
      "Node Type": "Aggregate",
      "Strategy": "Plain",
      "Partial Mode": "Finalize",
      "Parallel Aware": false,
      "Startup Cost": 459289.92,
      "Total Cost": 459289.93,
      "Plan Rows": 1,
      "Plan Width": 8,
      "Actual Startup Time": 3446.762,
      "Actual Total Time": 3509.868,
      "Actual Rows": 1,
      "Actual Loops": 1,
      "Plans": [
        {
          "Node Type": "Gather",
          "Parent Relationship": "Outer",
          "Parallel Aware": false,
          "Startup Cost": 459289.29,
          "Total Cost": 459289.9,
          "Plan Rows": 6,
          "Plan Width": 8,
          "Actual Startup Time": 3431.081,
          "Actual Total Time": 3509.84,
          "Actual Rows": 7,
          "Actual Loops": 1,
          "Workers Planned": 6,
          "Workers Launched": 6,
          "Single Copy": false,
          "Plans": [
            {
              "Node Type": "Aggregate",
              "Strategy": "Plain",
              "Partial Mode": "Partial",
              "Parent Relationship": "Outer",
              "Parallel Aware": false,
              "Startup Cost": 458289.29,
              "Total Cost": 458289.3,
              "Plan Rows": 1,
              "Plan Width": 8,
              "Actual Startup Time": 3416.149,
              "Actual Total Time": 3416.467,
              "Actual Rows": 1,
              "Actual Loops": 7,
              "Plans": [
                {
                  "Node Type": "Hash Join",
                  "Parent Relationship": "Outer",
                  "Parallel Aware": true,
                  "Join Type": "Inner",
                  "Startup Cost": 101296.65,
                  "Total Cost": 448996.67,
                  "Plan Rows": 3717051,
                  "Plan Width": 0,
                  "Actual Startup Time": 464.78,
                  "Actual Total Time": 2989.755,
                  "Actual Rows": 10437218,
                  "Actual Loops": 7,
                  "Inner Unique": false,
                  "Hash Cond": "(ci.movie_id = t.id)",
                  "Plans": [
                    {
                      "Node Type": "Seq Scan",
                      "Parent Relationship": "Outer",
                      "Parallel Aware": true,
                      "Relation Name": "cast_info",
                      "Alias": "ci",
                      "Startup Cost": 0.0,
                      "Total Cost": 313067.02,
                      "Plan Rows": 6038002,
                      "Plan Width": 4,
                      "Actual Startup Time": 0.031,
                      "Actual Total Time": 528.03,
                      "Actual Rows": 5177763,
                      "Actual Loops": 7
                    },
                    {
                      "Node Type": "Hash",
                      "Parent Relationship": "Inner",
                      "Parallel Aware": true,
                      "Startup Cost": 95020.67,
                      "Total Cost": 95020.67,
                      "Plan Rows": 502078,
                      "Plan Width": 8,
                      "Actual Startup Time": 459.794,
                      "Actual Total Time": 460.11,
                      "Actual Rows": 212895,
                      "Actual Loops": 7,
                      "Hash Buckets": 2097152,
                      "Original Hash Buckets": 2097152,
                      "Hash Batches": 1,
                      "Original Hash Batches": 1,
                      "Peak Memory Usage": 74784,
                      "Plans": [
                        {
                          "Node Type": "Hash Join",
                          "Parent Relationship": "Outer",
                          "Parallel Aware": true,
                          "Join Type": "Inner",
                          "Startup Cost": 50820.62,
                          "Total Cost": 95020.67,
                          "Plan Rows": 502078,
                          "Plan Width": 8,
                          "Actual Startup Time": 249.357,
                          "Actual Total Time": 383.407,
                          "Actual Rows": 212895,
                          "Actual Loops": 7,
                          "Inner Unique": true,
                          "Hash Cond": "(mk.movie_id = t.id)",
                          "Plans": [
                            {
                              "Node Type": "Seq Scan",
                              "Parent Relationship": "Outer",
                              "Parallel Aware": true,
                              "Relation Name": "movie_keyword",
                              "Alias": "mk",
                              "Startup Cost": 0.0,
                              "Total Cost": 42695.65,
                              "Plan Rows": 573107,
                              "Plan Width": 4,
                              "Actual Startup Time": 0.034,
                              "Actual Total Time": 71.249,
                              "Actual Rows": 255022,
                              "Actual Loops": 7,
                              "Filter": "(keyword_id < 2890)",
                              "Rows Removed by Filter": 391253
                            },
                            {
                              "Node Type": "Hash",
                              "Parent Relationship": "Inner",
                              "Parallel Aware": true,
                              "Startup Cost": 43898.92,
                              "Total Cost": 43898.92,
                              "Plan Rows": 553736,
                              "Plan Width": 4,
                              "Actual Startup Time": 245.475,
                              "Actual Total Time": 245.476,
                              "Actual Rows": 314814,
                              "Actual Loops": 7,
                              "Hash Buckets": 4194304,
                              "Original Hash Buckets": 4194304,
                              "Hash Batches": 1,
                              "Original Hash Batches": 1,
                              "Peak Memory Usage": 119072,
                              "Plans": [
                                {
                                  "Node Type": "Seq Scan",
                                  "Parent Relationship": "Outer",
                                  "Parallel Aware": true,
                                  "Relation Name": "title",
                                  "Alias": "t",
                                  "Startup Cost": 0.0,
                                  "Total Cost": 43898.92,
                                  "Plan Rows": 553736,
                                  "Plan Width": 4,
                                  "Actual Startup Time": 0.042,
                                  "Actual Total Time": 80.798,
                                  "Actual Rows": 314814,
                                  "Actual Loops": 7,
                                  "Filter": "(production_year > 1960)",
                                  "Rows Removed by Filter": 46374
                                }
                              ]
                            }
                          ]
                        }
                      ]
                    }
                  ]
                }
              ]
            }
          ]
        }
      ]
    },
    "Planning Time": 1.318,
    "Triggers": [],
    "Execution Time": 3509.963
  }
]