[
  {
    "Plan": {
      "Node Type": "Aggregate",
      "Strategy": "Plain",
      "Partial Mode": "Finalize",
      "Parallel Aware": false,
      "Startup Cost": 44402.59,
      "Total Cost": 44402.6,
      "Plan Rows": 1,
      "Plan Width": 8,
      "Actual Startup Time": 131.682,
      "Actual Total Time": 141.367,
      "Actual Rows": 1,
      "Actual Loops": 1,
      "Plans": [
        {
          "Node Type": "Gather",
          "Parent Relationship": "Outer",
          "Parallel Aware": false,
          "Startup Cost": 44402.27,
          "Total Cost": 44402.58,
          "Plan Rows": 3,
          "Plan Width": 8,
          "Actual Startup Time": 131.522,
          "Actual Total Time": 141.357,
          "Actual Rows": 4,
          "Actual Loops": 1,
          "Workers Planned": 3,
          "Workers Launched": 3,
          "Single Copy": false,
          "Plans": [
            {
              "Node Type": "Aggregate",
              "Strategy": "Plain",
              "Partial Mode": "Partial",
              "Parent Relationship": "Outer",
              "Parallel Aware": false,
              "Startup Cost": 43402.27,
              "Total Cost": 43402.28,
              "Plan Rows": 1,
              "Plan Width": 8,
              "Actual Startup Time": 122.841,
              "Actual Total Time": 122.843,
              "Actual Rows": 1,
              "Actual Loops": 4,
              "Plans": [
                {
                  "Node Type": "Seq Scan",
                  "Parent Relationship": "Outer",
                  "Parallel Aware": true,
                  "Relation Name": "movie_keyword",
                  "Alias": "mk",
                  "Startup Cost": 0.0,
                  "Total Cost": 42695.65,
                  "Plan Rows": 282648,
                  "Plan Width": 0,
                  "Actual Startup Time": 4.743,
                  "Actual Total Time": 110.854,
                  "Actual Rows": 218208,
                  "Actual Loops": 4,
                  "Filter": "(keyword_id > 21159)",
                  "Rows Removed by Filter": 912775
                }
              ]
            }
          ]
        }
      ]
    },
    "Planning Time": 0.195,
    "Triggers": [],
    "Execution Time": 141.43
  }
]