[
  {
    "Plan": {
      "Node Type": "Aggregate",
      "Strategy": "Plain",
      "Partial Mode": "Finalize",
      "Parallel Aware": false,
      "Startup Cost": 46028.88,
      "Total Cost": 46028.89,
      "Plan Rows": 1,
      "Plan Width": 8,
      "Actual Startup Time": 163.835,
      "Actual Total Time": 173.346,
      "Actual Rows": 1,
      "Actual Loops": 1,
      "Plans": [
        {
          "Node Type": "Gather",
          "Parent Relationship": "Outer",
          "Parallel Aware": false,
          "Startup Cost": 46028.57,
          "Total Cost": 46028.88,
          "Plan Rows": 3,
          "Plan Width": 8,
          "Actual Startup Time": 163.712,
          "Actual Total Time": 173.336,
          "Actual Rows": 4,
          "Actual Loops": 1,
          "Workers Planned": 3,
          "Workers Launched": 3,
          "Single Copy": false,
          "Plans": [
            {
              "Node Type": "Aggregate",
              "Strategy": "Plain",
              "Partial Mode": "Partial",
              "Parent Relationship": "Outer",
              "Parallel Aware": false,
              "Startup Cost": 45028.57,
              "Total Cost": 45028.58,
              "Plan Rows": 1,
              "Plan Width": 8,
              "Actual Startup Time": 158.79,
              "Actual Total Time": 158.791,
              "Actual Rows": 1,
              "Actual Loops": 4,
              "Plans": [
                {
                  "Node Type": "Seq Scan",
                  "Parent Relationship": "Outer",
                  "Parallel Aware": true,
                  "Relation Name": "movie_keyword",
                  "Alias": "mk",
                  "Startup Cost": 0.0,
                  "Total Cost": 42695.65,
                  "Plan Rows": 933165,
                  "Plan Width": 0,
                  "Actual Startup Time": 0.247,
                  "Actual Total Time": 124.176,
                  "Actual Rows": 719433,
                  "Actual Loops": 4,
                  "Filter": "(keyword_id > 2499)",
                  "Rows Removed by Filter": 411549
                }
              ]
            }
          ]
        }
      ]
    },
    "Planning Time": 0.133,
    "Triggers": [],
    "Execution Time": 173.388
  }
]