[
  {
    "Plan": {
      "Node Type": "Aggregate",
      "Strategy": "Plain",
      "Partial Mode": "Finalize",
      "Parallel Aware": false,
      "Startup Cost": 336062.33,
      "Total Cost": 336062.34,
      "Plan Rows": 1,
      "Plan Width": 8,
      "Actual Startup Time": 730.512,
      "Actual Total Time": 776.337,
      "Actual Rows": 1,
      "Actual Loops": 1,
      "Plans": [
        {
          "Node Type": "Gather",
          "Parent Relationship": "Outer",
          "Parallel Aware": false,
          "Startup Cost": 336061.7,
          "Total Cost": 336062.31,
          "Plan Rows": 6,
          "Plan Width": 8,
          "Actual Startup Time": 730.28,
          "Actual Total Time": 776.317,
          "Actual Rows": 7,
          "Actual Loops": 1,
          "Workers Planned": 6,
          "Workers Launched": 6,
          "Single Copy": false,
          "Plans": [
            {
              "Node Type": "Aggregate",
              "Strategy": "Plain",
              "Partial Mode": "Partial",
              "Parent Relationship": "Outer",
              "Parallel Aware": false,
              "Startup Cost": 335061.7,
              "Total Cost": 335061.71,
              "Plan Rows": 1,
              "Plan Width": 8,
              "Actual Startup Time": 721.754,
              "Actual Total Time": 721.757,
              "Actual Rows": 1,
              "Actual Loops": 7,
              "Plans": [
                {
                  "Node Type": "Seq Scan",
                  "Parent Relationship": "Outer",
                  "Parallel Aware": true,
                  "Relation Name": "cast_info",
                  "Alias": "ci",
                  "Startup Cost": 0.0,
                  "Total Cost": 328211.39,
                  "Plan Rows": 2740125,
                  "Plan Width": 0,
                  "Actual Startup Time": 0.054,
                  "Actual Total Time": 605.066,
                  "Actual Rows": 2374763,
                  "Actual Loops": 7,
                  "Filter": "(person_id < 1645502)",
                  "Rows Removed by Filter": 2803000
                }
              ]
            }
          ]
        }
      ]
    },
    "Planning Time": 0.199,
    "Triggers": [],
    "Execution Time": 776.434
  }
]