[
  {
    "Plan": {
      "Node Type": "Aggregate",
      "Strategy": "Plain",
      "Partial Mode": "Finalize",
      "Parallel Aware": false,
      "Startup Cost": 85461.72,
      "Total Cost": 85461.73,
      "Plan Rows": 1,
      "Plan Width": 8,
      "Actual Startup Time": 443.428,
      "Actual Total Time": 460.54,
      "Actual Rows": 1,
      "Actual Loops": 1,
      "Plans": [
        {
          "Node Type": "Gather",
          "Parent Relationship": "Outer",
          "Parallel Aware": false,
          "Startup Cost": 85461.4,
          "Total Cost": 85461.71,
          "Plan Rows": 3,
          "Plan Width": 8,
          "Actual Startup Time": 435.746,
          "Actual Total Time": 460.532,
          "Actual Rows": 4,
          "Actual Loops": 1,
          "Workers Planned": 3,
          "Workers Launched": 3,
          "Single Copy": false,
          "Plans": [
            {
              "Node Type": "Aggregate",
              "Strategy": "Plain",
              "Partial Mode": "Partial",
              "Parent Relationship": "Outer",
              "Parallel Aware": false,
              "Startup Cost": 84461.4,
              "Total Cost": 84461.41,
              "Plan Rows": 1,
              "Plan Width": 8,
              "Actual Startup Time": 420.869,
              "Actual Total Time": 420.872,
              "Actual Rows": 1,
              "Actual Loops": 4,
              "Plans": [
                {
                  "Node Type": "Hash Join",
                  "Parent Relationship": "Outer",
                  "Parallel Aware": true,
                  "Join Type": "Inner",
                  "Startup Cost": 57939.23,
                  "Total Cost": 84168.04,
                  "Plan Rows": 117343,
                  "Plan Width": 0,
                  "Actual Startup Time": 345.324,
                  "Actual Total Time": 416.709,
                  "Actual Rows": 87958,
                  "Actual Loops": 4,
                  "Inner Unique": true,
                  "Hash Cond": "(mk.movie_id = t.id)",
                  "Plans": [
                    {
                      "Node Type": "Bitmap Heap Scan",
                      "Parent Relationship": "Outer",
                      "Parallel Aware": true,
                      "Relation Name": "movie_keyword",
                      "Alias": "mk",
                      "Startup Cost": 7719.59,
                      "Total Cost": 33640.37,
                      "Plan Rows": 117343,
                      "Plan Width": 4,
                      "Actual Startup Time": 20.961,
                      "Actual Total Time": 64.258,
                      "Actual Rows": 87958,
                      "Actual Loops": 4,
                      "Recheck Cond": "(keyword_id > 47336)",
                      "Rows Removed by Index Recheck": 0,
                      "Exact Heap Blocks": 7504,
                      "Lossy Heap Blocks": 0,
                      "Plans": [
                        {
                          "Node Type": "Bitmap Index Scan",
                          "Parent Relationship": "Outer",
                          "Parallel Aware": false,
                          "Index Name": "keyword_id_movie_keyword",
                          "Startup Cost": 0.0,
                          "Total Cost": 7628.65,
                          "Plan Rows": 363762,
                          "Plan Width": 0,
                          "Actual Startup Time": 17.523,
                          "Actual Total Time": 17.523,
                          "Actual Rows": 351833,
                          "Actual Loops": 1,
                          "Index Cond": "(keyword_id > 47336)"
                        }
                      ]
                    },
                    {
                      "Node Type": "Hash",
                      "Parent Relationship": "Inner",
                      "Parallel Aware": true,
                      "Startup Cost": 42318.73,
                      "Total Cost": 42318.73,
                      "Plan Rows": 632073,
                      "Plan Width": 4,
                      "Actual Startup Time": 314.726,
                      "Actual Total Time": 314.726,
                      "Actual Rows": 632078,
                      "Actual Loops": 4,
                      "Hash Buckets": 4194304,
                      "Original Hash Buckets": 4194304,
                      "Hash Batches": 1,
                      "Original Hash Batches": 1,
                      "Peak Memory Usage": 131744,
                      "Plans": [
                        {
                          "Node Type": "Seq Scan",
                          "Parent Relationship": "Outer",
                          "Parallel Aware": true,
                          "Relation Name": "title",
                          "Alias": "t",
                          "Startup Cost": 0.0,
                          "Total Cost": 42318.73,
                          "Plan Rows": 632073,
                          "Plan Width": 4,
                          "Actual Startup Time": 0.033,
                          "Actual Total Time": 96.584,
                          "Actual Rows": 632078,
                          "Actual Loops": 4
                        }
                      ]
                    }
                  ]
                }
              ]
            }
          ]
        }
      ]
    },
    "Planning Time": 0.371,
    "Triggers": [],
    "Execution Time": 460.6
  }
]