[
  {
    "Plan": {
      "Node Type": "Aggregate",
      "Strategy": "Plain",
      "Partial Mode": "Finalize",
      "Parallel Aware": false,
      "Startup Cost": 77953.22,
      "Total Cost": 77953.23,
      "Plan Rows": 1,
      "Plan Width": 8,
      "Actual Startup Time": 125.157,
      "Actual Total Time": 144.904,
      "Actual Rows": 1,
      "Actual Loops": 1,
      "Plans": [
        {
          "Node Type": "Gather",
          "Parent Relationship": "Outer",
          "Parallel Aware": false,
          "Startup Cost": 77952.8,
          "Total Cost": 77953.21,
          "Plan Rows": 4,
          "Plan Width": 8,
          "Actual Startup Time": 124.988,
          "Actual Total Time": 144.889,
          "Actual Rows": 5,
          "Actual Loops": 1,
          "Workers Planned": 4,
          "Workers Launched": 4,
          "Single Copy": false,
          "Plans": [
            {
              "Node Type": "Aggregate",
              "Strategy": "Plain",
              "Partial Mode": "Partial",
              "Parent Relationship": "Outer",
              "Parallel Aware": false,
              "Startup Cost": 76952.8,
              "Total Cost": 76952.81,
              "Plan Rows": 1,
              "Plan Width": 8,
              "Actual Startup Time": 117.479,
              "Actual Total Time": 117.481,
              "Actual Rows": 1,
              "Actual Loops": 5,
              "Plans": [
                {
                  "Node Type": "Nested Loop",
                  "Parent Relationship": "Outer",
                  "Parallel Aware": false,
                  "Join Type": "Inner",
                  "Startup Cost": 0.43,
                  "Total Cost": 76947.67,
                  "Plan Rows": 2052,
                  "Plan Width": 0,
                  "Actual Startup Time": 0.543,
                  "Actual Total Time": 117.277,
                  "Actual Rows": 1799,
                  "Actual Loops": 5,
                  "Inner Unique": false,
                  "Plans": [
                    {
                      "Node Type": "Seq Scan",
                      "Parent Relationship": "Outer",
                      "Parallel Aware": true,
                      "Relation Name": "title",
                      "Alias": "t",
                      "Startup Cost": 0.0,
                      "Total Cost": 45479.59,
                      "Plan Rows": 6756,
                      "Plan Width": 4,
                      "Actual Startup Time": 0.178,
                      "Actual Total Time": 78.191,
                      "Actual Rows": 5417,
                      "Actual Loops": 5,
                      "Filter": "((kind_id < 7) AND (production_year > 2012))",
                      "Rows Removed by Filter": 500245
                    },
                    {
                      "Node Type": "Index Scan",
                      "Parent Relationship": "Inner",
                      "Parallel Aware": false,
                      "Scan Direction": "Forward",
                      "Index Name": "movie_id_movie_companies",
                      "Relation Name": "movie_companies",
                      "Alias": "mc",
                      "Startup Cost": 0.43,
                      "Total Cost": 4.64,
                      "Plan Rows": 2,
                      "Plan Width": 4,
                      "Actual Startup Time": 0.006,
                      "Actual Total Time": 0.007,
                      "Actual Rows": 0,
                      "Actual Loops": 27085,
                      "Index Cond": "(movie_id = t.id)",
                      "Rows Removed by Index Recheck": 0,
                      "Filter": "((company_id < 15510) AND (company_type_id = 1))",
                      "Rows Removed by Filter": 1
                    }
                  ]
                }
              ]
            }
          ]
        }
      ]
    },
    "Planning Time": 0.276,
    "Triggers": [],
    "Execution Time": 144.942
  }
]