[
  {
    "Plan": {
      "Node Type": "Aggregate",
      "Strategy": "Plain",
      "Partial Mode": "Finalize",
      "Parallel Aware": false,
      "Startup Cost": 141099.43,
      "Total Cost": 141099.44,
      "Plan Rows": 1,
      "Plan Width": 8,
      "Actual Startup Time": 122.88,
      "Actual Total Time": 146.357,
      "Actual Rows": 1,
      "Actual Loops": 1,
      "Plans": [
        {
          "Node Type": "Gather",
          "Parent Relationship": "Outer",
          "Parallel Aware": false,
          "Startup Cost": 141099.01,
          "Total Cost": 141099.42,
          "Plan Rows": 4,
          "Plan Width": 8,
          "Actual Startup Time": 122.691,
          "Actual Total Time": 146.348,
          "Actual Rows": 5,
          "Actual Loops": 1,
          "Workers Planned": 4,
          "Workers Launched": 4,
          "Single Copy": false,
          "Plans": [
            {
              "Node Type": "Aggregate",
              "Strategy": "Plain",
              "Partial Mode": "Partial",
              "Parent Relationship": "Outer",
              "Parallel Aware": false,
              "Startup Cost": 140099.01,
              "Total Cost": 140099.02,
              "Plan Rows": 1,
              "Plan Width": 8,
              "Actual Startup Time": 117.257,
              "Actual Total Time": 117.259,
              "Actual Rows": 1,
              "Actual Loops": 5,
              "Plans": [
                {
                  "Node Type": "Nested Loop",
                  "Parent Relationship": "Outer",
                  "Parallel Aware": false,
                  "Join Type": "Inner",
                  "Startup Cost": 0.56,
                  "Total Cost": 140070.31,
                  "Plan Rows": 11481,
                  "Plan Width": 0,
                  "Actual Startup Time": 50.876,
                  "Actual Total Time": 116.378,
                  "Actual Rows": 8927,
                  "Actual Loops": 5,
                  "Inner Unique": false,
                  "Plans": [
                    {
                      "Node Type": "Seq Scan",
                      "Parent Relationship": "Outer",
                      "Parallel Aware": true,
                      "Relation Name": "title",
                      "Alias": "t",
                      "Startup Cost": 0.0,
                      "Total Cost": 43899.32,
                      "Plan Rows": 801,
                      "Plan Width": 4,
                      "Actual Startup Time": 50.736,
                      "Actual Total Time": 71.912,
                      "Actual Rows": 499,
                      "Actual Loops": 5,
                      "Filter": "(production_year = 1934)",
                      "Rows Removed by Filter": 505164
                    },
                    {
                      "Node Type": "Index Only Scan",
                      "Parent Relationship": "Inner",
                      "Parallel Aware": false,
                      "Scan Direction": "Forward",
                      "Index Name": "movie_id_cast_info",
                      "Relation Name": "cast_info",
                      "Alias": "ci",
                      "Startup Cost": 0.56,
                      "Total Cost": 119.71,
                      "Plan Rows": 35,
                      "Plan Width": 4,
                      "Actual Startup Time": 0.016,
                      "Actual Total Time": 0.087,
                      "Actual Rows": 18,
                      "Actual Loops": 2493,
                      "Index Cond": "(movie_id = t.id)",
                      "Rows Removed by Index Recheck": 0,
                      "Heap Fetches": 44633
                    }
                  ]
                }
              ]
            }
          ]
        }
      ]
    },
    "Planning Time": 0.201,
    "Triggers": [],
    "Execution Time": 146.397
  }
]