{
  "Plan": {
    "Node Type": "Aggregate",
    "Strategy": "Plain",
    "Partial Mode": "Finalize",
    "Parallel Aware": false,
    "Startup Cost": 468176.51,
    "Total Cost": 468176.52,
    "Plan Rows": 1,
    "Plan Width": 32,
    "Actual Startup Time": 2430.842,
    "Actual Total Time": 2486.677,
    "Actual Rows": 1,
    "Actual Loops": 1,
    "Plans": [
      {
        "Node Type": "Gather",
        "Parent Relationship": "Outer",
        "Parallel Aware": false,
        "Startup Cost": 468176.39,
        "Total Cost": 468176.5,
        "Plan Rows": 1,
        "Plan Width": 32,
        "Actual Startup Time": 2428.152,
        "Actual Total Time": 2486.67,
        "Actual Rows": 2,
        "Actual Loops": 1,
        "Workers Planned": 1,
        "Workers Launched": 1,
        "Single Copy": false,
        "Plans": [
          {
            "Node Type": "Aggregate",
            "Strategy": "Plain",
            "Partial Mode": "Partial",
            "Parent Relationship": "Outer",
            "Parallel Aware": false,
            "Startup Cost": 467176.39,
            "Total Cost": 467176.4,
            "Plan Rows": 1,
            "Plan Width": 32,
            "Actual Startup Time": 2420.568,
            "Actual Total Time": 2420.577,
            "Actual Rows": 1,
            "Actual Loops": 2,
            "Plans": [
              {
                "Node Type": "Hash Join",
                "Parent Relationship": "Outer",
                "Parallel Aware": false,
                "Join Type": "Inner",
                "Startup Cost": 466816.14,
                "Total Cost": 467165.7,
                "Plan Rows": 4276,
                "Plan Width": 17,
                "Actual Startup Time": 2414.776,
                "Actual Total Time": 2420.55,
                "Actual Rows": 258,
                "Actual Loops": 2,
                "Inner Unique": true,
                "Hash Cond": "(mc.company_type_id = ct.id)",
                "Plans": [
                  {
                    "Node Type": "Merge Join",
                    "Parent Relationship": "Outer",
                    "Parallel Aware": false,
                    "Join Type": "Inner",
                    "Startup Cost": 466815.08,
                    "Total Cost": 467072.18,
                    "Plan Rows": 17103,
                    "Plan Width": 21,
                    "Actual Startup Time": 2414.395,
                    "Actual Total Time": 2418.795,
                    "Actual Rows": 29952,
                    "Actual Loops": 2,
                    "Inner Unique": true,
                    "Merge Cond": "(mi.info_type_id = it.id)",
                    "Plans": [
                      {
                        "Node Type": "Sort",
                        "Parent Relationship": "Outer",
                        "Parallel Aware": false,
                        "Startup Cost": 466809.09,
                        "Total Cost": 466851.85,
                        "Plan Rows": 17103,
                        "Plan Width": 25,
                        "Actual Startup Time": 2414.331,
                        "Actual Total Time": 2415.355,
                        "Actual Rows": 29952,
                        "Actual Loops": 2,
                        "Sort Key": [
                          "mi.info_type_id"
                        ],
                        "Sort Method": "quicksort",
                        "Sort Space Used": 3264,
                        "Sort Space Type": "Memory",
                        "Workers": [
                          {
                            "Worker Number": 0,
                            "Sort Method": "quicksort",
                            "Sort Space Used": 3048,
                            "Sort Space Type": "Memory"
                          }
                        ],
                        "Plans": [
                          {
                            "Node Type": "Hash Join",
                            "Parent Relationship": "Outer",
                            "Parallel Aware": true,
                            "Join Type": "Inner",
                            "Startup Cost": 103408.95,
                            "Total Cost": 465606.58,
                            "Plan Rows": 17103,
                            "Plan Width": 25,
                            "Actual Startup Time": 561.166,
                            "Actual Total Time": 2406.157,
                            "Actual Rows": 29952,
                            "Actual Loops": 2,
                            "Inner Unique": false,
                            "Hash Cond": "(t.id = mc.movie_id)",
                            "Plans": [
                              {
                                "Node Type": "Hash Join",
                                "Parent Relationship": "Outer",
                                "Parallel Aware": true,
                                "Join Type": "Inner",
                                "Startup Cost": 60332.51,
                                "Total Cost": 420858.36,
                                "Plan Rows": 251390,
                                "Plan Width": 29,
                                "Actual Startup Time": 314.812,
                                "Actual Total Time": 2095.219,
                                "Actual Rows": 210014,
                                "Actual Loops": 2,
                                "Inner Unique": true,
                                "Hash Cond": "(mi.movie_id = t.id)",
                                "Plans": [
                                  {
                                    "Node Type": "Seq Scan",
                                    "Parent Relationship": "Outer",
                                    "Parallel Aware": true,
                                    "Relation Name": "movie_info",
                                    "Alias": "mi",
                                    "Startup Cost": 0.0,
                                    "Total Cost": 358390.48,
                                    "Plan Rows": 813472,
                                    "Plan Width": 8,
                                    "Actual Startup Time": 0.019,
                                    "Actual Total Time": 1539.274,
                                    "Actual Rows": 722290,
                                    "Actual Loops": 2,
                                    "Filter": "(info = ANY ('{Swedish,America,Sweden,USA,English,German,Denmark,Norway,Danish,Denish}'::text[]))",
                                    "Rows Removed by Filter": 6695570
                                  },
                                  {
                                    "Node Type": "Hash",
                                    "Parent Relationship": "Inner",
                                    "Parallel Aware": true,
                                    "Startup Cost": 54587.68,
                                    "Total Cost": 54587.68,
                                    "Plan Rows": 459586,
                                    "Plan Width": 21,
                                    "Actual Startup Time": 309.252,
                                    "Actual Total Time": 309.253,
                                    "Actual Rows": 392463,
                                    "Actual Loops": 2,
                                    "Hash Buckets": 1048576,
                                    "Original Hash Buckets": 1048576,
                                    "Hash Batches": 1,
                                    "Original Hash Batches": 1,
                                    "Peak Memory Usage": 52320,
                                    "Plans": [
                                      {
                                        "Node Type": "Seq Scan",
                                        "Parent Relationship": "Outer",
                                        "Parallel Aware": true,
                                        "Relation Name": "title",
                                        "Alias": "t",
                                        "Startup Cost": 0.0,
                                        "Total Cost": 54587.68,
                                        "Plan Rows": 459586,
                                        "Plan Width": 21,
                                        "Actual Startup Time": 0.017,
                                        "Actual Total Time": 156.356,
                                        "Actual Rows": 392463,
                                        "Actual Loops": 2,
                                        "Filter": "(production_year > 2007)",
                                        "Rows Removed by Filter": 871693
                                      }
                                    ]
                                  }
                                ]
                              },
                              {
                                "Node Type": "Hash",
                                "Parent Relationship": "Inner",
                                "Parallel Aware": true,
                                "Startup Cost": 41811.73,
                                "Total Cost": 41811.73,
                                "Plan Rows": 101177,
                                "Plan Width": 8,
                                "Actual Startup Time": 241.456,
                                "Actual Total Time": 241.456,
                                "Actual Rows": 147814,
                                "Actual Loops": 2,
                                "Hash Buckets": 524288,
                                "Original Hash Buckets": 262144,
                                "Hash Batches": 1,
                                "Original Hash Batches": 1,
                                "Peak Memory Usage": 17728,
                                "Plans": [
                                  {
                                    "Node Type": "Seq Scan",
                                    "Parent Relationship": "Outer",
                                    "Parallel Aware": true,
                                    "Relation Name": "movie_companies",
                                    "Alias": "mc",
                                    "Startup Cost": 0.0,
                                    "Total Cost": 41811.73,
                                    "Plan Rows": 101177,
                                    "Plan Width": 8,
                                    "Actual Startup Time": 0.051,
                                    "Actual Total Time": 194.788,
                                    "Actual Rows": 147814,
                                    "Actual Loops": 2,
                                    "Filter": "((note !~~ '%(TV)%'::text) AND (note ~~ '%(USA)%'::text))",
                                    "Rows Removed by Filter": 1156750
                                  }
                                ]
                              }
                            ]
                          }
                        ]
                      },
                      {
                        "Node Type": "Sort",
                        "Parent Relationship": "Inner",
                        "Parallel Aware": false,
                        "Startup Cost": 5.98,
                        "Total Cost": 6.27,
                        "Plan Rows": 113,
                        "Plan Width": 4,
                        "Actual Startup Time": 0.056,
                        "Actual Total Time": 0.058,
                        "Actual Rows": 18,
                        "Actual Loops": 2,
                        "Sort Key": [
                          "it.id"
                        ],
                        "Sort Method": "quicksort",
                        "Sort Space Used": 30,
                        "Sort Space Type": "Memory",
                        "Workers": [
                          {
                            "Worker Number": 0,
                            "Sort Method": "quicksort",
                            "Sort Space Used": 30,
                            "Sort Space Type": "Memory"
                          }
                        ],
                        "Plans": [
                          {
                            "Node Type": "Seq Scan",
                            "Parent Relationship": "Outer",
                            "Parallel Aware": false,
                            "Relation Name": "info_type",
                            "Alias": "it",
                            "Startup Cost": 0.0,
                            "Total Cost": 2.13,
                            "Plan Rows": 113,
                            "Plan Width": 4,
                            "Actual Startup Time": 0.028,
                            "Actual Total Time": 0.037,
                            "Actual Rows": 113,
                            "Actual Loops": 2
                          }
                        ]
                      }
                    ]
                  },
                  {
                    "Node Type": "Hash",
                    "Parent Relationship": "Inner",
                    "Parallel Aware": false,
                    "Startup Cost": 1.05,
                    "Total Cost": 1.05,
                    "Plan Rows": 1,
                    "Plan Width": 4,
                    "Actual Startup Time": 0.081,
                    "Actual Total Time": 0.082,
                    "Actual Rows": 1,
                    "Actual Loops": 2,
                    "Hash Buckets": 1024,
                    "Original Hash Buckets": 1024,
                    "Hash Batches": 1,
                    "Original Hash Batches": 1,
                    "Peak Memory Usage": 9,
                    "Plans": [
                      {
                        "Node Type": "Seq Scan",
                        "Parent Relationship": "Outer",
                        "Parallel Aware": false,
                        "Relation Name": "company_type",
                        "Alias": "ct",
                        "Startup Cost": 0.0,
                        "Total Cost": 1.05,
                        "Plan Rows": 1,
                        "Plan Width": 4,
                        "Actual Startup Time": 0.061,
                        "Actual Total Time": 0.064,
                        "Actual Rows": 1,
                        "Actual Loops": 2,
                        "Filter": "((kind)::text = 'production companies'::text)",
                        "Rows Removed by Filter": 3
                      }
                    ]
                  }
                ]
              }
            ]
          }
        ]
      }
    ]
  },
  "Planning Time": 1.752,
  "Triggers": [],
  "Execution Time": 2486.811
}