[
  {
    "Plan": {
      "Node Type": "Aggregate",
      "Strategy": "Plain",
      "Partial Mode": "Finalize",
      "Parallel Aware": false,
      "Startup Cost": 332031.23,
      "Total Cost": 332031.24,
      "Plan Rows": 1,
      "Plan Width": 8,
      "Actual Startup Time": 650.022,
      "Actual Total Time": 698.732,
      "Actual Rows": 1,
      "Actual Loops": 1,
      "Plans": [
        {
          "Node Type": "Gather",
          "Parent Relationship": "Outer",
          "Parallel Aware": false,
          "Startup Cost": 332030.61,
          "Total Cost": 332031.22,
          "Plan Rows": 6,
          "Plan Width": 8,
          "Actual Startup Time": 649.816,
          "Actual Total Time": 698.718,
          "Actual Rows": 7,
          "Actual Loops": 1,
          "Workers Planned": 6,
          "Workers Launched": 6,
          "Single Copy": false,
          "Plans": [
            {
              "Node Type": "Aggregate",
              "Strategy": "Plain",
              "Partial Mode": "Partial",
              "Parent Relationship": "Outer",
              "Parallel Aware": false,
              "Startup Cost": 331030.61,
              "Total Cost": 331030.62,
              "Plan Rows": 1,
              "Plan Width": 8,
              "Actual Startup Time": 643.293,
              "Actual Total Time": 643.294,
              "Actual Rows": 1,
              "Actual Loops": 7,
              "Plans": [
                {
                  "Node Type": "Seq Scan",
                  "Parent Relationship": "Outer",
                  "Parallel Aware": true,
                  "Relation Name": "cast_info",
                  "Alias": "ci",
                  "Startup Cost": 0.0,
                  "Total Cost": 328211.39,
                  "Plan Rows": 1127687,
                  "Plan Width": 0,
                  "Actual Startup Time": 0.041,
                  "Actual Total Time": 593.09,
                  "Actual Rows": 983811,
                  "Actual Loops": 7,
                  "Filter": "(person_id < 665219)",
                  "Rows Removed by Filter": 4193953
                }
              ]
            }
          ]
        }
      ]
    },
    "Planning Time": 0.073,
    "Triggers": [],
    "Execution Time": 698.775
  }
]