[
  {
    "Plan": {
      "Node Type": "Aggregate",
      "Strategy": "Plain",
      "Partial Mode": "Finalize",
      "Parallel Aware": false,
      "Startup Cost": 27690.2,
      "Total Cost": 27690.21,
      "Plan Rows": 1,
      "Plan Width": 8,
      "Actual Startup Time": 84.859,
      "Actual Total Time": 91.067,
      "Actual Rows": 1,
      "Actual Loops": 1,
      "Plans": [
        {
          "Node Type": "Gather",
          "Parent Relationship": "Outer",
          "Parallel Aware": false,
          "Startup Cost": 27689.88,
          "Total Cost": 27690.19,
          "Plan Rows": 3,
          "Plan Width": 8,
          "Actual Startup Time": 84.6,
          "Actual Total Time": 91.059,
          "Actual Rows": 4,
          "Actual Loops": 1,
          "Workers Planned": 3,
          "Workers Launched": 3,
          "Single Copy": false,
          "Plans": [
            {
              "Node Type": "Aggregate",
              "Strategy": "Plain",
              "Partial Mode": "Partial",
              "Parent Relationship": "Outer",
              "Parallel Aware": false,
              "Startup Cost": 26689.88,
              "Total Cost": 26689.89,
              "Plan Rows": 1,
              "Plan Width": 8,
              "Actual Startup Time": 76.678,
              "Actual Total Time": 76.682,
              "Actual Rows": 1,
              "Actual Loops": 4,
              "Plans": [
                {
                  "Node Type": "Bitmap Heap Scan",
                  "Parent Relationship": "Outer",
                  "Parallel Aware": true,
                  "Relation Name": "movie_companies",
                  "Alias": "mc",
                  "Startup Cost": 6352.77,
                  "Total Cost": 26569.18,
                  "Plan Rows": 48282,
                  "Plan Width": 0,
                  "Actual Startup Time": 62.624,
                  "Actual Total Time": 75.688,
                  "Actual Rows": 17123,
                  "Actual Loops": 4,
                  "Recheck Cond": "(company_id < 160)",
                  "Rows Removed by Index Recheck": 0,
                  "Filter": "(company_type_id = 2)",
                  "Rows Removed by Filter": 56096,
                  "Exact Heap Blocks": 10781,
                  "Lossy Heap Blocks": 0,
                  "Plans": [
                    {
                      "Node Type": "Bitmap Index Scan",
                      "Parent Relationship": "Outer",
                      "Parallel Aware": false,
                      "Index Name": "company_id_movie_companies",
                      "Startup Cost": 0.0,
                      "Total Cost": 6315.35,
                      "Plan Rows": 294790,
                      "Plan Width": 0,
                      "Actual Startup Time": 32.351,
                      "Actual Total Time": 32.352,
                      "Actual Rows": 292877,
                      "Actual Loops": 1,
                      "Index Cond": "(company_id < 160)"
                    }
                  ]
                }
              ]
            }
          ]
        }
      ]
    },
    "Planning Time": 0.234,
    "Triggers": [],
    "Execution Time": 91.146
  }
]