[
  {
    "Plan": {
      "Node Type": "Aggregate",
      "Strategy": "Plain",
      "Partial Mode": "Finalize",
      "Parallel Aware": false,
      "Startup Cost": 25102.84,
      "Total Cost": 25102.85,
      "Plan Rows": 1,
      "Plan Width": 8,
      "Actual Startup Time": 37.383,
      "Actual Total Time": 41.232,
      "Actual Rows": 1,
      "Actual Loops": 1,
      "Plans": [
        {
          "Node Type": "Gather",
          "Parent Relationship": "Outer",
          "Parallel Aware": false,
          "Startup Cost": 25102.52,
          "Total Cost": 25102.83,
          "Plan Rows": 3,
          "Plan Width": 8,
          "Actual Startup Time": 37.189,
          "Actual Total Time": 41.226,
          "Actual Rows": 4,
          "Actual Loops": 1,
          "Workers Planned": 3,
          "Workers Launched": 3,
          "Single Copy": false,
          "Plans": [
            {
              "Node Type": "Aggregate",
              "Strategy": "Plain",
              "Partial Mode": "Partial",
              "Parent Relationship": "Outer",
              "Parallel Aware": false,
              "Startup Cost": 24102.52,
              "Total Cost": 24102.53,
              "Plan Rows": 1,
              "Plan Width": 8,
              "Actual Startup Time": 31.127,
              "Actual Total Time": 31.128,
              "Actual Rows": 1,
              "Actual Loops": 4,
              "Plans": [
                {
                  "Node Type": "Bitmap Heap Scan",
                  "Parent Relationship": "Outer",
                  "Parallel Aware": true,
                  "Relation Name": "movie_companies",
                  "Alias": "mc",
                  "Startup Cost": 4271.99,
                  "Total Cost": 24020.85,
                  "Plan Rows": 32670,
                  "Plan Width": 0,
                  "Actual Startup Time": 4.697,
                  "Actual Total Time": 28.263,
                  "Actual Rows": 48695,
                  "Actual Loops": 4,
                  "Recheck Cond": "(company_id > 115132)",
                  "Rows Removed by Index Recheck": 0,
                  "Filter": "(company_type_id = 2)",
                  "Rows Removed by Filter": 0,
                  "Exact Heap Blocks": 2184,
                  "Lossy Heap Blocks": 0,
                  "Plans": [
                    {
                      "Node Type": "Bitmap Index Scan",
                      "Parent Relationship": "Outer",
                      "Parallel Aware": false,
                      "Index Name": "company_id_movie_companies",
                      "Startup Cost": 0.0,
                      "Total Cost": 4246.67,
                      "Plan Rows": 198165,
                      "Plan Width": 0,
                      "Actual Startup Time": 9.385,
                      "Actual Total Time": 9.385,
                      "Actual Rows": 194781,
                      "Actual Loops": 1,
                      "Index Cond": "(company_id > 115132)"
                    }
                  ]
                }
              ]
            }
          ]
        }
      ]
    },
    "Planning Time": 0.102,
    "Triggers": [],
    "Execution Time": 41.269
  }
]