[
  {
    "Plan": {
      "Node Type": "Aggregate",
      "Strategy": "Plain",
      "Partial Mode": "Finalize",
      "Parallel Aware": false,
      "Startup Cost": 66603.12,
      "Total Cost": 66603.13,
      "Plan Rows": 1,
      "Plan Width": 8,
      "Actual Startup Time": 110.511,
      "Actual Total Time": 125.112,
      "Actual Rows": 1,
      "Actual Loops": 1,
      "Plans": [
        {
          "Node Type": "Gather",
          "Parent Relationship": "Outer",
          "Parallel Aware": false,
          "Startup Cost": 66602.7,
          "Total Cost": 66603.11,
          "Plan Rows": 4,
          "Plan Width": 8,
          "Actual Startup Time": 110.385,
          "Actual Total Time": 125.105,
          "Actual Rows": 5,
          "Actual Loops": 1,
          "Workers Planned": 4,
          "Workers Launched": 4,
          "Single Copy": false,
          "Plans": [
            {
              "Node Type": "Aggregate",
              "Strategy": "Plain",
              "Partial Mode": "Partial",
              "Parent Relationship": "Outer",
              "Parallel Aware": false,
              "Startup Cost": 65602.7,
              "Total Cost": 65602.71,
              "Plan Rows": 1,
              "Plan Width": 8,
              "Actual Startup Time": 101.142,
              "Actual Total Time": 101.144,
              "Actual Rows": 1,
              "Actual Loops": 5,
              "Plans": [
                {
                  "Node Type": "Nested Loop",
                  "Parent Relationship": "Outer",
                  "Parallel Aware": false,
                  "Join Type": "Inner",
                  "Startup Cost": 0.43,
                  "Total Cost": 65600.45,
                  "Plan Rows": 899,
                  "Plan Width": 0,
                  "Actual Startup Time": 61.023,
                  "Actual Total Time": 100.954,
                  "Actual Rows": 1566,
                  "Actual Loops": 5,
                  "Inner Unique": false,
                  "Plans": [
                    {
                      "Node Type": "Seq Scan",
                      "Parent Relationship": "Outer",
                      "Parallel Aware": true,
                      "Relation Name": "title",
                      "Alias": "t",
                      "Startup Cost": 0.0,
                      "Total Cost": 43898.92,
                      "Plan Rows": 1770,
                      "Plan Width": 4,
                      "Actual Startup Time": 60.924,
                      "Actual Total Time": 84.416,
                      "Actual Rows": 1625,
                      "Actual Loops": 5,
                      "Filter": "(production_year = 1914)",
                      "Rows Removed by Filter": 504037
                    },
                    {
                      "Node Type": "Index Scan",
                      "Parent Relationship": "Inner",
                      "Parallel Aware": false,
                      "Scan Direction": "Forward",
                      "Index Name": "movie_id_movie_companies",
                      "Relation Name": "movie_companies",
                      "Alias": "mc",
                      "Startup Cost": 0.43,
                      "Total Cost": 12.23,
                      "Plan Rows": 3,
                      "Plan Width": 4,
                      "Actual Startup Time": 0.008,
                      "Actual Total Time": 0.01,
                      "Actual Rows": 1,
                      "Actual Loops": 8125,
                      "Index Cond": "(movie_id = t.id)",
                      "Rows Removed by Index Recheck": 0,
                      "Filter": "(company_type_id = 1)",
                      "Rows Removed by Filter": 1
                    }
                  ]
                }
              ]
            }
          ]
        }
      ]
    },
    "Planning Time": 0.61,
    "Triggers": [],
    "Execution Time": 125.18
  }
]