[
    {
        "Bao": {
            "Bao prediction": "NaN",
            "Bao recommended hint": "(no hint)"
        }
    },
    {
        "Plan": {
            "Node Type": "Aggregate",
            "Strategy": "Plain",
            "Partial Mode": "Finalize",
            "Parallel Aware": false,
            "Startup Cost": 628326.87,
            "Total Cost": 628326.88,
            "Plan Rows": 1,
            "Plan Width": 8,
            "Actual Startup Time": 4521.289,
            "Actual Total Time": 4593.249,
            "Actual Rows": 1,
            "Actual Loops": 1,
            "Output": [
                "count(*)"
            ],
            "Plans": [
                {
                    "Node Type": "Gather",
                    "Parent Relationship": "Outer",
                    "Parallel Aware": false,
                    "Startup Cost": 628326.25,
                    "Total Cost": 628326.86,
                    "Plan Rows": 6,
                    "Plan Width": 8,
                    "Actual Startup Time": 4448.695,
                    "Actual Total Time": 4593.232,
                    "Actual Rows": 7,
                    "Actual Loops": 1,
                    "Output": [
                        "(PARTIAL count(*))"
                    ],
                    "Workers Planned": 6,
                    "Workers Launched": 6,
                    "Single Copy": false,
                    "Plans": [
                        {
                            "Node Type": "Aggregate",
                            "Strategy": "Plain",
                            "Partial Mode": "Partial",
                            "Parent Relationship": "Outer",
                            "Parallel Aware": false,
                            "Startup Cost": 627326.25,
                            "Total Cost": 627326.26,
                            "Plan Rows": 1,
                            "Plan Width": 8,
                            "Actual Startup Time": 4428.654,
                            "Actual Total Time": 4430.046,
                            "Actual Rows": 1,
                            "Actual Loops": 7,
                            "Output": [
                                "PARTIAL count(*)"
                            ],
                            "Workers": [
                                {
                                    "Worker Number": 0,
                                    "Actual Startup Time": 4429.659,
                                    "Actual Total Time": 4429.663,
                                    "Actual Rows": 1,
                                    "Actual Loops": 1
                                },
                                {
                                    "Worker Number": 1,
                                    "Actual Startup Time": 4424.491,
                                    "Actual Total Time": 4424.496,
                                    "Actual Rows": 1,
                                    "Actual Loops": 1
                                },
                                {
                                    "Worker Number": 2,
                                    "Actual Startup Time": 4424.571,
                                    "Actual Total Time": 4424.576,
                                    "Actual Rows": 1,
                                    "Actual Loops": 1
                                },
                                {
                                    "Worker Number": 3,
                                    "Actual Startup Time": 4424.465,
                                    "Actual Total Time": 4424.47,
                                    "Actual Rows": 1,
                                    "Actual Loops": 1
                                },
                                {
                                    "Worker Number": 4,
                                    "Actual Startup Time": 4424.488,
                                    "Actual Total Time": 4424.492,
                                    "Actual Rows": 1,
                                    "Actual Loops": 1
                                },
                                {
                                    "Worker Number": 5,
                                    "Actual Startup Time": 4424.808,
                                    "Actual Total Time": 4424.812,
                                    "Actual Rows": 1,
                                    "Actual Loops": 1
                                }
                            ],
                            "Plans": [
                                {
                                    "Node Type": "Hash Join",
                                    "Parent Relationship": "Outer",
                                    "Parallel Aware": true,
                                    "Join Type": "Inner",
                                    "Startup Cost": 267769.38,
                                    "Total Cost": 614345.06,
                                    "Plan Rows": 5192475,
                                    "Plan Width": 0,
                                    "Actual Startup Time": 1164.349,
                                    "Actual Total Time": 3882.317,
                                    "Actual Rows": 13458321,
                                    "Actual Loops": 7,
                                    "Inner Unique": false,
                                    "Hash Cond": "(ci.movie_id = t.id)",
                                    "Workers": [
                                        {
                                            "Worker Number": 0,
                                            "Actual Startup Time": 1160.909,
                                            "Actual Total Time": 3877.798,
                                            "Actual Rows": 13915974,
                                            "Actual Loops": 1
                                        },
                                        {
                                            "Worker Number": 1,
                                            "Actual Startup Time": 1160.915,
                                            "Actual Total Time": 3879.574,
                                            "Actual Rows": 13743992,
                                            "Actual Loops": 1
                                        },
                                        {
                                            "Worker Number": 2,
                                            "Actual Startup Time": 1160.908,
                                            "Actual Total Time": 3895.551,
                                            "Actual Rows": 13539736,
                                            "Actual Loops": 1
                                        },
                                        {
                                            "Worker Number": 3,
                                            "Actual Startup Time": 1160.969,
                                            "Actual Total Time": 3875.444,
                                            "Actual Rows": 13843262,
                                            "Actual Loops": 1
                                        },
                                        {
                                            "Worker Number": 4,
                                            "Actual Startup Time": 1160.946,
                                            "Actual Total Time": 3879.784,
                                            "Actual Rows": 13729621,
                                            "Actual Loops": 1
                                        },
                                        {
                                            "Worker Number": 5,
                                            "Actual Startup Time": 1161.242,
                                            "Actual Total Time": 3854.039,
                                            "Actual Rows": 11595289,
                                            "Actual Loops": 1
                                        }
                                    ],
                                    "Plans": [
                                        {
                                            "Node Type": "Seq Scan",
                                            "Parent Relationship": "Outer",
                                            "Parallel Aware": true,
                                            "Relation Name": "cast_info",
                                            "Schema": "public",
                                            "Alias": "ci",
                                            "Startup Cost": 0.0,
                                            "Total Cost": 328213.62,
                                            "Plan Rows": 2127232,
                                            "Plan Width": 4,
                                            "Actual Startup Time": 0.054,
                                            "Actual Total Time": 569.693,
                                            "Actual Rows": 1810098,
                                            "Actual Loops": 7,
                                            "Output": [
                                                "ci.id",
                                                "ci.person_id",
                                                "ci.movie_id",
                                                "ci.person_role_id",
                                                "ci.note",
                                                "ci.nr_order",
                                                "ci.role_id"
                                            ],
                                            "Filter": "(ci.role_id < 2)",
                                            "Rows Removed by Filter": 3367665,
                                            "Workers": [
                                                {
                                                    "Worker Number": 0,
                                                    "Actual Startup Time": 0.07,
                                                    "Actual Total Time": 571.749,
                                                    "Actual Rows": 1866616,
                                                    "Actual Loops": 1
                                                },
                                                {
                                                    "Worker Number": 1,
                                                    "Actual Startup Time": 0.068,
                                                    "Actual Total Time": 570.1,
                                                    "Actual Rows": 1850892,
                                                    "Actual Loops": 1
                                                },
                                                {
                                                    "Worker Number": 2,
                                                    "Actual Startup Time": 0.031,
                                                    "Actual Total Time": 572.931,
                                                    "Actual Rows": 1806312,
                                                    "Actual Loops": 1
                                                },
                                                {
                                                    "Worker Number": 3,
                                                    "Actual Startup Time": 0.068,
                                                    "Actual Total Time": 570.097,
                                                    "Actual Rows": 1850093,
                                                    "Actual Loops": 1
                                                },
                                                {
                                                    "Worker Number": 4,
                                                    "Actual Startup Time": 0.074,
                                                    "Actual Total Time": 570.913,
                                                    "Actual Rows": 1851331,
                                                    "Actual Loops": 1
                                                },
                                                {
                                                    "Worker Number": 5,
                                                    "Actual Startup Time": 0.04,
                                                    "Actual Total Time": 585.533,
                                                    "Actual Rows": 1556542,
                                                    "Actual Loops": 1
                                                }
                                            ]
                                        },
                                        {
                                            "Node Type": "Hash",
                                            "Parent Relationship": "Inner",
                                            "Parallel Aware": true,
                                            "Startup Cost": 252340.59,
                                            "Total Cost": 252340.59,
                                            "Plan Rows": 1234303,
                                            "Plan Width": 8,
                                            "Actual Startup Time": 1156.042,
                                            "Actual Total Time": 1157.433,
                                            "Actual Rows": 889071,
                                            "Actual Loops": 7,
                                            "Output": [
                                                "t.id",
                                                "mi.movie_id"
                                            ],
                                            "Hash Buckets": 8388608,
                                            "Original Hash Buckets": 8388608,
                                            "Hash Batches": 1,
                                            "Original Hash Batches": 1,
                                            "Peak Memory Usage": 309120,
                                            "Workers": [
                                                {
                                                    "Worker Number": 0,
                                                    "Actual Startup Time": 1159.962,
                                                    "Actual Total Time": 1159.964,
                                                    "Actual Rows": 935542,
                                                    "Actual Loops": 1
                                                },
                                                {
                                                    "Worker Number": 1,
                                                    "Actual Startup Time": 1159.912,
                                                    "Actual Total Time": 1159.916,
                                                    "Actual Rows": 916210,
                                                    "Actual Loops": 1
                                                },
                                                {
                                                    "Worker Number": 2,
                                                    "Actual Startup Time": 1159.979,
                                                    "Actual Total Time": 1159.982,
                                                    "Actual Rows": 882831,
                                                    "Actual Loops": 1
                                                },
                                                {
                                                    "Worker Number": 3,
                                                    "Actual Startup Time": 1159.979,
                                                    "Actual Total Time": 1159.983,
                                                    "Actual Rows": 923926,
                                                    "Actual Loops": 1
                                                },
                                                {
                                                    "Worker Number": 4,
                                                    "Actual Startup Time": 1159.899,
                                                    "Actual Total Time": 1159.901,
                                                    "Actual Rows": 908536,
                                                    "Actual Loops": 1
                                                },
                                                {
                                                    "Worker Number": 5,
                                                    "Actual Startup Time": 1160.136,
                                                    "Actual Total Time": 1160.139,
                                                    "Actual Rows": 648525,
                                                    "Actual Loops": 1
                                                }
                                            ],
                                            "Plans": [
                                                {
                                                    "Node Type": "Hash Join",
                                                    "Parent Relationship": "Outer",
                                                    "Parallel Aware": true,
                                                    "Join Type": "Inner",
                                                    "Startup Cost": 50219.81,
                                                    "Total Cost": 252340.59,
                                                    "Plan Rows": 1234303,
                                                    "Plan Width": 8,
                                                    "Actual Startup Time": 254.117,
                                                    "Actual Total Time": 826.134,
                                                    "Actual Rows": 889071,
                                                    "Actual Loops": 7,
                                                    "Output": [
                                                        "t.id",
                                                        "mi.movie_id"
                                                    ],
                                                    "Inner Unique": true,
                                                    "Hash Cond": "(mi.movie_id = t.id)",
                                                    "Workers": [
                                                        {
                                                            "Worker Number": 0,
                                                            "Actual Startup Time": 254.106,
                                                            "Actual Total Time": 825.607,
                                                            "Actual Rows": 935542,
                                                            "Actual Loops": 1
                                                        },
                                                        {
                                                            "Worker Number": 1,
                                                            "Actual Startup Time": 254.108,
                                                            "Actual Total Time": 824.95,
                                                            "Actual Rows": 916210,
                                                            "Actual Loops": 1
                                                        },
                                                        {
                                                            "Worker Number": 2,
                                                            "Actual Startup Time": 254.1,
                                                            "Actual Total Time": 828.781,
                                                            "Actual Rows": 882831,
                                                            "Actual Loops": 1
                                                        },
                                                        {
                                                            "Worker Number": 3,
                                                            "Actual Startup Time": 254.105,
                                                            "Actual Total Time": 825.409,
                                                            "Actual Rows": 923926,
                                                            "Actual Loops": 1
                                                        },
                                                        {
                                                            "Worker Number": 4,
                                                            "Actual Startup Time": 254.083,
                                                            "Actual Total Time": 824.862,
                                                            "Actual Rows": 908536,
                                                            "Actual Loops": 1
                                                        },
                                                        {
                                                            "Worker Number": 5,
                                                            "Actual Startup Time": 254.089,
                                                            "Actual Total Time": 832.217,
                                                            "Actual Rows": 648525,
                                                            "Actual Loops": 1
                                                        }
                                                    ],
                                                    "Plans": [
                                                        {
                                                            "Node Type": "Seq Scan",
                                                            "Parent Relationship": "Outer",
                                                            "Parallel Aware": true,
                                                            "Relation Name": "movie_info",
                                                            "Schema": "public",
                                                            "Alias": "mi",
                                                            "Startup Cost": 0.0,
                                                            "Total Cost": 198880.74,
                                                            "Plan Rows": 1234303,
                                                            "Plan Width": 4,
                                                            "Actual Startup Time": 13.356,
                                                            "Actual Total Time": 277.327,
                                                            "Actual Rows": 889071,
                                                            "Actual Loops": 7,
                                                            "Output": [
                                                                "mi.id",
                                                                "mi.movie_id",
                                                                "mi.info_type_id",
                                                                "mi.info",
                                                                "mi.note"
                                                            ],
                                                            "Filter": "(mi.info_type_id > 8)",
                                                            "Rows Removed by Filter": 1230318,
                                                            "Workers": [
                                                                {
                                                                    "Worker Number": 0,
                                                                    "Actual Startup Time": 13.407,
                                                                    "Actual Total Time": 280.431,
                                                                    "Actual Rows": 935542,
                                                                    "Actual Loops": 1
                                                                },
                                                                {
                                                                    "Worker Number": 1,
                                                                    "Actual Startup Time": 13.301,
                                                                    "Actual Total Time": 279.607,
                                                                    "Actual Rows": 916210,
                                                                    "Actual Loops": 1
                                                                },
                                                                {
                                                                    "Worker Number": 2,
                                                                    "Actual Startup Time": 13.329,
                                                                    "Actual Total Time": 282.813,
                                                                    "Actual Rows": 882831,
                                                                    "Actual Loops": 1
                                                                },
                                                                {
                                                                    "Worker Number": 3,
                                                                    "Actual Startup Time": 13.431,
                                                                    "Actual Total Time": 280.474,
                                                                    "Actual Rows": 923926,
                                                                    "Actual Loops": 1
                                                                },
                                                                {
                                                                    "Worker Number": 4,
                                                                    "Actual Startup Time": 13.409,
                                                                    "Actual Total Time": 280.358,
                                                                    "Actual Rows": 908536,
                                                                    "Actual Loops": 1
                                                                },
                                                                {
                                                                    "Worker Number": 5,
                                                                    "Actual Startup Time": 13.298,
                                                                    "Actual Total Time": 296.607,
                                                                    "Actual Rows": 648525,
                                                                    "Actual Loops": 1
                                                                }
                                                            ]
                                                        },
                                                        {
                                                            "Node Type": "Hash",
                                                            "Parent Relationship": "Inner",
                                                            "Parallel Aware": true,
                                                            "Startup Cost": 42318.81,
                                                            "Total Cost": 42318.81,
                                                            "Plan Rows": 632080,
                                                            "Plan Width": 4,
                                                            "Actual Startup Time": 237.294,
                                                            "Actual Total Time": 237.296,
                                                            "Actual Rows": 361187,
                                                            "Actual Loops": 7,
                                                            "Output": [
                                                                "t.id"
                                                            ],
                                                            "Hash Buckets": 4194304,
                                                            "Original Hash Buckets": 4194304,
                                                            "Hash Batches": 1,
                                                            "Original Hash Batches": 1,
                                                            "Peak Memory Usage": 131808,
                                                            "Workers": [
                                                                {
                                                                    "Worker Number": 0,
                                                                    "Actual Startup Time": 240.63,
                                                                    "Actual Total Time": 240.631,
                                                                    "Actual Rows": 367977,
                                                                    "Actual Loops": 1
                                                                },
                                                                {
                                                                    "Worker Number": 1,
                                                                    "Actual Startup Time": 240.506,
                                                                    "Actual Total Time": 240.507,
                                                                    "Actual Rows": 358344,
                                                                    "Actual Loops": 1
                                                                },
                                                                {
                                                                    "Worker Number": 2,
                                                                    "Actual Startup Time": 240.46,
                                                                    "Actual Total Time": 240.461,
                                                                    "Actual Rows": 348353,
                                                                    "Actual Loops": 1
                                                                },
                                                                {
                                                                    "Worker Number": 3,
                                                                    "Actual Startup Time": 240.459,
                                                                    "Actual Total Time": 240.46,
                                                                    "Actual Rows": 370688,
                                                                    "Actual Loops": 1
                                                                },
                                                                {
                                                                    "Worker Number": 4,
                                                                    "Actual Startup Time": 240.492,
                                                                    "Actual Total Time": 240.494,
                                                                    "Actual Rows": 363299,
                                                                    "Actual Loops": 1
                                                                },
                                                                {
                                                                    "Worker Number": 5,
                                                                    "Actual Startup Time": 240.498,
                                                                    "Actual Total Time": 240.499,
                                                                    "Actual Rows": 263952,
                                                                    "Actual Loops": 1
                                                                }
                                                            ],
                                                            "Plans": [
                                                                {
                                                                    "Node Type": "Seq Scan",
                                                                    "Parent Relationship": "Outer",
                                                                    "Parallel Aware": true,
                                                                    "Relation Name": "title",
                                                                    "Schema": "public",
                                                                    "Alias": "t",
                                                                    "Startup Cost": 0.0,
                                                                    "Total Cost": 42318.81,
                                                                    "Plan Rows": 632080,
                                                                    "Plan Width": 4,
                                                                    "Actual Startup Time": 0.04,
                                                                    "Actual Total Time": 66.457,
                                                                    "Actual Rows": 361187,
                                                                    "Actual Loops": 7,
                                                                    "Output": [
                                                                        "t.id"
                                                                    ],
                                                                    "Workers": [
                                                                        {
                                                                            "Worker Number": 0,
                                                                            "Actual Startup Time": 0.05,
                                                                            "Actual Total Time": 68.644,
                                                                            "Actual Rows": 367977,
                                                                            "Actual Loops": 1
                                                                        },
                                                                        {
                                                                            "Worker Number": 1,
                                                                            "Actual Startup Time": 0.046,
                                                                            "Actual Total Time": 68.218,
                                                                            "Actual Rows": 358344,
                                                                            "Actual Loops": 1
                                                                        },
                                                                        {
                                                                            "Worker Number": 2,
                                                                            "Actual Startup Time": 0.05,
                                                                            "Actual Total Time": 65.951,
                                                                            "Actual Rows": 348353,
                                                                            "Actual Loops": 1
                                                                        },
                                                                        {
                                                                            "Worker Number": 3,
                                                                            "Actual Startup Time": 0.049,
                                                                            "Actual Total Time": 68.732,
                                                                            "Actual Rows": 370688,
                                                                            "Actual Loops": 1
                                                                        },
                                                                        {
                                                                            "Worker Number": 4,
                                                                            "Actual Startup Time": 0.028,
                                                                            "Actual Total Time": 68.072,
                                                                            "Actual Rows": 363299,
                                                                            "Actual Loops": 1
                                                                        },
                                                                        {
                                                                            "Worker Number": 5,
                                                                            "Actual Startup Time": 0.046,
                                                                            "Actual Total Time": 70.515,
                                                                            "Actual Rows": 263952,
                                                                            "Actual Loops": 1
                                                                        }
                                                                    ]
                                                                }
                                                            ]
                                                        }
                                                    ]
                                                }
                                            ]
                                        }
                                    ]
                                }
                            ]
                        }
                    ]
                }
            ]
        },
        "Planning Time": 192.091,
        "Triggers": [],
        "Execution Time": 4593.371
    }
]