[
  {
    "Plan": {
      "Node Type": "Aggregate",
      "Strategy": "Plain",
      "Partial Mode": "Finalize",
      "Parallel Aware": false,
      "Startup Cost": 32071.3,
      "Total Cost": 32071.31,
      "Plan Rows": 1,
      "Plan Width": 8,
      "Actual Startup Time": 95.1,
      "Actual Total Time": 102.11,
      "Actual Rows": 1,
      "Actual Loops": 1,
      "Plans": [
        {
          "Node Type": "Gather",
          "Parent Relationship": "Outer",
          "Parallel Aware": false,
          "Startup Cost": 32070.98,
          "Total Cost": 32071.29,
          "Plan Rows": 3,
          "Plan Width": 8,
          "Actual Startup Time": 94.841,
          "Actual Total Time": 102.101,
          "Actual Rows": 4,
          "Actual Loops": 1,
          "Workers Planned": 3,
          "Workers Launched": 3,
          "Single Copy": false,
          "Plans": [
            {
              "Node Type": "Aggregate",
              "Strategy": "Plain",
              "Partial Mode": "Partial",
              "Parent Relationship": "Outer",
              "Parallel Aware": false,
              "Startup Cost": 31070.98,
              "Total Cost": 31070.99,
              "Plan Rows": 1,
              "Plan Width": 8,
              "Actual Startup Time": 87.129,
              "Actual Total Time": 87.13,
              "Actual Rows": 1,
              "Actual Loops": 4,
              "Plans": [
                {
                  "Node Type": "Bitmap Heap Scan",
                  "Parent Relationship": "Outer",
                  "Parallel Aware": true,
                  "Relation Name": "movie_keyword",
                  "Alias": "mk",
                  "Startup Cost": 5388.33,
                  "Total Cost": 30866.21,
                  "Plan Rows": 81910,
                  "Plan Width": 0,
                  "Actual Startup Time": 26.502,
                  "Actual Total Time": 83.165,
                  "Actual Rows": 60846,
                  "Actual Loops": 4,
                  "Recheck Cond": "(keyword_id > 61382)",
                  "Rows Removed by Index Recheck": 0,
                  "Exact Heap Blocks": 10989,
                  "Lossy Heap Blocks": 0,
                  "Plans": [
                    {
                      "Node Type": "Bitmap Index Scan",
                      "Parent Relationship": "Outer",
                      "Parallel Aware": false,
                      "Index Name": "keyword_id_movie_keyword",
                      "Startup Cost": 0.0,
                      "Total Cost": 5324.85,
                      "Plan Rows": 253922,
                      "Plan Width": 0,
                      "Actual Startup Time": 29.654,
                      "Actual Total Time": 29.654,
                      "Actual Rows": 243382,
                      "Actual Loops": 1,
                      "Index Cond": "(keyword_id > 61382)"
                    }
                  ]
                }
              ]
            }
          ]
        }
      ]
    },
    "Planning Time": 0.217,
    "Triggers": [],
    "Execution Time": 102.211
  }
]