[
  {
    "Plan": {
      "Node Type": "Aggregate",
      "Strategy": "Plain",
      "Partial Mode": "Finalize",
      "Parallel Aware": false,
      "Startup Cost": 45655.84,
      "Total Cost": 45655.85,
      "Plan Rows": 1,
      "Plan Width": 8,
      "Actual Startup Time": 144.696,
      "Actual Total Time": 154.691,
      "Actual Rows": 1,
      "Actual Loops": 1,
      "Plans": [
        {
          "Node Type": "Gather",
          "Parent Relationship": "Outer",
          "Parallel Aware": false,
          "Startup Cost": 45655.52,
          "Total Cost": 45655.83,
          "Plan Rows": 3,
          "Plan Width": 8,
          "Actual Startup Time": 144.553,
          "Actual Total Time": 154.682,
          "Actual Rows": 4,
          "Actual Loops": 1,
          "Workers Planned": 3,
          "Workers Launched": 3,
          "Single Copy": false,
          "Plans": [
            {
              "Node Type": "Aggregate",
              "Strategy": "Plain",
              "Partial Mode": "Partial",
              "Parent Relationship": "Outer",
              "Parallel Aware": false,
              "Startup Cost": 44655.52,
              "Total Cost": 44655.53,
              "Plan Rows": 1,
              "Plan Width": 8,
              "Actual Startup Time": 139.756,
              "Actual Total Time": 139.757,
              "Actual Rows": 1,
              "Actual Loops": 4,
              "Plans": [
                {
                  "Node Type": "Seq Scan",
                  "Parent Relationship": "Outer",
                  "Parallel Aware": true,
                  "Relation Name": "movie_keyword",
                  "Alias": "mk",
                  "Startup Cost": 0.0,
                  "Total Cost": 42695.65,
                  "Plan Rows": 783948,
                  "Plan Width": 0,
                  "Actual Startup Time": 0.427,
                  "Actual Total Time": 112.722,
                  "Actual Rows": 606596,
                  "Actual Loops": 4,
                  "Filter": "(keyword_id > 3768)",
                  "Rows Removed by Filter": 524386
                }
              ]
            }
          ]
        }
      ]
    },
    "Planning Time": 0.184,
    "Triggers": [],
    "Execution Time": 154.756
  }
]