[
  {
    "Plan": {
      "Node Type": "Aggregate",
      "Strategy": "Plain",
      "Partial Mode": "Finalize",
      "Parallel Aware": false,
      "Startup Cost": 31673.22,
      "Total Cost": 31673.23,
      "Plan Rows": 1,
      "Plan Width": 8,
      "Actual Startup Time": 106.191,
      "Actual Total Time": 114.615,
      "Actual Rows": 1,
      "Actual Loops": 1,
      "Plans": [
        {
          "Node Type": "Gather",
          "Parent Relationship": "Outer",
          "Parallel Aware": false,
          "Startup Cost": 31672.9,
          "Total Cost": 31673.21,
          "Plan Rows": 3,
          "Plan Width": 8,
          "Actual Startup Time": 106.092,
          "Actual Total Time": 114.608,
          "Actual Rows": 4,
          "Actual Loops": 1,
          "Workers Planned": 3,
          "Workers Launched": 3,
          "Single Copy": false,
          "Plans": [
            {
              "Node Type": "Aggregate",
              "Strategy": "Plain",
              "Partial Mode": "Partial",
              "Parent Relationship": "Outer",
              "Parallel Aware": false,
              "Startup Cost": 30672.9,
              "Total Cost": 30672.91,
              "Plan Rows": 1,
              "Plan Width": 8,
              "Actual Startup Time": 102.091,
              "Actual Total Time": 102.092,
              "Actual Rows": 1,
              "Actual Loops": 4,
              "Plans": [
                {
                  "Node Type": "Seq Scan",
                  "Parent Relationship": "Outer",
                  "Parallel Aware": true,
                  "Relation Name": "movie_companies",
                  "Alias": "mc",
                  "Startup Cost": 0.0,
                  "Total Cost": 29310.68,
                  "Plan Rows": 544887,
                  "Plan Width": 0,
                  "Actual Startup Time": 1.176,
                  "Actual Total Time": 81.375,
                  "Actual Rows": 422026,
                  "Actual Loops": 4,
                  "Filter": "(company_id > 3139)",
                  "Rows Removed by Filter": 230257
                }
              ]
            }
          ]
        }
      ]
    },
    "Planning Time": 0.194,
    "Triggers": [],
    "Execution Time": 114.668
  }
]