[
  {
    "Plan": {
      "Node Type": "Aggregate",
      "Strategy": "Plain",
      "Partial Mode": "Finalize",
      "Parallel Aware": false,
      "Startup Cost": 31674.09,
      "Total Cost": 31674.1,
      "Plan Rows": 1,
      "Plan Width": 8,
      "Actual Startup Time": 105.393,
      "Actual Total Time": 113.023,
      "Actual Rows": 1,
      "Actual Loops": 1,
      "Plans": [
        {
          "Node Type": "Gather",
          "Parent Relationship": "Outer",
          "Parallel Aware": false,
          "Startup Cost": 31673.77,
          "Total Cost": 31674.08,
          "Plan Rows": 3,
          "Plan Width": 8,
          "Actual Startup Time": 105.26,
          "Actual Total Time": 113.015,
          "Actual Rows": 4,
          "Actual Loops": 1,
          "Workers Planned": 3,
          "Workers Launched": 3,
          "Single Copy": false,
          "Plans": [
            {
              "Node Type": "Aggregate",
              "Strategy": "Plain",
              "Partial Mode": "Partial",
              "Parent Relationship": "Outer",
              "Parallel Aware": false,
              "Startup Cost": 30673.77,
              "Total Cost": 30673.78,
              "Plan Rows": 1,
              "Plan Width": 8,
              "Actual Startup Time": 98.695,
              "Actual Total Time": 98.695,
              "Actual Rows": 1,
              "Actual Loops": 4,
              "Plans": [
                {
                  "Node Type": "Seq Scan",
                  "Parent Relationship": "Outer",
                  "Parallel Aware": true,
                  "Relation Name": "movie_companies",
                  "Alias": "mc",
                  "Startup Cost": 0.0,
                  "Total Cost": 29310.68,
                  "Plan Rows": 545235,
                  "Plan Width": 0,
                  "Actual Startup Time": 2.512,
                  "Actual Total Time": 80.787,
                  "Actual Rows": 422026,
                  "Actual Loops": 4,
                  "Filter": "(company_id > 3139)",
                  "Rows Removed by Filter": 230257
                }
              ]
            }
          ]
        }
      ]
    },
    "Planning Time": 0.172,
    "Triggers": [],
    "Execution Time": 113.074
  }
]