[
  {
    "Plan": {
      "Node Type": "Aggregate",
      "Strategy": "Plain",
      "Partial Mode": "Simple",
      "Parallel Aware": false,
      "Startup Cost": 55522.92,
      "Total Cost": 55522.93,
      "Plan Rows": 1,
      "Plan Width": 64,
      "Actual Startup Time": 191.558,
      "Actual Total Time": 191.564,
      "Actual Rows": 1,
      "Actual Loops": 1,
      "Plans": [
        {
          "Node Type": "Nested Loop",
          "Parent Relationship": "Outer",
          "Parallel Aware": false,
          "Join Type": "Inner",
          "Startup Cost": 2414.37,
          "Total Cost": 55522.92,
          "Plan Rows": 1,
          "Plan Width": 32,
          "Actual Startup Time": 174.38,
          "Actual Total Time": 191.553,
          "Actual Rows": 6,
          "Actual Loops": 1,
          "Inner Unique": true,
          "Plans": [
            {
              "Node Type": "Nested Loop",
              "Parent Relationship": "Outer",
              "Parallel Aware": false,
              "Join Type": "Inner",
              "Startup Cost": 2413.93,
              "Total Cost": 55518.46,
              "Plan Rows": 1,
              "Plan Width": 23,
              "Actual Startup Time": 144.987,
              "Actual Total Time": 191.274,
              "Actual Rows": 29,
              "Actual Loops": 1,
              "Inner Unique": true,
              "Join Filter": "(ml.link_type_id = lt.id)",
              "Rows Removed by Join Filter": 34,
              "Plans": [
                {
                  "Node Type": "Nested Loop",
                  "Parent Relationship": "Outer",
                  "Parallel Aware": false,
                  "Join Type": "Inner",
                  "Startup Cost": 2413.93,
                  "Total Cost": 55517.22,
                  "Plan Rows": 1,
                  "Plan Width": 27,
                  "Actual Startup Time": 144.966,
                  "Actual Total Time": 191.062,
                  "Actual Rows": 63,
                  "Actual Loops": 1,
                  "Inner Unique": false,
                  "Plans": [
                    {
                      "Node Type": "Nested Loop",
                      "Parent Relationship": "Outer",
                      "Parallel Aware": false,
                      "Join Type": "Inner",
                      "Startup Cost": 2413.62,
                      "Total Cost": 55512.87,
                      "Plan Rows": 1,
                      "Plan Width": 19,
                      "Actual Startup Time": 119.353,
                      "Actual Total Time": 186.116,
                      "Actual Rows": 1242,
                      "Actual Loops": 1,
                      "Inner Unique": false,
                      "Join Filter": "(n.id = an.person_id)",
                      "Rows Removed by Join Filter": 0,
                      "Plans": [
                        {
                          "Node Type": "Nested Loop",
                          "Parent Relationship": "Outer",
                          "Parallel Aware": false,
                          "Join Type": "Inner",
                          "Startup Cost": 2413.18,
                          "Total Cost": 55508.39,
                          "Plan Rows": 1,
                          "Plan Width": 31,
                          "Actual Startup Time": 119.288,
                          "Actual Total Time": 180.834,
                          "Actual Rows": 826,
                          "Actual Loops": 1,
                          "Inner Unique": false,
                          "Plans": [
                            {
                              "Node Type": "Nested Loop",
                              "Parent Relationship": "Outer",
                              "Parallel Aware": false,
                              "Join Type": "Inner",
                              "Startup Cost": 2408.01,
                              "Total Cost": 55487.74,
                              "Plan Rows": 1,
                              "Plan Width": 23,
                              "Actual Startup Time": 119.212,
                              "Actual Total Time": 179.803,
                              "Actual Rows": 8,
                              "Actual Loops": 1,
                              "Inner Unique": true,
                              "Plans": [
                                {
                                  "Node Type": "Nested Loop",
                                  "Parent Relationship": "Outer",
                                  "Parallel Aware": false,
                                  "Join Type": "Inner",
                                  "Startup Cost": 2403.57,
                                  "Total Cost": 55479.28,
                                  "Plan Rows": 1,
                                  "Plan Width": 4,
                                  "Actual Startup Time": 24.95,
                                  "Actual Total Time": 177.684,
                                  "Actual Rows": 64,
                                  "Actual Loops": 1,
                                  "Inner Unique": false,
                                  "Plans": [
                                    {
                                      "Node Type": "Seq Scan",
                                      "Parent Relationship": "Outer",
                                      "Parallel Aware": false,
                                      "Relation Name": "info_type",
                                      "Alias": "it",
                                      "Startup Cost": 0.0,
                                      "Total Cost": 2.41,
                                      "Plan Rows": 1,
                                      "Plan Width": 4,
                                      "Actual Startup Time": 0.048,
                                      "Actual Total Time": 0.056,
                                      "Actual Rows": 1,
                                      "Actual Loops": 1,
                                      "Filter": "((info)::text = 'mini biography'::text)",
                                      "Rows Removed by Filter": 112
                                    },
                                    {
                                      "Node Type": "Bitmap Heap Scan",
                                      "Parent Relationship": "Inner",
                                      "Parallel Aware": false,
                                      "Relation Name": "person_info",
                                      "Alias": "pi",
                                      "Startup Cost": 2403.57,
                                      "Total Cost": 55476.86,
                                      "Plan Rows": 1,
                                      "Plan Width": 8,
                                      "Actual Startup Time": 24.896,
                                      "Actual Total Time": 177.6,
                                      "Actual Rows": 64,
                                      "Actual Loops": 1,
                                      "Recheck Cond": "(info_type_id = it.id)",
                                      "Rows Removed by Index Recheck": 0,
                                      "Filter": "(note = 'Volker Boehm'::text)",
                                      "Rows Removed by Filter": 84120,
                                      "Exact Heap Blocks": 40387,
                                      "Lossy Heap Blocks": 0,
                                      "Plans": [
                                        {
                                          "Node Type": "Bitmap Index Scan",
                                          "Parent Relationship": "Outer",
                                          "Parallel Aware": false,
                                          "Index Name": "info_type_id_person_info",
                                          "Startup Cost": 0.0,
                                          "Total Cost": 2403.57,
                                          "Plan Rows": 134819,
                                          "Plan Width": 0,
                                          "Actual Startup Time": 16.684,
                                          "Actual Total Time": 16.685,
                                          "Actual Rows": 84184,
                                          "Actual Loops": 1,
                                          "Index Cond": "(info_type_id = it.id)"
                                        }
                                      ]
                                    }
                                  ]
                                },
                                {
                                  "Node Type": "Bitmap Heap Scan",
                                  "Parent Relationship": "Inner",
                                  "Parallel Aware": false,
                                  "Relation Name": "name",
                                  "Alias": "n",
                                  "Startup Cost": 4.44,
                                  "Total Cost": 8.46,
                                  "Plan Rows": 1,
                                  "Plan Width": 19,
                                  "Actual Startup Time": 0.03,
                                  "Actual Total Time": 0.03,
                                  "Actual Rows": 0,
                                  "Actual Loops": 64,
                                  "Recheck Cond": "(id = pi.person_id)",
                                  "Rows Removed by Index Recheck": 0,
                                  "Filter": "(((name_pcode_cf)::text >= 'M'::text) AND ((name_pcode_cf)::text <= 'X'::text) AND (((gender)::text = 'm'::text) OR (((gender)::text = 'f'::text) AND (name ~~ 'B%'::text))))",
                                  "Rows Removed by Filter": 1,
                                  "Exact Heap Blocks": 64,
                                  "Lossy Heap Blocks": 0,
                                  "Plans": [
                                    {
                                      "Node Type": "Bitmap Index Scan",
                                      "Parent Relationship": "Outer",
                                      "Parallel Aware": false,
                                      "Index Name": "name_pkey",
                                      "Startup Cost": 0.0,
                                      "Total Cost": 4.44,
                                      "Plan Rows": 1,
                                      "Plan Width": 0,
                                      "Actual Startup Time": 0.022,
                                      "Actual Total Time": 0.022,
                                      "Actual Rows": 1,
                                      "Actual Loops": 64,
                                      "Index Cond": "(id = pi.person_id)"
                                    }
                                  ]
                                }
                              ]
                            },
                            {
                              "Node Type": "Bitmap Heap Scan",
                              "Parent Relationship": "Inner",
                              "Parallel Aware": false,
                              "Relation Name": "cast_info",
                              "Alias": "ci",
                              "Startup Cost": 5.17,
                              "Total Cost": 15.55,
                              "Plan Rows": 510,
                              "Plan Width": 8,
                              "Actual Startup Time": 0.046,
                              "Actual Total Time": 0.108,
                              "Actual Rows": 103,
                              "Actual Loops": 8,
                              "Recheck Cond": "(person_id = n.id)",
                              "Rows Removed by Index Recheck": 0,
                              "Exact Heap Blocks": 39,
                              "Lossy Heap Blocks": 0,
                              "Plans": [
                                {
                                  "Node Type": "Bitmap Index Scan",
                                  "Parent Relationship": "Outer",
                                  "Parallel Aware": false,
                                  "Index Name": "person_id_cast_info",
                                  "Startup Cost": 0.0,
                                  "Total Cost": 5.05,
                                  "Plan Rows": 510,
                                  "Plan Width": 0,
                                  "Actual Startup Time": 0.03,
                                  "Actual Total Time": 0.03,
                                  "Actual Rows": 103,
                                  "Actual Loops": 8,
                                  "Index Cond": "(person_id = n.id)"
                                }
                              ]
                            }
                          ]
                        },
                        {
                          "Node Type": "Bitmap Heap Scan",
                          "Parent Relationship": "Inner",
                          "Parallel Aware": false,
                          "Relation Name": "aka_name",
                          "Alias": "an",
                          "Startup Cost": 0.44,
                          "Total Cost": 4.47,
                          "Plan Rows": 1,
                          "Plan Width": 4,
                          "Actual Startup Time": 0.004,
                          "Actual Total Time": 0.005,
                          "Actual Rows": 2,
                          "Actual Loops": 826,
                          "Recheck Cond": "(person_id = ci.person_id)",
                          "Rows Removed by Index Recheck": 0,
                          "Filter": "(name ~~ '%o%'::text)",
                          "Rows Removed by Filter": 1,
                          "Exact Heap Blocks": 1201,
                          "Lossy Heap Blocks": 0,
                          "Plans": [
                            {
                              "Node Type": "Bitmap Index Scan",
                              "Parent Relationship": "Outer",
                              "Parallel Aware": false,
                              "Index Name": "person_id_aka_name",
                              "Startup Cost": 0.0,
                              "Total Cost": 0.44,
                              "Plan Rows": 2,
                              "Plan Width": 0,
                              "Actual Startup Time": 0.002,
                              "Actual Total Time": 0.002,
                              "Actual Rows": 2,
                              "Actual Loops": 826,
                              "Index Cond": "(person_id = ci.person_id)"
                            }
                          ]
                        }
                      ]
                    },
                    {
                      "Node Type": "Bitmap Heap Scan",
                      "Parent Relationship": "Inner",
                      "Parallel Aware": false,
                      "Relation Name": "movie_link",
                      "Alias": "ml",
                      "Startup Cost": 0.3,
                      "Total Cost": 4.33,
                      "Plan Rows": 2,
                      "Plan Width": 8,
                      "Actual Startup Time": 0.002,
                      "Actual Total Time": 0.002,
                      "Actual Rows": 0,
                      "Actual Loops": 1242,
                      "Recheck Cond": "(linked_movie_id = ci.movie_id)",
                      "Rows Removed by Index Recheck": 0,
                      "Exact Heap Blocks": 57,
                      "Lossy Heap Blocks": 0,
                      "Plans": [
                        {
                          "Node Type": "Bitmap Index Scan",
                          "Parent Relationship": "Outer",
                          "Parallel Aware": false,
                          "Index Name": "linked_movie_id_movie_link",
                          "Startup Cost": 0.0,
                          "Total Cost": 0.3,
                          "Plan Rows": 2,
                          "Plan Width": 0,
                          "Actual Startup Time": 0.002,
                          "Actual Total Time": 0.002,
                          "Actual Rows": 0,
                          "Actual Loops": 1242,
                          "Index Cond": "(linked_movie_id = ci.movie_id)"
                        }
                      ]
                    }
                  ]
                },
                {
                  "Node Type": "Seq Scan",
                  "Parent Relationship": "Inner",
                  "Parallel Aware": false,
                  "Relation Name": "link_type",
                  "Alias": "lt",
                  "Startup Cost": 0.0,
                  "Total Cost": 1.23,
                  "Plan Rows": 1,
                  "Plan Width": 4,
                  "Actual Startup Time": 0.002,
                  "Actual Total Time": 0.002,
                  "Actual Rows": 1,
                  "Actual Loops": 63,
                  "Filter": "((link)::text = 'features'::text)",
                  "Rows Removed by Filter": 13
                }
              ]
            },
            {
              "Node Type": "Bitmap Heap Scan",
              "Parent Relationship": "Inner",
              "Parallel Aware": false,
              "Relation Name": "title",
              "Alias": "t",
              "Startup Cost": 0.44,
              "Total Cost": 4.46,
              "Plan Rows": 1,
              "Plan Width": 21,
              "Actual Startup Time": 0.008,
              "Actual Total Time": 0.008,
              "Actual Rows": 0,
              "Actual Loops": 29,
              "Recheck Cond": "(id = ci.movie_id)",
              "Rows Removed by Index Recheck": 0,
              "Filter": "((production_year >= 1986) AND (production_year <= 2012))",
              "Rows Removed by Filter": 1,
              "Exact Heap Blocks": 29,
              "Lossy Heap Blocks": 0,
              "Plans": [
                {
                  "Node Type": "Bitmap Index Scan",
                  "Parent Relationship": "Outer",
                  "Parallel Aware": false,
                  "Index Name": "title_pkey",
                  "Startup Cost": 0.0,
                  "Total Cost": 0.44,
                  "Plan Rows": 1,
                  "Plan Width": 0,
                  "Actual Startup Time": 0.005,
                  "Actual Total Time": 0.005,
                  "Actual Rows": 1,
                  "Actual Loops": 29,
                  "Index Cond": "(id = ci.movie_id)"
                }
              ]
            }
          ]
        }
      ]
    },
    "Planning Time": 10.993,
    "Triggers": [],
    "Execution Time": 192.239
  }
]