[
  {
    "Plan": {
      "Node Type": "Aggregate",
      "Strategy": "Plain",
      "Partial Mode": "Finalize",
      "Parallel Aware": false,
      "Startup Cost": 45941.44,
      "Total Cost": 45941.45,
      "Plan Rows": 1,
      "Plan Width": 8,
      "Actual Startup Time": 155.604,
      "Actual Total Time": 165.722,
      "Actual Rows": 1,
      "Actual Loops": 1,
      "Plans": [
        {
          "Node Type": "Gather",
          "Parent Relationship": "Outer",
          "Parallel Aware": false,
          "Startup Cost": 45941.12,
          "Total Cost": 45941.43,
          "Plan Rows": 3,
          "Plan Width": 8,
          "Actual Startup Time": 155.486,
          "Actual Total Time": 165.712,
          "Actual Rows": 4,
          "Actual Loops": 1,
          "Workers Planned": 3,
          "Workers Launched": 3,
          "Single Copy": false,
          "Plans": [
            {
              "Node Type": "Aggregate",
              "Strategy": "Plain",
              "Partial Mode": "Partial",
              "Parent Relationship": "Outer",
              "Parallel Aware": false,
              "Startup Cost": 44941.12,
              "Total Cost": 44941.13,
              "Plan Rows": 1,
              "Plan Width": 8,
              "Actual Startup Time": 147.966,
              "Actual Total Time": 147.967,
              "Actual Rows": 1,
              "Actual Loops": 4,
              "Plans": [
                {
                  "Node Type": "Seq Scan",
                  "Parent Relationship": "Outer",
                  "Parallel Aware": true,
                  "Relation Name": "movie_keyword",
                  "Alias": "mk",
                  "Startup Cost": 0.0,
                  "Total Cost": 42695.65,
                  "Plan Rows": 898187,
                  "Plan Width": 0,
                  "Actual Startup Time": 0.063,
                  "Actual Total Time": 116.836,
                  "Actual Rows": 694188,
                  "Actual Loops": 4,
                  "Filter": "(keyword_id < 7990)",
                  "Rows Removed by Filter": 436794
                }
              ]
            }
          ]
        }
      ]
    },
    "Planning Time": 0.178,
    "Triggers": [],
    "Execution Time": 165.774
  }
]