[
  {
    "Plan": {
      "Node Type": "Aggregate",
      "Strategy": "Plain",
      "Partial Mode": "Finalize",
      "Parallel Aware": false,
      "Startup Cost": 349890.49,
      "Total Cost": 349890.5,
      "Plan Rows": 1,
      "Plan Width": 8,
      "Actual Startup Time": 822.044,
      "Actual Total Time": 864.939,
      "Actual Rows": 1,
      "Actual Loops": 1,
      "Plans": [
        {
          "Node Type": "Gather",
          "Parent Relationship": "Outer",
          "Parallel Aware": false,
          "Startup Cost": 349889.86,
          "Total Cost": 349890.47,
          "Plan Rows": 6,
          "Plan Width": 8,
          "Actual Startup Time": 821.852,
          "Actual Total Time": 864.929,
          "Actual Rows": 7,
          "Actual Loops": 1,
          "Workers Planned": 6,
          "Workers Launched": 6,
          "Single Copy": false,
          "Plans": [
            {
              "Node Type": "Aggregate",
              "Strategy": "Plain",
              "Partial Mode": "Partial",
              "Parent Relationship": "Outer",
              "Parallel Aware": false,
              "Startup Cost": 348889.86,
              "Total Cost": 348889.87,
              "Plan Rows": 1,
              "Plan Width": 8,
              "Actual Startup Time": 814.556,
              "Actual Total Time": 814.557,
              "Actual Rows": 1,
              "Actual Loops": 7,
              "Plans": [
                {
                  "Node Type": "Seq Scan",
                  "Parent Relationship": "Outer",
                  "Parallel Aware": true,
                  "Relation Name": "cast_info",
                  "Alias": "ci",
                  "Startup Cost": 0.0,
                  "Total Cost": 343316.27,
                  "Plan Rows": 2229436,
                  "Plan Width": 0,
                  "Actual Startup Time": 218.427,
                  "Actual Total Time": 683.222,
                  "Actual Rows": 2735695,
                  "Actual Loops": 7,
                  "Filter": "((person_id > 1564001) AND (role_id > 1))",
                  "Rows Removed by Filter": 2442069
                }
              ]
            }
          ]
        }
      ]
    },
    "Planning Time": 0.201,
    "Triggers": [],
    "Execution Time": 865.001
  }
]