[
  {
    "Plan": {
      "Node Type": "Aggregate",
      "Strategy": "Plain",
      "Partial Mode": "Simple",
      "Parallel Aware": false,
      "Startup Cost": 2886.46,
      "Total Cost": 2886.47,
      "Plan Rows": 1,
      "Plan Width": 8,
      "Actual Startup Time": 32.983,
      "Actual Total Time": 32.985,
      "Actual Rows": 1,
      "Actual Loops": 1,
      "Plans": [
        {
          "Node Type": "Nested Loop",
          "Parent Relationship": "Outer",
          "Parallel Aware": false,
          "Join Type": "Inner",
          "Startup Cost": 7.07,
          "Total Cost": 2885.82,
          "Plan Rows": 258,
          "Plan Width": 0,
          "Actual Startup Time": 0.188,
          "Actual Total Time": 29.417,
          "Actual Rows": 30063,
          "Actual Loops": 1,
          "Inner Unique": false,
          "Plans": [
            {
              "Node Type": "Nested Loop",
              "Parent Relationship": "Outer",
              "Parallel Aware": false,
              "Join Type": "Inner",
              "Startup Cost": 6.64,
              "Total Cost": 2737.4,
              "Plan Rows": 44,
              "Plan Width": 8,
              "Actual Startup Time": 0.123,
              "Actual Total Time": 2.94,
              "Actual Rows": 104,
              "Actual Loops": 1,
              "Inner Unique": true,
              "Plans": [
                {
                  "Node Type": "Bitmap Heap Scan",
                  "Parent Relationship": "Outer",
                  "Parallel Aware": false,
                  "Relation Name": "movie_info_idx",
                  "Alias": "mi_idx",
                  "Startup Cost": 6.21,
                  "Total Cost": 801.9,
                  "Plan Rows": 230,
                  "Plan Width": 4,
                  "Actual Startup Time": 0.071,
                  "Actual Total Time": 0.122,
                  "Actual Rows": 260,
                  "Actual Loops": 1,
                  "Recheck Cond": "(info_type_id > 101)",
                  "Rows Removed by Index Recheck": 0,
                  "Exact Heap Blocks": 2,
                  "Lossy Heap Blocks": 0,
                  "Plans": [
                    {
                      "Node Type": "Bitmap Index Scan",
                      "Parent Relationship": "Outer",
                      "Parallel Aware": false,
                      "Index Name": "info_type_id_movie_info_idx",
                      "Startup Cost": 0.0,
                      "Total Cost": 6.15,
                      "Plan Rows": 230,
                      "Plan Width": 0,
                      "Actual Startup Time": 0.047,
                      "Actual Total Time": 0.047,
                      "Actual Rows": 260,
                      "Actual Loops": 1,
                      "Index Cond": "(info_type_id > 101)"
                    }
                  ]
                },
                {
                  "Node Type": "Index Scan",
                  "Parent Relationship": "Inner",
                  "Parallel Aware": false,
                  "Scan Direction": "Forward",
                  "Index Name": "title_pkey",
                  "Relation Name": "title",
                  "Alias": "t",
                  "Startup Cost": 0.43,
                  "Total Cost": 8.42,
                  "Plan Rows": 1,
                  "Plan Width": 4,
                  "Actual Startup Time": 0.01,
                  "Actual Total Time": 0.01,
                  "Actual Rows": 0,
                  "Actual Loops": 260,
                  "Index Cond": "(id = mi_idx.movie_id)",
                  "Rows Removed by Index Recheck": 0,
                  "Filter": "(production_year < 1979)",
                  "Rows Removed by Filter": 1
                }
              ]
            },
            {
              "Node Type": "Index Only Scan",
              "Parent Relationship": "Inner",
              "Parallel Aware": false,
              "Scan Direction": "Forward",
              "Index Name": "movie_id_movie_info",
              "Relation Name": "movie_info",
              "Alias": "mi",
              "Startup Cost": 0.43,
              "Total Cost": 2.95,
              "Plan Rows": 42,
              "Plan Width": 4,
              "Actual Startup Time": 0.03,
              "Actual Total Time": 0.201,
              "Actual Rows": 289,
              "Actual Loops": 104,
              "Index Cond": "(movie_id = t.id)",
              "Rows Removed by Index Recheck": 0,
              "Heap Fetches": 30063
            }
          ]
        }
      ]
    },
    "Planning Time": 1.507,
    "Triggers": [],
    "Execution Time": 33.073
  }
]