[
  {
    "Plan": {
      "Node Type": "Aggregate",
      "Strategy": "Plain",
      "Partial Mode": "Finalize",
      "Parallel Aware": false,
      "Startup Cost": 29077.32,
      "Total Cost": 29077.33,
      "Plan Rows": 1,
      "Plan Width": 8,
      "Actual Startup Time": 65.289,
      "Actual Total Time": 71.459,
      "Actual Rows": 1,
      "Actual Loops": 1,
      "Plans": [
        {
          "Node Type": "Gather",
          "Parent Relationship": "Outer",
          "Parallel Aware": false,
          "Startup Cost": 29077.01,
          "Total Cost": 29077.32,
          "Plan Rows": 3,
          "Plan Width": 8,
          "Actual Startup Time": 64.906,
          "Actual Total Time": 71.452,
          "Actual Rows": 4,
          "Actual Loops": 1,
          "Workers Planned": 3,
          "Workers Launched": 3,
          "Single Copy": false,
          "Plans": [
            {
              "Node Type": "Aggregate",
              "Strategy": "Plain",
              "Partial Mode": "Partial",
              "Parent Relationship": "Outer",
              "Parallel Aware": false,
              "Startup Cost": 28077.01,
              "Total Cost": 28077.02,
              "Plan Rows": 1,
              "Plan Width": 8,
              "Actual Startup Time": 57.901,
              "Actual Total Time": 57.902,
              "Actual Rows": 1,
              "Actual Loops": 4,
              "Plans": [
                {
                  "Node Type": "Bitmap Heap Scan",
                  "Parent Relationship": "Outer",
                  "Parallel Aware": true,
                  "Relation Name": "movie_keyword",
                  "Alias": "mk",
                  "Startup Cost": 2950.14,
                  "Total Cost": 27964.86,
                  "Plan Rows": 44858,
                  "Plan Width": 0,
                  "Actual Startup Time": 11.728,
                  "Actual Total Time": 55.504,
                  "Actual Rows": 34359,
                  "Actual Loops": 4,
                  "Recheck Cond": "(keyword_id > 75330)",
                  "Rows Removed by Index Recheck": 0,
                  "Exact Heap Blocks": 9992,
                  "Lossy Heap Blocks": 0,
                  "Plans": [
                    {
                      "Node Type": "Bitmap Index Scan",
                      "Parent Relationship": "Outer",
                      "Parallel Aware": false,
                      "Index Name": "keyword_id_movie_keyword",
                      "Startup Cost": 0.0,
                      "Total Cost": 2915.38,
                      "Plan Rows": 139059,
                      "Plan Width": 0,
                      "Actual Startup Time": 14.544,
                      "Actual Total Time": 14.545,
                      "Actual Rows": 137437,
                      "Actual Loops": 1,
                      "Index Cond": "(keyword_id > 75330)"
                    }
                  ]
                }
              ]
            }
          ]
        }
      ]
    },
    "Planning Time": 0.096,
    "Triggers": [],
    "Execution Time": 71.498
  }
]