{
    "Plan": {
        "Node Type": "Aggregate",
        "Strategy": "Plain",
        "Partial Mode": "Simple",
        "Parallel Aware": false,
        "Startup Cost": 10000293815.09,
        "Total Cost": 10000293815.1,
        "Plan Rows": 1,
        "Plan Width": 8,
        "Actual Startup Time": 2545.791,
        "Actual Total Time": 2545.796,
        "Actual Rows": 1,
        "Actual Loops": 1,
        "Output": [
            "count(*)"
        ],
        "Plans": [
            {
                "Node Type": "Hash Join",
                "Parent Relationship": "Outer",
                "Parallel Aware": false,
                "Join Type": "Inner",
                "Startup Cost": 10000099970.59,
                "Total Cost": 10000289022.96,
                "Plan Rows": 1916853,
                "Plan Width": 0,
                "Actual Startup Time": 877.939,
                "Actual Total Time": 2514.317,
                "Actual Rows": 485986,
                "Actual Loops": 1,
                "Inner Unique": true,
                "Hash Cond": "(mk.movie_id = t.id)",
                "Plans": [
                    {
                        "Node Type": "Index Scan",
                        "Parent Relationship": "Outer",
                        "Parallel Aware": false,
                        "Scan Direction": "Forward",
                        "Index Name": "movie_id_movie_keyword",
                        "Relation Name": "movie_keyword",
                        "Schema": "public",
                        "Alias": "mk",
                        "Startup Cost": 10000000000.43,
                        "Total Cost": 10000177177.46,
                        "Plan Rows": 4523930,
                        "Plan Width": 4,
                        "Actual Startup Time": 0.037,
                        "Actual Total Time": 905.948,
                        "Actual Rows": 4523930,
                        "Actual Loops": 1,
                        "Output": [
                            "mk.id",
                            "mk.movie_id",
                            "mk.keyword_id"
                        ]
                    },
                    {
                        "Node Type": "Hash",
                        "Parent Relationship": "Inner",
                        "Parallel Aware": false,
                        "Startup Cost": 86579.08,
                        "Total Cost": 86579.08,
                        "Plan Rows": 1071286,
                        "Plan Width": 4,
                        "Actual Startup Time": 858.987,
                        "Actual Total Time": 858.989,
                        "Actual Rows": 1176905,
                        "Actual Loops": 1,
                        "Output": [
                            "t.id"
                        ],
                        "Hash Buckets": 2097152,
                        "Original Hash Buckets": 2097152,
                        "Hash Batches": 1,
                        "Original Hash Batches": 1,
                        "Peak Memory Usage": 57760,
                        "Plans": [
                            {
                                "Node Type": "Bitmap Heap Scan",
                                "Parent Relationship": "Outer",
                                "Parallel Aware": false,
                                "Relation Name": "title",
                                "Schema": "public",
                                "Alias": "t",
                                "Startup Cost": 27588.53,
                                "Total Cost": 86579.08,
                                "Plan Rows": 1071286,
                                "Plan Width": 4,
                                "Actual Startup Time": 85.645,
                                "Actual Total Time": 492.249,
                                "Actual Rows": 1176905,
                                "Actual Loops": 1,
                                "Output": [
                                    "t.id"
                                ],
                                "Recheck Cond": "(t.kind_id = 7)",
                                "Rows Removed by Index Recheck": 0,
                                "Filter": "(t.production_year > 1989)",
                                "Rows Removed by Filter": 366359,
                                "Exact Heap Blocks": 24710,
                                "Lossy Heap Blocks": 0,
                                "Plans": [
                                    {
                                        "Node Type": "Bitmap Index Scan",
                                        "Parent Relationship": "Outer",
                                        "Parallel Aware": false,
                                        "Index Name": "kind_id_title",
                                        "Startup Cost": 0.0,
                                        "Total Cost": 27320.71,
                                        "Plan Rows": 1532837,
                                        "Plan Width": 0,
                                        "Actual Startup Time": 80.616,
                                        "Actual Total Time": 80.616,
                                        "Actual Rows": 1543264,
                                        "Actual Loops": 1,
                                        "Index Cond": "(t.kind_id = 7)"
                                    }
                                ]
                            }
                        ]
                    }
                ]
            }
        ]
    },
    "Planning Time": 2.495,
    "Triggers": [],
    "Execution Time": 2548.293
}