[
  {
    "Plan": {
      "Node Type": "Aggregate",
      "Strategy": "Plain",
      "Partial Mode": "Finalize",
      "Parallel Aware": false,
      "Startup Cost": 297712.77,
      "Total Cost": 297712.78,
      "Plan Rows": 1,
      "Plan Width": 8,
      "Actual Startup Time": 786.533,
      "Actual Total Time": 821.131,
      "Actual Rows": 1,
      "Actual Loops": 1,
      "Plans": [
        {
          "Node Type": "Gather",
          "Parent Relationship": "Outer",
          "Parallel Aware": false,
          "Startup Cost": 297712.14,
          "Total Cost": 297712.75,
          "Plan Rows": 6,
          "Plan Width": 8,
          "Actual Startup Time": 772.982,
          "Actual Total Time": 821.121,
          "Actual Rows": 7,
          "Actual Loops": 1,
          "Workers Planned": 6,
          "Workers Launched": 6,
          "Single Copy": false,
          "Plans": [
            {
              "Node Type": "Aggregate",
              "Strategy": "Plain",
              "Partial Mode": "Partial",
              "Parent Relationship": "Outer",
              "Parallel Aware": false,
              "Startup Cost": 296712.14,
              "Total Cost": 296712.15,
              "Plan Rows": 1,
              "Plan Width": 8,
              "Actual Startup Time": 765.399,
              "Actual Total Time": 765.407,
              "Actual Rows": 1,
              "Actual Loops": 7,
              "Plans": [
                {
                  "Node Type": "Hash Join",
                  "Parent Relationship": "Outer",
                  "Parallel Aware": true,
                  "Join Type": "Inner",
                  "Startup Cost": 87657.05,
                  "Total Cost": 296278.69,
                  "Plan Rows": 173381,
                  "Plan Width": 0,
                  "Actual Startup Time": 345.99,
                  "Actual Total Time": 756.539,
                  "Actual Rows": 167133,
                  "Actual Loops": 7,
                  "Inner Unique": false,
                  "Hash Cond": "(ci.movie_id = t.id)",
                  "Plans": [
                    {
                      "Node Type": "Index Scan",
                      "Parent Relationship": "Outer",
                      "Parallel Aware": true,
                      "Scan Direction": "Forward",
                      "Index Name": "role_id_cast_info",
                      "Relation Name": "cast_info",
                      "Alias": "ci",
                      "Startup Cost": 0.56,
                      "Total Cost": 203258.8,
                      "Plan Rows": 1281095,
                      "Plan Width": 4,
                      "Actual Startup Time": 0.271,
                      "Actual Total Time": 235.487,
                      "Actual Rows": 1101806,
                      "Actual Loops": 7,
                      "Index Cond": "(role_id > 6)",
                      "Rows Removed by Index Recheck": 0
                    },
                    {
                      "Node Type": "Hash",
                      "Parent Relationship": "Inner",
                      "Parallel Aware": true,
                      "Startup Cost": 86276.67,
                      "Total Cost": 86276.67,
                      "Plan Rows": 110385,
                      "Plan Width": 8,
                      "Actual Startup Time": 343.995,
                      "Actual Total Time": 344.0,
                      "Actual Rows": 19272,
                      "Actual Loops": 7,
                      "Hash Buckets": 524288,
                      "Original Hash Buckets": 524288,
                      "Hash Batches": 1,
                      "Original Hash Batches": 1,
                      "Peak Memory Usage": 9504,
                      "Plans": [
                        {
                          "Node Type": "Hash Join",
                          "Parent Relationship": "Outer",
                          "Parallel Aware": true,
                          "Join Type": "Inner",
                          "Startup Cost": 59563.14,
                          "Total Cost": 86276.67,
                          "Plan Rows": 110385,
                          "Plan Width": 8,
                          "Actual Startup Time": 260.265,
                          "Actual Total Time": 334.397,
                          "Actual Rows": 19272,
                          "Actual Loops": 7,
                          "Inner Unique": true,
                          "Hash Cond": "(mk.movie_id = t.id)",
                          "Plans": [
                            {
                              "Node Type": "Bitmap Heap Scan",
                              "Parent Relationship": "Outer",
                              "Parallel Aware": true,
                              "Relation Name": "movie_keyword",
                              "Alias": "mk",
                              "Startup Cost": 9825.54,
                              "Total Cost": 36146.91,
                              "Plan Rows": 149390,
                              "Plan Width": 4,
                              "Actual Startup Time": 36.355,
                              "Actual Total Time": 83.732,
                              "Actual Rows": 65568,
                              "Actual Loops": 7,
                              "Recheck Cond": "(keyword_id > 38677)",
                              "Rows Removed by Index Recheck": 0,
                              "Exact Heap Blocks": 3197,
                              "Lossy Heap Blocks": 0,
                              "Plans": [
                                {
                                  "Node Type": "Bitmap Index Scan",
                                  "Parent Relationship": "Outer",
                                  "Parallel Aware": false,
                                  "Index Name": "keyword_id_movie_keyword",
                                  "Startup Cost": 0.0,
                                  "Total Cost": 9709.76,
                                  "Plan Rows": 463110,
                                  "Plan Width": 0,
                                  "Actual Startup Time": 32.8,
                                  "Actual Total Time": 32.802,
                                  "Actual Rows": 458977,
                                  "Actual Loops": 1,
                                  "Index Cond": "(keyword_id > 38677)"
                                }
                              ]
                            },
                            {
                              "Node Type": "Hash",
                              "Parent Relationship": "Inner",
                              "Parallel Aware": true,
                              "Startup Cost": 43899.32,
                              "Total Cost": 43899.32,
                              "Plan Rows": 467063,
                              "Plan Width": 4,
                              "Actual Startup Time": 221.136,
                              "Actual Total Time": 221.137,
                              "Actual Rows": 266498,
                              "Actual Loops": 7,
                              "Hash Buckets": 2097152,
                              "Original Hash Buckets": 2097152,
                              "Hash Batches": 1,
                              "Original Hash Batches": 1,
                              "Peak Memory Usage": 89472,
                              "Plans": [
                                {
                                  "Node Type": "Seq Scan",
                                  "Parent Relationship": "Outer",
                                  "Parallel Aware": true,
                                  "Relation Name": "title",
                                  "Alias": "t",
                                  "Startup Cost": 0.0,
                                  "Total Cost": 43899.32,
                                  "Plan Rows": 467063,
                                  "Plan Width": 4,
                                  "Actual Startup Time": 0.063,
                                  "Actual Total Time": 84.712,
                                  "Actual Rows": 266498,
                                  "Actual Loops": 7,
                                  "Filter": "(kind_id > 1)",
                                  "Rows Removed by Filter": 94689
                                }
                              ]
                            }
                          ]
                        }
                      ]
                    }
                  ]
                }
              ]
            }
          ]
        }
      ]
    },
    "Planning Time": 0.618,
    "Triggers": [],
    "Execution Time": 821.206
  }
]