{
  "Plan": {
    "Node Type": "Aggregate",
    "Strategy": "Plain",
    "Partial Mode": "Finalize",
    "Parallel Aware": false,
    "Startup Cost": 333545.96,
    "Total Cost": 333545.97,
    "Plan Rows": 1,
    "Plan Width": 8,
    "Actual Startup Time": 316.443,
    "Actual Total Time": 328.805,
    "Actual Rows": 1,
    "Actual Loops": 1,
    "Plans": [
      {
        "Node Type": "Gather",
        "Parent Relationship": "Outer",
        "Parallel Aware": false,
        "Startup Cost": 333545.84,
        "Total Cost": 333545.95,
        "Plan Rows": 1,
        "Plan Width": 8,
        "Actual Startup Time": 315.633,
        "Actual Total Time": 328.798,
        "Actual Rows": 2,
        "Actual Loops": 1,
        "Workers Planned": 1,
        "Workers Launched": 1,
        "Single Copy": false,
        "Plans": [
          {
            "Node Type": "Aggregate",
            "Strategy": "Plain",
            "Partial Mode": "Partial",
            "Parent Relationship": "Outer",
            "Parallel Aware": false,
            "Startup Cost": 332545.84,
            "Total Cost": 332545.85,
            "Plan Rows": 1,
            "Plan Width": 8,
            "Actual Startup Time": 309.632,
            "Actual Total Time": 309.636,
            "Actual Rows": 1,
            "Actual Loops": 2,
            "Plans": [
              {
                "Node Type": "Hash Join",
                "Parent Relationship": "Outer",
                "Parallel Aware": true,
                "Join Type": "Inner",
                "Startup Cost": 74340.23,
                "Total Cost": 332418.87,
                "Plan Rows": 50788,
                "Plan Width": 0,
                "Actual Startup Time": 217.277,
                "Actual Total Time": 306.98,
                "Actual Rows": 60308,
                "Actual Loops": 2,
                "Inner Unique": true,
                "Hash Cond": "(ci.movie_id = t.id)",
                "Plans": [
                  {
                    "Node Type": "Bitmap Heap Scan",
                    "Parent Relationship": "Outer",
                    "Parallel Aware": true,
                    "Relation Name": "cast_info",
                    "Alias": "ci",
                    "Startup Cost": 13385.09,
                    "Total Cost": 270527.99,
                    "Plan Rows": 356472,
                    "Plan Width": 4,
                    "Actual Startup Time": 19.568,
                    "Actual Total Time": 49.933,
                    "Actual Rows": 293680,
                    "Actual Loops": 2,
                    "Recheck Cond": "(person_id < 63818)",
                    "Rows Removed by Index Recheck": 0,
                    "Exact Heap Blocks": 3425,
                    "Lossy Heap Blocks": 0,
                    "Plans": [
                      {
                        "Node Type": "Bitmap Index Scan",
                        "Parent Relationship": "Outer",
                        "Parallel Aware": false,
                        "Index Name": "person_id_cast_info",
                        "Startup Cost": 0.0,
                        "Total Cost": 13233.59,
                        "Plan Rows": 606003,
                        "Plan Width": 0,
                        "Actual Startup Time": 18.714,
                        "Actual Total Time": 18.715,
                        "Actual Rows": 587359,
                        "Actual Loops": 1,
                        "Index Cond": "(person_id < 63818)"
                      }
                    ]
                  },
                  {
                    "Node Type": "Hash",
                    "Parent Relationship": "Inner",
                    "Parallel Aware": true,
                    "Startup Cost": 58306.47,
                    "Total Cost": 58306.47,
                    "Plan Rows": 211894,
                    "Plan Width": 4,
                    "Actual Startup Time": 192.29,
                    "Actual Total Time": 192.291,
                    "Actual Rows": 235186,
                    "Actual Loops": 2,
                    "Hash Buckets": 524288,
                    "Original Hash Buckets": 524288,
                    "Hash Batches": 1,
                    "Original Hash Batches": 1,
                    "Peak Memory Usage": 22528,
                    "Plans": [
                      {
                        "Node Type": "Seq Scan",
                        "Parent Relationship": "Outer",
                        "Parallel Aware": true,
                        "Relation Name": "title",
                        "Alias": "t",
                        "Startup Cost": 0.0,
                        "Total Cost": 58306.47,
                        "Plan Rows": 211894,
                        "Plan Width": 4,
                        "Actual Startup Time": 0.103,
                        "Actual Total Time": 144.018,
                        "Actual Rows": 235186,
                        "Actual Loops": 2,
                        "Filter": "((kind_id < 7) AND (production_year < 1998))",
                        "Rows Removed by Filter": 1028970
                      }
                    ]
                  }
                ]
              }
            ]
          }
        ]
      }
    ]
  },
  "Planning Time": 0.698,
  "Triggers": [],
  "Execution Time": 328.897
}