[
  {
    "Plan": {
      "Node Type": "Aggregate",
      "Strategy": "Plain",
      "Partial Mode": "Finalize",
      "Parallel Aware": false,
      "Startup Cost": 124224.29,
      "Total Cost": 124224.3,
      "Plan Rows": 1,
      "Plan Width": 8,
      "Actual Startup Time": 453.69,
      "Actual Total Time": 476.363,
      "Actual Rows": 1,
      "Actual Loops": 1,
      "Plans": [
        {
          "Node Type": "Gather",
          "Parent Relationship": "Outer",
          "Parallel Aware": false,
          "Startup Cost": 124223.97,
          "Total Cost": 124224.28,
          "Plan Rows": 3,
          "Plan Width": 8,
          "Actual Startup Time": 449.991,
          "Actual Total Time": 476.348,
          "Actual Rows": 4,
          "Actual Loops": 1,
          "Workers Planned": 3,
          "Workers Launched": 3,
          "Single Copy": false,
          "Plans": [
            {
              "Node Type": "Aggregate",
              "Strategy": "Plain",
              "Partial Mode": "Partial",
              "Parent Relationship": "Outer",
              "Parallel Aware": false,
              "Startup Cost": 123223.97,
              "Total Cost": 123223.98,
              "Plan Rows": 1,
              "Plan Width": 8,
              "Actual Startup Time": 442.471,
              "Actual Total Time": 442.482,
              "Actual Rows": 1,
              "Actual Loops": 4,
              "Plans": [
                {
                  "Node Type": "Hash Join",
                  "Parent Relationship": "Outer",
                  "Parallel Aware": true,
                  "Join Type": "Inner",
                  "Startup Cost": 92284.33,
                  "Total Cost": 122972.09,
                  "Plan Rows": 100752,
                  "Plan Width": 0,
                  "Actual Startup Time": 302.003,
                  "Actual Total Time": 440.545,
                  "Actual Rows": 39088,
                  "Actual Loops": 4,
                  "Inner Unique": false,
                  "Hash Cond": "(mc.movie_id = t.id)",
                  "Plans": [
                    {
                      "Node Type": "Seq Scan",
                      "Parent Relationship": "Outer",
                      "Parallel Aware": true,
                      "Relation Name": "movie_companies",
                      "Alias": "mc",
                      "Startup Cost": 0.0,
                      "Total Cost": 27206.55,
                      "Plan Rows": 841655,
                      "Plan Width": 4,
                      "Actual Startup Time": 0.013,
                      "Actual Total Time": 64.937,
                      "Actual Rows": 652282,
                      "Actual Loops": 4
                    },
                    {
                      "Node Type": "Hash",
                      "Parent Relationship": "Inner",
                      "Parallel Aware": true,
                      "Startup Cost": 91063.88,
                      "Total Cost": 91063.88,
                      "Plan Rows": 97636,
                      "Plan Width": 8,
                      "Actual Startup Time": 298.969,
                      "Actual Total Time": 298.976,
                      "Actual Rows": 17338,
                      "Actual Loops": 4,
                      "Hash Buckets": 524288,
                      "Original Hash Buckets": 524288,
                      "Hash Batches": 1,
                      "Original Hash Batches": 1,
                      "Peak Memory Usage": 6880,
                      "Plans": [
                        {
                          "Node Type": "Hash Join",
                          "Parent Relationship": "Outer",
                          "Parallel Aware": true,
                          "Join Type": "Inner",
                          "Startup Cost": 46676.92,
                          "Total Cost": 91063.88,
                          "Plan Rows": 97636,
                          "Plan Width": 8,
                          "Actual Startup Time": 131.07,
                          "Actual Total Time": 292.908,
                          "Actual Rows": 17338,
                          "Actual Loops": 4,
                          "Inner Unique": true,
                          "Hash Cond": "(mk.movie_id = t.id)",
                          "Plans": [
                            {
                              "Node Type": "Seq Scan",
                              "Parent Relationship": "Outer",
                              "Parallel Aware": true,
                              "Relation Name": "movie_keyword",
                              "Alias": "mk",
                              "Startup Cost": 0.0,
                              "Total Cost": 42695.65,
                              "Plan Rows": 644307,
                              "Plan Width": 4,
                              "Actual Startup Time": 0.398,
                              "Actual Total Time": 110.021,
                              "Actual Rows": 496671,
                              "Actual Loops": 4,
                              "Filter": "(keyword_id > 6342)",
                              "Rows Removed by Filter": 634312
                            },
                            {
                              "Node Type": "Hash",
                              "Parent Relationship": "Inner",
                              "Parallel Aware": true,
                              "Startup Cost": 45479.59,
                              "Total Cost": 45479.59,
                              "Plan Rows": 95787,
                              "Plan Width": 4,
                              "Actual Startup Time": 129.399,
                              "Actual Total Time": 129.4,
                              "Actual Rows": 69338,
                              "Actual Loops": 4,
                              "Hash Buckets": 524288,
                              "Original Hash Buckets": 524288,
                              "Hash Batches": 1,
                              "Original Hash Batches": 1,
                              "Peak Memory Usage": 15008,
                              "Plans": [
                                {
                                  "Node Type": "Seq Scan",
                                  "Parent Relationship": "Outer",
                                  "Parallel Aware": true,
                                  "Relation Name": "title",
                                  "Alias": "t",
                                  "Startup Cost": 0.0,
                                  "Total Cost": 45479.59,
                                  "Plan Rows": 95787,
                                  "Plan Width": 4,
                                  "Actual Startup Time": 0.041,
                                  "Actual Total Time": 101.478,
                                  "Actual Rows": 69338,
                                  "Actual Loops": 4,
                                  "Filter": "((production_year < 1988) AND (kind_id = 7))",
                                  "Rows Removed by Filter": 562740
                                }
                              ]
                            }
                          ]
                        }
                      ]
                    }
                  ]
                }
              ]
            }
          ]
        }
      ]
    },
    "Planning Time": 0.428,
    "Triggers": [],
    "Execution Time": 476.406
  }
]