[
  {
    "Plan": {
      "Node Type": "Aggregate",
      "Strategy": "Plain",
      "Partial Mode": "Finalize",
      "Parallel Aware": false,
      "Startup Cost": 55478.39,
      "Total Cost": 55478.4,
      "Plan Rows": 1,
      "Plan Width": 8,
      "Actual Startup Time": 98.994,
      "Actual Total Time": 112.026,
      "Actual Rows": 1,
      "Actual Loops": 1,
      "Plans": [
        {
          "Node Type": "Gather",
          "Parent Relationship": "Outer",
          "Parallel Aware": false,
          "Startup Cost": 55477.97,
          "Total Cost": 55478.38,
          "Plan Rows": 4,
          "Plan Width": 8,
          "Actual Startup Time": 98.849,
          "Actual Total Time": 112.018,
          "Actual Rows": 5,
          "Actual Loops": 1,
          "Workers Planned": 4,
          "Workers Launched": 4,
          "Single Copy": false,
          "Plans": [
            {
              "Node Type": "Aggregate",
              "Strategy": "Plain",
              "Partial Mode": "Partial",
              "Parent Relationship": "Outer",
              "Parallel Aware": false,
              "Startup Cost": 54477.97,
              "Total Cost": 54477.98,
              "Plan Rows": 1,
              "Plan Width": 8,
              "Actual Startup Time": 89.4,
              "Actual Total Time": 89.402,
              "Actual Rows": 1,
              "Actual Loops": 5,
              "Plans": [
                {
                  "Node Type": "Nested Loop",
                  "Parent Relationship": "Outer",
                  "Parallel Aware": false,
                  "Join Type": "Inner",
                  "Startup Cost": 0.43,
                  "Total Cost": 54475.97,
                  "Plan Rows": 797,
                  "Plan Width": 0,
                  "Actual Startup Time": 2.257,
                  "Actual Total Time": 89.34,
                  "Actual Rows": 546,
                  "Actual Loops": 5,
                  "Inner Unique": false,
                  "Plans": [
                    {
                      "Node Type": "Seq Scan",
                      "Parent Relationship": "Outer",
                      "Parallel Aware": true,
                      "Relation Name": "title",
                      "Alias": "t",
                      "Startup Cost": 0.0,
                      "Total Cost": 45479.1,
                      "Plan Rows": 1460,
                      "Plan Width": 4,
                      "Actual Startup Time": 0.222,
                      "Actual Total Time": 82.459,
                      "Actual Rows": 1184,
                      "Actual Loops": 5,
                      "Filter": "((kind_id = 7) AND (production_year = 1962))",
                      "Rows Removed by Filter": 504479
                    },
                    {
                      "Node Type": "Index Only Scan",
                      "Parent Relationship": "Inner",
                      "Parallel Aware": false,
                      "Scan Direction": "Forward",
                      "Index Name": "movie_id_movie_info_idx",
                      "Relation Name": "movie_info_idx",
                      "Alias": "mi_idx",
                      "Startup Cost": 0.43,
                      "Total Cost": 6.13,
                      "Plan Rows": 3,
                      "Plan Width": 4,
                      "Actual Startup Time": 0.005,
                      "Actual Total Time": 0.005,
                      "Actual Rows": 0,
                      "Actual Loops": 5918,
                      "Index Cond": "(movie_id = t.id)",
                      "Rows Removed by Index Recheck": 0,
                      "Heap Fetches": 2730
                    }
                  ]
                }
              ]
            }
          ]
        }
      ]
    },
    "Planning Time": 0.589,
    "Triggers": [],
    "Execution Time": 112.097
  }
]