[
  {
    "Plan": {
      "Node Type": "Aggregate",
      "Strategy": "Plain",
      "Partial Mode": "Finalize",
      "Parallel Aware": false,
      "Startup Cost": 44796.24,
      "Total Cost": 44796.25,
      "Plan Rows": 1,
      "Plan Width": 8,
      "Actual Startup Time": 141.554,
      "Actual Total Time": 150.983,
      "Actual Rows": 1,
      "Actual Loops": 1,
      "Plans": [
        {
          "Node Type": "Gather",
          "Parent Relationship": "Outer",
          "Parallel Aware": false,
          "Startup Cost": 44795.92,
          "Total Cost": 44796.23,
          "Plan Rows": 3,
          "Plan Width": 8,
          "Actual Startup Time": 141.403,
          "Actual Total Time": 150.974,
          "Actual Rows": 4,
          "Actual Loops": 1,
          "Workers Planned": 3,
          "Workers Launched": 3,
          "Single Copy": false,
          "Plans": [
            {
              "Node Type": "Aggregate",
              "Strategy": "Plain",
              "Partial Mode": "Partial",
              "Parent Relationship": "Outer",
              "Parallel Aware": false,
              "Startup Cost": 43795.92,
              "Total Cost": 43795.93,
              "Plan Rows": 1,
              "Plan Width": 8,
              "Actual Startup Time": 134.37,
              "Actual Total Time": 134.371,
              "Actual Rows": 1,
              "Actual Loops": 4,
              "Plans": [
                {
                  "Node Type": "Seq Scan",
                  "Parent Relationship": "Outer",
                  "Parallel Aware": true,
                  "Relation Name": "movie_keyword",
                  "Alias": "mk",
                  "Startup Cost": 0.0,
                  "Total Cost": 42695.65,
                  "Plan Rows": 440108,
                  "Plan Width": 0,
                  "Actual Startup Time": 2.054,
                  "Actual Total Time": 115.913,
                  "Actual Rows": 342388,
                  "Actual Loops": 4,
                  "Filter": "(keyword_id > 12189)",
                  "Rows Removed by Filter": 788594
                }
              ]
            }
          ]
        }
      ]
    },
    "Planning Time": 0.187,
    "Triggers": [],
    "Execution Time": 151.049
  }
]