[
  {
    "Plan": {
      "Node Type": "Aggregate",
      "Strategy": "Plain",
      "Partial Mode": "Finalize",
      "Parallel Aware": false,
      "Startup Cost": 89678.73,
      "Total Cost": 89678.74,
      "Plan Rows": 1,
      "Plan Width": 8,
      "Actual Startup Time": 269.341,
      "Actual Total Time": 286.535,
      "Actual Rows": 1,
      "Actual Loops": 1,
      "Plans": [
        {
          "Node Type": "Gather",
          "Parent Relationship": "Outer",
          "Parallel Aware": false,
          "Startup Cost": 89678.41,
          "Total Cost": 89678.72,
          "Plan Rows": 3,
          "Plan Width": 8,
          "Actual Startup Time": 268.539,
          "Actual Total Time": 286.515,
          "Actual Rows": 4,
          "Actual Loops": 1,
          "Workers Planned": 3,
          "Workers Launched": 3,
          "Single Copy": false,
          "Plans": [
            {
              "Node Type": "Aggregate",
              "Strategy": "Plain",
              "Partial Mode": "Partial",
              "Parent Relationship": "Outer",
              "Parallel Aware": false,
              "Startup Cost": 88678.41,
              "Total Cost": 88678.42,
              "Plan Rows": 1,
              "Plan Width": 8,
              "Actual Startup Time": 260.531,
              "Actual Total Time": 260.534,
              "Actual Rows": 1,
              "Actual Loops": 4,
              "Plans": [
                {
                  "Node Type": "Hash Join",
                  "Parent Relationship": "Outer",
                  "Parallel Aware": true,
                  "Join Type": "Inner",
                  "Startup Cost": 44402.73,
                  "Total Cost": 88587.95,
                  "Plan Rows": 36185,
                  "Plan Width": 0,
                  "Actual Startup Time": 114.803,
                  "Actual Total Time": 259.719,
                  "Actual Rows": 15675,
                  "Actual Loops": 4,
                  "Inner Unique": true,
                  "Hash Cond": "(mk.movie_id = t.id)",
                  "Plans": [
                    {
                      "Node Type": "Seq Scan",
                      "Parent Relationship": "Outer",
                      "Parallel Aware": true,
                      "Relation Name": "movie_keyword",
                      "Alias": "mk",
                      "Startup Cost": 0.0,
                      "Total Cost": 42695.65,
                      "Plan Rows": 567455,
                      "Plan Width": 4,
                      "Actual Startup Time": 0.491,
                      "Actual Total Time": 105.128,
                      "Actual Rows": 440580,
                      "Actual Loops": 4,
                      "Filter": "(keyword_id > 7869)",
                      "Rows Removed by Filter": 690402
                    },
                    {
                      "Node Type": "Hash",
                      "Parent Relationship": "Inner",
                      "Parallel Aware": true,
                      "Startup Cost": 43898.92,
                      "Total Cost": 43898.92,
                      "Plan Rows": 40305,
                      "Plan Width": 4,
                      "Actual Startup Time": 111.807,
                      "Actual Total Time": 111.808,
                      "Actual Rows": 40004,
                      "Actual Loops": 4,
                      "Hash Buckets": 262144,
                      "Original Hash Buckets": 262144,
                      "Hash Batches": 1,
                      "Original Hash Batches": 1,
                      "Peak Memory Usage": 8384,
                      "Plans": [
                        {
                          "Node Type": "Seq Scan",
                          "Parent Relationship": "Outer",
                          "Parallel Aware": true,
                          "Relation Name": "title",
                          "Alias": "t",
                          "Startup Cost": 0.0,
                          "Total Cost": 43898.92,
                          "Plan Rows": 40305,
                          "Plan Width": 4,
                          "Actual Startup Time": 0.033,
                          "Actual Total Time": 96.727,
                          "Actual Rows": 40004,
                          "Actual Loops": 4,
                          "Filter": "(production_year = 2011)",
                          "Rows Removed by Filter": 592074
                        }
                      ]
                    }
                  ]
                }
              ]
            }
          ]
        }
      ]
    },
    "Planning Time": 0.59,
    "Triggers": [],
    "Execution Time": 286.6
  }
]