[
  {
    "Plan": {
      "Node Type": "Aggregate",
      "Strategy": "Plain",
      "Partial Mode": "Finalize",
      "Parallel Aware": false,
      "Startup Cost": 32848.18,
      "Total Cost": 32848.19,
      "Plan Rows": 1,
      "Plan Width": 8,
      "Actual Startup Time": 109.861,
      "Actual Total Time": 116.674,
      "Actual Rows": 1,
      "Actual Loops": 1,
      "Plans": [
        {
          "Node Type": "Gather",
          "Parent Relationship": "Outer",
          "Parallel Aware": false,
          "Startup Cost": 32847.87,
          "Total Cost": 32848.18,
          "Plan Rows": 3,
          "Plan Width": 8,
          "Actual Startup Time": 109.726,
          "Actual Total Time": 116.665,
          "Actual Rows": 4,
          "Actual Loops": 1,
          "Workers Planned": 3,
          "Workers Launched": 3,
          "Single Copy": false,
          "Plans": [
            {
              "Node Type": "Aggregate",
              "Strategy": "Plain",
              "Partial Mode": "Partial",
              "Parent Relationship": "Outer",
              "Parallel Aware": false,
              "Startup Cost": 31847.87,
              "Total Cost": 31847.88,
              "Plan Rows": 1,
              "Plan Width": 8,
              "Actual Startup Time": 102.058,
              "Actual Total Time": 102.059,
              "Actual Rows": 1,
              "Actual Loops": 4,
              "Plans": [
                {
                  "Node Type": "Seq Scan",
                  "Parent Relationship": "Outer",
                  "Parallel Aware": true,
                  "Relation Name": "movie_companies",
                  "Alias": "mc",
                  "Startup Cost": 0.0,
                  "Total Cost": 31414.82,
                  "Plan Rows": 173219,
                  "Plan Width": 0,
                  "Actual Startup Time": 50.736,
                  "Actual Total Time": 91.319,
                  "Actual Rows": 208365,
                  "Actual Loops": 4,
                  "Filter": "((company_id > 15122) AND (company_type_id = 2))",
                  "Rows Removed by Filter": 443917
                }
              ]
            }
          ]
        }
      ]
    },
    "Planning Time": 0.176,
    "Triggers": [],
    "Execution Time": 116.721
  }
]