[
    {
        "Bao": {
            "Bao prediction": "NaN",
            "Bao recommended hint": "(no hint)"
        }
    },
    {
        "Plan": {
            "Node Type": "Aggregate",
            "Strategy": "Plain",
            "Partial Mode": "Finalize",
            "Parallel Aware": false,
            "Startup Cost": 220200.16,
            "Total Cost": 220200.17,
            "Plan Rows": 1,
            "Plan Width": 8,
            "Actual Startup Time": 179.141,
            "Actual Total Time": 188.431,
            "Actual Rows": 1,
            "Actual Loops": 1,
            "Output": [
                "count(*)"
            ],
            "Plans": [
                {
                    "Node Type": "Gather",
                    "Parent Relationship": "Outer",
                    "Parallel Aware": false,
                    "Startup Cost": 220199.64,
                    "Total Cost": 220200.15,
                    "Plan Rows": 5,
                    "Plan Width": 8,
                    "Actual Startup Time": 176.601,
                    "Actual Total Time": 188.421,
                    "Actual Rows": 6,
                    "Actual Loops": 1,
                    "Output": [
                        "(PARTIAL count(*))"
                    ],
                    "Workers Planned": 5,
                    "Workers Launched": 5,
                    "Single Copy": false,
                    "Plans": [
                        {
                            "Node Type": "Aggregate",
                            "Strategy": "Plain",
                            "Partial Mode": "Partial",
                            "Parent Relationship": "Outer",
                            "Parallel Aware": false,
                            "Startup Cost": 219199.64,
                            "Total Cost": 219199.65,
                            "Plan Rows": 1,
                            "Plan Width": 8,
                            "Actual Startup Time": 166.253,
                            "Actual Total Time": 166.257,
                            "Actual Rows": 1,
                            "Actual Loops": 6,
                            "Output": [
                                "PARTIAL count(*)"
                            ],
                            "Workers": [
                                {
                                    "Worker Number": 0,
                                    "Actual Startup Time": 163.576,
                                    "Actual Total Time": 163.58,
                                    "Actual Rows": 1,
                                    "Actual Loops": 1
                                },
                                {
                                    "Worker Number": 1,
                                    "Actual Startup Time": 164.308,
                                    "Actual Total Time": 164.311,
                                    "Actual Rows": 1,
                                    "Actual Loops": 1
                                },
                                {
                                    "Worker Number": 2,
                                    "Actual Startup Time": 164.258,
                                    "Actual Total Time": 164.261,
                                    "Actual Rows": 1,
                                    "Actual Loops": 1
                                },
                                {
                                    "Worker Number": 3,
                                    "Actual Startup Time": 164.266,
                                    "Actual Total Time": 164.269,
                                    "Actual Rows": 1,
                                    "Actual Loops": 1
                                },
                                {
                                    "Worker Number": 4,
                                    "Actual Startup Time": 164.993,
                                    "Actual Total Time": 164.996,
                                    "Actual Rows": 1,
                                    "Actual Loops": 1
                                }
                            ],
                            "Plans": [
                                {
                                    "Node Type": "Hash Join",
                                    "Parent Relationship": "Outer",
                                    "Parallel Aware": true,
                                    "Join Type": "Inner",
                                    "Startup Cost": 55359.19,
                                    "Total Cost": 219180.7,
                                    "Plan Rows": 7576,
                                    "Plan Width": 0,
                                    "Actual Startup Time": 112.7,
                                    "Actual Total Time": 166.012,
                                    "Actual Rows": 3010,
                                    "Actual Loops": 6,
                                    "Inner Unique": true,
                                    "Hash Cond": "(mi.movie_id = t.id)",
                                    "Workers": [
                                        {
                                            "Worker Number": 0,
                                            "Actual Startup Time": 110.042,
                                            "Actual Total Time": 163.355,
                                            "Actual Rows": 2018,
                                            "Actual Loops": 1
                                        },
                                        {
                                            "Worker Number": 1,
                                            "Actual Startup Time": 110.643,
                                            "Actual Total Time": 164.058,
                                            "Actual Rows": 2419,
                                            "Actual Loops": 1
                                        },
                                        {
                                            "Worker Number": 2,
                                            "Actual Startup Time": 111.023,
                                            "Actual Total Time": 164.023,
                                            "Actual Rows": 2955,
                                            "Actual Loops": 1
                                        },
                                        {
                                            "Worker Number": 3,
                                            "Actual Startup Time": 110.736,
                                            "Actual Total Time": 164.032,
                                            "Actual Rows": 2787,
                                            "Actual Loops": 1
                                        },
                                        {
                                            "Worker Number": 4,
                                            "Actual Startup Time": 111.766,
                                            "Actual Total Time": 164.743,
                                            "Actual Rows": 2745,
                                            "Actual Loops": 1
                                        }
                                    ],
                                    "Plans": [
                                        {
                                            "Node Type": "Bitmap Heap Scan",
                                            "Parent Relationship": "Outer",
                                            "Parallel Aware": true,
                                            "Relation Name": "movie_info",
                                            "Schema": "public",
                                            "Alias": "mi",
                                            "Startup Cost": 10965.05,
                                            "Total Cost": 174469.22,
                                            "Plan Rows": 120893,
                                            "Plan Width": 4,
                                            "Actual Startup Time": 26.67,
                                            "Actual Total Time": 66.999,
                                            "Actual Rows": 99743,
                                            "Actual Loops": 6,
                                            "Output": [
                                                "mi.id",
                                                "mi.movie_id",
                                                "mi.info_type_id",
                                                "mi.info",
                                                "mi.note"
                                            ],
                                            "Recheck Cond": "(mi.info_type_id = 15)",
                                            "Rows Removed by Index Recheck": 0,
                                            "Exact Heap Blocks": 5825,
                                            "Lossy Heap Blocks": 0,
                                            "Workers": [
                                                {
                                                    "Worker Number": 0,
                                                    "Actual Startup Time": 26.781,
                                                    "Actual Total Time": 67.598,
                                                    "Actual Rows": 73280,
                                                    "Actual Loops": 1
                                                },
                                                {
                                                    "Worker Number": 1,
                                                    "Actual Startup Time": 26.764,
                                                    "Actual Total Time": 67.723,
                                                    "Actual Rows": 75748,
                                                    "Actual Loops": 1
                                                },
                                                {
                                                    "Worker Number": 2,
                                                    "Actual Startup Time": 26.576,
                                                    "Actual Total Time": 67.614,
                                                    "Actual Rows": 99835,
                                                    "Actual Loops": 1
                                                },
                                                {
                                                    "Worker Number": 3,
                                                    "Actual Startup Time": 26.731,
                                                    "Actual Total Time": 67.68,
                                                    "Actual Rows": 99284,
                                                    "Actual Loops": 1
                                                },
                                                {
                                                    "Worker Number": 4,
                                                    "Actual Startup Time": 26.679,
                                                    "Actual Total Time": 67.557,
                                                    "Actual Rows": 87490,
                                                    "Actual Loops": 1
                                                }
                                            ],
                                            "Plans": [
                                                {
                                                    "Node Type": "Bitmap Index Scan",
                                                    "Parent Relationship": "Outer",
                                                    "Parallel Aware": false,
                                                    "Index Name": "info_type_id_movie_info",
                                                    "Startup Cost": 0.0,
                                                    "Total Cost": 10813.94,
                                                    "Plan Rows": 604467,
                                                    "Plan Width": 0,
                                                    "Actual Startup Time": 23.378,
                                                    "Actual Total Time": 23.378,
                                                    "Actual Rows": 598457,
                                                    "Actual Loops": 1,
                                                    "Index Cond": "(mi.info_type_id = 15)"
                                                }
                                            ]
                                        },
                                        {
                                            "Node Type": "Hash",
                                            "Parent Relationship": "Inner",
                                            "Parallel Aware": true,
                                            "Startup Cost": 43899.01,
                                            "Total Cost": 43899.01,
                                            "Plan Rows": 39610,
                                            "Plan Width": 4,
                                            "Actual Startup Time": 84.251,
                                            "Actual Total Time": 84.253,
                                            "Actual Rows": 26670,
                                            "Actual Loops": 6,
                                            "Output": [
                                                "t.id"
                                            ],
                                            "Hash Buckets": 262144,
                                            "Original Hash Buckets": 262144,
                                            "Hash Batches": 1,
                                            "Original Hash Batches": 1,
                                            "Peak Memory Usage": 8384,
                                            "Workers": [
                                                {
                                                    "Worker Number": 0,
                                                    "Actual Startup Time": 82.391,
                                                    "Actual Total Time": 82.393,
                                                    "Actual Rows": 16971,
                                                    "Actual Loops": 1
                                                },
                                                {
                                                    "Worker Number": 1,
                                                    "Actual Startup Time": 82.971,
                                                    "Actual Total Time": 82.972,
                                                    "Actual Rows": 17668,
                                                    "Actual Loops": 1
                                                },
                                                {
                                                    "Worker Number": 2,
                                                    "Actual Startup Time": 83.067,
                                                    "Actual Total Time": 83.068,
                                                    "Actual Rows": 23464,
                                                    "Actual Loops": 1
                                                },
                                                {
                                                    "Worker Number": 3,
                                                    "Actual Startup Time": 83.056,
                                                    "Actual Total Time": 83.058,
                                                    "Actual Rows": 23583,
                                                    "Actual Loops": 1
                                                },
                                                {
                                                    "Worker Number": 4,
                                                    "Actual Startup Time": 83.774,
                                                    "Actual Total Time": 83.775,
                                                    "Actual Rows": 23367,
                                                    "Actual Loops": 1
                                                }
                                            ],
                                            "Plans": [
                                                {
                                                    "Node Type": "Seq Scan",
                                                    "Parent Relationship": "Outer",
                                                    "Parallel Aware": true,
                                                    "Relation Name": "title",
                                                    "Schema": "public",
                                                    "Alias": "t",
                                                    "Startup Cost": 0.0,
                                                    "Total Cost": 43899.01,
                                                    "Plan Rows": 39610,
                                                    "Plan Width": 4,
                                                    "Actual Startup Time": 0.059,
                                                    "Actual Total Time": 72.793,
                                                    "Actual Rows": 26670,
                                                    "Actual Loops": 6,
                                                    "Output": [
                                                        "t.id"
                                                    ],
                                                    "Filter": "(t.production_year = 2011)",
                                                    "Rows Removed by Filter": 394716,
                                                    "Workers": [
                                                        {
                                                            "Worker Number": 0,
                                                            "Actual Startup Time": 0.052,
                                                            "Actual Total Time": 72.192,
                                                            "Actual Rows": 16971,
                                                            "Actual Loops": 1
                                                        },
                                                        {
                                                            "Worker Number": 1,
                                                            "Actual Startup Time": 0.057,
                                                            "Actual Total Time": 71.857,
                                                            "Actual Rows": 17668,
                                                            "Actual Loops": 1
                                                        },
                                                        {
                                                            "Worker Number": 2,
                                                            "Actual Startup Time": 0.08,
                                                            "Actual Total Time": 71.752,
                                                            "Actual Rows": 23464,
                                                            "Actual Loops": 1
                                                        },
                                                        {
                                                            "Worker Number": 3,
                                                            "Actual Startup Time": 0.088,
                                                            "Actual Total Time": 72.543,
                                                            "Actual Rows": 23583,
                                                            "Actual Loops": 1
                                                        },
                                                        {
                                                            "Worker Number": 4,
                                                            "Actual Startup Time": 0.062,
                                                            "Actual Total Time": 72.482,
                                                            "Actual Rows": 23367,
                                                            "Actual Loops": 1
                                                        }
                                                    ]
                                                }
                                            ]
                                        }
                                    ]
                                }
                            ]
                        }
                    ]
                }
            ]
        },
        "Planning Time": 180.168,
        "Triggers": [],
        "Execution Time": 188.548
    }
]