[
  {
    "Plan": {
      "Node Type": "Aggregate",
      "Strategy": "Plain",
      "Partial Mode": "Finalize",
      "Parallel Aware": false,
      "Startup Cost": 112822.94,
      "Total Cost": 112822.95,
      "Plan Rows": 1,
      "Plan Width": 8,
      "Actual Startup Time": 652.222,
      "Actual Total Time": 671.322,
      "Actual Rows": 1,
      "Actual Loops": 1,
      "Plans": [
        {
          "Node Type": "Gather",
          "Parent Relationship": "Outer",
          "Parallel Aware": false,
          "Startup Cost": 112822.62,
          "Total Cost": 112822.93,
          "Plan Rows": 3,
          "Plan Width": 8,
          "Actual Startup Time": 644.839,
          "Actual Total Time": 671.313,
          "Actual Rows": 4,
          "Actual Loops": 1,
          "Workers Planned": 3,
          "Workers Launched": 3,
          "Single Copy": false,
          "Plans": [
            {
              "Node Type": "Aggregate",
              "Strategy": "Plain",
              "Partial Mode": "Partial",
              "Parent Relationship": "Outer",
              "Parallel Aware": false,
              "Startup Cost": 111822.62,
              "Total Cost": 111822.63,
              "Plan Rows": 1,
              "Plan Width": 8,
              "Actual Startup Time": 622.261,
              "Actual Total Time": 622.267,
              "Actual Rows": 1,
              "Actual Loops": 4,
              "Plans": [
                {
                  "Node Type": "Hash Join",
                  "Parent Relationship": "Outer",
                  "Parallel Aware": true,
                  "Join Type": "Inner",
                  "Startup Cost": 81056.04,
                  "Total Cost": 111646.3,
                  "Plan Rows": 70529,
                  "Plan Width": 0,
                  "Actual Startup Time": 461.304,
                  "Actual Total Time": 603.688,
                  "Actual Rows": 456939,
                  "Actual Loops": 4,
                  "Inner Unique": false,
                  "Hash Cond": "(mc.movie_id = t.id)",
                  "Plans": [
                    {
                      "Node Type": "Seq Scan",
                      "Parent Relationship": "Outer",
                      "Parallel Aware": true,
                      "Relation Name": "movie_companies",
                      "Alias": "mc",
                      "Startup Cost": 0.0,
                      "Total Cost": 27206.55,
                      "Plan Rows": 841655,
                      "Plan Width": 4,
                      "Actual Startup Time": 0.02,
                      "Actual Total Time": 57.917,
                      "Actual Rows": 652282,
                      "Actual Loops": 4
                    },
                    {
                      "Node Type": "Hash",
                      "Parent Relationship": "Inner",
                      "Parallel Aware": true,
                      "Startup Cost": 80201.74,
                      "Total Cost": 80201.74,
                      "Plan Rows": 68344,
                      "Plan Width": 8,
                      "Actual Startup Time": 436.745,
                      "Actual Total Time": 436.749,
                      "Actual Rows": 51362,
                      "Actual Loops": 4,
                      "Hash Buckets": 262144,
                      "Original Hash Buckets": 262144,
                      "Hash Batches": 1,
                      "Original Hash Batches": 1,
                      "Peak Memory Usage": 10112,
                      "Plans": [
                        {
                          "Node Type": "Hash Join",
                          "Parent Relationship": "Outer",
                          "Parallel Aware": true,
                          "Join Type": "Inner",
                          "Startup Cost": 54714.04,
                          "Total Cost": 80201.74,
                          "Plan Rows": 68344,
                          "Plan Width": 8,
                          "Actual Startup Time": 359.256,
                          "Actual Total Time": 417.776,
                          "Actual Rows": 51362,
                          "Actual Loops": 4,
                          "Inner Unique": true,
                          "Hash Cond": "(mk.movie_id = t.id)",
                          "Plans": [
                            {
                              "Node Type": "Bitmap Heap Scan",
                              "Parent Relationship": "Outer",
                              "Parallel Aware": true,
                              "Relation Name": "movie_keyword",
                              "Alias": "mk",
                              "Startup Cost": 4494.39,
                              "Total Cost": 29802.69,
                              "Plan Rows": 68344,
                              "Plan Width": 4,
                              "Actual Startup Time": 16.478,
                              "Actual Total Time": 54.673,
                              "Actual Rows": 51362,
                              "Actual Loops": 4,
                              "Recheck Cond": "(keyword_id > 67425)",
                              "Rows Removed by Index Recheck": 0,
                              "Exact Heap Blocks": 6100,
                              "Lossy Heap Blocks": 0,
                              "Plans": [
                                {
                                  "Node Type": "Bitmap Index Scan",
                                  "Parent Relationship": "Outer",
                                  "Parallel Aware": false,
                                  "Index Name": "keyword_id_movie_keyword",
                                  "Startup Cost": 0.0,
                                  "Total Cost": 4441.43,
                                  "Plan Rows": 211866,
                                  "Plan Width": 0,
                                  "Actual Startup Time": 13.394,
                                  "Actual Total Time": 13.394,
                                  "Actual Rows": 205450,
                                  "Actual Loops": 1,
                                  "Index Cond": "(keyword_id > 67425)"
                                }
                              ]
                            },
                            {
                              "Node Type": "Hash",
                              "Parent Relationship": "Inner",
                              "Parallel Aware": true,
                              "Startup Cost": 42318.73,
                              "Total Cost": 42318.73,
                              "Plan Rows": 632073,
                              "Plan Width": 4,
                              "Actual Startup Time": 333.139,
                              "Actual Total Time": 333.14,
                              "Actual Rows": 632078,
                              "Actual Loops": 4,
                              "Hash Buckets": 4194304,
                              "Original Hash Buckets": 4194304,
                              "Hash Batches": 1,
                              "Original Hash Batches": 1,
                              "Peak Memory Usage": 131744,
                              "Plans": [
                                {
                                  "Node Type": "Seq Scan",
                                  "Parent Relationship": "Outer",
                                  "Parallel Aware": true,
                                  "Relation Name": "title",
                                  "Alias": "t",
                                  "Startup Cost": 0.0,
                                  "Total Cost": 42318.73,
                                  "Plan Rows": 632073,
                                  "Plan Width": 4,
                                  "Actual Startup Time": 0.044,
                                  "Actual Total Time": 96.709,
                                  "Actual Rows": 632078,
                                  "Actual Loops": 4
                                }
                              ]
                            }
                          ]
                        }
                      ]
                    }
                  ]
                }
              ]
            }
          ]
        }
      ]
    },
    "Planning Time": 1.479,
    "Triggers": [],
    "Execution Time": 671.427
  }
]