[
  {
    "Plan": {
      "Node Type": "Aggregate",
      "Strategy": "Plain",
      "Partial Mode": "Finalize",
      "Parallel Aware": false,
      "Startup Cost": 32232.55,
      "Total Cost": 32232.56,
      "Plan Rows": 1,
      "Plan Width": 8,
      "Actual Startup Time": 105.393,
      "Actual Total Time": 113.888,
      "Actual Rows": 1,
      "Actual Loops": 1,
      "Plans": [
        {
          "Node Type": "Gather",
          "Parent Relationship": "Outer",
          "Parallel Aware": false,
          "Startup Cost": 32232.23,
          "Total Cost": 32232.54,
          "Plan Rows": 3,
          "Plan Width": 8,
          "Actual Startup Time": 105.098,
          "Actual Total Time": 113.88,
          "Actual Rows": 4,
          "Actual Loops": 1,
          "Workers Planned": 3,
          "Workers Launched": 3,
          "Single Copy": false,
          "Plans": [
            {
              "Node Type": "Aggregate",
              "Strategy": "Plain",
              "Partial Mode": "Partial",
              "Parent Relationship": "Outer",
              "Parallel Aware": false,
              "Startup Cost": 31232.23,
              "Total Cost": 31232.24,
              "Plan Rows": 1,
              "Plan Width": 8,
              "Actual Startup Time": 95.625,
              "Actual Total Time": 95.627,
              "Actual Rows": 1,
              "Actual Loops": 4,
              "Plans": [
                {
                  "Node Type": "Bitmap Heap Scan",
                  "Parent Relationship": "Outer",
                  "Parallel Aware": true,
                  "Relation Name": "movie_keyword",
                  "Alias": "mk",
                  "Startup Cost": 5519.88,
                  "Total Cost": 31022.5,
                  "Plan Rows": 83890,
                  "Plan Width": 0,
                  "Actual Startup Time": 33.292,
                  "Actual Total Time": 91.423,
                  "Actual Rows": 63546,
                  "Actual Loops": 4,
                  "Recheck Cond": "(keyword_id < 223)",
                  "Rows Removed by Index Recheck": 0,
                  "Exact Heap Blocks": 13369,
                  "Lossy Heap Blocks": 0,
                  "Plans": [
                    {
                      "Node Type": "Bitmap Index Scan",
                      "Parent Relationship": "Outer",
                      "Parallel Aware": false,
                      "Index Name": "keyword_id_movie_keyword",
                      "Startup Cost": 0.0,
                      "Total Cost": 5454.87,
                      "Plan Rows": 260058,
                      "Plan Width": 0,
                      "Actual Startup Time": 37.346,
                      "Actual Total Time": 37.346,
                      "Actual Rows": 254185,
                      "Actual Loops": 1,
                      "Index Cond": "(keyword_id < 223)"
                    }
                  ]
                }
              ]
            }
          ]
        }
      ]
    },
    "Planning Time": 0.185,
    "Triggers": [],
    "Execution Time": 113.964
  }
]