[
    {
        "Bao": {
            "Bao prediction": 444.169,
            "Bao recommended hint": "(no hint)"
        }
    },
    {
        "Plan": {
            "Node Type": "Aggregate",
            "Strategy": "Plain",
            "Partial Mode": "Finalize",
            "Parallel Aware": false,
            "Startup Cost": 32974.09,
            "Total Cost": 32974.1,
            "Plan Rows": 1,
            "Plan Width": 8,
            "Actual Startup Time": 101.877,
            "Actual Total Time": 106.614,
            "Actual Rows": 1,
            "Actual Loops": 1,
            "Output": [
                "count(*)"
            ],
            "Plans": [
                {
                    "Node Type": "Gather",
                    "Parent Relationship": "Outer",
                    "Parallel Aware": false,
                    "Startup Cost": 32973.77,
                    "Total Cost": 32974.08,
                    "Plan Rows": 3,
                    "Plan Width": 8,
                    "Actual Startup Time": 101.757,
                    "Actual Total Time": 106.607,
                    "Actual Rows": 4,
                    "Actual Loops": 1,
                    "Output": [
                        "(PARTIAL count(*))"
                    ],
                    "Workers Planned": 3,
                    "Workers Launched": 3,
                    "Single Copy": false,
                    "Plans": [
                        {
                            "Node Type": "Aggregate",
                            "Strategy": "Plain",
                            "Partial Mode": "Partial",
                            "Parent Relationship": "Outer",
                            "Parallel Aware": false,
                            "Startup Cost": 31973.77,
                            "Total Cost": 31973.78,
                            "Plan Rows": 1,
                            "Plan Width": 8,
                            "Actual Startup Time": 94.256,
                            "Actual Total Time": 94.257,
                            "Actual Rows": 1,
                            "Actual Loops": 4,
                            "Output": [
                                "PARTIAL count(*)"
                            ],
                            "Workers": [
                                {
                                    "Worker Number": 0,
                                    "Actual Startup Time": 91.892,
                                    "Actual Total Time": 91.893,
                                    "Actual Rows": 1,
                                    "Actual Loops": 1
                                },
                                {
                                    "Worker Number": 1,
                                    "Actual Startup Time": 91.957,
                                    "Actual Total Time": 91.958,
                                    "Actual Rows": 1,
                                    "Actual Loops": 1
                                },
                                {
                                    "Worker Number": 2,
                                    "Actual Startup Time": 91.999,
                                    "Actual Total Time": 92.0,
                                    "Actual Rows": 1,
                                    "Actual Loops": 1
                                }
                            ],
                            "Plans": [
                                {
                                    "Node Type": "Seq Scan",
                                    "Parent Relationship": "Outer",
                                    "Parallel Aware": true,
                                    "Relation Name": "movie_companies",
                                    "Schema": "public",
                                    "Alias": "mc",
                                    "Startup Cost": 0.0,
                                    "Total Cost": 31414.82,
                                    "Plan Rows": 223580,
                                    "Plan Width": 0,
                                    "Actual Startup Time": 50.64,
                                    "Actual Total Time": 87.961,
                                    "Actual Rows": 109990,
                                    "Actual Loops": 4,
                                    "Output": [
                                        "id",
                                        "movie_id",
                                        "company_id",
                                        "company_type_id",
                                        "note"
                                    ],
                                    "Filter": "((mc.company_id < 11619) AND (mc.company_type_id > 1))",
                                    "Rows Removed by Filter": 542292,
                                    "Workers": [
                                        {
                                            "Worker Number": 0,
                                            "Actual Startup Time": 48.283,
                                            "Actual Total Time": 85.606,
                                            "Actual Rows": 92672,
                                            "Actual Loops": 1
                                        },
                                        {
                                            "Worker Number": 1,
                                            "Actual Startup Time": 48.345,
                                            "Actual Total Time": 85.724,
                                            "Actual Rows": 91627,
                                            "Actual Loops": 1
                                        },
                                        {
                                            "Worker Number": 2,
                                            "Actual Startup Time": 48.381,
                                            "Actual Total Time": 85.765,
                                            "Actual Rows": 91871,
                                            "Actual Loops": 1
                                        }
                                    ]
                                }
                            ]
                        }
                    ]
                }
            ]
        },
        "Planning Time": 1300.915,
        "Triggers": [],
        "Execution Time": 106.699
    }
]