[
  {
    "Plan": {
      "Node Type": "Aggregate",
      "Strategy": "Plain",
      "Partial Mode": "Finalize",
      "Parallel Aware": false,
      "Startup Cost": 44939.11,
      "Total Cost": 44939.12,
      "Plan Rows": 1,
      "Plan Width": 8,
      "Actual Startup Time": 152.711,
      "Actual Total Time": 162.982,
      "Actual Rows": 1,
      "Actual Loops": 1,
      "Plans": [
        {
          "Node Type": "Gather",
          "Parent Relationship": "Outer",
          "Parallel Aware": false,
          "Startup Cost": 44938.79,
          "Total Cost": 44939.1,
          "Plan Rows": 3,
          "Plan Width": 8,
          "Actual Startup Time": 152.597,
          "Actual Total Time": 162.973,
          "Actual Rows": 4,
          "Actual Loops": 1,
          "Workers Planned": 3,
          "Workers Launched": 3,
          "Single Copy": false,
          "Plans": [
            {
              "Node Type": "Aggregate",
              "Strategy": "Plain",
              "Partial Mode": "Partial",
              "Parent Relationship": "Outer",
              "Parallel Aware": false,
              "Startup Cost": 43938.79,
              "Total Cost": 43938.8,
              "Plan Rows": 1,
              "Plan Width": 8,
              "Actual Startup Time": 145.437,
              "Actual Total Time": 145.438,
              "Actual Rows": 1,
              "Actual Loops": 4,
              "Plans": [
                {
                  "Node Type": "Seq Scan",
                  "Parent Relationship": "Outer",
                  "Parallel Aware": true,
                  "Relation Name": "movie_keyword",
                  "Alias": "mk",
                  "Startup Cost": 0.0,
                  "Total Cost": 42695.65,
                  "Plan Rows": 497255,
                  "Plan Width": 0,
                  "Actual Startup Time": 1.561,
                  "Actual Total Time": 123.93,
                  "Actual Rows": 386155,
                  "Actual Loops": 4,
                  "Filter": "(keyword_id > 10231)",
                  "Rows Removed by Filter": 744828
                }
              ]
            }
          ]
        }
      ]
    },
    "Planning Time": 0.184,
    "Triggers": [],
    "Execution Time": 163.04
  }
]