[
  {
    "Plan": {
      "Node Type": "Aggregate",
      "Strategy": "Plain",
      "Partial Mode": "Finalize",
      "Parallel Aware": false,
      "Startup Cost": 324968.13,
      "Total Cost": 324968.14,
      "Plan Rows": 1,
      "Plan Width": 8,
      "Actual Startup Time": 1438.473,
      "Actual Total Time": 1473.199,
      "Actual Rows": 1,
      "Actual Loops": 1,
      "Plans": [
        {
          "Node Type": "Gather",
          "Parent Relationship": "Outer",
          "Parallel Aware": false,
          "Startup Cost": 324967.51,
          "Total Cost": 324968.12,
          "Plan Rows": 6,
          "Plan Width": 8,
          "Actual Startup Time": 1416.559,
          "Actual Total Time": 1473.186,
          "Actual Rows": 7,
          "Actual Loops": 1,
          "Workers Planned": 6,
          "Workers Launched": 6,
          "Single Copy": false,
          "Plans": [
            {
              "Node Type": "Aggregate",
              "Strategy": "Plain",
              "Partial Mode": "Partial",
              "Parent Relationship": "Outer",
              "Parallel Aware": false,
              "Startup Cost": 323967.51,
              "Total Cost": 323967.52,
              "Plan Rows": 1,
              "Plan Width": 8,
              "Actual Startup Time": 1400.559,
              "Actual Total Time": 1400.918,
              "Actual Rows": 1,
              "Actual Loops": 7,
              "Plans": [
                {
                  "Node Type": "Hash Join",
                  "Parent Relationship": "Outer",
                  "Parallel Aware": true,
                  "Join Type": "Inner",
                  "Startup Cost": 87519.73,
                  "Total Cost": 322260.62,
                  "Plan Rows": 682756,
                  "Plan Width": 0,
                  "Actual Startup Time": 489.341,
                  "Actual Total Time": 1292.191,
                  "Actual Rows": 2158089,
                  "Actual Loops": 7,
                  "Inner Unique": false,
                  "Hash Cond": "(ci.movie_id = t.id)",
                  "Plans": [
                    {
                      "Node Type": "Index Scan",
                      "Parent Relationship": "Outer",
                      "Parallel Aware": true,
                      "Scan Direction": "Forward",
                      "Index Name": "role_id_cast_info",
                      "Relation Name": "cast_info",
                      "Alias": "ci",
                      "Startup Cost": 0.56,
                      "Total Cost": 227171.99,
                      "Plan Rows": 1431208,
                      "Plan Width": 4,
                      "Actual Startup Time": 0.266,
                      "Actual Total Time": 241.987,
                      "Actual Rows": 1212331,
                      "Actual Loops": 7,
                      "Index Cond": "(role_id > 5)",
                      "Rows Removed by Index Recheck": 0
                    },
                    {
                      "Node Type": "Hash",
                      "Parent Relationship": "Inner",
                      "Parallel Aware": true,
                      "Startup Cost": 82655.77,
                      "Total Cost": 82655.77,
                      "Plan Rows": 389071,
                      "Plan Width": 8,
                      "Actual Startup Time": 484.263,
                      "Actual Total Time": 484.62,
                      "Actual Rows": 164307,
                      "Actual Loops": 7,
                      "Hash Buckets": 2097152,
                      "Original Hash Buckets": 2097152,
                      "Hash Batches": 1,
                      "Original Hash Batches": 1,
                      "Peak Memory Usage": 61504,
                      "Plans": [
                        {
                          "Node Type": "Hash Join",
                          "Parent Relationship": "Outer",
                          "Parallel Aware": true,
                          "Join Type": "Inner",
                          "Startup Cost": 50219.64,
                          "Total Cost": 82655.77,
                          "Plan Rows": 389071,
                          "Plan Width": 8,
                          "Actual Startup Time": 289.251,
                          "Actual Total Time": 411.652,
                          "Actual Rows": 164307,
                          "Actual Loops": 7,
                          "Inner Unique": true,
                          "Hash Cond": "(mc.movie_id = t.id)",
                          "Plans": [
                            {
                              "Node Type": "Seq Scan",
                              "Parent Relationship": "Outer",
                              "Parallel Aware": true,
                              "Relation Name": "movie_companies",
                              "Alias": "mc",
                              "Startup Cost": 0.0,
                              "Total Cost": 31414.82,
                              "Plan Rows": 389071,
                              "Plan Width": 4,
                              "Actual Startup Time": 0.032,
                              "Actual Total Time": 54.842,
                              "Actual Rows": 164307,
                              "Actual Loops": 7,
                              "Filter": "((company_id > 27) AND (company_type_id < 2))",
                              "Rows Removed by Filter": 208426
                            },
                            {
                              "Node Type": "Hash",
                              "Parent Relationship": "Inner",
                              "Parallel Aware": true,
                              "Startup Cost": 42318.73,
                              "Total Cost": 42318.73,
                              "Plan Rows": 632073,
                              "Plan Width": 4,
                              "Actual Startup Time": 284.031,
                              "Actual Total Time": 284.033,
                              "Actual Rows": 361187,
                              "Actual Loops": 7,
                              "Hash Buckets": 4194304,
                              "Original Hash Buckets": 4194304,
                              "Hash Batches": 1,
                              "Original Hash Batches": 1,
                              "Peak Memory Usage": 131744,
                              "Plans": [
                                {
                                  "Node Type": "Seq Scan",
                                  "Parent Relationship": "Outer",
                                  "Parallel Aware": true,
                                  "Relation Name": "title",
                                  "Alias": "t",
                                  "Startup Cost": 0.0,
                                  "Total Cost": 42318.73,
                                  "Plan Rows": 632073,
                                  "Plan Width": 4,
                                  "Actual Startup Time": 0.047,
                                  "Actual Total Time": 79.779,
                                  "Actual Rows": 361187,
                                  "Actual Loops": 7
                                }
                              ]
                            }
                          ]
                        }
                      ]
                    }
                  ]
                }
              ]
            }
          ]
        }
      ]
    },
    "Planning Time": 1.408,
    "Triggers": [],
    "Execution Time": 1473.288
  }
]