[
  {
    "Plan": {
      "Node Type": "Aggregate",
      "Strategy": "Plain",
      "Partial Mode": "Finalize",
      "Parallel Aware": false,
      "Startup Cost": 209465.55,
      "Total Cost": 209465.56,
      "Plan Rows": 1,
      "Plan Width": 8,
      "Actual Startup Time": 108.879,
      "Actual Total Time": 121.563,
      "Actual Rows": 1,
      "Actual Loops": 1,
      "Plans": [
        {
          "Node Type": "Gather",
          "Parent Relationship": "Outer",
          "Parallel Aware": false,
          "Startup Cost": 209465.13,
          "Total Cost": 209465.54,
          "Plan Rows": 4,
          "Plan Width": 8,
          "Actual Startup Time": 108.475,
          "Actual Total Time": 121.554,
          "Actual Rows": 5,
          "Actual Loops": 1,
          "Workers Planned": 4,
          "Workers Launched": 4,
          "Single Copy": false,
          "Plans": [
            {
              "Node Type": "Aggregate",
              "Strategy": "Plain",
              "Partial Mode": "Partial",
              "Parent Relationship": "Outer",
              "Parallel Aware": false,
              "Startup Cost": 208465.13,
              "Total Cost": 208465.14,
              "Plan Rows": 1,
              "Plan Width": 8,
              "Actual Startup Time": 98.021,
              "Actual Total Time": 98.023,
              "Actual Rows": 1,
              "Actual Loops": 5,
              "Plans": [
                {
                  "Node Type": "Nested Loop",
                  "Parent Relationship": "Outer",
                  "Parallel Aware": false,
                  "Join Type": "Inner",
                  "Startup Cost": 1619.03,
                  "Total Cost": 208445.91,
                  "Plan Rows": 7686,
                  "Plan Width": 0,
                  "Actual Startup Time": 20.848,
                  "Actual Total Time": 97.329,
                  "Actual Rows": 5359,
                  "Actual Loops": 5,
                  "Inner Unique": false,
                  "Plans": [
                    {
                      "Node Type": "Bitmap Heap Scan",
                      "Parent Relationship": "Outer",
                      "Parallel Aware": true,
                      "Relation Name": "title",
                      "Alias": "t",
                      "Startup Cost": 1618.6,
                      "Total Cost": 37956.65,
                      "Plan Rows": 2061,
                      "Plan Width": 4,
                      "Actual Startup Time": 20.582,
                      "Actual Total Time": 51.952,
                      "Actual Rows": 1570,
                      "Actual Loops": 5,
                      "Recheck Cond": "(kind_id = 2)",
                      "Rows Removed by Index Recheck": 0,
                      "Filter": "(production_year > 2011)",
                      "Rows Removed by Filter": 16600,
                      "Exact Heap Blocks": 10011,
                      "Lossy Heap Blocks": 0,
                      "Plans": [
                        {
                          "Node Type": "Bitmap Index Scan",
                          "Parent Relationship": "Outer",
                          "Parallel Aware": false,
                          "Index Name": "kind_id_title",
                          "Startup Cost": 0.0,
                          "Total Cost": 1616.54,
                          "Plan Rows": 90681,
                          "Plan Width": 0,
                          "Actual Startup Time": 21.885,
                          "Actual Total Time": 21.885,
                          "Actual Rows": 90852,
                          "Actual Loops": 1,
                          "Index Cond": "(kind_id = 2)"
                        }
                      ]
                    },
                    {
                      "Node Type": "Index Scan",
                      "Parent Relationship": "Inner",
                      "Parallel Aware": false,
                      "Scan Direction": "Forward",
                      "Index Name": "movie_id_movie_info",
                      "Relation Name": "movie_info",
                      "Alias": "mi",
                      "Startup Cost": 0.43,
                      "Total Cost": 82.45,
                      "Plan Rows": 27,
                      "Plan Width": 4,
                      "Actual Startup Time": 0.014,
                      "Actual Total Time": 0.028,
                      "Actual Rows": 3,
                      "Actual Loops": 7850,
                      "Index Cond": "(movie_id = t.id)",
                      "Rows Removed by Index Recheck": 0,
                      "Filter": "(info_type_id > 5)",
                      "Rows Removed by Filter": 4
                    }
                  ]
                }
              ]
            }
          ]
        }
      ]
    },
    "Planning Time": 0.665,
    "Triggers": [],
    "Execution Time": 121.655
  }
]