[
  {
    "Plan": {
      "Node Type": "Aggregate",
      "Strategy": "Plain",
      "Partial Mode": "Finalize",
      "Parallel Aware": false,
      "Startup Cost": 339765.1,
      "Total Cost": 339765.11,
      "Plan Rows": 1,
      "Plan Width": 8,
      "Actual Startup Time": 835.816,
      "Actual Total Time": 880.594,
      "Actual Rows": 1,
      "Actual Loops": 1,
      "Plans": [
        {
          "Node Type": "Gather",
          "Parent Relationship": "Outer",
          "Parallel Aware": false,
          "Startup Cost": 339764.48,
          "Total Cost": 339765.09,
          "Plan Rows": 6,
          "Plan Width": 8,
          "Actual Startup Time": 835.617,
          "Actual Total Time": 880.579,
          "Actual Rows": 7,
          "Actual Loops": 1,
          "Workers Planned": 6,
          "Workers Launched": 6,
          "Single Copy": false,
          "Plans": [
            {
              "Node Type": "Aggregate",
              "Strategy": "Plain",
              "Partial Mode": "Partial",
              "Parent Relationship": "Outer",
              "Parallel Aware": false,
              "Startup Cost": 338764.48,
              "Total Cost": 338764.49,
              "Plan Rows": 1,
              "Plan Width": 8,
              "Actual Startup Time": 828.524,
              "Actual Total Time": 828.525,
              "Actual Rows": 1,
              "Actual Loops": 7,
              "Plans": [
                {
                  "Node Type": "Seq Scan",
                  "Parent Relationship": "Outer",
                  "Parallel Aware": true,
                  "Relation Name": "cast_info",
                  "Alias": "ci",
                  "Startup Cost": 0.0,
                  "Total Cost": 328211.39,
                  "Plan Rows": 4221235,
                  "Plan Width": 0,
                  "Actual Startup Time": 0.042,
                  "Actual Total Time": 640.115,
                  "Actual Rows": 3633039,
                  "Actual Loops": 7,
                  "Filter": "(person_id < 2625723)",
                  "Rows Removed by Filter": 1544724
                }
              ]
            }
          ]
        }
      ]
    },
    "Planning Time": 0.204,
    "Triggers": [],
    "Execution Time": 880.669
  }
]