[
  {
    "Plan": {
      "Node Type": "Aggregate",
      "Strategy": "Plain",
      "Partial Mode": "Finalize",
      "Parallel Aware": false,
      "Startup Cost": 121358.4,
      "Total Cost": 121358.41,
      "Plan Rows": 1,
      "Plan Width": 8,
      "Actual Startup Time": 284.521,
      "Actual Total Time": 304.779,
      "Actual Rows": 1,
      "Actual Loops": 1,
      "Plans": [
        {
          "Node Type": "Gather",
          "Parent Relationship": "Outer",
          "Parallel Aware": false,
          "Startup Cost": 121358.08,
          "Total Cost": 121358.39,
          "Plan Rows": 3,
          "Plan Width": 8,
          "Actual Startup Time": 283.764,
          "Actual Total Time": 304.769,
          "Actual Rows": 4,
          "Actual Loops": 1,
          "Workers Planned": 3,
          "Workers Launched": 3,
          "Single Copy": false,
          "Plans": [
            {
              "Node Type": "Aggregate",
              "Strategy": "Plain",
              "Partial Mode": "Partial",
              "Parent Relationship": "Outer",
              "Parallel Aware": false,
              "Startup Cost": 120358.08,
              "Total Cost": 120358.09,
              "Plan Rows": 1,
              "Plan Width": 8,
              "Actual Startup Time": 274.453,
              "Actual Total Time": 274.457,
              "Actual Rows": 1,
              "Actual Loops": 4,
              "Plans": [
                {
                  "Node Type": "Nested Loop",
                  "Parent Relationship": "Outer",
                  "Parallel Aware": false,
                  "Join Type": "Inner",
                  "Startup Cost": 46084.23,
                  "Total Cost": 120303.25,
                  "Plan Rows": 21932,
                  "Plan Width": 0,
                  "Actual Startup Time": 109.172,
                  "Actual Total Time": 274.165,
                  "Actual Rows": 4460,
                  "Actual Loops": 4,
                  "Inner Unique": false,
                  "Join Filter": "(t.id = mc.movie_id)",
                  "Rows Removed by Join Filter": 0,
                  "Plans": [
                    {
                      "Node Type": "Hash Join",
                      "Parent Relationship": "Outer",
                      "Parallel Aware": true,
                      "Join Type": "Inner",
                      "Startup Cost": 46083.8,
                      "Total Cost": 90416.71,
                      "Plan Rows": 47737,
                      "Plan Width": 8,
                      "Actual Startup Time": 108.958,
                      "Actual Total Time": 252.281,
                      "Actual Rows": 5844,
                      "Actual Loops": 4,
                      "Inner Unique": true,
                      "Hash Cond": "(mk.movie_id = t.id)",
                      "Plans": [
                        {
                          "Node Type": "Seq Scan",
                          "Parent Relationship": "Outer",
                          "Parallel Aware": true,
                          "Relation Name": "movie_keyword",
                          "Alias": "mk",
                          "Startup Cost": 0.0,
                          "Total Cost": 42695.65,
                          "Plan Rows": 623719,
                          "Plan Width": 4,
                          "Actual Startup Time": 0.415,
                          "Actual Total Time": 104.662,
                          "Actual Rows": 483857,
                          "Actual Loops": 4,
                          "Filter": "(keyword_id > 6848)",
                          "Rows Removed by Filter": 647125
                        },
                        {
                          "Node Type": "Hash",
                          "Parent Relationship": "Inner",
                          "Parallel Aware": true,
                          "Startup Cost": 45479.1,
                          "Total Cost": 45479.1,
                          "Plan Rows": 48376,
                          "Plan Width": 4,
                          "Actual Startup Time": 106.138,
                          "Actual Total Time": 106.139,
                          "Actual Rows": 18739,
                          "Actual Loops": 4,
                          "Hash Buckets": 262144,
                          "Original Hash Buckets": 262144,
                          "Hash Batches": 1,
                          "Original Hash Batches": 1,
                          "Peak Memory Usage": 5088,
                          "Plans": [
                            {
                              "Node Type": "Seq Scan",
                              "Parent Relationship": "Outer",
                              "Parallel Aware": true,
                              "Relation Name": "title",
                              "Alias": "t",
                              "Startup Cost": 0.0,
                              "Total Cost": 45479.1,
                              "Plan Rows": 48376,
                              "Plan Width": 4,
                              "Actual Startup Time": 0.039,
                              "Actual Total Time": 97.995,
                              "Actual Rows": 18739,
                              "Actual Loops": 4,
                              "Filter": "((kind_id > 1) AND (production_year < 1963))",
                              "Rows Removed by Filter": 613339
                            }
                          ]
                        }
                      ]
                    },
                    {
                      "Node Type": "Index Scan",
                      "Parent Relationship": "Inner",
                      "Parallel Aware": false,
                      "Scan Direction": "Forward",
                      "Index Name": "movie_id_movie_companies",
                      "Relation Name": "movie_companies",
                      "Alias": "mc",
                      "Startup Cost": 0.43,
                      "Total Cost": 0.6,
                      "Plan Rows": 2,
                      "Plan Width": 4,
                      "Actual Startup Time": 0.003,
                      "Actual Total Time": 0.003,
                      "Actual Rows": 1,
                      "Actual Loops": 23378,
                      "Index Cond": "(movie_id = mk.movie_id)",
                      "Rows Removed by Index Recheck": 0,
                      "Filter": "((company_id > 115) AND (company_type_id = 1))",
                      "Rows Removed by Filter": 2
                    }
                  ]
                }
              ]
            }
          ]
        }
      ]
    },
    "Planning Time": 1.541,
    "Triggers": [],
    "Execution Time": 304.873
  }
]