{
  "Plan": {
    "Node Type": "Aggregate",
    "Strategy": "Plain",
    "Partial Mode": "Finalize",
    "Parallel Aware": false,
    "Startup Cost": 89667.62,
    "Total Cost": 89667.63,
    "Plan Rows": 1,
    "Plan Width": 8,
    "Actual Startup Time": 428.787,
    "Actual Total Time": 438.336,
    "Actual Rows": 1,
    "Actual Loops": 1,
    "Plans": [
      {
        "Node Type": "Gather",
        "Parent Relationship": "Outer",
        "Parallel Aware": false,
        "Startup Cost": 89667.51,
        "Total Cost": 89667.62,
        "Plan Rows": 1,
        "Plan Width": 8,
        "Actual Startup Time": 428.392,
        "Actual Total Time": 438.326,
        "Actual Rows": 2,
        "Actual Loops": 1,
        "Workers Planned": 1,
        "Workers Launched": 1,
        "Single Copy": false,
        "Plans": [
          {
            "Node Type": "Aggregate",
            "Strategy": "Plain",
            "Partial Mode": "Partial",
            "Parent Relationship": "Outer",
            "Parallel Aware": false,
            "Startup Cost": 88667.51,
            "Total Cost": 88667.52,
            "Plan Rows": 1,
            "Plan Width": 8,
            "Actual Startup Time": 422.437,
            "Actual Total Time": 422.441,
            "Actual Rows": 1,
            "Actual Loops": 2,
            "Plans": [
              {
                "Node Type": "Hash Join",
                "Parent Relationship": "Outer",
                "Parallel Aware": true,
                "Join Type": "Inner",
                "Startup Cost": 27342.6,
                "Total Cost": 88321.72,
                "Plan Rows": 138315,
                "Plan Width": 0,
                "Actual Startup Time": 268.322,
                "Actual Total Time": 417.788,
                "Actual Rows": 116605,
                "Actual Loops": 2,
                "Inner Unique": false,
                "Hash Cond": "(t.id = mc.movie_id)",
                "Plans": [
                  {
                    "Node Type": "Seq Scan",
                    "Parent Relationship": "Outer",
                    "Parallel Aware": true,
                    "Relation Name": "title",
                    "Alias": "t",
                    "Startup Cost": 0.0,
                    "Total Cost": 50870.31,
                    "Plan Rows": 1487231,
                    "Plan Width": 4,
                    "Actual Startup Time": 0.009,
                    "Actual Total Time": 123.579,
                    "Actual Rows": 1264156,
                    "Actual Loops": 2
                  },
                  {
                    "Node Type": "Hash",
                    "Parent Relationship": "Inner",
                    "Parallel Aware": true,
                    "Startup Cost": 25613.66,
                    "Total Cost": 25613.66,
                    "Plan Rows": 138315,
                    "Plan Width": 4,
                    "Actual Startup Time": 85.304,
                    "Actual Total Time": 85.305,
                    "Actual Rows": 116605,
                    "Actual Loops": 2,
                    "Hash Buckets": 262144,
                    "Original Hash Buckets": 262144,
                    "Hash Batches": 1,
                    "Original Hash Batches": 1,
                    "Peak Memory Usage": 11200,
                    "Plans": [
                      {
                        "Node Type": "Bitmap Heap Scan",
                        "Parent Relationship": "Outer",
                        "Parallel Aware": true,
                        "Relation Name": "movie_companies",
                        "Alias": "mc",
                        "Startup Cost": 5094.73,
                        "Total Cost": 25613.66,
                        "Plan Rows": 138315,
                        "Plan Width": 4,
                        "Actual Startup Time": 20.938,
                        "Actual Total Time": 53.711,
                        "Actual Rows": 116605,
                        "Actual Loops": 2,
                        "Recheck Cond": "(company_id > 104665)",
                        "Rows Removed by Index Recheck": 0,
                        "Exact Heap Blocks": 3030,
                        "Lossy Heap Blocks": 0,
                        "Plans": [
                          {
                            "Node Type": "Bitmap Index Scan",
                            "Parent Relationship": "Outer",
                            "Parallel Aware": false,
                            "Index Name": "company_id_movie_companies",
                            "Startup Cost": 0.0,
                            "Total Cost": 5035.94,
                            "Plan Rows": 235135,
                            "Plan Width": 0,
                            "Actual Startup Time": 21.869,
                            "Actual Total Time": 21.869,
                            "Actual Rows": 233210,
                            "Actual Loops": 1,
                            "Index Cond": "(company_id > 104665)"
                          }
                        ]
                      }
                    ]
                  }
                ]
              }
            ]
          }
        ]
      }
    ]
  },
  "Planning Time": 0.631,
  "Triggers": [],
  "Execution Time": 438.432
}