[
  {
    "Plan": {
      "Node Type": "Aggregate",
      "Strategy": "Plain",
      "Partial Mode": "Finalize",
      "Parallel Aware": false,
      "Startup Cost": 76008.47,
      "Total Cost": 76008.48,
      "Plan Rows": 1,
      "Plan Width": 8,
      "Actual Startup Time": 260.589,
      "Actual Total Time": 279.114,
      "Actual Rows": 1,
      "Actual Loops": 1,
      "Plans": [
        {
          "Node Type": "Gather",
          "Parent Relationship": "Outer",
          "Parallel Aware": false,
          "Startup Cost": 76008.15,
          "Total Cost": 76008.46,
          "Plan Rows": 3,
          "Plan Width": 8,
          "Actual Startup Time": 260.312,
          "Actual Total Time": 279.102,
          "Actual Rows": 4,
          "Actual Loops": 1,
          "Workers Planned": 3,
          "Workers Launched": 3,
          "Single Copy": false,
          "Plans": [
            {
              "Node Type": "Aggregate",
              "Strategy": "Plain",
              "Partial Mode": "Partial",
              "Parent Relationship": "Outer",
              "Parallel Aware": false,
              "Startup Cost": 75008.15,
              "Total Cost": 75008.16,
              "Plan Rows": 1,
              "Plan Width": 8,
              "Actual Startup Time": 251.816,
              "Actual Total Time": 251.838,
              "Actual Rows": 1,
              "Actual Loops": 4,
              "Plans": [
                {
                  "Node Type": "Hash Join",
                  "Parent Relationship": "Outer",
                  "Parallel Aware": true,
                  "Join Type": "Inner",
                  "Startup Cost": 45568.46,
                  "Total Cost": 74984.35,
                  "Plan Rows": 9520,
                  "Plan Width": 0,
                  "Actual Startup Time": 111.088,
                  "Actual Total Time": 251.409,
                  "Actual Rows": 5628,
                  "Actual Loops": 4,
                  "Inner Unique": true,
                  "Hash Cond": "(mc.movie_id = t.id)",
                  "Plans": [
                    {
                      "Node Type": "Seq Scan",
                      "Parent Relationship": "Outer",
                      "Parallel Aware": true,
                      "Relation Name": "movie_companies",
                      "Alias": "mc",
                      "Startup Cost": 0.0,
                      "Total Cost": 27206.55,
                      "Plan Rows": 841655,
                      "Plan Width": 4,
                      "Actual Startup Time": 0.019,
                      "Actual Total Time": 64.762,
                      "Actual Rows": 652282,
                      "Actual Loops": 4
                    },
                    {
                      "Node Type": "Hash",
                      "Parent Relationship": "Inner",
                      "Parallel Aware": true,
                      "Startup Cost": 45479.1,
                      "Total Cost": 45479.1,
                      "Plan Rows": 7149,
                      "Plan Width": 4,
                      "Actual Startup Time": 109.434,
                      "Actual Total Time": 109.453,
                      "Actual Rows": 8122,
                      "Actual Loops": 4,
                      "Hash Buckets": 32768,
                      "Original Hash Buckets": 32768,
                      "Hash Batches": 1,
                      "Original Hash Batches": 1,
                      "Peak Memory Usage": 1600,
                      "Plans": [
                        {
                          "Node Type": "Seq Scan",
                          "Parent Relationship": "Outer",
                          "Parallel Aware": true,
                          "Relation Name": "title",
                          "Alias": "t",
                          "Startup Cost": 0.0,
                          "Total Cost": 45479.1,
                          "Plan Rows": 7149,
                          "Plan Width": 4,
                          "Actual Startup Time": 0.043,
                          "Actual Total Time": 105.114,
                          "Actual Rows": 8122,
                          "Actual Loops": 4,
                          "Filter": "((kind_id > 1) AND (production_year = 1997))",
                          "Rows Removed by Filter": 623956
                        }
                      ]
                    }
                  ]
                }
              ]
            }
          ]
        }
      ]
    },
    "Planning Time": 0.935,
    "Triggers": [],
    "Execution Time": 279.195
  }
]