{
  "Plan": {
    "Node Type": "Aggregate",
    "Strategy": "Plain",
    "Partial Mode": "Simple",
    "Parallel Aware": false,
    "Startup Cost": 197984.0,
    "Total Cost": 197984.01,
    "Plan Rows": 1,
    "Plan Width": 64,
    "Actual Startup Time": 1046.573,
    "Actual Total Time": 1047.337,
    "Actual Rows": 1,
    "Actual Loops": 1,
    "Plans": [
      {
        "Node Type": "Gather",
        "Parent Relationship": "Outer",
        "Parallel Aware": false,
        "Startup Cost": 197696.03,
        "Total Cost": 197983.99,
        "Plan Rows": 1,
        "Plan Width": 32,
        "Actual Startup Time": 974.775,
        "Actual Total Time": 1047.298,
        "Actual Rows": 126,
        "Actual Loops": 1,
        "Workers Planned": 1,
        "Workers Launched": 0,
        "Single Copy": false,
        "Plans": [
          {
            "Node Type": "Nested Loop",
            "Parent Relationship": "Outer",
            "Parallel Aware": false,
            "Join Type": "Inner",
            "Startup Cost": 196696.03,
            "Total Cost": 196983.89,
            "Plan Rows": 1,
            "Plan Width": 32,
            "Actual Startup Time": 973.52,
            "Actual Total Time": 1045.276,
            "Actual Rows": 126,
            "Actual Loops": 1,
            "Inner Unique": true,
            "Plans": [
              {
                "Node Type": "Nested Loop",
                "Parent Relationship": "Outer",
                "Parallel Aware": false,
                "Join Type": "Inner",
                "Startup Cost": 196695.61,
                "Total Cost": 196983.45,
                "Plan Rows": 1,
                "Plan Width": 36,
                "Actual Startup Time": 973.504,
                "Actual Total Time": 1044.027,
                "Actual Rows": 508,
                "Actual Loops": 1,
                "Inner Unique": false,
                "Join Filter": "(mi.movie_id = mc.movie_id)",
                "Rows Removed by Join Filter": 0,
                "Plans": [
                  {
                    "Node Type": "Nested Loop",
                    "Parent Relationship": "Outer",
                    "Parallel Aware": false,
                    "Join Type": "Inner",
                    "Startup Cost": 196695.18,
                    "Total Cost": 196982.75,
                    "Plan Rows": 1,
                    "Plan Width": 44,
                    "Actual Startup Time": 973.487,
                    "Actual Total Time": 1043.659,
                    "Actual Rows": 34,
                    "Actual Loops": 1,
                    "Inner Unique": true,
                    "Plans": [
                      {
                        "Node Type": "Nested Loop",
                        "Parent Relationship": "Outer",
                        "Parallel Aware": false,
                        "Join Type": "Inner",
                        "Startup Cost": 196695.04,
                        "Total Cost": 196980.78,
                        "Plan Rows": 12,
                        "Plan Width": 48,
                        "Actual Startup Time": 973.476,
                        "Actual Total Time": 1043.587,
                        "Actual Rows": 34,
                        "Actual Loops": 1,
                        "Inner Unique": true,
                        "Join Filter": "(mi.movie_id = t.id)",
                        "Rows Removed by Join Filter": 0,
                        "Plans": [
                          {
                            "Node Type": "Nested Loop",
                            "Parent Relationship": "Outer",
                            "Parallel Aware": false,
                            "Join Type": "Inner",
                            "Startup Cost": 196694.61,
                            "Total Cost": 196959.35,
                            "Plan Rows": 32,
                            "Plan Width": 27,
                            "Actual Startup Time": 967.834,
                            "Actual Total Time": 1034.444,
                            "Actual Rows": 3913,
                            "Actual Loops": 1,
                            "Inner Unique": false,
                            "Plans": [
                              {
                                "Node Type": "Merge Join",
                                "Parent Relationship": "Outer",
                                "Parallel Aware": false,
                                "Join Type": "Inner",
                                "Startup Cost": 196694.17,
                                "Total Cost": 196701.69,
                                "Plan Rows": 108,
                                "Plan Width": 19,
                                "Actual Startup Time": 967.583,
                                "Actual Total Time": 969.718,
                                "Actual Rows": 7726,
                                "Actual Loops": 1,
                                "Inner Unique": true,
                                "Merge Cond": "(ci.role_id = rt.id)",
                                "Plans": [
                                  {
                                    "Node Type": "Sort",
                                    "Parent Relationship": "Outer",
                                    "Parallel Aware": false,
                                    "Startup Cost": 196693.01,
                                    "Total Cost": 196696.23,
                                    "Plan Rows": 1289,
                                    "Plan Width": 23,
                                    "Actual Startup Time": 967.549,
                                    "Actual Total Time": 968.438,
                                    "Actual Rows": 7726,
                                    "Actual Loops": 1,
                                    "Sort Key": [
                                      "ci.role_id"
                                    ],
                                    "Sort Method": "quicksort",
                                    "Sort Space Used": 796,
                                    "Sort Space Type": "Memory",
                                    "Plans": [
                                      {
                                        "Node Type": "Nested Loop",
                                        "Parent Relationship": "Outer",
                                        "Parallel Aware": false,
                                        "Join Type": "Inner",
                                        "Startup Cost": 92743.29,
                                        "Total Cost": 196626.42,
                                        "Plan Rows": 1289,
                                        "Plan Width": 23,
                                        "Actual Startup Time": 558.217,
                                        "Actual Total Time": 966.084,
                                        "Actual Rows": 7726,
                                        "Actual Loops": 1,
                                        "Inner Unique": true,
                                        "Plans": [
                                          {
                                            "Node Type": "Nested Loop",
                                            "Parent Relationship": "Outer",
                                            "Parallel Aware": false,
                                            "Join Type": "Inner",
                                            "Startup Cost": 92742.86,
                                            "Total Cost": 195766.52,
                                            "Plan Rows": 1289,
                                            "Plan Width": 27,
                                            "Actual Startup Time": 558.196,
                                            "Actual Total Time": 948.904,
                                            "Actual Rows": 8204,
                                            "Actual Loops": 1,
                                            "Inner Unique": false,
                                            "Join Filter": "(n.id = ci.person_id)",
                                            "Rows Removed by Join Filter": 0,
                                            "Plans": [
                                              {
                                                "Node Type": "Hash Join",
                                                "Parent Relationship": "Outer",
                                                "Parallel Aware": true,
                                                "Join Type": "Inner",
                                                "Startup Cost": 92742.29,
                                                "Total Cost": 110832.09,
                                                "Plan Rows": 6186,
                                                "Plan Width": 23,
                                                "Actual Startup Time": 554.9,
                                                "Actual Total Time": 766.062,
                                                "Actual Rows": 10525,
                                                "Actual Loops": 1,
                                                "Inner Unique": true,
                                                "Hash Cond": "(an.person_id = n.id)",
                                                "Plans": [
                                                  {
                                                    "Node Type": "Seq Scan",
                                                    "Parent Relationship": "Outer",
                                                    "Parallel Aware": true,
                                                    "Relation Name": "aka_name",
                                                    "Alias": "an",
                                                    "Startup Cost": 0.0,
                                                    "Total Cost": 16698.02,
                                                    "Plan Rows": 530202,
                                                    "Plan Width": 4,
                                                    "Actual Startup Time": 0.006,
                                                    "Actual Total Time": 86.93,
                                                    "Actual Rows": 901343,
                                                    "Actual Loops": 1
                                                  },
                                                  {
                                                    "Node Type": "Hash",
                                                    "Parent Relationship": "Inner",
                                                    "Parallel Aware": true,
                                                    "Startup Cost": 92384.74,
                                                    "Total Cost": 92384.74,
                                                    "Plan Rows": 28604,
                                                    "Plan Width": 19,
                                                    "Actual Startup Time": 553.139,
                                                    "Actual Total Time": 553.14,
                                                    "Actual Rows": 50011,
                                                    "Actual Loops": 1,
                                                    "Hash Buckets": 65536,
                                                    "Original Hash Buckets": 65536,
                                                    "Hash Batches": 1,
                                                    "Original Hash Batches": 1,
                                                    "Peak Memory Usage": 3264,
                                                    "Plans": [
                                                      {
                                                        "Node Type": "Seq Scan",
                                                        "Parent Relationship": "Outer",
                                                        "Parallel Aware": true,
                                                        "Relation Name": "name",
                                                        "Alias": "n",
                                                        "Startup Cost": 0.0,
                                                        "Total Cost": 92384.74,
                                                        "Plan Rows": 28604,
                                                        "Plan Width": 19,
                                                        "Actual Startup Time": 222.965,
                                                        "Actual Total Time": 535.101,
                                                        "Actual Rows": 50011,
                                                        "Actual Loops": 1,
                                                        "Filter": "((name ~~ '%An%'::text) AND ((gender)::text = 'f'::text))",
                                                        "Rows Removed by Filter": 4117480
                                                      }
                                                    ]
                                                  }
                                                ]
                                              },
                                              {
                                                "Node Type": "Index Scan",
                                                "Parent Relationship": "Inner",
                                                "Parallel Aware": false,
                                                "Scan Direction": "Forward",
                                                "Index Name": "person_id_cast_info",
                                                "Relation Name": "cast_info",
                                                "Alias": "ci",
                                                "Startup Cost": 0.56,
                                                "Total Cost": 13.58,
                                                "Plan Rows": 12,
                                                "Plan Width": 16,
                                                "Actual Startup Time": 0.016,
                                                "Actual Total Time": 0.017,
                                                "Actual Rows": 1,
                                                "Actual Loops": 10525,
                                                "Index Cond": "(person_id = an.person_id)",
                                                "Rows Removed by Index Recheck": 0,
                                                "Filter": "(note = ANY ('{(voice),\"(voice: Japanese version)\",\"(voice) (uncredited)\",\"(voice: English version)\"}'::text[]))",
                                                "Rows Removed by Filter": 44
                                              }
                                            ]
                                          },
                                          {
                                            "Node Type": "Index Only Scan",
                                            "Parent Relationship": "Inner",
                                            "Parallel Aware": false,
                                            "Scan Direction": "Forward",
                                            "Index Name": "char_name_pkey",
                                            "Relation Name": "char_name",
                                            "Alias": "chn",
                                            "Startup Cost": 0.43,
                                            "Total Cost": 0.67,
                                            "Plan Rows": 1,
                                            "Plan Width": 4,
                                            "Actual Startup Time": 0.002,
                                            "Actual Total Time": 0.002,
                                            "Actual Rows": 1,
                                            "Actual Loops": 8204,
                                            "Index Cond": "(id = ci.person_role_id)",
                                            "Rows Removed by Index Recheck": 0,
                                            "Heap Fetches": 7726
                                          }
                                        ]
                                      }
                                    ]
                                  },
                                  {
                                    "Node Type": "Sort",
                                    "Parent Relationship": "Inner",
                                    "Parallel Aware": false,
                                    "Startup Cost": 1.16,
                                    "Total Cost": 1.16,
                                    "Plan Rows": 1,
                                    "Plan Width": 4,
                                    "Actual Startup Time": 0.027,
                                    "Actual Total Time": 0.028,
                                    "Actual Rows": 1,
                                    "Actual Loops": 1,
                                    "Sort Key": [
                                      "rt.id"
                                    ],
                                    "Sort Method": "quicksort",
                                    "Sort Space Used": 25,
                                    "Sort Space Type": "Memory",
                                    "Plans": [
                                      {
                                        "Node Type": "Seq Scan",
                                        "Parent Relationship": "Outer",
                                        "Parallel Aware": false,
                                        "Relation Name": "role_type",
                                        "Alias": "rt",
                                        "Startup Cost": 0.0,
                                        "Total Cost": 1.15,
                                        "Plan Rows": 1,
                                        "Plan Width": 4,
                                        "Actual Startup Time": 0.016,
                                        "Actual Total Time": 0.018,
                                        "Actual Rows": 1,
                                        "Actual Loops": 1,
                                        "Filter": "((role)::text = 'actress'::text)",
                                        "Rows Removed by Filter": 11
                                      }
                                    ]
                                  }
                                ]
                              },
                              {
                                "Node Type": "Index Scan",
                                "Parent Relationship": "Inner",
                                "Parallel Aware": false,
                                "Scan Direction": "Forward",
                                "Index Name": "movie_id_movie_info",
                                "Relation Name": "movie_info",
                                "Alias": "mi",
                                "Startup Cost": 0.43,
                                "Total Cost": 2.38,
                                "Plan Rows": 1,
                                "Plan Width": 8,
                                "Actual Startup Time": 0.006,
                                "Actual Total Time": 0.008,
                                "Actual Rows": 1,
                                "Actual Loops": 7726,
                                "Index Cond": "(movie_id = ci.movie_id)",
                                "Rows Removed by Index Recheck": 0,
                                "Filter": "((info IS NOT NULL) AND ((info ~~ 'Japan:%200%'::text) OR (info ~~ 'USA:%200%'::text)))",
                                "Rows Removed by Filter": 14
                              }
                            ]
                          },
                          {
                            "Node Type": "Index Scan",
                            "Parent Relationship": "Inner",
                            "Parallel Aware": false,
                            "Scan Direction": "Forward",
                            "Index Name": "title_pkey",
                            "Relation Name": "title",
                            "Alias": "t",
                            "Startup Cost": 0.43,
                            "Total Cost": 0.66,
                            "Plan Rows": 1,
                            "Plan Width": 21,
                            "Actual Startup Time": 0.002,
                            "Actual Total Time": 0.002,
                            "Actual Rows": 0,
                            "Actual Loops": 3913,
                            "Index Cond": "(id = ci.movie_id)",
                            "Rows Removed by Index Recheck": 0,
                            "Filter": "(production_year < 1999)",
                            "Rows Removed by Filter": 1
                          }
                        ]
                      },
                      {
                        "Node Type": "Index Scan",
                        "Parent Relationship": "Inner",
                        "Parallel Aware": false,
                        "Scan Direction": "Forward",
                        "Index Name": "info_type_pkey",
                        "Relation Name": "info_type",
                        "Alias": "it",
                        "Startup Cost": 0.14,
                        "Total Cost": 0.16,
                        "Plan Rows": 1,
                        "Plan Width": 4,
                        "Actual Startup Time": 0.001,
                        "Actual Total Time": 0.001,
                        "Actual Rows": 1,
                        "Actual Loops": 34,
                        "Index Cond": "(id = mi.info_type_id)",
                        "Rows Removed by Index Recheck": 0,
                        "Filter": "((info)::text = 'release dates'::text)",
                        "Rows Removed by Filter": 0
                      }
                    ]
                  },
                  {
                    "Node Type": "Index Scan",
                    "Parent Relationship": "Inner",
                    "Parallel Aware": false,
                    "Scan Direction": "Forward",
                    "Index Name": "movie_id_movie_companies",
                    "Relation Name": "movie_companies",
                    "Alias": "mc",
                    "Startup Cost": 0.43,
                    "Total Cost": 0.64,
                    "Plan Rows": 5,
                    "Plan Width": 8,
                    "Actual Startup Time": 0.005,
                    "Actual Total Time": 0.008,
                    "Actual Rows": 15,
                    "Actual Loops": 34,
                    "Index Cond": "(movie_id = t.id)",
                    "Rows Removed by Index Recheck": 0
                  }
                ]
              },
              {
                "Node Type": "Index Scan",
                "Parent Relationship": "Inner",
                "Parallel Aware": false,
                "Scan Direction": "Forward",
                "Index Name": "company_name_pkey",
                "Relation Name": "company_name",
                "Alias": "cn",
                "Startup Cost": 0.42,
                "Total Cost": 0.45,
                "Plan Rows": 1,
                "Plan Width": 4,
                "Actual Startup Time": 0.002,
                "Actual Total Time": 0.002,
                "Actual Rows": 0,
                "Actual Loops": 508,
                "Index Cond": "(id = mc.company_id)",
                "Rows Removed by Index Recheck": 0,
                "Filter": "((country_code)::text = '[us]'::text)",
                "Rows Removed by Filter": 1
              }
            ]
          }
        ]
      }
    ]
  },
  "Planning Time": 3.752,
  "Triggers": [],
  "Execution Time": 1047.521
}