[
  {
    "Plan": {
      "Node Type": "Aggregate",
      "Strategy": "Plain",
      "Partial Mode": "Finalize",
      "Parallel Aware": false,
      "Startup Cost": 636551.43,
      "Total Cost": 636551.44,
      "Plan Rows": 1,
      "Plan Width": 8,
      "Actual Startup Time": 3361.093,
      "Actual Total Time": 3449.517,
      "Actual Rows": 1,
      "Actual Loops": 1,
      "Plans": [
        {
          "Node Type": "Gather",
          "Parent Relationship": "Outer",
          "Parallel Aware": false,
          "Startup Cost": 636550.8,
          "Total Cost": 636551.41,
          "Plan Rows": 6,
          "Plan Width": 8,
          "Actual Startup Time": 3332.691,
          "Actual Total Time": 3449.503,
          "Actual Rows": 7,
          "Actual Loops": 1,
          "Workers Planned": 6,
          "Workers Launched": 6,
          "Single Copy": false,
          "Plans": [
            {
              "Node Type": "Aggregate",
              "Strategy": "Plain",
              "Partial Mode": "Partial",
              "Parent Relationship": "Outer",
              "Parallel Aware": false,
              "Startup Cost": 635550.8,
              "Total Cost": 635550.81,
              "Plan Rows": 1,
              "Plan Width": 8,
              "Actual Startup Time": 3310.533,
              "Actual Total Time": 3311.008,
              "Actual Rows": 1,
              "Actual Loops": 7,
              "Plans": [
                {
                  "Node Type": "Hash Join",
                  "Parent Relationship": "Outer",
                  "Parallel Aware": true,
                  "Join Type": "Inner",
                  "Startup Cost": 258331.83,
                  "Total Cost": 624748.9,
                  "Plan Rows": 4320760,
                  "Plan Width": 0,
                  "Actual Startup Time": 1138.514,
                  "Actual Total Time": 3072.312,
                  "Actual Rows": 5228127,
                  "Actual Loops": 7,
                  "Inner Unique": false,
                  "Hash Cond": "(ci.movie_id = t.id)",
                  "Plans": [
                    {
                      "Node Type": "Seq Scan",
                      "Parent Relationship": "Outer",
                      "Parallel Aware": true,
                      "Relation Name": "cast_info",
                      "Alias": "ci",
                      "Startup Cost": 0.0,
                      "Total Cost": 343257.03,
                      "Plan Rows": 3871607,
                      "Plan Width": 4,
                      "Actual Startup Time": 235.075,
                      "Actual Total Time": 761.311,
                      "Actual Rows": 3338464,
                      "Actual Loops": 7,
                      "Filter": "((person_id > 82384) AND (role_id > 1))",
                      "Rows Removed by Filter": 1839300
                    },
                    {
                      "Node Type": "Hash",
                      "Parent Relationship": "Inner",
                      "Parallel Aware": true,
                      "Startup Cost": 251277.81,
                      "Total Cost": 251277.81,
                      "Plan Rows": 564321,
                      "Plan Width": 8,
                      "Actual Startup Time": 896.489,
                      "Actual Total Time": 896.962,
                      "Actual Rows": 289802,
                      "Actual Loops": 7,
                      "Hash Buckets": 4194304,
                      "Original Hash Buckets": 4194304,
                      "Hash Batches": 1,
                      "Original Hash Batches": 1,
                      "Peak Memory Usage": 112224,
                      "Plans": [
                        {
                          "Node Type": "Hash Join",
                          "Parent Relationship": "Outer",
                          "Parallel Aware": true,
                          "Join Type": "Inner",
                          "Startup Cost": 49024.2,
                          "Total Cost": 251277.81,
                          "Plan Rows": 564321,
                          "Plan Width": 8,
                          "Actual Startup Time": 200.195,
                          "Actual Total Time": 750.533,
                          "Actual Rows": 289802,
                          "Actual Loops": 7,
                          "Inner Unique": true,
                          "Hash Cond": "(mi.movie_id = t.id)",
                          "Plans": [
                            {
                              "Node Type": "Seq Scan",
                              "Parent Relationship": "Outer",
                              "Parallel Aware": true,
                              "Relation Name": "movie_info",
                              "Alias": "mi",
                              "Startup Cost": 0.0,
                              "Total Cost": 198952.16,
                              "Plan Rows": 1257696,
                              "Plan Width": 4,
                              "Actual Startup Time": 16.593,
                              "Actual Total Time": 329.272,
                              "Actual Rows": 889071,
                              "Actual Loops": 7,
                              "Filter": "(info_type_id > 8)",
                              "Rows Removed by Filter": 1230318
                            },
                            {
                              "Node Type": "Hash",
                              "Parent Relationship": "Inner",
                              "Parallel Aware": true,
                              "Startup Cost": 45479.1,
                              "Total Cost": 45479.1,
                              "Plan Rows": 283608,
                              "Plan Width": 4,
                              "Actual Startup Time": 181.704,
                              "Actual Total Time": 181.705,
                              "Actual Rows": 176406,
                              "Actual Loops": 7,
                              "Hash Buckets": 2097152,
                              "Original Hash Buckets": 2097152,
                              "Hash Batches": 1,
                              "Original Hash Batches": 1,
                              "Peak Memory Usage": 64800,
                              "Plans": [
                                {
                                  "Node Type": "Seq Scan",
                                  "Parent Relationship": "Outer",
                                  "Parallel Aware": true,
                                  "Relation Name": "title",
                                  "Alias": "t",
                                  "Startup Cost": 0.0,
                                  "Total Cost": 45479.1,
                                  "Plan Rows": 283608,
                                  "Plan Width": 4,
                                  "Actual Startup Time": 0.051,
                                  "Actual Total Time": 88.777,
                                  "Actual Rows": 176406,
                                  "Actual Loops": 7,
                                  "Filter": "((kind_id > 1) AND (production_year > 1997))",
                                  "Rows Removed by Filter": 184781
                                }
                              ]
                            }
                          ]
                        }
                      ]
                    }
                  ]
                }
              ]
            }
          ]
        }
      ]
    },
    "Planning Time": 1.433,
    "Triggers": [],
    "Execution Time": 3449.627
  }
]