[
    {
        "Bao": {
            "Bao prediction": "NaN",
            "Bao recommended hint": "(no hint)"
        }
    },
    {
        "Plan": {
            "Node Type": "Aggregate",
            "Strategy": "Plain",
            "Partial Mode": "Finalize",
            "Parallel Aware": false,
            "Startup Cost": 117212.41,
            "Total Cost": 117212.42,
            "Plan Rows": 1,
            "Plan Width": 8,
            "Actual Startup Time": 186.318,
            "Actual Total Time": 194.404,
            "Actual Rows": 1,
            "Actual Loops": 1,
            "Output": [
                "count(*)"
            ],
            "Plans": [
                {
                    "Node Type": "Gather",
                    "Parent Relationship": "Outer",
                    "Parallel Aware": false,
                    "Startup Cost": 117211.89,
                    "Total Cost": 117212.4,
                    "Plan Rows": 5,
                    "Plan Width": 8,
                    "Actual Startup Time": 186.237,
                    "Actual Total Time": 194.394,
                    "Actual Rows": 6,
                    "Actual Loops": 1,
                    "Output": [
                        "(PARTIAL count(*))"
                    ],
                    "Workers Planned": 5,
                    "Workers Launched": 5,
                    "Single Copy": false,
                    "Plans": [
                        {
                            "Node Type": "Aggregate",
                            "Strategy": "Plain",
                            "Partial Mode": "Partial",
                            "Parent Relationship": "Outer",
                            "Parallel Aware": false,
                            "Startup Cost": 116211.89,
                            "Total Cost": 116211.9,
                            "Plan Rows": 1,
                            "Plan Width": 8,
                            "Actual Startup Time": 176.838,
                            "Actual Total Time": 176.84,
                            "Actual Rows": 1,
                            "Actual Loops": 6,
                            "Output": [
                                "PARTIAL count(*)"
                            ],
                            "Workers": [
                                {
                                    "Worker Number": 0,
                                    "Actual Startup Time": 174.375,
                                    "Actual Total Time": 174.376,
                                    "Actual Rows": 1,
                                    "Actual Loops": 1
                                },
                                {
                                    "Worker Number": 1,
                                    "Actual Startup Time": 174.455,
                                    "Actual Total Time": 174.456,
                                    "Actual Rows": 1,
                                    "Actual Loops": 1
                                },
                                {
                                    "Worker Number": 2,
                                    "Actual Startup Time": 175.075,
                                    "Actual Total Time": 175.077,
                                    "Actual Rows": 1,
                                    "Actual Loops": 1
                                },
                                {
                                    "Worker Number": 3,
                                    "Actual Startup Time": 175.464,
                                    "Actual Total Time": 175.465,
                                    "Actual Rows": 1,
                                    "Actual Loops": 1
                                },
                                {
                                    "Worker Number": 4,
                                    "Actual Startup Time": 175.716,
                                    "Actual Total Time": 175.717,
                                    "Actual Rows": 1,
                                    "Actual Loops": 1
                                }
                            ],
                            "Plans": [
                                {
                                    "Node Type": "Index Scan",
                                    "Parent Relationship": "Outer",
                                    "Parallel Aware": true,
                                    "Scan Direction": "Forward",
                                    "Index Name": "role_id_cast_info",
                                    "Relation Name": "cast_info",
                                    "Schema": "public",
                                    "Alias": "ci",
                                    "Startup Cost": 0.56,
                                    "Total Cost": 115696.32,
                                    "Plan Rows": 206231,
                                    "Plan Width": 0,
                                    "Actual Startup Time": 0.13,
                                    "Actual Total Time": 152.167,
                                    "Actual Rows": 515682,
                                    "Actual Loops": 6,
                                    "Output": [
                                        "id",
                                        "person_id",
                                        "movie_id",
                                        "person_role_id",
                                        "note",
                                        "nr_order",
                                        "role_id"
                                    ],
                                    "Index Cond": "(ci.role_id = 10)",
                                    "Rows Removed by Index Recheck": 0,
                                    "Filter": "(ci.person_id > 2813075)",
                                    "Rows Removed by Filter": 204821,
                                    "Workers": [
                                        {
                                            "Worker Number": 0,
                                            "Actual Startup Time": 0.152,
                                            "Actual Total Time": 149.933,
                                            "Actual Rows": 489449,
                                            "Actual Loops": 1
                                        },
                                        {
                                            "Worker Number": 1,
                                            "Actual Startup Time": 0.148,
                                            "Actual Total Time": 151.394,
                                            "Actual Rows": 489383,
                                            "Actual Loops": 1
                                        },
                                        {
                                            "Worker Number": 2,
                                            "Actual Startup Time": 0.144,
                                            "Actual Total Time": 150.433,
                                            "Actual Rows": 491869,
                                            "Actual Loops": 1
                                        },
                                        {
                                            "Worker Number": 3,
                                            "Actual Startup Time": 0.114,
                                            "Actual Total Time": 150.731,
                                            "Actual Rows": 496674,
                                            "Actual Loops": 1
                                        },
                                        {
                                            "Worker Number": 4,
                                            "Actual Startup Time": 0.19,
                                            "Actual Total Time": 150.939,
                                            "Actual Rows": 496336,
                                            "Actual Loops": 1
                                        }
                                    ]
                                }
                            ]
                        }
                    ]
                }
            ]
        },
        "Planning Time": 196.235,
        "Triggers": [],
        "Execution Time": 194.448
    }
]