[
  {
    "Plan": {
      "Node Type": "Aggregate",
      "Strategy": "Plain",
      "Partial Mode": "Finalize",
      "Parallel Aware": false,
      "Startup Cost": 337052.23,
      "Total Cost": 337052.24,
      "Plan Rows": 1,
      "Plan Width": 8,
      "Actual Startup Time": 946.947,
      "Actual Total Time": 1015.638,
      "Actual Rows": 1,
      "Actual Loops": 1,
      "Plans": [
        {
          "Node Type": "Gather",
          "Parent Relationship": "Outer",
          "Parallel Aware": false,
          "Startup Cost": 337051.6,
          "Total Cost": 337052.21,
          "Plan Rows": 6,
          "Plan Width": 8,
          "Actual Startup Time": 946.763,
          "Actual Total Time": 1015.616,
          "Actual Rows": 7,
          "Actual Loops": 1,
          "Workers Planned": 6,
          "Workers Launched": 6,
          "Single Copy": false,
          "Plans": [
            {
              "Node Type": "Aggregate",
              "Strategy": "Plain",
              "Partial Mode": "Partial",
              "Parent Relationship": "Outer",
              "Parallel Aware": false,
              "Startup Cost": 336051.6,
              "Total Cost": 336051.61,
              "Plan Rows": 1,
              "Plan Width": 8,
              "Actual Startup Time": 940.681,
              "Actual Total Time": 940.682,
              "Actual Rows": 1,
              "Actual Loops": 7,
              "Plans": [
                {
                  "Node Type": "Seq Scan",
                  "Parent Relationship": "Outer",
                  "Parallel Aware": true,
                  "Relation Name": "cast_info",
                  "Alias": "ci",
                  "Startup Cost": 0.0,
                  "Total Cost": 328211.39,
                  "Plan Rows": 3136084,
                  "Plan Width": 0,
                  "Actual Startup Time": 0.026,
                  "Actual Total Time": 766.372,
                  "Actual Rows": 2715169,
                  "Actual Loops": 7,
                  "Filter": "(person_id < 1897270)",
                  "Rows Removed by Filter": 2462595
                }
              ]
            }
          ]
        }
      ]
    },
    "Planning Time": 0.102,
    "Triggers": [],
    "Execution Time": 1015.692
  }
]