[
  {
    "Plan": {
      "Node Type": "Aggregate",
      "Strategy": "Plain",
      "Partial Mode": "Finalize",
      "Parallel Aware": false,
      "Startup Cost": 380433.84,
      "Total Cost": 380433.85,
      "Plan Rows": 1,
      "Plan Width": 64,
      "Actual Startup Time": 6843.268,
      "Actual Total Time": 6900.39,
      "Actual Rows": 1,
      "Actual Loops": 1,
      "Plans": [
        {
          "Node Type": "Gather",
          "Parent Relationship": "Outer",
          "Parallel Aware": false,
          "Startup Cost": 380433.41,
          "Total Cost": 380433.82,
          "Plan Rows": 4,
          "Plan Width": 64,
          "Actual Startup Time": 6760.356,
          "Actual Total Time": 6900.368,
          "Actual Rows": 5,
          "Actual Loops": 1,
          "Workers Planned": 4,
          "Workers Launched": 4,
          "Single Copy": false,
          "Plans": [
            {
              "Node Type": "Aggregate",
              "Strategy": "Plain",
              "Partial Mode": "Partial",
              "Parent Relationship": "Outer",
              "Parallel Aware": false,
              "Startup Cost": 379433.41,
              "Total Cost": 379433.42,
              "Plan Rows": 1,
              "Plan Width": 64,
              "Actual Startup Time": 6747.027,
              "Actual Total Time": 6747.047,
              "Actual Rows": 1,
              "Actual Loops": 5,
              "Plans": [
                {
                  "Node Type": "Hash Join",
                  "Parent Relationship": "Outer",
                  "Parallel Aware": true,
                  "Join Type": "Inner",
                  "Startup Cost": 315252.42,
                  "Total Cost": 371506.67,
                  "Plan Rows": 1585348,
                  "Plan Width": 33,
                  "Actual Startup Time": 5795.809,
                  "Actual Total Time": 6641.527,
                  "Actual Rows": 1401789,
                  "Actual Loops": 5,
                  "Inner Unique": false,
                  "Hash Cond": "(ci.person_id = an1.person_id)",
                  "Plans": [
                    {
                      "Node Type": "Hash Join",
                      "Parent Relationship": "Outer",
                      "Parallel Aware": false,
                      "Join Type": "Inner",
                      "Startup Cost": 223832.98,
                      "Total Cost": 273588.64,
                      "Plan Rows": 676058,
                      "Plan Width": 21,
                      "Actual Startup Time": 5136.151,
                      "Actual Total Time": 5680.624,
                      "Actual Rows": 1055781,
                      "Actual Loops": 5,
                      "Inner Unique": false,
                      "Hash Cond": "(t.id = ci.movie_id)",
                      "Plans": [
                        {
                          "Node Type": "Hash Join",
                          "Parent Relationship": "Outer",
                          "Parallel Aware": true,
                          "Join Type": "Inner",
                          "Startup Cost": 38581.4,
                          "Total Cost": 84033.25,
                          "Plan Rows": 236582,
                          "Plan Width": 25,
                          "Actual Startup Time": 300.613,
                          "Actual Total Time": 608.78,
                          "Actual Rows": 230760,
                          "Actual Loops": 5,
                          "Inner Unique": false,
                          "Hash Cond": "(t.id = mc.movie_id)",
                          "Plans": [
                            {
                              "Node Type": "Seq Scan",
                              "Parent Relationship": "Outer",
                              "Parallel Aware": true,
                              "Relation Name": "title",
                              "Alias": "t",
                              "Startup Cost": 0.0,
                              "Total Cost": 42318.49,
                              "Plan Rows": 632049,
                              "Plan Width": 21,
                              "Actual Startup Time": 0.02,
                              "Actual Total Time": 84.115,
                              "Actual Rows": 505662,
                              "Actual Loops": 5
                            },
                            {
                              "Node Type": "Hash",
                              "Parent Relationship": "Inner",
                              "Parallel Aware": true,
                              "Startup Cost": 34765.57,
                              "Total Cost": 34765.57,
                              "Plan Rows": 305267,
                              "Plan Width": 4,
                              "Actual Startup Time": 298.043,
                              "Actual Total Time": 298.048,
                              "Actual Rows": 230760,
                              "Actual Loops": 5,
                              "Hash Buckets": 2097152,
                              "Original Hash Buckets": 1048576,
                              "Hash Batches": 1,
                              "Original Hash Batches": 1,
                              "Peak Memory Usage": 69792,
                              "Plans": [
                                {
                                  "Node Type": "Hash Join",
                                  "Parent Relationship": "Outer",
                                  "Parallel Aware": true,
                                  "Join Type": "Inner",
                                  "Startup Cost": 5349.63,
                                  "Total Cost": 34765.57,
                                  "Plan Rows": 305267,
                                  "Plan Width": 4,
                                  "Actual Startup Time": 19.631,
                                  "Actual Total Time": 178.565,
                                  "Actual Rows": 230760,
                                  "Actual Loops": 5,
                                  "Inner Unique": true,
                                  "Hash Cond": "(mc.company_id = cn.id)",
                                  "Plans": [
                                    {
                                      "Node Type": "Seq Scan",
                                      "Parent Relationship": "Outer",
                                      "Parallel Aware": true,
                                      "Relation Name": "movie_companies",
                                      "Alias": "mc",
                                      "Startup Cost": 0.0,
                                      "Total Cost": 27206.55,
                                      "Plan Rows": 841655,
                                      "Plan Width": 8,
                                      "Actual Startup Time": 0.023,
                                      "Actual Total Time": 65.558,
                                      "Actual Rows": 521826,
                                      "Actual Loops": 5
                                    },
                                    {
                                      "Node Type": "Hash",
                                      "Parent Relationship": "Inner",
                                      "Parallel Aware": true,
                                      "Startup Cost": 4722.92,
                                      "Total Cost": 4722.92,
                                      "Plan Rows": 50137,
                                      "Plan Width": 4,
                                      "Actual Startup Time": 19.329,
                                      "Actual Total Time": 19.331,
                                      "Actual Rows": 16969,
                                      "Actual Loops": 5,
                                      "Hash Buckets": 131072,
                                      "Original Hash Buckets": 131072,
                                      "Hash Batches": 1,
                                      "Original Hash Batches": 1,
                                      "Peak Memory Usage": 4416,
                                      "Plans": [
                                        {
                                          "Node Type": "Seq Scan",
                                          "Parent Relationship": "Outer",
                                          "Parallel Aware": true,
                                          "Relation Name": "company_name",
                                          "Alias": "cn",
                                          "Startup Cost": 0.0,
                                          "Total Cost": 4722.92,
                                          "Plan Rows": 50137,
                                          "Plan Width": 4,
                                          "Actual Startup Time": 0.045,
                                          "Actual Total Time": 13.082,
                                          "Actual Rows": 16969,
                                          "Actual Loops": 5,
                                          "Filter": "((country_code)::text = '[us]'::text)",
                                          "Rows Removed by Filter": 30031
                                        }
                                      ]
                                    }
                                  ]
                                }
                              ]
                            }
                          ]
                        },
                        {
                          "Node Type": "Hash",
                          "Parent Relationship": "Inner",
                          "Parallel Aware": false,
                          "Startup Cost": 147513.09,
                          "Total Cost": 147513.09,
                          "Plan Rows": 3019079,
                          "Plan Width": 8,
                          "Actual Startup Time": 4796.909,
                          "Actual Total Time": 4796.911,
                          "Actual Rows": 7451973,
                          "Actual Loops": 5,
                          "Hash Buckets": 8388608,
                          "Original Hash Buckets": 4194304,
                          "Hash Batches": 1,
                          "Original Hash Batches": 1,
                          "Peak Memory Usage": 356629,
                          "Plans": [
                            {
                              "Node Type": "Nested Loop",
                              "Parent Relationship": "Outer",
                              "Parallel Aware": false,
                              "Join Type": "Inner",
                              "Startup Cost": 0.56,
                              "Total Cost": 147513.09,
                              "Plan Rows": 3019079,
                              "Plan Width": 8,
                              "Actual Startup Time": 0.176,
                              "Actual Total Time": 2253.755,
                              "Actual Rows": 7451973,
                              "Actual Loops": 5,
                              "Inner Unique": false,
                              "Plans": [
                                {
                                  "Node Type": "Seq Scan",
                                  "Parent Relationship": "Outer",
                                  "Parallel Aware": false,
                                  "Relation Name": "role_type",
                                  "Alias": "rt",
                                  "Startup Cost": 0.0,
                                  "Total Cost": 1.15,
                                  "Plan Rows": 1,
                                  "Plan Width": 4,
                                  "Actual Startup Time": 0.063,
                                  "Actual Total Time": 0.071,
                                  "Actual Rows": 1,
                                  "Actual Loops": 5,
                                  "Filter": "((role)::text = 'actress'::text)",
                                  "Rows Removed by Filter": 11
                                },
                                {
                                  "Node Type": "Index Scan",
                                  "Parent Relationship": "Inner",
                                  "Parallel Aware": false,
                                  "Scan Direction": "Forward",
                                  "Index Name": "role_id_cast_info",
                                  "Relation Name": "cast_info",
                                  "Alias": "ci",
                                  "Startup Cost": 0.56,
                                  "Total Cost": 114576.53,
                                  "Plan Rows": 3293541,
                                  "Plan Width": 12,
                                  "Actual Startup Time": 0.106,
                                  "Actual Total Time": 1506.693,
                                  "Actual Rows": 7451973,
                                  "Actual Loops": 5,
                                  "Index Cond": "(role_id = rt.id)",
                                  "Rows Removed by Index Recheck": 0
                                }
                              ]
                            }
                          ]
                        }
                      ]
                    },
                    {
                      "Node Type": "Hash",
                      "Parent Relationship": "Inner",
                      "Parallel Aware": true,
                      "Startup Cost": 88602.74,
                      "Total Cost": 88602.74,
                      "Plan Rows": 225336,
                      "Plan Width": 24,
                      "Actual Startup Time": 656.531,
                      "Actual Total Time": 656.535,
                      "Actual Rows": 180269,
                      "Actual Loops": 5,
                      "Hash Buckets": 1048576,
                      "Original Hash Buckets": 1048576,
                      "Hash Batches": 1,
                      "Original Hash Batches": 1,
                      "Peak Memory Usage": 61120,
                      "Plans": [
                        {
                          "Node Type": "Hash Join",
                          "Parent Relationship": "Outer",
                          "Parallel Aware": true,
                          "Join Type": "Inner",
                          "Startup Cost": 17938.01,
                          "Total Cost": 88602.74,
                          "Plan Rows": 225336,
                          "Plan Width": 24,
                          "Actual Startup Time": 149.357,
                          "Actual Total Time": 570.603,
                          "Actual Rows": 180269,
                          "Actual Loops": 5,
                          "Inner Unique": false,
                          "Hash Cond": "(n1.id = an1.person_id)",
                          "Plans": [
                            {
                              "Node Type": "Seq Scan",
                              "Parent Relationship": "Outer",
                              "Parallel Aware": true,
                              "Relation Name": "name",
                              "Alias": "n1",
                              "Startup Cost": 0.0,
                              "Total Cost": 66031.07,
                              "Plan Rows": 1041807,
                              "Plan Width": 4,
                              "Actual Startup Time": 0.029,
                              "Actual Total Time": 132.661,
                              "Actual Rows": 833498,
                              "Actual Loops": 5
                            },
                            {
                              "Node Type": "Hash",
                              "Parent Relationship": "Inner",
                              "Parallel Aware": true,
                              "Startup Cost": 14303.56,
                              "Total Cost": 14303.56,
                              "Plan Rows": 290756,
                              "Plan Width": 20,
                              "Actual Startup Time": 147.496,
                              "Actual Total Time": 147.497,
                              "Actual Rows": 180269,
                              "Actual Loops": 5,
                              "Hash Buckets": 1048576,
                              "Original Hash Buckets": 1048576,
                              "Hash Batches": 1,
                              "Original Hash Batches": 1,
                              "Peak Memory Usage": 58112,
                              "Plans": [
                                {
                                  "Node Type": "Seq Scan",
                                  "Parent Relationship": "Outer",
                                  "Parallel Aware": true,
                                  "Relation Name": "aka_name",
                                  "Alias": "an1",
                                  "Startup Cost": 0.0,
                                  "Total Cost": 14303.56,
                                  "Plan Rows": 290756,
                                  "Plan Width": 20,
                                  "Actual Startup Time": 0.079,
                                  "Actual Total Time": 53.635,
                                  "Actual Rows": 180269,
                                  "Actual Loops": 5
                                }
                              ]
                            }
                          ]
                        }
                      ]
                    }
                  ]
                }
              ]
            }
          ]
        }
      ]
    },
    "Planning Time": 7.7,
    "Triggers": [],
    "Execution Time": 6908.059
  }
]