[
  {
    "Plan": {
      "Node Type": "Aggregate",
      "Strategy": "Plain",
      "Partial Mode": "Finalize",
      "Parallel Aware": false,
      "Startup Cost": 185196.84,
      "Total Cost": 185196.85,
      "Plan Rows": 1,
      "Plan Width": 8,
      "Actual Startup Time": 659.941,
      "Actual Total Time": 702.668,
      "Actual Rows": 1,
      "Actual Loops": 1,
      "Plans": [
        {
          "Node Type": "Gather",
          "Parent Relationship": "Outer",
          "Parallel Aware": false,
          "Startup Cost": 185196.52,
          "Total Cost": 185196.83,
          "Plan Rows": 3,
          "Plan Width": 8,
          "Actual Startup Time": 656.095,
          "Actual Total Time": 702.657,
          "Actual Rows": 4,
          "Actual Loops": 1,
          "Workers Planned": 3,
          "Workers Launched": 3,
          "Single Copy": false,
          "Plans": [
            {
              "Node Type": "Aggregate",
              "Strategy": "Plain",
              "Partial Mode": "Partial",
              "Parent Relationship": "Outer",
              "Parallel Aware": false,
              "Startup Cost": 184196.52,
              "Total Cost": 184196.53,
              "Plan Rows": 1,
              "Plan Width": 8,
              "Actual Startup Time": 648.374,
              "Actual Total Time": 648.378,
              "Actual Rows": 1,
              "Actual Loops": 4,
              "Plans": [
                {
                  "Node Type": "Nested Loop",
                  "Parent Relationship": "Outer",
                  "Parallel Aware": false,
                  "Join Type": "Inner",
                  "Startup Cost": 45532.96,
                  "Total Cost": 184176.18,
                  "Plan Rows": 8137,
                  "Plan Width": 0,
                  "Actual Startup Time": 194.889,
                  "Actual Total Time": 646.757,
                  "Actual Rows": 22028,
                  "Actual Loops": 4,
                  "Inner Unique": false,
                  "Join Filter": "(t.id = mi.movie_id)",
                  "Rows Removed by Join Filter": 0,
                  "Plans": [
                    {
                      "Node Type": "Hash Join",
                      "Parent Relationship": "Outer",
                      "Parallel Aware": true,
                      "Join Type": "Inner",
                      "Startup Cost": 45532.52,
                      "Total Cost": 75355.79,
                      "Plan Rows": 40363,
                      "Plan Width": 8,
                      "Actual Startup Time": 194.588,
                      "Actual Total Time": 284.793,
                      "Actual Rows": 41754,
                      "Actual Loops": 4,
                      "Inner Unique": true,
                      "Hash Cond": "(mc.movie_id = t.id)",
                      "Plans": [
                        {
                          "Node Type": "Seq Scan",
                          "Parent Relationship": "Outer",
                          "Parallel Aware": true,
                          "Relation Name": "movie_companies",
                          "Alias": "mc",
                          "Startup Cost": 0.0,
                          "Total Cost": 29310.68,
                          "Plan Rows": 195272,
                          "Plan Width": 4,
                          "Actual Startup Time": 29.335,
                          "Actual Total Time": 66.024,
                          "Actual Rows": 150130,
                          "Actual Loops": 4,
                          "Filter": "(company_id > 67587)",
                          "Rows Removed by Filter": 502152
                        },
                        {
                          "Node Type": "Hash",
                          "Parent Relationship": "Inner",
                          "Parallel Aware": true,
                          "Startup Cost": 43899.32,
                          "Total Cost": 43899.32,
                          "Plan Rows": 130656,
                          "Plan Width": 4,
                          "Actual Startup Time": 162.717,
                          "Actual Total Time": 162.718,
                          "Actual Rows": 134548,
                          "Actual Loops": 4,
                          "Hash Buckets": 1048576,
                          "Original Hash Buckets": 524288,
                          "Hash Batches": 1,
                          "Original Hash Batches": 1,
                          "Peak Memory Usage": 33440,
                          "Plans": [
                            {
                              "Node Type": "Seq Scan",
                              "Parent Relationship": "Outer",
                              "Parallel Aware": true,
                              "Relation Name": "title",
                              "Alias": "t",
                              "Startup Cost": 0.0,
                              "Total Cost": 43899.32,
                              "Plan Rows": 130656,
                              "Plan Width": 4,
                              "Actual Startup Time": 0.033,
                              "Actual Total Time": 98.885,
                              "Actual Rows": 134548,
                              "Actual Loops": 4,
                              "Filter": "(production_year < 1982)",
                              "Rows Removed by Filter": 497530
                            }
                          ]
                        }
                      ]
                    },
                    {
                      "Node Type": "Index Scan",
                      "Parent Relationship": "Inner",
                      "Parallel Aware": false,
                      "Scan Direction": "Forward",
                      "Index Name": "movie_id_movie_info",
                      "Relation Name": "movie_info",
                      "Alias": "mi",
                      "Startup Cost": 0.43,
                      "Total Cost": 2.68,
                      "Plan Rows": 1,
                      "Plan Width": 4,
                      "Actual Startup Time": 0.008,
                      "Actual Total Time": 0.008,
                      "Actual Rows": 1,
                      "Actual Loops": 167015,
                      "Index Cond": "(movie_id = mc.movie_id)",
                      "Rows Removed by Index Recheck": 0,
                      "Filter": "(info_type_id = 5)",
                      "Rows Removed by Filter": 12
                    }
                  ]
                }
              ]
            }
          ]
        }
      ]
    },
    "Planning Time": 0.897,
    "Triggers": [],
    "Execution Time": 702.745
  }
]