[
  {
    "Plan": {
      "Node Type": "Aggregate",
      "Strategy": "Plain",
      "Partial Mode": "Finalize",
      "Parallel Aware": false,
      "Startup Cost": 125304.97,
      "Total Cost": 125304.98,
      "Plan Rows": 1,
      "Plan Width": 8,
      "Actual Startup Time": 734.783,
      "Actual Total Time": 760.776,
      "Actual Rows": 1,
      "Actual Loops": 1,
      "Plans": [
        {
          "Node Type": "Gather",
          "Parent Relationship": "Outer",
          "Parallel Aware": false,
          "Startup Cost": 125304.65,
          "Total Cost": 125304.96,
          "Plan Rows": 3,
          "Plan Width": 8,
          "Actual Startup Time": 726.183,
          "Actual Total Time": 760.766,
          "Actual Rows": 4,
          "Actual Loops": 1,
          "Workers Planned": 3,
          "Workers Launched": 3,
          "Single Copy": false,
          "Plans": [
            {
              "Node Type": "Aggregate",
              "Strategy": "Plain",
              "Partial Mode": "Partial",
              "Parent Relationship": "Outer",
              "Parallel Aware": false,
              "Startup Cost": 124304.65,
              "Total Cost": 124304.66,
              "Plan Rows": 1,
              "Plan Width": 8,
              "Actual Startup Time": 713.824,
              "Actual Total Time": 713.833,
              "Actual Rows": 1,
              "Actual Loops": 4,
              "Plans": [
                {
                  "Node Type": "Hash Join",
                  "Parent Relationship": "Outer",
                  "Parallel Aware": true,
                  "Join Type": "Inner",
                  "Startup Cost": 79015.94,
                  "Total Cost": 123968.94,
                  "Plan Rows": 134285,
                  "Plan Width": 0,
                  "Actual Startup Time": 378.188,
                  "Actual Total Time": 665.134,
                  "Actual Rows": 1221011,
                  "Actual Loops": 4,
                  "Inner Unique": false,
                  "Hash Cond": "(mk.movie_id = t.id)",
                  "Plans": [
                    {
                      "Node Type": "Seq Scan",
                      "Parent Relationship": "Outer",
                      "Parallel Aware": true,
                      "Relation Name": "movie_keyword",
                      "Alias": "mk",
                      "Startup Cost": 0.0,
                      "Total Cost": 39047.32,
                      "Plan Rows": 1459332,
                      "Plan Width": 4,
                      "Actual Startup Time": 0.023,
                      "Actual Total Time": 101.188,
                      "Actual Rows": 1130982,
                      "Actual Loops": 4
                    },
                    {
                      "Node Type": "Hash",
                      "Parent Relationship": "Inner",
                      "Parallel Aware": true,
                      "Startup Cost": 78077.79,
                      "Total Cost": 78077.79,
                      "Plan Rows": 75052,
                      "Plan Width": 8,
                      "Actual Startup Time": 375.775,
                      "Actual Total Time": 375.782,
                      "Actual Rows": 65882,
                      "Actual Loops": 4,
                      "Hash Buckets": 262144,
                      "Original Hash Buckets": 262144,
                      "Hash Batches": 1,
                      "Original Hash Batches": 1,
                      "Peak Memory Usage": 12384,
                      "Plans": [
                        {
                          "Node Type": "Hash Join",
                          "Parent Relationship": "Outer",
                          "Parallel Aware": true,
                          "Join Type": "Inner",
                          "Startup Cost": 48193.54,
                          "Total Cost": 78077.79,
                          "Plan Rows": 75052,
                          "Plan Width": 8,
                          "Actual Startup Time": 209.952,
                          "Actual Total Time": 342.556,
                          "Actual Rows": 65882,
                          "Actual Loops": 4,
                          "Inner Unique": true,
                          "Hash Cond": "(mc.movie_id = t.id)",
                          "Plans": [
                            {
                              "Node Type": "Seq Scan",
                              "Parent Relationship": "Outer",
                              "Parallel Aware": true,
                              "Relation Name": "movie_companies",
                              "Alias": "mc",
                              "Startup Cost": 0.0,
                              "Total Cost": 29310.68,
                              "Plan Rows": 218504,
                              "Plan Width": 4,
                              "Actual Startup Time": 0.043,
                              "Actual Total Time": 75.442,
                              "Actual Rows": 167928,
                              "Actual Loops": 4,
                              "Filter": "(company_id < 1080)",
                              "Rows Removed by Filter": 484355
                            },
                            {
                              "Node Type": "Hash",
                              "Parent Relationship": "Inner",
                              "Parallel Aware": true,
                              "Startup Cost": 45479.59,
                              "Total Cost": 45479.59,
                              "Plan Rows": 217116,
                              "Plan Width": 4,
                              "Actual Startup Time": 205.91,
                              "Actual Total Time": 205.911,
                              "Actual Rows": 195701,
                              "Actual Loops": 4,
                              "Hash Buckets": 1048576,
                              "Original Hash Buckets": 1048576,
                              "Hash Batches": 1,
                              "Original Hash Batches": 1,
                              "Peak Memory Usage": 38880,
                              "Plans": [
                                {
                                  "Node Type": "Seq Scan",
                                  "Parent Relationship": "Outer",
                                  "Parallel Aware": true,
                                  "Relation Name": "title",
                                  "Alias": "t",
                                  "Startup Cost": 0.0,
                                  "Total Cost": 45479.59,
                                  "Plan Rows": 217116,
                                  "Plan Width": 4,
                                  "Actual Startup Time": 0.059,
                                  "Actual Total Time": 114.204,
                                  "Actual Rows": 195701,
                                  "Actual Loops": 4,
                                  "Filter": "((kind_id < 7) AND (production_year > 1959))",
                                  "Rows Removed by Filter": 436377
                                }
                              ]
                            }
                          ]
                        }
                      ]
                    }
                  ]
                }
              ]
            }
          ]
        }
      ]
    },
    "Planning Time": 1.473,
    "Triggers": [],
    "Execution Time": 760.866
  }
]