[
  {
    "Plan": {
      "Node Type": "Aggregate",
      "Strategy": "Plain",
      "Partial Mode": "Finalize",
      "Parallel Aware": false,
      "Startup Cost": 46879.59,
      "Total Cost": 46879.6,
      "Plan Rows": 1,
      "Plan Width": 8,
      "Actual Startup Time": 109.236,
      "Actual Total Time": 121.698,
      "Actual Rows": 1,
      "Actual Loops": 1,
      "Plans": [
        {
          "Node Type": "Gather",
          "Parent Relationship": "Outer",
          "Parallel Aware": false,
          "Startup Cost": 46879.17,
          "Total Cost": 46879.58,
          "Plan Rows": 4,
          "Plan Width": 8,
          "Actual Startup Time": 108.96,
          "Actual Total Time": 121.686,
          "Actual Rows": 5,
          "Actual Loops": 1,
          "Workers Planned": 4,
          "Workers Launched": 4,
          "Single Copy": false,
          "Plans": [
            {
              "Node Type": "Aggregate",
              "Strategy": "Plain",
              "Partial Mode": "Partial",
              "Parent Relationship": "Outer",
              "Parallel Aware": false,
              "Startup Cost": 45879.17,
              "Total Cost": 45879.18,
              "Plan Rows": 1,
              "Plan Width": 8,
              "Actual Startup Time": 100.331,
              "Actual Total Time": 100.333,
              "Actual Rows": 1,
              "Actual Loops": 5,
              "Plans": [
                {
                  "Node Type": "Seq Scan",
                  "Parent Relationship": "Outer",
                  "Parallel Aware": true,
                  "Relation Name": "title",
                  "Alias": "t",
                  "Startup Cost": 0.0,
                  "Total Cost": 45479.1,
                  "Plan Rows": 160029,
                  "Plan Width": 0,
                  "Actual Startup Time": 0.044,
                  "Actual Total Time": 94.386,
                  "Actual Rows": 105457,
                  "Actual Loops": 5,
                  "Filter": "((kind_id < 3) AND (production_year > 1966))",
                  "Rows Removed by Filter": 400205
                }
              ]
            }
          ]
        }
      ]
    },
    "Planning Time": 0.194,
    "Triggers": [],
    "Execution Time": 121.765
  }
]