[
  {
    "Plan": {
      "Node Type": "Aggregate",
      "Strategy": "Plain",
      "Partial Mode": "Finalize",
      "Parallel Aware": false,
      "Startup Cost": 23477.5,
      "Total Cost": 23477.51,
      "Plan Rows": 1,
      "Plan Width": 8,
      "Actual Startup Time": 46.875,
      "Actual Total Time": 52.873,
      "Actual Rows": 1,
      "Actual Loops": 1,
      "Plans": [
        {
          "Node Type": "Gather",
          "Parent Relationship": "Outer",
          "Parallel Aware": false,
          "Startup Cost": 23477.08,
          "Total Cost": 23477.49,
          "Plan Rows": 4,
          "Plan Width": 8,
          "Actual Startup Time": 46.776,
          "Actual Total Time": 52.862,
          "Actual Rows": 5,
          "Actual Loops": 1,
          "Workers Planned": 4,
          "Workers Launched": 4,
          "Single Copy": false,
          "Plans": [
            {
              "Node Type": "Aggregate",
              "Strategy": "Plain",
              "Partial Mode": "Partial",
              "Parent Relationship": "Outer",
              "Parallel Aware": false,
              "Startup Cost": 22477.08,
              "Total Cost": 22477.09,
              "Plan Rows": 1,
              "Plan Width": 8,
              "Actual Startup Time": 40.997,
              "Actual Total Time": 40.998,
              "Actual Rows": 1,
              "Actual Loops": 5,
              "Plans": [
                {
                  "Node Type": "Index Scan",
                  "Parent Relationship": "Outer",
                  "Parallel Aware": true,
                  "Scan Direction": "Forward",
                  "Index Name": "role_id_cast_info",
                  "Relation Name": "cast_info",
                  "Alias": "ci",
                  "Startup Cost": 0.56,
                  "Total Cost": 22393.76,
                  "Plan Rows": 33328,
                  "Plan Width": 0,
                  "Actual Startup Time": 0.146,
                  "Actual Total Time": 39.346,
                  "Actual Rows": 19911,
                  "Actual Loops": 5,
                  "Index Cond": "(role_id = 6)",
                  "Rows Removed by Index Recheck": 0,
                  "Filter": "(person_id < 598570)",
                  "Rows Removed by Filter": 134824
                }
              ]
            }
          ]
        }
      ]
    },
    "Planning Time": 0.21,
    "Triggers": [],
    "Execution Time": 52.928
  }
]