[
  {
    "Plan": {
      "Node Type": "Aggregate",
      "Strategy": "Plain",
      "Partial Mode": "Finalize",
      "Parallel Aware": false,
      "Startup Cost": 23638.75,
      "Total Cost": 23638.76,
      "Plan Rows": 1,
      "Plan Width": 8,
      "Actual Startup Time": 47.186,
      "Actual Total Time": 51.117,
      "Actual Rows": 1,
      "Actual Loops": 1,
      "Plans": [
        {
          "Node Type": "Gather",
          "Parent Relationship": "Outer",
          "Parallel Aware": false,
          "Startup Cost": 23638.33,
          "Total Cost": 23638.74,
          "Plan Rows": 4,
          "Plan Width": 8,
          "Actual Startup Time": 47.108,
          "Actual Total Time": 51.111,
          "Actual Rows": 5,
          "Actual Loops": 1,
          "Workers Planned": 4,
          "Workers Launched": 4,
          "Single Copy": false,
          "Plans": [
            {
              "Node Type": "Aggregate",
              "Strategy": "Plain",
              "Partial Mode": "Partial",
              "Parent Relationship": "Outer",
              "Parallel Aware": false,
              "Startup Cost": 22638.33,
              "Total Cost": 22638.34,
              "Plan Rows": 1,
              "Plan Width": 8,
              "Actual Startup Time": 40.657,
              "Actual Total Time": 40.658,
              "Actual Rows": 1,
              "Actual Loops": 5,
              "Plans": [
                {
                  "Node Type": "Index Scan",
                  "Parent Relationship": "Outer",
                  "Parallel Aware": true,
                  "Scan Direction": "Forward",
                  "Index Name": "role_id_cast_info",
                  "Relation Name": "cast_info",
                  "Alias": "ci",
                  "Startup Cost": 0.56,
                  "Total Cost": 22554.34,
                  "Plan Rows": 33596,
                  "Plan Width": 0,
                  "Actual Startup Time": 0.142,
                  "Actual Total Time": 38.835,
                  "Actual Rows": 19911,
                  "Actual Loops": 5,
                  "Index Cond": "(role_id = 6)",
                  "Rows Removed by Index Recheck": 0,
                  "Filter": "(person_id < 598570)",
                  "Rows Removed by Filter": 134824
                }
              ]
            }
          ]
        }
      ]
    },
    "Planning Time": 0.189,
    "Triggers": [],
    "Execution Time": 51.167
  }
]