[
  {
    "Plan": {
      "Node Type": "Aggregate",
      "Strategy": "Plain",
      "Partial Mode": "Finalize",
      "Parallel Aware": false,
      "Startup Cost": 31060.67,
      "Total Cost": 31060.68,
      "Plan Rows": 1,
      "Plan Width": 8,
      "Actual Startup Time": 95.662,
      "Actual Total Time": 103.382,
      "Actual Rows": 1,
      "Actual Loops": 1,
      "Plans": [
        {
          "Node Type": "Gather",
          "Parent Relationship": "Outer",
          "Parallel Aware": false,
          "Startup Cost": 31060.35,
          "Total Cost": 31060.66,
          "Plan Rows": 3,
          "Plan Width": 8,
          "Actual Startup Time": 95.54,
          "Actual Total Time": 103.374,
          "Actual Rows": 4,
          "Actual Loops": 1,
          "Workers Planned": 3,
          "Workers Launched": 3,
          "Single Copy": false,
          "Plans": [
            {
              "Node Type": "Aggregate",
              "Strategy": "Plain",
              "Partial Mode": "Partial",
              "Parent Relationship": "Outer",
              "Parallel Aware": false,
              "Startup Cost": 30060.35,
              "Total Cost": 30060.36,
              "Plan Rows": 1,
              "Plan Width": 8,
              "Actual Startup Time": 89.104,
              "Actual Total Time": 89.105,
              "Actual Rows": 1,
              "Actual Loops": 4,
              "Plans": [
                {
                  "Node Type": "Seq Scan",
                  "Parent Relationship": "Outer",
                  "Parallel Aware": true,
                  "Relation Name": "movie_companies",
                  "Alias": "mc",
                  "Startup Cost": 0.0,
                  "Total Cost": 29310.68,
                  "Plan Rows": 299867,
                  "Plan Width": 0,
                  "Actual Startup Time": 23.526,
                  "Actual Total Time": 79.349,
                  "Actual Rows": 235346,
                  "Actual Loops": 4,
                  "Filter": "(company_id > 18966)",
                  "Rows Removed by Filter": 416936
                }
              ]
            }
          ]
        }
      ]
    },
    "Planning Time": 0.195,
    "Triggers": [],
    "Execution Time": 103.44
  }
]