{
    "Plan": {
        "Node Type": "Aggregate",
        "Strategy": "Plain",
        "Partial Mode": "Simple",
        "Parallel Aware": false,
        "Startup Cost": 60001860510.19,
        "Total Cost": 60001860510.2,
        "Plan Rows": 1,
        "Plan Width": 96,
        "Actual Startup Time": 7828.138,
        "Actual Total Time": 7828.159,
        "Actual Rows": 1,
        "Actual Loops": 1,
        "Output": [
            "min(cn.name)",
            "min((lt.link)::text)",
            "min(t.title)"
        ],
        "Plans": [
            {
                "Node Type": "Nested Loop",
                "Parent Relationship": "Outer",
                "Parallel Aware": false,
                "Join Type": "Inner",
                "Startup Cost": 60001860502.25,
                "Total Cost": 60001860510.19,
                "Plan Rows": 1,
                "Plan Width": 48,
                "Actual Startup Time": 7828.134,
                "Actual Total Time": 7828.154,
                "Actual Rows": 0,
                "Actual Loops": 1,
                "Output": [
                    "cn.name",
                    "lt.link",
                    "t.title"
                ],
                "Inner Unique": true,
                "Plans": [
                    {
                        "Node Type": "Hash Join",
                        "Parent Relationship": "Outer",
                        "Parallel Aware": false,
                        "Join Type": "Inner",
                        "Startup Cost": 50001860502.12,
                        "Total Cost": 50001860503.36,
                        "Plan Rows": 1,
                        "Plan Width": 52,
                        "Actual Startup Time": 7827.911,
                        "Actual Total Time": 7827.947,
                        "Actual Rows": 57,
                        "Actual Loops": 1,
                        "Output": [
                            "cc.subject_id",
                            "cn.name",
                            "lt.link",
                            "t.title"
                        ],
                        "Inner Unique": false,
                        "Hash Cond": "(lt.id = ml.link_type_id)",
                        "Plans": [
                            {
                                "Node Type": "Seq Scan",
                                "Parent Relationship": "Outer",
                                "Parallel Aware": false,
                                "Relation Name": "link_type",
                                "Schema": "public",
                                "Alias": "lt",
                                "Startup Cost": 10000000000.0,
                                "Total Cost": 10000000001.23,
                                "Plan Rows": 1,
                                "Plan Width": 16,
                                "Actual Startup Time": 0.013,
                                "Actual Total Time": 0.02,
                                "Actual Rows": 2,
                                "Actual Loops": 1,
                                "Output": [
                                    "lt.id",
                                    "lt.link"
                                ],
                                "Filter": "((lt.link)::text ~~ '%follow%'::text)",
                                "Rows Removed by Filter": 16
                            },
                            {
                                "Node Type": "Hash",
                                "Parent Relationship": "Inner",
                                "Parallel Aware": false,
                                "Startup Cost": 40001860502.1,
                                "Total Cost": 40001860502.1,
                                "Plan Rows": 1,
                                "Plan Width": 44,
                                "Actual Startup Time": 7827.88,
                                "Actual Total Time": 7827.898,
                                "Actual Rows": 57,
                                "Actual Loops": 1,
                                "Output": [
                                    "cc.subject_id",
                                    "cn.name",
                                    "ml.link_type_id",
                                    "t.title"
                                ],
                                "Hash Buckets": 1024,
                                "Original Hash Buckets": 1024,
                                "Hash Batches": 1,
                                "Original Hash Batches": 1,
                                "Peak Memory Usage": 13,
                                "Plans": [
                                    {
                                        "Node Type": "Merge Join",
                                        "Parent Relationship": "Outer",
                                        "Parallel Aware": false,
                                        "Join Type": "Inner",
                                        "Startup Cost": 40001860490.01,
                                        "Total Cost": 40001860502.1,
                                        "Plan Rows": 1,
                                        "Plan Width": 44,
                                        "Actual Startup Time": 7827.855,
                                        "Actual Total Time": 7827.885,
                                        "Actual Rows": 57,
                                        "Actual Loops": 1,
                                        "Output": [
                                            "cc.subject_id",
                                            "cn.name",
                                            "ml.link_type_id",
                                            "t.title"
                                        ],
                                        "Inner Unique": true,
                                        "Merge Cond": "(cc.status_id = cct2.id)",
                                        "Plans": [
                                            {
                                                "Node Type": "Sort",
                                                "Parent Relationship": "Outer",
                                                "Parallel Aware": false,
                                                "Startup Cost": 40001860489.88,
                                                "Total Cost": 40001860489.89,
                                                "Plan Rows": 1,
                                                "Plan Width": 48,
                                                "Actual Startup Time": 7827.838,
                                                "Actual Total Time": 7827.859,
                                                "Actual Rows": 58,
                                                "Actual Loops": 1,
                                                "Output": [
                                                    "cc.subject_id",
                                                    "cc.status_id",
                                                    "cn.name",
                                                    "ml.link_type_id",
                                                    "t.title"
                                                ],
                                                "Sort Key": [
                                                    "cc.status_id"
                                                ],
                                                "Sort Method": "quicksort",
                                                "Sort Space Used": 41,
                                                "Sort Space Type": "Memory",
                                                "Plans": [
                                                    {
                                                        "Node Type": "Nested Loop",
                                                        "Parent Relationship": "Outer",
                                                        "Parallel Aware": false,
                                                        "Join Type": "Inner",
                                                        "Startup Cost": 40001859810.5,
                                                        "Total Cost": 40001860489.87,
                                                        "Plan Rows": 1,
                                                        "Plan Width": 48,
                                                        "Actual Startup Time": 7818.192,
                                                        "Actual Total Time": 7827.826,
                                                        "Actual Rows": 114,
                                                        "Actual Loops": 1,
                                                        "Output": [
                                                            "cc.subject_id",
                                                            "cc.status_id",
                                                            "cn.name",
                                                            "ml.link_type_id",
                                                            "t.title"
                                                        ],
                                                        "Inner Unique": false,
                                                        "Join Filter": "(t.id = ml.movie_id)",
                                                        "Rows Removed by Join Filter": 0,
                                                        "Plans": [
                                                            {
                                                                "Node Type": "Merge Join",
                                                                "Parent Relationship": "Outer",
                                                                "Parallel Aware": false,
                                                                "Join Type": "Inner",
                                                                "Startup Cost": 30001859810.17,
                                                                "Total Cost": 30001860485.42,
                                                                "Plan Rows": 1,
                                                                "Plan Width": 64,
                                                                "Actual Startup Time": 7818.159,
                                                                "Actual Total Time": 7827.736,
                                                                "Actual Rows": 7,
                                                                "Actual Loops": 1,
                                                                "Output": [
                                                                    "cc.movie_id",
                                                                    "cc.subject_id",
                                                                    "cc.status_id",
                                                                    "mc.movie_id",
                                                                    "cn.name",
                                                                    "mi.movie_id",
                                                                    "mk.movie_id",
                                                                    "t.title",
                                                                    "t.id"
                                                                ],
                                                                "Inner Unique": false,
                                                                "Merge Cond": "(t.id = cc.movie_id)",
                                                                "Plans": [
                                                                    {
                                                                        "Node Type": "Sort",
                                                                        "Parent Relationship": "Outer",
                                                                        "Parallel Aware": false,
                                                                        "Startup Cost": 30001844133.76,
                                                                        "Total Cost": 30001844133.76,
                                                                        "Plan Rows": 1,
                                                                        "Plan Width": 52,
                                                                        "Actual Startup Time": 7771.287,
                                                                        "Actual Total Time": 7771.303,
                                                                        "Actual Rows": 7,
                                                                        "Actual Loops": 1,
                                                                        "Output": [
                                                                            "cn.name",
                                                                            "mc.movie_id",
                                                                            "mi.movie_id",
                                                                            "mk.movie_id",
                                                                            "t.title",
                                                                            "t.id"
                                                                        ],
                                                                        "Sort Key": [
                                                                            "mc.movie_id"
                                                                        ],
                                                                        "Sort Method": "quicksort",
                                                                        "Sort Space Used": 25,
                                                                        "Sort Space Type": "Memory",
                                                                        "Plans": [
                                                                            {
                                                                                "Node Type": "Hash Join",
                                                                                "Parent Relationship": "Outer",
                                                                                "Parallel Aware": false,
                                                                                "Join Type": "Inner",
                                                                                "Startup Cost": 30001754556.31,
                                                                                "Total Cost": 30001844133.75,
                                                                                "Plan Rows": 1,
                                                                                "Plan Width": 52,
                                                                                "Actual Startup Time": 7515.528,
                                                                                "Actual Total Time": 7771.281,
                                                                                "Actual Rows": 7,
                                                                                "Actual Loops": 1,
                                                                                "Output": [
                                                                                    "cn.name",
                                                                                    "mc.movie_id",
                                                                                    "mi.movie_id",
                                                                                    "mk.movie_id",
                                                                                    "t.title",
                                                                                    "t.id"
                                                                                ],
                                                                                "Inner Unique": false,
                                                                                "Hash Cond": "(mc.company_id = cn.id)",
                                                                                "Plans": [
                                                                                    {
                                                                                        "Node Type": "Nested Loop",
                                                                                        "Parent Relationship": "Outer",
                                                                                        "Parallel Aware": false,
                                                                                        "Join Type": "Inner",
                                                                                        "Startup Cost": 30001746814.71,
                                                                                        "Total Cost": 30001836392.14,
                                                                                        "Plan Rows": 1,
                                                                                        "Plan Width": 37,
                                                                                        "Actual Startup Time": 7432.609,
                                                                                        "Actual Total Time": 7688.335,
                                                                                        "Actual Rows": 15,
                                                                                        "Actual Loops": 1,
                                                                                        "Output": [
                                                                                            "mc.movie_id",
                                                                                            "mc.company_id",
                                                                                            "mi.movie_id",
                                                                                            "mk.movie_id",
                                                                                            "t.title",
                                                                                            "t.id"
                                                                                        ],
                                                                                        "Inner Unique": false,
                                                                                        "Join Filter": "(mc.company_type_id = ct.id)",
                                                                                        "Rows Removed by Join Filter": 1,
                                                                                        "Plans": [
                                                                                            {
                                                                                                "Node Type": "Seq Scan",
                                                                                                "Parent Relationship": "Outer",
                                                                                                "Parallel Aware": false,
                                                                                                "Relation Name": "company_type",
                                                                                                "Schema": "public",
                                                                                                "Alias": "ct",
                                                                                                "Startup Cost": 0.0,
                                                                                                "Total Cost": 1.05,
                                                                                                "Plan Rows": 1,
                                                                                                "Plan Width": 4,
                                                                                                "Actual Startup Time": 0.012,
                                                                                                "Actual Total Time": 0.018,
                                                                                                "Actual Rows": 1,
                                                                                                "Actual Loops": 1,
                                                                                                "Output": [
                                                                                                    "ct.id",
                                                                                                    "ct.kind"
                                                                                                ],
                                                                                                "Filter": "((ct.kind)::text = 'production companies'::text)",
                                                                                                "Rows Removed by Filter": 3
                                                                                            },
                                                                                            {
                                                                                                "Node Type": "Nested Loop",
                                                                                                "Parent Relationship": "Inner",
                                                                                                "Parallel Aware": false,
                                                                                                "Join Type": "Inner",
                                                                                                "Startup Cost": 30001746814.71,
                                                                                                "Total Cost": 30001836391.07,
                                                                                                "Plan Rows": 1,
                                                                                                "Plan Width": 41,
                                                                                                "Actual Startup Time": 7391.157,
                                                                                                "Actual Total Time": 7688.302,
                                                                                                "Actual Rows": 16,
                                                                                                "Actual Loops": 1,
                                                                                                "Output": [
                                                                                                    "mk.movie_id",
                                                                                                    "mc.movie_id",
                                                                                                    "mc.company_type_id",
                                                                                                    "mc.company_id",
                                                                                                    "mi.movie_id",
                                                                                                    "t.title",
                                                                                                    "t.id"
                                                                                                ],
                                                                                                "Inner Unique": true,
                                                                                                "Plans": [
                                                                                                    {
                                                                                                        "Node Type": "Hash Join",
                                                                                                        "Parent Relationship": "Outer",
                                                                                                        "Parallel Aware": false,
                                                                                                        "Join Type": "Inner",
                                                                                                        "Startup Cost": 30001746814.28,
                                                                                                        "Total Cost": 30001836389.6,
                                                                                                        "Plan Rows": 3,
                                                                                                        "Plan Width": 20,
                                                                                                        "Actual Startup Time": 7253.492,
                                                                                                        "Actual Total Time": 7687.018,
                                                                                                        "Actual Rows": 258,
                                                                                                        "Actual Loops": 1,
                                                                                                        "Output": [
                                                                                                            "mk.movie_id",
                                                                                                            "mc.movie_id",
                                                                                                            "mc.company_type_id",
                                                                                                            "mc.company_id",
                                                                                                            "mi.movie_id"
                                                                                                        ],
                                                                                                        "Inner Unique": false,
                                                                                                        "Hash Cond": "(mc.movie_id = mk.movie_id)",
                                                                                                        "Plans": [
                                                                                                            {
                                                                                                                "Node Type": "Index Scan",
                                                                                                                "Parent Relationship": "Outer",
                                                                                                                "Parallel Aware": false,
                                                                                                                "Scan Direction": "Forward",
                                                                                                                "Index Name": "company_type_id_movie_companies",
                                                                                                                "Relation Name": "movie_companies",
                                                                                                                "Schema": "public",
                                                                                                                "Alias": "mc",
                                                                                                                "Startup Cost": 0.43,
                                                                                                                "Total Cost": 84830.36,
                                                                                                                "Plan Rows": 1265428,
                                                                                                                "Plan Width": 12,
                                                                                                                "Actual Startup Time": 0.038,
                                                                                                                "Actual Total Time": 368.757,
                                                                                                                "Actual Rows": 1271989,
                                                                                                                "Actual Loops": 1,
                                                                                                                "Output": [
                                                                                                                    "mc.id",
                                                                                                                    "mc.movie_id",
                                                                                                                    "mc.company_id",
                                                                                                                    "mc.company_type_id",
                                                                                                                    "mc.note"
                                                                                                                ],
                                                                                                                "Filter": "(mc.note IS NULL)",
                                                                                                                "Rows Removed by Filter": 1337140
                                                                                                            },
                                                                                                            {
                                                                                                                "Node Type": "Hash",
                                                                                                                "Parent Relationship": "Inner",
                                                                                                                "Parallel Aware": false,
                                                                                                                "Startup Cost": 30001746813.84,
                                                                                                                "Total Cost": 30001746813.84,
                                                                                                                "Plan Rows": 1,
                                                                                                                "Plan Width": 8,
                                                                                                                "Actual Startup Time": 7250.692,
                                                                                                                "Actual Total Time": 7250.7,
                                                                                                                "Actual Rows": 164,
                                                                                                                "Actual Loops": 1,
                                                                                                                "Output": [
                                                                                                                    "mk.movie_id",
                                                                                                                    "mi.movie_id"
                                                                                                                ],
                                                                                                                "Hash Buckets": 1024,
                                                                                                                "Original Hash Buckets": 1024,
                                                                                                                "Hash Batches": 1,
                                                                                                                "Original Hash Batches": 1,
                                                                                                                "Peak Memory Usage": 15,
                                                                                                                "Plans": [
                                                                                                                    {
                                                                                                                        "Node Type": "Merge Join",
                                                                                                                        "Parent Relationship": "Outer",
                                                                                                                        "Parallel Aware": false,
                                                                                                                        "Join Type": "Inner",
                                                                                                                        "Startup Cost": 30000595134.6,
                                                                                                                        "Total Cost": 30001746813.84,
                                                                                                                        "Plan Rows": 1,
                                                                                                                        "Plan Width": 8,
                                                                                                                        "Actual Startup Time": 2186.342,
                                                                                                                        "Actual Total Time": 7250.543,
                                                                                                                        "Actual Rows": 164,
                                                                                                                        "Actual Loops": 1,
                                                                                                                        "Output": [
                                                                                                                            "mk.movie_id",
                                                                                                                            "mi.movie_id"
                                                                                                                        ],
                                                                                                                        "Inner Unique": false,
                                                                                                                        "Merge Cond": "(mi.movie_id = mk.movie_id)",
                                                                                                                        "Plans": [
                                                                                                                            {
                                                                                                                                "Node Type": "Index Scan",
                                                                                                                                "Parent Relationship": "Outer",
                                                                                                                                "Parallel Aware": false,
                                                                                                                                "Scan Direction": "Forward",
                                                                                                                                "Index Name": "movie_id_movie_info",
                                                                                                                                "Relation Name": "movie_info",
                                                                                                                                "Schema": "public",
                                                                                                                                "Alias": "mi",
                                                                                                                                "Startup Cost": 10000000000.43,
                                                                                                                                "Total Cost": 10001152203.85,
                                                                                                                                "Plan Rows": 12446,
                                                                                                                                "Plan Width": 4,
                                                                                                                                "Actual Startup Time": 1.702,
                                                                                                                                "Actual Total Time": 5173.151,
                                                                                                                                "Actual Rows": 12776,
                                                                                                                                "Actual Loops": 1,
                                                                                                                                "Output": [
                                                                                                                                    "mi.id",
                                                                                                                                    "mi.movie_id",
                                                                                                                                    "mi.info_type_id",
                                                                                                                                    "mi.info",
                                                                                                                                    "mi.note"
                                                                                                                                ],
                                                                                                                                "Filter": "(mi.info = ANY ('{American,Norwegian,Danish,Sweden:90}'::text[]))",
                                                                                                                                "Rows Removed by Filter": 14822944
                                                                                                                            },
                                                                                                                            {
                                                                                                                                "Node Type": "Sort",
                                                                                                                                "Parent Relationship": "Inner",
                                                                                                                                "Parallel Aware": false,
                                                                                                                                "Startup Cost": 20000595041.59,
                                                                                                                                "Total Cost": 20000595041.68,
                                                                                                                                "Plan Rows": 34,
                                                                                                                                "Plan Width": 4,
                                                                                                                                "Actual Startup Time": 2071.809,
                                                                                                                                "Actual Total Time": 2074.851,
                                                                                                                                "Actual Rows": 10545,
                                                                                                                                "Actual Loops": 1,
                                                                                                                                "Output": [
                                                                                                                                    "mk.movie_id"
                                                                                                                                ],
                                                                                                                                "Sort Key": [
                                                                                                                                    "mk.movie_id"
                                                                                                                                ],
                                                                                                                                "Sort Method": "quicksort",
                                                                                                                                "Sort Space Used": 879,
                                                                                                                                "Sort Space Type": "Memory",
                                                                                                                                "Plans": [
                                                                                                                                    {
                                                                                                                                        "Node Type": "Merge Join",
                                                                                                                                        "Parent Relationship": "Outer",
                                                                                                                                        "Parallel Aware": false,
                                                                                                                                        "Join Type": "Inner",
                                                                                                                                        "Startup Cost": 20000572420.56,
                                                                                                                                        "Total Cost": 20000595040.73,
                                                                                                                                        "Plan Rows": 34,
                                                                                                                                        "Plan Width": 4,
                                                                                                                                        "Actual Startup Time": 2063.029,
                                                                                                                                        "Actual Total Time": 2068.846,
                                                                                                                                        "Actual Rows": 10544,
                                                                                                                                        "Actual Loops": 1,
                                                                                                                                        "Output": [
                                                                                                                                            "mk.movie_id"
                                                                                                                                        ],
                                                                                                                                        "Inner Unique": false,
                                                                                                                                        "Merge Cond": "(mk.keyword_id = k.id)",
                                                                                                                                        "Plans": [
                                                                                                                                            {
                                                                                                                                                "Node Type": "Sort",
                                                                                                                                                "Parent Relationship": "Outer",
                                                                                                                                                "Parallel Aware": false,
                                                                                                                                                "Startup Cost": 10000569794.43,
                                                                                                                                                "Total Cost": 10000581104.25,
                                                                                                                                                "Plan Rows": 4523930,
                                                                                                                                                "Plan Width": 8,
                                                                                                                                                "Actual Startup Time": 1837.049,
                                                                                                                                                "Actual Total Time": 1989.761,
                                                                                                                                                "Actual Rows": 566271,
                                                                                                                                                "Actual Loops": 1,
                                                                                                                                                "Output": [
                                                                                                                                                    "mk.movie_id",
                                                                                                                                                    "mk.keyword_id"
                                                                                                                                                ],
                                                                                                                                                "Sort Key": [
                                                                                                                                                    "mk.keyword_id"
                                                                                                                                                ],
                                                                                                                                                "Sort Method": "quicksort",
                                                                                                                                                "Sort Space Used": 408668,
                                                                                                                                                "Sort Space Type": "Memory",
                                                                                                                                                "Plans": [
                                                                                                                                                    {
                                                                                                                                                        "Node Type": "Seq Scan",
                                                                                                                                                        "Parent Relationship": "Outer",
                                                                                                                                                        "Parallel Aware": false,
                                                                                                                                                        "Relation Name": "movie_keyword",
                                                                                                                                                        "Schema": "public",
                                                                                                                                                        "Alias": "mk",
                                                                                                                                                        "Startup Cost": 10000000000.0,
                                                                                                                                                        "Total Cost": 10000069693.3,
                                                                                                                                                        "Plan Rows": 4523930,
                                                                                                                                                        "Plan Width": 8,
                                                                                                                                                        "Actual Startup Time": 0.012,
                                                                                                                                                        "Actual Total Time": 601.45,
                                                                                                                                                        "Actual Rows": 4523930,
                                                                                                                                                        "Actual Loops": 1,
                                                                                                                                                        "Output": [
                                                                                                                                                            "mk.movie_id",
                                                                                                                                                            "mk.keyword_id"
                                                                                                                                                        ]
                                                                                                                                                    }
                                                                                                                                                ]
                                                                                                                                            },
                                                                                                                                            {
                                                                                                                                                "Node Type": "Materialize",
                                                                                                                                                "Parent Relationship": "Inner",
                                                                                                                                                "Parallel Aware": false,
                                                                                                                                                "Startup Cost": 10000002626.14,
                                                                                                                                                "Total Cost": 10000002626.14,
                                                                                                                                                "Plan Rows": 1,
                                                                                                                                                "Plan Width": 4,
                                                                                                                                                "Actual Startup Time": 13.459,
                                                                                                                                                "Actual Total Time": 14.078,
                                                                                                                                                "Actual Rows": 1,
                                                                                                                                                "Actual Loops": 1,
                                                                                                                                                "Output": [
                                                                                                                                                    "k.id"
                                                                                                                                                ],
                                                                                                                                                "Plans": [
                                                                                                                                                    {
                                                                                                                                                        "Node Type": "Sort",
                                                                                                                                                        "Parent Relationship": "Outer",
                                                                                                                                                        "Parallel Aware": false,
                                                                                                                                                        "Startup Cost": 10000002626.14,
                                                                                                                                                        "Total Cost": 10000002626.14,
                                                                                                                                                        "Plan Rows": 1,
                                                                                                                                                        "Plan Width": 4,
                                                                                                                                                        "Actual Startup Time": 13.444,
                                                                                                                                                        "Actual Total Time": 13.445,
                                                                                                                                                        "Actual Rows": 1,
                                                                                                                                                        "Actual Loops": 1,
                                                                                                                                                        "Output": [
                                                                                                                                                            "k.id"
                                                                                                                                                        ],
                                                                                                                                                        "Sort Key": [
                                                                                                                                                            "k.id"
                                                                                                                                                        ],
                                                                                                                                                        "Sort Method": "quicksort",
                                                                                                                                                        "Sort Space Used": 25,
                                                                                                                                                        "Sort Space Type": "Memory",
                                                                                                                                                        "Plans": [
                                                                                                                                                            {
                                                                                                                                                                "Node Type": "Seq Scan",
                                                                                                                                                                "Parent Relationship": "Outer",
                                                                                                                                                                "Parallel Aware": false,
                                                                                                                                                                "Relation Name": "keyword",
                                                                                                                                                                "Schema": "public",
                                                                                                                                                                "Alias": "k",
                                                                                                                                                                "Startup Cost": 10000000000.0,
                                                                                                                                                                "Total Cost": 10000002626.12,
                                                                                                                                                                "Plan Rows": 1,
                                                                                                                                                                "Plan Width": 4,
                                                                                                                                                                "Actual Startup Time": 0.833,
                                                                                                                                                                "Actual Total Time": 13.426,
                                                                                                                                                                "Actual Rows": 1,
                                                                                                                                                                "Actual Loops": 1,
                                                                                                                                                                "Output": [
                                                                                                                                                                    "k.id"
                                                                                                                                                                ],
                                                                                                                                                                "Filter": "(k.keyword = 'sequel'::text)",
                                                                                                                                                                "Rows Removed by Filter": 134169
                                                                                                                                                            }
                                                                                                                                                        ]
                                                                                                                                                    }
                                                                                                                                                ]
                                                                                                                                            }
                                                                                                                                        ]
                                                                                                                                    }
                                                                                                                                ]
                                                                                                                            }
                                                                                                                        ]
                                                                                                                    }
                                                                                                                ]
                                                                                                            }
                                                                                                        ]
                                                                                                    },
                                                                                                    {
                                                                                                        "Node Type": "Index Scan",
                                                                                                        "Parent Relationship": "Inner",
                                                                                                        "Parallel Aware": false,
                                                                                                        "Scan Direction": "Forward",
                                                                                                        "Index Name": "title_pkey",
                                                                                                        "Relation Name": "title",
                                                                                                        "Schema": "public",
                                                                                                        "Alias": "t",
                                                                                                        "Startup Cost": 0.43,
                                                                                                        "Total Cost": 0.49,
                                                                                                        "Plan Rows": 1,
                                                                                                        "Plan Width": 21,
                                                                                                        "Actual Startup Time": 0.005,
                                                                                                        "Actual Total Time": 0.005,
                                                                                                        "Actual Rows": 0,
                                                                                                        "Actual Loops": 258,
                                                                                                        "Output": [
                                                                                                            "t.id",
                                                                                                            "t.title",
                                                                                                            "t.imdb_index",
                                                                                                            "t.kind_id",
                                                                                                            "t.production_year",
                                                                                                            "t.imdb_id",
                                                                                                            "t.phonetic_code",
                                                                                                            "t.episode_of_id",
                                                                                                            "t.season_nr",
                                                                                                            "t.episode_nr",
                                                                                                            "t.series_years",
                                                                                                            "t.md5sum"
                                                                                                        ],
                                                                                                        "Index Cond": "(t.id = mk.movie_id)",
                                                                                                        "Rows Removed by Index Recheck": 0,
                                                                                                        "Filter": "(t.production_year = 1998)",
                                                                                                        "Rows Removed by Filter": 1
                                                                                                    }
                                                                                                ]
                                                                                            }
                                                                                        ]
                                                                                    },
                                                                                    {
                                                                                        "Node Type": "Hash",
                                                                                        "Parent Relationship": "Inner",
                                                                                        "Parallel Aware": false,
                                                                                        "Startup Cost": 7107.45,
                                                                                        "Total Cost": 7107.45,
                                                                                        "Plan Rows": 50732,
                                                                                        "Plan Width": 23,
                                                                                        "Actual Startup Time": 82.82,
                                                                                        "Actual Total Time": 82.821,
                                                                                        "Actual Rows": 48302,
                                                                                        "Actual Loops": 1,
                                                                                        "Output": [
                                                                                            "cn.name",
                                                                                            "cn.id"
                                                                                        ],
                                                                                        "Hash Buckets": 65536,
                                                                                        "Original Hash Buckets": 65536,
                                                                                        "Hash Batches": 1,
                                                                                        "Original Hash Batches": 1,
                                                                                        "Peak Memory Usage": 3137,
                                                                                        "Plans": [
                                                                                            {
                                                                                                "Node Type": "Seq Scan",
                                                                                                "Parent Relationship": "Outer",
                                                                                                "Parallel Aware": false,
                                                                                                "Relation Name": "company_name",
                                                                                                "Schema": "public",
                                                                                                "Alias": "cn",
                                                                                                "Startup Cost": 0.0,
                                                                                                "Total Cost": 7107.45,
                                                                                                "Plan Rows": 50732,
                                                                                                "Plan Width": 23,
                                                                                                "Actual Startup Time": 0.015,
                                                                                                "Actual Total Time": 69.977,
                                                                                                "Actual Rows": 48302,
                                                                                                "Actual Loops": 1,
                                                                                                "Output": [
                                                                                                    "cn.name",
                                                                                                    "cn.id"
                                                                                                ],
                                                                                                "Filter": "(((cn.country_code)::text <> '[pl]'::text) AND ((cn.name ~~ '%Film%'::text) OR (cn.name ~~ '%Warner%'::text)))",
                                                                                                "Rows Removed by Filter": 186695
                                                                                            }
                                                                                        ]
                                                                                    }
                                                                                ]
                                                                            }
                                                                        ]
                                                                    },
                                                                    {
                                                                        "Node Type": "Sort",
                                                                        "Parent Relationship": "Inner",
                                                                        "Parallel Aware": false,
                                                                        "Startup Cost": 15676.41,
                                                                        "Total Cost": 16014.13,
                                                                        "Plan Rows": 135086,
                                                                        "Plan Width": 12,
                                                                        "Actual Startup Time": 46.415,
                                                                        "Actual Total Time": 50.89,
                                                                        "Actual Rows": 111890,
                                                                        "Actual Loops": 1,
                                                                        "Output": [
                                                                            "cc.movie_id",
                                                                            "cc.subject_id",
                                                                            "cc.status_id"
                                                                        ],
                                                                        "Sort Key": [
                                                                            "cc.movie_id"
                                                                        ],
                                                                        "Sort Method": "quicksort",
                                                                        "Sort Space Used": 12477,
                                                                        "Sort Space Type": "Memory",
                                                                        "Plans": [
                                                                            {
                                                                                "Node Type": "Index Scan",
                                                                                "Parent Relationship": "Outer",
                                                                                "Parallel Aware": false,
                                                                                "Scan Direction": "Forward",
                                                                                "Index Name": "subject_id_complete_cast",
                                                                                "Relation Name": "complete_cast",
                                                                                "Schema": "public",
                                                                                "Alias": "cc",
                                                                                "Startup Cost": 0.42,
                                                                                "Total Cost": 4164.71,
                                                                                "Plan Rows": 135086,
                                                                                "Plan Width": 12,
                                                                                "Actual Startup Time": 0.048,
                                                                                "Actual Total Time": 21.434,
                                                                                "Actual Rows": 135086,
                                                                                "Actual Loops": 1,
                                                                                "Output": [
                                                                                    "cc.movie_id",
                                                                                    "cc.subject_id",
                                                                                    "cc.status_id"
                                                                                ]
                                                                            }
                                                                        ]
                                                                    }
                                                                ]
                                                            },
                                                            {
                                                                "Node Type": "Bitmap Heap Scan",
                                                                "Parent Relationship": "Inner",
                                                                "Parallel Aware": false,
                                                                "Relation Name": "movie_link",
                                                                "Schema": "public",
                                                                "Alias": "ml",
                                                                "Startup Cost": 0.33,
                                                                "Total Cost": 4.39,
                                                                "Plan Rows": 5,
                                                                "Plan Width": 8,
                                                                "Actual Startup Time": 0.006,
                                                                "Actual Total Time": 0.007,
                                                                "Actual Rows": 16,
                                                                "Actual Loops": 7,
                                                                "Output": [
                                                                    "ml.id",
                                                                    "ml.movie_id",
                                                                    "ml.linked_movie_id",
                                                                    "ml.link_type_id"
                                                                ],
                                                                "Recheck Cond": "(ml.movie_id = mk.movie_id)",
                                                                "Rows Removed by Index Recheck": 0,
                                                                "Exact Heap Blocks": 6,
                                                                "Lossy Heap Blocks": 0,
                                                                "Plans": [
                                                                    {
                                                                        "Node Type": "Bitmap Index Scan",
                                                                        "Parent Relationship": "Outer",
                                                                        "Parallel Aware": false,
                                                                        "Index Name": "movie_id_movie_link",
                                                                        "Startup Cost": 0.0,
                                                                        "Total Cost": 0.33,
                                                                        "Plan Rows": 5,
                                                                        "Plan Width": 0,
                                                                        "Actual Startup Time": 0.004,
                                                                        "Actual Total Time": 0.004,
                                                                        "Actual Rows": 16,
                                                                        "Actual Loops": 7,
                                                                        "Index Cond": "(ml.movie_id = mk.movie_id)"
                                                                    }
                                                                ]
                                                            }
                                                        ]
                                                    }
                                                ]
                                            },
                                            {
                                                "Node Type": "Index Scan",
                                                "Parent Relationship": "Inner",
                                                "Parallel Aware": false,
                                                "Scan Direction": "Forward",
                                                "Index Name": "comp_cast_type_pkey",
                                                "Relation Name": "comp_cast_type",
                                                "Schema": "public",
                                                "Alias": "cct2",
                                                "Startup Cost": 0.13,
                                                "Total Cost": 12.2,
                                                "Plan Rows": 1,
                                                "Plan Width": 4,
                                                "Actual Startup Time": 0.013,
                                                "Actual Total Time": 0.014,
                                                "Actual Rows": 1,
                                                "Actual Loops": 1,
                                                "Output": [
                                                    "cct2.id",
                                                    "cct2.kind"
                                                ],
                                                "Filter": "((cct2.kind)::text = 'complete'::text)",
                                                "Rows Removed by Filter": 3
                                            }
                                        ]
                                    }
                                ]
                            }
                        ]
                    },
                    {
                        "Node Type": "Bitmap Heap Scan",
                        "Parent Relationship": "Inner",
                        "Parallel Aware": false,
                        "Relation Name": "comp_cast_type",
                        "Schema": "public",
                        "Alias": "cct1",
                        "Startup Cost": 0.14,
                        "Total Cost": 4.15,
                        "Plan Rows": 1,
                        "Plan Width": 4,
                        "Actual Startup Time": 0.002,
                        "Actual Total Time": 0.002,
                        "Actual Rows": 0,
                        "Actual Loops": 57,
                        "Output": [
                            "cct1.id",
                            "cct1.kind"
                        ],
                        "Recheck Cond": "(cct1.id = cc.subject_id)",
                        "Rows Removed by Index Recheck": 0,
                        "Filter": "((cct1.kind)::text = ANY ('{complete+verified,cast}'::text[]))",
                        "Rows Removed by Filter": 1,
                        "Exact Heap Blocks": 57,
                        "Lossy Heap Blocks": 0,
                        "Plans": [
                            {
                                "Node Type": "Bitmap Index Scan",
                                "Parent Relationship": "Outer",
                                "Parallel Aware": false,
                                "Index Name": "comp_cast_type_pkey",
                                "Startup Cost": 0.0,
                                "Total Cost": 0.14,
                                "Plan Rows": 1,
                                "Plan Width": 0,
                                "Actual Startup Time": 0.001,
                                "Actual Total Time": 0.001,
                                "Actual Rows": 1,
                                "Actual Loops": 57,
                                "Index Cond": "(cct1.id = cc.subject_id)"
                            }
                        ]
                    }
                ]
            }
        ]
    },
    "Planning Time": 61.044,
    "Triggers": [],
    "Execution Time": 7828.39
}