{
  "Plan": {
    "Node Type": "Aggregate",
    "Strategy": "Plain",
    "Partial Mode": "Finalize",
    "Parallel Aware": false,
    "Startup Cost": 114524.37,
    "Total Cost": 114524.38,
    "Plan Rows": 1,
    "Plan Width": 8,
    "Actual Startup Time": 165.282,
    "Actual Total Time": 176.088,
    "Actual Rows": 1,
    "Actual Loops": 1,
    "Plans": [
      {
        "Node Type": "Gather",
        "Parent Relationship": "Outer",
        "Parallel Aware": false,
        "Startup Cost": 114524.25,
        "Total Cost": 114524.36,
        "Plan Rows": 1,
        "Plan Width": 8,
        "Actual Startup Time": 165.166,
        "Actual Total Time": 176.08,
        "Actual Rows": 2,
        "Actual Loops": 1,
        "Workers Planned": 1,
        "Workers Launched": 1,
        "Single Copy": false,
        "Plans": [
          {
            "Node Type": "Aggregate",
            "Strategy": "Plain",
            "Partial Mode": "Partial",
            "Parent Relationship": "Outer",
            "Parallel Aware": false,
            "Startup Cost": 113524.25,
            "Total Cost": 113524.26,
            "Plan Rows": 1,
            "Plan Width": 8,
            "Actual Startup Time": 159.237,
            "Actual Total Time": 159.24,
            "Actual Rows": 1,
            "Actual Loops": 2,
            "Plans": [
              {
                "Node Type": "Nested Loop",
                "Parent Relationship": "Outer",
                "Parallel Aware": false,
                "Join Type": "Inner",
                "Startup Cost": 0.87,
                "Total Cost": 113402.87,
                "Plan Rows": 48553,
                "Plan Width": 0,
                "Actual Startup Time": 1.537,
                "Actual Total Time": 157.543,
                "Actual Rows": 32184,
                "Actual Loops": 2,
                "Inner Unique": false,
                "Join Filter": "(t.id = mi.movie_id)",
                "Rows Removed by Join Filter": 0,
                "Plans": [
                  {
                    "Node Type": "Nested Loop",
                    "Parent Relationship": "Outer",
                    "Parallel Aware": false,
                    "Join Type": "Inner",
                    "Startup Cost": 0.43,
                    "Total Cost": 97740.26,
                    "Plan Rows": 8304,
                    "Plan Width": 8,
                    "Actual Startup Time": 1.415,
                    "Actual Total Time": 138.032,
                    "Actual Rows": 2058,
                    "Actual Loops": 2,
                    "Inner Unique": false,
                    "Plans": [
                      {
                        "Node Type": "Seq Scan",
                        "Parent Relationship": "Outer",
                        "Parallel Aware": true,
                        "Relation Name": "title",
                        "Alias": "t",
                        "Startup Cost": 0.0,
                        "Total Cost": 58306.47,
                        "Plan Rows": 4641,
                        "Plan Width": 4,
                        "Actual Startup Time": 0.241,
                        "Actual Total Time": 126.443,
                        "Actual Rows": 3929,
                        "Actual Loops": 2,
                        "Filter": "((kind_id = 7) AND (production_year = 1975))",
                        "Rows Removed by Filter": 1260227
                      },
                      {
                        "Node Type": "Index Only Scan",
                        "Parent Relationship": "Inner",
                        "Parallel Aware": false,
                        "Scan Direction": "Forward",
                        "Index Name": "movie_id_movie_keyword",
                        "Relation Name": "movie_keyword",
                        "Alias": "mk",
                        "Startup Cost": 0.43,
                        "Total Cost": 8.05,
                        "Plan Rows": 45,
                        "Plan Width": 4,
                        "Actual Startup Time": 0.002,
                        "Actual Total Time": 0.003,
                        "Actual Rows": 1,
                        "Actual Loops": 7858,
                        "Index Cond": "(movie_id = t.id)",
                        "Rows Removed by Index Recheck": 0,
                        "Heap Fetches": 4117
                      }
                    ]
                  },
                  {
                    "Node Type": "Index Only Scan",
                    "Parent Relationship": "Inner",
                    "Parallel Aware": false,
                    "Scan Direction": "Forward",
                    "Index Name": "movie_id_movie_info",
                    "Relation Name": "movie_info",
                    "Alias": "mi",
                    "Startup Cost": 0.43,
                    "Total Cost": 1.36,
                    "Plan Rows": 42,
                    "Plan Width": 4,
                    "Actual Startup Time": 0.003,
                    "Actual Total Time": 0.008,
                    "Actual Rows": 16,
                    "Actual Loops": 4117,
                    "Index Cond": "(movie_id = mk.movie_id)",
                    "Rows Removed by Index Recheck": 0,
                    "Heap Fetches": 64367
                  }
                ]
              }
            ]
          }
        ]
      }
    ]
  },
  "Planning Time": 0.917,
  "Triggers": [],
  "Execution Time": 176.173
}