{
  "Plan": {
    "Node Type": "Aggregate",
    "Strategy": "Plain",
    "Partial Mode": "Finalize",
    "Parallel Aware": false,
    "Startup Cost": 90262.45,
    "Total Cost": 90262.46,
    "Plan Rows": 1,
    "Plan Width": 8,
    "Actual Startup Time": 265.535,
    "Actual Total Time": 275.599,
    "Actual Rows": 1,
    "Actual Loops": 1,
    "Plans": [
      {
        "Node Type": "Gather",
        "Parent Relationship": "Outer",
        "Parallel Aware": false,
        "Startup Cost": 90262.33,
        "Total Cost": 90262.44,
        "Plan Rows": 1,
        "Plan Width": 8,
        "Actual Startup Time": 265.011,
        "Actual Total Time": 275.592,
        "Actual Rows": 2,
        "Actual Loops": 1,
        "Workers Planned": 1,
        "Workers Launched": 1,
        "Single Copy": false,
        "Plans": [
          {
            "Node Type": "Aggregate",
            "Strategy": "Plain",
            "Partial Mode": "Partial",
            "Parent Relationship": "Outer",
            "Parallel Aware": false,
            "Startup Cost": 89262.33,
            "Total Cost": 89262.34,
            "Plan Rows": 1,
            "Plan Width": 8,
            "Actual Startup Time": 258.903,
            "Actual Total Time": 258.907,
            "Actual Rows": 1,
            "Actual Loops": 2,
            "Plans": [
              {
                "Node Type": "Hash Join",
                "Parent Relationship": "Outer",
                "Parallel Aware": true,
                "Join Type": "Inner",
                "Startup Cost": 57464.33,
                "Total Cost": 89211.02,
                "Plan Rows": 20524,
                "Plan Width": 0,
                "Actual Startup Time": 152.083,
                "Actual Total Time": 256.575,
                "Actual Rows": 53335,
                "Actual Loops": 2,
                "Inner Unique": true,
                "Hash Cond": "(mk.movie_id = t.id)",
                "Plans": [
                  {
                    "Node Type": "Bitmap Heap Scan",
                    "Parent Relationship": "Outer",
                    "Parallel Aware": true,
                    "Relation Name": "movie_keyword",
                    "Alias": "mk",
                    "Startup Cost": 17388.91,
                    "Total Cost": 47869.94,
                    "Plan Rows": 482162,
                    "Plan Width": 4,
                    "Actual Startup Time": 48.524,
                    "Actual Total Time": 132.422,
                    "Actual Rows": 415120,
                    "Actual Loops": 2,
                    "Recheck Cond": "(keyword_id < 797)",
                    "Rows Removed by Index Recheck": 0,
                    "Exact Heap Blocks": 12042,
                    "Lossy Heap Blocks": 0,
                    "Plans": [
                      {
                        "Node Type": "Bitmap Index Scan",
                        "Parent Relationship": "Outer",
                        "Parallel Aware": false,
                        "Index Name": "keyword_id_movie_keyword",
                        "Startup Cost": 0.0,
                        "Total Cost": 17183.99,
                        "Plan Rows": 819675,
                        "Plan Width": 0,
                        "Actual Startup Time": 44.88,
                        "Actual Total Time": 44.881,
                        "Actual Rows": 830240,
                        "Actual Loops": 1,
                        "Index Cond": "(keyword_id < 797)"
                      }
                    ]
                  },
                  {
                    "Node Type": "Hash",
                    "Parent Relationship": "Inner",
                    "Parallel Aware": true,
                    "Startup Cost": 39284.09,
                    "Total Cost": 39284.09,
                    "Plan Rows": 63306,
                    "Plan Width": 4,
                    "Actual Startup Time": 65.5,
                    "Actual Total Time": 65.501,
                    "Actual Rows": 55793,
                    "Actual Loops": 2,
                    "Hash Buckets": 131072,
                    "Original Hash Buckets": 131072,
                    "Hash Batches": 1,
                    "Original Hash Batches": 1,
                    "Peak Memory Usage": 5440,
                    "Plans": [
                      {
                        "Node Type": "Bitmap Heap Scan",
                        "Parent Relationship": "Outer",
                        "Parallel Aware": true,
                        "Relation Name": "title",
                        "Alias": "t",
                        "Startup Cost": 2207.84,
                        "Total Cost": 39284.09,
                        "Plan Rows": 63306,
                        "Plan Width": 4,
                        "Actual Startup Time": 15.228,
                        "Actual Total Time": 52.288,
                        "Actual Rows": 55793,
                        "Actual Loops": 2,
                        "Recheck Cond": "(kind_id = 4)",
                        "Rows Removed by Index Recheck": 0,
                        "Filter": "(production_year < 2012)",
                        "Rows Removed by Filter": 3324,
                        "Exact Heap Blocks": 9840,
                        "Lossy Heap Blocks": 0,
                        "Plans": [
                          {
                            "Node Type": "Bitmap Index Scan",
                            "Parent Relationship": "Outer",
                            "Parallel Aware": false,
                            "Index Name": "kind_id_title",
                            "Startup Cost": 0.0,
                            "Total Cost": 2180.94,
                            "Plan Rows": 122201,
                            "Plan Width": 0,
                            "Actual Startup Time": 14.903,
                            "Actual Total Time": 14.903,
                            "Actual Rows": 118234,
                            "Actual Loops": 1,
                            "Index Cond": "(kind_id = 4)"
                          }
                        ]
                      }
                    ]
                  }
                ]
              }
            ]
          }
        ]
      }
    ]
  },
  "Planning Time": 0.479,
  "Triggers": [],
  "Execution Time": 275.704
}