[
  {
    "Plan": {
      "Node Type": "Aggregate",
      "Strategy": "Plain",
      "Partial Mode": "Finalize",
      "Parallel Aware": false,
      "Startup Cost": 121361.88,
      "Total Cost": 121361.89,
      "Plan Rows": 1,
      "Plan Width": 8,
      "Actual Startup Time": 160.048,
      "Actual Total Time": 171.191,
      "Actual Rows": 1,
      "Actual Loops": 1,
      "Plans": [
        {
          "Node Type": "Gather",
          "Parent Relationship": "Outer",
          "Parallel Aware": false,
          "Startup Cost": 121361.35,
          "Total Cost": 121361.86,
          "Plan Rows": 5,
          "Plan Width": 8,
          "Actual Startup Time": 159.981,
          "Actual Total Time": 171.182,
          "Actual Rows": 6,
          "Actual Loops": 1,
          "Workers Planned": 5,
          "Workers Launched": 5,
          "Single Copy": false,
          "Plans": [
            {
              "Node Type": "Aggregate",
              "Strategy": "Plain",
              "Partial Mode": "Partial",
              "Parent Relationship": "Outer",
              "Parallel Aware": false,
              "Startup Cost": 120361.35,
              "Total Cost": 120361.36,
              "Plan Rows": 1,
              "Plan Width": 8,
              "Actual Startup Time": 149.969,
              "Actual Total Time": 149.97,
              "Actual Rows": 1,
              "Actual Loops": 6,
              "Plans": [
                {
                  "Node Type": "Index Scan",
                  "Parent Relationship": "Outer",
                  "Parallel Aware": true,
                  "Scan Direction": "Forward",
                  "Index Name": "role_id_cast_info",
                  "Relation Name": "cast_info",
                  "Alias": "ci",
                  "Startup Cost": 0.56,
                  "Total Cost": 119623.46,
                  "Plan Rows": 295160,
                  "Plan Width": 0,
                  "Actual Startup Time": 0.292,
                  "Actual Total Time": 145.479,
                  "Actual Rows": 78888,
                  "Actual Loops": 6,
                  "Index Cond": "(role_id = 10)",
                  "Rows Removed by Index Recheck": 0,
                  "Filter": "(person_id < 1199028)",
                  "Rows Removed by Filter": 641616
                }
              ]
            }
          ]
        }
      ]
    },
    "Planning Time": 0.211,
    "Triggers": [],
    "Execution Time": 171.251
  }
]