[
  {
    "Plan": {
      "Node Type": "Aggregate",
      "Strategy": "Plain",
      "Partial Mode": "Finalize",
      "Parallel Aware": false,
      "Startup Cost": 46521.53,
      "Total Cost": 46521.54,
      "Plan Rows": 1,
      "Plan Width": 8,
      "Actual Startup Time": 101.539,
      "Actual Total Time": 108.504,
      "Actual Rows": 1,
      "Actual Loops": 1,
      "Plans": [
        {
          "Node Type": "Gather",
          "Parent Relationship": "Outer",
          "Parallel Aware": false,
          "Startup Cost": 46521.11,
          "Total Cost": 46521.52,
          "Plan Rows": 4,
          "Plan Width": 8,
          "Actual Startup Time": 101.412,
          "Actual Total Time": 108.495,
          "Actual Rows": 5,
          "Actual Loops": 1,
          "Workers Planned": 4,
          "Workers Launched": 4,
          "Single Copy": false,
          "Plans": [
            {
              "Node Type": "Aggregate",
              "Strategy": "Plain",
              "Partial Mode": "Partial",
              "Parent Relationship": "Outer",
              "Parallel Aware": false,
              "Startup Cost": 45521.11,
              "Total Cost": 45521.12,
              "Plan Rows": 1,
              "Plan Width": 8,
              "Actual Startup Time": 93.302,
              "Actual Total Time": 93.303,
              "Actual Rows": 1,
              "Actual Loops": 5,
              "Plans": [
                {
                  "Node Type": "Seq Scan",
                  "Parent Relationship": "Outer",
                  "Parallel Aware": true,
                  "Relation Name": "title",
                  "Alias": "t",
                  "Startup Cost": 0.0,
                  "Total Cost": 45479.21,
                  "Plan Rows": 16762,
                  "Plan Width": 0,
                  "Actual Startup Time": 72.145,
                  "Actual Total Time": 93.296,
                  "Actual Rows": 0,
                  "Actual Loops": 5,
                  "Filter": "((kind_id > 1) AND (production_year < 1921))",
                  "Rows Removed by Filter": 505662
                }
              ]
            }
          ]
        }
      ]
    },
    "Planning Time": 0.167,
    "Triggers": [],
    "Execution Time": 108.56
  }
]