[
  {
    "Plan": {
      "Node Type": "Aggregate",
      "Strategy": "Plain",
      "Partial Mode": "Finalize",
      "Parallel Aware": false,
      "Startup Cost": 349112.29,
      "Total Cost": 349112.3,
      "Plan Rows": 1,
      "Plan Width": 8,
      "Actual Startup Time": 739.597,
      "Actual Total Time": 794.915,
      "Actual Rows": 1,
      "Actual Loops": 1,
      "Plans": [
        {
          "Node Type": "Gather",
          "Parent Relationship": "Outer",
          "Parallel Aware": false,
          "Startup Cost": 349111.67,
          "Total Cost": 349112.28,
          "Plan Rows": 6,
          "Plan Width": 8,
          "Actual Startup Time": 739.485,
          "Actual Total Time": 794.906,
          "Actual Rows": 7,
          "Actual Loops": 1,
          "Workers Planned": 6,
          "Workers Launched": 6,
          "Single Copy": false,
          "Plans": [
            {
              "Node Type": "Aggregate",
              "Strategy": "Plain",
              "Partial Mode": "Partial",
              "Parent Relationship": "Outer",
              "Parallel Aware": false,
              "Startup Cost": 348111.67,
              "Total Cost": 348111.68,
              "Plan Rows": 1,
              "Plan Width": 8,
              "Actual Startup Time": 731.305,
              "Actual Total Time": 731.306,
              "Actual Rows": 1,
              "Actual Loops": 7,
              "Plans": [
                {
                  "Node Type": "Seq Scan",
                  "Parent Relationship": "Outer",
                  "Parallel Aware": true,
                  "Relation Name": "cast_info",
                  "Alias": "ci",
                  "Startup Cost": 0.0,
                  "Total Cost": 343257.03,
                  "Plan Rows": 1941855,
                  "Plan Width": 0,
                  "Actual Startup Time": 246.625,
                  "Actual Total Time": 693.713,
                  "Actual Rows": 735053,
                  "Actual Loops": 7,
                  "Filter": "((person_id < 1764985) AND (role_id > 1))",
                  "Rows Removed by Filter": 4442711
                }
              ]
            }
          ]
        }
      ]
    },
    "Planning Time": 0.182,
    "Triggers": [],
    "Execution Time": 794.979
  }
]