[
  {
    "Plan": {
      "Node Type": "Aggregate",
      "Strategy": "Plain",
      "Partial Mode": "Finalize",
      "Parallel Aware": false,
      "Startup Cost": 97174.77,
      "Total Cost": 97174.78,
      "Plan Rows": 1,
      "Plan Width": 8,
      "Actual Startup Time": 429.985,
      "Actual Total Time": 477.603,
      "Actual Rows": 1,
      "Actual Loops": 1,
      "Plans": [
        {
          "Node Type": "Gather",
          "Parent Relationship": "Outer",
          "Parallel Aware": false,
          "Startup Cost": 97174.45,
          "Total Cost": 97174.76,
          "Plan Rows": 3,
          "Plan Width": 8,
          "Actual Startup Time": 429.568,
          "Actual Total Time": 477.594,
          "Actual Rows": 4,
          "Actual Loops": 1,
          "Workers Planned": 3,
          "Workers Launched": 3,
          "Single Copy": false,
          "Plans": [
            {
              "Node Type": "Aggregate",
              "Strategy": "Plain",
              "Partial Mode": "Partial",
              "Parent Relationship": "Outer",
              "Parallel Aware": false,
              "Startup Cost": 96174.45,
              "Total Cost": 96174.46,
              "Plan Rows": 1,
              "Plan Width": 8,
              "Actual Startup Time": 421.3,
              "Actual Total Time": 421.304,
              "Actual Rows": 1,
              "Actual Loops": 4,
              "Plans": [
                {
                  "Node Type": "Nested Loop",
                  "Parent Relationship": "Outer",
                  "Parallel Aware": false,
                  "Join Type": "Inner",
                  "Startup Cost": 54914.57,
                  "Total Cost": 96073.6,
                  "Plan Rows": 40341,
                  "Plan Width": 0,
                  "Actual Startup Time": 123.057,
                  "Actual Total Time": 411.741,
                  "Actual Rows": 178262,
                  "Actual Loops": 4,
                  "Inner Unique": false,
                  "Join Filter": "(t.id = ci.movie_id)",
                  "Rows Removed by Join Filter": 0,
                  "Plans": [
                    {
                      "Node Type": "Hash Join",
                      "Parent Relationship": "Outer",
                      "Parallel Aware": true,
                      "Join Type": "Inner",
                      "Startup Cost": 54914.0,
                      "Total Cost": 81501.41,
                      "Plan Rows": 2815,
                      "Plan Width": 8,
                      "Actual Startup Time": 122.954,
                      "Actual Total Time": 177.325,
                      "Actual Rows": 3520,
                      "Actual Loops": 4,
                      "Inner Unique": true,
                      "Hash Cond": "(mk.movie_id = t.id)",
                      "Plans": [
                        {
                          "Node Type": "Bitmap Heap Scan",
                          "Parent Relationship": "Outer",
                          "Parallel Aware": true,
                          "Relation Name": "movie_keyword",
                          "Alias": "mk",
                          "Startup Cost": 9277.21,
                          "Total Cost": 35494.35,
                          "Plan Rows": 141052,
                          "Plan Width": 4,
                          "Actual Startup Time": 26.434,
                          "Actual Total Time": 64.815,
                          "Actual Rows": 113332,
                          "Actual Loops": 4,
                          "Recheck Cond": "(keyword_id < 348)",
                          "Rows Removed by Index Recheck": 0,
                          "Exact Heap Blocks": 10148,
                          "Lossy Heap Blocks": 0,
                          "Plans": [
                            {
                              "Node Type": "Bitmap Index Scan",
                              "Parent Relationship": "Outer",
                              "Parallel Aware": false,
                              "Index Name": "keyword_id_movie_keyword",
                              "Startup Cost": 0.0,
                              "Total Cost": 9167.89,
                              "Plan Rows": 437261,
                              "Plan Width": 0,
                              "Actual Startup Time": 22.771,
                              "Actual Total Time": 22.772,
                              "Actual Rows": 453330,
                              "Actual Loops": 1,
                              "Index Cond": "(keyword_id < 348)"
                            }
                          ]
                        },
                        {
                          "Node Type": "Hash",
                          "Parent Relationship": "Inner",
                          "Parallel Aware": true,
                          "Startup Cost": 45479.1,
                          "Total Cost": 45479.1,
                          "Plan Rows": 12616,
                          "Plan Width": 4,
                          "Actual Startup Time": 95.202,
                          "Actual Total Time": 95.203,
                          "Actual Rows": 11003,
                          "Actual Loops": 4,
                          "Hash Buckets": 65536,
                          "Original Hash Buckets": 65536,
                          "Hash Batches": 1,
                          "Original Hash Batches": 1,
                          "Peak Memory Usage": 2304,
                          "Plans": [
                            {
                              "Node Type": "Seq Scan",
                              "Parent Relationship": "Outer",
                              "Parallel Aware": true,
                              "Relation Name": "title",
                              "Alias": "t",
                              "Startup Cost": 0.0,
                              "Total Cost": 45479.1,
                              "Plan Rows": 12616,
                              "Plan Width": 4,
                              "Actual Startup Time": 0.232,
                              "Actual Total Time": 91.17,
                              "Actual Rows": 11003,
                              "Actual Loops": 4,
                              "Filter": "((kind_id < 7) AND (production_year = 2009))",
                              "Rows Removed by Filter": 621075
                            }
                          ]
                        }
                      ]
                    },
                    {
                      "Node Type": "Index Only Scan",
                      "Parent Relationship": "Inner",
                      "Parallel Aware": false,
                      "Scan Direction": "Forward",
                      "Index Name": "movie_id_cast_info",
                      "Relation Name": "cast_info",
                      "Alias": "ci",
                      "Startup Cost": 0.56,
                      "Total Cost": 4.71,
                      "Plan Rows": 37,
                      "Plan Width": 4,
                      "Actual Startup Time": 0.008,
                      "Actual Total Time": 0.062,
                      "Actual Rows": 51,
                      "Actual Loops": 14082,
                      "Index Cond": "(movie_id = mk.movie_id)",
                      "Rows Removed by Index Recheck": 0,
                      "Heap Fetches": 713050
                    }
                  ]
                }
              ]
            }
          ]
        }
      ]
    },
    "Planning Time": 1.36,
    "Triggers": [],
    "Execution Time": 477.751
  }
]