[
  {
    "Plan": {
      "Node Type": "Aggregate",
      "Strategy": "Plain",
      "Partial Mode": "Finalize",
      "Parallel Aware": false,
      "Startup Cost": 78378.6,
      "Total Cost": 78378.61,
      "Plan Rows": 1,
      "Plan Width": 8,
      "Actual Startup Time": 175.156,
      "Actual Total Time": 191.668,
      "Actual Rows": 1,
      "Actual Loops": 1,
      "Plans": [
        {
          "Node Type": "Gather",
          "Parent Relationship": "Outer",
          "Parallel Aware": false,
          "Startup Cost": 78378.28,
          "Total Cost": 78378.59,
          "Plan Rows": 3,
          "Plan Width": 8,
          "Actual Startup Time": 174.748,
          "Actual Total Time": 191.662,
          "Actual Rows": 4,
          "Actual Loops": 1,
          "Workers Planned": 3,
          "Workers Launched": 3,
          "Single Copy": false,
          "Plans": [
            {
              "Node Type": "Aggregate",
              "Strategy": "Plain",
              "Partial Mode": "Partial",
              "Parent Relationship": "Outer",
              "Parallel Aware": false,
              "Startup Cost": 77378.28,
              "Total Cost": 77378.29,
              "Plan Rows": 1,
              "Plan Width": 8,
              "Actual Startup Time": 169.643,
              "Actual Total Time": 169.646,
              "Actual Rows": 1,
              "Actual Loops": 4,
              "Plans": [
                {
                  "Node Type": "Hash Join",
                  "Parent Relationship": "Outer",
                  "Parallel Aware": true,
                  "Join Type": "Inner",
                  "Startup Cost": 45604.86,
                  "Total Cost": 77372.95,
                  "Plan Rows": 2134,
                  "Plan Width": 0,
                  "Actual Startup Time": 119.831,
                  "Actual Total Time": 169.58,
                  "Actual Rows": 1169,
                  "Actual Loops": 4,
                  "Inner Unique": true,
                  "Hash Cond": "(mc.movie_id = t.id)",
                  "Plans": [
                    {
                      "Node Type": "Seq Scan",
                      "Parent Relationship": "Outer",
                      "Parallel Aware": true,
                      "Relation Name": "movie_companies",
                      "Alias": "mc",
                      "Startup Cost": 0.0,
                      "Total Cost": 31414.82,
                      "Plan Rows": 134579,
                      "Plan Width": 4,
                      "Actual Startup Time": 28.38,
                      "Actual Total Time": 60.944,
                      "Actual Rows": 182876,
                      "Actual Loops": 4,
                      "Filter": "((company_id > 29789) AND (company_type_id = 2))",
                      "Rows Removed by Filter": 469406
                    },
                    {
                      "Node Type": "Hash",
                      "Parent Relationship": "Inner",
                      "Parallel Aware": true,
                      "Startup Cost": 45479.59,
                      "Total Cost": 45479.59,
                      "Plan Rows": 10022,
                      "Plan Width": 4,
                      "Actual Startup Time": 90.787,
                      "Actual Total Time": 90.787,
                      "Actual Rows": 10030,
                      "Actual Loops": 4,
                      "Hash Buckets": 65536,
                      "Original Hash Buckets": 65536,
                      "Hash Batches": 1,
                      "Original Hash Batches": 1,
                      "Peak Memory Usage": 2144,
                      "Plans": [
                        {
                          "Node Type": "Seq Scan",
                          "Parent Relationship": "Outer",
                          "Parallel Aware": true,
                          "Relation Name": "title",
                          "Alias": "t",
                          "Startup Cost": 0.0,
                          "Total Cost": 45479.59,
                          "Plan Rows": 10022,
                          "Plan Width": 4,
                          "Actual Startup Time": 0.042,
                          "Actual Total Time": 86.772,
                          "Actual Rows": 10030,
                          "Actual Loops": 4,
                          "Filter": "((kind_id = 7) AND (production_year = 2013))",
                          "Rows Removed by Filter": 622048
                        }
                      ]
                    }
                  ]
                }
              ]
            }
          ]
        }
      ]
    },
    "Planning Time": 0.265,
    "Triggers": [],
    "Execution Time": 191.741
  }
]