[
  {
    "Plan": {
      "Node Type": "Aggregate",
      "Strategy": "Plain",
      "Partial Mode": "Finalize",
      "Parallel Aware": false,
      "Startup Cost": 47301.84,
      "Total Cost": 47301.85,
      "Plan Rows": 1,
      "Plan Width": 8,
      "Actual Startup Time": 178.109,
      "Actual Total Time": 185.709,
      "Actual Rows": 1,
      "Actual Loops": 1,
      "Plans": [
        {
          "Node Type": "Gather",
          "Parent Relationship": "Outer",
          "Parallel Aware": false,
          "Startup Cost": 47301.52,
          "Total Cost": 47301.83,
          "Plan Rows": 3,
          "Plan Width": 8,
          "Actual Startup Time": 177.978,
          "Actual Total Time": 185.7,
          "Actual Rows": 4,
          "Actual Loops": 1,
          "Workers Planned": 3,
          "Workers Launched": 3,
          "Single Copy": false,
          "Plans": [
            {
              "Node Type": "Aggregate",
              "Strategy": "Plain",
              "Partial Mode": "Partial",
              "Parent Relationship": "Outer",
              "Parallel Aware": false,
              "Startup Cost": 46301.52,
              "Total Cost": 46301.53,
              "Plan Rows": 1,
              "Plan Width": 8,
              "Actual Startup Time": 170.922,
              "Actual Total Time": 170.923,
              "Actual Rows": 1,
              "Actual Loops": 4,
              "Plans": [
                {
                  "Node Type": "Seq Scan",
                  "Parent Relationship": "Outer",
                  "Parallel Aware": true,
                  "Relation Name": "movie_keyword",
                  "Alias": "mk",
                  "Startup Cost": 0.0,
                  "Total Cost": 42695.65,
                  "Plan Rows": 1442348,
                  "Plan Width": 0,
                  "Actual Startup Time": 0.052,
                  "Actual Total Time": 121.884,
                  "Actual Rows": 1118183,
                  "Actual Loops": 4,
                  "Filter": "(keyword_id < 99008)",
                  "Rows Removed by Filter": 12800
                }
              ]
            }
          ]
        }
      ]
    },
    "Planning Time": 0.263,
    "Triggers": [],
    "Execution Time": 185.772
  }
]