[
    {
        "Bao": {
            "Bao prediction": 609.413,
            "Bao recommended hint": "(no hint)"
        }
    },
    {
        "Plan": {
            "Node Type": "Aggregate",
            "Strategy": "Plain",
            "Partial Mode": "Simple",
            "Parallel Aware": false,
            "Startup Cost": 27585.33,
            "Total Cost": 27585.34,
            "Plan Rows": 1,
            "Plan Width": 8,
            "Actual Startup Time": 66.001,
            "Actual Total Time": 66.002,
            "Actual Rows": 1,
            "Actual Loops": 1,
            "Output": [
                "count(*)"
            ],
            "Plans": [
                {
                    "Node Type": "Bitmap Heap Scan",
                    "Parent Relationship": "Outer",
                    "Parallel Aware": false,
                    "Relation Name": "movie_keyword",
                    "Schema": "public",
                    "Alias": "mk",
                    "Startup Cost": 1834.47,
                    "Total Cost": 27369.19,
                    "Plan Rows": 86457,
                    "Plan Width": 0,
                    "Actual Startup Time": 23.547,
                    "Actual Total Time": 61.385,
                    "Actual Rows": 88988,
                    "Actual Loops": 1,
                    "Recheck Cond": "(mk.keyword_id < 76)",
                    "Rows Removed by Index Recheck": 0,
                    "Exact Heap Blocks": 20878,
                    "Lossy Heap Blocks": 0,
                    "Plans": [
                        {
                            "Node Type": "Bitmap Index Scan",
                            "Parent Relationship": "Outer",
                            "Parallel Aware": false,
                            "Index Name": "keyword_id_movie_keyword",
                            "Startup Cost": 0.0,
                            "Total Cost": 1812.86,
                            "Plan Rows": 86457,
                            "Plan Width": 0,
                            "Actual Startup Time": 15.593,
                            "Actual Total Time": 15.593,
                            "Actual Rows": 88988,
                            "Actual Loops": 1,
                            "Index Cond": "(mk.keyword_id < 76)"
                        }
                    ]
                }
            ]
        },
        "Planning Time": 1068.713,
        "Triggers": [],
        "Execution Time": 66.085
    }
]