[
  {
    "Plan": {
      "Node Type": "Aggregate",
      "Strategy": "Plain",
      "Partial Mode": "Finalize",
      "Parallel Aware": false,
      "Startup Cost": 123632.96,
      "Total Cost": 123632.97,
      "Plan Rows": 1,
      "Plan Width": 8,
      "Actual Startup Time": 430.95,
      "Actual Total Time": 454.167,
      "Actual Rows": 1,
      "Actual Loops": 1,
      "Plans": [
        {
          "Node Type": "Gather",
          "Parent Relationship": "Outer",
          "Parallel Aware": false,
          "Startup Cost": 123632.64,
          "Total Cost": 123632.95,
          "Plan Rows": 3,
          "Plan Width": 8,
          "Actual Startup Time": 430.075,
          "Actual Total Time": 454.159,
          "Actual Rows": 4,
          "Actual Loops": 1,
          "Workers Planned": 3,
          "Workers Launched": 3,
          "Single Copy": false,
          "Plans": [
            {
              "Node Type": "Aggregate",
              "Strategy": "Plain",
              "Partial Mode": "Partial",
              "Parent Relationship": "Outer",
              "Parallel Aware": false,
              "Startup Cost": 122632.64,
              "Total Cost": 122632.65,
              "Plan Rows": 1,
              "Plan Width": 8,
              "Actual Startup Time": 420.799,
              "Actual Total Time": 420.803,
              "Actual Rows": 1,
              "Actual Loops": 4,
              "Plans": [
                {
                  "Node Type": "Nested Loop",
                  "Parent Relationship": "Outer",
                  "Parallel Aware": false,
                  "Join Type": "Inner",
                  "Startup Cost": 38227.86,
                  "Total Cost": 122365.11,
                  "Plan Rows": 107011,
                  "Plan Width": 0,
                  "Actual Startup Time": 74.657,
                  "Actual Total Time": 400.865,
                  "Actual Rows": 487698,
                  "Actual Loops": 4,
                  "Inner Unique": false,
                  "Join Filter": "(t.id = mi.movie_id)",
                  "Rows Removed by Join Filter": 0,
                  "Plans": [
                    {
                      "Node Type": "Hash Join",
                      "Parent Relationship": "Outer",
                      "Parallel Aware": true,
                      "Join Type": "Inner",
                      "Startup Cost": 38227.43,
                      "Total Cost": 82425.54,
                      "Plan Rows": 18301,
                      "Plan Width": 8,
                      "Actual Startup Time": 74.581,
                      "Actual Total Time": 207.34,
                      "Actual Rows": 12429,
                      "Actual Loops": 4,
                      "Inner Unique": true,
                      "Hash Cond": "(mk.movie_id = t.id)",
                      "Plans": [
                        {
                          "Node Type": "Seq Scan",
                          "Parent Relationship": "Outer",
                          "Parallel Aware": true,
                          "Relation Name": "movie_keyword",
                          "Alias": "mk",
                          "Startup Cost": 0.0,
                          "Total Cost": 42695.65,
                          "Plan Rows": 572367,
                          "Plan Width": 4,
                          "Actual Startup Time": 0.446,
                          "Actual Total Time": 95.665,
                          "Actual Rows": 445178,
                          "Actual Loops": 4,
                          "Filter": "(keyword_id > 7776)",
                          "Rows Removed by Filter": 685804
                        },
                        {
                          "Node Type": "Hash",
                          "Parent Relationship": "Inner",
                          "Parallel Aware": true,
                          "Startup Cost": 37974.8,
                          "Total Cost": 37974.8,
                          "Plan Rows": 20210,
                          "Plan Width": 4,
                          "Actual Startup Time": 72.574,
                          "Actual Total Time": 72.576,
                          "Actual Rows": 22142,
                          "Actual Loops": 4,
                          "Hash Buckets": 131072,
                          "Original Hash Buckets": 131072,
                          "Hash Batches": 1,
                          "Original Hash Batches": 1,
                          "Peak Memory Usage": 4576,
                          "Plans": [
                            {
                              "Node Type": "Bitmap Heap Scan",
                              "Parent Relationship": "Outer",
                              "Parallel Aware": true,
                              "Relation Name": "title",
                              "Alias": "t",
                              "Startup Cost": 1636.75,
                              "Total Cost": 37974.8,
                              "Plan Rows": 20210,
                              "Plan Width": 4,
                              "Actual Startup Time": 19.515,
                              "Actual Total Time": 64.557,
                              "Actual Rows": 22142,
                              "Actual Loops": 4,
                              "Recheck Cond": "(kind_id = 2)",
                              "Rows Removed by Index Recheck": 0,
                              "Filter": "(production_year > 1956)",
                              "Rows Removed by Filter": 570,
                              "Exact Heap Blocks": 14684,
                              "Lossy Heap Blocks": 0,
                              "Plans": [
                                {
                                  "Node Type": "Bitmap Index Scan",
                                  "Parent Relationship": "Outer",
                                  "Parallel Aware": false,
                                  "Index Name": "kind_id_title",
                                  "Startup Cost": 0.0,
                                  "Total Cost": 1616.54,
                                  "Plan Rows": 90681,
                                  "Plan Width": 0,
                                  "Actual Startup Time": 17.086,
                                  "Actual Total Time": 17.086,
                                  "Actual Rows": 90852,
                                  "Actual Loops": 1,
                                  "Index Cond": "(kind_id = 2)"
                                }
                              ]
                            }
                          ]
                        }
                      ]
                    },
                    {
                      "Node Type": "Index Only Scan",
                      "Parent Relationship": "Inner",
                      "Parallel Aware": false,
                      "Scan Direction": "Forward",
                      "Index Name": "movie_id_movie_info",
                      "Relation Name": "movie_info",
                      "Alias": "mi",
                      "Startup Cost": 0.43,
                      "Total Cost": 1.66,
                      "Plan Rows": 42,
                      "Plan Width": 4,
                      "Actual Startup Time": 0.003,
                      "Actual Total Time": 0.012,
                      "Actual Rows": 39,
                      "Actual Loops": 49715,
                      "Index Cond": "(movie_id = mk.movie_id)",
                      "Rows Removed by Index Recheck": 0,
                      "Heap Fetches": 1950794
                    }
                  ]
                }
              ]
            }
          ]
        }
      ]
    },
    "Planning Time": 1.456,
    "Triggers": [],
    "Execution Time": 454.276
  }
]