[
  {
    "Plan": {
      "Node Type": "Aggregate",
      "Strategy": "Plain",
      "Partial Mode": "Finalize",
      "Parallel Aware": false,
      "Startup Cost": 32672.71,
      "Total Cost": 32672.72,
      "Plan Rows": 1,
      "Plan Width": 8,
      "Actual Startup Time": 95.362,
      "Actual Total Time": 103.237,
      "Actual Rows": 1,
      "Actual Loops": 1,
      "Plans": [
        {
          "Node Type": "Gather",
          "Parent Relationship": "Outer",
          "Parallel Aware": false,
          "Startup Cost": 32672.39,
          "Total Cost": 32672.7,
          "Plan Rows": 3,
          "Plan Width": 8,
          "Actual Startup Time": 95.27,
          "Actual Total Time": 103.228,
          "Actual Rows": 4,
          "Actual Loops": 1,
          "Workers Planned": 3,
          "Workers Launched": 3,
          "Single Copy": false,
          "Plans": [
            {
              "Node Type": "Aggregate",
              "Strategy": "Plain",
              "Partial Mode": "Partial",
              "Parent Relationship": "Outer",
              "Parallel Aware": false,
              "Startup Cost": 31672.39,
              "Total Cost": 31672.4,
              "Plan Rows": 1,
              "Plan Width": 8,
              "Actual Startup Time": 87.202,
              "Actual Total Time": 87.204,
              "Actual Rows": 1,
              "Actual Loops": 4,
              "Plans": [
                {
                  "Node Type": "Seq Scan",
                  "Parent Relationship": "Outer",
                  "Parallel Aware": true,
                  "Relation Name": "movie_companies",
                  "Alias": "mc",
                  "Startup Cost": 0.0,
                  "Total Cost": 31414.82,
                  "Plan Rows": 103030,
                  "Plan Width": 0,
                  "Actual Startup Time": 0.035,
                  "Actual Total Time": 77.826,
                  "Actual Rows": 115858,
                  "Actual Loops": 4,
                  "Filter": "((company_id < 865) AND (company_type_id = 1))",
                  "Rows Removed by Filter": 536424
                }
              ]
            }
          ]
        }
      ]
    },
    "Planning Time": 0.252,
    "Triggers": [],
    "Execution Time": 103.299
  }
]