[
  {
    "Plan": {
      "Node Type": "Aggregate",
      "Strategy": "Plain",
      "Partial Mode": "Finalize",
      "Parallel Aware": false,
      "Startup Cost": 62159.08,
      "Total Cost": 62159.09,
      "Plan Rows": 1,
      "Plan Width": 8,
      "Actual Startup Time": 172.94,
      "Actual Total Time": 186.64,
      "Actual Rows": 1,
      "Actual Loops": 1,
      "Plans": [
        {
          "Node Type": "Gather",
          "Parent Relationship": "Outer",
          "Parallel Aware": false,
          "Startup Cost": 62158.86,
          "Total Cost": 62159.07,
          "Plan Rows": 2,
          "Plan Width": 8,
          "Actual Startup Time": 172.691,
          "Actual Total Time": 186.632,
          "Actual Rows": 3,
          "Actual Loops": 1,
          "Workers Planned": 2,
          "Workers Launched": 2,
          "Single Copy": false,
          "Plans": [
            {
              "Node Type": "Aggregate",
              "Strategy": "Plain",
              "Partial Mode": "Partial",
              "Parent Relationship": "Outer",
              "Parallel Aware": false,
              "Startup Cost": 61158.86,
              "Total Cost": 61158.87,
              "Plan Rows": 1,
              "Plan Width": 8,
              "Actual Startup Time": 166.424,
              "Actual Total Time": 166.427,
              "Actual Rows": 1,
              "Actual Loops": 3,
              "Plans": [
                {
                  "Node Type": "Hash Join",
                  "Parent Relationship": "Outer",
                  "Parallel Aware": true,
                  "Join Type": "Inner",
                  "Startup Cost": 45535.55,
                  "Total Cost": 61155.48,
                  "Plan Rows": 1353,
                  "Plan Width": 0,
                  "Actual Startup Time": 134.476,
                  "Actual Total Time": 166.371,
                  "Actual Rows": 496,
                  "Actual Loops": 3,
                  "Inner Unique": true,
                  "Hash Cond": "(mi_idx.movie_id = t.id)",
                  "Plans": [
                    {
                      "Node Type": "Seq Scan",
                      "Parent Relationship": "Outer",
                      "Parallel Aware": true,
                      "Relation Name": "movie_info_idx",
                      "Alias": "mi_idx",
                      "Startup Cost": 0.0,
                      "Total Cost": 15122.68,
                      "Plan Rows": 189429,
                      "Plan Width": 4,
                      "Actual Startup Time": 0.027,
                      "Actual Total Time": 38.43,
                      "Actual Rows": 153308,
                      "Actual Loops": 3,
                      "Filter": "(info_type_id = 99)",
                      "Rows Removed by Filter": 306703
                    },
                    {
                      "Node Type": "Hash",
                      "Parent Relationship": "Inner",
                      "Parallel Aware": true,
                      "Startup Cost": 45479.1,
                      "Total Cost": 45479.1,
                      "Plan Rows": 4516,
                      "Plan Width": 4,
                      "Actual Startup Time": 111.119,
                      "Actual Total Time": 111.12,
                      "Actual Rows": 7340,
                      "Actual Loops": 3,
                      "Hash Buckets": 32768,
                      "Original Hash Buckets": 32768,
                      "Hash Batches": 1,
                      "Original Hash Batches": 1,
                      "Peak Memory Usage": 1152,
                      "Plans": [
                        {
                          "Node Type": "Seq Scan",
                          "Parent Relationship": "Outer",
                          "Parallel Aware": true,
                          "Relation Name": "title",
                          "Alias": "t",
                          "Startup Cost": 0.0,
                          "Total Cost": 45479.1,
                          "Plan Rows": 4516,
                          "Plan Width": 4,
                          "Actual Startup Time": 67.316,
                          "Actual Total Time": 108.505,
                          "Actual Rows": 7340,
                          "Actual Loops": 3,
                          "Filter": "((production_year > 2012) AND (kind_id = 1))",
                          "Rows Removed by Filter": 835430
                        }
                      ]
                    }
                  ]
                }
              ]
            }
          ]
        }
      ]
    },
    "Planning Time": 0.636,
    "Triggers": [],
    "Execution Time": 186.712
  }
]