[
  {
    "Plan": {
      "Node Type": "Aggregate",
      "Strategy": "Plain",
      "Partial Mode": "Finalize",
      "Parallel Aware": false,
      "Startup Cost": 49091.9,
      "Total Cost": 49091.91,
      "Plan Rows": 1,
      "Plan Width": 8,
      "Actual Startup Time": 101.93,
      "Actual Total Time": 114.727,
      "Actual Rows": 1,
      "Actual Loops": 1,
      "Plans": [
        {
          "Node Type": "Gather",
          "Parent Relationship": "Outer",
          "Parallel Aware": false,
          "Startup Cost": 49091.48,
          "Total Cost": 49091.89,
          "Plan Rows": 4,
          "Plan Width": 8,
          "Actual Startup Time": 101.624,
          "Actual Total Time": 114.719,
          "Actual Rows": 5,
          "Actual Loops": 1,
          "Workers Planned": 4,
          "Workers Launched": 4,
          "Single Copy": false,
          "Plans": [
            {
              "Node Type": "Aggregate",
              "Strategy": "Plain",
              "Partial Mode": "Partial",
              "Parent Relationship": "Outer",
              "Parallel Aware": false,
              "Startup Cost": 48091.48,
              "Total Cost": 48091.49,
              "Plan Rows": 1,
              "Plan Width": 8,
              "Actual Startup Time": 92.309,
              "Actual Total Time": 92.311,
              "Actual Rows": 1,
              "Actual Loops": 5,
              "Plans": [
                {
                  "Node Type": "Nested Loop",
                  "Parent Relationship": "Outer",
                  "Parallel Aware": false,
                  "Join Type": "Inner",
                  "Startup Cost": 0.43,
                  "Total Cost": 48091.02,
                  "Plan Rows": 182,
                  "Plan Width": 0,
                  "Actual Startup Time": 74.178,
                  "Actual Total Time": 92.305,
                  "Actual Rows": 1,
                  "Actual Loops": 5,
                  "Inner Unique": false,
                  "Plans": [
                    {
                      "Node Type": "Seq Scan",
                      "Parent Relationship": "Outer",
                      "Parallel Aware": true,
                      "Relation Name": "title",
                      "Alias": "t",
                      "Startup Cost": 0.0,
                      "Total Cost": 45479.1,
                      "Plan Rows": 334,
                      "Plan Width": 4,
                      "Actual Startup Time": 29.667,
                      "Actual Total Time": 92.09,
                      "Actual Rows": 4,
                      "Actual Loops": 5,
                      "Filter": "((kind_id > 1) AND (production_year = 1936))",
                      "Rows Removed by Filter": 505658
                    },
                    {
                      "Node Type": "Index Only Scan",
                      "Parent Relationship": "Inner",
                      "Parallel Aware": false,
                      "Scan Direction": "Forward",
                      "Index Name": "movie_id_movie_info_idx",
                      "Relation Name": "movie_info_idx",
                      "Alias": "mi_idx",
                      "Startup Cost": 0.43,
                      "Total Cost": 7.79,
                      "Plan Rows": 3,
                      "Plan Width": 4,
                      "Actual Startup Time": 0.05,
                      "Actual Total Time": 0.05,
                      "Actual Rows": 0,
                      "Actual Loops": 20,
                      "Index Cond": "(movie_id = t.id)",
                      "Rows Removed by Index Recheck": 0,
                      "Heap Fetches": 3
                    }
                  ]
                }
              ]
            }
          ]
        }
      ]
    },
    "Planning Time": 0.642,
    "Triggers": [],
    "Execution Time": 114.8
  }
]