{
  "Plan": {
    "Node Type": "Aggregate",
    "Strategy": "Plain",
    "Partial Mode": "Finalize",
    "Parallel Aware": false,
    "Startup Cost": 95045.86,
    "Total Cost": 95045.87,
    "Plan Rows": 1,
    "Plan Width": 8,
    "Actual Startup Time": 399.092,
    "Actual Total Time": 415.101,
    "Actual Rows": 1,
    "Actual Loops": 1,
    "Plans": [
      {
        "Node Type": "Gather",
        "Parent Relationship": "Outer",
        "Parallel Aware": false,
        "Startup Cost": 95045.75,
        "Total Cost": 95045.86,
        "Plan Rows": 1,
        "Plan Width": 8,
        "Actual Startup Time": 397.175,
        "Actual Total Time": 415.093,
        "Actual Rows": 2,
        "Actual Loops": 1,
        "Workers Planned": 1,
        "Workers Launched": 1,
        "Single Copy": false,
        "Plans": [
          {
            "Node Type": "Aggregate",
            "Strategy": "Plain",
            "Partial Mode": "Partial",
            "Parent Relationship": "Outer",
            "Parallel Aware": false,
            "Startup Cost": 94045.75,
            "Total Cost": 94045.76,
            "Plan Rows": 1,
            "Plan Width": 8,
            "Actual Startup Time": 390.966,
            "Actual Total Time": 390.969,
            "Actual Rows": 1,
            "Actual Loops": 2,
            "Plans": [
              {
                "Node Type": "Hash Join",
                "Parent Relationship": "Outer",
                "Parallel Aware": true,
                "Join Type": "Inner",
                "Startup Cost": 67210.62,
                "Total Cost": 93900.81,
                "Plan Rows": 57976,
                "Plan Width": 0,
                "Actual Startup Time": 301.371,
                "Actual Total Time": 386.044,
                "Actual Rows": 114866,
                "Actual Loops": 2,
                "Inner Unique": true,
                "Hash Cond": "(mk.movie_id = t.id)",
                "Plans": [
                  {
                    "Node Type": "Bitmap Heap Scan",
                    "Parent Relationship": "Outer",
                    "Parallel Aware": true,
                    "Relation Name": "movie_keyword",
                    "Alias": "mk",
                    "Startup Cost": 5332.32,
                    "Total Cost": 31634.41,
                    "Plan Rows": 147847,
                    "Plan Width": 4,
                    "Actual Startup Time": 19.162,
                    "Actual Total Time": 67.289,
                    "Actual Rows": 120364,
                    "Actual Loops": 2,
                    "Recheck Cond": "(keyword_id > 61750)",
                    "Rows Removed by Index Recheck": 0,
                    "Exact Heap Blocks": 12211,
                    "Lossy Heap Blocks": 0,
                    "Plans": [
                      {
                        "Node Type": "Bitmap Index Scan",
                        "Parent Relationship": "Outer",
                        "Parallel Aware": false,
                        "Index Name": "keyword_id_movie_keyword",
                        "Startup Cost": 0.0,
                        "Total Cost": 5269.48,
                        "Plan Rows": 251340,
                        "Plan Width": 0,
                        "Actual Startup Time": 15.949,
                        "Actual Total Time": 15.95,
                        "Actual Rows": 240727,
                        "Actual Loops": 1,
                        "Index Cond": "(keyword_id > 61750)"
                      }
                    ]
                  },
                  {
                    "Node Type": "Hash",
                    "Parent Relationship": "Inner",
                    "Parallel Aware": true,
                    "Startup Cost": 54588.39,
                    "Total Cost": 54588.39,
                    "Plan Rows": 583193,
                    "Plan Width": 4,
                    "Actual Startup Time": 273.587,
                    "Actual Total Time": 273.588,
                    "Actual Rows": 492524,
                    "Actual Loops": 2,
                    "Hash Buckets": 1048576,
                    "Original Hash Buckets": 1048576,
                    "Hash Batches": 1,
                    "Original Hash Batches": 1,
                    "Peak Memory Usage": 46752,
                    "Plans": [
                      {
                        "Node Type": "Seq Scan",
                        "Parent Relationship": "Outer",
                        "Parallel Aware": true,
                        "Relation Name": "title",
                        "Alias": "t",
                        "Startup Cost": 0.0,
                        "Total Cost": 54588.39,
                        "Plan Rows": 583193,
                        "Plan Width": 4,
                        "Actual Startup Time": 0.04,
                        "Actual Total Time": 150.711,
                        "Actual Rows": 492524,
                        "Actual Loops": 2,
                        "Filter": "(kind_id < 7)",
                        "Rows Removed by Filter": 771632
                      }
                    ]
                  }
                ]
              }
            ]
          }
        ]
      }
    ]
  },
  "Planning Time": 0.469,
  "Triggers": [],
  "Execution Time": 415.202
}