[
  {
    "Plan": {
      "Node Type": "Aggregate",
      "Strategy": "Plain",
      "Partial Mode": "Finalize",
      "Parallel Aware": false,
      "Startup Cost": 287027.11,
      "Total Cost": 287027.12,
      "Plan Rows": 1,
      "Plan Width": 8,
      "Actual Startup Time": 1575.748,
      "Actual Total Time": 1624.944,
      "Actual Rows": 1,
      "Actual Loops": 1,
      "Plans": [
        {
          "Node Type": "Gather",
          "Parent Relationship": "Outer",
          "Parallel Aware": false,
          "Startup Cost": 287026.58,
          "Total Cost": 287027.09,
          "Plan Rows": 5,
          "Plan Width": 8,
          "Actual Startup Time": 1567.572,
          "Actual Total Time": 1624.93,
          "Actual Rows": 6,
          "Actual Loops": 1,
          "Workers Planned": 5,
          "Workers Launched": 5,
          "Single Copy": false,
          "Plans": [
            {
              "Node Type": "Aggregate",
              "Strategy": "Plain",
              "Partial Mode": "Partial",
              "Parent Relationship": "Outer",
              "Parallel Aware": false,
              "Startup Cost": 286026.58,
              "Total Cost": 286026.59,
              "Plan Rows": 1,
              "Plan Width": 8,
              "Actual Startup Time": 1557.202,
              "Actual Total Time": 1557.664,
              "Actual Rows": 1,
              "Actual Loops": 6,
              "Plans": [
                {
                  "Node Type": "Hash Join",
                  "Parent Relationship": "Outer",
                  "Parallel Aware": true,
                  "Join Type": "Inner",
                  "Startup Cost": 80633.07,
                  "Total Cost": 284653.86,
                  "Plan Rows": 549088,
                  "Plan Width": 0,
                  "Actual Startup Time": 419.932,
                  "Actual Total Time": 1459.721,
                  "Actual Rows": 2028620,
                  "Actual Loops": 6,
                  "Inner Unique": false,
                  "Hash Cond": "(mi.movie_id = t.id)",
                  "Plans": [
                    {
                      "Node Type": "Seq Scan",
                      "Parent Relationship": "Outer",
                      "Parallel Aware": true,
                      "Relation Name": "movie_info",
                      "Alias": "mi",
                      "Startup Cost": 0.0,
                      "Total Cost": 191560.33,
                      "Plan Rows": 2956733,
                      "Plan Width": 4,
                      "Actual Startup Time": 0.015,
                      "Actual Total Time": 330.529,
                      "Actual Rows": 2472620,
                      "Actual Loops": 6
                    },
                    {
                      "Node Type": "Hash",
                      "Parent Relationship": "Inner",
                      "Parallel Aware": true,
                      "Startup Cost": 79165.8,
                      "Total Cost": 79165.8,
                      "Plan Rows": 117381,
                      "Plan Width": 8,
                      "Actual Startup Time": 414.897,
                      "Actual Total Time": 415.356,
                      "Actual Rows": 132453,
                      "Actual Loops": 6,
                      "Hash Buckets": 1048576,
                      "Original Hash Buckets": 524288,
                      "Hash Batches": 1,
                      "Original Hash Batches": 1,
                      "Peak Memory Usage": 43488,
                      "Plans": [
                        {
                          "Node Type": "Hash Join",
                          "Parent Relationship": "Outer",
                          "Parallel Aware": true,
                          "Join Type": "Inner",
                          "Startup Cost": 33308.06,
                          "Total Cost": 79165.8,
                          "Plan Rows": 117381,
                          "Plan Width": 8,
                          "Actual Startup Time": 142.142,
                          "Actual Total Time": 349.812,
                          "Actual Rows": 132453,
                          "Actual Loops": 6,
                          "Inner Unique": false,
                          "Hash Cond": "(t.id = mc.movie_id)",
                          "Plans": [
                            {
                              "Node Type": "Seq Scan",
                              "Parent Relationship": "Outer",
                              "Parallel Aware": true,
                              "Relation Name": "title",
                              "Alias": "t",
                              "Startup Cost": 0.0,
                              "Total Cost": 42318.73,
                              "Plan Rows": 632073,
                              "Plan Width": 4,
                              "Actual Startup Time": 0.014,
                              "Actual Total Time": 65.236,
                              "Actual Rows": 421385,
                              "Actual Loops": 6
                            },
                            {
                              "Node Type": "Hash",
                              "Parent Relationship": "Inner",
                              "Parallel Aware": true,
                              "Startup Cost": 31414.82,
                              "Total Cost": 31414.82,
                              "Plan Rows": 151459,
                              "Plan Width": 4,
                              "Actual Startup Time": 140.846,
                              "Actual Total Time": 140.847,
                              "Actual Rows": 132453,
                              "Actual Loops": 6,
                              "Hash Buckets": 1048576,
                              "Original Hash Buckets": 524288,
                              "Hash Batches": 1,
                              "Original Hash Batches": 1,
                              "Peak Memory Usage": 43488,
                              "Plans": [
                                {
                                  "Node Type": "Seq Scan",
                                  "Parent Relationship": "Outer",
                                  "Parallel Aware": true,
                                  "Relation Name": "movie_companies",
                                  "Alias": "mc",
                                  "Startup Cost": 0.0,
                                  "Total Cost": 31414.82,
                                  "Plan Rows": 151459,
                                  "Plan Width": 4,
                                  "Actual Startup Time": 43.105,
                                  "Actual Total Time": 74.659,
                                  "Actual Rows": 132453,
                                  "Actual Loops": 6,
                                  "Filter": "((company_id > 19197) AND (company_type_id > 1))",
                                  "Rows Removed by Filter": 302402
                                }
                              ]
                            }
                          ]
                        }
                      ]
                    }
                  ]
                }
              ]
            }
          ]
        }
      ]
    },
    "Planning Time": 1.436,
    "Triggers": [],
    "Execution Time": 1625.091
  }
]