[
  {
    "Plan": {
      "Node Type": "Aggregate",
      "Strategy": "Plain",
      "Partial Mode": "Finalize",
      "Parallel Aware": false,
      "Startup Cost": 62135.71,
      "Total Cost": 62135.72,
      "Plan Rows": 1,
      "Plan Width": 8,
      "Actual Startup Time": 98.679,
      "Actual Total Time": 110.919,
      "Actual Rows": 1,
      "Actual Loops": 1,
      "Plans": [
        {
          "Node Type": "Gather",
          "Parent Relationship": "Outer",
          "Parallel Aware": false,
          "Startup Cost": 62135.29,
          "Total Cost": 62135.7,
          "Plan Rows": 4,
          "Plan Width": 8,
          "Actual Startup Time": 98.533,
          "Actual Total Time": 110.91,
          "Actual Rows": 5,
          "Actual Loops": 1,
          "Workers Planned": 4,
          "Workers Launched": 4,
          "Single Copy": false,
          "Plans": [
            {
              "Node Type": "Aggregate",
              "Strategy": "Plain",
              "Partial Mode": "Partial",
              "Parent Relationship": "Outer",
              "Parallel Aware": false,
              "Startup Cost": 61135.29,
              "Total Cost": 61135.3,
              "Plan Rows": 1,
              "Plan Width": 8,
              "Actual Startup Time": 89.012,
              "Actual Total Time": 89.014,
              "Actual Rows": 1,
              "Actual Loops": 5,
              "Plans": [
                {
                  "Node Type": "Nested Loop",
                  "Parent Relationship": "Outer",
                  "Parallel Aware": false,
                  "Join Type": "Inner",
                  "Startup Cost": 0.43,
                  "Total Cost": 61134.78,
                  "Plan Rows": 205,
                  "Plan Width": 0,
                  "Actual Startup Time": 57.193,
                  "Actual Total Time": 88.998,
                  "Actual Rows": 34,
                  "Actual Loops": 5,
                  "Inner Unique": false,
                  "Plans": [
                    {
                      "Node Type": "Seq Scan",
                      "Parent Relationship": "Outer",
                      "Parallel Aware": true,
                      "Relation Name": "title",
                      "Alias": "t",
                      "Startup Cost": 0.0,
                      "Total Cost": 43898.92,
                      "Plan Rows": 2128,
                      "Plan Width": 4,
                      "Actual Startup Time": 55.892,
                      "Actual Total Time": 77.604,
                      "Actual Rows": 1780,
                      "Actual Loops": 5,
                      "Filter": "(production_year = 1913)",
                      "Rows Removed by Filter": 503882
                    },
                    {
                      "Node Type": "Index Scan",
                      "Parent Relationship": "Inner",
                      "Parallel Aware": false,
                      "Scan Direction": "Forward",
                      "Index Name": "movie_id_movie_keyword",
                      "Relation Name": "movie_keyword",
                      "Alias": "mk",
                      "Startup Cost": 0.43,
                      "Total Cost": 8.08,
                      "Plan Rows": 2,
                      "Plan Width": 4,
                      "Actual Startup Time": 0.006,
                      "Actual Total Time": 0.006,
                      "Actual Rows": 0,
                      "Actual Loops": 8902,
                      "Index Cond": "(movie_id = t.id)",
                      "Rows Removed by Index Recheck": 0,
                      "Filter": "(keyword_id > 62912)",
                      "Rows Removed by Filter": 0
                    }
                  ]
                }
              ]
            }
          ]
        }
      ]
    },
    "Planning Time": 0.613,
    "Triggers": [],
    "Execution Time": 111.003
  }
]