[
  {
    "Plan": {
      "Node Type": "Aggregate",
      "Strategy": "Plain",
      "Partial Mode": "Finalize",
      "Parallel Aware": false,
      "Startup Cost": 290805.22,
      "Total Cost": 290805.23,
      "Plan Rows": 1,
      "Plan Width": 8,
      "Actual Startup Time": 943.438,
      "Actual Total Time": 988.808,
      "Actual Rows": 1,
      "Actual Loops": 1,
      "Plans": [
        {
          "Node Type": "Gather",
          "Parent Relationship": "Outer",
          "Parallel Aware": false,
          "Startup Cost": 290804.7,
          "Total Cost": 290805.21,
          "Plan Rows": 5,
          "Plan Width": 8,
          "Actual Startup Time": 931.456,
          "Actual Total Time": 988.788,
          "Actual Rows": 6,
          "Actual Loops": 1,
          "Workers Planned": 5,
          "Workers Launched": 5,
          "Single Copy": false,
          "Plans": [
            {
              "Node Type": "Aggregate",
              "Strategy": "Plain",
              "Partial Mode": "Partial",
              "Parent Relationship": "Outer",
              "Parallel Aware": false,
              "Startup Cost": 289804.7,
              "Total Cost": 289804.71,
              "Plan Rows": 1,
              "Plan Width": 8,
              "Actual Startup Time": 922.422,
              "Actual Total Time": 922.825,
              "Actual Rows": 1,
              "Actual Loops": 6,
              "Plans": [
                {
                  "Node Type": "Hash Join",
                  "Parent Relationship": "Outer",
                  "Parallel Aware": true,
                  "Join Type": "Inner",
                  "Startup Cost": 84526.22,
                  "Total Cost": 289066.64,
                  "Plan Rows": 295226,
                  "Plan Width": 0,
                  "Actual Startup Time": 363.058,
                  "Actual Total Time": 916.087,
                  "Actual Rows": 117164,
                  "Actual Loops": 6,
                  "Inner Unique": false,
                  "Hash Cond": "(mi.movie_id = t.id)",
                  "Plans": [
                    {
                      "Node Type": "Seq Scan",
                      "Parent Relationship": "Outer",
                      "Parallel Aware": true,
                      "Relation Name": "movie_info",
                      "Alias": "mi",
                      "Startup Cost": 0.0,
                      "Total Cost": 199108.24,
                      "Plan Rows": 1194621,
                      "Plan Width": 4,
                      "Actual Startup Time": 0.048,
                      "Actual Total Time": 382.712,
                      "Actual Rows": 980827,
                      "Actual Loops": 6,
                      "Filter": "(info_type_id < 7)",
                      "Rows Removed by Filter": 1491793
                    },
                    {
                      "Node Type": "Hash",
                      "Parent Relationship": "Inner",
                      "Parallel Aware": true,
                      "Startup Cost": 82006.67,
                      "Total Cost": 82006.67,
                      "Plan Rows": 201564,
                      "Plan Width": 8,
                      "Actual Startup Time": 358.821,
                      "Actual Total Time": 359.223,
                      "Actual Rows": 53626,
                      "Actual Loops": 6,
                      "Hash Buckets": 1048576,
                      "Original Hash Buckets": 1048576,
                      "Hash Batches": 1,
                      "Original Hash Batches": 1,
                      "Peak Memory Usage": 20864,
                      "Plans": [
                        {
                          "Node Type": "Hash Join",
                          "Parent Relationship": "Outer",
                          "Parallel Aware": true,
                          "Join Type": "Inner",
                          "Startup Cost": 49569.74,
                          "Total Cost": 82006.67,
                          "Plan Rows": 201564,
                          "Plan Width": 8,
                          "Actual Startup Time": 236.056,
                          "Actual Total Time": 331.655,
                          "Actual Rows": 53626,
                          "Actual Loops": 6,
                          "Inner Unique": true,
                          "Hash Cond": "(mc.movie_id = t.id)",
                          "Plans": [
                            {
                              "Node Type": "Seq Scan",
                              "Parent Relationship": "Outer",
                              "Parallel Aware": true,
                              "Relation Name": "movie_companies",
                              "Alias": "mc",
                              "Startup Cost": 0.0,
                              "Total Cost": 31414.82,
                              "Plan Rows": 389379,
                              "Plan Width": 4,
                              "Actual Startup Time": 26.467,
                              "Actual Total Time": 60.519,
                              "Actual Rows": 181976,
                              "Actual Loops": 6,
                              "Filter": "((company_id < 102430) AND (company_type_id = 2))",
                              "Rows Removed by Filter": 252878
                            },
                            {
                              "Node Type": "Hash",
                              "Parent Relationship": "Inner",
                              "Parallel Aware": true,
                              "Startup Cost": 45479.59,
                              "Total Cost": 45479.59,
                              "Plan Rows": 327212,
                              "Plan Width": 4,
                              "Actual Startup Time": 206.574,
                              "Actual Total Time": 206.575,
                              "Actual Rows": 230517,
                              "Actual Loops": 6,
                              "Hash Buckets": 2097152,
                              "Original Hash Buckets": 2097152,
                              "Hash Batches": 1,
                              "Original Hash Batches": 1,
                              "Peak Memory Usage": 70592,
                              "Plans": [
                                {
                                  "Node Type": "Seq Scan",
                                  "Parent Relationship": "Outer",
                                  "Parallel Aware": true,
                                  "Relation Name": "title",
                                  "Alias": "t",
                                  "Startup Cost": 0.0,
                                  "Total Cost": 45479.59,
                                  "Plan Rows": 327212,
                                  "Plan Width": 4,
                                  "Actual Startup Time": 0.054,
                                  "Actual Total Time": 94.183,
                                  "Actual Rows": 230517,
                                  "Actual Loops": 6,
                                  "Filter": "((production_year > 1966) AND (kind_id = 7))",
                                  "Rows Removed by Filter": 190868
                                }
                              ]
                            }
                          ]
                        }
                      ]
                    }
                  ]
                }
              ]
            }
          ]
        }
      ]
    },
    "Planning Time": 1.182,
    "Triggers": [],
    "Execution Time": 988.888
  }
]