[
  {
    "Plan": {
      "Node Type": "Aggregate",
      "Strategy": "Plain",
      "Partial Mode": "Finalize",
      "Parallel Aware": false,
      "Startup Cost": 33338.3,
      "Total Cost": 33338.31,
      "Plan Rows": 1,
      "Plan Width": 8,
      "Actual Startup Time": 94.886,
      "Actual Total Time": 102.364,
      "Actual Rows": 1,
      "Actual Loops": 1,
      "Plans": [
        {
          "Node Type": "Gather",
          "Parent Relationship": "Outer",
          "Parallel Aware": false,
          "Startup Cost": 33337.98,
          "Total Cost": 33338.29,
          "Plan Rows": 3,
          "Plan Width": 8,
          "Actual Startup Time": 94.754,
          "Actual Total Time": 102.353,
          "Actual Rows": 4,
          "Actual Loops": 1,
          "Workers Planned": 3,
          "Workers Launched": 3,
          "Single Copy": false,
          "Plans": [
            {
              "Node Type": "Aggregate",
              "Strategy": "Plain",
              "Partial Mode": "Partial",
              "Parent Relationship": "Outer",
              "Parallel Aware": false,
              "Startup Cost": 32337.98,
              "Total Cost": 32337.99,
              "Plan Rows": 1,
              "Plan Width": 8,
              "Actual Startup Time": 90.527,
              "Actual Total Time": 90.528,
              "Actual Rows": 1,
              "Actual Loops": 4,
              "Plans": [
                {
                  "Node Type": "Seq Scan",
                  "Parent Relationship": "Outer",
                  "Parallel Aware": true,
                  "Relation Name": "movie_companies",
                  "Alias": "mc",
                  "Startup Cost": 0.0,
                  "Total Cost": 31414.82,
                  "Plan Rows": 369265,
                  "Plan Width": 0,
                  "Actual Startup Time": 37.621,
                  "Actual Total Time": 76.887,
                  "Actual Rows": 312744,
                  "Actual Loops": 4,
                  "Filter": "((company_id > 189) AND (company_type_id > 1))",
                  "Rows Removed by Filter": 339539
                }
              ]
            }
          ]
        }
      ]
    },
    "Planning Time": 0.216,
    "Triggers": [],
    "Execution Time": 102.419
  }
]