{
  "Plan": {
    "Node Type": "Aggregate",
    "Strategy": "Plain",
    "Partial Mode": "Finalize",
    "Parallel Aware": false,
    "Startup Cost": 1086768.75,
    "Total Cost": 1086768.76,
    "Plan Rows": 1,
    "Plan Width": 8,
    "Actual Startup Time": 14639.788,
    "Actual Total Time": 14711.397,
    "Actual Rows": 1,
    "Actual Loops": 1,
    "Plans": [
      {
        "Node Type": "Gather",
        "Parent Relationship": "Outer",
        "Parallel Aware": false,
        "Startup Cost": 1086768.64,
        "Total Cost": 1086768.75,
        "Plan Rows": 1,
        "Plan Width": 8,
        "Actual Startup Time": 14622.126,
        "Actual Total Time": 14711.388,
        "Actual Rows": 2,
        "Actual Loops": 1,
        "Workers Planned": 1,
        "Workers Launched": 1,
        "Single Copy": false,
        "Plans": [
          {
            "Node Type": "Aggregate",
            "Strategy": "Plain",
            "Partial Mode": "Partial",
            "Parent Relationship": "Outer",
            "Parallel Aware": false,
            "Startup Cost": 1085768.64,
            "Total Cost": 1085768.65,
            "Plan Rows": 1,
            "Plan Width": 8,
            "Actual Startup Time": 14602.412,
            "Actual Total Time": 14603.522,
            "Actual Rows": 1,
            "Actual Loops": 2,
            "Plans": [
              {
                "Node Type": "Hash Join",
                "Parent Relationship": "Outer",
                "Parallel Aware": true,
                "Join Type": "Inner",
                "Startup Cost": 594539.72,
                "Total Cost": 1032963.92,
                "Plan Rows": 21121888,
                "Plan Width": 0,
                "Actual Startup Time": 5335.33,
                "Actual Total Time": 12936.471,
                "Actual Rows": 43195539,
                "Actual Loops": 2,
                "Inner Unique": false,
                "Hash Cond": "(mi.movie_id = t.id)",
                "Plans": [
                  {
                    "Node Type": "Seq Scan",
                    "Parent Relationship": "Outer",
                    "Parallel Aware": true,
                    "Relation Name": "movie_info",
                    "Alias": "mi",
                    "Startup Cost": 0.0,
                    "Total Cost": 248955.74,
                    "Plan Rows": 8696274,
                    "Plan Width": 4,
                    "Actual Startup Time": 0.017,
                    "Actual Total Time": 640.379,
                    "Actual Rows": 7417860,
                    "Actual Loops": 2
                  },
                  {
                    "Node Type": "Hash",
                    "Parent Relationship": "Inner",
                    "Parallel Aware": true,
                    "Startup Cost": 549386.57,
                    "Total Cost": 549386.57,
                    "Plan Rows": 3612252,
                    "Plan Width": 8,
                    "Actual Startup Time": 5292.216,
                    "Actual Total Time": 5293.324,
                    "Actual Rows": 3462030,
                    "Actual Loops": 2,
                    "Hash Buckets": 8388608,
                    "Original Hash Buckets": 8388608,
                    "Hash Batches": 1,
                    "Original Hash Batches": 1,
                    "Peak Memory Usage": 336448,
                    "Plans": [
                      {
                        "Node Type": "Hash Join",
                        "Parent Relationship": "Outer",
                        "Parallel Aware": true,
                        "Join Type": "Inner",
                        "Startup Cost": 224992.03,
                        "Total Cost": 549386.57,
                        "Plan Rows": 3612252,
                        "Plan Width": 8,
                        "Actual Startup Time": 1585.804,
                        "Actual Total Time": 4025.964,
                        "Actual Rows": 3462030,
                        "Actual Loops": 2,
                        "Inner Unique": true,
                        "Hash Cond": "(ci.movie_id = t.id)",
                        "Plans": [
                          {
                            "Node Type": "Bitmap Heap Scan",
                            "Parent Relationship": "Outer",
                            "Parallel Aware": true,
                            "Relation Name": "cast_info",
                            "Alias": "ci",
                            "Startup Cost": 155531.33,
                            "Total Cost": 470443.7,
                            "Plan Rows": 3612252,
                            "Plan Width": 4,
                            "Actual Startup Time": 689.665,
                            "Actual Total Time": 1356.91,
                            "Actual Rows": 3462030,
                            "Actual Loops": 2,
                            "Recheck Cond": "(person_id < 698973)",
                            "Rows Removed by Index Recheck": 0,
                            "Filter": "(role_id < 10)",
                            "Rows Removed by Filter": 156851,
                            "Exact Heap Blocks": 45408,
                            "Lossy Heap Blocks": 0,
                            "Plans": [
                              {
                                "Node Type": "Bitmap Index Scan",
                                "Parent Relationship": "Outer",
                                "Parallel Aware": false,
                                "Index Name": "person_id_cast_info",
                                "Startup Cost": 0.0,
                                "Total Cost": 153996.12,
                                "Plan Rows": 7052208,
                                "Plan Width": 0,
                                "Actual Startup Time": 667.687,
                                "Actual Total Time": 667.687,
                                "Actual Rows": 7237763,
                                "Actual Loops": 1,
                                "Index Cond": "(person_id < 698973)"
                              }
                            ]
                          },
                          {
                            "Node Type": "Hash",
                            "Parent Relationship": "Inner",
                            "Parallel Aware": true,
                            "Startup Cost": 50870.31,
                            "Total Cost": 50870.31,
                            "Plan Rows": 1487231,
                            "Plan Width": 4,
                            "Actual Startup Time": 876.9,
                            "Actual Total Time": 876.901,
                            "Actual Rows": 1264156,
                            "Actual Loops": 2,
                            "Hash Buckets": 4194304,
                            "Original Hash Buckets": 4194304,
                            "Hash Batches": 1,
                            "Original Hash Batches": 1,
                            "Peak Memory Usage": 131712,
                            "Plans": [
                              {
                                "Node Type": "Seq Scan",
                                "Parent Relationship": "Outer",
                                "Parallel Aware": true,
                                "Relation Name": "title",
                                "Alias": "t",
                                "Startup Cost": 0.0,
                                "Total Cost": 50870.31,
                                "Plan Rows": 1487231,
                                "Plan Width": 4,
                                "Actual Startup Time": 0.055,
                                "Actual Total Time": 254.664,
                                "Actual Rows": 1264156,
                                "Actual Loops": 2
                              }
                            ]
                          }
                        ]
                      }
                    ]
                  }
                ]
              }
            ]
          }
        ]
      }
    ]
  },
  "Planning Time": 0.901,
  "Triggers": [],
  "Execution Time": 14711.515
}