{
  "Plan": {
    "Node Type": "Aggregate",
    "Strategy": "Plain",
    "Partial Mode": "Finalize",
    "Parallel Aware": false,
    "Startup Cost": 146721.0,
    "Total Cost": 146721.01,
    "Plan Rows": 1,
    "Plan Width": 8,
    "Actual Startup Time": 481.274,
    "Actual Total Time": 519.979,
    "Actual Rows": 1,
    "Actual Loops": 1,
    "Plans": [
      {
        "Node Type": "Gather",
        "Parent Relationship": "Outer",
        "Parallel Aware": false,
        "Startup Cost": 146720.89,
        "Total Cost": 146721.0,
        "Plan Rows": 1,
        "Plan Width": 8,
        "Actual Startup Time": 481.015,
        "Actual Total Time": 519.969,
        "Actual Rows": 2,
        "Actual Loops": 1,
        "Workers Planned": 1,
        "Workers Launched": 1,
        "Single Copy": false,
        "Plans": [
          {
            "Node Type": "Aggregate",
            "Strategy": "Plain",
            "Partial Mode": "Partial",
            "Parent Relationship": "Outer",
            "Parallel Aware": false,
            "Startup Cost": 145720.89,
            "Total Cost": 145720.9,
            "Plan Rows": 1,
            "Plan Width": 8,
            "Actual Startup Time": 474.804,
            "Actual Total Time": 474.807,
            "Actual Rows": 1,
            "Actual Loops": 2,
            "Plans": [
              {
                "Node Type": "Nested Loop",
                "Parent Relationship": "Outer",
                "Parallel Aware": false,
                "Join Type": "Inner",
                "Startup Cost": 58645.17,
                "Total Cost": 145709.93,
                "Plan Rows": 4382,
                "Plan Width": 0,
                "Actual Startup Time": 158.617,
                "Actual Total Time": 474.284,
                "Actual Rows": 6425,
                "Actual Loops": 2,
                "Inner Unique": false,
                "Join Filter": "(t.id = mi.movie_id)",
                "Rows Removed by Join Filter": 0,
                "Plans": [
                  {
                    "Node Type": "Hash Join",
                    "Parent Relationship": "Outer",
                    "Parallel Aware": true,
                    "Join Type": "Inner",
                    "Startup Cost": 58644.73,
                    "Total Cost": 118369.79,
                    "Plan Rows": 13911,
                    "Plan Width": 8,
                    "Actual Startup Time": 158.561,
                    "Actual Total Time": 382.964,
                    "Actual Rows": 9082,
                    "Actual Loops": 2,
                    "Inner Unique": true,
                    "Hash Cond": "(mk.movie_id = t.id)",
                    "Plans": [
                      {
                        "Node Type": "Seq Scan",
                        "Parent Relationship": "Outer",
                        "Parallel Aware": true,
                        "Relation Name": "movie_keyword",
                        "Alias": "mk",
                        "Startup Cost": 0.0,
                        "Total Cost": 57718.19,
                        "Plan Rows": 764520,
                        "Plan Width": 4,
                        "Actual Startup Time": 1.605,
                        "Actual Total Time": 171.984,
                        "Actual Rows": 655994,
                        "Actual Loops": 2,
                        "Filter": "(keyword_id > 13391)",
                        "Rows Removed by Filter": 1605971
                      },
                      {
                        "Node Type": "Hash",
                        "Parent Relationship": "Inner",
                        "Parallel Aware": true,
                        "Startup Cost": 58306.47,
                        "Total Cost": 58306.47,
                        "Plan Rows": 27061,
                        "Plan Width": 4,
                        "Actual Startup Time": 155.31,
                        "Actual Total Time": 155.311,
                        "Actual Rows": 26432,
                        "Actual Loops": 2,
                        "Hash Buckets": 65536,
                        "Original Hash Buckets": 65536,
                        "Hash Batches": 1,
                        "Original Hash Batches": 1,
                        "Peak Memory Usage": 2624,
                        "Plans": [
                          {
                            "Node Type": "Seq Scan",
                            "Parent Relationship": "Outer",
                            "Parallel Aware": true,
                            "Relation Name": "title",
                            "Alias": "t",
                            "Startup Cost": 0.0,
                            "Total Cost": 58306.47,
                            "Plan Rows": 27061,
                            "Plan Width": 4,
                            "Actual Startup Time": 0.057,
                            "Actual Total Time": 147.338,
                            "Actual Rows": 26432,
                            "Actual Loops": 2,
                            "Filter": "((kind_id > 1) AND (production_year = 2002))",
                            "Rows Removed by Filter": 1237724
                          }
                        ]
                      }
                    ]
                  },
                  {
                    "Node Type": "Index Scan",
                    "Parent Relationship": "Inner",
                    "Parallel Aware": false,
                    "Scan Direction": "Forward",
                    "Index Name": "movie_id_movie_info",
                    "Relation Name": "movie_info",
                    "Alias": "mi",
                    "Startup Cost": 0.43,
                    "Total Cost": 1.94,
                    "Plan Rows": 2,
                    "Plan Width": 4,
                    "Actual Startup Time": 0.006,
                    "Actual Total Time": 0.01,
                    "Actual Rows": 1,
                    "Actual Loops": 18163,
                    "Index Cond": "(movie_id = mk.movie_id)",
                    "Rows Removed by Index Recheck": 0,
                    "Filter": "(info_type_id < 2)",
                    "Rows Removed by Filter": 14
                  }
                ]
              }
            ]
          }
        ]
      }
    ]
  },
  "Planning Time": 1.037,
  "Triggers": [],
  "Execution Time": 520.077
}