[
  {
    "Plan": {
      "Node Type": "Aggregate",
      "Strategy": "Plain",
      "Partial Mode": "Finalize",
      "Parallel Aware": false,
      "Startup Cost": 349028.94,
      "Total Cost": 349028.95,
      "Plan Rows": 1,
      "Plan Width": 8,
      "Actual Startup Time": 709.178,
      "Actual Total Time": 756.067,
      "Actual Rows": 1,
      "Actual Loops": 1,
      "Plans": [
        {
          "Node Type": "Gather",
          "Parent Relationship": "Outer",
          "Parallel Aware": false,
          "Startup Cost": 349028.32,
          "Total Cost": 349028.92,
          "Plan Rows": 6,
          "Plan Width": 8,
          "Actual Startup Time": 709.014,
          "Actual Total Time": 756.052,
          "Actual Rows": 7,
          "Actual Loops": 1,
          "Workers Planned": 6,
          "Workers Launched": 6,
          "Single Copy": false,
          "Plans": [
            {
              "Node Type": "Aggregate",
              "Strategy": "Plain",
              "Partial Mode": "Partial",
              "Parent Relationship": "Outer",
              "Parallel Aware": false,
              "Startup Cost": 348028.32,
              "Total Cost": 348028.33,
              "Plan Rows": 1,
              "Plan Width": 8,
              "Actual Startup Time": 700.729,
              "Actual Total Time": 700.73,
              "Actual Rows": 1,
              "Actual Loops": 7,
              "Plans": [
                {
                  "Node Type": "Seq Scan",
                  "Parent Relationship": "Outer",
                  "Parallel Aware": true,
                  "Relation Name": "cast_info",
                  "Alias": "ci",
                  "Startup Cost": 0.0,
                  "Total Cost": 343316.27,
                  "Plan Rows": 1884818,
                  "Plan Width": 0,
                  "Actual Startup Time": 238.772,
                  "Actual Total Time": 662.901,
                  "Actual Rows": 699831,
                  "Actual Loops": 7,
                  "Filter": "((person_id < 1735353) AND (role_id > 1))",
                  "Rows Removed by Filter": 4477933
                }
              ]
            }
          ]
        }
      ]
    },
    "Planning Time": 0.094,
    "Triggers": [],
    "Execution Time": 756.109
  }
]