[
  {
    "Plan": {
      "Node Type": "Aggregate",
      "Strategy": "Plain",
      "Partial Mode": "Finalize",
      "Parallel Aware": false,
      "Startup Cost": 349032.21,
      "Total Cost": 349032.22,
      "Plan Rows": 1,
      "Plan Width": 8,
      "Actual Startup Time": 643.972,
      "Actual Total Time": 701.526,
      "Actual Rows": 1,
      "Actual Loops": 1,
      "Plans": [
        {
          "Node Type": "Gather",
          "Parent Relationship": "Outer",
          "Parallel Aware": false,
          "Startup Cost": 349031.59,
          "Total Cost": 349032.2,
          "Plan Rows": 6,
          "Plan Width": 8,
          "Actual Startup Time": 643.73,
          "Actual Total Time": 701.414,
          "Actual Rows": 7,
          "Actual Loops": 1,
          "Workers Planned": 6,
          "Workers Launched": 6,
          "Single Copy": false,
          "Plans": [
            {
              "Node Type": "Aggregate",
              "Strategy": "Plain",
              "Partial Mode": "Partial",
              "Parent Relationship": "Outer",
              "Parallel Aware": false,
              "Startup Cost": 348031.59,
              "Total Cost": 348031.6,
              "Plan Rows": 1,
              "Plan Width": 8,
              "Actual Startup Time": 633.472,
              "Actual Total Time": 633.473,
              "Actual Rows": 1,
              "Actual Loops": 7,
              "Plans": [
                {
                  "Node Type": "Seq Scan",
                  "Parent Relationship": "Outer",
                  "Parallel Aware": true,
                  "Relation Name": "cast_info",
                  "Alias": "ci",
                  "Startup Cost": 0.0,
                  "Total Cost": 343257.03,
                  "Plan Rows": 1909824,
                  "Plan Width": 0,
                  "Actual Startup Time": 225.724,
                  "Actual Total Time": 603.816,
                  "Actual Rows": 699831,
                  "Actual Loops": 7,
                  "Filter": "((person_id < 1735353) AND (role_id > 1))",
                  "Rows Removed by Filter": 4477933
                }
              ]
            }
          ]
        }
      ]
    },
    "Planning Time": 0.205,
    "Triggers": [],
    "Execution Time": 701.596
  }
]