{
    "Plan": {
        "Node Type": "Aggregate",
        "Strategy": "Plain",
        "Partial Mode": "Finalize",
        "Parallel Aware": false,
        "Startup Cost": 46555.67,
        "Total Cost": 46555.68,
        "Plan Rows": 1,
        "Plan Width": 8,
        "Actual Startup Time": 232.997,
        "Actual Total Time": 245.578,
        "Actual Rows": 1,
        "Actual Loops": 1,
        "Output": [
            "count(*)"
        ],
        "Plans": [
            {
                "Node Type": "Gather",
                "Parent Relationship": "Outer",
                "Parallel Aware": false,
                "Startup Cost": 46555.35,
                "Total Cost": 46555.66,
                "Plan Rows": 3,
                "Plan Width": 8,
                "Actual Startup Time": 232.847,
                "Actual Total Time": 245.566,
                "Actual Rows": 4,
                "Actual Loops": 1,
                "Output": [
                    "(PARTIAL count(*))"
                ],
                "Workers Planned": 3,
                "Workers Launched": 3,
                "Single Copy": false,
                "Plans": [
                    {
                        "Node Type": "Aggregate",
                        "Strategy": "Plain",
                        "Partial Mode": "Partial",
                        "Parent Relationship": "Outer",
                        "Parallel Aware": false,
                        "Startup Cost": 45555.35,
                        "Total Cost": 45555.36,
                        "Plan Rows": 1,
                        "Plan Width": 8,
                        "Actual Startup Time": 221.444,
                        "Actual Total Time": 221.446,
                        "Actual Rows": 1,
                        "Actual Loops": 4,
                        "Output": [
                            "PARTIAL count(*)"
                        ],
                        "Workers": [
                            {
                                "Worker Number": 0,
                                "Actual Startup Time": 217.739,
                                "Actual Total Time": 217.741,
                                "Actual Rows": 1,
                                "Actual Loops": 1
                            },
                            {
                                "Worker Number": 1,
                                "Actual Startup Time": 217.755,
                                "Actual Total Time": 217.756,
                                "Actual Rows": 1,
                                "Actual Loops": 1
                            },
                            {
                                "Worker Number": 2,
                                "Actual Startup Time": 218.338,
                                "Actual Total Time": 218.339,
                                "Actual Rows": 1,
                                "Actual Loops": 1
                            }
                        ],
                        "Plans": [
                            {
                                "Node Type": "Seq Scan",
                                "Parent Relationship": "Outer",
                                "Parallel Aware": true,
                                "Relation Name": "movie_keyword",
                                "Schema": "public",
                                "Alias": "mk",
                                "Startup Cost": 0.0,
                                "Total Cost": 42695.65,
                                "Plan Rows": 1143878,
                                "Plan Width": 0,
                                "Actual Startup Time": 0.068,
                                "Actual Total Time": 169.906,
                                "Actual Rows": 890709,
                                "Actual Loops": 4,
                                "Output": [
                                    "id",
                                    "movie_id",
                                    "keyword_id"
                                ],
                                "Filter": "(mk.keyword_id < 19778)",
                                "Rows Removed by Filter": 240274,
                                "Workers": [
                                    {
                                        "Worker Number": 0,
                                        "Actual Startup Time": 0.083,
                                        "Actual Total Time": 166.966,
                                        "Actual Rows": 789548,
                                        "Actual Loops": 1
                                    },
                                    {
                                        "Worker Number": 1,
                                        "Actual Startup Time": 0.076,
                                        "Actual Total Time": 167.91,
                                        "Actual Rows": 1155501,
                                        "Actual Loops": 1
                                    },
                                    {
                                        "Worker Number": 2,
                                        "Actual Startup Time": 0.075,
                                        "Actual Total Time": 168.608,
                                        "Actual Rows": 777323,
                                        "Actual Loops": 1
                                    }
                                ]
                            }
                        ]
                    }
                ]
            }
        ]
    },
    "Planning Time": 1.867,
    "Triggers": [],
    "Execution Time": 245.928
}