[
  {
    "Plan": {
      "Node Type": "Aggregate",
      "Strategy": "Plain",
      "Partial Mode": "Finalize",
      "Parallel Aware": false,
      "Startup Cost": 320368.23,
      "Total Cost": 320368.24,
      "Plan Rows": 1,
      "Plan Width": 8,
      "Actual Startup Time": 212.774,
      "Actual Total Time": 225.276,
      "Actual Rows": 1,
      "Actual Loops": 1,
      "Plans": [
        {
          "Node Type": "Gather",
          "Parent Relationship": "Outer",
          "Parallel Aware": false,
          "Startup Cost": 320367.6,
          "Total Cost": 320368.21,
          "Plan Rows": 6,
          "Plan Width": 8,
          "Actual Startup Time": 211.436,
          "Actual Total Time": 225.264,
          "Actual Rows": 7,
          "Actual Loops": 1,
          "Workers Planned": 6,
          "Workers Launched": 6,
          "Single Copy": false,
          "Plans": [
            {
              "Node Type": "Aggregate",
              "Strategy": "Plain",
              "Partial Mode": "Partial",
              "Parent Relationship": "Outer",
              "Parallel Aware": false,
              "Startup Cost": 319367.6,
              "Total Cost": 319367.61,
              "Plan Rows": 1,
              "Plan Width": 8,
              "Actual Startup Time": 202.677,
              "Actual Total Time": 202.678,
              "Actual Rows": 1,
              "Actual Loops": 7,
              "Plans": [
                {
                  "Node Type": "Bitmap Heap Scan",
                  "Parent Relationship": "Outer",
                  "Parallel Aware": true,
                  "Relation Name": "cast_info",
                  "Alias": "ci",
                  "Startup Cost": 59219.23,
                  "Total Cost": 318638.67,
                  "Plan Rows": 291574,
                  "Plan Width": 0,
                  "Actual Startup Time": 154.617,
                  "Actual Total Time": 196.901,
                  "Actual Rows": 112379,
                  "Actual Loops": 7,
                  "Recheck Cond": "(person_id < 268902)",
                  "Rows Removed by Index Recheck": 0,
                  "Filter": "(role_id > 1)",
                  "Rows Removed by Filter": 287227,
                  "Exact Heap Blocks": 7871,
                  "Lossy Heap Blocks": 0,
                  "Plans": [
                    {
                      "Node Type": "Bitmap Index Scan",
                      "Parent Relationship": "Outer",
                      "Parallel Aware": false,
                      "Index Name": "person_id_cast_info",
                      "Startup Cost": 0.0,
                      "Total Cost": 58781.87,
                      "Plan Rows": 2692974,
                      "Plan Width": 0,
                      "Actual Startup Time": 88.963,
                      "Actual Total Time": 88.964,
                      "Actual Rows": 2797241,
                      "Actual Loops": 1,
                      "Index Cond": "(person_id < 268902)"
                    }
                  ]
                }
              ]
            }
          ]
        }
      ]
    },
    "Planning Time": 0.229,
    "Triggers": [],
    "Execution Time": 225.362
  }
]