[
  {
    "Plan": {
      "Node Type": "Aggregate",
      "Strategy": "Plain",
      "Partial Mode": "Finalize",
      "Parallel Aware": false,
      "Startup Cost": 32864.79,
      "Total Cost": 32864.8,
      "Plan Rows": 1,
      "Plan Width": 8,
      "Actual Startup Time": 88.27,
      "Actual Total Time": 97.066,
      "Actual Rows": 1,
      "Actual Loops": 1,
      "Plans": [
        {
          "Node Type": "Gather",
          "Parent Relationship": "Outer",
          "Parallel Aware": false,
          "Startup Cost": 32864.48,
          "Total Cost": 32864.79,
          "Plan Rows": 3,
          "Plan Width": 8,
          "Actual Startup Time": 88.115,
          "Actual Total Time": 97.057,
          "Actual Rows": 4,
          "Actual Loops": 1,
          "Workers Planned": 3,
          "Workers Launched": 3,
          "Single Copy": false,
          "Plans": [
            {
              "Node Type": "Aggregate",
              "Strategy": "Plain",
              "Partial Mode": "Partial",
              "Parent Relationship": "Outer",
              "Parallel Aware": false,
              "Startup Cost": 31864.48,
              "Total Cost": 31864.49,
              "Plan Rows": 1,
              "Plan Width": 8,
              "Actual Startup Time": 82.745,
              "Actual Total Time": 82.746,
              "Actual Rows": 1,
              "Actual Loops": 4,
              "Plans": [
                {
                  "Node Type": "Seq Scan",
                  "Parent Relationship": "Outer",
                  "Parallel Aware": true,
                  "Relation Name": "movie_companies",
                  "Alias": "mc",
                  "Startup Cost": 0.0,
                  "Total Cost": 31414.82,
                  "Plan Rows": 179863,
                  "Plan Width": 0,
                  "Actual Startup Time": 0.028,
                  "Actual Total Time": 72.776,
                  "Actual Rows": 193740,
                  "Actual Loops": 4,
                  "Filter": "((company_id < 8969) AND (company_type_id < 2))",
                  "Rows Removed by Filter": 458543
                }
              ]
            }
          ]
        }
      ]
    },
    "Planning Time": 0.121,
    "Triggers": [],
    "Execution Time": 97.097
  }
]