{
  "Plan": {
    "Node Type": "Aggregate",
    "Strategy": "Plain",
    "Partial Mode": "Finalize",
    "Parallel Aware": false,
    "Startup Cost": 449452.05,
    "Total Cost": 449452.06,
    "Plan Rows": 1,
    "Plan Width": 8,
    "Actual Startup Time": 2035.123,
    "Actual Total Time": 2067.049,
    "Actual Rows": 1,
    "Actual Loops": 1,
    "Plans": [
      {
        "Node Type": "Gather",
        "Parent Relationship": "Outer",
        "Parallel Aware": false,
        "Startup Cost": 449451.94,
        "Total Cost": 449452.05,
        "Plan Rows": 1,
        "Plan Width": 8,
        "Actual Startup Time": 2027.006,
        "Actual Total Time": 2067.042,
        "Actual Rows": 2,
        "Actual Loops": 1,
        "Workers Planned": 1,
        "Workers Launched": 1,
        "Single Copy": false,
        "Plans": [
          {
            "Node Type": "Aggregate",
            "Strategy": "Plain",
            "Partial Mode": "Partial",
            "Parent Relationship": "Outer",
            "Parallel Aware": false,
            "Startup Cost": 448451.94,
            "Total Cost": 448451.95,
            "Plan Rows": 1,
            "Plan Width": 8,
            "Actual Startup Time": 2022.156,
            "Actual Total Time": 2022.163,
            "Actual Rows": 1,
            "Actual Loops": 2,
            "Plans": [
              {
                "Node Type": "Hash Join",
                "Parent Relationship": "Outer",
                "Parallel Aware": true,
                "Join Type": "Inner",
                "Startup Cost": 382026.71,
                "Total Cost": 446847.19,
                "Plan Rows": 641898,
                "Plan Width": 0,
                "Actual Startup Time": 1214.922,
                "Actual Total Time": 1858.445,
                "Actual Rows": 3881090,
                "Actual Loops": 2,
                "Inner Unique": false,
                "Hash Cond": "(mk.movie_id = t.id)",
                "Plans": [
                  {
                    "Node Type": "Seq Scan",
                    "Parent Relationship": "Outer",
                    "Parallel Aware": true,
                    "Relation Name": "movie_keyword",
                    "Alias": "mk",
                    "Startup Cost": 0.0,
                    "Total Cost": 51065.35,
                    "Plan Rows": 2661135,
                    "Plan Width": 4,
                    "Actual Startup Time": 0.01,
                    "Actual Total Time": 152.982,
                    "Actual Rows": 2261965,
                    "Actual Loops": 2
                  },
                  {
                    "Node Type": "Hash",
                    "Parent Relationship": "Inner",
                    "Parallel Aware": true,
                    "Startup Cost": 377542.49,
                    "Total Cost": 377542.49,
                    "Plan Rows": 358738,
                    "Plan Width": 8,
                    "Actual Startup Time": 1206.166,
                    "Actual Total Time": 1206.171,
                    "Actual Rows": 642152,
                    "Actual Loops": 2,
                    "Hash Buckets": 2097152,
                    "Original Hash Buckets": 1048576,
                    "Hash Batches": 1,
                    "Original Hash Batches": 1,
                    "Peak Memory Usage": 74848,
                    "Plans": [
                      {
                        "Node Type": "Hash Join",
                        "Parent Relationship": "Outer",
                        "Parallel Aware": true,
                        "Join Type": "Inner",
                        "Startup Cost": 108287.82,
                        "Total Cost": 377542.49,
                        "Plan Rows": 358738,
                        "Plan Width": 8,
                        "Actual Startup Time": 591.317,
                        "Actual Total Time": 1018.95,
                        "Actual Rows": 642152,
                        "Actual Loops": 2,
                        "Inner Unique": true,
                        "Hash Cond": "(ci.movie_id = t.id)",
                        "Plans": [
                          {
                            "Node Type": "Bitmap Heap Scan",
                            "Parent Relationship": "Outer",
                            "Parallel Aware": true,
                            "Relation Name": "cast_info",
                            "Alias": "ci",
                            "Startup Cost": 38827.12,
                            "Total Cost": 307140.1,
                            "Plan Rows": 358738,
                            "Plan Width": 4,
                            "Actual Startup Time": 56.36,
                            "Actual Total Time": 177.517,
                            "Actual Rows": 642152,
                            "Actual Loops": 2,
                            "Recheck Cond": "(person_id < 177751)",
                            "Rows Removed by Index Recheck": 0,
                            "Filter": "(role_id = 1)",
                            "Rows Removed by Filter": 252910,
                            "Exact Heap Blocks": 10538,
                            "Lossy Heap Blocks": 0,
                            "Plans": [
                              {
                                "Node Type": "Bitmap Index Scan",
                                "Parent Relationship": "Outer",
                                "Parallel Aware": false,
                                "Index Name": "person_id_cast_info",
                                "Startup Cost": 0.0,
                                "Total Cost": 38674.65,
                                "Plan Rows": 1770945,
                                "Plan Width": 0,
                                "Actual Startup Time": 53.487,
                                "Actual Total Time": 53.487,
                                "Actual Rows": 1790124,
                                "Actual Loops": 1,
                                "Index Cond": "(person_id < 177751)"
                              }
                            ]
                          },
                          {
                            "Node Type": "Hash",
                            "Parent Relationship": "Inner",
                            "Parallel Aware": true,
                            "Startup Cost": 50870.31,
                            "Total Cost": 50870.31,
                            "Plan Rows": 1487231,
                            "Plan Width": 4,
                            "Actual Startup Time": 518.984,
                            "Actual Total Time": 518.986,
                            "Actual Rows": 1264156,
                            "Actual Loops": 2,
                            "Hash Buckets": 4194304,
                            "Original Hash Buckets": 4194304,
                            "Hash Batches": 1,
                            "Original Hash Batches": 1,
                            "Peak Memory Usage": 131712,
                            "Plans": [
                              {
                                "Node Type": "Seq Scan",
                                "Parent Relationship": "Outer",
                                "Parallel Aware": true,
                                "Relation Name": "title",
                                "Alias": "t",
                                "Startup Cost": 0.0,
                                "Total Cost": 50870.31,
                                "Plan Rows": 1487231,
                                "Plan Width": 4,
                                "Actual Startup Time": 0.028,
                                "Actual Total Time": 150.231,
                                "Actual Rows": 1264156,
                                "Actual Loops": 2
                              }
                            ]
                          }
                        ]
                      }
                    ]
                  }
                ]
              }
            ]
          }
        ]
      }
    ]
  },
  "Planning Time": 0.844,
  "Triggers": [],
  "Execution Time": 2067.139
}