{
    "Plan": {
        "Node Type": "Aggregate",
        "Strategy": "Plain",
        "Partial Mode": "Finalize",
        "Parallel Aware": false,
        "Startup Cost": 311371.13,
        "Total Cost": 311371.14,
        "Plan Rows": 1,
        "Plan Width": 8,
        "Actual Startup Time": 3038.461,
        "Actual Total Time": 3084.053,
        "Actual Rows": 1,
        "Actual Loops": 1,
        "Output": [
            "count(*)"
        ],
        "Plans": [
            {
                "Node Type": "Gather",
                "Parent Relationship": "Outer",
                "Parallel Aware": false,
                "Startup Cost": 311370.61,
                "Total Cost": 311371.12,
                "Plan Rows": 5,
                "Plan Width": 8,
                "Actual Startup Time": 3021.205,
                "Actual Total Time": 3084.043,
                "Actual Rows": 6,
                "Actual Loops": 1,
                "Output": [
                    "(PARTIAL count(*))"
                ],
                "Workers Planned": 5,
                "Workers Launched": 5,
                "Single Copy": false,
                "Plans": [
                    {
                        "Node Type": "Aggregate",
                        "Strategy": "Plain",
                        "Partial Mode": "Partial",
                        "Parent Relationship": "Outer",
                        "Parallel Aware": false,
                        "Startup Cost": 310370.61,
                        "Total Cost": 310370.62,
                        "Plan Rows": 1,
                        "Plan Width": 8,
                        "Actual Startup Time": 2999.972,
                        "Actual Total Time": 2999.978,
                        "Actual Rows": 1,
                        "Actual Loops": 6,
                        "Output": [
                            "PARTIAL count(*)"
                        ],
                        "Workers": [
                            {
                                "Worker Number": 0,
                                "Actual Startup Time": 2995.902,
                                "Actual Total Time": 2995.907,
                                "Actual Rows": 1,
                                "Actual Loops": 1
                            },
                            {
                                "Worker Number": 1,
                                "Actual Startup Time": 2995.761,
                                "Actual Total Time": 2995.767,
                                "Actual Rows": 1,
                                "Actual Loops": 1
                            },
                            {
                                "Worker Number": 2,
                                "Actual Startup Time": 2995.998,
                                "Actual Total Time": 2996.004,
                                "Actual Rows": 1,
                                "Actual Loops": 1
                            },
                            {
                                "Worker Number": 3,
                                "Actual Startup Time": 2995.956,
                                "Actual Total Time": 2995.961,
                                "Actual Rows": 1,
                                "Actual Loops": 1
                            },
                            {
                                "Worker Number": 4,
                                "Actual Startup Time": 2995.974,
                                "Actual Total Time": 2995.979,
                                "Actual Rows": 1,
                                "Actual Loops": 1
                            }
                        ],
                        "Plans": [
                            {
                                "Node Type": "Hash Join",
                                "Parent Relationship": "Outer",
                                "Parallel Aware": true,
                                "Join Type": "Inner",
                                "Startup Cost": 91460.25,
                                "Total Cost": 303235.88,
                                "Plan Rows": 2853893,
                                "Plan Width": 0,
                                "Actual Startup Time": 714.608,
                                "Actual Total Time": 2526.031,
                                "Actual Rows": 10819552,
                                "Actual Loops": 6,
                                "Inner Unique": false,
                                "Hash Cond": "(mi.movie_id = t.id)",
                                "Workers": [
                                    {
                                        "Worker Number": 0,
                                        "Actual Startup Time": 711.066,
                                        "Actual Total Time": 2514.38,
                                        "Actual Rows": 8818373,
                                        "Actual Loops": 1
                                    },
                                    {
                                        "Worker Number": 1,
                                        "Actual Startup Time": 709.624,
                                        "Actual Total Time": 2537.448,
                                        "Actual Rows": 11840673,
                                        "Actual Loops": 1
                                    },
                                    {
                                        "Worker Number": 2,
                                        "Actual Startup Time": 711.273,
                                        "Actual Total Time": 2535.097,
                                        "Actual Rows": 12155399,
                                        "Actual Loops": 1
                                    },
                                    {
                                        "Worker Number": 3,
                                        "Actual Startup Time": 711.099,
                                        "Actual Total Time": 2537.415,
                                        "Actual Rows": 11845335,
                                        "Actual Loops": 1
                                    },
                                    {
                                        "Worker Number": 4,
                                        "Actual Startup Time": 711.209,
                                        "Actual Total Time": 2539.646,
                                        "Actual Rows": 11793369,
                                        "Actual Loops": 1
                                    }
                                ],
                                "Plans": [
                                    {
                                        "Node Type": "Seq Scan",
                                        "Parent Relationship": "Outer",
                                        "Parallel Aware": true,
                                        "Relation Name": "movie_info",
                                        "Schema": "public",
                                        "Alias": "mi",
                                        "Startup Cost": 0.0,
                                        "Total Cost": 191503.19,
                                        "Plan Rows": 2951019,
                                        "Plan Width": 4,
                                        "Actual Startup Time": 0.036,
                                        "Actual Total Time": 312.341,
                                        "Actual Rows": 2472620,
                                        "Actual Loops": 6,
                                        "Output": [
                                            "mi.id",
                                            "mi.movie_id",
                                            "mi.info_type_id",
                                            "mi.info",
                                            "mi.note"
                                        ],
                                        "Workers": [
                                            {
                                                "Worker Number": 0,
                                                "Actual Startup Time": 0.047,
                                                "Actual Total Time": 328.49,
                                                "Actual Rows": 2134998,
                                                "Actual Loops": 1
                                            },
                                            {
                                                "Worker Number": 1,
                                                "Actual Startup Time": 0.036,
                                                "Actual Total Time": 331.514,
                                                "Actual Rows": 2638472,
                                                "Actual Loops": 1
                                            },
                                            {
                                                "Worker Number": 2,
                                                "Actual Startup Time": 0.031,
                                                "Actual Total Time": 319.86,
                                                "Actual Rows": 2713944,
                                                "Actual Loops": 1
                                            },
                                            {
                                                "Worker Number": 3,
                                                "Actual Startup Time": 0.036,
                                                "Actual Total Time": 331.477,
                                                "Actual Rows": 2647493,
                                                "Actual Loops": 1
                                            },
                                            {
                                                "Worker Number": 4,
                                                "Actual Startup Time": 0.054,
                                                "Actual Total Time": 332.671,
                                                "Actual Rows": 2639027,
                                                "Actual Loops": 1
                                            }
                                        ]
                                    },
                                    {
                                        "Node Type": "Hash",
                                        "Parent Relationship": "Inner",
                                        "Parallel Aware": true,
                                        "Startup Cost": 81600.94,
                                        "Total Cost": 81600.94,
                                        "Plan Rows": 788745,
                                        "Plan Width": 8,
                                        "Actual Startup Time": 705.62,
                                        "Actual Total Time": 705.624,
                                        "Actual Rows": 406904,
                                        "Actual Loops": 6,
                                        "Output": [
                                            "t.id",
                                            "mc.movie_id"
                                        ],
                                        "Hash Buckets": 4194304,
                                        "Original Hash Buckets": 4194304,
                                        "Hash Batches": 1,
                                        "Original Hash Batches": 1,
                                        "Peak Memory Usage": 128384,
                                        "Workers": [
                                            {
                                                "Worker Number": 0,
                                                "Actual Startup Time": 709.102,
                                                "Actual Total Time": 709.106,
                                                "Actual Rows": 332766,
                                                "Actual Loops": 1
                                            },
                                            {
                                                "Worker Number": 1,
                                                "Actual Startup Time": 708.903,
                                                "Actual Total Time": 708.907,
                                                "Actual Rows": 432702,
                                                "Actual Loops": 1
                                            },
                                            {
                                                "Worker Number": 2,
                                                "Actual Startup Time": 709.099,
                                                "Actual Total Time": 709.103,
                                                "Actual Rows": 449297,
                                                "Actual Loops": 1
                                            },
                                            {
                                                "Worker Number": 3,
                                                "Actual Startup Time": 709.06,
                                                "Actual Total Time": 709.063,
                                                "Actual Rows": 432940,
                                                "Actual Loops": 1
                                            },
                                            {
                                                "Worker Number": 4,
                                                "Actual Startup Time": 709.059,
                                                "Actual Total Time": 709.063,
                                                "Actual Rows": 432745,
                                                "Actual Loops": 1
                                            }
                                        ],
                                        "Plans": [
                                            {
                                                "Node Type": "Hash Join",
                                                "Parent Relationship": "Outer",
                                                "Parallel Aware": true,
                                                "Join Type": "Inner",
                                                "Startup Cost": 50219.81,
                                                "Total Cost": 81600.94,
                                                "Plan Rows": 788745,
                                                "Plan Width": 8,
                                                "Actual Startup Time": 290.845,
                                                "Actual Total Time": 512.921,
                                                "Actual Rows": 406904,
                                                "Actual Loops": 6,
                                                "Output": [
                                                    "t.id",
                                                    "mc.movie_id"
                                                ],
                                                "Inner Unique": true,
                                                "Hash Cond": "(mc.movie_id = t.id)",
                                                "Workers": [
                                                    {
                                                        "Worker Number": 0,
                                                        "Actual Startup Time": 290.845,
                                                        "Actual Total Time": 512.139,
                                                        "Actual Rows": 332766,
                                                        "Actual Loops": 1
                                                    },
                                                    {
                                                        "Worker Number": 1,
                                                        "Actual Startup Time": 290.823,
                                                        "Actual Total Time": 513.54,
                                                        "Actual Rows": 432702,
                                                        "Actual Loops": 1
                                                    },
                                                    {
                                                        "Worker Number": 2,
                                                        "Actual Startup Time": 290.82,
                                                        "Actual Total Time": 514.047,
                                                        "Actual Rows": 449297,
                                                        "Actual Loops": 1
                                                    },
                                                    {
                                                        "Worker Number": 3,
                                                        "Actual Startup Time": 290.82,
                                                        "Actual Total Time": 513.43,
                                                        "Actual Rows": 432940,
                                                        "Actual Loops": 1
                                                    },
                                                    {
                                                        "Worker Number": 4,
                                                        "Actual Startup Time": 290.806,
                                                        "Actual Total Time": 513.191,
                                                        "Actual Rows": 432745,
                                                        "Actual Loops": 1
                                                    }
                                                ],
                                                "Plans": [
                                                    {
                                                        "Node Type": "Seq Scan",
                                                        "Parent Relationship": "Outer",
                                                        "Parallel Aware": true,
                                                        "Relation Name": "movie_companies",
                                                        "Schema": "public",
                                                        "Alias": "mc",
                                                        "Startup Cost": 0.0,
                                                        "Total Cost": 29310.68,
                                                        "Plan Rows": 788745,
                                                        "Plan Width": 4,
                                                        "Actual Startup Time": 0.027,
                                                        "Actual Total Time": 67.046,
                                                        "Actual Rows": 406904,
                                                        "Actual Loops": 6,
                                                        "Output": [
                                                            "mc.id",
                                                            "mc.movie_id",
                                                            "mc.company_id",
                                                            "mc.company_type_id",
                                                            "mc.note"
                                                        ],
                                                        "Filter": "(mc.company_id > 33)",
                                                        "Rows Removed by Filter": 27951,
                                                        "Workers": [
                                                            {
                                                                "Worker Number": 0,
                                                                "Actual Startup Time": 0.028,
                                                                "Actual Total Time": 72.494,
                                                                "Actual Rows": 332766,
                                                                "Actual Loops": 1
                                                            },
                                                            {
                                                                "Worker Number": 1,
                                                                "Actual Startup Time": 0.026,
                                                                "Actual Total Time": 67.393,
                                                                "Actual Rows": 432702,
                                                                "Actual Loops": 1
                                                            },
                                                            {
                                                                "Worker Number": 2,
                                                                "Actual Startup Time": 0.025,
                                                                "Actual Total Time": 65.928,
                                                                "Actual Rows": 449297,
                                                                "Actual Loops": 1
                                                            },
                                                            {
                                                                "Worker Number": 3,
                                                                "Actual Startup Time": 0.047,
                                                                "Actual Total Time": 67.385,
                                                                "Actual Rows": 432940,
                                                                "Actual Loops": 1
                                                            },
                                                            {
                                                                "Worker Number": 4,
                                                                "Actual Startup Time": 0.023,
                                                                "Actual Total Time": 66.946,
                                                                "Actual Rows": 432745,
                                                                "Actual Loops": 1
                                                            }
                                                        ]
                                                    },
                                                    {
                                                        "Node Type": "Hash",
                                                        "Parent Relationship": "Inner",
                                                        "Parallel Aware": true,
                                                        "Startup Cost": 42318.81,
                                                        "Total Cost": 42318.81,
                                                        "Plan Rows": 632080,
                                                        "Plan Width": 4,
                                                        "Actual Startup Time": 285.799,
                                                        "Actual Total Time": 285.801,
                                                        "Actual Rows": 421385,
                                                        "Actual Loops": 6,
                                                        "Output": [
                                                            "t.id"
                                                        ],
                                                        "Hash Buckets": 4194304,
                                                        "Original Hash Buckets": 4194304,
                                                        "Hash Batches": 1,
                                                        "Original Hash Batches": 1,
                                                        "Peak Memory Usage": 131744,
                                                        "Workers": [
                                                            {
                                                                "Worker Number": 0,
                                                                "Actual Startup Time": 290.69,
                                                                "Actual Total Time": 290.691,
                                                                "Actual Rows": 340840,
                                                                "Actual Loops": 1
                                                            },
                                                            {
                                                                "Worker Number": 1,
                                                                "Actual Startup Time": 290.674,
                                                                "Actual Total Time": 290.676,
                                                                "Actual Rows": 432173,
                                                                "Actual Loops": 1
                                                            },
                                                            {
                                                                "Worker Number": 2,
                                                                "Actual Startup Time": 290.722,
                                                                "Actual Total Time": 290.724,
                                                                "Actual Rows": 458055,
                                                                "Actual Loops": 1
                                                            },
                                                            {
                                                                "Worker Number": 3,
                                                                "Actual Startup Time": 290.716,
                                                                "Actual Total Time": 290.717,
                                                                "Actual Rows": 429019,
                                                                "Actual Loops": 1
                                                            },
                                                            {
                                                                "Worker Number": 4,
                                                                "Actual Startup Time": 290.7,
                                                                "Actual Total Time": 290.701,
                                                                "Actual Rows": 426984,
                                                                "Actual Loops": 1
                                                            }
                                                        ],
                                                        "Plans": [
                                                            {
                                                                "Node Type": "Seq Scan",
                                                                "Parent Relationship": "Outer",
                                                                "Parallel Aware": true,
                                                                "Relation Name": "title",
                                                                "Schema": "public",
                                                                "Alias": "t",
                                                                "Startup Cost": 0.0,
                                                                "Total Cost": 42318.81,
                                                                "Plan Rows": 632080,
                                                                "Plan Width": 4,
                                                                "Actual Startup Time": 0.066,
                                                                "Actual Total Time": 83.064,
                                                                "Actual Rows": 421385,
                                                                "Actual Loops": 6,
                                                                "Output": [
                                                                    "t.id"
                                                                ],
                                                                "Workers": [
                                                                    {
                                                                        "Worker Number": 0,
                                                                        "Actual Startup Time": 0.079,
                                                                        "Actual Total Time": 88.85,
                                                                        "Actual Rows": 340840,
                                                                        "Actual Loops": 1
                                                                    },
                                                                    {
                                                                        "Worker Number": 1,
                                                                        "Actual Startup Time": 0.075,
                                                                        "Actual Total Time": 85.431,
                                                                        "Actual Rows": 432173,
                                                                        "Actual Loops": 1
                                                                    },
                                                                    {
                                                                        "Worker Number": 2,
                                                                        "Actual Startup Time": 0.08,
                                                                        "Actual Total Time": 83.024,
                                                                        "Actual Rows": 458055,
                                                                        "Actual Loops": 1
                                                                    },
                                                                    {
                                                                        "Worker Number": 3,
                                                                        "Actual Startup Time": 0.075,
                                                                        "Actual Total Time": 85.004,
                                                                        "Actual Rows": 429019,
                                                                        "Actual Loops": 1
                                                                    },
                                                                    {
                                                                        "Worker Number": 4,
                                                                        "Actual Startup Time": 0.067,
                                                                        "Actual Total Time": 85.135,
                                                                        "Actual Rows": 426984,
                                                                        "Actual Loops": 1
                                                                    }
                                                                ]
                                                            }
                                                        ]
                                                    }
                                                ]
                                            }
                                        ]
                                    }
                                ]
                            }
                        ]
                    }
                ]
            }
        ]
    },
    "Planning Time": 1.594,
    "Triggers": [],
    "Execution Time": 3084.191
}