[
    {
        "Bao": {
            "Bao prediction": 460.868,
            "Bao recommended hint": "SET enable_mergejoin TO off; SET enable_indexscan TO off; "
        }
    },
    {
        "Plan": {
            "Node Type": "Aggregate",
            "Strategy": "Plain",
            "Partial Mode": "Finalize",
            "Parallel Aware": false,
            "Startup Cost": 331576.71,
            "Total Cost": 331576.72,
            "Plan Rows": 1,
            "Plan Width": 8,
            "Actual Startup Time": 789.062,
            "Actual Total Time": 820.073,
            "Actual Rows": 1,
            "Actual Loops": 1,
            "Output": [
                "count(*)"
            ],
            "Plans": [
                {
                    "Node Type": "Gather",
                    "Parent Relationship": "Outer",
                    "Parallel Aware": false,
                    "Startup Cost": 331576.09,
                    "Total Cost": 331576.7,
                    "Plan Rows": 6,
                    "Plan Width": 8,
                    "Actual Startup Time": 788.959,
                    "Actual Total Time": 820.064,
                    "Actual Rows": 7,
                    "Actual Loops": 1,
                    "Output": [
                        "(PARTIAL count(*))"
                    ],
                    "Workers Planned": 6,
                    "Workers Launched": 6,
                    "Single Copy": false,
                    "Plans": [
                        {
                            "Node Type": "Aggregate",
                            "Strategy": "Plain",
                            "Partial Mode": "Partial",
                            "Parent Relationship": "Outer",
                            "Parallel Aware": false,
                            "Startup Cost": 330576.09,
                            "Total Cost": 330576.1,
                            "Plan Rows": 1,
                            "Plan Width": 8,
                            "Actual Startup Time": 778.746,
                            "Actual Total Time": 778.747,
                            "Actual Rows": 1,
                            "Actual Loops": 7,
                            "Output": [
                                "PARTIAL count(*)"
                            ],
                            "Workers": [
                                {
                                    "Worker Number": 0,
                                    "Actual Startup Time": 776.631,
                                    "Actual Total Time": 776.632,
                                    "Actual Rows": 1,
                                    "Actual Loops": 1
                                },
                                {
                                    "Worker Number": 1,
                                    "Actual Startup Time": 776.917,
                                    "Actual Total Time": 776.918,
                                    "Actual Rows": 1,
                                    "Actual Loops": 1
                                },
                                {
                                    "Worker Number": 2,
                                    "Actual Startup Time": 777.256,
                                    "Actual Total Time": 777.257,
                                    "Actual Rows": 1,
                                    "Actual Loops": 1
                                },
                                {
                                    "Worker Number": 3,
                                    "Actual Startup Time": 777.368,
                                    "Actual Total Time": 777.369,
                                    "Actual Rows": 1,
                                    "Actual Loops": 1
                                },
                                {
                                    "Worker Number": 4,
                                    "Actual Startup Time": 777.249,
                                    "Actual Total Time": 777.25,
                                    "Actual Rows": 1,
                                    "Actual Loops": 1
                                },
                                {
                                    "Worker Number": 5,
                                    "Actual Startup Time": 777.63,
                                    "Actual Total Time": 777.631,
                                    "Actual Rows": 1,
                                    "Actual Loops": 1
                                }
                            ],
                            "Plans": [
                                {
                                    "Node Type": "Seq Scan",
                                    "Parent Relationship": "Outer",
                                    "Parallel Aware": true,
                                    "Relation Name": "cast_info",
                                    "Schema": "public",
                                    "Alias": "ci",
                                    "Startup Cost": 0.0,
                                    "Total Cost": 328213.62,
                                    "Plan Rows": 944989,
                                    "Plan Width": 0,
                                    "Actual Startup Time": 587.207,
                                    "Actual Total Time": 730.496,
                                    "Actual Rows": 818956,
                                    "Actual Loops": 7,
                                    "Output": [
                                        "id",
                                        "person_id",
                                        "movie_id",
                                        "person_role_id",
                                        "note",
                                        "nr_order",
                                        "role_id"
                                    ],
                                    "Filter": "(ci.role_id > 8)",
                                    "Rows Removed by Filter": 4358807,
                                    "Workers": [
                                        {
                                            "Worker Number": 0,
                                            "Actual Startup Time": 585.102,
                                            "Actual Total Time": 729.022,
                                            "Actual Rows": 724126,
                                            "Actual Loops": 1
                                        },
                                        {
                                            "Worker Number": 1,
                                            "Actual Startup Time": 585.377,
                                            "Actual Total Time": 729.996,
                                            "Actual Rows": 714271,
                                            "Actual Loops": 1
                                        },
                                        {
                                            "Worker Number": 2,
                                            "Actual Startup Time": 585.717,
                                            "Actual Total Time": 729.738,
                                            "Actual Rows": 723839,
                                            "Actual Loops": 1
                                        },
                                        {
                                            "Worker Number": 3,
                                            "Actual Startup Time": 585.828,
                                            "Actual Total Time": 729.89,
                                            "Actual Rows": 723831,
                                            "Actual Loops": 1
                                        },
                                        {
                                            "Worker Number": 4,
                                            "Actual Startup Time": 585.708,
                                            "Actual Total Time": 729.736,
                                            "Actual Rows": 723807,
                                            "Actual Loops": 1
                                        },
                                        {
                                            "Worker Number": 5,
                                            "Actual Startup Time": 586.086,
                                            "Actual Total Time": 730.58,
                                            "Actual Rows": 715468,
                                            "Actual Loops": 1
                                        }
                                    ]
                                }
                            ]
                        }
                    ]
                }
            ]
        },
        "Planning Time": 1215.786,
        "Triggers": [],
        "Execution Time": 820.159
    }
]