{
  "Plan": {
    "Node Type": "Aggregate",
    "Strategy": "Plain",
    "Partial Mode": "Finalize",
    "Parallel Aware": false,
    "Startup Cost": 782614.15,
    "Total Cost": 782614.16,
    "Plan Rows": 1,
    "Plan Width": 8,
    "Actual Startup Time": 4708.386,
    "Actual Total Time": 4783.65,
    "Actual Rows": 1,
    "Actual Loops": 1,
    "Plans": [
      {
        "Node Type": "Gather",
        "Parent Relationship": "Outer",
        "Parallel Aware": false,
        "Startup Cost": 782614.03,
        "Total Cost": 782614.14,
        "Plan Rows": 1,
        "Plan Width": 8,
        "Actual Startup Time": 4708.161,
        "Actual Total Time": 4783.642,
        "Actual Rows": 2,
        "Actual Loops": 1,
        "Workers Planned": 1,
        "Workers Launched": 1,
        "Single Copy": false,
        "Plans": [
          {
            "Node Type": "Aggregate",
            "Strategy": "Plain",
            "Partial Mode": "Partial",
            "Parent Relationship": "Outer",
            "Parallel Aware": false,
            "Startup Cost": 781614.03,
            "Total Cost": 781614.04,
            "Plan Rows": 1,
            "Plan Width": 8,
            "Actual Startup Time": 4701.829,
            "Actual Total Time": 4701.832,
            "Actual Rows": 1,
            "Actual Loops": 2,
            "Plans": [
              {
                "Node Type": "Nested Loop",
                "Parent Relationship": "Outer",
                "Parallel Aware": false,
                "Join Type": "Inner",
                "Startup Cost": 94105.36,
                "Total Cost": 775798.79,
                "Plan Rows": 2326099,
                "Plan Width": 0,
                "Actual Startup Time": 304.335,
                "Actual Total Time": 4594.838,
                "Actual Rows": 2174369,
                "Actual Loops": 2,
                "Inner Unique": false,
                "Plans": [
                  {
                    "Node Type": "Merge Join",
                    "Parent Relationship": "Outer",
                    "Parallel Aware": false,
                    "Join Type": "Inner",
                    "Startup Cost": 94104.79,
                    "Total Cost": 206126.19,
                    "Plan Rows": 261765,
                    "Plan Width": 8,
                    "Actual Startup Time": 304.182,
                    "Actual Total Time": 1291.69,
                    "Actual Rows": 131968,
                    "Actual Loops": 2,
                    "Inner Unique": false,
                    "Merge Cond": "(t.id = mc.movie_id)",
                    "Plans": [
                      {
                        "Node Type": "Index Scan",
                        "Parent Relationship": "Outer",
                        "Parallel Aware": true,
                        "Scan Direction": "Forward",
                        "Index Name": "title_pkey",
                        "Relation Name": "title",
                        "Alias": "t",
                        "Startup Cost": 0.43,
                        "Total Cost": 103647.43,
                        "Plan Rows": 1404485,
                        "Plan Width": 4,
                        "Actual Startup Time": 0.073,
                        "Actual Total Time": 857.885,
                        "Actual Rows": 1193844,
                        "Actual Loops": 2,
                        "Filter": "(production_year < 2013)",
                        "Rows Removed by Filter": 69066
                      },
                      {
                        "Node Type": "Sort",
                        "Parent Relationship": "Inner",
                        "Parallel Aware": false,
                        "Startup Cost": 94102.22,
                        "Total Cost": 95280.27,
                        "Plan Rows": 471218,
                        "Plan Width": 4,
                        "Actual Startup Time": 304.023,
                        "Actual Total Time": 328.59,
                        "Actual Rows": 272224,
                        "Actual Loops": 2,
                        "Sort Key": [
                          "mc.movie_id"
                        ],
                        "Sort Method": "quicksort",
                        "Sort Space Used": 25049,
                        "Sort Space Type": "Memory",
                        "Workers": [
                          {
                            "Worker Number": 0,
                            "Sort Method": "quicksort",
                            "Sort Space Used": 25049,
                            "Sort Space Type": "Memory"
                          }
                        ],
                        "Plans": [
                          {
                            "Node Type": "Index Scan",
                            "Parent Relationship": "Outer",
                            "Parallel Aware": false,
                            "Scan Direction": "Forward",
                            "Index Name": "company_type_id_movie_companies",
                            "Relation Name": "movie_companies",
                            "Alias": "mc",
                            "Startup Cost": 0.43,
                            "Total Cost": 49699.27,
                            "Plan Rows": 471218,
                            "Plan Width": 4,
                            "Actual Startup Time": 0.16,
                            "Actual Total Time": 227.616,
                            "Actual Rows": 272224,
                            "Actual Loops": 2,
                            "Index Cond": "(company_type_id > 1)",
                            "Rows Removed by Index Recheck": 0,
                            "Filter": "(company_id < 3289)",
                            "Rows Removed by Filter": 1062659
                          }
                        ]
                      }
                    ]
                  },
                  {
                    "Node Type": "Index Scan",
                    "Parent Relationship": "Inner",
                    "Parallel Aware": false,
                    "Scan Direction": "Forward",
                    "Index Name": "movie_id_cast_info",
                    "Relation Name": "cast_info",
                    "Alias": "ci",
                    "Startup Cost": 0.56,
                    "Total Cost": 1.95,
                    "Plan Rows": 23,
                    "Plan Width": 4,
                    "Actual Startup Time": 0.01,
                    "Actual Total Time": 0.024,
                    "Actual Rows": 16,
                    "Actual Loops": 263936,
                    "Index Cond": "(movie_id = t.id)",
                    "Rows Removed by Index Recheck": 0,
                    "Filter": "(person_id > 1357752)",
                    "Rows Removed by Filter": 10
                  }
                ]
              }
            ]
          }
        ]
      }
    ]
  },
  "Planning Time": 0.671,
  "Triggers": [],
  "Execution Time": 4783.737
}