[
  {
    "Plan": {
      "Node Type": "Aggregate",
      "Strategy": "Plain",
      "Partial Mode": "Finalize",
      "Parallel Aware": false,
      "Startup Cost": 90011.49,
      "Total Cost": 90011.5,
      "Plan Rows": 1,
      "Plan Width": 8,
      "Actual Startup Time": 305.477,
      "Actual Total Time": 323.401,
      "Actual Rows": 1,
      "Actual Loops": 1,
      "Plans": [
        {
          "Node Type": "Gather",
          "Parent Relationship": "Outer",
          "Parallel Aware": false,
          "Startup Cost": 90011.18,
          "Total Cost": 90011.49,
          "Plan Rows": 3,
          "Plan Width": 8,
          "Actual Startup Time": 304.715,
          "Actual Total Time": 323.392,
          "Actual Rows": 4,
          "Actual Loops": 1,
          "Workers Planned": 3,
          "Workers Launched": 3,
          "Single Copy": false,
          "Plans": [
            {
              "Node Type": "Aggregate",
              "Strategy": "Plain",
              "Partial Mode": "Partial",
              "Parent Relationship": "Outer",
              "Parallel Aware": false,
              "Startup Cost": 89011.18,
              "Total Cost": 89011.19,
              "Plan Rows": 1,
              "Plan Width": 8,
              "Actual Startup Time": 295.771,
              "Actual Total Time": 295.774,
              "Actual Rows": 1,
              "Actual Loops": 4,
              "Plans": [
                {
                  "Node Type": "Hash Join",
                  "Parent Relationship": "Outer",
                  "Parallel Aware": true,
                  "Join Type": "Inner",
                  "Startup Cost": 44328.39,
                  "Total Cost": 88913.37,
                  "Plan Rows": 39124,
                  "Plan Width": 0,
                  "Actual Startup Time": 126.21,
                  "Actual Total Time": 293.81,
                  "Actual Rows": 35980,
                  "Actual Loops": 4,
                  "Inner Unique": true,
                  "Hash Cond": "(mk.movie_id = t.id)",
                  "Plans": [
                    {
                      "Node Type": "Seq Scan",
                      "Parent Relationship": "Outer",
                      "Parallel Aware": true,
                      "Relation Name": "movie_keyword",
                      "Alias": "mk",
                      "Startup Cost": 0.0,
                      "Total Cost": 42695.65,
                      "Plan Rows": 719742,
                      "Plan Width": 4,
                      "Actual Startup Time": 0.035,
                      "Actual Total Time": 121.726,
                      "Actual Rows": 558920,
                      "Actual Loops": 4,
                      "Filter": "(keyword_id < 4607)",
                      "Rows Removed by Filter": 572062
                    },
                    {
                      "Node Type": "Hash",
                      "Parent Relationship": "Inner",
                      "Parallel Aware": true,
                      "Startup Cost": 43898.92,
                      "Total Cost": 43898.92,
                      "Plan Rows": 34358,
                      "Plan Width": 4,
                      "Actual Startup Time": 114.527,
                      "Actual Total Time": 114.528,
                      "Actual Rows": 34662,
                      "Actual Loops": 4,
                      "Hash Buckets": 262144,
                      "Original Hash Buckets": 262144,
                      "Hash Batches": 1,
                      "Original Hash Batches": 1,
                      "Peak Memory Usage": 7552,
                      "Plans": [
                        {
                          "Node Type": "Seq Scan",
                          "Parent Relationship": "Outer",
                          "Parallel Aware": true,
                          "Relation Name": "title",
                          "Alias": "t",
                          "Startup Cost": 0.0,
                          "Total Cost": 43898.92,
                          "Plan Rows": 34358,
                          "Plan Width": 4,
                          "Actual Startup Time": 9.886,
                          "Actual Total Time": 101.821,
                          "Actual Rows": 34662,
                          "Actual Loops": 4,
                          "Filter": "(production_year < 1939)",
                          "Rows Removed by Filter": 597416
                        }
                      ]
                    }
                  ]
                }
              ]
            }
          ]
        }
      ]
    },
    "Planning Time": 0.623,
    "Triggers": [],
    "Execution Time": 323.474
  }
]