[
  {
    "Plan": {
      "Node Type": "Aggregate",
      "Strategy": "Plain",
      "Partial Mode": "Finalize",
      "Parallel Aware": false,
      "Startup Cost": 61795.63,
      "Total Cost": 61795.64,
      "Plan Rows": 1,
      "Plan Width": 8,
      "Actual Startup Time": 226.28,
      "Actual Total Time": 243.452,
      "Actual Rows": 1,
      "Actual Loops": 1,
      "Plans": [
        {
          "Node Type": "Gather",
          "Parent Relationship": "Outer",
          "Parallel Aware": false,
          "Startup Cost": 61795.41,
          "Total Cost": 61795.62,
          "Plan Rows": 2,
          "Plan Width": 8,
          "Actual Startup Time": 225.953,
          "Actual Total Time": 243.445,
          "Actual Rows": 3,
          "Actual Loops": 1,
          "Workers Planned": 2,
          "Workers Launched": 2,
          "Single Copy": false,
          "Plans": [
            {
              "Node Type": "Aggregate",
              "Strategy": "Plain",
              "Partial Mode": "Partial",
              "Parent Relationship": "Outer",
              "Parallel Aware": false,
              "Startup Cost": 60795.41,
              "Total Cost": 60795.42,
              "Plan Rows": 1,
              "Plan Width": 8,
              "Actual Startup Time": 218.29,
              "Actual Total Time": 218.293,
              "Actual Rows": 1,
              "Actual Loops": 3,
              "Plans": [
                {
                  "Node Type": "Hash Join",
                  "Parent Relationship": "Outer",
                  "Parallel Aware": true,
                  "Join Type": "Inner",
                  "Startup Cost": 45582.19,
                  "Total Cost": 60776.75,
                  "Plan Rows": 7467,
                  "Plan Width": 0,
                  "Actual Startup Time": 161.384,
                  "Actual Total Time": 217.762,
                  "Actual Rows": 8630,
                  "Actual Loops": 3,
                  "Inner Unique": true,
                  "Hash Cond": "(mi_idx.movie_id = t.id)",
                  "Plans": [
                    {
                      "Node Type": "Seq Scan",
                      "Parent Relationship": "Outer",
                      "Parallel Aware": true,
                      "Relation Name": "movie_info_idx",
                      "Alias": "mi_idx",
                      "Startup Cost": 0.0,
                      "Total Cost": 13685.15,
                      "Plan Rows": 575015,
                      "Plan Width": 4,
                      "Actual Startup Time": 0.034,
                      "Actual Total Time": 46.479,
                      "Actual Rows": 460012,
                      "Actual Loops": 3
                    },
                    {
                      "Node Type": "Hash",
                      "Parent Relationship": "Inner",
                      "Parallel Aware": true,
                      "Startup Cost": 45479.59,
                      "Total Cost": 45479.59,
                      "Plan Rows": 8208,
                      "Plan Width": 4,
                      "Actual Startup Time": 123.547,
                      "Actual Total Time": 123.548,
                      "Actual Rows": 9368,
                      "Actual Loops": 3,
                      "Hash Buckets": 65536,
                      "Original Hash Buckets": 65536,
                      "Hash Batches": 1,
                      "Original Hash Batches": 1,
                      "Peak Memory Usage": 1664,
                      "Plans": [
                        {
                          "Node Type": "Seq Scan",
                          "Parent Relationship": "Outer",
                          "Parallel Aware": true,
                          "Relation Name": "title",
                          "Alias": "t",
                          "Startup Cost": 0.0,
                          "Total Cost": 45479.59,
                          "Plan Rows": 8208,
                          "Plan Width": 4,
                          "Actual Startup Time": 70.42,
                          "Actual Total Time": 119.756,
                          "Actual Rows": 9368,
                          "Actual Loops": 3,
                          "Filter": "((kind_id = 1) AND (production_year = 2009))",
                          "Rows Removed by Filter": 833403
                        }
                      ]
                    }
                  ]
                }
              ]
            }
          ]
        }
      ]
    },
    "Planning Time": 0.256,
    "Triggers": [],
    "Execution Time": 243.489
  }
]