[
  {
    "Plan": {
      "Node Type": "Aggregate",
      "Strategy": "Plain",
      "Partial Mode": "Finalize",
      "Parallel Aware": false,
      "Startup Cost": 32949.1,
      "Total Cost": 32949.11,
      "Plan Rows": 1,
      "Plan Width": 8,
      "Actual Startup Time": 96.935,
      "Actual Total Time": 104.137,
      "Actual Rows": 1,
      "Actual Loops": 1,
      "Plans": [
        {
          "Node Type": "Gather",
          "Parent Relationship": "Outer",
          "Parallel Aware": false,
          "Startup Cost": 32948.78,
          "Total Cost": 32949.09,
          "Plan Rows": 3,
          "Plan Width": 8,
          "Actual Startup Time": 96.819,
          "Actual Total Time": 104.131,
          "Actual Rows": 4,
          "Actual Loops": 1,
          "Workers Planned": 3,
          "Workers Launched": 3,
          "Single Copy": false,
          "Plans": [
            {
              "Node Type": "Aggregate",
              "Strategy": "Plain",
              "Partial Mode": "Partial",
              "Parent Relationship": "Outer",
              "Parallel Aware": false,
              "Startup Cost": 31948.78,
              "Total Cost": 31948.79,
              "Plan Rows": 1,
              "Plan Width": 8,
              "Actual Startup Time": 90.905,
              "Actual Total Time": 90.906,
              "Actual Rows": 1,
              "Actual Loops": 4,
              "Plans": [
                {
                  "Node Type": "Seq Scan",
                  "Parent Relationship": "Outer",
                  "Parallel Aware": true,
                  "Relation Name": "movie_companies",
                  "Alias": "mc",
                  "Startup Cost": 0.0,
                  "Total Cost": 31414.82,
                  "Plan Rows": 213586,
                  "Plan Width": 0,
                  "Actual Startup Time": 47.733,
                  "Actual Total Time": 82.003,
                  "Actual Rows": 227260,
                  "Actual Loops": 4,
                  "Filter": "((company_id > 11288) AND (company_type_id = 2))",
                  "Rows Removed by Filter": 425022
                }
              ]
            }
          ]
        }
      ]
    },
    "Planning Time": 0.178,
    "Triggers": [],
    "Execution Time": 104.183
  }
]