[
  {
    "Plan": {
      "Node Type": "Aggregate",
      "Strategy": "Plain",
      "Partial Mode": "Finalize",
      "Parallel Aware": false,
      "Startup Cost": 435912.6,
      "Total Cost": 435912.61,
      "Plan Rows": 1,
      "Plan Width": 8,
      "Actual Startup Time": 1111.427,
      "Actual Total Time": 1173.741,
      "Actual Rows": 1,
      "Actual Loops": 1,
      "Plans": [
        {
          "Node Type": "Gather",
          "Parent Relationship": "Outer",
          "Parallel Aware": false,
          "Startup Cost": 435911.97,
          "Total Cost": 435912.58,
          "Plan Rows": 6,
          "Plan Width": 8,
          "Actual Startup Time": 1099.271,
          "Actual Total Time": 1173.72,
          "Actual Rows": 7,
          "Actual Loops": 1,
          "Workers Planned": 6,
          "Workers Launched": 6,
          "Single Copy": false,
          "Plans": [
            {
              "Node Type": "Aggregate",
              "Strategy": "Plain",
              "Partial Mode": "Partial",
              "Parent Relationship": "Outer",
              "Parallel Aware": false,
              "Startup Cost": 434911.97,
              "Total Cost": 434911.98,
              "Plan Rows": 1,
              "Plan Width": 8,
              "Actual Startup Time": 1088.275,
              "Actual Total Time": 1088.446,
              "Actual Rows": 1,
              "Actual Loops": 7,
              "Plans": [
                {
                  "Node Type": "Hash Join",
                  "Parent Relationship": "Outer",
                  "Parallel Aware": true,
                  "Join Type": "Inner",
                  "Startup Cost": 83990.9,
                  "Total Cost": 434110.95,
                  "Plan Rows": 320408,
                  "Plan Width": 0,
                  "Actual Startup Time": 641.814,
                  "Actual Total Time": 1084.475,
                  "Actual Rows": 71974,
                  "Actual Loops": 7,
                  "Inner Unique": false,
                  "Hash Cond": "(ci.movie_id = t.id)",
                  "Plans": [
                    {
                      "Node Type": "Seq Scan",
                      "Parent Relationship": "Outer",
                      "Parallel Aware": true,
                      "Relation Name": "cast_info",
                      "Alias": "ci",
                      "Startup Cost": 0.0,
                      "Total Cost": 343316.27,
                      "Plan Rows": 1538722,
                      "Plan Width": 4,
                      "Actual Startup Time": 348.702,
                      "Actual Total Time": 664.489,
                      "Actual Rows": 984776,
                      "Actual Loops": 7,
                      "Filter": "((person_id > 2663761) AND (role_id < 10))",
                      "Rows Removed by Filter": 4192988
                    },
                    {
                      "Node Type": "Hash",
                      "Parent Relationship": "Inner",
                      "Parallel Aware": true,
                      "Startup Cost": 81867.93,
                      "Total Cost": 81867.93,
                      "Plan Rows": 169837,
                      "Plan Width": 8,
                      "Actual Startup Time": 290.34,
                      "Actual Total Time": 290.508,
                      "Actual Rows": 10869,
                      "Actual Loops": 7,
                      "Hash Buckets": 1048576,
                      "Original Hash Buckets": 1048576,
                      "Hash Batches": 1,
                      "Original Hash Batches": 1,
                      "Peak Memory Usage": 11296,
                      "Plans": [
                        {
                          "Node Type": "Hash Join",
                          "Parent Relationship": "Outer",
                          "Parallel Aware": true,
                          "Join Type": "Inner",
                          "Startup Cost": 49597.74,
                          "Total Cost": 81867.93,
                          "Plan Rows": 169837,
                          "Plan Width": 8,
                          "Actual Startup Time": 200.135,
                          "Actual Total Time": 283.385,
                          "Actual Rows": 10869,
                          "Actual Loops": 7,
                          "Inner Unique": true,
                          "Hash Cond": "(mc.movie_id = t.id)",
                          "Plans": [
                            {
                              "Node Type": "Seq Scan",
                              "Parent Relationship": "Outer",
                              "Parallel Aware": true,
                              "Relation Name": "movie_companies",
                              "Alias": "mc",
                              "Startup Cost": 0.0,
                              "Total Cost": 31414.82,
                              "Plan Rows": 325859,
                              "Plan Width": 4,
                              "Actual Startup Time": 0.13,
                              "Actual Total Time": 48.313,
                              "Actual Rows": 125239,
                              "Actual Loops": 7,
                              "Filter": "((company_id > 525) AND (company_type_id < 2))",
                              "Rows Removed by Filter": 247494
                            },
                            {
                              "Node Type": "Hash",
                              "Parent Relationship": "Inner",
                              "Parallel Aware": true,
                              "Startup Cost": 45479.59,
                              "Total Cost": 45479.59,
                              "Plan Rows": 329452,
                              "Plan Width": 4,
                              "Actual Startup Time": 197.432,
                              "Actual Total Time": 197.435,
                              "Actual Rows": 198789,
                              "Actual Loops": 7,
                              "Hash Buckets": 2097152,
                              "Original Hash Buckets": 2097152,
                              "Hash Batches": 1,
                              "Original Hash Batches": 1,
                              "Peak Memory Usage": 70912,
                              "Plans": [
                                {
                                  "Node Type": "Seq Scan",
                                  "Parent Relationship": "Outer",
                                  "Parallel Aware": true,
                                  "Relation Name": "title",
                                  "Alias": "t",
                                  "Startup Cost": 0.0,
                                  "Total Cost": 45479.59,
                                  "Plan Rows": 329452,
                                  "Plan Width": 4,
                                  "Actual Startup Time": 0.062,
                                  "Actual Total Time": 87.391,
                                  "Actual Rows": 198789,
                                  "Actual Loops": 7,
                                  "Filter": "((production_year > 1965) AND (kind_id = 7))",
                                  "Rows Removed by Filter": 162398
                                }
                              ]
                            }
                          ]
                        }
                      ]
                    }
                  ]
                }
              ]
            }
          ]
        }
      ]
    },
    "Planning Time": 1.078,
    "Triggers": [],
    "Execution Time": 1173.811
  }
]