[
  {
    "Plan": {
      "Node Type": "Aggregate",
      "Strategy": "Plain",
      "Partial Mode": "Finalize",
      "Parallel Aware": false,
      "Startup Cost": 243961.14,
      "Total Cost": 243961.15,
      "Plan Rows": 1,
      "Plan Width": 8,
      "Actual Startup Time": 641.714,
      "Actual Total Time": 657.659,
      "Actual Rows": 1,
      "Actual Loops": 1,
      "Plans": [
        {
          "Node Type": "Gather",
          "Parent Relationship": "Outer",
          "Parallel Aware": false,
          "Startup Cost": 243960.93,
          "Total Cost": 243961.14,
          "Plan Rows": 2,
          "Plan Width": 8,
          "Actual Startup Time": 632.498,
          "Actual Total Time": 657.648,
          "Actual Rows": 3,
          "Actual Loops": 1,
          "Workers Planned": 2,
          "Workers Launched": 2,
          "Single Copy": false,
          "Plans": [
            {
              "Node Type": "Aggregate",
              "Strategy": "Plain",
              "Partial Mode": "Partial",
              "Parent Relationship": "Outer",
              "Parallel Aware": false,
              "Startup Cost": 242960.93,
              "Total Cost": 242960.94,
              "Plan Rows": 1,
              "Plan Width": 8,
              "Actual Startup Time": 625.088,
              "Actual Total Time": 625.254,
              "Actual Rows": 1,
              "Actual Loops": 3,
              "Plans": [
                {
                  "Node Type": "Hash Join",
                  "Parent Relationship": "Outer",
                  "Parallel Aware": true,
                  "Join Type": "Inner",
                  "Startup Cost": 226605.3,
                  "Total Cost": 242675.27,
                  "Plan Rows": 114261,
                  "Plan Width": 0,
                  "Actual Startup Time": 493.022,
                  "Actual Total Time": 604.671,
                  "Actual Rows": 537194,
                  "Actual Loops": 3,
                  "Inner Unique": false,
                  "Hash Cond": "(mi_idx.movie_id = t.id)",
                  "Plans": [
                    {
                      "Node Type": "Seq Scan",
                      "Parent Relationship": "Outer",
                      "Parallel Aware": true,
                      "Relation Name": "movie_info_idx",
                      "Alias": "mi_idx",
                      "Startup Cost": 0.0,
                      "Total Cost": 13685.15,
                      "Plan Rows": 575015,
                      "Plan Width": 4,
                      "Actual Startup Time": 0.026,
                      "Actual Total Time": 32.62,
                      "Actual Rows": 460012,
                      "Actual Loops": 3
                    },
                    {
                      "Node Type": "Hash",
                      "Parent Relationship": "Inner",
                      "Parallel Aware": true,
                      "Startup Cost": 225349.3,
                      "Total Cost": 225349.3,
                      "Plan Rows": 100480,
                      "Plan Width": 8,
                      "Actual Startup Time": 489.299,
                      "Actual Total Time": 489.463,
                      "Actual Rows": 187959,
                      "Actual Loops": 3,
                      "Hash Buckets": 1048576,
                      "Original Hash Buckets": 524288,
                      "Hash Batches": 1,
                      "Original Hash Batches": 1,
                      "Peak Memory Usage": 34400,
                      "Plans": [
                        {
                          "Node Type": "Hash Join",
                          "Parent Relationship": "Outer",
                          "Parallel Aware": true,
                          "Join Type": "Inner",
                          "Startup Cost": 61495.93,
                          "Total Cost": 225349.3,
                          "Plan Rows": 100480,
                          "Plan Width": 8,
                          "Actual Startup Time": 346.849,
                          "Actual Total Time": 440.983,
                          "Actual Rows": 187959,
                          "Actual Loops": 3,
                          "Inner Unique": true,
                          "Hash Cond": "(mi.movie_id = t.id)",
                          "Plans": [
                            {
                              "Node Type": "Bitmap Heap Scan",
                              "Parent Relationship": "Outer",
                              "Parallel Aware": true,
                              "Relation Name": "movie_info",
                              "Alias": "mi",
                              "Startup Cost": 11142.68,
                              "Total Cost": 174673.18,
                              "Plan Rows": 123000,
                              "Plan Width": 4,
                              "Actual Startup Time": 24.596,
                              "Actual Total Time": 69.498,
                              "Actual Rows": 199486,
                              "Actual Loops": 3,
                              "Recheck Cond": "(info_type_id = 15)",
                              "Rows Removed by Index Recheck": 0,
                              "Exact Heap Blocks": 7888,
                              "Lossy Heap Blocks": 0,
                              "Plans": [
                                {
                                  "Node Type": "Bitmap Index Scan",
                                  "Parent Relationship": "Outer",
                                  "Parallel Aware": false,
                                  "Index Name": "info_type_id_movie_info",
                                  "Startup Cost": 0.0,
                                  "Total Cost": 10988.93,
                                  "Plan Rows": 615000,
                                  "Plan Width": 0,
                                  "Actual Startup Time": 21.421,
                                  "Actual Total Time": 21.422,
                                  "Actual Rows": 598457,
                                  "Actual Loops": 1,
                                  "Index Cond": "(info_type_id = 15)"
                                }
                              ]
                            },
                            {
                              "Node Type": "Hash",
                              "Parent Relationship": "Inner",
                              "Parallel Aware": true,
                              "Startup Cost": 43898.92,
                              "Total Cost": 43898.92,
                              "Plan Rows": 516346,
                              "Plan Width": 4,
                              "Actual Startup Time": 315.1,
                              "Actual Total Time": 315.101,
                              "Actual Rows": 688184,
                              "Actual Loops": 3,
                              "Hash Buckets": 2097152,
                              "Original Hash Buckets": 2097152,
                              "Hash Batches": 1,
                              "Original Hash Batches": 1,
                              "Peak Memory Usage": 97184,
                              "Plans": [
                                {
                                  "Node Type": "Seq Scan",
                                  "Parent Relationship": "Outer",
                                  "Parallel Aware": true,
                                  "Relation Name": "title",
                                  "Alias": "t",
                                  "Startup Cost": 0.0,
                                  "Total Cost": 43898.92,
                                  "Plan Rows": 516346,
                                  "Plan Width": 4,
                                  "Actual Startup Time": 0.042,
                                  "Actual Total Time": 126.629,
                                  "Actual Rows": 688184,
                                  "Actual Loops": 3,
                                  "Filter": "(production_year < 2011)",
                                  "Rows Removed by Filter": 154587
                                }
                              ]
                            }
                          ]
                        }
                      ]
                    }
                  ]
                }
              ]
            }
          ]
        }
      ]
    },
    "Planning Time": 1.338,
    "Triggers": [],
    "Execution Time": 657.758
  }
]