{
  "Plan": {
    "Node Type": "Aggregate",
    "Strategy": "Plain",
    "Partial Mode": "Finalize",
    "Parallel Aware": false,
    "Startup Cost": 145401.59,
    "Total Cost": 145401.6,
    "Plan Rows": 1,
    "Plan Width": 8,
    "Actual Startup Time": 991.23,
    "Actual Total Time": 1012.215,
    "Actual Rows": 1,
    "Actual Loops": 1,
    "Plans": [
      {
        "Node Type": "Gather",
        "Parent Relationship": "Outer",
        "Parallel Aware": false,
        "Startup Cost": 145401.47,
        "Total Cost": 145401.58,
        "Plan Rows": 1,
        "Plan Width": 8,
        "Actual Startup Time": 987.626,
        "Actual Total Time": 1012.206,
        "Actual Rows": 2,
        "Actual Loops": 1,
        "Workers Planned": 1,
        "Workers Launched": 1,
        "Single Copy": false,
        "Plans": [
          {
            "Node Type": "Aggregate",
            "Strategy": "Plain",
            "Partial Mode": "Partial",
            "Parent Relationship": "Outer",
            "Parallel Aware": false,
            "Startup Cost": 144401.47,
            "Total Cost": 144401.48,
            "Plan Rows": 1,
            "Plan Width": 8,
            "Actual Startup Time": 982.143,
            "Actual Total Time": 983.333,
            "Actual Rows": 1,
            "Actual Loops": 2,
            "Plans": [
              {
                "Node Type": "Hash Join",
                "Parent Relationship": "Outer",
                "Parallel Aware": true,
                "Join Type": "Inner",
                "Startup Cost": 82065.02,
                "Total Cost": 144137.86,
                "Plan Rows": 105445,
                "Plan Width": 0,
                "Actual Startup Time": 526.6,
                "Actual Total Time": 925.338,
                "Actual Rows": 1188534,
                "Actual Loops": 2,
                "Inner Unique": false,
                "Hash Cond": "(mk.movie_id = t.id)",
                "Plans": [
                  {
                    "Node Type": "Seq Scan",
                    "Parent Relationship": "Outer",
                    "Parallel Aware": true,
                    "Relation Name": "movie_keyword",
                    "Alias": "mk",
                    "Startup Cost": 0.0,
                    "Total Cost": 57718.19,
                    "Plan Rows": 995838,
                    "Plan Width": 4,
                    "Actual Startup Time": 1.006,
                    "Actual Total Time": 203.867,
                    "Actual Rows": 848438,
                    "Actual Loops": 2,
                    "Filter": "(keyword_id > 8486)",
                    "Rows Removed by Filter": 1413528
                  },
                  {
                    "Node Type": "Hash",
                    "Parent Relationship": "Inner",
                    "Parallel Aware": true,
                    "Startup Cost": 80096.57,
                    "Total Cost": 80096.57,
                    "Plan Rows": 157476,
                    "Plan Width": 8,
                    "Actual Startup Time": 520.096,
                    "Actual Total Time": 521.284,
                    "Actual Rows": 301764,
                    "Actual Loops": 2,
                    "Hash Buckets": 1048576,
                    "Original Hash Buckets": 524288,
                    "Hash Batches": 1,
                    "Original Hash Batches": 1,
                    "Peak Memory Usage": 35936,
                    "Plans": [
                      {
                        "Node Type": "Hash Join",
                        "Parent Relationship": "Outer",
                        "Parallel Aware": true,
                        "Join Type": "Inner",
                        "Startup Cost": 61912.78,
                        "Total Cost": 80096.57,
                        "Plan Rows": 157476,
                        "Plan Width": 8,
                        "Actual Startup Time": 250.47,
                        "Actual Total Time": 437.004,
                        "Actual Rows": 301764,
                        "Actual Loops": 2,
                        "Inner Unique": true,
                        "Hash Cond": "(mi_idx.movie_id = t.id)",
                        "Plans": [
                          {
                            "Node Type": "Seq Scan",
                            "Parent Relationship": "Outer",
                            "Parallel Aware": true,
                            "Relation Name": "movie_info_idx",
                            "Alias": "mi_idx",
                            "Startup Cost": 0.0,
                            "Total Cost": 16052.85,
                            "Plan Rows": 811785,
                            "Plan Width": 4,
                            "Actual Startup Time": 0.021,
                            "Actual Total Time": 57.98,
                            "Actual Rows": 690018,
                            "Actual Loops": 2
                          },
                          {
                            "Node Type": "Hash",
                            "Parent Relationship": "Inner",
                            "Parallel Aware": true,
                            "Startup Cost": 58306.47,
                            "Total Cost": 58306.47,
                            "Plan Rows": 288505,
                            "Plan Width": 4,
                            "Actual Startup Time": 247.059,
                            "Actual Total Time": 247.06,
                            "Actual Rows": 290710,
                            "Actual Loops": 2,
                            "Hash Buckets": 1048576,
                            "Original Hash Buckets": 524288,
                            "Hash Batches": 1,
                            "Original Hash Batches": 1,
                            "Peak Memory Usage": 35072,
                            "Plans": [
                              {
                                "Node Type": "Seq Scan",
                                "Parent Relationship": "Outer",
                                "Parallel Aware": true,
                                "Relation Name": "title",
                                "Alias": "t",
                                "Startup Cost": 0.0,
                                "Total Cost": 58306.47,
                                "Plan Rows": 288505,
                                "Plan Width": 4,
                                "Actual Startup Time": 0.06,
                                "Actual Total Time": 165.802,
                                "Actual Rows": 290710,
                                "Actual Loops": 2,
                                "Filter": "((kind_id < 7) AND (production_year < 2004))",
                                "Rows Removed by Filter": 973446
                              }
                            ]
                          }
                        ]
                      }
                    ]
                  }
                ]
              }
            ]
          }
        ]
      }
    ]
  },
  "Planning Time": 0.866,
  "Triggers": [],
  "Execution Time": 1012.294
}