{
  "Plan": {
    "Node Type": "Aggregate",
    "Strategy": "Plain",
    "Partial Mode": "Finalize",
    "Parallel Aware": false,
    "Startup Cost": 1456121.95,
    "Total Cost": 1456121.96,
    "Plan Rows": 1,
    "Plan Width": 8,
    "Actual Startup Time": 20561.237,
    "Actual Total Time": 20634.831,
    "Actual Rows": 1,
    "Actual Loops": 1,
    "Plans": [
      {
        "Node Type": "Gather",
        "Parent Relationship": "Outer",
        "Parallel Aware": false,
        "Startup Cost": 1456121.84,
        "Total Cost": 1456121.95,
        "Plan Rows": 1,
        "Plan Width": 8,
        "Actual Startup Time": 20561.231,
        "Actual Total Time": 20634.825,
        "Actual Rows": 2,
        "Actual Loops": 1,
        "Workers Planned": 1,
        "Workers Launched": 1,
        "Single Copy": false,
        "Plans": [
          {
            "Node Type": "Aggregate",
            "Strategy": "Plain",
            "Partial Mode": "Partial",
            "Parent Relationship": "Outer",
            "Parallel Aware": false,
            "Startup Cost": 1455121.84,
            "Total Cost": 1455121.85,
            "Plan Rows": 1,
            "Plan Width": 8,
            "Actual Startup Time": 20555.088,
            "Actual Total Time": 20555.089,
            "Actual Rows": 1,
            "Actual Loops": 2,
            "Plans": [
              {
                "Node Type": "Merge Join",
                "Parent Relationship": "Outer",
                "Parallel Aware": false,
                "Join Type": "Inner",
                "Startup Cost": 21.79,
                "Total Cost": 1442623.23,
                "Plan Rows": 4999441,
                "Plan Width": 0,
                "Actual Startup Time": 6.201,
                "Actual Total Time": 16879.417,
                "Actual Rows": 95479500,
                "Actual Loops": 2,
                "Inner Unique": false,
                "Merge Cond": "(mi.movie_id = t.id)",
                "Plans": [
                  {
                    "Node Type": "Index Only Scan",
                    "Parent Relationship": "Outer",
                    "Parallel Aware": true,
                    "Scan Direction": "Forward",
                    "Index Name": "movie_id_movie_info",
                    "Relation Name": "movie_info",
                    "Alias": "mi",
                    "Startup Cost": 0.43,
                    "Total Cost": 1018223.42,
                    "Plan Rows": 8696274,
                    "Plan Width": 4,
                    "Actual Startup Time": 0.105,
                    "Actual Total Time": 2289.036,
                    "Actual Rows": 7417413,
                    "Actual Loops": 2,
                    "Heap Fetches": 14834826
                  },
                  {
                    "Node Type": "Materialize",
                    "Parent Relationship": "Inner",
                    "Parallel Aware": false,
                    "Startup Cost": 14.56,
                    "Total Cost": 331553.78,
                    "Plan Rows": 1453502,
                    "Plan Width": 8,
                    "Actual Startup Time": 0.254,
                    "Actual Total Time": 5987.117,
                    "Actual Rows": 96922349,
                    "Actual Loops": 2,
                    "Plans": [
                      {
                        "Node Type": "Merge Join",
                        "Parent Relationship": "Outer",
                        "Parallel Aware": false,
                        "Join Type": "Inner",
                        "Startup Cost": 14.56,
                        "Total Cost": 327920.02,
                        "Plan Rows": 1453502,
                        "Plan Width": 8,
                        "Actual Startup Time": 0.245,
                        "Actual Total Time": 2464.055,
                        "Actual Rows": 2934383,
                        "Actual Loops": 2,
                        "Inner Unique": true,
                        "Merge Cond": "(mk.movie_id = t.id)",
                        "Plans": [
                          {
                            "Node Type": "Index Only Scan",
                            "Parent Relationship": "Outer",
                            "Parallel Aware": false,
                            "Scan Direction": "Forward",
                            "Index Name": "movie_id_movie_keyword",
                            "Relation Name": "movie_keyword",
                            "Alias": "mk",
                            "Startup Cost": 0.43,
                            "Total Cost": 177188.06,
                            "Plan Rows": 4523930,
                            "Plan Width": 4,
                            "Actual Startup Time": 0.134,
                            "Actual Total Time": 793.543,
                            "Actual Rows": 4523930,
                            "Actual Loops": 2,
                            "Heap Fetches": 9047860
                          },
                          {
                            "Node Type": "Index Scan",
                            "Parent Relationship": "Inner",
                            "Parallel Aware": false,
                            "Scan Direction": "Forward",
                            "Index Name": "title_pkey",
                            "Relation Name": "title",
                            "Alias": "t",
                            "Startup Cost": 0.43,
                            "Total Cost": 122981.43,
                            "Plan Rows": 812320,
                            "Plan Width": 4,
                            "Actual Startup Time": 0.087,
                            "Actual Total Time": 1252.586,
                            "Actual Rows": 718883,
                            "Actual Loops": 2,
                            "Filter": "((kind_id < 7) AND (production_year > 1971))",
                            "Rows Removed by Filter": 1807090
                          }
                        ]
                      }
                    ]
                  }
                ]
              }
            ]
          }
        ]
      }
    ]
  },
  "Planning Time": 1.021,
  "Triggers": [],
  "Execution Time": 20634.978
}