[
  {
    "Plan": {
      "Node Type": "Aggregate",
      "Strategy": "Plain",
      "Partial Mode": "Finalize",
      "Parallel Aware": false,
      "Startup Cost": 350908.85,
      "Total Cost": 350908.86,
      "Plan Rows": 1,
      "Plan Width": 8,
      "Actual Startup Time": 867.981,
      "Actual Total Time": 917.926,
      "Actual Rows": 1,
      "Actual Loops": 1,
      "Plans": [
        {
          "Node Type": "Gather",
          "Parent Relationship": "Outer",
          "Parallel Aware": false,
          "Startup Cost": 350908.22,
          "Total Cost": 350908.83,
          "Plan Rows": 6,
          "Plan Width": 8,
          "Actual Startup Time": 867.803,
          "Actual Total Time": 917.905,
          "Actual Rows": 7,
          "Actual Loops": 1,
          "Workers Planned": 6,
          "Workers Launched": 6,
          "Single Copy": false,
          "Plans": [
            {
              "Node Type": "Aggregate",
              "Strategy": "Plain",
              "Partial Mode": "Partial",
              "Parent Relationship": "Outer",
              "Parallel Aware": false,
              "Startup Cost": 349908.22,
              "Total Cost": 349908.23,
              "Plan Rows": 1,
              "Plan Width": 8,
              "Actual Startup Time": 861.468,
              "Actual Total Time": 861.469,
              "Actual Rows": 1,
              "Actual Loops": 7,
              "Plans": [
                {
                  "Node Type": "Seq Scan",
                  "Parent Relationship": "Outer",
                  "Parallel Aware": true,
                  "Relation Name": "cast_info",
                  "Alias": "ci",
                  "Startup Cost": 0.0,
                  "Total Cost": 343316.27,
                  "Plan Rows": 2636781,
                  "Plan Width": 0,
                  "Actual Startup Time": 220.596,
                  "Actual Total Time": 714.322,
                  "Actual Rows": 2890789,
                  "Actual Loops": 7,
                  "Filter": "((person_id > 1182641) AND (role_id > 1))",
                  "Rows Removed by Filter": 2286975
                }
              ]
            }
          ]
        }
      ]
    },
    "Planning Time": 0.131,
    "Triggers": [],
    "Execution Time": 917.976
  }
]