[
  {
    "Plan": {
      "Node Type": "Aggregate",
      "Strategy": "Plain",
      "Partial Mode": "Finalize",
      "Parallel Aware": false,
      "Startup Cost": 160016.37,
      "Total Cost": 160016.38,
      "Plan Rows": 1,
      "Plan Width": 8,
      "Actual Startup Time": 705.545,
      "Actual Total Time": 745.625,
      "Actual Rows": 1,
      "Actual Loops": 1,
      "Plans": [
        {
          "Node Type": "Gather",
          "Parent Relationship": "Outer",
          "Parallel Aware": false,
          "Startup Cost": 160016.06,
          "Total Cost": 160016.37,
          "Plan Rows": 3,
          "Plan Width": 8,
          "Actual Startup Time": 687.951,
          "Actual Total Time": 745.614,
          "Actual Rows": 4,
          "Actual Loops": 1,
          "Workers Planned": 3,
          "Workers Launched": 3,
          "Single Copy": false,
          "Plans": [
            {
              "Node Type": "Aggregate",
              "Strategy": "Plain",
              "Partial Mode": "Partial",
              "Parent Relationship": "Outer",
              "Parallel Aware": false,
              "Startup Cost": 159016.06,
              "Total Cost": 159016.07,
              "Plan Rows": 1,
              "Plan Width": 8,
              "Actual Startup Time": 673.064,
              "Actual Total Time": 673.068,
              "Actual Rows": 1,
              "Actual Loops": 4,
              "Plans": [
                {
                  "Node Type": "Nested Loop",
                  "Parent Relationship": "Outer",
                  "Parallel Aware": false,
                  "Join Type": "Inner",
                  "Startup Cost": 55873.51,
                  "Total Cost": 158381.45,
                  "Plan Rows": 253844,
                  "Plan Width": 0,
                  "Actual Startup Time": 433.386,
                  "Actual Total Time": 662.854,
                  "Actual Rows": 159054,
                  "Actual Loops": 4,
                  "Inner Unique": false,
                  "Plans": [
                    {
                      "Node Type": "Hash Join",
                      "Parent Relationship": "Outer",
                      "Parallel Aware": true,
                      "Join Type": "Inner",
                      "Startup Cost": 55873.07,
                      "Total Cost": 76045.43,
                      "Plan Rows": 43232,
                      "Plan Width": 8,
                      "Actual Startup Time": 433.269,
                      "Actual Total Time": 463.794,
                      "Actual Rows": 14992,
                      "Actual Loops": 4,
                      "Inner Unique": true,
                      "Hash Cond": "(mc.movie_id = t.id)",
                      "Plans": [
                        {
                          "Node Type": "Bitmap Heap Scan",
                          "Parent Relationship": "Outer",
                          "Parallel Aware": true,
                          "Relation Name": "movie_companies",
                          "Alias": "mc",
                          "Startup Cost": 5652.69,
                          "Total Cost": 25711.56,
                          "Plan Rows": 43232,
                          "Plan Width": 4,
                          "Actual Startup Time": 37.069,
                          "Actual Total Time": 48.639,
                          "Actual Rows": 14992,
                          "Actual Loops": 4,
                          "Recheck Cond": "(company_id < 127)",
                          "Rows Removed by Index Recheck": 0,
                          "Filter": "(company_type_id = 2)",
                          "Rows Removed by Filter": 49270,
                          "Exact Heap Blocks": 6875,
                          "Lossy Heap Blocks": 0,
                          "Plans": [
                            {
                              "Node Type": "Bitmap Index Scan",
                              "Parent Relationship": "Outer",
                              "Parallel Aware": false,
                              "Index Name": "company_id_movie_companies",
                              "Startup Cost": 0.0,
                              "Total Cost": 5619.19,
                              "Plan Rows": 262234,
                              "Plan Width": 0,
                              "Actual Startup Time": 10.786,
                              "Actual Total Time": 10.787,
                              "Actual Rows": 257045,
                              "Actual Loops": 1,
                              "Index Cond": "(company_id < 127)"
                            }
                          ]
                        },
                        {
                          "Node Type": "Hash",
                          "Parent Relationship": "Inner",
                          "Parallel Aware": true,
                          "Startup Cost": 42319.06,
                          "Total Cost": 42319.06,
                          "Plan Rows": 632106,
                          "Plan Width": 4,
                          "Actual Startup Time": 385.859,
                          "Actual Total Time": 385.86,
                          "Actual Rows": 632078,
                          "Actual Loops": 4,
                          "Hash Buckets": 4194304,
                          "Original Hash Buckets": 4194304,
                          "Hash Batches": 1,
                          "Original Hash Batches": 1,
                          "Peak Memory Usage": 131712,
                          "Plans": [
                            {
                              "Node Type": "Seq Scan",
                              "Parent Relationship": "Outer",
                              "Parallel Aware": true,
                              "Relation Name": "title",
                              "Alias": "t",
                              "Startup Cost": 0.0,
                              "Total Cost": 42319.06,
                              "Plan Rows": 632106,
                              "Plan Width": 4,
                              "Actual Startup Time": 0.048,
                              "Actual Total Time": 115.474,
                              "Actual Rows": 632078,
                              "Actual Loops": 4
                            }
                          ]
                        }
                      ]
                    },
                    {
                      "Node Type": "Index Only Scan",
                      "Parent Relationship": "Inner",
                      "Parallel Aware": false,
                      "Scan Direction": "Forward",
                      "Index Name": "movie_id_movie_info",
                      "Relation Name": "movie_info",
                      "Alias": "mi",
                      "Startup Cost": 0.43,
                      "Total Cost": 1.49,
                      "Plan Rows": 41,
                      "Plan Width": 4,
                      "Actual Startup Time": 0.004,
                      "Actual Total Time": 0.012,
                      "Actual Rows": 11,
                      "Actual Loops": 59966,
                      "Index Cond": "(movie_id = t.id)",
                      "Rows Removed by Index Recheck": 0,
                      "Heap Fetches": 636215
                    }
                  ]
                }
              ]
            }
          ]
        }
      ]
    },
    "Planning Time": 0.905,
    "Triggers": [],
    "Execution Time": 745.708
  }
]