[
    {
        "Bao": {
            "Bao prediction": "NaN",
            "Bao recommended hint": "(no hint)"
        }
    },
    {
        "Plan": {
            "Node Type": "Aggregate",
            "Strategy": "Plain",
            "Partial Mode": "Finalize",
            "Parallel Aware": false,
            "Startup Cost": 30648.91,
            "Total Cost": 30648.92,
            "Plan Rows": 1,
            "Plan Width": 8,
            "Actual Startup Time": 111.172,
            "Actual Total Time": 117.519,
            "Actual Rows": 1,
            "Actual Loops": 1,
            "Output": [
                "count(*)"
            ],
            "Plans": [
                {
                    "Node Type": "Gather",
                    "Parent Relationship": "Outer",
                    "Parallel Aware": false,
                    "Startup Cost": 30648.59,
                    "Total Cost": 30648.9,
                    "Plan Rows": 3,
                    "Plan Width": 8,
                    "Actual Startup Time": 111.079,
                    "Actual Total Time": 117.511,
                    "Actual Rows": 4,
                    "Actual Loops": 1,
                    "Output": [
                        "(PARTIAL count(*))"
                    ],
                    "Workers Planned": 3,
                    "Workers Launched": 3,
                    "Single Copy": false,
                    "Plans": [
                        {
                            "Node Type": "Aggregate",
                            "Strategy": "Plain",
                            "Partial Mode": "Partial",
                            "Parent Relationship": "Outer",
                            "Parallel Aware": false,
                            "Startup Cost": 29648.59,
                            "Total Cost": 29648.6,
                            "Plan Rows": 1,
                            "Plan Width": 8,
                            "Actual Startup Time": 102.003,
                            "Actual Total Time": 102.004,
                            "Actual Rows": 1,
                            "Actual Loops": 4,
                            "Output": [
                                "PARTIAL count(*)"
                            ],
                            "Workers": [
                                {
                                    "Worker Number": 0,
                                    "Actual Startup Time": 98.998,
                                    "Actual Total Time": 98.999,
                                    "Actual Rows": 1,
                                    "Actual Loops": 1
                                },
                                {
                                    "Worker Number": 1,
                                    "Actual Startup Time": 98.838,
                                    "Actual Total Time": 98.839,
                                    "Actual Rows": 1,
                                    "Actual Loops": 1
                                },
                                {
                                    "Worker Number": 2,
                                    "Actual Startup Time": 99.795,
                                    "Actual Total Time": 99.797,
                                    "Actual Rows": 1,
                                    "Actual Loops": 1
                                }
                            ],
                            "Plans": [
                                {
                                    "Node Type": "Seq Scan",
                                    "Parent Relationship": "Outer",
                                    "Parallel Aware": true,
                                    "Relation Name": "movie_companies",
                                    "Schema": "public",
                                    "Alias": "mc",
                                    "Startup Cost": 0.0,
                                    "Total Cost": 29310.68,
                                    "Plan Rows": 135163,
                                    "Plan Width": 0,
                                    "Actual Startup Time": 58.909,
                                    "Actual Total Time": 95.564,
                                    "Actual Rows": 106385,
                                    "Actual Loops": 4,
                                    "Output": [
                                        "id",
                                        "movie_id",
                                        "company_id",
                                        "company_type_id",
                                        "note"
                                    ],
                                    "Filter": "(mc.company_id > 79657)",
                                    "Rows Removed by Filter": 545897,
                                    "Workers": [
                                        {
                                            "Worker Number": 0,
                                            "Actual Startup Time": 55.913,
                                            "Actual Total Time": 92.885,
                                            "Actual Rows": 87677,
                                            "Actual Loops": 1
                                        },
                                        {
                                            "Worker Number": 1,
                                            "Actual Startup Time": 55.746,
                                            "Actual Total Time": 92.672,
                                            "Actual Rows": 141842,
                                            "Actual Loops": 1
                                        },
                                        {
                                            "Worker Number": 2,
                                            "Actual Startup Time": 56.702,
                                            "Actual Total Time": 93.607,
                                            "Actual Rows": 87886,
                                            "Actual Loops": 1
                                        }
                                    ]
                                }
                            ]
                        }
                    ]
                }
            ]
        },
        "Planning Time": 277.97,
        "Triggers": [],
        "Execution Time": 117.606
    }
]