[
  {
    "Plan": {
      "Node Type": "Aggregate",
      "Strategy": "Plain",
      "Partial Mode": "Finalize",
      "Parallel Aware": false,
      "Startup Cost": 269210.89,
      "Total Cost": 269210.9,
      "Plan Rows": 1,
      "Plan Width": 8,
      "Actual Startup Time": 470.143,
      "Actual Total Time": 492.488,
      "Actual Rows": 1,
      "Actual Loops": 1,
      "Plans": [
        {
          "Node Type": "Gather",
          "Parent Relationship": "Outer",
          "Parallel Aware": false,
          "Startup Cost": 269210.37,
          "Total Cost": 269210.88,
          "Plan Rows": 5,
          "Plan Width": 8,
          "Actual Startup Time": 463.487,
          "Actual Total Time": 492.476,
          "Actual Rows": 6,
          "Actual Loops": 1,
          "Workers Planned": 5,
          "Workers Launched": 5,
          "Single Copy": false,
          "Plans": [
            {
              "Node Type": "Aggregate",
              "Strategy": "Plain",
              "Partial Mode": "Partial",
              "Parent Relationship": "Outer",
              "Parallel Aware": false,
              "Startup Cost": 268210.37,
              "Total Cost": 268210.38,
              "Plan Rows": 1,
              "Plan Width": 8,
              "Actual Startup Time": 452.839,
              "Actual Total Time": 452.922,
              "Actual Rows": 1,
              "Actual Loops": 6,
              "Plans": [
                {
                  "Node Type": "Hash Join",
                  "Parent Relationship": "Outer",
                  "Parallel Aware": true,
                  "Join Type": "Inner",
                  "Startup Cost": 102270.86,
                  "Total Cost": 268072.51,
                  "Plan Rows": 55144,
                  "Plan Width": 0,
                  "Actual Startup Time": 329.419,
                  "Actual Total Time": 446.474,
                  "Actual Rows": 102361,
                  "Actual Loops": 6,
                  "Inner Unique": false,
                  "Hash Cond": "(mi.movie_id = t.id)",
                  "Plans": [
                    {
                      "Node Type": "Bitmap Heap Scan",
                      "Parent Relationship": "Outer",
                      "Parallel Aware": true,
                      "Relation Name": "movie_info",
                      "Alias": "mi",
                      "Startup Cost": 20461.84,
                      "Total Cost": 185278.52,
                      "Plan Rows": 225894,
                      "Plan Width": 4,
                      "Actual Startup Time": 48.444,
                      "Actual Total Time": 115.037,
                      "Actual Rows": 180528,
                      "Actual Loops": 6,
                      "Recheck Cond": "(info_type_id > 70)",
                      "Rows Removed by Index Recheck": 0,
                      "Exact Heap Blocks": 7560,
                      "Lossy Heap Blocks": 0,
                      "Plans": [
                        {
                          "Node Type": "Bitmap Index Scan",
                          "Parent Relationship": "Outer",
                          "Parallel Aware": false,
                          "Index Name": "info_type_id_movie_info",
                          "Startup Cost": 0.0,
                          "Total Cost": 20179.48,
                          "Plan Rows": 1129472,
                          "Plan Width": 0,
                          "Actual Startup Time": 42.615,
                          "Actual Total Time": 42.615,
                          "Actual Rows": 1083166,
                          "Actual Loops": 1,
                          "Index Cond": "(info_type_id > 70)"
                        }
                      ]
                    },
                    {
                      "Node Type": "Hash",
                      "Parent Relationship": "Inner",
                      "Parallel Aware": true,
                      "Startup Cost": 79880.31,
                      "Total Cost": 79880.31,
                      "Plan Rows": 154297,
                      "Plan Width": 8,
                      "Actual Startup Time": 277.035,
                      "Actual Total Time": 277.116,
                      "Actual Rows": 66549,
                      "Actual Loops": 6,
                      "Hash Buckets": 1048576,
                      "Original Hash Buckets": 1048576,
                      "Hash Batches": 1,
                      "Original Hash Batches": 1,
                      "Peak Memory Usage": 23936,
                      "Plans": [
                        {
                          "Node Type": "Hash Join",
                          "Parent Relationship": "Outer",
                          "Parallel Aware": true,
                          "Join Type": "Inner",
                          "Startup Cost": 33903.48,
                          "Total Cost": 79880.31,
                          "Plan Rows": 154297,
                          "Plan Width": 8,
                          "Actual Startup Time": 98.316,
                          "Actual Total Time": 247.305,
                          "Actual Rows": 66549,
                          "Actual Loops": 6,
                          "Inner Unique": false,
                          "Hash Cond": "(t.id = mc.movie_id)",
                          "Plans": [
                            {
                              "Node Type": "Seq Scan",
                              "Parent Relationship": "Outer",
                              "Parallel Aware": true,
                              "Relation Name": "title",
                              "Alias": "t",
                              "Startup Cost": 0.0,
                              "Total Cost": 42318.73,
                              "Plan Rows": 632073,
                              "Plan Width": 4,
                              "Actual Startup Time": 0.011,
                              "Actual Total Time": 58.08,
                              "Actual Rows": 421385,
                              "Actual Loops": 6
                            },
                            {
                              "Node Type": "Hash",
                              "Parent Relationship": "Inner",
                              "Parallel Aware": true,
                              "Startup Cost": 31414.82,
                              "Total Cost": 31414.82,
                              "Plan Rows": 199093,
                              "Plan Width": 4,
                              "Actual Startup Time": 96.583,
                              "Actual Total Time": 96.585,
                              "Actual Rows": 66549,
                              "Actual Loops": 6,
                              "Hash Buckets": 1048576,
                              "Original Hash Buckets": 1048576,
                              "Hash Batches": 1,
                              "Original Hash Batches": 1,
                              "Peak Memory Usage": 23936,
                              "Plans": [
                                {
                                  "Node Type": "Seq Scan",
                                  "Parent Relationship": "Outer",
                                  "Parallel Aware": true,
                                  "Relation Name": "movie_companies",
                                  "Alias": "mc",
                                  "Startup Cost": 0.0,
                                  "Total Cost": 31414.82,
                                  "Plan Rows": 199093,
                                  "Plan Width": 4,
                                  "Actual Startup Time": 42.248,
                                  "Actual Total Time": 65.88,
                                  "Actual Rows": 66549,
                                  "Actual Loops": 6,
                                  "Filter": "((company_id < 11137) AND (company_type_id > 1))",
                                  "Rows Removed by Filter": 368306
                                }
                              ]
                            }
                          ]
                        }
                      ]
                    }
                  ]
                }
              ]
            }
          ]
        }
      ]
    },
    "Planning Time": 1.29,
    "Triggers": [],
    "Execution Time": 492.59
  }
]