[
  {
    "Plan": {
      "Node Type": "Aggregate",
      "Strategy": "Plain",
      "Partial Mode": "Finalize",
      "Parallel Aware": false,
      "Startup Cost": 44649.93,
      "Total Cost": 44649.94,
      "Plan Rows": 1,
      "Plan Width": 8,
      "Actual Startup Time": 139.681,
      "Actual Total Time": 149.306,
      "Actual Rows": 1,
      "Actual Loops": 1,
      "Plans": [
        {
          "Node Type": "Gather",
          "Parent Relationship": "Outer",
          "Parallel Aware": false,
          "Startup Cost": 44649.62,
          "Total Cost": 44649.93,
          "Plan Rows": 3,
          "Plan Width": 8,
          "Actual Startup Time": 139.569,
          "Actual Total Time": 149.296,
          "Actual Rows": 4,
          "Actual Loops": 1,
          "Workers Planned": 3,
          "Workers Launched": 3,
          "Single Copy": false,
          "Plans": [
            {
              "Node Type": "Aggregate",
              "Strategy": "Plain",
              "Partial Mode": "Partial",
              "Parent Relationship": "Outer",
              "Parallel Aware": false,
              "Startup Cost": 43649.62,
              "Total Cost": 43649.63,
              "Plan Rows": 1,
              "Plan Width": 8,
              "Actual Startup Time": 131.008,
              "Actual Total Time": 131.009,
              "Actual Rows": 1,
              "Actual Loops": 4,
              "Plans": [
                {
                  "Node Type": "Seq Scan",
                  "Parent Relationship": "Outer",
                  "Parallel Aware": true,
                  "Relation Name": "movie_keyword",
                  "Alias": "mk",
                  "Startup Cost": 0.0,
                  "Total Cost": 42695.65,
                  "Plan Rows": 381585,
                  "Plan Width": 0,
                  "Actual Startup Time": 2.947,
                  "Actual Total Time": 114.665,
                  "Actual Rows": 296846,
                  "Actual Loops": 4,
                  "Filter": "(keyword_id > 15619)",
                  "Rows Removed by Filter": 834137
                }
              ]
            }
          ]
        }
      ]
    },
    "Planning Time": 0.161,
    "Triggers": [],
    "Execution Time": 149.365
  }
]