[
  {
    "Plan": {
      "Node Type": "Aggregate",
      "Strategy": "Plain",
      "Partial Mode": "Finalize",
      "Parallel Aware": false,
      "Startup Cost": 64332.54,
      "Total Cost": 64332.55,
      "Plan Rows": 1,
      "Plan Width": 8,
      "Actual Startup Time": 281.377,
      "Actual Total Time": 293.78,
      "Actual Rows": 1,
      "Actual Loops": 1,
      "Plans": [
        {
          "Node Type": "Gather",
          "Parent Relationship": "Outer",
          "Parallel Aware": false,
          "Startup Cost": 64332.32,
          "Total Cost": 64332.53,
          "Plan Rows": 2,
          "Plan Width": 8,
          "Actual Startup Time": 279.092,
          "Actual Total Time": 293.759,
          "Actual Rows": 3,
          "Actual Loops": 1,
          "Workers Planned": 2,
          "Workers Launched": 2,
          "Single Copy": false,
          "Plans": [
            {
              "Node Type": "Aggregate",
              "Strategy": "Plain",
              "Partial Mode": "Partial",
              "Parent Relationship": "Outer",
              "Parallel Aware": false,
              "Startup Cost": 63332.32,
              "Total Cost": 63332.33,
              "Plan Rows": 1,
              "Plan Width": 8,
              "Actual Startup Time": 271.488,
              "Actual Total Time": 271.491,
              "Actual Rows": 1,
              "Actual Loops": 3,
              "Plans": [
                {
                  "Node Type": "Hash Join",
                  "Parent Relationship": "Outer",
                  "Parallel Aware": true,
                  "Join Type": "Inner",
                  "Startup Cost": 47010.62,
                  "Total Cost": 63145.47,
                  "Plan Rows": 74742,
                  "Plan Width": 0,
                  "Actual Startup Time": 175.344,
                  "Actual Total Time": 270.074,
                  "Actual Rows": 32786,
                  "Actual Loops": 3,
                  "Inner Unique": true,
                  "Hash Cond": "(mi_idx.movie_id = t.id)",
                  "Plans": [
                    {
                      "Node Type": "Seq Scan",
                      "Parent Relationship": "Outer",
                      "Parallel Aware": true,
                      "Relation Name": "movie_info_idx",
                      "Alias": "mi_idx",
                      "Startup Cost": 0.0,
                      "Total Cost": 15122.68,
                      "Plan Rows": 385585,
                      "Plan Width": 4,
                      "Actual Startup Time": 0.031,
                      "Actual Total Time": 43.505,
                      "Actual Rows": 306703,
                      "Actual Loops": 3,
                      "Filter": "(info_type_id > 99)",
                      "Rows Removed by Filter": 153308
                    },
                    {
                      "Node Type": "Hash",
                      "Parent Relationship": "Inner",
                      "Parallel Aware": true,
                      "Startup Cost": 45479.1,
                      "Total Cost": 45479.1,
                      "Plan Rows": 122522,
                      "Plan Width": 4,
                      "Actual Startup Time": 170.971,
                      "Actual Total Time": 170.972,
                      "Actual Rows": 167260,
                      "Actual Loops": 3,
                      "Hash Buckets": 524288,
                      "Original Hash Buckets": 524288,
                      "Hash Batches": 1,
                      "Original Hash Batches": 1,
                      "Peak Memory Usage": 23744,
                      "Plans": [
                        {
                          "Node Type": "Seq Scan",
                          "Parent Relationship": "Outer",
                          "Parallel Aware": true,
                          "Relation Name": "title",
                          "Alias": "t",
                          "Startup Cost": 0.0,
                          "Total Cost": 45479.1,
                          "Plan Rows": 122522,
                          "Plan Width": 4,
                          "Actual Startup Time": 0.041,
                          "Actual Total Time": 118.32,
                          "Actual Rows": 167260,
                          "Actual Loops": 3,
                          "Filter": "((kind_id > 1) AND (production_year > 2008))",
                          "Rows Removed by Filter": 675511
                        }
                      ]
                    }
                  ]
                }
              ]
            }
          ]
        }
      ]
    },
    "Planning Time": 0.553,
    "Triggers": [],
    "Execution Time": 293.847
  }
]