[
  {
    "Plan": {
      "Node Type": "Aggregate",
      "Strategy": "Plain",
      "Partial Mode": "Finalize",
      "Parallel Aware": false,
      "Startup Cost": 89163.3,
      "Total Cost": 89163.31,
      "Plan Rows": 1,
      "Plan Width": 8,
      "Actual Startup Time": 198.615,
      "Actual Total Time": 216.561,
      "Actual Rows": 1,
      "Actual Loops": 1,
      "Plans": [
        {
          "Node Type": "Gather",
          "Parent Relationship": "Outer",
          "Parallel Aware": false,
          "Startup Cost": 89162.98,
          "Total Cost": 89163.29,
          "Plan Rows": 3,
          "Plan Width": 8,
          "Actual Startup Time": 198.04,
          "Actual Total Time": 216.551,
          "Actual Rows": 4,
          "Actual Loops": 1,
          "Workers Planned": 3,
          "Workers Launched": 3,
          "Single Copy": false,
          "Plans": [
            {
              "Node Type": "Aggregate",
              "Strategy": "Plain",
              "Partial Mode": "Partial",
              "Parent Relationship": "Outer",
              "Parallel Aware": false,
              "Startup Cost": 88162.98,
              "Total Cost": 88162.99,
              "Plan Rows": 1,
              "Plan Width": 8,
              "Actual Startup Time": 187.317,
              "Actual Total Time": 187.321,
              "Actual Rows": 1,
              "Actual Loops": 4,
              "Plans": [
                {
                  "Node Type": "Nested Loop",
                  "Parent Relationship": "Outer",
                  "Parallel Aware": false,
                  "Join Type": "Inner",
                  "Startup Cost": 45756.42,
                  "Total Cost": 88141.54,
                  "Plan Rows": 8579,
                  "Plan Width": 0,
                  "Actual Startup Time": 144.136,
                  "Actual Total Time": 187.158,
                  "Actual Rows": 3491,
                  "Actual Loops": 4,
                  "Inner Unique": false,
                  "Join Filter": "(t.id = mk.movie_id)",
                  "Rows Removed by Join Filter": 0,
                  "Plans": [
                    {
                      "Node Type": "Hash Join",
                      "Parent Relationship": "Outer",
                      "Parallel Aware": true,
                      "Join Type": "Inner",
                      "Startup Cost": 45755.99,
                      "Total Cost": 77529.95,
                      "Plan Rows": 4795,
                      "Plan Width": 8,
                      "Actual Startup Time": 143.426,
                      "Actual Total Time": 181.562,
                      "Actual Rows": 1569,
                      "Actual Loops": 4,
                      "Inner Unique": true,
                      "Hash Cond": "(mc.movie_id = t.id)",
                      "Plans": [
                        {
                          "Node Type": "Seq Scan",
                          "Parent Relationship": "Outer",
                          "Parallel Aware": true,
                          "Relation Name": "movie_companies",
                          "Alias": "mc",
                          "Startup Cost": 0.0,
                          "Total Cost": 31414.82,
                          "Plan Rows": 136817,
                          "Plan Width": 4,
                          "Actual Startup Time": 30.224,
                          "Actual Total Time": 58.156,
                          "Actual Rows": 60784,
                          "Actual Loops": 4,
                          "Filter": "((company_id < 2057) AND (company_type_id = 2))",
                          "Rows Removed by Filter": 591498
                        },
                        {
                          "Node Type": "Hash",
                          "Parent Relationship": "Inner",
                          "Parallel Aware": true,
                          "Startup Cost": 45479.1,
                          "Total Cost": 45479.1,
                          "Plan Rows": 22151,
                          "Plan Width": 4,
                          "Actual Startup Time": 111.334,
                          "Actual Total Time": 111.335,
                          "Actual Rows": 23267,
                          "Actual Loops": 4,
                          "Hash Buckets": 131072,
                          "Original Hash Buckets": 131072,
                          "Hash Batches": 1,
                          "Original Hash Batches": 1,
                          "Peak Memory Usage": 4704,
                          "Plans": [
                            {
                              "Node Type": "Seq Scan",
                              "Parent Relationship": "Outer",
                              "Parallel Aware": true,
                              "Relation Name": "title",
                              "Alias": "t",
                              "Startup Cost": 0.0,
                              "Total Cost": 45479.1,
                              "Plan Rows": 22151,
                              "Plan Width": 4,
                              "Actual Startup Time": 0.05,
                              "Actual Total Time": 101.077,
                              "Actual Rows": 23267,
                              "Actual Loops": 4,
                              "Filter": "((kind_id > 4) AND (production_year = 2010))",
                              "Rows Removed by Filter": 608811
                            }
                          ]
                        }
                      ]
                    },
                    {
                      "Node Type": "Index Only Scan",
                      "Parent Relationship": "Inner",
                      "Parallel Aware": false,
                      "Scan Direction": "Forward",
                      "Index Name": "movie_id_movie_keyword",
                      "Relation Name": "movie_keyword",
                      "Alias": "mk",
                      "Startup Cost": 0.43,
                      "Total Cost": 1.65,
                      "Plan Rows": 45,
                      "Plan Width": 4,
                      "Actual Startup Time": 0.003,
                      "Actual Total Time": 0.003,
                      "Actual Rows": 2,
                      "Actual Loops": 6277,
                      "Index Cond": "(movie_id = mc.movie_id)",
                      "Rows Removed by Index Recheck": 0,
                      "Heap Fetches": 13963
                    }
                  ]
                }
              ]
            }
          ]
        }
      ]
    },
    "Planning Time": 1.64,
    "Triggers": [],
    "Execution Time": 216.67
  }
]