[
  {
    "Plan": {
      "Node Type": "Aggregate",
      "Strategy": "Plain",
      "Partial Mode": "Finalize",
      "Parallel Aware": false,
      "Startup Cost": 397357.73,
      "Total Cost": 397357.74,
      "Plan Rows": 1,
      "Plan Width": 8,
      "Actual Startup Time": 1484.337,
      "Actual Total Time": 1538.194,
      "Actual Rows": 1,
      "Actual Loops": 1,
      "Plans": [
        {
          "Node Type": "Gather",
          "Parent Relationship": "Outer",
          "Parallel Aware": false,
          "Startup Cost": 397357.1,
          "Total Cost": 397357.71,
          "Plan Rows": 6,
          "Plan Width": 8,
          "Actual Startup Time": 1479.885,
          "Actual Total Time": 1538.182,
          "Actual Rows": 7,
          "Actual Loops": 1,
          "Workers Planned": 6,
          "Workers Launched": 6,
          "Single Copy": false,
          "Plans": [
            {
              "Node Type": "Aggregate",
              "Strategy": "Plain",
              "Partial Mode": "Partial",
              "Parent Relationship": "Outer",
              "Parallel Aware": false,
              "Startup Cost": 396357.1,
              "Total Cost": 396357.11,
              "Plan Rows": 1,
              "Plan Width": 8,
              "Actual Startup Time": 1471.166,
              "Actual Total Time": 1471.171,
              "Actual Rows": 1,
              "Actual Loops": 7,
              "Plans": [
                {
                  "Node Type": "Hash Join",
                  "Parent Relationship": "Outer",
                  "Parallel Aware": true,
                  "Join Type": "Inner",
                  "Startup Cost": 44904.68,
                  "Total Cost": 395477.72,
                  "Plan Rows": 351751,
                  "Plan Width": 0,
                  "Actual Startup Time": 105.874,
                  "Actual Total Time": 1451.138,
                  "Actual Rows": 331425,
                  "Actual Loops": 7,
                  "Inner Unique": true,
                  "Hash Cond": "(ci.movie_id = t.id)",
                  "Plans": [
                    {
                      "Node Type": "Seq Scan",
                      "Parent Relationship": "Outer",
                      "Parallel Aware": true,
                      "Relation Name": "cast_info",
                      "Alias": "ci",
                      "Startup Cost": 0.0,
                      "Total Cost": 343316.27,
                      "Plan Rows": 2764479,
                      "Plan Width": 4,
                      "Actual Startup Time": 0.041,
                      "Actual Total Time": 819.416,
                      "Actual Rows": 2745426,
                      "Actual Loops": 7,
                      "Filter": "((person_id < 2140281) AND (role_id < 8))",
                      "Rows Removed by Filter": 2432337
                    },
                    {
                      "Node Type": "Hash",
                      "Parent Relationship": "Inner",
                      "Parallel Aware": true,
                      "Startup Cost": 43899.32,
                      "Total Cost": 43899.32,
                      "Plan Rows": 80429,
                      "Plan Width": 4,
                      "Actual Startup Time": 104.076,
                      "Actual Total Time": 104.077,
                      "Actual Rows": 48264,
                      "Actual Loops": 7,
                      "Hash Buckets": 524288,
                      "Original Hash Buckets": 524288,
                      "Hash Batches": 1,
                      "Original Hash Batches": 1,
                      "Peak Memory Usage": 17408,
                      "Plans": [
                        {
                          "Node Type": "Seq Scan",
                          "Parent Relationship": "Outer",
                          "Parallel Aware": true,
                          "Relation Name": "title",
                          "Alias": "t",
                          "Startup Cost": 0.0,
                          "Total Cost": 43899.32,
                          "Plan Rows": 80429,
                          "Plan Width": 4,
                          "Actual Startup Time": 0.055,
                          "Actual Total Time": 79.461,
                          "Actual Rows": 48264,
                          "Actual Loops": 7,
                          "Filter": "(production_year < 1968)",
                          "Rows Removed by Filter": 312924
                        }
                      ]
                    }
                  ]
                }
              ]
            }
          ]
        }
      ]
    },
    "Planning Time": 0.233,
    "Triggers": [],
    "Execution Time": 1538.251
  }
]