[
  {
    "Plan": {
      "Node Type": "Aggregate",
      "Strategy": "Plain",
      "Partial Mode": "Finalize",
      "Parallel Aware": false,
      "Startup Cost": 64113.9,
      "Total Cost": 64113.91,
      "Plan Rows": 1,
      "Plan Width": 8,
      "Actual Startup Time": 69.956,
      "Actual Total Time": 80.77,
      "Actual Rows": 1,
      "Actual Loops": 1,
      "Plans": [
        {
          "Node Type": "Gather",
          "Parent Relationship": "Outer",
          "Parallel Aware": false,
          "Startup Cost": 64113.58,
          "Total Cost": 64113.89,
          "Plan Rows": 3,
          "Plan Width": 8,
          "Actual Startup Time": 69.753,
          "Actual Total Time": 80.763,
          "Actual Rows": 4,
          "Actual Loops": 1,
          "Workers Planned": 3,
          "Workers Launched": 3,
          "Single Copy": false,
          "Plans": [
            {
              "Node Type": "Aggregate",
              "Strategy": "Plain",
              "Partial Mode": "Partial",
              "Parent Relationship": "Outer",
              "Parallel Aware": false,
              "Startup Cost": 63113.58,
              "Total Cost": 63113.59,
              "Plan Rows": 1,
              "Plan Width": 8,
              "Actual Startup Time": 60.753,
              "Actual Total Time": 60.755,
              "Actual Rows": 1,
              "Actual Loops": 4,
              "Plans": [
                {
                  "Node Type": "Nested Loop",
                  "Parent Relationship": "Outer",
                  "Parallel Aware": false,
                  "Join Type": "Inner",
                  "Startup Cost": 491.27,
                  "Total Cost": 63110.56,
                  "Plan Rows": 1210,
                  "Plan Width": 0,
                  "Actual Startup Time": 7.366,
                  "Actual Total Time": 60.7,
                  "Actual Rows": 235,
                  "Actual Loops": 4,
                  "Inner Unique": true,
                  "Plans": [
                    {
                      "Node Type": "Bitmap Heap Scan",
                      "Parent Relationship": "Outer",
                      "Parallel Aware": true,
                      "Relation Name": "movie_keyword",
                      "Alias": "mk",
                      "Startup Cost": 490.84,
                      "Total Cost": 25625.53,
                      "Plan Rows": 7426,
                      "Plan Width": 4,
                      "Actual Startup Time": 4.616,
                      "Actual Total Time": 14.909,
                      "Actual Rows": 5620,
                      "Actual Loops": 4,
                      "Recheck Cond": "(keyword_id < 5)",
                      "Rows Removed by Index Recheck": 0,
                      "Exact Heap Blocks": 3987,
                      "Lossy Heap Blocks": 0,
                      "Plans": [
                        {
                          "Node Type": "Bitmap Index Scan",
                          "Parent Relationship": "Outer",
                          "Parallel Aware": false,
                          "Index Name": "keyword_id_movie_keyword",
                          "Startup Cost": 0.0,
                          "Total Cost": 485.08,
                          "Plan Rows": 23020,
                          "Plan Width": 0,
                          "Actual Startup Time": 9.281,
                          "Actual Total Time": 9.282,
                          "Actual Rows": 22479,
                          "Actual Loops": 1,
                          "Index Cond": "(keyword_id < 5)"
                        }
                      ]
                    },
                    {
                      "Node Type": "Index Scan",
                      "Parent Relationship": "Inner",
                      "Parallel Aware": false,
                      "Scan Direction": "Forward",
                      "Index Name": "title_pkey",
                      "Relation Name": "title",
                      "Alias": "t",
                      "Startup Cost": 0.43,
                      "Total Cost": 5.05,
                      "Plan Rows": 1,
                      "Plan Width": 4,
                      "Actual Startup Time": 0.008,
                      "Actual Total Time": 0.008,
                      "Actual Rows": 0,
                      "Actual Loops": 22479,
                      "Index Cond": "(id = mk.movie_id)",
                      "Rows Removed by Index Recheck": 0,
                      "Filter": "((production_year < 1990) AND (kind_id = 7))",
                      "Rows Removed by Filter": 1
                    }
                  ]
                }
              ]
            }
          ]
        }
      ]
    },
    "Planning Time": 0.632,
    "Triggers": [],
    "Execution Time": 80.857
  }
]