[
    {
        "Bao": {
            "Bao prediction": "NaN",
            "Bao recommended hint": "(no hint)"
        }
    },
    {
        "Plan": {
            "Node Type": "Aggregate",
            "Strategy": "Plain",
            "Partial Mode": "Finalize",
            "Parallel Aware": false,
            "Startup Cost": 326922.01,
            "Total Cost": 326922.02,
            "Plan Rows": 1,
            "Plan Width": 8,
            "Actual Startup Time": 258.782,
            "Actual Total Time": 265.338,
            "Actual Rows": 1,
            "Actual Loops": 1,
            "Output": [
                "count(*)"
            ],
            "Plans": [
                {
                    "Node Type": "Gather",
                    "Parent Relationship": "Outer",
                    "Parallel Aware": false,
                    "Startup Cost": 326921.39,
                    "Total Cost": 326922.0,
                    "Plan Rows": 6,
                    "Plan Width": 8,
                    "Actual Startup Time": 257.818,
                    "Actual Total Time": 265.327,
                    "Actual Rows": 7,
                    "Actual Loops": 1,
                    "Output": [
                        "(PARTIAL count(*))"
                    ],
                    "Workers Planned": 6,
                    "Workers Launched": 6,
                    "Single Copy": false,
                    "Plans": [
                        {
                            "Node Type": "Aggregate",
                            "Strategy": "Plain",
                            "Partial Mode": "Partial",
                            "Parent Relationship": "Outer",
                            "Parallel Aware": false,
                            "Startup Cost": 325921.39,
                            "Total Cost": 325921.4,
                            "Plan Rows": 1,
                            "Plan Width": 8,
                            "Actual Startup Time": 247.338,
                            "Actual Total Time": 247.339,
                            "Actual Rows": 1,
                            "Actual Loops": 7,
                            "Output": [
                                "PARTIAL count(*)"
                            ],
                            "Workers": [
                                {
                                    "Worker Number": 0,
                                    "Actual Startup Time": 244.922,
                                    "Actual Total Time": 244.923,
                                    "Actual Rows": 1,
                                    "Actual Loops": 1
                                },
                                {
                                    "Worker Number": 1,
                                    "Actual Startup Time": 244.919,
                                    "Actual Total Time": 244.92,
                                    "Actual Rows": 1,
                                    "Actual Loops": 1
                                },
                                {
                                    "Worker Number": 2,
                                    "Actual Startup Time": 245.742,
                                    "Actual Total Time": 245.743,
                                    "Actual Rows": 1,
                                    "Actual Loops": 1
                                },
                                {
                                    "Worker Number": 3,
                                    "Actual Startup Time": 246.044,
                                    "Actual Total Time": 246.045,
                                    "Actual Rows": 1,
                                    "Actual Loops": 1
                                },
                                {
                                    "Worker Number": 4,
                                    "Actual Startup Time": 246.138,
                                    "Actual Total Time": 246.139,
                                    "Actual Rows": 1,
                                    "Actual Loops": 1
                                },
                                {
                                    "Worker Number": 5,
                                    "Actual Startup Time": 246.52,
                                    "Actual Total Time": 246.521,
                                    "Actual Rows": 1,
                                    "Actual Loops": 1
                                }
                            ],
                            "Plans": [
                                {
                                    "Node Type": "Bitmap Heap Scan",
                                    "Parent Relationship": "Outer",
                                    "Parallel Aware": true,
                                    "Relation Name": "cast_info",
                                    "Schema": "public",
                                    "Alias": "ci",
                                    "Startup Cost": 65785.16,
                                    "Total Cost": 324679.85,
                                    "Plan Rows": 496615,
                                    "Plan Width": 0,
                                    "Actual Startup Time": 125.651,
                                    "Actual Total Time": 223.388,
                                    "Actual Rows": 433193,
                                    "Actual Loops": 7,
                                    "Recheck Cond": "(ci.person_id < 294384)",
                                    "Rows Removed by Index Recheck": 0,
                                    "Exact Heap Blocks": 7180,
                                    "Lossy Heap Blocks": 0,
                                    "Workers": [
                                        {
                                            "Worker Number": 0,
                                            "Actual Startup Time": 123.099,
                                            "Actual Total Time": 221.243,
                                            "Actual Rows": 308573,
                                            "Actual Loops": 1
                                        },
                                        {
                                            "Worker Number": 1,
                                            "Actual Startup Time": 123.725,
                                            "Actual Total Time": 220.977,
                                            "Actual Rows": 295770,
                                            "Actual Loops": 1
                                        },
                                        {
                                            "Worker Number": 2,
                                            "Actual Startup Time": 123.928,
                                            "Actual Total Time": 222.187,
                                            "Actual Rows": 438463,
                                            "Actual Loops": 1
                                        },
                                        {
                                            "Worker Number": 3,
                                            "Actual Startup Time": 124.638,
                                            "Actual Total Time": 222.893,
                                            "Actual Rows": 424733,
                                            "Actual Loops": 1
                                        },
                                        {
                                            "Worker Number": 4,
                                            "Actual Startup Time": 124.665,
                                            "Actual Total Time": 222.937,
                                            "Actual Rows": 429888,
                                            "Actual Loops": 1
                                        },
                                        {
                                            "Worker Number": 5,
                                            "Actual Startup Time": 124.654,
                                            "Actual Total Time": 223.072,
                                            "Actual Rows": 434434,
                                            "Actual Loops": 1
                                        }
                                    ],
                                    "Plans": [
                                        {
                                            "Node Type": "Bitmap Index Scan",
                                            "Parent Relationship": "Outer",
                                            "Parallel Aware": false,
                                            "Index Name": "person_id_cast_info",
                                            "Startup Cost": 0.0,
                                            "Total Cost": 65040.24,
                                            "Plan Rows": 2979690,
                                            "Plan Width": 0,
                                            "Actual Startup Time": 129.801,
                                            "Actual Total Time": 129.802,
                                            "Actual Rows": 3032352,
                                            "Actual Loops": 1,
                                            "Index Cond": "(ci.person_id < 294384)"
                                        }
                                    ]
                                }
                            ]
                        }
                    ]
                }
            ]
        },
        "Planning Time": 218.981,
        "Triggers": [],
        "Execution Time": 265.438
    }
]