[
  {
    "Plan": {
      "Node Type": "Aggregate",
      "Strategy": "Plain",
      "Partial Mode": "Finalize",
      "Parallel Aware": false,
      "Startup Cost": 46246.68,
      "Total Cost": 46246.69,
      "Plan Rows": 1,
      "Plan Width": 8,
      "Actual Startup Time": 158.385,
      "Actual Total Time": 168.003,
      "Actual Rows": 1,
      "Actual Loops": 1,
      "Plans": [
        {
          "Node Type": "Gather",
          "Parent Relationship": "Outer",
          "Parallel Aware": false,
          "Startup Cost": 46246.36,
          "Total Cost": 46246.67,
          "Plan Rows": 3,
          "Plan Width": 8,
          "Actual Startup Time": 158.283,
          "Actual Total Time": 167.995,
          "Actual Rows": 4,
          "Actual Loops": 1,
          "Workers Planned": 3,
          "Workers Launched": 3,
          "Single Copy": false,
          "Plans": [
            {
              "Node Type": "Aggregate",
              "Strategy": "Plain",
              "Partial Mode": "Partial",
              "Parent Relationship": "Outer",
              "Parallel Aware": false,
              "Startup Cost": 45246.36,
              "Total Cost": 45246.37,
              "Plan Rows": 1,
              "Plan Width": 8,
              "Actual Startup Time": 149.865,
              "Actual Total Time": 149.866,
              "Actual Rows": 1,
              "Actual Loops": 4,
              "Plans": [
                {
                  "Node Type": "Seq Scan",
                  "Parent Relationship": "Outer",
                  "Parallel Aware": true,
                  "Relation Name": "movie_keyword",
                  "Alias": "mk",
                  "Startup Cost": 0.0,
                  "Total Cost": 42695.65,
                  "Plan Rows": 1020283,
                  "Plan Width": 0,
                  "Actual Startup Time": 0.138,
                  "Actual Total Time": 116.964,
                  "Actual Rows": 787276,
                  "Actual Loops": 4,
                  "Filter": "(keyword_id > 1809)",
                  "Rows Removed by Filter": 343706
                }
              ]
            }
          ]
        }
      ]
    },
    "Planning Time": 0.055,
    "Triggers": [],
    "Execution Time": 168.028
  }
]