[
  {
    "Plan": {
      "Node Type": "Aggregate",
      "Strategy": "Plain",
      "Partial Mode": "Finalize",
      "Parallel Aware": false,
      "Startup Cost": 32642.44,
      "Total Cost": 32642.45,
      "Plan Rows": 1,
      "Plan Width": 8,
      "Actual Startup Time": 61.506,
      "Actual Total Time": 69.834,
      "Actual Rows": 1,
      "Actual Loops": 1,
      "Plans": [
        {
          "Node Type": "Gather",
          "Parent Relationship": "Outer",
          "Parallel Aware": false,
          "Startup Cost": 32642.12,
          "Total Cost": 32642.43,
          "Plan Rows": 3,
          "Plan Width": 8,
          "Actual Startup Time": 61.433,
          "Actual Total Time": 69.829,
          "Actual Rows": 4,
          "Actual Loops": 1,
          "Workers Planned": 3,
          "Workers Launched": 3,
          "Single Copy": false,
          "Plans": [
            {
              "Node Type": "Aggregate",
              "Strategy": "Plain",
              "Partial Mode": "Partial",
              "Parent Relationship": "Outer",
              "Parallel Aware": false,
              "Startup Cost": 31642.12,
              "Total Cost": 31642.13,
              "Plan Rows": 1,
              "Plan Width": 8,
              "Actual Startup Time": 58.484,
              "Actual Total Time": 58.485,
              "Actual Rows": 1,
              "Actual Loops": 4,
              "Plans": [
                {
                  "Node Type": "Seq Scan",
                  "Parent Relationship": "Outer",
                  "Parallel Aware": true,
                  "Relation Name": "movie_companies",
                  "Alias": "mc",
                  "Startup Cost": 0.0,
                  "Total Cost": 31414.82,
                  "Plan Rows": 90921,
                  "Plan Width": 0,
                  "Actual Startup Time": 30.839,
                  "Actual Total Time": 56.883,
                  "Actual Rows": 35581,
                  "Actual Loops": 4,
                  "Filter": "((company_id < 554) AND (company_type_id = 2))",
                  "Rows Removed by Filter": 616702
                }
              ]
            }
          ]
        }
      ]
    },
    "Planning Time": 0.089,
    "Triggers": [],
    "Execution Time": 69.859
  }
]