[
  {
    "Plan": {
      "Node Type": "Aggregate",
      "Strategy": "Plain",
      "Partial Mode": "Finalize",
      "Parallel Aware": false,
      "Startup Cost": 26513.37,
      "Total Cost": 26513.38,
      "Plan Rows": 1,
      "Plan Width": 8,
      "Actual Startup Time": 44.449,
      "Actual Total Time": 52.409,
      "Actual Rows": 1,
      "Actual Loops": 1,
      "Plans": [
        {
          "Node Type": "Gather",
          "Parent Relationship": "Outer",
          "Parallel Aware": false,
          "Startup Cost": 26513.15,
          "Total Cost": 26513.36,
          "Plan Rows": 2,
          "Plan Width": 8,
          "Actual Startup Time": 44.24,
          "Actual Total Time": 52.404,
          "Actual Rows": 3,
          "Actual Loops": 1,
          "Workers Planned": 2,
          "Workers Launched": 2,
          "Single Copy": false,
          "Plans": [
            {
              "Node Type": "Aggregate",
              "Strategy": "Plain",
              "Partial Mode": "Partial",
              "Parent Relationship": "Outer",
              "Parallel Aware": false,
              "Startup Cost": 25513.15,
              "Total Cost": 25513.16,
              "Plan Rows": 1,
              "Plan Width": 8,
              "Actual Startup Time": 38.537,
              "Actual Total Time": 38.538,
              "Actual Rows": 1,
              "Actual Loops": 3,
              "Plans": [
                {
                  "Node Type": "Nested Loop",
                  "Parent Relationship": "Outer",
                  "Parallel Aware": false,
                  "Join Type": "Inner",
                  "Startup Cost": 92.98,
                  "Total Cost": 25510.97,
                  "Plan Rows": 872,
                  "Plan Width": 0,
                  "Actual Startup Time": 1.153,
                  "Actual Total Time": 38.35,
                  "Actual Rows": 1142,
                  "Actual Loops": 3,
                  "Inner Unique": false,
                  "Plans": [
                    {
                      "Node Type": "Nested Loop",
                      "Parent Relationship": "Outer",
                      "Parallel Aware": false,
                      "Join Type": "Inner",
                      "Startup Cost": 92.54,
                      "Total Cost": 22723.14,
                      "Plan Rows": 1703,
                      "Plan Width": 8,
                      "Actual Startup Time": 1.008,
                      "Actual Total Time": 12.873,
                      "Actual Rows": 1265,
                      "Actual Loops": 3,
                      "Inner Unique": true,
                      "Plans": [
                        {
                          "Node Type": "Bitmap Heap Scan",
                          "Parent Relationship": "Outer",
                          "Parallel Aware": true,
                          "Relation Name": "movie_companies",
                          "Alias": "mc",
                          "Startup Cost": 92.11,
                          "Total Cost": 9961.73,
                          "Plan Rows": 1703,
                          "Plan Width": 4,
                          "Actual Startup Time": 0.851,
                          "Actual Total Time": 3.725,
                          "Actual Rows": 1265,
                          "Actual Loops": 3,
                          "Recheck Cond": "(company_id = 11244)",
                          "Rows Removed by Index Recheck": 0,
                          "Exact Heap Blocks": 1145,
                          "Lossy Heap Blocks": 0,
                          "Plans": [
                            {
                              "Node Type": "Bitmap Index Scan",
                              "Parent Relationship": "Outer",
                              "Parallel Aware": false,
                              "Index Name": "company_id_movie_companies",
                              "Startup Cost": 0.0,
                              "Total Cost": 91.09,
                              "Plan Rows": 4088,
                              "Plan Width": 0,
                              "Actual Startup Time": 2.036,
                              "Actual Total Time": 2.036,
                              "Actual Rows": 3796,
                              "Actual Loops": 1,
                              "Index Cond": "(company_id = 11244)"
                            }
                          ]
                        },
                        {
                          "Node Type": "Index Only Scan",
                          "Parent Relationship": "Inner",
                          "Parallel Aware": false,
                          "Scan Direction": "Forward",
                          "Index Name": "title_pkey",
                          "Relation Name": "title",
                          "Alias": "t",
                          "Startup Cost": 0.43,
                          "Total Cost": 7.49,
                          "Plan Rows": 1,
                          "Plan Width": 4,
                          "Actual Startup Time": 0.007,
                          "Actual Total Time": 0.007,
                          "Actual Rows": 1,
                          "Actual Loops": 3796,
                          "Index Cond": "(id = mc.movie_id)",
                          "Rows Removed by Index Recheck": 0,
                          "Heap Fetches": 3796
                        }
                      ]
                    },
                    {
                      "Node Type": "Index Scan",
                      "Parent Relationship": "Inner",
                      "Parallel Aware": false,
                      "Scan Direction": "Forward",
                      "Index Name": "movie_id_movie_info",
                      "Relation Name": "movie_info",
                      "Alias": "mi",
                      "Startup Cost": 0.43,
                      "Total Cost": 1.6,
                      "Plan Rows": 4,
                      "Plan Width": 4,
                      "Actual Startup Time": 0.008,
                      "Actual Total Time": 0.02,
                      "Actual Rows": 1,
                      "Actual Loops": 3796,
                      "Index Cond": "(movie_id = t.id)",
                      "Rows Removed by Index Recheck": 0,
                      "Filter": "(info_type_id = 4)",
                      "Rows Removed by Filter": 13
                    }
                  ]
                }
              ]
            }
          ]
        }
      ]
    },
    "Planning Time": 0.786,
    "Triggers": [],
    "Execution Time": 52.458
  }
]