[
  {
    "Plan": {
      "Node Type": "Aggregate",
      "Strategy": "Plain",
      "Partial Mode": "Finalize",
      "Parallel Aware": false,
      "Startup Cost": 382615.32,
      "Total Cost": 382615.33,
      "Plan Rows": 1,
      "Plan Width": 8,
      "Actual Startup Time": 7403.999,
      "Actual Total Time": 7491.399,
      "Actual Rows": 1,
      "Actual Loops": 1,
      "Plans": [
        {
          "Node Type": "Gather",
          "Parent Relationship": "Outer",
          "Parallel Aware": false,
          "Startup Cost": 382614.69,
          "Total Cost": 382615.3,
          "Plan Rows": 6,
          "Plan Width": 8,
          "Actual Startup Time": 7397.807,
          "Actual Total Time": 7491.386,
          "Actual Rows": 7,
          "Actual Loops": 1,
          "Workers Planned": 6,
          "Workers Launched": 6,
          "Single Copy": false,
          "Plans": [
            {
              "Node Type": "Aggregate",
              "Strategy": "Plain",
              "Partial Mode": "Partial",
              "Parent Relationship": "Outer",
              "Parallel Aware": false,
              "Startup Cost": 381614.69,
              "Total Cost": 381614.7,
              "Plan Rows": 1,
              "Plan Width": 8,
              "Actual Startup Time": 7387.383,
              "Actual Total Time": 7387.385,
              "Actual Rows": 1,
              "Actual Loops": 7,
              "Plans": [
                {
                  "Node Type": "Nested Loop",
                  "Parent Relationship": "Outer",
                  "Parallel Aware": false,
                  "Join Type": "Inner",
                  "Startup Cost": 81513.51,
                  "Total Cost": 378792.35,
                  "Plan Rows": 1128938,
                  "Plan Width": 0,
                  "Actual Startup Time": 349.262,
                  "Actual Total Time": 6845.491,
                  "Actual Rows": 11480907,
                  "Actual Loops": 7,
                  "Inner Unique": false,
                  "Join Filter": "(t.id = ci.movie_id)",
                  "Rows Removed by Join Filter": 0,
                  "Plans": [
                    {
                      "Node Type": "Merge Join",
                      "Parent Relationship": "Outer",
                      "Parallel Aware": false,
                      "Join Type": "Inner",
                      "Startup Cost": 81512.95,
                      "Total Cost": 224979.65,
                      "Plan Rows": 78739,
                      "Plan Width": 8,
                      "Actual Startup Time": 349.149,
                      "Actual Total Time": 636.021,
                      "Actual Rows": 252389,
                      "Actual Loops": 7,
                      "Inner Unique": true,
                      "Merge Cond": "(mk.movie_id = t.id)",
                      "Plans": [
                        {
                          "Node Type": "Index Only Scan",
                          "Parent Relationship": "Outer",
                          "Parallel Aware": true,
                          "Scan Direction": "Forward",
                          "Index Name": "movie_id_movie_keyword",
                          "Relation Name": "movie_keyword",
                          "Alias": "mk",
                          "Startup Cost": 0.43,
                          "Total Cost": 139476.27,
                          "Plan Rows": 753988,
                          "Plan Width": 4,
                          "Actual Startup Time": 0.173,
                          "Actual Total Time": 162.329,
                          "Actual Rows": 646276,
                          "Actual Loops": 7,
                          "Heap Fetches": 4523930
                        },
                        {
                          "Node Type": "Sort",
                          "Parent Relationship": "Inner",
                          "Parallel Aware": false,
                          "Startup Cost": 81512.0,
                          "Total Cost": 82172.11,
                          "Plan Rows": 264044,
                          "Plan Width": 4,
                          "Actual Startup Time": 316.063,
                          "Actual Total Time": 390.967,
                          "Actual Rows": 373252,
                          "Actual Loops": 7,
                          "Sort Key": [
                            "t.id"
                          ],
                          "Sort Method": "quicksort",
                          "Sort Space Used": 29829,
                          "Sort Space Type": "Memory",
                          "Workers": [
                            {
                              "Worker Number": 0,
                              "Sort Method": "quicksort",
                              "Sort Space Used": 29829,
                              "Sort Space Type": "Memory"
                            },
                            {
                              "Worker Number": 1,
                              "Sort Method": "quicksort",
                              "Sort Space Used": 29829,
                              "Sort Space Type": "Memory"
                            },
                            {
                              "Worker Number": 2,
                              "Sort Method": "quicksort",
                              "Sort Space Used": 29829,
                              "Sort Space Type": "Memory"
                            },
                            {
                              "Worker Number": 3,
                              "Sort Method": "quicksort",
                              "Sort Space Used": 29829,
                              "Sort Space Type": "Memory"
                            },
                            {
                              "Worker Number": 4,
                              "Sort Method": "quicksort",
                              "Sort Space Used": 29829,
                              "Sort Space Type": "Memory"
                            },
                            {
                              "Worker Number": 5,
                              "Sort Method": "quicksort",
                              "Sort Space Used": 29829,
                              "Sort Space Type": "Memory"
                            }
                          ],
                          "Plans": [
                            {
                              "Node Type": "Bitmap Heap Scan",
                              "Parent Relationship": "Outer",
                              "Parallel Aware": false,
                              "Relation Name": "title",
                              "Alias": "t",
                              "Startup Cost": 11833.72,
                              "Total Cost": 57734.29,
                              "Plan Rows": 264044,
                              "Plan Width": 4,
                              "Actual Startup Time": 47.063,
                              "Actual Total Time": 185.049,
                              "Actual Rows": 374196,
                              "Actual Loops": 7,
                              "Recheck Cond": "(kind_id = 1)",
                              "Rows Removed by Index Recheck": 0,
                              "Filter": "(production_year < 2000)",
                              "Rows Removed by Filter": 288629,
                              "Exact Heap Blocks": 12863,
                              "Lossy Heap Blocks": 0,
                              "Plans": [
                                {
                                  "Node Type": "Bitmap Index Scan",
                                  "Parent Relationship": "Outer",
                                  "Parallel Aware": false,
                                  "Index Name": "kind_id_title",
                                  "Startup Cost": 0.0,
                                  "Total Cost": 11767.71,
                                  "Plan Rows": 660171,
                                  "Plan Width": 0,
                                  "Actual Startup Time": 45.044,
                                  "Actual Total Time": 45.044,
                                  "Actual Rows": 662825,
                                  "Actual Loops": 7,
                                  "Index Cond": "(kind_id = 1)"
                                }
                              ]
                            }
                          ]
                        }
                      ]
                    },
                    {
                      "Node Type": "Index Only Scan",
                      "Parent Relationship": "Inner",
                      "Parallel Aware": false,
                      "Scan Direction": "Forward",
                      "Index Name": "movie_id_cast_info",
                      "Relation Name": "cast_info",
                      "Alias": "ci",
                      "Startup Cost": 0.56,
                      "Total Cost": 1.52,
                      "Plan Rows": 35,
                      "Plan Width": 4,
                      "Actual Startup Time": 0.003,
                      "Actual Total Time": 0.02,
                      "Actual Rows": 45,
                      "Actual Loops": 1766721,
                      "Index Cond": "(movie_id = mk.movie_id)",
                      "Rows Removed by Index Recheck": 0,
                      "Heap Fetches": 80366350
                    }
                  ]
                }
              ]
            }
          ]
        }
      ]
    },
    "Planning Time": 0.95,
    "Triggers": [],
    "Execution Time": 7497.693
  }
]