[
  {
    "Plan": {
      "Node Type": "Aggregate",
      "Strategy": "Plain",
      "Partial Mode": "Finalize",
      "Parallel Aware": false,
      "Startup Cost": 248707.4,
      "Total Cost": 248707.41,
      "Plan Rows": 1,
      "Plan Width": 8,
      "Actual Startup Time": 588.076,
      "Actual Total Time": 629.584,
      "Actual Rows": 1,
      "Actual Loops": 1,
      "Plans": [
        {
          "Node Type": "Gather",
          "Parent Relationship": "Outer",
          "Parallel Aware": false,
          "Startup Cost": 248706.87,
          "Total Cost": 248707.38,
          "Plan Rows": 5,
          "Plan Width": 8,
          "Actual Startup Time": 582.494,
          "Actual Total Time": 629.573,
          "Actual Rows": 6,
          "Actual Loops": 1,
          "Workers Planned": 5,
          "Workers Launched": 5,
          "Single Copy": false,
          "Plans": [
            {
              "Node Type": "Aggregate",
              "Strategy": "Plain",
              "Partial Mode": "Partial",
              "Parent Relationship": "Outer",
              "Parallel Aware": false,
              "Startup Cost": 247706.87,
              "Total Cost": 247706.88,
              "Plan Rows": 1,
              "Plan Width": 8,
              "Actual Startup Time": 567.823,
              "Actual Total Time": 567.826,
              "Actual Rows": 1,
              "Actual Loops": 6,
              "Plans": [
                {
                  "Node Type": "Hash Join",
                  "Parent Relationship": "Outer",
                  "Parallel Aware": true,
                  "Join Type": "Inner",
                  "Startup Cost": 47239.94,
                  "Total Cost": 247271.98,
                  "Plan Rows": 173959,
                  "Plan Width": 0,
                  "Actual Startup Time": 201.248,
                  "Actual Total Time": 560.544,
                  "Actual Rows": 177790,
                  "Actual Loops": 6,
                  "Inner Unique": true,
                  "Hash Cond": "(mi.movie_id = t.id)",
                  "Plans": [
                    {
                      "Node Type": "Seq Scan",
                      "Parent Relationship": "Outer",
                      "Parallel Aware": true,
                      "Relation Name": "movie_info",
                      "Alias": "mi",
                      "Startup Cost": 0.0,
                      "Total Cost": 198952.16,
                      "Plan Rows": 411380,
                      "Plan Width": 4,
                      "Actual Startup Time": 27.531,
                      "Actual Total Time": 278.07,
                      "Actual Rows": 348511,
                      "Actual Loops": 6,
                      "Filter": "(info_type_id < 3)",
                      "Rows Removed by Filter": 2124109
                    },
                    {
                      "Node Type": "Hash",
                      "Parent Relationship": "Inner",
                      "Parallel Aware": true,
                      "Startup Cost": 43898.92,
                      "Total Cost": 43898.92,
                      "Plan Rows": 267282,
                      "Plan Width": 4,
                      "Actual Startup Time": 168.06,
                      "Actual Total Time": 168.061,
                      "Actual Rows": 179128,
                      "Actual Loops": 6,
                      "Hash Buckets": 2097152,
                      "Original Hash Buckets": 2097152,
                      "Hash Batches": 1,
                      "Original Hash Batches": 1,
                      "Peak Memory Usage": 58560,
                      "Plans": [
                        {
                          "Node Type": "Seq Scan",
                          "Parent Relationship": "Outer",
                          "Parallel Aware": true,
                          "Relation Name": "title",
                          "Alias": "t",
                          "Startup Cost": 0.0,
                          "Total Cost": 43898.92,
                          "Plan Rows": 267282,
                          "Plan Width": 4,
                          "Actual Startup Time": 0.039,
                          "Actual Total Time": 82.449,
                          "Actual Rows": 179128,
                          "Actual Loops": 6,
                          "Filter": "(production_year < 2001)",
                          "Rows Removed by Filter": 242258
                        }
                      ]
                    }
                  ]
                }
              ]
            }
          ]
        }
      ]
    },
    "Planning Time": 0.604,
    "Triggers": [],
    "Execution Time": 629.661
  }
]