{
  "Plan": {
    "Node Type": "Aggregate",
    "Strategy": "Plain",
    "Partial Mode": "Finalize",
    "Parallel Aware": false,
    "Startup Cost": 51220.47,
    "Total Cost": 51220.48,
    "Plan Rows": 1,
    "Plan Width": 8,
    "Actual Startup Time": 64.499,
    "Actual Total Time": 71.721,
    "Actual Rows": 1,
    "Actual Loops": 1,
    "Plans": [
      {
        "Node Type": "Gather",
        "Parent Relationship": "Outer",
        "Parallel Aware": false,
        "Startup Cost": 51220.36,
        "Total Cost": 51220.47,
        "Plan Rows": 1,
        "Plan Width": 8,
        "Actual Startup Time": 64.381,
        "Actual Total Time": 71.716,
        "Actual Rows": 2,
        "Actual Loops": 1,
        "Workers Planned": 1,
        "Workers Launched": 1,
        "Single Copy": false,
        "Plans": [
          {
            "Node Type": "Aggregate",
            "Strategy": "Plain",
            "Partial Mode": "Partial",
            "Parent Relationship": "Outer",
            "Parallel Aware": false,
            "Startup Cost": 50220.36,
            "Total Cost": 50220.37,
            "Plan Rows": 1,
            "Plan Width": 8,
            "Actual Startup Time": 58.392,
            "Actual Total Time": 58.394,
            "Actual Rows": 1,
            "Actual Loops": 2,
            "Plans": [
              {
                "Node Type": "Nested Loop",
                "Parent Relationship": "Outer",
                "Parallel Aware": false,
                "Join Type": "Inner",
                "Startup Cost": 177.14,
                "Total Cost": 50220.35,
                "Plan Rows": 2,
                "Plan Width": 0,
                "Actual Startup Time": 41.158,
                "Actual Total Time": 58.388,
                "Actual Rows": 1,
                "Actual Loops": 2,
                "Inner Unique": true,
                "Plans": [
                  {
                    "Node Type": "Bitmap Heap Scan",
                    "Parent Relationship": "Outer",
                    "Parallel Aware": true,
                    "Relation Name": "movie_keyword",
                    "Alias": "mk",
                    "Startup Cost": 176.71,
                    "Total Cost": 17147.94,
                    "Plan Rows": 4879,
                    "Plan Width": 4,
                    "Actual Startup Time": 6.467,
                    "Actual Total Time": 23.82,
                    "Actual Rows": 4819,
                    "Actual Loops": 2,
                    "Recheck Cond": "(keyword_id = 236)",
                    "Rows Removed by Index Recheck": 0,
                    "Exact Heap Blocks": 6226,
                    "Lossy Heap Blocks": 0,
                    "Plans": [
                      {
                        "Node Type": "Bitmap Index Scan",
                        "Parent Relationship": "Outer",
                        "Parallel Aware": false,
                        "Index Name": "keyword_id_movie_keyword",
                        "Startup Cost": 0.0,
                        "Total Cost": 174.64,
                        "Plan Rows": 8294,
                        "Plan Width": 0,
                        "Actual Startup Time": 7.888,
                        "Actual Total Time": 7.888,
                        "Actual Rows": 9638,
                        "Actual Loops": 1,
                        "Index Cond": "(keyword_id = 236)"
                      }
                    ]
                  },
                  {
                    "Node Type": "Index Scan",
                    "Parent Relationship": "Inner",
                    "Parallel Aware": false,
                    "Scan Direction": "Forward",
                    "Index Name": "title_pkey",
                    "Relation Name": "title",
                    "Alias": "t",
                    "Startup Cost": 0.43,
                    "Total Cost": 6.78,
                    "Plan Rows": 1,
                    "Plan Width": 4,
                    "Actual Startup Time": 0.007,
                    "Actual Total Time": 0.007,
                    "Actual Rows": 0,
                    "Actual Loops": 9638,
                    "Index Cond": "(id = mk.movie_id)",
                    "Rows Removed by Index Recheck": 0,
                    "Filter": "((production_year > 2013) AND (kind_id = 1))",
                    "Rows Removed by Filter": 1
                  }
                ]
              }
            ]
          }
        ]
      }
    ]
  },
  "Planning Time": 0.481,
  "Triggers": [],
  "Execution Time": 71.815
}