[
    {
        "Bao": {
            "Bao prediction": "NaN",
            "Bao recommended hint": "(no hint)"
        }
    },
    {
        "Plan": {
            "Node Type": "Aggregate",
            "Strategy": "Plain",
            "Partial Mode": "Finalize",
            "Parallel Aware": false,
            "Startup Cost": 30902.85,
            "Total Cost": 30902.86,
            "Plan Rows": 1,
            "Plan Width": 8,
            "Actual Startup Time": 78.663,
            "Actual Total Time": 82.618,
            "Actual Rows": 1,
            "Actual Loops": 1,
            "Output": [
                "count(*)"
            ],
            "Plans": [
                {
                    "Node Type": "Gather",
                    "Parent Relationship": "Outer",
                    "Parallel Aware": false,
                    "Startup Cost": 30902.53,
                    "Total Cost": 30902.84,
                    "Plan Rows": 3,
                    "Plan Width": 8,
                    "Actual Startup Time": 78.533,
                    "Actual Total Time": 82.61,
                    "Actual Rows": 4,
                    "Actual Loops": 1,
                    "Output": [
                        "(PARTIAL count(*))"
                    ],
                    "Workers Planned": 3,
                    "Workers Launched": 3,
                    "Single Copy": false,
                    "Plans": [
                        {
                            "Node Type": "Aggregate",
                            "Strategy": "Plain",
                            "Partial Mode": "Partial",
                            "Parent Relationship": "Outer",
                            "Parallel Aware": false,
                            "Startup Cost": 29902.53,
                            "Total Cost": 29902.54,
                            "Plan Rows": 1,
                            "Plan Width": 8,
                            "Actual Startup Time": 69.874,
                            "Actual Total Time": 69.875,
                            "Actual Rows": 1,
                            "Actual Loops": 4,
                            "Output": [
                                "PARTIAL count(*)"
                            ],
                            "Workers": [
                                {
                                    "Worker Number": 0,
                                    "Actual Startup Time": 66.774,
                                    "Actual Total Time": 66.775,
                                    "Actual Rows": 1,
                                    "Actual Loops": 1
                                },
                                {
                                    "Worker Number": 1,
                                    "Actual Startup Time": 66.842,
                                    "Actual Total Time": 66.842,
                                    "Actual Rows": 1,
                                    "Actual Loops": 1
                                },
                                {
                                    "Worker Number": 2,
                                    "Actual Startup Time": 67.781,
                                    "Actual Total Time": 67.782,
                                    "Actual Rows": 1,
                                    "Actual Loops": 1
                                }
                            ],
                            "Plans": [
                                {
                                    "Node Type": "Bitmap Heap Scan",
                                    "Parent Relationship": "Outer",
                                    "Parallel Aware": true,
                                    "Relation Name": "movie_companies",
                                    "Schema": "public",
                                    "Alias": "mc",
                                    "Startup Cost": 8935.46,
                                    "Total Cost": 29732.03,
                                    "Plan Rows": 68201,
                                    "Plan Width": 0,
                                    "Actual Startup Time": 23.854,
                                    "Actual Total Time": 62.959,
                                    "Actual Rows": 104979,
                                    "Actual Loops": 4,
                                    "Recheck Cond": "(mc.company_id > 80078)",
                                    "Rows Removed by Index Recheck": 0,
                                    "Filter": "(mc.company_type_id = 2)",
                                    "Rows Removed by Filter": 0,
                                    "Exact Heap Blocks": 3662,
                                    "Lossy Heap Blocks": 0,
                                    "Workers": [
                                        {
                                            "Worker Number": 0,
                                            "Actual Startup Time": 20.902,
                                            "Actual Total Time": 60.468,
                                            "Actual Rows": 64314,
                                            "Actual Loops": 1
                                        },
                                        {
                                            "Worker Number": 1,
                                            "Actual Startup Time": 20.98,
                                            "Actual Total Time": 60.668,
                                            "Actual Rows": 70613,
                                            "Actual Loops": 1
                                        },
                                        {
                                            "Worker Number": 2,
                                            "Actual Startup Time": 21.723,
                                            "Actual Total Time": 61.549,
                                            "Actual Rows": 62261,
                                            "Actual Loops": 1
                                        }
                                    ],
                                    "Plans": [
                                        {
                                            "Node Type": "Bitmap Index Scan",
                                            "Parent Relationship": "Outer",
                                            "Parallel Aware": false,
                                            "Index Name": "company_id_movie_companies",
                                            "Startup Cost": 0.0,
                                            "Total Cost": 8882.6,
                                            "Plan Rows": 414690,
                                            "Plan Width": 0,
                                            "Actual Startup Time": 30.972,
                                            "Actual Total Time": 30.972,
                                            "Actual Rows": 419915,
                                            "Actual Loops": 1,
                                            "Index Cond": "(mc.company_id > 80078)"
                                        }
                                    ]
                                }
                            ]
                        }
                    ]
                }
            ]
        },
        "Planning Time": 205.588,
        "Triggers": [],
        "Execution Time": 82.722
    }
]