{
  "Plan": {
    "Node Type": "Aggregate",
    "Strategy": "Plain",
    "Partial Mode": "Finalize",
    "Parallel Aware": false,
    "Startup Cost": 163950.44,
    "Total Cost": 163950.45,
    "Plan Rows": 1,
    "Plan Width": 8,
    "Actual Startup Time": 1072.75,
    "Actual Total Time": 1097.576,
    "Actual Rows": 1,
    "Actual Loops": 1,
    "Plans": [
      {
        "Node Type": "Gather",
        "Parent Relationship": "Outer",
        "Parallel Aware": false,
        "Startup Cost": 163950.33,
        "Total Cost": 163950.44,
        "Plan Rows": 1,
        "Plan Width": 8,
        "Actual Startup Time": 1065.455,
        "Actual Total Time": 1097.567,
        "Actual Rows": 2,
        "Actual Loops": 1,
        "Workers Planned": 1,
        "Workers Launched": 1,
        "Single Copy": false,
        "Plans": [
          {
            "Node Type": "Aggregate",
            "Strategy": "Plain",
            "Partial Mode": "Partial",
            "Parent Relationship": "Outer",
            "Parallel Aware": false,
            "Startup Cost": 162950.33,
            "Total Cost": 162950.34,
            "Plan Rows": 1,
            "Plan Width": 8,
            "Actual Startup Time": 1059.88,
            "Actual Total Time": 1059.885,
            "Actual Rows": 1,
            "Actual Loops": 2,
            "Plans": [
              {
                "Node Type": "Hash Join",
                "Parent Relationship": "Outer",
                "Parallel Aware": true,
                "Join Type": "Inner",
                "Startup Cost": 125751.09,
                "Total Cost": 162686.52,
                "Plan Rows": 105523,
                "Plan Width": 0,
                "Actual Startup Time": 738.906,
                "Actual Total Time": 1046.94,
                "Actual Rows": 299778,
                "Actual Loops": 2,
                "Inner Unique": false,
                "Hash Cond": "(t.id = mc.movie_id)",
                "Plans": [
                  {
                    "Node Type": "Hash Join",
                    "Parent Relationship": "Outer",
                    "Parallel Aware": true,
                    "Join Type": "Inner",
                    "Startup Cost": 89471.77,
                    "Total Cost": 122318.44,
                    "Plan Rows": 554887,
                    "Plan Width": 8,
                    "Actual Startup Time": 586.653,
                    "Actual Total Time": 798.299,
                    "Actual Rows": 473162,
                    "Actual Loops": 2,
                    "Inner Unique": true,
                    "Hash Cond": "(mk.movie_id = t.id)",
                    "Plans": [
                      {
                        "Node Type": "Bitmap Heap Scan",
                        "Parent Relationship": "Outer",
                        "Parallel Aware": true,
                        "Relation Name": "movie_keyword",
                        "Alias": "mk",
                        "Startup Cost": 20011.07,
                        "Total Cost": 51401.16,
                        "Plan Rows": 554887,
                        "Plan Width": 4,
                        "Actual Startup Time": 63.095,
                        "Actual Total Time": 148.76,
                        "Actual Rows": 473162,
                        "Actual Loops": 2,
                        "Recheck Cond": "(keyword_id < 889)",
                        "Rows Removed by Index Recheck": 0,
                        "Exact Heap Blocks": 13027,
                        "Lossy Heap Blocks": 0,
                        "Plans": [
                          {
                            "Node Type": "Bitmap Index Scan",
                            "Parent Relationship": "Outer",
                            "Parallel Aware": false,
                            "Index Name": "keyword_id_movie_keyword",
                            "Startup Cost": 0.0,
                            "Total Cost": 19775.24,
                            "Plan Rows": 943308,
                            "Plan Width": 0,
                            "Actual Startup Time": 59.434,
                            "Actual Total Time": 59.434,
                            "Actual Rows": 946324,
                            "Actual Loops": 1,
                            "Index Cond": "(keyword_id < 889)"
                          }
                        ]
                      },
                      {
                        "Node Type": "Hash",
                        "Parent Relationship": "Inner",
                        "Parallel Aware": true,
                        "Startup Cost": 50870.31,
                        "Total Cost": 50870.31,
                        "Plan Rows": 1487231,
                        "Plan Width": 4,
                        "Actual Startup Time": 511.192,
                        "Actual Total Time": 511.192,
                        "Actual Rows": 1264156,
                        "Actual Loops": 2,
                        "Hash Buckets": 4194304,
                        "Original Hash Buckets": 4194304,
                        "Hash Batches": 1,
                        "Original Hash Batches": 1,
                        "Peak Memory Usage": 131680,
                        "Plans": [
                          {
                            "Node Type": "Seq Scan",
                            "Parent Relationship": "Outer",
                            "Parallel Aware": true,
                            "Relation Name": "title",
                            "Alias": "t",
                            "Startup Cost": 0.0,
                            "Total Cost": 50870.31,
                            "Plan Rows": 1487231,
                            "Plan Width": 4,
                            "Actual Startup Time": 0.02,
                            "Actual Total Time": 148.808,
                            "Actual Rows": 1264156,
                            "Actual Loops": 2
                          }
                        ]
                      }
                    ]
                  },
                  {
                    "Node Type": "Hash",
                    "Parent Relationship": "Inner",
                    "Parallel Aware": true,
                    "Startup Cost": 32744.0,
                    "Total Cost": 32744.0,
                    "Plan Rows": 282826,
                    "Plan Width": 4,
                    "Actual Startup Time": 147.131,
                    "Actual Total Time": 147.132,
                    "Actual Rows": 238576,
                    "Actual Loops": 2,
                    "Hash Buckets": 524288,
                    "Original Hash Buckets": 524288,
                    "Hash Batches": 1,
                    "Original Hash Batches": 1,
                    "Peak Memory Usage": 22816,
                    "Plans": [
                      {
                        "Node Type": "Bitmap Heap Scan",
                        "Parent Relationship": "Outer",
                        "Parallel Aware": true,
                        "Relation Name": "movie_companies",
                        "Alias": "mc",
                        "Startup Cost": 10418.67,
                        "Total Cost": 32744.0,
                        "Plan Rows": 282826,
                        "Plan Width": 4,
                        "Actual Startup Time": 34.255,
                        "Actual Total Time": 97.147,
                        "Actual Rows": 238576,
                        "Actual Loops": 2,
                        "Recheck Cond": "(company_id < 424)",
                        "Rows Removed by Index Recheck": 0,
                        "Exact Heap Blocks": 11217,
                        "Lossy Heap Blocks": 0,
                        "Plans": [
                          {
                            "Node Type": "Bitmap Index Scan",
                            "Parent Relationship": "Outer",
                            "Parallel Aware": false,
                            "Index Name": "company_id_movie_companies",
                            "Startup Cost": 0.0,
                            "Total Cost": 10298.47,
                            "Plan Rows": 480805,
                            "Plan Width": 0,
                            "Actual Startup Time": 32.124,
                            "Actual Total Time": 32.124,
                            "Actual Rows": 477152,
                            "Actual Loops": 1,
                            "Index Cond": "(company_id < 424)"
                          }
                        ]
                      }
                    ]
                  }
                ]
              }
            ]
          }
        ]
      }
    ]
  },
  "Planning Time": 0.877,
  "Triggers": [],
  "Execution Time": 1097.69
}