[
  {
    "Plan": {
      "Node Type": "Aggregate",
      "Strategy": "Plain",
      "Partial Mode": "Finalize",
      "Parallel Aware": false,
      "Startup Cost": 228420.73,
      "Total Cost": 228420.74,
      "Plan Rows": 1,
      "Plan Width": 8,
      "Actual Startup Time": 460.544,
      "Actual Total Time": 481.768,
      "Actual Rows": 1,
      "Actual Loops": 1,
      "Plans": [
        {
          "Node Type": "Gather",
          "Parent Relationship": "Outer",
          "Parallel Aware": false,
          "Startup Cost": 228420.21,
          "Total Cost": 228420.72,
          "Plan Rows": 5,
          "Plan Width": 8,
          "Actual Startup Time": 442.93,
          "Actual Total Time": 481.759,
          "Actual Rows": 6,
          "Actual Loops": 1,
          "Workers Planned": 5,
          "Workers Launched": 5,
          "Single Copy": false,
          "Plans": [
            {
              "Node Type": "Aggregate",
              "Strategy": "Plain",
              "Partial Mode": "Partial",
              "Parent Relationship": "Outer",
              "Parallel Aware": false,
              "Startup Cost": 227420.21,
              "Total Cost": 227420.22,
              "Plan Rows": 1,
              "Plan Width": 8,
              "Actual Startup Time": 418.362,
              "Actual Total Time": 418.366,
              "Actual Rows": 1,
              "Actual Loops": 6,
              "Plans": [
                {
                  "Node Type": "Hash Join",
                  "Parent Relationship": "Outer",
                  "Parallel Aware": true,
                  "Join Type": "Inner",
                  "Startup Cost": 62950.14,
                  "Total Cost": 227068.85,
                  "Plan Rows": 140543,
                  "Plan Width": 0,
                  "Actual Startup Time": 333.702,
                  "Actual Total Time": 411.451,
                  "Actual Rows": 110154,
                  "Actual Loops": 6,
                  "Inner Unique": true,
                  "Hash Cond": "(mi.movie_id = t.id)",
                  "Plans": [
                    {
                      "Node Type": "Bitmap Heap Scan",
                      "Parent Relationship": "Outer",
                      "Parallel Aware": true,
                      "Relation Name": "movie_info",
                      "Alias": "mi",
                      "Startup Cost": 12730.49,
                      "Total Cost": 176480.28,
                      "Plan Rows": 140543,
                      "Plan Width": 4,
                      "Actual Startup Time": 38.227,
                      "Actual Total Time": 61.403,
                      "Actual Rows": 110154,
                      "Actual Loops": 6,
                      "Recheck Cond": "(info_type_id = 18)",
                      "Rows Removed by Index Recheck": 0,
                      "Exact Heap Blocks": 1116,
                      "Lossy Heap Blocks": 0,
                      "Plans": [
                        {
                          "Node Type": "Bitmap Index Scan",
                          "Parent Relationship": "Outer",
                          "Parallel Aware": false,
                          "Index Name": "info_type_id_movie_info",
                          "Startup Cost": 0.0,
                          "Total Cost": 12554.81,
                          "Plan Rows": 702717,
                          "Plan Width": 0,
                          "Actual Startup Time": 36.66,
                          "Actual Total Time": 36.66,
                          "Actual Rows": 660923,
                          "Actual Loops": 1,
                          "Index Cond": "(info_type_id = 18)"
                        }
                      ]
                    },
                    {
                      "Node Type": "Hash",
                      "Parent Relationship": "Inner",
                      "Parallel Aware": true,
                      "Startup Cost": 42318.73,
                      "Total Cost": 42318.73,
                      "Plan Rows": 632073,
                      "Plan Width": 4,
                      "Actual Startup Time": 287.094,
                      "Actual Total Time": 287.095,
                      "Actual Rows": 421385,
                      "Actual Loops": 6,
                      "Hash Buckets": 4194304,
                      "Original Hash Buckets": 4194304,
                      "Hash Batches": 1,
                      "Original Hash Batches": 1,
                      "Peak Memory Usage": 131744,
                      "Plans": [
                        {
                          "Node Type": "Seq Scan",
                          "Parent Relationship": "Outer",
                          "Parallel Aware": true,
                          "Relation Name": "title",
                          "Alias": "t",
                          "Startup Cost": 0.0,
                          "Total Cost": 42318.73,
                          "Plan Rows": 632073,
                          "Plan Width": 4,
                          "Actual Startup Time": 0.035,
                          "Actual Total Time": 86.937,
                          "Actual Rows": 421385,
                          "Actual Loops": 6
                        }
                      ]
                    }
                  ]
                }
              ]
            }
          ]
        }
      ]
    },
    "Planning Time": 0.662,
    "Triggers": [],
    "Execution Time": 481.865
  }
]