{
  "Plan": {
    "Node Type": "Aggregate",
    "Strategy": "Plain",
    "Partial Mode": "Simple",
    "Parallel Aware": false,
    "Startup Cost": 499458.49,
    "Total Cost": 499458.5,
    "Plan Rows": 1,
    "Plan Width": 64,
    "Actual Startup Time": 2826.587,
    "Actual Total Time": 2945.173,
    "Actual Rows": 1,
    "Actual Loops": 1,
    "Plans": [
      {
        "Node Type": "Gather",
        "Parent Relationship": "Outer",
        "Parallel Aware": false,
        "Startup Cost": 494721.29,
        "Total Cost": 499458.49,
        "Plan Rows": 1,
        "Plan Width": 33,
        "Actual Startup Time": 2806.994,
        "Actual Total Time": 2945.147,
        "Actual Rows": 62,
        "Actual Loops": 1,
        "Workers Planned": 1,
        "Workers Launched": 1,
        "Single Copy": false,
        "Plans": [
          {
            "Node Type": "Hash Join",
            "Parent Relationship": "Outer",
            "Parallel Aware": true,
            "Join Type": "Inner",
            "Startup Cost": 493721.29,
            "Total Cost": 498458.39,
            "Plan Rows": 1,
            "Plan Width": 33,
            "Actual Startup Time": 2800.169,
            "Actual Total Time": 2816.169,
            "Actual Rows": 31,
            "Actual Loops": 2,
            "Inner Unique": false,
            "Hash Cond": "(cn.id = mc.company_id)",
            "Plans": [
              {
                "Node Type": "Seq Scan",
                "Parent Relationship": "Outer",
                "Parallel Aware": true,
                "Relation Name": "company_name",
                "Alias": "cn",
                "Startup Cost": 0.0,
                "Total Cost": 4722.92,
                "Plan Rows": 3778,
                "Plan Width": 4,
                "Actual Startup Time": 0.03,
                "Actual Total Time": 16.079,
                "Actual Rows": 3376,
                "Actual Loops": 2,
                "Filter": "((country_code)::text = '[jp]'::text)",
                "Rows Removed by Filter": 114122
              },
              {
                "Node Type": "Hash",
                "Parent Relationship": "Inner",
                "Parallel Aware": true,
                "Startup Cost": 493721.28,
                "Total Cost": 493721.28,
                "Plan Rows": 1,
                "Plan Width": 37,
                "Actual Startup Time": 2798.677,
                "Actual Total Time": 2798.691,
                "Actual Rows": 32,
                "Actual Loops": 2,
                "Hash Buckets": 1024,
                "Original Hash Buckets": 1024,
                "Hash Batches": 1,
                "Original Hash Batches": 1,
                "Peak Memory Usage": 72,
                "Plans": [
                  {
                    "Node Type": "Hash Join",
                    "Parent Relationship": "Outer",
                    "Parallel Aware": true,
                    "Join Type": "Inner",
                    "Startup Cost": 449031.52,
                    "Total Cost": 493721.28,
                    "Plan Rows": 1,
                    "Plan Width": 37,
                    "Actual Startup Time": 2616.944,
                    "Actual Total Time": 2798.615,
                    "Actual Rows": 32,
                    "Actual Loops": 2,
                    "Inner Unique": false,
                    "Hash Cond": "(t.id = ci.movie_id)",
                    "Plans": [
                      {
                        "Node Type": "Seq Scan",
                        "Parent Relationship": "Outer",
                        "Parallel Aware": true,
                        "Relation Name": "title",
                        "Alias": "t",
                        "Startup Cost": 0.0,
                        "Total Cost": 42319.27,
                        "Plan Rows": 632127,
                        "Plan Width": 21,
                        "Actual Startup Time": 0.01,
                        "Actual Total Time": 132.71,
                        "Actual Rows": 1264156,
                        "Actual Loops": 2
                      },
                      {
                        "Node Type": "Hash",
                        "Parent Relationship": "Inner",
                        "Parallel Aware": true,
                        "Startup Cost": 449031.49,
                        "Total Cost": 449031.49,
                        "Plan Rows": 2,
                        "Plan Width": 28,
                        "Actual Startup Time": 2575.075,
                        "Actual Total Time": 2575.088,
                        "Actual Rows": 32,
                        "Actual Loops": 2,
                        "Hash Buckets": 1024,
                        "Original Hash Buckets": 1024,
                        "Hash Batches": 1,
                        "Original Hash Batches": 1,
                        "Peak Memory Usage": 72,
                        "Plans": [
                          {
                            "Node Type": "Hash Join",
                            "Parent Relationship": "Outer",
                            "Parallel Aware": true,
                            "Join Type": "Inner",
                            "Startup Cost": 417583.74,
                            "Total Cost": 449031.49,
                            "Plan Rows": 2,
                            "Plan Width": 28,
                            "Actual Startup Time": 2394.751,
                            "Actual Total Time": 2575.016,
                            "Actual Rows": 32,
                            "Actual Loops": 2,
                            "Inner Unique": false,
                            "Hash Cond": "(mc.movie_id = ci.movie_id)",
                            "Plans": [
                              {
                                "Node Type": "Seq Scan",
                                "Parent Relationship": "Outer",
                                "Parallel Aware": true,
                                "Relation Name": "movie_companies",
                                "Alias": "mc",
                                "Startup Cost": 0.0,
                                "Total Cost": 31414.82,
                                "Plan Rows": 8781,
                                "Plan Width": 8,
                                "Actual Startup Time": 0.084,
                                "Actual Total Time": 186.817,
                                "Actual Rows": 24448,
                                "Actual Loops": 2,
                                "Filter": "((note ~~ '%(Japan)%'::text) AND (note !~~ '%(USA)%'::text))",
                                "Rows Removed by Filter": 1280116
                              },
                              {
                                "Node Type": "Hash",
                                "Parent Relationship": "Inner",
                                "Parallel Aware": true,
                                "Startup Cost": 417583.37,
                                "Total Cost": 417583.37,
                                "Plan Rows": 29,
                                "Plan Width": 20,
                                "Actual Startup Time": 2384.957,
                                "Actual Total Time": 2384.967,
                                "Actual Rows": 330,
                                "Actual Loops": 2,
                                "Hash Buckets": 1024,
                                "Original Hash Buckets": 1024,
                                "Hash Batches": 1,
                                "Original Hash Batches": 1,
                                "Peak Memory Usage": 72,
                                "Plans": [
                                  {
                                    "Node Type": "Hash Join",
                                    "Parent Relationship": "Outer",
                                    "Parallel Aware": false,
                                    "Join Type": "Inner",
                                    "Startup Cost": 89311.37,
                                    "Total Cost": 417583.37,
                                    "Plan Rows": 29,
                                    "Plan Width": 20,
                                    "Actual Startup Time": 1537.595,
                                    "Actual Total Time": 2383.85,
                                    "Actual Rows": 330,
                                    "Actual Loops": 2,
                                    "Inner Unique": true,
                                    "Hash Cond": "(ci.role_id = rt.id)",
                                    "Plans": [
                                      {
                                        "Node Type": "Hash Join",
                                        "Parent Relationship": "Outer",
                                        "Parallel Aware": true,
                                        "Join Type": "Inner",
                                        "Startup Cost": 89310.21,
                                        "Total Cost": 417580.99,
                                        "Plan Rows": 344,
                                        "Plan Width": 24,
                                        "Actual Startup Time": 695.462,
                                        "Actual Total Time": 2383.607,
                                        "Actual Rows": 1288,
                                        "Actual Loops": 2,
                                        "Inner Unique": false,
                                        "Hash Cond": "(n1.id = an1.person_id)",
                                        "Plans": [
                                          {
                                            "Node Type": "Hash Join",
                                            "Parent Relationship": "Outer",
                                            "Parallel Aware": true,
                                            "Join Type": "Inner",
                                            "Startup Cost": 71372.2,
                                            "Total Cost": 399633.88,
                                            "Plan Rows": 144,
                                            "Plan Width": 16,
                                            "Actual Startup Time": 440.211,
                                            "Actual Total Time": 2127.239,
                                            "Actual Rows": 469,
                                            "Actual Loops": 2,
                                            "Inner Unique": true,
                                            "Hash Cond": "(ci.person_id = n1.id)",
                                            "Plans": [
                                              {
                                                "Node Type": "Seq Scan",
                                                "Parent Relationship": "Outer",
                                                "Parallel Aware": true,
                                                "Relation Name": "cast_info",
                                                "Alias": "ci",
                                                "Startup Cost": 0.0,
                                                "Total Cost": 328224.13,
                                                "Plan Rows": 14302,
                                                "Plan Width": 12,
                                                "Actual Startup Time": 0.375,
                                                "Actual Total Time": 1743.24,
                                                "Actual Rows": 46548,
                                                "Actual Loops": 2,
                                                "Filter": "(note = '(voice: English version)'::text)",
                                                "Rows Removed by Filter": 18075624
                                              },
                                              {
                                                "Node Type": "Hash",
                                                "Parent Relationship": "Inner",
                                                "Parallel Aware": true,
                                                "Startup Cost": 71240.66,
                                                "Total Cost": 71240.66,
                                                "Plan Rows": 10523,
                                                "Plan Width": 4,
                                                "Actual Startup Time": 378.218,
                                                "Actual Total Time": 378.219,
                                                "Actual Rows": 10456,
                                                "Actual Loops": 2,
                                                "Hash Buckets": 65536,
                                                "Original Hash Buckets": 65536,
                                                "Hash Batches": 1,
                                                "Original Hash Batches": 1,
                                                "Peak Memory Usage": 1376,
                                                "Plans": [
                                                  {
                                                    "Node Type": "Seq Scan",
                                                    "Parent Relationship": "Outer",
                                                    "Parallel Aware": true,
                                                    "Relation Name": "name",
                                                    "Alias": "n1",
                                                    "Startup Cost": 0.0,
                                                    "Total Cost": 71240.66,
                                                    "Plan Rows": 10523,
                                                    "Plan Width": 4,
                                                    "Actual Startup Time": 0.069,
                                                    "Actual Total Time": 370.111,
                                                    "Actual Rows": 10456,
                                                    "Actual Loops": 2,
                                                    "Filter": "((name ~~ '%Yo%'::text) AND (name !~~ '%Yu%'::text))",
                                                    "Rows Removed by Filter": 2073290
                                                  }
                                                ]
                                              }
                                            ]
                                          },
                                          {
                                            "Node Type": "Hash",
                                            "Parent Relationship": "Inner",
                                            "Parallel Aware": true,
                                            "Startup Cost": 14303.56,
                                            "Total Cost": 14303.56,
                                            "Plan Rows": 290756,
                                            "Plan Width": 20,
                                            "Actual Startup Time": 249.091,
                                            "Actual Total Time": 249.092,
                                            "Actual Rows": 450672,
                                            "Actual Loops": 2,
                                            "Hash Buckets": 1048576,
                                            "Original Hash Buckets": 1048576,
                                            "Hash Batches": 1,
                                            "Original Hash Batches": 1,
                                            "Peak Memory Usage": 58016,
                                            "Plans": [
                                              {
                                                "Node Type": "Seq Scan",
                                                "Parent Relationship": "Outer",
                                                "Parallel Aware": true,
                                                "Relation Name": "aka_name",
                                                "Alias": "an1",
                                                "Startup Cost": 0.0,
                                                "Total Cost": 14303.56,
                                                "Plan Rows": 290756,
                                                "Plan Width": 20,
                                                "Actual Startup Time": 0.036,
                                                "Actual Total Time": 83.271,
                                                "Actual Rows": 450672,
                                                "Actual Loops": 2
                                              }
                                            ]
                                          }
                                        ]
                                      },
                                      {
                                        "Node Type": "Hash",
                                        "Parent Relationship": "Inner",
                                        "Parallel Aware": false,
                                        "Startup Cost": 1.15,
                                        "Total Cost": 1.15,
                                        "Plan Rows": 1,
                                        "Plan Width": 4,
                                        "Actual Startup Time": 0.082,
                                        "Actual Total Time": 0.082,
                                        "Actual Rows": 1,
                                        "Actual Loops": 2,
                                        "Hash Buckets": 1024,
                                        "Original Hash Buckets": 1024,
                                        "Hash Batches": 1,
                                        "Original Hash Batches": 1,
                                        "Peak Memory Usage": 9,
                                        "Plans": [
                                          {
                                            "Node Type": "Seq Scan",
                                            "Parent Relationship": "Outer",
                                            "Parallel Aware": false,
                                            "Relation Name": "role_type",
                                            "Alias": "rt",
                                            "Startup Cost": 0.0,
                                            "Total Cost": 1.15,
                                            "Plan Rows": 1,
                                            "Plan Width": 4,
                                            "Actual Startup Time": 0.06,
                                            "Actual Total Time": 0.064,
                                            "Actual Rows": 1,
                                            "Actual Loops": 2,
                                            "Filter": "((role)::text = 'actress'::text)",
                                            "Rows Removed by Filter": 11
                                          }
                                        ]
                                      }
                                    ]
                                  }
                                ]
                              }
                            ]
                          }
                        ]
                      }
                    ]
                  }
                ]
              }
            ]
          }
        ]
      }
    ]
  },
  "Planning Time": 9.96,
  "Triggers": [],
  "Execution Time": 2945.788
}