[
  {
    "Plan": {
      "Node Type": "Aggregate",
      "Strategy": "Plain",
      "Partial Mode": "Finalize",
      "Parallel Aware": false,
      "Startup Cost": 30712.39,
      "Total Cost": 30712.4,
      "Plan Rows": 1,
      "Plan Width": 8,
      "Actual Startup Time": 108.571,
      "Actual Total Time": 116.567,
      "Actual Rows": 1,
      "Actual Loops": 1,
      "Plans": [
        {
          "Node Type": "Gather",
          "Parent Relationship": "Outer",
          "Parallel Aware": false,
          "Startup Cost": 30712.07,
          "Total Cost": 30712.38,
          "Plan Rows": 3,
          "Plan Width": 8,
          "Actual Startup Time": 108.445,
          "Actual Total Time": 116.558,
          "Actual Rows": 4,
          "Actual Loops": 1,
          "Workers Planned": 3,
          "Workers Launched": 3,
          "Single Copy": false,
          "Plans": [
            {
              "Node Type": "Aggregate",
              "Strategy": "Plain",
              "Partial Mode": "Partial",
              "Parent Relationship": "Outer",
              "Parallel Aware": false,
              "Startup Cost": 29712.07,
              "Total Cost": 29712.08,
              "Plan Rows": 1,
              "Plan Width": 8,
              "Actual Startup Time": 100.294,
              "Actual Total Time": 100.295,
              "Actual Rows": 1,
              "Actual Loops": 4,
              "Plans": [
                {
                  "Node Type": "Seq Scan",
                  "Parent Relationship": "Outer",
                  "Parallel Aware": true,
                  "Relation Name": "movie_companies",
                  "Alias": "mc",
                  "Startup Cost": 0.0,
                  "Total Cost": 29310.68,
                  "Plan Rows": 160555,
                  "Plan Width": 0,
                  "Actual Startup Time": 51.189,
                  "Actual Total Time": 92.061,
                  "Actual Rows": 126366,
                  "Actual Loops": 4,
                  "Filter": "(company_id > 73942)",
                  "Rows Removed by Filter": 525916
                }
              ]
            }
          ]
        }
      ]
    },
    "Planning Time": 0.164,
    "Triggers": [],
    "Execution Time": 116.619
  }
]