[
  {
    "Plan": {
      "Node Type": "Aggregate",
      "Strategy": "Plain",
      "Partial Mode": "Simple",
      "Parallel Aware": false,
      "Startup Cost": 7472.12,
      "Total Cost": 7472.13,
      "Plan Rows": 1,
      "Plan Width": 96,
      "Actual Startup Time": 840.149,
      "Actual Total Time": 840.17,
      "Actual Rows": 1,
      "Actual Loops": 1,
      "Plans": [
        {
          "Node Type": "Nested Loop",
          "Parent Relationship": "Outer",
          "Parallel Aware": false,
          "Join Type": "Inner",
          "Startup Cost": 13.35,
          "Total Cost": 7472.11,
          "Plan Rows": 1,
          "Plan Width": 42,
          "Actual Startup Time": 438.47,
          "Actual Total Time": 840.103,
          "Actual Rows": 14,
          "Actual Loops": 1,
          "Inner Unique": true,
          "Join Filter": "(mi_idx.info_type_id = it2.id)",
          "Rows Removed by Join Filter": 14,
          "Plans": [
            {
              "Node Type": "Nested Loop",
              "Parent Relationship": "Outer",
              "Parallel Aware": false,
              "Join Type": "Inner",
              "Startup Cost": 13.35,
              "Total Cost": 7469.69,
              "Plan Rows": 1,
              "Plan Width": 46,
              "Actual Startup Time": 438.438,
              "Actual Total Time": 839.736,
              "Actual Rows": 28,
              "Actual Loops": 1,
              "Inner Unique": false,
              "Join Filter": "(t.id = mi_idx.movie_id)",
              "Rows Removed by Join Filter": 0,
              "Plans": [
                {
                  "Node Type": "Nested Loop",
                  "Parent Relationship": "Outer",
                  "Parallel Aware": false,
                  "Join Type": "Inner",
                  "Startup Cost": 12.92,
                  "Total Cost": 7469.17,
                  "Plan Rows": 1,
                  "Plan Width": 56,
                  "Actual Startup Time": 438.347,
                  "Actual Total Time": 839.278,
                  "Actual Rows": 15,
                  "Actual Loops": 1,
                  "Inner Unique": true,
                  "Join Filter": "(mi.info_type_id = it1.id)",
                  "Rows Removed by Join Filter": 48,
                  "Plans": [
                    {
                      "Node Type": "Nested Loop",
                      "Parent Relationship": "Outer",
                      "Parallel Aware": false,
                      "Join Type": "Inner",
                      "Startup Cost": 12.92,
                      "Total Cost": 7466.75,
                      "Plan Rows": 1,
                      "Plan Width": 60,
                      "Actual Startup Time": 153.484,
                      "Actual Total Time": 838.354,
                      "Actual Rows": 63,
                      "Actual Loops": 1,
                      "Inner Unique": false,
                      "Join Filter": "(t.id = mi.movie_id)",
                      "Rows Removed by Join Filter": 0,
                      "Plans": [
                        {
                          "Node Type": "Nested Loop",
                          "Parent Relationship": "Outer",
                          "Parallel Aware": false,
                          "Join Type": "Inner",
                          "Startup Cost": 12.49,
                          "Total Cost": 7465.21,
                          "Plan Rows": 1,
                          "Plan Width": 52,
                          "Actual Startup Time": 31.94,
                          "Actual Total Time": 787.998,
                          "Actual Rows": 380,
                          "Actual Loops": 1,
                          "Inner Unique": true,
                          "Join Filter": "(mc.company_type_id = ct.id)",
                          "Rows Removed by Join Filter": 0,
                          "Plans": [
                            {
                              "Node Type": "Nested Loop",
                              "Parent Relationship": "Outer",
                              "Parallel Aware": false,
                              "Join Type": "Inner",
                              "Startup Cost": 12.49,
                              "Total Cost": 7464.12,
                              "Plan Rows": 1,
                              "Plan Width": 56,
                              "Actual Startup Time": 31.925,
                              "Actual Total Time": 786.25,
                              "Actual Rows": 380,
                              "Actual Loops": 1,
                              "Inner Unique": true,
                              "Plans": [
                                {
                                  "Node Type": "Nested Loop",
                                  "Parent Relationship": "Outer",
                                  "Parallel Aware": false,
                                  "Join Type": "Inner",
                                  "Startup Cost": 12.07,
                                  "Total Cost": 7463.58,
                                  "Plan Rows": 1,
                                  "Plan Width": 41,
                                  "Actual Startup Time": 31.864,
                                  "Actual Total Time": 778.739,
                                  "Actual Rows": 686,
                                  "Actual Loops": 1,
                                  "Inner Unique": false,
                                  "Join Filter": "(t.id = mc.movie_id)",
                                  "Rows Removed by Join Filter": 0,
                                  "Plans": [
                                    {
                                      "Node Type": "Nested Loop",
                                      "Parent Relationship": "Outer",
                                      "Parallel Aware": false,
                                      "Join Type": "Inner",
                                      "Startup Cost": 11.64,
                                      "Total Cost": 7463.0,
                                      "Plan Rows": 1,
                                      "Plan Width": 29,
                                      "Actual Startup Time": 15.979,
                                      "Actual Total Time": 736.472,
                                      "Actual Rows": 1181,
                                      "Actual Loops": 1,
                                      "Inner Unique": true,
                                      "Join Filter": "(cc.status_id = cct2.id)",
                                      "Rows Removed by Join Filter": 5605,
                                      "Plans": [
                                        {
                                          "Node Type": "Nested Loop",
                                          "Parent Relationship": "Outer",
                                          "Parallel Aware": false,
                                          "Join Type": "Inner",
                                          "Startup Cost": 11.64,
                                          "Total Cost": 7461.91,
                                          "Plan Rows": 1,
                                          "Plan Width": 33,
                                          "Actual Startup Time": 14.816,
                                          "Actual Total Time": 725.5,
                                          "Actual Rows": 2262,
                                          "Actual Loops": 1,
                                          "Inner Unique": false,
                                          "Join Filter": "(cc.subject_id = cct1.id)",
                                          "Rows Removed by Join Filter": 3122,
                                          "Plans": [
                                            {
                                              "Node Type": "Seq Scan",
                                              "Parent Relationship": "Outer",
                                              "Parallel Aware": false,
                                              "Relation Name": "comp_cast_type",
                                              "Alias": "cct1",
                                              "Startup Cost": 0.0,
                                              "Total Cost": 1.05,
                                              "Plan Rows": 1,
                                              "Plan Width": 4,
                                              "Actual Startup Time": 0.026,
                                              "Actual Total Time": 0.032,
                                              "Actual Rows": 1,
                                              "Actual Loops": 1,
                                              "Filter": "((kind)::text = 'crew'::text)",
                                              "Rows Removed by Filter": 3
                                            },
                                            {
                                              "Node Type": "Nested Loop",
                                              "Parent Relationship": "Inner",
                                              "Parallel Aware": false,
                                              "Join Type": "Inner",
                                              "Startup Cost": 11.64,
                                              "Total Cost": 7460.8,
                                              "Plan Rows": 5,
                                              "Plan Width": 37,
                                              "Actual Startup Time": 14.768,
                                              "Actual Total Time": 724.496,
                                              "Actual Rows": 5384,
                                              "Actual Loops": 1,
                                              "Inner Unique": false,
                                              "Join Filter": "(t.id = cc.movie_id)",
                                              "Rows Removed by Join Filter": 0,
                                              "Plans": [
                                                {
                                                  "Node Type": "Nested Loop",
                                                  "Parent Relationship": "Outer",
                                                  "Parallel Aware": false,
                                                  "Join Type": "Inner",
                                                  "Startup Cost": 11.22,
                                                  "Total Cost": 7458.88,
                                                  "Plan Rows": 4,
                                                  "Plan Width": 25,
                                                  "Actual Startup Time": 14.675,
                                                  "Actual Total Time": 685.631,
                                                  "Actual Rows": 5494,
                                                  "Actual Loops": 1,
                                                  "Inner Unique": true,
                                                  "Join Filter": "(t.kind_id = kt.id)",
                                                  "Rows Removed by Join Filter": 370,
                                                  "Plans": [
                                                    {
                                                      "Node Type": "Nested Loop",
                                                      "Parent Relationship": "Outer",
                                                      "Parallel Aware": false,
                                                      "Join Type": "Inner",
                                                      "Startup Cost": 11.22,
                                                      "Total Cost": 7457.41,
                                                      "Plan Rows": 13,
                                                      "Plan Width": 29,
                                                      "Actual Startup Time": 14.613,
                                                      "Actual Total Time": 682.436,
                                                      "Actual Rows": 5519,
                                                      "Actual Loops": 1,
                                                      "Inner Unique": true,
                                                      "Plans": [
                                                        {
                                                          "Node Type": "Nested Loop",
                                                          "Parent Relationship": "Outer",
                                                          "Parallel Aware": false,
                                                          "Join Type": "Inner",
                                                          "Startup Cost": 10.79,
                                                          "Total Cost": 7391.29,
                                                          "Plan Rows": 135,
                                                          "Plan Width": 4,
                                                          "Actual Startup Time": 9.128,
                                                          "Actual Total Time": 262.381,
                                                          "Actual Rows": 37091,
                                                          "Actual Loops": 1,
                                                          "Inner Unique": false,
                                                          "Plans": [
                                                            {
                                                              "Node Type": "Seq Scan",
                                                              "Parent Relationship": "Outer",
                                                              "Parallel Aware": false,
                                                              "Relation Name": "keyword",
                                                              "Alias": "k",
                                                              "Startup Cost": 0.0,
                                                              "Total Cost": 2961.55,
                                                              "Plan Rows": 4,
                                                              "Plan Width": 4,
                                                              "Actual Startup Time": 1.723,
                                                              "Actual Total Time": 32.192,
                                                              "Actual Rows": 3,
                                                              "Actual Loops": 1,
                                                              "Filter": "(keyword = ANY ('{murder,murder-in-title,blood,violence}'::text[]))",
                                                              "Rows Removed by Filter": 134167
                                                            },
                                                            {
                                                              "Node Type": "Bitmap Heap Scan",
                                                              "Parent Relationship": "Inner",
                                                              "Parallel Aware": false,
                                                              "Relation Name": "movie_keyword",
                                                              "Alias": "mk",
                                                              "Startup Cost": 10.79,
                                                              "Total Cost": 1104.4,
                                                              "Plan Rows": 304,
                                                              "Plan Width": 8,
                                                              "Actual Startup Time": 6.171,
                                                              "Actual Total Time": 73.281,
                                                              "Actual Rows": 12364,
                                                              "Actual Loops": 3,
                                                              "Recheck Cond": "(keyword_id = k.id)",
                                                              "Rows Removed by Index Recheck": 0,
                                                              "Exact Heap Blocks": 26312,
                                                              "Lossy Heap Blocks": 0,
                                                              "Plans": [
                                                                {
                                                                  "Node Type": "Bitmap Index Scan",
                                                                  "Parent Relationship": "Outer",
                                                                  "Parallel Aware": false,
                                                                  "Index Name": "keyword_id_movie_keyword",
                                                                  "Startup Cost": 0.0,
                                                                  "Total Cost": 10.71,
                                                                  "Plan Rows": 304,
                                                                  "Plan Width": 0,
                                                                  "Actual Startup Time": 4.614,
                                                                  "Actual Total Time": 4.615,
                                                                  "Actual Rows": 12364,
                                                                  "Actual Loops": 3,
                                                                  "Index Cond": "(keyword_id = k.id)"
                                                                }
                                                              ]
                                                            }
                                                          ]
                                                        },
                                                        {
                                                          "Node Type": "Index Scan",
                                                          "Parent Relationship": "Inner",
                                                          "Parallel Aware": false,
                                                          "Scan Direction": "Forward",
                                                          "Index Name": "title_pkey",
                                                          "Relation Name": "title",
                                                          "Alias": "t",
                                                          "Startup Cost": 0.43,
                                                          "Total Cost": 0.49,
                                                          "Plan Rows": 1,
                                                          "Plan Width": 25,
                                                          "Actual Startup Time": 0.011,
                                                          "Actual Total Time": 0.011,
                                                          "Actual Rows": 0,
                                                          "Actual Loops": 37091,
                                                          "Index Cond": "(id = mk.movie_id)",
                                                          "Rows Removed by Index Recheck": 0,
                                                          "Filter": "(production_year < 1960)",
                                                          "Rows Removed by Filter": 1
                                                        }
                                                      ]
                                                    },
                                                    {
                                                      "Node Type": "Materialize",
                                                      "Parent Relationship": "Inner",
                                                      "Parallel Aware": false,
                                                      "Startup Cost": 0.0,
                                                      "Total Cost": 1.1,
                                                      "Plan Rows": 2,
                                                      "Plan Width": 4,
                                                      "Actual Startup Time": 0.0,
                                                      "Actual Total Time": 0.0,
                                                      "Actual Rows": 1,
                                                      "Actual Loops": 5519,
                                                      "Plans": [
                                                        {
                                                          "Node Type": "Seq Scan",
                                                          "Parent Relationship": "Outer",
                                                          "Parallel Aware": false,
                                                          "Relation Name": "kind_type",
                                                          "Alias": "kt",
                                                          "Startup Cost": 0.0,
                                                          "Total Cost": 1.09,
                                                          "Plan Rows": 2,
                                                          "Plan Width": 4,
                                                          "Actual Startup Time": 0.03,
                                                          "Actual Total Time": 0.036,
                                                          "Actual Rows": 2,
                                                          "Actual Loops": 1,
                                                          "Filter": "((kind)::text = ANY ('{movie,episode}'::text[]))",
                                                          "Rows Removed by Filter": 5
                                                        }
                                                      ]
                                                    }
                                                  ]
                                                },
                                                {
                                                  "Node Type": "Index Scan",
                                                  "Parent Relationship": "Inner",
                                                  "Parallel Aware": false,
                                                  "Scan Direction": "Forward",
                                                  "Index Name": "movie_id_complete_cast",
                                                  "Relation Name": "complete_cast",
                                                  "Alias": "cc",
                                                  "Startup Cost": 0.42,
                                                  "Total Cost": 0.46,
                                                  "Plan Rows": 2,
                                                  "Plan Width": 12,
                                                  "Actual Startup Time": 0.005,
                                                  "Actual Total Time": 0.006,
                                                  "Actual Rows": 1,
                                                  "Actual Loops": 5494,
                                                  "Index Cond": "(movie_id = mk.movie_id)",
                                                  "Rows Removed by Index Recheck": 0
                                                }
                                              ]
                                            }
                                          ]
                                        },
                                        {
                                          "Node Type": "Seq Scan",
                                          "Parent Relationship": "Inner",
                                          "Parallel Aware": false,
                                          "Relation Name": "comp_cast_type",
                                          "Alias": "cct2",
                                          "Startup Cost": 0.0,
                                          "Total Cost": 1.05,
                                          "Plan Rows": 3,
                                          "Plan Width": 4,
                                          "Actual Startup Time": 0.002,
                                          "Actual Total Time": 0.002,
                                          "Actual Rows": 3,
                                          "Actual Loops": 2262,
                                          "Filter": "((kind)::text <> 'complete+verified'::text)",
                                          "Rows Removed by Filter": 0
                                        }
                                      ]
                                    },
                                    {
                                      "Node Type": "Index Scan",
                                      "Parent Relationship": "Inner",
                                      "Parallel Aware": false,
                                      "Scan Direction": "Forward",
                                      "Index Name": "movie_id_movie_companies",
                                      "Relation Name": "movie_companies",
                                      "Alias": "mc",
                                      "Startup Cost": 0.43,
                                      "Total Cost": 0.57,
                                      "Plan Rows": 1,
                                      "Plan Width": 12,
                                      "Actual Startup Time": 0.031,
                                      "Actual Total Time": 0.035,
                                      "Actual Rows": 1,
                                      "Actual Loops": 1181,
                                      "Index Cond": "(movie_id = mk.movie_id)",
                                      "Rows Removed by Index Recheck": 0,
                                      "Filter": "((note !~~ '%(USA)%'::text) AND (note ~~ '%(200%)%'::text))",
                                      "Rows Removed by Filter": 7
                                    }
                                  ]
                                },
                                {
                                  "Node Type": "Index Scan",
                                  "Parent Relationship": "Inner",
                                  "Parallel Aware": false,
                                  "Scan Direction": "Forward",
                                  "Index Name": "company_name_pkey",
                                  "Relation Name": "company_name",
                                  "Alias": "cn",
                                  "Startup Cost": 0.42,
                                  "Total Cost": 0.54,
                                  "Plan Rows": 1,
                                  "Plan Width": 23,
                                  "Actual Startup Time": 0.01,
                                  "Actual Total Time": 0.01,
                                  "Actual Rows": 1,
                                  "Actual Loops": 686,
                                  "Index Cond": "(id = mc.company_id)",
                                  "Rows Removed by Index Recheck": 0,
                                  "Filter": "((country_code)::text <> '[us]'::text)",
                                  "Rows Removed by Filter": 0
                                }
                              ]
                            },
                            {
                              "Node Type": "Seq Scan",
                              "Parent Relationship": "Inner",
                              "Parallel Aware": false,
                              "Relation Name": "company_type",
                              "Alias": "ct",
                              "Startup Cost": 0.0,
                              "Total Cost": 1.04,
                              "Plan Rows": 4,
                              "Plan Width": 4,
                              "Actual Startup Time": 0.001,
                              "Actual Total Time": 0.001,
                              "Actual Rows": 1,
                              "Actual Loops": 380
                            }
                          ]
                        },
                        {
                          "Node Type": "Index Scan",
                          "Parent Relationship": "Inner",
                          "Parallel Aware": false,
                          "Scan Direction": "Forward",
                          "Index Name": "movie_id_movie_info",
                          "Relation Name": "movie_info",
                          "Alias": "mi",
                          "Startup Cost": 0.43,
                          "Total Cost": 1.53,
                          "Plan Rows": 1,
                          "Plan Width": 8,
                          "Actual Startup Time": 0.118,
                          "Actual Total Time": 0.131,
                          "Actual Rows": 0,
                          "Actual Loops": 380,
                          "Index Cond": "(movie_id = mk.movie_id)",
                          "Rows Removed by Index Recheck": 0,
                          "Filter": "(info = ANY ('{Sweden,Germany,Swedish,German}'::text[]))",
                          "Rows Removed by Filter": 85
                        }
                      ]
                    },
                    {
                      "Node Type": "Seq Scan",
                      "Parent Relationship": "Inner",
                      "Parallel Aware": false,
                      "Relation Name": "info_type",
                      "Alias": "it1",
                      "Startup Cost": 0.0,
                      "Total Cost": 2.41,
                      "Plan Rows": 1,
                      "Plan Width": 4,
                      "Actual Startup Time": 0.006,
                      "Actual Total Time": 0.011,
                      "Actual Rows": 1,
                      "Actual Loops": 63,
                      "Filter": "((info)::text = 'countries'::text)",
                      "Rows Removed by Filter": 87
                    }
                  ]
                },
                {
                  "Node Type": "Index Scan",
                  "Parent Relationship": "Inner",
                  "Parallel Aware": false,
                  "Scan Direction": "Forward",
                  "Index Name": "movie_id_movie_info_idx",
                  "Relation Name": "movie_info_idx",
                  "Alias": "mi_idx",
                  "Startup Cost": 0.43,
                  "Total Cost": 0.5,
                  "Plan Rows": 1,
                  "Plan Width": 14,
                  "Actual Startup Time": 0.024,
                  "Actual Total Time": 0.028,
                  "Actual Rows": 2,
                  "Actual Loops": 15,
                  "Index Cond": "(movie_id = mk.movie_id)",
                  "Rows Removed by Index Recheck": 0,
                  "Filter": "(info > '6.5'::text)",
                  "Rows Removed by Filter": 2
                }
              ]
            },
            {
              "Node Type": "Seq Scan",
              "Parent Relationship": "Inner",
              "Parallel Aware": false,
              "Relation Name": "info_type",
              "Alias": "it2",
              "Startup Cost": 0.0,
              "Total Cost": 2.41,
              "Plan Rows": 1,
              "Plan Width": 4,
              "Actual Startup Time": 0.01,
              "Actual Total Time": 0.01,
              "Actual Rows": 1,
              "Actual Loops": 28,
              "Filter": "((info)::text = 'rating'::text)",
              "Rows Removed by Filter": 106
            }
          ]
        }
      ]
    },
    "Planning Time": 650.31,
    "Triggers": [],
    "Execution Time": 841.733
  }
]