[
  {
    "Plan": {
      "Node Type": "Aggregate",
      "Strategy": "Plain",
      "Partial Mode": "Simple",
      "Parallel Aware": false,
      "Startup Cost": 16614.38,
      "Total Cost": 16614.39,
      "Plan Rows": 1,
      "Plan Width": 64,
      "Actual Startup Time": 150.141,
      "Actual Total Time": 150.145,
      "Actual Rows": 1,
      "Actual Loops": 1,
      "Plans": [
        {
          "Node Type": "Nested Loop",
          "Parent Relationship": "Outer",
          "Parallel Aware": false,
          "Join Type": "Inner",
          "Startup Cost": 11.65,
          "Total Cost": 16614.38,
          "Plan Rows": 1,
          "Plan Width": 22,
          "Actual Startup Time": 9.865,
          "Actual Total Time": 149.955,
          "Actual Rows": 371,
          "Actual Loops": 1,
          "Inner Unique": true,
          "Join Filter": "(mi_idx.movie_id = t.id)",
          "Rows Removed by Join Filter": 0,
          "Plans": [
            {
              "Node Type": "Nested Loop",
              "Parent Relationship": "Outer",
              "Parallel Aware": false,
              "Join Type": "Inner",
              "Startup Cost": 11.22,
              "Total Cost": 16613.37,
              "Plan Rows": 2,
              "Plan Width": 13,
              "Actual Startup Time": 7.637,
              "Actual Total Time": 129.51,
              "Actual Rows": 1628,
              "Actual Loops": 1,
              "Inner Unique": false,
              "Join Filter": "(mi_idx.info_type_id = it.id)",
              "Rows Removed by Join Filter": 1827,
              "Plans": [
                {
                  "Node Type": "Seq Scan",
                  "Parent Relationship": "Outer",
                  "Parallel Aware": false,
                  "Relation Name": "info_type",
                  "Alias": "it",
                  "Startup Cost": 0.0,
                  "Total Cost": 2.41,
                  "Plan Rows": 1,
                  "Plan Width": 4,
                  "Actual Startup Time": 0.061,
                  "Actual Total Time": 0.064,
                  "Actual Rows": 1,
                  "Actual Loops": 1,
                  "Filter": "((info)::text = 'rating'::text)",
                  "Rows Removed by Filter": 112
                },
                {
                  "Node Type": "Nested Loop",
                  "Parent Relationship": "Inner",
                  "Parallel Aware": false,
                  "Join Type": "Inner",
                  "Startup Cost": 11.22,
                  "Total Cost": 16607.76,
                  "Plan Rows": 256,
                  "Plan Width": 17,
                  "Actual Startup Time": 7.572,
                  "Actual Total Time": 128.794,
                  "Actual Rows": 3455,
                  "Actual Loops": 1,
                  "Inner Unique": false,
                  "Plans": [
                    {
                      "Node Type": "Nested Loop",
                      "Parent Relationship": "Outer",
                      "Parallel Aware": false,
                      "Join Type": "Inner",
                      "Startup Cost": 10.8,
                      "Total Cost": 16384.36,
                      "Plan Rows": 438,
                      "Plan Width": 4,
                      "Actual Startup Time": 7.307,
                      "Actual Total Time": 62.908,
                      "Actual Rows": 12951,
                      "Actual Loops": 1,
                      "Inner Unique": false,
                      "Plans": [
                        {
                          "Node Type": "Seq Scan",
                          "Parent Relationship": "Outer",
                          "Parallel Aware": false,
                          "Relation Name": "keyword",
                          "Alias": "k",
                          "Startup Cost": 0.0,
                          "Total Cost": 2626.12,
                          "Plan Rows": 13,
                          "Plan Width": 4,
                          "Actual Startup Time": 2.707,
                          "Actual Total Time": 23.871,
                          "Actual Rows": 30,
                          "Actual Loops": 1,
                          "Filter": "(keyword ~~ '%sequel%'::text)",
                          "Rows Removed by Filter": 134140
                        },
                        {
                          "Node Type": "Bitmap Heap Scan",
                          "Parent Relationship": "Inner",
                          "Parallel Aware": false,
                          "Relation Name": "movie_keyword",
                          "Alias": "mk",
                          "Startup Cost": 10.8,
                          "Total Cost": 1055.28,
                          "Plan Rows": 305,
                          "Plan Width": 8,
                          "Actual Startup Time": 0.178,
                          "Actual Total Time": 1.212,
                          "Actual Rows": 432,
                          "Actual Loops": 30,
                          "Recheck Cond": "(keyword_id = k.id)",
                          "Rows Removed by Index Recheck": 0,
                          "Exact Heap Blocks": 6979,
                          "Lossy Heap Blocks": 0,
                          "Plans": [
                            {
                              "Node Type": "Bitmap Index Scan",
                              "Parent Relationship": "Outer",
                              "Parallel Aware": false,
                              "Index Name": "keyword_id_movie_keyword",
                              "Startup Cost": 0.0,
                              "Total Cost": 10.72,
                              "Plan Rows": 305,
                              "Plan Width": 0,
                              "Actual Startup Time": 0.128,
                              "Actual Total Time": 0.128,
                              "Actual Rows": 432,
                              "Actual Loops": 30,
                              "Index Cond": "(keyword_id = k.id)"
                            }
                          ]
                        }
                      ]
                    },
                    {
                      "Node Type": "Index Scan",
                      "Parent Relationship": "Inner",
                      "Parallel Aware": false,
                      "Scan Direction": "Forward",
                      "Index Name": "movie_id_movie_info_idx",
                      "Relation Name": "movie_info_idx",
                      "Alias": "mi_idx",
                      "Startup Cost": 0.43,
                      "Total Cost": 0.5,
                      "Plan Rows": 1,
                      "Plan Width": 13,
                      "Actual Startup Time": 0.005,
                      "Actual Total Time": 0.005,
                      "Actual Rows": 0,
                      "Actual Loops": 12951,
                      "Index Cond": "(movie_id = mk.movie_id)",
                      "Rows Removed by Index Recheck": 0,
                      "Filter": "(info > '6.8'::text)",
                      "Rows Removed by Filter": 2
                    }
                  ]
                }
              ]
            },
            {
              "Node Type": "Index Scan",
              "Parent Relationship": "Inner",
              "Parallel Aware": false,
              "Scan Direction": "Forward",
              "Index Name": "title_pkey",
              "Relation Name": "title",
              "Alias": "t",
              "Startup Cost": 0.43,
              "Total Cost": 0.49,
              "Plan Rows": 1,
              "Plan Width": 21,
              "Actual Startup Time": 0.012,
              "Actual Total Time": 0.012,
              "Actual Rows": 0,
              "Actual Loops": 1628,
              "Index Cond": "(id = mk.movie_id)",
              "Rows Removed by Index Recheck": 0,
              "Filter": "(production_year > 2002)",
              "Rows Removed by Filter": 1
            }
          ]
        }
      ]
    },
    "Planning Time": 6.703,
    "Triggers": [],
    "Execution Time": 150.526
  }
]