[
  {
    "Plan": {
      "Node Type": "Aggregate",
      "Strategy": "Plain",
      "Partial Mode": "Finalize",
      "Parallel Aware": false,
      "Startup Cost": 75994.0,
      "Total Cost": 75994.01,
      "Plan Rows": 1,
      "Plan Width": 8,
      "Actual Startup Time": 249.372,
      "Actual Total Time": 266.753,
      "Actual Rows": 1,
      "Actual Loops": 1,
      "Plans": [
        {
          "Node Type": "Gather",
          "Parent Relationship": "Outer",
          "Parallel Aware": false,
          "Startup Cost": 75993.68,
          "Total Cost": 75993.99,
          "Plan Rows": 3,
          "Plan Width": 8,
          "Actual Startup Time": 248.975,
          "Actual Total Time": 266.747,
          "Actual Rows": 4,
          "Actual Loops": 1,
          "Workers Planned": 3,
          "Workers Launched": 3,
          "Single Copy": false,
          "Plans": [
            {
              "Node Type": "Aggregate",
              "Strategy": "Plain",
              "Partial Mode": "Partial",
              "Parent Relationship": "Outer",
              "Parallel Aware": false,
              "Startup Cost": 74993.68,
              "Total Cost": 74993.69,
              "Plan Rows": 1,
              "Plan Width": 8,
              "Actual Startup Time": 243.896,
              "Actual Total Time": 243.899,
              "Actual Rows": 1,
              "Actual Loops": 4,
              "Plans": [
                {
                  "Node Type": "Hash Join",
                  "Parent Relationship": "Outer",
                  "Parallel Aware": true,
                  "Join Type": "Inner",
                  "Startup Cost": 45557.14,
                  "Total Cost": 74973.03,
                  "Plan Rows": 8261,
                  "Plan Width": 0,
                  "Actual Startup Time": 127.833,
                  "Actual Total Time": 242.295,
                  "Actual Rows": 32803,
                  "Actual Loops": 4,
                  "Inner Unique": true,
                  "Hash Cond": "(mc.movie_id = t.id)",
                  "Plans": [
                    {
                      "Node Type": "Seq Scan",
                      "Parent Relationship": "Outer",
                      "Parallel Aware": true,
                      "Relation Name": "movie_companies",
                      "Alias": "mc",
                      "Startup Cost": 0.0,
                      "Total Cost": 27206.55,
                      "Plan Rows": 841655,
                      "Plan Width": 4,
                      "Actual Startup Time": 0.009,
                      "Actual Total Time": 60.264,
                      "Actual Rows": 652282,
                      "Actual Loops": 4
                    },
                    {
                      "Node Type": "Hash",
                      "Parent Relationship": "Inner",
                      "Parallel Aware": true,
                      "Startup Cost": 45479.59,
                      "Total Cost": 45479.59,
                      "Plan Rows": 6204,
                      "Plan Width": 4,
                      "Actual Startup Time": 102.25,
                      "Actual Total Time": 102.251,
                      "Actual Rows": 16879,
                      "Actual Loops": 4,
                      "Hash Buckets": 65536,
                      "Original Hash Buckets": 32768,
                      "Hash Batches": 1,
                      "Original Hash Batches": 1,
                      "Peak Memory Usage": 3456,
                      "Plans": [
                        {
                          "Node Type": "Seq Scan",
                          "Parent Relationship": "Outer",
                          "Parallel Aware": true,
                          "Relation Name": "title",
                          "Alias": "t",
                          "Startup Cost": 0.0,
                          "Total Cost": 45479.59,
                          "Plan Rows": 6204,
                          "Plan Width": 4,
                          "Actual Startup Time": 60.679,
                          "Actual Total Time": 95.132,
                          "Actual Rows": 16879,
                          "Actual Loops": 4,
                          "Filter": "((kind_id < 7) AND (production_year < 1916))",
                          "Rows Removed by Filter": 615199
                        }
                      ]
                    }
                  ]
                }
              ]
            }
          ]
        }
      ]
    },
    "Planning Time": 0.586,
    "Triggers": [],
    "Execution Time": 266.815
  }
]