[
    {
        "Bao": {
            "Bao prediction": 812.714,
            "Bao recommended hint": "(no hint)"
        }
    },
    {
        "Plan": {
            "Node Type": "Aggregate",
            "Strategy": "Plain",
            "Partial Mode": "Finalize",
            "Parallel Aware": false,
            "Startup Cost": 80120.12,
            "Total Cost": 80120.13,
            "Plan Rows": 1,
            "Plan Width": 8,
            "Actual Startup Time": 514.888,
            "Actual Total Time": 525.242,
            "Actual Rows": 1,
            "Actual Loops": 1,
            "Output": [
                "count(*)"
            ],
            "Plans": [
                {
                    "Node Type": "Gather",
                    "Parent Relationship": "Outer",
                    "Parallel Aware": false,
                    "Startup Cost": 80119.8,
                    "Total Cost": 80120.11,
                    "Plan Rows": 3,
                    "Plan Width": 8,
                    "Actual Startup Time": 506.113,
                    "Actual Total Time": 525.232,
                    "Actual Rows": 4,
                    "Actual Loops": 1,
                    "Output": [
                        "(PARTIAL count(*))"
                    ],
                    "Workers Planned": 3,
                    "Workers Launched": 3,
                    "Single Copy": false,
                    "Plans": [
                        {
                            "Node Type": "Aggregate",
                            "Strategy": "Plain",
                            "Partial Mode": "Partial",
                            "Parent Relationship": "Outer",
                            "Parallel Aware": false,
                            "Startup Cost": 79119.8,
                            "Total Cost": 79119.81,
                            "Plan Rows": 1,
                            "Plan Width": 8,
                            "Actual Startup Time": 494.226,
                            "Actual Total Time": 494.23,
                            "Actual Rows": 1,
                            "Actual Loops": 4,
                            "Output": [
                                "PARTIAL count(*)"
                            ],
                            "Workers": [
                                {
                                    "Worker Number": 0,
                                    "Actual Startup Time": 490.939,
                                    "Actual Total Time": 490.942,
                                    "Actual Rows": 1,
                                    "Actual Loops": 1
                                },
                                {
                                    "Worker Number": 1,
                                    "Actual Startup Time": 490.147,
                                    "Actual Total Time": 490.15,
                                    "Actual Rows": 1,
                                    "Actual Loops": 1
                                },
                                {
                                    "Worker Number": 2,
                                    "Actual Startup Time": 490.369,
                                    "Actual Total Time": 490.372,
                                    "Actual Rows": 1,
                                    "Actual Loops": 1
                                }
                            ],
                            "Plans": [
                                {
                                    "Node Type": "Hash Join",
                                    "Parent Relationship": "Outer",
                                    "Parallel Aware": true,
                                    "Join Type": "Inner",
                                    "Startup Cost": 48110.86,
                                    "Total Cost": 78547.94,
                                    "Plan Rows": 228745,
                                    "Plan Width": 0,
                                    "Actual Startup Time": 319.022,
                                    "Actual Total Time": 480.46,
                                    "Actual Rows": 205226,
                                    "Actual Loops": 4,
                                    "Inner Unique": true,
                                    "Hash Cond": "(mc.movie_id = t.id)",
                                    "Workers": [
                                        {
                                            "Worker Number": 0,
                                            "Actual Startup Time": 315.136,
                                            "Actual Total Time": 476.679,
                                            "Actual Rows": 205276,
                                            "Actual Loops": 1
                                        },
                                        {
                                            "Worker Number": 1,
                                            "Actual Startup Time": 315.107,
                                            "Actual Total Time": 476.903,
                                            "Actual Rows": 190501,
                                            "Actual Loops": 1
                                        },
                                        {
                                            "Worker Number": 2,
                                            "Actual Startup Time": 315.35,
                                            "Actual Total Time": 476.113,
                                            "Actual Rows": 206015,
                                            "Actual Loops": 1
                                        }
                                    ],
                                    "Plans": [
                                        {
                                            "Node Type": "Seq Scan",
                                            "Parent Relationship": "Outer",
                                            "Parallel Aware": true,
                                            "Relation Name": "movie_companies",
                                            "Schema": "public",
                                            "Alias": "mc",
                                            "Startup Cost": 0.0,
                                            "Total Cost": 29310.68,
                                            "Plan Rows": 429104,
                                            "Plan Width": 4,
                                            "Actual Startup Time": 36.301,
                                            "Actual Total Time": 88.267,
                                            "Actual Rows": 333721,
                                            "Actual Loops": 4,
                                            "Output": [
                                                "mc.id",
                                                "mc.movie_id",
                                                "mc.company_id",
                                                "mc.company_type_id",
                                                "mc.note"
                                            ],
                                            "Filter": "(mc.company_type_id > 1)",
                                            "Rows Removed by Filter": 318562,
                                            "Workers": [
                                                {
                                                    "Worker Number": 0,
                                                    "Actual Startup Time": 36.303,
                                                    "Actual Total Time": 89.881,
                                                    "Actual Rows": 335447,
                                                    "Actual Loops": 1
                                                },
                                                {
                                                    "Worker Number": 1,
                                                    "Actual Startup Time": 36.3,
                                                    "Actual Total Time": 87.274,
                                                    "Actual Rows": 310007,
                                                    "Actual Loops": 1
                                                },
                                                {
                                                    "Worker Number": 2,
                                                    "Actual Startup Time": 36.309,
                                                    "Actual Total Time": 89.067,
                                                    "Actual Rows": 333468,
                                                    "Actual Loops": 1
                                                }
                                            ]
                                        },
                                        {
                                            "Node Type": "Hash",
                                            "Parent Relationship": "Inner",
                                            "Parallel Aware": true,
                                            "Startup Cost": 43899.01,
                                            "Total Cost": 43899.01,
                                            "Plan Rows": 336948,
                                            "Plan Width": 4,
                                            "Actual Startup Time": 274.783,
                                            "Actual Total Time": 274.785,
                                            "Actual Rows": 337073,
                                            "Actual Loops": 4,
                                            "Output": [
                                                "t.id"
                                            ],
                                            "Hash Buckets": 2097152,
                                            "Original Hash Buckets": 2097152,
                                            "Hash Batches": 1,
                                            "Original Hash Batches": 1,
                                            "Peak Memory Usage": 69216,
                                            "Workers": [
                                                {
                                                    "Worker Number": 0,
                                                    "Actual Startup Time": 278.107,
                                                    "Actual Total Time": 278.108,
                                                    "Actual Rows": 328671,
                                                    "Actual Loops": 1
                                                },
                                                {
                                                    "Worker Number": 1,
                                                    "Actual Startup Time": 278.089,
                                                    "Actual Total Time": 278.09,
                                                    "Actual Rows": 281703,
                                                    "Actual Loops": 1
                                                },
                                                {
                                                    "Worker Number": 2,
                                                    "Actual Startup Time": 278.361,
                                                    "Actual Total Time": 278.362,
                                                    "Actual Rows": 329676,
                                                    "Actual Loops": 1
                                                }
                                            ],
                                            "Plans": [
                                                {
                                                    "Node Type": "Seq Scan",
                                                    "Parent Relationship": "Outer",
                                                    "Parallel Aware": true,
                                                    "Relation Name": "title",
                                                    "Schema": "public",
                                                    "Alias": "t",
                                                    "Startup Cost": 0.0,
                                                    "Total Cost": 43899.01,
                                                    "Plan Rows": 336948,
                                                    "Plan Width": 4,
                                                    "Actual Startup Time": 0.042,
                                                    "Actual Total Time": 133.269,
                                                    "Actual Rows": 337073,
                                                    "Actual Loops": 4,
                                                    "Output": [
                                                        "t.id"
                                                    ],
                                                    "Filter": "(t.production_year < 2005)",
                                                    "Rows Removed by Filter": 295005,
                                                    "Workers": [
                                                        {
                                                            "Worker Number": 0,
                                                            "Actual Startup Time": 0.046,
                                                            "Actual Total Time": 136.949,
                                                            "Actual Rows": 328671,
                                                            "Actual Loops": 1
                                                        },
                                                        {
                                                            "Worker Number": 1,
                                                            "Actual Startup Time": 0.06,
                                                            "Actual Total Time": 134.193,
                                                            "Actual Rows": 281703,
                                                            "Actual Loops": 1
                                                        },
                                                        {
                                                            "Worker Number": 2,
                                                            "Actual Startup Time": 0.045,
                                                            "Actual Total Time": 137.125,
                                                            "Actual Rows": 329676,
                                                            "Actual Loops": 1
                                                        }
                                                    ]
                                                }
                                            ]
                                        }
                                    ]
                                }
                            ]
                        }
                    ]
                }
            ]
        },
        "Planning Time": 1276.234,
        "Triggers": [],
        "Execution Time": 525.347
    }
]