{
  "Plan": {
    "Node Type": "Aggregate",
    "Strategy": "Plain",
    "Partial Mode": "Finalize",
    "Parallel Aware": false,
    "Startup Cost": 493736.76,
    "Total Cost": 493736.77,
    "Plan Rows": 1,
    "Plan Width": 8,
    "Actual Startup Time": 4680.26,
    "Actual Total Time": 4711.085,
    "Actual Rows": 1,
    "Actual Loops": 1,
    "Plans": [
      {
        "Node Type": "Gather",
        "Parent Relationship": "Outer",
        "Parallel Aware": false,
        "Startup Cost": 493736.65,
        "Total Cost": 493736.76,
        "Plan Rows": 1,
        "Plan Width": 8,
        "Actual Startup Time": 4676.548,
        "Actual Total Time": 4711.078,
        "Actual Rows": 2,
        "Actual Loops": 1,
        "Workers Planned": 1,
        "Workers Launched": 1,
        "Single Copy": false,
        "Plans": [
          {
            "Node Type": "Aggregate",
            "Strategy": "Plain",
            "Partial Mode": "Partial",
            "Parent Relationship": "Outer",
            "Parallel Aware": false,
            "Startup Cost": 492736.65,
            "Total Cost": 492736.66,
            "Plan Rows": 1,
            "Plan Width": 8,
            "Actual Startup Time": 4664.266,
            "Actual Total Time": 4664.269,
            "Actual Rows": 1,
            "Actual Loops": 2,
            "Plans": [
              {
                "Node Type": "Hash Join",
                "Parent Relationship": "Outer",
                "Parallel Aware": true,
                "Join Type": "Inner",
                "Startup Cost": 69461.26,
                "Total Cost": 481859.47,
                "Plan Rows": 4350874,
                "Plan Width": 0,
                "Actual Startup Time": 537.466,
                "Actual Total Time": 4393.223,
                "Actual Rows": 6335344,
                "Actual Loops": 2,
                "Inner Unique": true,
                "Hash Cond": "(ci.movie_id = t.id)",
                "Plans": [
                  {
                    "Node Type": "Index Scan",
                    "Parent Relationship": "Outer",
                    "Parallel Aware": true,
                    "Scan Direction": "Forward",
                    "Index Name": "role_id_cast_info",
                    "Relation Name": "cast_info",
                    "Alias": "ci",
                    "Startup Cost": 0.56,
                    "Total Cost": 400977.7,
                    "Plan Rows": 4350874,
                    "Plan Width": 4,
                    "Actual Startup Time": 0.089,
                    "Actual Total Time": 1038.843,
                    "Actual Rows": 6335344,
                    "Actual Loops": 2,
                    "Index Cond": "(role_id < 2)",
                    "Rows Removed by Index Recheck": 0,
                    "Filter": "(person_id < 2181746)",
                    "Rows Removed by Filter": 0
                  },
                  {
                    "Node Type": "Hash",
                    "Parent Relationship": "Inner",
                    "Parallel Aware": true,
                    "Startup Cost": 50870.31,
                    "Total Cost": 50870.31,
                    "Plan Rows": 1487231,
                    "Plan Width": 4,
                    "Actual Startup Time": 515.943,
                    "Actual Total Time": 515.944,
                    "Actual Rows": 1264156,
                    "Actual Loops": 2,
                    "Hash Buckets": 4194304,
                    "Original Hash Buckets": 4194304,
                    "Hash Batches": 1,
                    "Original Hash Batches": 1,
                    "Peak Memory Usage": 131680,
                    "Plans": [
                      {
                        "Node Type": "Seq Scan",
                        "Parent Relationship": "Outer",
                        "Parallel Aware": true,
                        "Relation Name": "title",
                        "Alias": "t",
                        "Startup Cost": 0.0,
                        "Total Cost": 50870.31,
                        "Plan Rows": 1487231,
                        "Plan Width": 4,
                        "Actual Startup Time": 0.024,
                        "Actual Total Time": 147.88,
                        "Actual Rows": 1264156,
                        "Actual Loops": 2
                      }
                    ]
                  }
                ]
              }
            ]
          }
        ]
      }
    ]
  },
  "Planning Time": 0.712,
  "Triggers": [],
  "Execution Time": 4711.191
}