[
  {
    "Plan": {
      "Node Type": "Aggregate",
      "Strategy": "Plain",
      "Partial Mode": "Finalize",
      "Parallel Aware": false,
      "Startup Cost": 44947.64,
      "Total Cost": 44947.65,
      "Plan Rows": 1,
      "Plan Width": 8,
      "Actual Startup Time": 116.044,
      "Actual Total Time": 125.999,
      "Actual Rows": 1,
      "Actual Loops": 1,
      "Plans": [
        {
          "Node Type": "Gather",
          "Parent Relationship": "Outer",
          "Parallel Aware": false,
          "Startup Cost": 44947.33,
          "Total Cost": 44947.64,
          "Plan Rows": 3,
          "Plan Width": 8,
          "Actual Startup Time": 115.897,
          "Actual Total Time": 125.992,
          "Actual Rows": 4,
          "Actual Loops": 1,
          "Workers Planned": 3,
          "Workers Launched": 3,
          "Single Copy": false,
          "Plans": [
            {
              "Node Type": "Aggregate",
              "Strategy": "Plain",
              "Partial Mode": "Partial",
              "Parent Relationship": "Outer",
              "Parallel Aware": false,
              "Startup Cost": 43947.33,
              "Total Cost": 43947.34,
              "Plan Rows": 1,
              "Plan Width": 8,
              "Actual Startup Time": 112.487,
              "Actual Total Time": 112.488,
              "Actual Rows": 1,
              "Actual Loops": 4,
              "Plans": [
                {
                  "Node Type": "Seq Scan",
                  "Parent Relationship": "Outer",
                  "Parallel Aware": true,
                  "Relation Name": "movie_keyword",
                  "Alias": "mk",
                  "Startup Cost": 0.0,
                  "Total Cost": 42695.65,
                  "Plan Rows": 500669,
                  "Plan Width": 0,
                  "Actual Startup Time": 0.555,
                  "Actual Total Time": 96.499,
                  "Actual Rows": 385039,
                  "Actual Loops": 4,
                  "Filter": "(keyword_id > 10290)",
                  "Rows Removed by Filter": 745944
                }
              ]
            }
          ]
        }
      ]
    },
    "Planning Time": 0.086,
    "Triggers": [],
    "Execution Time": 126.027
  }
]