{
  "Plan": {
    "Node Type": "Aggregate",
    "Strategy": "Plain",
    "Partial Mode": "Finalize",
    "Parallel Aware": false,
    "Startup Cost": 163320.96,
    "Total Cost": 163320.97,
    "Plan Rows": 1,
    "Plan Width": 8,
    "Actual Startup Time": 327.283,
    "Actual Total Time": 344.293,
    "Actual Rows": 1,
    "Actual Loops": 1,
    "Plans": [
      {
        "Node Type": "Gather",
        "Parent Relationship": "Outer",
        "Parallel Aware": false,
        "Startup Cost": 163320.85,
        "Total Cost": 163320.96,
        "Plan Rows": 1,
        "Plan Width": 8,
        "Actual Startup Time": 326.847,
        "Actual Total Time": 344.285,
        "Actual Rows": 2,
        "Actual Loops": 1,
        "Workers Planned": 1,
        "Workers Launched": 1,
        "Single Copy": false,
        "Plans": [
          {
            "Node Type": "Aggregate",
            "Strategy": "Plain",
            "Partial Mode": "Partial",
            "Parent Relationship": "Outer",
            "Parallel Aware": false,
            "Startup Cost": 162320.85,
            "Total Cost": 162320.86,
            "Plan Rows": 1,
            "Plan Width": 8,
            "Actual Startup Time": 320.791,
            "Actual Total Time": 320.796,
            "Actual Rows": 1,
            "Actual Loops": 2,
            "Plans": [
              {
                "Node Type": "Nested Loop",
                "Parent Relationship": "Outer",
                "Parallel Aware": false,
                "Join Type": "Inner",
                "Startup Cost": 77289.38,
                "Total Cost": 162292.21,
                "Plan Rows": 11458,
                "Plan Width": 0,
                "Actual Startup Time": 194.136,
                "Actual Total Time": 320.718,
                "Actual Rows": 514,
                "Actual Loops": 2,
                "Inner Unique": false,
                "Join Filter": "(t.id = mi.movie_id)",
                "Rows Removed by Join Filter": 0,
                "Plans": [
                  {
                    "Node Type": "Hash Join",
                    "Parent Relationship": "Outer",
                    "Parallel Aware": true,
                    "Join Type": "Inner",
                    "Startup Cost": 77288.95,
                    "Total Cost": 109352.7,
                    "Plan Rows": 22662,
                    "Plan Width": 8,
                    "Actual Startup Time": 193.767,
                    "Actual Total Time": 311.54,
                    "Actual Rows": 1314,
                    "Actual Loops": 2,
                    "Inner Unique": true,
                    "Hash Cond": "(mk.movie_id = t.id)",
                    "Plans": [
                      {
                        "Node Type": "Bitmap Heap Scan",
                        "Parent Relationship": "Outer",
                        "Parallel Aware": true,
                        "Relation Name": "movie_keyword",
                        "Alias": "mk",
                        "Startup Cost": 18145.09,
                        "Total Cost": 48888.14,
                        "Plan Rows": 503124,
                        "Plan Width": 4,
                        "Actual Startup Time": 58.976,
                        "Actual Total Time": 141.15,
                        "Actual Rows": 423966,
                        "Actual Loops": 2,
                        "Recheck Cond": "(keyword_id > 21647)",
                        "Rows Removed by Index Recheck": 0,
                        "Exact Heap Blocks": 12354,
                        "Lossy Heap Blocks": 0,
                        "Plans": [
                          {
                            "Node Type": "Bitmap Index Scan",
                            "Parent Relationship": "Outer",
                            "Parallel Aware": false,
                            "Index Name": "keyword_id_movie_keyword",
                            "Startup Cost": 0.0,
                            "Total Cost": 17931.26,
                            "Plan Rows": 855311,
                            "Plan Width": 0,
                            "Actual Startup Time": 55.37,
                            "Actual Total Time": 55.371,
                            "Actual Rows": 847933,
                            "Actual Loops": 1,
                            "Index Cond": "(keyword_id > 21647)"
                          }
                        ]
                      },
                      {
                        "Node Type": "Hash",
                        "Parent Relationship": "Inner",
                        "Parallel Aware": true,
                        "Startup Cost": 58306.47,
                        "Total Cost": 58306.47,
                        "Plan Rows": 66991,
                        "Plan Width": 4,
                        "Actual Startup Time": 131.315,
                        "Actual Total Time": 131.316,
                        "Actual Rows": 8958,
                        "Actual Loops": 2,
                        "Hash Buckets": 131072,
                        "Original Hash Buckets": 131072,
                        "Hash Batches": 1,
                        "Original Hash Batches": 1,
                        "Peak Memory Usage": 1760,
                        "Plans": [
                          {
                            "Node Type": "Seq Scan",
                            "Parent Relationship": "Outer",
                            "Parallel Aware": true,
                            "Relation Name": "title",
                            "Alias": "t",
                            "Startup Cost": 0.0,
                            "Total Cost": 58306.47,
                            "Plan Rows": 66991,
                            "Plan Width": 4,
                            "Actual Startup Time": 0.065,
                            "Actual Total Time": 127.724,
                            "Actual Rows": 8958,
                            "Actual Loops": 2,
                            "Filter": "((production_year < 1955) AND (kind_id = 7))",
                            "Rows Removed by Filter": 1255198
                          }
                        ]
                      }
                    ]
                  },
                  {
                    "Node Type": "Index Scan",
                    "Parent Relationship": "Inner",
                    "Parallel Aware": false,
                    "Scan Direction": "Forward",
                    "Index Name": "movie_id_movie_info",
                    "Relation Name": "movie_info",
                    "Alias": "mi",
                    "Startup Cost": 0.43,
                    "Total Cost": 2.29,
                    "Plan Rows": 4,
                    "Plan Width": 4,
                    "Actual Startup Time": 0.005,
                    "Actual Total Time": 0.007,
                    "Actual Rows": 0,
                    "Actual Loops": 2629,
                    "Index Cond": "(movie_id = mk.movie_id)",
                    "Rows Removed by Index Recheck": 0,
                    "Filter": "(info_type_id = 4)",
                    "Rows Removed by Filter": 6
                  }
                ]
              }
            ]
          }
        ]
      }
    ]
  },
  "Planning Time": 0.972,
  "Triggers": [],
  "Execution Time": 344.399
}