[
  {
    "Plan": {
      "Node Type": "Aggregate",
      "Strategy": "Plain",
      "Partial Mode": "Finalize",
      "Parallel Aware": false,
      "Startup Cost": 45873.6,
      "Total Cost": 45873.61,
      "Plan Rows": 1,
      "Plan Width": 8,
      "Actual Startup Time": 166.413,
      "Actual Total Time": 175.112,
      "Actual Rows": 1,
      "Actual Loops": 1,
      "Plans": [
        {
          "Node Type": "Gather",
          "Parent Relationship": "Outer",
          "Parallel Aware": false,
          "Startup Cost": 45873.28,
          "Total Cost": 45873.59,
          "Plan Rows": 3,
          "Plan Width": 8,
          "Actual Startup Time": 166.293,
          "Actual Total Time": 175.103,
          "Actual Rows": 4,
          "Actual Loops": 1,
          "Workers Planned": 3,
          "Workers Launched": 3,
          "Single Copy": false,
          "Plans": [
            {
              "Node Type": "Aggregate",
              "Strategy": "Plain",
              "Partial Mode": "Partial",
              "Parent Relationship": "Outer",
              "Parallel Aware": false,
              "Startup Cost": 44873.28,
              "Total Cost": 44873.29,
              "Plan Rows": 1,
              "Plan Width": 8,
              "Actual Startup Time": 157.898,
              "Actual Total Time": 157.9,
              "Actual Rows": 1,
              "Actual Loops": 4,
              "Plans": [
                {
                  "Node Type": "Seq Scan",
                  "Parent Relationship": "Outer",
                  "Parallel Aware": true,
                  "Relation Name": "movie_keyword",
                  "Alias": "mk",
                  "Startup Cost": 0.0,
                  "Total Cost": 42695.65,
                  "Plan Rows": 871052,
                  "Plan Width": 0,
                  "Actual Startup Time": 0.063,
                  "Actual Total Time": 124.678,
                  "Actual Rows": 678763,
                  "Actual Loops": 4,
                  "Filter": "(keyword_id < 7677)",
                  "Rows Removed by Filter": 452219
                }
              ]
            }
          ]
        }
      ]
    },
    "Planning Time": 0.186,
    "Triggers": [],
    "Execution Time": 175.167
  }
]