[
  {
    "Plan": {
      "Node Type": "Aggregate",
      "Strategy": "Plain",
      "Partial Mode": "Finalize",
      "Parallel Aware": false,
      "Startup Cost": 296401.27,
      "Total Cost": 296401.28,
      "Plan Rows": 1,
      "Plan Width": 8,
      "Actual Startup Time": 1470.428,
      "Actual Total Time": 1607.082,
      "Actual Rows": 1,
      "Actual Loops": 1,
      "Plans": [
        {
          "Node Type": "Gather",
          "Parent Relationship": "Outer",
          "Parallel Aware": false,
          "Startup Cost": 296400.85,
          "Total Cost": 296401.26,
          "Plan Rows": 4,
          "Plan Width": 8,
          "Actual Startup Time": 1469.986,
          "Actual Total Time": 1607.069,
          "Actual Rows": 5,
          "Actual Loops": 1,
          "Workers Planned": 4,
          "Workers Launched": 4,
          "Single Copy": false,
          "Plans": [
            {
              "Node Type": "Aggregate",
              "Strategy": "Plain",
              "Partial Mode": "Partial",
              "Parent Relationship": "Outer",
              "Parallel Aware": false,
              "Startup Cost": 295400.85,
              "Total Cost": 295400.86,
              "Plan Rows": 1,
              "Plan Width": 8,
              "Actual Startup Time": 1465.014,
              "Actual Total Time": 1465.017,
              "Actual Rows": 1,
              "Actual Loops": 5,
              "Plans": [
                {
                  "Node Type": "Nested Loop",
                  "Parent Relationship": "Outer",
                  "Parallel Aware": false,
                  "Join Type": "Inner",
                  "Startup Cost": 12.69,
                  "Total Cost": 294830.67,
                  "Plan Rows": 228072,
                  "Plan Width": 0,
                  "Actual Startup Time": 3.903,
                  "Actual Total Time": 1455.331,
                  "Actual Rows": 130267,
                  "Actual Loops": 5,
                  "Inner Unique": false,
                  "Join Filter": "(t.id = ci.movie_id)",
                  "Rows Removed by Join Filter": 0,
                  "Plans": [
                    {
                      "Node Type": "Merge Join",
                      "Parent Relationship": "Outer",
                      "Parallel Aware": false,
                      "Join Type": "Inner",
                      "Startup Cost": 12.13,
                      "Total Cost": 152324.18,
                      "Plan Rows": 55086,
                      "Plan Width": 8,
                      "Actual Startup Time": 3.764,
                      "Actual Total Time": 777.287,
                      "Actual Rows": 19850,
                      "Actual Loops": 5,
                      "Inner Unique": false,
                      "Merge Cond": "(t.id = mi_idx.movie_id)",
                      "Plans": [
                        {
                          "Node Type": "Index Scan",
                          "Parent Relationship": "Outer",
                          "Parallel Aware": true,
                          "Scan Direction": "Forward",
                          "Index Name": "title_pkey",
                          "Relation Name": "title",
                          "Alias": "t",
                          "Startup Cost": 0.43,
                          "Total Cost": 94549.76,
                          "Plan Rows": 100924,
                          "Plan Width": 4,
                          "Actual Startup Time": 0.313,
                          "Actual Total Time": 377.538,
                          "Actual Rows": 87204,
                          "Actual Loops": 5,
                          "Filter": "((kind_id > 4) AND (production_year > 2008))",
                          "Rows Removed by Filter": 418368
                        },
                        {
                          "Node Type": "Index Only Scan",
                          "Parent Relationship": "Inner",
                          "Parallel Aware": false,
                          "Scan Direction": "Forward",
                          "Index Name": "movie_id_movie_info_idx",
                          "Relation Name": "movie_info_idx",
                          "Alias": "mi_idx",
                          "Startup Cost": 0.43,
                          "Total Cost": 53621.69,
                          "Plan Rows": 1380035,
                          "Plan Width": 4,
                          "Actual Startup Time": 0.085,
                          "Actual Total Time": 308.207,
                          "Actual Rows": 1376360,
                          "Actual Loops": 5,
                          "Heap Fetches": 6881802
                        }
                      ]
                    },
                    {
                      "Node Type": "Index Scan",
                      "Parent Relationship": "Inner",
                      "Parallel Aware": false,
                      "Scan Direction": "Forward",
                      "Index Name": "movie_id_cast_info",
                      "Relation Name": "cast_info",
                      "Alias": "ci",
                      "Startup Cost": 0.56,
                      "Total Cost": 2.46,
                      "Plan Rows": 10,
                      "Plan Width": 4,
                      "Actual Startup Time": 0.008,
                      "Actual Total Time": 0.033,
                      "Actual Rows": 7,
                      "Actual Loops": 99252,
                      "Index Cond": "(movie_id = mi_idx.movie_id)",
                      "Rows Removed by Index Recheck": 0,
                      "Filter": "((person_id > 629024) AND (role_id = 1))",
                      "Rows Removed by Filter": 36
                    }
                  ]
                }
              ]
            }
          ]
        }
      ]
    },
    "Planning Time": 0.859,
    "Triggers": [],
    "Execution Time": 1607.177
  }
]