[
  {
    "Plan": {
      "Node Type": "Aggregate",
      "Strategy": "Plain",
      "Partial Mode": "Finalize",
      "Parallel Aware": false,
      "Startup Cost": 33113.55,
      "Total Cost": 33113.56,
      "Plan Rows": 1,
      "Plan Width": 8,
      "Actual Startup Time": 90.565,
      "Actual Total Time": 98.529,
      "Actual Rows": 1,
      "Actual Loops": 1,
      "Plans": [
        {
          "Node Type": "Gather",
          "Parent Relationship": "Outer",
          "Parallel Aware": false,
          "Startup Cost": 33113.23,
          "Total Cost": 33113.54,
          "Plan Rows": 3,
          "Plan Width": 8,
          "Actual Startup Time": 90.403,
          "Actual Total Time": 98.52,
          "Actual Rows": 4,
          "Actual Loops": 1,
          "Workers Planned": 3,
          "Workers Launched": 3,
          "Single Copy": false,
          "Plans": [
            {
              "Node Type": "Aggregate",
              "Strategy": "Plain",
              "Partial Mode": "Partial",
              "Parent Relationship": "Outer",
              "Parallel Aware": false,
              "Startup Cost": 32113.23,
              "Total Cost": 32113.24,
              "Plan Rows": 1,
              "Plan Width": 8,
              "Actual Startup Time": 82.022,
              "Actual Total Time": 82.023,
              "Actual Rows": 1,
              "Actual Loops": 4,
              "Plans": [
                {
                  "Node Type": "Seq Scan",
                  "Parent Relationship": "Outer",
                  "Parallel Aware": true,
                  "Relation Name": "movie_companies",
                  "Alias": "mc",
                  "Startup Cost": 0.0,
                  "Total Cost": 31414.82,
                  "Plan Rows": 279364,
                  "Plan Width": 0,
                  "Actual Startup Time": 43.684,
                  "Actual Total Time": 76.144,
                  "Actual Rows": 138062,
                  "Actual Loops": 4,
                  "Filter": "((company_id < 21033) AND (company_type_id > 1))",
                  "Rows Removed by Filter": 514220
                }
              ]
            }
          ]
        }
      ]
    },
    "Planning Time": 0.094,
    "Triggers": [],
    "Execution Time": 98.556
  }
]