[
  {
    "Plan": {
      "Node Type": "Aggregate",
      "Strategy": "Plain",
      "Partial Mode": "Finalize",
      "Parallel Aware": false,
      "Startup Cost": 112710.06,
      "Total Cost": 112710.07,
      "Plan Rows": 1,
      "Plan Width": 8,
      "Actual Startup Time": 425.611,
      "Actual Total Time": 443.604,
      "Actual Rows": 1,
      "Actual Loops": 1,
      "Plans": [
        {
          "Node Type": "Gather",
          "Parent Relationship": "Outer",
          "Parallel Aware": false,
          "Startup Cost": 112709.74,
          "Total Cost": 112710.05,
          "Plan Rows": 3,
          "Plan Width": 8,
          "Actual Startup Time": 423.295,
          "Actual Total Time": 443.597,
          "Actual Rows": 4,
          "Actual Loops": 1,
          "Workers Planned": 3,
          "Workers Launched": 3,
          "Single Copy": false,
          "Plans": [
            {
              "Node Type": "Aggregate",
              "Strategy": "Plain",
              "Partial Mode": "Partial",
              "Parent Relationship": "Outer",
              "Parallel Aware": false,
              "Startup Cost": 111709.74,
              "Total Cost": 111709.75,
              "Plan Rows": 1,
              "Plan Width": 8,
              "Actual Startup Time": 411.177,
              "Actual Total Time": 411.183,
              "Actual Rows": 1,
              "Actual Loops": 4,
              "Plans": [
                {
                  "Node Type": "Hash Join",
                  "Parent Relationship": "Outer",
                  "Parallel Aware": true,
                  "Join Type": "Inner",
                  "Startup Cost": 64037.45,
                  "Total Cost": 111552.19,
                  "Plan Rows": 63022,
                  "Plan Width": 0,
                  "Actual Startup Time": 240.228,
                  "Actual Total Time": 409.719,
                  "Actual Rows": 37104,
                  "Actual Loops": 4,
                  "Inner Unique": false,
                  "Hash Cond": "(mk.movie_id = t.id)",
                  "Plans": [
                    {
                      "Node Type": "Seq Scan",
                      "Parent Relationship": "Outer",
                      "Parallel Aware": true,
                      "Relation Name": "movie_keyword",
                      "Alias": "mk",
                      "Startup Cost": 0.0,
                      "Total Cost": 42695.65,
                      "Plan Rows": 1215065,
                      "Plan Width": 4,
                      "Actual Startup Time": 0.059,
                      "Actual Total Time": 108.093,
                      "Actual Rows": 939728,
                      "Actual Loops": 4,
                      "Filter": "(keyword_id > 720)",
                      "Rows Removed by Filter": 191255
                    },
                    {
                      "Node Type": "Hash",
                      "Parent Relationship": "Inner",
                      "Parallel Aware": true,
                      "Startup Cost": 63354.45,
                      "Total Cost": 63354.45,
                      "Plan Rows": 54640,
                      "Plan Width": 8,
                      "Actual Startup Time": 237.454,
                      "Actual Total Time": 237.458,
                      "Actual Rows": 18591,
                      "Actual Loops": 4,
                      "Hash Buckets": 262144,
                      "Original Hash Buckets": 262144,
                      "Hash Batches": 1,
                      "Original Hash Batches": 1,
                      "Peak Memory Usage": 4992,
                      "Plans": [
                        {
                          "Node Type": "Hash Join",
                          "Parent Relationship": "Outer",
                          "Parallel Aware": true,
                          "Join Type": "Inner",
                          "Startup Cost": 47727.82,
                          "Total Cost": 63354.45,
                          "Plan Rows": 54640,
                          "Plan Width": 8,
                          "Actual Startup Time": 166.457,
                          "Actual Total Time": 230.302,
                          "Actual Rows": 18591,
                          "Actual Loops": 4,
                          "Inner Unique": true,
                          "Hash Cond": "(mi_idx.movie_id = t.id)",
                          "Plans": [
                            {
                              "Node Type": "Seq Scan",
                              "Parent Relationship": "Outer",
                              "Parallel Aware": true,
                              "Relation Name": "movie_info_idx",
                              "Alias": "mi_idx",
                              "Startup Cost": 0.0,
                              "Total Cost": 15122.68,
                              "Plan Rows": 191978,
                              "Plan Width": 4,
                              "Actual Startup Time": 0.029,
                              "Actual Total Time": 28.82,
                              "Actual Rows": 114981,
                              "Actual Loops": 4,
                              "Filter": "(info_type_id = 101)",
                              "Rows Removed by Filter": 230028
                            },
                            {
                              "Node Type": "Hash",
                              "Parent Relationship": "Inner",
                              "Parallel Aware": true,
                              "Startup Cost": 45479.1,
                              "Total Cost": 45479.1,
                              "Plan Rows": 179898,
                              "Plan Width": 4,
                              "Actual Startup Time": 162.984,
                              "Actual Total Time": 162.985,
                              "Actual Rows": 159608,
                              "Actual Loops": 4,
                              "Hash Buckets": 1048576,
                              "Original Hash Buckets": 1048576,
                              "Hash Batches": 1,
                              "Original Hash Batches": 1,
                              "Peak Memory Usage": 33248,
                              "Plans": [
                                {
                                  "Node Type": "Seq Scan",
                                  "Parent Relationship": "Outer",
                                  "Parallel Aware": true,
                                  "Relation Name": "title",
                                  "Alias": "t",
                                  "Startup Cost": 0.0,
                                  "Total Cost": 45479.1,
                                  "Plan Rows": 179898,
                                  "Plan Width": 4,
                                  "Actual Startup Time": 0.051,
                                  "Actual Total Time": 102.013,
                                  "Actual Rows": 159608,
                                  "Actual Loops": 4,
                                  "Filter": "((production_year < 2003) AND (kind_id = 7))",
                                  "Rows Removed by Filter": 472470
                                }
                              ]
                            }
                          ]
                        }
                      ]
                    }
                  ]
                }
              ]
            }
          ]
        }
      ]
    },
    "Planning Time": 1.375,
    "Triggers": [],
    "Execution Time": 443.688
  }
]