[
  {
    "Plan": {
      "Node Type": "Aggregate",
      "Strategy": "Plain",
      "Partial Mode": "Finalize",
      "Parallel Aware": false,
      "Startup Cost": 414498.17,
      "Total Cost": 414498.18,
      "Plan Rows": 1,
      "Plan Width": 8,
      "Actual Startup Time": 1605.567,
      "Actual Total Time": 1647.156,
      "Actual Rows": 1,
      "Actual Loops": 1,
      "Plans": [
        {
          "Node Type": "Gather",
          "Parent Relationship": "Outer",
          "Parallel Aware": false,
          "Startup Cost": 414497.86,
          "Total Cost": 414498.17,
          "Plan Rows": 3,
          "Plan Width": 8,
          "Actual Startup Time": 1579.96,
          "Actual Total Time": 1647.144,
          "Actual Rows": 4,
          "Actual Loops": 1,
          "Workers Planned": 3,
          "Workers Launched": 3,
          "Single Copy": false,
          "Plans": [
            {
              "Node Type": "Aggregate",
              "Strategy": "Plain",
              "Partial Mode": "Partial",
              "Parent Relationship": "Outer",
              "Parallel Aware": false,
              "Startup Cost": 413497.86,
              "Total Cost": 413497.87,
              "Plan Rows": 1,
              "Plan Width": 8,
              "Actual Startup Time": 1572.271,
              "Actual Total Time": 1572.463,
              "Actual Rows": 1,
              "Actual Loops": 4,
              "Plans": [
                {
                  "Node Type": "Hash Join",
                  "Parent Relationship": "Outer",
                  "Parallel Aware": true,
                  "Join Type": "Inner",
                  "Startup Cost": 379372.91,
                  "Total Cost": 412814.81,
                  "Plan Rows": 273219,
                  "Plan Width": 0,
                  "Actual Startup Time": 1338.744,
                  "Actual Total Time": 1549.249,
                  "Actual Rows": 474089,
                  "Actual Loops": 4,
                  "Inner Unique": false,
                  "Hash Cond": "(mc.movie_id = t.id)",
                  "Plans": [
                    {
                      "Node Type": "Seq Scan",
                      "Parent Relationship": "Outer",
                      "Parallel Aware": true,
                      "Relation Name": "movie_companies",
                      "Alias": "mc",
                      "Startup Cost": 0.0,
                      "Total Cost": 31414.82,
                      "Plan Rows": 419125,
                      "Plan Width": 4,
                      "Actual Startup Time": 35.618,
                      "Actual Total Time": 82.033,
                      "Actual Rows": 331890,
                      "Actual Loops": 4,
                      "Filter": "((company_id > 6) AND (company_type_id > 1))",
                      "Rows Removed by Filter": 320392
                    },
                    {
                      "Node Type": "Hash",
                      "Parent Relationship": "Inner",
                      "Parallel Aware": true,
                      "Startup Cost": 375939.11,
                      "Total Cost": 375939.11,
                      "Plan Rows": 274704,
                      "Plan Width": 8,
                      "Actual Startup Time": 1298.184,
                      "Actual Total Time": 1298.373,
                      "Actual Rows": 549788,
                      "Actual Loops": 4,
                      "Hash Buckets": 4194304,
                      "Original Hash Buckets": 2097152,
                      "Hash Batches": 1,
                      "Original Hash Batches": 1,
                      "Peak Memory Usage": 135264,
                      "Plans": [
                        {
                          "Node Type": "Hash Join",
                          "Parent Relationship": "Outer",
                          "Parallel Aware": true,
                          "Join Type": "Inner",
                          "Startup Cost": 115142.51,
                          "Total Cost": 375939.11,
                          "Plan Rows": 274704,
                          "Plan Width": 8,
                          "Actual Startup Time": 500.584,
                          "Actual Total Time": 984.353,
                          "Actual Rows": 549788,
                          "Actual Loops": 4,
                          "Inner Unique": true,
                          "Hash Cond": "(ci.movie_id = t.id)",
                          "Plans": [
                            {
                              "Node Type": "Bitmap Heap Scan",
                              "Parent Relationship": "Outer",
                              "Parallel Aware": true,
                              "Relation Name": "cast_info",
                              "Alias": "ci",
                              "Startup Cost": 64922.13,
                              "Total Cost": 324997.63,
                              "Plan Rows": 274704,
                              "Plan Width": 4,
                              "Actual Startup Time": 108.545,
                              "Actual Total Time": 278.924,
                              "Actual Rows": 549788,
                              "Actual Loops": 4,
                              "Recheck Cond": "(person_id < 296324)",
                              "Rows Removed by Index Recheck": 0,
                              "Filter": "(role_id < 3)",
                              "Rows Removed by Filter": 213429,
                              "Exact Heap Blocks": 11991,
                              "Lossy Heap Blocks": 0,
                              "Plans": [
                                {
                                  "Node Type": "Bitmap Index Scan",
                                  "Parent Relationship": "Outer",
                                  "Parallel Aware": false,
                                  "Index Name": "person_id_cast_info",
                                  "Startup Cost": 0.0,
                                  "Total Cost": 64510.07,
                                  "Plan Rows": 2955401,
                                  "Plan Width": 0,
                                  "Actual Startup Time": 103.174,
                                  "Actual Total Time": 103.175,
                                  "Actual Rows": 3052868,
                                  "Actual Loops": 1,
                                  "Index Cond": "(person_id < 296324)"
                                }
                              ]
                            },
                            {
                              "Node Type": "Hash",
                              "Parent Relationship": "Inner",
                              "Parallel Aware": true,
                              "Startup Cost": 42319.06,
                              "Total Cost": 42319.06,
                              "Plan Rows": 632106,
                              "Plan Width": 4,
                              "Actual Startup Time": 385.137,
                              "Actual Total Time": 385.138,
                              "Actual Rows": 632078,
                              "Actual Loops": 4,
                              "Hash Buckets": 4194304,
                              "Original Hash Buckets": 4194304,
                              "Hash Batches": 1,
                              "Original Hash Batches": 1,
                              "Peak Memory Usage": 131744,
                              "Plans": [
                                {
                                  "Node Type": "Seq Scan",
                                  "Parent Relationship": "Outer",
                                  "Parallel Aware": true,
                                  "Relation Name": "title",
                                  "Alias": "t",
                                  "Startup Cost": 0.0,
                                  "Total Cost": 42319.06,
                                  "Plan Rows": 632106,
                                  "Plan Width": 4,
                                  "Actual Startup Time": 0.06,
                                  "Actual Total Time": 111.761,
                                  "Actual Rows": 632078,
                                  "Actual Loops": 4
                                }
                              ]
                            }
                          ]
                        }
                      ]
                    }
                  ]
                }
              ]
            }
          ]
        }
      ]
    },
    "Planning Time": 0.96,
    "Triggers": [],
    "Execution Time": 1647.222
  }
]