[
  {
    "Plan": {
      "Node Type": "Aggregate",
      "Strategy": "Plain",
      "Partial Mode": "Finalize",
      "Parallel Aware": false,
      "Startup Cost": 206993.89,
      "Total Cost": 206993.9,
      "Plan Rows": 1,
      "Plan Width": 8,
      "Actual Startup Time": 491.319,
      "Actual Total Time": 530.627,
      "Actual Rows": 1,
      "Actual Loops": 1,
      "Plans": [
        {
          "Node Type": "Gather",
          "Parent Relationship": "Outer",
          "Parallel Aware": false,
          "Startup Cost": 206993.37,
          "Total Cost": 206993.88,
          "Plan Rows": 5,
          "Plan Width": 8,
          "Actual Startup Time": 491.126,
          "Actual Total Time": 530.616,
          "Actual Rows": 6,
          "Actual Loops": 1,
          "Workers Planned": 5,
          "Workers Launched": 5,
          "Single Copy": false,
          "Plans": [
            {
              "Node Type": "Aggregate",
              "Strategy": "Plain",
              "Partial Mode": "Partial",
              "Parent Relationship": "Outer",
              "Parallel Aware": false,
              "Startup Cost": 205993.37,
              "Total Cost": 205993.38,
              "Plan Rows": 1,
              "Plan Width": 8,
              "Actual Startup Time": 484.265,
              "Actual Total Time": 484.267,
              "Actual Rows": 1,
              "Actual Loops": 6,
              "Plans": [
                {
                  "Node Type": "Seq Scan",
                  "Parent Relationship": "Outer",
                  "Parallel Aware": true,
                  "Relation Name": "movie_info",
                  "Alias": "mi",
                  "Startup Cost": 0.0,
                  "Total Cost": 199108.24,
                  "Plan Rows": 2754050,
                  "Plan Width": 0,
                  "Actual Startup Time": 0.046,
                  "Actual Total Time": 385.524,
                  "Actual Rows": 2293852,
                  "Actual Loops": 6,
                  "Filter": "(info_type_id < 75)",
                  "Rows Removed by Filter": 178768
                }
              ]
            }
          ]
        }
      ]
    },
    "Planning Time": 0.087,
    "Triggers": [],
    "Execution Time": 530.666
  }
]