[
  {
    "Plan": {
      "Node Type": "Aggregate",
      "Strategy": "Plain",
      "Partial Mode": "Finalize",
      "Parallel Aware": false,
      "Startup Cost": 125632.6,
      "Total Cost": 125632.61,
      "Plan Rows": 1,
      "Plan Width": 8,
      "Actual Startup Time": 667.135,
      "Actual Total Time": 687.693,
      "Actual Rows": 1,
      "Actual Loops": 1,
      "Plans": [
        {
          "Node Type": "Gather",
          "Parent Relationship": "Outer",
          "Parallel Aware": false,
          "Startup Cost": 125632.28,
          "Total Cost": 125632.59,
          "Plan Rows": 3,
          "Plan Width": 8,
          "Actual Startup Time": 661.183,
          "Actual Total Time": 687.685,
          "Actual Rows": 4,
          "Actual Loops": 1,
          "Workers Planned": 3,
          "Workers Launched": 3,
          "Single Copy": false,
          "Plans": [
            {
              "Node Type": "Aggregate",
              "Strategy": "Plain",
              "Partial Mode": "Partial",
              "Parent Relationship": "Outer",
              "Parallel Aware": false,
              "Startup Cost": 124632.28,
              "Total Cost": 124632.29,
              "Plan Rows": 1,
              "Plan Width": 8,
              "Actual Startup Time": 652.126,
              "Actual Total Time": 652.611,
              "Actual Rows": 1,
              "Actual Loops": 4,
              "Plans": [
                {
                  "Node Type": "Hash Join",
                  "Parent Relationship": "Outer",
                  "Parallel Aware": true,
                  "Join Type": "Inner",
                  "Startup Cost": 78274.43,
                  "Total Cost": 124315.07,
                  "Plan Rows": 126885,
                  "Plan Width": 0,
                  "Actual Startup Time": 399.258,
                  "Actual Total Time": 618.488,
                  "Actual Rows": 882938,
                  "Actual Loops": 4,
                  "Inner Unique": false,
                  "Hash Cond": "(mk.movie_id = t.id)",
                  "Plans": [
                    {
                      "Node Type": "Seq Scan",
                      "Parent Relationship": "Outer",
                      "Parallel Aware": true,
                      "Relation Name": "movie_keyword",
                      "Alias": "mk",
                      "Startup Cost": 0.0,
                      "Total Cost": 42695.65,
                      "Plan Rows": 782846,
                      "Plan Width": 4,
                      "Actual Startup Time": 0.247,
                      "Actual Total Time": 102.031,
                      "Actual Rows": 605326,
                      "Actual Loops": 4,
                      "Filter": "(keyword_id > 3784)",
                      "Rows Removed by Filter": 525656
                    },
                    {
                      "Node Type": "Hash",
                      "Parent Relationship": "Inner",
                      "Parallel Aware": true,
                      "Startup Cost": 76622.06,
                      "Total Cost": 76622.06,
                      "Plan Rows": 132190,
                      "Plan Width": 8,
                      "Actual Startup Time": 395.312,
                      "Actual Total Time": 395.796,
                      "Actual Rows": 157943,
                      "Actual Loops": 4,
                      "Hash Buckets": 1048576,
                      "Original Hash Buckets": 524288,
                      "Hash Batches": 1,
                      "Original Hash Batches": 1,
                      "Peak Memory Usage": 37056,
                      "Plans": [
                        {
                          "Node Type": "Hash Join",
                          "Parent Relationship": "Outer",
                          "Parallel Aware": true,
                          "Join Type": "Inner",
                          "Startup Cost": 46016.99,
                          "Total Cost": 76622.06,
                          "Plan Rows": 132190,
                          "Plan Width": 8,
                          "Actual Startup Time": 177.025,
                          "Actual Total Time": 335.463,
                          "Actual Rows": 157943,
                          "Actual Loops": 4,
                          "Inner Unique": true,
                          "Hash Cond": "(mc.movie_id = t.id)",
                          "Plans": [
                            {
                              "Node Type": "Seq Scan",
                              "Parent Relationship": "Outer",
                              "Parallel Aware": true,
                              "Relation Name": "movie_companies",
                              "Alias": "mc",
                              "Startup Cost": 0.0,
                              "Total Cost": 29310.68,
                              "Plan Rows": 493099,
                              "Plan Width": 4,
                              "Actual Startup Time": 3.693,
                              "Actual Total Time": 68.217,
                              "Actual Rows": 382290,
                              "Actual Loops": 4,
                              "Filter": "(company_id > 6903)",
                              "Rows Removed by Filter": 269992
                            },
                            {
                              "Node Type": "Hash",
                              "Parent Relationship": "Inner",
                              "Parallel Aware": true,
                              "Startup Cost": 43898.92,
                              "Total Cost": 43898.92,
                              "Plan Rows": 169446,
                              "Plan Width": 4,
                              "Actual Startup Time": 170.12,
                              "Actual Total Time": 170.121,
                              "Actual Rows": 171036,
                              "Actual Loops": 4,
                              "Hash Buckets": 1048576,
                              "Original Hash Buckets": 1048576,
                              "Hash Batches": 1,
                              "Original Hash Batches": 1,
                              "Peak Memory Usage": 35040,
                              "Plans": [
                                {
                                  "Node Type": "Seq Scan",
                                  "Parent Relationship": "Outer",
                                  "Parallel Aware": true,
                                  "Relation Name": "title",
                                  "Alias": "t",
                                  "Startup Cost": 0.0,
                                  "Total Cost": 43898.92,
                                  "Plan Rows": 169446,
                                  "Plan Width": 4,
                                  "Actual Startup Time": 0.042,
                                  "Actual Total Time": 100.134,
                                  "Actual Rows": 171036,
                                  "Actual Loops": 4,
                                  "Filter": "(production_year < 1990)",
                                  "Rows Removed by Filter": 461042
                                }
                              ]
                            }
                          ]
                        }
                      ]
                    }
                  ]
                }
              ]
            }
          ]
        }
      ]
    },
    "Planning Time": 1.413,
    "Triggers": [],
    "Execution Time": 687.772
  }
]