{
  "Plan": {
    "Node Type": "Aggregate",
    "Strategy": "Plain",
    "Partial Mode": "Finalize",
    "Parallel Aware": false,
    "Startup Cost": 397768.69,
    "Total Cost": 397768.7,
    "Plan Rows": 1,
    "Plan Width": 8,
    "Actual Startup Time": 1907.838,
    "Actual Total Time": 1962.571,
    "Actual Rows": 1,
    "Actual Loops": 1,
    "Plans": [
      {
        "Node Type": "Gather",
        "Parent Relationship": "Outer",
        "Parallel Aware": false,
        "Startup Cost": 397768.58,
        "Total Cost": 397768.69,
        "Plan Rows": 1,
        "Plan Width": 8,
        "Actual Startup Time": 1903.406,
        "Actual Total Time": 1962.563,
        "Actual Rows": 2,
        "Actual Loops": 1,
        "Workers Planned": 1,
        "Workers Launched": 1,
        "Single Copy": false,
        "Plans": [
          {
            "Node Type": "Aggregate",
            "Strategy": "Plain",
            "Partial Mode": "Partial",
            "Parent Relationship": "Outer",
            "Parallel Aware": false,
            "Startup Cost": 396768.58,
            "Total Cost": 396768.59,
            "Plan Rows": 1,
            "Plan Width": 8,
            "Actual Startup Time": 1894.446,
            "Actual Total Time": 1894.452,
            "Actual Rows": 1,
            "Actual Loops": 2,
            "Plans": [
              {
                "Node Type": "Hash Join",
                "Parent Relationship": "Outer",
                "Parallel Aware": true,
                "Join Type": "Inner",
                "Startup Cost": 364179.97,
                "Total Cost": 396191.16,
                "Plan Rows": 230966,
                "Plan Width": 0,
                "Actual Startup Time": 1716.093,
                "Actual Total Time": 1881.705,
                "Actual Rows": 315017,
                "Actual Loops": 2,
                "Inner Unique": false,
                "Hash Cond": "(mk.movie_id = t.id)",
                "Plans": [
                  {
                    "Node Type": "Bitmap Heap Scan",
                    "Parent Relationship": "Outer",
                    "Parallel Aware": true,
                    "Relation Name": "movie_keyword",
                    "Alias": "mk",
                    "Startup Cost": 13758.04,
                    "Total Cost": 42980.18,
                    "Plan Rows": 381451,
                    "Plan Width": 4,
                    "Actual Startup Time": 34.844,
                    "Actual Total Time": 109.671,
                    "Actual Rows": 327966,
                    "Actual Loops": 2,
                    "Recheck Cond": "(keyword_id < 508)",
                    "Rows Removed by Index Recheck": 0,
                    "Exact Heap Blocks": 13543,
                    "Lossy Heap Blocks": 0,
                    "Plans": [
                      {
                        "Node Type": "Bitmap Index Scan",
                        "Parent Relationship": "Outer",
                        "Parallel Aware": false,
                        "Index Name": "keyword_id_movie_keyword",
                        "Startup Cost": 0.0,
                        "Total Cost": 13595.93,
                        "Plan Rows": 648466,
                        "Plan Width": 0,
                        "Actual Startup Time": 31.264,
                        "Actual Total Time": 31.265,
                        "Actual Rows": 655932,
                        "Actual Loops": 1,
                        "Index Cond": "(keyword_id < 508)"
                      }
                    ]
                  },
                  {
                    "Node Type": "Hash",
                    "Parent Relationship": "Inner",
                    "Parallel Aware": true,
                    "Startup Cost": 339165.56,
                    "Total Cost": 339165.56,
                    "Plan Rows": 900509,
                    "Plan Width": 8,
                    "Actual Startup Time": 1666.291,
                    "Actual Total Time": 1666.295,
                    "Actual Rows": 664166,
                    "Actual Loops": 2,
                    "Hash Buckets": 2097152,
                    "Original Hash Buckets": 2097152,
                    "Hash Batches": 1,
                    "Original Hash Batches": 1,
                    "Peak Memory Usage": 68384,
                    "Plans": [
                      {
                        "Node Type": "Hash Join",
                        "Parent Relationship": "Outer",
                        "Parallel Aware": true,
                        "Join Type": "Inner",
                        "Startup Cost": 59473.49,
                        "Total Cost": 339165.56,
                        "Plan Rows": 900509,
                        "Plan Width": 8,
                        "Actual Startup Time": 241.949,
                        "Actual Total Time": 1480.997,
                        "Actual Rows": 664166,
                        "Actual Loops": 2,
                        "Inner Unique": true,
                        "Hash Cond": "(mi.movie_id = t.id)",
                        "Plans": [
                          {
                            "Node Type": "Seq Scan",
                            "Parent Relationship": "Outer",
                            "Parallel Aware": true,
                            "Relation Name": "movie_info",
                            "Alias": "mi",
                            "Startup Cost": 0.0,
                            "Total Cost": 270696.42,
                            "Plan Rows": 3426912,
                            "Plan Width": 4,
                            "Actual Startup Time": 0.011,
                            "Actual Total Time": 672.245,
                            "Actual Rows": 2942482,
                            "Actual Loops": 2,
                            "Filter": "(info_type_id < 7)",
                            "Rows Removed by Filter": 4475378
                          },
                          {
                            "Node Type": "Hash",
                            "Parent Relationship": "Inner",
                            "Parallel Aware": true,
                            "Startup Cost": 54588.39,
                            "Total Cost": 54588.39,
                            "Plan Rows": 390808,
                            "Plan Width": 4,
                            "Actual Startup Time": 236.21,
                            "Actual Total Time": 236.211,
                            "Actual Rows": 331032,
                            "Actual Loops": 2,
                            "Hash Buckets": 1048576,
                            "Original Hash Buckets": 1048576,
                            "Hash Batches": 1,
                            "Original Hash Batches": 1,
                            "Peak Memory Usage": 34144,
                            "Plans": [
                              {
                                "Node Type": "Seq Scan",
                                "Parent Relationship": "Outer",
                                "Parallel Aware": true,
                                "Relation Name": "title",
                                "Alias": "t",
                                "Startup Cost": 0.0,
                                "Total Cost": 54588.39,
                                "Plan Rows": 390808,
                                "Plan Width": 4,
                                "Actual Startup Time": 0.031,
                                "Actual Total Time": 148.107,
                                "Actual Rows": 331032,
                                "Actual Loops": 2,
                                "Filter": "(production_year > 2008)",
                                "Rows Removed by Filter": 933124
                              }
                            ]
                          }
                        ]
                      }
                    ]
                  }
                ]
              }
            ]
          }
        ]
      }
    ]
  },
  "Planning Time": 0.906,
  "Triggers": [],
  "Execution Time": 1962.682
}