{
  "Plan": {
    "Node Type": "Aggregate",
    "Strategy": "Plain",
    "Partial Mode": "Finalize",
    "Parallel Aware": false,
    "Startup Cost": 105418.9,
    "Total Cost": 105418.91,
    "Plan Rows": 1,
    "Plan Width": 8,
    "Actual Startup Time": 581.575,
    "Actual Total Time": 594.914,
    "Actual Rows": 1,
    "Actual Loops": 1,
    "Plans": [
      {
        "Node Type": "Gather",
        "Parent Relationship": "Outer",
        "Parallel Aware": false,
        "Startup Cost": 105418.79,
        "Total Cost": 105418.9,
        "Plan Rows": 1,
        "Plan Width": 8,
        "Actual Startup Time": 580.105,
        "Actual Total Time": 594.907,
        "Actual Rows": 2,
        "Actual Loops": 1,
        "Workers Planned": 1,
        "Workers Launched": 1,
        "Single Copy": false,
        "Plans": [
          {
            "Node Type": "Aggregate",
            "Strategy": "Plain",
            "Partial Mode": "Partial",
            "Parent Relationship": "Outer",
            "Parallel Aware": false,
            "Startup Cost": 104418.79,
            "Total Cost": 104418.8,
            "Plan Rows": 1,
            "Plan Width": 8,
            "Actual Startup Time": 573.874,
            "Actual Total Time": 573.878,
            "Actual Rows": 1,
            "Actual Loops": 2,
            "Plans": [
              {
                "Node Type": "Hash Join",
                "Parent Relationship": "Outer",
                "Parallel Aware": true,
                "Join Type": "Inner",
                "Startup Cost": 41213.63,
                "Total Cost": 103512.23,
                "Plan Rows": 362625,
                "Plan Width": 0,
                "Actual Startup Time": 175.695,
                "Actual Total Time": 560.938,
                "Actual Rows": 314669,
                "Actual Loops": 2,
                "Inner Unique": false,
                "Hash Cond": "(t.id = mc.movie_id)",
                "Plans": [
                  {
                    "Node Type": "Seq Scan",
                    "Parent Relationship": "Outer",
                    "Parallel Aware": true,
                    "Relation Name": "title",
                    "Alias": "t",
                    "Startup Cost": 0.0,
                    "Total Cost": 50870.31,
                    "Plan Rows": 1487231,
                    "Plan Width": 4,
                    "Actual Startup Time": 0.011,
                    "Actual Total Time": 118.028,
                    "Actual Rows": 1264156,
                    "Actual Loops": 2
                  },
                  {
                    "Node Type": "Hash",
                    "Parent Relationship": "Inner",
                    "Parallel Aware": true,
                    "Startup Cost": 36680.82,
                    "Total Cost": 36680.82,
                    "Plan Rows": 362625,
                    "Plan Width": 4,
                    "Actual Startup Time": 166.394,
                    "Actual Total Time": 166.395,
                    "Actual Rows": 314669,
                    "Actual Loops": 2,
                    "Hash Buckets": 1048576,
                    "Original Hash Buckets": 1048576,
                    "Hash Batches": 1,
                    "Original Hash Batches": 1,
                    "Peak Memory Usage": 32832,
                    "Plans": [
                      {
                        "Node Type": "Bitmap Heap Scan",
                        "Parent Relationship": "Outer",
                        "Parallel Aware": true,
                        "Relation Name": "movie_companies",
                        "Alias": "mc",
                        "Startup Cost": 13358.01,
                        "Total Cost": 36680.82,
                        "Plan Rows": 362625,
                        "Plan Width": 4,
                        "Actual Startup Time": 40.657,
                        "Actual Total Time": 97.531,
                        "Actual Rows": 314669,
                        "Actual Loops": 2,
                        "Recheck Cond": "(company_id > 59918)",
                        "Rows Removed by Index Recheck": 0,
                        "Exact Heap Blocks": 6539,
                        "Lossy Heap Blocks": 0,
                        "Plans": [
                          {
                            "Node Type": "Bitmap Index Scan",
                            "Parent Relationship": "Outer",
                            "Parallel Aware": false,
                            "Index Name": "company_id_movie_companies",
                            "Startup Cost": 0.0,
                            "Total Cost": 13203.9,
                            "Plan Rows": 616462,
                            "Plan Width": 0,
                            "Actual Startup Time": 39.153,
                            "Actual Total Time": 39.153,
                            "Actual Rows": 629338,
                            "Actual Loops": 1,
                            "Index Cond": "(company_id > 59918)"
                          }
                        ]
                      }
                    ]
                  }
                ]
              }
            ]
          }
        ]
      }
    ]
  },
  "Planning Time": 0.687,
  "Triggers": [],
  "Execution Time": 595.007
}