{
  "Plan": {
    "Node Type": "Aggregate",
    "Strategy": "Plain",
    "Partial Mode": "Finalize",
    "Parallel Aware": false,
    "Startup Cost": 406731.4,
    "Total Cost": 406731.41,
    "Plan Rows": 1,
    "Plan Width": 8,
    "Actual Startup Time": 3318.419,
    "Actual Total Time": 3372.787,
    "Actual Rows": 1,
    "Actual Loops": 1,
    "Plans": [
      {
        "Node Type": "Gather",
        "Parent Relationship": "Outer",
        "Parallel Aware": false,
        "Startup Cost": 406731.29,
        "Total Cost": 406731.4,
        "Plan Rows": 1,
        "Plan Width": 8,
        "Actual Startup Time": 3312.009,
        "Actual Total Time": 3372.777,
        "Actual Rows": 2,
        "Actual Loops": 1,
        "Workers Planned": 1,
        "Workers Launched": 1,
        "Single Copy": false,
        "Plans": [
          {
            "Node Type": "Aggregate",
            "Strategy": "Plain",
            "Partial Mode": "Partial",
            "Parent Relationship": "Outer",
            "Parallel Aware": false,
            "Startup Cost": 405731.29,
            "Total Cost": 405731.3,
            "Plan Rows": 1,
            "Plan Width": 8,
            "Actual Startup Time": 3305.603,
            "Actual Total Time": 3305.609,
            "Actual Rows": 1,
            "Actual Loops": 2,
            "Plans": [
              {
                "Node Type": "Hash Join",
                "Parent Relationship": "Outer",
                "Parallel Aware": true,
                "Join Type": "Inner",
                "Startup Cost": 111009.53,
                "Total Cost": 401807.87,
                "Plan Rows": 1569368,
                "Plan Width": 0,
                "Actual Startup Time": 746.362,
                "Actual Total Time": 2943.134,
                "Actual Rows": 9103924,
                "Actual Loops": 2,
                "Inner Unique": false,
                "Hash Cond": "(mi.movie_id = t.id)",
                "Plans": [
                  {
                    "Node Type": "Seq Scan",
                    "Parent Relationship": "Outer",
                    "Parallel Aware": true,
                    "Relation Name": "movie_info",
                    "Alias": "mi",
                    "Startup Cost": 0.0,
                    "Total Cost": 248955.74,
                    "Plan Rows": 8696274,
                    "Plan Width": 4,
                    "Actual Startup Time": 0.016,
                    "Actual Total Time": 607.282,
                    "Actual Rows": 7417860,
                    "Actual Loops": 2
                  },
                  {
                    "Node Type": "Hash",
                    "Parent Relationship": "Inner",
                    "Parallel Aware": true,
                    "Startup Cost": 107654.63,
                    "Total Cost": 107654.63,
                    "Plan Rows": 268392,
                    "Plan Width": 8,
                    "Actual Startup Time": 739.434,
                    "Actual Total Time": 739.438,
                    "Actual Rows": 236272,
                    "Actual Loops": 2,
                    "Hash Buckets": 524288,
                    "Original Hash Buckets": 524288,
                    "Hash Batches": 1,
                    "Original Hash Batches": 1,
                    "Peak Memory Usage": 22592,
                    "Plans": [
                      {
                        "Node Type": "Hash Join",
                        "Parent Relationship": "Outer",
                        "Parallel Aware": true,
                        "Join Type": "Inner",
                        "Startup Cost": 79141.2,
                        "Total Cost": 107654.63,
                        "Plan Rows": 268392,
                        "Plan Width": 8,
                        "Actual Startup Time": 546.834,
                        "Actual Total Time": 692.104,
                        "Actual Rows": 236272,
                        "Actual Loops": 2,
                        "Inner Unique": true,
                        "Hash Cond": "(mk.movie_id = t.id)",
                        "Plans": [
                          {
                            "Node Type": "Bitmap Heap Scan",
                            "Parent Relationship": "Outer",
                            "Parallel Aware": true,
                            "Relation Name": "movie_keyword",
                            "Alias": "mk",
                            "Startup Cost": 9680.5,
                            "Total Cost": 37489.41,
                            "Plan Rows": 268392,
                            "Plan Width": 4,
                            "Actual Startup Time": 24.758,
                            "Actual Total Time": 88.865,
                            "Actual Rows": 236272,
                            "Actual Loops": 2,
                            "Recheck Cond": "(keyword_id < 359)",
                            "Rows Removed by Index Recheck": 0,
                            "Exact Heap Blocks": 13151,
                            "Lossy Heap Blocks": 0,
                            "Plans": [
                              {
                                "Node Type": "Bitmap Index Scan",
                                "Parent Relationship": "Outer",
                                "Parallel Aware": false,
                                "Index Name": "keyword_id_movie_keyword",
                                "Startup Cost": 0.0,
                                "Total Cost": 9566.44,
                                "Plan Rows": 456267,
                                "Plan Width": 0,
                                "Actual Startup Time": 21.169,
                                "Actual Total Time": 21.169,
                                "Actual Rows": 472545,
                                "Actual Loops": 1,
                                "Index Cond": "(keyword_id < 359)"
                              }
                            ]
                          },
                          {
                            "Node Type": "Hash",
                            "Parent Relationship": "Inner",
                            "Parallel Aware": true,
                            "Startup Cost": 50870.31,
                            "Total Cost": 50870.31,
                            "Plan Rows": 1487231,
                            "Plan Width": 4,
                            "Actual Startup Time": 504.136,
                            "Actual Total Time": 504.137,
                            "Actual Rows": 1264156,
                            "Actual Loops": 2,
                            "Hash Buckets": 4194304,
                            "Original Hash Buckets": 4194304,
                            "Hash Batches": 1,
                            "Original Hash Batches": 1,
                            "Peak Memory Usage": 131712,
                            "Plans": [
                              {
                                "Node Type": "Seq Scan",
                                "Parent Relationship": "Outer",
                                "Parallel Aware": true,
                                "Relation Name": "title",
                                "Alias": "t",
                                "Startup Cost": 0.0,
                                "Total Cost": 50870.31,
                                "Plan Rows": 1487231,
                                "Plan Width": 4,
                                "Actual Startup Time": 0.039,
                                "Actual Total Time": 153.334,
                                "Actual Rows": 1264156,
                                "Actual Loops": 2
                              }
                            ]
                          }
                        ]
                      }
                    ]
                  }
                ]
              }
            ]
          }
        ]
      }
    ]
  },
  "Planning Time": 0.837,
  "Triggers": [],
  "Execution Time": 3372.901
}