[
  {
    "Plan": {
      "Node Type": "Aggregate",
      "Strategy": "Plain",
      "Partial Mode": "Finalize",
      "Parallel Aware": false,
      "Startup Cost": 354793.26,
      "Total Cost": 354793.27,
      "Plan Rows": 1,
      "Plan Width": 8,
      "Actual Startup Time": 413.907,
      "Actual Total Time": 434.684,
      "Actual Rows": 1,
      "Actual Loops": 1,
      "Plans": [
        {
          "Node Type": "Gather",
          "Parent Relationship": "Outer",
          "Parallel Aware": false,
          "Startup Cost": 354792.74,
          "Total Cost": 354793.25,
          "Plan Rows": 5,
          "Plan Width": 8,
          "Actual Startup Time": 405.343,
          "Actual Total Time": 434.673,
          "Actual Rows": 6,
          "Actual Loops": 1,
          "Workers Planned": 5,
          "Workers Launched": 5,
          "Single Copy": false,
          "Plans": [
            {
              "Node Type": "Aggregate",
              "Strategy": "Plain",
              "Partial Mode": "Partial",
              "Parent Relationship": "Outer",
              "Parallel Aware": false,
              "Startup Cost": 353792.74,
              "Total Cost": 353792.75,
              "Plan Rows": 1,
              "Plan Width": 8,
              "Actual Startup Time": 394.382,
              "Actual Total Time": 394.386,
              "Actual Rows": 1,
              "Actual Loops": 6,
              "Plans": [
                {
                  "Node Type": "Nested Loop",
                  "Parent Relationship": "Outer",
                  "Parallel Aware": false,
                  "Join Type": "Inner",
                  "Startup Cost": 41308.35,
                  "Total Cost": 353722.63,
                  "Plan Rows": 28043,
                  "Plan Width": 0,
                  "Actual Startup Time": 149.649,
                  "Actual Total Time": 390.367,
                  "Actual Rows": 55160,
                  "Actual Loops": 6,
                  "Inner Unique": true,
                  "Plans": [
                    {
                      "Node Type": "Hash Join",
                      "Parent Relationship": "Outer",
                      "Parallel Aware": true,
                      "Join Type": "Inner",
                      "Startup Cost": 41307.92,
                      "Total Cost": 308217.06,
                      "Plan Rows": 71821,
                      "Plan Width": 8,
                      "Actual Startup Time": 149.554,
                      "Actual Total Time": 201.938,
                      "Actual Rows": 55160,
                      "Actual Loops": 6,
                      "Inner Unique": false,
                      "Hash Cond": "(ci.movie_id = mc.movie_id)",
                      "Plans": [
                        {
                          "Node Type": "Bitmap Heap Scan",
                          "Parent Relationship": "Outer",
                          "Parallel Aware": true,
                          "Relation Name": "cast_info",
                          "Alias": "ci",
                          "Startup Cost": 8097.0,
                          "Total Cost": 274407.96,
                          "Plan Rows": 73302,
                          "Plan Width": 4,
                          "Actual Startup Time": 14.377,
                          "Actual Total Time": 25.495,
                          "Actual Rows": 59912,
                          "Actual Loops": 6,
                          "Recheck Cond": "(person_id > 3995810)",
                          "Rows Removed by Index Recheck": 0,
                          "Exact Heap Blocks": 794,
                          "Lossy Heap Blocks": 0,
                          "Plans": [
                            {
                              "Node Type": "Bitmap Index Scan",
                              "Parent Relationship": "Outer",
                              "Parallel Aware": false,
                              "Index Name": "person_id_cast_info",
                              "Startup Cost": 0.0,
                              "Total Cost": 8005.37,
                              "Plan Rows": 366508,
                              "Plan Width": 0,
                              "Actual Startup Time": 13.667,
                              "Actual Total Time": 13.668,
                              "Actual Rows": 359470,
                              "Actual Loops": 1,
                              "Index Cond": "(person_id > 3995810)"
                            }
                          ]
                        },
                        {
                          "Node Type": "Hash",
                          "Parent Relationship": "Inner",
                          "Parallel Aware": true,
                          "Startup Cost": 29310.68,
                          "Total Cost": 29310.68,
                          "Plan Rows": 312019,
                          "Plan Width": 4,
                          "Actual Startup Time": 131.798,
                          "Actual Total Time": 131.799,
                          "Actual Rows": 163549,
                          "Actual Loops": 6,
                          "Hash Buckets": 1048576,
                          "Original Hash Buckets": 1048576,
                          "Hash Batches": 1,
                          "Original Hash Batches": 1,
                          "Peak Memory Usage": 46656,
                          "Plans": [
                            {
                              "Node Type": "Seq Scan",
                              "Parent Relationship": "Outer",
                              "Parallel Aware": true,
                              "Relation Name": "movie_companies",
                              "Alias": "mc",
                              "Startup Cost": 0.0,
                              "Total Cost": 29310.68,
                              "Plan Rows": 312019,
                              "Plan Width": 4,
                              "Actual Startup Time": 19.563,
                              "Actual Total Time": 71.354,
                              "Actual Rows": 163549,
                              "Actual Loops": 6,
                              "Filter": "(company_id > 17385)",
                              "Rows Removed by Filter": 271306
                            }
                          ]
                        }
                      ]
                    },
                    {
                      "Node Type": "Index Only Scan",
                      "Parent Relationship": "Inner",
                      "Parallel Aware": false,
                      "Scan Direction": "Forward",
                      "Index Name": "title_pkey",
                      "Relation Name": "title",
                      "Alias": "t",
                      "Startup Cost": 0.43,
                      "Total Cost": 0.63,
                      "Plan Rows": 1,
                      "Plan Width": 4,
                      "Actual Startup Time": 0.003,
                      "Actual Total Time": 0.003,
                      "Actual Rows": 1,
                      "Actual Loops": 330958,
                      "Index Cond": "(id = mc.movie_id)",
                      "Rows Removed by Index Recheck": 0,
                      "Heap Fetches": 330958
                    }
                  ]
                }
              ]
            }
          ]
        }
      ]
    },
    "Planning Time": 1.565,
    "Triggers": [],
    "Execution Time": 434.802
  }
]