[
  {
    "Plan": {
      "Node Type": "Aggregate",
      "Strategy": "Plain",
      "Partial Mode": "Finalize",
      "Parallel Aware": false,
      "Startup Cost": 32942.57,
      "Total Cost": 32942.58,
      "Plan Rows": 1,
      "Plan Width": 8,
      "Actual Startup Time": 75.632,
      "Actual Total Time": 87.456,
      "Actual Rows": 1,
      "Actual Loops": 1,
      "Plans": [
        {
          "Node Type": "Gather",
          "Parent Relationship": "Outer",
          "Parallel Aware": false,
          "Startup Cost": 32942.35,
          "Total Cost": 32942.56,
          "Plan Rows": 2,
          "Plan Width": 8,
          "Actual Startup Time": 75.469,
          "Actual Total Time": 87.449,
          "Actual Rows": 3,
          "Actual Loops": 1,
          "Workers Planned": 2,
          "Workers Launched": 2,
          "Single Copy": false,
          "Plans": [
            {
              "Node Type": "Aggregate",
              "Strategy": "Plain",
              "Partial Mode": "Partial",
              "Parent Relationship": "Outer",
              "Parallel Aware": false,
              "Startup Cost": 31942.35,
              "Total Cost": 31942.36,
              "Plan Rows": 1,
              "Plan Width": 8,
              "Actual Startup Time": 67.178,
              "Actual Total Time": 67.18,
              "Actual Rows": 1,
              "Actual Loops": 3,
              "Plans": [
                {
                  "Node Type": "Nested Loop",
                  "Parent Relationship": "Outer",
                  "Parallel Aware": false,
                  "Join Type": "Inner",
                  "Startup Cost": 126.87,
                  "Total Cost": 31940.47,
                  "Plan Rows": 753,
                  "Plan Width": 0,
                  "Actual Startup Time": 4.578,
                  "Actual Total Time": 65.696,
                  "Actual Rows": 21408,
                  "Actual Loops": 3,
                  "Inner Unique": false,
                  "Plans": [
                    {
                      "Node Type": "Nested Loop",
                      "Parent Relationship": "Outer",
                      "Parallel Aware": false,
                      "Join Type": "Inner",
                      "Startup Cost": 126.44,
                      "Total Cost": 31416.45,
                      "Plan Rows": 730,
                      "Plan Width": 8,
                      "Actual Startup Time": 4.4,
                      "Actual Total Time": 35.909,
                      "Actual Rows": 1969,
                      "Actual Loops": 3,
                      "Inner Unique": true,
                      "Plans": [
                        {
                          "Node Type": "Bitmap Heap Scan",
                          "Parent Relationship": "Outer",
                          "Parallel Aware": true,
                          "Relation Name": "movie_keyword",
                          "Alias": "mk",
                          "Startup Cost": 126.01,
                          "Total Cost": 13858.95,
                          "Plan Rows": 2450,
                          "Plan Width": 4,
                          "Actual Startup Time": 3.702,
                          "Actual Total Time": 13.875,
                          "Actual Rows": 2254,
                          "Actual Loops": 3,
                          "Recheck Cond": "(keyword_id = 4333)",
                          "Rows Removed by Index Recheck": 0,
                          "Exact Heap Blocks": 3774,
                          "Lossy Heap Blocks": 0,
                          "Plans": [
                            {
                              "Node Type": "Bitmap Index Scan",
                              "Parent Relationship": "Outer",
                              "Parallel Aware": false,
                              "Index Name": "keyword_id_movie_keyword",
                              "Startup Cost": 0.0,
                              "Total Cost": 124.54,
                              "Plan Rows": 5881,
                              "Plan Width": 0,
                              "Actual Startup Time": 7.708,
                              "Actual Total Time": 7.709,
                              "Actual Rows": 6763,
                              "Actual Loops": 1,
                              "Index Cond": "(keyword_id = 4333)"
                            }
                          ]
                        },
                        {
                          "Node Type": "Index Scan",
                          "Parent Relationship": "Inner",
                          "Parallel Aware": false,
                          "Scan Direction": "Forward",
                          "Index Name": "title_pkey",
                          "Relation Name": "title",
                          "Alias": "t",
                          "Startup Cost": 0.43,
                          "Total Cost": 7.17,
                          "Plan Rows": 1,
                          "Plan Width": 4,
                          "Actual Startup Time": 0.009,
                          "Actual Total Time": 0.009,
                          "Actual Rows": 1,
                          "Actual Loops": 6763,
                          "Index Cond": "(id = mk.movie_id)",
                          "Rows Removed by Index Recheck": 0,
                          "Filter": "((kind_id < 7) AND (production_year < 2010))",
                          "Rows Removed by Filter": 0
                        }
                      ]
                    },
                    {
                      "Node Type": "Index Only Scan",
                      "Parent Relationship": "Inner",
                      "Parallel Aware": false,
                      "Scan Direction": "Forward",
                      "Index Name": "movie_id_movie_companies",
                      "Relation Name": "movie_companies",
                      "Alias": "mc",
                      "Startup Cost": 0.43,
                      "Total Cost": 0.67,
                      "Plan Rows": 5,
                      "Plan Width": 4,
                      "Actual Startup Time": 0.009,
                      "Actual Total Time": 0.014,
                      "Actual Rows": 11,
                      "Actual Loops": 5908,
                      "Index Cond": "(movie_id = t.id)",
                      "Rows Removed by Index Recheck": 0,
                      "Heap Fetches": 64224
                    }
                  ]
                }
              ]
            }
          ]
        }
      ]
    },
    "Planning Time": 1.436,
    "Triggers": [],
    "Execution Time": 87.553
  }
]