{
    "Plan": {
        "Node Type": "Aggregate",
        "Strategy": "Plain",
        "Partial Mode": "Simple",
        "Parallel Aware": false,
        "Startup Cost": 140000211621.77,
        "Total Cost": 140000211621.78,
        "Plan Rows": 1,
        "Plan Width": 192,
        "Actual Startup Time": 486.672,
        "Actual Total Time": 486.682,
        "Actual Rows": 1,
        "Actual Loops": 1,
        "Output": [
            "min(cn1.name)",
            "min(cn2.name)",
            "min(mi_idx1.info)",
            "min(mi_idx2.info)",
            "min(t1.title)",
            "min(t2.title)"
        ],
        "Plans": [
            {
                "Node Type": "Nested Loop",
                "Parent Relationship": "Outer",
                "Parallel Aware": false,
                "Join Type": "Inner",
                "Startup Cost": 140000000007.09,
                "Total Cost": 140000211621.76,
                "Plan Rows": 1,
                "Plan Width": 82,
                "Actual Startup Time": 3.907,
                "Actual Total Time": 484.011,
                "Actual Rows": 5848,
                "Actual Loops": 1,
                "Output": [
                    "cn1.name",
                    "cn2.name",
                    "mi_idx1.info",
                    "mi_idx2.info",
                    "t1.title",
                    "t2.title"
                ],
                "Inner Unique": true,
                "Plans": [
                    {
                        "Node Type": "Nested Loop",
                        "Parent Relationship": "Outer",
                        "Parallel Aware": false,
                        "Join Type": "Inner",
                        "Startup Cost": 130000000006.95,
                        "Total Cost": 130000211603.1,
                        "Plan Rows": 4,
                        "Plan Width": 86,
                        "Actual Startup Time": 3.891,
                        "Actual Total Time": 445.109,
                        "Actual Rows": 10755,
                        "Actual Loops": 1,
                        "Output": [
                            "cn1.name",
                            "mi_idx1.info",
                            "mi_idx2.info",
                            "cn2.name",
                            "ml.link_type_id",
                            "t1.title",
                            "t2.title"
                        ],
                        "Inner Unique": true,
                        "Plans": [
                            {
                                "Node Type": "Nested Loop",
                                "Parent Relationship": "Outer",
                                "Parallel Aware": false,
                                "Join Type": "Inner",
                                "Startup Cost": 120000000006.52,
                                "Total Cost": 120000211585.33,
                                "Plan Rows": 4,
                                "Plan Width": 71,
                                "Actual Startup Time": 3.881,
                                "Actual Total Time": 394.644,
                                "Actual Rows": 10755,
                                "Actual Loops": 1,
                                "Output": [
                                    "cn1.name",
                                    "mi_idx1.info",
                                    "mi_idx2.info",
                                    "mc2.company_id",
                                    "ml.link_type_id",
                                    "t1.title",
                                    "t2.title"
                                ],
                                "Inner Unique": false,
                                "Join Filter": "(t2.id = mc2.movie_id)",
                                "Rows Removed by Join Filter": 0,
                                "Plans": [
                                    {
                                        "Node Type": "Nested Loop",
                                        "Parent Relationship": "Outer",
                                        "Parallel Aware": false,
                                        "Join Type": "Inner",
                                        "Startup Cost": 110000000006.01,
                                        "Total Cost": 110000211580.7,
                                        "Plan Rows": 1,
                                        "Plan Width": 79,
                                        "Actual Startup Time": 3.831,
                                        "Actual Total Time": 377.39,
                                        "Actual Rows": 1922,
                                        "Actual Loops": 1,
                                        "Output": [
                                            "cn1.name",
                                            "mi_idx1.info",
                                            "mi_idx2.info",
                                            "mi_idx2.movie_id",
                                            "ml.link_type_id",
                                            "ml.linked_movie_id",
                                            "t1.title",
                                            "t2.title",
                                            "t2.id"
                                        ],
                                        "Inner Unique": true,
                                        "Plans": [
                                            {
                                                "Node Type": "Nested Loop",
                                                "Parent Relationship": "Outer",
                                                "Parallel Aware": false,
                                                "Join Type": "Inner",
                                                "Startup Cost": 100000000005.58,
                                                "Total Cost": 100000211576.26,
                                                "Plan Rows": 1,
                                                "Plan Width": 64,
                                                "Actual Startup Time": 3.779,
                                                "Actual Total Time": 359.599,
                                                "Actual Rows": 3332,
                                                "Actual Loops": 1,
                                                "Output": [
                                                    "mi_idx1.info",
                                                    "mc1.company_id",
                                                    "mi_idx2.info",
                                                    "mi_idx2.movie_id",
                                                    "ml.link_type_id",
                                                    "ml.linked_movie_id",
                                                    "t1.title",
                                                    "t2.title",
                                                    "t2.id"
                                                ],
                                                "Inner Unique": false,
                                                "Plans": [
                                                    {
                                                        "Node Type": "Nested Loop",
                                                        "Parent Relationship": "Outer",
                                                        "Parallel Aware": false,
                                                        "Join Type": "Inner",
                                                        "Startup Cost": 90000000005.1,
                                                        "Total Cost": 90000211571.66,
                                                        "Plan Rows": 1,
                                                        "Plan Width": 72,
                                                        "Actual Startup Time": 3.712,
                                                        "Actual Total Time": 352.257,
                                                        "Actual Rows": 753,
                                                        "Actual Loops": 1,
                                                        "Output": [
                                                            "mi_idx1.info",
                                                            "mi_idx1.movie_id",
                                                            "mi_idx2.info",
                                                            "mi_idx2.movie_id",
                                                            "ml.link_type_id",
                                                            "ml.movie_id",
                                                            "ml.linked_movie_id",
                                                            "t1.title",
                                                            "t1.id",
                                                            "t2.title",
                                                            "t2.id"
                                                        ],
                                                        "Inner Unique": true,
                                                        "Plans": [
                                                            {
                                                                "Node Type": "Nested Loop",
                                                                "Parent Relationship": "Outer",
                                                                "Parallel Aware": false,
                                                                "Join Type": "Inner",
                                                                "Startup Cost": 80000000004.95,
                                                                "Total Cost": 80000211451.02,
                                                                "Plan Rows": 28,
                                                                "Plan Width": 76,
                                                                "Actual Startup Time": 3.695,
                                                                "Actual Total Time": 344.062,
                                                                "Actual Rows": 2259,
                                                                "Actual Loops": 1,
                                                                "Output": [
                                                                    "mi_idx2.info",
                                                                    "mi_idx2.movie_id",
                                                                    "ml.link_type_id",
                                                                    "ml.movie_id",
                                                                    "ml.linked_movie_id",
                                                                    "mi_idx1.info",
                                                                    "mi_idx1.info_type_id",
                                                                    "mi_idx1.movie_id",
                                                                    "t1.title",
                                                                    "t1.id",
                                                                    "t2.title",
                                                                    "t2.id"
                                                                ],
                                                                "Inner Unique": false,
                                                                "Plans": [
                                                                    {
                                                                        "Node Type": "Nested Loop",
                                                                        "Parent Relationship": "Outer",
                                                                        "Parallel Aware": false,
                                                                        "Join Type": "Inner",
                                                                        "Startup Cost": 70000000004.49,
                                                                        "Total Cost": 70000211405.74,
                                                                        "Plan Rows": 10,
                                                                        "Plan Width": 63,
                                                                        "Actual Startup Time": 3.662,
                                                                        "Actual Total Time": 338.106,
                                                                        "Actual Rows": 981,
                                                                        "Actual Loops": 1,
                                                                        "Output": [
                                                                            "mi_idx2.info",
                                                                            "mi_idx2.movie_id",
                                                                            "ml.link_type_id",
                                                                            "ml.movie_id",
                                                                            "ml.linked_movie_id",
                                                                            "t1.title",
                                                                            "t1.id",
                                                                            "t2.title",
                                                                            "t2.id"
                                                                        ],
                                                                        "Inner Unique": true,
                                                                        "Plans": [
                                                                            {
                                                                                "Node Type": "Nested Loop",
                                                                                "Parent Relationship": "Outer",
                                                                                "Parallel Aware": false,
                                                                                "Join Type": "Inner",
                                                                                "Startup Cost": 60000000004.35,
                                                                                "Total Cost": 60000211266.96,
                                                                                "Plan Rows": 35,
                                                                                "Plan Width": 67,
                                                                                "Actual Startup Time": 3.656,
                                                                                "Actual Total Time": 334.284,
                                                                                "Actual Rows": 981,
                                                                                "Actual Loops": 1,
                                                                                "Output": [
                                                                                    "mi_idx2.info",
                                                                                    "mi_idx2.movie_id",
                                                                                    "ml.link_type_id",
                                                                                    "ml.movie_id",
                                                                                    "ml.linked_movie_id",
                                                                                    "t1.title",
                                                                                    "t1.id",
                                                                                    "t1.kind_id",
                                                                                    "t2.title",
                                                                                    "t2.id"
                                                                                ],
                                                                                "Inner Unique": true,
                                                                                "Plans": [
                                                                                    {
                                                                                        "Node Type": "Nested Loop",
                                                                                        "Parent Relationship": "Outer",
                                                                                        "Parallel Aware": false,
                                                                                        "Join Type": "Inner",
                                                                                        "Startup Cost": 50000000002.71,
                                                                                        "Total Cost": 50000211069.18,
                                                                                        "Plan Rows": 35,
                                                                                        "Plan Width": 42,
                                                                                        "Actual Startup Time": 3.618,
                                                                                        "Actual Total Time": 328.429,
                                                                                        "Actual Rows": 981,
                                                                                        "Actual Loops": 1,
                                                                                        "Output": [
                                                                                            "mi_idx2.info",
                                                                                            "mi_idx2.movie_id",
                                                                                            "ml.link_type_id",
                                                                                            "ml.movie_id",
                                                                                            "ml.linked_movie_id",
                                                                                            "t2.title",
                                                                                            "t2.id"
                                                                                        ],
                                                                                        "Inner Unique": true,
                                                                                        "Plans": [
                                                                                            {
                                                                                                "Node Type": "Nested Loop",
                                                                                                "Parent Relationship": "Outer",
                                                                                                "Parallel Aware": false,
                                                                                                "Join Type": "Inner",
                                                                                                "Startup Cost": 40000000002.56,
                                                                                                "Total Cost": 40000207874.36,
                                                                                                "Plan Rows": 767,
                                                                                                "Plan Width": 46,
                                                                                                "Actual Startup Time": 0.566,
                                                                                                "Actual Total Time": 299.038,
                                                                                                "Actual Rows": 8239,
                                                                                                "Actual Loops": 1,
                                                                                                "Output": [
                                                                                                    "t2.title",
                                                                                                    "t2.id",
                                                                                                    "mi_idx2.info",
                                                                                                    "mi_idx2.info_type_id",
                                                                                                    "mi_idx2.movie_id",
                                                                                                    "ml.link_type_id",
                                                                                                    "ml.movie_id",
                                                                                                    "ml.linked_movie_id"
                                                                                                ],
                                                                                                "Inner Unique": false,
                                                                                                "Plans": [
                                                                                                    {
                                                                                                        "Node Type": "Nested Loop",
                                                                                                        "Parent Relationship": "Outer",
                                                                                                        "Parallel Aware": false,
                                                                                                        "Join Type": "Inner",
                                                                                                        "Startup Cost": 30000000002.07,
                                                                                                        "Total Cost": 30000198776.81,
                                                                                                        "Plan Rows": 1996,
                                                                                                        "Plan Width": 33,
                                                                                                        "Actual Startup Time": 0.519,
                                                                                                        "Actual Total Time": 261.632,
                                                                                                        "Actual Rows": 4631,
                                                                                                        "Actual Loops": 1,
                                                                                                        "Output": [
                                                                                                            "t2.title",
                                                                                                            "t2.id",
                                                                                                            "ml.link_type_id",
                                                                                                            "ml.movie_id",
                                                                                                            "ml.linked_movie_id"
                                                                                                        ],
                                                                                                        "Inner Unique": true,
                                                                                                        "Plans": [
                                                                                                            {
                                                                                                                "Node Type": "Nested Loop",
                                                                                                                "Parent Relationship": "Outer",
                                                                                                                "Parallel Aware": false,
                                                                                                                "Join Type": "Inner",
                                                                                                                "Startup Cost": 20000000001.93,
                                                                                                                "Total Cost": 20000171081.29,
                                                                                                                "Plan Rows": 6985,
                                                                                                                "Plan Width": 37,
                                                                                                                "Actual Startup Time": 0.451,
                                                                                                                "Actual Total Time": 222.862,
                                                                                                                "Actual Rows": 10484,
                                                                                                                "Actual Loops": 1,
                                                                                                                "Output": [
                                                                                                                    "ml.link_type_id",
                                                                                                                    "ml.movie_id",
                                                                                                                    "ml.linked_movie_id",
                                                                                                                    "t2.title",
                                                                                                                    "t2.id",
                                                                                                                    "t2.kind_id"
                                                                                                                ],
                                                                                                                "Inner Unique": true,
                                                                                                                "Plans": [
                                                                                                                    {
                                                                                                                        "Node Type": "Index Scan",
                                                                                                                        "Parent Relationship": "Outer",
                                                                                                                        "Parallel Aware": false,
                                                                                                                        "Scan Direction": "Forward",
                                                                                                                        "Index Name": "link_type_id_movie_link",
                                                                                                                        "Relation Name": "movie_link",
                                                                                                                        "Schema": "public",
                                                                                                                        "Alias": "ml",
                                                                                                                        "Startup Cost": 10000000000.29,
                                                                                                                        "Total Cost": 10000001425.16,
                                                                                                                        "Plan Rows": 29997,
                                                                                                                        "Plan Width": 12,
                                                                                                                        "Actual Startup Time": 0.037,
                                                                                                                        "Actual Total Time": 10.674,
                                                                                                                        "Actual Rows": 29997,
                                                                                                                        "Actual Loops": 1,
                                                                                                                        "Output": [
                                                                                                                            "ml.id",
                                                                                                                            "ml.movie_id",
                                                                                                                            "ml.linked_movie_id",
                                                                                                                            "ml.link_type_id"
                                                                                                                        ]
                                                                                                                    },
                                                                                                                    {
                                                                                                                        "Node Type": "Bitmap Heap Scan",
                                                                                                                        "Parent Relationship": "Inner",
                                                                                                                        "Parallel Aware": false,
                                                                                                                        "Relation Name": "title",
                                                                                                                        "Schema": "public",
                                                                                                                        "Alias": "t2",
                                                                                                                        "Startup Cost": 1.64,
                                                                                                                        "Total Cost": 5.66,
                                                                                                                        "Plan Rows": 1,
                                                                                                                        "Plan Width": 25,
                                                                                                                        "Actual Startup Time": 0.005,
                                                                                                                        "Actual Total Time": 0.005,
                                                                                                                        "Actual Rows": 0,
                                                                                                                        "Actual Loops": 29997,
                                                                                                                        "Output": [
                                                                                                                            "t2.id",
                                                                                                                            "t2.title",
                                                                                                                            "t2.imdb_index",
                                                                                                                            "t2.kind_id",
                                                                                                                            "t2.production_year",
                                                                                                                            "t2.imdb_id",
                                                                                                                            "t2.phonetic_code",
                                                                                                                            "t2.episode_of_id",
                                                                                                                            "t2.season_nr",
                                                                                                                            "t2.episode_nr",
                                                                                                                            "t2.series_years",
                                                                                                                            "t2.md5sum"
                                                                                                                        ],
                                                                                                                        "Recheck Cond": "(t2.id = ml.linked_movie_id)",
                                                                                                                        "Rows Removed by Index Recheck": 0,
                                                                                                                        "Filter": "((t2.production_year >= 1978) AND (t2.production_year <= 2000))",
                                                                                                                        "Rows Removed by Filter": 1,
                                                                                                                        "Exact Heap Blocks": 29997,
                                                                                                                        "Lossy Heap Blocks": 0,
                                                                                                                        "Plans": [
                                                                                                                            {
                                                                                                                                "Node Type": "Bitmap Index Scan",
                                                                                                                                "Parent Relationship": "Outer",
                                                                                                                                "Parallel Aware": false,
                                                                                                                                "Index Name": "title_pkey",
                                                                                                                                "Startup Cost": 0.0,
                                                                                                                                "Total Cost": 1.64,
                                                                                                                                "Plan Rows": 1,
                                                                                                                                "Plan Width": 0,
                                                                                                                                "Actual Startup Time": 0.003,
                                                                                                                                "Actual Total Time": 0.003,
                                                                                                                                "Actual Rows": 1,
                                                                                                                                "Actual Loops": 29997,
                                                                                                                                "Index Cond": "(t2.id = ml.linked_movie_id)"
                                                                                                                            }
                                                                                                                        ]
                                                                                                                    }
                                                                                                                ]
                                                                                                            },
                                                                                                            {
                                                                                                                "Node Type": "Bitmap Heap Scan",
                                                                                                                "Parent Relationship": "Inner",
                                                                                                                "Parallel Aware": false,
                                                                                                                "Relation Name": "kind_type",
                                                                                                                "Schema": "public",
                                                                                                                "Alias": "kt2",
                                                                                                                "Startup Cost": 0.14,
                                                                                                                "Total Cost": 4.16,
                                                                                                                "Plan Rows": 1,
                                                                                                                "Plan Width": 4,
                                                                                                                "Actual Startup Time": 0.002,
                                                                                                                "Actual Total Time": 0.002,
                                                                                                                "Actual Rows": 0,
                                                                                                                "Actual Loops": 10484,
                                                                                                                "Output": [
                                                                                                                    "kt2.id",
                                                                                                                    "kt2.kind"
                                                                                                                ],
                                                                                                                "Recheck Cond": "(kt2.id = t2.kind_id)",
                                                                                                                "Rows Removed by Index Recheck": 0,
                                                                                                                "Filter": "((kt2.kind)::text = ANY ('{\"tv series\",episode}'::text[]))",
                                                                                                                "Rows Removed by Filter": 1,
                                                                                                                "Exact Heap Blocks": 10484,
                                                                                                                "Lossy Heap Blocks": 0,
                                                                                                                "Plans": [
                                                                                                                    {
                                                                                                                        "Node Type": "Bitmap Index Scan",
                                                                                                                        "Parent Relationship": "Outer",
                                                                                                                        "Parallel Aware": false,
                                                                                                                        "Index Name": "kind_type_pkey",
                                                                                                                        "Startup Cost": 0.0,
                                                                                                                        "Total Cost": 0.14,
                                                                                                                        "Plan Rows": 1,
                                                                                                                        "Plan Width": 0,
                                                                                                                        "Actual Startup Time": 0.001,
                                                                                                                        "Actual Total Time": 0.001,
                                                                                                                        "Actual Rows": 1,
                                                                                                                        "Actual Loops": 10484,
                                                                                                                        "Index Cond": "(kt2.id = t2.kind_id)"
                                                                                                                    }
                                                                                                                ]
                                                                                                            }
                                                                                                        ]
                                                                                                    },
                                                                                                    {
                                                                                                        "Node Type": "Bitmap Heap Scan",
                                                                                                        "Parent Relationship": "Inner",
                                                                                                        "Parallel Aware": false,
                                                                                                        "Relation Name": "movie_info_idx",
                                                                                                        "Schema": "public",
                                                                                                        "Alias": "mi_idx2",
                                                                                                        "Startup Cost": 0.49,
                                                                                                        "Total Cost": 4.54,
                                                                                                        "Plan Rows": 2,
                                                                                                        "Plan Width": 13,
                                                                                                        "Actual Startup Time": 0.006,
                                                                                                        "Actual Total Time": 0.006,
                                                                                                        "Actual Rows": 2,
                                                                                                        "Actual Loops": 4631,
                                                                                                        "Output": [
                                                                                                            "mi_idx2.id",
                                                                                                            "mi_idx2.movie_id",
                                                                                                            "mi_idx2.info_type_id",
                                                                                                            "mi_idx2.info",
                                                                                                            "mi_idx2.note"
                                                                                                        ],
                                                                                                        "Recheck Cond": "(mi_idx2.movie_id = t2.id)",
                                                                                                        "Rows Removed by Index Recheck": 0,
                                                                                                        "Filter": "(mi_idx2.info < '6'::text)",
                                                                                                        "Rows Removed by Filter": 1,
                                                                                                        "Exact Heap Blocks": 4235,
                                                                                                        "Lossy Heap Blocks": 0,
                                                                                                        "Plans": [
                                                                                                            {
                                                                                                                "Node Type": "Bitmap Index Scan",
                                                                                                                "Parent Relationship": "Outer",
                                                                                                                "Parallel Aware": false,
                                                                                                                "Index Name": "movie_id_movie_info_idx",
                                                                                                                "Startup Cost": 0.0,
                                                                                                                "Total Cost": 0.49,
                                                                                                                "Plan Rows": 3,
                                                                                                                "Plan Width": 0,
                                                                                                                "Actual Startup Time": 0.004,
                                                                                                                "Actual Total Time": 0.004,
                                                                                                                "Actual Rows": 3,
                                                                                                                "Actual Loops": 4631,
                                                                                                                "Index Cond": "(mi_idx2.movie_id = t2.id)"
                                                                                                            }
                                                                                                        ]
                                                                                                    }
                                                                                                ]
                                                                                            },
                                                                                            {
                                                                                                "Node Type": "Bitmap Heap Scan",
                                                                                                "Parent Relationship": "Inner",
                                                                                                "Parallel Aware": false,
                                                                                                "Relation Name": "info_type",
                                                                                                "Schema": "public",
                                                                                                "Alias": "it2",
                                                                                                "Startup Cost": 0.15,
                                                                                                "Total Cost": 4.17,
                                                                                                "Plan Rows": 1,
                                                                                                "Plan Width": 4,
                                                                                                "Actual Startup Time": 0.002,
                                                                                                "Actual Total Time": 0.002,
                                                                                                "Actual Rows": 0,
                                                                                                "Actual Loops": 8239,
                                                                                                "Output": [
                                                                                                    "it2.id",
                                                                                                    "it2.info"
                                                                                                ],
                                                                                                "Recheck Cond": "(it2.id = mi_idx2.info_type_id)",
                                                                                                "Rows Removed by Index Recheck": 0,
                                                                                                "Filter": "((it2.info)::text = 'rating'::text COLLATE \"C\")",
                                                                                                "Rows Removed by Filter": 1,
                                                                                                "Exact Heap Blocks": 8239,
                                                                                                "Lossy Heap Blocks": 0,
                                                                                                "Plans": [
                                                                                                    {
                                                                                                        "Node Type": "Bitmap Index Scan",
                                                                                                        "Parent Relationship": "Outer",
                                                                                                        "Parallel Aware": false,
                                                                                                        "Index Name": "info_type_pkey",
                                                                                                        "Startup Cost": 0.0,
                                                                                                        "Total Cost": 0.15,
                                                                                                        "Plan Rows": 1,
                                                                                                        "Plan Width": 0,
                                                                                                        "Actual Startup Time": 0.001,
                                                                                                        "Actual Total Time": 0.001,
                                                                                                        "Actual Rows": 1,
                                                                                                        "Actual Loops": 8239,
                                                                                                        "Index Cond": "(it2.id = mi_idx2.info_type_id)"
                                                                                                    }
                                                                                                ]
                                                                                            }
                                                                                        ]
                                                                                    },
                                                                                    {
                                                                                        "Node Type": "Bitmap Heap Scan",
                                                                                        "Parent Relationship": "Inner",
                                                                                        "Parallel Aware": false,
                                                                                        "Relation Name": "title",
                                                                                        "Schema": "public",
                                                                                        "Alias": "t1",
                                                                                        "Startup Cost": 1.64,
                                                                                        "Total Cost": 5.65,
                                                                                        "Plan Rows": 1,
                                                                                        "Plan Width": 25,
                                                                                        "Actual Startup Time": 0.004,
                                                                                        "Actual Total Time": 0.004,
                                                                                        "Actual Rows": 1,
                                                                                        "Actual Loops": 981,
                                                                                        "Output": [
                                                                                            "t1.id",
                                                                                            "t1.title",
                                                                                            "t1.imdb_index",
                                                                                            "t1.kind_id",
                                                                                            "t1.production_year",
                                                                                            "t1.imdb_id",
                                                                                            "t1.phonetic_code",
                                                                                            "t1.episode_of_id",
                                                                                            "t1.season_nr",
                                                                                            "t1.episode_nr",
                                                                                            "t1.series_years",
                                                                                            "t1.md5sum"
                                                                                        ],
                                                                                        "Recheck Cond": "(t1.id = ml.movie_id)",
                                                                                        "Rows Removed by Index Recheck": 0,
                                                                                        "Exact Heap Blocks": 981,
                                                                                        "Lossy Heap Blocks": 0,
                                                                                        "Plans": [
                                                                                            {
                                                                                                "Node Type": "Bitmap Index Scan",
                                                                                                "Parent Relationship": "Outer",
                                                                                                "Parallel Aware": false,
                                                                                                "Index Name": "title_pkey",
                                                                                                "Startup Cost": 0.0,
                                                                                                "Total Cost": 1.64,
                                                                                                "Plan Rows": 1,
                                                                                                "Plan Width": 0,
                                                                                                "Actual Startup Time": 0.003,
                                                                                                "Actual Total Time": 0.003,
                                                                                                "Actual Rows": 1,
                                                                                                "Actual Loops": 981,
                                                                                                "Index Cond": "(t1.id = ml.movie_id)"
                                                                                            }
                                                                                        ]
                                                                                    }
                                                                                ]
                                                                            },
                                                                            {
                                                                                "Node Type": "Bitmap Heap Scan",
                                                                                "Parent Relationship": "Inner",
                                                                                "Parallel Aware": false,
                                                                                "Relation Name": "kind_type",
                                                                                "Schema": "public",
                                                                                "Alias": "kt1",
                                                                                "Startup Cost": 0.14,
                                                                                "Total Cost": 4.16,
                                                                                "Plan Rows": 1,
                                                                                "Plan Width": 4,
                                                                                "Actual Startup Time": 0.002,
                                                                                "Actual Total Time": 0.002,
                                                                                "Actual Rows": 1,
                                                                                "Actual Loops": 981,
                                                                                "Output": [
                                                                                    "kt1.id",
                                                                                    "kt1.kind"
                                                                                ],
                                                                                "Recheck Cond": "(kt1.id = t1.kind_id)",
                                                                                "Rows Removed by Index Recheck": 0,
                                                                                "Filter": "((kt1.kind)::text = ANY ('{\"tv series\",episode}'::text[]))",
                                                                                "Rows Removed by Filter": 0,
                                                                                "Exact Heap Blocks": 981,
                                                                                "Lossy Heap Blocks": 0,
                                                                                "Plans": [
                                                                                    {
                                                                                        "Node Type": "Bitmap Index Scan",
                                                                                        "Parent Relationship": "Outer",
                                                                                        "Parallel Aware": false,
                                                                                        "Index Name": "kind_type_pkey",
                                                                                        "Startup Cost": 0.0,
                                                                                        "Total Cost": 0.14,
                                                                                        "Plan Rows": 1,
                                                                                        "Plan Width": 0,
                                                                                        "Actual Startup Time": 0.001,
                                                                                        "Actual Total Time": 0.001,
                                                                                        "Actual Rows": 1,
                                                                                        "Actual Loops": 981,
                                                                                        "Index Cond": "(kt1.id = t1.kind_id)"
                                                                                    }
                                                                                ]
                                                                            }
                                                                        ]
                                                                    },
                                                                    {
                                                                        "Node Type": "Bitmap Heap Scan",
                                                                        "Parent Relationship": "Inner",
                                                                        "Parallel Aware": false,
                                                                        "Relation Name": "movie_info_idx",
                                                                        "Schema": "public",
                                                                        "Alias": "mi_idx1",
                                                                        "Startup Cost": 0.46,
                                                                        "Total Cost": 4.5,
                                                                        "Plan Rows": 3,
                                                                        "Plan Width": 13,
                                                                        "Actual Startup Time": 0.004,
                                                                        "Actual Total Time": 0.004,
                                                                        "Actual Rows": 2,
                                                                        "Actual Loops": 981,
                                                                        "Output": [
                                                                            "mi_idx1.id",
                                                                            "mi_idx1.movie_id",
                                                                            "mi_idx1.info_type_id",
                                                                            "mi_idx1.info",
                                                                            "mi_idx1.note"
                                                                        ],
                                                                        "Recheck Cond": "(mi_idx1.movie_id = t1.id)",
                                                                        "Rows Removed by Index Recheck": 0,
                                                                        "Exact Heap Blocks": 753,
                                                                        "Lossy Heap Blocks": 0,
                                                                        "Plans": [
                                                                            {
                                                                                "Node Type": "Bitmap Index Scan",
                                                                                "Parent Relationship": "Outer",
                                                                                "Parallel Aware": false,
                                                                                "Index Name": "movie_id_movie_info_idx",
                                                                                "Startup Cost": 0.0,
                                                                                "Total Cost": 0.46,
                                                                                "Plan Rows": 3,
                                                                                "Plan Width": 0,
                                                                                "Actual Startup Time": 0.003,
                                                                                "Actual Total Time": 0.003,
                                                                                "Actual Rows": 2,
                                                                                "Actual Loops": 981,
                                                                                "Index Cond": "(mi_idx1.movie_id = t1.id)"
                                                                            }
                                                                        ]
                                                                    }
                                                                ]
                                                            },
                                                            {
                                                                "Node Type": "Bitmap Heap Scan",
                                                                "Parent Relationship": "Inner",
                                                                "Parallel Aware": false,
                                                                "Relation Name": "info_type",
                                                                "Schema": "public",
                                                                "Alias": "it1",
                                                                "Startup Cost": 0.15,
                                                                "Total Cost": 4.17,
                                                                "Plan Rows": 1,
                                                                "Plan Width": 4,
                                                                "Actual Startup Time": 0.002,
                                                                "Actual Total Time": 0.002,
                                                                "Actual Rows": 0,
                                                                "Actual Loops": 2259,
                                                                "Output": [
                                                                    "it1.id",
                                                                    "it1.info"
                                                                ],
                                                                "Recheck Cond": "(it1.id = mi_idx1.info_type_id)",
                                                                "Rows Removed by Index Recheck": 0,
                                                                "Filter": "((it1.info)::text = 'rating'::text COLLATE \"C\")",
                                                                "Rows Removed by Filter": 1,
                                                                "Exact Heap Blocks": 2259,
                                                                "Lossy Heap Blocks": 0,
                                                                "Plans": [
                                                                    {
                                                                        "Node Type": "Bitmap Index Scan",
                                                                        "Parent Relationship": "Outer",
                                                                        "Parallel Aware": false,
                                                                        "Index Name": "info_type_pkey",
                                                                        "Startup Cost": 0.0,
                                                                        "Total Cost": 0.15,
                                                                        "Plan Rows": 1,
                                                                        "Plan Width": 0,
                                                                        "Actual Startup Time": 0.001,
                                                                        "Actual Total Time": 0.001,
                                                                        "Actual Rows": 1,
                                                                        "Actual Loops": 2259,
                                                                        "Index Cond": "(it1.id = mi_idx1.info_type_id)"
                                                                    }
                                                                ]
                                                            }
                                                        ]
                                                    },
                                                    {
                                                        "Node Type": "Bitmap Heap Scan",
                                                        "Parent Relationship": "Inner",
                                                        "Parallel Aware": false,
                                                        "Relation Name": "movie_companies",
                                                        "Schema": "public",
                                                        "Alias": "mc1",
                                                        "Startup Cost": 0.48,
                                                        "Total Cost": 4.55,
                                                        "Plan Rows": 5,
                                                        "Plan Width": 8,
                                                        "Actual Startup Time": 0.006,
                                                        "Actual Total Time": 0.007,
                                                        "Actual Rows": 4,
                                                        "Actual Loops": 753,
                                                        "Output": [
                                                            "mc1.id",
                                                            "mc1.movie_id",
                                                            "mc1.company_id",
                                                            "mc1.company_type_id",
                                                            "mc1.note"
                                                        ],
                                                        "Recheck Cond": "(mc1.movie_id = t1.id)",
                                                        "Rows Removed by Index Recheck": 0,
                                                        "Exact Heap Blocks": 1165,
                                                        "Lossy Heap Blocks": 0,
                                                        "Plans": [
                                                            {
                                                                "Node Type": "Bitmap Index Scan",
                                                                "Parent Relationship": "Outer",
                                                                "Parallel Aware": false,
                                                                "Index Name": "movie_id_movie_companies",
                                                                "Startup Cost": 0.0,
                                                                "Total Cost": 0.48,
                                                                "Plan Rows": 5,
                                                                "Plan Width": 0,
                                                                "Actual Startup Time": 0.004,
                                                                "Actual Total Time": 0.004,
                                                                "Actual Rows": 4,
                                                                "Actual Loops": 753,
                                                                "Index Cond": "(mc1.movie_id = t1.id)"
                                                            }
                                                        ]
                                                    }
                                                ]
                                            },
                                            {
                                                "Node Type": "Bitmap Heap Scan",
                                                "Parent Relationship": "Inner",
                                                "Parallel Aware": false,
                                                "Relation Name": "company_name",
                                                "Schema": "public",
                                                "Alias": "cn1",
                                                "Startup Cost": 0.43,
                                                "Total Cost": 4.44,
                                                "Plan Rows": 1,
                                                "Plan Width": 23,
                                                "Actual Startup Time": 0.004,
                                                "Actual Total Time": 0.004,
                                                "Actual Rows": 1,
                                                "Actual Loops": 3332,
                                                "Output": [
                                                    "cn1.id",
                                                    "cn1.name",
                                                    "cn1.country_code",
                                                    "cn1.imdb_id",
                                                    "cn1.name_pcode_nf",
                                                    "cn1.name_pcode_sf",
                                                    "cn1.md5sum"
                                                ],
                                                "Recheck Cond": "(cn1.id = mc1.company_id)",
                                                "Rows Removed by Index Recheck": 0,
                                                "Filter": "((cn1.country_code)::text <> '[us]'::text)",
                                                "Rows Removed by Filter": 0,
                                                "Exact Heap Blocks": 3332,
                                                "Lossy Heap Blocks": 0,
                                                "Plans": [
                                                    {
                                                        "Node Type": "Bitmap Index Scan",
                                                        "Parent Relationship": "Outer",
                                                        "Parallel Aware": false,
                                                        "Index Name": "company_name_pkey",
                                                        "Startup Cost": 0.0,
                                                        "Total Cost": 0.43,
                                                        "Plan Rows": 1,
                                                        "Plan Width": 0,
                                                        "Actual Startup Time": 0.002,
                                                        "Actual Total Time": 0.002,
                                                        "Actual Rows": 1,
                                                        "Actual Loops": 3332,
                                                        "Index Cond": "(cn1.id = mc1.company_id)"
                                                    }
                                                ]
                                            }
                                        ]
                                    },
                                    {
                                        "Node Type": "Bitmap Heap Scan",
                                        "Parent Relationship": "Inner",
                                        "Parallel Aware": false,
                                        "Relation Name": "movie_companies",
                                        "Schema": "public",
                                        "Alias": "mc2",
                                        "Startup Cost": 0.51,
                                        "Total Cost": 4.57,
                                        "Plan Rows": 5,
                                        "Plan Width": 8,
                                        "Actual Startup Time": 0.005,
                                        "Actual Total Time": 0.006,
                                        "Actual Rows": 6,
                                        "Actual Loops": 1922,
                                        "Output": [
                                            "mc2.id",
                                            "mc2.movie_id",
                                            "mc2.company_id",
                                            "mc2.company_type_id",
                                            "mc2.note"
                                        ],
                                        "Recheck Cond": "(mc2.movie_id = mi_idx2.movie_id)",
                                        "Rows Removed by Index Recheck": 0,
                                        "Exact Heap Blocks": 3268,
                                        "Lossy Heap Blocks": 0,
                                        "Plans": [
                                            {
                                                "Node Type": "Bitmap Index Scan",
                                                "Parent Relationship": "Outer",
                                                "Parallel Aware": false,
                                                "Index Name": "movie_id_movie_companies",
                                                "Startup Cost": 0.0,
                                                "Total Cost": 0.51,
                                                "Plan Rows": 5,
                                                "Plan Width": 0,
                                                "Actual Startup Time": 0.003,
                                                "Actual Total Time": 0.003,
                                                "Actual Rows": 6,
                                                "Actual Loops": 1922,
                                                "Index Cond": "(mc2.movie_id = mi_idx2.movie_id)"
                                            }
                                        ]
                                    }
                                ]
                            },
                            {
                                "Node Type": "Bitmap Heap Scan",
                                "Parent Relationship": "Inner",
                                "Parallel Aware": false,
                                "Relation Name": "company_name",
                                "Schema": "public",
                                "Alias": "cn2",
                                "Startup Cost": 0.43,
                                "Total Cost": 4.44,
                                "Plan Rows": 1,
                                "Plan Width": 23,
                                "Actual Startup Time": 0.003,
                                "Actual Total Time": 0.003,
                                "Actual Rows": 1,
                                "Actual Loops": 10755,
                                "Output": [
                                    "cn2.id",
                                    "cn2.name",
                                    "cn2.country_code",
                                    "cn2.imdb_id",
                                    "cn2.name_pcode_nf",
                                    "cn2.name_pcode_sf",
                                    "cn2.md5sum"
                                ],
                                "Recheck Cond": "(cn2.id = mc2.company_id)",
                                "Rows Removed by Index Recheck": 0,
                                "Exact Heap Blocks": 10755,
                                "Lossy Heap Blocks": 0,
                                "Plans": [
                                    {
                                        "Node Type": "Bitmap Index Scan",
                                        "Parent Relationship": "Outer",
                                        "Parallel Aware": false,
                                        "Index Name": "company_name_pkey",
                                        "Startup Cost": 0.0,
                                        "Total Cost": 0.43,
                                        "Plan Rows": 1,
                                        "Plan Width": 0,
                                        "Actual Startup Time": 0.002,
                                        "Actual Total Time": 0.002,
                                        "Actual Rows": 1,
                                        "Actual Loops": 10755,
                                        "Index Cond": "(cn2.id = mc2.company_id)"
                                    }
                                ]
                            }
                        ]
                    },
                    {
                        "Node Type": "Bitmap Heap Scan",
                        "Parent Relationship": "Inner",
                        "Parallel Aware": false,
                        "Relation Name": "link_type",
                        "Schema": "public",
                        "Alias": "lt",
                        "Startup Cost": 0.15,
                        "Total Cost": 4.16,
                        "Plan Rows": 1,
                        "Plan Width": 4,
                        "Actual Startup Time": 0.002,
                        "Actual Total Time": 0.002,
                        "Actual Rows": 1,
                        "Actual Loops": 10755,
                        "Output": [
                            "lt.id",
                            "lt.link"
                        ],
                        "Recheck Cond": "(lt.id = ml.link_type_id)",
                        "Rows Removed by Index Recheck": 0,
                        "Filter": "((lt.link)::text = ANY ('{\"spoofed in\",\"spin off\",follows}'::text[]))",
                        "Rows Removed by Filter": 0,
                        "Exact Heap Blocks": 10755,
                        "Lossy Heap Blocks": 0,
                        "Plans": [
                            {
                                "Node Type": "Bitmap Index Scan",
                                "Parent Relationship": "Outer",
                                "Parallel Aware": false,
                                "Index Name": "link_type_pkey",
                                "Startup Cost": 0.0,
                                "Total Cost": 0.15,
                                "Plan Rows": 1,
                                "Plan Width": 0,
                                "Actual Startup Time": 0.001,
                                "Actual Total Time": 0.001,
                                "Actual Rows": 1,
                                "Actual Loops": 10755,
                                "Index Cond": "(lt.id = ml.link_type_id)"
                            }
                        ]
                    }
                ]
            }
        ]
    },
    "Planning Time": 135.257,
    "Triggers": [],
    "Execution Time": 487.235
}