[
  {
    "Plan": {
      "Node Type": "Aggregate",
      "Strategy": "Plain",
      "Partial Mode": "Finalize",
      "Parallel Aware": false,
      "Startup Cost": 252426.27,
      "Total Cost": 252426.28,
      "Plan Rows": 1,
      "Plan Width": 8,
      "Actual Startup Time": 336.198,
      "Actual Total Time": 365.204,
      "Actual Rows": 1,
      "Actual Loops": 1,
      "Plans": [
        {
          "Node Type": "Gather",
          "Parent Relationship": "Outer",
          "Parallel Aware": false,
          "Startup Cost": 252425.65,
          "Total Cost": 252426.26,
          "Plan Rows": 6,
          "Plan Width": 8,
          "Actual Startup Time": 334.834,
          "Actual Total Time": 365.188,
          "Actual Rows": 7,
          "Actual Loops": 1,
          "Workers Planned": 6,
          "Workers Launched": 6,
          "Single Copy": false,
          "Plans": [
            {
              "Node Type": "Aggregate",
              "Strategy": "Plain",
              "Partial Mode": "Partial",
              "Parent Relationship": "Outer",
              "Parallel Aware": false,
              "Startup Cost": 251425.65,
              "Total Cost": 251425.66,
              "Plan Rows": 1,
              "Plan Width": 8,
              "Actual Startup Time": 328.107,
              "Actual Total Time": 328.111,
              "Actual Rows": 1,
              "Actual Loops": 7,
              "Plans": [
                {
                  "Node Type": "Hash Join",
                  "Parent Relationship": "Outer",
                  "Parallel Aware": true,
                  "Join Type": "Inner",
                  "Startup Cost": 44396.61,
                  "Total Cost": 251393.56,
                  "Plan Rows": 12836,
                  "Plan Width": 0,
                  "Actual Startup Time": 80.546,
                  "Actual Total Time": 327.714,
                  "Actual Rows": 6389,
                  "Actual Loops": 7,
                  "Inner Unique": true,
                  "Hash Cond": "(ci.movie_id = t.id)",
                  "Plans": [
                    {
                      "Node Type": "Index Scan",
                      "Parent Relationship": "Outer",
                      "Parallel Aware": true,
                      "Scan Direction": "Forward",
                      "Index Name": "role_id_cast_info",
                      "Relation Name": "cast_info",
                      "Alias": "ci",
                      "Startup Cost": 0.56,
                      "Total Cost": 206461.54,
                      "Plan Rows": 204181,
                      "Plan Width": 4,
                      "Actual Startup Time": 0.296,
                      "Actual Total Time": 226.626,
                      "Actual Rows": 88653,
                      "Actual Loops": 7,
                      "Index Cond": "(role_id > 6)",
                      "Rows Removed by Index Recheck": 0,
                      "Filter": "(person_id < 578145)",
                      "Rows Removed by Filter": 1013153
                    },
                    {
                      "Node Type": "Hash",
                      "Parent Relationship": "Inner",
                      "Parallel Aware": true,
                      "Startup Cost": 43899.32,
                      "Total Cost": 43899.32,
                      "Plan Rows": 39738,
                      "Plan Width": 4,
                      "Actual Startup Time": 78.936,
                      "Actual Total Time": 78.938,
                      "Actual Rows": 22860,
                      "Actual Loops": 7,
                      "Hash Buckets": 262144,
                      "Original Hash Buckets": 262144,
                      "Hash Batches": 1,
                      "Original Hash Batches": 1,
                      "Peak Memory Usage": 8448,
                      "Plans": [
                        {
                          "Node Type": "Seq Scan",
                          "Parent Relationship": "Outer",
                          "Parallel Aware": true,
                          "Relation Name": "title",
                          "Alias": "t",
                          "Startup Cost": 0.0,
                          "Total Cost": 43899.32,
                          "Plan Rows": 39738,
                          "Plan Width": 4,
                          "Actual Startup Time": 0.034,
                          "Actual Total Time": 68.188,
                          "Actual Rows": 22860,
                          "Actual Loops": 7,
                          "Filter": "(production_year = 2011)",
                          "Rows Removed by Filter": 338328
                        }
                      ]
                    }
                  ]
                }
              ]
            }
          ]
        }
      ]
    },
    "Planning Time": 0.341,
    "Triggers": [],
    "Execution Time": 365.331
  }
]