{
    "Plan": {
        "Node Type": "Aggregate",
        "Strategy": "Plain",
        "Partial Mode": "Finalize",
        "Parallel Aware": false,
        "Startup Cost": 43380.2,
        "Total Cost": 43380.21,
        "Plan Rows": 1,
        "Plan Width": 8,
        "Actual Startup Time": 207.65,
        "Actual Total Time": 220.856,
        "Actual Rows": 1,
        "Actual Loops": 1,
        "Output": [
            "count(*)"
        ],
        "Plans": [
            {
                "Node Type": "Gather",
                "Parent Relationship": "Outer",
                "Parallel Aware": false,
                "Startup Cost": 43379.88,
                "Total Cost": 43380.19,
                "Plan Rows": 3,
                "Plan Width": 8,
                "Actual Startup Time": 207.286,
                "Actual Total Time": 220.845,
                "Actual Rows": 4,
                "Actual Loops": 1,
                "Output": [
                    "(PARTIAL count(*))"
                ],
                "Workers Planned": 3,
                "Workers Launched": 3,
                "Single Copy": false,
                "Plans": [
                    {
                        "Node Type": "Aggregate",
                        "Strategy": "Plain",
                        "Partial Mode": "Partial",
                        "Parent Relationship": "Outer",
                        "Parallel Aware": false,
                        "Startup Cost": 42379.88,
                        "Total Cost": 42379.89,
                        "Plan Rows": 1,
                        "Plan Width": 8,
                        "Actual Startup Time": 197.648,
                        "Actual Total Time": 197.65,
                        "Actual Rows": 1,
                        "Actual Loops": 4,
                        "Output": [
                            "PARTIAL count(*)"
                        ],
                        "Workers": [
                            {
                                "Worker Number": 0,
                                "Actual Startup Time": 194.325,
                                "Actual Total Time": 194.328,
                                "Actual Rows": 1,
                                "Actual Loops": 1
                            },
                            {
                                "Worker Number": 1,
                                "Actual Startup Time": 194.965,
                                "Actual Total Time": 194.968,
                                "Actual Rows": 1,
                                "Actual Loops": 1
                            },
                            {
                                "Worker Number": 2,
                                "Actual Startup Time": 195.023,
                                "Actual Total Time": 195.025,
                                "Actual Rows": 1,
                                "Actual Loops": 1
                            }
                        ],
                        "Plans": [
                            {
                                "Node Type": "Bitmap Heap Scan",
                                "Parent Relationship": "Outer",
                                "Parallel Aware": true,
                                "Relation Name": "movie_keyword",
                                "Schema": "public",
                                "Alias": "mk",
                                "Startup Cost": 14596.69,
                                "Total Cost": 41825.01,
                                "Plan Rows": 221946,
                                "Plan Width": 0,
                                "Actual Startup Time": 70.662,
                                "Actual Total Time": 184.159,
                                "Actual Rows": 173138,
                                "Actual Loops": 4,
                                "Recheck Cond": "(mk.keyword_id < 574)",
                                "Rows Removed by Index Recheck": 0,
                                "Exact Heap Blocks": 7743,
                                "Lossy Heap Blocks": 0,
                                "Workers": [
                                    {
                                        "Worker Number": 0,
                                        "Actual Startup Time": 67.46,
                                        "Actual Total Time": 180.87,
                                        "Actual Rows": 173713,
                                        "Actual Loops": 1
                                    },
                                    {
                                        "Worker Number": 1,
                                        "Actual Startup Time": 68.082,
                                        "Actual Total Time": 182.241,
                                        "Actual Rows": 166063,
                                        "Actual Loops": 1
                                    },
                                    {
                                        "Worker Number": 2,
                                        "Actual Startup Time": 68.142,
                                        "Actual Total Time": 182.417,
                                        "Actual Rows": 133733,
                                        "Actual Loops": 1
                                    }
                                ],
                                "Plans": [
                                    {
                                        "Node Type": "Bitmap Index Scan",
                                        "Parent Relationship": "Outer",
                                        "Parallel Aware": false,
                                        "Index Name": "keyword_id_movie_keyword",
                                        "Startup Cost": 0.0,
                                        "Total Cost": 14424.68,
                                        "Plan Rows": 688033,
                                        "Plan Width": 0,
                                        "Actual Startup Time": 73.234,
                                        "Actual Total Time": 73.235,
                                        "Actual Rows": 692553,
                                        "Actual Loops": 1,
                                        "Index Cond": "(mk.keyword_id < 574)"
                                    }
                                ]
                            }
                        ]
                    }
                ]
            }
        ]
    },
    "Planning Time": 1.881,
    "Triggers": [],
    "Execution Time": 221.193
}