[
  {
    "Plan": {
      "Node Type": "Aggregate",
      "Strategy": "Plain",
      "Partial Mode": "Finalize",
      "Parallel Aware": false,
      "Startup Cost": 46012.63,
      "Total Cost": 46012.64,
      "Plan Rows": 1,
      "Plan Width": 8,
      "Actual Startup Time": 171.875,
      "Actual Total Time": 184.173,
      "Actual Rows": 1,
      "Actual Loops": 1,
      "Plans": [
        {
          "Node Type": "Gather",
          "Parent Relationship": "Outer",
          "Parallel Aware": false,
          "Startup Cost": 46012.32,
          "Total Cost": 46012.63,
          "Plan Rows": 3,
          "Plan Width": 8,
          "Actual Startup Time": 171.731,
          "Actual Total Time": 184.161,
          "Actual Rows": 4,
          "Actual Loops": 1,
          "Workers Planned": 3,
          "Workers Launched": 3,
          "Single Copy": false,
          "Plans": [
            {
              "Node Type": "Aggregate",
              "Strategy": "Plain",
              "Partial Mode": "Partial",
              "Parent Relationship": "Outer",
              "Parallel Aware": false,
              "Startup Cost": 45012.32,
              "Total Cost": 45012.33,
              "Plan Rows": 1,
              "Plan Width": 8,
              "Actual Startup Time": 167.811,
              "Actual Total Time": 167.812,
              "Actual Rows": 1,
              "Actual Loops": 4,
              "Plans": [
                {
                  "Node Type": "Seq Scan",
                  "Parent Relationship": "Outer",
                  "Parallel Aware": true,
                  "Relation Name": "movie_keyword",
                  "Alias": "mk",
                  "Startup Cost": 0.0,
                  "Total Cost": 42695.65,
                  "Plan Rows": 926665,
                  "Plan Width": 0,
                  "Actual Startup Time": 0.031,
                  "Actual Total Time": 130.785,
                  "Actual Rows": 721540,
                  "Actual Loops": 4,
                  "Filter": "(keyword_id < 9051)",
                  "Rows Removed by Filter": 409442
                }
              ]
            }
          ]
        }
      ]
    },
    "Planning Time": 0.192,
    "Triggers": [],
    "Execution Time": 184.23
  }
]