[
  {
    "Plan": {
      "Node Type": "Aggregate",
      "Strategy": "Plain",
      "Partial Mode": "Finalize",
      "Parallel Aware": false,
      "Startup Cost": 44988.01,
      "Total Cost": 44988.02,
      "Plan Rows": 1,
      "Plan Width": 8,
      "Actual Startup Time": 118.256,
      "Actual Total Time": 123.866,
      "Actual Rows": 1,
      "Actual Loops": 1,
      "Plans": [
        {
          "Node Type": "Gather",
          "Parent Relationship": "Outer",
          "Parallel Aware": false,
          "Startup Cost": 44987.69,
          "Total Cost": 44988.0,
          "Plan Rows": 3,
          "Plan Width": 8,
          "Actual Startup Time": 118.138,
          "Actual Total Time": 123.859,
          "Actual Rows": 4,
          "Actual Loops": 1,
          "Workers Planned": 3,
          "Workers Launched": 3,
          "Single Copy": false,
          "Plans": [
            {
              "Node Type": "Aggregate",
              "Strategy": "Plain",
              "Partial Mode": "Partial",
              "Parent Relationship": "Outer",
              "Parallel Aware": false,
              "Startup Cost": 43987.69,
              "Total Cost": 43987.7,
              "Plan Rows": 1,
              "Plan Width": 8,
              "Actual Startup Time": 115.098,
              "Actual Total Time": 115.098,
              "Actual Rows": 1,
              "Actual Loops": 4,
              "Plans": [
                {
                  "Node Type": "Seq Scan",
                  "Parent Relationship": "Outer",
                  "Parallel Aware": true,
                  "Relation Name": "movie_keyword",
                  "Alias": "mk",
                  "Startup Cost": 0.0,
                  "Total Cost": 42695.65,
                  "Plan Rows": 516814,
                  "Plan Width": 0,
                  "Actual Startup Time": 0.018,
                  "Actual Total Time": 96.23,
                  "Actual Rows": 401074,
                  "Actual Loops": 4,
                  "Filter": "(keyword_id < 2487)",
                  "Rows Removed by Filter": 729908
                }
              ]
            }
          ]
        }
      ]
    },
    "Planning Time": 0.174,
    "Triggers": [],
    "Execution Time": 123.916
  }
]