{
  "Plan": {
    "Node Type": "Aggregate",
    "Strategy": "Plain",
    "Partial Mode": "Finalize",
    "Parallel Aware": false,
    "Startup Cost": 832863.25,
    "Total Cost": 832863.26,
    "Plan Rows": 1,
    "Plan Width": 8,
    "Actual Startup Time": 4752.153,
    "Actual Total Time": 4810.515,
    "Actual Rows": 1,
    "Actual Loops": 1,
    "Plans": [
      {
        "Node Type": "Gather",
        "Parent Relationship": "Outer",
        "Parallel Aware": false,
        "Startup Cost": 832863.14,
        "Total Cost": 832863.25,
        "Plan Rows": 1,
        "Plan Width": 8,
        "Actual Startup Time": 4745.918,
        "Actual Total Time": 4810.504,
        "Actual Rows": 2,
        "Actual Loops": 1,
        "Workers Planned": 1,
        "Workers Launched": 1,
        "Single Copy": false,
        "Plans": [
          {
            "Node Type": "Aggregate",
            "Strategy": "Plain",
            "Partial Mode": "Partial",
            "Parent Relationship": "Outer",
            "Parallel Aware": false,
            "Startup Cost": 831863.14,
            "Total Cost": 831863.15,
            "Plan Rows": 1,
            "Plan Width": 8,
            "Actual Startup Time": 4738.175,
            "Actual Total Time": 4739.381,
            "Actual Rows": 1,
            "Actual Loops": 2,
            "Plans": [
              {
                "Node Type": "Hash Join",
                "Parent Relationship": "Outer",
                "Parallel Aware": true,
                "Join Type": "Inner",
                "Startup Cost": 649227.35,
                "Total Cost": 830752.41,
                "Plan Rows": 444289,
                "Plan Width": 0,
                "Actual Startup Time": 4184.313,
                "Actual Total Time": 4687.718,
                "Actual Rows": 1303940,
                "Actual Loops": 2,
                "Inner Unique": false,
                "Hash Cond": "(mi.movie_id = t.id)",
                "Plans": [
                  {
                    "Node Type": "Bitmap Heap Scan",
                    "Parent Relationship": "Outer",
                    "Parallel Aware": true,
                    "Relation Name": "movie_info",
                    "Alias": "mi",
                    "Startup Cost": 23159.21,
                    "Total Cost": 194551.43,
                    "Plan Rows": 751938,
                    "Plan Width": 4,
                    "Actual Startup Time": 75.774,
                    "Actual Total Time": 138.937,
                    "Actual Rows": 649494,
                    "Actual Loops": 2,
                    "Recheck Cond": "(info_type_id = 4)",
                    "Rows Removed by Index Recheck": 0,
                    "Exact Heap Blocks": 4405,
                    "Lossy Heap Blocks": 0,
                    "Plans": [
                      {
                        "Node Type": "Bitmap Index Scan",
                        "Parent Relationship": "Outer",
                        "Parallel Aware": false,
                        "Index Name": "info_type_id_movie_info",
                        "Startup Cost": 0.0,
                        "Total Cost": 22839.64,
                        "Plan Rows": 1278294,
                        "Plan Width": 0,
                        "Actual Startup Time": 74.533,
                        "Actual Total Time": 74.533,
                        "Actual Rows": 1298989,
                        "Actual Loops": 1,
                        "Index Cond": "(info_type_id = 4)"
                      }
                    ]
                  },
                  {
                    "Node Type": "Hash",
                    "Parent Relationship": "Inner",
                    "Parallel Aware": true,
                    "Startup Cost": 615083.85,
                    "Total Cost": 615083.85,
                    "Plan Rows": 878743,
                    "Plan Width": 8,
                    "Actual Startup Time": 4090.286,
                    "Actual Total Time": 4091.49,
                    "Actual Rows": 1299924,
                    "Actual Loops": 2,
                    "Hash Buckets": 4194304,
                    "Original Hash Buckets": 2097152,
                    "Hash Batches": 1,
                    "Original Hash Batches": 1,
                    "Peak Memory Usage": 150880,
                    "Plans": [
                      {
                        "Node Type": "Hash Join",
                        "Parent Relationship": "Outer",
                        "Parallel Aware": true,
                        "Join Type": "Inner",
                        "Startup Cost": 59480.23,
                        "Total Cost": 615083.85,
                        "Plan Rows": 878743,
                        "Plan Width": 8,
                        "Actual Startup Time": 199.14,
                        "Actual Total Time": 3591.527,
                        "Actual Rows": 1299924,
                        "Actual Loops": 2,
                        "Inner Unique": true,
                        "Hash Cond": "(ci.movie_id = t.id)",
                        "Plans": [
                          {
                            "Node Type": "Seq Scan",
                            "Parent Relationship": "Outer",
                            "Parallel Aware": true,
                            "Relation Name": "cast_info",
                            "Alias": "ci",
                            "Startup Cost": 0.0,
                            "Total Cost": 519069.44,
                            "Plan Rows": 13917758,
                            "Plan Width": 4,
                            "Actual Startup Time": 0.018,
                            "Actual Total Time": 1586.841,
                            "Actual Rows": 11848233,
                            "Actual Loops": 2,
                            "Filter": "(person_id < 2427789)",
                            "Rows Removed by Filter": 6273939
                          },
                          {
                            "Node Type": "Hash",
                            "Parent Relationship": "Inner",
                            "Parallel Aware": true,
                            "Startup Cost": 58306.47,
                            "Total Cost": 58306.47,
                            "Plan Rows": 93901,
                            "Plan Width": 4,
                            "Actual Startup Time": 197.871,
                            "Actual Total Time": 197.872,
                            "Actual Rows": 146824,
                            "Actual Loops": 2,
                            "Hash Buckets": 524288,
                            "Original Hash Buckets": 262144,
                            "Hash Batches": 1,
                            "Original Hash Batches": 1,
                            "Peak Memory Usage": 17664,
                            "Plans": [
                              {
                                "Node Type": "Seq Scan",
                                "Parent Relationship": "Outer",
                                "Parallel Aware": true,
                                "Relation Name": "title",
                                "Alias": "t",
                                "Startup Cost": 0.0,
                                "Total Cost": 58306.47,
                                "Plan Rows": 93901,
                                "Plan Width": 4,
                                "Actual Startup Time": 0.101,
                                "Actual Total Time": 148.048,
                                "Actual Rows": 146824,
                                "Actual Loops": 2,
                                "Filter": "((kind_id < 4) AND (production_year < 1978))",
                                "Rows Removed by Filter": 1117332
                              }
                            ]
                          }
                        ]
                      }
                    ]
                  }
                ]
              }
            ]
          }
        ]
      }
    ]
  },
  "Planning Time": 0.978,
  "Triggers": [],
  "Execution Time": 4810.647
}