[
    {
        "Bao": {
            "Bao prediction": 662.281,
            "Bao recommended hint": "SET enable_nestloop TO off; "
        }
    },
    {
        "Plan": {
            "Node Type": "Aggregate",
            "Strategy": "Plain",
            "Partial Mode": "Simple",
            "Parallel Aware": false,
            "Startup Cost": 93795.2,
            "Total Cost": 93795.21,
            "Plan Rows": 1,
            "Plan Width": 8,
            "Actual Startup Time": 854.158,
            "Actual Total Time": 854.161,
            "Actual Rows": 1,
            "Actual Loops": 1,
            "Output": [
                "count(*)"
            ],
            "Plans": [
                {
                    "Node Type": "Hash Join",
                    "Parent Relationship": "Outer",
                    "Parallel Aware": false,
                    "Join Type": "Inner",
                    "Startup Cost": 92891.57,
                    "Total Cost": 93794.59,
                    "Plan Rows": 244,
                    "Plan Width": 0,
                    "Actual Startup Time": 851.765,
                    "Actual Total Time": 854.091,
                    "Actual Rows": 1470,
                    "Actual Loops": 1,
                    "Inner Unique": true,
                    "Hash Cond": "(mk.movie_id = t.id)",
                    "Plans": [
                        {
                            "Node Type": "Bitmap Heap Scan",
                            "Parent Relationship": "Outer",
                            "Parallel Aware": false,
                            "Relation Name": "movie_keyword",
                            "Schema": "public",
                            "Alias": "mk",
                            "Startup Cost": 6.32,
                            "Total Cost": 908.7,
                            "Plan Rows": 244,
                            "Plan Width": 4,
                            "Actual Startup Time": 0.964,
                            "Actual Total Time": 2.616,
                            "Actual Rows": 1470,
                            "Actual Loops": 1,
                            "Output": [
                                "mk.id",
                                "mk.movie_id",
                                "mk.keyword_id"
                            ],
                            "Recheck Cond": "(mk.keyword_id = 561)",
                            "Rows Removed by Index Recheck": 0,
                            "Exact Heap Blocks": 1299,
                            "Lossy Heap Blocks": 0,
                            "Plans": [
                                {
                                    "Node Type": "Bitmap Index Scan",
                                    "Parent Relationship": "Outer",
                                    "Parallel Aware": false,
                                    "Index Name": "keyword_id_movie_keyword",
                                    "Startup Cost": 0.0,
                                    "Total Cost": 6.26,
                                    "Plan Rows": 244,
                                    "Plan Width": 0,
                                    "Actual Startup Time": 0.459,
                                    "Actual Total Time": 0.46,
                                    "Actual Rows": 1470,
                                    "Actual Loops": 1,
                                    "Index Cond": "(mk.keyword_id = 561)"
                                }
                            ]
                        },
                        {
                            "Node Type": "Hash",
                            "Parent Relationship": "Inner",
                            "Parallel Aware": false,
                            "Startup Cost": 61281.22,
                            "Total Cost": 61281.22,
                            "Plan Rows": 2528322,
                            "Plan Width": 4,
                            "Actual Startup Time": 815.769,
                            "Actual Total Time": 815.77,
                            "Actual Rows": 2528312,
                            "Actual Loops": 1,
                            "Output": [
                                "t.id"
                            ],
                            "Hash Buckets": 4194304,
                            "Original Hash Buckets": 4194304,
                            "Hash Batches": 1,
                            "Original Hash Batches": 1,
                            "Peak Memory Usage": 121654,
                            "Plans": [
                                {
                                    "Node Type": "Seq Scan",
                                    "Parent Relationship": "Outer",
                                    "Parallel Aware": false,
                                    "Relation Name": "title",
                                    "Schema": "public",
                                    "Alias": "t",
                                    "Startup Cost": 0.0,
                                    "Total Cost": 61281.22,
                                    "Plan Rows": 2528322,
                                    "Plan Width": 4,
                                    "Actual Startup Time": 0.019,
                                    "Actual Total Time": 241.324,
                                    "Actual Rows": 2528312,
                                    "Actual Loops": 1,
                                    "Output": [
                                        "t.id"
                                    ]
                                }
                            ]
                        }
                    ]
                }
            ]
        },
        "Planning Time": 636.399,
        "Triggers": [],
        "Execution Time": 861.241
    }
]