[
  {
    "Plan": {
      "Node Type": "Aggregate",
      "Strategy": "Plain",
      "Partial Mode": "Finalize",
      "Parallel Aware": false,
      "Startup Cost": 81760.15,
      "Total Cost": 81760.16,
      "Plan Rows": 1,
      "Plan Width": 8,
      "Actual Startup Time": 391.342,
      "Actual Total Time": 406.633,
      "Actual Rows": 1,
      "Actual Loops": 1,
      "Plans": [
        {
          "Node Type": "Gather",
          "Parent Relationship": "Outer",
          "Parallel Aware": false,
          "Startup Cost": 81759.73,
          "Total Cost": 81760.14,
          "Plan Rows": 4,
          "Plan Width": 8,
          "Actual Startup Time": 386.616,
          "Actual Total Time": 406.623,
          "Actual Rows": 5,
          "Actual Loops": 1,
          "Workers Planned": 4,
          "Workers Launched": 4,
          "Single Copy": false,
          "Plans": [
            {
              "Node Type": "Aggregate",
              "Strategy": "Plain",
              "Partial Mode": "Partial",
              "Parent Relationship": "Outer",
              "Parallel Aware": false,
              "Startup Cost": 80759.73,
              "Total Cost": 80759.74,
              "Plan Rows": 1,
              "Plan Width": 8,
              "Actual Startup Time": 375.529,
              "Actual Total Time": 375.532,
              "Actual Rows": 1,
              "Actual Loops": 5,
              "Plans": [
                {
                  "Node Type": "Hash Join",
                  "Parent Relationship": "Outer",
                  "Parallel Aware": true,
                  "Join Type": "Inner",
                  "Startup Cost": 34267.82,
                  "Total Cost": 80317.52,
                  "Plan Rows": 176886,
                  "Plan Width": 0,
                  "Actual Startup Time": 150.824,
                  "Actual Total Time": 367.543,
                  "Actual Rows": 187117,
                  "Actual Loops": 5,
                  "Inner Unique": false,
                  "Hash Cond": "(t.id = mc.movie_id)",
                  "Plans": [
                    {
                      "Node Type": "Seq Scan",
                      "Parent Relationship": "Outer",
                      "Parallel Aware": true,
                      "Relation Name": "title",
                      "Alias": "t",
                      "Startup Cost": 0.0,
                      "Total Cost": 42318.73,
                      "Plan Rows": 632073,
                      "Plan Width": 4,
                      "Actual Startup Time": 0.01,
                      "Actual Total Time": 63.392,
                      "Actual Rows": 505662,
                      "Actual Loops": 5
                    },
                    {
                      "Node Type": "Hash",
                      "Parent Relationship": "Inner",
                      "Parallel Aware": true,
                      "Startup Cost": 31414.82,
                      "Total Cost": 31414.82,
                      "Plan Rows": 228240,
                      "Plan Width": 4,
                      "Actual Startup Time": 146.055,
                      "Actual Total Time": 146.056,
                      "Actual Rows": 187117,
                      "Actual Loops": 5,
                      "Hash Buckets": 1048576,
                      "Original Hash Buckets": 1048576,
                      "Hash Batches": 1,
                      "Original Hash Batches": 1,
                      "Peak Memory Usage": 44896,
                      "Plans": [
                        {
                          "Node Type": "Seq Scan",
                          "Parent Relationship": "Outer",
                          "Parallel Aware": true,
                          "Relation Name": "movie_companies",
                          "Alias": "mc",
                          "Startup Cost": 0.0,
                          "Total Cost": 31414.82,
                          "Plan Rows": 228240,
                          "Plan Width": 4,
                          "Actual Startup Time": 50.309,
                          "Actual Total Time": 83.408,
                          "Actual Rows": 187117,
                          "Actual Loops": 5,
                          "Filter": "((company_id > 11135) AND (company_type_id = 2))",
                          "Rows Removed by Filter": 334708
                        }
                      ]
                    }
                  ]
                }
              ]
            }
          ]
        }
      ]
    },
    "Planning Time": 0.711,
    "Triggers": [],
    "Execution Time": 406.735
  }
]