{
  "Plan": {
    "Node Type": "Aggregate",
    "Strategy": "Plain",
    "Partial Mode": "Finalize",
    "Parallel Aware": false,
    "Startup Cost": 123390.05,
    "Total Cost": 123390.06,
    "Plan Rows": 1,
    "Plan Width": 8,
    "Actual Startup Time": 621.368,
    "Actual Total Time": 635.283,
    "Actual Rows": 1,
    "Actual Loops": 1,
    "Plans": [
      {
        "Node Type": "Gather",
        "Parent Relationship": "Outer",
        "Parallel Aware": false,
        "Startup Cost": 123389.93,
        "Total Cost": 123390.04,
        "Plan Rows": 1,
        "Plan Width": 8,
        "Actual Startup Time": 618.915,
        "Actual Total Time": 635.276,
        "Actual Rows": 2,
        "Actual Loops": 1,
        "Workers Planned": 1,
        "Workers Launched": 1,
        "Single Copy": false,
        "Plans": [
          {
            "Node Type": "Aggregate",
            "Strategy": "Plain",
            "Partial Mode": "Partial",
            "Parent Relationship": "Outer",
            "Parallel Aware": false,
            "Startup Cost": 122389.93,
            "Total Cost": 122389.94,
            "Plan Rows": 1,
            "Plan Width": 8,
            "Actual Startup Time": 610.517,
            "Actual Total Time": 610.521,
            "Actual Rows": 1,
            "Actual Loops": 2,
            "Plans": [
              {
                "Node Type": "Hash Join",
                "Parent Relationship": "Outer",
                "Parallel Aware": true,
                "Join Type": "Inner",
                "Startup Cost": 87815.82,
                "Total Cost": 121465.96,
                "Plan Rows": 369589,
                "Plan Width": 0,
                "Actual Startup Time": 422.244,
                "Actual Total Time": 605.39,
                "Actual Rows": 85510,
                "Actual Loops": 2,
                "Inner Unique": true,
                "Hash Cond": "(mk.movie_id = t.id)",
                "Plans": [
                  {
                    "Node Type": "Bitmap Heap Scan",
                    "Parent Relationship": "Outer",
                    "Parallel Aware": true,
                    "Relation Name": "movie_keyword",
                    "Alias": "mk",
                    "Startup Cost": 21926.96,
                    "Total Cost": 53981.07,
                    "Plan Rows": 608009,
                    "Plan Width": 4,
                    "Actual Startup Time": 60.487,
                    "Actual Total Time": 154.938,
                    "Actual Rows": 514270,
                    "Actual Loops": 2,
                    "Recheck Cond": "(keyword_id > 17311)",
                    "Rows Removed by Index Recheck": 0,
                    "Exact Heap Blocks": 13346,
                    "Lossy Heap Blocks": 0,
                    "Plans": [
                      {
                        "Node Type": "Bitmap Index Scan",
                        "Parent Relationship": "Outer",
                        "Parallel Aware": false,
                        "Index Name": "keyword_id_movie_keyword",
                        "Startup Cost": 0.0,
                        "Total Cost": 21668.55,
                        "Plan Rows": 1033616,
                        "Plan Width": 0,
                        "Actual Startup Time": 56.871,
                        "Actual Total Time": 56.871,
                        "Actual Rows": 1028540,
                        "Actual Loops": 1,
                        "Index Cond": "(keyword_id > 17311)"
                      }
                    ]
                  },
                  {
                    "Node Type": "Hash",
                    "Parent Relationship": "Inner",
                    "Parallel Aware": true,
                    "Startup Cost": 54588.39,
                    "Total Cost": 54588.39,
                    "Plan Rows": 904038,
                    "Plan Width": 4,
                    "Actual Startup Time": 347.485,
                    "Actual Total Time": 347.485,
                    "Actual Rows": 771632,
                    "Actual Loops": 2,
                    "Hash Buckets": 2097152,
                    "Original Hash Buckets": 2097152,
                    "Hash Batches": 1,
                    "Original Hash Batches": 1,
                    "Peak Memory Usage": 76768,
                    "Plans": [
                      {
                        "Node Type": "Seq Scan",
                        "Parent Relationship": "Outer",
                        "Parallel Aware": true,
                        "Relation Name": "title",
                        "Alias": "t",
                        "Startup Cost": 0.0,
                        "Total Cost": 54588.39,
                        "Plan Rows": 904038,
                        "Plan Width": 4,
                        "Actual Startup Time": 0.027,
                        "Actual Total Time": 152.582,
                        "Actual Rows": 771632,
                        "Actual Loops": 2,
                        "Filter": "(kind_id = 7)",
                        "Rows Removed by Filter": 492524
                      }
                    ]
                  }
                ]
              }
            ]
          }
        ]
      }
    ]
  },
  "Planning Time": 0.616,
  "Triggers": [],
  "Execution Time": 635.366
}