[
  {
    "Plan": {
      "Node Type": "Aggregate",
      "Strategy": "Plain",
      "Partial Mode": "Finalize",
      "Parallel Aware": false,
      "Startup Cost": 294000.47,
      "Total Cost": 294000.48,
      "Plan Rows": 1,
      "Plan Width": 8,
      "Actual Startup Time": 660.787,
      "Actual Total Time": 679.256,
      "Actual Rows": 1,
      "Actual Loops": 1,
      "Plans": [
        {
          "Node Type": "Gather",
          "Parent Relationship": "Outer",
          "Parallel Aware": false,
          "Startup Cost": 294000.15,
          "Total Cost": 294000.46,
          "Plan Rows": 3,
          "Plan Width": 8,
          "Actual Startup Time": 650.5,
          "Actual Total Time": 679.246,
          "Actual Rows": 4,
          "Actual Loops": 1,
          "Workers Planned": 3,
          "Workers Launched": 3,
          "Single Copy": false,
          "Plans": [
            {
              "Node Type": "Aggregate",
              "Strategy": "Plain",
              "Partial Mode": "Partial",
              "Parent Relationship": "Outer",
              "Parallel Aware": false,
              "Startup Cost": 293000.15,
              "Total Cost": 293000.16,
              "Plan Rows": 1,
              "Plan Width": 8,
              "Actual Startup Time": 640.994,
              "Actual Total Time": 641.106,
              "Actual Rows": 1,
              "Actual Loops": 4,
              "Plans": [
                {
                  "Node Type": "Hash Join",
                  "Parent Relationship": "Outer",
                  "Parallel Aware": true,
                  "Join Type": "Inner",
                  "Startup Cost": 246107.82,
                  "Total Cost": 292242.03,
                  "Plan Rows": 303251,
                  "Plan Width": 0,
                  "Actual Startup Time": 477.99,
                  "Actual Total Time": 636.213,
                  "Actual Rows": 119388,
                  "Actual Loops": 4,
                  "Inner Unique": false,
                  "Hash Cond": "(mk.movie_id = t.id)",
                  "Plans": [
                    {
                      "Node Type": "Seq Scan",
                      "Parent Relationship": "Outer",
                      "Parallel Aware": true,
                      "Relation Name": "movie_keyword",
                      "Alias": "mk",
                      "Startup Cost": 0.0,
                      "Total Cost": 42695.65,
                      "Plan Rows": 755213,
                      "Plan Width": 4,
                      "Actual Startup Time": 0.022,
                      "Actual Total Time": 100.905,
                      "Actual Rows": 585336,
                      "Actual Loops": 4,
                      "Filter": "(keyword_id < 5198)",
                      "Rows Removed by Filter": 545646
                    },
                    {
                      "Node Type": "Hash",
                      "Parent Relationship": "Inner",
                      "Parallel Aware": true,
                      "Startup Cost": 243569.77,
                      "Total Cost": 243569.77,
                      "Plan Rows": 203044,
                      "Plan Width": 8,
                      "Actual Startup Time": 472.778,
                      "Actual Total Time": 472.888,
                      "Actual Rows": 50868,
                      "Actual Loops": 4,
                      "Hash Buckets": 1048576,
                      "Original Hash Buckets": 1048576,
                      "Hash Batches": 1,
                      "Original Hash Batches": 1,
                      "Peak Memory Usage": 16192,
                      "Plans": [
                        {
                          "Node Type": "Hash Join",
                          "Parent Relationship": "Outer",
                          "Parallel Aware": true,
                          "Join Type": "Inner",
                          "Startup Cost": 76933.29,
                          "Total Cost": 243569.77,
                          "Plan Rows": 203044,
                          "Plan Width": 8,
                          "Actual Startup Time": 304.741,
                          "Actual Total Time": 448.506,
                          "Actual Rows": 50868,
                          "Actual Loops": 4,
                          "Inner Unique": true,
                          "Hash Cond": "(mi.movie_id = t.id)",
                          "Plans": [
                            {
                              "Node Type": "Bitmap Heap Scan",
                              "Parent Relationship": "Outer",
                              "Parallel Aware": true,
                              "Relation Name": "movie_info",
                              "Alias": "mi",
                              "Startup Cost": 27808.97,
                              "Total Cost": 193639.56,
                              "Plan Rows": 307007,
                              "Plan Width": 4,
                              "Actual Startup Time": 43.915,
                              "Actual Total Time": 88.293,
                              "Actual Rows": 383477,
                              "Actual Loops": 4,
                              "Recheck Cond": "(info_type_id = 3)",
                              "Rows Removed by Index Recheck": 0,
                              "Exact Heap Blocks": 2834,
                              "Lossy Heap Blocks": 0,
                              "Plans": [
                                {
                                  "Node Type": "Bitmap Index Scan",
                                  "Parent Relationship": "Outer",
                                  "Parallel Aware": false,
                                  "Index Name": "info_type_id_movie_info",
                                  "Startup Cost": 0.0,
                                  "Total Cost": 27425.21,
                                  "Plan Rows": 1535037,
                                  "Plan Width": 0,
                                  "Actual Startup Time": 42.487,
                                  "Actual Total Time": 42.488,
                                  "Actual Rows": 1533909,
                                  "Actual Loops": 1,
                                  "Index Cond": "(info_type_id = 3)"
                                }
                              ]
                            },
                            {
                              "Node Type": "Hash",
                              "Parent Relationship": "Inner",
                              "Parallel Aware": true,
                              "Startup Cost": 43898.92,
                              "Total Cost": 43898.92,
                              "Plan Rows": 418032,
                              "Plan Width": 4,
                              "Actual Startup Time": 255.816,
                              "Actual Total Time": 255.817,
                              "Actual Rows": 418524,
                              "Actual Loops": 4,
                              "Hash Buckets": 2097152,
                              "Original Hash Buckets": 2097152,
                              "Hash Batches": 1,
                              "Original Hash Batches": 1,
                              "Peak Memory Usage": 81952,
                              "Plans": [
                                {
                                  "Node Type": "Seq Scan",
                                  "Parent Relationship": "Outer",
                                  "Parallel Aware": true,
                                  "Relation Name": "title",
                                  "Alias": "t",
                                  "Startup Cost": 0.0,
                                  "Total Cost": 43898.92,
                                  "Plan Rows": 418032,
                                  "Plan Width": 4,
                                  "Actual Startup Time": 0.055,
                                  "Actual Total Time": 104.93,
                                  "Actual Rows": 418524,
                                  "Actual Loops": 4,
                                  "Filter": "(kind_id > 3)",
                                  "Rows Removed by Filter": 213554
                                }
                              ]
                            }
                          ]
                        }
                      ]
                    }
                  ]
                }
              ]
            }
          ]
        }
      ]
    },
    "Planning Time": 1.36,
    "Triggers": [],
    "Execution Time": 679.357
  }
]