[
  {
    "Plan": {
      "Node Type": "Aggregate",
      "Strategy": "Plain",
      "Partial Mode": "Finalize",
      "Parallel Aware": false,
      "Startup Cost": 63558.04,
      "Total Cost": 63558.05,
      "Plan Rows": 1,
      "Plan Width": 8,
      "Actual Startup Time": 277.739,
      "Actual Total Time": 291.045,
      "Actual Rows": 1,
      "Actual Loops": 1,
      "Plans": [
        {
          "Node Type": "Gather",
          "Parent Relationship": "Outer",
          "Parallel Aware": false,
          "Startup Cost": 63557.83,
          "Total Cost": 63558.04,
          "Plan Rows": 2,
          "Plan Width": 8,
          "Actual Startup Time": 276.496,
          "Actual Total Time": 291.037,
          "Actual Rows": 3,
          "Actual Loops": 1,
          "Workers Planned": 2,
          "Workers Launched": 2,
          "Single Copy": false,
          "Plans": [
            {
              "Node Type": "Aggregate",
              "Strategy": "Plain",
              "Partial Mode": "Partial",
              "Parent Relationship": "Outer",
              "Parallel Aware": false,
              "Startup Cost": 62557.83,
              "Total Cost": 62557.84,
              "Plan Rows": 1,
              "Plan Width": 8,
              "Actual Startup Time": 268.579,
              "Actual Total Time": 268.583,
              "Actual Rows": 1,
              "Actual Loops": 3,
              "Plans": [
                {
                  "Node Type": "Hash Join",
                  "Parent Relationship": "Outer",
                  "Parallel Aware": true,
                  "Join Type": "Inner",
                  "Startup Cost": 47073.22,
                  "Total Cost": 62267.78,
                  "Plan Rows": 116017,
                  "Plan Width": 0,
                  "Actual Startup Time": 196.965,
                  "Actual Total Time": 262.797,
                  "Actual Rows": 136629,
                  "Actual Loops": 3,
                  "Inner Unique": true,
                  "Hash Cond": "(mi_idx.movie_id = t.id)",
                  "Plans": [
                    {
                      "Node Type": "Seq Scan",
                      "Parent Relationship": "Outer",
                      "Parallel Aware": true,
                      "Relation Name": "movie_info_idx",
                      "Alias": "mi_idx",
                      "Startup Cost": 0.0,
                      "Total Cost": 13685.15,
                      "Plan Rows": 575015,
                      "Plan Width": 4,
                      "Actual Startup Time": 0.023,
                      "Actual Total Time": 35.7,
                      "Actual Rows": 460012,
                      "Actual Loops": 3
                    },
                    {
                      "Node Type": "Hash",
                      "Parent Relationship": "Inner",
                      "Parallel Aware": true,
                      "Startup Cost": 45479.1,
                      "Total Cost": 45479.1,
                      "Plan Rows": 127530,
                      "Plan Width": 4,
                      "Actual Startup Time": 155.668,
                      "Actual Total Time": 155.669,
                      "Actual Rows": 127370,
                      "Actual Loops": 3,
                      "Hash Buckets": 524288,
                      "Original Hash Buckets": 524288,
                      "Hash Batches": 1,
                      "Original Hash Batches": 1,
                      "Peak Memory Usage": 19104,
                      "Plans": [
                        {
                          "Node Type": "Seq Scan",
                          "Parent Relationship": "Outer",
                          "Parallel Aware": true,
                          "Relation Name": "title",
                          "Alias": "t",
                          "Startup Cost": 0.0,
                          "Total Cost": 45479.1,
                          "Plan Rows": 127530,
                          "Plan Width": 4,
                          "Actual Startup Time": 49.775,
                          "Actual Total Time": 119.799,
                          "Actual Rows": 127370,
                          "Actual Loops": 3,
                          "Filter": "((production_year > 1980) AND (kind_id = 1))",
                          "Rows Removed by Filter": 715401
                        }
                      ]
                    }
                  ]
                }
              ]
            }
          ]
        }
      ]
    },
    "Planning Time": 0.595,
    "Triggers": [],
    "Execution Time": 291.117
  }
]