[
  {
    "Plan": {
      "Node Type": "Aggregate",
      "Strategy": "Plain",
      "Partial Mode": "Finalize",
      "Parallel Aware": false,
      "Startup Cost": 32244.7,
      "Total Cost": 32244.71,
      "Plan Rows": 1,
      "Plan Width": 8,
      "Actual Startup Time": 145.517,
      "Actual Total Time": 152.984,
      "Actual Rows": 1,
      "Actual Loops": 1,
      "Plans": [
        {
          "Node Type": "Gather",
          "Parent Relationship": "Outer",
          "Parallel Aware": false,
          "Startup Cost": 32244.38,
          "Total Cost": 32244.69,
          "Plan Rows": 3,
          "Plan Width": 8,
          "Actual Startup Time": 145.394,
          "Actual Total Time": 152.976,
          "Actual Rows": 4,
          "Actual Loops": 1,
          "Workers Planned": 3,
          "Workers Launched": 3,
          "Single Copy": false,
          "Plans": [
            {
              "Node Type": "Aggregate",
              "Strategy": "Plain",
              "Partial Mode": "Partial",
              "Parent Relationship": "Outer",
              "Parallel Aware": false,
              "Startup Cost": 31244.38,
              "Total Cost": 31244.39,
              "Plan Rows": 1,
              "Plan Width": 8,
              "Actual Startup Time": 137.375,
              "Actual Total Time": 137.376,
              "Actual Rows": 1,
              "Actual Loops": 4,
              "Plans": [
                {
                  "Node Type": "Seq Scan",
                  "Parent Relationship": "Outer",
                  "Parallel Aware": true,
                  "Relation Name": "movie_companies",
                  "Alias": "mc",
                  "Startup Cost": 0.0,
                  "Total Cost": 29310.68,
                  "Plan Rows": 773479,
                  "Plan Width": 0,
                  "Actual Startup Time": 0.047,
                  "Actual Total Time": 100.425,
                  "Actual Rows": 600665,
                  "Actual Loops": 4,
                  "Filter": "(company_id < 111578)",
                  "Rows Removed by Filter": 51617
                }
              ]
            }
          ]
        }
      ]
    },
    "Planning Time": 0.208,
    "Triggers": [],
    "Execution Time": 153.039
  }
]