[
  {
    "Plan": {
      "Node Type": "Aggregate",
      "Strategy": "Plain",
      "Partial Mode": "Finalize",
      "Parallel Aware": false,
      "Startup Cost": 98871.99,
      "Total Cost": 98872.0,
      "Plan Rows": 1,
      "Plan Width": 8,
      "Actual Startup Time": 266.794,
      "Actual Total Time": 295.936,
      "Actual Rows": 1,
      "Actual Loops": 1,
      "Plans": [
        {
          "Node Type": "Gather",
          "Parent Relationship": "Outer",
          "Parallel Aware": false,
          "Startup Cost": 98871.67,
          "Total Cost": 98871.98,
          "Plan Rows": 3,
          "Plan Width": 8,
          "Actual Startup Time": 263.95,
          "Actual Total Time": 295.924,
          "Actual Rows": 4,
          "Actual Loops": 1,
          "Workers Planned": 3,
          "Workers Launched": 3,
          "Single Copy": false,
          "Plans": [
            {
              "Node Type": "Aggregate",
              "Strategy": "Plain",
              "Partial Mode": "Partial",
              "Parent Relationship": "Outer",
              "Parallel Aware": false,
              "Startup Cost": 97871.67,
              "Total Cost": 97871.68,
              "Plan Rows": 1,
              "Plan Width": 8,
              "Actual Startup Time": 260.196,
              "Actual Total Time": 260.201,
              "Actual Rows": 1,
              "Actual Loops": 4,
              "Plans": [
                {
                  "Node Type": "Nested Loop",
                  "Parent Relationship": "Outer",
                  "Parallel Aware": false,
                  "Join Type": "Inner",
                  "Startup Cost": 53018.62,
                  "Total Cost": 97863.95,
                  "Plan Rows": 3090,
                  "Plan Width": 0,
                  "Actual Startup Time": 155.387,
                  "Actual Total Time": 258.192,
                  "Actual Rows": 47383,
                  "Actual Loops": 4,
                  "Inner Unique": false,
                  "Plans": [
                    {
                      "Node Type": "Hash Join",
                      "Parent Relationship": "Outer",
                      "Parallel Aware": true,
                      "Join Type": "Inner",
                      "Startup Cost": 53018.18,
                      "Total Cost": 73382.15,
                      "Plan Rows": 6473,
                      "Plan Width": 8,
                      "Actual Startup Time": 155.159,
                      "Actual Total Time": 178.273,
                      "Actual Rows": 1384,
                      "Actual Loops": 4,
                      "Inner Unique": true,
                      "Hash Cond": "(mc.movie_id = t.id)",
                      "Plans": [
                        {
                          "Node Type": "Bitmap Heap Scan",
                          "Parent Relationship": "Outer",
                          "Parallel Aware": true,
                          "Relation Name": "movie_companies",
                          "Alias": "mc",
                          "Startup Cost": 6456.41,
                          "Total Cost": 26696.31,
                          "Plan Rows": 47261,
                          "Plan Width": 4,
                          "Actual Startup Time": 15.869,
                          "Actual Total Time": 47.464,
                          "Actual Rows": 56096,
                          "Actual Loops": 4,
                          "Recheck Cond": "(company_id < 160)",
                          "Rows Removed by Index Recheck": 0,
                          "Filter": "(company_type_id = 1)",
                          "Rows Removed by Filter": 17123,
                          "Exact Heap Blocks": 7003,
                          "Lossy Heap Blocks": 0,
                          "Plans": [
                            {
                              "Node Type": "Bitmap Index Scan",
                              "Parent Relationship": "Outer",
                              "Parallel Aware": false,
                              "Index Name": "company_id_movie_companies",
                              "Startup Cost": 0.0,
                              "Total Cost": 6419.78,
                              "Plan Rows": 299647,
                              "Plan Width": 0,
                              "Actual Startup Time": 13.217,
                              "Actual Total Time": 13.217,
                              "Actual Rows": 292877,
                              "Actual Loops": 1,
                              "Index Cond": "(company_id < 160)"
                            }
                          ]
                        },
                        {
                          "Node Type": "Hash",
                          "Parent Relationship": "Inner",
                          "Parallel Aware": true,
                          "Startup Cost": 45479.59,
                          "Total Cost": 45479.59,
                          "Plan Rows": 86575,
                          "Plan Width": 4,
                          "Actual Startup Time": 115.929,
                          "Actual Total Time": 115.93,
                          "Actual Rows": 66319,
                          "Actual Loops": 4,
                          "Hash Buckets": 524288,
                          "Original Hash Buckets": 524288,
                          "Hash Batches": 1,
                          "Original Hash Batches": 1,
                          "Peak Memory Usage": 14560,
                          "Plans": [
                            {
                              "Node Type": "Seq Scan",
                              "Parent Relationship": "Outer",
                              "Parallel Aware": true,
                              "Relation Name": "title",
                              "Alias": "t",
                              "Startup Cost": 0.0,
                              "Total Cost": 45479.59,
                              "Plan Rows": 86575,
                              "Plan Width": 4,
                              "Actual Startup Time": 38.75,
                              "Actual Total Time": 90.037,
                              "Actual Rows": 66319,
                              "Actual Loops": 4,
                              "Filter": "((production_year > 2001) AND (kind_id = 1))",
                              "Rows Removed by Filter": 565759
                            }
                          ]
                        }
                      ]
                    },
                    {
                      "Node Type": "Index Scan",
                      "Parent Relationship": "Inner",
                      "Parallel Aware": false,
                      "Scan Direction": "Forward",
                      "Index Name": "movie_id_movie_info",
                      "Relation Name": "movie_info",
                      "Alias": "mi",
                      "Startup Cost": 0.43,
                      "Total Cost": 3.75,
                      "Plan Rows": 3,
                      "Plan Width": 4,
                      "Actual Startup Time": 0.038,
                      "Actual Total Time": 0.055,
                      "Actual Rows": 34,
                      "Actual Loops": 5534,
                      "Index Cond": "(movie_id = t.id)",
                      "Rows Removed by Index Recheck": 0,
                      "Filter": "(info_type_id > 18)",
                      "Rows Removed by Filter": 97
                    }
                  ]
                }
              ]
            }
          ]
        }
      ]
    },
    "Planning Time": 0.555,
    "Triggers": [],
    "Execution Time": 296.0
  }
]