[
  {
    "Plan": {
      "Node Type": "Aggregate",
      "Strategy": "Plain",
      "Partial Mode": "Finalize",
      "Parallel Aware": false,
      "Startup Cost": 47111.78,
      "Total Cost": 47111.79,
      "Plan Rows": 1,
      "Plan Width": 8,
      "Actual Startup Time": 205.185,
      "Actual Total Time": 214.499,
      "Actual Rows": 1,
      "Actual Loops": 1,
      "Plans": [
        {
          "Node Type": "Gather",
          "Parent Relationship": "Outer",
          "Parallel Aware": false,
          "Startup Cost": 47111.46,
          "Total Cost": 47111.77,
          "Plan Rows": 3,
          "Plan Width": 8,
          "Actual Startup Time": 205.094,
          "Actual Total Time": 214.49,
          "Actual Rows": 4,
          "Actual Loops": 1,
          "Workers Planned": 3,
          "Workers Launched": 3,
          "Single Copy": false,
          "Plans": [
            {
              "Node Type": "Aggregate",
              "Strategy": "Plain",
              "Partial Mode": "Partial",
              "Parent Relationship": "Outer",
              "Parallel Aware": false,
              "Startup Cost": 46111.46,
              "Total Cost": 46111.47,
              "Plan Rows": 1,
              "Plan Width": 8,
              "Actual Startup Time": 197.114,
              "Actual Total Time": 197.115,
              "Actual Rows": 1,
              "Actual Loops": 4,
              "Plans": [
                {
                  "Node Type": "Seq Scan",
                  "Parent Relationship": "Outer",
                  "Parallel Aware": true,
                  "Relation Name": "movie_keyword",
                  "Alias": "mk",
                  "Startup Cost": 0.0,
                  "Total Cost": 42695.65,
                  "Plan Rows": 1366324,
                  "Plan Width": 0,
                  "Actual Startup Time": 0.083,
                  "Actual Total Time": 140.716,
                  "Actual Rows": 1060021,
                  "Actual Loops": 4,
                  "Filter": "(keyword_id > 235)",
                  "Rows Removed by Filter": 70962
                }
              ]
            }
          ]
        }
      ]
    },
    "Planning Time": 0.162,
    "Triggers": [],
    "Execution Time": 214.558
  }
]