[
  {
    "Plan": {
      "Node Type": "Aggregate",
      "Strategy": "Plain",
      "Partial Mode": "Finalize",
      "Parallel Aware": false,
      "Startup Cost": 30506.44,
      "Total Cost": 30506.45,
      "Plan Rows": 1,
      "Plan Width": 8,
      "Actual Startup Time": 88.19,
      "Actual Total Time": 94.918,
      "Actual Rows": 1,
      "Actual Loops": 1,
      "Plans": [
        {
          "Node Type": "Gather",
          "Parent Relationship": "Outer",
          "Parallel Aware": false,
          "Startup Cost": 30506.12,
          "Total Cost": 30506.43,
          "Plan Rows": 3,
          "Plan Width": 8,
          "Actual Startup Time": 87.909,
          "Actual Total Time": 94.909,
          "Actual Rows": 4,
          "Actual Loops": 1,
          "Workers Planned": 3,
          "Workers Launched": 3,
          "Single Copy": false,
          "Plans": [
            {
              "Node Type": "Aggregate",
              "Strategy": "Plain",
              "Partial Mode": "Partial",
              "Parent Relationship": "Outer",
              "Parallel Aware": false,
              "Startup Cost": 29506.12,
              "Total Cost": 29506.13,
              "Plan Rows": 1,
              "Plan Width": 8,
              "Actual Startup Time": 81.236,
              "Actual Total Time": 81.237,
              "Actual Rows": 1,
              "Actual Loops": 4,
              "Plans": [
                {
                  "Node Type": "Bitmap Heap Scan",
                  "Parent Relationship": "Outer",
                  "Parallel Aware": true,
                  "Relation Name": "movie_keyword",
                  "Alias": "mk",
                  "Startup Cost": 4114.38,
                  "Total Cost": 29349.83,
                  "Plan Rows": 62516,
                  "Plan Width": 0,
                  "Actual Startup Time": 27.884,
                  "Actual Total Time": 78.004,
                  "Actual Rows": 48195,
                  "Actual Loops": 4,
                  "Recheck Cond": "(keyword_id > 70124)",
                  "Rows Removed by Index Recheck": 0,
                  "Exact Heap Blocks": 10999,
                  "Lossy Heap Blocks": 0,
                  "Plans": [
                    {
                      "Node Type": "Bitmap Index Scan",
                      "Parent Relationship": "Outer",
                      "Parallel Aware": false,
                      "Index Name": "keyword_id_movie_keyword",
                      "Startup Cost": 0.0,
                      "Total Cost": 4065.93,
                      "Plan Rows": 193800,
                      "Plan Width": 0,
                      "Actual Startup Time": 29.276,
                      "Actual Total Time": 29.276,
                      "Actual Rows": 192781,
                      "Actual Loops": 1,
                      "Index Cond": "(keyword_id > 70124)"
                    }
                  ]
                }
              ]
            }
          ]
        }
      ]
    },
    "Planning Time": 0.184,
    "Triggers": [],
    "Execution Time": 95.005
  }
]