[
  {
    "Plan": {
      "Node Type": "Aggregate",
      "Strategy": "Plain",
      "Partial Mode": "Finalize",
      "Parallel Aware": false,
      "Startup Cost": 46843.36,
      "Total Cost": 46843.37,
      "Plan Rows": 1,
      "Plan Width": 8,
      "Actual Startup Time": 179.164,
      "Actual Total Time": 188.793,
      "Actual Rows": 1,
      "Actual Loops": 1,
      "Plans": [
        {
          "Node Type": "Gather",
          "Parent Relationship": "Outer",
          "Parallel Aware": false,
          "Startup Cost": 46843.05,
          "Total Cost": 46843.36,
          "Plan Rows": 3,
          "Plan Width": 8,
          "Actual Startup Time": 179.031,
          "Actual Total Time": 188.785,
          "Actual Rows": 4,
          "Actual Loops": 1,
          "Workers Planned": 3,
          "Workers Launched": 3,
          "Single Copy": false,
          "Plans": [
            {
              "Node Type": "Aggregate",
              "Strategy": "Plain",
              "Partial Mode": "Partial",
              "Parent Relationship": "Outer",
              "Parallel Aware": false,
              "Startup Cost": 45843.05,
              "Total Cost": 45843.06,
              "Plan Rows": 1,
              "Plan Width": 8,
              "Actual Startup Time": 170.409,
              "Actual Total Time": 170.41,
              "Actual Rows": 1,
              "Actual Loops": 4,
              "Plans": [
                {
                  "Node Type": "Seq Scan",
                  "Parent Relationship": "Outer",
                  "Parallel Aware": true,
                  "Relation Name": "movie_keyword",
                  "Alias": "mk",
                  "Startup Cost": 0.0,
                  "Total Cost": 42695.65,
                  "Plan Rows": 1258957,
                  "Plan Width": 0,
                  "Actual Startup Time": 0.059,
                  "Actual Total Time": 126.335,
                  "Actual Rows": 978012,
                  "Actual Loops": 4,
                  "Filter": "(keyword_id < 30192)",
                  "Rows Removed by Filter": 152970
                }
              ]
            }
          ]
        }
      ]
    },
    "Planning Time": 0.156,
    "Triggers": [],
    "Execution Time": 188.845
  }
]