{
  "Plan": {
    "Node Type": "Aggregate",
    "Strategy": "Plain",
    "Partial Mode": "Finalize",
    "Parallel Aware": false,
    "Startup Cost": 145417.74,
    "Total Cost": 145417.75,
    "Plan Rows": 1,
    "Plan Width": 8,
    "Actual Startup Time": 701.993,
    "Actual Total Time": 721.682,
    "Actual Rows": 1,
    "Actual Loops": 1,
    "Plans": [
      {
        "Node Type": "Gather",
        "Parent Relationship": "Outer",
        "Parallel Aware": false,
        "Startup Cost": 145417.63,
        "Total Cost": 145417.74,
        "Plan Rows": 1,
        "Plan Width": 8,
        "Actual Startup Time": 701.356,
        "Actual Total Time": 721.674,
        "Actual Rows": 2,
        "Actual Loops": 1,
        "Workers Planned": 1,
        "Workers Launched": 1,
        "Single Copy": false,
        "Plans": [
          {
            "Node Type": "Aggregate",
            "Strategy": "Plain",
            "Partial Mode": "Partial",
            "Parent Relationship": "Outer",
            "Parallel Aware": false,
            "Startup Cost": 144417.63,
            "Total Cost": 144417.64,
            "Plan Rows": 1,
            "Plan Width": 8,
            "Actual Startup Time": 696.069,
            "Actual Total Time": 696.076,
            "Actual Rows": 1,
            "Actual Loops": 2,
            "Plans": [
              {
                "Node Type": "Hash Join",
                "Parent Relationship": "Outer",
                "Parallel Aware": true,
                "Join Type": "Inner",
                "Startup Cost": 83051.88,
                "Total Cost": 144321.85,
                "Plan Rows": 38311,
                "Plan Width": 0,
                "Actual Startup Time": 303.652,
                "Actual Total Time": 688.325,
                "Actual Rows": 150842,
                "Actual Loops": 2,
                "Inner Unique": false,
                "Hash Cond": "(mk.movie_id = t.id)",
                "Plans": [
                  {
                    "Node Type": "Seq Scan",
                    "Parent Relationship": "Outer",
                    "Parallel Aware": true,
                    "Relation Name": "movie_keyword",
                    "Alias": "mk",
                    "Startup Cost": 0.0,
                    "Total Cost": 51065.35,
                    "Plan Rows": 2661135,
                    "Plan Width": 4,
                    "Actual Startup Time": 0.017,
                    "Actual Total Time": 180.88,
                    "Actual Rows": 2261965,
                    "Actual Loops": 2
                  },
                  {
                    "Node Type": "Hash",
                    "Parent Relationship": "Inner",
                    "Parallel Aware": true,
                    "Startup Cost": 82784.24,
                    "Total Cost": 82784.24,
                    "Plan Rows": 21411,
                    "Plan Width": 8,
                    "Actual Startup Time": 302.463,
                    "Actual Total Time": 302.468,
                    "Actual Rows": 41572,
                    "Actual Loops": 2,
                    "Hash Buckets": 131072,
                    "Original Hash Buckets": 65536,
                    "Hash Batches": 1,
                    "Original Hash Batches": 1,
                    "Peak Memory Usage": 4832,
                    "Plans": [
                      {
                        "Node Type": "Hash Join",
                        "Parent Relationship": "Outer",
                        "Parallel Aware": true,
                        "Join Type": "Inner",
                        "Startup Cost": 38948.4,
                        "Total Cost": 82784.24,
                        "Plan Rows": 21411,
                        "Plan Width": 8,
                        "Actual Startup Time": 132.344,
                        "Actual Total Time": 290.444,
                        "Actual Rows": 41572,
                        "Actual Loops": 2,
                        "Inner Unique": true,
                        "Hash Cond": "(mc.movie_id = t.id)",
                        "Plans": [
                          {
                            "Node Type": "Seq Scan",
                            "Parent Relationship": "Outer",
                            "Parallel Aware": true,
                            "Relation Name": "movie_companies",
                            "Alias": "mc",
                            "Startup Cost": 0.0,
                            "Total Cost": 41811.73,
                            "Plan Rows": 771092,
                            "Plan Width": 4,
                            "Actual Startup Time": 57.574,
                            "Actual Total Time": 138.875,
                            "Actual Rows": 654834,
                            "Actual Loops": 2,
                            "Filter": "((company_id < 211814) AND (company_type_id = 2))",
                            "Rows Removed by Filter": 649730
                          },
                          {
                            "Node Type": "Hash",
                            "Parent Relationship": "Inner",
                            "Parallel Aware": true,
                            "Startup Cost": 38432.21,
                            "Total Cost": 38432.21,
                            "Plan Rows": 41295,
                            "Plan Width": 4,
                            "Actual Startup Time": 73.695,
                            "Actual Total Time": 73.697,
                            "Actual Rows": 38162,
                            "Actual Loops": 2,
                            "Hash Buckets": 131072,
                            "Original Hash Buckets": 131072,
                            "Hash Batches": 1,
                            "Original Hash Batches": 1,
                            "Peak Memory Usage": 4064,
                            "Plans": [
                              {
                                "Node Type": "Bitmap Heap Scan",
                                "Parent Relationship": "Outer",
                                "Parallel Aware": true,
                                "Relation Name": "title",
                                "Alias": "t",
                                "Startup Cost": 1634.09,
                                "Total Cost": 38432.21,
                                "Plan Rows": 41295,
                                "Plan Width": 4,
                                "Actual Startup Time": 18.965,
                                "Actual Total Time": 65.368,
                                "Actual Rows": 38162,
                                "Actual Loops": 2,
                                "Recheck Cond": "(kind_id = 2)",
                                "Rows Removed by Index Recheck": 0,
                                "Filter": "(production_year > 1979)",
                                "Rows Removed by Filter": 7264,
                                "Exact Heap Blocks": 20527,
                                "Lossy Heap Blocks": 0,
                                "Plans": [
                                  {
                                    "Node Type": "Bitmap Index Scan",
                                    "Parent Relationship": "Outer",
                                    "Parallel Aware": false,
                                    "Index Name": "kind_id_title",
                                    "Startup Cost": 0.0,
                                    "Total Cost": 1616.54,
                                    "Plan Rows": 90681,
                                    "Plan Width": 0,
                                    "Actual Startup Time": 15.396,
                                    "Actual Total Time": 15.396,
                                    "Actual Rows": 90852,
                                    "Actual Loops": 1,
                                    "Index Cond": "(kind_id = 2)"
                                  }
                                ]
                              }
                            ]
                          }
                        ]
                      }
                    ]
                  }
                ]
              }
            ]
          }
        ]
      }
    ]
  },
  "Planning Time": 1.095,
  "Triggers": [],
  "Execution Time": 721.783
}