[
  {
    "Bao": {
      "Bao prediction": 379.403,
      "Bao recommended hint": "(no hint)"
    }
  },
  {
    "Plan": {
      "Node Type": "Hash Join",
      "Parallel Aware": false,
      "Join Type": "Inner",
      "Startup Cost": 101174.13,
      "Total Cost": 175771.85,
      "Plan Rows": 1559696,
      "Plan Width": 40,
      "Actual Startup Time": 1955.727,
      "Actual Total Time": 3542.255,
      "Actual Rows": 1565442,
      "Actual Loops": 1,
      "Inner Unique": true,
      "Hash Cond": "(t.kind_id = kt.id)",
      "Plans": [
        {
          "Node Type": "Hash Join",
          "Parent Relationship": "Outer",
          "Parallel Aware": false,
          "Join Type": "Inner",
          "Startup Cost": 101172.97,
          "Total Cost": 169197.69,
          "Plan Rows": 1559696,
          "Plan Width": 44,
          "Actual Startup Time": 1955.624,
          "Actual Total Time": 3344.092,
          "Actual Rows": 1565442,
          "Actual Loops": 1,
          "Inner Unique": true,
          "Hash Cond": "(mc.company_type_id = ct.id)",
          "Plans": [
            {
              "Node Type": "Hash Join",
              "Parent Relationship": "Outer",
              "Parallel Aware": false,
              "Join Type": "Inner",
              "Startup Cost": 101171.88,
              "Total Cost": 160764.49,
              "Plan Rows": 1559696,
              "Plan Width": 44,
              "Actual Startup Time": 1955.579,
              "Actual Total Time": 3147.145,
              "Actual Rows": 1565442,
              "Actual Loops": 1,
              "Inner Unique": true,
              "Hash Cond": "(mc.movie_id = t.id)",
              "Plans": [
                {
                  "Node Type": "Hash Join",
                  "Parent Relationship": "Outer",
                  "Parallel Aware": false,
                  "Join Type": "Inner",
                  "Startup Cost": 8282.43,
                  "Total Cost": 63780.82,
                  "Plan Rows": 1559696,
                  "Plan Width": 40,
                  "Actual Startup Time": 128.082,
                  "Actual Total Time": 684.378,
                  "Actual Rows": 1565442,
                  "Actual Loops": 1,
                  "Inner Unique": true,
                  "Hash Cond": "(mc.company_id = cn.id)",
                  "Plans": [
                    {
                      "Node Type": "Seq Scan",
                      "Parent Relationship": "Outer",
                      "Parallel Aware": false,
                      "Relation Name": "movie_companies",
                      "Alias": "mc",
                      "Startup Cost": 0.0,
                      "Total Cost": 51404.11,
                      "Plan Rows": 1559696,
                      "Plan Width": 40,
                      "Actual Startup Time": 0.017,
                      "Actual Total Time": 261.358,
                      "Actual Rows": 1565442,
                      "Actual Loops": 1,
                      "Filter": "(company_id < 15149)",
                      "Rows Removed by Filter": 1043687
                    },
                    {
                      "Node Type": "Hash",
                      "Parent Relationship": "Inner",
                      "Parallel Aware": false,
                      "Startup Cost": 5344.97,
                      "Total Cost": 5344.97,
                      "Plan Rows": 234997,
                      "Plan Width": 4,
                      "Actual Startup Time": 125.971,
                      "Actual Total Time": 125.972,
                      "Actual Rows": 234997,
                      "Actual Loops": 1,
                      "Hash Buckets": 262144,
                      "Original Hash Buckets": 262144,
                      "Hash Batches": 1,
                      "Original Hash Batches": 1,
                      "Peak Memory Usage": 10310,
                      "Plans": [
                        {
                          "Node Type": "Seq Scan",
                          "Parent Relationship": "Outer",
                          "Parallel Aware": false,
                          "Relation Name": "company_name",
                          "Alias": "cn",
                          "Startup Cost": 0.0,
                          "Total Cost": 5344.97,
                          "Plan Rows": 234997,
                          "Plan Width": 4,
                          "Actual Startup Time": 0.06,
                          "Actual Total Time": 61.558,
                          "Actual Rows": 234997,
                          "Actual Loops": 1
                        }
                      ]
                    }
                  ]
                },
                {
                  "Node Type": "Hash",
                  "Parent Relationship": "Inner",
                  "Parallel Aware": false,
                  "Startup Cost": 61283.09,
                  "Total Cost": 61283.09,
                  "Plan Rows": 2528509,
                  "Plan Width": 8,
                  "Actual Startup Time": 1795.202,
                  "Actual Total Time": 1795.203,
                  "Actual Rows": 2528312,
                  "Actual Loops": 1,
                  "Hash Buckets": 4194304,
                  "Original Hash Buckets": 4194304,
                  "Hash Batches": 1,
                  "Original Hash Batches": 1,
                  "Peak Memory Usage": 131531,
                  "Plans": [
                    {
                      "Node Type": "Seq Scan",
                      "Parent Relationship": "Outer",
                      "Parallel Aware": false,
                      "Relation Name": "title",
                      "Alias": "t",
                      "Startup Cost": 0.0,
                      "Total Cost": 61283.09,
                      "Plan Rows": 2528509,
                      "Plan Width": 8,
                      "Actual Startup Time": 0.043,
                      "Actual Total Time": 557.956,
                      "Actual Rows": 2528312,
                      "Actual Loops": 1
                    }
                  ]
                }
              ]
            },
            {
              "Node Type": "Hash",
              "Parent Relationship": "Inner",
              "Parallel Aware": false,
              "Startup Cost": 1.04,
              "Total Cost": 1.04,
              "Plan Rows": 4,
              "Plan Width": 4,
              "Actual Startup Time": 0.014,
              "Actual Total Time": 0.014,
              "Actual Rows": 4,
              "Actual Loops": 1,
              "Hash Buckets": 1024,
              "Original Hash Buckets": 1024,
              "Hash Batches": 1,
              "Original Hash Batches": 1,
              "Peak Memory Usage": 9,
              "Plans": [
                {
                  "Node Type": "Seq Scan",
                  "Parent Relationship": "Outer",
                  "Parallel Aware": false,
                  "Relation Name": "company_type",
                  "Alias": "ct",
                  "Startup Cost": 0.0,
                  "Total Cost": 1.04,
                  "Plan Rows": 4,
                  "Plan Width": 4,
                  "Actual Startup Time": 0.006,
                  "Actual Total Time": 0.007,
                  "Actual Rows": 4,
                  "Actual Loops": 1
                }
              ]
            }
          ]
        },
        {
          "Node Type": "Hash",
          "Parent Relationship": "Inner",
          "Parallel Aware": false,
          "Startup Cost": 1.07,
          "Total Cost": 1.07,
          "Plan Rows": 7,
          "Plan Width": 4,
          "Actual Startup Time": 0.037,
          "Actual Total Time": 0.038,
          "Actual Rows": 7,
          "Actual Loops": 1,
          "Hash Buckets": 1024,
          "Original Hash Buckets": 1024,
          "Hash Batches": 1,
          "Original Hash Batches": 1,
          "Peak Memory Usage": 9,
          "Plans": [
            {
              "Node Type": "Seq Scan",
              "Parent Relationship": "Outer",
              "Parallel Aware": false,
              "Relation Name": "kind_type",
              "Alias": "kt",
              "Startup Cost": 0.0,
              "Total Cost": 1.07,
              "Plan Rows": 7,
              "Plan Width": 4,
              "Actual Startup Time": 0.012,
              "Actual Total Time": 0.014,
              "Actual Rows": 7,
              "Actual Loops": 1
            }
          ]
        }
      ]
    },
    "Planning Time": 420.095,
    "Triggers": [],
    "Execution Time": 3591.423
  }
]