[
  {
    "Plan": {
      "Node Type": "Aggregate",
      "Strategy": "Plain",
      "Partial Mode": "Finalize",
      "Parallel Aware": false,
      "Startup Cost": 31151.92,
      "Total Cost": 31151.93,
      "Plan Rows": 1,
      "Plan Width": 8,
      "Actual Startup Time": 89.069,
      "Actual Total Time": 97.369,
      "Actual Rows": 1,
      "Actual Loops": 1,
      "Plans": [
        {
          "Node Type": "Gather",
          "Parent Relationship": "Outer",
          "Parallel Aware": false,
          "Startup Cost": 31151.6,
          "Total Cost": 31151.91,
          "Plan Rows": 3,
          "Plan Width": 8,
          "Actual Startup Time": 88.976,
          "Actual Total Time": 97.354,
          "Actual Rows": 4,
          "Actual Loops": 1,
          "Workers Planned": 3,
          "Workers Launched": 3,
          "Single Copy": false,
          "Plans": [
            {
              "Node Type": "Aggregate",
              "Strategy": "Plain",
              "Partial Mode": "Partial",
              "Parent Relationship": "Outer",
              "Parallel Aware": false,
              "Startup Cost": 30151.6,
              "Total Cost": 30151.61,
              "Plan Rows": 1,
              "Plan Width": 8,
              "Actual Startup Time": 84.592,
              "Actual Total Time": 84.593,
              "Actual Rows": 1,
              "Actual Loops": 4,
              "Plans": [
                {
                  "Node Type": "Seq Scan",
                  "Parent Relationship": "Outer",
                  "Parallel Aware": true,
                  "Relation Name": "movie_companies",
                  "Alias": "mc",
                  "Startup Cost": 0.0,
                  "Total Cost": 29310.68,
                  "Plan Rows": 336367,
                  "Plan Width": 0,
                  "Actual Startup Time": 16.608,
                  "Actual Total Time": 73.583,
                  "Actual Rows": 263158,
                  "Actual Loops": 4,
                  "Filter": "(company_id > 14901)",
                  "Rows Removed by Filter": 389124
                }
              ]
            }
          ]
        }
      ]
    },
    "Planning Time": 0.123,
    "Triggers": [],
    "Execution Time": 97.418
  }
]