{
  "Plan": {
    "Node Type": "Aggregate",
    "Strategy": "Plain",
    "Partial Mode": "Finalize",
    "Parallel Aware": false,
    "Startup Cost": 903971.25,
    "Total Cost": 903971.26,
    "Plan Rows": 1,
    "Plan Width": 8,
    "Actual Startup Time": 5294.853,
    "Actual Total Time": 5348.596,
    "Actual Rows": 1,
    "Actual Loops": 1,
    "Plans": [
      {
        "Node Type": "Gather",
        "Parent Relationship": "Outer",
        "Parallel Aware": false,
        "Startup Cost": 903971.14,
        "Total Cost": 903971.25,
        "Plan Rows": 1,
        "Plan Width": 8,
        "Actual Startup Time": 5286.613,
        "Actual Total Time": 5348.586,
        "Actual Rows": 2,
        "Actual Loops": 1,
        "Workers Planned": 1,
        "Workers Launched": 1,
        "Single Copy": false,
        "Plans": [
          {
            "Node Type": "Aggregate",
            "Strategy": "Plain",
            "Partial Mode": "Partial",
            "Parent Relationship": "Outer",
            "Parallel Aware": false,
            "Startup Cost": 902971.14,
            "Total Cost": 902971.15,
            "Plan Rows": 1,
            "Plan Width": 8,
            "Actual Startup Time": 5275.541,
            "Actual Total Time": 5276.662,
            "Actual Rows": 1,
            "Actual Loops": 2,
            "Plans": [
              {
                "Node Type": "Hash Join",
                "Parent Relationship": "Outer",
                "Parallel Aware": true,
                "Join Type": "Inner",
                "Startup Cost": 545226.49,
                "Total Cost": 885329.74,
                "Plan Rows": 7056562,
                "Plan Width": 0,
                "Actual Startup Time": 2782.028,
                "Actual Total Time": 5119.906,
                "Actual Rows": 3876476,
                "Actual Loops": 2,
                "Inner Unique": false,
                "Hash Cond": "(mi.movie_id = t.id)",
                "Plans": [
                  {
                    "Node Type": "Seq Scan",
                    "Parent Relationship": "Outer",
                    "Parallel Aware": true,
                    "Relation Name": "movie_info",
                    "Alias": "mi",
                    "Startup Cost": 0.0,
                    "Total Cost": 270696.42,
                    "Plan Rows": 5579529,
                    "Plan Width": 4,
                    "Actual Startup Time": 0.018,
                    "Actual Total Time": 687.043,
                    "Actual Rows": 4782576,
                    "Actual Loops": 2,
                    "Filter": "(info_type_id < 16)",
                    "Rows Removed by Filter": 2635284
                  },
                  {
                    "Node Type": "Hash",
                    "Parent Relationship": "Inner",
                    "Parallel Aware": true,
                    "Startup Cost": 521714.79,
                    "Total Cost": 521714.79,
                    "Plan Rows": 1880936,
                    "Plan Width": 8,
                    "Actual Startup Time": 2761.028,
                    "Actual Total Time": 2762.147,
                    "Actual Rows": 1705850,
                    "Actual Loops": 2,
                    "Hash Buckets": 4194304,
                    "Original Hash Buckets": 4194304,
                    "Hash Batches": 1,
                    "Original Hash Batches": 1,
                    "Peak Memory Usage": 166272,
                    "Plans": [
                      {
                        "Node Type": "Hash Join",
                        "Parent Relationship": "Outer",
                        "Parallel Aware": true,
                        "Join Type": "Inner",
                        "Startup Cost": 211142.28,
                        "Total Cost": 521714.79,
                        "Plan Rows": 1880936,
                        "Plan Width": 8,
                        "Actual Startup Time": 717.454,
                        "Actual Total Time": 2236.707,
                        "Actual Rows": 1705850,
                        "Actual Loops": 2,
                        "Inner Unique": true,
                        "Hash Cond": "(ci.movie_id = t.id)",
                        "Plans": [
                          {
                            "Node Type": "Bitmap Heap Scan",
                            "Parent Relationship": "Outer",
                            "Parallel Aware": true,
                            "Relation Name": "cast_info",
                            "Alias": "ci",
                            "Startup Cost": 143699.13,
                            "Total Cost": 444225.38,
                            "Plan Rows": 3827140,
                            "Plan Width": 4,
                            "Actual Startup Time": 379.751,
                            "Actual Total Time": 712.939,
                            "Actual Rows": 3353098,
                            "Actual Loops": 2,
                            "Recheck Cond": "(person_id < 648010)",
                            "Rows Removed by Index Recheck": 0,
                            "Exact Heap Blocks": 36737,
                            "Lossy Heap Blocks": 0,
                            "Plans": [
                              {
                                "Node Type": "Bitmap Index Scan",
                                "Parent Relationship": "Outer",
                                "Parallel Aware": false,
                                "Index Name": "person_id_cast_info",
                                "Startup Cost": 0.0,
                                "Total Cost": 142072.6,
                                "Plan Rows": 6506138,
                                "Plan Width": 0,
                                "Actual Startup Time": 367.514,
                                "Actual Total Time": 367.515,
                                "Actual Rows": 6706196,
                                "Actual Loops": 1,
                                "Index Cond": "(person_id < 648010)"
                              }
                            ]
                          },
                          {
                            "Node Type": "Hash",
                            "Parent Relationship": "Inner",
                            "Parallel Aware": true,
                            "Startup Cost": 58306.47,
                            "Total Cost": 58306.47,
                            "Plan Rows": 730934,
                            "Plan Width": 4,
                            "Actual Startup Time": 331.739,
                            "Actual Total Time": 331.74,
                            "Actual Rows": 662288,
                            "Actual Loops": 2,
                            "Hash Buckets": 2097152,
                            "Original Hash Buckets": 2097152,
                            "Hash Batches": 1,
                            "Original Hash Batches": 1,
                            "Peak Memory Usage": 68256,
                            "Plans": [
                              {
                                "Node Type": "Seq Scan",
                                "Parent Relationship": "Outer",
                                "Parallel Aware": true,
                                "Relation Name": "title",
                                "Alias": "t",
                                "Startup Cost": 0.0,
                                "Total Cost": 58306.47,
                                "Plan Rows": 730934,
                                "Plan Width": 4,
                                "Actual Startup Time": 0.028,
                                "Actual Total Time": 160.975,
                                "Actual Rows": 662288,
                                "Actual Loops": 2,
                                "Filter": "((production_year > 1973) AND (kind_id = 7))",
                                "Rows Removed by Filter": 601868
                              }
                            ]
                          }
                        ]
                      }
                    ]
                  }
                ]
              }
            ]
          }
        ]
      }
    ]
  },
  "Planning Time": 0.949,
  "Triggers": [],
  "Execution Time": 5348.702
}