{
  "Plan": {
    "Node Type": "Aggregate",
    "Strategy": "Plain",
    "Partial Mode": "Finalize",
    "Parallel Aware": false,
    "Startup Cost": 667616.98,
    "Total Cost": 667616.99,
    "Plan Rows": 1,
    "Plan Width": 8,
    "Actual Startup Time": 3143.146,
    "Actual Total Time": 3201.531,
    "Actual Rows": 1,
    "Actual Loops": 1,
    "Plans": [
      {
        "Node Type": "Gather",
        "Parent Relationship": "Outer",
        "Parallel Aware": false,
        "Startup Cost": 667616.87,
        "Total Cost": 667616.98,
        "Plan Rows": 1,
        "Plan Width": 8,
        "Actual Startup Time": 3141.197,
        "Actual Total Time": 3201.524,
        "Actual Rows": 2,
        "Actual Loops": 1,
        "Workers Planned": 1,
        "Workers Launched": 1,
        "Single Copy": false,
        "Plans": [
          {
            "Node Type": "Aggregate",
            "Strategy": "Plain",
            "Partial Mode": "Partial",
            "Parent Relationship": "Outer",
            "Parallel Aware": false,
            "Startup Cost": 666616.87,
            "Total Cost": 666616.88,
            "Plan Rows": 1,
            "Plan Width": 8,
            "Actual Startup Time": 3134.369,
            "Actual Total Time": 3134.375,
            "Actual Rows": 1,
            "Actual Loops": 2,
            "Plans": [
              {
                "Node Type": "Hash Join",
                "Parent Relationship": "Outer",
                "Parallel Aware": true,
                "Join Type": "Inner",
                "Startup Cost": 109389.79,
                "Total Cost": 664948.69,
                "Plan Rows": 667272,
                "Plan Width": 0,
                "Actual Startup Time": 1038.075,
                "Actual Total Time": 3043.345,
                "Actual Rows": 2239476,
                "Actual Loops": 2,
                "Inner Unique": false,
                "Hash Cond": "(ci.movie_id = t.id)",
                "Plans": [
                  {
                    "Node Type": "Seq Scan",
                    "Parent Relationship": "Outer",
                    "Parallel Aware": true,
                    "Relation Name": "cast_info",
                    "Alias": "ci",
                    "Startup Cost": 0.0,
                    "Total Cost": 519069.44,
                    "Plan Rows": 8683821,
                    "Plan Width": 4,
                    "Actual Startup Time": 488.821,
                    "Actual Total Time": 1336.82,
                    "Actual Rows": 7368832,
                    "Actual Loops": 2,
                    "Filter": "(person_id > 2179905)",
                    "Rows Removed by Filter": 10753340
                  },
                  {
                    "Node Type": "Hash",
                    "Parent Relationship": "Inner",
                    "Parallel Aware": true,
                    "Startup Cost": 107961.29,
                    "Total Cost": 107961.29,
                    "Plan Rows": 114280,
                    "Plan Width": 8,
                    "Actual Startup Time": 545.726,
                    "Actual Total Time": 545.73,
                    "Actual Rows": 136636,
                    "Actual Loops": 2,
                    "Hash Buckets": 524288,
                    "Original Hash Buckets": 262144,
                    "Hash Batches": 1,
                    "Original Hash Batches": 1,
                    "Peak Memory Usage": 16864,
                    "Plans": [
                      {
                        "Node Type": "Hash Join",
                        "Parent Relationship": "Outer",
                        "Parallel Aware": true,
                        "Join Type": "Inner",
                        "Startup Cost": 44046.16,
                        "Total Cost": 107961.29,
                        "Plan Rows": 114280,
                        "Plan Width": 8,
                        "Actual Startup Time": 176.518,
                        "Actual Total Time": 505.155,
                        "Actual Rows": 136636,
                        "Actual Loops": 2,
                        "Inner Unique": false,
                        "Hash Cond": "(t.id = mc.movie_id)",
                        "Plans": [
                          {
                            "Node Type": "Seq Scan",
                            "Parent Relationship": "Outer",
                            "Parallel Aware": true,
                            "Relation Name": "title",
                            "Alias": "t",
                            "Startup Cost": 0.0,
                            "Total Cost": 58306.47,
                            "Plan Rows": 789828,
                            "Plan Width": 4,
                            "Actual Startup Time": 0.014,
                            "Actual Total Time": 147.61,
                            "Actual Rows": 731350,
                            "Actual Loops": 2,
                            "Filter": "((kind_id > 1) AND (production_year > 1987))",
                            "Rows Removed by Filter": 532806
                          },
                          {
                            "Node Type": "Hash",
                            "Parent Relationship": "Inner",
                            "Parallel Aware": true,
                            "Startup Cost": 41356.34,
                            "Total Cost": 41356.34,
                            "Plan Rows": 215186,
                            "Plan Width": 4,
                            "Actual Startup Time": 172.219,
                            "Actual Total Time": 172.221,
                            "Actual Rows": 260032,
                            "Actual Loops": 2,
                            "Hash Buckets": 524288,
                            "Original Hash Buckets": 524288,
                            "Hash Batches": 1,
                            "Original Hash Batches": 1,
                            "Peak Memory Usage": 24480,
                            "Plans": [
                              {
                                "Node Type": "Bitmap Heap Scan",
                                "Parent Relationship": "Outer",
                                "Parallel Aware": true,
                                "Relation Name": "movie_companies",
                                "Alias": "mc",
                                "Startup Cost": 16009.34,
                                "Total Cost": 41356.34,
                                "Plan Rows": 215186,
                                "Plan Width": 4,
                                "Actual Startup Time": 43.355,
                                "Actual Total Time": 119.966,
                                "Actual Rows": 260032,
                                "Actual Loops": 2,
                                "Recheck Cond": "(company_id < 1451)",
                                "Rows Removed by Index Recheck": 0,
                                "Filter": "(company_type_id = 1)",
                                "Rows Removed by Filter": 109093,
                                "Exact Heap Blocks": 10885,
                                "Lossy Heap Blocks": 0,
                                "Plans": [
                                  {
                                    "Node Type": "Bitmap Index Scan",
                                    "Parent Relationship": "Outer",
                                    "Parallel Aware": false,
                                    "Index Name": "company_id_movie_companies",
                                    "Startup Cost": 0.0,
                                    "Total Cost": 15917.88,
                                    "Plan Rows": 743127,
                                    "Plan Width": 0,
                                    "Actual Startup Time": 40.459,
                                    "Actual Total Time": 40.459,
                                    "Actual Rows": 738251,
                                    "Actual Loops": 1,
                                    "Index Cond": "(company_id < 1451)"
                                  }
                                ]
                              }
                            ]
                          }
                        ]
                      }
                    ]
                  }
                ]
              }
            ]
          }
        ]
      }
    ]
  },
  "Planning Time": 1.119,
  "Triggers": [],
  "Execution Time": 3201.655
}