{
  "Plan": {
    "Node Type": "Aggregate",
    "Strategy": "Plain",
    "Partial Mode": "Finalize",
    "Parallel Aware": false,
    "Startup Cost": 194515.46,
    "Total Cost": 194515.47,
    "Plan Rows": 1,
    "Plan Width": 8,
    "Actual Startup Time": 792.901,
    "Actual Total Time": 835.97,
    "Actual Rows": 1,
    "Actual Loops": 1,
    "Plans": [
      {
        "Node Type": "Gather",
        "Parent Relationship": "Outer",
        "Parallel Aware": false,
        "Startup Cost": 194515.35,
        "Total Cost": 194515.46,
        "Plan Rows": 1,
        "Plan Width": 8,
        "Actual Startup Time": 792.886,
        "Actual Total Time": 835.963,
        "Actual Rows": 2,
        "Actual Loops": 1,
        "Workers Planned": 1,
        "Workers Launched": 1,
        "Single Copy": false,
        "Plans": [
          {
            "Node Type": "Aggregate",
            "Strategy": "Plain",
            "Partial Mode": "Partial",
            "Parent Relationship": "Outer",
            "Parallel Aware": false,
            "Startup Cost": 193515.35,
            "Total Cost": 193515.36,
            "Plan Rows": 1,
            "Plan Width": 8,
            "Actual Startup Time": 785.426,
            "Actual Total Time": 785.429,
            "Actual Rows": 1,
            "Actual Loops": 2,
            "Plans": [
              {
                "Node Type": "Nested Loop",
                "Parent Relationship": "Outer",
                "Parallel Aware": false,
                "Join Type": "Inner",
                "Startup Cost": 55760.9,
                "Total Cost": 192767.18,
                "Plan Rows": 299268,
                "Plan Width": 0,
                "Actual Startup Time": 158.083,
                "Actual Total Time": 747.453,
                "Actual Rows": 813133,
                "Actual Loops": 2,
                "Inner Unique": false,
                "Join Filter": "(t.id = mi.movie_id)",
                "Rows Removed by Join Filter": 0,
                "Plans": [
                  {
                    "Node Type": "Hash Join",
                    "Parent Relationship": "Outer",
                    "Parallel Aware": true,
                    "Join Type": "Inner",
                    "Startup Cost": 55760.46,
                    "Total Cost": 73944.25,
                    "Plan Rows": 51181,
                    "Plan Width": 8,
                    "Actual Startup Time": 158.002,
                    "Actual Total Time": 290.579,
                    "Actual Rows": 41446,
                    "Actual Loops": 2,
                    "Inner Unique": true,
                    "Hash Cond": "(mi_idx.movie_id = t.id)",
                    "Plans": [
                      {
                        "Node Type": "Seq Scan",
                        "Parent Relationship": "Outer",
                        "Parallel Aware": true,
                        "Relation Name": "movie_info_idx",
                        "Alias": "mi_idx",
                        "Startup Cost": 0.0,
                        "Total Cost": 16052.85,
                        "Plan Rows": 811785,
                        "Plan Width": 4,
                        "Actual Startup Time": 0.024,
                        "Actual Total Time": 49.878,
                        "Actual Rows": 690018,
                        "Actual Loops": 2
                      },
                      {
                        "Node Type": "Hash",
                        "Parent Relationship": "Inner",
                        "Parallel Aware": true,
                        "Startup Cost": 54588.39,
                        "Total Cost": 54588.39,
                        "Plan Rows": 93766,
                        "Plan Width": 4,
                        "Actual Startup Time": 153.565,
                        "Actual Total Time": 153.566,
                        "Actual Rows": 82092,
                        "Actual Loops": 2,
                        "Hash Buckets": 262144,
                        "Original Hash Buckets": 262144,
                        "Hash Batches": 1,
                        "Original Hash Batches": 1,
                        "Peak Memory Usage": 8480,
                        "Plans": [
                          {
                            "Node Type": "Seq Scan",
                            "Parent Relationship": "Outer",
                            "Parallel Aware": true,
                            "Relation Name": "title",
                            "Alias": "t",
                            "Startup Cost": 0.0,
                            "Total Cost": 54588.39,
                            "Plan Rows": 93766,
                            "Plan Width": 4,
                            "Actual Startup Time": 0.439,
                            "Actual Total Time": 135.448,
                            "Actual Rows": 82092,
                            "Actual Loops": 2,
                            "Filter": "(production_year < 1950)",
                            "Rows Removed by Filter": 1182064
                          }
                        ]
                      }
                    ]
                  },
                  {
                    "Node Type": "Index Only Scan",
                    "Parent Relationship": "Inner",
                    "Parallel Aware": false,
                    "Scan Direction": "Forward",
                    "Index Name": "movie_id_movie_info",
                    "Relation Name": "movie_info",
                    "Alias": "mi",
                    "Startup Cost": 0.43,
                    "Total Cost": 1.8,
                    "Plan Rows": 42,
                    "Plan Width": 4,
                    "Actual Startup Time": 0.003,
                    "Actual Total Time": 0.009,
                    "Actual Rows": 20,
                    "Actual Loops": 82892,
                    "Index Cond": "(movie_id = mi_idx.movie_id)",
                    "Rows Removed by Index Recheck": 0,
                    "Heap Fetches": 1626266
                  }
                ]
              }
            ]
          }
        ]
      }
    ]
  },
  "Planning Time": 0.924,
  "Triggers": [],
  "Execution Time": 836.063
}