{
  "Plan": {
    "Node Type": "Aggregate",
    "Strategy": "Plain",
    "Partial Mode": "Finalize",
    "Parallel Aware": false,
    "Startup Cost": 77861.18,
    "Total Cost": 77861.19,
    "Plan Rows": 1,
    "Plan Width": 8,
    "Actual Startup Time": 158.805,
    "Actual Total Time": 174.312,
    "Actual Rows": 1,
    "Actual Loops": 1,
    "Plans": [
      {
        "Node Type": "Gather",
        "Parent Relationship": "Outer",
        "Parallel Aware": false,
        "Startup Cost": 77861.06,
        "Total Cost": 77861.17,
        "Plan Rows": 1,
        "Plan Width": 8,
        "Actual Startup Time": 158.694,
        "Actual Total Time": 174.305,
        "Actual Rows": 2,
        "Actual Loops": 1,
        "Workers Planned": 1,
        "Workers Launched": 1,
        "Single Copy": false,
        "Plans": [
          {
            "Node Type": "Aggregate",
            "Strategy": "Plain",
            "Partial Mode": "Partial",
            "Parent Relationship": "Outer",
            "Parallel Aware": false,
            "Startup Cost": 76861.06,
            "Total Cost": 76861.07,
            "Plan Rows": 1,
            "Plan Width": 8,
            "Actual Startup Time": 152.788,
            "Actual Total Time": 152.79,
            "Actual Rows": 1,
            "Actual Loops": 2,
            "Plans": [
              {
                "Node Type": "Nested Loop",
                "Parent Relationship": "Outer",
                "Parallel Aware": false,
                "Join Type": "Inner",
                "Startup Cost": 0.43,
                "Total Cost": 76851.98,
                "Plan Rows": 3635,
                "Plan Width": 0,
                "Actual Startup Time": 1.528,
                "Actual Total Time": 152.428,
                "Actual Rows": 7090,
                "Actual Loops": 2,
                "Inner Unique": false,
                "Plans": [
                  {
                    "Node Type": "Seq Scan",
                    "Parent Relationship": "Outer",
                    "Parallel Aware": true,
                    "Relation Name": "title",
                    "Alias": "t",
                    "Startup Cost": 0.0,
                    "Total Cost": 58306.47,
                    "Plan Rows": 2031,
                    "Plan Width": 4,
                    "Actual Startup Time": 1.382,
                    "Actual Total Time": 136.598,
                    "Actual Rows": 1838,
                    "Actual Loops": 2,
                    "Filter": "((kind_id < 4) AND (production_year = 1958))",
                    "Rows Removed by Filter": 1262318
                  },
                  {
                    "Node Type": "Index Only Scan",
                    "Parent Relationship": "Inner",
                    "Parallel Aware": false,
                    "Scan Direction": "Forward",
                    "Index Name": "movie_id_movie_keyword",
                    "Relation Name": "movie_keyword",
                    "Alias": "mk",
                    "Startup Cost": 0.43,
                    "Total Cost": 8.68,
                    "Plan Rows": 45,
                    "Plan Width": 4,
                    "Actual Startup Time": 0.007,
                    "Actual Total Time": 0.008,
                    "Actual Rows": 4,
                    "Actual Loops": 3675,
                    "Index Cond": "(movie_id = t.id)",
                    "Rows Removed by Index Recheck": 0,
                    "Heap Fetches": 14179
                  }
                ]
              }
            ]
          }
        ]
      }
    ]
  },
  "Planning Time": 0.449,
  "Triggers": [],
  "Execution Time": 174.382
}