[
  {
    "Plan": {
      "Node Type": "Aggregate",
      "Strategy": "Plain",
      "Partial Mode": "Finalize",
      "Parallel Aware": false,
      "Startup Cost": 16458.22,
      "Total Cost": 16458.23,
      "Plan Rows": 1,
      "Plan Width": 8,
      "Actual Startup Time": 14.714,
      "Actual Total Time": 17.041,
      "Actual Rows": 1,
      "Actual Loops": 1,
      "Plans": [
        {
          "Node Type": "Gather",
          "Parent Relationship": "Outer",
          "Parallel Aware": false,
          "Startup Cost": 16458.0,
          "Total Cost": 16458.21,
          "Plan Rows": 2,
          "Plan Width": 8,
          "Actual Startup Time": 14.493,
          "Actual Total Time": 17.029,
          "Actual Rows": 3,
          "Actual Loops": 1,
          "Workers Planned": 2,
          "Workers Launched": 2,
          "Single Copy": false,
          "Plans": [
            {
              "Node Type": "Aggregate",
              "Strategy": "Plain",
              "Partial Mode": "Partial",
              "Parent Relationship": "Outer",
              "Parallel Aware": false,
              "Startup Cost": 15458.0,
              "Total Cost": 15458.01,
              "Plan Rows": 1,
              "Plan Width": 8,
              "Actual Startup Time": 6.185,
              "Actual Total Time": 6.187,
              "Actual Rows": 1,
              "Actual Loops": 3,
              "Plans": [
                {
                  "Node Type": "Nested Loop",
                  "Parent Relationship": "Outer",
                  "Parallel Aware": false,
                  "Join Type": "Inner",
                  "Startup Cost": 85.37,
                  "Total Cost": 15457.36,
                  "Plan Rows": 257,
                  "Plan Width": 0,
                  "Actual Startup Time": 2.934,
                  "Actual Total Time": 6.153,
                  "Actual Rows": 88,
                  "Actual Loops": 3,
                  "Inner Unique": true,
                  "Plans": [
                    {
                      "Node Type": "Bitmap Heap Scan",
                      "Parent Relationship": "Outer",
                      "Parallel Aware": true,
                      "Relation Name": "movie_companies",
                      "Alias": "mc",
                      "Startup Cost": 84.94,
                      "Total Cost": 9373.62,
                      "Plan Rows": 762,
                      "Plan Width": 4,
                      "Actual Startup Time": 2.921,
                      "Actual Total Time": 4.972,
                      "Actual Rows": 113,
                      "Actual Loops": 3,
                      "Recheck Cond": "(company_id = 677)",
                      "Rows Removed by Index Recheck": 0,
                      "Filter": "(company_type_id < 2)",
                      "Rows Removed by Filter": 862,
                      "Exact Heap Blocks": 1669,
                      "Lossy Heap Blocks": 0,
                      "Plans": [
                        {
                          "Node Type": "Bitmap Index Scan",
                          "Parent Relationship": "Outer",
                          "Parallel Aware": false,
                          "Index Name": "company_id_movie_companies",
                          "Startup Cost": 0.0,
                          "Total Cost": 84.48,
                          "Plan Rows": 3740,
                          "Plan Width": 0,
                          "Actual Startup Time": 3.255,
                          "Actual Total Time": 3.256,
                          "Actual Rows": 2926,
                          "Actual Loops": 1,
                          "Index Cond": "(company_id = 677)"
                        }
                      ]
                    },
                    {
                      "Node Type": "Index Scan",
                      "Parent Relationship": "Inner",
                      "Parallel Aware": false,
                      "Scan Direction": "Forward",
                      "Index Name": "title_pkey",
                      "Relation Name": "title",
                      "Alias": "t",
                      "Startup Cost": 0.43,
                      "Total Cost": 7.98,
                      "Plan Rows": 1,
                      "Plan Width": 4,
                      "Actual Startup Time": 0.009,
                      "Actual Total Time": 0.009,
                      "Actual Rows": 1,
                      "Actual Loops": 340,
                      "Index Cond": "(id = mc.movie_id)",
                      "Rows Removed by Index Recheck": 0,
                      "Filter": "(kind_id < 4)",
                      "Rows Removed by Filter": 0
                    }
                  ]
                }
              ]
            }
          ]
        }
      ]
    },
    "Planning Time": 0.773,
    "Triggers": [],
    "Execution Time": 17.141
  }
]