[
  {
    "Plan": {
      "Node Type": "Aggregate",
      "Strategy": "Plain",
      "Partial Mode": "Finalize",
      "Parallel Aware": false,
      "Startup Cost": 92927.52,
      "Total Cost": 92927.53,
      "Plan Rows": 1,
      "Plan Width": 8,
      "Actual Startup Time": 654.847,
      "Actual Total Time": 679.861,
      "Actual Rows": 1,
      "Actual Loops": 1,
      "Plans": [
        {
          "Node Type": "Gather",
          "Parent Relationship": "Outer",
          "Parallel Aware": false,
          "Startup Cost": 92927.2,
          "Total Cost": 92927.51,
          "Plan Rows": 3,
          "Plan Width": 8,
          "Actual Startup Time": 637.859,
          "Actual Total Time": 679.848,
          "Actual Rows": 4,
          "Actual Loops": 1,
          "Workers Planned": 3,
          "Workers Launched": 3,
          "Single Copy": false,
          "Plans": [
            {
              "Node Type": "Aggregate",
              "Strategy": "Plain",
              "Partial Mode": "Partial",
              "Parent Relationship": "Outer",
              "Parallel Aware": false,
              "Startup Cost": 91927.2,
              "Total Cost": 91927.21,
              "Plan Rows": 1,
              "Plan Width": 8,
              "Actual Startup Time": 628.348,
              "Actual Total Time": 628.357,
              "Actual Rows": 1,
              "Actual Loops": 4,
              "Plans": [
                {
                  "Node Type": "Hash Join",
                  "Parent Relationship": "Outer",
                  "Parallel Aware": true,
                  "Join Type": "Inner",
                  "Startup Cost": 60034.77,
                  "Total Cost": 91755.14,
                  "Plan Rows": 68825,
                  "Plan Width": 0,
                  "Actual Startup Time": 470.726,
                  "Actual Total Time": 622.114,
                  "Actual Rows": 132317,
                  "Actual Loops": 4,
                  "Inner Unique": false,
                  "Hash Cond": "(mc.movie_id = t.id)",
                  "Plans": [
                    {
                      "Node Type": "Seq Scan",
                      "Parent Relationship": "Outer",
                      "Parallel Aware": true,
                      "Relation Name": "movie_companies",
                      "Alias": "mc",
                      "Startup Cost": 0.0,
                      "Total Cost": 29310.68,
                      "Plan Rows": 583381,
                      "Plan Width": 4,
                      "Actual Startup Time": 0.543,
                      "Actual Total Time": 73.97,
                      "Actual Rows": 454573,
                      "Actual Loops": 4,
                      "Filter": "(company_id > 1709)",
                      "Rows Removed by Filter": 197709
                    },
                    {
                      "Node Type": "Hash",
                      "Parent Relationship": "Inner",
                      "Parallel Aware": true,
                      "Startup Cost": 58832.04,
                      "Total Cost": 58832.04,
                      "Plan Rows": 96218,
                      "Plan Width": 8,
                      "Actual Startup Time": 466.566,
                      "Actual Total Time": 466.573,
                      "Actual Rows": 79030,
                      "Actual Loops": 4,
                      "Hash Buckets": 524288,
                      "Original Hash Buckets": 524288,
                      "Hash Batches": 1,
                      "Original Hash Batches": 1,
                      "Peak Memory Usage": 16480,
                      "Plans": [
                        {
                          "Node Type": "Hash Join",
                          "Parent Relationship": "Outer",
                          "Parallel Aware": true,
                          "Join Type": "Inner",
                          "Startup Cost": 50220.21,
                          "Total Cost": 58832.04,
                          "Plan Rows": 96218,
                          "Plan Width": 8,
                          "Actual Startup Time": 374.08,
                          "Actual Total Time": 438.443,
                          "Actual Rows": 79030,
                          "Actual Loops": 4,
                          "Inner Unique": true,
                          "Hash Cond": "(ci.movie_id = t.id)",
                          "Plans": [
                            {
                              "Node Type": "Index Scan",
                              "Parent Relationship": "Outer",
                              "Parallel Aware": true,
                              "Scan Direction": "Forward",
                              "Index Name": "role_id_cast_info",
                              "Relation Name": "cast_info",
                              "Alias": "ci",
                              "Startup Cost": 0.56,
                              "Total Cost": 8359.83,
                              "Plan Rows": 96218,
                              "Plan Width": 4,
                              "Actual Startup Time": 0.164,
                              "Actual Total Time": 14.541,
                              "Actual Rows": 79030,
                              "Actual Loops": 4,
                              "Index Cond": "(role_id > 10)",
                              "Rows Removed by Index Recheck": 0
                            },
                            {
                              "Node Type": "Hash",
                              "Parent Relationship": "Inner",
                              "Parallel Aware": true,
                              "Startup Cost": 42318.73,
                              "Total Cost": 42318.73,
                              "Plan Rows": 632073,
                              "Plan Width": 4,
                              "Actual Startup Time": 364.059,
                              "Actual Total Time": 364.06,
                              "Actual Rows": 632078,
                              "Actual Loops": 4,
                              "Hash Buckets": 4194304,
                              "Original Hash Buckets": 4194304,
                              "Hash Batches": 1,
                              "Original Hash Batches": 1,
                              "Peak Memory Usage": 131776,
                              "Plans": [
                                {
                                  "Node Type": "Seq Scan",
                                  "Parent Relationship": "Outer",
                                  "Parallel Aware": true,
                                  "Relation Name": "title",
                                  "Alias": "t",
                                  "Startup Cost": 0.0,
                                  "Total Cost": 42318.73,
                                  "Plan Rows": 632073,
                                  "Plan Width": 4,
                                  "Actual Startup Time": 0.051,
                                  "Actual Total Time": 102.726,
                                  "Actual Rows": 632078,
                                  "Actual Loops": 4
                                }
                              ]
                            }
                          ]
                        }
                      ]
                    }
                  ]
                }
              ]
            }
          ]
        }
      ]
    },
    "Planning Time": 1.496,
    "Triggers": [],
    "Execution Time": 679.957
  }
]