[
  {
    "Plan": {
      "Node Type": "Aggregate",
      "Strategy": "Plain",
      "Partial Mode": "Finalize",
      "Parallel Aware": false,
      "Startup Cost": 91954.57,
      "Total Cost": 91954.58,
      "Plan Rows": 1,
      "Plan Width": 8,
      "Actual Startup Time": 305.611,
      "Actual Total Time": 321.315,
      "Actual Rows": 1,
      "Actual Loops": 1,
      "Plans": [
        {
          "Node Type": "Gather",
          "Parent Relationship": "Outer",
          "Parallel Aware": false,
          "Startup Cost": 91954.26,
          "Total Cost": 91954.57,
          "Plan Rows": 3,
          "Plan Width": 8,
          "Actual Startup Time": 303.857,
          "Actual Total Time": 321.299,
          "Actual Rows": 4,
          "Actual Loops": 1,
          "Workers Planned": 3,
          "Workers Launched": 3,
          "Single Copy": false,
          "Plans": [
            {
              "Node Type": "Aggregate",
              "Strategy": "Plain",
              "Partial Mode": "Partial",
              "Parent Relationship": "Outer",
              "Parallel Aware": false,
              "Startup Cost": 90954.26,
              "Total Cost": 90954.27,
              "Plan Rows": 1,
              "Plan Width": 8,
              "Actual Startup Time": 299.939,
              "Actual Total Time": 299.942,
              "Actual Rows": 1,
              "Actual Loops": 4,
              "Plans": [
                {
                  "Node Type": "Hash Join",
                  "Parent Relationship": "Outer",
                  "Parallel Aware": true,
                  "Join Type": "Inner",
                  "Startup Cost": 46730.61,
                  "Total Cost": 90754.04,
                  "Plan Rows": 80087,
                  "Plan Width": 0,
                  "Actual Startup Time": 138.099,
                  "Actual Total Time": 299.23,
                  "Actual Rows": 13482,
                  "Actual Loops": 4,
                  "Inner Unique": true,
                  "Hash Cond": "(mk.movie_id = t.id)",
                  "Plans": [
                    {
                      "Node Type": "Seq Scan",
                      "Parent Relationship": "Outer",
                      "Parallel Aware": true,
                      "Relation Name": "movie_keyword",
                      "Alias": "mk",
                      "Startup Cost": 0.0,
                      "Total Cost": 42695.65,
                      "Plan Rows": 505819,
                      "Plan Width": 4,
                      "Actual Startup Time": 0.033,
                      "Actual Total Time": 106.386,
                      "Actual Rows": 391046,
                      "Actual Loops": 4,
                      "Filter": "(keyword_id < 2349)",
                      "Rows Removed by Filter": 739937
                    },
                    {
                      "Node Type": "Hash",
                      "Parent Relationship": "Inner",
                      "Parallel Aware": true,
                      "Startup Cost": 45479.59,
                      "Total Cost": 45479.59,
                      "Plan Rows": 100082,
                      "Plan Width": 4,
                      "Actual Startup Time": 135.937,
                      "Actual Total Time": 135.938,
                      "Actual Rows": 108554,
                      "Actual Loops": 4,
                      "Hash Buckets": 524288,
                      "Original Hash Buckets": 524288,
                      "Hash Batches": 1,
                      "Original Hash Batches": 1,
                      "Peak Memory Usage": 21152,
                      "Plans": [
                        {
                          "Node Type": "Seq Scan",
                          "Parent Relationship": "Outer",
                          "Parallel Aware": true,
                          "Relation Name": "title",
                          "Alias": "t",
                          "Startup Cost": 0.0,
                          "Total Cost": 45479.59,
                          "Plan Rows": 100082,
                          "Plan Width": 4,
                          "Actual Startup Time": 0.02,
                          "Actual Total Time": 97.762,
                          "Actual Rows": 108554,
                          "Actual Loops": 4,
                          "Filter": "((production_year > 2008) AND (kind_id = 7))",
                          "Rows Removed by Filter": 523524
                        }
                      ]
                    }
                  ]
                }
              ]
            }
          ]
        }
      ]
    },
    "Planning Time": 0.304,
    "Triggers": [],
    "Execution Time": 321.36
  }
]