[
  {
    "Plan": {
      "Node Type": "Aggregate",
      "Strategy": "Plain",
      "Partial Mode": "Finalize",
      "Parallel Aware": false,
      "Startup Cost": 348246.08,
      "Total Cost": 348246.09,
      "Plan Rows": 1,
      "Plan Width": 8,
      "Actual Startup Time": 934.686,
      "Actual Total Time": 998.208,
      "Actual Rows": 1,
      "Actual Loops": 1,
      "Plans": [
        {
          "Node Type": "Gather",
          "Parent Relationship": "Outer",
          "Parallel Aware": false,
          "Startup Cost": 348245.45,
          "Total Cost": 348246.06,
          "Plan Rows": 6,
          "Plan Width": 8,
          "Actual Startup Time": 934.543,
          "Actual Total Time": 998.197,
          "Actual Rows": 7,
          "Actual Loops": 1,
          "Workers Planned": 6,
          "Workers Launched": 6,
          "Single Copy": false,
          "Plans": [
            {
              "Node Type": "Aggregate",
              "Strategy": "Plain",
              "Partial Mode": "Partial",
              "Parent Relationship": "Outer",
              "Parallel Aware": false,
              "Startup Cost": 347245.45,
              "Total Cost": 347245.46,
              "Plan Rows": 1,
              "Plan Width": 8,
              "Actual Startup Time": 927.084,
              "Actual Total Time": 927.085,
              "Actual Rows": 1,
              "Actual Loops": 7,
              "Plans": [
                {
                  "Node Type": "Seq Scan",
                  "Parent Relationship": "Outer",
                  "Parallel Aware": true,
                  "Relation Name": "cast_info",
                  "Alias": "ci",
                  "Startup Cost": 0.0,
                  "Total Cost": 343316.27,
                  "Plan Rows": 1571672,
                  "Plan Width": 0,
                  "Actual Startup Time": 340.995,
                  "Actual Total Time": 806.582,
                  "Actual Rows": 2034605,
                  "Actual Loops": 7,
                  "Filter": "((person_id > 2239633) AND (role_id > 1))",
                  "Rows Removed by Filter": 3143158
                }
              ]
            }
          ]
        }
      ]
    },
    "Planning Time": 0.126,
    "Triggers": [],
    "Execution Time": 998.259
  }
]