[
  {
    "Plan": {
      "Node Type": "Aggregate",
      "Strategy": "Plain",
      "Partial Mode": "Finalize",
      "Parallel Aware": false,
      "Startup Cost": 46481.44,
      "Total Cost": 46481.45,
      "Plan Rows": 1,
      "Plan Width": 8,
      "Actual Startup Time": 93.21,
      "Actual Total Time": 104.686,
      "Actual Rows": 1,
      "Actual Loops": 1,
      "Plans": [
        {
          "Node Type": "Gather",
          "Parent Relationship": "Outer",
          "Parallel Aware": false,
          "Startup Cost": 46481.02,
          "Total Cost": 46481.43,
          "Plan Rows": 4,
          "Plan Width": 8,
          "Actual Startup Time": 93.068,
          "Actual Total Time": 104.678,
          "Actual Rows": 5,
          "Actual Loops": 1,
          "Workers Planned": 4,
          "Workers Launched": 4,
          "Single Copy": false,
          "Plans": [
            {
              "Node Type": "Aggregate",
              "Strategy": "Plain",
              "Partial Mode": "Partial",
              "Parent Relationship": "Outer",
              "Parallel Aware": false,
              "Startup Cost": 45481.02,
              "Total Cost": 45481.03,
              "Plan Rows": 1,
              "Plan Width": 8,
              "Actual Startup Time": 85.324,
              "Actual Total Time": 85.325,
              "Actual Rows": 1,
              "Actual Loops": 5,
              "Plans": [
                {
                  "Node Type": "Seq Scan",
                  "Parent Relationship": "Outer",
                  "Parallel Aware": true,
                  "Relation Name": "title",
                  "Alias": "t",
                  "Startup Cost": 0.0,
                  "Total Cost": 45479.1,
                  "Plan Rows": 768,
                  "Plan Width": 0,
                  "Actual Startup Time": 0.436,
                  "Actual Total Time": 85.208,
                  "Actual Rows": 732,
                  "Actual Loops": 5,
                  "Filter": "((kind_id = 7) AND (production_year = 1953))",
                  "Rows Removed by Filter": 504930
                }
              ]
            }
          ]
        }
      ]
    },
    "Planning Time": 0.185,
    "Triggers": [],
    "Execution Time": 104.748
  }
]