[
  {
    "Plan": {
      "Node Type": "Aggregate",
      "Strategy": "Plain",
      "Partial Mode": "Finalize",
      "Parallel Aware": false,
      "Startup Cost": 112813.49,
      "Total Cost": 112813.5,
      "Plan Rows": 1,
      "Plan Width": 8,
      "Actual Startup Time": 636.06,
      "Actual Total Time": 655.899,
      "Actual Rows": 1,
      "Actual Loops": 1,
      "Plans": [
        {
          "Node Type": "Gather",
          "Parent Relationship": "Outer",
          "Parallel Aware": false,
          "Startup Cost": 112813.17,
          "Total Cost": 112813.48,
          "Plan Rows": 3,
          "Plan Width": 8,
          "Actual Startup Time": 627.042,
          "Actual Total Time": 655.888,
          "Actual Rows": 4,
          "Actual Loops": 1,
          "Workers Planned": 3,
          "Workers Launched": 3,
          "Single Copy": false,
          "Plans": [
            {
              "Node Type": "Aggregate",
              "Strategy": "Plain",
              "Partial Mode": "Partial",
              "Parent Relationship": "Outer",
              "Parallel Aware": false,
              "Startup Cost": 111813.17,
              "Total Cost": 111813.18,
              "Plan Rows": 1,
              "Plan Width": 8,
              "Actual Startup Time": 604.955,
              "Actual Total Time": 604.961,
              "Actual Rows": 1,
              "Actual Loops": 4,
              "Plans": [
                {
                  "Node Type": "Hash Join",
                  "Parent Relationship": "Outer",
                  "Parallel Aware": true,
                  "Join Type": "Inner",
                  "Startup Cost": 81047.14,
                  "Total Cost": 111637.09,
                  "Plan Rows": 70431,
                  "Plan Width": 0,
                  "Actual Startup Time": 448.161,
                  "Actual Total Time": 586.843,
                  "Actual Rows": 456051,
                  "Actual Loops": 4,
                  "Inner Unique": false,
                  "Hash Cond": "(mc.movie_id = t.id)",
                  "Plans": [
                    {
                      "Node Type": "Seq Scan",
                      "Parent Relationship": "Outer",
                      "Parallel Aware": true,
                      "Relation Name": "movie_companies",
                      "Alias": "mc",
                      "Startup Cost": 0.0,
                      "Total Cost": 27206.55,
                      "Plan Rows": 841655,
                      "Plan Width": 4,
                      "Actual Startup Time": 0.017,
                      "Actual Total Time": 54.867,
                      "Actual Rows": 652282,
                      "Actual Loops": 4
                    },
                    {
                      "Node Type": "Hash",
                      "Parent Relationship": "Inner",
                      "Parallel Aware": true,
                      "Startup Cost": 80194.03,
                      "Total Cost": 80194.03,
                      "Plan Rows": 68249,
                      "Plan Width": 8,
                      "Actual Startup Time": 424.482,
                      "Actual Total Time": 424.486,
                      "Actual Rows": 51270,
                      "Actual Loops": 4,
                      "Hash Buckets": 262144,
                      "Original Hash Buckets": 262144,
                      "Hash Batches": 1,
                      "Original Hash Batches": 1,
                      "Peak Memory Usage": 10112,
                      "Plans": [
                        {
                          "Node Type": "Hash Join",
                          "Parent Relationship": "Outer",
                          "Parallel Aware": true,
                          "Join Type": "Inner",
                          "Startup Cost": 54707.76,
                          "Total Cost": 80194.03,
                          "Plan Rows": 68249,
                          "Plan Width": 8,
                          "Actual Startup Time": 349.738,
                          "Actual Total Time": 406.024,
                          "Actual Rows": 51270,
                          "Actual Loops": 4,
                          "Inner Unique": true,
                          "Hash Cond": "(mk.movie_id = t.id)",
                          "Plans": [
                            {
                              "Node Type": "Bitmap Heap Scan",
                              "Parent Relationship": "Outer",
                              "Parallel Aware": true,
                              "Relation Name": "movie_keyword",
                              "Alias": "mk",
                              "Startup Cost": 4488.12,
                              "Total Cost": 29795.23,
                              "Plan Rows": 68249,
                              "Plan Width": 4,
                              "Actual Startup Time": 15.932,
                              "Actual Total Time": 52.204,
                              "Actual Rows": 51270,
                              "Actual Loops": 4,
                              "Recheck Cond": "(keyword_id > 67469)",
                              "Rows Removed by Index Recheck": 0,
                              "Exact Heap Blocks": 6249,
                              "Lossy Heap Blocks": 0,
                              "Plans": [
                                {
                                  "Node Type": "Bitmap Index Scan",
                                  "Parent Relationship": "Outer",
                                  "Parallel Aware": false,
                                  "Index Name": "keyword_id_movie_keyword",
                                  "Startup Cost": 0.0,
                                  "Total Cost": 4435.22,
                                  "Plan Rows": 211572,
                                  "Plan Width": 0,
                                  "Actual Startup Time": 12.921,
                                  "Actual Total Time": 12.921,
                                  "Actual Rows": 205080,
                                  "Actual Loops": 1,
                                  "Index Cond": "(keyword_id > 67469)"
                                }
                              ]
                            },
                            {
                              "Node Type": "Hash",
                              "Parent Relationship": "Inner",
                              "Parallel Aware": true,
                              "Startup Cost": 42318.73,
                              "Total Cost": 42318.73,
                              "Plan Rows": 632073,
                              "Plan Width": 4,
                              "Actual Startup Time": 324.29,
                              "Actual Total Time": 324.291,
                              "Actual Rows": 632078,
                              "Actual Loops": 4,
                              "Hash Buckets": 4194304,
                              "Original Hash Buckets": 4194304,
                              "Hash Batches": 1,
                              "Original Hash Batches": 1,
                              "Peak Memory Usage": 131776,
                              "Plans": [
                                {
                                  "Node Type": "Seq Scan",
                                  "Parent Relationship": "Outer",
                                  "Parallel Aware": true,
                                  "Relation Name": "title",
                                  "Alias": "t",
                                  "Startup Cost": 0.0,
                                  "Total Cost": 42318.73,
                                  "Plan Rows": 632073,
                                  "Plan Width": 4,
                                  "Actual Startup Time": 0.032,
                                  "Actual Total Time": 94.663,
                                  "Actual Rows": 632078,
                                  "Actual Loops": 4
                                }
                              ]
                            }
                          ]
                        }
                      ]
                    }
                  ]
                }
              ]
            }
          ]
        }
      ]
    },
    "Planning Time": 1.447,
    "Triggers": [],
    "Execution Time": 656.017
  }
]