[
  {
    "Plan": {
      "Node Type": "Aggregate",
      "Strategy": "Plain",
      "Partial Mode": "Finalize",
      "Parallel Aware": false,
      "Startup Cost": 222070.76,
      "Total Cost": 222070.77,
      "Plan Rows": 1,
      "Plan Width": 8,
      "Actual Startup Time": 505.312,
      "Actual Total Time": 535.11,
      "Actual Rows": 1,
      "Actual Loops": 1,
      "Plans": [
        {
          "Node Type": "Gather",
          "Parent Relationship": "Outer",
          "Parallel Aware": false,
          "Startup Cost": 222070.44,
          "Total Cost": 222070.75,
          "Plan Rows": 3,
          "Plan Width": 8,
          "Actual Startup Time": 499.163,
          "Actual Total Time": 535.101,
          "Actual Rows": 4,
          "Actual Loops": 1,
          "Workers Planned": 3,
          "Workers Launched": 3,
          "Single Copy": false,
          "Plans": [
            {
              "Node Type": "Aggregate",
              "Strategy": "Plain",
              "Partial Mode": "Partial",
              "Parent Relationship": "Outer",
              "Parallel Aware": false,
              "Startup Cost": 221070.44,
              "Total Cost": 221070.45,
              "Plan Rows": 1,
              "Plan Width": 8,
              "Actual Startup Time": 490.06,
              "Actual Total Time": 490.063,
              "Actual Rows": 1,
              "Actual Loops": 4,
              "Plans": [
                {
                  "Node Type": "Nested Loop",
                  "Parent Relationship": "Outer",
                  "Parallel Aware": false,
                  "Join Type": "Inner",
                  "Startup Cost": 56183.84,
                  "Total Cost": 220029.65,
                  "Plan Rows": 416317,
                  "Plan Width": 0,
                  "Actual Startup Time": 277.31,
                  "Actual Total Time": 482.702,
                  "Actual Rows": 114727,
                  "Actual Loops": 4,
                  "Inner Unique": false,
                  "Plans": [
                    {
                      "Node Type": "Hash Join",
                      "Parent Relationship": "Outer",
                      "Parallel Aware": true,
                      "Join Type": "Inner",
                      "Startup Cost": 56183.41,
                      "Total Cost": 76424.76,
                      "Plan Rows": 70903,
                      "Plan Width": 8,
                      "Actual Startup Time": 277.186,
                      "Actual Total Time": 326.136,
                      "Actual Rows": 10848,
                      "Actual Loops": 4,
                      "Inner Unique": true,
                      "Hash Cond": "(mc.movie_id = t.id)",
                      "Plans": [
                        {
                          "Node Type": "Bitmap Heap Scan",
                          "Parent Relationship": "Outer",
                          "Parallel Aware": true,
                          "Relation Name": "movie_companies",
                          "Alias": "mc",
                          "Startup Cost": 6445.8,
                          "Total Cost": 26435.26,
                          "Plan Rows": 95957,
                          "Plan Width": 4,
                          "Actual Startup Time": 13.24,
                          "Actual Total Time": 27.855,
                          "Actual Rows": 72913,
                          "Actual Loops": 4,
                          "Recheck Cond": "(company_id > 94869)",
                          "Rows Removed by Index Recheck": 0,
                          "Exact Heap Blocks": 1865,
                          "Lossy Heap Blocks": 0,
                          "Plans": [
                            {
                              "Node Type": "Bitmap Index Scan",
                              "Parent Relationship": "Outer",
                              "Parallel Aware": false,
                              "Index Name": "company_id_movie_companies",
                              "Startup Cost": 0.0,
                              "Total Cost": 6371.43,
                              "Plan Rows": 297467,
                              "Plan Width": 0,
                              "Actual Startup Time": 12.591,
                              "Actual Total Time": 12.592,
                              "Actual Rows": 291651,
                              "Actual Loops": 1,
                              "Index Cond": "(company_id > 94869)"
                            }
                          ]
                        },
                        {
                          "Node Type": "Hash",
                          "Parent Relationship": "Inner",
                          "Parallel Aware": true,
                          "Startup Cost": 43899.32,
                          "Total Cost": 43899.32,
                          "Plan Rows": 467063,
                          "Plan Width": 4,
                          "Actual Startup Time": 258.487,
                          "Actual Total Time": 258.487,
                          "Actual Rows": 466372,
                          "Actual Loops": 4,
                          "Hash Buckets": 2097152,
                          "Original Hash Buckets": 2097152,
                          "Hash Batches": 1,
                          "Original Hash Batches": 1,
                          "Peak Memory Usage": 89408,
                          "Plans": [
                            {
                              "Node Type": "Seq Scan",
                              "Parent Relationship": "Outer",
                              "Parallel Aware": true,
                              "Relation Name": "title",
                              "Alias": "t",
                              "Startup Cost": 0.0,
                              "Total Cost": 43899.32,
                              "Plan Rows": 467063,
                              "Plan Width": 4,
                              "Actual Startup Time": 0.037,
                              "Actual Total Time": 111.304,
                              "Actual Rows": 466372,
                              "Actual Loops": 4,
                              "Filter": "(kind_id > 1)",
                              "Rows Removed by Filter": 165706
                            }
                          ]
                        }
                      ]
                    },
                    {
                      "Node Type": "Index Only Scan",
                      "Parent Relationship": "Inner",
                      "Parallel Aware": false,
                      "Scan Direction": "Forward",
                      "Index Name": "movie_id_movie_info",
                      "Relation Name": "movie_info",
                      "Alias": "mi",
                      "Startup Cost": 0.43,
                      "Total Cost": 1.62,
                      "Plan Rows": 41,
                      "Plan Width": 4,
                      "Actual Startup Time": 0.005,
                      "Actual Total Time": 0.013,
                      "Actual Rows": 11,
                      "Actual Loops": 43393,
                      "Index Cond": "(movie_id = t.id)",
                      "Rows Removed by Index Recheck": 0,
                      "Heap Fetches": 458909
                    }
                  ]
                }
              ]
            }
          ]
        }
      ]
    },
    "Planning Time": 0.57,
    "Triggers": [],
    "Execution Time": 535.178
  }
]