[
  {
    "Plan": {
      "Node Type": "Aggregate",
      "Strategy": "Plain",
      "Partial Mode": "Finalize",
      "Parallel Aware": false,
      "Startup Cost": 46859.13,
      "Total Cost": 46859.14,
      "Plan Rows": 1,
      "Plan Width": 8,
      "Actual Startup Time": 99.841,
      "Actual Total Time": 112.155,
      "Actual Rows": 1,
      "Actual Loops": 1,
      "Plans": [
        {
          "Node Type": "Gather",
          "Parent Relationship": "Outer",
          "Parallel Aware": false,
          "Startup Cost": 46858.71,
          "Total Cost": 46859.12,
          "Plan Rows": 4,
          "Plan Width": 8,
          "Actual Startup Time": 99.71,
          "Actual Total Time": 112.147,
          "Actual Rows": 5,
          "Actual Loops": 1,
          "Workers Planned": 4,
          "Workers Launched": 4,
          "Single Copy": false,
          "Plans": [
            {
              "Node Type": "Aggregate",
              "Strategy": "Plain",
              "Partial Mode": "Partial",
              "Parent Relationship": "Outer",
              "Parallel Aware": false,
              "Startup Cost": 45858.71,
              "Total Cost": 45858.72,
              "Plan Rows": 1,
              "Plan Width": 8,
              "Actual Startup Time": 91.764,
              "Actual Total Time": 91.765,
              "Actual Rows": 1,
              "Actual Loops": 5,
              "Plans": [
                {
                  "Node Type": "Seq Scan",
                  "Parent Relationship": "Outer",
                  "Parallel Aware": true,
                  "Relation Name": "title",
                  "Alias": "t",
                  "Startup Cost": 0.0,
                  "Total Cost": 45479.1,
                  "Plan Rows": 151844,
                  "Plan Width": 0,
                  "Actual Startup Time": 44.147,
                  "Actual Total Time": 87.639,
                  "Actual Rows": 102226,
                  "Actual Loops": 5,
                  "Filter": "((production_year > 1941) AND (kind_id = 1))",
                  "Rows Removed by Filter": 403437
                }
              ]
            }
          ]
        }
      ]
    },
    "Planning Time": 0.186,
    "Triggers": [],
    "Execution Time": 112.208
  }
]