{
    "Plan": {
        "Node Type": "Aggregate",
        "Strategy": "Plain",
        "Partial Mode": "Finalize",
        "Parallel Aware": false,
        "Startup Cost": 397643.02,
        "Total Cost": 397643.03,
        "Plan Rows": 1,
        "Plan Width": 8,
        "Actual Startup Time": 2728.16,
        "Actual Total Time": 2790.013,
        "Actual Rows": 1,
        "Actual Loops": 1,
        "Output": [
            "count(*)"
        ],
        "Plans": [
            {
                "Node Type": "Gather",
                "Parent Relationship": "Outer",
                "Parallel Aware": false,
                "Startup Cost": 397642.4,
                "Total Cost": 397643.01,
                "Plan Rows": 6,
                "Plan Width": 8,
                "Actual Startup Time": 2704.855,
                "Actual Total Time": 2790.0,
                "Actual Rows": 7,
                "Actual Loops": 1,
                "Output": [
                    "(PARTIAL count(*))"
                ],
                "Workers Planned": 6,
                "Workers Launched": 6,
                "Single Copy": false,
                "Plans": [
                    {
                        "Node Type": "Aggregate",
                        "Strategy": "Plain",
                        "Partial Mode": "Partial",
                        "Parent Relationship": "Outer",
                        "Parallel Aware": false,
                        "Startup Cost": 396642.4,
                        "Total Cost": 396642.41,
                        "Plan Rows": 1,
                        "Plan Width": 8,
                        "Actual Startup Time": 2661.72,
                        "Actual Total Time": 2661.723,
                        "Actual Rows": 1,
                        "Actual Loops": 7,
                        "Output": [
                            "PARTIAL count(*)"
                        ],
                        "Workers": [
                            {
                                "Worker Number": 0,
                                "Actual Startup Time": 2653.553,
                                "Actual Total Time": 2653.557,
                                "Actual Rows": 1,
                                "Actual Loops": 1
                            },
                            {
                                "Worker Number": 1,
                                "Actual Startup Time": 2654.587,
                                "Actual Total Time": 2654.589,
                                "Actual Rows": 1,
                                "Actual Loops": 1
                            },
                            {
                                "Worker Number": 2,
                                "Actual Startup Time": 2654.638,
                                "Actual Total Time": 2654.641,
                                "Actual Rows": 1,
                                "Actual Loops": 1
                            },
                            {
                                "Worker Number": 3,
                                "Actual Startup Time": 2654.503,
                                "Actual Total Time": 2654.505,
                                "Actual Rows": 1,
                                "Actual Loops": 1
                            },
                            {
                                "Worker Number": 4,
                                "Actual Startup Time": 2656.024,
                                "Actual Total Time": 2656.026,
                                "Actual Rows": 1,
                                "Actual Loops": 1
                            },
                            {
                                "Worker Number": 5,
                                "Actual Startup Time": 2654.822,
                                "Actual Total Time": 2654.825,
                                "Actual Rows": 1,
                                "Actual Loops": 1
                            }
                        ],
                        "Plans": [
                            {
                                "Node Type": "Hash Join",
                                "Parent Relationship": "Outer",
                                "Parallel Aware": true,
                                "Join Type": "Inner",
                                "Startup Cost": 51564.18,
                                "Total Cost": 388543.4,
                                "Plan Rows": 3239600,
                                "Plan Width": 0,
                                "Actual Startup Time": 507.638,
                                "Actual Total Time": 2530.177,
                                "Actual Rows": 2822498,
                                "Actual Loops": 7,
                                "Inner Unique": true,
                                "Hash Cond": "(ci.movie_id = t.id)",
                                "Workers": [
                                    {
                                        "Worker Number": 0,
                                        "Actual Startup Time": 499.635,
                                        "Actual Total Time": 2511.077,
                                        "Actual Rows": 2104178,
                                        "Actual Loops": 1
                                    },
                                    {
                                        "Worker Number": 1,
                                        "Actual Startup Time": 500.739,
                                        "Actual Total Time": 2504.918,
                                        "Actual Rows": 2324598,
                                        "Actual Loops": 1
                                    },
                                    {
                                        "Worker Number": 2,
                                        "Actual Startup Time": 500.817,
                                        "Actual Total Time": 2528.445,
                                        "Actual Rows": 3212681,
                                        "Actual Loops": 1
                                    },
                                    {
                                        "Worker Number": 3,
                                        "Actual Startup Time": 500.658,
                                        "Actual Total Time": 2539.217,
                                        "Actual Rows": 2737447,
                                        "Actual Loops": 1
                                    },
                                    {
                                        "Worker Number": 4,
                                        "Actual Startup Time": 500.579,
                                        "Actual Total Time": 2540.66,
                                        "Actual Rows": 2770197,
                                        "Actual Loops": 1
                                    },
                                    {
                                        "Worker Number": 5,
                                        "Actual Startup Time": 501.022,
                                        "Actual Total Time": 2529.907,
                                        "Actual Rows": 3177283,
                                        "Actual Loops": 1
                                    }
                                ],
                                "Plans": [
                                    {
                                        "Node Type": "Seq Scan",
                                        "Parent Relationship": "Outer",
                                        "Parallel Aware": true,
                                        "Relation Name": "cast_info",
                                        "Schema": "public",
                                        "Alias": "ci",
                                        "Startup Cost": 0.0,
                                        "Total Cost": 328213.62,
                                        "Plan Rows": 3339272,
                                        "Plan Width": 4,
                                        "Actual Startup Time": 0.048,
                                        "Actual Total Time": 619.184,
                                        "Actual Rows": 2850321,
                                        "Actual Loops": 7,
                                        "Output": [
                                            "ci.id",
                                            "ci.person_id",
                                            "ci.movie_id",
                                            "ci.person_role_id",
                                            "ci.note",
                                            "ci.nr_order",
                                            "ci.role_id"
                                        ],
                                        "Filter": "(ci.person_id < 2004143)",
                                        "Rows Removed by Filter": 2327443,
                                        "Workers": [
                                            {
                                                "Worker Number": 0,
                                                "Actual Startup Time": 0.051,
                                                "Actual Total Time": 671.613,
                                                "Actual Rows": 2124558,
                                                "Actual Loops": 1
                                            },
                                            {
                                                "Worker Number": 1,
                                                "Actual Startup Time": 0.051,
                                                "Actual Total Time": 671.266,
                                                "Actual Rows": 2346631,
                                                "Actual Loops": 1
                                            },
                                            {
                                                "Worker Number": 2,
                                                "Actual Startup Time": 0.05,
                                                "Actual Total Time": 624.103,
                                                "Actual Rows": 3244476,
                                                "Actual Loops": 1
                                            },
                                            {
                                                "Worker Number": 3,
                                                "Actual Startup Time": 0.049,
                                                "Actual Total Time": 609.429,
                                                "Actual Rows": 2763895,
                                                "Actual Loops": 1
                                            },
                                            {
                                                "Worker Number": 4,
                                                "Actual Startup Time": 0.06,
                                                "Actual Total Time": 607.845,
                                                "Actual Rows": 2796828,
                                                "Actual Loops": 1
                                            },
                                            {
                                                "Worker Number": 5,
                                                "Actual Startup Time": 0.061,
                                                "Actual Total Time": 622.43,
                                                "Actual Rows": 3209517,
                                                "Actual Loops": 1
                                            }
                                        ]
                                    },
                                    {
                                        "Node Type": "Hash",
                                        "Parent Relationship": "Inner",
                                        "Parallel Aware": true,
                                        "Startup Cost": 43899.01,
                                        "Total Cost": 43899.01,
                                        "Plan Rows": 613214,
                                        "Plan Width": 4,
                                        "Actual Startup Time": 497.851,
                                        "Actual Total Time": 497.852,
                                        "Actual Rows": 350553,
                                        "Actual Loops": 7,
                                        "Output": [
                                            "t.id"
                                        ],
                                        "Hash Buckets": 4194304,
                                        "Original Hash Buckets": 4194304,
                                        "Hash Batches": 1,
                                        "Original Hash Batches": 1,
                                        "Peak Memory Usage": 128896,
                                        "Workers": [
                                            {
                                                "Worker Number": 0,
                                                "Actual Startup Time": 498.484,
                                                "Actual Total Time": 498.485,
                                                "Actual Rows": 256565,
                                                "Actual Loops": 1
                                            },
                                            {
                                                "Worker Number": 1,
                                                "Actual Startup Time": 499.913,
                                                "Actual Total Time": 499.914,
                                                "Actual Rows": 236504,
                                                "Actual Loops": 1
                                            },
                                            {
                                                "Worker Number": 2,
                                                "Actual Startup Time": 499.904,
                                                "Actual Total Time": 499.905,
                                                "Actual Rows": 350689,
                                                "Actual Loops": 1
                                            },
                                            {
                                                "Worker Number": 3,
                                                "Actual Startup Time": 499.709,
                                                "Actual Total Time": 499.71,
                                                "Actual Rows": 359352,
                                                "Actual Loops": 1
                                            },
                                            {
                                                "Worker Number": 4,
                                                "Actual Startup Time": 499.799,
                                                "Actual Total Time": 499.8,
                                                "Actual Rows": 369024,
                                                "Actual Loops": 1
                                            },
                                            {
                                                "Worker Number": 5,
                                                "Actual Startup Time": 500.068,
                                                "Actual Total Time": 500.069,
                                                "Actual Rows": 453010,
                                                "Actual Loops": 1
                                            }
                                        ],
                                        "Plans": [
                                            {
                                                "Node Type": "Seq Scan",
                                                "Parent Relationship": "Outer",
                                                "Parallel Aware": true,
                                                "Relation Name": "title",
                                                "Schema": "public",
                                                "Alias": "t",
                                                "Startup Cost": 0.0,
                                                "Total Cost": 43899.01,
                                                "Plan Rows": 613214,
                                                "Plan Width": 4,
                                                "Actual Startup Time": 0.067,
                                                "Actual Total Time": 120.463,
                                                "Actual Rows": 350553,
                                                "Actual Loops": 7,
                                                "Output": [
                                                    "t.id"
                                                ],
                                                "Filter": "(t.production_year > 1897)",
                                                "Rows Removed by Filter": 10634,
                                                "Workers": [
                                                    {
                                                        "Worker Number": 0,
                                                        "Actual Startup Time": 0.089,
                                                        "Actual Total Time": 128.702,
                                                        "Actual Rows": 256565,
                                                        "Actual Loops": 1
                                                    },
                                                    {
                                                        "Worker Number": 1,
                                                        "Actual Startup Time": 0.074,
                                                        "Actual Total Time": 130.903,
                                                        "Actual Rows": 236504,
                                                        "Actual Loops": 1
                                                    },
                                                    {
                                                        "Worker Number": 2,
                                                        "Actual Startup Time": 0.069,
                                                        "Actual Total Time": 125.559,
                                                        "Actual Rows": 350689,
                                                        "Actual Loops": 1
                                                    },
                                                    {
                                                        "Worker Number": 3,
                                                        "Actual Startup Time": 0.074,
                                                        "Actual Total Time": 117.488,
                                                        "Actual Rows": 359352,
                                                        "Actual Loops": 1
                                                    },
                                                    {
                                                        "Worker Number": 4,
                                                        "Actual Startup Time": 0.083,
                                                        "Actual Total Time": 117.855,
                                                        "Actual Rows": 369024,
                                                        "Actual Loops": 1
                                                    },
                                                    {
                                                        "Worker Number": 5,
                                                        "Actual Startup Time": 0.067,
                                                        "Actual Total Time": 117.558,
                                                        "Actual Rows": 453010,
                                                        "Actual Loops": 1
                                                    }
                                                ]
                                            }
                                        ]
                                    }
                                ]
                            }
                        ]
                    }
                ]
            }
        ]
    },
    "Planning Time": 0.779,
    "Triggers": [],
    "Execution Time": 2790.094
}