[
  {
    "Plan": {
      "Node Type": "Aggregate",
      "Strategy": "Plain",
      "Partial Mode": "Finalize",
      "Parallel Aware": false,
      "Startup Cost": 55243.93,
      "Total Cost": 55243.94,
      "Plan Rows": 1,
      "Plan Width": 8,
      "Actual Startup Time": 23.638,
      "Actual Total Time": 27.427,
      "Actual Rows": 1,
      "Actual Loops": 1,
      "Plans": [
        {
          "Node Type": "Gather",
          "Parent Relationship": "Outer",
          "Parallel Aware": false,
          "Startup Cost": 55243.61,
          "Total Cost": 55243.92,
          "Plan Rows": 3,
          "Plan Width": 8,
          "Actual Startup Time": 23.379,
          "Actual Total Time": 27.418,
          "Actual Rows": 4,
          "Actual Loops": 1,
          "Workers Planned": 3,
          "Workers Launched": 3,
          "Single Copy": false,
          "Plans": [
            {
              "Node Type": "Aggregate",
              "Strategy": "Plain",
              "Partial Mode": "Partial",
              "Parent Relationship": "Outer",
              "Parallel Aware": false,
              "Startup Cost": 54243.61,
              "Total Cost": 54243.62,
              "Plan Rows": 1,
              "Plan Width": 8,
              "Actual Startup Time": 16.69,
              "Actual Total Time": 16.692,
              "Actual Rows": 1,
              "Actual Loops": 4,
              "Plans": [
                {
                  "Node Type": "Nested Loop",
                  "Parent Relationship": "Outer",
                  "Parallel Aware": false,
                  "Join Type": "Inner",
                  "Startup Cost": 836.7,
                  "Total Cost": 54227.73,
                  "Plan Rows": 6353,
                  "Plan Width": 0,
                  "Actual Startup Time": 13.072,
                  "Actual Total Time": 16.658,
                  "Actual Rows": 155,
                  "Actual Loops": 4,
                  "Inner Unique": true,
                  "Plans": [
                    {
                      "Node Type": "Bitmap Heap Scan",
                      "Parent Relationship": "Outer",
                      "Parallel Aware": true,
                      "Relation Name": "movie_companies",
                      "Alias": "mc",
                      "Startup Cost": 836.27,
                      "Total Cost": 19813.96,
                      "Plan Rows": 6353,
                      "Plan Width": 4,
                      "Actual Startup Time": 12.951,
                      "Actual Total Time": 13.739,
                      "Actual Rows": 155,
                      "Actual Loops": 4,
                      "Recheck Cond": "(company_id = 160)",
                      "Rows Removed by Index Recheck": 0,
                      "Filter": "(company_type_id = 2)",
                      "Rows Removed by Filter": 8879,
                      "Exact Heap Blocks": 3223,
                      "Lossy Heap Blocks": 0,
                      "Plans": [
                        {
                          "Node Type": "Bitmap Index Scan",
                          "Parent Relationship": "Outer",
                          "Parallel Aware": false,
                          "Index Name": "company_id_movie_companies",
                          "Startup Cost": 0.0,
                          "Total Cost": 831.35,
                          "Plan Rows": 38789,
                          "Plan Width": 0,
                          "Actual Startup Time": 4.466,
                          "Actual Total Time": 4.467,
                          "Actual Rows": 36136,
                          "Actual Loops": 1,
                          "Index Cond": "(company_id = 160)"
                        }
                      ]
                    },
                    {
                      "Node Type": "Index Only Scan",
                      "Parent Relationship": "Inner",
                      "Parallel Aware": false,
                      "Scan Direction": "Forward",
                      "Index Name": "title_pkey",
                      "Relation Name": "title",
                      "Alias": "t",
                      "Startup Cost": 0.43,
                      "Total Cost": 5.42,
                      "Plan Rows": 1,
                      "Plan Width": 4,
                      "Actual Startup Time": 0.018,
                      "Actual Total Time": 0.018,
                      "Actual Rows": 1,
                      "Actual Loops": 619,
                      "Index Cond": "(id = mc.movie_id)",
                      "Rows Removed by Index Recheck": 0,
                      "Heap Fetches": 619
                    }
                  ]
                }
              ]
            }
          ]
        }
      ]
    },
    "Planning Time": 0.411,
    "Triggers": [],
    "Execution Time": 27.484
  }
]