[
  {
    "Plan": {
      "Node Type": "Aggregate",
      "Strategy": "Plain",
      "Partial Mode": "Finalize",
      "Parallel Aware": false,
      "Startup Cost": 339959.63,
      "Total Cost": 339959.64,
      "Plan Rows": 1,
      "Plan Width": 8,
      "Actual Startup Time": 761.553,
      "Actual Total Time": 820.607,
      "Actual Rows": 1,
      "Actual Loops": 1,
      "Plans": [
        {
          "Node Type": "Gather",
          "Parent Relationship": "Outer",
          "Parallel Aware": false,
          "Startup Cost": 339959.0,
          "Total Cost": 339959.61,
          "Plan Rows": 6,
          "Plan Width": 8,
          "Actual Startup Time": 761.432,
          "Actual Total Time": 820.597,
          "Actual Rows": 7,
          "Actual Loops": 1,
          "Workers Planned": 6,
          "Workers Launched": 6,
          "Single Copy": false,
          "Plans": [
            {
              "Node Type": "Aggregate",
              "Strategy": "Plain",
              "Partial Mode": "Partial",
              "Parent Relationship": "Outer",
              "Parallel Aware": false,
              "Startup Cost": 338959.0,
              "Total Cost": 338959.01,
              "Plan Rows": 1,
              "Plan Width": 8,
              "Actual Startup Time": 752.467,
              "Actual Total Time": 752.469,
              "Actual Rows": 1,
              "Actual Loops": 7,
              "Plans": [
                {
                  "Node Type": "Seq Scan",
                  "Parent Relationship": "Outer",
                  "Parallel Aware": true,
                  "Relation Name": "cast_info",
                  "Alias": "ci",
                  "Startup Cost": 0.0,
                  "Total Cost": 328162.03,
                  "Plan Rows": 4318791,
                  "Plan Width": 0,
                  "Actual Startup Time": 115.347,
                  "Actual Total Time": 601.771,
                  "Actual Rows": 3696149,
                  "Actual Loops": 7,
                  "Filter": "(person_id > 1018755)",
                  "Rows Removed by Filter": 1481615
                }
              ]
            }
          ]
        }
      ]
    },
    "Planning Time": 0.191,
    "Triggers": [],
    "Execution Time": 820.679
  }
]