[
  {
    "Plan": {
      "Node Type": "Aggregate",
      "Strategy": "Plain",
      "Partial Mode": "Finalize",
      "Parallel Aware": false,
      "Startup Cost": 91019.32,
      "Total Cost": 91019.33,
      "Plan Rows": 1,
      "Plan Width": 8,
      "Actual Startup Time": 431.113,
      "Actual Total Time": 461.965,
      "Actual Rows": 1,
      "Actual Loops": 1,
      "Plans": [
        {
          "Node Type": "Gather",
          "Parent Relationship": "Outer",
          "Parallel Aware": false,
          "Startup Cost": 91019.0,
          "Total Cost": 91019.31,
          "Plan Rows": 3,
          "Plan Width": 8,
          "Actual Startup Time": 428.752,
          "Actual Total Time": 461.945,
          "Actual Rows": 4,
          "Actual Loops": 1,
          "Workers Planned": 3,
          "Workers Launched": 3,
          "Single Copy": false,
          "Plans": [
            {
              "Node Type": "Aggregate",
              "Strategy": "Plain",
              "Partial Mode": "Partial",
              "Parent Relationship": "Outer",
              "Parallel Aware": false,
              "Startup Cost": 90019.0,
              "Total Cost": 90019.01,
              "Plan Rows": 1,
              "Plan Width": 8,
              "Actual Startup Time": 421.115,
              "Actual Total Time": 421.121,
              "Actual Rows": 1,
              "Actual Loops": 4,
              "Plans": [
                {
                  "Node Type": "Hash Join",
                  "Parent Relationship": "Outer",
                  "Parallel Aware": true,
                  "Join Type": "Inner",
                  "Startup Cost": 61959.14,
                  "Total Cost": 89932.34,
                  "Plan Rows": 34664,
                  "Plan Width": 0,
                  "Actual Startup Time": 285.25,
                  "Actual Total Time": 418.205,
                  "Actual Rows": 38968,
                  "Actual Loops": 4,
                  "Inner Unique": true,
                  "Hash Cond": "(mk.movie_id = t.id)",
                  "Plans": [
                    {
                      "Node Type": "Bitmap Heap Scan",
                      "Parent Relationship": "Outer",
                      "Parallel Aware": true,
                      "Relation Name": "movie_keyword",
                      "Alias": "mk",
                      "Startup Cost": 15302.43,
                      "Total Cost": 42664.86,
                      "Plan Rows": 232674,
                      "Plan Width": 4,
                      "Actual Startup Time": 65.987,
                      "Actual Total Time": 182.026,
                      "Actual Rows": 180372,
                      "Actual Loops": 4,
                      "Recheck Cond": "(keyword_id < 643)",
                      "Rows Removed by Index Recheck": 0,
                      "Exact Heap Blocks": 7466,
                      "Lossy Heap Blocks": 0,
                      "Plans": [
                        {
                          "Node Type": "Bitmap Index Scan",
                          "Parent Relationship": "Outer",
                          "Parallel Aware": false,
                          "Index Name": "keyword_id_movie_keyword",
                          "Startup Cost": 0.0,
                          "Total Cost": 15122.11,
                          "Plan Rows": 721290,
                          "Plan Width": 0,
                          "Actual Startup Time": 59.755,
                          "Actual Total Time": 59.756,
                          "Actual Rows": 721487,
                          "Actual Loops": 1,
                          "Index Cond": "(keyword_id < 643)"
                        }
                      ]
                    },
                    {
                      "Node Type": "Hash",
                      "Parent Relationship": "Inner",
                      "Parallel Aware": true,
                      "Startup Cost": 45479.59,
                      "Total Cost": 45479.59,
                      "Plan Rows": 94170,
                      "Plan Width": 4,
                      "Actual Startup Time": 169.888,
                      "Actual Total Time": 169.889,
                      "Actual Rows": 70529,
                      "Actual Loops": 4,
                      "Hash Buckets": 524288,
                      "Original Hash Buckets": 524288,
                      "Hash Batches": 1,
                      "Original Hash Batches": 1,
                      "Peak Memory Usage": 15168,
                      "Plans": [
                        {
                          "Node Type": "Seq Scan",
                          "Parent Relationship": "Outer",
                          "Parallel Aware": true,
                          "Relation Name": "title",
                          "Alias": "t",
                          "Startup Cost": 0.0,
                          "Total Cost": 45479.59,
                          "Plan Rows": 94170,
                          "Plan Width": 4,
                          "Actual Startup Time": 54.162,
                          "Actual Total Time": 131.93,
                          "Actual Rows": 70529,
                          "Actual Loops": 4,
                          "Filter": "((kind_id < 2) AND (production_year > 1999))",
                          "Rows Removed by Filter": 561549
                        }
                      ]
                    }
                  ]
                }
              ]
            }
          ]
        }
      ]
    },
    "Planning Time": 0.485,
    "Triggers": [],
    "Execution Time": 462.056
  }
]