[
  {
    "Plan": {
      "Node Type": "Aggregate",
      "Strategy": "Plain",
      "Partial Mode": "Finalize",
      "Parallel Aware": false,
      "Startup Cost": 44615.07,
      "Total Cost": 44615.08,
      "Plan Rows": 1,
      "Plan Width": 8,
      "Actual Startup Time": 31.947,
      "Actual Total Time": 37.503,
      "Actual Rows": 1,
      "Actual Loops": 1,
      "Plans": [
        {
          "Node Type": "Gather",
          "Parent Relationship": "Outer",
          "Parallel Aware": false,
          "Startup Cost": 44614.86,
          "Total Cost": 44615.07,
          "Plan Rows": 2,
          "Plan Width": 8,
          "Actual Startup Time": 31.844,
          "Actual Total Time": 37.498,
          "Actual Rows": 3,
          "Actual Loops": 1,
          "Workers Planned": 2,
          "Workers Launched": 2,
          "Single Copy": false,
          "Plans": [
            {
              "Node Type": "Aggregate",
              "Strategy": "Plain",
              "Partial Mode": "Partial",
              "Parent Relationship": "Outer",
              "Parallel Aware": false,
              "Startup Cost": 43614.86,
              "Total Cost": 43614.87,
              "Plan Rows": 1,
              "Plan Width": 8,
              "Actual Startup Time": 28.75,
              "Actual Total Time": 28.751,
              "Actual Rows": 1,
              "Actual Loops": 3,
              "Plans": [
                {
                  "Node Type": "Nested Loop",
                  "Parent Relationship": "Outer",
                  "Parallel Aware": false,
                  "Join Type": "Inner",
                  "Startup Cost": 212.78,
                  "Total Cost": 43613.41,
                  "Plan Rows": 578,
                  "Plan Width": 0,
                  "Actual Startup Time": 7.26,
                  "Actual Total Time": 28.684,
                  "Actual Rows": 794,
                  "Actual Loops": 3,
                  "Inner Unique": false,
                  "Plans": [
                    {
                      "Node Type": "Nested Loop",
                      "Parent Relationship": "Outer",
                      "Parallel Aware": false,
                      "Join Type": "Inner",
                      "Startup Cost": 212.35,
                      "Total Cost": 42981.77,
                      "Plan Rows": 1060,
                      "Plan Width": 8,
                      "Actual Startup Time": 7.183,
                      "Actual Total Time": 25.369,
                      "Actual Rows": 335,
                      "Actual Loops": 3,
                      "Inner Unique": true,
                      "Plans": [
                        {
                          "Node Type": "Bitmap Heap Scan",
                          "Parent Relationship": "Outer",
                          "Parallel Aware": true,
                          "Relation Name": "movie_companies",
                          "Alias": "mc",
                          "Startup Cost": 211.92,
                          "Total Cost": 16315.36,
                          "Plan Rows": 4059,
                          "Plan Width": 4,
                          "Actual Startup Time": 0.496,
                          "Actual Total Time": 5.523,
                          "Actual Rows": 3008,
                          "Actual Loops": 3,
                          "Recheck Cond": "(company_id = 225)",
                          "Rows Removed by Index Recheck": 0,
                          "Exact Heap Blocks": 2023,
                          "Lossy Heap Blocks": 0,
                          "Plans": [
                            {
                              "Node Type": "Bitmap Index Scan",
                              "Parent Relationship": "Outer",
                              "Parallel Aware": false,
                              "Index Name": "company_id_movie_companies",
                              "Startup Cost": 0.0,
                              "Total Cost": 209.49,
                              "Plan Rows": 9741,
                              "Plan Width": 0,
                              "Actual Startup Time": 1.048,
                              "Actual Total Time": 1.048,
                              "Actual Rows": 9025,
                              "Actual Loops": 1,
                              "Index Cond": "(company_id = 225)"
                            }
                          ]
                        },
                        {
                          "Node Type": "Index Scan",
                          "Parent Relationship": "Inner",
                          "Parallel Aware": false,
                          "Scan Direction": "Forward",
                          "Index Name": "title_pkey",
                          "Relation Name": "title",
                          "Alias": "t",
                          "Startup Cost": 0.43,
                          "Total Cost": 6.57,
                          "Plan Rows": 1,
                          "Plan Width": 4,
                          "Actual Startup Time": 0.006,
                          "Actual Total Time": 0.006,
                          "Actual Rows": 0,
                          "Actual Loops": 9025,
                          "Index Cond": "(id = mc.movie_id)",
                          "Rows Removed by Index Recheck": 0,
                          "Filter": "(kind_id = 1)",
                          "Rows Removed by Filter": 1
                        }
                      ]
                    },
                    {
                      "Node Type": "Index Only Scan",
                      "Parent Relationship": "Inner",
                      "Parallel Aware": false,
                      "Scan Direction": "Forward",
                      "Index Name": "movie_id_movie_info_idx",
                      "Relation Name": "movie_info_idx",
                      "Alias": "mi_idx",
                      "Startup Cost": 0.43,
                      "Total Cost": 0.57,
                      "Plan Rows": 3,
                      "Plan Width": 4,
                      "Actual Startup Time": 0.009,
                      "Actual Total Time": 0.009,
                      "Actual Rows": 2,
                      "Actual Loops": 1004,
                      "Index Cond": "(movie_id = t.id)",
                      "Rows Removed by Index Recheck": 0,
                      "Heap Fetches": 2381
                    }
                  ]
                }
              ]
            }
          ]
        }
      ]
    },
    "Planning Time": 0.456,
    "Triggers": [],
    "Execution Time": 37.545
  }
]