[
  {
    "Plan": {
      "Node Type": "Aggregate",
      "Strategy": "Plain",
      "Partial Mode": "Finalize",
      "Parallel Aware": false,
      "Startup Cost": 37850.67,
      "Total Cost": 37850.68,
      "Plan Rows": 1,
      "Plan Width": 8,
      "Actual Startup Time": 112.087,
      "Actual Total Time": 119.555,
      "Actual Rows": 1,
      "Actual Loops": 1,
      "Plans": [
        {
          "Node Type": "Gather",
          "Parent Relationship": "Outer",
          "Parallel Aware": false,
          "Startup Cost": 37850.45,
          "Total Cost": 37850.66,
          "Plan Rows": 2,
          "Plan Width": 8,
          "Actual Startup Time": 111.842,
          "Actual Total Time": 119.548,
          "Actual Rows": 3,
          "Actual Loops": 1,
          "Workers Planned": 2,
          "Workers Launched": 2,
          "Single Copy": false,
          "Plans": [
            {
              "Node Type": "Aggregate",
              "Strategy": "Plain",
              "Partial Mode": "Partial",
              "Parent Relationship": "Outer",
              "Parallel Aware": false,
              "Startup Cost": 36850.45,
              "Total Cost": 36850.46,
              "Plan Rows": 1,
              "Plan Width": 8,
              "Actual Startup Time": 103.618,
              "Actual Total Time": 103.621,
              "Actual Rows": 1,
              "Actual Loops": 3,
              "Plans": [
                {
                  "Node Type": "Nested Loop",
                  "Parent Relationship": "Outer",
                  "Parallel Aware": false,
                  "Join Type": "Inner",
                  "Startup Cost": 14756.16,
                  "Total Cost": 36849.29,
                  "Plan Rows": 467,
                  "Plan Width": 0,
                  "Actual Startup Time": 52.86,
                  "Actual Total Time": 103.549,
                  "Actual Rows": 794,
                  "Actual Loops": 3,
                  "Inner Unique": true,
                  "Join Filter": "(mc.movie_id = t.id)",
                  "Rows Removed by Join Filter": 0,
                  "Plans": [
                    {
                      "Node Type": "Hash Join",
                      "Parent Relationship": "Outer",
                      "Parallel Aware": true,
                      "Join Type": "Inner",
                      "Startup Cost": 14755.73,
                      "Total Cost": 31354.56,
                      "Plan Rows": 9267,
                      "Plan Width": 8,
                      "Actual Startup Time": 9.632,
                      "Actual Total Time": 87.796,
                      "Actual Rows": 3605,
                      "Actual Loops": 3,
                      "Inner Unique": false,
                      "Hash Cond": "(mi_idx.movie_id = mc.movie_id)",
                      "Plans": [
                        {
                          "Node Type": "Seq Scan",
                          "Parent Relationship": "Outer",
                          "Parallel Aware": true,
                          "Relation Name": "movie_info_idx",
                          "Alias": "mi_idx",
                          "Startup Cost": 0.0,
                          "Total Cost": 13685.15,
                          "Plan Rows": 575015,
                          "Plan Width": 4,
                          "Actual Startup Time": 0.048,
                          "Actual Total Time": 38.918,
                          "Actual Rows": 460012,
                          "Actual Loops": 3
                        },
                        {
                          "Node Type": "Hash",
                          "Parent Relationship": "Inner",
                          "Parallel Aware": true,
                          "Startup Cost": 14714.97,
                          "Total Cost": 14714.97,
                          "Plan Rows": 3261,
                          "Plan Width": 4,
                          "Actual Startup Time": 8.688,
                          "Actual Total Time": 8.689,
                          "Actual Rows": 3008,
                          "Actual Loops": 3,
                          "Hash Buckets": 8192,
                          "Original Hash Buckets": 8192,
                          "Hash Batches": 1,
                          "Original Hash Batches": 1,
                          "Peak Memory Usage": 480,
                          "Plans": [
                            {
                              "Node Type": "Bitmap Heap Scan",
                              "Parent Relationship": "Outer",
                              "Parallel Aware": true,
                              "Relation Name": "movie_companies",
                              "Alias": "mc",
                              "Startup Cost": 173.09,
                              "Total Cost": 14714.97,
                              "Plan Rows": 3261,
                              "Plan Width": 4,
                              "Actual Startup Time": 1.173,
                              "Actual Total Time": 7.433,
                              "Actual Rows": 3008,
                              "Actual Loops": 3,
                              "Recheck Cond": "(company_id = 225)",
                              "Rows Removed by Index Recheck": 0,
                              "Exact Heap Blocks": 2848,
                              "Lossy Heap Blocks": 0,
                              "Plans": [
                                {
                                  "Node Type": "Bitmap Index Scan",
                                  "Parent Relationship": "Outer",
                                  "Parallel Aware": false,
                                  "Index Name": "company_id_movie_companies",
                                  "Startup Cost": 0.0,
                                  "Total Cost": 171.13,
                                  "Plan Rows": 7827,
                                  "Plan Width": 0,
                                  "Actual Startup Time": 2.057,
                                  "Actual Total Time": 2.057,
                                  "Actual Rows": 9025,
                                  "Actual Loops": 1,
                                  "Index Cond": "(company_id = 225)"
                                }
                              ]
                            }
                          ]
                        }
                      ]
                    },
                    {
                      "Node Type": "Index Scan",
                      "Parent Relationship": "Inner",
                      "Parallel Aware": false,
                      "Scan Direction": "Forward",
                      "Index Name": "title_pkey",
                      "Relation Name": "title",
                      "Alias": "t",
                      "Startup Cost": 0.43,
                      "Total Cost": 0.58,
                      "Plan Rows": 1,
                      "Plan Width": 4,
                      "Actual Startup Time": 0.004,
                      "Actual Total Time": 0.004,
                      "Actual Rows": 0,
                      "Actual Loops": 10814,
                      "Index Cond": "(id = mi_idx.movie_id)",
                      "Rows Removed by Index Recheck": 0,
                      "Filter": "(kind_id = 1)",
                      "Rows Removed by Filter": 1
                    }
                  ]
                }
              ]
            }
          ]
        }
      ]
    },
    "Planning Time": 1.259,
    "Triggers": [],
    "Execution Time": 119.657
  }
]