[
  {
    "Plan": {
      "Node Type": "Aggregate",
      "Strategy": "Plain",
      "Partial Mode": "Finalize",
      "Parallel Aware": false,
      "Startup Cost": 350834.72,
      "Total Cost": 350834.73,
      "Plan Rows": 1,
      "Plan Width": 8,
      "Actual Startup Time": 821.871,
      "Actual Total Time": 867.247,
      "Actual Rows": 1,
      "Actual Loops": 1,
      "Plans": [
        {
          "Node Type": "Gather",
          "Parent Relationship": "Outer",
          "Parallel Aware": false,
          "Startup Cost": 350834.09,
          "Total Cost": 350834.7,
          "Plan Rows": 6,
          "Plan Width": 8,
          "Actual Startup Time": 821.73,
          "Actual Total Time": 867.237,
          "Actual Rows": 7,
          "Actual Loops": 1,
          "Workers Planned": 6,
          "Workers Launched": 6,
          "Single Copy": false,
          "Plans": [
            {
              "Node Type": "Aggregate",
              "Strategy": "Plain",
              "Partial Mode": "Partial",
              "Parent Relationship": "Outer",
              "Parallel Aware": false,
              "Startup Cost": 349834.09,
              "Total Cost": 349834.1,
              "Plan Rows": 1,
              "Plan Width": 8,
              "Actual Startup Time": 811.475,
              "Actual Total Time": 811.476,
              "Actual Rows": 1,
              "Actual Loops": 7,
              "Plans": [
                {
                  "Node Type": "Seq Scan",
                  "Parent Relationship": "Outer",
                  "Parallel Aware": true,
                  "Relation Name": "cast_info",
                  "Alias": "ci",
                  "Startup Cost": 0.0,
                  "Total Cost": 343316.27,
                  "Plan Rows": 2607129,
                  "Plan Width": 0,
                  "Actual Startup Time": 230.572,
                  "Actual Total Time": 681.329,
                  "Actual Rows": 2880620,
                  "Actual Loops": 7,
                  "Filter": "((person_id > 1211385) AND (role_id > 1))",
                  "Rows Removed by Filter": 2297143
                }
              ]
            }
          ]
        }
      ]
    },
    "Planning Time": 0.213,
    "Triggers": [],
    "Execution Time": 867.303
  }
]