[
  {
    "Plan": {
      "Node Type": "Aggregate",
      "Strategy": "Plain",
      "Partial Mode": "Finalize",
      "Parallel Aware": false,
      "Startup Cost": 297533.97,
      "Total Cost": 297533.98,
      "Plan Rows": 1,
      "Plan Width": 8,
      "Actual Startup Time": 3732.028,
      "Actual Total Time": 3813.011,
      "Actual Rows": 1,
      "Actual Loops": 1,
      "Plans": [
        {
          "Node Type": "Gather",
          "Parent Relationship": "Outer",
          "Parallel Aware": false,
          "Startup Cost": 297533.65,
          "Total Cost": 297533.96,
          "Plan Rows": 3,
          "Plan Width": 8,
          "Actual Startup Time": 3729.035,
          "Actual Total Time": 3812.999,
          "Actual Rows": 4,
          "Actual Loops": 1,
          "Workers Planned": 3,
          "Workers Launched": 3,
          "Single Copy": false,
          "Plans": [
            {
              "Node Type": "Aggregate",
              "Strategy": "Plain",
              "Partial Mode": "Partial",
              "Parent Relationship": "Outer",
              "Parallel Aware": false,
              "Startup Cost": 296533.65,
              "Total Cost": 296533.66,
              "Plan Rows": 1,
              "Plan Width": 8,
              "Actual Startup Time": 3721.123,
              "Actual Total Time": 3721.127,
              "Actual Rows": 1,
              "Actual Loops": 4,
              "Plans": [
                {
                  "Node Type": "Nested Loop",
                  "Parent Relationship": "Outer",
                  "Parallel Aware": false,
                  "Join Type": "Inner",
                  "Startup Cost": 59042.79,
                  "Total Cost": 296058.0,
                  "Plan Rows": 190263,
                  "Plan Width": 0,
                  "Actual Startup Time": 222.468,
                  "Actual Total Time": 3697.778,
                  "Actual Rows": 415518,
                  "Actual Loops": 4,
                  "Inner Unique": false,
                  "Plans": [
                    {
                      "Node Type": "Hash Join",
                      "Parent Relationship": "Outer",
                      "Parallel Aware": true,
                      "Join Type": "Inner",
                      "Startup Cost": 59042.23,
                      "Total Cost": 86364.07,
                      "Plan Rows": 64208,
                      "Plan Width": 8,
                      "Actual Startup Time": 221.788,
                      "Actual Total Time": 327.522,
                      "Actual Rows": 110274,
                      "Actual Loops": 4,
                      "Inner Unique": true,
                      "Hash Cond": "(mk.movie_id = t.id)",
                      "Plans": [
                        {
                          "Node Type": "Bitmap Heap Scan",
                          "Parent Relationship": "Outer",
                          "Parallel Aware": true,
                          "Relation Name": "movie_keyword",
                          "Alias": "mk",
                          "Startup Cost": 12467.8,
                          "Total Cost": 39291.91,
                          "Plan Rows": 189609,
                          "Plan Width": 4,
                          "Actual Startup Time": 35.277,
                          "Actual Total Time": 85.357,
                          "Actual Rows": 144087,
                          "Actual Loops": 4,
                          "Recheck Cond": "(keyword_id > 31829)",
                          "Rows Removed by Index Recheck": 0,
                          "Exact Heap Blocks": 7443,
                          "Lossy Heap Blocks": 0,
                          "Plans": [
                            {
                              "Node Type": "Bitmap Index Scan",
                              "Parent Relationship": "Outer",
                              "Parallel Aware": false,
                              "Index Name": "keyword_id_movie_keyword",
                              "Startup Cost": 0.0,
                              "Total Cost": 12320.85,
                              "Plan Rows": 587789,
                              "Plan Width": 0,
                              "Actual Startup Time": 31.779,
                              "Actual Total Time": 31.78,
                              "Actual Rows": 576348,
                              "Actual Loops": 1,
                              "Index Cond": "(keyword_id > 31829)"
                            }
                          ]
                        },
                        {
                          "Node Type": "Hash",
                          "Parent Relationship": "Inner",
                          "Parallel Aware": true,
                          "Startup Cost": 43898.92,
                          "Total Cost": 43898.92,
                          "Plan Rows": 214041,
                          "Plan Width": 4,
                          "Actual Startup Time": 181.765,
                          "Actual Total Time": 181.765,
                          "Actual Rows": 213554,
                          "Actual Loops": 4,
                          "Hash Buckets": 1048576,
                          "Original Hash Buckets": 1048576,
                          "Hash Batches": 1,
                          "Original Hash Batches": 1,
                          "Peak Memory Usage": 41696,
                          "Plans": [
                            {
                              "Node Type": "Seq Scan",
                              "Parent Relationship": "Outer",
                              "Parallel Aware": true,
                              "Relation Name": "title",
                              "Alias": "t",
                              "Startup Cost": 0.0,
                              "Total Cost": 43898.92,
                              "Plan Rows": 214041,
                              "Plan Width": 4,
                              "Actual Startup Time": 0.037,
                              "Actual Total Time": 104.862,
                              "Actual Rows": 213554,
                              "Actual Loops": 4,
                              "Filter": "(kind_id < 4)",
                              "Rows Removed by Filter": 418524
                            }
                          ]
                        }
                      ]
                    },
                    {
                      "Node Type": "Index Scan",
                      "Parent Relationship": "Inner",
                      "Parallel Aware": false,
                      "Scan Direction": "Forward",
                      "Index Name": "movie_id_cast_info",
                      "Relation Name": "cast_info",
                      "Alias": "ci",
                      "Startup Cost": 0.56,
                      "Total Cost": 3.19,
                      "Plan Rows": 8,
                      "Plan Width": 4,
                      "Actual Startup Time": 0.02,
                      "Actual Total Time": 0.03,
                      "Actual Rows": 4,
                      "Actual Loops": 441098,
                      "Index Cond": "(movie_id = t.id)",
                      "Rows Removed by Index Recheck": 0,
                      "Filter": "((person_id > 2834278) AND (role_id < 10))",
                      "Rows Removed by Filter": 51
                    }
                  ]
                }
              ]
            }
          ]
        }
      ]
    },
    "Planning Time": 1.101,
    "Triggers": [],
    "Execution Time": 3813.129
  }
]