[
    {
        "Bao": {
            "Bao prediction": "NaN",
            "Bao recommended hint": "(no hint)"
        }
    },
    {
        "Plan": {
            "Node Type": "Aggregate",
            "Strategy": "Plain",
            "Partial Mode": "Finalize",
            "Parallel Aware": false,
            "Startup Cost": 209788.86,
            "Total Cost": 209788.87,
            "Plan Rows": 1,
            "Plan Width": 8,
            "Actual Startup Time": 108.649,
            "Actual Total Time": 115.847,
            "Actual Rows": 1,
            "Actual Loops": 1,
            "Output": [
                "count(*)"
            ],
            "Plans": [
                {
                    "Node Type": "Gather",
                    "Parent Relationship": "Outer",
                    "Parallel Aware": false,
                    "Startup Cost": 209788.33,
                    "Total Cost": 209788.84,
                    "Plan Rows": 5,
                    "Plan Width": 8,
                    "Actual Startup Time": 108.265,
                    "Actual Total Time": 115.841,
                    "Actual Rows": 6,
                    "Actual Loops": 1,
                    "Output": [
                        "(PARTIAL count(*))"
                    ],
                    "Workers Planned": 5,
                    "Workers Launched": 5,
                    "Single Copy": false,
                    "Plans": [
                        {
                            "Node Type": "Aggregate",
                            "Strategy": "Plain",
                            "Partial Mode": "Partial",
                            "Parent Relationship": "Outer",
                            "Parallel Aware": false,
                            "Startup Cost": 208788.33,
                            "Total Cost": 208788.34,
                            "Plan Rows": 1,
                            "Plan Width": 8,
                            "Actual Startup Time": 98.073,
                            "Actual Total Time": 98.077,
                            "Actual Rows": 1,
                            "Actual Loops": 6,
                            "Output": [
                                "PARTIAL count(*)"
                            ],
                            "Workers": [
                                {
                                    "Worker Number": 0,
                                    "Actual Startup Time": 95.428,
                                    "Actual Total Time": 95.431,
                                    "Actual Rows": 1,
                                    "Actual Loops": 1
                                },
                                {
                                    "Worker Number": 1,
                                    "Actual Startup Time": 95.955,
                                    "Actual Total Time": 95.958,
                                    "Actual Rows": 1,
                                    "Actual Loops": 1
                                },
                                {
                                    "Worker Number": 2,
                                    "Actual Startup Time": 95.954,
                                    "Actual Total Time": 95.957,
                                    "Actual Rows": 1,
                                    "Actual Loops": 1
                                },
                                {
                                    "Worker Number": 3,
                                    "Actual Startup Time": 96.35,
                                    "Actual Total Time": 96.354,
                                    "Actual Rows": 1,
                                    "Actual Loops": 1
                                },
                                {
                                    "Worker Number": 4,
                                    "Actual Startup Time": 96.867,
                                    "Actual Total Time": 96.87,
                                    "Actual Rows": 1,
                                    "Actual Loops": 1
                                }
                            ],
                            "Plans": [
                                {
                                    "Node Type": "Hash Join",
                                    "Parent Relationship": "Outer",
                                    "Parallel Aware": true,
                                    "Join Type": "Inner",
                                    "Startup Cost": 46399.92,
                                    "Total Cost": 208787.96,
                                    "Plan Rows": 151,
                                    "Plan Width": 0,
                                    "Actual Startup Time": 86.199,
                                    "Actual Total Time": 98.059,
                                    "Actual Rows": 52,
                                    "Actual Loops": 6,
                                    "Inner Unique": true,
                                    "Hash Cond": "(mi.movie_id = t.id)",
                                    "Workers": [
                                        {
                                            "Worker Number": 0,
                                            "Actual Startup Time": 83.721,
                                            "Actual Total Time": 95.41,
                                            "Actual Rows": 51,
                                            "Actual Loops": 1
                                        },
                                        {
                                            "Worker Number": 1,
                                            "Actual Startup Time": 84.266,
                                            "Actual Total Time": 95.941,
                                            "Actual Rows": 28,
                                            "Actual Loops": 1
                                        },
                                        {
                                            "Worker Number": 2,
                                            "Actual Startup Time": 84.121,
                                            "Actual Total Time": 95.939,
                                            "Actual Rows": 77,
                                            "Actual Loops": 1
                                        },
                                        {
                                            "Worker Number": 3,
                                            "Actual Startup Time": 84.575,
                                            "Actual Total Time": 96.335,
                                            "Actual Rows": 26,
                                            "Actual Loops": 1
                                        },
                                        {
                                            "Worker Number": 4,
                                            "Actual Startup Time": 84.423,
                                            "Actual Total Time": 96.85,
                                            "Actual Rows": 71,
                                            "Actual Loops": 1
                                        }
                                    ],
                                    "Plans": [
                                        {
                                            "Node Type": "Bitmap Heap Scan",
                                            "Parent Relationship": "Outer",
                                            "Parallel Aware": true,
                                            "Relation Name": "movie_info",
                                            "Schema": "public",
                                            "Alias": "mi",
                                            "Startup Cost": 2456.66,
                                            "Total Cost": 164773.69,
                                            "Plan Rows": 27051,
                                            "Plan Width": 4,
                                            "Actual Startup Time": 10.597,
                                            "Actual Total Time": 20.749,
                                            "Actual Rows": 24581,
                                            "Actual Loops": 6,
                                            "Output": [
                                                "mi.id",
                                                "mi.movie_id",
                                                "mi.info_type_id",
                                                "mi.info",
                                                "mi.note"
                                            ],
                                            "Recheck Cond": "(mi.info_type_id = 107)",
                                            "Rows Removed by Index Recheck": 0,
                                            "Exact Heap Blocks": 1315,
                                            "Lossy Heap Blocks": 0,
                                            "Workers": [
                                                {
                                                    "Worker Number": 0,
                                                    "Actual Startup Time": 10.633,
                                                    "Actual Total Time": 20.955,
                                                    "Actual Rows": 18197,
                                                    "Actual Loops": 1
                                                },
                                                {
                                                    "Worker Number": 1,
                                                    "Actual Startup Time": 10.517,
                                                    "Actual Total Time": 20.715,
                                                    "Actual Rows": 19426,
                                                    "Actual Loops": 1
                                                },
                                                {
                                                    "Worker Number": 2,
                                                    "Actual Startup Time": 10.728,
                                                    "Actual Total Time": 20.907,
                                                    "Actual Rows": 24704,
                                                    "Actual Loops": 1
                                                },
                                                {
                                                    "Worker Number": 3,
                                                    "Actual Startup Time": 10.58,
                                                    "Actual Total Time": 20.904,
                                                    "Actual Rows": 22324,
                                                    "Actual Loops": 1
                                                },
                                                {
                                                    "Worker Number": 4,
                                                    "Actual Startup Time": 10.572,
                                                    "Actual Total Time": 20.741,
                                                    "Actual Rows": 24774,
                                                    "Actual Loops": 1
                                                }
                                            ],
                                            "Plans": [
                                                {
                                                    "Node Type": "Bitmap Index Scan",
                                                    "Parent Relationship": "Outer",
                                                    "Parallel Aware": false,
                                                    "Index Name": "info_type_id_movie_info",
                                                    "Startup Cost": 0.0,
                                                    "Total Cost": 2422.85,
                                                    "Plan Rows": 135255,
                                                    "Plan Width": 0,
                                                    "Actual Startup Time": 9.906,
                                                    "Actual Total Time": 9.907,
                                                    "Actual Rows": 147487,
                                                    "Actual Loops": 1,
                                                    "Index Cond": "(mi.info_type_id = 107)"
                                                }
                                            ]
                                        },
                                        {
                                            "Node Type": "Hash",
                                            "Parent Relationship": "Inner",
                                            "Parallel Aware": true,
                                            "Startup Cost": 43899.01,
                                            "Total Cost": 43899.01,
                                            "Plan Rows": 3540,
                                            "Plan Width": 4,
                                            "Actual Startup Time": 73.993,
                                            "Actual Total Time": 73.994,
                                            "Actual Rows": 2342,
                                            "Actual Loops": 6,
                                            "Output": [
                                                "t.id"
                                            ],
                                            "Hash Buckets": 16384,
                                            "Original Hash Buckets": 16384,
                                            "Hash Batches": 1,
                                            "Original Hash Batches": 1,
                                            "Peak Memory Usage": 768,
                                            "Workers": [
                                                {
                                                    "Worker Number": 0,
                                                    "Actual Startup Time": 71.371,
                                                    "Actual Total Time": 71.371,
                                                    "Actual Rows": 1489,
                                                    "Actual Loops": 1
                                                },
                                                {
                                                    "Worker Number": 1,
                                                    "Actual Startup Time": 71.839,
                                                    "Actual Total Time": 71.84,
                                                    "Actual Rows": 1490,
                                                    "Actual Loops": 1
                                                },
                                                {
                                                    "Worker Number": 2,
                                                    "Actual Startup Time": 71.828,
                                                    "Actual Total Time": 71.829,
                                                    "Actual Rows": 2070,
                                                    "Actual Loops": 1
                                                },
                                                {
                                                    "Worker Number": 3,
                                                    "Actual Startup Time": 72.298,
                                                    "Actual Total Time": 72.299,
                                                    "Actual Rows": 1930,
                                                    "Actual Loops": 1
                                                },
                                                {
                                                    "Worker Number": 4,
                                                    "Actual Startup Time": 72.819,
                                                    "Actual Total Time": 72.82,
                                                    "Actual Rows": 2079,
                                                    "Actual Loops": 1
                                                }
                                            ],
                                            "Plans": [
                                                {
                                                    "Node Type": "Seq Scan",
                                                    "Parent Relationship": "Outer",
                                                    "Parallel Aware": true,
                                                    "Relation Name": "title",
                                                    "Schema": "public",
                                                    "Alias": "t",
                                                    "Startup Cost": 0.0,
                                                    "Total Cost": 43899.01,
                                                    "Plan Rows": 3540,
                                                    "Plan Width": 4,
                                                    "Actual Startup Time": 0.271,
                                                    "Actual Total Time": 72.529,
                                                    "Actual Rows": 2342,
                                                    "Actual Loops": 6,
                                                    "Output": [
                                                        "t.id"
                                                    ],
                                                    "Filter": "(t.production_year = 1975)",
                                                    "Rows Removed by Filter": 419043,
                                                    "Workers": [
                                                        {
                                                            "Worker Number": 0,
                                                            "Actual Startup Time": 0.4,
                                                            "Actual Total Time": 69.915,
                                                            "Actual Rows": 1489,
                                                            "Actual Loops": 1
                                                        },
                                                        {
                                                            "Worker Number": 1,
                                                            "Actual Startup Time": 0.122,
                                                            "Actual Total Time": 70.37,
                                                            "Actual Rows": 1490,
                                                            "Actual Loops": 1
                                                        },
                                                        {
                                                            "Worker Number": 2,
                                                            "Actual Startup Time": 0.684,
                                                            "Actual Total Time": 70.362,
                                                            "Actual Rows": 2070,
                                                            "Actual Loops": 1
                                                        },
                                                        {
                                                            "Worker Number": 3,
                                                            "Actual Startup Time": 0.209,
                                                            "Actual Total Time": 70.876,
                                                            "Actual Rows": 1930,
                                                            "Actual Loops": 1
                                                        },
                                                        {
                                                            "Worker Number": 4,
                                                            "Actual Startup Time": 0.111,
                                                            "Actual Total Time": 71.378,
                                                            "Actual Rows": 2079,
                                                            "Actual Loops": 1
                                                        }
                                                    ]
                                                }
                                            ]
                                        }
                                    ]
                                }
                            ]
                        }
                    ]
                }
            ]
        },
        "Planning Time": 185.501,
        "Triggers": [],
        "Execution Time": 115.919
    }
]