[
  {
    "Plan": {
      "Node Type": "Aggregate",
      "Strategy": "Plain",
      "Partial Mode": "Finalize",
      "Parallel Aware": false,
      "Startup Cost": 340059.29,
      "Total Cost": 340059.3,
      "Plan Rows": 1,
      "Plan Width": 8,
      "Actual Startup Time": 882.829,
      "Actual Total Time": 931.12,
      "Actual Rows": 1,
      "Actual Loops": 1,
      "Plans": [
        {
          "Node Type": "Gather",
          "Parent Relationship": "Outer",
          "Parallel Aware": false,
          "Startup Cost": 340058.66,
          "Total Cost": 340059.27,
          "Plan Rows": 6,
          "Plan Width": 8,
          "Actual Startup Time": 882.622,
          "Actual Total Time": 931.106,
          "Actual Rows": 7,
          "Actual Loops": 1,
          "Workers Planned": 6,
          "Workers Launched": 6,
          "Single Copy": false,
          "Plans": [
            {
              "Node Type": "Aggregate",
              "Strategy": "Plain",
              "Partial Mode": "Partial",
              "Parent Relationship": "Outer",
              "Parallel Aware": false,
              "Startup Cost": 339058.66,
              "Total Cost": 339058.67,
              "Plan Rows": 1,
              "Plan Width": 8,
              "Actual Startup Time": 872.182,
              "Actual Total Time": 872.184,
              "Actual Rows": 1,
              "Actual Loops": 7,
              "Plans": [
                {
                  "Node Type": "Seq Scan",
                  "Parent Relationship": "Outer",
                  "Parallel Aware": true,
                  "Relation Name": "cast_info",
                  "Alias": "ci",
                  "Startup Cost": 0.0,
                  "Total Cost": 328211.39,
                  "Plan Rows": 4338908,
                  "Plan Width": 0,
                  "Actual Startup Time": 0.067,
                  "Actual Total Time": 672.508,
                  "Actual Rows": 3733238,
                  "Actual Loops": 7,
                  "Filter": "(person_id < 2704776)",
                  "Rows Removed by Filter": 1444526
                }
              ]
            }
          ]
        }
      ]
    },
    "Planning Time": 0.197,
    "Triggers": [],
    "Execution Time": 931.19
  }
]