[
  {
    "Plan": {
      "Node Type": "Aggregate",
      "Strategy": "Plain",
      "Partial Mode": "Finalize",
      "Parallel Aware": false,
      "Startup Cost": 93024.07,
      "Total Cost": 93024.08,
      "Plan Rows": 1,
      "Plan Width": 8,
      "Actual Startup Time": 554.931,
      "Actual Total Time": 574.046,
      "Actual Rows": 1,
      "Actual Loops": 1,
      "Plans": [
        {
          "Node Type": "Gather",
          "Parent Relationship": "Outer",
          "Parallel Aware": false,
          "Startup Cost": 93023.75,
          "Total Cost": 93024.06,
          "Plan Rows": 3,
          "Plan Width": 8,
          "Actual Startup Time": 545.187,
          "Actual Total Time": 574.036,
          "Actual Rows": 4,
          "Actual Loops": 1,
          "Workers Planned": 3,
          "Workers Launched": 3,
          "Single Copy": false,
          "Plans": [
            {
              "Node Type": "Aggregate",
              "Strategy": "Plain",
              "Partial Mode": "Partial",
              "Parent Relationship": "Outer",
              "Parallel Aware": false,
              "Startup Cost": 92023.75,
              "Total Cost": 92023.76,
              "Plan Rows": 1,
              "Plan Width": 8,
              "Actual Startup Time": 530.423,
              "Actual Total Time": 530.426,
              "Actual Rows": 1,
              "Actual Loops": 4,
              "Plans": [
                {
                  "Node Type": "Hash Join",
                  "Parent Relationship": "Outer",
                  "Parallel Aware": true,
                  "Join Type": "Inner",
                  "Startup Cost": 64029.94,
                  "Total Cost": 91593.66,
                  "Plan Rows": 172035,
                  "Plan Width": 0,
                  "Actual Startup Time": 392.292,
                  "Actual Total Time": 522.98,
                  "Actual Rows": 129670,
                  "Actual Loops": 4,
                  "Inner Unique": true,
                  "Hash Cond": "(mk.movie_id = t.id)",
                  "Plans": [
                    {
                      "Node Type": "Bitmap Heap Scan",
                      "Parent Relationship": "Outer",
                      "Parallel Aware": true,
                      "Relation Name": "movie_keyword",
                      "Alias": "mk",
                      "Startup Cost": 13520.0,
                      "Total Cost": 40544.02,
                      "Plan Rows": 205601,
                      "Plan Width": 4,
                      "Actual Startup Time": 57.555,
                      "Actual Total Time": 124.992,
                      "Actual Rows": 162014,
                      "Actual Loops": 4,
                      "Recheck Cond": "(keyword_id < 500)",
                      "Rows Removed by Index Recheck": 0,
                      "Exact Heap Blocks": 7444,
                      "Lossy Heap Blocks": 0,
                      "Plans": [
                        {
                          "Node Type": "Bitmap Index Scan",
                          "Parent Relationship": "Outer",
                          "Parallel Aware": false,
                          "Index Name": "keyword_id_movie_keyword",
                          "Startup Cost": 0.0,
                          "Total Cost": 13360.66,
                          "Plan Rows": 637364,
                          "Plan Width": 0,
                          "Actual Startup Time": 51.603,
                          "Actual Total Time": 51.604,
                          "Actual Rows": 648054,
                          "Actual Loops": 1,
                          "Index Cond": "(keyword_id < 500)"
                        }
                      ]
                    },
                    {
                      "Node Type": "Hash",
                      "Parent Relationship": "Inner",
                      "Parallel Aware": true,
                      "Startup Cost": 43898.92,
                      "Total Cost": 43898.92,
                      "Plan Rows": 528882,
                      "Plan Width": 4,
                      "Actual Startup Time": 325.078,
                      "Actual Total Time": 325.079,
                      "Actual Rows": 526034,
                      "Actual Loops": 4,
                      "Hash Buckets": 4194304,
                      "Original Hash Buckets": 4194304,
                      "Hash Batches": 1,
                      "Original Hash Batches": 1,
                      "Peak Memory Usage": 115136,
                      "Plans": [
                        {
                          "Node Type": "Seq Scan",
                          "Parent Relationship": "Outer",
                          "Parallel Aware": true,
                          "Relation Name": "title",
                          "Alias": "t",
                          "Startup Cost": 0.0,
                          "Total Cost": 43898.92,
                          "Plan Rows": 528882,
                          "Plan Width": 4,
                          "Actual Startup Time": 0.041,
                          "Actual Total Time": 119.341,
                          "Actual Rows": 526034,
                          "Actual Loops": 4,
                          "Filter": "(production_year > 1968)",
                          "Rows Removed by Filter": 106044
                        }
                      ]
                    }
                  ]
                }
              ]
            }
          ]
        }
      ]
    },
    "Planning Time": 0.413,
    "Triggers": [],
    "Execution Time": 574.108
  }
]