[
  {
    "Plan": {
      "Node Type": "Aggregate",
      "Strategy": "Plain",
      "Partial Mode": "Finalize",
      "Parallel Aware": false,
      "Startup Cost": 364720.0,
      "Total Cost": 364720.01,
      "Plan Rows": 1,
      "Plan Width": 8,
      "Actual Startup Time": 576.637,
      "Actual Total Time": 597.809,
      "Actual Rows": 1,
      "Actual Loops": 1,
      "Plans": [
        {
          "Node Type": "Gather",
          "Parent Relationship": "Outer",
          "Parallel Aware": false,
          "Startup Cost": 364719.37,
          "Total Cost": 364719.98,
          "Plan Rows": 6,
          "Plan Width": 8,
          "Actual Startup Time": 565.158,
          "Actual Total Time": 597.795,
          "Actual Rows": 7,
          "Actual Loops": 1,
          "Workers Planned": 6,
          "Workers Launched": 6,
          "Single Copy": false,
          "Plans": [
            {
              "Node Type": "Aggregate",
              "Strategy": "Plain",
              "Partial Mode": "Partial",
              "Parent Relationship": "Outer",
              "Parallel Aware": false,
              "Startup Cost": 363719.37,
              "Total Cost": 363719.38,
              "Plan Rows": 1,
              "Plan Width": 8,
              "Actual Startup Time": 553.869,
              "Actual Total Time": 553.873,
              "Actual Rows": 1,
              "Actual Loops": 7,
              "Plans": [
                {
                  "Node Type": "Hash Join",
                  "Parent Relationship": "Outer",
                  "Parallel Aware": true,
                  "Join Type": "Inner",
                  "Startup Cost": 104259.94,
                  "Total Cost": 363277.38,
                  "Plan Rows": 176797,
                  "Plan Width": 0,
                  "Actual Startup Time": 318.398,
                  "Actual Total Time": 544.602,
                  "Actual Rows": 165352,
                  "Actual Loops": 7,
                  "Inner Unique": true,
                  "Hash Cond": "(ci.movie_id = t.id)",
                  "Plans": [
                    {
                      "Node Type": "Bitmap Heap Scan",
                      "Parent Relationship": "Outer",
                      "Parallel Aware": true,
                      "Relation Name": "cast_info",
                      "Alias": "ci",
                      "Startup Cost": 55442.75,
                      "Total Cost": 313361.52,
                      "Plan Rows": 418542,
                      "Plan Width": 4,
                      "Actual Startup Time": 141.059,
                      "Actual Total Time": 222.826,
                      "Actual Rows": 372899,
                      "Actual Loops": 7,
                      "Recheck Cond": "(person_id < 250937)",
                      "Rows Removed by Index Recheck": 0,
                      "Exact Heap Blocks": 3755,
                      "Lossy Heap Blocks": 0,
                      "Plans": [
                        {
                          "Node Type": "Bitmap Index Scan",
                          "Parent Relationship": "Outer",
                          "Parallel Aware": false,
                          "Index Name": "person_id_cast_info",
                          "Startup Cost": 0.0,
                          "Total Cost": 54814.94,
                          "Plan Rows": 2511250,
                          "Plan Width": 0,
                          "Actual Startup Time": 134.453,
                          "Actual Total Time": 134.453,
                          "Actual Rows": 2610290,
                          "Actual Loops": 1,
                          "Index Cond": "(person_id < 250937)"
                        }
                      ]
                    },
                    {
                      "Node Type": "Hash",
                      "Parent Relationship": "Inner",
                      "Parallel Aware": true,
                      "Startup Cost": 45479.59,
                      "Total Cost": 45479.59,
                      "Plan Rows": 267008,
                      "Plan Width": 4,
                      "Actual Startup Time": 173.682,
                      "Actual Total Time": 173.683,
                      "Actual Rows": 165298,
                      "Actual Loops": 7,
                      "Hash Buckets": 2097152,
                      "Original Hash Buckets": 2097152,
                      "Hash Batches": 1,
                      "Original Hash Batches": 1,
                      "Peak Memory Usage": 61760,
                      "Plans": [
                        {
                          "Node Type": "Seq Scan",
                          "Parent Relationship": "Outer",
                          "Parallel Aware": true,
                          "Relation Name": "title",
                          "Alias": "t",
                          "Startup Cost": 0.0,
                          "Total Cost": 45479.59,
                          "Plan Rows": 267008,
                          "Plan Width": 4,
                          "Actual Startup Time": 0.059,
                          "Actual Total Time": 84.922,
                          "Actual Rows": 165298,
                          "Actual Loops": 7,
                          "Filter": "((kind_id > 4) AND (production_year > 1991))",
                          "Rows Removed by Filter": 195890
                        }
                      ]
                    }
                  ]
                }
              ]
            }
          ]
        }
      ]
    },
    "Planning Time": 0.318,
    "Triggers": [],
    "Execution Time": 597.869
  }
]