[
  {
    "Plan": {
      "Node Type": "Aggregate",
      "Strategy": "Plain",
      "Partial Mode": "Finalize",
      "Parallel Aware": false,
      "Startup Cost": 366068.56,
      "Total Cost": 366068.57,
      "Plan Rows": 1,
      "Plan Width": 8,
      "Actual Startup Time": 603.951,
      "Actual Total Time": 624.489,
      "Actual Rows": 1,
      "Actual Loops": 1,
      "Plans": [
        {
          "Node Type": "Gather",
          "Parent Relationship": "Outer",
          "Parallel Aware": false,
          "Startup Cost": 366067.93,
          "Total Cost": 366068.54,
          "Plan Rows": 6,
          "Plan Width": 8,
          "Actual Startup Time": 590.421,
          "Actual Total Time": 624.473,
          "Actual Rows": 7,
          "Actual Loops": 1,
          "Workers Planned": 6,
          "Workers Launched": 6,
          "Single Copy": false,
          "Plans": [
            {
              "Node Type": "Aggregate",
              "Strategy": "Plain",
              "Partial Mode": "Partial",
              "Parent Relationship": "Outer",
              "Parallel Aware": false,
              "Startup Cost": 365067.93,
              "Total Cost": 365067.94,
              "Plan Rows": 1,
              "Plan Width": 8,
              "Actual Startup Time": 574.839,
              "Actual Total Time": 574.845,
              "Actual Rows": 1,
              "Actual Loops": 7,
              "Plans": [
                {
                  "Node Type": "Hash Join",
                  "Parent Relationship": "Outer",
                  "Parallel Aware": true,
                  "Join Type": "Inner",
                  "Startup Cost": 105464.4,
                  "Total Cost": 364619.23,
                  "Plan Rows": 179482,
                  "Plan Width": 0,
                  "Actual Startup Time": 340.946,
                  "Actual Total Time": 564.986,
                  "Actual Rows": 165352,
                  "Actual Loops": 7,
                  "Inner Unique": true,
                  "Hash Cond": "(ci.movie_id = t.id)",
                  "Plans": [
                    {
                      "Node Type": "Bitmap Heap Scan",
                      "Parent Relationship": "Outer",
                      "Parallel Aware": true,
                      "Relation Name": "cast_info",
                      "Alias": "ci",
                      "Startup Cost": 56669.14,
                      "Total Cost": 314701.45,
                      "Plan Rows": 427625,
                      "Plan Width": 4,
                      "Actual Startup Time": 150.939,
                      "Actual Total Time": 229.954,
                      "Actual Rows": 372899,
                      "Actual Loops": 7,
                      "Recheck Cond": "(person_id < 250937)",
                      "Rows Removed by Index Recheck": 0,
                      "Exact Heap Blocks": 4053,
                      "Lossy Heap Blocks": 0,
                      "Plans": [
                        {
                          "Node Type": "Bitmap Index Scan",
                          "Parent Relationship": "Outer",
                          "Parallel Aware": false,
                          "Index Name": "person_id_cast_info",
                          "Startup Cost": 0.0,
                          "Total Cost": 56027.7,
                          "Plan Rows": 2565751,
                          "Plan Width": 0,
                          "Actual Startup Time": 144.224,
                          "Actual Total Time": 144.225,
                          "Actual Rows": 2610290,
                          "Actual Loops": 1,
                          "Index Cond": "(person_id < 250937)"
                        }
                      ]
                    },
                    {
                      "Node Type": "Hash",
                      "Parent Relationship": "Inner",
                      "Parallel Aware": true,
                      "Startup Cost": 45479.1,
                      "Total Cost": 45479.1,
                      "Plan Rows": 265293,
                      "Plan Width": 4,
                      "Actual Startup Time": 185.106,
                      "Actual Total Time": 185.108,
                      "Actual Rows": 165298,
                      "Actual Loops": 7,
                      "Hash Buckets": 2097152,
                      "Original Hash Buckets": 2097152,
                      "Hash Batches": 1,
                      "Original Hash Batches": 1,
                      "Peak Memory Usage": 61760,
                      "Plans": [
                        {
                          "Node Type": "Seq Scan",
                          "Parent Relationship": "Outer",
                          "Parallel Aware": true,
                          "Relation Name": "title",
                          "Alias": "t",
                          "Startup Cost": 0.0,
                          "Total Cost": 45479.1,
                          "Plan Rows": 265293,
                          "Plan Width": 4,
                          "Actual Startup Time": 0.039,
                          "Actual Total Time": 87.538,
                          "Actual Rows": 165298,
                          "Actual Loops": 7,
                          "Filter": "((kind_id > 4) AND (production_year > 1991))",
                          "Rows Removed by Filter": 195890
                        }
                      ]
                    }
                  ]
                }
              ]
            }
          ]
        }
      ]
    },
    "Planning Time": 0.63,
    "Triggers": [],
    "Execution Time": 624.585
  }
]