[
  {
    "Plan": {
      "Node Type": "Aggregate",
      "Strategy": "Plain",
      "Partial Mode": "Finalize",
      "Parallel Aware": false,
      "Startup Cost": 104789.11,
      "Total Cost": 104789.12,
      "Plan Rows": 1,
      "Plan Width": 8,
      "Actual Startup Time": 518.116,
      "Actual Total Time": 536.533,
      "Actual Rows": 1,
      "Actual Loops": 1,
      "Plans": [
        {
          "Node Type": "Gather",
          "Parent Relationship": "Outer",
          "Parallel Aware": false,
          "Startup Cost": 104788.89,
          "Total Cost": 104789.1,
          "Plan Rows": 2,
          "Plan Width": 8,
          "Actual Startup Time": 511.997,
          "Actual Total Time": 536.524,
          "Actual Rows": 3,
          "Actual Loops": 1,
          "Workers Planned": 2,
          "Workers Launched": 2,
          "Single Copy": false,
          "Plans": [
            {
              "Node Type": "Aggregate",
              "Strategy": "Plain",
              "Partial Mode": "Partial",
              "Parent Relationship": "Outer",
              "Parallel Aware": false,
              "Startup Cost": 103788.89,
              "Total Cost": 103788.9,
              "Plan Rows": 1,
              "Plan Width": 8,
              "Actual Startup Time": 505.734,
              "Actual Total Time": 505.74,
              "Actual Rows": 1,
              "Actual Loops": 3,
              "Plans": [
                {
                  "Node Type": "Hash Join",
                  "Parent Relationship": "Outer",
                  "Parallel Aware": true,
                  "Join Type": "Inner",
                  "Startup Cost": 86964.48,
                  "Total Cost": 103676.68,
                  "Plan Rows": 44885,
                  "Plan Width": 0,
                  "Actual Startup Time": 437.055,
                  "Actual Total Time": 504.549,
                  "Actual Rows": 25397,
                  "Actual Loops": 3,
                  "Inner Unique": false,
                  "Hash Cond": "(mi_idx.movie_id = t.id)",
                  "Plans": [
                    {
                      "Node Type": "Seq Scan",
                      "Parent Relationship": "Outer",
                      "Parallel Aware": true,
                      "Relation Name": "movie_info_idx",
                      "Alias": "mi_idx",
                      "Startup Cost": 0.0,
                      "Total Cost": 15122.68,
                      "Plan Rows": 385260,
                      "Plan Width": 4,
                      "Actual Startup Time": 0.018,
                      "Actual Total Time": 46.305,
                      "Actual Rows": 306703,
                      "Actual Loops": 3,
                      "Filter": "(info_type_id > 99)",
                      "Rows Removed by Filter": 153308
                    },
                    {
                      "Node Type": "Hash",
                      "Parent Relationship": "Inner",
                      "Parallel Aware": true,
                      "Startup Cost": 85776.67,
                      "Total Cost": 85776.67,
                      "Plan Rows": 95025,
                      "Plan Width": 8,
                      "Actual Startup Time": 425.905,
                      "Actual Total Time": 425.909,
                      "Actual Rows": 19402,
                      "Actual Loops": 3,
                      "Hash Buckets": 524288,
                      "Original Hash Buckets": 524288,
                      "Hash Batches": 1,
                      "Original Hash Batches": 1,
                      "Peak Memory Usage": 6432,
                      "Plans": [
                        {
                          "Node Type": "Hash Join",
                          "Parent Relationship": "Outer",
                          "Parallel Aware": true,
                          "Join Type": "Inner",
                          "Startup Cost": 58965.86,
                          "Total Cost": 85776.67,
                          "Plan Rows": 95025,
                          "Plan Width": 8,
                          "Actual Startup Time": 323.346,
                          "Actual Total Time": 419.746,
                          "Actual Rows": 19402,
                          "Actual Loops": 3,
                          "Inner Unique": true,
                          "Hash Cond": "(mk.movie_id = t.id)",
                          "Plans": [
                            {
                              "Node Type": "Bitmap Heap Scan",
                              "Parent Relationship": "Outer",
                              "Parallel Aware": true,
                              "Relation Name": "movie_keyword",
                              "Alias": "mk",
                              "Startup Cost": 10248.05,
                              "Total Cost": 36649.83,
                              "Plan Rows": 155822,
                              "Plan Width": 4,
                              "Actual Startup Time": 28.336,
                              "Actual Total Time": 87.218,
                              "Actual Rows": 159973,
                              "Actual Loops": 3,
                              "Recheck Cond": "(keyword_id > 37279)",
                              "Rows Removed by Index Recheck": 0,
                              "Exact Heap Blocks": 9171,
                              "Lossy Heap Blocks": 0,
                              "Plans": [
                                {
                                  "Node Type": "Bitmap Index Scan",
                                  "Parent Relationship": "Outer",
                                  "Parallel Aware": false,
                                  "Index Name": "keyword_id_movie_keyword",
                                  "Startup Cost": 0.0,
                                  "Total Cost": 10127.29,
                                  "Plan Rows": 483048,
                                  "Plan Width": 0,
                                  "Actual Startup Time": 25.083,
                                  "Actual Total Time": 25.084,
                                  "Actual Rows": 479920,
                                  "Actual Loops": 1,
                                  "Index Cond": "(keyword_id > 37279)"
                                }
                              ]
                            },
                            {
                              "Node Type": "Hash",
                              "Parent Relationship": "Inner",
                              "Parallel Aware": true,
                              "Startup Cost": 43899.32,
                              "Total Cost": 43899.32,
                              "Plan Rows": 385479,
                              "Plan Width": 4,
                              "Actual Startup Time": 290.469,
                              "Actual Total Time": 290.47,
                              "Actual Rows": 514421,
                              "Actual Loops": 3,
                              "Hash Buckets": 2097152,
                              "Original Hash Buckets": 2097152,
                              "Hash Batches": 1,
                              "Original Hash Batches": 1,
                              "Peak Memory Usage": 76800,
                              "Plans": [
                                {
                                  "Node Type": "Seq Scan",
                                  "Parent Relationship": "Outer",
                                  "Parallel Aware": true,
                                  "Relation Name": "title",
                                  "Alias": "t",
                                  "Startup Cost": 0.0,
                                  "Total Cost": 43899.32,
                                  "Plan Rows": 385479,
                                  "Plan Width": 4,
                                  "Actual Startup Time": 0.032,
                                  "Actual Total Time": 121.886,
                                  "Actual Rows": 514421,
                                  "Actual Loops": 3,
                                  "Filter": "(kind_id = 7)",
                                  "Rows Removed by Filter": 328349
                                }
                              ]
                            }
                          ]
                        }
                      ]
                    }
                  ]
                }
              ]
            }
          ]
        }
      ]
    },
    "Planning Time": 0.432,
    "Triggers": [],
    "Execution Time": 536.587
  }
]