[
    {
        "Bao": {
            "Bao prediction": 481.726,
            "Bao recommended hint": "SET enable_mergejoin TO off; SET enable_indexscan TO off; "
        }
    },
    {
        "Plan": {
            "Node Type": "Aggregate",
            "Strategy": "Plain",
            "Partial Mode": "Finalize",
            "Parallel Aware": false,
            "Startup Cost": 348439.6,
            "Total Cost": 348439.61,
            "Plan Rows": 1,
            "Plan Width": 8,
            "Actual Startup Time": 891.821,
            "Actual Total Time": 922.977,
            "Actual Rows": 1,
            "Actual Loops": 1,
            "Output": [
                "count(*)"
            ],
            "Plans": [
                {
                    "Node Type": "Gather",
                    "Parent Relationship": "Outer",
                    "Parallel Aware": false,
                    "Startup Cost": 348438.97,
                    "Total Cost": 348439.58,
                    "Plan Rows": 6,
                    "Plan Width": 8,
                    "Actual Startup Time": 891.722,
                    "Actual Total Time": 922.967,
                    "Actual Rows": 7,
                    "Actual Loops": 1,
                    "Output": [
                        "(PARTIAL count(*))"
                    ],
                    "Workers Planned": 6,
                    "Workers Launched": 6,
                    "Single Copy": false,
                    "Plans": [
                        {
                            "Node Type": "Aggregate",
                            "Strategy": "Plain",
                            "Partial Mode": "Partial",
                            "Parent Relationship": "Outer",
                            "Parallel Aware": false,
                            "Startup Cost": 347438.97,
                            "Total Cost": 347438.98,
                            "Plan Rows": 1,
                            "Plan Width": 8,
                            "Actual Startup Time": 882.58,
                            "Actual Total Time": 882.581,
                            "Actual Rows": 1,
                            "Actual Loops": 7,
                            "Output": [
                                "PARTIAL count(*)"
                            ],
                            "Workers": [
                                {
                                    "Worker Number": 0,
                                    "Actual Startup Time": 880.517,
                                    "Actual Total Time": 880.518,
                                    "Actual Rows": 1,
                                    "Actual Loops": 1
                                },
                                {
                                    "Worker Number": 1,
                                    "Actual Startup Time": 880.859,
                                    "Actual Total Time": 880.861,
                                    "Actual Rows": 1,
                                    "Actual Loops": 1
                                },
                                {
                                    "Worker Number": 2,
                                    "Actual Startup Time": 880.808,
                                    "Actual Total Time": 880.809,
                                    "Actual Rows": 1,
                                    "Actual Loops": 1
                                },
                                {
                                    "Worker Number": 3,
                                    "Actual Startup Time": 881.601,
                                    "Actual Total Time": 881.602,
                                    "Actual Rows": 1,
                                    "Actual Loops": 1
                                },
                                {
                                    "Worker Number": 4,
                                    "Actual Startup Time": 881.614,
                                    "Actual Total Time": 881.615,
                                    "Actual Rows": 1,
                                    "Actual Loops": 1
                                },
                                {
                                    "Worker Number": 5,
                                    "Actual Startup Time": 881.704,
                                    "Actual Total Time": 881.706,
                                    "Actual Rows": 1,
                                    "Actual Loops": 1
                                }
                            ],
                            "Plans": [
                                {
                                    "Node Type": "Seq Scan",
                                    "Parent Relationship": "Outer",
                                    "Parallel Aware": true,
                                    "Relation Name": "cast_info",
                                    "Schema": "public",
                                    "Alias": "ci",
                                    "Startup Cost": 0.0,
                                    "Total Cost": 343318.94,
                                    "Plan Rows": 1648013,
                                    "Plan Width": 0,
                                    "Actual Startup Time": 540.44,
                                    "Actual Total Time": 824.721,
                                    "Actual Rows": 864421,
                                    "Actual Loops": 7,
                                    "Output": [
                                        "id",
                                        "person_id",
                                        "movie_id",
                                        "person_role_id",
                                        "note",
                                        "nr_order",
                                        "role_id"
                                    ],
                                    "Filter": "((ci.person_id < 3017340) AND (ci.role_id > 3))",
                                    "Rows Removed by Filter": 4313342,
                                    "Workers": [
                                        {
                                            "Worker Number": 0,
                                            "Actual Startup Time": 538.379,
                                            "Actual Total Time": 823.455,
                                            "Actual Rows": 846089,
                                            "Actual Loops": 1
                                        },
                                        {
                                            "Worker Number": 1,
                                            "Actual Startup Time": 538.708,
                                            "Actual Total Time": 825.036,
                                            "Actual Rows": 829417,
                                            "Actual Loops": 1
                                        },
                                        {
                                            "Worker Number": 2,
                                            "Actual Startup Time": 538.676,
                                            "Actual Total Time": 825.025,
                                            "Actual Rows": 829639,
                                            "Actual Loops": 1
                                        },
                                        {
                                            "Worker Number": 3,
                                            "Actual Startup Time": 539.463,
                                            "Actual Total Time": 824.532,
                                            "Actual Rows": 847547,
                                            "Actual Loops": 1
                                        },
                                        {
                                            "Worker Number": 4,
                                            "Actual Startup Time": 539.458,
                                            "Actual Total Time": 825.124,
                                            "Actual Rows": 825659,
                                            "Actual Loops": 1
                                        },
                                        {
                                            "Worker Number": 5,
                                            "Actual Startup Time": 539.581,
                                            "Actual Total Time": 825.275,
                                            "Actual Rows": 838373,
                                            "Actual Loops": 1
                                        }
                                    ]
                                }
                            ]
                        }
                    ]
                }
            ]
        },
        "Planning Time": 1315.513,
        "Triggers": [],
        "Execution Time": 923.066
    }
]