[
  {
    "Plan": {
      "Node Type": "Aggregate",
      "Strategy": "Plain",
      "Partial Mode": "Finalize",
      "Parallel Aware": false,
      "Startup Cost": 220348.62,
      "Total Cost": 220348.63,
      "Plan Rows": 1,
      "Plan Width": 8,
      "Actual Startup Time": 256.287,
      "Actual Total Time": 268.791,
      "Actual Rows": 1,
      "Actual Loops": 1,
      "Plans": [
        {
          "Node Type": "Gather",
          "Parent Relationship": "Outer",
          "Parallel Aware": false,
          "Startup Cost": 220348.09,
          "Total Cost": 220348.6,
          "Plan Rows": 5,
          "Plan Width": 8,
          "Actual Startup Time": 249.769,
          "Actual Total Time": 268.778,
          "Actual Rows": 6,
          "Actual Loops": 1,
          "Workers Planned": 5,
          "Workers Launched": 5,
          "Single Copy": false,
          "Plans": [
            {
              "Node Type": "Aggregate",
              "Strategy": "Plain",
              "Partial Mode": "Partial",
              "Parent Relationship": "Outer",
              "Parallel Aware": false,
              "Startup Cost": 219348.09,
              "Total Cost": 219348.1,
              "Plan Rows": 1,
              "Plan Width": 8,
              "Actual Startup Time": 240.372,
              "Actual Total Time": 240.376,
              "Actual Rows": 1,
              "Actual Loops": 6,
              "Plans": [
                {
                  "Node Type": "Hash Join",
                  "Parent Relationship": "Outer",
                  "Parallel Aware": true,
                  "Join Type": "Inner",
                  "Startup Cost": 55661.72,
                  "Total Cost": 219278.04,
                  "Plan Rows": 28023,
                  "Plan Width": 0,
                  "Actual Startup Time": 178.112,
                  "Actual Total Time": 235.049,
                  "Actual Rows": 78450,
                  "Actual Loops": 6,
                  "Inner Unique": true,
                  "Hash Cond": "(mi.movie_id = t.id)",
                  "Plans": [
                    {
                      "Node Type": "Bitmap Heap Scan",
                      "Parent Relationship": "Outer",
                      "Parallel Aware": true,
                      "Relation Name": "movie_info",
                      "Alias": "mi",
                      "Startup Cost": 9699.36,
                      "Total Cost": 173033.94,
                      "Plan Rows": 107327,
                      "Plan Width": 4,
                      "Actual Startup Time": 21.23,
                      "Actual Total Time": 43.91,
                      "Actual Rows": 90561,
                      "Actual Loops": 6,
                      "Recheck Cond": "(info_type_id > 98)",
                      "Rows Removed by Index Recheck": 0,
                      "Exact Heap Blocks": 1139,
                      "Lossy Heap Blocks": 0,
                      "Plans": [
                        {
                          "Node Type": "Bitmap Index Scan",
                          "Parent Relationship": "Outer",
                          "Parallel Aware": false,
                          "Index Name": "info_type_id_movie_info",
                          "Startup Cost": 0.0,
                          "Total Cost": 9565.2,
                          "Plan Rows": 536635,
                          "Plan Width": 0,
                          "Actual Startup Time": 20.251,
                          "Actual Total Time": 20.252,
                          "Actual Rows": 543367,
                          "Actual Loops": 1,
                          "Index Cond": "(info_type_id > 98)"
                        }
                      ]
                    },
                    {
                      "Node Type": "Hash",
                      "Parent Relationship": "Inner",
                      "Parallel Aware": true,
                      "Startup Cost": 43899.32,
                      "Total Cost": 43899.32,
                      "Plan Rows": 165043,
                      "Plan Width": 4,
                      "Actual Startup Time": 153.288,
                      "Actual Total Time": 153.289,
                      "Actual Rows": 110471,
                      "Actual Loops": 6,
                      "Hash Buckets": 1048576,
                      "Original Hash Buckets": 1048576,
                      "Hash Batches": 1,
                      "Original Hash Batches": 1,
                      "Peak Memory Usage": 34240,
                      "Plans": [
                        {
                          "Node Type": "Seq Scan",
                          "Parent Relationship": "Outer",
                          "Parallel Aware": true,
                          "Relation Name": "title",
                          "Alias": "t",
                          "Startup Cost": 0.0,
                          "Total Cost": 43899.32,
                          "Plan Rows": 165043,
                          "Plan Width": 4,
                          "Actual Startup Time": 45.431,
                          "Actual Total Time": 95.546,
                          "Actual Rows": 110471,
                          "Actual Loops": 6,
                          "Filter": "(kind_id = 1)",
                          "Rows Removed by Filter": 310914
                        }
                      ]
                    }
                  ]
                }
              ]
            }
          ]
        }
      ]
    },
    "Planning Time": 0.717,
    "Triggers": [],
    "Execution Time": 268.891
  }
]