[
  {
    "Plan": {
      "Node Type": "Aggregate",
      "Strategy": "Plain",
      "Partial Mode": "Finalize",
      "Parallel Aware": false,
      "Startup Cost": 334844.37,
      "Total Cost": 334844.38,
      "Plan Rows": 1,
      "Plan Width": 8,
      "Actual Startup Time": 638.422,
      "Actual Total Time": 694.411,
      "Actual Rows": 1,
      "Actual Loops": 1,
      "Plans": [
        {
          "Node Type": "Gather",
          "Parent Relationship": "Outer",
          "Parallel Aware": false,
          "Startup Cost": 334843.74,
          "Total Cost": 334844.35,
          "Plan Rows": 6,
          "Plan Width": 8,
          "Actual Startup Time": 638.292,
          "Actual Total Time": 694.4,
          "Actual Rows": 7,
          "Actual Loops": 1,
          "Workers Planned": 6,
          "Workers Launched": 6,
          "Single Copy": false,
          "Plans": [
            {
              "Node Type": "Aggregate",
              "Strategy": "Plain",
              "Partial Mode": "Partial",
              "Parent Relationship": "Outer",
              "Parallel Aware": false,
              "Startup Cost": 333843.74,
              "Total Cost": 333843.76,
              "Plan Rows": 1,
              "Plan Width": 8,
              "Actual Startup Time": 629.845,
              "Actual Total Time": 629.846,
              "Actual Rows": 1,
              "Actual Loops": 7,
              "Plans": [
                {
                  "Node Type": "Seq Scan",
                  "Parent Relationship": "Outer",
                  "Parallel Aware": true,
                  "Relation Name": "cast_info",
                  "Alias": "ci",
                  "Startup Cost": 0.0,
                  "Total Cost": 328162.03,
                  "Plan Rows": 2272688,
                  "Plan Width": 0,
                  "Actual Startup Time": 240.991,
                  "Actual Total Time": 549.267,
                  "Actual Rows": 1944019,
                  "Actual Loops": 7,
                  "Filter": "(person_id > 2309972)",
                  "Rows Removed by Filter": 3233744
                }
              ]
            }
          ]
        }
      ]
    },
    "Planning Time": 0.195,
    "Triggers": [],
    "Execution Time": 694.579
  }
]