[
  {
    "Plan": {
      "Node Type": "Aggregate",
      "Strategy": "Plain",
      "Partial Mode": "Finalize",
      "Parallel Aware": false,
      "Startup Cost": 427648.73,
      "Total Cost": 427648.74,
      "Plan Rows": 1,
      "Plan Width": 8,
      "Actual Startup Time": 1517.259,
      "Actual Total Time": 1579.274,
      "Actual Rows": 1,
      "Actual Loops": 1,
      "Plans": [
        {
          "Node Type": "Gather",
          "Parent Relationship": "Outer",
          "Parallel Aware": false,
          "Startup Cost": 427648.1,
          "Total Cost": 427648.71,
          "Plan Rows": 6,
          "Plan Width": 8,
          "Actual Startup Time": 1506.924,
          "Actual Total Time": 1579.263,
          "Actual Rows": 7,
          "Actual Loops": 1,
          "Workers Planned": 6,
          "Workers Launched": 6,
          "Single Copy": false,
          "Plans": [
            {
              "Node Type": "Aggregate",
              "Strategy": "Plain",
              "Partial Mode": "Partial",
              "Parent Relationship": "Outer",
              "Parallel Aware": false,
              "Startup Cost": 426648.1,
              "Total Cost": 426648.11,
              "Plan Rows": 1,
              "Plan Width": 8,
              "Actual Startup Time": 1495.335,
              "Actual Total Time": 1495.587,
              "Actual Rows": 1,
              "Actual Loops": 7,
              "Plans": [
                {
                  "Node Type": "Hash Join",
                  "Parent Relationship": "Outer",
                  "Parallel Aware": true,
                  "Join Type": "Inner",
                  "Startup Cost": 67781.92,
                  "Total Cost": 424990.68,
                  "Plan Rows": 662970,
                  "Plan Width": 0,
                  "Actual Startup Time": 441.557,
                  "Actual Total Time": 1445.571,
                  "Actual Rows": 1123607,
                  "Actual Loops": 7,
                  "Inner Unique": false,
                  "Hash Cond": "(ci.movie_id = t.id)",
                  "Plans": [
                    {
                      "Node Type": "Seq Scan",
                      "Parent Relationship": "Outer",
                      "Parallel Aware": true,
                      "Relation Name": "cast_info",
                      "Alias": "ci",
                      "Startup Cost": 0.0,
                      "Total Cost": 343257.03,
                      "Plan Rows": 2983827,
                      "Plan Width": 4,
                      "Actual Startup Time": 149.116,
                      "Actual Total Time": 640.361,
                      "Actual Rows": 2353258,
                      "Actual Loops": 7,
                      "Filter": "((person_id > 1350079) AND (role_id < 8))",
                      "Rows Removed by Filter": 2824505
                    },
                    {
                      "Node Type": "Hash",
                      "Parent Relationship": "Inner",
                      "Parallel Aware": true,
                      "Startup Cost": 64856.1,
                      "Total Cost": 64856.1,
                      "Plan Rows": 234065,
                      "Plan Width": 8,
                      "Actual Startup Time": 288.896,
                      "Actual Total Time": 289.147,
                      "Actual Rows": 96235,
                      "Actual Loops": 7,
                      "Hash Buckets": 1048576,
                      "Original Hash Buckets": 1048576,
                      "Hash Batches": 1,
                      "Original Hash Batches": 1,
                      "Peak Memory Usage": 34656,
                      "Plans": [
                        {
                          "Node Type": "Hash Join",
                          "Parent Relationship": "Outer",
                          "Parallel Aware": true,
                          "Join Type": "Inner",
                          "Startup Cost": 48728.2,
                          "Total Cost": 64856.1,
                          "Plan Rows": 234065,
                          "Plan Width": 8,
                          "Actual Startup Time": 191.397,
                          "Actual Total Time": 255.345,
                          "Actual Rows": 96235,
                          "Actual Loops": 7,
                          "Inner Unique": true,
                          "Hash Cond": "(mi_idx.movie_id = t.id)",
                          "Plans": [
                            {
                              "Node Type": "Seq Scan",
                              "Parent Relationship": "Outer",
                              "Parallel Aware": true,
                              "Relation Name": "movie_info_idx",
                              "Alias": "mi_idx",
                              "Startup Cost": 0.0,
                              "Total Cost": 15122.68,
                              "Plan Rows": 382940,
                              "Plan Width": 4,
                              "Actual Startup Time": 0.034,
                              "Actual Total Time": 23.683,
                              "Actual Rows": 131407,
                              "Actual Loops": 7,
                              "Filter": "(info_type_id < 101)",
                              "Rows Removed by Filter": 65741
                            },
                            {
                              "Node Type": "Hash",
                              "Parent Relationship": "Inner",
                              "Parallel Aware": true,
                              "Startup Cost": 43898.92,
                              "Total Cost": 43898.92,
                              "Plan Rows": 386343,
                              "Plan Width": 4,
                              "Actual Startup Time": 188.773,
                              "Actual Total Time": 188.775,
                              "Actual Rows": 221675,
                              "Actual Loops": 7,
                              "Hash Buckets": 2097152,
                              "Original Hash Buckets": 2097152,
                              "Hash Batches": 1,
                              "Original Hash Batches": 1,
                              "Peak Memory Usage": 77216,
                              "Plans": [
                                {
                                  "Node Type": "Seq Scan",
                                  "Parent Relationship": "Outer",
                                  "Parallel Aware": true,
                                  "Relation Name": "title",
                                  "Alias": "t",
                                  "Startup Cost": 0.0,
                                  "Total Cost": 43898.92,
                                  "Plan Rows": 386343,
                                  "Plan Width": 4,
                                  "Actual Startup Time": 0.048,
                                  "Actual Total Time": 78.363,
                                  "Actual Rows": 221675,
                                  "Actual Loops": 7,
                                  "Filter": "(production_year < 2007)",
                                  "Rows Removed by Filter": 139512
                                }
                              ]
                            }
                          ]
                        }
                      ]
                    }
                  ]
                }
              ]
            }
          ]
        }
      ]
    },
    "Planning Time": 1.312,
    "Triggers": [],
    "Execution Time": 1579.369
  }
]