[
  {
    "Plan": {
      "Node Type": "Aggregate",
      "Strategy": "Plain",
      "Partial Mode": "Finalize",
      "Parallel Aware": false,
      "Startup Cost": 80075.51,
      "Total Cost": 80075.52,
      "Plan Rows": 1,
      "Plan Width": 8,
      "Actual Startup Time": 203.524,
      "Actual Total Time": 218.0,
      "Actual Rows": 1,
      "Actual Loops": 1,
      "Plans": [
        {
          "Node Type": "Gather",
          "Parent Relationship": "Outer",
          "Parallel Aware": false,
          "Startup Cost": 80075.19,
          "Total Cost": 80075.5,
          "Plan Rows": 3,
          "Plan Width": 8,
          "Actual Startup Time": 201.944,
          "Actual Total Time": 217.992,
          "Actual Rows": 4,
          "Actual Loops": 1,
          "Workers Planned": 3,
          "Workers Launched": 3,
          "Single Copy": false,
          "Plans": [
            {
              "Node Type": "Aggregate",
              "Strategy": "Plain",
              "Partial Mode": "Partial",
              "Parent Relationship": "Outer",
              "Parallel Aware": false,
              "Startup Cost": 79075.19,
              "Total Cost": 79075.2,
              "Plan Rows": 1,
              "Plan Width": 8,
              "Actual Startup Time": 194.679,
              "Actual Total Time": 194.682,
              "Actual Rows": 1,
              "Actual Loops": 4,
              "Plans": [
                {
                  "Node Type": "Hash Join",
                  "Parent Relationship": "Outer",
                  "Parallel Aware": true,
                  "Join Type": "Inner",
                  "Startup Cost": 47269.47,
                  "Total Cost": 79005.8,
                  "Plan Rows": 27755,
                  "Plan Width": 0,
                  "Actual Startup Time": 146.287,
                  "Actual Total Time": 194.208,
                  "Actual Rows": 10452,
                  "Actual Loops": 4,
                  "Inner Unique": true,
                  "Hash Cond": "(mc.movie_id = t.id)",
                  "Plans": [
                    {
                      "Node Type": "Seq Scan",
                      "Parent Relationship": "Outer",
                      "Parallel Aware": true,
                      "Relation Name": "movie_companies",
                      "Alias": "mc",
                      "Startup Cost": 0.0,
                      "Total Cost": 31414.82,
                      "Plan Rows": 122481,
                      "Plan Width": 4,
                      "Actual Startup Time": 11.701,
                      "Actual Total Time": 52.875,
                      "Actual Rows": 16640,
                      "Actual Loops": 4,
                      "Filter": "((company_id > 32044) AND (company_type_id < 2))",
                      "Rows Removed by Filter": 635642
                    },
                    {
                      "Node Type": "Hash",
                      "Parent Relationship": "Inner",
                      "Parallel Aware": true,
                      "Startup Cost": 45479.1,
                      "Total Cost": 45479.1,
                      "Plan Rows": 143230,
                      "Plan Width": 4,
                      "Actual Startup Time": 130.251,
                      "Actual Total Time": 130.252,
                      "Actual Rows": 113501,
                      "Actual Loops": 4,
                      "Hash Buckets": 1048576,
                      "Original Hash Buckets": 1048576,
                      "Hash Batches": 1,
                      "Original Hash Batches": 1,
                      "Peak Memory Usage": 26016,
                      "Plans": [
                        {
                          "Node Type": "Seq Scan",
                          "Parent Relationship": "Outer",
                          "Parallel Aware": true,
                          "Relation Name": "title",
                          "Alias": "t",
                          "Startup Cost": 0.0,
                          "Total Cost": 45479.1,
                          "Plan Rows": 143230,
                          "Plan Width": 4,
                          "Actual Startup Time": 45.68,
                          "Actual Total Time": 96.694,
                          "Actual Rows": 113501,
                          "Actual Loops": 4,
                          "Filter": "((production_year > 1963) AND (kind_id = 1))",
                          "Rows Removed by Filter": 518577
                        }
                      ]
                    }
                  ]
                }
              ]
            }
          ]
        }
      ]
    },
    "Planning Time": 0.495,
    "Triggers": [],
    "Execution Time": 218.05
  }
]