[
  {
    "Plan": {
      "Node Type": "Aggregate",
      "Strategy": "Plain",
      "Partial Mode": "Finalize",
      "Parallel Aware": false,
      "Startup Cost": 330986.14,
      "Total Cost": 330986.15,
      "Plan Rows": 1,
      "Plan Width": 8,
      "Actual Startup Time": 497.413,
      "Actual Total Time": 519.926,
      "Actual Rows": 1,
      "Actual Loops": 1,
      "Plans": [
        {
          "Node Type": "Gather",
          "Parent Relationship": "Outer",
          "Parallel Aware": false,
          "Startup Cost": 330985.52,
          "Total Cost": 330986.13,
          "Plan Rows": 6,
          "Plan Width": 8,
          "Actual Startup Time": 497.331,
          "Actual Total Time": 519.92,
          "Actual Rows": 7,
          "Actual Loops": 1,
          "Workers Planned": 6,
          "Workers Launched": 6,
          "Single Copy": false,
          "Plans": [
            {
              "Node Type": "Aggregate",
              "Strategy": "Plain",
              "Partial Mode": "Partial",
              "Parent Relationship": "Outer",
              "Parallel Aware": false,
              "Startup Cost": 329985.52,
              "Total Cost": 329985.53,
              "Plan Rows": 1,
              "Plan Width": 8,
              "Actual Startup Time": 491.472,
              "Actual Total Time": 491.473,
              "Actual Rows": 1,
              "Actual Loops": 7,
              "Plans": [
                {
                  "Node Type": "Seq Scan",
                  "Parent Relationship": "Outer",
                  "Parallel Aware": true,
                  "Relation Name": "cast_info",
                  "Alias": "ci",
                  "Startup Cost": 0.0,
                  "Total Cost": 328213.62,
                  "Plan Rows": 708761,
                  "Plan Width": 0,
                  "Actual Startup Time": 0.036,
                  "Actual Total Time": 463.775,
                  "Actual Rows": 615161,
                  "Actual Loops": 7,
                  "Filter": "(person_id < 414863)",
                  "Rows Removed by Filter": 4562603
                }
              ]
            }
          ]
        }
      ]
    },
    "Planning Time": 0.065,
    "Triggers": [],
    "Execution Time": 519.953
  }
]