{
  "Plan": {
    "Node Type": "Aggregate",
    "Strategy": "Plain",
    "Partial Mode": "Finalize",
    "Parallel Aware": false,
    "Startup Cost": 1714087.96,
    "Total Cost": 1714087.97,
    "Plan Rows": 1,
    "Plan Width": 8,
    "Actual Startup Time": 10741.137,
    "Actual Total Time": 10741.206,
    "Actual Rows": 1,
    "Actual Loops": 1,
    "Plans": [
      {
        "Node Type": "Gather",
        "Parent Relationship": "Outer",
        "Parallel Aware": false,
        "Startup Cost": 1714087.85,
        "Total Cost": 1714087.96,
        "Plan Rows": 1,
        "Plan Width": 8,
        "Actual Startup Time": 10741.125,
        "Actual Total Time": 10741.2,
        "Actual Rows": 2,
        "Actual Loops": 1,
        "Workers Planned": 1,
        "Workers Launched": 1,
        "Single Copy": false,
        "Plans": [
          {
            "Node Type": "Aggregate",
            "Strategy": "Plain",
            "Partial Mode": "Partial",
            "Parent Relationship": "Outer",
            "Parallel Aware": false,
            "Startup Cost": 1713087.85,
            "Total Cost": 1713087.86,
            "Plan Rows": 1,
            "Plan Width": 8,
            "Actual Startup Time": 10571.572,
            "Actual Total Time": 10571.578,
            "Actual Rows": 1,
            "Actual Loops": 2,
            "Plans": [
              {
                "Node Type": "Merge Join",
                "Parent Relationship": "Outer",
                "Parallel Aware": false,
                "Join Type": "Inner",
                "Startup Cost": 1591948.13,
                "Total Cost": 1698881.72,
                "Plan Rows": 5682453,
                "Plan Width": 0,
                "Actual Startup Time": 5515.461,
                "Actual Total Time": 9602.373,
                "Actual Rows": 25267490,
                "Actual Loops": 2,
                "Inner Unique": false,
                "Merge Cond": "(ci.movie_id = t.id)",
                "Plans": [
                  {
                    "Node Type": "Sort",
                    "Parent Relationship": "Outer",
                    "Parallel Aware": false,
                    "Startup Cost": 1051109.66,
                    "Total Cost": 1061965.93,
                    "Plan Rows": 4342509,
                    "Plan Width": 4,
                    "Actual Startup Time": 3012.291,
                    "Actual Total Time": 3682.811,
                    "Actual Rows": 5586353,
                    "Actual Loops": 2,
                    "Sort Key": [
                      "ci.movie_id"
                    ],
                    "Sort Method": "quicksort",
                    "Sort Space Used": 466750,
                    "Sort Space Type": "Memory",
                    "Workers": [
                      {
                        "Worker Number": 0,
                        "Sort Method": "quicksort",
                        "Sort Space Used": 450188,
                        "Sort Space Type": "Memory"
                      }
                    ],
                    "Plans": [
                      {
                        "Node Type": "Seq Scan",
                        "Parent Relationship": "Outer",
                        "Parallel Aware": true,
                        "Relation Name": "cast_info",
                        "Alias": "ci",
                        "Startup Cost": 0.0,
                        "Total Cost": 572345.93,
                        "Plan Rows": 4342509,
                        "Plan Width": 4,
                        "Actual Startup Time": 747.127,
                        "Actual Total Time": 1667.285,
                        "Actual Rows": 5586358,
                        "Actual Loops": 2,
                        "Filter": "((person_id > 2584586) AND (role_id > 1))",
                        "Rows Removed by Filter": 12535814
                      }
                    ]
                  },
                  {
                    "Node Type": "Sort",
                    "Parent Relationship": "Inner",
                    "Parallel Aware": false,
                    "Startup Cost": 540838.01,
                    "Total Cost": 549109.09,
                    "Plan Rows": 3308434,
                    "Plan Width": 8,
                    "Actual Startup Time": 2503.154,
                    "Actual Total Time": 3363.808,
                    "Actual Rows": 25741687,
                    "Actual Loops": 2,
                    "Sort Key": [
                      "mk.movie_id"
                    ],
                    "Sort Method": "quicksort",
                    "Sort Space Used": 253120,
                    "Sort Space Type": "Memory",
                    "Workers": [
                      {
                        "Worker Number": 0,
                        "Sort Method": "quicksort",
                        "Sort Space Used": 253120,
                        "Sort Space Type": "Memory"
                      }
                    ],
                    "Plans": [
                      {
                        "Node Type": "Hash Join",
                        "Parent Relationship": "Outer",
                        "Parallel Aware": false,
                        "Join Type": "Inner",
                        "Startup Cost": 92884.59,
                        "Total Cost": 182572.37,
                        "Plan Rows": 3308434,
                        "Plan Width": 8,
                        "Actual Startup Time": 857.929,
                        "Actual Total Time": 1821.676,
                        "Actual Rows": 3302739,
                        "Actual Loops": 2,
                        "Inner Unique": true,
                        "Hash Cond": "(mk.movie_id = t.id)",
                        "Plans": [
                          {
                            "Node Type": "Seq Scan",
                            "Parent Relationship": "Outer",
                            "Parallel Aware": false,
                            "Relation Name": "movie_keyword",
                            "Alias": "mk",
                            "Startup Cost": 0.0,
                            "Total Cost": 81003.12,
                            "Plan Rows": 3308434,
                            "Plan Width": 4,
                            "Actual Startup Time": 0.034,
                            "Actual Total Time": 395.622,
                            "Actual Rows": 3302739,
                            "Actual Loops": 2,
                            "Filter": "(keyword_id < 14914)",
                            "Rows Removed by Filter": 1221191
                          },
                          {
                            "Node Type": "Hash",
                            "Parent Relationship": "Inner",
                            "Parallel Aware": false,
                            "Startup Cost": 61280.93,
                            "Total Cost": 61280.93,
                            "Plan Rows": 2528293,
                            "Plan Width": 4,
                            "Actual Startup Time": 836.167,
                            "Actual Total Time": 836.17,
                            "Actual Rows": 2528312,
                            "Actual Loops": 2,
                            "Hash Buckets": 4194304,
                            "Original Hash Buckets": 4194304,
                            "Hash Batches": 1,
                            "Original Hash Batches": 1,
                            "Peak Memory Usage": 121654,
                            "Plans": [
                              {
                                "Node Type": "Seq Scan",
                                "Parent Relationship": "Outer",
                                "Parallel Aware": false,
                                "Relation Name": "title",
                                "Alias": "t",
                                "Startup Cost": 0.0,
                                "Total Cost": 61280.93,
                                "Plan Rows": 2528293,
                                "Plan Width": 4,
                                "Actual Startup Time": 0.032,
                                "Actual Total Time": 256.71,
                                "Actual Rows": 2528312,
                                "Actual Loops": 2
                              }
                            ]
                          }
                        ]
                      }
                    ]
                  }
                ]
              }
            ]
          }
        ]
      }
    ]
  },
  "Planning Time": 0.989,
  "Triggers": [],
  "Execution Time": 10780.995
}