{
  "Plan": {
    "Node Type": "Aggregate",
    "Strategy": "Plain",
    "Partial Mode": "Finalize",
    "Parallel Aware": false,
    "Startup Cost": 246336.21,
    "Total Cost": 246336.22,
    "Plan Rows": 1,
    "Plan Width": 8,
    "Actual Startup Time": 642.983,
    "Actual Total Time": 662.313,
    "Actual Rows": 1,
    "Actual Loops": 1,
    "Plans": [
      {
        "Node Type": "Gather",
        "Parent Relationship": "Outer",
        "Parallel Aware": false,
        "Startup Cost": 246336.1,
        "Total Cost": 246336.21,
        "Plan Rows": 1,
        "Plan Width": 8,
        "Actual Startup Time": 637.166,
        "Actual Total Time": 662.304,
        "Actual Rows": 2,
        "Actual Loops": 1,
        "Workers Planned": 1,
        "Workers Launched": 1,
        "Single Copy": false,
        "Plans": [
          {
            "Node Type": "Aggregate",
            "Strategy": "Plain",
            "Partial Mode": "Partial",
            "Parent Relationship": "Outer",
            "Parallel Aware": false,
            "Startup Cost": 245336.1,
            "Total Cost": 245336.11,
            "Plan Rows": 1,
            "Plan Width": 8,
            "Actual Startup Time": 624.979,
            "Actual Total Time": 624.983,
            "Actual Rows": 1,
            "Actual Loops": 2,
            "Plans": [
              {
                "Node Type": "Hash Join",
                "Parent Relationship": "Outer",
                "Parallel Aware": true,
                "Join Type": "Inner",
                "Startup Cost": 78290.24,
                "Total Cost": 244619.38,
                "Plan Rows": 286687,
                "Plan Width": 0,
                "Actual Startup Time": 530.811,
                "Actual Total Time": 615.208,
                "Actual Rows": 232818,
                "Actual Loops": 2,
                "Inner Unique": true,
                "Hash Cond": "(mi.movie_id = t.id)",
                "Plans": [
                  {
                    "Node Type": "Bitmap Heap Scan",
                    "Parent Relationship": "Outer",
                    "Parallel Aware": true,
                    "Relation Name": "movie_info",
                    "Alias": "mi",
                    "Startup Cost": 8829.54,
                    "Total Cost": 174406.13,
                    "Plan Rows": 286687,
                    "Plan Width": 4,
                    "Actual Startup Time": 13.894,
                    "Actual Total Time": 38.96,
                    "Actual Rows": 232818,
                    "Actual Loops": 2,
                    "Recheck Cond": "(info_type_id > 103)",
                    "Rows Removed by Index Recheck": 0,
                    "Exact Heap Blocks": 3118,
                    "Lossy Heap Blocks": 0,
                    "Plans": [
                      {
                        "Node Type": "Bitmap Index Scan",
                        "Parent Relationship": "Outer",
                        "Parallel Aware": false,
                        "Index Name": "info_type_id_movie_info",
                        "Startup Cost": 0.0,
                        "Total Cost": 8707.69,
                        "Plan Rows": 487368,
                        "Plan Width": 0,
                        "Actual Startup Time": 13.159,
                        "Actual Total Time": 13.159,
                        "Actual Rows": 465636,
                        "Actual Loops": 1,
                        "Index Cond": "(info_type_id > 103)"
                      }
                    ]
                  },
                  {
                    "Node Type": "Hash",
                    "Parent Relationship": "Inner",
                    "Parallel Aware": true,
                    "Startup Cost": 50870.31,
                    "Total Cost": 50870.31,
                    "Plan Rows": 1487231,
                    "Plan Width": 4,
                    "Actual Startup Time": 495.031,
                    "Actual Total Time": 495.032,
                    "Actual Rows": 1264156,
                    "Actual Loops": 2,
                    "Hash Buckets": 4194304,
                    "Original Hash Buckets": 4194304,
                    "Hash Batches": 1,
                    "Original Hash Batches": 1,
                    "Peak Memory Usage": 131712,
                    "Plans": [
                      {
                        "Node Type": "Seq Scan",
                        "Parent Relationship": "Outer",
                        "Parallel Aware": true,
                        "Relation Name": "title",
                        "Alias": "t",
                        "Startup Cost": 0.0,
                        "Total Cost": 50870.31,
                        "Plan Rows": 1487231,
                        "Plan Width": 4,
                        "Actual Startup Time": 0.033,
                        "Actual Total Time": 150.622,
                        "Actual Rows": 1264156,
                        "Actual Loops": 2
                      }
                    ]
                  }
                ]
              }
            ]
          }
        ]
      }
    ]
  },
  "Planning Time": 0.718,
  "Triggers": [],
  "Execution Time": 662.4
}