[
  {
    "Plan": {
      "Node Type": "Aggregate",
      "Strategy": "Plain",
      "Partial Mode": "Finalize",
      "Parallel Aware": false,
      "Startup Cost": 158504.6,
      "Total Cost": 158504.61,
      "Plan Rows": 1,
      "Plan Width": 8,
      "Actual Startup Time": 287.981,
      "Actual Total Time": 311.729,
      "Actual Rows": 1,
      "Actual Loops": 1,
      "Plans": [
        {
          "Node Type": "Gather",
          "Parent Relationship": "Outer",
          "Parallel Aware": false,
          "Startup Cost": 158504.08,
          "Total Cost": 158504.59,
          "Plan Rows": 5,
          "Plan Width": 8,
          "Actual Startup Time": 287.829,
          "Actual Total Time": 311.715,
          "Actual Rows": 6,
          "Actual Loops": 1,
          "Workers Planned": 5,
          "Workers Launched": 5,
          "Single Copy": false,
          "Plans": [
            {
              "Node Type": "Aggregate",
              "Strategy": "Plain",
              "Partial Mode": "Partial",
              "Parent Relationship": "Outer",
              "Parallel Aware": false,
              "Startup Cost": 157504.08,
              "Total Cost": 157504.09,
              "Plan Rows": 1,
              "Plan Width": 8,
              "Actual Startup Time": 281.04,
              "Actual Total Time": 281.042,
              "Actual Rows": 1,
              "Actual Loops": 6,
              "Plans": [
                {
                  "Node Type": "Index Scan",
                  "Parent Relationship": "Outer",
                  "Parallel Aware": true,
                  "Scan Direction": "Forward",
                  "Index Name": "role_id_cast_info",
                  "Relation Name": "cast_info",
                  "Alias": "ci",
                  "Startup Cost": 0.56,
                  "Total Cost": 155872.35,
                  "Plan Rows": 652693,
                  "Plan Width": 0,
                  "Actual Startup Time": 0.096,
                  "Actual Total Time": 237.711,
                  "Actual Rows": 809363,
                  "Actual Loops": 6,
                  "Index Cond": "(role_id > 8)",
                  "Rows Removed by Index Recheck": 0,
                  "Filter": "(person_id > 1550793)",
                  "Rows Removed by Filter": 146086
                }
              ]
            }
          ]
        }
      ]
    },
    "Planning Time": 0.234,
    "Triggers": [],
    "Execution Time": 311.783
  }
]