{
  "Plan": {
    "Node Type": "Aggregate",
    "Strategy": "Plain",
    "Partial Mode": "Finalize",
    "Parallel Aware": false,
    "Startup Cost": 418769.77,
    "Total Cost": 418769.78,
    "Plan Rows": 1,
    "Plan Width": 8,
    "Actual Startup Time": 2848.603,
    "Actual Total Time": 2903.552,
    "Actual Rows": 1,
    "Actual Loops": 1,
    "Plans": [
      {
        "Node Type": "Gather",
        "Parent Relationship": "Outer",
        "Parallel Aware": false,
        "Startup Cost": 418769.66,
        "Total Cost": 418769.77,
        "Plan Rows": 1,
        "Plan Width": 8,
        "Actual Startup Time": 2840.959,
        "Actual Total Time": 2903.544,
        "Actual Rows": 2,
        "Actual Loops": 1,
        "Workers Planned": 1,
        "Workers Launched": 1,
        "Single Copy": false,
        "Plans": [
          {
            "Node Type": "Aggregate",
            "Strategy": "Plain",
            "Partial Mode": "Partial",
            "Parent Relationship": "Outer",
            "Parallel Aware": false,
            "Startup Cost": 417769.66,
            "Total Cost": 417769.67,
            "Plan Rows": 1,
            "Plan Width": 8,
            "Actual Startup Time": 2833.967,
            "Actual Total Time": 2835.978,
            "Actual Rows": 1,
            "Actual Loops": 2,
            "Plans": [
              {
                "Node Type": "Hash Join",
                "Parent Relationship": "Outer",
                "Parallel Aware": true,
                "Join Type": "Inner",
                "Startup Cost": 350747.76,
                "Total Cost": 416160.37,
                "Plan Rows": 643716,
                "Plan Width": 0,
                "Actual Startup Time": 2179.906,
                "Actual Total Time": 2692.243,
                "Actual Rows": 3442437,
                "Actual Loops": 2,
                "Inner Unique": false,
                "Hash Cond": "(mk.movie_id = t.id)",
                "Plans": [
                  {
                    "Node Type": "Seq Scan",
                    "Parent Relationship": "Outer",
                    "Parallel Aware": true,
                    "Relation Name": "movie_keyword",
                    "Alias": "mk",
                    "Startup Cost": 0.0,
                    "Total Cost": 57718.19,
                    "Plan Rows": 1042091,
                    "Plan Width": 4,
                    "Actual Startup Time": 0.741,
                    "Actual Total Time": 175.034,
                    "Actual Rows": 888122,
                    "Actual Loops": 2,
                    "Filter": "(keyword_id > 7793)",
                    "Rows Removed by Filter": 1373842
                  },
                  {
                    "Node Type": "Hash",
                    "Parent Relationship": "Inner",
                    "Parallel Aware": true,
                    "Startup Cost": 339264.18,
                    "Total Cost": 339264.18,
                    "Plan Rows": 918687,
                    "Plan Width": 8,
                    "Actual Startup Time": 2164.451,
                    "Actual Total Time": 2166.46,
                    "Actual Rows": 1118729,
                    "Actual Loops": 2,
                    "Hash Buckets": 4194304,
                    "Original Hash Buckets": 2097152,
                    "Hash Batches": 1,
                    "Original Hash Batches": 1,
                    "Peak Memory Usage": 136736,
                    "Plans": [
                      {
                        "Node Type": "Hash Join",
                        "Parent Relationship": "Outer",
                        "Parallel Aware": true,
                        "Join Type": "Inner",
                        "Startup Cost": 59572.1,
                        "Total Cost": 339264.18,
                        "Plan Rows": 918687,
                        "Plan Width": 8,
                        "Actual Startup Time": 274.205,
                        "Actual Total Time": 1781.455,
                        "Actual Rows": 1118729,
                        "Actual Loops": 2,
                        "Inner Unique": true,
                        "Hash Cond": "(mi.movie_id = t.id)",
                        "Plans": [
                          {
                            "Node Type": "Seq Scan",
                            "Parent Relationship": "Outer",
                            "Parallel Aware": true,
                            "Relation Name": "movie_info",
                            "Alias": "mi",
                            "Startup Cost": 0.0,
                            "Total Cost": 270696.42,
                            "Plan Rows": 3426912,
                            "Plan Width": 4,
                            "Actual Startup Time": 0.018,
                            "Actual Total Time": 780.273,
                            "Actual Rows": 2942482,
                            "Actual Loops": 2,
                            "Filter": "(info_type_id < 7)",
                            "Rows Removed by Filter": 4475378
                          },
                          {
                            "Node Type": "Hash",
                            "Parent Relationship": "Inner",
                            "Parallel Aware": true,
                            "Startup Cost": 54588.39,
                            "Total Cost": 54588.39,
                            "Plan Rows": 398697,
                            "Plan Width": 4,
                            "Actual Startup Time": 270.208,
                            "Actual Total Time": 270.209,
                            "Actual Rows": 342073,
                            "Actual Loops": 2,
                            "Hash Buckets": 1048576,
                            "Original Hash Buckets": 1048576,
                            "Hash Batches": 1,
                            "Original Hash Batches": 1,
                            "Peak Memory Usage": 34976,
                            "Plans": [
                              {
                                "Node Type": "Seq Scan",
                                "Parent Relationship": "Outer",
                                "Parallel Aware": true,
                                "Relation Name": "title",
                                "Alias": "t",
                                "Startup Cost": 0.0,
                                "Total Cost": 54588.39,
                                "Plan Rows": 398697,
                                "Plan Width": 4,
                                "Actual Startup Time": 0.028,
                                "Actual Total Time": 171.55,
                                "Actual Rows": 342073,
                                "Actual Loops": 2,
                                "Filter": "(production_year < 1990)",
                                "Rows Removed by Filter": 922083
                              }
                            ]
                          }
                        ]
                      }
                    ]
                  }
                ]
              }
            ]
          }
        ]
      }
    ]
  },
  "Planning Time": 0.891,
  "Triggers": [],
  "Execution Time": 2903.639
}