[
  {
    "Plan": {
      "Node Type": "Aggregate",
      "Strategy": "Plain",
      "Partial Mode": "Finalize",
      "Parallel Aware": false,
      "Startup Cost": 46806.14,
      "Total Cost": 46806.15,
      "Plan Rows": 1,
      "Plan Width": 8,
      "Actual Startup Time": 169.586,
      "Actual Total Time": 178.889,
      "Actual Rows": 1,
      "Actual Loops": 1,
      "Plans": [
        {
          "Node Type": "Gather",
          "Parent Relationship": "Outer",
          "Parallel Aware": false,
          "Startup Cost": 46805.82,
          "Total Cost": 46806.13,
          "Plan Rows": 3,
          "Plan Width": 8,
          "Actual Startup Time": 169.437,
          "Actual Total Time": 178.882,
          "Actual Rows": 4,
          "Actual Loops": 1,
          "Workers Planned": 3,
          "Workers Launched": 3,
          "Single Copy": false,
          "Plans": [
            {
              "Node Type": "Aggregate",
              "Strategy": "Plain",
              "Partial Mode": "Partial",
              "Parent Relationship": "Outer",
              "Parallel Aware": false,
              "Startup Cost": 45805.82,
              "Total Cost": 45805.83,
              "Plan Rows": 1,
              "Plan Width": 8,
              "Actual Startup Time": 162.305,
              "Actual Total Time": 162.306,
              "Actual Rows": 1,
              "Actual Loops": 4,
              "Plans": [
                {
                  "Node Type": "Seq Scan",
                  "Parent Relationship": "Outer",
                  "Parallel Aware": true,
                  "Relation Name": "movie_keyword",
                  "Alias": "mk",
                  "Startup Cost": 0.0,
                  "Total Cost": 42695.65,
                  "Plan Rows": 1244066,
                  "Plan Width": 0,
                  "Actual Startup Time": 0.088,
                  "Actual Total Time": 120.173,
                  "Actual Rows": 961877,
                  "Actual Loops": 4,
                  "Filter": "(keyword_id > 545)",
                  "Rows Removed by Filter": 169105
                }
              ]
            }
          ]
        }
      ]
    },
    "Planning Time": 0.109,
    "Triggers": [],
    "Execution Time": 178.926
  }
]