[
  {
    "Plan": {
      "Node Type": "Aggregate",
      "Strategy": "Plain",
      "Partial Mode": "Finalize",
      "Parallel Aware": false,
      "Startup Cost": 331305.41,
      "Total Cost": 331305.42,
      "Plan Rows": 1,
      "Plan Width": 8,
      "Actual Startup Time": 549.593,
      "Actual Total Time": 618.051,
      "Actual Rows": 1,
      "Actual Loops": 1,
      "Plans": [
        {
          "Node Type": "Gather",
          "Parent Relationship": "Outer",
          "Parallel Aware": false,
          "Startup Cost": 331304.78,
          "Total Cost": 331305.39,
          "Plan Rows": 6,
          "Plan Width": 8,
          "Actual Startup Time": 549.48,
          "Actual Total Time": 618.042,
          "Actual Rows": 7,
          "Actual Loops": 1,
          "Workers Planned": 6,
          "Workers Launched": 6,
          "Single Copy": false,
          "Plans": [
            {
              "Node Type": "Aggregate",
              "Strategy": "Plain",
              "Partial Mode": "Partial",
              "Parent Relationship": "Outer",
              "Parallel Aware": false,
              "Startup Cost": 330304.78,
              "Total Cost": 330304.79,
              "Plan Rows": 1,
              "Plan Width": 8,
              "Actual Startup Time": 538.922,
              "Actual Total Time": 538.923,
              "Actual Rows": 1,
              "Actual Loops": 7,
              "Plans": [
                {
                  "Node Type": "Seq Scan",
                  "Parent Relationship": "Outer",
                  "Parallel Aware": true,
                  "Relation Name": "cast_info",
                  "Alias": "ci",
                  "Startup Cost": 0.0,
                  "Total Cost": 328162.03,
                  "Plan Rows": 857102,
                  "Plan Width": 0,
                  "Actual Startup Time": 0.052,
                  "Actual Total Time": 504.112,
                  "Actual Rows": 758565,
                  "Actual Loops": 7,
                  "Filter": "(person_id < 513152)",
                  "Rows Removed by Filter": 4419198
                }
              ]
            }
          ]
        }
      ]
    },
    "Planning Time": 0.178,
    "Triggers": [],
    "Execution Time": 618.124
  }
]