[
    {
        "Bao": {
            "Bao prediction": 461.49,
            "Bao recommended hint": "(no hint)"
        }
    },
    {
        "Plan": {
            "Node Type": "Aggregate",
            "Strategy": "Plain",
            "Partial Mode": "Finalize",
            "Parallel Aware": false,
            "Startup Cost": 44657.09,
            "Total Cost": 44657.1,
            "Plan Rows": 1,
            "Plan Width": 8,
            "Actual Startup Time": 168.385,
            "Actual Total Time": 177.669,
            "Actual Rows": 1,
            "Actual Loops": 1,
            "Output": [
                "count(*)"
            ],
            "Plans": [
                {
                    "Node Type": "Gather",
                    "Parent Relationship": "Outer",
                    "Parallel Aware": false,
                    "Startup Cost": 44656.77,
                    "Total Cost": 44657.08,
                    "Plan Rows": 3,
                    "Plan Width": 8,
                    "Actual Startup Time": 168.291,
                    "Actual Total Time": 177.662,
                    "Actual Rows": 4,
                    "Actual Loops": 1,
                    "Output": [
                        "(PARTIAL count(*))"
                    ],
                    "Workers Planned": 3,
                    "Workers Launched": 3,
                    "Single Copy": false,
                    "Plans": [
                        {
                            "Node Type": "Aggregate",
                            "Strategy": "Plain",
                            "Partial Mode": "Partial",
                            "Parent Relationship": "Outer",
                            "Parallel Aware": false,
                            "Startup Cost": 43656.77,
                            "Total Cost": 43656.78,
                            "Plan Rows": 1,
                            "Plan Width": 8,
                            "Actual Startup Time": 160.459,
                            "Actual Total Time": 160.46,
                            "Actual Rows": 1,
                            "Actual Loops": 4,
                            "Output": [
                                "PARTIAL count(*)"
                            ],
                            "Workers": [
                                {
                                    "Worker Number": 0,
                                    "Actual Startup Time": 157.77,
                                    "Actual Total Time": 157.771,
                                    "Actual Rows": 1,
                                    "Actual Loops": 1
                                },
                                {
                                    "Worker Number": 1,
                                    "Actual Startup Time": 158.039,
                                    "Actual Total Time": 158.04,
                                    "Actual Rows": 1,
                                    "Actual Loops": 1
                                },
                                {
                                    "Worker Number": 2,
                                    "Actual Startup Time": 158.375,
                                    "Actual Total Time": 158.376,
                                    "Actual Rows": 1,
                                    "Actual Loops": 1
                                }
                            ],
                            "Plans": [
                                {
                                    "Node Type": "Seq Scan",
                                    "Parent Relationship": "Outer",
                                    "Parallel Aware": true,
                                    "Relation Name": "movie_keyword",
                                    "Schema": "public",
                                    "Alias": "mk",
                                    "Startup Cost": 0.0,
                                    "Total Cost": 42695.65,
                                    "Plan Rows": 384447,
                                    "Plan Width": 0,
                                    "Actual Startup Time": 3.115,
                                    "Actual Total Time": 138.503,
                                    "Actual Rows": 291462,
                                    "Actual Loops": 4,
                                    "Output": [
                                        "id",
                                        "movie_id",
                                        "keyword_id"
                                    ],
                                    "Filter": "(mk.keyword_id > 16057)",
                                    "Rows Removed by Filter": 839521,
                                    "Workers": [
                                        {
                                            "Worker Number": 0,
                                            "Actual Startup Time": 0.427,
                                            "Actual Total Time": 136.551,
                                            "Actual Rows": 273440,
                                            "Actual Loops": 1
                                        },
                                        {
                                            "Worker Number": 1,
                                            "Actual Startup Time": 0.704,
                                            "Actual Total Time": 136.737,
                                            "Actual Rows": 274403,
                                            "Actual Loops": 1
                                        },
                                        {
                                            "Worker Number": 2,
                                            "Actual Startup Time": 1.035,
                                            "Actual Total Time": 137.075,
                                            "Actual Rows": 276172,
                                            "Actual Loops": 1
                                        }
                                    ]
                                }
                            ]
                        }
                    ]
                }
            ]
        },
        "Planning Time": 1277.995,
        "Triggers": [],
        "Execution Time": 177.752
    }
]