[
  {
    "Plan": {
      "Node Type": "Aggregate",
      "Strategy": "Plain",
      "Partial Mode": "Simple",
      "Parallel Aware": false,
      "Startup Cost": 12164.39,
      "Total Cost": 12164.4,
      "Plan Rows": 1,
      "Plan Width": 8,
      "Actual Startup Time": 17.312,
      "Actual Total Time": 17.314,
      "Actual Rows": 1,
      "Actual Loops": 1,
      "Plans": [
        {
          "Node Type": "Bitmap Heap Scan",
          "Parent Relationship": "Outer",
          "Parallel Aware": false,
          "Relation Name": "movie_keyword",
          "Alias": "mk",
          "Startup Cost": 105.83,
          "Total Cost": 12152.32,
          "Plan Rows": 4826,
          "Plan Width": 0,
          "Actual Startup Time": 4.745,
          "Actual Total Time": 16.451,
          "Actual Rows": 6011,
          "Actual Loops": 1,
          "Recheck Cond": "(keyword_id = 1732)",
          "Rows Removed by Index Recheck": 0,
          "Exact Heap Blocks": 4913,
          "Lossy Heap Blocks": 0,
          "Plans": [
            {
              "Node Type": "Bitmap Index Scan",
              "Parent Relationship": "Outer",
              "Parallel Aware": false,
              "Index Name": "keyword_id_movie_keyword",
              "Startup Cost": 0.0,
              "Total Cost": 104.63,
              "Plan Rows": 4826,
              "Plan Width": 0,
              "Actual Startup Time": 2.492,
              "Actual Total Time": 2.492,
              "Actual Rows": 6011,
              "Actual Loops": 1,
              "Index Cond": "(keyword_id = 1732)"
            }
          ]
        }
      ]
    },
    "Planning Time": 0.12,
    "Triggers": [],
    "Execution Time": 17.362
  }
]