[
  {
    "Plan": {
      "Node Type": "Aggregate",
      "Strategy": "Plain",
      "Partial Mode": "Finalize",
      "Parallel Aware": false,
      "Startup Cost": 23447.61,
      "Total Cost": 23447.62,
      "Plan Rows": 1,
      "Plan Width": 8,
      "Actual Startup Time": 45.063,
      "Actual Total Time": 48.866,
      "Actual Rows": 1,
      "Actual Loops": 1,
      "Plans": [
        {
          "Node Type": "Gather",
          "Parent Relationship": "Outer",
          "Parallel Aware": false,
          "Startup Cost": 23447.19,
          "Total Cost": 23447.6,
          "Plan Rows": 4,
          "Plan Width": 8,
          "Actual Startup Time": 44.954,
          "Actual Total Time": 48.856,
          "Actual Rows": 5,
          "Actual Loops": 1,
          "Workers Planned": 4,
          "Workers Launched": 4,
          "Single Copy": false,
          "Plans": [
            {
              "Node Type": "Aggregate",
              "Strategy": "Plain",
              "Partial Mode": "Partial",
              "Parent Relationship": "Outer",
              "Parallel Aware": false,
              "Startup Cost": 22447.19,
              "Total Cost": 22447.2,
              "Plan Rows": 1,
              "Plan Width": 8,
              "Actual Startup Time": 38.243,
              "Actual Total Time": 38.244,
              "Actual Rows": 1,
              "Actual Loops": 5,
              "Plans": [
                {
                  "Node Type": "Index Scan",
                  "Parent Relationship": "Outer",
                  "Parallel Aware": true,
                  "Scan Direction": "Forward",
                  "Index Name": "role_id_cast_info",
                  "Relation Name": "cast_info",
                  "Alias": "ci",
                  "Startup Cost": 0.56,
                  "Total Cost": 22393.76,
                  "Plan Rows": 21374,
                  "Plan Width": 0,
                  "Actual Startup Time": 0.189,
                  "Actual Total Time": 37.135,
                  "Actual Rows": 12731,
                  "Actual Loops": 5,
                  "Index Cond": "(role_id = 6)",
                  "Rows Removed by Index Recheck": 0,
                  "Filter": "(person_id < 385333)",
                  "Rows Removed by Filter": 142003
                }
              ]
            }
          ]
        }
      ]
    },
    "Planning Time": 0.162,
    "Triggers": [],
    "Execution Time": 48.91
  }
]