{
  "Plan": {
    "Node Type": "Aggregate",
    "Strategy": "Plain",
    "Partial Mode": "Finalize",
    "Parallel Aware": false,
    "Startup Cost": 245091.11,
    "Total Cost": 245091.12,
    "Plan Rows": 1,
    "Plan Width": 8,
    "Actual Startup Time": 1186.437,
    "Actual Total Time": 1210.311,
    "Actual Rows": 1,
    "Actual Loops": 1,
    "Plans": [
      {
        "Node Type": "Gather",
        "Parent Relationship": "Outer",
        "Parallel Aware": false,
        "Startup Cost": 245091.0,
        "Total Cost": 245091.11,
        "Plan Rows": 1,
        "Plan Width": 8,
        "Actual Startup Time": 1182.082,
        "Actual Total Time": 1210.299,
        "Actual Rows": 2,
        "Actual Loops": 1,
        "Workers Planned": 1,
        "Workers Launched": 1,
        "Single Copy": false,
        "Plans": [
          {
            "Node Type": "Aggregate",
            "Strategy": "Plain",
            "Partial Mode": "Partial",
            "Parent Relationship": "Outer",
            "Parallel Aware": false,
            "Startup Cost": 244091.0,
            "Total Cost": 244091.01,
            "Plan Rows": 1,
            "Plan Width": 8,
            "Actual Startup Time": 1176.968,
            "Actual Total Time": 1176.972,
            "Actual Rows": 1,
            "Actual Loops": 2,
            "Plans": [
              {
                "Node Type": "Merge Join",
                "Parent Relationship": "Outer",
                "Parallel Aware": false,
                "Join Type": "Inner",
                "Startup Cost": 76466.25,
                "Total Cost": 243891.12,
                "Plan Rows": 79950,
                "Plan Width": 0,
                "Actual Startup Time": 486.609,
                "Actual Total Time": 1175.227,
                "Actual Rows": 40674,
                "Actual Loops": 2,
                "Inner Unique": false,
                "Merge Cond": "(t.id = mi_idx.movie_id)",
                "Plans": [
                  {
                    "Node Type": "Merge Join",
                    "Parent Relationship": "Outer",
                    "Parallel Aware": false,
                    "Join Type": "Inner",
                    "Startup Cost": 76463.58,
                    "Total Cost": 185765.94,
                    "Plan Rows": 146472,
                    "Plan Width": 8,
                    "Actual Startup Time": 353.431,
                    "Actual Total Time": 1043.889,
                    "Actual Rows": 21338,
                    "Actual Loops": 2,
                    "Inner Unique": false,
                    "Merge Cond": "(t.id = mk.movie_id)",
                    "Plans": [
                      {
                        "Node Type": "Index Scan",
                        "Parent Relationship": "Outer",
                        "Parallel Aware": true,
                        "Scan Direction": "Forward",
                        "Index Name": "title_pkey",
                        "Relation Name": "title",
                        "Alias": "t",
                        "Startup Cost": 0.43,
                        "Total Cost": 103647.43,
                        "Plan Rows": 904038,
                        "Plan Width": 4,
                        "Actual Startup Time": 0.08,
                        "Actual Total Time": 730.395,
                        "Actual Rows": 771145,
                        "Actual Loops": 2,
                        "Filter": "(kind_id = 7)",
                        "Rows Removed by Filter": 492002
                      },
                      {
                        "Node Type": "Sort",
                        "Parent Relationship": "Inner",
                        "Parallel Aware": false,
                        "Startup Cost": 76451.55,
                        "Total Cost": 77475.64,
                        "Plan Rows": 409634,
                        "Plan Width": 4,
                        "Actual Startup Time": 240.445,
                        "Actual Total Time": 255.632,
                        "Actual Rows": 399731,
                        "Actual Loops": 2,
                        "Sort Key": [
                          "mk.movie_id"
                        ],
                        "Sort Method": "quicksort",
                        "Sort Space Used": 31026,
                        "Sort Space Type": "Memory",
                        "Workers": [
                          {
                            "Worker Number": 0,
                            "Sort Method": "quicksort",
                            "Sort Space Used": 31026,
                            "Sort Space Type": "Memory"
                          }
                        ],
                        "Plans": [
                          {
                            "Node Type": "Bitmap Heap Scan",
                            "Parent Relationship": "Outer",
                            "Parallel Aware": false,
                            "Relation Name": "movie_keyword",
                            "Alias": "mk",
                            "Startup Cost": 8691.1,
                            "Total Cost": 38265.52,
                            "Plan Rows": 409634,
                            "Plan Width": 4,
                            "Actual Startup Time": 48.679,
                            "Actual Total Time": 159.968,
                            "Actual Rows": 399731,
                            "Actual Loops": 2,
                            "Recheck Cond": "(keyword_id > 43392)",
                            "Rows Removed by Index Recheck": 0,
                            "Exact Heap Blocks": 22510,
                            "Lossy Heap Blocks": 0,
                            "Plans": [
                              {
                                "Node Type": "Bitmap Index Scan",
                                "Parent Relationship": "Outer",
                                "Parallel Aware": false,
                                "Index Name": "keyword_id_movie_keyword",
                                "Startup Cost": 0.0,
                                "Total Cost": 8588.69,
                                "Plan Rows": 409634,
                                "Plan Width": 0,
                                "Actual Startup Time": 45.726,
                                "Actual Total Time": 45.727,
                                "Actual Rows": 399731,
                                "Actual Loops": 2,
                                "Index Cond": "(keyword_id > 43392)"
                              }
                            ]
                          }
                        ]
                      }
                    ]
                  },
                  {
                    "Node Type": "Index Only Scan",
                    "Parent Relationship": "Inner",
                    "Parallel Aware": false,
                    "Scan Direction": "Forward",
                    "Index Name": "movie_id_movie_info_idx",
                    "Relation Name": "movie_info_idx",
                    "Alias": "mi_idx",
                    "Startup Cost": 0.43,
                    "Total Cost": 53620.22,
                    "Plan Rows": 1380035,
                    "Plan Width": 4,
                    "Actual Startup Time": 0.048,
                    "Actual Total Time": 102.818,
                    "Actual Rows": 565110,
                    "Actual Loops": 2,
                    "Heap Fetches": 1130219
                  }
                ]
              }
            ]
          }
        ]
      }
    ]
  },
  "Planning Time": 1.068,
  "Triggers": [],
  "Execution Time": 1213.945
}