{
  "Plan": {
    "Node Type": "Aggregate",
    "Strategy": "Plain",
    "Partial Mode": "Finalize",
    "Parallel Aware": false,
    "Startup Cost": 692959.11,
    "Total Cost": 692959.12,
    "Plan Rows": 1,
    "Plan Width": 8,
    "Actual Startup Time": 5757.541,
    "Actual Total Time": 5811.63,
    "Actual Rows": 1,
    "Actual Loops": 1,
    "Plans": [
      {
        "Node Type": "Gather",
        "Parent Relationship": "Outer",
        "Parallel Aware": false,
        "Startup Cost": 692959.0,
        "Total Cost": 692959.11,
        "Plan Rows": 1,
        "Plan Width": 8,
        "Actual Startup Time": 5755.406,
        "Actual Total Time": 5811.623,
        "Actual Rows": 2,
        "Actual Loops": 1,
        "Workers Planned": 1,
        "Workers Launched": 1,
        "Single Copy": false,
        "Plans": [
          {
            "Node Type": "Aggregate",
            "Strategy": "Plain",
            "Partial Mode": "Partial",
            "Parent Relationship": "Outer",
            "Parallel Aware": false,
            "Startup Cost": 691959.0,
            "Total Cost": 691959.01,
            "Plan Rows": 1,
            "Plan Width": 8,
            "Actual Startup Time": 5747.891,
            "Actual Total Time": 5747.894,
            "Actual Rows": 1,
            "Actual Loops": 2,
            "Plans": [
              {
                "Node Type": "Hash Join",
                "Parent Relationship": "Outer",
                "Parallel Aware": true,
                "Join Type": "Inner",
                "Startup Cost": 68978.22,
                "Total Cost": 674061.28,
                "Plan Rows": 7159088,
                "Plan Width": 0,
                "Actual Startup Time": 854.571,
                "Actual Total Time": 5483.184,
                "Actual Rows": 6471228,
                "Actual Loops": 2,
                "Inner Unique": true,
                "Hash Cond": "(ci.movie_id = t.id)",
                "Plans": [
                  {
                    "Node Type": "Seq Scan",
                    "Parent Relationship": "Outer",
                    "Parallel Aware": true,
                    "Relation Name": "cast_info",
                    "Alias": "ci",
                    "Startup Cost": 0.0,
                    "Total Cost": 572345.93,
                    "Plan Rows": 12471266,
                    "Plan Width": 4,
                    "Actual Startup Time": 499.278,
                    "Actual Total Time": 1806.274,
                    "Actual Rows": 11227312,
                    "Actual Loops": 2,
                    "Filter": "((person_id > 385304) AND (role_id > 1))",
                    "Rows Removed by Filter": 6894860
                  },
                  {
                    "Node Type": "Hash",
                    "Parent Relationship": "Inner",
                    "Parallel Aware": true,
                    "Startup Cost": 58306.47,
                    "Total Cost": 58306.47,
                    "Plan Rows": 853740,
                    "Plan Width": 4,
                    "Actual Startup Time": 340.738,
                    "Actual Total Time": 340.739,
                    "Actual Rows": 719092,
                    "Actual Loops": 2,
                    "Hash Buckets": 2097152,
                    "Original Hash Buckets": 2097152,
                    "Hash Batches": 1,
                    "Original Hash Batches": 1,
                    "Peak Memory Usage": 72672,
                    "Plans": [
                      {
                        "Node Type": "Seq Scan",
                        "Parent Relationship": "Outer",
                        "Parallel Aware": true,
                        "Relation Name": "title",
                        "Alias": "t",
                        "Startup Cost": 0.0,
                        "Total Cost": 58306.47,
                        "Plan Rows": 853740,
                        "Plan Width": 4,
                        "Actual Startup Time": 0.027,
                        "Actual Total Time": 160.175,
                        "Actual Rows": 719092,
                        "Actual Loops": 2,
                        "Filter": "((production_year < 2013) AND (kind_id = 7))",
                        "Rows Removed by Filter": 545064
                      }
                    ]
                  }
                ]
              }
            ]
          }
        ]
      }
    ]
  },
  "Planning Time": 0.635,
  "Triggers": [],
  "Execution Time": 5811.712
}