[
  {
    "Plan": {
      "Node Type": "Aggregate",
      "Strategy": "Plain",
      "Partial Mode": "Finalize",
      "Parallel Aware": false,
      "Startup Cost": 206983.09,
      "Total Cost": 206983.1,
      "Plan Rows": 1,
      "Plan Width": 8,
      "Actual Startup Time": 566.747,
      "Actual Total Time": 621.145,
      "Actual Rows": 1,
      "Actual Loops": 1,
      "Plans": [
        {
          "Node Type": "Gather",
          "Parent Relationship": "Outer",
          "Parallel Aware": false,
          "Startup Cost": 206982.56,
          "Total Cost": 206983.07,
          "Plan Rows": 5,
          "Plan Width": 8,
          "Actual Startup Time": 566.468,
          "Actual Total Time": 621.128,
          "Actual Rows": 6,
          "Actual Loops": 1,
          "Workers Planned": 5,
          "Workers Launched": 5,
          "Single Copy": false,
          "Plans": [
            {
              "Node Type": "Aggregate",
              "Strategy": "Plain",
              "Partial Mode": "Partial",
              "Parent Relationship": "Outer",
              "Parallel Aware": false,
              "Startup Cost": 205982.56,
              "Total Cost": 205982.57,
              "Plan Rows": 1,
              "Plan Width": 8,
              "Actual Startup Time": 559.227,
              "Actual Total Time": 559.229,
              "Actual Rows": 1,
              "Actual Loops": 6,
              "Plans": [
                {
                  "Node Type": "Seq Scan",
                  "Parent Relationship": "Outer",
                  "Parallel Aware": true,
                  "Relation Name": "movie_info",
                  "Alias": "mi",
                  "Startup Cost": 0.0,
                  "Total Cost": 199108.24,
                  "Plan Rows": 2749728,
                  "Plan Width": 0,
                  "Actual Startup Time": 0.044,
                  "Actual Total Time": 434.513,
                  "Actual Rows": 2289989,
                  "Actual Loops": 6,
                  "Filter": "(info_type_id < 67)",
                  "Rows Removed by Filter": 182631
                }
              ]
            }
          ]
        }
      ]
    },
    "Planning Time": 0.177,
    "Triggers": [],
    "Execution Time": 621.209
  }
]