[
  {
    "Plan": {
      "Node Type": "Aggregate",
      "Strategy": "Plain",
      "Partial Mode": "Finalize",
      "Parallel Aware": false,
      "Startup Cost": 88407.29,
      "Total Cost": 88407.3,
      "Plan Rows": 1,
      "Plan Width": 8,
      "Actual Startup Time": 297.238,
      "Actual Total Time": 314.382,
      "Actual Rows": 1,
      "Actual Loops": 1,
      "Plans": [
        {
          "Node Type": "Gather",
          "Parent Relationship": "Outer",
          "Parallel Aware": false,
          "Startup Cost": 88406.97,
          "Total Cost": 88407.28,
          "Plan Rows": 3,
          "Plan Width": 8,
          "Actual Startup Time": 296.432,
          "Actual Total Time": 314.372,
          "Actual Rows": 4,
          "Actual Loops": 1,
          "Workers Planned": 3,
          "Workers Launched": 3,
          "Single Copy": false,
          "Plans": [
            {
              "Node Type": "Aggregate",
              "Strategy": "Plain",
              "Partial Mode": "Partial",
              "Parent Relationship": "Outer",
              "Parallel Aware": false,
              "Startup Cost": 87406.97,
              "Total Cost": 87406.98,
              "Plan Rows": 1,
              "Plan Width": 8,
              "Actual Startup Time": 290.552,
              "Actual Total Time": 290.555,
              "Actual Rows": 1,
              "Actual Loops": 4,
              "Plans": [
                {
                  "Node Type": "Hash Join",
                  "Parent Relationship": "Outer",
                  "Parallel Aware": true,
                  "Join Type": "Inner",
                  "Startup Cost": 44330.02,
                  "Total Cost": 87208.1,
                  "Plan Rows": 79547,
                  "Plan Width": 0,
                  "Actual Startup Time": 108.52,
                  "Actual Total Time": 286.503,
                  "Actual Rows": 96125,
                  "Actual Loops": 4,
                  "Inner Unique": true,
                  "Hash Cond": "(mk.movie_id = t.id)",
                  "Plans": [
                    {
                      "Node Type": "Seq Scan",
                      "Parent Relationship": "Outer",
                      "Parallel Aware": true,
                      "Relation Name": "movie_keyword",
                      "Alias": "mk",
                      "Startup Cost": 0.0,
                      "Total Cost": 39047.32,
                      "Plan Rows": 1459332,
                      "Plan Width": 4,
                      "Actual Startup Time": 0.042,
                      "Actual Total Time": 89.574,
                      "Actual Rows": 1130982,
                      "Actual Loops": 4
                    },
                    {
                      "Node Type": "Hash",
                      "Parent Relationship": "Inner",
                      "Parallel Aware": true,
                      "Startup Cost": 43899.32,
                      "Total Cost": 43899.32,
                      "Plan Rows": 34456,
                      "Plan Width": 4,
                      "Actual Startup Time": 102.382,
                      "Actual Total Time": 102.383,
                      "Actual Rows": 36930,
                      "Actual Loops": 4,
                      "Hash Buckets": 262144,
                      "Original Hash Buckets": 262144,
                      "Hash Batches": 1,
                      "Original Hash Batches": 1,
                      "Peak Memory Usage": 7904,
                      "Plans": [
                        {
                          "Node Type": "Seq Scan",
                          "Parent Relationship": "Outer",
                          "Parallel Aware": true,
                          "Relation Name": "title",
                          "Alias": "t",
                          "Startup Cost": 0.0,
                          "Total Cost": 43899.32,
                          "Plan Rows": 34456,
                          "Plan Width": 4,
                          "Actual Startup Time": 5.045,
                          "Actual Total Time": 89.929,
                          "Actual Rows": 36930,
                          "Actual Loops": 4,
                          "Filter": "(production_year < 1943)",
                          "Rows Removed by Filter": 595148
                        }
                      ]
                    }
                  ]
                }
              ]
            }
          ]
        }
      ]
    },
    "Planning Time": 0.592,
    "Triggers": [],
    "Execution Time": 314.448
  }
]