{
  "Plan": {
    "Node Type": "Aggregate",
    "Strategy": "Plain",
    "Partial Mode": "Finalize",
    "Parallel Aware": false,
    "Startup Cost": 110216.0,
    "Total Cost": 110216.01,
    "Plan Rows": 1,
    "Plan Width": 8,
    "Actual Startup Time": 428.268,
    "Actual Total Time": 470.056,
    "Actual Rows": 1,
    "Actual Loops": 1,
    "Plans": [
      {
        "Node Type": "Gather",
        "Parent Relationship": "Outer",
        "Parallel Aware": false,
        "Startup Cost": 110215.89,
        "Total Cost": 110216.0,
        "Plan Rows": 1,
        "Plan Width": 8,
        "Actual Startup Time": 428.091,
        "Actual Total Time": 470.049,
        "Actual Rows": 2,
        "Actual Loops": 1,
        "Workers Planned": 1,
        "Workers Launched": 1,
        "Single Copy": false,
        "Plans": [
          {
            "Node Type": "Aggregate",
            "Strategy": "Plain",
            "Partial Mode": "Partial",
            "Parent Relationship": "Outer",
            "Parallel Aware": false,
            "Startup Cost": 109215.89,
            "Total Cost": 109215.9,
            "Plan Rows": 1,
            "Plan Width": 8,
            "Actual Startup Time": 421.91,
            "Actual Total Time": 421.913,
            "Actual Rows": 1,
            "Actual Loops": 2,
            "Plans": [
              {
                "Node Type": "Nested Loop",
                "Parent Relationship": "Outer",
                "Parallel Aware": false,
                "Join Type": "Inner",
                "Startup Cost": 54693.68,
                "Total Cost": 109189.16,
                "Plan Rows": 10691,
                "Plan Width": 0,
                "Actual Startup Time": 185.277,
                "Actual Total Time": 420.87,
                "Actual Rows": 15727,
                "Actual Loops": 2,
                "Inner Unique": false,
                "Join Filter": "(t.id = ci.movie_id)",
                "Rows Removed by Join Filter": 0,
                "Plans": [
                  {
                    "Node Type": "Hash Join",
                    "Parent Relationship": "Outer",
                    "Parallel Aware": true,
                    "Join Type": "Inner",
                    "Startup Cost": 54693.11,
                    "Total Cost": 98322.7,
                    "Plan Rows": 3901,
                    "Plan Width": 8,
                    "Actual Startup Time": 184.97,
                    "Actual Total Time": 291.726,
                    "Actual Rows": 3700,
                    "Actual Loops": 2,
                    "Inner Unique": true,
                    "Hash Cond": "(mc.movie_id = t.id)",
                    "Plans": [
                      {
                        "Node Type": "Seq Scan",
                        "Parent Relationship": "Outer",
                        "Parallel Aware": true,
                        "Relation Name": "movie_companies",
                        "Alias": "mc",
                        "Startup Cost": 0.0,
                        "Total Cost": 41811.73,
                        "Plan Rows": 692519,
                        "Plan Width": 4,
                        "Actual Startup Time": 49.774,
                        "Actual Total Time": 113.186,
                        "Actual Rows": 523907,
                        "Actual Loops": 2,
                        "Filter": "((company_id < 95155) AND (company_type_id = 2))",
                        "Rows Removed by Filter": 780658
                      },
                      {
                        "Node Type": "Hash",
                        "Parent Relationship": "Inner",
                        "Parallel Aware": true,
                        "Startup Cost": 54588.39,
                        "Total Cost": 54588.39,
                        "Plan Rows": 8378,
                        "Plan Width": 4,
                        "Actual Startup Time": 134.187,
                        "Actual Total Time": 134.188,
                        "Actual Rows": 7228,
                        "Actual Loops": 2,
                        "Hash Buckets": 16384,
                        "Original Hash Buckets": 16384,
                        "Hash Batches": 1,
                        "Original Hash Batches": 1,
                        "Peak Memory Usage": 736,
                        "Plans": [
                          {
                            "Node Type": "Seq Scan",
                            "Parent Relationship": "Outer",
                            "Parallel Aware": true,
                            "Relation Name": "title",
                            "Alias": "t",
                            "Startup Cost": 0.0,
                            "Total Cost": 54588.39,
                            "Plan Rows": 8378,
                            "Plan Width": 4,
                            "Actual Startup Time": 0.158,
                            "Actual Total Time": 131.451,
                            "Actual Rows": 7228,
                            "Actual Loops": 2,
                            "Filter": "(production_year = 1981)",
                            "Rows Removed by Filter": 1256928
                          }
                        ]
                      }
                    ]
                  },
                  {
                    "Node Type": "Index Scan",
                    "Parent Relationship": "Inner",
                    "Parallel Aware": false,
                    "Scan Direction": "Forward",
                    "Index Name": "movie_id_cast_info",
                    "Relation Name": "cast_info",
                    "Alias": "ci",
                    "Startup Cost": 0.56,
                    "Total Cost": 2.7,
                    "Plan Rows": 7,
                    "Plan Width": 4,
                    "Actual Startup Time": 0.02,
                    "Actual Total Time": 0.034,
                    "Actual Rows": 4,
                    "Actual Loops": 7401,
                    "Index Cond": "(movie_id = mc.movie_id)",
                    "Rows Removed by Index Recheck": 0,
                    "Filter": "((person_id > 209449) AND (role_id = 2))",
                    "Rows Removed by Filter": 18
                  }
                ]
              }
            ]
          }
        ]
      }
    ]
  },
  "Planning Time": 1.012,
  "Triggers": [],
  "Execution Time": 470.154
}