{
  "Plan": {
    "Node Type": "Aggregate",
    "Strategy": "Plain",
    "Partial Mode": "Finalize",
    "Parallel Aware": false,
    "Startup Cost": 331184.96,
    "Total Cost": 331184.97,
    "Plan Rows": 1,
    "Plan Width": 8,
    "Actual Startup Time": 1355.703,
    "Actual Total Time": 1404.341,
    "Actual Rows": 1,
    "Actual Loops": 1,
    "Plans": [
      {
        "Node Type": "Gather",
        "Parent Relationship": "Outer",
        "Parallel Aware": false,
        "Startup Cost": 331184.85,
        "Total Cost": 331184.96,
        "Plan Rows": 1,
        "Plan Width": 8,
        "Actual Startup Time": 1355.607,
        "Actual Total Time": 1404.331,
        "Actual Rows": 2,
        "Actual Loops": 1,
        "Workers Planned": 1,
        "Workers Launched": 1,
        "Single Copy": false,
        "Plans": [
          {
            "Node Type": "Aggregate",
            "Strategy": "Plain",
            "Partial Mode": "Partial",
            "Parent Relationship": "Outer",
            "Parallel Aware": false,
            "Startup Cost": 330184.85,
            "Total Cost": 330184.86,
            "Plan Rows": 1,
            "Plan Width": 8,
            "Actual Startup Time": 1349.901,
            "Actual Total Time": 1349.904,
            "Actual Rows": 1,
            "Actual Loops": 2,
            "Plans": [
              {
                "Node Type": "Hash Join",
                "Parent Relationship": "Outer",
                "Parallel Aware": true,
                "Join Type": "Inner",
                "Startup Cost": 58350.21,
                "Total Cost": 330133.69,
                "Plan Rows": 20462,
                "Plan Width": 0,
                "Actual Startup Time": 147.639,
                "Actual Total Time": 1348.115,
                "Actual Rows": 31438,
                "Actual Loops": 2,
                "Inner Unique": true,
                "Hash Cond": "(mi.movie_id = t.id)",
                "Plans": [
                  {
                    "Node Type": "Seq Scan",
                    "Parent Relationship": "Outer",
                    "Parallel Aware": true,
                    "Relation Name": "movie_info",
                    "Alias": "mi",
                    "Startup Cost": 0.0,
                    "Total Cost": 248955.74,
                    "Plan Rows": 8696274,
                    "Plan Width": 4,
                    "Actual Startup Time": 0.012,
                    "Actual Total Time": 644.871,
                    "Actual Rows": 7417860,
                    "Actual Loops": 2
                  },
                  {
                    "Node Type": "Hash",
                    "Parent Relationship": "Inner",
                    "Parallel Aware": true,
                    "Startup Cost": 58306.47,
                    "Total Cost": 58306.47,
                    "Plan Rows": 3499,
                    "Plan Width": 4,
                    "Actual Startup Time": 145.713,
                    "Actual Total Time": 145.714,
                    "Actual Rows": 2939,
                    "Actual Loops": 2,
                    "Hash Buckets": 8192,
                    "Original Hash Buckets": 8192,
                    "Hash Batches": 1,
                    "Original Hash Batches": 1,
                    "Peak Memory Usage": 320,
                    "Plans": [
                      {
                        "Node Type": "Seq Scan",
                        "Parent Relationship": "Outer",
                        "Parallel Aware": true,
                        "Relation Name": "title",
                        "Alias": "t",
                        "Startup Cost": 0.0,
                        "Total Cost": 58306.47,
                        "Plan Rows": 3499,
                        "Plan Width": 4,
                        "Actual Startup Time": 0.981,
                        "Actual Total Time": 144.383,
                        "Actual Rows": 2939,
                        "Actual Loops": 2,
                        "Filter": "((kind_id < 7) AND (production_year = 1973))",
                        "Rows Removed by Filter": 1261217
                      }
                    ]
                  }
                ]
              }
            ]
          }
        ]
      }
    ]
  },
  "Planning Time": 0.487,
  "Triggers": [],
  "Execution Time": 1404.428
}