[
  {
    "Plan": {
      "Node Type": "Aggregate",
      "Strategy": "Plain",
      "Partial Mode": "Finalize",
      "Parallel Aware": false,
      "Startup Cost": 62026.71,
      "Total Cost": 62026.72,
      "Plan Rows": 1,
      "Plan Width": 8,
      "Actual Startup Time": 258.284,
      "Actual Total Time": 274.807,
      "Actual Rows": 1,
      "Actual Loops": 1,
      "Plans": [
        {
          "Node Type": "Gather",
          "Parent Relationship": "Outer",
          "Parallel Aware": false,
          "Startup Cost": 62026.5,
          "Total Cost": 62026.71,
          "Plan Rows": 2,
          "Plan Width": 8,
          "Actual Startup Time": 256.635,
          "Actual Total Time": 274.797,
          "Actual Rows": 3,
          "Actual Loops": 1,
          "Workers Planned": 2,
          "Workers Launched": 2,
          "Single Copy": false,
          "Plans": [
            {
              "Node Type": "Aggregate",
              "Strategy": "Plain",
              "Partial Mode": "Partial",
              "Parent Relationship": "Outer",
              "Parallel Aware": false,
              "Startup Cost": 61026.5,
              "Total Cost": 61026.51,
              "Plan Rows": 1,
              "Plan Width": 8,
              "Actual Startup Time": 253.162,
              "Actual Total Time": 253.251,
              "Actual Rows": 1,
              "Actual Loops": 3,
              "Plans": [
                {
                  "Node Type": "Hash Join",
                  "Parent Relationship": "Outer",
                  "Parallel Aware": true,
                  "Join Type": "Inner",
                  "Startup Cost": 45777.7,
                  "Total Cost": 60972.26,
                  "Plan Rows": 21695,
                  "Plan Width": 0,
                  "Actual Startup Time": 186.222,
                  "Actual Total Time": 250.666,
                  "Actual Rows": 55347,
                  "Actual Loops": 3,
                  "Inner Unique": true,
                  "Hash Cond": "(mi_idx.movie_id = t.id)",
                  "Plans": [
                    {
                      "Node Type": "Seq Scan",
                      "Parent Relationship": "Outer",
                      "Parallel Aware": true,
                      "Relation Name": "movie_info_idx",
                      "Alias": "mi_idx",
                      "Startup Cost": 0.0,
                      "Total Cost": 13685.15,
                      "Plan Rows": 575015,
                      "Plan Width": 4,
                      "Actual Startup Time": 0.016,
                      "Actual Total Time": 43.049,
                      "Actual Rows": 460012,
                      "Actual Loops": 3
                    },
                    {
                      "Node Type": "Hash",
                      "Parent Relationship": "Inner",
                      "Parallel Aware": true,
                      "Startup Cost": 45479.59,
                      "Total Cost": 45479.59,
                      "Plan Rows": 23849,
                      "Plan Width": 4,
                      "Actual Startup Time": 145.265,
                      "Actual Total Time": 145.266,
                      "Actual Rows": 77021,
                      "Actual Loops": 3,
                      "Hash Buckets": 262144,
                      "Original Hash Buckets": 131072,
                      "Hash Batches": 1,
                      "Original Hash Batches": 1,
                      "Peak Memory Usage": 12160,
                      "Plans": [
                        {
                          "Node Type": "Seq Scan",
                          "Parent Relationship": "Outer",
                          "Parallel Aware": true,
                          "Relation Name": "title",
                          "Alias": "t",
                          "Startup Cost": 0.0,
                          "Total Cost": 45479.59,
                          "Plan Rows": 23849,
                          "Plan Width": 4,
                          "Actual Startup Time": 64.896,
                          "Actual Total Time": 117.14,
                          "Actual Rows": 77021,
                          "Actual Loops": 3,
                          "Filter": "((production_year < 1971) AND (kind_id = 1))",
                          "Rows Removed by Filter": 765750
                        }
                      ]
                    }
                  ]
                }
              ]
            }
          ]
        }
      ]
    },
    "Planning Time": 0.518,
    "Triggers": [],
    "Execution Time": 274.86
  }
]