[
  {
    "Plan": {
      "Node Type": "Aggregate",
      "Strategy": "Plain",
      "Partial Mode": "Finalize",
      "Parallel Aware": false,
      "Startup Cost": 62031.89,
      "Total Cost": 62031.9,
      "Plan Rows": 1,
      "Plan Width": 8,
      "Actual Startup Time": 239.955,
      "Actual Total Time": 252.594,
      "Actual Rows": 1,
      "Actual Loops": 1,
      "Plans": [
        {
          "Node Type": "Gather",
          "Parent Relationship": "Outer",
          "Parallel Aware": false,
          "Startup Cost": 62031.67,
          "Total Cost": 62031.88,
          "Plan Rows": 2,
          "Plan Width": 8,
          "Actual Startup Time": 238.711,
          "Actual Total Time": 252.585,
          "Actual Rows": 3,
          "Actual Loops": 1,
          "Workers Planned": 2,
          "Workers Launched": 2,
          "Single Copy": false,
          "Plans": [
            {
              "Node Type": "Aggregate",
              "Strategy": "Plain",
              "Partial Mode": "Partial",
              "Parent Relationship": "Outer",
              "Parallel Aware": false,
              "Startup Cost": 61031.67,
              "Total Cost": 61031.68,
              "Plan Rows": 1,
              "Plan Width": 8,
              "Actual Startup Time": 230.908,
              "Actual Total Time": 231.016,
              "Actual Rows": 1,
              "Actual Loops": 3,
              "Plans": [
                {
                  "Node Type": "Hash Join",
                  "Parent Relationship": "Outer",
                  "Parallel Aware": true,
                  "Join Type": "Inner",
                  "Startup Cost": 45782.0,
                  "Total Cost": 60976.56,
                  "Plan Rows": 22045,
                  "Plan Width": 0,
                  "Actual Startup Time": 174.355,
                  "Actual Total Time": 228.726,
                  "Actual Rows": 55347,
                  "Actual Loops": 3,
                  "Inner Unique": true,
                  "Hash Cond": "(mi_idx.movie_id = t.id)",
                  "Plans": [
                    {
                      "Node Type": "Seq Scan",
                      "Parent Relationship": "Outer",
                      "Parallel Aware": true,
                      "Relation Name": "movie_info_idx",
                      "Alias": "mi_idx",
                      "Startup Cost": 0.0,
                      "Total Cost": 13685.15,
                      "Plan Rows": 575015,
                      "Plan Width": 4,
                      "Actual Startup Time": 0.022,
                      "Actual Total Time": 35.364,
                      "Actual Rows": 460012,
                      "Actual Loops": 3
                    },
                    {
                      "Node Type": "Hash",
                      "Parent Relationship": "Inner",
                      "Parallel Aware": true,
                      "Startup Cost": 45479.1,
                      "Total Cost": 45479.1,
                      "Plan Rows": 24232,
                      "Plan Width": 4,
                      "Actual Startup Time": 137.757,
                      "Actual Total Time": 137.758,
                      "Actual Rows": 77021,
                      "Actual Loops": 3,
                      "Hash Buckets": 262144,
                      "Original Hash Buckets": 131072,
                      "Hash Batches": 1,
                      "Original Hash Batches": 1,
                      "Peak Memory Usage": 12160,
                      "Plans": [
                        {
                          "Node Type": "Seq Scan",
                          "Parent Relationship": "Outer",
                          "Parallel Aware": true,
                          "Relation Name": "title",
                          "Alias": "t",
                          "Startup Cost": 0.0,
                          "Total Cost": 45479.1,
                          "Plan Rows": 24232,
                          "Plan Width": 4,
                          "Actual Startup Time": 67.718,
                          "Actual Total Time": 113.022,
                          "Actual Rows": 77021,
                          "Actual Loops": 3,
                          "Filter": "((production_year < 1971) AND (kind_id = 1))",
                          "Rows Removed by Filter": 765750
                        }
                      ]
                    }
                  ]
                }
              ]
            }
          ]
        }
      ]
    },
    "Planning Time": 0.666,
    "Triggers": [],
    "Execution Time": 252.662
  }
]