{
  "Plan": {
    "Node Type": "Aggregate",
    "Strategy": "Plain",
    "Partial Mode": "Finalize",
    "Parallel Aware": false,
    "Startup Cost": 719898.87,
    "Total Cost": 719898.88,
    "Plan Rows": 1,
    "Plan Width": 8,
    "Actual Startup Time": 5002.248,
    "Actual Total Time": 5070.226,
    "Actual Rows": 1,
    "Actual Loops": 1,
    "Plans": [
      {
        "Node Type": "Gather",
        "Parent Relationship": "Outer",
        "Parallel Aware": false,
        "Startup Cost": 719898.75,
        "Total Cost": 719898.86,
        "Plan Rows": 1,
        "Plan Width": 8,
        "Actual Startup Time": 4997.849,
        "Actual Total Time": 5070.212,
        "Actual Rows": 2,
        "Actual Loops": 1,
        "Workers Planned": 1,
        "Workers Launched": 1,
        "Single Copy": false,
        "Plans": [
          {
            "Node Type": "Aggregate",
            "Strategy": "Plain",
            "Partial Mode": "Partial",
            "Parent Relationship": "Outer",
            "Parallel Aware": false,
            "Startup Cost": 718898.75,
            "Total Cost": 718898.76,
            "Plan Rows": 1,
            "Plan Width": 8,
            "Actual Startup Time": 4994.036,
            "Actual Total Time": 4994.96,
            "Actual Rows": 1,
            "Actual Loops": 2,
            "Plans": [
              {
                "Node Type": "Hash Join",
                "Parent Relationship": "Outer",
                "Parallel Aware": true,
                "Join Type": "Inner",
                "Startup Cost": 90421.53,
                "Total Cost": 706771.61,
                "Plan Rows": 4850858,
                "Plan Width": 0,
                "Actual Startup Time": 751.723,
                "Actual Total Time": 4739.274,
                "Actual Rows": 6002715,
                "Actual Loops": 2,
                "Inner Unique": false,
                "Hash Cond": "(ci.movie_id = t.id)",
                "Plans": [
                  {
                    "Node Type": "Seq Scan",
                    "Parent Relationship": "Outer",
                    "Parallel Aware": true,
                    "Relation Name": "cast_info",
                    "Alias": "ci",
                    "Startup Cost": 0.0,
                    "Total Cost": 519069.44,
                    "Plan Rows": 18332311,
                    "Plan Width": 4,
                    "Actual Startup Time": 131.483,
                    "Actual Total Time": 1749.947,
                    "Actual Rows": 15510249,
                    "Actual Loops": 2,
                    "Filter": "(person_id > 505317)",
                    "Rows Removed by Filter": 2611923
                  },
                  {
                    "Node Type": "Hash",
                    "Parent Relationship": "Inner",
                    "Parallel Aware": true,
                    "Startup Cost": 85502.38,
                    "Total Cost": 85502.38,
                    "Plan Rows": 393532,
                    "Plan Width": 8,
                    "Actual Startup Time": 612.542,
                    "Actual Total Time": 613.464,
                    "Actual Rows": 183398,
                    "Actual Loops": 2,
                    "Hash Buckets": 1048576,
                    "Original Hash Buckets": 1048576,
                    "Hash Batches": 1,
                    "Original Hash Batches": 1,
                    "Peak Memory Usage": 22560,
                    "Plans": [
                      {
                        "Node Type": "Hash Join",
                        "Parent Relationship": "Outer",
                        "Parallel Aware": true,
                        "Join Type": "Inner",
                        "Startup Cost": 67318.59,
                        "Total Cost": 85502.38,
                        "Plan Rows": 393532,
                        "Plan Width": 8,
                        "Actual Startup Time": 390.35,
                        "Actual Total Time": 570.825,
                        "Actual Rows": 183398,
                        "Actual Loops": 2,
                        "Inner Unique": true,
                        "Hash Cond": "(mi_idx.movie_id = t.id)",
                        "Plans": [
                          {
                            "Node Type": "Seq Scan",
                            "Parent Relationship": "Outer",
                            "Parallel Aware": true,
                            "Relation Name": "movie_info_idx",
                            "Alias": "mi_idx",
                            "Startup Cost": 0.0,
                            "Total Cost": 16052.85,
                            "Plan Rows": 811785,
                            "Plan Width": 4,
                            "Actual Startup Time": 0.022,
                            "Actual Total Time": 51.032,
                            "Actual Rows": 690018,
                            "Actual Loops": 2
                          },
                          {
                            "Node Type": "Hash",
                            "Parent Relationship": "Inner",
                            "Parallel Aware": true,
                            "Startup Cost": 58306.47,
                            "Total Cost": 58306.47,
                            "Plan Rows": 720970,
                            "Plan Width": 4,
                            "Actual Startup Time": 381.376,
                            "Actual Total Time": 381.377,
                            "Actual Rows": 654448,
                            "Actual Loops": 2,
                            "Hash Buckets": 2097152,
                            "Original Hash Buckets": 2097152,
                            "Hash Batches": 1,
                            "Original Hash Batches": 1,
                            "Peak Memory Usage": 67616,
                            "Plans": [
                              {
                                "Node Type": "Seq Scan",
                                "Parent Relationship": "Outer",
                                "Parallel Aware": true,
                                "Relation Name": "title",
                                "Alias": "t",
                                "Startup Cost": 0.0,
                                "Total Cost": 58306.47,
                                "Plan Rows": 720970,
                                "Plan Width": 4,
                                "Actual Startup Time": 0.028,
                                "Actual Total Time": 175.305,
                                "Actual Rows": 654448,
                                "Actual Loops": 2,
                                "Filter": "((production_year > 1975) AND (kind_id = 7))",
                                "Rows Removed by Filter": 609708
                              }
                            ]
                          }
                        ]
                      }
                    ]
                  }
                ]
              }
            ]
          }
        ]
      }
    ]
  },
  "Planning Time": 0.796,
  "Triggers": [],
  "Execution Time": 5070.32
}