{
  "Plan": {
    "Node Type": "Aggregate",
    "Strategy": "Plain",
    "Partial Mode": "Finalize",
    "Parallel Aware": false,
    "Startup Cost": 112838.62,
    "Total Cost": 112838.63,
    "Plan Rows": 1,
    "Plan Width": 8,
    "Actual Startup Time": 755.286,
    "Actual Total Time": 774.908,
    "Actual Rows": 1,
    "Actual Loops": 1,
    "Plans": [
      {
        "Node Type": "Gather",
        "Parent Relationship": "Outer",
        "Parallel Aware": false,
        "Startup Cost": 112838.51,
        "Total Cost": 112838.62,
        "Plan Rows": 1,
        "Plan Width": 8,
        "Actual Startup Time": 749.597,
        "Actual Total Time": 774.899,
        "Actual Rows": 2,
        "Actual Loops": 1,
        "Workers Planned": 1,
        "Workers Launched": 1,
        "Single Copy": false,
        "Plans": [
          {
            "Node Type": "Aggregate",
            "Strategy": "Plain",
            "Partial Mode": "Partial",
            "Parent Relationship": "Outer",
            "Parallel Aware": false,
            "Startup Cost": 111838.51,
            "Total Cost": 111838.52,
            "Plan Rows": 1,
            "Plan Width": 8,
            "Actual Startup Time": 737.596,
            "Actual Total Time": 737.6,
            "Actual Rows": 1,
            "Actual Loops": 2,
            "Plans": [
              {
                "Node Type": "Hash Join",
                "Parent Relationship": "Outer",
                "Parallel Aware": true,
                "Join Type": "Inner",
                "Startup Cost": 81499.95,
                "Total Cost": 111003.82,
                "Plan Rows": 333876,
                "Plan Width": 0,
                "Actual Startup Time": 564.138,
                "Actual Total Time": 724.756,
                "Actual Rows": 290740,
                "Actual Loops": 2,
                "Inner Unique": true,
                "Hash Cond": "(mk.movie_id = t.id)",
                "Plans": [
                  {
                    "Node Type": "Bitmap Heap Scan",
                    "Parent Relationship": "Outer",
                    "Parallel Aware": true,
                    "Relation Name": "movie_keyword",
                    "Alias": "mk",
                    "Startup Cost": 12039.25,
                    "Total Cost": 40666.7,
                    "Plan Rows": 333876,
                    "Plan Width": 4,
                    "Actual Startup Time": 30.881,
                    "Actual Total Time": 100.662,
                    "Actual Rows": 290740,
                    "Actual Loops": 2,
                    "Recheck Cond": "(keyword_id < 412)",
                    "Rows Removed by Index Recheck": 0,
                    "Exact Heap Blocks": 13393,
                    "Lossy Heap Blocks": 0,
                    "Plans": [
                      {
                        "Node Type": "Bitmap Index Scan",
                        "Parent Relationship": "Outer",
                        "Parallel Aware": false,
                        "Index Name": "keyword_id_movie_keyword",
                        "Startup Cost": 0.0,
                        "Total Cost": 11897.35,
                        "Plan Rows": 567589,
                        "Plan Width": 0,
                        "Actual Startup Time": 27.309,
                        "Actual Total Time": 27.309,
                        "Actual Rows": 581480,
                        "Actual Loops": 1,
                        "Index Cond": "(keyword_id < 412)"
                      }
                    ]
                  },
                  {
                    "Node Type": "Hash",
                    "Parent Relationship": "Inner",
                    "Parallel Aware": true,
                    "Startup Cost": 50870.31,
                    "Total Cost": 50870.31,
                    "Plan Rows": 1487231,
                    "Plan Width": 4,
                    "Actual Startup Time": 511.981,
                    "Actual Total Time": 511.982,
                    "Actual Rows": 1264156,
                    "Actual Loops": 2,
                    "Hash Buckets": 4194304,
                    "Original Hash Buckets": 4194304,
                    "Hash Batches": 1,
                    "Original Hash Batches": 1,
                    "Peak Memory Usage": 131712,
                    "Plans": [
                      {
                        "Node Type": "Seq Scan",
                        "Parent Relationship": "Outer",
                        "Parallel Aware": true,
                        "Relation Name": "title",
                        "Alias": "t",
                        "Startup Cost": 0.0,
                        "Total Cost": 50870.31,
                        "Plan Rows": 1487231,
                        "Plan Width": 4,
                        "Actual Startup Time": 0.026,
                        "Actual Total Time": 151.399,
                        "Actual Rows": 1264156,
                        "Actual Loops": 2
                      }
                    ]
                  }
                ]
              }
            ]
          }
        ]
      }
    ]
  },
  "Planning Time": 0.714,
  "Triggers": [],
  "Execution Time": 774.999
}