[
  {
    "Plan": {
      "Node Type": "Aggregate",
      "Strategy": "Plain",
      "Partial Mode": "Simple",
      "Parallel Aware": false,
      "Startup Cost": 14532.94,
      "Total Cost": 14532.95,
      "Plan Rows": 1,
      "Plan Width": 8,
      "Actual Startup Time": 2.255,
      "Actual Total Time": 2.256,
      "Actual Rows": 1,
      "Actual Loops": 1,
      "Plans": [
        {
          "Node Type": "Index Only Scan",
          "Parent Relationship": "Outer",
          "Parallel Aware": false,
          "Scan Direction": "Forward",
          "Index Name": "person_id_cast_info",
          "Relation Name": "cast_info",
          "Alias": "ci",
          "Startup Cost": 0.56,
          "Total Cost": 14514.82,
          "Plan Rows": 7250,
          "Plan Width": 0,
          "Actual Startup Time": 0.551,
          "Actual Total Time": 1.978,
          "Actual Rows": 3839,
          "Actual Loops": 1,
          "Index Cond": "(person_id = 458088)",
          "Rows Removed by Index Recheck": 0,
          "Heap Fetches": 3839
        }
      ]
    },
    "Planning Time": 0.067,
    "Triggers": [],
    "Execution Time": 2.275
  }
]