[
    {
        "Bao": {
            "Bao prediction": "NaN",
            "Bao recommended hint": "(no hint)"
        }
    },
    {
        "Plan": {
            "Node Type": "Aggregate",
            "Strategy": "Plain",
            "Partial Mode": "Finalize",
            "Parallel Aware": false,
            "Startup Cost": 27621.42,
            "Total Cost": 27621.43,
            "Plan Rows": 1,
            "Plan Width": 8,
            "Actual Startup Time": 66.703,
            "Actual Total Time": 70.217,
            "Actual Rows": 1,
            "Actual Loops": 1,
            "Output": [
                "count(*)"
            ],
            "Plans": [
                {
                    "Node Type": "Gather",
                    "Parent Relationship": "Outer",
                    "Parallel Aware": false,
                    "Startup Cost": 27621.0,
                    "Total Cost": 27621.41,
                    "Plan Rows": 4,
                    "Plan Width": 8,
                    "Actual Startup Time": 66.546,
                    "Actual Total Time": 70.21,
                    "Actual Rows": 5,
                    "Actual Loops": 1,
                    "Output": [
                        "(PARTIAL count(*))"
                    ],
                    "Workers Planned": 4,
                    "Workers Launched": 4,
                    "Single Copy": false,
                    "Plans": [
                        {
                            "Node Type": "Aggregate",
                            "Strategy": "Plain",
                            "Partial Mode": "Partial",
                            "Parent Relationship": "Outer",
                            "Parallel Aware": false,
                            "Startup Cost": 26621.0,
                            "Total Cost": 26621.01,
                            "Plan Rows": 1,
                            "Plan Width": 8,
                            "Actual Startup Time": 57.396,
                            "Actual Total Time": 57.397,
                            "Actual Rows": 1,
                            "Actual Loops": 5,
                            "Output": [
                                "PARTIAL count(*)"
                            ],
                            "Workers": [
                                {
                                    "Worker Number": 0,
                                    "Actual Startup Time": 54.796,
                                    "Actual Total Time": 54.797,
                                    "Actual Rows": 1,
                                    "Actual Loops": 1
                                },
                                {
                                    "Worker Number": 1,
                                    "Actual Startup Time": 54.894,
                                    "Actual Total Time": 54.895,
                                    "Actual Rows": 1,
                                    "Actual Loops": 1
                                },
                                {
                                    "Worker Number": 2,
                                    "Actual Startup Time": 55.51,
                                    "Actual Total Time": 55.511,
                                    "Actual Rows": 1,
                                    "Actual Loops": 1
                                },
                                {
                                    "Worker Number": 3,
                                    "Actual Startup Time": 55.735,
                                    "Actual Total Time": 55.735,
                                    "Actual Rows": 1,
                                    "Actual Loops": 1
                                }
                            ],
                            "Plans": [
                                {
                                    "Node Type": "Index Scan",
                                    "Parent Relationship": "Outer",
                                    "Parallel Aware": true,
                                    "Scan Direction": "Forward",
                                    "Index Name": "role_id_cast_info",
                                    "Relation Name": "cast_info",
                                    "Schema": "public",
                                    "Alias": "ci",
                                    "Startup Cost": 0.56,
                                    "Total Cost": 26238.71,
                                    "Plan Rows": 152916,
                                    "Plan Width": 0,
                                    "Actual Startup Time": 0.124,
                                    "Actual Total Time": 48.496,
                                    "Actual Rows": 145662,
                                    "Actual Loops": 5,
                                    "Output": [
                                        "id",
                                        "person_id",
                                        "movie_id",
                                        "person_role_id",
                                        "note",
                                        "nr_order",
                                        "role_id"
                                    ],
                                    "Index Cond": "(ci.role_id = 5)",
                                    "Rows Removed by Index Recheck": 0,
                                    "Filter": "(ci.person_id > 1249710)",
                                    "Rows Removed by Filter": 34016,
                                    "Workers": [
                                        {
                                            "Worker Number": 0,
                                            "Actual Startup Time": 0.158,
                                            "Actual Total Time": 46.322,
                                            "Actual Rows": 135150,
                                            "Actual Loops": 1
                                        },
                                        {
                                            "Worker Number": 1,
                                            "Actual Startup Time": 0.147,
                                            "Actual Total Time": 46.526,
                                            "Actual Rows": 125487,
                                            "Actual Loops": 1
                                        },
                                        {
                                            "Worker Number": 2,
                                            "Actual Startup Time": 0.126,
                                            "Actual Total Time": 47.156,
                                            "Actual Rows": 137222,
                                            "Actual Loops": 1
                                        },
                                        {
                                            "Worker Number": 3,
                                            "Actual Startup Time": 0.138,
                                            "Actual Total Time": 47.231,
                                            "Actual Rows": 138453,
                                            "Actual Loops": 1
                                        }
                                    ]
                                }
                            ]
                        }
                    ]
                }
            ]
        },
        "Planning Time": 220.564,
        "Triggers": [],
        "Execution Time": 70.289
    }
]