[
  {
    "Plan": {
      "Node Type": "Aggregate",
      "Strategy": "Plain",
      "Partial Mode": "Finalize",
      "Parallel Aware": false,
      "Startup Cost": 336354.68,
      "Total Cost": 336354.69,
      "Plan Rows": 1,
      "Plan Width": 8,
      "Actual Startup Time": 650.565,
      "Actual Total Time": 689.281,
      "Actual Rows": 1,
      "Actual Loops": 1,
      "Plans": [
        {
          "Node Type": "Gather",
          "Parent Relationship": "Outer",
          "Parallel Aware": false,
          "Startup Cost": 336354.05,
          "Total Cost": 336354.66,
          "Plan Rows": 6,
          "Plan Width": 8,
          "Actual Startup Time": 650.479,
          "Actual Total Time": 689.273,
          "Actual Rows": 7,
          "Actual Loops": 1,
          "Workers Planned": 6,
          "Workers Launched": 6,
          "Single Copy": false,
          "Plans": [
            {
              "Node Type": "Aggregate",
              "Strategy": "Plain",
              "Partial Mode": "Partial",
              "Parent Relationship": "Outer",
              "Parallel Aware": false,
              "Startup Cost": 335354.05,
              "Total Cost": 335354.06,
              "Plan Rows": 1,
              "Plan Width": 8,
              "Actual Startup Time": 645.759,
              "Actual Total Time": 645.76,
              "Actual Rows": 1,
              "Actual Loops": 7,
              "Plans": [
                {
                  "Node Type": "Seq Scan",
                  "Parent Relationship": "Outer",
                  "Parallel Aware": true,
                  "Relation Name": "cast_info",
                  "Alias": "ci",
                  "Startup Cost": 0.0,
                  "Total Cost": 328213.62,
                  "Plan Rows": 2856174,
                  "Plan Width": 0,
                  "Actual Startup Time": 0.029,
                  "Actual Total Time": 538.279,
                  "Actual Rows": 2434425,
                  "Actual Loops": 7,
                  "Filter": "(person_id < 1684386)",
                  "Rows Removed by Filter": 2743338
                }
              ]
            }
          ]
        }
      ]
    },
    "Planning Time": 0.106,
    "Triggers": [],
    "Execution Time": 689.321
  }
]