[
  {
    "Plan": {
      "Node Type": "Aggregate",
      "Strategy": "Plain",
      "Partial Mode": "Finalize",
      "Parallel Aware": false,
      "Startup Cost": 47052.12,
      "Total Cost": 47052.13,
      "Plan Rows": 1,
      "Plan Width": 8,
      "Actual Startup Time": 250.573,
      "Actual Total Time": 262.069,
      "Actual Rows": 1,
      "Actual Loops": 1,
      "Plans": [
        {
          "Node Type": "Gather",
          "Parent Relationship": "Outer",
          "Parallel Aware": false,
          "Startup Cost": 47051.81,
          "Total Cost": 47052.12,
          "Plan Rows": 3,
          "Plan Width": 8,
          "Actual Startup Time": 250.435,
          "Actual Total Time": 262.058,
          "Actual Rows": 4,
          "Actual Loops": 1,
          "Workers Planned": 3,
          "Workers Launched": 3,
          "Single Copy": false,
          "Plans": [
            {
              "Node Type": "Aggregate",
              "Strategy": "Plain",
              "Partial Mode": "Partial",
              "Parent Relationship": "Outer",
              "Parallel Aware": false,
              "Startup Cost": 46051.81,
              "Total Cost": 46051.82,
              "Plan Rows": 1,
              "Plan Width": 8,
              "Actual Startup Time": 242.076,
              "Actual Total Time": 242.078,
              "Actual Rows": 1,
              "Actual Loops": 4,
              "Plans": [
                {
                  "Node Type": "Seq Scan",
                  "Parent Relationship": "Outer",
                  "Parallel Aware": true,
                  "Relation Name": "movie_keyword",
                  "Alias": "mk",
                  "Startup Cost": 0.0,
                  "Total Cost": 42695.65,
                  "Plan Rows": 1342461,
                  "Plan Width": 0,
                  "Actual Startup Time": 0.07,
                  "Actual Total Time": 172.322,
                  "Actual Rows": 1043452,
                  "Actual Loops": 4,
                  "Filter": "(keyword_id < 47511)",
                  "Rows Removed by Filter": 87530
                }
              ]
            }
          ]
        }
      ]
    },
    "Planning Time": 0.177,
    "Triggers": [],
    "Execution Time": 262.125
  }
]