[
  {
    "Plan": {
      "Node Type": "Aggregate",
      "Strategy": "Plain",
      "Partial Mode": "Finalize",
      "Parallel Aware": false,
      "Startup Cost": 47317.18,
      "Total Cost": 47317.19,
      "Plan Rows": 1,
      "Plan Width": 8,
      "Actual Startup Time": 203.454,
      "Actual Total Time": 213.058,
      "Actual Rows": 1,
      "Actual Loops": 1,
      "Plans": [
        {
          "Node Type": "Gather",
          "Parent Relationship": "Outer",
          "Parallel Aware": false,
          "Startup Cost": 47316.87,
          "Total Cost": 47317.18,
          "Plan Rows": 3,
          "Plan Width": 8,
          "Actual Startup Time": 203.308,
          "Actual Total Time": 213.048,
          "Actual Rows": 4,
          "Actual Loops": 1,
          "Workers Planned": 3,
          "Workers Launched": 3,
          "Single Copy": false,
          "Plans": [
            {
              "Node Type": "Aggregate",
              "Strategy": "Plain",
              "Partial Mode": "Partial",
              "Parent Relationship": "Outer",
              "Parallel Aware": false,
              "Startup Cost": 46316.87,
              "Total Cost": 46316.88,
              "Plan Rows": 1,
              "Plan Width": 8,
              "Actual Startup Time": 194.658,
              "Actual Total Time": 194.659,
              "Actual Rows": 1,
              "Actual Loops": 4,
              "Plans": [
                {
                  "Node Type": "Seq Scan",
                  "Parent Relationship": "Outer",
                  "Parallel Aware": true,
                  "Relation Name": "movie_keyword",
                  "Alias": "mk",
                  "Startup Cost": 0.0,
                  "Total Cost": 42695.65,
                  "Plan Rows": 1448485,
                  "Plan Width": 0,
                  "Actual Startup Time": 0.059,
                  "Actual Total Time": 139.86,
                  "Actual Rows": 1122603,
                  "Actual Loops": 4,
                  "Filter": "(keyword_id < 108344)",
                  "Rows Removed by Filter": 8380
                }
              ]
            }
          ]
        }
      ]
    },
    "Planning Time": 0.321,
    "Triggers": [],
    "Execution Time": 213.109
  }
]