[
  {
    "Plan": {
      "Node Type": "Aggregate",
      "Strategy": "Plain",
      "Partial Mode": "Finalize",
      "Parallel Aware": false,
      "Startup Cost": 128893.74,
      "Total Cost": 128893.75,
      "Plan Rows": 1,
      "Plan Width": 8,
      "Actual Startup Time": 954.667,
      "Actual Total Time": 975.776,
      "Actual Rows": 1,
      "Actual Loops": 1,
      "Plans": [
        {
          "Node Type": "Gather",
          "Parent Relationship": "Outer",
          "Parallel Aware": false,
          "Startup Cost": 128893.42,
          "Total Cost": 128893.73,
          "Plan Rows": 3,
          "Plan Width": 8,
          "Actual Startup Time": 948.085,
          "Actual Total Time": 975.767,
          "Actual Rows": 4,
          "Actual Loops": 1,
          "Workers Planned": 3,
          "Workers Launched": 3,
          "Single Copy": false,
          "Plans": [
            {
              "Node Type": "Aggregate",
              "Strategy": "Plain",
              "Partial Mode": "Partial",
              "Parent Relationship": "Outer",
              "Parallel Aware": false,
              "Startup Cost": 127893.42,
              "Total Cost": 127893.43,
              "Plan Rows": 1,
              "Plan Width": 8,
              "Actual Startup Time": 939.207,
              "Actual Total Time": 939.52,
              "Actual Rows": 1,
              "Actual Loops": 4,
              "Plans": [
                {
                  "Node Type": "Hash Join",
                  "Parent Relationship": "Outer",
                  "Parallel Aware": true,
                  "Join Type": "Inner",
                  "Startup Cost": 81650.02,
                  "Total Cost": 127031.63,
                  "Plan Rows": 344717,
                  "Plan Width": 0,
                  "Actual Startup Time": 537.794,
                  "Actual Total Time": 874.17,
                  "Actual Rows": 1498358,
                  "Actual Loops": 4,
                  "Inner Unique": false,
                  "Hash Cond": "(mk.movie_id = t.id)",
                  "Plans": [
                    {
                      "Node Type": "Seq Scan",
                      "Parent Relationship": "Outer",
                      "Parallel Aware": true,
                      "Relation Name": "movie_keyword",
                      "Alias": "mk",
                      "Startup Cost": 0.0,
                      "Total Cost": 39047.32,
                      "Plan Rows": 1459332,
                      "Plan Width": 4,
                      "Actual Startup Time": 0.056,
                      "Actual Total Time": 95.191,
                      "Actual Rows": 1130982,
                      "Actual Loops": 4
                    },
                    {
                      "Node Type": "Hash",
                      "Parent Relationship": "Inner",
                      "Parallel Aware": true,
                      "Startup Cost": 79783.7,
                      "Total Cost": 79783.7,
                      "Plan Rows": 149306,
                      "Plan Width": 8,
                      "Actual Startup Time": 532.423,
                      "Actual Total Time": 532.734,
                      "Actual Rows": 219439,
                      "Actual Loops": 4,
                      "Hash Buckets": 1048576,
                      "Original Hash Buckets": 1048576,
                      "Hash Batches": 1,
                      "Original Hash Batches": 1,
                      "Peak Memory Usage": 42592,
                      "Plans": [
                        {
                          "Node Type": "Hash Join",
                          "Parent Relationship": "Outer",
                          "Parallel Aware": true,
                          "Join Type": "Inner",
                          "Startup Cost": 33822.97,
                          "Total Cost": 79783.7,
                          "Plan Rows": 149306,
                          "Plan Width": 8,
                          "Actual Startup Time": 161.717,
                          "Actual Total Time": 456.9,
                          "Actual Rows": 219439,
                          "Actual Loops": 4,
                          "Inner Unique": false,
                          "Hash Cond": "(t.id = mc.movie_id)",
                          "Plans": [
                            {
                              "Node Type": "Seq Scan",
                              "Parent Relationship": "Outer",
                              "Parallel Aware": true,
                              "Relation Name": "title",
                              "Alias": "t",
                              "Startup Cost": 0.0,
                              "Total Cost": 42318.73,
                              "Plan Rows": 632073,
                              "Plan Width": 4,
                              "Actual Startup Time": 0.014,
                              "Actual Total Time": 82.665,
                              "Actual Rows": 632078,
                              "Actual Loops": 4
                            },
                            {
                              "Node Type": "Hash",
                              "Parent Relationship": "Inner",
                              "Parallel Aware": true,
                              "Startup Cost": 31414.82,
                              "Total Cost": 31414.82,
                              "Plan Rows": 192652,
                              "Plan Width": 4,
                              "Actual Startup Time": 158.999,
                              "Actual Total Time": 159.0,
                              "Actual Rows": 219439,
                              "Actual Loops": 4,
                              "Hash Buckets": 1048576,
                              "Original Hash Buckets": 1048576,
                              "Hash Batches": 1,
                              "Original Hash Batches": 1,
                              "Peak Memory Usage": 42592,
                              "Plans": [
                                {
                                  "Node Type": "Seq Scan",
                                  "Parent Relationship": "Outer",
                                  "Parallel Aware": true,
                                  "Relation Name": "movie_companies",
                                  "Alias": "mc",
                                  "Startup Cost": 0.0,
                                  "Total Cost": 31414.82,
                                  "Plan Rows": 192652,
                                  "Plan Width": 4,
                                  "Actual Startup Time": 48.185,
                                  "Actual Total Time": 90.495,
                                  "Actual Rows": 219439,
                                  "Actual Loops": 4,
                                  "Filter": "((company_id > 12669) AND (company_type_id > 1))",
                                  "Rows Removed by Filter": 432843
                                }
                              ]
                            }
                          ]
                        }
                      ]
                    }
                  ]
                }
              ]
            }
          ]
        }
      ]
    },
    "Planning Time": 1.33,
    "Triggers": [],
    "Execution Time": 975.86
  }
]