[
    {
        "Bao": {
            "Bao prediction": "NaN",
            "Bao recommended hint": "(no hint)"
        }
    },
    {
        "Plan": {
            "Node Type": "Aggregate",
            "Strategy": "Plain",
            "Partial Mode": "Finalize",
            "Parallel Aware": false,
            "Startup Cost": 33391.51,
            "Total Cost": 33391.52,
            "Plan Rows": 1,
            "Plan Width": 8,
            "Actual Startup Time": 110.293,
            "Actual Total Time": 115.239,
            "Actual Rows": 1,
            "Actual Loops": 1,
            "Output": [
                "count(*)"
            ],
            "Plans": [
                {
                    "Node Type": "Gather",
                    "Parent Relationship": "Outer",
                    "Parallel Aware": false,
                    "Startup Cost": 33391.19,
                    "Total Cost": 33391.5,
                    "Plan Rows": 3,
                    "Plan Width": 8,
                    "Actual Startup Time": 110.196,
                    "Actual Total Time": 115.232,
                    "Actual Rows": 4,
                    "Actual Loops": 1,
                    "Output": [
                        "(PARTIAL count(*))"
                    ],
                    "Workers Planned": 3,
                    "Workers Launched": 3,
                    "Single Copy": false,
                    "Plans": [
                        {
                            "Node Type": "Aggregate",
                            "Strategy": "Plain",
                            "Partial Mode": "Partial",
                            "Parent Relationship": "Outer",
                            "Parallel Aware": false,
                            "Startup Cost": 32391.19,
                            "Total Cost": 32391.2,
                            "Plan Rows": 1,
                            "Plan Width": 8,
                            "Actual Startup Time": 102.441,
                            "Actual Total Time": 102.442,
                            "Actual Rows": 1,
                            "Actual Loops": 4,
                            "Output": [
                                "PARTIAL count(*)"
                            ],
                            "Workers": [
                                {
                                    "Worker Number": 0,
                                    "Actual Startup Time": 99.764,
                                    "Actual Total Time": 99.765,
                                    "Actual Rows": 1,
                                    "Actual Loops": 1
                                },
                                {
                                    "Worker Number": 1,
                                    "Actual Startup Time": 99.818,
                                    "Actual Total Time": 99.82,
                                    "Actual Rows": 1,
                                    "Actual Loops": 1
                                },
                                {
                                    "Worker Number": 2,
                                    "Actual Startup Time": 100.227,
                                    "Actual Total Time": 100.228,
                                    "Actual Rows": 1,
                                    "Actual Loops": 1
                                }
                            ],
                            "Plans": [
                                {
                                    "Node Type": "Seq Scan",
                                    "Parent Relationship": "Outer",
                                    "Parallel Aware": true,
                                    "Relation Name": "movie_companies",
                                    "Schema": "public",
                                    "Alias": "mc",
                                    "Startup Cost": 0.0,
                                    "Total Cost": 31414.82,
                                    "Plan Rows": 390548,
                                    "Plan Width": 0,
                                    "Actual Startup Time": 41.854,
                                    "Actual Total Time": 87.303,
                                    "Actual Rows": 274298,
                                    "Actual Loops": 4,
                                    "Output": [
                                        "id",
                                        "movie_id",
                                        "company_id",
                                        "company_type_id",
                                        "note"
                                    ],
                                    "Filter": "((mc.company_id < 103641) AND (mc.company_type_id = 2))",
                                    "Rows Removed by Filter": 377984,
                                    "Workers": [
                                        {
                                            "Worker Number": 0,
                                            "Actual Startup Time": 39.185,
                                            "Actual Total Time": 84.63,
                                            "Actual Rows": 231143,
                                            "Actual Loops": 1
                                        },
                                        {
                                            "Worker Number": 1,
                                            "Actual Startup Time": 39.237,
                                            "Actual Total Time": 84.74,
                                            "Actual Rows": 226169,
                                            "Actual Loops": 1
                                        },
                                        {
                                            "Worker Number": 2,
                                            "Actual Startup Time": 39.635,
                                            "Actual Total Time": 85.156,
                                            "Actual Rows": 230405,
                                            "Actual Loops": 1
                                        }
                                    ]
                                }
                            ]
                        }
                    ]
                }
            ]
        },
        "Planning Time": 179.419,
        "Triggers": [],
        "Execution Time": 115.277
    }
]