[
  {
    "Plan": {
      "Node Type": "Aggregate",
      "Strategy": "Plain",
      "Partial Mode": "Finalize",
      "Parallel Aware": false,
      "Startup Cost": 402401.48,
      "Total Cost": 402401.49,
      "Plan Rows": 1,
      "Plan Width": 8,
      "Actual Startup Time": 1379.937,
      "Actual Total Time": 1438.009,
      "Actual Rows": 1,
      "Actual Loops": 1,
      "Plans": [
        {
          "Node Type": "Gather",
          "Parent Relationship": "Outer",
          "Parallel Aware": false,
          "Startup Cost": 402400.85,
          "Total Cost": 402401.46,
          "Plan Rows": 6,
          "Plan Width": 8,
          "Actual Startup Time": 1365.067,
          "Actual Total Time": 1437.996,
          "Actual Rows": 7,
          "Actual Loops": 1,
          "Workers Planned": 6,
          "Workers Launched": 6,
          "Single Copy": false,
          "Plans": [
            {
              "Node Type": "Aggregate",
              "Strategy": "Plain",
              "Partial Mode": "Partial",
              "Parent Relationship": "Outer",
              "Parallel Aware": false,
              "Startup Cost": 401400.85,
              "Total Cost": 401400.86,
              "Plan Rows": 1,
              "Plan Width": 8,
              "Actual Startup Time": 1350.767,
              "Actual Total Time": 1350.77,
              "Actual Rows": 1,
              "Actual Loops": 7,
              "Plans": [
                {
                  "Node Type": "Hash Join",
                  "Parent Relationship": "Outer",
                  "Parallel Aware": true,
                  "Join Type": "Inner",
                  "Startup Cost": 49827.08,
                  "Total Cost": 397934.7,
                  "Plan Rows": 1386460,
                  "Plan Width": 0,
                  "Actual Startup Time": 427.411,
                  "Actual Total Time": 1306.23,
                  "Actual Rows": 997889,
                  "Actual Loops": 7,
                  "Inner Unique": true,
                  "Hash Cond": "(ci.movie_id = t.id)",
                  "Plans": [
                    {
                      "Node Type": "Seq Scan",
                      "Parent Relationship": "Outer",
                      "Parallel Aware": true,
                      "Relation Name": "cast_info",
                      "Alias": "ci",
                      "Startup Cost": 0.0,
                      "Total Cost": 343257.03,
                      "Plan Rows": 1847842,
                      "Plan Width": 4,
                      "Actual Startup Time": 223.582,
                      "Actual Total Time": 613.624,
                      "Actual Rows": 1192443,
                      "Actual Loops": 7,
                      "Filter": "((person_id > 1951959) AND (role_id < 4))",
                      "Rows Removed by Filter": 3985321
                    },
                    {
                      "Node Type": "Hash",
                      "Parent Relationship": "Inner",
                      "Parallel Aware": true,
                      "Startup Cost": 43898.92,
                      "Total Cost": 43898.92,
                      "Plan Rows": 474253,
                      "Plan Width": 4,
                      "Actual Startup Time": 198.782,
                      "Actual Total Time": 198.783,
                      "Actual Rows": 269681,
                      "Actual Loops": 7,
                      "Hash Buckets": 2097152,
                      "Original Hash Buckets": 2097152,
                      "Hash Batches": 1,
                      "Original Hash Batches": 1,
                      "Peak Memory Usage": 90368,
                      "Plans": [
                        {
                          "Node Type": "Seq Scan",
                          "Parent Relationship": "Outer",
                          "Parallel Aware": true,
                          "Relation Name": "title",
                          "Alias": "t",
                          "Startup Cost": 0.0,
                          "Total Cost": 43898.92,
                          "Plan Rows": 474253,
                          "Plan Width": 4,
                          "Actual Startup Time": 0.043,
                          "Actual Total Time": 80.423,
                          "Actual Rows": 269681,
                          "Actual Loops": 7,
                          "Filter": "(production_year > 1983)",
                          "Rows Removed by Filter": 91506
                        }
                      ]
                    }
                  ]
                }
              ]
            }
          ]
        }
      ]
    },
    "Planning Time": 0.621,
    "Triggers": [],
    "Execution Time": 1438.096
  }
]