[
  {
    "Plan": {
      "Node Type": "Aggregate",
      "Strategy": "Plain",
      "Partial Mode": "Finalize",
      "Parallel Aware": false,
      "Startup Cost": 430173.3,
      "Total Cost": 430173.31,
      "Plan Rows": 1,
      "Plan Width": 8,
      "Actual Startup Time": 1417.687,
      "Actual Total Time": 1445.177,
      "Actual Rows": 1,
      "Actual Loops": 1,
      "Plans": [
        {
          "Node Type": "Gather",
          "Parent Relationship": "Outer",
          "Parallel Aware": false,
          "Startup Cost": 430172.67,
          "Total Cost": 430173.28,
          "Plan Rows": 6,
          "Plan Width": 8,
          "Actual Startup Time": 1410.753,
          "Actual Total Time": 1445.167,
          "Actual Rows": 7,
          "Actual Loops": 1,
          "Workers Planned": 6,
          "Workers Launched": 6,
          "Single Copy": false,
          "Plans": [
            {
              "Node Type": "Aggregate",
              "Strategy": "Plain",
              "Partial Mode": "Partial",
              "Parent Relationship": "Outer",
              "Parallel Aware": false,
              "Startup Cost": 429172.67,
              "Total Cost": 429172.68,
              "Plan Rows": 1,
              "Plan Width": 8,
              "Actual Startup Time": 1404.057,
              "Actual Total Time": 1404.219,
              "Actual Rows": 1,
              "Actual Loops": 7,
              "Plans": [
                {
                  "Node Type": "Hash Join",
                  "Parent Relationship": "Outer",
                  "Parallel Aware": true,
                  "Join Type": "Inner",
                  "Startup Cost": 84980.36,
                  "Total Cost": 425493.7,
                  "Plan Rows": 1471590,
                  "Plan Width": 0,
                  "Actual Startup Time": 257.92,
                  "Actual Total Time": 1366.288,
                  "Actual Rows": 885347,
                  "Actual Loops": 7,
                  "Inner Unique": false,
                  "Hash Cond": "(ci.movie_id = t.id)",
                  "Plans": [
                    {
                      "Node Type": "Seq Scan",
                      "Parent Relationship": "Outer",
                      "Parallel Aware": true,
                      "Relation Name": "cast_info",
                      "Alias": "ci",
                      "Startup Cost": 0.0,
                      "Total Cost": 313108.29,
                      "Plan Rows": 6042129,
                      "Plan Width": 4,
                      "Actual Startup Time": 0.021,
                      "Actual Total Time": 464.47,
                      "Actual Rows": 5177763,
                      "Actual Loops": 7
                    },
                    {
                      "Node Type": "Hash",
                      "Parent Relationship": "Inner",
                      "Parallel Aware": true,
                      "Startup Cost": 82497.36,
                      "Total Cost": 82497.36,
                      "Plan Rows": 198640,
                      "Plan Width": 8,
                      "Actual Startup Time": 255.357,
                      "Actual Total Time": 255.518,
                      "Actual Rows": 34763,
                      "Actual Loops": 7,
                      "Hash Buckets": 1048576,
                      "Original Hash Buckets": 1048576,
                      "Hash Batches": 1,
                      "Original Hash Batches": 1,
                      "Peak Memory Usage": 17824,
                      "Plans": [
                        {
                          "Node Type": "Hash Join",
                          "Parent Relationship": "Outer",
                          "Parallel Aware": true,
                          "Join Type": "Inner",
                          "Startup Cost": 50212.07,
                          "Total Cost": 82497.36,
                          "Plan Rows": 198640,
                          "Plan Width": 8,
                          "Actual Startup Time": 168.202,
                          "Actual Total Time": 238.765,
                          "Actual Rows": 34763,
                          "Actual Loops": 7,
                          "Inner Unique": true,
                          "Hash Cond": "(mc.movie_id = t.id)",
                          "Plans": [
                            {
                              "Node Type": "Seq Scan",
                              "Parent Relationship": "Outer",
                              "Parallel Aware": true,
                              "Relation Name": "movie_companies",
                              "Alias": "mc",
                              "Startup Cost": 0.0,
                              "Total Cost": 31414.82,
                              "Plan Rows": 331609,
                              "Plan Width": 4,
                              "Actual Startup Time": 0.082,
                              "Actual Total Time": 39.571,
                              "Actual Rows": 129432,
                              "Actual Loops": 7,
                              "Filter": "((company_id > 452) AND (company_type_id = 1))",
                              "Rows Removed by Filter": 243301
                            },
                            {
                              "Node Type": "Hash",
                              "Parent Relationship": "Inner",
                              "Parallel Aware": true,
                              "Startup Cost": 45479.21,
                              "Total Cost": 45479.21,
                              "Plan Rows": 378629,
                              "Plan Width": 4,
                              "Actual Startup Time": 165.568,
                              "Actual Total Time": 165.569,
                              "Actual Rows": 215319,
                              "Actual Loops": 7,
                              "Hash Buckets": 2097152,
                              "Original Hash Buckets": 2097152,
                              "Hash Batches": 1,
                              "Original Hash Batches": 1,
                              "Peak Memory Usage": 75488,
                              "Plans": [
                                {
                                  "Node Type": "Seq Scan",
                                  "Parent Relationship": "Outer",
                                  "Parallel Aware": true,
                                  "Relation Name": "title",
                                  "Alias": "t",
                                  "Startup Cost": 0.0,
                                  "Total Cost": 45479.21,
                                  "Plan Rows": 378629,
                                  "Plan Width": 4,
                                  "Actual Startup Time": 0.032,
                                  "Actual Total Time": 70.495,
                                  "Actual Rows": 215319,
                                  "Actual Loops": 7,
                                  "Filter": "((kind_id > 1) AND (production_year < 2011))",
                                  "Rows Removed by Filter": 145868
                                }
                              ]
                            }
                          ]
                        }
                      ]
                    }
                  ]
                }
              ]
            }
          ]
        }
      ]
    },
    "Planning Time": 0.868,
    "Triggers": [],
    "Execution Time": 1445.241
  }
]