[
  {
    "Plan": {
      "Node Type": "Aggregate",
      "Strategy": "Plain",
      "Partial Mode": "Finalize",
      "Parallel Aware": false,
      "Startup Cost": 81478.19,
      "Total Cost": 81478.2,
      "Plan Rows": 1,
      "Plan Width": 8,
      "Actual Startup Time": 400.614,
      "Actual Total Time": 415.172,
      "Actual Rows": 1,
      "Actual Loops": 1,
      "Plans": [
        {
          "Node Type": "Gather",
          "Parent Relationship": "Outer",
          "Parallel Aware": false,
          "Startup Cost": 81477.77,
          "Total Cost": 81478.18,
          "Plan Rows": 4,
          "Plan Width": 8,
          "Actual Startup Time": 397.005,
          "Actual Total Time": 415.159,
          "Actual Rows": 5,
          "Actual Loops": 1,
          "Workers Planned": 4,
          "Workers Launched": 4,
          "Single Copy": false,
          "Plans": [
            {
              "Node Type": "Aggregate",
              "Strategy": "Plain",
              "Partial Mode": "Partial",
              "Parent Relationship": "Outer",
              "Parallel Aware": false,
              "Startup Cost": 80477.77,
              "Total Cost": 80477.78,
              "Plan Rows": 1,
              "Plan Width": 8,
              "Actual Startup Time": 387.16,
              "Actual Total Time": 387.163,
              "Actual Rows": 1,
              "Actual Loops": 5,
              "Plans": [
                {
                  "Node Type": "Hash Join",
                  "Parent Relationship": "Outer",
                  "Parallel Aware": true,
                  "Join Type": "Inner",
                  "Startup Cost": 34059.73,
                  "Total Cost": 80067.81,
                  "Plan Rows": 163984,
                  "Plan Width": 0,
                  "Actual Startup Time": 148.631,
                  "Actual Total Time": 378.203,
                  "Actual Rows": 181292,
                  "Actual Loops": 5,
                  "Inner Unique": false,
                  "Hash Cond": "(t.id = mc.movie_id)",
                  "Plans": [
                    {
                      "Node Type": "Seq Scan",
                      "Parent Relationship": "Outer",
                      "Parallel Aware": true,
                      "Relation Name": "title",
                      "Alias": "t",
                      "Startup Cost": 0.0,
                      "Total Cost": 42318.73,
                      "Plan Rows": 632073,
                      "Plan Width": 4,
                      "Actual Startup Time": 0.01,
                      "Actual Total Time": 65.682,
                      "Actual Rows": 505662,
                      "Actual Loops": 5
                    },
                    {
                      "Node Type": "Hash",
                      "Parent Relationship": "Inner",
                      "Parallel Aware": true,
                      "Startup Cost": 31414.82,
                      "Total Cost": 31414.82,
                      "Plan Rows": 211593,
                      "Plan Width": 4,
                      "Actual Startup Time": 144.228,
                      "Actual Total Time": 144.229,
                      "Actual Rows": 181292,
                      "Actual Loops": 5,
                      "Hash Buckets": 1048576,
                      "Original Hash Buckets": 1048576,
                      "Hash Batches": 1,
                      "Original Hash Batches": 1,
                      "Peak Memory Usage": 43680,
                      "Plans": [
                        {
                          "Node Type": "Seq Scan",
                          "Parent Relationship": "Outer",
                          "Parallel Aware": true,
                          "Relation Name": "movie_companies",
                          "Alias": "mc",
                          "Startup Cost": 0.0,
                          "Total Cost": 31414.82,
                          "Plan Rows": 211593,
                          "Plan Width": 4,
                          "Actual Startup Time": 48.647,
                          "Actual Total Time": 82.965,
                          "Actual Rows": 181292,
                          "Actual Loops": 5,
                          "Filter": "((company_id > 11345) AND (company_type_id > 1))",
                          "Rows Removed by Filter": 340534
                        }
                      ]
                    }
                  ]
                }
              ]
            }
          ]
        }
      ]
    },
    "Planning Time": 0.639,
    "Triggers": [],
    "Execution Time": 415.24
  }
]