[
    {
        "Bao": {
            "Bao prediction": "NaN",
            "Bao recommended hint": "(no hint)"
        }
    },
    {
        "Plan": {
            "Node Type": "Aggregate",
            "Strategy": "Plain",
            "Partial Mode": "Finalize",
            "Parallel Aware": false,
            "Startup Cost": 353990.25,
            "Total Cost": 353990.26,
            "Plan Rows": 1,
            "Plan Width": 8,
            "Actual Startup Time": 881.939,
            "Actual Total Time": 912.575,
            "Actual Rows": 1,
            "Actual Loops": 1,
            "Output": [
                "count(*)"
            ],
            "Plans": [
                {
                    "Node Type": "Gather",
                    "Parent Relationship": "Outer",
                    "Parallel Aware": false,
                    "Startup Cost": 353989.62,
                    "Total Cost": 353990.23,
                    "Plan Rows": 6,
                    "Plan Width": 8,
                    "Actual Startup Time": 881.797,
                    "Actual Total Time": 912.565,
                    "Actual Rows": 7,
                    "Actual Loops": 1,
                    "Output": [
                        "(PARTIAL count(*))"
                    ],
                    "Workers Planned": 6,
                    "Workers Launched": 6,
                    "Single Copy": false,
                    "Plans": [
                        {
                            "Node Type": "Aggregate",
                            "Strategy": "Plain",
                            "Partial Mode": "Partial",
                            "Parent Relationship": "Outer",
                            "Parallel Aware": false,
                            "Startup Cost": 352989.62,
                            "Total Cost": 352989.63,
                            "Plan Rows": 1,
                            "Plan Width": 8,
                            "Actual Startup Time": 872.176,
                            "Actual Total Time": 872.177,
                            "Actual Rows": 1,
                            "Actual Loops": 7,
                            "Output": [
                                "PARTIAL count(*)"
                            ],
                            "Workers": [
                                {
                                    "Worker Number": 0,
                                    "Actual Startup Time": 870.055,
                                    "Actual Total Time": 870.057,
                                    "Actual Rows": 1,
                                    "Actual Loops": 1
                                },
                                {
                                    "Worker Number": 1,
                                    "Actual Startup Time": 870.276,
                                    "Actual Total Time": 870.276,
                                    "Actual Rows": 1,
                                    "Actual Loops": 1
                                },
                                {
                                    "Worker Number": 2,
                                    "Actual Startup Time": 870.479,
                                    "Actual Total Time": 870.48,
                                    "Actual Rows": 1,
                                    "Actual Loops": 1
                                },
                                {
                                    "Worker Number": 3,
                                    "Actual Startup Time": 870.577,
                                    "Actual Total Time": 870.578,
                                    "Actual Rows": 1,
                                    "Actual Loops": 1
                                },
                                {
                                    "Worker Number": 4,
                                    "Actual Startup Time": 871.111,
                                    "Actual Total Time": 871.112,
                                    "Actual Rows": 1,
                                    "Actual Loops": 1
                                },
                                {
                                    "Worker Number": 5,
                                    "Actual Startup Time": 871.51,
                                    "Actual Total Time": 871.511,
                                    "Actual Rows": 1,
                                    "Actual Loops": 1
                                }
                            ],
                            "Plans": [
                                {
                                    "Node Type": "Seq Scan",
                                    "Parent Relationship": "Outer",
                                    "Parallel Aware": true,
                                    "Relation Name": "cast_info",
                                    "Schema": "public",
                                    "Alias": "ci",
                                    "Startup Cost": 0.0,
                                    "Total Cost": 343318.94,
                                    "Plan Rows": 3868273,
                                    "Plan Width": 0,
                                    "Actual Startup Time": 224.872,
                                    "Actual Total Time": 712.636,
                                    "Actual Rows": 3303539,
                                    "Actual Loops": 7,
                                    "Output": [
                                        "id",
                                        "person_id",
                                        "movie_id",
                                        "person_role_id",
                                        "note",
                                        "nr_order",
                                        "role_id"
                                    ],
                                    "Filter": "((ci.person_id < 3976408) AND (ci.role_id > 1))",
                                    "Rows Removed by Filter": 1874225,
                                    "Workers": [
                                        {
                                            "Worker Number": 0,
                                            "Actual Startup Time": 222.762,
                                            "Actual Total Time": 710.844,
                                            "Actual Rows": 2409797,
                                            "Actual Loops": 1
                                        },
                                        {
                                            "Worker Number": 1,
                                            "Actual Startup Time": 222.971,
                                            "Actual Total Time": 711.576,
                                            "Actual Rows": 2402789,
                                            "Actual Loops": 1
                                        },
                                        {
                                            "Worker Number": 2,
                                            "Actual Startup Time": 223.17,
                                            "Actual Total Time": 715.443,
                                            "Actual Rows": 3764519,
                                            "Actual Loops": 1
                                        },
                                        {
                                            "Worker Number": 3,
                                            "Actual Startup Time": 223.263,
                                            "Actual Total Time": 716.115,
                                            "Actual Rows": 3759307,
                                            "Actual Loops": 1
                                        },
                                        {
                                            "Worker Number": 4,
                                            "Actual Startup Time": 223.808,
                                            "Actual Total Time": 711.964,
                                            "Actual Rows": 2407210,
                                            "Actual Loops": 1
                                        },
                                        {
                                            "Worker Number": 5,
                                            "Actual Startup Time": 224.204,
                                            "Actual Total Time": 714.603,
                                            "Actual Rows": 3854651,
                                            "Actual Loops": 1
                                        }
                                    ]
                                }
                            ]
                        }
                    ]
                }
            ]
        },
        "Planning Time": 197.321,
        "Triggers": [],
        "Execution Time": 912.644
    }
]