[
  {
    "Plan": {
      "Node Type": "Aggregate",
      "Strategy": "Plain",
      "Partial Mode": "Simple",
      "Parallel Aware": false,
      "Startup Cost": 767613.89,
      "Total Cost": 767613.9,
      "Plan Rows": 1,
      "Plan Width": 64,
      "Actual Startup Time": 1766.478,
      "Actual Total Time": 1896.346,
      "Actual Rows": 1,
      "Actual Loops": 1,
      "Plans": [
        {
          "Node Type": "Gather",
          "Parent Relationship": "Outer",
          "Parallel Aware": false,
          "Startup Cost": 721599.05,
          "Total Cost": 767613.89,
          "Plan Rows": 1,
          "Plan Width": 32,
          "Actual Startup Time": 1716.084,
          "Actual Total Time": 1896.284,
          "Actual Rows": 184,
          "Actual Loops": 1,
          "Workers Planned": 4,
          "Workers Launched": 4,
          "Single Copy": false,
          "Plans": [
            {
              "Node Type": "Hash Join",
              "Parent Relationship": "Outer",
              "Parallel Aware": true,
              "Join Type": "Inner",
              "Startup Cost": 720599.05,
              "Total Cost": 766613.79,
              "Plan Rows": 1,
              "Plan Width": 32,
              "Actual Startup Time": 1712.871,
              "Actual Total Time": 1755.572,
              "Actual Rows": 37,
              "Actual Loops": 5,
              "Inner Unique": false,
              "Hash Cond": "(t.id = mi.movie_id)",
              "Plans": [
                {
                  "Node Type": "Seq Scan",
                  "Parent Relationship": "Outer",
                  "Parallel Aware": true,
                  "Relation Name": "title",
                  "Alias": "t",
                  "Startup Cost": 0.0,
                  "Total Cost": 45478.29,
                  "Plan Rows": 143049,
                  "Plan Width": 21,
                  "Actual Startup Time": 0.011,
                  "Actual Total Time": 70.449,
                  "Actual Rows": 114911,
                  "Actual Loops": 5,
                  "Filter": "((production_year >= 2005) AND (production_year <= 2009))",
                  "Rows Removed by Filter": 390751
                },
                {
                  "Node Type": "Hash",
                  "Parent Relationship": "Inner",
                  "Parallel Aware": true,
                  "Startup Cost": 720599.04,
                  "Total Cost": 720599.04,
                  "Plan Rows": 1,
                  "Plan Width": 27,
                  "Actual Startup Time": 1676.098,
                  "Actual Total Time": 1676.121,
                  "Actual Rows": 62,
                  "Actual Loops": 5,
                  "Hash Buckets": 1024,
                  "Original Hash Buckets": 1024,
                  "Hash Batches": 1,
                  "Original Hash Batches": 1,
                  "Peak Memory Usage": 168,
                  "Plans": [
                    {
                      "Node Type": "Hash Join",
                      "Parent Relationship": "Outer",
                      "Parallel Aware": true,
                      "Join Type": "Inner",
                      "Startup Cost": 715691.07,
                      "Total Cost": 720599.04,
                      "Plan Rows": 1,
                      "Plan Width": 27,
                      "Actual Startup Time": 1668.083,
                      "Actual Total Time": 1676.018,
                      "Actual Rows": 62,
                      "Actual Loops": 5,
                      "Inner Unique": false,
                      "Hash Cond": "(cn.id = mc.company_id)",
                      "Plans": [
                        {
                          "Node Type": "Seq Scan",
                          "Parent Relationship": "Outer",
                          "Parallel Aware": true,
                          "Relation Name": "company_name",
                          "Alias": "cn",
                          "Startup Cost": 0.0,
                          "Total Cost": 4722.92,
                          "Plan Rows": 49345,
                          "Plan Width": 4,
                          "Actual Startup Time": 0.017,
                          "Actual Total Time": 6.961,
                          "Actual Rows": 16969,
                          "Actual Loops": 5,
                          "Filter": "((country_code)::text = '[us]'::text)",
                          "Rows Removed by Filter": 30031
                        },
                        {
                          "Node Type": "Hash",
                          "Parent Relationship": "Inner",
                          "Parallel Aware": true,
                          "Startup Cost": 715691.05,
                          "Total Cost": 715691.05,
                          "Plan Rows": 1,
                          "Plan Width": 31,
                          "Actual Startup Time": 1667.903,
                          "Actual Total Time": 1667.924,
                          "Actual Rows": 64,
                          "Actual Loops": 5,
                          "Hash Buckets": 1024,
                          "Original Hash Buckets": 1024,
                          "Hash Batches": 1,
                          "Original Hash Batches": 1,
                          "Peak Memory Usage": 168,
                          "Plans": [
                            {
                              "Node Type": "Hash Join",
                              "Parent Relationship": "Outer",
                              "Parallel Aware": true,
                              "Join Type": "Inner",
                              "Startup Cost": 683945.2,
                              "Total Cost": 715691.05,
                              "Plan Rows": 1,
                              "Plan Width": 31,
                              "Actual Startup Time": 1599.315,
                              "Actual Total Time": 1667.844,
                              "Actual Rows": 64,
                              "Actual Loops": 5,
                              "Inner Unique": false,
                              "Hash Cond": "(mc.movie_id = mi.movie_id)",
                              "Plans": [
                                {
                                  "Node Type": "Seq Scan",
                                  "Parent Relationship": "Outer",
                                  "Parallel Aware": true,
                                  "Relation Name": "movie_companies",
                                  "Alias": "mc",
                                  "Startup Cost": 0.0,
                                  "Total Cost": 31414.82,
                                  "Plan Rows": 88274,
                                  "Plan Width": 8,
                                  "Actual Startup Time": 0.02,
                                  "Actual Total Time": 77.84,
                                  "Actual Rows": 118199,
                                  "Actual Loops": 5,
                                  "Filter": "((note IS NOT NULL) AND ((note ~~ '%(USA)%'::text) OR (note ~~ '%(worldwide)%'::text)))",
                                  "Rows Removed by Filter": 403627
                                },
                                {
                                  "Node Type": "Hash",
                                  "Parent Relationship": "Inner",
                                  "Parallel Aware": true,
                                  "Startup Cost": 683945.19,
                                  "Total Cost": 683945.19,
                                  "Plan Rows": 1,
                                  "Plan Width": 23,
                                  "Actual Startup Time": 1582.924,
                                  "Actual Total Time": 1582.942,
                                  "Actual Rows": 41,
                                  "Actual Loops": 5,
                                  "Hash Buckets": 1024,
                                  "Original Hash Buckets": 1024,
                                  "Hash Batches": 1,
                                  "Original Hash Batches": 1,
                                  "Peak Memory Usage": 168,
                                  "Plans": [
                                    {
                                      "Node Type": "Hash Join",
                                      "Parent Relationship": "Outer",
                                      "Parallel Aware": true,
                                      "Join Type": "Inner",
                                      "Startup Cost": 636702.19,
                                      "Total Cost": 683945.19,
                                      "Plan Rows": 1,
                                      "Plan Width": 23,
                                      "Actual Startup Time": 1457.35,
                                      "Actual Total Time": 1582.86,
                                      "Actual Rows": 41,
                                      "Actual Loops": 5,
                                      "Inner Unique": false,
                                      "Hash Cond": "(chn.id = ci.person_role_id)",
                                      "Plans": [
                                        {
                                          "Node Type": "Seq Scan",
                                          "Parent Relationship": "Outer",
                                          "Parallel Aware": true,
                                          "Relation Name": "char_name",
                                          "Alias": "chn",
                                          "Startup Cost": 0.0,
                                          "Total Cost": 44298.9,
                                          "Plan Rows": 785090,
                                          "Plan Width": 4,
                                          "Actual Startup Time": 0.026,
                                          "Actual Total Time": 86.903,
                                          "Actual Rows": 628068,
                                          "Actual Loops": 5
                                        },
                                        {
                                          "Node Type": "Hash",
                                          "Parent Relationship": "Inner",
                                          "Parallel Aware": true,
                                          "Startup Cost": 636702.18,
                                          "Total Cost": 636702.18,
                                          "Plan Rows": 1,
                                          "Plan Width": 27,
                                          "Actual Startup Time": 1455.684,
                                          "Actual Total Time": 1455.699,
                                          "Actual Rows": 45,
                                          "Actual Loops": 5,
                                          "Hash Buckets": 1024,
                                          "Original Hash Buckets": 1024,
                                          "Hash Batches": 1,
                                          "Original Hash Batches": 1,
                                          "Peak Memory Usage": 168,
                                          "Plans": [
                                            {
                                              "Node Type": "Hash Join",
                                              "Parent Relationship": "Outer",
                                              "Parallel Aware": true,
                                              "Join Type": "Inner",
                                              "Startup Cost": 430109.45,
                                              "Total Cost": 636702.18,
                                              "Plan Rows": 1,
                                              "Plan Width": 27,
                                              "Actual Startup Time": 1156.079,
                                              "Actual Total Time": 1455.585,
                                              "Actual Rows": 45,
                                              "Actual Loops": 5,
                                              "Inner Unique": false,
                                              "Hash Cond": "(mi.movie_id = ci.movie_id)",
                                              "Plans": [
                                                {
                                                  "Node Type": "Hash Join",
                                                  "Parent Relationship": "Outer",
                                                  "Parallel Aware": false,
                                                  "Join Type": "Inner",
                                                  "Startup Cost": 2.43,
                                                  "Total Cost": 206591.52,
                                                  "Plan Rows": 968,
                                                  "Plan Width": 4,
                                                  "Actual Startup Time": 106.143,
                                                  "Actual Total Time": 426.489,
                                                  "Actual Rows": 90208,
                                                  "Actual Loops": 5,
                                                  "Inner Unique": true,
                                                  "Hash Cond": "(mi.info_type_id = it.id)",
                                                  "Plans": [
                                                    {
                                                      "Node Type": "Seq Scan",
                                                      "Parent Relationship": "Outer",
                                                      "Parallel Aware": true,
                                                      "Relation Name": "movie_info",
                                                      "Alias": "mi",
                                                      "Startup Cost": 0.0,
                                                      "Total Cost": 206291.32,
                                                      "Plan Rows": 109337,
                                                      "Plan Width": 8,
                                                      "Actual Startup Time": 46.958,
                                                      "Actual Total Time": 415.077,
                                                      "Actual Rows": 90221,
                                                      "Actual Loops": 5,
                                                      "Filter": "((info IS NOT NULL) AND ((info ~~ 'Japan:%200%'::text) OR (info ~~ 'USA:%200%'::text)))",
                                                      "Rows Removed by Filter": 2876923
                                                    },
                                                    {
                                                      "Node Type": "Hash",
                                                      "Parent Relationship": "Inner",
                                                      "Parallel Aware": false,
                                                      "Startup Cost": 2.41,
                                                      "Total Cost": 2.41,
                                                      "Plan Rows": 1,
                                                      "Plan Width": 4,
                                                      "Actual Startup Time": 0.041,
                                                      "Actual Total Time": 0.042,
                                                      "Actual Rows": 1,
                                                      "Actual Loops": 5,
                                                      "Hash Buckets": 1024,
                                                      "Original Hash Buckets": 1024,
                                                      "Hash Batches": 1,
                                                      "Original Hash Batches": 1,
                                                      "Peak Memory Usage": 9,
                                                      "Plans": [
                                                        {
                                                          "Node Type": "Seq Scan",
                                                          "Parent Relationship": "Outer",
                                                          "Parallel Aware": false,
                                                          "Relation Name": "info_type",
                                                          "Alias": "it",
                                                          "Startup Cost": 0.0,
                                                          "Total Cost": 2.41,
                                                          "Plan Rows": 1,
                                                          "Plan Width": 4,
                                                          "Actual Startup Time": 0.031,
                                                          "Actual Total Time": 0.036,
                                                          "Actual Rows": 1,
                                                          "Actual Loops": 5,
                                                          "Filter": "((info)::text = 'release dates'::text)",
                                                          "Rows Removed by Filter": 112
                                                        }
                                                      ]
                                                    }
                                                  ]
                                                },
                                                {
                                                  "Node Type": "Hash",
                                                  "Parent Relationship": "Inner",
                                                  "Parallel Aware": true,
                                                  "Startup Cost": 430105.28,
                                                  "Total Cost": 430105.28,
                                                  "Plan Rows": 139,
                                                  "Plan Width": 23,
                                                  "Actual Startup Time": 1023.078,
                                                  "Actual Total Time": 1023.087,
                                                  "Actual Rows": 85,
                                                  "Actual Loops": 5,
                                                  "Hash Buckets": 1024,
                                                  "Original Hash Buckets": 1024,
                                                  "Hash Batches": 1,
                                                  "Original Hash Batches": 1,
                                                  "Peak Memory Usage": 168,
                                                  "Plans": [
                                                    {
                                                      "Node Type": "Hash Join",
                                                      "Parent Relationship": "Outer",
                                                      "Parallel Aware": false,
                                                      "Join Type": "Inner",
                                                      "Startup Cost": 86386.88,
                                                      "Total Cost": 430105.28,
                                                      "Plan Rows": 139,
                                                      "Plan Width": 23,
                                                      "Actual Startup Time": 453.968,
                                                      "Actual Total Time": 1022.943,
                                                      "Actual Rows": 85,
                                                      "Actual Loops": 5,
                                                      "Inner Unique": true,
                                                      "Hash Cond": "(ci.role_id = rt.id)",
                                                      "Plans": [
                                                        {
                                                          "Node Type": "Hash Join",
                                                          "Parent Relationship": "Outer",
                                                          "Parallel Aware": true,
                                                          "Join Type": "Inner",
                                                          "Startup Cost": 86385.72,
                                                          "Total Cost": 430098.2,
                                                          "Plan Rows": 1668,
                                                          "Plan Width": 27,
                                                          "Actual Startup Time": 453.828,
                                                          "Actual Total Time": 1022.777,
                                                          "Actual Rows": 85,
                                                          "Actual Loops": 5,
                                                          "Inner Unique": false,
                                                          "Hash Cond": "(ci.person_id = n.id)",
                                                          "Plans": [
                                                            {
                                                              "Node Type": "Seq Scan",
                                                              "Parent Relationship": "Outer",
                                                              "Parallel Aware": true,
                                                              "Relation Name": "cast_info",
                                                              "Alias": "ci",
                                                              "Startup Cost": 0.0,
                                                              "Total Cost": 343166.11,
                                                              "Plan Rows": 145571,
                                                              "Plan Width": 16,
                                                              "Actual Startup Time": 0.054,
                                                              "Actual Total Time": 822.381,
                                                              "Actual Rows": 173495,
                                                              "Actual Loops": 5,
                                                              "Filter": "(note = ANY ('{(voice),\"(voice: Japanese version)\",\"(voice) (uncredited)\",\"(voice: English version)\"}'::text[]))",
                                                              "Rows Removed by Filter": 7075373
                                                            },
                                                            {
                                                              "Node Type": "Hash",
                                                              "Parent Relationship": "Inner",
                                                              "Parallel Aware": true,
                                                              "Startup Cost": 86368.5,
                                                              "Total Cost": 86368.5,
                                                              "Plan Rows": 1377,
                                                              "Plan Width": 23,
                                                              "Actual Startup Time": 186.665,
                                                              "Actual Total Time": 186.669,
                                                              "Actual Rows": 312,
                                                              "Actual Loops": 5,
                                                              "Hash Buckets": 8192,
                                                              "Original Hash Buckets": 8192,
                                                              "Hash Batches": 1,
                                                              "Original Hash Batches": 1,
                                                              "Peak Memory Usage": 224,
                                                              "Plans": [
                                                                {
                                                                  "Node Type": "Hash Join",
                                                                  "Parent Relationship": "Outer",
                                                                  "Parallel Aware": true,
                                                                  "Join Type": "Inner",
                                                                  "Startup Cost": 71301.71,
                                                                  "Total Cost": 86368.5,
                                                                  "Plan Rows": 1377,
                                                                  "Plan Width": 23,
                                                                  "Actual Startup Time": 148.631,
                                                                  "Actual Total Time": 186.203,
                                                                  "Actual Rows": 312,
                                                                  "Actual Loops": 5,
                                                                  "Inner Unique": true,
                                                                  "Hash Cond": "(an.person_id = n.id)",
                                                                  "Plans": [
                                                                    {
                                                                      "Node Type": "Seq Scan",
                                                                      "Parent Relationship": "Outer",
                                                                      "Parallel Aware": true,
                                                                      "Relation Name": "aka_name",
                                                                      "Alias": "an",
                                                                      "Startup Cost": 0.0,
                                                                      "Total Cost": 14303.56,
                                                                      "Plan Rows": 290756,
                                                                      "Plan Width": 4,
                                                                      "Actual Startup Time": 0.024,
                                                                      "Actual Total Time": 22.69,
                                                                      "Actual Rows": 180269,
                                                                      "Actual Loops": 5
                                                                    },
                                                                    {
                                                                      "Node Type": "Hash",
                                                                      "Parent Relationship": "Inner",
                                                                      "Parallel Aware": true,
                                                                      "Startup Cost": 71240.01,
                                                                      "Total Cost": 71240.01,
                                                                      "Plan Rows": 4936,
                                                                      "Plan Width": 19,
                                                                      "Actual Startup Time": 147.972,
                                                                      "Actual Total Time": 147.972,
                                                                      "Actual Rows": 1354,
                                                                      "Actual Loops": 5,
                                                                      "Hash Buckets": 32768,
                                                                      "Original Hash Buckets": 32768,
                                                                      "Hash Batches": 1,
                                                                      "Original Hash Batches": 1,
                                                                      "Peak Memory Usage": 736,
                                                                      "Plans": [
                                                                        {
                                                                          "Node Type": "Seq Scan",
                                                                          "Parent Relationship": "Outer",
                                                                          "Parallel Aware": true,
                                                                          "Relation Name": "name",
                                                                          "Alias": "n",
                                                                          "Startup Cost": 0.0,
                                                                          "Total Cost": 71240.01,
                                                                          "Plan Rows": 4936,
                                                                          "Plan Width": 19,
                                                                          "Actual Startup Time": 69.336,
                                                                          "Actual Total Time": 147.158,
                                                                          "Actual Rows": 1354,
                                                                          "Actual Loops": 5,
                                                                          "Filter": "((name ~~ '%Ang%'::text) AND ((gender)::text = 'f'::text))",
                                                                          "Rows Removed by Filter": 832145
                                                                        }
                                                                      ]
                                                                    }
                                                                  ]
                                                                }
                                                              ]
                                                            }
                                                          ]
                                                        },
                                                        {
                                                          "Node Type": "Hash",
                                                          "Parent Relationship": "Inner",
                                                          "Parallel Aware": false,
                                                          "Startup Cost": 1.15,
                                                          "Total Cost": 1.15,
                                                          "Plan Rows": 1,
                                                          "Plan Width": 4,
                                                          "Actual Startup Time": 0.088,
                                                          "Actual Total Time": 0.089,
                                                          "Actual Rows": 1,
                                                          "Actual Loops": 5,
                                                          "Hash Buckets": 1024,
                                                          "Original Hash Buckets": 1024,
                                                          "Hash Batches": 1,
                                                          "Original Hash Batches": 1,
                                                          "Peak Memory Usage": 9,
                                                          "Plans": [
                                                            {
                                                              "Node Type": "Seq Scan",
                                                              "Parent Relationship": "Outer",
                                                              "Parallel Aware": false,
                                                              "Relation Name": "role_type",
                                                              "Alias": "rt",
                                                              "Startup Cost": 0.0,
                                                              "Total Cost": 1.15,
                                                              "Plan Rows": 1,
                                                              "Plan Width": 4,
                                                              "Actual Startup Time": 0.07,
                                                              "Actual Total Time": 0.075,
                                                              "Actual Rows": 1,
                                                              "Actual Loops": 5,
                                                              "Filter": "((role)::text = 'actress'::text)",
                                                              "Rows Removed by Filter": 11
                                                            }
                                                          ]
                                                        }
                                                      ]
                                                    }
                                                  ]
                                                }
                                              ]
                                            }
                                          ]
                                        }
                                      ]
                                    }
                                  ]
                                }
                              ]
                            }
                          ]
                        }
                      ]
                    }
                  ]
                }
              ]
            }
          ]
        }
      ]
    },
    "Planning Time": 38.4,
    "Triggers": [],
    "Execution Time": 1896.782
  }
]