{
  "Plan": {
    "Node Type": "Aggregate",
    "Strategy": "Plain",
    "Partial Mode": "Finalize",
    "Parallel Aware": false,
    "Startup Cost": 206814.36,
    "Total Cost": 206814.37,
    "Plan Rows": 1,
    "Plan Width": 8,
    "Actual Startup Time": 784.685,
    "Actual Total Time": 800.379,
    "Actual Rows": 1,
    "Actual Loops": 1,
    "Plans": [
      {
        "Node Type": "Gather",
        "Parent Relationship": "Outer",
        "Parallel Aware": false,
        "Startup Cost": 206814.24,
        "Total Cost": 206814.35,
        "Plan Rows": 1,
        "Plan Width": 8,
        "Actual Startup Time": 783.726,
        "Actual Total Time": 800.372,
        "Actual Rows": 2,
        "Actual Loops": 1,
        "Workers Planned": 1,
        "Workers Launched": 1,
        "Single Copy": false,
        "Plans": [
          {
            "Node Type": "Aggregate",
            "Strategy": "Plain",
            "Partial Mode": "Partial",
            "Parent Relationship": "Outer",
            "Parallel Aware": false,
            "Startup Cost": 205814.24,
            "Total Cost": 205814.25,
            "Plan Rows": 1,
            "Plan Width": 8,
            "Actual Startup Time": 780.279,
            "Actual Total Time": 780.282,
            "Actual Rows": 1,
            "Actual Loops": 2,
            "Plans": [
              {
                "Node Type": "Hash Join",
                "Parent Relationship": "Outer",
                "Parallel Aware": true,
                "Join Type": "Inner",
                "Startup Cost": 54641.01,
                "Total Cost": 205467.77,
                "Plan Rows": 138591,
                "Plan Width": 0,
                "Actual Startup Time": 132.699,
                "Actual Total Time": 777.278,
                "Actual Rows": 59063,
                "Actual Loops": 2,
                "Inner Unique": true,
                "Hash Cond": "(ci.movie_id = t.id)",
                "Plans": [
                  {
                    "Node Type": "Index Scan",
                    "Parent Relationship": "Outer",
                    "Parallel Aware": true,
                    "Scan Direction": "Forward",
                    "Index Name": "role_id_cast_info",
                    "Relation Name": "cast_info",
                    "Alias": "ci",
                    "Startup Cost": 0.56,
                    "Total Cost": 143597.96,
                    "Plan Rows": 2754039,
                    "Plan Width": 4,
                    "Actual Startup Time": 0.063,
                    "Actual Total Time": 309.622,
                    "Actual Rows": 2319568,
                    "Actual Loops": 2,
                    "Index Cond": "(role_id > 9)",
                    "Rows Removed by Index Recheck": 0
                  },
                  {
                    "Node Type": "Hash",
                    "Parent Relationship": "Inner",
                    "Parallel Aware": true,
                    "Startup Cost": 53704.92,
                    "Total Cost": 53704.92,
                    "Plan Rows": 74842,
                    "Plan Width": 4,
                    "Actual Startup Time": 131.364,
                    "Actual Total Time": 131.365,
                    "Actual Rows": 132677,
                    "Actual Loops": 2,
                    "Hash Buckets": 524288,
                    "Original Hash Buckets": 131072,
                    "Hash Batches": 1,
                    "Original Hash Batches": 1,
                    "Peak Memory Usage": 17600,
                    "Plans": [
                      {
                        "Node Type": "Bitmap Heap Scan",
                        "Parent Relationship": "Outer",
                        "Parallel Aware": true,
                        "Relation Name": "title",
                        "Alias": "t",
                        "Startup Cost": 11854.66,
                        "Total Cost": 53704.92,
                        "Plan Rows": 74842,
                        "Plan Width": 4,
                        "Actual Startup Time": 32.802,
                        "Actual Total Time": 96.64,
                        "Actual Rows": 132677,
                        "Actual Loops": 2,
                        "Recheck Cond": "(kind_id = 1)",
                        "Rows Removed by Index Recheck": 0,
                        "Filter": "(production_year < 1979)",
                        "Rows Removed by Filter": 198736,
                        "Exact Heap Blocks": 8493,
                        "Lossy Heap Blocks": 0,
                        "Plans": [
                          {
                            "Node Type": "Bitmap Index Scan",
                            "Parent Relationship": "Outer",
                            "Parallel Aware": false,
                            "Index Name": "kind_id_title",
                            "Startup Cost": 0.0,
                            "Total Cost": 11822.85,
                            "Plan Rows": 663256,
                            "Plan Width": 0,
                            "Actual Startup Time": 32.925,
                            "Actual Total Time": 32.925,
                            "Actual Rows": 662825,
                            "Actual Loops": 1,
                            "Index Cond": "(kind_id = 1)"
                          }
                        ]
                      }
                    ]
                  }
                ]
              }
            ]
          }
        ]
      }
    ]
  },
  "Planning Time": 0.349,
  "Triggers": [],
  "Execution Time": 800.439
}