{
  "Plan": {
    "Node Type": "Aggregate",
    "Strategy": "Plain",
    "Partial Mode": "Finalize",
    "Parallel Aware": false,
    "Startup Cost": 90824.68,
    "Total Cost": 90824.69,
    "Plan Rows": 1,
    "Plan Width": 8,
    "Actual Startup Time": 201.996,
    "Actual Total Time": 216.225,
    "Actual Rows": 1,
    "Actual Loops": 1,
    "Plans": [
      {
        "Node Type": "Gather",
        "Parent Relationship": "Outer",
        "Parallel Aware": false,
        "Startup Cost": 90824.57,
        "Total Cost": 90824.68,
        "Plan Rows": 1,
        "Plan Width": 8,
        "Actual Startup Time": 201.769,
        "Actual Total Time": 216.217,
        "Actual Rows": 2,
        "Actual Loops": 1,
        "Workers Planned": 1,
        "Workers Launched": 1,
        "Single Copy": false,
        "Plans": [
          {
            "Node Type": "Aggregate",
            "Strategy": "Plain",
            "Partial Mode": "Partial",
            "Parent Relationship": "Outer",
            "Parallel Aware": false,
            "Startup Cost": 89824.57,
            "Total Cost": 89824.58,
            "Plan Rows": 1,
            "Plan Width": 8,
            "Actual Startup Time": 194.941,
            "Actual Total Time": 194.946,
            "Actual Rows": 1,
            "Actual Loops": 2,
            "Plans": [
              {
                "Node Type": "Hash Join",
                "Parent Relationship": "Outer",
                "Parallel Aware": true,
                "Join Type": "Inner",
                "Startup Cost": 70689.62,
                "Total Cost": 89813.26,
                "Plan Rows": 4523,
                "Plan Width": 0,
                "Actual Startup Time": 70.229,
                "Actual Total Time": 194.368,
                "Actual Rows": 9598,
                "Actual Loops": 2,
                "Inner Unique": false,
                "Hash Cond": "(mi_idx.movie_id = t.id)",
                "Plans": [
                  {
                    "Node Type": "Seq Scan",
                    "Parent Relationship": "Outer",
                    "Parallel Aware": true,
                    "Relation Name": "movie_info_idx",
                    "Alias": "mi_idx",
                    "Startup Cost": 0.0,
                    "Total Cost": 16052.85,
                    "Plan Rows": 811785,
                    "Plan Width": 4,
                    "Actual Startup Time": 0.016,
                    "Actual Total Time": 60.649,
                    "Actual Rows": 690018,
                    "Actual Loops": 2
                  },
                  {
                    "Node Type": "Hash",
                    "Parent Relationship": "Inner",
                    "Parallel Aware": true,
                    "Startup Cost": 70586.04,
                    "Total Cost": 70586.04,
                    "Plan Rows": 8286,
                    "Plan Width": 8,
                    "Actual Startup Time": 69.165,
                    "Actual Total Time": 69.167,
                    "Actual Rows": 7235,
                    "Actual Loops": 2,
                    "Hash Buckets": 16384,
                    "Original Hash Buckets": 16384,
                    "Hash Batches": 1,
                    "Original Hash Batches": 1,
                    "Peak Memory Usage": 736,
                    "Plans": [
                      {
                        "Node Type": "Nested Loop",
                        "Parent Relationship": "Outer",
                        "Parallel Aware": false,
                        "Join Type": "Inner",
                        "Startup Cost": 600.46,
                        "Total Cost": 70586.04,
                        "Plan Rows": 8286,
                        "Plan Width": 8,
                        "Actual Startup Time": 19.561,
                        "Actual Total Time": 66.449,
                        "Actual Rows": 7235,
                        "Actual Loops": 2,
                        "Inner Unique": true,
                        "Plans": [
                          {
                            "Node Type": "Bitmap Heap Scan",
                            "Parent Relationship": "Outer",
                            "Parallel Aware": true,
                            "Relation Name": "movie_companies",
                            "Alias": "mc",
                            "Startup Cost": 600.03,
                            "Total Cost": 20557.4,
                            "Plan Rows": 8286,
                            "Plan Width": 4,
                            "Actual Startup Time": 19.478,
                            "Actual Total Time": 26.764,
                            "Actual Rows": 7235,
                            "Actual Loops": 2,
                            "Recheck Cond": "(company_id = 27)",
                            "Rows Removed by Index Recheck": 0,
                            "Filter": "(company_type_id > 1)",
                            "Rows Removed by Filter": 6416,
                            "Exact Heap Blocks": 6133,
                            "Lossy Heap Blocks": 0,
                            "Plans": [
                              {
                                "Node Type": "Bitmap Index Scan",
                                "Parent Relationship": "Outer",
                                "Parallel Aware": false,
                                "Index Name": "company_id_movie_companies",
                                "Startup Cost": 0.0,
                                "Total Cost": 596.51,
                                "Plan Rows": 27744,
                                "Plan Width": 0,
                                "Actual Startup Time": 7.533,
                                "Actual Total Time": 7.533,
                                "Actual Rows": 27303,
                                "Actual Loops": 1,
                                "Index Cond": "(company_id = 27)"
                              }
                            ]
                          },
                          {
                            "Node Type": "Index Only Scan",
                            "Parent Relationship": "Inner",
                            "Parallel Aware": false,
                            "Scan Direction": "Forward",
                            "Index Name": "title_pkey",
                            "Relation Name": "title",
                            "Alias": "t",
                            "Startup Cost": 0.43,
                            "Total Cost": 6.04,
                            "Plan Rows": 1,
                            "Plan Width": 4,
                            "Actual Startup Time": 0.005,
                            "Actual Total Time": 0.005,
                            "Actual Rows": 1,
                            "Actual Loops": 14470,
                            "Index Cond": "(id = mc.movie_id)",
                            "Rows Removed by Index Recheck": 0,
                            "Heap Fetches": 14470
                          }
                        ]
                      }
                    ]
                  }
                ]
              }
            ]
          }
        ]
      }
    ]
  },
  "Planning Time": 1.24,
  "Triggers": [],
  "Execution Time": 216.332
}