[
  {
    "Plan": {
      "Node Type": "Aggregate",
      "Strategy": "Plain",
      "Partial Mode": "Finalize",
      "Parallel Aware": false,
      "Startup Cost": 86675.14,
      "Total Cost": 86675.15,
      "Plan Rows": 1,
      "Plan Width": 8,
      "Actual Startup Time": 208.946,
      "Actual Total Time": 235.127,
      "Actual Rows": 1,
      "Actual Loops": 1,
      "Plans": [
        {
          "Node Type": "Gather",
          "Parent Relationship": "Outer",
          "Parallel Aware": false,
          "Startup Cost": 86674.82,
          "Total Cost": 86675.13,
          "Plan Rows": 3,
          "Plan Width": 8,
          "Actual Startup Time": 208.536,
          "Actual Total Time": 235.12,
          "Actual Rows": 4,
          "Actual Loops": 1,
          "Workers Planned": 3,
          "Workers Launched": 3,
          "Single Copy": false,
          "Plans": [
            {
              "Node Type": "Aggregate",
              "Strategy": "Plain",
              "Partial Mode": "Partial",
              "Parent Relationship": "Outer",
              "Parallel Aware": false,
              "Startup Cost": 85674.82,
              "Total Cost": 85674.83,
              "Plan Rows": 1,
              "Plan Width": 8,
              "Actual Startup Time": 203.466,
              "Actual Total Time": 203.471,
              "Actual Rows": 1,
              "Actual Loops": 4,
              "Plans": [
                {
                  "Node Type": "Nested Loop",
                  "Parent Relationship": "Outer",
                  "Parallel Aware": false,
                  "Join Type": "Inner",
                  "Startup Cost": 45609.72,
                  "Total Cost": 85642.34,
                  "Plan Rows": 12992,
                  "Plan Width": 0,
                  "Actual Startup Time": 107.406,
                  "Actual Total Time": 201.817,
                  "Actual Rows": 31254,
                  "Actual Loops": 4,
                  "Inner Unique": false,
                  "Join Filter": "(t.id = mi.movie_id)",
                  "Rows Removed by Join Filter": 0,
                  "Plans": [
                    {
                      "Node Type": "Hash Join",
                      "Parent Relationship": "Outer",
                      "Parallel Aware": true,
                      "Join Type": "Inner",
                      "Startup Cost": 45609.29,
                      "Total Cost": 77377.94,
                      "Plan Rows": 2213,
                      "Plan Width": 8,
                      "Actual Startup Time": 107.295,
                      "Actual Total Time": 158.355,
                      "Actual Rows": 1077,
                      "Actual Loops": 4,
                      "Inner Unique": true,
                      "Hash Cond": "(mc.movie_id = t.id)",
                      "Plans": [
                        {
                          "Node Type": "Seq Scan",
                          "Parent Relationship": "Outer",
                          "Parallel Aware": true,
                          "Relation Name": "movie_companies",
                          "Alias": "mc",
                          "Startup Cost": 0.0,
                          "Total Cost": 31414.82,
                          "Plan Rows": 134795,
                          "Plan Width": 4,
                          "Actual Startup Time": 11.759,
                          "Actual Total Time": 58.374,
                          "Actual Rows": 22973,
                          "Actual Loops": 4,
                          "Filter": "((company_id > 25791) AND (company_type_id = 1))",
                          "Rows Removed by Filter": 629309
                        },
                        {
                          "Node Type": "Hash",
                          "Parent Relationship": "Inner",
                          "Parallel Aware": true,
                          "Startup Cost": 45479.59,
                          "Total Cost": 45479.59,
                          "Plan Rows": 10376,
                          "Plan Width": 4,
                          "Actual Startup Time": 94.508,
                          "Actual Total Time": 94.51,
                          "Actual Rows": 9353,
                          "Actual Loops": 4,
                          "Hash Buckets": 65536,
                          "Original Hash Buckets": 65536,
                          "Hash Batches": 1,
                          "Original Hash Batches": 1,
                          "Peak Memory Usage": 2048,
                          "Plans": [
                            {
                              "Node Type": "Seq Scan",
                              "Parent Relationship": "Outer",
                              "Parallel Aware": true,
                              "Relation Name": "title",
                              "Alias": "t",
                              "Startup Cost": 0.0,
                              "Total Cost": 45479.59,
                              "Plan Rows": 10376,
                              "Plan Width": 4,
                              "Actual Startup Time": 54.805,
                              "Actual Total Time": 90.737,
                              "Actual Rows": 9353,
                              "Actual Loops": 4,
                              "Filter": "((kind_id < 2) AND (production_year = 2011))",
                              "Rows Removed by Filter": 622725
                            }
                          ]
                        }
                      ]
                    },
                    {
                      "Node Type": "Index Only Scan",
                      "Parent Relationship": "Inner",
                      "Parallel Aware": false,
                      "Scan Direction": "Forward",
                      "Index Name": "movie_id_movie_info",
                      "Relation Name": "movie_info",
                      "Alias": "mi",
                      "Startup Cost": 0.43,
                      "Total Cost": 3.22,
                      "Plan Rows": 41,
                      "Plan Width": 4,
                      "Actual Startup Time": 0.01,
                      "Actual Total Time": 0.037,
                      "Actual Rows": 29,
                      "Actual Loops": 4309,
                      "Index Cond": "(movie_id = mc.movie_id)",
                      "Rows Removed by Index Recheck": 0,
                      "Heap Fetches": 125018
                    }
                  ]
                }
              ]
            }
          ]
        }
      ]
    },
    "Planning Time": 1.199,
    "Triggers": [],
    "Execution Time": 235.188
  }
]