[
    {
        "Bao": {
            "Bao prediction": "NaN",
            "Bao recommended hint": "(no hint)"
        }
    },
    {
        "Plan": {
            "Node Type": "Aggregate",
            "Strategy": "Plain",
            "Partial Mode": "Finalize",
            "Parallel Aware": false,
            "Startup Cost": 95457.76,
            "Total Cost": 95457.77,
            "Plan Rows": 1,
            "Plan Width": 8,
            "Actual Startup Time": 252.973,
            "Actual Total Time": 278.326,
            "Actual Rows": 1,
            "Actual Loops": 1,
            "Output": [
                "count(*)"
            ],
            "Plans": [
                {
                    "Node Type": "Gather",
                    "Parent Relationship": "Outer",
                    "Parallel Aware": false,
                    "Startup Cost": 95457.34,
                    "Total Cost": 95457.75,
                    "Plan Rows": 4,
                    "Plan Width": 8,
                    "Actual Startup Time": 252.071,
                    "Actual Total Time": 278.317,
                    "Actual Rows": 5,
                    "Actual Loops": 1,
                    "Output": [
                        "(PARTIAL count(*))"
                    ],
                    "Workers Planned": 4,
                    "Workers Launched": 4,
                    "Single Copy": false,
                    "Plans": [
                        {
                            "Node Type": "Aggregate",
                            "Strategy": "Plain",
                            "Partial Mode": "Partial",
                            "Parent Relationship": "Outer",
                            "Parallel Aware": false,
                            "Startup Cost": 94457.34,
                            "Total Cost": 94457.35,
                            "Plan Rows": 1,
                            "Plan Width": 8,
                            "Actual Startup Time": 241.955,
                            "Actual Total Time": 241.959,
                            "Actual Rows": 1,
                            "Actual Loops": 5,
                            "Output": [
                                "PARTIAL count(*)"
                            ],
                            "Workers": [
                                {
                                    "Worker Number": 0,
                                    "Actual Startup Time": 240.359,
                                    "Actual Total Time": 240.362,
                                    "Actual Rows": 1,
                                    "Actual Loops": 1
                                },
                                {
                                    "Worker Number": 1,
                                    "Actual Startup Time": 239.979,
                                    "Actual Total Time": 239.983,
                                    "Actual Rows": 1,
                                    "Actual Loops": 1
                                },
                                {
                                    "Worker Number": 2,
                                    "Actual Startup Time": 239.754,
                                    "Actual Total Time": 239.757,
                                    "Actual Rows": 1,
                                    "Actual Loops": 1
                                },
                                {
                                    "Worker Number": 3,
                                    "Actual Startup Time": 239.527,
                                    "Actual Total Time": 239.531,
                                    "Actual Rows": 1,
                                    "Actual Loops": 1
                                }
                            ],
                            "Plans": [
                                {
                                    "Node Type": "Nested Loop",
                                    "Parent Relationship": "Outer",
                                    "Parallel Aware": false,
                                    "Join Type": "Inner",
                                    "Startup Cost": 25326.84,
                                    "Total Cost": 94428.61,
                                    "Plan Rows": 11495,
                                    "Plan Width": 0,
                                    "Actual Startup Time": 66.956,
                                    "Actual Total Time": 241.381,
                                    "Actual Rows": 6043,
                                    "Actual Loops": 5,
                                    "Inner Unique": false,
                                    "Workers": [
                                        {
                                            "Worker Number": 0,
                                            "Actual Startup Time": 65.283,
                                            "Actual Total Time": 239.753,
                                            "Actual Rows": 5854,
                                            "Actual Loops": 1
                                        },
                                        {
                                            "Worker Number": 1,
                                            "Actual Startup Time": 64.978,
                                            "Actual Total Time": 239.439,
                                            "Actual Rows": 5072,
                                            "Actual Loops": 1
                                        },
                                        {
                                            "Worker Number": 2,
                                            "Actual Startup Time": 64.676,
                                            "Actual Total Time": 239.187,
                                            "Actual Rows": 5242,
                                            "Actual Loops": 1
                                        },
                                        {
                                            "Worker Number": 3,
                                            "Actual Startup Time": 64.689,
                                            "Actual Total Time": 238.892,
                                            "Actual Rows": 3522,
                                            "Actual Loops": 1
                                        }
                                    ],
                                    "Plans": [
                                        {
                                            "Node Type": "Hash Join",
                                            "Parent Relationship": "Outer",
                                            "Parallel Aware": true,
                                            "Join Type": "Inner",
                                            "Startup Cost": 25326.27,
                                            "Total Cost": 71237.61,
                                            "Plan Rows": 3887,
                                            "Plan Width": 8,
                                            "Actual Startup Time": 66.721,
                                            "Actual Total Time": 142.138,
                                            "Actual Rows": 2176,
                                            "Actual Loops": 5,
                                            "Output": [
                                                "t.id",
                                                "mc.movie_id"
                                            ],
                                            "Inner Unique": false,
                                            "Hash Cond": "(t.id = mc.movie_id)",
                                            "Workers": [
                                                {
                                                    "Worker Number": 0,
                                                    "Actual Startup Time": 65.137,
                                                    "Actual Total Time": 133.535,
                                                    "Actual Rows": 2007,
                                                    "Actual Loops": 1
                                                },
                                                {
                                                    "Worker Number": 1,
                                                    "Actual Startup Time": 64.762,
                                                    "Actual Total Time": 131.443,
                                                    "Actual Rows": 1964,
                                                    "Actual Loops": 1
                                                },
                                                {
                                                    "Worker Number": 2,
                                                    "Actual Startup Time": 64.556,
                                                    "Actual Total Time": 131.77,
                                                    "Actual Rows": 1812,
                                                    "Actual Loops": 1
                                                },
                                                {
                                                    "Worker Number": 3,
                                                    "Actual Startup Time": 64.19,
                                                    "Actual Total Time": 134.893,
                                                    "Actual Rows": 1306,
                                                    "Actual Loops": 1
                                                }
                                            ],
                                            "Plans": [
                                                {
                                                    "Node Type": "Seq Scan",
                                                    "Parent Relationship": "Outer",
                                                    "Parallel Aware": true,
                                                    "Relation Name": "title",
                                                    "Schema": "public",
                                                    "Alias": "t",
                                                    "Startup Cost": 0.0,
                                                    "Total Cost": 45479.21,
                                                    "Plan Rows": 83919,
                                                    "Plan Width": 4,
                                                    "Actual Startup Time": 0.014,
                                                    "Actual Total Time": 60.689,
                                                    "Actual Rows": 89039,
                                                    "Actual Loops": 5,
                                                    "Output": [
                                                        "t.id",
                                                        "t.title",
                                                        "t.imdb_index",
                                                        "t.kind_id",
                                                        "t.production_year",
                                                        "t.imdb_id",
                                                        "t.phonetic_code",
                                                        "t.episode_of_id",
                                                        "t.season_nr",
                                                        "t.episode_nr",
                                                        "t.series_years",
                                                        "t.md5sum"
                                                    ],
                                                    "Filter": "((t.kind_id < 7) AND (t.production_year < 1996))",
                                                    "Rows Removed by Filter": 416624,
                                                    "Workers": [
                                                        {
                                                            "Worker Number": 0,
                                                            "Actual Startup Time": 0.021,
                                                            "Actual Total Time": 55.136,
                                                            "Actual Rows": 82388,
                                                            "Actual Loops": 1
                                                        },
                                                        {
                                                            "Worker Number": 1,
                                                            "Actual Startup Time": 0.01,
                                                            "Actual Total Time": 53.399,
                                                            "Actual Rows": 76485,
                                                            "Actual Loops": 1
                                                        },
                                                        {
                                                            "Worker Number": 2,
                                                            "Actual Startup Time": 0.013,
                                                            "Actual Total Time": 53.969,
                                                            "Actual Rows": 76113,
                                                            "Actual Loops": 1
                                                        },
                                                        {
                                                            "Worker Number": 3,
                                                            "Actual Startup Time": 0.01,
                                                            "Actual Total Time": 58.258,
                                                            "Actual Rows": 53369,
                                                            "Actual Loops": 1
                                                        }
                                                    ]
                                                },
                                                {
                                                    "Node Type": "Hash",
                                                    "Parent Relationship": "Inner",
                                                    "Parallel Aware": true,
                                                    "Startup Cost": 24854.03,
                                                    "Total Cost": 24854.03,
                                                    "Plan Rows": 37779,
                                                    "Plan Width": 4,
                                                    "Actual Startup Time": 65.727,
                                                    "Actual Total Time": 65.729,
                                                    "Actual Rows": 10614,
                                                    "Actual Loops": 5,
                                                    "Output": [
                                                        "mc.movie_id"
                                                    ],
                                                    "Hash Buckets": 131072,
                                                    "Original Hash Buckets": 131072,
                                                    "Hash Batches": 1,
                                                    "Original Hash Batches": 1,
                                                    "Peak Memory Usage": 3168,
                                                    "Workers": [
                                                        {
                                                            "Worker Number": 0,
                                                            "Actual Startup Time": 64.665,
                                                            "Actual Total Time": 64.666,
                                                            "Actual Rows": 9444,
                                                            "Actual Loops": 1
                                                        },
                                                        {
                                                            "Worker Number": 1,
                                                            "Actual Startup Time": 64.309,
                                                            "Actual Total Time": 64.31,
                                                            "Actual Rows": 7781,
                                                            "Actual Loops": 1
                                                        },
                                                        {
                                                            "Worker Number": 2,
                                                            "Actual Startup Time": 64.072,
                                                            "Actual Total Time": 64.073,
                                                            "Actual Rows": 7607,
                                                            "Actual Loops": 1
                                                        },
                                                        {
                                                            "Worker Number": 3,
                                                            "Actual Startup Time": 63.809,
                                                            "Actual Total Time": 63.81,
                                                            "Actual Rows": 8047,
                                                            "Actual Loops": 1
                                                        }
                                                    ],
                                                    "Plans": [
                                                        {
                                                            "Node Type": "Bitmap Heap Scan",
                                                            "Parent Relationship": "Outer",
                                                            "Parallel Aware": true,
                                                            "Relation Name": "movie_companies",
                                                            "Schema": "public",
                                                            "Alias": "mc",
                                                            "Startup Cost": 4952.53,
                                                            "Total Cost": 24854.03,
                                                            "Plan Rows": 37779,
                                                            "Plan Width": 4,
                                                            "Actual Startup Time": 51.2,
                                                            "Actual Total Time": 62.168,
                                                            "Actual Rows": 10614,
                                                            "Actual Loops": 5,
                                                            "Output": [
                                                                "mc.movie_id"
                                                            ],
                                                            "Recheck Cond": "(mc.company_id < 92)",
                                                            "Rows Removed by Index Recheck": 0,
                                                            "Filter": "(mc.company_type_id = 2)",
                                                            "Rows Removed by Filter": 35307,
                                                            "Exact Heap Blocks": 9469,
                                                            "Lossy Heap Blocks": 0,
                                                            "Workers": [
                                                                {
                                                                    "Worker Number": 0,
                                                                    "Actual Startup Time": 50.133,
                                                                    "Actual Total Time": 61.251,
                                                                    "Actual Rows": 9444,
                                                                    "Actual Loops": 1
                                                                },
                                                                {
                                                                    "Worker Number": 1,
                                                                    "Actual Startup Time": 49.755,
                                                                    "Actual Total Time": 60.978,
                                                                    "Actual Rows": 7781,
                                                                    "Actual Loops": 1
                                                                },
                                                                {
                                                                    "Worker Number": 2,
                                                                    "Actual Startup Time": 49.535,
                                                                    "Actual Total Time": 60.75,
                                                                    "Actual Rows": 7607,
                                                                    "Actual Loops": 1
                                                                },
                                                                {
                                                                    "Worker Number": 3,
                                                                    "Actual Startup Time": 49.264,
                                                                    "Actual Total Time": 60.553,
                                                                    "Actual Rows": 8047,
                                                                    "Actual Loops": 1
                                                                }
                                                            ],
                                                            "Plans": [
                                                                {
                                                                    "Node Type": "Bitmap Index Scan",
                                                                    "Parent Relationship": "Outer",
                                                                    "Parallel Aware": false,
                                                                    "Index Name": "company_id_movie_companies",
                                                                    "Startup Cost": 0.0,
                                                                    "Total Cost": 4923.26,
                                                                    "Plan Rows": 229710,
                                                                    "Plan Width": 0,
                                                                    "Actual Startup Time": 21.939,
                                                                    "Actual Total Time": 21.94,
                                                                    "Actual Rows": 229604,
                                                                    "Actual Loops": 1,
                                                                    "Index Cond": "(mc.company_id < 92)"
                                                                }
                                                            ]
                                                        }
                                                    ]
                                                }
                                            ]
                                        },
                                        {
                                            "Node Type": "Index Scan",
                                            "Parent Relationship": "Inner",
                                            "Parallel Aware": false,
                                            "Scan Direction": "Forward",
                                            "Index Name": "movie_id_cast_info",
                                            "Relation Name": "cast_info",
                                            "Schema": "public",
                                            "Alias": "ci",
                                            "Startup Cost": 0.56,
                                            "Total Cost": 5.89,
                                            "Plan Rows": 8,
                                            "Plan Width": 4,
                                            "Actual Startup Time": 0.03,
                                            "Actual Total Time": 0.045,
                                            "Actual Rows": 3,
                                            "Actual Loops": 10880,
                                            "Output": [
                                                "ci.id",
                                                "ci.person_id",
                                                "ci.movie_id",
                                                "ci.person_role_id",
                                                "ci.note",
                                                "ci.nr_order",
                                                "ci.role_id"
                                            ],
                                            "Index Cond": "(ci.movie_id = t.id)",
                                            "Rows Removed by Index Recheck": 0,
                                            "Filter": "(ci.role_id = 2)",
                                            "Rows Removed by Filter": 11,
                                            "Workers": [
                                                {
                                                    "Worker Number": 0,
                                                    "Actual Startup Time": 0.034,
                                                    "Actual Total Time": 0.052,
                                                    "Actual Rows": 3,
                                                    "Actual Loops": 2007
                                                },
                                                {
                                                    "Worker Number": 1,
                                                    "Actual Startup Time": 0.036,
                                                    "Actual Total Time": 0.054,
                                                    "Actual Rows": 3,
                                                    "Actual Loops": 1964
                                                },
                                                {
                                                    "Worker Number": 2,
                                                    "Actual Startup Time": 0.038,
                                                    "Actual Total Time": 0.058,
                                                    "Actual Rows": 3,
                                                    "Actual Loops": 1812
                                                },
                                                {
                                                    "Worker Number": 3,
                                                    "Actual Startup Time": 0.052,
                                                    "Actual Total Time": 0.078,
                                                    "Actual Rows": 3,
                                                    "Actual Loops": 1306
                                                }
                                            ]
                                        }
                                    ]
                                }
                            ]
                        }
                    ]
                }
            ]
        },
        "Planning Time": 195.641,
        "Triggers": [],
        "Execution Time": 278.494
    }
]