{
    "Plan": {
        "Node Type": "Aggregate",
        "Strategy": "Plain",
        "Partial Mode": "Simple",
        "Parallel Aware": false,
        "Startup Cost": 120000821001.12,
        "Total Cost": 120000821001.13,
        "Plan Rows": 1,
        "Plan Width": 128,
        "Actual Startup Time": 6386.027,
        "Actual Total Time": 6386.036,
        "Actual Rows": 1,
        "Actual Loops": 1,
        "Output": [
            "min(mi.info)",
            "min(mi_idx.info)",
            "min(n.name)",
            "min(t.title)"
        ],
        "Plans": [
            {
                "Node Type": "Nested Loop",
                "Parent Relationship": "Outer",
                "Parallel Aware": false,
                "Join Type": "Inner",
                "Startup Cost": 120000000007.05,
                "Total Cost": 120000821001.11,
                "Plan Rows": 1,
                "Plan Width": 80,
                "Actual Startup Time": 14.439,
                "Actual Total Time": 6354.627,
                "Actual Rows": 76358,
                "Actual Loops": 1,
                "Output": [
                    "mi.info",
                    "mi_idx.info",
                    "n.name",
                    "t.title"
                ],
                "Inner Unique": true,
                "Join Filter": "(mi.movie_id = t.id)",
                "Rows Removed by Join Filter": 0,
                "Plans": [
                    {
                        "Node Type": "Nested Loop",
                        "Parent Relationship": "Outer",
                        "Parallel Aware": false,
                        "Join Type": "Inner",
                        "Startup Cost": 110000000006.61,
                        "Total Cost": 110000820996.64,
                        "Plan Rows": 1,
                        "Plan Width": 83,
                        "Actual Startup Time": 14.393,
                        "Actual Total Time": 6003.699,
                        "Actual Rows": 76358,
                        "Actual Loops": 1,
                        "Output": [
                            "cc.movie_id",
                            "ci.movie_id",
                            "mi.info",
                            "mi.movie_id",
                            "mi_idx.info",
                            "mi_idx.movie_id",
                            "mk.movie_id",
                            "n.name"
                        ],
                        "Inner Unique": true,
                        "Plans": [
                            {
                                "Node Type": "Nested Loop",
                                "Parent Relationship": "Outer",
                                "Parallel Aware": false,
                                "Join Type": "Inner",
                                "Startup Cost": 100000000006.15,
                                "Total Cost": 100000820992.17,
                                "Plan Rows": 1,
                                "Plan Width": 72,
                                "Actual Startup Time": 14.117,
                                "Actual Total Time": 5259.972,
                                "Actual Rows": 100872,
                                "Actual Loops": 1,
                                "Output": [
                                    "cc.movie_id",
                                    "ci.movie_id",
                                    "ci.person_id",
                                    "mi.info",
                                    "mi.movie_id",
                                    "mi_idx.info",
                                    "mi_idx.movie_id",
                                    "mk.movie_id"
                                ],
                                "Inner Unique": false,
                                "Join Filter": "(mi.movie_id = ci.movie_id)",
                                "Rows Removed by Join Filter": 0,
                                "Plans": [
                                    {
                                        "Node Type": "Nested Loop",
                                        "Parent Relationship": "Outer",
                                        "Parallel Aware": false,
                                        "Join Type": "Inner",
                                        "Startup Cost": 90000000005.19,
                                        "Total Cost": 90000820986.44,
                                        "Plan Rows": 1,
                                        "Plan Width": 64,
                                        "Actual Startup Time": 13.762,
                                        "Actual Total Time": 4350.542,
                                        "Actual Rows": 9007,
                                        "Actual Loops": 1,
                                        "Output": [
                                            "cc.movie_id",
                                            "mi.info",
                                            "mi.movie_id",
                                            "mi_idx.info",
                                            "mi_idx.movie_id",
                                            "mk.movie_id"
                                        ],
                                        "Inner Unique": true,
                                        "Plans": [
                                            {
                                                "Node Type": "Nested Loop",
                                                "Parent Relationship": "Outer",
                                                "Parallel Aware": false,
                                                "Join Type": "Inner",
                                                "Startup Cost": 80000000004.76,
                                                "Total Cost": 80000820932.05,
                                                "Plan Rows": 12,
                                                "Plan Width": 68,
                                                "Actual Startup Time": 1.519,
                                                "Actual Total Time": 2049.597,
                                                "Actual Rows": 499448,
                                                "Actual Loops": 1,
                                                "Output": [
                                                    "cc.movie_id",
                                                    "mi.info",
                                                    "mi.movie_id",
                                                    "mi_idx.info",
                                                    "mi_idx.movie_id",
                                                    "mk.movie_id",
                                                    "mk.keyword_id"
                                                ],
                                                "Inner Unique": false,
                                                "Join Filter": "(mi.movie_id = mk.movie_id)",
                                                "Rows Removed by Join Filter": 0,
                                                "Plans": [
                                                    {
                                                        "Node Type": "Nested Loop",
                                                        "Parent Relationship": "Outer",
                                                        "Parallel Aware": false,
                                                        "Join Type": "Inner",
                                                        "Startup Cost": 70000000003.91,
                                                        "Total Cost": 70000820926.05,
                                                        "Plan Rows": 1,
                                                        "Plan Width": 60,
                                                        "Actual Startup Time": 1.473,
                                                        "Actual Total Time": 1783.441,
                                                        "Actual Rows": 8673,
                                                        "Actual Loops": 1,
                                                        "Output": [
                                                            "cc.movie_id",
                                                            "mi.info",
                                                            "mi.movie_id",
                                                            "mi_idx.info",
                                                            "mi_idx.movie_id"
                                                        ],
                                                        "Inner Unique": true,
                                                        "Plans": [
                                                            {
                                                                "Node Type": "Nested Loop",
                                                                "Parent Relationship": "Outer",
                                                                "Parallel Aware": false,
                                                                "Join Type": "Inner",
                                                                "Startup Cost": 60000000003.76,
                                                                "Total Cost": 60000820467.86,
                                                                "Plan Rows": 110,
                                                                "Plan Width": 64,
                                                                "Actual Startup Time": 1.46,
                                                                "Actual Total Time": 1684.857,
                                                                "Actual Rows": 26149,
                                                                "Actual Loops": 1,
                                                                "Output": [
                                                                    "cc.movie_id",
                                                                    "mi.info",
                                                                    "mi.movie_id",
                                                                    "mi_idx.info",
                                                                    "mi_idx.movie_id",
                                                                    "mi_idx.info_type_id"
                                                                ],
                                                                "Inner Unique": false,
                                                                "Plans": [
                                                                    {
                                                                        "Node Type": "Nested Loop",
                                                                        "Parent Relationship": "Outer",
                                                                        "Parallel Aware": false,
                                                                        "Join Type": "Inner",
                                                                        "Startup Cost": 50000000003.18,
                                                                        "Total Cost": 50000820286.65,
                                                                        "Plan Rows": 39,
                                                                        "Plan Width": 51,
                                                                        "Actual Startup Time": 1.397,
                                                                        "Actual Total Time": 1592.222,
                                                                        "Actual Rows": 8758,
                                                                        "Actual Loops": 1,
                                                                        "Output": [
                                                                            "cc.movie_id",
                                                                            "mi.info",
                                                                            "mi.movie_id"
                                                                        ],
                                                                        "Inner Unique": true,
                                                                        "Plans": [
                                                                            {
                                                                                "Node Type": "Nested Loop",
                                                                                "Parent Relationship": "Outer",
                                                                                "Parallel Aware": false,
                                                                                "Join Type": "Inner",
                                                                                "Startup Cost": 40000000003.03,
                                                                                "Total Cost": 40000802038.12,
                                                                                "Plan Rows": 4381,
                                                                                "Plan Width": 55,
                                                                                "Actual Startup Time": 1.383,
                                                                                "Actual Total Time": 1553.504,
                                                                                "Actual Rows": 9511,
                                                                                "Actual Loops": 1,
                                                                                "Output": [
                                                                                    "cc.movie_id",
                                                                                    "mi.info",
                                                                                    "mi.movie_id",
                                                                                    "mi.info_type_id"
                                                                                ],
                                                                                "Inner Unique": false,
                                                                                "Plans": [
                                                                                    {
                                                                                        "Node Type": "Nested Loop",
                                                                                        "Parent Relationship": "Outer",
                                                                                        "Parallel Aware": false,
                                                                                        "Join Type": "Inner",
                                                                                        "Startup Cost": 30000000000.7,
                                                                                        "Total Cost": 30000708308.3,
                                                                                        "Plan Rows": 8443,
                                                                                        "Plan Width": 4,
                                                                                        "Actual Startup Time": 0.906,
                                                                                        "Actual Total Time": 807.569,
                                                                                        "Actual Rows": 17879,
                                                                                        "Actual Loops": 1,
                                                                                        "Output": [
                                                                                            "cc.movie_id"
                                                                                        ],
                                                                                        "Inner Unique": true,
                                                                                        "Plans": [
                                                                                            {
                                                                                                "Node Type": "Nested Loop",
                                                                                                "Parent Relationship": "Outer",
                                                                                                "Parallel Aware": false,
                                                                                                "Join Type": "Inner",
                                                                                                "Startup Cost": 20000000000.56,
                                                                                                "Total Cost": 20000567975.2,
                                                                                                "Plan Rows": 33772,
                                                                                                "Plan Width": 8,
                                                                                                "Actual Startup Time": 0.086,
                                                                                                "Actual Total Time": 534.458,
                                                                                                "Actual Rows": 85941,
                                                                                                "Actual Loops": 1,
                                                                                                "Output": [
                                                                                                    "cc.movie_id",
                                                                                                    "cc.status_id"
                                                                                                ],
                                                                                                "Inner Unique": true,
                                                                                                "Plans": [
                                                                                                    {
                                                                                                        "Node Type": "Index Scan",
                                                                                                        "Parent Relationship": "Outer",
                                                                                                        "Parallel Aware": false,
                                                                                                        "Scan Direction": "Forward",
                                                                                                        "Index Name": "movie_id_complete_cast",
                                                                                                        "Relation Name": "complete_cast",
                                                                                                        "Schema": "public",
                                                                                                        "Alias": "cc",
                                                                                                        "Startup Cost": 10000000000.42,
                                                                                                        "Total Cost": 10000006651.09,
                                                                                                        "Plan Rows": 135086,
                                                                                                        "Plan Width": 12,
                                                                                                        "Actual Startup Time": 0.067,
                                                                                                        "Actual Total Time": 71.537,
                                                                                                        "Actual Rows": 135086,
                                                                                                        "Actual Loops": 1,
                                                                                                        "Output": [
                                                                                                            "cc.id",
                                                                                                            "cc.movie_id",
                                                                                                            "cc.subject_id",
                                                                                                            "cc.status_id"
                                                                                                        ]
                                                                                                    },
                                                                                                    {
                                                                                                        "Node Type": "Bitmap Heap Scan",
                                                                                                        "Parent Relationship": "Inner",
                                                                                                        "Parallel Aware": false,
                                                                                                        "Relation Name": "comp_cast_type",
                                                                                                        "Schema": "public",
                                                                                                        "Alias": "cct1",
                                                                                                        "Startup Cost": 0.14,
                                                                                                        "Total Cost": 4.15,
                                                                                                        "Plan Rows": 1,
                                                                                                        "Plan Width": 4,
                                                                                                        "Actual Startup Time": 0.002,
                                                                                                        "Actual Total Time": 0.002,
                                                                                                        "Actual Rows": 1,
                                                                                                        "Actual Loops": 135086,
                                                                                                        "Output": [
                                                                                                            "cct1.id",
                                                                                                            "cct1.kind"
                                                                                                        ],
                                                                                                        "Recheck Cond": "(cct1.id = cc.subject_id)",
                                                                                                        "Rows Removed by Index Recheck": 0,
                                                                                                        "Filter": "((cct1.kind)::text = 'cast'::text)",
                                                                                                        "Rows Removed by Filter": 0,
                                                                                                        "Exact Heap Blocks": 135086,
                                                                                                        "Lossy Heap Blocks": 0,
                                                                                                        "Plans": [
                                                                                                            {
                                                                                                                "Node Type": "Bitmap Index Scan",
                                                                                                                "Parent Relationship": "Outer",
                                                                                                                "Parallel Aware": false,
                                                                                                                "Index Name": "comp_cast_type_pkey",
                                                                                                                "Startup Cost": 0.0,
                                                                                                                "Total Cost": 0.14,
                                                                                                                "Plan Rows": 1,
                                                                                                                "Plan Width": 0,
                                                                                                                "Actual Startup Time": 0.001,
                                                                                                                "Actual Total Time": 0.001,
                                                                                                                "Actual Rows": 1,
                                                                                                                "Actual Loops": 135086,
                                                                                                                "Index Cond": "(cct1.id = cc.subject_id)"
                                                                                                            }
                                                                                                        ]
                                                                                                    }
                                                                                                ]
                                                                                            },
                                                                                            {
                                                                                                "Node Type": "Bitmap Heap Scan",
                                                                                                "Parent Relationship": "Inner",
                                                                                                "Parallel Aware": false,
                                                                                                "Relation Name": "comp_cast_type",
                                                                                                "Schema": "public",
                                                                                                "Alias": "cct2",
                                                                                                "Startup Cost": 0.14,
                                                                                                "Total Cost": 4.15,
                                                                                                "Plan Rows": 1,
                                                                                                "Plan Width": 4,
                                                                                                "Actual Startup Time": 0.002,
                                                                                                "Actual Total Time": 0.002,
                                                                                                "Actual Rows": 0,
                                                                                                "Actual Loops": 85941,
                                                                                                "Output": [
                                                                                                    "cct2.id",
                                                                                                    "cct2.kind"
                                                                                                ],
                                                                                                "Recheck Cond": "(cct2.id = cc.status_id)",
                                                                                                "Rows Removed by Index Recheck": 0,
                                                                                                "Filter": "((cct2.kind)::text = 'complete+verified'::text)",
                                                                                                "Rows Removed by Filter": 1,
                                                                                                "Exact Heap Blocks": 85941,
                                                                                                "Lossy Heap Blocks": 0,
                                                                                                "Plans": [
                                                                                                    {
                                                                                                        "Node Type": "Bitmap Index Scan",
                                                                                                        "Parent Relationship": "Outer",
                                                                                                        "Parallel Aware": false,
                                                                                                        "Index Name": "comp_cast_type_pkey",
                                                                                                        "Startup Cost": 0.0,
                                                                                                        "Total Cost": 0.14,
                                                                                                        "Plan Rows": 1,
                                                                                                        "Plan Width": 0,
                                                                                                        "Actual Startup Time": 0.001,
                                                                                                        "Actual Total Time": 0.001,
                                                                                                        "Actual Rows": 1,
                                                                                                        "Actual Loops": 85941,
                                                                                                        "Index Cond": "(cct2.id = cc.status_id)"
                                                                                                    }
                                                                                                ]
                                                                                            }
                                                                                        ]
                                                                                    },
                                                                                    {
                                                                                        "Node Type": "Bitmap Heap Scan",
                                                                                        "Parent Relationship": "Inner",
                                                                                        "Parallel Aware": false,
                                                                                        "Relation Name": "movie_info",
                                                                                        "Schema": "public",
                                                                                        "Alias": "mi",
                                                                                        "Startup Cost": 2.33,
                                                                                        "Total Cost": 11.09,
                                                                                        "Plan Rows": 1,
                                                                                        "Plan Width": 51,
                                                                                        "Actual Startup Time": 0.039,
                                                                                        "Actual Total Time": 0.04,
                                                                                        "Actual Rows": 1,
                                                                                        "Actual Loops": 17879,
                                                                                        "Output": [
                                                                                            "mi.id",
                                                                                            "mi.movie_id",
                                                                                            "mi.info_type_id",
                                                                                            "mi.info",
                                                                                            "mi.note"
                                                                                        ],
                                                                                        "Recheck Cond": "(mi.movie_id = cc.movie_id)",
                                                                                        "Rows Removed by Index Recheck": 0,
                                                                                        "Filter": "(mi.info = ANY ('{Family,Crime,Western,Horror,Thriller,Horror}'::text[]))",
                                                                                        "Rows Removed by Filter": 68,
                                                                                        "Exact Heap Blocks": 271907,
                                                                                        "Lossy Heap Blocks": 0,
                                                                                        "Plans": [
                                                                                            {
                                                                                                "Node Type": "Bitmap Index Scan",
                                                                                                "Parent Relationship": "Outer",
                                                                                                "Parallel Aware": false,
                                                                                                "Index Name": "movie_id_movie_info",
                                                                                                "Startup Cost": 0.0,
                                                                                                "Total Cost": 2.33,
                                                                                                "Plan Rows": 39,
                                                                                                "Plan Width": 0,
                                                                                                "Actual Startup Time": 0.01,
                                                                                                "Actual Total Time": 0.01,
                                                                                                "Actual Rows": 68,
                                                                                                "Actual Loops": 17879,
                                                                                                "Index Cond": "(mi.movie_id = cc.movie_id)"
                                                                                            }
                                                                                        ]
                                                                                    }
                                                                                ]
                                                                            },
                                                                            {
                                                                                "Node Type": "Bitmap Heap Scan",
                                                                                "Parent Relationship": "Inner",
                                                                                "Parallel Aware": false,
                                                                                "Relation Name": "info_type",
                                                                                "Schema": "public",
                                                                                "Alias": "it1",
                                                                                "Startup Cost": 0.15,
                                                                                "Total Cost": 4.17,
                                                                                "Plan Rows": 1,
                                                                                "Plan Width": 4,
                                                                                "Actual Startup Time": 0.002,
                                                                                "Actual Total Time": 0.002,
                                                                                "Actual Rows": 1,
                                                                                "Actual Loops": 9511,
                                                                                "Output": [
                                                                                    "it1.id",
                                                                                    "it1.info"
                                                                                ],
                                                                                "Recheck Cond": "(it1.id = mi.info_type_id)",
                                                                                "Rows Removed by Index Recheck": 0,
                                                                                "Filter": "((it1.info)::text = 'genres'::text)",
                                                                                "Rows Removed by Filter": 0,
                                                                                "Exact Heap Blocks": 9511,
                                                                                "Lossy Heap Blocks": 0,
                                                                                "Plans": [
                                                                                    {
                                                                                        "Node Type": "Bitmap Index Scan",
                                                                                        "Parent Relationship": "Outer",
                                                                                        "Parallel Aware": false,
                                                                                        "Index Name": "info_type_pkey",
                                                                                        "Startup Cost": 0.0,
                                                                                        "Total Cost": 0.15,
                                                                                        "Plan Rows": 1,
                                                                                        "Plan Width": 0,
                                                                                        "Actual Startup Time": 0.001,
                                                                                        "Actual Total Time": 0.001,
                                                                                        "Actual Rows": 1,
                                                                                        "Actual Loops": 9511,
                                                                                        "Index Cond": "(it1.id = mi.info_type_id)"
                                                                                    }
                                                                                ]
                                                                            }
                                                                        ]
                                                                    },
                                                                    {
                                                                        "Node Type": "Bitmap Heap Scan",
                                                                        "Parent Relationship": "Inner",
                                                                        "Parallel Aware": false,
                                                                        "Relation Name": "movie_info_idx",
                                                                        "Schema": "public",
                                                                        "Alias": "mi_idx",
                                                                        "Startup Cost": 0.58,
                                                                        "Total Cost": 4.62,
                                                                        "Plan Rows": 3,
                                                                        "Plan Width": 13,
                                                                        "Actual Startup Time": 0.008,
                                                                        "Actual Total Time": 0.009,
                                                                        "Actual Rows": 3,
                                                                        "Actual Loops": 8758,
                                                                        "Output": [
                                                                            "mi_idx.id",
                                                                            "mi_idx.movie_id",
                                                                            "mi_idx.info_type_id",
                                                                            "mi_idx.info",
                                                                            "mi_idx.note"
                                                                        ],
                                                                        "Recheck Cond": "(mi_idx.movie_id = mi.movie_id)",
                                                                        "Rows Removed by Index Recheck": 0,
                                                                        "Exact Heap Blocks": 8893,
                                                                        "Lossy Heap Blocks": 0,
                                                                        "Plans": [
                                                                            {
                                                                                "Node Type": "Bitmap Index Scan",
                                                                                "Parent Relationship": "Outer",
                                                                                "Parallel Aware": false,
                                                                                "Index Name": "movie_id_movie_info_idx",
                                                                                "Startup Cost": 0.0,
                                                                                "Total Cost": 0.58,
                                                                                "Plan Rows": 3,
                                                                                "Plan Width": 0,
                                                                                "Actual Startup Time": 0.005,
                                                                                "Actual Total Time": 0.005,
                                                                                "Actual Rows": 3,
                                                                                "Actual Loops": 8758,
                                                                                "Index Cond": "(mi_idx.movie_id = mi.movie_id)"
                                                                            }
                                                                        ]
                                                                    }
                                                                ]
                                                            },
                                                            {
                                                                "Node Type": "Bitmap Heap Scan",
                                                                "Parent Relationship": "Inner",
                                                                "Parallel Aware": false,
                                                                "Relation Name": "info_type",
                                                                "Schema": "public",
                                                                "Alias": "it2",
                                                                "Startup Cost": 0.15,
                                                                "Total Cost": 4.17,
                                                                "Plan Rows": 1,
                                                                "Plan Width": 4,
                                                                "Actual Startup Time": 0.002,
                                                                "Actual Total Time": 0.002,
                                                                "Actual Rows": 0,
                                                                "Actual Loops": 26149,
                                                                "Output": [
                                                                    "it2.id",
                                                                    "it2.info"
                                                                ],
                                                                "Recheck Cond": "(it2.id = mi_idx.info_type_id)",
                                                                "Rows Removed by Index Recheck": 0,
                                                                "Filter": "((it2.info)::text = 'votes'::text)",
                                                                "Rows Removed by Filter": 1,
                                                                "Exact Heap Blocks": 26149,
                                                                "Lossy Heap Blocks": 0,
                                                                "Plans": [
                                                                    {
                                                                        "Node Type": "Bitmap Index Scan",
                                                                        "Parent Relationship": "Outer",
                                                                        "Parallel Aware": false,
                                                                        "Index Name": "info_type_pkey",
                                                                        "Startup Cost": 0.0,
                                                                        "Total Cost": 0.15,
                                                                        "Plan Rows": 1,
                                                                        "Plan Width": 0,
                                                                        "Actual Startup Time": 0.001,
                                                                        "Actual Total Time": 0.001,
                                                                        "Actual Rows": 1,
                                                                        "Actual Loops": 26149,
                                                                        "Index Cond": "(it2.id = mi_idx.info_type_id)"
                                                                    }
                                                                ]
                                                            }
                                                        ]
                                                    },
                                                    {
                                                        "Node Type": "Bitmap Heap Scan",
                                                        "Parent Relationship": "Inner",
                                                        "Parallel Aware": false,
                                                        "Relation Name": "movie_keyword",
                                                        "Schema": "public",
                                                        "Alias": "mk",
                                                        "Startup Cost": 0.85,
                                                        "Total Cost": 5.43,
                                                        "Plan Rows": 46,
                                                        "Plan Width": 8,
                                                        "Actual Startup Time": 0.012,
                                                        "Actual Total Time": 0.02,
                                                        "Actual Rows": 58,
                                                        "Actual Loops": 8673,
                                                        "Output": [
                                                            "mk.id",
                                                            "mk.movie_id",
                                                            "mk.keyword_id"
                                                        ],
                                                        "Recheck Cond": "(mk.movie_id = mi_idx.movie_id)",
                                                        "Rows Removed by Index Recheck": 0,
                                                        "Exact Heap Blocks": 11159,
                                                        "Lossy Heap Blocks": 0,
                                                        "Plans": [
                                                            {
                                                                "Node Type": "Bitmap Index Scan",
                                                                "Parent Relationship": "Outer",
                                                                "Parallel Aware": false,
                                                                "Index Name": "movie_id_movie_keyword",
                                                                "Startup Cost": 0.0,
                                                                "Total Cost": 0.84,
                                                                "Plan Rows": 46,
                                                                "Plan Width": 0,
                                                                "Actual Startup Time": 0.008,
                                                                "Actual Total Time": 0.008,
                                                                "Actual Rows": 58,
                                                                "Actual Loops": 8673,
                                                                "Index Cond": "(mk.movie_id = mi_idx.movie_id)"
                                                            }
                                                        ]
                                                    }
                                                ]
                                            },
                                            {
                                                "Node Type": "Bitmap Heap Scan",
                                                "Parent Relationship": "Inner",
                                                "Parallel Aware": false,
                                                "Relation Name": "keyword",
                                                "Schema": "public",
                                                "Alias": "k",
                                                "Startup Cost": 0.43,
                                                "Total Cost": 4.45,
                                                "Plan Rows": 1,
                                                "Plan Width": 4,
                                                "Actual Startup Time": 0.003,
                                                "Actual Total Time": 0.003,
                                                "Actual Rows": 0,
                                                "Actual Loops": 499448,
                                                "Output": [
                                                    "k.id",
                                                    "k.keyword",
                                                    "k.phonetic_code"
                                                ],
                                                "Recheck Cond": "(k.id = mk.keyword_id)",
                                                "Rows Removed by Index Recheck": 0,
                                                "Filter": "(k.keyword = ANY ('{second-part,murder,female-nudity,blood,laser,violence,lightning}'::text[]))",
                                                "Rows Removed by Filter": 1,
                                                "Exact Heap Blocks": 499448,
                                                "Lossy Heap Blocks": 0,
                                                "Plans": [
                                                    {
                                                        "Node Type": "Bitmap Index Scan",
                                                        "Parent Relationship": "Outer",
                                                        "Parallel Aware": false,
                                                        "Index Name": "keyword_pkey",
                                                        "Startup Cost": 0.0,
                                                        "Total Cost": 0.43,
                                                        "Plan Rows": 1,
                                                        "Plan Width": 0,
                                                        "Actual Startup Time": 0.002,
                                                        "Actual Total Time": 0.002,
                                                        "Actual Rows": 1,
                                                        "Actual Loops": 499448,
                                                        "Index Cond": "(k.id = mk.keyword_id)"
                                                    }
                                                ]
                                            }
                                        ]
                                    },
                                    {
                                        "Node Type": "Bitmap Heap Scan",
                                        "Parent Relationship": "Inner",
                                        "Parallel Aware": false,
                                        "Relation Name": "cast_info",
                                        "Schema": "public",
                                        "Alias": "ci",
                                        "Startup Cost": 0.97,
                                        "Total Cost": 5.68,
                                        "Plan Rows": 4,
                                        "Plan Width": 8,
                                        "Actual Startup Time": 0.027,
                                        "Actual Total Time": 0.097,
                                        "Actual Rows": 11,
                                        "Actual Loops": 9007,
                                        "Output": [
                                            "ci.id",
                                            "ci.person_id",
                                            "ci.movie_id",
                                            "ci.person_role_id",
                                            "ci.note",
                                            "ci.nr_order",
                                            "ci.role_id"
                                        ],
                                        "Recheck Cond": "(ci.movie_id = mk.movie_id)",
                                        "Rows Removed by Index Recheck": 0,
                                        "Filter": "(ci.note = ANY ('{(uncredited),(voice),(producer),\"(executive producer)\",\"(written by)\"}'::text[]))",
                                        "Rows Removed by Filter": 65,
                                        "Exact Heap Blocks": 674142,
                                        "Lossy Heap Blocks": 0,
                                        "Plans": [
                                            {
                                                "Node Type": "Bitmap Index Scan",
                                                "Parent Relationship": "Outer",
                                                "Parallel Aware": false,
                                                "Index Name": "movie_id_cast_info",
                                                "Startup Cost": 0.0,
                                                "Total Cost": 0.97,
                                                "Plan Rows": 38,
                                                "Plan Width": 0,
                                                "Actual Startup Time": 0.009,
                                                "Actual Total Time": 0.009,
                                                "Actual Rows": 76,
                                                "Actual Loops": 9007,
                                                "Index Cond": "(ci.movie_id = mk.movie_id)"
                                            }
                                        ]
                                    }
                                ]
                            },
                            {
                                "Node Type": "Bitmap Heap Scan",
                                "Parent Relationship": "Inner",
                                "Parallel Aware": false,
                                "Relation Name": "name",
                                "Schema": "public",
                                "Alias": "n",
                                "Startup Cost": 0.45,
                                "Total Cost": 4.47,
                                "Plan Rows": 1,
                                "Plan Width": 19,
                                "Actual Startup Time": 0.006,
                                "Actual Total Time": 0.006,
                                "Actual Rows": 1,
                                "Actual Loops": 100872,
                                "Output": [
                                    "n.id",
                                    "n.name",
                                    "n.imdb_index",
                                    "n.imdb_id",
                                    "n.gender",
                                    "n.name_pcode_cf",
                                    "n.name_pcode_nf",
                                    "n.surname_pcode",
                                    "n.md5sum"
                                ],
                                "Recheck Cond": "(n.id = ci.person_id)",
                                "Rows Removed by Index Recheck": 0,
                                "Filter": "((n.gender)::text = 'm'::text)",
                                "Rows Removed by Filter": 0,
                                "Exact Heap Blocks": 100872,
                                "Lossy Heap Blocks": 0,
                                "Plans": [
                                    {
                                        "Node Type": "Bitmap Index Scan",
                                        "Parent Relationship": "Outer",
                                        "Parallel Aware": false,
                                        "Index Name": "name_pkey",
                                        "Startup Cost": 0.0,
                                        "Total Cost": 0.45,
                                        "Plan Rows": 1,
                                        "Plan Width": 0,
                                        "Actual Startup Time": 0.004,
                                        "Actual Total Time": 0.004,
                                        "Actual Rows": 1,
                                        "Actual Loops": 100872,
                                        "Index Cond": "(n.id = ci.person_id)"
                                    }
                                ]
                            }
                        ]
                    },
                    {
                        "Node Type": "Bitmap Heap Scan",
                        "Parent Relationship": "Inner",
                        "Parallel Aware": false,
                        "Relation Name": "title",
                        "Schema": "public",
                        "Alias": "t",
                        "Startup Cost": 0.45,
                        "Total Cost": 4.46,
                        "Plan Rows": 1,
                        "Plan Width": 21,
                        "Actual Startup Time": 0.003,
                        "Actual Total Time": 0.003,
                        "Actual Rows": 1,
                        "Actual Loops": 76358,
                        "Output": [
                            "t.id",
                            "t.title",
                            "t.imdb_index",
                            "t.kind_id",
                            "t.production_year",
                            "t.imdb_id",
                            "t.phonetic_code",
                            "t.episode_of_id",
                            "t.season_nr",
                            "t.episode_nr",
                            "t.series_years",
                            "t.md5sum"
                        ],
                        "Recheck Cond": "(t.id = mk.movie_id)",
                        "Rows Removed by Index Recheck": 0,
                        "Exact Heap Blocks": 76358,
                        "Lossy Heap Blocks": 0,
                        "Plans": [
                            {
                                "Node Type": "Bitmap Index Scan",
                                "Parent Relationship": "Outer",
                                "Parallel Aware": false,
                                "Index Name": "title_pkey",
                                "Startup Cost": 0.0,
                                "Total Cost": 0.45,
                                "Plan Rows": 1,
                                "Plan Width": 0,
                                "Actual Startup Time": 0.002,
                                "Actual Total Time": 0.002,
                                "Actual Rows": 1,
                                "Actual Loops": 76358,
                                "Index Cond": "(t.id = mk.movie_id)"
                            }
                        ]
                    }
                ]
            }
        ]
    },
    "Planning Time": 59.977,
    "Triggers": [],
    "Execution Time": 6386.473
}