[
  {
    "Plan": {
      "Node Type": "Aggregate",
      "Strategy": "Plain",
      "Partial Mode": "Finalize",
      "Parallel Aware": false,
      "Startup Cost": 153351.54,
      "Total Cost": 153351.55,
      "Plan Rows": 1,
      "Plan Width": 8,
      "Actual Startup Time": 314.331,
      "Actual Total Time": 331.516,
      "Actual Rows": 1,
      "Actual Loops": 1,
      "Plans": [
        {
          "Node Type": "Gather",
          "Parent Relationship": "Outer",
          "Parallel Aware": false,
          "Startup Cost": 153351.22,
          "Total Cost": 153351.53,
          "Plan Rows": 3,
          "Plan Width": 8,
          "Actual Startup Time": 310.793,
          "Actual Total Time": 331.505,
          "Actual Rows": 4,
          "Actual Loops": 1,
          "Workers Planned": 3,
          "Workers Launched": 3,
          "Single Copy": false,
          "Plans": [
            {
              "Node Type": "Aggregate",
              "Strategy": "Plain",
              "Partial Mode": "Partial",
              "Parent Relationship": "Outer",
              "Parallel Aware": false,
              "Startup Cost": 152351.22,
              "Total Cost": 152351.23,
              "Plan Rows": 1,
              "Plan Width": 8,
              "Actual Startup Time": 301.616,
              "Actual Total Time": 301.621,
              "Actual Rows": 1,
              "Actual Loops": 4,
              "Plans": [
                {
                  "Node Type": "Nested Loop",
                  "Parent Relationship": "Outer",
                  "Parallel Aware": false,
                  "Join Type": "Inner",
                  "Startup Cost": 53548.63,
                  "Total Cost": 151928.41,
                  "Plan Rows": 169123,
                  "Plan Width": 0,
                  "Actual Startup Time": 227.045,
                  "Actual Total Time": 300.613,
                  "Actual Rows": 15147,
                  "Actual Loops": 4,
                  "Inner Unique": false,
                  "Plans": [
                    {
                      "Node Type": "Hash Join",
                      "Parent Relationship": "Outer",
                      "Parallel Aware": true,
                      "Join Type": "Inner",
                      "Startup Cost": 53548.2,
                      "Total Cost": 79185.36,
                      "Plan Rows": 28923,
                      "Plan Width": 8,
                      "Actual Startup Time": 226.937,
                      "Actual Total Time": 282.569,
                      "Actual Rows": 1454,
                      "Actual Loops": 4,
                      "Inner Unique": true,
                      "Hash Cond": "(mk.movie_id = t.id)",
                      "Plans": [
                        {
                          "Node Type": "Bitmap Heap Scan",
                          "Parent Relationship": "Outer",
                          "Parallel Aware": true,
                          "Relation Name": "movie_keyword",
                          "Alias": "mk",
                          "Startup Cost": 5147.8,
                          "Total Cost": 30579.62,
                          "Plan Rows": 78225,
                          "Plan Width": 4,
                          "Actual Startup Time": 20.486,
                          "Actual Total Time": 58.916,
                          "Actual Rows": 58027,
                          "Actual Loops": 4,
                          "Recheck Cond": "(keyword_id > 63010)",
                          "Rows Removed by Index Recheck": 0,
                          "Exact Heap Blocks": 6638,
                          "Lossy Heap Blocks": 0,
                          "Plans": [
                            {
                              "Node Type": "Bitmap Index Scan",
                              "Parent Relationship": "Outer",
                              "Parallel Aware": false,
                              "Index Name": "keyword_id_movie_keyword",
                              "Startup Cost": 0.0,
                              "Total Cost": 5087.18,
                              "Plan Rows": 242499,
                              "Plan Width": 0,
                              "Actual Startup Time": 17.327,
                              "Actual Total Time": 17.328,
                              "Actual Rows": 232108,
                              "Actual Loops": 1,
                              "Index Cond": "(keyword_id > 63010)"
                            }
                          ]
                        },
                        {
                          "Node Type": "Hash",
                          "Parent Relationship": "Inner",
                          "Parallel Aware": true,
                          "Startup Cost": 45479.1,
                          "Total Cost": 45479.1,
                          "Plan Rows": 233704,
                          "Plan Width": 4,
                          "Actual Startup Time": 201.492,
                          "Actual Total Time": 201.493,
                          "Actual Rows": 256052,
                          "Actual Loops": 4,
                          "Hash Buckets": 1048576,
                          "Original Hash Buckets": 1048576,
                          "Hash Batches": 1,
                          "Original Hash Batches": 1,
                          "Peak Memory Usage": 48352,
                          "Plans": [
                            {
                              "Node Type": "Seq Scan",
                              "Parent Relationship": "Outer",
                              "Parallel Aware": true,
                              "Relation Name": "title",
                              "Alias": "t",
                              "Startup Cost": 0.0,
                              "Total Cost": 45479.1,
                              "Plan Rows": 233704,
                              "Plan Width": 4,
                              "Actual Startup Time": 0.041,
                              "Actual Total Time": 107.323,
                              "Actual Rows": 256052,
                              "Actual Loops": 4,
                              "Filter": "((production_year > 1997) AND (kind_id = 7))",
                              "Rows Removed by Filter": 376026
                            }
                          ]
                        }
                      ]
                    },
                    {
                      "Node Type": "Index Only Scan",
                      "Parent Relationship": "Inner",
                      "Parallel Aware": false,
                      "Scan Direction": "Forward",
                      "Index Name": "movie_id_movie_info",
                      "Relation Name": "movie_info",
                      "Alias": "mi",
                      "Startup Cost": 0.43,
                      "Total Cost": 2.1,
                      "Plan Rows": 42,
                      "Plan Width": 4,
                      "Actual Startup Time": 0.004,
                      "Actual Total Time": 0.011,
                      "Actual Rows": 10,
                      "Actual Loops": 5817,
                      "Index Cond": "(movie_id = t.id)",
                      "Rows Removed by Index Recheck": 0,
                      "Heap Fetches": 60589
                    }
                  ]
                }
              ]
            }
          ]
        }
      ]
    },
    "Planning Time": 1.416,
    "Triggers": [],
    "Execution Time": 331.641
  }
]