[
  {
    "Plan": {
      "Node Type": "Aggregate",
      "Strategy": "Plain",
      "Partial Mode": "Finalize",
      "Parallel Aware": false,
      "Startup Cost": 339525.49,
      "Total Cost": 339525.5,
      "Plan Rows": 1,
      "Plan Width": 8,
      "Actual Startup Time": 774.944,
      "Actual Total Time": 818.171,
      "Actual Rows": 1,
      "Actual Loops": 1,
      "Plans": [
        {
          "Node Type": "Gather",
          "Parent Relationship": "Outer",
          "Parallel Aware": false,
          "Startup Cost": 339524.87,
          "Total Cost": 339525.48,
          "Plan Rows": 6,
          "Plan Width": 8,
          "Actual Startup Time": 774.758,
          "Actual Total Time": 818.159,
          "Actual Rows": 7,
          "Actual Loops": 1,
          "Workers Planned": 6,
          "Workers Launched": 6,
          "Single Copy": false,
          "Plans": [
            {
              "Node Type": "Aggregate",
              "Strategy": "Plain",
              "Partial Mode": "Partial",
              "Parent Relationship": "Outer",
              "Parallel Aware": false,
              "Startup Cost": 338524.87,
              "Total Cost": 338524.88,
              "Plan Rows": 1,
              "Plan Width": 8,
              "Actual Startup Time": 766.507,
              "Actual Total Time": 766.508,
              "Actual Rows": 1,
              "Actual Loops": 7,
              "Plans": [
                {
                  "Node Type": "Seq Scan",
                  "Parent Relationship": "Outer",
                  "Parallel Aware": true,
                  "Relation Name": "cast_info",
                  "Alias": "ci",
                  "Startup Cost": 0.0,
                  "Total Cost": 328211.39,
                  "Plan Rows": 4125391,
                  "Plan Width": 0,
                  "Actual Startup Time": 0.052,
                  "Actual Total Time": 598.804,
                  "Actual Rows": 3553902,
                  "Actual Loops": 7,
                  "Filter": "(person_id < 2562579)",
                  "Rows Removed by Filter": 1623861
                }
              ]
            }
          ]
        }
      ]
    },
    "Planning Time": 0.084,
    "Triggers": [],
    "Execution Time": 818.211
  }
]