[
  {
    "Plan": {
      "Node Type": "Aggregate",
      "Strategy": "Plain",
      "Partial Mode": "Finalize",
      "Parallel Aware": false,
      "Startup Cost": 249290.65,
      "Total Cost": 249290.66,
      "Plan Rows": 1,
      "Plan Width": 8,
      "Actual Startup Time": 544.907,
      "Actual Total Time": 561.62,
      "Actual Rows": 1,
      "Actual Loops": 1,
      "Plans": [
        {
          "Node Type": "Gather",
          "Parent Relationship": "Outer",
          "Parallel Aware": false,
          "Startup Cost": 249290.13,
          "Total Cost": 249290.64,
          "Plan Rows": 5,
          "Plan Width": 8,
          "Actual Startup Time": 541.603,
          "Actual Total Time": 561.611,
          "Actual Rows": 6,
          "Actual Loops": 1,
          "Workers Planned": 5,
          "Workers Launched": 5,
          "Single Copy": false,
          "Plans": [
            {
              "Node Type": "Aggregate",
              "Strategy": "Plain",
              "Partial Mode": "Partial",
              "Parent Relationship": "Outer",
              "Parallel Aware": false,
              "Startup Cost": 248290.13,
              "Total Cost": 248290.14,
              "Plan Rows": 1,
              "Plan Width": 8,
              "Actual Startup Time": 535.204,
              "Actual Total Time": 535.206,
              "Actual Rows": 1,
              "Actual Loops": 6,
              "Plans": [
                {
                  "Node Type": "Hash Join",
                  "Parent Relationship": "Outer",
                  "Parallel Aware": true,
                  "Join Type": "Inner",
                  "Startup Cost": 45976.11,
                  "Total Cost": 247602.65,
                  "Plan Rows": 274989,
                  "Plan Width": 0,
                  "Actual Startup Time": 122.783,
                  "Actual Total Time": 525.486,
                  "Actual Rows": 207120,
                  "Actual Loops": 6,
                  "Inner Unique": true,
                  "Hash Cond": "(mi.movie_id = t.id)",
                  "Plans": [
                    {
                      "Node Type": "Seq Scan",
                      "Parent Relationship": "Outer",
                      "Parallel Aware": true,
                      "Relation Name": "movie_info",
                      "Alias": "mi",
                      "Startup Cost": 0.0,
                      "Total Cost": 198880.74,
                      "Plan Rows": 1046023,
                      "Plan Width": 4,
                      "Actual Startup Time": 13.487,
                      "Actual Total Time": 270.022,
                      "Actual Rows": 878428,
                      "Actual Loops": 6,
                      "Filter": "(info_type_id > 15)",
                      "Rows Removed by Filter": 1594192
                    },
                    {
                      "Node Type": "Hash",
                      "Parent Relationship": "Inner",
                      "Parallel Aware": true,
                      "Startup Cost": 43899.01,
                      "Total Cost": 43899.01,
                      "Plan Rows": 166168,
                      "Plan Width": 4,
                      "Actual Startup Time": 106.773,
                      "Actual Total Time": 106.774,
                      "Actual Rows": 110344,
                      "Actual Loops": 6,
                      "Hash Buckets": 1048576,
                      "Original Hash Buckets": 1048576,
                      "Hash Batches": 1,
                      "Original Hash Batches": 1,
                      "Peak Memory Usage": 34176,
                      "Plans": [
                        {
                          "Node Type": "Seq Scan",
                          "Parent Relationship": "Outer",
                          "Parallel Aware": true,
                          "Relation Name": "title",
                          "Alias": "t",
                          "Startup Cost": 0.0,
                          "Total Cost": 43899.01,
                          "Plan Rows": 166168,
                          "Plan Width": 4,
                          "Actual Startup Time": 0.03,
                          "Actual Total Time": 65.581,
                          "Actual Rows": 110344,
                          "Actual Loops": 6,
                          "Filter": "(production_year > 2008)",
                          "Rows Removed by Filter": 311041
                        }
                      ]
                    }
                  ]
                }
              ]
            }
          ]
        }
      ]
    },
    "Planning Time": 0.298,
    "Triggers": [],
    "Execution Time": 561.658
  }
]