[
  {
    "Plan": {
      "Node Type": "Aggregate",
      "Strategy": "Plain",
      "Partial Mode": "Simple",
      "Parallel Aware": false,
      "Startup Cost": 10640.95,
      "Total Cost": 10640.96,
      "Plan Rows": 1,
      "Plan Width": 8,
      "Actual Startup Time": 6.271,
      "Actual Total Time": 6.273,
      "Actual Rows": 1,
      "Actual Loops": 1,
      "Plans": [
        {
          "Node Type": "Bitmap Heap Scan",
          "Parent Relationship": "Outer",
          "Parallel Aware": false,
          "Relation Name": "movie_info",
          "Alias": "mi",
          "Startup Cost": 55.35,
          "Total Cost": 10633.55,
          "Plan Rows": 2957,
          "Plan Width": 0,
          "Actual Startup Time": 1.113,
          "Actual Total Time": 5.84,
          "Actual Rows": 2522,
          "Actual Loops": 1,
          "Recheck Cond": "(info_type_id = 72)",
          "Rows Removed by Index Recheck": 0,
          "Exact Heap Blocks": 1134,
          "Lossy Heap Blocks": 0,
          "Plans": [
            {
              "Node Type": "Bitmap Index Scan",
              "Parent Relationship": "Outer",
              "Parallel Aware": false,
              "Index Name": "info_type_id_movie_info",
              "Startup Cost": 0.0,
              "Total Cost": 54.61,
              "Plan Rows": 2957,
              "Plan Width": 0,
              "Actual Startup Time": 0.634,
              "Actual Total Time": 0.635,
              "Actual Rows": 2522,
              "Actual Loops": 1,
              "Index Cond": "(info_type_id = 72)"
            }
          ]
        }
      ]
    },
    "Planning Time": 0.173,
    "Triggers": [],
    "Execution Time": 6.343
  }
]