[
  {
    "Plan": {
      "Node Type": "Aggregate",
      "Strategy": "Plain",
      "Partial Mode": "Finalize",
      "Parallel Aware": false,
      "Startup Cost": 124648.91,
      "Total Cost": 124648.92,
      "Plan Rows": 1,
      "Plan Width": 8,
      "Actual Startup Time": 480.865,
      "Actual Total Time": 504.204,
      "Actual Rows": 1,
      "Actual Loops": 1,
      "Plans": [
        {
          "Node Type": "Gather",
          "Parent Relationship": "Outer",
          "Parallel Aware": false,
          "Startup Cost": 124648.59,
          "Total Cost": 124648.9,
          "Plan Rows": 3,
          "Plan Width": 8,
          "Actual Startup Time": 478.865,
          "Actual Total Time": 504.183,
          "Actual Rows": 4,
          "Actual Loops": 1,
          "Workers Planned": 3,
          "Workers Launched": 3,
          "Single Copy": false,
          "Plans": [
            {
              "Node Type": "Aggregate",
              "Strategy": "Plain",
              "Partial Mode": "Partial",
              "Parent Relationship": "Outer",
              "Parallel Aware": false,
              "Startup Cost": 123648.59,
              "Total Cost": 123648.6,
              "Plan Rows": 1,
              "Plan Width": 8,
              "Actual Startup Time": 469.227,
              "Actual Total Time": 469.385,
              "Actual Rows": 1,
              "Actual Loops": 4,
              "Plans": [
                {
                  "Node Type": "Hash Join",
                  "Parent Relationship": "Outer",
                  "Parallel Aware": true,
                  "Join Type": "Inner",
                  "Startup Cost": 78812.07,
                  "Total Cost": 123490.24,
                  "Plan Rows": 63340,
                  "Plan Width": 0,
                  "Actual Startup Time": 288.897,
                  "Actual Total Time": 465.533,
                  "Actual Rows": 100006,
                  "Actual Loops": 4,
                  "Inner Unique": false,
                  "Hash Cond": "(mk.movie_id = t.id)",
                  "Plans": [
                    {
                      "Node Type": "Seq Scan",
                      "Parent Relationship": "Outer",
                      "Parallel Aware": true,
                      "Relation Name": "movie_keyword",
                      "Alias": "mk",
                      "Startup Cost": 0.0,
                      "Total Cost": 39047.32,
                      "Plan Rows": 1459332,
                      "Plan Width": 4,
                      "Actual Startup Time": 0.042,
                      "Actual Total Time": 84.867,
                      "Actual Rows": 1130982,
                      "Actual Loops": 4
                    },
                    {
                      "Node Type": "Hash",
                      "Parent Relationship": "Inner",
                      "Parallel Aware": true,
                      "Startup Cost": 78469.15,
                      "Total Cost": 78469.15,
                      "Plan Rows": 27434,
                      "Plan Width": 8,
                      "Actual Startup Time": 287.019,
                      "Actual Total Time": 287.175,
                      "Actual Rows": 39118,
                      "Actual Loops": 4,
                      "Hash Buckets": 262144,
                      "Original Hash Buckets": 131072,
                      "Hash Batches": 1,
                      "Original Hash Batches": 1,
                      "Peak Memory Usage": 9216,
                      "Plans": [
                        {
                          "Node Type": "Hash Join",
                          "Parent Relationship": "Outer",
                          "Parallel Aware": true,
                          "Join Type": "Inner",
                          "Startup Cost": 31304.88,
                          "Total Cost": 78469.15,
                          "Plan Rows": 27434,
                          "Plan Width": 8,
                          "Actual Startup Time": 118.729,
                          "Actual Total Time": 271.743,
                          "Actual Rows": 39118,
                          "Actual Loops": 4,
                          "Inner Unique": false,
                          "Hash Cond": "(t.id = mc.movie_id)",
                          "Plans": [
                            {
                              "Node Type": "Seq Scan",
                              "Parent Relationship": "Outer",
                              "Parallel Aware": true,
                              "Relation Name": "title",
                              "Alias": "t",
                              "Startup Cost": 0.0,
                              "Total Cost": 45479.1,
                              "Plan Rows": 319334,
                              "Plan Width": 4,
                              "Actual Startup Time": 0.012,
                              "Actual Total Time": 88.888,
                              "Actual Rows": 339413,
                              "Actual Loops": 4,
                              "Filter": "((production_year > 1969) AND (kind_id = 7))",
                              "Rows Removed by Filter": 292665
                            },
                            {
                              "Node Type": "Hash",
                              "Parent Relationship": "Inner",
                              "Parallel Aware": true,
                              "Startup Cost": 30429.04,
                              "Total Cost": 30429.04,
                              "Plan Rows": 70067,
                              "Plan Width": 4,
                              "Actual Startup Time": 117.527,
                              "Actual Total Time": 117.529,
                              "Actual Rows": 83249,
                              "Actual Loops": 4,
                              "Hash Buckets": 524288,
                              "Original Hash Buckets": 262144,
                              "Hash Batches": 1,
                              "Original Hash Batches": 1,
                              "Peak Memory Usage": 19232,
                              "Plans": [
                                {
                                  "Node Type": "Bitmap Heap Scan",
                                  "Parent Relationship": "Outer",
                                  "Parallel Aware": true,
                                  "Relation Name": "movie_companies",
                                  "Alias": "mc",
                                  "Startup Cost": 9504.02,
                                  "Total Cost": 30429.04,
                                  "Plan Rows": 70067,
                                  "Plan Width": 4,
                                  "Actual Startup Time": 32.603,
                                  "Actual Total Time": 84.14,
                                  "Actual Rows": 83249,
                                  "Actual Loops": 4,
                                  "Recheck Cond": "(company_id < 321)",
                                  "Rows Removed by Index Recheck": 0,
                                  "Filter": "(company_type_id < 2)",
                                  "Rows Removed by Filter": 26064,
                                  "Exact Heap Blocks": 7481,
                                  "Lossy Heap Blocks": 0,
                                  "Plans": [
                                    {
                                      "Node Type": "Bitmap Index Scan",
                                      "Parent Relationship": "Outer",
                                      "Parallel Aware": false,
                                      "Index Name": "company_id_movie_companies",
                                      "Startup Cost": 0.0,
                                      "Total Cost": 9449.72,
                                      "Plan Rows": 441238,
                                      "Plan Width": 0,
                                      "Actual Startup Time": 30.862,
                                      "Actual Total Time": 30.862,
                                      "Actual Rows": 437252,
                                      "Actual Loops": 1,
                                      "Index Cond": "(company_id < 321)"
                                    }
                                  ]
                                }
                              ]
                            }
                          ]
                        }
                      ]
                    }
                  ]
                }
              ]
            }
          ]
        }
      ]
    },
    "Planning Time": 1.385,
    "Triggers": [],
    "Execution Time": 504.306
  }
]