[
  {
    "Plan": {
      "Node Type": "Aggregate",
      "Strategy": "Plain",
      "Partial Mode": "Finalize",
      "Parallel Aware": false,
      "Startup Cost": 28053.09,
      "Total Cost": 28053.1,
      "Plan Rows": 1,
      "Plan Width": 8,
      "Actual Startup Time": 38.142,
      "Actual Total Time": 41.03,
      "Actual Rows": 1,
      "Actual Loops": 1,
      "Plans": [
        {
          "Node Type": "Gather",
          "Parent Relationship": "Outer",
          "Parallel Aware": false,
          "Startup Cost": 28052.77,
          "Total Cost": 28053.08,
          "Plan Rows": 3,
          "Plan Width": 8,
          "Actual Startup Time": 37.998,
          "Actual Total Time": 41.021,
          "Actual Rows": 4,
          "Actual Loops": 1,
          "Workers Planned": 3,
          "Workers Launched": 3,
          "Single Copy": false,
          "Plans": [
            {
              "Node Type": "Aggregate",
              "Strategy": "Plain",
              "Partial Mode": "Partial",
              "Parent Relationship": "Outer",
              "Parallel Aware": false,
              "Startup Cost": 27052.77,
              "Total Cost": 27052.78,
              "Plan Rows": 1,
              "Plan Width": 8,
              "Actual Startup Time": 28.792,
              "Actual Total Time": 28.794,
              "Actual Rows": 1,
              "Actual Loops": 4,
              "Plans": [
                {
                  "Node Type": "Nested Loop",
                  "Parent Relationship": "Outer",
                  "Parallel Aware": false,
                  "Join Type": "Inner",
                  "Startup Cost": 1.43,
                  "Total Cost": 27052.72,
                  "Plan Rows": 18,
                  "Plan Width": 0,
                  "Actual Startup Time": 21.914,
                  "Actual Total Time": 28.785,
                  "Actual Rows": 29,
                  "Actual Loops": 4,
                  "Inner Unique": false,
                  "Plans": [
                    {
                      "Node Type": "Nested Loop",
                      "Parent Relationship": "Outer",
                      "Parallel Aware": false,
                      "Join Type": "Inner",
                      "Startup Cost": 0.99,
                      "Total Cost": 26970.58,
                      "Plan Rows": 10,
                      "Plan Width": 8,
                      "Actual Startup Time": 13.772,
                      "Actual Total Time": 28.694,
                      "Actual Rows": 2,
                      "Actual Loops": 4,
                      "Inner Unique": true,
                      "Plans": [
                        {
                          "Node Type": "Index Scan",
                          "Parent Relationship": "Outer",
                          "Parallel Aware": true,
                          "Scan Direction": "Forward",
                          "Index Name": "role_id_cast_info",
                          "Relation Name": "cast_info",
                          "Alias": "ci",
                          "Startup Cost": 0.56,
                          "Total Cost": 9367.76,
                          "Plan Rows": 2580,
                          "Plan Width": 4,
                          "Actual Startup Time": 0.16,
                          "Actual Total Time": 21.015,
                          "Actual Rows": 404,
                          "Actual Loops": 4,
                          "Index Cond": "(role_id = 7)",
                          "Rows Removed by Index Recheck": 0,
                          "Filter": "(person_id < 92101)",
                          "Rows Removed by Filter": 68697
                        },
                        {
                          "Node Type": "Index Scan",
                          "Parent Relationship": "Inner",
                          "Parallel Aware": false,
                          "Scan Direction": "Forward",
                          "Index Name": "title_pkey",
                          "Relation Name": "title",
                          "Alias": "t",
                          "Startup Cost": 0.43,
                          "Total Cost": 6.82,
                          "Plan Rows": 1,
                          "Plan Width": 4,
                          "Actual Startup Time": 0.018,
                          "Actual Total Time": 0.018,
                          "Actual Rows": 0,
                          "Actual Loops": 1615,
                          "Index Cond": "(id = ci.movie_id)",
                          "Rows Removed by Index Recheck": 0,
                          "Filter": "((kind_id = 1) AND (production_year = 1997))",
                          "Rows Removed by Filter": 1
                        }
                      ]
                    },
                    {
                      "Node Type": "Index Only Scan",
                      "Parent Relationship": "Inner",
                      "Parallel Aware": false,
                      "Scan Direction": "Forward",
                      "Index Name": "movie_id_movie_keyword",
                      "Relation Name": "movie_keyword",
                      "Alias": "mk",
                      "Startup Cost": 0.43,
                      "Total Cost": 7.76,
                      "Plan Rows": 45,
                      "Plan Width": 4,
                      "Actual Startup Time": 0.046,
                      "Actual Total Time": 0.054,
                      "Actual Rows": 19,
                      "Actual Loops": 6,
                      "Index Cond": "(movie_id = t.id)",
                      "Rows Removed by Index Recheck": 0,
                      "Heap Fetches": 116
                    }
                  ]
                }
              ]
            }
          ]
        }
      ]
    },
    "Planning Time": 1.365,
    "Triggers": [],
    "Execution Time": 41.174
  }
]