[
  {
    "Plan": {
      "Node Type": "Aggregate",
      "Strategy": "Plain",
      "Partial Mode": "Finalize",
      "Parallel Aware": false,
      "Startup Cost": 33013.68,
      "Total Cost": 33013.69,
      "Plan Rows": 1,
      "Plan Width": 8,
      "Actual Startup Time": 89.378,
      "Actual Total Time": 97.195,
      "Actual Rows": 1,
      "Actual Loops": 1,
      "Plans": [
        {
          "Node Type": "Gather",
          "Parent Relationship": "Outer",
          "Parallel Aware": false,
          "Startup Cost": 33013.36,
          "Total Cost": 33013.67,
          "Plan Rows": 3,
          "Plan Width": 8,
          "Actual Startup Time": 89.284,
          "Actual Total Time": 97.188,
          "Actual Rows": 4,
          "Actual Loops": 1,
          "Workers Planned": 3,
          "Workers Launched": 3,
          "Single Copy": false,
          "Plans": [
            {
              "Node Type": "Aggregate",
              "Strategy": "Plain",
              "Partial Mode": "Partial",
              "Parent Relationship": "Outer",
              "Parallel Aware": false,
              "Startup Cost": 32013.36,
              "Total Cost": 32013.37,
              "Plan Rows": 1,
              "Plan Width": 8,
              "Actual Startup Time": 82.573,
              "Actual Total Time": 82.574,
              "Actual Rows": 1,
              "Actual Loops": 4,
              "Plans": [
                {
                  "Node Type": "Seq Scan",
                  "Parent Relationship": "Outer",
                  "Parallel Aware": true,
                  "Relation Name": "movie_companies",
                  "Alias": "mc",
                  "Startup Cost": 0.0,
                  "Total Cost": 31414.82,
                  "Plan Rows": 239418,
                  "Plan Width": 0,
                  "Actual Startup Time": 11.955,
                  "Actual Total Time": 76.554,
                  "Actual Rows": 130978,
                  "Actual Loops": 4,
                  "Filter": "((company_id > 7500) AND (company_type_id = 1))",
                  "Rows Removed by Filter": 521304
                }
              ]
            }
          ]
        }
      ]
    },
    "Planning Time": 0.256,
    "Triggers": [],
    "Execution Time": 97.253
  }
]