{
  "Plan": {
    "Node Type": "Aggregate",
    "Strategy": "Plain",
    "Partial Mode": "Finalize",
    "Parallel Aware": false,
    "Startup Cost": 178406.88,
    "Total Cost": 178406.89,
    "Plan Rows": 1,
    "Plan Width": 8,
    "Actual Startup Time": 934.467,
    "Actual Total Time": 957.394,
    "Actual Rows": 1,
    "Actual Loops": 1,
    "Plans": [
      {
        "Node Type": "Gather",
        "Parent Relationship": "Outer",
        "Parallel Aware": false,
        "Startup Cost": 178406.77,
        "Total Cost": 178406.88,
        "Plan Rows": 1,
        "Plan Width": 8,
        "Actual Startup Time": 932.822,
        "Actual Total Time": 957.383,
        "Actual Rows": 2,
        "Actual Loops": 1,
        "Workers Planned": 1,
        "Workers Launched": 1,
        "Single Copy": false,
        "Plans": [
          {
            "Node Type": "Aggregate",
            "Strategy": "Plain",
            "Partial Mode": "Partial",
            "Parent Relationship": "Outer",
            "Parallel Aware": false,
            "Startup Cost": 177406.77,
            "Total Cost": 177406.78,
            "Plan Rows": 1,
            "Plan Width": 8,
            "Actual Startup Time": 924.599,
            "Actual Total Time": 924.604,
            "Actual Rows": 1,
            "Actual Loops": 2,
            "Plans": [
              {
                "Node Type": "Nested Loop",
                "Parent Relationship": "Outer",
                "Parallel Aware": false,
                "Join Type": "Inner",
                "Startup Cost": 73845.19,
                "Total Cost": 177273.41,
                "Plan Rows": 53344,
                "Plan Width": 0,
                "Actual Startup Time": 462.278,
                "Actual Total Time": 912.766,
                "Actual Rows": 242176,
                "Actual Loops": 2,
                "Inner Unique": false,
                "Plans": [
                  {
                    "Node Type": "Hash Join",
                    "Parent Relationship": "Outer",
                    "Parallel Aware": true,
                    "Join Type": "Inner",
                    "Startup Cost": 73844.76,
                    "Total Cost": 101035.42,
                    "Plan Rows": 123880,
                    "Plan Width": 8,
                    "Actual Startup Time": 461.872,
                    "Actual Total Time": 569.937,
                    "Actual Rows": 85535,
                    "Actual Loops": 2,
                    "Inner Unique": true,
                    "Hash Cond": "(mk.movie_id = t.id)",
                    "Plans": [
                      {
                        "Node Type": "Bitmap Heap Scan",
                        "Parent Relationship": "Outer",
                        "Parallel Aware": true,
                        "Relation Name": "movie_keyword",
                        "Alias": "mk",
                        "Startup Cost": 6528.27,
                        "Total Cost": 33243.98,
                        "Plan Rows": 180936,
                        "Plan Width": 4,
                        "Actual Startup Time": 19.053,
                        "Actual Total Time": 81.539,
                        "Actual Rows": 151360,
                        "Actual Loops": 2,
                        "Recheck Cond": "(keyword_id > 53591)",
                        "Rows Removed by Index Recheck": 0,
                        "Exact Heap Blocks": 12350,
                        "Lossy Heap Blocks": 0,
                        "Plans": [
                          {
                            "Node Type": "Bitmap Index Scan",
                            "Parent Relationship": "Outer",
                            "Parallel Aware": false,
                            "Index Name": "keyword_id_movie_keyword",
                            "Startup Cost": 0.0,
                            "Total Cost": 6451.37,
                            "Plan Rows": 307592,
                            "Plan Width": 0,
                            "Actual Startup Time": 15.771,
                            "Actual Total Time": 15.772,
                            "Actual Rows": 302720,
                            "Actual Loops": 1,
                            "Index Cond": "(keyword_id > 53591)"
                          }
                        ]
                      },
                      {
                        "Node Type": "Hash",
                        "Parent Relationship": "Inner",
                        "Parallel Aware": true,
                        "Startup Cost": 54588.39,
                        "Total Cost": 54588.39,
                        "Plan Rows": 1018248,
                        "Plan Width": 4,
                        "Actual Startup Time": 428.888,
                        "Actual Total Time": 428.888,
                        "Actual Rows": 862616,
                        "Actual Loops": 2,
                        "Hash Buckets": 2097152,
                        "Original Hash Buckets": 2097152,
                        "Hash Batches": 1,
                        "Original Hash Batches": 1,
                        "Peak Memory Usage": 83936,
                        "Plans": [
                          {
                            "Node Type": "Seq Scan",
                            "Parent Relationship": "Outer",
                            "Parallel Aware": true,
                            "Relation Name": "title",
                            "Alias": "t",
                            "Startup Cost": 0.0,
                            "Total Cost": 54588.39,
                            "Plan Rows": 1018248,
                            "Plan Width": 4,
                            "Actual Startup Time": 0.047,
                            "Actual Total Time": 178.724,
                            "Actual Rows": 862616,
                            "Actual Loops": 2,
                            "Filter": "(production_year > 1991)",
                            "Rows Removed by Filter": 401540
                          }
                        ]
                      }
                    ]
                  },
                  {
                    "Node Type": "Index Scan",
                    "Parent Relationship": "Inner",
                    "Parallel Aware": false,
                    "Scan Direction": "Forward",
                    "Index Name": "movie_id_movie_companies",
                    "Relation Name": "movie_companies",
                    "Alias": "mc",
                    "Startup Cost": 0.43,
                    "Total Cost": 0.6,
                    "Plan Rows": 2,
                    "Plan Width": 4,
                    "Actual Startup Time": 0.003,
                    "Actual Total Time": 0.004,
                    "Actual Rows": 3,
                    "Actual Loops": 171070,
                    "Index Cond": "(movie_id = t.id)",
                    "Rows Removed by Index Recheck": 0,
                    "Filter": "(company_id > 14137)",
                    "Rows Removed by Filter": 7
                  }
                ]
              }
            ]
          }
        ]
      }
    ]
  },
  "Planning Time": 1.069,
  "Triggers": [],
  "Execution Time": 957.498
}