{
    "Plan": {
        "Node Type": "Aggregate",
        "Strategy": "Plain",
        "Partial Mode": "Finalize",
        "Parallel Aware": false,
        "Startup Cost": 84246.45,
        "Total Cost": 84246.46,
        "Plan Rows": 1,
        "Plan Width": 8,
        "Actual Startup Time": 313.929,
        "Actual Total Time": 353.673,
        "Actual Rows": 1,
        "Actual Loops": 1,
        "Output": [
            "count(*)"
        ],
        "Plans": [
            {
                "Node Type": "Gather",
                "Parent Relationship": "Outer",
                "Parallel Aware": false,
                "Startup Cost": 84246.03,
                "Total Cost": 84246.44,
                "Plan Rows": 4,
                "Plan Width": 8,
                "Actual Startup Time": 313.548,
                "Actual Total Time": 353.663,
                "Actual Rows": 5,
                "Actual Loops": 1,
                "Output": [
                    "(PARTIAL count(*))"
                ],
                "Workers Planned": 4,
                "Workers Launched": 4,
                "Single Copy": false,
                "Plans": [
                    {
                        "Node Type": "Aggregate",
                        "Strategy": "Plain",
                        "Partial Mode": "Partial",
                        "Parent Relationship": "Outer",
                        "Parallel Aware": false,
                        "Startup Cost": 83246.03,
                        "Total Cost": 83246.04,
                        "Plan Rows": 1,
                        "Plan Width": 8,
                        "Actual Startup Time": 303.078,
                        "Actual Total Time": 303.082,
                        "Actual Rows": 1,
                        "Actual Loops": 5,
                        "Output": [
                            "PARTIAL count(*)"
                        ],
                        "Workers": [
                            {
                                "Worker Number": 0,
                                "Actual Startup Time": 301.709,
                                "Actual Total Time": 301.712,
                                "Actual Rows": 1,
                                "Actual Loops": 1
                            },
                            {
                                "Worker Number": 1,
                                "Actual Startup Time": 301.448,
                                "Actual Total Time": 301.451,
                                "Actual Rows": 1,
                                "Actual Loops": 1
                            },
                            {
                                "Worker Number": 2,
                                "Actual Startup Time": 301.054,
                                "Actual Total Time": 301.057,
                                "Actual Rows": 1,
                                "Actual Loops": 1
                            },
                            {
                                "Worker Number": 3,
                                "Actual Startup Time": 300.439,
                                "Actual Total Time": 300.442,
                                "Actual Rows": 1,
                                "Actual Loops": 1
                            }
                        ],
                        "Plans": [
                            {
                                "Node Type": "Nested Loop",
                                "Parent Relationship": "Outer",
                                "Parallel Aware": false,
                                "Join Type": "Inner",
                                "Startup Cost": 29457.83,
                                "Total Cost": 83217.37,
                                "Plan Rows": 11463,
                                "Plan Width": 0,
                                "Actual Startup Time": 130.376,
                                "Actual Total Time": 301.788,
                                "Actual Rows": 9870,
                                "Actual Loops": 5,
                                "Inner Unique": false,
                                "Workers": [
                                    {
                                        "Worker Number": 0,
                                        "Actual Startup Time": 130.063,
                                        "Actual Total Time": 300.437,
                                        "Actual Rows": 7487,
                                        "Actual Loops": 1
                                    },
                                    {
                                        "Worker Number": 1,
                                        "Actual Startup Time": 128.946,
                                        "Actual Total Time": 300.178,
                                        "Actual Rows": 7697,
                                        "Actual Loops": 1
                                    },
                                    {
                                        "Worker Number": 2,
                                        "Actual Startup Time": 127.758,
                                        "Actual Total Time": 299.67,
                                        "Actual Rows": 8110,
                                        "Actual Loops": 1
                                    },
                                    {
                                        "Worker Number": 3,
                                        "Actual Startup Time": 127.916,
                                        "Actual Total Time": 299.215,
                                        "Actual Rows": 7093,
                                        "Actual Loops": 1
                                    }
                                ],
                                "Plans": [
                                    {
                                        "Node Type": "Hash Join",
                                        "Parent Relationship": "Outer",
                                        "Parallel Aware": true,
                                        "Join Type": "Inner",
                                        "Startup Cost": 29457.27,
                                        "Total Cost": 74203.25,
                                        "Plan Rows": 2413,
                                        "Plan Width": 8,
                                        "Actual Startup Time": 129.28,
                                        "Actual Total Time": 187.134,
                                        "Actual Rows": 309,
                                        "Actual Loops": 5,
                                        "Output": [
                                            "t.id",
                                            "mc.movie_id"
                                        ],
                                        "Inner Unique": false,
                                        "Hash Cond": "(t.id = mc.movie_id)",
                                        "Workers": [
                                            {
                                                "Worker Number": 0,
                                                "Actual Startup Time": 127.903,
                                                "Actual Total Time": 175.852,
                                                "Actual Rows": 237,
                                                "Actual Loops": 1
                                            },
                                            {
                                                "Worker Number": 1,
                                                "Actual Startup Time": 127.693,
                                                "Actual Total Time": 176.865,
                                                "Actual Rows": 233,
                                                "Actual Loops": 1
                                            },
                                            {
                                                "Worker Number": 2,
                                                "Actual Startup Time": 127.308,
                                                "Actual Total Time": 173.421,
                                                "Actual Rows": 227,
                                                "Actual Loops": 1
                                            },
                                            {
                                                "Worker Number": 3,
                                                "Actual Startup Time": 126.377,
                                                "Actual Total Time": 178.684,
                                                "Actual Rows": 232,
                                                "Actual Loops": 1
                                            }
                                        ],
                                        "Plans": [
                                            {
                                                "Node Type": "Seq Scan",
                                                "Parent Relationship": "Outer",
                                                "Parallel Aware": true,
                                                "Relation Name": "title",
                                                "Schema": "public",
                                                "Alias": "t",
                                                "Startup Cost": 0.0,
                                                "Total Cost": 43899.01,
                                                "Plan Rows": 167838,
                                                "Plan Width": 4,
                                                "Actual Startup Time": 37.473,
                                                "Actual Total Time": 87.38,
                                                "Actual Rows": 132565,
                                                "Actual Loops": 5,
                                                "Output": [
                                                    "t.id",
                                                    "t.title",
                                                    "t.imdb_index",
                                                    "t.kind_id",
                                                    "t.production_year",
                                                    "t.imdb_id",
                                                    "t.phonetic_code",
                                                    "t.episode_of_id",
                                                    "t.season_nr",
                                                    "t.episode_nr",
                                                    "t.series_years",
                                                    "t.md5sum"
                                                ],
                                                "Filter": "(t.kind_id = 1)",
                                                "Rows Removed by Filter": 373097,
                                                "Workers": [
                                                    {
                                                        "Worker Number": 0,
                                                        "Actual Startup Time": 45.91,
                                                        "Actual Total Time": 81.771,
                                                        "Actual Rows": 100081,
                                                        "Actual Loops": 1
                                                    },
                                                    {
                                                        "Worker Number": 1,
                                                        "Actual Startup Time": 46.136,
                                                        "Actual Total Time": 82.443,
                                                        "Actual Rows": 102774,
                                                        "Actual Loops": 1
                                                    },
                                                    {
                                                        "Worker Number": 2,
                                                        "Actual Startup Time": 45.932,
                                                        "Actual Total Time": 80.519,
                                                        "Actual Rows": 95764,
                                                        "Actual Loops": 1
                                                    },
                                                    {
                                                        "Worker Number": 3,
                                                        "Actual Startup Time": 3.4,
                                                        "Actual Total Time": 84.252,
                                                        "Actual Rows": 106196,
                                                        "Actual Loops": 1
                                                    }
                                                ]
                                            },
                                            {
                                                "Node Type": "Hash",
                                                "Parent Relationship": "Inner",
                                                "Parallel Aware": true,
                                                "Startup Cost": 29310.68,
                                                "Total Cost": 29310.68,
                                                "Plan Rows": 11727,
                                                "Plan Width": 4,
                                                "Actual Startup Time": 75.872,
                                                "Actual Total Time": 75.873,
                                                "Actual Rows": 7227,
                                                "Actual Loops": 5,
                                                "Output": [
                                                    "mc.movie_id"
                                                ],
                                                "Hash Buckets": 65536,
                                                "Original Hash Buckets": 65536,
                                                "Hash Batches": 1,
                                                "Original Hash Batches": 1,
                                                "Peak Memory Usage": 1984,
                                                "Workers": [
                                                    {
                                                        "Worker Number": 0,
                                                        "Actual Startup Time": 74.973,
                                                        "Actual Total Time": 74.973,
                                                        "Actual Rows": 6417,
                                                        "Actual Loops": 1
                                                    },
                                                    {
                                                        "Worker Number": 1,
                                                        "Actual Startup Time": 74.753,
                                                        "Actual Total Time": 74.753,
                                                        "Actual Rows": 6195,
                                                        "Actual Loops": 1
                                                    },
                                                    {
                                                        "Worker Number": 2,
                                                        "Actual Startup Time": 74.385,
                                                        "Actual Total Time": 74.386,
                                                        "Actual Rows": 6116,
                                                        "Actual Loops": 1
                                                    },
                                                    {
                                                        "Worker Number": 3,
                                                        "Actual Startup Time": 73.743,
                                                        "Actual Total Time": 73.744,
                                                        "Actual Rows": 4877,
                                                        "Actual Loops": 1
                                                    }
                                                ],
                                                "Plans": [
                                                    {
                                                        "Node Type": "Seq Scan",
                                                        "Parent Relationship": "Outer",
                                                        "Parallel Aware": true,
                                                        "Relation Name": "movie_companies",
                                                        "Schema": "public",
                                                        "Alias": "mc",
                                                        "Startup Cost": 0.0,
                                                        "Total Cost": 29310.68,
                                                        "Plan Rows": 11727,
                                                        "Plan Width": 4,
                                                        "Actual Startup Time": 0.194,
                                                        "Actual Total Time": 71.799,
                                                        "Actual Rows": 7227,
                                                        "Actual Loops": 5,
                                                        "Output": [
                                                            "mc.movie_id"
                                                        ],
                                                        "Filter": "(mc.company_id = 160)",
                                                        "Rows Removed by Filter": 514599,
                                                        "Workers": [
                                                            {
                                                                "Worker Number": 0,
                                                                "Actual Startup Time": 0.52,
                                                                "Actual Total Time": 70.935,
                                                                "Actual Rows": 6417,
                                                                "Actual Loops": 1
                                                            },
                                                            {
                                                                "Worker Number": 1,
                                                                "Actual Startup Time": 0.119,
                                                                "Actual Total Time": 71.355,
                                                                "Actual Rows": 6195,
                                                                "Actual Loops": 1
                                                            },
                                                            {
                                                                "Worker Number": 2,
                                                                "Actual Startup Time": 0.046,
                                                                "Actual Total Time": 70.425,
                                                                "Actual Rows": 6116,
                                                                "Actual Loops": 1
                                                            },
                                                            {
                                                                "Worker Number": 3,
                                                                "Actual Startup Time": 0.051,
                                                                "Actual Total Time": 70.047,
                                                                "Actual Rows": 4877,
                                                                "Actual Loops": 1
                                                            }
                                                        ]
                                                    }
                                                ]
                                            }
                                        ]
                                    },
                                    {
                                        "Node Type": "Index Scan",
                                        "Parent Relationship": "Inner",
                                        "Parallel Aware": false,
                                        "Scan Direction": "Forward",
                                        "Index Name": "movie_id_cast_info",
                                        "Relation Name": "cast_info",
                                        "Schema": "public",
                                        "Alias": "ci",
                                        "Startup Cost": 0.56,
                                        "Total Cost": 3.61,
                                        "Plan Rows": 13,
                                        "Plan Width": 4,
                                        "Actual Startup Time": 0.232,
                                        "Actual Total Time": 0.365,
                                        "Actual Rows": 32,
                                        "Actual Loops": 1543,
                                        "Output": [
                                            "ci.id",
                                            "ci.person_id",
                                            "ci.movie_id",
                                            "ci.person_role_id",
                                            "ci.note",
                                            "ci.nr_order",
                                            "ci.role_id"
                                        ],
                                        "Index Cond": "(ci.movie_id = t.id)",
                                        "Rows Removed by Index Recheck": 0,
                                        "Filter": "(ci.role_id > 3)",
                                        "Rows Removed by Filter": 47,
                                        "Workers": [
                                            {
                                                "Worker Number": 0,
                                                "Actual Startup Time": 0.332,
                                                "Actual Total Time": 0.518,
                                                "Actual Rows": 32,
                                                "Actual Loops": 237
                                            },
                                            {
                                                "Worker Number": 1,
                                                "Actual Startup Time": 0.329,
                                                "Actual Total Time": 0.521,
                                                "Actual Rows": 33,
                                                "Actual Loops": 233
                                            },
                                            {
                                                "Worker Number": 2,
                                                "Actual Startup Time": 0.346,
                                                "Actual Total Time": 0.548,
                                                "Actual Rows": 36,
                                                "Actual Loops": 227
                                            },
                                            {
                                                "Worker Number": 3,
                                                "Actual Startup Time": 0.329,
                                                "Actual Total Time": 0.512,
                                                "Actual Rows": 31,
                                                "Actual Loops": 232
                                            }
                                        ]
                                    }
                                ]
                            }
                        ]
                    }
                ]
            }
        ]
    },
    "Planning Time": 1.651,
    "Triggers": [],
    "Execution Time": 353.782
}