[
    {
        "Bao": {
            "Bao prediction": "NaN",
            "Bao recommended hint": "(no hint)"
        }
    },
    {
        "Plan": {
            "Node Type": "Aggregate",
            "Strategy": "Plain",
            "Partial Mode": "Finalize",
            "Parallel Aware": false,
            "Startup Cost": 95967.61,
            "Total Cost": 95967.62,
            "Plan Rows": 1,
            "Plan Width": 8,
            "Actual Startup Time": 516.977,
            "Actual Total Time": 528.841,
            "Actual Rows": 1,
            "Actual Loops": 1,
            "Output": [
                "count(*)"
            ],
            "Plans": [
                {
                    "Node Type": "Gather",
                    "Parent Relationship": "Outer",
                    "Parallel Aware": false,
                    "Startup Cost": 95967.29,
                    "Total Cost": 95967.6,
                    "Plan Rows": 3,
                    "Plan Width": 8,
                    "Actual Startup Time": 511.932,
                    "Actual Total Time": 528.822,
                    "Actual Rows": 4,
                    "Actual Loops": 1,
                    "Output": [
                        "(PARTIAL count(*))"
                    ],
                    "Workers Planned": 3,
                    "Workers Launched": 3,
                    "Single Copy": false,
                    "Plans": [
                        {
                            "Node Type": "Aggregate",
                            "Strategy": "Plain",
                            "Partial Mode": "Partial",
                            "Parent Relationship": "Outer",
                            "Parallel Aware": false,
                            "Startup Cost": 94967.29,
                            "Total Cost": 94967.3,
                            "Plan Rows": 1,
                            "Plan Width": 8,
                            "Actual Startup Time": 503.818,
                            "Actual Total Time": 503.821,
                            "Actual Rows": 1,
                            "Actual Loops": 4,
                            "Output": [
                                "PARTIAL count(*)"
                            ],
                            "Workers": [
                                {
                                    "Worker Number": 0,
                                    "Actual Startup Time": 500.745,
                                    "Actual Total Time": 500.748,
                                    "Actual Rows": 1,
                                    "Actual Loops": 1
                                },
                                {
                                    "Worker Number": 1,
                                    "Actual Startup Time": 500.748,
                                    "Actual Total Time": 500.752,
                                    "Actual Rows": 1,
                                    "Actual Loops": 1
                                },
                                {
                                    "Worker Number": 2,
                                    "Actual Startup Time": 502.134,
                                    "Actual Total Time": 502.138,
                                    "Actual Rows": 1,
                                    "Actual Loops": 1
                                }
                            ],
                            "Plans": [
                                {
                                    "Node Type": "Hash Join",
                                    "Parent Relationship": "Outer",
                                    "Parallel Aware": true,
                                    "Join Type": "Inner",
                                    "Startup Cost": 48743.13,
                                    "Total Cost": 93666.51,
                                    "Plan Rows": 520314,
                                    "Plan Width": 0,
                                    "Actual Startup Time": 255.342,
                                    "Actual Total Time": 480.544,
                                    "Actual Rows": 498786,
                                    "Actual Loops": 4,
                                    "Inner Unique": true,
                                    "Hash Cond": "(mk.movie_id = t.id)",
                                    "Workers": [
                                        {
                                            "Worker Number": 0,
                                            "Actual Startup Time": 252.587,
                                            "Actual Total Time": 477.937,
                                            "Actual Rows": 539577,
                                            "Actual Loops": 1
                                        },
                                        {
                                            "Worker Number": 1,
                                            "Actual Startup Time": 252.58,
                                            "Actual Total Time": 477.804,
                                            "Actual Rows": 538070,
                                            "Actual Loops": 1
                                        },
                                        {
                                            "Worker Number": 2,
                                            "Actual Startup Time": 252.748,
                                            "Actual Total Time": 478.819,
                                            "Actual Rows": 336775,
                                            "Actual Loops": 1
                                        }
                                    ],
                                    "Plans": [
                                        {
                                            "Node Type": "Seq Scan",
                                            "Parent Relationship": "Outer",
                                            "Parallel Aware": true,
                                            "Relation Name": "movie_keyword",
                                            "Schema": "public",
                                            "Alias": "mk",
                                            "Startup Cost": 0.0,
                                            "Total Cost": 42695.65,
                                            "Plan Rows": 848657,
                                            "Plan Width": 4,
                                            "Actual Startup Time": 0.182,
                                            "Actual Total Time": 116.22,
                                            "Actual Rows": 659851,
                                            "Actual Loops": 4,
                                            "Output": [
                                                "mk.id",
                                                "mk.movie_id",
                                                "mk.keyword_id"
                                            ],
                                            "Filter": "(mk.keyword_id > 3219)",
                                            "Rows Removed by Filter": 471131,
                                            "Workers": [
                                                {
                                                    "Worker Number": 0,
                                                    "Actual Startup Time": 0.184,
                                                    "Actual Total Time": 117.45,
                                                    "Actual Rows": 718995,
                                                    "Actual Loops": 1
                                                },
                                                {
                                                    "Worker Number": 1,
                                                    "Actual Startup Time": 0.191,
                                                    "Actual Total Time": 117.043,
                                                    "Actual Rows": 710040,
                                                    "Actual Loops": 1
                                                },
                                                {
                                                    "Worker Number": 2,
                                                    "Actual Startup Time": 0.172,
                                                    "Actual Total Time": 118.701,
                                                    "Actual Rows": 440064,
                                                    "Actual Loops": 1
                                                }
                                            ]
                                        },
                                        {
                                            "Node Type": "Hash",
                                            "Parent Relationship": "Inner",
                                            "Parallel Aware": true,
                                            "Startup Cost": 43899.01,
                                            "Total Cost": 43899.01,
                                            "Plan Rows": 387530,
                                            "Plan Width": 4,
                                            "Actual Startup Time": 250.091,
                                            "Actual Total Time": 250.092,
                                            "Actual Rows": 387932,
                                            "Actual Loops": 4,
                                            "Output": [
                                                "t.id"
                                            ],
                                            "Hash Buckets": 2097152,
                                            "Original Hash Buckets": 2097152,
                                            "Hash Batches": 1,
                                            "Original Hash Batches": 1,
                                            "Peak Memory Usage": 77152,
                                            "Workers": [
                                                {
                                                    "Worker Number": 0,
                                                    "Actual Startup Time": 251.637,
                                                    "Actual Total Time": 251.638,
                                                    "Actual Rows": 401118,
                                                    "Actual Loops": 1
                                                },
                                                {
                                                    "Worker Number": 1,
                                                    "Actual Startup Time": 251.638,
                                                    "Actual Total Time": 251.639,
                                                    "Actual Rows": 392852,
                                                    "Actual Loops": 1
                                                },
                                                {
                                                    "Worker Number": 2,
                                                    "Actual Startup Time": 251.796,
                                                    "Actual Total Time": 251.797,
                                                    "Actual Rows": 247455,
                                                    "Actual Loops": 1
                                                }
                                            ],
                                            "Plans": [
                                                {
                                                    "Node Type": "Seq Scan",
                                                    "Parent Relationship": "Outer",
                                                    "Parallel Aware": true,
                                                    "Relation Name": "title",
                                                    "Schema": "public",
                                                    "Alias": "t",
                                                    "Startup Cost": 0.0,
                                                    "Total Cost": 43899.01,
                                                    "Plan Rows": 387530,
                                                    "Plan Width": 4,
                                                    "Actual Startup Time": 0.049,
                                                    "Actual Total Time": 108.436,
                                                    "Actual Rows": 387932,
                                                    "Actual Loops": 4,
                                                    "Output": [
                                                        "t.id"
                                                    ],
                                                    "Filter": "(t.production_year < 2007)",
                                                    "Rows Removed by Filter": 244146,
                                                    "Workers": [
                                                        {
                                                            "Worker Number": 0,
                                                            "Actual Startup Time": 0.056,
                                                            "Actual Total Time": 110.736,
                                                            "Actual Rows": 401118,
                                                            "Actual Loops": 1
                                                        },
                                                        {
                                                            "Worker Number": 1,
                                                            "Actual Startup Time": 0.06,
                                                            "Actual Total Time": 110.696,
                                                            "Actual Rows": 392852,
                                                            "Actual Loops": 1
                                                        },
                                                        {
                                                            "Worker Number": 2,
                                                            "Actual Startup Time": 0.068,
                                                            "Actual Total Time": 113.137,
                                                            "Actual Rows": 247455,
                                                            "Actual Loops": 1
                                                        }
                                                    ]
                                                }
                                            ]
                                        }
                                    ]
                                }
                            ]
                        }
                    ]
                }
            ]
        },
        "Planning Time": 196.956,
        "Triggers": [],
        "Execution Time": 528.892
    }
]