{
    "Plan": {
        "Node Type": "Aggregate",
        "Strategy": "Plain",
        "Partial Mode": "Finalize",
        "Parallel Aware": false,
        "Startup Cost": 342491.31,
        "Total Cost": 342491.32,
        "Plan Rows": 1,
        "Plan Width": 8,
        "Actual Startup Time": 2070.522,
        "Actual Total Time": 2171.147,
        "Actual Rows": 1,
        "Actual Loops": 1,
        "Output": [
            "count(*)"
        ],
        "Plans": [
            {
                "Node Type": "Gather",
                "Parent Relationship": "Outer",
                "Parallel Aware": false,
                "Startup Cost": 342490.79,
                "Total Cost": 342491.3,
                "Plan Rows": 5,
                "Plan Width": 8,
                "Actual Startup Time": 2062.401,
                "Actual Total Time": 2171.134,
                "Actual Rows": 6,
                "Actual Loops": 1,
                "Output": [
                    "(PARTIAL count(*))"
                ],
                "Workers Planned": 5,
                "Workers Launched": 5,
                "Single Copy": false,
                "Plans": [
                    {
                        "Node Type": "Aggregate",
                        "Strategy": "Plain",
                        "Partial Mode": "Partial",
                        "Parent Relationship": "Outer",
                        "Parallel Aware": false,
                        "Startup Cost": 341490.79,
                        "Total Cost": 341490.8,
                        "Plan Rows": 1,
                        "Plan Width": 8,
                        "Actual Startup Time": 2051.902,
                        "Actual Total Time": 2051.906,
                        "Actual Rows": 1,
                        "Actual Loops": 6,
                        "Output": [
                            "PARTIAL count(*)"
                        ],
                        "Workers": [
                            {
                                "Worker Number": 0,
                                "Actual Startup Time": 2050.888,
                                "Actual Total Time": 2050.892,
                                "Actual Rows": 1,
                                "Actual Loops": 1
                            },
                            {
                                "Worker Number": 1,
                                "Actual Startup Time": 2049.644,
                                "Actual Total Time": 2049.649,
                                "Actual Rows": 1,
                                "Actual Loops": 1
                            },
                            {
                                "Worker Number": 2,
                                "Actual Startup Time": 2049.729,
                                "Actual Total Time": 2049.734,
                                "Actual Rows": 1,
                                "Actual Loops": 1
                            },
                            {
                                "Worker Number": 3,
                                "Actual Startup Time": 2049.611,
                                "Actual Total Time": 2049.614,
                                "Actual Rows": 1,
                                "Actual Loops": 1
                            },
                            {
                                "Worker Number": 4,
                                "Actual Startup Time": 2049.686,
                                "Actual Total Time": 2049.69,
                                "Actual Rows": 1,
                                "Actual Loops": 1
                            }
                        ],
                        "Plans": [
                            {
                                "Node Type": "Nested Loop",
                                "Parent Relationship": "Outer",
                                "Parallel Aware": false,
                                "Join Type": "Inner",
                                "Startup Cost": 48210.8,
                                "Total Cost": 341186.32,
                                "Plan Rows": 121786,
                                "Plan Width": 0,
                                "Actual Startup Time": 386.82,
                                "Actual Total Time": 2013.173,
                                "Actual Rows": 638777,
                                "Actual Loops": 6,
                                "Inner Unique": false,
                                "Workers": [
                                    {
                                        "Worker Number": 0,
                                        "Actual Startup Time": 384.757,
                                        "Actual Total Time": 2011.775,
                                        "Actual Rows": 530678,
                                        "Actual Loops": 1
                                    },
                                    {
                                        "Worker Number": 1,
                                        "Actual Startup Time": 384.912,
                                        "Actual Total Time": 2010.756,
                                        "Actual Rows": 523944,
                                        "Actual Loops": 1
                                    },
                                    {
                                        "Worker Number": 2,
                                        "Actual Startup Time": 384.993,
                                        "Actual Total Time": 2010.238,
                                        "Actual Rows": 570382,
                                        "Actual Loops": 1
                                    },
                                    {
                                        "Worker Number": 3,
                                        "Actual Startup Time": 384.78,
                                        "Actual Total Time": 2008.406,
                                        "Actual Rows": 565652,
                                        "Actual Loops": 1
                                    },
                                    {
                                        "Worker Number": 4,
                                        "Actual Startup Time": 384.773,
                                        "Actual Total Time": 2014.48,
                                        "Actual Rows": 761653,
                                        "Actual Loops": 1
                                    }
                                ],
                                "Plans": [
                                    {
                                        "Node Type": "Hash Join",
                                        "Parent Relationship": "Outer",
                                        "Parallel Aware": true,
                                        "Join Type": "Inner",
                                        "Startup Cost": 48210.23,
                                        "Total Cost": 247269.91,
                                        "Plan Rows": 37197,
                                        "Plan Width": 8,
                                        "Actual Startup Time": 386.483,
                                        "Actual Total Time": 542.39,
                                        "Actual Rows": 23846,
                                        "Actual Loops": 6,
                                        "Output": [
                                            "t.id",
                                            "mi.movie_id"
                                        ],
                                        "Inner Unique": true,
                                        "Hash Cond": "(mi.movie_id = t.id)",
                                        "Workers": [
                                            {
                                                "Worker Number": 0,
                                                "Actual Startup Time": 384.339,
                                                "Actual Total Time": 541.762,
                                                "Actual Rows": 18586,
                                                "Actual Loops": 1
                                            },
                                            {
                                                "Worker Number": 1,
                                                "Actual Startup Time": 384.507,
                                                "Actual Total Time": 537.804,
                                                "Actual Rows": 18866,
                                                "Actual Loops": 1
                                            },
                                            {
                                                "Worker Number": 2,
                                                "Actual Startup Time": 384.59,
                                                "Actual Total Time": 537.901,
                                                "Actual Rows": 19403,
                                                "Actual Loops": 1
                                            },
                                            {
                                                "Worker Number": 3,
                                                "Actual Startup Time": 384.376,
                                                "Actual Total Time": 539.189,
                                                "Actual Rows": 20091,
                                                "Actual Loops": 1
                                            },
                                            {
                                                "Worker Number": 4,
                                                "Actual Startup Time": 384.439,
                                                "Actual Total Time": 541.755,
                                                "Actual Rows": 29163,
                                                "Actual Loops": 1
                                            }
                                        ],
                                        "Plans": [
                                            {
                                                "Node Type": "Seq Scan",
                                                "Parent Relationship": "Outer",
                                                "Parallel Aware": true,
                                                "Relation Name": "movie_info",
                                                "Schema": "public",
                                                "Alias": "mi",
                                                "Startup Cost": 0.0,
                                                "Total Cost": 198880.74,
                                                "Plan Rows": 68169,
                                                "Plan Width": 4,
                                                "Actual Startup Time": 176.283,
                                                "Actual Total Time": 306.661,
                                                "Actual Rows": 61370,
                                                "Actual Loops": 6,
                                                "Output": [
                                                    "mi.id",
                                                    "mi.movie_id",
                                                    "mi.info_type_id",
                                                    "mi.info",
                                                    "mi.note"
                                                ],
                                                "Filter": "(mi.info_type_id = 17)",
                                                "Rows Removed by Filter": 2411250,
                                                "Workers": [
                                                    {
                                                        "Worker Number": 0,
                                                        "Actual Startup Time": 175.727,
                                                        "Actual Total Time": 308.049,
                                                        "Actual Rows": 48342,
                                                        "Actual Loops": 1
                                                    },
                                                    {
                                                        "Worker Number": 1,
                                                        "Actual Startup Time": 176.842,
                                                        "Actual Total Time": 305.695,
                                                        "Actual Rows": 44708,
                                                        "Actual Loops": 1
                                                    },
                                                    {
                                                        "Worker Number": 2,
                                                        "Actual Startup Time": 176.82,
                                                        "Actual Total Time": 306.268,
                                                        "Actual Rows": 46849,
                                                        "Actual Loops": 1
                                                    },
                                                    {
                                                        "Worker Number": 3,
                                                        "Actual Startup Time": 176.737,
                                                        "Actual Total Time": 306.947,
                                                        "Actual Rows": 51224,
                                                        "Actual Loops": 1
                                                    },
                                                    {
                                                        "Worker Number": 4,
                                                        "Actual Startup Time": 175.848,
                                                        "Actual Total Time": 308.091,
                                                        "Actual Rows": 78013,
                                                        "Actual Loops": 1
                                                    }
                                                ]
                                            },
                                            {
                                                "Node Type": "Hash",
                                                "Parent Relationship": "Inner",
                                                "Parallel Aware": true,
                                                "Startup Cost": 43899.01,
                                                "Total Cost": 43899.01,
                                                "Plan Rows": 344898,
                                                "Plan Width": 4,
                                                "Actual Startup Time": 205.008,
                                                "Actual Total Time": 205.01,
                                                "Actual Rows": 230242,
                                                "Actual Loops": 6,
                                                "Output": [
                                                    "t.id"
                                                ],
                                                "Hash Buckets": 2097152,
                                                "Original Hash Buckets": 2097152,
                                                "Hash Batches": 1,
                                                "Original Hash Batches": 1,
                                                "Peak Memory Usage": 70528,
                                                "Workers": [
                                                    {
                                                        "Worker Number": 0,
                                                        "Actual Startup Time": 206.985,
                                                        "Actual Total Time": 206.987,
                                                        "Actual Rows": 186374,
                                                        "Actual Loops": 1
                                                    },
                                                    {
                                                        "Worker Number": 1,
                                                        "Actual Startup Time": 206.996,
                                                        "Actual Total Time": 206.997,
                                                        "Actual Rows": 188609,
                                                        "Actual Loops": 1
                                                    },
                                                    {
                                                        "Worker Number": 2,
                                                        "Actual Startup Time": 207.127,
                                                        "Actual Total Time": 207.129,
                                                        "Actual Rows": 189532,
                                                        "Actual Loops": 1
                                                    },
                                                    {
                                                        "Worker Number": 3,
                                                        "Actual Startup Time": 206.895,
                                                        "Actual Total Time": 206.897,
                                                        "Actual Rows": 191666,
                                                        "Actual Loops": 1
                                                    },
                                                    {
                                                        "Worker Number": 4,
                                                        "Actual Startup Time": 207.185,
                                                        "Actual Total Time": 207.186,
                                                        "Actual Rows": 265267,
                                                        "Actual Loops": 1
                                                    }
                                                ],
                                                "Plans": [
                                                    {
                                                        "Node Type": "Seq Scan",
                                                        "Parent Relationship": "Outer",
                                                        "Parallel Aware": true,
                                                        "Relation Name": "title",
                                                        "Schema": "public",
                                                        "Alias": "t",
                                                        "Startup Cost": 0.0,
                                                        "Total Cost": 43899.01,
                                                        "Plan Rows": 344898,
                                                        "Plan Width": 4,
                                                        "Actual Startup Time": 0.065,
                                                        "Actual Total Time": 95.871,
                                                        "Actual Rows": 230242,
                                                        "Actual Loops": 6,
                                                        "Output": [
                                                            "t.id"
                                                        ],
                                                        "Filter": "(t.production_year > 2000)",
                                                        "Rows Removed by Filter": 191143,
                                                        "Workers": [
                                                            {
                                                                "Worker Number": 0,
                                                                "Actual Startup Time": 0.086,
                                                                "Actual Total Time": 98.471,
                                                                "Actual Rows": 186374,
                                                                "Actual Loops": 1
                                                            },
                                                            {
                                                                "Worker Number": 1,
                                                                "Actual Startup Time": 0.078,
                                                                "Actual Total Time": 98.998,
                                                                "Actual Rows": 188609,
                                                                "Actual Loops": 1
                                                            },
                                                            {
                                                                "Worker Number": 2,
                                                                "Actual Startup Time": 0.066,
                                                                "Actual Total Time": 99.008,
                                                                "Actual Rows": 189532,
                                                                "Actual Loops": 1
                                                            },
                                                            {
                                                                "Worker Number": 3,
                                                                "Actual Startup Time": 0.076,
                                                                "Actual Total Time": 99.899,
                                                                "Actual Rows": 191666,
                                                                "Actual Loops": 1
                                                            },
                                                            {
                                                                "Worker Number": 4,
                                                                "Actual Startup Time": 0.064,
                                                                "Actual Total Time": 96.639,
                                                                "Actual Rows": 265267,
                                                                "Actual Loops": 1
                                                            }
                                                        ]
                                                    }
                                                ]
                                            }
                                        ]
                                    },
                                    {
                                        "Node Type": "Index Scan",
                                        "Parent Relationship": "Inner",
                                        "Parallel Aware": false,
                                        "Scan Direction": "Forward",
                                        "Index Name": "movie_id_cast_info",
                                        "Relation Name": "cast_info",
                                        "Schema": "public",
                                        "Alias": "ci",
                                        "Startup Cost": 0.56,
                                        "Total Cost": 2.43,
                                        "Plan Rows": 9,
                                        "Plan Width": 4,
                                        "Actual Startup Time": 0.032,
                                        "Actual Total Time": 0.059,
                                        "Actual Rows": 27,
                                        "Actual Loops": 143075,
                                        "Output": [
                                            "ci.id",
                                            "ci.person_id",
                                            "ci.movie_id",
                                            "ci.person_role_id",
                                            "ci.note",
                                            "ci.nr_order",
                                            "ci.role_id"
                                        ],
                                        "Index Cond": "(ci.movie_id = t.id)",
                                        "Rows Removed by Index Recheck": 0,
                                        "Filter": "(ci.person_id > 2856871)",
                                        "Rows Removed by Filter": 55,
                                        "Workers": [
                                            {
                                                "Worker Number": 0,
                                                "Actual Startup Time": 0.042,
                                                "Actual Total Time": 0.075,
                                                "Actual Rows": 29,
                                                "Actual Loops": 18586
                                            },
                                            {
                                                "Worker Number": 1,
                                                "Actual Startup Time": 0.042,
                                                "Actual Total Time": 0.074,
                                                "Actual Rows": 28,
                                                "Actual Loops": 18866
                                            },
                                            {
                                                "Worker Number": 2,
                                                "Actual Startup Time": 0.04,
                                                "Actual Total Time": 0.072,
                                                "Actual Rows": 29,
                                                "Actual Loops": 19403
                                            },
                                            {
                                                "Worker Number": 3,
                                                "Actual Startup Time": 0.039,
                                                "Actual Total Time": 0.07,
                                                "Actual Rows": 28,
                                                "Actual Loops": 20091
                                            },
                                            {
                                                "Worker Number": 4,
                                                "Actual Startup Time": 0.027,
                                                "Actual Total Time": 0.048,
                                                "Actual Rows": 26,
                                                "Actual Loops": 29163
                                            }
                                        ]
                                    }
                                ]
                            }
                        ]
                    }
                ]
            }
        ]
    },
    "Planning Time": 0.876,
    "Triggers": [],
    "Execution Time": 2171.229
}