{
  "Plan": {
    "Node Type": "Aggregate",
    "Strategy": "Plain",
    "Partial Mode": "Finalize",
    "Parallel Aware": false,
    "Startup Cost": 75217.21,
    "Total Cost": 75217.22,
    "Plan Rows": 1,
    "Plan Width": 8,
    "Actual Startup Time": 237.667,
    "Actual Total Time": 250.58,
    "Actual Rows": 1,
    "Actual Loops": 1,
    "Plans": [
      {
        "Node Type": "Gather",
        "Parent Relationship": "Outer",
        "Parallel Aware": false,
        "Startup Cost": 75217.1,
        "Total Cost": 75217.21,
        "Plan Rows": 1,
        "Plan Width": 8,
        "Actual Startup Time": 236.694,
        "Actual Total Time": 250.572,
        "Actual Rows": 2,
        "Actual Loops": 1,
        "Workers Planned": 1,
        "Workers Launched": 1,
        "Single Copy": false,
        "Plans": [
          {
            "Node Type": "Aggregate",
            "Strategy": "Plain",
            "Partial Mode": "Partial",
            "Parent Relationship": "Outer",
            "Parallel Aware": false,
            "Startup Cost": 74217.1,
            "Total Cost": 74217.11,
            "Plan Rows": 1,
            "Plan Width": 8,
            "Actual Startup Time": 230.642,
            "Actual Total Time": 230.646,
            "Actual Rows": 1,
            "Actual Loops": 2,
            "Plans": [
              {
                "Node Type": "Nested Loop",
                "Parent Relationship": "Outer",
                "Parallel Aware": false,
                "Join Type": "Inner",
                "Startup Cost": 61212.88,
                "Total Cost": 74207.02,
                "Plan Rows": 4034,
                "Plan Width": 0,
                "Actual Startup Time": 201.841,
                "Actual Total Time": 230.471,
                "Actual Rows": 3371,
                "Actual Loops": 2,
                "Inner Unique": false,
                "Plans": [
                  {
                    "Node Type": "Hash Join",
                    "Parent Relationship": "Outer",
                    "Parallel Aware": true,
                    "Join Type": "Inner",
                    "Startup Cost": 61212.45,
                    "Total Cost": 70868.4,
                    "Plan Rows": 3909,
                    "Plan Width": 8,
                    "Actual Startup Time": 201.773,
                    "Actual Total Time": 224.904,
                    "Actual Rows": 1362,
                    "Actual Loops": 2,
                    "Inner Unique": true,
                    "Hash Cond": "(ci.movie_id = t.id)",
                    "Plans": [
                      {
                        "Node Type": "Index Scan",
                        "Parent Relationship": "Outer",
                        "Parallel Aware": true,
                        "Scan Direction": "Forward",
                        "Index Name": "role_id_cast_info",
                        "Relation Name": "cast_info",
                        "Alias": "ci",
                        "Startup Cost": 0.56,
                        "Total Cost": 9590.86,
                        "Plan Rows": 25014,
                        "Plan Width": 4,
                        "Actual Startup Time": 0.112,
                        "Actual Total Time": 18.82,
                        "Actual Rows": 10535,
                        "Actual Loops": 2,
                        "Index Cond": "(role_id > 10)",
                        "Rows Removed by Index Recheck": 0,
                        "Filter": "(person_id < 515315)",
                        "Rows Removed by Filter": 147524
                      },
                      {
                        "Node Type": "Hash",
                        "Parent Relationship": "Inner",
                        "Parallel Aware": true,
                        "Startup Cost": 58306.47,
                        "Total Cost": 58306.47,
                        "Plan Rows": 232433,
                        "Plan Width": 4,
                        "Actual Startup Time": 196.115,
                        "Actual Total Time": 196.115,
                        "Actual Rows": 200594,
                        "Actual Loops": 2,
                        "Hash Buckets": 524288,
                        "Original Hash Buckets": 524288,
                        "Hash Batches": 1,
                        "Original Hash Batches": 1,
                        "Peak Memory Usage": 19808,
                        "Plans": [
                          {
                            "Node Type": "Seq Scan",
                            "Parent Relationship": "Outer",
                            "Parallel Aware": true,
                            "Relation Name": "title",
                            "Alias": "t",
                            "Startup Cost": 0.0,
                            "Total Cost": 58306.47,
                            "Plan Rows": 232433,
                            "Plan Width": 4,
                            "Actual Startup Time": 0.034,
                            "Actual Total Time": 148.31,
                            "Actual Rows": 200594,
                            "Actual Loops": 2,
                            "Filter": "((kind_id > 1) AND (production_year > 2009))",
                            "Rows Removed by Filter": 1063562
                          }
                        ]
                      }
                    ]
                  },
                  {
                    "Node Type": "Index Only Scan",
                    "Parent Relationship": "Inner",
                    "Parallel Aware": false,
                    "Scan Direction": "Forward",
                    "Index Name": "movie_id_movie_companies",
                    "Relation Name": "movie_companies",
                    "Alias": "mc",
                    "Startup Cost": 0.43,
                    "Total Cost": 0.8,
                    "Plan Rows": 5,
                    "Plan Width": 4,
                    "Actual Startup Time": 0.003,
                    "Actual Total Time": 0.004,
                    "Actual Rows": 2,
                    "Actual Loops": 2725,
                    "Index Cond": "(movie_id = t.id)",
                    "Rows Removed by Index Recheck": 0,
                    "Heap Fetches": 6742
                  }
                ]
              }
            ]
          }
        ]
      }
    ]
  },
  "Planning Time": 1.137,
  "Triggers": [],
  "Execution Time": 250.666
}