[
  {
    "Plan": {
      "Node Type": "Aggregate",
      "Strategy": "Plain",
      "Partial Mode": "Finalize",
      "Parallel Aware": false,
      "Startup Cost": 33083.85,
      "Total Cost": 33083.86,
      "Plan Rows": 1,
      "Plan Width": 8,
      "Actual Startup Time": 94.564,
      "Actual Total Time": 100.604,
      "Actual Rows": 1,
      "Actual Loops": 1,
      "Plans": [
        {
          "Node Type": "Gather",
          "Parent Relationship": "Outer",
          "Parallel Aware": false,
          "Startup Cost": 33083.54,
          "Total Cost": 33083.85,
          "Plan Rows": 3,
          "Plan Width": 8,
          "Actual Startup Time": 94.446,
          "Actual Total Time": 100.597,
          "Actual Rows": 4,
          "Actual Loops": 1,
          "Workers Planned": 3,
          "Workers Launched": 3,
          "Single Copy": false,
          "Plans": [
            {
              "Node Type": "Aggregate",
              "Strategy": "Plain",
              "Partial Mode": "Partial",
              "Parent Relationship": "Outer",
              "Parallel Aware": false,
              "Startup Cost": 32083.54,
              "Total Cost": 32083.55,
              "Plan Rows": 1,
              "Plan Width": 8,
              "Actual Startup Time": 85.963,
              "Actual Total Time": 85.964,
              "Actual Rows": 1,
              "Actual Loops": 4,
              "Plans": [
                {
                  "Node Type": "Seq Scan",
                  "Parent Relationship": "Outer",
                  "Parallel Aware": true,
                  "Relation Name": "movie_companies",
                  "Alias": "mc",
                  "Startup Cost": 0.0,
                  "Total Cost": 31414.82,
                  "Plan Rows": 267487,
                  "Plan Width": 0,
                  "Actual Startup Time": 2.945,
                  "Actual Total Time": 78.438,
                  "Actual Rows": 154804,
                  "Actual Loops": 4,
                  "Filter": "((company_id > 3232) AND (company_type_id = 1))",
                  "Rows Removed by Filter": 497479
                }
              ]
            }
          ]
        }
      ]
    },
    "Planning Time": 0.193,
    "Triggers": [],
    "Execution Time": 100.662
  }
]