{
    "Plan": {
        "Node Type": "Aggregate",
        "Strategy": "Plain",
        "Partial Mode": "Finalize",
        "Parallel Aware": false,
        "Startup Cost": 245993.81,
        "Total Cost": 245993.82,
        "Plan Rows": 1,
        "Plan Width": 8,
        "Actual Startup Time": 473.239,
        "Actual Total Time": 518.019,
        "Actual Rows": 1,
        "Actual Loops": 1,
        "Output": [
            "count(*)"
        ],
        "Plans": [
            {
                "Node Type": "Gather",
                "Parent Relationship": "Outer",
                "Parallel Aware": false,
                "Startup Cost": 245993.29,
                "Total Cost": 245993.8,
                "Plan Rows": 5,
                "Plan Width": 8,
                "Actual Startup Time": 470.112,
                "Actual Total Time": 518.007,
                "Actual Rows": 6,
                "Actual Loops": 1,
                "Output": [
                    "(PARTIAL count(*))"
                ],
                "Workers Planned": 5,
                "Workers Launched": 5,
                "Single Copy": false,
                "Plans": [
                    {
                        "Node Type": "Aggregate",
                        "Strategy": "Plain",
                        "Partial Mode": "Partial",
                        "Parent Relationship": "Outer",
                        "Parallel Aware": false,
                        "Startup Cost": 244993.29,
                        "Total Cost": 244993.3,
                        "Plan Rows": 1,
                        "Plan Width": 8,
                        "Actual Startup Time": 459.551,
                        "Actual Total Time": 459.554,
                        "Actual Rows": 1,
                        "Actual Loops": 6,
                        "Output": [
                            "PARTIAL count(*)"
                        ],
                        "Workers": [
                            {
                                "Worker Number": 0,
                                "Actual Startup Time": 457.229,
                                "Actual Total Time": 457.231,
                                "Actual Rows": 1,
                                "Actual Loops": 1
                            },
                            {
                                "Worker Number": 1,
                                "Actual Startup Time": 457.276,
                                "Actual Total Time": 457.279,
                                "Actual Rows": 1,
                                "Actual Loops": 1
                            },
                            {
                                "Worker Number": 2,
                                "Actual Startup Time": 457.854,
                                "Actual Total Time": 457.857,
                                "Actual Rows": 1,
                                "Actual Loops": 1
                            },
                            {
                                "Worker Number": 3,
                                "Actual Startup Time": 457.864,
                                "Actual Total Time": 457.867,
                                "Actual Rows": 1,
                                "Actual Loops": 1
                            },
                            {
                                "Worker Number": 4,
                                "Actual Startup Time": 457.902,
                                "Actual Total Time": 457.905,
                                "Actual Rows": 1,
                                "Actual Loops": 1
                            }
                        ],
                        "Plans": [
                            {
                                "Node Type": "Hash Join",
                                "Parent Relationship": "Outer",
                                "Parallel Aware": true,
                                "Join Type": "Inner",
                                "Startup Cost": 45996.98,
                                "Total Cost": 244969.96,
                                "Plan Rows": 9331,
                                "Plan Width": 0,
                                "Actual Startup Time": 317.836,
                                "Actual Total Time": 457.954,
                                "Actual Rows": 32802,
                                "Actual Loops": 6,
                                "Inner Unique": true,
                                "Hash Cond": "(mi.movie_id = t.id)",
                                "Workers": [
                                    {
                                        "Worker Number": 0,
                                        "Actual Startup Time": 315.313,
                                        "Actual Total Time": 455.692,
                                        "Actual Rows": 37368,
                                        "Actual Loops": 1
                                    },
                                    {
                                        "Worker Number": 1,
                                        "Actual Startup Time": 315.387,
                                        "Actual Total Time": 455.744,
                                        "Actual Rows": 28739,
                                        "Actual Loops": 1
                                    },
                                    {
                                        "Worker Number": 2,
                                        "Actual Startup Time": 316.207,
                                        "Actual Total Time": 456.32,
                                        "Actual Rows": 29075,
                                        "Actual Loops": 1
                                    },
                                    {
                                        "Worker Number": 3,
                                        "Actual Startup Time": 316.172,
                                        "Actual Total Time": 456.369,
                                        "Actual Rows": 36825,
                                        "Actual Loops": 1
                                    },
                                    {
                                        "Worker Number": 4,
                                        "Actual Startup Time": 316.123,
                                        "Actual Total Time": 456.38,
                                        "Actual Rows": 28784,
                                        "Actual Loops": 1
                                    }
                                ],
                                "Plans": [
                                    {
                                        "Node Type": "Seq Scan",
                                        "Parent Relationship": "Outer",
                                        "Parallel Aware": true,
                                        "Relation Name": "movie_info",
                                        "Schema": "public",
                                        "Alias": "mi",
                                        "Startup Cost": 0.0,
                                        "Total Cost": 198880.74,
                                        "Plan Rows": 35140,
                                        "Plan Width": 4,
                                        "Actual Startup Time": 181.462,
                                        "Actual Total Time": 312.617,
                                        "Actual Rows": 32959,
                                        "Actual Loops": 6,
                                        "Output": [
                                            "mi.id",
                                            "mi.movie_id",
                                            "mi.info_type_id",
                                            "mi.info",
                                            "mi.note"
                                        ],
                                        "Filter": "(mi.info_type_id > 106)",
                                        "Rows Removed by Filter": 2439661,
                                        "Workers": [
                                            {
                                                "Worker Number": 0,
                                                "Actual Startup Time": 181.168,
                                                "Actual Total Time": 312.732,
                                                "Actual Rows": 37565,
                                                "Actual Loops": 1
                                            },
                                            {
                                                "Worker Number": 1,
                                                "Actual Startup Time": 181.19,
                                                "Actual Total Time": 312.941,
                                                "Actual Rows": 28890,
                                                "Actual Loops": 1
                                            },
                                            {
                                                "Worker Number": 2,
                                                "Actual Startup Time": 182.012,
                                                "Actual Total Time": 312.908,
                                                "Actual Rows": 29183,
                                                "Actual Loops": 1
                                            },
                                            {
                                                "Worker Number": 3,
                                                "Actual Startup Time": 181.381,
                                                "Actual Total Time": 312.822,
                                                "Actual Rows": 36985,
                                                "Actual Loops": 1
                                            },
                                            {
                                                "Worker Number": 4,
                                                "Actual Startup Time": 181.31,
                                                "Actual Total Time": 312.989,
                                                "Actual Rows": 28936,
                                                "Actual Loops": 1
                                            }
                                        ]
                                    },
                                    {
                                        "Node Type": "Hash",
                                        "Parent Relationship": "Inner",
                                        "Parallel Aware": true,
                                        "Startup Cost": 43899.01,
                                        "Total Cost": 43899.01,
                                        "Plan Rows": 167838,
                                        "Plan Width": 4,
                                        "Actual Startup Time": 132.576,
                                        "Actual Total Time": 132.577,
                                        "Actual Rows": 110471,
                                        "Actual Loops": 6,
                                        "Output": [
                                            "t.id"
                                        ],
                                        "Hash Buckets": 1048576,
                                        "Original Hash Buckets": 1048576,
                                        "Hash Batches": 1,
                                        "Original Hash Batches": 1,
                                        "Peak Memory Usage": 34208,
                                        "Workers": [
                                            {
                                                "Worker Number": 0,
                                                "Actual Startup Time": 133.471,
                                                "Actual Total Time": 133.472,
                                                "Actual Rows": 114686,
                                                "Actual Loops": 1
                                            },
                                            {
                                                "Worker Number": 1,
                                                "Actual Startup Time": 133.521,
                                                "Actual Total Time": 133.522,
                                                "Actual Rows": 103471,
                                                "Actual Loops": 1
                                            },
                                            {
                                                "Worker Number": 2,
                                                "Actual Startup Time": 133.51,
                                                "Actual Total Time": 133.511,
                                                "Actual Rows": 103743,
                                                "Actual Loops": 1
                                            },
                                            {
                                                "Worker Number": 3,
                                                "Actual Startup Time": 134.224,
                                                "Actual Total Time": 134.225,
                                                "Actual Rows": 118907,
                                                "Actual Loops": 1
                                            },
                                            {
                                                "Worker Number": 4,
                                                "Actual Startup Time": 134.236,
                                                "Actual Total Time": 134.237,
                                                "Actual Rows": 102215,
                                                "Actual Loops": 1
                                            }
                                        ],
                                        "Plans": [
                                            {
                                                "Node Type": "Seq Scan",
                                                "Parent Relationship": "Outer",
                                                "Parallel Aware": true,
                                                "Relation Name": "title",
                                                "Schema": "public",
                                                "Alias": "t",
                                                "Startup Cost": 0.0,
                                                "Total Cost": 43899.01,
                                                "Plan Rows": 167838,
                                                "Plan Width": 4,
                                                "Actual Startup Time": 43.64,
                                                "Actual Total Time": 84.167,
                                                "Actual Rows": 110471,
                                                "Actual Loops": 6,
                                                "Output": [
                                                    "t.id"
                                                ],
                                                "Filter": "(t.kind_id = 1)",
                                                "Rows Removed by Filter": 310914,
                                                "Workers": [
                                                    {
                                                        "Worker Number": 0,
                                                        "Actual Startup Time": 51.021,
                                                        "Actual Total Time": 84.032,
                                                        "Actual Rows": 114686,
                                                        "Actual Loops": 1
                                                    },
                                                    {
                                                        "Worker Number": 1,
                                                        "Actual Startup Time": 51.188,
                                                        "Actual Total Time": 85.397,
                                                        "Actual Rows": 103471,
                                                        "Actual Loops": 1
                                                    },
                                                    {
                                                        "Worker Number": 2,
                                                        "Actual Startup Time": 51.071,
                                                        "Actual Total Time": 85.456,
                                                        "Actual Rows": 103743,
                                                        "Actual Loops": 1
                                                    },
                                                    {
                                                        "Worker Number": 3,
                                                        "Actual Startup Time": 6.504,
                                                        "Actual Total Time": 83.067,
                                                        "Actual Rows": 118907,
                                                        "Actual Loops": 1
                                                    },
                                                    {
                                                        "Worker Number": 4,
                                                        "Actual Startup Time": 50.953,
                                                        "Actual Total Time": 85.127,
                                                        "Actual Rows": 102215,
                                                        "Actual Loops": 1
                                                    }
                                                ]
                                            }
                                        ]
                                    }
                                ]
                            }
                        ]
                    }
                ]
            }
        ]
    },
    "Planning Time": 0.779,
    "Triggers": [],
    "Execution Time": 518.11
}