[
  {
    "Plan": {
      "Node Type": "Aggregate",
      "Strategy": "Plain",
      "Partial Mode": "Finalize",
      "Parallel Aware": false,
      "Startup Cost": 186753.69,
      "Total Cost": 186753.7,
      "Plan Rows": 1,
      "Plan Width": 8,
      "Actual Startup Time": 157.891,
      "Actual Total Time": 162.19,
      "Actual Rows": 1,
      "Actual Loops": 1,
      "Plans": [
        {
          "Node Type": "Gather",
          "Parent Relationship": "Outer",
          "Parallel Aware": false,
          "Startup Cost": 186753.17,
          "Total Cost": 186753.68,
          "Plan Rows": 5,
          "Plan Width": 8,
          "Actual Startup Time": 157.01,
          "Actual Total Time": 162.182,
          "Actual Rows": 6,
          "Actual Loops": 1,
          "Workers Planned": 5,
          "Workers Launched": 5,
          "Single Copy": false,
          "Plans": [
            {
              "Node Type": "Aggregate",
              "Strategy": "Plain",
              "Partial Mode": "Partial",
              "Parent Relationship": "Outer",
              "Parallel Aware": false,
              "Startup Cost": 185753.17,
              "Total Cost": 185753.18,
              "Plan Rows": 1,
              "Plan Width": 8,
              "Actual Startup Time": 151.512,
              "Actual Total Time": 151.513,
              "Actual Rows": 1,
              "Actual Loops": 6,
              "Plans": [
                {
                  "Node Type": "Bitmap Heap Scan",
                  "Parent Relationship": "Outer",
                  "Parallel Aware": true,
                  "Relation Name": "movie_info",
                  "Alias": "mi",
                  "Startup Cost": 20387.96,
                  "Total Cost": 185191.13,
                  "Plan Rows": 224814,
                  "Plan Width": 0,
                  "Actual Startup Time": 60.258,
                  "Actual Total Time": 138.5,
                  "Actual Rows": 189200,
                  "Actual Loops": 6,
                  "Recheck Cond": "(info_type_id > 57)",
                  "Rows Removed by Index Recheck": 0,
                  "Exact Heap Blocks": 8145,
                  "Lossy Heap Blocks": 0,
                  "Plans": [
                    {
                      "Node Type": "Bitmap Index Scan",
                      "Parent Relationship": "Outer",
                      "Parallel Aware": false,
                      "Index Name": "info_type_id_movie_info",
                      "Startup Cost": 0.0,
                      "Total Cost": 20106.95,
                      "Plan Rows": 1124068,
                      "Plan Width": 0,
                      "Actual Startup Time": 56.512,
                      "Actual Total Time": 56.513,
                      "Actual Rows": 1135201,
                      "Actual Loops": 1,
                      "Index Cond": "(info_type_id > 57)"
                    }
                  ]
                }
              ]
            }
          ]
        }
      ]
    },
    "Planning Time": 0.081,
    "Triggers": [],
    "Execution Time": 162.227
  }
]