[
  {
    "Plan": {
      "Node Type": "Aggregate",
      "Strategy": "Plain",
      "Partial Mode": "Finalize",
      "Parallel Aware": false,
      "Startup Cost": 327546.69,
      "Total Cost": 327546.7,
      "Plan Rows": 1,
      "Plan Width": 8,
      "Actual Startup Time": 252.125,
      "Actual Total Time": 282.968,
      "Actual Rows": 1,
      "Actual Loops": 1,
      "Plans": [
        {
          "Node Type": "Gather",
          "Parent Relationship": "Outer",
          "Parallel Aware": false,
          "Startup Cost": 327546.27,
          "Total Cost": 327546.68,
          "Plan Rows": 4,
          "Plan Width": 8,
          "Actual Startup Time": 252.032,
          "Actual Total Time": 282.961,
          "Actual Rows": 5,
          "Actual Loops": 1,
          "Workers Planned": 4,
          "Workers Launched": 4,
          "Single Copy": false,
          "Plans": [
            {
              "Node Type": "Aggregate",
              "Strategy": "Plain",
              "Partial Mode": "Partial",
              "Parent Relationship": "Outer",
              "Parallel Aware": false,
              "Startup Cost": 326546.27,
              "Total Cost": 326546.28,
              "Plan Rows": 1,
              "Plan Width": 8,
              "Actual Startup Time": 247.282,
              "Actual Total Time": 247.284,
              "Actual Rows": 1,
              "Actual Loops": 5,
              "Plans": [
                {
                  "Node Type": "Nested Loop",
                  "Parent Relationship": "Outer",
                  "Parallel Aware": false,
                  "Join Type": "Inner",
                  "Startup Cost": 0.56,
                  "Total Cost": 326432.38,
                  "Plan Rows": 45555,
                  "Plan Width": 0,
                  "Actual Startup Time": 0.215,
                  "Actual Total Time": 243.582,
                  "Actual Rows": 39047,
                  "Actual Loops": 5,
                  "Inner Unique": false,
                  "Plans": [
                    {
                      "Node Type": "Seq Scan",
                      "Parent Relationship": "Outer",
                      "Parallel Aware": true,
                      "Relation Name": "title",
                      "Alias": "t",
                      "Startup Cost": 0.0,
                      "Total Cost": 45479.21,
                      "Plan Rows": 5390,
                      "Plan Width": 4,
                      "Actual Startup Time": 0.039,
                      "Actual Total Time": 75.467,
                      "Actual Rows": 4860,
                      "Actual Loops": 5,
                      "Filter": "((kind_id = 7) AND (production_year = 1996))",
                      "Rows Removed by Filter": 500802
                    },
                    {
                      "Node Type": "Index Scan",
                      "Parent Relationship": "Inner",
                      "Parallel Aware": false,
                      "Scan Direction": "Forward",
                      "Index Name": "movie_id_cast_info",
                      "Relation Name": "cast_info",
                      "Alias": "ci",
                      "Startup Cost": 0.56,
                      "Total Cost": 51.89,
                      "Plan Rows": 23,
                      "Plan Width": 4,
                      "Actual Startup Time": 0.017,
                      "Actual Total Time": 0.033,
                      "Actual Rows": 8,
                      "Actual Loops": 24301,
                      "Index Cond": "(movie_id = t.id)",
                      "Rows Removed by Index Recheck": 0,
                      "Filter": "(person_id > 1465179)",
                      "Rows Removed by Filter": 6
                    }
                  ]
                }
              ]
            }
          ]
        }
      ]
    },
    "Planning Time": 0.26,
    "Triggers": [],
    "Execution Time": 283.007
  }
]