[
  {
    "Plan": {
      "Node Type": "Aggregate",
      "Strategy": "Plain",
      "Partial Mode": "Finalize",
      "Parallel Aware": false,
      "Startup Cost": 92771.53,
      "Total Cost": 92771.54,
      "Plan Rows": 1,
      "Plan Width": 8,
      "Actual Startup Time": 314.397,
      "Actual Total Time": 333.257,
      "Actual Rows": 1,
      "Actual Loops": 1,
      "Plans": [
        {
          "Node Type": "Gather",
          "Parent Relationship": "Outer",
          "Parallel Aware": false,
          "Startup Cost": 92771.21,
          "Total Cost": 92771.52,
          "Plan Rows": 3,
          "Plan Width": 8,
          "Actual Startup Time": 312.786,
          "Actual Total Time": 333.248,
          "Actual Rows": 4,
          "Actual Loops": 1,
          "Workers Planned": 3,
          "Workers Launched": 3,
          "Single Copy": false,
          "Plans": [
            {
              "Node Type": "Aggregate",
              "Strategy": "Plain",
              "Partial Mode": "Partial",
              "Parent Relationship": "Outer",
              "Parallel Aware": false,
              "Startup Cost": 91771.21,
              "Total Cost": 91771.22,
              "Plan Rows": 1,
              "Plan Width": 8,
              "Actual Startup Time": 303.906,
              "Actual Total Time": 303.909,
              "Actual Rows": 1,
              "Actual Loops": 4,
              "Plans": [
                {
                  "Node Type": "Hash Join",
                  "Parent Relationship": "Outer",
                  "Parallel Aware": true,
                  "Join Type": "Inner",
                  "Startup Cost": 47019.51,
                  "Total Cost": 91449.22,
                  "Plan Rows": 128794,
                  "Plan Width": 0,
                  "Actual Startup Time": 160.919,
                  "Actual Total Time": 296.277,
                  "Actual Rows": 182261,
                  "Actual Loops": 4,
                  "Inner Unique": true,
                  "Hash Cond": "(mk.movie_id = t.id)",
                  "Plans": [
                    {
                      "Node Type": "Seq Scan",
                      "Parent Relationship": "Outer",
                      "Parallel Aware": true,
                      "Relation Name": "movie_keyword",
                      "Alias": "mk",
                      "Startup Cost": 0.0,
                      "Total Cost": 42695.65,
                      "Plan Rows": 660594,
                      "Plan Width": 4,
                      "Actual Startup Time": 0.384,
                      "Actual Total Time": 102.099,
                      "Actual Rows": 511588,
                      "Actual Loops": 4,
                      "Filter": "(keyword_id > 5990)",
                      "Rows Removed by Filter": 619394
                    },
                    {
                      "Node Type": "Hash",
                      "Parent Relationship": "Inner",
                      "Parallel Aware": true,
                      "Startup Cost": 45479.1,
                      "Total Cost": 45479.1,
                      "Plan Rows": 123233,
                      "Plan Width": 4,
                      "Actual Startup Time": 128.29,
                      "Actual Total Time": 128.291,
                      "Actual Rows": 91166,
                      "Actual Loops": 4,
                      "Hash Buckets": 524288,
                      "Original Hash Buckets": 524288,
                      "Hash Batches": 1,
                      "Original Hash Batches": 1,
                      "Peak Memory Usage": 18432,
                      "Plans": [
                        {
                          "Node Type": "Seq Scan",
                          "Parent Relationship": "Outer",
                          "Parallel Aware": true,
                          "Relation Name": "title",
                          "Alias": "t",
                          "Startup Cost": 0.0,
                          "Total Cost": 45479.1,
                          "Plan Rows": 123233,
                          "Plan Width": 4,
                          "Actual Startup Time": 46.879,
                          "Actual Total Time": 100.201,
                          "Actual Rows": 91166,
                          "Actual Loops": 4,
                          "Filter": "((kind_id < 2) AND (production_year > 1984))",
                          "Rows Removed by Filter": 540912
                        }
                      ]
                    }
                  ]
                }
              ]
            }
          ]
        }
      ]
    },
    "Planning Time": 0.629,
    "Triggers": [],
    "Execution Time": 333.327
  }
]