[
  {
    "Plan": {
      "Node Type": "Aggregate",
      "Strategy": "Plain",
      "Partial Mode": "Finalize",
      "Parallel Aware": false,
      "Startup Cost": 86990.45,
      "Total Cost": 86990.46,
      "Plan Rows": 1,
      "Plan Width": 8,
      "Actual Startup Time": 191.521,
      "Actual Total Time": 206.025,
      "Actual Rows": 1,
      "Actual Loops": 1,
      "Plans": [
        {
          "Node Type": "Gather",
          "Parent Relationship": "Outer",
          "Parallel Aware": false,
          "Startup Cost": 86990.13,
          "Total Cost": 86990.44,
          "Plan Rows": 3,
          "Plan Width": 8,
          "Actual Startup Time": 190.325,
          "Actual Total Time": 206.015,
          "Actual Rows": 4,
          "Actual Loops": 1,
          "Workers Planned": 3,
          "Workers Launched": 3,
          "Single Copy": false,
          "Plans": [
            {
              "Node Type": "Aggregate",
              "Strategy": "Plain",
              "Partial Mode": "Partial",
              "Parent Relationship": "Outer",
              "Parallel Aware": false,
              "Startup Cost": 85990.13,
              "Total Cost": 85990.14,
              "Plan Rows": 1,
              "Plan Width": 8,
              "Actual Startup Time": 181.124,
              "Actual Total Time": 181.128,
              "Actual Rows": 1,
              "Actual Loops": 4,
              "Plans": [
                {
                  "Node Type": "Nested Loop",
                  "Parent Relationship": "Outer",
                  "Parallel Aware": false,
                  "Join Type": "Inner",
                  "Startup Cost": 51527.03,
                  "Total Cost": 85980.57,
                  "Plan Rows": 3822,
                  "Plan Width": 0,
                  "Actual Startup Time": 134.261,
                  "Actual Total Time": 181.05,
                  "Actual Rows": 1108,
                  "Actual Loops": 4,
                  "Inner Unique": false,
                  "Plans": [
                    {
                      "Node Type": "Hash Join",
                      "Parent Relationship": "Outer",
                      "Parallel Aware": true,
                      "Join Type": "Inner",
                      "Startup Cost": 51526.6,
                      "Total Cost": 77137.44,
                      "Plan Rows": 9850,
                      "Plan Width": 8,
                      "Actual Startup Time": 134.169,
                      "Actual Total Time": 178.429,
                      "Actual Rows": 556,
                      "Actual Loops": 4,
                      "Inner Unique": true,
                      "Hash Cond": "(mk.movie_id = t.id)",
                      "Plans": [
                        {
                          "Node Type": "Bitmap Heap Scan",
                          "Parent Relationship": "Outer",
                          "Parallel Aware": true,
                          "Relation Name": "movie_keyword",
                          "Alias": "mk",
                          "Startup Cost": 5029.98,
                          "Total Cost": 30440.04,
                          "Plan Rows": 76485,
                          "Plan Width": 4,
                          "Actual Startup Time": 16.152,
                          "Actual Total Time": 48.852,
                          "Actual Rows": 56878,
                          "Actual Loops": 4,
                          "Recheck Cond": "(keyword_id > 63779)",
                          "Rows Removed by Index Recheck": 0,
                          "Exact Heap Blocks": 7222,
                          "Lossy Heap Blocks": 0,
                          "Plans": [
                            {
                              "Node Type": "Bitmap Index Scan",
                              "Parent Relationship": "Outer",
                              "Parallel Aware": false,
                              "Index Name": "keyword_id_movie_keyword",
                              "Startup Cost": 0.0,
                              "Total Cost": 4970.7,
                              "Plan Rows": 237103,
                              "Plan Width": 0,
                              "Actual Startup Time": 13.014,
                              "Actual Total Time": 13.014,
                              "Actual Rows": 227513,
                              "Actual Loops": 1,
                              "Index Cond": "(keyword_id > 63779)"
                            }
                          ]
                        },
                        {
                          "Node Type": "Hash",
                          "Parent Relationship": "Inner",
                          "Parallel Aware": true,
                          "Startup Cost": 45479.1,
                          "Total Cost": 45479.1,
                          "Plan Rows": 81402,
                          "Plan Width": 4,
                          "Actual Startup Time": 114.757,
                          "Actual Total Time": 114.758,
                          "Actual Rows": 87384,
                          "Actual Loops": 4,
                          "Hash Buckets": 524288,
                          "Original Hash Buckets": 524288,
                          "Hash Batches": 1,
                          "Original Hash Batches": 1,
                          "Peak Memory Usage": 17856,
                          "Plans": [
                            {
                              "Node Type": "Seq Scan",
                              "Parent Relationship": "Outer",
                              "Parallel Aware": true,
                              "Relation Name": "title",
                              "Alias": "t",
                              "Startup Cost": 0.0,
                              "Total Cost": 45479.1,
                              "Plan Rows": 81402,
                              "Plan Width": 4,
                              "Actual Startup Time": 0.033,
                              "Actual Total Time": 88.017,
                              "Actual Rows": 87384,
                              "Actual Loops": 4,
                              "Filter": "((production_year > 2009) AND (kind_id = 7))",
                              "Rows Removed by Filter": 544694
                            }
                          ]
                        }
                      ]
                    },
                    {
                      "Node Type": "Index Scan",
                      "Parent Relationship": "Inner",
                      "Parallel Aware": false,
                      "Scan Direction": "Forward",
                      "Index Name": "movie_id_movie_companies",
                      "Relation Name": "movie_companies",
                      "Alias": "mc",
                      "Startup Cost": 0.43,
                      "Total Cost": 0.88,
                      "Plan Rows": 2,
                      "Plan Width": 4,
                      "Actual Startup Time": 0.003,
                      "Actual Total Time": 0.004,
                      "Actual Rows": 2,
                      "Actual Loops": 2224,
                      "Index Cond": "(movie_id = t.id)",
                      "Rows Removed by Index Recheck": 0,
                      "Filter": "(company_id < 4384)",
                      "Rows Removed by Filter": 1
                    }
                  ]
                }
              ]
            }
          ]
        }
      ]
    },
    "Planning Time": 1.483,
    "Triggers": [],
    "Execution Time": 206.166
  }
]