[
  {
    "Plan": {
      "Node Type": "Aggregate",
      "Strategy": "Plain",
      "Partial Mode": "Finalize",
      "Parallel Aware": false,
      "Startup Cost": 45097.43,
      "Total Cost": 45097.44,
      "Plan Rows": 1,
      "Plan Width": 8,
      "Actual Startup Time": 133.748,
      "Actual Total Time": 145.603,
      "Actual Rows": 1,
      "Actual Loops": 1,
      "Plans": [
        {
          "Node Type": "Gather",
          "Parent Relationship": "Outer",
          "Parallel Aware": false,
          "Startup Cost": 45097.12,
          "Total Cost": 45097.43,
          "Plan Rows": 3,
          "Plan Width": 8,
          "Actual Startup Time": 133.578,
          "Actual Total Time": 145.594,
          "Actual Rows": 4,
          "Actual Loops": 1,
          "Workers Planned": 3,
          "Workers Launched": 3,
          "Single Copy": false,
          "Plans": [
            {
              "Node Type": "Aggregate",
              "Strategy": "Plain",
              "Partial Mode": "Partial",
              "Parent Relationship": "Outer",
              "Parallel Aware": false,
              "Startup Cost": 44097.12,
              "Total Cost": 44097.13,
              "Plan Rows": 1,
              "Plan Width": 8,
              "Actual Startup Time": 126.318,
              "Actual Total Time": 126.319,
              "Actual Rows": 1,
              "Actual Loops": 4,
              "Plans": [
                {
                  "Node Type": "Seq Scan",
                  "Parent Relationship": "Outer",
                  "Parallel Aware": true,
                  "Relation Name": "movie_keyword",
                  "Alias": "mk",
                  "Startup Cost": 0.0,
                  "Total Cost": 42695.65,
                  "Plan Rows": 560585,
                  "Plan Width": 0,
                  "Actual Startup Time": 0.05,
                  "Actual Total Time": 105.886,
                  "Actual Rows": 433918,
                  "Actual Loops": 4,
                  "Filter": "(keyword_id < 2835)",
                  "Rows Removed by Filter": 697065
                }
              ]
            }
          ]
        }
      ]
    },
    "Planning Time": 0.119,
    "Triggers": [],
    "Execution Time": 145.642
  }
]