[
  {
    "Plan": {
      "Node Type": "Aggregate",
      "Strategy": "Plain",
      "Partial Mode": "Finalize",
      "Parallel Aware": false,
      "Startup Cost": 96092.43,
      "Total Cost": 96092.44,
      "Plan Rows": 1,
      "Plan Width": 8,
      "Actual Startup Time": 493.459,
      "Actual Total Time": 511.812,
      "Actual Rows": 1,
      "Actual Loops": 1,
      "Plans": [
        {
          "Node Type": "Gather",
          "Parent Relationship": "Outer",
          "Parallel Aware": false,
          "Startup Cost": 96092.11,
          "Total Cost": 96092.42,
          "Plan Rows": 3,
          "Plan Width": 8,
          "Actual Startup Time": 483.95,
          "Actual Total Time": 511.801,
          "Actual Rows": 4,
          "Actual Loops": 1,
          "Workers Planned": 3,
          "Workers Launched": 3,
          "Single Copy": false,
          "Plans": [
            {
              "Node Type": "Aggregate",
              "Strategy": "Plain",
              "Partial Mode": "Partial",
              "Parent Relationship": "Outer",
              "Parallel Aware": false,
              "Startup Cost": 95092.11,
              "Total Cost": 95092.12,
              "Plan Rows": 1,
              "Plan Width": 8,
              "Actual Startup Time": 471.26,
              "Actual Total Time": 471.263,
              "Actual Rows": 1,
              "Actual Loops": 4,
              "Plans": [
                {
                  "Node Type": "Hash Join",
                  "Parent Relationship": "Outer",
                  "Parallel Aware": true,
                  "Join Type": "Inner",
                  "Startup Cost": 50726.87,
                  "Total Cost": 94445.2,
                  "Plan Rows": 258765,
                  "Plan Width": 0,
                  "Actual Startup Time": 307.589,
                  "Actual Total Time": 465.866,
                  "Actual Rows": 114708,
                  "Actual Loops": 4,
                  "Inner Unique": true,
                  "Hash Cond": "(mk.movie_id = t.id)",
                  "Plans": [
                    {
                      "Node Type": "Seq Scan",
                      "Parent Relationship": "Outer",
                      "Parallel Aware": true,
                      "Relation Name": "movie_keyword",
                      "Alias": "mk",
                      "Startup Cost": 0.0,
                      "Total Cost": 42695.65,
                      "Plan Rows": 389589,
                      "Plan Width": 4,
                      "Actual Startup Time": 1.134,
                      "Actual Total Time": 100.261,
                      "Actual Rows": 303253,
                      "Actual Loops": 4,
                      "Filter": "(keyword_id > 15078)",
                      "Rows Removed by Filter": 827730
                    },
                    {
                      "Node Type": "Hash",
                      "Parent Relationship": "Inner",
                      "Parallel Aware": true,
                      "Startup Cost": 45479.1,
                      "Total Cost": 45479.1,
                      "Plan Rows": 419822,
                      "Plan Width": 4,
                      "Actual Startup Time": 298.336,
                      "Actual Total Time": 298.337,
                      "Actual Rows": 445951,
                      "Actual Loops": 4,
                      "Hash Buckets": 2097152,
                      "Original Hash Buckets": 2097152,
                      "Hash Batches": 1,
                      "Original Hash Batches": 1,
                      "Peak Memory Usage": 86240,
                      "Plans": [
                        {
                          "Node Type": "Seq Scan",
                          "Parent Relationship": "Outer",
                          "Parallel Aware": true,
                          "Relation Name": "title",
                          "Alias": "t",
                          "Startup Cost": 0.0,
                          "Total Cost": 45479.1,
                          "Plan Rows": 419822,
                          "Plan Width": 4,
                          "Actual Startup Time": 0.051,
                          "Actual Total Time": 123.785,
                          "Actual Rows": 445951,
                          "Actual Loops": 4,
                          "Filter": "((kind_id > 1) AND (production_year > 1953))",
                          "Rows Removed by Filter": 186127
                        }
                      ]
                    }
                  ]
                }
              ]
            }
          ]
        }
      ]
    },
    "Planning Time": 0.619,
    "Triggers": [],
    "Execution Time": 511.89
  }
]