[
  {
    "Plan": {
      "Node Type": "Aggregate",
      "Strategy": "Plain",
      "Partial Mode": "Finalize",
      "Parallel Aware": false,
      "Startup Cost": 59215.96,
      "Total Cost": 59215.97,
      "Plan Rows": 1,
      "Plan Width": 8,
      "Actual Startup Time": 102.858,
      "Actual Total Time": 117.213,
      "Actual Rows": 1,
      "Actual Loops": 1,
      "Plans": [
        {
          "Node Type": "Gather",
          "Parent Relationship": "Outer",
          "Parallel Aware": false,
          "Startup Cost": 59215.54,
          "Total Cost": 59215.95,
          "Plan Rows": 4,
          "Plan Width": 8,
          "Actual Startup Time": 102.725,
          "Actual Total Time": 117.206,
          "Actual Rows": 5,
          "Actual Loops": 1,
          "Workers Planned": 4,
          "Workers Launched": 4,
          "Single Copy": false,
          "Plans": [
            {
              "Node Type": "Aggregate",
              "Strategy": "Plain",
              "Partial Mode": "Partial",
              "Parent Relationship": "Outer",
              "Parallel Aware": false,
              "Startup Cost": 58215.54,
              "Total Cost": 58215.55,
              "Plan Rows": 1,
              "Plan Width": 8,
              "Actual Startup Time": 94.407,
              "Actual Total Time": 94.409,
              "Actual Rows": 1,
              "Actual Loops": 5,
              "Plans": [
                {
                  "Node Type": "Nested Loop",
                  "Parent Relationship": "Outer",
                  "Parallel Aware": false,
                  "Join Type": "Inner",
                  "Startup Cost": 0.43,
                  "Total Cost": 58213.65,
                  "Plan Rows": 756,
                  "Plan Width": 0,
                  "Actual Startup Time": 54.468,
                  "Actual Total Time": 94.294,
                  "Actual Rows": 1633,
                  "Actual Loops": 5,
                  "Inner Unique": false,
                  "Plans": [
                    {
                      "Node Type": "Seq Scan",
                      "Parent Relationship": "Outer",
                      "Parallel Aware": true,
                      "Relation Name": "title",
                      "Alias": "t",
                      "Startup Cost": 0.0,
                      "Total Cost": 45479.59,
                      "Plan Rows": 1486,
                      "Plan Width": 4,
                      "Actual Startup Time": 54.085,
                      "Actual Total Time": 81.349,
                      "Actual Rows": 1092,
                      "Actual Loops": 5,
                      "Filter": "((kind_id = 1) AND (production_year = 1990))",
                      "Rows Removed by Filter": 504570
                    },
                    {
                      "Node Type": "Index Scan",
                      "Parent Relationship": "Inner",
                      "Parallel Aware": false,
                      "Scan Direction": "Forward",
                      "Index Name": "movie_id_movie_keyword",
                      "Relation Name": "movie_keyword",
                      "Alias": "mk",
                      "Startup Cost": 0.43,
                      "Total Cost": 8.44,
                      "Plan Rows": 13,
                      "Plan Width": 4,
                      "Actual Startup Time": 0.011,
                      "Actual Total Time": 0.011,
                      "Actual Rows": 1,
                      "Actual Loops": 5461,
                      "Index Cond": "(movie_id = t.id)",
                      "Rows Removed by Index Recheck": 0,
                      "Filter": "(keyword_id > 13787)",
                      "Rows Removed by Filter": 4
                    }
                  ]
                }
              ]
            }
          ]
        }
      ]
    },
    "Planning Time": 0.262,
    "Triggers": [],
    "Execution Time": 117.249
  }
]