[
  {
    "Plan": {
      "Node Type": "Aggregate",
      "Strategy": "Plain",
      "Partial Mode": "Finalize",
      "Parallel Aware": false,
      "Startup Cost": 337307.03,
      "Total Cost": 337307.04,
      "Plan Rows": 1,
      "Plan Width": 8,
      "Actual Startup Time": 413.267,
      "Actual Total Time": 435.01,
      "Actual Rows": 1,
      "Actual Loops": 1,
      "Plans": [
        {
          "Node Type": "Gather",
          "Parent Relationship": "Outer",
          "Parallel Aware": false,
          "Startup Cost": 337306.41,
          "Total Cost": 337307.02,
          "Plan Rows": 6,
          "Plan Width": 8,
          "Actual Startup Time": 413.176,
          "Actual Total Time": 434.995,
          "Actual Rows": 7,
          "Actual Loops": 1,
          "Workers Planned": 6,
          "Workers Launched": 6,
          "Single Copy": false,
          "Plans": [
            {
              "Node Type": "Aggregate",
              "Strategy": "Plain",
              "Partial Mode": "Partial",
              "Parent Relationship": "Outer",
              "Parallel Aware": false,
              "Startup Cost": 336306.41,
              "Total Cost": 336306.42,
              "Plan Rows": 1,
              "Plan Width": 8,
              "Actual Startup Time": 402.508,
              "Actual Total Time": 402.509,
              "Actual Rows": 1,
              "Actual Loops": 7,
              "Plans": [
                {
                  "Node Type": "Index Scan",
                  "Parent Relationship": "Outer",
                  "Parallel Aware": true,
                  "Scan Direction": "Forward",
                  "Index Name": "role_id_cast_info",
                  "Relation Name": "cast_info",
                  "Alias": "ci",
                  "Startup Cost": 0.56,
                  "Total Cost": 335235.55,
                  "Plan Rows": 428344,
                  "Plan Width": 0,
                  "Actual Startup Time": 0.191,
                  "Actual Total Time": 365.415,
                  "Actual Rows": 789942,
                  "Actual Loops": 7,
                  "Index Cond": "(role_id = 1)",
                  "Rows Removed by Index Recheck": 0,
                  "Filter": "(person_id < 743157)",
                  "Rows Removed by Filter": 1020157
                }
              ]
            }
          ]
        }
      ]
    },
    "Planning Time": 0.242,
    "Triggers": [],
    "Execution Time": 435.08
  }
]