[
  {
    "Plan": {
      "Node Type": "Aggregate",
      "Strategy": "Plain",
      "Partial Mode": "Finalize",
      "Parallel Aware": false,
      "Startup Cost": 79794.14,
      "Total Cost": 79794.15,
      "Plan Rows": 1,
      "Plan Width": 8,
      "Actual Startup Time": 268.23,
      "Actual Total Time": 285.73,
      "Actual Rows": 1,
      "Actual Loops": 1,
      "Plans": [
        {
          "Node Type": "Gather",
          "Parent Relationship": "Outer",
          "Parallel Aware": false,
          "Startup Cost": 79793.82,
          "Total Cost": 79794.13,
          "Plan Rows": 3,
          "Plan Width": 8,
          "Actual Startup Time": 266.721,
          "Actual Total Time": 285.721,
          "Actual Rows": 4,
          "Actual Loops": 1,
          "Workers Planned": 3,
          "Workers Launched": 3,
          "Single Copy": false,
          "Plans": [
            {
              "Node Type": "Aggregate",
              "Strategy": "Plain",
              "Partial Mode": "Partial",
              "Parent Relationship": "Outer",
              "Parallel Aware": false,
              "Startup Cost": 78793.82,
              "Total Cost": 78793.83,
              "Plan Rows": 1,
              "Plan Width": 8,
              "Actual Startup Time": 258.42,
              "Actual Total Time": 258.422,
              "Actual Rows": 1,
              "Actual Loops": 4,
              "Plans": [
                {
                  "Node Type": "Hash Join",
                  "Parent Relationship": "Outer",
                  "Parallel Aware": true,
                  "Join Type": "Inner",
                  "Startup Cost": 46506.15,
                  "Total Cost": 78697.71,
                  "Plan Rows": 38445,
                  "Plan Width": 0,
                  "Actual Startup Time": 197.27,
                  "Actual Total Time": 254.61,
                  "Actual Rows": 94173,
                  "Actual Loops": 4,
                  "Inner Unique": true,
                  "Hash Cond": "(mc.movie_id = t.id)",
                  "Plans": [
                    {
                      "Node Type": "Seq Scan",
                      "Parent Relationship": "Outer",
                      "Parallel Aware": true,
                      "Relation Name": "movie_companies",
                      "Alias": "mc",
                      "Startup Cost": 0.0,
                      "Total Cost": 31414.82,
                      "Plan Rows": 295902,
                      "Plan Width": 4,
                      "Actual Startup Time": 30.101,
                      "Actual Total Time": 65.414,
                      "Actual Rows": 274506,
                      "Actual Loops": 4,
                      "Filter": "((company_id > 1886) AND (company_type_id > 1))",
                      "Rows Removed by Filter": 377776
                    },
                    {
                      "Node Type": "Hash",
                      "Parent Relationship": "Inner",
                      "Parallel Aware": true,
                      "Startup Cost": 45479.59,
                      "Total Cost": 45479.59,
                      "Plan Rows": 82125,
                      "Plan Width": 4,
                      "Actual Startup Time": 134.05,
                      "Actual Total Time": 134.05,
                      "Actual Rows": 102880,
                      "Actual Loops": 4,
                      "Hash Buckets": 524288,
                      "Original Hash Buckets": 524288,
                      "Hash Batches": 1,
                      "Original Hash Batches": 1,
                      "Peak Memory Usage": 20288,
                      "Plans": [
                        {
                          "Node Type": "Seq Scan",
                          "Parent Relationship": "Outer",
                          "Parallel Aware": true,
                          "Relation Name": "title",
                          "Alias": "t",
                          "Startup Cost": 0.0,
                          "Total Cost": 45479.59,
                          "Plan Rows": 82125,
                          "Plan Width": 4,
                          "Actual Startup Time": 60.728,
                          "Actual Total Time": 101.699,
                          "Actual Rows": 102880,
                          "Actual Loops": 4,
                          "Filter": "((kind_id < 2) AND (production_year < 2004))",
                          "Rows Removed by Filter": 529198
                        }
                      ]
                    }
                  ]
                }
              ]
            }
          ]
        }
      ]
    },
    "Planning Time": 0.657,
    "Triggers": [],
    "Execution Time": 285.797
  }
]