[
  {
    "Plan": {
      "Node Type": "Aggregate",
      "Strategy": "Plain",
      "Partial Mode": "Finalize",
      "Parallel Aware": false,
      "Startup Cost": 79783.88,
      "Total Cost": 79783.89,
      "Plan Rows": 1,
      "Plan Width": 8,
      "Actual Startup Time": 264.832,
      "Actual Total Time": 280.098,
      "Actual Rows": 1,
      "Actual Loops": 1,
      "Plans": [
        {
          "Node Type": "Gather",
          "Parent Relationship": "Outer",
          "Parallel Aware": false,
          "Startup Cost": 79783.56,
          "Total Cost": 79783.87,
          "Plan Rows": 3,
          "Plan Width": 8,
          "Actual Startup Time": 263.778,
          "Actual Total Time": 280.09,
          "Actual Rows": 4,
          "Actual Loops": 1,
          "Workers Planned": 3,
          "Workers Launched": 3,
          "Single Copy": false,
          "Plans": [
            {
              "Node Type": "Aggregate",
              "Strategy": "Plain",
              "Partial Mode": "Partial",
              "Parent Relationship": "Outer",
              "Parallel Aware": false,
              "Startup Cost": 78783.56,
              "Total Cost": 78783.57,
              "Plan Rows": 1,
              "Plan Width": 8,
              "Actual Startup Time": 254.885,
              "Actual Total Time": 254.888,
              "Actual Rows": 1,
              "Actual Loops": 4,
              "Plans": [
                {
                  "Node Type": "Hash Join",
                  "Parent Relationship": "Outer",
                  "Parallel Aware": true,
                  "Join Type": "Inner",
                  "Startup Cost": 46504.45,
                  "Total Cost": 78688.49,
                  "Plan Rows": 38029,
                  "Plan Width": 0,
                  "Actual Startup Time": 191.832,
                  "Actual Total Time": 250.712,
                  "Actual Rows": 94173,
                  "Actual Loops": 4,
                  "Inner Unique": true,
                  "Hash Cond": "(mc.movie_id = t.id)",
                  "Plans": [
                    {
                      "Node Type": "Seq Scan",
                      "Parent Relationship": "Outer",
                      "Parallel Aware": true,
                      "Relation Name": "movie_companies",
                      "Alias": "mc",
                      "Startup Cost": 0.0,
                      "Total Cost": 31414.82,
                      "Plan Rows": 293037,
                      "Plan Width": 4,
                      "Actual Startup Time": 31.794,
                      "Actual Total Time": 69.643,
                      "Actual Rows": 274506,
                      "Actual Loops": 4,
                      "Filter": "((company_id > 1886) AND (company_type_id > 1))",
                      "Rows Removed by Filter": 377776
                    },
                    {
                      "Node Type": "Hash",
                      "Parent Relationship": "Inner",
                      "Parallel Aware": true,
                      "Startup Cost": 45479.1,
                      "Total Cost": 45479.1,
                      "Plan Rows": 82028,
                      "Plan Width": 4,
                      "Actual Startup Time": 126.813,
                      "Actual Total Time": 126.814,
                      "Actual Rows": 102880,
                      "Actual Loops": 4,
                      "Hash Buckets": 524288,
                      "Original Hash Buckets": 524288,
                      "Hash Batches": 1,
                      "Original Hash Batches": 1,
                      "Peak Memory Usage": 20256,
                      "Plans": [
                        {
                          "Node Type": "Seq Scan",
                          "Parent Relationship": "Outer",
                          "Parallel Aware": true,
                          "Relation Name": "title",
                          "Alias": "t",
                          "Startup Cost": 0.0,
                          "Total Cost": 45479.1,
                          "Plan Rows": 82028,
                          "Plan Width": 4,
                          "Actual Startup Time": 59.537,
                          "Actual Total Time": 101.258,
                          "Actual Rows": 102880,
                          "Actual Loops": 4,
                          "Filter": "((kind_id < 2) AND (production_year < 2004))",
                          "Rows Removed by Filter": 529198
                        }
                      ]
                    }
                  ]
                }
              ]
            }
          ]
        }
      ]
    },
    "Planning Time": 0.636,
    "Triggers": [],
    "Execution Time": 280.197
  }
]