[
  {
    "Plan": {
      "Node Type": "Aggregate",
      "Strategy": "Plain",
      "Partial Mode": "Finalize",
      "Parallel Aware": false,
      "Startup Cost": 424625.98,
      "Total Cost": 424625.99,
      "Plan Rows": 1,
      "Plan Width": 8,
      "Actual Startup Time": 3573.292,
      "Actual Total Time": 3676.208,
      "Actual Rows": 1,
      "Actual Loops": 1,
      "Plans": [
        {
          "Node Type": "Gather",
          "Parent Relationship": "Outer",
          "Parallel Aware": false,
          "Startup Cost": 424625.45,
          "Total Cost": 424625.96,
          "Plan Rows": 5,
          "Plan Width": 8,
          "Actual Startup Time": 3569.444,
          "Actual Total Time": 3676.196,
          "Actual Rows": 6,
          "Actual Loops": 1,
          "Workers Planned": 5,
          "Workers Launched": 5,
          "Single Copy": false,
          "Plans": [
            {
              "Node Type": "Aggregate",
              "Strategy": "Plain",
              "Partial Mode": "Partial",
              "Parent Relationship": "Outer",
              "Parallel Aware": false,
              "Startup Cost": 423625.45,
              "Total Cost": 423625.46,
              "Plan Rows": 1,
              "Plan Width": 8,
              "Actual Startup Time": 3557.824,
              "Actual Total Time": 3557.827,
              "Actual Rows": 1,
              "Actual Loops": 6,
              "Plans": [
                {
                  "Node Type": "Nested Loop",
                  "Parent Relationship": "Outer",
                  "Parallel Aware": false,
                  "Join Type": "Inner",
                  "Startup Cost": 100570.6,
                  "Total Cost": 421812.28,
                  "Plan Rows": 725270,
                  "Plan Width": 0,
                  "Actual Startup Time": 926.36,
                  "Actual Total Time": 3522.027,
                  "Actual Rows": 530251,
                  "Actual Loops": 6,
                  "Inner Unique": false,
                  "Plans": [
                    {
                      "Node Type": "Merge Join",
                      "Parent Relationship": "Outer",
                      "Parallel Aware": false,
                      "Join Type": "Inner",
                      "Startup Cost": 100570.03,
                      "Total Cost": 195592.61,
                      "Plan Rows": 106303,
                      "Plan Width": 8,
                      "Actual Startup Time": 926.095,
                      "Actual Total Time": 1462.817,
                      "Actual Rows": 53204,
                      "Actual Loops": 6,
                      "Inner Unique": false,
                      "Merge Cond": "(t.id = mc.movie_id)",
                      "Plans": [
                        {
                          "Node Type": "Index Only Scan",
                          "Parent Relationship": "Outer",
                          "Parallel Aware": true,
                          "Scan Direction": "Forward",
                          "Index Name": "title_pkey",
                          "Relation Name": "title",
                          "Alias": "t",
                          "Startup Cost": 0.43,
                          "Total Cost": 90125.02,
                          "Plan Rows": 505685,
                          "Plan Width": 4,
                          "Actual Startup Time": 0.233,
                          "Actual Total Time": 446.746,
                          "Actual Rows": 420947,
                          "Actual Loops": 6,
                          "Heap Fetches": 2525683
                        },
                        {
                          "Node Type": "Sort",
                          "Parent Relationship": "Inner",
                          "Parallel Aware": false,
                          "Startup Cost": 100569.52,
                          "Total Cost": 101898.31,
                          "Plan Rows": 531514,
                          "Plan Width": 4,
                          "Actual Startup Time": 925.536,
                          "Actual Total Time": 948.799,
                          "Actual Rows": 319221,
                          "Actual Loops": 6,
                          "Sort Key": [
                            "mc.movie_id"
                          ],
                          "Sort Method": "quicksort",
                          "Sort Space Used": 27252,
                          "Sort Space Type": "Memory",
                          "Workers": [
                            {
                              "Worker Number": 0,
                              "Sort Method": "quicksort",
                              "Sort Space Used": 27252,
                              "Sort Space Type": "Memory"
                            },
                            {
                              "Worker Number": 1,
                              "Sort Method": "quicksort",
                              "Sort Space Used": 27252,
                              "Sort Space Type": "Memory"
                            },
                            {
                              "Worker Number": 2,
                              "Sort Method": "quicksort",
                              "Sort Space Used": 27252,
                              "Sort Space Type": "Memory"
                            },
                            {
                              "Worker Number": 3,
                              "Sort Method": "quicksort",
                              "Sort Space Used": 27252,
                              "Sort Space Type": "Memory"
                            },
                            {
                              "Worker Number": 4,
                              "Sort Method": "quicksort",
                              "Sort Space Used": 27252,
                              "Sort Space Type": "Memory"
                            }
                          ],
                          "Plans": [
                            {
                              "Node Type": "Index Scan",
                              "Parent Relationship": "Outer",
                              "Parallel Aware": false,
                              "Scan Direction": "Forward",
                              "Index Name": "company_type_id_movie_companies",
                              "Relation Name": "movie_companies",
                              "Alias": "mc",
                              "Startup Cost": 0.43,
                              "Total Cost": 50023.21,
                              "Plan Rows": 531514,
                              "Plan Width": 4,
                              "Actual Startup Time": 0.286,
                              "Actual Total Time": 816.371,
                              "Actual Rows": 319221,
                              "Actual Loops": 6,
                              "Index Cond": "(company_type_id = 2)",
                              "Rows Removed by Index Recheck": 0,
                              "Filter": "(company_id < 6008)",
                              "Rows Removed by Filter": 1015662
                            }
                          ]
                        }
                      ]
                    },
                    {
                      "Node Type": "Index Scan",
                      "Parent Relationship": "Inner",
                      "Parallel Aware": false,
                      "Scan Direction": "Forward",
                      "Index Name": "movie_id_cast_info",
                      "Relation Name": "cast_info",
                      "Alias": "ci",
                      "Startup Cost": 0.56,
                      "Total Cost": 1.96,
                      "Plan Rows": 17,
                      "Plan Width": 4,
                      "Actual Startup Time": 0.017,
                      "Actual Total Time": 0.037,
                      "Actual Rows": 10,
                      "Actual Loops": 319221,
                      "Index Cond": "(movie_id = t.id)",
                      "Rows Removed by Index Recheck": 0,
                      "Filter": "((person_id > 1647906) AND (role_id < 10))",
                      "Rows Removed by Filter": 16
                    }
                  ]
                }
              ]
            }
          ]
        }
      ]
    },
    "Planning Time": 1.454,
    "Triggers": [],
    "Execution Time": 3676.333
  }
]