[
  {
    "Plan": {
      "Node Type": "Aggregate",
      "Strategy": "Plain",
      "Partial Mode": "Finalize",
      "Parallel Aware": false,
      "Startup Cost": 247275.14,
      "Total Cost": 247275.15,
      "Plan Rows": 1,
      "Plan Width": 8,
      "Actual Startup Time": 1011.724,
      "Actual Total Time": 1060.91,
      "Actual Rows": 1,
      "Actual Loops": 1,
      "Plans": [
        {
          "Node Type": "Gather",
          "Parent Relationship": "Outer",
          "Parallel Aware": false,
          "Startup Cost": 247274.62,
          "Total Cost": 247275.13,
          "Plan Rows": 5,
          "Plan Width": 8,
          "Actual Startup Time": 1009.327,
          "Actual Total Time": 1060.902,
          "Actual Rows": 6,
          "Actual Loops": 1,
          "Workers Planned": 5,
          "Workers Launched": 5,
          "Single Copy": false,
          "Plans": [
            {
              "Node Type": "Aggregate",
              "Strategy": "Plain",
              "Partial Mode": "Partial",
              "Parent Relationship": "Outer",
              "Parallel Aware": false,
              "Startup Cost": 246274.62,
              "Total Cost": 246274.63,
              "Plan Rows": 1,
              "Plan Width": 8,
              "Actual Startup Time": 1000.174,
              "Actual Total Time": 1000.178,
              "Actual Rows": 1,
              "Actual Loops": 6,
              "Plans": [
                {
                  "Node Type": "Hash Join",
                  "Parent Relationship": "Outer",
                  "Parallel Aware": true,
                  "Join Type": "Inner",
                  "Startup Cost": 45392.46,
                  "Total Cost": 244871.86,
                  "Plan Rows": 561101,
                  "Plan Width": 0,
                  "Actual Startup Time": 125.136,
                  "Actual Total Time": 959.445,
                  "Actual Rows": 716378,
                  "Actual Loops": 6,
                  "Inner Unique": true,
                  "Hash Cond": "(mi.movie_id = t.id)",
                  "Plans": [
                    {
                      "Node Type": "Seq Scan",
                      "Parent Relationship": "Outer",
                      "Parallel Aware": true,
                      "Relation Name": "movie_info",
                      "Alias": "mi",
                      "Startup Cost": 0.0,
                      "Total Cost": 191685.19,
                      "Plan Rows": 2969219,
                      "Plan Width": 4,
                      "Actual Startup Time": 0.041,
                      "Actual Total Time": 345.046,
                      "Actual Rows": 2472620,
                      "Actual Loops": 6
                    },
                    {
                      "Node Type": "Hash",
                      "Parent Relationship": "Inner",
                      "Parallel Aware": true,
                      "Startup Cost": 43899.32,
                      "Total Cost": 43899.32,
                      "Plan Rows": 119451,
                      "Plan Width": 4,
                      "Actual Startup Time": 121.225,
                      "Actual Total Time": 121.226,
                      "Actual Rows": 82338,
                      "Actual Loops": 6,
                      "Hash Buckets": 524288,
                      "Original Hash Buckets": 524288,
                      "Hash Batches": 1,
                      "Original Hash Batches": 1,
                      "Peak Memory Usage": 23520,
                      "Plans": [
                        {
                          "Node Type": "Seq Scan",
                          "Parent Relationship": "Outer",
                          "Parallel Aware": true,
                          "Relation Name": "title",
                          "Alias": "t",
                          "Startup Cost": 0.0,
                          "Total Cost": 43899.32,
                          "Plan Rows": 119451,
                          "Plan Width": 4,
                          "Actual Startup Time": 0.054,
                          "Actual Total Time": 86.878,
                          "Actual Rows": 82338,
                          "Actual Loops": 6,
                          "Filter": "(production_year < 1979)",
                          "Rows Removed by Filter": 339047
                        }
                      ]
                    }
                  ]
                }
              ]
            }
          ]
        }
      ]
    },
    "Planning Time": 0.582,
    "Triggers": [],
    "Execution Time": 1060.993
  }
]