{
  "Plan": {
    "Node Type": "Aggregate",
    "Strategy": "Plain",
    "Partial Mode": "Finalize",
    "Parallel Aware": false,
    "Startup Cost": 321622.63,
    "Total Cost": 321622.64,
    "Plan Rows": 1,
    "Plan Width": 64,
    "Actual Startup Time": 1103.398,
    "Actual Total Time": 1169.25,
    "Actual Rows": 1,
    "Actual Loops": 1,
    "Plans": [
      {
        "Node Type": "Gather",
        "Parent Relationship": "Outer",
        "Parallel Aware": false,
        "Startup Cost": 321622.52,
        "Total Cost": 321622.63,
        "Plan Rows": 1,
        "Plan Width": 64,
        "Actual Startup Time": 1102.592,
        "Actual Total Time": 1169.242,
        "Actual Rows": 2,
        "Actual Loops": 1,
        "Workers Planned": 1,
        "Workers Launched": 1,
        "Single Copy": false,
        "Plans": [
          {
            "Node Type": "Aggregate",
            "Strategy": "Plain",
            "Partial Mode": "Partial",
            "Parent Relationship": "Outer",
            "Parallel Aware": false,
            "Startup Cost": 320622.52,
            "Total Cost": 320622.53,
            "Plan Rows": 1,
            "Plan Width": 64,
            "Actual Startup Time": 1095.53,
            "Actual Total Time": 1095.534,
            "Actual Rows": 1,
            "Actual Loops": 2,
            "Plans": [
              {
                "Node Type": "Nested Loop",
                "Parent Relationship": "Outer",
                "Parallel Aware": false,
                "Join Type": "Inner",
                "Startup Cost": 63682.5,
                "Total Cost": 320563.02,
                "Plan Rows": 11899,
                "Plan Width": 22,
                "Actual Startup Time": 285.68,
                "Actual Total Time": 1087.296,
                "Actual Rows": 82461,
                "Actual Loops": 2,
                "Inner Unique": false,
                "Plans": [
                  {
                    "Node Type": "Nested Loop",
                    "Parent Relationship": "Outer",
                    "Parallel Aware": false,
                    "Join Type": "Inner",
                    "Startup Cost": 63682.07,
                    "Total Cost": 312232.95,
                    "Plan Rows": 11531,
                    "Plan Width": 34,
                    "Actual Startup Time": 285.632,
                    "Actual Total Time": 1007.022,
                    "Actual Rows": 17370,
                    "Actual Loops": 2,
                    "Inner Unique": false,
                    "Plans": [
                      {
                        "Node Type": "Hash Join",
                        "Parent Relationship": "Outer",
                        "Parallel Aware": true,
                        "Join Type": "Inner",
                        "Startup Cost": 63681.63,
                        "Total Cost": 82574.31,
                        "Plan Rows": 89259,
                        "Plan Width": 30,
                        "Actual Startup Time": 285.2,
                        "Actual Total Time": 440.662,
                        "Actual Rows": 65696,
                        "Actual Loops": 2,
                        "Inner Unique": true,
                        "Hash Cond": "(mi_idx.movie_id = t.id)",
                        "Plans": [
                          {
                            "Node Type": "Seq Scan",
                            "Parent Relationship": "Outer",
                            "Parallel Aware": true,
                            "Relation Name": "movie_info_idx",
                            "Alias": "mi_idx",
                            "Startup Cost": 0.0,
                            "Total Cost": 18082.32,
                            "Plan Rows": 308711,
                            "Plan Width": 9,
                            "Actual Startup Time": 0.024,
                            "Actual Total Time": 67.86,
                            "Actual Rows": 258841,
                            "Actual Loops": 2,
                            "Filter": "(info > '5.0'::text)",
                            "Rows Removed by Filter": 431176
                          },
                          {
                            "Node Type": "Hash",
                            "Parent Relationship": "Inner",
                            "Parallel Aware": true,
                            "Startup Cost": 58306.47,
                            "Total Cost": 58306.47,
                            "Plan Rows": 430013,
                            "Plan Width": 21,
                            "Actual Startup Time": 276.088,
                            "Actual Total Time": 276.089,
                            "Actual Rows": 358130,
                            "Actual Loops": 2,
                            "Hash Buckets": 1048576,
                            "Original Hash Buckets": 1048576,
                            "Hash Batches": 1,
                            "Original Hash Batches": 1,
                            "Peak Memory Usage": 48256,
                            "Plans": [
                              {
                                "Node Type": "Seq Scan",
                                "Parent Relationship": "Outer",
                                "Parallel Aware": true,
                                "Relation Name": "title",
                                "Alias": "t",
                                "Startup Cost": 0.0,
                                "Total Cost": 58306.47,
                                "Plan Rows": 430013,
                                "Plan Width": 21,
                                "Actual Startup Time": 0.05,
                                "Actual Total Time": 165.741,
                                "Actual Rows": 358130,
                                "Actual Loops": 2,
                                "Filter": "((production_year >= 2005) AND (production_year <= 2010))",
                                "Rows Removed by Filter": 906026
                              }
                            ]
                          }
                        ]
                      },
                      {
                        "Node Type": "Index Scan",
                        "Parent Relationship": "Inner",
                        "Parallel Aware": false,
                        "Scan Direction": "Forward",
                        "Index Name": "movie_id_movie_info",
                        "Relation Name": "movie_info",
                        "Alias": "mi",
                        "Startup Cost": 0.43,
                        "Total Cost": 2.56,
                        "Plan Rows": 1,
                        "Plan Width": 4,
                        "Actual Startup Time": 0.008,
                        "Actual Total Time": 0.008,
                        "Actual Rows": 0,
                        "Actual Loops": 131391,
                        "Index Cond": "(movie_id = t.id)",
                        "Rows Removed by Index Recheck": 0,
                        "Filter": "(info = ANY ('{Drama,Horror,Western,Family}'::text[]))",
                        "Rows Removed by Filter": 14
                      }
                    ]
                  },
                  {
                    "Node Type": "Index Only Scan",
                    "Parent Relationship": "Inner",
                    "Parallel Aware": false,
                    "Scan Direction": "Forward",
                    "Index Name": "movie_id_movie_companies",
                    "Relation Name": "movie_companies",
                    "Alias": "mc",
                    "Startup Cost": 0.43,
                    "Total Cost": 0.67,
                    "Plan Rows": 5,
                    "Plan Width": 4,
                    "Actual Startup Time": 0.003,
                    "Actual Total Time": 0.004,
                    "Actual Rows": 5,
                    "Actual Loops": 34741,
                    "Index Cond": "(movie_id = t.id)",
                    "Rows Removed by Index Recheck": 0,
                    "Heap Fetches": 164922
                  }
                ]
              }
            ]
          }
        ]
      }
    ]
  },
  "Planning Time": 1.527,
  "Triggers": [],
  "Execution Time": 1169.371
}