[
  {
    "Plan": {
      "Node Type": "Aggregate",
      "Strategy": "Plain",
      "Partial Mode": "Finalize",
      "Parallel Aware": false,
      "Startup Cost": 78794.99,
      "Total Cost": 78795.0,
      "Plan Rows": 1,
      "Plan Width": 8,
      "Actual Startup Time": 272.822,
      "Actual Total Time": 288.639,
      "Actual Rows": 1,
      "Actual Loops": 1,
      "Plans": [
        {
          "Node Type": "Gather",
          "Parent Relationship": "Outer",
          "Parallel Aware": false,
          "Startup Cost": 78794.68,
          "Total Cost": 78794.99,
          "Plan Rows": 3,
          "Plan Width": 8,
          "Actual Startup Time": 270.807,
          "Actual Total Time": 288.629,
          "Actual Rows": 4,
          "Actual Loops": 1,
          "Workers Planned": 3,
          "Workers Launched": 3,
          "Single Copy": false,
          "Plans": [
            {
              "Node Type": "Aggregate",
              "Strategy": "Plain",
              "Partial Mode": "Partial",
              "Parent Relationship": "Outer",
              "Parallel Aware": false,
              "Startup Cost": 77794.68,
              "Total Cost": 77794.69,
              "Plan Rows": 1,
              "Plan Width": 8,
              "Actual Startup Time": 262.384,
              "Actual Total Time": 262.387,
              "Actual Rows": 1,
              "Actual Loops": 4,
              "Plans": [
                {
                  "Node Type": "Hash Join",
                  "Parent Relationship": "Outer",
                  "Parallel Aware": true,
                  "Join Type": "Inner",
                  "Startup Cost": 46993.67,
                  "Total Cost": 77564.6,
                  "Plan Rows": 92032,
                  "Plan Width": 0,
                  "Actual Startup Time": 139.994,
                  "Actual Total Time": 261.175,
                  "Actual Rows": 27090,
                  "Actual Loops": 4,
                  "Inner Unique": true,
                  "Hash Cond": "(mc.movie_id = t.id)",
                  "Plans": [
                    {
                      "Node Type": "Seq Scan",
                      "Parent Relationship": "Outer",
                      "Parallel Aware": true,
                      "Relation Name": "movie_companies",
                      "Alias": "mc",
                      "Startup Cost": 0.0,
                      "Total Cost": 29310.68,
                      "Plan Rows": 480092,
                      "Plan Width": 4,
                      "Actual Startup Time": 4.712,
                      "Actual Total Time": 65.356,
                      "Actual Rows": 372080,
                      "Actual Loops": 4,
                      "Filter": "(company_id > 7851)",
                      "Rows Removed by Filter": 280202
                    },
                    {
                      "Node Type": "Hash",
                      "Parent Relationship": "Inner",
                      "Parallel Aware": true,
                      "Startup Cost": 45479.1,
                      "Total Cost": 45479.1,
                      "Plan Rows": 121166,
                      "Plan Width": 4,
                      "Actual Startup Time": 131.778,
                      "Actual Total Time": 131.778,
                      "Actual Rows": 88052,
                      "Actual Loops": 4,
                      "Hash Buckets": 524288,
                      "Original Hash Buckets": 524288,
                      "Hash Batches": 1,
                      "Original Hash Batches": 1,
                      "Peak Memory Usage": 17920,
                      "Plans": [
                        {
                          "Node Type": "Seq Scan",
                          "Parent Relationship": "Outer",
                          "Parallel Aware": true,
                          "Relation Name": "title",
                          "Alias": "t",
                          "Startup Cost": 0.0,
                          "Total Cost": 45479.1,
                          "Plan Rows": 121166,
                          "Plan Width": 4,
                          "Actual Startup Time": 0.05,
                          "Actual Total Time": 99.023,
                          "Actual Rows": 88052,
                          "Actual Loops": 4,
                          "Filter": "((kind_id > 1) AND (production_year < 1989))",
                          "Rows Removed by Filter": 544026
                        }
                      ]
                    }
                  ]
                }
              ]
            }
          ]
        }
      ]
    },
    "Planning Time": 0.639,
    "Triggers": [],
    "Execution Time": 288.708
  }
]