[
  {
    "Plan": {
      "Node Type": "Aggregate",
      "Strategy": "Plain",
      "Partial Mode": "Finalize",
      "Parallel Aware": false,
      "Startup Cost": 46112.11,
      "Total Cost": 46112.12,
      "Plan Rows": 1,
      "Plan Width": 8,
      "Actual Startup Time": 150.347,
      "Actual Total Time": 158.663,
      "Actual Rows": 1,
      "Actual Loops": 1,
      "Plans": [
        {
          "Node Type": "Gather",
          "Parent Relationship": "Outer",
          "Parallel Aware": false,
          "Startup Cost": 46111.79,
          "Total Cost": 46112.1,
          "Plan Rows": 3,
          "Plan Width": 8,
          "Actual Startup Time": 150.213,
          "Actual Total Time": 158.654,
          "Actual Rows": 4,
          "Actual Loops": 1,
          "Workers Planned": 3,
          "Workers Launched": 3,
          "Single Copy": false,
          "Plans": [
            {
              "Node Type": "Aggregate",
              "Strategy": "Plain",
              "Partial Mode": "Partial",
              "Parent Relationship": "Outer",
              "Parallel Aware": false,
              "Startup Cost": 45111.79,
              "Total Cost": 45111.8,
              "Plan Rows": 1,
              "Plan Width": 8,
              "Actual Startup Time": 145.5,
              "Actual Total Time": 145.501,
              "Actual Rows": 1,
              "Actual Loops": 4,
              "Plans": [
                {
                  "Node Type": "Seq Scan",
                  "Parent Relationship": "Outer",
                  "Parallel Aware": true,
                  "Relation Name": "movie_keyword",
                  "Alias": "mk",
                  "Startup Cost": 0.0,
                  "Total Cost": 42695.65,
                  "Plan Rows": 966455,
                  "Plan Width": 0,
                  "Actual Startup Time": 0.043,
                  "Actual Total Time": 112.693,
                  "Actual Rows": 747463,
                  "Actual Loops": 4,
                  "Filter": "(keyword_id < 10407)",
                  "Rows Removed by Filter": 383520
                }
              ]
            }
          ]
        }
      ]
    },
    "Planning Time": 0.118,
    "Triggers": [],
    "Execution Time": 158.699
  }
]