[
  {
    "Plan": {
      "Node Type": "Aggregate",
      "Strategy": "Plain",
      "Partial Mode": "Finalize",
      "Parallel Aware": false,
      "Startup Cost": 42396.3,
      "Total Cost": 42396.31,
      "Plan Rows": 1,
      "Plan Width": 8,
      "Actual Startup Time": 127.623,
      "Actual Total Time": 133.301,
      "Actual Rows": 1,
      "Actual Loops": 1,
      "Plans": [
        {
          "Node Type": "Gather",
          "Parent Relationship": "Outer",
          "Parallel Aware": false,
          "Startup Cost": 42396.09,
          "Total Cost": 42396.3,
          "Plan Rows": 2,
          "Plan Width": 8,
          "Actual Startup Time": 127.31,
          "Actual Total Time": 133.295,
          "Actual Rows": 3,
          "Actual Loops": 1,
          "Workers Planned": 2,
          "Workers Launched": 2,
          "Single Copy": false,
          "Plans": [
            {
              "Node Type": "Aggregate",
              "Strategy": "Plain",
              "Partial Mode": "Partial",
              "Parent Relationship": "Outer",
              "Parallel Aware": false,
              "Startup Cost": 41396.09,
              "Total Cost": 41396.1,
              "Plan Rows": 1,
              "Plan Width": 8,
              "Actual Startup Time": 119.463,
              "Actual Total Time": 119.466,
              "Actual Rows": 1,
              "Actual Loops": 3,
              "Plans": [
                {
                  "Node Type": "Hash Join",
                  "Parent Relationship": "Outer",
                  "Parallel Aware": true,
                  "Join Type": "Inner",
                  "Startup Cost": 26194.52,
                  "Total Cost": 41389.08,
                  "Plan Rows": 2805,
                  "Plan Width": 0,
                  "Actual Startup Time": 60.144,
                  "Actual Total Time": 119.108,
                  "Actual Rows": 5526,
                  "Actual Loops": 3,
                  "Inner Unique": true,
                  "Hash Cond": "(mi_idx.movie_id = t.id)",
                  "Plans": [
                    {
                      "Node Type": "Seq Scan",
                      "Parent Relationship": "Outer",
                      "Parallel Aware": true,
                      "Relation Name": "movie_info_idx",
                      "Alias": "mi_idx",
                      "Startup Cost": 0.0,
                      "Total Cost": 13685.15,
                      "Plan Rows": 575015,
                      "Plan Width": 4,
                      "Actual Startup Time": 0.038,
                      "Actual Total Time": 50.218,
                      "Actual Rows": 460012,
                      "Actual Loops": 3
                    },
                    {
                      "Node Type": "Hash",
                      "Parent Relationship": "Inner",
                      "Parallel Aware": true,
                      "Startup Cost": 26144.78,
                      "Total Cost": 26144.78,
                      "Plan Rows": 3979,
                      "Plan Width": 4,
                      "Actual Startup Time": 17.629,
                      "Actual Total Time": 17.63,
                      "Actual Rows": 4094,
                      "Actual Loops": 3,
                      "Hash Buckets": 16384,
                      "Original Hash Buckets": 16384,
                      "Hash Batches": 1,
                      "Original Hash Batches": 1,
                      "Peak Memory Usage": 640,
                      "Plans": [
                        {
                          "Node Type": "Bitmap Heap Scan",
                          "Parent Relationship": "Outer",
                          "Parallel Aware": true,
                          "Relation Name": "title",
                          "Alias": "t",
                          "Startup Cost": 237.49,
                          "Total Cost": 26144.78,
                          "Plan Rows": 3979,
                          "Plan Width": 4,
                          "Actual Startup Time": 1.666,
                          "Actual Total Time": 16.105,
                          "Actual Rows": 4094,
                          "Actual Loops": 3,
                          "Recheck Cond": "(kind_id = 6)",
                          "Rows Removed by Index Recheck": 0,
                          "Filter": "(production_year < 2013)",
                          "Rows Removed by Filter": 106,
                          "Exact Heap Blocks": 7018,
                          "Lossy Heap Blocks": 0,
                          "Plans": [
                            {
                              "Node Type": "Bitmap Index Scan",
                              "Parent Relationship": "Outer",
                              "Parallel Aware": false,
                              "Index Name": "kind_id_title",
                              "Startup Cost": 0.0,
                              "Total Cost": 234.4,
                              "Plan Rows": 13063,
                              "Plan Width": 0,
                              "Actual Startup Time": 2.799,
                              "Actual Total Time": 2.799,
                              "Actual Rows": 12600,
                              "Actual Loops": 1,
                              "Index Cond": "(kind_id = 6)"
                            }
                          ]
                        }
                      ]
                    }
                  ]
                }
              ]
            }
          ]
        }
      ]
    },
    "Planning Time": 0.309,
    "Triggers": [],
    "Execution Time": 133.35
  }
]