[
  {
    "Plan": {
      "Node Type": "Aggregate",
      "Strategy": "Plain",
      "Partial Mode": "Finalize",
      "Parallel Aware": false,
      "Startup Cost": 284507.11,
      "Total Cost": 284507.12,
      "Plan Rows": 1,
      "Plan Width": 8,
      "Actual Startup Time": 1819.245,
      "Actual Total Time": 1884.26,
      "Actual Rows": 1,
      "Actual Loops": 1,
      "Plans": [
        {
          "Node Type": "Gather",
          "Parent Relationship": "Outer",
          "Parallel Aware": false,
          "Startup Cost": 284506.59,
          "Total Cost": 284507.1,
          "Plan Rows": 5,
          "Plan Width": 8,
          "Actual Startup Time": 1807.421,
          "Actual Total Time": 1884.249,
          "Actual Rows": 6,
          "Actual Loops": 1,
          "Workers Planned": 5,
          "Workers Launched": 5,
          "Single Copy": false,
          "Plans": [
            {
              "Node Type": "Aggregate",
              "Strategy": "Plain",
              "Partial Mode": "Partial",
              "Parent Relationship": "Outer",
              "Parallel Aware": false,
              "Startup Cost": 283506.59,
              "Total Cost": 283506.6,
              "Plan Rows": 1,
              "Plan Width": 8,
              "Actual Startup Time": 1796.708,
              "Actual Total Time": 1796.717,
              "Actual Rows": 1,
              "Actual Loops": 6,
              "Plans": [
                {
                  "Node Type": "Hash Join",
                  "Parent Relationship": "Outer",
                  "Parallel Aware": true,
                  "Join Type": "Inner",
                  "Startup Cost": 78776.2,
                  "Total Cost": 282672.38,
                  "Plan Rows": 333685,
                  "Plan Width": 0,
                  "Actual Startup Time": 334.236,
                  "Actual Total Time": 1537.011,
                  "Actual Rows": 5467500,
                  "Actual Loops": 6,
                  "Inner Unique": false,
                  "Hash Cond": "(mi.movie_id = t.id)",
                  "Plans": [
                    {
                      "Node Type": "Seq Scan",
                      "Parent Relationship": "Outer",
                      "Parallel Aware": true,
                      "Relation Name": "movie_info",
                      "Alias": "mi",
                      "Startup Cost": 0.0,
                      "Total Cost": 191685.19,
                      "Plan Rows": 2969219,
                      "Plan Width": 4,
                      "Actual Startup Time": 0.038,
                      "Actual Total Time": 316.918,
                      "Actual Rows": 2472620,
                      "Actual Loops": 6
                    },
                    {
                      "Node Type": "Hash",
                      "Parent Relationship": "Inner",
                      "Parallel Aware": true,
                      "Startup Cost": 77630.44,
                      "Total Cost": 77630.44,
                      "Plan Rows": 91661,
                      "Plan Width": 8,
                      "Actual Startup Time": 330.366,
                      "Actual Total Time": 330.372,
                      "Actual Rows": 115707,
                      "Actual Loops": 6,
                      "Hash Buckets": 1048576,
                      "Original Hash Buckets": 524288,
                      "Hash Batches": 1,
                      "Original Hash Batches": 1,
                      "Peak Memory Usage": 39552,
                      "Plans": [
                        {
                          "Node Type": "Hash Join",
                          "Parent Relationship": "Outer",
                          "Parallel Aware": true,
                          "Join Type": "Inner",
                          "Startup Cost": 47239.54,
                          "Total Cost": 77630.44,
                          "Plan Rows": 91661,
                          "Plan Width": 8,
                          "Actual Startup Time": 154.244,
                          "Actual Total Time": 267.863,
                          "Actual Rows": 115707,
                          "Actual Loops": 6,
                          "Inner Unique": true,
                          "Hash Cond": "(mc.movie_id = t.id)",
                          "Plans": [
                            {
                              "Node Type": "Seq Scan",
                              "Parent Relationship": "Outer",
                              "Parallel Aware": true,
                              "Relation Name": "movie_companies",
                              "Alias": "mc",
                              "Startup Cost": 0.0,
                              "Total Cost": 29310.68,
                              "Plan Rows": 411513,
                              "Plan Width": 4,
                              "Actual Startup Time": 0.019,
                              "Actual Total Time": 56.346,
                              "Actual Rows": 212374,
                              "Actual Loops": 6,
                              "Filter": "(company_type_id = 1)",
                              "Rows Removed by Filter": 222480
                            },
                            {
                              "Node Type": "Hash",
                              "Parent Relationship": "Inner",
                              "Parallel Aware": true,
                              "Startup Cost": 45479.59,
                              "Total Cost": 45479.59,
                              "Plan Rows": 140796,
                              "Plan Width": 4,
                              "Actual Startup Time": 151.703,
                              "Actual Total Time": 151.704,
                              "Actual Rows": 106964,
                              "Actual Loops": 6,
                              "Hash Buckets": 1048576,
                              "Original Hash Buckets": 1048576,
                              "Hash Batches": 1,
                              "Original Hash Batches": 1,
                              "Peak Memory Usage": 33440,
                              "Plans": [
                                {
                                  "Node Type": "Seq Scan",
                                  "Parent Relationship": "Outer",
                                  "Parallel Aware": true,
                                  "Relation Name": "title",
                                  "Alias": "t",
                                  "Startup Cost": 0.0,
                                  "Total Cost": 45479.59,
                                  "Plan Rows": 140796,
                                  "Plan Width": 4,
                                  "Actual Startup Time": 0.06,
                                  "Actual Total Time": 93.956,
                                  "Actual Rows": 106964,
                                  "Actual Loops": 6,
                                  "Filter": "((kind_id < 7) AND (production_year < 2006))",
                                  "Rows Removed by Filter": 314421
                                }
                              ]
                            }
                          ]
                        }
                      ]
                    }
                  ]
                }
              ]
            }
          ]
        }
      ]
    },
    "Planning Time": 1.513,
    "Triggers": [],
    "Execution Time": 1884.37
  }
]