[
  {
    "Plan": {
      "Node Type": "Aggregate",
      "Strategy": "Plain",
      "Partial Mode": "Finalize",
      "Parallel Aware": false,
      "Startup Cost": 394485.5,
      "Total Cost": 394485.51,
      "Plan Rows": 1,
      "Plan Width": 8,
      "Actual Startup Time": 941.229,
      "Actual Total Time": 1004.811,
      "Actual Rows": 1,
      "Actual Loops": 1,
      "Plans": [
        {
          "Node Type": "Gather",
          "Parent Relationship": "Outer",
          "Parallel Aware": false,
          "Startup Cost": 394484.88,
          "Total Cost": 394485.49,
          "Plan Rows": 6,
          "Plan Width": 8,
          "Actual Startup Time": 938.429,
          "Actual Total Time": 1004.788,
          "Actual Rows": 7,
          "Actual Loops": 1,
          "Workers Planned": 6,
          "Workers Launched": 6,
          "Single Copy": false,
          "Plans": [
            {
              "Node Type": "Aggregate",
              "Strategy": "Plain",
              "Partial Mode": "Partial",
              "Parent Relationship": "Outer",
              "Parallel Aware": false,
              "Startup Cost": 393484.88,
              "Total Cost": 393484.89,
              "Plan Rows": 1,
              "Plan Width": 8,
              "Actual Startup Time": 927.965,
              "Actual Total Time": 927.968,
              "Actual Rows": 1,
              "Actual Loops": 7,
              "Plans": [
                {
                  "Node Type": "Hash Join",
                  "Parent Relationship": "Outer",
                  "Parallel Aware": true,
                  "Join Type": "Inner",
                  "Startup Cost": 45414.53,
                  "Total Cost": 392741.35,
                  "Plan Rows": 297409,
                  "Plan Width": 0,
                  "Actual Startup Time": 450.193,
                  "Actual Total Time": 922.35,
                  "Actual Rows": 118046,
                  "Actual Loops": 7,
                  "Inner Unique": true,
                  "Hash Cond": "(ci.movie_id = t.id)",
                  "Plans": [
                    {
                      "Node Type": "Seq Scan",
                      "Parent Relationship": "Outer",
                      "Parallel Aware": true,
                      "Relation Name": "cast_info",
                      "Alias": "ci",
                      "Startup Cost": 0.0,
                      "Total Cost": 343257.03,
                      "Plan Rows": 1550394,
                      "Plan Width": 4,
                      "Actual Startup Time": 339.653,
                      "Actual Total Time": 627.635,
                      "Actual Rows": 754863,
                      "Actual Loops": 7,
                      "Filter": "((person_id < 2072827) AND (role_id > 2))",
                      "Rows Removed by Filter": 4422901
                    },
                    {
                      "Node Type": "Hash",
                      "Parent Relationship": "Inner",
                      "Parallel Aware": true,
                      "Startup Cost": 43898.92,
                      "Total Cost": 43898.92,
                      "Plan Rows": 121249,
                      "Plan Width": 4,
                      "Actual Startup Time": 107.868,
                      "Actual Total Time": 107.869,
                      "Actual Rows": 70576,
                      "Actual Loops": 7,
                      "Hash Buckets": 524288,
                      "Original Hash Buckets": 524288,
                      "Hash Batches": 1,
                      "Original Hash Batches": 1,
                      "Peak Memory Usage": 23552,
                      "Plans": [
                        {
                          "Node Type": "Seq Scan",
                          "Parent Relationship": "Outer",
                          "Parallel Aware": true,
                          "Relation Name": "title",
                          "Alias": "t",
                          "Startup Cost": 0.0,
                          "Total Cost": 43898.92,
                          "Plan Rows": 121249,
                          "Plan Width": 4,
                          "Actual Startup Time": 0.047,
                          "Actual Total Time": 76.779,
                          "Actual Rows": 70576,
                          "Actual Loops": 7,
                          "Filter": "(production_year < 1979)",
                          "Rows Removed by Filter": 290612
                        }
                      ]
                    }
                  ]
                }
              ]
            }
          ]
        }
      ]
    },
    "Planning Time": 0.62,
    "Triggers": [],
    "Execution Time": 1004.896
  }
]