[
  {
    "Plan": {
      "Node Type": "Aggregate",
      "Strategy": "Plain",
      "Partial Mode": "Finalize",
      "Parallel Aware": false,
      "Startup Cost": 338288.03,
      "Total Cost": 338288.04,
      "Plan Rows": 1,
      "Plan Width": 8,
      "Actual Startup Time": 529.218,
      "Actual Total Time": 553.154,
      "Actual Rows": 1,
      "Actual Loops": 1,
      "Plans": [
        {
          "Node Type": "Gather",
          "Parent Relationship": "Outer",
          "Parallel Aware": false,
          "Startup Cost": 338287.41,
          "Total Cost": 338288.02,
          "Plan Rows": 6,
          "Plan Width": 8,
          "Actual Startup Time": 529.112,
          "Actual Total Time": 553.142,
          "Actual Rows": 7,
          "Actual Loops": 1,
          "Workers Planned": 6,
          "Workers Launched": 6,
          "Single Copy": false,
          "Plans": [
            {
              "Node Type": "Aggregate",
              "Strategy": "Plain",
              "Partial Mode": "Partial",
              "Parent Relationship": "Outer",
              "Parallel Aware": false,
              "Startup Cost": 337287.41,
              "Total Cost": 337287.42,
              "Plan Rows": 1,
              "Plan Width": 8,
              "Actual Startup Time": 518.443,
              "Actual Total Time": 518.444,
              "Actual Rows": 1,
              "Actual Loops": 7,
              "Plans": [
                {
                  "Node Type": "Index Scan",
                  "Parent Relationship": "Outer",
                  "Parallel Aware": true,
                  "Scan Direction": "Forward",
                  "Index Name": "role_id_cast_info",
                  "Relation Name": "cast_info",
                  "Alias": "ci",
                  "Startup Cost": 0.56,
                  "Total Cost": 335235.55,
                  "Plan Rows": 820743,
                  "Plan Width": 0,
                  "Actual Startup Time": 0.21,
                  "Actual Total Time": 437.387,
                  "Actual Rows": 1475024,
                  "Actual Loops": 7,
                  "Index Cond": "(role_id = 1)",
                  "Rows Removed by Index Recheck": 0,
                  "Filter": "(person_id < 1408219)",
                  "Rows Removed by Filter": 335075
                }
              ]
            }
          ]
        }
      ]
    },
    "Planning Time": 0.26,
    "Triggers": [],
    "Execution Time": 553.222
  }
]