[
  {
    "Plan": {
      "Node Type": "Aggregate",
      "Strategy": "Plain",
      "Partial Mode": "Finalize",
      "Parallel Aware": false,
      "Startup Cost": 377085.31,
      "Total Cost": 377085.32,
      "Plan Rows": 1,
      "Plan Width": 8,
      "Actual Startup Time": 1442.535,
      "Actual Total Time": 1495.701,
      "Actual Rows": 1,
      "Actual Loops": 1,
      "Plans": [
        {
          "Node Type": "Gather",
          "Parent Relationship": "Outer",
          "Parallel Aware": false,
          "Startup Cost": 377084.68,
          "Total Cost": 377085.29,
          "Plan Rows": 6,
          "Plan Width": 8,
          "Actual Startup Time": 1438.856,
          "Actual Total Time": 1495.687,
          "Actual Rows": 7,
          "Actual Loops": 1,
          "Workers Planned": 6,
          "Workers Launched": 6,
          "Single Copy": false,
          "Plans": [
            {
              "Node Type": "Aggregate",
              "Strategy": "Plain",
              "Partial Mode": "Partial",
              "Parent Relationship": "Outer",
              "Parallel Aware": false,
              "Startup Cost": 376084.68,
              "Total Cost": 376084.69,
              "Plan Rows": 1,
              "Plan Width": 8,
              "Actual Startup Time": 1430.759,
              "Actual Total Time": 1430.814,
              "Actual Rows": 1,
              "Actual Loops": 7,
              "Plans": [
                {
                  "Node Type": "Hash Join",
                  "Parent Relationship": "Outer",
                  "Parallel Aware": true,
                  "Join Type": "Inner",
                  "Startup Cost": 46042.3,
                  "Total Cost": 375008.96,
                  "Plan Rows": 430290,
                  "Plan Width": 0,
                  "Actual Startup Time": 100.061,
                  "Actual Total Time": 1407.102,
                  "Actual Rows": 500201,
                  "Actual Loops": 7,
                  "Inner Unique": true,
                  "Hash Cond": "(ci.movie_id = t.id)",
                  "Plans": [
                    {
                      "Node Type": "Seq Scan",
                      "Parent Relationship": "Outer",
                      "Parallel Aware": true,
                      "Relation Name": "cast_info",
                      "Alias": "ci",
                      "Startup Cost": 0.0,
                      "Total Cost": 313106.51,
                      "Plan Rows": 6041951,
                      "Plan Width": 4,
                      "Actual Startup Time": 0.031,
                      "Actual Total Time": 517.626,
                      "Actual Rows": 5177763,
                      "Actual Loops": 7
                    },
                    {
                      "Node Type": "Hash",
                      "Parent Relationship": "Inner",
                      "Parallel Aware": true,
                      "Startup Cost": 45479.59,
                      "Total Cost": 45479.59,
                      "Plan Rows": 45017,
                      "Plan Width": 4,
                      "Actual Startup Time": 98.612,
                      "Actual Total Time": 98.613,
                      "Actual Rows": 42045,
                      "Actual Loops": 7,
                      "Hash Buckets": 524288,
                      "Original Hash Buckets": 262144,
                      "Hash Batches": 1,
                      "Original Hash Batches": 1,
                      "Peak Memory Usage": 17792,
                      "Plans": [
                        {
                          "Node Type": "Seq Scan",
                          "Parent Relationship": "Outer",
                          "Parallel Aware": true,
                          "Relation Name": "title",
                          "Alias": "t",
                          "Startup Cost": 0.0,
                          "Total Cost": 45479.59,
                          "Plan Rows": 45017,
                          "Plan Width": 4,
                          "Actual Startup Time": 0.113,
                          "Actual Total Time": 71.818,
                          "Actual Rows": 42045,
                          "Actual Loops": 7,
                          "Filter": "((kind_id < 7) AND (production_year < 1978))",
                          "Rows Removed by Filter": 319142
                        }
                      ]
                    }
                  ]
                }
              ]
            }
          ]
        }
      ]
    },
    "Planning Time": 0.403,
    "Triggers": [],
    "Execution Time": 1495.766
  }
]