[
  {
    "Plan": {
      "Node Type": "Aggregate",
      "Strategy": "Plain",
      "Partial Mode": "Finalize",
      "Parallel Aware": false,
      "Startup Cost": 339774.96,
      "Total Cost": 339774.97,
      "Plan Rows": 1,
      "Plan Width": 8,
      "Actual Startup Time": 794.167,
      "Actual Total Time": 849.94,
      "Actual Rows": 1,
      "Actual Loops": 1,
      "Plans": [
        {
          "Node Type": "Gather",
          "Parent Relationship": "Outer",
          "Parallel Aware": false,
          "Startup Cost": 339774.34,
          "Total Cost": 339774.95,
          "Plan Rows": 6,
          "Plan Width": 8,
          "Actual Startup Time": 794.049,
          "Actual Total Time": 849.93,
          "Actual Rows": 7,
          "Actual Loops": 1,
          "Workers Planned": 6,
          "Workers Launched": 6,
          "Single Copy": false,
          "Plans": [
            {
              "Node Type": "Aggregate",
              "Strategy": "Plain",
              "Partial Mode": "Partial",
              "Parent Relationship": "Outer",
              "Parallel Aware": false,
              "Startup Cost": 338774.34,
              "Total Cost": 338774.35,
              "Plan Rows": 1,
              "Plan Width": 8,
              "Actual Startup Time": 785.571,
              "Actual Total Time": 785.572,
              "Actual Rows": 1,
              "Actual Loops": 7,
              "Plans": [
                {
                  "Node Type": "Seq Scan",
                  "Parent Relationship": "Outer",
                  "Parallel Aware": true,
                  "Relation Name": "cast_info",
                  "Alias": "ci",
                  "Startup Cost": 0.0,
                  "Total Cost": 328162.03,
                  "Plan Rows": 4244924,
                  "Plan Width": 0,
                  "Actual Startup Time": 0.046,
                  "Actual Total Time": 622.58,
                  "Actual Rows": 3658500,
                  "Actual Loops": 7,
                  "Filter": "(person_id < 2644891)",
                  "Rows Removed by Filter": 1519264
                }
              ]
            }
          ]
        }
      ]
    },
    "Planning Time": 0.198,
    "Triggers": [],
    "Execution Time": 850.014
  }
]