[
  {
    "Plan": {
      "Node Type": "Aggregate",
      "Strategy": "Plain",
      "Partial Mode": "Finalize",
      "Parallel Aware": false,
      "Startup Cost": 26913.34,
      "Total Cost": 26913.35,
      "Plan Rows": 1,
      "Plan Width": 8,
      "Actual Startup Time": 66.814,
      "Actual Total Time": 69.554,
      "Actual Rows": 1,
      "Actual Loops": 1,
      "Plans": [
        {
          "Node Type": "Gather",
          "Parent Relationship": "Outer",
          "Parallel Aware": false,
          "Startup Cost": 26913.02,
          "Total Cost": 26913.33,
          "Plan Rows": 3,
          "Plan Width": 8,
          "Actual Startup Time": 66.655,
          "Actual Total Time": 69.547,
          "Actual Rows": 4,
          "Actual Loops": 1,
          "Workers Planned": 3,
          "Workers Launched": 3,
          "Single Copy": false,
          "Plans": [
            {
              "Node Type": "Aggregate",
              "Strategy": "Plain",
              "Partial Mode": "Partial",
              "Parent Relationship": "Outer",
              "Parallel Aware": false,
              "Startup Cost": 25913.02,
              "Total Cost": 25913.03,
              "Plan Rows": 1,
              "Plan Width": 8,
              "Actual Startup Time": 58.138,
              "Actual Total Time": 58.141,
              "Actual Rows": 1,
              "Actual Loops": 4,
              "Plans": [
                {
                  "Node Type": "Bitmap Heap Scan",
                  "Parent Relationship": "Outer",
                  "Parallel Aware": true,
                  "Relation Name": "movie_companies",
                  "Alias": "mc",
                  "Startup Cost": 5727.9,
                  "Total Cost": 25804.17,
                  "Plan Rows": 43539,
                  "Plan Width": 0,
                  "Actual Startup Time": 22.888,
                  "Actual Total Time": 53.394,
                  "Actual Rows": 65890,
                  "Actual Loops": 4,
                  "Recheck Cond": "(company_id > 98685)",
                  "Rows Removed by Index Recheck": 0,
                  "Filter": "(company_type_id > 1)",
                  "Rows Removed by Filter": 0,
                  "Exact Heap Blocks": 2566,
                  "Lossy Heap Blocks": 0,
                  "Plans": [
                    {
                      "Node Type": "Bitmap Index Scan",
                      "Parent Relationship": "Outer",
                      "Parallel Aware": false,
                      "Index Name": "company_id_movie_companies",
                      "Startup Cost": 0.0,
                      "Total Cost": 5694.16,
                      "Plan Rows": 265830,
                      "Plan Width": 0,
                      "Actual Startup Time": 29.285,
                      "Actual Total Time": 29.286,
                      "Actual Rows": 263562,
                      "Actual Loops": 1,
                      "Index Cond": "(company_id > 98685)"
                    }
                  ]
                }
              ]
            }
          ]
        }
      ]
    },
    "Planning Time": 0.2,
    "Triggers": [],
    "Execution Time": 69.628
  }
]