[
  {
    "Plan": {
      "Node Type": "Aggregate",
      "Strategy": "Plain",
      "Partial Mode": "Finalize",
      "Parallel Aware": false,
      "Startup Cost": 130202.38,
      "Total Cost": 130202.39,
      "Plan Rows": 1,
      "Plan Width": 8,
      "Actual Startup Time": 82.724,
      "Actual Total Time": 94.863,
      "Actual Rows": 1,
      "Actual Loops": 1,
      "Plans": [
        {
          "Node Type": "Gather",
          "Parent Relationship": "Outer",
          "Parallel Aware": false,
          "Startup Cost": 130201.96,
          "Total Cost": 130202.37,
          "Plan Rows": 4,
          "Plan Width": 8,
          "Actual Startup Time": 82.543,
          "Actual Total Time": 94.855,
          "Actual Rows": 5,
          "Actual Loops": 1,
          "Workers Planned": 4,
          "Workers Launched": 4,
          "Single Copy": false,
          "Plans": [
            {
              "Node Type": "Aggregate",
              "Strategy": "Plain",
              "Partial Mode": "Partial",
              "Parent Relationship": "Outer",
              "Parallel Aware": false,
              "Startup Cost": 129201.96,
              "Total Cost": 129201.97,
              "Plan Rows": 1,
              "Plan Width": 8,
              "Actual Startup Time": 72.934,
              "Actual Total Time": 72.936,
              "Actual Rows": 1,
              "Actual Loops": 5,
              "Plans": [
                {
                  "Node Type": "Nested Loop",
                  "Parent Relationship": "Outer",
                  "Parallel Aware": false,
                  "Join Type": "Inner",
                  "Startup Cost": 698.76,
                  "Total Cost": 129201.93,
                  "Plan Rows": 13,
                  "Plan Width": 0,
                  "Actual Startup Time": 18.235,
                  "Actual Total Time": 72.921,
                  "Actual Rows": 28,
                  "Actual Loops": 5,
                  "Inner Unique": true,
                  "Plans": [
                    {
                      "Node Type": "Bitmap Heap Scan",
                      "Parent Relationship": "Outer",
                      "Parallel Aware": true,
                      "Relation Name": "movie_info",
                      "Alias": "mi",
                      "Startup Cost": 698.33,
                      "Total Cost": 90788.63,
                      "Plan Rows": 9610,
                      "Plan Width": 4,
                      "Actual Startup Time": 2.939,
                      "Actual Total Time": 10.542,
                      "Actual Rows": 7397,
                      "Actual Loops": 5,
                      "Recheck Cond": "(info_type_id = 104)",
                      "Rows Removed by Index Recheck": 0,
                      "Exact Heap Blocks": 1993,
                      "Lossy Heap Blocks": 0,
                      "Plans": [
                        {
                          "Node Type": "Bitmap Index Scan",
                          "Parent Relationship": "Outer",
                          "Parallel Aware": false,
                          "Index Name": "info_type_id_movie_info",
                          "Startup Cost": 0.0,
                          "Total Cost": 688.72,
                          "Plan Rows": 38438,
                          "Plan Width": 0,
                          "Actual Startup Time": 9.52,
                          "Actual Total Time": 9.52,
                          "Actual Rows": 36985,
                          "Actual Loops": 1,
                          "Index Cond": "(info_type_id = 104)"
                        }
                      ]
                    },
                    {
                      "Node Type": "Index Scan",
                      "Parent Relationship": "Inner",
                      "Parallel Aware": false,
                      "Scan Direction": "Forward",
                      "Index Name": "title_pkey",
                      "Relation Name": "title",
                      "Alias": "t",
                      "Startup Cost": 0.43,
                      "Total Cost": 4.0,
                      "Plan Rows": 1,
                      "Plan Width": 4,
                      "Actual Startup Time": 0.008,
                      "Actual Total Time": 0.008,
                      "Actual Rows": 0,
                      "Actual Loops": 36985,
                      "Index Cond": "(id = mi.movie_id)",
                      "Rows Removed by Index Recheck": 0,
                      "Filter": "((kind_id < 7) AND (production_year = 1956))",
                      "Rows Removed by Filter": 1
                    }
                  ]
                }
              ]
            }
          ]
        }
      ]
    },
    "Planning Time": 0.616,
    "Triggers": [],
    "Execution Time": 94.946
  }
]