[
  {
    "Plan": {
      "Node Type": "Aggregate",
      "Strategy": "Plain",
      "Partial Mode": "Finalize",
      "Parallel Aware": false,
      "Startup Cost": 97207.18,
      "Total Cost": 97207.19,
      "Plan Rows": 1,
      "Plan Width": 8,
      "Actual Startup Time": 372.623,
      "Actual Total Time": 390.657,
      "Actual Rows": 1,
      "Actual Loops": 1,
      "Plans": [
        {
          "Node Type": "Gather",
          "Parent Relationship": "Outer",
          "Parallel Aware": false,
          "Startup Cost": 97206.96,
          "Total Cost": 97207.17,
          "Plan Rows": 2,
          "Plan Width": 8,
          "Actual Startup Time": 371.834,
          "Actual Total Time": 390.646,
          "Actual Rows": 3,
          "Actual Loops": 1,
          "Workers Planned": 2,
          "Workers Launched": 2,
          "Single Copy": false,
          "Plans": [
            {
              "Node Type": "Aggregate",
              "Strategy": "Plain",
              "Partial Mode": "Partial",
              "Parent Relationship": "Outer",
              "Parallel Aware": false,
              "Startup Cost": 96206.96,
              "Total Cost": 96206.97,
              "Plan Rows": 1,
              "Plan Width": 8,
              "Actual Startup Time": 363.933,
              "Actual Total Time": 363.938,
              "Actual Rows": 1,
              "Actual Loops": 3,
              "Plans": [
                {
                  "Node Type": "Hash Join",
                  "Parent Relationship": "Outer",
                  "Parallel Aware": true,
                  "Join Type": "Inner",
                  "Startup Cost": 79931.73,
                  "Total Cost": 95990.07,
                  "Plan Rows": 86755,
                  "Plan Width": 0,
                  "Actual Startup Time": 325.265,
                  "Actual Total Time": 362.572,
                  "Actual Rows": 33049,
                  "Actual Loops": 3,
                  "Inner Unique": false,
                  "Hash Cond": "(mi_idx.movie_id = t.id)",
                  "Plans": [
                    {
                      "Node Type": "Seq Scan",
                      "Parent Relationship": "Outer",
                      "Parallel Aware": true,
                      "Relation Name": "movie_info_idx",
                      "Alias": "mi_idx",
                      "Startup Cost": 0.0,
                      "Total Cost": 13685.15,
                      "Plan Rows": 575015,
                      "Plan Width": 4,
                      "Actual Startup Time": 0.023,
                      "Actual Total Time": 32.902,
                      "Actual Rows": 460012,
                      "Actual Loops": 3
                    },
                    {
                      "Node Type": "Hash",
                      "Parent Relationship": "Inner",
                      "Parallel Aware": true,
                      "Startup Cost": 78739.68,
                      "Total Cost": 78739.68,
                      "Plan Rows": 95364,
                      "Plan Width": 8,
                      "Actual Startup Time": 285.152,
                      "Actual Total Time": 285.156,
                      "Actual Rows": 22584,
                      "Actual Loops": 3,
                      "Hash Buckets": 524288,
                      "Original Hash Buckets": 524288,
                      "Hash Batches": 1,
                      "Original Hash Batches": 1,
                      "Peak Memory Usage": 6816,
                      "Plans": [
                        {
                          "Node Type": "Hash Join",
                          "Parent Relationship": "Outer",
                          "Parallel Aware": true,
                          "Join Type": "Inner",
                          "Startup Cost": 32952.96,
                          "Total Cost": 78739.68,
                          "Plan Rows": 95364,
                          "Plan Width": 8,
                          "Actual Startup Time": 215.172,
                          "Actual Total Time": 277.761,
                          "Actual Rows": 22584,
                          "Actual Loops": 3,
                          "Inner Unique": false,
                          "Hash Cond": "(t.id = mc.movie_id)",
                          "Plans": [
                            {
                              "Node Type": "Seq Scan",
                              "Parent Relationship": "Outer",
                              "Parallel Aware": true,
                              "Relation Name": "title",
                              "Alias": "t",
                              "Startup Cost": 0.0,
                              "Total Cost": 42318.73,
                              "Plan Rows": 632073,
                              "Plan Width": 4,
                              "Actual Startup Time": 0.013,
                              "Actual Total Time": 83.648,
                              "Actual Rows": 842771,
                              "Actual Loops": 3
                            },
                            {
                              "Node Type": "Hash",
                              "Parent Relationship": "Inner",
                              "Parallel Aware": true,
                              "Startup Cost": 31414.82,
                              "Total Cost": 31414.82,
                              "Plan Rows": 123051,
                              "Plan Width": 4,
                              "Actual Startup Time": 99.73,
                              "Actual Total Time": 99.731,
                              "Actual Rows": 22584,
                              "Actual Loops": 3,
                              "Hash Buckets": 524288,
                              "Original Hash Buckets": 524288,
                              "Hash Batches": 1,
                              "Original Hash Batches": 1,
                              "Peak Memory Usage": 6784,
                              "Plans": [
                                {
                                  "Node Type": "Seq Scan",
                                  "Parent Relationship": "Outer",
                                  "Parallel Aware": true,
                                  "Relation Name": "movie_companies",
                                  "Alias": "mc",
                                  "Startup Cost": 0.0,
                                  "Total Cost": 31414.82,
                                  "Plan Rows": 123051,
                                  "Plan Width": 4,
                                  "Actual Startup Time": 31.381,
                                  "Actual Total Time": 88.035,
                                  "Actual Rows": 22584,
                                  "Actual Loops": 3,
                                  "Filter": "((company_id > 31661) AND (company_type_id = 1))",
                                  "Rows Removed by Filter": 847126
                                }
                              ]
                            }
                          ]
                        }
                      ]
                    }
                  ]
                }
              ]
            }
          ]
        }
      ]
    },
    "Planning Time": 1.48,
    "Triggers": [],
    "Execution Time": 390.741
  }
]