[
  {
    "Plan": {
      "Node Type": "Aggregate",
      "Strategy": "Plain",
      "Partial Mode": "Finalize",
      "Parallel Aware": false,
      "Startup Cost": 44856.0,
      "Total Cost": 44856.01,
      "Plan Rows": 1,
      "Plan Width": 8,
      "Actual Startup Time": 123.385,
      "Actual Total Time": 132.729,
      "Actual Rows": 1,
      "Actual Loops": 1,
      "Plans": [
        {
          "Node Type": "Gather",
          "Parent Relationship": "Outer",
          "Parallel Aware": false,
          "Startup Cost": 44855.69,
          "Total Cost": 44856.0,
          "Plan Rows": 3,
          "Plan Width": 8,
          "Actual Startup Time": 123.287,
          "Actual Total Time": 132.721,
          "Actual Rows": 4,
          "Actual Loops": 1,
          "Workers Planned": 3,
          "Workers Launched": 3,
          "Single Copy": false,
          "Plans": [
            {
              "Node Type": "Aggregate",
              "Strategy": "Plain",
              "Partial Mode": "Partial",
              "Parent Relationship": "Outer",
              "Parallel Aware": false,
              "Startup Cost": 43855.69,
              "Total Cost": 43855.7,
              "Plan Rows": 1,
              "Plan Width": 8,
              "Actual Startup Time": 118.424,
              "Actual Total Time": 118.425,
              "Actual Rows": 1,
              "Actual Loops": 4,
              "Plans": [
                {
                  "Node Type": "Seq Scan",
                  "Parent Relationship": "Outer",
                  "Parallel Aware": true,
                  "Relation Name": "movie_keyword",
                  "Alias": "mk",
                  "Startup Cost": 0.0,
                  "Total Cost": 42695.65,
                  "Plan Rows": 464013,
                  "Plan Width": 0,
                  "Actual Startup Time": 0.039,
                  "Actual Total Time": 101.55,
                  "Actual Rows": 362400,
                  "Actual Loops": 4,
                  "Filter": "(keyword_id < 2039)",
                  "Rows Removed by Filter": 768582
                }
              ]
            }
          ]
        }
      ]
    },
    "Planning Time": 0.118,
    "Triggers": [],
    "Execution Time": 132.765
  }
]