[
  {
    "Plan": {
      "Node Type": "Aggregate",
      "Strategy": "Plain",
      "Partial Mode": "Finalize",
      "Parallel Aware": false,
      "Startup Cost": 46653.26,
      "Total Cost": 46653.27,
      "Plan Rows": 1,
      "Plan Width": 8,
      "Actual Startup Time": 196.715,
      "Actual Total Time": 207.448,
      "Actual Rows": 1,
      "Actual Loops": 1,
      "Plans": [
        {
          "Node Type": "Gather",
          "Parent Relationship": "Outer",
          "Parallel Aware": false,
          "Startup Cost": 46652.95,
          "Total Cost": 46653.26,
          "Plan Rows": 3,
          "Plan Width": 8,
          "Actual Startup Time": 196.56,
          "Actual Total Time": 207.436,
          "Actual Rows": 4,
          "Actual Loops": 1,
          "Workers Planned": 3,
          "Workers Launched": 3,
          "Single Copy": false,
          "Plans": [
            {
              "Node Type": "Aggregate",
              "Strategy": "Plain",
              "Partial Mode": "Partial",
              "Parent Relationship": "Outer",
              "Parallel Aware": false,
              "Startup Cost": 45652.95,
              "Total Cost": 45652.96,
              "Plan Rows": 1,
              "Plan Width": 8,
              "Actual Startup Time": 188.015,
              "Actual Total Time": 188.016,
              "Actual Rows": 1,
              "Actual Loops": 4,
              "Plans": [
                {
                  "Node Type": "Seq Scan",
                  "Parent Relationship": "Outer",
                  "Parallel Aware": true,
                  "Relation Name": "movie_keyword",
                  "Alias": "mk",
                  "Startup Cost": 0.0,
                  "Total Cost": 42695.65,
                  "Plan Rows": 1182917,
                  "Plan Width": 0,
                  "Actual Startup Time": 0.066,
                  "Actual Total Time": 140.339,
                  "Actual Rows": 918592,
                  "Actual Loops": 4,
                  "Filter": "(keyword_id < 21613)",
                  "Rows Removed by Filter": 212390
                }
              ]
            }
          ]
        }
      ]
    },
    "Planning Time": 0.192,
    "Triggers": [],
    "Execution Time": 207.508
  }
]