{
  "Plan": {
    "Node Type": "Aggregate",
    "Strategy": "Plain",
    "Partial Mode": "Finalize",
    "Parallel Aware": false,
    "Startup Cost": 587552.19,
    "Total Cost": 587552.2,
    "Plan Rows": 1,
    "Plan Width": 8,
    "Actual Startup Time": 1493.828,
    "Actual Total Time": 1523.483,
    "Actual Rows": 1,
    "Actual Loops": 1,
    "Plans": [
      {
        "Node Type": "Gather",
        "Parent Relationship": "Outer",
        "Parallel Aware": false,
        "Startup Cost": 587552.08,
        "Total Cost": 587552.19,
        "Plan Rows": 1,
        "Plan Width": 8,
        "Actual Startup Time": 1493.335,
        "Actual Total Time": 1523.465,
        "Actual Rows": 2,
        "Actual Loops": 1,
        "Workers Planned": 1,
        "Workers Launched": 1,
        "Single Copy": false,
        "Plans": [
          {
            "Node Type": "Aggregate",
            "Strategy": "Plain",
            "Partial Mode": "Partial",
            "Parent Relationship": "Outer",
            "Parallel Aware": false,
            "Startup Cost": 586552.08,
            "Total Cost": 586552.09,
            "Plan Rows": 1,
            "Plan Width": 8,
            "Actual Startup Time": 1487.19,
            "Actual Total Time": 1487.194,
            "Actual Rows": 1,
            "Actual Loops": 2,
            "Plans": [
              {
                "Node Type": "Hash Join",
                "Parent Relationship": "Outer",
                "Parallel Aware": true,
                "Join Type": "Inner",
                "Startup Cost": 253610.67,
                "Total Cost": 586360.63,
                "Plan Rows": 76578,
                "Plan Width": 0,
                "Actual Startup Time": 525.032,
                "Actual Total Time": 1483.491,
                "Actual Rows": 71866,
                "Actual Loops": 2,
                "Inner Unique": true,
                "Hash Cond": "(ci.movie_id = t.id)",
                "Plans": [
                  {
                    "Node Type": "Bitmap Heap Scan",
                    "Parent Relationship": "Outer",
                    "Parallel Aware": true,
                    "Relation Name": "cast_info",
                    "Alias": "ci",
                    "Startup Cost": 198753.34,
                    "Total Cost": 517608.06,
                    "Plan Rows": 5293418,
                    "Plan Width": 4,
                    "Actual Startup Time": 376.36,
                    "Actual Total Time": 879.52,
                    "Actual Rows": 4566443,
                    "Actual Loops": 2,
                    "Recheck Cond": "(person_id < 899316)",
                    "Rows Removed by Index Recheck": 0,
                    "Exact Heap Blocks": 54651,
                    "Lossy Heap Blocks": 0,
                    "Plans": [
                      {
                        "Node Type": "Bitmap Index Scan",
                        "Parent Relationship": "Outer",
                        "Parallel Aware": false,
                        "Index Name": "person_id_cast_info",
                        "Startup Cost": 0.0,
                        "Total Cost": 196503.64,
                        "Plan Rows": 8998810,
                        "Plan Width": 0,
                        "Actual Startup Time": 359.652,
                        "Actual Total Time": 359.653,
                        "Actual Rows": 9132886,
                        "Actual Loops": 1,
                        "Index Cond": "(person_id < 899316)"
                      }
                    ]
                  },
                  {
                    "Node Type": "Hash",
                    "Parent Relationship": "Inner",
                    "Parallel Aware": true,
                    "Startup Cost": 54588.39,
                    "Total Cost": 54588.39,
                    "Plan Rows": 21515,
                    "Plan Width": 4,
                    "Actual Startup Time": 147.091,
                    "Actual Total Time": 147.092,
                    "Actual Rows": 18254,
                    "Actual Loops": 2,
                    "Hash Buckets": 65536,
                    "Original Hash Buckets": 65536,
                    "Hash Batches": 1,
                    "Original Hash Batches": 1,
                    "Peak Memory Usage": 1984,
                    "Plans": [
                      {
                        "Node Type": "Seq Scan",
                        "Parent Relationship": "Outer",
                        "Parallel Aware": true,
                        "Relation Name": "title",
                        "Alias": "t",
                        "Startup Cost": 0.0,
                        "Total Cost": 54588.39,
                        "Plan Rows": 21515,
                        "Plan Width": 4,
                        "Actual Startup Time": 0.102,
                        "Actual Total Time": 139.903,
                        "Actual Rows": 18254,
                        "Actual Loops": 2,
                        "Filter": "(production_year = 1996)",
                        "Rows Removed by Filter": 1245902
                      }
                    ]
                  }
                ]
              }
            ]
          }
        ]
      }
    ]
  },
  "Planning Time": 0.466,
  "Triggers": [],
  "Execution Time": 1523.58
}