[
  {
    "Plan": {
      "Node Type": "Aggregate",
      "Strategy": "Plain",
      "Partial Mode": "Finalize",
      "Parallel Aware": false,
      "Startup Cost": 222247.82,
      "Total Cost": 222247.83,
      "Plan Rows": 1,
      "Plan Width": 8,
      "Actual Startup Time": 1014.757,
      "Actual Total Time": 1039.511,
      "Actual Rows": 1,
      "Actual Loops": 1,
      "Plans": [
        {
          "Node Type": "Gather",
          "Parent Relationship": "Outer",
          "Parallel Aware": false,
          "Startup Cost": 222247.5,
          "Total Cost": 222247.81,
          "Plan Rows": 3,
          "Plan Width": 8,
          "Actual Startup Time": 1007.219,
          "Actual Total Time": 1039.501,
          "Actual Rows": 4,
          "Actual Loops": 1,
          "Workers Planned": 3,
          "Workers Launched": 3,
          "Single Copy": false,
          "Plans": [
            {
              "Node Type": "Aggregate",
              "Strategy": "Plain",
              "Partial Mode": "Partial",
              "Parent Relationship": "Outer",
              "Parallel Aware": false,
              "Startup Cost": 221247.5,
              "Total Cost": 221247.51,
              "Plan Rows": 1,
              "Plan Width": 8,
              "Actual Startup Time": 994.264,
              "Actual Total Time": 994.716,
              "Actual Rows": 1,
              "Actual Loops": 4,
              "Plans": [
                {
                  "Node Type": "Hash Join",
                  "Parent Relationship": "Outer",
                  "Parallel Aware": true,
                  "Join Type": "Inner",
                  "Startup Cost": 172094.54,
                  "Total Cost": 219699.27,
                  "Plan Rows": 619293,
                  "Plan Width": 0,
                  "Actual Startup Time": 740.282,
                  "Actual Total Time": 968.699,
                  "Actual Rows": 649069,
                  "Actual Loops": 4,
                  "Inner Unique": false,
                  "Hash Cond": "(mk.movie_id = t.id)",
                  "Plans": [
                    {
                      "Node Type": "Seq Scan",
                      "Parent Relationship": "Outer",
                      "Parallel Aware": true,
                      "Relation Name": "movie_keyword",
                      "Alias": "mk",
                      "Startup Cost": 0.0,
                      "Total Cost": 42695.65,
                      "Plan Rows": 978797,
                      "Plan Width": 4,
                      "Actual Startup Time": 0.056,
                      "Actual Total Time": 105.187,
                      "Actual Rows": 755857,
                      "Actual Loops": 4,
                      "Filter": "(keyword_id < 10833)",
                      "Rows Removed by Filter": 375126
                    },
                    {
                      "Node Type": "Hash",
                      "Parent Relationship": "Inner",
                      "Parallel Aware": true,
                      "Startup Cost": 168095.37,
                      "Total Cost": 168095.37,
                      "Plan Rows": 319934,
                      "Plan Width": 8,
                      "Actual Startup Time": 732.29,
                      "Actual Total Time": 732.741,
                      "Actual Rows": 277972,
                      "Actual Loops": 4,
                      "Hash Buckets": 2097152,
                      "Original Hash Buckets": 2097152,
                      "Hash Batches": 1,
                      "Original Hash Batches": 1,
                      "Peak Memory Usage": 59936,
                      "Plans": [
                        {
                          "Node Type": "Hash Join",
                          "Parent Relationship": "Outer",
                          "Parallel Aware": true,
                          "Join Type": "Inner",
                          "Startup Cost": 48362.89,
                          "Total Cost": 168095.37,
                          "Plan Rows": 319934,
                          "Plan Width": 8,
                          "Actual Startup Time": 177.349,
                          "Actual Total Time": 628.617,
                          "Actual Rows": 277972,
                          "Actual Loops": 4,
                          "Inner Unique": true,
                          "Hash Cond": "(ci.movie_id = t.id)",
                          "Plans": [
                            {
                              "Node Type": "Index Scan",
                              "Parent Relationship": "Outer",
                              "Parallel Aware": true,
                              "Scan Direction": "Forward",
                              "Index Name": "role_id_cast_info",
                              "Relation Name": "cast_info",
                              "Alias": "ci",
                              "Startup Cost": 0.56,
                              "Total Cost": 117431.66,
                              "Plan Rows": 876718,
                              "Plan Width": 4,
                              "Actual Startup Time": 0.296,
                              "Actual Total Time": 168.619,
                              "Actual Rows": 1080754,
                              "Actual Loops": 4,
                              "Index Cond": "(role_id = 10)",
                              "Rows Removed by Index Recheck": 0
                            },
                            {
                              "Node Type": "Hash",
                              "Parent Relationship": "Inner",
                              "Parallel Aware": true,
                              "Startup Cost": 45479.1,
                              "Total Cost": 45479.1,
                              "Plan Rows": 230658,
                              "Plan Width": 4,
                              "Actual Startup Time": 174.746,
                              "Actual Total Time": 174.747,
                              "Actual Rows": 213044,
                              "Actual Loops": 4,
                              "Hash Buckets": 1048576,
                              "Original Hash Buckets": 1048576,
                              "Hash Batches": 1,
                              "Original Hash Batches": 1,
                              "Peak Memory Usage": 41600,
                              "Plans": [
                                {
                                  "Node Type": "Seq Scan",
                                  "Parent Relationship": "Outer",
                                  "Parallel Aware": true,
                                  "Relation Name": "title",
                                  "Alias": "t",
                                  "Startup Cost": 0.0,
                                  "Total Cost": 45479.1,
                                  "Plan Rows": 230658,
                                  "Plan Width": 4,
                                  "Actual Startup Time": 0.037,
                                  "Actual Total Time": 103.338,
                                  "Actual Rows": 213044,
                                  "Actual Loops": 4,
                                  "Filter": "((kind_id > 1) AND (production_year < 2004))",
                                  "Rows Removed by Filter": 419034
                                }
                              ]
                            }
                          ]
                        }
                      ]
                    }
                  ]
                }
              ]
            }
          ]
        }
      ]
    },
    "Planning Time": 1.364,
    "Triggers": [],
    "Execution Time": 1039.615
  }
]