{
  "Plan": {
    "Node Type": "Aggregate",
    "Strategy": "Plain",
    "Partial Mode": "Finalize",
    "Parallel Aware": false,
    "Startup Cost": 689875.49,
    "Total Cost": 689875.5,
    "Plan Rows": 1,
    "Plan Width": 8,
    "Actual Startup Time": 2569.896,
    "Actual Total Time": 2602.193,
    "Actual Rows": 1,
    "Actual Loops": 1,
    "Plans": [
      {
        "Node Type": "Gather",
        "Parent Relationship": "Outer",
        "Parallel Aware": false,
        "Startup Cost": 689875.38,
        "Total Cost": 689875.49,
        "Plan Rows": 1,
        "Plan Width": 8,
        "Actual Startup Time": 2144.798,
        "Actual Total Time": 2602.174,
        "Actual Rows": 2,
        "Actual Loops": 1,
        "Workers Planned": 1,
        "Workers Launched": 1,
        "Single Copy": false,
        "Plans": [
          {
            "Node Type": "Aggregate",
            "Strategy": "Plain",
            "Partial Mode": "Partial",
            "Parent Relationship": "Outer",
            "Parallel Aware": false,
            "Startup Cost": 688875.38,
            "Total Cost": 688875.39,
            "Plan Rows": 1,
            "Plan Width": 8,
            "Actual Startup Time": 2347.213,
            "Actual Total Time": 2347.225,
            "Actual Rows": 1,
            "Actual Loops": 2,
            "Plans": [
              {
                "Node Type": "Merge Join",
                "Parent Relationship": "Outer",
                "Parallel Aware": false,
                "Join Type": "Inner",
                "Startup Cost": 674747.97,
                "Total Cost": 688009.73,
                "Plan Rows": 346257,
                "Plan Width": 0,
                "Actual Startup Time": 2035.39,
                "Actual Total Time": 2307.149,
                "Actual Rows": 835456,
                "Actual Loops": 2,
                "Inner Unique": false,
                "Merge Cond": "(t.id = ci.movie_id)",
                "Plans": [
                  {
                    "Node Type": "Sort",
                    "Parent Relationship": "Outer",
                    "Parallel Aware": false,
                    "Startup Cost": 371132.7,
                    "Total Cost": 372852.53,
                    "Plan Rows": 687931,
                    "Plan Width": 8,
                    "Actual Startup Time": 1225.37,
                    "Actual Total Time": 1258.763,
                    "Actual Rows": 697452,
                    "Actual Loops": 2,
                    "Sort Key": [
                      "t.id"
                    ],
                    "Sort Method": "quicksort",
                    "Sort Space Used": 65919,
                    "Sort Space Type": "Memory",
                    "Workers": [
                      {
                        "Worker Number": 0,
                        "Sort Method": "quicksort",
                        "Sort Space Used": 36332,
                        "Sort Space Type": "Memory"
                      }
                    ],
                    "Plans": [
                      {
                        "Node Type": "Hash Join",
                        "Parent Relationship": "Outer",
                        "Parallel Aware": true,
                        "Join Type": "Inner",
                        "Startup Cost": 115904.01,
                        "Total Cost": 304431.24,
                        "Plan Rows": 687931,
                        "Plan Width": 8,
                        "Actual Startup Time": 415.726,
                        "Actual Total Time": 1064.654,
                        "Actual Rows": 697458,
                        "Actual Loops": 2,
                        "Inner Unique": true,
                        "Hash Cond": "(mi.movie_id = t.id)",
                        "Plans": [
                          {
                            "Node Type": "Bitmap Heap Scan",
                            "Parent Relationship": "Outer",
                            "Parallel Aware": true,
                            "Relation Name": "movie_info",
                            "Alias": "mi",
                            "Startup Cost": 54025.71,
                            "Total Cost": 237947.81,
                            "Plan Rows": 1754328,
                            "Plan Width": 4,
                            "Actual Startup Time": 87.403,
                            "Actual Total Time": 273.985,
                            "Actual Rows": 1518360,
                            "Actual Loops": 2,
                            "Recheck Cond": "(info_type_id = 16)",
                            "Rows Removed by Index Recheck": 0,
                            "Exact Heap Blocks": 16012,
                            "Lossy Heap Blocks": 0,
                            "Plans": [
                              {
                                "Node Type": "Bitmap Index Scan",
                                "Parent Relationship": "Outer",
                                "Parallel Aware": false,
                                "Index Name": "info_type_id_movie_info",
                                "Startup Cost": 0.0,
                                "Total Cost": 53280.12,
                                "Plan Rows": 2982358,
                                "Plan Width": 0,
                                "Actual Startup Time": 83.303,
                                "Actual Total Time": 83.304,
                                "Actual Rows": 3036719,
                                "Actual Loops": 1,
                                "Index Cond": "(info_type_id = 16)"
                              }
                            ]
                          },
                          {
                            "Node Type": "Hash",
                            "Parent Relationship": "Inner",
                            "Parallel Aware": true,
                            "Startup Cost": 54588.39,
                            "Total Cost": 54588.39,
                            "Plan Rows": 583193,
                            "Plan Width": 4,
                            "Actual Startup Time": 321.693,
                            "Actual Total Time": 321.695,
                            "Actual Rows": 492524,
                            "Actual Loops": 2,
                            "Hash Buckets": 1048576,
                            "Original Hash Buckets": 1048576,
                            "Hash Batches": 1,
                            "Original Hash Batches": 1,
                            "Peak Memory Usage": 46752,
                            "Plans": [
                              {
                                "Node Type": "Seq Scan",
                                "Parent Relationship": "Outer",
                                "Parallel Aware": true,
                                "Relation Name": "title",
                                "Alias": "t",
                                "Startup Cost": 0.0,
                                "Total Cost": 54588.39,
                                "Plan Rows": 583193,
                                "Plan Width": 4,
                                "Actual Startup Time": 0.033,
                                "Actual Total Time": 170.79,
                                "Actual Rows": 492524,
                                "Actual Loops": 2,
                                "Filter": "(kind_id < 7)",
                                "Rows Removed by Filter": 771632
                              }
                            ]
                          }
                        ]
                      }
                    ]
                  },
                  {
                    "Node Type": "Sort",
                    "Parent Relationship": "Inner",
                    "Parallel Aware": false,
                    "Startup Cost": 303615.14,
                    "Total Cost": 306796.56,
                    "Plan Rows": 1272570,
                    "Plan Width": 4,
                    "Actual Startup Time": 809.994,
                    "Actual Total Time": 882.873,
                    "Actual Rows": 1187262,
                    "Actual Loops": 2,
                    "Sort Key": [
                      "ci.movie_id"
                    ],
                    "Sort Method": "quicksort",
                    "Sort Space Used": 32330,
                    "Sort Space Type": "Memory",
                    "Workers": [
                      {
                        "Worker Number": 0,
                        "Sort Method": "quicksort",
                        "Sort Space Used": 32330,
                        "Sort Space Type": "Memory"
                      }
                    ],
                    "Plans": [
                      {
                        "Node Type": "Index Scan",
                        "Parent Relationship": "Outer",
                        "Parallel Aware": false,
                        "Scan Direction": "Forward",
                        "Index Name": "role_id_cast_info",
                        "Relation Name": "cast_info",
                        "Alias": "ci",
                        "Startup Cost": 0.56,
                        "Total Cost": 174580.9,
                        "Plan Rows": 1272570,
                        "Plan Width": 4,
                        "Actual Startup Time": 0.12,
                        "Actual Total Time": 683.128,
                        "Actual Rows": 427557,
                        "Actual Loops": 2,
                        "Index Cond": "(role_id > 9)",
                        "Rows Removed by Index Recheck": 0,
                        "Filter": "(person_id < 976035)",
                        "Rows Removed by Filter": 4211579
                      }
                    ]
                  }
                ]
              }
            ]
          }
        ]
      }
    ]
  },
  "Planning Time": 0.528,
  "Triggers": [],
  "Execution Time": 2607.426
}