[
  {
    "Plan": {
      "Node Type": "Aggregate",
      "Strategy": "Plain",
      "Partial Mode": "Finalize",
      "Parallel Aware": false,
      "Startup Cost": 347355.36,
      "Total Cost": 347355.37,
      "Plan Rows": 1,
      "Plan Width": 8,
      "Actual Startup Time": 554.18,
      "Actual Total Time": 578.998,
      "Actual Rows": 1,
      "Actual Loops": 1,
      "Plans": [
        {
          "Node Type": "Gather",
          "Parent Relationship": "Outer",
          "Parallel Aware": false,
          "Startup Cost": 347354.74,
          "Total Cost": 347355.35,
          "Plan Rows": 6,
          "Plan Width": 8,
          "Actual Startup Time": 554.039,
          "Actual Total Time": 578.984,
          "Actual Rows": 7,
          "Actual Loops": 1,
          "Workers Planned": 6,
          "Workers Launched": 6,
          "Single Copy": false,
          "Plans": [
            {
              "Node Type": "Aggregate",
              "Strategy": "Plain",
              "Partial Mode": "Partial",
              "Parent Relationship": "Outer",
              "Parallel Aware": false,
              "Startup Cost": 346354.74,
              "Total Cost": 346354.75,
              "Plan Rows": 1,
              "Plan Width": 8,
              "Actual Startup Time": 544.359,
              "Actual Total Time": 544.361,
              "Actual Rows": 1,
              "Actual Loops": 7,
              "Plans": [
                {
                  "Node Type": "Index Scan",
                  "Parent Relationship": "Outer",
                  "Parallel Aware": true,
                  "Scan Direction": "Forward",
                  "Index Name": "role_id_cast_info",
                  "Relation Name": "cast_info",
                  "Alias": "ci",
                  "Startup Cost": 0.56,
                  "Total Cost": 341155.22,
                  "Plan Rows": 2079807,
                  "Plan Width": 0,
                  "Actual Startup Time": 24.178,
                  "Actual Total Time": 444.917,
                  "Actual Rows": 1739654,
                  "Actual Loops": 7,
                  "Index Cond": "(role_id < 2)",
                  "Rows Removed by Index Recheck": 0,
                  "Filter": "(person_id > 70948)",
                  "Rows Removed by Filter": 70444
                }
              ]
            }
          ]
        }
      ]
    },
    "Planning Time": 0.119,
    "Triggers": [],
    "Execution Time": 579.038
  }
]