[
    {
        "Bao": {
            "Bao prediction": "NaN",
            "Bao recommended hint": "(no hint)"
        }
    },
    {
        "Plan": {
            "Node Type": "Aggregate",
            "Strategy": "Plain",
            "Partial Mode": "Finalize",
            "Parallel Aware": false,
            "Startup Cost": 316504.47,
            "Total Cost": 316504.48,
            "Plan Rows": 1,
            "Plan Width": 8,
            "Actual Startup Time": 232.233,
            "Actual Total Time": 242.11,
            "Actual Rows": 1,
            "Actual Loops": 1,
            "Output": [
                "count(*)"
            ],
            "Plans": [
                {
                    "Node Type": "Gather",
                    "Parent Relationship": "Outer",
                    "Parallel Aware": false,
                    "Startup Cost": 316503.85,
                    "Total Cost": 316504.46,
                    "Plan Rows": 6,
                    "Plan Width": 8,
                    "Actual Startup Time": 228.77,
                    "Actual Total Time": 242.103,
                    "Actual Rows": 7,
                    "Actual Loops": 1,
                    "Output": [
                        "(PARTIAL count(*))"
                    ],
                    "Workers Planned": 6,
                    "Workers Launched": 6,
                    "Single Copy": false,
                    "Plans": [
                        {
                            "Node Type": "Aggregate",
                            "Strategy": "Plain",
                            "Partial Mode": "Partial",
                            "Parent Relationship": "Outer",
                            "Parallel Aware": false,
                            "Startup Cost": 315503.85,
                            "Total Cost": 315503.86,
                            "Plan Rows": 1,
                            "Plan Width": 8,
                            "Actual Startup Time": 218.378,
                            "Actual Total Time": 218.382,
                            "Actual Rows": 1,
                            "Actual Loops": 7,
                            "Output": [
                                "PARTIAL count(*)"
                            ],
                            "Workers": [
                                {
                                    "Worker Number": 0,
                                    "Actual Startup Time": 216.022,
                                    "Actual Total Time": 216.026,
                                    "Actual Rows": 1,
                                    "Actual Loops": 1
                                },
                                {
                                    "Worker Number": 1,
                                    "Actual Startup Time": 216.307,
                                    "Actual Total Time": 216.31,
                                    "Actual Rows": 1,
                                    "Actual Loops": 1
                                },
                                {
                                    "Worker Number": 2,
                                    "Actual Startup Time": 216.661,
                                    "Actual Total Time": 216.664,
                                    "Actual Rows": 1,
                                    "Actual Loops": 1
                                },
                                {
                                    "Worker Number": 3,
                                    "Actual Startup Time": 216.715,
                                    "Actual Total Time": 216.719,
                                    "Actual Rows": 1,
                                    "Actual Loops": 1
                                },
                                {
                                    "Worker Number": 4,
                                    "Actual Startup Time": 216.949,
                                    "Actual Total Time": 216.952,
                                    "Actual Rows": 1,
                                    "Actual Loops": 1
                                },
                                {
                                    "Worker Number": 5,
                                    "Actual Startup Time": 217.614,
                                    "Actual Total Time": 217.617,
                                    "Actual Rows": 1,
                                    "Actual Loops": 1
                                }
                            ],
                            "Plans": [
                                {
                                    "Node Type": "Hash Join",
                                    "Parent Relationship": "Outer",
                                    "Parallel Aware": true,
                                    "Join Type": "Inner",
                                    "Startup Cost": 61077.27,
                                    "Total Cost": 315484.85,
                                    "Plan Rows": 7599,
                                    "Plan Width": 0,
                                    "Actual Startup Time": 154.382,
                                    "Actual Total Time": 218.089,
                                    "Actual Rows": 3118,
                                    "Actual Loops": 7,
                                    "Inner Unique": true,
                                    "Hash Cond": "(ci.movie_id = t.id)",
                                    "Workers": [
                                        {
                                            "Worker Number": 0,
                                            "Actual Startup Time": 151.903,
                                            "Actual Total Time": 215.688,
                                            "Actual Rows": 2686,
                                            "Actual Loops": 1
                                        },
                                        {
                                            "Worker Number": 1,
                                            "Actual Startup Time": 151.797,
                                            "Actual Total Time": 216.039,
                                            "Actual Rows": 4133,
                                            "Actual Loops": 1
                                        },
                                        {
                                            "Worker Number": 2,
                                            "Actual Startup Time": 152.471,
                                            "Actual Total Time": 216.379,
                                            "Actual Rows": 2249,
                                            "Actual Loops": 1
                                        },
                                        {
                                            "Worker Number": 3,
                                            "Actual Startup Time": 152.812,
                                            "Actual Total Time": 216.416,
                                            "Actual Rows": 3340,
                                            "Actual Loops": 1
                                        },
                                        {
                                            "Worker Number": 4,
                                            "Actual Startup Time": 153.197,
                                            "Actual Total Time": 216.651,
                                            "Actual Rows": 2391,
                                            "Actual Loops": 1
                                        },
                                        {
                                            "Worker Number": 5,
                                            "Actual Startup Time": 153.367,
                                            "Actual Total Time": 217.328,
                                            "Actual Rows": 3267,
                                            "Actual Loops": 1
                                        }
                                    ],
                                    "Plans": [
                                        {
                                            "Node Type": "Bitmap Heap Scan",
                                            "Parent Relationship": "Outer",
                                            "Parallel Aware": true,
                                            "Relation Name": "cast_info",
                                            "Schema": "public",
                                            "Alias": "ci",
                                            "Startup Cost": 15070.27,
                                            "Total Cost": 269179.23,
                                            "Plan Rows": 113757,
                                            "Plan Width": 4,
                                            "Actual Startup Time": 56.665,
                                            "Actual Total Time": 91.097,
                                            "Actual Rows": 106242,
                                            "Actual Loops": 7,
                                            "Output": [
                                                "ci.id",
                                                "ci.person_id",
                                                "ci.movie_id",
                                                "ci.person_role_id",
                                                "ci.note",
                                                "ci.nr_order",
                                                "ci.role_id"
                                            ],
                                            "Recheck Cond": "(ci.person_id > 3919423)",
                                            "Rows Removed by Index Recheck": 0,
                                            "Exact Heap Blocks": 1665,
                                            "Lossy Heap Blocks": 0,
                                            "Workers": [
                                                {
                                                    "Worker Number": 0,
                                                    "Actual Startup Time": 56.56,
                                                    "Actual Total Time": 92.022,
                                                    "Actual Rows": 85904,
                                                    "Actual Loops": 1
                                                },
                                                {
                                                    "Worker Number": 1,
                                                    "Actual Startup Time": 56.289,
                                                    "Actual Total Time": 89.791,
                                                    "Actual Rows": 154701,
                                                    "Actual Loops": 1
                                                },
                                                {
                                                    "Worker Number": 2,
                                                    "Actual Startup Time": 56.631,
                                                    "Actual Total Time": 91.893,
                                                    "Actual Rows": 84178,
                                                    "Actual Loops": 1
                                                },
                                                {
                                                    "Worker Number": 3,
                                                    "Actual Startup Time": 56.975,
                                                    "Actual Total Time": 91.864,
                                                    "Actual Rows": 103828,
                                                    "Actual Loops": 1
                                                },
                                                {
                                                    "Worker Number": 4,
                                                    "Actual Startup Time": 56.875,
                                                    "Actual Total Time": 92.346,
                                                    "Actual Rows": 86588,
                                                    "Actual Loops": 1
                                                },
                                                {
                                                    "Worker Number": 5,
                                                    "Actual Startup Time": 56.806,
                                                    "Actual Total Time": 91.905,
                                                    "Actual Rows": 105262,
                                                    "Actual Loops": 1
                                                }
                                            ],
                                            "Plans": [
                                                {
                                                    "Node Type": "Bitmap Index Scan",
                                                    "Parent Relationship": "Outer",
                                                    "Parallel Aware": false,
                                                    "Index Name": "person_id_cast_info",
                                                    "Startup Cost": 0.0,
                                                    "Total Cost": 14899.63,
                                                    "Plan Rows": 682542,
                                                    "Plan Width": 0,
                                                    "Actual Startup Time": 54.814,
                                                    "Actual Total Time": 54.814,
                                                    "Actual Rows": 743694,
                                                    "Actual Loops": 1,
                                                    "Index Cond": "(ci.person_id > 3919423)",
                                                    "Workers": [
                                                        {
                                                            "Worker Number": 1,
                                                            "Actual Startup Time": 54.814,
                                                            "Actual Total Time": 54.814,
                                                            "Actual Rows": 743694,
                                                            "Actual Loops": 1
                                                        }
                                                    ]
                                                }
                                            ]
                                        },
                                        {
                                            "Node Type": "Hash",
                                            "Parent Relationship": "Inner",
                                            "Parallel Aware": true,
                                            "Startup Cost": 45479.21,
                                            "Total Cost": 45479.21,
                                            "Plan Rows": 42224,
                                            "Plan Width": 4,
                                            "Actual Startup Time": 96.402,
                                            "Actual Total Time": 96.403,
                                            "Actual Rows": 38559,
                                            "Actual Loops": 7,
                                            "Output": [
                                                "t.id"
                                            ],
                                            "Hash Buckets": 524288,
                                            "Original Hash Buckets": 262144,
                                            "Hash Batches": 1,
                                            "Original Hash Batches": 1,
                                            "Peak Memory Usage": 16832,
                                            "Workers": [
                                                {
                                                    "Worker Number": 0,
                                                    "Actual Startup Time": 94.774,
                                                    "Actual Total Time": 94.775,
                                                    "Actual Rows": 29692,
                                                    "Actual Loops": 1
                                                },
                                                {
                                                    "Worker Number": 1,
                                                    "Actual Startup Time": 95.013,
                                                    "Actual Total Time": 95.014,
                                                    "Actual Rows": 40438,
                                                    "Actual Loops": 1
                                                },
                                                {
                                                    "Worker Number": 2,
                                                    "Actual Startup Time": 95.345,
                                                    "Actual Total Time": 95.345,
                                                    "Actual Rows": 28854,
                                                    "Actual Loops": 1
                                                },
                                                {
                                                    "Worker Number": 3,
                                                    "Actual Startup Time": 95.45,
                                                    "Actual Total Time": 95.451,
                                                    "Actual Rows": 41312,
                                                    "Actual Loops": 1
                                                },
                                                {
                                                    "Worker Number": 4,
                                                    "Actual Startup Time": 95.647,
                                                    "Actual Total Time": 95.648,
                                                    "Actual Rows": 29713,
                                                    "Actual Loops": 1
                                                },
                                                {
                                                    "Worker Number": 5,
                                                    "Actual Startup Time": 96.156,
                                                    "Actual Total Time": 96.157,
                                                    "Actual Rows": 41225,
                                                    "Actual Loops": 1
                                                }
                                            ],
                                            "Plans": [
                                                {
                                                    "Node Type": "Seq Scan",
                                                    "Parent Relationship": "Outer",
                                                    "Parallel Aware": true,
                                                    "Relation Name": "title",
                                                    "Schema": "public",
                                                    "Alias": "t",
                                                    "Startup Cost": 0.0,
                                                    "Total Cost": 45479.21,
                                                    "Plan Rows": 42224,
                                                    "Plan Width": 4,
                                                    "Actual Startup Time": 0.134,
                                                    "Actual Total Time": 72.605,
                                                    "Actual Rows": 38559,
                                                    "Actual Loops": 7,
                                                    "Output": [
                                                        "t.id"
                                                    ],
                                                    "Filter": "((t.kind_id < 7) AND (t.production_year < 1974))",
                                                    "Rows Removed by Filter": 322628,
                                                    "Workers": [
                                                        {
                                                            "Worker Number": 0,
                                                            "Actual Startup Time": 0.104,
                                                            "Actual Total Time": 72.637,
                                                            "Actual Rows": 29692,
                                                            "Actual Loops": 1
                                                        },
                                                        {
                                                            "Worker Number": 1,
                                                            "Actual Startup Time": 0.102,
                                                            "Actual Total Time": 70.665,
                                                            "Actual Rows": 40438,
                                                            "Actual Loops": 1
                                                        },
                                                        {
                                                            "Worker Number": 2,
                                                            "Actual Startup Time": 0.312,
                                                            "Actual Total Time": 72.559,
                                                            "Actual Rows": 28854,
                                                            "Actual Loops": 1
                                                        },
                                                        {
                                                            "Worker Number": 3,
                                                            "Actual Startup Time": 0.096,
                                                            "Actual Total Time": 71.482,
                                                            "Actual Rows": 41312,
                                                            "Actual Loops": 1
                                                        },
                                                        {
                                                            "Worker Number": 4,
                                                            "Actual Startup Time": 0.121,
                                                            "Actual Total Time": 73.2,
                                                            "Actual Rows": 29713,
                                                            "Actual Loops": 1
                                                        },
                                                        {
                                                            "Worker Number": 5,
                                                            "Actual Startup Time": 0.135,
                                                            "Actual Total Time": 72.219,
                                                            "Actual Rows": 41225,
                                                            "Actual Loops": 1
                                                        }
                                                    ]
                                                }
                                            ]
                                        }
                                    ]
                                }
                            ]
                        }
                    ]
                }
            ]
        },
        "Planning Time": 194.966,
        "Triggers": [],
        "Execution Time": 242.171
    }
]