{
  "Plan": {
    "Node Type": "Aggregate",
    "Strategy": "Plain",
    "Partial Mode": "Finalize",
    "Parallel Aware": false,
    "Startup Cost": 416808.28,
    "Total Cost": 416808.29,
    "Plan Rows": 1,
    "Plan Width": 8,
    "Actual Startup Time": 2245.178,
    "Actual Total Time": 2265.405,
    "Actual Rows": 1,
    "Actual Loops": 1,
    "Plans": [
      {
        "Node Type": "Gather",
        "Parent Relationship": "Outer",
        "Parallel Aware": false,
        "Startup Cost": 416808.17,
        "Total Cost": 416808.28,
        "Plan Rows": 1,
        "Plan Width": 8,
        "Actual Startup Time": 2242.733,
        "Actual Total Time": 2265.397,
        "Actual Rows": 2,
        "Actual Loops": 1,
        "Workers Planned": 1,
        "Workers Launched": 1,
        "Single Copy": false,
        "Plans": [
          {
            "Node Type": "Aggregate",
            "Strategy": "Plain",
            "Partial Mode": "Partial",
            "Parent Relationship": "Outer",
            "Parallel Aware": false,
            "Startup Cost": 415808.17,
            "Total Cost": 415808.18,
            "Plan Rows": 1,
            "Plan Width": 8,
            "Actual Startup Time": 2237.04,
            "Actual Total Time": 2237.044,
            "Actual Rows": 1,
            "Actual Loops": 2,
            "Plans": [
              {
                "Node Type": "Nested Loop",
                "Parent Relationship": "Outer",
                "Parallel Aware": false,
                "Join Type": "Inner",
                "Startup Cost": 84503.08,
                "Total Cost": 415199.35,
                "Plan Rows": 243528,
                "Plan Width": 0,
                "Actual Startup Time": 314.348,
                "Actual Total Time": 2124.981,
                "Actual Rows": 2095468,
                "Actual Loops": 2,
                "Inner Unique": false,
                "Join Filter": "(t.id = mc.movie_id)",
                "Rows Removed by Join Filter": 0,
                "Plans": [
                  {
                    "Node Type": "Hash Join",
                    "Parent Relationship": "Outer",
                    "Parallel Aware": true,
                    "Join Type": "Inner",
                    "Startup Cost": 84502.65,
                    "Total Cost": 258464.98,
                    "Plan Rows": 235984,
                    "Plan Width": 8,
                    "Actual Startup Time": 314.254,
                    "Actual Total Time": 587.669,
                    "Actual Rows": 510124,
                    "Actual Loops": 2,
                    "Inner Unique": true,
                    "Hash Cond": "(mi.movie_id = t.id)",
                    "Plans": [
                      {
                        "Node Type": "Bitmap Heap Scan",
                        "Parent Relationship": "Outer",
                        "Parallel Aware": true,
                        "Relation Name": "movie_info",
                        "Alias": "mi",
                        "Startup Cost": 24370.61,
                        "Total Cost": 196255.62,
                        "Plan Rows": 791361,
                        "Plan Width": 4,
                        "Actual Startup Time": 40.489,
                        "Actual Total Time": 119.191,
                        "Actual Rows": 700951,
                        "Actual Loops": 2,
                        "Recheck Cond": "(info_type_id = 7)",
                        "Rows Removed by Index Recheck": 0,
                        "Exact Heap Blocks": 6254,
                        "Lossy Heap Blocks": 0,
                        "Plans": [
                          {
                            "Node Type": "Bitmap Index Scan",
                            "Parent Relationship": "Outer",
                            "Parallel Aware": false,
                            "Index Name": "info_type_id_movie_info",
                            "Startup Cost": 0.0,
                            "Total Cost": 24034.28,
                            "Plan Rows": 1345313,
                            "Plan Width": 0,
                            "Actual Startup Time": 39.011,
                            "Actual Total Time": 39.012,
                            "Actual Rows": 1401902,
                            "Actual Loops": 1,
                            "Index Cond": "(info_type_id = 7)"
                          }
                        ]
                      },
                      {
                        "Node Type": "Hash",
                        "Parent Relationship": "Inner",
                        "Parallel Aware": true,
                        "Startup Cost": 54588.39,
                        "Total Cost": 54588.39,
                        "Plan Rows": 443492,
                        "Plan Width": 4,
                        "Actual Startup Time": 264.575,
                        "Actual Total Time": 264.575,
                        "Actual Rows": 376838,
                        "Actual Loops": 2,
                        "Hash Buckets": 1048576,
                        "Original Hash Buckets": 1048576,
                        "Hash Batches": 1,
                        "Original Hash Batches": 1,
                        "Peak Memory Usage": 37696,
                        "Plans": [
                          {
                            "Node Type": "Seq Scan",
                            "Parent Relationship": "Outer",
                            "Parallel Aware": true,
                            "Relation Name": "title",
                            "Alias": "t",
                            "Startup Cost": 0.0,
                            "Total Cost": 54588.39,
                            "Plan Rows": 443492,
                            "Plan Width": 4,
                            "Actual Startup Time": 0.032,
                            "Actual Total Time": 161.337,
                            "Actual Rows": 376838,
                            "Actual Loops": 2,
                            "Filter": "(kind_id < 3)",
                            "Rows Removed by Filter": 887318
                          }
                        ]
                      }
                    ]
                  },
                  {
                    "Node Type": "Index Only Scan",
                    "Parent Relationship": "Inner",
                    "Parallel Aware": false,
                    "Scan Direction": "Forward",
                    "Index Name": "movie_id_movie_companies",
                    "Relation Name": "movie_companies",
                    "Alias": "mc",
                    "Startup Cost": 0.43,
                    "Total Cost": 0.6,
                    "Plan Rows": 5,
                    "Plan Width": 4,
                    "Actual Startup Time": 0.002,
                    "Actual Total Time": 0.002,
                    "Actual Rows": 4,
                    "Actual Loops": 1020248,
                    "Index Cond": "(movie_id = mi.movie_id)",
                    "Rows Removed by Index Recheck": 0,
                    "Heap Fetches": 4190937
                  }
                ]
              }
            ]
          }
        ]
      }
    ]
  },
  "Planning Time": 1.092,
  "Triggers": [],
  "Execution Time": 2265.51
}