{
  "Plan": {
    "Node Type": "Aggregate",
    "Strategy": "Plain",
    "Partial Mode": "Finalize",
    "Parallel Aware": false,
    "Startup Cost": 466995.0,
    "Total Cost": 466995.01,
    "Plan Rows": 1,
    "Plan Width": 8,
    "Actual Startup Time": 2596.434,
    "Actual Total Time": 2596.518,
    "Actual Rows": 1,
    "Actual Loops": 1,
    "Plans": [
      {
        "Node Type": "Gather",
        "Parent Relationship": "Outer",
        "Parallel Aware": false,
        "Startup Cost": 466994.89,
        "Total Cost": 466995.0,
        "Plan Rows": 1,
        "Plan Width": 8,
        "Actual Startup Time": 2596.424,
        "Actual Total Time": 2596.511,
        "Actual Rows": 2,
        "Actual Loops": 1,
        "Workers Planned": 1,
        "Workers Launched": 1,
        "Single Copy": false,
        "Plans": [
          {
            "Node Type": "Aggregate",
            "Strategy": "Plain",
            "Partial Mode": "Partial",
            "Parent Relationship": "Outer",
            "Parallel Aware": false,
            "Startup Cost": 465994.89,
            "Total Cost": 465994.9,
            "Plan Rows": 1,
            "Plan Width": 8,
            "Actual Startup Time": 2397.033,
            "Actual Total Time": 2397.035,
            "Actual Rows": 1,
            "Actual Loops": 2,
            "Plans": [
              {
                "Node Type": "Merge Join",
                "Parent Relationship": "Outer",
                "Parallel Aware": false,
                "Join Type": "Inner",
                "Startup Cost": 20.78,
                "Total Cost": 463875.94,
                "Plan Rows": 847577,
                "Plan Width": 0,
                "Actual Startup Time": 10.627,
                "Actual Total Time": 2382.609,
                "Actual Rows": 331681,
                "Actual Loops": 2,
                "Inner Unique": false,
                "Merge Cond": "(t.id = mc.movie_id)",
                "Plans": [
                  {
                    "Node Type": "Merge Join",
                    "Parent Relationship": "Outer",
                    "Parallel Aware": false,
                    "Join Type": "Inner",
                    "Startup Cost": 14.11,
                    "Total Cost": 301771.29,
                    "Plan Rows": 1617615,
                    "Plan Width": 8,
                    "Actual Startup Time": 9.003,
                    "Actual Total Time": 1788.735,
                    "Actual Rows": 322730,
                    "Actual Loops": 2,
                    "Inner Unique": true,
                    "Merge Cond": "(mk.movie_id = t.id)",
                    "Plans": [
                      {
                        "Node Type": "Index Only Scan",
                        "Parent Relationship": "Outer",
                        "Parallel Aware": true,
                        "Scan Direction": "Forward",
                        "Index Name": "movie_id_movie_keyword",
                        "Relation Name": "movie_keyword",
                        "Alias": "mk",
                        "Startup Cost": 0.43,
                        "Total Cost": 158560.11,
                        "Plan Rows": 2661135,
                        "Plan Width": 4,
                        "Actual Startup Time": 0.106,
                        "Actual Total Time": 438.892,
                        "Actual Rows": 2261957,
                        "Actual Loops": 2,
                        "Heap Fetches": 4523914
                      },
                      {
                        "Node Type": "Index Scan",
                        "Parent Relationship": "Inner",
                        "Parallel Aware": false,
                        "Scan Direction": "Forward",
                        "Index Name": "title_pkey",
                        "Relation Name": "title",
                        "Alias": "t",
                        "Startup Cost": 0.43,
                        "Total Cost": 116660.7,
                        "Plan Rows": 1536865,
                        "Plan Width": 4,
                        "Actual Startup Time": 0.145,
                        "Actual Total Time": 1151.36,
                        "Actual Rows": 1542088,
                        "Actual Loops": 2,
                        "Filter": "(kind_id = 7)",
                        "Rows Removed by Filter": 983627
                      }
                    ]
                  },
                  {
                    "Node Type": "Index Scan",
                    "Parent Relationship": "Inner",
                    "Parallel Aware": false,
                    "Scan Direction": "Forward",
                    "Index Name": "movie_id_movie_companies",
                    "Relation Name": "movie_companies",
                    "Alias": "mc",
                    "Startup Cost": 0.43,
                    "Total Cost": 146582.27,
                    "Plan Rows": 1324742,
                    "Plan Width": 4,
                    "Actual Startup Time": 0.061,
                    "Actual Total Time": 501.82,
                    "Actual Rows": 1209300,
                    "Actual Loops": 2,
                    "Filter": "(company_type_id = 2)",
                    "Rows Removed by Filter": 1203319
                  }
                ]
              }
            ]
          }
        ]
      }
    ]
  },
  "Planning Time": 1.071,
  "Triggers": [],
  "Execution Time": 2596.604
}