[
  {
    "Plan": {
      "Node Type": "Aggregate",
      "Strategy": "Plain",
      "Partial Mode": "Finalize",
      "Parallel Aware": false,
      "Startup Cost": 326399.51,
      "Total Cost": 326399.52,
      "Plan Rows": 1,
      "Plan Width": 8,
      "Actual Startup Time": 5660.545,
      "Actual Total Time": 5740.146,
      "Actual Rows": 1,
      "Actual Loops": 1,
      "Plans": [
        {
          "Node Type": "Gather",
          "Parent Relationship": "Outer",
          "Parallel Aware": false,
          "Startup Cost": 326399.19,
          "Total Cost": 326399.5,
          "Plan Rows": 3,
          "Plan Width": 8,
          "Actual Startup Time": 5660.524,
          "Actual Total Time": 5740.136,
          "Actual Rows": 4,
          "Actual Loops": 1,
          "Workers Planned": 3,
          "Workers Launched": 3,
          "Single Copy": false,
          "Plans": [
            {
              "Node Type": "Aggregate",
              "Strategy": "Plain",
              "Partial Mode": "Partial",
              "Parent Relationship": "Outer",
              "Parallel Aware": false,
              "Startup Cost": 325399.19,
              "Total Cost": 325399.2,
              "Plan Rows": 1,
              "Plan Width": 8,
              "Actual Startup Time": 5650.396,
              "Actual Total Time": 5650.399,
              "Actual Rows": 1,
              "Actual Loops": 4,
              "Plans": [
                {
                  "Node Type": "Nested Loop",
                  "Parent Relationship": "Outer",
                  "Parallel Aware": false,
                  "Join Type": "Inner",
                  "Startup Cost": 46210.96,
                  "Total Cost": 322694.84,
                  "Plan Rows": 1081740,
                  "Plan Width": 0,
                  "Actual Startup Time": 147.821,
                  "Actual Total Time": 5407.049,
                  "Actual Rows": 5068048,
                  "Actual Loops": 4,
                  "Inner Unique": false,
                  "Join Filter": "(t.id = ci.movie_id)",
                  "Rows Removed by Join Filter": 0,
                  "Plans": [
                    {
                      "Node Type": "Hash Join",
                      "Parent Relationship": "Outer",
                      "Parallel Aware": true,
                      "Join Type": "Inner",
                      "Startup Cost": 46210.4,
                      "Total Cost": 92171.63,
                      "Plan Rows": 115145,
                      "Plan Width": 8,
                      "Actual Startup Time": 147.718,
                      "Actual Total Time": 419.764,
                      "Actual Rows": 291738,
                      "Actual Loops": 4,
                      "Inner Unique": true,
                      "Hash Cond": "(mk.movie_id = t.id)",
                      "Plans": [
                        {
                          "Node Type": "Seq Scan",
                          "Parent Relationship": "Outer",
                          "Parallel Aware": true,
                          "Relation Name": "movie_keyword",
                          "Alias": "mk",
                          "Startup Cost": 0.0,
                          "Total Cost": 42695.65,
                          "Plan Rows": 1244029,
                          "Plan Width": 4,
                          "Actual Startup Time": 0.025,
                          "Actual Total Time": 126.158,
                          "Actual Rows": 966905,
                          "Actual Loops": 4,
                          "Filter": "(keyword_id < 28627)",
                          "Rows Removed by Filter": 164078
                        },
                        {
                          "Node Type": "Hash",
                          "Parent Relationship": "Inner",
                          "Parallel Aware": true,
                          "Startup Cost": 45479.1,
                          "Total Cost": 45479.1,
                          "Plan Rows": 58504,
                          "Plan Width": 4,
                          "Actual Startup Time": 145.452,
                          "Actual Total Time": 145.453,
                          "Actual Rows": 87411,
                          "Actual Loops": 4,
                          "Hash Buckets": 524288,
                          "Original Hash Buckets": 262144,
                          "Hash Batches": 1,
                          "Original Hash Batches": 1,
                          "Peak Memory Usage": 19904,
                          "Plans": [
                            {
                              "Node Type": "Seq Scan",
                              "Parent Relationship": "Outer",
                              "Parallel Aware": true,
                              "Relation Name": "title",
                              "Alias": "t",
                              "Startup Cost": 0.0,
                              "Total Cost": 45479.1,
                              "Plan Rows": 58504,
                              "Plan Width": 4,
                              "Actual Startup Time": 0.077,
                              "Actual Total Time": 107.865,
                              "Actual Rows": 87411,
                              "Actual Loops": 4,
                              "Filter": "((kind_id < 7) AND (production_year < 1986))",
                              "Rows Removed by Filter": 544667
                            }
                          ]
                        }
                      ]
                    },
                    {
                      "Node Type": "Index Scan",
                      "Parent Relationship": "Inner",
                      "Parallel Aware": false,
                      "Scan Direction": "Forward",
                      "Index Name": "movie_id_cast_info",
                      "Relation Name": "cast_info",
                      "Alias": "ci",
                      "Startup Cost": 0.56,
                      "Total Cost": 1.7,
                      "Plan Rows": 24,
                      "Plan Width": 4,
                      "Actual Startup Time": 0.009,
                      "Actual Total Time": 0.015,
                      "Actual Rows": 17,
                      "Actual Loops": 1166950,
                      "Index Cond": "(movie_id = mk.movie_id)",
                      "Rows Removed by Index Recheck": 0,
                      "Filter": "(role_id > 1)",
                      "Rows Removed by Filter": 18
                    }
                  ]
                }
              ]
            }
          ]
        }
      ]
    },
    "Planning Time": 1.364,
    "Triggers": [],
    "Execution Time": 5740.261
  }
]