[
  {
    "Plan": {
      "Node Type": "Aggregate",
      "Strategy": "Plain",
      "Partial Mode": "Finalize",
      "Parallel Aware": false,
      "Startup Cost": 29288.62,
      "Total Cost": 29288.63,
      "Plan Rows": 1,
      "Plan Width": 8,
      "Actual Startup Time": 102.973,
      "Actual Total Time": 110.089,
      "Actual Rows": 1,
      "Actual Loops": 1,
      "Plans": [
        {
          "Node Type": "Gather",
          "Parent Relationship": "Outer",
          "Parallel Aware": false,
          "Startup Cost": 29288.3,
          "Total Cost": 29288.61,
          "Plan Rows": 3,
          "Plan Width": 8,
          "Actual Startup Time": 102.657,
          "Actual Total Time": 110.08,
          "Actual Rows": 4,
          "Actual Loops": 1,
          "Workers Planned": 3,
          "Workers Launched": 3,
          "Single Copy": false,
          "Plans": [
            {
              "Node Type": "Aggregate",
              "Strategy": "Plain",
              "Partial Mode": "Partial",
              "Parent Relationship": "Outer",
              "Parallel Aware": false,
              "Startup Cost": 28288.3,
              "Total Cost": 28288.31,
              "Plan Rows": 1,
              "Plan Width": 8,
              "Actual Startup Time": 94.774,
              "Actual Total Time": 94.775,
              "Actual Rows": 1,
              "Actual Loops": 4,
              "Plans": [
                {
                  "Node Type": "Bitmap Heap Scan",
                  "Parent Relationship": "Outer",
                  "Parallel Aware": true,
                  "Relation Name": "movie_companies",
                  "Alias": "mc",
                  "Startup Cost": 7764.84,
                  "Total Cost": 27999.39,
                  "Plan Rows": 115564,
                  "Plan Width": 0,
                  "Actual Startup Time": 33.044,
                  "Actual Total Time": 87.275,
                  "Actual Rows": 88221,
                  "Actual Loops": 4,
                  "Recheck Cond": "(company_id < 171)",
                  "Rows Removed by Index Recheck": 0,
                  "Exact Heap Blocks": 7520,
                  "Lossy Heap Blocks": 0,
                  "Plans": [
                    {
                      "Node Type": "Bitmap Index Scan",
                      "Parent Relationship": "Outer",
                      "Parallel Aware": false,
                      "Index Name": "company_id_movie_companies",
                      "Startup Cost": 0.0,
                      "Total Cost": 7675.28,
                      "Plan Rows": 358247,
                      "Plan Width": 0,
                      "Actual Startup Time": 35.791,
                      "Actual Total Time": 35.792,
                      "Actual Rows": 352883,
                      "Actual Loops": 1,
                      "Index Cond": "(company_id < 171)"
                    }
                  ]
                }
              ]
            }
          ]
        }
      ]
    },
    "Planning Time": 0.19,
    "Triggers": [],
    "Execution Time": 110.173
  }
]