{
  "Plan": {
    "Node Type": "Aggregate",
    "Strategy": "Plain",
    "Partial Mode": "Finalize",
    "Parallel Aware": false,
    "Startup Cost": 508077.74,
    "Total Cost": 508077.75,
    "Plan Rows": 1,
    "Plan Width": 8,
    "Actual Startup Time": 4228.658,
    "Actual Total Time": 4270.635,
    "Actual Rows": 1,
    "Actual Loops": 1,
    "Plans": [
      {
        "Node Type": "Gather",
        "Parent Relationship": "Outer",
        "Parallel Aware": false,
        "Startup Cost": 508077.63,
        "Total Cost": 508077.74,
        "Plan Rows": 1,
        "Plan Width": 8,
        "Actual Startup Time": 4218.868,
        "Actual Total Time": 4270.625,
        "Actual Rows": 2,
        "Actual Loops": 1,
        "Workers Planned": 1,
        "Workers Launched": 1,
        "Single Copy": false,
        "Plans": [
          {
            "Node Type": "Aggregate",
            "Strategy": "Plain",
            "Partial Mode": "Partial",
            "Parent Relationship": "Outer",
            "Parallel Aware": false,
            "Startup Cost": 507077.63,
            "Total Cost": 507077.64,
            "Plan Rows": 1,
            "Plan Width": 8,
            "Actual Startup Time": 4211.726,
            "Actual Total Time": 4211.988,
            "Actual Rows": 1,
            "Actual Loops": 2,
            "Plans": [
              {
                "Node Type": "Hash Join",
                "Parent Relationship": "Outer",
                "Parallel Aware": true,
                "Join Type": "Inner",
                "Startup Cost": 429148.49,
                "Total Cost": 502041.89,
                "Plan Rows": 2014295,
                "Plan Width": 0,
                "Actual Startup Time": 1918.137,
                "Actual Total Time": 3535.038,
                "Actual Rows": 17167237,
                "Actual Loops": 2,
                "Inner Unique": false,
                "Hash Cond": "(mk.movie_id = t.id)",
                "Plans": [
                  {
                    "Node Type": "Seq Scan",
                    "Parent Relationship": "Outer",
                    "Parallel Aware": true,
                    "Relation Name": "movie_keyword",
                    "Alias": "mk",
                    "Startup Cost": 0.0,
                    "Total Cost": 51065.35,
                    "Plan Rows": 2661135,
                    "Plan Width": 4,
                    "Actual Startup Time": 0.029,
                    "Actual Total Time": 161.216,
                    "Actual Rows": 2261965,
                    "Actual Loops": 2
                  },
                  {
                    "Node Type": "Hash",
                    "Parent Relationship": "Inner",
                    "Parallel Aware": true,
                    "Startup Cost": 415076.85,
                    "Total Cost": 415076.85,
                    "Plan Rows": 1125731,
                    "Plan Width": 8,
                    "Actual Startup Time": 1904.025,
                    "Actual Total Time": 1904.286,
                    "Actual Rows": 1402397,
                    "Actual Loops": 2,
                    "Hash Buckets": 4194304,
                    "Original Hash Buckets": 2097152,
                    "Hash Batches": 1,
                    "Original Hash Batches": 1,
                    "Peak Memory Usage": 158912,
                    "Plans": [
                      {
                        "Node Type": "Hash Join",
                        "Parent Relationship": "Outer",
                        "Parallel Aware": true,
                        "Join Type": "Inner",
                        "Startup Cost": 133679.62,
                        "Total Cost": 415076.85,
                        "Plan Rows": 1125731,
                        "Plan Width": 8,
                        "Actual Startup Time": 605.666,
                        "Actual Total Time": 1477.481,
                        "Actual Rows": 1402397,
                        "Actual Loops": 2,
                        "Inner Unique": true,
                        "Hash Cond": "(ci.movie_id = t.id)",
                        "Plans": [
                          {
                            "Node Type": "Bitmap Heap Scan",
                            "Parent Relationship": "Outer",
                            "Parallel Aware": true,
                            "Relation Name": "cast_info",
                            "Alias": "ci",
                            "Startup Cost": 64218.92,
                            "Total Cost": 342661.11,
                            "Plan Rows": 1125731,
                            "Plan Width": 4,
                            "Actual Startup Time": 88.948,
                            "Actual Total Time": 325.912,
                            "Actual Rows": 1402397,
                            "Actual Loops": 2,
                            "Recheck Cond": "(person_id > 3530400)",
                            "Rows Removed by Index Recheck": 0,
                            "Filter": "(role_id > 1)",
                            "Rows Removed by Filter": 0,
                            "Exact Heap Blocks": 20190,
                            "Lossy Heap Blocks": 0,
                            "Plans": [
                              {
                                "Node Type": "Bitmap Index Scan",
                                "Parent Relationship": "Outer",
                                "Parallel Aware": false,
                                "Index Name": "person_id_cast_info",
                                "Startup Cost": 0.0,
                                "Total Cost": 63740.48,
                                "Plan Rows": 2918922,
                                "Plan Width": 0,
                                "Actual Startup Time": 82.365,
                                "Actual Total Time": 82.365,
                                "Actual Rows": 2804794,
                                "Actual Loops": 1,
                                "Index Cond": "(person_id > 3530400)"
                              }
                            ]
                          },
                          {
                            "Node Type": "Hash",
                            "Parent Relationship": "Inner",
                            "Parallel Aware": true,
                            "Startup Cost": 50870.31,
                            "Total Cost": 50870.31,
                            "Plan Rows": 1487231,
                            "Plan Width": 4,
                            "Actual Startup Time": 504.188,
                            "Actual Total Time": 504.189,
                            "Actual Rows": 1264156,
                            "Actual Loops": 2,
                            "Hash Buckets": 4194304,
                            "Original Hash Buckets": 4194304,
                            "Hash Batches": 1,
                            "Original Hash Batches": 1,
                            "Peak Memory Usage": 131712,
                            "Plans": [
                              {
                                "Node Type": "Seq Scan",
                                "Parent Relationship": "Outer",
                                "Parallel Aware": true,
                                "Relation Name": "title",
                                "Alias": "t",
                                "Startup Cost": 0.0,
                                "Total Cost": 50870.31,
                                "Plan Rows": 1487231,
                                "Plan Width": 4,
                                "Actual Startup Time": 0.043,
                                "Actual Total Time": 154.91,
                                "Actual Rows": 1264156,
                                "Actual Loops": 2
                              }
                            ]
                          }
                        ]
                      }
                    ]
                  }
                ]
              }
            ]
          }
        ]
      }
    ]
  },
  "Planning Time": 1.016,
  "Triggers": [],
  "Execution Time": 4270.741
}