[
  {
    "Plan": {
      "Node Type": "Aggregate",
      "Strategy": "Plain",
      "Partial Mode": "Finalize",
      "Parallel Aware": false,
      "Startup Cost": 81699.0,
      "Total Cost": 81699.01,
      "Plan Rows": 1,
      "Plan Width": 8,
      "Actual Startup Time": 477.805,
      "Actual Total Time": 493.702,
      "Actual Rows": 1,
      "Actual Loops": 1,
      "Plans": [
        {
          "Node Type": "Gather",
          "Parent Relationship": "Outer",
          "Parallel Aware": false,
          "Startup Cost": 81698.69,
          "Total Cost": 81699.0,
          "Plan Rows": 3,
          "Plan Width": 8,
          "Actual Startup Time": 472.219,
          "Actual Total Time": 493.689,
          "Actual Rows": 4,
          "Actual Loops": 1,
          "Workers Planned": 3,
          "Workers Launched": 3,
          "Single Copy": false,
          "Plans": [
            {
              "Node Type": "Aggregate",
              "Strategy": "Plain",
              "Partial Mode": "Partial",
              "Parent Relationship": "Outer",
              "Parallel Aware": false,
              "Startup Cost": 80698.69,
              "Total Cost": 80698.7,
              "Plan Rows": 1,
              "Plan Width": 8,
              "Actual Startup Time": 465.414,
              "Actual Total Time": 465.418,
              "Actual Rows": 1,
              "Actual Loops": 4,
              "Plans": [
                {
                  "Node Type": "Hash Join",
                  "Parent Relationship": "Outer",
                  "Parallel Aware": true,
                  "Join Type": "Inner",
                  "Startup Cost": 50062.39,
                  "Total Cost": 79478.28,
                  "Plan Rows": 488164,
                  "Plan Width": 0,
                  "Actual Startup Time": 240.121,
                  "Actual Total Time": 457.819,
                  "Actual Rows": 180114,
                  "Actual Loops": 4,
                  "Inner Unique": true,
                  "Hash Cond": "(mc.movie_id = t.id)",
                  "Plans": [
                    {
                      "Node Type": "Seq Scan",
                      "Parent Relationship": "Outer",
                      "Parallel Aware": true,
                      "Relation Name": "movie_companies",
                      "Alias": "mc",
                      "Startup Cost": 0.0,
                      "Total Cost": 27206.55,
                      "Plan Rows": 841655,
                      "Plan Width": 4,
                      "Actual Startup Time": 0.01,
                      "Actual Total Time": 55.609,
                      "Actual Rows": 652282,
                      "Actual Loops": 4
                    },
                    {
                      "Node Type": "Hash",
                      "Parent Relationship": "Inner",
                      "Parallel Aware": true,
                      "Startup Cost": 45479.59,
                      "Total Cost": 45479.59,
                      "Plan Rows": 366624,
                      "Plan Width": 4,
                      "Actual Startup Time": 235.111,
                      "Actual Total Time": 235.112,
                      "Actual Rows": 362616,
                      "Actual Loops": 4,
                      "Hash Buckets": 2097152,
                      "Original Hash Buckets": 2097152,
                      "Hash Batches": 1,
                      "Original Hash Batches": 1,
                      "Peak Memory Usage": 73216,
                      "Plans": [
                        {
                          "Node Type": "Seq Scan",
                          "Parent Relationship": "Outer",
                          "Parallel Aware": true,
                          "Relation Name": "title",
                          "Alias": "t",
                          "Startup Cost": 0.0,
                          "Total Cost": 45479.59,
                          "Plan Rows": 366624,
                          "Plan Width": 4,
                          "Actual Startup Time": 0.043,
                          "Actual Total Time": 105.363,
                          "Actual Rows": 362616,
                          "Actual Loops": 4,
                          "Filter": "((kind_id > 4) AND (production_year < 2013))",
                          "Rows Removed by Filter": 269462
                        }
                      ]
                    }
                  ]
                }
              ]
            }
          ]
        }
      ]
    },
    "Planning Time": 0.457,
    "Triggers": [],
    "Execution Time": 493.747
  }
]