[
  {
    "Plan": {
      "Node Type": "Aggregate",
      "Strategy": "Plain",
      "Partial Mode": "Finalize",
      "Parallel Aware": false,
      "Startup Cost": 345371.07,
      "Total Cost": 345371.08,
      "Plan Rows": 1,
      "Plan Width": 8,
      "Actual Startup Time": 5358.413,
      "Actual Total Time": 5447.551,
      "Actual Rows": 1,
      "Actual Loops": 1,
      "Plans": [
        {
          "Node Type": "Gather",
          "Parent Relationship": "Outer",
          "Parallel Aware": false,
          "Startup Cost": 345370.76,
          "Total Cost": 345371.07,
          "Plan Rows": 3,
          "Plan Width": 8,
          "Actual Startup Time": 5355.665,
          "Actual Total Time": 5447.527,
          "Actual Rows": 4,
          "Actual Loops": 1,
          "Workers Planned": 3,
          "Workers Launched": 3,
          "Single Copy": false,
          "Plans": [
            {
              "Node Type": "Aggregate",
              "Strategy": "Plain",
              "Partial Mode": "Partial",
              "Parent Relationship": "Outer",
              "Parallel Aware": false,
              "Startup Cost": 344370.76,
              "Total Cost": 344370.77,
              "Plan Rows": 1,
              "Plan Width": 8,
              "Actual Startup Time": 5349.384,
              "Actual Total Time": 5349.388,
              "Actual Rows": 1,
              "Actual Loops": 4,
              "Plans": [
                {
                  "Node Type": "Nested Loop",
                  "Parent Relationship": "Outer",
                  "Parallel Aware": false,
                  "Join Type": "Inner",
                  "Startup Cost": 47119.11,
                  "Total Cost": 340804.87,
                  "Plan Rows": 1426354,
                  "Plan Width": 0,
                  "Actual Startup Time": 174.902,
                  "Actual Total Time": 5125.215,
                  "Actual Rows": 5039362,
                  "Actual Loops": 4,
                  "Inner Unique": false,
                  "Join Filter": "(t.id = ci.movie_id)",
                  "Rows Removed by Join Filter": 0,
                  "Plans": [
                    {
                      "Node Type": "Hash Join",
                      "Parent Relationship": "Outer",
                      "Parallel Aware": true,
                      "Join Type": "Inner",
                      "Startup Cost": 47118.55,
                      "Total Cost": 77688.18,
                      "Plan Rows": 99483,
                      "Plan Width": 8,
                      "Actual Startup Time": 174.779,
                      "Actual Total Time": 408.032,
                      "Actual Rows": 205335,
                      "Actual Loops": 4,
                      "Inner Unique": true,
                      "Hash Cond": "(mc.movie_id = t.id)",
                      "Plans": [
                        {
                          "Node Type": "Seq Scan",
                          "Parent Relationship": "Outer",
                          "Parallel Aware": true,
                          "Relation Name": "movie_companies",
                          "Alias": "mc",
                          "Startup Cost": 0.0,
                          "Total Cost": 29310.68,
                          "Plan Rows": 479599,
                          "Plan Width": 4,
                          "Actual Startup Time": 5.563,
                          "Actual Total Time": 78.264,
                          "Actual Rows": 370143,
                          "Actual Loops": 4,
                          "Filter": "(company_id > 8185)",
                          "Rows Removed by Filter": 282139
                        },
                        {
                          "Node Type": "Hash",
                          "Parent Relationship": "Inner",
                          "Parallel Aware": true,
                          "Startup Cost": 45479.59,
                          "Total Cost": 45479.59,
                          "Plan Rows": 131117,
                          "Plan Width": 4,
                          "Actual Startup Time": 165.628,
                          "Actual Total Time": 165.629,
                          "Actual Rows": 152383,
                          "Actual Loops": 4,
                          "Hash Buckets": 1048576,
                          "Original Hash Buckets": 1048576,
                          "Hash Batches": 1,
                          "Original Hash Batches": 1,
                          "Peak Memory Usage": 32128,
                          "Plans": [
                            {
                              "Node Type": "Seq Scan",
                              "Parent Relationship": "Outer",
                              "Parallel Aware": true,
                              "Relation Name": "title",
                              "Alias": "t",
                              "Startup Cost": 0.0,
                              "Total Cost": 45479.59,
                              "Plan Rows": 131117,
                              "Plan Width": 4,
                              "Actual Startup Time": 0.033,
                              "Actual Total Time": 106.54,
                              "Actual Rows": 152383,
                              "Actual Loops": 4,
                              "Filter": "((kind_id < 7) AND (production_year < 2005))",
                              "Rows Removed by Filter": 479695
                            }
                          ]
                        }
                      ]
                    },
                    {
                      "Node Type": "Index Only Scan",
                      "Parent Relationship": "Inner",
                      "Parallel Aware": false,
                      "Scan Direction": "Forward",
                      "Index Name": "movie_id_cast_info",
                      "Relation Name": "cast_info",
                      "Alias": "ci",
                      "Startup Cost": 0.56,
                      "Total Cost": 2.21,
                      "Plan Rows": 35,
                      "Plan Width": 4,
                      "Actual Startup Time": 0.004,
                      "Actual Total Time": 0.021,
                      "Actual Rows": 25,
                      "Actual Loops": 821341,
                      "Index Cond": "(movie_id = mc.movie_id)",
                      "Rows Removed by Index Recheck": 0,
                      "Heap Fetches": 20157449
                    }
                  ]
                }
              ]
            }
          ]
        }
      ]
    },
    "Planning Time": 0.718,
    "Triggers": [],
    "Execution Time": 5447.629
  }
]