[
  {
    "Plan": {
      "Node Type": "Aggregate",
      "Strategy": "Plain",
      "Partial Mode": "Finalize",
      "Parallel Aware": false,
      "Startup Cost": 350094.28,
      "Total Cost": 350094.29,
      "Plan Rows": 1,
      "Plan Width": 8,
      "Actual Startup Time": 5316.169,
      "Actual Total Time": 5400.71,
      "Actual Rows": 1,
      "Actual Loops": 1,
      "Plans": [
        {
          "Node Type": "Gather",
          "Parent Relationship": "Outer",
          "Parallel Aware": false,
          "Startup Cost": 350093.96,
          "Total Cost": 350094.27,
          "Plan Rows": 3,
          "Plan Width": 8,
          "Actual Startup Time": 5312.494,
          "Actual Total Time": 5400.7,
          "Actual Rows": 4,
          "Actual Loops": 1,
          "Workers Planned": 3,
          "Workers Launched": 3,
          "Single Copy": false,
          "Plans": [
            {
              "Node Type": "Aggregate",
              "Strategy": "Plain",
              "Partial Mode": "Partial",
              "Parent Relationship": "Outer",
              "Parallel Aware": false,
              "Startup Cost": 349093.96,
              "Total Cost": 349093.97,
              "Plan Rows": 1,
              "Plan Width": 8,
              "Actual Startup Time": 5303.742,
              "Actual Total Time": 5303.868,
              "Actual Rows": 1,
              "Actual Loops": 4,
              "Plans": [
                {
                  "Node Type": "Nested Loop",
                  "Parent Relationship": "Outer",
                  "Parallel Aware": false,
                  "Join Type": "Inner",
                  "Startup Cost": 47116.99,
                  "Total Cost": 345554.05,
                  "Plan Rows": 1415964,
                  "Plan Width": 0,
                  "Actual Startup Time": 179.463,
                  "Actual Total Time": 5073.722,
                  "Actual Rows": 5039362,
                  "Actual Loops": 4,
                  "Inner Unique": false,
                  "Join Filter": "(t.id = ci.movie_id)",
                  "Rows Removed by Join Filter": 0,
                  "Plans": [
                    {
                      "Node Type": "Hash Join",
                      "Parent Relationship": "Outer",
                      "Parallel Aware": true,
                      "Join Type": "Inner",
                      "Startup Cost": 47116.42,
                      "Total Cost": 77678.82,
                      "Plan Rows": 98818,
                      "Plan Width": 8,
                      "Actual Startup Time": 179.358,
                      "Actual Total Time": 406.608,
                      "Actual Rows": 205335,
                      "Actual Loops": 4,
                      "Inner Unique": true,
                      "Hash Cond": "(mc.movie_id = t.id)",
                      "Plans": [
                        {
                          "Node Type": "Seq Scan",
                          "Parent Relationship": "Outer",
                          "Parallel Aware": true,
                          "Relation Name": "movie_companies",
                          "Alias": "mc",
                          "Startup Cost": 0.0,
                          "Total Cost": 29310.68,
                          "Plan Rows": 476843,
                          "Plan Width": 4,
                          "Actual Startup Time": 5.589,
                          "Actual Total Time": 76.882,
                          "Actual Rows": 370143,
                          "Actual Loops": 4,
                          "Filter": "(company_id > 8185)",
                          "Rows Removed by Filter": 282139
                        },
                        {
                          "Node Type": "Hash",
                          "Parent Relationship": "Inner",
                          "Parallel Aware": true,
                          "Startup Cost": 45479.1,
                          "Total Cost": 45479.1,
                          "Plan Rows": 130986,
                          "Plan Width": 4,
                          "Actual Startup Time": 170.577,
                          "Actual Total Time": 170.578,
                          "Actual Rows": 152383,
                          "Actual Loops": 4,
                          "Hash Buckets": 1048576,
                          "Original Hash Buckets": 524288,
                          "Hash Batches": 1,
                          "Original Hash Batches": 1,
                          "Peak Memory Usage": 36192,
                          "Plans": [
                            {
                              "Node Type": "Seq Scan",
                              "Parent Relationship": "Outer",
                              "Parallel Aware": true,
                              "Relation Name": "title",
                              "Alias": "t",
                              "Startup Cost": 0.0,
                              "Total Cost": 45479.1,
                              "Plan Rows": 130986,
                              "Plan Width": 4,
                              "Actual Startup Time": 0.037,
                              "Actual Total Time": 107.499,
                              "Actual Rows": 152383,
                              "Actual Loops": 4,
                              "Filter": "((kind_id < 7) AND (production_year < 2005))",
                              "Rows Removed by Filter": 479695
                            }
                          ]
                        }
                      ]
                    },
                    {
                      "Node Type": "Index Only Scan",
                      "Parent Relationship": "Inner",
                      "Parallel Aware": false,
                      "Scan Direction": "Forward",
                      "Index Name": "movie_id_cast_info",
                      "Relation Name": "cast_info",
                      "Alias": "ci",
                      "Startup Cost": 0.56,
                      "Total Cost": 2.25,
                      "Plan Rows": 37,
                      "Plan Width": 4,
                      "Actual Startup Time": 0.004,
                      "Actual Total Time": 0.02,
                      "Actual Rows": 25,
                      "Actual Loops": 821341,
                      "Index Cond": "(movie_id = mc.movie_id)",
                      "Rows Removed by Index Recheck": 0,
                      "Heap Fetches": 20157449
                    }
                  ]
                }
              ]
            }
          ]
        }
      ]
    },
    "Planning Time": 1.466,
    "Triggers": [],
    "Execution Time": 5400.818
  }
]