[
  {
    "Plan": {
      "Node Type": "Aggregate",
      "Strategy": "Plain",
      "Partial Mode": "Finalize",
      "Parallel Aware": false,
      "Startup Cost": 443738.21,
      "Total Cost": 443738.22,
      "Plan Rows": 1,
      "Plan Width": 8,
      "Actual Startup Time": 1802.218,
      "Actual Total Time": 1857.751,
      "Actual Rows": 1,
      "Actual Loops": 1,
      "Plans": [
        {
          "Node Type": "Gather",
          "Parent Relationship": "Outer",
          "Parallel Aware": false,
          "Startup Cost": 443737.58,
          "Total Cost": 443738.19,
          "Plan Rows": 6,
          "Plan Width": 8,
          "Actual Startup Time": 1779.115,
          "Actual Total Time": 1857.731,
          "Actual Rows": 7,
          "Actual Loops": 1,
          "Workers Planned": 6,
          "Workers Launched": 6,
          "Single Copy": false,
          "Plans": [
            {
              "Node Type": "Aggregate",
              "Strategy": "Plain",
              "Partial Mode": "Partial",
              "Parent Relationship": "Outer",
              "Parallel Aware": false,
              "Startup Cost": 442737.58,
              "Total Cost": 442737.59,
              "Plan Rows": 1,
              "Plan Width": 8,
              "Actual Startup Time": 1770.493,
              "Actual Total Time": 1770.928,
              "Actual Rows": 1,
              "Actual Loops": 7,
              "Plans": [
                {
                  "Node Type": "Hash Join",
                  "Parent Relationship": "Outer",
                  "Parallel Aware": true,
                  "Join Type": "Inner",
                  "Startup Cost": 86573.27,
                  "Total Cost": 440733.4,
                  "Plan Rows": 801673,
                  "Plan Width": 0,
                  "Actual Startup Time": 597.132,
                  "Actual Total Time": 1702.866,
                  "Actual Rows": 1184301,
                  "Actual Loops": 7,
                  "Inner Unique": false,
                  "Hash Cond": "(ci.movie_id = t.id)",
                  "Plans": [
                    {
                      "Node Type": "Seq Scan",
                      "Parent Relationship": "Outer",
                      "Parallel Aware": true,
                      "Relation Name": "cast_info",
                      "Alias": "ci",
                      "Startup Cost": 0.0,
                      "Total Cost": 343316.27,
                      "Plan Rows": 2202086,
                      "Plan Width": 4,
                      "Actual Startup Time": 165.399,
                      "Actual Total Time": 770.87,
                      "Actual Rows": 1565377,
                      "Actual Loops": 7,
                      "Filter": "((person_id > 1250571) AND (role_id < 3))",
                      "Rows Removed by Filter": 3612386
                    },
                    {
                      "Node Type": "Hash",
                      "Parent Relationship": "Inner",
                      "Parallel Aware": true,
                      "Startup Cost": 82861.67,
                      "Total Cost": 82861.67,
                      "Plan Rows": 296928,
                      "Plan Width": 8,
                      "Actual Startup Time": 429.371,
                      "Actual Total Time": 429.804,
                      "Actual Rows": 104274,
                      "Actual Loops": 7,
                      "Hash Buckets": 1048576,
                      "Original Hash Buckets": 1048576,
                      "Hash Batches": 1,
                      "Original Hash Batches": 1,
                      "Peak Memory Usage": 36896,
                      "Plans": [
                        {
                          "Node Type": "Hash Join",
                          "Parent Relationship": "Outer",
                          "Parallel Aware": true,
                          "Join Type": "Inner",
                          "Startup Cost": 50516.1,
                          "Total Cost": 82861.67,
                          "Plan Rows": 296928,
                          "Plan Width": 8,
                          "Actual Startup Time": 274.283,
                          "Actual Total Time": 384.44,
                          "Actual Rows": 104274,
                          "Actual Loops": 7,
                          "Inner Unique": true,
                          "Hash Cond": "(mc.movie_id = t.id)",
                          "Plans": [
                            {
                              "Node Type": "Seq Scan",
                              "Parent Relationship": "Outer",
                              "Parallel Aware": true,
                              "Relation Name": "movie_companies",
                              "Alias": "mc",
                              "Startup Cost": 0.0,
                              "Total Cost": 31414.82,
                              "Plan Rows": 354572,
                              "Plan Width": 4,
                              "Actual Startup Time": 0.042,
                              "Actual Total Time": 55.128,
                              "Actual Rows": 142549,
                              "Actual Loops": 7,
                              "Filter": "((company_id > 176) AND (company_type_id = 1))",
                              "Rows Removed by Filter": 230184
                            },
                            {
                              "Node Type": "Hash",
                              "Parent Relationship": "Inner",
                              "Parallel Aware": true,
                              "Startup Cost": 43899.32,
                              "Total Cost": 43899.32,
                              "Plan Rows": 529342,
                              "Plan Width": 4,
                              "Actual Startup Time": 270.365,
                              "Actual Total Time": 270.367,
                              "Actual Rows": 300591,
                              "Actual Loops": 7,
                              "Hash Buckets": 4194304,
                              "Original Hash Buckets": 4194304,
                              "Hash Batches": 1,
                              "Original Hash Batches": 1,
                              "Peak Memory Usage": 115168,
                              "Plans": [
                                {
                                  "Node Type": "Seq Scan",
                                  "Parent Relationship": "Outer",
                                  "Parallel Aware": true,
                                  "Relation Name": "title",
                                  "Alias": "t",
                                  "Startup Cost": 0.0,
                                  "Total Cost": 43899.32,
                                  "Plan Rows": 529342,
                                  "Plan Width": 4,
                                  "Actual Startup Time": 0.068,
                                  "Actual Total Time": 92.493,
                                  "Actual Rows": 300591,
                                  "Actual Loops": 7,
                                  "Filter": "(production_year > 1968)",
                                  "Rows Removed by Filter": 60596
                                }
                              ]
                            }
                          ]
                        }
                      ]
                    }
                  ]
                }
              ]
            }
          ]
        }
      ]
    },
    "Planning Time": 0.528,
    "Triggers": [],
    "Execution Time": 1857.81
  }
]