[
    {
        "Bao": {
            "Bao prediction": "NaN",
            "Bao recommended hint": "(no hint)"
        }
    },
    {
        "Plan": {
            "Node Type": "Aggregate",
            "Strategy": "Plain",
            "Partial Mode": "Finalize",
            "Parallel Aware": false,
            "Startup Cost": 306451.22,
            "Total Cost": 306451.23,
            "Plan Rows": 1,
            "Plan Width": 8,
            "Actual Startup Time": 4938.55,
            "Actual Total Time": 4963.822,
            "Actual Rows": 1,
            "Actual Loops": 1,
            "Output": [
                "count(*)"
            ],
            "Plans": [
                {
                    "Node Type": "Gather",
                    "Parent Relationship": "Outer",
                    "Parallel Aware": false,
                    "Startup Cost": 306450.7,
                    "Total Cost": 306451.21,
                    "Plan Rows": 5,
                    "Plan Width": 8,
                    "Actual Startup Time": 4923.259,
                    "Actual Total Time": 4963.813,
                    "Actual Rows": 6,
                    "Actual Loops": 1,
                    "Output": [
                        "(PARTIAL count(*))"
                    ],
                    "Workers Planned": 5,
                    "Workers Launched": 5,
                    "Single Copy": false,
                    "Plans": [
                        {
                            "Node Type": "Aggregate",
                            "Strategy": "Plain",
                            "Partial Mode": "Partial",
                            "Parent Relationship": "Outer",
                            "Parallel Aware": false,
                            "Startup Cost": 305450.7,
                            "Total Cost": 305450.71,
                            "Plan Rows": 1,
                            "Plan Width": 8,
                            "Actual Startup Time": 4911.452,
                            "Actual Total Time": 4912.037,
                            "Actual Rows": 1,
                            "Actual Loops": 6,
                            "Output": [
                                "PARTIAL count(*)"
                            ],
                            "Workers": [
                                {
                                    "Worker Number": 0,
                                    "Actual Startup Time": 4911.999,
                                    "Actual Total Time": 4912.003,
                                    "Actual Rows": 1,
                                    "Actual Loops": 1
                                },
                                {
                                    "Worker Number": 1,
                                    "Actual Startup Time": 4908.523,
                                    "Actual Total Time": 4908.527,
                                    "Actual Rows": 1,
                                    "Actual Loops": 1
                                },
                                {
                                    "Worker Number": 2,
                                    "Actual Startup Time": 4908.455,
                                    "Actual Total Time": 4908.459,
                                    "Actual Rows": 1,
                                    "Actual Loops": 1
                                },
                                {
                                    "Worker Number": 3,
                                    "Actual Startup Time": 4908.53,
                                    "Actual Total Time": 4908.534,
                                    "Actual Rows": 1,
                                    "Actual Loops": 1
                                },
                                {
                                    "Worker Number": 4,
                                    "Actual Startup Time": 4908.53,
                                    "Actual Total Time": 4908.534,
                                    "Actual Rows": 1,
                                    "Actual Loops": 1
                                }
                            ],
                            "Plans": [
                                {
                                    "Node Type": "Hash Join",
                                    "Parent Relationship": "Outer",
                                    "Parallel Aware": true,
                                    "Join Type": "Inner",
                                    "Startup Cost": 93718.84,
                                    "Total Cost": 303091.58,
                                    "Plan Rows": 943647,
                                    "Plan Width": 0,
                                    "Actual Startup Time": 576.601,
                                    "Actual Total Time": 3505.267,
                                    "Actual Rows": 32354601,
                                    "Actual Loops": 6,
                                    "Inner Unique": false,
                                    "Hash Cond": "(mi.movie_id = t.id)",
                                    "Workers": [
                                        {
                                            "Worker Number": 0,
                                            "Actual Startup Time": 574.157,
                                            "Actual Total Time": 3502.836,
                                            "Actual Rows": 31780134,
                                            "Actual Loops": 1
                                        },
                                        {
                                            "Worker Number": 1,
                                            "Actual Startup Time": 574.268,
                                            "Actual Total Time": 3499.56,
                                            "Actual Rows": 28779951,
                                            "Actual Loops": 1
                                        },
                                        {
                                            "Worker Number": 2,
                                            "Actual Startup Time": 574.219,
                                            "Actual Total Time": 3508.73,
                                            "Actual Rows": 36371984,
                                            "Actual Loops": 1
                                        },
                                        {
                                            "Worker Number": 3,
                                            "Actual Startup Time": 574.297,
                                            "Actual Total Time": 3499.408,
                                            "Actual Rows": 29599114,
                                            "Actual Loops": 1
                                        },
                                        {
                                            "Worker Number": 4,
                                            "Actual Startup Time": 574.257,
                                            "Actual Total Time": 3506.766,
                                            "Actual Rows": 35841089,
                                            "Actual Loops": 1
                                        }
                                    ],
                                    "Plans": [
                                        {
                                            "Node Type": "Seq Scan",
                                            "Parent Relationship": "Outer",
                                            "Parallel Aware": true,
                                            "Relation Name": "movie_info",
                                            "Schema": "public",
                                            "Alias": "mi",
                                            "Startup Cost": 0.0,
                                            "Total Cost": 198880.74,
                                            "Plan Rows": 1986127,
                                            "Plan Width": 4,
                                            "Actual Startup Time": 16.102,
                                            "Actual Total Time": 319.767,
                                            "Actual Rows": 1651959,
                                            "Actual Loops": 6,
                                            "Output": [
                                                "mi.id",
                                                "mi.movie_id",
                                                "mi.info_type_id",
                                                "mi.info",
                                                "mi.note"
                                            ],
                                            "Filter": "(mi.info_type_id > 4)",
                                            "Rows Removed by Filter": 820661,
                                            "Workers": [
                                                {
                                                    "Worker Number": 0,
                                                    "Actual Startup Time": 16.167,
                                                    "Actual Total Time": 334.647,
                                                    "Actual Rows": 1480320,
                                                    "Actual Loops": 1
                                                },
                                                {
                                                    "Worker Number": 1,
                                                    "Actual Startup Time": 16.159,
                                                    "Actual Total Time": 334.007,
                                                    "Actual Rows": 1410440,
                                                    "Actual Loops": 1
                                                },
                                                {
                                                    "Worker Number": 2,
                                                    "Actual Startup Time": 16.151,
                                                    "Actual Total Time": 330.751,
                                                    "Actual Rows": 1861210,
                                                    "Actual Loops": 1
                                                },
                                                {
                                                    "Worker Number": 3,
                                                    "Actual Startup Time": 16.073,
                                                    "Actual Total Time": 328.876,
                                                    "Actual Rows": 1433783,
                                                    "Actual Loops": 1
                                                },
                                                {
                                                    "Worker Number": 4,
                                                    "Actual Startup Time": 16.042,
                                                    "Actual Total Time": 321.258,
                                                    "Actual Rows": 1849654,
                                                    "Actual Loops": 1
                                                }
                                            ]
                                        },
                                        {
                                            "Node Type": "Hash",
                                            "Parent Relationship": "Inner",
                                            "Parallel Aware": true,
                                            "Startup Cost": 88875.06,
                                            "Total Cost": 88875.06,
                                            "Plan Rows": 387502,
                                            "Plan Width": 8,
                                            "Actual Startup Time": 540.824,
                                            "Actual Total Time": 541.408,
                                            "Actual Rows": 481112,
                                            "Actual Loops": 6,
                                            "Output": [
                                                "t.id",
                                                "mk.movie_id"
                                            ],
                                            "Hash Buckets": 4194304,
                                            "Original Hash Buckets": 2097152,
                                            "Hash Batches": 1,
                                            "Original Hash Batches": 1,
                                            "Peak Memory Usage": 162208,
                                            "Workers": [
                                                {
                                                    "Worker Number": 0,
                                                    "Actual Startup Time": 542.762,
                                                    "Actual Total Time": 542.764,
                                                    "Actual Rows": 397713,
                                                    "Actual Loops": 1
                                                },
                                                {
                                                    "Worker Number": 1,
                                                    "Actual Startup Time": 542.909,
                                                    "Actual Total Time": 542.913,
                                                    "Actual Rows": 396237,
                                                    "Actual Loops": 1
                                                },
                                                {
                                                    "Worker Number": 2,
                                                    "Actual Startup Time": 542.752,
                                                    "Actual Total Time": 542.755,
                                                    "Actual Rows": 597212,
                                                    "Actual Loops": 1
                                                },
                                                {
                                                    "Worker Number": 3,
                                                    "Actual Startup Time": 542.58,
                                                    "Actual Total Time": 542.583,
                                                    "Actual Rows": 340340,
                                                    "Actual Loops": 1
                                                },
                                                {
                                                    "Worker Number": 4,
                                                    "Actual Startup Time": 542.661,
                                                    "Actual Total Time": 542.664,
                                                    "Actual Rows": 552690,
                                                    "Actual Loops": 1
                                                }
                                            ],
                                            "Plans": [
                                                {
                                                    "Node Type": "Hash Join",
                                                    "Parent Relationship": "Outer",
                                                    "Parallel Aware": true,
                                                    "Join Type": "Inner",
                                                    "Startup Cost": 45996.98,
                                                    "Total Cost": 88875.06,
                                                    "Plan Rows": 387502,
                                                    "Plan Width": 8,
                                                    "Actual Startup Time": 165.12,
                                                    "Actual Total Time": 346.877,
                                                    "Actual Rows": 481112,
                                                    "Actual Loops": 6,
                                                    "Output": [
                                                        "t.id",
                                                        "mk.movie_id"
                                                    ],
                                                    "Inner Unique": true,
                                                    "Hash Cond": "(mk.movie_id = t.id)",
                                                    "Workers": [
                                                        {
                                                            "Worker Number": 0,
                                                            "Actual Startup Time": 165.061,
                                                            "Actual Total Time": 346.507,
                                                            "Actual Rows": 397713,
                                                            "Actual Loops": 1
                                                        },
                                                        {
                                                            "Worker Number": 1,
                                                            "Actual Startup Time": 165.06,
                                                            "Actual Total Time": 346.831,
                                                            "Actual Rows": 396237,
                                                            "Actual Loops": 1
                                                        },
                                                        {
                                                            "Worker Number": 2,
                                                            "Actual Startup Time": 165.054,
                                                            "Actual Total Time": 345.52,
                                                            "Actual Rows": 597212,
                                                            "Actual Loops": 1
                                                        },
                                                        {
                                                            "Worker Number": 3,
                                                            "Actual Startup Time": 165.126,
                                                            "Actual Total Time": 348.337,
                                                            "Actual Rows": 340340,
                                                            "Actual Loops": 1
                                                        },
                                                        {
                                                            "Worker Number": 4,
                                                            "Actual Startup Time": 165.133,
                                                            "Actual Total Time": 346.689,
                                                            "Actual Rows": 552690,
                                                            "Actual Loops": 1
                                                        }
                                                    ],
                                                    "Plans": [
                                                        {
                                                            "Node Type": "Seq Scan",
                                                            "Parent Relationship": "Outer",
                                                            "Parallel Aware": true,
                                                            "Relation Name": "movie_keyword",
                                                            "Schema": "public",
                                                            "Alias": "mk",
                                                            "Startup Cost": 0.0,
                                                            "Total Cost": 39047.32,
                                                            "Plan Rows": 1459332,
                                                            "Plan Width": 4,
                                                            "Actual Startup Time": 0.016,
                                                            "Actual Total Time": 75.208,
                                                            "Actual Rows": 753988,
                                                            "Actual Loops": 6,
                                                            "Output": [
                                                                "mk.id",
                                                                "mk.movie_id",
                                                                "mk.keyword_id"
                                                            ],
                                                            "Workers": [
                                                                {
                                                                    "Worker Number": 0,
                                                                    "Actual Startup Time": 0.025,
                                                                    "Actual Total Time": 78.186,
                                                                    "Actual Rows": 615620,
                                                                    "Actual Loops": 1
                                                                },
                                                                {
                                                                    "Worker Number": 1,
                                                                    "Actual Startup Time": 0.014,
                                                                    "Actual Total Time": 77.244,
                                                                    "Actual Rows": 614570,
                                                                    "Actual Loops": 1
                                                                },
                                                                {
                                                                    "Worker Number": 2,
                                                                    "Actual Startup Time": 0.021,
                                                                    "Actual Total Time": 75.493,
                                                                    "Actual Rows": 936100,
                                                                    "Actual Loops": 1
                                                                },
                                                                {
                                                                    "Worker Number": 3,
                                                                    "Actual Startup Time": 0.014,
                                                                    "Actual Total Time": 77.255,
                                                                    "Actual Rows": 540015,
                                                                    "Actual Loops": 1
                                                                },
                                                                {
                                                                    "Worker Number": 4,
                                                                    "Actual Startup Time": 0.017,
                                                                    "Actual Total Time": 76.29,
                                                                    "Actual Rows": 865430,
                                                                    "Actual Loops": 1
                                                                }
                                                            ]
                                                        },
                                                        {
                                                            "Node Type": "Hash",
                                                            "Parent Relationship": "Inner",
                                                            "Parallel Aware": true,
                                                            "Startup Cost": 43899.01,
                                                            "Total Cost": 43899.01,
                                                            "Plan Rows": 167838,
                                                            "Plan Width": 4,
                                                            "Actual Startup Time": 133.843,
                                                            "Actual Total Time": 133.844,
                                                            "Actual Rows": 110471,
                                                            "Actual Loops": 6,
                                                            "Output": [
                                                                "t.id"
                                                            ],
                                                            "Hash Buckets": 1048576,
                                                            "Original Hash Buckets": 1048576,
                                                            "Hash Batches": 1,
                                                            "Original Hash Batches": 1,
                                                            "Peak Memory Usage": 34208,
                                                            "Workers": [
                                                                {
                                                                    "Worker Number": 0,
                                                                    "Actual Startup Time": 135.049,
                                                                    "Actual Total Time": 135.05,
                                                                    "Actual Rows": 88956,
                                                                    "Actual Loops": 1
                                                                },
                                                                {
                                                                    "Worker Number": 1,
                                                                    "Actual Startup Time": 135.021,
                                                                    "Actual Total Time": 135.023,
                                                                    "Actual Rows": 87685,
                                                                    "Actual Loops": 1
                                                                },
                                                                {
                                                                    "Worker Number": 2,
                                                                    "Actual Startup Time": 135.033,
                                                                    "Actual Total Time": 135.034,
                                                                    "Actual Rows": 126470,
                                                                    "Actual Loops": 1
                                                                },
                                                                {
                                                                    "Worker Number": 3,
                                                                    "Actual Startup Time": 135.086,
                                                                    "Actual Total Time": 135.087,
                                                                    "Actual Rows": 86588,
                                                                    "Actual Loops": 1
                                                                },
                                                                {
                                                                    "Worker Number": 4,
                                                                    "Actual Startup Time": 135.21,
                                                                    "Actual Total Time": 135.211,
                                                                    "Actual Rows": 127507,
                                                                    "Actual Loops": 1
                                                                }
                                                            ],
                                                            "Plans": [
                                                                {
                                                                    "Node Type": "Seq Scan",
                                                                    "Parent Relationship": "Outer",
                                                                    "Parallel Aware": true,
                                                                    "Relation Name": "title",
                                                                    "Schema": "public",
                                                                    "Alias": "t",
                                                                    "Startup Cost": 0.0,
                                                                    "Total Cost": 43899.01,
                                                                    "Plan Rows": 167838,
                                                                    "Plan Width": 4,
                                                                    "Actual Startup Time": 42.384,
                                                                    "Actual Total Time": 84.079,
                                                                    "Actual Rows": 110471,
                                                                    "Actual Loops": 6,
                                                                    "Output": [
                                                                        "t.id"
                                                                    ],
                                                                    "Filter": "(t.kind_id = 1)",
                                                                    "Rows Removed by Filter": 310914,
                                                                    "Workers": [
                                                                        {
                                                                            "Worker Number": 0,
                                                                            "Actual Startup Time": 49.848,
                                                                            "Actual Total Time": 86.1,
                                                                            "Actual Rows": 88956,
                                                                            "Actual Loops": 1
                                                                        },
                                                                        {
                                                                            "Worker Number": 1,
                                                                            "Actual Startup Time": 49.81,
                                                                            "Actual Total Time": 85.332,
                                                                            "Actual Rows": 87685,
                                                                            "Actual Loops": 1
                                                                        },
                                                                        {
                                                                            "Worker Number": 2,
                                                                            "Actual Startup Time": 49.849,
                                                                            "Actual Total Time": 83.421,
                                                                            "Actual Rows": 126470,
                                                                            "Actual Loops": 1
                                                                        },
                                                                        {
                                                                            "Worker Number": 3,
                                                                            "Actual Startup Time": 50.071,
                                                                            "Actual Total Time": 86.162,
                                                                            "Actual Rows": 86588,
                                                                            "Actual Loops": 1
                                                                        },
                                                                        {
                                                                            "Worker Number": 4,
                                                                            "Actual Startup Time": 50.052,
                                                                            "Actual Total Time": 83.971,
                                                                            "Actual Rows": 127507,
                                                                            "Actual Loops": 1
                                                                        }
                                                                    ]
                                                                }
                                                            ]
                                                        }
                                                    ]
                                                }
                                            ]
                                        }
                                    ]
                                }
                            ]
                        }
                    ]
                }
            ]
        },
        "Planning Time": 223.24,
        "Triggers": [],
        "Execution Time": 4963.908
    }
]