[
  {
    "Plan": {
      "Node Type": "Aggregate",
      "Strategy": "Plain",
      "Partial Mode": "Finalize",
      "Parallel Aware": false,
      "Startup Cost": 246869.49,
      "Total Cost": 246869.5,
      "Plan Rows": 1,
      "Plan Width": 8,
      "Actual Startup Time": 527.761,
      "Actual Total Time": 581.181,
      "Actual Rows": 1,
      "Actual Loops": 1,
      "Plans": [
        {
          "Node Type": "Gather",
          "Parent Relationship": "Outer",
          "Parallel Aware": false,
          "Startup Cost": 246868.97,
          "Total Cost": 246869.48,
          "Plan Rows": 5,
          "Plan Width": 8,
          "Actual Startup Time": 526.713,
          "Actual Total Time": 581.164,
          "Actual Rows": 6,
          "Actual Loops": 1,
          "Workers Planned": 5,
          "Workers Launched": 5,
          "Single Copy": false,
          "Plans": [
            {
              "Node Type": "Aggregate",
              "Strategy": "Plain",
              "Partial Mode": "Partial",
              "Parent Relationship": "Outer",
              "Parallel Aware": false,
              "Startup Cost": 245868.97,
              "Total Cost": 245868.98,
              "Plan Rows": 1,
              "Plan Width": 8,
              "Actual Startup Time": 519.798,
              "Actual Total Time": 519.802,
              "Actual Rows": 1,
              "Actual Loops": 6,
              "Plans": [
                {
                  "Node Type": "Hash Join",
                  "Parent Relationship": "Outer",
                  "Parallel Aware": true,
                  "Join Type": "Inner",
                  "Startup Cost": 45768.39,
                  "Total Cost": 245835.59,
                  "Plan Rows": 13353,
                  "Plan Width": 0,
                  "Actual Startup Time": 114.518,
                  "Actual Total Time": 519.38,
                  "Actual Rows": 4525,
                  "Actual Loops": 6,
                  "Inner Unique": true,
                  "Hash Cond": "(mi.movie_id = t.id)",
                  "Plans": [
                    {
                      "Node Type": "Seq Scan",
                      "Parent Relationship": "Outer",
                      "Parallel Aware": true,
                      "Relation Name": "movie_info",
                      "Alias": "mi",
                      "Startup Cost": 0.0,
                      "Total Cost": 199108.24,
                      "Plan Rows": 365318,
                      "Plan Width": 4,
                      "Actual Startup Time": 20.115,
                      "Actual Total Time": 380.842,
                      "Actual Rows": 310939,
                      "Actual Loops": 6,
                      "Filter": "(info_type_id > 17)",
                      "Rows Removed by Filter": 2161681
                    },
                    {
                      "Node Type": "Hash",
                      "Parent Relationship": "Inner",
                      "Parallel Aware": true,
                      "Startup Cost": 45479.59,
                      "Total Cost": 45479.59,
                      "Plan Rows": 23104,
                      "Plan Width": 4,
                      "Actual Startup Time": 93.632,
                      "Actual Total Time": 93.634,
                      "Actual Rows": 16792,
                      "Actual Loops": 6,
                      "Hash Buckets": 131072,
                      "Original Hash Buckets": 131072,
                      "Hash Batches": 1,
                      "Original Hash Batches": 1,
                      "Peak Memory Usage": 5056,
                      "Plans": [
                        {
                          "Node Type": "Seq Scan",
                          "Parent Relationship": "Outer",
                          "Parallel Aware": true,
                          "Relation Name": "title",
                          "Alias": "t",
                          "Startup Cost": 0.0,
                          "Total Cost": 45479.59,
                          "Plan Rows": 23104,
                          "Plan Width": 4,
                          "Actual Startup Time": 0.038,
                          "Actual Total Time": 85.564,
                          "Actual Rows": 16792,
                          "Actual Loops": 6,
                          "Filter": "((kind_id > 1) AND (production_year = 2008))",
                          "Rows Removed by Filter": 404593
                        }
                      ]
                    }
                  ]
                }
              ]
            }
          ]
        }
      ]
    },
    "Planning Time": 0.723,
    "Triggers": [],
    "Execution Time": 581.271
  }
]