[
  {
    "Plan": {
      "Node Type": "Aggregate",
      "Strategy": "Plain",
      "Partial Mode": "Finalize",
      "Parallel Aware": false,
      "Startup Cost": 25053.37,
      "Total Cost": 25053.38,
      "Plan Rows": 1,
      "Plan Width": 8,
      "Actual Startup Time": 49.448,
      "Actual Total Time": 55.462,
      "Actual Rows": 1,
      "Actual Loops": 1,
      "Plans": [
        {
          "Node Type": "Gather",
          "Parent Relationship": "Outer",
          "Parallel Aware": false,
          "Startup Cost": 25053.05,
          "Total Cost": 25053.36,
          "Plan Rows": 3,
          "Plan Width": 8,
          "Actual Startup Time": 49.156,
          "Actual Total Time": 55.453,
          "Actual Rows": 4,
          "Actual Loops": 1,
          "Workers Planned": 3,
          "Workers Launched": 3,
          "Single Copy": false,
          "Plans": [
            {
              "Node Type": "Aggregate",
              "Strategy": "Plain",
              "Partial Mode": "Partial",
              "Parent Relationship": "Outer",
              "Parallel Aware": false,
              "Startup Cost": 24053.05,
              "Total Cost": 24053.06,
              "Plan Rows": 1,
              "Plan Width": 8,
              "Actual Startup Time": 45.881,
              "Actual Total Time": 45.882,
              "Actual Rows": 1,
              "Actual Loops": 4,
              "Plans": [
                {
                  "Node Type": "Bitmap Heap Scan",
                  "Parent Relationship": "Outer",
                  "Parallel Aware": true,
                  "Relation Name": "movie_companies",
                  "Alias": "mc",
                  "Startup Cost": 4302.66,
                  "Total Cost": 23892.98,
                  "Plan Rows": 64026,
                  "Plan Width": 0,
                  "Actual Startup Time": 12.734,
                  "Actual Total Time": 43.153,
                  "Actual Rows": 48010,
                  "Actual Loops": 4,
                  "Recheck Cond": "(company_id < 52)",
                  "Rows Removed by Index Recheck": 0,
                  "Exact Heap Blocks": 7771,
                  "Lossy Heap Blocks": 0,
                  "Plans": [
                    {
                      "Node Type": "Bitmap Index Scan",
                      "Parent Relationship": "Outer",
                      "Parallel Aware": false,
                      "Index Name": "company_id_movie_companies",
                      "Startup Cost": 0.0,
                      "Total Cost": 4253.04,
                      "Plan Rows": 198481,
                      "Plan Width": 0,
                      "Actual Startup Time": 13.372,
                      "Actual Total Time": 13.373,
                      "Actual Rows": 192038,
                      "Actual Loops": 1,
                      "Index Cond": "(company_id < 52)"
                    }
                  ]
                }
              ]
            }
          ]
        }
      ]
    },
    "Planning Time": 0.112,
    "Triggers": [],
    "Execution Time": 55.493
  }
]