[
  {
    "Plan": {
      "Node Type": "Aggregate",
      "Strategy": "Plain",
      "Partial Mode": "Finalize",
      "Parallel Aware": false,
      "Startup Cost": 24931.58,
      "Total Cost": 24931.59,
      "Plan Rows": 1,
      "Plan Width": 8,
      "Actual Startup Time": 73.893,
      "Actual Total Time": 79.117,
      "Actual Rows": 1,
      "Actual Loops": 1,
      "Plans": [
        {
          "Node Type": "Gather",
          "Parent Relationship": "Outer",
          "Parallel Aware": false,
          "Startup Cost": 24931.27,
          "Total Cost": 24931.58,
          "Plan Rows": 3,
          "Plan Width": 8,
          "Actual Startup Time": 73.597,
          "Actual Total Time": 79.11,
          "Actual Rows": 4,
          "Actual Loops": 1,
          "Workers Planned": 3,
          "Workers Launched": 3,
          "Single Copy": false,
          "Plans": [
            {
              "Node Type": "Aggregate",
              "Strategy": "Plain",
              "Partial Mode": "Partial",
              "Parent Relationship": "Outer",
              "Parallel Aware": false,
              "Startup Cost": 23931.27,
              "Total Cost": 23931.28,
              "Plan Rows": 1,
              "Plan Width": 8,
              "Actual Startup Time": 64.479,
              "Actual Total Time": 64.48,
              "Actual Rows": 1,
              "Actual Loops": 4,
              "Plans": [
                {
                  "Node Type": "Bitmap Heap Scan",
                  "Parent Relationship": "Outer",
                  "Parallel Aware": true,
                  "Relation Name": "movie_companies",
                  "Alias": "mc",
                  "Startup Cost": 4203.09,
                  "Total Cost": 23774.9,
                  "Plan Rows": 62545,
                  "Plan Width": 0,
                  "Actual Startup Time": 22.696,
                  "Actual Total Time": 60.701,
                  "Actual Rows": 48010,
                  "Actual Loops": 4,
                  "Recheck Cond": "(company_id < 52)",
                  "Rows Removed by Index Recheck": 0,
                  "Exact Heap Blocks": 9890,
                  "Lossy Heap Blocks": 0,
                  "Plans": [
                    {
                      "Node Type": "Bitmap Index Scan",
                      "Parent Relationship": "Outer",
                      "Parallel Aware": false,
                      "Index Name": "company_id_movie_companies",
                      "Startup Cost": 0.0,
                      "Total Cost": 4154.61,
                      "Plan Rows": 193891,
                      "Plan Width": 0,
                      "Actual Startup Time": 26.768,
                      "Actual Total Time": 26.768,
                      "Actual Rows": 192038,
                      "Actual Loops": 1,
                      "Index Cond": "(company_id < 52)"
                    }
                  ]
                }
              ]
            }
          ]
        }
      ]
    },
    "Planning Time": 0.171,
    "Triggers": [],
    "Execution Time": 79.184
  }
]