[
  {
    "Plan": {
      "Node Type": "Aggregate",
      "Strategy": "Plain",
      "Partial Mode": "Simple",
      "Parallel Aware": false,
      "Startup Cost": 16371.06,
      "Total Cost": 16371.07,
      "Plan Rows": 1,
      "Plan Width": 64,
      "Actual Startup Time": 79.025,
      "Actual Total Time": 85.14,
      "Actual Rows": 1,
      "Actual Loops": 1,
      "Plans": [
        {
          "Node Type": "Gather",
          "Parent Relationship": "Outer",
          "Parallel Aware": false,
          "Startup Cost": 1003.71,
          "Total Cost": 16371.06,
          "Plan Rows": 1,
          "Plan Width": 23,
          "Actual Startup Time": 79.018,
          "Actual Total Time": 85.133,
          "Actual Rows": 0,
          "Actual Loops": 1,
          "Workers Planned": 2,
          "Workers Launched": 2,
          "Single Copy": false,
          "Plans": [
            {
              "Node Type": "Nested Loop",
              "Parent Relationship": "Outer",
              "Parallel Aware": false,
              "Join Type": "Inner",
              "Startup Cost": 3.71,
              "Total Cost": 15370.96,
              "Plan Rows": 1,
              "Plan Width": 23,
              "Actual Startup Time": 72.37,
              "Actual Total Time": 72.376,
              "Actual Rows": 0,
              "Actual Loops": 3,
              "Inner Unique": true,
              "Plans": [
                {
                  "Node Type": "Nested Loop",
                  "Parent Relationship": "Outer",
                  "Parallel Aware": false,
                  "Join Type": "Inner",
                  "Startup Cost": 3.29,
                  "Total Cost": 15357.72,
                  "Plan Rows": 30,
                  "Plan Width": 27,
                  "Actual Startup Time": 46.083,
                  "Actual Total Time": 72.138,
                  "Actual Rows": 8,
                  "Actual Loops": 3,
                  "Inner Unique": false,
                  "Plans": [
                    {
                      "Node Type": "Nested Loop",
                      "Parent Relationship": "Outer",
                      "Parallel Aware": false,
                      "Join Type": "Inner",
                      "Startup Cost": 2.86,
                      "Total Cost": 15350.44,
                      "Plan Rows": 3,
                      "Plan Width": 31,
                      "Actual Startup Time": 42.273,
                      "Actual Total Time": 72.056,
                      "Actual Rows": 1,
                      "Actual Loops": 3,
                      "Inner Unique": true,
                      "Plans": [
                        {
                          "Node Type": "Hash Join",
                          "Parent Relationship": "Outer",
                          "Parallel Aware": false,
                          "Join Type": "Inner",
                          "Startup Cost": 2.43,
                          "Total Cost": 15134.81,
                          "Plan Rows": 32,
                          "Plan Width": 10,
                          "Actual Startup Time": 3.322,
                          "Actual Total Time": 68.29,
                          "Actual Rows": 102,
                          "Actual Loops": 3,
                          "Inner Unique": true,
                          "Hash Cond": "(mi_idx.info_type_id = it.id)",
                          "Plans": [
                            {
                              "Node Type": "Seq Scan",
                              "Parent Relationship": "Outer",
                              "Parallel Aware": true,
                              "Relation Name": "movie_info_idx",
                              "Alias": "mi_idx",
                              "Startup Cost": 0.0,
                              "Total Cost": 15122.68,
                              "Plan Rows": 3562,
                              "Plan Width": 14,
                              "Actual Startup Time": 0.13,
                              "Actual Total Time": 67.188,
                              "Actual Rows": 2774,
                              "Actual Loops": 3,
                              "Filter": "(info > '9.0'::text)",
                              "Rows Removed by Filter": 457238
                            },
                            {
                              "Node Type": "Hash",
                              "Parent Relationship": "Inner",
                              "Parallel Aware": false,
                              "Startup Cost": 2.41,
                              "Total Cost": 2.41,
                              "Plan Rows": 1,
                              "Plan Width": 4,
                              "Actual Startup Time": 0.077,
                              "Actual Total Time": 0.078,
                              "Actual Rows": 1,
                              "Actual Loops": 3,
                              "Hash Buckets": 1024,
                              "Original Hash Buckets": 1024,
                              "Hash Batches": 1,
                              "Original Hash Batches": 1,
                              "Peak Memory Usage": 9,
                              "Plans": [
                                {
                                  "Node Type": "Seq Scan",
                                  "Parent Relationship": "Outer",
                                  "Parallel Aware": false,
                                  "Relation Name": "info_type",
                                  "Alias": "it",
                                  "Startup Cost": 0.0,
                                  "Total Cost": 2.41,
                                  "Plan Rows": 1,
                                  "Plan Width": 4,
                                  "Actual Startup Time": 0.058,
                                  "Actual Total Time": 0.062,
                                  "Actual Rows": 1,
                                  "Actual Loops": 3,
                                  "Filter": "((info)::text = 'rating'::text)",
                                  "Rows Removed by Filter": 112
                                }
                              ]
                            }
                          ]
                        },
                        {
                          "Node Type": "Index Scan",
                          "Parent Relationship": "Inner",
                          "Parallel Aware": false,
                          "Scan Direction": "Forward",
                          "Index Name": "title_pkey",
                          "Relation Name": "title",
                          "Alias": "t",
                          "Startup Cost": 0.43,
                          "Total Cost": 6.74,
                          "Plan Rows": 1,
                          "Plan Width": 21,
                          "Actual Startup Time": 0.036,
                          "Actual Total Time": 0.036,
                          "Actual Rows": 0,
                          "Actual Loops": 305,
                          "Index Cond": "(id = mi_idx.movie_id)",
                          "Rows Removed by Index Recheck": 0,
                          "Filter": "(production_year < 1960)",
                          "Rows Removed by Filter": 1
                        }
                      ]
                    },
                    {
                      "Node Type": "Index Scan",
                      "Parent Relationship": "Inner",
                      "Parallel Aware": false,
                      "Scan Direction": "Forward",
                      "Index Name": "movie_id_movie_keyword",
                      "Relation Name": "movie_keyword",
                      "Alias": "mk",
                      "Startup Cost": 0.43,
                      "Total Cost": 1.97,
                      "Plan Rows": 46,
                      "Plan Width": 8,
                      "Actual Startup Time": 0.073,
                      "Actual Total Time": 0.076,
                      "Actual Rows": 8,
                      "Actual Loops": 3,
                      "Index Cond": "(movie_id = t.id)",
                      "Rows Removed by Index Recheck": 0
                    }
                  ]
                },
                {
                  "Node Type": "Index Scan",
                  "Parent Relationship": "Inner",
                  "Parallel Aware": false,
                  "Scan Direction": "Forward",
                  "Index Name": "keyword_pkey",
                  "Relation Name": "keyword",
                  "Alias": "k",
                  "Startup Cost": 0.42,
                  "Total Cost": 0.44,
                  "Plan Rows": 1,
                  "Plan Width": 4,
                  "Actual Startup Time": 0.028,
                  "Actual Total Time": 0.028,
                  "Actual Rows": 0,
                  "Actual Loops": 25,
                  "Index Cond": "(id = mk.keyword_id)",
                  "Rows Removed by Index Recheck": 0,
                  "Filter": "(keyword ~~ '%sequel%'::text)",
                  "Rows Removed by Filter": 1
                }
              ]
            }
          ]
        }
      ]
    },
    "Planning Time": 3.639,
    "Triggers": [],
    "Execution Time": 85.36
  }
]