[
  {
    "Plan": {
      "Node Type": "Aggregate",
      "Strategy": "Plain",
      "Partial Mode": "Finalize",
      "Parallel Aware": false,
      "Startup Cost": 44740.17,
      "Total Cost": 44740.18,
      "Plan Rows": 1,
      "Plan Width": 8,
      "Actual Startup Time": 130.411,
      "Actual Total Time": 139.706,
      "Actual Rows": 1,
      "Actual Loops": 1,
      "Plans": [
        {
          "Node Type": "Gather",
          "Parent Relationship": "Outer",
          "Parallel Aware": false,
          "Startup Cost": 44739.85,
          "Total Cost": 44740.16,
          "Plan Rows": 3,
          "Plan Width": 8,
          "Actual Startup Time": 130.312,
          "Actual Total Time": 139.698,
          "Actual Rows": 4,
          "Actual Loops": 1,
          "Workers Planned": 3,
          "Workers Launched": 3,
          "Single Copy": false,
          "Plans": [
            {
              "Node Type": "Aggregate",
              "Strategy": "Plain",
              "Partial Mode": "Partial",
              "Parent Relationship": "Outer",
              "Parallel Aware": false,
              "Startup Cost": 43739.85,
              "Total Cost": 43739.86,
              "Plan Rows": 1,
              "Plan Width": 8,
              "Actual Startup Time": 123.132,
              "Actual Total Time": 123.133,
              "Actual Rows": 1,
              "Actual Loops": 4,
              "Plans": [
                {
                  "Node Type": "Seq Scan",
                  "Parent Relationship": "Outer",
                  "Parallel Aware": true,
                  "Relation Name": "movie_keyword",
                  "Alias": "mk",
                  "Startup Cost": 0.0,
                  "Total Cost": 42695.65,
                  "Plan Rows": 417678,
                  "Plan Width": 0,
                  "Actual Startup Time": 2.326,
                  "Actual Total Time": 107.06,
                  "Actual Rows": 326037,
                  "Actual Loops": 4,
                  "Filter": "(keyword_id > 13479)",
                  "Rows Removed by Filter": 804946
                }
              ]
            }
          ]
        }
      ]
    },
    "Planning Time": 0.18,
    "Triggers": [],
    "Execution Time": 139.762
  }
]