[
  {
    "Plan": {
      "Node Type": "Aggregate",
      "Strategy": "Plain",
      "Partial Mode": "Finalize",
      "Parallel Aware": false,
      "Startup Cost": 23369.64,
      "Total Cost": 23369.65,
      "Plan Rows": 1,
      "Plan Width": 8,
      "Actual Startup Time": 32.965,
      "Actual Total Time": 35.831,
      "Actual Rows": 1,
      "Actual Loops": 1,
      "Plans": [
        {
          "Node Type": "Gather",
          "Parent Relationship": "Outer",
          "Parallel Aware": false,
          "Startup Cost": 23369.32,
          "Total Cost": 23369.63,
          "Plan Rows": 3,
          "Plan Width": 8,
          "Actual Startup Time": 32.825,
          "Actual Total Time": 35.826,
          "Actual Rows": 4,
          "Actual Loops": 1,
          "Workers Planned": 3,
          "Workers Launched": 3,
          "Single Copy": false,
          "Plans": [
            {
              "Node Type": "Aggregate",
              "Strategy": "Plain",
              "Partial Mode": "Partial",
              "Parent Relationship": "Outer",
              "Parallel Aware": false,
              "Startup Cost": 22369.32,
              "Total Cost": 22369.33,
              "Plan Rows": 1,
              "Plan Width": 8,
              "Actual Startup Time": 28.096,
              "Actual Total Time": 28.097,
              "Actual Rows": 1,
              "Actual Loops": 4,
              "Plans": [
                {
                  "Node Type": "Bitmap Heap Scan",
                  "Parent Relationship": "Outer",
                  "Parallel Aware": true,
                  "Relation Name": "movie_companies",
                  "Alias": "mc",
                  "Startup Cost": 2878.56,
                  "Total Cost": 22314.44,
                  "Plan Rows": 21953,
                  "Plan Width": 0,
                  "Actual Startup Time": 6.354,
                  "Actual Total Time": 25.697,
                  "Actual Rows": 33979,
                  "Actual Loops": 4,
                  "Recheck Cond": "(company_id > 138320)",
                  "Rows Removed by Index Recheck": 0,
                  "Filter": "(company_type_id = 2)",
                  "Rows Removed by Filter": 0,
                  "Exact Heap Blocks": 1800,
                  "Lossy Heap Blocks": 0,
                  "Plans": [
                    {
                      "Node Type": "Bitmap Index Scan",
                      "Parent Relationship": "Outer",
                      "Parallel Aware": false,
                      "Index Name": "company_id_movie_companies",
                      "Startup Cost": 0.0,
                      "Total Cost": 2861.54,
                      "Plan Rows": 133482,
                      "Plan Width": 0,
                      "Actual Startup Time": 9.824,
                      "Actual Total Time": 9.824,
                      "Actual Rows": 135915,
                      "Actual Loops": 1,
                      "Index Cond": "(company_id > 138320)"
                    }
                  ]
                }
              ]
            }
          ]
        }
      ]
    },
    "Planning Time": 0.082,
    "Triggers": [],
    "Execution Time": 35.863
  }
]