[
  {
    "Plan": {
      "Node Type": "Aggregate",
      "Strategy": "Plain",
      "Partial Mode": "Finalize",
      "Parallel Aware": false,
      "Startup Cost": 23516.66,
      "Total Cost": 23516.67,
      "Plan Rows": 1,
      "Plan Width": 8,
      "Actual Startup Time": 50.812,
      "Actual Total Time": 54.649,
      "Actual Rows": 1,
      "Actual Loops": 1,
      "Plans": [
        {
          "Node Type": "Gather",
          "Parent Relationship": "Outer",
          "Parallel Aware": false,
          "Startup Cost": 23516.34,
          "Total Cost": 23516.65,
          "Plan Rows": 3,
          "Plan Width": 8,
          "Actual Startup Time": 50.61,
          "Actual Total Time": 54.641,
          "Actual Rows": 4,
          "Actual Loops": 1,
          "Workers Planned": 3,
          "Workers Launched": 3,
          "Single Copy": false,
          "Plans": [
            {
              "Node Type": "Aggregate",
              "Strategy": "Plain",
              "Partial Mode": "Partial",
              "Parent Relationship": "Outer",
              "Parallel Aware": false,
              "Startup Cost": 22516.34,
              "Total Cost": 22516.35,
              "Plan Rows": 1,
              "Plan Width": 8,
              "Actual Startup Time": 42.719,
              "Actual Total Time": 42.72,
              "Actual Rows": 1,
              "Actual Loops": 4,
              "Plans": [
                {
                  "Node Type": "Bitmap Heap Scan",
                  "Parent Relationship": "Outer",
                  "Parallel Aware": true,
                  "Relation Name": "movie_companies",
                  "Alias": "mc",
                  "Startup Cost": 2996.73,
                  "Total Cost": 22459.42,
                  "Plan Rows": 22770,
                  "Plan Width": 0,
                  "Actual Startup Time": 12.04,
                  "Actual Total Time": 39.233,
                  "Actual Rows": 33979,
                  "Actual Loops": 4,
                  "Recheck Cond": "(company_id > 138320)",
                  "Rows Removed by Index Recheck": 0,
                  "Filter": "(company_type_id = 2)",
                  "Rows Removed by Filter": 0,
                  "Exact Heap Blocks": 1865,
                  "Lossy Heap Blocks": 0,
                  "Plans": [
                    {
                      "Node Type": "Bitmap Index Scan",
                      "Parent Relationship": "Outer",
                      "Parallel Aware": false,
                      "Index Name": "company_id_movie_companies",
                      "Startup Cost": 0.0,
                      "Total Cost": 2979.09,
                      "Plan Rows": 139021,
                      "Plan Width": 0,
                      "Actual Startup Time": 17.974,
                      "Actual Total Time": 17.974,
                      "Actual Rows": 135915,
                      "Actual Loops": 1,
                      "Index Cond": "(company_id > 138320)"
                    }
                  ]
                }
              ]
            }
          ]
        }
      ]
    },
    "Planning Time": 0.192,
    "Triggers": [],
    "Execution Time": 54.712
  }
]