{
    "Plan": {
        "Node Type": "Aggregate",
        "Strategy": "Plain",
        "Partial Mode": "Simple",
        "Parallel Aware": false,
        "Startup Cost": 3276.74,
        "Total Cost": 3276.75,
        "Plan Rows": 1,
        "Plan Width": 8,
        "Actual Startup Time": 97.091,
        "Actual Total Time": 97.095,
        "Actual Rows": 1,
        "Actual Loops": 1,
        "Output": [
            "count(*)"
        ],
        "Plans": [
            {
                "Node Type": "Nested Loop",
                "Parent Relationship": "Outer",
                "Parallel Aware": false,
                "Join Type": "Inner",
                "Startup Cost": 1.3,
                "Total Cost": 3275.41,
                "Plan Rows": 531,
                "Plan Width": 0,
                "Actual Startup Time": 9.732,
                "Actual Total Time": 96.171,
                "Actual Rows": 4193,
                "Actual Loops": 1,
                "Inner Unique": false,
                "Plans": [
                    {
                        "Node Type": "Nested Loop",
                        "Parent Relationship": "Outer",
                        "Parallel Aware": false,
                        "Join Type": "Inner",
                        "Startup Cost": 0.86,
                        "Total Cost": 3030.53,
                        "Plan Rows": 104,
                        "Plan Width": 8,
                        "Actual Startup Time": 9.708,
                        "Actual Total Time": 83.352,
                        "Actual Rows": 286,
                        "Actual Loops": 1,
                        "Output": [
                            "t.id",
                            "mk.movie_id"
                        ],
                        "Inner Unique": true,
                        "Plans": [
                            {
                                "Node Type": "Index Scan",
                                "Parent Relationship": "Outer",
                                "Parallel Aware": false,
                                "Scan Direction": "Forward",
                                "Index Name": "keyword_id_movie_keyword",
                                "Relation Name": "movie_keyword",
                                "Schema": "public",
                                "Alias": "mk",
                                "Startup Cost": 0.43,
                                "Total Cost": 980.12,
                                "Plan Rows": 244,
                                "Plan Width": 4,
                                "Actual Startup Time": 9.635,
                                "Actual Total Time": 63.957,
                                "Actual Rows": 2025,
                                "Actual Loops": 1,
                                "Output": [
                                    "mk.id",
                                    "mk.movie_id",
                                    "mk.keyword_id"
                                ],
                                "Index Cond": "(mk.keyword_id = 3945)",
                                "Rows Removed by Index Recheck": 0
                            },
                            {
                                "Node Type": "Index Scan",
                                "Parent Relationship": "Inner",
                                "Parallel Aware": false,
                                "Scan Direction": "Forward",
                                "Index Name": "title_pkey",
                                "Relation Name": "title",
                                "Schema": "public",
                                "Alias": "t",
                                "Startup Cost": 0.43,
                                "Total Cost": 8.4,
                                "Plan Rows": 1,
                                "Plan Width": 4,
                                "Actual Startup Time": 0.009,
                                "Actual Total Time": 0.009,
                                "Actual Rows": 0,
                                "Actual Loops": 2025,
                                "Output": [
                                    "t.id",
                                    "t.title",
                                    "t.imdb_index",
                                    "t.kind_id",
                                    "t.production_year",
                                    "t.imdb_id",
                                    "t.phonetic_code",
                                    "t.episode_of_id",
                                    "t.season_nr",
                                    "t.episode_nr",
                                    "t.series_years",
                                    "t.md5sum"
                                ],
                                "Index Cond": "(t.id = mk.movie_id)",
                                "Rows Removed by Index Recheck": 0,
                                "Filter": "((t.kind_id > 2) AND (t.production_year < 2007))",
                                "Rows Removed by Filter": 1
                            }
                        ]
                    },
                    {
                        "Node Type": "Index Scan",
                        "Parent Relationship": "Inner",
                        "Parallel Aware": false,
                        "Scan Direction": "Forward",
                        "Index Name": "movie_id_movie_info",
                        "Relation Name": "movie_info",
                        "Schema": "public",
                        "Alias": "mi",
                        "Startup Cost": 0.43,
                        "Total Cost": 2.01,
                        "Plan Rows": 34,
                        "Plan Width": 4,
                        "Actual Startup Time": 0.013,
                        "Actual Total Time": 0.04,
                        "Actual Rows": 15,
                        "Actual Loops": 286,
                        "Output": [
                            "mi.id",
                            "mi.movie_id",
                            "mi.info_type_id",
                            "mi.info",
                            "mi.note"
                        ],
                        "Index Cond": "(mi.movie_id = t.id)",
                        "Rows Removed by Index Recheck": 0,
                        "Filter": "(mi.info_type_id < 18)",
                        "Rows Removed by Filter": 3
                    }
                ]
            }
        ]
    },
    "Planning Time": 1.712,
    "Triggers": [],
    "Execution Time": 97.18
}