{
  "Plan": {
    "Node Type": "Aggregate",
    "Strategy": "Plain",
    "Partial Mode": "Finalize",
    "Parallel Aware": false,
    "Startup Cost": 686585.01,
    "Total Cost": 686585.02,
    "Plan Rows": 1,
    "Plan Width": 8,
    "Actual Startup Time": 6255.321,
    "Actual Total Time": 6328.255,
    "Actual Rows": 1,
    "Actual Loops": 1,
    "Plans": [
      {
        "Node Type": "Gather",
        "Parent Relationship": "Outer",
        "Parallel Aware": false,
        "Startup Cost": 686584.9,
        "Total Cost": 686585.01,
        "Plan Rows": 1,
        "Plan Width": 8,
        "Actual Startup Time": 6248.097,
        "Actual Total Time": 6328.245,
        "Actual Rows": 2,
        "Actual Loops": 1,
        "Workers Planned": 1,
        "Workers Launched": 1,
        "Single Copy": false,
        "Plans": [
          {
            "Node Type": "Aggregate",
            "Strategy": "Plain",
            "Partial Mode": "Partial",
            "Parent Relationship": "Outer",
            "Parallel Aware": false,
            "Startup Cost": 685584.9,
            "Total Cost": 685584.91,
            "Plan Rows": 1,
            "Plan Width": 8,
            "Actual Startup Time": 6240.721,
            "Actual Total Time": 6242.209,
            "Actual Rows": 1,
            "Actual Loops": 2,
            "Plans": [
              {
                "Node Type": "Hash Join",
                "Parent Relationship": "Outer",
                "Parallel Aware": true,
                "Join Type": "Inner",
                "Startup Cost": 593736.1,
                "Total Cost": 682369.05,
                "Plan Rows": 1286342,
                "Plan Width": 0,
                "Actual Startup Time": 4740.786,
                "Actual Total Time": 5832.93,
                "Actual Rows": 9864879,
                "Actual Loops": 2,
                "Inner Unique": false,
                "Hash Cond": "(mk.movie_id = t.id)",
                "Plans": [
                  {
                    "Node Type": "Seq Scan",
                    "Parent Relationship": "Outer",
                    "Parallel Aware": true,
                    "Relation Name": "movie_keyword",
                    "Alias": "mk",
                    "Startup Cost": 0.0,
                    "Total Cost": 57718.19,
                    "Plan Rows": 1867843,
                    "Plan Width": 4,
                    "Actual Startup Time": 0.127,
                    "Actual Total Time": 193.031,
                    "Actual Rows": 1579430,
                    "Actual Loops": 2,
                    "Filter": "(keyword_id > 1780)",
                    "Rows Removed by Filter": 682535
                  },
                  {
                    "Node Type": "Hash",
                    "Parent Relationship": "Inner",
                    "Parallel Aware": true,
                    "Startup Cost": 580933.31,
                    "Total Cost": 580933.31,
                    "Plan Rows": 1024223,
                    "Plan Width": 8,
                    "Actual Startup Time": 4725.14,
                    "Actual Total Time": 4726.626,
                    "Actual Rows": 1251252,
                    "Actual Loops": 2,
                    "Hash Buckets": 4194304,
                    "Original Hash Buckets": 2097152,
                    "Hash Batches": 1,
                    "Original Hash Batches": 1,
                    "Peak Memory Usage": 147072,
                    "Plans": [
                      {
                        "Node Type": "Hash Join",
                        "Parent Relationship": "Outer",
                        "Parallel Aware": true,
                        "Join Type": "Inner",
                        "Startup Cost": 59199.96,
                        "Total Cost": 580933.31,
                        "Plan Rows": 1024223,
                        "Plan Width": 8,
                        "Actual Startup Time": 172.547,
                        "Actual Total Time": 4272.781,
                        "Actual Rows": 1251252,
                        "Actual Loops": 2,
                        "Inner Unique": true,
                        "Hash Cond": "(ci.movie_id = t.id)",
                        "Plans": [
                          {
                            "Node Type": "Seq Scan",
                            "Parent Relationship": "Outer",
                            "Parallel Aware": true,
                            "Relation Name": "cast_info",
                            "Alias": "ci",
                            "Startup Cost": 0.0,
                            "Total Cost": 465792.95,
                            "Plan Rows": 21310595,
                            "Plan Width": 4,
                            "Actual Startup Time": 0.013,
                            "Actual Total Time": 1370.094,
                            "Actual Rows": 18122172,
                            "Actual Loops": 2
                          },
                          {
                            "Node Type": "Hash",
                            "Parent Relationship": "Inner",
                            "Parallel Aware": true,
                            "Startup Cost": 58306.47,
                            "Total Cost": 58306.47,
                            "Plan Rows": 71479,
                            "Plan Width": 4,
                            "Actual Startup Time": 171.817,
                            "Actual Total Time": 171.818,
                            "Actual Rows": 113954,
                            "Actual Loops": 2,
                            "Hash Buckets": 262144,
                            "Original Hash Buckets": 131072,
                            "Hash Batches": 1,
                            "Original Hash Batches": 1,
                            "Peak Memory Usage": 12032,
                            "Plans": [
                              {
                                "Node Type": "Seq Scan",
                                "Parent Relationship": "Outer",
                                "Parallel Aware": true,
                                "Relation Name": "title",
                                "Alias": "t",
                                "Startup Cost": 0.0,
                                "Total Cost": 58306.47,
                                "Plan Rows": 71479,
                                "Plan Width": 4,
                                "Actual Startup Time": 0.139,
                                "Actual Total Time": 144.543,
                                "Actual Rows": 113954,
                                "Actual Loops": 2,
                                "Filter": "((kind_id < 7) AND (production_year < 1967))",
                                "Rows Removed by Filter": 1150202
                              }
                            ]
                          }
                        ]
                      }
                    ]
                  }
                ]
              }
            ]
          }
        ]
      }
    ]
  },
  "Planning Time": 1.014,
  "Triggers": [],
  "Execution Time": 6328.357
}