[
  {
    "Plan": {
      "Node Type": "Aggregate",
      "Strategy": "Plain",
      "Partial Mode": "Finalize",
      "Parallel Aware": false,
      "Startup Cost": 350016.93,
      "Total Cost": 350016.95,
      "Plan Rows": 1,
      "Plan Width": 8,
      "Actual Startup Time": 907.747,
      "Actual Total Time": 957.422,
      "Actual Rows": 1,
      "Actual Loops": 1,
      "Plans": [
        {
          "Node Type": "Gather",
          "Parent Relationship": "Outer",
          "Parallel Aware": false,
          "Startup Cost": 350016.31,
          "Total Cost": 350016.92,
          "Plan Rows": 6,
          "Plan Width": 8,
          "Actual Startup Time": 907.542,
          "Actual Total Time": 957.405,
          "Actual Rows": 7,
          "Actual Loops": 1,
          "Workers Planned": 6,
          "Workers Launched": 6,
          "Single Copy": false,
          "Plans": [
            {
              "Node Type": "Aggregate",
              "Strategy": "Plain",
              "Partial Mode": "Partial",
              "Parent Relationship": "Outer",
              "Parallel Aware": false,
              "Startup Cost": 349016.31,
              "Total Cost": 349016.32,
              "Plan Rows": 1,
              "Plan Width": 8,
              "Actual Startup Time": 900.312,
              "Actual Total Time": 900.313,
              "Actual Rows": 1,
              "Actual Loops": 7,
              "Plans": [
                {
                  "Node Type": "Seq Scan",
                  "Parent Relationship": "Outer",
                  "Parallel Aware": true,
                  "Relation Name": "cast_info",
                  "Alias": "ci",
                  "Startup Cost": 0.0,
                  "Total Cost": 343316.27,
                  "Plan Rows": 2280016,
                  "Plan Width": 0,
                  "Actual Startup Time": 249.876,
                  "Actual Total Time": 811.075,
                  "Actual Rows": 1637394,
                  "Actual Loops": 7,
                  "Filter": "((person_id > 1570012) AND (role_id < 4))",
                  "Rows Removed by Filter": 3540370
                }
              ]
            }
          ]
        }
      ]
    },
    "Planning Time": 0.119,
    "Triggers": [],
    "Execution Time": 957.473
  }
]