{
    "Plan": {
        "Node Type": "Aggregate",
        "Strategy": "Plain",
        "Partial Mode": "Finalize",
        "Parallel Aware": false,
        "Startup Cost": 78770.55,
        "Total Cost": 78770.56,
        "Plan Rows": 1,
        "Plan Width": 8,
        "Actual Startup Time": 237.686,
        "Actual Total Time": 253.837,
        "Actual Rows": 1,
        "Actual Loops": 1,
        "Output": [
            "count(*)"
        ],
        "Plans": [
            {
                "Node Type": "Gather",
                "Parent Relationship": "Outer",
                "Parallel Aware": false,
                "Startup Cost": 78770.24,
                "Total Cost": 78770.55,
                "Plan Rows": 3,
                "Plan Width": 8,
                "Actual Startup Time": 235.61,
                "Actual Total Time": 253.823,
                "Actual Rows": 4,
                "Actual Loops": 1,
                "Output": [
                    "(PARTIAL count(*))"
                ],
                "Workers Planned": 3,
                "Workers Launched": 3,
                "Single Copy": false,
                "Plans": [
                    {
                        "Node Type": "Aggregate",
                        "Strategy": "Plain",
                        "Partial Mode": "Partial",
                        "Parent Relationship": "Outer",
                        "Parallel Aware": false,
                        "Startup Cost": 77770.24,
                        "Total Cost": 77770.25,
                        "Plan Rows": 1,
                        "Plan Width": 8,
                        "Actual Startup Time": 227.153,
                        "Actual Total Time": 227.157,
                        "Actual Rows": 1,
                        "Actual Loops": 4,
                        "Output": [
                            "PARTIAL count(*)"
                        ],
                        "Workers": [
                            {
                                "Worker Number": 0,
                                "Actual Startup Time": 221.767,
                                "Actual Total Time": 221.771,
                                "Actual Rows": 1,
                                "Actual Loops": 1
                            },
                            {
                                "Worker Number": 1,
                                "Actual Startup Time": 223.612,
                                "Actual Total Time": 223.616,
                                "Actual Rows": 1,
                                "Actual Loops": 1
                            },
                            {
                                "Worker Number": 2,
                                "Actual Startup Time": 228.801,
                                "Actual Total Time": 228.804,
                                "Actual Rows": 1,
                                "Actual Loops": 1
                            }
                        ],
                        "Plans": [
                            {
                                "Node Type": "Hash Join",
                                "Parent Relationship": "Outer",
                                "Parallel Aware": true,
                                "Join Type": "Inner",
                                "Startup Cost": 58769.04,
                                "Total Cost": 77769.53,
                                "Plan Rows": 283,
                                "Plan Width": 0,
                                "Actual Startup Time": 225.747,
                                "Actual Total Time": 227.15,
                                "Actual Rows": 1,
                                "Actual Loops": 4,
                                "Inner Unique": true,
                                "Hash Cond": "(mc.movie_id = t.id)",
                                "Workers": [
                                    {
                                        "Worker Number": 0,
                                        "Actual Startup Time": 220.683,
                                        "Actual Total Time": 221.763,
                                        "Actual Rows": 1,
                                        "Actual Loops": 1
                                    },
                                    {
                                        "Worker Number": 1,
                                        "Actual Startup Time": 220.852,
                                        "Actual Total Time": 223.606,
                                        "Actual Rows": 1,
                                        "Actual Loops": 1
                                    },
                                    {
                                        "Worker Number": 2,
                                        "Actual Startup Time": 228.798,
                                        "Actual Total Time": 228.8,
                                        "Actual Rows": 0,
                                        "Actual Loops": 1
                                    }
                                ],
                                "Plans": [
                                    {
                                        "Node Type": "Bitmap Heap Scan",
                                        "Parent Relationship": "Outer",
                                        "Parallel Aware": true,
                                        "Relation Name": "movie_companies",
                                        "Schema": "public",
                                        "Alias": "mc",
                                        "Startup Cost": 351.74,
                                        "Total Cost": 19345.51,
                                        "Plan Rows": 2558,
                                        "Plan Width": 4,
                                        "Actual Startup Time": 1.423,
                                        "Actual Total Time": 3.323,
                                        "Actual Rows": 2020,
                                        "Actual Loops": 4,
                                        "Output": [
                                            "mc.id",
                                            "mc.movie_id",
                                            "mc.company_id",
                                            "mc.company_type_id",
                                            "mc.note"
                                        ],
                                        "Recheck Cond": "(mc.company_id = 166)",
                                        "Rows Removed by Index Recheck": 0,
                                        "Filter": "(mc.company_type_id < 2)",
                                        "Rows Removed by Filter": 2035,
                                        "Exact Heap Blocks": 120,
                                        "Lossy Heap Blocks": 0,
                                        "Workers": [
                                            {
                                                "Worker Number": 0,
                                                "Actual Startup Time": 1.443,
                                                "Actual Total Time": 3.281,
                                                "Actual Rows": 1791,
                                                "Actual Loops": 1
                                            },
                                            {
                                                "Worker Number": 1,
                                                "Actual Startup Time": 1.348,
                                                "Actual Total Time": 3.282,
                                                "Actual Rows": 1763,
                                                "Actual Loops": 1
                                            },
                                            {
                                                "Worker Number": 2,
                                                "Actual Startup Time": 1.437,
                                                "Actual Total Time": 3.366,
                                                "Actual Rows": 2940,
                                                "Actual Loops": 1
                                            }
                                        ],
                                        "Plans": [
                                            {
                                                "Node Type": "Bitmap Index Scan",
                                                "Parent Relationship": "Outer",
                                                "Parallel Aware": false,
                                                "Index Name": "company_id_movie_companies",
                                                "Startup Cost": 0.0,
                                                "Total Cost": 349.76,
                                                "Plan Rows": 16177,
                                                "Plan Width": 0,
                                                "Actual Startup Time": 1.218,
                                                "Actual Total Time": 1.219,
                                                "Actual Rows": 16220,
                                                "Actual Loops": 1,
                                                "Index Cond": "(mc.company_id = 166)",
                                                "Workers": [
                                                    {
                                                        "Worker Number": 1,
                                                        "Actual Startup Time": 1.218,
                                                        "Actual Total Time": 1.219,
                                                        "Actual Rows": 16220,
                                                        "Actual Loops": 1
                                                    }
                                                ]
                                            }
                                        ]
                                    },
                                    {
                                        "Node Type": "Hash",
                                        "Parent Relationship": "Inner",
                                        "Parallel Aware": true,
                                        "Startup Cost": 57543.54,
                                        "Total Cost": 57543.54,
                                        "Plan Rows": 69901,
                                        "Plan Width": 4,
                                        "Actual Startup Time": 219.928,
                                        "Actual Total Time": 219.93,
                                        "Actual Rows": 98005,
                                        "Actual Loops": 4,
                                        "Output": [
                                            "t.id"
                                        ],
                                        "Hash Buckets": 524288,
                                        "Original Hash Buckets": 524288,
                                        "Hash Batches": 1,
                                        "Original Hash Batches": 1,
                                        "Peak Memory Usage": 19488,
                                        "Workers": [
                                            {
                                                "Worker Number": 0,
                                                "Actual Startup Time": 216.768,
                                                "Actual Total Time": 216.77,
                                                "Actual Rows": 87993,
                                                "Actual Loops": 1
                                            },
                                            {
                                                "Worker Number": 1,
                                                "Actual Startup Time": 218.398,
                                                "Actual Total Time": 218.399,
                                                "Actual Rows": 87263,
                                                "Actual Loops": 1
                                            },
                                            {
                                                "Worker Number": 2,
                                                "Actual Startup Time": 224.041,
                                                "Actual Total Time": 224.043,
                                                "Actual Rows": 127033,
                                                "Actual Loops": 1
                                            }
                                        ],
                                        "Plans": [
                                            {
                                                "Node Type": "Bitmap Heap Scan",
                                                "Parent Relationship": "Outer",
                                                "Parallel Aware": true,
                                                "Relation Name": "title",
                                                "Schema": "public",
                                                "Alias": "t",
                                                "Startup Cost": 17812.47,
                                                "Total Cost": 57543.54,
                                                "Plan Rows": 69901,
                                                "Plan Width": 4,
                                                "Actual Startup Time": 69.606,
                                                "Actual Total Time": 186.992,
                                                "Actual Rows": 98005,
                                                "Actual Loops": 4,
                                                "Output": [
                                                    "t.id"
                                                ],
                                                "Recheck Cond": "(t.kind_id < 7)",
                                                "Rows Removed by Index Recheck": 0,
                                                "Filter": "(t.production_year < 1991)",
                                                "Rows Removed by Filter": 148257,
                                                "Exact Heap Blocks": 10073,
                                                "Lossy Heap Blocks": 0,
                                                "Workers": [
                                                    {
                                                        "Worker Number": 0,
                                                        "Actual Startup Time": 67.352,
                                                        "Actual Total Time": 185.003,
                                                        "Actual Rows": 87993,
                                                        "Actual Loops": 1
                                                    },
                                                    {
                                                        "Worker Number": 1,
                                                        "Actual Startup Time": 69.064,
                                                        "Actual Total Time": 185.993,
                                                        "Actual Rows": 87263,
                                                        "Actual Loops": 1
                                                    },
                                                    {
                                                        "Worker Number": 2,
                                                        "Actual Startup Time": 71.151,
                                                        "Actual Total Time": 187.985,
                                                        "Actual Rows": 127033,
                                                        "Actual Loops": 1
                                                    }
                                                ],
                                                "Plans": [
                                                    {
                                                        "Node Type": "Bitmap Index Scan",
                                                        "Parent Relationship": "Outer",
                                                        "Parallel Aware": false,
                                                        "Index Name": "kind_id_title",
                                                        "Startup Cost": 0.0,
                                                        "Total Cost": 17742.57,
                                                        "Plan Rows": 995485,
                                                        "Plan Width": 0,
                                                        "Actual Startup Time": 61.837,
                                                        "Actual Total Time": 61.837,
                                                        "Actual Rows": 985048,
                                                        "Actual Loops": 1,
                                                        "Index Cond": "(t.kind_id < 7)"
                                                    }
                                                ]
                                            }
                                        ]
                                    }
                                ]
                            }
                        ]
                    }
                ]
            }
        ]
    },
    "Planning Time": 2.833,
    "Triggers": [],
    "Execution Time": 254.268
}