[
  {
    "Plan": {
      "Node Type": "Aggregate",
      "Strategy": "Plain",
      "Partial Mode": "Finalize",
      "Parallel Aware": false,
      "Startup Cost": 438838.4,
      "Total Cost": 438838.41,
      "Plan Rows": 1,
      "Plan Width": 8,
      "Actual Startup Time": 2739.811,
      "Actual Total Time": 2795.766,
      "Actual Rows": 1,
      "Actual Loops": 1,
      "Plans": [
        {
          "Node Type": "Gather",
          "Parent Relationship": "Outer",
          "Parallel Aware": false,
          "Startup Cost": 438837.78,
          "Total Cost": 438838.39,
          "Plan Rows": 6,
          "Plan Width": 8,
          "Actual Startup Time": 2714.492,
          "Actual Total Time": 2795.75,
          "Actual Rows": 7,
          "Actual Loops": 1,
          "Workers Planned": 6,
          "Workers Launched": 6,
          "Single Copy": false,
          "Plans": [
            {
              "Node Type": "Aggregate",
              "Strategy": "Plain",
              "Partial Mode": "Partial",
              "Parent Relationship": "Outer",
              "Parallel Aware": false,
              "Startup Cost": 437837.78,
              "Total Cost": 437837.79,
              "Plan Rows": 1,
              "Plan Width": 8,
              "Actual Startup Time": 2698.212,
              "Actual Total Time": 2698.219,
              "Actual Rows": 1,
              "Actual Loops": 7,
              "Plans": [
                {
                  "Node Type": "Hash Join",
                  "Parent Relationship": "Outer",
                  "Parallel Aware": true,
                  "Join Type": "Inner",
                  "Startup Cost": 87173.3,
                  "Total Cost": 432520.47,
                  "Plan Rows": 2126924,
                  "Plan Width": 0,
                  "Actual Startup Time": 783.408,
                  "Actual Total Time": 2464.369,
                  "Actual Rows": 4338353,
                  "Actual Loops": 7,
                  "Inner Unique": false,
                  "Hash Cond": "(ci.movie_id = t.id)",
                  "Plans": [
                    {
                      "Node Type": "Seq Scan",
                      "Parent Relationship": "Outer",
                      "Parallel Aware": true,
                      "Relation Name": "cast_info",
                      "Alias": "ci",
                      "Startup Cost": 0.0,
                      "Total Cost": 328211.39,
                      "Plan Rows": 2739930,
                      "Plan Width": 4,
                      "Actual Startup Time": 230.409,
                      "Actual Total Time": 666.27,
                      "Actual Rows": 2312498,
                      "Actual Loops": 7,
                      "Filter": "(person_id > 2014107)",
                      "Rows Removed by Filter": 2865265
                    },
                    {
                      "Node Type": "Hash",
                      "Parent Relationship": "Inner",
                      "Parallel Aware": true,
                      "Startup Cost": 79259.04,
                      "Total Cost": 79259.04,
                      "Plan Rows": 633141,
                      "Plan Width": 8,
                      "Actual Startup Time": 547.945,
                      "Actual Total Time": 547.95,
                      "Actual Rows": 238400,
                      "Actual Loops": 7,
                      "Hash Buckets": 2097152,
                      "Original Hash Buckets": 2097152,
                      "Hash Batches": 1,
                      "Original Hash Batches": 1,
                      "Peak Memory Usage": 81760,
                      "Plans": [
                        {
                          "Node Type": "Hash Join",
                          "Parent Relationship": "Outer",
                          "Parallel Aware": true,
                          "Join Type": "Inner",
                          "Startup Cost": 49843.15,
                          "Total Cost": 79259.04,
                          "Plan Rows": 633141,
                          "Plan Width": 8,
                          "Actual Startup Time": 235.008,
                          "Actual Total Time": 431.856,
                          "Actual Rows": 238400,
                          "Actual Loops": 7,
                          "Inner Unique": true,
                          "Hash Cond": "(mc.movie_id = t.id)",
                          "Plans": [
                            {
                              "Node Type": "Seq Scan",
                              "Parent Relationship": "Outer",
                              "Parallel Aware": true,
                              "Relation Name": "movie_companies",
                              "Alias": "mc",
                              "Startup Cost": 0.0,
                              "Total Cost": 27206.55,
                              "Plan Rows": 841655,
                              "Plan Width": 4,
                              "Actual Startup Time": 0.015,
                              "Actual Total Time": 49.613,
                              "Actual Rows": 372733,
                              "Actual Loops": 7
                            },
                            {
                              "Node Type": "Hash",
                              "Parent Relationship": "Inner",
                              "Parallel Aware": true,
                              "Startup Cost": 43899.32,
                              "Total Cost": 43899.32,
                              "Plan Rows": 475506,
                              "Plan Width": 4,
                              "Actual Startup Time": 232.622,
                              "Actual Total Time": 232.624,
                              "Actual Rows": 269681,
                              "Actual Loops": 7,
                              "Hash Buckets": 2097152,
                              "Original Hash Buckets": 2097152,
                              "Hash Batches": 1,
                              "Original Hash Batches": 1,
                              "Peak Memory Usage": 90336,
                              "Plans": [
                                {
                                  "Node Type": "Seq Scan",
                                  "Parent Relationship": "Outer",
                                  "Parallel Aware": true,
                                  "Relation Name": "title",
                                  "Alias": "t",
                                  "Startup Cost": 0.0,
                                  "Total Cost": 43899.32,
                                  "Plan Rows": 475506,
                                  "Plan Width": 4,
                                  "Actual Startup Time": 0.053,
                                  "Actual Total Time": 94.677,
                                  "Actual Rows": 269681,
                                  "Actual Loops": 7,
                                  "Filter": "(production_year > 1983)",
                                  "Rows Removed by Filter": 91506
                                }
                              ]
                            }
                          ]
                        }
                      ]
                    }
                  ]
                }
              ]
            }
          ]
        }
      ]
    },
    "Planning Time": 1.41,
    "Triggers": [],
    "Execution Time": 2795.853
  }
]