{
    "Plan": {
        "Node Type": "Aggregate",
        "Strategy": "Plain",
        "Partial Mode": "Finalize",
        "Parallel Aware": false,
        "Startup Cost": 166579.52,
        "Total Cost": 166579.53,
        "Plan Rows": 1,
        "Plan Width": 8,
        "Actual Startup Time": 587.413,
        "Actual Total Time": 611.452,
        "Actual Rows": 1,
        "Actual Loops": 1,
        "Output": [
            "count(*)"
        ],
        "Plans": [
            {
                "Node Type": "Gather",
                "Parent Relationship": "Outer",
                "Parallel Aware": false,
                "Startup Cost": 166579.0,
                "Total Cost": 166579.51,
                "Plan Rows": 5,
                "Plan Width": 8,
                "Actual Startup Time": 573.514,
                "Actual Total Time": 611.438,
                "Actual Rows": 6,
                "Actual Loops": 1,
                "Output": [
                    "(PARTIAL count(*))"
                ],
                "Workers Planned": 5,
                "Workers Launched": 5,
                "Single Copy": false,
                "Plans": [
                    {
                        "Node Type": "Aggregate",
                        "Strategy": "Plain",
                        "Partial Mode": "Partial",
                        "Parent Relationship": "Outer",
                        "Parallel Aware": false,
                        "Startup Cost": 165579.0,
                        "Total Cost": 165579.01,
                        "Plan Rows": 1,
                        "Plan Width": 8,
                        "Actual Startup Time": 558.725,
                        "Actual Total Time": 558.729,
                        "Actual Rows": 1,
                        "Actual Loops": 6,
                        "Output": [
                            "PARTIAL count(*)"
                        ],
                        "Workers": [
                            {
                                "Worker Number": 0,
                                "Actual Startup Time": 556.614,
                                "Actual Total Time": 556.618,
                                "Actual Rows": 1,
                                "Actual Loops": 1
                            },
                            {
                                "Worker Number": 1,
                                "Actual Startup Time": 555.68,
                                "Actual Total Time": 555.682,
                                "Actual Rows": 1,
                                "Actual Loops": 1
                            },
                            {
                                "Worker Number": 2,
                                "Actual Startup Time": 555.659,
                                "Actual Total Time": 555.662,
                                "Actual Rows": 1,
                                "Actual Loops": 1
                            },
                            {
                                "Worker Number": 3,
                                "Actual Startup Time": 555.891,
                                "Actual Total Time": 555.894,
                                "Actual Rows": 1,
                                "Actual Loops": 1
                            },
                            {
                                "Worker Number": 4,
                                "Actual Startup Time": 555.839,
                                "Actual Total Time": 555.842,
                                "Actual Rows": 1,
                                "Actual Loops": 1
                            }
                        ],
                        "Plans": [
                            {
                                "Node Type": "Hash Join",
                                "Parent Relationship": "Outer",
                                "Parallel Aware": true,
                                "Join Type": "Inner",
                                "Startup Cost": 48867.8,
                                "Total Cost": 164669.59,
                                "Plan Rows": 363765,
                                "Plan Width": 0,
                                "Actual Startup Time": 174.432,
                                "Actual Total Time": 546.313,
                                "Actual Rows": 275804,
                                "Actual Loops": 6,
                                "Inner Unique": true,
                                "Hash Cond": "(ci.movie_id = t.id)",
                                "Workers": [
                                    {
                                        "Worker Number": 0,
                                        "Actual Startup Time": 171.565,
                                        "Actual Total Time": 543.356,
                                        "Actual Rows": 198254,
                                        "Actual Loops": 1
                                    },
                                    {
                                        "Worker Number": 1,
                                        "Actual Startup Time": 171.209,
                                        "Actual Total Time": 543.534,
                                        "Actual Rows": 293644,
                                        "Actual Loops": 1
                                    },
                                    {
                                        "Worker Number": 2,
                                        "Actual Startup Time": 171.211,
                                        "Actual Total Time": 543.567,
                                        "Actual Rows": 294568,
                                        "Actual Loops": 1
                                    },
                                    {
                                        "Worker Number": 3,
                                        "Actual Startup Time": 172.725,
                                        "Actual Total Time": 543.692,
                                        "Actual Rows": 296478,
                                        "Actual Loops": 1
                                    },
                                    {
                                        "Worker Number": 4,
                                        "Actual Startup Time": 171.293,
                                        "Actual Total Time": 544.235,
                                        "Actual Rows": 266681,
                                        "Actual Loops": 1
                                    }
                                ],
                                "Plans": [
                                    {
                                        "Node Type": "Index Scan",
                                        "Parent Relationship": "Outer",
                                        "Parallel Aware": true,
                                        "Scan Direction": "Forward",
                                        "Index Name": "role_id_cast_info",
                                        "Relation Name": "cast_info",
                                        "Schema": "public",
                                        "Alias": "ci",
                                        "Startup Cost": 0.56,
                                        "Total Cost": 113575.53,
                                        "Plan Rows": 848315,
                                        "Plan Width": 4,
                                        "Actual Startup Time": 0.115,
                                        "Actual Total Time": 158.645,
                                        "Actual Rows": 720503,
                                        "Actual Loops": 6,
                                        "Output": [
                                            "ci.id",
                                            "ci.person_id",
                                            "ci.movie_id",
                                            "ci.person_role_id",
                                            "ci.note",
                                            "ci.nr_order",
                                            "ci.role_id"
                                        ],
                                        "Index Cond": "(ci.role_id = 10)",
                                        "Rows Removed by Index Recheck": 0,
                                        "Workers": [
                                            {
                                                "Worker Number": 0,
                                                "Actual Startup Time": 0.183,
                                                "Actual Total Time": 166.93,
                                                "Actual Rows": 511695,
                                                "Actual Loops": 1
                                            },
                                            {
                                                "Worker Number": 1,
                                                "Actual Startup Time": 0.071,
                                                "Actual Total Time": 163.899,
                                                "Actual Rows": 773392,
                                                "Actual Loops": 1
                                            },
                                            {
                                                "Worker Number": 2,
                                                "Actual Startup Time": 0.066,
                                                "Actual Total Time": 164.574,
                                                "Actual Rows": 778463,
                                                "Actual Loops": 1
                                            },
                                            {
                                                "Worker Number": 3,
                                                "Actual Startup Time": 0.12,
                                                "Actual Total Time": 164.712,
                                                "Actual Rows": 778208,
                                                "Actual Loops": 1
                                            },
                                            {
                                                "Worker Number": 4,
                                                "Actual Startup Time": 0.113,
                                                "Actual Total Time": 159.346,
                                                "Actual Rows": 689928,
                                                "Actual Loops": 1
                                            }
                                        ]
                                    },
                                    {
                                        "Node Type": "Hash",
                                        "Parent Relationship": "Inner",
                                        "Parallel Aware": true,
                                        "Startup Cost": 45479.21,
                                        "Total Cost": 45479.21,
                                        "Plan Rows": 271042,
                                        "Plan Width": 4,
                                        "Actual Startup Time": 168.503,
                                        "Actual Total Time": 168.504,
                                        "Actual Rows": 174037,
                                        "Actual Loops": 6,
                                        "Output": [
                                            "t.id"
                                        ],
                                        "Hash Buckets": 2097152,
                                        "Original Hash Buckets": 2097152,
                                        "Hash Batches": 1,
                                        "Original Hash Batches": 1,
                                        "Peak Memory Usage": 57312,
                                        "Workers": [
                                            {
                                                "Worker Number": 0,
                                                "Actual Startup Time": 170.528,
                                                "Actual Total Time": 170.529,
                                                "Actual Rows": 127352,
                                                "Actual Loops": 1
                                            },
                                            {
                                                "Worker Number": 1,
                                                "Actual Startup Time": 170.578,
                                                "Actual Total Time": 170.579,
                                                "Actual Rows": 171218,
                                                "Actual Loops": 1
                                            },
                                            {
                                                "Worker Number": 2,
                                                "Actual Startup Time": 170.597,
                                                "Actual Total Time": 170.598,
                                                "Actual Rows": 173870,
                                                "Actual Loops": 1
                                            },
                                            {
                                                "Worker Number": 3,
                                                "Actual Startup Time": 170.841,
                                                "Actual Total Time": 170.842,
                                                "Actual Rows": 172477,
                                                "Actual Loops": 1
                                            },
                                            {
                                                "Worker Number": 4,
                                                "Actual Startup Time": 170.852,
                                                "Actual Total Time": 170.853,
                                                "Actual Rows": 161665,
                                                "Actual Loops": 1
                                            }
                                        ],
                                        "Plans": [
                                            {
                                                "Node Type": "Seq Scan",
                                                "Parent Relationship": "Outer",
                                                "Parallel Aware": true,
                                                "Relation Name": "title",
                                                "Schema": "public",
                                                "Alias": "t",
                                                "Startup Cost": 0.0,
                                                "Total Cost": 45479.21,
                                                "Plan Rows": 271042,
                                                "Plan Width": 4,
                                                "Actual Startup Time": 0.071,
                                                "Actual Total Time": 83.933,
                                                "Actual Rows": 174037,
                                                "Actual Loops": 6,
                                                "Output": [
                                                    "t.id"
                                                ],
                                                "Filter": "((t.production_year < 2009) AND (t.kind_id = 7))",
                                                "Rows Removed by Filter": 247348,
                                                "Workers": [
                                                    {
                                                        "Worker Number": 0,
                                                        "Actual Startup Time": 0.076,
                                                        "Actual Total Time": 88.156,
                                                        "Actual Rows": 127352,
                                                        "Actual Loops": 1
                                                    },
                                                    {
                                                        "Worker Number": 1,
                                                        "Actual Startup Time": 0.081,
                                                        "Actual Total Time": 84.836,
                                                        "Actual Rows": 171218,
                                                        "Actual Loops": 1
                                                    },
                                                    {
                                                        "Worker Number": 2,
                                                        "Actual Startup Time": 0.087,
                                                        "Actual Total Time": 84.73,
                                                        "Actual Rows": 173870,
                                                        "Actual Loops": 1
                                                    },
                                                    {
                                                        "Worker Number": 3,
                                                        "Actual Startup Time": 0.088,
                                                        "Actual Total Time": 84.922,
                                                        "Actual Rows": 172477,
                                                        "Actual Loops": 1
                                                    },
                                                    {
                                                        "Worker Number": 4,
                                                        "Actual Startup Time": 0.078,
                                                        "Actual Total Time": 85.874,
                                                        "Actual Rows": 161665,
                                                        "Actual Loops": 1
                                                    }
                                                ]
                                            }
                                        ]
                                    }
                                ]
                            }
                        ]
                    }
                ]
            }
        ]
    },
    "Planning Time": 0.768,
    "Triggers": [],
    "Execution Time": 611.549
}