{
  "Plan": {
    "Node Type": "Aggregate",
    "Strategy": "Plain",
    "Partial Mode": "Finalize",
    "Parallel Aware": false,
    "Startup Cost": 480130.57,
    "Total Cost": 480130.58,
    "Plan Rows": 1,
    "Plan Width": 8,
    "Actual Startup Time": 2643.706,
    "Actual Total Time": 2672.596,
    "Actual Rows": 1,
    "Actual Loops": 1,
    "Plans": [
      {
        "Node Type": "Gather",
        "Parent Relationship": "Outer",
        "Parallel Aware": false,
        "Startup Cost": 480130.46,
        "Total Cost": 480130.57,
        "Plan Rows": 1,
        "Plan Width": 8,
        "Actual Startup Time": 2640.229,
        "Actual Total Time": 2672.587,
        "Actual Rows": 2,
        "Actual Loops": 1,
        "Workers Planned": 1,
        "Workers Launched": 1,
        "Single Copy": false,
        "Plans": [
          {
            "Node Type": "Aggregate",
            "Strategy": "Plain",
            "Partial Mode": "Partial",
            "Parent Relationship": "Outer",
            "Parallel Aware": false,
            "Startup Cost": 479130.46,
            "Total Cost": 479130.47,
            "Plan Rows": 1,
            "Plan Width": 8,
            "Actual Startup Time": 2627.04,
            "Actual Total Time": 2627.044,
            "Actual Rows": 1,
            "Actual Loops": 2,
            "Plans": [
              {
                "Node Type": "Hash Join",
                "Parent Relationship": "Outer",
                "Parallel Aware": true,
                "Join Type": "Inner",
                "Startup Cost": 69461.26,
                "Total Cost": 472788.51,
                "Plan Rows": 2536779,
                "Plan Width": 0,
                "Actual Startup Time": 709.337,
                "Actual Total Time": 2544.86,
                "Actual Rows": 1273480,
                "Actual Loops": 2,
                "Inner Unique": true,
                "Hash Cond": "(ci.movie_id = t.id)",
                "Plans": [
                  {
                    "Node Type": "Index Scan",
                    "Parent Relationship": "Outer",
                    "Parallel Aware": true,
                    "Scan Direction": "Forward",
                    "Index Name": "role_id_cast_info",
                    "Relation Name": "cast_info",
                    "Alias": "ci",
                    "Startup Cost": 0.56,
                    "Total Cost": 396668.75,
                    "Plan Rows": 2536779,
                    "Plan Width": 4,
                    "Actual Startup Time": 0.242,
                    "Actual Total Time": 1089.725,
                    "Actual Rows": 1273480,
                    "Actual Loops": 2,
                    "Index Cond": "(role_id > 3)",
                    "Rows Removed by Index Recheck": 0,
                    "Filter": "(person_id < 1248246)",
                    "Rows Removed by Filter": 4783343
                  },
                  {
                    "Node Type": "Hash",
                    "Parent Relationship": "Inner",
                    "Parallel Aware": true,
                    "Startup Cost": 50870.31,
                    "Total Cost": 50870.31,
                    "Plan Rows": 1487231,
                    "Plan Width": 4,
                    "Actual Startup Time": 685.899,
                    "Actual Total Time": 685.901,
                    "Actual Rows": 1264156,
                    "Actual Loops": 2,
                    "Hash Buckets": 4194304,
                    "Original Hash Buckets": 4194304,
                    "Hash Batches": 1,
                    "Original Hash Batches": 1,
                    "Peak Memory Usage": 131712,
                    "Plans": [
                      {
                        "Node Type": "Seq Scan",
                        "Parent Relationship": "Outer",
                        "Parallel Aware": true,
                        "Relation Name": "title",
                        "Alias": "t",
                        "Startup Cost": 0.0,
                        "Total Cost": 50870.31,
                        "Plan Rows": 1487231,
                        "Plan Width": 4,
                        "Actual Startup Time": 0.027,
                        "Actual Total Time": 211.843,
                        "Actual Rows": 1264156,
                        "Actual Loops": 2
                      }
                    ]
                  }
                ]
              }
            ]
          }
        ]
      }
    ]
  },
  "Planning Time": 0.709,
  "Triggers": [],
  "Execution Time": 2672.672
}