[
  {
    "Plan": {
      "Node Type": "Aggregate",
      "Strategy": "Plain",
      "Partial Mode": "Finalize",
      "Parallel Aware": false,
      "Startup Cost": 32117.93,
      "Total Cost": 32117.94,
      "Plan Rows": 1,
      "Plan Width": 8,
      "Actual Startup Time": 113.302,
      "Actual Total Time": 121.616,
      "Actual Rows": 1,
      "Actual Loops": 1,
      "Plans": [
        {
          "Node Type": "Gather",
          "Parent Relationship": "Outer",
          "Parallel Aware": false,
          "Startup Cost": 32117.61,
          "Total Cost": 32117.92,
          "Plan Rows": 3,
          "Plan Width": 8,
          "Actual Startup Time": 113.184,
          "Actual Total Time": 121.608,
          "Actual Rows": 4,
          "Actual Loops": 1,
          "Workers Planned": 3,
          "Workers Launched": 3,
          "Single Copy": false,
          "Plans": [
            {
              "Node Type": "Aggregate",
              "Strategy": "Plain",
              "Partial Mode": "Partial",
              "Parent Relationship": "Outer",
              "Parallel Aware": false,
              "Startup Cost": 31117.61,
              "Total Cost": 31117.62,
              "Plan Rows": 1,
              "Plan Width": 8,
              "Actual Startup Time": 107.697,
              "Actual Total Time": 107.698,
              "Actual Rows": 1,
              "Actual Loops": 4,
              "Plans": [
                {
                  "Node Type": "Seq Scan",
                  "Parent Relationship": "Outer",
                  "Parallel Aware": true,
                  "Relation Name": "movie_companies",
                  "Alias": "mc",
                  "Startup Cost": 0.0,
                  "Total Cost": 29310.68,
                  "Plan Rows": 722773,
                  "Plan Width": 0,
                  "Actual Startup Time": 0.109,
                  "Actual Total Time": 82.352,
                  "Actual Rows": 561412,
                  "Actual Loops": 4,
                  "Filter": "(company_id > 185)",
                  "Rows Removed by Filter": 90870
                }
              ]
            }
          ]
        }
      ]
    },
    "Planning Time": 0.19,
    "Triggers": [],
    "Execution Time": 121.672
  }
]