[
  {
    "Plan": {
      "Node Type": "Aggregate",
      "Strategy": "Plain",
      "Partial Mode": "Finalize",
      "Parallel Aware": false,
      "Startup Cost": 280947.47,
      "Total Cost": 280947.48,
      "Plan Rows": 1,
      "Plan Width": 8,
      "Actual Startup Time": 3759.171,
      "Actual Total Time": 3849.938,
      "Actual Rows": 1,
      "Actual Loops": 1,
      "Plans": [
        {
          "Node Type": "Gather",
          "Parent Relationship": "Outer",
          "Parallel Aware": false,
          "Startup Cost": 280947.15,
          "Total Cost": 280947.46,
          "Plan Rows": 3,
          "Plan Width": 8,
          "Actual Startup Time": 3757.45,
          "Actual Total Time": 3849.929,
          "Actual Rows": 4,
          "Actual Loops": 1,
          "Workers Planned": 3,
          "Workers Launched": 3,
          "Single Copy": false,
          "Plans": [
            {
              "Node Type": "Aggregate",
              "Strategy": "Plain",
              "Partial Mode": "Partial",
              "Parent Relationship": "Outer",
              "Parallel Aware": false,
              "Startup Cost": 279947.15,
              "Total Cost": 279947.16,
              "Plan Rows": 1,
              "Plan Width": 8,
              "Actual Startup Time": 3749.59,
              "Actual Total Time": 3749.593,
              "Actual Rows": 1,
              "Actual Loops": 4,
              "Plans": [
                {
                  "Node Type": "Nested Loop",
                  "Parent Relationship": "Outer",
                  "Parallel Aware": false,
                  "Join Type": "Inner",
                  "Startup Cost": 47128.51,
                  "Total Cost": 278070.59,
                  "Plan Rows": 750625,
                  "Plan Width": 0,
                  "Actual Startup Time": 189.471,
                  "Actual Total Time": 3531.481,
                  "Actual Rows": 4713834,
                  "Actual Loops": 4,
                  "Inner Unique": false,
                  "Join Filter": "(t.id = ci.movie_id)",
                  "Rows Removed by Join Filter": 0,
                  "Plans": [
                    {
                      "Node Type": "Hash Join",
                      "Parent Relationship": "Outer",
                      "Parallel Aware": true,
                      "Join Type": "Inner",
                      "Startup Cost": 47127.95,
                      "Total Cost": 90482.35,
                      "Plan Rows": 52353,
                      "Plan Width": 8,
                      "Actual Startup Time": 189.356,
                      "Actual Total Time": 315.864,
                      "Actual Rows": 74415,
                      "Actual Loops": 4,
                      "Inner Unique": true,
                      "Hash Cond": "(mk.movie_id = t.id)",
                      "Plans": [
                        {
                          "Node Type": "Seq Scan",
                          "Parent Relationship": "Outer",
                          "Parallel Aware": true,
                          "Relation Name": "movie_keyword",
                          "Alias": "mk",
                          "Startup Cost": 0.0,
                          "Total Cost": 42695.65,
                          "Plan Rows": 250953,
                          "Plan Width": 4,
                          "Actual Startup Time": 0.031,
                          "Actual Total Time": 99.522,
                          "Actual Rows": 194845,
                          "Actual Loops": 4,
                          "Filter": "(keyword_id < 745)",
                          "Rows Removed by Filter": 936138
                        },
                        {
                          "Node Type": "Hash",
                          "Parent Relationship": "Inner",
                          "Parallel Aware": true,
                          "Startup Cost": 45479.59,
                          "Total Cost": 45479.59,
                          "Plan Rows": 131869,
                          "Plan Width": 4,
                          "Actual Startup Time": 158.12,
                          "Actual Total Time": 158.121,
                          "Actual Rows": 100932,
                          "Actual Loops": 4,
                          "Hash Buckets": 1048576,
                          "Original Hash Buckets": 1048576,
                          "Hash Batches": 1,
                          "Original Hash Batches": 1,
                          "Peak Memory Usage": 24064,
                          "Plans": [
                            {
                              "Node Type": "Seq Scan",
                              "Parent Relationship": "Outer",
                              "Parallel Aware": true,
                              "Relation Name": "title",
                              "Alias": "t",
                              "Startup Cost": 0.0,
                              "Total Cost": 45479.59,
                              "Plan Rows": 131869,
                              "Plan Width": 4,
                              "Actual Startup Time": 49.007,
                              "Actual Total Time": 112.697,
                              "Actual Rows": 100932,
                              "Actual Loops": 4,
                              "Filter": "((production_year > 1975) AND (kind_id = 1))",
                              "Rows Removed by Filter": 531146
                            }
                          ]
                        }
                      ]
                    },
                    {
                      "Node Type": "Index Only Scan",
                      "Parent Relationship": "Inner",
                      "Parallel Aware": false,
                      "Scan Direction": "Forward",
                      "Index Name": "movie_id_cast_info",
                      "Relation Name": "cast_info",
                      "Alias": "ci",
                      "Startup Cost": 0.56,
                      "Total Cost": 3.15,
                      "Plan Rows": 35,
                      "Plan Width": 4,
                      "Actual Startup Time": 0.005,
                      "Actual Total Time": 0.037,
                      "Actual Rows": 63,
                      "Actual Loops": 297659,
                      "Index Cond": "(movie_id = mk.movie_id)",
                      "Rows Removed by Index Recheck": 0,
                      "Heap Fetches": 18855336
                    }
                  ]
                }
              ]
            }
          ]
        }
      ]
    },
    "Planning Time": 1.118,
    "Triggers": [],
    "Execution Time": 3850.031
  }
]