[
  {
    "Plan": {
      "Node Type": "Aggregate",
      "Strategy": "Plain",
      "Partial Mode": "Finalize",
      "Parallel Aware": false,
      "Startup Cost": 283674.84,
      "Total Cost": 283674.85,
      "Plan Rows": 1,
      "Plan Width": 8,
      "Actual Startup Time": 3898.297,
      "Actual Total Time": 3979.67,
      "Actual Rows": 1,
      "Actual Loops": 1,
      "Plans": [
        {
          "Node Type": "Gather",
          "Parent Relationship": "Outer",
          "Parallel Aware": false,
          "Startup Cost": 283674.52,
          "Total Cost": 283674.83,
          "Plan Rows": 3,
          "Plan Width": 8,
          "Actual Startup Time": 3896.057,
          "Actual Total Time": 3979.659,
          "Actual Rows": 4,
          "Actual Loops": 1,
          "Workers Planned": 3,
          "Workers Launched": 3,
          "Single Copy": false,
          "Plans": [
            {
              "Node Type": "Aggregate",
              "Strategy": "Plain",
              "Partial Mode": "Partial",
              "Parent Relationship": "Outer",
              "Parallel Aware": false,
              "Startup Cost": 282674.52,
              "Total Cost": 282674.53,
              "Plan Rows": 1,
              "Plan Width": 8,
              "Actual Startup Time": 3887.273,
              "Actual Total Time": 3887.277,
              "Actual Rows": 1,
              "Actual Loops": 4,
              "Plans": [
                {
                  "Node Type": "Nested Loop",
                  "Parent Relationship": "Outer",
                  "Parallel Aware": false,
                  "Join Type": "Inner",
                  "Startup Cost": 47132.61,
                  "Total Cost": 280813.82,
                  "Plan Rows": 744278,
                  "Plan Width": 0,
                  "Actual Startup Time": 189.708,
                  "Actual Total Time": 3660.439,
                  "Actual Rows": 4713834,
                  "Actual Loops": 4,
                  "Inner Unique": false,
                  "Join Filter": "(t.id = ci.movie_id)",
                  "Rows Removed by Join Filter": 0,
                  "Plans": [
                    {
                      "Node Type": "Hash Join",
                      "Parent Relationship": "Outer",
                      "Parallel Aware": true,
                      "Join Type": "Inner",
                      "Startup Cost": 47132.05,
                      "Total Cost": 90479.43,
                      "Plan Rows": 51942,
                      "Plan Width": 8,
                      "Actual Startup Time": 189.586,
                      "Actual Total Time": 319.727,
                      "Actual Rows": 74415,
                      "Actual Loops": 4,
                      "Inner Unique": true,
                      "Hash Cond": "(mk.movie_id = t.id)",
                      "Plans": [
                        {
                          "Node Type": "Seq Scan",
                          "Parent Relationship": "Outer",
                          "Parallel Aware": true,
                          "Relation Name": "movie_keyword",
                          "Alias": "mk",
                          "Startup Cost": 0.0,
                          "Total Cost": 42695.65,
                          "Plan Rows": 248276,
                          "Plan Width": 4,
                          "Actual Startup Time": 0.029,
                          "Actual Total Time": 102.512,
                          "Actual Rows": 194845,
                          "Actual Loops": 4,
                          "Filter": "(keyword_id < 745)",
                          "Rows Removed by Filter": 936138
                        },
                        {
                          "Node Type": "Hash",
                          "Parent Relationship": "Inner",
                          "Parallel Aware": true,
                          "Startup Cost": 45479.1,
                          "Total Cost": 45479.1,
                          "Plan Rows": 132236,
                          "Plan Width": 4,
                          "Actual Startup Time": 157.924,
                          "Actual Total Time": 157.925,
                          "Actual Rows": 100932,
                          "Actual Loops": 4,
                          "Hash Buckets": 1048576,
                          "Original Hash Buckets": 1048576,
                          "Hash Batches": 1,
                          "Original Hash Batches": 1,
                          "Peak Memory Usage": 24064,
                          "Plans": [
                            {
                              "Node Type": "Seq Scan",
                              "Parent Relationship": "Outer",
                              "Parallel Aware": true,
                              "Relation Name": "title",
                              "Alias": "t",
                              "Startup Cost": 0.0,
                              "Total Cost": 45479.1,
                              "Plan Rows": 132236,
                              "Plan Width": 4,
                              "Actual Startup Time": 52.537,
                              "Actual Total Time": 115.943,
                              "Actual Rows": 100932,
                              "Actual Loops": 4,
                              "Filter": "((production_year > 1975) AND (kind_id = 1))",
                              "Rows Removed by Filter": 531146
                            }
                          ]
                        }
                      ]
                    },
                    {
                      "Node Type": "Index Only Scan",
                      "Parent Relationship": "Inner",
                      "Parallel Aware": false,
                      "Scan Direction": "Forward",
                      "Index Name": "movie_id_cast_info",
                      "Relation Name": "cast_info",
                      "Alias": "ci",
                      "Startup Cost": 0.56,
                      "Total Cost": 3.2,
                      "Plan Rows": 37,
                      "Plan Width": 4,
                      "Actual Startup Time": 0.005,
                      "Actual Total Time": 0.039,
                      "Actual Rows": 63,
                      "Actual Loops": 297659,
                      "Index Cond": "(movie_id = mk.movie_id)",
                      "Rows Removed by Index Recheck": 0,
                      "Heap Fetches": 18855336
                    }
                  ]
                }
              ]
            }
          ]
        }
      ]
    },
    "Planning Time": 1.36,
    "Triggers": [],
    "Execution Time": 3979.782
  }
]