{
  "Plan": {
    "Node Type": "Aggregate",
    "Strategy": "Plain",
    "Partial Mode": "Finalize",
    "Parallel Aware": false,
    "Startup Cost": 31962.52,
    "Total Cost": 31962.53,
    "Plan Rows": 1,
    "Plan Width": 8,
    "Actual Startup Time": 98.721,
    "Actual Total Time": 104.794,
    "Actual Rows": 1,
    "Actual Loops": 1,
    "Plans": [
      {
        "Node Type": "Gather",
        "Parent Relationship": "Outer",
        "Parallel Aware": false,
        "Startup Cost": 31962.41,
        "Total Cost": 31962.52,
        "Plan Rows": 1,
        "Plan Width": 8,
        "Actual Startup Time": 98.569,
        "Actual Total Time": 104.786,
        "Actual Rows": 2,
        "Actual Loops": 1,
        "Workers Planned": 1,
        "Workers Launched": 1,
        "Single Copy": false,
        "Plans": [
          {
            "Node Type": "Aggregate",
            "Strategy": "Plain",
            "Partial Mode": "Partial",
            "Parent Relationship": "Outer",
            "Parallel Aware": false,
            "Startup Cost": 30962.41,
            "Total Cost": 30962.42,
            "Plan Rows": 1,
            "Plan Width": 8,
            "Actual Startup Time": 92.407,
            "Actual Total Time": 92.41,
            "Actual Rows": 1,
            "Actual Loops": 2,
            "Plans": [
              {
                "Node Type": "Nested Loop",
                "Parent Relationship": "Outer",
                "Parallel Aware": false,
                "Join Type": "Inner",
                "Startup Cost": 94.15,
                "Total Cost": 30960.81,
                "Plan Rows": 639,
                "Plan Width": 0,
                "Actual Startup Time": 61.149,
                "Actual Total Time": 92.249,
                "Actual Rows": 714,
                "Actual Loops": 2,
                "Inner Unique": false,
                "Plans": [
                  {
                    "Node Type": "Nested Loop",
                    "Parent Relationship": "Outer",
                    "Parallel Aware": false,
                    "Join Type": "Inner",
                    "Startup Cost": 93.58,
                    "Total Cost": 29585.71,
                    "Plan Rows": 86,
                    "Plan Width": 8,
                    "Actual Startup Time": 59.632,
                    "Actual Total Time": 85.373,
                    "Actual Rows": 21,
                    "Actual Loops": 2,
                    "Inner Unique": true,
                    "Plans": [
                      {
                        "Node Type": "Bitmap Heap Scan",
                        "Parent Relationship": "Outer",
                        "Parallel Aware": true,
                        "Relation Name": "movie_keyword",
                        "Alias": "mk",
                        "Startup Cost": 93.15,
                        "Total Cost": 11023.11,
                        "Plan Rows": 2484,
                        "Plan Width": 4,
                        "Actual Startup Time": 59.141,
                        "Actual Total Time": 65.902,
                        "Actual Rows": 2130,
                        "Actual Loops": 2,
                        "Recheck Cond": "(keyword_id = 2867)",
                        "Rows Removed by Index Recheck": 0,
                        "Exact Heap Blocks": 2600,
                        "Lossy Heap Blocks": 0,
                        "Plans": [
                          {
                            "Node Type": "Bitmap Index Scan",
                            "Parent Relationship": "Outer",
                            "Parallel Aware": false,
                            "Index Name": "keyword_id_movie_keyword",
                            "Startup Cost": 0.0,
                            "Total Cost": 92.1,
                            "Plan Rows": 4222,
                            "Plan Width": 0,
                            "Actual Startup Time": 62.994,
                            "Actual Total Time": 62.995,
                            "Actual Rows": 4261,
                            "Actual Loops": 1,
                            "Index Cond": "(keyword_id = 2867)"
                          }
                        ]
                      },
                      {
                        "Node Type": "Index Scan",
                        "Parent Relationship": "Inner",
                        "Parallel Aware": false,
                        "Scan Direction": "Forward",
                        "Index Name": "title_pkey",
                        "Relation Name": "title",
                        "Alias": "t",
                        "Startup Cost": 0.43,
                        "Total Cost": 7.47,
                        "Plan Rows": 1,
                        "Plan Width": 4,
                        "Actual Startup Time": 0.009,
                        "Actual Total Time": 0.009,
                        "Actual Rows": 0,
                        "Actual Loops": 4261,
                        "Index Cond": "(id = mk.movie_id)",
                        "Rows Removed by Index Recheck": 0,
                        "Filter": "((kind_id = 7) AND (production_year = 2010))",
                        "Rows Removed by Filter": 1
                      }
                    ]
                  },
                  {
                    "Node Type": "Index Scan",
                    "Parent Relationship": "Inner",
                    "Parallel Aware": false,
                    "Scan Direction": "Forward",
                    "Index Name": "movie_id_cast_info",
                    "Relation Name": "cast_info",
                    "Alias": "ci",
                    "Startup Cost": 0.56,
                    "Total Cost": 15.8,
                    "Plan Rows": 19,
                    "Plan Width": 4,
                    "Actual Startup Time": 0.119,
                    "Actual Total Time": 0.316,
                    "Actual Rows": 34,
                    "Actual Loops": 42,
                    "Index Cond": "(movie_id = t.id)",
                    "Rows Removed by Index Recheck": 0,
                    "Filter": "(person_id > 1741732)",
                    "Rows Removed by Filter": 26
                  }
                ]
              }
            ]
          }
        ]
      }
    ]
  },
  "Planning Time": 1.04,
  "Triggers": [],
  "Execution Time": 104.9
}