[
  {
    "Plan": {
      "Node Type": "Aggregate",
      "Strategy": "Plain",
      "Partial Mode": "Finalize",
      "Parallel Aware": false,
      "Startup Cost": 327286.92,
      "Total Cost": 327286.93,
      "Plan Rows": 1,
      "Plan Width": 8,
      "Actual Startup Time": 3761.653,
      "Actual Total Time": 3848.442,
      "Actual Rows": 1,
      "Actual Loops": 1,
      "Plans": [
        {
          "Node Type": "Gather",
          "Parent Relationship": "Outer",
          "Parallel Aware": false,
          "Startup Cost": 327286.61,
          "Total Cost": 327286.92,
          "Plan Rows": 3,
          "Plan Width": 8,
          "Actual Startup Time": 3758.521,
          "Actual Total Time": 3848.43,
          "Actual Rows": 4,
          "Actual Loops": 1,
          "Workers Planned": 3,
          "Workers Launched": 3,
          "Single Copy": false,
          "Plans": [
            {
              "Node Type": "Aggregate",
              "Strategy": "Plain",
              "Partial Mode": "Partial",
              "Parent Relationship": "Outer",
              "Parallel Aware": false,
              "Startup Cost": 326286.61,
              "Total Cost": 326286.62,
              "Plan Rows": 1,
              "Plan Width": 8,
              "Actual Startup Time": 3749.36,
              "Actual Total Time": 3749.364,
              "Actual Rows": 1,
              "Actual Loops": 4,
              "Plans": [
                {
                  "Node Type": "Nested Loop",
                  "Parent Relationship": "Outer",
                  "Parallel Aware": false,
                  "Join Type": "Inner",
                  "Startup Cost": 48010.61,
                  "Total Cost": 325246.47,
                  "Plan Rows": 416055,
                  "Plan Width": 0,
                  "Actual Startup Time": 204.456,
                  "Actual Total Time": 3683.505,
                  "Actual Rows": 1391918,
                  "Actual Loops": 4,
                  "Inner Unique": false,
                  "Plans": [
                    {
                      "Node Type": "Hash Join",
                      "Parent Relationship": "Outer",
                      "Parallel Aware": true,
                      "Join Type": "Inner",
                      "Startup Cost": 48010.05,
                      "Total Cost": 80027.31,
                      "Plan Rows": 73518,
                      "Plan Width": 8,
                      "Actual Startup Time": 204.346,
                      "Actual Total Time": 361.766,
                      "Actual Rows": 158992,
                      "Actual Loops": 4,
                      "Inner Unique": true,
                      "Hash Cond": "(mc.movie_id = t.id)",
                      "Plans": [
                        {
                          "Node Type": "Seq Scan",
                          "Parent Relationship": "Outer",
                          "Parallel Aware": true,
                          "Relation Name": "movie_companies",
                          "Alias": "mc",
                          "Startup Cost": 0.0,
                          "Total Cost": 31414.82,
                          "Plan Rows": 229501,
                          "Plan Width": 4,
                          "Actual Startup Time": 29.546,
                          "Actual Total Time": 70.257,
                          "Actual Rows": 234176,
                          "Actual Loops": 4,
                          "Filter": "((company_id > 10949) AND (company_type_id = 2))",
                          "Rows Removed by Filter": 418106
                        },
                        {
                          "Node Type": "Hash",
                          "Parent Relationship": "Inner",
                          "Parallel Aware": true,
                          "Startup Cost": 45479.1,
                          "Total Cost": 45479.1,
                          "Plan Rows": 202476,
                          "Plan Width": 4,
                          "Actual Startup Time": 169.762,
                          "Actual Total Time": 169.763,
                          "Actual Rows": 210754,
                          "Actual Loops": 4,
                          "Hash Buckets": 1048576,
                          "Original Hash Buckets": 1048576,
                          "Hash Batches": 1,
                          "Original Hash Batches": 1,
                          "Peak Memory Usage": 41248,
                          "Plans": [
                            {
                              "Node Type": "Seq Scan",
                              "Parent Relationship": "Outer",
                              "Parallel Aware": true,
                              "Relation Name": "title",
                              "Alias": "t",
                              "Startup Cost": 0.0,
                              "Total Cost": 45479.1,
                              "Plan Rows": 202476,
                              "Plan Width": 4,
                              "Actual Startup Time": 0.045,
                              "Actual Total Time": 102.942,
                              "Actual Rows": 210754,
                              "Actual Loops": 4,
                              "Filter": "((kind_id < 7) AND (production_year < 2011))",
                              "Rows Removed by Filter": 421324
                            }
                          ]
                        }
                      ]
                    },
                    {
                      "Node Type": "Index Scan",
                      "Parent Relationship": "Inner",
                      "Parallel Aware": false,
                      "Scan Direction": "Forward",
                      "Index Name": "movie_id_cast_info",
                      "Relation Name": "cast_info",
                      "Alias": "ci",
                      "Startup Cost": 0.56,
                      "Total Cost": 3.2,
                      "Plan Rows": 14,
                      "Plan Width": 4,
                      "Actual Startup Time": 0.011,
                      "Actual Total Time": 0.02,
                      "Actual Rows": 9,
                      "Actual Loops": 635968,
                      "Index Cond": "(movie_id = t.id)",
                      "Rows Removed by Index Recheck": 0,
                      "Filter": "(person_id > 2237366)",
                      "Rows Removed by Filter": 14
                    }
                  ]
                }
              ]
            }
          ]
        }
      ]
    },
    "Planning Time": 1.476,
    "Triggers": [],
    "Execution Time": 3848.587
  }
]