[
  {
    "Plan": {
      "Node Type": "Aggregate",
      "Strategy": "Plain",
      "Partial Mode": "Finalize",
      "Parallel Aware": false,
      "Startup Cost": 32958.28,
      "Total Cost": 32958.29,
      "Plan Rows": 1,
      "Plan Width": 8,
      "Actual Startup Time": 108.666,
      "Actual Total Time": 116.057,
      "Actual Rows": 1,
      "Actual Loops": 1,
      "Plans": [
        {
          "Node Type": "Gather",
          "Parent Relationship": "Outer",
          "Parallel Aware": false,
          "Startup Cost": 32957.96,
          "Total Cost": 32958.27,
          "Plan Rows": 3,
          "Plan Width": 8,
          "Actual Startup Time": 108.567,
          "Actual Total Time": 116.048,
          "Actual Rows": 4,
          "Actual Loops": 1,
          "Workers Planned": 3,
          "Workers Launched": 3,
          "Single Copy": false,
          "Plans": [
            {
              "Node Type": "Aggregate",
              "Strategy": "Plain",
              "Partial Mode": "Partial",
              "Parent Relationship": "Outer",
              "Parallel Aware": false,
              "Startup Cost": 31957.96,
              "Total Cost": 31957.97,
              "Plan Rows": 1,
              "Plan Width": 8,
              "Actual Startup Time": 101.382,
              "Actual Total Time": 101.383,
              "Actual Rows": 1,
              "Actual Loops": 4,
              "Plans": [
                {
                  "Node Type": "Seq Scan",
                  "Parent Relationship": "Outer",
                  "Parallel Aware": true,
                  "Relation Name": "movie_companies",
                  "Alias": "mc",
                  "Startup Cost": 0.0,
                  "Total Cost": 31414.82,
                  "Plan Rows": 217258,
                  "Plan Width": 0,
                  "Actual Startup Time": 48.763,
                  "Actual Total Time": 89.877,
                  "Actual Rows": 229498,
                  "Actual Loops": 4,
                  "Filter": "((company_id > 11207) AND (company_type_id = 2))",
                  "Rows Removed by Filter": 422784
                }
              ]
            }
          ]
        }
      ]
    },
    "Planning Time": 0.217,
    "Triggers": [],
    "Execution Time": 116.114
  }
]