{
    "Plan": {
        "Node Type": "Aggregate",
        "Strategy": "Plain",
        "Partial Mode": "Simple",
        "Parallel Aware": false,
        "Startup Cost": 70001785869.31,
        "Total Cost": 70001785869.32,
        "Plan Rows": 1,
        "Plan Width": 96,
        "Actual Startup Time": 3713.377,
        "Actual Total Time": 3774.358,
        "Actual Rows": 1,
        "Actual Loops": 1,
        "Output": [
            "min(cn.name)",
            "min(mi_idx.info)",
            "min(t.title)"
        ],
        "Plans": [
            {
                "Node Type": "Nested Loop",
                "Parent Relationship": "Outer",
                "Parallel Aware": false,
                "Join Type": "Inner",
                "Startup Cost": 70001785812.95,
                "Total Cost": 70001785869.3,
                "Plan Rows": 1,
                "Plan Width": 41,
                "Actual Startup Time": 3712.333,
                "Actual Total Time": 3774.348,
                "Actual Rows": 1,
                "Actual Loops": 1,
                "Output": [
                    "cn.name",
                    "mi_idx.info",
                    "t.title"
                ],
                "Inner Unique": true,
                "Plans": [
                    {
                        "Node Type": "Merge Join",
                        "Parent Relationship": "Outer",
                        "Parallel Aware": false,
                        "Join Type": "Inner",
                        "Startup Cost": 60001785812.53,
                        "Total Cost": 60001785818.79,
                        "Plan Rows": 11,
                        "Plan Width": 45,
                        "Actual Startup Time": 3711.347,
                        "Actual Total Time": 3772.435,
                        "Actual Rows": 325,
                        "Actual Loops": 1,
                        "Output": [
                            "cn.name",
                            "mi_idx.info",
                            "mk.keyword_id",
                            "t.title"
                        ],
                        "Inner Unique": false,
                        "Merge Cond": "(it2.id = mi_idx.info_type_id)",
                        "Plans": [
                            {
                                "Node Type": "Index Scan",
                                "Parent Relationship": "Outer",
                                "Parallel Aware": false,
                                "Scan Direction": "Forward",
                                "Index Name": "info_type_pkey",
                                "Relation Name": "info_type",
                                "Schema": "public",
                                "Alias": "it2",
                                "Startup Cost": 10000000000.14,
                                "Total Cost": 10000000014.12,
                                "Plan Rows": 1,
                                "Plan Width": 4,
                                "Actual Startup Time": 0.032,
                                "Actual Total Time": 0.035,
                                "Actual Rows": 1,
                                "Actual Loops": 1,
                                "Output": [
                                    "it2.id",
                                    "it2.info"
                                ],
                                "Filter": "((it2.info)::text = 'rating'::text)",
                                "Rows Removed by Filter": 112
                            },
                            {
                                "Node Type": "Sort",
                                "Parent Relationship": "Inner",
                                "Parallel Aware": false,
                                "Startup Cost": 50001785798.4,
                                "Total Cost": 50001785801.48,
                                "Plan Rows": 1231,
                                "Plan Width": 49,
                                "Actual Startup Time": 3711.253,
                                "Actual Total Time": 3772.294,
                                "Actual Rows": 979,
                                "Actual Loops": 1,
                                "Output": [
                                    "cn.name",
                                    "mi_idx.info",
                                    "mi_idx.info_type_id",
                                    "mk.keyword_id",
                                    "t.title"
                                ],
                                "Sort Key": [
                                    "mi_idx.info_type_id"
                                ],
                                "Sort Method": "quicksort",
                                "Sort Space Used": 134,
                                "Sort Space Type": "Memory",
                                "Plans": [
                                    {
                                        "Node Type": "Hash Join",
                                        "Parent Relationship": "Outer",
                                        "Parallel Aware": false,
                                        "Join Type": "Inner",
                                        "Startup Cost": 50001785696.39,
                                        "Total Cost": 50001785735.22,
                                        "Plan Rows": 1231,
                                        "Plan Width": 49,
                                        "Actual Startup Time": 3710.571,
                                        "Actual Total Time": 3772.046,
                                        "Actual Rows": 979,
                                        "Actual Loops": 1,
                                        "Output": [
                                            "cn.name",
                                            "mi_idx.info",
                                            "mi_idx.info_type_id",
                                            "mk.keyword_id",
                                            "t.title"
                                        ],
                                        "Inner Unique": false,
                                        "Hash Cond": "(mc.company_type_id = ct.id)",
                                        "Plans": [
                                            {
                                                "Node Type": "Hash Join",
                                                "Parent Relationship": "Outer",
                                                "Parallel Aware": false,
                                                "Join Type": "Inner",
                                                "Startup Cost": 40001785695.3,
                                                "Total Cost": 40001785717.2,
                                                "Plan Rows": 1231,
                                                "Plan Width": 53,
                                                "Actual Startup Time": 3710.549,
                                                "Actual Total Time": 3771.9,
                                                "Actual Rows": 979,
                                                "Actual Loops": 1,
                                                "Output": [
                                                    "cn.name",
                                                    "mc.company_type_id",
                                                    "mi_idx.info",
                                                    "mi_idx.info_type_id",
                                                    "mk.keyword_id",
                                                    "t.title"
                                                ],
                                                "Inner Unique": true,
                                                "Hash Cond": "(mc.company_id = cn.id)",
                                                "Plans": [
                                                    {
                                                        "Node Type": "Hash Join",
                                                        "Parent Relationship": "Outer",
                                                        "Parallel Aware": false,
                                                        "Join Type": "Inner",
                                                        "Startup Cost": 40001771664.52,
                                                        "Total Cost": 40001771680.4,
                                                        "Plan Rows": 2293,
                                                        "Plan Width": 38,
                                                        "Actual Startup Time": 3584.085,
                                                        "Actual Total Time": 3645.241,
                                                        "Actual Rows": 1628,
                                                        "Actual Loops": 1,
                                                        "Output": [
                                                            "mc.company_type_id",
                                                            "mc.company_id",
                                                            "mi_idx.info",
                                                            "mi_idx.info_type_id",
                                                            "mk.keyword_id",
                                                            "t.title"
                                                        ],
                                                        "Inner Unique": false,
                                                        "Hash Cond": "(it1.id = mi.info_type_id)",
                                                        "Plans": [
                                                            {
                                                                "Node Type": "Index Scan",
                                                                "Parent Relationship": "Outer",
                                                                "Parallel Aware": false,
                                                                "Scan Direction": "Forward",
                                                                "Index Name": "info_type_pkey",
                                                                "Relation Name": "info_type",
                                                                "Schema": "public",
                                                                "Alias": "it1",
                                                                "Startup Cost": 10000000000.14,
                                                                "Total Cost": 10000000014.12,
                                                                "Plan Rows": 1,
                                                                "Plan Width": 4,
                                                                "Actual Startup Time": 0.008,
                                                                "Actual Total Time": 0.022,
                                                                "Actual Rows": 1,
                                                                "Actual Loops": 1,
                                                                "Output": [
                                                                    "it1.id",
                                                                    "it1.info"
                                                                ],
                                                                "Filter": "((it1.info)::text = 'countries'::text)",
                                                                "Rows Removed by Filter": 112
                                                            },
                                                            {
                                                                "Node Type": "Hash",
                                                                "Parent Relationship": "Inner",
                                                                "Parallel Aware": false,
                                                                "Startup Cost": 30001771646.61,
                                                                "Total Cost": 30001771646.61,
                                                                "Plan Rows": 1421,
                                                                "Plan Width": 42,
                                                                "Actual Startup Time": 3584.063,
                                                                "Actual Total Time": 3645.029,
                                                                "Actual Rows": 1998,
                                                                "Actual Loops": 1,
                                                                "Output": [
                                                                    "t.title",
                                                                    "mc.company_type_id",
                                                                    "mc.company_id",
                                                                    "mi.info_type_id",
                                                                    "mi_idx.info",
                                                                    "mi_idx.info_type_id",
                                                                    "mk.keyword_id"
                                                                ],
                                                                "Hash Buckets": 2048,
                                                                "Original Hash Buckets": 2048,
                                                                "Hash Batches": 1,
                                                                "Original Hash Batches": 1,
                                                                "Peak Memory Usage": 166,
                                                                "Plans": [
                                                                    {
                                                                        "Node Type": "Hash Join",
                                                                        "Parent Relationship": "Outer",
                                                                        "Parallel Aware": false,
                                                                        "Join Type": "Inner",
                                                                        "Startup Cost": 30000793172.36,
                                                                        "Total Cost": 30001771646.61,
                                                                        "Plan Rows": 1421,
                                                                        "Plan Width": 42,
                                                                        "Actual Startup Time": 2877.426,
                                                                        "Actual Total Time": 3644.669,
                                                                        "Actual Rows": 1998,
                                                                        "Actual Loops": 1,
                                                                        "Output": [
                                                                            "t.title",
                                                                            "mc.company_type_id",
                                                                            "mc.company_id",
                                                                            "mi.info_type_id",
                                                                            "mi_idx.info",
                                                                            "mi_idx.info_type_id",
                                                                            "mk.keyword_id"
                                                                        ],
                                                                        "Inner Unique": false,
                                                                        "Hash Cond": "(mi.movie_id = t.id)",
                                                                        "Plans": [
                                                                            {
                                                                                "Node Type": "Gather",
                                                                                "Parent Relationship": "Outer",
                                                                                "Parallel Aware": false,
                                                                                "Startup Cost": 1000.43,
                                                                                "Total Cost": 976991.27,
                                                                                "Plan Rows": 658455,
                                                                                "Plan Width": 8,
                                                                                "Actual Startup Time": 211.999,
                                                                                "Actual Total Time": 929.847,
                                                                                "Actual Rows": 669336,
                                                                                "Actual Loops": 1,
                                                                                "Output": [
                                                                                    "mi.movie_id",
                                                                                    "mi.info_type_id"
                                                                                ],
                                                                                "Workers Planned": 5,
                                                                                "Workers Launched": 5,
                                                                                "Single Copy": false,
                                                                                "Plans": [
                                                                                    {
                                                                                        "Node Type": "Index Scan",
                                                                                        "Parent Relationship": "Outer",
                                                                                        "Parallel Aware": true,
                                                                                        "Scan Direction": "Forward",
                                                                                        "Index Name": "info_type_id_movie_info",
                                                                                        "Relation Name": "movie_info",
                                                                                        "Schema": "public",
                                                                                        "Alias": "mi",
                                                                                        "Startup Cost": 0.43,
                                                                                        "Total Cost": 910145.77,
                                                                                        "Plan Rows": 131691,
                                                                                        "Plan Width": 8,
                                                                                        "Actual Startup Time": 202.709,
                                                                                        "Actual Total Time": 872.189,
                                                                                        "Actual Rows": 111556,
                                                                                        "Actual Loops": 6,
                                                                                        "Output": [
                                                                                            "mi.movie_id",
                                                                                            "mi.info_type_id"
                                                                                        ],
                                                                                        "Filter": "(mi.info = ANY ('{Germany,German,USA,American}'::text[]))",
                                                                                        "Rows Removed by Filter": 2361064,
                                                                                        "Workers": [
                                                                                            {
                                                                                                "Worker Number": 0,
                                                                                                "Actual Startup Time": 200.252,
                                                                                                "Actual Total Time": 889.624,
                                                                                                "Actual Rows": 124218,
                                                                                                "Actual Loops": 1
                                                                                            },
                                                                                            {
                                                                                                "Worker Number": 1,
                                                                                                "Actual Startup Time": 200.754,
                                                                                                "Actual Total Time": 891.438,
                                                                                                "Actual Rows": 126264,
                                                                                                "Actual Loops": 1
                                                                                            },
                                                                                            {
                                                                                                "Worker Number": 2,
                                                                                                "Actual Startup Time": 201.139,
                                                                                                "Actual Total Time": 886.921,
                                                                                                "Actual Rows": 130434,
                                                                                                "Actual Loops": 1
                                                                                            },
                                                                                            {
                                                                                                "Worker Number": 3,
                                                                                                "Actual Startup Time": 201.21,
                                                                                                "Actual Total Time": 886.364,
                                                                                                "Actual Rows": 128922,
                                                                                                "Actual Loops": 1
                                                                                            },
                                                                                            {
                                                                                                "Worker Number": 4,
                                                                                                "Actual Startup Time": 201.229,
                                                                                                "Actual Total Time": 887.824,
                                                                                                "Actual Rows": 123968,
                                                                                                "Actual Loops": 1
                                                                                            }
                                                                                        ]
                                                                                    }
                                                                                ]
                                                                            },
                                                                            {
                                                                                "Node Type": "Hash",
                                                                                "Parent Relationship": "Inner",
                                                                                "Parallel Aware": false,
                                                                                "Startup Cost": 30000792103.73,
                                                                                "Total Cost": 30000792103.73,
                                                                                "Plan Rows": 5456,
                                                                                "Plan Width": 54,
                                                                                "Actual Startup Time": 2663.028,
                                                                                "Actual Total Time": 2673.152,
                                                                                "Actual Rows": 2387,
                                                                                "Actual Loops": 1,
                                                                                "Output": [
                                                                                    "t.title",
                                                                                    "t.id",
                                                                                    "mc.movie_id",
                                                                                    "mc.company_type_id",
                                                                                    "mc.company_id",
                                                                                    "mi_idx.info",
                                                                                    "mi_idx.movie_id",
                                                                                    "mi_idx.info_type_id",
                                                                                    "mk.movie_id",
                                                                                    "mk.keyword_id"
                                                                                ],
                                                                                "Hash Buckets": 8192,
                                                                                "Original Hash Buckets": 8192,
                                                                                "Hash Batches": 1,
                                                                                "Original Hash Batches": 1,
                                                                                "Peak Memory Usage": 269,
                                                                                "Plans": [
                                                                                    {
                                                                                        "Node Type": "Merge Join",
                                                                                        "Parent Relationship": "Outer",
                                                                                        "Parallel Aware": false,
                                                                                        "Join Type": "Inner",
                                                                                        "Startup Cost": 30000766858.77,
                                                                                        "Total Cost": 30000792103.73,
                                                                                        "Plan Rows": 5456,
                                                                                        "Plan Width": 54,
                                                                                        "Actual Startup Time": 2145.374,
                                                                                        "Actual Total Time": 2672.611,
                                                                                        "Actual Rows": 2387,
                                                                                        "Actual Loops": 1,
                                                                                        "Output": [
                                                                                            "t.title",
                                                                                            "t.id",
                                                                                            "mc.movie_id",
                                                                                            "mc.company_type_id",
                                                                                            "mc.company_id",
                                                                                            "mi_idx.info",
                                                                                            "mi_idx.movie_id",
                                                                                            "mi_idx.info_type_id",
                                                                                            "mk.movie_id",
                                                                                            "mk.keyword_id"
                                                                                        ],
                                                                                        "Inner Unique": false,
                                                                                        "Merge Cond": "(mc.movie_id = t.id)",
                                                                                        "Plans": [
                                                                                            {
                                                                                                "Node Type": "Sort",
                                                                                                "Parent Relationship": "Outer",
                                                                                                "Parallel Aware": false,
                                                                                                "Startup Cost": 10000110665.48,
                                                                                                "Total Cost": 10000111037.62,
                                                                                                "Plan Rows": 148857,
                                                                                                "Plan Width": 12,
                                                                                                "Actual Startup Time": 516.115,
                                                                                                "Actual Total Time": 526.487,
                                                                                                "Actual Rows": 303271,
                                                                                                "Actual Loops": 1,
                                                                                                "Output": [
                                                                                                    "mc.movie_id",
                                                                                                    "mc.company_type_id",
                                                                                                    "mc.company_id"
                                                                                                ],
                                                                                                "Sort Key": [
                                                                                                    "mc.movie_id"
                                                                                                ],
                                                                                                "Sort Method": "quicksort",
                                                                                                "Sort Space Used": 26504,
                                                                                                "Sort Space Type": "Memory",
                                                                                                "Plans": [
                                                                                                    {
                                                                                                        "Node Type": "Index Scan",
                                                                                                        "Parent Relationship": "Outer",
                                                                                                        "Parallel Aware": false,
                                                                                                        "Scan Direction": "Forward",
                                                                                                        "Index Name": "company_type_id_movie_companies",
                                                                                                        "Relation Name": "movie_companies",
                                                                                                        "Schema": "public",
                                                                                                        "Alias": "mc",
                                                                                                        "Startup Cost": 10000000000.43,
                                                                                                        "Total Cost": 10000097876.01,
                                                                                                        "Plan Rows": 148857,
                                                                                                        "Plan Width": 12,
                                                                                                        "Actual Startup Time": 0.037,
                                                                                                        "Actual Total Time": 463.857,
                                                                                                        "Actual Rows": 303271,
                                                                                                        "Actual Loops": 1,
                                                                                                        "Output": [
                                                                                                            "mc.movie_id",
                                                                                                            "mc.company_type_id",
                                                                                                            "mc.company_id"
                                                                                                        ],
                                                                                                        "Filter": "((mc.note !~~ '%(USA)%'::text) AND (mc.note ~~ '%(200%)%'::text))",
                                                                                                        "Rows Removed by Filter": 2305858
                                                                                                    }
                                                                                                ]
                                                                                            },
                                                                                            {
                                                                                                "Node Type": "Materialize",
                                                                                                "Parent Relationship": "Inner",
                                                                                                "Parallel Aware": false,
                                                                                                "Startup Cost": 20000656190.93,
                                                                                                "Total Cost": 20000680432.01,
                                                                                                "Plan Rows": 92673,
                                                                                                "Plan Width": 42,
                                                                                                "Actual Startup Time": 1545.911,
                                                                                                "Actual Total Time": 2103.215,
                                                                                                "Actual Rows": 387233,
                                                                                                "Actual Loops": 1,
                                                                                                "Output": [
                                                                                                    "t.title",
                                                                                                    "t.id",
                                                                                                    "mi_idx.info",
                                                                                                    "mi_idx.movie_id",
                                                                                                    "mi_idx.info_type_id",
                                                                                                    "mk.movie_id",
                                                                                                    "mk.keyword_id"
                                                                                                ],
                                                                                                "Plans": [
                                                                                                    {
                                                                                                        "Node Type": "Merge Join",
                                                                                                        "Parent Relationship": "Outer",
                                                                                                        "Parallel Aware": false,
                                                                                                        "Join Type": "Inner",
                                                                                                        "Startup Cost": 20000656190.93,
                                                                                                        "Total Cost": 20000680200.33,
                                                                                                        "Plan Rows": 92673,
                                                                                                        "Plan Width": 42,
                                                                                                        "Actual Startup Time": 1545.901,
                                                                                                        "Actual Total Time": 2003.525,
                                                                                                        "Actual Rows": 387167,
                                                                                                        "Actual Loops": 1,
                                                                                                        "Output": [
                                                                                                            "t.title",
                                                                                                            "t.id",
                                                                                                            "mi_idx.info",
                                                                                                            "mi_idx.movie_id",
                                                                                                            "mi_idx.info_type_id",
                                                                                                            "mk.movie_id",
                                                                                                            "mk.keyword_id"
                                                                                                        ],
                                                                                                        "Inner Unique": false,
                                                                                                        "Merge Cond": "(mk.movie_id = t.id)",
                                                                                                        "Plans": [
                                                                                                            {
                                                                                                                "Node Type": "Sort",
                                                                                                                "Parent Relationship": "Outer",
                                                                                                                "Parallel Aware": false,
                                                                                                                "Startup Cost": 10000569794.43,
                                                                                                                "Total Cost": 10000581104.25,
                                                                                                                "Plan Rows": 4523930,
                                                                                                                "Plan Width": 8,
                                                                                                                "Actual Startup Time": 1022.143,
                                                                                                                "Actual Total Time": 1185.698,
                                                                                                                "Actual Rows": 4523925,
                                                                                                                "Actual Loops": 1,
                                                                                                                "Output": [
                                                                                                                    "mk.movie_id",
                                                                                                                    "mk.keyword_id"
                                                                                                                ],
                                                                                                                "Sort Key": [
                                                                                                                    "mk.movie_id"
                                                                                                                ],
                                                                                                                "Sort Method": "quicksort",
                                                                                                                "Sort Space Used": 408668,
                                                                                                                "Sort Space Type": "Memory",
                                                                                                                "Plans": [
                                                                                                                    {
                                                                                                                        "Node Type": "Seq Scan",
                                                                                                                        "Parent Relationship": "Outer",
                                                                                                                        "Parallel Aware": false,
                                                                                                                        "Relation Name": "movie_keyword",
                                                                                                                        "Schema": "public",
                                                                                                                        "Alias": "mk",
                                                                                                                        "Startup Cost": 10000000000.0,
                                                                                                                        "Total Cost": 10000069693.3,
                                                                                                                        "Plan Rows": 4523930,
                                                                                                                        "Plan Width": 8,
                                                                                                                        "Actual Startup Time": 0.017,
                                                                                                                        "Actual Total Time": 370.477,
                                                                                                                        "Actual Rows": 4523930,
                                                                                                                        "Actual Loops": 1,
                                                                                                                        "Output": [
                                                                                                                            "mk.movie_id",
                                                                                                                            "mk.keyword_id"
                                                                                                                        ]
                                                                                                                    }
                                                                                                                ]
                                                                                                            },
                                                                                                            {
                                                                                                                "Node Type": "Sort",
                                                                                                                "Parent Relationship": "Inner",
                                                                                                                "Parallel Aware": false,
                                                                                                                "Startup Cost": 10000086396.43,
                                                                                                                "Total Cost": 10000086525.92,
                                                                                                                "Plan Rows": 51793,
                                                                                                                "Plan Width": 34,
                                                                                                                "Actual Startup Time": 523.565,
                                                                                                                "Actual Total Time": 549.597,
                                                                                                                "Actual Rows": 449816,
                                                                                                                "Actual Loops": 1,
                                                                                                                "Output": [
                                                                                                                    "t.title",
                                                                                                                    "t.id",
                                                                                                                    "mi_idx.info",
                                                                                                                    "mi_idx.movie_id",
                                                                                                                    "mi_idx.info_type_id"
                                                                                                                ],
                                                                                                                "Sort Key": [
                                                                                                                    "t.id"
                                                                                                                ],
                                                                                                                "Sort Method": "quicksort",
                                                                                                                "Sort Space Used": 10496,
                                                                                                                "Sort Space Type": "Memory",
                                                                                                                "Plans": [
                                                                                                                    {
                                                                                                                        "Node Type": "Gather",
                                                                                                                        "Parent Relationship": "Outer",
                                                                                                                        "Parallel Aware": false,
                                                                                                                        "Startup Cost": 10000060152.86,
                                                                                                                        "Total Cost": 10000082340.92,
                                                                                                                        "Plan Rows": 51793,
                                                                                                                        "Plan Width": 34,
                                                                                                                        "Actual Startup Time": 368.707,
                                                                                                                        "Actual Total Time": 516.895,
                                                                                                                        "Actual Rows": 87058,
                                                                                                                        "Actual Loops": 1,
                                                                                                                        "Output": [
                                                                                                                            "t.title",
                                                                                                                            "t.id",
                                                                                                                            "mi_idx.info",
                                                                                                                            "mi_idx.movie_id",
                                                                                                                            "mi_idx.info_type_id"
                                                                                                                        ],
                                                                                                                        "Workers Planned": 2,
                                                                                                                        "Workers Launched": 2,
                                                                                                                        "Single Copy": false,
                                                                                                                        "Plans": [
                                                                                                                            {
                                                                                                                                "Node Type": "Hash Join",
                                                                                                                                "Parent Relationship": "Outer",
                                                                                                                                "Parallel Aware": true,
                                                                                                                                "Join Type": "Inner",
                                                                                                                                "Startup Cost": 10000059152.86,
                                                                                                                                "Total Cost": 10000076161.62,
                                                                                                                                "Plan Rows": 21580,
                                                                                                                                "Plan Width": 34,
                                                                                                                                "Actual Startup Time": 360.953,
                                                                                                                                "Actual Total Time": 492.682,
                                                                                                                                "Actual Rows": 29019,
                                                                                                                                "Actual Loops": 3,
                                                                                                                                "Output": [
                                                                                                                                    "t.title",
                                                                                                                                    "t.id",
                                                                                                                                    "mi_idx.info",
                                                                                                                                    "mi_idx.movie_id",
                                                                                                                                    "mi_idx.info_type_id"
                                                                                                                                ],
                                                                                                                                "Inner Unique": false,
                                                                                                                                "Hash Cond": "(mi_idx.movie_id = t.id)",
                                                                                                                                "Workers": [
                                                                                                                                    {
                                                                                                                                        "Worker Number": 0,
                                                                                                                                        "Actual Startup Time": 357.549,
                                                                                                                                        "Actual Total Time": 492.238,
                                                                                                                                        "Actual Rows": 24831,
                                                                                                                                        "Actual Loops": 1
                                                                                                                                    },
                                                                                                                                    {
                                                                                                                                        "Worker Number": 1,
                                                                                                                                        "Actual Startup Time": 356.964,
                                                                                                                                        "Actual Total Time": 492.428,
                                                                                                                                        "Actual Rows": 25264,
                                                                                                                                        "Actual Loops": 1
                                                                                                                                    }
                                                                                                                                ],
                                                                                                                                "Plans": [
                                                                                                                                    {
                                                                                                                                        "Node Type": "Seq Scan",
                                                                                                                                        "Parent Relationship": "Outer",
                                                                                                                                        "Parallel Aware": true,
                                                                                                                                        "Relation Name": "movie_info_idx",
                                                                                                                                        "Schema": "public",
                                                                                                                                        "Alias": "mi_idx",
                                                                                                                                        "Startup Cost": 10000000000.0,
                                                                                                                                        "Total Cost": 10000015122.68,
                                                                                                                                        "Plan Rows": 488568,
                                                                                                                                        "Plan Width": 13,
                                                                                                                                        "Actual Startup Time": 0.025,
                                                                                                                                        "Actual Total Time": 72.352,
                                                                                                                                        "Actual Rows": 390987,
                                                                                                                                        "Actual Loops": 3,
                                                                                                                                        "Output": [
                                                                                                                                            "mi_idx.id",
                                                                                                                                            "mi_idx.movie_id",
                                                                                                                                            "mi_idx.info_type_id",
                                                                                                                                            "mi_idx.info",
                                                                                                                                            "mi_idx.note"
                                                                                                                                        ],
                                                                                                                                        "Filter": "(mi_idx.info < '7.0'::text)",
                                                                                                                                        "Rows Removed by Filter": 69025,
                                                                                                                                        "Workers": [
                                                                                                                                            {
                                                                                                                                                "Worker Number": 0,
                                                                                                                                                "Actual Startup Time": 0.03,
                                                                                                                                                "Actual Total Time": 76.842,
                                                                                                                                                "Actual Rows": 334212,
                                                                                                                                                "Actual Loops": 1
                                                                                                                                            },
                                                                                                                                            {
                                                                                                                                                "Worker Number": 1,
                                                                                                                                                "Actual Startup Time": 0.036,
                                                                                                                                                "Actual Total Time": 76.513,
                                                                                                                                                "Actual Rows": 327199,
                                                                                                                                                "Actual Loops": 1
                                                                                                                                            }
                                                                                                                                        ]
                                                                                                                                    },
                                                                                                                                    {
                                                                                                                                        "Node Type": "Hash",
                                                                                                                                        "Parent Relationship": "Inner",
                                                                                                                                        "Parallel Aware": true,
                                                                                                                                        "Startup Cost": 58803.86,
                                                                                                                                        "Total Cost": 58803.86,
                                                                                                                                        "Plan Rows": 27920,
                                                                                                                                        "Plan Width": 21,
                                                                                                                                        "Actual Startup Time": 359.933,
                                                                                                                                        "Actual Total Time": 359.936,
                                                                                                                                        "Actual Rows": 118633,
                                                                                                                                        "Actual Loops": 3,
                                                                                                                                        "Output": [
                                                                                                                                            "t.title",
                                                                                                                                            "t.id"
                                                                                                                                        ],
                                                                                                                                        "Hash Buckets": 524288,
                                                                                                                                        "Original Hash Buckets": 131072,
                                                                                                                                        "Hash Batches": 1,
                                                                                                                                        "Original Hash Batches": 1,
                                                                                                                                        "Peak Memory Usage": 27200,
                                                                                                                                        "Workers": [
                                                                                                                                            {
                                                                                                                                                "Worker Number": 0,
                                                                                                                                                "Actual Startup Time": 356.419,
                                                                                                                                                "Actual Total Time": 356.421,
                                                                                                                                                "Actual Rows": 92869,
                                                                                                                                                "Actual Loops": 1
                                                                                                                                            },
                                                                                                                                            {
                                                                                                                                                "Worker Number": 1,
                                                                                                                                                "Actual Startup Time": 356.418,
                                                                                                                                                "Actual Total Time": 356.42,
                                                                                                                                                "Actual Rows": 91500,
                                                                                                                                                "Actual Loops": 1
                                                                                                                                            }
                                                                                                                                        ],
                                                                                                                                        "Plans": [
                                                                                                                                            {
                                                                                                                                                "Node Type": "Nested Loop",
                                                                                                                                                "Parent Relationship": "Outer",
                                                                                                                                                "Parallel Aware": false,
                                                                                                                                                "Join Type": "Inner",
                                                                                                                                                "Startup Cost": 0.13,
                                                                                                                                                "Total Cost": 58803.86,
                                                                                                                                                "Plan Rows": 27920,
                                                                                                                                                "Plan Width": 21,
                                                                                                                                                "Actual Startup Time": 0.22,
                                                                                                                                                "Actual Total Time": 300.262,
                                                                                                                                                "Actual Rows": 118633,
                                                                                                                                                "Actual Loops": 3,
                                                                                                                                                "Output": [
                                                                                                                                                    "t.title",
                                                                                                                                                    "t.id"
                                                                                                                                                ],
                                                                                                                                                "Inner Unique": true,
                                                                                                                                                "Workers": [
                                                                                                                                                    {
                                                                                                                                                        "Worker Number": 0,
                                                                                                                                                        "Actual Startup Time": 0.322,
                                                                                                                                                        "Actual Total Time": 299.099,
                                                                                                                                                        "Actual Rows": 92869,
                                                                                                                                                        "Actual Loops": 1
                                                                                                                                                    },
                                                                                                                                                    {
                                                                                                                                                        "Worker Number": 1,
                                                                                                                                                        "Actual Startup Time": 0.292,
                                                                                                                                                        "Actual Total Time": 298.114,
                                                                                                                                                        "Actual Rows": 91500,
                                                                                                                                                        "Actual Loops": 1
                                                                                                                                                    }
                                                                                                                                                ],
                                                                                                                                                "Plans": [
                                                                                                                                                    {
                                                                                                                                                        "Node Type": "Seq Scan",
                                                                                                                                                        "Parent Relationship": "Outer",
                                                                                                                                                        "Parallel Aware": true,
                                                                                                                                                        "Relation Name": "title",
                                                                                                                                                        "Schema": "public",
                                                                                                                                                        "Alias": "t",
                                                                                                                                                        "Startup Cost": 0.0,
                                                                                                                                                        "Total Cost": 43899.01,
                                                                                                                                                        "Plan Rows": 97718,
                                                                                                                                                        "Plan Width": 25,
                                                                                                                                                        "Actual Startup Time": 0.052,
                                                                                                                                                        "Actual Total Time": 129.598,
                                                                                                                                                        "Actual Rows": 130555,
                                                                                                                                                        "Actual Loops": 3,
                                                                                                                                                        "Output": [
                                                                                                                                                            "t.id",
                                                                                                                                                            "t.title",
                                                                                                                                                            "t.imdb_index",
                                                                                                                                                            "t.kind_id",
                                                                                                                                                            "t.production_year",
                                                                                                                                                            "t.imdb_id",
                                                                                                                                                            "t.phonetic_code",
                                                                                                                                                            "t.episode_of_id",
                                                                                                                                                            "t.season_nr",
                                                                                                                                                            "t.episode_nr",
                                                                                                                                                            "t.series_years",
                                                                                                                                                            "t.md5sum"
                                                                                                                                                        ],
                                                                                                                                                        "Filter": "(t.production_year > 2010)",
                                                                                                                                                        "Rows Removed by Filter": 712215,
                                                                                                                                                        "Workers": [
                                                                                                                                                            {
                                                                                                                                                                "Worker Number": 0,
                                                                                                                                                                "Actual Startup Time": 0.073,
                                                                                                                                                                "Actual Total Time": 134.278,
                                                                                                                                                                "Actual Rows": 102454,
                                                                                                                                                                "Actual Loops": 1
                                                                                                                                                            },
                                                                                                                                                            {
                                                                                                                                                                "Worker Number": 1,
                                                                                                                                                                "Actual Startup Time": 0.069,
                                                                                                                                                                "Actual Total Time": 134.183,
                                                                                                                                                                "Actual Rows": 100799,
                                                                                                                                                                "Actual Loops": 1
                                                                                                                                                            }
                                                                                                                                                        ]
                                                                                                                                                    },
                                                                                                                                                    {
                                                                                                                                                        "Node Type": "Index Scan",
                                                                                                                                                        "Parent Relationship": "Inner",
                                                                                                                                                        "Parallel Aware": false,
                                                                                                                                                        "Scan Direction": "Forward",
                                                                                                                                                        "Index Name": "kind_type_pkey",
                                                                                                                                                        "Relation Name": "kind_type",
                                                                                                                                                        "Schema": "public",
                                                                                                                                                        "Alias": "kt",
                                                                                                                                                        "Startup Cost": 0.13,
                                                                                                                                                        "Total Cost": 0.15,
                                                                                                                                                        "Plan Rows": 1,
                                                                                                                                                        "Plan Width": 4,
                                                                                                                                                        "Actual Startup Time": 0.001,
                                                                                                                                                        "Actual Total Time": 0.001,
                                                                                                                                                        "Actual Rows": 1,
                                                                                                                                                        "Actual Loops": 391666,
                                                                                                                                                        "Output": [
                                                                                                                                                            "kt.id",
                                                                                                                                                            "kt.kind"
                                                                                                                                                        ],
                                                                                                                                                        "Index Cond": "(kt.id = t.kind_id)",
                                                                                                                                                        "Rows Removed by Index Recheck": 0,
                                                                                                                                                        "Filter": "((kt.kind)::text = ANY ('{movie,episode}'::text[]))",
                                                                                                                                                        "Rows Removed by Filter": 0,
                                                                                                                                                        "Workers": [
                                                                                                                                                            {
                                                                                                                                                                "Worker Number": 0,
                                                                                                                                                                "Actual Startup Time": 0.001,
                                                                                                                                                                "Actual Total Time": 0.001,
                                                                                                                                                                "Actual Rows": 1,
                                                                                                                                                                "Actual Loops": 102454
                                                                                                                                                            },
                                                                                                                                                            {
                                                                                                                                                                "Worker Number": 1,
                                                                                                                                                                "Actual Startup Time": 0.001,
                                                                                                                                                                "Actual Total Time": 0.001,
                                                                                                                                                                "Actual Rows": 1,
                                                                                                                                                                "Actual Loops": 100799
                                                                                                                                                            }
                                                                                                                                                        ]
                                                                                                                                                    }
                                                                                                                                                ]
                                                                                                                                            }
                                                                                                                                        ]
                                                                                                                                    }
                                                                                                                                ]
                                                                                                                            }
                                                                                                                        ]
                                                                                                                    }
                                                                                                                ]
                                                                                                            }
                                                                                                        ]
                                                                                                    }
                                                                                                ]
                                                                                            }
                                                                                        ]
                                                                                    }
                                                                                ]
                                                                            }
                                                                        ]
                                                                    }
                                                                ]
                                                            }
                                                        ]
                                                    },
                                                    {
                                                        "Node Type": "Hash",
                                                        "Parent Relationship": "Inner",
                                                        "Parallel Aware": false,
                                                        "Startup Cost": 12454.44,
                                                        "Total Cost": 12454.44,
                                                        "Plan Rows": 126107,
                                                        "Plan Width": 23,
                                                        "Actual Startup Time": 126.307,
                                                        "Actual Total Time": 126.308,
                                                        "Actual Rows": 126230,
                                                        "Actual Loops": 1,
                                                        "Output": [
                                                            "cn.name",
                                                            "cn.id"
                                                        ],
                                                        "Hash Buckets": 131072,
                                                        "Original Hash Buckets": 131072,
                                                        "Hash Batches": 1,
                                                        "Original Hash Batches": 1,
                                                        "Peak Memory Usage": 7968,
                                                        "Plans": [
                                                            {
                                                                "Node Type": "Index Scan",
                                                                "Parent Relationship": "Outer",
                                                                "Parallel Aware": false,
                                                                "Scan Direction": "Forward",
                                                                "Index Name": "company_name_pkey",
                                                                "Relation Name": "company_name",
                                                                "Schema": "public",
                                                                "Alias": "cn",
                                                                "Startup Cost": 0.42,
                                                                "Total Cost": 12454.44,
                                                                "Plan Rows": 126107,
                                                                "Plan Width": 23,
                                                                "Actual Startup Time": 0.029,
                                                                "Actual Total Time": 104.179,
                                                                "Actual Rows": 126230,
                                                                "Actual Loops": 1,
                                                                "Output": [
                                                                    "cn.name",
                                                                    "cn.id"
                                                                ],
                                                                "Filter": "((cn.country_code)::text <> '[us]'::text)",
                                                                "Rows Removed by Filter": 108767
                                                            }
                                                        ]
                                                    }
                                                ]
                                            },
                                            {
                                                "Node Type": "Hash",
                                                "Parent Relationship": "Inner",
                                                "Parallel Aware": false,
                                                "Startup Cost": 10000000001.04,
                                                "Total Cost": 10000000001.04,
                                                "Plan Rows": 4,
                                                "Plan Width": 4,
                                                "Actual Startup Time": 0.015,
                                                "Actual Total Time": 0.016,
                                                "Actual Rows": 4,
                                                "Actual Loops": 1,
                                                "Output": [
                                                    "ct.id"
                                                ],
                                                "Hash Buckets": 1024,
                                                "Original Hash Buckets": 1024,
                                                "Hash Batches": 1,
                                                "Original Hash Batches": 1,
                                                "Peak Memory Usage": 9,
                                                "Plans": [
                                                    {
                                                        "Node Type": "Seq Scan",
                                                        "Parent Relationship": "Outer",
                                                        "Parallel Aware": false,
                                                        "Relation Name": "company_type",
                                                        "Schema": "public",
                                                        "Alias": "ct",
                                                        "Startup Cost": 10000000000.0,
                                                        "Total Cost": 10000000001.04,
                                                        "Plan Rows": 4,
                                                        "Plan Width": 4,
                                                        "Actual Startup Time": 0.01,
                                                        "Actual Total Time": 0.011,
                                                        "Actual Rows": 4,
                                                        "Actual Loops": 1,
                                                        "Output": [
                                                            "ct.id"
                                                        ]
                                                    }
                                                ]
                                            }
                                        ]
                                    }
                                ]
                            }
                        ]
                    },
                    {
                        "Node Type": "Bitmap Heap Scan",
                        "Parent Relationship": "Inner",
                        "Parallel Aware": false,
                        "Relation Name": "keyword",
                        "Schema": "public",
                        "Alias": "k",
                        "Startup Cost": 0.43,
                        "Total Cost": 4.45,
                        "Plan Rows": 1,
                        "Plan Width": 4,
                        "Actual Startup Time": 0.004,
                        "Actual Total Time": 0.004,
                        "Actual Rows": 0,
                        "Actual Loops": 325,
                        "Output": [
                            "k.id",
                            "k.keyword",
                            "k.phonetic_code"
                        ],
                        "Recheck Cond": "(k.id = mk.keyword_id)",
                        "Rows Removed by Index Recheck": 0,
                        "Filter": "(k.keyword = ANY ('{murder,murder-in-title,blood,violence}'::text[]))",
                        "Rows Removed by Filter": 1,
                        "Exact Heap Blocks": 325,
                        "Lossy Heap Blocks": 0,
                        "Plans": [
                            {
                                "Node Type": "Bitmap Index Scan",
                                "Parent Relationship": "Outer",
                                "Parallel Aware": false,
                                "Index Name": "keyword_pkey",
                                "Startup Cost": 0.0,
                                "Total Cost": 0.43,
                                "Plan Rows": 1,
                                "Plan Width": 0,
                                "Actual Startup Time": 0.002,
                                "Actual Total Time": 0.002,
                                "Actual Rows": 1,
                                "Actual Loops": 325,
                                "Index Cond": "(k.id = mk.keyword_id)"
                            }
                        ]
                    }
                ]
            }
        ]
    },
    "Planning Time": 27.445,
    "Triggers": [],
    "Execution Time": 3774.718
}