[
  {
    "Plan": {
      "Node Type": "Aggregate",
      "Strategy": "Plain",
      "Partial Mode": "Finalize",
      "Parallel Aware": false,
      "Startup Cost": 44397.27,
      "Total Cost": 44397.28,
      "Plan Rows": 1,
      "Plan Width": 8,
      "Actual Startup Time": 119.515,
      "Actual Total Time": 129.12,
      "Actual Rows": 1,
      "Actual Loops": 1,
      "Plans": [
        {
          "Node Type": "Gather",
          "Parent Relationship": "Outer",
          "Parallel Aware": false,
          "Startup Cost": 44396.96,
          "Total Cost": 44397.27,
          "Plan Rows": 3,
          "Plan Width": 8,
          "Actual Startup Time": 119.416,
          "Actual Total Time": 129.112,
          "Actual Rows": 4,
          "Actual Loops": 1,
          "Workers Planned": 3,
          "Workers Launched": 3,
          "Single Copy": false,
          "Plans": [
            {
              "Node Type": "Aggregate",
              "Strategy": "Plain",
              "Partial Mode": "Partial",
              "Parent Relationship": "Outer",
              "Parallel Aware": false,
              "Startup Cost": 43396.96,
              "Total Cost": 43396.97,
              "Plan Rows": 1,
              "Plan Width": 8,
              "Actual Startup Time": 113.205,
              "Actual Total Time": 113.206,
              "Actual Rows": 1,
              "Actual Loops": 4,
              "Plans": [
                {
                  "Node Type": "Seq Scan",
                  "Parent Relationship": "Outer",
                  "Parallel Aware": true,
                  "Relation Name": "movie_keyword",
                  "Alias": "mk",
                  "Startup Cost": 0.0,
                  "Total Cost": 42695.65,
                  "Plan Rows": 280521,
                  "Plan Width": 0,
                  "Actual Startup Time": 0.046,
                  "Actual Total Time": 102.158,
                  "Actual Rows": 220524,
                  "Actual Loops": 4,
                  "Filter": "(keyword_id < 834)",
                  "Rows Removed by Filter": 910458
                }
              ]
            }
          ]
        }
      ]
    },
    "Planning Time": 0.179,
    "Triggers": [],
    "Execution Time": 129.176
  }
]