{
  "Plan": {
    "Node Type": "Aggregate",
    "Strategy": "Plain",
    "Partial Mode": "Finalize",
    "Parallel Aware": false,
    "Startup Cost": 98960.1,
    "Total Cost": 98960.11,
    "Plan Rows": 1,
    "Plan Width": 8,
    "Actual Startup Time": 279.679,
    "Actual Total Time": 294.458,
    "Actual Rows": 1,
    "Actual Loops": 1,
    "Plans": [
      {
        "Node Type": "Gather",
        "Parent Relationship": "Outer",
        "Parallel Aware": false,
        "Startup Cost": 98959.99,
        "Total Cost": 98960.1,
        "Plan Rows": 1,
        "Plan Width": 8,
        "Actual Startup Time": 279.431,
        "Actual Total Time": 294.45,
        "Actual Rows": 2,
        "Actual Loops": 1,
        "Workers Planned": 1,
        "Workers Launched": 1,
        "Single Copy": false,
        "Plans": [
          {
            "Node Type": "Aggregate",
            "Strategy": "Plain",
            "Partial Mode": "Partial",
            "Parent Relationship": "Outer",
            "Parallel Aware": false,
            "Startup Cost": 97959.99,
            "Total Cost": 97960.0,
            "Plan Rows": 1,
            "Plan Width": 8,
            "Actual Startup Time": 275.496,
            "Actual Total Time": 275.5,
            "Actual Rows": 1,
            "Actual Loops": 2,
            "Plans": [
              {
                "Node Type": "Hash Join",
                "Parent Relationship": "Outer",
                "Parallel Aware": true,
                "Join Type": "Inner",
                "Startup Cost": 54692.92,
                "Total Cost": 97951.01,
                "Plan Rows": 3593,
                "Plan Width": 0,
                "Actual Startup Time": 134.529,
                "Actual Total Time": 275.302,
                "Actual Rows": 3058,
                "Actual Loops": 2,
                "Inner Unique": true,
                "Hash Cond": "(mc.movie_id = t.id)",
                "Plans": [
                  {
                    "Node Type": "Index Scan",
                    "Parent Relationship": "Outer",
                    "Parallel Aware": true,
                    "Scan Direction": "Forward",
                    "Index Name": "company_type_id_movie_companies",
                    "Relation Name": "movie_companies",
                    "Alias": "mc",
                    "Startup Cost": 0.43,
                    "Total Cost": 41574.35,
                    "Plan Rows": 641586,
                    "Plan Width": 4,
                    "Actual Startup Time": 0.203,
                    "Actual Total Time": 101.804,
                    "Actual Rows": 488343,
                    "Actual Loops": 2,
                    "Index Cond": "(company_type_id = 1)",
                    "Rows Removed by Index Recheck": 0,
                    "Filter": "(company_id > 228)",
                    "Rows Removed by Filter": 148780
                  },
                  {
                    "Node Type": "Hash",
                    "Parent Relationship": "Inner",
                    "Parallel Aware": true,
                    "Startup Cost": 54588.39,
                    "Total Cost": 54588.39,
                    "Plan Rows": 8328,
                    "Plan Width": 4,
                    "Actual Startup Time": 133.371,
                    "Actual Total Time": 133.372,
                    "Actual Rows": 7463,
                    "Actual Loops": 2,
                    "Hash Buckets": 16384,
                    "Original Hash Buckets": 16384,
                    "Hash Batches": 1,
                    "Original Hash Batches": 1,
                    "Peak Memory Usage": 736,
                    "Plans": [
                      {
                        "Node Type": "Seq Scan",
                        "Parent Relationship": "Outer",
                        "Parallel Aware": true,
                        "Relation Name": "title",
                        "Alias": "t",
                        "Startup Cost": 0.0,
                        "Total Cost": 54588.39,
                        "Plan Rows": 8328,
                        "Plan Width": 4,
                        "Actual Startup Time": 0.139,
                        "Actual Total Time": 130.669,
                        "Actual Rows": 7463,
                        "Actual Loops": 2,
                        "Filter": "(production_year = 1979)",
                        "Rows Removed by Filter": 1256693
                      }
                    ]
                  }
                ]
              }
            ]
          }
        ]
      }
    ]
  },
  "Planning Time": 0.476,
  "Triggers": [],
  "Execution Time": 294.532
}