[
  {
    "Plan": {
      "Node Type": "Aggregate",
      "Strategy": "Plain",
      "Partial Mode": "Finalize",
      "Parallel Aware": false,
      "Startup Cost": 67710.15,
      "Total Cost": 67710.16,
      "Plan Rows": 1,
      "Plan Width": 8,
      "Actual Startup Time": 474.389,
      "Actual Total Time": 484.03,
      "Actual Rows": 1,
      "Actual Loops": 1,
      "Plans": [
        {
          "Node Type": "Gather",
          "Parent Relationship": "Outer",
          "Parallel Aware": false,
          "Startup Cost": 67709.94,
          "Total Cost": 67710.15,
          "Plan Rows": 2,
          "Plan Width": 8,
          "Actual Startup Time": 469.891,
          "Actual Total Time": 484.024,
          "Actual Rows": 3,
          "Actual Loops": 1,
          "Workers Planned": 2,
          "Workers Launched": 2,
          "Single Copy": false,
          "Plans": [
            {
              "Node Type": "Aggregate",
              "Strategy": "Plain",
              "Partial Mode": "Partial",
              "Parent Relationship": "Outer",
              "Parallel Aware": false,
              "Startup Cost": 66709.94,
              "Total Cost": 66709.95,
              "Plan Rows": 1,
              "Plan Width": 8,
              "Actual Startup Time": 461.882,
              "Actual Total Time": 461.885,
              "Actual Rows": 1,
              "Actual Loops": 3,
              "Plans": [
                {
                  "Node Type": "Hash Join",
                  "Parent Relationship": "Outer",
                  "Parallel Aware": true,
                  "Join Type": "Inner",
                  "Startup Cost": 50342.94,
                  "Total Cost": 65537.5,
                  "Plan Rows": 468973,
                  "Plan Width": 0,
                  "Actual Startup Time": 310.598,
                  "Actual Total Time": 444.365,
                  "Actual Rows": 416110,
                  "Actual Loops": 3,
                  "Inner Unique": true,
                  "Hash Cond": "(mi_idx.movie_id = t.id)",
                  "Plans": [
                    {
                      "Node Type": "Seq Scan",
                      "Parent Relationship": "Outer",
                      "Parallel Aware": true,
                      "Relation Name": "movie_info_idx",
                      "Alias": "mi_idx",
                      "Startup Cost": 0.0,
                      "Total Cost": 13685.15,
                      "Plan Rows": 575015,
                      "Plan Width": 4,
                      "Actual Startup Time": 0.014,
                      "Actual Total Time": 33.965,
                      "Actual Rows": 460012,
                      "Actual Loops": 3
                    },
                    {
                      "Node Type": "Hash",
                      "Parent Relationship": "Inner",
                      "Parallel Aware": true,
                      "Startup Cost": 43899.01,
                      "Total Cost": 43899.01,
                      "Plan Rows": 515515,
                      "Plan Width": 4,
                      "Actual Startup Time": 300.402,
                      "Actual Total Time": 300.403,
                      "Actual Rows": 688184,
                      "Actual Loops": 3,
                      "Hash Buckets": 2097152,
                      "Original Hash Buckets": 2097152,
                      "Hash Batches": 1,
                      "Original Hash Batches": 1,
                      "Peak Memory Usage": 97216,
                      "Plans": [
                        {
                          "Node Type": "Seq Scan",
                          "Parent Relationship": "Outer",
                          "Parallel Aware": true,
                          "Relation Name": "title",
                          "Alias": "t",
                          "Startup Cost": 0.0,
                          "Total Cost": 43899.01,
                          "Plan Rows": 515515,
                          "Plan Width": 4,
                          "Actual Startup Time": 0.023,
                          "Actual Total Time": 117.439,
                          "Actual Rows": 688184,
                          "Actual Loops": 3,
                          "Filter": "(production_year < 2011)",
                          "Rows Removed by Filter": 154587
                        }
                      ]
                    }
                  ]
                }
              ]
            }
          ]
        }
      ]
    },
    "Planning Time": 0.524,
    "Triggers": [],
    "Execution Time": 484.093
  }
]