[
  {
    "Plan": {
      "Node Type": "Aggregate",
      "Strategy": "Plain",
      "Partial Mode": "Finalize",
      "Parallel Aware": false,
      "Startup Cost": 33343.82,
      "Total Cost": 33343.83,
      "Plan Rows": 1,
      "Plan Width": 8,
      "Actual Startup Time": 86.701,
      "Actual Total Time": 95.002,
      "Actual Rows": 1,
      "Actual Loops": 1,
      "Plans": [
        {
          "Node Type": "Gather",
          "Parent Relationship": "Outer",
          "Parallel Aware": false,
          "Startup Cost": 33343.5,
          "Total Cost": 33343.81,
          "Plan Rows": 3,
          "Plan Width": 8,
          "Actual Startup Time": 86.596,
          "Actual Total Time": 94.993,
          "Actual Rows": 4,
          "Actual Loops": 1,
          "Workers Planned": 3,
          "Workers Launched": 3,
          "Single Copy": false,
          "Plans": [
            {
              "Node Type": "Aggregate",
              "Strategy": "Plain",
              "Partial Mode": "Partial",
              "Parent Relationship": "Outer",
              "Parallel Aware": false,
              "Startup Cost": 32343.5,
              "Total Cost": 32343.51,
              "Plan Rows": 1,
              "Plan Width": 8,
              "Actual Startup Time": 83.163,
              "Actual Total Time": 83.164,
              "Actual Rows": 1,
              "Actual Loops": 4,
              "Plans": [
                {
                  "Node Type": "Seq Scan",
                  "Parent Relationship": "Outer",
                  "Parallel Aware": true,
                  "Relation Name": "movie_companies",
                  "Alias": "mc",
                  "Startup Cost": 0.0,
                  "Total Cost": 31414.82,
                  "Plan Rows": 371472,
                  "Plan Width": 0,
                  "Actual Startup Time": 0.016,
                  "Actual Total Time": 69.618,
                  "Actual Rows": 318562,
                  "Actual Loops": 4,
                  "Filter": "((company_id < 101309) AND (company_type_id = 1))",
                  "Rows Removed by Filter": 333721
                }
              ]
            }
          ]
        }
      ]
    },
    "Planning Time": 0.227,
    "Triggers": [],
    "Execution Time": 95.059
  }
]