[
  {
    "Plan": {
      "Node Type": "Aggregate",
      "Strategy": "Plain",
      "Partial Mode": "Simple",
      "Parallel Aware": false,
      "Startup Cost": 3156.06,
      "Total Cost": 3156.07,
      "Plan Rows": 1,
      "Plan Width": 8,
      "Actual Startup Time": 11.532,
      "Actual Total Time": 11.535,
      "Actual Rows": 1,
      "Actual Loops": 1,
      "Plans": [
        {
          "Node Type": "Nested Loop",
          "Parent Relationship": "Outer",
          "Parallel Aware": false,
          "Join Type": "Inner",
          "Startup Cost": 7.35,
          "Total Cost": 3155.62,
          "Plan Rows": 175,
          "Plan Width": 0,
          "Actual Startup Time": 2.316,
          "Actual Total Time": 11.437,
          "Actual Rows": 505,
          "Actual Loops": 1,
          "Inner Unique": false,
          "Plans": [
            {
              "Node Type": "Nested Loop",
              "Parent Relationship": "Outer",
              "Parallel Aware": false,
              "Join Type": "Inner",
              "Startup Cost": 6.78,
              "Total Cost": 3006.58,
              "Plan Rows": 12,
              "Plan Width": 8,
              "Actual Startup Time": 2.283,
              "Actual Total Time": 9.753,
              "Actual Rows": 8,
              "Actual Loops": 1,
              "Inner Unique": true,
              "Plans": [
                {
                  "Node Type": "Bitmap Heap Scan",
                  "Parent Relationship": "Outer",
                  "Parallel Aware": false,
                  "Relation Name": "movie_keyword",
                  "Alias": "mk",
                  "Startup Cost": 6.35,
                  "Total Cost": 922.98,
                  "Plan Rows": 248,
                  "Plan Width": 4,
                  "Actual Startup Time": 1.762,
                  "Actual Total Time": 3.244,
                  "Actual Rows": 434,
                  "Actual Loops": 1,
                  "Recheck Cond": "(keyword_id = 1001)",
                  "Rows Removed by Index Recheck": 0,
                  "Exact Heap Blocks": 428,
                  "Lossy Heap Blocks": 0,
                  "Plans": [
                    {
                      "Node Type": "Bitmap Index Scan",
                      "Parent Relationship": "Outer",
                      "Parallel Aware": false,
                      "Index Name": "keyword_id_movie_keyword",
                      "Startup Cost": 0.0,
                      "Total Cost": 6.29,
                      "Plan Rows": 248,
                      "Plan Width": 0,
                      "Actual Startup Time": 1.612,
                      "Actual Total Time": 1.613,
                      "Actual Rows": 434,
                      "Actual Loops": 1,
                      "Index Cond": "(keyword_id = 1001)"
                    }
                  ]
                },
                {
                  "Node Type": "Index Scan",
                  "Parent Relationship": "Inner",
                  "Parallel Aware": false,
                  "Scan Direction": "Forward",
                  "Index Name": "title_pkey",
                  "Relation Name": "title",
                  "Alias": "t",
                  "Startup Cost": 0.43,
                  "Total Cost": 8.4,
                  "Plan Rows": 1,
                  "Plan Width": 4,
                  "Actual Startup Time": 0.014,
                  "Actual Total Time": 0.014,
                  "Actual Rows": 0,
                  "Actual Loops": 434,
                  "Index Cond": "(id = mk.movie_id)",
                  "Rows Removed by Index Recheck": 0,
                  "Filter": "(production_year = 2007)",
                  "Rows Removed by Filter": 1
                }
              ]
            },
            {
              "Node Type": "Index Only Scan",
              "Parent Relationship": "Inner",
              "Parallel Aware": false,
              "Scan Direction": "Forward",
              "Index Name": "movie_id_cast_info",
              "Relation Name": "cast_info",
              "Alias": "ci",
              "Startup Cost": 0.56,
              "Total Cost": 12.05,
              "Plan Rows": 37,
              "Plan Width": 4,
              "Actual Startup Time": 0.023,
              "Actual Total Time": 0.192,
              "Actual Rows": 63,
              "Actual Loops": 8,
              "Index Cond": "(movie_id = t.id)",
              "Rows Removed by Index Recheck": 0,
              "Heap Fetches": 505
            }
          ]
        }
      ]
    },
    "Planning Time": 1.251,
    "Triggers": [],
    "Execution Time": 11.62
  }
]