[
    {
        "Bao": {
            "Bao prediction": "NaN",
            "Bao recommended hint": "(no hint)"
        }
    },
    {
        "Plan": {
            "Node Type": "Aggregate",
            "Strategy": "Plain",
            "Partial Mode": "Finalize",
            "Parallel Aware": false,
            "Startup Cost": 77373.45,
            "Total Cost": 77373.46,
            "Plan Rows": 1,
            "Plan Width": 8,
            "Actual Startup Time": 279.462,
            "Actual Total Time": 295.261,
            "Actual Rows": 1,
            "Actual Loops": 1,
            "Output": [
                "count(*)"
            ],
            "Plans": [
                {
                    "Node Type": "Gather",
                    "Parent Relationship": "Outer",
                    "Parallel Aware": false,
                    "Startup Cost": 77373.13,
                    "Total Cost": 77373.44,
                    "Plan Rows": 3,
                    "Plan Width": 8,
                    "Actual Startup Time": 276.258,
                    "Actual Total Time": 295.252,
                    "Actual Rows": 4,
                    "Actual Loops": 1,
                    "Output": [
                        "(PARTIAL count(*))"
                    ],
                    "Workers Planned": 3,
                    "Workers Launched": 3,
                    "Single Copy": false,
                    "Plans": [
                        {
                            "Node Type": "Aggregate",
                            "Strategy": "Plain",
                            "Partial Mode": "Partial",
                            "Parent Relationship": "Outer",
                            "Parallel Aware": false,
                            "Startup Cost": 76373.13,
                            "Total Cost": 76373.14,
                            "Plan Rows": 1,
                            "Plan Width": 8,
                            "Actual Startup Time": 267.766,
                            "Actual Total Time": 267.769,
                            "Actual Rows": 1,
                            "Actual Loops": 4,
                            "Output": [
                                "PARTIAL count(*)"
                            ],
                            "Workers": [
                                {
                                    "Worker Number": 0,
                                    "Actual Startup Time": 264.442,
                                    "Actual Total Time": 264.444,
                                    "Actual Rows": 1,
                                    "Actual Loops": 1
                                },
                                {
                                    "Worker Number": 1,
                                    "Actual Startup Time": 264.919,
                                    "Actual Total Time": 264.922,
                                    "Actual Rows": 1,
                                    "Actual Loops": 1
                                },
                                {
                                    "Worker Number": 2,
                                    "Actual Startup Time": 265.795,
                                    "Actual Total Time": 265.799,
                                    "Actual Rows": 1,
                                    "Actual Loops": 1
                                }
                            ],
                            "Plans": [
                                {
                                    "Node Type": "Hash Join",
                                    "Parent Relationship": "Outer",
                                    "Parallel Aware": true,
                                    "Join Type": "Inner",
                                    "Startup Cost": 50773.16,
                                    "Total Cost": 76324.95,
                                    "Plan Rows": 19273,
                                    "Plan Width": 0,
                                    "Actual Startup Time": 212.531,
                                    "Actual Total Time": 265.48,
                                    "Actual Rows": 31539,
                                    "Actual Loops": 4,
                                    "Inner Unique": true,
                                    "Hash Cond": "(mk.movie_id = t.id)",
                                    "Workers": [
                                        {
                                            "Worker Number": 0,
                                            "Actual Startup Time": 209.312,
                                            "Actual Total Time": 262.599,
                                            "Actual Rows": 35836,
                                            "Actual Loops": 1
                                        },
                                        {
                                            "Worker Number": 1,
                                            "Actual Startup Time": 209.793,
                                            "Actual Total Time": 262.64,
                                            "Actual Rows": 26799,
                                            "Actual Loops": 1
                                        },
                                        {
                                            "Worker Number": 2,
                                            "Actual Startup Time": 210.246,
                                            "Actual Total Time": 263.541,
                                            "Actual Rows": 26491,
                                            "Actual Loops": 1
                                        }
                                    ],
                                    "Plans": [
                                        {
                                            "Node Type": "Bitmap Heap Scan",
                                            "Parent Relationship": "Outer",
                                            "Parallel Aware": true,
                                            "Relation Name": "movie_keyword",
                                            "Schema": "public",
                                            "Alias": "mk",
                                            "Startup Cost": 4776.18,
                                            "Total Cost": 30137.44,
                                            "Plan Rows": 72581,
                                            "Plan Width": 4,
                                            "Actual Startup Time": 24.914,
                                            "Actual Total Time": 72.355,
                                            "Actual Rows": 55024,
                                            "Actual Loops": 4,
                                            "Output": [
                                                "mk.id",
                                                "mk.movie_id",
                                                "mk.keyword_id"
                                            ],
                                            "Recheck Cond": "(mk.keyword_id < 170)",
                                            "Rows Removed by Index Recheck": 0,
                                            "Exact Heap Blocks": 7448,
                                            "Lossy Heap Blocks": 0,
                                            "Workers": [
                                                {
                                                    "Worker Number": 0,
                                                    "Actual Startup Time": 24.893,
                                                    "Actual Total Time": 74.158,
                                                    "Actual Rows": 60491,
                                                    "Actual Loops": 1
                                                },
                                                {
                                                    "Worker Number": 1,
                                                    "Actual Startup Time": 25.029,
                                                    "Actual Total Time": 74.014,
                                                    "Actual Rows": 45839,
                                                    "Actual Loops": 1
                                                },
                                                {
                                                    "Worker Number": 2,
                                                    "Actual Startup Time": 24.897,
                                                    "Actual Total Time": 74.109,
                                                    "Actual Rows": 45803,
                                                    "Actual Loops": 1
                                                }
                                            ],
                                            "Plans": [
                                                {
                                                    "Node Type": "Bitmap Index Scan",
                                                    "Parent Relationship": "Outer",
                                                    "Parallel Aware": false,
                                                    "Index Name": "keyword_id_movie_keyword",
                                                    "Startup Cost": 0.0,
                                                    "Total Cost": 4719.93,
                                                    "Plan Rows": 225000,
                                                    "Plan Width": 0,
                                                    "Actual Startup Time": 19.243,
                                                    "Actual Total Time": 19.244,
                                                    "Actual Rows": 220098,
                                                    "Actual Loops": 1,
                                                    "Index Cond": "(mk.keyword_id < 170)"
                                                }
                                            ]
                                        },
                                        {
                                            "Node Type": "Hash",
                                            "Parent Relationship": "Inner",
                                            "Parallel Aware": true,
                                            "Startup Cost": 43899.01,
                                            "Total Cost": 43899.01,
                                            "Plan Rows": 167838,
                                            "Plan Width": 4,
                                            "Actual Startup Time": 166.971,
                                            "Actual Total Time": 166.972,
                                            "Actual Rows": 165706,
                                            "Actual Loops": 4,
                                            "Output": [
                                                "t.id"
                                            ],
                                            "Hash Buckets": 1048576,
                                            "Original Hash Buckets": 1048576,
                                            "Hash Batches": 1,
                                            "Original Hash Batches": 1,
                                            "Peak Memory Usage": 34176,
                                            "Workers": [
                                                {
                                                    "Worker Number": 0,
                                                    "Actual Startup Time": 166.253,
                                                    "Actual Total Time": 166.254,
                                                    "Actual Rows": 191061,
                                                    "Actual Loops": 1
                                                },
                                                {
                                                    "Worker Number": 1,
                                                    "Actual Startup Time": 166.761,
                                                    "Actual Total Time": 166.762,
                                                    "Actual Rows": 148667,
                                                    "Actual Loops": 1
                                                },
                                                {
                                                    "Worker Number": 2,
                                                    "Actual Startup Time": 167.174,
                                                    "Actual Total Time": 167.175,
                                                    "Actual Rows": 151042,
                                                    "Actual Loops": 1
                                                }
                                            ],
                                            "Plans": [
                                                {
                                                    "Node Type": "Seq Scan",
                                                    "Parent Relationship": "Outer",
                                                    "Parallel Aware": true,
                                                    "Relation Name": "title",
                                                    "Schema": "public",
                                                    "Alias": "t",
                                                    "Startup Cost": 0.0,
                                                    "Total Cost": 43899.01,
                                                    "Plan Rows": 167838,
                                                    "Plan Width": 4,
                                                    "Actual Startup Time": 45.292,
                                                    "Actual Total Time": 108.65,
                                                    "Actual Rows": 165706,
                                                    "Actual Loops": 4,
                                                    "Output": [
                                                        "t.id"
                                                    ],
                                                    "Filter": "(t.kind_id = 1)",
                                                    "Rows Removed by Filter": 466372,
                                                    "Workers": [
                                                        {
                                                            "Worker Number": 0,
                                                            "Actual Startup Time": 57.815,
                                                            "Actual Total Time": 105.659,
                                                            "Actual Rows": 191061,
                                                            "Actual Loops": 1
                                                        },
                                                        {
                                                            "Worker Number": 1,
                                                            "Actual Startup Time": 5.121,
                                                            "Actual Total Time": 110.758,
                                                            "Actual Rows": 148667,
                                                            "Actual Loops": 1
                                                        },
                                                        {
                                                            "Worker Number": 2,
                                                            "Actual Startup Time": 58.906,
                                                            "Actual Total Time": 111.16,
                                                            "Actual Rows": 151042,
                                                            "Actual Loops": 1
                                                        }
                                                    ]
                                                }
                                            ]
                                        }
                                    ]
                                }
                            ]
                        }
                    ]
                }
            ]
        },
        "Planning Time": 282.039,
        "Triggers": [],
        "Execution Time": 295.343
    }
]