[
  {
    "Plan": {
      "Node Type": "Aggregate",
      "Strategy": "Plain",
      "Partial Mode": "Finalize",
      "Parallel Aware": false,
      "Startup Cost": 331865.08,
      "Total Cost": 331865.09,
      "Plan Rows": 1,
      "Plan Width": 8,
      "Actual Startup Time": 579.823,
      "Actual Total Time": 624.954,
      "Actual Rows": 1,
      "Actual Loops": 1,
      "Plans": [
        {
          "Node Type": "Gather",
          "Parent Relationship": "Outer",
          "Parallel Aware": false,
          "Startup Cost": 331864.46,
          "Total Cost": 331865.07,
          "Plan Rows": 6,
          "Plan Width": 8,
          "Actual Startup Time": 579.671,
          "Actual Total Time": 624.941,
          "Actual Rows": 7,
          "Actual Loops": 1,
          "Workers Planned": 6,
          "Workers Launched": 6,
          "Single Copy": false,
          "Plans": [
            {
              "Node Type": "Aggregate",
              "Strategy": "Plain",
              "Partial Mode": "Partial",
              "Parent Relationship": "Outer",
              "Parallel Aware": false,
              "Startup Cost": 330864.46,
              "Total Cost": 330864.47,
              "Plan Rows": 1,
              "Plan Width": 8,
              "Actual Startup Time": 573.314,
              "Actual Total Time": 573.315,
              "Actual Rows": 1,
              "Actual Loops": 7,
              "Plans": [
                {
                  "Node Type": "Seq Scan",
                  "Parent Relationship": "Outer",
                  "Parallel Aware": true,
                  "Relation Name": "cast_info",
                  "Alias": "ci",
                  "Startup Cost": 0.0,
                  "Total Cost": 328211.39,
                  "Plan Rows": 1061227,
                  "Plan Width": 0,
                  "Actual Startup Time": 332.82,
                  "Actual Total Time": 529.283,
                  "Actual Rows": 899293,
                  "Actual Loops": 7,
                  "Filter": "(person_id > 3022910)",
                  "Rows Removed by Filter": 4278470
                }
              ]
            }
          ]
        }
      ]
    },
    "Planning Time": 0.095,
    "Triggers": [],
    "Execution Time": 624.997
  }
]