{
  "Plan": {
    "Node Type": "Aggregate",
    "Strategy": "Plain",
    "Partial Mode": "Finalize",
    "Parallel Aware": false,
    "Startup Cost": 75668.34,
    "Total Cost": 75668.35,
    "Plan Rows": 1,
    "Plan Width": 8,
    "Actual Startup Time": 176.437,
    "Actual Total Time": 194.215,
    "Actual Rows": 1,
    "Actual Loops": 1,
    "Plans": [
      {
        "Node Type": "Gather",
        "Parent Relationship": "Outer",
        "Parallel Aware": false,
        "Startup Cost": 75668.23,
        "Total Cost": 75668.34,
        "Plan Rows": 1,
        "Plan Width": 8,
        "Actual Startup Time": 176.325,
        "Actual Total Time": 194.208,
        "Actual Rows": 2,
        "Actual Loops": 1,
        "Workers Planned": 1,
        "Workers Launched": 1,
        "Single Copy": false,
        "Plans": [
          {
            "Node Type": "Aggregate",
            "Strategy": "Plain",
            "Partial Mode": "Partial",
            "Parent Relationship": "Outer",
            "Parallel Aware": false,
            "Startup Cost": 74668.23,
            "Total Cost": 74668.24,
            "Plan Rows": 1,
            "Plan Width": 8,
            "Actual Startup Time": 171.872,
            "Actual Total Time": 171.875,
            "Actual Rows": 1,
            "Actual Loops": 2,
            "Plans": [
              {
                "Node Type": "Nested Loop",
                "Parent Relationship": "Outer",
                "Parallel Aware": false,
                "Join Type": "Inner",
                "Startup Cost": 0.86,
                "Total Cost": 74660.33,
                "Plan Rows": 3161,
                "Plan Width": 0,
                "Actual Startup Time": 97.64,
                "Actual Total Time": 171.344,
                "Actual Rows": 8862,
                "Actual Loops": 2,
                "Inner Unique": false,
                "Join Filter": "(t.id = mi.movie_id)",
                "Rows Removed by Join Filter": 0,
                "Plans": [
                  {
                    "Node Type": "Nested Loop",
                    "Parent Relationship": "Outer",
                    "Parallel Aware": false,
                    "Join Type": "Inner",
                    "Startup Cost": 0.43,
                    "Total Cost": 73379.08,
                    "Plan Rows": 541,
                    "Plan Width": 8,
                    "Actual Startup Time": 97.572,
                    "Actual Total Time": 151.241,
                    "Actual Rows": 733,
                    "Actual Loops": 2,
                    "Inner Unique": false,
                    "Plans": [
                      {
                        "Node Type": "Seq Scan",
                        "Parent Relationship": "Outer",
                        "Parallel Aware": true,
                        "Relation Name": "title",
                        "Alias": "t",
                        "Startup Cost": 0.0,
                        "Total Cost": 54588.39,
                        "Plan Rows": 1065,
                        "Plan Width": 4,
                        "Actual Startup Time": 97.487,
                        "Actual Total Time": 141.377,
                        "Actual Rows": 744,
                        "Actual Loops": 2,
                        "Filter": "(production_year = 1907)",
                        "Rows Removed by Filter": 1263412
                      },
                      {
                        "Node Type": "Index Scan",
                        "Parent Relationship": "Inner",
                        "Parallel Aware": false,
                        "Scan Direction": "Forward",
                        "Index Name": "movie_id_movie_companies",
                        "Relation Name": "movie_companies",
                        "Alias": "mc",
                        "Startup Cost": 0.43,
                        "Total Cost": 17.61,
                        "Plan Rows": 3,
                        "Plan Width": 4,
                        "Actual Startup Time": 0.01,
                        "Actual Total Time": 0.013,
                        "Actual Rows": 1,
                        "Actual Loops": 1487,
                        "Index Cond": "(movie_id = t.id)",
                        "Rows Removed by Index Recheck": 0,
                        "Filter": "(company_type_id < 2)",
                        "Rows Removed by Filter": 1
                      }
                    ]
                  },
                  {
                    "Node Type": "Index Only Scan",
                    "Parent Relationship": "Inner",
                    "Parallel Aware": false,
                    "Scan Direction": "Forward",
                    "Index Name": "movie_id_movie_info",
                    "Relation Name": "movie_info",
                    "Alias": "mi",
                    "Startup Cost": 0.43,
                    "Total Cost": 1.84,
                    "Plan Rows": 42,
                    "Plan Width": 4,
                    "Actual Startup Time": 0.01,
                    "Actual Total Time": 0.026,
                    "Actual Rows": 12,
                    "Actual Loops": 1466,
                    "Index Cond": "(movie_id = mc.movie_id)",
                    "Rows Removed by Index Recheck": 0,
                    "Heap Fetches": 17725
                  }
                ]
              }
            ]
          }
        ]
      }
    ]
  },
  "Planning Time": 1.009,
  "Triggers": [],
  "Execution Time": 194.306
}