[
  {
    "Plan": {
      "Node Type": "Aggregate",
      "Strategy": "Plain",
      "Partial Mode": "Finalize",
      "Parallel Aware": false,
      "Startup Cost": 45652.92,
      "Total Cost": 45652.93,
      "Plan Rows": 1,
      "Plan Width": 8,
      "Actual Startup Time": 101.987,
      "Actual Total Time": 111.657,
      "Actual Rows": 1,
      "Actual Loops": 1,
      "Plans": [
        {
          "Node Type": "Gather",
          "Parent Relationship": "Outer",
          "Parallel Aware": false,
          "Startup Cost": 45652.5,
          "Total Cost": 45652.91,
          "Plan Rows": 4,
          "Plan Width": 8,
          "Actual Startup Time": 101.618,
          "Actual Total Time": 111.647,
          "Actual Rows": 5,
          "Actual Loops": 1,
          "Workers Planned": 4,
          "Workers Launched": 4,
          "Single Copy": false,
          "Plans": [
            {
              "Node Type": "Aggregate",
              "Strategy": "Plain",
              "Partial Mode": "Partial",
              "Parent Relationship": "Outer",
              "Parallel Aware": false,
              "Startup Cost": 44652.5,
              "Total Cost": 44652.51,
              "Plan Rows": 1,
              "Plan Width": 8,
              "Actual Startup Time": 94.483,
              "Actual Total Time": 94.484,
              "Actual Rows": 1,
              "Actual Loops": 5,
              "Plans": [
                {
                  "Node Type": "Seq Scan",
                  "Parent Relationship": "Outer",
                  "Parallel Aware": true,
                  "Relation Name": "title",
                  "Alias": "t",
                  "Startup Cost": 0.0,
                  "Total Cost": 43898.92,
                  "Plan Rows": 301434,
                  "Plan Width": 0,
                  "Actual Startup Time": 0.03,
                  "Actual Total Time": 82.325,
                  "Actual Rows": 238504,
                  "Actual Loops": 5,
                  "Filter": "(production_year > 2003)",
                  "Rows Removed by Filter": 267159
                }
              ]
            }
          ]
        }
      ]
    },
    "Planning Time": 0.171,
    "Triggers": [],
    "Execution Time": 111.715
  }
]