{
  "Plan": {
    "Node Type": "Aggregate",
    "Strategy": "Plain",
    "Partial Mode": "Finalize",
    "Parallel Aware": false,
    "Startup Cost": 563332.97,
    "Total Cost": 563332.98,
    "Plan Rows": 1,
    "Plan Width": 8,
    "Actual Startup Time": 1769.06,
    "Actual Total Time": 1813.206,
    "Actual Rows": 1,
    "Actual Loops": 1,
    "Plans": [
      {
        "Node Type": "Gather",
        "Parent Relationship": "Outer",
        "Parallel Aware": false,
        "Startup Cost": 563332.85,
        "Total Cost": 563332.96,
        "Plan Rows": 1,
        "Plan Width": 8,
        "Actual Startup Time": 1760.598,
        "Actual Total Time": 1813.198,
        "Actual Rows": 2,
        "Actual Loops": 1,
        "Workers Planned": 1,
        "Workers Launched": 1,
        "Single Copy": false,
        "Plans": [
          {
            "Node Type": "Aggregate",
            "Strategy": "Plain",
            "Partial Mode": "Partial",
            "Parent Relationship": "Outer",
            "Parallel Aware": false,
            "Startup Cost": 562332.85,
            "Total Cost": 562332.86,
            "Plan Rows": 1,
            "Plan Width": 8,
            "Actual Startup Time": 1754.471,
            "Actual Total Time": 1754.478,
            "Actual Rows": 1,
            "Actual Loops": 2,
            "Plans": [
              {
                "Node Type": "Merge Join",
                "Parent Relationship": "Outer",
                "Parallel Aware": false,
                "Join Type": "Inner",
                "Startup Cost": 549621.99,
                "Total Cost": 561661.9,
                "Plan Rows": 268382,
                "Plan Width": 0,
                "Actual Startup Time": 1665.856,
                "Actual Total Time": 1747.37,
                "Actual Rows": 165990,
                "Actual Loops": 2,
                "Inner Unique": false,
                "Merge Cond": "(t.id = mi_idx.movie_id)",
                "Plans": [
                  {
                    "Node Type": "Sort",
                    "Parent Relationship": "Outer",
                    "Parallel Aware": false,
                    "Startup Cost": 387148.74,
                    "Total Cost": 388377.96,
                    "Plan Rows": 491690,
                    "Plan Width": 8,
                    "Actual Startup Time": 1273.466,
                    "Actual Total Time": 1280.264,
                    "Actual Rows": 185652,
                    "Actual Loops": 2,
                    "Sort Key": [
                      "mi.movie_id"
                    ],
                    "Sort Method": "quicksort",
                    "Sort Space Used": 15035,
                    "Sort Space Type": "Memory",
                    "Workers": [
                      {
                        "Worker Number": 0,
                        "Sort Method": "quicksort",
                        "Sort Space Used": 14659,
                        "Sort Space Type": "Memory"
                      }
                    ],
                    "Plans": [
                      {
                        "Node Type": "Hash Join",
                        "Parent Relationship": "Outer",
                        "Parallel Aware": true,
                        "Join Type": "Inner",
                        "Startup Cost": 60973.79,
                        "Total Cost": 340665.87,
                        "Plan Rows": 491690,
                        "Plan Width": 8,
                        "Actual Startup Time": 190.263,
                        "Actual Total Time": 1231.499,
                        "Actual Rows": 185652,
                        "Actual Loops": 2,
                        "Inner Unique": true,
                        "Hash Cond": "(mi.movie_id = t.id)",
                        "Plans": [
                          {
                            "Node Type": "Seq Scan",
                            "Parent Relationship": "Outer",
                            "Parallel Aware": true,
                            "Relation Name": "movie_info",
                            "Alias": "mi",
                            "Startup Cost": 0.0,
                            "Total Cost": 270696.42,
                            "Plan Rows": 3426912,
                            "Plan Width": 4,
                            "Actual Startup Time": 0.012,
                            "Actual Total Time": 669.387,
                            "Actual Rows": 2942482,
                            "Actual Loops": 2,
                            "Filter": "(info_type_id < 7)",
                            "Rows Removed by Filter": 4475378
                          },
                          {
                            "Node Type": "Hash",
                            "Parent Relationship": "Inner",
                            "Parallel Aware": true,
                            "Startup Cost": 58306.47,
                            "Total Cost": 58306.47,
                            "Plan Rows": 213386,
                            "Plan Width": 4,
                            "Actual Startup Time": 184.719,
                            "Actual Total Time": 184.72,
                            "Actual Rows": 126883,
                            "Actual Loops": 2,
                            "Hash Buckets": 524288,
                            "Original Hash Buckets": 524288,
                            "Hash Batches": 1,
                            "Original Hash Batches": 1,
                            "Peak Memory Usage": 14080,
                            "Plans": [
                              {
                                "Node Type": "Seq Scan",
                                "Parent Relationship": "Outer",
                                "Parallel Aware": true,
                                "Relation Name": "title",
                                "Alias": "t",
                                "Startup Cost": 0.0,
                                "Total Cost": 58306.47,
                                "Plan Rows": 213386,
                                "Plan Width": 4,
                                "Actual Startup Time": 0.042,
                                "Actual Total Time": 145.806,
                                "Actual Rows": 126883,
                                "Actual Loops": 2,
                                "Filter": "((production_year < 1986) AND (kind_id = 7))",
                                "Rows Removed by Filter": 1137273
                              }
                            ]
                          }
                        ]
                      }
                    ]
                  },
                  {
                    "Node Type": "Sort",
                    "Parent Relationship": "Inner",
                    "Parallel Aware": false,
                    "Startup Cost": 162473.21,
                    "Total Cost": 165923.29,
                    "Plan Rows": 1380035,
                    "Plan Width": 4,
                    "Actual Startup Time": 392.357,
                    "Actual Total Time": 415.981,
                    "Actual Rows": 630139,
                    "Actual Loops": 2,
                    "Sort Key": [
                      "mi_idx.movie_id"
                    ],
                    "Sort Method": "quicksort",
                    "Sort Space Used": 113842,
                    "Sort Space Type": "Memory",
                    "Workers": [
                      {
                        "Worker Number": 0,
                        "Sort Method": "quicksort",
                        "Sort Space Used": 113842,
                        "Sort Space Type": "Memory"
                      }
                    ],
                    "Plans": [
                      {
                        "Node Type": "Seq Scan",
                        "Parent Relationship": "Outer",
                        "Parallel Aware": false,
                        "Relation Name": "movie_info_idx",
                        "Alias": "mi_idx",
                        "Startup Cost": 0.0,
                        "Total Cost": 21735.35,
                        "Plan Rows": 1380035,
                        "Plan Width": 4,
                        "Actual Startup Time": 0.04,
                        "Actual Total Time": 124.304,
                        "Actual Rows": 1380035,
                        "Actual Loops": 2
                      }
                    ]
                  }
                ]
              }
            ]
          }
        ]
      }
    ]
  },
  "Planning Time": 1.11,
  "Triggers": [],
  "Execution Time": 1830.02
}