{
  "Plan": {
    "Node Type": "Aggregate",
    "Strategy": "Plain",
    "Partial Mode": "Finalize",
    "Parallel Aware": false,
    "Startup Cost": 210905.42,
    "Total Cost": 210905.43,
    "Plan Rows": 1,
    "Plan Width": 8,
    "Actual Startup Time": 844.238,
    "Actual Total Time": 857.972,
    "Actual Rows": 1,
    "Actual Loops": 1,
    "Plans": [
      {
        "Node Type": "Gather",
        "Parent Relationship": "Outer",
        "Parallel Aware": false,
        "Startup Cost": 210905.31,
        "Total Cost": 210905.42,
        "Plan Rows": 1,
        "Plan Width": 8,
        "Actual Startup Time": 843.382,
        "Actual Total Time": 857.962,
        "Actual Rows": 2,
        "Actual Loops": 1,
        "Workers Planned": 1,
        "Workers Launched": 1,
        "Single Copy": false,
        "Plans": [
          {
            "Node Type": "Aggregate",
            "Strategy": "Plain",
            "Partial Mode": "Partial",
            "Parent Relationship": "Outer",
            "Parallel Aware": false,
            "Startup Cost": 209905.31,
            "Total Cost": 209905.32,
            "Plan Rows": 1,
            "Plan Width": 8,
            "Actual Startup Time": 837.383,
            "Actual Total Time": 837.572,
            "Actual Rows": 1,
            "Actual Loops": 2,
            "Plans": [
              {
                "Node Type": "Hash Join",
                "Parent Relationship": "Outer",
                "Parallel Aware": true,
                "Join Type": "Inner",
                "Startup Cost": 54496.01,
                "Total Cost": 209712.43,
                "Plan Rows": 77149,
                "Plan Width": 0,
                "Actual Startup Time": 142.734,
                "Actual Total Time": 835.522,
                "Actual Rows": 38064,
                "Actual Loops": 2,
                "Inner Unique": true,
                "Hash Cond": "(ci.movie_id = t.id)",
                "Plans": [
                  {
                    "Node Type": "Index Scan",
                    "Parent Relationship": "Outer",
                    "Parallel Aware": true,
                    "Scan Direction": "Forward",
                    "Index Name": "role_id_cast_info",
                    "Relation Name": "cast_info",
                    "Alias": "ci",
                    "Startup Cost": 0.56,
                    "Total Cost": 150483.06,
                    "Plan Rows": 1803396,
                    "Plan Width": 4,
                    "Actual Startup Time": 0.059,
                    "Actual Total Time": 377.319,
                    "Actual Rows": 2051708,
                    "Actual Loops": 2,
                    "Index Cond": "(role_id > 9)",
                    "Rows Removed by Index Recheck": 0,
                    "Filter": "(person_id > 1231428)",
                    "Rows Removed by Filter": 267860
                  },
                  {
                    "Node Type": "Hash",
                    "Parent Relationship": "Inner",
                    "Parallel Aware": true,
                    "Startup Cost": 53700.15,
                    "Total Cost": 53700.15,
                    "Plan Rows": 63624,
                    "Plan Width": 4,
                    "Actual Startup Time": 140.919,
                    "Actual Total Time": 140.92,
                    "Actual Rows": 122020,
                    "Actual Loops": 2,
                    "Hash Buckets": 262144,
                    "Original Hash Buckets": 131072,
                    "Hash Batches": 1,
                    "Original Hash Batches": 1,
                    "Peak Memory Usage": 12640,
                    "Plans": [
                      {
                        "Node Type": "Bitmap Heap Scan",
                        "Parent Relationship": "Outer",
                        "Parallel Aware": true,
                        "Relation Name": "title",
                        "Alias": "t",
                        "Startup Cost": 11849.89,
                        "Total Cost": 53700.15,
                        "Plan Rows": 63624,
                        "Plan Width": 4,
                        "Actual Startup Time": 37.482,
                        "Actual Total Time": 104.999,
                        "Actual Rows": 122020,
                        "Actual Loops": 2,
                        "Recheck Cond": "(kind_id = 1)",
                        "Rows Removed by Index Recheck": 0,
                        "Filter": "(production_year < 1974)",
                        "Rows Removed by Filter": 209392,
                        "Exact Heap Blocks": 8500,
                        "Lossy Heap Blocks": 0,
                        "Plans": [
                          {
                            "Node Type": "Bitmap Index Scan",
                            "Parent Relationship": "Outer",
                            "Parallel Aware": false,
                            "Index Name": "kind_id_title",
                            "Startup Cost": 0.0,
                            "Total Cost": 11822.85,
                            "Plan Rows": 663256,
                            "Plan Width": 0,
                            "Actual Startup Time": 39.532,
                            "Actual Total Time": 39.532,
                            "Actual Rows": 662825,
                            "Actual Loops": 1,
                            "Index Cond": "(kind_id = 1)"
                          }
                        ]
                      }
                    ]
                  }
                ]
              }
            ]
          }
        ]
      }
    ]
  },
  "Planning Time": 0.665,
  "Triggers": [],
  "Execution Time": 858.067
}