[
  {
    "Plan": {
      "Node Type": "Aggregate",
      "Strategy": "Plain",
      "Partial Mode": "Finalize",
      "Parallel Aware": false,
      "Startup Cost": 117611.87,
      "Total Cost": 117611.88,
      "Plan Rows": 1,
      "Plan Width": 8,
      "Actual Startup Time": 872.419,
      "Actual Total Time": 924.012,
      "Actual Rows": 1,
      "Actual Loops": 1,
      "Plans": [
        {
          "Node Type": "Gather",
          "Parent Relationship": "Outer",
          "Parallel Aware": false,
          "Startup Cost": 117611.56,
          "Total Cost": 117611.87,
          "Plan Rows": 3,
          "Plan Width": 8,
          "Actual Startup Time": 870.538,
          "Actual Total Time": 924.0,
          "Actual Rows": 4,
          "Actual Loops": 1,
          "Workers Planned": 3,
          "Workers Launched": 3,
          "Single Copy": false,
          "Plans": [
            {
              "Node Type": "Aggregate",
              "Strategy": "Plain",
              "Partial Mode": "Partial",
              "Parent Relationship": "Outer",
              "Parallel Aware": false,
              "Startup Cost": 116611.56,
              "Total Cost": 116611.57,
              "Plan Rows": 1,
              "Plan Width": 8,
              "Actual Startup Time": 863.666,
              "Actual Total Time": 863.673,
              "Actual Rows": 1,
              "Actual Loops": 4,
              "Plans": [
                {
                  "Node Type": "Nested Loop",
                  "Parent Relationship": "Outer",
                  "Parallel Aware": false,
                  "Join Type": "Inner",
                  "Startup Cost": 45906.45,
                  "Total Cost": 116387.85,
                  "Plan Rows": 89483,
                  "Plan Width": 0,
                  "Actual Startup Time": 131.718,
                  "Actual Total Time": 819.045,
                  "Actual Rows": 854485,
                  "Actual Loops": 4,
                  "Inner Unique": false,
                  "Join Filter": "(t.id = mi.movie_id)",
                  "Rows Removed by Join Filter": 0,
                  "Plans": [
                    {
                      "Node Type": "Hash Join",
                      "Parent Relationship": "Outer",
                      "Parallel Aware": true,
                      "Join Type": "Inner",
                      "Startup Cost": 45906.01,
                      "Total Cost": 75957.93,
                      "Plan Rows": 15240,
                      "Plan Width": 8,
                      "Actual Startup Time": 131.608,
                      "Actual Total Time": 262.732,
                      "Actual Rows": 25686,
                      "Actual Loops": 4,
                      "Inner Unique": true,
                      "Hash Cond": "(mc.movie_id = t.id)",
                      "Plans": [
                        {
                          "Node Type": "Seq Scan",
                          "Parent Relationship": "Outer",
                          "Parallel Aware": true,
                          "Relation Name": "movie_companies",
                          "Alias": "mc",
                          "Startup Cost": 0.0,
                          "Total Cost": 29310.68,
                          "Plan Rows": 282377,
                          "Plan Width": 4,
                          "Actual Startup Time": 0.01,
                          "Actual Total Time": 73.343,
                          "Actual Rows": 218723,
                          "Actual Loops": 4,
                          "Filter": "(company_id < 2567)",
                          "Rows Removed by Filter": 433560
                        },
                        {
                          "Node Type": "Hash",
                          "Parent Relationship": "Inner",
                          "Parallel Aware": true,
                          "Startup Cost": 45479.59,
                          "Total Cost": 45479.59,
                          "Plan Rows": 34114,
                          "Plan Width": 4,
                          "Actual Startup Time": 129.064,
                          "Actual Total Time": 129.065,
                          "Actual Rows": 61411,
                          "Actual Loops": 4,
                          "Hash Buckets": 262144,
                          "Original Hash Buckets": 262144,
                          "Hash Batches": 1,
                          "Original Hash Batches": 1,
                          "Peak Memory Usage": 11712,
                          "Plans": [
                            {
                              "Node Type": "Seq Scan",
                              "Parent Relationship": "Outer",
                              "Parallel Aware": true,
                              "Relation Name": "title",
                              "Alias": "t",
                              "Startup Cost": 0.0,
                              "Total Cost": 45479.59,
                              "Plan Rows": 34114,
                              "Plan Width": 4,
                              "Actual Startup Time": 0.094,
                              "Actual Total Time": 107.748,
                              "Actual Rows": 61411,
                              "Actual Loops": 4,
                              "Filter": "((kind_id < 7) AND (production_year < 1970))",
                              "Rows Removed by Filter": 570667
                            }
                          ]
                        }
                      ]
                    },
                    {
                      "Node Type": "Index Only Scan",
                      "Parent Relationship": "Inner",
                      "Parallel Aware": false,
                      "Scan Direction": "Forward",
                      "Index Name": "movie_id_movie_info",
                      "Relation Name": "movie_info",
                      "Alias": "mi",
                      "Startup Cost": 0.43,
                      "Total Cost": 2.14,
                      "Plan Rows": 41,
                      "Plan Width": 4,
                      "Actual Startup Time": 0.005,
                      "Actual Total Time": 0.018,
                      "Actual Rows": 33,
                      "Actual Loops": 102746,
                      "Index Cond": "(movie_id = mc.movie_id)",
                      "Rows Removed by Index Recheck": 0,
                      "Heap Fetches": 3417941
                    }
                  ]
                }
              ]
            }
          ]
        }
      ]
    },
    "Planning Time": 1.539,
    "Triggers": [],
    "Execution Time": 924.121
  }
]