[
  {
    "Plan": {
      "Node Type": "Aggregate",
      "Strategy": "Plain",
      "Partial Mode": "Finalize",
      "Parallel Aware": false,
      "Startup Cost": 266334.38,
      "Total Cost": 266334.39,
      "Plan Rows": 1,
      "Plan Width": 8,
      "Actual Startup Time": 1895.647,
      "Actual Total Time": 1951.382,
      "Actual Rows": 1,
      "Actual Loops": 1,
      "Plans": [
        {
          "Node Type": "Gather",
          "Parent Relationship": "Outer",
          "Parallel Aware": false,
          "Startup Cost": 266334.17,
          "Total Cost": 266334.38,
          "Plan Rows": 2,
          "Plan Width": 8,
          "Actual Startup Time": 1886.438,
          "Actual Total Time": 1951.369,
          "Actual Rows": 3,
          "Actual Loops": 1,
          "Workers Planned": 2,
          "Workers Launched": 2,
          "Single Copy": false,
          "Plans": [
            {
              "Node Type": "Aggregate",
              "Strategy": "Plain",
              "Partial Mode": "Partial",
              "Parent Relationship": "Outer",
              "Parallel Aware": false,
              "Startup Cost": 265334.17,
              "Total Cost": 265334.18,
              "Plan Rows": 1,
              "Plan Width": 8,
              "Actual Startup Time": 1877.638,
              "Actual Total Time": 1878.262,
              "Actual Rows": 1,
              "Actual Loops": 3,
              "Plans": [
                {
                  "Node Type": "Hash Join",
                  "Parent Relationship": "Outer",
                  "Parallel Aware": true,
                  "Join Type": "Inner",
                  "Startup Cost": 248956.38,
                  "Total Cost": 265036.21,
                  "Plan Rows": 119185,
                  "Plan Width": 0,
                  "Actual Startup Time": 1639.007,
                  "Actual Total Time": 1859.372,
                  "Actual Rows": 317951,
                  "Actual Loops": 3,
                  "Inner Unique": false,
                  "Hash Cond": "(mi_idx.movie_id = t.id)",
                  "Plans": [
                    {
                      "Node Type": "Seq Scan",
                      "Parent Relationship": "Outer",
                      "Parallel Aware": true,
                      "Relation Name": "movie_info_idx",
                      "Alias": "mi_idx",
                      "Startup Cost": 0.0,
                      "Total Cost": 13685.15,
                      "Plan Rows": 575015,
                      "Plan Width": 4,
                      "Actual Startup Time": 0.042,
                      "Actual Total Time": 60.856,
                      "Actual Rows": 460012,
                      "Actual Loops": 3
                    },
                    {
                      "Node Type": "Hash",
                      "Parent Relationship": "Inner",
                      "Parallel Aware": true,
                      "Startup Cost": 247646.2,
                      "Total Cost": 247646.2,
                      "Plan Rows": 104815,
                      "Plan Width": 8,
                      "Actual Startup Time": 1635.744,
                      "Actual Total Time": 1636.365,
                      "Actual Rows": 298767,
                      "Actual Loops": 3,
                      "Hash Buckets": 1048576,
                      "Original Hash Buckets": 524288,
                      "Hash Batches": 1,
                      "Original Hash Batches": 1,
                      "Peak Memory Usage": 47392,
                      "Plans": [
                        {
                          "Node Type": "Hash Join",
                          "Parent Relationship": "Outer",
                          "Parallel Aware": true,
                          "Join Type": "Inner",
                          "Startup Cost": 47414.29,
                          "Total Cost": 247646.2,
                          "Plan Rows": 104815,
                          "Plan Width": 8,
                          "Actual Startup Time": 360.254,
                          "Actual Total Time": 1435.185,
                          "Actual Rows": 298767,
                          "Actual Loops": 3,
                          "Inner Unique": true,
                          "Hash Cond": "(mi.movie_id = t.id)",
                          "Plans": [
                            {
                              "Node Type": "Seq Scan",
                              "Parent Relationship": "Outer",
                              "Parallel Aware": true,
                              "Relation Name": "movie_info",
                              "Alias": "mi",
                              "Startup Cost": 0.0,
                              "Total Cost": 199108.24,
                              "Plan Rows": 428064,
                              "Plan Width": 4,
                              "Actual Startup Time": 78.747,
                              "Actual Total Time": 802.383,
                              "Actual Rows": 697023,
                              "Actual Loops": 3,
                              "Filter": "(info_type_id < 3)",
                              "Rows Removed by Filter": 4248217
                            },
                            {
                              "Node Type": "Hash",
                              "Parent Relationship": "Inner",
                              "Parallel Aware": true,
                              "Startup Cost": 45479.59,
                              "Total Cost": 45479.59,
                              "Plan Rows": 154776,
                              "Plan Width": 4,
                              "Actual Startup Time": 277.914,
                              "Actual Total Time": 277.915,
                              "Actual Rows": 173459,
                              "Actual Loops": 3,
                              "Hash Buckets": 1048576,
                              "Original Hash Buckets": 1048576,
                              "Hash Batches": 1,
                              "Original Hash Batches": 1,
                              "Peak Memory Usage": 28608,
                              "Plans": [
                                {
                                  "Node Type": "Seq Scan",
                                  "Parent Relationship": "Outer",
                                  "Parallel Aware": true,
                                  "Relation Name": "title",
                                  "Alias": "t",
                                  "Startup Cost": 0.0,
                                  "Total Cost": 45479.59,
                                  "Plan Rows": 154776,
                                  "Plan Width": 4,
                                  "Actual Startup Time": 0.058,
                                  "Actual Total Time": 178.103,
                                  "Actual Rows": 173459,
                                  "Actual Loops": 3,
                                  "Filter": "((kind_id < 7) AND (production_year > 1996))",
                                  "Rows Removed by Filter": 669312
                                }
                              ]
                            }
                          ]
                        }
                      ]
                    }
                  ]
                }
              ]
            }
          ]
        }
      ]
    },
    "Planning Time": 0.752,
    "Triggers": [],
    "Execution Time": 1951.458
  }
]