[
  {
    "Plan": {
      "Node Type": "Aggregate",
      "Strategy": "Plain",
      "Partial Mode": "Finalize",
      "Parallel Aware": false,
      "Startup Cost": 46073.35,
      "Total Cost": 46073.36,
      "Plan Rows": 1,
      "Plan Width": 8,
      "Actual Startup Time": 167.405,
      "Actual Total Time": 176.029,
      "Actual Rows": 1,
      "Actual Loops": 1,
      "Plans": [
        {
          "Node Type": "Gather",
          "Parent Relationship": "Outer",
          "Parallel Aware": false,
          "Startup Cost": 46073.04,
          "Total Cost": 46073.35,
          "Plan Rows": 3,
          "Plan Width": 8,
          "Actual Startup Time": 167.225,
          "Actual Total Time": 176.018,
          "Actual Rows": 4,
          "Actual Loops": 1,
          "Workers Planned": 3,
          "Workers Launched": 3,
          "Single Copy": false,
          "Plans": [
            {
              "Node Type": "Aggregate",
              "Strategy": "Plain",
              "Partial Mode": "Partial",
              "Parent Relationship": "Outer",
              "Parallel Aware": false,
              "Startup Cost": 45073.04,
              "Total Cost": 45073.05,
              "Plan Rows": 1,
              "Plan Width": 8,
              "Actual Startup Time": 163.558,
              "Actual Total Time": 163.561,
              "Actual Rows": 1,
              "Actual Loops": 4,
              "Plans": [
                {
                  "Node Type": "Seq Scan",
                  "Parent Relationship": "Outer",
                  "Parallel Aware": true,
                  "Relation Name": "movie_keyword",
                  "Alias": "mk",
                  "Startup Cost": 0.0,
                  "Total Cost": 42695.65,
                  "Plan Rows": 950953,
                  "Plan Width": 0,
                  "Actual Startup Time": 0.031,
                  "Actual Total Time": 125.396,
                  "Actual Rows": 738656,
                  "Actual Loops": 4,
                  "Filter": "(keyword_id < 9986)",
                  "Rows Removed by Filter": 392326
                }
              ]
            }
          ]
        }
      ]
    },
    "Planning Time": 0.115,
    "Triggers": [],
    "Execution Time": 176.069
  }
]