{
  "Plan": {
    "Node Type": "Aggregate",
    "Strategy": "Plain",
    "Partial Mode": "Simple",
    "Parallel Aware": false,
    "Startup Cost": 7493.91,
    "Total Cost": 7493.92,
    "Plan Rows": 1,
    "Plan Width": 96,
    "Actual Startup Time": 247.945,
    "Actual Total Time": 247.953,
    "Actual Rows": 1,
    "Actual Loops": 1,
    "Plans": [
      {
        "Node Type": "Nested Loop",
        "Parent Relationship": "Outer",
        "Parallel Aware": false,
        "Join Type": "Inner",
        "Startup Cost": 16.04,
        "Total Cost": 7493.9,
        "Plan Rows": 1,
        "Plan Width": 41,
        "Actual Startup Time": 9.962,
        "Actual Total Time": 247.711,
        "Actual Rows": 1180,
        "Actual Loops": 1,
        "Inner Unique": true,
        "Plans": [
          {
            "Node Type": "Nested Loop",
            "Parent Relationship": "Outer",
            "Parallel Aware": false,
            "Join Type": "Inner",
            "Startup Cost": 15.91,
            "Total Cost": 7493.73,
            "Plan Rows": 1,
            "Plan Width": 45,
            "Actual Startup Time": 9.951,
            "Actual Total Time": 246.552,
            "Actual Rows": 1233,
            "Actual Loops": 1,
            "Inner Unique": true,
            "Plans": [
              {
                "Node Type": "Nested Loop",
                "Parent Relationship": "Outer",
                "Parallel Aware": false,
                "Join Type": "Inner",
                "Startup Cost": 15.78,
                "Total Cost": 7493.58,
                "Plan Rows": 1,
                "Plan Width": 49,
                "Actual Startup Time": 9.942,
                "Actual Total Time": 245.39,
                "Actual Rows": 1233,
                "Actual Loops": 1,
                "Inner Unique": true,
                "Plans": [
                  {
                    "Node Type": "Nested Loop",
                    "Parent Relationship": "Outer",
                    "Parallel Aware": false,
                    "Join Type": "Inner",
                    "Startup Cost": 15.36,
                    "Total Cost": 7493.04,
                    "Plan Rows": 1,
                    "Plan Width": 34,
                    "Actual Startup Time": 9.927,
                    "Actual Total Time": 241.732,
                    "Actual Rows": 1269,
                    "Actual Loops": 1,
                    "Inner Unique": false,
                    "Plans": [
                      {
                        "Node Type": "Hash Join",
                        "Parent Relationship": "Outer",
                        "Parallel Aware": false,
                        "Join Type": "Inner",
                        "Startup Cost": 14.93,
                        "Total Cost": 7492.46,
                        "Plan Rows": 1,
                        "Plan Width": 46,
                        "Actual Startup Time": 9.906,
                        "Actual Total Time": 239.736,
                        "Actual Rows": 104,
                        "Actual Loops": 1,
                        "Inner Unique": true,
                        "Hash Cond": "(mi.info_type_id = it1.id)",
                        "Plans": [
                          {
                            "Node Type": "Nested Loop",
                            "Parent Relationship": "Outer",
                            "Parallel Aware": false,
                            "Join Type": "Inner",
                            "Startup Cost": 12.5,
                            "Total Cost": 7490.03,
                            "Plan Rows": 1,
                            "Plan Width": 50,
                            "Actual Startup Time": 9.838,
                            "Actual Total Time": 239.57,
                            "Actual Rows": 278,
                            "Actual Loops": 1,
                            "Inner Unique": false,
                            "Plans": [
                              {
                                "Node Type": "Nested Loop",
                                "Parent Relationship": "Outer",
                                "Parallel Aware": false,
                                "Join Type": "Inner",
                                "Startup Cost": 12.07,
                                "Total Cost": 7488.45,
                                "Plan Rows": 1,
                                "Plan Width": 42,
                                "Actual Startup Time": 9.01,
                                "Actual Total Time": 162.591,
                                "Actual Rows": 1553,
                                "Actual Loops": 1,
                                "Inner Unique": true,
                                "Plans": [
                                  {
                                    "Node Type": "Nested Loop",
                                    "Parent Relationship": "Outer",
                                    "Parallel Aware": false,
                                    "Join Type": "Inner",
                                    "Startup Cost": 11.64,
                                    "Total Cost": 7487.96,
                                    "Plan Rows": 1,
                                    "Plan Width": 17,
                                    "Actual Startup Time": 8.99,
                                    "Actual Total Time": 154.611,
                                    "Actual Rows": 1591,
                                    "Actual Loops": 1,
                                    "Inner Unique": false,
                                    "Join Filter": "(mi_idx.info_type_id = it2.id)",
                                    "Rows Removed by Join Filter": 805,
                                    "Plans": [
                                      {
                                        "Node Type": "Seq Scan",
                                        "Parent Relationship": "Outer",
                                        "Parallel Aware": false,
                                        "Relation Name": "info_type",
                                        "Alias": "it2",
                                        "Startup Cost": 0.0,
                                        "Total Cost": 2.41,
                                        "Plan Rows": 1,
                                        "Plan Width": 4,
                                        "Actual Startup Time": 0.032,
                                        "Actual Total Time": 0.035,
                                        "Actual Rows": 1,
                                        "Actual Loops": 1,
                                        "Filter": "((info)::text = 'rating'::text)",
                                        "Rows Removed by Filter": 112
                                      },
                                      {
                                        "Node Type": "Nested Loop",
                                        "Parent Relationship": "Inner",
                                        "Parallel Aware": false,
                                        "Join Type": "Inner",
                                        "Startup Cost": 11.64,
                                        "Total Cost": 7485.25,
                                        "Plan Rows": 24,
                                        "Plan Width": 21,
                                        "Actual Startup Time": 8.954,
                                        "Actual Total Time": 154.293,
                                        "Actual Rows": 2396,
                                        "Actual Loops": 1,
                                        "Inner Unique": true,
                                        "Join Filter": "(cc.status_id = cct2.id)",
                                        "Rows Removed by Join Filter": 10744,
                                        "Plans": [
                                          {
                                            "Node Type": "Nested Loop",
                                            "Parent Relationship": "Outer",
                                            "Parallel Aware": false,
                                            "Join Type": "Inner",
                                            "Startup Cost": 11.64,
                                            "Total Cost": 7482.93,
                                            "Plan Rows": 32,
                                            "Plan Width": 25,
                                            "Actual Startup Time": 8.932,
                                            "Actual Total Time": 152.373,
                                            "Actual Rows": 4380,
                                            "Actual Loops": 1,
                                            "Inner Unique": false,
                                            "Plans": [
                                              {
                                                "Node Type": "Nested Loop",
                                                "Parent Relationship": "Outer",
                                                "Parallel Aware": false,
                                                "Join Type": "Inner",
                                                "Startup Cost": 11.21,
                                                "Total Cost": 7458.96,
                                                "Plan Rows": 47,
                                                "Plan Width": 12,
                                                "Actual Startup Time": 8.91,
                                                "Actual Total Time": 125.657,
                                                "Actual Rows": 6216,
                                                "Actual Loops": 1,
                                                "Inner Unique": false,
                                                "Join Filter": "(cc.subject_id = cct1.id)",
                                                "Rows Removed by Join Filter": 13808,
                                                "Plans": [
                                                  {
                                                    "Node Type": "Seq Scan",
                                                    "Parent Relationship": "Outer",
                                                    "Parallel Aware": false,
                                                    "Relation Name": "comp_cast_type",
                                                    "Alias": "cct1",
                                                    "Startup Cost": 0.0,
                                                    "Total Cost": 1.05,
                                                    "Plan Rows": 1,
                                                    "Plan Width": 4,
                                                    "Actual Startup Time": 0.012,
                                                    "Actual Total Time": 0.013,
                                                    "Actual Rows": 1,
                                                    "Actual Loops": 1,
                                                    "Filter": "((kind)::text = 'crew'::text)",
                                                    "Rows Removed by Filter": 3
                                                  },
                                                  {
                                                    "Node Type": "Nested Loop",
                                                    "Parent Relationship": "Inner",
                                                    "Parallel Aware": false,
                                                    "Join Type": "Inner",
                                                    "Startup Cost": 11.21,
                                                    "Total Cost": 7455.56,
                                                    "Plan Rows": 188,
                                                    "Plan Width": 16,
                                                    "Actual Startup Time": 8.734,
                                                    "Actual Total Time": 124.164,
                                                    "Actual Rows": 20024,
                                                    "Actual Loops": 1,
                                                    "Inner Unique": false,
                                                    "Plans": [
                                                      {
                                                        "Node Type": "Nested Loop",
                                                        "Parent Relationship": "Outer",
                                                        "Parallel Aware": false,
                                                        "Join Type": "Inner",
                                                        "Startup Cost": 10.79,
                                                        "Total Cost": 7391.29,
                                                        "Plan Rows": 135,
                                                        "Plan Width": 4,
                                                        "Actual Startup Time": 8.433,
                                                        "Actual Total Time": 68.228,
                                                        "Actual Rows": 37091,
                                                        "Actual Loops": 1,
                                                        "Inner Unique": false,
                                                        "Plans": [
                                                          {
                                                            "Node Type": "Seq Scan",
                                                            "Parent Relationship": "Outer",
                                                            "Parallel Aware": false,
                                                            "Relation Name": "keyword",
                                                            "Alias": "k",
                                                            "Startup Cost": 0.0,
                                                            "Total Cost": 2961.55,
                                                            "Plan Rows": 4,
                                                            "Plan Width": 4,
                                                            "Actual Startup Time": 2.579,
                                                            "Actual Total Time": 16.822,
                                                            "Actual Rows": 3,
                                                            "Actual Loops": 1,
                                                            "Filter": "(keyword = ANY ('{murder,murder-in-title,blood,violence}'::text[]))",
                                                            "Rows Removed by Filter": 134167
                                                          },
                                                          {
                                                            "Node Type": "Bitmap Heap Scan",
                                                            "Parent Relationship": "Inner",
                                                            "Parallel Aware": false,
                                                            "Relation Name": "movie_keyword",
                                                            "Alias": "mk",
                                                            "Startup Cost": 10.79,
                                                            "Total Cost": 1104.4,
                                                            "Plan Rows": 304,
                                                            "Plan Width": 8,
                                                            "Actual Startup Time": 3.337,
                                                            "Actual Total Time": 16.07,
                                                            "Actual Rows": 12364,
                                                            "Actual Loops": 3,
                                                            "Recheck Cond": "(keyword_id = k.id)",
                                                            "Rows Removed by Index Recheck": 0,
                                                            "Exact Heap Blocks": 26312,
                                                            "Lossy Heap Blocks": 0,
                                                            "Plans": [
                                                              {
                                                                "Node Type": "Bitmap Index Scan",
                                                                "Parent Relationship": "Outer",
                                                                "Parallel Aware": false,
                                                                "Index Name": "keyword_id_movie_keyword",
                                                                "Startup Cost": 0.0,
                                                                "Total Cost": 10.71,
                                                                "Plan Rows": 304,
                                                                "Plan Width": 0,
                                                                "Actual Startup Time": 1.76,
                                                                "Actual Total Time": 1.76,
                                                                "Actual Rows": 12364,
                                                                "Actual Loops": 3,
                                                                "Index Cond": "(keyword_id = k.id)"
                                                              }
                                                            ]
                                                          }
                                                        ]
                                                      },
                                                      {
                                                        "Node Type": "Index Scan",
                                                        "Parent Relationship": "Inner",
                                                        "Parallel Aware": false,
                                                        "Scan Direction": "Forward",
                                                        "Index Name": "movie_id_complete_cast",
                                                        "Relation Name": "complete_cast",
                                                        "Alias": "cc",
                                                        "Startup Cost": 0.42,
                                                        "Total Cost": 0.46,
                                                        "Plan Rows": 2,
                                                        "Plan Width": 12,
                                                        "Actual Startup Time": 0.001,
                                                        "Actual Total Time": 0.001,
                                                        "Actual Rows": 1,
                                                        "Actual Loops": 37091,
                                                        "Index Cond": "(movie_id = mk.movie_id)",
                                                        "Rows Removed by Index Recheck": 0
                                                      }
                                                    ]
                                                  }
                                                ]
                                              },
                                              {
                                                "Node Type": "Index Scan",
                                                "Parent Relationship": "Inner",
                                                "Parallel Aware": false,
                                                "Scan Direction": "Forward",
                                                "Index Name": "movie_id_movie_info_idx",
                                                "Relation Name": "movie_info_idx",
                                                "Alias": "mi_idx",
                                                "Startup Cost": 0.43,
                                                "Total Cost": 0.5,
                                                "Plan Rows": 1,
                                                "Plan Width": 13,
                                                "Actual Startup Time": 0.004,
                                                "Actual Total Time": 0.004,
                                                "Actual Rows": 1,
                                                "Actual Loops": 6216,
                                                "Index Cond": "(movie_id = mk.movie_id)",
                                                "Rows Removed by Index Recheck": 0,
                                                "Filter": "(info > '6.5'::text)",
                                                "Rows Removed by Filter": 2
                                              }
                                            ]
                                          },
                                          {
                                            "Node Type": "Materialize",
                                            "Parent Relationship": "Inner",
                                            "Parallel Aware": false,
                                            "Startup Cost": 0.0,
                                            "Total Cost": 1.06,
                                            "Plan Rows": 3,
                                            "Plan Width": 4,
                                            "Actual Startup Time": 0.0,
                                            "Actual Total Time": 0.0,
                                            "Actual Rows": 3,
                                            "Actual Loops": 4380,
                                            "Plans": [
                                              {
                                                "Node Type": "Seq Scan",
                                                "Parent Relationship": "Outer",
                                                "Parallel Aware": false,
                                                "Relation Name": "comp_cast_type",
                                                "Alias": "cct2",
                                                "Startup Cost": 0.0,
                                                "Total Cost": 1.05,
                                                "Plan Rows": 3,
                                                "Plan Width": 4,
                                                "Actual Startup Time": 0.012,
                                                "Actual Total Time": 0.014,
                                                "Actual Rows": 3,
                                                "Actual Loops": 1,
                                                "Filter": "((kind)::text <> 'complete+verified'::text)",
                                                "Rows Removed by Filter": 1
                                              }
                                            ]
                                          }
                                        ]
                                      }
                                    ]
                                  },
                                  {
                                    "Node Type": "Index Scan",
                                    "Parent Relationship": "Inner",
                                    "Parallel Aware": false,
                                    "Scan Direction": "Forward",
                                    "Index Name": "title_pkey",
                                    "Relation Name": "title",
                                    "Alias": "t",
                                    "Startup Cost": 0.43,
                                    "Total Cost": 0.49,
                                    "Plan Rows": 1,
                                    "Plan Width": 25,
                                    "Actual Startup Time": 0.005,
                                    "Actual Total Time": 0.005,
                                    "Actual Rows": 1,
                                    "Actual Loops": 1591,
                                    "Index Cond": "(id = mk.movie_id)",
                                    "Rows Removed by Index Recheck": 0,
                                    "Filter": "(production_year < 2010)",
                                    "Rows Removed by Filter": 0
                                  }
                                ]
                              },
                              {
                                "Node Type": "Index Scan",
                                "Parent Relationship": "Inner",
                                "Parallel Aware": false,
                                "Scan Direction": "Forward",
                                "Index Name": "movie_id_movie_info",
                                "Relation Name": "movie_info",
                                "Alias": "mi",
                                "Startup Cost": 0.43,
                                "Total Cost": 1.57,
                                "Plan Rows": 1,
                                "Plan Width": 8,
                                "Actual Startup Time": 0.045,
                                "Actual Total Time": 0.049,
                                "Actual Rows": 0,
                                "Actual Loops": 1553,
                                "Index Cond": "(movie_id = mk.movie_id)",
                                "Rows Removed by Index Recheck": 0,
                                "Filter": "(info = ANY ('{Sweden,Germany,Swedish,German}'::text[]))",
                                "Rows Removed by Filter": 111
                              }
                            ]
                          },
                          {
                            "Node Type": "Hash",
                            "Parent Relationship": "Inner",
                            "Parallel Aware": false,
                            "Startup Cost": 2.41,
                            "Total Cost": 2.41,
                            "Plan Rows": 1,
                            "Plan Width": 4,
                            "Actual Startup Time": 0.055,
                            "Actual Total Time": 0.056,
                            "Actual Rows": 1,
                            "Actual Loops": 1,
                            "Hash Buckets": 1024,
                            "Original Hash Buckets": 1024,
                            "Hash Batches": 1,
                            "Original Hash Batches": 1,
                            "Peak Memory Usage": 9,
                            "Plans": [
                              {
                                "Node Type": "Seq Scan",
                                "Parent Relationship": "Outer",
                                "Parallel Aware": false,
                                "Relation Name": "info_type",
                                "Alias": "it1",
                                "Startup Cost": 0.0,
                                "Total Cost": 2.41,
                                "Plan Rows": 1,
                                "Plan Width": 4,
                                "Actual Startup Time": 0.027,
                                "Actual Total Time": 0.048,
                                "Actual Rows": 1,
                                "Actual Loops": 1,
                                "Filter": "((info)::text = 'countries'::text)",
                                "Rows Removed by Filter": 112
                              }
                            ]
                          }
                        ]
                      },
                      {
                        "Node Type": "Index Scan",
                        "Parent Relationship": "Inner",
                        "Parallel Aware": false,
                        "Scan Direction": "Forward",
                        "Index Name": "movie_id_movie_companies",
                        "Relation Name": "movie_companies",
                        "Alias": "mc",
                        "Startup Cost": 0.43,
                        "Total Cost": 0.57,
                        "Plan Rows": 1,
                        "Plan Width": 12,
                        "Actual Startup Time": 0.008,
                        "Actual Total Time": 0.017,
                        "Actual Rows": 12,
                        "Actual Loops": 104,
                        "Index Cond": "(movie_id = mk.movie_id)",
                        "Rows Removed by Index Recheck": 0,
                        "Filter": "((note !~~ '%(USA)%'::text) AND (note ~~ '%(200%)%'::text))",
                        "Rows Removed by Filter": 12
                      }
                    ]
                  },
                  {
                    "Node Type": "Index Scan",
                    "Parent Relationship": "Inner",
                    "Parallel Aware": false,
                    "Scan Direction": "Forward",
                    "Index Name": "company_name_pkey",
                    "Relation Name": "company_name",
                    "Alias": "cn",
                    "Startup Cost": 0.42,
                    "Total Cost": 0.54,
                    "Plan Rows": 1,
                    "Plan Width": 23,
                    "Actual Startup Time": 0.003,
                    "Actual Total Time": 0.003,
                    "Actual Rows": 1,
                    "Actual Loops": 1269,
                    "Index Cond": "(id = mc.company_id)",
                    "Rows Removed by Index Recheck": 0,
                    "Filter": "((country_code)::text <> '[us]'::text)",
                    "Rows Removed by Filter": 0
                  }
                ]
              },
              {
                "Node Type": "Index Only Scan",
                "Parent Relationship": "Inner",
                "Parallel Aware": false,
                "Scan Direction": "Forward",
                "Index Name": "company_type_pkey",
                "Relation Name": "company_type",
                "Alias": "ct",
                "Startup Cost": 0.13,
                "Total Cost": 0.15,
                "Plan Rows": 1,
                "Plan Width": 4,
                "Actual Startup Time": 0.001,
                "Actual Total Time": 0.001,
                "Actual Rows": 1,
                "Actual Loops": 1233,
                "Index Cond": "(id = mc.company_type_id)",
                "Rows Removed by Index Recheck": 0,
                "Heap Fetches": 1233
              }
            ]
          },
          {
            "Node Type": "Index Scan",
            "Parent Relationship": "Inner",
            "Parallel Aware": false,
            "Scan Direction": "Forward",
            "Index Name": "kind_type_pkey",
            "Relation Name": "kind_type",
            "Alias": "kt",
            "Startup Cost": 0.13,
            "Total Cost": 0.15,
            "Plan Rows": 1,
            "Plan Width": 4,
            "Actual Startup Time": 0.001,
            "Actual Total Time": 0.001,
            "Actual Rows": 1,
            "Actual Loops": 1233,
            "Index Cond": "(id = t.kind_id)",
            "Rows Removed by Index Recheck": 0,
            "Filter": "((kind)::text = ANY ('{movie,episode}'::text[]))",
            "Rows Removed by Filter": 0
          }
        ]
      }
    ]
  },
  "Planning Time": 4.673,
  "Triggers": [],
  "Execution Time": 248.171
}