[
  {
    "Plan": {
      "Node Type": "Aggregate",
      "Strategy": "Plain",
      "Partial Mode": "Finalize",
      "Parallel Aware": false,
      "Startup Cost": 628384.78,
      "Total Cost": 628384.79,
      "Plan Rows": 1,
      "Plan Width": 8,
      "Actual Startup Time": 2636.74,
      "Actual Total Time": 2673.662,
      "Actual Rows": 1,
      "Actual Loops": 1,
      "Plans": [
        {
          "Node Type": "Gather",
          "Parent Relationship": "Outer",
          "Parallel Aware": false,
          "Startup Cost": 628384.16,
          "Total Cost": 628384.77,
          "Plan Rows": 6,
          "Plan Width": 8,
          "Actual Startup Time": 2620.896,
          "Actual Total Time": 2673.654,
          "Actual Rows": 7,
          "Actual Loops": 1,
          "Workers Planned": 6,
          "Workers Launched": 6,
          "Single Copy": false,
          "Plans": [
            {
              "Node Type": "Aggregate",
              "Strategy": "Plain",
              "Partial Mode": "Partial",
              "Parent Relationship": "Outer",
              "Parallel Aware": false,
              "Startup Cost": 627384.16,
              "Total Cost": 627384.17,
              "Plan Rows": 1,
              "Plan Width": 8,
              "Actual Startup Time": 2609.536,
              "Actual Total Time": 2609.936,
              "Actual Rows": 1,
              "Actual Loops": 7,
              "Plans": [
                {
                  "Node Type": "Hash Join",
                  "Parent Relationship": "Outer",
                  "Parallel Aware": true,
                  "Join Type": "Inner",
                  "Startup Cost": 259944.29,
                  "Total Cost": 614331.26,
                  "Plan Rows": 5221158,
                  "Plan Width": 0,
                  "Actual Startup Time": 883.426,
                  "Actual Total Time": 2423.523,
                  "Actual Rows": 4165289,
                  "Actual Loops": 7,
                  "Inner Unique": false,
                  "Hash Cond": "(ci.movie_id = t.id)",
                  "Plans": [
                    {
                      "Node Type": "Seq Scan",
                      "Parent Relationship": "Outer",
                      "Parallel Aware": true,
                      "Relation Name": "cast_info",
                      "Alias": "ci",
                      "Startup Cost": 0.0,
                      "Total Cost": 328213.62,
                      "Plan Rows": 4194943,
                      "Plan Width": 4,
                      "Actual Startup Time": 104.869,
                      "Actual Total Time": 540.399,
                      "Actual Rows": 3588955,
                      "Actual Loops": 7,
                      "Filter": "(person_id > 1091507)",
                      "Rows Removed by Filter": 1588808
                    },
                    {
                      "Node Type": "Hash",
                      "Parent Relationship": "Inner",
                      "Parallel Aware": true,
                      "Startup Cost": 252077.21,
                      "Total Cost": 252077.21,
                      "Plan Rows": 629366,
                      "Plan Width": 8,
                      "Actual Startup Time": 774.248,
                      "Actual Total Time": 774.646,
                      "Actual Rows": 218084,
                      "Actual Loops": 7,
                      "Hash Buckets": 4194304,
                      "Original Hash Buckets": 4194304,
                      "Hash Batches": 1,
                      "Original Hash Batches": 1,
                      "Peak Memory Usage": 92608,
                      "Plans": [
                        {
                          "Node Type": "Hash Join",
                          "Parent Relationship": "Outer",
                          "Parallel Aware": true,
                          "Join Type": "Inner",
                          "Startup Cost": 47982.88,
                          "Total Cost": 252077.21,
                          "Plan Rows": 629366,
                          "Plan Width": 8,
                          "Actual Startup Time": 139.681,
                          "Actual Total Time": 682.857,
                          "Actual Rows": 218084,
                          "Actual Loops": 7,
                          "Inner Unique": true,
                          "Hash Cond": "(mi.movie_id = t.id)",
                          "Plans": [
                            {
                              "Node Type": "Seq Scan",
                              "Parent Relationship": "Outer",
                              "Parallel Aware": true,
                              "Relation Name": "movie_info",
                              "Alias": "mi",
                              "Startup Cost": 0.0,
                              "Total Cost": 198880.74,
                              "Plan Rows": 1986127,
                              "Plan Width": 4,
                              "Actual Startup Time": 13.669,
                              "Actual Total Time": 294.138,
                              "Actual Rows": 1415965,
                              "Actual Loops": 7,
                              "Filter": "(info_type_id > 4)",
                              "Rows Removed by Filter": 703424
                            },
                            {
                              "Node Type": "Hash",
                              "Parent Relationship": "Inner",
                              "Parallel Aware": true,
                              "Startup Cost": 45479.21,
                              "Total Cost": 45479.21,
                              "Plan Rows": 200294,
                              "Plan Width": 4,
                              "Actual Startup Time": 124.957,
                              "Actual Total Time": 124.959,
                              "Actual Rows": 125992,
                              "Actual Loops": 7,
                              "Hash Buckets": 1048576,
                              "Original Hash Buckets": 1048576,
                              "Hash Batches": 1,
                              "Original Hash Batches": 1,
                              "Peak Memory Usage": 42752,
                              "Plans": [
                                {
                                  "Node Type": "Seq Scan",
                                  "Parent Relationship": "Outer",
                                  "Parallel Aware": true,
                                  "Relation Name": "title",
                                  "Alias": "t",
                                  "Startup Cost": 0.0,
                                  "Total Cost": 45479.21,
                                  "Plan Rows": 200294,
                                  "Plan Width": 4,
                                  "Actual Startup Time": 0.034,
                                  "Actual Total Time": 70.993,
                                  "Actual Rows": 125992,
                                  "Actual Loops": 7,
                                  "Filter": "((production_year > 2001) AND (kind_id = 7))",
                                  "Rows Removed by Filter": 235195
                                }
                              ]
                            }
                          ]
                        }
                      ]
                    }
                  ]
                }
              ]
            }
          ]
        }
      ]
    },
    "Planning Time": 0.462,
    "Triggers": [],
    "Execution Time": 2673.703
  }
]