[
  {
    "Plan": {
      "Node Type": "Aggregate",
      "Strategy": "Plain",
      "Partial Mode": "Finalize",
      "Parallel Aware": false,
      "Startup Cost": 232863.19,
      "Total Cost": 232863.2,
      "Plan Rows": 1,
      "Plan Width": 8,
      "Actual Startup Time": 511.788,
      "Actual Total Time": 530.48,
      "Actual Rows": 1,
      "Actual Loops": 1,
      "Plans": [
        {
          "Node Type": "Gather",
          "Parent Relationship": "Outer",
          "Parallel Aware": false,
          "Startup Cost": 232862.66,
          "Total Cost": 232863.17,
          "Plan Rows": 5,
          "Plan Width": 8,
          "Actual Startup Time": 501.642,
          "Actual Total Time": 530.464,
          "Actual Rows": 6,
          "Actual Loops": 1,
          "Workers Planned": 5,
          "Workers Launched": 5,
          "Single Copy": false,
          "Plans": [
            {
              "Node Type": "Aggregate",
              "Strategy": "Plain",
              "Partial Mode": "Partial",
              "Parent Relationship": "Outer",
              "Parallel Aware": false,
              "Startup Cost": 231862.66,
              "Total Cost": 231862.67,
              "Plan Rows": 1,
              "Plan Width": 8,
              "Actual Startup Time": 487.343,
              "Actual Total Time": 487.348,
              "Actual Rows": 1,
              "Actual Loops": 6,
              "Plans": [
                {
                  "Node Type": "Hash Join",
                  "Parent Relationship": "Outer",
                  "Parallel Aware": true,
                  "Join Type": "Inner",
                  "Startup Cost": 66662.98,
                  "Total Cost": 231407.81,
                  "Plan Rows": 181940,
                  "Plan Width": 0,
                  "Actual Startup Time": 347.759,
                  "Actual Total Time": 478.19,
                  "Actual Rows": 149257,
                  "Actual Loops": 6,
                  "Inner Unique": true,
                  "Hash Cond": "(mi.movie_id = t.id)",
                  "Plans": [
                    {
                      "Node Type": "Bitmap Heap Scan",
                      "Parent Relationship": "Outer",
                      "Parallel Aware": true,
                      "Relation Name": "movie_info",
                      "Alias": "mi",
                      "Startup Cost": 16442.59,
                      "Total Cost": 180709.84,
                      "Plan Rows": 181940,
                      "Plan Width": 4,
                      "Actual Startup Time": 39.262,
                      "Actual Total Time": 100.032,
                      "Actual Rows": 149257,
                      "Actual Loops": 6,
                      "Recheck Cond": "(info_type_id > 95)",
                      "Rows Removed by Index Recheck": 0,
                      "Exact Heap Blocks": 6642,
                      "Lossy Heap Blocks": 0,
                      "Plans": [
                        {
                          "Node Type": "Bitmap Index Scan",
                          "Parent Relationship": "Outer",
                          "Parallel Aware": false,
                          "Index Name": "info_type_id_movie_info",
                          "Startup Cost": 0.0,
                          "Total Cost": 16215.17,
                          "Plan Rows": 909698,
                          "Plan Width": 0,
                          "Actual Startup Time": 33.645,
                          "Actual Total Time": 33.646,
                          "Actual Rows": 895543,
                          "Actual Loops": 1,
                          "Index Cond": "(info_type_id > 95)"
                        }
                      ]
                    },
                    {
                      "Node Type": "Hash",
                      "Parent Relationship": "Inner",
                      "Parallel Aware": true,
                      "Startup Cost": 42319.06,
                      "Total Cost": 42319.06,
                      "Plan Rows": 632106,
                      "Plan Width": 4,
                      "Actual Startup Time": 301.873,
                      "Actual Total Time": 301.874,
                      "Actual Rows": 421385,
                      "Actual Loops": 6,
                      "Hash Buckets": 4194304,
                      "Original Hash Buckets": 4194304,
                      "Hash Batches": 1,
                      "Original Hash Batches": 1,
                      "Peak Memory Usage": 131776,
                      "Plans": [
                        {
                          "Node Type": "Seq Scan",
                          "Parent Relationship": "Outer",
                          "Parallel Aware": true,
                          "Relation Name": "title",
                          "Alias": "t",
                          "Startup Cost": 0.0,
                          "Total Cost": 42319.06,
                          "Plan Rows": 632106,
                          "Plan Width": 4,
                          "Actual Startup Time": 0.048,
                          "Actual Total Time": 92.641,
                          "Actual Rows": 421385,
                          "Actual Loops": 6
                        }
                      ]
                    }
                  ]
                }
              ]
            }
          ]
        }
      ]
    },
    "Planning Time": 0.282,
    "Triggers": [],
    "Execution Time": 530.53
  }
]