[
  {
    "Plan": {
      "Node Type": "Aggregate",
      "Strategy": "Plain",
      "Partial Mode": "Finalize",
      "Parallel Aware": false,
      "Startup Cost": 78400.89,
      "Total Cost": 78400.9,
      "Plan Rows": 1,
      "Plan Width": 8,
      "Actual Startup Time": 335.687,
      "Actual Total Time": 345.613,
      "Actual Rows": 1,
      "Actual Loops": 1,
      "Plans": [
        {
          "Node Type": "Gather",
          "Parent Relationship": "Outer",
          "Parallel Aware": false,
          "Startup Cost": 78400.58,
          "Total Cost": 78400.89,
          "Plan Rows": 3,
          "Plan Width": 8,
          "Actual Startup Time": 332.962,
          "Actual Total Time": 345.606,
          "Actual Rows": 4,
          "Actual Loops": 1,
          "Workers Planned": 3,
          "Workers Launched": 3,
          "Single Copy": false,
          "Plans": [
            {
              "Node Type": "Aggregate",
              "Strategy": "Plain",
              "Partial Mode": "Partial",
              "Parent Relationship": "Outer",
              "Parallel Aware": false,
              "Startup Cost": 77400.58,
              "Total Cost": 77400.59,
              "Plan Rows": 1,
              "Plan Width": 8,
              "Actual Startup Time": 329.638,
              "Actual Total Time": 329.641,
              "Actual Rows": 1,
              "Actual Loops": 4,
              "Plans": [
                {
                  "Node Type": "Hash Join",
                  "Parent Relationship": "Outer",
                  "Parallel Aware": true,
                  "Join Type": "Inner",
                  "Startup Cost": 46674.46,
                  "Total Cost": 77045.75,
                  "Plan Rows": 141931,
                  "Plan Width": 0,
                  "Actual Startup Time": 175.949,
                  "Actual Total Time": 322.89,
                  "Actual Rows": 140692,
                  "Actual Loops": 4,
                  "Inner Unique": true,
                  "Hash Cond": "(mc.movie_id = t.id)",
                  "Plans": [
                    {
                      "Node Type": "Seq Scan",
                      "Parent Relationship": "Outer",
                      "Parallel Aware": true,
                      "Relation Name": "movie_companies",
                      "Alias": "mc",
                      "Startup Cost": 0.0,
                      "Total Cost": 29310.68,
                      "Plan Rows": 404042,
                      "Plan Width": 4,
                      "Actual Startup Time": 8.781,
                      "Actual Total Time": 66.259,
                      "Actual Rows": 314902,
                      "Actual Loops": 4,
                      "Filter": "(company_id > 11586)",
                      "Rows Removed by Filter": 337381
                    },
                    {
                      "Node Type": "Hash",
                      "Parent Relationship": "Inner",
                      "Parallel Aware": true,
                      "Startup Cost": 43899.01,
                      "Total Cost": 43899.01,
                      "Plan Rows": 222036,
                      "Plan Width": 4,
                      "Actual Startup Time": 164.931,
                      "Actual Total Time": 164.932,
                      "Actual Rows": 221412,
                      "Actual Loops": 4,
                      "Hash Buckets": 1048576,
                      "Original Hash Buckets": 1048576,
                      "Hash Batches": 1,
                      "Original Hash Batches": 1,
                      "Peak Memory Usage": 42880,
                      "Plans": [
                        {
                          "Node Type": "Seq Scan",
                          "Parent Relationship": "Outer",
                          "Parallel Aware": true,
                          "Relation Name": "title",
                          "Alias": "t",
                          "Startup Cost": 0.0,
                          "Total Cost": 43899.01,
                          "Plan Rows": 222036,
                          "Plan Width": 4,
                          "Actual Startup Time": 0.016,
                          "Actual Total Time": 90.844,
                          "Actual Rows": 221412,
                          "Actual Loops": 4,
                          "Filter": "(production_year < 1997)",
                          "Rows Removed by Filter": 410666
                        }
                      ]
                    }
                  ]
                }
              ]
            }
          ]
        }
      ]
    },
    "Planning Time": 0.247,
    "Triggers": [],
    "Execution Time": 345.645
  }
]