[
  {
    "Plan": {
      "Node Type": "Aggregate",
      "Strategy": "Plain",
      "Partial Mode": "Finalize",
      "Parallel Aware": false,
      "Startup Cost": 78228.01,
      "Total Cost": 78228.02,
      "Plan Rows": 1,
      "Plan Width": 8,
      "Actual Startup Time": 279.425,
      "Actual Total Time": 294.531,
      "Actual Rows": 1,
      "Actual Loops": 1,
      "Plans": [
        {
          "Node Type": "Gather",
          "Parent Relationship": "Outer",
          "Parallel Aware": false,
          "Startup Cost": 78227.7,
          "Total Cost": 78228.01,
          "Plan Rows": 3,
          "Plan Width": 8,
          "Actual Startup Time": 276.557,
          "Actual Total Time": 294.521,
          "Actual Rows": 4,
          "Actual Loops": 1,
          "Workers Planned": 3,
          "Workers Launched": 3,
          "Single Copy": false,
          "Plans": [
            {
              "Node Type": "Aggregate",
              "Strategy": "Plain",
              "Partial Mode": "Partial",
              "Parent Relationship": "Outer",
              "Parallel Aware": false,
              "Startup Cost": 77227.7,
              "Total Cost": 77227.71,
              "Plan Rows": 1,
              "Plan Width": 8,
              "Actual Startup Time": 267.737,
              "Actual Total Time": 267.74,
              "Actual Rows": 1,
              "Actual Loops": 4,
              "Plans": [
                {
                  "Node Type": "Hash Join",
                  "Parent Relationship": "Outer",
                  "Parallel Aware": true,
                  "Join Type": "Inner",
                  "Startup Cost": 47224.09,
                  "Total Cost": 77107.27,
                  "Plan Rows": 48169,
                  "Plan Width": 0,
                  "Actual Startup Time": 158.939,
                  "Actual Total Time": 265.731,
                  "Actual Rows": 45175,
                  "Actual Loops": 4,
                  "Inner Unique": true,
                  "Hash Cond": "(mc.movie_id = t.id)",
                  "Plans": [
                    {
                      "Node Type": "Seq Scan",
                      "Parent Relationship": "Outer",
                      "Parallel Aware": true,
                      "Relation Name": "movie_companies",
                      "Alias": "mc",
                      "Startup Cost": 0.0,
                      "Total Cost": 29310.68,
                      "Plan Rows": 218098,
                      "Plan Width": 4,
                      "Actual Startup Time": 0.021,
                      "Actual Total Time": 63.574,
                      "Actual Rows": 167399,
                      "Actual Loops": 4,
                      "Filter": "(company_id < 1063)",
                      "Rows Removed by Filter": 484883
                    },
                    {
                      "Node Type": "Hash",
                      "Parent Relationship": "Inner",
                      "Parallel Aware": true,
                      "Startup Cost": 45479.1,
                      "Total Cost": 45479.1,
                      "Plan Rows": 139599,
                      "Plan Width": 4,
                      "Actual Startup Time": 153.713,
                      "Actual Total Time": 153.714,
                      "Actual Rows": 113558,
                      "Actual Loops": 4,
                      "Hash Buckets": 1048576,
                      "Original Hash Buckets": 1048576,
                      "Hash Batches": 1,
                      "Original Hash Batches": 1,
                      "Peak Memory Usage": 26048,
                      "Plans": [
                        {
                          "Node Type": "Seq Scan",
                          "Parent Relationship": "Outer",
                          "Parallel Aware": true,
                          "Relation Name": "title",
                          "Alias": "t",
                          "Startup Cost": 0.0,
                          "Total Cost": 45479.1,
                          "Plan Rows": 139599,
                          "Plan Width": 4,
                          "Actual Startup Time": 0.043,
                          "Actual Total Time": 105.078,
                          "Actual Rows": 113558,
                          "Actual Loops": 4,
                          "Filter": "((production_year < 1998) AND (kind_id = 7))",
                          "Rows Removed by Filter": 518520
                        }
                      ]
                    }
                  ]
                }
              ]
            }
          ]
        }
      ]
    },
    "Planning Time": 0.7,
    "Triggers": [],
    "Execution Time": 294.597
  }
]