[
  {
    "Plan": {
      "Node Type": "Aggregate",
      "Strategy": "Plain",
      "Partial Mode": "Finalize",
      "Parallel Aware": false,
      "Startup Cost": 510414.33,
      "Total Cost": 510414.34,
      "Plan Rows": 1,
      "Plan Width": 8,
      "Actual Startup Time": 8443.142,
      "Actual Total Time": 8614.343,
      "Actual Rows": 1,
      "Actual Loops": 1,
      "Plans": [
        {
          "Node Type": "Gather",
          "Parent Relationship": "Outer",
          "Parallel Aware": false,
          "Startup Cost": 510413.81,
          "Total Cost": 510414.32,
          "Plan Rows": 5,
          "Plan Width": 8,
          "Actual Startup Time": 8439.091,
          "Actual Total Time": 8614.332,
          "Actual Rows": 6,
          "Actual Loops": 1,
          "Workers Planned": 5,
          "Workers Launched": 5,
          "Single Copy": false,
          "Plans": [
            {
              "Node Type": "Aggregate",
              "Strategy": "Plain",
              "Partial Mode": "Partial",
              "Parent Relationship": "Outer",
              "Parallel Aware": false,
              "Startup Cost": 509413.81,
              "Total Cost": 509413.82,
              "Plan Rows": 1,
              "Plan Width": 8,
              "Actual Startup Time": 8428.101,
              "Actual Total Time": 8428.109,
              "Actual Rows": 1,
              "Actual Loops": 6,
              "Plans": [
                {
                  "Node Type": "Nested Loop",
                  "Parent Relationship": "Outer",
                  "Parallel Aware": false,
                  "Join Type": "Inner",
                  "Startup Cost": 46494.9,
                  "Total Cost": 504599.3,
                  "Plan Rows": 1925805,
                  "Plan Width": 0,
                  "Actual Startup Time": 152.295,
                  "Actual Total Time": 7952.323,
                  "Actual Rows": 9022159,
                  "Actual Loops": 6,
                  "Inner Unique": false,
                  "Join Filter": "(t.id = ci.movie_id)",
                  "Rows Removed by Join Filter": 0,
                  "Plans": [
                    {
                      "Node Type": "Hash Join",
                      "Parent Relationship": "Outer",
                      "Parallel Aware": true,
                      "Join Type": "Inner",
                      "Startup Cost": 46494.34,
                      "Total Cost": 248347.97,
                      "Plan Rows": 134318,
                      "Plan Width": 8,
                      "Actual Startup Time": 152.159,
                      "Actual Total Time": 792.331,
                      "Actual Rows": 215493,
                      "Actual Loops": 6,
                      "Inner Unique": true,
                      "Hash Cond": "(mi.movie_id = t.id)",
                      "Plans": [
                        {
                          "Node Type": "Seq Scan",
                          "Parent Relationship": "Outer",
                          "Parallel Aware": true,
                          "Relation Name": "movie_info",
                          "Alias": "mi",
                          "Startup Cost": 0.0,
                          "Total Cost": 199108.24,
                          "Plan Rows": 1045865,
                          "Plan Width": 4,
                          "Actual Startup Time": 20.207,
                          "Actual Total Time": 380.684,
                          "Actual Rows": 878428,
                          "Actual Loops": 6,
                          "Filter": "(info_type_id > 15)",
                          "Rows Removed by Filter": 1594192
                        },
                        {
                          "Node Type": "Hash",
                          "Parent Relationship": "Inner",
                          "Parallel Aware": true,
                          "Startup Cost": 45479.59,
                          "Total Cost": 45479.59,
                          "Plan Rows": 81180,
                          "Plan Width": 4,
                          "Actual Startup Time": 129.69,
                          "Actual Total Time": 129.692,
                          "Actual Rows": 74199,
                          "Actual Loops": 6,
                          "Hash Buckets": 524288,
                          "Original Hash Buckets": 524288,
                          "Hash Batches": 1,
                          "Original Hash Batches": 1,
                          "Peak Memory Usage": 21600,
                          "Plans": [
                            {
                              "Node Type": "Seq Scan",
                              "Parent Relationship": "Outer",
                              "Parallel Aware": true,
                              "Relation Name": "title",
                              "Alias": "t",
                              "Startup Cost": 0.0,
                              "Total Cost": 45479.59,
                              "Plan Rows": 81180,
                              "Plan Width": 4,
                              "Actual Startup Time": 0.081,
                              "Actual Total Time": 96.253,
                              "Actual Rows": 74199,
                              "Actual Loops": 6,
                              "Filter": "((kind_id < 7) AND (production_year < 1996))",
                              "Rows Removed by Filter": 347186
                            }
                          ]
                        }
                      ]
                    },
                    {
                      "Node Type": "Index Only Scan",
                      "Parent Relationship": "Inner",
                      "Parallel Aware": false,
                      "Scan Direction": "Forward",
                      "Index Name": "movie_id_cast_info",
                      "Relation Name": "cast_info",
                      "Alias": "ci",
                      "Startup Cost": 0.56,
                      "Total Cost": 1.47,
                      "Plan Rows": 35,
                      "Plan Width": 4,
                      "Actual Startup Time": 0.005,
                      "Actual Total Time": 0.029,
                      "Actual Rows": 42,
                      "Actual Loops": 1292960,
                      "Index Cond": "(movie_id = mi.movie_id)",
                      "Rows Removed by Index Recheck": 0,
                      "Heap Fetches": 54132956
                    }
                  ]
                }
              ]
            }
          ]
        }
      ]
    },
    "Planning Time": 0.865,
    "Triggers": [],
    "Execution Time": 8614.427
  }
]