{
  "Plan": {
    "Node Type": "Aggregate",
    "Strategy": "Plain",
    "Partial Mode": "Finalize",
    "Parallel Aware": false,
    "Startup Cost": 101455.83,
    "Total Cost": 101455.84,
    "Plan Rows": 1,
    "Plan Width": 8,
    "Actual Startup Time": 306.59,
    "Actual Total Time": 319.924,
    "Actual Rows": 1,
    "Actual Loops": 1,
    "Plans": [
      {
        "Node Type": "Gather",
        "Parent Relationship": "Outer",
        "Parallel Aware": false,
        "Startup Cost": 101455.72,
        "Total Cost": 101455.83,
        "Plan Rows": 1,
        "Plan Width": 8,
        "Actual Startup Time": 306.252,
        "Actual Total Time": 319.917,
        "Actual Rows": 2,
        "Actual Loops": 1,
        "Workers Planned": 1,
        "Workers Launched": 1,
        "Single Copy": false,
        "Plans": [
          {
            "Node Type": "Aggregate",
            "Strategy": "Plain",
            "Partial Mode": "Partial",
            "Parent Relationship": "Outer",
            "Parallel Aware": false,
            "Startup Cost": 100455.72,
            "Total Cost": 100455.73,
            "Plan Rows": 1,
            "Plan Width": 8,
            "Actual Startup Time": 300.226,
            "Actual Total Time": 300.23,
            "Actual Rows": 1,
            "Actual Loops": 2,
            "Plans": [
              {
                "Node Type": "Hash Join",
                "Parent Relationship": "Outer",
                "Parallel Aware": true,
                "Join Type": "Inner",
                "Startup Cost": 74510.07,
                "Total Cost": 100450.74,
                "Plan Rows": 1992,
                "Plan Width": 0,
                "Actual Startup Time": 215.917,
                "Actual Total Time": 299.896,
                "Actual Rows": 5988,
                "Actual Loops": 2,
                "Inner Unique": true,
                "Hash Cond": "(mc.movie_id = t.id)",
                "Plans": [
                  {
                    "Node Type": "Bitmap Heap Scan",
                    "Parent Relationship": "Outer",
                    "Parallel Aware": true,
                    "Relation Name": "movie_companies",
                    "Alias": "mc",
                    "Startup Cost": 16036.99,
                    "Total Cost": 41394.15,
                    "Plan Rows": 222291,
                    "Plan Width": 4,
                    "Actual Startup Time": 67.46,
                    "Actual Total Time": 121.28,
                    "Actual Rows": 351892,
                    "Actual Loops": 2,
                    "Recheck Cond": "(company_id > 35570)",
                    "Rows Removed by Index Recheck": 0,
                    "Filter": "(company_type_id = 2)",
                    "Rows Removed by Filter": 27748,
                    "Exact Heap Blocks": 5508,
                    "Lossy Heap Blocks": 0,
                    "Plans": [
                      {
                        "Node Type": "Bitmap Index Scan",
                        "Parent Relationship": "Outer",
                        "Parallel Aware": false,
                        "Index Name": "company_id_movie_companies",
                        "Startup Cost": 0.0,
                        "Total Cost": 15942.51,
                        "Plan Rows": 744278,
                        "Plan Width": 0,
                        "Actual Startup Time": 45.659,
                        "Actual Total Time": 45.66,
                        "Actual Rows": 759280,
                        "Actual Loops": 1,
                        "Index Cond": "(company_id > 35570)"
                      }
                    ]
                  },
                  {
                    "Node Type": "Hash",
                    "Parent Relationship": "Inner",
                    "Parallel Aware": true,
                    "Startup Cost": 58306.47,
                    "Total Cost": 58306.47,
                    "Plan Rows": 13329,
                    "Plan Width": 4,
                    "Actual Startup Time": 147.183,
                    "Actual Total Time": 147.184,
                    "Actual Rows": 8604,
                    "Actual Loops": 2,
                    "Hash Buckets": 32768,
                    "Original Hash Buckets": 32768,
                    "Hash Batches": 1,
                    "Original Hash Batches": 1,
                    "Peak Memory Usage": 992,
                    "Plans": [
                      {
                        "Node Type": "Seq Scan",
                        "Parent Relationship": "Outer",
                        "Parallel Aware": true,
                        "Relation Name": "title",
                        "Alias": "t",
                        "Startup Cost": 0.0,
                        "Total Cost": 58306.47,
                        "Plan Rows": 13329,
                        "Plan Width": 4,
                        "Actual Startup Time": 0.713,
                        "Actual Total Time": 143.849,
                        "Actual Rows": 8604,
                        "Actual Loops": 2,
                        "Filter": "((kind_id < 4) AND (production_year = 2003))",
                        "Rows Removed by Filter": 1255552
                      }
                    ]
                  }
                ]
              }
            ]
          }
        ]
      }
    ]
  },
  "Planning Time": 0.508,
  "Triggers": [],
  "Execution Time": 320.019
}