[
  {
    "Plan": {
      "Node Type": "Aggregate",
      "Strategy": "Plain",
      "Partial Mode": "Finalize",
      "Parallel Aware": false,
      "Startup Cost": 30267.78,
      "Total Cost": 30267.79,
      "Plan Rows": 1,
      "Plan Width": 8,
      "Actual Startup Time": 92.481,
      "Actual Total Time": 97.14,
      "Actual Rows": 1,
      "Actual Loops": 1,
      "Plans": [
        {
          "Node Type": "Gather",
          "Parent Relationship": "Outer",
          "Parallel Aware": false,
          "Startup Cost": 30267.47,
          "Total Cost": 30267.78,
          "Plan Rows": 3,
          "Plan Width": 8,
          "Actual Startup Time": 92.251,
          "Actual Total Time": 97.131,
          "Actual Rows": 4,
          "Actual Loops": 1,
          "Workers Planned": 3,
          "Workers Launched": 3,
          "Single Copy": false,
          "Plans": [
            {
              "Node Type": "Aggregate",
              "Strategy": "Plain",
              "Partial Mode": "Partial",
              "Parent Relationship": "Outer",
              "Parallel Aware": false,
              "Startup Cost": 29267.47,
              "Total Cost": 29267.48,
              "Plan Rows": 1,
              "Plan Width": 8,
              "Actual Startup Time": 86.606,
              "Actual Total Time": 86.607,
              "Actual Rows": 1,
              "Actual Loops": 4,
              "Plans": [
                {
                  "Node Type": "Bitmap Heap Scan",
                  "Parent Relationship": "Outer",
                  "Parallel Aware": true,
                  "Relation Name": "movie_keyword",
                  "Alias": "mk",
                  "Startup Cost": 3919.8,
                  "Total Cost": 29118.52,
                  "Plan Rows": 59578,
                  "Plan Width": 0,
                  "Actual Startup Time": 32.502,
                  "Actual Total Time": 83.255,
                  "Actual Rows": 47470,
                  "Actual Loops": 4,
                  "Recheck Cond": "(keyword_id > 70968)",
                  "Rows Removed by Index Recheck": 0,
                  "Exact Heap Blocks": 9825,
                  "Lossy Heap Blocks": 0,
                  "Plans": [
                    {
                      "Node Type": "Bitmap Index Scan",
                      "Parent Relationship": "Outer",
                      "Parallel Aware": false,
                      "Index Name": "keyword_id_movie_keyword",
                      "Startup Cost": 0.0,
                      "Total Cost": 3873.62,
                      "Plan Rows": 184692,
                      "Plan Width": 0,
                      "Actual Startup Time": 31.902,
                      "Actual Total Time": 31.903,
                      "Actual Rows": 189880,
                      "Actual Loops": 1,
                      "Index Cond": "(keyword_id > 70968)"
                    }
                  ]
                }
              ]
            }
          ]
        }
      ]
    },
    "Planning Time": 0.195,
    "Triggers": [],
    "Execution Time": 97.225
  }
]