[
  {
    "Plan": {
      "Node Type": "Aggregate",
      "Strategy": "Plain",
      "Partial Mode": "Finalize",
      "Parallel Aware": false,
      "Startup Cost": 46364.03,
      "Total Cost": 46364.04,
      "Plan Rows": 1,
      "Plan Width": 8,
      "Actual Startup Time": 176.993,
      "Actual Total Time": 186.024,
      "Actual Rows": 1,
      "Actual Loops": 1,
      "Plans": [
        {
          "Node Type": "Gather",
          "Parent Relationship": "Outer",
          "Parallel Aware": false,
          "Startup Cost": 46363.71,
          "Total Cost": 46364.02,
          "Plan Rows": 3,
          "Plan Width": 8,
          "Actual Startup Time": 176.877,
          "Actual Total Time": 186.016,
          "Actual Rows": 4,
          "Actual Loops": 1,
          "Workers Planned": 3,
          "Workers Launched": 3,
          "Single Copy": false,
          "Plans": [
            {
              "Node Type": "Aggregate",
              "Strategy": "Plain",
              "Partial Mode": "Partial",
              "Parent Relationship": "Outer",
              "Parallel Aware": false,
              "Startup Cost": 45363.71,
              "Total Cost": 45363.72,
              "Plan Rows": 1,
              "Plan Width": 8,
              "Actual Startup Time": 168.648,
              "Actual Total Time": 168.65,
              "Actual Rows": 1,
              "Actual Loops": 4,
              "Plans": [
                {
                  "Node Type": "Seq Scan",
                  "Parent Relationship": "Outer",
                  "Parallel Aware": true,
                  "Relation Name": "movie_keyword",
                  "Alias": "mk",
                  "Startup Cost": 0.0,
                  "Total Cost": 42695.65,
                  "Plan Rows": 1067222,
                  "Plan Width": 0,
                  "Actual Startup Time": 0.07,
                  "Actual Total Time": 128.615,
                  "Actual Rows": 825611,
                  "Actual Loops": 4,
                  "Filter": "(keyword_id < 14913)",
                  "Rows Removed by Filter": 305371
                }
              ]
            }
          ]
        }
      ]
    },
    "Planning Time": 0.184,
    "Triggers": [],
    "Execution Time": 186.081
  }
]