[
    {
        "Bao": {
            "Bao prediction": "NaN",
            "Bao recommended hint": "(no hint)"
        }
    },
    {
        "Plan": {
            "Node Type": "Aggregate",
            "Strategy": "Plain",
            "Partial Mode": "Finalize",
            "Parallel Aware": false,
            "Startup Cost": 33229.27,
            "Total Cost": 33229.28,
            "Plan Rows": 1,
            "Plan Width": 8,
            "Actual Startup Time": 110.178,
            "Actual Total Time": 116.806,
            "Actual Rows": 1,
            "Actual Loops": 1,
            "Output": [
                "count(*)"
            ],
            "Plans": [
                {
                    "Node Type": "Gather",
                    "Parent Relationship": "Outer",
                    "Parallel Aware": false,
                    "Startup Cost": 33228.96,
                    "Total Cost": 33229.27,
                    "Plan Rows": 3,
                    "Plan Width": 8,
                    "Actual Startup Time": 110.067,
                    "Actual Total Time": 116.798,
                    "Actual Rows": 4,
                    "Actual Loops": 1,
                    "Output": [
                        "(PARTIAL count(*))"
                    ],
                    "Workers Planned": 3,
                    "Workers Launched": 3,
                    "Single Copy": false,
                    "Plans": [
                        {
                            "Node Type": "Aggregate",
                            "Strategy": "Plain",
                            "Partial Mode": "Partial",
                            "Parent Relationship": "Outer",
                            "Parallel Aware": false,
                            "Startup Cost": 32228.96,
                            "Total Cost": 32228.97,
                            "Plan Rows": 1,
                            "Plan Width": 8,
                            "Actual Startup Time": 101.424,
                            "Actual Total Time": 101.425,
                            "Actual Rows": 1,
                            "Actual Loops": 4,
                            "Output": [
                                "PARTIAL count(*)"
                            ],
                            "Workers": [
                                {
                                    "Worker Number": 0,
                                    "Actual Startup Time": 97.243,
                                    "Actual Total Time": 97.244,
                                    "Actual Rows": 1,
                                    "Actual Loops": 1
                                },
                                {
                                    "Worker Number": 1,
                                    "Actual Startup Time": 99.21,
                                    "Actual Total Time": 99.211,
                                    "Actual Rows": 1,
                                    "Actual Loops": 1
                                },
                                {
                                    "Worker Number": 2,
                                    "Actual Startup Time": 99.511,
                                    "Actual Total Time": 99.512,
                                    "Actual Rows": 1,
                                    "Actual Loops": 1
                                }
                            ],
                            "Plans": [
                                {
                                    "Node Type": "Seq Scan",
                                    "Parent Relationship": "Outer",
                                    "Parallel Aware": true,
                                    "Relation Name": "movie_companies",
                                    "Schema": "public",
                                    "Alias": "mc",
                                    "Startup Cost": 0.0,
                                    "Total Cost": 31414.82,
                                    "Plan Rows": 325655,
                                    "Plan Width": 0,
                                    "Actual Startup Time": 45.571,
                                    "Actual Total Time": 86.964,
                                    "Actual Rows": 290020,
                                    "Actual Loops": 4,
                                    "Output": [
                                        "id",
                                        "movie_id",
                                        "company_id",
                                        "company_type_id",
                                        "note"
                                    ],
                                    "Filter": "((mc.company_id > 802) AND (mc.company_type_id = 2))",
                                    "Rows Removed by Filter": 362262,
                                    "Workers": [
                                        {
                                            "Worker Number": 0,
                                            "Actual Startup Time": 41.375,
                                            "Actual Total Time": 83.498,
                                            "Actual Rows": 209445,
                                            "Actual Loops": 1
                                        },
                                        {
                                            "Worker Number": 1,
                                            "Actual Startup Time": 43.36,
                                            "Actual Total Time": 85.185,
                                            "Actual Rows": 348529,
                                            "Actual Loops": 1
                                        },
                                        {
                                            "Worker Number": 2,
                                            "Actual Startup Time": 43.657,
                                            "Actual Total Time": 85.407,
                                            "Actual Rows": 350861,
                                            "Actual Loops": 1
                                        }
                                    ]
                                }
                            ]
                        }
                    ]
                }
            ]
        },
        "Planning Time": 287.379,
        "Triggers": [],
        "Execution Time": 116.854
    }
]