{
  "Plan": {
    "Node Type": "Aggregate",
    "Strategy": "Plain",
    "Partial Mode": "Finalize",
    "Parallel Aware": false,
    "Startup Cost": 301921.73,
    "Total Cost": 301921.74,
    "Plan Rows": 1,
    "Plan Width": 8,
    "Actual Startup Time": 772.582,
    "Actual Total Time": 790.92,
    "Actual Rows": 1,
    "Actual Loops": 1,
    "Plans": [
      {
        "Node Type": "Gather",
        "Parent Relationship": "Outer",
        "Parallel Aware": false,
        "Startup Cost": 301921.62,
        "Total Cost": 301921.73,
        "Plan Rows": 1,
        "Plan Width": 8,
        "Actual Startup Time": 768.433,
        "Actual Total Time": 790.914,
        "Actual Rows": 2,
        "Actual Loops": 1,
        "Workers Planned": 1,
        "Workers Launched": 1,
        "Single Copy": false,
        "Plans": [
          {
            "Node Type": "Aggregate",
            "Strategy": "Plain",
            "Partial Mode": "Partial",
            "Parent Relationship": "Outer",
            "Parallel Aware": false,
            "Startup Cost": 300921.62,
            "Total Cost": 300921.63,
            "Plan Rows": 1,
            "Plan Width": 8,
            "Actual Startup Time": 762.005,
            "Actual Total Time": 762.011,
            "Actual Rows": 1,
            "Actual Loops": 2,
            "Plans": [
              {
                "Node Type": "Hash Join",
                "Parent Relationship": "Outer",
                "Parallel Aware": true,
                "Join Type": "Inner",
                "Startup Cost": 130735.18,
                "Total Cost": 300748.25,
                "Plan Rows": 69348,
                "Plan Width": 0,
                "Actual Startup Time": 634.449,
                "Actual Total Time": 751.564,
                "Actual Rows": 256769,
                "Actual Loops": 2,
                "Inner Unique": false,
                "Hash Cond": "(mi.movie_id = t.id)",
                "Plans": [
                  {
                    "Node Type": "Bitmap Heap Scan",
                    "Parent Relationship": "Outer",
                    "Parallel Aware": true,
                    "Relation Name": "movie_info",
                    "Alias": "mi",
                    "Startup Cost": 14428.12,
                    "Total Cost": 182276.62,
                    "Plan Rows": 468439,
                    "Plan Width": 4,
                    "Actual Startup Time": 21.824,
                    "Actual Total Time": 56.698,
                    "Actual Rows": 401070,
                    "Actual Loops": 2,
                    "Recheck Cond": "(info_type_id = 1)",
                    "Rows Removed by Index Recheck": 0,
                    "Exact Heap Blocks": 2557,
                    "Lossy Heap Blocks": 0,
                    "Plans": [
                      {
                        "Node Type": "Bitmap Index Scan",
                        "Parent Relationship": "Outer",
                        "Parallel Aware": false,
                        "Index Name": "info_type_id_movie_info",
                        "Startup Cost": 0.0,
                        "Total Cost": 14229.04,
                        "Plan Rows": 796347,
                        "Plan Width": 0,
                        "Actual Startup Time": 21.179,
                        "Actual Total Time": 21.179,
                        "Actual Rows": 802140,
                        "Actual Loops": 1,
                        "Index Cond": "(info_type_id = 1)"
                      }
                    ]
                  },
                  {
                    "Node Type": "Hash",
                    "Parent Relationship": "Inner",
                    "Parallel Aware": true,
                    "Startup Cost": 113554.9,
                    "Total Cost": 113554.9,
                    "Plan Rows": 220172,
                    "Plan Width": 8,
                    "Actual Startup Time": 607.297,
                    "Actual Total Time": 607.301,
                    "Actual Rows": 255607,
                    "Actual Loops": 2,
                    "Hash Buckets": 524288,
                    "Original Hash Buckets": 524288,
                    "Hash Batches": 1,
                    "Original Hash Batches": 1,
                    "Peak Memory Usage": 24128,
                    "Plans": [
                      {
                        "Node Type": "Hash Join",
                        "Parent Relationship": "Outer",
                        "Parallel Aware": true,
                        "Join Type": "Inner",
                        "Startup Cost": 81225.83,
                        "Total Cost": 113554.9,
                        "Plan Rows": 220172,
                        "Plan Width": 8,
                        "Actual Startup Time": 367.675,
                        "Actual Total Time": 556.11,
                        "Actual Rows": 255607,
                        "Actual Loops": 2,
                        "Inner Unique": true,
                        "Hash Cond": "(mk.movie_id = t.id)",
                        "Plans": [
                          {
                            "Node Type": "Bitmap Heap Scan",
                            "Parent Relationship": "Outer",
                            "Parallel Aware": true,
                            "Relation Name": "movie_keyword",
                            "Alias": "mk",
                            "Startup Cost": 18776.21,
                            "Total Cost": 49738.53,
                            "Plan Rows": 520666,
                            "Plan Width": 4,
                            "Actual Startup Time": 44.892,
                            "Actual Total Time": 131.465,
                            "Actual Rows": 449365,
                            "Actual Loops": 2,
                            "Recheck Cond": "(keyword_id < 851)",
                            "Rows Removed by Index Recheck": 0,
                            "Exact Heap Blocks": 13386,
                            "Lossy Heap Blocks": 0,
                            "Plans": [
                              {
                                "Node Type": "Bitmap Index Scan",
                                "Parent Relationship": "Outer",
                                "Parallel Aware": false,
                                "Index Name": "keyword_id_movie_keyword",
                                "Startup Cost": 0.0,
                                "Total Cost": 18554.92,
                                "Plan Rows": 885132,
                                "Plan Width": 0,
                                "Actual Startup Time": 41.254,
                                "Actual Total Time": 41.255,
                                "Actual Rows": 898730,
                                "Actual Loops": 1,
                                "Index Cond": "(keyword_id < 851)"
                              }
                            ]
                          },
                          {
                            "Node Type": "Hash",
                            "Parent Relationship": "Inner",
                            "Parallel Aware": true,
                            "Startup Cost": 54588.39,
                            "Total Cost": 54588.39,
                            "Plan Rows": 628899,
                            "Plan Width": 4,
                            "Actual Startup Time": 311.458,
                            "Actual Total Time": 311.459,
                            "Actual Rows": 537382,
                            "Actual Loops": 2,
                            "Hash Buckets": 2097152,
                            "Original Hash Buckets": 2097152,
                            "Hash Batches": 1,
                            "Original Hash Batches": 1,
                            "Peak Memory Usage": 58464,
                            "Plans": [
                              {
                                "Node Type": "Seq Scan",
                                "Parent Relationship": "Outer",
                                "Parallel Aware": true,
                                "Relation Name": "title",
                                "Alias": "t",
                                "Startup Cost": 0.0,
                                "Total Cost": 54588.39,
                                "Plan Rows": 628899,
                                "Plan Width": 4,
                                "Actual Startup Time": 0.044,
                                "Actual Total Time": 158.9,
                                "Actual Rows": 537382,
                                "Actual Loops": 2,
                                "Filter": "(production_year < 2001)",
                                "Rows Removed by Filter": 726774
                              }
                            ]
                          }
                        ]
                      }
                    ]
                  }
                ]
              }
            ]
          }
        ]
      }
    ]
  },
  "Planning Time": 0.958,
  "Triggers": [],
  "Execution Time": 791.034
}