[
  {
    "Plan": {
      "Node Type": "Aggregate",
      "Strategy": "Plain",
      "Partial Mode": "Finalize",
      "Parallel Aware": false,
      "Startup Cost": 32915.21,
      "Total Cost": 32915.22,
      "Plan Rows": 1,
      "Plan Width": 8,
      "Actual Startup Time": 96.613,
      "Actual Total Time": 104.494,
      "Actual Rows": 1,
      "Actual Loops": 1,
      "Plans": [
        {
          "Node Type": "Gather",
          "Parent Relationship": "Outer",
          "Parallel Aware": false,
          "Startup Cost": 32914.89,
          "Total Cost": 32915.2,
          "Plan Rows": 3,
          "Plan Width": 8,
          "Actual Startup Time": 96.461,
          "Actual Total Time": 104.481,
          "Actual Rows": 4,
          "Actual Loops": 1,
          "Workers Planned": 3,
          "Workers Launched": 3,
          "Single Copy": false,
          "Plans": [
            {
              "Node Type": "Aggregate",
              "Strategy": "Plain",
              "Partial Mode": "Partial",
              "Parent Relationship": "Outer",
              "Parallel Aware": false,
              "Startup Cost": 31914.89,
              "Total Cost": 31914.9,
              "Plan Rows": 1,
              "Plan Width": 8,
              "Actual Startup Time": 90.976,
              "Actual Total Time": 90.977,
              "Actual Rows": 1,
              "Actual Loops": 4,
              "Plans": [
                {
                  "Node Type": "Seq Scan",
                  "Parent Relationship": "Outer",
                  "Parallel Aware": true,
                  "Relation Name": "movie_companies",
                  "Alias": "mc",
                  "Startup Cost": 0.0,
                  "Total Cost": 31414.82,
                  "Plan Rows": 200030,
                  "Plan Width": 0,
                  "Actual Startup Time": 0.026,
                  "Actual Total Time": 78.145,
                  "Actual Rows": 215640,
                  "Actual Loops": 4,
                  "Filter": "((company_id < 11219) AND (company_type_id < 2))",
                  "Rows Removed by Filter": 436642
                }
              ]
            }
          ]
        }
      ]
    },
    "Planning Time": 0.165,
    "Triggers": [],
    "Execution Time": 104.544
  }
]