[
  {
    "Plan": {
      "Node Type": "Aggregate",
      "Strategy": "Plain",
      "Partial Mode": "Finalize",
      "Parallel Aware": false,
      "Startup Cost": 330641.15,
      "Total Cost": 330641.16,
      "Plan Rows": 1,
      "Plan Width": 8,
      "Actual Startup Time": 600.069,
      "Actual Total Time": 643.922,
      "Actual Rows": 1,
      "Actual Loops": 1,
      "Plans": [
        {
          "Node Type": "Gather",
          "Parent Relationship": "Outer",
          "Parallel Aware": false,
          "Startup Cost": 330640.53,
          "Total Cost": 330641.14,
          "Plan Rows": 6,
          "Plan Width": 8,
          "Actual Startup Time": 599.845,
          "Actual Total Time": 643.904,
          "Actual Rows": 7,
          "Actual Loops": 1,
          "Workers Planned": 6,
          "Workers Launched": 6,
          "Single Copy": false,
          "Plans": [
            {
              "Node Type": "Aggregate",
              "Strategy": "Plain",
              "Partial Mode": "Partial",
              "Parent Relationship": "Outer",
              "Parallel Aware": false,
              "Startup Cost": 329640.53,
              "Total Cost": 329640.54,
              "Plan Rows": 1,
              "Plan Width": 8,
              "Actual Startup Time": 594.536,
              "Actual Total Time": 594.537,
              "Actual Rows": 1,
              "Actual Loops": 7,
              "Plans": [
                {
                  "Node Type": "Seq Scan",
                  "Parent Relationship": "Outer",
                  "Parallel Aware": true,
                  "Relation Name": "cast_info",
                  "Alias": "ci",
                  "Startup Cost": 0.0,
                  "Total Cost": 328211.39,
                  "Plan Rows": 571655,
                  "Plan Width": 0,
                  "Actual Startup Time": 0.031,
                  "Actual Total Time": 567.473,
                  "Actual Rows": 509443,
                  "Actual Loops": 7,
                  "Filter": "(person_id < 341027)",
                  "Rows Removed by Filter": 4668320
                }
              ]
            }
          ]
        }
      ]
    },
    "Planning Time": 0.202,
    "Triggers": [],
    "Execution Time": 643.991
  }
]