[
    {
        "Bao": {
            "Bao prediction": "NaN",
            "Bao recommended hint": "(no hint)"
        }
    },
    {
        "Plan": {
            "Node Type": "Aggregate",
            "Strategy": "Plain",
            "Partial Mode": "Finalize",
            "Parallel Aware": false,
            "Startup Cost": 341464.66,
            "Total Cost": 341464.67,
            "Plan Rows": 1,
            "Plan Width": 8,
            "Actual Startup Time": 298.701,
            "Actual Total Time": 306.237,
            "Actual Rows": 1,
            "Actual Loops": 1,
            "Output": [
                "count(*)"
            ],
            "Plans": [
                {
                    "Node Type": "Gather",
                    "Parent Relationship": "Outer",
                    "Parallel Aware": false,
                    "Startup Cost": 341464.04,
                    "Total Cost": 341464.65,
                    "Plan Rows": 6,
                    "Plan Width": 8,
                    "Actual Startup Time": 297.461,
                    "Actual Total Time": 306.23,
                    "Actual Rows": 7,
                    "Actual Loops": 1,
                    "Output": [
                        "(PARTIAL count(*))"
                    ],
                    "Workers Planned": 6,
                    "Workers Launched": 6,
                    "Single Copy": false,
                    "Plans": [
                        {
                            "Node Type": "Aggregate",
                            "Strategy": "Plain",
                            "Partial Mode": "Partial",
                            "Parent Relationship": "Outer",
                            "Parallel Aware": false,
                            "Startup Cost": 340464.04,
                            "Total Cost": 340464.05,
                            "Plan Rows": 1,
                            "Plan Width": 8,
                            "Actual Startup Time": 287.095,
                            "Actual Total Time": 287.096,
                            "Actual Rows": 1,
                            "Actual Loops": 7,
                            "Output": [
                                "PARTIAL count(*)"
                            ],
                            "Workers": [
                                {
                                    "Worker Number": 0,
                                    "Actual Startup Time": 284.78,
                                    "Actual Total Time": 284.782,
                                    "Actual Rows": 1,
                                    "Actual Loops": 1
                                },
                                {
                                    "Worker Number": 1,
                                    "Actual Startup Time": 284.857,
                                    "Actual Total Time": 284.858,
                                    "Actual Rows": 1,
                                    "Actual Loops": 1
                                },
                                {
                                    "Worker Number": 2,
                                    "Actual Startup Time": 285.434,
                                    "Actual Total Time": 285.436,
                                    "Actual Rows": 1,
                                    "Actual Loops": 1
                                },
                                {
                                    "Worker Number": 3,
                                    "Actual Startup Time": 285.494,
                                    "Actual Total Time": 285.495,
                                    "Actual Rows": 1,
                                    "Actual Loops": 1
                                },
                                {
                                    "Worker Number": 4,
                                    "Actual Startup Time": 285.753,
                                    "Actual Total Time": 285.754,
                                    "Actual Rows": 1,
                                    "Actual Loops": 1
                                },
                                {
                                    "Worker Number": 5,
                                    "Actual Startup Time": 286.243,
                                    "Actual Total Time": 286.244,
                                    "Actual Rows": 1,
                                    "Actual Loops": 1
                                }
                            ],
                            "Plans": [
                                {
                                    "Node Type": "Bitmap Heap Scan",
                                    "Parent Relationship": "Outer",
                                    "Parallel Aware": true,
                                    "Relation Name": "cast_info",
                                    "Schema": "public",
                                    "Alias": "ci",
                                    "Startup Cost": 78208.25,
                                    "Total Cost": 339807.92,
                                    "Plan Rows": 262448,
                                    "Plan Width": 0,
                                    "Actual Startup Time": 219.662,
                                    "Actual Total Time": 278.607,
                                    "Actual Rows": 144672,
                                    "Actual Loops": 7,
                                    "Recheck Cond": "(ci.person_id < 346846)",
                                    "Rows Removed by Index Recheck": 0,
                                    "Filter": "(ci.role_id > 2)",
                                    "Rows Removed by Filter": 372507,
                                    "Exact Heap Blocks": 9562,
                                    "Lossy Heap Blocks": 0,
                                    "Workers": [
                                        {
                                            "Worker Number": 0,
                                            "Actual Startup Time": 217.35,
                                            "Actual Total Time": 276.192,
                                            "Actual Rows": 124871,
                                            "Actual Loops": 1
                                        },
                                        {
                                            "Worker Number": 1,
                                            "Actual Startup Time": 217.416,
                                            "Actual Total Time": 276.346,
                                            "Actual Rows": 123686,
                                            "Actual Loops": 1
                                        },
                                        {
                                            "Worker Number": 2,
                                            "Actual Startup Time": 218.015,
                                            "Actual Total Time": 277.188,
                                            "Actual Rows": 120011,
                                            "Actual Loops": 1
                                        },
                                        {
                                            "Worker Number": 3,
                                            "Actual Startup Time": 218.069,
                                            "Actual Total Time": 277.307,
                                            "Actual Rows": 118283,
                                            "Actual Loops": 1
                                        },
                                        {
                                            "Worker Number": 4,
                                            "Actual Startup Time": 218.321,
                                            "Actual Total Time": 277.471,
                                            "Actual Rows": 120042,
                                            "Actual Loops": 1
                                        },
                                        {
                                            "Worker Number": 5,
                                            "Actual Startup Time": 218.807,
                                            "Actual Total Time": 278.054,
                                            "Actual Rows": 182507,
                                            "Actual Loops": 1
                                        }
                                    ],
                                    "Plans": [
                                        {
                                            "Node Type": "Bitmap Index Scan",
                                            "Parent Relationship": "Outer",
                                            "Parallel Aware": false,
                                            "Index Name": "person_id_cast_info",
                                            "Startup Cost": 0.0,
                                            "Total Cost": 77814.57,
                                            "Plan Rows": 3565068,
                                            "Plan Width": 0,
                                            "Actual Startup Time": 138.696,
                                            "Actual Total Time": 138.696,
                                            "Actual Rows": 3620253,
                                            "Actual Loops": 1,
                                            "Index Cond": "(ci.person_id < 346846)"
                                        }
                                    ]
                                }
                            ]
                        }
                    ]
                }
            ]
        },
        "Planning Time": 266.177,
        "Triggers": [],
        "Execution Time": 306.293
    }
]