[
  {
    "Plan": {
      "Node Type": "Aggregate",
      "Strategy": "Plain",
      "Partial Mode": "Finalize",
      "Parallel Aware": false,
      "Startup Cost": 341051.4,
      "Total Cost": 341051.41,
      "Plan Rows": 1,
      "Plan Width": 8,
      "Actual Startup Time": 1010.579,
      "Actual Total Time": 1058.619,
      "Actual Rows": 1,
      "Actual Loops": 1,
      "Plans": [
        {
          "Node Type": "Gather",
          "Parent Relationship": "Outer",
          "Parallel Aware": false,
          "Startup Cost": 341050.78,
          "Total Cost": 341051.39,
          "Plan Rows": 6,
          "Plan Width": 8,
          "Actual Startup Time": 1010.359,
          "Actual Total Time": 1058.602,
          "Actual Rows": 7,
          "Actual Loops": 1,
          "Workers Planned": 6,
          "Workers Launched": 6,
          "Single Copy": false,
          "Plans": [
            {
              "Node Type": "Aggregate",
              "Strategy": "Plain",
              "Partial Mode": "Partial",
              "Parent Relationship": "Outer",
              "Parallel Aware": false,
              "Startup Cost": 340050.78,
              "Total Cost": 340050.79,
              "Plan Rows": 1,
              "Plan Width": 8,
              "Actual Startup Time": 1001.336,
              "Actual Total Time": 1001.338,
              "Actual Rows": 1,
              "Actual Loops": 7,
              "Plans": [
                {
                  "Node Type": "Seq Scan",
                  "Parent Relationship": "Outer",
                  "Parallel Aware": true,
                  "Relation Name": "cast_info",
                  "Alias": "ci",
                  "Startup Cost": 0.0,
                  "Total Cost": 328211.39,
                  "Plan Rows": 4735754,
                  "Plan Width": 0,
                  "Actual Startup Time": 125.313,
                  "Actual Total Time": 761.011,
                  "Actual Rows": 4042095,
                  "Actual Loops": 7,
                  "Filter": "(person_id > 776628)",
                  "Rows Removed by Filter": 1135668
                }
              ]
            }
          ]
        }
      ]
    },
    "Planning Time": 0.115,
    "Triggers": [],
    "Execution Time": 1058.67
  }
]