[
  {
    "Plan": {
      "Node Type": "Aggregate",
      "Strategy": "Plain",
      "Partial Mode": "Finalize",
      "Parallel Aware": false,
      "Startup Cost": 341014.87,
      "Total Cost": 341014.88,
      "Plan Rows": 1,
      "Plan Width": 8,
      "Actual Startup Time": 790.196,
      "Actual Total Time": 842.737,
      "Actual Rows": 1,
      "Actual Loops": 1,
      "Plans": [
        {
          "Node Type": "Gather",
          "Parent Relationship": "Outer",
          "Parallel Aware": false,
          "Startup Cost": 341014.24,
          "Total Cost": 341014.85,
          "Plan Rows": 6,
          "Plan Width": 8,
          "Actual Startup Time": 790.059,
          "Actual Total Time": 842.728,
          "Actual Rows": 7,
          "Actual Loops": 1,
          "Workers Planned": 6,
          "Workers Launched": 6,
          "Single Copy": false,
          "Plans": [
            {
              "Node Type": "Aggregate",
              "Strategy": "Plain",
              "Partial Mode": "Partial",
              "Parent Relationship": "Outer",
              "Parallel Aware": false,
              "Startup Cost": 340014.24,
              "Total Cost": 340014.26,
              "Plan Rows": 1,
              "Plan Width": 8,
              "Actual Startup Time": 781.59,
              "Actual Total Time": 781.591,
              "Actual Rows": 1,
              "Actual Loops": 7,
              "Plans": [
                {
                  "Node Type": "Seq Scan",
                  "Parent Relationship": "Outer",
                  "Parallel Aware": true,
                  "Relation Name": "cast_info",
                  "Alias": "ci",
                  "Startup Cost": 0.0,
                  "Total Cost": 328162.03,
                  "Plan Rows": 4740888,
                  "Plan Width": 0,
                  "Actual Startup Time": 93.23,
                  "Actual Total Time": 615.41,
                  "Actual Rows": 4042095,
                  "Actual Loops": 7,
                  "Filter": "(person_id > 776628)",
                  "Rows Removed by Filter": 1135668
                }
              ]
            }
          ]
        }
      ]
    },
    "Planning Time": 0.193,
    "Triggers": [],
    "Execution Time": 842.804
  }
]