{
    "Plan": {
        "Node Type": "Aggregate",
        "Strategy": "Plain",
        "Partial Mode": "Finalize",
        "Parallel Aware": false,
        "Startup Cost": 612980.56,
        "Total Cost": 612980.57,
        "Plan Rows": 1,
        "Plan Width": 8,
        "Actual Startup Time": 3163.435,
        "Actual Total Time": 3234.744,
        "Actual Rows": 1,
        "Actual Loops": 1,
        "Output": [
            "count(*)"
        ],
        "Plans": [
            {
                "Node Type": "Gather",
                "Parent Relationship": "Outer",
                "Parallel Aware": false,
                "Startup Cost": 612979.94,
                "Total Cost": 612980.55,
                "Plan Rows": 6,
                "Plan Width": 8,
                "Actual Startup Time": 3146.006,
                "Actual Total Time": 3234.717,
                "Actual Rows": 7,
                "Actual Loops": 1,
                "Output": [
                    "(PARTIAL count(*))"
                ],
                "Workers Planned": 6,
                "Workers Launched": 6,
                "Single Copy": false,
                "Plans": [
                    {
                        "Node Type": "Aggregate",
                        "Strategy": "Plain",
                        "Partial Mode": "Partial",
                        "Parent Relationship": "Outer",
                        "Parallel Aware": false,
                        "Startup Cost": 611979.94,
                        "Total Cost": 611979.95,
                        "Plan Rows": 1,
                        "Plan Width": 8,
                        "Actual Startup Time": 3131.896,
                        "Actual Total Time": 3132.193,
                        "Actual Rows": 1,
                        "Actual Loops": 7,
                        "Output": [
                            "PARTIAL count(*)"
                        ],
                        "Workers": [
                            {
                                "Worker Number": 0,
                                "Actual Startup Time": 3131.252,
                                "Actual Total Time": 3131.256,
                                "Actual Rows": 1,
                                "Actual Loops": 1
                            },
                            {
                                "Worker Number": 1,
                                "Actual Startup Time": 3129.314,
                                "Actual Total Time": 3129.32,
                                "Actual Rows": 1,
                                "Actual Loops": 1
                            },
                            {
                                "Worker Number": 2,
                                "Actual Startup Time": 3129.333,
                                "Actual Total Time": 3129.338,
                                "Actual Rows": 1,
                                "Actual Loops": 1
                            },
                            {
                                "Worker Number": 3,
                                "Actual Startup Time": 3129.399,
                                "Actual Total Time": 3129.403,
                                "Actual Rows": 1,
                                "Actual Loops": 1
                            },
                            {
                                "Worker Number": 4,
                                "Actual Startup Time": 3129.446,
                                "Actual Total Time": 3129.45,
                                "Actual Rows": 1,
                                "Actual Loops": 1
                            },
                            {
                                "Worker Number": 5,
                                "Actual Startup Time": 3129.549,
                                "Actual Total Time": 3129.555,
                                "Actual Rows": 1,
                                "Actual Loops": 1
                            }
                        ],
                        "Plans": [
                            {
                                "Node Type": "Hash Join",
                                "Parent Relationship": "Outer",
                                "Parallel Aware": true,
                                "Join Type": "Inner",
                                "Startup Cost": 253950.71,
                                "Total Cost": 608746.62,
                                "Plan Rows": 1293326,
                                "Plan Width": 0,
                                "Actual Startup Time": 1172.066,
                                "Actual Total Time": 2874.777,
                                "Actual Rows": 6009829,
                                "Actual Loops": 7,
                                "Inner Unique": false,
                                "Hash Cond": "(ci.movie_id = t.id)",
                                "Workers": [
                                    {
                                        "Worker Number": 0,
                                        "Actual Startup Time": 1169.902,
                                        "Actual Total Time": 2890.516,
                                        "Actual Rows": 6118169,
                                        "Actual Loops": 1
                                    },
                                    {
                                        "Worker Number": 1,
                                        "Actual Startup Time": 1169.731,
                                        "Actual Total Time": 2891.86,
                                        "Actual Rows": 6030740,
                                        "Actual Loops": 1
                                    },
                                    {
                                        "Worker Number": 2,
                                        "Actual Startup Time": 1169.775,
                                        "Actual Total Time": 2855.897,
                                        "Actual Rows": 5623978,
                                        "Actual Loops": 1
                                    },
                                    {
                                        "Worker Number": 3,
                                        "Actual Startup Time": 1169.842,
                                        "Actual Total Time": 2841.493,
                                        "Actual Rows": 5216150,
                                        "Actual Loops": 1
                                    },
                                    {
                                        "Worker Number": 4,
                                        "Actual Startup Time": 1169.765,
                                        "Actual Total Time": 2876.558,
                                        "Actual Rows": 6482546,
                                        "Actual Loops": 1
                                    },
                                    {
                                        "Worker Number": 5,
                                        "Actual Startup Time": 1169.995,
                                        "Actual Total Time": 2890.655,
                                        "Actual Rows": 5963066,
                                        "Actual Loops": 1
                                    }
                                ],
                                "Plans": [
                                    {
                                        "Node Type": "Seq Scan",
                                        "Parent Relationship": "Outer",
                                        "Parallel Aware": true,
                                        "Relation Name": "cast_info",
                                        "Schema": "public",
                                        "Alias": "ci",
                                        "Startup Cost": 0.0,
                                        "Total Cost": 343318.94,
                                        "Plan Rows": 2370753,
                                        "Plan Width": 4,
                                        "Actual Startup Time": 338.818,
                                        "Actual Total Time": 682.707,
                                        "Actual Rows": 2140679,
                                        "Actual Loops": 7,
                                        "Output": [
                                            "ci.id",
                                            "ci.person_id",
                                            "ci.movie_id",
                                            "ci.person_role_id",
                                            "ci.note",
                                            "ci.nr_order",
                                            "ci.role_id"
                                        ],
                                        "Filter": "((ci.person_id > 393140) AND (ci.role_id > 2))",
                                        "Rows Removed by Filter": 3037085,
                                        "Workers": [
                                            {
                                                "Worker Number": 0,
                                                "Actual Startup Time": 338.813,
                                                "Actual Total Time": 680.657,
                                                "Actual Rows": 2200981,
                                                "Actual Loops": 1
                                            },
                                            {
                                                "Worker Number": 1,
                                                "Actual Startup Time": 338.818,
                                                "Actual Total Time": 678.431,
                                                "Actual Rows": 2178151,
                                                "Actual Loops": 1
                                            },
                                            {
                                                "Worker Number": 2,
                                                "Actual Startup Time": 338.794,
                                                "Actual Total Time": 714.012,
                                                "Actual Rows": 1859621,
                                                "Actual Loops": 1
                                            },
                                            {
                                                "Worker Number": 3,
                                                "Actual Startup Time": 338.828,
                                                "Actual Total Time": 710.653,
                                                "Actual Rows": 1787669,
                                                "Actual Loops": 1
                                            },
                                            {
                                                "Worker Number": 4,
                                                "Actual Startup Time": 338.822,
                                                "Actual Total Time": 684.984,
                                                "Actual Rows": 2381768,
                                                "Actual Loops": 1
                                            },
                                            {
                                                "Worker Number": 5,
                                                "Actual Startup Time": 338.823,
                                                "Actual Total Time": 678.838,
                                                "Actual Rows": 2146618,
                                                "Actual Loops": 1
                                            }
                                        ]
                                    },
                                    {
                                        "Node Type": "Hash",
                                        "Parent Relationship": "Inner",
                                        "Parallel Aware": true,
                                        "Startup Cost": 250502.49,
                                        "Total Cost": 250502.49,
                                        "Plan Rows": 275857,
                                        "Plan Width": 8,
                                        "Actual Startup Time": 828.461,
                                        "Actual Total Time": 828.757,
                                        "Actual Rows": 319519,
                                        "Actual Loops": 7,
                                        "Output": [
                                            "t.id",
                                            "mi.movie_id"
                                        ],
                                        "Hash Buckets": 4194304,
                                        "Original Hash Buckets": 2097152,
                                        "Hash Batches": 1,
                                        "Original Hash Batches": 1,
                                        "Peak Memory Usage": 136768,
                                        "Workers": [
                                            {
                                                "Worker Number": 0,
                                                "Actual Startup Time": 830.187,
                                                "Actual Total Time": 830.19,
                                                "Actual Rows": 335979,
                                                "Actual Loops": 1
                                            },
                                            {
                                                "Worker Number": 1,
                                                "Actual Startup Time": 830.014,
                                                "Actual Total Time": 830.018,
                                                "Actual Rows": 333669,
                                                "Actual Loops": 1
                                            },
                                            {
                                                "Worker Number": 2,
                                                "Actual Startup Time": 830.121,
                                                "Actual Total Time": 830.125,
                                                "Actual Rows": 239696,
                                                "Actual Loops": 1
                                            },
                                            {
                                                "Worker Number": 3,
                                                "Actual Startup Time": 830.061,
                                                "Actual Total Time": 830.064,
                                                "Actual Rows": 243969,
                                                "Actual Loops": 1
                                            },
                                            {
                                                "Worker Number": 4,
                                                "Actual Startup Time": 830.025,
                                                "Actual Total Time": 830.028,
                                                "Actual Rows": 359029,
                                                "Actual Loops": 1
                                            },
                                            {
                                                "Worker Number": 5,
                                                "Actual Startup Time": 830.497,
                                                "Actual Total Time": 830.501,
                                                "Actual Rows": 328227,
                                                "Actual Loops": 1
                                            }
                                        ],
                                        "Plans": [
                                            {
                                                "Node Type": "Hash Join",
                                                "Parent Relationship": "Outer",
                                                "Parallel Aware": true,
                                                "Join Type": "Inner",
                                                "Startup Cost": 46623.98,
                                                "Total Cost": 250502.49,
                                                "Plan Rows": 275857,
                                                "Plan Width": 8,
                                                "Actual Startup Time": 110.271,
                                                "Actual Total Time": 655.046,
                                                "Actual Rows": 319519,
                                                "Actual Loops": 7,
                                                "Output": [
                                                    "t.id",
                                                    "mi.movie_id"
                                                ],
                                                "Inner Unique": true,
                                                "Hash Cond": "(mi.movie_id = t.id)",
                                                "Workers": [
                                                    {
                                                        "Worker Number": 0,
                                                        "Actual Startup Time": 110.281,
                                                        "Actual Total Time": 653.172,
                                                        "Actual Rows": 335979,
                                                        "Actual Loops": 1
                                                    },
                                                    {
                                                        "Worker Number": 1,
                                                        "Actual Startup Time": 110.253,
                                                        "Actual Total Time": 653.98,
                                                        "Actual Rows": 333669,
                                                        "Actual Loops": 1
                                                    },
                                                    {
                                                        "Worker Number": 2,
                                                        "Actual Startup Time": 110.274,
                                                        "Actual Total Time": 660.626,
                                                        "Actual Rows": 239696,
                                                        "Actual Loops": 1
                                                    },
                                                    {
                                                        "Worker Number": 3,
                                                        "Actual Startup Time": 110.236,
                                                        "Actual Total Time": 659.994,
                                                        "Actual Rows": 243969,
                                                        "Actual Loops": 1
                                                    },
                                                    {
                                                        "Worker Number": 4,
                                                        "Actual Startup Time": 110.233,
                                                        "Actual Total Time": 653.876,
                                                        "Actual Rows": 359029,
                                                        "Actual Loops": 1
                                                    },
                                                    {
                                                        "Worker Number": 5,
                                                        "Actual Startup Time": 110.233,
                                                        "Actual Total Time": 652.648,
                                                        "Actual Rows": 328227,
                                                        "Actual Loops": 1
                                                    }
                                                ],
                                                "Plans": [
                                                    {
                                                        "Node Type": "Seq Scan",
                                                        "Parent Relationship": "Outer",
                                                        "Parallel Aware": true,
                                                        "Relation Name": "movie_info",
                                                        "Schema": "public",
                                                        "Alias": "mi",
                                                        "Startup Cost": 0.0,
                                                        "Total Cost": 198880.74,
                                                        "Plan Rows": 1903910,
                                                        "Plan Width": 4,
                                                        "Actual Startup Time": 0.033,
                                                        "Actual Total Time": 322.534,
                                                        "Actual Rows": 1366450,
                                                        "Actual Loops": 7,
                                                        "Output": [
                                                            "mi.id",
                                                            "mi.movie_id",
                                                            "mi.info_type_id",
                                                            "mi.info",
                                                            "mi.note"
                                                        ],
                                                        "Filter": "(mi.info_type_id < 16)",
                                                        "Rows Removed by Filter": 752938,
                                                        "Workers": [
                                                            {
                                                                "Worker Number": 0,
                                                                "Actual Startup Time": 0.027,
                                                                "Actual Total Time": 324.323,
                                                                "Actual Rows": 1427819,
                                                                "Actual Loops": 1
                                                            },
                                                            {
                                                                "Worker Number": 1,
                                                                "Actual Startup Time": 0.027,
                                                                "Actual Total Time": 323.034,
                                                                "Actual Rows": 1417206,
                                                                "Actual Loops": 1
                                                            },
                                                            {
                                                                "Worker Number": 2,
                                                                "Actual Startup Time": 0.067,
                                                                "Actual Total Time": 334.718,
                                                                "Actual Rows": 1008165,
                                                                "Actual Loops": 1
                                                            },
                                                            {
                                                                "Worker Number": 3,
                                                                "Actual Startup Time": 0.039,
                                                                "Actual Total Time": 334.983,
                                                                "Actual Rows": 1033491,
                                                                "Actual Loops": 1
                                                            },
                                                            {
                                                                "Worker Number": 4,
                                                                "Actual Startup Time": 0.03,
                                                                "Actual Total Time": 321.987,
                                                                "Actual Rows": 1519176,
                                                                "Actual Loops": 1
                                                            },
                                                            {
                                                                "Worker Number": 5,
                                                                "Actual Startup Time": 0.033,
                                                                "Actual Total Time": 323.244,
                                                                "Actual Rows": 1398198,
                                                                "Actual Loops": 1
                                                            }
                                                        ]
                                                    },
                                                    {
                                                        "Node Type": "Hash",
                                                        "Parent Relationship": "Inner",
                                                        "Parallel Aware": true,
                                                        "Startup Cost": 45479.21,
                                                        "Total Cost": 45479.21,
                                                        "Plan Rows": 91582,
                                                        "Plan Width": 4,
                                                        "Actual Startup Time": 98.378,
                                                        "Actual Total Time": 98.38,
                                                        "Actual Rows": 39145,
                                                        "Actual Loops": 7,
                                                        "Output": [
                                                            "t.id"
                                                        ],
                                                        "Hash Buckets": 524288,
                                                        "Original Hash Buckets": 524288,
                                                        "Hash Batches": 1,
                                                        "Original Hash Batches": 1,
                                                        "Peak Memory Usage": 14880,
                                                        "Workers": [
                                                            {
                                                                "Worker Number": 0,
                                                                "Actual Startup Time": 98.954,
                                                                "Actual Total Time": 98.955,
                                                                "Actual Rows": 41240,
                                                                "Actual Loops": 1
                                                            },
                                                            {
                                                                "Worker Number": 1,
                                                                "Actual Startup Time": 98.958,
                                                                "Actual Total Time": 98.96,
                                                                "Actual Rows": 40676,
                                                                "Actual Loops": 1
                                                            },
                                                            {
                                                                "Worker Number": 2,
                                                                "Actual Startup Time": 98.934,
                                                                "Actual Total Time": 98.935,
                                                                "Actual Rows": 26059,
                                                                "Actual Loops": 1
                                                            },
                                                            {
                                                                "Worker Number": 3,
                                                                "Actual Startup Time": 98.906,
                                                                "Actual Total Time": 98.907,
                                                                "Actual Rows": 30254,
                                                                "Actual Loops": 1
                                                            },
                                                            {
                                                                "Worker Number": 4,
                                                                "Actual Startup Time": 98.904,
                                                                "Actual Total Time": 98.905,
                                                                "Actual Rows": 42505,
                                                                "Actual Loops": 1
                                                            },
                                                            {
                                                                "Worker Number": 5,
                                                                "Actual Startup Time": 98.846,
                                                                "Actual Total Time": 98.847,
                                                                "Actual Rows": 39522,
                                                                "Actual Loops": 1
                                                            }
                                                        ],
                                                        "Plans": [
                                                            {
                                                                "Node Type": "Seq Scan",
                                                                "Parent Relationship": "Outer",
                                                                "Parallel Aware": true,
                                                                "Relation Name": "title",
                                                                "Schema": "public",
                                                                "Alias": "t",
                                                                "Startup Cost": 0.0,
                                                                "Total Cost": 45479.21,
                                                                "Plan Rows": 91582,
                                                                "Plan Width": 4,
                                                                "Actual Startup Time": 43.698,
                                                                "Actual Total Time": 77.931,
                                                                "Actual Rows": 39145,
                                                                "Actual Loops": 7,
                                                                "Output": [
                                                                    "t.id"
                                                                ],
                                                                "Filter": "((t.production_year > 2000) AND (t.kind_id = 1))",
                                                                "Rows Removed by Filter": 322042,
                                                                "Workers": [
                                                                    {
                                                                        "Worker Number": 0,
                                                                        "Actual Startup Time": 50.123,
                                                                        "Actual Total Time": 78.354,
                                                                        "Actual Rows": 41240,
                                                                        "Actual Loops": 1
                                                                    },
                                                                    {
                                                                        "Worker Number": 1,
                                                                        "Actual Startup Time": 50.079,
                                                                        "Actual Total Time": 78.259,
                                                                        "Actual Rows": 40676,
                                                                        "Actual Loops": 1
                                                                    },
                                                                    {
                                                                        "Worker Number": 2,
                                                                        "Actual Startup Time": 5.67,
                                                                        "Actual Total Time": 78.744,
                                                                        "Actual Rows": 26059,
                                                                        "Actual Loops": 1
                                                                    },
                                                                    {
                                                                        "Worker Number": 3,
                                                                        "Actual Startup Time": 49.926,
                                                                        "Actual Total Time": 78.966,
                                                                        "Actual Rows": 30254,
                                                                        "Actual Loops": 1
                                                                    },
                                                                    {
                                                                        "Worker Number": 4,
                                                                        "Actual Startup Time": 49.96,
                                                                        "Actual Total Time": 78.049,
                                                                        "Actual Rows": 42505,
                                                                        "Actual Loops": 1
                                                                    },
                                                                    {
                                                                        "Worker Number": 5,
                                                                        "Actual Startup Time": 50.033,
                                                                        "Actual Total Time": 77.731,
                                                                        "Actual Rows": 39522,
                                                                        "Actual Loops": 1
                                                                    }
                                                                ]
                                                            }
                                                        ]
                                                    }
                                                ]
                                            }
                                        ]
                                    }
                                ]
                            }
                        ]
                    }
                ]
            }
        ]
    },
    "Planning Time": 1.565,
    "Triggers": [],
    "Execution Time": 3234.85
}