[
  {
    "Plan": {
      "Node Type": "Aggregate",
      "Strategy": "Plain",
      "Partial Mode": "Finalize",
      "Parallel Aware": false,
      "Startup Cost": 101847.51,
      "Total Cost": 101847.52,
      "Plan Rows": 1,
      "Plan Width": 8,
      "Actual Startup Time": 533.297,
      "Actual Total Time": 553.442,
      "Actual Rows": 1,
      "Actual Loops": 1,
      "Plans": [
        {
          "Node Type": "Gather",
          "Parent Relationship": "Outer",
          "Parallel Aware": false,
          "Startup Cost": 101847.29,
          "Total Cost": 101847.5,
          "Plan Rows": 2,
          "Plan Width": 8,
          "Actual Startup Time": 528.384,
          "Actual Total Time": 553.433,
          "Actual Rows": 3,
          "Actual Loops": 1,
          "Workers Planned": 2,
          "Workers Launched": 2,
          "Single Copy": false,
          "Plans": [
            {
              "Node Type": "Aggregate",
              "Strategy": "Plain",
              "Partial Mode": "Partial",
              "Parent Relationship": "Outer",
              "Parallel Aware": false,
              "Startup Cost": 100847.29,
              "Total Cost": 100847.3,
              "Plan Rows": 1,
              "Plan Width": 8,
              "Actual Startup Time": 517.23,
              "Actual Total Time": 517.582,
              "Actual Rows": 1,
              "Actual Loops": 3,
              "Plans": [
                {
                  "Node Type": "Hash Join",
                  "Parent Relationship": "Outer",
                  "Parallel Aware": true,
                  "Join Type": "Inner",
                  "Startup Cost": 84155.82,
                  "Total Cost": 100793.65,
                  "Plan Rows": 21455,
                  "Plan Width": 0,
                  "Actual Startup Time": 413.509,
                  "Actual Total Time": 510.872,
                  "Actual Rows": 144011,
                  "Actual Loops": 3,
                  "Inner Unique": false,
                  "Hash Cond": "(mi_idx.movie_id = t.id)",
                  "Plans": [
                    {
                      "Node Type": "Seq Scan",
                      "Parent Relationship": "Outer",
                      "Parallel Aware": true,
                      "Relation Name": "movie_info_idx",
                      "Alias": "mi_idx",
                      "Startup Cost": 0.0,
                      "Total Cost": 15122.68,
                      "Plan Rows": 385585,
                      "Plan Width": 4,
                      "Actual Startup Time": 0.057,
                      "Actual Total Time": 47.087,
                      "Actual Rows": 306703,
                      "Actual Loops": 3,
                      "Filter": "(info_type_id > 99)",
                      "Rows Removed by Filter": 153308
                    },
                    {
                      "Node Type": "Hash",
                      "Parent Relationship": "Inner",
                      "Parallel Aware": true,
                      "Startup Cost": 83588.54,
                      "Total Cost": 83588.54,
                      "Plan Rows": 45382,
                      "Plan Width": 8,
                      "Actual Startup Time": 410.862,
                      "Actual Total Time": 411.212,
                      "Actual Rows": 102795,
                      "Actual Loops": 3,
                      "Hash Buckets": 524288,
                      "Original Hash Buckets": 262144,
                      "Hash Batches": 1,
                      "Original Hash Batches": 1,
                      "Peak Memory Usage": 18240,
                      "Plans": [
                        {
                          "Node Type": "Hash Join",
                          "Parent Relationship": "Outer",
                          "Parallel Aware": true,
                          "Join Type": "Inner",
                          "Startup Cost": 57072.85,
                          "Total Cost": 83588.54,
                          "Plan Rows": 45382,
                          "Plan Width": 8,
                          "Actual Startup Time": 257.267,
                          "Actual Total Time": 375.256,
                          "Actual Rows": 102795,
                          "Actual Loops": 3,
                          "Inner Unique": true,
                          "Hash Cond": "(mk.movie_id = t.id)",
                          "Plans": [
                            {
                              "Node Type": "Bitmap Heap Scan",
                              "Parent Relationship": "Outer",
                              "Parallel Aware": true,
                              "Relation Name": "movie_keyword",
                              "Alias": "mk",
                              "Startup Cost": 8963.28,
                              "Total Cost": 35121.16,
                              "Plan Rows": 136310,
                              "Plan Width": 4,
                              "Actual Startup Time": 35.694,
                              "Actual Total Time": 100.376,
                              "Actual Rows": 145874,
                              "Actual Loops": 3,
                              "Recheck Cond": "(keyword_id < 338)",
                              "Rows Removed by Index Recheck": 0,
                              "Exact Heap Blocks": 10135,
                              "Lossy Heap Blocks": 0,
                              "Plans": [
                                {
                                  "Node Type": "Bitmap Index Scan",
                                  "Parent Relationship": "Outer",
                                  "Parallel Aware": false,
                                  "Index Name": "keyword_id_movie_keyword",
                                  "Startup Cost": 0.0,
                                  "Total Cost": 8857.64,
                                  "Plan Rows": 422561,
                                  "Plan Width": 0,
                                  "Actual Startup Time": 31.938,
                                  "Actual Total Time": 31.939,
                                  "Actual Rows": 437621,
                                  "Actual Loops": 1,
                                  "Index Cond": "(keyword_id < 338)"
                                }
                              ]
                            },
                            {
                              "Node Type": "Hash",
                              "Parent Relationship": "Inner",
                              "Parallel Aware": true,
                              "Startup Cost": 45479.1,
                              "Total Cost": 45479.1,
                              "Plan Rows": 210438,
                              "Plan Width": 4,
                              "Actual Startup Time": 216.787,
                              "Actual Total Time": 216.788,
                              "Actual Rows": 249956,
                              "Actual Loops": 3,
                              "Hash Buckets": 1048576,
                              "Original Hash Buckets": 1048576,
                              "Hash Batches": 1,
                              "Original Hash Batches": 1,
                              "Peak Memory Usage": 37568,
                              "Plans": [
                                {
                                  "Node Type": "Seq Scan",
                                  "Parent Relationship": "Outer",
                                  "Parallel Aware": true,
                                  "Relation Name": "title",
                                  "Alias": "t",
                                  "Startup Cost": 0.0,
                                  "Total Cost": 45479.1,
                                  "Plan Rows": 210438,
                                  "Plan Width": 4,
                                  "Actual Startup Time": 0.036,
                                  "Actual Total Time": 131.382,
                                  "Actual Rows": 249956,
                                  "Actual Loops": 3,
                                  "Filter": "((kind_id < 7) AND (production_year > 1966))",
                                  "Rows Removed by Filter": 592814
                                }
                              ]
                            }
                          ]
                        }
                      ]
                    }
                  ]
                }
              ]
            }
          ]
        }
      ]
    },
    "Planning Time": 1.398,
    "Triggers": [],
    "Execution Time": 553.546
  }
]