[
  {
    "Plan": {
      "Node Type": "Aggregate",
      "Strategy": "Plain",
      "Partial Mode": "Finalize",
      "Parallel Aware": false,
      "Startup Cost": 91009.43,
      "Total Cost": 91009.44,
      "Plan Rows": 1,
      "Plan Width": 8,
      "Actual Startup Time": 899.453,
      "Actual Total Time": 928.832,
      "Actual Rows": 1,
      "Actual Loops": 1,
      "Plans": [
        {
          "Node Type": "Gather",
          "Parent Relationship": "Outer",
          "Parallel Aware": false,
          "Startup Cost": 91009.11,
          "Total Cost": 91009.42,
          "Plan Rows": 3,
          "Plan Width": 8,
          "Actual Startup Time": 882.067,
          "Actual Total Time": 928.814,
          "Actual Rows": 4,
          "Actual Loops": 1,
          "Workers Planned": 3,
          "Workers Launched": 3,
          "Single Copy": false,
          "Plans": [
            {
              "Node Type": "Aggregate",
              "Strategy": "Plain",
              "Partial Mode": "Partial",
              "Parent Relationship": "Outer",
              "Parallel Aware": false,
              "Startup Cost": 90009.11,
              "Total Cost": 90009.12,
              "Plan Rows": 1,
              "Plan Width": 8,
              "Actual Startup Time": 867.273,
              "Actual Total Time": 867.283,
              "Actual Rows": 1,
              "Actual Loops": 4,
              "Plans": [
                {
                  "Node Type": "Hash Join",
                  "Parent Relationship": "Outer",
                  "Parallel Aware": true,
                  "Join Type": "Inner",
                  "Startup Cost": 62314.35,
                  "Total Cost": 89549.43,
                  "Plan Rows": 183873,
                  "Plan Width": 0,
                  "Actual Startup Time": 652.811,
                  "Actual Total Time": 856.737,
                  "Actual Rows": 144274,
                  "Actual Loops": 4,
                  "Inner Unique": true,
                  "Hash Cond": "(mk.movie_id = t.id)",
                  "Plans": [
                    {
                      "Node Type": "Bitmap Heap Scan",
                      "Parent Relationship": "Outer",
                      "Parallel Aware": true,
                      "Relation Name": "movie_keyword",
                      "Alias": "mk",
                      "Startup Cost": 12093.97,
                      "Total Cost": 38846.38,
                      "Plan Rows": 183873,
                      "Plan Width": 4,
                      "Actual Startup Time": 51.442,
                      "Actual Total Time": 153.603,
                      "Actual Rows": 144274,
                      "Actual Loops": 4,
                      "Recheck Cond": "(keyword_id < 407)",
                      "Rows Removed by Index Recheck": 0,
                      "Exact Heap Blocks": 7162,
                      "Lossy Heap Blocks": 0,
                      "Plans": [
                        {
                          "Node Type": "Bitmap Index Scan",
                          "Parent Relationship": "Outer",
                          "Parallel Aware": false,
                          "Index Name": "keyword_id_movie_keyword",
                          "Startup Cost": 0.0,
                          "Total Cost": 11951.47,
                          "Plan Rows": 570005,
                          "Plan Width": 0,
                          "Actual Startup Time": 45.613,
                          "Actual Total Time": 45.614,
                          "Actual Rows": 577095,
                          "Actual Loops": 1,
                          "Index Cond": "(keyword_id < 407)"
                        }
                      ]
                    },
                    {
                      "Node Type": "Hash",
                      "Parent Relationship": "Inner",
                      "Parallel Aware": true,
                      "Startup Cost": 42319.06,
                      "Total Cost": 42319.06,
                      "Plan Rows": 632106,
                      "Plan Width": 4,
                      "Actual Startup Time": 589.952,
                      "Actual Total Time": 589.954,
                      "Actual Rows": 632078,
                      "Actual Loops": 4,
                      "Hash Buckets": 4194304,
                      "Original Hash Buckets": 4194304,
                      "Hash Batches": 1,
                      "Original Hash Batches": 1,
                      "Peak Memory Usage": 131744,
                      "Plans": [
                        {
                          "Node Type": "Seq Scan",
                          "Parent Relationship": "Outer",
                          "Parallel Aware": true,
                          "Relation Name": "title",
                          "Alias": "t",
                          "Startup Cost": 0.0,
                          "Total Cost": 42319.06,
                          "Plan Rows": 632106,
                          "Plan Width": 4,
                          "Actual Startup Time": 0.065,
                          "Actual Total Time": 160.224,
                          "Actual Rows": 632078,
                          "Actual Loops": 4
                        }
                      ]
                    }
                  ]
                }
              ]
            }
          ]
        }
      ]
    },
    "Planning Time": 0.316,
    "Triggers": [],
    "Execution Time": 928.9
  }
]