{
    "Plan": {
        "Node Type": "Aggregate",
        "Strategy": "Plain",
        "Partial Mode": "Finalize",
        "Parallel Aware": false,
        "Startup Cost": 181646.1,
        "Total Cost": 181646.11,
        "Plan Rows": 1,
        "Plan Width": 8,
        "Actual Startup Time": 417.406,
        "Actual Total Time": 439.098,
        "Actual Rows": 1,
        "Actual Loops": 1,
        "Output": [
            "count(*)"
        ],
        "Plans": [
            {
                "Node Type": "Gather",
                "Parent Relationship": "Outer",
                "Parallel Aware": false,
                "Startup Cost": 181645.57,
                "Total Cost": 181646.08,
                "Plan Rows": 5,
                "Plan Width": 8,
                "Actual Startup Time": 417.09,
                "Actual Total Time": 439.088,
                "Actual Rows": 6,
                "Actual Loops": 1,
                "Output": [
                    "(PARTIAL count(*))"
                ],
                "Workers Planned": 5,
                "Workers Launched": 5,
                "Single Copy": false,
                "Plans": [
                    {
                        "Node Type": "Aggregate",
                        "Strategy": "Plain",
                        "Partial Mode": "Partial",
                        "Parent Relationship": "Outer",
                        "Parallel Aware": false,
                        "Startup Cost": 180645.57,
                        "Total Cost": 180645.58,
                        "Plan Rows": 1,
                        "Plan Width": 8,
                        "Actual Startup Time": 406.137,
                        "Actual Total Time": 406.139,
                        "Actual Rows": 1,
                        "Actual Loops": 6,
                        "Output": [
                            "PARTIAL count(*)"
                        ],
                        "Workers": [
                            {
                                "Worker Number": 0,
                                "Actual Startup Time": 403.554,
                                "Actual Total Time": 403.556,
                                "Actual Rows": 1,
                                "Actual Loops": 1
                            },
                            {
                                "Worker Number": 1,
                                "Actual Startup Time": 403.996,
                                "Actual Total Time": 403.998,
                                "Actual Rows": 1,
                                "Actual Loops": 1
                            },
                            {
                                "Worker Number": 2,
                                "Actual Startup Time": 404.035,
                                "Actual Total Time": 404.038,
                                "Actual Rows": 1,
                                "Actual Loops": 1
                            },
                            {
                                "Worker Number": 3,
                                "Actual Startup Time": 403.995,
                                "Actual Total Time": 403.997,
                                "Actual Rows": 1,
                                "Actual Loops": 1
                            },
                            {
                                "Worker Number": 4,
                                "Actual Startup Time": 405.021,
                                "Actual Total Time": 405.023,
                                "Actual Rows": 1,
                                "Actual Loops": 1
                            }
                        ],
                        "Plans": [
                            {
                                "Node Type": "Nested Loop",
                                "Parent Relationship": "Outer",
                                "Parallel Aware": false,
                                "Join Type": "Inner",
                                "Startup Cost": 86360.56,
                                "Total Cost": 180633.74,
                                "Plan Rows": 4732,
                                "Plan Width": 0,
                                "Actual Startup Time": 107.534,
                                "Actual Total Time": 401.296,
                                "Actual Rows": 106132,
                                "Actual Loops": 6,
                                "Inner Unique": false,
                                "Workers": [
                                    {
                                        "Worker Number": 0,
                                        "Actual Startup Time": 57.11,
                                        "Actual Total Time": 399.402,
                                        "Actual Rows": 99951,
                                        "Actual Loops": 1
                                    },
                                    {
                                        "Worker Number": 1,
                                        "Actual Startup Time": 53.253,
                                        "Actual Total Time": 399.534,
                                        "Actual Rows": 107144,
                                        "Actual Loops": 1
                                    },
                                    {
                                        "Worker Number": 2,
                                        "Actual Startup Time": 48.64,
                                        "Actual Total Time": 398.863,
                                        "Actual Rows": 126833,
                                        "Actual Loops": 1
                                    },
                                    {
                                        "Worker Number": 3,
                                        "Actual Startup Time": 177.473,
                                        "Actual Total Time": 400.45,
                                        "Actual Rows": 85791,
                                        "Actual Loops": 1
                                    },
                                    {
                                        "Worker Number": 4,
                                        "Actual Startup Time": 243.326,
                                        "Actual Total Time": 400.302,
                                        "Actual Rows": 114963,
                                        "Actual Loops": 1
                                    }
                                ],
                                "Plans": [
                                    {
                                        "Node Type": "Merge Join",
                                        "Parent Relationship": "Outer",
                                        "Parallel Aware": false,
                                        "Join Type": "Inner",
                                        "Startup Cost": 86360.13,
                                        "Total Cost": 177825.79,
                                        "Plan Rows": 4586,
                                        "Plan Width": 8,
                                        "Actual Startup Time": 106.656,
                                        "Actual Total Time": 352.47,
                                        "Actual Rows": 5342,
                                        "Actual Loops": 6,
                                        "Output": [
                                            "t.id",
                                            "mi.movie_id"
                                        ],
                                        "Inner Unique": false,
                                        "Merge Cond": "(t.id = mi.movie_id)",
                                        "Workers": [
                                            {
                                                "Worker Number": 0,
                                                "Actual Startup Time": 57.042,
                                                "Actual Total Time": 353.333,
                                                "Actual Rows": 5395,
                                                "Actual Loops": 1
                                            },
                                            {
                                                "Worker Number": 1,
                                                "Actual Startup Time": 53.197,
                                                "Actual Total Time": 351.552,
                                                "Actual Rows": 5456,
                                                "Actual Loops": 1
                                            },
                                            {
                                                "Worker Number": 2,
                                                "Actual Startup Time": 48.566,
                                                "Actual Total Time": 346.406,
                                                "Actual Rows": 5942,
                                                "Actual Loops": 1
                                            },
                                            {
                                                "Worker Number": 3,
                                                "Actual Startup Time": 177.389,
                                                "Actual Total Time": 356.778,
                                                "Actual Rows": 4649,
                                                "Actual Loops": 1
                                            },
                                            {
                                                "Worker Number": 4,
                                                "Actual Startup Time": 243.244,
                                                "Actual Total Time": 350.646,
                                                "Actual Rows": 5789,
                                                "Actual Loops": 1
                                            }
                                        ],
                                        "Plans": [
                                            {
                                                "Node Type": "Index Only Scan",
                                                "Parent Relationship": "Outer",
                                                "Parallel Aware": true,
                                                "Scan Direction": "Forward",
                                                "Index Name": "title_pkey",
                                                "Relation Name": "title",
                                                "Schema": "public",
                                                "Alias": "t",
                                                "Startup Cost": 0.43,
                                                "Total Cost": 90115.52,
                                                "Plan Rows": 505664,
                                                "Plan Width": 4,
                                                "Actual Startup Time": 0.178,
                                                "Actual Total Time": 282.517,
                                                "Actual Rows": 420929,
                                                "Actual Loops": 6,
                                                "Output": [
                                                    "t.id"
                                                ],
                                                "Heap Fetches": 2525575,
                                                "Workers": [
                                                    {
                                                        "Worker Number": 0,
                                                        "Actual Startup Time": 0.176,
                                                        "Actual Total Time": 283.512,
                                                        "Actual Rows": 448104,
                                                        "Actual Loops": 1
                                                    },
                                                    {
                                                        "Worker Number": 1,
                                                        "Actual Startup Time": 0.297,
                                                        "Actual Total Time": 281.586,
                                                        "Actual Rows": 449186,
                                                        "Actual Loops": 1
                                                    },
                                                    {
                                                        "Worker Number": 2,
                                                        "Actual Startup Time": 0.176,
                                                        "Actual Total Time": 276.457,
                                                        "Actual Rows": 439281,
                                                        "Actual Loops": 1
                                                    },
                                                    {
                                                        "Worker Number": 3,
                                                        "Actual Startup Time": 0.208,
                                                        "Actual Total Time": 291.064,
                                                        "Actual Rows": 355306,
                                                        "Actual Loops": 1
                                                    },
                                                    {
                                                        "Worker Number": 4,
                                                        "Actual Startup Time": 0.162,
                                                        "Actual Total Time": 279.413,
                                                        "Actual Rows": 446676,
                                                        "Actual Loops": 1
                                                    }
                                                ]
                                            },
                                            {
                                                "Node Type": "Sort",
                                                "Parent Relationship": "Inner",
                                                "Parallel Aware": false,
                                                "Startup Cost": 86357.35,
                                                "Total Cost": 86414.67,
                                                "Plan Rows": 22928,
                                                "Plan Width": 4,
                                                "Actual Startup Time": 40.354,
                                                "Actual Total Time": 44.502,
                                                "Actual Rows": 32053,
                                                "Actual Loops": 6,
                                                "Output": [
                                                    "mi.movie_id"
                                                ],
                                                "Sort Key": [
                                                    "mi.movie_id"
                                                ],
                                                "Sort Method": "quicksort",
                                                "Sort Space Used": 2271,
                                                "Sort Space Type": "Memory",
                                                "Workers": [
                                                    {
                                                        "Worker Number": 0,
                                                        "Actual Startup Time": 40.697,
                                                        "Actual Total Time": 44.73,
                                                        "Actual Rows": 32053,
                                                        "Actual Loops": 1
                                                    },
                                                    {
                                                        "Worker Number": 1,
                                                        "Actual Startup Time": 40.889,
                                                        "Actual Total Time": 44.873,
                                                        "Actual Rows": 32053,
                                                        "Actual Loops": 1
                                                    },
                                                    {
                                                        "Worker Number": 2,
                                                        "Actual Startup Time": 41.177,
                                                        "Actual Total Time": 45.173,
                                                        "Actual Rows": 32053,
                                                        "Actual Loops": 1
                                                    },
                                                    {
                                                        "Worker Number": 3,
                                                        "Actual Startup Time": 41.088,
                                                        "Actual Total Time": 45.368,
                                                        "Actual Rows": 32053,
                                                        "Actual Loops": 1
                                                    },
                                                    {
                                                        "Worker Number": 4,
                                                        "Actual Startup Time": 42.023,
                                                        "Actual Total Time": 46.091,
                                                        "Actual Rows": 32053,
                                                        "Actual Loops": 1
                                                    }
                                                ],
                                                "Plans": [
                                                    {
                                                        "Node Type": "Index Scan",
                                                        "Parent Relationship": "Outer",
                                                        "Parallel Aware": false,
                                                        "Scan Direction": "Forward",
                                                        "Index Name": "info_type_id_movie_info",
                                                        "Relation Name": "movie_info",
                                                        "Schema": "public",
                                                        "Alias": "mi",
                                                        "Startup Cost": 0.43,
                                                        "Total Cost": 84696.81,
                                                        "Plan Rows": 22928,
                                                        "Plan Width": 4,
                                                        "Actual Startup Time": 0.254,
                                                        "Actual Total Time": 28.659,
                                                        "Actual Rows": 32053,
                                                        "Actual Loops": 6,
                                                        "Output": [
                                                            "mi.movie_id"
                                                        ],
                                                        "Index Cond": "(mi.info_type_id > 108)",
                                                        "Rows Removed by Index Recheck": 0,
                                                        "Workers": [
                                                            {
                                                                "Worker Number": 0,
                                                                "Actual Startup Time": 0.289,
                                                                "Actual Total Time": 29.516,
                                                                "Actual Rows": 32053,
                                                                "Actual Loops": 1
                                                            },
                                                            {
                                                                "Worker Number": 1,
                                                                "Actual Startup Time": 0.27,
                                                                "Actual Total Time": 29.872,
                                                                "Actual Rows": 32053,
                                                                "Actual Loops": 1
                                                            },
                                                            {
                                                                "Worker Number": 2,
                                                                "Actual Startup Time": 0.254,
                                                                "Actual Total Time": 30.088,
                                                                "Actual Rows": 32053,
                                                                "Actual Loops": 1
                                                            },
                                                            {
                                                                "Worker Number": 3,
                                                                "Actual Startup Time": 0.287,
                                                                "Actual Total Time": 30.051,
                                                                "Actual Rows": 32053,
                                                                "Actual Loops": 1
                                                            },
                                                            {
                                                                "Worker Number": 4,
                                                                "Actual Startup Time": 0.329,
                                                                "Actual Total Time": 31.056,
                                                                "Actual Rows": 32053,
                                                                "Actual Loops": 1
                                                            }
                                                        ]
                                                    }
                                                ]
                                            }
                                        ]
                                    },
                                    {
                                        "Node Type": "Index Only Scan",
                                        "Parent Relationship": "Inner",
                                        "Parallel Aware": false,
                                        "Scan Direction": "Forward",
                                        "Index Name": "movie_id_movie_companies",
                                        "Relation Name": "movie_companies",
                                        "Schema": "public",
                                        "Alias": "mc",
                                        "Startup Cost": 0.43,
                                        "Total Cost": 0.56,
                                        "Plan Rows": 5,
                                        "Plan Width": 4,
                                        "Actual Startup Time": 0.004,
                                        "Actual Total Time": 0.007,
                                        "Actual Rows": 20,
                                        "Actual Loops": 32053,
                                        "Output": [
                                            "mc.movie_id"
                                        ],
                                        "Index Cond": "(mc.movie_id = t.id)",
                                        "Rows Removed by Index Recheck": 0,
                                        "Heap Fetches": 636792,
                                        "Workers": [
                                            {
                                                "Worker Number": 0,
                                                "Actual Startup Time": 0.004,
                                                "Actual Total Time": 0.007,
                                                "Actual Rows": 19,
                                                "Actual Loops": 5395
                                            },
                                            {
                                                "Worker Number": 1,
                                                "Actual Startup Time": 0.004,
                                                "Actual Total Time": 0.007,
                                                "Actual Rows": 20,
                                                "Actual Loops": 5456
                                            },
                                            {
                                                "Worker Number": 2,
                                                "Actual Startup Time": 0.004,
                                                "Actual Total Time": 0.007,
                                                "Actual Rows": 21,
                                                "Actual Loops": 5942
                                            },
                                            {
                                                "Worker Number": 3,
                                                "Actual Startup Time": 0.004,
                                                "Actual Total Time": 0.008,
                                                "Actual Rows": 18,
                                                "Actual Loops": 4649
                                            },
                                            {
                                                "Worker Number": 4,
                                                "Actual Startup Time": 0.004,
                                                "Actual Total Time": 0.007,
                                                "Actual Rows": 20,
                                                "Actual Loops": 5789
                                            }
                                        ]
                                    }
                                ]
                            }
                        ]
                    }
                ]
            }
        ]
    },
    "Planning Time": 1.656,
    "Triggers": [],
    "Execution Time": 439.234
}