[
    {
        "Bao": {
            "Bao prediction": "NaN",
            "Bao recommended hint": "(no hint)"
        }
    },
    {
        "Plan": {
            "Node Type": "Aggregate",
            "Strategy": "Plain",
            "Partial Mode": "Finalize",
            "Parallel Aware": false,
            "Startup Cost": 371950.07,
            "Total Cost": 371950.08,
            "Plan Rows": 1,
            "Plan Width": 8,
            "Actual Startup Time": 286.742,
            "Actual Total Time": 303.009,
            "Actual Rows": 1,
            "Actual Loops": 1,
            "Output": [
                "count(*)"
            ],
            "Plans": [
                {
                    "Node Type": "Gather",
                    "Parent Relationship": "Outer",
                    "Parallel Aware": false,
                    "Startup Cost": 371949.55,
                    "Total Cost": 371950.06,
                    "Plan Rows": 5,
                    "Plan Width": 8,
                    "Actual Startup Time": 284.311,
                    "Actual Total Time": 303.0,
                    "Actual Rows": 6,
                    "Actual Loops": 1,
                    "Output": [
                        "(PARTIAL count(*))"
                    ],
                    "Workers Planned": 5,
                    "Workers Launched": 5,
                    "Single Copy": false,
                    "Plans": [
                        {
                            "Node Type": "Aggregate",
                            "Strategy": "Plain",
                            "Partial Mode": "Partial",
                            "Parent Relationship": "Outer",
                            "Parallel Aware": false,
                            "Startup Cost": 370949.55,
                            "Total Cost": 370949.56,
                            "Plan Rows": 1,
                            "Plan Width": 8,
                            "Actual Startup Time": 274.309,
                            "Actual Total Time": 274.314,
                            "Actual Rows": 1,
                            "Actual Loops": 6,
                            "Output": [
                                "PARTIAL count(*)"
                            ],
                            "Workers": [
                                {
                                    "Worker Number": 0,
                                    "Actual Startup Time": 271.919,
                                    "Actual Total Time": 271.923,
                                    "Actual Rows": 1,
                                    "Actual Loops": 1
                                },
                                {
                                    "Worker Number": 1,
                                    "Actual Startup Time": 272.148,
                                    "Actual Total Time": 272.153,
                                    "Actual Rows": 1,
                                    "Actual Loops": 1
                                },
                                {
                                    "Worker Number": 2,
                                    "Actual Startup Time": 272.072,
                                    "Actual Total Time": 272.076,
                                    "Actual Rows": 1,
                                    "Actual Loops": 1
                                },
                                {
                                    "Worker Number": 3,
                                    "Actual Startup Time": 272.851,
                                    "Actual Total Time": 272.855,
                                    "Actual Rows": 1,
                                    "Actual Loops": 1
                                },
                                {
                                    "Worker Number": 4,
                                    "Actual Startup Time": 272.908,
                                    "Actual Total Time": 272.913,
                                    "Actual Rows": 1,
                                    "Actual Loops": 1
                                }
                            ],
                            "Plans": [
                                {
                                    "Node Type": "Nested Loop",
                                    "Parent Relationship": "Outer",
                                    "Parallel Aware": false,
                                    "Join Type": "Inner",
                                    "Startup Cost": 74528.87,
                                    "Total Cost": 369250.72,
                                    "Plan Rows": 679530,
                                    "Plan Width": 0,
                                    "Actual Startup Time": 149.125,
                                    "Actual Total Time": 272.596,
                                    "Actual Rows": 15561,
                                    "Actual Loops": 6,
                                    "Inner Unique": false,
                                    "Join Filter": "(t.id = ci.movie_id)",
                                    "Rows Removed by Join Filter": 0,
                                    "Workers": [
                                        {
                                            "Worker Number": 0,
                                            "Actual Startup Time": 146.507,
                                            "Actual Total Time": 270.276,
                                            "Actual Rows": 9878,
                                            "Actual Loops": 1
                                        },
                                        {
                                            "Worker Number": 1,
                                            "Actual Startup Time": 146.57,
                                            "Actual Total Time": 270.462,
                                            "Actual Rows": 8961,
                                            "Actual Loops": 1
                                        },
                                        {
                                            "Worker Number": 2,
                                            "Actual Startup Time": 147.155,
                                            "Actual Total Time": 270.304,
                                            "Actual Rows": 11744,
                                            "Actual Loops": 1
                                        },
                                        {
                                            "Worker Number": 3,
                                            "Actual Startup Time": 147.918,
                                            "Actual Total Time": 270.79,
                                            "Actual Rows": 12213,
                                            "Actual Loops": 1
                                        },
                                        {
                                            "Worker Number": 4,
                                            "Actual Startup Time": 147.917,
                                            "Actual Total Time": 271.37,
                                            "Actual Rows": 10328,
                                            "Actual Loops": 1
                                        }
                                    ],
                                    "Plans": [
                                        {
                                            "Node Type": "Hash Join",
                                            "Parent Relationship": "Outer",
                                            "Parallel Aware": true,
                                            "Join Type": "Inner",
                                            "Startup Cost": 74528.3,
                                            "Total Cost": 241163.25,
                                            "Plan Rows": 47391,
                                            "Plan Width": 8,
                                            "Actual Startup Time": 148.926,
                                            "Actual Total Time": 225.095,
                                            "Actual Rows": 714,
                                            "Actual Loops": 6,
                                            "Output": [
                                                "t.id",
                                                "mi.movie_id"
                                            ],
                                            "Inner Unique": true,
                                            "Hash Cond": "(mi.movie_id = t.id)",
                                            "Workers": [
                                                {
                                                    "Worker Number": 0,
                                                    "Actual Startup Time": 146.255,
                                                    "Actual Total Time": 224.494,
                                                    "Actual Rows": 518,
                                                    "Actual Loops": 1
                                                },
                                                {
                                                    "Worker Number": 1,
                                                    "Actual Startup Time": 146.357,
                                                    "Actual Total Time": 219.411,
                                                    "Actual Rows": 478,
                                                    "Actual Loops": 1
                                                },
                                                {
                                                    "Worker Number": 2,
                                                    "Actual Startup Time": 146.853,
                                                    "Actual Total Time": 219.131,
                                                    "Actual Rows": 539,
                                                    "Actual Loops": 1
                                                },
                                                {
                                                    "Worker Number": 3,
                                                    "Actual Startup Time": 147.713,
                                                    "Actual Total Time": 215.67,
                                                    "Actual Rows": 491,
                                                    "Actual Loops": 1
                                                },
                                                {
                                                    "Worker Number": 4,
                                                    "Actual Startup Time": 147.72,
                                                    "Actual Total Time": 225.242,
                                                    "Actual Rows": 420,
                                                    "Actual Loops": 1
                                                }
                                            ],
                                            "Plans": [
                                                {
                                                    "Node Type": "Bitmap Heap Scan",
                                                    "Parent Relationship": "Outer",
                                                    "Parallel Aware": true,
                                                    "Relation Name": "movie_info",
                                                    "Schema": "public",
                                                    "Alias": "mi",
                                                    "Startup Cost": 27829.04,
                                                    "Total Cost": 193658.37,
                                                    "Plan Rows": 306906,
                                                    "Plan Width": 4,
                                                    "Actual Startup Time": 49.564,
                                                    "Actual Total Time": 84.859,
                                                    "Actual Rows": 255652,
                                                    "Actual Loops": 6,
                                                    "Output": [
                                                        "mi.id",
                                                        "mi.movie_id",
                                                        "mi.info_type_id",
                                                        "mi.info",
                                                        "mi.note"
                                                    ],
                                                    "Recheck Cond": "(mi.info_type_id = 3)",
                                                    "Rows Removed by Index Recheck": 0,
                                                    "Exact Heap Blocks": 2371,
                                                    "Lossy Heap Blocks": 0,
                                                    "Workers": [
                                                        {
                                                            "Worker Number": 0,
                                                            "Actual Startup Time": 49.525,
                                                            "Actual Total Time": 86.849,
                                                            "Actual Rows": 207105,
                                                            "Actual Loops": 1
                                                        },
                                                        {
                                                            "Worker Number": 1,
                                                            "Actual Startup Time": 49.431,
                                                            "Actual Total Time": 84.99,
                                                            "Actual Rows": 194910,
                                                            "Actual Loops": 1
                                                        },
                                                        {
                                                            "Worker Number": 2,
                                                            "Actual Startup Time": 49.694,
                                                            "Actual Total Time": 83.093,
                                                            "Actual Rows": 278407,
                                                            "Actual Loops": 1
                                                        },
                                                        {
                                                            "Worker Number": 3,
                                                            "Actual Startup Time": 49.659,
                                                            "Actual Total Time": 83.297,
                                                            "Actual Rows": 183722,
                                                            "Actual Loops": 1
                                                        },
                                                        {
                                                            "Worker Number": 4,
                                                            "Actual Startup Time": 49.607,
                                                            "Actual Total Time": 85.749,
                                                            "Actual Rows": 297555,
                                                            "Actual Loops": 1
                                                        }
                                                    ],
                                                    "Plans": [
                                                        {
                                                            "Node Type": "Bitmap Index Scan",
                                                            "Parent Relationship": "Outer",
                                                            "Parallel Aware": false,
                                                            "Index Name": "info_type_id_movie_info",
                                                            "Startup Cost": 0.0,
                                                            "Total Cost": 27445.41,
                                                            "Plan Rows": 1534530,
                                                            "Plan Width": 0,
                                                            "Actual Startup Time": 48.081,
                                                            "Actual Total Time": 48.082,
                                                            "Actual Rows": 1533909,
                                                            "Actual Loops": 1,
                                                            "Index Cond": "(mi.info_type_id = 3)"
                                                        }
                                                    ]
                                                },
                                                {
                                                    "Node Type": "Hash",
                                                    "Parent Relationship": "Inner",
                                                    "Parallel Aware": true,
                                                    "Startup Cost": 45479.21,
                                                    "Total Cost": 45479.21,
                                                    "Plan Rows": 97604,
                                                    "Plan Width": 4,
                                                    "Actual Startup Time": 97.214,
                                                    "Actual Total Time": 97.215,
                                                    "Actual Rows": 46225,
                                                    "Actual Loops": 6,
                                                    "Output": [
                                                        "t.id"
                                                    ],
                                                    "Hash Buckets": 524288,
                                                    "Original Hash Buckets": 524288,
                                                    "Hash Batches": 1,
                                                    "Original Hash Batches": 1,
                                                    "Peak Memory Usage": 15040,
                                                    "Workers": [
                                                        {
                                                            "Worker Number": 0,
                                                            "Actual Startup Time": 95.876,
                                                            "Actual Total Time": 95.877,
                                                            "Actual Rows": 34633,
                                                            "Actual Loops": 1
                                                        },
                                                        {
                                                            "Worker Number": 1,
                                                            "Actual Startup Time": 96.099,
                                                            "Actual Total Time": 96.1,
                                                            "Actual Rows": 35299,
                                                            "Actual Loops": 1
                                                        },
                                                        {
                                                            "Worker Number": 2,
                                                            "Actual Startup Time": 95.983,
                                                            "Actual Total Time": 95.984,
                                                            "Actual Rows": 43176,
                                                            "Actual Loops": 1
                                                        },
                                                        {
                                                            "Worker Number": 3,
                                                            "Actual Startup Time": 96.555,
                                                            "Actual Total Time": 96.556,
                                                            "Actual Rows": 33070,
                                                            "Actual Loops": 1
                                                        },
                                                        {
                                                            "Worker Number": 4,
                                                            "Actual Startup Time": 96.88,
                                                            "Actual Total Time": 96.881,
                                                            "Actual Rows": 47773,
                                                            "Actual Loops": 1
                                                        }
                                                    ],
                                                    "Plans": [
                                                        {
                                                            "Node Type": "Seq Scan",
                                                            "Parent Relationship": "Outer",
                                                            "Parallel Aware": true,
                                                            "Relation Name": "title",
                                                            "Schema": "public",
                                                            "Alias": "t",
                                                            "Startup Cost": 0.0,
                                                            "Total Cost": 45479.21,
                                                            "Plan Rows": 97604,
                                                            "Plan Width": 4,
                                                            "Actual Startup Time": 0.04,
                                                            "Actual Total Time": 76.824,
                                                            "Actual Rows": 46225,
                                                            "Actual Loops": 6,
                                                            "Output": [
                                                                "t.id"
                                                            ],
                                                            "Filter": "((t.production_year < 1988) AND (t.kind_id = 7))",
                                                            "Rows Removed by Filter": 375160,
                                                            "Workers": [
                                                                {
                                                                    "Worker Number": 0,
                                                                    "Actual Startup Time": 0.039,
                                                                    "Actual Total Time": 77.057,
                                                                    "Actual Rows": 34633,
                                                                    "Actual Loops": 1
                                                                },
                                                                {
                                                                    "Worker Number": 1,
                                                                    "Actual Startup Time": 0.039,
                                                                    "Actual Total Time": 78.019,
                                                                    "Actual Rows": 35299,
                                                                    "Actual Loops": 1
                                                                },
                                                                {
                                                                    "Worker Number": 2,
                                                                    "Actual Startup Time": 0.065,
                                                                    "Actual Total Time": 76.64,
                                                                    "Actual Rows": 43176,
                                                                    "Actual Loops": 1
                                                                },
                                                                {
                                                                    "Worker Number": 3,
                                                                    "Actual Startup Time": 0.04,
                                                                    "Actual Total Time": 76.489,
                                                                    "Actual Rows": 33070,
                                                                    "Actual Loops": 1
                                                                },
                                                                {
                                                                    "Worker Number": 4,
                                                                    "Actual Startup Time": 0.047,
                                                                    "Actual Total Time": 76.391,
                                                                    "Actual Rows": 47773,
                                                                    "Actual Loops": 1
                                                                }
                                                            ]
                                                        }
                                                    ]
                                                }
                                            ]
                                        },
                                        {
                                            "Node Type": "Index Only Scan",
                                            "Parent Relationship": "Inner",
                                            "Parallel Aware": false,
                                            "Scan Direction": "Forward",
                                            "Index Name": "movie_id_cast_info",
                                            "Relation Name": "cast_info",
                                            "Schema": "public",
                                            "Alias": "ci",
                                            "Startup Cost": 0.56,
                                            "Total Cost": 2.23,
                                            "Plan Rows": 38,
                                            "Plan Width": 4,
                                            "Actual Startup Time": 0.01,
                                            "Actual Total Time": 0.062,
                                            "Actual Rows": 22,
                                            "Actual Loops": 4282,
                                            "Output": [
                                                "ci.movie_id"
                                            ],
                                            "Index Cond": "(ci.movie_id = mi.movie_id)",
                                            "Rows Removed by Index Recheck": 0,
                                            "Heap Fetches": 93366,
                                            "Workers": [
                                                {
                                                    "Worker Number": 0,
                                                    "Actual Startup Time": 0.014,
                                                    "Actual Total Time": 0.083,
                                                    "Actual Rows": 19,
                                                    "Actual Loops": 518
                                                },
                                                {
                                                    "Worker Number": 1,
                                                    "Actual Startup Time": 0.017,
                                                    "Actual Total Time": 0.1,
                                                    "Actual Rows": 19,
                                                    "Actual Loops": 478
                                                },
                                                {
                                                    "Worker Number": 2,
                                                    "Actual Startup Time": 0.012,
                                                    "Actual Total Time": 0.089,
                                                    "Actual Rows": 22,
                                                    "Actual Loops": 539
                                                },
                                                {
                                                    "Worker Number": 3,
                                                    "Actual Startup Time": 0.014,
                                                    "Actual Total Time": 0.105,
                                                    "Actual Rows": 25,
                                                    "Actual Loops": 491
                                                },
                                                {
                                                    "Worker Number": 4,
                                                    "Actual Startup Time": 0.015,
                                                    "Actual Total Time": 0.103,
                                                    "Actual Rows": 25,
                                                    "Actual Loops": 420
                                                }
                                            ]
                                        }
                                    ]
                                }
                            ]
                        }
                    ]
                }
            ]
        },
        "Planning Time": 219.771,
        "Triggers": [],
        "Execution Time": 303.086
    }
]