[
  {
    "Plan": {
      "Node Type": "Aggregate",
      "Strategy": "Plain",
      "Partial Mode": "Simple",
      "Parallel Aware": false,
      "Startup Cost": 26900.46,
      "Total Cost": 26900.47,
      "Plan Rows": 1,
      "Plan Width": 8,
      "Actual Startup Time": 27.551,
      "Actual Total Time": 27.552,
      "Actual Rows": 1,
      "Actual Loops": 1,
      "Plans": [
        {
          "Node Type": "Bitmap Heap Scan",
          "Parent Relationship": "Outer",
          "Parallel Aware": false,
          "Relation Name": "movie_keyword",
          "Alias": "mk",
          "Startup Cost": 824.65,
          "Total Cost": 26803.61,
          "Plan Rows": 38738,
          "Plan Width": 0,
          "Actual Startup Time": 5.12,
          "Actual Total Time": 25.348,
          "Actual Rows": 40953,
          "Actual Loops": 1,
          "Recheck Cond": "(keyword_id > 104125)",
          "Rows Removed by Index Recheck": 0,
          "Exact Heap Blocks": 10727,
          "Lossy Heap Blocks": 0,
          "Plans": [
            {
              "Node Type": "Bitmap Index Scan",
              "Parent Relationship": "Outer",
              "Parallel Aware": false,
              "Index Name": "keyword_id_movie_keyword",
              "Startup Cost": 0.0,
              "Total Cost": 814.97,
              "Plan Rows": 38738,
              "Plan Width": 0,
              "Actual Startup Time": 3.066,
              "Actual Total Time": 3.067,
              "Actual Rows": 40953,
              "Actual Loops": 1,
              "Index Cond": "(keyword_id > 104125)"
            }
          ]
        }
      ]
    },
    "Planning Time": 0.296,
    "Triggers": [],
    "Execution Time": 27.594
  }
]