[
  {
    "Plan": {
      "Node Type": "Aggregate",
      "Strategy": "Plain",
      "Partial Mode": "Finalize",
      "Parallel Aware": false,
      "Startup Cost": 295678.81,
      "Total Cost": 295678.82,
      "Plan Rows": 1,
      "Plan Width": 8,
      "Actual Startup Time": 130.489,
      "Actual Total Time": 142.297,
      "Actual Rows": 1,
      "Actual Loops": 1,
      "Plans": [
        {
          "Node Type": "Gather",
          "Parent Relationship": "Outer",
          "Parallel Aware": false,
          "Startup Cost": 295678.29,
          "Total Cost": 295678.8,
          "Plan Rows": 5,
          "Plan Width": 8,
          "Actual Startup Time": 129.365,
          "Actual Total Time": 142.289,
          "Actual Rows": 6,
          "Actual Loops": 1,
          "Workers Planned": 5,
          "Workers Launched": 5,
          "Single Copy": false,
          "Plans": [
            {
              "Node Type": "Aggregate",
              "Strategy": "Plain",
              "Partial Mode": "Partial",
              "Parent Relationship": "Outer",
              "Parallel Aware": false,
              "Startup Cost": 294678.29,
              "Total Cost": 294678.3,
              "Plan Rows": 1,
              "Plan Width": 8,
              "Actual Startup Time": 118.951,
              "Actual Total Time": 118.954,
              "Actual Rows": 1,
              "Actual Loops": 6,
              "Plans": [
                {
                  "Node Type": "Hash Join",
                  "Parent Relationship": "Outer",
                  "Parallel Aware": true,
                  "Join Type": "Inner",
                  "Startup Cost": 48420.24,
                  "Total Cost": 294674.11,
                  "Plan Rows": 1670,
                  "Plan Width": 0,
                  "Actual Startup Time": 103.339,
                  "Actual Total Time": 118.812,
                  "Actual Rows": 1541,
                  "Actual Loops": 6,
                  "Inner Unique": true,
                  "Hash Cond": "(ci.movie_id = t.id)",
                  "Plans": [
                    {
                      "Node Type": "Bitmap Heap Scan",
                      "Parent Relationship": "Outer",
                      "Parallel Aware": true,
                      "Relation Name": "cast_info",
                      "Alias": "ci",
                      "Startup Cost": 4171.83,
                      "Total Cost": 250326.59,
                      "Plan Rows": 37762,
                      "Plan Width": 4,
                      "Actual Startup Time": 9.245,
                      "Actual Total Time": 16.603,
                      "Actual Rows": 32693,
                      "Actual Loops": 6,
                      "Recheck Cond": "(person_id > 4027889)",
                      "Rows Removed by Index Recheck": 0,
                      "Exact Heap Blocks": 408,
                      "Lossy Heap Blocks": 0,
                      "Plans": [
                        {
                          "Node Type": "Bitmap Index Scan",
                          "Parent Relationship": "Outer",
                          "Parallel Aware": false,
                          "Index Name": "person_id_cast_info",
                          "Startup Cost": 0.0,
                          "Total Cost": 4124.63,
                          "Plan Rows": 188809,
                          "Plan Width": 0,
                          "Actual Startup Time": 8.761,
                          "Actual Total Time": 8.761,
                          "Actual Rows": 196160,
                          "Actual Loops": 1,
                          "Index Cond": "(person_id > 4027889)"
                        }
                      ]
                    },
                    {
                      "Node Type": "Hash",
                      "Parent Relationship": "Inner",
                      "Parallel Aware": true,
                      "Startup Cost": 43898.92,
                      "Total Cost": 43898.92,
                      "Plan Rows": 27959,
                      "Plan Width": 4,
                      "Actual Startup Time": 92.554,
                      "Actual Total Time": 92.555,
                      "Actual Rows": 18072,
                      "Actual Loops": 6,
                      "Hash Buckets": 131072,
                      "Original Hash Buckets": 131072,
                      "Hash Batches": 1,
                      "Original Hash Batches": 1,
                      "Peak Memory Usage": 5344,
                      "Plans": [
                        {
                          "Node Type": "Seq Scan",
                          "Parent Relationship": "Outer",
                          "Parallel Aware": true,
                          "Relation Name": "title",
                          "Alias": "t",
                          "Startup Cost": 0.0,
                          "Total Cost": 43898.92,
                          "Plan Rows": 27959,
                          "Plan Width": 4,
                          "Actual Startup Time": 0.05,
                          "Actual Total Time": 82.987,
                          "Actual Rows": 18072,
                          "Actual Loops": 6,
                          "Filter": "(production_year = 2006)",
                          "Rows Removed by Filter": 403314
                        }
                      ]
                    }
                  ]
                }
              ]
            }
          ]
        }
      ]
    },
    "Planning Time": 0.76,
    "Triggers": [],
    "Execution Time": 142.397
  }
]