{
  "Plan": {
    "Node Type": "Aggregate",
    "Strategy": "Plain",
    "Partial Mode": "Finalize",
    "Parallel Aware": false,
    "Startup Cost": 119960.2,
    "Total Cost": 119960.21,
    "Plan Rows": 1,
    "Plan Width": 8,
    "Actual Startup Time": 440.375,
    "Actual Total Time": 452.291,
    "Actual Rows": 1,
    "Actual Loops": 1,
    "Plans": [
      {
        "Node Type": "Gather",
        "Parent Relationship": "Outer",
        "Parallel Aware": false,
        "Startup Cost": 119960.08,
        "Total Cost": 119960.19,
        "Plan Rows": 1,
        "Plan Width": 8,
        "Actual Startup Time": 438.898,
        "Actual Total Time": 452.28,
        "Actual Rows": 2,
        "Actual Loops": 1,
        "Workers Planned": 1,
        "Workers Launched": 1,
        "Single Copy": false,
        "Plans": [
          {
            "Node Type": "Aggregate",
            "Strategy": "Plain",
            "Partial Mode": "Partial",
            "Parent Relationship": "Outer",
            "Parallel Aware": false,
            "Startup Cost": 118960.08,
            "Total Cost": 118960.09,
            "Plan Rows": 1,
            "Plan Width": 8,
            "Actual Startup Time": 436.175,
            "Actual Total Time": 436.178,
            "Actual Rows": 1,
            "Actual Loops": 2,
            "Plans": [
              {
                "Node Type": "Hash Join",
                "Parent Relationship": "Outer",
                "Parallel Aware": true,
                "Join Type": "Inner",
                "Startup Cost": 63531.12,
                "Total Cost": 118886.36,
                "Plan Rows": 29489,
                "Plan Width": 0,
                "Actual Startup Time": 268.414,
                "Actual Total Time": 434.629,
                "Actual Rows": 26148,
                "Actual Loops": 2,
                "Inner Unique": true,
                "Hash Cond": "(ci.movie_id = t.id)",
                "Plans": [
                  {
                    "Node Type": "Index Scan",
                    "Parent Relationship": "Outer",
                    "Parallel Aware": true,
                    "Scan Direction": "Forward",
                    "Index Name": "role_id_cast_info",
                    "Relation Name": "cast_info",
                    "Alias": "ci",
                    "Startup Cost": 0.56,
                    "Total Cost": 55080.34,
                    "Plan Rows": 104939,
                    "Plan Width": 4,
                    "Actual Startup Time": 0.164,
                    "Actual Total Time": 124.628,
                    "Actual Rows": 112669,
                    "Actual Loops": 2,
                    "Index Cond": "(role_id = 8)",
                    "Rows Removed by Index Recheck": 0,
                    "Filter": "(person_id > 3405747)",
                    "Rows Removed by Filter": 739102
                  },
                  {
                    "Node Type": "Hash",
                    "Parent Relationship": "Inner",
                    "Parallel Aware": true,
                    "Startup Cost": 58306.47,
                    "Total Cost": 58306.47,
                    "Plan Rows": 417927,
                    "Plan Width": 4,
                    "Actual Startup Time": 262.675,
                    "Actual Total Time": 262.677,
                    "Actual Rows": 302285,
                    "Actual Loops": 2,
                    "Hash Buckets": 1048576,
                    "Original Hash Buckets": 1048576,
                    "Hash Batches": 1,
                    "Original Hash Batches": 1,
                    "Peak Memory Usage": 31872,
                    "Plans": [
                      {
                        "Node Type": "Seq Scan",
                        "Parent Relationship": "Outer",
                        "Parallel Aware": true,
                        "Relation Name": "title",
                        "Alias": "t",
                        "Startup Cost": 0.0,
                        "Total Cost": 58306.47,
                        "Plan Rows": 417927,
                        "Plan Width": 4,
                        "Actual Startup Time": 0.018,
                        "Actual Total Time": 172.526,
                        "Actual Rows": 302285,
                        "Actual Loops": 2,
                        "Filter": "((kind_id > 1) AND (production_year < 1999))",
                        "Rows Removed by Filter": 961871
                      }
                    ]
                  }
                ]
              }
            ]
          }
        ]
      }
    ]
  },
  "Planning Time": 0.373,
  "Triggers": [],
  "Execution Time": 452.336
}