[
  {
    "Plan": {
      "Node Type": "Aggregate",
      "Strategy": "Plain",
      "Partial Mode": "Finalize",
      "Parallel Aware": false,
      "Startup Cost": 250421.18,
      "Total Cost": 250421.19,
      "Plan Rows": 1,
      "Plan Width": 8,
      "Actual Startup Time": 636.523,
      "Actual Total Time": 679.879,
      "Actual Rows": 1,
      "Actual Loops": 1,
      "Plans": [
        {
          "Node Type": "Gather",
          "Parent Relationship": "Outer",
          "Parallel Aware": false,
          "Startup Cost": 250420.66,
          "Total Cost": 250421.17,
          "Plan Rows": 5,
          "Plan Width": 8,
          "Actual Startup Time": 635.663,
          "Actual Total Time": 679.868,
          "Actual Rows": 6,
          "Actual Loops": 1,
          "Workers Planned": 5,
          "Workers Launched": 5,
          "Single Copy": false,
          "Plans": [
            {
              "Node Type": "Aggregate",
              "Strategy": "Plain",
              "Partial Mode": "Partial",
              "Parent Relationship": "Outer",
              "Parallel Aware": false,
              "Startup Cost": 249420.66,
              "Total Cost": 249420.67,
              "Plan Rows": 1,
              "Plan Width": 8,
              "Actual Startup Time": 626.028,
              "Actual Total Time": 626.031,
              "Actual Rows": 1,
              "Actual Loops": 6,
              "Plans": [
                {
                  "Node Type": "Hash Join",
                  "Parent Relationship": "Outer",
                  "Parallel Aware": true,
                  "Join Type": "Inner",
                  "Startup Cost": 44305.13,
                  "Total Cost": 249132.96,
                  "Plan Rows": 115082,
                  "Plan Width": 0,
                  "Actual Startup Time": 91.871,
                  "Actual Total Time": 618.18,
                  "Actual Rows": 179618,
                  "Actual Loops": 6,
                  "Inner Unique": true,
                  "Hash Cond": "(mi.movie_id = t.id)",
                  "Plans": [
                    {
                      "Node Type": "Seq Scan",
                      "Parent Relationship": "Outer",
                      "Parallel Aware": true,
                      "Relation Name": "movie_info",
                      "Alias": "mi",
                      "Startup Cost": 0.0,
                      "Total Cost": 198952.16,
                      "Plan Rows": 2238345,
                      "Plan Width": 4,
                      "Actual Startup Time": 0.025,
                      "Actual Total Time": 319.727,
                      "Actual Rows": 1868457,
                      "Actual Loops": 6,
                      "Filter": "(info_type_id > 3)",
                      "Rows Removed by Filter": 604163
                    },
                    {
                      "Node Type": "Hash",
                      "Parent Relationship": "Inner",
                      "Parallel Aware": true,
                      "Startup Cost": 43898.92,
                      "Total Cost": 43898.92,
                      "Plan Rows": 32497,
                      "Plan Width": 4,
                      "Actual Startup Time": 80.71,
                      "Actual Total Time": 80.71,
                      "Actual Rows": 21721,
                      "Actual Loops": 6,
                      "Hash Buckets": 131072,
                      "Original Hash Buckets": 131072,
                      "Hash Batches": 1,
                      "Original Hash Batches": 1,
                      "Peak Memory Usage": 6240,
                      "Plans": [
                        {
                          "Node Type": "Seq Scan",
                          "Parent Relationship": "Outer",
                          "Parallel Aware": true,
                          "Relation Name": "title",
                          "Alias": "t",
                          "Startup Cost": 0.0,
                          "Total Cost": 43898.92,
                          "Plan Rows": 32497,
                          "Plan Width": 4,
                          "Actual Startup Time": 43.299,
                          "Actual Total Time": 74.671,
                          "Actual Rows": 21721,
                          "Actual Loops": 6,
                          "Filter": "(production_year < 1936)",
                          "Rows Removed by Filter": 399664
                        }
                      ]
                    }
                  ]
                }
              ]
            }
          ]
        }
      ]
    },
    "Planning Time": 0.593,
    "Triggers": [],
    "Execution Time": 679.957
  }
]