[
    {
        "Bao": {
            "Bao prediction": "NaN",
            "Bao recommended hint": "(no hint)"
        }
    },
    {
        "Plan": {
            "Node Type": "Aggregate",
            "Strategy": "Plain",
            "Partial Mode": "Simple",
            "Parallel Aware": false,
            "Startup Cost": 22133.67,
            "Total Cost": 22133.68,
            "Plan Rows": 1,
            "Plan Width": 8,
            "Actual Startup Time": 30.598,
            "Actual Total Time": 30.599,
            "Actual Rows": 1,
            "Actual Loops": 1,
            "Output": [
                "count(*)"
            ],
            "Plans": [
                {
                    "Node Type": "Bitmap Heap Scan",
                    "Parent Relationship": "Outer",
                    "Parallel Aware": false,
                    "Relation Name": "movie_companies",
                    "Schema": "public",
                    "Alias": "mc",
                    "Startup Cost": 1906.16,
                    "Total Cost": 22021.09,
                    "Plan Rows": 45033,
                    "Plan Width": 0,
                    "Actual Startup Time": 4.829,
                    "Actual Total Time": 25.9,
                    "Actual Rows": 90267,
                    "Actual Loops": 1,
                    "Recheck Cond": "(mc.company_id > 163529)",
                    "Rows Removed by Index Recheck": 0,
                    "Filter": "(mc.company_type_id > 1)",
                    "Rows Removed by Filter": 0,
                    "Exact Heap Blocks": 2949,
                    "Lossy Heap Blocks": 0,
                    "Plans": [
                        {
                            "Node Type": "Bitmap Index Scan",
                            "Parent Relationship": "Outer",
                            "Parallel Aware": false,
                            "Index Name": "company_id_movie_companies",
                            "Startup Cost": 0.0,
                            "Total Cost": 1894.9,
                            "Plan Rows": 88329,
                            "Plan Width": 0,
                            "Actual Startup Time": 4.431,
                            "Actual Total Time": 4.431,
                            "Actual Rows": 90267,
                            "Actual Loops": 1,
                            "Index Cond": "(mc.company_id > 163529)"
                        }
                    ]
                }
            ]
        },
        "Planning Time": 197.054,
        "Triggers": [],
        "Execution Time": 30.677
    }
]