[
  {
    "Plan": {
      "Node Type": "Aggregate",
      "Strategy": "Plain",
      "Partial Mode": "Finalize",
      "Parallel Aware": false,
      "Startup Cost": 334260.14,
      "Total Cost": 334260.15,
      "Plan Rows": 1,
      "Plan Width": 8,
      "Actual Startup Time": 597.9,
      "Actual Total Time": 618.958,
      "Actual Rows": 1,
      "Actual Loops": 1,
      "Plans": [
        {
          "Node Type": "Gather",
          "Parent Relationship": "Outer",
          "Parallel Aware": false,
          "Startup Cost": 334259.93,
          "Total Cost": 334260.14,
          "Plan Rows": 2,
          "Plan Width": 8,
          "Actual Startup Time": 594.392,
          "Actual Total Time": 618.949,
          "Actual Rows": 3,
          "Actual Loops": 1,
          "Workers Planned": 2,
          "Workers Launched": 2,
          "Single Copy": false,
          "Plans": [
            {
              "Node Type": "Aggregate",
              "Strategy": "Plain",
              "Partial Mode": "Partial",
              "Parent Relationship": "Outer",
              "Parallel Aware": false,
              "Startup Cost": 333259.93,
              "Total Cost": 333259.94,
              "Plan Rows": 1,
              "Plan Width": 8,
              "Actual Startup Time": 589.527,
              "Actual Total Time": 589.531,
              "Actual Rows": 1,
              "Actual Loops": 3,
              "Plans": [
                {
                  "Node Type": "Nested Loop",
                  "Parent Relationship": "Outer",
                  "Parallel Aware": false,
                  "Join Type": "Inner",
                  "Startup Cost": 274960.44,
                  "Total Cost": 333193.98,
                  "Plan Rows": 26379,
                  "Plan Width": 0,
                  "Actual Startup Time": 93.216,
                  "Actual Total Time": 580.576,
                  "Actual Rows": 149162,
                  "Actual Loops": 3,
                  "Inner Unique": true,
                  "Join Filter": "(ci.movie_id = t.id)",
                  "Rows Removed by Join Filter": 0,
                  "Plans": [
                    {
                      "Node Type": "Hash Join",
                      "Parent Relationship": "Outer",
                      "Parallel Aware": true,
                      "Join Type": "Inner",
                      "Startup Cost": 274960.01,
                      "Total Cost": 295242.63,
                      "Plan Rows": 64277,
                      "Plan Width": 8,
                      "Actual Startup Time": 93.13,
                      "Actual Total Time": 226.986,
                      "Actual Rows": 149162,
                      "Actual Loops": 3,
                      "Inner Unique": false,
                      "Hash Cond": "(mi_idx.movie_id = ci.movie_id)",
                      "Plans": [
                        {
                          "Node Type": "Seq Scan",
                          "Parent Relationship": "Outer",
                          "Parallel Aware": true,
                          "Relation Name": "movie_info_idx",
                          "Alias": "mi_idx",
                          "Startup Cost": 0.0,
                          "Total Cost": 13685.15,
                          "Plan Rows": 575015,
                          "Plan Width": 4,
                          "Actual Startup Time": 0.028,
                          "Actual Total Time": 43.224,
                          "Actual Rows": 460012,
                          "Actual Loops": 3
                        },
                        {
                          "Node Type": "Hash",
                          "Parent Relationship": "Inner",
                          "Parallel Aware": true,
                          "Startup Cost": 274670.02,
                          "Total Cost": 274670.02,
                          "Plan Rows": 23199,
                          "Plan Width": 4,
                          "Actual Startup Time": 92.431,
                          "Actual Total Time": 92.432,
                          "Actual Rows": 104110,
                          "Actual Loops": 3,
                          "Hash Buckets": 524288,
                          "Original Hash Buckets": 131072,
                          "Hash Batches": 1,
                          "Original Hash Batches": 1,
                          "Peak Memory Usage": 19456,
                          "Plans": [
                            {
                              "Node Type": "Bitmap Heap Scan",
                              "Parent Relationship": "Outer",
                              "Parallel Aware": true,
                              "Relation Name": "cast_info",
                              "Alias": "ci",
                              "Startup Cost": 7614.71,
                              "Total Cost": 274670.02,
                              "Plan Rows": 23199,
                              "Plan Width": 4,
                              "Actual Startup Time": 13.935,
                              "Actual Total Time": 46.163,
                              "Actual Rows": 104110,
                              "Actual Loops": 3,
                              "Recheck Cond": "(person_id > 4004830)",
                              "Rows Removed by Index Recheck": 0,
                              "Filter": "(role_id > 3)",
                              "Rows Removed by Filter": 0,
                              "Exact Heap Blocks": 2054,
                              "Lossy Heap Blocks": 0,
                              "Plans": [
                                {
                                  "Node Type": "Bitmap Index Scan",
                                  "Parent Relationship": "Outer",
                                  "Parallel Aware": false,
                                  "Index Name": "person_id_cast_info",
                                  "Startup Cost": 0.0,
                                  "Total Cost": 7585.71,
                                  "Plan Rows": 347353,
                                  "Plan Width": 0,
                                  "Actual Startup Time": 17.684,
                                  "Actual Total Time": 17.684,
                                  "Actual Rows": 312331,
                                  "Actual Loops": 1,
                                  "Index Cond": "(person_id > 4004830)"
                                }
                              ]
                            }
                          ]
                        }
                      ]
                    },
                    {
                      "Node Type": "Index Only Scan",
                      "Parent Relationship": "Inner",
                      "Parallel Aware": false,
                      "Scan Direction": "Forward",
                      "Index Name": "title_pkey",
                      "Relation Name": "title",
                      "Alias": "t",
                      "Startup Cost": 0.43,
                      "Total Cost": 0.58,
                      "Plan Rows": 1,
                      "Plan Width": 4,
                      "Actual Startup Time": 0.002,
                      "Actual Total Time": 0.002,
                      "Actual Rows": 1,
                      "Actual Loops": 447487,
                      "Index Cond": "(id = mi_idx.movie_id)",
                      "Rows Removed by Index Recheck": 0,
                      "Heap Fetches": 447487
                    }
                  ]
                }
              ]
            }
          ]
        }
      ]
    },
    "Planning Time": 0.536,
    "Triggers": [],
    "Execution Time": 619.02
  }
]