[
  {
    "Plan": {
      "Node Type": "Aggregate",
      "Strategy": "Plain",
      "Partial Mode": "Finalize",
      "Parallel Aware": false,
      "Startup Cost": 332155.29,
      "Total Cost": 332155.3,
      "Plan Rows": 1,
      "Plan Width": 8,
      "Actual Startup Time": 449.016,
      "Actual Total Time": 480.107,
      "Actual Rows": 1,
      "Actual Loops": 1,
      "Plans": [
        {
          "Node Type": "Gather",
          "Parent Relationship": "Outer",
          "Parallel Aware": false,
          "Startup Cost": 332154.76,
          "Total Cost": 332155.27,
          "Plan Rows": 5,
          "Plan Width": 8,
          "Actual Startup Time": 448.989,
          "Actual Total Time": 480.099,
          "Actual Rows": 6,
          "Actual Loops": 1,
          "Workers Planned": 5,
          "Workers Launched": 5,
          "Single Copy": false,
          "Plans": [
            {
              "Node Type": "Aggregate",
              "Strategy": "Plain",
              "Partial Mode": "Partial",
              "Parent Relationship": "Outer",
              "Parallel Aware": false,
              "Startup Cost": 331154.76,
              "Total Cost": 331154.77,
              "Plan Rows": 1,
              "Plan Width": 8,
              "Actual Startup Time": 437.753,
              "Actual Total Time": 437.755,
              "Actual Rows": 1,
              "Actual Loops": 6,
              "Plans": [
                {
                  "Node Type": "Nested Loop",
                  "Parent Relationship": "Outer",
                  "Parallel Aware": false,
                  "Join Type": "Inner",
                  "Startup Cost": 6947.81,
                  "Total Cost": 331125.32,
                  "Plan Rows": 11779,
                  "Plan Width": 0,
                  "Actual Startup Time": 21.864,
                  "Actual Total Time": 432.672,
                  "Actual Rows": 74581,
                  "Actual Loops": 6,
                  "Inner Unique": false,
                  "Plans": [
                    {
                      "Node Type": "Nested Loop",
                      "Parent Relationship": "Outer",
                      "Parallel Aware": false,
                      "Join Type": "Inner",
                      "Startup Cost": 6947.38,
                      "Total Cost": 319636.09,
                      "Plan Rows": 21579,
                      "Plan Width": 8,
                      "Actual Startup Time": 21.478,
                      "Actual Total Time": 262.963,
                      "Actual Rows": 52055,
                      "Actual Loops": 6,
                      "Inner Unique": true,
                      "Plans": [
                        {
                          "Node Type": "Bitmap Heap Scan",
                          "Parent Relationship": "Outer",
                          "Parallel Aware": true,
                          "Relation Name": "cast_info",
                          "Alias": "ci",
                          "Startup Cost": 6946.95,
                          "Total Cost": 273979.02,
                          "Plan Rows": 21579,
                          "Plan Width": 4,
                          "Actual Startup Time": 21.261,
                          "Actual Total Time": 34.299,
                          "Actual Rows": 52055,
                          "Actual Loops": 6,
                          "Recheck Cond": "(person_id > 4004830)",
                          "Rows Removed by Index Recheck": 0,
                          "Filter": "(role_id > 3)",
                          "Rows Removed by Filter": 0,
                          "Exact Heap Blocks": 728,
                          "Lossy Heap Blocks": 0,
                          "Plans": [
                            {
                              "Node Type": "Bitmap Index Scan",
                              "Parent Relationship": "Outer",
                              "Parallel Aware": false,
                              "Index Name": "person_id_cast_info",
                              "Startup Cost": 0.0,
                              "Total Cost": 6919.98,
                              "Plan Rows": 316722,
                              "Plan Width": 0,
                              "Actual Startup Time": 30.011,
                              "Actual Total Time": 30.011,
                              "Actual Rows": 312331,
                              "Actual Loops": 1,
                              "Index Cond": "(person_id > 4004830)"
                            }
                          ]
                        },
                        {
                          "Node Type": "Index Only Scan",
                          "Parent Relationship": "Inner",
                          "Parallel Aware": false,
                          "Scan Direction": "Forward",
                          "Index Name": "title_pkey",
                          "Relation Name": "title",
                          "Alias": "t",
                          "Startup Cost": 0.43,
                          "Total Cost": 2.12,
                          "Plan Rows": 1,
                          "Plan Width": 4,
                          "Actual Startup Time": 0.004,
                          "Actual Total Time": 0.004,
                          "Actual Rows": 1,
                          "Actual Loops": 312331,
                          "Index Cond": "(id = ci.movie_id)",
                          "Rows Removed by Index Recheck": 0,
                          "Heap Fetches": 312331
                        }
                      ]
                    },
                    {
                      "Node Type": "Index Only Scan",
                      "Parent Relationship": "Inner",
                      "Parallel Aware": false,
                      "Scan Direction": "Forward",
                      "Index Name": "movie_id_movie_info_idx",
                      "Relation Name": "movie_info_idx",
                      "Alias": "mi_idx",
                      "Startup Cost": 0.43,
                      "Total Cost": 0.5,
                      "Plan Rows": 3,
                      "Plan Width": 4,
                      "Actual Startup Time": 0.003,
                      "Actual Total Time": 0.003,
                      "Actual Rows": 1,
                      "Actual Loops": 312331,
                      "Index Cond": "(movie_id = t.id)",
                      "Rows Removed by Index Recheck": 0,
                      "Heap Fetches": 447487
                    }
                  ]
                }
              ]
            }
          ]
        }
      ]
    },
    "Planning Time": 1.464,
    "Triggers": [],
    "Execution Time": 480.215
  }
]