[
    {
        "Bao": {
            "Bao prediction": "NaN",
            "Bao recommended hint": "(no hint)"
        }
    },
    {
        "Plan": {
            "Node Type": "Aggregate",
            "Strategy": "Plain",
            "Partial Mode": "Finalize",
            "Parallel Aware": false,
            "Startup Cost": 93495.76,
            "Total Cost": 93495.77,
            "Plan Rows": 1,
            "Plan Width": 8,
            "Actual Startup Time": 336.242,
            "Actual Total Time": 347.001,
            "Actual Rows": 1,
            "Actual Loops": 1,
            "Output": [
                "count(*)"
            ],
            "Plans": [
                {
                    "Node Type": "Gather",
                    "Parent Relationship": "Outer",
                    "Parallel Aware": false,
                    "Startup Cost": 93495.45,
                    "Total Cost": 93495.76,
                    "Plan Rows": 3,
                    "Plan Width": 8,
                    "Actual Startup Time": 334.286,
                    "Actual Total Time": 346.994,
                    "Actual Rows": 4,
                    "Actual Loops": 1,
                    "Output": [
                        "(PARTIAL count(*))"
                    ],
                    "Workers Planned": 3,
                    "Workers Launched": 3,
                    "Single Copy": false,
                    "Plans": [
                        {
                            "Node Type": "Aggregate",
                            "Strategy": "Plain",
                            "Partial Mode": "Partial",
                            "Parent Relationship": "Outer",
                            "Parallel Aware": false,
                            "Startup Cost": 92495.45,
                            "Total Cost": 92495.46,
                            "Plan Rows": 1,
                            "Plan Width": 8,
                            "Actual Startup Time": 326.22,
                            "Actual Total Time": 326.223,
                            "Actual Rows": 1,
                            "Actual Loops": 4,
                            "Output": [
                                "PARTIAL count(*)"
                            ],
                            "Workers": [
                                {
                                    "Worker Number": 0,
                                    "Actual Startup Time": 323.371,
                                    "Actual Total Time": 323.374,
                                    "Actual Rows": 1,
                                    "Actual Loops": 1
                                },
                                {
                                    "Worker Number": 1,
                                    "Actual Startup Time": 323.624,
                                    "Actual Total Time": 323.627,
                                    "Actual Rows": 1,
                                    "Actual Loops": 1
                                },
                                {
                                    "Worker Number": 2,
                                    "Actual Startup Time": 323.897,
                                    "Actual Total Time": 323.9,
                                    "Actual Rows": 1,
                                    "Actual Loops": 1
                                }
                            ],
                            "Plans": [
                                {
                                    "Node Type": "Hash Join",
                                    "Parent Relationship": "Outer",
                                    "Parallel Aware": true,
                                    "Join Type": "Inner",
                                    "Startup Cost": 45563.04,
                                    "Total Cost": 91787.61,
                                    "Plan Rows": 283133,
                                    "Plan Width": 0,
                                    "Actual Startup Time": 133.584,
                                    "Actual Total Time": 321.435,
                                    "Actual Rows": 111283,
                                    "Actual Loops": 4,
                                    "Inner Unique": true,
                                    "Hash Cond": "(mk.movie_id = t.id)",
                                    "Workers": [
                                        {
                                            "Worker Number": 0,
                                            "Actual Startup Time": 130.49,
                                            "Actual Total Time": 318.682,
                                            "Actual Rows": 106147,
                                            "Actual Loops": 1
                                        },
                                        {
                                            "Worker Number": 1,
                                            "Actual Startup Time": 131.138,
                                            "Actual Total Time": 318.69,
                                            "Actual Rows": 110100,
                                            "Actual Loops": 1
                                        },
                                        {
                                            "Worker Number": 2,
                                            "Actual Startup Time": 131.351,
                                            "Actual Total Time": 319.132,
                                            "Actual Rows": 107725,
                                            "Actual Loops": 1
                                        }
                                    ],
                                    "Plans": [
                                        {
                                            "Node Type": "Seq Scan",
                                            "Parent Relationship": "Outer",
                                            "Parallel Aware": true,
                                            "Relation Name": "movie_keyword",
                                            "Schema": "public",
                                            "Alias": "mk",
                                            "Startup Cost": 0.0,
                                            "Total Cost": 42695.65,
                                            "Plan Rows": 1344345,
                                            "Plan Width": 4,
                                            "Actual Startup Time": 0.018,
                                            "Actual Total Time": 103.699,
                                            "Actual Rows": 1040727,
                                            "Actual Loops": 4,
                                            "Output": [
                                                "mk.id",
                                                "mk.movie_id",
                                                "mk.keyword_id"
                                            ],
                                            "Filter": "(mk.keyword_id > 323)",
                                            "Rows Removed by Filter": 90256,
                                            "Workers": [
                                                {
                                                    "Worker Number": 0,
                                                    "Actual Startup Time": 0.018,
                                                    "Actual Total Time": 104.585,
                                                    "Actual Rows": 1004702,
                                                    "Actual Loops": 1
                                                },
                                                {
                                                    "Worker Number": 1,
                                                    "Actual Startup Time": 0.013,
                                                    "Actual Total Time": 104.862,
                                                    "Actual Rows": 1019833,
                                                    "Actual Loops": 1
                                                },
                                                {
                                                    "Worker Number": 2,
                                                    "Actual Startup Time": 0.028,
                                                    "Actual Total Time": 105.298,
                                                    "Actual Rows": 1022703,
                                                    "Actual Loops": 1
                                                }
                                            ]
                                        },
                                        {
                                            "Node Type": "Hash",
                                            "Parent Relationship": "Inner",
                                            "Parallel Aware": true,
                                            "Startup Cost": 43899.01,
                                            "Total Cost": 43899.01,
                                            "Plan Rows": 133123,
                                            "Plan Width": 4,
                                            "Actual Startup Time": 130.352,
                                            "Actual Total Time": 130.353,
                                            "Actual Rows": 133342,
                                            "Actual Loops": 4,
                                            "Output": [
                                                "t.id"
                                            ],
                                            "Hash Buckets": 1048576,
                                            "Original Hash Buckets": 1048576,
                                            "Hash Batches": 1,
                                            "Original Hash Batches": 1,
                                            "Peak Memory Usage": 29120,
                                            "Workers": [
                                                {
                                                    "Worker Number": 0,
                                                    "Actual Startup Time": 129.67,
                                                    "Actual Total Time": 129.671,
                                                    "Actual Rows": 109995,
                                                    "Actual Loops": 1
                                                },
                                                {
                                                    "Worker Number": 1,
                                                    "Actual Startup Time": 130.22,
                                                    "Actual Total Time": 130.221,
                                                    "Actual Rows": 120431,
                                                    "Actual Loops": 1
                                                },
                                                {
                                                    "Worker Number": 2,
                                                    "Actual Startup Time": 130.496,
                                                    "Actual Total Time": 130.497,
                                                    "Actual Rows": 120850,
                                                    "Actual Loops": 1
                                                }
                                            ],
                                            "Plans": [
                                                {
                                                    "Node Type": "Seq Scan",
                                                    "Parent Relationship": "Outer",
                                                    "Parallel Aware": true,
                                                    "Relation Name": "title",
                                                    "Schema": "public",
                                                    "Alias": "t",
                                                    "Startup Cost": 0.0,
                                                    "Total Cost": 43899.01,
                                                    "Plan Rows": 133123,
                                                    "Plan Width": 4,
                                                    "Actual Startup Time": 0.037,
                                                    "Actual Total Time": 86.344,
                                                    "Actual Rows": 133342,
                                                    "Actual Loops": 4,
                                                    "Output": [
                                                        "t.id"
                                                    ],
                                                    "Filter": "(t.production_year > 2009)",
                                                    "Rows Removed by Filter": 498736,
                                                    "Workers": [
                                                        {
                                                            "Worker Number": 0,
                                                            "Actual Startup Time": 0.037,
                                                            "Actual Total Time": 85.94,
                                                            "Actual Rows": 109995,
                                                            "Actual Loops": 1
                                                        },
                                                        {
                                                            "Worker Number": 1,
                                                            "Actual Startup Time": 0.052,
                                                            "Actual Total Time": 88.319,
                                                            "Actual Rows": 120431,
                                                            "Actual Loops": 1
                                                        },
                                                        {
                                                            "Worker Number": 2,
                                                            "Actual Startup Time": 0.047,
                                                            "Actual Total Time": 88.431,
                                                            "Actual Rows": 120850,
                                                            "Actual Loops": 1
                                                        }
                                                    ]
                                                }
                                            ]
                                        }
                                    ]
                                }
                            ]
                        }
                    ]
                }
            ]
        },
        "Planning Time": 187.488,
        "Triggers": [],
        "Execution Time": 347.049
    }
]