[
  {
    "Plan": {
      "Node Type": "Aggregate",
      "Strategy": "Plain",
      "Partial Mode": "Finalize",
      "Parallel Aware": false,
      "Startup Cost": 44739.63,
      "Total Cost": 44739.64,
      "Plan Rows": 1,
      "Plan Width": 8,
      "Actual Startup Time": 133.298,
      "Actual Total Time": 142.526,
      "Actual Rows": 1,
      "Actual Loops": 1,
      "Plans": [
        {
          "Node Type": "Gather",
          "Parent Relationship": "Outer",
          "Parallel Aware": false,
          "Startup Cost": 44739.31,
          "Total Cost": 44739.62,
          "Plan Rows": 3,
          "Plan Width": 8,
          "Actual Startup Time": 133.181,
          "Actual Total Time": 142.517,
          "Actual Rows": 4,
          "Actual Loops": 1,
          "Workers Planned": 3,
          "Workers Launched": 3,
          "Single Copy": false,
          "Plans": [
            {
              "Node Type": "Aggregate",
              "Strategy": "Plain",
              "Partial Mode": "Partial",
              "Parent Relationship": "Outer",
              "Parallel Aware": false,
              "Startup Cost": 43739.31,
              "Total Cost": 43739.32,
              "Plan Rows": 1,
              "Plan Width": 8,
              "Actual Startup Time": 128.393,
              "Actual Total Time": 128.394,
              "Actual Rows": 1,
              "Actual Loops": 4,
              "Plans": [
                {
                  "Node Type": "Seq Scan",
                  "Parent Relationship": "Outer",
                  "Parallel Aware": true,
                  "Relation Name": "movie_keyword",
                  "Alias": "mk",
                  "Startup Cost": 0.0,
                  "Total Cost": 42695.65,
                  "Plan Rows": 417463,
                  "Plan Width": 0,
                  "Actual Startup Time": 2.059,
                  "Actual Total Time": 111.589,
                  "Actual Rows": 325942,
                  "Actual Loops": 4,
                  "Filter": "(keyword_id > 13491)",
                  "Rows Removed by Filter": 805041
                }
              ]
            }
          ]
        }
      ]
    },
    "Planning Time": 0.184,
    "Triggers": [],
    "Execution Time": 142.574
  }
]