{
  "Plan": {
    "Node Type": "Aggregate",
    "Strategy": "Plain",
    "Partial Mode": "Finalize",
    "Parallel Aware": false,
    "Startup Cost": 124710.37,
    "Total Cost": 124710.38,
    "Plan Rows": 1,
    "Plan Width": 8,
    "Actual Startup Time": 632.979,
    "Actual Total Time": 650.013,
    "Actual Rows": 1,
    "Actual Loops": 1,
    "Plans": [
      {
        "Node Type": "Gather",
        "Parent Relationship": "Outer",
        "Parallel Aware": false,
        "Startup Cost": 124710.26,
        "Total Cost": 124710.37,
        "Plan Rows": 1,
        "Plan Width": 8,
        "Actual Startup Time": 630.412,
        "Actual Total Time": 649.998,
        "Actual Rows": 2,
        "Actual Loops": 1,
        "Workers Planned": 1,
        "Workers Launched": 1,
        "Single Copy": false,
        "Plans": [
          {
            "Node Type": "Aggregate",
            "Strategy": "Plain",
            "Partial Mode": "Partial",
            "Parent Relationship": "Outer",
            "Parallel Aware": false,
            "Startup Cost": 123710.26,
            "Total Cost": 123710.27,
            "Plan Rows": 1,
            "Plan Width": 8,
            "Actual Startup Time": 626.521,
            "Actual Total Time": 626.525,
            "Actual Rows": 1,
            "Actual Loops": 2,
            "Plans": [
              {
                "Node Type": "Hash Join",
                "Parent Relationship": "Outer",
                "Parallel Aware": true,
                "Join Type": "Inner",
                "Startup Cost": 61670.29,
                "Total Cost": 122559.72,
                "Plan Rows": 460215,
                "Plan Width": 0,
                "Actual Startup Time": 281.415,
                "Actual Total Time": 606.433,
                "Actual Rows": 520570,
                "Actual Loops": 2,
                "Inner Unique": true,
                "Hash Cond": "(mk.movie_id = t.id)",
                "Plans": [
                  {
                    "Node Type": "Seq Scan",
                    "Parent Relationship": "Outer",
                    "Parallel Aware": true,
                    "Relation Name": "movie_keyword",
                    "Alias": "mk",
                    "Startup Cost": 0.0,
                    "Total Cost": 57718.19,
                    "Plan Rows": 1208091,
                    "Plan Width": 4,
                    "Actual Startup Time": 0.016,
                    "Actual Total Time": 180.671,
                    "Actual Rows": 1025546,
                    "Actual Loops": 2,
                    "Filter": "(keyword_id < 3660)",
                    "Rows Removed by Filter": 1236418
                  },
                  {
                    "Node Type": "Hash",
                    "Parent Relationship": "Inner",
                    "Parallel Aware": true,
                    "Startup Cost": 54588.39,
                    "Total Cost": 54588.39,
                    "Plan Rows": 566552,
                    "Plan Width": 4,
                    "Actual Startup Time": 273.176,
                    "Actual Total Time": 273.176,
                    "Actual Rows": 485594,
                    "Actual Loops": 2,
                    "Hash Buckets": 1048576,
                    "Original Hash Buckets": 1048576,
                    "Hash Batches": 1,
                    "Original Hash Batches": 1,
                    "Peak Memory Usage": 46208,
                    "Plans": [
                      {
                        "Node Type": "Seq Scan",
                        "Parent Relationship": "Outer",
                        "Parallel Aware": true,
                        "Relation Name": "title",
                        "Alias": "t",
                        "Startup Cost": 0.0,
                        "Total Cost": 54588.39,
                        "Plan Rows": 566552,
                        "Plan Width": 4,
                        "Actual Startup Time": 0.022,
                        "Actual Total Time": 158.488,
                        "Actual Rows": 485594,
                        "Actual Loops": 2,
                        "Filter": "(production_year < 1999)",
                        "Rows Removed by Filter": 778562
                      }
                    ]
                  }
                ]
              }
            ]
          }
        ]
      }
    ]
  },
  "Planning Time": 0.383,
  "Triggers": [],
  "Execution Time": 650.07
}