[
  {
    "Plan": {
      "Node Type": "Aggregate",
      "Strategy": "Plain",
      "Partial Mode": "Finalize",
      "Parallel Aware": false,
      "Startup Cost": 44316.44,
      "Total Cost": 44316.45,
      "Plan Rows": 1,
      "Plan Width": 8,
      "Actual Startup Time": 117.213,
      "Actual Total Time": 125.653,
      "Actual Rows": 1,
      "Actual Loops": 1,
      "Plans": [
        {
          "Node Type": "Gather",
          "Parent Relationship": "Outer",
          "Parallel Aware": false,
          "Startup Cost": 44316.12,
          "Total Cost": 44316.43,
          "Plan Rows": 3,
          "Plan Width": 8,
          "Actual Startup Time": 116.953,
          "Actual Total Time": 125.645,
          "Actual Rows": 4,
          "Actual Loops": 1,
          "Workers Planned": 3,
          "Workers Launched": 3,
          "Single Copy": false,
          "Plans": [
            {
              "Node Type": "Aggregate",
              "Strategy": "Plain",
              "Partial Mode": "Partial",
              "Parent Relationship": "Outer",
              "Parallel Aware": false,
              "Startup Cost": 43316.12,
              "Total Cost": 43316.13,
              "Plan Rows": 1,
              "Plan Width": 8,
              "Actual Startup Time": 111.039,
              "Actual Total Time": 111.04,
              "Actual Rows": 1,
              "Actual Loops": 4,
              "Plans": [
                {
                  "Node Type": "Seq Scan",
                  "Parent Relationship": "Outer",
                  "Parallel Aware": true,
                  "Relation Name": "movie_keyword",
                  "Alias": "mk",
                  "Startup Cost": 0.0,
                  "Total Cost": 42695.65,
                  "Plan Rows": 248188,
                  "Plan Width": 0,
                  "Actual Startup Time": 3.818,
                  "Actual Total Time": 101.267,
                  "Actual Rows": 190990,
                  "Actual Loops": 4,
                  "Filter": "(keyword_id > 24514)",
                  "Rows Removed by Filter": 939992
                }
              ]
            }
          ]
        }
      ]
    },
    "Planning Time": 0.098,
    "Triggers": [],
    "Execution Time": 125.687
  }
]