[
  {
    "Plan": {
      "Node Type": "Aggregate",
      "Strategy": "Plain",
      "Partial Mode": "Finalize",
      "Parallel Aware": false,
      "Startup Cost": 55206.79,
      "Total Cost": 55206.8,
      "Plan Rows": 1,
      "Plan Width": 8,
      "Actual Startup Time": 136.27,
      "Actual Total Time": 145.436,
      "Actual Rows": 1,
      "Actual Loops": 1,
      "Plans": [
        {
          "Node Type": "Gather",
          "Parent Relationship": "Outer",
          "Parallel Aware": false,
          "Startup Cost": 55206.57,
          "Total Cost": 55206.78,
          "Plan Rows": 2,
          "Plan Width": 8,
          "Actual Startup Time": 135.714,
          "Actual Total Time": 145.428,
          "Actual Rows": 3,
          "Actual Loops": 1,
          "Workers Planned": 2,
          "Workers Launched": 2,
          "Single Copy": false,
          "Plans": [
            {
              "Node Type": "Aggregate",
              "Strategy": "Plain",
              "Partial Mode": "Partial",
              "Parent Relationship": "Outer",
              "Parallel Aware": false,
              "Startup Cost": 54206.57,
              "Total Cost": 54206.58,
              "Plan Rows": 1,
              "Plan Width": 8,
              "Actual Startup Time": 127.846,
              "Actual Total Time": 127.849,
              "Actual Rows": 1,
              "Actual Loops": 3,
              "Plans": [
                {
                  "Node Type": "Hash Join",
                  "Parent Relationship": "Outer",
                  "Parallel Aware": true,
                  "Join Type": "Inner",
                  "Startup Cost": 38955.6,
                  "Total Cost": 54150.16,
                  "Plan Rows": 22565,
                  "Plan Width": 0,
                  "Actual Startup Time": 76.049,
                  "Actual Total Time": 126.692,
                  "Actual Rows": 26698,
                  "Actual Loops": 3,
                  "Inner Unique": true,
                  "Hash Cond": "(mi_idx.movie_id = t.id)",
                  "Plans": [
                    {
                      "Node Type": "Seq Scan",
                      "Parent Relationship": "Outer",
                      "Parallel Aware": true,
                      "Relation Name": "movie_info_idx",
                      "Alias": "mi_idx",
                      "Startup Cost": 0.0,
                      "Total Cost": 13685.15,
                      "Plan Rows": 575015,
                      "Plan Width": 4,
                      "Actual Startup Time": 0.01,
                      "Actual Total Time": 38.352,
                      "Actual Rows": 460012,
                      "Actual Loops": 3
                    },
                    {
                      "Node Type": "Hash",
                      "Parent Relationship": "Inner",
                      "Parallel Aware": true,
                      "Startup Cost": 38645.54,
                      "Total Cost": 38645.54,
                      "Plan Rows": 24805,
                      "Plan Width": 4,
                      "Actual Startup Time": 44.458,
                      "Actual Total Time": 44.46,
                      "Actual Rows": 34858,
                      "Actual Loops": 3,
                      "Hash Buckets": 131072,
                      "Original Hash Buckets": 131072,
                      "Hash Batches": 1,
                      "Original Hash Batches": 1,
                      "Peak Memory Usage": 5152,
                      "Plans": [
                        {
                          "Node Type": "Bitmap Heap Scan",
                          "Parent Relationship": "Outer",
                          "Parallel Aware": true,
                          "Relation Name": "title",
                          "Alias": "t",
                          "Startup Cost": 2192.1,
                          "Total Cost": 38645.54,
                          "Plan Rows": 24805,
                          "Plan Width": 4,
                          "Actual Startup Time": 3.109,
                          "Actual Total Time": 35.511,
                          "Actual Rows": 34858,
                          "Actual Loops": 3,
                          "Recheck Cond": "(kind_id = 4)",
                          "Rows Removed by Index Recheck": 0,
                          "Filter": "(production_year < 2011)",
                          "Rows Removed by Filter": 4553,
                          "Exact Heap Blocks": 8067,
                          "Lossy Heap Blocks": 0,
                          "Plans": [
                            {
                              "Node Type": "Bitmap Index Scan",
                              "Parent Relationship": "Outer",
                              "Parallel Aware": false,
                              "Index Name": "kind_id_title",
                              "Startup Cost": 0.0,
                              "Total Cost": 2167.3,
                              "Plan Rows": 121449,
                              "Plan Width": 0,
                              "Actual Startup Time": 6.613,
                              "Actual Total Time": 6.613,
                              "Actual Rows": 118234,
                              "Actual Loops": 1,
                              "Index Cond": "(kind_id = 4)"
                            }
                          ]
                        }
                      ]
                    }
                  ]
                }
              ]
            }
          ]
        }
      ]
    },
    "Planning Time": 0.451,
    "Triggers": [],
    "Execution Time": 145.475
  }
]