[
  {
    "Plan": {
      "Node Type": "Aggregate",
      "Strategy": "Plain",
      "Partial Mode": "Finalize",
      "Parallel Aware": false,
      "Startup Cost": 91887.86,
      "Total Cost": 91887.87,
      "Plan Rows": 1,
      "Plan Width": 8,
      "Actual Startup Time": 318.026,
      "Actual Total Time": 336.706,
      "Actual Rows": 1,
      "Actual Loops": 1,
      "Plans": [
        {
          "Node Type": "Gather",
          "Parent Relationship": "Outer",
          "Parallel Aware": false,
          "Startup Cost": 91887.55,
          "Total Cost": 91887.86,
          "Plan Rows": 3,
          "Plan Width": 8,
          "Actual Startup Time": 316.489,
          "Actual Total Time": 336.697,
          "Actual Rows": 4,
          "Actual Loops": 1,
          "Workers Planned": 3,
          "Workers Launched": 3,
          "Single Copy": false,
          "Plans": [
            {
              "Node Type": "Aggregate",
              "Strategy": "Plain",
              "Partial Mode": "Partial",
              "Parent Relationship": "Outer",
              "Parallel Aware": false,
              "Startup Cost": 90887.55,
              "Total Cost": 90887.56,
              "Plan Rows": 1,
              "Plan Width": 8,
              "Actual Startup Time": 307.957,
              "Actual Total Time": 308.043,
              "Actual Rows": 1,
              "Actual Loops": 4,
              "Plans": [
                {
                  "Node Type": "Hash Join",
                  "Parent Relationship": "Outer",
                  "Parallel Aware": true,
                  "Join Type": "Inner",
                  "Startup Cost": 46117.19,
                  "Total Cost": 90739.37,
                  "Plan Rows": 59272,
                  "Plan Width": 0,
                  "Actual Startup Time": 162.127,
                  "Actual Total Time": 300.528,
                  "Actual Rows": 185226,
                  "Actual Loops": 4,
                  "Inner Unique": true,
                  "Hash Cond": "(mk.movie_id = t.id)",
                  "Plans": [
                    {
                      "Node Type": "Seq Scan",
                      "Parent Relationship": "Outer",
                      "Parallel Aware": true,
                      "Relation Name": "movie_keyword",
                      "Alias": "mk",
                      "Startup Cost": 0.0,
                      "Total Cost": 42695.65,
                      "Plan Rows": 733915,
                      "Plan Width": 4,
                      "Actual Startup Time": 0.024,
                      "Actual Total Time": 102.073,
                      "Actual Rows": 568692,
                      "Actual Loops": 4,
                      "Filter": "(keyword_id < 4801)",
                      "Rows Removed by Filter": 562290
                    },
                    {
                      "Node Type": "Hash",
                      "Parent Relationship": "Inner",
                      "Parallel Aware": true,
                      "Startup Cost": 45479.1,
                      "Total Cost": 45479.1,
                      "Plan Rows": 51047,
                      "Plan Width": 4,
                      "Actual Startup Time": 129.605,
                      "Actual Total Time": 129.606,
                      "Actual Rows": 84072,
                      "Actual Loops": 4,
                      "Hash Buckets": 524288,
                      "Original Hash Buckets": 262144,
                      "Hash Batches": 1,
                      "Original Hash Batches": 1,
                      "Peak Memory Usage": 19392,
                      "Plans": [
                        {
                          "Node Type": "Seq Scan",
                          "Parent Relationship": "Outer",
                          "Parallel Aware": true,
                          "Relation Name": "title",
                          "Alias": "t",
                          "Startup Cost": 0.0,
                          "Total Cost": 45479.1,
                          "Plan Rows": 51047,
                          "Plan Width": 4,
                          "Actual Startup Time": 59.873,
                          "Actual Total Time": 98.796,
                          "Actual Rows": 84072,
                          "Actual Loops": 4,
                          "Filter": "((production_year < 1994) AND (kind_id = 1))",
                          "Rows Removed by Filter": 548006
                        }
                      ]
                    }
                  ]
                }
              ]
            }
          ]
        }
      ]
    },
    "Planning Time": 0.631,
    "Triggers": [],
    "Execution Time": 336.774
  }
]