[
  {
    "Plan": {
      "Node Type": "Aggregate",
      "Strategy": "Plain",
      "Partial Mode": "Finalize",
      "Parallel Aware": false,
      "Startup Cost": 47150.58,
      "Total Cost": 47150.59,
      "Plan Rows": 1,
      "Plan Width": 8,
      "Actual Startup Time": 191.369,
      "Actual Total Time": 200.743,
      "Actual Rows": 1,
      "Actual Loops": 1,
      "Plans": [
        {
          "Node Type": "Gather",
          "Parent Relationship": "Outer",
          "Parallel Aware": false,
          "Startup Cost": 47150.26,
          "Total Cost": 47150.57,
          "Plan Rows": 3,
          "Plan Width": 8,
          "Actual Startup Time": 191.297,
          "Actual Total Time": 200.735,
          "Actual Rows": 4,
          "Actual Loops": 1,
          "Workers Planned": 3,
          "Workers Launched": 3,
          "Single Copy": false,
          "Plans": [
            {
              "Node Type": "Aggregate",
              "Strategy": "Plain",
              "Partial Mode": "Partial",
              "Parent Relationship": "Outer",
              "Parallel Aware": false,
              "Startup Cost": 46150.26,
              "Total Cost": 46150.27,
              "Plan Rows": 1,
              "Plan Width": 8,
              "Actual Startup Time": 182.952,
              "Actual Total Time": 182.953,
              "Actual Rows": 1,
              "Actual Loops": 4,
              "Plans": [
                {
                  "Node Type": "Seq Scan",
                  "Parent Relationship": "Outer",
                  "Parallel Aware": true,
                  "Relation Name": "movie_keyword",
                  "Alias": "mk",
                  "Startup Cost": 0.0,
                  "Total Cost": 42695.65,
                  "Plan Rows": 1381842,
                  "Plan Width": 0,
                  "Actual Startup Time": 0.074,
                  "Actual Total Time": 132.285,
                  "Actual Rows": 1073578,
                  "Actual Loops": 4,
                  "Filter": "(keyword_id < 63370)",
                  "Rows Removed by Filter": 57405
                }
              ]
            }
          ]
        }
      ]
    },
    "Planning Time": 0.181,
    "Triggers": [],
    "Execution Time": 200.8
  }
]