[
  {
    "Plan": {
      "Node Type": "Aggregate",
      "Strategy": "Plain",
      "Partial Mode": "Finalize",
      "Parallel Aware": false,
      "Startup Cost": 30165.67,
      "Total Cost": 30165.68,
      "Plan Rows": 1,
      "Plan Width": 8,
      "Actual Startup Time": 33.719,
      "Actual Total Time": 38.383,
      "Actual Rows": 1,
      "Actual Loops": 1,
      "Plans": [
        {
          "Node Type": "Gather",
          "Parent Relationship": "Outer",
          "Parallel Aware": false,
          "Startup Cost": 30165.35,
          "Total Cost": 30165.66,
          "Plan Rows": 3,
          "Plan Width": 8,
          "Actual Startup Time": 33.326,
          "Actual Total Time": 38.374,
          "Actual Rows": 4,
          "Actual Loops": 1,
          "Workers Planned": 3,
          "Workers Launched": 3,
          "Single Copy": false,
          "Plans": [
            {
              "Node Type": "Aggregate",
              "Strategy": "Plain",
              "Partial Mode": "Partial",
              "Parent Relationship": "Outer",
              "Parallel Aware": false,
              "Startup Cost": 29165.35,
              "Total Cost": 29165.36,
              "Plan Rows": 1,
              "Plan Width": 8,
              "Actual Startup Time": 24.285,
              "Actual Total Time": 24.287,
              "Actual Rows": 1,
              "Actual Loops": 4,
              "Plans": [
                {
                  "Node Type": "Nested Loop",
                  "Parent Relationship": "Outer",
                  "Parallel Aware": false,
                  "Join Type": "Inner",
                  "Startup Cost": 235.13,
                  "Total Cost": 29164.83,
                  "Plan Rows": 209,
                  "Plan Width": 0,
                  "Actual Startup Time": 9.987,
                  "Actual Total Time": 24.254,
                  "Actual Rows": 138,
                  "Actual Loops": 4,
                  "Inner Unique": false,
                  "Plans": [
                    {
                      "Node Type": "Bitmap Heap Scan",
                      "Parent Relationship": "Outer",
                      "Parallel Aware": true,
                      "Relation Name": "title",
                      "Alias": "t",
                      "Startup Cost": 234.7,
                      "Total Cost": 26141.99,
                      "Plan Rows": 383,
                      "Plan Width": 4,
                      "Actual Startup Time": 5.946,
                      "Actual Total Time": 21.925,
                      "Actual Rows": 132,
                      "Actual Loops": 4,
                      "Recheck Cond": "(kind_id = 6)",
                      "Rows Removed by Index Recheck": 0,
                      "Filter": "(production_year > 2011)",
                      "Rows Removed by Filter": 3018,
                      "Exact Heap Blocks": 5987,
                      "Lossy Heap Blocks": 0,
                      "Plans": [
                        {
                          "Node Type": "Bitmap Index Scan",
                          "Parent Relationship": "Outer",
                          "Parallel Aware": false,
                          "Index Name": "kind_id_title",
                          "Startup Cost": 0.0,
                          "Total Cost": 234.4,
                          "Plan Rows": 13063,
                          "Plan Width": 0,
                          "Actual Startup Time": 8.914,
                          "Actual Total Time": 8.914,
                          "Actual Rows": 12600,
                          "Actual Loops": 1,
                          "Index Cond": "(kind_id = 6)"
                        }
                      ]
                    },
                    {
                      "Node Type": "Index Only Scan",
                      "Parent Relationship": "Inner",
                      "Parallel Aware": false,
                      "Scan Direction": "Forward",
                      "Index Name": "movie_id_movie_info_idx",
                      "Relation Name": "movie_info_idx",
                      "Alias": "mi_idx",
                      "Startup Cost": 0.43,
                      "Total Cost": 7.86,
                      "Plan Rows": 3,
                      "Plan Width": 4,
                      "Actual Startup Time": 0.016,
                      "Actual Total Time": 0.016,
                      "Actual Rows": 1,
                      "Actual Loops": 529,
                      "Index Cond": "(movie_id = t.id)",
                      "Rows Removed by Index Recheck": 0,
                      "Heap Fetches": 552
                    }
                  ]
                }
              ]
            }
          ]
        }
      ]
    },
    "Planning Time": 0.606,
    "Triggers": [],
    "Execution Time": 38.47
  }
]