{
  "Plan": {
    "Node Type": "Aggregate",
    "Strategy": "Plain",
    "Partial Mode": "Finalize",
    "Parallel Aware": false,
    "Startup Cost": 39296.39,
    "Total Cost": 39296.4,
    "Plan Rows": 1,
    "Plan Width": 8,
    "Actual Startup Time": 42.071,
    "Actual Total Time": 46.797,
    "Actual Rows": 1,
    "Actual Loops": 1,
    "Plans": [
      {
        "Node Type": "Gather",
        "Parent Relationship": "Outer",
        "Parallel Aware": false,
        "Startup Cost": 39296.28,
        "Total Cost": 39296.39,
        "Plan Rows": 1,
        "Plan Width": 8,
        "Actual Startup Time": 41.988,
        "Actual Total Time": 46.793,
        "Actual Rows": 2,
        "Actual Loops": 1,
        "Workers Planned": 1,
        "Workers Launched": 1,
        "Single Copy": false,
        "Plans": [
          {
            "Node Type": "Aggregate",
            "Strategy": "Plain",
            "Partial Mode": "Partial",
            "Parent Relationship": "Outer",
            "Parallel Aware": false,
            "Startup Cost": 38296.28,
            "Total Cost": 38296.29,
            "Plan Rows": 1,
            "Plan Width": 8,
            "Actual Startup Time": 36.22,
            "Actual Total Time": 36.221,
            "Actual Rows": 1,
            "Actual Loops": 2,
            "Plans": [
              {
                "Node Type": "Nested Loop",
                "Parent Relationship": "Outer",
                "Parallel Aware": false,
                "Join Type": "Inner",
                "Startup Cost": 91.06,
                "Total Cost": 38291.14,
                "Plan Rows": 2055,
                "Plan Width": 0,
                "Actual Startup Time": 1.643,
                "Actual Total Time": 35.643,
                "Actual Rows": 3296,
                "Actual Loops": 2,
                "Inner Unique": true,
                "Plans": [
                  {
                    "Node Type": "Bitmap Heap Scan",
                    "Parent Relationship": "Outer",
                    "Parallel Aware": true,
                    "Relation Name": "movie_info",
                    "Alias": "mi",
                    "Startup Cost": 90.63,
                    "Total Cost": 17025.37,
                    "Plan Rows": 2899,
                    "Plan Width": 4,
                    "Actual Startup Time": 1.513,
                    "Actual Total Time": 5.494,
                    "Actual Rows": 3297,
                    "Actual Loops": 2,
                    "Recheck Cond": "(info_type_id = 51)",
                    "Rows Removed by Index Recheck": 0,
                    "Exact Heap Blocks": 1049,
                    "Lossy Heap Blocks": 0,
                    "Plans": [
                      {
                        "Node Type": "Bitmap Index Scan",
                        "Parent Relationship": "Outer",
                        "Parallel Aware": false,
                        "Index Name": "info_type_id_movie_info",
                        "Startup Cost": 0.0,
                        "Total Cost": 89.4,
                        "Plan Rows": 4928,
                        "Plan Width": 0,
                        "Actual Startup Time": 2.397,
                        "Actual Total Time": 2.397,
                        "Actual Rows": 6594,
                        "Actual Loops": 1,
                        "Index Cond": "(info_type_id = 51)"
                      }
                    ]
                  },
                  {
                    "Node Type": "Index Scan",
                    "Parent Relationship": "Inner",
                    "Parallel Aware": false,
                    "Scan Direction": "Forward",
                    "Index Name": "title_pkey",
                    "Relation Name": "title",
                    "Alias": "t",
                    "Startup Cost": 0.43,
                    "Total Cost": 7.34,
                    "Plan Rows": 1,
                    "Plan Width": 4,
                    "Actual Startup Time": 0.008,
                    "Actual Total Time": 0.008,
                    "Actual Rows": 1,
                    "Actual Loops": 6594,
                    "Index Cond": "(id = mi.movie_id)",
                    "Rows Removed by Index Recheck": 0,
                    "Filter": "(production_year < 2009)",
                    "Rows Removed by Filter": 0
                  }
                ]
              }
            ]
          }
        ]
      }
    ]
  },
  "Planning Time": 0.494,
  "Triggers": [],
  "Execution Time": 46.864
}