{
  "Plan": {
    "Node Type": "Aggregate",
    "Strategy": "Plain",
    "Partial Mode": "Finalize",
    "Parallel Aware": false,
    "Startup Cost": 99517.69,
    "Total Cost": 99517.7,
    "Plan Rows": 1,
    "Plan Width": 8,
    "Actual Startup Time": 415.275,
    "Actual Total Time": 426.983,
    "Actual Rows": 1,
    "Actual Loops": 1,
    "Plans": [
      {
        "Node Type": "Gather",
        "Parent Relationship": "Outer",
        "Parallel Aware": false,
        "Startup Cost": 99517.57,
        "Total Cost": 99517.68,
        "Plan Rows": 1,
        "Plan Width": 8,
        "Actual Startup Time": 414.918,
        "Actual Total Time": 426.975,
        "Actual Rows": 2,
        "Actual Loops": 1,
        "Workers Planned": 1,
        "Workers Launched": 1,
        "Single Copy": false,
        "Plans": [
          {
            "Node Type": "Aggregate",
            "Strategy": "Plain",
            "Partial Mode": "Partial",
            "Parent Relationship": "Outer",
            "Parallel Aware": false,
            "Startup Cost": 98517.57,
            "Total Cost": 98517.58,
            "Plan Rows": 1,
            "Plan Width": 8,
            "Actual Startup Time": 408.859,
            "Actual Total Time": 408.862,
            "Actual Rows": 1,
            "Actual Loops": 2,
            "Plans": [
              {
                "Node Type": "Hash Join",
                "Parent Relationship": "Outer",
                "Parallel Aware": true,
                "Join Type": "Inner",
                "Startup Cost": 40155.74,
                "Total Cost": 98206.58,
                "Plan Rows": 124396,
                "Plan Width": 0,
                "Actual Startup Time": 129.158,
                "Actual Total Time": 399.547,
                "Actual Rows": 233872,
                "Actual Loops": 2,
                "Inner Unique": true,
                "Hash Cond": "(mk.movie_id = t.id)",
                "Plans": [
                  {
                    "Node Type": "Seq Scan",
                    "Parent Relationship": "Outer",
                    "Parallel Aware": true,
                    "Relation Name": "movie_keyword",
                    "Alias": "mk",
                    "Startup Cost": 0.0,
                    "Total Cost": 51065.35,
                    "Plan Rows": 2661135,
                    "Plan Width": 4,
                    "Actual Startup Time": 0.013,
                    "Actual Total Time": 150.786,
                    "Actual Rows": 2261965,
                    "Actual Loops": 2
                  },
                  {
                    "Node Type": "Hash",
                    "Parent Relationship": "Inner",
                    "Parallel Aware": true,
                    "Startup Cost": 39286.73,
                    "Total Cost": 39286.73,
                    "Plan Rows": 69521,
                    "Plan Width": 4,
                    "Actual Startup Time": 67.578,
                    "Actual Total Time": 67.579,
                    "Actual Rows": 58960,
                    "Actual Loops": 2,
                    "Hash Buckets": 131072,
                    "Original Hash Buckets": 131072,
                    "Hash Batches": 1,
                    "Original Hash Batches": 1,
                    "Peak Memory Usage": 5664,
                    "Plans": [
                      {
                        "Node Type": "Bitmap Heap Scan",
                        "Parent Relationship": "Outer",
                        "Parallel Aware": true,
                        "Relation Name": "title",
                        "Alias": "t",
                        "Startup Cost": 2210.48,
                        "Total Cost": 39286.73,
                        "Plan Rows": 69521,
                        "Plan Width": 4,
                        "Actual Startup Time": 16.787,
                        "Actual Total Time": 54.264,
                        "Actual Rows": 58960,
                        "Actual Loops": 2,
                        "Recheck Cond": "(kind_id = 4)",
                        "Rows Removed by Index Recheck": 0,
                        "Filter": "(production_year > 1903)",
                        "Rows Removed by Filter": 157,
                        "Exact Heap Blocks": 9531,
                        "Lossy Heap Blocks": 0,
                        "Plans": [
                          {
                            "Node Type": "Bitmap Index Scan",
                            "Parent Relationship": "Outer",
                            "Parallel Aware": false,
                            "Index Name": "kind_id_title",
                            "Startup Cost": 0.0,
                            "Total Cost": 2180.94,
                            "Plan Rows": 122201,
                            "Plan Width": 0,
                            "Actual Startup Time": 15.438,
                            "Actual Total Time": 15.438,
                            "Actual Rows": 118234,
                            "Actual Loops": 1,
                            "Index Cond": "(kind_id = 4)"
                          }
                        ]
                      }
                    ]
                  }
                ]
              }
            ]
          }
        ]
      }
    ]
  },
  "Planning Time": 0.45,
  "Triggers": [],
  "Execution Time": 427.075
}