{
  "Plan": {
    "Node Type": "Aggregate",
    "Strategy": "Plain",
    "Partial Mode": "Finalize",
    "Parallel Aware": false,
    "Startup Cost": 121051.86,
    "Total Cost": 121051.87,
    "Plan Rows": 1,
    "Plan Width": 8,
    "Actual Startup Time": 524.826,
    "Actual Total Time": 544.711,
    "Actual Rows": 1,
    "Actual Loops": 1,
    "Plans": [
      {
        "Node Type": "Gather",
        "Parent Relationship": "Outer",
        "Parallel Aware": false,
        "Startup Cost": 121051.74,
        "Total Cost": 121051.85,
        "Plan Rows": 1,
        "Plan Width": 8,
        "Actual Startup Time": 523.418,
        "Actual Total Time": 544.701,
        "Actual Rows": 2,
        "Actual Loops": 1,
        "Workers Planned": 1,
        "Workers Launched": 1,
        "Single Copy": false,
        "Plans": [
          {
            "Node Type": "Aggregate",
            "Strategy": "Plain",
            "Partial Mode": "Partial",
            "Parent Relationship": "Outer",
            "Parallel Aware": false,
            "Startup Cost": 120051.74,
            "Total Cost": 120051.75,
            "Plan Rows": 1,
            "Plan Width": 8,
            "Actual Startup Time": 517.921,
            "Actual Total Time": 518.09,
            "Actual Rows": 1,
            "Actual Loops": 2,
            "Plans": [
              {
                "Node Type": "Hash Join",
                "Parent Relationship": "Outer",
                "Parallel Aware": true,
                "Join Type": "Inner",
                "Startup Cost": 59971.43,
                "Total Cost": 119866.1,
                "Plan Rows": 74258,
                "Plan Width": 0,
                "Actual Startup Time": 220.647,
                "Actual Total Time": 508.184,
                "Actual Rows": 204460,
                "Actual Loops": 2,
                "Inner Unique": true,
                "Hash Cond": "(mk.movie_id = t.id)",
                "Plans": [
                  {
                    "Node Type": "Seq Scan",
                    "Parent Relationship": "Outer",
                    "Parallel Aware": true,
                    "Relation Name": "movie_keyword",
                    "Alias": "mk",
                    "Startup Cost": 0.0,
                    "Total Cost": 57718.19,
                    "Plan Rows": 829134,
                    "Plan Width": 4,
                    "Actual Startup Time": 1.341,
                    "Actual Total Time": 194.065,
                    "Actual Rows": 706476,
                    "Actual Loops": 2,
                    "Filter": "(keyword_id > 11824)",
                    "Rows Removed by Filter": 1555488
                  },
                  {
                    "Node Type": "Hash",
                    "Parent Relationship": "Inner",
                    "Parallel Aware": true,
                    "Startup Cost": 58306.47,
                    "Total Cost": 58306.47,
                    "Plan Rows": 133197,
                    "Plan Width": 4,
                    "Actual Startup Time": 215.487,
                    "Actual Total Time": 215.488,
                    "Actual Rows": 170934,
                    "Actual Loops": 2,
                    "Hash Buckets": 524288,
                    "Original Hash Buckets": 262144,
                    "Hash Batches": 1,
                    "Original Hash Batches": 1,
                    "Peak Memory Usage": 19552,
                    "Plans": [
                      {
                        "Node Type": "Seq Scan",
                        "Parent Relationship": "Outer",
                        "Parallel Aware": true,
                        "Relation Name": "title",
                        "Alias": "t",
                        "Startup Cost": 0.0,
                        "Total Cost": 58306.47,
                        "Plan Rows": 133197,
                        "Plan Width": 4,
                        "Actual Startup Time": 0.075,
                        "Actual Total Time": 165.359,
                        "Actual Rows": 170934,
                        "Actual Loops": 2,
                        "Filter": "((kind_id < 7) AND (production_year < 1985))",
                        "Rows Removed by Filter": 1093222
                      }
                    ]
                  }
                ]
              }
            ]
          }
        ]
      }
    ]
  },
  "Planning Time": 0.414,
  "Triggers": [],
  "Execution Time": 544.778
}