[
  {
    "Plan": {
      "Node Type": "Aggregate",
      "Strategy": "Plain",
      "Partial Mode": "Finalize",
      "Parallel Aware": false,
      "Startup Cost": 300801.27,
      "Total Cost": 300801.28,
      "Plan Rows": 1,
      "Plan Width": 8,
      "Actual Startup Time": 2246.219,
      "Actual Total Time": 2300.497,
      "Actual Rows": 1,
      "Actual Loops": 1,
      "Plans": [
        {
          "Node Type": "Gather",
          "Parent Relationship": "Outer",
          "Parallel Aware": false,
          "Startup Cost": 300800.95,
          "Total Cost": 300801.26,
          "Plan Rows": 3,
          "Plan Width": 8,
          "Actual Startup Time": 2236.021,
          "Actual Total Time": 2300.479,
          "Actual Rows": 4,
          "Actual Loops": 1,
          "Workers Planned": 3,
          "Workers Launched": 3,
          "Single Copy": false,
          "Plans": [
            {
              "Node Type": "Aggregate",
              "Strategy": "Plain",
              "Partial Mode": "Partial",
              "Parent Relationship": "Outer",
              "Parallel Aware": false,
              "Startup Cost": 299800.95,
              "Total Cost": 299800.96,
              "Plan Rows": 1,
              "Plan Width": 8,
              "Actual Startup Time": 2227.732,
              "Actual Total Time": 2228.464,
              "Actual Rows": 1,
              "Actual Loops": 4,
              "Plans": [
                {
                  "Node Type": "Hash Join",
                  "Parent Relationship": "Outer",
                  "Parallel Aware": true,
                  "Join Type": "Inner",
                  "Startup Cost": 251857.87,
                  "Total Cost": 297899.14,
                  "Plan Rows": 760726,
                  "Plan Width": 0,
                  "Actual Startup Time": 873.103,
                  "Actual Total Time": 1803.394,
                  "Actual Rows": 10228404,
                  "Actual Loops": 4,
                  "Inner Unique": false,
                  "Hash Cond": "(mk.movie_id = t.id)",
                  "Plans": [
                    {
                      "Node Type": "Seq Scan",
                      "Parent Relationship": "Outer",
                      "Parallel Aware": true,
                      "Relation Name": "movie_keyword",
                      "Alias": "mk",
                      "Startup Cost": 0.0,
                      "Total Cost": 39047.32,
                      "Plan Rows": 1459332,
                      "Plan Width": 4,
                      "Actual Startup Time": 0.046,
                      "Actual Total Time": 87.45,
                      "Actual Rows": 1130982,
                      "Actual Loops": 4
                    },
                    {
                      "Node Type": "Hash",
                      "Parent Relationship": "Inner",
                      "Parallel Aware": true,
                      "Startup Cost": 248562.97,
                      "Total Cost": 248562.97,
                      "Plan Rows": 263592,
                      "Plan Width": 8,
                      "Actual Startup Time": 866.63,
                      "Actual Total Time": 867.36,
                      "Actual Rows": 284283,
                      "Actual Loops": 4,
                      "Hash Buckets": 2097152,
                      "Original Hash Buckets": 2097152,
                      "Hash Batches": 1,
                      "Original Hash Batches": 1,
                      "Peak Memory Usage": 60896,
                      "Plans": [
                        {
                          "Node Type": "Hash Join",
                          "Parent Relationship": "Outer",
                          "Parallel Aware": true,
                          "Join Type": "Inner",
                          "Startup Cost": 48394.85,
                          "Total Cost": 248562.97,
                          "Plan Rows": 263592,
                          "Plan Width": 8,
                          "Actual Startup Time": 267.653,
                          "Actual Total Time": 775.677,
                          "Actual Rows": 284283,
                          "Actual Loops": 4,
                          "Inner Unique": true,
                          "Hash Cond": "(mi.movie_id = t.id)",
                          "Plans": [
                            {
                              "Node Type": "Seq Scan",
                              "Parent Relationship": "Outer",
                              "Parallel Aware": true,
                              "Relation Name": "movie_info",
                              "Alias": "mi",
                              "Startup Cost": 0.0,
                              "Total Cost": 198952.16,
                              "Plan Rows": 463221,
                              "Plan Width": 4,
                              "Actual Startup Time": 21.726,
                              "Actual Total Time": 382.794,
                              "Actual Rows": 558462,
                              "Actual Loops": 4,
                              "Filter": "(info_type_id > 16)",
                              "Rows Removed by Filter": 3150468
                            },
                            {
                              "Node Type": "Hash",
                              "Parent Relationship": "Inner",
                              "Parallel Aware": true,
                              "Startup Cost": 43898.92,
                              "Total Cost": 43898.92,
                              "Plan Rows": 359675,
                              "Plan Width": 4,
                              "Actual Startup Time": 242.441,
                              "Actual Total Time": 242.442,
                              "Actual Rows": 358616,
                              "Actual Loops": 4,
                              "Hash Buckets": 2097152,
                              "Original Hash Buckets": 2097152,
                              "Hash Batches": 1,
                              "Original Hash Batches": 1,
                              "Peak Memory Usage": 72576,
                              "Plans": [
                                {
                                  "Node Type": "Seq Scan",
                                  "Parent Relationship": "Outer",
                                  "Parallel Aware": true,
                                  "Relation Name": "title",
                                  "Alias": "t",
                                  "Startup Cost": 0.0,
                                  "Total Cost": 43898.92,
                                  "Plan Rows": 359675,
                                  "Plan Width": 4,
                                  "Actual Startup Time": 0.043,
                                  "Actual Total Time": 107.001,
                                  "Actual Rows": 358616,
                                  "Actual Loops": 4,
                                  "Filter": "(production_year > 1999)",
                                  "Rows Removed by Filter": 273462
                                }
                              ]
                            }
                          ]
                        }
                      ]
                    }
                  ]
                }
              ]
            }
          ]
        }
      ]
    },
    "Planning Time": 0.709,
    "Triggers": [],
    "Execution Time": 2300.555
  }
]