[
    {
        "Bao": {
            "Bao prediction": 455.577,
            "Bao recommended hint": "(no hint)"
        }
    },
    {
        "Plan": {
            "Node Type": "Aggregate",
            "Strategy": "Plain",
            "Partial Mode": "Finalize",
            "Parallel Aware": false,
            "Startup Cost": 163607.59,
            "Total Cost": 163607.6,
            "Plan Rows": 1,
            "Plan Width": 8,
            "Actual Startup Time": 457.018,
            "Actual Total Time": 485.786,
            "Actual Rows": 1,
            "Actual Loops": 1,
            "Output": [
                "count(*)"
            ],
            "Plans": [
                {
                    "Node Type": "Gather",
                    "Parent Relationship": "Outer",
                    "Parallel Aware": false,
                    "Startup Cost": 163607.07,
                    "Total Cost": 163607.58,
                    "Plan Rows": 5,
                    "Plan Width": 8,
                    "Actual Startup Time": 456.595,
                    "Actual Total Time": 485.771,
                    "Actual Rows": 6,
                    "Actual Loops": 1,
                    "Output": [
                        "(PARTIAL count(*))"
                    ],
                    "Workers Planned": 5,
                    "Workers Launched": 5,
                    "Single Copy": false,
                    "Plans": [
                        {
                            "Node Type": "Aggregate",
                            "Strategy": "Plain",
                            "Partial Mode": "Partial",
                            "Parent Relationship": "Outer",
                            "Parallel Aware": false,
                            "Startup Cost": 162607.07,
                            "Total Cost": 162607.08,
                            "Plan Rows": 1,
                            "Plan Width": 8,
                            "Actual Startup Time": 445.567,
                            "Actual Total Time": 445.572,
                            "Actual Rows": 1,
                            "Actual Loops": 6,
                            "Output": [
                                "PARTIAL count(*)"
                            ],
                            "Workers": [
                                {
                                    "Worker Number": 0,
                                    "Actual Startup Time": 443.31,
                                    "Actual Total Time": 443.315,
                                    "Actual Rows": 1,
                                    "Actual Loops": 1
                                },
                                {
                                    "Worker Number": 1,
                                    "Actual Startup Time": 443.483,
                                    "Actual Total Time": 443.487,
                                    "Actual Rows": 1,
                                    "Actual Loops": 1
                                },
                                {
                                    "Worker Number": 2,
                                    "Actual Startup Time": 443.316,
                                    "Actual Total Time": 443.32,
                                    "Actual Rows": 1,
                                    "Actual Loops": 1
                                },
                                {
                                    "Worker Number": 3,
                                    "Actual Startup Time": 443.296,
                                    "Actual Total Time": 443.3,
                                    "Actual Rows": 1,
                                    "Actual Loops": 1
                                },
                                {
                                    "Worker Number": 4,
                                    "Actual Startup Time": 444.35,
                                    "Actual Total Time": 444.354,
                                    "Actual Rows": 1,
                                    "Actual Loops": 1
                                }
                            ],
                            "Plans": [
                                {
                                    "Node Type": "Hash Join",
                                    "Parent Relationship": "Outer",
                                    "Parallel Aware": true,
                                    "Join Type": "Inner",
                                    "Startup Cost": 45596.21,
                                    "Total Cost": 162588.86,
                                    "Plan Rows": 7281,
                                    "Plan Width": 0,
                                    "Actual Startup Time": 114.266,
                                    "Actual Total Time": 444.674,
                                    "Actual Rows": 8800,
                                    "Actual Loops": 6,
                                    "Inner Unique": true,
                                    "Hash Cond": "(ci.movie_id = t.id)",
                                    "Workers": [
                                        {
                                            "Worker Number": 0,
                                            "Actual Startup Time": 112.237,
                                            "Actual Total Time": 442.408,
                                            "Actual Rows": 8795,
                                            "Actual Loops": 1
                                        },
                                        {
                                            "Worker Number": 1,
                                            "Actual Startup Time": 112.219,
                                            "Actual Total Time": 442.59,
                                            "Actual Rows": 8638,
                                            "Actual Loops": 1
                                        },
                                        {
                                            "Worker Number": 2,
                                            "Actual Startup Time": 111.923,
                                            "Actual Total Time": 442.408,
                                            "Actual Rows": 8612,
                                            "Actual Loops": 1
                                        },
                                        {
                                            "Worker Number": 3,
                                            "Actual Startup Time": 112.101,
                                            "Actual Total Time": 442.399,
                                            "Actual Rows": 8682,
                                            "Actual Loops": 1
                                        },
                                        {
                                            "Worker Number": 4,
                                            "Actual Startup Time": 112.937,
                                            "Actual Total Time": 443.469,
                                            "Actual Rows": 8490,
                                            "Actual Loops": 1
                                        }
                                    ],
                                    "Plans": [
                                        {
                                            "Node Type": "Index Scan",
                                            "Parent Relationship": "Outer",
                                            "Parallel Aware": true,
                                            "Scan Direction": "Forward",
                                            "Index Name": "role_id_cast_info",
                                            "Relation Name": "cast_info",
                                            "Schema": "public",
                                            "Alias": "ci",
                                            "Startup Cost": 0.56,
                                            "Total Cost": 115696.32,
                                            "Plan Rows": 494059,
                                            "Plan Width": 4,
                                            "Actual Startup Time": 0.162,
                                            "Actual Total Time": 223.571,
                                            "Actual Rows": 622008,
                                            "Actual Loops": 6,
                                            "Output": [
                                                "ci.id",
                                                "ci.person_id",
                                                "ci.movie_id",
                                                "ci.person_role_id",
                                                "ci.note",
                                                "ci.nr_order",
                                                "ci.role_id"
                                            ],
                                            "Index Cond": "(ci.role_id = 10)",
                                            "Rows Removed by Index Recheck": 0,
                                            "Filter": "(ci.person_id > 1489305)",
                                            "Rows Removed by Filter": 98494,
                                            "Workers": [
                                                {
                                                    "Worker Number": 0,
                                                    "Actual Startup Time": 0.303,
                                                    "Actual Total Time": 224.966,
                                                    "Actual Rows": 616444,
                                                    "Actual Loops": 1
                                                },
                                                {
                                                    "Worker Number": 1,
                                                    "Actual Startup Time": 0.184,
                                                    "Actual Total Time": 224.386,
                                                    "Actual Rows": 617136,
                                                    "Actual Loops": 1
                                                },
                                                {
                                                    "Worker Number": 2,
                                                    "Actual Startup Time": 0.099,
                                                    "Actual Total Time": 224.92,
                                                    "Actual Rows": 617148,
                                                    "Actual Loops": 1
                                                },
                                                {
                                                    "Worker Number": 3,
                                                    "Actual Startup Time": 0.235,
                                                    "Actual Total Time": 225.762,
                                                    "Actual Rows": 619296,
                                                    "Actual Loops": 1
                                                },
                                                {
                                                    "Worker Number": 4,
                                                    "Actual Startup Time": 0.101,
                                                    "Actual Total Time": 222.582,
                                                    "Actual Rows": 605009,
                                                    "Actual Loops": 1
                                                }
                                            ]
                                        },
                                        {
                                            "Node Type": "Hash",
                                            "Parent Relationship": "Inner",
                                            "Parallel Aware": true,
                                            "Startup Cost": 45479.21,
                                            "Total Cost": 45479.21,
                                            "Plan Rows": 9315,
                                            "Plan Width": 4,
                                            "Actual Startup Time": 112.643,
                                            "Actual Total Time": 112.645,
                                            "Actual Rows": 4032,
                                            "Actual Loops": 6,
                                            "Output": [
                                                "t.id"
                                            ],
                                            "Hash Buckets": 65536,
                                            "Original Hash Buckets": 65536,
                                            "Hash Batches": 1,
                                            "Original Hash Batches": 1,
                                            "Peak Memory Usage": 1568,
                                            "Workers": [
                                                {
                                                    "Worker Number": 0,
                                                    "Actual Startup Time": 111.2,
                                                    "Actual Total Time": 111.202,
                                                    "Actual Rows": 3607,
                                                    "Actual Loops": 1
                                                },
                                                {
                                                    "Worker Number": 1,
                                                    "Actual Startup Time": 111.186,
                                                    "Actual Total Time": 111.187,
                                                    "Actual Rows": 3611,
                                                    "Actual Loops": 1
                                                },
                                                {
                                                    "Worker Number": 2,
                                                    "Actual Startup Time": 111.176,
                                                    "Actual Total Time": 111.177,
                                                    "Actual Rows": 3624,
                                                    "Actual Loops": 1
                                                },
                                                {
                                                    "Worker Number": 3,
                                                    "Actual Startup Time": 111.21,
                                                    "Actual Total Time": 111.211,
                                                    "Actual Rows": 3722,
                                                    "Actual Loops": 1
                                                },
                                                {
                                                    "Worker Number": 4,
                                                    "Actual Startup Time": 112.209,
                                                    "Actual Total Time": 112.211,
                                                    "Actual Rows": 3395,
                                                    "Actual Loops": 1
                                                }
                                            ],
                                            "Plans": [
                                                {
                                                    "Node Type": "Seq Scan",
                                                    "Parent Relationship": "Outer",
                                                    "Parallel Aware": true,
                                                    "Relation Name": "title",
                                                    "Schema": "public",
                                                    "Alias": "t",
                                                    "Startup Cost": 0.0,
                                                    "Total Cost": 45479.21,
                                                    "Plan Rows": 9315,
                                                    "Plan Width": 4,
                                                    "Actual Startup Time": 0.288,
                                                    "Actual Total Time": 109.566,
                                                    "Actual Rows": 4032,
                                                    "Actual Loops": 6,
                                                    "Output": [
                                                        "t.id"
                                                    ],
                                                    "Filter": "((t.kind_id < 4) AND (t.production_year = 2006))",
                                                    "Rows Removed by Filter": 417353,
                                                    "Workers": [
                                                        {
                                                            "Worker Number": 0,
                                                            "Actual Startup Time": 0.158,
                                                            "Actual Total Time": 108.288,
                                                            "Actual Rows": 3607,
                                                            "Actual Loops": 1
                                                        },
                                                        {
                                                            "Worker Number": 1,
                                                            "Actual Startup Time": 0.157,
                                                            "Actual Total Time": 108.231,
                                                            "Actual Rows": 3611,
                                                            "Actual Loops": 1
                                                        },
                                                        {
                                                            "Worker Number": 2,
                                                            "Actual Startup Time": 0.496,
                                                            "Actual Total Time": 108.351,
                                                            "Actual Rows": 3624,
                                                            "Actual Loops": 1
                                                        },
                                                        {
                                                            "Worker Number": 3,
                                                            "Actual Startup Time": 0.105,
                                                            "Actual Total Time": 108.342,
                                                            "Actual Rows": 3722,
                                                            "Actual Loops": 1
                                                        },
                                                        {
                                                            "Worker Number": 4,
                                                            "Actual Startup Time": 0.716,
                                                            "Actual Total Time": 109.09,
                                                            "Actual Rows": 3395,
                                                            "Actual Loops": 1
                                                        }
                                                    ]
                                                }
                                            ]
                                        }
                                    ]
                                }
                            ]
                        }
                    ]
                }
            ]
        },
        "Planning Time": 1645.955,
        "Triggers": [],
        "Execution Time": 485.938
    }
]