[
  {
    "Plan": {
      "Node Type": "Aggregate",
      "Strategy": "Plain",
      "Partial Mode": "Finalize",
      "Parallel Aware": false,
      "Startup Cost": 46117.4,
      "Total Cost": 46117.41,
      "Plan Rows": 1,
      "Plan Width": 8,
      "Actual Startup Time": 177.833,
      "Actual Total Time": 188.142,
      "Actual Rows": 1,
      "Actual Loops": 1,
      "Plans": [
        {
          "Node Type": "Gather",
          "Parent Relationship": "Outer",
          "Parallel Aware": false,
          "Startup Cost": 46117.09,
          "Total Cost": 46117.4,
          "Plan Rows": 3,
          "Plan Width": 8,
          "Actual Startup Time": 177.671,
          "Actual Total Time": 188.129,
          "Actual Rows": 4,
          "Actual Loops": 1,
          "Workers Planned": 3,
          "Workers Launched": 3,
          "Single Copy": false,
          "Plans": [
            {
              "Node Type": "Aggregate",
              "Strategy": "Plain",
              "Partial Mode": "Partial",
              "Parent Relationship": "Outer",
              "Parallel Aware": false,
              "Startup Cost": 45117.09,
              "Total Cost": 45117.1,
              "Plan Rows": 1,
              "Plan Width": 8,
              "Actual Startup Time": 169.98,
              "Actual Total Time": 169.981,
              "Actual Rows": 1,
              "Actual Loops": 4,
              "Plans": [
                {
                  "Node Type": "Seq Scan",
                  "Parent Relationship": "Outer",
                  "Parallel Aware": true,
                  "Relation Name": "movie_keyword",
                  "Alias": "mk",
                  "Startup Cost": 0.0,
                  "Total Cost": 42695.65,
                  "Plan Rows": 968573,
                  "Plan Width": 0,
                  "Actual Startup Time": 0.324,
                  "Actual Total Time": 131.109,
                  "Actual Rows": 752678,
                  "Actual Loops": 4,
                  "Filter": "(keyword_id > 2193)",
                  "Rows Removed by Filter": 378305
                }
              ]
            }
          ]
        }
      ]
    },
    "Planning Time": 0.155,
    "Triggers": [],
    "Execution Time": 188.192
  }
]