[
    {
        "Bao": {
            "Bao prediction": "NaN",
            "Bao recommended hint": "(no hint)"
        }
    },
    {
        "Plan": {
            "Node Type": "Aggregate",
            "Strategy": "Plain",
            "Partial Mode": "Finalize",
            "Parallel Aware": false,
            "Startup Cost": 299716.65,
            "Total Cost": 299716.66,
            "Plan Rows": 1,
            "Plan Width": 8,
            "Actual Startup Time": 196.255,
            "Actual Total Time": 203.4,
            "Actual Rows": 1,
            "Actual Loops": 1,
            "Output": [
                "count(*)"
            ],
            "Plans": [
                {
                    "Node Type": "Gather",
                    "Parent Relationship": "Outer",
                    "Parallel Aware": false,
                    "Startup Cost": 299716.03,
                    "Total Cost": 299716.64,
                    "Plan Rows": 6,
                    "Plan Width": 8,
                    "Actual Startup Time": 195.456,
                    "Actual Total Time": 203.393,
                    "Actual Rows": 7,
                    "Actual Loops": 1,
                    "Output": [
                        "(PARTIAL count(*))"
                    ],
                    "Workers Planned": 6,
                    "Workers Launched": 6,
                    "Single Copy": false,
                    "Plans": [
                        {
                            "Node Type": "Aggregate",
                            "Strategy": "Plain",
                            "Partial Mode": "Partial",
                            "Parent Relationship": "Outer",
                            "Parallel Aware": false,
                            "Startup Cost": 298716.03,
                            "Total Cost": 298716.04,
                            "Plan Rows": 1,
                            "Plan Width": 8,
                            "Actual Startup Time": 185.297,
                            "Actual Total Time": 185.298,
                            "Actual Rows": 1,
                            "Actual Loops": 7,
                            "Output": [
                                "PARTIAL count(*)"
                            ],
                            "Workers": [
                                {
                                    "Worker Number": 0,
                                    "Actual Startup Time": 183.011,
                                    "Actual Total Time": 183.012,
                                    "Actual Rows": 1,
                                    "Actual Loops": 1
                                },
                                {
                                    "Worker Number": 1,
                                    "Actual Startup Time": 183.031,
                                    "Actual Total Time": 183.033,
                                    "Actual Rows": 1,
                                    "Actual Loops": 1
                                },
                                {
                                    "Worker Number": 2,
                                    "Actual Startup Time": 183.613,
                                    "Actual Total Time": 183.614,
                                    "Actual Rows": 1,
                                    "Actual Loops": 1
                                },
                                {
                                    "Worker Number": 3,
                                    "Actual Startup Time": 183.999,
                                    "Actual Total Time": 184.0,
                                    "Actual Rows": 1,
                                    "Actual Loops": 1
                                },
                                {
                                    "Worker Number": 4,
                                    "Actual Startup Time": 183.862,
                                    "Actual Total Time": 183.864,
                                    "Actual Rows": 1,
                                    "Actual Loops": 1
                                },
                                {
                                    "Worker Number": 5,
                                    "Actual Startup Time": 184.554,
                                    "Actual Total Time": 184.556,
                                    "Actual Rows": 1,
                                    "Actual Loops": 1
                                }
                            ],
                            "Plans": [
                                {
                                    "Node Type": "Bitmap Heap Scan",
                                    "Parent Relationship": "Outer",
                                    "Parallel Aware": true,
                                    "Relation Name": "cast_info",
                                    "Schema": "public",
                                    "Alias": "ci",
                                    "Startup Cost": 41082.63,
                                    "Total Cost": 298457.22,
                                    "Plan Rows": 103523,
                                    "Plan Width": 0,
                                    "Actual Startup Time": 155.682,
                                    "Actual Total Time": 181.527,
                                    "Actual Rows": 55739,
                                    "Actual Loops": 7,
                                    "Recheck Cond": "(ci.person_id < 187054)",
                                    "Rows Removed by Index Recheck": 0,
                                    "Filter": "(ci.role_id > 3)",
                                    "Rows Removed by Filter": 216232,
                                    "Exact Heap Blocks": 4265,
                                    "Lossy Heap Blocks": 0,
                                    "Workers": [
                                        {
                                            "Worker Number": 0,
                                            "Actual Startup Time": 153.379,
                                            "Actual Total Time": 179.347,
                                            "Actual Rows": 53307,
                                            "Actual Loops": 1
                                        },
                                        {
                                            "Worker Number": 1,
                                            "Actual Startup Time": 153.409,
                                            "Actual Total Time": 179.38,
                                            "Actual Rows": 52889,
                                            "Actual Loops": 1
                                        },
                                        {
                                            "Worker Number": 2,
                                            "Actual Startup Time": 154.013,
                                            "Actual Total Time": 179.893,
                                            "Actual Rows": 54209,
                                            "Actual Loops": 1
                                        },
                                        {
                                            "Worker Number": 3,
                                            "Actual Startup Time": 154.381,
                                            "Actual Total Time": 180.313,
                                            "Actual Rows": 53597,
                                            "Actual Loops": 1
                                        },
                                        {
                                            "Worker Number": 4,
                                            "Actual Startup Time": 154.265,
                                            "Actual Total Time": 180.206,
                                            "Actual Rows": 52985,
                                            "Actual Loops": 1
                                        },
                                        {
                                            "Worker Number": 5,
                                            "Actual Startup Time": 154.951,
                                            "Actual Total Time": 180.834,
                                            "Actual Rows": 54171,
                                            "Actual Loops": 1
                                        }
                                    ],
                                    "Plans": [
                                        {
                                            "Node Type": "Bitmap Index Scan",
                                            "Parent Relationship": "Outer",
                                            "Parallel Aware": false,
                                            "Index Name": "person_id_cast_info",
                                            "Startup Cost": 0.0,
                                            "Total Cost": 40927.34,
                                            "Plan Rows": 1875037,
                                            "Plan Width": 0,
                                            "Actual Startup Time": 93.965,
                                            "Actual Total Time": 93.965,
                                            "Actual Rows": 1903795,
                                            "Actual Loops": 1,
                                            "Index Cond": "(ci.person_id < 187054)"
                                        }
                                    ]
                                }
                            ]
                        }
                    ]
                }
            ]
        },
        "Planning Time": 285.058,
        "Triggers": [],
        "Execution Time": 203.463
    }
]