[
  {
    "Plan": {
      "Node Type": "Aggregate",
      "Strategy": "Plain",
      "Partial Mode": "Finalize",
      "Parallel Aware": false,
      "Startup Cost": 46280.32,
      "Total Cost": 46280.33,
      "Plan Rows": 1,
      "Plan Width": 8,
      "Actual Startup Time": 180.634,
      "Actual Total Time": 190.409,
      "Actual Rows": 1,
      "Actual Loops": 1,
      "Plans": [
        {
          "Node Type": "Gather",
          "Parent Relationship": "Outer",
          "Parallel Aware": false,
          "Startup Cost": 46280.0,
          "Total Cost": 46280.31,
          "Plan Rows": 3,
          "Plan Width": 8,
          "Actual Startup Time": 180.503,
          "Actual Total Time": 190.399,
          "Actual Rows": 4,
          "Actual Loops": 1,
          "Workers Planned": 3,
          "Workers Launched": 3,
          "Single Copy": false,
          "Plans": [
            {
              "Node Type": "Aggregate",
              "Strategy": "Plain",
              "Partial Mode": "Partial",
              "Parent Relationship": "Outer",
              "Parallel Aware": false,
              "Startup Cost": 45280.0,
              "Total Cost": 45280.01,
              "Plan Rows": 1,
              "Plan Width": 8,
              "Actual Startup Time": 171.854,
              "Actual Total Time": 171.855,
              "Actual Rows": 1,
              "Actual Loops": 4,
              "Plans": [
                {
                  "Node Type": "Seq Scan",
                  "Parent Relationship": "Outer",
                  "Parallel Aware": true,
                  "Relation Name": "movie_keyword",
                  "Alias": "mk",
                  "Startup Cost": 0.0,
                  "Total Cost": 42695.65,
                  "Plan Rows": 1033738,
                  "Plan Width": 0,
                  "Actual Startup Time": 0.242,
                  "Actual Total Time": 133.016,
                  "Actual Rows": 797880,
                  "Actual Loops": 4,
                  "Filter": "(keyword_id > 1740)",
                  "Rows Removed by Filter": 333103
                }
              ]
            }
          ]
        }
      ]
    },
    "Planning Time": 0.161,
    "Triggers": [],
    "Execution Time": 190.459
  }
]