[
  {
    "Plan": {
      "Node Type": "Aggregate",
      "Strategy": "Plain",
      "Partial Mode": "Finalize",
      "Parallel Aware": false,
      "Startup Cost": 91549.67,
      "Total Cost": 91549.68,
      "Plan Rows": 1,
      "Plan Width": 8,
      "Actual Startup Time": 364.368,
      "Actual Total Time": 382.8,
      "Actual Rows": 1,
      "Actual Loops": 1,
      "Plans": [
        {
          "Node Type": "Gather",
          "Parent Relationship": "Outer",
          "Parallel Aware": false,
          "Startup Cost": 91549.35,
          "Total Cost": 91549.66,
          "Plan Rows": 3,
          "Plan Width": 8,
          "Actual Startup Time": 362.322,
          "Actual Total Time": 382.788,
          "Actual Rows": 4,
          "Actual Loops": 1,
          "Workers Planned": 3,
          "Workers Launched": 3,
          "Single Copy": false,
          "Plans": [
            {
              "Node Type": "Aggregate",
              "Strategy": "Plain",
              "Partial Mode": "Partial",
              "Parent Relationship": "Outer",
              "Parallel Aware": false,
              "Startup Cost": 90549.35,
              "Total Cost": 90549.36,
              "Plan Rows": 1,
              "Plan Width": 8,
              "Actual Startup Time": 355.517,
              "Actual Total Time": 355.521,
              "Actual Rows": 1,
              "Actual Loops": 4,
              "Plans": [
                {
                  "Node Type": "Hash Join",
                  "Parent Relationship": "Outer",
                  "Parallel Aware": true,
                  "Join Type": "Inner",
                  "Startup Cost": 44992.27,
                  "Total Cost": 90216.28,
                  "Plan Rows": 133231,
                  "Plan Width": 0,
                  "Actual Startup Time": 140.082,
                  "Actual Total Time": 347.806,
                  "Actual Rows": 155165,
                  "Actual Loops": 4,
                  "Inner Unique": true,
                  "Hash Cond": "(mk.movie_id = t.id)",
                  "Plans": [
                    {
                      "Node Type": "Seq Scan",
                      "Parent Relationship": "Outer",
                      "Parallel Aware": true,
                      "Relation Name": "movie_keyword",
                      "Alias": "mk",
                      "Startup Cost": 0.0,
                      "Total Cost": 42695.65,
                      "Plan Rows": 963181,
                      "Plan Width": 4,
                      "Actual Startup Time": 0.128,
                      "Actual Total Time": 124.377,
                      "Actual Rows": 746478,
                      "Actual Loops": 4,
                      "Filter": "(keyword_id > 2245)",
                      "Rows Removed by Filter": 384505
                    },
                    {
                      "Node Type": "Hash",
                      "Parent Relationship": "Inner",
                      "Parallel Aware": true,
                      "Startup Cost": 43899.32,
                      "Total Cost": 43899.32,
                      "Plan Rows": 87436,
                      "Plan Width": 4,
                      "Actual Startup Time": 137.643,
                      "Actual Total Time": 137.644,
                      "Actual Rows": 91608,
                      "Actual Loops": 4,
                      "Hash Buckets": 524288,
                      "Original Hash Buckets": 524288,
                      "Hash Batches": 1,
                      "Original Hash Batches": 1,
                      "Peak Memory Usage": 18496,
                      "Plans": [
                        {
                          "Node Type": "Seq Scan",
                          "Parent Relationship": "Outer",
                          "Parallel Aware": true,
                          "Relation Name": "title",
                          "Alias": "t",
                          "Startup Cost": 0.0,
                          "Total Cost": 43899.32,
                          "Plan Rows": 87436,
                          "Plan Width": 4,
                          "Actual Startup Time": 0.047,
                          "Actual Total Time": 104.017,
                          "Actual Rows": 91608,
                          "Actual Loops": 4,
                          "Filter": "(production_year < 1970)",
                          "Rows Removed by Filter": 540470
                        }
                      ]
                    }
                  ]
                }
              ]
            }
          ]
        }
      ]
    },
    "Planning Time": 0.398,
    "Triggers": [],
    "Execution Time": 382.832
  }
]