[
  {
    "Plan": {
      "Node Type": "Aggregate",
      "Strategy": "Plain",
      "Partial Mode": "Finalize",
      "Parallel Aware": false,
      "Startup Cost": 388956.32,
      "Total Cost": 388956.33,
      "Plan Rows": 1,
      "Plan Width": 8,
      "Actual Startup Time": 1002.679,
      "Actual Total Time": 1031.107,
      "Actual Rows": 1,
      "Actual Loops": 1,
      "Plans": [
        {
          "Node Type": "Gather",
          "Parent Relationship": "Outer",
          "Parallel Aware": false,
          "Startup Cost": 388955.7,
          "Total Cost": 388956.31,
          "Plan Rows": 6,
          "Plan Width": 8,
          "Actual Startup Time": 993.784,
          "Actual Total Time": 1031.094,
          "Actual Rows": 7,
          "Actual Loops": 1,
          "Workers Planned": 6,
          "Workers Launched": 6,
          "Single Copy": false,
          "Plans": [
            {
              "Node Type": "Aggregate",
              "Strategy": "Plain",
              "Partial Mode": "Partial",
              "Parent Relationship": "Outer",
              "Parallel Aware": false,
              "Startup Cost": 387955.7,
              "Total Cost": 387955.71,
              "Plan Rows": 1,
              "Plan Width": 8,
              "Actual Startup Time": 982.455,
              "Actual Total Time": 982.458,
              "Actual Rows": 1,
              "Actual Loops": 7,
              "Plans": [
                {
                  "Node Type": "Hash Join",
                  "Parent Relationship": "Outer",
                  "Parallel Aware": true,
                  "Join Type": "Inner",
                  "Startup Cost": 46358.14,
                  "Total Cost": 386501.13,
                  "Plan Rows": 581829,
                  "Plan Width": 0,
                  "Actual Startup Time": 135.147,
                  "Actual Total Time": 959.711,
                  "Actual Rows": 533877,
                  "Actual Loops": 7,
                  "Inner Unique": true,
                  "Hash Cond": "(ci.movie_id = t.id)",
                  "Plans": [
                    {
                      "Node Type": "Index Scan",
                      "Parent Relationship": "Outer",
                      "Parallel Aware": true,
                      "Scan Direction": "Forward",
                      "Index Name": "role_id_cast_info",
                      "Relation Name": "cast_info",
                      "Alias": "ci",
                      "Startup Cost": 0.56,
                      "Total Cost": 335235.55,
                      "Plan Rows": 1869710,
                      "Plan Width": 4,
                      "Actual Startup Time": 0.132,
                      "Actual Total Time": 362.866,
                      "Actual Rows": 1810098,
                      "Actual Loops": 7,
                      "Index Cond": "(role_id < 2)",
                      "Rows Removed by Index Recheck": 0,
                      "Filter": "(person_id < 3424609)",
                      "Rows Removed by Filter": 0
                    },
                    {
                      "Node Type": "Hash",
                      "Parent Relationship": "Inner",
                      "Parallel Aware": true,
                      "Startup Cost": 43898.92,
                      "Total Cost": 43898.92,
                      "Plan Rows": 196693,
                      "Plan Width": 4,
                      "Actual Startup Time": 131.617,
                      "Actual Total Time": 131.619,
                      "Actual Rows": 112132,
                      "Actual Loops": 7,
                      "Hash Buckets": 1048576,
                      "Original Hash Buckets": 1048576,
                      "Hash Batches": 1,
                      "Original Hash Batches": 1,
                      "Peak Memory Usage": 39008,
                      "Plans": [
                        {
                          "Node Type": "Seq Scan",
                          "Parent Relationship": "Outer",
                          "Parallel Aware": true,
                          "Relation Name": "title",
                          "Alias": "t",
                          "Startup Cost": 0.0,
                          "Total Cost": 43898.92,
                          "Plan Rows": 196693,
                          "Plan Width": 4,
                          "Actual Startup Time": 0.042,
                          "Actual Total Time": 75.413,
                          "Actual Rows": 112132,
                          "Actual Loops": 7,
                          "Filter": "(production_year > 2007)",
                          "Rows Removed by Filter": 249055
                        }
                      ]
                    }
                  ]
                }
              ]
            }
          ]
        }
      ]
    },
    "Planning Time": 0.61,
    "Triggers": [],
    "Execution Time": 1031.191
  }
]