[
  {
    "Plan": {
      "Node Type": "Aggregate",
      "Strategy": "Plain",
      "Partial Mode": "Finalize",
      "Parallel Aware": false,
      "Startup Cost": 32693.79,
      "Total Cost": 32693.8,
      "Plan Rows": 1,
      "Plan Width": 8,
      "Actual Startup Time": 76.348,
      "Actual Total Time": 84.283,
      "Actual Rows": 1,
      "Actual Loops": 1,
      "Plans": [
        {
          "Node Type": "Gather",
          "Parent Relationship": "Outer",
          "Parallel Aware": false,
          "Startup Cost": 32693.47,
          "Total Cost": 32693.78,
          "Plan Rows": 3,
          "Plan Width": 8,
          "Actual Startup Time": 76.209,
          "Actual Total Time": 84.276,
          "Actual Rows": 4,
          "Actual Loops": 1,
          "Workers Planned": 3,
          "Workers Launched": 3,
          "Single Copy": false,
          "Plans": [
            {
              "Node Type": "Aggregate",
              "Strategy": "Plain",
              "Partial Mode": "Partial",
              "Parent Relationship": "Outer",
              "Parallel Aware": false,
              "Startup Cost": 31693.47,
              "Total Cost": 31693.48,
              "Plan Rows": 1,
              "Plan Width": 8,
              "Actual Startup Time": 71.214,
              "Actual Total Time": 71.216,
              "Actual Rows": 1,
              "Actual Loops": 4,
              "Plans": [
                {
                  "Node Type": "Seq Scan",
                  "Parent Relationship": "Outer",
                  "Parallel Aware": true,
                  "Relation Name": "movie_companies",
                  "Alias": "mc",
                  "Startup Cost": 0.0,
                  "Total Cost": 31414.82,
                  "Plan Rows": 111460,
                  "Plan Width": 0,
                  "Actual Startup Time": 29.656,
                  "Actual Total Time": 70.757,
                  "Actual Rows": 8493,
                  "Actual Loops": 4,
                  "Filter": "((company_id > 45503) AND (company_type_id = 1))",
                  "Rows Removed by Filter": 643789
                }
              ]
            }
          ]
        }
      ]
    },
    "Planning Time": 0.189,
    "Triggers": [],
    "Execution Time": 84.332
  }
]