[
  {
    "Plan": {
      "Node Type": "Aggregate",
      "Strategy": "Plain",
      "Partial Mode": "Finalize",
      "Parallel Aware": false,
      "Startup Cost": 349403.69,
      "Total Cost": 349403.7,
      "Plan Rows": 1,
      "Plan Width": 8,
      "Actual Startup Time": 720.469,
      "Actual Total Time": 764.189,
      "Actual Rows": 1,
      "Actual Loops": 1,
      "Plans": [
        {
          "Node Type": "Gather",
          "Parent Relationship": "Outer",
          "Parallel Aware": false,
          "Startup Cost": 349403.07,
          "Total Cost": 349403.67,
          "Plan Rows": 6,
          "Plan Width": 8,
          "Actual Startup Time": 720.255,
          "Actual Total Time": 764.167,
          "Actual Rows": 7,
          "Actual Loops": 1,
          "Workers Planned": 6,
          "Workers Launched": 6,
          "Single Copy": false,
          "Plans": [
            {
              "Node Type": "Aggregate",
              "Strategy": "Plain",
              "Partial Mode": "Partial",
              "Parent Relationship": "Outer",
              "Parallel Aware": false,
              "Startup Cost": 348403.07,
              "Total Cost": 348403.08,
              "Plan Rows": 1,
              "Plan Width": 8,
              "Actual Startup Time": 714.4,
              "Actual Total Time": 714.402,
              "Actual Rows": 1,
              "Actual Loops": 7,
              "Plans": [
                {
                  "Node Type": "Seq Scan",
                  "Parent Relationship": "Outer",
                  "Parallel Aware": true,
                  "Relation Name": "cast_info",
                  "Alias": "ci",
                  "Startup Cost": 0.0,
                  "Total Cost": 343316.27,
                  "Plan Rows": 2034718,
                  "Plan Width": 0,
                  "Actual Startup Time": 265.936,
                  "Actual Total Time": 646.945,
                  "Actual Rows": 1372490,
                  "Actual Loops": 7,
                  "Filter": "((person_id > 2137562) AND (role_id < 8))",
                  "Rows Removed by Filter": 3805274
                }
              ]
            }
          ]
        }
      ]
    },
    "Planning Time": 0.15,
    "Triggers": [],
    "Execution Time": 764.243
  }
]