[
  {
    "Plan": {
      "Node Type": "Aggregate",
      "Strategy": "Plain",
      "Partial Mode": "Simple",
      "Parallel Aware": false,
      "Startup Cost": 26539.85,
      "Total Cost": 26539.86,
      "Plan Rows": 1,
      "Plan Width": 8,
      "Actual Startup Time": 50.601,
      "Actual Total Time": 50.602,
      "Actual Rows": 1,
      "Actual Loops": 1,
      "Plans": [
        {
          "Node Type": "Bitmap Heap Scan",
          "Parent Relationship": "Outer",
          "Parallel Aware": false,
          "Relation Name": "movie_keyword",
          "Alias": "mk",
          "Startup Cost": 1222.5,
          "Total Cost": 26395.96,
          "Plan Rows": 57557,
          "Plan Width": 0,
          "Actual Startup Time": 17.346,
          "Actual Total Time": 46.972,
          "Actual Rows": 54737,
          "Actual Loops": 1,
          "Recheck Cond": "(keyword_id < 54)",
          "Rows Removed by Index Recheck": 0,
          "Exact Heap Blocks": 16118,
          "Lossy Heap Blocks": 0,
          "Plans": [
            {
              "Node Type": "Bitmap Index Scan",
              "Parent Relationship": "Outer",
              "Parallel Aware": false,
              "Index Name": "keyword_id_movie_keyword",
              "Startup Cost": 0.0,
              "Total Cost": 1208.11,
              "Plan Rows": 57557,
              "Plan Width": 0,
              "Actual Startup Time": 11.736,
              "Actual Total Time": 11.736,
              "Actual Rows": 54737,
              "Actual Loops": 1,
              "Index Cond": "(keyword_id < 54)"
            }
          ]
        }
      ]
    },
    "Planning Time": 0.239,
    "Triggers": [],
    "Execution Time": 50.655
  }
]