[
  {
    "Plan": {
      "Node Type": "Aggregate",
      "Strategy": "Plain",
      "Partial Mode": "Finalize",
      "Parallel Aware": false,
      "Startup Cost": 33378.63,
      "Total Cost": 33378.64,
      "Plan Rows": 1,
      "Plan Width": 8,
      "Actual Startup Time": 117.707,
      "Actual Total Time": 127.081,
      "Actual Rows": 1,
      "Actual Loops": 1,
      "Plans": [
        {
          "Node Type": "Gather",
          "Parent Relationship": "Outer",
          "Parallel Aware": false,
          "Startup Cost": 33378.31,
          "Total Cost": 33378.62,
          "Plan Rows": 3,
          "Plan Width": 8,
          "Actual Startup Time": 117.542,
          "Actual Total Time": 127.067,
          "Actual Rows": 4,
          "Actual Loops": 1,
          "Workers Planned": 3,
          "Workers Launched": 3,
          "Single Copy": false,
          "Plans": [
            {
              "Node Type": "Aggregate",
              "Strategy": "Plain",
              "Partial Mode": "Partial",
              "Parent Relationship": "Outer",
              "Parallel Aware": false,
              "Startup Cost": 32378.31,
              "Total Cost": 32378.32,
              "Plan Rows": 1,
              "Plan Width": 8,
              "Actual Startup Time": 107.709,
              "Actual Total Time": 107.712,
              "Actual Rows": 1,
              "Actual Loops": 4,
              "Plans": [
                {
                  "Node Type": "Seq Scan",
                  "Parent Relationship": "Outer",
                  "Parallel Aware": true,
                  "Relation Name": "movie_companies",
                  "Alias": "mc",
                  "Startup Cost": 0.0,
                  "Total Cost": 31414.82,
                  "Plan Rows": 385397,
                  "Plan Width": 0,
                  "Actual Startup Time": 0.033,
                  "Actual Total Time": 88.867,
                  "Actual Rows": 318562,
                  "Actual Loops": 4,
                  "Filter": "((company_id < 127306) AND (company_type_id = 1))",
                  "Rows Removed by Filter": 333721
                }
              ]
            }
          ]
        }
      ]
    },
    "Planning Time": 0.283,
    "Triggers": [],
    "Execution Time": 127.143
  }
]