{
  "Plan": {
    "Node Type": "Aggregate",
    "Strategy": "Plain",
    "Partial Mode": "Finalize",
    "Parallel Aware": false,
    "Startup Cost": 100263.37,
    "Total Cost": 100263.38,
    "Plan Rows": 1,
    "Plan Width": 8,
    "Actual Startup Time": 130.427,
    "Actual Total Time": 140.67,
    "Actual Rows": 1,
    "Actual Loops": 1,
    "Plans": [
      {
        "Node Type": "Gather",
        "Parent Relationship": "Outer",
        "Parallel Aware": false,
        "Startup Cost": 100263.25,
        "Total Cost": 100263.36,
        "Plan Rows": 1,
        "Plan Width": 8,
        "Actual Startup Time": 130.252,
        "Actual Total Time": 140.663,
        "Actual Rows": 2,
        "Actual Loops": 1,
        "Workers Planned": 1,
        "Workers Launched": 1,
        "Single Copy": false,
        "Plans": [
          {
            "Node Type": "Aggregate",
            "Strategy": "Plain",
            "Partial Mode": "Partial",
            "Parent Relationship": "Outer",
            "Parallel Aware": false,
            "Startup Cost": 99263.25,
            "Total Cost": 99263.26,
            "Plan Rows": 1,
            "Plan Width": 8,
            "Actual Startup Time": 127.044,
            "Actual Total Time": 127.045,
            "Actual Rows": 1,
            "Actual Loops": 2,
            "Plans": [
              {
                "Node Type": "Nested Loop",
                "Parent Relationship": "Outer",
                "Parallel Aware": false,
                "Join Type": "Inner",
                "Startup Cost": 11825.68,
                "Total Cost": 99256.02,
                "Plan Rows": 2892,
                "Plan Width": 0,
                "Actual Startup Time": 38.423,
                "Actual Total Time": 126.653,
                "Actual Rows": 6254,
                "Actual Loops": 2,
                "Inner Unique": false,
                "Plans": [
                  {
                    "Node Type": "Bitmap Heap Scan",
                    "Parent Relationship": "Outer",
                    "Parallel Aware": true,
                    "Relation Name": "title",
                    "Alias": "t",
                    "Startup Cost": 11825.25,
                    "Total Cost": 53675.51,
                    "Plan Rows": 5644,
                    "Plan Width": 4,
                    "Actual Startup Time": 36.886,
                    "Actual Total Time": 95.125,
                    "Actual Rows": 2931,
                    "Actual Loops": 2,
                    "Recheck Cond": "(kind_id = 1)",
                    "Rows Removed by Index Recheck": 0,
                    "Filter": "(production_year = 1996)",
                    "Rows Removed by Filter": 328482,
                    "Exact Heap Blocks": 8951,
                    "Lossy Heap Blocks": 0,
                    "Plans": [
                      {
                        "Node Type": "Bitmap Index Scan",
                        "Parent Relationship": "Outer",
                        "Parallel Aware": false,
                        "Index Name": "kind_id_title",
                        "Startup Cost": 0.0,
                        "Total Cost": 11822.85,
                        "Plan Rows": 663256,
                        "Plan Width": 0,
                        "Actual Startup Time": 37.688,
                        "Actual Total Time": 37.689,
                        "Actual Rows": 662825,
                        "Actual Loops": 1,
                        "Index Cond": "(kind_id = 1)"
                      }
                    ]
                  },
                  {
                    "Node Type": "Index Scan",
                    "Parent Relationship": "Inner",
                    "Parallel Aware": false,
                    "Scan Direction": "Forward",
                    "Index Name": "movie_id_movie_keyword",
                    "Relation Name": "movie_keyword",
                    "Alias": "mk",
                    "Startup Cost": 0.43,
                    "Total Cost": 7.95,
                    "Plan Rows": 13,
                    "Plan Width": 4,
                    "Actual Startup Time": 0.009,
                    "Actual Total Time": 0.01,
                    "Actual Rows": 2,
                    "Actual Loops": 5862,
                    "Index Cond": "(movie_id = t.id)",
                    "Rows Removed by Index Recheck": 0,
                    "Filter": "(keyword_id < 1716)",
                    "Rows Removed by Filter": 5
                  }
                ]
              }
            ]
          }
        ]
      }
    ]
  },
  "Planning Time": 0.439,
  "Triggers": [],
  "Execution Time": 140.738
}