[
  {
    "Plan": {
      "Node Type": "Aggregate",
      "Strategy": "Plain",
      "Partial Mode": "Finalize",
      "Parallel Aware": false,
      "Startup Cost": 116034.65,
      "Total Cost": 116034.66,
      "Plan Rows": 1,
      "Plan Width": 8,
      "Actual Startup Time": 880.05,
      "Actual Total Time": 900.22,
      "Actual Rows": 1,
      "Actual Loops": 1,
      "Plans": [
        {
          "Node Type": "Gather",
          "Parent Relationship": "Outer",
          "Parallel Aware": false,
          "Startup Cost": 116034.43,
          "Total Cost": 116034.64,
          "Plan Rows": 2,
          "Plan Width": 8,
          "Actual Startup Time": 868.054,
          "Actual Total Time": 900.213,
          "Actual Rows": 3,
          "Actual Loops": 1,
          "Workers Planned": 2,
          "Workers Launched": 2,
          "Single Copy": false,
          "Plans": [
            {
              "Node Type": "Aggregate",
              "Strategy": "Plain",
              "Partial Mode": "Partial",
              "Parent Relationship": "Outer",
              "Parallel Aware": false,
              "Startup Cost": 115034.43,
              "Total Cost": 115034.44,
              "Plan Rows": 1,
              "Plan Width": 8,
              "Actual Startup Time": 858.99,
              "Actual Total Time": 858.995,
              "Actual Rows": 1,
              "Actual Loops": 3,
              "Plans": [
                {
                  "Node Type": "Hash Join",
                  "Parent Relationship": "Outer",
                  "Parallel Aware": true,
                  "Join Type": "Inner",
                  "Startup Cost": 98094.41,
                  "Total Cost": 114554.78,
                  "Plan Rows": 191862,
                  "Plan Width": 0,
                  "Actual Startup Time": 692.661,
                  "Actual Total Time": 834.34,
                  "Actual Rows": 647682,
                  "Actual Loops": 3,
                  "Inner Unique": false,
                  "Hash Cond": "(mi_idx.movie_id = t.id)",
                  "Plans": [
                    {
                      "Node Type": "Seq Scan",
                      "Parent Relationship": "Outer",
                      "Parallel Aware": true,
                      "Relation Name": "movie_info_idx",
                      "Alias": "mi_idx",
                      "Startup Cost": 0.0,
                      "Total Cost": 13685.15,
                      "Plan Rows": 575015,
                      "Plan Width": 4,
                      "Actual Startup Time": 0.03,
                      "Actual Total Time": 34.514,
                      "Actual Rows": 460012,
                      "Actual Loops": 3
                    },
                    {
                      "Node Type": "Hash",
                      "Parent Relationship": "Inner",
                      "Parallel Aware": true,
                      "Startup Cost": 94692.8,
                      "Total Cost": 94692.8,
                      "Plan Rows": 272129,
                      "Plan Width": 8,
                      "Actual Startup Time": 686.509,
                      "Actual Total Time": 686.513,
                      "Actual Rows": 295295,
                      "Actual Loops": 3,
                      "Hash Buckets": 1048576,
                      "Original Hash Buckets": 1048576,
                      "Hash Batches": 1,
                      "Original Hash Batches": 1,
                      "Peak Memory Usage": 42880,
                      "Plans": [
                        {
                          "Node Type": "Hash Join",
                          "Parent Relationship": "Outer",
                          "Parallel Aware": true,
                          "Join Type": "Inner",
                          "Startup Cost": 51226.97,
                          "Total Cost": 94692.8,
                          "Plan Rows": 272129,
                          "Plan Width": 8,
                          "Actual Startup Time": 411.526,
                          "Actual Total Time": 612.555,
                          "Actual Rows": 295295,
                          "Actual Loops": 3,
                          "Inner Unique": true,
                          "Hash Cond": "(mk.movie_id = t.id)",
                          "Plans": [
                            {
                              "Node Type": "Seq Scan",
                              "Parent Relationship": "Outer",
                              "Parallel Aware": true,
                              "Relation Name": "movie_keyword",
                              "Alias": "mk",
                              "Startup Cost": 0.0,
                              "Total Cost": 42695.65,
                              "Plan Rows": 293403,
                              "Plan Width": 4,
                              "Actual Startup Time": 0.02,
                              "Actual Total Time": 117.008,
                              "Actual Rows": 306777,
                              "Actual Loops": 3,
                              "Filter": "(keyword_id < 870)",
                              "Rows Removed by Filter": 1201199
                            },
                            {
                              "Node Type": "Hash",
                              "Parent Relationship": "Inner",
                              "Parallel Aware": true,
                              "Startup Cost": 43898.92,
                              "Total Cost": 43898.92,
                              "Plan Rows": 586244,
                              "Plan Width": 4,
                              "Actual Startup Time": 401.598,
                              "Actual Total Time": 401.599,
                              "Actual Rows": 780301,
                              "Actual Loops": 3,
                              "Hash Buckets": 4194304,
                              "Original Hash Buckets": 4194304,
                              "Hash Batches": 1,
                              "Original Hash Batches": 1,
                              "Peak Memory Usage": 124384,
                              "Plans": [
                                {
                                  "Node Type": "Seq Scan",
                                  "Parent Relationship": "Outer",
                                  "Parallel Aware": true,
                                  "Relation Name": "title",
                                  "Alias": "t",
                                  "Startup Cost": 0.0,
                                  "Total Cost": 43898.92,
                                  "Plan Rows": 586244,
                                  "Plan Width": 4,
                                  "Actual Startup Time": 0.047,
                                  "Actual Total Time": 133.584,
                                  "Actual Rows": 780301,
                                  "Actual Loops": 3,
                                  "Filter": "(production_year > 1929)",
                                  "Rows Removed by Filter": 62470
                                }
                              ]
                            }
                          ]
                        }
                      ]
                    }
                  ]
                }
              ]
            }
          ]
        }
      ]
    },
    "Planning Time": 1.405,
    "Triggers": [],
    "Execution Time": 900.299
  }
]