[
  {
    "Plan": {
      "Node Type": "Aggregate",
      "Strategy": "Plain",
      "Partial Mode": "Finalize",
      "Parallel Aware": false,
      "Startup Cost": 45449.22,
      "Total Cost": 45449.23,
      "Plan Rows": 1,
      "Plan Width": 8,
      "Actual Startup Time": 105.284,
      "Actual Total Time": 116.244,
      "Actual Rows": 1,
      "Actual Loops": 1,
      "Plans": [
        {
          "Node Type": "Gather",
          "Parent Relationship": "Outer",
          "Parallel Aware": false,
          "Startup Cost": 45448.8,
          "Total Cost": 45449.21,
          "Plan Rows": 4,
          "Plan Width": 8,
          "Actual Startup Time": 105.146,
          "Actual Total Time": 116.235,
          "Actual Rows": 5,
          "Actual Loops": 1,
          "Workers Planned": 4,
          "Workers Launched": 4,
          "Single Copy": false,
          "Plans": [
            {
              "Node Type": "Aggregate",
              "Strategy": "Plain",
              "Partial Mode": "Partial",
              "Parent Relationship": "Outer",
              "Parallel Aware": false,
              "Startup Cost": 44448.8,
              "Total Cost": 44448.81,
              "Plan Rows": 1,
              "Plan Width": 8,
              "Actual Startup Time": 95.973,
              "Actual Total Time": 95.974,
              "Actual Rows": 1,
              "Actual Loops": 5,
              "Plans": [
                {
                  "Node Type": "Seq Scan",
                  "Parent Relationship": "Outer",
                  "Parallel Aware": true,
                  "Relation Name": "title",
                  "Alias": "t",
                  "Startup Cost": 0.0,
                  "Total Cost": 43898.92,
                  "Plan Rows": 219955,
                  "Plan Width": 0,
                  "Actual Startup Time": 0.041,
                  "Actual Total Time": 86.733,
                  "Actual Rows": 177130,
                  "Actual Loops": 5,
                  "Filter": "(production_year < 1997)",
                  "Rows Removed by Filter": 328532
                }
              ]
            }
          ]
        }
      ]
    },
    "Planning Time": 0.152,
    "Triggers": [],
    "Execution Time": 116.301
  }
]