[
  {
    "Plan": {
      "Node Type": "Aggregate",
      "Strategy": "Plain",
      "Partial Mode": "Finalize",
      "Parallel Aware": false,
      "Startup Cost": 138071.48,
      "Total Cost": 138071.49,
      "Plan Rows": 1,
      "Plan Width": 8,
      "Actual Startup Time": 674.3,
      "Actual Total Time": 716.227,
      "Actual Rows": 1,
      "Actual Loops": 1,
      "Plans": [
        {
          "Node Type": "Gather",
          "Parent Relationship": "Outer",
          "Parallel Aware": false,
          "Startup Cost": 138071.16,
          "Total Cost": 138071.47,
          "Plan Rows": 3,
          "Plan Width": 8,
          "Actual Startup Time": 673.438,
          "Actual Total Time": 716.218,
          "Actual Rows": 4,
          "Actual Loops": 1,
          "Workers Planned": 3,
          "Workers Launched": 3,
          "Single Copy": false,
          "Plans": [
            {
              "Node Type": "Aggregate",
              "Strategy": "Plain",
              "Partial Mode": "Partial",
              "Parent Relationship": "Outer",
              "Parallel Aware": false,
              "Startup Cost": 137071.16,
              "Total Cost": 137071.17,
              "Plan Rows": 1,
              "Plan Width": 8,
              "Actual Startup Time": 664.082,
              "Actual Total Time": 664.085,
              "Actual Rows": 1,
              "Actual Loops": 4,
              "Plans": [
                {
                  "Node Type": "Nested Loop",
                  "Parent Relationship": "Outer",
                  "Parallel Aware": false,
                  "Join Type": "Inner",
                  "Startup Cost": 45918.66,
                  "Total Cost": 137040.84,
                  "Plan Rows": 12130,
                  "Plan Width": 0,
                  "Actual Startup Time": 143.107,
                  "Actual Total Time": 661.58,
                  "Actual Rows": 27792,
                  "Actual Loops": 4,
                  "Inner Unique": false,
                  "Join Filter": "(t.id = mi.movie_id)",
                  "Rows Removed by Join Filter": 0,
                  "Plans": [
                    {
                      "Node Type": "Hash Join",
                      "Parent Relationship": "Outer",
                      "Parallel Aware": true,
                      "Join Type": "Inner",
                      "Startup Cost": 45918.22,
                      "Total Cost": 89746.99,
                      "Plan Rows": 23992,
                      "Plan Width": 8,
                      "Actual Startup Time": 143.041,
                      "Actual Total Time": 263.773,
                      "Actual Rows": 20748,
                      "Actual Loops": 4,
                      "Inner Unique": true,
                      "Hash Cond": "(mk.movie_id = t.id)",
                      "Plans": [
                        {
                          "Node Type": "Seq Scan",
                          "Parent Relationship": "Outer",
                          "Parallel Aware": true,
                          "Relation Name": "movie_keyword",
                          "Alias": "mk",
                          "Startup Cost": 0.0,
                          "Total Cost": 42695.65,
                          "Plan Rows": 431662,
                          "Plan Width": 4,
                          "Actual Startup Time": 0.973,
                          "Actual Total Time": 104.95,
                          "Actual Rows": 336520,
                          "Actual Loops": 4,
                          "Filter": "(keyword_id > 12675)",
                          "Rows Removed by Filter": 794462
                        },
                        {
                          "Node Type": "Hash",
                          "Parent Relationship": "Inner",
                          "Parallel Aware": true,
                          "Startup Cost": 45479.1,
                          "Total Cost": 45479.1,
                          "Plan Rows": 35130,
                          "Plan Width": 4,
                          "Actual Startup Time": 113.696,
                          "Actual Total Time": 113.696,
                          "Actual Rows": 33046,
                          "Actual Loops": 4,
                          "Hash Buckets": 262144,
                          "Original Hash Buckets": 262144,
                          "Hash Batches": 1,
                          "Original Hash Batches": 1,
                          "Peak Memory Usage": 7296,
                          "Plans": [
                            {
                              "Node Type": "Seq Scan",
                              "Parent Relationship": "Outer",
                              "Parallel Aware": true,
                              "Relation Name": "title",
                              "Alias": "t",
                              "Startup Cost": 0.0,
                              "Total Cost": 45479.1,
                              "Plan Rows": 35130,
                              "Plan Width": 4,
                              "Actual Startup Time": 49.013,
                              "Actual Total Time": 102.898,
                              "Actual Rows": 33046,
                              "Actual Loops": 4,
                              "Filter": "((production_year > 2009) AND (kind_id = 1))",
                              "Rows Removed by Filter": 599032
                            }
                          ]
                        }
                      ]
                    },
                    {
                      "Node Type": "Index Scan",
                      "Parent Relationship": "Inner",
                      "Parallel Aware": false,
                      "Scan Direction": "Forward",
                      "Index Name": "movie_id_movie_info",
                      "Relation Name": "movie_info",
                      "Alias": "mi",
                      "Startup Cost": 0.43,
                      "Total Cost": 1.92,
                      "Plan Rows": 4,
                      "Plan Width": 4,
                      "Actual Startup Time": 0.004,
                      "Actual Total Time": 0.019,
                      "Actual Rows": 1,
                      "Actual Loops": 82994,
                      "Index Cond": "(movie_id = mk.movie_id)",
                      "Rows Removed by Index Recheck": 0,
                      "Filter": "(info_type_id = 4)",
                      "Rows Removed by Filter": 71
                    }
                  ]
                }
              ]
            }
          ]
        }
      ]
    },
    "Planning Time": 1.387,
    "Triggers": [],
    "Execution Time": 716.324
  }
]