[
  {
    "Plan": {
      "Node Type": "Aggregate",
      "Strategy": "Plain",
      "Partial Mode": "Finalize",
      "Parallel Aware": false,
      "Startup Cost": 128338.74,
      "Total Cost": 128338.75,
      "Plan Rows": 1,
      "Plan Width": 8,
      "Actual Startup Time": 948.661,
      "Actual Total Time": 970.249,
      "Actual Rows": 1,
      "Actual Loops": 1,
      "Plans": [
        {
          "Node Type": "Gather",
          "Parent Relationship": "Outer",
          "Parallel Aware": false,
          "Startup Cost": 128338.42,
          "Total Cost": 128338.73,
          "Plan Rows": 3,
          "Plan Width": 8,
          "Actual Startup Time": 939.624,
          "Actual Total Time": 970.24,
          "Actual Rows": 4,
          "Actual Loops": 1,
          "Workers Planned": 3,
          "Workers Launched": 3,
          "Single Copy": false,
          "Plans": [
            {
              "Node Type": "Aggregate",
              "Strategy": "Plain",
              "Partial Mode": "Partial",
              "Parent Relationship": "Outer",
              "Parallel Aware": false,
              "Startup Cost": 127338.42,
              "Total Cost": 127338.43,
              "Plan Rows": 1,
              "Plan Width": 8,
              "Actual Startup Time": 930.731,
              "Actual Total Time": 930.85,
              "Actual Rows": 1,
              "Actual Loops": 4,
              "Plans": [
                {
                  "Node Type": "Hash Join",
                  "Parent Relationship": "Outer",
                  "Parallel Aware": true,
                  "Join Type": "Inner",
                  "Startup Cost": 81242.65,
                  "Total Cost": 126550.44,
                  "Plan Rows": 315191,
                  "Plan Width": 0,
                  "Actual Startup Time": 535.075,
                  "Actual Total Time": 867.981,
                  "Actual Rows": 1445184,
                  "Actual Loops": 4,
                  "Inner Unique": false,
                  "Hash Cond": "(mk.movie_id = t.id)",
                  "Plans": [
                    {
                      "Node Type": "Seq Scan",
                      "Parent Relationship": "Outer",
                      "Parallel Aware": true,
                      "Relation Name": "movie_keyword",
                      "Alias": "mk",
                      "Startup Cost": 0.0,
                      "Total Cost": 39047.32,
                      "Plan Rows": 1459332,
                      "Plan Width": 4,
                      "Actual Startup Time": 0.031,
                      "Actual Total Time": 94.474,
                      "Actual Rows": 1130982,
                      "Actual Loops": 4
                    },
                    {
                      "Node Type": "Hash",
                      "Parent Relationship": "Inner",
                      "Parallel Aware": true,
                      "Startup Cost": 79536.18,
                      "Total Cost": 79536.18,
                      "Plan Rows": 136517,
                      "Plan Width": 8,
                      "Actual Startup Time": 529.956,
                      "Actual Total Time": 530.074,
                      "Actual Rows": 211440,
                      "Actual Loops": 4,
                      "Hash Buckets": 1048576,
                      "Original Hash Buckets": 1048576,
                      "Hash Batches": 1,
                      "Original Hash Batches": 1,
                      "Peak Memory Usage": 41344,
                      "Plans": [
                        {
                          "Node Type": "Hash Join",
                          "Parent Relationship": "Outer",
                          "Parallel Aware": true,
                          "Join Type": "Inner",
                          "Startup Cost": 33616.71,
                          "Total Cost": 79536.18,
                          "Plan Rows": 136517,
                          "Plan Width": 8,
                          "Actual Startup Time": 160.218,
                          "Actual Total Time": 453.32,
                          "Actual Rows": 211440,
                          "Actual Loops": 4,
                          "Inner Unique": false,
                          "Hash Cond": "(t.id = mc.movie_id)",
                          "Plans": [
                            {
                              "Node Type": "Seq Scan",
                              "Parent Relationship": "Outer",
                              "Parallel Aware": true,
                              "Relation Name": "title",
                              "Alias": "t",
                              "Startup Cost": 0.0,
                              "Total Cost": 42318.73,
                              "Plan Rows": 632073,
                              "Plan Width": 4,
                              "Actual Startup Time": 0.01,
                              "Actual Total Time": 80.5,
                              "Actual Rows": 632078,
                              "Actual Loops": 4
                            },
                            {
                              "Node Type": "Hash",
                              "Parent Relationship": "Inner",
                              "Parallel Aware": true,
                              "Startup Cost": 31414.82,
                              "Total Cost": 31414.82,
                              "Plan Rows": 176151,
                              "Plan Width": 4,
                              "Actual Startup Time": 157.562,
                              "Actual Total Time": 157.563,
                              "Actual Rows": 211440,
                              "Actual Loops": 4,
                              "Hash Buckets": 1048576,
                              "Original Hash Buckets": 1048576,
                              "Hash Batches": 1,
                              "Original Hash Batches": 1,
                              "Peak Memory Usage": 41344,
                              "Plans": [
                                {
                                  "Node Type": "Seq Scan",
                                  "Parent Relationship": "Outer",
                                  "Parallel Aware": true,
                                  "Relation Name": "movie_companies",
                                  "Alias": "mc",
                                  "Startup Cost": 0.0,
                                  "Total Cost": 31414.82,
                                  "Plan Rows": 176151,
                                  "Plan Width": 4,
                                  "Actual Startup Time": 47.958,
                                  "Actual Total Time": 89.971,
                                  "Actual Rows": 211440,
                                  "Actual Loops": 4,
                                  "Filter": "((company_id > 14326) AND (company_type_id = 2))",
                                  "Rows Removed by Filter": 440843
                                }
                              ]
                            }
                          ]
                        }
                      ]
                    }
                  ]
                }
              ]
            }
          ]
        }
      ]
    },
    "Planning Time": 1.395,
    "Triggers": [],
    "Execution Time": 970.331
  }
]