[
  {
    "Plan": {
      "Node Type": "Aggregate",
      "Strategy": "Plain",
      "Partial Mode": "Finalize",
      "Parallel Aware": false,
      "Startup Cost": 46494.58,
      "Total Cost": 46494.59,
      "Plan Rows": 1,
      "Plan Width": 8,
      "Actual Startup Time": 155.864,
      "Actual Total Time": 165.242,
      "Actual Rows": 1,
      "Actual Loops": 1,
      "Plans": [
        {
          "Node Type": "Gather",
          "Parent Relationship": "Outer",
          "Parallel Aware": false,
          "Startup Cost": 46494.26,
          "Total Cost": 46494.57,
          "Plan Rows": 3,
          "Plan Width": 8,
          "Actual Startup Time": 155.719,
          "Actual Total Time": 165.226,
          "Actual Rows": 4,
          "Actual Loops": 1,
          "Workers Planned": 3,
          "Workers Launched": 3,
          "Single Copy": false,
          "Plans": [
            {
              "Node Type": "Aggregate",
              "Strategy": "Plain",
              "Partial Mode": "Partial",
              "Parent Relationship": "Outer",
              "Parallel Aware": false,
              "Startup Cost": 45494.26,
              "Total Cost": 45494.27,
              "Plan Rows": 1,
              "Plan Width": 8,
              "Actual Startup Time": 150.921,
              "Actual Total Time": 150.922,
              "Actual Rows": 1,
              "Actual Loops": 4,
              "Plans": [
                {
                  "Node Type": "Seq Scan",
                  "Parent Relationship": "Outer",
                  "Parallel Aware": true,
                  "Relation Name": "movie_keyword",
                  "Alias": "mk",
                  "Startup Cost": 0.0,
                  "Total Cost": 42695.65,
                  "Plan Rows": 1119443,
                  "Plan Width": 0,
                  "Actual Startup Time": 0.072,
                  "Actual Total Time": 114.138,
                  "Actual Rows": 864912,
                  "Actual Loops": 4,
                  "Filter": "(keyword_id > 1060)",
                  "Rows Removed by Filter": 266070
                }
              ]
            }
          ]
        }
      ]
    },
    "Planning Time": 0.093,
    "Triggers": [],
    "Execution Time": 165.274
  }
]