{
    "Plan": {
        "Node Type": "Aggregate",
        "Strategy": "Plain",
        "Partial Mode": "Simple",
        "Parallel Aware": false,
        "Startup Cost": 230106.85,
        "Total Cost": 230106.86,
        "Plan Rows": 1,
        "Plan Width": 64,
        "Actual Startup Time": 11209.999,
        "Actual Total Time": 11210.003,
        "Actual Rows": 1,
        "Actual Loops": 1,
        "Plans": [
            {
                "Node Type": "Nested Loop",
                "Parent Relationship": "Outer",
                "Parallel Aware": false,
                "Join Type": "Inner",
                "Startup Cost": 3.56,
                "Total Cost": 230078.71,
                "Plan Rows": 5628,
                "Plan Width": 32,
                "Actual Startup Time": 0.451,
                "Actual Total Time": 11050.177,
                "Actual Rows": 1760645,
                "Actual Loops": 1,
                "Inner Unique": false,
                "Plans": [
                    {
                        "Node Type": "Nested Loop",
                        "Parent Relationship": "Outer",
                        "Parallel Aware": false,
                        "Join Type": "Inner",
                        "Startup Cost": 3.14,
                        "Total Cost": 228780.47,
                        "Plan Rows": 2408,
                        "Plan Width": 40,
                        "Actual Startup Time": 0.441,
                        "Actual Total Time": 9765.149,
                        "Actual Rows": 787043,
                        "Actual Loops": 1,
                        "Inner Unique": true,
                        "Plans": [
                            {
                                "Node Type": "Nested Loop",
                                "Parent Relationship": "Outer",
                                "Parallel Aware": false,
                                "Join Type": "Inner",
                                "Startup Cost": 2.72,
                                "Total Cost": 225771.44,
                                "Plan Rows": 6753,
                                "Plan Width": 44,
                                "Actual Startup Time": 0.434,
                                "Actual Total Time": 5525.719,
                                "Actual Rows": 3229056,
                                "Actual Loops": 1,
                                "Inner Unique": false,
                                "Join Filter": "(t.id = mc.movie_id)",
                                "Rows Removed by Join Filter": 0,
                                "Plans": [
                                    {
                                        "Node Type": "Nested Loop",
                                        "Parent Relationship": "Outer",
                                        "Parallel Aware": false,
                                        "Join Type": "Inner",
                                        "Startup Cost": 2.29,
                                        "Total Cost": 225033.58,
                                        "Plan Rows": 1257,
                                        "Plan Width": 52,
                                        "Actual Startup Time": 0.422,
                                        "Actual Total Time": 4182.48,
                                        "Actual Rows": 341836,
                                        "Actual Loops": 1,
                                        "Inner Unique": true,
                                        "Plans": [
                                            {
                                                "Node Type": "Nested Loop",
                                                "Parent Relationship": "Outer",
                                                "Parallel Aware": false,
                                                "Join Type": "Inner",
                                                "Startup Cost": 1.86,
                                                "Total Cost": 224224.31,
                                                "Plan Rows": 1257,
                                                "Plan Width": 56,
                                                "Actual Startup Time": 0.411,
                                                "Actual Total Time": 3583.512,
                                                "Actual Rows": 371543,
                                                "Actual Loops": 1,
                                                "Inner Unique": false,
                                                "Join Filter": "(mi.info_type_id = it.id)",
                                                "Rows Removed by Join Filter": 1399210,
                                                "Plans": [
                                                    {
                                                        "Node Type": "Seq Scan",
                                                        "Parent Relationship": "Outer",
                                                        "Parallel Aware": false,
                                                        "Relation Name": "info_type",
                                                        "Alias": "it",
                                                        "Startup Cost": 0.0,
                                                        "Total Cost": 2.41,
                                                        "Plan Rows": 1,
                                                        "Plan Width": 4,
                                                        "Actual Startup Time": 0.015,
                                                        "Actual Total Time": 0.022,
                                                        "Actual Rows": 1,
                                                        "Actual Loops": 1,
                                                        "Filter": "((info)::text = 'release dates'::text)",
                                                        "Rows Removed by Filter": 112
                                                    },
                                                    {
                                                        "Node Type": "Nested Loop",
                                                        "Parent Relationship": "Inner",
                                                        "Parallel Aware": false,
                                                        "Join Type": "Inner",
                                                        "Startup Cost": 1.86,
                                                        "Total Cost": 222446.23,
                                                        "Plan Rows": 142054,
                                                        "Plan Width": 60,
                                                        "Actual Startup Time": 0.39,
                                                        "Actual Total Time": 3475.366,
                                                        "Actual Rows": 1770753,
                                                        "Actual Loops": 1,
                                                        "Inner Unique": false,
                                                        "Plans": [
                                                            {
                                                                "Node Type": "Nested Loop",
                                                                "Parent Relationship": "Outer",
                                                                "Parallel Aware": false,
                                                                "Join Type": "Inner",
                                                                "Startup Cost": 1.42,
                                                                "Total Cost": 201893.03,
                                                                "Plan Rows": 9452,
                                                                "Plan Width": 52,
                                                                "Actual Startup Time": 0.378,
                                                                "Actual Total Time": 2219.824,
                                                                "Actual Rows": 168264,
                                                                "Actual Loops": 1,
                                                                "Inner Unique": true,
                                                                "Plans": [
                                                                    {
                                                                        "Node Type": "Nested Loop",
                                                                        "Parent Relationship": "Outer",
                                                                        "Parallel Aware": false,
                                                                        "Join Type": "Inner",
                                                                        "Startup Cost": 0.99,
                                                                        "Total Cost": 190919.5,
                                                                        "Plan Rows": 17226,
                                                                        "Plan Width": 31,
                                                                        "Actual Startup Time": 0.126,
                                                                        "Actual Total Time": 1398.118,
                                                                        "Actual Rows": 276005,
                                                                        "Actual Loops": 1,
                                                                        "Inner Unique": true,
                                                                        "Plans": [
                                                                            {
                                                                                "Node Type": "Nested Loop",
                                                                                "Parent Relationship": "Outer",
                                                                                "Parallel Aware": false,
                                                                                "Join Type": "Inner",
                                                                                "Startup Cost": 0.56,
                                                                                "Total Cost": 134139.58,
                                                                                "Plan Rows": 76516,
                                                                                "Plan Width": 12,
                                                                                "Actual Startup Time": 0.115,
                                                                                "Actual Total Time": 983.556,
                                                                                "Actual Rows": 276166,
                                                                                "Actual Loops": 1,
                                                                                "Inner Unique": false,
                                                                                "Plans": [
                                                                                    {
                                                                                        "Node Type": "Seq Scan",
                                                                                        "Parent Relationship": "Outer",
                                                                                        "Parallel Aware": false,
                                                                                        "Relation Name": "role_type",
                                                                                        "Alias": "rt",
                                                                                        "Startup Cost": 0.0,
                                                                                        "Total Cost": 1.15,
                                                                                        "Plan Rows": 1,
                                                                                        "Plan Width": 4,
                                                                                        "Actual Startup Time": 0.005,
                                                                                        "Actual Total Time": 0.009,
                                                                                        "Actual Rows": 1,
                                                                                        "Actual Loops": 1,
                                                                                        "Filter": "((role)::text = 'actress'::text)",
                                                                                        "Rows Removed by Filter": 11
                                                                                    },
                                                                                    {
                                                                                        "Node Type": "Index Scan",
                                                                                        "Parent Relationship": "Inner",
                                                                                        "Parallel Aware": false,
                                                                                        "Scan Direction": "Forward",
                                                                                        "Index Name": "role_id_cast_info",
                                                                                        "Relation Name": "cast_info",
                                                                                        "Alias": "ci",
                                                                                        "Startup Cost": 0.56,
                                                                                        "Total Cost": 133303.71,
                                                                                        "Plan Rows": 83472,
                                                                                        "Plan Width": 16,
                                                                                        "Actual Startup Time": 0.108,
                                                                                        "Actual Total Time": 961.453,
                                                                                        "Actual Rows": 276166,
                                                                                        "Actual Loops": 1,
                                                                                        "Index Cond": "(role_id = rt.id)",
                                                                                        "Rows Removed by Index Recheck": 0,
                                                                                        "Filter": "(note = ANY ('{(voice),\"(voice: Japanese version)\",\"(voice) (uncredited)\",\"(voice: English version)\"}'::text[]))",
                                                                                        "Rows Removed by Filter": 7175807
                                                                                    }
                                                                                ]
                                                                            },
                                                                            {
                                                                                "Node Type": "Index Scan",
                                                                                "Parent Relationship": "Inner",
                                                                                "Parallel Aware": false,
                                                                                "Scan Direction": "Forward",
                                                                                "Index Name": "name_pkey",
                                                                                "Relation Name": "name",
                                                                                "Alias": "n",
                                                                                "Startup Cost": 0.43,
                                                                                "Total Cost": 0.74,
                                                                                "Plan Rows": 1,
                                                                                "Plan Width": 19,
                                                                                "Actual Startup Time": 0.001,
                                                                                "Actual Total Time": 0.001,
                                                                                "Actual Rows": 1,
                                                                                "Actual Loops": 276166,
                                                                                "Index Cond": "(id = ci.person_id)",
                                                                                "Rows Removed by Index Recheck": 0,
                                                                                "Filter": "((gender)::text = 'f'::text)",
                                                                                "Rows Removed by Filter": 0
                                                                            }
                                                                        ]
                                                                    },
                                                                    {
                                                                        "Node Type": "Index Scan",
                                                                        "Parent Relationship": "Inner",
                                                                        "Parallel Aware": false,
                                                                        "Scan Direction": "Forward",
                                                                        "Index Name": "title_pkey",
                                                                        "Relation Name": "title",
                                                                        "Alias": "t",
                                                                        "Startup Cost": 0.43,
                                                                        "Total Cost": 0.64,
                                                                        "Plan Rows": 1,
                                                                        "Plan Width": 21,
                                                                        "Actual Startup Time": 0.003,
                                                                        "Actual Total Time": 0.003,
                                                                        "Actual Rows": 1,
                                                                        "Actual Loops": 276005,
                                                                        "Index Cond": "(id = ci.movie_id)",
                                                                        "Rows Removed by Index Recheck": 0,
                                                                        "Filter": "(production_year > 2000)",
                                                                        "Rows Removed by Filter": 0
                                                                    }
                                                                ]
                                                            },
                                                            {
                                                                "Node Type": "Index Scan",
                                                                "Parent Relationship": "Inner",
                                                                "Parallel Aware": false,
                                                                "Scan Direction": "Forward",
                                                                "Index Name": "movie_id_movie_info",
                                                                "Relation Name": "movie_info",
                                                                "Alias": "mi",
                                                                "Startup Cost": 0.43,
                                                                "Total Cost": 1.75,
                                                                "Plan Rows": 42,
                                                                "Plan Width": 8,
                                                                "Actual Startup Time": 0.002,
                                                                "Actual Total Time": 0.006,
                                                                "Actual Rows": 11,
                                                                "Actual Loops": 168264,
                                                                "Index Cond": "(movie_id = t.id)",
                                                                "Rows Removed by Index Recheck": 0
                                                            }
                                                        ]
                                                    }
                                                ]
                                            },
                                            {
                                                "Node Type": "Index Only Scan",
                                                "Parent Relationship": "Inner",
                                                "Parallel Aware": false,
                                                "Scan Direction": "Forward",
                                                "Index Name": "char_name_pkey",
                                                "Relation Name": "char_name",
                                                "Alias": "chn",
                                                "Startup Cost": 0.43,
                                                "Total Cost": 0.64,
                                                "Plan Rows": 1,
                                                "Plan Width": 4,
                                                "Actual Startup Time": 0.001,
                                                "Actual Total Time": 0.001,
                                                "Actual Rows": 1,
                                                "Actual Loops": 371543,
                                                "Index Cond": "(id = ci.person_role_id)",
                                                "Rows Removed by Index Recheck": 0,
                                                "Heap Fetches": 341836
                                            }
                                        ]
                                    },
                                    {
                                        "Node Type": "Index Scan",
                                        "Parent Relationship": "Inner",
                                        "Parallel Aware": false,
                                        "Scan Direction": "Forward",
                                        "Index Name": "movie_id_movie_companies",
                                        "Relation Name": "movie_companies",
                                        "Alias": "mc",
                                        "Startup Cost": 0.43,
                                        "Total Cost": 0.52,
                                        "Plan Rows": 5,
                                        "Plan Width": 8,
                                        "Actual Startup Time": 0.001,
                                        "Actual Total Time": 0.003,
                                        "Actual Rows": 9,
                                        "Actual Loops": 341836,
                                        "Index Cond": "(movie_id = mi.movie_id)",
                                        "Rows Removed by Index Recheck": 0
                                    }
                                ]
                            },
                            {
                                "Node Type": "Index Scan",
                                "Parent Relationship": "Inner",
                                "Parallel Aware": false,
                                "Scan Direction": "Forward",
                                "Index Name": "company_name_pkey",
                                "Relation Name": "company_name",
                                "Alias": "cn",
                                "Startup Cost": 0.42,
                                "Total Cost": 0.45,
                                "Plan Rows": 1,
                                "Plan Width": 4,
                                "Actual Startup Time": 0.001,
                                "Actual Total Time": 0.001,
                                "Actual Rows": 0,
                                "Actual Loops": 3229056,
                                "Index Cond": "(id = mc.company_id)",
                                "Rows Removed by Index Recheck": 0,
                                "Filter": "((country_code)::text = '[us]'::text)",
                                "Rows Removed by Filter": 1
                            }
                        ]
                    },
                    {
                        "Node Type": "Index Only Scan",
                        "Parent Relationship": "Inner",
                        "Parallel Aware": false,
                        "Scan Direction": "Forward",
                        "Index Name": "person_id_aka_name",
                        "Relation Name": "aka_name",
                        "Alias": "an",
                        "Startup Cost": 0.42,
                        "Total Cost": 0.52,
                        "Plan Rows": 2,
                        "Plan Width": 4,
                        "Actual Startup Time": 0.001,
                        "Actual Total Time": 0.001,
                        "Actual Rows": 2,
                        "Actual Loops": 787043,
                        "Index Cond": "(person_id = n.id)",
                        "Rows Removed by Index Recheck": 0,
                        "Heap Fetches": 1760645
                    }
                ]
            }
        ]
    },
    "Planning Time": 19.932,
    "Triggers": [],
    "Execution Time": 11210.099
}