[
  {
    "Plan": {
      "Node Type": "Aggregate",
      "Strategy": "Plain",
      "Partial Mode": "Finalize",
      "Parallel Aware": false,
      "Startup Cost": 45794.67,
      "Total Cost": 45794.68,
      "Plan Rows": 1,
      "Plan Width": 8,
      "Actual Startup Time": 158.309,
      "Actual Total Time": 168.322,
      "Actual Rows": 1,
      "Actual Loops": 1,
      "Plans": [
        {
          "Node Type": "Gather",
          "Parent Relationship": "Outer",
          "Parallel Aware": false,
          "Startup Cost": 45794.36,
          "Total Cost": 45794.67,
          "Plan Rows": 3,
          "Plan Width": 8,
          "Actual Startup Time": 158.208,
          "Actual Total Time": 168.314,
          "Actual Rows": 4,
          "Actual Loops": 1,
          "Workers Planned": 3,
          "Workers Launched": 3,
          "Single Copy": false,
          "Plans": [
            {
              "Node Type": "Aggregate",
              "Strategy": "Plain",
              "Partial Mode": "Partial",
              "Parent Relationship": "Outer",
              "Parallel Aware": false,
              "Startup Cost": 44794.36,
              "Total Cost": 44794.37,
              "Plan Rows": 1,
              "Plan Width": 8,
              "Actual Startup Time": 149.841,
              "Actual Total Time": 149.843,
              "Actual Rows": 1,
              "Actual Loops": 4,
              "Plans": [
                {
                  "Node Type": "Seq Scan",
                  "Parent Relationship": "Outer",
                  "Parallel Aware": true,
                  "Relation Name": "movie_keyword",
                  "Alias": "mk",
                  "Startup Cost": 0.0,
                  "Total Cost": 42695.65,
                  "Plan Rows": 839481,
                  "Plan Width": 0,
                  "Actual Startup Time": 0.06,
                  "Actual Total Time": 119.73,
                  "Actual Rows": 649832,
                  "Actual Loops": 4,
                  "Filter": "(keyword_id < 6967)",
                  "Rows Removed by Filter": 481151
                }
              ]
            }
          ]
        }
      ]
    },
    "Planning Time": 0.194,
    "Triggers": [],
    "Execution Time": 168.376
  }
]