{
  "Plan": {
    "Node Type": "Aggregate",
    "Strategy": "Plain",
    "Partial Mode": "Finalize",
    "Parallel Aware": false,
    "Startup Cost": 663632.94,
    "Total Cost": 663632.95,
    "Plan Rows": 1,
    "Plan Width": 8,
    "Actual Startup Time": 4220.734,
    "Actual Total Time": 4279.21,
    "Actual Rows": 1,
    "Actual Loops": 1,
    "Plans": [
      {
        "Node Type": "Gather",
        "Parent Relationship": "Outer",
        "Parallel Aware": false,
        "Startup Cost": 663632.83,
        "Total Cost": 663632.94,
        "Plan Rows": 1,
        "Plan Width": 8,
        "Actual Startup Time": 4218.023,
        "Actual Total Time": 4279.201,
        "Actual Rows": 2,
        "Actual Loops": 1,
        "Workers Planned": 1,
        "Workers Launched": 1,
        "Single Copy": false,
        "Plans": [
          {
            "Node Type": "Aggregate",
            "Strategy": "Plain",
            "Partial Mode": "Partial",
            "Parent Relationship": "Outer",
            "Parallel Aware": false,
            "Startup Cost": 662632.83,
            "Total Cost": 662632.84,
            "Plan Rows": 1,
            "Plan Width": 8,
            "Actual Startup Time": 4209.927,
            "Actual Total Time": 4209.932,
            "Actual Rows": 1,
            "Actual Loops": 2,
            "Plans": [
              {
                "Node Type": "Hash Join",
                "Parent Relationship": "Outer",
                "Parallel Aware": true,
                "Join Type": "Inner",
                "Startup Cost": 591068.51,
                "Total Cost": 661513.44,
                "Plan Rows": 447757,
                "Plan Width": 0,
                "Actual Startup Time": 3944.406,
                "Actual Total Time": 4202.251,
                "Actual Rows": 191356,
                "Actual Loops": 2,
                "Inner Unique": false,
                "Hash Cond": "(mk.movie_id = t.id)",
                "Plans": [
                  {
                    "Node Type": "Seq Scan",
                    "Parent Relationship": "Outer",
                    "Parallel Aware": true,
                    "Relation Name": "movie_keyword",
                    "Alias": "mk",
                    "Startup Cost": 0.0,
                    "Total Cost": 57718.19,
                    "Plan Rows": 807430,
                    "Plan Width": 4,
                    "Actual Startup Time": 1.095,
                    "Actual Total Time": 157.303,
                    "Actual Rows": 688078,
                    "Actual Loops": 2,
                    "Filter": "(keyword_id > 12109)",
                    "Rows Removed by Filter": 1573886
                  },
                  {
                    "Node Type": "Hash",
                    "Parent Relationship": "Inner",
                    "Parallel Aware": true,
                    "Startup Cost": 580759.28,
                    "Total Cost": 580759.28,
                    "Plan Rows": 824738,
                    "Plan Width": 8,
                    "Actual Startup Time": 3928.255,
                    "Actual Total Time": 3928.258,
                    "Actual Rows": 828098,
                    "Actual Loops": 2,
                    "Hash Buckets": 2097152,
                    "Original Hash Buckets": 2097152,
                    "Hash Batches": 1,
                    "Original Hash Batches": 1,
                    "Peak Memory Usage": 81216,
                    "Plans": [
                      {
                        "Node Type": "Hash Join",
                        "Parent Relationship": "Outer",
                        "Parallel Aware": true,
                        "Join Type": "Inner",
                        "Startup Cost": 59025.93,
                        "Total Cost": 580759.28,
                        "Plan Rows": 824738,
                        "Plan Width": 8,
                        "Actual Startup Time": 146.62,
                        "Actual Total Time": 3673.704,
                        "Actual Rows": 828098,
                        "Actual Loops": 2,
                        "Inner Unique": true,
                        "Hash Cond": "(ci.movie_id = t.id)",
                        "Plans": [
                          {
                            "Node Type": "Seq Scan",
                            "Parent Relationship": "Outer",
                            "Parallel Aware": true,
                            "Relation Name": "cast_info",
                            "Alias": "ci",
                            "Startup Cost": 0.0,
                            "Total Cost": 465792.95,
                            "Plan Rows": 21310595,
                            "Plan Width": 4,
                            "Actual Startup Time": 0.013,
                            "Actual Total Time": 1275.618,
                            "Actual Rows": 18122172,
                            "Actual Loops": 2
                          },
                          {
                            "Node Type": "Hash",
                            "Parent Relationship": "Inner",
                            "Parallel Aware": true,
                            "Startup Cost": 58306.47,
                            "Total Cost": 58306.47,
                            "Plan Rows": 57557,
                            "Plan Width": 4,
                            "Actual Startup Time": 145.966,
                            "Actual Total Time": 145.967,
                            "Actual Rows": 55201,
                            "Actual Loops": 2,
                            "Hash Buckets": 131072,
                            "Original Hash Buckets": 131072,
                            "Hash Batches": 1,
                            "Original Hash Batches": 1,
                            "Peak Memory Usage": 5376,
                            "Plans": [
                              {
                                "Node Type": "Seq Scan",
                                "Parent Relationship": "Outer",
                                "Parallel Aware": true,
                                "Relation Name": "title",
                                "Alias": "t",
                                "Startup Cost": 0.0,
                                "Total Cost": 58306.47,
                                "Plan Rows": 57557,
                                "Plan Width": 4,
                                "Actual Startup Time": 0.028,
                                "Actual Total Time": 131.844,
                                "Actual Rows": 55201,
                                "Actual Loops": 2,
                                "Filter": "((kind_id = 7) AND (production_year = 2012))",
                                "Rows Removed by Filter": 1208955
                              }
                            ]
                          }
                        ]
                      }
                    ]
                  }
                ]
              }
            ]
          }
        ]
      }
    ]
  },
  "Planning Time": 0.914,
  "Triggers": [],
  "Execution Time": 4279.306
}