[
  {
    "Plan": {
      "Node Type": "Aggregate",
      "Strategy": "Plain",
      "Partial Mode": "Finalize",
      "Parallel Aware": false,
      "Startup Cost": 246799.31,
      "Total Cost": 246799.32,
      "Plan Rows": 1,
      "Plan Width": 8,
      "Actual Startup Time": 706.265,
      "Actual Total Time": 745.197,
      "Actual Rows": 1,
      "Actual Loops": 1,
      "Plans": [
        {
          "Node Type": "Gather",
          "Parent Relationship": "Outer",
          "Parallel Aware": false,
          "Startup Cost": 246798.79,
          "Total Cost": 246799.3,
          "Plan Rows": 5,
          "Plan Width": 8,
          "Actual Startup Time": 705.353,
          "Actual Total Time": 745.184,
          "Actual Rows": 6,
          "Actual Loops": 1,
          "Workers Planned": 5,
          "Workers Launched": 5,
          "Single Copy": false,
          "Plans": [
            {
              "Node Type": "Aggregate",
              "Strategy": "Plain",
              "Partial Mode": "Partial",
              "Parent Relationship": "Outer",
              "Parallel Aware": false,
              "Startup Cost": 245798.79,
              "Total Cost": 245798.8,
              "Plan Rows": 1,
              "Plan Width": 8,
              "Actual Startup Time": 699.123,
              "Actual Total Time": 699.126,
              "Actual Rows": 1,
              "Actual Loops": 6,
              "Plans": [
                {
                  "Node Type": "Hash Join",
                  "Parent Relationship": "Outer",
                  "Parallel Aware": true,
                  "Join Type": "Inner",
                  "Startup Cost": 45912.59,
                  "Total Cost": 245391.99,
                  "Plan Rows": 162718,
                  "Plan Width": 0,
                  "Actual Startup Time": 90.074,
                  "Actual Total Time": 687.486,
                  "Actual Rows": 231412,
                  "Actual Loops": 6,
                  "Inner Unique": true,
                  "Hash Cond": "(mi.movie_id = t.id)",
                  "Plans": [
                    {
                      "Node Type": "Seq Scan",
                      "Parent Relationship": "Outer",
                      "Parallel Aware": true,
                      "Relation Name": "movie_info",
                      "Alias": "mi",
                      "Startup Cost": 0.0,
                      "Total Cost": 191685.19,
                      "Plan Rows": 2969219,
                      "Plan Width": 4,
                      "Actual Startup Time": 0.027,
                      "Actual Total Time": 292.475,
                      "Actual Rows": 2472620,
                      "Actual Loops": 6
                    },
                    {
                      "Node Type": "Hash",
                      "Parent Relationship": "Inner",
                      "Parallel Aware": true,
                      "Startup Cost": 45479.59,
                      "Total Cost": 45479.59,
                      "Plan Rows": 34640,
                      "Plan Width": 4,
                      "Actual Startup Time": 79.23,
                      "Actual Total Time": 79.231,
                      "Actual Rows": 22030,
                      "Actual Loops": 6,
                      "Hash Buckets": 262144,
                      "Original Hash Buckets": 262144,
                      "Hash Batches": 1,
                      "Original Hash Batches": 1,
                      "Peak Memory Usage": 7328,
                      "Plans": [
                        {
                          "Node Type": "Seq Scan",
                          "Parent Relationship": "Outer",
                          "Parallel Aware": true,
                          "Relation Name": "title",
                          "Alias": "t",
                          "Startup Cost": 0.0,
                          "Total Cost": 45479.59,
                          "Plan Rows": 34640,
                          "Plan Width": 4,
                          "Actual Startup Time": 34.305,
                          "Actual Total Time": 71.316,
                          "Actual Rows": 22030,
                          "Actual Loops": 6,
                          "Filter": "((production_year > 2009) AND (kind_id = 1))",
                          "Rows Removed by Filter": 399355
                        }
                      ]
                    }
                  ]
                }
              ]
            }
          ]
        }
      ]
    },
    "Planning Time": 0.228,
    "Triggers": [],
    "Execution Time": 745.237
  }
]