[
    {
        "Bao": {
            "Bao prediction": 428.248,
            "Bao recommended hint": "(no hint)"
        }
    },
    {
        "Plan": {
            "Node Type": "Aggregate",
            "Strategy": "Plain",
            "Partial Mode": "Simple",
            "Parallel Aware": false,
            "Startup Cost": 6268.04,
            "Total Cost": 6268.05,
            "Plan Rows": 1,
            "Plan Width": 8,
            "Actual Startup Time": 2.787,
            "Actual Total Time": 2.789,
            "Actual Rows": 1,
            "Actual Loops": 1,
            "Output": [
                "count(*)"
            ],
            "Plans": [
                {
                    "Node Type": "Index Scan",
                    "Parent Relationship": "Outer",
                    "Parallel Aware": false,
                    "Scan Direction": "Forward",
                    "Index Name": "company_id_movie_companies",
                    "Relation Name": "movie_companies",
                    "Schema": "public",
                    "Alias": "mc",
                    "Startup Cost": 0.43,
                    "Total Cost": 6264.95,
                    "Plan Rows": 1236,
                    "Plan Width": 0,
                    "Actual Startup Time": 0.06,
                    "Actual Total Time": 2.573,
                    "Actual Rows": 1172,
                    "Actual Loops": 1,
                    "Output": [
                        "id",
                        "movie_id",
                        "company_id",
                        "company_type_id",
                        "note"
                    ],
                    "Index Cond": "(mc.company_id = 114)",
                    "Rows Removed by Index Recheck": 0,
                    "Filter": "(mc.company_type_id < 2)",
                    "Rows Removed by Filter": 943
                }
            ]
        },
        "Planning Time": 382.409,
        "Triggers": [],
        "Execution Time": 2.865
    }
]