[
    {
        "Bao": {
            "Bao prediction": "NaN",
            "Bao recommended hint": "(no hint)"
        }
    },
    {
        "Plan": {
            "Node Type": "Aggregate",
            "Strategy": "Plain",
            "Partial Mode": "Finalize",
            "Parallel Aware": false,
            "Startup Cost": 27150.22,
            "Total Cost": 27150.23,
            "Plan Rows": 1,
            "Plan Width": 8,
            "Actual Startup Time": 51.846,
            "Actual Total Time": 55.451,
            "Actual Rows": 1,
            "Actual Loops": 1,
            "Output": [
                "count(*)"
            ],
            "Plans": [
                {
                    "Node Type": "Gather",
                    "Parent Relationship": "Outer",
                    "Parallel Aware": false,
                    "Startup Cost": 27149.9,
                    "Total Cost": 27150.21,
                    "Plan Rows": 3,
                    "Plan Width": 8,
                    "Actual Startup Time": 51.695,
                    "Actual Total Time": 55.443,
                    "Actual Rows": 4,
                    "Actual Loops": 1,
                    "Output": [
                        "(PARTIAL count(*))"
                    ],
                    "Workers Planned": 3,
                    "Workers Launched": 3,
                    "Single Copy": false,
                    "Plans": [
                        {
                            "Node Type": "Aggregate",
                            "Strategy": "Plain",
                            "Partial Mode": "Partial",
                            "Parent Relationship": "Outer",
                            "Parallel Aware": false,
                            "Startup Cost": 26149.9,
                            "Total Cost": 26149.91,
                            "Plan Rows": 1,
                            "Plan Width": 8,
                            "Actual Startup Time": 43.06,
                            "Actual Total Time": 43.062,
                            "Actual Rows": 1,
                            "Actual Loops": 4,
                            "Output": [
                                "PARTIAL count(*)"
                            ],
                            "Workers": [
                                {
                                    "Worker Number": 0,
                                    "Actual Startup Time": 39.884,
                                    "Actual Total Time": 39.885,
                                    "Actual Rows": 1,
                                    "Actual Loops": 1
                                },
                                {
                                    "Worker Number": 1,
                                    "Actual Startup Time": 40.379,
                                    "Actual Total Time": 40.38,
                                    "Actual Rows": 1,
                                    "Actual Loops": 1
                                },
                                {
                                    "Worker Number": 2,
                                    "Actual Startup Time": 40.588,
                                    "Actual Total Time": 40.59,
                                    "Actual Rows": 1,
                                    "Actual Loops": 1
                                }
                            ],
                            "Plans": [
                                {
                                    "Node Type": "Bitmap Heap Scan",
                                    "Parent Relationship": "Outer",
                                    "Parallel Aware": true,
                                    "Relation Name": "movie_companies",
                                    "Schema": "public",
                                    "Alias": "mc",
                                    "Startup Cost": 5918.55,
                                    "Total Cost": 26037.02,
                                    "Plan Rows": 45153,
                                    "Plan Width": 0,
                                    "Actual Startup Time": 7.24,
                                    "Actual Total Time": 38.321,
                                    "Actual Rows": 69340,
                                    "Actual Loops": 4,
                                    "Recheck Cond": "(mc.company_id > 96316)",
                                    "Rows Removed by Index Recheck": 0,
                                    "Filter": "(mc.company_type_id > 1)",
                                    "Rows Removed by Filter": 0,
                                    "Exact Heap Blocks": 2689,
                                    "Lossy Heap Blocks": 0,
                                    "Workers": [
                                        {
                                            "Worker Number": 0,
                                            "Actual Startup Time": 4.257,
                                            "Actual Total Time": 35.589,
                                            "Actual Rows": 43679,
                                            "Actual Loops": 1
                                        },
                                        {
                                            "Worker Number": 1,
                                            "Actual Startup Time": 4.579,
                                            "Actual Total Time": 36.084,
                                            "Actual Rows": 37652,
                                            "Actual Loops": 1
                                        },
                                        {
                                            "Worker Number": 2,
                                            "Actual Startup Time": 4.771,
                                            "Actual Total Time": 36.268,
                                            "Actual Rows": 37896,
                                            "Actual Loops": 1
                                        }
                                    ],
                                    "Plans": [
                                        {
                                            "Node Type": "Bitmap Index Scan",
                                            "Parent Relationship": "Outer",
                                            "Parallel Aware": false,
                                            "Index Name": "company_id_movie_companies",
                                            "Startup Cost": 0.0,
                                            "Total Cost": 5883.56,
                                            "Plan Rows": 274550,
                                            "Plan Width": 0,
                                            "Actual Startup Time": 14.623,
                                            "Actual Total Time": 14.623,
                                            "Actual Rows": 277358,
                                            "Actual Loops": 1,
                                            "Index Cond": "(mc.company_id > 96316)"
                                        }
                                    ]
                                }
                            ]
                        }
                    ]
                }
            ]
        },
        "Planning Time": 190.905,
        "Triggers": [],
        "Execution Time": 55.524
    }
]