[
  {
    "Plan": {
      "Node Type": "Aggregate",
      "Strategy": "Plain",
      "Partial Mode": "Finalize",
      "Parallel Aware": false,
      "Startup Cost": 78875.18,
      "Total Cost": 78875.19,
      "Plan Rows": 1,
      "Plan Width": 8,
      "Actual Startup Time": 239.648,
      "Actual Total Time": 255.691,
      "Actual Rows": 1,
      "Actual Loops": 1,
      "Plans": [
        {
          "Node Type": "Gather",
          "Parent Relationship": "Outer",
          "Parallel Aware": false,
          "Startup Cost": 78874.86,
          "Total Cost": 78875.17,
          "Plan Rows": 3,
          "Plan Width": 8,
          "Actual Startup Time": 238.696,
          "Actual Total Time": 255.684,
          "Actual Rows": 4,
          "Actual Loops": 1,
          "Workers Planned": 3,
          "Workers Launched": 3,
          "Single Copy": false,
          "Plans": [
            {
              "Node Type": "Aggregate",
              "Strategy": "Plain",
              "Partial Mode": "Partial",
              "Parent Relationship": "Outer",
              "Parallel Aware": false,
              "Startup Cost": 77874.86,
              "Total Cost": 77874.87,
              "Plan Rows": 1,
              "Plan Width": 8,
              "Actual Startup Time": 232.59,
              "Actual Total Time": 232.594,
              "Actual Rows": 1,
              "Actual Loops": 4,
              "Plans": [
                {
                  "Node Type": "Hash Join",
                  "Parent Relationship": "Outer",
                  "Parallel Aware": true,
                  "Join Type": "Inner",
                  "Startup Cost": 45757.66,
                  "Total Cost": 77852.08,
                  "Plan Rows": 9111,
                  "Plan Width": 0,
                  "Actual Startup Time": 152.337,
                  "Actual Total Time": 230.7,
                  "Actual Rows": 40845,
                  "Actual Loops": 4,
                  "Inner Unique": true,
                  "Hash Cond": "(mc.movie_id = t.id)",
                  "Plans": [
                    {
                      "Node Type": "Seq Scan",
                      "Parent Relationship": "Outer",
                      "Parallel Aware": true,
                      "Relation Name": "movie_companies",
                      "Alias": "mc",
                      "Startup Cost": 0.0,
                      "Total Cost": 31414.82,
                      "Plan Rows": 258897,
                      "Plan Width": 4,
                      "Actual Startup Time": 32.941,
                      "Actual Total Time": 70.969,
                      "Actual Rows": 253942,
                      "Actual Loops": 4,
                      "Filter": "((company_id > 5977) AND (company_type_id > 1))",
                      "Rows Removed by Filter": 398340
                    },
                    {
                      "Node Type": "Hash",
                      "Parent Relationship": "Inner",
                      "Parallel Aware": true,
                      "Startup Cost": 45479.59,
                      "Total Cost": 45479.59,
                      "Plan Rows": 22246,
                      "Plan Width": 4,
                      "Actual Startup Time": 118.151,
                      "Actual Total Time": 118.152,
                      "Actual Rows": 48743,
                      "Actual Loops": 4,
                      "Hash Buckets": 262144,
                      "Original Hash Buckets": 131072,
                      "Hash Batches": 1,
                      "Original Hash Batches": 1,
                      "Peak Memory Usage": 10752,
                      "Plans": [
                        {
                          "Node Type": "Seq Scan",
                          "Parent Relationship": "Outer",
                          "Parallel Aware": true,
                          "Relation Name": "title",
                          "Alias": "t",
                          "Startup Cost": 0.0,
                          "Total Cost": 45479.59,
                          "Plan Rows": 22246,
                          "Plan Width": 4,
                          "Actual Startup Time": 0.244,
                          "Actual Total Time": 97.813,
                          "Actual Rows": 48743,
                          "Actual Loops": 4,
                          "Filter": "((kind_id < 7) AND (production_year < 1960))",
                          "Rows Removed by Filter": 583335
                        }
                      ]
                    }
                  ]
                }
              ]
            }
          ]
        }
      ]
    },
    "Planning Time": 0.256,
    "Triggers": [],
    "Execution Time": 255.727
  }
]