[
  {
    "Plan": {
      "Node Type": "Aggregate",
      "Strategy": "Plain",
      "Partial Mode": "Finalize",
      "Parallel Aware": false,
      "Startup Cost": 25271.08,
      "Total Cost": 25271.09,
      "Plan Rows": 1,
      "Plan Width": 8,
      "Actual Startup Time": 106.338,
      "Actual Total Time": 121.567,
      "Actual Rows": 1,
      "Actual Loops": 1,
      "Plans": [
        {
          "Node Type": "Gather",
          "Parent Relationship": "Outer",
          "Parallel Aware": false,
          "Startup Cost": 25270.86,
          "Total Cost": 25271.07,
          "Plan Rows": 2,
          "Plan Width": 8,
          "Actual Startup Time": 106.134,
          "Actual Total Time": 121.559,
          "Actual Rows": 3,
          "Actual Loops": 1,
          "Workers Planned": 2,
          "Workers Launched": 2,
          "Single Copy": false,
          "Plans": [
            {
              "Node Type": "Aggregate",
              "Strategy": "Plain",
              "Partial Mode": "Partial",
              "Parent Relationship": "Outer",
              "Parallel Aware": false,
              "Startup Cost": 24270.86,
              "Total Cost": 24270.87,
              "Plan Rows": 1,
              "Plan Width": 8,
              "Actual Startup Time": 100.108,
              "Actual Total Time": 100.11,
              "Actual Rows": 1,
              "Actual Loops": 3,
              "Plans": [
                {
                  "Node Type": "Nested Loop",
                  "Parent Relationship": "Outer",
                  "Parallel Aware": false,
                  "Join Type": "Inner",
                  "Startup Cost": 87.69,
                  "Total Cost": 24261.48,
                  "Plan Rows": 3754,
                  "Plan Width": 0,
                  "Actual Startup Time": 2.448,
                  "Actual Total Time": 95.213,
                  "Actual Rows": 82000,
                  "Actual Loops": 3,
                  "Inner Unique": false,
                  "Plans": [
                    {
                      "Node Type": "Nested Loop",
                      "Parent Relationship": "Outer",
                      "Parallel Aware": false,
                      "Join Type": "Inner",
                      "Startup Cost": 87.25,
                      "Total Cost": 22733.59,
                      "Plan Rows": 643,
                      "Plan Width": 8,
                      "Actual Startup Time": 2.312,
                      "Actual Total Time": 21.155,
                      "Actual Rows": 1196,
                      "Actual Loops": 3,
                      "Inner Unique": true,
                      "Plans": [
                        {
                          "Node Type": "Bitmap Heap Scan",
                          "Parent Relationship": "Outer",
                          "Parallel Aware": true,
                          "Relation Name": "movie_keyword",
                          "Alias": "mk",
                          "Startup Cost": 86.82,
                          "Total Cost": 10431.52,
                          "Plan Rows": 1634,
                          "Plan Width": 4,
                          "Actual Startup Time": 2.205,
                          "Actual Total Time": 7.658,
                          "Actual Rows": 1406,
                          "Actual Loops": 3,
                          "Recheck Cond": "(keyword_id = 394)",
                          "Rows Removed by Index Recheck": 0,
                          "Exact Heap Blocks": 1998,
                          "Lossy Heap Blocks": 0,
                          "Plans": [
                            {
                              "Node Type": "Bitmap Index Scan",
                              "Parent Relationship": "Outer",
                              "Parallel Aware": false,
                              "Index Name": "keyword_id_movie_keyword",
                              "Startup Cost": 0.0,
                              "Total Cost": 85.84,
                              "Plan Rows": 3921,
                              "Plan Width": 0,
                              "Actual Startup Time": 4.373,
                              "Actual Total Time": 4.373,
                              "Actual Rows": 4217,
                              "Actual Loops": 1,
                              "Index Cond": "(keyword_id = 394)"
                            }
                          ]
                        },
                        {
                          "Node Type": "Index Scan",
                          "Parent Relationship": "Inner",
                          "Parallel Aware": false,
                          "Scan Direction": "Forward",
                          "Index Name": "title_pkey",
                          "Relation Name": "title",
                          "Alias": "t",
                          "Startup Cost": 0.43,
                          "Total Cost": 7.53,
                          "Plan Rows": 1,
                          "Plan Width": 4,
                          "Actual Startup Time": 0.009,
                          "Actual Total Time": 0.009,
                          "Actual Rows": 1,
                          "Actual Loops": 4217,
                          "Index Cond": "(id = mk.movie_id)",
                          "Rows Removed by Index Recheck": 0,
                          "Filter": "(kind_id < 7)",
                          "Rows Removed by Filter": 0
                        }
                      ]
                    },
                    {
                      "Node Type": "Index Only Scan",
                      "Parent Relationship": "Inner",
                      "Parallel Aware": false,
                      "Scan Direction": "Forward",
                      "Index Name": "movie_id_movie_info",
                      "Relation Name": "movie_info",
                      "Alias": "mi",
                      "Startup Cost": 0.43,
                      "Total Cost": 1.99,
                      "Plan Rows": 39,
                      "Plan Width": 4,
                      "Actual Startup Time": 0.013,
                      "Actual Total Time": 0.056,
                      "Actual Rows": 69,
                      "Actual Loops": 3589,
                      "Index Cond": "(movie_id = t.id)",
                      "Rows Removed by Index Recheck": 0,
                      "Heap Fetches": 246001
                    }
                  ]
                }
              ]
            }
          ]
        }
      ]
    },
    "Planning Time": 1.353,
    "Triggers": [],
    "Execution Time": 121.662
  }
]