[
  {
    "Plan": {
      "Node Type": "Aggregate",
      "Strategy": "Plain",
      "Partial Mode": "Finalize",
      "Parallel Aware": false,
      "Startup Cost": 80118.38,
      "Total Cost": 80118.39,
      "Plan Rows": 1,
      "Plan Width": 8,
      "Actual Startup Time": 264.335,
      "Actual Total Time": 278.717,
      "Actual Rows": 1,
      "Actual Loops": 1,
      "Plans": [
        {
          "Node Type": "Gather",
          "Parent Relationship": "Outer",
          "Parallel Aware": false,
          "Startup Cost": 80118.07,
          "Total Cost": 80118.38,
          "Plan Rows": 3,
          "Plan Width": 8,
          "Actual Startup Time": 260.729,
          "Actual Total Time": 278.708,
          "Actual Rows": 4,
          "Actual Loops": 1,
          "Workers Planned": 3,
          "Workers Launched": 3,
          "Single Copy": false,
          "Plans": [
            {
              "Node Type": "Aggregate",
              "Strategy": "Plain",
              "Partial Mode": "Partial",
              "Parent Relationship": "Outer",
              "Parallel Aware": false,
              "Startup Cost": 79118.07,
              "Total Cost": 79118.08,
              "Plan Rows": 1,
              "Plan Width": 8,
              "Actual Startup Time": 251.513,
              "Actual Total Time": 251.517,
              "Actual Rows": 1,
              "Actual Loops": 4,
              "Plans": [
                {
                  "Node Type": "Hash Join",
                  "Parent Relationship": "Outer",
                  "Parallel Aware": true,
                  "Join Type": "Inner",
                  "Startup Cost": 47235.75,
                  "Total Cost": 79036.37,
                  "Plan Rows": 32677,
                  "Plan Width": 0,
                  "Actual Startup Time": 199.329,
                  "Actual Total Time": 250.471,
                  "Actual Rows": 24208,
                  "Actual Loops": 4,
                  "Inner Unique": true,
                  "Hash Cond": "(mc.movie_id = t.id)",
                  "Plans": [
                    {
                      "Node Type": "Seq Scan",
                      "Parent Relationship": "Outer",
                      "Parallel Aware": true,
                      "Relation Name": "movie_companies",
                      "Alias": "mc",
                      "Startup Cost": 0.0,
                      "Total Cost": 31414.82,
                      "Plan Rows": 146974,
                      "Plan Width": 4,
                      "Actual Startup Time": 30.572,
                      "Actual Total Time": 59.018,
                      "Actual Rows": 64891,
                      "Actual Loops": 4,
                      "Filter": "((company_id < 2787) AND (company_type_id = 2))",
                      "Rows Removed by Filter": 587392
                    },
                    {
                      "Node Type": "Hash",
                      "Parent Relationship": "Inner",
                      "Parallel Aware": true,
                      "Startup Cost": 45479.1,
                      "Total Cost": 45479.1,
                      "Plan Rows": 140532,
                      "Plan Width": 4,
                      "Actual Startup Time": 163.5,
                      "Actual Total Time": 163.501,
                      "Actual Rows": 160446,
                      "Actual Loops": 4,
                      "Hash Buckets": 1048576,
                      "Original Hash Buckets": 1048576,
                      "Hash Batches": 1,
                      "Original Hash Batches": 1,
                      "Peak Memory Usage": 33344,
                      "Plans": [
                        {
                          "Node Type": "Seq Scan",
                          "Parent Relationship": "Outer",
                          "Parallel Aware": true,
                          "Relation Name": "title",
                          "Alias": "t",
                          "Startup Cost": 0.0,
                          "Total Cost": 45479.1,
                          "Plan Rows": 140532,
                          "Plan Width": 4,
                          "Actual Startup Time": 0.049,
                          "Actual Total Time": 104.642,
                          "Actual Rows": 160446,
                          "Actual Loops": 4,
                          "Filter": "((kind_id < 7) AND (production_year < 2006))",
                          "Rows Removed by Filter": 471632
                        }
                      ]
                    }
                  ]
                }
              ]
            }
          ]
        }
      ]
    },
    "Planning Time": 0.742,
    "Triggers": [],
    "Execution Time": 278.787
  }
]