{
  "Plan": {
    "Node Type": "Aggregate",
    "Strategy": "Plain",
    "Partial Mode": "Finalize",
    "Parallel Aware": false,
    "Startup Cost": 93695.42,
    "Total Cost": 93695.43,
    "Plan Rows": 1,
    "Plan Width": 8,
    "Actual Startup Time": 221.275,
    "Actual Total Time": 231.562,
    "Actual Rows": 1,
    "Actual Loops": 1,
    "Plans": [
      {
        "Node Type": "Gather",
        "Parent Relationship": "Outer",
        "Parallel Aware": false,
        "Startup Cost": 93695.31,
        "Total Cost": 93695.42,
        "Plan Rows": 1,
        "Plan Width": 8,
        "Actual Startup Time": 220.899,
        "Actual Total Time": 231.555,
        "Actual Rows": 2,
        "Actual Loops": 1,
        "Workers Planned": 1,
        "Workers Launched": 1,
        "Single Copy": false,
        "Plans": [
          {
            "Node Type": "Aggregate",
            "Strategy": "Plain",
            "Partial Mode": "Partial",
            "Parent Relationship": "Outer",
            "Parallel Aware": false,
            "Startup Cost": 92695.31,
            "Total Cost": 92695.32,
            "Plan Rows": 1,
            "Plan Width": 8,
            "Actual Startup Time": 214.946,
            "Actual Total Time": 214.95,
            "Actual Rows": 1,
            "Actual Loops": 2,
            "Plans": [
              {
                "Node Type": "Hash Join",
                "Parent Relationship": "Outer",
                "Parallel Aware": true,
                "Join Type": "Inner",
                "Startup Cost": 67687.71,
                "Total Cost": 92694.3,
                "Plan Rows": 404,
                "Plan Width": 0,
                "Actual Startup Time": 171.026,
                "Actual Total Time": 214.906,
                "Actual Rows": 394,
                "Actual Loops": 2,
                "Inner Unique": true,
                "Hash Cond": "(mc.movie_id = t.id)",
                "Plans": [
                  {
                    "Node Type": "Bitmap Heap Scan",
                    "Parent Relationship": "Outer",
                    "Parallel Aware": true,
                    "Relation Name": "movie_companies",
                    "Alias": "mc",
                    "Startup Cost": 13973.25,
                    "Total Cost": 38486.78,
                    "Plan Rows": 187834,
                    "Plan Width": 4,
                    "Actual Startup Time": 35.958,
                    "Actual Total Time": 100.87,
                    "Actual Rows": 231230,
                    "Actual Loops": 2,
                    "Recheck Cond": "(company_id < 864)",
                    "Rows Removed by Index Recheck": 0,
                    "Filter": "(company_type_id = 1)",
                    "Rows Removed by Filter": 91114,
                    "Exact Heap Blocks": 10018,
                    "Lossy Heap Blocks": 0,
                    "Plans": [
                      {
                        "Node Type": "Bitmap Index Scan",
                        "Parent Relationship": "Outer",
                        "Parallel Aware": false,
                        "Index Name": "company_id_movie_companies",
                        "Startup Cost": 0.0,
                        "Total Cost": 13893.42,
                        "Plan Rows": 648666,
                        "Plan Width": 0,
                        "Actual Startup Time": 33.097,
                        "Actual Total Time": 33.098,
                        "Actual Rows": 644689,
                        "Actual Loops": 1,
                        "Index Cond": "(company_id < 864)"
                      }
                    ]
                  },
                  {
                    "Node Type": "Hash",
                    "Parent Relationship": "Inner",
                    "Parallel Aware": true,
                    "Startup Cost": 53674.47,
                    "Total Cost": 53674.47,
                    "Plan Rows": 3199,
                    "Plan Width": 4,
                    "Actual Startup Time": 93.681,
                    "Actual Total Time": 93.682,
                    "Actual Rows": 2430,
                    "Actual Loops": 2,
                    "Hash Buckets": 8192,
                    "Original Hash Buckets": 8192,
                    "Hash Batches": 1,
                    "Original Hash Batches": 1,
                    "Peak Memory Usage": 288,
                    "Plans": [
                      {
                        "Node Type": "Bitmap Heap Scan",
                        "Parent Relationship": "Outer",
                        "Parallel Aware": true,
                        "Relation Name": "title",
                        "Alias": "t",
                        "Startup Cost": 11824.21,
                        "Total Cost": 53674.47,
                        "Plan Rows": 3199,
                        "Plan Width": 4,
                        "Actual Startup Time": 37.086,
                        "Actual Total Time": 92.777,
                        "Actual Rows": 2430,
                        "Actual Loops": 2,
                        "Recheck Cond": "(kind_id = 1)",
                        "Rows Removed by Index Recheck": 0,
                        "Filter": "(production_year = 1988)",
                        "Rows Removed by Filter": 328982,
                        "Exact Heap Blocks": 9515,
                        "Lossy Heap Blocks": 0,
                        "Plans": [
                          {
                            "Node Type": "Bitmap Index Scan",
                            "Parent Relationship": "Outer",
                            "Parallel Aware": false,
                            "Index Name": "kind_id_title",
                            "Startup Cost": 0.0,
                            "Total Cost": 11822.85,
                            "Plan Rows": 663256,
                            "Plan Width": 0,
                            "Actual Startup Time": 39.509,
                            "Actual Total Time": 39.51,
                            "Actual Rows": 662825,
                            "Actual Loops": 1,
                            "Index Cond": "(kind_id = 1)"
                          }
                        ]
                      }
                    ]
                  }
                ]
              }
            ]
          }
        ]
      }
    ]
  },
  "Planning Time": 0.515,
  "Triggers": [],
  "Execution Time": 231.668
}