[
  {
    "Plan": {
      "Node Type": "Aggregate",
      "Strategy": "Plain",
      "Partial Mode": "Finalize",
      "Parallel Aware": false,
      "Startup Cost": 31777.02,
      "Total Cost": 31777.03,
      "Plan Rows": 1,
      "Plan Width": 8,
      "Actual Startup Time": 107.373,
      "Actual Total Time": 115.214,
      "Actual Rows": 1,
      "Actual Loops": 1,
      "Plans": [
        {
          "Node Type": "Gather",
          "Parent Relationship": "Outer",
          "Parallel Aware": false,
          "Startup Cost": 31776.7,
          "Total Cost": 31777.01,
          "Plan Rows": 3,
          "Plan Width": 8,
          "Actual Startup Time": 107.292,
          "Actual Total Time": 115.208,
          "Actual Rows": 4,
          "Actual Loops": 1,
          "Workers Planned": 3,
          "Workers Launched": 3,
          "Single Copy": false,
          "Plans": [
            {
              "Node Type": "Aggregate",
              "Strategy": "Plain",
              "Partial Mode": "Partial",
              "Parent Relationship": "Outer",
              "Parallel Aware": false,
              "Startup Cost": 30776.7,
              "Total Cost": 30776.71,
              "Plan Rows": 1,
              "Plan Width": 8,
              "Actual Startup Time": 102.676,
              "Actual Total Time": 102.677,
              "Actual Rows": 1,
              "Actual Loops": 4,
              "Plans": [
                {
                  "Node Type": "Seq Scan",
                  "Parent Relationship": "Outer",
                  "Parallel Aware": true,
                  "Relation Name": "movie_companies",
                  "Alias": "mc",
                  "Startup Cost": 0.0,
                  "Total Cost": 29310.68,
                  "Plan Rows": 586407,
                  "Plan Width": 0,
                  "Actual Startup Time": 0.941,
                  "Actual Total Time": 82.25,
                  "Actual Rows": 457397,
                  "Actual Loops": 4,
                  "Filter": "(company_id > 1684)",
                  "Rows Removed by Filter": 194885
                }
              ]
            }
          ]
        }
      ]
    },
    "Planning Time": 0.146,
    "Triggers": [],
    "Execution Time": 115.259
  }
]