[
  {
    "Plan": {
      "Node Type": "Aggregate",
      "Strategy": "Plain",
      "Partial Mode": "Finalize",
      "Parallel Aware": false,
      "Startup Cost": 340199.96,
      "Total Cost": 340199.97,
      "Plan Rows": 1,
      "Plan Width": 8,
      "Actual Startup Time": 816.565,
      "Actual Total Time": 873.167,
      "Actual Rows": 1,
      "Actual Loops": 1,
      "Plans": [
        {
          "Node Type": "Gather",
          "Parent Relationship": "Outer",
          "Parallel Aware": false,
          "Startup Cost": 340199.34,
          "Total Cost": 340199.95,
          "Plan Rows": 6,
          "Plan Width": 8,
          "Actual Startup Time": 816.446,
          "Actual Total Time": 873.155,
          "Actual Rows": 7,
          "Actual Loops": 1,
          "Workers Planned": 6,
          "Workers Launched": 6,
          "Single Copy": false,
          "Plans": [
            {
              "Node Type": "Aggregate",
              "Strategy": "Plain",
              "Partial Mode": "Partial",
              "Parent Relationship": "Outer",
              "Parallel Aware": false,
              "Startup Cost": 339199.34,
              "Total Cost": 339199.35,
              "Plan Rows": 1,
              "Plan Width": 8,
              "Actual Startup Time": 807.44,
              "Actual Total Time": 807.441,
              "Actual Rows": 1,
              "Actual Loops": 7,
              "Plans": [
                {
                  "Node Type": "Seq Scan",
                  "Parent Relationship": "Outer",
                  "Parallel Aware": true,
                  "Relation Name": "cast_info",
                  "Alias": "ci",
                  "Startup Cost": 0.0,
                  "Total Cost": 328162.03,
                  "Plan Rows": 4414924,
                  "Plan Width": 0,
                  "Actual Startup Time": 0.052,
                  "Actual Total Time": 638.276,
                  "Actual Rows": 3799497,
                  "Actual Loops": 7,
                  "Filter": "(person_id < 2743339)",
                  "Rows Removed by Filter": 1378266
                }
              ]
            }
          ]
        }
      ]
    },
    "Planning Time": 0.207,
    "Triggers": [],
    "Execution Time": 873.243
  }
]