[
  {
    "Plan": {
      "Node Type": "Aggregate",
      "Strategy": "Plain",
      "Partial Mode": "Finalize",
      "Parallel Aware": false,
      "Startup Cost": 90214.55,
      "Total Cost": 90214.56,
      "Plan Rows": 1,
      "Plan Width": 8,
      "Actual Startup Time": 372.371,
      "Actual Total Time": 392.84,
      "Actual Rows": 1,
      "Actual Loops": 1,
      "Plans": [
        {
          "Node Type": "Gather",
          "Parent Relationship": "Outer",
          "Parallel Aware": false,
          "Startup Cost": 90214.23,
          "Total Cost": 90214.54,
          "Plan Rows": 3,
          "Plan Width": 8,
          "Actual Startup Time": 370.595,
          "Actual Total Time": 392.824,
          "Actual Rows": 4,
          "Actual Loops": 1,
          "Workers Planned": 3,
          "Workers Launched": 3,
          "Single Copy": false,
          "Plans": [
            {
              "Node Type": "Aggregate",
              "Strategy": "Plain",
              "Partial Mode": "Partial",
              "Parent Relationship": "Outer",
              "Parallel Aware": false,
              "Startup Cost": 89214.23,
              "Total Cost": 89214.24,
              "Plan Rows": 1,
              "Plan Width": 8,
              "Actual Startup Time": 365.041,
              "Actual Total Time": 365.045,
              "Actual Rows": 1,
              "Actual Loops": 4,
              "Plans": [
                {
                  "Node Type": "Hash Join",
                  "Parent Relationship": "Outer",
                  "Parallel Aware": true,
                  "Join Type": "Inner",
                  "Startup Cost": 44579.02,
                  "Total Cost": 89067.36,
                  "Plan Rows": 58748,
                  "Plan Width": 0,
                  "Actual Startup Time": 137.998,
                  "Actual Total Time": 360.039,
                  "Actual Rows": 77850,
                  "Actual Loops": 4,
                  "Inner Unique": true,
                  "Hash Cond": "(mk.movie_id = t.id)",
                  "Plans": [
                    {
                      "Node Type": "Seq Scan",
                      "Parent Relationship": "Outer",
                      "Parallel Aware": true,
                      "Relation Name": "movie_keyword",
                      "Alias": "mk",
                      "Startup Cost": 0.0,
                      "Total Cost": 42695.65,
                      "Plan Rows": 682927,
                      "Plan Width": 4,
                      "Actual Startup Time": 0.033,
                      "Actual Total Time": 141.097,
                      "Actual Rows": 531740,
                      "Actual Loops": 4,
                      "Filter": "(keyword_id < 3921)",
                      "Rows Removed by Filter": 599242
                    },
                    {
                      "Node Type": "Hash",
                      "Parent Relationship": "Inner",
                      "Parallel Aware": true,
                      "Startup Cost": 43899.32,
                      "Total Cost": 43899.32,
                      "Plan Rows": 54376,
                      "Plan Width": 4,
                      "Actual Startup Time": 136.227,
                      "Actual Total Time": 136.228,
                      "Actual Rows": 57721,
                      "Actual Loops": 4,
                      "Hash Buckets": 262144,
                      "Original Hash Buckets": 262144,
                      "Hash Batches": 1,
                      "Original Hash Batches": 1,
                      "Peak Memory Usage": 11136,
                      "Plans": [
                        {
                          "Node Type": "Seq Scan",
                          "Parent Relationship": "Outer",
                          "Parallel Aware": true,
                          "Relation Name": "title",
                          "Alias": "t",
                          "Startup Cost": 0.0,
                          "Total Cost": 43899.32,
                          "Plan Rows": 54376,
                          "Plan Width": 4,
                          "Actual Startup Time": 0.034,
                          "Actual Total Time": 112.242,
                          "Actual Rows": 57721,
                          "Actual Loops": 4,
                          "Filter": "(production_year < 1959)",
                          "Rows Removed by Filter": 574357
                        }
                      ]
                    }
                  ]
                }
              ]
            }
          ]
        }
      ]
    },
    "Planning Time": 0.59,
    "Triggers": [],
    "Execution Time": 392.917
  }
]