[
  {
    "Plan": {
      "Node Type": "Aggregate",
      "Strategy": "Plain",
      "Partial Mode": "Finalize",
      "Parallel Aware": false,
      "Startup Cost": 90231.94,
      "Total Cost": 90231.95,
      "Plan Rows": 1,
      "Plan Width": 8,
      "Actual Startup Time": 272.518,
      "Actual Total Time": 289.1,
      "Actual Rows": 1,
      "Actual Loops": 1,
      "Plans": [
        {
          "Node Type": "Gather",
          "Parent Relationship": "Outer",
          "Parallel Aware": false,
          "Startup Cost": 90231.63,
          "Total Cost": 90231.94,
          "Plan Rows": 3,
          "Plan Width": 8,
          "Actual Startup Time": 271.74,
          "Actual Total Time": 289.089,
          "Actual Rows": 4,
          "Actual Loops": 1,
          "Workers Planned": 3,
          "Workers Launched": 3,
          "Single Copy": false,
          "Plans": [
            {
              "Node Type": "Aggregate",
              "Strategy": "Plain",
              "Partial Mode": "Partial",
              "Parent Relationship": "Outer",
              "Parallel Aware": false,
              "Startup Cost": 89231.63,
              "Total Cost": 89231.64,
              "Plan Rows": 1,
              "Plan Width": 8,
              "Actual Startup Time": 263.299,
              "Actual Total Time": 263.302,
              "Actual Rows": 1,
              "Actual Loops": 4,
              "Plans": [
                {
                  "Node Type": "Hash Join",
                  "Parent Relationship": "Outer",
                  "Parallel Aware": true,
                  "Join Type": "Inner",
                  "Startup Cost": 44587.97,
                  "Total Cost": 89082.24,
                  "Plan Rows": 59756,
                  "Plan Width": 0,
                  "Actual Startup Time": 110.647,
                  "Actual Total Time": 260.055,
                  "Actual Rows": 77850,
                  "Actual Loops": 4,
                  "Inner Unique": true,
                  "Hash Cond": "(mk.movie_id = t.id)",
                  "Plans": [
                    {
                      "Node Type": "Seq Scan",
                      "Parent Relationship": "Outer",
                      "Parallel Aware": true,
                      "Relation Name": "movie_keyword",
                      "Alias": "mk",
                      "Startup Cost": 0.0,
                      "Total Cost": 42695.65,
                      "Plan Rows": 685188,
                      "Plan Width": 4,
                      "Actual Startup Time": 0.025,
                      "Actual Total Time": 98.519,
                      "Actual Rows": 531740,
                      "Actual Loops": 4,
                      "Filter": "(keyword_id < 3921)",
                      "Rows Removed by Filter": 599242
                    },
                    {
                      "Node Type": "Hash",
                      "Parent Relationship": "Inner",
                      "Parallel Aware": true,
                      "Startup Cost": 43898.92,
                      "Total Cost": 43898.92,
                      "Plan Rows": 55124,
                      "Plan Width": 4,
                      "Actual Startup Time": 107.826,
                      "Actual Total Time": 107.827,
                      "Actual Rows": 57721,
                      "Actual Loops": 4,
                      "Hash Buckets": 262144,
                      "Original Hash Buckets": 262144,
                      "Hash Batches": 1,
                      "Original Hash Batches": 1,
                      "Peak Memory Usage": 11168,
                      "Plans": [
                        {
                          "Node Type": "Seq Scan",
                          "Parent Relationship": "Outer",
                          "Parallel Aware": true,
                          "Relation Name": "title",
                          "Alias": "t",
                          "Startup Cost": 0.0,
                          "Total Cost": 43898.92,
                          "Plan Rows": 55124,
                          "Plan Width": 4,
                          "Actual Startup Time": 0.049,
                          "Actual Total Time": 91.229,
                          "Actual Rows": 57721,
                          "Actual Loops": 4,
                          "Filter": "(production_year < 1959)",
                          "Rows Removed by Filter": 574357
                        }
                      ]
                    }
                  ]
                }
              ]
            }
          ]
        }
      ]
    },
    "Planning Time": 0.668,
    "Triggers": [],
    "Execution Time": 289.178
  }
]