{
  "Plan": {
    "Node Type": "Aggregate",
    "Strategy": "Plain",
    "Partial Mode": "Finalize",
    "Parallel Aware": false,
    "Startup Cost": 546407.26,
    "Total Cost": 546407.27,
    "Plan Rows": 1,
    "Plan Width": 8,
    "Actual Startup Time": 1613.236,
    "Actual Total Time": 1639.267,
    "Actual Rows": 1,
    "Actual Loops": 1,
    "Plans": [
      {
        "Node Type": "Gather",
        "Parent Relationship": "Outer",
        "Parallel Aware": false,
        "Startup Cost": 546407.14,
        "Total Cost": 546407.25,
        "Plan Rows": 1,
        "Plan Width": 8,
        "Actual Startup Time": 1611.568,
        "Actual Total Time": 1639.257,
        "Actual Rows": 2,
        "Actual Loops": 1,
        "Workers Planned": 1,
        "Workers Launched": 1,
        "Single Copy": false,
        "Plans": [
          {
            "Node Type": "Aggregate",
            "Strategy": "Plain",
            "Partial Mode": "Partial",
            "Parent Relationship": "Outer",
            "Parallel Aware": false,
            "Startup Cost": 545407.14,
            "Total Cost": 545407.15,
            "Plan Rows": 1,
            "Plan Width": 8,
            "Actual Startup Time": 1605.576,
            "Actual Total Time": 1605.738,
            "Actual Rows": 1,
            "Actual Loops": 2,
            "Plans": [
              {
                "Node Type": "Hash Join",
                "Parent Relationship": "Outer",
                "Parallel Aware": true,
                "Join Type": "Inner",
                "Startup Cost": 503504.88,
                "Total Cost": 544807.96,
                "Plan Rows": 239672,
                "Plan Width": 0,
                "Actual Startup Time": 1231.192,
                "Actual Total Time": 1582.158,
                "Actual Rows": 556709,
                "Actual Loops": 2,
                "Inner Unique": false,
                "Hash Cond": "(mc.movie_id = t.id)",
                "Plans": [
                  {
                    "Node Type": "Seq Scan",
                    "Parent Relationship": "Outer",
                    "Parallel Aware": true,
                    "Relation Name": "movie_companies",
                    "Alias": "mc",
                    "Startup Cost": 0.0,
                    "Total Cost": 34137.82,
                    "Plan Rows": 1534782,
                    "Plan Width": 4,
                    "Actual Startup Time": 0.016,
                    "Actual Total Time": 99.324,
                    "Actual Rows": 1304564,
                    "Actual Loops": 2
                  },
                  {
                    "Node Type": "Hash",
                    "Parent Relationship": "Inner",
                    "Parallel Aware": true,
                    "Startup Cost": 500601.81,
                    "Total Cost": 500601.81,
                    "Plan Rows": 232246,
                    "Plan Width": 8,
                    "Actual Startup Time": 1225.615,
                    "Actual Total Time": 1225.775,
                    "Actual Rows": 258495,
                    "Actual Loops": 2,
                    "Hash Buckets": 524288,
                    "Original Hash Buckets": 524288,
                    "Hash Batches": 1,
                    "Original Hash Batches": 1,
                    "Peak Memory Usage": 24352,
                    "Plans": [
                      {
                        "Node Type": "Hash Join",
                        "Parent Relationship": "Outer",
                        "Parallel Aware": true,
                        "Join Type": "Inner",
                        "Startup Cost": 192741.01,
                        "Total Cost": 500601.81,
                        "Plan Rows": 232246,
                        "Plan Width": 8,
                        "Actual Startup Time": 386.556,
                        "Actual Total Time": 1157.569,
                        "Actual Rows": 258495,
                        "Actual Loops": 2,
                        "Inner Unique": true,
                        "Hash Cond": "(ci.movie_id = t.id)",
                        "Plans": [
                          {
                            "Node Type": "Bitmap Heap Scan",
                            "Parent Relationship": "Outer",
                            "Parallel Aware": true,
                            "Relation Name": "cast_info",
                            "Alias": "ci",
                            "Startup Cost": 136969.04,
                            "Total Cost": 435254.2,
                            "Plan Rows": 3647854,
                            "Plan Width": 4,
                            "Actual Startup Time": 228.215,
                            "Actual Total Time": 561.383,
                            "Actual Rows": 3022531,
                            "Actual Loops": 2,
                            "Recheck Cond": "(person_id > 3044025)",
                            "Rows Removed by Index Recheck": 0,
                            "Exact Heap Blocks": 44366,
                            "Lossy Heap Blocks": 0,
                            "Plans": [
                              {
                                "Node Type": "Bitmap Index Scan",
                                "Parent Relationship": "Outer",
                                "Parallel Aware": false,
                                "Index Name": "person_id_cast_info",
                                "Startup Cost": 0.0,
                                "Total Cost": 135418.7,
                                "Plan Rows": 6201351,
                                "Plan Width": 0,
                                "Actual Startup Time": 214.095,
                                "Actual Total Time": 214.096,
                                "Actual Rows": 6045062,
                                "Actual Loops": 1,
                                "Index Cond": "(person_id > 3044025)"
                              }
                            ]
                          },
                          {
                            "Node Type": "Hash",
                            "Parent Relationship": "Inner",
                            "Parallel Aware": true,
                            "Startup Cost": 54588.39,
                            "Total Cost": 54588.39,
                            "Plan Rows": 94687,
                            "Plan Width": 4,
                            "Actual Startup Time": 156.188,
                            "Actual Total Time": 156.189,
                            "Actual Rows": 82154,
                            "Actual Loops": 2,
                            "Hash Buckets": 262144,
                            "Original Hash Buckets": 262144,
                            "Hash Batches": 1,
                            "Original Hash Batches": 1,
                            "Peak Memory Usage": 8512,
                            "Plans": [
                              {
                                "Node Type": "Seq Scan",
                                "Parent Relationship": "Outer",
                                "Parallel Aware": true,
                                "Relation Name": "title",
                                "Alias": "t",
                                "Startup Cost": 0.0,
                                "Total Cost": 54588.39,
                                "Plan Rows": 94687,
                                "Plan Width": 4,
                                "Actual Startup Time": 0.031,
                                "Actual Total Time": 131.873,
                                "Actual Rows": 82154,
                                "Actual Loops": 2,
                                "Filter": "(production_year = 2012)",
                                "Rows Removed by Filter": 1182002
                              }
                            ]
                          }
                        ]
                      }
                    ]
                  }
                ]
              }
            ]
          }
        ]
      }
    ]
  },
  "Planning Time": 0.963,
  "Triggers": [],
  "Execution Time": 1639.376
}