[
  {
    "Plan": {
      "Node Type": "Aggregate",
      "Strategy": "Plain",
      "Partial Mode": "Finalize",
      "Parallel Aware": false,
      "Startup Cost": 46405.67,
      "Total Cost": 46405.68,
      "Plan Rows": 1,
      "Plan Width": 8,
      "Actual Startup Time": 197.488,
      "Actual Total Time": 209.075,
      "Actual Rows": 1,
      "Actual Loops": 1,
      "Plans": [
        {
          "Node Type": "Gather",
          "Parent Relationship": "Outer",
          "Parallel Aware": false,
          "Startup Cost": 46405.35,
          "Total Cost": 46405.66,
          "Plan Rows": 3,
          "Plan Width": 8,
          "Actual Startup Time": 197.211,
          "Actual Total Time": 209.063,
          "Actual Rows": 4,
          "Actual Loops": 1,
          "Workers Planned": 3,
          "Workers Launched": 3,
          "Single Copy": false,
          "Plans": [
            {
              "Node Type": "Aggregate",
              "Strategy": "Plain",
              "Partial Mode": "Partial",
              "Parent Relationship": "Outer",
              "Parallel Aware": false,
              "Startup Cost": 45405.35,
              "Total Cost": 45405.36,
              "Plan Rows": 1,
              "Plan Width": 8,
              "Actual Startup Time": 190.871,
              "Actual Total Time": 190.872,
              "Actual Rows": 1,
              "Actual Loops": 4,
              "Plans": [
                {
                  "Node Type": "Seq Scan",
                  "Parent Relationship": "Outer",
                  "Parallel Aware": true,
                  "Relation Name": "movie_keyword",
                  "Alias": "mk",
                  "Startup Cost": 0.0,
                  "Total Cost": 42695.65,
                  "Plan Rows": 1083880,
                  "Plan Width": 0,
                  "Actual Startup Time": 0.045,
                  "Actual Total Time": 144.295,
                  "Actual Rows": 838099,
                  "Actual Loops": 4,
                  "Filter": "(keyword_id < 15920)",
                  "Rows Removed by Filter": 292884
                }
              ]
            }
          ]
        }
      ]
    },
    "Planning Time": 0.194,
    "Triggers": [],
    "Execution Time": 209.134
  }
]