[
    {
        "Bao": {
            "Bao prediction": 469.477,
            "Bao recommended hint": "(no hint)"
        }
    },
    {
        "Plan": {
            "Node Type": "Aggregate",
            "Strategy": "Plain",
            "Partial Mode": "Finalize",
            "Parallel Aware": false,
            "Startup Cost": 347375.01,
            "Total Cost": 347375.02,
            "Plan Rows": 1,
            "Plan Width": 8,
            "Actual Startup Time": 790.072,
            "Actual Total Time": 821.847,
            "Actual Rows": 1,
            "Actual Loops": 1,
            "Output": [
                "count(*)"
            ],
            "Plans": [
                {
                    "Node Type": "Gather",
                    "Parent Relationship": "Outer",
                    "Parallel Aware": false,
                    "Startup Cost": 347374.38,
                    "Total Cost": 347374.99,
                    "Plan Rows": 6,
                    "Plan Width": 8,
                    "Actual Startup Time": 789.972,
                    "Actual Total Time": 821.839,
                    "Actual Rows": 7,
                    "Actual Loops": 1,
                    "Output": [
                        "(PARTIAL count(*))"
                    ],
                    "Workers Planned": 6,
                    "Workers Launched": 6,
                    "Single Copy": false,
                    "Plans": [
                        {
                            "Node Type": "Aggregate",
                            "Strategy": "Plain",
                            "Partial Mode": "Partial",
                            "Parent Relationship": "Outer",
                            "Parallel Aware": false,
                            "Startup Cost": 346374.38,
                            "Total Cost": 346374.39,
                            "Plan Rows": 1,
                            "Plan Width": 8,
                            "Actual Startup Time": 780.52,
                            "Actual Total Time": 780.522,
                            "Actual Rows": 1,
                            "Actual Loops": 7,
                            "Output": [
                                "PARTIAL count(*)"
                            ],
                            "Workers": [
                                {
                                    "Worker Number": 0,
                                    "Actual Startup Time": 778.53,
                                    "Actual Total Time": 778.531,
                                    "Actual Rows": 1,
                                    "Actual Loops": 1
                                },
                                {
                                    "Worker Number": 1,
                                    "Actual Startup Time": 779.01,
                                    "Actual Total Time": 779.011,
                                    "Actual Rows": 1,
                                    "Actual Loops": 1
                                },
                                {
                                    "Worker Number": 2,
                                    "Actual Startup Time": 779.089,
                                    "Actual Total Time": 779.09,
                                    "Actual Rows": 1,
                                    "Actual Loops": 1
                                },
                                {
                                    "Worker Number": 3,
                                    "Actual Startup Time": 779.085,
                                    "Actual Total Time": 779.087,
                                    "Actual Rows": 1,
                                    "Actual Loops": 1
                                },
                                {
                                    "Worker Number": 4,
                                    "Actual Startup Time": 779.246,
                                    "Actual Total Time": 779.248,
                                    "Actual Rows": 1,
                                    "Actual Loops": 1
                                },
                                {
                                    "Worker Number": 5,
                                    "Actual Startup Time": 779.519,
                                    "Actual Total Time": 779.52,
                                    "Actual Rows": 1,
                                    "Actual Loops": 1
                                }
                            ],
                            "Plans": [
                                {
                                    "Node Type": "Seq Scan",
                                    "Parent Relationship": "Outer",
                                    "Parallel Aware": true,
                                    "Relation Name": "cast_info",
                                    "Schema": "public",
                                    "Alias": "ci",
                                    "Startup Cost": 0.0,
                                    "Total Cost": 343318.94,
                                    "Plan Rows": 1222176,
                                    "Plan Width": 0,
                                    "Actual Startup Time": 408.997,
                                    "Actual Total Time": 740.609,
                                    "Actual Rows": 656961,
                                    "Actual Loops": 7,
                                    "Output": [
                                        "id",
                                        "person_id",
                                        "movie_id",
                                        "person_role_id",
                                        "note",
                                        "nr_order",
                                        "role_id"
                                    ],
                                    "Filter": "((ci.person_id < 1637499) AND (ci.role_id > 2))",
                                    "Rows Removed by Filter": 4520803,
                                    "Workers": [
                                        {
                                            "Worker Number": 0,
                                            "Actual Startup Time": 406.992,
                                            "Actual Total Time": 739.934,
                                            "Actual Rows": 564909,
                                            "Actual Loops": 1
                                        },
                                        {
                                            "Worker Number": 1,
                                            "Actual Startup Time": 407.486,
                                            "Actual Total Time": 739.4,
                                            "Actual Rows": 579251,
                                            "Actual Loops": 1
                                        },
                                        {
                                            "Worker Number": 2,
                                            "Actual Startup Time": 407.557,
                                            "Actual Total Time": 739.672,
                                            "Actual Rows": 576785,
                                            "Actual Loops": 1
                                        },
                                        {
                                            "Worker Number": 3,
                                            "Actual Startup Time": 407.578,
                                            "Actual Total Time": 739.186,
                                            "Actual Rows": 584632,
                                            "Actual Loops": 1
                                        },
                                        {
                                            "Worker Number": 4,
                                            "Actual Startup Time": 407.743,
                                            "Actual Total Time": 739.521,
                                            "Actual Rows": 581905,
                                            "Actual Loops": 1
                                        },
                                        {
                                            "Worker Number": 5,
                                            "Actual Startup Time": 407.992,
                                            "Actual Total Time": 740.795,
                                            "Actual Rows": 567037,
                                            "Actual Loops": 1
                                        }
                                    ]
                                }
                            ]
                        }
                    ]
                }
            ]
        },
        "Planning Time": 600.623,
        "Triggers": [],
        "Execution Time": 821.929
    }
]