[
  {
    "Plan": {
      "Node Type": "Aggregate",
      "Strategy": "Plain",
      "Partial Mode": "Finalize",
      "Parallel Aware": false,
      "Startup Cost": 70487.23,
      "Total Cost": 70487.24,
      "Plan Rows": 1,
      "Plan Width": 8,
      "Actual Startup Time": 160.852,
      "Actual Total Time": 174.191,
      "Actual Rows": 1,
      "Actual Loops": 1,
      "Plans": [
        {
          "Node Type": "Gather",
          "Parent Relationship": "Outer",
          "Parallel Aware": false,
          "Startup Cost": 70487.01,
          "Total Cost": 70487.22,
          "Plan Rows": 2,
          "Plan Width": 8,
          "Actual Startup Time": 160.681,
          "Actual Total Time": 174.184,
          "Actual Rows": 3,
          "Actual Loops": 1,
          "Workers Planned": 2,
          "Workers Launched": 2,
          "Single Copy": false,
          "Plans": [
            {
              "Node Type": "Aggregate",
              "Strategy": "Plain",
              "Partial Mode": "Partial",
              "Parent Relationship": "Outer",
              "Parallel Aware": false,
              "Startup Cost": 69487.01,
              "Total Cost": 69487.02,
              "Plan Rows": 1,
              "Plan Width": 8,
              "Actual Startup Time": 152.417,
              "Actual Total Time": 152.42,
              "Actual Rows": 1,
              "Actual Loops": 3,
              "Plans": [
                {
                  "Node Type": "Nested Loop",
                  "Parent Relationship": "Outer",
                  "Parallel Aware": false,
                  "Join Type": "Inner",
                  "Startup Cost": 38760.37,
                  "Total Cost": 69406.49,
                  "Plan Rows": 32210,
                  "Plan Width": 0,
                  "Actual Startup Time": 78.909,
                  "Actual Total Time": 151.22,
                  "Actual Rows": 21693,
                  "Actual Loops": 3,
                  "Inner Unique": false,
                  "Join Filter": "(t.id = mi.movie_id)",
                  "Rows Removed by Join Filter": 0,
                  "Plans": [
                    {
                      "Node Type": "Hash Join",
                      "Parent Relationship": "Outer",
                      "Parallel Aware": true,
                      "Join Type": "Inner",
                      "Startup Cost": 38759.93,
                      "Total Cost": 54887.83,
                      "Plan Rows": 5508,
                      "Plan Width": 8,
                      "Actual Startup Time": 78.828,
                      "Actual Total Time": 115.178,
                      "Actual Rows": 2427,
                      "Actual Loops": 3,
                      "Inner Unique": true,
                      "Hash Cond": "(mi_idx.movie_id = t.id)",
                      "Plans": [
                        {
                          "Node Type": "Seq Scan",
                          "Parent Relationship": "Outer",
                          "Parallel Aware": true,
                          "Relation Name": "movie_info_idx",
                          "Alias": "mi_idx",
                          "Startup Cost": 0.0,
                          "Total Cost": 15122.68,
                          "Plan Rows": 382940,
                          "Plan Width": 4,
                          "Actual Startup Time": 0.028,
                          "Actual Total Time": 40.119,
                          "Actual Rows": 306617,
                          "Actual Loops": 3,
                          "Filter": "(info_type_id < 101)",
                          "Rows Removed by Filter": 153395
                        },
                        {
                          "Node Type": "Hash",
                          "Parent Relationship": "Inner",
                          "Parallel Aware": true,
                          "Startup Cost": 38646.28,
                          "Total Cost": 38646.28,
                          "Plan Rows": 9092,
                          "Plan Width": 4,
                          "Actual Startup Time": 53.293,
                          "Actual Total Time": 53.294,
                          "Actual Rows": 3084,
                          "Actual Loops": 3,
                          "Hash Buckets": 65536,
                          "Original Hash Buckets": 65536,
                          "Hash Batches": 1,
                          "Original Hash Batches": 1,
                          "Peak Memory Usage": 928,
                          "Plans": [
                            {
                              "Node Type": "Bitmap Heap Scan",
                              "Parent Relationship": "Outer",
                              "Parallel Aware": true,
                              "Relation Name": "title",
                              "Alias": "t",
                              "Startup Cost": 2190.03,
                              "Total Cost": 38646.28,
                              "Plan Rows": 9092,
                              "Plan Width": 4,
                              "Actual Startup Time": 15.098,
                              "Actual Total Time": 51.597,
                              "Actual Rows": 3084,
                              "Actual Loops": 3,
                              "Recheck Cond": "(kind_id = 4)",
                              "Rows Removed by Index Recheck": 0,
                              "Filter": "(production_year < 1993)",
                              "Rows Removed by Filter": 36327,
                              "Exact Heap Blocks": 9296,
                              "Lossy Heap Blocks": 0,
                              "Plans": [
                                {
                                  "Node Type": "Bitmap Index Scan",
                                  "Parent Relationship": "Outer",
                                  "Parallel Aware": false,
                                  "Index Name": "kind_id_title",
                                  "Startup Cost": 0.0,
                                  "Total Cost": 2180.94,
                                  "Plan Rows": 122201,
                                  "Plan Width": 0,
                                  "Actual Startup Time": 16.093,
                                  "Actual Total Time": 16.093,
                                  "Actual Rows": 118234,
                                  "Actual Loops": 1,
                                  "Index Cond": "(kind_id = 4)"
                                }
                              ]
                            }
                          ]
                        }
                      ]
                    },
                    {
                      "Node Type": "Index Only Scan",
                      "Parent Relationship": "Inner",
                      "Parallel Aware": false,
                      "Scan Direction": "Forward",
                      "Index Name": "movie_id_movie_info",
                      "Relation Name": "movie_info",
                      "Alias": "mi",
                      "Startup Cost": 0.43,
                      "Total Cost": 2.11,
                      "Plan Rows": 42,
                      "Plan Width": 4,
                      "Actual Startup Time": 0.005,
                      "Actual Total Time": 0.014,
                      "Actual Rows": 9,
                      "Actual Loops": 7282,
                      "Index Cond": "(movie_id = mi_idx.movie_id)",
                      "Rows Removed by Index Recheck": 0,
                      "Heap Fetches": 65078
                    }
                  ]
                }
              ]
            }
          ]
        }
      ]
    },
    "Planning Time": 1.352,
    "Triggers": [],
    "Execution Time": 174.308
  }
]