[
  {
    "Plan": {
      "Node Type": "Aggregate",
      "Strategy": "Plain",
      "Partial Mode": "Finalize",
      "Parallel Aware": false,
      "Startup Cost": 32665.51,
      "Total Cost": 32665.52,
      "Plan Rows": 1,
      "Plan Width": 8,
      "Actual Startup Time": 86.282,
      "Actual Total Time": 93.96,
      "Actual Rows": 1,
      "Actual Loops": 1,
      "Plans": [
        {
          "Node Type": "Gather",
          "Parent Relationship": "Outer",
          "Parallel Aware": false,
          "Startup Cost": 32665.19,
          "Total Cost": 32665.5,
          "Plan Rows": 3,
          "Plan Width": 8,
          "Actual Startup Time": 86.186,
          "Actual Total Time": 93.948,
          "Actual Rows": 4,
          "Actual Loops": 1,
          "Workers Planned": 3,
          "Workers Launched": 3,
          "Single Copy": false,
          "Plans": [
            {
              "Node Type": "Aggregate",
              "Strategy": "Plain",
              "Partial Mode": "Partial",
              "Parent Relationship": "Outer",
              "Parallel Aware": false,
              "Startup Cost": 31665.19,
              "Total Cost": 31665.2,
              "Plan Rows": 1,
              "Plan Width": 8,
              "Actual Startup Time": 80.199,
              "Actual Total Time": 80.2,
              "Actual Rows": 1,
              "Actual Loops": 4,
              "Plans": [
                {
                  "Node Type": "Seq Scan",
                  "Parent Relationship": "Outer",
                  "Parallel Aware": true,
                  "Relation Name": "movie_companies",
                  "Alias": "mc",
                  "Startup Cost": 0.0,
                  "Total Cost": 31414.82,
                  "Plan Rows": 100148,
                  "Plan Width": 0,
                  "Actual Startup Time": 42.668,
                  "Actual Total Time": 74.016,
                  "Actual Rows": 153470,
                  "Actual Loops": 4,
                  "Filter": "((company_id > 61092) AND (company_type_id = 2))",
                  "Rows Removed by Filter": 498812
                }
              ]
            }
          ]
        }
      ]
    },
    "Planning Time": 0.22,
    "Triggers": [],
    "Execution Time": 94.017
  }
]