[
  {
    "Plan": {
      "Node Type": "Aggregate",
      "Strategy": "Plain",
      "Partial Mode": "Finalize",
      "Parallel Aware": false,
      "Startup Cost": 81180.31,
      "Total Cost": 81180.32,
      "Plan Rows": 1,
      "Plan Width": 8,
      "Actual Startup Time": 272.972,
      "Actual Total Time": 287.674,
      "Actual Rows": 1,
      "Actual Loops": 1,
      "Plans": [
        {
          "Node Type": "Gather",
          "Parent Relationship": "Outer",
          "Parallel Aware": false,
          "Startup Cost": 81179.89,
          "Total Cost": 81180.3,
          "Plan Rows": 4,
          "Plan Width": 8,
          "Actual Startup Time": 269.578,
          "Actual Total Time": 287.665,
          "Actual Rows": 5,
          "Actual Loops": 1,
          "Workers Planned": 4,
          "Workers Launched": 4,
          "Single Copy": false,
          "Plans": [
            {
              "Node Type": "Aggregate",
              "Strategy": "Plain",
              "Partial Mode": "Partial",
              "Parent Relationship": "Outer",
              "Parallel Aware": false,
              "Startup Cost": 80179.89,
              "Total Cost": 80179.9,
              "Plan Rows": 1,
              "Plan Width": 8,
              "Actual Startup Time": 261.45,
              "Actual Total Time": 261.453,
              "Actual Rows": 1,
              "Actual Loops": 5,
              "Plans": [
                {
                  "Node Type": "Hash Join",
                  "Parent Relationship": "Outer",
                  "Parallel Aware": true,
                  "Join Type": "Inner",
                  "Startup Cost": 33839.89,
                  "Total Cost": 79804.0,
                  "Plan Rows": 150355,
                  "Plan Width": 0,
                  "Actual Startup Time": 188.354,
                  "Actual Total Time": 258.301,
                  "Actual Rows": 67374,
                  "Actual Loops": 5,
                  "Inner Unique": false,
                  "Hash Cond": "(t.id = mc.movie_id)",
                  "Plans": [
                    {
                      "Node Type": "Seq Scan",
                      "Parent Relationship": "Outer",
                      "Parallel Aware": true,
                      "Relation Name": "title",
                      "Alias": "t",
                      "Startup Cost": 0.0,
                      "Total Cost": 42318.73,
                      "Plan Rows": 632073,
                      "Plan Width": 4,
                      "Actual Startup Time": 0.012,
                      "Actual Total Time": 64.268,
                      "Actual Rows": 505662,
                      "Actual Loops": 5
                    },
                    {
                      "Node Type": "Hash",
                      "Parent Relationship": "Inner",
                      "Parallel Aware": true,
                      "Startup Cost": 31414.82,
                      "Total Cost": 31414.82,
                      "Plan Rows": 194006,
                      "Plan Width": 4,
                      "Actual Startup Time": 101.602,
                      "Actual Total Time": 101.603,
                      "Actual Rows": 67374,
                      "Actual Loops": 5,
                      "Hash Buckets": 1048576,
                      "Original Hash Buckets": 1048576,
                      "Hash Batches": 1,
                      "Original Hash Batches": 1,
                      "Peak Memory Usage": 21472,
                      "Plans": [
                        {
                          "Node Type": "Seq Scan",
                          "Parent Relationship": "Outer",
                          "Parallel Aware": true,
                          "Relation Name": "movie_companies",
                          "Alias": "mc",
                          "Startup Cost": 0.0,
                          "Total Cost": 31414.82,
                          "Plan Rows": 194006,
                          "Plan Width": 4,
                          "Actual Startup Time": 21.266,
                          "Actual Total Time": 73.313,
                          "Actual Rows": 67374,
                          "Actual Loops": 5,
                          "Filter": "((company_id > 11961) AND (company_type_id = 1))",
                          "Rows Removed by Filter": 454452
                        }
                      ]
                    }
                  ]
                }
              ]
            }
          ]
        }
      ]
    },
    "Planning Time": 0.516,
    "Triggers": [],
    "Execution Time": 287.731
  }
]