[
  {
    "Plan": {
      "Node Type": "Aggregate",
      "Strategy": "Plain",
      "Partial Mode": "Finalize",
      "Parallel Aware": false,
      "Startup Cost": 32855.8,
      "Total Cost": 32855.81,
      "Plan Rows": 1,
      "Plan Width": 8,
      "Actual Startup Time": 99.446,
      "Actual Total Time": 107.436,
      "Actual Rows": 1,
      "Actual Loops": 1,
      "Plans": [
        {
          "Node Type": "Gather",
          "Parent Relationship": "Outer",
          "Parallel Aware": false,
          "Startup Cost": 32855.48,
          "Total Cost": 32855.79,
          "Plan Rows": 3,
          "Plan Width": 8,
          "Actual Startup Time": 99.32,
          "Actual Total Time": 107.426,
          "Actual Rows": 4,
          "Actual Loops": 1,
          "Workers Planned": 3,
          "Workers Launched": 3,
          "Single Copy": false,
          "Plans": [
            {
              "Node Type": "Aggregate",
              "Strategy": "Plain",
              "Partial Mode": "Partial",
              "Parent Relationship": "Outer",
              "Parallel Aware": false,
              "Startup Cost": 31855.48,
              "Total Cost": 31855.49,
              "Plan Rows": 1,
              "Plan Width": 8,
              "Actual Startup Time": 91.133,
              "Actual Total Time": 91.134,
              "Actual Rows": 1,
              "Actual Loops": 4,
              "Plans": [
                {
                  "Node Type": "Seq Scan",
                  "Parent Relationship": "Outer",
                  "Parallel Aware": true,
                  "Relation Name": "movie_companies",
                  "Alias": "mc",
                  "Startup Cost": 0.0,
                  "Total Cost": 31414.82,
                  "Plan Rows": 176266,
                  "Plan Width": 0,
                  "Actual Startup Time": 0.047,
                  "Actual Total Time": 78.51,
                  "Actual Rows": 189128,
                  "Actual Loops": 4,
                  "Filter": "((company_id < 7755) AND (company_type_id = 1))",
                  "Rows Removed by Filter": 463154
                }
              ]
            }
          ]
        }
      ]
    },
    "Planning Time": 0.223,
    "Triggers": [],
    "Execution Time": 107.494
  }
]