[
  {
    "Plan": {
      "Node Type": "Aggregate",
      "Strategy": "Plain",
      "Partial Mode": "Finalize",
      "Parallel Aware": false,
      "Startup Cost": 249622.23,
      "Total Cost": 249622.24,
      "Plan Rows": 1,
      "Plan Width": 8,
      "Actual Startup Time": 1047.554,
      "Actual Total Time": 1096.53,
      "Actual Rows": 1,
      "Actual Loops": 1,
      "Plans": [
        {
          "Node Type": "Gather",
          "Parent Relationship": "Outer",
          "Parallel Aware": false,
          "Startup Cost": 249621.71,
          "Total Cost": 249622.22,
          "Plan Rows": 5,
          "Plan Width": 8,
          "Actual Startup Time": 1042.528,
          "Actual Total Time": 1096.491,
          "Actual Rows": 6,
          "Actual Loops": 1,
          "Workers Planned": 5,
          "Workers Launched": 5,
          "Single Copy": false,
          "Plans": [
            {
              "Node Type": "Aggregate",
              "Strategy": "Plain",
              "Partial Mode": "Partial",
              "Parent Relationship": "Outer",
              "Parallel Aware": false,
              "Startup Cost": 248621.71,
              "Total Cost": 248621.72,
              "Plan Rows": 1,
              "Plan Width": 8,
              "Actual Startup Time": 1034.006,
              "Actual Total Time": 1034.011,
              "Actual Rows": 1,
              "Actual Loops": 6,
              "Plans": [
                {
                  "Node Type": "Hash Join",
                  "Parent Relationship": "Outer",
                  "Parallel Aware": true,
                  "Join Type": "Inner",
                  "Startup Cost": 47368.1,
                  "Total Cost": 246847.5,
                  "Plan Rows": 709681,
                  "Plan Width": 0,
                  "Actual Startup Time": 137.259,
                  "Actual Total Time": 982.178,
                  "Actual Rows": 1086870,
                  "Actual Loops": 6,
                  "Inner Unique": true,
                  "Hash Cond": "(mi.movie_id = t.id)",
                  "Plans": [
                    {
                      "Node Type": "Seq Scan",
                      "Parent Relationship": "Outer",
                      "Parallel Aware": true,
                      "Relation Name": "movie_info",
                      "Alias": "mi",
                      "Startup Cost": 0.0,
                      "Total Cost": 191685.19,
                      "Plan Rows": 2969219,
                      "Plan Width": 4,
                      "Actual Startup Time": 0.031,
                      "Actual Total Time": 316.793,
                      "Actual Rows": 2472620,
                      "Actual Loops": 6
                    },
                    {
                      "Node Type": "Hash",
                      "Parent Relationship": "Inner",
                      "Parallel Aware": true,
                      "Startup Cost": 45479.59,
                      "Total Cost": 45479.59,
                      "Plan Rows": 151081,
                      "Plan Width": 4,
                      "Actual Startup Time": 121.217,
                      "Actual Total Time": 121.219,
                      "Actual Rows": 84196,
                      "Actual Loops": 6,
                      "Hash Buckets": 1048576,
                      "Original Hash Buckets": 1048576,
                      "Hash Batches": 1,
                      "Original Hash Batches": 1,
                      "Peak Memory Usage": 28096,
                      "Plans": [
                        {
                          "Node Type": "Seq Scan",
                          "Parent Relationship": "Outer",
                          "Parallel Aware": true,
                          "Relation Name": "title",
                          "Alias": "t",
                          "Startup Cost": 0.0,
                          "Total Cost": 45479.59,
                          "Plan Rows": 151081,
                          "Plan Width": 4,
                          "Actual Startup Time": 40.683,
                          "Actual Total Time": 84.013,
                          "Actual Rows": 84196,
                          "Actual Loops": 6,
                          "Filter": "((production_year > 1944) AND (kind_id = 1))",
                          "Rows Removed by Filter": 337189
                        }
                      ]
                    }
                  ]
                }
              ]
            }
          ]
        }
      ]
    },
    "Planning Time": 0.278,
    "Triggers": [],
    "Execution Time": 1096.584
  }
]