[
  {
    "Plan": {
      "Node Type": "Aggregate",
      "Strategy": "Plain",
      "Partial Mode": "Finalize",
      "Parallel Aware": false,
      "Startup Cost": 30972.18,
      "Total Cost": 30972.19,
      "Plan Rows": 1,
      "Plan Width": 8,
      "Actual Startup Time": 104.986,
      "Actual Total Time": 114.505,
      "Actual Rows": 1,
      "Actual Loops": 1,
      "Plans": [
        {
          "Node Type": "Gather",
          "Parent Relationship": "Outer",
          "Parallel Aware": false,
          "Startup Cost": 30971.87,
          "Total Cost": 30972.18,
          "Plan Rows": 3,
          "Plan Width": 8,
          "Actual Startup Time": 104.862,
          "Actual Total Time": 114.496,
          "Actual Rows": 4,
          "Actual Loops": 1,
          "Workers Planned": 3,
          "Workers Launched": 3,
          "Single Copy": false,
          "Plans": [
            {
              "Node Type": "Aggregate",
              "Strategy": "Plain",
              "Partial Mode": "Partial",
              "Parent Relationship": "Outer",
              "Parallel Aware": false,
              "Startup Cost": 29971.87,
              "Total Cost": 29971.88,
              "Plan Rows": 1,
              "Plan Width": 8,
              "Actual Startup Time": 96.502,
              "Actual Total Time": 96.503,
              "Actual Rows": 1,
              "Actual Loops": 4,
              "Plans": [
                {
                  "Node Type": "Seq Scan",
                  "Parent Relationship": "Outer",
                  "Parallel Aware": true,
                  "Relation Name": "movie_companies",
                  "Alias": "mc",
                  "Startup Cost": 0.0,
                  "Total Cost": 29310.68,
                  "Plan Rows": 264474,
                  "Plan Width": 0,
                  "Actual Startup Time": 0.046,
                  "Actual Total Time": 82.316,
                  "Actual Rows": 203148,
                  "Actual Loops": 4,
                  "Filter": "(company_id < 1886)",
                  "Rows Removed by Filter": 449134
                }
              ]
            }
          ]
        }
      ]
    },
    "Planning Time": 0.189,
    "Triggers": [],
    "Execution Time": 114.562
  }
]