[
  {
    "Plan": {
      "Node Type": "Aggregate",
      "Strategy": "Plain",
      "Partial Mode": "Finalize",
      "Parallel Aware": false,
      "Startup Cost": 92316.3,
      "Total Cost": 92316.31,
      "Plan Rows": 1,
      "Plan Width": 8,
      "Actual Startup Time": 275.28,
      "Actual Total Time": 294.021,
      "Actual Rows": 1,
      "Actual Loops": 1,
      "Plans": [
        {
          "Node Type": "Gather",
          "Parent Relationship": "Outer",
          "Parallel Aware": false,
          "Startup Cost": 92315.98,
          "Total Cost": 92316.29,
          "Plan Rows": 3,
          "Plan Width": 8,
          "Actual Startup Time": 274.128,
          "Actual Total Time": 294.012,
          "Actual Rows": 4,
          "Actual Loops": 1,
          "Workers Planned": 3,
          "Workers Launched": 3,
          "Single Copy": false,
          "Plans": [
            {
              "Node Type": "Aggregate",
              "Strategy": "Plain",
              "Partial Mode": "Partial",
              "Parent Relationship": "Outer",
              "Parallel Aware": false,
              "Startup Cost": 91315.98,
              "Total Cost": 91315.99,
              "Plan Rows": 1,
              "Plan Width": 8,
              "Actual Startup Time": 266.907,
              "Actual Total Time": 266.91,
              "Actual Rows": 1,
              "Actual Loops": 4,
              "Plans": [
                {
                  "Node Type": "Hash Join",
                  "Parent Relationship": "Outer",
                  "Parallel Aware": true,
                  "Join Type": "Inner",
                  "Startup Cost": 46260.56,
                  "Total Cost": 91112.96,
                  "Plan Rows": 81210,
                  "Plan Width": 0,
                  "Actual Startup Time": 115.418,
                  "Actual Total Time": 266.453,
                  "Actual Rows": 10636,
                  "Actual Loops": 4,
                  "Inner Unique": true,
                  "Hash Cond": "(mk.movie_id = t.id)",
                  "Plans": [
                    {
                      "Node Type": "Seq Scan",
                      "Parent Relationship": "Outer",
                      "Parallel Aware": true,
                      "Relation Name": "movie_keyword",
                      "Alias": "mk",
                      "Startup Cost": 0.0,
                      "Total Cost": 42695.65,
                      "Plan Rows": 821617,
                      "Plan Width": 4,
                      "Actual Startup Time": 0.026,
                      "Actual Total Time": 101.307,
                      "Actual Rows": 638348,
                      "Actual Loops": 4,
                      "Filter": "(keyword_id < 6428)",
                      "Rows Removed by Filter": 492635
                    },
                    {
                      "Node Type": "Hash",
                      "Parent Relationship": "Inner",
                      "Parallel Aware": true,
                      "Startup Cost": 45479.59,
                      "Total Cost": 45479.59,
                      "Plan Rows": 62478,
                      "Plan Width": 4,
                      "Actual Startup Time": 112.5,
                      "Actual Total Time": 112.501,
                      "Actual Rows": 38489,
                      "Actual Loops": 4,
                      "Hash Buckets": 262144,
                      "Original Hash Buckets": 262144,
                      "Hash Batches": 1,
                      "Original Hash Batches": 1,
                      "Peak Memory Usage": 8128,
                      "Plans": [
                        {
                          "Node Type": "Seq Scan",
                          "Parent Relationship": "Outer",
                          "Parallel Aware": true,
                          "Relation Name": "title",
                          "Alias": "t",
                          "Startup Cost": 0.0,
                          "Total Cost": 45479.59,
                          "Plan Rows": 62478,
                          "Plan Width": 4,
                          "Actual Startup Time": 0.043,
                          "Actual Total Time": 97.936,
                          "Actual Rows": 38489,
                          "Actual Loops": 4,
                          "Filter": "((kind_id > 4) AND (production_year < 1974))",
                          "Rows Removed by Filter": 593589
                        }
                      ]
                    }
                  ]
                }
              ]
            }
          ]
        }
      ]
    },
    "Planning Time": 0.52,
    "Triggers": [],
    "Execution Time": 294.084
  }
]