[
  {
    "Plan": {
      "Node Type": "Aggregate",
      "Strategy": "Plain",
      "Partial Mode": "Finalize",
      "Parallel Aware": false,
      "Startup Cost": 26198.8,
      "Total Cost": 26198.81,
      "Plan Rows": 1,
      "Plan Width": 8,
      "Actual Startup Time": 141.184,
      "Actual Total Time": 148.641,
      "Actual Rows": 1,
      "Actual Loops": 1,
      "Plans": [
        {
          "Node Type": "Gather",
          "Parent Relationship": "Outer",
          "Parallel Aware": false,
          "Startup Cost": 26198.59,
          "Total Cost": 26198.8,
          "Plan Rows": 2,
          "Plan Width": 8,
          "Actual Startup Time": 140.63,
          "Actual Total Time": 148.631,
          "Actual Rows": 3,
          "Actual Loops": 1,
          "Workers Planned": 2,
          "Workers Launched": 2,
          "Single Copy": false,
          "Plans": [
            {
              "Node Type": "Aggregate",
              "Strategy": "Plain",
              "Partial Mode": "Partial",
              "Parent Relationship": "Outer",
              "Parallel Aware": false,
              "Startup Cost": 25198.59,
              "Total Cost": 25198.6,
              "Plan Rows": 1,
              "Plan Width": 8,
              "Actual Startup Time": 131.967,
              "Actual Total Time": 131.969,
              "Actual Rows": 1,
              "Actual Loops": 3,
              "Plans": [
                {
                  "Node Type": "Nested Loop",
                  "Parent Relationship": "Outer",
                  "Parallel Aware": false,
                  "Join Type": "Inner",
                  "Startup Cost": 95.18,
                  "Total Cost": 25197.41,
                  "Plan Rows": 470,
                  "Plan Width": 0,
                  "Actual Startup Time": 97.685,
                  "Actual Total Time": 131.589,
                  "Actual Rows": 1686,
                  "Actual Loops": 3,
                  "Inner Unique": false,
                  "Plans": [
                    {
                      "Node Type": "Nested Loop",
                      "Parent Relationship": "Outer",
                      "Parallel Aware": false,
                      "Join Type": "Inner",
                      "Startup Cost": 94.75,
                      "Total Cost": 24857.02,
                      "Plan Rows": 456,
                      "Plan Width": 8,
                      "Actual Startup Time": 97.552,
                      "Actual Total Time": 120.086,
                      "Actual Rows": 921,
                      "Actual Loops": 3,
                      "Inner Unique": true,
                      "Plans": [
                        {
                          "Node Type": "Bitmap Heap Scan",
                          "Parent Relationship": "Outer",
                          "Parallel Aware": true,
                          "Relation Name": "movie_keyword",
                          "Alias": "mk",
                          "Startup Cost": 94.32,
                          "Total Cost": 11296.48,
                          "Plan Rows": 1822,
                          "Plan Width": 4,
                          "Actual Startup Time": 97.224,
                          "Actual Total Time": 102.061,
                          "Actual Rows": 1399,
                          "Actual Loops": 3,
                          "Recheck Cond": "(keyword_id = 1578)",
                          "Rows Removed by Index Recheck": 0,
                          "Exact Heap Blocks": 1174,
                          "Lossy Heap Blocks": 0,
                          "Plans": [
                            {
                              "Node Type": "Bitmap Index Scan",
                              "Parent Relationship": "Outer",
                              "Parallel Aware": false,
                              "Index Name": "keyword_id_movie_keyword",
                              "Startup Cost": 0.0,
                              "Total Cost": 93.23,
                              "Plan Rows": 4373,
                              "Plan Width": 0,
                              "Actual Startup Time": 104.248,
                              "Actual Total Time": 104.249,
                              "Actual Rows": 4196,
                              "Actual Loops": 1,
                              "Index Cond": "(keyword_id = 1578)"
                            }
                          ]
                        },
                        {
                          "Node Type": "Index Scan",
                          "Parent Relationship": "Inner",
                          "Parallel Aware": false,
                          "Scan Direction": "Forward",
                          "Index Name": "title_pkey",
                          "Relation Name": "title",
                          "Alias": "t",
                          "Startup Cost": 0.43,
                          "Total Cost": 7.44,
                          "Plan Rows": 1,
                          "Plan Width": 4,
                          "Actual Startup Time": 0.012,
                          "Actual Total Time": 0.012,
                          "Actual Rows": 1,
                          "Actual Loops": 4196,
                          "Index Cond": "(id = mk.movie_id)",
                          "Rows Removed by Index Recheck": 0,
                          "Filter": "((kind_id < 7) AND (production_year > 1995))",
                          "Rows Removed by Filter": 0
                        }
                      ]
                    },
                    {
                      "Node Type": "Index Only Scan",
                      "Parent Relationship": "Inner",
                      "Parallel Aware": false,
                      "Scan Direction": "Forward",
                      "Index Name": "movie_id_movie_companies",
                      "Relation Name": "movie_companies",
                      "Alias": "mc",
                      "Startup Cost": 0.43,
                      "Total Cost": 0.7,
                      "Plan Rows": 5,
                      "Plan Width": 4,
                      "Actual Startup Time": 0.009,
                      "Actual Total Time": 0.011,
                      "Actual Rows": 2,
                      "Actual Loops": 2763,
                      "Index Cond": "(movie_id = t.id)",
                      "Rows Removed by Index Recheck": 0,
                      "Heap Fetches": 5057
                    }
                  ]
                }
              ]
            }
          ]
        }
      ]
    },
    "Planning Time": 1.452,
    "Triggers": [],
    "Execution Time": 148.748
  }
]