[
  {
    "Plan": {
      "Node Type": "Aggregate",
      "Strategy": "Plain",
      "Partial Mode": "Finalize",
      "Parallel Aware": false,
      "Startup Cost": 33183.97,
      "Total Cost": 33183.98,
      "Plan Rows": 1,
      "Plan Width": 8,
      "Actual Startup Time": 94.827,
      "Actual Total Time": 102.573,
      "Actual Rows": 1,
      "Actual Loops": 1,
      "Plans": [
        {
          "Node Type": "Gather",
          "Parent Relationship": "Outer",
          "Parallel Aware": false,
          "Startup Cost": 33183.66,
          "Total Cost": 33183.97,
          "Plan Rows": 3,
          "Plan Width": 8,
          "Actual Startup Time": 94.69,
          "Actual Total Time": 102.565,
          "Actual Rows": 4,
          "Actual Loops": 1,
          "Workers Planned": 3,
          "Workers Launched": 3,
          "Single Copy": false,
          "Plans": [
            {
              "Node Type": "Aggregate",
              "Strategy": "Plain",
              "Partial Mode": "Partial",
              "Parent Relationship": "Outer",
              "Parallel Aware": false,
              "Startup Cost": 32183.66,
              "Total Cost": 32183.67,
              "Plan Rows": 1,
              "Plan Width": 8,
              "Actual Startup Time": 87.368,
              "Actual Total Time": 87.369,
              "Actual Rows": 1,
              "Actual Loops": 4,
              "Plans": [
                {
                  "Node Type": "Seq Scan",
                  "Parent Relationship": "Outer",
                  "Parallel Aware": true,
                  "Relation Name": "movie_companies",
                  "Alias": "mc",
                  "Startup Cost": 0.0,
                  "Total Cost": 31414.82,
                  "Plan Rows": 307535,
                  "Plan Width": 0,
                  "Actual Startup Time": 48.056,
                  "Actual Total Time": 80.945,
                  "Actual Rows": 159876,
                  "Actual Loops": 4,
                  "Filter": "((company_id < 37762) AND (company_type_id > 1))",
                  "Rows Removed by Filter": 492406
                }
              ]
            }
          ]
        }
      ]
    },
    "Planning Time": 0.223,
    "Triggers": [],
    "Execution Time": 102.632
  }
]