[
  {
    "Plan": {
      "Node Type": "Aggregate",
      "Strategy": "Plain",
      "Partial Mode": "Finalize",
      "Parallel Aware": false,
      "Startup Cost": 700104.97,
      "Total Cost": 700104.98,
      "Plan Rows": 1,
      "Plan Width": 8,
      "Actual Startup Time": 9262.505,
      "Actual Total Time": 9340.252,
      "Actual Rows": 1,
      "Actual Loops": 1,
      "Plans": [
        {
          "Node Type": "Gather",
          "Parent Relationship": "Outer",
          "Parallel Aware": false,
          "Startup Cost": 700104.35,
          "Total Cost": 700104.96,
          "Plan Rows": 6,
          "Plan Width": 8,
          "Actual Startup Time": 9204.345,
          "Actual Total Time": 9340.239,
          "Actual Rows": 7,
          "Actual Loops": 1,
          "Workers Planned": 6,
          "Workers Launched": 6,
          "Single Copy": false,
          "Plans": [
            {
              "Node Type": "Aggregate",
              "Strategy": "Plain",
              "Partial Mode": "Partial",
              "Parent Relationship": "Outer",
              "Parallel Aware": false,
              "Startup Cost": 699104.35,
              "Total Cost": 699104.36,
              "Plan Rows": 1,
              "Plan Width": 8,
              "Actual Startup Time": 9166.925,
              "Actual Total Time": 9166.935,
              "Actual Rows": 1,
              "Actual Loops": 7,
              "Plans": [
                {
                  "Node Type": "Hash Join",
                  "Parent Relationship": "Outer",
                  "Parallel Aware": true,
                  "Join Type": "Inner",
                  "Startup Cost": 273622.67,
                  "Total Cost": 653456.9,
                  "Plan Rows": 18258980,
                  "Plan Width": 0,
                  "Actual Startup Time": 1567.652,
                  "Actual Total Time": 8088.658,
                  "Actual Rows": 22677892,
                  "Actual Loops": 7,
                  "Inner Unique": false,
                  "Hash Cond": "(ci.movie_id = t.id)",
                  "Plans": [
                    {
                      "Node Type": "Seq Scan",
                      "Parent Relationship": "Outer",
                      "Parallel Aware": true,
                      "Relation Name": "cast_info",
                      "Alias": "ci",
                      "Startup Cost": 0.0,
                      "Total Cost": 313106.51,
                      "Plan Rows": 6041951,
                      "Plan Width": 4,
                      "Actual Startup Time": 0.05,
                      "Actual Total Time": 572.998,
                      "Actual Rows": 5177763,
                      "Actual Loops": 7
                    },
                    {
                      "Node Type": "Hash",
                      "Parent Relationship": "Inner",
                      "Parallel Aware": true,
                      "Startup Cost": 254520.22,
                      "Total Cost": 254520.22,
                      "Plan Rows": 1528196,
                      "Plan Width": 8,
                      "Actual Startup Time": 1556.934,
                      "Actual Total Time": 1556.939,
                      "Actual Rows": 947407,
                      "Actual Loops": 7,
                      "Hash Buckets": 8388608,
                      "Original Hash Buckets": 8388608,
                      "Hash Batches": 1,
                      "Original Hash Batches": 1,
                      "Peak Memory Usage": 325088,
                      "Plans": [
                        {
                          "Node Type": "Hash Join",
                          "Parent Relationship": "Outer",
                          "Parallel Aware": true,
                          "Join Type": "Inner",
                          "Startup Cost": 50855.2,
                          "Total Cost": 254520.22,
                          "Plan Rows": 1528196,
                          "Plan Width": 8,
                          "Actual Startup Time": 269.06,
                          "Actual Total Time": 1103.965,
                          "Actual Rows": 947407,
                          "Actual Loops": 7,
                          "Inner Unique": true,
                          "Hash Cond": "(mi.movie_id = t.id)",
                          "Plans": [
                            {
                              "Node Type": "Seq Scan",
                              "Parent Relationship": "Outer",
                              "Parallel Aware": true,
                              "Relation Name": "movie_info",
                              "Alias": "mi",
                              "Startup Cost": 0.0,
                              "Total Cost": 199108.24,
                              "Plan Rows": 1735911,
                              "Plan Width": 4,
                              "Actual Startup Time": 0.039,
                              "Actual Total Time": 357.692,
                              "Actual Rows": 1230318,
                              "Actual Loops": 7,
                              "Filter": "(info_type_id < 9)",
                              "Rows Removed by Filter": 889071
                            },
                            {
                              "Node Type": "Hash",
                              "Parent Relationship": "Inner",
                              "Parallel Aware": true,
                              "Startup Cost": 43899.32,
                              "Total Cost": 43899.32,
                              "Plan Rows": 556470,
                              "Plan Width": 4,
                              "Actual Startup Time": 264.592,
                              "Actual Total Time": 264.594,
                              "Actual Rows": 316403,
                              "Actual Loops": 7,
                              "Hash Buckets": 4194304,
                              "Original Hash Buckets": 4194304,
                              "Hash Batches": 1,
                              "Original Hash Batches": 1,
                              "Peak Memory Usage": 119520,
                              "Plans": [
                                {
                                  "Node Type": "Seq Scan",
                                  "Parent Relationship": "Outer",
                                  "Parallel Aware": true,
                                  "Relation Name": "title",
                                  "Alias": "t",
                                  "Startup Cost": 0.0,
                                  "Total Cost": 43899.32,
                                  "Plan Rows": 556470,
                                  "Plan Width": 4,
                                  "Actual Startup Time": 0.078,
                                  "Actual Total Time": 87.603,
                                  "Actual Rows": 316403,
                                  "Actual Loops": 7,
                                  "Filter": "(production_year > 1959)",
                                  "Rows Removed by Filter": 44785
                                }
                              ]
                            }
                          ]
                        }
                      ]
                    }
                  ]
                }
              ]
            }
          ]
        }
      ]
    },
    "Planning Time": 0.827,
    "Triggers": [],
    "Execution Time": 9340.321
  }
]