[
  {
    "Plan": {
      "Node Type": "Aggregate",
      "Strategy": "Plain",
      "Partial Mode": "Finalize",
      "Parallel Aware": false,
      "Startup Cost": 42537.32,
      "Total Cost": 42537.33,
      "Plan Rows": 1,
      "Plan Width": 8,
      "Actual Startup Time": 147.493,
      "Actual Total Time": 156.507,
      "Actual Rows": 1,
      "Actual Loops": 1,
      "Plans": [
        {
          "Node Type": "Gather",
          "Parent Relationship": "Outer",
          "Parallel Aware": false,
          "Startup Cost": 42537.0,
          "Total Cost": 42537.31,
          "Plan Rows": 3,
          "Plan Width": 8,
          "Actual Startup Time": 147.146,
          "Actual Total Time": 156.496,
          "Actual Rows": 4,
          "Actual Loops": 1,
          "Workers Planned": 3,
          "Workers Launched": 3,
          "Single Copy": false,
          "Plans": [
            {
              "Node Type": "Aggregate",
              "Strategy": "Plain",
              "Partial Mode": "Partial",
              "Parent Relationship": "Outer",
              "Parallel Aware": false,
              "Startup Cost": 41537.0,
              "Total Cost": 41537.01,
              "Plan Rows": 1,
              "Plan Width": 8,
              "Actual Startup Time": 138.132,
              "Actual Total Time": 138.136,
              "Actual Rows": 1,
              "Actual Loops": 4,
              "Plans": [
                {
                  "Node Type": "Bitmap Heap Scan",
                  "Parent Relationship": "Outer",
                  "Parallel Aware": true,
                  "Relation Name": "movie_keyword",
                  "Alias": "mk",
                  "Startup Cost": 13910.2,
                  "Total Cost": 41008.2,
                  "Plan Rows": 211520,
                  "Plan Width": 0,
                  "Actual Startup Time": 55.548,
                  "Actual Total Time": 129.23,
                  "Actual Rows": 165043,
                  "Actual Loops": 4,
                  "Recheck Cond": "(keyword_id > 28467)",
                  "Rows Removed by Index Recheck": 0,
                  "Exact Heap Blocks": 10164,
                  "Lossy Heap Blocks": 0,
                  "Plans": [
                    {
                      "Node Type": "Bitmap Index Scan",
                      "Parent Relationship": "Outer",
                      "Parallel Aware": false,
                      "Index Name": "keyword_id_movie_keyword",
                      "Startup Cost": 0.0,
                      "Total Cost": 13746.27,
                      "Plan Rows": 655712,
                      "Plan Width": 0,
                      "Actual Startup Time": 60.246,
                      "Actual Total Time": 60.247,
                      "Actual Rows": 660172,
                      "Actual Loops": 1,
                      "Index Cond": "(keyword_id > 28467)"
                    }
                  ]
                }
              ]
            }
          ]
        }
      ]
    },
    "Planning Time": 0.184,
    "Triggers": [],
    "Execution Time": 156.582
  }
]