[
  {
    "Plan": {
      "Node Type": "Aggregate",
      "Strategy": "Plain",
      "Partial Mode": "Finalize",
      "Parallel Aware": false,
      "Startup Cost": 302286.52,
      "Total Cost": 302286.53,
      "Plan Rows": 1,
      "Plan Width": 8,
      "Actual Startup Time": 1549.574,
      "Actual Total Time": 1593.73,
      "Actual Rows": 1,
      "Actual Loops": 1,
      "Plans": [
        {
          "Node Type": "Gather",
          "Parent Relationship": "Outer",
          "Parallel Aware": false,
          "Startup Cost": 302286.0,
          "Total Cost": 302286.51,
          "Plan Rows": 5,
          "Plan Width": 8,
          "Actual Startup Time": 1531.706,
          "Actual Total Time": 1593.713,
          "Actual Rows": 6,
          "Actual Loops": 1,
          "Workers Planned": 5,
          "Workers Launched": 5,
          "Single Copy": false,
          "Plans": [
            {
              "Node Type": "Aggregate",
              "Strategy": "Plain",
              "Partial Mode": "Partial",
              "Parent Relationship": "Outer",
              "Parallel Aware": false,
              "Startup Cost": 301286.0,
              "Total Cost": 301286.01,
              "Plan Rows": 1,
              "Plan Width": 8,
              "Actual Startup Time": 1521.02,
              "Actual Total Time": 1521.145,
              "Actual Rows": 1,
              "Actual Loops": 6,
              "Plans": [
                {
                  "Node Type": "Hash Join",
                  "Parent Relationship": "Outer",
                  "Parallel Aware": true,
                  "Join Type": "Inner",
                  "Startup Cost": 95617.48,
                  "Total Cost": 300439.06,
                  "Plan Rows": 338774,
                  "Plan Width": 0,
                  "Actual Startup Time": 545.027,
                  "Actual Total Time": 1323.539,
                  "Actual Rows": 4613764,
                  "Actual Loops": 6,
                  "Inner Unique": false,
                  "Hash Cond": "(mi.movie_id = t.id)",
                  "Plans": [
                    {
                      "Node Type": "Seq Scan",
                      "Parent Relationship": "Outer",
                      "Parallel Aware": true,
                      "Relation Name": "movie_info",
                      "Alias": "mi",
                      "Startup Cost": 0.0,
                      "Total Cost": 199108.24,
                      "Plan Rows": 1232139,
                      "Plan Width": 4,
                      "Actual Startup Time": 16.144,
                      "Actual Total Time": 315.597,
                      "Actual Rows": 1037249,
                      "Actual Loops": 6,
                      "Filter": "(info_type_id > 8)",
                      "Rows Removed by Filter": 1435371
                    },
                    {
                      "Node Type": "Hash",
                      "Parent Relationship": "Inner",
                      "Parallel Aware": true,
                      "Startup Cost": 92814.32,
                      "Total Cost": 92814.32,
                      "Plan Rows": 224253,
                      "Plan Width": 8,
                      "Actual Startup Time": 521.989,
                      "Actual Total Time": 522.112,
                      "Actual Rows": 115496,
                      "Actual Loops": 6,
                      "Hash Buckets": 1048576,
                      "Original Hash Buckets": 1048576,
                      "Hash Batches": 1,
                      "Original Hash Batches": 1,
                      "Peak Memory Usage": 35424,
                      "Plans": [
                        {
                          "Node Type": "Hash Join",
                          "Parent Relationship": "Outer",
                          "Parallel Aware": true,
                          "Join Type": "Inner",
                          "Startup Cost": 64968.49,
                          "Total Cost": 92814.32,
                          "Plan Rows": 224253,
                          "Plan Width": 8,
                          "Actual Startup Time": 360.862,
                          "Actual Total Time": 463.748,
                          "Actual Rows": 115496,
                          "Actual Loops": 6,
                          "Inner Unique": true,
                          "Hash Cond": "(mk.movie_id = t.id)",
                          "Plans": [
                            {
                              "Node Type": "Bitmap Heap Scan",
                              "Parent Relationship": "Outer",
                              "Parallel Aware": true,
                              "Relation Name": "movie_keyword",
                              "Alias": "mk",
                              "Startup Cost": 14748.11,
                              "Total Cost": 42005.27,
                              "Plan Rows": 224253,
                              "Plan Width": 4,
                              "Actual Startup Time": 68.71,
                              "Actual Total Time": 123.462,
                              "Actual Rows": 115496,
                              "Actual Loops": 6,
                              "Recheck Cond": "(keyword_id > 27168)",
                              "Rows Removed by Index Recheck": 0,
                              "Exact Heap Blocks": 4787,
                              "Lossy Heap Blocks": 0,
                              "Plans": [
                                {
                                  "Node Type": "Bitmap Index Scan",
                                  "Parent Relationship": "Outer",
                                  "Parallel Aware": false,
                                  "Index Name": "keyword_id_movie_keyword",
                                  "Startup Cost": 0.0,
                                  "Total Cost": 14574.31,
                                  "Plan Rows": 695184,
                                  "Plan Width": 0,
                                  "Actual Startup Time": 62.966,
                                  "Actual Total Time": 62.967,
                                  "Actual Rows": 692979,
                                  "Actual Loops": 1,
                                  "Index Cond": "(keyword_id > 27168)"
                                }
                              ]
                            },
                            {
                              "Node Type": "Hash",
                              "Parent Relationship": "Inner",
                              "Parallel Aware": true,
                              "Startup Cost": 42319.06,
                              "Total Cost": 42319.06,
                              "Plan Rows": 632106,
                              "Plan Width": 4,
                              "Actual Startup Time": 286.567,
                              "Actual Total Time": 286.569,
                              "Actual Rows": 421385,
                              "Actual Loops": 6,
                              "Hash Buckets": 4194304,
                              "Original Hash Buckets": 4194304,
                              "Hash Batches": 1,
                              "Original Hash Batches": 1,
                              "Peak Memory Usage": 131808,
                              "Plans": [
                                {
                                  "Node Type": "Seq Scan",
                                  "Parent Relationship": "Outer",
                                  "Parallel Aware": true,
                                  "Relation Name": "title",
                                  "Alias": "t",
                                  "Startup Cost": 0.0,
                                  "Total Cost": 42319.06,
                                  "Plan Rows": 632106,
                                  "Plan Width": 4,
                                  "Actual Startup Time": 0.056,
                                  "Actual Total Time": 80.184,
                                  "Actual Rows": 421385,
                                  "Actual Loops": 6
                                }
                              ]
                            }
                          ]
                        }
                      ]
                    }
                  ]
                }
              ]
            }
          ]
        }
      ]
    },
    "Planning Time": 1.358,
    "Triggers": [],
    "Execution Time": 1593.839
  }
]