[
  {
    "Plan": {
      "Node Type": "Aggregate",
      "Strategy": "Plain",
      "Partial Mode": "Finalize",
      "Parallel Aware": false,
      "Startup Cost": 302542.73,
      "Total Cost": 302542.74,
      "Plan Rows": 1,
      "Plan Width": 8,
      "Actual Startup Time": 1743.381,
      "Actual Total Time": 1795.347,
      "Actual Rows": 1,
      "Actual Loops": 1,
      "Plans": [
        {
          "Node Type": "Gather",
          "Parent Relationship": "Outer",
          "Parallel Aware": false,
          "Startup Cost": 302542.21,
          "Total Cost": 302542.72,
          "Plan Rows": 5,
          "Plan Width": 8,
          "Actual Startup Time": 1721.478,
          "Actual Total Time": 1795.334,
          "Actual Rows": 6,
          "Actual Loops": 1,
          "Workers Planned": 5,
          "Workers Launched": 5,
          "Single Copy": false,
          "Plans": [
            {
              "Node Type": "Aggregate",
              "Strategy": "Plain",
              "Partial Mode": "Partial",
              "Parent Relationship": "Outer",
              "Parallel Aware": false,
              "Startup Cost": 301542.21,
              "Total Cost": 301542.22,
              "Plan Rows": 1,
              "Plan Width": 8,
              "Actual Startup Time": 1710.292,
              "Actual Total Time": 1710.393,
              "Actual Rows": 1,
              "Actual Loops": 6,
              "Plans": [
                {
                  "Node Type": "Hash Join",
                  "Parent Relationship": "Outer",
                  "Parallel Aware": true,
                  "Join Type": "Inner",
                  "Startup Cost": 95869.53,
                  "Total Cost": 300667.15,
                  "Plan Rows": 350022,
                  "Plan Width": 0,
                  "Actual Startup Time": 525.094,
                  "Actual Total Time": 1466.835,
                  "Actual Rows": 4613764,
                  "Actual Loops": 6,
                  "Inner Unique": false,
                  "Hash Cond": "(mi.movie_id = t.id)",
                  "Plans": [
                    {
                      "Node Type": "Seq Scan",
                      "Parent Relationship": "Outer",
                      "Parallel Aware": true,
                      "Relation Name": "movie_info",
                      "Alias": "mi",
                      "Startup Cost": 0.0,
                      "Total Cost": 198952.16,
                      "Plan Rows": 1257696,
                      "Plan Width": 4,
                      "Actual Startup Time": 19.003,
                      "Actual Total Time": 369.979,
                      "Actual Rows": 1037249,
                      "Actual Loops": 6,
                      "Filter": "(info_type_id > 8)",
                      "Rows Removed by Filter": 1435371
                    },
                    {
                      "Node Type": "Hash",
                      "Parent Relationship": "Inner",
                      "Parallel Aware": true,
                      "Startup Cost": 93032.29,
                      "Total Cost": 93032.29,
                      "Plan Rows": 226979,
                      "Plan Width": 8,
                      "Actual Startup Time": 499.026,
                      "Actual Total Time": 499.125,
                      "Actual Rows": 115496,
                      "Actual Loops": 6,
                      "Hash Buckets": 1048576,
                      "Original Hash Buckets": 1048576,
                      "Hash Batches": 1,
                      "Original Hash Batches": 1,
                      "Peak Memory Usage": 35424,
                      "Plans": [
                        {
                          "Node Type": "Hash Join",
                          "Parent Relationship": "Outer",
                          "Parallel Aware": true,
                          "Join Type": "Inner",
                          "Startup Cost": 65145.24,
                          "Total Cost": 93032.29,
                          "Plan Rows": 226979,
                          "Plan Width": 8,
                          "Actual Startup Time": 344.071,
                          "Actual Total Time": 448.253,
                          "Actual Rows": 115496,
                          "Actual Loops": 6,
                          "Inner Unique": true,
                          "Hash Cond": "(mk.movie_id = t.id)",
                          "Plans": [
                            {
                              "Node Type": "Bitmap Heap Scan",
                              "Parent Relationship": "Outer",
                              "Parallel Aware": true,
                              "Relation Name": "movie_keyword",
                              "Alias": "mk",
                              "Startup Cost": 14925.6,
                              "Total Cost": 42216.83,
                              "Plan Rows": 226979,
                              "Plan Width": 4,
                              "Actual Startup Time": 40.078,
                              "Actual Total Time": 97.665,
                              "Actual Rows": 115496,
                              "Actual Loops": 6,
                              "Recheck Cond": "(keyword_id > 27168)",
                              "Rows Removed by Index Recheck": 0,
                              "Exact Heap Blocks": 6466,
                              "Lossy Heap Blocks": 0,
                              "Plans": [
                                {
                                  "Node Type": "Bitmap Index Scan",
                                  "Parent Relationship": "Outer",
                                  "Parallel Aware": false,
                                  "Index Name": "keyword_id_movie_keyword",
                                  "Startup Cost": 0.0,
                                  "Total Cost": 14749.69,
                                  "Plan Rows": 703634,
                                  "Plan Width": 0,
                                  "Actual Startup Time": 36.403,
                                  "Actual Total Time": 36.404,
                                  "Actual Rows": 692979,
                                  "Actual Loops": 1,
                                  "Index Cond": "(keyword_id > 27168)"
                                }
                              ]
                            },
                            {
                              "Node Type": "Hash",
                              "Parent Relationship": "Inner",
                              "Parallel Aware": true,
                              "Startup Cost": 42318.73,
                              "Total Cost": 42318.73,
                              "Plan Rows": 632073,
                              "Plan Width": 4,
                              "Actual Startup Time": 298.847,
                              "Actual Total Time": 298.848,
                              "Actual Rows": 421385,
                              "Actual Loops": 6,
                              "Hash Buckets": 4194304,
                              "Original Hash Buckets": 4194304,
                              "Hash Batches": 1,
                              "Original Hash Batches": 1,
                              "Peak Memory Usage": 131776,
                              "Plans": [
                                {
                                  "Node Type": "Seq Scan",
                                  "Parent Relationship": "Outer",
                                  "Parallel Aware": true,
                                  "Relation Name": "title",
                                  "Alias": "t",
                                  "Startup Cost": 0.0,
                                  "Total Cost": 42318.73,
                                  "Plan Rows": 632073,
                                  "Plan Width": 4,
                                  "Actual Startup Time": 0.046,
                                  "Actual Total Time": 89.469,
                                  "Actual Rows": 421385,
                                  "Actual Loops": 6
                                }
                              ]
                            }
                          ]
                        }
                      ]
                    }
                  ]
                }
              ]
            }
          ]
        }
      ]
    },
    "Planning Time": 1.4,
    "Triggers": [],
    "Execution Time": 1795.461
  }
]