[
  {
    "Plan": {
      "Node Type": "Aggregate",
      "Strategy": "Plain",
      "Partial Mode": "Simple",
      "Parallel Aware": false,
      "Startup Cost": 14925.88,
      "Total Cost": 14925.89,
      "Plan Rows": 1,
      "Plan Width": 64,
      "Actual Startup Time": 3388.487,
      "Actual Total Time": 3388.493,
      "Actual Rows": 1,
      "Actual Loops": 1,
      "Plans": [
        {
          "Node Type": "Nested Loop",
          "Parent Relationship": "Outer",
          "Parallel Aware": false,
          "Join Type": "Inner",
          "Startup Cost": 13.07,
          "Total Cost": 14925.88,
          "Plan Rows": 1,
          "Plan Width": 32,
          "Actual Startup Time": 281.308,
          "Actual Total Time": 3388.374,
          "Actual Rows": 100,
          "Actual Loops": 1,
          "Inner Unique": true,
          "Plans": [
            {
              "Node Type": "Nested Loop",
              "Parent Relationship": "Outer",
              "Parallel Aware": false,
              "Join Type": "Inner",
              "Startup Cost": 12.64,
              "Total Cost": 14925.42,
              "Plan Rows": 1,
              "Plan Width": 21,
              "Actual Startup Time": 281.241,
              "Actual Total Time": 3385.51,
              "Actual Rows": 100,
              "Actual Loops": 1,
              "Inner Unique": true,
              "Plans": [
                {
                  "Node Type": "Nested Loop",
                  "Parent Relationship": "Outer",
                  "Parallel Aware": false,
                  "Join Type": "Inner",
                  "Startup Cost": 12.21,
                  "Total Cost": 14919.96,
                  "Plan Rows": 12,
                  "Plan Width": 25,
                  "Actual Startup Time": 8.257,
                  "Actual Total Time": 1930.84,
                  "Actual Rows": 734297,
                  "Actual Loops": 1,
                  "Inner Unique": false,
                  "Join Filter": "(t.id = ci.movie_id)",
                  "Rows Removed by Join Filter": 0,
                  "Plans": [
                    {
                      "Node Type": "Nested Loop",
                      "Parent Relationship": "Outer",
                      "Parallel Aware": false,
                      "Join Type": "Inner",
                      "Startup Cost": 11.65,
                      "Total Cost": 14912.14,
                      "Plan Rows": 4,
                      "Plan Width": 29,
                      "Actual Startup Time": 8.191,
                      "Actual Total Time": 546.357,
                      "Actual Rows": 9634,
                      "Actual Loops": 1,
                      "Inner Unique": false,
                      "Join Filter": "(t.kind_id = kt.id)",
                      "Rows Removed by Join Filter": 2232,
                      "Plans": [
                        {
                          "Node Type": "Seq Scan",
                          "Parent Relationship": "Outer",
                          "Parallel Aware": false,
                          "Relation Name": "kind_type",
                          "Alias": "kt",
                          "Startup Cost": 0.0,
                          "Total Cost": 1.09,
                          "Plan Rows": 1,
                          "Plan Width": 4,
                          "Actual Startup Time": 0.008,
                          "Actual Total Time": 0.011,
                          "Actual Rows": 1,
                          "Actual Loops": 1,
                          "Filter": "((kind)::text = 'movie'::text)",
                          "Rows Removed by Filter": 6
                        },
                        {
                          "Node Type": "Nested Loop",
                          "Parent Relationship": "Inner",
                          "Parallel Aware": false,
                          "Join Type": "Inner",
                          "Startup Cost": 11.65,
                          "Total Cost": 14910.74,
                          "Plan Rows": 25,
                          "Plan Width": 33,
                          "Actual Startup Time": 1.529,
                          "Actual Total Time": 543.904,
                          "Actual Rows": 11866,
                          "Actual Loops": 1,
                          "Inner Unique": true,
                          "Plans": [
                            {
                              "Node Type": "Nested Loop",
                              "Parent Relationship": "Outer",
                              "Parallel Aware": false,
                              "Join Type": "Inner",
                              "Startup Cost": 11.22,
                              "Total Cost": 14896.54,
                              "Plan Rows": 29,
                              "Plan Width": 8,
                              "Actual Startup Time": 1.47,
                              "Actual Total Time": 454.7,
                              "Actual Rows": 15452,
                              "Actual Loops": 1,
                              "Inner Unique": false,
                              "Join Filter": "(cc.status_id = cct2.id)",
                              "Rows Removed by Join Filter": 15452,
                              "Plans": [
                                {
                                  "Node Type": "Seq Scan",
                                  "Parent Relationship": "Outer",
                                  "Parallel Aware": false,
                                  "Relation Name": "comp_cast_type",
                                  "Alias": "cct2",
                                  "Startup Cost": 0.0,
                                  "Total Cost": 1.05,
                                  "Plan Rows": 1,
                                  "Plan Width": 4,
                                  "Actual Startup Time": 0.006,
                                  "Actual Total Time": 0.008,
                                  "Actual Rows": 2,
                                  "Actual Loops": 1,
                                  "Filter": "((kind)::text ~~ '%complete%'::text)",
                                  "Rows Removed by Filter": 2
                                },
                                {
                                  "Node Type": "Nested Loop",
                                  "Parent Relationship": "Inner",
                                  "Parallel Aware": false,
                                  "Join Type": "Inner",
                                  "Startup Cost": 11.22,
                                  "Total Cost": 14894.04,
                                  "Plan Rows": 116,
                                  "Plan Width": 12,
                                  "Actual Startup Time": 1.085,
                                  "Actual Total Time": 224.962,
                                  "Actual Rows": 15452,
                                  "Actual Loops": 2,
                                  "Inner Unique": false,
                                  "Join Filter": "(cc.subject_id = cct1.id)",
                                  "Rows Removed by Join Filter": 6666,
                                  "Plans": [
                                    {
                                      "Node Type": "Seq Scan",
                                      "Parent Relationship": "Outer",
                                      "Parallel Aware": false,
                                      "Relation Name": "comp_cast_type",
                                      "Alias": "cct1",
                                      "Startup Cost": 0.0,
                                      "Total Cost": 1.05,
                                      "Plan Rows": 1,
                                      "Plan Width": 4,
                                      "Actual Startup Time": 0.005,
                                      "Actual Total Time": 0.007,
                                      "Actual Rows": 1,
                                      "Actual Loops": 2,
                                      "Filter": "((kind)::text = 'cast'::text)",
                                      "Rows Removed by Filter": 3
                                    },
                                    {
                                      "Node Type": "Nested Loop",
                                      "Parent Relationship": "Inner",
                                      "Parallel Aware": false,
                                      "Join Type": "Inner",
                                      "Startup Cost": 11.22,
                                      "Total Cost": 14887.2,
                                      "Plan Rows": 463,
                                      "Plan Width": 16,
                                      "Actual Startup Time": 1.077,
                                      "Actual Total Time": 221.943,
                                      "Actual Rows": 22118,
                                      "Actual Loops": 2,
                                      "Inner Unique": false,
                                      "Plans": [
                                        {
                                          "Node Type": "Nested Loop",
                                          "Parent Relationship": "Outer",
                                          "Parallel Aware": false,
                                          "Join Type": "Inner",
                                          "Startup Cost": 10.8,
                                          "Total Cost": 14726.77,
                                          "Plan Rows": 337,
                                          "Plan Width": 4,
                                          "Actual Startup Time": 0.739,
                                          "Actual Total Time": 117.245,
                                          "Actual Rows": 56051,
                                          "Actual Loops": 2,
                                          "Inner Unique": false,
                                          "Plans": [
                                            {
                                              "Node Type": "Seq Scan",
                                              "Parent Relationship": "Outer",
                                              "Parallel Aware": false,
                                              "Relation Name": "keyword",
                                              "Alias": "k",
                                              "Startup Cost": 0.0,
                                              "Total Cost": 3967.82,
                                              "Plan Rows": 10,
                                              "Plan Width": 4,
                                              "Actual Startup Time": 0.146,
                                              "Actual Total Time": 30.732,
                                              "Actual Rows": 9,
                                              "Actual Loops": 2,
                                              "Filter": "(keyword = ANY ('{marvel-cinematic-universe,web,female-nudity,murder,sequel,sequel,based-on-comic,second-part,superhero,movie-spoof}'::text[]))",
                                              "Rows Removed by Filter": 134161
                                            },
                                            {
                                              "Node Type": "Bitmap Heap Scan",
                                              "Parent Relationship": "Inner",
                                              "Parallel Aware": false,
                                              "Relation Name": "movie_keyword",
                                              "Alias": "mk",
                                              "Startup Cost": 10.8,
                                              "Total Cost": 1072.84,
                                              "Plan Rows": 305,
                                              "Plan Width": 8,
                                              "Actual Startup Time": 1.362,
                                              "Actual Total Time": 8.802,
                                              "Actual Rows": 6228,
                                              "Actual Loops": 18,
                                              "Recheck Cond": "(keyword_id = k.id)",
                                              "Rows Removed by Index Recheck": 0,
                                              "Exact Heap Blocks": 66428,
                                              "Lossy Heap Blocks": 0,
                                              "Plans": [
                                                {
                                                  "Node Type": "Bitmap Index Scan",
                                                  "Parent Relationship": "Outer",
                                                  "Parallel Aware": false,
                                                  "Index Name": "keyword_id_movie_keyword",
                                                  "Startup Cost": 0.0,
                                                  "Total Cost": 10.72,
                                                  "Plan Rows": 305,
                                                  "Plan Width": 0,
                                                  "Actual Startup Time": 0.794,
                                                  "Actual Total Time": 0.794,
                                                  "Actual Rows": 6228,
                                                  "Actual Loops": 18,
                                                  "Index Cond": "(keyword_id = k.id)"
                                                }
                                              ]
                                            }
                                          ]
                                        },
                                        {
                                          "Node Type": "Index Scan",
                                          "Parent Relationship": "Inner",
                                          "Parallel Aware": false,
                                          "Scan Direction": "Forward",
                                          "Index Name": "movie_id_complete_cast",
                                          "Relation Name": "complete_cast",
                                          "Alias": "cc",
                                          "Startup Cost": 0.42,
                                          "Total Cost": 0.46,
                                          "Plan Rows": 2,
                                          "Plan Width": 12,
                                          "Actual Startup Time": 0.001,
                                          "Actual Total Time": 0.002,
                                          "Actual Rows": 0,
                                          "Actual Loops": 112102,
                                          "Index Cond": "(movie_id = mk.movie_id)",
                                          "Rows Removed by Index Recheck": 0
                                        }
                                      ]
                                    }
                                  ]
                                }
                              ]
                            },
                            {
                              "Node Type": "Index Scan",
                              "Parent Relationship": "Inner",
                              "Parallel Aware": false,
                              "Scan Direction": "Forward",
                              "Index Name": "title_pkey",
                              "Relation Name": "title",
                              "Alias": "t",
                              "Startup Cost": 0.43,
                              "Total Cost": 0.49,
                              "Plan Rows": 1,
                              "Plan Width": 25,
                              "Actual Startup Time": 0.005,
                              "Actual Total Time": 0.005,
                              "Actual Rows": 1,
                              "Actual Loops": 15452,
                              "Index Cond": "(id = mk.movie_id)",
                              "Rows Removed by Index Recheck": 0,
                              "Filter": "(production_year > 1964)",
                              "Rows Removed by Filter": 0
                            }
                          ]
                        }
                      ]
                    },
                    {
                      "Node Type": "Index Scan",
                      "Parent Relationship": "Inner",
                      "Parallel Aware": false,
                      "Scan Direction": "Forward",
                      "Index Name": "movie_id_cast_info",
                      "Relation Name": "cast_info",
                      "Alias": "ci",
                      "Startup Cost": 0.56,
                      "Total Cost": 1.52,
                      "Plan Rows": 35,
                      "Plan Width": 12,
                      "Actual Startup Time": 0.012,
                      "Actual Total Time": 0.13,
                      "Actual Rows": 76,
                      "Actual Loops": 9634,
                      "Index Cond": "(movie_id = mk.movie_id)",
                      "Rows Removed by Index Recheck": 0
                    }
                  ]
                },
                {
                  "Node Type": "Index Scan",
                  "Parent Relationship": "Inner",
                  "Parallel Aware": false,
                  "Scan Direction": "Forward",
                  "Index Name": "char_name_pkey",
                  "Relation Name": "char_name",
                  "Alias": "chn",
                  "Startup Cost": 0.43,
                  "Total Cost": 0.46,
                  "Plan Rows": 1,
                  "Plan Width": 4,
                  "Actual Startup Time": 0.002,
                  "Actual Total Time": 0.002,
                  "Actual Rows": 0,
                  "Actual Loops": 734297,
                  "Index Cond": "(id = ci.person_role_id)",
                  "Rows Removed by Index Recheck": 0,
                  "Filter": "((name IS NOT NULL) AND (name ~~ '%Murray%'::text))",
                  "Rows Removed by Filter": 0
                }
              ]
            },
            {
              "Node Type": "Index Scan",
              "Parent Relationship": "Inner",
              "Parallel Aware": false,
              "Scan Direction": "Forward",
              "Index Name": "name_pkey",
              "Relation Name": "name",
              "Alias": "n",
              "Startup Cost": 0.43,
              "Total Cost": 0.46,
              "Plan Rows": 1,
              "Plan Width": 19,
              "Actual Startup Time": 0.027,
              "Actual Total Time": 0.027,
              "Actual Rows": 1,
              "Actual Loops": 100,
              "Index Cond": "(id = ci.person_id)",
              "Rows Removed by Index Recheck": 0
            }
          ]
        }
      ]
    },
    "Planning Time": 32.148,
    "Triggers": [],
    "Execution Time": 3388.829
  }
]