[
  {
    "Plan": {
      "Node Type": "Aggregate",
      "Strategy": "Plain",
      "Partial Mode": "Finalize",
      "Parallel Aware": false,
      "Startup Cost": 200468.34,
      "Total Cost": 200468.35,
      "Plan Rows": 1,
      "Plan Width": 8,
      "Actual Startup Time": 231.495,
      "Actual Total Time": 245.986,
      "Actual Rows": 1,
      "Actual Loops": 1,
      "Plans": [
        {
          "Node Type": "Gather",
          "Parent Relationship": "Outer",
          "Parallel Aware": false,
          "Startup Cost": 200467.71,
          "Total Cost": 200468.32,
          "Plan Rows": 6,
          "Plan Width": 8,
          "Actual Startup Time": 231.411,
          "Actual Total Time": 245.973,
          "Actual Rows": 7,
          "Actual Loops": 1,
          "Workers Planned": 6,
          "Workers Launched": 6,
          "Single Copy": false,
          "Plans": [
            {
              "Node Type": "Aggregate",
              "Strategy": "Plain",
              "Partial Mode": "Partial",
              "Parent Relationship": "Outer",
              "Parallel Aware": false,
              "Startup Cost": 199467.71,
              "Total Cost": 199467.72,
              "Plan Rows": 1,
              "Plan Width": 8,
              "Actual Startup Time": 221.351,
              "Actual Total Time": 221.352,
              "Actual Rows": 1,
              "Actual Loops": 7,
              "Plans": [
                {
                  "Node Type": "Index Scan",
                  "Parent Relationship": "Outer",
                  "Parallel Aware": true,
                  "Scan Direction": "Forward",
                  "Index Name": "role_id_cast_info",
                  "Relation Name": "cast_info",
                  "Alias": "ci",
                  "Startup Cost": 0.56,
                  "Total Cost": 197877.72,
                  "Plan Rows": 635995,
                  "Plan Width": 0,
                  "Actual Startup Time": 0.158,
                  "Actual Total Time": 211.194,
                  "Actual Rows": 158120,
                  "Actual Loops": 7,
                  "Index Cond": "(role_id = 2)",
                  "Rows Removed by Index Recheck": 0,
                  "Filter": "(person_id < 1876816)",
                  "Rows Removed by Filter": 906447
                }
              ]
            }
          ]
        }
      ]
    },
    "Planning Time": 0.285,
    "Triggers": [],
    "Execution Time": 246.06
  }
]