{
  "Plan": {
    "Node Type": "Aggregate",
    "Strategy": "Plain",
    "Partial Mode": "Finalize",
    "Parallel Aware": false,
    "Startup Cost": 105752.52,
    "Total Cost": 105752.53,
    "Plan Rows": 1,
    "Plan Width": 8,
    "Actual Startup Time": 595.712,
    "Actual Total Time": 608.766,
    "Actual Rows": 1,
    "Actual Loops": 1,
    "Plans": [
      {
        "Node Type": "Gather",
        "Parent Relationship": "Outer",
        "Parallel Aware": false,
        "Startup Cost": 105752.41,
        "Total Cost": 105752.52,
        "Plan Rows": 1,
        "Plan Width": 8,
        "Actual Startup Time": 593.682,
        "Actual Total Time": 608.76,
        "Actual Rows": 2,
        "Actual Loops": 1,
        "Workers Planned": 1,
        "Workers Launched": 1,
        "Single Copy": false,
        "Plans": [
          {
            "Node Type": "Aggregate",
            "Strategy": "Plain",
            "Partial Mode": "Partial",
            "Parent Relationship": "Outer",
            "Parallel Aware": false,
            "Startup Cost": 104752.41,
            "Total Cost": 104752.42,
            "Plan Rows": 1,
            "Plan Width": 8,
            "Actual Startup Time": 587.298,
            "Actual Total Time": 587.302,
            "Actual Rows": 1,
            "Actual Loops": 2,
            "Plans": [
              {
                "Node Type": "Hash Join",
                "Parent Relationship": "Outer",
                "Parallel Aware": true,
                "Join Type": "Inner",
                "Startup Cost": 84757.88,
                "Total Cost": 104750.85,
                "Plan Rows": 625,
                "Plan Width": 0,
                "Actual Startup Time": 582.477,
                "Actual Total Time": 587.143,
                "Actual Rows": 3157,
                "Actual Loops": 2,
                "Inner Unique": false,
                "Hash Cond": "(mi.movie_id = t.id)",
                "Plans": [
                  {
                    "Node Type": "Bitmap Heap Scan",
                    "Parent Relationship": "Outer",
                    "Parallel Aware": true,
                    "Relation Name": "movie_info",
                    "Alias": "mi",
                    "Startup Cost": 110.26,
                    "Total Cost": 20086.51,
                    "Plan Rows": 3478,
                    "Plan Width": 4,
                    "Actual Startup Time": 0.874,
                    "Actual Total Time": 3.232,
                    "Actual Rows": 3173,
                    "Actual Loops": 2,
                    "Recheck Cond": "(info_type_id = 70)",
                    "Rows Removed by Index Recheck": 0,
                    "Exact Heap Blocks": 751,
                    "Lossy Heap Blocks": 0,
                    "Plans": [
                      {
                        "Node Type": "Bitmap Index Scan",
                        "Parent Relationship": "Outer",
                        "Parallel Aware": false,
                        "Index Name": "info_type_id_movie_info",
                        "Startup Cost": 0.0,
                        "Total Cost": 108.78,
                        "Plan Rows": 5913,
                        "Plan Width": 0,
                        "Actual Startup Time": 0.732,
                        "Actual Total Time": 0.733,
                        "Actual Rows": 6346,
                        "Actual Loops": 1,
                        "Index Cond": "(info_type_id = 70)"
                      }
                    ]
                  },
                  {
                    "Node Type": "Hash",
                    "Parent Relationship": "Inner",
                    "Parallel Aware": true,
                    "Startup Cost": 81304.76,
                    "Total Cost": 81304.76,
                    "Plan Rows": 267429,
                    "Plan Width": 8,
                    "Actual Startup Time": 576.214,
                    "Actual Total Time": 576.217,
                    "Actual Rows": 229962,
                    "Actual Loops": 2,
                    "Hash Buckets": 524288,
                    "Original Hash Buckets": 524288,
                    "Hash Batches": 1,
                    "Original Hash Batches": 1,
                    "Peak Memory Usage": 22144,
                    "Plans": [
                      {
                        "Node Type": "Hash Join",
                        "Parent Relationship": "Outer",
                        "Parallel Aware": true,
                        "Join Type": "Inner",
                        "Startup Cost": 21425.18,
                        "Total Cost": 81304.76,
                        "Plan Rows": 267429,
                        "Plan Width": 8,
                        "Actual Startup Time": 120.072,
                        "Actual Total Time": 515.756,
                        "Actual Rows": 229962,
                        "Actual Loops": 2,
                        "Inner Unique": false,
                        "Hash Cond": "(t.id = mi_idx.movie_id)",
                        "Plans": [
                          {
                            "Node Type": "Seq Scan",
                            "Parent Relationship": "Outer",
                            "Parallel Aware": true,
                            "Relation Name": "title",
                            "Alias": "t",
                            "Startup Cost": 0.0,
                            "Total Cost": 50870.31,
                            "Plan Rows": 1487231,
                            "Plan Width": 4,
                            "Actual Startup Time": 0.014,
                            "Actual Total Time": 117.44,
                            "Actual Rows": 1264156,
                            "Actual Loops": 2
                          },
                          {
                            "Node Type": "Hash",
                            "Parent Relationship": "Inner",
                            "Parallel Aware": true,
                            "Startup Cost": 18082.32,
                            "Total Cost": 18082.32,
                            "Plan Rows": 267429,
                            "Plan Width": 4,
                            "Actual Startup Time": 116.493,
                            "Actual Total Time": 116.494,
                            "Actual Rows": 229962,
                            "Actual Loops": 2,
                            "Hash Buckets": 524288,
                            "Original Hash Buckets": 524288,
                            "Hash Batches": 1,
                            "Original Hash Batches": 1,
                            "Peak Memory Usage": 22144,
                            "Plans": [
                              {
                                "Node Type": "Seq Scan",
                                "Parent Relationship": "Outer",
                                "Parallel Aware": true,
                                "Relation Name": "movie_info_idx",
                                "Alias": "mi_idx",
                                "Startup Cost": 0.0,
                                "Total Cost": 18082.32,
                                "Plan Rows": 267429,
                                "Plan Width": 4,
                                "Actual Startup Time": 0.057,
                                "Actual Total Time": 64.864,
                                "Actual Rows": 229962,
                                "Actual Loops": 2,
                                "Filter": "(info_type_id < 100)",
                                "Rows Removed by Filter": 460055
                              }
                            ]
                          }
                        ]
                      }
                    ]
                  }
                ]
              }
            ]
          }
        ]
      }
    ]
  },
  "Planning Time": 0.911,
  "Triggers": [],
  "Execution Time": 608.869
}