[
  {
    "Plan": {
      "Node Type": "Aggregate",
      "Strategy": "Plain",
      "Partial Mode": "Finalize",
      "Parallel Aware": false,
      "Startup Cost": 43830.71,
      "Total Cost": 43830.72,
      "Plan Rows": 1,
      "Plan Width": 8,
      "Actual Startup Time": 52.205,
      "Actual Total Time": 58.215,
      "Actual Rows": 1,
      "Actual Loops": 1,
      "Plans": [
        {
          "Node Type": "Gather",
          "Parent Relationship": "Outer",
          "Parallel Aware": false,
          "Startup Cost": 43830.4,
          "Total Cost": 43830.71,
          "Plan Rows": 3,
          "Plan Width": 8,
          "Actual Startup Time": 52.128,
          "Actual Total Time": 58.208,
          "Actual Rows": 4,
          "Actual Loops": 1,
          "Workers Planned": 3,
          "Workers Launched": 3,
          "Single Copy": false,
          "Plans": [
            {
              "Node Type": "Aggregate",
              "Strategy": "Plain",
              "Partial Mode": "Partial",
              "Parent Relationship": "Outer",
              "Parallel Aware": false,
              "Startup Cost": 42830.4,
              "Total Cost": 42830.41,
              "Plan Rows": 1,
              "Plan Width": 8,
              "Actual Startup Time": 42.957,
              "Actual Total Time": 42.958,
              "Actual Rows": 1,
              "Actual Loops": 4,
              "Plans": [
                {
                  "Node Type": "Nested Loop",
                  "Parent Relationship": "Outer",
                  "Parallel Aware": false,
                  "Join Type": "Inner",
                  "Startup Cost": 0.99,
                  "Total Cost": 42830.17,
                  "Plan Rows": 91,
                  "Plan Width": 0,
                  "Actual Startup Time": 3.033,
                  "Actual Total Time": 42.941,
                  "Actual Rows": 29,
                  "Actual Loops": 4,
                  "Inner Unique": true,
                  "Plans": [
                    {
                      "Node Type": "Index Scan",
                      "Parent Relationship": "Outer",
                      "Parallel Aware": true,
                      "Scan Direction": "Forward",
                      "Index Name": "role_id_cast_info",
                      "Relation Name": "cast_info",
                      "Alias": "ci",
                      "Startup Cost": 0.56,
                      "Total Cost": 8600.37,
                      "Plan Rows": 6279,
                      "Plan Width": 4,
                      "Actual Startup Time": 0.152,
                      "Actual Total Time": 14.593,
                      "Actual Rows": 2106,
                      "Actual Loops": 4,
                      "Index Cond": "(role_id > 10)",
                      "Rows Removed by Index Recheck": 0,
                      "Filter": "(person_id < 231589)",
                      "Rows Removed by Filter": 76924
                    },
                    {
                      "Node Type": "Index Scan",
                      "Parent Relationship": "Inner",
                      "Parallel Aware": false,
                      "Scan Direction": "Forward",
                      "Index Name": "title_pkey",
                      "Relation Name": "title",
                      "Alias": "t",
                      "Startup Cost": 0.43,
                      "Total Cost": 5.45,
                      "Plan Rows": 1,
                      "Plan Width": 4,
                      "Actual Startup Time": 0.013,
                      "Actual Total Time": 0.013,
                      "Actual Rows": 0,
                      "Actual Loops": 8423,
                      "Index Cond": "(id = ci.movie_id)",
                      "Rows Removed by Index Recheck": 0,
                      "Filter": "((kind_id < 3) AND (production_year = 2008))",
                      "Rows Removed by Filter": 1
                    }
                  ]
                }
              ]
            }
          ]
        }
      ]
    },
    "Planning Time": 0.666,
    "Triggers": [],
    "Execution Time": 58.312
  }
]