[
  {
    "Plan": {
      "Node Type": "Aggregate",
      "Strategy": "Plain",
      "Partial Mode": "Finalize",
      "Parallel Aware": false,
      "Startup Cost": 283301.7,
      "Total Cost": 283301.71,
      "Plan Rows": 1,
      "Plan Width": 8,
      "Actual Startup Time": 966.625,
      "Actual Total Time": 1027.709,
      "Actual Rows": 1,
      "Actual Loops": 1,
      "Plans": [
        {
          "Node Type": "Gather",
          "Parent Relationship": "Outer",
          "Parallel Aware": false,
          "Startup Cost": 283301.17,
          "Total Cost": 283301.68,
          "Plan Rows": 5,
          "Plan Width": 8,
          "Actual Startup Time": 951.625,
          "Actual Total Time": 1027.692,
          "Actual Rows": 6,
          "Actual Loops": 1,
          "Workers Planned": 5,
          "Workers Launched": 5,
          "Single Copy": false,
          "Plans": [
            {
              "Node Type": "Aggregate",
              "Strategy": "Plain",
              "Partial Mode": "Partial",
              "Parent Relationship": "Outer",
              "Parallel Aware": false,
              "Startup Cost": 282301.17,
              "Total Cost": 282301.18,
              "Plan Rows": 1,
              "Plan Width": 8,
              "Actual Startup Time": 941.388,
              "Actual Total Time": 941.657,
              "Actual Rows": 1,
              "Actual Loops": 6,
              "Plans": [
                {
                  "Node Type": "Hash Join",
                  "Parent Relationship": "Outer",
                  "Parallel Aware": true,
                  "Join Type": "Inner",
                  "Startup Cost": 80379.62,
                  "Total Cost": 282065.72,
                  "Plan Rows": 94181,
                  "Plan Width": 0,
                  "Actual Startup Time": 485.571,
                  "Actual Total Time": 929.929,
                  "Actual Rows": 195675,
                  "Actual Loops": 6,
                  "Inner Unique": false,
                  "Hash Cond": "(mi.movie_id = t.id)",
                  "Plans": [
                    {
                      "Node Type": "Seq Scan",
                      "Parent Relationship": "Outer",
                      "Parallel Aware": true,
                      "Relation Name": "movie_info",
                      "Alias": "mi",
                      "Startup Cost": 0.0,
                      "Total Cost": 199108.24,
                      "Plan Rows": 606414,
                      "Plan Width": 4,
                      "Actual Startup Time": 91.539,
                      "Actual Total Time": 430.412,
                      "Actual Rows": 506120,
                      "Actual Loops": 6,
                      "Filter": "(info_type_id = 16)",
                      "Rows Removed by Filter": 1966500
                    },
                    {
                      "Node Type": "Hash",
                      "Parent Relationship": "Inner",
                      "Parallel Aware": true,
                      "Startup Cost": 78796.2,
                      "Total Cost": 78796.2,
                      "Plan Rows": 126673,
                      "Plan Width": 8,
                      "Actual Startup Time": 391.156,
                      "Actual Total Time": 391.422,
                      "Actual Rows": 59372,
                      "Actual Loops": 6,
                      "Hash Buckets": 524288,
                      "Original Hash Buckets": 524288,
                      "Hash Batches": 1,
                      "Original Hash Batches": 1,
                      "Peak Memory Usage": 18112,
                      "Plans": [
                        {
                          "Node Type": "Hash Join",
                          "Parent Relationship": "Outer",
                          "Parallel Aware": true,
                          "Join Type": "Inner",
                          "Startup Cost": 48967.08,
                          "Total Cost": 78796.2,
                          "Plan Rows": 126673,
                          "Plan Width": 8,
                          "Actual Startup Time": 281.127,
                          "Actual Total Time": 363.502,
                          "Actual Rows": 59372,
                          "Actual Loops": 6,
                          "Inner Unique": true,
                          "Hash Cond": "(mc.movie_id = t.id)",
                          "Plans": [
                            {
                              "Node Type": "Seq Scan",
                              "Parent Relationship": "Outer",
                              "Parallel Aware": true,
                              "Relation Name": "movie_companies",
                              "Alias": "mc",
                              "Startup Cost": 0.0,
                              "Total Cost": 29310.68,
                              "Plan Rows": 197500,
                              "Plan Width": 4,
                              "Actual Startup Time": 25.699,
                              "Actual Total Time": 60.397,
                              "Actual Rows": 101126,
                              "Actual Loops": 6,
                              "Filter": "(company_id > 65675)",
                              "Rows Removed by Filter": 333729
                            },
                            {
                              "Node Type": "Hash",
                              "Parent Relationship": "Inner",
                              "Parallel Aware": true,
                              "Startup Cost": 43899.32,
                              "Total Cost": 43899.32,
                              "Plan Rows": 405421,
                              "Plan Width": 4,
                              "Actual Startup Time": 251.577,
                              "Actual Total Time": 251.578,
                              "Actual Rows": 267846,
                              "Actual Loops": 6,
                              "Hash Buckets": 2097152,
                              "Original Hash Buckets": 2097152,
                              "Hash Batches": 1,
                              "Original Hash Batches": 1,
                              "Peak Memory Usage": 79328,
                              "Plans": [
                                {
                                  "Node Type": "Seq Scan",
                                  "Parent Relationship": "Outer",
                                  "Parallel Aware": true,
                                  "Relation Name": "title",
                                  "Alias": "t",
                                  "Startup Cost": 0.0,
                                  "Total Cost": 43899.32,
                                  "Plan Rows": 405421,
                                  "Plan Width": 4,
                                  "Actual Startup Time": 0.053,
                                  "Actual Total Time": 106.703,
                                  "Actual Rows": 267846,
                                  "Actual Loops": 6,
                                  "Filter": "(production_year > 1995)",
                                  "Rows Removed by Filter": 153539
                                }
                              ]
                            }
                          ]
                        }
                      ]
                    }
                  ]
                }
              ]
            }
          ]
        }
      ]
    },
    "Planning Time": 1.467,
    "Triggers": [],
    "Execution Time": 1027.805
  }
]