[
  {
    "Plan": {
      "Node Type": "Aggregate",
      "Strategy": "Plain",
      "Partial Mode": "Finalize",
      "Parallel Aware": false,
      "Startup Cost": 113522.53,
      "Total Cost": 113522.54,
      "Plan Rows": 1,
      "Plan Width": 8,
      "Actual Startup Time": 479.041,
      "Actual Total Time": 498.56,
      "Actual Rows": 1,
      "Actual Loops": 1,
      "Plans": [
        {
          "Node Type": "Gather",
          "Parent Relationship": "Outer",
          "Parallel Aware": false,
          "Startup Cost": 113522.22,
          "Total Cost": 113522.53,
          "Plan Rows": 3,
          "Plan Width": 8,
          "Actual Startup Time": 476.171,
          "Actual Total Time": 498.545,
          "Actual Rows": 4,
          "Actual Loops": 1,
          "Workers Planned": 3,
          "Workers Launched": 3,
          "Single Copy": false,
          "Plans": [
            {
              "Node Type": "Aggregate",
              "Strategy": "Plain",
              "Partial Mode": "Partial",
              "Parent Relationship": "Outer",
              "Parallel Aware": false,
              "Startup Cost": 112522.22,
              "Total Cost": 112522.23,
              "Plan Rows": 1,
              "Plan Width": 8,
              "Actual Startup Time": 466.834,
              "Actual Total Time": 466.949,
              "Actual Rows": 1,
              "Actual Loops": 4,
              "Plans": [
                {
                  "Node Type": "Hash Join",
                  "Parent Relationship": "Outer",
                  "Parallel Aware": true,
                  "Join Type": "Inner",
                  "Startup Cost": 64299.4,
                  "Total Cost": 112130.3,
                  "Plan Rows": 156767,
                  "Plan Width": 0,
                  "Actual Startup Time": 267.224,
                  "Actual Total Time": 461.055,
                  "Actual Rows": 128440,
                  "Actual Loops": 4,
                  "Inner Unique": false,
                  "Hash Cond": "(mk.movie_id = t.id)",
                  "Plans": [
                    {
                      "Node Type": "Seq Scan",
                      "Parent Relationship": "Outer",
                      "Parallel Aware": true,
                      "Relation Name": "movie_keyword",
                      "Alias": "mk",
                      "Startup Cost": 0.0,
                      "Total Cost": 42695.65,
                      "Plan Rows": 1195213,
                      "Plan Width": 4,
                      "Actual Startup Time": 0.061,
                      "Actual Total Time": 116.636,
                      "Actual Rows": 928932,
                      "Actual Loops": 4,
                      "Filter": "(keyword_id < 22901)",
                      "Rows Removed by Filter": 202050
                    },
                    {
                      "Node Type": "Hash",
                      "Parent Relationship": "Inner",
                      "Parallel Aware": true,
                      "Startup Cost": 62572.22,
                      "Total Cost": 62572.22,
                      "Plan Rows": 138174,
                      "Plan Width": 8,
                      "Actual Startup Time": 263.375,
                      "Actual Total Time": 263.489,
                      "Actual Rows": 48792,
                      "Actual Loops": 4,
                      "Hash Buckets": 524288,
                      "Original Hash Buckets": 524288,
                      "Hash Batches": 1,
                      "Original Hash Batches": 1,
                      "Peak Memory Usage": 11776,
                      "Plans": [
                        {
                          "Node Type": "Hash Join",
                          "Parent Relationship": "Outer",
                          "Parallel Aware": true,
                          "Join Type": "Inner",
                          "Startup Cost": 47377.66,
                          "Total Cost": 62572.22,
                          "Plan Rows": 138174,
                          "Plan Width": 8,
                          "Actual Startup Time": 166.404,
                          "Actual Total Time": 248.463,
                          "Actual Rows": 48792,
                          "Actual Loops": 4,
                          "Inner Unique": true,
                          "Hash Cond": "(mi_idx.movie_id = t.id)",
                          "Plans": [
                            {
                              "Node Type": "Seq Scan",
                              "Parent Relationship": "Outer",
                              "Parallel Aware": true,
                              "Relation Name": "movie_info_idx",
                              "Alias": "mi_idx",
                              "Startup Cost": 0.0,
                              "Total Cost": 13685.15,
                              "Plan Rows": 575015,
                              "Plan Width": 4,
                              "Actual Startup Time": 0.031,
                              "Actual Total Time": 30.213,
                              "Actual Rows": 345009,
                              "Actual Loops": 4
                            },
                            {
                              "Node Type": "Hash",
                              "Parent Relationship": "Inner",
                              "Parallel Aware": true,
                              "Startup Cost": 45479.1,
                              "Total Cost": 45479.1,
                              "Plan Rows": 151885,
                              "Plan Width": 4,
                              "Actual Startup Time": 162.979,
                              "Actual Total Time": 162.98,
                              "Actual Rows": 120264,
                              "Actual Loops": 4,
                              "Hash Buckets": 1048576,
                              "Original Hash Buckets": 1048576,
                              "Hash Batches": 1,
                              "Original Hash Batches": 1,
                              "Peak Memory Usage": 27040,
                              "Plans": [
                                {
                                  "Node Type": "Seq Scan",
                                  "Parent Relationship": "Outer",
                                  "Parallel Aware": true,
                                  "Relation Name": "title",
                                  "Alias": "t",
                                  "Startup Cost": 0.0,
                                  "Total Cost": 45479.1,
                                  "Plan Rows": 151885,
                                  "Plan Width": 4,
                                  "Actual Startup Time": 0.046,
                                  "Actual Total Time": 108.062,
                                  "Actual Rows": 120264,
                                  "Actual Loops": 4,
                                  "Filter": "((kind_id > 3) AND (production_year < 1998))",
                                  "Rows Removed by Filter": 511814
                                }
                              ]
                            }
                          ]
                        }
                      ]
                    }
                  ]
                }
              ]
            }
          ]
        }
      ]
    },
    "Planning Time": 1.377,
    "Triggers": [],
    "Execution Time": 498.644
  }
]