[
  {
    "Plan": {
      "Node Type": "Aggregate",
      "Strategy": "Plain",
      "Partial Mode": "Finalize",
      "Parallel Aware": false,
      "Startup Cost": 45334.7,
      "Total Cost": 45334.71,
      "Plan Rows": 1,
      "Plan Width": 8,
      "Actual Startup Time": 159.718,
      "Actual Total Time": 167.067,
      "Actual Rows": 1,
      "Actual Loops": 1,
      "Plans": [
        {
          "Node Type": "Gather",
          "Parent Relationship": "Outer",
          "Parallel Aware": false,
          "Startup Cost": 45334.38,
          "Total Cost": 45334.69,
          "Plan Rows": 3,
          "Plan Width": 8,
          "Actual Startup Time": 159.603,
          "Actual Total Time": 167.059,
          "Actual Rows": 4,
          "Actual Loops": 1,
          "Workers Planned": 3,
          "Workers Launched": 3,
          "Single Copy": false,
          "Plans": [
            {
              "Node Type": "Aggregate",
              "Strategy": "Plain",
              "Partial Mode": "Partial",
              "Parent Relationship": "Outer",
              "Parallel Aware": false,
              "Startup Cost": 44334.38,
              "Total Cost": 44334.39,
              "Plan Rows": 1,
              "Plan Width": 8,
              "Actual Startup Time": 151.655,
              "Actual Total Time": 151.656,
              "Actual Rows": 1,
              "Actual Loops": 4,
              "Plans": [
                {
                  "Node Type": "Seq Scan",
                  "Parent Relationship": "Outer",
                  "Parallel Aware": true,
                  "Relation Name": "movie_keyword",
                  "Alias": "mk",
                  "Startup Cost": 0.0,
                  "Total Cost": 42695.65,
                  "Plan Rows": 655490,
                  "Plan Width": 0,
                  "Actual Startup Time": 0.904,
                  "Actual Total Time": 124.714,
                  "Actual Rows": 507192,
                  "Actual Loops": 4,
                  "Filter": "(keyword_id > 6082)",
                  "Rows Removed by Filter": 623790
                }
              ]
            }
          ]
        }
      ]
    },
    "Planning Time": 0.156,
    "Triggers": [],
    "Execution Time": 167.116
  }
]