[
  {
    "Plan": {
      "Node Type": "Aggregate",
      "Strategy": "Plain",
      "Partial Mode": "Finalize",
      "Parallel Aware": false,
      "Startup Cost": 44696.34,
      "Total Cost": 44696.35,
      "Plan Rows": 1,
      "Plan Width": 8,
      "Actual Startup Time": 141.386,
      "Actual Total Time": 152.353,
      "Actual Rows": 1,
      "Actual Loops": 1,
      "Plans": [
        {
          "Node Type": "Gather",
          "Parent Relationship": "Outer",
          "Parallel Aware": false,
          "Startup Cost": 44696.03,
          "Total Cost": 44696.34,
          "Plan Rows": 3,
          "Plan Width": 8,
          "Actual Startup Time": 141.186,
          "Actual Total Time": 152.343,
          "Actual Rows": 4,
          "Actual Loops": 1,
          "Workers Planned": 3,
          "Workers Launched": 3,
          "Single Copy": false,
          "Plans": [
            {
              "Node Type": "Aggregate",
              "Strategy": "Plain",
              "Partial Mode": "Partial",
              "Parent Relationship": "Outer",
              "Parallel Aware": false,
              "Startup Cost": 43696.03,
              "Total Cost": 43696.04,
              "Plan Rows": 1,
              "Plan Width": 8,
              "Actual Startup Time": 132.614,
              "Actual Total Time": 132.615,
              "Actual Rows": 1,
              "Actual Loops": 4,
              "Plans": [
                {
                  "Node Type": "Seq Scan",
                  "Parent Relationship": "Outer",
                  "Parallel Aware": true,
                  "Relation Name": "movie_keyword",
                  "Alias": "mk",
                  "Startup Cost": 0.0,
                  "Total Cost": 42695.65,
                  "Plan Rows": 400149,
                  "Plan Width": 0,
                  "Actual Startup Time": 0.05,
                  "Actual Total Time": 115.355,
                  "Actual Rows": 311496,
                  "Actual Loops": 4,
                  "Filter": "(keyword_id < 1584)",
                  "Rows Removed by Filter": 819486
                }
              ]
            }
          ]
        }
      ]
    },
    "Planning Time": 0.2,
    "Triggers": [],
    "Execution Time": 152.409
  }
]