{
    "Plan": {
        "Node Type": "Aggregate",
        "Strategy": "Plain",
        "Partial Mode": "Finalize",
        "Parallel Aware": false,
        "Startup Cost": 272614.81,
        "Total Cost": 272614.82,
        "Plan Rows": 1,
        "Plan Width": 8,
        "Actual Startup Time": 1202.07,
        "Actual Total Time": 1261.52,
        "Actual Rows": 1,
        "Actual Loops": 1,
        "Output": [
            "count(*)"
        ],
        "Plans": [
            {
                "Node Type": "Gather",
                "Parent Relationship": "Outer",
                "Parallel Aware": false,
                "Startup Cost": 272614.39,
                "Total Cost": 272614.8,
                "Plan Rows": 4,
                "Plan Width": 8,
                "Actual Startup Time": 1184.157,
                "Actual Total Time": 1261.508,
                "Actual Rows": 5,
                "Actual Loops": 1,
                "Output": [
                    "(PARTIAL count(*))"
                ],
                "Workers Planned": 4,
                "Workers Launched": 4,
                "Single Copy": false,
                "Plans": [
                    {
                        "Node Type": "Aggregate",
                        "Strategy": "Plain",
                        "Partial Mode": "Partial",
                        "Parent Relationship": "Outer",
                        "Parallel Aware": false,
                        "Startup Cost": 271614.39,
                        "Total Cost": 271614.4,
                        "Plan Rows": 1,
                        "Plan Width": 8,
                        "Actual Startup Time": 1179.235,
                        "Actual Total Time": 1179.238,
                        "Actual Rows": 1,
                        "Actual Loops": 5,
                        "Output": [
                            "PARTIAL count(*)"
                        ],
                        "Workers": [
                            {
                                "Worker Number": 0,
                                "Actual Startup Time": 1175.349,
                                "Actual Total Time": 1175.351,
                                "Actual Rows": 1,
                                "Actual Loops": 1
                            },
                            {
                                "Worker Number": 1,
                                "Actual Startup Time": 1173.833,
                                "Actual Total Time": 1173.835,
                                "Actual Rows": 1,
                                "Actual Loops": 1
                            },
                            {
                                "Worker Number": 2,
                                "Actual Startup Time": 1171.925,
                                "Actual Total Time": 1171.927,
                                "Actual Rows": 1,
                                "Actual Loops": 1
                            },
                            {
                                "Worker Number": 3,
                                "Actual Startup Time": 1191.782,
                                "Actual Total Time": 1191.784,
                                "Actual Rows": 1,
                                "Actual Loops": 1
                            }
                        ],
                        "Plans": [
                            {
                                "Node Type": "Nested Loop",
                                "Parent Relationship": "Outer",
                                "Parallel Aware": false,
                                "Join Type": "Inner",
                                "Startup Cost": 1.0,
                                "Total Cost": 271256.92,
                                "Plan Rows": 142988,
                                "Plan Width": 0,
                                "Actual Startup Time": 56.885,
                                "Actual Total Time": 1155.786,
                                "Actual Rows": 521193,
                                "Actual Loops": 5,
                                "Inner Unique": false,
                                "Join Filter": "(t.id = ci.movie_id)",
                                "Rows Removed by Join Filter": 0,
                                "Workers": [
                                    {
                                        "Worker Number": 0,
                                        "Actual Startup Time": 55.926,
                                        "Actual Total Time": 1151.711,
                                        "Actual Rows": 524694,
                                        "Actual Loops": 1
                                    },
                                    {
                                        "Worker Number": 1,
                                        "Actual Startup Time": 56.783,
                                        "Actual Total Time": 1150.195,
                                        "Actual Rows": 527263,
                                        "Actual Loops": 1
                                    },
                                    {
                                        "Worker Number": 2,
                                        "Actual Startup Time": 51.843,
                                        "Actual Total Time": 1151.64,
                                        "Actual Rows": 440352,
                                        "Actual Loops": 1
                                    },
                                    {
                                        "Worker Number": 3,
                                        "Actual Startup Time": 56.848,
                                        "Actual Total Time": 1169.924,
                                        "Actual Rows": 480177,
                                        "Actual Loops": 1
                                    }
                                ],
                                "Plans": [
                                    {
                                        "Node Type": "Nested Loop",
                                        "Parent Relationship": "Outer",
                                        "Parallel Aware": false,
                                        "Join Type": "Inner",
                                        "Startup Cost": 0.43,
                                        "Total Cost": 227061.68,
                                        "Plan Rows": 25826,
                                        "Plan Width": 8,
                                        "Actual Startup Time": 56.577,
                                        "Actual Total Time": 153.995,
                                        "Actual Rows": 33340,
                                        "Actual Loops": 5,
                                        "Output": [
                                            "t.id",
                                            "mi.movie_id"
                                        ],
                                        "Inner Unique": false,
                                        "Workers": [
                                            {
                                                "Worker Number": 0,
                                                "Actual Startup Time": 55.75,
                                                "Actual Total Time": 158.466,
                                                "Actual Rows": 32036,
                                                "Actual Loops": 1
                                            },
                                            {
                                                "Worker Number": 1,
                                                "Actual Startup Time": 56.096,
                                                "Actual Total Time": 159.248,
                                                "Actual Rows": 33004,
                                                "Actual Loops": 1
                                            },
                                            {
                                                "Worker Number": 2,
                                                "Actual Startup Time": 51.364,
                                                "Actual Total Time": 163.439,
                                                "Actual Rows": 31703,
                                                "Actual Loops": 1
                                            },
                                            {
                                                "Worker Number": 3,
                                                "Actual Startup Time": 56.676,
                                                "Actual Total Time": 164.64,
                                                "Actual Rows": 31917,
                                                "Actual Loops": 1
                                            }
                                        ],
                                        "Plans": [
                                            {
                                                "Node Type": "Seq Scan",
                                                "Parent Relationship": "Outer",
                                                "Parallel Aware": true,
                                                "Relation Name": "title",
                                                "Schema": "public",
                                                "Alias": "t",
                                                "Startup Cost": 0.0,
                                                "Total Cost": 45479.21,
                                                "Plan Rows": 4425,
                                                "Plan Width": 4,
                                                "Actual Startup Time": 56.461,
                                                "Actual Total Time": 82.302,
                                                "Actual Rows": 1941,
                                                "Actual Loops": 5,
                                                "Output": [
                                                    "t.id",
                                                    "t.title",
                                                    "t.imdb_index",
                                                    "t.kind_id",
                                                    "t.production_year",
                                                    "t.imdb_id",
                                                    "t.phonetic_code",
                                                    "t.episode_of_id",
                                                    "t.season_nr",
                                                    "t.episode_nr",
                                                    "t.series_years",
                                                    "t.md5sum"
                                                ],
                                                "Filter": "((t.kind_id = 1) AND (t.production_year = 2002))",
                                                "Rows Removed by Filter": 503722,
                                                "Workers": [
                                                    {
                                                        "Worker Number": 0,
                                                        "Actual Startup Time": 55.629,
                                                        "Actual Total Time": 81.329,
                                                        "Actual Rows": 1773,
                                                        "Actual Loops": 1
                                                    },
                                                    {
                                                        "Worker Number": 1,
                                                        "Actual Startup Time": 55.962,
                                                        "Actual Total Time": 81.067,
                                                        "Actual Rows": 1893,
                                                        "Actual Loops": 1
                                                    },
                                                    {
                                                        "Worker Number": 2,
                                                        "Actual Startup Time": 51.198,
                                                        "Actual Total Time": 81.389,
                                                        "Actual Rows": 1912,
                                                        "Actual Loops": 1
                                                    },
                                                    {
                                                        "Worker Number": 3,
                                                        "Actual Startup Time": 56.551,
                                                        "Actual Total Time": 82.602,
                                                        "Actual Rows": 1876,
                                                        "Actual Loops": 1
                                                    }
                                                ]
                                            },
                                            {
                                                "Node Type": "Index Only Scan",
                                                "Parent Relationship": "Inner",
                                                "Parallel Aware": false,
                                                "Scan Direction": "Forward",
                                                "Index Name": "movie_id_movie_info",
                                                "Relation Name": "movie_info",
                                                "Schema": "public",
                                                "Alias": "mi",
                                                "Startup Cost": 0.43,
                                                "Total Cost": 40.65,
                                                "Plan Rows": 39,
                                                "Plan Width": 4,
                                                "Actual Startup Time": 0.011,
                                                "Actual Total Time": 0.035,
                                                "Actual Rows": 17,
                                                "Actual Loops": 9704,
                                                "Output": [
                                                    "mi.movie_id"
                                                ],
                                                "Index Cond": "(mi.movie_id = t.id)",
                                                "Rows Removed by Index Recheck": 0,
                                                "Heap Fetches": 166700,
                                                "Workers": [
                                                    {
                                                        "Worker Number": 0,
                                                        "Actual Startup Time": 0.012,
                                                        "Actual Total Time": 0.041,
                                                        "Actual Rows": 18,
                                                        "Actual Loops": 1773
                                                    },
                                                    {
                                                        "Worker Number": 1,
                                                        "Actual Startup Time": 0.012,
                                                        "Actual Total Time": 0.039,
                                                        "Actual Rows": 17,
                                                        "Actual Loops": 1893
                                                    },
                                                    {
                                                        "Worker Number": 2,
                                                        "Actual Startup Time": 0.013,
                                                        "Actual Total Time": 0.041,
                                                        "Actual Rows": 17,
                                                        "Actual Loops": 1912
                                                    },
                                                    {
                                                        "Worker Number": 3,
                                                        "Actual Startup Time": 0.013,
                                                        "Actual Total Time": 0.041,
                                                        "Actual Rows": 17,
                                                        "Actual Loops": 1876
                                                    }
                                                ]
                                            }
                                        ]
                                    },
                                    {
                                        "Node Type": "Index Scan",
                                        "Parent Relationship": "Inner",
                                        "Parallel Aware": false,
                                        "Scan Direction": "Forward",
                                        "Index Name": "movie_id_cast_info",
                                        "Relation Name": "cast_info",
                                        "Schema": "public",
                                        "Alias": "ci",
                                        "Startup Cost": 0.56,
                                        "Total Cost": 1.52,
                                        "Plan Rows": 15,
                                        "Plan Width": 4,
                                        "Actual Startup Time": 0.011,
                                        "Actual Total Time": 0.029,
                                        "Actual Rows": 16,
                                        "Actual Loops": 166700,
                                        "Output": [
                                            "ci.id",
                                            "ci.person_id",
                                            "ci.movie_id",
                                            "ci.person_role_id",
                                            "ci.note",
                                            "ci.nr_order",
                                            "ci.role_id"
                                        ],
                                        "Index Cond": "(ci.movie_id = mi.movie_id)",
                                        "Rows Removed by Index Recheck": 0,
                                        "Filter": "((ci.person_id < 2179550) AND (ci.role_id > 1))",
                                        "Rows Removed by Filter": 51,
                                        "Workers": [
                                            {
                                                "Worker Number": 0,
                                                "Actual Startup Time": 0.012,
                                                "Actual Total Time": 0.029,
                                                "Actual Rows": 16,
                                                "Actual Loops": 32036
                                            },
                                            {
                                                "Worker Number": 1,
                                                "Actual Startup Time": 0.011,
                                                "Actual Total Time": 0.028,
                                                "Actual Rows": 16,
                                                "Actual Loops": 33004
                                            },
                                            {
                                                "Worker Number": 2,
                                                "Actual Startup Time": 0.013,
                                                "Actual Total Time": 0.03,
                                                "Actual Rows": 14,
                                                "Actual Loops": 31703
                                            },
                                            {
                                                "Worker Number": 3,
                                                "Actual Startup Time": 0.012,
                                                "Actual Total Time": 0.03,
                                                "Actual Rows": 15,
                                                "Actual Loops": 31917
                                            }
                                        ]
                                    }
                                ]
                            }
                        ]
                    }
                ]
            }
        ]
    },
    "Planning Time": 1.512,
    "Triggers": [],
    "Execution Time": 1261.628
}