[
  {
    "Plan": {
      "Node Type": "Aggregate",
      "Strategy": "Plain",
      "Partial Mode": "Finalize",
      "Parallel Aware": false,
      "Startup Cost": 484554.0,
      "Total Cost": 484554.01,
      "Plan Rows": 1,
      "Plan Width": 8,
      "Actual Startup Time": 5044.893,
      "Actual Total Time": 5100.098,
      "Actual Rows": 1,
      "Actual Loops": 1,
      "Plans": [
        {
          "Node Type": "Gather",
          "Parent Relationship": "Outer",
          "Parallel Aware": false,
          "Startup Cost": 484553.37,
          "Total Cost": 484553.98,
          "Plan Rows": 6,
          "Plan Width": 8,
          "Actual Startup Time": 5011.636,
          "Actual Total Time": 5100.084,
          "Actual Rows": 7,
          "Actual Loops": 1,
          "Workers Planned": 6,
          "Workers Launched": 6,
          "Single Copy": false,
          "Plans": [
            {
              "Node Type": "Aggregate",
              "Strategy": "Plain",
              "Partial Mode": "Partial",
              "Parent Relationship": "Outer",
              "Parallel Aware": false,
              "Startup Cost": 483553.37,
              "Total Cost": 483553.38,
              "Plan Rows": 1,
              "Plan Width": 8,
              "Actual Startup Time": 4995.555,
              "Actual Total Time": 4996.369,
              "Actual Rows": 1,
              "Actual Loops": 7,
              "Plans": [
                {
                  "Node Type": "Hash Join",
                  "Parent Relationship": "Outer",
                  "Parallel Aware": true,
                  "Join Type": "Inner",
                  "Startup Cost": 107339.96,
                  "Total Cost": 465892.28,
                  "Plan Rows": 7064436,
                  "Plan Width": 0,
                  "Actual Startup Time": 590.016,
                  "Actual Total Time": 4097.731,
                  "Actual Rows": 20459536,
                  "Actual Loops": 7,
                  "Inner Unique": false,
                  "Hash Cond": "(ci.movie_id = t.id)",
                  "Plans": [
                    {
                      "Node Type": "Seq Scan",
                      "Parent Relationship": "Outer",
                      "Parallel Aware": true,
                      "Relation Name": "cast_info",
                      "Alias": "ci",
                      "Startup Cost": 0.0,
                      "Total Cost": 313106.51,
                      "Plan Rows": 6041951,
                      "Plan Width": 4,
                      "Actual Startup Time": 0.034,
                      "Actual Total Time": 545.205,
                      "Actual Rows": 5177763,
                      "Actual Loops": 7
                    },
                    {
                      "Node Type": "Hash",
                      "Parent Relationship": "Inner",
                      "Parallel Aware": true,
                      "Startup Cost": 95419.36,
                      "Total Cost": 95419.36,
                      "Plan Rows": 953648,
                      "Plan Width": 8,
                      "Actual Startup Time": 584.492,
                      "Actual Total Time": 585.304,
                      "Actual Rows": 422860,
                      "Actual Loops": 7,
                      "Hash Buckets": 4194304,
                      "Original Hash Buckets": 4194304,
                      "Hash Batches": 1,
                      "Original Hash Batches": 1,
                      "Peak Memory Usage": 148672,
                      "Plans": [
                        {
                          "Node Type": "Hash Join",
                          "Parent Relationship": "Outer",
                          "Parallel Aware": true,
                          "Join Type": "Inner",
                          "Startup Cost": 50220.38,
                          "Total Cost": 95419.36,
                          "Plan Rows": 953648,
                          "Plan Width": 8,
                          "Actual Startup Time": 272.168,
                          "Actual Total Time": 443.293,
                          "Actual Rows": 422860,
                          "Actual Loops": 7,
                          "Inner Unique": true,
                          "Hash Cond": "(mk.movie_id = t.id)",
                          "Plans": [
                            {
                              "Node Type": "Seq Scan",
                              "Parent Relationship": "Outer",
                              "Parallel Aware": true,
                              "Relation Name": "movie_keyword",
                              "Alias": "mk",
                              "Startup Cost": 0.0,
                              "Total Cost": 42695.65,
                              "Plan Rows": 953648,
                              "Plan Width": 4,
                              "Actual Startup Time": 0.135,
                              "Actual Total Time": 78.61,
                              "Actual Rows": 422860,
                              "Actual Loops": 7,
                              "Filter": "(keyword_id > 2346)",
                              "Rows Removed by Filter": 223416
                            },
                            {
                              "Node Type": "Hash",
                              "Parent Relationship": "Inner",
                              "Parallel Aware": true,
                              "Startup Cost": 42319.06,
                              "Total Cost": 42319.06,
                              "Plan Rows": 632106,
                              "Plan Width": 4,
                              "Actual Startup Time": 267.836,
                              "Actual Total Time": 267.839,
                              "Actual Rows": 361187,
                              "Actual Loops": 7,
                              "Hash Buckets": 4194304,
                              "Original Hash Buckets": 4194304,
                              "Hash Batches": 1,
                              "Original Hash Batches": 1,
                              "Peak Memory Usage": 131808,
                              "Plans": [
                                {
                                  "Node Type": "Seq Scan",
                                  "Parent Relationship": "Outer",
                                  "Parallel Aware": true,
                                  "Relation Name": "title",
                                  "Alias": "t",
                                  "Startup Cost": 0.0,
                                  "Total Cost": 42319.06,
                                  "Plan Rows": 632106,
                                  "Plan Width": 4,
                                  "Actual Startup Time": 0.062,
                                  "Actual Total Time": 76.808,
                                  "Actual Rows": 361187,
                                  "Actual Loops": 7
                                }
                              ]
                            }
                          ]
                        }
                      ]
                    }
                  ]
                }
              ]
            }
          ]
        }
      ]
    },
    "Planning Time": 0.549,
    "Triggers": [],
    "Execution Time": 5100.155
  }
]