[
  {
    "Plan": {
      "Node Type": "Aggregate",
      "Strategy": "Plain",
      "Partial Mode": "Finalize",
      "Parallel Aware": false,
      "Startup Cost": 265556.65,
      "Total Cost": 265556.66,
      "Plan Rows": 1,
      "Plan Width": 8,
      "Actual Startup Time": 955.975,
      "Actual Total Time": 1003.545,
      "Actual Rows": 1,
      "Actual Loops": 1,
      "Plans": [
        {
          "Node Type": "Gather",
          "Parent Relationship": "Outer",
          "Parallel Aware": false,
          "Startup Cost": 265556.44,
          "Total Cost": 265556.65,
          "Plan Rows": 2,
          "Plan Width": 8,
          "Actual Startup Time": 953.242,
          "Actual Total Time": 1003.533,
          "Actual Rows": 3,
          "Actual Loops": 1,
          "Workers Planned": 2,
          "Workers Launched": 2,
          "Single Copy": false,
          "Plans": [
            {
              "Node Type": "Aggregate",
              "Strategy": "Plain",
              "Partial Mode": "Partial",
              "Parent Relationship": "Outer",
              "Parallel Aware": false,
              "Startup Cost": 264556.44,
              "Total Cost": 264556.45,
              "Plan Rows": 1,
              "Plan Width": 8,
              "Actual Startup Time": 949.122,
              "Actual Total Time": 949.249,
              "Actual Rows": 1,
              "Actual Loops": 3,
              "Plans": [
                {
                  "Node Type": "Hash Join",
                  "Parent Relationship": "Outer",
                  "Parallel Aware": true,
                  "Join Type": "Inner",
                  "Startup Cost": 248287.53,
                  "Total Cost": 264318.97,
                  "Plan Rows": 94988,
                  "Plan Width": 0,
                  "Actual Startup Time": 859.815,
                  "Actual Total Time": 947.225,
                  "Actual Rows": 41729,
                  "Actual Loops": 3,
                  "Inner Unique": false,
                  "Hash Cond": "(mi_idx.movie_id = t.id)",
                  "Plans": [
                    {
                      "Node Type": "Seq Scan",
                      "Parent Relationship": "Outer",
                      "Parallel Aware": true,
                      "Relation Name": "movie_info_idx",
                      "Alias": "mi_idx",
                      "Startup Cost": 0.0,
                      "Total Cost": 13685.15,
                      "Plan Rows": 575015,
                      "Plan Width": 4,
                      "Actual Startup Time": 0.025,
                      "Actual Total Time": 39.189,
                      "Actual Rows": 460012,
                      "Actual Loops": 3
                    },
                    {
                      "Node Type": "Hash",
                      "Parent Relationship": "Inner",
                      "Parallel Aware": true,
                      "Startup Cost": 247243.35,
                      "Total Cost": 247243.35,
                      "Plan Rows": 83535,
                      "Plan Width": 8,
                      "Actual Startup Time": 856.585,
                      "Actual Total Time": 856.71,
                      "Actual Rows": 30629,
                      "Actual Loops": 3,
                      "Hash Buckets": 524288,
                      "Original Hash Buckets": 524288,
                      "Hash Batches": 1,
                      "Original Hash Batches": 1,
                      "Peak Memory Usage": 7744,
                      "Plans": [
                        {
                          "Node Type": "Hash Join",
                          "Parent Relationship": "Outer",
                          "Parallel Aware": true,
                          "Join Type": "Inner",
                          "Startup Cost": 46981.55,
                          "Total Cost": 247243.35,
                          "Plan Rows": 83535,
                          "Plan Width": 8,
                          "Actual Startup Time": 226.887,
                          "Actual Total Time": 839.533,
                          "Actual Rows": 30629,
                          "Actual Loops": 3,
                          "Inner Unique": true,
                          "Hash Cond": "(mi.movie_id = t.id)",
                          "Plans": [
                            {
                              "Node Type": "Seq Scan",
                              "Parent Relationship": "Outer",
                              "Parallel Aware": true,
                              "Relation Name": "movie_info",
                              "Alias": "mi",
                              "Startup Cost": 0.0,
                              "Total Cost": 199108.24,
                              "Plan Rows": 439450,
                              "Plan Width": 4,
                              "Actual Startup Time": 31.701,
                              "Actual Total Time": 511.01,
                              "Actual Rows": 744617,
                              "Actual Loops": 3,
                              "Filter": "(info_type_id > 16)",
                              "Rows Removed by Filter": 4200623
                            },
                            {
                              "Node Type": "Hash",
                              "Parent Relationship": "Inner",
                              "Parallel Aware": true,
                              "Startup Cost": 45479.59,
                              "Total Cost": 45479.59,
                              "Plan Rows": 120157,
                              "Plan Width": 4,
                              "Actual Startup Time": 193.44,
                              "Actual Total Time": 193.444,
                              "Actual Rows": 173528,
                              "Actual Loops": 3,
                              "Hash Buckets": 524288,
                              "Original Hash Buckets": 524288,
                              "Hash Batches": 1,
                              "Original Hash Batches": 1,
                              "Peak Memory Usage": 24512,
                              "Plans": [
                                {
                                  "Node Type": "Seq Scan",
                                  "Parent Relationship": "Outer",
                                  "Parallel Aware": true,
                                  "Relation Name": "title",
                                  "Alias": "t",
                                  "Startup Cost": 0.0,
                                  "Total Cost": 45479.59,
                                  "Plan Rows": 120157,
                                  "Plan Width": 4,
                                  "Actual Startup Time": 0.033,
                                  "Actual Total Time": 126.001,
                                  "Actual Rows": 173528,
                                  "Actual Loops": 3,
                                  "Filter": "((kind_id > 4) AND (production_year > 2007))",
                                  "Rows Removed by Filter": 669243
                                }
                              ]
                            }
                          ]
                        }
                      ]
                    }
                  ]
                }
              ]
            }
          ]
        }
      ]
    },
    "Planning Time": 0.811,
    "Triggers": [],
    "Execution Time": 1003.608
  }
]