[
  {
    "Plan": {
      "Node Type": "Aggregate",
      "Strategy": "Plain",
      "Partial Mode": "Finalize",
      "Parallel Aware": false,
      "Startup Cost": 24314.7,
      "Total Cost": 24314.71,
      "Plan Rows": 1,
      "Plan Width": 8,
      "Actual Startup Time": 37.666,
      "Actual Total Time": 43.044,
      "Actual Rows": 1,
      "Actual Loops": 1,
      "Plans": [
        {
          "Node Type": "Gather",
          "Parent Relationship": "Outer",
          "Parallel Aware": false,
          "Startup Cost": 24314.38,
          "Total Cost": 24314.69,
          "Plan Rows": 3,
          "Plan Width": 8,
          "Actual Startup Time": 37.442,
          "Actual Total Time": 43.039,
          "Actual Rows": 4,
          "Actual Loops": 1,
          "Workers Planned": 3,
          "Workers Launched": 3,
          "Single Copy": false,
          "Plans": [
            {
              "Node Type": "Aggregate",
              "Strategy": "Plain",
              "Partial Mode": "Partial",
              "Parent Relationship": "Outer",
              "Parallel Aware": false,
              "Startup Cost": 23314.38,
              "Total Cost": 23314.39,
              "Plan Rows": 1,
              "Plan Width": 8,
              "Actual Startup Time": 33.871,
              "Actual Total Time": 33.872,
              "Actual Rows": 1,
              "Actual Loops": 4,
              "Plans": [
                {
                  "Node Type": "Bitmap Heap Scan",
                  "Parent Relationship": "Outer",
                  "Parallel Aware": true,
                  "Relation Name": "movie_companies",
                  "Alias": "mc",
                  "Startup Cost": 3698.77,
                  "Total Cost": 23176.78,
                  "Plan Rows": 55040,
                  "Plan Width": 0,
                  "Actual Startup Time": 6.752,
                  "Actual Total Time": 31.507,
                  "Actual Rows": 41927,
                  "Actual Loops": 4,
                  "Recheck Cond": "(company_id < 34)",
                  "Rows Removed by Index Recheck": 0,
                  "Exact Heap Blocks": 7564,
                  "Lossy Heap Blocks": 0,
                  "Plans": [
                    {
                      "Node Type": "Bitmap Index Scan",
                      "Parent Relationship": "Outer",
                      "Parallel Aware": false,
                      "Index Name": "company_id_movie_companies",
                      "Startup Cost": 0.0,
                      "Total Cost": 3656.12,
                      "Plan Rows": 170625,
                      "Plan Width": 0,
                      "Actual Startup Time": 7.698,
                      "Actual Total Time": 7.698,
                      "Actual Rows": 167708,
                      "Actual Loops": 1,
                      "Index Cond": "(company_id < 34)"
                    }
                  ]
                }
              ]
            }
          ]
        }
      ]
    },
    "Planning Time": 0.106,
    "Triggers": [],
    "Execution Time": 43.072
  }
]