[
  {
    "Plan": {
      "Node Type": "Aggregate",
      "Strategy": "Plain",
      "Partial Mode": "Finalize",
      "Parallel Aware": false,
      "Startup Cost": 24133.41,
      "Total Cost": 24133.42,
      "Plan Rows": 1,
      "Plan Width": 8,
      "Actual Startup Time": 67.396,
      "Actual Total Time": 71.382,
      "Actual Rows": 1,
      "Actual Loops": 1,
      "Plans": [
        {
          "Node Type": "Gather",
          "Parent Relationship": "Outer",
          "Parallel Aware": false,
          "Startup Cost": 24133.09,
          "Total Cost": 24133.4,
          "Plan Rows": 3,
          "Plan Width": 8,
          "Actual Startup Time": 67.226,
          "Actual Total Time": 71.375,
          "Actual Rows": 4,
          "Actual Loops": 1,
          "Workers Planned": 3,
          "Workers Launched": 3,
          "Single Copy": false,
          "Plans": [
            {
              "Node Type": "Aggregate",
              "Strategy": "Plain",
              "Partial Mode": "Partial",
              "Parent Relationship": "Outer",
              "Parallel Aware": false,
              "Startup Cost": 23133.09,
              "Total Cost": 23133.1,
              "Plan Rows": 1,
              "Plan Width": 8,
              "Actual Startup Time": 60.606,
              "Actual Total Time": 60.609,
              "Actual Rows": 1,
              "Actual Loops": 4,
              "Plans": [
                {
                  "Node Type": "Bitmap Heap Scan",
                  "Parent Relationship": "Outer",
                  "Parallel Aware": true,
                  "Relation Name": "movie_companies",
                  "Alias": "mc",
                  "Startup Cost": 3550.27,
                  "Total Cost": 23000.95,
                  "Plan Rows": 52855,
                  "Plan Width": 0,
                  "Actual Startup Time": 21.866,
                  "Actual Total Time": 56.882,
                  "Actual Rows": 41927,
                  "Actual Loops": 4,
                  "Recheck Cond": "(company_id < 34)",
                  "Rows Removed by Index Recheck": 0,
                  "Exact Heap Blocks": 8671,
                  "Lossy Heap Blocks": 0,
                  "Plans": [
                    {
                      "Node Type": "Bitmap Index Scan",
                      "Parent Relationship": "Outer",
                      "Parallel Aware": false,
                      "Index Name": "company_id_movie_companies",
                      "Startup Cost": 0.0,
                      "Total Cost": 3509.3,
                      "Plan Rows": 163850,
                      "Plan Width": 0,
                      "Actual Startup Time": 23.011,
                      "Actual Total Time": 23.012,
                      "Actual Rows": 167708,
                      "Actual Loops": 1,
                      "Index Cond": "(company_id < 34)"
                    }
                  ]
                }
              ]
            }
          ]
        }
      ]
    },
    "Planning Time": 0.308,
    "Triggers": [],
    "Execution Time": 71.455
  }
]