[
  {
    "Plan": {
      "Node Type": "Aggregate",
      "Strategy": "Plain",
      "Partial Mode": "Finalize",
      "Parallel Aware": false,
      "Startup Cost": 46577.53,
      "Total Cost": 46577.54,
      "Plan Rows": 1,
      "Plan Width": 8,
      "Actual Startup Time": 165.044,
      "Actual Total Time": 174.279,
      "Actual Rows": 1,
      "Actual Loops": 1,
      "Plans": [
        {
          "Node Type": "Gather",
          "Parent Relationship": "Outer",
          "Parallel Aware": false,
          "Startup Cost": 46577.21,
          "Total Cost": 46577.52,
          "Plan Rows": 3,
          "Plan Width": 8,
          "Actual Startup Time": 164.946,
          "Actual Total Time": 174.27,
          "Actual Rows": 4,
          "Actual Loops": 1,
          "Workers Planned": 3,
          "Workers Launched": 3,
          "Single Copy": false,
          "Plans": [
            {
              "Node Type": "Aggregate",
              "Strategy": "Plain",
              "Partial Mode": "Partial",
              "Parent Relationship": "Outer",
              "Parallel Aware": false,
              "Startup Cost": 45577.21,
              "Total Cost": 45577.22,
              "Plan Rows": 1,
              "Plan Width": 8,
              "Actual Startup Time": 157.789,
              "Actual Total Time": 157.79,
              "Actual Rows": 1,
              "Actual Loops": 4,
              "Plans": [
                {
                  "Node Type": "Seq Scan",
                  "Parent Relationship": "Outer",
                  "Parallel Aware": true,
                  "Relation Name": "movie_keyword",
                  "Alias": "mk",
                  "Startup Cost": 0.0,
                  "Total Cost": 42695.65,
                  "Plan Rows": 1152624,
                  "Plan Width": 0,
                  "Actual Startup Time": 0.133,
                  "Actual Total Time": 119.371,
                  "Actual Rows": 892528,
                  "Actual Loops": 4,
                  "Filter": "(keyword_id > 889)",
                  "Rows Removed by Filter": 238455
                }
              ]
            }
          ]
        }
      ]
    },
    "Planning Time": 0.184,
    "Triggers": [],
    "Execution Time": 174.336
  }
]