[
  {
    "Plan": {
      "Node Type": "Aggregate",
      "Strategy": "Plain",
      "Partial Mode": "Finalize",
      "Parallel Aware": false,
      "Startup Cost": 123745.16,
      "Total Cost": 123745.17,
      "Plan Rows": 1,
      "Plan Width": 8,
      "Actual Startup Time": 627.593,
      "Actual Total Time": 648.716,
      "Actual Rows": 1,
      "Actual Loops": 1,
      "Plans": [
        {
          "Node Type": "Gather",
          "Parent Relationship": "Outer",
          "Parallel Aware": false,
          "Startup Cost": 123744.85,
          "Total Cost": 123745.16,
          "Plan Rows": 3,
          "Plan Width": 8,
          "Actual Startup Time": 623.714,
          "Actual Total Time": 648.688,
          "Actual Rows": 4,
          "Actual Loops": 1,
          "Workers Planned": 3,
          "Workers Launched": 3,
          "Single Copy": false,
          "Plans": [
            {
              "Node Type": "Aggregate",
              "Strategy": "Plain",
              "Partial Mode": "Partial",
              "Parent Relationship": "Outer",
              "Parallel Aware": false,
              "Startup Cost": 122744.85,
              "Total Cost": 122744.86,
              "Plan Rows": 1,
              "Plan Width": 8,
              "Actual Startup Time": 614.567,
              "Actual Total Time": 614.713,
              "Actual Rows": 1,
              "Actual Loops": 4,
              "Plans": [
                {
                  "Node Type": "Hash Join",
                  "Parent Relationship": "Outer",
                  "Parallel Aware": true,
                  "Join Type": "Inner",
                  "Startup Cost": 78618.76,
                  "Total Cost": 122600.18,
                  "Plan Rows": 57867,
                  "Plan Width": 0,
                  "Actual Startup Time": 439.147,
                  "Actual Total Time": 606.876,
                  "Actual Rows": 149889,
                  "Actual Loops": 4,
                  "Inner Unique": false,
                  "Hash Cond": "(mk.movie_id = t.id)",
                  "Plans": [
                    {
                      "Node Type": "Seq Scan",
                      "Parent Relationship": "Outer",
                      "Parallel Aware": true,
                      "Relation Name": "movie_keyword",
                      "Alias": "mk",
                      "Startup Cost": 0.0,
                      "Total Cost": 42695.65,
                      "Plan Rows": 304293,
                      "Plan Width": 4,
                      "Actual Startup Time": 0.035,
                      "Actual Total Time": 107.516,
                      "Actual Rows": 236581,
                      "Actual Loops": 4,
                      "Filter": "(keyword_id < 889)",
                      "Rows Removed by Filter": 894402
                    },
                    {
                      "Node Type": "Hash",
                      "Parent Relationship": "Inner",
                      "Parallel Aware": true,
                      "Startup Cost": 77116.24,
                      "Total Cost": 77116.24,
                      "Plan Rows": 120201,
                      "Plan Width": 8,
                      "Actual Startup Time": 435.521,
                      "Actual Total Time": 435.665,
                      "Actual Rows": 119288,
                      "Actual Loops": 4,
                      "Hash Buckets": 524288,
                      "Original Hash Buckets": 524288,
                      "Hash Batches": 1,
                      "Original Hash Batches": 1,
                      "Peak Memory Usage": 22816,
                      "Plans": [
                        {
                          "Node Type": "Hash Join",
                          "Parent Relationship": "Outer",
                          "Parallel Aware": true,
                          "Join Type": "Inner",
                          "Startup Cost": 31249.41,
                          "Total Cost": 77116.24,
                          "Plan Rows": 120201,
                          "Plan Width": 8,
                          "Actual Startup Time": 133.409,
                          "Actual Total Time": 394.187,
                          "Actual Rows": 119288,
                          "Actual Loops": 4,
                          "Inner Unique": false,
                          "Hash Cond": "(t.id = mc.movie_id)",
                          "Plans": [
                            {
                              "Node Type": "Seq Scan",
                              "Parent Relationship": "Outer",
                              "Parallel Aware": true,
                              "Relation Name": "title",
                              "Alias": "t",
                              "Startup Cost": 0.0,
                              "Total Cost": 42318.73,
                              "Plan Rows": 632073,
                              "Plan Width": 4,
                              "Actual Startup Time": 0.013,
                              "Actual Total Time": 86.459,
                              "Actual Rows": 632078,
                              "Actual Loops": 4
                            },
                            {
                              "Node Type": "Hash",
                              "Parent Relationship": "Inner",
                              "Parallel Aware": true,
                              "Startup Cost": 29310.68,
                              "Total Cost": 29310.68,
                              "Plan Rows": 155098,
                              "Plan Width": 4,
                              "Actual Startup Time": 131.542,
                              "Actual Total Time": 131.543,
                              "Actual Rows": 119288,
                              "Actual Loops": 4,
                              "Hash Buckets": 524288,
                              "Original Hash Buckets": 524288,
                              "Hash Batches": 1,
                              "Original Hash Batches": 1,
                              "Peak Memory Usage": 22848,
                              "Plans": [
                                {
                                  "Node Type": "Seq Scan",
                                  "Parent Relationship": "Outer",
                                  "Parallel Aware": true,
                                  "Relation Name": "movie_companies",
                                  "Alias": "mc",
                                  "Startup Cost": 0.0,
                                  "Total Cost": 29310.68,
                                  "Plan Rows": 155098,
                                  "Plan Width": 4,
                                  "Actual Startup Time": 0.053,
                                  "Actual Total Time": 82.454,
                                  "Actual Rows": 119288,
                                  "Actual Loops": 4,
                                  "Filter": "(company_id < 424)",
                                  "Rows Removed by Filter": 532994
                                }
                              ]
                            }
                          ]
                        }
                      ]
                    }
                  ]
                }
              ]
            }
          ]
        }
      ]
    },
    "Planning Time": 1.423,
    "Triggers": [],
    "Execution Time": 648.801
  }
]