{
    "Plan": {
        "Node Type": "Aggregate",
        "Strategy": "Plain",
        "Partial Mode": "Finalize",
        "Parallel Aware": false,
        "Startup Cost": 96584.64,
        "Total Cost": 96584.65,
        "Plan Rows": 1,
        "Plan Width": 8,
        "Actual Startup Time": 450.935,
        "Actual Total Time": 472.366,
        "Actual Rows": 1,
        "Actual Loops": 1,
        "Output": [
            "count(*)"
        ],
        "Plans": [
            {
                "Node Type": "Gather",
                "Parent Relationship": "Outer",
                "Parallel Aware": false,
                "Startup Cost": 96584.32,
                "Total Cost": 96584.63,
                "Plan Rows": 3,
                "Plan Width": 8,
                "Actual Startup Time": 447.201,
                "Actual Total Time": 472.356,
                "Actual Rows": 4,
                "Actual Loops": 1,
                "Output": [
                    "(PARTIAL count(*))"
                ],
                "Workers Planned": 3,
                "Workers Launched": 3,
                "Single Copy": false,
                "Plans": [
                    {
                        "Node Type": "Aggregate",
                        "Strategy": "Plain",
                        "Partial Mode": "Partial",
                        "Parent Relationship": "Outer",
                        "Parallel Aware": false,
                        "Startup Cost": 95584.32,
                        "Total Cost": 95584.33,
                        "Plan Rows": 1,
                        "Plan Width": 8,
                        "Actual Startup Time": 434.675,
                        "Actual Total Time": 434.678,
                        "Actual Rows": 1,
                        "Actual Loops": 4,
                        "Output": [
                            "PARTIAL count(*)"
                        ],
                        "Workers": [
                            {
                                "Worker Number": 0,
                                "Actual Startup Time": 430.475,
                                "Actual Total Time": 430.478,
                                "Actual Rows": 1,
                                "Actual Loops": 1
                            },
                            {
                                "Worker Number": 1,
                                "Actual Startup Time": 430.482,
                                "Actual Total Time": 430.485,
                                "Actual Rows": 1,
                                "Actual Loops": 1
                            },
                            {
                                "Worker Number": 2,
                                "Actual Startup Time": 431.204,
                                "Actual Total Time": 431.206,
                                "Actual Rows": 1,
                                "Actual Loops": 1
                            }
                        ],
                        "Plans": [
                            {
                                "Node Type": "Hash Join",
                                "Parent Relationship": "Outer",
                                "Parallel Aware": true,
                                "Join Type": "Inner",
                                "Startup Cost": 49070.73,
                                "Total Cost": 94430.83,
                                "Plan Rows": 461396,
                                "Plan Width": 0,
                                "Actual Startup Time": 225.804,
                                "Actual Total Time": 426.902,
                                "Actual Rows": 188138,
                                "Actual Loops": 4,
                                "Inner Unique": true,
                                "Hash Cond": "(mk.movie_id = t.id)",
                                "Workers": [
                                    {
                                        "Worker Number": 0,
                                        "Actual Startup Time": 221.81,
                                        "Actual Total Time": 423.049,
                                        "Actual Rows": 180220,
                                        "Actual Loops": 1
                                    },
                                    {
                                        "Worker Number": 1,
                                        "Actual Startup Time": 221.749,
                                        "Actual Total Time": 423.022,
                                        "Actual Rows": 182298,
                                        "Actual Loops": 1
                                    },
                                    {
                                        "Worker Number": 2,
                                        "Actual Startup Time": 221.846,
                                        "Actual Total Time": 423.675,
                                        "Actual Rows": 182768,
                                        "Actual Loops": 1
                                    }
                                ],
                                "Plans": [
                                    {
                                        "Node Type": "Seq Scan",
                                        "Parent Relationship": "Outer",
                                        "Parallel Aware": true,
                                        "Relation Name": "movie_keyword",
                                        "Schema": "public",
                                        "Alias": "mk",
                                        "Startup Cost": 0.0,
                                        "Total Cost": 42695.65,
                                        "Plan Rows": 1015027,
                                        "Plan Width": 4,
                                        "Actual Startup Time": 0.087,
                                        "Actual Total Time": 115.322,
                                        "Actual Rows": 787120,
                                        "Actual Loops": 4,
                                        "Output": [
                                            "mk.id",
                                            "mk.movie_id",
                                            "mk.keyword_id"
                                        ],
                                        "Filter": "(mk.keyword_id > 1820)",
                                        "Rows Removed by Filter": 343862,
                                        "Workers": [
                                            {
                                                "Worker Number": 0,
                                                "Actual Startup Time": 0.058,
                                                "Actual Total Time": 118.955,
                                                "Actual Rows": 758083,
                                                "Actual Loops": 1
                                            },
                                            {
                                                "Worker Number": 1,
                                                "Actual Startup Time": 0.039,
                                                "Actual Total Time": 118.521,
                                                "Actual Rows": 751576,
                                                "Actual Loops": 1
                                            },
                                            {
                                                "Worker Number": 2,
                                                "Actual Startup Time": 0.041,
                                                "Actual Total Time": 118.183,
                                                "Actual Rows": 749757,
                                                "Actual Loops": 1
                                            }
                                        ]
                                    },
                                    {
                                        "Node Type": "Hash",
                                        "Parent Relationship": "Inner",
                                        "Parallel Aware": true,
                                        "Startup Cost": 45479.21,
                                        "Total Cost": 45479.21,
                                        "Plan Rows": 287322,
                                        "Plan Width": 4,
                                        "Actual Startup Time": 217.497,
                                        "Actual Total Time": 217.498,
                                        "Actual Rows": 316833,
                                        "Actual Loops": 4,
                                        "Output": [
                                            "t.id"
                                        ],
                                        "Hash Buckets": 2097152,
                                        "Original Hash Buckets": 2097152,
                                        "Hash Batches": 1,
                                        "Original Hash Batches": 1,
                                        "Peak Memory Usage": 66048,
                                        "Workers": [
                                            {
                                                "Worker Number": 0,
                                                "Actual Startup Time": 220.903,
                                                "Actual Total Time": 220.904,
                                                "Actual Rows": 292946,
                                                "Actual Loops": 1
                                            },
                                            {
                                                "Worker Number": 1,
                                                "Actual Startup Time": 220.918,
                                                "Actual Total Time": 220.919,
                                                "Actual Rows": 281589,
                                                "Actual Loops": 1
                                            },
                                            {
                                                "Worker Number": 2,
                                                "Actual Startup Time": 221.009,
                                                "Actual Total Time": 221.01,
                                                "Actual Rows": 290273,
                                                "Actual Loops": 1
                                            }
                                        ],
                                        "Plans": [
                                            {
                                                "Node Type": "Seq Scan",
                                                "Parent Relationship": "Outer",
                                                "Parallel Aware": true,
                                                "Relation Name": "title",
                                                "Schema": "public",
                                                "Alias": "t",
                                                "Startup Cost": 0.0,
                                                "Total Cost": 45479.21,
                                                "Plan Rows": 287322,
                                                "Plan Width": 4,
                                                "Actual Startup Time": 0.069,
                                                "Actual Total Time": 104.775,
                                                "Actual Rows": 316833,
                                                "Actual Loops": 4,
                                                "Output": [
                                                    "t.id"
                                                ],
                                                "Filter": "((t.kind_id > 1) AND (t.production_year > 1996))",
                                                "Rows Removed by Filter": 315245,
                                                "Workers": [
                                                    {
                                                        "Worker Number": 0,
                                                        "Actual Startup Time": 0.089,
                                                        "Actual Total Time": 107.984,
                                                        "Actual Rows": 292946,
                                                        "Actual Loops": 1
                                                    },
                                                    {
                                                        "Worker Number": 1,
                                                        "Actual Startup Time": 0.089,
                                                        "Actual Total Time": 108.498,
                                                        "Actual Rows": 281589,
                                                        "Actual Loops": 1
                                                    },
                                                    {
                                                        "Worker Number": 2,
                                                        "Actual Startup Time": 0.081,
                                                        "Actual Total Time": 107.376,
                                                        "Actual Rows": 290273,
                                                        "Actual Loops": 1
                                                    }
                                                ]
                                            }
                                        ]
                                    }
                                ]
                            }
                        ]
                    }
                ]
            }
        ]
    },
    "Planning Time": 0.724,
    "Triggers": [],
    "Execution Time": 472.441
}