[
  {
    "Plan": {
      "Node Type": "Aggregate",
      "Strategy": "Plain",
      "Partial Mode": "Finalize",
      "Parallel Aware": false,
      "Startup Cost": 346243.49,
      "Total Cost": 346243.5,
      "Plan Rows": 1,
      "Plan Width": 8,
      "Actual Startup Time": 691.704,
      "Actual Total Time": 740.625,
      "Actual Rows": 1,
      "Actual Loops": 1,
      "Plans": [
        {
          "Node Type": "Gather",
          "Parent Relationship": "Outer",
          "Parallel Aware": false,
          "Startup Cost": 346242.86,
          "Total Cost": 346243.47,
          "Plan Rows": 6,
          "Plan Width": 8,
          "Actual Startup Time": 691.419,
          "Actual Total Time": 740.615,
          "Actual Rows": 7,
          "Actual Loops": 1,
          "Workers Planned": 6,
          "Workers Launched": 6,
          "Single Copy": false,
          "Plans": [
            {
              "Node Type": "Aggregate",
              "Strategy": "Plain",
              "Partial Mode": "Partial",
              "Parent Relationship": "Outer",
              "Parallel Aware": false,
              "Startup Cost": 345242.86,
              "Total Cost": 345242.88,
              "Plan Rows": 1,
              "Plan Width": 8,
              "Actual Startup Time": 683.069,
              "Actual Total Time": 683.071,
              "Actual Rows": 1,
              "Actual Loops": 7,
              "Plans": [
                {
                  "Node Type": "Seq Scan",
                  "Parent Relationship": "Outer",
                  "Parallel Aware": true,
                  "Relation Name": "cast_info",
                  "Alias": "ci",
                  "Startup Cost": 0.0,
                  "Total Cost": 343316.27,
                  "Plan Rows": 770638,
                  "Plan Width": 0,
                  "Actual Startup Time": 0.052,
                  "Actual Total Time": 640.109,
                  "Actual Rows": 806114,
                  "Actual Loops": 7,
                  "Filter": "((person_id < 682992) AND (role_id < 4))",
                  "Rows Removed by Filter": 4371650
                }
              ]
            }
          ]
        }
      ]
    },
    "Planning Time": 0.109,
    "Triggers": [],
    "Execution Time": 740.669
  }
]