{
  "Plan": {
    "Node Type": "Aggregate",
    "Strategy": "Plain",
    "Partial Mode": "Finalize",
    "Parallel Aware": false,
    "Startup Cost": 143086.08,
    "Total Cost": 143086.09,
    "Plan Rows": 1,
    "Plan Width": 8,
    "Actual Startup Time": 1392.041,
    "Actual Total Time": 1443.16,
    "Actual Rows": 1,
    "Actual Loops": 1,
    "Plans": [
      {
        "Node Type": "Gather",
        "Parent Relationship": "Outer",
        "Parallel Aware": false,
        "Startup Cost": 143085.97,
        "Total Cost": 143086.08,
        "Plan Rows": 1,
        "Plan Width": 8,
        "Actual Startup Time": 1391.341,
        "Actual Total Time": 1443.15,
        "Actual Rows": 2,
        "Actual Loops": 1,
        "Workers Planned": 1,
        "Workers Launched": 1,
        "Single Copy": false,
        "Plans": [
          {
            "Node Type": "Aggregate",
            "Strategy": "Plain",
            "Partial Mode": "Partial",
            "Parent Relationship": "Outer",
            "Parallel Aware": false,
            "Startup Cost": 142085.97,
            "Total Cost": 142085.98,
            "Plan Rows": 1,
            "Plan Width": 8,
            "Actual Startup Time": 1385.303,
            "Actual Total Time": 1385.307,
            "Actual Rows": 1,
            "Actual Loops": 2,
            "Plans": [
              {
                "Node Type": "Nested Loop",
                "Parent Relationship": "Outer",
                "Parallel Aware": false,
                "Join Type": "Inner",
                "Startup Cost": 58754.77,
                "Total Cost": 141819.89,
                "Plan Rows": 106431,
                "Plan Width": 0,
                "Actual Startup Time": 163.975,
                "Actual Total Time": 1299.152,
                "Actual Rows": 2018571,
                "Actual Loops": 2,
                "Inner Unique": false,
                "Join Filter": "(t.id = mi.movie_id)",
                "Rows Removed by Join Filter": 0,
                "Plans": [
                  {
                    "Node Type": "Hash Join",
                    "Parent Relationship": "Outer",
                    "Parallel Aware": true,
                    "Join Type": "Inner",
                    "Startup Cost": 58754.33,
                    "Total Cost": 98712.35,
                    "Plan Rows": 18202,
                    "Plan Width": 8,
                    "Actual Startup Time": 163.902,
                    "Actual Total Time": 368.555,
                    "Actual Rows": 93261,
                    "Actual Loops": 2,
                    "Inner Unique": true,
                    "Hash Cond": "(mc.movie_id = t.id)",
                    "Plans": [
                      {
                        "Node Type": "Seq Scan",
                        "Parent Relationship": "Outer",
                        "Parallel Aware": true,
                        "Relation Name": "movie_companies",
                        "Alias": "mc",
                        "Startup Cost": 0.0,
                        "Total Cost": 37974.77,
                        "Plan Rows": 755522,
                        "Plan Width": 4,
                        "Actual Startup Time": 0.014,
                        "Actual Total Time": 110.289,
                        "Actual Rows": 637123,
                        "Actual Loops": 2,
                        "Filter": "(company_type_id = 1)",
                        "Rows Removed by Filter": 667442
                      },
                      {
                        "Node Type": "Hash",
                        "Parent Relationship": "Inner",
                        "Parallel Aware": true,
                        "Startup Cost": 58306.47,
                        "Total Cost": 58306.47,
                        "Plan Rows": 35829,
                        "Plan Width": 4,
                        "Actual Startup Time": 161.612,
                        "Actual Total Time": 161.613,
                        "Actual Rows": 79780,
                        "Actual Loops": 2,
                        "Hash Buckets": 262144,
                        "Original Hash Buckets": 65536,
                        "Hash Batches": 1,
                        "Original Hash Batches": 1,
                        "Peak Memory Usage": 9856,
                        "Plans": [
                          {
                            "Node Type": "Seq Scan",
                            "Parent Relationship": "Outer",
                            "Parallel Aware": true,
                            "Relation Name": "title",
                            "Alias": "t",
                            "Startup Cost": 0.0,
                            "Total Cost": 58306.47,
                            "Plan Rows": 35829,
                            "Plan Width": 4,
                            "Actual Startup Time": 0.536,
                            "Actual Total Time": 141.678,
                            "Actual Rows": 79780,
                            "Actual Loops": 2,
                            "Filter": "((kind_id < 7) AND (production_year < 1949))",
                            "Rows Removed by Filter": 1184376
                          }
                        ]
                      }
                    ]
                  },
                  {
                    "Node Type": "Index Only Scan",
                    "Parent Relationship": "Inner",
                    "Parallel Aware": false,
                    "Scan Direction": "Forward",
                    "Index Name": "movie_id_movie_info",
                    "Relation Name": "movie_info",
                    "Alias": "mi",
                    "Startup Cost": 0.43,
                    "Total Cost": 1.84,
                    "Plan Rows": 42,
                    "Plan Width": 4,
                    "Actual Startup Time": 0.003,
                    "Actual Total Time": 0.008,
                    "Actual Rows": 22,
                    "Actual Loops": 186522,
                    "Index Cond": "(movie_id = mc.movie_id)",
                    "Rows Removed by Index Recheck": 0,
                    "Heap Fetches": 4037142
                  }
                ]
              }
            ]
          }
        ]
      }
    ]
  },
  "Planning Time": 0.988,
  "Triggers": [],
  "Execution Time": 1443.257
}