{
  "Plan": {
    "Node Type": "Aggregate",
    "Strategy": "Plain",
    "Partial Mode": "Finalize",
    "Parallel Aware": false,
    "Startup Cost": 345077.25,
    "Total Cost": 345077.26,
    "Plan Rows": 1,
    "Plan Width": 8,
    "Actual Startup Time": 1645.701,
    "Actual Total Time": 1687.795,
    "Actual Rows": 1,
    "Actual Loops": 1,
    "Plans": [
      {
        "Node Type": "Gather",
        "Parent Relationship": "Outer",
        "Parallel Aware": false,
        "Startup Cost": 345077.14,
        "Total Cost": 345077.25,
        "Plan Rows": 1,
        "Plan Width": 8,
        "Actual Startup Time": 1644.516,
        "Actual Total Time": 1687.783,
        "Actual Rows": 2,
        "Actual Loops": 1,
        "Workers Planned": 1,
        "Workers Launched": 1,
        "Single Copy": false,
        "Plans": [
          {
            "Node Type": "Aggregate",
            "Strategy": "Plain",
            "Partial Mode": "Partial",
            "Parent Relationship": "Outer",
            "Parallel Aware": false,
            "Startup Cost": 344077.14,
            "Total Cost": 344077.15,
            "Plan Rows": 1,
            "Plan Width": 8,
            "Actual Startup Time": 1640.393,
            "Actual Total Time": 1640.397,
            "Actual Rows": 1,
            "Actual Loops": 2,
            "Plans": [
              {
                "Node Type": "Hash Join",
                "Parent Relationship": "Outer",
                "Parallel Aware": true,
                "Join Type": "Inner",
                "Startup Cost": 57493.4,
                "Total Cost": 341548.62,
                "Plan Rows": 1011406,
                "Plan Width": 0,
                "Actual Startup Time": 200.561,
                "Actual Total Time": 1583.876,
                "Actual Rows": 1404318,
                "Actual Loops": 2,
                "Inner Unique": true,
                "Hash Cond": "(mi.movie_id = t.id)",
                "Plans": [
                  {
                    "Node Type": "Seq Scan",
                    "Parent Relationship": "Outer",
                    "Parallel Aware": true,
                    "Relation Name": "movie_info",
                    "Alias": "mi",
                    "Startup Cost": 0.0,
                    "Total Cost": 270696.42,
                    "Plan Rows": 5089059,
                    "Plan Width": 4,
                    "Actual Startup Time": 0.015,
                    "Actual Total Time": 735.988,
                    "Actual Rows": 4385248,
                    "Actual Loops": 2,
                    "Filter": "(info_type_id < 12)",
                    "Rows Removed by Filter": 3032612
                  },
                  {
                    "Node Type": "Hash",
                    "Parent Relationship": "Inner",
                    "Parallel Aware": true,
                    "Startup Cost": 53798.73,
                    "Total Cost": 53798.73,
                    "Plan Rows": 295574,
                    "Plan Width": 4,
                    "Actual Startup Time": 162.544,
                    "Actual Total Time": 162.545,
                    "Actual Rows": 186816,
                    "Actual Loops": 2,
                    "Hash Buckets": 524288,
                    "Original Hash Buckets": 524288,
                    "Hash Batches": 1,
                    "Original Hash Batches": 1,
                    "Peak Memory Usage": 18720,
                    "Plans": [
                      {
                        "Node Type": "Bitmap Heap Scan",
                        "Parent Relationship": "Outer",
                        "Parallel Aware": true,
                        "Relation Name": "title",
                        "Alias": "t",
                        "Startup Cost": 11948.47,
                        "Total Cost": 53798.73,
                        "Plan Rows": 295574,
                        "Plan Width": 4,
                        "Actual Startup Time": 38.712,
                        "Actual Total Time": 110.298,
                        "Actual Rows": 186816,
                        "Actual Loops": 2,
                        "Recheck Cond": "(kind_id = 1)",
                        "Rows Removed by Index Recheck": 0,
                        "Filter": "(production_year > 1982)",
                        "Rows Removed by Filter": 144596,
                        "Exact Heap Blocks": 8031,
                        "Lossy Heap Blocks": 0,
                        "Plans": [
                          {
                            "Node Type": "Bitmap Index Scan",
                            "Parent Relationship": "Outer",
                            "Parallel Aware": false,
                            "Index Name": "kind_id_title",
                            "Startup Cost": 0.0,
                            "Total Cost": 11822.85,
                            "Plan Rows": 663256,
                            "Plan Width": 0,
                            "Actual Startup Time": 36.877,
                            "Actual Total Time": 36.878,
                            "Actual Rows": 662825,
                            "Actual Loops": 1,
                            "Index Cond": "(kind_id = 1)"
                          }
                        ]
                      }
                    ]
                  }
                ]
              }
            ]
          }
        ]
      }
    ]
  },
  "Planning Time": 0.704,
  "Triggers": [],
  "Execution Time": 1687.902
}