[
  {
    "Plan": {
      "Node Type": "Aggregate",
      "Strategy": "Plain",
      "Partial Mode": "Finalize",
      "Parallel Aware": false,
      "Startup Cost": 220979.23,
      "Total Cost": 220979.24,
      "Plan Rows": 1,
      "Plan Width": 8,
      "Actual Startup Time": 206.127,
      "Actual Total Time": 217.529,
      "Actual Rows": 1,
      "Actual Loops": 1,
      "Plans": [
        {
          "Node Type": "Gather",
          "Parent Relationship": "Outer",
          "Parallel Aware": false,
          "Startup Cost": 220978.71,
          "Total Cost": 220979.22,
          "Plan Rows": 5,
          "Plan Width": 8,
          "Actual Startup Time": 202.131,
          "Actual Total Time": 217.52,
          "Actual Rows": 6,
          "Actual Loops": 1,
          "Workers Planned": 5,
          "Workers Launched": 5,
          "Single Copy": false,
          "Plans": [
            {
              "Node Type": "Aggregate",
              "Strategy": "Plain",
              "Partial Mode": "Partial",
              "Parent Relationship": "Outer",
              "Parallel Aware": false,
              "Startup Cost": 219978.71,
              "Total Cost": 219978.72,
              "Plan Rows": 1,
              "Plan Width": 8,
              "Actual Startup Time": 191.471,
              "Actual Total Time": 191.475,
              "Actual Rows": 1,
              "Actual Loops": 6,
              "Plans": [
                {
                  "Node Type": "Hash Join",
                  "Parent Relationship": "Outer",
                  "Parallel Aware": true,
                  "Join Type": "Inner",
                  "Startup Cost": 56200.9,
                  "Total Cost": 219905.2,
                  "Plan Rows": 29403,
                  "Plan Width": 0,
                  "Actual Startup Time": 154.458,
                  "Actual Total Time": 190.553,
                  "Actual Rows": 13601,
                  "Actual Loops": 6,
                  "Inner Unique": true,
                  "Hash Cond": "(mi.movie_id = t.id)",
                  "Plans": [
                    {
                      "Node Type": "Bitmap Heap Scan",
                      "Parent Relationship": "Outer",
                      "Parallel Aware": true,
                      "Relation Name": "movie_info",
                      "Alias": "mi",
                      "Startup Cost": 10248.78,
                      "Total Cost": 173656.09,
                      "Plan Rows": 113144,
                      "Plan Width": 4,
                      "Actual Startup Time": 21.182,
                      "Actual Total Time": 38.397,
                      "Actual Rows": 90561,
                      "Actual Loops": 6,
                      "Recheck Cond": "(info_type_id > 98)",
                      "Rows Removed by Index Recheck": 0,
                      "Exact Heap Blocks": 1283,
                      "Lossy Heap Blocks": 0,
                      "Plans": [
                        {
                          "Node Type": "Bitmap Index Scan",
                          "Parent Relationship": "Outer",
                          "Parallel Aware": false,
                          "Index Name": "info_type_id_movie_info",
                          "Startup Cost": 0.0,
                          "Total Cost": 10107.35,
                          "Plan Rows": 565722,
                          "Plan Width": 0,
                          "Actual Startup Time": 20.362,
                          "Actual Total Time": 20.363,
                          "Actual Rows": 543367,
                          "Actual Loops": 1,
                          "Index Cond": "(info_type_id > 98)"
                        }
                      ]
                    },
                    {
                      "Node Type": "Hash",
                      "Parent Relationship": "Inner",
                      "Parallel Aware": true,
                      "Startup Cost": 43898.92,
                      "Total Cost": 43898.92,
                      "Plan Rows": 164256,
                      "Plan Width": 4,
                      "Actual Startup Time": 129.724,
                      "Actual Total Time": 129.725,
                      "Actual Rows": 110472,
                      "Actual Loops": 6,
                      "Hash Buckets": 1048576,
                      "Original Hash Buckets": 1048576,
                      "Hash Batches": 1,
                      "Original Hash Batches": 1,
                      "Peak Memory Usage": 34240,
                      "Plans": [
                        {
                          "Node Type": "Seq Scan",
                          "Parent Relationship": "Outer",
                          "Parallel Aware": true,
                          "Relation Name": "title",
                          "Alias": "t",
                          "Startup Cost": 0.0,
                          "Total Cost": 43898.92,
                          "Plan Rows": 164256,
                          "Plan Width": 4,
                          "Actual Startup Time": 0.046,
                          "Actual Total Time": 81.78,
                          "Actual Rows": 110472,
                          "Actual Loops": 6,
                          "Filter": "(production_year < 1989)",
                          "Rows Removed by Filter": 310913
                        }
                      ]
                    }
                  ]
                }
              ]
            }
          ]
        }
      ]
    },
    "Planning Time": 0.641,
    "Triggers": [],
    "Execution Time": 217.621
  }
]