{
  "Plan": {
    "Node Type": "Aggregate",
    "Strategy": "Plain",
    "Partial Mode": "Finalize",
    "Parallel Aware": false,
    "Startup Cost": 103125.91,
    "Total Cost": 103125.92,
    "Plan Rows": 1,
    "Plan Width": 8,
    "Actual Startup Time": 331.666,
    "Actual Total Time": 347.943,
    "Actual Rows": 1,
    "Actual Loops": 1,
    "Plans": [
      {
        "Node Type": "Gather",
        "Parent Relationship": "Outer",
        "Parallel Aware": false,
        "Startup Cost": 103125.79,
        "Total Cost": 103125.9,
        "Plan Rows": 1,
        "Plan Width": 8,
        "Actual Startup Time": 331.439,
        "Actual Total Time": 347.936,
        "Actual Rows": 2,
        "Actual Loops": 1,
        "Workers Planned": 1,
        "Workers Launched": 1,
        "Single Copy": false,
        "Plans": [
          {
            "Node Type": "Aggregate",
            "Strategy": "Plain",
            "Partial Mode": "Partial",
            "Parent Relationship": "Outer",
            "Parallel Aware": false,
            "Startup Cost": 102125.79,
            "Total Cost": 102125.8,
            "Plan Rows": 1,
            "Plan Width": 8,
            "Actual Startup Time": 325.597,
            "Actual Total Time": 325.601,
            "Actual Rows": 1,
            "Actual Loops": 2,
            "Plans": [
              {
                "Node Type": "Hash Join",
                "Parent Relationship": "Outer",
                "Parallel Aware": true,
                "Join Type": "Inner",
                "Startup Cost": 70877.65,
                "Total Cost": 102119.51,
                "Plan Rows": 2513,
                "Plan Width": 0,
                "Actual Startup Time": 197.594,
                "Actual Total Time": 325.423,
                "Actual Rows": 2528,
                "Actual Loops": 2,
                "Inner Unique": true,
                "Hash Cond": "(mk.movie_id = t.id)",
                "Plans": [
                  {
                    "Node Type": "Bitmap Heap Scan",
                    "Parent Relationship": "Outer",
                    "Parallel Aware": true,
                    "Relation Name": "movie_keyword",
                    "Alias": "mk",
                    "Startup Cost": 16185.16,
                    "Total Cost": 46248.96,
                    "Plan Rows": 448784,
                    "Plan Width": 4,
                    "Actual Startup Time": 48.464,
                    "Actual Total Time": 144.792,
                    "Actual Rows": 376012,
                    "Actual Loops": 2,
                    "Recheck Cond": "(keyword_id > 24881)",
                    "Rows Removed by Index Recheck": 0,
                    "Exact Heap Blocks": 14266,
                    "Lossy Heap Blocks": 0,
                    "Plans": [
                      {
                        "Node Type": "Bitmap Index Scan",
                        "Parent Relationship": "Outer",
                        "Parallel Aware": false,
                        "Index Name": "keyword_id_movie_keyword",
                        "Startup Cost": 0.0,
                        "Total Cost": 15994.43,
                        "Plan Rows": 762933,
                        "Plan Width": 0,
                        "Actual Startup Time": 44.805,
                        "Actual Total Time": 44.806,
                        "Actual Rows": 752025,
                        "Actual Loops": 1,
                        "Index Cond": "(keyword_id > 24881)"
                      }
                    ]
                  },
                  {
                    "Node Type": "Hash",
                    "Parent Relationship": "Inner",
                    "Parallel Aware": true,
                    "Startup Cost": 54588.39,
                    "Total Cost": 54588.39,
                    "Plan Rows": 8328,
                    "Plan Width": 4,
                    "Actual Startup Time": 145.307,
                    "Actual Total Time": 145.307,
                    "Actual Rows": 7463,
                    "Actual Loops": 2,
                    "Hash Buckets": 16384,
                    "Original Hash Buckets": 16384,
                    "Hash Batches": 1,
                    "Original Hash Batches": 1,
                    "Peak Memory Usage": 768,
                    "Plans": [
                      {
                        "Node Type": "Seq Scan",
                        "Parent Relationship": "Outer",
                        "Parallel Aware": true,
                        "Relation Name": "title",
                        "Alias": "t",
                        "Startup Cost": 0.0,
                        "Total Cost": 54588.39,
                        "Plan Rows": 8328,
                        "Plan Width": 4,
                        "Actual Startup Time": 0.155,
                        "Actual Total Time": 142.002,
                        "Actual Rows": 7463,
                        "Actual Loops": 2,
                        "Filter": "(production_year = 1979)",
                        "Rows Removed by Filter": 1256693
                      }
                    ]
                  }
                ]
              }
            ]
          }
        ]
      }
    ]
  },
  "Planning Time": 0.507,
  "Triggers": [],
  "Execution Time": 348.04
}