[
  {
    "Plan": {
      "Node Type": "Aggregate",
      "Strategy": "Plain",
      "Partial Mode": "Finalize",
      "Parallel Aware": false,
      "Startup Cost": 54807.78,
      "Total Cost": 54807.79,
      "Plan Rows": 1,
      "Plan Width": 8,
      "Actual Startup Time": 107.145,
      "Actual Total Time": 120.754,
      "Actual Rows": 1,
      "Actual Loops": 1,
      "Plans": [
        {
          "Node Type": "Gather",
          "Parent Relationship": "Outer",
          "Parallel Aware": false,
          "Startup Cost": 54807.36,
          "Total Cost": 54807.77,
          "Plan Rows": 4,
          "Plan Width": 8,
          "Actual Startup Time": 106.946,
          "Actual Total Time": 120.741,
          "Actual Rows": 5,
          "Actual Loops": 1,
          "Workers Planned": 4,
          "Workers Launched": 4,
          "Single Copy": false,
          "Plans": [
            {
              "Node Type": "Aggregate",
              "Strategy": "Plain",
              "Partial Mode": "Partial",
              "Parent Relationship": "Outer",
              "Parallel Aware": false,
              "Startup Cost": 53807.36,
              "Total Cost": 53807.37,
              "Plan Rows": 1,
              "Plan Width": 8,
              "Actual Startup Time": 99.492,
              "Actual Total Time": 99.494,
              "Actual Rows": 1,
              "Actual Loops": 5,
              "Plans": [
                {
                  "Node Type": "Nested Loop",
                  "Parent Relationship": "Outer",
                  "Parallel Aware": false,
                  "Join Type": "Inner",
                  "Startup Cost": 0.43,
                  "Total Cost": 53805.57,
                  "Plan Rows": 718,
                  "Plan Width": 0,
                  "Actual Startup Time": 3.968,
                  "Actual Total Time": 99.356,
                  "Actual Rows": 1376,
                  "Actual Loops": 5,
                  "Inner Unique": false,
                  "Plans": [
                    {
                      "Node Type": "Seq Scan",
                      "Parent Relationship": "Outer",
                      "Parallel Aware": true,
                      "Relation Name": "title",
                      "Alias": "t",
                      "Startup Cost": 0.0,
                      "Total Cost": 45479.59,
                      "Plan Rows": 1315,
                      "Plan Width": 4,
                      "Actual Startup Time": 3.144,
                      "Actual Total Time": 83.989,
                      "Actual Rows": 1176,
                      "Actual Loops": 5,
                      "Filter": "((kind_id < 7) AND (production_year = 1973))",
                      "Rows Removed by Filter": 504487
                    },
                    {
                      "Node Type": "Index Only Scan",
                      "Parent Relationship": "Inner",
                      "Parallel Aware": false,
                      "Scan Direction": "Forward",
                      "Index Name": "movie_id_movie_info_idx",
                      "Relation Name": "movie_info_idx",
                      "Alias": "mi_idx",
                      "Startup Cost": 0.43,
                      "Total Cost": 6.3,
                      "Plan Rows": 3,
                      "Plan Width": 4,
                      "Actual Startup Time": 0.012,
                      "Actual Total Time": 0.012,
                      "Actual Rows": 1,
                      "Actual Loops": 5878,
                      "Index Cond": "(movie_id = t.id)",
                      "Rows Removed by Index Recheck": 0,
                      "Heap Fetches": 6879
                    }
                  ]
                }
              ]
            }
          ]
        }
      ]
    },
    "Planning Time": 0.292,
    "Triggers": [],
    "Execution Time": 120.802
  }
]