[
    {
        "Bao": {
            "Bao prediction": 444.334,
            "Bao recommended hint": "(no hint)"
        }
    },
    {
        "Plan": {
            "Node Type": "Aggregate",
            "Strategy": "Plain",
            "Partial Mode": "Finalize",
            "Parallel Aware": false,
            "Startup Cost": 32980.48,
            "Total Cost": 32980.49,
            "Plan Rows": 1,
            "Plan Width": 8,
            "Actual Startup Time": 114.026,
            "Actual Total Time": 121.222,
            "Actual Rows": 1,
            "Actual Loops": 1,
            "Output": [
                "count(*)"
            ],
            "Plans": [
                {
                    "Node Type": "Gather",
                    "Parent Relationship": "Outer",
                    "Parallel Aware": false,
                    "Startup Cost": 32980.16,
                    "Total Cost": 32980.47,
                    "Plan Rows": 3,
                    "Plan Width": 8,
                    "Actual Startup Time": 113.907,
                    "Actual Total Time": 121.214,
                    "Actual Rows": 4,
                    "Actual Loops": 1,
                    "Output": [
                        "(PARTIAL count(*))"
                    ],
                    "Workers Planned": 3,
                    "Workers Launched": 3,
                    "Single Copy": false,
                    "Plans": [
                        {
                            "Node Type": "Aggregate",
                            "Strategy": "Plain",
                            "Partial Mode": "Partial",
                            "Parent Relationship": "Outer",
                            "Parallel Aware": false,
                            "Startup Cost": 31980.16,
                            "Total Cost": 31980.17,
                            "Plan Rows": 1,
                            "Plan Width": 8,
                            "Actual Startup Time": 105.971,
                            "Actual Total Time": 105.972,
                            "Actual Rows": 1,
                            "Actual Loops": 4,
                            "Output": [
                                "PARTIAL count(*)"
                            ],
                            "Workers": [
                                {
                                    "Worker Number": 0,
                                    "Actual Startup Time": 103.384,
                                    "Actual Total Time": 103.385,
                                    "Actual Rows": 1,
                                    "Actual Loops": 1
                                },
                                {
                                    "Worker Number": 1,
                                    "Actual Startup Time": 103.602,
                                    "Actual Total Time": 103.603,
                                    "Actual Rows": 1,
                                    "Actual Loops": 1
                                },
                                {
                                    "Worker Number": 2,
                                    "Actual Startup Time": 103.608,
                                    "Actual Total Time": 103.609,
                                    "Actual Rows": 1,
                                    "Actual Loops": 1
                                }
                            ],
                            "Plans": [
                                {
                                    "Node Type": "Seq Scan",
                                    "Parent Relationship": "Outer",
                                    "Parallel Aware": true,
                                    "Relation Name": "movie_companies",
                                    "Schema": "public",
                                    "Alias": "mc",
                                    "Startup Cost": 0.0,
                                    "Total Cost": 31414.82,
                                    "Plan Rows": 226136,
                                    "Plan Width": 0,
                                    "Actual Startup Time": 20.503,
                                    "Actual Total Time": 97.586,
                                    "Actual Rows": 121395,
                                    "Actual Loops": 4,
                                    "Output": [
                                        "id",
                                        "movie_id",
                                        "company_id",
                                        "company_type_id",
                                        "note"
                                    ],
                                    "Filter": "((mc.company_id > 10077) AND (mc.company_type_id = 1))",
                                    "Rows Removed by Filter": 530888,
                                    "Workers": [
                                        {
                                            "Worker Number": 0,
                                            "Actual Startup Time": 17.898,
                                            "Actual Total Time": 95.373,
                                            "Actual Rows": 116286,
                                            "Actual Loops": 1
                                        },
                                        {
                                            "Worker Number": 1,
                                            "Actual Startup Time": 18.128,
                                            "Actual Total Time": 95.689,
                                            "Actual Rows": 113027,
                                            "Actual Loops": 1
                                        },
                                        {
                                            "Worker Number": 2,
                                            "Actual Startup Time": 18.18,
                                            "Actual Total Time": 95.7,
                                            "Actual Rows": 113071,
                                            "Actual Loops": 1
                                        }
                                    ]
                                }
                            ]
                        }
                    ]
                }
            ]
        },
        "Planning Time": 2890.493,
        "Triggers": [],
        "Execution Time": 121.309
    }
]