[
  {
    "Plan": {
      "Node Type": "Aggregate",
      "Strategy": "Plain",
      "Partial Mode": "Finalize",
      "Parallel Aware": false,
      "Startup Cost": 76223.32,
      "Total Cost": 76223.33,
      "Plan Rows": 1,
      "Plan Width": 8,
      "Actual Startup Time": 278.639,
      "Actual Total Time": 291.209,
      "Actual Rows": 1,
      "Actual Loops": 1,
      "Plans": [
        {
          "Node Type": "Gather",
          "Parent Relationship": "Outer",
          "Parallel Aware": false,
          "Startup Cost": 76222.9,
          "Total Cost": 76223.31,
          "Plan Rows": 4,
          "Plan Width": 8,
          "Actual Startup Time": 275.881,
          "Actual Total Time": 291.201,
          "Actual Rows": 5,
          "Actual Loops": 1,
          "Workers Planned": 4,
          "Workers Launched": 4,
          "Single Copy": false,
          "Plans": [
            {
              "Node Type": "Aggregate",
              "Strategy": "Plain",
              "Partial Mode": "Partial",
              "Parent Relationship": "Outer",
              "Parallel Aware": false,
              "Startup Cost": 75222.9,
              "Total Cost": 75222.91,
              "Plan Rows": 1,
              "Plan Width": 8,
              "Actual Startup Time": 265.659,
              "Actual Total Time": 265.664,
              "Actual Rows": 1,
              "Actual Loops": 5,
              "Plans": [
                {
                  "Node Type": "Hash Join",
                  "Parent Relationship": "Outer",
                  "Parallel Aware": true,
                  "Join Type": "Inner",
                  "Startup Cost": 29240.69,
                  "Total Cost": 75003.23,
                  "Plan Rows": 87866,
                  "Plan Width": 0,
                  "Actual Startup Time": 110.948,
                  "Actual Total Time": 262.253,
                  "Actual Rows": 70888,
                  "Actual Loops": 5,
                  "Inner Unique": false,
                  "Hash Cond": "(t.id = mc.movie_id)",
                  "Plans": [
                    {
                      "Node Type": "Seq Scan",
                      "Parent Relationship": "Outer",
                      "Parallel Aware": true,
                      "Relation Name": "title",
                      "Alias": "t",
                      "Startup Cost": 0.0,
                      "Total Cost": 42318.73,
                      "Plan Rows": 632073,
                      "Plan Width": 4,
                      "Actual Startup Time": 0.013,
                      "Actual Total Time": 68.648,
                      "Actual Rows": 505662,
                      "Actual Loops": 5
                    },
                    {
                      "Node Type": "Hash",
                      "Parent Relationship": "Inner",
                      "Parallel Aware": true,
                      "Startup Cost": 27823.49,
                      "Total Cost": 27823.49,
                      "Plan Rows": 113376,
                      "Plan Width": 4,
                      "Actual Startup Time": 88.619,
                      "Actual Total Time": 88.62,
                      "Actual Rows": 70888,
                      "Actual Loops": 5,
                      "Hash Buckets": 524288,
                      "Original Hash Buckets": 524288,
                      "Hash Batches": 1,
                      "Original Hash Batches": 1,
                      "Peak Memory Usage": 18048,
                      "Plans": [
                        {
                          "Node Type": "Bitmap Heap Scan",
                          "Parent Relationship": "Outer",
                          "Parallel Aware": true,
                          "Relation Name": "movie_companies",
                          "Alias": "mc",
                          "Startup Cost": 7616.29,
                          "Total Cost": 27823.49,
                          "Plan Rows": 113376,
                          "Plan Width": 4,
                          "Actual Startup Time": 28.499,
                          "Actual Total Time": 58.324,
                          "Actual Rows": 70888,
                          "Actual Loops": 5,
                          "Recheck Cond": "(company_id > 87808)",
                          "Rows Removed by Index Recheck": 0,
                          "Exact Heap Blocks": 2231,
                          "Lossy Heap Blocks": 0,
                          "Plans": [
                            {
                              "Node Type": "Bitmap Index Scan",
                              "Parent Relationship": "Outer",
                              "Parallel Aware": false,
                              "Index Name": "company_id_movie_companies",
                              "Startup Cost": 0.0,
                              "Total Cost": 7528.43,
                              "Plan Rows": 351466,
                              "Plan Width": 0,
                              "Actual Startup Time": 27.681,
                              "Actual Total Time": 27.681,
                              "Actual Rows": 354438,
                              "Actual Loops": 1,
                              "Index Cond": "(company_id > 87808)"
                            }
                          ]
                        }
                      ]
                    }
                  ]
                }
              ]
            }
          ]
        }
      ]
    },
    "Planning Time": 0.551,
    "Triggers": [],
    "Execution Time": 291.295
  }
]