[
  {
    "Plan": {
      "Node Type": "Aggregate",
      "Strategy": "Plain",
      "Partial Mode": "Finalize",
      "Parallel Aware": false,
      "Startup Cost": 47232.29,
      "Total Cost": 47232.3,
      "Plan Rows": 1,
      "Plan Width": 8,
      "Actual Startup Time": 171.977,
      "Actual Total Time": 180.568,
      "Actual Rows": 1,
      "Actual Loops": 1,
      "Plans": [
        {
          "Node Type": "Gather",
          "Parent Relationship": "Outer",
          "Parallel Aware": false,
          "Startup Cost": 47231.98,
          "Total Cost": 47232.29,
          "Plan Rows": 3,
          "Plan Width": 8,
          "Actual Startup Time": 171.85,
          "Actual Total Time": 180.56,
          "Actual Rows": 4,
          "Actual Loops": 1,
          "Workers Planned": 3,
          "Workers Launched": 3,
          "Single Copy": false,
          "Plans": [
            {
              "Node Type": "Aggregate",
              "Strategy": "Plain",
              "Partial Mode": "Partial",
              "Parent Relationship": "Outer",
              "Parallel Aware": false,
              "Startup Cost": 46231.98,
              "Total Cost": 46231.99,
              "Plan Rows": 1,
              "Plan Width": 8,
              "Actual Startup Time": 168.234,
              "Actual Total Time": 168.235,
              "Actual Rows": 1,
              "Actual Loops": 4,
              "Plans": [
                {
                  "Node Type": "Seq Scan",
                  "Parent Relationship": "Outer",
                  "Parallel Aware": true,
                  "Relation Name": "movie_keyword",
                  "Alias": "mk",
                  "Startup Cost": 0.0,
                  "Total Cost": 42695.65,
                  "Plan Rows": 1414529,
                  "Plan Width": 0,
                  "Actual Startup Time": 0.036,
                  "Actual Total Time": 120.151,
                  "Actual Rows": 1096721,
                  "Actual Loops": 4,
                  "Filter": "(keyword_id < 75397)",
                  "Rows Removed by Filter": 34261
                }
              ]
            }
          ]
        }
      ]
    },
    "Planning Time": 0.098,
    "Triggers": [],
    "Execution Time": 180.598
  }
]