[
  {
    "Plan": {
      "Node Type": "Aggregate",
      "Strategy": "Plain",
      "Partial Mode": "Finalize",
      "Parallel Aware": false,
      "Startup Cost": 64596.67,
      "Total Cost": 64596.68,
      "Plan Rows": 1,
      "Plan Width": 8,
      "Actual Startup Time": 51.549,
      "Actual Total Time": 58.699,
      "Actual Rows": 1,
      "Actual Loops": 1,
      "Plans": [
        {
          "Node Type": "Gather",
          "Parent Relationship": "Outer",
          "Parallel Aware": false,
          "Startup Cost": 64596.35,
          "Total Cost": 64596.66,
          "Plan Rows": 3,
          "Plan Width": 8,
          "Actual Startup Time": 51.4,
          "Actual Total Time": 58.692,
          "Actual Rows": 4,
          "Actual Loops": 1,
          "Workers Planned": 3,
          "Workers Launched": 3,
          "Single Copy": false,
          "Plans": [
            {
              "Node Type": "Aggregate",
              "Strategy": "Plain",
              "Partial Mode": "Partial",
              "Parent Relationship": "Outer",
              "Parallel Aware": false,
              "Startup Cost": 63596.35,
              "Total Cost": 63596.36,
              "Plan Rows": 1,
              "Plan Width": 8,
              "Actual Startup Time": 43.291,
              "Actual Total Time": 43.293,
              "Actual Rows": 1,
              "Actual Loops": 4,
              "Plans": [
                {
                  "Node Type": "Nested Loop",
                  "Parent Relationship": "Outer",
                  "Parallel Aware": false,
                  "Join Type": "Inner",
                  "Startup Cost": 441.69,
                  "Total Cost": 63592.78,
                  "Plan Rows": 1427,
                  "Plan Width": 0,
                  "Actual Startup Time": 10.088,
                  "Actual Total Time": 43.227,
                  "Actual Rows": 220,
                  "Actual Loops": 4,
                  "Inner Unique": false,
                  "Plans": [
                    {
                      "Node Type": "Nested Loop",
                      "Parent Relationship": "Outer",
                      "Parallel Aware": false,
                      "Join Type": "Inner",
                      "Startup Cost": 441.12,
                      "Total Cost": 60411.94,
                      "Plan Rows": 100,
                      "Plan Width": 8,
                      "Actual Startup Time": 9.875,
                      "Actual Total Time": 40.189,
                      "Actual Rows": 4,
                      "Actual Loops": 4,
                      "Inner Unique": true,
                      "Plans": [
                        {
                          "Node Type": "Bitmap Heap Scan",
                          "Parent Relationship": "Outer",
                          "Parallel Aware": true,
                          "Relation Name": "movie_keyword",
                          "Alias": "mk",
                          "Startup Cost": 440.69,
                          "Total Cost": 25045.78,
                          "Plan Rows": 6671,
                          "Plan Width": 4,
                          "Actual Startup Time": 4.487,
                          "Actual Total Time": 15.121,
                          "Actual Rows": 4868,
                          "Actual Loops": 4,
                          "Recheck Cond": "(keyword_id > 117717)",
                          "Rows Removed by Index Recheck": 0,
                          "Exact Heap Blocks": 2841,
                          "Lossy Heap Blocks": 0,
                          "Plans": [
                            {
                              "Node Type": "Bitmap Index Scan",
                              "Parent Relationship": "Outer",
                              "Parallel Aware": false,
                              "Index Name": "keyword_id_movie_keyword",
                              "Startup Cost": 0.0,
                              "Total Cost": 435.52,
                              "Plan Rows": 20679,
                              "Plan Width": 0,
                              "Actual Startup Time": 8.246,
                              "Actual Total Time": 8.247,
                              "Actual Rows": 19470,
                              "Actual Loops": 1,
                              "Index Cond": "(keyword_id > 117717)"
                            }
                          ]
                        },
                        {
                          "Node Type": "Index Scan",
                          "Parent Relationship": "Inner",
                          "Parallel Aware": false,
                          "Scan Direction": "Forward",
                          "Index Name": "title_pkey",
                          "Relation Name": "title",
                          "Alias": "t",
                          "Startup Cost": 0.43,
                          "Total Cost": 5.3,
                          "Plan Rows": 1,
                          "Plan Width": 4,
                          "Actual Startup Time": 0.005,
                          "Actual Total Time": 0.005,
                          "Actual Rows": 0,
                          "Actual Loops": 19470,
                          "Index Cond": "(id = mk.movie_id)",
                          "Rows Removed by Index Recheck": 0,
                          "Filter": "((kind_id > 4) AND (production_year = 2001))",
                          "Rows Removed by Filter": 1
                        }
                      ]
                    },
                    {
                      "Node Type": "Index Only Scan",
                      "Parent Relationship": "Inner",
                      "Parallel Aware": false,
                      "Scan Direction": "Forward",
                      "Index Name": "movie_id_cast_info",
                      "Relation Name": "cast_info",
                      "Alias": "ci",
                      "Startup Cost": 0.56,
                      "Total Cost": 31.46,
                      "Plan Rows": 35,
                      "Plan Width": 4,
                      "Actual Startup Time": 0.072,
                      "Actual Total Time": 0.66,
                      "Actual Rows": 49,
                      "Actual Loops": 18,
                      "Index Cond": "(movie_id = t.id)",
                      "Rows Removed by Index Recheck": 0,
                      "Heap Fetches": 878
                    }
                  ]
                }
              ]
            }
          ]
        }
      ]
    },
    "Planning Time": 1.577,
    "Triggers": [],
    "Execution Time": 58.804
  }
]