[
  {
    "Plan": {
      "Node Type": "Aggregate",
      "Strategy": "Plain",
      "Partial Mode": "Finalize",
      "Parallel Aware": false,
      "Startup Cost": 335245.97,
      "Total Cost": 335245.98,
      "Plan Rows": 1,
      "Plan Width": 8,
      "Actual Startup Time": 666.74,
      "Actual Total Time": 709.15,
      "Actual Rows": 1,
      "Actual Loops": 1,
      "Plans": [
        {
          "Node Type": "Gather",
          "Parent Relationship": "Outer",
          "Parallel Aware": false,
          "Startup Cost": 335245.34,
          "Total Cost": 335245.95,
          "Plan Rows": 6,
          "Plan Width": 8,
          "Actual Startup Time": 666.524,
          "Actual Total Time": 709.129,
          "Actual Rows": 7,
          "Actual Loops": 1,
          "Workers Planned": 6,
          "Workers Launched": 6,
          "Single Copy": false,
          "Plans": [
            {
              "Node Type": "Aggregate",
              "Strategy": "Plain",
              "Partial Mode": "Partial",
              "Parent Relationship": "Outer",
              "Parallel Aware": false,
              "Startup Cost": 334245.34,
              "Total Cost": 334245.35,
              "Plan Rows": 1,
              "Plan Width": 8,
              "Actual Startup Time": 659.482,
              "Actual Total Time": 659.484,
              "Actual Rows": 1,
              "Actual Loops": 7,
              "Plans": [
                {
                  "Node Type": "Seq Scan",
                  "Parent Relationship": "Outer",
                  "Parallel Aware": true,
                  "Relation Name": "cast_info",
                  "Alias": "ci",
                  "Startup Cost": 0.0,
                  "Total Cost": 328211.39,
                  "Plan Rows": 2413580,
                  "Plan Width": 0,
                  "Actual Startup Time": 0.044,
                  "Actual Total Time": 563.862,
                  "Actual Rows": 2087518,
                  "Actual Loops": 7,
                  "Filter": "(person_id < 1440340)",
                  "Rows Removed by Filter": 3090245
                }
              ]
            }
          ]
        }
      ]
    },
    "Planning Time": 0.096,
    "Triggers": [],
    "Execution Time": 709.201
  }
]