[
  {
    "Plan": {
      "Node Type": "Aggregate",
      "Strategy": "Plain",
      "Partial Mode": "Finalize",
      "Parallel Aware": false,
      "Startup Cost": 47037.01,
      "Total Cost": 47037.02,
      "Plan Rows": 1,
      "Plan Width": 8,
      "Actual Startup Time": 172.314,
      "Actual Total Time": 182.031,
      "Actual Rows": 1,
      "Actual Loops": 1,
      "Plans": [
        {
          "Node Type": "Gather",
          "Parent Relationship": "Outer",
          "Parallel Aware": false,
          "Startup Cost": 47036.69,
          "Total Cost": 47037.0,
          "Plan Rows": 3,
          "Plan Width": 8,
          "Actual Startup Time": 172.172,
          "Actual Total Time": 182.022,
          "Actual Rows": 4,
          "Actual Loops": 1,
          "Workers Planned": 3,
          "Workers Launched": 3,
          "Single Copy": false,
          "Plans": [
            {
              "Node Type": "Aggregate",
              "Strategy": "Plain",
              "Partial Mode": "Partial",
              "Parent Relationship": "Outer",
              "Parallel Aware": false,
              "Startup Cost": 46036.69,
              "Total Cost": 46036.7,
              "Plan Rows": 1,
              "Plan Width": 8,
              "Actual Startup Time": 165.54,
              "Actual Total Time": 165.541,
              "Actual Rows": 1,
              "Actual Loops": 4,
              "Plans": [
                {
                  "Node Type": "Seq Scan",
                  "Parent Relationship": "Outer",
                  "Parallel Aware": true,
                  "Relation Name": "movie_keyword",
                  "Alias": "mk",
                  "Startup Cost": 0.0,
                  "Total Cost": 42695.65,
                  "Plan Rows": 1336414,
                  "Plan Width": 0,
                  "Actual Startup Time": 0.052,
                  "Actual Total Time": 121.179,
                  "Actual Rows": 1039174,
                  "Actual Loops": 4,
                  "Filter": "(keyword_id < 45865)",
                  "Rows Removed by Filter": 91808
                }
              ]
            }
          ]
        }
      ]
    },
    "Planning Time": 0.185,
    "Triggers": [],
    "Execution Time": 182.088
  }
]