[
  {
    "Plan": {
      "Node Type": "Aggregate",
      "Strategy": "Plain",
      "Partial Mode": "Finalize",
      "Parallel Aware": false,
      "Startup Cost": 80119.22,
      "Total Cost": 80119.23,
      "Plan Rows": 1,
      "Plan Width": 8,
      "Actual Startup Time": 367.684,
      "Actual Total Time": 382.508,
      "Actual Rows": 1,
      "Actual Loops": 1,
      "Plans": [
        {
          "Node Type": "Gather",
          "Parent Relationship": "Outer",
          "Parallel Aware": false,
          "Startup Cost": 80118.8,
          "Total Cost": 80119.21,
          "Plan Rows": 4,
          "Plan Width": 8,
          "Actual Startup Time": 362.858,
          "Actual Total Time": 382.498,
          "Actual Rows": 5,
          "Actual Loops": 1,
          "Workers Planned": 4,
          "Workers Launched": 4,
          "Single Copy": false,
          "Plans": [
            {
              "Node Type": "Aggregate",
              "Strategy": "Plain",
              "Partial Mode": "Partial",
              "Parent Relationship": "Outer",
              "Parallel Aware": false,
              "Startup Cost": 79118.8,
              "Total Cost": 79118.81,
              "Plan Rows": 1,
              "Plan Width": 8,
              "Actual Startup Time": 353.475,
              "Actual Total Time": 353.479,
              "Actual Rows": 1,
              "Actual Loops": 5,
              "Plans": [
                {
                  "Node Type": "Hash Join",
                  "Parent Relationship": "Outer",
                  "Parallel Aware": true,
                  "Join Type": "Inner",
                  "Startup Cost": 32505.53,
                  "Total Cost": 78623.6,
                  "Plan Rows": 198081,
                  "Plan Width": 0,
                  "Actual Startup Time": 134.891,
                  "Actual Total Time": 345.847,
                  "Actual Rows": 161380,
                  "Actual Loops": 5,
                  "Inner Unique": false,
                  "Hash Cond": "(t.id = mc.movie_id)",
                  "Plans": [
                    {
                      "Node Type": "Seq Scan",
                      "Parent Relationship": "Outer",
                      "Parallel Aware": true,
                      "Relation Name": "title",
                      "Alias": "t",
                      "Startup Cost": 0.0,
                      "Total Cost": 42318.73,
                      "Plan Rows": 632073,
                      "Plan Width": 4,
                      "Actual Startup Time": 0.013,
                      "Actual Total Time": 66.119,
                      "Actual Rows": 505662,
                      "Actual Loops": 5
                    },
                    {
                      "Node Type": "Hash",
                      "Parent Relationship": "Inner",
                      "Parallel Aware": true,
                      "Startup Cost": 29310.68,
                      "Total Cost": 29310.68,
                      "Plan Rows": 255588,
                      "Plan Width": 4,
                      "Actual Startup Time": 130.317,
                      "Actual Total Time": 130.318,
                      "Actual Rows": 161380,
                      "Actual Loops": 5,
                      "Hash Buckets": 1048576,
                      "Original Hash Buckets": 1048576,
                      "Hash Batches": 1,
                      "Original Hash Batches": 1,
                      "Peak Memory Usage": 39808,
                      "Plans": [
                        {
                          "Node Type": "Seq Scan",
                          "Parent Relationship": "Outer",
                          "Parallel Aware": true,
                          "Relation Name": "movie_companies",
                          "Alias": "mc",
                          "Startup Cost": 0.0,
                          "Total Cost": 29310.68,
                          "Plan Rows": 255588,
                          "Plan Width": 4,
                          "Actual Startup Time": 26.255,
                          "Actual Total Time": 76.697,
                          "Actual Rows": 161380,
                          "Actual Loops": 5,
                          "Filter": "(company_id > 29653)",
                          "Rows Removed by Filter": 360446
                        }
                      ]
                    }
                  ]
                }
              ]
            }
          ]
        }
      ]
    },
    "Planning Time": 0.605,
    "Triggers": [],
    "Execution Time": 382.576
  }
]