[
  {
    "Plan": {
      "Node Type": "Aggregate",
      "Strategy": "Plain",
      "Partial Mode": "Finalize",
      "Parallel Aware": false,
      "Startup Cost": 298602.48,
      "Total Cost": 298602.49,
      "Plan Rows": 1,
      "Plan Width": 8,
      "Actual Startup Time": 518.487,
      "Actual Total Time": 557.814,
      "Actual Rows": 1,
      "Actual Loops": 1,
      "Plans": [
        {
          "Node Type": "Gather",
          "Parent Relationship": "Outer",
          "Parallel Aware": false,
          "Startup Cost": 298602.16,
          "Total Cost": 298602.47,
          "Plan Rows": 3,
          "Plan Width": 8,
          "Actual Startup Time": 517.52,
          "Actual Total Time": 557.804,
          "Actual Rows": 4,
          "Actual Loops": 1,
          "Workers Planned": 3,
          "Workers Launched": 3,
          "Single Copy": false,
          "Plans": [
            {
              "Node Type": "Aggregate",
              "Strategy": "Plain",
              "Partial Mode": "Partial",
              "Parent Relationship": "Outer",
              "Parallel Aware": false,
              "Startup Cost": 297602.16,
              "Total Cost": 297602.17,
              "Plan Rows": 1,
              "Plan Width": 8,
              "Actual Startup Time": 507.684,
              "Actual Total Time": 507.689,
              "Actual Rows": 1,
              "Actual Loops": 4,
              "Plans": [
                {
                  "Node Type": "Nested Loop",
                  "Parent Relationship": "Outer",
                  "Parallel Aware": false,
                  "Join Type": "Inner",
                  "Startup Cost": 46344.81,
                  "Total Cost": 295406.56,
                  "Plan Rows": 878242,
                  "Plan Width": 0,
                  "Actual Startup Time": 117.611,
                  "Actual Total Time": 499.782,
                  "Actual Rows": 164958,
                  "Actual Loops": 4,
                  "Inner Unique": false,
                  "Join Filter": "(t.id = ci.movie_id)",
                  "Rows Removed by Join Filter": 0,
                  "Plans": [
                    {
                      "Node Type": "Hash Join",
                      "Parent Relationship": "Outer",
                      "Parallel Aware": true,
                      "Join Type": "Inner",
                      "Startup Cost": 46344.25,
                      "Total Cost": 91280.93,
                      "Plan Rows": 93484,
                      "Plan Width": 8,
                      "Actual Startup Time": 117.385,
                      "Actual Total Time": 273.867,
                      "Actual Rows": 15460,
                      "Actual Loops": 4,
                      "Inner Unique": true,
                      "Hash Cond": "(mk.movie_id = t.id)",
                      "Plans": [
                        {
                          "Node Type": "Seq Scan",
                          "Parent Relationship": "Outer",
                          "Parallel Aware": true,
                          "Relation Name": "movie_keyword",
                          "Alias": "mk",
                          "Startup Cost": 0.0,
                          "Total Cost": 42695.65,
                          "Plan Rows": 853726,
                          "Plan Width": 4,
                          "Actual Startup Time": 0.212,
                          "Actual Total Time": 103.174,
                          "Actual Rows": 660709,
                          "Actual Loops": 4,
                          "Filter": "(keyword_id > 3218)",
                          "Rows Removed by Filter": 470273
                        },
                        {
                          "Node Type": "Hash",
                          "Parent Relationship": "Inner",
                          "Parallel Aware": true,
                          "Startup Cost": 45479.1,
                          "Total Cost": 45479.1,
                          "Plan Rows": 69212,
                          "Plan Width": 4,
                          "Actual Startup Time": 113.474,
                          "Actual Total Time": 113.475,
                          "Actual Rows": 44335,
                          "Actual Loops": 4,
                          "Hash Buckets": 524288,
                          "Original Hash Buckets": 524288,
                          "Hash Batches": 1,
                          "Original Hash Batches": 1,
                          "Peak Memory Usage": 11104,
                          "Plans": [
                            {
                              "Node Type": "Seq Scan",
                              "Parent Relationship": "Outer",
                              "Parallel Aware": true,
                              "Relation Name": "title",
                              "Alias": "t",
                              "Startup Cost": 0.0,
                              "Total Cost": 45479.1,
                              "Plan Rows": 69212,
                              "Plan Width": 4,
                              "Actual Startup Time": 0.042,
                              "Actual Total Time": 96.366,
                              "Actual Rows": 44335,
                              "Actual Loops": 4,
                              "Filter": "((production_year < 1977) AND (kind_id = 7))",
                              "Rows Removed by Filter": 587743
                            }
                          ]
                        }
                      ]
                    },
                    {
                      "Node Type": "Index Scan",
                      "Parent Relationship": "Inner",
                      "Parallel Aware": false,
                      "Scan Direction": "Forward",
                      "Index Name": "movie_id_cast_info",
                      "Relation Name": "cast_info",
                      "Alias": "ci",
                      "Startup Cost": 0.56,
                      "Total Cost": 1.88,
                      "Plan Rows": 24,
                      "Plan Width": 4,
                      "Actual Startup Time": 0.008,
                      "Actual Total Time": 0.014,
                      "Actual Rows": 11,
                      "Actual Loops": 61840,
                      "Index Cond": "(movie_id = mk.movie_id)",
                      "Rows Removed by Index Recheck": 0,
                      "Filter": "(role_id > 1)",
                      "Rows Removed by Filter": 9
                    }
                  ]
                }
              ]
            }
          ]
        }
      ]
    },
    "Planning Time": 1.436,
    "Triggers": [],
    "Execution Time": 557.938
  }
]