[
  {
    "Plan": {
      "Node Type": "Aggregate",
      "Strategy": "Plain",
      "Partial Mode": "Finalize",
      "Parallel Aware": false,
      "Startup Cost": 94401.82,
      "Total Cost": 94401.83,
      "Plan Rows": 1,
      "Plan Width": 8,
      "Actual Startup Time": 370.028,
      "Actual Total Time": 377.47,
      "Actual Rows": 1,
      "Actual Loops": 1,
      "Plans": [
        {
          "Node Type": "Gather",
          "Parent Relationship": "Outer",
          "Parallel Aware": false,
          "Startup Cost": 94401.5,
          "Total Cost": 94401.81,
          "Plan Rows": 3,
          "Plan Width": 8,
          "Actual Startup Time": 365.12,
          "Actual Total Time": 377.465,
          "Actual Rows": 4,
          "Actual Loops": 1,
          "Workers Planned": 3,
          "Workers Launched": 3,
          "Single Copy": false,
          "Plans": [
            {
              "Node Type": "Aggregate",
              "Strategy": "Plain",
              "Partial Mode": "Partial",
              "Parent Relationship": "Outer",
              "Parallel Aware": false,
              "Startup Cost": 93401.5,
              "Total Cost": 93401.51,
              "Plan Rows": 1,
              "Plan Width": 8,
              "Actual Startup Time": 358.37,
              "Actual Total Time": 358.372,
              "Actual Rows": 1,
              "Actual Loops": 4,
              "Plans": [
                {
                  "Node Type": "Hash Join",
                  "Parent Relationship": "Outer",
                  "Parallel Aware": true,
                  "Join Type": "Inner",
                  "Startup Cost": 47060.67,
                  "Total Cost": 92395.64,
                  "Plan Rows": 402343,
                  "Plan Width": 0,
                  "Actual Startup Time": 162.967,
                  "Actual Total Time": 349.116,
                  "Actual Rows": 213310,
                  "Actual Loops": 4,
                  "Inner Unique": true,
                  "Hash Cond": "(mk.movie_id = t.id)",
                  "Plans": [
                    {
                      "Node Type": "Seq Scan",
                      "Parent Relationship": "Outer",
                      "Parallel Aware": true,
                      "Relation Name": "movie_keyword",
                      "Alias": "mk",
                      "Startup Cost": 0.0,
                      "Total Cost": 42695.65,
                      "Plan Rows": 1005455,
                      "Plan Width": 4,
                      "Actual Startup Time": 0.01,
                      "Actual Total Time": 99.358,
                      "Actual Rows": 785882,
                      "Actual Loops": 4,
                      "Filter": "(keyword_id < 12097)",
                      "Rows Removed by Filter": 345100
                    },
                    {
                      "Node Type": "Hash",
                      "Parent Relationship": "Inner",
                      "Parallel Aware": true,
                      "Startup Cost": 43899.01,
                      "Total Cost": 43899.01,
                      "Plan Rows": 252933,
                      "Plan Width": 4,
                      "Actual Startup Time": 160.744,
                      "Actual Total Time": 160.745,
                      "Actual Rows": 253230,
                      "Actual Loops": 4,
                      "Hash Buckets": 1048576,
                      "Original Hash Buckets": 1048576,
                      "Hash Batches": 1,
                      "Original Hash Batches": 1,
                      "Peak Memory Usage": 47872,
                      "Plans": [
                        {
                          "Node Type": "Seq Scan",
                          "Parent Relationship": "Outer",
                          "Parallel Aware": true,
                          "Relation Name": "title",
                          "Alias": "t",
                          "Startup Cost": 0.0,
                          "Total Cost": 43899.01,
                          "Plan Rows": 252933,
                          "Plan Width": 4,
                          "Actual Startup Time": 0.036,
                          "Actual Total Time": 87.988,
                          "Actual Rows": 253230,
                          "Actual Loops": 4,
                          "Filter": "(production_year > 2005)",
                          "Rows Removed by Filter": 378848
                        }
                      ]
                    }
                  ]
                }
              ]
            }
          ]
        }
      ]
    },
    "Planning Time": 0.211,
    "Triggers": [],
    "Execution Time": 377.498
  }
]