[
  {
    "Plan": {
      "Node Type": "Aggregate",
      "Strategy": "Plain",
      "Partial Mode": "Finalize",
      "Parallel Aware": false,
      "Startup Cost": 31250.39,
      "Total Cost": 31250.4,
      "Plan Rows": 1,
      "Plan Width": 8,
      "Actual Startup Time": 92.261,
      "Actual Total Time": 99.885,
      "Actual Rows": 1,
      "Actual Loops": 1,
      "Plans": [
        {
          "Node Type": "Gather",
          "Parent Relationship": "Outer",
          "Parallel Aware": false,
          "Startup Cost": 31250.08,
          "Total Cost": 31250.39,
          "Plan Rows": 3,
          "Plan Width": 8,
          "Actual Startup Time": 92.138,
          "Actual Total Time": 99.877,
          "Actual Rows": 4,
          "Actual Loops": 1,
          "Workers Planned": 3,
          "Workers Launched": 3,
          "Single Copy": false,
          "Plans": [
            {
              "Node Type": "Aggregate",
              "Strategy": "Plain",
              "Partial Mode": "Partial",
              "Parent Relationship": "Outer",
              "Parallel Aware": false,
              "Startup Cost": 30250.08,
              "Total Cost": 30250.09,
              "Plan Rows": 1,
              "Plan Width": 8,
              "Actual Startup Time": 87.247,
              "Actual Total Time": 87.249,
              "Actual Rows": 1,
              "Actual Loops": 4,
              "Plans": [
                {
                  "Node Type": "Seq Scan",
                  "Parent Relationship": "Outer",
                  "Parallel Aware": true,
                  "Relation Name": "movie_companies",
                  "Alias": "mc",
                  "Startup Cost": 0.0,
                  "Total Cost": 29310.68,
                  "Plan Rows": 375758,
                  "Plan Width": 0,
                  "Actual Startup Time": 0.022,
                  "Actual Total Time": 72.46,
                  "Actual Rows": 294042,
                  "Actual Loops": 4,
                  "Filter": "(company_id < 10012)",
                  "Rows Removed by Filter": 358240
                }
              ]
            }
          ]
        }
      ]
    },
    "Planning Time": 0.084,
    "Triggers": [],
    "Execution Time": 99.912
  }
]