[
  {
    "Plan": {
      "Node Type": "Aggregate",
      "Strategy": "Plain",
      "Partial Mode": "Finalize",
      "Parallel Aware": false,
      "Startup Cost": 70800.7,
      "Total Cost": 70800.71,
      "Plan Rows": 1,
      "Plan Width": 8,
      "Actual Startup Time": 211.71,
      "Actual Total Time": 235.351,
      "Actual Rows": 1,
      "Actual Loops": 1,
      "Plans": [
        {
          "Node Type": "Gather",
          "Parent Relationship": "Outer",
          "Parallel Aware": false,
          "Startup Cost": 70800.38,
          "Total Cost": 70800.69,
          "Plan Rows": 3,
          "Plan Width": 8,
          "Actual Startup Time": 210.592,
          "Actual Total Time": 235.338,
          "Actual Rows": 4,
          "Actual Loops": 1,
          "Workers Planned": 3,
          "Workers Launched": 3,
          "Single Copy": false,
          "Plans": [
            {
              "Node Type": "Aggregate",
              "Strategy": "Plain",
              "Partial Mode": "Partial",
              "Parent Relationship": "Outer",
              "Parallel Aware": false,
              "Startup Cost": 69800.38,
              "Total Cost": 69800.39,
              "Plan Rows": 1,
              "Plan Width": 8,
              "Actual Startup Time": 200.681,
              "Actual Total Time": 200.689,
              "Actual Rows": 1,
              "Actual Loops": 4,
              "Plans": [
                {
                  "Node Type": "Hash Join",
                  "Parent Relationship": "Outer",
                  "Parallel Aware": true,
                  "Join Type": "Inner",
                  "Startup Cost": 49958.46,
                  "Total Cost": 69798.44,
                  "Plan Rows": 778,
                  "Plan Width": 0,
                  "Actual Startup Time": 162.851,
                  "Actual Total Time": 200.257,
                  "Actual Rows": 4827,
                  "Actual Loops": 4,
                  "Inner Unique": true,
                  "Hash Cond": "(mc.movie_id = t.id)",
                  "Plans": [
                    {
                      "Node Type": "Bitmap Heap Scan",
                      "Parent Relationship": "Outer",
                      "Parallel Aware": true,
                      "Relation Name": "movie_companies",
                      "Alias": "mc",
                      "Startup Cost": 4291.74,
                      "Total Cost": 24045.53,
                      "Plan Rows": 32837,
                      "Plan Width": 4,
                      "Actual Startup Time": 15.361,
                      "Actual Total Time": 39.013,
                      "Actual Rows": 48972,
                      "Actual Loops": 4,
                      "Recheck Cond": "(company_id > 114781)",
                      "Rows Removed by Index Recheck": 0,
                      "Filter": "(company_type_id = 2)",
                      "Rows Removed by Filter": 0,
                      "Exact Heap Blocks": 1320,
                      "Lossy Heap Blocks": 0,
                      "Plans": [
                        {
                          "Node Type": "Bitmap Index Scan",
                          "Parent Relationship": "Outer",
                          "Parallel Aware": false,
                          "Index Name": "company_id_movie_companies",
                          "Startup Cost": 0.0,
                          "Total Cost": 4266.3,
                          "Plan Rows": 199182,
                          "Plan Width": 0,
                          "Actual Startup Time": 14.36,
                          "Actual Total Time": 14.361,
                          "Actual Rows": 195889,
                          "Actual Loops": 1,
                          "Index Cond": "(company_id > 114781)"
                        }
                      ]
                    },
                    {
                      "Node Type": "Hash",
                      "Parent Relationship": "Inner",
                      "Parallel Aware": true,
                      "Startup Cost": 45479.59,
                      "Total Cost": 45479.59,
                      "Plan Rows": 14970,
                      "Plan Width": 4,
                      "Actual Startup Time": 145.811,
                      "Actual Total Time": 145.815,
                      "Actual Rows": 15395,
                      "Actual Loops": 4,
                      "Hash Buckets": 65536,
                      "Original Hash Buckets": 65536,
                      "Hash Batches": 1,
                      "Original Hash Batches": 1,
                      "Peak Memory Usage": 3040,
                      "Plans": [
                        {
                          "Node Type": "Seq Scan",
                          "Parent Relationship": "Outer",
                          "Parallel Aware": true,
                          "Relation Name": "title",
                          "Alias": "t",
                          "Startup Cost": 0.0,
                          "Total Cost": 45479.59,
                          "Plan Rows": 14970,
                          "Plan Width": 4,
                          "Actual Startup Time": 59.626,
                          "Actual Total Time": 136.059,
                          "Actual Rows": 15395,
                          "Actual Loops": 4,
                          "Filter": "((kind_id < 2) AND (production_year > 2011))",
                          "Rows Removed by Filter": 616683
                        }
                      ]
                    }
                  ]
                }
              ]
            }
          ]
        }
      ]
    },
    "Planning Time": 0.735,
    "Triggers": [],
    "Execution Time": 235.473
  }
]