[
    {
        "Bao": {
            "Bao prediction": "NaN",
            "Bao recommended hint": "(no hint)"
        }
    },
    {
        "Plan": {
            "Node Type": "Aggregate",
            "Strategy": "Plain",
            "Partial Mode": "Finalize",
            "Parallel Aware": false,
            "Startup Cost": 343720.15,
            "Total Cost": 343720.16,
            "Plan Rows": 1,
            "Plan Width": 8,
            "Actual Startup Time": 866.798,
            "Actual Total Time": 894.833,
            "Actual Rows": 1,
            "Actual Loops": 1,
            "Output": [
                "count(*)"
            ],
            "Plans": [
                {
                    "Node Type": "Gather",
                    "Parent Relationship": "Outer",
                    "Parallel Aware": false,
                    "Startup Cost": 343719.53,
                    "Total Cost": 343720.14,
                    "Plan Rows": 6,
                    "Plan Width": 8,
                    "Actual Startup Time": 866.685,
                    "Actual Total Time": 894.823,
                    "Actual Rows": 7,
                    "Actual Loops": 1,
                    "Output": [
                        "(PARTIAL count(*))"
                    ],
                    "Workers Planned": 6,
                    "Workers Launched": 6,
                    "Single Copy": false,
                    "Plans": [
                        {
                            "Node Type": "Aggregate",
                            "Strategy": "Plain",
                            "Partial Mode": "Partial",
                            "Parent Relationship": "Outer",
                            "Parallel Aware": false,
                            "Startup Cost": 342719.53,
                            "Total Cost": 342719.54,
                            "Plan Rows": 1,
                            "Plan Width": 8,
                            "Actual Startup Time": 856.634,
                            "Actual Total Time": 856.635,
                            "Actual Rows": 1,
                            "Actual Loops": 7,
                            "Output": [
                                "PARTIAL count(*)"
                            ],
                            "Workers": [
                                {
                                    "Worker Number": 0,
                                    "Actual Startup Time": 854.577,
                                    "Actual Total Time": 854.578,
                                    "Actual Rows": 1,
                                    "Actual Loops": 1
                                },
                                {
                                    "Worker Number": 1,
                                    "Actual Startup Time": 854.853,
                                    "Actual Total Time": 854.853,
                                    "Actual Rows": 1,
                                    "Actual Loops": 1
                                },
                                {
                                    "Worker Number": 2,
                                    "Actual Startup Time": 854.651,
                                    "Actual Total Time": 854.653,
                                    "Actual Rows": 1,
                                    "Actual Loops": 1
                                },
                                {
                                    "Worker Number": 3,
                                    "Actual Startup Time": 855.3,
                                    "Actual Total Time": 855.302,
                                    "Actual Rows": 1,
                                    "Actual Loops": 1
                                },
                                {
                                    "Worker Number": 4,
                                    "Actual Startup Time": 855.64,
                                    "Actual Total Time": 855.641,
                                    "Actual Rows": 1,
                                    "Actual Loops": 1
                                },
                                {
                                    "Worker Number": 5,
                                    "Actual Startup Time": 855.317,
                                    "Actual Total Time": 855.318,
                                    "Actual Rows": 1,
                                    "Actual Loops": 1
                                }
                            ],
                            "Plans": [
                                {
                                    "Node Type": "Seq Scan",
                                    "Parent Relationship": "Outer",
                                    "Parallel Aware": true,
                                    "Relation Name": "cast_info",
                                    "Schema": "public",
                                    "Alias": "ci",
                                    "Startup Cost": 0.0,
                                    "Total Cost": 328213.62,
                                    "Plan Rows": 5802364,
                                    "Plan Width": 0,
                                    "Actual Startup Time": 29.087,
                                    "Actual Total Time": 626.346,
                                    "Actual Rows": 4970197,
                                    "Actual Loops": 7,
                                    "Output": [
                                        "id",
                                        "person_id",
                                        "movie_id",
                                        "person_role_id",
                                        "note",
                                        "nr_order",
                                        "role_id"
                                    ],
                                    "Filter": "(ci.person_id > 146109)",
                                    "Rows Removed by Filter": 207567,
                                    "Workers": [
                                        {
                                            "Worker Number": 0,
                                            "Actual Startup Time": 27.029,
                                            "Actual Total Time": 622.259,
                                            "Actual Rows": 3531733,
                                            "Actual Loops": 1
                                        },
                                        {
                                            "Worker Number": 1,
                                            "Actual Startup Time": 27.31,
                                            "Actual Total Time": 628.336,
                                            "Actual Rows": 5351656,
                                            "Actual Loops": 1
                                        },
                                        {
                                            "Worker Number": 2,
                                            "Actual Startup Time": 27.121,
                                            "Actual Total Time": 635.836,
                                            "Actual Rows": 5334899,
                                            "Actual Loops": 1
                                        },
                                        {
                                            "Worker Number": 3,
                                            "Actual Startup Time": 27.746,
                                            "Actual Total Time": 629.284,
                                            "Actual Rows": 5390444,
                                            "Actual Loops": 1
                                        },
                                        {
                                            "Worker Number": 4,
                                            "Actual Startup Time": 28.101,
                                            "Actual Total Time": 636.155,
                                            "Actual Rows": 5401171,
                                            "Actual Loops": 1
                                        },
                                        {
                                            "Worker Number": 5,
                                            "Actual Startup Time": 27.768,
                                            "Actual Total Time": 630.044,
                                            "Actual Rows": 5368621,
                                            "Actual Loops": 1
                                        }
                                    ]
                                }
                            ]
                        }
                    ]
                }
            ]
        },
        "Planning Time": 198.458,
        "Triggers": [],
        "Execution Time": 894.9
    }
]