[
  {
    "Plan": {
      "Node Type": "Aggregate",
      "Strategy": "Plain",
      "Partial Mode": "Finalize",
      "Parallel Aware": false,
      "Startup Cost": 33052.96,
      "Total Cost": 33052.97,
      "Plan Rows": 1,
      "Plan Width": 8,
      "Actual Startup Time": 89.897,
      "Actual Total Time": 97.283,
      "Actual Rows": 1,
      "Actual Loops": 1,
      "Plans": [
        {
          "Node Type": "Gather",
          "Parent Relationship": "Outer",
          "Parallel Aware": false,
          "Startup Cost": 33052.65,
          "Total Cost": 33052.96,
          "Plan Rows": 3,
          "Plan Width": 8,
          "Actual Startup Time": 89.81,
          "Actual Total Time": 97.276,
          "Actual Rows": 4,
          "Actual Loops": 1,
          "Workers Planned": 3,
          "Workers Launched": 3,
          "Single Copy": false,
          "Plans": [
            {
              "Node Type": "Aggregate",
              "Strategy": "Plain",
              "Partial Mode": "Partial",
              "Parent Relationship": "Outer",
              "Parallel Aware": false,
              "Startup Cost": 32052.65,
              "Total Cost": 32052.66,
              "Plan Rows": 1,
              "Plan Width": 8,
              "Actual Startup Time": 82.343,
              "Actual Total Time": 82.344,
              "Actual Rows": 1,
              "Actual Loops": 4,
              "Plans": [
                {
                  "Node Type": "Seq Scan",
                  "Parent Relationship": "Outer",
                  "Parallel Aware": true,
                  "Relation Name": "movie_companies",
                  "Alias": "mc",
                  "Startup Cost": 0.0,
                  "Total Cost": 31414.82,
                  "Plan Rows": 255131,
                  "Plan Width": 0,
                  "Actual Startup Time": 47.648,
                  "Actual Total Time": 77.399,
                  "Actual Rows": 124072,
                  "Actual Loops": 4,
                  "Filter": "((company_id < 14712) AND (company_type_id > 1))",
                  "Rows Removed by Filter": 528210
                }
              ]
            }
          ]
        }
      ]
    },
    "Planning Time": 0.174,
    "Triggers": [],
    "Execution Time": 97.331
  }
]