{
  "Plan": {
    "Node Type": "Aggregate",
    "Strategy": "Plain",
    "Partial Mode": "Finalize",
    "Parallel Aware": false,
    "Startup Cost": 94391.3,
    "Total Cost": 94391.31,
    "Plan Rows": 1,
    "Plan Width": 8,
    "Actual Startup Time": 336.031,
    "Actual Total Time": 354.999,
    "Actual Rows": 1,
    "Actual Loops": 1,
    "Plans": [
      {
        "Node Type": "Gather",
        "Parent Relationship": "Outer",
        "Parallel Aware": false,
        "Startup Cost": 94391.18,
        "Total Cost": 94391.29,
        "Plan Rows": 1,
        "Plan Width": 8,
        "Actual Startup Time": 334.684,
        "Actual Total Time": 354.992,
        "Actual Rows": 2,
        "Actual Loops": 1,
        "Workers Planned": 1,
        "Workers Launched": 1,
        "Single Copy": false,
        "Plans": [
          {
            "Node Type": "Aggregate",
            "Strategy": "Plain",
            "Partial Mode": "Partial",
            "Parent Relationship": "Outer",
            "Parallel Aware": false,
            "Startup Cost": 93391.18,
            "Total Cost": 93391.19,
            "Plan Rows": 1,
            "Plan Width": 8,
            "Actual Startup Time": 328.662,
            "Actual Total Time": 328.667,
            "Actual Rows": 1,
            "Actual Loops": 2,
            "Plans": [
              {
                "Node Type": "Hash Join",
                "Parent Relationship": "Outer",
                "Parallel Aware": true,
                "Join Type": "Inner",
                "Startup Cost": 66789.52,
                "Total Cost": 93326.07,
                "Plan Rows": 26045,
                "Plan Width": 0,
                "Actual Startup Time": 255.213,
                "Actual Total Time": 328.566,
                "Actual Rows": 1648,
                "Actual Loops": 2,
                "Inner Unique": true,
                "Hash Cond": "(mk.movie_id = t.id)",
                "Plans": [
                  {
                    "Node Type": "Bitmap Heap Scan",
                    "Parent Relationship": "Outer",
                    "Parallel Aware": true,
                    "Relation Name": "movie_keyword",
                    "Alias": "mk",
                    "Startup Cost": 4966.49,
                    "Total Cost": 31141.61,
                    "Plan Rows": 137689,
                    "Plan Width": 4,
                    "Actual Startup Time": 17.252,
                    "Actual Total Time": 66.129,
                    "Actual Rows": 111540,
                    "Actual Loops": 2,
                    "Recheck Cond": "(keyword_id > 64211)",
                    "Rows Removed by Index Recheck": 0,
                    "Exact Heap Blocks": 14377,
                    "Lossy Heap Blocks": 0,
                    "Plans": [
                      {
                        "Node Type": "Bitmap Index Scan",
                        "Parent Relationship": "Outer",
                        "Parallel Aware": false,
                        "Index Name": "keyword_id_movie_keyword",
                        "Startup Cost": 0.0,
                        "Total Cost": 4907.97,
                        "Plan Rows": 234072,
                        "Plan Width": 0,
                        "Actual Startup Time": 14.16,
                        "Actual Total Time": 14.16,
                        "Actual Rows": 223080,
                        "Actual Loops": 1,
                        "Index Cond": "(keyword_id > 64211)"
                      }
                    ]
                  },
                  {
                    "Node Type": "Hash",
                    "Parent Relationship": "Inner",
                    "Parallel Aware": true,
                    "Startup Cost": 58306.47,
                    "Total Cost": 58306.47,
                    "Plan Rows": 281325,
                    "Plan Width": 4,
                    "Actual Startup Time": 232.372,
                    "Actual Total Time": 232.374,
                    "Actual Rows": 259164,
                    "Actual Loops": 2,
                    "Hash Buckets": 524288,
                    "Original Hash Buckets": 524288,
                    "Hash Batches": 1,
                    "Original Hash Batches": 1,
                    "Peak Memory Usage": 24416,
                    "Plans": [
                      {
                        "Node Type": "Seq Scan",
                        "Parent Relationship": "Outer",
                        "Parallel Aware": true,
                        "Relation Name": "title",
                        "Alias": "t",
                        "Startup Cost": 0.0,
                        "Total Cost": 58306.47,
                        "Plan Rows": 281325,
                        "Plan Width": 4,
                        "Actual Startup Time": 0.031,
                        "Actual Total Time": 168.24,
                        "Actual Rows": 259164,
                        "Actual Loops": 2,
                        "Filter": "((production_year > 2007) AND (kind_id = 7))",
                        "Rows Removed by Filter": 1004992
                      }
                    ]
                  }
                ]
              }
            ]
          }
        ]
      }
    ]
  },
  "Planning Time": 0.65,
  "Triggers": [],
  "Execution Time": 355.092
}