[
  {
    "Plan": {
      "Node Type": "Aggregate",
      "Strategy": "Plain",
      "Partial Mode": "Finalize",
      "Parallel Aware": false,
      "Startup Cost": 359331.69,
      "Total Cost": 359331.7,
      "Plan Rows": 1,
      "Plan Width": 8,
      "Actual Startup Time": 674.309,
      "Actual Total Time": 690.998,
      "Actual Rows": 1,
      "Actual Loops": 1,
      "Plans": [
        {
          "Node Type": "Gather",
          "Parent Relationship": "Outer",
          "Parallel Aware": false,
          "Startup Cost": 359331.07,
          "Total Cost": 359331.68,
          "Plan Rows": 6,
          "Plan Width": 8,
          "Actual Startup Time": 661.115,
          "Actual Total Time": 690.982,
          "Actual Rows": 7,
          "Actual Loops": 1,
          "Workers Planned": 6,
          "Workers Launched": 6,
          "Single Copy": false,
          "Plans": [
            {
              "Node Type": "Aggregate",
              "Strategy": "Plain",
              "Partial Mode": "Partial",
              "Parent Relationship": "Outer",
              "Parallel Aware": false,
              "Startup Cost": 358331.07,
              "Total Cost": 358331.08,
              "Plan Rows": 1,
              "Plan Width": 8,
              "Actual Startup Time": 645.293,
              "Actual Total Time": 645.3,
              "Actual Rows": 1,
              "Actual Loops": 7,
              "Plans": [
                {
                  "Node Type": "Hash Join",
                  "Parent Relationship": "Outer",
                  "Parallel Aware": true,
                  "Join Type": "Inner",
                  "Startup Cost": 99288.12,
                  "Total Cost": 357747.33,
                  "Plan Rows": 233495,
                  "Plan Width": 0,
                  "Actual Startup Time": 413.296,
                  "Actual Total Time": 634.233,
                  "Actual Rows": 200633,
                  "Actual Loops": 7,
                  "Inner Unique": true,
                  "Hash Cond": "(ci.movie_id = t.id)",
                  "Plans": [
                    {
                      "Node Type": "Bitmap Heap Scan",
                      "Parent Relationship": "Outer",
                      "Parallel Aware": true,
                      "Relation Name": "cast_info",
                      "Alias": "ci",
                      "Startup Cost": 50554.52,
                      "Total Cost": 308011.94,
                      "Plan Rows": 381634,
                      "Plan Width": 4,
                      "Actual Startup Time": 198.495,
                      "Actual Total Time": 268.855,
                      "Actual Rows": 336964,
                      "Actual Loops": 7,
                      "Recheck Cond": "(person_id < 229469)",
                      "Rows Removed by Index Recheck": 0,
                      "Exact Heap Blocks": 4708,
                      "Lossy Heap Blocks": 0,
                      "Plans": [
                        {
                          "Node Type": "Bitmap Index Scan",
                          "Parent Relationship": "Outer",
                          "Parallel Aware": false,
                          "Index Name": "person_id_cast_info",
                          "Startup Cost": 0.0,
                          "Total Cost": 49982.07,
                          "Plan Rows": 2289801,
                          "Plan Width": 0,
                          "Actual Startup Time": 194.585,
                          "Actual Total Time": 194.586,
                          "Actual Rows": 2358748,
                          "Actual Loops": 1,
                          "Index Cond": "(person_id < 229469)"
                        }
                      ]
                    },
                    {
                      "Node Type": "Hash",
                      "Parent Relationship": "Inner",
                      "Parallel Aware": true,
                      "Startup Cost": 43899.32,
                      "Total Cost": 43899.32,
                      "Plan Rows": 386742,
                      "Plan Width": 4,
                      "Actual Startup Time": 210.067,
                      "Actual Total Time": 210.069,
                      "Actual Rows": 218802,
                      "Actual Loops": 7,
                      "Hash Buckets": 2097152,
                      "Original Hash Buckets": 2097152,
                      "Hash Batches": 1,
                      "Original Hash Batches": 1,
                      "Peak Memory Usage": 76448,
                      "Plans": [
                        {
                          "Node Type": "Seq Scan",
                          "Parent Relationship": "Outer",
                          "Parallel Aware": true,
                          "Relation Name": "title",
                          "Alias": "t",
                          "Startup Cost": 0.0,
                          "Total Cost": 43899.32,
                          "Plan Rows": 386742,
                          "Plan Width": 4,
                          "Actual Startup Time": 0.058,
                          "Actual Total Time": 89.209,
                          "Actual Rows": 218802,
                          "Actual Loops": 7,
                          "Filter": "(production_year > 1997)",
                          "Rows Removed by Filter": 142386
                        }
                      ]
                    }
                  ]
                }
              ]
            }
          ]
        }
      ]
    },
    "Planning Time": 0.553,
    "Triggers": [],
    "Execution Time": 691.083
  }
]