{
  "Plan": {
    "Node Type": "Aggregate",
    "Strategy": "Plain",
    "Partial Mode": "Finalize",
    "Parallel Aware": false,
    "Startup Cost": 441826.92,
    "Total Cost": 441826.93,
    "Plan Rows": 1,
    "Plan Width": 8,
    "Actual Startup Time": 657.382,
    "Actual Total Time": 684.549,
    "Actual Rows": 1,
    "Actual Loops": 1,
    "Plans": [
      {
        "Node Type": "Gather",
        "Parent Relationship": "Outer",
        "Parallel Aware": false,
        "Startup Cost": 441826.81,
        "Total Cost": 441826.92,
        "Plan Rows": 1,
        "Plan Width": 8,
        "Actual Startup Time": 656.728,
        "Actual Total Time": 684.539,
        "Actual Rows": 2,
        "Actual Loops": 1,
        "Workers Planned": 1,
        "Workers Launched": 1,
        "Single Copy": false,
        "Plans": [
          {
            "Node Type": "Aggregate",
            "Strategy": "Plain",
            "Partial Mode": "Partial",
            "Parent Relationship": "Outer",
            "Parallel Aware": false,
            "Startup Cost": 440826.81,
            "Total Cost": 440826.82,
            "Plan Rows": 1,
            "Plan Width": 8,
            "Actual Startup Time": 650.588,
            "Actual Total Time": 650.593,
            "Actual Rows": 1,
            "Actual Loops": 2,
            "Plans": [
              {
                "Node Type": "Nested Loop",
                "Parent Relationship": "Outer",
                "Parallel Aware": false,
                "Join Type": "Inner",
                "Startup Cost": 55761.46,
                "Total Cost": 440302.73,
                "Plan Rows": 209631,
                "Plan Width": 0,
                "Actual Startup Time": 455.143,
                "Actual Total Time": 650.585,
                "Actual Rows": 15,
                "Actual Loops": 2,
                "Inner Unique": false,
                "Join Filter": "(t.id = mi.movie_id)",
                "Rows Removed by Join Filter": 0,
                "Plans": [
                  {
                    "Node Type": "Hash Join",
                    "Parent Relationship": "Outer",
                    "Parallel Aware": true,
                    "Join Type": "Inner",
                    "Startup Cost": 55761.03,
                    "Total Cost": 295520.54,
                    "Plan Rows": 73909,
                    "Plan Width": 8,
                    "Actual Startup Time": 455.123,
                    "Actual Total Time": 650.461,
                    "Actual Rows": 3,
                    "Actual Loops": 2,
                    "Inner Unique": true,
                    "Hash Cond": "(ci.movie_id = t.id)",
                    "Plans": [
                      {
                        "Node Type": "Index Scan",
                        "Parent Relationship": "Outer",
                        "Parallel Aware": true,
                        "Scan Direction": "Forward",
                        "Index Name": "role_id_cast_info",
                        "Relation Name": "cast_info",
                        "Alias": "ci",
                        "Startup Cost": 0.56,
                        "Total Cost": 236682.84,
                        "Plan Rows": 1172282,
                        "Plan Width": 4,
                        "Actual Startup Time": 0.601,
                        "Actual Total Time": 483.401,
                        "Actual Rows": 832,
                        "Actual Loops": 2,
                        "Index Cond": "(role_id = 2)",
                        "Rows Removed by Index Recheck": 0,
                        "Filter": "(person_id < 971811)",
                        "Rows Removed by Filter": 3725155
                      },
                      {
                        "Node Type": "Hash",
                        "Parent Relationship": "Inner",
                        "Parallel Aware": true,
                        "Startup Cost": 54588.39,
                        "Total Cost": 54588.39,
                        "Plan Rows": 93766,
                        "Plan Width": 4,
                        "Actual Startup Time": 162.792,
                        "Actual Total Time": 162.793,
                        "Actual Rows": 82092,
                        "Actual Loops": 2,
                        "Hash Buckets": 262144,
                        "Original Hash Buckets": 262144,
                        "Hash Batches": 1,
                        "Original Hash Batches": 1,
                        "Peak Memory Usage": 8480,
                        "Plans": [
                          {
                            "Node Type": "Seq Scan",
                            "Parent Relationship": "Outer",
                            "Parallel Aware": true,
                            "Relation Name": "title",
                            "Alias": "t",
                            "Startup Cost": 0.0,
                            "Total Cost": 54588.39,
                            "Plan Rows": 93766,
                            "Plan Width": 4,
                            "Actual Startup Time": 0.664,
                            "Actual Total Time": 144.629,
                            "Actual Rows": 82092,
                            "Actual Loops": 2,
                            "Filter": "(production_year < 1950)",
                            "Rows Removed by Filter": 1182064
                          }
                        ]
                      }
                    ]
                  },
                  {
                    "Node Type": "Index Scan",
                    "Parent Relationship": "Inner",
                    "Parallel Aware": false,
                    "Scan Direction": "Forward",
                    "Index Name": "movie_id_movie_info",
                    "Relation Name": "movie_info",
                    "Alias": "mi",
                    "Startup Cost": 0.43,
                    "Total Cost": 1.71,
                    "Plan Rows": 20,
                    "Plan Width": 4,
                    "Actual Startup Time": 0.023,
                    "Actual Total Time": 0.038,
                    "Actual Rows": 5,
                    "Actual Loops": 6,
                    "Index Cond": "(movie_id = ci.movie_id)",
                    "Rows Removed by Index Recheck": 0,
                    "Filter": "(info_type_id < 8)",
                    "Rows Removed by Filter": 3
                  }
                ]
              }
            ]
          }
        ]
      }
    ]
  },
  "Planning Time": 1.006,
  "Triggers": [],
  "Execution Time": 684.643
}