[
  {
    "Plan": {
      "Node Type": "Aggregate",
      "Strategy": "Plain",
      "Partial Mode": "Finalize",
      "Parallel Aware": false,
      "Startup Cost": 235157.52,
      "Total Cost": 235157.53,
      "Plan Rows": 1,
      "Plan Width": 8,
      "Actual Startup Time": 513.415,
      "Actual Total Time": 537.131,
      "Actual Rows": 1,
      "Actual Loops": 1,
      "Plans": [
        {
          "Node Type": "Gather",
          "Parent Relationship": "Outer",
          "Parallel Aware": false,
          "Startup Cost": 235157.0,
          "Total Cost": 235157.51,
          "Plan Rows": 5,
          "Plan Width": 8,
          "Actual Startup Time": 489.457,
          "Actual Total Time": 537.116,
          "Actual Rows": 6,
          "Actual Loops": 1,
          "Workers Planned": 5,
          "Workers Launched": 5,
          "Single Copy": false,
          "Plans": [
            {
              "Node Type": "Aggregate",
              "Strategy": "Plain",
              "Partial Mode": "Partial",
              "Parent Relationship": "Outer",
              "Parallel Aware": false,
              "Startup Cost": 234157.0,
              "Total Cost": 234157.01,
              "Plan Rows": 1,
              "Plan Width": 8,
              "Actual Startup Time": 475.853,
              "Actual Total Time": 475.858,
              "Actual Rows": 1,
              "Actual Loops": 6,
              "Plans": [
                {
                  "Node Type": "Hash Join",
                  "Parent Relationship": "Outer",
                  "Parallel Aware": true,
                  "Join Type": "Inner",
                  "Startup Cost": 68582.67,
                  "Total Cost": 233649.01,
                  "Plan Rows": 203196,
                  "Plan Width": 0,
                  "Actual Startup Time": 325.407,
                  "Actual Total Time": 466.339,
                  "Actual Rows": 168862,
                  "Actual Loops": 6,
                  "Inner Unique": true,
                  "Hash Cond": "(mi.movie_id = t.id)",
                  "Plans": [
                    {
                      "Node Type": "Bitmap Heap Scan",
                      "Parent Relationship": "Outer",
                      "Parallel Aware": true,
                      "Relation Name": "movie_info",
                      "Alias": "mi",
                      "Startup Cost": 18362.29,
                      "Total Cost": 182895.24,
                      "Plan Rows": 203196,
                      "Plan Width": 4,
                      "Actual Startup Time": 42.924,
                      "Actual Total Time": 108.479,
                      "Actual Rows": 168862,
                      "Actual Loops": 6,
                      "Recheck Cond": "(info_type_id > 86)",
                      "Rows Removed by Index Recheck": 0,
                      "Exact Heap Blocks": 8092,
                      "Lossy Heap Blocks": 0,
                      "Plans": [
                        {
                          "Node Type": "Bitmap Index Scan",
                          "Parent Relationship": "Outer",
                          "Parallel Aware": false,
                          "Index Name": "info_type_id_movie_info",
                          "Startup Cost": 0.0,
                          "Total Cost": 18108.29,
                          "Plan Rows": 1015981,
                          "Plan Width": 0,
                          "Actual Startup Time": 37.191,
                          "Actual Total Time": 37.191,
                          "Actual Rows": 1013173,
                          "Actual Loops": 1,
                          "Index Cond": "(info_type_id > 86)"
                        }
                      ]
                    },
                    {
                      "Node Type": "Hash",
                      "Parent Relationship": "Inner",
                      "Parallel Aware": true,
                      "Startup Cost": 42319.06,
                      "Total Cost": 42319.06,
                      "Plan Rows": 632106,
                      "Plan Width": 4,
                      "Actual Startup Time": 277.327,
                      "Actual Total Time": 277.329,
                      "Actual Rows": 421385,
                      "Actual Loops": 6,
                      "Hash Buckets": 4194304,
                      "Original Hash Buckets": 4194304,
                      "Hash Batches": 1,
                      "Original Hash Batches": 1,
                      "Peak Memory Usage": 131776,
                      "Plans": [
                        {
                          "Node Type": "Seq Scan",
                          "Parent Relationship": "Outer",
                          "Parallel Aware": true,
                          "Relation Name": "title",
                          "Alias": "t",
                          "Startup Cost": 0.0,
                          "Total Cost": 42319.06,
                          "Plan Rows": 632106,
                          "Plan Width": 4,
                          "Actual Startup Time": 0.049,
                          "Actual Total Time": 82.814,
                          "Actual Rows": 421385,
                          "Actual Loops": 6
                        }
                      ]
                    }
                  ]
                }
              ]
            }
          ]
        }
      ]
    },
    "Planning Time": 0.27,
    "Triggers": [],
    "Execution Time": 537.191
  }
]