{
  "Plan": {
    "Node Type": "Aggregate",
    "Strategy": "Plain",
    "Partial Mode": "Finalize",
    "Parallel Aware": false,
    "Startup Cost": 121937.09,
    "Total Cost": 121937.1,
    "Plan Rows": 1,
    "Plan Width": 8,
    "Actual Startup Time": 521.093,
    "Actual Total Time": 540.724,
    "Actual Rows": 1,
    "Actual Loops": 1,
    "Plans": [
      {
        "Node Type": "Gather",
        "Parent Relationship": "Outer",
        "Parallel Aware": false,
        "Startup Cost": 121936.98,
        "Total Cost": 121937.09,
        "Plan Rows": 1,
        "Plan Width": 8,
        "Actual Startup Time": 520.588,
        "Actual Total Time": 540.714,
        "Actual Rows": 2,
        "Actual Loops": 1,
        "Workers Planned": 1,
        "Workers Launched": 1,
        "Single Copy": false,
        "Plans": [
          {
            "Node Type": "Aggregate",
            "Strategy": "Plain",
            "Partial Mode": "Partial",
            "Parent Relationship": "Outer",
            "Parallel Aware": false,
            "Startup Cost": 120936.98,
            "Total Cost": 120936.99,
            "Plan Rows": 1,
            "Plan Width": 8,
            "Actual Startup Time": 514.896,
            "Actual Total Time": 514.9,
            "Actual Rows": 1,
            "Actual Loops": 2,
            "Plans": [
              {
                "Node Type": "Hash Join",
                "Parent Relationship": "Outer",
                "Parallel Aware": true,
                "Join Type": "Inner",
                "Startup Cost": 59180.93,
                "Total Cost": 120763.84,
                "Plan Rows": 69254,
                "Plan Width": 0,
                "Actual Startup Time": 179.495,
                "Actual Total Time": 513.889,
                "Actual Rows": 18308,
                "Actual Loops": 2,
                "Inner Unique": true,
                "Hash Cond": "(mk.movie_id = t.id)",
                "Plans": [
                  {
                    "Node Type": "Seq Scan",
                    "Parent Relationship": "Outer",
                    "Parallel Aware": true,
                    "Relation Name": "movie_keyword",
                    "Alias": "mk",
                    "Startup Cost": 0.0,
                    "Total Cost": 57718.19,
                    "Plan Rows": 1472270,
                    "Plan Width": 4,
                    "Actual Startup Time": 0.014,
                    "Actual Total Time": 220.598,
                    "Actual Rows": 1253066,
                    "Actual Loops": 2,
                    "Filter": "(keyword_id < 6151)",
                    "Rows Removed by Filter": 1008899
                  },
                  {
                    "Node Type": "Hash",
                    "Parent Relationship": "Inner",
                    "Parallel Aware": true,
                    "Startup Cost": 58306.47,
                    "Total Cost": 58306.47,
                    "Plan Rows": 69957,
                    "Plan Width": 4,
                    "Actual Startup Time": 177.206,
                    "Actual Total Time": 177.207,
                    "Actual Rows": 61303,
                    "Actual Loops": 2,
                    "Hash Buckets": 131072,
                    "Original Hash Buckets": 131072,
                    "Hash Batches": 1,
                    "Original Hash Batches": 1,
                    "Peak Memory Usage": 5856,
                    "Plans": [
                      {
                        "Node Type": "Seq Scan",
                        "Parent Relationship": "Outer",
                        "Parallel Aware": true,
                        "Relation Name": "title",
                        "Alias": "t",
                        "Startup Cost": 0.0,
                        "Total Cost": 58306.47,
                        "Plan Rows": 69957,
                        "Plan Width": 4,
                        "Actual Startup Time": 0.035,
                        "Actual Total Time": 159.86,
                        "Actual Rows": 61303,
                        "Actual Loops": 2,
                        "Filter": "((kind_id > 1) AND (production_year = 2011))",
                        "Rows Removed by Filter": 1202853
                      }
                    ]
                  }
                ]
              }
            ]
          }
        ]
      }
    ]
  },
  "Planning Time": 0.465,
  "Triggers": [],
  "Execution Time": 540.797
}