[
  {
    "Plan": {
      "Node Type": "Aggregate",
      "Strategy": "Plain",
      "Partial Mode": "Simple",
      "Parallel Aware": false,
      "Startup Cost": 3134.85,
      "Total Cost": 3134.86,
      "Plan Rows": 1,
      "Plan Width": 8,
      "Actual Startup Time": 7.537,
      "Actual Total Time": 7.54,
      "Actual Rows": 1,
      "Actual Loops": 1,
      "Plans": [
        {
          "Node Type": "Nested Loop",
          "Parent Relationship": "Outer",
          "Parallel Aware": false,
          "Join Type": "Inner",
          "Startup Cost": 7.36,
          "Total Cost": 3134.71,
          "Plan Rows": 57,
          "Plan Width": 0,
          "Actual Startup Time": 7.133,
          "Actual Total Time": 7.522,
          "Actual Rows": 52,
          "Actual Loops": 1,
          "Inner Unique": false,
          "Plans": [
            {
              "Node Type": "Nested Loop",
              "Parent Relationship": "Outer",
              "Parallel Aware": false,
              "Join Type": "Inner",
              "Startup Cost": 6.79,
              "Total Cost": 3018.6,
              "Plan Rows": 5,
              "Plan Width": 8,
              "Actual Startup Time": 7.072,
              "Actual Total Time": 7.203,
              "Actual Rows": 1,
              "Actual Loops": 1,
              "Inner Unique": true,
              "Plans": [
                {
                  "Node Type": "Bitmap Heap Scan",
                  "Parent Relationship": "Outer",
                  "Parallel Aware": false,
                  "Relation Name": "movie_keyword",
                  "Alias": "mk",
                  "Startup Cost": 6.36,
                  "Total Cost": 926.55,
                  "Plan Rows": 249,
                  "Plan Width": 4,
                  "Actual Startup Time": 6.854,
                  "Actual Total Time": 6.919,
                  "Actual Rows": 17,
                  "Actual Loops": 1,
                  "Recheck Cond": "(keyword_id = 24927)",
                  "Rows Removed by Index Recheck": 0,
                  "Exact Heap Blocks": 15,
                  "Lossy Heap Blocks": 0,
                  "Plans": [
                    {
                      "Node Type": "Bitmap Index Scan",
                      "Parent Relationship": "Outer",
                      "Parallel Aware": false,
                      "Index Name": "keyword_id_movie_keyword",
                      "Startup Cost": 0.0,
                      "Total Cost": 6.3,
                      "Plan Rows": 249,
                      "Plan Width": 0,
                      "Actual Startup Time": 6.838,
                      "Actual Total Time": 6.838,
                      "Actual Rows": 17,
                      "Actual Loops": 1,
                      "Index Cond": "(keyword_id = 24927)"
                    }
                  ]
                },
                {
                  "Node Type": "Index Scan",
                  "Parent Relationship": "Inner",
                  "Parallel Aware": false,
                  "Scan Direction": "Forward",
                  "Index Name": "title_pkey",
                  "Relation Name": "title",
                  "Alias": "t",
                  "Startup Cost": 0.43,
                  "Total Cost": 8.4,
                  "Plan Rows": 1,
                  "Plan Width": 4,
                  "Actual Startup Time": 0.015,
                  "Actual Total Time": 0.015,
                  "Actual Rows": 0,
                  "Actual Loops": 17,
                  "Index Cond": "(id = mk.movie_id)",
                  "Rows Removed by Index Recheck": 0,
                  "Filter": "(production_year = 2000)",
                  "Rows Removed by Filter": 1
                }
              ]
            },
            {
              "Node Type": "Index Scan",
              "Parent Relationship": "Inner",
              "Parallel Aware": false,
              "Scan Direction": "Forward",
              "Index Name": "movie_id_cast_info",
              "Relation Name": "cast_info",
              "Alias": "ci",
              "Startup Cost": 0.56,
              "Total Cost": 22.96,
              "Plan Rows": 26,
              "Plan Width": 4,
              "Actual Startup Time": 0.058,
              "Actual Total Time": 0.297,
              "Actual Rows": 52,
              "Actual Loops": 1,
              "Index Cond": "(movie_id = t.id)",
              "Rows Removed by Index Recheck": 0,
              "Filter": "(person_id > 959278)",
              "Rows Removed by Filter": 11
            }
          ]
        }
      ]
    },
    "Planning Time": 1.367,
    "Triggers": [],
    "Execution Time": 7.624
  }
]