[
  {
    "Plan": {
      "Node Type": "Aggregate",
      "Strategy": "Plain",
      "Partial Mode": "Finalize",
      "Parallel Aware": false,
      "Startup Cost": 98451.98,
      "Total Cost": 98451.99,
      "Plan Rows": 1,
      "Plan Width": 8,
      "Actual Startup Time": 497.305,
      "Actual Total Time": 520.408,
      "Actual Rows": 1,
      "Actual Loops": 1,
      "Plans": [
        {
          "Node Type": "Gather",
          "Parent Relationship": "Outer",
          "Parallel Aware": false,
          "Startup Cost": 98451.66,
          "Total Cost": 98451.97,
          "Plan Rows": 3,
          "Plan Width": 8,
          "Actual Startup Time": 487.402,
          "Actual Total Time": 520.388,
          "Actual Rows": 4,
          "Actual Loops": 1,
          "Workers Planned": 3,
          "Workers Launched": 3,
          "Single Copy": false,
          "Plans": [
            {
              "Node Type": "Aggregate",
              "Strategy": "Plain",
              "Partial Mode": "Partial",
              "Parent Relationship": "Outer",
              "Parallel Aware": false,
              "Startup Cost": 97451.66,
              "Total Cost": 97451.67,
              "Plan Rows": 1,
              "Plan Width": 8,
              "Actual Startup Time": 474.377,
              "Actual Total Time": 474.381,
              "Actual Rows": 1,
              "Actual Loops": 4,
              "Plans": [
                {
                  "Node Type": "Nested Loop",
                  "Parent Relationship": "Outer",
                  "Parallel Aware": false,
                  "Join Type": "Inner",
                  "Startup Cost": 51253.26,
                  "Total Cost": 97383.14,
                  "Plan Rows": 27407,
                  "Plan Width": 0,
                  "Actual Startup Time": 395.914,
                  "Actual Total Time": 472.133,
                  "Actual Rows": 38239,
                  "Actual Loops": 4,
                  "Inner Unique": false,
                  "Plans": [
                    {
                      "Node Type": "Hash Join",
                      "Parent Relationship": "Outer",
                      "Parallel Aware": true,
                      "Join Type": "Inner",
                      "Startup Cost": 51252.83,
                      "Total Cost": 70274.51,
                      "Plan Rows": 15318,
                      "Plan Width": 8,
                      "Actual Startup Time": 395.793,
                      "Actual Total Time": 421.164,
                      "Actual Rows": 11813,
                      "Actual Loops": 4,
                      "Inner Unique": true,
                      "Hash Cond": "(mc.movie_id = t.id)",
                      "Plans": [
                        {
                          "Node Type": "Bitmap Heap Scan",
                          "Parent Relationship": "Outer",
                          "Parallel Aware": true,
                          "Relation Name": "movie_companies",
                          "Alias": "mc",
                          "Startup Cost": 1032.45,
                          "Total Cost": 20013.92,
                          "Plan Rows": 15318,
                          "Plan Width": 4,
                          "Actual Startup Time": 3.954,
                          "Actual Total Time": 13.021,
                          "Actual Rows": 11813,
                          "Actual Loops": 4,
                          "Recheck Cond": "(company_id = 19)",
                          "Rows Removed by Index Recheck": 0,
                          "Exact Heap Blocks": 1352,
                          "Lossy Heap Blocks": 0,
                          "Plans": [
                            {
                              "Node Type": "Bitmap Index Scan",
                              "Parent Relationship": "Outer",
                              "Parallel Aware": false,
                              "Index Name": "company_id_movie_companies",
                              "Startup Cost": 0.0,
                              "Total Cost": 1020.57,
                              "Plan Rows": 47486,
                              "Plan Width": 0,
                              "Actual Startup Time": 2.978,
                              "Actual Total Time": 2.979,
                              "Actual Rows": 47252,
                              "Actual Loops": 1,
                              "Index Cond": "(company_id = 19)"
                            }
                          ]
                        },
                        {
                          "Node Type": "Hash",
                          "Parent Relationship": "Inner",
                          "Parallel Aware": true,
                          "Startup Cost": 42319.06,
                          "Total Cost": 42319.06,
                          "Plan Rows": 632106,
                          "Plan Width": 4,
                          "Actual Startup Time": 381.791,
                          "Actual Total Time": 381.792,
                          "Actual Rows": 632078,
                          "Actual Loops": 4,
                          "Hash Buckets": 4194304,
                          "Original Hash Buckets": 4194304,
                          "Hash Batches": 1,
                          "Original Hash Batches": 1,
                          "Peak Memory Usage": 131776,
                          "Plans": [
                            {
                              "Node Type": "Seq Scan",
                              "Parent Relationship": "Outer",
                              "Parallel Aware": true,
                              "Relation Name": "title",
                              "Alias": "t",
                              "Startup Cost": 0.0,
                              "Total Cost": 42319.06,
                              "Plan Rows": 632106,
                              "Plan Width": 4,
                              "Actual Startup Time": 0.034,
                              "Actual Total Time": 111.413,
                              "Actual Rows": 632078,
                              "Actual Loops": 4
                            }
                          ]
                        }
                      ]
                    },
                    {
                      "Node Type": "Index Only Scan",
                      "Parent Relationship": "Inner",
                      "Parallel Aware": false,
                      "Scan Direction": "Forward",
                      "Index Name": "movie_id_movie_keyword",
                      "Relation Name": "movie_keyword",
                      "Alias": "mk",
                      "Startup Cost": 0.43,
                      "Total Cost": 1.31,
                      "Plan Rows": 46,
                      "Plan Width": 4,
                      "Actual Startup Time": 0.003,
                      "Actual Total Time": 0.004,
                      "Actual Rows": 3,
                      "Actual Loops": 47252,
                      "Index Cond": "(movie_id = t.id)",
                      "Rows Removed by Index Recheck": 0,
                      "Heap Fetches": 152957
                    }
                  ]
                }
              ]
            }
          ]
        }
      ]
    },
    "Planning Time": 0.617,
    "Triggers": [],
    "Execution Time": 520.473
  }
]