{
  "Plan": {
    "Node Type": "Aggregate",
    "Strategy": "Plain",
    "Partial Mode": "Finalize",
    "Parallel Aware": false,
    "Startup Cost": 621841.34,
    "Total Cost": 621841.35,
    "Plan Rows": 1,
    "Plan Width": 8,
    "Actual Startup Time": 3486.94,
    "Actual Total Time": 3550.31,
    "Actual Rows": 1,
    "Actual Loops": 1,
    "Plans": [
      {
        "Node Type": "Gather",
        "Parent Relationship": "Outer",
        "Parallel Aware": false,
        "Startup Cost": 621841.22,
        "Total Cost": 621841.33,
        "Plan Rows": 1,
        "Plan Width": 8,
        "Actual Startup Time": 3486.579,
        "Actual Total Time": 3550.301,
        "Actual Rows": 2,
        "Actual Loops": 1,
        "Workers Planned": 1,
        "Workers Launched": 1,
        "Single Copy": false,
        "Plans": [
          {
            "Node Type": "Aggregate",
            "Strategy": "Plain",
            "Partial Mode": "Partial",
            "Parent Relationship": "Outer",
            "Parallel Aware": false,
            "Startup Cost": 620841.22,
            "Total Cost": 620841.23,
            "Plan Rows": 1,
            "Plan Width": 8,
            "Actual Startup Time": 3480.69,
            "Actual Total Time": 3480.693,
            "Actual Rows": 1,
            "Actual Loops": 2,
            "Plans": [
              {
                "Node Type": "Hash Join",
                "Parent Relationship": "Outer",
                "Parallel Aware": true,
                "Join Type": "Inner",
                "Startup Cost": 59090.48,
                "Total Cost": 619193.13,
                "Plan Rows": 659236,
                "Plan Width": 0,
                "Actual Startup Time": 161.404,
                "Actual Total Time": 3452.377,
                "Actual Rows": 587741,
                "Actual Loops": 2,
                "Inner Unique": true,
                "Hash Cond": "(ci.movie_id = t.id)",
                "Plans": [
                  {
                    "Node Type": "Seq Scan",
                    "Parent Relationship": "Outer",
                    "Parallel Aware": true,
                    "Relation Name": "cast_info",
                    "Alias": "ci",
                    "Startup Cost": 0.0,
                    "Total Cost": 519069.44,
                    "Plan Rows": 15631675,
                    "Plan Width": 4,
                    "Actual Startup Time": 0.015,
                    "Actual Total Time": 1672.562,
                    "Actual Rows": 13340804,
                    "Actual Loops": 2,
                    "Filter": "(person_id < 2750136)",
                    "Rows Removed by Filter": 4781368
                  },
                  {
                    "Node Type": "Hash",
                    "Parent Relationship": "Inner",
                    "Parallel Aware": true,
                    "Startup Cost": 58306.47,
                    "Total Cost": 58306.47,
                    "Plan Rows": 62721,
                    "Plan Width": 4,
                    "Actual Startup Time": 158.74,
                    "Actual Total Time": 158.741,
                    "Actual Rows": 56836,
                    "Actual Loops": 2,
                    "Hash Buckets": 131072,
                    "Original Hash Buckets": 131072,
                    "Hash Batches": 1,
                    "Original Hash Batches": 1,
                    "Peak Memory Usage": 5504,
                    "Plans": [
                      {
                        "Node Type": "Seq Scan",
                        "Parent Relationship": "Outer",
                        "Parallel Aware": true,
                        "Relation Name": "title",
                        "Alias": "t",
                        "Startup Cost": 0.0,
                        "Total Cost": 58306.47,
                        "Plan Rows": 62721,
                        "Plan Width": 4,
                        "Actual Startup Time": 0.044,
                        "Actual Total Time": 143.565,
                        "Actual Rows": 56836,
                        "Actual Loops": 2,
                        "Filter": "((kind_id > 3) AND (production_year = 2011))",
                        "Rows Removed by Filter": 1207320
                      }
                    ]
                  }
                ]
              }
            ]
          }
        ]
      }
    ]
  },
  "Planning Time": 0.476,
  "Triggers": [],
  "Execution Time": 3550.401
}