[
  {
    "Plan": {
      "Node Type": "Aggregate",
      "Strategy": "Plain",
      "Partial Mode": "Finalize",
      "Parallel Aware": false,
      "Startup Cost": 60939.24,
      "Total Cost": 60939.25,
      "Plan Rows": 1,
      "Plan Width": 8,
      "Actual Startup Time": 222.783,
      "Actual Total Time": 239.301,
      "Actual Rows": 1,
      "Actual Loops": 1,
      "Plans": [
        {
          "Node Type": "Gather",
          "Parent Relationship": "Outer",
          "Parallel Aware": false,
          "Startup Cost": 60939.02,
          "Total Cost": 60939.23,
          "Plan Rows": 2,
          "Plan Width": 8,
          "Actual Startup Time": 221.581,
          "Actual Total Time": 239.293,
          "Actual Rows": 3,
          "Actual Loops": 1,
          "Workers Planned": 2,
          "Workers Launched": 2,
          "Single Copy": false,
          "Plans": [
            {
              "Node Type": "Aggregate",
              "Strategy": "Plain",
              "Partial Mode": "Partial",
              "Parent Relationship": "Outer",
              "Parallel Aware": false,
              "Startup Cost": 59939.02,
              "Total Cost": 59939.03,
              "Plan Rows": 1,
              "Plan Width": 8,
              "Actual Startup Time": 213.756,
              "Actual Total Time": 213.762,
              "Actual Rows": 1,
              "Actual Loops": 3,
              "Plans": [
                {
                  "Node Type": "Hash Join",
                  "Parent Relationship": "Outer",
                  "Parallel Aware": true,
                  "Join Type": "Inner",
                  "Startup Cost": 44294.51,
                  "Total Cost": 59915.3,
                  "Plan Rows": 9490,
                  "Plan Width": 0,
                  "Actual Startup Time": 160.448,
                  "Actual Total Time": 213.413,
                  "Actual Rows": 5405,
                  "Actual Loops": 3,
                  "Inner Unique": true,
                  "Hash Cond": "(mi_idx.movie_id = t.id)",
                  "Plans": [
                    {
                      "Node Type": "Seq Scan",
                      "Parent Relationship": "Outer",
                      "Parallel Aware": true,
                      "Relation Name": "movie_info_idx",
                      "Alias": "mi_idx",
                      "Startup Cost": 0.0,
                      "Total Cost": 15122.68,
                      "Plan Rows": 189755,
                      "Plan Width": 4,
                      "Actual Startup Time": 0.015,
                      "Actual Total Time": 45.614,
                      "Actual Rows": 153308,
                      "Actual Loops": 3,
                      "Filter": "(info_type_id = 99)",
                      "Rows Removed by Filter": 306703
                    },
                    {
                      "Node Type": "Hash",
                      "Parent Relationship": "Inner",
                      "Parallel Aware": true,
                      "Startup Cost": 43899.32,
                      "Total Cost": 43899.32,
                      "Plan Rows": 31615,
                      "Plan Width": 4,
                      "Actual Startup Time": 140.074,
                      "Actual Total Time": 140.077,
                      "Actual Rows": 45306,
                      "Actual Loops": 3,
                      "Hash Buckets": 262144,
                      "Original Hash Buckets": 131072,
                      "Hash Batches": 1,
                      "Original Hash Batches": 1,
                      "Peak Memory Usage": 8448,
                      "Plans": [
                        {
                          "Node Type": "Seq Scan",
                          "Parent Relationship": "Outer",
                          "Parallel Aware": true,
                          "Relation Name": "title",
                          "Alias": "t",
                          "Startup Cost": 0.0,
                          "Total Cost": 43899.32,
                          "Plan Rows": 31615,
                          "Plan Width": 4,
                          "Actual Startup Time": 13.582,
                          "Actual Total Time": 122.949,
                          "Actual Rows": 45306,
                          "Actual Loops": 3,
                          "Filter": "(production_year < 1938)",
                          "Rows Removed by Filter": 797465
                        }
                      ]
                    }
                  ]
                }
              ]
            }
          ]
        }
      ]
    },
    "Planning Time": 0.458,
    "Triggers": [],
    "Execution Time": 239.365
  }
]