[
  {
    "Plan": {
      "Node Type": "Aggregate",
      "Strategy": "Plain",
      "Partial Mode": "Finalize",
      "Parallel Aware": false,
      "Startup Cost": 60968.12,
      "Total Cost": 60968.13,
      "Plan Rows": 1,
      "Plan Width": 8,
      "Actual Startup Time": 210.587,
      "Actual Total Time": 223.418,
      "Actual Rows": 1,
      "Actual Loops": 1,
      "Plans": [
        {
          "Node Type": "Gather",
          "Parent Relationship": "Outer",
          "Parallel Aware": false,
          "Startup Cost": 60967.91,
          "Total Cost": 60968.12,
          "Plan Rows": 2,
          "Plan Width": 8,
          "Actual Startup Time": 209.822,
          "Actual Total Time": 223.408,
          "Actual Rows": 3,
          "Actual Loops": 1,
          "Workers Planned": 2,
          "Workers Launched": 2,
          "Single Copy": false,
          "Plans": [
            {
              "Node Type": "Aggregate",
              "Strategy": "Plain",
              "Partial Mode": "Partial",
              "Parent Relationship": "Outer",
              "Parallel Aware": false,
              "Startup Cost": 59967.91,
              "Total Cost": 59967.92,
              "Plan Rows": 1,
              "Plan Width": 8,
              "Actual Startup Time": 203.44,
              "Actual Total Time": 203.443,
              "Actual Rows": 1,
              "Actual Loops": 3,
              "Plans": [
                {
                  "Node Type": "Hash Join",
                  "Parent Relationship": "Outer",
                  "Parallel Aware": true,
                  "Join Type": "Inner",
                  "Startup Cost": 44322.58,
                  "Total Cost": 59942.51,
                  "Plan Rows": 10158,
                  "Plan Width": 0,
                  "Actual Startup Time": 154.723,
                  "Actual Total Time": 203.126,
                  "Actual Rows": 5405,
                  "Actual Loops": 3,
                  "Inner Unique": true,
                  "Hash Cond": "(mi_idx.movie_id = t.id)",
                  "Plans": [
                    {
                      "Node Type": "Seq Scan",
                      "Parent Relationship": "Outer",
                      "Parallel Aware": true,
                      "Relation Name": "movie_info_idx",
                      "Alias": "mi_idx",
                      "Startup Cost": 0.0,
                      "Total Cost": 15122.68,
                      "Plan Rows": 189429,
                      "Plan Width": 4,
                      "Actual Startup Time": 0.025,
                      "Actual Total Time": 41.307,
                      "Actual Rows": 153308,
                      "Actual Loops": 3,
                      "Filter": "(info_type_id = 99)",
                      "Rows Removed by Filter": 306703
                    },
                    {
                      "Node Type": "Hash",
                      "Parent Relationship": "Inner",
                      "Parallel Aware": true,
                      "Startup Cost": 43898.92,
                      "Total Cost": 43898.92,
                      "Plan Rows": 33893,
                      "Plan Width": 4,
                      "Actual Startup Time": 133.582,
                      "Actual Total Time": 133.583,
                      "Actual Rows": 45306,
                      "Actual Loops": 3,
                      "Hash Buckets": 262144,
                      "Original Hash Buckets": 262144,
                      "Hash Batches": 1,
                      "Original Hash Batches": 1,
                      "Peak Memory Usage": 7424,
                      "Plans": [
                        {
                          "Node Type": "Seq Scan",
                          "Parent Relationship": "Outer",
                          "Parallel Aware": true,
                          "Relation Name": "title",
                          "Alias": "t",
                          "Startup Cost": 0.0,
                          "Total Cost": 43898.92,
                          "Plan Rows": 33893,
                          "Plan Width": 4,
                          "Actual Startup Time": 18.394,
                          "Actual Total Time": 118.296,
                          "Actual Rows": 45306,
                          "Actual Loops": 3,
                          "Filter": "(production_year < 1938)",
                          "Rows Removed by Filter": 797465
                        }
                      ]
                    }
                  ]
                }
              ]
            }
          ]
        }
      ]
    },
    "Planning Time": 0.686,
    "Triggers": [],
    "Execution Time": 223.489
  }
]