[
  {
    "Plan": {
      "Node Type": "Aggregate",
      "Strategy": "Plain",
      "Partial Mode": "Finalize",
      "Parallel Aware": false,
      "Startup Cost": 44904.78,
      "Total Cost": 44904.79,
      "Plan Rows": 1,
      "Plan Width": 8,
      "Actual Startup Time": 122.887,
      "Actual Total Time": 131.988,
      "Actual Rows": 1,
      "Actual Loops": 1,
      "Plans": [
        {
          "Node Type": "Gather",
          "Parent Relationship": "Outer",
          "Parallel Aware": false,
          "Startup Cost": 44904.46,
          "Total Cost": 44904.77,
          "Plan Rows": 3,
          "Plan Width": 8,
          "Actual Startup Time": 122.745,
          "Actual Total Time": 131.982,
          "Actual Rows": 4,
          "Actual Loops": 1,
          "Workers Planned": 3,
          "Workers Launched": 3,
          "Single Copy": false,
          "Plans": [
            {
              "Node Type": "Aggregate",
              "Strategy": "Plain",
              "Partial Mode": "Partial",
              "Parent Relationship": "Outer",
              "Parallel Aware": false,
              "Startup Cost": 43904.46,
              "Total Cost": 43904.47,
              "Plan Rows": 1,
              "Plan Width": 8,
              "Actual Startup Time": 117.939,
              "Actual Total Time": 117.94,
              "Actual Rows": 1,
              "Actual Loops": 4,
              "Plans": [
                {
                  "Node Type": "Seq Scan",
                  "Parent Relationship": "Outer",
                  "Parallel Aware": true,
                  "Relation Name": "movie_keyword",
                  "Alias": "mk",
                  "Startup Cost": 0.0,
                  "Total Cost": 42695.65,
                  "Plan Rows": 483522,
                  "Plan Width": 0,
                  "Actual Startup Time": 0.633,
                  "Actual Total Time": 101.043,
                  "Actual Rows": 371774,
                  "Actual Loops": 4,
                  "Filter": "(keyword_id > 10983)",
                  "Rows Removed by Filter": 759208
                }
              ]
            }
          ]
        }
      ]
    },
    "Planning Time": 0.085,
    "Triggers": [],
    "Execution Time": 132.014
  }
]