{
  "Plan": {
    "Node Type": "Aggregate",
    "Strategy": "Plain",
    "Partial Mode": "Finalize",
    "Parallel Aware": false,
    "Startup Cost": 265796.46,
    "Total Cost": 265796.47,
    "Plan Rows": 1,
    "Plan Width": 8,
    "Actual Startup Time": 559.707,
    "Actual Total Time": 573.514,
    "Actual Rows": 1,
    "Actual Loops": 1,
    "Plans": [
      {
        "Node Type": "Gather",
        "Parent Relationship": "Outer",
        "Parallel Aware": false,
        "Startup Cost": 265796.34,
        "Total Cost": 265796.45,
        "Plan Rows": 1,
        "Plan Width": 8,
        "Actual Startup Time": 556.239,
        "Actual Total Time": 573.507,
        "Actual Rows": 2,
        "Actual Loops": 1,
        "Workers Planned": 1,
        "Workers Launched": 1,
        "Single Copy": false,
        "Plans": [
          {
            "Node Type": "Aggregate",
            "Strategy": "Plain",
            "Partial Mode": "Partial",
            "Parent Relationship": "Outer",
            "Parallel Aware": false,
            "Startup Cost": 264796.34,
            "Total Cost": 264796.35,
            "Plan Rows": 1,
            "Plan Width": 8,
            "Actual Startup Time": 551.199,
            "Actual Total Time": 551.203,
            "Actual Rows": 1,
            "Actual Loops": 2,
            "Plans": [
              {
                "Node Type": "Hash Join",
                "Parent Relationship": "Outer",
                "Parallel Aware": true,
                "Join Type": "Inner",
                "Startup Cost": 90049.44,
                "Total Cost": 264011.77,
                "Plan Rows": 313829,
                "Plan Width": 0,
                "Actual Startup Time": 380.883,
                "Actual Total Time": 549.862,
                "Actual Rows": 21540,
                "Actual Loops": 2,
                "Inner Unique": true,
                "Hash Cond": "(mi.movie_id = t.id)",
                "Plans": [
                  {
                    "Node Type": "Bitmap Heap Scan",
                    "Parent Relationship": "Outer",
                    "Parallel Aware": true,
                    "Relation Name": "movie_info",
                    "Alias": "mi",
                    "Startup Cost": 24370.61,
                    "Total Cost": 196255.62,
                    "Plan Rows": 791361,
                    "Plan Width": 4,
                    "Actual Startup Time": 61.904,
                    "Actual Total Time": 127.355,
                    "Actual Rows": 700951,
                    "Actual Loops": 2,
                    "Recheck Cond": "(info_type_id = 7)",
                    "Rows Removed by Index Recheck": 0,
                    "Exact Heap Blocks": 5499,
                    "Lossy Heap Blocks": 0,
                    "Plans": [
                      {
                        "Node Type": "Bitmap Index Scan",
                        "Parent Relationship": "Outer",
                        "Parallel Aware": false,
                        "Index Name": "info_type_id_movie_info",
                        "Startup Cost": 0.0,
                        "Total Cost": 24034.28,
                        "Plan Rows": 1345313,
                        "Plan Width": 0,
                        "Actual Startup Time": 60.354,
                        "Actual Total Time": 60.355,
                        "Actual Rows": 1401902,
                        "Actual Loops": 1,
                        "Index Cond": "(info_type_id = 7)"
                      }
                    ]
                  },
                  {
                    "Node Type": "Hash",
                    "Parent Relationship": "Inner",
                    "Parallel Aware": true,
                    "Startup Cost": 58306.47,
                    "Total Cost": 58306.47,
                    "Plan Rows": 589789,
                    "Plan Width": 4,
                    "Actual Startup Time": 310.308,
                    "Actual Total Time": 310.309,
                    "Actual Rows": 549548,
                    "Actual Loops": 2,
                    "Hash Buckets": 2097152,
                    "Original Hash Buckets": 1048576,
                    "Hash Batches": 1,
                    "Original Hash Batches": 1,
                    "Peak Memory Usage": 67616,
                    "Plans": [
                      {
                        "Node Type": "Seq Scan",
                        "Parent Relationship": "Outer",
                        "Parallel Aware": true,
                        "Relation Name": "title",
                        "Alias": "t",
                        "Startup Cost": 0.0,
                        "Total Cost": 58306.47,
                        "Plan Rows": 589789,
                        "Plan Width": 4,
                        "Actual Startup Time": 0.024,
                        "Actual Total Time": 161.969,
                        "Actual Rows": 549548,
                        "Actual Loops": 2,
                        "Filter": "((production_year > 1994) AND (kind_id = 7))",
                        "Rows Removed by Filter": 714608
                      }
                    ]
                  }
                ]
              }
            ]
          }
        ]
      }
    ]
  },
  "Planning Time": 0.556,
  "Triggers": [],
  "Execution Time": 573.607
}