[
  {
    "Plan": {
      "Node Type": "Aggregate",
      "Strategy": "Plain",
      "Partial Mode": "Finalize",
      "Parallel Aware": false,
      "Startup Cost": 33060.52,
      "Total Cost": 33060.53,
      "Plan Rows": 1,
      "Plan Width": 8,
      "Actual Startup Time": 90.077,
      "Actual Total Time": 97.477,
      "Actual Rows": 1,
      "Actual Loops": 1,
      "Plans": [
        {
          "Node Type": "Gather",
          "Parent Relationship": "Outer",
          "Parallel Aware": false,
          "Startup Cost": 33060.21,
          "Total Cost": 33060.52,
          "Plan Rows": 3,
          "Plan Width": 8,
          "Actual Startup Time": 89.958,
          "Actual Total Time": 97.466,
          "Actual Rows": 4,
          "Actual Loops": 1,
          "Workers Planned": 3,
          "Workers Launched": 3,
          "Single Copy": false,
          "Plans": [
            {
              "Node Type": "Aggregate",
              "Strategy": "Plain",
              "Partial Mode": "Partial",
              "Parent Relationship": "Outer",
              "Parallel Aware": false,
              "Startup Cost": 32060.21,
              "Total Cost": 32060.22,
              "Plan Rows": 1,
              "Plan Width": 8,
              "Actual Startup Time": 83.51,
              "Actual Total Time": 83.511,
              "Actual Rows": 1,
              "Actual Loops": 4,
              "Plans": [
                {
                  "Node Type": "Seq Scan",
                  "Parent Relationship": "Outer",
                  "Parallel Aware": true,
                  "Relation Name": "movie_companies",
                  "Alias": "mc",
                  "Startup Cost": 0.0,
                  "Total Cost": 31414.82,
                  "Plan Rows": 258155,
                  "Plan Width": 0,
                  "Actual Startup Time": 1.713,
                  "Actual Total Time": 76.194,
                  "Actual Rows": 147902,
                  "Actual Loops": 4,
                  "Filter": "((company_id > 4213) AND (company_type_id < 2))",
                  "Rows Removed by Filter": 504380
                }
              ]
            }
          ]
        }
      ]
    },
    "Planning Time": 0.11,
    "Triggers": [],
    "Execution Time": 97.509
  }
]