[
  {
    "Plan": {
      "Node Type": "Aggregate",
      "Strategy": "Plain",
      "Partial Mode": "Finalize",
      "Parallel Aware": false,
      "Startup Cost": 335009.86,
      "Total Cost": 335009.87,
      "Plan Rows": 1,
      "Plan Width": 8,
      "Actual Startup Time": 724.564,
      "Actual Total Time": 786.986,
      "Actual Rows": 1,
      "Actual Loops": 1,
      "Plans": [
        {
          "Node Type": "Gather",
          "Parent Relationship": "Outer",
          "Parallel Aware": false,
          "Startup Cost": 335009.23,
          "Total Cost": 335009.84,
          "Plan Rows": 6,
          "Plan Width": 8,
          "Actual Startup Time": 724.439,
          "Actual Total Time": 786.976,
          "Actual Rows": 7,
          "Actual Loops": 1,
          "Workers Planned": 6,
          "Workers Launched": 6,
          "Single Copy": false,
          "Plans": [
            {
              "Node Type": "Aggregate",
              "Strategy": "Plain",
              "Partial Mode": "Partial",
              "Parent Relationship": "Outer",
              "Parallel Aware": false,
              "Startup Cost": 334009.23,
              "Total Cost": 334009.24,
              "Plan Rows": 1,
              "Plan Width": 8,
              "Actual Startup Time": 715.874,
              "Actual Total Time": 715.875,
              "Actual Rows": 1,
              "Actual Loops": 7,
              "Plans": [
                {
                  "Node Type": "Seq Scan",
                  "Parent Relationship": "Outer",
                  "Parallel Aware": true,
                  "Relation Name": "cast_info",
                  "Alias": "ci",
                  "Startup Cost": 0.0,
                  "Total Cost": 328162.03,
                  "Plan Rows": 2338882,
                  "Plan Width": 0,
                  "Actual Startup Time": 262.817,
                  "Actual Total Time": 618.915,
                  "Actual Rows": 1999962,
                  "Actual Loops": 7,
                  "Filter": "(person_id > 2266641)",
                  "Rows Removed by Filter": 3177802
                }
              ]
            }
          ]
        }
      ]
    },
    "Planning Time": 0.195,
    "Triggers": [],
    "Execution Time": 787.061
  }
]