{
  "Plan": {
    "Node Type": "Aggregate",
    "Strategy": "Plain",
    "Partial Mode": "Finalize",
    "Parallel Aware": false,
    "Startup Cost": 128198.74,
    "Total Cost": 128198.75,
    "Plan Rows": 1,
    "Plan Width": 8,
    "Actual Startup Time": 535.106,
    "Actual Total Time": 553.416,
    "Actual Rows": 1,
    "Actual Loops": 1,
    "Plans": [
      {
        "Node Type": "Gather",
        "Parent Relationship": "Outer",
        "Parallel Aware": false,
        "Startup Cost": 128198.63,
        "Total Cost": 128198.74,
        "Plan Rows": 1,
        "Plan Width": 8,
        "Actual Startup Time": 533.478,
        "Actual Total Time": 553.409,
        "Actual Rows": 2,
        "Actual Loops": 1,
        "Workers Planned": 1,
        "Workers Launched": 1,
        "Single Copy": false,
        "Plans": [
          {
            "Node Type": "Aggregate",
            "Strategy": "Plain",
            "Partial Mode": "Partial",
            "Parent Relationship": "Outer",
            "Parallel Aware": false,
            "Startup Cost": 127198.63,
            "Total Cost": 127198.64,
            "Plan Rows": 1,
            "Plan Width": 8,
            "Actual Startup Time": 526.961,
            "Actual Total Time": 526.966,
            "Actual Rows": 1,
            "Actual Loops": 2,
            "Plans": [
              {
                "Node Type": "Hash Join",
                "Parent Relationship": "Outer",
                "Parallel Aware": true,
                "Join Type": "Inner",
                "Startup Cost": 82255.27,
                "Total Cost": 127117.87,
                "Plan Rows": 32301,
                "Plan Width": 0,
                "Actual Startup Time": 395.77,
                "Actual Total Time": 525.001,
                "Actual Rows": 45418,
                "Actual Loops": 2,
                "Inner Unique": false,
                "Hash Cond": "(mc.movie_id = t.id)",
                "Plans": [
                  {
                    "Node Type": "Seq Scan",
                    "Parent Relationship": "Outer",
                    "Parallel Aware": true,
                    "Relation Name": "movie_companies",
                    "Alias": "mc",
                    "Startup Cost": 0.0,
                    "Total Cost": 41811.73,
                    "Plan Rows": 762897,
                    "Plan Width": 4,
                    "Actual Startup Time": 48.858,
                    "Actual Total Time": 116.469,
                    "Actual Rows": 641386,
                    "Actual Loops": 2,
                    "Filter": "((company_id < 189801) AND (company_type_id = 2))",
                    "Rows Removed by Filter": 663178
                  },
                  {
                    "Node Type": "Hash",
                    "Parent Relationship": "Inner",
                    "Parallel Aware": true,
                    "Startup Cost": 81468.15,
                    "Total Cost": 81468.15,
                    "Plan Rows": 62970,
                    "Plan Width": 8,
                    "Actual Startup Time": 344.381,
                    "Actual Total Time": 344.385,
                    "Actual Rows": 39122,
                    "Actual Loops": 2,
                    "Hash Buckets": 131072,
                    "Original Hash Buckets": 131072,
                    "Hash Batches": 1,
                    "Original Hash Batches": 1,
                    "Peak Memory Usage": 4128,
                    "Plans": [
                      {
                        "Node Type": "Hash Join",
                        "Parent Relationship": "Outer",
                        "Parallel Aware": true,
                        "Join Type": "Inner",
                        "Startup Cost": 62683.83,
                        "Total Cost": 81468.15,
                        "Plan Rows": 62970,
                        "Plan Width": 8,
                        "Actual Startup Time": 228.051,
                        "Actual Total Time": 335.528,
                        "Actual Rows": 39122,
                        "Actual Loops": 2,
                        "Inner Unique": true,
                        "Hash Cond": "(mi_idx.movie_id = t.id)",
                        "Plans": [
                          {
                            "Node Type": "Seq Scan",
                            "Parent Relationship": "Outer",
                            "Parallel Aware": true,
                            "Relation Name": "movie_info_idx",
                            "Alias": "mi_idx",
                            "Startup Cost": 0.0,
                            "Total Cost": 18082.32,
                            "Plan Rows": 267429,
                            "Plan Width": 4,
                            "Actual Startup Time": 0.02,
                            "Actual Total Time": 52.049,
                            "Actual Rows": 229962,
                            "Actual Loops": 2,
                            "Filter": "(info_type_id < 100)",
                            "Rows Removed by Filter": 460055
                          },
                          {
                            "Node Type": "Hash",
                            "Parent Relationship": "Inner",
                            "Parallel Aware": true,
                            "Startup Cost": 58306.47,
                            "Total Cost": 58306.47,
                            "Plan Rows": 350189,
                            "Plan Width": 4,
                            "Actual Startup Time": 220.383,
                            "Actual Total Time": 220.384,
                            "Actual Rows": 235539,
                            "Actual Loops": 2,
                            "Hash Buckets": 1048576,
                            "Original Hash Buckets": 1048576,
                            "Hash Batches": 1,
                            "Original Hash Batches": 1,
                            "Peak Memory Usage": 26656,
                            "Plans": [
                              {
                                "Node Type": "Seq Scan",
                                "Parent Relationship": "Outer",
                                "Parallel Aware": true,
                                "Relation Name": "title",
                                "Alias": "t",
                                "Startup Cost": 0.0,
                                "Total Cost": 58306.47,
                                "Plan Rows": 350189,
                                "Plan Width": 4,
                                "Actual Startup Time": 0.031,
                                "Actual Total Time": 151.751,
                                "Actual Rows": 235539,
                                "Actual Loops": 2,
                                "Filter": "((kind_id > 1) AND (production_year < 1995))",
                                "Rows Removed by Filter": 1028617
                              }
                            ]
                          }
                        ]
                      }
                    ]
                  }
                ]
              }
            ]
          }
        ]
      }
    ]
  },
  "Planning Time": 0.966,
  "Triggers": [],
  "Execution Time": 553.507
}