[
  {
    "Plan": {
      "Node Type": "Aggregate",
      "Strategy": "Plain",
      "Partial Mode": "Finalize",
      "Parallel Aware": false,
      "Startup Cost": 80637.89,
      "Total Cost": 80637.9,
      "Plan Rows": 1,
      "Plan Width": 8,
      "Actual Startup Time": 358.162,
      "Actual Total Time": 371.066,
      "Actual Rows": 1,
      "Actual Loops": 1,
      "Plans": [
        {
          "Node Type": "Gather",
          "Parent Relationship": "Outer",
          "Parallel Aware": false,
          "Startup Cost": 80637.57,
          "Total Cost": 80637.88,
          "Plan Rows": 3,
          "Plan Width": 8,
          "Actual Startup Time": 351.2,
          "Actual Total Time": 371.057,
          "Actual Rows": 4,
          "Actual Loops": 1,
          "Workers Planned": 3,
          "Workers Launched": 3,
          "Single Copy": false,
          "Plans": [
            {
              "Node Type": "Aggregate",
              "Strategy": "Plain",
              "Partial Mode": "Partial",
              "Parent Relationship": "Outer",
              "Parallel Aware": false,
              "Startup Cost": 79637.57,
              "Total Cost": 79637.58,
              "Plan Rows": 1,
              "Plan Width": 8,
              "Actual Startup Time": 342.578,
              "Actual Total Time": 342.581,
              "Actual Rows": 1,
              "Actual Loops": 4,
              "Plans": [
                {
                  "Node Type": "Hash Join",
                  "Parent Relationship": "Outer",
                  "Parallel Aware": true,
                  "Join Type": "Inner",
                  "Startup Cost": 54134.39,
                  "Total Cost": 79488.75,
                  "Plan Rows": 59528,
                  "Plan Width": 0,
                  "Actual Startup Time": 296.767,
                  "Actual Total Time": 340.151,
                  "Actual Rows": 47072,
                  "Actual Loops": 4,
                  "Inner Unique": true,
                  "Hash Cond": "(mk.movie_id = t.id)",
                  "Plans": [
                    {
                      "Node Type": "Bitmap Heap Scan",
                      "Parent Relationship": "Outer",
                      "Parallel Aware": true,
                      "Relation Name": "movie_keyword",
                      "Alias": "mk",
                      "Startup Cost": 3914.59,
                      "Total Cost": 29112.68,
                      "Plan Rows": 59528,
                      "Plan Width": 4,
                      "Actual Startup Time": 13.714,
                      "Actual Total Time": 41.017,
                      "Actual Rows": 47072,
                      "Actual Loops": 4,
                      "Recheck Cond": "(keyword_id > 71303)",
                      "Rows Removed by Index Recheck": 0,
                      "Exact Heap Blocks": 6557,
                      "Lossy Heap Blocks": 0,
                      "Plans": [
                        {
                          "Node Type": "Bitmap Index Scan",
                          "Parent Relationship": "Outer",
                          "Parallel Aware": false,
                          "Index Name": "keyword_id_movie_keyword",
                          "Startup Cost": 0.0,
                          "Total Cost": 3868.45,
                          "Plan Rows": 184536,
                          "Plan Width": 0,
                          "Actual Startup Time": 10.781,
                          "Actual Total Time": 10.781,
                          "Actual Rows": 188287,
                          "Actual Loops": 1,
                          "Index Cond": "(keyword_id > 71303)"
                        }
                      ]
                    },
                    {
                      "Node Type": "Hash",
                      "Parent Relationship": "Inner",
                      "Parallel Aware": true,
                      "Startup Cost": 42318.81,
                      "Total Cost": 42318.81,
                      "Plan Rows": 632080,
                      "Plan Width": 4,
                      "Actual Startup Time": 276.464,
                      "Actual Total Time": 276.465,
                      "Actual Rows": 632078,
                      "Actual Loops": 4,
                      "Hash Buckets": 4194304,
                      "Original Hash Buckets": 4194304,
                      "Hash Batches": 1,
                      "Original Hash Batches": 1,
                      "Peak Memory Usage": 131712,
                      "Plans": [
                        {
                          "Node Type": "Seq Scan",
                          "Parent Relationship": "Outer",
                          "Parallel Aware": true,
                          "Relation Name": "title",
                          "Alias": "t",
                          "Startup Cost": 0.0,
                          "Total Cost": 42318.81,
                          "Plan Rows": 632080,
                          "Plan Width": 4,
                          "Actual Startup Time": 0.022,
                          "Actual Total Time": 82.423,
                          "Actual Rows": 632078,
                          "Actual Loops": 4
                        }
                      ]
                    }
                  ]
                }
              ]
            }
          ]
        }
      ]
    },
    "Planning Time": 0.214,
    "Triggers": [],
    "Execution Time": 371.103
  }
]