[
  {
    "Plan": {
      "Node Type": "Aggregate",
      "Strategy": "Plain",
      "Partial Mode": "Finalize",
      "Parallel Aware": false,
      "Startup Cost": 258212.74,
      "Total Cost": 258212.75,
      "Plan Rows": 1,
      "Plan Width": 8,
      "Actual Startup Time": 1912.904,
      "Actual Total Time": 2006.607,
      "Actual Rows": 1,
      "Actual Loops": 1,
      "Plans": [
        {
          "Node Type": "Gather",
          "Parent Relationship": "Outer",
          "Parallel Aware": false,
          "Startup Cost": 258212.42,
          "Total Cost": 258212.73,
          "Plan Rows": 3,
          "Plan Width": 8,
          "Actual Startup Time": 1909.928,
          "Actual Total Time": 2006.595,
          "Actual Rows": 4,
          "Actual Loops": 1,
          "Workers Planned": 3,
          "Workers Launched": 3,
          "Single Copy": false,
          "Plans": [
            {
              "Node Type": "Aggregate",
              "Strategy": "Plain",
              "Partial Mode": "Partial",
              "Parent Relationship": "Outer",
              "Parallel Aware": false,
              "Startup Cost": 257212.42,
              "Total Cost": 257212.43,
              "Plan Rows": 1,
              "Plan Width": 8,
              "Actual Startup Time": 1900.339,
              "Actual Total Time": 1900.343,
              "Actual Rows": 1,
              "Actual Loops": 4,
              "Plans": [
                {
                  "Node Type": "Nested Loop",
                  "Parent Relationship": "Outer",
                  "Parallel Aware": false,
                  "Join Type": "Inner",
                  "Startup Cost": 48208.21,
                  "Total Cost": 257167.36,
                  "Plan Rows": 18025,
                  "Plan Width": 0,
                  "Actual Startup Time": 193.821,
                  "Actual Total Time": 1890.601,
                  "Actual Rows": 185987,
                  "Actual Loops": 4,
                  "Inner Unique": false,
                  "Plans": [
                    {
                      "Node Type": "Hash Join",
                      "Parent Relationship": "Outer",
                      "Parallel Aware": true,
                      "Join Type": "Inner",
                      "Startup Cost": 48207.65,
                      "Total Cost": 77949.27,
                      "Plan Rows": 56695,
                      "Plan Width": 8,
                      "Actual Startup Time": 193.575,
                      "Actual Total Time": 318.53,
                      "Actual Rows": 49674,
                      "Actual Loops": 4,
                      "Inner Unique": true,
                      "Hash Cond": "(mc.movie_id = t.id)",
                      "Plans": [
                        {
                          "Node Type": "Seq Scan",
                          "Parent Relationship": "Outer",
                          "Parallel Aware": true,
                          "Relation Name": "movie_companies",
                          "Alias": "mc",
                          "Startup Cost": 0.0,
                          "Total Cost": 29310.68,
                          "Plan Rows": 164167,
                          "Plan Width": 4,
                          "Actual Startup Time": 0.018,
                          "Actual Total Time": 58.69,
                          "Actual Rows": 126386,
                          "Actual Loops": 4,
                          "Filter": "(company_id < 459)",
                          "Rows Removed by Filter": 525896
                        },
                        {
                          "Node Type": "Hash",
                          "Parent Relationship": "Inner",
                          "Parallel Aware": true,
                          "Startup Cost": 45479.1,
                          "Total Cost": 45479.1,
                          "Plan Rows": 218284,
                          "Plan Width": 4,
                          "Actual Startup Time": 188.282,
                          "Actual Total Time": 188.283,
                          "Actual Rows": 224197,
                          "Actual Loops": 4,
                          "Hash Buckets": 1048576,
                          "Original Hash Buckets": 1048576,
                          "Hash Batches": 1,
                          "Original Hash Batches": 1,
                          "Peak Memory Usage": 43328,
                          "Plans": [
                            {
                              "Node Type": "Seq Scan",
                              "Parent Relationship": "Outer",
                              "Parallel Aware": true,
                              "Relation Name": "title",
                              "Alias": "t",
                              "Startup Cost": 0.0,
                              "Total Cost": 45479.1,
                              "Plan Rows": 218284,
                              "Plan Width": 4,
                              "Actual Startup Time": 0.04,
                              "Actual Total Time": 106.892,
                              "Actual Rows": 224197,
                              "Actual Loops": 4,
                              "Filter": "((kind_id < 7) AND (production_year < 2012))",
                              "Rows Removed by Filter": 407881
                            }
                          ]
                        }
                      ]
                    },
                    {
                      "Node Type": "Index Scan",
                      "Parent Relationship": "Inner",
                      "Parallel Aware": false,
                      "Scan Direction": "Forward",
                      "Index Name": "movie_id_cast_info",
                      "Relation Name": "cast_info",
                      "Alias": "ci",
                      "Startup Cost": 0.56,
                      "Total Cost": 3.15,
                      "Plan Rows": 1,
                      "Plan Width": 4,
                      "Actual Startup Time": 0.026,
                      "Actual Total Time": 0.031,
                      "Actual Rows": 4,
                      "Actual Loops": 198698,
                      "Index Cond": "(movie_id = t.id)",
                      "Rows Removed by Index Recheck": 0,
                      "Filter": "((person_id > 3463445) AND (role_id > 5))",
                      "Rows Removed by Filter": 24
                    }
                  ]
                }
              ]
            }
          ]
        }
      ]
    },
    "Planning Time": 1.596,
    "Triggers": [],
    "Execution Time": 2006.721
  }
]