[
  {
    "Plan": {
      "Node Type": "Aggregate",
      "Strategy": "Plain",
      "Partial Mode": "Finalize",
      "Parallel Aware": false,
      "Startup Cost": 76456.81,
      "Total Cost": 76456.82,
      "Plan Rows": 1,
      "Plan Width": 8,
      "Actual Startup Time": 114.808,
      "Actual Total Time": 129.586,
      "Actual Rows": 1,
      "Actual Loops": 1,
      "Plans": [
        {
          "Node Type": "Gather",
          "Parent Relationship": "Outer",
          "Parallel Aware": false,
          "Startup Cost": 76456.39,
          "Total Cost": 76456.8,
          "Plan Rows": 4,
          "Plan Width": 8,
          "Actual Startup Time": 114.629,
          "Actual Total Time": 129.577,
          "Actual Rows": 5,
          "Actual Loops": 1,
          "Workers Planned": 4,
          "Workers Launched": 4,
          "Single Copy": false,
          "Plans": [
            {
              "Node Type": "Aggregate",
              "Strategy": "Plain",
              "Partial Mode": "Partial",
              "Parent Relationship": "Outer",
              "Parallel Aware": false,
              "Startup Cost": 75456.39,
              "Total Cost": 75456.4,
              "Plan Rows": 1,
              "Plan Width": 8,
              "Actual Startup Time": 105.152,
              "Actual Total Time": 105.154,
              "Actual Rows": 1,
              "Actual Loops": 5,
              "Plans": [
                {
                  "Node Type": "Nested Loop",
                  "Parent Relationship": "Outer",
                  "Parallel Aware": false,
                  "Join Type": "Inner",
                  "Startup Cost": 0.43,
                  "Total Cost": 75453.59,
                  "Plan Rows": 1120,
                  "Plan Width": 0,
                  "Actual Startup Time": 57.37,
                  "Actual Total Time": 104.677,
                  "Actual Rows": 4387,
                  "Actual Loops": 5,
                  "Inner Unique": false,
                  "Plans": [
                    {
                      "Node Type": "Seq Scan",
                      "Parent Relationship": "Outer",
                      "Parallel Aware": true,
                      "Relation Name": "title",
                      "Alias": "t",
                      "Startup Cost": 0.0,
                      "Total Cost": 45479.1,
                      "Plan Rows": 192,
                      "Plan Width": 4,
                      "Actual Startup Time": 57.275,
                      "Actual Total Time": 82.206,
                      "Actual Rows": 643,
                      "Actual Loops": 5,
                      "Filter": "((production_year > 2013) AND (kind_id = 1))",
                      "Rows Removed by Filter": 505019
                    },
                    {
                      "Node Type": "Index Only Scan",
                      "Parent Relationship": "Inner",
                      "Parallel Aware": false,
                      "Scan Direction": "Forward",
                      "Index Name": "movie_id_movie_info",
                      "Relation Name": "movie_info",
                      "Alias": "mi",
                      "Startup Cost": 0.43,
                      "Total Cost": 155.7,
                      "Plan Rows": 42,
                      "Plan Width": 4,
                      "Actual Startup Time": 0.015,
                      "Actual Total Time": 0.034,
                      "Actual Rows": 7,
                      "Actual Loops": 3217,
                      "Index Cond": "(movie_id = t.id)",
                      "Rows Removed by Index Recheck": 0,
                      "Heap Fetches": 21934
                    }
                  ]
                }
              ]
            }
          ]
        }
      ]
    },
    "Planning Time": 0.623,
    "Triggers": [],
    "Execution Time": 129.664
  }
]