[
  {
    "Plan": {
      "Node Type": "Aggregate",
      "Strategy": "Plain",
      "Partial Mode": "Finalize",
      "Parallel Aware": false,
      "Startup Cost": 30950.06,
      "Total Cost": 30950.07,
      "Plan Rows": 1,
      "Plan Width": 8,
      "Actual Startup Time": 93.747,
      "Actual Total Time": 99.771,
      "Actual Rows": 1,
      "Actual Loops": 1,
      "Plans": [
        {
          "Node Type": "Gather",
          "Parent Relationship": "Outer",
          "Parallel Aware": false,
          "Startup Cost": 30949.74,
          "Total Cost": 30950.05,
          "Plan Rows": 3,
          "Plan Width": 8,
          "Actual Startup Time": 93.667,
          "Actual Total Time": 99.763,
          "Actual Rows": 4,
          "Actual Loops": 1,
          "Workers Planned": 3,
          "Workers Launched": 3,
          "Single Copy": false,
          "Plans": [
            {
              "Node Type": "Aggregate",
              "Strategy": "Plain",
              "Partial Mode": "Partial",
              "Parent Relationship": "Outer",
              "Parallel Aware": false,
              "Startup Cost": 29949.74,
              "Total Cost": 29949.75,
              "Plan Rows": 1,
              "Plan Width": 8,
              "Actual Startup Time": 87.235,
              "Actual Total Time": 87.236,
              "Actual Rows": 1,
              "Actual Loops": 4,
              "Plans": [
                {
                  "Node Type": "Seq Scan",
                  "Parent Relationship": "Outer",
                  "Parallel Aware": true,
                  "Relation Name": "movie_companies",
                  "Alias": "mc",
                  "Startup Cost": 0.0,
                  "Total Cost": 29310.68,
                  "Plan Rows": 255625,
                  "Plan Width": 0,
                  "Actual Startup Time": 24.355,
                  "Actual Total Time": 77.558,
                  "Actual Rows": 201780,
                  "Actual Loops": 4,
                  "Filter": "(company_id > 29639)",
                  "Rows Removed by Filter": 450502
                }
              ]
            }
          ]
        }
      ]
    },
    "Planning Time": 0.168,
    "Triggers": [],
    "Execution Time": 99.821
  }
]