[
  {
    "Plan": {
      "Node Type": "Aggregate",
      "Strategy": "Plain",
      "Partial Mode": "Finalize",
      "Parallel Aware": false,
      "Startup Cost": 77556.24,
      "Total Cost": 77556.25,
      "Plan Rows": 1,
      "Plan Width": 8,
      "Actual Startup Time": 496.735,
      "Actual Total Time": 519.429,
      "Actual Rows": 1,
      "Actual Loops": 1,
      "Plans": [
        {
          "Node Type": "Gather",
          "Parent Relationship": "Outer",
          "Parallel Aware": false,
          "Startup Cost": 77555.93,
          "Total Cost": 77556.24,
          "Plan Rows": 3,
          "Plan Width": 8,
          "Actual Startup Time": 489.317,
          "Actual Total Time": 519.416,
          "Actual Rows": 4,
          "Actual Loops": 1,
          "Workers Planned": 3,
          "Workers Launched": 3,
          "Single Copy": false,
          "Plans": [
            {
              "Node Type": "Aggregate",
              "Strategy": "Plain",
              "Partial Mode": "Partial",
              "Parent Relationship": "Outer",
              "Parallel Aware": false,
              "Startup Cost": 76555.93,
              "Total Cost": 76555.94,
              "Plan Rows": 1,
              "Plan Width": 8,
              "Actual Startup Time": 475.18,
              "Actual Total Time": 475.183,
              "Actual Rows": 1,
              "Actual Loops": 4,
              "Plans": [
                {
                  "Node Type": "Hash Join",
                  "Parent Relationship": "Outer",
                  "Parallel Aware": true,
                  "Join Type": "Inner",
                  "Startup Cost": 56198.04,
                  "Total Cost": 76333.53,
                  "Plan Rows": 88958,
                  "Plan Width": 0,
                  "Actual Startup Time": 395.056,
                  "Actual Total Time": 471.317,
                  "Actual Rows": 67858,
                  "Actual Loops": 4,
                  "Inner Unique": true,
                  "Hash Cond": "(mc.movie_id = t.id)",
                  "Plans": [
                    {
                      "Node Type": "Bitmap Heap Scan",
                      "Parent Relationship": "Outer",
                      "Parallel Aware": true,
                      "Relation Name": "movie_companies",
                      "Alias": "mc",
                      "Startup Cost": 5977.66,
                      "Total Cost": 25879.64,
                      "Plan Rows": 88958,
                      "Plan Width": 4,
                      "Actual Startup Time": 16.08,
                      "Actual Total Time": 49.094,
                      "Actual Rows": 67858,
                      "Actual Loops": 4,
                      "Recheck Cond": "(company_id < 145)",
                      "Rows Removed by Index Recheck": 0,
                      "Exact Heap Blocks": 4229,
                      "Lossy Heap Blocks": 0,
                      "Plans": [
                        {
                          "Node Type": "Bitmap Index Scan",
                          "Parent Relationship": "Outer",
                          "Parallel Aware": false,
                          "Index Name": "company_id_movie_companies",
                          "Startup Cost": 0.0,
                          "Total Cost": 5908.71,
                          "Plan Rows": 275771,
                          "Plan Width": 0,
                          "Actual Startup Time": 13.599,
                          "Actual Total Time": 13.6,
                          "Actual Rows": 271432,
                          "Actual Loops": 1,
                          "Index Cond": "(company_id < 145)"
                        }
                      ]
                    },
                    {
                      "Node Type": "Hash",
                      "Parent Relationship": "Inner",
                      "Parallel Aware": true,
                      "Startup Cost": 42319.06,
                      "Total Cost": 42319.06,
                      "Plan Rows": 632106,
                      "Plan Width": 4,
                      "Actual Startup Time": 368.858,
                      "Actual Total Time": 368.858,
                      "Actual Rows": 632078,
                      "Actual Loops": 4,
                      "Hash Buckets": 4194304,
                      "Original Hash Buckets": 4194304,
                      "Hash Batches": 1,
                      "Original Hash Batches": 1,
                      "Peak Memory Usage": 131744,
                      "Plans": [
                        {
                          "Node Type": "Seq Scan",
                          "Parent Relationship": "Outer",
                          "Parallel Aware": true,
                          "Relation Name": "title",
                          "Alias": "t",
                          "Startup Cost": 0.0,
                          "Total Cost": 42319.06,
                          "Plan Rows": 632106,
                          "Plan Width": 4,
                          "Actual Startup Time": 0.044,
                          "Actual Total Time": 107.534,
                          "Actual Rows": 632078,
                          "Actual Loops": 4
                        }
                      ]
                    }
                  ]
                }
              ]
            }
          ]
        }
      ]
    },
    "Planning Time": 0.628,
    "Triggers": [],
    "Execution Time": 519.486
  }
]