{
  "Plan": {
    "Node Type": "Aggregate",
    "Strategy": "Plain",
    "Partial Mode": "Finalize",
    "Parallel Aware": false,
    "Startup Cost": 74908.34,
    "Total Cost": 74908.35,
    "Plan Rows": 1,
    "Plan Width": 8,
    "Actual Startup Time": 267.982,
    "Actual Total Time": 279.122,
    "Actual Rows": 1,
    "Actual Loops": 1,
    "Plans": [
      {
        "Node Type": "Gather",
        "Parent Relationship": "Outer",
        "Parallel Aware": false,
        "Startup Cost": 74908.23,
        "Total Cost": 74908.34,
        "Plan Rows": 1,
        "Plan Width": 8,
        "Actual Startup Time": 267.437,
        "Actual Total Time": 279.115,
        "Actual Rows": 2,
        "Actual Loops": 1,
        "Workers Planned": 1,
        "Workers Launched": 1,
        "Single Copy": false,
        "Plans": [
          {
            "Node Type": "Aggregate",
            "Strategy": "Plain",
            "Partial Mode": "Partial",
            "Parent Relationship": "Outer",
            "Parallel Aware": false,
            "Startup Cost": 73908.23,
            "Total Cost": 73908.24,
            "Plan Rows": 1,
            "Plan Width": 8,
            "Actual Startup Time": 261.941,
            "Actual Total Time": 261.944,
            "Actual Rows": 1,
            "Actual Loops": 2,
            "Plans": [
              {
                "Node Type": "Hash Join",
                "Parent Relationship": "Outer",
                "Parallel Aware": true,
                "Join Type": "Inner",
                "Startup Cost": 55612.63,
                "Total Cost": 73796.42,
                "Plan Rows": 44725,
                "Plan Width": 0,
                "Actual Startup Time": 152.991,
                "Actual Total Time": 260.805,
                "Actual Rows": 27428,
                "Actual Loops": 2,
                "Inner Unique": true,
                "Hash Cond": "(mi_idx.movie_id = t.id)",
                "Plans": [
                  {
                    "Node Type": "Seq Scan",
                    "Parent Relationship": "Outer",
                    "Parallel Aware": true,
                    "Relation Name": "movie_info_idx",
                    "Alias": "mi_idx",
                    "Startup Cost": 0.0,
                    "Total Cost": 16052.85,
                    "Plan Rows": 811785,
                    "Plan Width": 4,
                    "Actual Startup Time": 0.016,
                    "Actual Total Time": 50.511,
                    "Actual Rows": 690018,
                    "Actual Loops": 2
                  },
                  {
                    "Node Type": "Hash",
                    "Parent Relationship": "Inner",
                    "Parallel Aware": true,
                    "Startup Cost": 54588.39,
                    "Total Cost": 54588.39,
                    "Plan Rows": 81939,
                    "Plan Width": 4,
                    "Actual Startup Time": 145.587,
                    "Actual Total Time": 145.588,
                    "Actual Rows": 70566,
                    "Actual Loops": 2,
                    "Hash Buckets": 262144,
                    "Original Hash Buckets": 262144,
                    "Hash Batches": 1,
                    "Original Hash Batches": 1,
                    "Peak Memory Usage": 7616,
                    "Plans": [
                      {
                        "Node Type": "Seq Scan",
                        "Parent Relationship": "Outer",
                        "Parallel Aware": true,
                        "Relation Name": "title",
                        "Alias": "t",
                        "Startup Cost": 0.0,
                        "Total Cost": 54588.39,
                        "Plan Rows": 81939,
                        "Plan Width": 4,
                        "Actual Startup Time": 7.492,
                        "Actual Total Time": 130.178,
                        "Actual Rows": 70566,
                        "Actual Loops": 2,
                        "Filter": "(production_year < 1940)",
                        "Rows Removed by Filter": 1193590
                      }
                    ]
                  }
                ]
              }
            ]
          }
        ]
      }
    ]
  },
  "Planning Time": 0.404,
  "Triggers": [],
  "Execution Time": 279.192
}