{
    "Plan": {
        "Node Type": "Aggregate",
        "Strategy": "Plain",
        "Partial Mode": "Simple",
        "Parallel Aware": false,
        "Startup Cost": 60008206630.82,
        "Total Cost": 60008206630.83,
        "Plan Rows": 1,
        "Plan Width": 96,
        "Actual Startup Time": 18492.378,
        "Actual Total Time": 18492.399,
        "Actual Rows": 1,
        "Actual Loops": 1,
        "Output": [
            "min(mi.info)",
            "min(miidx.info)",
            "min(t.title)"
        ],
        "Plans": [
            {
                "Node Type": "Hash Join",
                "Parent Relationship": "Outer",
                "Parallel Aware": false,
                "Join Type": "Inner",
                "Startup Cost": 60008206618.38,
                "Total Cost": 60008206630.68,
                "Plan Rows": 18,
                "Plan Width": 65,
                "Actual Startup Time": 18490.757,
                "Actual Total Time": 18491.527,
                "Actual Rows": 8905,
                "Actual Loops": 1,
                "Output": [
                    "mi.info",
                    "miidx.info",
                    "t.title"
                ],
                "Inner Unique": false,
                "Hash Cond": "(ct.id = mc.company_type_id)",
                "Plans": [
                    {
                        "Node Type": "Index Scan",
                        "Parent Relationship": "Outer",
                        "Parallel Aware": false,
                        "Scan Direction": "Forward",
                        "Index Name": "company_type_pkey",
                        "Relation Name": "company_type",
                        "Schema": "public",
                        "Alias": "ct",
                        "Startup Cost": 10000000000.13,
                        "Total Cost": 10000000012.2,
                        "Plan Rows": 1,
                        "Plan Width": 4,
                        "Actual Startup Time": 0.021,
                        "Actual Total Time": 0.028,
                        "Actual Rows": 1,
                        "Actual Loops": 1,
                        "Output": [
                            "ct.id",
                            "ct.kind"
                        ],
                        "Filter": "((ct.kind)::text = 'distributors'::text)",
                        "Rows Removed by Filter": 3
                    },
                    {
                        "Node Type": "Hash",
                        "Parent Relationship": "Inner",
                        "Parallel Aware": false,
                        "Startup Cost": 50008206617.37,
                        "Total Cost": 50008206617.37,
                        "Plan Rows": 71,
                        "Plan Width": 69,
                        "Actual Startup Time": 18490.725,
                        "Actual Total Time": 18490.745,
                        "Actual Rows": 13177,
                        "Actual Loops": 1,
                        "Output": [
                            "mc.company_type_id",
                            "mi.info",
                            "miidx.info",
                            "t.title"
                        ],
                        "Hash Buckets": 16384,
                        "Original Hash Buckets": 1024,
                        "Hash Batches": 1,
                        "Original Hash Batches": 1,
                        "Peak Memory Usage": 1128,
                        "Plans": [
                            {
                                "Node Type": "Merge Join",
                                "Parent Relationship": "Outer",
                                "Parallel Aware": false,
                                "Join Type": "Inner",
                                "Startup Cost": 50008206576.73,
                                "Total Cost": 50008206617.37,
                                "Plan Rows": 71,
                                "Plan Width": 69,
                                "Actual Startup Time": 18484.375,
                                "Actual Total Time": 18487.847,
                                "Actual Rows": 13177,
                                "Actual Loops": 1,
                                "Output": [
                                    "mc.company_type_id",
                                    "mi.info",
                                    "miidx.info",
                                    "t.title"
                                ],
                                "Inner Unique": false,
                                "Merge Cond": "(it2.id = mi.info_type_id)",
                                "Plans": [
                                    {
                                        "Node Type": "Sort",
                                        "Parent Relationship": "Outer",
                                        "Parallel Aware": false,
                                        "Startup Cost": 10000000002.42,
                                        "Total Cost": 10000000002.43,
                                        "Plan Rows": 1,
                                        "Plan Width": 4,
                                        "Actual Startup Time": 0.054,
                                        "Actual Total Time": 0.063,
                                        "Actual Rows": 1,
                                        "Actual Loops": 1,
                                        "Output": [
                                            "it2.id"
                                        ],
                                        "Sort Key": [
                                            "it2.id"
                                        ],
                                        "Sort Method": "quicksort",
                                        "Sort Space Used": 25,
                                        "Sort Space Type": "Memory",
                                        "Plans": [
                                            {
                                                "Node Type": "Seq Scan",
                                                "Parent Relationship": "Outer",
                                                "Parallel Aware": false,
                                                "Relation Name": "info_type",
                                                "Schema": "public",
                                                "Alias": "it2",
                                                "Startup Cost": 10000000000.0,
                                                "Total Cost": 10000000002.41,
                                                "Plan Rows": 1,
                                                "Plan Width": 4,
                                                "Actual Startup Time": 0.026,
                                                "Actual Total Time": 0.044,
                                                "Actual Rows": 1,
                                                "Actual Loops": 1,
                                                "Output": [
                                                    "it2.id"
                                                ],
                                                "Filter": "((it2.info)::text = 'release dates'::text)",
                                                "Rows Removed by Filter": 112
                                            }
                                        ]
                                    },
                                    {
                                        "Node Type": "Sort",
                                        "Parent Relationship": "Inner",
                                        "Parallel Aware": false,
                                        "Startup Cost": 40008206574.31,
                                        "Total Cost": 40008206594.27,
                                        "Plan Rows": 7984,
                                        "Plan Width": 73,
                                        "Actual Startup Time": 18457.403,
                                        "Actual Total Time": 18473.562,
                                        "Actual Rows": 140263,
                                        "Actual Loops": 1,
                                        "Output": [
                                            "mc.company_type_id",
                                            "mi.info",
                                            "mi.info_type_id",
                                            "miidx.info",
                                            "t.title"
                                        ],
                                        "Sort Key": [
                                            "mi.info_type_id"
                                        ],
                                        "Sort Method": "quicksort",
                                        "Sort Space Used": 45002,
                                        "Sort Space Type": "Memory",
                                        "Plans": [
                                            {
                                                "Node Type": "Hash Join",
                                                "Parent Relationship": "Outer",
                                                "Parallel Aware": false,
                                                "Join Type": "Inner",
                                                "Startup Cost": 40008144605.15,
                                                "Total Cost": 40008206056.83,
                                                "Plan Rows": 7984,
                                                "Plan Width": 73,
                                                "Actual Startup Time": 18321.247,
                                                "Actual Total Time": 18403.176,
                                                "Actual Rows": 195877,
                                                "Actual Loops": 1,
                                                "Output": [
                                                    "mc.company_type_id",
                                                    "mi.info",
                                                    "mi.info_type_id",
                                                    "miidx.info",
                                                    "t.title"
                                                ],
                                                "Inner Unique": false,
                                                "Hash Cond": "(cn.id = mc.company_id)",
                                                "Plans": [
                                                    {
                                                        "Node Type": "Seq Scan",
                                                        "Parent Relationship": "Outer",
                                                        "Parallel Aware": false,
                                                        "Relation Name": "company_name",
                                                        "Schema": "public",
                                                        "Alias": "cn",
                                                        "Startup Cost": 0.0,
                                                        "Total Cost": 5932.46,
                                                        "Plan Rows": 6596,
                                                        "Plan Width": 4,
                                                        "Actual Startup Time": 0.024,
                                                        "Actual Total Time": 28.323,
                                                        "Actual Rows": 6752,
                                                        "Actual Loops": 1,
                                                        "Output": [
                                                            "cn.id",
                                                            "cn.name",
                                                            "cn.country_code",
                                                            "cn.imdb_id",
                                                            "cn.name_pcode_nf",
                                                            "cn.name_pcode_sf",
                                                            "cn.md5sum"
                                                        ],
                                                        "Filter": "((cn.country_code)::text = '[jp]'::text)",
                                                        "Rows Removed by Filter": 228245
                                                    },
                                                    {
                                                        "Node Type": "Hash",
                                                        "Parent Relationship": "Inner",
                                                        "Parallel Aware": false,
                                                        "Startup Cost": 40008141049.55,
                                                        "Total Cost": 40008141049.55,
                                                        "Plan Rows": 284448,
                                                        "Plan Width": 77,
                                                        "Actual Startup Time": 18320.413,
                                                        "Actual Total Time": 18320.422,
                                                        "Actual Rows": 2736250,
                                                        "Actual Loops": 1,
                                                        "Output": [
                                                            "miidx.info",
                                                            "mc.company_id",
                                                            "mc.company_type_id",
                                                            "mi.info",
                                                            "mi.info_type_id",
                                                            "t.title"
                                                        ],
                                                        "Hash Buckets": 4194304,
                                                        "Original Hash Buckets": 524288,
                                                        "Hash Batches": 1,
                                                        "Original Hash Batches": 1,
                                                        "Peak Memory Usage": 473468,
                                                        "Plans": [
                                                            {
                                                                "Node Type": "Merge Join",
                                                                "Parent Relationship": "Outer",
                                                                "Parallel Aware": false,
                                                                "Join Type": "Inner",
                                                                "Startup Cost": 40008066464.65,
                                                                "Total Cost": 40008141049.55,
                                                                "Plan Rows": 284448,
                                                                "Plan Width": 77,
                                                                "Actual Startup Time": 15497.884,
                                                                "Actual Total Time": 17662.82,
                                                                "Actual Rows": 2736250,
                                                                "Actual Loops": 1,
                                                                "Output": [
                                                                    "miidx.info",
                                                                    "mc.company_id",
                                                                    "mc.company_type_id",
                                                                    "mi.info",
                                                                    "mi.info_type_id",
                                                                    "t.title"
                                                                ],
                                                                "Inner Unique": false,
                                                                "Merge Cond": "(mi.movie_id = t.id)",
                                                                "Plans": [
                                                                    {
                                                                        "Node Type": "Sort",
                                                                        "Parent Relationship": "Outer",
                                                                        "Parallel Aware": false,
                                                                        "Startup Cost": 2066485.48,
                                                                        "Total Cost": 2103373.22,
                                                                        "Plan Rows": 14755095,
                                                                        "Plan Width": 51,
                                                                        "Actual Startup Time": 6000.361,
                                                                        "Actual Total Time": 6734.894,
                                                                        "Actual Rows": 14834103,
                                                                        "Actual Loops": 1,
                                                                        "Output": [
                                                                            "mi.info",
                                                                            "mi.movie_id",
                                                                            "mi.info_type_id"
                                                                        ],
                                                                        "Sort Key": [
                                                                            "mi.movie_id"
                                                                        ],
                                                                        "Sort Method": "quicksort",
                                                                        "Sort Space Used": 1988368,
                                                                        "Sort Space Type": "Memory",
                                                                        "Plans": [
                                                                            {
                                                                                "Node Type": "Seq Scan",
                                                                                "Parent Relationship": "Outer",
                                                                                "Parallel Aware": false,
                                                                                "Relation Name": "movie_info",
                                                                                "Schema": "public",
                                                                                "Alias": "mi",
                                                                                "Startup Cost": 0.0,
                                                                                "Total Cost": 309543.95,
                                                                                "Plan Rows": 14755095,
                                                                                "Plan Width": 51,
                                                                                "Actual Startup Time": 0.046,
                                                                                "Actual Total Time": 2197.19,
                                                                                "Actual Rows": 14835720,
                                                                                "Actual Loops": 1,
                                                                                "Output": [
                                                                                    "mi.info",
                                                                                    "mi.movie_id",
                                                                                    "mi.info_type_id"
                                                                                ]
                                                                            }
                                                                        ]
                                                                    },
                                                                    {
                                                                        "Node Type": "Sort",
                                                                        "Parent Relationship": "Inner",
                                                                        "Parallel Aware": false,
                                                                        "Startup Cost": 40005999971.8,
                                                                        "Total Cost": 40005999995.13,
                                                                        "Plan Rows": 9331,
                                                                        "Plan Width": 42,
                                                                        "Actual Startup Time": 9497.508,
                                                                        "Actual Total Time": 9622.522,
                                                                        "Actual Rows": 2736245,
                                                                        "Actual Loops": 1,
                                                                        "Output": [
                                                                            "miidx.info",
                                                                            "miidx.movie_id",
                                                                            "mc.movie_id",
                                                                            "mc.company_id",
                                                                            "mc.company_type_id",
                                                                            "t.title",
                                                                            "t.id"
                                                                        ],
                                                                        "Sort Key": [
                                                                            "miidx.movie_id"
                                                                        ],
                                                                        "Sort Method": "quicksort",
                                                                        "Sort Space Used": 12812,
                                                                        "Sort Space Type": "Memory",
                                                                        "Plans": [
                                                                            {
                                                                                "Node Type": "Hash Join",
                                                                                "Parent Relationship": "Outer",
                                                                                "Parallel Aware": false,
                                                                                "Join Type": "Inner",
                                                                                "Startup Cost": 40005999212.62,
                                                                                "Total Cost": 40005999356.52,
                                                                                "Plan Rows": 9331,
                                                                                "Plan Width": 42,
                                                                                "Actual Startup Time": 9460.291,
                                                                                "Actual Total Time": 9473.389,
                                                                                "Actual Rows": 109950,
                                                                                "Actual Loops": 1,
                                                                                "Output": [
                                                                                    "miidx.info",
                                                                                    "miidx.movie_id",
                                                                                    "mc.movie_id",
                                                                                    "mc.company_id",
                                                                                    "mc.company_type_id",
                                                                                    "t.title",
                                                                                    "t.id"
                                                                                ],
                                                                                "Inner Unique": false,
                                                                                "Hash Cond": "(kt.id = t.kind_id)",
                                                                                "Plans": [
                                                                                    {
                                                                                        "Node Type": "Seq Scan",
                                                                                        "Parent Relationship": "Outer",
                                                                                        "Parallel Aware": false,
                                                                                        "Relation Name": "kind_type",
                                                                                        "Schema": "public",
                                                                                        "Alias": "kt",
                                                                                        "Startup Cost": 10000000000.0,
                                                                                        "Total Cost": 10000000001.09,
                                                                                        "Plan Rows": 1,
                                                                                        "Plan Width": 4,
                                                                                        "Actual Startup Time": 0.021,
                                                                                        "Actual Total Time": 0.028,
                                                                                        "Actual Rows": 1,
                                                                                        "Actual Loops": 1,
                                                                                        "Output": [
                                                                                            "kt.id",
                                                                                            "kt.kind"
                                                                                        ],
                                                                                        "Filter": "((kt.kind)::text = 'tv series'::text)",
                                                                                        "Rows Removed by Filter": 6
                                                                                    },
                                                                                    {
                                                                                        "Node Type": "Hash",
                                                                                        "Parent Relationship": "Inner",
                                                                                        "Parallel Aware": false,
                                                                                        "Startup Cost": 30005998396.13,
                                                                                        "Total Cost": 30005998396.13,
                                                                                        "Plan Rows": 65319,
                                                                                        "Plan Width": 46,
                                                                                        "Actual Startup Time": 9460.194,
                                                                                        "Actual Total Time": 9460.2,
                                                                                        "Actual Rows": 1354883,
                                                                                        "Actual Loops": 1,
                                                                                        "Output": [
                                                                                            "miidx.info",
                                                                                            "miidx.movie_id",
                                                                                            "mc.movie_id",
                                                                                            "mc.company_id",
                                                                                            "mc.company_type_id",
                                                                                            "t.title",
                                                                                            "t.id",
                                                                                            "t.kind_id"
                                                                                        ],
                                                                                        "Hash Buckets": 2097152,
                                                                                        "Original Hash Buckets": 65536,
                                                                                        "Hash Batches": 1,
                                                                                        "Original Hash Batches": 1,
                                                                                        "Peak Memory Usage": 122149,
                                                                                        "Plans": [
                                                                                            {
                                                                                                "Node Type": "Merge Join",
                                                                                                "Parent Relationship": "Outer",
                                                                                                "Parallel Aware": false,
                                                                                                "Join Type": "Inner",
                                                                                                "Startup Cost": 30000000001.47,
                                                                                                "Total Cost": 30005998396.13,
                                                                                                "Plan Rows": 65319,
                                                                                                "Plan Width": 46,
                                                                                                "Actual Startup Time": 0.105,
                                                                                                "Actual Total Time": 9072.535,
                                                                                                "Actual Rows": 1354883,
                                                                                                "Actual Loops": 1,
                                                                                                "Output": [
                                                                                                    "miidx.info",
                                                                                                    "miidx.movie_id",
                                                                                                    "mc.movie_id",
                                                                                                    "mc.company_id",
                                                                                                    "mc.company_type_id",
                                                                                                    "t.title",
                                                                                                    "t.id",
                                                                                                    "t.kind_id"
                                                                                                ],
                                                                                                "Inner Unique": false,
                                                                                                "Merge Cond": "(t.id = mc.movie_id)",
                                                                                                "Plans": [
                                                                                                    {
                                                                                                        "Node Type": "Nested Loop",
                                                                                                        "Parent Relationship": "Outer",
                                                                                                        "Parallel Aware": false,
                                                                                                        "Join Type": "Inner",
                                                                                                        "Startup Cost": 30000000001.04,
                                                                                                        "Total Cost": 30005856621.33,
                                                                                                        "Plan Rows": 12213,
                                                                                                        "Plan Width": 34,
                                                                                                        "Actual Startup Time": 0.086,
                                                                                                        "Actual Total Time": 7889.697,
                                                                                                        "Actual Rows": 459918,
                                                                                                        "Actual Loops": 1,
                                                                                                        "Output": [
                                                                                                            "miidx.info",
                                                                                                            "miidx.movie_id",
                                                                                                            "t.title",
                                                                                                            "t.id",
                                                                                                            "t.kind_id"
                                                                                                        ],
                                                                                                        "Inner Unique": true,
                                                                                                        "Plans": [
                                                                                                            {
                                                                                                                "Node Type": "Nested Loop",
                                                                                                                "Parent Relationship": "Outer",
                                                                                                                "Parallel Aware": false,
                                                                                                                "Join Type": "Inner",
                                                                                                                "Startup Cost": 20000000000.58,
                                                                                                                "Total Cost": 20005801951.73,
                                                                                                                "Plan Rows": 12213,
                                                                                                                "Plan Width": 9,
                                                                                                                "Actual Startup Time": 0.069,
                                                                                                                "Actual Total Time": 5547.944,
                                                                                                                "Actual Rows": 459918,
                                                                                                                "Actual Loops": 1,
                                                                                                                "Output": [
                                                                                                                    "miidx.info",
                                                                                                                    "miidx.movie_id"
                                                                                                                ],
                                                                                                                "Inner Unique": true,
                                                                                                                "Plans": [
                                                                                                                    {
                                                                                                                        "Node Type": "Index Scan",
                                                                                                                        "Parent Relationship": "Outer",
                                                                                                                        "Parallel Aware": false,
                                                                                                                        "Scan Direction": "Forward",
                                                                                                                        "Index Name": "movie_id_movie_info_idx",
                                                                                                                        "Relation Name": "movie_info_idx",
                                                                                                                        "Schema": "public",
                                                                                                                        "Alias": "miidx",
                                                                                                                        "Startup Cost": 10000000000.43,
                                                                                                                        "Total Cost": 10000053630.81,
                                                                                                                        "Plan Rows": 1380035,
                                                                                                                        "Plan Width": 13,
                                                                                                                        "Actual Startup Time": 0.022,
                                                                                                                        "Actual Total Time": 343.304,
                                                                                                                        "Actual Rows": 1380014,
                                                                                                                        "Actual Loops": 1,
                                                                                                                        "Output": [
                                                                                                                            "miidx.id",
                                                                                                                            "miidx.movie_id",
                                                                                                                            "miidx.info_type_id",
                                                                                                                            "miidx.info",
                                                                                                                            "miidx.note"
                                                                                                                        ]
                                                                                                                    },
                                                                                                                    {
                                                                                                                        "Node Type": "Bitmap Heap Scan",
                                                                                                                        "Parent Relationship": "Inner",
                                                                                                                        "Parallel Aware": false,
                                                                                                                        "Relation Name": "info_type",
                                                                                                                        "Schema": "public",
                                                                                                                        "Alias": "it",
                                                                                                                        "Startup Cost": 0.15,
                                                                                                                        "Total Cost": 4.17,
                                                                                                                        "Plan Rows": 1,
                                                                                                                        "Plan Width": 4,
                                                                                                                        "Actual Startup Time": 0.002,
                                                                                                                        "Actual Total Time": 0.002,
                                                                                                                        "Actual Rows": 0,
                                                                                                                        "Actual Loops": 1380014,
                                                                                                                        "Output": [
                                                                                                                            "it.id",
                                                                                                                            "it.info"
                                                                                                                        ],
                                                                                                                        "Recheck Cond": "(it.id = miidx.info_type_id)",
                                                                                                                        "Rows Removed by Index Recheck": 0,
                                                                                                                        "Filter": "((it.info)::text = 'rating'::text)",
                                                                                                                        "Rows Removed by Filter": 1,
                                                                                                                        "Exact Heap Blocks": 1380014,
                                                                                                                        "Lossy Heap Blocks": 0,
                                                                                                                        "Plans": [
                                                                                                                            {
                                                                                                                                "Node Type": "Bitmap Index Scan",
                                                                                                                                "Parent Relationship": "Outer",
                                                                                                                                "Parallel Aware": false,
                                                                                                                                "Index Name": "info_type_pkey",
                                                                                                                                "Startup Cost": 0.0,
                                                                                                                                "Total Cost": 0.15,
                                                                                                                                "Plan Rows": 1,
                                                                                                                                "Plan Width": 0,
                                                                                                                                "Actual Startup Time": 0.001,
                                                                                                                                "Actual Total Time": 0.001,
                                                                                                                                "Actual Rows": 1,
                                                                                                                                "Actual Loops": 1380014,
                                                                                                                                "Index Cond": "(it.id = miidx.info_type_id)"
                                                                                                                            }
                                                                                                                        ]
                                                                                                                    }
                                                                                                                ]
                                                                                                            },
                                                                                                            {
                                                                                                                "Node Type": "Bitmap Heap Scan",
                                                                                                                "Parent Relationship": "Inner",
                                                                                                                "Parallel Aware": false,
                                                                                                                "Relation Name": "title",
                                                                                                                "Schema": "public",
                                                                                                                "Alias": "t",
                                                                                                                "Startup Cost": 0.46,
                                                                                                                "Total Cost": 4.48,
                                                                                                                "Plan Rows": 1,
                                                                                                                "Plan Width": 25,
                                                                                                                "Actual Startup Time": 0.003,
                                                                                                                "Actual Total Time": 0.003,
                                                                                                                "Actual Rows": 1,
                                                                                                                "Actual Loops": 459918,
                                                                                                                "Output": [
                                                                                                                    "t.id",
                                                                                                                    "t.title",
                                                                                                                    "t.imdb_index",
                                                                                                                    "t.kind_id",
                                                                                                                    "t.production_year",
                                                                                                                    "t.imdb_id",
                                                                                                                    "t.phonetic_code",
                                                                                                                    "t.episode_of_id",
                                                                                                                    "t.season_nr",
                                                                                                                    "t.episode_nr",
                                                                                                                    "t.series_years",
                                                                                                                    "t.md5sum"
                                                                                                                ],
                                                                                                                "Recheck Cond": "(t.id = miidx.movie_id)",
                                                                                                                "Rows Removed by Index Recheck": 0,
                                                                                                                "Exact Heap Blocks": 459918,
                                                                                                                "Lossy Heap Blocks": 0,
                                                                                                                "Plans": [
                                                                                                                    {
                                                                                                                        "Node Type": "Bitmap Index Scan",
                                                                                                                        "Parent Relationship": "Outer",
                                                                                                                        "Parallel Aware": false,
                                                                                                                        "Index Name": "title_pkey",
                                                                                                                        "Startup Cost": 0.0,
                                                                                                                        "Total Cost": 0.46,
                                                                                                                        "Plan Rows": 1,
                                                                                                                        "Plan Width": 0,
                                                                                                                        "Actual Startup Time": 0.002,
                                                                                                                        "Actual Total Time": 0.002,
                                                                                                                        "Actual Rows": 1,
                                                                                                                        "Actual Loops": 459918,
                                                                                                                        "Index Cond": "(t.id = miidx.movie_id)"
                                                                                                                    }
                                                                                                                ]
                                                                                                            }
                                                                                                        ]
                                                                                                    },
                                                                                                    {
                                                                                                        "Node Type": "Index Scan",
                                                                                                        "Parent Relationship": "Inner",
                                                                                                        "Parallel Aware": false,
                                                                                                        "Scan Direction": "Forward",
                                                                                                        "Index Name": "movie_id_movie_companies",
                                                                                                        "Relation Name": "movie_companies",
                                                                                                        "Schema": "public",
                                                                                                        "Alias": "mc",
                                                                                                        "Startup Cost": 0.43,
                                                                                                        "Total Cost": 140849.93,
                                                                                                        "Plan Rows": 2609129,
                                                                                                        "Plan Width": 12,
                                                                                                        "Actual Startup Time": 0.015,
                                                                                                        "Actual Total Time": 769.862,
                                                                                                        "Actual Rows": 2609129,
                                                                                                        "Actual Loops": 1,
                                                                                                        "Output": [
                                                                                                            "mc.id",
                                                                                                            "mc.movie_id",
                                                                                                            "mc.company_id",
                                                                                                            "mc.company_type_id",
                                                                                                            "mc.note"
                                                                                                        ]
                                                                                                    }
                                                                                                ]
                                                                                            }
                                                                                        ]
                                                                                    }
                                                                                ]
                                                                            }
                                                                        ]
                                                                    }
                                                                ]
                                                            }
                                                        ]
                                                    }
                                                ]
                                            }
                                        ]
                                    }
                                ]
                            }
                        ]
                    }
                ]
            }
        ]
    },
    "Planning Time": 10.902,
    "Triggers": [],
    "Execution Time": 18497.523
}