[
  {
    "Plan": {
      "Node Type": "Aggregate",
      "Strategy": "Plain",
      "Partial Mode": "Finalize",
      "Parallel Aware": false,
      "Startup Cost": 44345.28,
      "Total Cost": 44345.29,
      "Plan Rows": 1,
      "Plan Width": 8,
      "Actual Startup Time": 118.368,
      "Actual Total Time": 128.767,
      "Actual Rows": 1,
      "Actual Loops": 1,
      "Plans": [
        {
          "Node Type": "Gather",
          "Parent Relationship": "Outer",
          "Parallel Aware": false,
          "Startup Cost": 44344.96,
          "Total Cost": 44345.27,
          "Plan Rows": 3,
          "Plan Width": 8,
          "Actual Startup Time": 118.23,
          "Actual Total Time": 128.757,
          "Actual Rows": 4,
          "Actual Loops": 1,
          "Workers Planned": 3,
          "Workers Launched": 3,
          "Single Copy": false,
          "Plans": [
            {
              "Node Type": "Aggregate",
              "Strategy": "Plain",
              "Partial Mode": "Partial",
              "Parent Relationship": "Outer",
              "Parallel Aware": false,
              "Startup Cost": 43344.96,
              "Total Cost": 43344.97,
              "Plan Rows": 1,
              "Plan Width": 8,
              "Actual Startup Time": 110.96,
              "Actual Total Time": 110.961,
              "Actual Rows": 1,
              "Actual Loops": 4,
              "Plans": [
                {
                  "Node Type": "Seq Scan",
                  "Parent Relationship": "Outer",
                  "Parallel Aware": true,
                  "Relation Name": "movie_keyword",
                  "Alias": "mk",
                  "Startup Cost": 0.0,
                  "Total Cost": 42695.65,
                  "Plan Rows": 259722,
                  "Plan Width": 0,
                  "Actual Startup Time": 4.479,
                  "Actual Total Time": 100.944,
                  "Actual Rows": 199748,
                  "Actual Loops": 4,
                  "Filter": "(keyword_id > 23141)",
                  "Rows Removed by Filter": 931234
                }
              ]
            }
          ]
        }
      ]
    },
    "Planning Time": 0.1,
    "Triggers": [],
    "Execution Time": 128.807
  }
]