[
  {
    "Plan": {
      "Node Type": "Aggregate",
      "Strategy": "Plain",
      "Partial Mode": "Finalize",
      "Parallel Aware": false,
      "Startup Cost": 174022.68,
      "Total Cost": 174022.69,
      "Plan Rows": 1,
      "Plan Width": 8,
      "Actual Startup Time": 766.524,
      "Actual Total Time": 795.566,
      "Actual Rows": 1,
      "Actual Loops": 1,
      "Plans": [
        {
          "Node Type": "Gather",
          "Parent Relationship": "Outer",
          "Parallel Aware": false,
          "Startup Cost": 174022.16,
          "Total Cost": 174022.67,
          "Plan Rows": 5,
          "Plan Width": 8,
          "Actual Startup Time": 761.869,
          "Actual Total Time": 795.557,
          "Actual Rows": 6,
          "Actual Loops": 1,
          "Workers Planned": 5,
          "Workers Launched": 5,
          "Single Copy": false,
          "Plans": [
            {
              "Node Type": "Aggregate",
              "Strategy": "Plain",
              "Partial Mode": "Partial",
              "Parent Relationship": "Outer",
              "Parallel Aware": false,
              "Startup Cost": 173022.16,
              "Total Cost": 173022.17,
              "Plan Rows": 1,
              "Plan Width": 8,
              "Actual Startup Time": 750.571,
              "Actual Total Time": 750.74,
              "Actual Rows": 1,
              "Actual Loops": 6,
              "Plans": [
                {
                  "Node Type": "Hash Join",
                  "Parent Relationship": "Outer",
                  "Parallel Aware": true,
                  "Join Type": "Inner",
                  "Startup Cost": 64160.67,
                  "Total Cost": 172661.86,
                  "Plan Rows": 144119,
                  "Plan Width": 0,
                  "Actual Startup Time": 346.729,
                  "Actual Total Time": 735.018,
                  "Actual Rows": 254145,
                  "Actual Loops": 6,
                  "Inner Unique": false,
                  "Hash Cond": "(ci.movie_id = t.id)",
                  "Plans": [
                    {
                      "Node Type": "Index Scan",
                      "Parent Relationship": "Outer",
                      "Parallel Aware": true,
                      "Scan Direction": "Forward",
                      "Index Name": "role_id_cast_info",
                      "Relation Name": "cast_info",
                      "Alias": "ci",
                      "Startup Cost": 0.56,
                      "Total Cost": 105195.1,
                      "Plan Rows": 785695,
                      "Plan Width": 4,
                      "Actual Startup Time": 0.306,
                      "Actual Total Time": 166.492,
                      "Actual Rows": 668006,
                      "Actual Loops": 6,
                      "Index Cond": "(role_id = 3)",
                      "Rows Removed by Index Recheck": 0
                    },
                    {
                      "Node Type": "Hash",
                      "Parent Relationship": "Inner",
                      "Parallel Aware": true,
                      "Startup Cost": 62710.78,
                      "Total Cost": 62710.78,
                      "Plan Rows": 115946,
                      "Plan Width": 8,
                      "Actual Startup Time": 344.326,
                      "Actual Total Time": 344.494,
                      "Actual Rows": 76654,
                      "Actual Loops": 6,
                      "Hash Buckets": 524288,
                      "Original Hash Buckets": 524288,
                      "Hash Batches": 1,
                      "Original Hash Batches": 1,
                      "Peak Memory Usage": 22208,
                      "Plans": [
                        {
                          "Node Type": "Hash Join",
                          "Parent Relationship": "Outer",
                          "Parallel Aware": true,
                          "Join Type": "Inner",
                          "Startup Cost": 17538.22,
                          "Total Cost": 62710.78,
                          "Plan Rows": 115946,
                          "Plan Width": 8,
                          "Actual Startup Time": 80.21,
                          "Actual Total Time": 308.325,
                          "Actual Rows": 76654,
                          "Actual Loops": 6,
                          "Inner Unique": false,
                          "Hash Cond": "(t.id = mi_idx.movie_id)",
                          "Plans": [
                            {
                              "Node Type": "Seq Scan",
                              "Parent Relationship": "Outer",
                              "Parallel Aware": true,
                              "Relation Name": "title",
                              "Alias": "t",
                              "Startup Cost": 0.0,
                              "Total Cost": 42319.06,
                              "Plan Rows": 632106,
                              "Plan Width": 4,
                              "Actual Startup Time": 0.017,
                              "Actual Total Time": 78.841,
                              "Actual Rows": 421385,
                              "Actual Loops": 6
                            },
                            {
                              "Node Type": "Hash",
                              "Parent Relationship": "Inner",
                              "Parallel Aware": true,
                              "Startup Cost": 15122.68,
                              "Total Cost": 15122.68,
                              "Plan Rows": 193243,
                              "Plan Width": 4,
                              "Actual Startup Time": 79.083,
                              "Actual Total Time": 79.084,
                              "Actual Rows": 76654,
                              "Actual Loops": 6,
                              "Hash Buckets": 524288,
                              "Original Hash Buckets": 524288,
                              "Hash Batches": 1,
                              "Original Hash Batches": 1,
                              "Peak Memory Usage": 22176,
                              "Plans": [
                                {
                                  "Node Type": "Seq Scan",
                                  "Parent Relationship": "Outer",
                                  "Parallel Aware": true,
                                  "Relation Name": "movie_info_idx",
                                  "Alias": "mi_idx",
                                  "Startup Cost": 0.0,
                                  "Total Cost": 15122.68,
                                  "Plan Rows": 193243,
                                  "Plan Width": 4,
                                  "Actual Startup Time": 0.062,
                                  "Actual Total Time": 41.171,
                                  "Actual Rows": 76654,
                                  "Actual Loops": 6,
                                  "Filter": "(info_type_id = 101)",
                                  "Rows Removed by Filter": 153352
                                }
                              ]
                            }
                          ]
                        }
                      ]
                    }
                  ]
                }
              ]
            }
          ]
        }
      ]
    },
    "Planning Time": 0.636,
    "Triggers": [],
    "Execution Time": 795.63
  }
]