[
  {
    "Plan": {
      "Node Type": "Aggregate",
      "Strategy": "Plain",
      "Partial Mode": "Finalize",
      "Parallel Aware": false,
      "Startup Cost": 428712.11,
      "Total Cost": 428712.12,
      "Plan Rows": 1,
      "Plan Width": 8,
      "Actual Startup Time": 1906.546,
      "Actual Total Time": 1941.608,
      "Actual Rows": 1,
      "Actual Loops": 1,
      "Plans": [
        {
          "Node Type": "Gather",
          "Parent Relationship": "Outer",
          "Parallel Aware": false,
          "Startup Cost": 428711.49,
          "Total Cost": 428712.1,
          "Plan Rows": 6,
          "Plan Width": 8,
          "Actual Startup Time": 1883.0,
          "Actual Total Time": 1941.594,
          "Actual Rows": 7,
          "Actual Loops": 1,
          "Workers Planned": 6,
          "Workers Launched": 6,
          "Single Copy": false,
          "Plans": [
            {
              "Node Type": "Aggregate",
              "Strategy": "Plain",
              "Partial Mode": "Partial",
              "Parent Relationship": "Outer",
              "Parallel Aware": false,
              "Startup Cost": 427711.49,
              "Total Cost": 427711.5,
              "Plan Rows": 1,
              "Plan Width": 8,
              "Actual Startup Time": 1867.001,
              "Actual Total Time": 1867.378,
              "Actual Rows": 1,
              "Actual Loops": 7,
              "Plans": [
                {
                  "Node Type": "Hash Join",
                  "Parent Relationship": "Outer",
                  "Parallel Aware": true,
                  "Join Type": "Inner",
                  "Startup Cost": 85481.15,
                  "Total Cost": 424206.84,
                  "Plan Rows": 1401857,
                  "Plan Width": 0,
                  "Actual Startup Time": 491.737,
                  "Actual Total Time": 1733.89,
                  "Actual Rows": 3009801,
                  "Actual Loops": 7,
                  "Inner Unique": false,
                  "Hash Cond": "(ci.movie_id = t.id)",
                  "Plans": [
                    {
                      "Node Type": "Index Scan",
                      "Parent Relationship": "Outer",
                      "Parallel Aware": true,
                      "Scan Direction": "Forward",
                      "Index Name": "role_id_cast_info",
                      "Relation Name": "cast_info",
                      "Alias": "ci",
                      "Startup Cost": 0.56,
                      "Total Cost": 326490.6,
                      "Plan Rows": 2056946,
                      "Plan Width": 4,
                      "Actual Startup Time": 0.293,
                      "Actual Total Time": 321.848,
                      "Actual Rows": 1730521,
                      "Actual Loops": 7,
                      "Index Cond": "(role_id > 3)",
                      "Rows Removed by Index Recheck": 0
                    },
                    {
                      "Node Type": "Hash",
                      "Parent Relationship": "Inner",
                      "Parallel Aware": true,
                      "Startup Cost": 78532.63,
                      "Total Cost": 78532.63,
                      "Plan Rows": 555836,
                      "Plan Width": 8,
                      "Actual Startup Time": 487.294,
                      "Actual Total Time": 487.668,
                      "Actual Rows": 279173,
                      "Actual Loops": 7,
                      "Hash Buckets": 2097152,
                      "Original Hash Buckets": 2097152,
                      "Hash Batches": 1,
                      "Original Hash Batches": 1,
                      "Peak Memory Usage": 92928,
                      "Plans": [
                        {
                          "Node Type": "Hash Join",
                          "Parent Relationship": "Outer",
                          "Parallel Aware": true,
                          "Join Type": "Inner",
                          "Startup Cost": 49116.74,
                          "Total Cost": 78532.63,
                          "Plan Rows": 555836,
                          "Plan Width": 8,
                          "Actual Startup Time": 208.755,
                          "Actual Total Time": 381.286,
                          "Actual Rows": 279173,
                          "Actual Loops": 7,
                          "Inner Unique": true,
                          "Hash Cond": "(mc.movie_id = t.id)",
                          "Plans": [
                            {
                              "Node Type": "Seq Scan",
                              "Parent Relationship": "Outer",
                              "Parallel Aware": true,
                              "Relation Name": "movie_companies",
                              "Alias": "mc",
                              "Startup Cost": 0.0,
                              "Total Cost": 27206.55,
                              "Plan Rows": 841655,
                              "Plan Width": 4,
                              "Actual Startup Time": 0.024,
                              "Actual Total Time": 40.999,
                              "Actual Rows": 372733,
                              "Actual Loops": 7
                            },
                            {
                              "Node Type": "Hash",
                              "Parent Relationship": "Inner",
                              "Parallel Aware": true,
                              "Startup Cost": 43898.92,
                              "Total Cost": 43898.92,
                              "Plan Rows": 417426,
                              "Plan Width": 4,
                              "Actual Startup Time": 206.084,
                              "Actual Total Time": 206.086,
                              "Actual Rows": 238756,
                              "Actual Loops": 7,
                              "Hash Buckets": 2097152,
                              "Original Hash Buckets": 2097152,
                              "Hash Batches": 1,
                              "Original Hash Batches": 1,
                              "Peak Memory Usage": 81856,
                              "Plans": [
                                {
                                  "Node Type": "Seq Scan",
                                  "Parent Relationship": "Outer",
                                  "Parallel Aware": true,
                                  "Relation Name": "title",
                                  "Alias": "t",
                                  "Startup Cost": 0.0,
                                  "Total Cost": 43898.92,
                                  "Plan Rows": 417426,
                                  "Plan Width": 4,
                                  "Actual Startup Time": 0.042,
                                  "Actual Total Time": 83.661,
                                  "Actual Rows": 238756,
                                  "Actual Loops": 7,
                                  "Filter": "(production_year < 2008)",
                                  "Rows Removed by Filter": 122431
                                }
                              ]
                            }
                          ]
                        }
                      ]
                    }
                  ]
                }
              ]
            }
          ]
        }
      ]
    },
    "Planning Time": 1.379,
    "Triggers": [],
    "Execution Time": 1941.705
  }
]