[
  {
    "Plan": {
      "Node Type": "Aggregate",
      "Strategy": "Plain",
      "Partial Mode": "Simple",
      "Parallel Aware": false,
      "Startup Cost": 1208.44,
      "Total Cost": 1208.45,
      "Plan Rows": 1,
      "Plan Width": 8,
      "Actual Startup Time": 20.528,
      "Actual Total Time": 20.533,
      "Actual Rows": 1,
      "Actual Loops": 1,
      "Plans": [
        {
          "Node Type": "Nested Loop",
          "Parent Relationship": "Outer",
          "Parallel Aware": false,
          "Join Type": "Inner",
          "Startup Cost": 281.64,
          "Total Cost": 1208.43,
          "Plan Rows": 1,
          "Plan Width": 0,
          "Actual Startup Time": 17.171,
          "Actual Total Time": 20.521,
          "Actual Rows": 3,
          "Actual Loops": 1,
          "Inner Unique": true,
          "Join Filter": "(mc.movie_id = t.id)",
          "Rows Removed by Join Filter": 0,
          "Plans": [
            {
              "Node Type": "Hash Join",
              "Parent Relationship": "Outer",
              "Parallel Aware": false,
              "Join Type": "Inner",
              "Startup Cost": 281.21,
              "Total Cost": 1200.02,
              "Plan Rows": 1,
              "Plan Width": 8,
              "Actual Startup Time": 17.136,
              "Actual Total Time": 20.449,
              "Actual Rows": 3,
              "Actual Loops": 1,
              "Inner Unique": false,
              "Hash Cond": "(mk.movie_id = mc.movie_id)",
              "Plans": [
                {
                  "Node Type": "Bitmap Heap Scan",
                  "Parent Relationship": "Outer",
                  "Parallel Aware": false,
                  "Relation Name": "movie_keyword",
                  "Alias": "mk",
                  "Startup Cost": 6.35,
                  "Total Cost": 922.98,
                  "Plan Rows": 248,
                  "Plan Width": 4,
                  "Actual Startup Time": 1.251,
                  "Actual Total Time": 5.247,
                  "Actual Rows": 1514,
                  "Actual Loops": 1,
                  "Recheck Cond": "(keyword_id = 7861)",
                  "Rows Removed by Index Recheck": 0,
                  "Exact Heap Blocks": 1347,
                  "Lossy Heap Blocks": 0,
                  "Plans": [
                    {
                      "Node Type": "Bitmap Index Scan",
                      "Parent Relationship": "Outer",
                      "Parallel Aware": false,
                      "Index Name": "keyword_id_movie_keyword",
                      "Startup Cost": 0.0,
                      "Total Cost": 6.29,
                      "Plan Rows": 248,
                      "Plan Width": 0,
                      "Actual Startup Time": 0.738,
                      "Actual Total Time": 0.739,
                      "Actual Rows": 1514,
                      "Actual Loops": 1,
                      "Index Cond": "(keyword_id = 7861)"
                    }
                  ]
                },
                {
                  "Node Type": "Hash",
                  "Parent Relationship": "Inner",
                  "Parallel Aware": false,
                  "Startup Cost": 273.57,
                  "Total Cost": 273.57,
                  "Plan Rows": 103,
                  "Plan Width": 4,
                  "Actual Startup Time": 14.683,
                  "Actual Total Time": 14.684,
                  "Actual Rows": 182,
                  "Actual Loops": 1,
                  "Hash Buckets": 1024,
                  "Original Hash Buckets": 1024,
                  "Hash Batches": 1,
                  "Original Hash Batches": 1,
                  "Peak Memory Usage": 15,
                  "Plans": [
                    {
                      "Node Type": "Index Scan",
                      "Parent Relationship": "Outer",
                      "Parallel Aware": false,
                      "Scan Direction": "Forward",
                      "Index Name": "company_id_movie_companies",
                      "Relation Name": "movie_companies",
                      "Alias": "mc",
                      "Startup Cost": 0.43,
                      "Total Cost": 273.57,
                      "Plan Rows": 103,
                      "Plan Width": 4,
                      "Actual Startup Time": 14.138,
                      "Actual Total Time": 14.6,
                      "Actual Rows": 182,
                      "Actual Loops": 1,
                      "Index Cond": "(company_id = 2614)",
                      "Rows Removed by Index Recheck": 0
                    }
                  ]
                }
              ]
            },
            {
              "Node Type": "Index Only Scan",
              "Parent Relationship": "Inner",
              "Parallel Aware": false,
              "Scan Direction": "Forward",
              "Index Name": "title_pkey",
              "Relation Name": "title",
              "Alias": "t",
              "Startup Cost": 0.43,
              "Total Cost": 8.4,
              "Plan Rows": 1,
              "Plan Width": 4,
              "Actual Startup Time": 0.018,
              "Actual Total Time": 0.018,
              "Actual Rows": 1,
              "Actual Loops": 3,
              "Index Cond": "(id = mk.movie_id)",
              "Rows Removed by Index Recheck": 0,
              "Heap Fetches": 3
            }
          ]
        }
      ]
    },
    "Planning Time": 1.432,
    "Triggers": [],
    "Execution Time": 20.631
  }
]