[
  {
    "Plan": {
      "Node Type": "Aggregate",
      "Strategy": "Plain",
      "Partial Mode": "Finalize",
      "Parallel Aware": false,
      "Startup Cost": 504426.62,
      "Total Cost": 504426.63,
      "Plan Rows": 1,
      "Plan Width": 8,
      "Actual Startup Time": 4842.66,
      "Actual Total Time": 4928.117,
      "Actual Rows": 1,
      "Actual Loops": 1,
      "Plans": [
        {
          "Node Type": "Gather",
          "Parent Relationship": "Outer",
          "Parallel Aware": false,
          "Startup Cost": 504426.09,
          "Total Cost": 504426.6,
          "Plan Rows": 5,
          "Plan Width": 8,
          "Actual Startup Time": 4817.409,
          "Actual Total Time": 4928.104,
          "Actual Rows": 6,
          "Actual Loops": 1,
          "Workers Planned": 5,
          "Workers Launched": 5,
          "Single Copy": false,
          "Plans": [
            {
              "Node Type": "Aggregate",
              "Strategy": "Plain",
              "Partial Mode": "Partial",
              "Parent Relationship": "Outer",
              "Parallel Aware": false,
              "Startup Cost": 503426.09,
              "Total Cost": 503426.1,
              "Plan Rows": 1,
              "Plan Width": 8,
              "Actual Startup Time": 4796.637,
              "Actual Total Time": 4796.659,
              "Actual Rows": 1,
              "Actual Loops": 6,
              "Plans": [
                {
                  "Node Type": "Nested Loop",
                  "Parent Relationship": "Outer",
                  "Parallel Aware": false,
                  "Join Type": "Inner",
                  "Startup Cost": 61362.89,
                  "Total Cost": 499579.01,
                  "Plan Rows": 1538835,
                  "Plan Width": 0,
                  "Actual Startup Time": 284.22,
                  "Actual Total Time": 4519.209,
                  "Actual Rows": 6295460,
                  "Actual Loops": 6,
                  "Inner Unique": false,
                  "Plans": [
                    {
                      "Node Type": "Hash Join",
                      "Parent Relationship": "Outer",
                      "Parallel Aware": true,
                      "Join Type": "Inner",
                      "Startup Cost": 61362.33,
                      "Total Cost": 225215.7,
                      "Plan Rows": 123000,
                      "Plan Width": 8,
                      "Actual Startup Time": 284.077,
                      "Actual Total Time": 357.525,
                      "Actual Rows": 99743,
                      "Actual Loops": 6,
                      "Inner Unique": true,
                      "Hash Cond": "(mi.movie_id = t.id)",
                      "Plans": [
                        {
                          "Node Type": "Bitmap Heap Scan",
                          "Parent Relationship": "Outer",
                          "Parallel Aware": true,
                          "Relation Name": "movie_info",
                          "Alias": "mi",
                          "Startup Cost": 11142.68,
                          "Total Cost": 174673.18,
                          "Plan Rows": 123000,
                          "Plan Width": 4,
                          "Actual Startup Time": 26.569,
                          "Actual Total Time": 59.706,
                          "Actual Rows": 99743,
                          "Actual Loops": 6,
                          "Recheck Cond": "(info_type_id = 15)",
                          "Rows Removed by Index Recheck": 0,
                          "Exact Heap Blocks": 3956,
                          "Lossy Heap Blocks": 0,
                          "Plans": [
                            {
                              "Node Type": "Bitmap Index Scan",
                              "Parent Relationship": "Outer",
                              "Parallel Aware": false,
                              "Index Name": "info_type_id_movie_info",
                              "Startup Cost": 0.0,
                              "Total Cost": 10988.93,
                              "Plan Rows": 615000,
                              "Plan Width": 0,
                              "Actual Startup Time": 23.312,
                              "Actual Total Time": 23.312,
                              "Actual Rows": 598457,
                              "Actual Loops": 1,
                              "Index Cond": "(info_type_id = 15)"
                            }
                          ]
                        },
                        {
                          "Node Type": "Hash",
                          "Parent Relationship": "Inner",
                          "Parallel Aware": true,
                          "Startup Cost": 42318.73,
                          "Total Cost": 42318.73,
                          "Plan Rows": 632073,
                          "Plan Width": 4,
                          "Actual Startup Time": 250.046,
                          "Actual Total Time": 250.047,
                          "Actual Rows": 421385,
                          "Actual Loops": 6,
                          "Hash Buckets": 4194304,
                          "Original Hash Buckets": 4194304,
                          "Hash Batches": 1,
                          "Original Hash Batches": 1,
                          "Peak Memory Usage": 131744,
                          "Plans": [
                            {
                              "Node Type": "Seq Scan",
                              "Parent Relationship": "Outer",
                              "Parallel Aware": true,
                              "Relation Name": "title",
                              "Alias": "t",
                              "Startup Cost": 0.0,
                              "Total Cost": 42318.73,
                              "Plan Rows": 632073,
                              "Plan Width": 4,
                              "Actual Startup Time": 0.036,
                              "Actual Total Time": 73.671,
                              "Actual Rows": 421385,
                              "Actual Loops": 6
                            }
                          ]
                        }
                      ]
                    },
                    {
                      "Node Type": "Index Scan",
                      "Parent Relationship": "Inner",
                      "Parallel Aware": false,
                      "Scan Direction": "Forward",
                      "Index Name": "movie_id_cast_info",
                      "Relation Name": "cast_info",
                      "Alias": "ci",
                      "Startup Cost": 0.56,
                      "Total Cost": 1.91,
                      "Plan Rows": 32,
                      "Plan Width": 4,
                      "Actual Startup Time": 0.007,
                      "Actual Total Time": 0.037,
                      "Actual Rows": 63,
                      "Actual Loops": 598457,
                      "Index Cond": "(movie_id = t.id)",
                      "Rows Removed by Index Recheck": 0,
                      "Filter": "(person_id > 457709)",
                      "Rows Removed by Filter": 10
                    }
                  ]
                }
              ]
            }
          ]
        }
      ]
    },
    "Planning Time": 1.341,
    "Triggers": [],
    "Execution Time": 4928.25
  }
]