[
  {
    "Plan": {
      "Node Type": "Aggregate",
      "Strategy": "Plain",
      "Partial Mode": "Finalize",
      "Parallel Aware": false,
      "Startup Cost": 33079.53,
      "Total Cost": 33079.54,
      "Plan Rows": 1,
      "Plan Width": 8,
      "Actual Startup Time": 116.165,
      "Actual Total Time": 124.218,
      "Actual Rows": 1,
      "Actual Loops": 1,
      "Plans": [
        {
          "Node Type": "Gather",
          "Parent Relationship": "Outer",
          "Parallel Aware": false,
          "Startup Cost": 33079.21,
          "Total Cost": 33079.52,
          "Plan Rows": 3,
          "Plan Width": 8,
          "Actual Startup Time": 115.954,
          "Actual Total Time": 124.208,
          "Actual Rows": 4,
          "Actual Loops": 1,
          "Workers Planned": 3,
          "Workers Launched": 3,
          "Single Copy": false,
          "Plans": [
            {
              "Node Type": "Aggregate",
              "Strategy": "Plain",
              "Partial Mode": "Partial",
              "Parent Relationship": "Outer",
              "Parallel Aware": false,
              "Startup Cost": 32079.21,
              "Total Cost": 32079.22,
              "Plan Rows": 1,
              "Plan Width": 8,
              "Actual Startup Time": 106.631,
              "Actual Total Time": 106.633,
              "Actual Rows": 1,
              "Actual Loops": 4,
              "Plans": [
                {
                  "Node Type": "Bitmap Heap Scan",
                  "Parent Relationship": "Outer",
                  "Parallel Aware": true,
                  "Relation Name": "movie_keyword",
                  "Alias": "mk",
                  "Startup Cost": 6208.9,
                  "Total Cost": 31843.16,
                  "Plan Rows": 94421,
                  "Plan Width": 0,
                  "Actual Startup Time": 35.468,
                  "Actual Total Time": 101.193,
                  "Actual Rows": 72410,
                  "Actual Loops": 4,
                  "Recheck Cond": "(keyword_id > 55474)",
                  "Rows Removed by Index Recheck": 0,
                  "Exact Heap Blocks": 8372,
                  "Lossy Heap Blocks": 0,
                  "Plans": [
                    {
                      "Node Type": "Bitmap Index Scan",
                      "Parent Relationship": "Outer",
                      "Parallel Aware": false,
                      "Index Name": "keyword_id_movie_keyword",
                      "Startup Cost": 0.0,
                      "Total Cost": 6135.72,
                      "Plan Rows": 292705,
                      "Plan Width": 0,
                      "Actual Startup Time": 37.395,
                      "Actual Total Time": 37.396,
                      "Actual Rows": 289642,
                      "Actual Loops": 1,
                      "Index Cond": "(keyword_id > 55474)"
                    }
                  ]
                }
              ]
            }
          ]
        }
      ]
    },
    "Planning Time": 0.156,
    "Triggers": [],
    "Execution Time": 124.289
  }
]