[
  {
    "Plan": {
      "Node Type": "Aggregate",
      "Strategy": "Plain",
      "Partial Mode": "Finalize",
      "Parallel Aware": false,
      "Startup Cost": 31380.64,
      "Total Cost": 31380.65,
      "Plan Rows": 1,
      "Plan Width": 8,
      "Actual Startup Time": 103.216,
      "Actual Total Time": 108.718,
      "Actual Rows": 1,
      "Actual Loops": 1,
      "Plans": [
        {
          "Node Type": "Gather",
          "Parent Relationship": "Outer",
          "Parallel Aware": false,
          "Startup Cost": 31380.32,
          "Total Cost": 31380.63,
          "Plan Rows": 3,
          "Plan Width": 8,
          "Actual Startup Time": 103.086,
          "Actual Total Time": 108.709,
          "Actual Rows": 4,
          "Actual Loops": 1,
          "Workers Planned": 3,
          "Workers Launched": 3,
          "Single Copy": false,
          "Plans": [
            {
              "Node Type": "Aggregate",
              "Strategy": "Plain",
              "Partial Mode": "Partial",
              "Parent Relationship": "Outer",
              "Parallel Aware": false,
              "Startup Cost": 30380.32,
              "Total Cost": 30380.33,
              "Plan Rows": 1,
              "Plan Width": 8,
              "Actual Startup Time": 97.755,
              "Actual Total Time": 97.756,
              "Actual Rows": 1,
              "Actual Loops": 4,
              "Plans": [
                {
                  "Node Type": "Seq Scan",
                  "Parent Relationship": "Outer",
                  "Parallel Aware": true,
                  "Relation Name": "movie_companies",
                  "Alias": "mc",
                  "Startup Cost": 0.0,
                  "Total Cost": 29310.68,
                  "Plan Rows": 427857,
                  "Plan Width": 0,
                  "Actual Startup Time": 14.472,
                  "Actual Total Time": 81.091,
                  "Actual Rows": 328088,
                  "Actual Loops": 4,
                  "Filter": "(company_id > 11272)",
                  "Rows Removed by Filter": 324194
                }
              ]
            }
          ]
        }
      ]
    },
    "Planning Time": 0.061,
    "Triggers": [],
    "Execution Time": 108.753
  }
]