[
  {
    "Plan": {
      "Node Type": "Aggregate",
      "Strategy": "Plain",
      "Partial Mode": "Finalize",
      "Parallel Aware": false,
      "Startup Cost": 284867.33,
      "Total Cost": 284867.34,
      "Plan Rows": 1,
      "Plan Width": 8,
      "Actual Startup Time": 1837.286,
      "Actual Total Time": 1900.963,
      "Actual Rows": 1,
      "Actual Loops": 1,
      "Plans": [
        {
          "Node Type": "Gather",
          "Parent Relationship": "Outer",
          "Parallel Aware": false,
          "Startup Cost": 284866.8,
          "Total Cost": 284867.31,
          "Plan Rows": 5,
          "Plan Width": 8,
          "Actual Startup Time": 1821.432,
          "Actual Total Time": 1900.938,
          "Actual Rows": 6,
          "Actual Loops": 1,
          "Workers Planned": 5,
          "Workers Launched": 5,
          "Single Copy": false,
          "Plans": [
            {
              "Node Type": "Aggregate",
              "Strategy": "Plain",
              "Partial Mode": "Partial",
              "Parent Relationship": "Outer",
              "Parallel Aware": false,
              "Startup Cost": 283866.8,
              "Total Cost": 283866.81,
              "Plan Rows": 1,
              "Plan Width": 8,
              "Actual Startup Time": 1810.555,
              "Actual Total Time": 1811.003,
              "Actual Rows": 1,
              "Actual Loops": 6,
              "Plans": [
                {
                  "Node Type": "Hash Join",
                  "Parent Relationship": "Outer",
                  "Parallel Aware": true,
                  "Join Type": "Inner",
                  "Startup Cost": 68352.39,
                  "Total Cost": 281570.81,
                  "Plan Rows": 918399,
                  "Plan Width": 0,
                  "Actual Startup Time": 450.036,
                  "Actual Total Time": 1666.294,
                  "Actual Rows": 2326121,
                  "Actual Loops": 6,
                  "Inner Unique": false,
                  "Hash Cond": "(mi.movie_id = t.id)",
                  "Plans": [
                    {
                      "Node Type": "Seq Scan",
                      "Parent Relationship": "Outer",
                      "Parallel Aware": true,
                      "Relation Name": "movie_info",
                      "Alias": "mi",
                      "Startup Cost": 0.0,
                      "Total Cost": 199108.24,
                      "Plan Rows": 2742269,
                      "Plan Width": 4,
                      "Actual Startup Time": 0.045,
                      "Actual Total Time": 479.453,
                      "Actual Rows": 2284522,
                      "Actual Loops": 6,
                      "Filter": "(info_type_id < 62)",
                      "Rows Removed by Filter": 188098
                    },
                    {
                      "Node Type": "Hash",
                      "Parent Relationship": "Inner",
                      "Parallel Aware": true,
                      "Startup Cost": 63942.08,
                      "Total Cost": 63942.08,
                      "Plan Rows": 352825,
                      "Plan Width": 8,
                      "Actual Startup Time": 444.266,
                      "Actual Total Time": 444.712,
                      "Actual Rows": 168447,
                      "Actual Loops": 6,
                      "Hash Buckets": 1048576,
                      "Original Hash Buckets": 1048576,
                      "Hash Batches": 1,
                      "Original Hash Batches": 1,
                      "Peak Memory Usage": 47776,
                      "Plans": [
                        {
                          "Node Type": "Hash Join",
                          "Parent Relationship": "Outer",
                          "Parallel Aware": true,
                          "Join Type": "Inner",
                          "Startup Cost": 48747.52,
                          "Total Cost": 63942.08,
                          "Plan Rows": 352825,
                          "Plan Width": 8,
                          "Actual Startup Time": 270.086,
                          "Actual Total Time": 378.652,
                          "Actual Rows": 168447,
                          "Actual Loops": 6,
                          "Inner Unique": true,
                          "Hash Cond": "(mi_idx.movie_id = t.id)",
                          "Plans": [
                            {
                              "Node Type": "Seq Scan",
                              "Parent Relationship": "Outer",
                              "Parallel Aware": true,
                              "Relation Name": "movie_info_idx",
                              "Alias": "mi_idx",
                              "Startup Cost": 0.0,
                              "Total Cost": 13685.15,
                              "Plan Rows": 575015,
                              "Plan Width": 4,
                              "Actual Startup Time": 0.023,
                              "Actual Total Time": 30.395,
                              "Actual Rows": 230006,
                              "Actual Loops": 6
                            },
                            {
                              "Node Type": "Hash",
                              "Parent Relationship": "Inner",
                              "Parallel Aware": true,
                              "Startup Cost": 43899.32,
                              "Total Cost": 43899.32,
                              "Plan Rows": 387856,
                              "Plan Width": 4,
                              "Actual Startup Time": 266.664,
                              "Actual Total Time": 266.666,
                              "Actual Rows": 258621,
                              "Actual Loops": 6,
                              "Hash Buckets": 2097152,
                              "Original Hash Buckets": 2097152,
                              "Hash Batches": 1,
                              "Original Hash Batches": 1,
                              "Peak Memory Usage": 77184,
                              "Plans": [
                                {
                                  "Node Type": "Seq Scan",
                                  "Parent Relationship": "Outer",
                                  "Parallel Aware": true,
                                  "Relation Name": "title",
                                  "Alias": "t",
                                  "Startup Cost": 0.0,
                                  "Total Cost": 43899.32,
                                  "Plan Rows": 387856,
                                  "Plan Width": 4,
                                  "Actual Startup Time": 0.075,
                                  "Actual Total Time": 114.066,
                                  "Actual Rows": 258621,
                                  "Actual Loops": 6,
                                  "Filter": "(production_year < 2007)",
                                  "Rows Removed by Filter": 162764
                                }
                              ]
                            }
                          ]
                        }
                      ]
                    }
                  ]
                }
              ]
            }
          ]
        }
      ]
    },
    "Planning Time": 1.458,
    "Triggers": [],
    "Execution Time": 1901.064
  }
]