[
  {
    "Plan": {
      "Node Type": "Aggregate",
      "Strategy": "Plain",
      "Partial Mode": "Finalize",
      "Parallel Aware": false,
      "Startup Cost": 30841.26,
      "Total Cost": 30841.27,
      "Plan Rows": 1,
      "Plan Width": 8,
      "Actual Startup Time": 101.305,
      "Actual Total Time": 107.672,
      "Actual Rows": 1,
      "Actual Loops": 1,
      "Plans": [
        {
          "Node Type": "Gather",
          "Parent Relationship": "Outer",
          "Parallel Aware": false,
          "Startup Cost": 30840.94,
          "Total Cost": 30841.25,
          "Plan Rows": 3,
          "Plan Width": 8,
          "Actual Startup Time": 101.197,
          "Actual Total Time": 107.665,
          "Actual Rows": 4,
          "Actual Loops": 1,
          "Workers Planned": 3,
          "Workers Launched": 3,
          "Single Copy": false,
          "Plans": [
            {
              "Node Type": "Aggregate",
              "Strategy": "Plain",
              "Partial Mode": "Partial",
              "Parent Relationship": "Outer",
              "Parallel Aware": false,
              "Startup Cost": 29840.94,
              "Total Cost": 29840.95,
              "Plan Rows": 1,
              "Plan Width": 8,
              "Actual Startup Time": 92.846,
              "Actual Total Time": 92.847,
              "Actual Rows": 1,
              "Actual Loops": 4,
              "Plans": [
                {
                  "Node Type": "Seq Scan",
                  "Parent Relationship": "Outer",
                  "Parallel Aware": true,
                  "Relation Name": "movie_companies",
                  "Alias": "mc",
                  "Startup Cost": 0.0,
                  "Total Cost": 29310.68,
                  "Plan Rows": 212105,
                  "Plan Width": 0,
                  "Actual Startup Time": 36.251,
                  "Actual Total Time": 84.213,
                  "Actual Rows": 167610,
                  "Actual Loops": 4,
                  "Filter": "(company_id > 50569)",
                  "Rows Removed by Filter": 484672
                }
              ]
            }
          ]
        }
      ]
    },
    "Planning Time": 0.164,
    "Triggers": [],
    "Execution Time": 107.721
  }
]