{
  "Plan": {
    "Node Type": "Aggregate",
    "Strategy": "Plain",
    "Partial Mode": "Finalize",
    "Parallel Aware": false,
    "Startup Cost": 99068.47,
    "Total Cost": 99068.48,
    "Plan Rows": 1,
    "Plan Width": 8,
    "Actual Startup Time": 398.184,
    "Actual Total Time": 417.669,
    "Actual Rows": 1,
    "Actual Loops": 1,
    "Plans": [
      {
        "Node Type": "Gather",
        "Parent Relationship": "Outer",
        "Parallel Aware": false,
        "Startup Cost": 99068.36,
        "Total Cost": 99068.47,
        "Plan Rows": 1,
        "Plan Width": 8,
        "Actual Startup Time": 396.528,
        "Actual Total Time": 417.658,
        "Actual Rows": 2,
        "Actual Loops": 1,
        "Workers Planned": 1,
        "Workers Launched": 1,
        "Single Copy": false,
        "Plans": [
          {
            "Node Type": "Aggregate",
            "Strategy": "Plain",
            "Partial Mode": "Partial",
            "Parent Relationship": "Outer",
            "Parallel Aware": false,
            "Startup Cost": 98068.36,
            "Total Cost": 98068.37,
            "Plan Rows": 1,
            "Plan Width": 8,
            "Actual Startup Time": 390.835,
            "Actual Total Time": 390.84,
            "Actual Rows": 1,
            "Actual Loops": 2,
            "Plans": [
              {
                "Node Type": "Hash Join",
                "Parent Relationship": "Outer",
                "Parallel Aware": true,
                "Join Type": "Inner",
                "Startup Cost": 73391.13,
                "Total Cost": 98021.98,
                "Plan Rows": 18552,
                "Plan Width": 0,
                "Actual Startup Time": 261.118,
                "Actual Total Time": 388.837,
                "Actual Rows": 33971,
                "Actual Loops": 2,
                "Inner Unique": true,
                "Hash Cond": "(mc.movie_id = t.id)",
                "Plans": [
                  {
                    "Node Type": "Bitmap Heap Scan",
                    "Parent Relationship": "Outer",
                    "Parallel Aware": true,
                    "Relation Name": "movie_companies",
                    "Alias": "mc",
                    "Startup Cost": 13130.38,
                    "Total Cost": 37297.97,
                    "Plan Rows": 176481,
                    "Plan Width": 4,
                    "Actual Startup Time": 42.159,
                    "Actual Total Time": 119.958,
                    "Actual Rows": 217916,
                    "Actual Loops": 2,
                    "Recheck Cond": "(company_id < 702)",
                    "Rows Removed by Index Recheck": 0,
                    "Filter": "(company_type_id < 2)",
                    "Rows Removed by Filter": 84783,
                    "Exact Heap Blocks": 12181,
                    "Lossy Heap Blocks": 0,
                    "Plans": [
                      {
                        "Node Type": "Bitmap Index Scan",
                        "Parent Relationship": "Outer",
                        "Parallel Aware": false,
                        "Index Name": "company_id_movie_companies",
                        "Startup Cost": 0.0,
                        "Total Cost": 13055.38,
                        "Plan Rows": 609460,
                        "Plan Width": 0,
                        "Actual Startup Time": 37.707,
                        "Actual Total Time": 37.708,
                        "Actual Rows": 605399,
                        "Actual Loops": 1,
                        "Index Cond": "(company_id < 702)"
                      }
                    ]
                  },
                  {
                    "Node Type": "Hash",
                    "Parent Relationship": "Inner",
                    "Parallel Aware": true,
                    "Startup Cost": 58306.47,
                    "Total Cost": 58306.47,
                    "Plan Rows": 156342,
                    "Plan Width": 4,
                    "Actual Startup Time": 213.55,
                    "Actual Total Time": 213.551,
                    "Actual Rows": 191306,
                    "Actual Loops": 2,
                    "Hash Buckets": 524288,
                    "Original Hash Buckets": 524288,
                    "Hash Batches": 1,
                    "Original Hash Batches": 1,
                    "Peak Memory Usage": 19104,
                    "Plans": [
                      {
                        "Node Type": "Seq Scan",
                        "Parent Relationship": "Outer",
                        "Parallel Aware": true,
                        "Relation Name": "title",
                        "Alias": "t",
                        "Startup Cost": 0.0,
                        "Total Cost": 58306.47,
                        "Plan Rows": 156342,
                        "Plan Width": 4,
                        "Actual Startup Time": 0.049,
                        "Actual Total Time": 164.887,
                        "Actual Rows": 191306,
                        "Actual Loops": 2,
                        "Filter": "((kind_id < 7) AND (production_year < 1990))",
                        "Rows Removed by Filter": 1072850
                      }
                    ]
                  }
                ]
              }
            ]
          }
        ]
      }
    ]
  },
  "Planning Time": 0.716,
  "Triggers": [],
  "Execution Time": 417.763
}