{
  "Plan": {
    "Node Type": "Aggregate",
    "Strategy": "Plain",
    "Partial Mode": "Finalize",
    "Parallel Aware": false,
    "Startup Cost": 473259.13,
    "Total Cost": 473259.14,
    "Plan Rows": 1,
    "Plan Width": 8,
    "Actual Startup Time": 1385.574,
    "Actual Total Time": 1409.922,
    "Actual Rows": 1,
    "Actual Loops": 1,
    "Plans": [
      {
        "Node Type": "Gather",
        "Parent Relationship": "Outer",
        "Parallel Aware": false,
        "Startup Cost": 473259.02,
        "Total Cost": 473259.13,
        "Plan Rows": 1,
        "Plan Width": 8,
        "Actual Startup Time": 1378.692,
        "Actual Total Time": 1409.911,
        "Actual Rows": 2,
        "Actual Loops": 1,
        "Workers Planned": 1,
        "Workers Launched": 1,
        "Single Copy": false,
        "Plans": [
          {
            "Node Type": "Aggregate",
            "Strategy": "Plain",
            "Partial Mode": "Partial",
            "Parent Relationship": "Outer",
            "Parallel Aware": false,
            "Startup Cost": 472259.02,
            "Total Cost": 472259.03,
            "Plan Rows": 1,
            "Plan Width": 8,
            "Actual Startup Time": 1366.659,
            "Actual Total Time": 1366.664,
            "Actual Rows": 1,
            "Actual Loops": 2,
            "Plans": [
              {
                "Node Type": "Hash Join",
                "Parent Relationship": "Outer",
                "Parallel Aware": true,
                "Join Type": "Inner",
                "Startup Cost": 168276.39,
                "Total Cost": 466521.56,
                "Plan Rows": 2294983,
                "Plan Width": 0,
                "Actual Startup Time": 728.885,
                "Actual Total Time": 1332.291,
                "Actual Rows": 814103,
                "Actual Loops": 2,
                "Inner Unique": true,
                "Hash Cond": "(ci.movie_id = t.id)",
                "Plans": [
                  {
                    "Node Type": "Bitmap Heap Scan",
                    "Parent Relationship": "Outer",
                    "Parallel Aware": true,
                    "Relation Name": "cast_info",
                    "Alias": "ci",
                    "Startup Cost": 98815.69,
                    "Total Cost": 391036.52,
                    "Plan Rows": 2294983,
                    "Plan Width": 4,
                    "Actual Startup Time": 207.055,
                    "Actual Total Time": 470.576,
                    "Actual Rows": 814103,
                    "Actual Loops": 2,
                    "Recheck Cond": "(person_id > 3275905)",
                    "Rows Removed by Index Recheck": 0,
                    "Filter": "(role_id < 10)",
                    "Rows Removed by Filter": 1329140,
                    "Exact Heap Blocks": 32384,
                    "Lossy Heap Blocks": 0,
                    "Plans": [
                      {
                        "Node Type": "Bitmap Index Scan",
                        "Parent Relationship": "Outer",
                        "Parallel Aware": false,
                        "Index Name": "person_id_cast_info",
                        "Startup Cost": 0.0,
                        "Total Cost": 97840.32,
                        "Plan Rows": 4480501,
                        "Plan Width": 0,
                        "Actual Startup Time": 196.677,
                        "Actual Total Time": 196.677,
                        "Actual Rows": 4286487,
                        "Actual Loops": 1,
                        "Index Cond": "(person_id > 3275905)"
                      }
                    ]
                  },
                  {
                    "Node Type": "Hash",
                    "Parent Relationship": "Inner",
                    "Parallel Aware": true,
                    "Startup Cost": 50870.31,
                    "Total Cost": 50870.31,
                    "Plan Rows": 1487231,
                    "Plan Width": 4,
                    "Actual Startup Time": 499.317,
                    "Actual Total Time": 499.318,
                    "Actual Rows": 1264156,
                    "Actual Loops": 2,
                    "Hash Buckets": 4194304,
                    "Original Hash Buckets": 4194304,
                    "Hash Batches": 1,
                    "Original Hash Batches": 1,
                    "Peak Memory Usage": 131712,
                    "Plans": [
                      {
                        "Node Type": "Seq Scan",
                        "Parent Relationship": "Outer",
                        "Parallel Aware": true,
                        "Relation Name": "title",
                        "Alias": "t",
                        "Startup Cost": 0.0,
                        "Total Cost": 50870.31,
                        "Plan Rows": 1487231,
                        "Plan Width": 4,
                        "Actual Startup Time": 0.032,
                        "Actual Total Time": 150.487,
                        "Actual Rows": 1264156,
                        "Actual Loops": 2
                      }
                    ]
                  }
                ]
              }
            ]
          }
        ]
      }
    ]
  },
  "Planning Time": 0.665,
  "Triggers": [],
  "Execution Time": 1410.013
}