[
  {
    "Plan": {
      "Node Type": "Aggregate",
      "Strategy": "Plain",
      "Partial Mode": "Finalize",
      "Parallel Aware": false,
      "Startup Cost": 220625.81,
      "Total Cost": 220625.82,
      "Plan Rows": 1,
      "Plan Width": 8,
      "Actual Startup Time": 204.068,
      "Actual Total Time": 216.241,
      "Actual Rows": 1,
      "Actual Loops": 1,
      "Plans": [
        {
          "Node Type": "Gather",
          "Parent Relationship": "Outer",
          "Parallel Aware": false,
          "Startup Cost": 220625.29,
          "Total Cost": 220625.8,
          "Plan Rows": 5,
          "Plan Width": 8,
          "Actual Startup Time": 197.95,
          "Actual Total Time": 216.23,
          "Actual Rows": 6,
          "Actual Loops": 1,
          "Workers Planned": 5,
          "Workers Launched": 5,
          "Single Copy": false,
          "Plans": [
            {
              "Node Type": "Aggregate",
              "Strategy": "Plain",
              "Partial Mode": "Partial",
              "Parent Relationship": "Outer",
              "Parallel Aware": false,
              "Startup Cost": 219625.29,
              "Total Cost": 219625.3,
              "Plan Rows": 1,
              "Plan Width": 8,
              "Actual Startup Time": 186.866,
              "Actual Total Time": 186.869,
              "Actual Rows": 1,
              "Actual Loops": 6,
              "Plans": [
                {
                  "Node Type": "Hash Join",
                  "Parent Relationship": "Outer",
                  "Parallel Aware": true,
                  "Join Type": "Inner",
                  "Startup Cost": 53416.63,
                  "Total Cost": 219576.84,
                  "Plan Rows": 19381,
                  "Plan Width": 0,
                  "Actual Startup Time": 161.492,
                  "Actual Total Time": 184.594,
                  "Actual Rows": 51006,
                  "Actual Loops": 6,
                  "Inner Unique": true,
                  "Hash Cond": "(mi.movie_id = t.id)",
                  "Plans": [
                    {
                      "Node Type": "Bitmap Heap Scan",
                      "Parent Relationship": "Outer",
                      "Parallel Aware": true,
                      "Relation Name": "movie_info",
                      "Alias": "mi",
                      "Startup Cost": 5351.18,
                      "Total Cost": 171355.94,
                      "Plan Rows": 59219,
                      "Plan Width": 4,
                      "Actual Startup Time": 11.169,
                      "Actual Total Time": 23.056,
                      "Actual Rows": 51131,
                      "Actual Loops": 6,
                      "Recheck Cond": "(info_type_id > 105)",
                      "Rows Removed by Index Recheck": 0,
                      "Exact Heap Blocks": 1162,
                      "Lossy Heap Blocks": 0,
                      "Plans": [
                        {
                          "Node Type": "Bitmap Index Scan",
                          "Parent Relationship": "Outer",
                          "Parallel Aware": false,
                          "Index Name": "info_type_id_movie_info",
                          "Startup Cost": 0.0,
                          "Total Cost": 5277.15,
                          "Plan Rows": 296096,
                          "Plan Width": 0,
                          "Actual Startup Time": 10.373,
                          "Actual Total Time": 10.374,
                          "Actual Rows": 306788,
                          "Actual Loops": 1,
                          "Index Cond": "(info_type_id > 105)"
                        }
                      ]
                    },
                    {
                      "Node Type": "Hash",
                      "Parent Relationship": "Inner",
                      "Parallel Aware": true,
                      "Startup Cost": 45479.59,
                      "Total Cost": 45479.59,
                      "Plan Rows": 206869,
                      "Plan Width": 4,
                      "Actual Startup Time": 146.572,
                      "Actual Total Time": 146.574,
                      "Actual Rows": 141237,
                      "Actual Loops": 6,
                      "Hash Buckets": 1048576,
                      "Original Hash Buckets": 1048576,
                      "Hash Batches": 1,
                      "Original Hash Batches": 1,
                      "Peak Memory Usage": 41440,
                      "Plans": [
                        {
                          "Node Type": "Seq Scan",
                          "Parent Relationship": "Outer",
                          "Parallel Aware": true,
                          "Relation Name": "title",
                          "Alias": "t",
                          "Startup Cost": 0.0,
                          "Total Cost": 45479.59,
                          "Plan Rows": 206869,
                          "Plan Width": 4,
                          "Actual Startup Time": 0.053,
                          "Actual Total Time": 86.367,
                          "Actual Rows": 141237,
                          "Actual Loops": 6,
                          "Filter": "((kind_id < 4) AND (production_year > 0))",
                          "Rows Removed by Filter": 280148
                        }
                      ]
                    }
                  ]
                }
              ]
            }
          ]
        }
      ]
    },
    "Planning Time": 0.569,
    "Triggers": [],
    "Execution Time": 216.333
  }
]