[
  {
    "Plan": {
      "Node Type": "Aggregate",
      "Strategy": "Plain",
      "Partial Mode": "Finalize",
      "Parallel Aware": false,
      "Startup Cost": 356003.85,
      "Total Cost": 356003.86,
      "Plan Rows": 1,
      "Plan Width": 8,
      "Actual Startup Time": 964.254,
      "Actual Total Time": 1010.075,
      "Actual Rows": 1,
      "Actual Loops": 1,
      "Plans": [
        {
          "Node Type": "Gather",
          "Parent Relationship": "Outer",
          "Parallel Aware": false,
          "Startup Cost": 356003.23,
          "Total Cost": 356003.84,
          "Plan Rows": 6,
          "Plan Width": 8,
          "Actual Startup Time": 964.082,
          "Actual Total Time": 1010.058,
          "Actual Rows": 7,
          "Actual Loops": 1,
          "Workers Planned": 6,
          "Workers Launched": 6,
          "Single Copy": false,
          "Plans": [
            {
              "Node Type": "Aggregate",
              "Strategy": "Plain",
              "Partial Mode": "Partial",
              "Parent Relationship": "Outer",
              "Parallel Aware": false,
              "Startup Cost": 355003.23,
              "Total Cost": 355003.24,
              "Plan Rows": 1,
              "Plan Width": 8,
              "Actual Startup Time": 955.782,
              "Actual Total Time": 955.785,
              "Actual Rows": 1,
              "Actual Loops": 7,
              "Plans": [
                {
                  "Node Type": "Seq Scan",
                  "Parent Relationship": "Outer",
                  "Parallel Aware": true,
                  "Relation Name": "cast_info",
                  "Alias": "ci",
                  "Startup Cost": 0.0,
                  "Total Cost": 343316.27,
                  "Plan Rows": 4674782,
                  "Plan Width": 0,
                  "Actual Startup Time": 0.052,
                  "Actual Total Time": 745.391,
                  "Actual Rows": 4317129,
                  "Actual Loops": 7,
                  "Filter": "((person_id < 3317652) AND (role_id < 10))",
                  "Rows Removed by Filter": 860635
                }
              ]
            }
          ]
        }
      ]
    },
    "Planning Time": 0.118,
    "Triggers": [],
    "Execution Time": 1010.123
  }
]