[
  {
    "Plan": {
      "Node Type": "Aggregate",
      "Strategy": "Plain",
      "Partial Mode": "Finalize",
      "Parallel Aware": false,
      "Startup Cost": 355861.64,
      "Total Cost": 355861.65,
      "Plan Rows": 1,
      "Plan Width": 8,
      "Actual Startup Time": 1023.045,
      "Actual Total Time": 1082.624,
      "Actual Rows": 1,
      "Actual Loops": 1,
      "Plans": [
        {
          "Node Type": "Gather",
          "Parent Relationship": "Outer",
          "Parallel Aware": false,
          "Startup Cost": 355861.01,
          "Total Cost": 355861.62,
          "Plan Rows": 6,
          "Plan Width": 8,
          "Actual Startup Time": 1022.924,
          "Actual Total Time": 1082.616,
          "Actual Rows": 7,
          "Actual Loops": 1,
          "Workers Planned": 6,
          "Workers Launched": 6,
          "Single Copy": false,
          "Plans": [
            {
              "Node Type": "Aggregate",
              "Strategy": "Plain",
              "Partial Mode": "Partial",
              "Parent Relationship": "Outer",
              "Parallel Aware": false,
              "Startup Cost": 354861.01,
              "Total Cost": 354861.02,
              "Plan Rows": 1,
              "Plan Width": 8,
              "Actual Startup Time": 1014.303,
              "Actual Total Time": 1014.304,
              "Actual Rows": 1,
              "Actual Loops": 7,
              "Plans": [
                {
                  "Node Type": "Seq Scan",
                  "Parent Relationship": "Outer",
                  "Parallel Aware": true,
                  "Relation Name": "cast_info",
                  "Alias": "ci",
                  "Startup Cost": 0.0,
                  "Total Cost": 343257.03,
                  "Plan Rows": 4641594,
                  "Plan Width": 0,
                  "Actual Startup Time": 0.048,
                  "Actual Total Time": 804.44,
                  "Actual Rows": 4317129,
                  "Actual Loops": 7,
                  "Filter": "((person_id < 3317652) AND (role_id < 10))",
                  "Rows Removed by Filter": 860635
                }
              ]
            }
          ]
        }
      ]
    },
    "Planning Time": 0.146,
    "Triggers": [],
    "Execution Time": 1082.677
  }
]