{
  "Plan": {
    "Node Type": "Aggregate",
    "Strategy": "Plain",
    "Partial Mode": "Finalize",
    "Parallel Aware": false,
    "Startup Cost": 802564.83,
    "Total Cost": 802564.84,
    "Plan Rows": 1,
    "Plan Width": 8,
    "Actual Startup Time": 8690.976,
    "Actual Total Time": 8788.56,
    "Actual Rows": 1,
    "Actual Loops": 1,
    "Plans": [
      {
        "Node Type": "Gather",
        "Parent Relationship": "Outer",
        "Parallel Aware": false,
        "Startup Cost": 802564.72,
        "Total Cost": 802564.83,
        "Plan Rows": 1,
        "Plan Width": 8,
        "Actual Startup Time": 8670.975,
        "Actual Total Time": 8788.55,
        "Actual Rows": 2,
        "Actual Loops": 1,
        "Workers Planned": 1,
        "Workers Launched": 1,
        "Single Copy": false,
        "Plans": [
          {
            "Node Type": "Aggregate",
            "Strategy": "Plain",
            "Partial Mode": "Partial",
            "Parent Relationship": "Outer",
            "Parallel Aware": false,
            "Startup Cost": 801564.72,
            "Total Cost": 801564.73,
            "Plan Rows": 1,
            "Plan Width": 8,
            "Actual Startup Time": 8645.915,
            "Actual Total Time": 8648.301,
            "Actual Rows": 1,
            "Actual Loops": 2,
            "Plans": [
              {
                "Node Type": "Hash Join",
                "Parent Relationship": "Outer",
                "Parallel Aware": true,
                "Join Type": "Inner",
                "Startup Cost": 686308.9,
                "Total Cost": 788099.82,
                "Plan Rows": 5385961,
                "Plan Width": 0,
                "Actual Startup Time": 6408.089,
                "Actual Total Time": 8004.885,
                "Actual Rows": 15951540,
                "Actual Loops": 2,
                "Inner Unique": false,
                "Hash Cond": "(mk.movie_id = t.id)",
                "Plans": [
                  {
                    "Node Type": "Seq Scan",
                    "Parent Relationship": "Outer",
                    "Parallel Aware": true,
                    "Relation Name": "movie_keyword",
                    "Alias": "mk",
                    "Startup Cost": 0.0,
                    "Total Cost": 57718.19,
                    "Plan Rows": 1239061,
                    "Plan Width": 4,
                    "Actual Startup Time": 0.448,
                    "Actual Total Time": 180.486,
                    "Actual Rows": 1051796,
                    "Actual Loops": 2,
                    "Filter": "(keyword_id > 5706)",
                    "Rows Removed by Filter": 1210168
                  },
                  {
                    "Node Type": "Hash",
                    "Parent Relationship": "Inner",
                    "Parallel Aware": true,
                    "Startup Cost": 605500.03,
                    "Total Cost": 605500.03,
                    "Plan Rows": 6464709,
                    "Plan Width": 8,
                    "Actual Startup Time": 6351.676,
                    "Actual Total Time": 6354.06,
                    "Actual Rows": 5446421,
                    "Actual Loops": 2,
                    "Hash Buckets": 16777216,
                    "Original Hash Buckets": 16777216,
                    "Hash Batches": 1,
                    "Original Hash Batches": 1,
                    "Peak Memory Usage": 557248,
                    "Plans": [
                      {
                        "Node Type": "Hash Join",
                        "Parent Relationship": "Outer",
                        "Parallel Aware": true,
                        "Join Type": "Inner",
                        "Startup Cost": 69460.7,
                        "Total Cost": 605500.03,
                        "Plan Rows": 6464709,
                        "Plan Width": 8,
                        "Actual Startup Time": 1119.174,
                        "Actual Total Time": 4482.552,
                        "Actual Rows": 5446421,
                        "Actual Loops": 2,
                        "Inner Unique": true,
                        "Hash Cond": "(ci.movie_id = t.id)",
                        "Plans": [
                          {
                            "Node Type": "Seq Scan",
                            "Parent Relationship": "Outer",
                            "Parallel Aware": true,
                            "Relation Name": "cast_info",
                            "Alias": "ci",
                            "Startup Cost": 0.0,
                            "Total Cost": 519069.44,
                            "Plan Rows": 6464709,
                            "Plan Width": 4,
                            "Actual Startup Time": 585.175,
                            "Actual Total Time": 1338.073,
                            "Actual Rows": 5446421,
                            "Actual Loops": 2,
                            "Filter": "(person_id > 2617213)",
                            "Rows Removed by Filter": 12675751
                          },
                          {
                            "Node Type": "Hash",
                            "Parent Relationship": "Inner",
                            "Parallel Aware": true,
                            "Startup Cost": 50870.31,
                            "Total Cost": 50870.31,
                            "Plan Rows": 1487231,
                            "Plan Width": 4,
                            "Actual Startup Time": 523.006,
                            "Actual Total Time": 523.008,
                            "Actual Rows": 1264156,
                            "Actual Loops": 2,
                            "Hash Buckets": 4194304,
                            "Original Hash Buckets": 4194304,
                            "Hash Batches": 1,
                            "Original Hash Batches": 1,
                            "Peak Memory Usage": 131712,
                            "Plans": [
                              {
                                "Node Type": "Seq Scan",
                                "Parent Relationship": "Outer",
                                "Parallel Aware": true,
                                "Relation Name": "title",
                                "Alias": "t",
                                "Startup Cost": 0.0,
                                "Total Cost": 50870.31,
                                "Plan Rows": 1487231,
                                "Plan Width": 4,
                                "Actual Startup Time": 0.038,
                                "Actual Total Time": 147.596,
                                "Actual Rows": 1264156,
                                "Actual Loops": 2
                              }
                            ]
                          }
                        ]
                      }
                    ]
                  }
                ]
              }
            ]
          }
        ]
      }
    ]
  },
  "Planning Time": 0.972,
  "Triggers": [],
  "Execution Time": 8788.644
}