[
  {
    "Plan": {
      "Node Type": "Aggregate",
      "Strategy": "Plain",
      "Partial Mode": "Finalize",
      "Parallel Aware": false,
      "Startup Cost": 33410.76,
      "Total Cost": 33410.77,
      "Plan Rows": 1,
      "Plan Width": 8,
      "Actual Startup Time": 85.769,
      "Actual Total Time": 96.395,
      "Actual Rows": 1,
      "Actual Loops": 1,
      "Plans": [
        {
          "Node Type": "Gather",
          "Parent Relationship": "Outer",
          "Parallel Aware": false,
          "Startup Cost": 33410.44,
          "Total Cost": 33410.75,
          "Plan Rows": 3,
          "Plan Width": 8,
          "Actual Startup Time": 85.439,
          "Actual Total Time": 96.381,
          "Actual Rows": 4,
          "Actual Loops": 1,
          "Workers Planned": 3,
          "Workers Launched": 3,
          "Single Copy": false,
          "Plans": [
            {
              "Node Type": "Aggregate",
              "Strategy": "Plain",
              "Partial Mode": "Partial",
              "Parent Relationship": "Outer",
              "Parallel Aware": false,
              "Startup Cost": 32410.44,
              "Total Cost": 32410.45,
              "Plan Rows": 1,
              "Plan Width": 8,
              "Actual Startup Time": 81.784,
              "Actual Total Time": 81.786,
              "Actual Rows": 1,
              "Actual Loops": 4,
              "Plans": [
                {
                  "Node Type": "Bitmap Heap Scan",
                  "Parent Relationship": "Outer",
                  "Parallel Aware": true,
                  "Relation Name": "movie_keyword",
                  "Alias": "mk",
                  "Startup Cost": 6478.93,
                  "Total Cost": 32164.19,
                  "Plan Rows": 98501,
                  "Plan Width": 0,
                  "Actual Startup Time": 21.105,
                  "Actual Total Time": 77.283,
                  "Actual Rows": 77216,
                  "Actual Loops": 4,
                  "Recheck Cond": "(keyword_id > 52794)",
                  "Rows Removed by Index Recheck": 0,
                  "Exact Heap Blocks": 8536,
                  "Lossy Heap Blocks": 0,
                  "Plans": [
                    {
                      "Node Type": "Bitmap Index Scan",
                      "Parent Relationship": "Outer",
                      "Parallel Aware": false,
                      "Index Name": "keyword_id_movie_keyword",
                      "Startup Cost": 0.0,
                      "Total Cost": 6402.59,
                      "Plan Rows": 305354,
                      "Plan Width": 0,
                      "Actual Startup Time": 20.07,
                      "Actual Total Time": 20.07,
                      "Actual Rows": 308863,
                      "Actual Loops": 1,
                      "Index Cond": "(keyword_id > 52794)"
                    }
                  ]
                }
              ]
            }
          ]
        }
      ]
    },
    "Planning Time": 0.116,
    "Triggers": [],
    "Execution Time": 96.445
  }
]