[
  {
    "Plan": {
      "Node Type": "Aggregate",
      "Strategy": "Plain",
      "Partial Mode": "Finalize",
      "Parallel Aware": false,
      "Startup Cost": 336195.17,
      "Total Cost": 336195.18,
      "Plan Rows": 1,
      "Plan Width": 8,
      "Actual Startup Time": 865.463,
      "Actual Total Time": 914.981,
      "Actual Rows": 1,
      "Actual Loops": 1,
      "Plans": [
        {
          "Node Type": "Gather",
          "Parent Relationship": "Outer",
          "Parallel Aware": false,
          "Startup Cost": 336194.54,
          "Total Cost": 336195.15,
          "Plan Rows": 6,
          "Plan Width": 8,
          "Actual Startup Time": 865.254,
          "Actual Total Time": 914.967,
          "Actual Rows": 7,
          "Actual Loops": 1,
          "Workers Planned": 6,
          "Workers Launched": 6,
          "Single Copy": false,
          "Plans": [
            {
              "Node Type": "Aggregate",
              "Strategy": "Plain",
              "Partial Mode": "Partial",
              "Parent Relationship": "Outer",
              "Parallel Aware": false,
              "Startup Cost": 335194.54,
              "Total Cost": 335194.55,
              "Plan Rows": 1,
              "Plan Width": 8,
              "Actual Startup Time": 856.841,
              "Actual Total Time": 856.842,
              "Actual Rows": 1,
              "Actual Loops": 7,
              "Plans": [
                {
                  "Node Type": "Seq Scan",
                  "Parent Relationship": "Outer",
                  "Parallel Aware": true,
                  "Relation Name": "cast_info",
                  "Alias": "ci",
                  "Startup Cost": 0.0,
                  "Total Cost": 328211.39,
                  "Plan Rows": 2793260,
                  "Plan Width": 0,
                  "Actual Startup Time": 246.912,
                  "Actual Total Time": 709.911,
                  "Actual Rows": 2360954,
                  "Actual Loops": 7,
                  "Filter": "(person_id > 1976720)",
                  "Rows Removed by Filter": 2816810
                }
              ]
            }
          ]
        }
      ]
    },
    "Planning Time": 0.202,
    "Triggers": [],
    "Execution Time": 915.091
  }
]