[
  {
    "Plan": {
      "Node Type": "Aggregate",
      "Strategy": "Plain",
      "Partial Mode": "Finalize",
      "Parallel Aware": false,
      "Startup Cost": 336068.72,
      "Total Cost": 336068.73,
      "Plan Rows": 1,
      "Plan Width": 8,
      "Actual Startup Time": 698.254,
      "Actual Total Time": 756.45,
      "Actual Rows": 1,
      "Actual Loops": 1,
      "Plans": [
        {
          "Node Type": "Gather",
          "Parent Relationship": "Outer",
          "Parallel Aware": false,
          "Startup Cost": 336068.1,
          "Total Cost": 336068.71,
          "Plan Rows": 6,
          "Plan Width": 8,
          "Actual Startup Time": 698.143,
          "Actual Total Time": 756.44,
          "Actual Rows": 7,
          "Actual Loops": 1,
          "Workers Planned": 6,
          "Workers Launched": 6,
          "Single Copy": false,
          "Plans": [
            {
              "Node Type": "Aggregate",
              "Strategy": "Plain",
              "Partial Mode": "Partial",
              "Parent Relationship": "Outer",
              "Parallel Aware": false,
              "Startup Cost": 335068.1,
              "Total Cost": 335068.11,
              "Plan Rows": 1,
              "Plan Width": 8,
              "Actual Startup Time": 689.054,
              "Actual Total Time": 689.055,
              "Actual Rows": 1,
              "Actual Loops": 7,
              "Plans": [
                {
                  "Node Type": "Seq Scan",
                  "Parent Relationship": "Outer",
                  "Parallel Aware": true,
                  "Relation Name": "cast_info",
                  "Alias": "ci",
                  "Startup Cost": 0.0,
                  "Total Cost": 328162.03,
                  "Plan Rows": 2762428,
                  "Plan Width": 0,
                  "Actual Startup Time": 214.697,
                  "Actual Total Time": 585.368,
                  "Actual Rows": 2360954,
                  "Actual Loops": 7,
                  "Filter": "(person_id > 1976720)",
                  "Rows Removed by Filter": 2816810
                }
              ]
            }
          ]
        }
      ]
    },
    "Planning Time": 0.163,
    "Triggers": [],
    "Execution Time": 756.516
  }
]