[
  {
    "Plan": {
      "Node Type": "Aggregate",
      "Strategy": "Plain",
      "Partial Mode": "Finalize",
      "Parallel Aware": false,
      "Startup Cost": 629910.84,
      "Total Cost": 629910.85,
      "Plan Rows": 1,
      "Plan Width": 8,
      "Actual Startup Time": 11317.297,
      "Actual Total Time": 11410.273,
      "Actual Rows": 1,
      "Actual Loops": 1,
      "Plans": [
        {
          "Node Type": "Gather",
          "Parent Relationship": "Outer",
          "Parallel Aware": false,
          "Startup Cost": 629910.21,
          "Total Cost": 629910.82,
          "Plan Rows": 6,
          "Plan Width": 8,
          "Actual Startup Time": 11268.257,
          "Actual Total Time": 11410.231,
          "Actual Rows": 7,
          "Actual Loops": 1,
          "Workers Planned": 6,
          "Workers Launched": 6,
          "Single Copy": false,
          "Plans": [
            {
              "Node Type": "Aggregate",
              "Strategy": "Plain",
              "Partial Mode": "Partial",
              "Parent Relationship": "Outer",
              "Parallel Aware": false,
              "Startup Cost": 628910.21,
              "Total Cost": 628910.22,
              "Plan Rows": 1,
              "Plan Width": 8,
              "Actual Startup Time": 11246.012,
              "Actual Total Time": 11246.943,
              "Actual Rows": 1,
              "Actual Loops": 7,
              "Plans": [
                {
                  "Node Type": "Hash Join",
                  "Parent Relationship": "Outer",
                  "Parallel Aware": true,
                  "Join Type": "Inner",
                  "Startup Cost": 255558.17,
                  "Total Cost": 608027.88,
                  "Plan Rows": 8352934,
                  "Plan Width": 0,
                  "Actual Startup Time": 1574.035,
                  "Actual Total Time": 9395.6,
                  "Actual Rows": 41058490,
                  "Actual Loops": 7,
                  "Inner Unique": false,
                  "Hash Cond": "(ci.movie_id = t.id)",
                  "Plans": [
                    {
                      "Node Type": "Seq Scan",
                      "Parent Relationship": "Outer",
                      "Parallel Aware": true,
                      "Relation Name": "cast_info",
                      "Alias": "ci",
                      "Startup Cost": 0.0,
                      "Total Cost": 313106.51,
                      "Plan Rows": 6041951,
                      "Plan Width": 4,
                      "Actual Startup Time": 0.052,
                      "Actual Total Time": 600.535,
                      "Actual Rows": 5177763,
                      "Actual Loops": 7
                    },
                    {
                      "Node Type": "Hash",
                      "Parent Relationship": "Inner",
                      "Parallel Aware": true,
                      "Startup Cost": 246819.37,
                      "Total Cost": 246819.37,
                      "Plan Rows": 699104,
                      "Plan Width": 8,
                      "Actual Startup Time": 1566.315,
                      "Actual Total Time": 1567.242,
                      "Actual Rows": 889598,
                      "Actual Loops": 7,
                      "Hash Buckets": 8388608,
                      "Original Hash Buckets": 4194304,
                      "Hash Batches": 1,
                      "Original Hash Batches": 1,
                      "Peak Memory Usage": 341984,
                      "Plans": [
                        {
                          "Node Type": "Hash Join",
                          "Parent Relationship": "Outer",
                          "Parallel Aware": true,
                          "Join Type": "Inner",
                          "Startup Cost": 47339.96,
                          "Total Cost": 246819.37,
                          "Plan Rows": 699104,
                          "Plan Width": 8,
                          "Actual Startup Time": 148.2,
                          "Actual Total Time": 1004.686,
                          "Actual Rows": 889598,
                          "Actual Loops": 7,
                          "Inner Unique": true,
                          "Hash Cond": "(mi.movie_id = t.id)",
                          "Plans": [
                            {
                              "Node Type": "Seq Scan",
                              "Parent Relationship": "Outer",
                              "Parallel Aware": true,
                              "Relation Name": "movie_info",
                              "Alias": "mi",
                              "Startup Cost": 0.0,
                              "Total Cost": 191685.19,
                              "Plan Rows": 2969219,
                              "Plan Width": 4,
                              "Actual Startup Time": 0.043,
                              "Actual Total Time": 326.019,
                              "Actual Rows": 2119389,
                              "Actual Loops": 7
                            },
                            {
                              "Node Type": "Hash",
                              "Parent Relationship": "Inner",
                              "Parallel Aware": true,
                              "Startup Cost": 45479.59,
                              "Total Cost": 45479.59,
                              "Plan Rows": 148830,
                              "Plan Width": 4,
                              "Actual Startup Time": 134.365,
                              "Actual Total Time": 134.367,
                              "Actual Rows": 69232,
                              "Actual Loops": 7,
                              "Hash Buckets": 1048576,
                              "Original Hash Buckets": 1048576,
                              "Hash Batches": 1,
                              "Original Hash Batches": 1,
                              "Peak Memory Usage": 27264,
                              "Plans": [
                                {
                                  "Node Type": "Seq Scan",
                                  "Parent Relationship": "Outer",
                                  "Parallel Aware": true,
                                  "Relation Name": "title",
                                  "Alias": "t",
                                  "Startup Cost": 0.0,
                                  "Total Cost": 45479.59,
                                  "Plan Rows": 148830,
                                  "Plan Width": 4,
                                  "Actual Startup Time": 50.379,
                                  "Actual Total Time": 93.481,
                                  "Actual Rows": 69232,
                                  "Actual Loops": 7,
                                  "Filter": "((production_year > 1953) AND (kind_id = 1))",
                                  "Rows Removed by Filter": 291955
                                }
                              ]
                            }
                          ]
                        }
                      ]
                    }
                  ]
                }
              ]
            }
          ]
        }
      ]
    },
    "Planning Time": 1.054,
    "Triggers": [],
    "Execution Time": 11410.399
  }
]