[
  {
    "Plan": {
      "Node Type": "Aggregate",
      "Strategy": "Plain",
      "Partial Mode": "Finalize",
      "Parallel Aware": false,
      "Startup Cost": 629634.9,
      "Total Cost": 629634.91,
      "Plan Rows": 1,
      "Plan Width": 8,
      "Actual Startup Time": 10565.457,
      "Actual Total Time": 10658.197,
      "Actual Rows": 1,
      "Actual Loops": 1,
      "Plans": [
        {
          "Node Type": "Gather",
          "Parent Relationship": "Outer",
          "Parallel Aware": false,
          "Startup Cost": 629634.27,
          "Total Cost": 629634.88,
          "Plan Rows": 6,
          "Plan Width": 8,
          "Actual Startup Time": 10510.442,
          "Actual Total Time": 10658.183,
          "Actual Rows": 7,
          "Actual Loops": 1,
          "Workers Planned": 6,
          "Workers Launched": 6,
          "Single Copy": false,
          "Plans": [
            {
              "Node Type": "Aggregate",
              "Strategy": "Plain",
              "Partial Mode": "Partial",
              "Parent Relationship": "Outer",
              "Parallel Aware": false,
              "Startup Cost": 628634.27,
              "Total Cost": 628634.28,
              "Plan Rows": 1,
              "Plan Width": 8,
              "Actual Startup Time": 10484.008,
              "Actual Total Time": 10484.016,
              "Actual Rows": 1,
              "Actual Loops": 7,
              "Plans": [
                {
                  "Node Type": "Hash Join",
                  "Parent Relationship": "Outer",
                  "Parallel Aware": true,
                  "Join Type": "Inner",
                  "Startup Cost": 255397.09,
                  "Total Cost": 607785.58,
                  "Plan Rows": 8339479,
                  "Plan Width": 0,
                  "Actual Startup Time": 1392.465,
                  "Actual Total Time": 8794.036,
                  "Actual Rows": 41058490,
                  "Actual Loops": 7,
                  "Inner Unique": false,
                  "Hash Cond": "(ci.movie_id = t.id)",
                  "Plans": [
                    {
                      "Node Type": "Seq Scan",
                      "Parent Relationship": "Outer",
                      "Parallel Aware": true,
                      "Relation Name": "cast_info",
                      "Alias": "ci",
                      "Startup Cost": 0.0,
                      "Total Cost": 313067.02,
                      "Plan Rows": 6038002,
                      "Plan Width": 4,
                      "Actual Startup Time": 0.02,
                      "Actual Total Time": 527.872,
                      "Actual Rows": 5177763,
                      "Actual Loops": 7
                    },
                    {
                      "Node Type": "Hash",
                      "Parent Relationship": "Inner",
                      "Parallel Aware": true,
                      "Startup Cost": 246667.11,
                      "Total Cost": 246667.11,
                      "Plan Rows": 698398,
                      "Plan Width": 8,
                      "Actual Startup Time": 1385.364,
                      "Actual Total Time": 1385.37,
                      "Actual Rows": 889598,
                      "Actual Loops": 7,
                      "Hash Buckets": 8388608,
                      "Original Hash Buckets": 4194304,
                      "Hash Batches": 1,
                      "Original Hash Batches": 1,
                      "Peak Memory Usage": 342048,
                      "Plans": [
                        {
                          "Node Type": "Hash Join",
                          "Parent Relationship": "Outer",
                          "Parallel Aware": true,
                          "Join Type": "Inner",
                          "Startup Cost": 47345.35,
                          "Total Cost": 246667.11,
                          "Plan Rows": 698398,
                          "Plan Width": 8,
                          "Actual Startup Time": 132.638,
                          "Actual Total Time": 898.493,
                          "Actual Rows": 889598,
                          "Actual Loops": 7,
                          "Inner Unique": true,
                          "Hash Cond": "(mi.movie_id = t.id)",
                          "Plans": [
                            {
                              "Node Type": "Seq Scan",
                              "Parent Relationship": "Outer",
                              "Parallel Aware": true,
                              "Relation Name": "movie_info",
                              "Alias": "mi",
                              "Startup Cost": 0.0,
                              "Total Cost": 191560.33,
                              "Plan Rows": 2956733,
                              "Plan Width": 4,
                              "Actual Startup Time": 0.031,
                              "Actual Total Time": 293.937,
                              "Actual Rows": 2119389,
                              "Actual Loops": 7
                            },
                            {
                              "Node Type": "Hash",
                              "Parent Relationship": "Inner",
                              "Parallel Aware": true,
                              "Startup Cost": 45479.1,
                              "Total Cost": 45479.1,
                              "Plan Rows": 149300,
                              "Plan Width": 4,
                              "Actual Startup Time": 120.017,
                              "Actual Total Time": 120.018,
                              "Actual Rows": 69232,
                              "Actual Loops": 7,
                              "Hash Buckets": 1048576,
                              "Original Hash Buckets": 1048576,
                              "Hash Batches": 1,
                              "Original Hash Batches": 1,
                              "Peak Memory Usage": 27264,
                              "Plans": [
                                {
                                  "Node Type": "Seq Scan",
                                  "Parent Relationship": "Outer",
                                  "Parallel Aware": true,
                                  "Relation Name": "title",
                                  "Alias": "t",
                                  "Startup Cost": 0.0,
                                  "Total Cost": 45479.1,
                                  "Plan Rows": 149300,
                                  "Plan Width": 4,
                                  "Actual Startup Time": 46.755,
                                  "Actual Total Time": 85.296,
                                  "Actual Rows": 69232,
                                  "Actual Loops": 7,
                                  "Filter": "((production_year > 1953) AND (kind_id = 1))",
                                  "Rows Removed by Filter": 291955
                                }
                              ]
                            }
                          ]
                        }
                      ]
                    }
                  ]
                }
              ]
            }
          ]
        }
      ]
    },
    "Planning Time": 1.349,
    "Triggers": [],
    "Execution Time": 10658.302
  }
]