[
  {
    "Plan": {
      "Node Type": "Aggregate",
      "Strategy": "Plain",
      "Partial Mode": "Finalize",
      "Parallel Aware": false,
      "Startup Cost": 46328.43,
      "Total Cost": 46328.44,
      "Plan Rows": 1,
      "Plan Width": 8,
      "Actual Startup Time": 157.56,
      "Actual Total Time": 166.657,
      "Actual Rows": 1,
      "Actual Loops": 1,
      "Plans": [
        {
          "Node Type": "Gather",
          "Parent Relationship": "Outer",
          "Parallel Aware": false,
          "Startup Cost": 46328.12,
          "Total Cost": 46328.43,
          "Plan Rows": 3,
          "Plan Width": 8,
          "Actual Startup Time": 157.453,
          "Actual Total Time": 166.649,
          "Actual Rows": 4,
          "Actual Loops": 1,
          "Workers Planned": 3,
          "Workers Launched": 3,
          "Single Copy": false,
          "Plans": [
            {
              "Node Type": "Aggregate",
              "Strategy": "Plain",
              "Partial Mode": "Partial",
              "Parent Relationship": "Outer",
              "Parallel Aware": false,
              "Startup Cost": 45328.12,
              "Total Cost": 45328.13,
              "Plan Rows": 1,
              "Plan Width": 8,
              "Actual Startup Time": 150.93,
              "Actual Total Time": 150.932,
              "Actual Rows": 1,
              "Actual Loops": 4,
              "Plans": [
                {
                  "Node Type": "Seq Scan",
                  "Parent Relationship": "Outer",
                  "Parallel Aware": true,
                  "Relation Name": "movie_keyword",
                  "Alias": "mk",
                  "Startup Cost": 0.0,
                  "Total Cost": 42695.65,
                  "Plan Rows": 1052985,
                  "Plan Width": 0,
                  "Actual Startup Time": 0.167,
                  "Actual Total Time": 116.176,
                  "Actual Rows": 815021,
                  "Actual Loops": 4,
                  "Filter": "(keyword_id > 1613)",
                  "Rows Removed by Filter": 315962
                }
              ]
            }
          ]
        }
      ]
    },
    "Planning Time": 0.118,
    "Triggers": [],
    "Execution Time": 166.697
  }
]