[
  {
    "Plan": {
      "Node Type": "Aggregate",
      "Strategy": "Plain",
      "Partial Mode": "Finalize",
      "Parallel Aware": false,
      "Startup Cost": 111475.45,
      "Total Cost": 111475.46,
      "Plan Rows": 1,
      "Plan Width": 8,
      "Actual Startup Time": 714.421,
      "Actual Total Time": 735.377,
      "Actual Rows": 1,
      "Actual Loops": 1,
      "Plans": [
        {
          "Node Type": "Gather",
          "Parent Relationship": "Outer",
          "Parallel Aware": false,
          "Startup Cost": 111475.13,
          "Total Cost": 111475.44,
          "Plan Rows": 3,
          "Plan Width": 8,
          "Actual Startup Time": 705.874,
          "Actual Total Time": 735.365,
          "Actual Rows": 4,
          "Actual Loops": 1,
          "Workers Planned": 3,
          "Workers Launched": 3,
          "Single Copy": false,
          "Plans": [
            {
              "Node Type": "Aggregate",
              "Strategy": "Plain",
              "Partial Mode": "Partial",
              "Parent Relationship": "Outer",
              "Parallel Aware": false,
              "Startup Cost": 110475.13,
              "Total Cost": 110475.14,
              "Plan Rows": 1,
              "Plan Width": 8,
              "Actual Startup Time": 698.265,
              "Actual Total Time": 698.639,
              "Actual Rows": 1,
              "Actual Loops": 4,
              "Plans": [
                {
                  "Node Type": "Hash Join",
                  "Parent Relationship": "Outer",
                  "Parallel Aware": true,
                  "Join Type": "Inner",
                  "Startup Cost": 64859.45,
                  "Total Cost": 110242.92,
                  "Plan Rows": 92886,
                  "Plan Width": 0,
                  "Actual Startup Time": 399.541,
                  "Actual Total Time": 656.141,
                  "Actual Rows": 877762,
                  "Actual Loops": 4,
                  "Inner Unique": false,
                  "Hash Cond": "(mk.movie_id = t.id)",
                  "Plans": [
                    {
                      "Node Type": "Seq Scan",
                      "Parent Relationship": "Outer",
                      "Parallel Aware": true,
                      "Relation Name": "movie_keyword",
                      "Alias": "mk",
                      "Startup Cost": 0.0,
                      "Total Cost": 42695.65,
                      "Plan Rows": 613544,
                      "Plan Width": 4,
                      "Actual Startup Time": 0.092,
                      "Actual Total Time": 115.926,
                      "Actual Rows": 476653,
                      "Actual Loops": 4,
                      "Filter": "(keyword_id < 3270)",
                      "Rows Removed by Filter": 654330
                    },
                    {
                      "Node Type": "Hash",
                      "Parent Relationship": "Inner",
                      "Parallel Aware": true,
                      "Startup Cost": 62865.77,
                      "Total Cost": 62865.77,
                      "Plan Rows": 159494,
                      "Plan Width": 8,
                      "Actual Startup Time": 395.752,
                      "Actual Total Time": 396.123,
                      "Actual Rows": 199651,
                      "Actual Loops": 4,
                      "Hash Buckets": 1048576,
                      "Original Hash Buckets": 524288,
                      "Hash Batches": 1,
                      "Original Hash Batches": 1,
                      "Peak Memory Usage": 43584,
                      "Plans": [
                        {
                          "Node Type": "Hash Join",
                          "Parent Relationship": "Outer",
                          "Parallel Aware": true,
                          "Join Type": "Inner",
                          "Startup Cost": 47671.21,
                          "Total Cost": 62865.77,
                          "Plan Rows": 159494,
                          "Plan Width": 8,
                          "Actual Startup Time": 200.4,
                          "Actual Total Time": 320.855,
                          "Actual Rows": 199651,
                          "Actual Loops": 4,
                          "Inner Unique": true,
                          "Hash Cond": "(mi_idx.movie_id = t.id)",
                          "Plans": [
                            {
                              "Node Type": "Seq Scan",
                              "Parent Relationship": "Outer",
                              "Parallel Aware": true,
                              "Relation Name": "movie_info_idx",
                              "Alias": "mi_idx",
                              "Startup Cost": 0.0,
                              "Total Cost": 13685.15,
                              "Plan Rows": 575015,
                              "Plan Width": 4,
                              "Actual Startup Time": 0.014,
                              "Actual Total Time": 36.743,
                              "Actual Rows": 345009,
                              "Actual Loops": 4
                            },
                            {
                              "Node Type": "Hash",
                              "Parent Relationship": "Inner",
                              "Parallel Aware": true,
                              "Startup Cost": 45479.59,
                              "Total Cost": 45479.59,
                              "Plan Rows": 175330,
                              "Plan Width": 4,
                              "Actual Startup Time": 196.923,
                              "Actual Total Time": 196.924,
                              "Actual Rows": 187483,
                              "Actual Loops": 4,
                              "Hash Buckets": 1048576,
                              "Original Hash Buckets": 1048576,
                              "Hash Batches": 1,
                              "Original Hash Batches": 1,
                              "Peak Memory Usage": 37600,
                              "Plans": [
                                {
                                  "Node Type": "Seq Scan",
                                  "Parent Relationship": "Outer",
                                  "Parallel Aware": true,
                                  "Relation Name": "title",
                                  "Alias": "t",
                                  "Startup Cost": 0.0,
                                  "Total Cost": 45479.59,
                                  "Plan Rows": 175330,
                                  "Plan Width": 4,
                                  "Actual Startup Time": 0.06,
                                  "Actual Total Time": 116.301,
                                  "Actual Rows": 187483,
                                  "Actual Loops": 4,
                                  "Filter": "((kind_id < 7) AND (production_year < 2009))",
                                  "Rows Removed by Filter": 444595
                                }
                              ]
                            }
                          ]
                        }
                      ]
                    }
                  ]
                }
              ]
            }
          ]
        }
      ]
    },
    "Planning Time": 1.189,
    "Triggers": [],
    "Execution Time": 735.511
  }
]