[
  {
    "Plan": {
      "Node Type": "Aggregate",
      "Strategy": "Plain",
      "Partial Mode": "Finalize",
      "Parallel Aware": false,
      "Startup Cost": 333942.85,
      "Total Cost": 333942.86,
      "Plan Rows": 1,
      "Plan Width": 8,
      "Actual Startup Time": 269.267,
      "Actual Total Time": 300.539,
      "Actual Rows": 1,
      "Actual Loops": 1,
      "Plans": [
        {
          "Node Type": "Gather",
          "Parent Relationship": "Outer",
          "Parallel Aware": false,
          "Startup Cost": 333942.23,
          "Total Cost": 333942.84,
          "Plan Rows": 6,
          "Plan Width": 8,
          "Actual Startup Time": 268.165,
          "Actual Total Time": 300.523,
          "Actual Rows": 7,
          "Actual Loops": 1,
          "Workers Planned": 6,
          "Workers Launched": 6,
          "Single Copy": false,
          "Plans": [
            {
              "Node Type": "Aggregate",
              "Strategy": "Plain",
              "Partial Mode": "Partial",
              "Parent Relationship": "Outer",
              "Parallel Aware": false,
              "Startup Cost": 332942.23,
              "Total Cost": 332942.24,
              "Plan Rows": 1,
              "Plan Width": 8,
              "Actual Startup Time": 260.272,
              "Actual Total Time": 260.277,
              "Actual Rows": 1,
              "Actual Loops": 7,
              "Plans": [
                {
                  "Node Type": "Nested Loop",
                  "Parent Relationship": "Outer",
                  "Parallel Aware": false,
                  "Join Type": "Inner",
                  "Startup Cost": 66955.37,
                  "Total Cost": 332886.59,
                  "Plan Rows": 22255,
                  "Plan Width": 0,
                  "Actual Startup Time": 105.813,
                  "Actual Total Time": 256.848,
                  "Actual Rows": 50516,
                  "Actual Loops": 7,
                  "Inner Unique": false,
                  "Join Filter": "(t.id = mi.movie_id)",
                  "Rows Removed by Join Filter": 0,
                  "Plans": [
                    {
                      "Node Type": "Hash Join",
                      "Parent Relationship": "Outer",
                      "Parallel Aware": true,
                      "Join Type": "Inner",
                      "Startup Cost": 66954.94,
                      "Total Cost": 322593.63,
                      "Plan Rows": 3790,
                      "Plan Width": 8,
                      "Actual Startup Time": 105.647,
                      "Actual Total Time": 162.004,
                      "Actual Rows": 3833,
                      "Actual Loops": 7,
                      "Inner Unique": true,
                      "Hash Cond": "(ci.movie_id = t.id)",
                      "Plans": [
                        {
                          "Node Type": "Bitmap Heap Scan",
                          "Parent Relationship": "Outer",
                          "Parallel Aware": true,
                          "Relation Name": "cast_info",
                          "Alias": "ci",
                          "Startup Cost": 22837.28,
                          "Total Cost": 278115.94,
                          "Plan Rows": 137156,
                          "Plan Width": 4,
                          "Actual Startup Time": 33.369,
                          "Actual Total Time": 68.735,
                          "Actual Rows": 138620,
                          "Actual Loops": 7,
                          "Recheck Cond": "(person_id < 109990)",
                          "Rows Removed by Index Recheck": 0,
                          "Filter": "(role_id < 8)",
                          "Rows Removed by Filter": 15215,
                          "Exact Heap Blocks": 2938,
                          "Lossy Heap Blocks": 0,
                          "Plans": [
                            {
                              "Node Type": "Bitmap Index Scan",
                              "Parent Relationship": "Outer",
                              "Parallel Aware": false,
                              "Index Name": "person_id_cast_info",
                              "Startup Cost": 0.0,
                              "Total Cost": 22631.54,
                              "Plan Rows": 1036664,
                              "Plan Width": 0,
                              "Actual Startup Time": 31.637,
                              "Actual Total Time": 31.638,
                              "Actual Rows": 1076842,
                              "Actual Loops": 1,
                              "Index Cond": "(person_id < 109990)"
                            }
                          ]
                        },
                        {
                          "Node Type": "Hash",
                          "Parent Relationship": "Inner",
                          "Parallel Aware": true,
                          "Startup Cost": 43899.32,
                          "Total Cost": 43899.32,
                          "Plan Rows": 17467,
                          "Plan Width": 4,
                          "Actual Startup Time": 71.689,
                          "Actual Total Time": 71.691,
                          "Actual Rows": 9682,
                          "Actual Loops": 7,
                          "Hash Buckets": 131072,
                          "Original Hash Buckets": 131072,
                          "Hash Batches": 1,
                          "Original Hash Batches": 1,
                          "Peak Memory Usage": 3808,
                          "Plans": [
                            {
                              "Node Type": "Seq Scan",
                              "Parent Relationship": "Outer",
                              "Parallel Aware": true,
                              "Relation Name": "title",
                              "Alias": "t",
                              "Startup Cost": 0.0,
                              "Total Cost": 43899.32,
                              "Plan Rows": 17467,
                              "Plan Width": 4,
                              "Actual Startup Time": 0.041,
                              "Actual Total Time": 66.753,
                              "Actual Rows": 9682,
                              "Actual Loops": 7,
                              "Filter": "(production_year = 2003)",
                              "Rows Removed by Filter": 351505
                            }
                          ]
                        }
                      ]
                    },
                    {
                      "Node Type": "Index Only Scan",
                      "Parent Relationship": "Inner",
                      "Parallel Aware": false,
                      "Scan Direction": "Forward",
                      "Index Name": "movie_id_movie_info",
                      "Relation Name": "movie_info",
                      "Alias": "mi",
                      "Startup Cost": 0.43,
                      "Total Cost": 2.2,
                      "Plan Rows": 41,
                      "Plan Width": 4,
                      "Actual Startup Time": 0.008,
                      "Actual Total Time": 0.023,
                      "Actual Rows": 13,
                      "Actual Loops": 26830,
                      "Index Cond": "(movie_id = ci.movie_id)",
                      "Rows Removed by Index Recheck": 0,
                      "Heap Fetches": 353614
                    }
                  ]
                }
              ]
            }
          ]
        }
      ]
    },
    "Planning Time": 0.405,
    "Triggers": [],
    "Execution Time": 300.601
  }
]