[
  {
    "Plan": {
      "Node Type": "Aggregate",
      "Strategy": "Plain",
      "Partial Mode": "Finalize",
      "Parallel Aware": false,
      "Startup Cost": 44389.21,
      "Total Cost": 44389.22,
      "Plan Rows": 1,
      "Plan Width": 8,
      "Actual Startup Time": 126.055,
      "Actual Total Time": 135.707,
      "Actual Rows": 1,
      "Actual Loops": 1,
      "Plans": [
        {
          "Node Type": "Gather",
          "Parent Relationship": "Outer",
          "Parallel Aware": false,
          "Startup Cost": 44388.89,
          "Total Cost": 44389.2,
          "Plan Rows": 3,
          "Plan Width": 8,
          "Actual Startup Time": 125.928,
          "Actual Total Time": 135.697,
          "Actual Rows": 4,
          "Actual Loops": 1,
          "Workers Planned": 3,
          "Workers Launched": 3,
          "Single Copy": false,
          "Plans": [
            {
              "Node Type": "Aggregate",
              "Strategy": "Plain",
              "Partial Mode": "Partial",
              "Parent Relationship": "Outer",
              "Parallel Aware": false,
              "Startup Cost": 43388.89,
              "Total Cost": 43388.9,
              "Plan Rows": 1,
              "Plan Width": 8,
              "Actual Startup Time": 118.844,
              "Actual Total Time": 118.845,
              "Actual Rows": 1,
              "Actual Loops": 4,
              "Plans": [
                {
                  "Node Type": "Seq Scan",
                  "Parent Relationship": "Outer",
                  "Parallel Aware": true,
                  "Relation Name": "movie_keyword",
                  "Alias": "mk",
                  "Startup Cost": 0.0,
                  "Total Cost": 42695.65,
                  "Plan Rows": 277295,
                  "Plan Width": 0,
                  "Actual Startup Time": 4.213,
                  "Actual Total Time": 107.891,
                  "Actual Rows": 213250,
                  "Actual Loops": 4,
                  "Filter": "(keyword_id > 21538)",
                  "Rows Removed by Filter": 917732
                }
              ]
            }
          ]
        }
      ]
    },
    "Planning Time": 0.186,
    "Triggers": [],
    "Execution Time": 135.763
  }
]