[
    {
        "Bao": {
            "Bao prediction": 1609.182,
            "Bao recommended hint": "SET enable_nestloop TO off; "
        }
    },
    {
        "Plan": {
            "Node Type": "Aggregate",
            "Strategy": "Plain",
            "Partial Mode": "Simple",
            "Parallel Aware": false,
            "Startup Cost": 10002335784.99,
            "Total Cost": 10002335785.0,
            "Plan Rows": 1,
            "Plan Width": 64,
            "Actual Startup Time": 19275.402,
            "Actual Total Time": 19275.413,
            "Actual Rows": 1,
            "Actual Loops": 1,
            "Output": [
                "min(t.title)",
                "min(pi.info)"
            ],
            "Plans": [
                {
                    "Node Type": "Hash Join",
                    "Parent Relationship": "Outer",
                    "Parallel Aware": false,
                    "Join Type": "Inner",
                    "Startup Cost": 10002320795.35,
                    "Total Cost": 10002335784.56,
                    "Plan Rows": 86,
                    "Plan Width": 112,
                    "Actual Startup Time": 18995.45,
                    "Actual Total Time": 19275.178,
                    "Actual Rows": 1943,
                    "Actual Loops": 1,
                    "Output": [
                        "t.title",
                        "pi.info"
                    ],
                    "Inner Unique": true,
                    "Hash Cond": "(pi.info_type_id = it1.id)",
                    "Plans": [
                        {
                            "Node Type": "Hash Join",
                            "Parent Relationship": "Outer",
                            "Parallel Aware": false,
                            "Join Type": "Inner",
                            "Startup Cost": 10002320792.92,
                            "Total Cost": 10002335755.61,
                            "Plan Rows": 9740,
                            "Plan Width": 116,
                            "Actual Startup Time": 18995.121,
                            "Actual Total Time": 19255.533,
                            "Actual Rows": 412880,
                            "Actual Loops": 1,
                            "Output": [
                                "pi.info",
                                "pi.info_type_id",
                                "t.title"
                            ],
                            "Inner Unique": true,
                            "Hash Cond": "(ci.person_id = n.id)",
                            "Plans": [
                                {
                                    "Node Type": "Merge Join",
                                    "Parent Relationship": "Outer",
                                    "Parallel Aware": false,
                                    "Join Type": "Inner",
                                    "Startup Cost": 10002171409.44,
                                    "Total Cost": 10002185459.1,
                                    "Plan Rows": 347822,
                                    "Plan Width": 124,
                                    "Actual Startup Time": 17360.112,
                                    "Actual Total Time": 17551.189,
                                    "Actual Rows": 412880,
                                    "Actual Loops": 1,
                                    "Output": [
                                        "pi.info",
                                        "pi.person_id",
                                        "pi.info_type_id",
                                        "ci.person_id",
                                        "t.title"
                                    ],
                                    "Inner Unique": false,
                                    "Merge Cond": "(pi.person_id = ci.person_id)",
                                    "Plans": [
                                        {
                                            "Node Type": "Sort",
                                            "Parent Relationship": "Outer",
                                            "Parallel Aware": false,
                                            "Startup Cost": 112772.25,
                                            "Total Cost": 113456.41,
                                            "Plan Rows": 273664,
                                            "Plan Width": 103,
                                            "Actual Startup Time": 1739.789,
                                            "Actual Total Time": 1772.608,
                                            "Actual Rows": 235244,
                                            "Actual Loops": 1,
                                            "Output": [
                                                "pi.info",
                                                "pi.person_id",
                                                "pi.info_type_id"
                                            ],
                                            "Sort Key": [
                                                "pi.person_id"
                                            ],
                                            "Sort Method": "quicksort",
                                            "Sort Space Used": 73226,
                                            "Sort Space Type": "Memory",
                                            "Plans": [
                                                {
                                                    "Node Type": "Seq Scan",
                                                    "Parent Relationship": "Outer",
                                                    "Parallel Aware": false,
                                                    "Relation Name": "person_info",
                                                    "Schema": "public",
                                                    "Alias": "pi",
                                                    "Startup Cost": 0.0,
                                                    "Total Cost": 88057.59,
                                                    "Plan Rows": 273664,
                                                    "Plan Width": 103,
                                                    "Actual Startup Time": 0.22,
                                                    "Actual Total Time": 1623.125,
                                                    "Actual Rows": 239225,
                                                    "Actual Loops": 1,
                                                    "Output": [
                                                        "pi.info",
                                                        "pi.person_id",
                                                        "pi.info_type_id"
                                                    ],
                                                    "Filter": "(pi.info ~~* '%199%'::text)",
                                                    "Rows Removed by Filter": 2724439
                                                }
                                            ]
                                        },
                                        {
                                            "Node Type": "Sort",
                                            "Parent Relationship": "Inner",
                                            "Parallel Aware": false,
                                            "Startup Cost": 10002058637.14,
                                            "Total Cost": 10002059540.68,
                                            "Plan Rows": 361414,
                                            "Plan Width": 21,
                                            "Actual Startup Time": 15620.285,
                                            "Actual Total Time": 15672.17,
                                            "Actual Rows": 868974,
                                            "Actual Loops": 1,
                                            "Output": [
                                                "ci.person_id",
                                                "t.title"
                                            ],
                                            "Sort Key": [
                                                "ci.person_id"
                                            ],
                                            "Sort Method": "quicksort",
                                            "Sort Space Used": 61528,
                                            "Sort Space Type": "Memory",
                                            "Plans": [
                                                {
                                                    "Node Type": "Hash Join",
                                                    "Parent Relationship": "Outer",
                                                    "Parallel Aware": false,
                                                    "Join Type": "Inner",
                                                    "Startup Cost": 10001272641.46,
                                                    "Total Cost": 10002025272.68,
                                                    "Plan Rows": 361414,
                                                    "Plan Width": 21,
                                                    "Actual Startup Time": 9307.899,
                                                    "Actual Total Time": 15454.879,
                                                    "Actual Rows": 536572,
                                                    "Actual Loops": 1,
                                                    "Output": [
                                                        "ci.person_id",
                                                        "t.title"
                                                    ],
                                                    "Inner Unique": false,
                                                    "Hash Cond": "(ci.movie_id = t.id)",
                                                    "Plans": [
                                                        {
                                                            "Node Type": "Seq Scan",
                                                            "Parent Relationship": "Outer",
                                                            "Parallel Aware": false,
                                                            "Relation Name": "cast_info",
                                                            "Schema": "public",
                                                            "Alias": "ci",
                                                            "Startup Cost": 0.0,
                                                            "Total Cost": 615204.08,
                                                            "Plan Rows": 36251708,
                                                            "Plan Width": 8,
                                                            "Actual Startup Time": 0.02,
                                                            "Actual Total Time": 2805.891,
                                                            "Actual Rows": 36244344,
                                                            "Actual Loops": 1,
                                                            "Output": [
                                                                "ci.id",
                                                                "ci.person_id",
                                                                "ci.movie_id",
                                                                "ci.person_role_id",
                                                                "ci.note",
                                                                "ci.nr_order",
                                                                "ci.role_id"
                                                            ]
                                                        },
                                                        {
                                                            "Node Type": "Hash",
                                                            "Parent Relationship": "Inner",
                                                            "Parallel Aware": false,
                                                            "Startup Cost": 10001272512.15,
                                                            "Total Cost": 10001272512.15,
                                                            "Plan Rows": 10345,
                                                            "Plan Width": 25,
                                                            "Actual Startup Time": 9307.695,
                                                            "Actual Total Time": 9307.7,
                                                            "Actual Rows": 20730,
                                                            "Actual Loops": 1,
                                                            "Output": [
                                                                "mi.movie_id",
                                                                "t.title",
                                                                "t.id"
                                                            ],
                                                            "Hash Buckets": 32768,
                                                            "Original Hash Buckets": 16384,
                                                            "Hash Batches": 1,
                                                            "Original Hash Batches": 1,
                                                            "Peak Memory Usage": 1456,
                                                            "Plans": [
                                                                {
                                                                    "Node Type": "Merge Join",
                                                                    "Parent Relationship": "Outer",
                                                                    "Parallel Aware": false,
                                                                    "Join Type": "Inner",
                                                                    "Startup Cost": 10000000020.25,
                                                                    "Total Cost": 10001272512.15,
                                                                    "Plan Rows": 10345,
                                                                    "Plan Width": 25,
                                                                    "Actual Startup Time": 4.509,
                                                                    "Actual Total Time": 9296.733,
                                                                    "Actual Rows": 20730,
                                                                    "Actual Loops": 1,
                                                                    "Output": [
                                                                        "mi.movie_id",
                                                                        "t.title",
                                                                        "t.id"
                                                                    ],
                                                                    "Inner Unique": true,
                                                                    "Merge Cond": "(mi.movie_id = t.id)",
                                                                    "Plans": [
                                                                        {
                                                                            "Node Type": "Nested Loop",
                                                                            "Parent Relationship": "Outer",
                                                                            "Parallel Aware": false,
                                                                            "Join Type": "Inner",
                                                                            "Startup Cost": 10000000000.43,
                                                                            "Total Cost": 10001155820.04,
                                                                            "Plan Rows": 10345,
                                                                            "Plan Width": 4,
                                                                            "Actual Startup Time": 2.318,
                                                                            "Actual Total Time": 7908.523,
                                                                            "Actual Rows": 20730,
                                                                            "Actual Loops": 1,
                                                                            "Output": [
                                                                                "mi.movie_id"
                                                                            ],
                                                                            "Inner Unique": false,
                                                                            "Plans": [
                                                                                {
                                                                                    "Node Type": "Index Scan",
                                                                                    "Parent Relationship": "Outer",
                                                                                    "Parallel Aware": false,
                                                                                    "Scan Direction": "Forward",
                                                                                    "Index Name": "movie_id_movie_info",
                                                                                    "Relation Name": "movie_info",
                                                                                    "Schema": "public",
                                                                                    "Alias": "mi",
                                                                                    "Startup Cost": 0.43,
                                                                                    "Total Cost": 1155688.31,
                                                                                    "Plan Rows": 10345,
                                                                                    "Plan Width": 8,
                                                                                    "Actual Startup Time": 2.303,
                                                                                    "Actual Total Time": 7900.273,
                                                                                    "Actual Rows": 20730,
                                                                                    "Actual Loops": 1,
                                                                                    "Output": [
                                                                                        "mi.id",
                                                                                        "mi.movie_id",
                                                                                        "mi.info_type_id",
                                                                                        "mi.info",
                                                                                        "mi.note"
                                                                                    ],
                                                                                    "Filter": "((mi.info ~~* '%sci%'::text) AND (mi.info_type_id = 3))",
                                                                                    "Rows Removed by Filter": 14814990
                                                                                },
                                                                                {
                                                                                    "Node Type": "Materialize",
                                                                                    "Parent Relationship": "Inner",
                                                                                    "Parallel Aware": false,
                                                                                    "Startup Cost": 0.0,
                                                                                    "Total Cost": 2.42,
                                                                                    "Plan Rows": 1,
                                                                                    "Plan Width": 4,
                                                                                    "Actual Startup Time": 0.0,
                                                                                    "Actual Total Time": 0.0,
                                                                                    "Actual Rows": 1,
                                                                                    "Actual Loops": 20730,
                                                                                    "Output": [
                                                                                        "it2.id"
                                                                                    ],
                                                                                    "Plans": [
                                                                                        {
                                                                                            "Node Type": "Seq Scan",
                                                                                            "Parent Relationship": "Outer",
                                                                                            "Parallel Aware": false,
                                                                                            "Relation Name": "info_type",
                                                                                            "Schema": "public",
                                                                                            "Alias": "it2",
                                                                                            "Startup Cost": 0.0,
                                                                                            "Total Cost": 2.41,
                                                                                            "Plan Rows": 1,
                                                                                            "Plan Width": 4,
                                                                                            "Actual Startup Time": 0.01,
                                                                                            "Actual Total Time": 0.015,
                                                                                            "Actual Rows": 1,
                                                                                            "Actual Loops": 1,
                                                                                            "Output": [
                                                                                                "it2.id"
                                                                                            ],
                                                                                            "Filter": "(it2.id = 3)",
                                                                                            "Rows Removed by Filter": 112
                                                                                        }
                                                                                    ]
                                                                                }
                                                                            ]
                                                                        },
                                                                        {
                                                                            "Node Type": "Index Scan",
                                                                            "Parent Relationship": "Inner",
                                                                            "Parallel Aware": false,
                                                                            "Scan Direction": "Forward",
                                                                            "Index Name": "title_pkey",
                                                                            "Relation Name": "title",
                                                                            "Schema": "public",
                                                                            "Alias": "t",
                                                                            "Startup Cost": 0.43,
                                                                            "Total Cost": 110352.4,
                                                                            "Plan Rows": 2528423,
                                                                            "Plan Width": 21,
                                                                            "Actual Startup Time": 0.014,
                                                                            "Actual Total Time": 1221.424,
                                                                            "Actual Rows": 2525790,
                                                                            "Actual Loops": 1,
                                                                            "Output": [
                                                                                "t.id",
                                                                                "t.title",
                                                                                "t.imdb_index",
                                                                                "t.kind_id",
                                                                                "t.production_year",
                                                                                "t.imdb_id",
                                                                                "t.phonetic_code",
                                                                                "t.episode_of_id",
                                                                                "t.season_nr",
                                                                                "t.episode_nr",
                                                                                "t.series_years",
                                                                                "t.md5sum"
                                                                            ]
                                                                        }
                                                                    ]
                                                                }
                                                            ]
                                                        }
                                                    ]
                                                }
                                            ]
                                        }
                                    ]
                                },
                                {
                                    "Node Type": "Hash",
                                    "Parent Relationship": "Inner",
                                    "Parallel Aware": false,
                                    "Startup Cost": 97288.77,
                                    "Total Cost": 97288.77,
                                    "Plan Rows": 4167577,
                                    "Plan Width": 4,
                                    "Actual Startup Time": 1610.933,
                                    "Actual Total Time": 1610.934,
                                    "Actual Rows": 4167491,
                                    "Actual Loops": 1,
                                    "Output": [
                                        "n.id"
                                    ],
                                    "Hash Buckets": 4194304,
                                    "Original Hash Buckets": 4194304,
                                    "Hash Batches": 1,
                                    "Original Hash Batches": 1,
                                    "Peak Memory Usage": 179282,
                                    "Plans": [
                                        {
                                            "Node Type": "Seq Scan",
                                            "Parent Relationship": "Outer",
                                            "Parallel Aware": false,
                                            "Relation Name": "name",
                                            "Schema": "public",
                                            "Alias": "n",
                                            "Startup Cost": 0.0,
                                            "Total Cost": 97288.77,
                                            "Plan Rows": 4167577,
                                            "Plan Width": 4,
                                            "Actual Startup Time": 0.024,
                                            "Actual Total Time": 485.008,
                                            "Actual Rows": 4167491,
                                            "Actual Loops": 1,
                                            "Output": [
                                                "n.id"
                                            ]
                                        }
                                    ]
                                }
                            ]
                        },
                        {
                            "Node Type": "Hash",
                            "Parent Relationship": "Inner",
                            "Parallel Aware": false,
                            "Startup Cost": 2.41,
                            "Total Cost": 2.41,
                            "Plan Rows": 1,
                            "Plan Width": 4,
                            "Actual Startup Time": 0.065,
                            "Actual Total Time": 0.066,
                            "Actual Rows": 1,
                            "Actual Loops": 1,
                            "Output": [
                                "it1.id"
                            ],
                            "Hash Buckets": 1024,
                            "Original Hash Buckets": 1024,
                            "Hash Batches": 1,
                            "Original Hash Batches": 1,
                            "Peak Memory Usage": 9,
                            "Plans": [
                                {
                                    "Node Type": "Seq Scan",
                                    "Parent Relationship": "Outer",
                                    "Parallel Aware": false,
                                    "Relation Name": "info_type",
                                    "Schema": "public",
                                    "Alias": "it1",
                                    "Startup Cost": 0.0,
                                    "Total Cost": 2.41,
                                    "Plan Rows": 1,
                                    "Plan Width": 4,
                                    "Actual Startup Time": 0.032,
                                    "Actual Total Time": 0.056,
                                    "Actual Rows": 1,
                                    "Actual Loops": 1,
                                    "Output": [
                                        "it1.id"
                                    ],
                                    "Filter": "((it1.info)::text ~~* 'birth date'::text)",
                                    "Rows Removed by Filter": 112
                                }
                            ]
                        }
                    ]
                }
            ]
        },
        "Planning Time": 235.872,
        "Triggers": [],
        "Execution Time": 19301.157
    }
]