{
  "Plan": {
    "Node Type": "Aggregate",
    "Strategy": "Plain",
    "Partial Mode": "Finalize",
    "Parallel Aware": false,
    "Startup Cost": 29374.06,
    "Total Cost": 29374.07,
    "Plan Rows": 1,
    "Plan Width": 8,
    "Actual Startup Time": 57.066,
    "Actual Total Time": 63.421,
    "Actual Rows": 1,
    "Actual Loops": 1,
    "Plans": [
      {
        "Node Type": "Gather",
        "Parent Relationship": "Outer",
        "Parallel Aware": false,
        "Startup Cost": 29373.95,
        "Total Cost": 29374.06,
        "Plan Rows": 1,
        "Plan Width": 8,
        "Actual Startup Time": 56.868,
        "Actual Total Time": 63.415,
        "Actual Rows": 2,
        "Actual Loops": 1,
        "Workers Planned": 1,
        "Workers Launched": 1,
        "Single Copy": false,
        "Plans": [
          {
            "Node Type": "Aggregate",
            "Strategy": "Plain",
            "Partial Mode": "Partial",
            "Parent Relationship": "Outer",
            "Parallel Aware": false,
            "Startup Cost": 28373.95,
            "Total Cost": 28373.96,
            "Plan Rows": 1,
            "Plan Width": 8,
            "Actual Startup Time": 51.3,
            "Actual Total Time": 51.301,
            "Actual Rows": 1,
            "Actual Loops": 2,
            "Plans": [
              {
                "Node Type": "Nested Loop",
                "Parent Relationship": "Outer",
                "Parallel Aware": false,
                "Join Type": "Inner",
                "Startup Cost": 80.26,
                "Total Cost": 28354.75,
                "Plan Rows": 7678,
                "Plan Width": 0,
                "Actual Startup Time": 1.408,
                "Actual Total Time": 49.691,
                "Actual Rows": 18711,
                "Actual Loops": 2,
                "Inner Unique": false,
                "Plans": [
                  {
                    "Node Type": "Nested Loop",
                    "Parent Relationship": "Outer",
                    "Parallel Aware": false,
                    "Join Type": "Inner",
                    "Startup Cost": 79.82,
                    "Total Cost": 24493.88,
                    "Plan Rows": 2046,
                    "Plan Width": 8,
                    "Actual Startup Time": 1.203,
                    "Actual Total Time": 15.632,
                    "Actual Rows": 1998,
                    "Actual Loops": 2,
                    "Inner Unique": true,
                    "Plans": [
                      {
                        "Node Type": "Bitmap Heap Scan",
                        "Parent Relationship": "Outer",
                        "Parallel Aware": true,
                        "Relation Name": "movie_companies",
                        "Alias": "mc",
                        "Startup Cost": 79.39,
                        "Total Cost": 8911.08,
                        "Plan Rows": 2046,
                        "Plan Width": 4,
                        "Actual Startup Time": 1.064,
                        "Actual Total Time": 2.387,
                        "Actual Rows": 1998,
                        "Actual Loops": 2,
                        "Recheck Cond": "(company_id = 150)",
                        "Rows Removed by Index Recheck": 0,
                        "Exact Heap Blocks": 255,
                        "Lossy Heap Blocks": 0,
                        "Plans": [
                          {
                            "Node Type": "Bitmap Index Scan",
                            "Parent Relationship": "Outer",
                            "Parallel Aware": false,
                            "Index Name": "company_id_movie_companies",
                            "Startup Cost": 0.0,
                            "Total Cost": 78.52,
                            "Plan Rows": 3479,
                            "Plan Width": 0,
                            "Actual Startup Time": 1.844,
                            "Actual Total Time": 1.845,
                            "Actual Rows": 3996,
                            "Actual Loops": 1,
                            "Index Cond": "(company_id = 150)"
                          }
                        ]
                      },
                      {
                        "Node Type": "Index Only Scan",
                        "Parent Relationship": "Inner",
                        "Parallel Aware": false,
                        "Scan Direction": "Forward",
                        "Index Name": "title_pkey",
                        "Relation Name": "title",
                        "Alias": "t",
                        "Startup Cost": 0.43,
                        "Total Cost": 7.62,
                        "Plan Rows": 1,
                        "Plan Width": 4,
                        "Actual Startup Time": 0.006,
                        "Actual Total Time": 0.006,
                        "Actual Rows": 1,
                        "Actual Loops": 3996,
                        "Index Cond": "(id = mc.movie_id)",
                        "Rows Removed by Index Recheck": 0,
                        "Heap Fetches": 3996
                      }
                    ]
                  },
                  {
                    "Node Type": "Index Scan",
                    "Parent Relationship": "Inner",
                    "Parallel Aware": false,
                    "Scan Direction": "Forward",
                    "Index Name": "movie_id_movie_info",
                    "Relation Name": "movie_info",
                    "Alias": "mi",
                    "Startup Cost": 0.43,
                    "Total Cost": 1.62,
                    "Plan Rows": 27,
                    "Plan Width": 4,
                    "Actual Startup Time": 0.006,
                    "Actual Total Time": 0.015,
                    "Actual Rows": 9,
                    "Actual Loops": 3996,
                    "Index Cond": "(movie_id = t.id)",
                    "Rows Removed by Index Recheck": 0,
                    "Filter": "(info_type_id < 16)",
                    "Rows Removed by Filter": 7
                  }
                ]
              }
            ]
          }
        ]
      }
    ]
  },
  "Planning Time": 1.024,
  "Triggers": [],
  "Execution Time": 63.517
}