[
  {
    "Plan": {
      "Node Type": "Aggregate",
      "Strategy": "Plain",
      "Partial Mode": "Finalize",
      "Parallel Aware": false,
      "Startup Cost": 46773.37,
      "Total Cost": 46773.38,
      "Plan Rows": 1,
      "Plan Width": 8,
      "Actual Startup Time": 168.957,
      "Actual Total Time": 178.443,
      "Actual Rows": 1,
      "Actual Loops": 1,
      "Plans": [
        {
          "Node Type": "Gather",
          "Parent Relationship": "Outer",
          "Parallel Aware": false,
          "Startup Cost": 46773.05,
          "Total Cost": 46773.36,
          "Plan Rows": 3,
          "Plan Width": 8,
          "Actual Startup Time": 168.832,
          "Actual Total Time": 178.434,
          "Actual Rows": 4,
          "Actual Loops": 1,
          "Workers Planned": 3,
          "Workers Launched": 3,
          "Single Copy": false,
          "Plans": [
            {
              "Node Type": "Aggregate",
              "Strategy": "Plain",
              "Partial Mode": "Partial",
              "Parent Relationship": "Outer",
              "Parallel Aware": false,
              "Startup Cost": 45773.05,
              "Total Cost": 45773.06,
              "Plan Rows": 1,
              "Plan Width": 8,
              "Actual Startup Time": 162.144,
              "Actual Total Time": 162.145,
              "Actual Rows": 1,
              "Actual Loops": 4,
              "Plans": [
                {
                  "Node Type": "Seq Scan",
                  "Parent Relationship": "Outer",
                  "Parallel Aware": true,
                  "Relation Name": "movie_keyword",
                  "Alias": "mk",
                  "Startup Cost": 0.0,
                  "Total Cost": 42695.65,
                  "Plan Rows": 1230960,
                  "Plan Width": 0,
                  "Actual Startup Time": 0.053,
                  "Actual Total Time": 120.395,
                  "Actual Rows": 956398,
                  "Actual Loops": 4,
                  "Filter": "(keyword_id < 27003)",
                  "Rows Removed by Filter": 174585
                }
              ]
            }
          ]
        }
      ]
    },
    "Planning Time": 0.153,
    "Triggers": [],
    "Execution Time": 178.489
  }
]