[
  {
    "Plan": {
      "Node Type": "Aggregate",
      "Strategy": "Plain",
      "Partial Mode": "Finalize",
      "Parallel Aware": false,
      "Startup Cost": 30963.84,
      "Total Cost": 30963.85,
      "Plan Rows": 1,
      "Plan Width": 8,
      "Actual Startup Time": 98.828,
      "Actual Total Time": 107.036,
      "Actual Rows": 1,
      "Actual Loops": 1,
      "Plans": [
        {
          "Node Type": "Gather",
          "Parent Relationship": "Outer",
          "Parallel Aware": false,
          "Startup Cost": 30963.52,
          "Total Cost": 30963.83,
          "Plan Rows": 3,
          "Plan Width": 8,
          "Actual Startup Time": 98.701,
          "Actual Total Time": 107.026,
          "Actual Rows": 4,
          "Actual Loops": 1,
          "Workers Planned": 3,
          "Workers Launched": 3,
          "Single Copy": false,
          "Plans": [
            {
              "Node Type": "Aggregate",
              "Strategy": "Plain",
              "Partial Mode": "Partial",
              "Parent Relationship": "Outer",
              "Parallel Aware": false,
              "Startup Cost": 29963.52,
              "Total Cost": 29963.53,
              "Plan Rows": 1,
              "Plan Width": 8,
              "Actual Startup Time": 92.0,
              "Actual Total Time": 92.001,
              "Actual Rows": 1,
              "Actual Loops": 4,
              "Plans": [
                {
                  "Node Type": "Seq Scan",
                  "Parent Relationship": "Outer",
                  "Parallel Aware": true,
                  "Relation Name": "movie_companies",
                  "Alias": "mc",
                  "Startup Cost": 0.0,
                  "Total Cost": 29310.68,
                  "Plan Rows": 261135,
                  "Plan Width": 0,
                  "Actual Startup Time": 0.039,
                  "Actual Total Time": 78.394,
                  "Actual Rows": 200954,
                  "Actual Loops": 4,
                  "Filter": "(company_id < 1784)",
                  "Rows Removed by Filter": 451328
                }
              ]
            }
          ]
        }
      ]
    },
    "Planning Time": 0.19,
    "Triggers": [],
    "Execution Time": 107.097
  }
]