[
  {
    "Plan": {
      "Node Type": "Aggregate",
      "Strategy": "Plain",
      "Partial Mode": "Finalize",
      "Parallel Aware": false,
      "Startup Cost": 33131.82,
      "Total Cost": 33131.83,
      "Plan Rows": 1,
      "Plan Width": 8,
      "Actual Startup Time": 101.419,
      "Actual Total Time": 109.353,
      "Actual Rows": 1,
      "Actual Loops": 1,
      "Plans": [
        {
          "Node Type": "Gather",
          "Parent Relationship": "Outer",
          "Parallel Aware": false,
          "Startup Cost": 33131.5,
          "Total Cost": 33131.81,
          "Plan Rows": 3,
          "Plan Width": 8,
          "Actual Startup Time": 101.325,
          "Actual Total Time": 109.346,
          "Actual Rows": 4,
          "Actual Loops": 1,
          "Workers Planned": 3,
          "Workers Launched": 3,
          "Single Copy": false,
          "Plans": [
            {
              "Node Type": "Aggregate",
              "Strategy": "Plain",
              "Partial Mode": "Partial",
              "Parent Relationship": "Outer",
              "Parallel Aware": false,
              "Startup Cost": 32131.5,
              "Total Cost": 32131.51,
              "Plan Rows": 1,
              "Plan Width": 8,
              "Actual Startup Time": 93.817,
              "Actual Total Time": 93.818,
              "Actual Rows": 1,
              "Actual Loops": 4,
              "Plans": [
                {
                  "Node Type": "Seq Scan",
                  "Parent Relationship": "Outer",
                  "Parallel Aware": true,
                  "Relation Name": "movie_companies",
                  "Alias": "mc",
                  "Startup Cost": 0.0,
                  "Total Cost": 31414.82,
                  "Plan Rows": 286672,
                  "Plan Width": 0,
                  "Actual Startup Time": 48.615,
                  "Actual Total Time": 83.434,
                  "Actual Rows": 271216,
                  "Actual Loops": 4,
                  "Filter": "((company_id > 2403) AND (company_type_id > 1))",
                  "Rows Removed by Filter": 381066
                }
              ]
            }
          ]
        }
      ]
    },
    "Planning Time": 0.221,
    "Triggers": [],
    "Execution Time": 109.409
  }
]