[
    {
        "Bao": {
            "Bao prediction": "NaN",
            "Bao recommended hint": "(no hint)"
        }
    },
    {
        "Plan": {
            "Node Type": "Aggregate",
            "Strategy": "Plain",
            "Partial Mode": "Finalize",
            "Parallel Aware": false,
            "Startup Cost": 348196.71,
            "Total Cost": 348196.72,
            "Plan Rows": 1,
            "Plan Width": 8,
            "Actual Startup Time": 674.52,
            "Actual Total Time": 703.35,
            "Actual Rows": 1,
            "Actual Loops": 1,
            "Output": [
                "count(*)"
            ],
            "Plans": [
                {
                    "Node Type": "Gather",
                    "Parent Relationship": "Outer",
                    "Parallel Aware": false,
                    "Startup Cost": 348196.08,
                    "Total Cost": 348196.69,
                    "Plan Rows": 6,
                    "Plan Width": 8,
                    "Actual Startup Time": 674.417,
                    "Actual Total Time": 703.34,
                    "Actual Rows": 7,
                    "Actual Loops": 1,
                    "Output": [
                        "(PARTIAL count(*))"
                    ],
                    "Workers Planned": 6,
                    "Workers Launched": 6,
                    "Single Copy": false,
                    "Plans": [
                        {
                            "Node Type": "Aggregate",
                            "Strategy": "Plain",
                            "Partial Mode": "Partial",
                            "Parent Relationship": "Outer",
                            "Parallel Aware": false,
                            "Startup Cost": 347196.08,
                            "Total Cost": 347196.09,
                            "Plan Rows": 1,
                            "Plan Width": 8,
                            "Actual Startup Time": 664.364,
                            "Actual Total Time": 664.365,
                            "Actual Rows": 1,
                            "Actual Loops": 7,
                            "Output": [
                                "PARTIAL count(*)"
                            ],
                            "Workers": [
                                {
                                    "Worker Number": 0,
                                    "Actual Startup Time": 662.246,
                                    "Actual Total Time": 662.248,
                                    "Actual Rows": 1,
                                    "Actual Loops": 1
                                },
                                {
                                    "Worker Number": 1,
                                    "Actual Startup Time": 662.622,
                                    "Actual Total Time": 662.623,
                                    "Actual Rows": 1,
                                    "Actual Loops": 1
                                },
                                {
                                    "Worker Number": 2,
                                    "Actual Startup Time": 662.733,
                                    "Actual Total Time": 662.734,
                                    "Actual Rows": 1,
                                    "Actual Loops": 1
                                },
                                {
                                    "Worker Number": 3,
                                    "Actual Startup Time": 662.73,
                                    "Actual Total Time": 662.731,
                                    "Actual Rows": 1,
                                    "Actual Loops": 1
                                },
                                {
                                    "Worker Number": 4,
                                    "Actual Startup Time": 663.014,
                                    "Actual Total Time": 663.015,
                                    "Actual Rows": 1,
                                    "Actual Loops": 1
                                },
                                {
                                    "Worker Number": 5,
                                    "Actual Startup Time": 663.35,
                                    "Actual Total Time": 663.352,
                                    "Actual Rows": 1,
                                    "Actual Loops": 1
                                }
                            ],
                            "Plans": [
                                {
                                    "Node Type": "Seq Scan",
                                    "Parent Relationship": "Outer",
                                    "Parallel Aware": true,
                                    "Relation Name": "cast_info",
                                    "Schema": "public",
                                    "Alias": "ci",
                                    "Startup Cost": 0.0,
                                    "Total Cost": 343318.94,
                                    "Plan Rows": 1550856,
                                    "Plan Width": 0,
                                    "Actual Startup Time": 231.928,
                                    "Actual Total Time": 633.834,
                                    "Actual Rows": 570621,
                                    "Actual Loops": 7,
                                    "Output": [
                                        "id",
                                        "person_id",
                                        "movie_id",
                                        "person_role_id",
                                        "note",
                                        "nr_order",
                                        "role_id"
                                    ],
                                    "Filter": "((ci.person_id < 1413512) AND (ci.role_id > 1))",
                                    "Rows Removed by Filter": 4607143,
                                    "Workers": [
                                        {
                                            "Worker Number": 0,
                                            "Actual Startup Time": 231.395,
                                            "Actual Total Time": 631.742,
                                            "Actual Rows": 446677,
                                            "Actual Loops": 1
                                        },
                                        {
                                            "Worker Number": 1,
                                            "Actual Startup Time": 228.241,
                                            "Actual Total Time": 633.339,
                                            "Actual Rows": 427821,
                                            "Actual Loops": 1
                                        },
                                        {
                                            "Worker Number": 2,
                                            "Actual Startup Time": 228.234,
                                            "Actual Total Time": 632.319,
                                            "Actual Rows": 697549,
                                            "Actual Loops": 1
                                        },
                                        {
                                            "Worker Number": 3,
                                            "Actual Startup Time": 229.147,
                                            "Actual Total Time": 632.653,
                                            "Actual Rows": 692880,
                                            "Actual Loops": 1
                                        },
                                        {
                                            "Worker Number": 4,
                                            "Actual Startup Time": 228.345,
                                            "Actual Total Time": 632.304,
                                            "Actual Rows": 449707,
                                            "Actual Loops": 1
                                        },
                                        {
                                            "Worker Number": 5,
                                            "Actual Startup Time": 237.476,
                                            "Actual Total Time": 634.296,
                                            "Actual Rows": 420261,
                                            "Actual Loops": 1
                                        }
                                    ]
                                }
                            ]
                        }
                    ]
                }
            ]
        },
        "Planning Time": 203.621,
        "Triggers": [],
        "Execution Time": 703.424
    }
]