[
  {
    "Plan": {
      "Node Type": "Aggregate",
      "Strategy": "Plain",
      "Partial Mode": "Simple",
      "Parallel Aware": false,
      "Startup Cost": 3532.91,
      "Total Cost": 3532.92,
      "Plan Rows": 1,
      "Plan Width": 8,
      "Actual Startup Time": 75.977,
      "Actual Total Time": 75.979,
      "Actual Rows": 1,
      "Actual Loops": 1,
      "Plans": [
        {
          "Node Type": "Nested Loop",
          "Parent Relationship": "Outer",
          "Parallel Aware": false,
          "Join Type": "Inner",
          "Startup Cost": 7.36,
          "Total Cost": 3530.44,
          "Plan Rows": 989,
          "Plan Width": 0,
          "Actual Startup Time": 0.96,
          "Actual Total Time": 74.895,
          "Actual Rows": 11680,
          "Actual Loops": 1,
          "Inner Unique": false,
          "Plans": [
            {
              "Node Type": "Nested Loop",
              "Parent Relationship": "Outer",
              "Parallel Aware": false,
              "Join Type": "Inner",
              "Startup Cost": 6.79,
              "Total Cost": 3017.98,
              "Plan Rows": 249,
              "Plan Width": 8,
              "Actual Startup Time": 0.902,
              "Actual Total Time": 14.459,
              "Actual Rows": 2229,
              "Actual Loops": 1,
              "Inner Unique": true,
              "Plans": [
                {
                  "Node Type": "Bitmap Heap Scan",
                  "Parent Relationship": "Outer",
                  "Parallel Aware": false,
                  "Relation Name": "movie_keyword",
                  "Alias": "mk",
                  "Startup Cost": 6.36,
                  "Total Cost": 926.55,
                  "Plan Rows": 249,
                  "Plan Width": 4,
                  "Actual Startup Time": 0.88,
                  "Actual Total Time": 2.918,
                  "Actual Rows": 2229,
                  "Actual Loops": 1,
                  "Recheck Cond": "(keyword_id = 918)",
                  "Rows Removed by Index Recheck": 0,
                  "Exact Heap Blocks": 686,
                  "Lossy Heap Blocks": 0,
                  "Plans": [
                    {
                      "Node Type": "Bitmap Index Scan",
                      "Parent Relationship": "Outer",
                      "Parallel Aware": false,
                      "Index Name": "keyword_id_movie_keyword",
                      "Startup Cost": 0.0,
                      "Total Cost": 6.3,
                      "Plan Rows": 249,
                      "Plan Width": 0,
                      "Actual Startup Time": 0.738,
                      "Actual Total Time": 0.738,
                      "Actual Rows": 2229,
                      "Actual Loops": 1,
                      "Index Cond": "(keyword_id = 918)"
                    }
                  ]
                },
                {
                  "Node Type": "Index Only Scan",
                  "Parent Relationship": "Inner",
                  "Parallel Aware": false,
                  "Scan Direction": "Forward",
                  "Index Name": "title_pkey",
                  "Relation Name": "title",
                  "Alias": "t",
                  "Startup Cost": 0.43,
                  "Total Cost": 8.4,
                  "Plan Rows": 1,
                  "Plan Width": 4,
                  "Actual Startup Time": 0.005,
                  "Actual Total Time": 0.005,
                  "Actual Rows": 1,
                  "Actual Loops": 2229,
                  "Index Cond": "(id = mk.movie_id)",
                  "Rows Removed by Index Recheck": 0,
                  "Heap Fetches": 2229
                }
              ]
            },
            {
              "Node Type": "Index Scan",
              "Parent Relationship": "Inner",
              "Parallel Aware": false,
              "Scan Direction": "Forward",
              "Index Name": "movie_id_cast_info",
              "Relation Name": "cast_info",
              "Alias": "ci",
              "Startup Cost": 0.56,
              "Total Cost": 1.96,
              "Plan Rows": 10,
              "Plan Width": 4,
              "Actual Startup Time": 0.007,
              "Actual Total Time": 0.026,
              "Actual Rows": 5,
              "Actual Loops": 2229,
              "Index Cond": "(movie_id = t.id)",
              "Rows Removed by Index Recheck": 0,
              "Filter": "((person_id < 2919219) AND (role_id = 1))",
              "Rows Removed by Filter": 7
            }
          ]
        }
      ]
    },
    "Planning Time": 0.978,
    "Triggers": [],
    "Execution Time": 76.048
  }
]