{
    "Plan": {
        "Node Type": "Aggregate",
        "Strategy": "Plain",
        "Partial Mode": "Finalize",
        "Parallel Aware": false,
        "Startup Cost": 381029.97,
        "Total Cost": 381029.98,
        "Plan Rows": 1,
        "Plan Width": 8,
        "Actual Startup Time": 1044.013,
        "Actual Total Time": 1093.923,
        "Actual Rows": 1,
        "Actual Loops": 1,
        "Output": [
            "count(*)"
        ],
        "Plans": [
            {
                "Node Type": "Gather",
                "Parent Relationship": "Outer",
                "Parallel Aware": false,
                "Startup Cost": 381029.35,
                "Total Cost": 381029.96,
                "Plan Rows": 6,
                "Plan Width": 8,
                "Actual Startup Time": 1042.841,
                "Actual Total Time": 1093.914,
                "Actual Rows": 7,
                "Actual Loops": 1,
                "Output": [
                    "(PARTIAL count(*))"
                ],
                "Workers Planned": 6,
                "Workers Launched": 6,
                "Single Copy": false,
                "Plans": [
                    {
                        "Node Type": "Aggregate",
                        "Strategy": "Plain",
                        "Partial Mode": "Partial",
                        "Parent Relationship": "Outer",
                        "Parallel Aware": false,
                        "Startup Cost": 380029.35,
                        "Total Cost": 380029.36,
                        "Plan Rows": 1,
                        "Plan Width": 8,
                        "Actual Startup Time": 1031.642,
                        "Actual Total Time": 1031.645,
                        "Actual Rows": 1,
                        "Actual Loops": 7,
                        "Output": [
                            "PARTIAL count(*)"
                        ],
                        "Workers": [
                            {
                                "Worker Number": 0,
                                "Actual Startup Time": 1028.823,
                                "Actual Total Time": 1028.825,
                                "Actual Rows": 1,
                                "Actual Loops": 1
                            },
                            {
                                "Worker Number": 1,
                                "Actual Startup Time": 1029.198,
                                "Actual Total Time": 1029.201,
                                "Actual Rows": 1,
                                "Actual Loops": 1
                            },
                            {
                                "Worker Number": 2,
                                "Actual Startup Time": 1030.057,
                                "Actual Total Time": 1030.059,
                                "Actual Rows": 1,
                                "Actual Loops": 1
                            },
                            {
                                "Worker Number": 3,
                                "Actual Startup Time": 1030.286,
                                "Actual Total Time": 1030.288,
                                "Actual Rows": 1,
                                "Actual Loops": 1
                            },
                            {
                                "Worker Number": 4,
                                "Actual Startup Time": 1030.984,
                                "Actual Total Time": 1030.987,
                                "Actual Rows": 1,
                                "Actual Loops": 1
                            },
                            {
                                "Worker Number": 5,
                                "Actual Startup Time": 1030.186,
                                "Actual Total Time": 1030.189,
                                "Actual Rows": 1,
                                "Actual Loops": 1
                            }
                        ],
                        "Plans": [
                            {
                                "Node Type": "Hash Join",
                                "Parent Relationship": "Outer",
                                "Parallel Aware": true,
                                "Join Type": "Inner",
                                "Startup Cost": 44392.97,
                                "Total Cost": 379612.22,
                                "Plan Rows": 166851,
                                "Plan Width": 0,
                                "Actual Startup Time": 403.566,
                                "Actual Total Time": 1028.105,
                                "Actual Rows": 67886,
                                "Actual Loops": 7,
                                "Inner Unique": true,
                                "Hash Cond": "(ci.movie_id = t.id)",
                                "Workers": [
                                    {
                                        "Worker Number": 0,
                                        "Actual Startup Time": 401.36,
                                        "Actual Total Time": 1025.102,
                                        "Actual Rows": 49612,
                                        "Actual Loops": 1
                                    },
                                    {
                                        "Worker Number": 1,
                                        "Actual Startup Time": 401.048,
                                        "Actual Total Time": 1025.863,
                                        "Actual Rows": 69885,
                                        "Actual Loops": 1
                                    },
                                    {
                                        "Worker Number": 2,
                                        "Actual Startup Time": 402.149,
                                        "Actual Total Time": 1026.568,
                                        "Actual Rows": 76514,
                                        "Actual Loops": 1
                                    },
                                    {
                                        "Worker Number": 3,
                                        "Actual Startup Time": 402.39,
                                        "Actual Total Time": 1026.922,
                                        "Actual Rows": 72347,
                                        "Actual Loops": 1
                                    },
                                    {
                                        "Worker Number": 4,
                                        "Actual Startup Time": 402.687,
                                        "Actual Total Time": 1027.382,
                                        "Actual Rows": 47984,
                                        "Actual Loops": 1
                                    },
                                    {
                                        "Worker Number": 5,
                                        "Actual Startup Time": 401.678,
                                        "Actual Total Time": 1026.913,
                                        "Actual Rows": 69157,
                                        "Actual Loops": 1
                                    }
                                ],
                                "Plans": [
                                    {
                                        "Node Type": "Seq Scan",
                                        "Parent Relationship": "Outer",
                                        "Parallel Aware": true,
                                        "Relation Name": "cast_info",
                                        "Schema": "public",
                                        "Alias": "ci",
                                        "Startup Cost": 0.0,
                                        "Total Cost": 328213.62,
                                        "Plan Rows": 2668808,
                                        "Plan Width": 4,
                                        "Actual Startup Time": 320.639,
                                        "Actual Total Time": 641.881,
                                        "Actual Rows": 2303098,
                                        "Actual Loops": 7,
                                        "Output": [
                                            "ci.id",
                                            "ci.person_id",
                                            "ci.movie_id",
                                            "ci.person_role_id",
                                            "ci.note",
                                            "ci.nr_order",
                                            "ci.role_id"
                                        ],
                                        "Filter": "(ci.role_id > 2)",
                                        "Rows Removed by Filter": 2874666,
                                        "Workers": [
                                            {
                                                "Worker Number": 0,
                                                "Actual Startup Time": 320.655,
                                                "Actual Total Time": 643.744,
                                                "Actual Rows": 1662052,
                                                "Actual Loops": 1
                                            },
                                            {
                                                "Worker Number": 1,
                                                "Actual Startup Time": 320.638,
                                                "Actual Total Time": 644.896,
                                                "Actual Rows": 2385670,
                                                "Actual Loops": 1
                                            },
                                            {
                                                "Worker Number": 2,
                                                "Actual Startup Time": 320.669,
                                                "Actual Total Time": 640.381,
                                                "Actual Rows": 2511472,
                                                "Actual Loops": 1
                                            },
                                            {
                                                "Worker Number": 3,
                                                "Actual Startup Time": 320.667,
                                                "Actual Total Time": 638.685,
                                                "Actual Rows": 2487716,
                                                "Actual Loops": 1
                                            },
                                            {
                                                "Worker Number": 4,
                                                "Actual Startup Time": 320.536,
                                                "Actual Total Time": 644.521,
                                                "Actual Rows": 1666528,
                                                "Actual Loops": 1
                                            },
                                            {
                                                "Worker Number": 5,
                                                "Actual Startup Time": 320.643,
                                                "Actual Total Time": 642.214,
                                                "Actual Rows": 2358369,
                                                "Actual Loops": 1
                                            }
                                        ]
                                    },
                                    {
                                        "Node Type": "Hash",
                                        "Parent Relationship": "Inner",
                                        "Parallel Aware": true,
                                        "Startup Cost": 43899.01,
                                        "Total Cost": 43899.01,
                                        "Plan Rows": 39517,
                                        "Plan Width": 4,
                                        "Actual Startup Time": 80.318,
                                        "Actual Total Time": 80.319,
                                        "Actual Rows": 22905,
                                        "Actual Loops": 7,
                                        "Output": [
                                            "t.id"
                                        ],
                                        "Hash Buckets": 262144,
                                        "Original Hash Buckets": 262144,
                                        "Hash Batches": 1,
                                        "Original Hash Batches": 1,
                                        "Peak Memory Usage": 8448,
                                        "Workers": [
                                            {
                                                "Worker Number": 0,
                                                "Actual Startup Time": 78.803,
                                                "Actual Total Time": 78.804,
                                                "Actual Rows": 17058,
                                                "Actual Loops": 1
                                            },
                                            {
                                                "Worker Number": 1,
                                                "Actual Startup Time": 79.232,
                                                "Actual Total Time": 79.233,
                                                "Actual Rows": 22434,
                                                "Actual Loops": 1
                                            },
                                            {
                                                "Worker Number": 2,
                                                "Actual Startup Time": 80.072,
                                                "Actual Total Time": 80.073,
                                                "Actual Rows": 24429,
                                                "Actual Loops": 1
                                            },
                                            {
                                                "Worker Number": 3,
                                                "Actual Startup Time": 80.309,
                                                "Actual Total Time": 80.31,
                                                "Actual Rows": 24051,
                                                "Actual Loops": 1
                                            },
                                            {
                                                "Worker Number": 4,
                                                "Actual Startup Time": 80.798,
                                                "Actual Total Time": 80.799,
                                                "Actual Rows": 18097,
                                                "Actual Loops": 1
                                            },
                                            {
                                                "Worker Number": 5,
                                                "Actual Startup Time": 80.158,
                                                "Actual Total Time": 80.159,
                                                "Actual Rows": 22325,
                                                "Actual Loops": 1
                                            }
                                        ],
                                        "Plans": [
                                            {
                                                "Node Type": "Seq Scan",
                                                "Parent Relationship": "Outer",
                                                "Parallel Aware": true,
                                                "Relation Name": "title",
                                                "Schema": "public",
                                                "Alias": "t",
                                                "Startup Cost": 0.0,
                                                "Total Cost": 43899.01,
                                                "Plan Rows": 39517,
                                                "Plan Width": 4,
                                                "Actual Startup Time": 1.776,
                                                "Actual Total Time": 71.652,
                                                "Actual Rows": 22905,
                                                "Actual Loops": 7,
                                                "Output": [
                                                    "t.id"
                                                ],
                                                "Filter": "(t.production_year < 1949)",
                                                "Rows Removed by Filter": 338282,
                                                "Workers": [
                                                    {
                                                        "Worker Number": 0,
                                                        "Actual Startup Time": 0.451,
                                                        "Actual Total Time": 70.468,
                                                        "Actual Rows": 17058,
                                                        "Actual Loops": 1
                                                    },
                                                    {
                                                        "Worker Number": 1,
                                                        "Actual Startup Time": 3.023,
                                                        "Actual Total Time": 70.378,
                                                        "Actual Rows": 22434,
                                                        "Actual Loops": 1
                                                    },
                                                    {
                                                        "Worker Number": 2,
                                                        "Actual Startup Time": 3.14,
                                                        "Actual Total Time": 72.097,
                                                        "Actual Rows": 24429,
                                                        "Actual Loops": 1
                                                    },
                                                    {
                                                        "Worker Number": 3,
                                                        "Actual Startup Time": 1.773,
                                                        "Actual Total Time": 71.954,
                                                        "Actual Rows": 24051,
                                                        "Actual Loops": 1
                                                    },
                                                    {
                                                        "Worker Number": 4,
                                                        "Actual Startup Time": 2.652,
                                                        "Actual Total Time": 72.871,
                                                        "Actual Rows": 18097,
                                                        "Actual Loops": 1
                                                    },
                                                    {
                                                        "Worker Number": 5,
                                                        "Actual Startup Time": 0.896,
                                                        "Actual Total Time": 71.337,
                                                        "Actual Rows": 22325,
                                                        "Actual Loops": 1
                                                    }
                                                ]
                                            }
                                        ]
                                    }
                                ]
                            }
                        ]
                    }
                ]
            }
        ]
    },
    "Planning Time": 0.694,
    "Triggers": [],
    "Execution Time": 1094.009
}