[
  {
    "Plan": {
      "Node Type": "Aggregate",
      "Strategy": "Plain",
      "Partial Mode": "Finalize",
      "Parallel Aware": false,
      "Startup Cost": 49161.63,
      "Total Cost": 49161.64,
      "Plan Rows": 1,
      "Plan Width": 8,
      "Actual Startup Time": 103.804,
      "Actual Total Time": 111.152,
      "Actual Rows": 1,
      "Actual Loops": 1,
      "Plans": [
        {
          "Node Type": "Gather",
          "Parent Relationship": "Outer",
          "Parallel Aware": false,
          "Startup Cost": 49161.42,
          "Total Cost": 49161.63,
          "Plan Rows": 2,
          "Plan Width": 8,
          "Actual Startup Time": 103.528,
          "Actual Total Time": 111.144,
          "Actual Rows": 3,
          "Actual Loops": 1,
          "Workers Planned": 2,
          "Workers Launched": 2,
          "Single Copy": false,
          "Plans": [
            {
              "Node Type": "Aggregate",
              "Strategy": "Plain",
              "Partial Mode": "Partial",
              "Parent Relationship": "Outer",
              "Parallel Aware": false,
              "Startup Cost": 48161.42,
              "Total Cost": 48161.43,
              "Plan Rows": 1,
              "Plan Width": 8,
              "Actual Startup Time": 95.072,
              "Actual Total Time": 95.077,
              "Actual Rows": 1,
              "Actual Loops": 3,
              "Plans": [
                {
                  "Node Type": "Nested Loop",
                  "Parent Relationship": "Outer",
                  "Parallel Aware": false,
                  "Join Type": "Inner",
                  "Startup Cost": 20677.61,
                  "Total Cost": 48161.05,
                  "Plan Rows": 146,
                  "Plan Width": 0,
                  "Actual Startup Time": 38.369,
                  "Actual Total Time": 95.068,
                  "Actual Rows": 3,
                  "Actual Loops": 3,
                  "Inner Unique": true,
                  "Join Filter": "(mc.movie_id = t.id)",
                  "Rows Removed by Join Filter": 0,
                  "Plans": [
                    {
                      "Node Type": "Hash Join",
                      "Parent Relationship": "Outer",
                      "Parallel Aware": true,
                      "Join Type": "Inner",
                      "Startup Cost": 20677.18,
                      "Total Cost": 36802.7,
                      "Plan Rows": 13313,
                      "Plan Width": 8,
                      "Actual Startup Time": 32.92,
                      "Actual Total Time": 85.457,
                      "Actual Rows": 1117,
                      "Actual Loops": 3,
                      "Inner Unique": false,
                      "Hash Cond": "(mi_idx.movie_id = mc.movie_id)",
                      "Plans": [
                        {
                          "Node Type": "Seq Scan",
                          "Parent Relationship": "Outer",
                          "Parallel Aware": true,
                          "Relation Name": "movie_info_idx",
                          "Alias": "mi_idx",
                          "Startup Cost": 0.0,
                          "Total Cost": 15122.68,
                          "Plan Rows": 191978,
                          "Plan Width": 4,
                          "Actual Startup Time": 0.04,
                          "Actual Total Time": 39.625,
                          "Actual Rows": 153308,
                          "Actual Loops": 3,
                          "Filter": "(info_type_id = 101)",
                          "Rows Removed by Filter": 306703
                        },
                        {
                          "Node Type": "Hash",
                          "Parent Relationship": "Inner",
                          "Parallel Aware": true,
                          "Startup Cost": 20541.36,
                          "Total Cost": 20541.36,
                          "Plan Rows": 10865,
                          "Plan Width": 4,
                          "Actual Startup Time": 31.2,
                          "Actual Total Time": 31.202,
                          "Actual Rows": 2763,
                          "Actual Loops": 3,
                          "Hash Buckets": 65536,
                          "Original Hash Buckets": 65536,
                          "Hash Batches": 1,
                          "Original Hash Batches": 1,
                          "Peak Memory Usage": 928,
                          "Plans": [
                            {
                              "Node Type": "Bitmap Heap Scan",
                              "Parent Relationship": "Outer",
                              "Parallel Aware": true,
                              "Relation Name": "movie_companies",
                              "Alias": "mc",
                              "Startup Cost": 1430.38,
                              "Total Cost": 20541.36,
                              "Plan Rows": 10865,
                              "Plan Width": 4,
                              "Actual Startup Time": 26.773,
                              "Actual Total Time": 29.981,
                              "Actual Rows": 2763,
                              "Actual Loops": 3,
                              "Recheck Cond": "(company_id < 11)",
                              "Rows Removed by Index Recheck": 0,
                              "Filter": "(company_type_id = 2)",
                              "Rows Removed by Filter": 20546,
                              "Exact Heap Blocks": 5365,
                              "Lossy Heap Blocks": 0,
                              "Plans": [
                                {
                                  "Node Type": "Bitmap Index Scan",
                                  "Parent Relationship": "Outer",
                                  "Parallel Aware": false,
                                  "Index Name": "company_id_movie_companies",
                                  "Startup Cost": 0.0,
                                  "Total Cost": 1421.96,
                                  "Plan Rows": 66337,
                                  "Plan Width": 0,
                                  "Actual Startup Time": 10.502,
                                  "Actual Total Time": 10.502,
                                  "Actual Rows": 69928,
                                  "Actual Loops": 1,
                                  "Index Cond": "(company_id < 11)"
                                }
                              ]
                            }
                          ]
                        }
                      ]
                    },
                    {
                      "Node Type": "Index Scan",
                      "Parent Relationship": "Inner",
                      "Parallel Aware": false,
                      "Scan Direction": "Forward",
                      "Index Name": "title_pkey",
                      "Relation Name": "title",
                      "Alias": "t",
                      "Startup Cost": 0.43,
                      "Total Cost": 0.84,
                      "Plan Rows": 1,
                      "Plan Width": 4,
                      "Actual Startup Time": 0.008,
                      "Actual Total Time": 0.008,
                      "Actual Rows": 0,
                      "Actual Loops": 3351,
                      "Index Cond": "(id = mi_idx.movie_id)",
                      "Rows Removed by Index Recheck": 0,
                      "Filter": "(production_year = 2010)",
                      "Rows Removed by Filter": 1
                    }
                  ]
                }
              ]
            }
          ]
        }
      ]
    },
    "Planning Time": 1.687,
    "Triggers": [],
    "Execution Time": 111.289
  }
]