[
  {
    "Plan": {
      "Node Type": "Aggregate",
      "Strategy": "Plain",
      "Partial Mode": "Finalize",
      "Parallel Aware": false,
      "Startup Cost": 253105.38,
      "Total Cost": 253105.39,
      "Plan Rows": 1,
      "Plan Width": 8,
      "Actual Startup Time": 358.184,
      "Actual Total Time": 392.694,
      "Actual Rows": 1,
      "Actual Loops": 1,
      "Plans": [
        {
          "Node Type": "Gather",
          "Parent Relationship": "Outer",
          "Parallel Aware": false,
          "Startup Cost": 253104.96,
          "Total Cost": 253105.37,
          "Plan Rows": 4,
          "Plan Width": 8,
          "Actual Startup Time": 357.36,
          "Actual Total Time": 392.682,
          "Actual Rows": 5,
          "Actual Loops": 1,
          "Workers Planned": 4,
          "Workers Launched": 4,
          "Single Copy": false,
          "Plans": [
            {
              "Node Type": "Aggregate",
              "Strategy": "Plain",
              "Partial Mode": "Partial",
              "Parent Relationship": "Outer",
              "Parallel Aware": false,
              "Startup Cost": 252104.96,
              "Total Cost": 252104.97,
              "Plan Rows": 1,
              "Plan Width": 8,
              "Actual Startup Time": 352.887,
              "Actual Total Time": 352.89,
              "Actual Rows": 1,
              "Actual Loops": 5,
              "Plans": [
                {
                  "Node Type": "Hash Join",
                  "Parent Relationship": "Outer",
                  "Parallel Aware": true,
                  "Join Type": "Inner",
                  "Startup Cost": 202654.07,
                  "Total Cost": 251968.27,
                  "Plan Rows": 54677,
                  "Plan Width": 0,
                  "Actual Startup Time": 245.633,
                  "Actual Total Time": 352.874,
                  "Actual Rows": 26,
                  "Actual Loops": 5,
                  "Inner Unique": false,
                  "Hash Cond": "(t.id = ci.movie_id)",
                  "Plans": [
                    {
                      "Node Type": "Seq Scan",
                      "Parent Relationship": "Outer",
                      "Parallel Aware": true,
                      "Relation Name": "title",
                      "Alias": "t",
                      "Startup Cost": 0.0,
                      "Total Cost": 45479.59,
                      "Plan Rows": 374349,
                      "Plan Width": 4,
                      "Actual Startup Time": 0.015,
                      "Actual Total Time": 80.406,
                      "Actual Rows": 295688,
                      "Actual Loops": 5,
                      "Filter": "((production_year > 0) AND (kind_id = 7))",
                      "Rows Removed by Filter": 209974
                    },
                    {
                      "Node Type": "Hash",
                      "Parent Relationship": "Inner",
                      "Parallel Aware": true,
                      "Startup Cost": 201884.69,
                      "Total Cost": 201884.69,
                      "Plan Rows": 61550,
                      "Plan Width": 4,
                      "Actual Startup Time": 242.691,
                      "Actual Total Time": 242.693,
                      "Actual Rows": 46,
                      "Actual Loops": 5,
                      "Hash Buckets": 524288,
                      "Original Hash Buckets": 524288,
                      "Hash Batches": 1,
                      "Original Hash Batches": 1,
                      "Peak Memory Usage": 4256,
                      "Plans": [
                        {
                          "Node Type": "Index Scan",
                          "Parent Relationship": "Outer",
                          "Parallel Aware": true,
                          "Scan Direction": "Forward",
                          "Index Name": "role_id_cast_info",
                          "Relation Name": "cast_info",
                          "Alias": "ci",
                          "Startup Cost": 0.56,
                          "Total Cost": 201884.69,
                          "Plan Rows": 61550,
                          "Plan Width": 4,
                          "Actual Startup Time": 2.911,
                          "Actual Total Time": 242.401,
                          "Actual Rows": 46,
                          "Actual Loops": 5,
                          "Index Cond": "(role_id = 2)",
                          "Rows Removed by Index Recheck": 0,
                          "Filter": "(person_id < 181036)",
                          "Rows Removed by Filter": 1490349
                        }
                      ]
                    }
                  ]
                }
              ]
            }
          ]
        }
      ]
    },
    "Planning Time": 0.294,
    "Triggers": [],
    "Execution Time": 392.735
  }
]