[
  {
    "Plan": {
      "Node Type": "Aggregate",
      "Strategy": "Plain",
      "Partial Mode": "Finalize",
      "Parallel Aware": false,
      "Startup Cost": 395100.61,
      "Total Cost": 395100.62,
      "Plan Rows": 1,
      "Plan Width": 8,
      "Actual Startup Time": 968.416,
      "Actual Total Time": 1037.287,
      "Actual Rows": 1,
      "Actual Loops": 1,
      "Plans": [
        {
          "Node Type": "Gather",
          "Parent Relationship": "Outer",
          "Parallel Aware": false,
          "Startup Cost": 395099.99,
          "Total Cost": 395100.6,
          "Plan Rows": 6,
          "Plan Width": 8,
          "Actual Startup Time": 968.002,
          "Actual Total Time": 1037.267,
          "Actual Rows": 7,
          "Actual Loops": 1,
          "Workers Planned": 6,
          "Workers Launched": 6,
          "Single Copy": false,
          "Plans": [
            {
              "Node Type": "Aggregate",
              "Strategy": "Plain",
              "Partial Mode": "Partial",
              "Parent Relationship": "Outer",
              "Parallel Aware": false,
              "Startup Cost": 394099.99,
              "Total Cost": 394100.0,
              "Plan Rows": 1,
              "Plan Width": 8,
              "Actual Startup Time": 959.381,
              "Actual Total Time": 959.385,
              "Actual Rows": 1,
              "Actual Loops": 7,
              "Plans": [
                {
                  "Node Type": "Hash Join",
                  "Parent Relationship": "Outer",
                  "Parallel Aware": true,
                  "Join Type": "Inner",
                  "Startup Cost": 45768.5,
                  "Total Cost": 393928.93,
                  "Plan Rows": 68422,
                  "Plan Width": 0,
                  "Actual Startup Time": 110.96,
                  "Actual Total Time": 959.356,
                  "Actual Rows": 114,
                  "Actual Loops": 7,
                  "Inner Unique": true,
                  "Hash Cond": "(ci.movie_id = t.id)",
                  "Plans": [
                    {
                      "Node Type": "Seq Scan",
                      "Parent Relationship": "Outer",
                      "Parallel Aware": true,
                      "Relation Name": "cast_info",
                      "Alias": "ci",
                      "Startup Cost": 0.0,
                      "Total Cost": 343257.03,
                      "Plan Rows": 1867960,
                      "Plan Width": 4,
                      "Actual Startup Time": 0.024,
                      "Actual Total Time": 719.544,
                      "Actual Rows": 1813246,
                      "Actual Loops": 7,
                      "Filter": "((person_id < 1389690) AND (role_id < 8))",
                      "Rows Removed by Filter": 3364517
                    },
                    {
                      "Node Type": "Hash",
                      "Parent Relationship": "Inner",
                      "Parallel Aware": true,
                      "Startup Cost": 45479.1,
                      "Total Cost": 45479.1,
                      "Plan Rows": 23152,
                      "Plan Width": 4,
                      "Actual Startup Time": 74.667,
                      "Actual Total Time": 74.669,
                      "Actual Rows": 41,
                      "Actual Loops": 7,
                      "Hash Buckets": 131072,
                      "Original Hash Buckets": 131072,
                      "Hash Batches": 1,
                      "Original Hash Batches": 1,
                      "Peak Memory Usage": 1248,
                      "Plans": [
                        {
                          "Node Type": "Seq Scan",
                          "Parent Relationship": "Outer",
                          "Parallel Aware": true,
                          "Relation Name": "title",
                          "Alias": "t",
                          "Startup Cost": 0.0,
                          "Total Cost": 45479.1,
                          "Plan Rows": 23152,
                          "Plan Width": 4,
                          "Actual Startup Time": 8.567,
                          "Actual Total Time": 74.446,
                          "Actual Rows": 41,
                          "Actual Loops": 7,
                          "Filter": "((production_year < 1948) AND (kind_id = 7))",
                          "Rows Removed by Filter": 361146
                        }
                      ]
                    }
                  ]
                }
              ]
            }
          ]
        }
      ]
    },
    "Planning Time": 0.719,
    "Triggers": [],
    "Execution Time": 1037.377
  }
]