[
  {
    "Plan": {
      "Node Type": "Aggregate",
      "Strategy": "Plain",
      "Partial Mode": "Finalize",
      "Parallel Aware": false,
      "Startup Cost": 47038.03,
      "Total Cost": 47038.04,
      "Plan Rows": 1,
      "Plan Width": 8,
      "Actual Startup Time": 186.285,
      "Actual Total Time": 196.779,
      "Actual Rows": 1,
      "Actual Loops": 1,
      "Plans": [
        {
          "Node Type": "Gather",
          "Parent Relationship": "Outer",
          "Parallel Aware": false,
          "Startup Cost": 47037.71,
          "Total Cost": 47038.02,
          "Plan Rows": 3,
          "Plan Width": 8,
          "Actual Startup Time": 186.155,
          "Actual Total Time": 196.772,
          "Actual Rows": 4,
          "Actual Loops": 1,
          "Workers Planned": 3,
          "Workers Launched": 3,
          "Single Copy": false,
          "Plans": [
            {
              "Node Type": "Aggregate",
              "Strategy": "Plain",
              "Partial Mode": "Partial",
              "Parent Relationship": "Outer",
              "Parallel Aware": false,
              "Startup Cost": 46037.71,
              "Total Cost": 46037.72,
              "Plan Rows": 1,
              "Plan Width": 8,
              "Actual Startup Time": 177.777,
              "Actual Total Time": 177.778,
              "Actual Rows": 1,
              "Actual Loops": 4,
              "Plans": [
                {
                  "Node Type": "Seq Scan",
                  "Parent Relationship": "Outer",
                  "Parallel Aware": true,
                  "Relation Name": "movie_keyword",
                  "Alias": "mk",
                  "Startup Cost": 0.0,
                  "Total Cost": 42695.65,
                  "Plan Rows": 1336824,
                  "Plan Width": 0,
                  "Actual Startup Time": 0.081,
                  "Actual Total Time": 129.472,
                  "Actual Rows": 1039716,
                  "Actual Loops": 4,
                  "Filter": "(keyword_id < 45973)",
                  "Rows Removed by Filter": 91266
                }
              ]
            }
          ]
        }
      ]
    },
    "Planning Time": 0.092,
    "Triggers": [],
    "Execution Time": 196.812
  }
]