[
    {
        "Bao": {
            "Bao prediction": "NaN",
            "Bao recommended hint": "(no hint)"
        }
    },
    {
        "Plan": {
            "Node Type": "Aggregate",
            "Strategy": "Plain",
            "Partial Mode": "Finalize",
            "Parallel Aware": false,
            "Startup Cost": 195426.16,
            "Total Cost": 195426.17,
            "Plan Rows": 1,
            "Plan Width": 8,
            "Actual Startup Time": 116.899,
            "Actual Total Time": 120.965,
            "Actual Rows": 1,
            "Actual Loops": 1,
            "Output": [
                "count(*)"
            ],
            "Plans": [
                {
                    "Node Type": "Gather",
                    "Parent Relationship": "Outer",
                    "Parallel Aware": false,
                    "Startup Cost": 195425.63,
                    "Total Cost": 195426.14,
                    "Plan Rows": 5,
                    "Plan Width": 8,
                    "Actual Startup Time": 116.537,
                    "Actual Total Time": 120.957,
                    "Actual Rows": 6,
                    "Actual Loops": 1,
                    "Output": [
                        "(PARTIAL count(*))"
                    ],
                    "Workers Planned": 5,
                    "Workers Launched": 5,
                    "Single Copy": false,
                    "Plans": [
                        {
                            "Node Type": "Aggregate",
                            "Strategy": "Plain",
                            "Partial Mode": "Partial",
                            "Parent Relationship": "Outer",
                            "Parallel Aware": false,
                            "Startup Cost": 194425.63,
                            "Total Cost": 194425.64,
                            "Plan Rows": 1,
                            "Plan Width": 8,
                            "Actual Startup Time": 106.259,
                            "Actual Total Time": 106.261,
                            "Actual Rows": 1,
                            "Actual Loops": 6,
                            "Output": [
                                "PARTIAL count(*)"
                            ],
                            "Workers": [
                                {
                                    "Worker Number": 0,
                                    "Actual Startup Time": 102.824,
                                    "Actual Total Time": 102.825,
                                    "Actual Rows": 1,
                                    "Actual Loops": 1
                                },
                                {
                                    "Worker Number": 1,
                                    "Actual Startup Time": 104.21,
                                    "Actual Total Time": 104.211,
                                    "Actual Rows": 1,
                                    "Actual Loops": 1
                                },
                                {
                                    "Worker Number": 2,
                                    "Actual Startup Time": 104.449,
                                    "Actual Total Time": 104.451,
                                    "Actual Rows": 1,
                                    "Actual Loops": 1
                                },
                                {
                                    "Worker Number": 3,
                                    "Actual Startup Time": 104.348,
                                    "Actual Total Time": 104.349,
                                    "Actual Rows": 1,
                                    "Actual Loops": 1
                                },
                                {
                                    "Worker Number": 4,
                                    "Actual Startup Time": 105.511,
                                    "Actual Total Time": 105.512,
                                    "Actual Rows": 1,
                                    "Actual Loops": 1
                                }
                            ],
                            "Plans": [
                                {
                                    "Node Type": "Bitmap Heap Scan",
                                    "Parent Relationship": "Outer",
                                    "Parallel Aware": true,
                                    "Relation Name": "movie_info",
                                    "Schema": "public",
                                    "Alias": "mi",
                                    "Startup Cost": 27829.04,
                                    "Total Cost": 193658.37,
                                    "Plan Rows": 306906,
                                    "Plan Width": 0,
                                    "Actual Startup Time": 38.84,
                                    "Actual Total Time": 89.647,
                                    "Actual Rows": 255652,
                                    "Actual Loops": 6,
                                    "Recheck Cond": "(mi.info_type_id = 3)",
                                    "Rows Removed by Index Recheck": 0,
                                    "Exact Heap Blocks": 3188,
                                    "Lossy Heap Blocks": 0,
                                    "Workers": [
                                        {
                                            "Worker Number": 0,
                                            "Actual Startup Time": 35.472,
                                            "Actual Total Time": 87.096,
                                            "Actual Rows": 188587,
                                            "Actual Loops": 1
                                        },
                                        {
                                            "Worker Number": 1,
                                            "Actual Startup Time": 36.936,
                                            "Actual Total Time": 88.471,
                                            "Actual Rows": 180421,
                                            "Actual Loops": 1
                                        },
                                        {
                                            "Worker Number": 2,
                                            "Actual Startup Time": 37.004,
                                            "Actual Total Time": 88.488,
                                            "Actual Rows": 179953,
                                            "Actual Loops": 1
                                        },
                                        {
                                            "Worker Number": 3,
                                            "Actual Startup Time": 36.924,
                                            "Actual Total Time": 88.391,
                                            "Actual Rows": 249819,
                                            "Actual Loops": 1
                                        },
                                        {
                                            "Worker Number": 4,
                                            "Actual Startup Time": 38.32,
                                            "Actual Total Time": 89.744,
                                            "Actual Rows": 234641,
                                            "Actual Loops": 1
                                        }
                                    ],
                                    "Plans": [
                                        {
                                            "Node Type": "Bitmap Index Scan",
                                            "Parent Relationship": "Outer",
                                            "Parallel Aware": false,
                                            "Index Name": "info_type_id_movie_info",
                                            "Startup Cost": 0.0,
                                            "Total Cost": 27445.41,
                                            "Plan Rows": 1534530,
                                            "Plan Width": 0,
                                            "Actual Startup Time": 47.019,
                                            "Actual Total Time": 47.019,
                                            "Actual Rows": 1533909,
                                            "Actual Loops": 1,
                                            "Index Cond": "(mi.info_type_id = 3)"
                                        }
                                    ]
                                }
                            ]
                        }
                    ]
                }
            ]
        },
        "Planning Time": 193.66,
        "Triggers": [],
        "Execution Time": 121.018
    }
]