[
  {
    "Plan": {
      "Node Type": "Aggregate",
      "Strategy": "Plain",
      "Partial Mode": "Finalize",
      "Parallel Aware": false,
      "Startup Cost": 391139.0,
      "Total Cost": 391139.01,
      "Plan Rows": 1,
      "Plan Width": 8,
      "Actual Startup Time": 1493.784,
      "Actual Total Time": 1558.394,
      "Actual Rows": 1,
      "Actual Loops": 1,
      "Plans": [
        {
          "Node Type": "Gather",
          "Parent Relationship": "Outer",
          "Parallel Aware": false,
          "Startup Cost": 391138.38,
          "Total Cost": 391138.99,
          "Plan Rows": 6,
          "Plan Width": 8,
          "Actual Startup Time": 1487.941,
          "Actual Total Time": 1558.383,
          "Actual Rows": 7,
          "Actual Loops": 1,
          "Workers Planned": 6,
          "Workers Launched": 6,
          "Single Copy": false,
          "Plans": [
            {
              "Node Type": "Aggregate",
              "Strategy": "Plain",
              "Partial Mode": "Partial",
              "Parent Relationship": "Outer",
              "Parallel Aware": false,
              "Startup Cost": 390138.38,
              "Total Cost": 390138.39,
              "Plan Rows": 1,
              "Plan Width": 8,
              "Actual Startup Time": 1477.08,
              "Actual Total Time": 1477.083,
              "Actual Rows": 1,
              "Actual Loops": 7,
              "Plans": [
                {
                  "Node Type": "Hash Join",
                  "Parent Relationship": "Outer",
                  "Parallel Aware": true,
                  "Join Type": "Inner",
                  "Startup Cost": 47411.16,
                  "Total Cost": 387387.03,
                  "Plan Rows": 1100538,
                  "Plan Width": 0,
                  "Actual Startup Time": 120.605,
                  "Actual Total Time": 1436.897,
                  "Actual Rows": 874026,
                  "Actual Loops": 7,
                  "Inner Unique": true,
                  "Hash Cond": "(ci.movie_id = t.id)",
                  "Plans": [
                    {
                      "Node Type": "Seq Scan",
                      "Parent Relationship": "Outer",
                      "Parallel Aware": true,
                      "Relation Name": "cast_info",
                      "Alias": "ci",
                      "Startup Cost": 0.0,
                      "Total Cost": 328162.03,
                      "Plan Rows": 4500505,
                      "Plan Width": 4,
                      "Actual Startup Time": 0.019,
                      "Actual Total Time": 610.23,
                      "Actual Rows": 3871406,
                      "Actual Loops": 7,
                      "Filter": "(person_id < 2784547)",
                      "Rows Removed by Filter": 1306358
                    },
                    {
                      "Node Type": "Hash",
                      "Parent Relationship": "Inner",
                      "Parallel Aware": true,
                      "Startup Cost": 45479.1,
                      "Total Cost": 45479.1,
                      "Plan Rows": 154565,
                      "Plan Width": 4,
                      "Actual Startup Time": 117.074,
                      "Actual Total Time": 117.075,
                      "Actual Rows": 74339,
                      "Actual Loops": 7,
                      "Hash Buckets": 1048576,
                      "Original Hash Buckets": 1048576,
                      "Hash Batches": 1,
                      "Original Hash Batches": 1,
                      "Peak Memory Usage": 28640,
                      "Plans": [
                        {
                          "Node Type": "Seq Scan",
                          "Parent Relationship": "Outer",
                          "Parallel Aware": true,
                          "Relation Name": "title",
                          "Alias": "t",
                          "Startup Cost": 0.0,
                          "Total Cost": 45479.1,
                          "Plan Rows": 154565,
                          "Plan Width": 4,
                          "Actual Startup Time": 0.051,
                          "Actual Total Time": 79.935,
                          "Actual Rows": 74339,
                          "Actual Loops": 7,
                          "Filter": "((kind_id < 7) AND (production_year > 1996))",
                          "Rows Removed by Filter": 286848
                        }
                      ]
                    }
                  ]
                }
              ]
            }
          ]
        }
      ]
    },
    "Planning Time": 0.62,
    "Triggers": [],
    "Execution Time": 1558.48
  }
]