{
  "Plan": {
    "Node Type": "Aggregate",
    "Strategy": "Plain",
    "Partial Mode": "Finalize",
    "Parallel Aware": false,
    "Startup Cost": 425220.17,
    "Total Cost": 425220.18,
    "Plan Rows": 1,
    "Plan Width": 8,
    "Actual Startup Time": 1052.288,
    "Actual Total Time": 1074.805,
    "Actual Rows": 1,
    "Actual Loops": 1,
    "Plans": [
      {
        "Node Type": "Gather",
        "Parent Relationship": "Outer",
        "Parallel Aware": false,
        "Startup Cost": 425220.06,
        "Total Cost": 425220.17,
        "Plan Rows": 1,
        "Plan Width": 8,
        "Actual Startup Time": 1052.138,
        "Actual Total Time": 1074.797,
        "Actual Rows": 2,
        "Actual Loops": 1,
        "Workers Planned": 1,
        "Workers Launched": 1,
        "Single Copy": false,
        "Plans": [
          {
            "Node Type": "Aggregate",
            "Strategy": "Plain",
            "Partial Mode": "Partial",
            "Parent Relationship": "Outer",
            "Parallel Aware": false,
            "Startup Cost": 424220.06,
            "Total Cost": 424220.07,
            "Plan Rows": 1,
            "Plan Width": 8,
            "Actual Startup Time": 1046.29,
            "Actual Total Time": 1046.294,
            "Actual Rows": 1,
            "Actual Loops": 2,
            "Plans": [
              {
                "Node Type": "Hash Join",
                "Parent Relationship": "Outer",
                "Parallel Aware": false,
                "Join Type": "Inner",
                "Startup Cost": 3008.17,
                "Total Cost": 424219.89,
                "Plan Rows": 68,
                "Plan Width": 0,
                "Actual Startup Time": 426.073,
                "Actual Total Time": 1046.232,
                "Actual Rows": 197,
                "Actual Loops": 2,
                "Inner Unique": false,
                "Hash Cond": "(ci.movie_id = t.id)",
                "Plans": [
                  {
                    "Node Type": "Index Scan",
                    "Parent Relationship": "Outer",
                    "Parallel Aware": true,
                    "Scan Direction": "Forward",
                    "Index Name": "role_id_cast_info",
                    "Relation Name": "cast_info",
                    "Alias": "ci",
                    "Startup Cost": 0.56,
                    "Total Cost": 400977.7,
                    "Plan Rows": 5395709,
                    "Plan Width": 4,
                    "Actual Startup Time": 420.874,
                    "Actual Total Time": 872.361,
                    "Actual Rows": 2857932,
                    "Actual Loops": 2,
                    "Index Cond": "(role_id = 1)",
                    "Rows Removed by Index Recheck": 0,
                    "Filter": "(person_id > 950777)",
                    "Rows Removed by Filter": 3477412
                  },
                  {
                    "Node Type": "Hash",
                    "Parent Relationship": "Inner",
                    "Parallel Aware": false,
                    "Startup Cost": 3007.2,
                    "Total Cost": 3007.2,
                    "Plan Rows": 32,
                    "Plan Width": 8,
                    "Actual Startup Time": 0.928,
                    "Actual Total Time": 0.931,
                    "Actual Rows": 29,
                    "Actual Loops": 2,
                    "Hash Buckets": 1024,
                    "Original Hash Buckets": 1024,
                    "Hash Batches": 1,
                    "Original Hash Batches": 1,
                    "Peak Memory Usage": 10,
                    "Plans": [
                      {
                        "Node Type": "Nested Loop",
                        "Parent Relationship": "Outer",
                        "Parallel Aware": false,
                        "Join Type": "Inner",
                        "Startup Cost": 6.78,
                        "Total Cost": 3007.2,
                        "Plan Rows": 32,
                        "Plan Width": 8,
                        "Actual Startup Time": 0.147,
                        "Actual Total Time": 0.917,
                        "Actual Rows": 29,
                        "Actual Loops": 2,
                        "Inner Unique": true,
                        "Plans": [
                          {
                            "Node Type": "Bitmap Heap Scan",
                            "Parent Relationship": "Outer",
                            "Parallel Aware": false,
                            "Relation Name": "movie_keyword",
                            "Alias": "mk",
                            "Startup Cost": 6.35,
                            "Total Cost": 922.98,
                            "Plan Rows": 248,
                            "Plan Width": 4,
                            "Actual Startup Time": 0.116,
                            "Actual Total Time": 0.334,
                            "Actual Rows": 42,
                            "Actual Loops": 2,
                            "Recheck Cond": "(keyword_id = 8259)",
                            "Rows Removed by Index Recheck": 0,
                            "Exact Heap Blocks": 40,
                            "Lossy Heap Blocks": 0,
                            "Plans": [
                              {
                                "Node Type": "Bitmap Index Scan",
                                "Parent Relationship": "Outer",
                                "Parallel Aware": false,
                                "Index Name": "keyword_id_movie_keyword",
                                "Startup Cost": 0.0,
                                "Total Cost": 6.29,
                                "Plan Rows": 248,
                                "Plan Width": 0,
                                "Actual Startup Time": 0.103,
                                "Actual Total Time": 0.104,
                                "Actual Rows": 42,
                                "Actual Loops": 2,
                                "Index Cond": "(keyword_id = 8259)"
                              }
                            ]
                          },
                          {
                            "Node Type": "Index Scan",
                            "Parent Relationship": "Inner",
                            "Parallel Aware": false,
                            "Scan Direction": "Forward",
                            "Index Name": "title_pkey",
                            "Relation Name": "title",
                            "Alias": "t",
                            "Startup Cost": 0.43,
                            "Total Cost": 8.4,
                            "Plan Rows": 1,
                            "Plan Width": 4,
                            "Actual Startup Time": 0.013,
                            "Actual Total Time": 0.013,
                            "Actual Rows": 1,
                            "Actual Loops": 84,
                            "Index Cond": "(id = mk.movie_id)",
                            "Rows Removed by Index Recheck": 0,
                            "Filter": "((kind_id < 7) AND (production_year < 1996))",
                            "Rows Removed by Filter": 0
                          }
                        ]
                      }
                    ]
                  }
                ]
              }
            ]
          }
        ]
      }
    ]
  },
  "Planning Time": 0.674,
  "Triggers": [],
  "Execution Time": 1074.881
}