{
  "Plan": {
    "Node Type": "Aggregate",
    "Strategy": "Plain",
    "Partial Mode": "Simple",
    "Parallel Aware": false,
    "Startup Cost": 183274.95,
    "Total Cost": 183274.96,
    "Plan Rows": 1,
    "Plan Width": 128,
    "Actual Startup Time": 2452.593,
    "Actual Total Time": 2452.715,
    "Actual Rows": 1,
    "Actual Loops": 1,
    "Plans": [
      {
        "Node Type": "Gather",
        "Parent Relationship": "Outer",
        "Parallel Aware": false,
        "Startup Cost": 4777.85,
        "Total Cost": 183274.94,
        "Plan Rows": 1,
        "Plan Width": 81,
        "Actual Startup Time": 1203.678,
        "Actual Total Time": 2452.563,
        "Actual Rows": 314,
        "Actual Loops": 1,
        "Workers Planned": 1,
        "Workers Launched": 0,
        "Single Copy": false,
        "Plans": [
          {
            "Node Type": "Nested Loop",
            "Parent Relationship": "Outer",
            "Parallel Aware": false,
            "Join Type": "Inner",
            "Startup Cost": 3777.85,
            "Total Cost": 182274.84,
            "Plan Rows": 1,
            "Plan Width": 81,
            "Actual Startup Time": 1202.262,
            "Actual Total Time": 2450.985,
            "Actual Rows": 314,
            "Actual Loops": 1,
            "Inner Unique": true,
            "Plans": [
              {
                "Node Type": "Nested Loop",
                "Parent Relationship": "Outer",
                "Parallel Aware": false,
                "Join Type": "Inner",
                "Startup Cost": 3777.43,
                "Total Cost": 182274.39,
                "Plan Rows": 1,
                "Plan Width": 85,
                "Actual Startup Time": 1202.159,
                "Actual Total Time": 2420.026,
                "Actual Rows": 14501,
                "Actual Loops": 1,
                "Inner Unique": false,
                "Plans": [
                  {
                    "Node Type": "Nested Loop",
                    "Parent Relationship": "Outer",
                    "Parallel Aware": false,
                    "Join Type": "Inner",
                    "Startup Cost": 3777.0,
                    "Total Cost": 182272.55,
                    "Plan Rows": 1,
                    "Plan Width": 101,
                    "Actual Startup Time": 1202.14,
                    "Actual Total Time": 2414.936,
                    "Actual Rows": 120,
                    "Actual Loops": 1,
                    "Inner Unique": true,
                    "Plans": [
                      {
                        "Node Type": "Nested Loop",
                        "Parent Relationship": "Outer",
                        "Parallel Aware": false,
                        "Join Type": "Inner",
                        "Startup Cost": 3776.86,
                        "Total Cost": 182272.37,
                        "Plan Rows": 1,
                        "Plan Width": 105,
                        "Actual Startup Time": 1202.126,
                        "Actual Total Time": 2414.629,
                        "Actual Rows": 120,
                        "Actual Loops": 1,
                        "Inner Unique": false,
                        "Join Filter": "(t.id = mi.movie_id)",
                        "Rows Removed by Join Filter": 0,
                        "Plans": [
                          {
                            "Node Type": "Hash Join",
                            "Parent Relationship": "Outer",
                            "Parallel Aware": false,
                            "Join Type": "Inner",
                            "Startup Cost": 3776.42,
                            "Total Cost": 182263.1,
                            "Plan Rows": 5,
                            "Plan Width": 54,
                            "Actual Startup Time": 50.246,
                            "Actual Total Time": 2370.845,
                            "Actual Rows": 978,
                            "Actual Loops": 1,
                            "Inner Unique": true,
                            "Hash Cond": "(mi_idx.info_type_id = it2.id)",
                            "Plans": [
                              {
                                "Node Type": "Nested Loop",
                                "Parent Relationship": "Outer",
                                "Parallel Aware": false,
                                "Join Type": "Inner",
                                "Startup Cost": 3774.0,
                                "Total Cost": 182259.12,
                                "Plan Rows": 569,
                                "Plan Width": 58,
                                "Actual Startup Time": 50.175,
                                "Actual Total Time": 2370.113,
                                "Actual Rows": 2941,
                                "Actual Loops": 1,
                                "Inner Unique": false,
                                "Plans": [
                                  {
                                    "Node Type": "Hash Join",
                                    "Parent Relationship": "Outer",
                                    "Parallel Aware": false,
                                    "Join Type": "Inner",
                                    "Startup Cost": 3773.57,
                                    "Total Cost": 181681.83,
                                    "Plan Rows": 1044,
                                    "Plan Width": 44,
                                    "Actual Startup Time": 50.16,
                                    "Actual Total Time": 2364.423,
                                    "Actual Rows": 1048,
                                    "Actual Loops": 1,
                                    "Inner Unique": true,
                                    "Hash Cond": "(cc.subject_id = cct1.id)",
                                    "Plans": [
                                      {
                                        "Node Type": "Hash Join",
                                        "Parent Relationship": "Outer",
                                        "Parallel Aware": false,
                                        "Join Type": "Inner",
                                        "Startup Cost": 3772.49,
                                        "Total Cost": 181669.46,
                                        "Plan Rows": 2088,
                                        "Plan Width": 48,
                                        "Actual Startup Time": 50.131,
                                        "Actual Total Time": 2363.878,
                                        "Actual Rows": 1191,
                                        "Actual Loops": 1,
                                        "Inner Unique": true,
                                        "Hash Cond": "(cc.status_id = cct2.id)",
                                        "Plans": [
                                          {
                                            "Node Type": "Nested Loop",
                                            "Parent Relationship": "Outer",
                                            "Parallel Aware": false,
                                            "Join Type": "Inner",
                                            "Startup Cost": 3771.43,
                                            "Total Cost": 181623.25,
                                            "Plan Rows": 8351,
                                            "Plan Width": 52,
                                            "Actual Startup Time": 49.444,
                                            "Actual Total Time": 2361.479,
                                            "Actual Rows": 19400,
                                            "Actual Loops": 1,
                                            "Inner Unique": true,
                                            "Plans": [
                                              {
                                                "Node Type": "Nested Loop",
                                                "Parent Relationship": "Outer",
                                                "Parallel Aware": false,
                                                "Join Type": "Inner",
                                                "Startup Cost": 3771.0,
                                                "Total Cost": 168117.85,
                                                "Plan Rows": 19713,
                                                "Plan Width": 41,
                                                "Actual Startup Time": 49.43,
                                                "Actual Total Time": 2228.309,
                                                "Actual Rows": 43442,
                                                "Actual Loops": 1,
                                                "Inner Unique": false,
                                                "Plans": [
                                                  {
                                                    "Node Type": "Hash Join",
                                                    "Parent Relationship": "Outer",
                                                    "Parallel Aware": false,
                                                    "Join Type": "Inner",
                                                    "Startup Cost": 3770.44,
                                                    "Total Cost": 62654.16,
                                                    "Plan Rows": 41476,
                                                    "Plan Width": 33,
                                                    "Actual Startup Time": 49.31,
                                                    "Actual Total Time": 695.312,
                                                    "Actual Rows": 36498,
                                                    "Actual Loops": 1,
                                                    "Inner Unique": false,
                                                    "Hash Cond": "(t.id = cc.movie_id)",
                                                    "Plans": [
                                                      {
                                                        "Node Type": "Seq Scan",
                                                        "Parent Relationship": "Outer",
                                                        "Parallel Aware": true,
                                                        "Relation Name": "title",
                                                        "Alias": "t",
                                                        "Startup Cost": 0.0,
                                                        "Total Cost": 54587.68,
                                                        "Plan Rows": 776255,
                                                        "Plan Width": 21,
                                                        "Actual Startup Time": 0.01,
                                                        "Actual Total Time": 276.615,
                                                        "Actual Rows": 1322863,
                                                        "Actual Loops": 1,
                                                        "Filter": "(production_year > 2001)",
                                                        "Rows Removed by Filter": 1205449
                                                      },
                                                      {
                                                        "Node Type": "Hash",
                                                        "Parent Relationship": "Inner",
                                                        "Parallel Aware": false,
                                                        "Startup Cost": 2081.86,
                                                        "Total Cost": 2081.86,
                                                        "Plan Rows": 135086,
                                                        "Plan Width": 12,
                                                        "Actual Startup Time": 48.559,
                                                        "Actual Total Time": 48.561,
                                                        "Actual Rows": 135086,
                                                        "Actual Loops": 1,
                                                        "Hash Buckets": 262144,
                                                        "Original Hash Buckets": 262144,
                                                        "Hash Batches": 1,
                                                        "Original Hash Batches": 1,
                                                        "Peak Memory Usage": 7853,
                                                        "Plans": [
                                                          {
                                                            "Node Type": "Seq Scan",
                                                            "Parent Relationship": "Outer",
                                                            "Parallel Aware": false,
                                                            "Relation Name": "complete_cast",
                                                            "Alias": "cc",
                                                            "Startup Cost": 0.0,
                                                            "Total Cost": 2081.86,
                                                            "Plan Rows": 135086,
                                                            "Plan Width": 12,
                                                            "Actual Startup Time": 0.028,
                                                            "Actual Total Time": 22.747,
                                                            "Actual Rows": 135086,
                                                            "Actual Loops": 1
                                                          }
                                                        ]
                                                      }
                                                    ]
                                                  },
                                                  {
                                                    "Node Type": "Index Scan",
                                                    "Parent Relationship": "Inner",
                                                    "Parallel Aware": false,
                                                    "Scan Direction": "Forward",
                                                    "Index Name": "movie_id_cast_info",
                                                    "Relation Name": "cast_info",
                                                    "Alias": "ci",
                                                    "Startup Cost": 0.56,
                                                    "Total Cost": 2.53,
                                                    "Plan Rows": 1,
                                                    "Plan Width": 8,
                                                    "Actual Startup Time": 0.032,
                                                    "Actual Total Time": 0.042,
                                                    "Actual Rows": 1,
                                                    "Actual Loops": 36498,
                                                    "Index Cond": "(movie_id = t.id)",
                                                    "Rows Removed by Index Recheck": 0,
                                                    "Filter": "(note = ANY ('{(writer),\"(head writer)\",\"(written by)\",(story),\"(story editor)\"}'::text[]))",
                                                    "Rows Removed by Filter": 42
                                                  }
                                                ]
                                              },
                                              {
                                                "Node Type": "Index Scan",
                                                "Parent Relationship": "Inner",
                                                "Parallel Aware": false,
                                                "Scan Direction": "Forward",
                                                "Index Name": "name_pkey",
                                                "Relation Name": "name",
                                                "Alias": "n",
                                                "Startup Cost": 0.43,
                                                "Total Cost": 0.69,
                                                "Plan Rows": 1,
                                                "Plan Width": 19,
                                                "Actual Startup Time": 0.003,
                                                "Actual Total Time": 0.003,
                                                "Actual Rows": 0,
                                                "Actual Loops": 43442,
                                                "Index Cond": "(id = ci.person_id)",
                                                "Rows Removed by Index Recheck": 0,
                                                "Filter": "((gender)::text = 'm'::text)",
                                                "Rows Removed by Filter": 1
                                              }
                                            ]
                                          },
                                          {
                                            "Node Type": "Hash",
                                            "Parent Relationship": "Inner",
                                            "Parallel Aware": false,
                                            "Startup Cost": 1.05,
                                            "Total Cost": 1.05,
                                            "Plan Rows": 1,
                                            "Plan Width": 4,
                                            "Actual Startup Time": 0.016,
                                            "Actual Total Time": 0.016,
                                            "Actual Rows": 1,
                                            "Actual Loops": 1,
                                            "Hash Buckets": 1024,
                                            "Original Hash Buckets": 1024,
                                            "Hash Batches": 1,
                                            "Original Hash Batches": 1,
                                            "Peak Memory Usage": 9,
                                            "Plans": [
                                              {
                                                "Node Type": "Seq Scan",
                                                "Parent Relationship": "Outer",
                                                "Parallel Aware": false,
                                                "Relation Name": "comp_cast_type",
                                                "Alias": "cct2",
                                                "Startup Cost": 0.0,
                                                "Total Cost": 1.05,
                                                "Plan Rows": 1,
                                                "Plan Width": 4,
                                                "Actual Startup Time": 0.012,
                                                "Actual Total Time": 0.013,
                                                "Actual Rows": 1,
                                                "Actual Loops": 1,
                                                "Filter": "((kind)::text = 'complete+verified'::text)",
                                                "Rows Removed by Filter": 3
                                              }
                                            ]
                                          }
                                        ]
                                      },
                                      {
                                        "Node Type": "Hash",
                                        "Parent Relationship": "Inner",
                                        "Parallel Aware": false,
                                        "Startup Cost": 1.05,
                                        "Total Cost": 1.05,
                                        "Plan Rows": 2,
                                        "Plan Width": 4,
                                        "Actual Startup Time": 0.022,
                                        "Actual Total Time": 0.023,
                                        "Actual Rows": 2,
                                        "Actual Loops": 1,
                                        "Hash Buckets": 1024,
                                        "Original Hash Buckets": 1024,
                                        "Hash Batches": 1,
                                        "Original Hash Batches": 1,
                                        "Peak Memory Usage": 9,
                                        "Plans": [
                                          {
                                            "Node Type": "Seq Scan",
                                            "Parent Relationship": "Outer",
                                            "Parallel Aware": false,
                                            "Relation Name": "comp_cast_type",
                                            "Alias": "cct1",
                                            "Startup Cost": 0.0,
                                            "Total Cost": 1.05,
                                            "Plan Rows": 2,
                                            "Plan Width": 4,
                                            "Actual Startup Time": 0.015,
                                            "Actual Total Time": 0.018,
                                            "Actual Rows": 2,
                                            "Actual Loops": 1,
                                            "Filter": "((kind)::text = ANY ('{complete,cast}'::text[]))",
                                            "Rows Removed by Filter": 2
                                          }
                                        ]
                                      }
                                    ]
                                  },
                                  {
                                    "Node Type": "Index Scan",
                                    "Parent Relationship": "Inner",
                                    "Parallel Aware": false,
                                    "Scan Direction": "Forward",
                                    "Index Name": "movie_id_movie_info_idx",
                                    "Relation Name": "movie_info_idx",
                                    "Alias": "mi_idx",
                                    "Startup Cost": 0.43,
                                    "Total Cost": 0.52,
                                    "Plan Rows": 3,
                                    "Plan Width": 14,
                                    "Actual Startup Time": 0.004,
                                    "Actual Total Time": 0.005,
                                    "Actual Rows": 3,
                                    "Actual Loops": 1048,
                                    "Index Cond": "(movie_id = t.id)",
                                    "Rows Removed by Index Recheck": 0
                                  }
                                ]
                              },
                              {
                                "Node Type": "Hash",
                                "Parent Relationship": "Inner",
                                "Parallel Aware": false,
                                "Startup Cost": 2.41,
                                "Total Cost": 2.41,
                                "Plan Rows": 1,
                                "Plan Width": 4,
                                "Actual Startup Time": 0.056,
                                "Actual Total Time": 0.057,
                                "Actual Rows": 1,
                                "Actual Loops": 1,
                                "Hash Buckets": 1024,
                                "Original Hash Buckets": 1024,
                                "Hash Batches": 1,
                                "Original Hash Batches": 1,
                                "Peak Memory Usage": 9,
                                "Plans": [
                                  {
                                    "Node Type": "Seq Scan",
                                    "Parent Relationship": "Outer",
                                    "Parallel Aware": false,
                                    "Relation Name": "info_type",
                                    "Alias": "it2",
                                    "Startup Cost": 0.0,
                                    "Total Cost": 2.41,
                                    "Plan Rows": 1,
                                    "Plan Width": 4,
                                    "Actual Startup Time": 0.044,
                                    "Actual Total Time": 0.049,
                                    "Actual Rows": 1,
                                    "Actual Loops": 1,
                                    "Filter": "((info)::text = 'votes'::text)",
                                    "Rows Removed by Filter": 112
                                  }
                                ]
                              }
                            ]
                          },
                          {
                            "Node Type": "Index Scan",
                            "Parent Relationship": "Inner",
                            "Parallel Aware": false,
                            "Scan Direction": "Forward",
                            "Index Name": "movie_id_movie_info",
                            "Relation Name": "movie_info",
                            "Alias": "mi",
                            "Startup Cost": 0.43,
                            "Total Cost": 1.84,
                            "Plan Rows": 1,
                            "Plan Width": 51,
                            "Actual Startup Time": 0.044,
                            "Actual Total Time": 0.044,
                            "Actual Rows": 0,
                            "Actual Loops": 978,
                            "Index Cond": "(movie_id = mi_idx.movie_id)",
                            "Rows Removed by Index Recheck": 0,
                            "Filter": "(info = ANY ('{Crime,Crime}'::text[]))",
                            "Rows Removed by Filter": 131
                          }
                        ]
                      },
                      {
                        "Node Type": "Index Scan",
                        "Parent Relationship": "Inner",
                        "Parallel Aware": false,
                        "Scan Direction": "Forward",
                        "Index Name": "info_type_pkey",
                        "Relation Name": "info_type",
                        "Alias": "it1",
                        "Startup Cost": 0.14,
                        "Total Cost": 0.16,
                        "Plan Rows": 1,
                        "Plan Width": 4,
                        "Actual Startup Time": 0.002,
                        "Actual Total Time": 0.002,
                        "Actual Rows": 1,
                        "Actual Loops": 120,
                        "Index Cond": "(id = mi.info_type_id)",
                        "Rows Removed by Index Recheck": 0,
                        "Filter": "((info)::text = 'genres'::text)",
                        "Rows Removed by Filter": 0
                      }
                    ]
                  },
                  {
                    "Node Type": "Index Scan",
                    "Parent Relationship": "Inner",
                    "Parallel Aware": false,
                    "Scan Direction": "Forward",
                    "Index Name": "movie_id_movie_keyword",
                    "Relation Name": "movie_keyword",
                    "Alias": "mk",
                    "Startup Cost": 0.43,
                    "Total Cost": 1.38,
                    "Plan Rows": 46,
                    "Plan Width": 8,
                    "Actual Startup Time": 0.009,
                    "Actual Total Time": 0.03,
                    "Actual Rows": 121,
                    "Actual Loops": 120,
                    "Index Cond": "(movie_id = t.id)",
                    "Rows Removed by Index Recheck": 0
                  }
                ]
              },
              {
                "Node Type": "Index Scan",
                "Parent Relationship": "Inner",
                "Parallel Aware": false,
                "Scan Direction": "Forward",
                "Index Name": "keyword_pkey",
                "Relation Name": "keyword",
                "Alias": "k",
                "Startup Cost": 0.42,
                "Total Cost": 0.45,
                "Plan Rows": 1,
                "Plan Width": 4,
                "Actual Startup Time": 0.002,
                "Actual Total Time": 0.002,
                "Actual Rows": 0,
                "Actual Loops": 14501,
                "Index Cond": "(id = mk.keyword_id)",
                "Rows Removed by Index Recheck": 0,
                "Filter": "(keyword = ANY ('{murder,violence,blood,gore,death,female-nudity,hospital}'::text[]))",
                "Rows Removed by Filter": 1
              }
            ]
          }
        ]
      }
    ]
  },
  "Planning Time": 3.827,
  "Triggers": [],
  "Execution Time": 2452.964
}