[
  {
    "Plan": {
      "Node Type": "Aggregate",
      "Strategy": "Plain",
      "Partial Mode": "Finalize",
      "Parallel Aware": false,
      "Startup Cost": 32663.87,
      "Total Cost": 32663.88,
      "Plan Rows": 1,
      "Plan Width": 8,
      "Actual Startup Time": 89.747,
      "Actual Total Time": 97.656,
      "Actual Rows": 1,
      "Actual Loops": 1,
      "Plans": [
        {
          "Node Type": "Gather",
          "Parent Relationship": "Outer",
          "Parallel Aware": false,
          "Startup Cost": 32663.55,
          "Total Cost": 32663.86,
          "Plan Rows": 3,
          "Plan Width": 8,
          "Actual Startup Time": 89.57,
          "Actual Total Time": 97.644,
          "Actual Rows": 4,
          "Actual Loops": 1,
          "Workers Planned": 3,
          "Workers Launched": 3,
          "Single Copy": false,
          "Plans": [
            {
              "Node Type": "Aggregate",
              "Strategy": "Plain",
              "Partial Mode": "Partial",
              "Parent Relationship": "Outer",
              "Parallel Aware": false,
              "Startup Cost": 31663.55,
              "Total Cost": 31663.56,
              "Plan Rows": 1,
              "Plan Width": 8,
              "Actual Startup Time": 81.622,
              "Actual Total Time": 81.623,
              "Actual Rows": 1,
              "Actual Loops": 4,
              "Plans": [
                {
                  "Node Type": "Seq Scan",
                  "Parent Relationship": "Outer",
                  "Parallel Aware": true,
                  "Relation Name": "movie_companies",
                  "Alias": "mc",
                  "Startup Cost": 0.0,
                  "Total Cost": 31414.82,
                  "Plan Rows": 99494,
                  "Plan Width": 0,
                  "Actual Startup Time": 43.223,
                  "Actual Total Time": 81.447,
                  "Actual Rows": 2904,
                  "Actual Loops": 4,
                  "Filter": "((company_id > 60749) AND (company_type_id = 1))",
                  "Rows Removed by Filter": 649378
                }
              ]
            }
          ]
        }
      ]
    },
    "Planning Time": 0.192,
    "Triggers": [],
    "Execution Time": 97.717
  }
]