[
  {
    "Plan": {
      "Node Type": "Aggregate",
      "Strategy": "Plain",
      "Partial Mode": "Finalize",
      "Parallel Aware": false,
      "Startup Cost": 32658.46,
      "Total Cost": 32658.47,
      "Plan Rows": 1,
      "Plan Width": 8,
      "Actual Startup Time": 79.761,
      "Actual Total Time": 87.699,
      "Actual Rows": 1,
      "Actual Loops": 1,
      "Plans": [
        {
          "Node Type": "Gather",
          "Parent Relationship": "Outer",
          "Parallel Aware": false,
          "Startup Cost": 32658.14,
          "Total Cost": 32658.45,
          "Plan Rows": 3,
          "Plan Width": 8,
          "Actual Startup Time": 79.66,
          "Actual Total Time": 87.693,
          "Actual Rows": 4,
          "Actual Loops": 1,
          "Workers Planned": 3,
          "Workers Launched": 3,
          "Single Copy": false,
          "Plans": [
            {
              "Node Type": "Aggregate",
              "Strategy": "Plain",
              "Partial Mode": "Partial",
              "Parent Relationship": "Outer",
              "Parallel Aware": false,
              "Startup Cost": 31658.14,
              "Total Cost": 31658.15,
              "Plan Rows": 1,
              "Plan Width": 8,
              "Actual Startup Time": 71.522,
              "Actual Total Time": 71.523,
              "Actual Rows": 1,
              "Actual Loops": 4,
              "Plans": [
                {
                  "Node Type": "Seq Scan",
                  "Parent Relationship": "Outer",
                  "Parallel Aware": true,
                  "Relation Name": "movie_companies",
                  "Alias": "mc",
                  "Startup Cost": 0.0,
                  "Total Cost": 31414.82,
                  "Plan Rows": 97330,
                  "Plan Width": 0,
                  "Actual Startup Time": 37.168,
                  "Actual Total Time": 71.352,
                  "Actual Rows": 2904,
                  "Actual Loops": 4,
                  "Filter": "((company_id > 60749) AND (company_type_id = 1))",
                  "Rows Removed by Filter": 649378
                }
              ]
            }
          ]
        }
      ]
    },
    "Planning Time": 0.1,
    "Triggers": [],
    "Execution Time": 87.728
  }
]