[
  {
    "Plan": {
      "Node Type": "Aggregate",
      "Strategy": "Plain",
      "Partial Mode": "Finalize",
      "Parallel Aware": false,
      "Startup Cost": 26507.29,
      "Total Cost": 26507.3,
      "Plan Rows": 1,
      "Plan Width": 8,
      "Actual Startup Time": 36.314,
      "Actual Total Time": 38.985,
      "Actual Rows": 1,
      "Actual Loops": 1,
      "Plans": [
        {
          "Node Type": "Gather",
          "Parent Relationship": "Outer",
          "Parallel Aware": false,
          "Startup Cost": 26506.97,
          "Total Cost": 26507.28,
          "Plan Rows": 3,
          "Plan Width": 8,
          "Actual Startup Time": 36.146,
          "Actual Total Time": 38.979,
          "Actual Rows": 4,
          "Actual Loops": 1,
          "Workers Planned": 3,
          "Workers Launched": 3,
          "Single Copy": false,
          "Plans": [
            {
              "Node Type": "Aggregate",
              "Strategy": "Plain",
              "Partial Mode": "Partial",
              "Parent Relationship": "Outer",
              "Parallel Aware": false,
              "Startup Cost": 25506.97,
              "Total Cost": 25506.98,
              "Plan Rows": 1,
              "Plan Width": 8,
              "Actual Startup Time": 30.838,
              "Actual Total Time": 30.839,
              "Actual Rows": 1,
              "Actual Loops": 4,
              "Plans": [
                {
                  "Node Type": "Bitmap Heap Scan",
                  "Parent Relationship": "Outer",
                  "Parallel Aware": true,
                  "Relation Name": "movie_companies",
                  "Alias": "mc",
                  "Startup Cost": 5491.4,
                  "Total Cost": 25302.71,
                  "Plan Rows": 81705,
                  "Plan Width": 0,
                  "Actual Startup Time": 5.258,
                  "Actual Total Time": 26.862,
                  "Actual Rows": 62211,
                  "Actual Loops": 4,
                  "Recheck Cond": "(company_id > 101391)",
                  "Rows Removed by Index Recheck": 0,
                  "Exact Heap Blocks": 2324,
                  "Lossy Heap Blocks": 0,
                  "Plans": [
                    {
                      "Node Type": "Bitmap Index Scan",
                      "Parent Relationship": "Outer",
                      "Parallel Aware": false,
                      "Index Name": "company_id_movie_companies",
                      "Startup Cost": 0.0,
                      "Total Cost": 5428.08,
                      "Plan Rows": 253286,
                      "Plan Width": 0,
                      "Actual Startup Time": 9.497,
                      "Actual Total Time": 9.498,
                      "Actual Rows": 248845,
                      "Actual Loops": 1,
                      "Index Cond": "(company_id > 101391)"
                    }
                  ]
                }
              ]
            }
          ]
        }
      ]
    },
    "Planning Time": 0.078,
    "Triggers": [],
    "Execution Time": 39.017
  }
]