[
  {
    "Plan": {
      "Node Type": "Aggregate",
      "Strategy": "Plain",
      "Partial Mode": "Finalize",
      "Parallel Aware": false,
      "Startup Cost": 26441.51,
      "Total Cost": 26441.52,
      "Plan Rows": 1,
      "Plan Width": 8,
      "Actual Startup Time": 67.878,
      "Actual Total Time": 71.903,
      "Actual Rows": 1,
      "Actual Loops": 1,
      "Plans": [
        {
          "Node Type": "Gather",
          "Parent Relationship": "Outer",
          "Parallel Aware": false,
          "Startup Cost": 26441.19,
          "Total Cost": 26441.5,
          "Plan Rows": 3,
          "Plan Width": 8,
          "Actual Startup Time": 67.674,
          "Actual Total Time": 71.894,
          "Actual Rows": 4,
          "Actual Loops": 1,
          "Workers Planned": 3,
          "Workers Launched": 3,
          "Single Copy": false,
          "Plans": [
            {
              "Node Type": "Aggregate",
              "Strategy": "Plain",
              "Partial Mode": "Partial",
              "Parent Relationship": "Outer",
              "Parallel Aware": false,
              "Startup Cost": 25441.19,
              "Total Cost": 25441.2,
              "Plan Rows": 1,
              "Plan Width": 8,
              "Actual Startup Time": 59.69,
              "Actual Total Time": 59.692,
              "Actual Rows": 1,
              "Actual Loops": 4,
              "Plans": [
                {
                  "Node Type": "Bitmap Heap Scan",
                  "Parent Relationship": "Outer",
                  "Parallel Aware": true,
                  "Relation Name": "movie_companies",
                  "Alias": "mc",
                  "Startup Cost": 5437.06,
                  "Total Cost": 25238.83,
                  "Plan Rows": 80942,
                  "Plan Width": 0,
                  "Actual Startup Time": 21.791,
                  "Actual Total Time": 54.065,
                  "Actual Rows": 62211,
                  "Actual Loops": 4,
                  "Recheck Cond": "(company_id > 101391)",
                  "Rows Removed by Index Recheck": 0,
                  "Exact Heap Blocks": 2148,
                  "Lossy Heap Blocks": 0,
                  "Plans": [
                    {
                      "Node Type": "Bitmap Index Scan",
                      "Parent Relationship": "Outer",
                      "Parallel Aware": false,
                      "Index Name": "company_id_movie_companies",
                      "Startup Cost": 0.0,
                      "Total Cost": 5374.33,
                      "Plan Rows": 250920,
                      "Plan Width": 0,
                      "Actual Startup Time": 27.654,
                      "Actual Total Time": 27.654,
                      "Actual Rows": 248845,
                      "Actual Loops": 1,
                      "Index Cond": "(company_id > 101391)"
                    }
                  ]
                }
              ]
            }
          ]
        }
      ]
    },
    "Planning Time": 0.195,
    "Triggers": [],
    "Execution Time": 71.983
  }
]