[
  {
    "Plan": {
      "Node Type": "Aggregate",
      "Strategy": "Plain",
      "Partial Mode": "Finalize",
      "Parallel Aware": false,
      "Startup Cost": 242907.49,
      "Total Cost": 242907.5,
      "Plan Rows": 1,
      "Plan Width": 8,
      "Actual Startup Time": 458.101,
      "Actual Total Time": 476.275,
      "Actual Rows": 1,
      "Actual Loops": 1,
      "Plans": [
        {
          "Node Type": "Gather",
          "Parent Relationship": "Outer",
          "Parallel Aware": false,
          "Startup Cost": 242906.97,
          "Total Cost": 242907.48,
          "Plan Rows": 5,
          "Plan Width": 8,
          "Actual Startup Time": 447.104,
          "Actual Total Time": 476.264,
          "Actual Rows": 6,
          "Actual Loops": 1,
          "Workers Planned": 5,
          "Workers Launched": 5,
          "Single Copy": false,
          "Plans": [
            {
              "Node Type": "Aggregate",
              "Strategy": "Plain",
              "Partial Mode": "Partial",
              "Parent Relationship": "Outer",
              "Parallel Aware": false,
              "Startup Cost": 241906.97,
              "Total Cost": 241906.98,
              "Plan Rows": 1,
              "Plan Width": 8,
              "Actual Startup Time": 432.398,
              "Actual Total Time": 432.403,
              "Actual Rows": 1,
              "Actual Loops": 6,
              "Plans": [
                {
                  "Node Type": "Hash Join",
                  "Parent Relationship": "Outer",
                  "Parallel Aware": true,
                  "Join Type": "Inner",
                  "Startup Cost": 75162.43,
                  "Total Cost": 241370.93,
                  "Plan Rows": 214417,
                  "Plan Width": 0,
                  "Actual Startup Time": 321.675,
                  "Actual Total Time": 427.837,
                  "Actual Rows": 76822,
                  "Actual Loops": 6,
                  "Inner Unique": true,
                  "Hash Cond": "(mi.movie_id = t.id)",
                  "Plans": [
                    {
                      "Node Type": "Bitmap Heap Scan",
                      "Parent Relationship": "Outer",
                      "Parallel Aware": true,
                      "Relation Name": "movie_info",
                      "Alias": "mi",
                      "Startup Cost": 25184.48,
                      "Total Cost": 190661.36,
                      "Plan Rows": 278711,
                      "Plan Width": 4,
                      "Actual Startup Time": 69.53,
                      "Actual Total Time": 109.23,
                      "Actual Rows": 233650,
                      "Actual Loops": 6,
                      "Recheck Cond": "(info_type_id = 7)",
                      "Rows Removed by Index Recheck": 0,
                      "Exact Heap Blocks": 1837,
                      "Lossy Heap Blocks": 0,
                      "Plans": [
                        {
                          "Node Type": "Bitmap Index Scan",
                          "Parent Relationship": "Outer",
                          "Parallel Aware": false,
                          "Index Name": "info_type_id_movie_info",
                          "Startup Cost": 0.0,
                          "Total Cost": 24836.09,
                          "Plan Rows": 1393554,
                          "Plan Width": 0,
                          "Actual Startup Time": 66.933,
                          "Actual Total Time": 66.934,
                          "Actual Rows": 1401902,
                          "Actual Loops": 1,
                          "Index Cond": "(info_type_id = 7)"
                        }
                      ]
                    },
                    {
                      "Node Type": "Hash",
                      "Parent Relationship": "Inner",
                      "Parallel Aware": true,
                      "Startup Cost": 43899.32,
                      "Total Cost": 43899.32,
                      "Plan Rows": 486290,
                      "Plan Width": 4,
                      "Actual Startup Time": 246.874,
                      "Actual Total Time": 246.874,
                      "Actual Rows": 322081,
                      "Actual Loops": 6,
                      "Hash Buckets": 2097152,
                      "Original Hash Buckets": 2097152,
                      "Hash Batches": 1,
                      "Original Hash Batches": 1,
                      "Peak Memory Usage": 92096,
                      "Plans": [
                        {
                          "Node Type": "Seq Scan",
                          "Parent Relationship": "Outer",
                          "Parallel Aware": true,
                          "Relation Name": "title",
                          "Alias": "t",
                          "Startup Cost": 0.0,
                          "Total Cost": 43899.32,
                          "Plan Rows": 486290,
                          "Plan Width": 4,
                          "Actual Startup Time": 0.041,
                          "Actual Total Time": 98.304,
                          "Actual Rows": 322081,
                          "Actual Loops": 6,
                          "Filter": "(production_year > 1980)",
                          "Rows Removed by Filter": 99305
                        }
                      ]
                    }
                  ]
                }
              ]
            }
          ]
        }
      ]
    },
    "Planning Time": 0.659,
    "Triggers": [],
    "Execution Time": 476.423
  }
]