{
  "Plan": {
    "Node Type": "Aggregate",
    "Strategy": "Plain",
    "Partial Mode": "Finalize",
    "Parallel Aware": false,
    "Startup Cost": 404699.8,
    "Total Cost": 404699.81,
    "Plan Rows": 1,
    "Plan Width": 8,
    "Actual Startup Time": 2388.516,
    "Actual Total Time": 2442.577,
    "Actual Rows": 1,
    "Actual Loops": 1,
    "Plans": [
      {
        "Node Type": "Gather",
        "Parent Relationship": "Outer",
        "Parallel Aware": false,
        "Startup Cost": 404699.68,
        "Total Cost": 404699.79,
        "Plan Rows": 1,
        "Plan Width": 8,
        "Actual Startup Time": 2386.677,
        "Actual Total Time": 2442.566,
        "Actual Rows": 2,
        "Actual Loops": 1,
        "Workers Planned": 1,
        "Workers Launched": 1,
        "Single Copy": false,
        "Plans": [
          {
            "Node Type": "Aggregate",
            "Strategy": "Plain",
            "Partial Mode": "Partial",
            "Parent Relationship": "Outer",
            "Parallel Aware": false,
            "Startup Cost": 403699.68,
            "Total Cost": 403699.69,
            "Plan Rows": 1,
            "Plan Width": 8,
            "Actual Startup Time": 2380.254,
            "Actual Total Time": 2380.547,
            "Actual Rows": 1,
            "Actual Loops": 2,
            "Plans": [
              {
                "Node Type": "Hash Join",
                "Parent Relationship": "Outer",
                "Parallel Aware": true,
                "Join Type": "Inner",
                "Startup Cost": 95976.5,
                "Total Cost": 401029.49,
                "Plan Rows": 1068079,
                "Plan Width": 0,
                "Actual Startup Time": 537.616,
                "Actual Total Time": 2271.438,
                "Actual Rows": 2743221,
                "Actual Loops": 2,
                "Inner Unique": false,
                "Hash Cond": "(mi.movie_id = t.id)",
                "Plans": [
                  {
                    "Node Type": "Seq Scan",
                    "Parent Relationship": "Outer",
                    "Parallel Aware": true,
                    "Relation Name": "movie_info",
                    "Alias": "mi",
                    "Startup Cost": 0.0,
                    "Total Cost": 270696.42,
                    "Plan Rows": 7486332,
                    "Plan Width": 4,
                    "Actual Startup Time": 0.018,
                    "Actual Total Time": 764.087,
                    "Actual Rows": 6372326,
                    "Actual Loops": 2,
                    "Filter": "(info_type_id > 2)",
                    "Rows Removed by Filter": 1045534
                  },
                  {
                    "Node Type": "Hash",
                    "Parent Relationship": "Inner",
                    "Parallel Aware": true,
                    "Startup Cost": 93324.2,
                    "Total Cost": 93324.2,
                    "Plan Rows": 212184,
                    "Plan Width": 8,
                    "Actual Startup Time": 531.403,
                    "Actual Total Time": 531.694,
                    "Actual Rows": 178178,
                    "Actual Loops": 2,
                    "Hash Buckets": 524288,
                    "Original Hash Buckets": 524288,
                    "Hash Batches": 1,
                    "Original Hash Batches": 1,
                    "Peak Memory Usage": 18080,
                    "Plans": [
                      {
                        "Node Type": "Hash Join",
                        "Parent Relationship": "Outer",
                        "Parallel Aware": true,
                        "Join Type": "Inner",
                        "Startup Cost": 31910.56,
                        "Total Cost": 93324.2,
                        "Plan Rows": 212184,
                        "Plan Width": 8,
                        "Actual Startup Time": 124.274,
                        "Actual Total Time": 486.296,
                        "Actual Rows": 178178,
                        "Actual Loops": 2,
                        "Inner Unique": false,
                        "Hash Cond": "(t.id = mc.movie_id)",
                        "Plans": [
                          {
                            "Node Type": "Seq Scan",
                            "Parent Relationship": "Outer",
                            "Parallel Aware": true,
                            "Relation Name": "title",
                            "Alias": "t",
                            "Startup Cost": 0.0,
                            "Total Cost": 50870.31,
                            "Plan Rows": 1487231,
                            "Plan Width": 4,
                            "Actual Startup Time": 0.01,
                            "Actual Total Time": 121.195,
                            "Actual Rows": 1264156,
                            "Actual Loops": 2
                          },
                          {
                            "Node Type": "Hash",
                            "Parent Relationship": "Inner",
                            "Parallel Aware": true,
                            "Startup Cost": 29258.26,
                            "Total Cost": 29258.26,
                            "Plan Rows": 212184,
                            "Plan Width": 4,
                            "Actual Startup Time": 120.648,
                            "Actual Total Time": 120.65,
                            "Actual Rows": 178178,
                            "Actual Loops": 2,
                            "Hash Buckets": 524288,
                            "Original Hash Buckets": 524288,
                            "Hash Batches": 1,
                            "Original Hash Batches": 1,
                            "Peak Memory Usage": 18080,
                            "Plans": [
                              {
                                "Node Type": "Bitmap Heap Scan",
                                "Parent Relationship": "Outer",
                                "Parallel Aware": true,
                                "Relation Name": "movie_companies",
                                "Alias": "mc",
                                "Startup Cost": 7815.96,
                                "Total Cost": 29258.26,
                                "Plan Rows": 212184,
                                "Plan Width": 4,
                                "Actual Startup Time": 27.66,
                                "Actual Total Time": 80.481,
                                "Actual Rows": 178178,
                                "Actual Loops": 2,
                                "Recheck Cond": "(company_id < 180)",
                                "Rows Removed by Index Recheck": 0,
                                "Exact Heap Blocks": 11659,
                                "Lossy Heap Blocks": 0,
                                "Plans": [
                                  {
                                    "Node Type": "Bitmap Index Scan",
                                    "Parent Relationship": "Outer",
                                    "Parallel Aware": false,
                                    "Index Name": "company_id_movie_companies",
                                    "Startup Cost": 0.0,
                                    "Total Cost": 7725.78,
                                    "Plan Rows": 360713,
                                    "Plan Width": 0,
                                    "Actual Startup Time": 24.268,
                                    "Actual Total Time": 24.269,
                                    "Actual Rows": 356356,
                                    "Actual Loops": 1,
                                    "Index Cond": "(company_id < 180)"
                                  }
                                ]
                              }
                            ]
                          }
                        ]
                      }
                    ]
                  }
                ]
              }
            ]
          }
        ]
      }
    ]
  },
  "Planning Time": 1.051,
  "Triggers": [],
  "Execution Time": 2442.697
}