[
  {
    "Plan": {
      "Node Type": "Aggregate",
      "Strategy": "Plain",
      "Partial Mode": "Finalize",
      "Parallel Aware": false,
      "Startup Cost": 33097.67,
      "Total Cost": 33097.68,
      "Plan Rows": 1,
      "Plan Width": 8,
      "Actual Startup Time": 112.896,
      "Actual Total Time": 121.13,
      "Actual Rows": 1,
      "Actual Loops": 1,
      "Plans": [
        {
          "Node Type": "Gather",
          "Parent Relationship": "Outer",
          "Parallel Aware": false,
          "Startup Cost": 33097.35,
          "Total Cost": 33097.66,
          "Plan Rows": 3,
          "Plan Width": 8,
          "Actual Startup Time": 112.771,
          "Actual Total Time": 121.122,
          "Actual Rows": 4,
          "Actual Loops": 1,
          "Workers Planned": 3,
          "Workers Launched": 3,
          "Single Copy": false,
          "Plans": [
            {
              "Node Type": "Aggregate",
              "Strategy": "Plain",
              "Partial Mode": "Partial",
              "Parent Relationship": "Outer",
              "Parallel Aware": false,
              "Startup Cost": 32097.35,
              "Total Cost": 32097.36,
              "Plan Rows": 1,
              "Plan Width": 8,
              "Actual Startup Time": 105.673,
              "Actual Total Time": 105.674,
              "Actual Rows": 1,
              "Actual Loops": 4,
              "Plans": [
                {
                  "Node Type": "Seq Scan",
                  "Parent Relationship": "Outer",
                  "Parallel Aware": true,
                  "Relation Name": "movie_companies",
                  "Alias": "mc",
                  "Startup Cost": 0.0,
                  "Total Cost": 31414.82,
                  "Plan Rows": 273013,
                  "Plan Width": 0,
                  "Actual Startup Time": 0.043,
                  "Actual Total Time": 88.302,
                  "Actual Rows": 287847,
                  "Actual Loops": 4,
                  "Filter": "((company_id < 21180) AND (company_type_id = 1))",
                  "Rows Removed by Filter": 364435
                }
              ]
            }
          ]
        }
      ]
    },
    "Planning Time": 0.215,
    "Triggers": [],
    "Execution Time": 121.185
  }
]