[
  {
    "Plan": {
      "Node Type": "Aggregate",
      "Strategy": "Plain",
      "Partial Mode": "Finalize",
      "Parallel Aware": false,
      "Startup Cost": 102252.15,
      "Total Cost": 102252.16,
      "Plan Rows": 1,
      "Plan Width": 8,
      "Actual Startup Time": 391.015,
      "Actual Total Time": 409.436,
      "Actual Rows": 1,
      "Actual Loops": 1,
      "Plans": [
        {
          "Node Type": "Gather",
          "Parent Relationship": "Outer",
          "Parallel Aware": false,
          "Startup Cost": 102251.94,
          "Total Cost": 102252.15,
          "Plan Rows": 2,
          "Plan Width": 8,
          "Actual Startup Time": 388.62,
          "Actual Total Time": 409.428,
          "Actual Rows": 3,
          "Actual Loops": 1,
          "Workers Planned": 2,
          "Workers Launched": 2,
          "Single Copy": false,
          "Plans": [
            {
              "Node Type": "Aggregate",
              "Strategy": "Plain",
              "Partial Mode": "Partial",
              "Parent Relationship": "Outer",
              "Parallel Aware": false,
              "Startup Cost": 101251.94,
              "Total Cost": 101251.95,
              "Plan Rows": 1,
              "Plan Width": 8,
              "Actual Startup Time": 383.352,
              "Actual Total Time": 383.361,
              "Actual Rows": 1,
              "Actual Loops": 3,
              "Plans": [
                {
                  "Node Type": "Hash Join",
                  "Parent Relationship": "Outer",
                  "Parallel Aware": true,
                  "Join Type": "Inner",
                  "Startup Cost": 84614.08,
                  "Total Cost": 101217.38,
                  "Plan Rows": 13824,
                  "Plan Width": 0,
                  "Actual Startup Time": 312.358,
                  "Actual Total Time": 380.234,
                  "Actual Rows": 76937,
                  "Actual Loops": 3,
                  "Inner Unique": false,
                  "Hash Cond": "(mi_idx.movie_id = t.id)",
                  "Plans": [
                    {
                      "Node Type": "Seq Scan",
                      "Parent Relationship": "Outer",
                      "Parallel Aware": true,
                      "Relation Name": "movie_info_idx",
                      "Alias": "mi_idx",
                      "Startup Cost": 0.0,
                      "Total Cost": 15122.68,
                      "Plan Rows": 382940,
                      "Plan Width": 4,
                      "Actual Startup Time": 0.029,
                      "Actual Total Time": 41.133,
                      "Actual Rows": 306617,
                      "Actual Loops": 3,
                      "Filter": "(info_type_id < 101)",
                      "Rows Removed by Filter": 153395
                    },
                    {
                      "Node Type": "Hash",
                      "Parent Relationship": "Inner",
                      "Parallel Aware": true,
                      "Startup Cost": 84246.05,
                      "Total Cost": 84246.05,
                      "Plan Rows": 29442,
                      "Plan Width": 8,
                      "Actual Startup Time": 304.658,
                      "Actual Total Time": 304.665,
                      "Actual Rows": 48227,
                      "Actual Loops": 3,
                      "Hash Buckets": 262144,
                      "Original Hash Buckets": 131072,
                      "Hash Batches": 1,
                      "Original Hash Batches": 1,
                      "Peak Memory Usage": 8768,
                      "Plans": [
                        {
                          "Node Type": "Hash Join",
                          "Parent Relationship": "Outer",
                          "Parallel Aware": true,
                          "Join Type": "Inner",
                          "Startup Cost": 57061.33,
                          "Total Cost": 84246.05,
                          "Plan Rows": 29442,
                          "Plan Width": 8,
                          "Actual Startup Time": 192.349,
                          "Actual Total Time": 289.491,
                          "Actual Rows": 48227,
                          "Actual Loops": 3,
                          "Inner Unique": true,
                          "Hash Cond": "(mk.movie_id = t.id)",
                          "Plans": [
                            {
                              "Node Type": "Bitmap Heap Scan",
                              "Parent Relationship": "Outer",
                              "Parallel Aware": true,
                              "Relation Name": "movie_keyword",
                              "Alias": "mk",
                              "Startup Cost": 11873.99,
                              "Total Cost": 38584.79,
                              "Plan Rows": 180544,
                              "Plan Width": 4,
                              "Actual Startup Time": 35.249,
                              "Actual Total Time": 96.893,
                              "Actual Rows": 182992,
                              "Actual Loops": 3,
                              "Recheck Cond": "(keyword_id > 33548)",
                              "Rows Removed by Index Recheck": 0,
                              "Exact Heap Blocks": 8834,
                              "Lossy Heap Blocks": 0,
                              "Plans": [
                                {
                                  "Node Type": "Bitmap Index Scan",
                                  "Parent Relationship": "Outer",
                                  "Parallel Aware": false,
                                  "Index Name": "keyword_id_movie_keyword",
                                  "Startup Cost": 0.0,
                                  "Total Cost": 11734.07,
                                  "Plan Rows": 559685,
                                  "Plan Width": 0,
                                  "Actual Startup Time": 31.755,
                                  "Actual Total Time": 31.763,
                                  "Actual Rows": 548976,
                                  "Actual Loops": 1,
                                  "Index Cond": "(keyword_id > 33548)"
                                }
                              ]
                            },
                            {
                              "Node Type": "Hash",
                              "Parent Relationship": "Inner",
                              "Parallel Aware": true,
                              "Startup Cost": 43898.92,
                              "Total Cost": 43898.92,
                              "Plan Rows": 103074,
                              "Plan Width": 4,
                              "Actual Startup Time": 154.109,
                              "Actual Total Time": 154.11,
                              "Actual Rows": 141260,
                              "Actual Loops": 3,
                              "Hash Buckets": 524288,
                              "Original Hash Buckets": 524288,
                              "Hash Batches": 1,
                              "Original Hash Batches": 1,
                              "Peak Memory Usage": 20704,
                              "Plans": [
                                {
                                  "Node Type": "Seq Scan",
                                  "Parent Relationship": "Outer",
                                  "Parallel Aware": true,
                                  "Relation Name": "title",
                                  "Alias": "t",
                                  "Startup Cost": 0.0,
                                  "Total Cost": 43898.92,
                                  "Plan Rows": 103074,
                                  "Plan Width": 4,
                                  "Actual Startup Time": 0.035,
                                  "Actual Total Time": 109.5,
                                  "Actual Rows": 141260,
                                  "Actual Loops": 3,
                                  "Filter": "(production_year < 1974)",
                                  "Rows Removed by Filter": 701511
                                }
                              ]
                            }
                          ]
                        }
                      ]
                    }
                  ]
                }
              ]
            }
          ]
        }
      ]
    },
    "Planning Time": 0.862,
    "Triggers": [],
    "Execution Time": 409.513
  }
]