[
    {
        "Bao": {
            "Bao prediction": "NaN",
            "Bao recommended hint": "(no hint)"
        }
    },
    {
        "Plan": {
            "Node Type": "Aggregate",
            "Strategy": "Plain",
            "Partial Mode": "Finalize",
            "Parallel Aware": false,
            "Startup Cost": 32973.67,
            "Total Cost": 32973.68,
            "Plan Rows": 1,
            "Plan Width": 8,
            "Actual Startup Time": 102.763,
            "Actual Total Time": 109.524,
            "Actual Rows": 1,
            "Actual Loops": 1,
            "Output": [
                "count(*)"
            ],
            "Plans": [
                {
                    "Node Type": "Gather",
                    "Parent Relationship": "Outer",
                    "Parallel Aware": false,
                    "Startup Cost": 32973.35,
                    "Total Cost": 32973.66,
                    "Plan Rows": 3,
                    "Plan Width": 8,
                    "Actual Startup Time": 102.652,
                    "Actual Total Time": 109.516,
                    "Actual Rows": 4,
                    "Actual Loops": 1,
                    "Output": [
                        "(PARTIAL count(*))"
                    ],
                    "Workers Planned": 3,
                    "Workers Launched": 3,
                    "Single Copy": false,
                    "Plans": [
                        {
                            "Node Type": "Aggregate",
                            "Strategy": "Plain",
                            "Partial Mode": "Partial",
                            "Parent Relationship": "Outer",
                            "Parallel Aware": false,
                            "Startup Cost": 31973.35,
                            "Total Cost": 31973.36,
                            "Plan Rows": 1,
                            "Plan Width": 8,
                            "Actual Startup Time": 94.57,
                            "Actual Total Time": 94.571,
                            "Actual Rows": 1,
                            "Actual Loops": 4,
                            "Output": [
                                "PARTIAL count(*)"
                            ],
                            "Workers": [
                                {
                                    "Worker Number": 0,
                                    "Actual Startup Time": 91.599,
                                    "Actual Total Time": 91.6,
                                    "Actual Rows": 1,
                                    "Actual Loops": 1
                                },
                                {
                                    "Worker Number": 1,
                                    "Actual Startup Time": 91.975,
                                    "Actual Total Time": 91.976,
                                    "Actual Rows": 1,
                                    "Actual Loops": 1
                                },
                                {
                                    "Worker Number": 2,
                                    "Actual Startup Time": 92.348,
                                    "Actual Total Time": 92.35,
                                    "Actual Rows": 1,
                                    "Actual Loops": 1
                                }
                            ],
                            "Plans": [
                                {
                                    "Node Type": "Seq Scan",
                                    "Parent Relationship": "Outer",
                                    "Parallel Aware": true,
                                    "Relation Name": "movie_companies",
                                    "Schema": "public",
                                    "Alias": "mc",
                                    "Startup Cost": 0.0,
                                    "Total Cost": 31414.82,
                                    "Plan Rows": 223413,
                                    "Plan Width": 0,
                                    "Actual Startup Time": 43.528,
                                    "Actual Total Time": 83.217,
                                    "Actual Rows": 232552,
                                    "Actual Loops": 4,
                                    "Output": [
                                        "id",
                                        "movie_id",
                                        "company_id",
                                        "company_type_id",
                                        "note"
                                    ],
                                    "Filter": "((mc.company_id > 11146) AND (mc.company_type_id = 2))",
                                    "Rows Removed by Filter": 419730,
                                    "Workers": [
                                        {
                                            "Worker Number": 0,
                                            "Actual Startup Time": 40.551,
                                            "Actual Total Time": 80.486,
                                            "Actual Rows": 167690,
                                            "Actual Loops": 1
                                        },
                                        {
                                            "Worker Number": 1,
                                            "Actual Startup Time": 40.932,
                                            "Actual Total Time": 80.747,
                                            "Actual Rows": 277241,
                                            "Actual Loops": 1
                                        },
                                        {
                                            "Worker Number": 2,
                                            "Actual Startup Time": 41.314,
                                            "Actual Total Time": 81.285,
                                            "Actual Rows": 167866,
                                            "Actual Loops": 1
                                        }
                                    ]
                                }
                            ]
                        }
                    ]
                }
            ]
        },
        "Planning Time": 201.091,
        "Triggers": [],
        "Execution Time": 109.568
    }
]