[
    {
        "Bao": {
            "Bao prediction": "NaN",
            "Bao recommended hint": "(no hint)"
        }
    },
    {
        "Plan": {
            "Node Type": "Aggregate",
            "Strategy": "Plain",
            "Partial Mode": "Finalize",
            "Parallel Aware": false,
            "Startup Cost": 379194.14,
            "Total Cost": 379194.15,
            "Plan Rows": 1,
            "Plan Width": 8,
            "Actual Startup Time": 1681.321,
            "Actual Total Time": 1712.806,
            "Actual Rows": 1,
            "Actual Loops": 1,
            "Output": [
                "count(*)"
            ],
            "Plans": [
                {
                    "Node Type": "Gather",
                    "Parent Relationship": "Outer",
                    "Parallel Aware": false,
                    "Startup Cost": 379193.52,
                    "Total Cost": 379194.13,
                    "Plan Rows": 6,
                    "Plan Width": 8,
                    "Actual Startup Time": 1678.228,
                    "Actual Total Time": 1712.794,
                    "Actual Rows": 7,
                    "Actual Loops": 1,
                    "Output": [
                        "(PARTIAL count(*))"
                    ],
                    "Workers Planned": 6,
                    "Workers Launched": 6,
                    "Single Copy": false,
                    "Plans": [
                        {
                            "Node Type": "Aggregate",
                            "Strategy": "Plain",
                            "Partial Mode": "Partial",
                            "Parent Relationship": "Outer",
                            "Parallel Aware": false,
                            "Startup Cost": 378193.52,
                            "Total Cost": 378193.53,
                            "Plan Rows": 1,
                            "Plan Width": 8,
                            "Actual Startup Time": 1668.383,
                            "Actual Total Time": 1668.386,
                            "Actual Rows": 1,
                            "Actual Loops": 7,
                            "Output": [
                                "PARTIAL count(*)"
                            ],
                            "Workers": [
                                {
                                    "Worker Number": 0,
                                    "Actual Startup Time": 1666.065,
                                    "Actual Total Time": 1666.067,
                                    "Actual Rows": 1,
                                    "Actual Loops": 1
                                },
                                {
                                    "Worker Number": 1,
                                    "Actual Startup Time": 1666.513,
                                    "Actual Total Time": 1666.515,
                                    "Actual Rows": 1,
                                    "Actual Loops": 1
                                },
                                {
                                    "Worker Number": 2,
                                    "Actual Startup Time": 1666.813,
                                    "Actual Total Time": 1666.815,
                                    "Actual Rows": 1,
                                    "Actual Loops": 1
                                },
                                {
                                    "Worker Number": 3,
                                    "Actual Startup Time": 1666.981,
                                    "Actual Total Time": 1666.983,
                                    "Actual Rows": 1,
                                    "Actual Loops": 1
                                },
                                {
                                    "Worker Number": 4,
                                    "Actual Startup Time": 1666.957,
                                    "Actual Total Time": 1666.959,
                                    "Actual Rows": 1,
                                    "Actual Loops": 1
                                },
                                {
                                    "Worker Number": 5,
                                    "Actual Startup Time": 1667.52,
                                    "Actual Total Time": 1667.523,
                                    "Actual Rows": 1,
                                    "Actual Loops": 1
                                }
                            ],
                            "Plans": [
                                {
                                    "Node Type": "Hash Join",
                                    "Parent Relationship": "Outer",
                                    "Parallel Aware": true,
                                    "Join Type": "Inner",
                                    "Startup Cost": 46765.48,
                                    "Total Cost": 375734.39,
                                    "Plan Rows": 983652,
                                    "Plan Width": 0,
                                    "Actual Startup Time": 96.976,
                                    "Actual Total Time": 1616.897,
                                    "Actual Rows": 984264,
                                    "Actual Loops": 7,
                                    "Inner Unique": true,
                                    "Hash Cond": "(ci.movie_id = t.id)",
                                    "Workers": [
                                        {
                                            "Worker Number": 0,
                                            "Actual Startup Time": 94.433,
                                            "Actual Total Time": 1611.694,
                                            "Actual Rows": 749032,
                                            "Actual Loops": 1
                                        },
                                        {
                                            "Worker Number": 1,
                                            "Actual Startup Time": 95.144,
                                            "Actual Total Time": 1612.546,
                                            "Actual Rows": 735844,
                                            "Actual Loops": 1
                                        },
                                        {
                                            "Worker Number": 2,
                                            "Actual Startup Time": 95.535,
                                            "Actual Total Time": 1615.898,
                                            "Actual Rows": 1041715,
                                            "Actual Loops": 1
                                        },
                                        {
                                            "Worker Number": 3,
                                            "Actual Startup Time": 95.604,
                                            "Actual Total Time": 1616.428,
                                            "Actual Rows": 1033581,
                                            "Actual Loops": 1
                                        },
                                        {
                                            "Worker Number": 4,
                                            "Actual Startup Time": 95.562,
                                            "Actual Total Time": 1616.798,
                                            "Actual Rows": 1119585,
                                            "Actual Loops": 1
                                        },
                                        {
                                            "Worker Number": 5,
                                            "Actual Startup Time": 96.254,
                                            "Actual Total Time": 1617.369,
                                            "Actual Rows": 1026020,
                                            "Actual Loops": 1
                                        }
                                    ],
                                    "Plans": [
                                        {
                                            "Node Type": "Seq Scan",
                                            "Parent Relationship": "Outer",
                                            "Parallel Aware": true,
                                            "Relation Name": "cast_info",
                                            "Schema": "public",
                                            "Alias": "ci",
                                            "Startup Cost": 0.0,
                                            "Total Cost": 313108.29,
                                            "Plan Rows": 6042129,
                                            "Plan Width": 4,
                                            "Actual Startup Time": 0.023,
                                            "Actual Total Time": 507.854,
                                            "Actual Rows": 5177763,
                                            "Actual Loops": 7,
                                            "Output": [
                                                "ci.id",
                                                "ci.person_id",
                                                "ci.movie_id",
                                                "ci.person_role_id",
                                                "ci.note",
                                                "ci.nr_order",
                                                "ci.role_id"
                                            ],
                                            "Workers": [
                                                {
                                                    "Worker Number": 0,
                                                    "Actual Startup Time": 0.033,
                                                    "Actual Total Time": 543.283,
                                                    "Actual Rows": 3892461,
                                                    "Actual Loops": 1
                                                },
                                                {
                                                    "Worker Number": 1,
                                                    "Actual Startup Time": 0.03,
                                                    "Actual Total Time": 525.377,
                                                    "Actual Rows": 3855823,
                                                    "Actual Loops": 1
                                                },
                                                {
                                                    "Worker Number": 2,
                                                    "Actual Startup Time": 0.026,
                                                    "Actual Total Time": 507.302,
                                                    "Actual Rows": 5499617,
                                                    "Actual Loops": 1
                                                },
                                                {
                                                    "Worker Number": 3,
                                                    "Actual Startup Time": 0.021,
                                                    "Actual Total Time": 506.292,
                                                    "Actual Rows": 5463115,
                                                    "Actual Loops": 1
                                                },
                                                {
                                                    "Worker Number": 4,
                                                    "Actual Startup Time": 0.021,
                                                    "Actual Total Time": 536.631,
                                                    "Actual Rows": 5862233,
                                                    "Actual Loops": 1
                                                },
                                                {
                                                    "Worker Number": 5,
                                                    "Actual Startup Time": 0.025,
                                                    "Actual Total Time": 501.891,
                                                    "Actual Rows": 5373589,
                                                    "Actual Loops": 1
                                                }
                                            ]
                                        },
                                        {
                                            "Node Type": "Hash",
                                            "Parent Relationship": "Inner",
                                            "Parallel Aware": true,
                                            "Startup Cost": 45479.21,
                                            "Total Cost": 45479.21,
                                            "Plan Rows": 102902,
                                            "Plan Width": 4,
                                            "Actual Startup Time": 95.156,
                                            "Actual Total Time": 95.157,
                                            "Actual Rows": 65164,
                                            "Actual Loops": 7,
                                            "Output": [
                                                "t.id"
                                            ],
                                            "Hash Buckets": 524288,
                                            "Original Hash Buckets": 524288,
                                            "Hash Batches": 1,
                                            "Original Hash Batches": 1,
                                            "Peak Memory Usage": 22016,
                                            "Workers": [
                                                {
                                                    "Worker Number": 0,
                                                    "Actual Startup Time": 93.361,
                                                    "Actual Total Time": 93.362,
                                                    "Actual Rows": 46297,
                                                    "Actual Loops": 1
                                                },
                                                {
                                                    "Worker Number": 1,
                                                    "Actual Startup Time": 94.199,
                                                    "Actual Total Time": 94.2,
                                                    "Actual Rows": 49798,
                                                    "Actual Loops": 1
                                                },
                                                {
                                                    "Worker Number": 2,
                                                    "Actual Startup Time": 94.541,
                                                    "Actual Total Time": 94.542,
                                                    "Actual Rows": 70339,
                                                    "Actual Loops": 1
                                                },
                                                {
                                                    "Worker Number": 3,
                                                    "Actual Startup Time": 94.752,
                                                    "Actual Total Time": 94.753,
                                                    "Actual Rows": 69253,
                                                    "Actual Loops": 1
                                                },
                                                {
                                                    "Worker Number": 4,
                                                    "Actual Startup Time": 94.64,
                                                    "Actual Total Time": 94.641,
                                                    "Actual Rows": 66366,
                                                    "Actual Loops": 1
                                                },
                                                {
                                                    "Worker Number": 5,
                                                    "Actual Startup Time": 95.326,
                                                    "Actual Total Time": 95.327,
                                                    "Actual Rows": 68441,
                                                    "Actual Loops": 1
                                                }
                                            ],
                                            "Plans": [
                                                {
                                                    "Node Type": "Seq Scan",
                                                    "Parent Relationship": "Outer",
                                                    "Parallel Aware": true,
                                                    "Relation Name": "title",
                                                    "Schema": "public",
                                                    "Alias": "t",
                                                    "Startup Cost": 0.0,
                                                    "Total Cost": 45479.21,
                                                    "Plan Rows": 102902,
                                                    "Plan Width": 4,
                                                    "Actual Startup Time": 43.92,
                                                    "Actual Total Time": 72.756,
                                                    "Actual Rows": 65164,
                                                    "Actual Loops": 7,
                                                    "Output": [
                                                        "t.id"
                                                    ],
                                                    "Filter": "((t.production_year < 2007) AND (t.kind_id = 1))",
                                                    "Rows Removed by Filter": 296024,
                                                    "Workers": [
                                                        {
                                                            "Worker Number": 0,
                                                            "Actual Startup Time": 42.122,
                                                            "Actual Total Time": 71.79,
                                                            "Actual Rows": 46297,
                                                            "Actual Loops": 1
                                                        },
                                                        {
                                                            "Worker Number": 1,
                                                            "Actual Startup Time": 42.992,
                                                            "Actual Total Time": 73.159,
                                                            "Actual Rows": 49798,
                                                            "Actual Loops": 1
                                                        },
                                                        {
                                                            "Worker Number": 2,
                                                            "Actual Startup Time": 43.246,
                                                            "Actual Total Time": 72.839,
                                                            "Actual Rows": 70339,
                                                            "Actual Loops": 1
                                                        },
                                                        {
                                                            "Worker Number": 3,
                                                            "Actual Startup Time": 43.654,
                                                            "Actual Total Time": 73.011,
                                                            "Actual Rows": 69253,
                                                            "Actual Loops": 1
                                                        },
                                                        {
                                                            "Worker Number": 4,
                                                            "Actual Startup Time": 43.298,
                                                            "Actual Total Time": 71.491,
                                                            "Actual Rows": 66366,
                                                            "Actual Loops": 1
                                                        },
                                                        {
                                                            "Worker Number": 5,
                                                            "Actual Startup Time": 44.038,
                                                            "Actual Total Time": 73.191,
                                                            "Actual Rows": 68441,
                                                            "Actual Loops": 1
                                                        }
                                                    ]
                                                }
                                            ]
                                        }
                                    ]
                                }
                            ]
                        }
                    ]
                }
            ]
        },
        "Planning Time": 198.099,
        "Triggers": [],
        "Execution Time": 1712.869
    }
]