[
  {
    "Plan": {
      "Node Type": "Aggregate",
      "Strategy": "Plain",
      "Partial Mode": "Finalize",
      "Parallel Aware": false,
      "Startup Cost": 79263.91,
      "Total Cost": 79263.92,
      "Plan Rows": 1,
      "Plan Width": 8,
      "Actual Startup Time": 187.743,
      "Actual Total Time": 213.681,
      "Actual Rows": 1,
      "Actual Loops": 1,
      "Plans": [
        {
          "Node Type": "Gather",
          "Parent Relationship": "Outer",
          "Parallel Aware": false,
          "Startup Cost": 79263.49,
          "Total Cost": 79263.9,
          "Plan Rows": 4,
          "Plan Width": 8,
          "Actual Startup Time": 187.69,
          "Actual Total Time": 213.673,
          "Actual Rows": 5,
          "Actual Loops": 1,
          "Workers Planned": 4,
          "Workers Launched": 4,
          "Single Copy": false,
          "Plans": [
            {
              "Node Type": "Aggregate",
              "Strategy": "Plain",
              "Partial Mode": "Partial",
              "Parent Relationship": "Outer",
              "Parallel Aware": false,
              "Startup Cost": 78263.49,
              "Total Cost": 78263.5,
              "Plan Rows": 1,
              "Plan Width": 8,
              "Actual Startup Time": 181.722,
              "Actual Total Time": 181.726,
              "Actual Rows": 1,
              "Actual Loops": 5,
              "Plans": [
                {
                  "Node Type": "Nested Loop",
                  "Parent Relationship": "Outer",
                  "Parallel Aware": false,
                  "Join Type": "Inner",
                  "Startup Cost": 45525.42,
                  "Total Cost": 78252.28,
                  "Plan Rows": 4482,
                  "Plan Width": 0,
                  "Actual Startup Time": 79.882,
                  "Actual Total Time": 180.565,
                  "Actual Rows": 18136,
                  "Actual Loops": 5,
                  "Inner Unique": false,
                  "Join Filter": "(t.id = mi.movie_id)",
                  "Rows Removed by Join Filter": 0,
                  "Plans": [
                    {
                      "Node Type": "Hash Join",
                      "Parent Relationship": "Outer",
                      "Parallel Aware": true,
                      "Join Type": "Inner",
                      "Startup Cost": 45524.99,
                      "Total Cost": 75755.56,
                      "Plan Rows": 763,
                      "Plan Width": 8,
                      "Actual Startup Time": 79.757,
                      "Actual Total Time": 137.871,
                      "Actual Rows": 982,
                      "Actual Loops": 5,
                      "Inner Unique": true,
                      "Hash Cond": "(ci.movie_id = t.id)",
                      "Plans": [
                        {
                          "Node Type": "Index Scan",
                          "Parent Relationship": "Outer",
                          "Parallel Aware": true,
                          "Scan Direction": "Forward",
                          "Index Name": "role_id_cast_info",
                          "Relation Name": "cast_info",
                          "Alias": "ci",
                          "Startup Cost": 0.56,
                          "Total Cost": 29878.05,
                          "Plan Rows": 134510,
                          "Plan Width": 4,
                          "Actual Startup Time": 0.112,
                          "Actual Total Time": 41.924,
                          "Actual Rows": 173199,
                          "Actual Loops": 5,
                          "Index Cond": "(role_id = 9)",
                          "Rows Removed by Index Recheck": 0,
                          "Filter": "(person_id > 1808370)",
                          "Rows Removed by Filter": 45513
                        },
                        {
                          "Node Type": "Hash",
                          "Parent Relationship": "Inner",
                          "Parallel Aware": true,
                          "Startup Cost": 45479.59,
                          "Total Cost": 45479.59,
                          "Plan Rows": 3587,
                          "Plan Width": 4,
                          "Actual Startup Time": 79.001,
                          "Actual Total Time": 79.002,
                          "Actual Rows": 1620,
                          "Actual Loops": 5,
                          "Hash Buckets": 16384,
                          "Original Hash Buckets": 16384,
                          "Hash Batches": 1,
                          "Original Hash Batches": 1,
                          "Peak Memory Usage": 480,
                          "Plans": [
                            {
                              "Node Type": "Seq Scan",
                              "Parent Relationship": "Outer",
                              "Parallel Aware": true,
                              "Relation Name": "title",
                              "Alias": "t",
                              "Startup Cost": 0.0,
                              "Total Cost": 45479.59,
                              "Plan Rows": 3587,
                              "Plan Width": 4,
                              "Actual Startup Time": 50.827,
                              "Actual Total Time": 78.069,
                              "Actual Rows": 1620,
                              "Actual Loops": 5,
                              "Filter": "((kind_id = 1) AND (production_year = 2000))",
                              "Rows Removed by Filter": 504042
                            }
                          ]
                        }
                      ]
                    },
                    {
                      "Node Type": "Index Only Scan",
                      "Parent Relationship": "Inner",
                      "Parallel Aware": false,
                      "Scan Direction": "Forward",
                      "Index Name": "movie_id_movie_info",
                      "Relation Name": "movie_info",
                      "Alias": "mi",
                      "Startup Cost": 0.43,
                      "Total Cost": 2.76,
                      "Plan Rows": 41,
                      "Plan Width": 4,
                      "Actual Startup Time": 0.013,
                      "Actual Total Time": 0.041,
                      "Actual Rows": 18,
                      "Actual Loops": 4908,
                      "Index Cond": "(movie_id = ci.movie_id)",
                      "Rows Removed by Index Recheck": 0,
                      "Heap Fetches": 90678
                    }
                  ]
                }
              ]
            }
          ]
        }
      ]
    },
    "Planning Time": 0.599,
    "Triggers": [],
    "Execution Time": 213.735
  }
]