[
  {
    "Plan": {
      "Node Type": "Aggregate",
      "Strategy": "Plain",
      "Partial Mode": "Finalize",
      "Parallel Aware": false,
      "Startup Cost": 372498.75,
      "Total Cost": 372498.76,
      "Plan Rows": 1,
      "Plan Width": 8,
      "Actual Startup Time": 678.291,
      "Actual Total Time": 700.137,
      "Actual Rows": 1,
      "Actual Loops": 1,
      "Plans": [
        {
          "Node Type": "Gather",
          "Parent Relationship": "Outer",
          "Parallel Aware": false,
          "Startup Cost": 372498.13,
          "Total Cost": 372498.74,
          "Plan Rows": 6,
          "Plan Width": 8,
          "Actual Startup Time": 673.326,
          "Actual Total Time": 700.129,
          "Actual Rows": 7,
          "Actual Loops": 1,
          "Workers Planned": 6,
          "Workers Launched": 6,
          "Single Copy": false,
          "Plans": [
            {
              "Node Type": "Aggregate",
              "Strategy": "Plain",
              "Partial Mode": "Partial",
              "Parent Relationship": "Outer",
              "Parallel Aware": false,
              "Startup Cost": 371498.13,
              "Total Cost": 371498.14,
              "Plan Rows": 1,
              "Plan Width": 8,
              "Actual Startup Time": 661.133,
              "Actual Total Time": 661.137,
              "Actual Rows": 1,
              "Actual Loops": 7,
              "Plans": [
                {
                  "Node Type": "Nested Loop",
                  "Parent Relationship": "Outer",
                  "Parallel Aware": false,
                  "Join Type": "Inner",
                  "Startup Cost": 87425.76,
                  "Total Cost": 371449.02,
                  "Plan Rows": 19644,
                  "Plan Width": 0,
                  "Actual Startup Time": 207.232,
                  "Actual Total Time": 654.752,
                  "Actual Rows": 119663,
                  "Actual Loops": 7,
                  "Inner Unique": false,
                  "Plans": [
                    {
                      "Node Type": "Hash Join",
                      "Parent Relationship": "Outer",
                      "Parallel Aware": true,
                      "Join Type": "Inner",
                      "Startup Cost": 87425.33,
                      "Total Cost": 345027.54,
                      "Plan Rows": 38669,
                      "Plan Width": 8,
                      "Actual Startup Time": 206.878,
                      "Actual Total Time": 342.807,
                      "Actual Rows": 78854,
                      "Actual Loops": 7,
                      "Inner Unique": true,
                      "Hash Cond": "(ci.movie_id = t.id)",
                      "Plans": [
                        {
                          "Node Type": "Bitmap Heap Scan",
                          "Parent Relationship": "Outer",
                          "Parallel Aware": true,
                          "Relation Name": "cast_info",
                          "Alias": "ci",
                          "Startup Cost": 40655.74,
                          "Total Cost": 297978.58,
                          "Plan Rows": 106429,
                          "Plan Width": 4,
                          "Actual Startup Time": 69.267,
                          "Actual Total Time": 122.866,
                          "Actual Rows": 192287,
                          "Actual Loops": 7,
                          "Recheck Cond": "(person_id < 184770)",
                          "Rows Removed by Index Recheck": 0,
                          "Filter": "(role_id = 1)",
                          "Rows Removed by Filter": 75862,
                          "Exact Heap Blocks": 3632,
                          "Lossy Heap Blocks": 0,
                          "Plans": [
                            {
                              "Node Type": "Bitmap Index Scan",
                              "Parent Relationship": "Outer",
                              "Parallel Aware": false,
                              "Index Name": "person_id_cast_info",
                              "Startup Cost": 0.0,
                              "Total Cost": 40496.09,
                              "Plan Rows": 1854337,
                              "Plan Width": 0,
                              "Actual Startup Time": 66.051,
                              "Actual Total Time": 66.051,
                              "Actual Rows": 1877043,
                              "Actual Loops": 1,
                              "Index Cond": "(person_id < 184770)"
                            }
                          ]
                        },
                        {
                          "Node Type": "Hash",
                          "Parent Relationship": "Inner",
                          "Parallel Aware": true,
                          "Startup Cost": 43898.92,
                          "Total Cost": 43898.92,
                          "Plan Rows": 229654,
                          "Plan Width": 4,
                          "Actual Startup Time": 134.44,
                          "Actual Total Time": 134.441,
                          "Actual Rows": 132086,
                          "Actual Loops": 7,
                          "Hash Buckets": 1048576,
                          "Original Hash Buckets": 1048576,
                          "Hash Batches": 1,
                          "Original Hash Batches": 1,
                          "Peak Memory Usage": 44480,
                          "Plans": [
                            {
                              "Node Type": "Seq Scan",
                              "Parent Relationship": "Outer",
                              "Parallel Aware": true,
                              "Relation Name": "title",
                              "Alias": "t",
                              "Startup Cost": 0.0,
                              "Total Cost": 43898.92,
                              "Plan Rows": 229654,
                              "Plan Width": 4,
                              "Actual Startup Time": 0.05,
                              "Actual Total Time": 77.243,
                              "Actual Rows": 132086,
                              "Actual Loops": 7,
                              "Filter": "(production_year < 1998)",
                              "Rows Removed by Filter": 229101
                            }
                          ]
                        }
                      ]
                    },
                    {
                      "Node Type": "Index Scan",
                      "Parent Relationship": "Inner",
                      "Parallel Aware": false,
                      "Scan Direction": "Forward",
                      "Index Name": "movie_id_movie_companies",
                      "Relation Name": "movie_companies",
                      "Alias": "mc",
                      "Startup Cost": 0.43,
                      "Total Cost": 0.65,
                      "Plan Rows": 3,
                      "Plan Width": 4,
                      "Actual Startup Time": 0.003,
                      "Actual Total Time": 0.004,
                      "Actual Rows": 2,
                      "Actual Loops": 551977,
                      "Index Cond": "(movie_id = t.id)",
                      "Rows Removed by Index Recheck": 0,
                      "Filter": "(company_type_id < 2)",
                      "Rows Removed by Filter": 1
                    }
                  ]
                }
              ]
            }
          ]
        }
      ]
    },
    "Planning Time": 1.5,
    "Triggers": [],
    "Execution Time": 700.244
  }
]