[
  {
    "Plan": {
      "Node Type": "Aggregate",
      "Strategy": "Plain",
      "Partial Mode": "Finalize",
      "Parallel Aware": false,
      "Startup Cost": 91843.05,
      "Total Cost": 91843.06,
      "Plan Rows": 1,
      "Plan Width": 8,
      "Actual Startup Time": 462.284,
      "Actual Total Time": 477.044,
      "Actual Rows": 1,
      "Actual Loops": 1,
      "Plans": [
        {
          "Node Type": "Gather",
          "Parent Relationship": "Outer",
          "Parallel Aware": false,
          "Startup Cost": 91842.73,
          "Total Cost": 91843.04,
          "Plan Rows": 3,
          "Plan Width": 8,
          "Actual Startup Time": 451.325,
          "Actual Total Time": 477.029,
          "Actual Rows": 4,
          "Actual Loops": 1,
          "Workers Planned": 3,
          "Workers Launched": 3,
          "Single Copy": false,
          "Plans": [
            {
              "Node Type": "Aggregate",
              "Strategy": "Plain",
              "Partial Mode": "Partial",
              "Parent Relationship": "Outer",
              "Parallel Aware": false,
              "Startup Cost": 90842.73,
              "Total Cost": 90842.74,
              "Plan Rows": 1,
              "Plan Width": 8,
              "Actual Startup Time": 439.265,
              "Actual Total Time": 439.269,
              "Actual Rows": 1,
              "Actual Loops": 4,
              "Plans": [
                {
                  "Node Type": "Hash Join",
                  "Parent Relationship": "Outer",
                  "Parallel Aware": true,
                  "Join Type": "Inner",
                  "Startup Cost": 62973.07,
                  "Total Cost": 90470.97,
                  "Plan Rows": 148704,
                  "Plan Width": 0,
                  "Actual Startup Time": 332.955,
                  "Actual Total Time": 436.091,
                  "Actual Rows": 48902,
                  "Actual Loops": 4,
                  "Inner Unique": true,
                  "Hash Cond": "(mk.movie_id = t.id)",
                  "Plans": [
                    {
                      "Node Type": "Bitmap Heap Scan",
                      "Parent Relationship": "Outer",
                      "Parallel Aware": true,
                      "Relation Name": "movie_keyword",
                      "Alias": "mk",
                      "Startup Cost": 13235.46,
                      "Total Cost": 40205.08,
                      "Plan Rows": 201250,
                      "Plan Width": 4,
                      "Actual Startup Time": 46.028,
                      "Actual Total Time": 105.659,
                      "Actual Rows": 156199,
                      "Actual Loops": 4,
                      "Recheck Cond": "(keyword_id > 29319)",
                      "Rows Removed by Index Recheck": 0,
                      "Exact Heap Blocks": 6334,
                      "Lossy Heap Blocks": 0,
                      "Plans": [
                        {
                          "Node Type": "Bitmap Index Scan",
                          "Parent Relationship": "Outer",
                          "Parallel Aware": false,
                          "Index Name": "keyword_id_movie_keyword",
                          "Startup Cost": 0.0,
                          "Total Cost": 13079.49,
                          "Plan Rows": 623874,
                          "Plan Width": 0,
                          "Actual Startup Time": 42.389,
                          "Actual Total Time": 42.39,
                          "Actual Rows": 624796,
                          "Actual Loops": 1,
                          "Index Cond": "(keyword_id > 29319)"
                        }
                      ]
                    },
                    {
                      "Node Type": "Hash",
                      "Parent Relationship": "Inner",
                      "Parallel Aware": true,
                      "Startup Cost": 43899.32,
                      "Total Cost": 43899.32,
                      "Plan Rows": 467063,
                      "Plan Width": 4,
                      "Actual Startup Time": 279.115,
                      "Actual Total Time": 279.116,
                      "Actual Rows": 466372,
                      "Actual Loops": 4,
                      "Hash Buckets": 2097152,
                      "Original Hash Buckets": 2097152,
                      "Hash Batches": 1,
                      "Original Hash Batches": 1,
                      "Peak Memory Usage": 89440,
                      "Plans": [
                        {
                          "Node Type": "Seq Scan",
                          "Parent Relationship": "Outer",
                          "Parallel Aware": true,
                          "Relation Name": "title",
                          "Alias": "t",
                          "Startup Cost": 0.0,
                          "Total Cost": 43899.32,
                          "Plan Rows": 467063,
                          "Plan Width": 4,
                          "Actual Startup Time": 0.035,
                          "Actual Total Time": 108.015,
                          "Actual Rows": 466372,
                          "Actual Loops": 4,
                          "Filter": "(kind_id > 1)",
                          "Rows Removed by Filter": 165706
                        }
                      ]
                    }
                  ]
                }
              ]
            }
          ]
        }
      ]
    },
    "Planning Time": 0.57,
    "Triggers": [],
    "Execution Time": 477.125
  }
]