[
  {
    "Plan": {
      "Node Type": "Aggregate",
      "Strategy": "Plain",
      "Partial Mode": "Finalize",
      "Parallel Aware": false,
      "Startup Cost": 349777.01,
      "Total Cost": 349777.02,
      "Plan Rows": 1,
      "Plan Width": 8,
      "Actual Startup Time": 772.533,
      "Actual Total Time": 830.714,
      "Actual Rows": 1,
      "Actual Loops": 1,
      "Plans": [
        {
          "Node Type": "Gather",
          "Parent Relationship": "Outer",
          "Parallel Aware": false,
          "Startup Cost": 349776.39,
          "Total Cost": 349777.0,
          "Plan Rows": 6,
          "Plan Width": 8,
          "Actual Startup Time": 772.404,
          "Actual Total Time": 830.704,
          "Actual Rows": 7,
          "Actual Loops": 1,
          "Workers Planned": 6,
          "Workers Launched": 6,
          "Single Copy": false,
          "Plans": [
            {
              "Node Type": "Aggregate",
              "Strategy": "Plain",
              "Partial Mode": "Partial",
              "Parent Relationship": "Outer",
              "Parallel Aware": false,
              "Startup Cost": 348776.39,
              "Total Cost": 348776.4,
              "Plan Rows": 1,
              "Plan Width": 8,
              "Actual Startup Time": 763.739,
              "Actual Total Time": 763.74,
              "Actual Rows": 1,
              "Actual Loops": 7,
              "Plans": [
                {
                  "Node Type": "Seq Scan",
                  "Parent Relationship": "Outer",
                  "Parallel Aware": true,
                  "Relation Name": "cast_info",
                  "Alias": "ci",
                  "Startup Cost": 0.0,
                  "Total Cost": 343257.03,
                  "Plan Rows": 2207744,
                  "Plan Width": 0,
                  "Actual Startup Time": 346.376,
                  "Actual Total Time": 675.547,
                  "Actual Rows": 2018209,
                  "Actual Loops": 7,
                  "Filter": "((person_id > 687916) AND (role_id > 2))",
                  "Rows Removed by Filter": 3159555
                }
              ]
            }
          ]
        }
      ]
    },
    "Planning Time": 0.216,
    "Triggers": [],
    "Execution Time": 830.781
  }
]