{
  "Plan": {
    "Node Type": "Aggregate",
    "Strategy": "Plain",
    "Partial Mode": "Simple",
    "Parallel Aware": false,
    "Startup Cost": 17567.42,
    "Total Cost": 17567.43,
    "Plan Rows": 1,
    "Plan Width": 96,
    "Actual Startup Time": 1373.474,
    "Actual Total Time": 1410.018,
    "Actual Rows": 1,
    "Actual Loops": 1,
    "Plans": [
      {
        "Node Type": "Nested Loop",
        "Parent Relationship": "Outer",
        "Parallel Aware": false,
        "Join Type": "Inner",
        "Startup Cost": 12031.44,
        "Total Cost": 17567.41,
        "Plan Rows": 1,
        "Plan Width": 48,
        "Actual Startup Time": 1309.51,
        "Actual Total Time": 1409.655,
        "Actual Rows": 1410,
        "Actual Loops": 1,
        "Inner Unique": true,
        "Plans": [
          {
            "Node Type": "Gather",
            "Parent Relationship": "Outer",
            "Parallel Aware": false,
            "Startup Cost": 12031.3,
            "Total Cost": 17567.23,
            "Plan Rows": 1,
            "Plan Width": 40,
            "Actual Startup Time": 1309.474,
            "Actual Total Time": 1407.859,
            "Actual Rows": 1410,
            "Actual Loops": 1,
            "Workers Planned": 1,
            "Workers Launched": 1,
            "Single Copy": false,
            "Plans": [
              {
                "Node Type": "Hash Join",
                "Parent Relationship": "Outer",
                "Parallel Aware": true,
                "Join Type": "Inner",
                "Startup Cost": 11031.3,
                "Total Cost": 16567.13,
                "Plan Rows": 1,
                "Plan Width": 40,
                "Actual Startup Time": 1313.473,
                "Actual Total Time": 1363.119,
                "Actual Rows": 705,
                "Actual Loops": 2,
                "Inner Unique": false,
                "Hash Cond": "(cn.id = mc.company_id)",
                "Plans": [
                  {
                    "Node Type": "Seq Scan",
                    "Parent Relationship": "Outer",
                    "Parallel Aware": true,
                    "Relation Name": "company_name",
                    "Alias": "cn",
                    "Startup Cost": 0.0,
                    "Total Cost": 5414.09,
                    "Plan Rows": 32463,
                    "Plan Width": 23,
                    "Actual Startup Time": 0.069,
                    "Actual Total Time": 60.421,
                    "Actual Rows": 24151,
                    "Actual Loops": 2,
                    "Filter": "(((country_code)::text <> '[pl]'::text) AND ((name ~~ '%Film%'::text) OR (name ~~ '%Warner%'::text)))",
                    "Rows Removed by Filter": 93348
                  },
                  {
                    "Node Type": "Hash",
                    "Parent Relationship": "Inner",
                    "Parallel Aware": true,
                    "Startup Cost": 11031.29,
                    "Total Cost": 11031.29,
                    "Plan Rows": 1,
                    "Plan Width": 25,
                    "Actual Startup Time": 1297.284,
                    "Actual Total Time": 1297.304,
                    "Actual Rows": 1514,
                    "Actual Loops": 2,
                    "Hash Buckets": 4096,
                    "Original Hash Buckets": 1024,
                    "Hash Batches": 1,
                    "Original Hash Batches": 1,
                    "Peak Memory Usage": 280,
                    "Plans": [
                      {
                        "Node Type": "Merge Join",
                        "Parent Relationship": "Outer",
                        "Parallel Aware": false,
                        "Join Type": "Inner",
                        "Startup Cost": 3820.42,
                        "Total Cost": 11031.29,
                        "Plan Rows": 1,
                        "Plan Width": 25,
                        "Actual Startup Time": 1261.882,
                        "Actual Total Time": 1296.006,
                        "Actual Rows": 1514,
                        "Actual Loops": 2,
                        "Inner Unique": false,
                        "Merge Cond": "(t.id = ml.movie_id)",
                        "Plans": [
                          {
                            "Node Type": "Index Scan",
                            "Parent Relationship": "Outer",
                            "Parallel Aware": true,
                            "Scan Direction": "Forward",
                            "Index Name": "title_pkey",
                            "Relation Name": "title",
                            "Alias": "t",
                            "Startup Cost": 0.43,
                            "Total Cost": 94555.88,
                            "Plan Rows": 227307,
                            "Plan Width": 21,
                            "Actual Startup Time": 0.142,
                            "Actual Total Time": 124.895,
                            "Actual Rows": 22078,
                            "Actual Loops": 2,
                            "Filter": "((production_year >= 1950) AND (production_year <= 2000))",
                            "Rows Removed by Filter": 47408
                          },
                          {
                            "Node Type": "Sort",
                            "Parent Relationship": "Inner",
                            "Parallel Aware": false,
                            "Startup Cost": 3819.99,
                            "Total Cost": 3819.99,
                            "Plan Rows": 2,
                            "Plan Width": 24,
                            "Actual Startup Time": 1168.242,
                            "Actual Total Time": 1168.498,
                            "Actual Rows": 4198,
                            "Actual Loops": 2,
                            "Sort Key": [
                              "mc.movie_id"
                            ],
                            "Sort Method": "quicksort",
                            "Sort Space Used": 520,
                            "Sort Space Type": "Memory",
                            "Workers": [
                              {
                                "Worker Number": 0,
                                "Sort Method": "quicksort",
                                "Sort Space Used": 520,
                                "Sort Space Type": "Memory"
                              }
                            ],
                            "Plans": [
                              {
                                "Node Type": "Nested Loop",
                                "Parent Relationship": "Outer",
                                "Parallel Aware": false,
                                "Join Type": "Inner",
                                "Startup Cost": 11.93,
                                "Total Cost": 3819.98,
                                "Plan Rows": 2,
                                "Plan Width": 24,
                                "Actual Startup Time": 10.191,
                                "Actual Total Time": 1166.544,
                                "Actual Rows": 4198,
                                "Actual Loops": 2,
                                "Inner Unique": false,
                                "Join Filter": "(mc.company_type_id = ct.id)",
                                "Rows Removed by Join Filter": 167,
                                "Plans": [
                                  {
                                    "Node Type": "Seq Scan",
                                    "Parent Relationship": "Outer",
                                    "Parallel Aware": false,
                                    "Relation Name": "company_type",
                                    "Alias": "ct",
                                    "Startup Cost": 0.0,
                                    "Total Cost": 1.05,
                                    "Plan Rows": 1,
                                    "Plan Width": 4,
                                    "Actual Startup Time": 0.056,
                                    "Actual Total Time": 0.06,
                                    "Actual Rows": 1,
                                    "Actual Loops": 2,
                                    "Filter": "((kind)::text = 'production companies'::text)",
                                    "Rows Removed by Filter": 3
                                  },
                                  {
                                    "Node Type": "Nested Loop",
                                    "Parent Relationship": "Inner",
                                    "Parallel Aware": false,
                                    "Join Type": "Inner",
                                    "Startup Cost": 11.93,
                                    "Total Cost": 3818.8,
                                    "Plan Rows": 10,
                                    "Plan Width": 28,
                                    "Actual Startup Time": 10.129,
                                    "Actual Total Time": 1165.782,
                                    "Actual Rows": 4365,
                                    "Actual Loops": 2,
                                    "Inner Unique": false,
                                    "Join Filter": "(ml.movie_id = mc.movie_id)",
                                    "Rows Removed by Join Filter": 0,
                                    "Plans": [
                                      {
                                        "Node Type": "Nested Loop",
                                        "Parent Relationship": "Outer",
                                        "Parallel Aware": false,
                                        "Join Type": "Inner",
                                        "Startup Cost": 11.5,
                                        "Total Cost": 3816.53,
                                        "Plan Rows": 4,
                                        "Plan Width": 16,
                                        "Actual Startup Time": 9.994,
                                        "Actual Total Time": 1161.332,
                                        "Actual Rows": 684,
                                        "Actual Loops": 2,
                                        "Inner Unique": false,
                                        "Plans": [
                                          {
                                            "Node Type": "Nested Loop",
                                            "Parent Relationship": "Outer",
                                            "Parallel Aware": false,
                                            "Join Type": "Inner",
                                            "Startup Cost": 11.22,
                                            "Total Cost": 3811.0,
                                            "Plan Rows": 13,
                                            "Plan Width": 8,
                                            "Actual Startup Time": 9.866,
                                            "Actual Total Time": 1156.779,
                                            "Actual Rows": 1520,
                                            "Actual Loops": 2,
                                            "Inner Unique": false,
                                            "Plans": [
                                              {
                                                "Node Type": "Nested Loop",
                                                "Parent Relationship": "Outer",
                                                "Parallel Aware": false,
                                                "Join Type": "Inner",
                                                "Startup Cost": 10.78,
                                                "Total Cost": 3751.04,
                                                "Plan Rows": 34,
                                                "Plan Width": 4,
                                                "Actual Startup Time": 7.378,
                                                "Actual Total Time": 122.509,
                                                "Actual Rows": 10544,
                                                "Actual Loops": 2,
                                                "Inner Unique": false,
                                                "Plans": [
                                                  {
                                                    "Node Type": "Seq Scan",
                                                    "Parent Relationship": "Outer",
                                                    "Parallel Aware": false,
                                                    "Relation Name": "keyword",
                                                    "Alias": "k",
                                                    "Startup Cost": 0.0,
                                                    "Total Cost": 2626.12,
                                                    "Plan Rows": 1,
                                                    "Plan Width": 4,
                                                    "Actual Startup Time": 2.463,
                                                    "Actual Total Time": 27.363,
                                                    "Actual Rows": 1,
                                                    "Actual Loops": 2,
                                                    "Filter": "(keyword = 'sequel'::text)",
                                                    "Rows Removed by Filter": 134169
                                                  },
                                                  {
                                                    "Node Type": "Bitmap Heap Scan",
                                                    "Parent Relationship": "Inner",
                                                    "Parallel Aware": false,
                                                    "Relation Name": "movie_keyword",
                                                    "Alias": "mk",
                                                    "Startup Cost": 10.78,
                                                    "Total Cost": 1121.89,
                                                    "Plan Rows": 303,
                                                    "Plan Width": 8,
                                                    "Actual Startup Time": 4.9,
                                                    "Actual Total Time": 91.557,
                                                    "Actual Rows": 10544,
                                                    "Actual Loops": 2,
                                                    "Recheck Cond": "(keyword_id = k.id)",
                                                    "Rows Removed by Index Recheck": 0,
                                                    "Exact Heap Blocks": 5570,
                                                    "Lossy Heap Blocks": 0,
                                                    "Plans": [
                                                      {
                                                        "Node Type": "Bitmap Index Scan",
                                                        "Parent Relationship": "Outer",
                                                        "Parallel Aware": false,
                                                        "Index Name": "keyword_id_movie_keyword",
                                                        "Startup Cost": 0.0,
                                                        "Total Cost": 10.71,
                                                        "Plan Rows": 303,
                                                        "Plan Width": 0,
                                                        "Actual Startup Time": 3.591,
                                                        "Actual Total Time": 3.591,
                                                        "Actual Rows": 10544,
                                                        "Actual Loops": 2,
                                                        "Index Cond": "(keyword_id = k.id)"
                                                      }
                                                    ]
                                                  }
                                                ]
                                              },
                                              {
                                                "Node Type": "Index Scan",
                                                "Parent Relationship": "Inner",
                                                "Parallel Aware": false,
                                                "Scan Direction": "Forward",
                                                "Index Name": "movie_id_movie_info",
                                                "Relation Name": "movie_info",
                                                "Alias": "mi",
                                                "Startup Cost": 0.43,
                                                "Total Cost": 1.75,
                                                "Plan Rows": 1,
                                                "Plan Width": 4,
                                                "Actual Startup Time": 0.091,
                                                "Actual Total Time": 0.097,
                                                "Actual Rows": 0,
                                                "Actual Loops": 21088,
                                                "Index Cond": "(movie_id = mk.movie_id)",
                                                "Rows Removed by Index Recheck": 0,
                                                "Filter": "(info = ANY ('{Sweden,Norway,Germany,Denmark,Swedish,Denish,Norwegian,German}'::text[]))",
                                                "Rows Removed by Filter": 31
                                              }
                                            ]
                                          },
                                          {
                                            "Node Type": "Index Scan",
                                            "Parent Relationship": "Inner",
                                            "Parallel Aware": false,
                                            "Scan Direction": "Forward",
                                            "Index Name": "movie_id_movie_link",
                                            "Relation Name": "movie_link",
                                            "Alias": "ml",
                                            "Startup Cost": 0.29,
                                            "Total Cost": 0.38,
                                            "Plan Rows": 5,
                                            "Plan Width": 8,
                                            "Actual Startup Time": 0.002,
                                            "Actual Total Time": 0.002,
                                            "Actual Rows": 0,
                                            "Actual Loops": 3040,
                                            "Index Cond": "(movie_id = mk.movie_id)",
                                            "Rows Removed by Index Recheck": 0
                                          }
                                        ]
                                      },
                                      {
                                        "Node Type": "Index Scan",
                                        "Parent Relationship": "Inner",
                                        "Parallel Aware": false,
                                        "Scan Direction": "Forward",
                                        "Index Name": "movie_id_movie_companies",
                                        "Relation Name": "movie_companies",
                                        "Alias": "mc",
                                        "Startup Cost": 0.43,
                                        "Total Cost": 0.54,
                                        "Plan Rows": 2,
                                        "Plan Width": 12,
                                        "Actual Startup Time": 0.003,
                                        "Actual Total Time": 0.005,
                                        "Actual Rows": 6,
                                        "Actual Loops": 1368,
                                        "Index Cond": "(movie_id = mk.movie_id)",
                                        "Rows Removed by Index Recheck": 0,
                                        "Filter": "(note IS NULL)",
                                        "Rows Removed by Filter": 2
                                      }
                                    ]
                                  }
                                ]
                              }
                            ]
                          }
                        ]
                      }
                    ]
                  }
                ]
              }
            ]
          },
          {
            "Node Type": "Index Scan",
            "Parent Relationship": "Inner",
            "Parallel Aware": false,
            "Scan Direction": "Forward",
            "Index Name": "link_type_pkey",
            "Relation Name": "link_type",
            "Alias": "lt",
            "Startup Cost": 0.14,
            "Total Cost": 0.16,
            "Plan Rows": 1,
            "Plan Width": 16,
            "Actual Startup Time": 0.001,
            "Actual Total Time": 0.001,
            "Actual Rows": 1,
            "Actual Loops": 1410,
            "Index Cond": "(id = ml.link_type_id)",
            "Rows Removed by Index Recheck": 0,
            "Filter": "((link)::text ~~ '%follow%'::text)",
            "Rows Removed by Filter": 0
          }
        ]
      }
    ]
  },
  "Planning Time": 25.757,
  "Triggers": [],
  "Execution Time": 1410.897
}