[
    {
        "Bao": {
            "Bao prediction": "NaN",
            "Bao recommended hint": "(no hint)"
        }
    },
    {
        "Plan": {
            "Node Type": "Aggregate",
            "Strategy": "Plain",
            "Partial Mode": "Finalize",
            "Parallel Aware": false,
            "Startup Cost": 32951.08,
            "Total Cost": 32951.09,
            "Plan Rows": 1,
            "Plan Width": 8,
            "Actual Startup Time": 87.485,
            "Actual Total Time": 92.623,
            "Actual Rows": 1,
            "Actual Loops": 1,
            "Output": [
                "count(*)"
            ],
            "Plans": [
                {
                    "Node Type": "Gather",
                    "Parent Relationship": "Outer",
                    "Parallel Aware": false,
                    "Startup Cost": 32950.76,
                    "Total Cost": 32951.07,
                    "Plan Rows": 3,
                    "Plan Width": 8,
                    "Actual Startup Time": 87.41,
                    "Actual Total Time": 92.616,
                    "Actual Rows": 4,
                    "Actual Loops": 1,
                    "Output": [
                        "(PARTIAL count(*))"
                    ],
                    "Workers Planned": 3,
                    "Workers Launched": 3,
                    "Single Copy": false,
                    "Plans": [
                        {
                            "Node Type": "Aggregate",
                            "Strategy": "Plain",
                            "Partial Mode": "Partial",
                            "Parent Relationship": "Outer",
                            "Parallel Aware": false,
                            "Startup Cost": 31950.76,
                            "Total Cost": 31950.77,
                            "Plan Rows": 1,
                            "Plan Width": 8,
                            "Actual Startup Time": 79.345,
                            "Actual Total Time": 79.346,
                            "Actual Rows": 1,
                            "Actual Loops": 4,
                            "Output": [
                                "PARTIAL count(*)"
                            ],
                            "Workers": [
                                {
                                    "Worker Number": 0,
                                    "Actual Startup Time": 76.167,
                                    "Actual Total Time": 76.168,
                                    "Actual Rows": 1,
                                    "Actual Loops": 1
                                },
                                {
                                    "Worker Number": 1,
                                    "Actual Startup Time": 76.76,
                                    "Actual Total Time": 76.761,
                                    "Actual Rows": 1,
                                    "Actual Loops": 1
                                },
                                {
                                    "Worker Number": 2,
                                    "Actual Startup Time": 77.352,
                                    "Actual Total Time": 77.353,
                                    "Actual Rows": 1,
                                    "Actual Loops": 1
                                }
                            ],
                            "Plans": [
                                {
                                    "Node Type": "Seq Scan",
                                    "Parent Relationship": "Outer",
                                    "Parallel Aware": true,
                                    "Relation Name": "movie_companies",
                                    "Schema": "public",
                                    "Alias": "mc",
                                    "Startup Cost": 0.0,
                                    "Total Cost": 31414.82,
                                    "Plan Rows": 214378,
                                    "Plan Width": 0,
                                    "Actual Startup Time": 43.262,
                                    "Actual Total Time": 74.469,
                                    "Actual Rows": 106358,
                                    "Actual Loops": 4,
                                    "Output": [
                                        "id",
                                        "movie_id",
                                        "company_id",
                                        "company_type_id",
                                        "note"
                                    ],
                                    "Filter": "((mc.company_id < 11280) AND (mc.company_type_id > 1))",
                                    "Rows Removed by Filter": 545924,
                                    "Workers": [
                                        {
                                            "Worker Number": 0,
                                            "Actual Startup Time": 40.085,
                                            "Actual Total Time": 71.363,
                                            "Actual Rows": 70873,
                                            "Actual Loops": 1
                                        },
                                        {
                                            "Worker Number": 1,
                                            "Actual Startup Time": 40.674,
                                            "Actual Total Time": 72.23,
                                            "Actual Rows": 108309,
                                            "Actual Loops": 1
                                        },
                                        {
                                            "Worker Number": 2,
                                            "Actual Startup Time": 41.275,
                                            "Actual Total Time": 72.592,
                                            "Actual Rows": 111700,
                                            "Actual Loops": 1
                                        }
                                    ]
                                }
                            ]
                        }
                    ]
                }
            ]
        },
        "Planning Time": 225.704,
        "Triggers": [],
        "Execution Time": 92.676
    }
]