[
  {
    "Plan": {
      "Node Type": "Aggregate",
      "Strategy": "Plain",
      "Partial Mode": "Finalize",
      "Parallel Aware": false,
      "Startup Cost": 32195.91,
      "Total Cost": 32195.92,
      "Plan Rows": 1,
      "Plan Width": 8,
      "Actual Startup Time": 115.453,
      "Actual Total Time": 123.103,
      "Actual Rows": 1,
      "Actual Loops": 1,
      "Plans": [
        {
          "Node Type": "Gather",
          "Parent Relationship": "Outer",
          "Parallel Aware": false,
          "Startup Cost": 32195.6,
          "Total Cost": 32195.91,
          "Plan Rows": 3,
          "Plan Width": 8,
          "Actual Startup Time": 115.368,
          "Actual Total Time": 123.096,
          "Actual Rows": 4,
          "Actual Loops": 1,
          "Workers Planned": 3,
          "Workers Launched": 3,
          "Single Copy": false,
          "Plans": [
            {
              "Node Type": "Aggregate",
              "Strategy": "Plain",
              "Partial Mode": "Partial",
              "Parent Relationship": "Outer",
              "Parallel Aware": false,
              "Startup Cost": 31195.6,
              "Total Cost": 31195.61,
              "Plan Rows": 1,
              "Plan Width": 8,
              "Actual Startup Time": 108.249,
              "Actual Total Time": 108.25,
              "Actual Rows": 1,
              "Actual Loops": 4,
              "Plans": [
                {
                  "Node Type": "Seq Scan",
                  "Parent Relationship": "Outer",
                  "Parallel Aware": true,
                  "Relation Name": "movie_companies",
                  "Alias": "mc",
                  "Startup Cost": 0.0,
                  "Total Cost": 29310.68,
                  "Plan Rows": 753966,
                  "Plan Width": 0,
                  "Actual Startup Time": 0.09,
                  "Actual Total Time": 81.947,
                  "Actual Rows": 584769,
                  "Actual Loops": 4,
                  "Filter": "(company_id > 139)",
                  "Rows Removed by Filter": 67513
                }
              ]
            }
          ]
        }
      ]
    },
    "Planning Time": 0.189,
    "Triggers": [],
    "Execution Time": 123.186
  }
]