[
  {
    "Plan": {
      "Node Type": "Aggregate",
      "Strategy": "Plain",
      "Partial Mode": "Finalize",
      "Parallel Aware": false,
      "Startup Cost": 348117.1,
      "Total Cost": 348117.11,
      "Plan Rows": 1,
      "Plan Width": 8,
      "Actual Startup Time": 1231.57,
      "Actual Total Time": 1325.238,
      "Actual Rows": 1,
      "Actual Loops": 1,
      "Plans": [
        {
          "Node Type": "Gather",
          "Parent Relationship": "Outer",
          "Parallel Aware": false,
          "Startup Cost": 348116.57,
          "Total Cost": 348117.08,
          "Plan Rows": 5,
          "Plan Width": 8,
          "Actual Startup Time": 1231.206,
          "Actual Total Time": 1325.226,
          "Actual Rows": 6,
          "Actual Loops": 1,
          "Workers Planned": 5,
          "Workers Launched": 5,
          "Single Copy": false,
          "Plans": [
            {
              "Node Type": "Aggregate",
              "Strategy": "Plain",
              "Partial Mode": "Partial",
              "Parent Relationship": "Outer",
              "Parallel Aware": false,
              "Startup Cost": 347116.57,
              "Total Cost": 347116.58,
              "Plan Rows": 1,
              "Plan Width": 8,
              "Actual Startup Time": 1220.608,
              "Actual Total Time": 1220.612,
              "Actual Rows": 1,
              "Actual Loops": 6,
              "Plans": [
                {
                  "Node Type": "Nested Loop",
                  "Parent Relationship": "Outer",
                  "Parallel Aware": false,
                  "Join Type": "Inner",
                  "Startup Cost": 45644.14,
                  "Total Cost": 345180.3,
                  "Plan Rows": 774511,
                  "Plan Width": 0,
                  "Actual Startup Time": 90.083,
                  "Actual Total Time": 1199.611,
                  "Actual Rows": 426264,
                  "Actual Loops": 6,
                  "Inner Unique": false,
                  "Join Filter": "(t.id = ci.movie_id)",
                  "Rows Removed by Join Filter": 0,
                  "Plans": [
                    {
                      "Node Type": "Hash Join",
                      "Parent Relationship": "Outer",
                      "Parallel Aware": true,
                      "Join Type": "Inner",
                      "Startup Cost": 45643.57,
                      "Total Cost": 251584.0,
                      "Plan Rows": 54019,
                      "Plan Width": 8,
                      "Actual Startup Time": 89.873,
                      "Actual Total Time": 652.435,
                      "Actual Rows": 19732,
                      "Actual Loops": 6,
                      "Inner Unique": true,
                      "Hash Cond": "(mi.movie_id = t.id)",
                      "Plans": [
                        {
                          "Node Type": "Seq Scan",
                          "Parent Relationship": "Outer",
                          "Parallel Aware": true,
                          "Relation Name": "movie_info",
                          "Alias": "mi",
                          "Startup Cost": 0.0,
                          "Total Cost": 199108.24,
                          "Plan Rows": 2602732,
                          "Plan Width": 4,
                          "Actual Startup Time": 0.04,
                          "Actual Total Time": 345.592,
                          "Actual Rows": 2161681,
                          "Actual Loops": 6,
                          "Filter": "(info_type_id < 18)",
                          "Rows Removed by Filter": 310939
                        },
                        {
                          "Node Type": "Hash",
                          "Parent Relationship": "Inner",
                          "Parallel Aware": true,
                          "Startup Cost": 45479.59,
                          "Total Cost": 45479.59,
                          "Plan Rows": 13119,
                          "Plan Width": 4,
                          "Actual Startup Time": 87.905,
                          "Actual Total Time": 87.906,
                          "Actual Rows": 9413,
                          "Actual Loops": 6,
                          "Hash Buckets": 65536,
                          "Original Hash Buckets": 65536,
                          "Hash Batches": 1,
                          "Original Hash Batches": 1,
                          "Peak Memory Usage": 2816,
                          "Plans": [
                            {
                              "Node Type": "Seq Scan",
                              "Parent Relationship": "Outer",
                              "Parallel Aware": true,
                              "Relation Name": "title",
                              "Alias": "t",
                              "Startup Cost": 0.0,
                              "Total Cost": 45479.59,
                              "Plan Rows": 13119,
                              "Plan Width": 4,
                              "Actual Startup Time": 0.064,
                              "Actual Total Time": 82.669,
                              "Actual Rows": 9413,
                              "Actual Loops": 6,
                              "Filter": "((kind_id = 7) AND (production_year = 2004))",
                              "Rows Removed by Filter": 411972
                            }
                          ]
                        }
                      ]
                    },
                    {
                      "Node Type": "Index Only Scan",
                      "Parent Relationship": "Inner",
                      "Parallel Aware": false,
                      "Scan Direction": "Forward",
                      "Index Name": "movie_id_cast_info",
                      "Relation Name": "cast_info",
                      "Alias": "ci",
                      "Startup Cost": 0.56,
                      "Total Cost": 1.3,
                      "Plan Rows": 35,
                      "Plan Width": 4,
                      "Actual Startup Time": 0.007,
                      "Actual Total Time": 0.026,
                      "Actual Rows": 22,
                      "Actual Loops": 118391,
                      "Index Cond": "(movie_id = mi.movie_id)",
                      "Rows Removed by Index Recheck": 0,
                      "Heap Fetches": 2557586
                    }
                  ]
                }
              ]
            }
          ]
        }
      ]
    },
    "Planning Time": 1.365,
    "Triggers": [],
    "Execution Time": 1325.343
  }
]