[
    {
        "Bao": {
            "Bao prediction": "NaN",
            "Bao recommended hint": "(no hint)"
        }
    },
    {
        "Plan": {
            "Node Type": "Aggregate",
            "Strategy": "Plain",
            "Partial Mode": "Finalize",
            "Parallel Aware": false,
            "Startup Cost": 380907.23,
            "Total Cost": 380907.24,
            "Plan Rows": 1,
            "Plan Width": 8,
            "Actual Startup Time": 2416.908,
            "Actual Total Time": 2459.407,
            "Actual Rows": 1,
            "Actual Loops": 1,
            "Output": [
                "count(*)"
            ],
            "Plans": [
                {
                    "Node Type": "Gather",
                    "Parent Relationship": "Outer",
                    "Parallel Aware": false,
                    "Startup Cost": 380906.6,
                    "Total Cost": 380907.21,
                    "Plan Rows": 6,
                    "Plan Width": 8,
                    "Actual Startup Time": 2413.799,
                    "Actual Total Time": 2459.394,
                    "Actual Rows": 7,
                    "Actual Loops": 1,
                    "Output": [
                        "(PARTIAL count(*))"
                    ],
                    "Workers Planned": 6,
                    "Workers Launched": 6,
                    "Single Copy": false,
                    "Plans": [
                        {
                            "Node Type": "Aggregate",
                            "Strategy": "Plain",
                            "Partial Mode": "Partial",
                            "Parent Relationship": "Outer",
                            "Parallel Aware": false,
                            "Startup Cost": 379906.6,
                            "Total Cost": 379906.61,
                            "Plan Rows": 1,
                            "Plan Width": 8,
                            "Actual Startup Time": 2402.549,
                            "Actual Total Time": 2402.552,
                            "Actual Rows": 1,
                            "Actual Loops": 7,
                            "Output": [
                                "PARTIAL count(*)"
                            ],
                            "Workers": [
                                {
                                    "Worker Number": 0,
                                    "Actual Startup Time": 2400.271,
                                    "Actual Total Time": 2400.273,
                                    "Actual Rows": 1,
                                    "Actual Loops": 1
                                },
                                {
                                    "Worker Number": 1,
                                    "Actual Startup Time": 2400.949,
                                    "Actual Total Time": 2400.952,
                                    "Actual Rows": 1,
                                    "Actual Loops": 1
                                },
                                {
                                    "Worker Number": 2,
                                    "Actual Startup Time": 2400.427,
                                    "Actual Total Time": 2400.43,
                                    "Actual Rows": 1,
                                    "Actual Loops": 1
                                },
                                {
                                    "Worker Number": 3,
                                    "Actual Startup Time": 2400.458,
                                    "Actual Total Time": 2400.46,
                                    "Actual Rows": 1,
                                    "Actual Loops": 1
                                },
                                {
                                    "Worker Number": 4,
                                    "Actual Startup Time": 2401.356,
                                    "Actual Total Time": 2401.359,
                                    "Actual Rows": 1,
                                    "Actual Loops": 1
                                },
                                {
                                    "Worker Number": 5,
                                    "Actual Startup Time": 2401.272,
                                    "Actual Total Time": 2401.275,
                                    "Actual Rows": 1,
                                    "Actual Loops": 1
                                }
                            ],
                            "Plans": [
                                {
                                    "Node Type": "Hash Join",
                                    "Parent Relationship": "Outer",
                                    "Parallel Aware": true,
                                    "Join Type": "Inner",
                                    "Startup Cost": 47353.81,
                                    "Total Cost": 376322.71,
                                    "Plan Rows": 1433556,
                                    "Plan Width": 0,
                                    "Actual Startup Time": 171.325,
                                    "Actual Total Time": 2317.008,
                                    "Actual Rows": 1235736,
                                    "Actual Loops": 7,
                                    "Inner Unique": true,
                                    "Hash Cond": "(ci.movie_id = t.id)",
                                    "Workers": [
                                        {
                                            "Worker Number": 0,
                                            "Actual Startup Time": 169.019,
                                            "Actual Total Time": 2316.196,
                                            "Actual Rows": 1401452,
                                            "Actual Loops": 1
                                        },
                                        {
                                            "Worker Number": 1,
                                            "Actual Startup Time": 169.423,
                                            "Actual Total Time": 2316.578,
                                            "Actual Rows": 1155291,
                                            "Actual Loops": 1
                                        },
                                        {
                                            "Worker Number": 2,
                                            "Actual Startup Time": 169.227,
                                            "Actual Total Time": 2316.602,
                                            "Actual Rows": 1214786,
                                            "Actual Loops": 1
                                        },
                                        {
                                            "Worker Number": 3,
                                            "Actual Startup Time": 169.324,
                                            "Actual Total Time": 2316.022,
                                            "Actual Rows": 1220060,
                                            "Actual Loops": 1
                                        },
                                        {
                                            "Worker Number": 4,
                                            "Actual Startup Time": 170.328,
                                            "Actual Total Time": 2316.194,
                                            "Actual Rows": 1178908,
                                            "Actual Loops": 1
                                        },
                                        {
                                            "Worker Number": 5,
                                            "Actual Startup Time": 170.22,
                                            "Actual Total Time": 2317.543,
                                            "Actual Rows": 1142518,
                                            "Actual Loops": 1
                                        }
                                    ],
                                    "Plans": [
                                        {
                                            "Node Type": "Seq Scan",
                                            "Parent Relationship": "Outer",
                                            "Parallel Aware": true,
                                            "Relation Name": "cast_info",
                                            "Schema": "public",
                                            "Alias": "ci",
                                            "Startup Cost": 0.0,
                                            "Total Cost": 313108.29,
                                            "Plan Rows": 6042129,
                                            "Plan Width": 4,
                                            "Actual Startup Time": 0.065,
                                            "Actual Total Time": 720.269,
                                            "Actual Rows": 5177763,
                                            "Actual Loops": 7,
                                            "Output": [
                                                "ci.id",
                                                "ci.person_id",
                                                "ci.movie_id",
                                                "ci.person_role_id",
                                                "ci.note",
                                                "ci.nr_order",
                                                "ci.role_id"
                                            ],
                                            "Workers": [
                                                {
                                                    "Worker Number": 0,
                                                    "Actual Startup Time": 0.041,
                                                    "Actual Total Time": 725.685,
                                                    "Actual Rows": 5815431,
                                                    "Actual Loops": 1
                                                },
                                                {
                                                    "Worker Number": 1,
                                                    "Actual Startup Time": 0.109,
                                                    "Actual Total Time": 756.012,
                                                    "Actual Rows": 4849473,
                                                    "Actual Loops": 1
                                                },
                                                {
                                                    "Worker Number": 2,
                                                    "Actual Startup Time": 0.075,
                                                    "Actual Total Time": 720.655,
                                                    "Actual Rows": 5119230,
                                                    "Actual Loops": 1
                                                },
                                                {
                                                    "Worker Number": 3,
                                                    "Actual Startup Time": 0.058,
                                                    "Actual Total Time": 722.095,
                                                    "Actual Rows": 5111228,
                                                    "Actual Loops": 1
                                                },
                                                {
                                                    "Worker Number": 4,
                                                    "Actual Startup Time": 0.083,
                                                    "Actual Total Time": 761.183,
                                                    "Actual Rows": 4948391,
                                                    "Actual Loops": 1
                                                },
                                                {
                                                    "Worker Number": 5,
                                                    "Actual Startup Time": 0.069,
                                                    "Actual Total Time": 753.038,
                                                    "Actual Rows": 4771577,
                                                    "Actual Loops": 1
                                                }
                                            ]
                                        },
                                        {
                                            "Node Type": "Hash",
                                            "Parent Relationship": "Inner",
                                            "Parallel Aware": true,
                                            "Startup Cost": 45479.21,
                                            "Total Cost": 45479.21,
                                            "Plan Rows": 149968,
                                            "Plan Width": 4,
                                            "Actual Startup Time": 167.511,
                                            "Actual Total Time": 167.511,
                                            "Actual Rows": 68845,
                                            "Actual Loops": 7,
                                            "Output": [
                                                "t.id"
                                            ],
                                            "Hash Buckets": 1048576,
                                            "Original Hash Buckets": 1048576,
                                            "Hash Batches": 1,
                                            "Original Hash Batches": 1,
                                            "Peak Memory Usage": 27168,
                                            "Workers": [
                                                {
                                                    "Worker Number": 0,
                                                    "Actual Startup Time": 167.984,
                                                    "Actual Total Time": 167.985,
                                                    "Actual Rows": 68530,
                                                    "Actual Loops": 1
                                                },
                                                {
                                                    "Worker Number": 1,
                                                    "Actual Startup Time": 168.229,
                                                    "Actual Total Time": 168.23,
                                                    "Actual Rows": 65452,
                                                    "Actual Loops": 1
                                                },
                                                {
                                                    "Worker Number": 2,
                                                    "Actual Startup Time": 168.001,
                                                    "Actual Total Time": 168.001,
                                                    "Actual Rows": 65825,
                                                    "Actual Loops": 1
                                                },
                                                {
                                                    "Worker Number": 3,
                                                    "Actual Startup Time": 167.854,
                                                    "Actual Total Time": 167.855,
                                                    "Actual Rows": 67441,
                                                    "Actual Loops": 1
                                                },
                                                {
                                                    "Worker Number": 4,
                                                    "Actual Startup Time": 169.063,
                                                    "Actual Total Time": 169.064,
                                                    "Actual Rows": 65452,
                                                    "Actual Loops": 1
                                                },
                                                {
                                                    "Worker Number": 5,
                                                    "Actual Startup Time": 169.071,
                                                    "Actual Total Time": 169.072,
                                                    "Actual Rows": 64166,
                                                    "Actual Loops": 1
                                                }
                                            ],
                                            "Plans": [
                                                {
                                                    "Node Type": "Seq Scan",
                                                    "Parent Relationship": "Outer",
                                                    "Parallel Aware": true,
                                                    "Relation Name": "title",
                                                    "Schema": "public",
                                                    "Alias": "t",
                                                    "Startup Cost": 0.0,
                                                    "Total Cost": 45479.21,
                                                    "Plan Rows": 149968,
                                                    "Plan Width": 4,
                                                    "Actual Startup Time": 57.107,
                                                    "Actual Total Time": 111.647,
                                                    "Actual Rows": 68845,
                                                    "Actual Loops": 7,
                                                    "Output": [
                                                        "t.id"
                                                    ],
                                                    "Filter": "((t.production_year > 1954) AND (t.kind_id = 1))",
                                                    "Rows Removed by Filter": 292343,
                                                    "Workers": [
                                                        {
                                                            "Worker Number": 0,
                                                            "Actual Startup Time": 65.758,
                                                            "Actual Total Time": 112.583,
                                                            "Actual Rows": 68530,
                                                            "Actual Loops": 1
                                                        },
                                                        {
                                                            "Worker Number": 1,
                                                            "Actual Startup Time": 65.695,
                                                            "Actual Total Time": 112.527,
                                                            "Actual Rows": 65452,
                                                            "Actual Loops": 1
                                                        },
                                                        {
                                                            "Worker Number": 2,
                                                            "Actual Startup Time": 65.433,
                                                            "Actual Total Time": 112.084,
                                                            "Actual Rows": 65825,
                                                            "Actual Loops": 1
                                                        },
                                                        {
                                                            "Worker Number": 3,
                                                            "Actual Startup Time": 65.711,
                                                            "Actual Total Time": 112.928,
                                                            "Actual Rows": 67441,
                                                            "Actual Loops": 1
                                                        },
                                                        {
                                                            "Worker Number": 4,
                                                            "Actual Startup Time": 65.332,
                                                            "Actual Total Time": 112.003,
                                                            "Actual Rows": 65452,
                                                            "Actual Loops": 1
                                                        },
                                                        {
                                                            "Worker Number": 5,
                                                            "Actual Startup Time": 65.643,
                                                            "Actual Total Time": 111.842,
                                                            "Actual Rows": 64166,
                                                            "Actual Loops": 1
                                                        }
                                                    ]
                                                }
                                            ]
                                        }
                                    ]
                                }
                            ]
                        }
                    ]
                }
            ]
        },
        "Planning Time": 305.474,
        "Triggers": [],
        "Execution Time": 2459.509
    }
]