[
    {
        "Bao": {
            "Bao prediction": "NaN",
            "Bao recommended hint": "(no hint)"
        }
    },
    {
        "Plan": {
            "Node Type": "Aggregate",
            "Strategy": "Plain",
            "Partial Mode": "Finalize",
            "Parallel Aware": false,
            "Startup Cost": 86710.8,
            "Total Cost": 86710.81,
            "Plan Rows": 1,
            "Plan Width": 8,
            "Actual Startup Time": 205.343,
            "Actual Total Time": 218.276,
            "Actual Rows": 1,
            "Actual Loops": 1,
            "Output": [
                "count(*)"
            ],
            "Plans": [
                {
                    "Node Type": "Gather",
                    "Parent Relationship": "Outer",
                    "Parallel Aware": false,
                    "Startup Cost": 86710.48,
                    "Total Cost": 86710.79,
                    "Plan Rows": 3,
                    "Plan Width": 8,
                    "Actual Startup Time": 205.028,
                    "Actual Total Time": 218.268,
                    "Actual Rows": 4,
                    "Actual Loops": 1,
                    "Output": [
                        "(PARTIAL count(*))"
                    ],
                    "Workers Planned": 3,
                    "Workers Launched": 3,
                    "Single Copy": false,
                    "Plans": [
                        {
                            "Node Type": "Aggregate",
                            "Strategy": "Plain",
                            "Partial Mode": "Partial",
                            "Parent Relationship": "Outer",
                            "Parallel Aware": false,
                            "Startup Cost": 85710.48,
                            "Total Cost": 85710.49,
                            "Plan Rows": 1,
                            "Plan Width": 8,
                            "Actual Startup Time": 196.229,
                            "Actual Total Time": 196.232,
                            "Actual Rows": 1,
                            "Actual Loops": 4,
                            "Output": [
                                "PARTIAL count(*)"
                            ],
                            "Workers": [
                                {
                                    "Worker Number": 0,
                                    "Actual Startup Time": 193.328,
                                    "Actual Total Time": 193.331,
                                    "Actual Rows": 1,
                                    "Actual Loops": 1
                                },
                                {
                                    "Worker Number": 1,
                                    "Actual Startup Time": 193.278,
                                    "Actual Total Time": 193.281,
                                    "Actual Rows": 1,
                                    "Actual Loops": 1
                                },
                                {
                                    "Worker Number": 2,
                                    "Actual Startup Time": 193.723,
                                    "Actual Total Time": 193.726,
                                    "Actual Rows": 1,
                                    "Actual Loops": 1
                                }
                            ],
                            "Plans": [
                                {
                                    "Node Type": "Hash Join",
                                    "Parent Relationship": "Outer",
                                    "Parallel Aware": true,
                                    "Join Type": "Inner",
                                    "Startup Cost": 58319.07,
                                    "Total Cost": 85704.94,
                                    "Plan Rows": 2217,
                                    "Plan Width": 0,
                                    "Actual Startup Time": 139.021,
                                    "Actual Total Time": 196.043,
                                    "Actual Rows": 2626,
                                    "Actual Loops": 4,
                                    "Inner Unique": true,
                                    "Hash Cond": "(mk.movie_id = t.id)",
                                    "Workers": [
                                        {
                                            "Worker Number": 0,
                                            "Actual Startup Time": 136.093,
                                            "Actual Total Time": 193.139,
                                            "Actual Rows": 2589,
                                            "Actual Loops": 1
                                        },
                                        {
                                            "Worker Number": 1,
                                            "Actual Startup Time": 136.146,
                                            "Actual Total Time": 193.101,
                                            "Actual Rows": 2301,
                                            "Actual Loops": 1
                                        },
                                        {
                                            "Worker Number": 2,
                                            "Actual Startup Time": 136.473,
                                            "Actual Total Time": 193.544,
                                            "Actual Rows": 2413,
                                            "Actual Loops": 1
                                        }
                                    ],
                                    "Plans": [
                                        {
                                            "Node Type": "Bitmap Heap Scan",
                                            "Parent Relationship": "Outer",
                                            "Parallel Aware": true,
                                            "Relation Name": "movie_keyword",
                                            "Schema": "public",
                                            "Alias": "mk",
                                            "Startup Cost": 12749.51,
                                            "Total Cost": 39626.54,
                                            "Plan Rows": 193843,
                                            "Plan Width": 4,
                                            "Actual Startup Time": 32.89,
                                            "Actual Total Time": 92.765,
                                            "Actual Rows": 151686,
                                            "Actual Loops": 4,
                                            "Output": [
                                                "mk.id",
                                                "mk.movie_id",
                                                "mk.keyword_id"
                                            ],
                                            "Recheck Cond": "(mk.keyword_id < 460)",
                                            "Rows Removed by Index Recheck": 0,
                                            "Exact Heap Blocks": 8534,
                                            "Lossy Heap Blocks": 0,
                                            "Workers": [
                                                {
                                                    "Worker Number": 0,
                                                    "Actual Startup Time": 32.864,
                                                    "Actual Total Time": 93.472,
                                                    "Actual Rows": 137006,
                                                    "Actual Loops": 1
                                                },
                                                {
                                                    "Worker Number": 1,
                                                    "Actual Startup Time": 32.991,
                                                    "Actual Total Time": 93.68,
                                                    "Actual Rows": 120287,
                                                    "Actual Loops": 1
                                                },
                                                {
                                                    "Worker Number": 2,
                                                    "Actual Startup Time": 32.941,
                                                    "Actual Total Time": 93.612,
                                                    "Actual Rows": 137132,
                                                    "Actual Loops": 1
                                                }
                                            ],
                                            "Plans": [
                                                {
                                                    "Node Type": "Bitmap Index Scan",
                                                    "Parent Relationship": "Outer",
                                                    "Parallel Aware": false,
                                                    "Index Name": "keyword_id_movie_keyword",
                                                    "Startup Cost": 0.0,
                                                    "Total Cost": 12599.28,
                                                    "Plan Rows": 600913,
                                                    "Plan Width": 0,
                                                    "Actual Startup Time": 29.22,
                                                    "Actual Total Time": 29.221,
                                                    "Actual Rows": 606746,
                                                    "Actual Loops": 1,
                                                    "Index Cond": "(mk.keyword_id < 460)"
                                                }
                                            ]
                                        },
                                        {
                                            "Node Type": "Hash",
                                            "Parent Relationship": "Inner",
                                            "Parallel Aware": true,
                                            "Startup Cost": 45479.21,
                                            "Total Cost": 45479.21,
                                            "Plan Rows": 7228,
                                            "Plan Width": 4,
                                            "Actual Startup Time": 85.654,
                                            "Actual Total Time": 85.655,
                                            "Actual Rows": 4029,
                                            "Actual Loops": 4,
                                            "Output": [
                                                "t.id"
                                            ],
                                            "Hash Buckets": 32768,
                                            "Original Hash Buckets": 32768,
                                            "Hash Batches": 1,
                                            "Original Hash Batches": 1,
                                            "Peak Memory Usage": 960,
                                            "Workers": [
                                                {
                                                    "Worker Number": 0,
                                                    "Actual Startup Time": 82.821,
                                                    "Actual Total Time": 82.822,
                                                    "Actual Rows": 3638,
                                                    "Actual Loops": 1
                                                },
                                                {
                                                    "Worker Number": 1,
                                                    "Actual Startup Time": 82.763,
                                                    "Actual Total Time": 82.764,
                                                    "Actual Rows": 3300,
                                                    "Actual Loops": 1
                                                },
                                                {
                                                    "Worker Number": 2,
                                                    "Actual Startup Time": 83.191,
                                                    "Actual Total Time": 83.191,
                                                    "Actual Rows": 3703,
                                                    "Actual Loops": 1
                                                }
                                            ],
                                            "Plans": [
                                                {
                                                    "Node Type": "Seq Scan",
                                                    "Parent Relationship": "Outer",
                                                    "Parallel Aware": true,
                                                    "Relation Name": "title",
                                                    "Schema": "public",
                                                    "Alias": "t",
                                                    "Startup Cost": 0.0,
                                                    "Total Cost": 45479.21,
                                                    "Plan Rows": 7228,
                                                    "Plan Width": 4,
                                                    "Actual Startup Time": 52.796,
                                                    "Actual Total Time": 84.13,
                                                    "Actual Rows": 4029,
                                                    "Actual Loops": 4,
                                                    "Output": [
                                                        "t.id"
                                                    ],
                                                    "Filter": "((t.kind_id = 1) AND (t.production_year = 2006))",
                                                    "Rows Removed by Filter": 628049,
                                                    "Workers": [
                                                        {
                                                            "Worker Number": 0,
                                                            "Actual Startup Time": 49.93,
                                                            "Actual Total Time": 81.423,
                                                            "Actual Rows": 3638,
                                                            "Actual Loops": 1
                                                        },
                                                        {
                                                            "Worker Number": 1,
                                                            "Actual Startup Time": 49.859,
                                                            "Actual Total Time": 80.894,
                                                            "Actual Rows": 3300,
                                                            "Actual Loops": 1
                                                        },
                                                        {
                                                            "Worker Number": 2,
                                                            "Actual Startup Time": 50.695,
                                                            "Actual Total Time": 81.777,
                                                            "Actual Rows": 3703,
                                                            "Actual Loops": 1
                                                        }
                                                    ]
                                                }
                                            ]
                                        }
                                    ]
                                }
                            ]
                        }
                    ]
                }
            ]
        },
        "Planning Time": 188.917,
        "Triggers": [],
        "Execution Time": 218.396
    }
]