[
  {
    "Plan": {
      "Node Type": "Aggregate",
      "Strategy": "Plain",
      "Partial Mode": "Finalize",
      "Parallel Aware": false,
      "Startup Cost": 80489.15,
      "Total Cost": 80489.16,
      "Plan Rows": 1,
      "Plan Width": 8,
      "Actual Startup Time": 238.25,
      "Actual Total Time": 253.471,
      "Actual Rows": 1,
      "Actual Loops": 1,
      "Plans": [
        {
          "Node Type": "Gather",
          "Parent Relationship": "Outer",
          "Parallel Aware": false,
          "Startup Cost": 80488.73,
          "Total Cost": 80489.14,
          "Plan Rows": 4,
          "Plan Width": 8,
          "Actual Startup Time": 236.711,
          "Actual Total Time": 253.459,
          "Actual Rows": 5,
          "Actual Loops": 1,
          "Workers Planned": 4,
          "Workers Launched": 4,
          "Single Copy": false,
          "Plans": [
            {
              "Node Type": "Aggregate",
              "Strategy": "Plain",
              "Partial Mode": "Partial",
              "Parent Relationship": "Outer",
              "Parallel Aware": false,
              "Startup Cost": 79488.73,
              "Total Cost": 79488.74,
              "Plan Rows": 1,
              "Plan Width": 8,
              "Actual Startup Time": 227.02,
              "Actual Total Time": 227.023,
              "Actual Rows": 1,
              "Actual Loops": 5,
              "Plans": [
                {
                  "Node Type": "Hash Join",
                  "Parent Relationship": "Outer",
                  "Parallel Aware": true,
                  "Join Type": "Inner",
                  "Startup Cost": 33329.81,
                  "Total Cost": 79191.9,
                  "Plan Rows": 118729,
                  "Plan Width": 0,
                  "Actual Startup Time": 164.118,
                  "Actual Total Time": 225.258,
                  "Actual Rows": 33653,
                  "Actual Loops": 5,
                  "Inner Unique": false,
                  "Hash Cond": "(t.id = mc.movie_id)",
                  "Plans": [
                    {
                      "Node Type": "Seq Scan",
                      "Parent Relationship": "Outer",
                      "Parallel Aware": true,
                      "Relation Name": "title",
                      "Alias": "t",
                      "Startup Cost": 0.0,
                      "Total Cost": 42318.73,
                      "Plan Rows": 632073,
                      "Plan Width": 4,
                      "Actual Startup Time": 0.016,
                      "Actual Total Time": 68.095,
                      "Actual Rows": 505662,
                      "Actual Loops": 5
                    },
                    {
                      "Node Type": "Hash",
                      "Parent Relationship": "Inner",
                      "Parallel Aware": true,
                      "Startup Cost": 31414.82,
                      "Total Cost": 31414.82,
                      "Plan Rows": 153199,
                      "Plan Width": 4,
                      "Actual Startup Time": 79.62,
                      "Actual Total Time": 79.621,
                      "Actual Rows": 33653,
                      "Actual Loops": 5,
                      "Hash Buckets": 524288,
                      "Original Hash Buckets": 524288,
                      "Hash Batches": 1,
                      "Original Hash Batches": 1,
                      "Peak Memory Usage": 10752,
                      "Plans": [
                        {
                          "Node Type": "Seq Scan",
                          "Parent Relationship": "Outer",
                          "Parallel Aware": true,
                          "Relation Name": "movie_companies",
                          "Alias": "mc",
                          "Startup Cost": 0.0,
                          "Total Cost": 31414.82,
                          "Plan Rows": 153199,
                          "Plan Width": 4,
                          "Actual Startup Time": 20.716,
                          "Actual Total Time": 68.247,
                          "Actual Rows": 33653,
                          "Actual Loops": 5,
                          "Filter": "((company_id > 17473) AND (company_type_id < 2))",
                          "Rows Removed by Filter": 488173
                        }
                      ]
                    }
                  ]
                }
              ]
            }
          ]
        }
      ]
    },
    "Planning Time": 0.667,
    "Triggers": [],
    "Execution Time": 253.538
  }
]