{
  "Plan": {
    "Node Type": "Aggregate",
    "Strategy": "Plain",
    "Partial Mode": "Finalize",
    "Parallel Aware": false,
    "Startup Cost": 4586913.8,
    "Total Cost": 4586913.81,
    "Plan Rows": 1,
    "Plan Width": 8,
    "Actual Startup Time": 32705.928,
    "Actual Total Time": 32831.968,
    "Actual Rows": 1,
    "Actual Loops": 1,
    "Plans": [
      {
        "Node Type": "Gather",
        "Parent Relationship": "Outer",
        "Parallel Aware": false,
        "Startup Cost": 4586913.68,
        "Total Cost": 4586913.79,
        "Plan Rows": 1,
        "Plan Width": 8,
        "Actual Startup Time": 32705.921,
        "Actual Total Time": 32831.962,
        "Actual Rows": 2,
        "Actual Loops": 1,
        "Workers Planned": 1,
        "Workers Launched": 1,
        "Single Copy": false,
        "Plans": [
          {
            "Node Type": "Aggregate",
            "Strategy": "Plain",
            "Partial Mode": "Partial",
            "Parent Relationship": "Outer",
            "Parallel Aware": false,
            "Startup Cost": 4585913.68,
            "Total Cost": 4585913.69,
            "Plan Rows": 1,
            "Plan Width": 8,
            "Actual Startup Time": 32699.828,
            "Actual Total Time": 32699.83,
            "Actual Rows": 1,
            "Actual Loops": 2,
            "Plans": [
              {
                "Node Type": "Merge Join",
                "Parent Relationship": "Outer",
                "Parallel Aware": false,
                "Join Type": "Inner",
                "Startup Cost": 90.61,
                "Total Cost": 4412623.97,
                "Plan Rows": 69315886,
                "Plan Width": 0,
                "Actual Startup Time": 3.011,
                "Actual Total Time": 30501.949,
                "Actual Rows": 53926680,
                "Actual Loops": 2,
                "Inner Unique": false,
                "Merge Cond": "(t.id = mi.movie_id)",
                "Plans": [
                  {
                    "Node Type": "Merge Join",
                    "Parent Relationship": "Outer",
                    "Parallel Aware": false,
                    "Join Type": "Inner",
                    "Startup Cost": 43.89,
                    "Total Cost": 2265882.41,
                    "Plan Rows": 11854359,
                    "Plan Width": 8,
                    "Actual Startup Time": 1.842,
                    "Actual Total Time": 16237.808,
                    "Actual Rows": 9887144,
                    "Actual Loops": 2,
                    "Inner Unique": true,
                    "Merge Cond": "(ci.movie_id = t.id)",
                    "Plans": [
                      {
                        "Node Type": "Index Scan",
                        "Parent Relationship": "Outer",
                        "Parallel Aware": true,
                        "Scan Direction": "Forward",
                        "Index Name": "movie_id_cast_info",
                        "Relation Name": "cast_info",
                        "Alias": "ci",
                        "Startup Cost": 0.56,
                        "Total Cost": 1978621.64,
                        "Plan Rows": 16528025,
                        "Plan Width": 4,
                        "Actual Startup Time": 0.082,
                        "Actual Total Time": 13234.718,
                        "Actual Rows": 13982140,
                        "Actual Loops": 2,
                        "Filter": "(person_id > 810483)",
                        "Rows Removed by Filter": 4140032
                      },
                      {
                        "Node Type": "Index Scan",
                        "Parent Relationship": "Inner",
                        "Parallel Aware": false,
                        "Scan Direction": "Forward",
                        "Index Name": "title_pkey",
                        "Relation Name": "title",
                        "Alias": "t",
                        "Startup Cost": 0.43,
                        "Total Cost": 122981.43,
                        "Plan Rows": 1813362,
                        "Plan Width": 4,
                        "Actual Startup Time": 0.09,
                        "Actual Total Time": 1511.654,
                        "Actual Rows": 1799686,
                        "Actual Loops": 2,
                        "Filter": "((kind_id > 1) AND (production_year > 0))",
                        "Rows Removed by Filter": 726393
                      }
                    ]
                  },
                  {
                    "Node Type": "Materialize",
                    "Parent Relationship": "Inner",
                    "Parallel Aware": false,
                    "Startup Cost": 0.43,
                    "Total Cost": 1116056.49,
                    "Plan Rows": 14783665,
                    "Plan Width": 4,
                    "Actual Startup Time": 0.157,
                    "Actual Total Time": 7942.617,
                    "Actual Rows": 65707881,
                    "Actual Loops": 2,
                    "Plans": [
                      {
                        "Node Type": "Index Only Scan",
                        "Parent Relationship": "Outer",
                        "Parallel Aware": false,
                        "Scan Direction": "Forward",
                        "Index Name": "movie_id_movie_info",
                        "Relation Name": "movie_info",
                        "Alias": "mi",
                        "Startup Cost": 0.43,
                        "Total Cost": 1079097.33,
                        "Plan Rows": 14783665,
                        "Plan Width": 4,
                        "Actual Startup Time": 0.146,
                        "Actual Total Time": 4312.336,
                        "Actual Rows": 14834907,
                        "Actual Loops": 2,
                        "Heap Fetches": 29669814
                      }
                    ]
                  }
                ]
              }
            ]
          }
        ]
      }
    ]
  },
  "Planning Time": 1.049,
  "Triggers": [],
  "Execution Time": 32832.087
}