[
  {
    "Plan": {
      "Node Type": "Aggregate",
      "Strategy": "Plain",
      "Partial Mode": "Finalize",
      "Parallel Aware": false,
      "Startup Cost": 126890.99,
      "Total Cost": 126891.0,
      "Plan Rows": 1,
      "Plan Width": 8,
      "Actual Startup Time": 333.354,
      "Actual Total Time": 364.616,
      "Actual Rows": 1,
      "Actual Loops": 1,
      "Plans": [
        {
          "Node Type": "Gather",
          "Parent Relationship": "Outer",
          "Parallel Aware": false,
          "Startup Cost": 126890.67,
          "Total Cost": 126890.98,
          "Plan Rows": 3,
          "Plan Width": 8,
          "Actual Startup Time": 331.195,
          "Actual Total Time": 364.604,
          "Actual Rows": 4,
          "Actual Loops": 1,
          "Workers Planned": 3,
          "Workers Launched": 3,
          "Single Copy": false,
          "Plans": [
            {
              "Node Type": "Aggregate",
              "Strategy": "Plain",
              "Partial Mode": "Partial",
              "Parent Relationship": "Outer",
              "Parallel Aware": false,
              "Startup Cost": 125890.67,
              "Total Cost": 125890.68,
              "Plan Rows": 1,
              "Plan Width": 8,
              "Actual Startup Time": 325.308,
              "Actual Total Time": 325.312,
              "Actual Rows": 1,
              "Actual Loops": 4,
              "Plans": [
                {
                  "Node Type": "Nested Loop",
                  "Parent Relationship": "Outer",
                  "Parallel Aware": false,
                  "Join Type": "Inner",
                  "Startup Cost": 57128.44,
                  "Total Cost": 125806.17,
                  "Plan Rows": 33800,
                  "Plan Width": 0,
                  "Actual Startup Time": 185.538,
                  "Actual Total Time": 323.391,
                  "Actual Rows": 26954,
                  "Actual Loops": 4,
                  "Inner Unique": false,
                  "Plans": [
                    {
                      "Node Type": "Hash Join",
                      "Parent Relationship": "Outer",
                      "Parallel Aware": true,
                      "Join Type": "Inner",
                      "Startup Cost": 57128.01,
                      "Total Cost": 78400.5,
                      "Plan Rows": 14737,
                      "Plan Width": 8,
                      "Actual Startup Time": 185.448,
                      "Actual Total Time": 212.478,
                      "Actual Rows": 10106,
                      "Actual Loops": 4,
                      "Inner Unique": true,
                      "Hash Cond": "(mc.movie_id = t.id)",
                      "Plans": [
                        {
                          "Node Type": "Bitmap Heap Scan",
                          "Parent Relationship": "Outer",
                          "Parallel Aware": true,
                          "Relation Name": "movie_companies",
                          "Alias": "mc",
                          "Startup Cost": 10148.58,
                          "Total Cost": 31217.28,
                          "Plan Rows": 77638,
                          "Plan Width": 4,
                          "Actual Startup Time": 51.603,
                          "Actual Total Time": 64.782,
                          "Actual Rows": 29322,
                          "Actual Loops": 4,
                          "Recheck Cond": "(company_id < 398)",
                          "Rows Removed by Index Recheck": 0,
                          "Filter": "(company_type_id = 2)",
                          "Rows Removed by Filter": 86537,
                          "Exact Heap Blocks": 7756,
                          "Lossy Heap Blocks": 0,
                          "Plans": [
                            {
                              "Node Type": "Bitmap Index Scan",
                              "Parent Relationship": "Outer",
                              "Parallel Aware": false,
                              "Index Name": "company_id_movie_companies",
                              "Startup Cost": 0.0,
                              "Total Cost": 10088.41,
                              "Plan Rows": 470931,
                              "Plan Width": 0,
                              "Actual Startup Time": 21.042,
                              "Actual Total Time": 21.044,
                              "Actual Rows": 463436,
                              "Actual Loops": 1,
                              "Index Cond": "(company_id < 398)"
                            }
                          ]
                        },
                        {
                          "Node Type": "Hash",
                          "Parent Relationship": "Inner",
                          "Parallel Aware": true,
                          "Startup Cost": 45479.59,
                          "Total Cost": 45479.59,
                          "Plan Rows": 119987,
                          "Plan Width": 4,
                          "Actual Startup Time": 131.97,
                          "Actual Total Time": 131.971,
                          "Actual Rows": 88052,
                          "Actual Loops": 4,
                          "Hash Buckets": 524288,
                          "Original Hash Buckets": 524288,
                          "Hash Batches": 1,
                          "Original Hash Batches": 1,
                          "Peak Memory Usage": 17952,
                          "Plans": [
                            {
                              "Node Type": "Seq Scan",
                              "Parent Relationship": "Outer",
                              "Parallel Aware": true,
                              "Relation Name": "title",
                              "Alias": "t",
                              "Startup Cost": 0.0,
                              "Total Cost": 45479.59,
                              "Plan Rows": 119987,
                              "Plan Width": 4,
                              "Actual Startup Time": 0.031,
                              "Actual Total Time": 100.805,
                              "Actual Rows": 88052,
                              "Actual Loops": 4,
                              "Filter": "((kind_id > 1) AND (production_year < 1989))",
                              "Rows Removed by Filter": 544026
                            }
                          ]
                        }
                      ]
                    },
                    {
                      "Node Type": "Index Scan",
                      "Parent Relationship": "Inner",
                      "Parallel Aware": false,
                      "Scan Direction": "Forward",
                      "Index Name": "movie_id_movie_info",
                      "Relation Name": "movie_info",
                      "Alias": "mi",
                      "Startup Cost": 0.43,
                      "Total Cost": 3.06,
                      "Plan Rows": 16,
                      "Plan Width": 4,
                      "Actual Startup Time": 0.006,
                      "Actual Total Time": 0.01,
                      "Actual Rows": 3,
                      "Actual Loops": 40426,
                      "Index Cond": "(movie_id = t.id)",
                      "Rows Removed by Index Recheck": 0,
                      "Filter": "(info_type_id > 13)",
                      "Rows Removed by Filter": 6
                    }
                  ]
                }
              ]
            }
          ]
        }
      ]
    },
    "Planning Time": 0.545,
    "Triggers": [],
    "Execution Time": 364.685
  }
]