[
  {
    "Plan": {
      "Node Type": "Aggregate",
      "Strategy": "Plain",
      "Partial Mode": "Finalize",
      "Parallel Aware": false,
      "Startup Cost": 117036.53,
      "Total Cost": 117036.54,
      "Plan Rows": 1,
      "Plan Width": 8,
      "Actual Startup Time": 697.736,
      "Actual Total Time": 719.059,
      "Actual Rows": 1,
      "Actual Loops": 1,
      "Plans": [
        {
          "Node Type": "Gather",
          "Parent Relationship": "Outer",
          "Parallel Aware": false,
          "Startup Cost": 117036.22,
          "Total Cost": 117036.53,
          "Plan Rows": 3,
          "Plan Width": 8,
          "Actual Startup Time": 682.014,
          "Actual Total Time": 719.049,
          "Actual Rows": 4,
          "Actual Loops": 1,
          "Workers Planned": 3,
          "Workers Launched": 3,
          "Single Copy": false,
          "Plans": [
            {
              "Node Type": "Aggregate",
              "Strategy": "Plain",
              "Partial Mode": "Partial",
              "Parent Relationship": "Outer",
              "Parallel Aware": false,
              "Startup Cost": 116036.22,
              "Total Cost": 116036.23,
              "Plan Rows": 1,
              "Plan Width": 8,
              "Actual Startup Time": 674.151,
              "Actual Total Time": 674.159,
              "Actual Rows": 1,
              "Actual Loops": 4,
              "Plans": [
                {
                  "Node Type": "Hash Join",
                  "Parent Relationship": "Outer",
                  "Parallel Aware": true,
                  "Join Type": "Inner",
                  "Startup Cost": 83812.01,
                  "Total Cost": 115839.29,
                  "Plan Rows": 78769,
                  "Plan Width": 0,
                  "Actual Startup Time": 498.439,
                  "Actual Total Time": 651.329,
                  "Actual Rows": 567045,
                  "Actual Loops": 4,
                  "Inner Unique": false,
                  "Hash Cond": "(mc.movie_id = t.id)",
                  "Plans": [
                    {
                      "Node Type": "Seq Scan",
                      "Parent Relationship": "Outer",
                      "Parallel Aware": true,
                      "Relation Name": "movie_companies",
                      "Alias": "mc",
                      "Startup Cost": 0.0,
                      "Total Cost": 29310.68,
                      "Plan Rows": 656670,
                      "Plan Width": 4,
                      "Actual Startup Time": 0.016,
                      "Actual Total Time": 69.314,
                      "Actual Rows": 510164,
                      "Actual Loops": 4,
                      "Filter": "(company_id < 71419)",
                      "Rows Removed by Filter": 142118
                    },
                    {
                      "Node Type": "Hash",
                      "Parent Relationship": "Inner",
                      "Parallel Aware": true,
                      "Startup Cost": 82589.07,
                      "Total Cost": 82589.07,
                      "Plan Rows": 97835,
                      "Plan Width": 8,
                      "Actual Startup Time": 480.239,
                      "Actual Total Time": 480.244,
                      "Actual Rows": 76598,
                      "Actual Loops": 4,
                      "Hash Buckets": 524288,
                      "Original Hash Buckets": 524288,
                      "Hash Batches": 1,
                      "Original Hash Batches": 1,
                      "Peak Memory Usage": 16160,
                      "Plans": [
                        {
                          "Node Type": "Hash Join",
                          "Parent Relationship": "Outer",
                          "Parallel Aware": true,
                          "Join Type": "Inner",
                          "Startup Cost": 56655.31,
                          "Total Cost": 82589.07,
                          "Plan Rows": 97835,
                          "Plan Width": 8,
                          "Actual Startup Time": 382.749,
                          "Actual Total Time": 453.478,
                          "Actual Rows": 76598,
                          "Actual Loops": 4,
                          "Inner Unique": true,
                          "Hash Cond": "(mk.movie_id = t.id)",
                          "Plans": [
                            {
                              "Node Type": "Bitmap Heap Scan",
                              "Parent Relationship": "Outer",
                              "Parallel Aware": true,
                              "Relation Name": "movie_keyword",
                              "Alias": "mk",
                              "Startup Cost": 6434.93,
                              "Total Cost": 32111.87,
                              "Plan Rows": 97835,
                              "Plan Width": 4,
                              "Actual Startup Time": 19.062,
                              "Actual Total Time": 61.352,
                              "Actual Rows": 76598,
                              "Actual Loops": 4,
                              "Recheck Cond": "(keyword_id > 53038)",
                              "Rows Removed by Index Recheck": 0,
                              "Exact Heap Blocks": 6964,
                              "Lossy Heap Blocks": 0,
                              "Plans": [
                                {
                                  "Node Type": "Bitmap Index Scan",
                                  "Parent Relationship": "Outer",
                                  "Parallel Aware": false,
                                  "Index Name": "keyword_id_movie_keyword",
                                  "Startup Cost": 0.0,
                                  "Total Cost": 6359.11,
                                  "Plan Rows": 303290,
                                  "Plan Width": 0,
                                  "Actual Startup Time": 15.88,
                                  "Actual Total Time": 15.88,
                                  "Actual Rows": 306390,
                                  "Actual Loops": 1,
                                  "Index Cond": "(keyword_id > 53038)"
                                }
                              ]
                            },
                            {
                              "Node Type": "Hash",
                              "Parent Relationship": "Inner",
                              "Parallel Aware": true,
                              "Startup Cost": 42319.06,
                              "Total Cost": 42319.06,
                              "Plan Rows": 632106,
                              "Plan Width": 4,
                              "Actual Startup Time": 354.468,
                              "Actual Total Time": 354.469,
                              "Actual Rows": 632078,
                              "Actual Loops": 4,
                              "Hash Buckets": 4194304,
                              "Original Hash Buckets": 4194304,
                              "Hash Batches": 1,
                              "Original Hash Batches": 1,
                              "Peak Memory Usage": 131744,
                              "Plans": [
                                {
                                  "Node Type": "Seq Scan",
                                  "Parent Relationship": "Outer",
                                  "Parallel Aware": true,
                                  "Relation Name": "title",
                                  "Alias": "t",
                                  "Startup Cost": 0.0,
                                  "Total Cost": 42319.06,
                                  "Plan Rows": 632106,
                                  "Plan Width": 4,
                                  "Actual Startup Time": 0.053,
                                  "Actual Total Time": 97.084,
                                  "Actual Rows": 632078,
                                  "Actual Loops": 4
                                }
                              ]
                            }
                          ]
                        }
                      ]
                    }
                  ]
                }
              ]
            }
          ]
        }
      ]
    },
    "Planning Time": 1.412,
    "Triggers": [],
    "Execution Time": 719.21
  }
]