{
  "Plan": {
    "Node Type": "Aggregate",
    "Strategy": "Plain",
    "Partial Mode": "Finalize",
    "Parallel Aware": false,
    "Startup Cost": 90384.17,
    "Total Cost": 90384.18,
    "Plan Rows": 1,
    "Plan Width": 8,
    "Actual Startup Time": 142.551,
    "Actual Total Time": 156.939,
    "Actual Rows": 1,
    "Actual Loops": 1,
    "Plans": [
      {
        "Node Type": "Gather",
        "Parent Relationship": "Outer",
        "Parallel Aware": false,
        "Startup Cost": 90384.06,
        "Total Cost": 90384.17,
        "Plan Rows": 1,
        "Plan Width": 8,
        "Actual Startup Time": 142.45,
        "Actual Total Time": 156.932,
        "Actual Rows": 2,
        "Actual Loops": 1,
        "Workers Planned": 1,
        "Workers Launched": 1,
        "Single Copy": false,
        "Plans": [
          {
            "Node Type": "Aggregate",
            "Strategy": "Plain",
            "Partial Mode": "Partial",
            "Parent Relationship": "Outer",
            "Parallel Aware": false,
            "Startup Cost": 89384.06,
            "Total Cost": 89384.07,
            "Plan Rows": 1,
            "Plan Width": 8,
            "Actual Startup Time": 140.063,
            "Actual Total Time": 140.065,
            "Actual Rows": 1,
            "Actual Loops": 2,
            "Plans": [
              {
                "Node Type": "Nested Loop",
                "Parent Relationship": "Outer",
                "Parallel Aware": false,
                "Join Type": "Inner",
                "Startup Cost": 0.43,
                "Total Cost": 89378.89,
                "Plan Rows": 2066,
                "Plan Width": 0,
                "Actual Startup Time": 0.289,
                "Actual Total Time": 139.793,
                "Actual Rows": 3582,
                "Actual Loops": 2,
                "Inner Unique": false,
                "Plans": [
                  {
                    "Node Type": "Seq Scan",
                    "Parent Relationship": "Outer",
                    "Parallel Aware": true,
                    "Relation Name": "title",
                    "Alias": "t",
                    "Startup Cost": 0.0,
                    "Total Cost": 58306.47,
                    "Plan Rows": 2002,
                    "Plan Width": 4,
                    "Actual Startup Time": 0.229,
                    "Actual Total Time": 125.501,
                    "Actual Rows": 1714,
                    "Actual Loops": 2,
                    "Filter": "((kind_id < 7) AND (production_year = 1956))",
                    "Rows Removed by Filter": 1262442
                  },
                  {
                    "Node Type": "Index Only Scan",
                    "Parent Relationship": "Inner",
                    "Parallel Aware": false,
                    "Scan Direction": "Forward",
                    "Index Name": "movie_id_movie_companies",
                    "Relation Name": "movie_companies",
                    "Alias": "mc",
                    "Startup Cost": 0.43,
                    "Total Cost": 15.47,
                    "Plan Rows": 5,
                    "Plan Width": 4,
                    "Actual Startup Time": 0.006,
                    "Actual Total Time": 0.008,
                    "Actual Rows": 2,
                    "Actual Loops": 3427,
                    "Index Cond": "(movie_id = t.id)",
                    "Rows Removed by Index Recheck": 0,
                    "Heap Fetches": 7164
                  }
                ]
              }
            ]
          }
        ]
      }
    ]
  },
  "Planning Time": 0.278,
  "Triggers": [],
  "Execution Time": 156.988
}