[
  {
    "Plan": {
      "Node Type": "Aggregate",
      "Strategy": "Plain",
      "Partial Mode": "Finalize",
      "Parallel Aware": false,
      "Startup Cost": 33173.34,
      "Total Cost": 33173.35,
      "Plan Rows": 1,
      "Plan Width": 8,
      "Actual Startup Time": 112.9,
      "Actual Total Time": 123.032,
      "Actual Rows": 1,
      "Actual Loops": 1,
      "Plans": [
        {
          "Node Type": "Gather",
          "Parent Relationship": "Outer",
          "Parallel Aware": false,
          "Startup Cost": 33173.02,
          "Total Cost": 33173.33,
          "Plan Rows": 3,
          "Plan Width": 8,
          "Actual Startup Time": 112.644,
          "Actual Total Time": 123.022,
          "Actual Rows": 4,
          "Actual Loops": 1,
          "Workers Planned": 3,
          "Workers Launched": 3,
          "Single Copy": false,
          "Plans": [
            {
              "Node Type": "Aggregate",
              "Strategy": "Plain",
              "Partial Mode": "Partial",
              "Parent Relationship": "Outer",
              "Parallel Aware": false,
              "Startup Cost": 32173.02,
              "Total Cost": 32173.03,
              "Plan Rows": 1,
              "Plan Width": 8,
              "Actual Startup Time": 105.279,
              "Actual Total Time": 105.28,
              "Actual Rows": 1,
              "Actual Loops": 4,
              "Plans": [
                {
                  "Node Type": "Seq Scan",
                  "Parent Relationship": "Outer",
                  "Parallel Aware": true,
                  "Relation Name": "movie_companies",
                  "Alias": "mc",
                  "Startup Cost": 0.0,
                  "Total Cost": 31414.82,
                  "Plan Rows": 303280,
                  "Plan Width": 0,
                  "Actual Startup Time": 53.062,
                  "Actual Total Time": 96.193,
                  "Actual Rows": 157350,
                  "Actual Loops": 4,
                  "Filter": "((company_id < 35157) AND (company_type_id > 1))",
                  "Rows Removed by Filter": 494932
                }
              ]
            }
          ]
        }
      ]
    },
    "Planning Time": 0.229,
    "Triggers": [],
    "Execution Time": 123.099
  }
]