[
  {
    "Plan": {
      "Node Type": "Aggregate",
      "Strategy": "Plain",
      "Partial Mode": "Finalize",
      "Parallel Aware": false,
      "Startup Cost": 33177.49,
      "Total Cost": 33177.5,
      "Plan Rows": 1,
      "Plan Width": 8,
      "Actual Startup Time": 96.93,
      "Actual Total Time": 104.975,
      "Actual Rows": 1,
      "Actual Loops": 1,
      "Plans": [
        {
          "Node Type": "Gather",
          "Parent Relationship": "Outer",
          "Parallel Aware": false,
          "Startup Cost": 33177.18,
          "Total Cost": 33177.49,
          "Plan Rows": 3,
          "Plan Width": 8,
          "Actual Startup Time": 96.813,
          "Actual Total Time": 104.966,
          "Actual Rows": 4,
          "Actual Loops": 1,
          "Workers Planned": 3,
          "Workers Launched": 3,
          "Single Copy": false,
          "Plans": [
            {
              "Node Type": "Aggregate",
              "Strategy": "Plain",
              "Partial Mode": "Partial",
              "Parent Relationship": "Outer",
              "Parallel Aware": false,
              "Startup Cost": 32177.18,
              "Total Cost": 32177.19,
              "Plan Rows": 1,
              "Plan Width": 8,
              "Actual Startup Time": 89.778,
              "Actual Total Time": 89.779,
              "Actual Rows": 1,
              "Actual Loops": 4,
              "Plans": [
                {
                  "Node Type": "Seq Scan",
                  "Parent Relationship": "Outer",
                  "Parallel Aware": true,
                  "Relation Name": "movie_companies",
                  "Alias": "mc",
                  "Startup Cost": 0.0,
                  "Total Cost": 31414.82,
                  "Plan Rows": 304943,
                  "Plan Width": 0,
                  "Actual Startup Time": 48.929,
                  "Actual Total Time": 83.017,
                  "Actual Rows": 157350,
                  "Actual Loops": 4,
                  "Filter": "((company_id < 35157) AND (company_type_id > 1))",
                  "Rows Removed by Filter": 494932
                }
              ]
            }
          ]
        }
      ]
    },
    "Planning Time": 0.205,
    "Triggers": [],
    "Execution Time": 105.039
  }
]