[
    {
        "Bao": {
            "Bao prediction": 499.583,
            "Bao recommended hint": "(no hint)"
        }
    },
    {
        "Plan": {
            "Node Type": "Aggregate",
            "Strategy": "Plain",
            "Partial Mode": "Finalize",
            "Parallel Aware": false,
            "Startup Cost": 351422.97,
            "Total Cost": 351422.98,
            "Plan Rows": 1,
            "Plan Width": 8,
            "Actual Startup Time": 955.059,
            "Actual Total Time": 986.86,
            "Actual Rows": 1,
            "Actual Loops": 1,
            "Output": [
                "count(*)"
            ],
            "Plans": [
                {
                    "Node Type": "Gather",
                    "Parent Relationship": "Outer",
                    "Parallel Aware": false,
                    "Startup Cost": 351422.35,
                    "Total Cost": 351422.96,
                    "Plan Rows": 6,
                    "Plan Width": 8,
                    "Actual Startup Time": 954.936,
                    "Actual Total Time": 986.852,
                    "Actual Rows": 7,
                    "Actual Loops": 1,
                    "Output": [
                        "(PARTIAL count(*))"
                    ],
                    "Workers Planned": 6,
                    "Workers Launched": 6,
                    "Single Copy": false,
                    "Plans": [
                        {
                            "Node Type": "Aggregate",
                            "Strategy": "Plain",
                            "Partial Mode": "Partial",
                            "Parent Relationship": "Outer",
                            "Parallel Aware": false,
                            "Startup Cost": 350422.35,
                            "Total Cost": 350422.36,
                            "Plan Rows": 1,
                            "Plan Width": 8,
                            "Actual Startup Time": 945.592,
                            "Actual Total Time": 945.593,
                            "Actual Rows": 1,
                            "Actual Loops": 7,
                            "Output": [
                                "PARTIAL count(*)"
                            ],
                            "Workers": [
                                {
                                    "Worker Number": 0,
                                    "Actual Startup Time": 943.488,
                                    "Actual Total Time": 943.489,
                                    "Actual Rows": 1,
                                    "Actual Loops": 1
                                },
                                {
                                    "Worker Number": 1,
                                    "Actual Startup Time": 943.872,
                                    "Actual Total Time": 943.873,
                                    "Actual Rows": 1,
                                    "Actual Loops": 1
                                },
                                {
                                    "Worker Number": 2,
                                    "Actual Startup Time": 944.225,
                                    "Actual Total Time": 944.226,
                                    "Actual Rows": 1,
                                    "Actual Loops": 1
                                },
                                {
                                    "Worker Number": 3,
                                    "Actual Startup Time": 944.351,
                                    "Actual Total Time": 944.352,
                                    "Actual Rows": 1,
                                    "Actual Loops": 1
                                },
                                {
                                    "Worker Number": 4,
                                    "Actual Startup Time": 944.488,
                                    "Actual Total Time": 944.489,
                                    "Actual Rows": 1,
                                    "Actual Loops": 1
                                },
                                {
                                    "Worker Number": 5,
                                    "Actual Startup Time": 944.591,
                                    "Actual Total Time": 944.592,
                                    "Actual Rows": 1,
                                    "Actual Loops": 1
                                }
                            ],
                            "Plans": [
                                {
                                    "Node Type": "Seq Scan",
                                    "Parent Relationship": "Outer",
                                    "Parallel Aware": true,
                                    "Relation Name": "cast_info",
                                    "Schema": "public",
                                    "Alias": "ci",
                                    "Startup Cost": 0.0,
                                    "Total Cost": 343318.94,
                                    "Plan Rows": 2841363,
                                    "Plan Width": 0,
                                    "Actual Startup Time": 218.254,
                                    "Actual Total Time": 811.154,
                                    "Actual Rows": 2206403,
                                    "Actual Loops": 7,
                                    "Output": [
                                        "id",
                                        "person_id",
                                        "movie_id",
                                        "person_role_id",
                                        "note",
                                        "nr_order",
                                        "role_id"
                                    ],
                                    "Filter": "((ci.person_id > 1466446) AND (ci.role_id < 8))",
                                    "Rows Removed by Filter": 2971360,
                                    "Workers": [
                                        {
                                            "Worker Number": 0,
                                            "Actual Startup Time": 216.162,
                                            "Actual Total Time": 810.967,
                                            "Actual Rows": 2003885,
                                            "Actual Loops": 1
                                        },
                                        {
                                            "Worker Number": 1,
                                            "Actual Startup Time": 216.523,
                                            "Actual Total Time": 814.06,
                                            "Actual Rows": 1965267,
                                            "Actual Loops": 1
                                        },
                                        {
                                            "Worker Number": 2,
                                            "Actual Startup Time": 216.899,
                                            "Actual Total Time": 811.904,
                                            "Actual Rows": 2002690,
                                            "Actual Loops": 1
                                        },
                                        {
                                            "Worker Number": 3,
                                            "Actual Startup Time": 217.011,
                                            "Actual Total Time": 811.833,
                                            "Actual Rows": 2002860,
                                            "Actual Loops": 1
                                        },
                                        {
                                            "Worker Number": 4,
                                            "Actual Startup Time": 217.149,
                                            "Actual Total Time": 812.0,
                                            "Actual Rows": 2004569,
                                            "Actual Loops": 1
                                        },
                                        {
                                            "Worker Number": 5,
                                            "Actual Startup Time": 217.249,
                                            "Actual Total Time": 814.374,
                                            "Actual Rows": 1970401,
                                            "Actual Loops": 1
                                        }
                                    ]
                                }
                            ]
                        }
                    ]
                }
            ]
        },
        "Planning Time": 923.62,
        "Triggers": [],
        "Execution Time": 986.954
    }
]