[
  {
    "Plan": {
      "Node Type": "Aggregate",
      "Strategy": "Plain",
      "Partial Mode": "Finalize",
      "Parallel Aware": false,
      "Startup Cost": 45981.83,
      "Total Cost": 45981.84,
      "Plan Rows": 1,
      "Plan Width": 8,
      "Actual Startup Time": 149.025,
      "Actual Total Time": 158.424,
      "Actual Rows": 1,
      "Actual Loops": 1,
      "Plans": [
        {
          "Node Type": "Gather",
          "Parent Relationship": "Outer",
          "Parallel Aware": false,
          "Startup Cost": 45981.51,
          "Total Cost": 45981.82,
          "Plan Rows": 3,
          "Plan Width": 8,
          "Actual Startup Time": 148.918,
          "Actual Total Time": 158.415,
          "Actual Rows": 4,
          "Actual Loops": 1,
          "Workers Planned": 3,
          "Workers Launched": 3,
          "Single Copy": false,
          "Plans": [
            {
              "Node Type": "Aggregate",
              "Strategy": "Plain",
              "Partial Mode": "Partial",
              "Parent Relationship": "Outer",
              "Parallel Aware": false,
              "Startup Cost": 44981.51,
              "Total Cost": 44981.52,
              "Plan Rows": 1,
              "Plan Width": 8,
              "Actual Startup Time": 144.008,
              "Actual Total Time": 144.009,
              "Actual Rows": 1,
              "Actual Loops": 4,
              "Plans": [
                {
                  "Node Type": "Seq Scan",
                  "Parent Relationship": "Outer",
                  "Parallel Aware": true,
                  "Relation Name": "movie_keyword",
                  "Alias": "mk",
                  "Startup Cost": 0.0,
                  "Total Cost": 42695.65,
                  "Plan Rows": 914343,
                  "Plan Width": 0,
                  "Actual Startup Time": 0.183,
                  "Actual Total Time": 113.218,
                  "Actual Rows": 708063,
                  "Actual Loops": 4,
                  "Filter": "(keyword_id > 2629)",
                  "Rows Removed by Filter": 422920
                }
              ]
            }
          ]
        }
      ]
    },
    "Planning Time": 0.116,
    "Triggers": [],
    "Execution Time": 158.457
  }
]