[
  {
    "Plan": {
      "Node Type": "Aggregate",
      "Strategy": "Plain",
      "Partial Mode": "Finalize",
      "Parallel Aware": false,
      "Startup Cost": 79584.88,
      "Total Cost": 79584.89,
      "Plan Rows": 1,
      "Plan Width": 8,
      "Actual Startup Time": 337.045,
      "Actual Total Time": 352.55,
      "Actual Rows": 1,
      "Actual Loops": 1,
      "Plans": [
        {
          "Node Type": "Gather",
          "Parent Relationship": "Outer",
          "Parallel Aware": false,
          "Startup Cost": 79584.46,
          "Total Cost": 79584.87,
          "Plan Rows": 4,
          "Plan Width": 8,
          "Actual Startup Time": 332.538,
          "Actual Total Time": 352.542,
          "Actual Rows": 5,
          "Actual Loops": 1,
          "Workers Planned": 4,
          "Workers Launched": 4,
          "Single Copy": false,
          "Plans": [
            {
              "Node Type": "Aggregate",
              "Strategy": "Plain",
              "Partial Mode": "Partial",
              "Parent Relationship": "Outer",
              "Parallel Aware": false,
              "Startup Cost": 78584.46,
              "Total Cost": 78584.47,
              "Plan Rows": 1,
              "Plan Width": 8,
              "Actual Startup Time": 322.686,
              "Actual Total Time": 322.69,
              "Actual Rows": 1,
              "Actual Loops": 5,
              "Plans": [
                {
                  "Node Type": "Hash Join",
                  "Parent Relationship": "Outer",
                  "Parallel Aware": true,
                  "Join Type": "Inner",
                  "Startup Cost": 32111.18,
                  "Total Cost": 78150.38,
                  "Plan Rows": 173631,
                  "Plan Width": 0,
                  "Actual Startup Time": 120.115,
                  "Actual Total Time": 316.598,
                  "Actual Rows": 142080,
                  "Actual Loops": 5,
                  "Inner Unique": false,
                  "Hash Cond": "(t.id = mc.movie_id)",
                  "Plans": [
                    {
                      "Node Type": "Seq Scan",
                      "Parent Relationship": "Outer",
                      "Parallel Aware": true,
                      "Relation Name": "title",
                      "Alias": "t",
                      "Startup Cost": 0.0,
                      "Total Cost": 42318.73,
                      "Plan Rows": 632073,
                      "Plan Width": 4,
                      "Actual Startup Time": 0.01,
                      "Actual Total Time": 61.681,
                      "Actual Rows": 505662,
                      "Actual Loops": 5
                    },
                    {
                      "Node Type": "Hash",
                      "Parent Relationship": "Inner",
                      "Parallel Aware": true,
                      "Startup Cost": 29310.68,
                      "Total Cost": 29310.68,
                      "Plan Rows": 224040,
                      "Plan Width": 4,
                      "Actual Startup Time": 116.212,
                      "Actual Total Time": 116.213,
                      "Actual Rows": 142080,
                      "Actual Loops": 5,
                      "Hash Buckets": 1048576,
                      "Original Hash Buckets": 1048576,
                      "Hash Batches": 1,
                      "Original Hash Batches": 1,
                      "Peak Memory Usage": 36064,
                      "Plans": [
                        {
                          "Node Type": "Seq Scan",
                          "Parent Relationship": "Outer",
                          "Parallel Aware": true,
                          "Relation Name": "movie_companies",
                          "Alias": "mc",
                          "Startup Cost": 0.0,
                          "Total Cost": 29310.68,
                          "Plan Rows": 224040,
                          "Plan Width": 4,
                          "Actual Startup Time": 28.327,
                          "Actual Total Time": 69.587,
                          "Actual Rows": 142080,
                          "Actual Loops": 5,
                          "Filter": "(company_id > 43863)",
                          "Rows Removed by Filter": 379745
                        }
                      ]
                    }
                  ]
                }
              ]
            }
          ]
        }
      ]
    },
    "Planning Time": 0.517,
    "Triggers": [],
    "Execution Time": 352.62
  }
]