[
  {
    "Plan": {
      "Node Type": "Aggregate",
      "Strategy": "Plain",
      "Partial Mode": "Finalize",
      "Parallel Aware": false,
      "Startup Cost": 45094.49,
      "Total Cost": 45094.5,
      "Plan Rows": 1,
      "Plan Width": 8,
      "Actual Startup Time": 59.967,
      "Actual Total Time": 68.283,
      "Actual Rows": 1,
      "Actual Loops": 1,
      "Plans": [
        {
          "Node Type": "Gather",
          "Parent Relationship": "Outer",
          "Parallel Aware": false,
          "Startup Cost": 45094.17,
          "Total Cost": 45094.48,
          "Plan Rows": 3,
          "Plan Width": 8,
          "Actual Startup Time": 59.761,
          "Actual Total Time": 68.275,
          "Actual Rows": 4,
          "Actual Loops": 1,
          "Workers Planned": 3,
          "Workers Launched": 3,
          "Single Copy": false,
          "Plans": [
            {
              "Node Type": "Aggregate",
              "Strategy": "Plain",
              "Partial Mode": "Partial",
              "Parent Relationship": "Outer",
              "Parallel Aware": false,
              "Startup Cost": 44094.17,
              "Total Cost": 44094.18,
              "Plan Rows": 1,
              "Plan Width": 8,
              "Actual Startup Time": 50.446,
              "Actual Total Time": 50.447,
              "Actual Rows": 1,
              "Actual Loops": 4,
              "Plans": [
                {
                  "Node Type": "Nested Loop",
                  "Parent Relationship": "Outer",
                  "Parallel Aware": false,
                  "Join Type": "Inner",
                  "Startup Cost": 250.85,
                  "Total Cost": 44087.99,
                  "Plan Rows": 2474,
                  "Plan Width": 0,
                  "Actual Startup Time": 5.772,
                  "Actual Total Time": 50.124,
                  "Actual Rows": 1968,
                  "Actual Loops": 4,
                  "Inner Unique": true,
                  "Plans": [
                    {
                      "Node Type": "Bitmap Heap Scan",
                      "Parent Relationship": "Outer",
                      "Parallel Aware": true,
                      "Relation Name": "movie_keyword",
                      "Alias": "mk",
                      "Startup Cost": 250.42,
                      "Total Cost": 20393.97,
                      "Plan Rows": 3745,
                      "Plan Width": 4,
                      "Actual Startup Time": 5.584,
                      "Actual Total Time": 20.032,
                      "Actual Rows": 2577,
                      "Actual Loops": 4,
                      "Recheck Cond": "(keyword_id = 870)",
                      "Rows Removed by Index Recheck": 0,
                      "Exact Heap Blocks": 5435,
                      "Lossy Heap Blocks": 0,
                      "Plans": [
                        {
                          "Node Type": "Bitmap Index Scan",
                          "Parent Relationship": "Outer",
                          "Parallel Aware": false,
                          "Index Name": "keyword_id_movie_keyword",
                          "Startup Cost": 0.0,
                          "Total Cost": 247.51,
                          "Plan Rows": 11611,
                          "Plan Width": 0,
                          "Actual Startup Time": 9.823,
                          "Actual Total Time": 9.823,
                          "Actual Rows": 10307,
                          "Actual Loops": 1,
                          "Index Cond": "(keyword_id = 870)"
                        }
                      ]
                    },
                    {
                      "Node Type": "Index Scan",
                      "Parent Relationship": "Inner",
                      "Parallel Aware": false,
                      "Scan Direction": "Forward",
                      "Index Name": "title_pkey",
                      "Relation Name": "title",
                      "Alias": "t",
                      "Startup Cost": 0.43,
                      "Total Cost": 6.33,
                      "Plan Rows": 1,
                      "Plan Width": 4,
                      "Actual Startup Time": 0.011,
                      "Actual Total Time": 0.011,
                      "Actual Rows": 1,
                      "Actual Loops": 10307,
                      "Index Cond": "(id = mk.movie_id)",
                      "Rows Removed by Index Recheck": 0,
                      "Filter": "(production_year < 2008)",
                      "Rows Removed by Filter": 0
                    }
                  ]
                }
              ]
            }
          ]
        }
      ]
    },
    "Planning Time": 0.607,
    "Triggers": [],
    "Execution Time": 68.383
  }
]