[
  {
    "Plan": {
      "Node Type": "Aggregate",
      "Strategy": "Plain",
      "Partial Mode": "Finalize",
      "Parallel Aware": false,
      "Startup Cost": 348507.88,
      "Total Cost": 348507.89,
      "Plan Rows": 1,
      "Plan Width": 8,
      "Actual Startup Time": 944.246,
      "Actual Total Time": 992.287,
      "Actual Rows": 1,
      "Actual Loops": 1,
      "Plans": [
        {
          "Node Type": "Gather",
          "Parent Relationship": "Outer",
          "Parallel Aware": false,
          "Startup Cost": 348507.25,
          "Total Cost": 348507.86,
          "Plan Rows": 6,
          "Plan Width": 8,
          "Actual Startup Time": 943.914,
          "Actual Total Time": 992.271,
          "Actual Rows": 7,
          "Actual Loops": 1,
          "Workers Planned": 6,
          "Workers Launched": 6,
          "Single Copy": false,
          "Plans": [
            {
              "Node Type": "Aggregate",
              "Strategy": "Plain",
              "Partial Mode": "Partial",
              "Parent Relationship": "Outer",
              "Parallel Aware": false,
              "Startup Cost": 347507.25,
              "Total Cost": 347507.26,
              "Plan Rows": 1,
              "Plan Width": 8,
              "Actual Startup Time": 935.201,
              "Actual Total Time": 935.203,
              "Actual Rows": 1,
              "Actual Loops": 7,
              "Plans": [
                {
                  "Node Type": "Seq Scan",
                  "Parent Relationship": "Outer",
                  "Parallel Aware": true,
                  "Relation Name": "cast_info",
                  "Alias": "ci",
                  "Startup Cost": 0.0,
                  "Total Cost": 343316.27,
                  "Plan Rows": 1676393,
                  "Plan Width": 0,
                  "Actual Startup Time": 333.466,
                  "Actual Total Time": 808.919,
                  "Actual Rows": 2170103,
                  "Actual Loops": 7,
                  "Filter": "((person_id > 2124892) AND (role_id > 1))",
                  "Rows Removed by Filter": 3007660
                }
              ]
            }
          ]
        }
      ]
    },
    "Planning Time": 0.107,
    "Triggers": [],
    "Execution Time": 992.331
  }
]