[
  {
    "Plan": {
      "Node Type": "Aggregate",
      "Strategy": "Plain",
      "Partial Mode": "Finalize",
      "Parallel Aware": false,
      "Startup Cost": 336815.02,
      "Total Cost": 336815.03,
      "Plan Rows": 1,
      "Plan Width": 8,
      "Actual Startup Time": 751.661,
      "Actual Total Time": 796.072,
      "Actual Rows": 1,
      "Actual Loops": 1,
      "Plans": [
        {
          "Node Type": "Gather",
          "Parent Relationship": "Outer",
          "Parallel Aware": false,
          "Startup Cost": 336814.39,
          "Total Cost": 336815.0,
          "Plan Rows": 6,
          "Plan Width": 8,
          "Actual Startup Time": 751.416,
          "Actual Total Time": 796.058,
          "Actual Rows": 7,
          "Actual Loops": 1,
          "Workers Planned": 6,
          "Workers Launched": 6,
          "Single Copy": false,
          "Plans": [
            {
              "Node Type": "Aggregate",
              "Strategy": "Plain",
              "Partial Mode": "Partial",
              "Parent Relationship": "Outer",
              "Parallel Aware": false,
              "Startup Cost": 335814.39,
              "Total Cost": 335814.4,
              "Plan Rows": 1,
              "Plan Width": 8,
              "Actual Startup Time": 745.8,
              "Actual Total Time": 745.802,
              "Actual Rows": 1,
              "Actual Loops": 7,
              "Plans": [
                {
                  "Node Type": "Seq Scan",
                  "Parent Relationship": "Outer",
                  "Parallel Aware": true,
                  "Relation Name": "cast_info",
                  "Alias": "ci",
                  "Startup Cost": 0.0,
                  "Total Cost": 328211.39,
                  "Plan Rows": 3041200,
                  "Plan Width": 0,
                  "Actual Startup Time": 201.177,
                  "Actual Total Time": 612.456,
                  "Actual Rows": 2581084,
                  "Actual Loops": 7,
                  "Filter": "(person_id > 1804641)",
                  "Rows Removed by Filter": 2596679
                }
              ]
            }
          ]
        }
      ]
    },
    "Planning Time": 0.116,
    "Triggers": [],
    "Execution Time": 796.121
  }
]