[
  {
    "Plan": {
      "Node Type": "Aggregate",
      "Strategy": "Plain",
      "Partial Mode": "Finalize",
      "Parallel Aware": false,
      "Startup Cost": 336686.62,
      "Total Cost": 336686.64,
      "Plan Rows": 1,
      "Plan Width": 8,
      "Actual Startup Time": 699.709,
      "Actual Total Time": 760.935,
      "Actual Rows": 1,
      "Actual Loops": 1,
      "Plans": [
        {
          "Node Type": "Gather",
          "Parent Relationship": "Outer",
          "Parallel Aware": false,
          "Startup Cost": 336686.0,
          "Total Cost": 336686.61,
          "Plan Rows": 6,
          "Plan Width": 8,
          "Actual Startup Time": 699.56,
          "Actual Total Time": 760.924,
          "Actual Rows": 7,
          "Actual Loops": 1,
          "Workers Planned": 6,
          "Workers Launched": 6,
          "Single Copy": false,
          "Plans": [
            {
              "Node Type": "Aggregate",
              "Strategy": "Plain",
              "Partial Mode": "Partial",
              "Parent Relationship": "Outer",
              "Parallel Aware": false,
              "Startup Cost": 335686.0,
              "Total Cost": 335686.01,
              "Plan Rows": 1,
              "Plan Width": 8,
              "Actual Startup Time": 689.243,
              "Actual Total Time": 689.245,
              "Actual Rows": 1,
              "Actual Loops": 7,
              "Plans": [
                {
                  "Node Type": "Seq Scan",
                  "Parent Relationship": "Outer",
                  "Parallel Aware": true,
                  "Relation Name": "cast_info",
                  "Alias": "ci",
                  "Startup Cost": 0.0,
                  "Total Cost": 328162.03,
                  "Plan Rows": 3009590,
                  "Plan Width": 0,
                  "Actual Startup Time": 195.428,
                  "Actual Total Time": 583.552,
                  "Actual Rows": 2581084,
                  "Actual Loops": 7,
                  "Filter": "(person_id > 1804641)",
                  "Rows Removed by Filter": 2596679
                }
              ]
            }
          ]
        }
      ]
    },
    "Planning Time": 0.187,
    "Triggers": [],
    "Execution Time": 761.004
  }
]