[
  {
    "Plan": {
      "Node Type": "Aggregate",
      "Strategy": "Plain",
      "Partial Mode": "Finalize",
      "Parallel Aware": false,
      "Startup Cost": 31243.59,
      "Total Cost": 31243.6,
      "Plan Rows": 1,
      "Plan Width": 8,
      "Actual Startup Time": 103.155,
      "Actual Total Time": 112.883,
      "Actual Rows": 1,
      "Actual Loops": 1,
      "Plans": [
        {
          "Node Type": "Gather",
          "Parent Relationship": "Outer",
          "Parallel Aware": false,
          "Startup Cost": 31243.28,
          "Total Cost": 31243.59,
          "Plan Rows": 3,
          "Plan Width": 8,
          "Actual Startup Time": 103.016,
          "Actual Total Time": 112.872,
          "Actual Rows": 4,
          "Actual Loops": 1,
          "Workers Planned": 3,
          "Workers Launched": 3,
          "Single Copy": false,
          "Plans": [
            {
              "Node Type": "Aggregate",
              "Strategy": "Plain",
              "Partial Mode": "Partial",
              "Parent Relationship": "Outer",
              "Parallel Aware": false,
              "Startup Cost": 30243.28,
              "Total Cost": 30243.29,
              "Plan Rows": 1,
              "Plan Width": 8,
              "Actual Startup Time": 96.212,
              "Actual Total Time": 96.213,
              "Actual Rows": 1,
              "Actual Loops": 4,
              "Plans": [
                {
                  "Node Type": "Seq Scan",
                  "Parent Relationship": "Outer",
                  "Parallel Aware": true,
                  "Relation Name": "movie_companies",
                  "Alias": "mc",
                  "Startup Cost": 0.0,
                  "Total Cost": 29310.68,
                  "Plan Rows": 373038,
                  "Plan Width": 0,
                  "Actual Startup Time": 13.92,
                  "Actual Total Time": 81.643,
                  "Actual Rows": 286878,
                  "Actual Loops": 4,
                  "Filter": "(company_id > 13157)",
                  "Rows Removed by Filter": 365404
                }
              ]
            }
          ]
        }
      ]
    },
    "Planning Time": 0.188,
    "Triggers": [],
    "Execution Time": 112.969
  }
]