{
  "Plan": {
    "Node Type": "Aggregate",
    "Strategy": "Plain",
    "Partial Mode": "Simple",
    "Parallel Aware": false,
    "Startup Cost": 2840.42,
    "Total Cost": 2840.43,
    "Plan Rows": 1,
    "Plan Width": 8,
    "Actual Startup Time": 8.372,
    "Actual Total Time": 8.375,
    "Actual Rows": 1,
    "Actual Loops": 1,
    "Plans": [
      {
        "Node Type": "Nested Loop",
        "Parent Relationship": "Outer",
        "Parallel Aware": false,
        "Join Type": "Inner",
        "Startup Cost": 1.43,
        "Total Cost": 2838.27,
        "Plan Rows": 861,
        "Plan Width": 0,
        "Actual Startup Time": 0.229,
        "Actual Total Time": 8.03,
        "Actual Rows": 1728,
        "Actual Loops": 1,
        "Inner Unique": false,
        "Plans": [
          {
            "Node Type": "Nested Loop",
            "Parent Relationship": "Outer",
            "Parallel Aware": false,
            "Join Type": "Inner",
            "Startup Cost": 0.99,
            "Total Cost": 2500.19,
            "Plan Rows": 171,
            "Plan Width": 8,
            "Actual Startup Time": 0.209,
            "Actual Total Time": 2.308,
            "Actual Rows": 182,
            "Actual Loops": 1,
            "Inner Unique": true,
            "Plans": [
              {
                "Node Type": "Index Scan",
                "Parent Relationship": "Outer",
                "Parallel Aware": false,
                "Scan Direction": "Forward",
                "Index Name": "person_id_cast_info",
                "Relation Name": "cast_info",
                "Alias": "ci",
                "Startup Cost": 0.56,
                "Total Cost": 1059.67,
                "Plan Rows": 171,
                "Plan Width": 4,
                "Actual Startup Time": 0.186,
                "Actual Total Time": 0.384,
                "Actual Rows": 182,
                "Actual Loops": 1,
                "Index Cond": "(person_id = 913227)",
                "Rows Removed by Index Recheck": 0,
                "Filter": "(role_id < 2)",
                "Rows Removed by Filter": 73
              },
              {
                "Node Type": "Index Only Scan",
                "Parent Relationship": "Inner",
                "Parallel Aware": false,
                "Scan Direction": "Forward",
                "Index Name": "title_pkey",
                "Relation Name": "title",
                "Alias": "t",
                "Startup Cost": 0.43,
                "Total Cost": 8.42,
                "Plan Rows": 1,
                "Plan Width": 4,
                "Actual Startup Time": 0.009,
                "Actual Total Time": 0.009,
                "Actual Rows": 1,
                "Actual Loops": 182,
                "Index Cond": "(id = ci.movie_id)",
                "Rows Removed by Index Recheck": 0,
                "Heap Fetches": 182
              }
            ]
          },
          {
            "Node Type": "Index Scan",
            "Parent Relationship": "Inner",
            "Parallel Aware": false,
            "Scan Direction": "Forward",
            "Index Name": "movie_id_movie_info",
            "Relation Name": "movie_info",
            "Alias": "mi",
            "Startup Cost": 0.43,
            "Total Cost": 1.62,
            "Plan Rows": 36,
            "Plan Width": 4,
            "Actual Startup Time": 0.011,
            "Actual Total Time": 0.028,
            "Actual Rows": 9,
            "Actual Loops": 182,
            "Index Cond": "(movie_id = t.id)",
            "Rows Removed by Index Recheck": 0,
            "Filter": "(info_type_id > 2)",
            "Rows Removed by Filter": 1
          }
        ]
      }
    ]
  },
  "Planning Time": 0.997,
  "Triggers": [],
  "Execution Time": 8.449
}