[
  {
    "Plan": {
      "Node Type": "Aggregate",
      "Strategy": "Plain",
      "Partial Mode": "Finalize",
      "Parallel Aware": false,
      "Startup Cost": 32978.2,
      "Total Cost": 32978.21,
      "Plan Rows": 1,
      "Plan Width": 8,
      "Actual Startup Time": 96.414,
      "Actual Total Time": 104.096,
      "Actual Rows": 1,
      "Actual Loops": 1,
      "Plans": [
        {
          "Node Type": "Gather",
          "Parent Relationship": "Outer",
          "Parallel Aware": false,
          "Startup Cost": 32977.88,
          "Total Cost": 32978.19,
          "Plan Rows": 3,
          "Plan Width": 8,
          "Actual Startup Time": 96.299,
          "Actual Total Time": 104.089,
          "Actual Rows": 4,
          "Actual Loops": 1,
          "Workers Planned": 3,
          "Workers Launched": 3,
          "Single Copy": false,
          "Plans": [
            {
              "Node Type": "Aggregate",
              "Strategy": "Plain",
              "Partial Mode": "Partial",
              "Parent Relationship": "Outer",
              "Parallel Aware": false,
              "Startup Cost": 31977.88,
              "Total Cost": 31977.89,
              "Plan Rows": 1,
              "Plan Width": 8,
              "Actual Startup Time": 87.999,
              "Actual Total Time": 88.0,
              "Actual Rows": 1,
              "Actual Loops": 4,
              "Plans": [
                {
                  "Node Type": "Seq Scan",
                  "Parent Relationship": "Outer",
                  "Parallel Aware": true,
                  "Relation Name": "movie_companies",
                  "Alias": "mc",
                  "Startup Cost": 0.0,
                  "Total Cost": 31414.82,
                  "Plan Rows": 225226,
                  "Plan Width": 0,
                  "Actual Startup Time": 44.528,
                  "Actual Total Time": 78.451,
                  "Actual Rows": 231503,
                  "Actual Loops": 4,
                  "Filter": "((company_id > 11156) AND (company_type_id = 2))",
                  "Rows Removed by Filter": 420779
                }
              ]
            }
          ]
        }
      ]
    },
    "Planning Time": 0.118,
    "Triggers": [],
    "Execution Time": 104.128
  }
]