{
  "Plan": {
    "Node Type": "Aggregate",
    "Strategy": "Plain",
    "Partial Mode": "Finalize",
    "Parallel Aware": false,
    "Startup Cost": 768954.99,
    "Total Cost": 768955.0,
    "Plan Rows": 1,
    "Plan Width": 8,
    "Actual Startup Time": 1763.068,
    "Actual Total Time": 1831.978,
    "Actual Rows": 1,
    "Actual Loops": 1,
    "Plans": [
      {
        "Node Type": "Gather",
        "Parent Relationship": "Outer",
        "Parallel Aware": false,
        "Startup Cost": 768954.88,
        "Total Cost": 768954.99,
        "Plan Rows": 1,
        "Plan Width": 8,
        "Actual Startup Time": 1759.507,
        "Actual Total Time": 1831.971,
        "Actual Rows": 2,
        "Actual Loops": 1,
        "Workers Planned": 1,
        "Workers Launched": 1,
        "Single Copy": false,
        "Plans": [
          {
            "Node Type": "Aggregate",
            "Strategy": "Plain",
            "Partial Mode": "Partial",
            "Parent Relationship": "Outer",
            "Parallel Aware": false,
            "Startup Cost": 767954.88,
            "Total Cost": 767954.89,
            "Plan Rows": 1,
            "Plan Width": 8,
            "Actual Startup Time": 1750.642,
            "Actual Total Time": 1750.646,
            "Actual Rows": 1,
            "Actual Loops": 2,
            "Plans": [
              {
                "Node Type": "Nested Loop",
                "Parent Relationship": "Outer",
                "Parallel Aware": false,
                "Join Type": "Inner",
                "Startup Cost": 83744.08,
                "Total Cost": 763337.61,
                "Plan Rows": 1846905,
                "Plan Width": 0,
                "Actual Startup Time": 455.79,
                "Actual Total Time": 1669.22,
                "Actual Rows": 1931124,
                "Actual Loops": 2,
                "Inner Unique": false,
                "Plans": [
                  {
                    "Node Type": "Hash Join",
                    "Parent Relationship": "Outer",
                    "Parallel Aware": true,
                    "Join Type": "Inner",
                    "Startup Cost": 83743.64,
                    "Total Cost": 114673.91,
                    "Plan Rows": 315856,
                    "Plan Width": 8,
                    "Actual Startup Time": 455.726,
                    "Actual Total Time": 642.454,
                    "Actual Rows": 151393,
                    "Actual Loops": 2,
                    "Inner Unique": true,
                    "Hash Cond": "(mk.movie_id = t.id)",
                    "Plans": [
                      {
                        "Node Type": "Bitmap Heap Scan",
                        "Parent Relationship": "Outer",
                        "Parallel Aware": true,
                        "Relation Name": "movie_keyword",
                        "Alias": "mk",
                        "Startup Cost": 15441.74,
                        "Total Cost": 45248.03,
                        "Plan Rows": 428183,
                        "Plan Width": 4,
                        "Actual Startup Time": 47.801,
                        "Actual Total Time": 123.377,
                        "Actual Rows": 367954,
                        "Actual Loops": 2,
                        "Recheck Cond": "(keyword_id < 660)",
                        "Rows Removed by Index Recheck": 0,
                        "Exact Heap Blocks": 13647,
                        "Lossy Heap Blocks": 0,
                        "Plans": [
                          {
                            "Node Type": "Bitmap Index Scan",
                            "Parent Relationship": "Outer",
                            "Parallel Aware": false,
                            "Index Name": "keyword_id_movie_keyword",
                            "Startup Cost": 0.0,
                            "Total Cost": 15259.77,
                            "Plan Rows": 727911,
                            "Plan Width": 0,
                            "Actual Startup Time": 44.17,
                            "Actual Total Time": 44.171,
                            "Actual Rows": 735909,
                            "Actual Loops": 1,
                            "Index Cond": "(keyword_id < 660)"
                          }
                        ]
                      },
                      {
                        "Node Type": "Hash",
                        "Parent Relationship": "Inner",
                        "Parallel Aware": true,
                        "Startup Cost": 54588.39,
                        "Total Cost": 54588.39,
                        "Plan Rows": 1097081,
                        "Plan Width": 4,
                        "Actual Startup Time": 393.304,
                        "Actual Total Time": 393.304,
                        "Actual Rows": 932744,
                        "Actual Loops": 2,
                        "Hash Buckets": 2097152,
                        "Original Hash Buckets": 2097152,
                        "Hash Batches": 1,
                        "Original Hash Batches": 1,
                        "Peak Memory Usage": 89408,
                        "Plans": [
                          {
                            "Node Type": "Seq Scan",
                            "Parent Relationship": "Outer",
                            "Parallel Aware": true,
                            "Relation Name": "title",
                            "Alias": "t",
                            "Startup Cost": 0.0,
                            "Total Cost": 54588.39,
                            "Plan Rows": 1097081,
                            "Plan Width": 4,
                            "Actual Startup Time": 0.028,
                            "Actual Total Time": 168.379,
                            "Actual Rows": 932744,
                            "Actual Loops": 2,
                            "Filter": "(kind_id > 1)",
                            "Rows Removed by Filter": 331412
                          }
                        ]
                      }
                    ]
                  },
                  {
                    "Node Type": "Index Only Scan",
                    "Parent Relationship": "Inner",
                    "Parallel Aware": false,
                    "Scan Direction": "Forward",
                    "Index Name": "movie_id_movie_info",
                    "Relation Name": "movie_info",
                    "Alias": "mi",
                    "Startup Cost": 0.43,
                    "Total Cost": 1.63,
                    "Plan Rows": 42,
                    "Plan Width": 4,
                    "Actual Startup Time": 0.002,
                    "Actual Total Time": 0.006,
                    "Actual Rows": 13,
                    "Actual Loops": 302786,
                    "Index Cond": "(movie_id = t.id)",
                    "Rows Removed by Index Recheck": 0,
                    "Heap Fetches": 3862247
                  }
                ]
              }
            ]
          }
        ]
      }
    ]
  },
  "Planning Time": 1.09,
  "Triggers": [],
  "Execution Time": 1832.1
}