[
  {
    "Plan": {
      "Node Type": "Aggregate",
      "Strategy": "Plain",
      "Partial Mode": "Finalize",
      "Parallel Aware": false,
      "Startup Cost": 66291.69,
      "Total Cost": 66291.7,
      "Plan Rows": 1,
      "Plan Width": 8,
      "Actual Startup Time": 109.117,
      "Actual Total Time": 122.28,
      "Actual Rows": 1,
      "Actual Loops": 1,
      "Plans": [
        {
          "Node Type": "Gather",
          "Parent Relationship": "Outer",
          "Parallel Aware": false,
          "Startup Cost": 66291.37,
          "Total Cost": 66291.68,
          "Plan Rows": 3,
          "Plan Width": 8,
          "Actual Startup Time": 108.051,
          "Actual Total Time": 122.271,
          "Actual Rows": 4,
          "Actual Loops": 1,
          "Workers Planned": 3,
          "Workers Launched": 3,
          "Single Copy": false,
          "Plans": [
            {
              "Node Type": "Aggregate",
              "Strategy": "Plain",
              "Partial Mode": "Partial",
              "Parent Relationship": "Outer",
              "Parallel Aware": false,
              "Startup Cost": 65291.37,
              "Total Cost": 65291.38,
              "Plan Rows": 1,
              "Plan Width": 8,
              "Actual Startup Time": 101.272,
              "Actual Total Time": 101.276,
              "Actual Rows": 1,
              "Actual Loops": 4,
              "Plans": [
                {
                  "Node Type": "Hash Join",
                  "Parent Relationship": "Outer",
                  "Parallel Aware": true,
                  "Join Type": "Inner",
                  "Startup Cost": 39705.91,
                  "Total Cost": 65290.49,
                  "Plan Rows": 355,
                  "Plan Width": 0,
                  "Actual Startup Time": 80.774,
                  "Actual Total Time": 101.209,
                  "Actual Rows": 379,
                  "Actual Loops": 4,
                  "Inner Unique": true,
                  "Hash Cond": "(mk.movie_id = t.id)",
                  "Plans": [
                    {
                      "Node Type": "Bitmap Heap Scan",
                      "Parent Relationship": "Outer",
                      "Parallel Aware": true,
                      "Relation Name": "movie_keyword",
                      "Alias": "mk",
                      "Startup Cost": 851.3,
                      "Total Cost": 26401.92,
                      "Plan Rows": 12939,
                      "Plan Width": 4,
                      "Actual Startup Time": 8.407,
                      "Actual Total Time": 31.08,
                      "Actual Rows": 10460,
                      "Actual Loops": 4,
                      "Recheck Cond": "(keyword_id = 117)",
                      "Rows Removed by Index Recheck": 0,
                      "Exact Heap Blocks": 5639,
                      "Lossy Heap Blocks": 0,
                      "Plans": [
                        {
                          "Node Type": "Bitmap Index Scan",
                          "Parent Relationship": "Outer",
                          "Parallel Aware": false,
                          "Index Name": "keyword_id_movie_keyword",
                          "Startup Cost": 0.0,
                          "Total Cost": 841.27,
                          "Plan Rows": 40112,
                          "Plan Width": 0,
                          "Actual Startup Time": 5.729,
                          "Actual Total Time": 5.73,
                          "Actual Rows": 41840,
                          "Actual Loops": 1,
                          "Index Cond": "(keyword_id = 117)"
                        }
                      ]
                    },
                    {
                      "Node Type": "Hash",
                      "Parent Relationship": "Inner",
                      "Parallel Aware": true,
                      "Startup Cost": 38638.06,
                      "Total Cost": 38638.06,
                      "Plan Rows": 17324,
                      "Plan Width": 4,
                      "Actual Startup Time": 64.187,
                      "Actual Total Time": 64.189,
                      "Actual Rows": 22805,
                      "Actual Loops": 4,
                      "Hash Buckets": 131072,
                      "Original Hash Buckets": 131072,
                      "Hash Batches": 1,
                      "Original Hash Batches": 1,
                      "Peak Memory Usage": 4672,
                      "Plans": [
                        {
                          "Node Type": "Bitmap Heap Scan",
                          "Parent Relationship": "Outer",
                          "Parallel Aware": true,
                          "Relation Name": "title",
                          "Alias": "t",
                          "Startup Cost": 2184.62,
                          "Total Cost": 38638.06,
                          "Plan Rows": 17324,
                          "Plan Width": 4,
                          "Actual Startup Time": 16.906,
                          "Actual Total Time": 54.292,
                          "Actual Rows": 22805,
                          "Actual Loops": 4,
                          "Recheck Cond": "(kind_id = 4)",
                          "Rows Removed by Index Recheck": 0,
                          "Filter": "(production_year > 1999)",
                          "Rows Removed by Filter": 6754,
                          "Exact Heap Blocks": 5586,
                          "Lossy Heap Blocks": 0,
                          "Plans": [
                            {
                              "Node Type": "Bitmap Index Scan",
                              "Parent Relationship": "Outer",
                              "Parallel Aware": false,
                              "Index Name": "kind_id_title",
                              "Startup Cost": 0.0,
                              "Total Cost": 2167.3,
                              "Plan Rows": 121449,
                              "Plan Width": 0,
                              "Actual Startup Time": 15.239,
                              "Actual Total Time": 15.239,
                              "Actual Rows": 118234,
                              "Actual Loops": 1,
                              "Index Cond": "(kind_id = 4)"
                            }
                          ]
                        }
                      ]
                    }
                  ]
                }
              ]
            }
          ]
        }
      ]
    },
    "Planning Time": 0.64,
    "Triggers": [],
    "Execution Time": 122.38
  }
]