[
  {
    "Plan": {
      "Node Type": "Aggregate",
      "Strategy": "Plain",
      "Partial Mode": "Finalize",
      "Parallel Aware": false,
      "Startup Cost": 48210.95,
      "Total Cost": 48210.96,
      "Plan Rows": 1,
      "Plan Width": 8,
      "Actual Startup Time": 146.773,
      "Actual Total Time": 171.594,
      "Actual Rows": 1,
      "Actual Loops": 1,
      "Plans": [
        {
          "Node Type": "Gather",
          "Parent Relationship": "Outer",
          "Parallel Aware": false,
          "Startup Cost": 48210.74,
          "Total Cost": 48210.95,
          "Plan Rows": 2,
          "Plan Width": 8,
          "Actual Startup Time": 146.52,
          "Actual Total Time": 171.585,
          "Actual Rows": 3,
          "Actual Loops": 1,
          "Workers Planned": 2,
          "Workers Launched": 2,
          "Single Copy": false,
          "Plans": [
            {
              "Node Type": "Aggregate",
              "Strategy": "Plain",
              "Partial Mode": "Partial",
              "Parent Relationship": "Outer",
              "Parallel Aware": false,
              "Startup Cost": 47210.74,
              "Total Cost": 47210.75,
              "Plan Rows": 1,
              "Plan Width": 8,
              "Actual Startup Time": 137.498,
              "Actual Total Time": 137.501,
              "Actual Rows": 1,
              "Actual Loops": 3,
              "Plans": [
                {
                  "Node Type": "Nested Loop",
                  "Parent Relationship": "Outer",
                  "Parallel Aware": false,
                  "Join Type": "Inner",
                  "Startup Cost": 224.83,
                  "Total Cost": 47198.88,
                  "Plan Rows": 4744,
                  "Plan Width": 0,
                  "Actual Startup Time": 5.074,
                  "Actual Total Time": 133.457,
                  "Actual Rows": 66094,
                  "Actual Loops": 3,
                  "Inner Unique": false,
                  "Plans": [
                    {
                      "Node Type": "Nested Loop",
                      "Parent Relationship": "Outer",
                      "Parallel Aware": false,
                      "Join Type": "Inner",
                      "Startup Cost": 224.4,
                      "Total Cost": 44474.0,
                      "Plan Rows": 808,
                      "Plan Width": 8,
                      "Actual Startup Time": 4.86,
                      "Actual Total Time": 36.938,
                      "Actual Rows": 2630,
                      "Actual Loops": 3,
                      "Inner Unique": true,
                      "Plans": [
                        {
                          "Node Type": "Bitmap Heap Scan",
                          "Parent Relationship": "Outer",
                          "Parallel Aware": true,
                          "Relation Name": "movie_companies",
                          "Alias": "mc",
                          "Startup Cost": 223.97,
                          "Total Cost": 16682.98,
                          "Plan Rows": 4276,
                          "Plan Width": 4,
                          "Actual Startup Time": 3.355,
                          "Actual Total Time": 12.632,
                          "Actual Rows": 3387,
                          "Actual Loops": 3,
                          "Recheck Cond": "(company_id = 2561)",
                          "Rows Removed by Index Recheck": 0,
                          "Exact Heap Blocks": 3088,
                          "Lossy Heap Blocks": 0,
                          "Plans": [
                            {
                              "Node Type": "Bitmap Index Scan",
                              "Parent Relationship": "Outer",
                              "Parallel Aware": false,
                              "Index Name": "company_id_movie_companies",
                              "Startup Cost": 0.0,
                              "Total Cost": 221.4,
                              "Plan Rows": 10263,
                              "Plan Width": 0,
                              "Actual Startup Time": 7.1,
                              "Actual Total Time": 7.1,
                              "Actual Rows": 10160,
                              "Actual Loops": 1,
                              "Index Cond": "(company_id = 2561)"
                            }
                          ]
                        },
                        {
                          "Node Type": "Index Scan",
                          "Parent Relationship": "Inner",
                          "Parallel Aware": false,
                          "Scan Direction": "Forward",
                          "Index Name": "title_pkey",
                          "Relation Name": "title",
                          "Alias": "t",
                          "Startup Cost": 0.43,
                          "Total Cost": 6.5,
                          "Plan Rows": 1,
                          "Plan Width": 4,
                          "Actual Startup Time": 0.007,
                          "Actual Total Time": 0.007,
                          "Actual Rows": 1,
                          "Actual Loops": 10160,
                          "Index Cond": "(id = mc.movie_id)",
                          "Rows Removed by Index Recheck": 0,
                          "Filter": "(production_year < 1979)",
                          "Rows Removed by Filter": 0
                        }
                      ]
                    },
                    {
                      "Node Type": "Index Only Scan",
                      "Parent Relationship": "Inner",
                      "Parallel Aware": false,
                      "Scan Direction": "Forward",
                      "Index Name": "movie_id_movie_info",
                      "Relation Name": "movie_info",
                      "Alias": "mi",
                      "Startup Cost": 0.43,
                      "Total Cost": 2.96,
                      "Plan Rows": 41,
                      "Plan Width": 4,
                      "Actual Startup Time": 0.009,
                      "Actual Total Time": 0.034,
                      "Actual Rows": 25,
                      "Actual Loops": 7889,
                      "Index Cond": "(movie_id = t.id)",
                      "Rows Removed by Index Recheck": 0,
                      "Heap Fetches": 198282
                    }
                  ]
                }
              ]
            }
          ]
        }
      ]
    },
    "Planning Time": 1.457,
    "Triggers": [],
    "Execution Time": 171.772
  }
]