[
  {
    "Plan": {
      "Node Type": "Aggregate",
      "Strategy": "Plain",
      "Partial Mode": "Finalize",
      "Parallel Aware": false,
      "Startup Cost": 259142.65,
      "Total Cost": 259142.66,
      "Plan Rows": 1,
      "Plan Width": 8,
      "Actual Startup Time": 710.281,
      "Actual Total Time": 737.849,
      "Actual Rows": 1,
      "Actual Loops": 1,
      "Plans": [
        {
          "Node Type": "Gather",
          "Parent Relationship": "Outer",
          "Parallel Aware": false,
          "Startup Cost": 259142.33,
          "Total Cost": 259142.64,
          "Plan Rows": 3,
          "Plan Width": 8,
          "Actual Startup Time": 679.379,
          "Actual Total Time": 737.837,
          "Actual Rows": 4,
          "Actual Loops": 1,
          "Workers Planned": 3,
          "Workers Launched": 3,
          "Single Copy": false,
          "Plans": [
            {
              "Node Type": "Aggregate",
              "Strategy": "Plain",
              "Partial Mode": "Partial",
              "Parent Relationship": "Outer",
              "Parallel Aware": false,
              "Startup Cost": 258142.33,
              "Total Cost": 258142.34,
              "Plan Rows": 1,
              "Plan Width": 8,
              "Actual Startup Time": 672.703,
              "Actual Total Time": 672.892,
              "Actual Rows": 1,
              "Actual Loops": 4,
              "Plans": [
                {
                  "Node Type": "Hash Join",
                  "Parent Relationship": "Outer",
                  "Parallel Aware": true,
                  "Join Type": "Inner",
                  "Startup Cost": 226834.7,
                  "Total Cost": 257890.23,
                  "Plan Rows": 100839,
                  "Plan Width": 0,
                  "Actual Startup Time": 509.55,
                  "Actual Total Time": 652.884,
                  "Actual Rows": 502180,
                  "Actual Loops": 4,
                  "Inner Unique": false,
                  "Hash Cond": "(mc.movie_id = t.id)",
                  "Plans": [
                    {
                      "Node Type": "Seq Scan",
                      "Parent Relationship": "Outer",
                      "Parallel Aware": true,
                      "Relation Name": "movie_companies",
                      "Alias": "mc",
                      "Startup Cost": 0.0,
                      "Total Cost": 29310.68,
                      "Plan Rows": 411513,
                      "Plan Width": 4,
                      "Actual Startup Time": 0.028,
                      "Actual Total Time": 62.639,
                      "Actual Rows": 318562,
                      "Actual Loops": 4,
                      "Filter": "(company_type_id < 2)",
                      "Rows Removed by Filter": 333721
                    },
                    {
                      "Node Type": "Hash",
                      "Parent Relationship": "Inner",
                      "Parallel Aware": true,
                      "Startup Cost": 225285.76,
                      "Total Cost": 225285.76,
                      "Plan Rows": 123915,
                      "Plan Width": 8,
                      "Actual Startup Time": 505.996,
                      "Actual Total Time": 506.183,
                      "Actual Rows": 165231,
                      "Actual Loops": 4,
                      "Hash Buckets": 1048576,
                      "Original Hash Buckets": 1048576,
                      "Hash Batches": 1,
                      "Original Hash Batches": 1,
                      "Peak Memory Usage": 34112,
                      "Plans": [
                        {
                          "Node Type": "Hash Join",
                          "Parent Relationship": "Outer",
                          "Parallel Aware": true,
                          "Join Type": "Inner",
                          "Startup Cost": 61418.54,
                          "Total Cost": 225285.76,
                          "Plan Rows": 123915,
                          "Plan Width": 8,
                          "Actual Startup Time": 364.866,
                          "Actual Total Time": 449.974,
                          "Actual Rows": 165231,
                          "Actual Loops": 4,
                          "Inner Unique": true,
                          "Hash Cond": "(mi.movie_id = t.id)",
                          "Plans": [
                            {
                              "Node Type": "Bitmap Heap Scan",
                              "Parent Relationship": "Outer",
                              "Parallel Aware": true,
                              "Relation Name": "movie_info",
                              "Alias": "mi",
                              "Startup Cost": 11198.16,
                              "Total Cost": 174740.1,
                              "Plan Rows": 123915,
                              "Plan Width": 4,
                              "Actual Startup Time": 22.487,
                              "Actual Total Time": 46.04,
                              "Actual Rows": 165231,
                              "Actual Loops": 4,
                              "Recheck Cond": "(info_type_id = 18)",
                              "Rows Removed by Index Recheck": 0,
                              "Exact Heap Blocks": 1832,
                              "Lossy Heap Blocks": 0,
                              "Plans": [
                                {
                                  "Node Type": "Bitmap Index Scan",
                                  "Parent Relationship": "Outer",
                                  "Parallel Aware": false,
                                  "Index Name": "info_type_id_movie_info",
                                  "Startup Cost": 0.0,
                                  "Total Cost": 11043.26,
                                  "Plan Rows": 619577,
                                  "Plan Width": 0,
                                  "Actual Startup Time": 21.333,
                                  "Actual Total Time": 21.334,
                                  "Actual Rows": 660923,
                                  "Actual Loops": 1,
                                  "Index Cond": "(info_type_id = 18)"
                                }
                              ]
                            },
                            {
                              "Node Type": "Hash",
                              "Parent Relationship": "Inner",
                              "Parallel Aware": true,
                              "Startup Cost": 42319.06,
                              "Total Cost": 42319.06,
                              "Plan Rows": 632106,
                              "Plan Width": 4,
                              "Actual Startup Time": 334.927,
                              "Actual Total Time": 334.928,
                              "Actual Rows": 632078,
                              "Actual Loops": 4,
                              "Hash Buckets": 4194304,
                              "Original Hash Buckets": 4194304,
                              "Hash Batches": 1,
                              "Original Hash Batches": 1,
                              "Peak Memory Usage": 131744,
                              "Plans": [
                                {
                                  "Node Type": "Seq Scan",
                                  "Parent Relationship": "Outer",
                                  "Parallel Aware": true,
                                  "Relation Name": "title",
                                  "Alias": "t",
                                  "Startup Cost": 0.0,
                                  "Total Cost": 42319.06,
                                  "Plan Rows": 632106,
                                  "Plan Width": 4,
                                  "Actual Startup Time": 0.029,
                                  "Actual Total Time": 98.676,
                                  "Actual Rows": 632078,
                                  "Actual Loops": 4
                                }
                              ]
                            }
                          ]
                        }
                      ]
                    }
                  ]
                }
              ]
            }
          ]
        }
      ]
    },
    "Planning Time": 0.685,
    "Triggers": [],
    "Execution Time": 737.964
  }
]