[
  {
    "Plan": {
      "Node Type": "Aggregate",
      "Strategy": "Plain",
      "Partial Mode": "Finalize",
      "Parallel Aware": false,
      "Startup Cost": 261208.53,
      "Total Cost": 261208.54,
      "Plan Rows": 1,
      "Plan Width": 8,
      "Actual Startup Time": 754.169,
      "Actual Total Time": 780.578,
      "Actual Rows": 1,
      "Actual Loops": 1,
      "Plans": [
        {
          "Node Type": "Gather",
          "Parent Relationship": "Outer",
          "Parallel Aware": false,
          "Startup Cost": 261208.22,
          "Total Cost": 261208.53,
          "Plan Rows": 3,
          "Plan Width": 8,
          "Actual Startup Time": 736.525,
          "Actual Total Time": 780.567,
          "Actual Rows": 4,
          "Actual Loops": 1,
          "Workers Planned": 3,
          "Workers Launched": 3,
          "Single Copy": false,
          "Plans": [
            {
              "Node Type": "Aggregate",
              "Strategy": "Plain",
              "Partial Mode": "Partial",
              "Parent Relationship": "Outer",
              "Parallel Aware": false,
              "Startup Cost": 260208.22,
              "Total Cost": 260208.23,
              "Plan Rows": 1,
              "Plan Width": 8,
              "Actual Startup Time": 726.401,
              "Actual Total Time": 726.557,
              "Actual Rows": 1,
              "Actual Loops": 4,
              "Plans": [
                {
                  "Node Type": "Hash Join",
                  "Parent Relationship": "Outer",
                  "Parallel Aware": true,
                  "Join Type": "Inner",
                  "Startup Cost": 228825.64,
                  "Total Cost": 259920.33,
                  "Plan Rows": 115156,
                  "Plan Width": 0,
                  "Actual Startup Time": 552.289,
                  "Actual Total Time": 706.406,
                  "Actual Rows": 502180,
                  "Actual Loops": 4,
                  "Inner Unique": false,
                  "Hash Cond": "(mc.movie_id = t.id)",
                  "Plans": [
                    {
                      "Node Type": "Seq Scan",
                      "Parent Relationship": "Outer",
                      "Parallel Aware": true,
                      "Relation Name": "movie_companies",
                      "Alias": "mc",
                      "Startup Cost": 0.0,
                      "Total Cost": 29310.68,
                      "Plan Rows": 414318,
                      "Plan Width": 4,
                      "Actual Startup Time": 0.022,
                      "Actual Total Time": 64.652,
                      "Actual Rows": 318562,
                      "Actual Loops": 4,
                      "Filter": "(company_type_id < 2)",
                      "Rows Removed by Filter": 333721
                    },
                    {
                      "Node Type": "Hash",
                      "Parent Relationship": "Inner",
                      "Parallel Aware": true,
                      "Startup Cost": 227068.85,
                      "Total Cost": 227068.85,
                      "Plan Rows": 140543,
                      "Plan Width": 8,
                      "Actual Startup Time": 546.836,
                      "Actual Total Time": 546.99,
                      "Actual Rows": 165231,
                      "Actual Loops": 4,
                      "Hash Buckets": 1048576,
                      "Original Hash Buckets": 1048576,
                      "Hash Batches": 1,
                      "Original Hash Batches": 1,
                      "Peak Memory Usage": 34144,
                      "Plans": [
                        {
                          "Node Type": "Hash Join",
                          "Parent Relationship": "Outer",
                          "Parallel Aware": true,
                          "Join Type": "Inner",
                          "Startup Cost": 62950.14,
                          "Total Cost": 227068.85,
                          "Plan Rows": 140543,
                          "Plan Width": 8,
                          "Actual Startup Time": 390.986,
                          "Actual Total Time": 487.104,
                          "Actual Rows": 165231,
                          "Actual Loops": 4,
                          "Inner Unique": true,
                          "Hash Cond": "(mi.movie_id = t.id)",
                          "Plans": [
                            {
                              "Node Type": "Bitmap Heap Scan",
                              "Parent Relationship": "Outer",
                              "Parallel Aware": true,
                              "Relation Name": "movie_info",
                              "Alias": "mi",
                              "Startup Cost": 12730.49,
                              "Total Cost": 176480.28,
                              "Plan Rows": 140543,
                              "Plan Width": 4,
                              "Actual Startup Time": 35.329,
                              "Actual Total Time": 61.612,
                              "Actual Rows": 165231,
                              "Actual Loops": 4,
                              "Recheck Cond": "(info_type_id = 18)",
                              "Rows Removed by Index Recheck": 0,
                              "Exact Heap Blocks": 1806,
                              "Lossy Heap Blocks": 0,
                              "Plans": [
                                {
                                  "Node Type": "Bitmap Index Scan",
                                  "Parent Relationship": "Outer",
                                  "Parallel Aware": false,
                                  "Index Name": "info_type_id_movie_info",
                                  "Startup Cost": 0.0,
                                  "Total Cost": 12554.81,
                                  "Plan Rows": 702717,
                                  "Plan Width": 0,
                                  "Actual Startup Time": 34.395,
                                  "Actual Total Time": 34.395,
                                  "Actual Rows": 660923,
                                  "Actual Loops": 1,
                                  "Index Cond": "(info_type_id = 18)"
                                }
                              ]
                            },
                            {
                              "Node Type": "Hash",
                              "Parent Relationship": "Inner",
                              "Parallel Aware": true,
                              "Startup Cost": 42318.73,
                              "Total Cost": 42318.73,
                              "Plan Rows": 632073,
                              "Plan Width": 4,
                              "Actual Startup Time": 347.661,
                              "Actual Total Time": 347.662,
                              "Actual Rows": 632078,
                              "Actual Loops": 4,
                              "Hash Buckets": 4194304,
                              "Original Hash Buckets": 4194304,
                              "Hash Batches": 1,
                              "Original Hash Batches": 1,
                              "Peak Memory Usage": 131744,
                              "Plans": [
                                {
                                  "Node Type": "Seq Scan",
                                  "Parent Relationship": "Outer",
                                  "Parallel Aware": true,
                                  "Relation Name": "title",
                                  "Alias": "t",
                                  "Startup Cost": 0.0,
                                  "Total Cost": 42318.73,
                                  "Plan Rows": 632073,
                                  "Plan Width": 4,
                                  "Actual Startup Time": 0.053,
                                  "Actual Total Time": 97.317,
                                  "Actual Rows": 632078,
                                  "Actual Loops": 4
                                }
                              ]
                            }
                          ]
                        }
                      ]
                    }
                  ]
                }
              ]
            }
          ]
        }
      ]
    },
    "Planning Time": 1.501,
    "Triggers": [],
    "Execution Time": 780.688
  }
]