{
  "Plan": {
    "Node Type": "Aggregate",
    "Strategy": "Plain",
    "Partial Mode": "Finalize",
    "Parallel Aware": false,
    "Startup Cost": 173412.31,
    "Total Cost": 173412.32,
    "Plan Rows": 1,
    "Plan Width": 8,
    "Actual Startup Time": 787.296,
    "Actual Total Time": 804.392,
    "Actual Rows": 1,
    "Actual Loops": 1,
    "Plans": [
      {
        "Node Type": "Gather",
        "Parent Relationship": "Outer",
        "Parallel Aware": false,
        "Startup Cost": 173412.2,
        "Total Cost": 173412.31,
        "Plan Rows": 1,
        "Plan Width": 8,
        "Actual Startup Time": 785.738,
        "Actual Total Time": 804.386,
        "Actual Rows": 2,
        "Actual Loops": 1,
        "Workers Planned": 1,
        "Workers Launched": 1,
        "Single Copy": false,
        "Plans": [
          {
            "Node Type": "Aggregate",
            "Strategy": "Plain",
            "Partial Mode": "Partial",
            "Parent Relationship": "Outer",
            "Parallel Aware": false,
            "Startup Cost": 172412.2,
            "Total Cost": 172412.21,
            "Plan Rows": 1,
            "Plan Width": 8,
            "Actual Startup Time": 777.324,
            "Actual Total Time": 777.33,
            "Actual Rows": 1,
            "Actual Loops": 2,
            "Plans": [
              {
                "Node Type": "Merge Join",
                "Parent Relationship": "Outer",
                "Parallel Aware": false,
                "Join Type": "Inner",
                "Startup Cost": 169979.15,
                "Total Cost": 172411.96,
                "Plan Rows": 96,
                "Plan Width": 0,
                "Actual Startup Time": 740.961,
                "Actual Total Time": 777.321,
                "Actual Rows": 6,
                "Actual Loops": 2,
                "Inner Unique": false,
                "Merge Cond": "(t.id = ci.movie_id)",
                "Plans": [
                  {
                    "Node Type": "Sort",
                    "Parent Relationship": "Outer",
                    "Parallel Aware": false,
                    "Startup Cost": 168898.46,
                    "Total Cost": 170114.27,
                    "Plan Rows": 486323,
                    "Plan Width": 8,
                    "Actual Startup Time": 733.342,
                    "Actual Total Time": 751.681,
                    "Actual Rows": 537354,
                    "Actual Loops": 2,
                    "Sort Key": [
                      "t.id"
                    ],
                    "Sort Method": "quicksort",
                    "Sort Space Used": 50806,
                    "Sort Space Type": "Memory",
                    "Workers": [
                      {
                        "Worker Number": 0,
                        "Sort Method": "quicksort",
                        "Sort Space Used": 49397,
                        "Sort Space Type": "Memory"
                      }
                    ],
                    "Plans": [
                      {
                        "Node Type": "Hash Join",
                        "Parent Relationship": "Outer",
                        "Parallel Aware": true,
                        "Join Type": "Inner",
                        "Startup Cost": 62072.04,
                        "Total Cost": 122961.47,
                        "Plan Rows": 486323,
                        "Plan Width": 8,
                        "Actual Startup Time": 287.758,
                        "Actual Total Time": 630.778,
                        "Actual Rows": 544538,
                        "Actual Loops": 2,
                        "Inner Unique": true,
                        "Hash Cond": "(mk.movie_id = t.id)",
                        "Plans": [
                          {
                            "Node Type": "Seq Scan",
                            "Parent Relationship": "Outer",
                            "Parallel Aware": true,
                            "Relation Name": "movie_keyword",
                            "Alias": "mk",
                            "Startup Cost": 0.0,
                            "Total Cost": 57718.19,
                            "Plan Rows": 1208091,
                            "Plan Width": 4,
                            "Actual Startup Time": 0.015,
                            "Actual Total Time": 182.8,
                            "Actual Rows": 1025546,
                            "Actual Loops": 2,
                            "Filter": "(keyword_id < 3660)",
                            "Rows Removed by Filter": 1236418
                          },
                          {
                            "Node Type": "Hash",
                            "Parent Relationship": "Inner",
                            "Parallel Aware": true,
                            "Startup Cost": 54588.39,
                            "Total Cost": 54588.39,
                            "Plan Rows": 598692,
                            "Plan Width": 4,
                            "Actual Startup Time": 278.478,
                            "Actual Total Time": 278.479,
                            "Actual Rows": 510876,
                            "Actual Loops": 2,
                            "Hash Buckets": 1048576,
                            "Original Hash Buckets": 1048576,
                            "Hash Batches": 1,
                            "Original Hash Batches": 1,
                            "Peak Memory Usage": 48224,
                            "Plans": [
                              {
                                "Node Type": "Seq Scan",
                                "Parent Relationship": "Outer",
                                "Parallel Aware": true,
                                "Relation Name": "title",
                                "Alias": "t",
                                "Startup Cost": 0.0,
                                "Total Cost": 54588.39,
                                "Plan Rows": 598692,
                                "Plan Width": 4,
                                "Actual Startup Time": 0.03,
                                "Actual Total Time": 160.728,
                                "Actual Rows": 510876,
                                "Actual Loops": 2,
                                "Filter": "(production_year < 2000)",
                                "Rows Removed by Filter": 753280
                              }
                            ]
                          }
                        ]
                      }
                    ]
                  },
                  {
                    "Node Type": "Sort",
                    "Parent Relationship": "Inner",
                    "Parallel Aware": false,
                    "Startup Cost": 1080.69,
                    "Total Cost": 1081.93,
                    "Plan Rows": 497,
                    "Plan Width": 4,
                    "Actual Startup Time": 0.411,
                    "Actual Total Time": 0.418,
                    "Actual Rows": 52,
                    "Actual Loops": 2,
                    "Sort Key": [
                      "ci.movie_id"
                    ],
                    "Sort Method": "quicksort",
                    "Sort Space Used": 27,
                    "Sort Space Type": "Memory",
                    "Workers": [
                      {
                        "Worker Number": 0,
                        "Sort Method": "quicksort",
                        "Sort Space Used": 27,
                        "Sort Space Type": "Memory"
                      }
                    ],
                    "Plans": [
                      {
                        "Node Type": "Index Scan",
                        "Parent Relationship": "Outer",
                        "Parallel Aware": false,
                        "Scan Direction": "Forward",
                        "Index Name": "person_id_cast_info",
                        "Relation Name": "cast_info",
                        "Alias": "ci",
                        "Startup Cost": 0.56,
                        "Total Cost": 1058.43,
                        "Plan Rows": 497,
                        "Plan Width": 4,
                        "Actual Startup Time": 0.369,
                        "Actual Total Time": 0.393,
                        "Actual Rows": 50,
                        "Actual Loops": 2,
                        "Index Cond": "(person_id = 2444049)",
                        "Rows Removed by Index Recheck": 0
                      }
                    ]
                  }
                ]
              }
            ]
          }
        ]
      }
    ]
  },
  "Planning Time": 1.057,
  "Triggers": [],
  "Execution Time": 808.971
}