{
  "Plan": {
    "Node Type": "Aggregate",
    "Strategy": "Plain",
    "Partial Mode": "Finalize",
    "Parallel Aware": false,
    "Startup Cost": 520207.85,
    "Total Cost": 520207.86,
    "Plan Rows": 1,
    "Plan Width": 8,
    "Actual Startup Time": 1106.151,
    "Actual Total Time": 1132.088,
    "Actual Rows": 1,
    "Actual Loops": 1,
    "Plans": [
      {
        "Node Type": "Gather",
        "Parent Relationship": "Outer",
        "Parallel Aware": false,
        "Startup Cost": 520207.73,
        "Total Cost": 520207.84,
        "Plan Rows": 1,
        "Plan Width": 8,
        "Actual Startup Time": 1105.163,
        "Actual Total Time": 1132.08,
        "Actual Rows": 2,
        "Actual Loops": 1,
        "Workers Planned": 1,
        "Workers Launched": 1,
        "Single Copy": false,
        "Plans": [
          {
            "Node Type": "Aggregate",
            "Strategy": "Plain",
            "Partial Mode": "Partial",
            "Parent Relationship": "Outer",
            "Parallel Aware": false,
            "Startup Cost": 519207.73,
            "Total Cost": 519207.74,
            "Plan Rows": 1,
            "Plan Width": 8,
            "Actual Startup Time": 1100.851,
            "Actual Total Time": 1100.857,
            "Actual Rows": 1,
            "Actual Loops": 2,
            "Plans": [
              {
                "Node Type": "Hash Join",
                "Parent Relationship": "Outer",
                "Parallel Aware": true,
                "Join Type": "Inner",
                "Startup Cost": 499964.65,
                "Total Cost": 519164.66,
                "Plan Rows": 17228,
                "Plan Width": 0,
                "Actual Startup Time": 1021.028,
                "Actual Total Time": 1100.072,
                "Actual Rows": 17480,
                "Actual Loops": 2,
                "Inner Unique": false,
                "Hash Cond": "(mi_idx.movie_id = t.id)",
                "Plans": [
                  {
                    "Node Type": "Seq Scan",
                    "Parent Relationship": "Outer",
                    "Parallel Aware": true,
                    "Relation Name": "movie_info_idx",
                    "Alias": "mi_idx",
                    "Startup Cost": 0.0,
                    "Total Cost": 18082.32,
                    "Plan Rows": 271028,
                    "Plan Width": 4,
                    "Actual Startup Time": 0.011,
                    "Actual Total Time": 47.267,
                    "Actual Rows": 229962,
                    "Actual Loops": 2,
                    "Filter": "(info_type_id = 101)",
                    "Rows Removed by Filter": 460055
                  },
                  {
                    "Node Type": "Hash",
                    "Parent Relationship": "Inner",
                    "Parallel Aware": true,
                    "Startup Cost": 498782.97,
                    "Total Cost": 498782.97,
                    "Plan Rows": 94535,
                    "Plan Width": 8,
                    "Actual Startup Time": 1017.438,
                    "Actual Total Time": 1017.443,
                    "Actual Rows": 80565,
                    "Actual Loops": 2,
                    "Hash Buckets": 262144,
                    "Original Hash Buckets": 262144,
                    "Hash Batches": 1,
                    "Original Hash Batches": 1,
                    "Peak Memory Usage": 8384,
                    "Plans": [
                      {
                        "Node Type": "Hash Join",
                        "Parent Relationship": "Outer",
                        "Parallel Aware": true,
                        "Join Type": "Inner",
                        "Startup Cost": 191242.76,
                        "Total Cost": 498782.97,
                        "Plan Rows": 94535,
                        "Plan Width": 8,
                        "Actual Startup Time": 342.302,
                        "Actual Total Time": 996.748,
                        "Actual Rows": 80565,
                        "Actual Loops": 2,
                        "Inner Unique": true,
                        "Hash Cond": "(ci.movie_id = t.id)",
                        "Plans": [
                          {
                            "Node Type": "Bitmap Heap Scan",
                            "Parent Relationship": "Outer",
                            "Parallel Aware": true,
                            "Relation Name": "cast_info",
                            "Alias": "ci",
                            "Startup Cost": 136169.78,
                            "Total Cost": 434190.0,
                            "Plan Rows": 3626658,
                            "Plan Width": 4,
                            "Actual Startup Time": 206.165,
                            "Actual Total Time": 525.345,
                            "Actual Rows": 3000449,
                            "Actual Loops": 2,
                            "Recheck Cond": "(person_id > 3046834)",
                            "Rows Removed by Index Recheck": 0,
                            "Exact Heap Blocks": 44292,
                            "Lossy Heap Blocks": 0,
                            "Plans": [
                              {
                                "Node Type": "Bitmap Index Scan",
                                "Parent Relationship": "Outer",
                                "Parallel Aware": false,
                                "Index Name": "person_id_cast_info",
                                "Startup Cost": 0.0,
                                "Total Cost": 134628.45,
                                "Plan Rows": 6165318,
                                "Plan Width": 0,
                                "Actual Startup Time": 192.28,
                                "Actual Total Time": 192.28,
                                "Actual Rows": 6000898,
                                "Actual Loops": 1,
                                "Index Cond": "(person_id > 3046834)"
                              }
                            ]
                          },
                          {
                            "Node Type": "Hash",
                            "Parent Relationship": "Inner",
                            "Parallel Aware": true,
                            "Startup Cost": 54588.39,
                            "Total Cost": 54588.39,
                            "Plan Rows": 38767,
                            "Plan Width": 4,
                            "Actual Startup Time": 134.835,
                            "Actual Total Time": 134.836,
                            "Actual Rows": 31914,
                            "Actual Loops": 2,
                            "Hash Buckets": 131072,
                            "Original Hash Buckets": 131072,
                            "Hash Batches": 1,
                            "Original Hash Batches": 1,
                            "Peak Memory Usage": 3552,
                            "Plans": [
                              {
                                "Node Type": "Seq Scan",
                                "Parent Relationship": "Outer",
                                "Parallel Aware": true,
                                "Relation Name": "title",
                                "Alias": "t",
                                "Startup Cost": 0.0,
                                "Total Cost": 54588.39,
                                "Plan Rows": 38767,
                                "Plan Width": 4,
                                "Actual Startup Time": 0.058,
                                "Actual Total Time": 124.969,
                                "Actual Rows": 31914,
                                "Actual Loops": 2,
                                "Filter": "(production_year = 2013)",
                                "Rows Removed by Filter": 1232242
                              }
                            ]
                          }
                        ]
                      }
                    ]
                  }
                ]
              }
            ]
          }
        ]
      }
    ]
  },
  "Planning Time": 1.004,
  "Triggers": [],
  "Execution Time": 1132.196
}