[
  {
    "Plan": {
      "Node Type": "Aggregate",
      "Strategy": "Plain",
      "Partial Mode": "Finalize",
      "Parallel Aware": false,
      "Startup Cost": 32767.38,
      "Total Cost": 32767.39,
      "Plan Rows": 1,
      "Plan Width": 8,
      "Actual Startup Time": 73.51,
      "Actual Total Time": 81.272,
      "Actual Rows": 1,
      "Actual Loops": 1,
      "Plans": [
        {
          "Node Type": "Gather",
          "Parent Relationship": "Outer",
          "Parallel Aware": false,
          "Startup Cost": 32767.07,
          "Total Cost": 32767.38,
          "Plan Rows": 3,
          "Plan Width": 8,
          "Actual Startup Time": 73.283,
          "Actual Total Time": 81.265,
          "Actual Rows": 4,
          "Actual Loops": 1,
          "Workers Planned": 3,
          "Workers Launched": 3,
          "Single Copy": false,
          "Plans": [
            {
              "Node Type": "Aggregate",
              "Strategy": "Plain",
              "Partial Mode": "Partial",
              "Parent Relationship": "Outer",
              "Parallel Aware": false,
              "Startup Cost": 31767.07,
              "Total Cost": 31767.08,
              "Plan Rows": 1,
              "Plan Width": 8,
              "Actual Startup Time": 69.359,
              "Actual Total Time": 69.361,
              "Actual Rows": 1,
              "Actual Loops": 4,
              "Plans": [
                {
                  "Node Type": "Seq Scan",
                  "Parent Relationship": "Outer",
                  "Parallel Aware": true,
                  "Relation Name": "movie_companies",
                  "Alias": "mc",
                  "Startup Cost": 0.0,
                  "Total Cost": 31414.82,
                  "Plan Rows": 140899,
                  "Plan Width": 0,
                  "Actual Startup Time": 18.118,
                  "Actual Total Time": 67.914,
                  "Actual Rows": 27944,
                  "Actual Loops": 4,
                  "Filter": "((company_id > 22519) AND (company_type_id < 2))",
                  "Rows Removed by Filter": 624338
                }
              ]
            }
          ]
        }
      ]
    },
    "Planning Time": 0.215,
    "Triggers": [],
    "Execution Time": 81.327
  }
]