[
  {
    "Plan": {
      "Node Type": "Aggregate",
      "Strategy": "Plain",
      "Partial Mode": "Finalize",
      "Parallel Aware": false,
      "Startup Cost": 32760.85,
      "Total Cost": 32760.86,
      "Plan Rows": 1,
      "Plan Width": 8,
      "Actual Startup Time": 79.546,
      "Actual Total Time": 85.835,
      "Actual Rows": 1,
      "Actual Loops": 1,
      "Plans": [
        {
          "Node Type": "Gather",
          "Parent Relationship": "Outer",
          "Parallel Aware": false,
          "Startup Cost": 32760.53,
          "Total Cost": 32760.84,
          "Plan Rows": 3,
          "Plan Width": 8,
          "Actual Startup Time": 79.337,
          "Actual Total Time": 85.827,
          "Actual Rows": 4,
          "Actual Loops": 1,
          "Workers Planned": 3,
          "Workers Launched": 3,
          "Single Copy": false,
          "Plans": [
            {
              "Node Type": "Aggregate",
              "Strategy": "Plain",
              "Partial Mode": "Partial",
              "Parent Relationship": "Outer",
              "Parallel Aware": false,
              "Startup Cost": 31760.53,
              "Total Cost": 31760.54,
              "Plan Rows": 1,
              "Plan Width": 8,
              "Actual Startup Time": 74.015,
              "Actual Total Time": 74.016,
              "Actual Rows": 1,
              "Actual Loops": 4,
              "Plans": [
                {
                  "Node Type": "Seq Scan",
                  "Parent Relationship": "Outer",
                  "Parallel Aware": true,
                  "Relation Name": "movie_companies",
                  "Alias": "mc",
                  "Startup Cost": 0.0,
                  "Total Cost": 31414.82,
                  "Plan Rows": 138285,
                  "Plan Width": 0,
                  "Actual Startup Time": 22.414,
                  "Actual Total Time": 72.52,
                  "Actual Rows": 27944,
                  "Actual Loops": 4,
                  "Filter": "((company_id > 22519) AND (company_type_id < 2))",
                  "Rows Removed by Filter": 624338
                }
              ]
            }
          ]
        }
      ]
    },
    "Planning Time": 0.208,
    "Triggers": [],
    "Execution Time": 85.887
  }
]