{
  "Plan": {
    "Node Type": "Aggregate",
    "Strategy": "Plain",
    "Partial Mode": "Finalize",
    "Parallel Aware": false,
    "Startup Cost": 716228.59,
    "Total Cost": 716228.6,
    "Plan Rows": 1,
    "Plan Width": 8,
    "Actual Startup Time": 4505.23,
    "Actual Total Time": 4573.18,
    "Actual Rows": 1,
    "Actual Loops": 1,
    "Plans": [
      {
        "Node Type": "Gather",
        "Parent Relationship": "Outer",
        "Parallel Aware": false,
        "Startup Cost": 716228.48,
        "Total Cost": 716228.59,
        "Plan Rows": 1,
        "Plan Width": 8,
        "Actual Startup Time": 4503.313,
        "Actual Total Time": 4573.171,
        "Actual Rows": 2,
        "Actual Loops": 1,
        "Workers Planned": 1,
        "Workers Launched": 1,
        "Single Copy": false,
        "Plans": [
          {
            "Node Type": "Aggregate",
            "Strategy": "Plain",
            "Partial Mode": "Partial",
            "Parent Relationship": "Outer",
            "Parallel Aware": false,
            "Startup Cost": 715228.48,
            "Total Cost": 715228.49,
            "Plan Rows": 1,
            "Plan Width": 8,
            "Actual Startup Time": 4497.122,
            "Actual Total Time": 4497.128,
            "Actual Rows": 1,
            "Actual Loops": 2,
            "Plans": [
              {
                "Node Type": "Hash Join",
                "Parent Relationship": "Outer",
                "Parallel Aware": true,
                "Join Type": "Inner",
                "Startup Cost": 128676.05,
                "Total Cost": 703046.71,
                "Plan Rows": 4872708,
                "Plan Width": 0,
                "Actual Startup Time": 619.321,
                "Actual Total Time": 4369.688,
                "Actual Rows": 3165594,
                "Actual Loops": 2,
                "Inner Unique": false,
                "Hash Cond": "(ci.movie_id = t.id)",
                "Plans": [
                  {
                    "Node Type": "Seq Scan",
                    "Parent Relationship": "Outer",
                    "Parallel Aware": true,
                    "Relation Name": "cast_info",
                    "Alias": "ci",
                    "Startup Cost": 0.0,
                    "Total Cost": 465792.95,
                    "Plan Rows": 21310595,
                    "Plan Width": 4,
                    "Actual Startup Time": 0.026,
                    "Actual Total Time": 1452.946,
                    "Actual Rows": 18122172,
                    "Actual Loops": 2
                  },
                  {
                    "Node Type": "Hash",
                    "Parent Relationship": "Inner",
                    "Parallel Aware": true,
                    "Startup Cost": 124425.33,
                    "Total Cost": 124425.33,
                    "Plan Rows": 340058,
                    "Plan Width": 8,
                    "Actual Startup Time": 609.772,
                    "Actual Total Time": 609.777,
                    "Actual Rows": 139008,
                    "Actual Loops": 2,
                    "Hash Buckets": 1048576,
                    "Original Hash Buckets": 1048576,
                    "Hash Batches": 1,
                    "Original Hash Batches": 1,
                    "Peak Memory Usage": 19104,
                    "Plans": [
                      {
                        "Node Type": "Hash Join",
                        "Parent Relationship": "Outer",
                        "Parallel Aware": true,
                        "Join Type": "Inner",
                        "Startup Cost": 63530.56,
                        "Total Cost": 124425.33,
                        "Plan Rows": 340058,
                        "Plan Width": 8,
                        "Actual Startup Time": 267.84,
                        "Actual Total Time": 575.803,
                        "Actual Rows": 139008,
                        "Actual Loops": 2,
                        "Inner Unique": true,
                        "Hash Cond": "(mk.movie_id = t.id)",
                        "Plans": [
                          {
                            "Node Type": "Seq Scan",
                            "Parent Relationship": "Outer",
                            "Parallel Aware": true,
                            "Relation Name": "movie_keyword",
                            "Alias": "mk",
                            "Startup Cost": 0.0,
                            "Total Cost": 57718.19,
                            "Plan Rows": 1210127,
                            "Plan Width": 4,
                            "Actual Startup Time": 0.583,
                            "Actual Total Time": 192.219,
                            "Actual Rows": 1027848,
                            "Actual Loops": 2,
                            "Filter": "(keyword_id > 5943)",
                            "Rows Removed by Filter": 1234117
                          },
                          {
                            "Node Type": "Hash",
                            "Parent Relationship": "Inner",
                            "Parallel Aware": true,
                            "Startup Cost": 58306.47,
                            "Total Cost": 58306.47,
                            "Plan Rows": 417927,
                            "Plan Width": 4,
                            "Actual Startup Time": 261.911,
                            "Actual Total Time": 261.912,
                            "Actual Rows": 302285,
                            "Actual Loops": 2,
                            "Hash Buckets": 1048576,
                            "Original Hash Buckets": 1048576,
                            "Hash Batches": 1,
                            "Original Hash Batches": 1,
                            "Peak Memory Usage": 31872,
                            "Plans": [
                              {
                                "Node Type": "Seq Scan",
                                "Parent Relationship": "Outer",
                                "Parallel Aware": true,
                                "Relation Name": "title",
                                "Alias": "t",
                                "Startup Cost": 0.0,
                                "Total Cost": 58306.47,
                                "Plan Rows": 417927,
                                "Plan Width": 4,
                                "Actual Startup Time": 0.055,
                                "Actual Total Time": 165.564,
                                "Actual Rows": 302285,
                                "Actual Loops": 2,
                                "Filter": "((kind_id > 1) AND (production_year < 1999))",
                                "Rows Removed by Filter": 961871
                              }
                            ]
                          }
                        ]
                      }
                    ]
                  }
                ]
              }
            ]
          }
        ]
      }
    ]
  },
  "Planning Time": 0.933,
  "Triggers": [],
  "Execution Time": 4573.273
}