{
  "Plan": {
    "Node Type": "Aggregate",
    "Strategy": "Plain",
    "Partial Mode": "Finalize",
    "Parallel Aware": false,
    "Startup Cost": 116879.96,
    "Total Cost": 116879.97,
    "Plan Rows": 1,
    "Plan Width": 8,
    "Actual Startup Time": 676.519,
    "Actual Total Time": 696.951,
    "Actual Rows": 1,
    "Actual Loops": 1,
    "Plans": [
      {
        "Node Type": "Gather",
        "Parent Relationship": "Outer",
        "Parallel Aware": false,
        "Startup Cost": 116879.84,
        "Total Cost": 116879.95,
        "Plan Rows": 1,
        "Plan Width": 8,
        "Actual Startup Time": 671.233,
        "Actual Total Time": 696.942,
        "Actual Rows": 2,
        "Actual Loops": 1,
        "Workers Planned": 1,
        "Workers Launched": 1,
        "Single Copy": false,
        "Plans": [
          {
            "Node Type": "Aggregate",
            "Strategy": "Plain",
            "Partial Mode": "Partial",
            "Parent Relationship": "Outer",
            "Parallel Aware": false,
            "Startup Cost": 115879.84,
            "Total Cost": 115879.85,
            "Plan Rows": 1,
            "Plan Width": 8,
            "Actual Startup Time": 657.811,
            "Actual Total Time": 657.817,
            "Actual Rows": 1,
            "Actual Loops": 2,
            "Plans": [
              {
                "Node Type": "Hash Join",
                "Parent Relationship": "Outer",
                "Parallel Aware": true,
                "Join Type": "Inner",
                "Startup Cost": 96728.13,
                "Total Cost": 115860.0,
                "Plan Rows": 7938,
                "Plan Width": 0,
                "Actual Startup Time": 617.252,
                "Actual Total Time": 656.559,
                "Actual Rows": 31092,
                "Actual Loops": 2,
                "Inner Unique": false,
                "Hash Cond": "(mi_idx.movie_id = t.id)",
                "Plans": [
                  {
                    "Node Type": "Seq Scan",
                    "Parent Relationship": "Outer",
                    "Parallel Aware": true,
                    "Relation Name": "movie_info_idx",
                    "Alias": "mi_idx",
                    "Startup Cost": 0.0,
                    "Total Cost": 18082.32,
                    "Plan Rows": 267429,
                    "Plan Width": 4,
                    "Actual Startup Time": 0.026,
                    "Actual Total Time": 48.946,
                    "Actual Rows": 229962,
                    "Actual Loops": 2,
                    "Filter": "(info_type_id < 100)",
                    "Rows Removed by Filter": 460055
                  },
                  {
                    "Node Type": "Hash",
                    "Parent Relationship": "Inner",
                    "Parallel Aware": true,
                    "Startup Cost": 96176.36,
                    "Total Cost": 96176.36,
                    "Plan Rows": 44142,
                    "Plan Width": 8,
                    "Actual Startup Time": 579.274,
                    "Actual Total Time": 579.278,
                    "Actual Rows": 37354,
                    "Actual Loops": 2,
                    "Hash Buckets": 131072,
                    "Original Hash Buckets": 131072,
                    "Hash Batches": 1,
                    "Original Hash Batches": 1,
                    "Peak Memory Usage": 4000,
                    "Plans": [
                      {
                        "Node Type": "Hash Join",
                        "Parent Relationship": "Outer",
                        "Parallel Aware": true,
                        "Join Type": "Inner",
                        "Startup Cost": 71054.71,
                        "Total Cost": 96176.36,
                        "Plan Rows": 44142,
                        "Plan Width": 8,
                        "Actual Startup Time": 534.013,
                        "Actual Total Time": 571.945,
                        "Actual Rows": 37354,
                        "Actual Loops": 2,
                        "Inner Unique": true,
                        "Hash Cond": "(mk.movie_id = t.id)",
                        "Plans": [
                          {
                            "Node Type": "Bitmap Heap Scan",
                            "Parent Relationship": "Outer",
                            "Parallel Aware": true,
                            "Relation Name": "movie_keyword",
                            "Alias": "mk",
                            "Startup Cost": 1594.01,
                            "Total Cost": 26599.79,
                            "Plan Rows": 44142,
                            "Plan Width": 4,
                            "Actual Startup Time": 7.305,
                            "Actual Total Time": 32.273,
                            "Actual Rows": 37354,
                            "Actual Loops": 2,
                            "Recheck Cond": "(keyword_id > 89491)",
                            "Rows Removed by Index Recheck": 0,
                            "Exact Heap Blocks": 9363,
                            "Lossy Heap Blocks": 0,
                            "Plans": [
                              {
                                "Node Type": "Bitmap Index Scan",
                                "Parent Relationship": "Outer",
                                "Parallel Aware": false,
                                "Index Name": "keyword_id_movie_keyword",
                                "Startup Cost": 0.0,
                                "Total Cost": 1575.25,
                                "Plan Rows": 75042,
                                "Plan Width": 0,
                                "Actual Startup Time": 5.101,
                                "Actual Total Time": 5.102,
                                "Actual Rows": 74708,
                                "Actual Loops": 1,
                                "Index Cond": "(keyword_id > 89491)"
                              }
                            ]
                          },
                          {
                            "Node Type": "Hash",
                            "Parent Relationship": "Inner",
                            "Parallel Aware": true,
                            "Startup Cost": 50870.31,
                            "Total Cost": 50870.31,
                            "Plan Rows": 1487231,
                            "Plan Width": 4,
                            "Actual Startup Time": 505.773,
                            "Actual Total Time": 505.774,
                            "Actual Rows": 1264156,
                            "Actual Loops": 2,
                            "Hash Buckets": 4194304,
                            "Original Hash Buckets": 4194304,
                            "Hash Batches": 1,
                            "Original Hash Batches": 1,
                            "Peak Memory Usage": 131712,
                            "Plans": [
                              {
                                "Node Type": "Seq Scan",
                                "Parent Relationship": "Outer",
                                "Parallel Aware": true,
                                "Relation Name": "title",
                                "Alias": "t",
                                "Startup Cost": 0.0,
                                "Total Cost": 50870.31,
                                "Plan Rows": 1487231,
                                "Plan Width": 4,
                                "Actual Startup Time": 0.033,
                                "Actual Total Time": 151.97,
                                "Actual Rows": 1264156,
                                "Actual Loops": 2
                              }
                            ]
                          }
                        ]
                      }
                    ]
                  }
                ]
              }
            ]
          }
        ]
      }
    ]
  },
  "Planning Time": 0.865,
  "Triggers": [],
  "Execution Time": 697.051
}