[
  {
    "Plan": {
      "Node Type": "Aggregate",
      "Strategy": "Plain",
      "Partial Mode": "Finalize",
      "Parallel Aware": false,
      "Startup Cost": 91824.01,
      "Total Cost": 91824.02,
      "Plan Rows": 1,
      "Plan Width": 8,
      "Actual Startup Time": 299.259,
      "Actual Total Time": 316.572,
      "Actual Rows": 1,
      "Actual Loops": 1,
      "Plans": [
        {
          "Node Type": "Gather",
          "Parent Relationship": "Outer",
          "Parallel Aware": false,
          "Startup Cost": 91823.69,
          "Total Cost": 91824.0,
          "Plan Rows": 3,
          "Plan Width": 8,
          "Actual Startup Time": 298.021,
          "Actual Total Time": 316.561,
          "Actual Rows": 4,
          "Actual Loops": 1,
          "Workers Planned": 3,
          "Workers Launched": 3,
          "Single Copy": false,
          "Plans": [
            {
              "Node Type": "Aggregate",
              "Strategy": "Plain",
              "Partial Mode": "Partial",
              "Parent Relationship": "Outer",
              "Parallel Aware": false,
              "Startup Cost": 90823.69,
              "Total Cost": 90823.7,
              "Plan Rows": 1,
              "Plan Width": 8,
              "Actual Startup Time": 289.5,
              "Actual Total Time": 289.503,
              "Actual Rows": 1,
              "Actual Loops": 4,
              "Plans": [
                {
                  "Node Type": "Hash Join",
                  "Parent Relationship": "Outer",
                  "Parallel Aware": true,
                  "Join Type": "Inner",
                  "Startup Cost": 46304.09,
                  "Total Cost": 90658.81,
                  "Plan Rows": 65952,
                  "Plan Width": 0,
                  "Actual Startup Time": 154.24,
                  "Actual Total Time": 286.05,
                  "Actual Rows": 72955,
                  "Actual Loops": 4,
                  "Inner Unique": true,
                  "Hash Cond": "(mk.movie_id = t.id)",
                  "Plans": [
                    {
                      "Node Type": "Seq Scan",
                      "Parent Relationship": "Outer",
                      "Parallel Aware": true,
                      "Relation Name": "movie_keyword",
                      "Alias": "mk",
                      "Startup Cost": 0.0,
                      "Total Cost": 42695.65,
                      "Plan Rows": 632028,
                      "Plan Width": 4,
                      "Actual Startup Time": 0.029,
                      "Actual Total Time": 108.187,
                      "Actual Rows": 490532,
                      "Actual Loops": 4,
                      "Filter": "(keyword_id < 3430)",
                      "Rows Removed by Filter": 640451
                    },
                    {
                      "Node Type": "Hash",
                      "Parent Relationship": "Inner",
                      "Parallel Aware": true,
                      "Startup Cost": 45479.59,
                      "Total Cost": 45479.59,
                      "Plan Rows": 65960,
                      "Plan Width": 4,
                      "Actual Startup Time": 118.73,
                      "Actual Total Time": 118.731,
                      "Actual Rows": 54070,
                      "Actual Loops": 4,
                      "Hash Buckets": 524288,
                      "Original Hash Buckets": 524288,
                      "Hash Batches": 1,
                      "Original Hash Batches": 1,
                      "Peak Memory Usage": 12640,
                      "Plans": [
                        {
                          "Node Type": "Seq Scan",
                          "Parent Relationship": "Outer",
                          "Parallel Aware": true,
                          "Relation Name": "title",
                          "Alias": "t",
                          "Startup Cost": 0.0,
                          "Total Cost": 45479.59,
                          "Plan Rows": 65960,
                          "Plan Width": 4,
                          "Actual Startup Time": 44.542,
                          "Actual Total Time": 100.54,
                          "Actual Rows": 54070,
                          "Actual Loops": 4,
                          "Filter": "((production_year > 2005) AND (kind_id = 1))",
                          "Rows Removed by Filter": 578008
                        }
                      ]
                    }
                  ]
                }
              ]
            }
          ]
        }
      ]
    },
    "Planning Time": 0.32,
    "Triggers": [],
    "Execution Time": 316.6
  }
]