[
  {
    "Plan": {
      "Node Type": "Aggregate",
      "Strategy": "Plain",
      "Partial Mode": "Finalize",
      "Parallel Aware": false,
      "Startup Cost": 47029.93,
      "Total Cost": 47029.94,
      "Plan Rows": 1,
      "Plan Width": 8,
      "Actual Startup Time": 187.49,
      "Actual Total Time": 194.931,
      "Actual Rows": 1,
      "Actual Loops": 1,
      "Plans": [
        {
          "Node Type": "Gather",
          "Parent Relationship": "Outer",
          "Parallel Aware": false,
          "Startup Cost": 47029.61,
          "Total Cost": 47029.92,
          "Plan Rows": 3,
          "Plan Width": 8,
          "Actual Startup Time": 187.277,
          "Actual Total Time": 194.922,
          "Actual Rows": 4,
          "Actual Loops": 1,
          "Workers Planned": 3,
          "Workers Launched": 3,
          "Single Copy": false,
          "Plans": [
            {
              "Node Type": "Aggregate",
              "Strategy": "Plain",
              "Partial Mode": "Partial",
              "Parent Relationship": "Outer",
              "Parallel Aware": false,
              "Startup Cost": 46029.61,
              "Total Cost": 46029.62,
              "Plan Rows": 1,
              "Plan Width": 8,
              "Actual Startup Time": 180.938,
              "Actual Total Time": 180.939,
              "Actual Rows": 1,
              "Actual Loops": 4,
              "Plans": [
                {
                  "Node Type": "Seq Scan",
                  "Parent Relationship": "Outer",
                  "Parallel Aware": true,
                  "Relation Name": "movie_keyword",
                  "Alias": "mk",
                  "Startup Cost": 0.0,
                  "Total Cost": 42695.65,
                  "Plan Rows": 1333582,
                  "Plan Width": 0,
                  "Actual Startup Time": 0.053,
                  "Actual Total Time": 130.95,
                  "Actual Rows": 1036543,
                  "Actual Loops": 4,
                  "Filter": "(keyword_id < 45119)",
                  "Rows Removed by Filter": 94440
                }
              ]
            }
          ]
        }
      ]
    },
    "Planning Time": 0.179,
    "Triggers": [],
    "Execution Time": 194.985
  }
]