[
  {
    "Plan": {
      "Node Type": "Aggregate",
      "Strategy": "Plain",
      "Partial Mode": "Finalize",
      "Parallel Aware": false,
      "Startup Cost": 91931.61,
      "Total Cost": 91931.62,
      "Plan Rows": 1,
      "Plan Width": 8,
      "Actual Startup Time": 340.958,
      "Actual Total Time": 357.076,
      "Actual Rows": 1,
      "Actual Loops": 1,
      "Plans": [
        {
          "Node Type": "Gather",
          "Parent Relationship": "Outer",
          "Parallel Aware": false,
          "Startup Cost": 91931.29,
          "Total Cost": 91931.6,
          "Plan Rows": 3,
          "Plan Width": 8,
          "Actual Startup Time": 338.284,
          "Actual Total Time": 357.065,
          "Actual Rows": 4,
          "Actual Loops": 1,
          "Workers Planned": 3,
          "Workers Launched": 3,
          "Single Copy": false,
          "Plans": [
            {
              "Node Type": "Aggregate",
              "Strategy": "Plain",
              "Partial Mode": "Partial",
              "Parent Relationship": "Outer",
              "Parallel Aware": false,
              "Startup Cost": 90931.29,
              "Total Cost": 90931.3,
              "Plan Rows": 1,
              "Plan Width": 8,
              "Actual Startup Time": 329.838,
              "Actual Total Time": 329.841,
              "Actual Rows": 1,
              "Actual Loops": 4,
              "Plans": [
                {
                  "Node Type": "Hash Join",
                  "Parent Relationship": "Outer",
                  "Parallel Aware": true,
                  "Join Type": "Inner",
                  "Startup Cost": 46908.73,
                  "Total Cost": 90578.04,
                  "Plan Rows": 141299,
                  "Plan Width": 0,
                  "Actual Startup Time": 180.434,
                  "Actual Total Time": 323.674,
                  "Actual Rows": 149252,
                  "Actual Loops": 4,
                  "Inner Unique": true,
                  "Hash Cond": "(mk.movie_id = t.id)",
                  "Plans": [
                    {
                      "Node Type": "Seq Scan",
                      "Parent Relationship": "Outer",
                      "Parallel Aware": true,
                      "Relation Name": "movie_keyword",
                      "Alias": "mk",
                      "Startup Cost": 0.0,
                      "Total Cost": 42695.65,
                      "Plan Rows": 370918,
                      "Plan Width": 4,
                      "Actual Startup Time": 0.03,
                      "Actual Total Time": 88.604,
                      "Actual Rows": 289652,
                      "Actual Loops": 4,
                      "Filter": "(keyword_id < 1376)",
                      "Rows Removed by Filter": 841330
                    },
                    {
                      "Node Type": "Hash",
                      "Parent Relationship": "Inner",
                      "Parallel Aware": true,
                      "Startup Cost": 43898.92,
                      "Total Cost": 43898.92,
                      "Plan Rows": 240785,
                      "Plan Width": 4,
                      "Actual Startup Time": 175.179,
                      "Actual Total Time": 175.18,
                      "Actual Rows": 242797,
                      "Actual Loops": 4,
                      "Hash Buckets": 1048576,
                      "Original Hash Buckets": 1048576,
                      "Hash Batches": 1,
                      "Original Hash Batches": 1,
                      "Peak Memory Usage": 46272,
                      "Plans": [
                        {
                          "Node Type": "Seq Scan",
                          "Parent Relationship": "Outer",
                          "Parallel Aware": true,
                          "Relation Name": "title",
                          "Alias": "t",
                          "Startup Cost": 0.0,
                          "Total Cost": 43898.92,
                          "Plan Rows": 240785,
                          "Plan Width": 4,
                          "Actual Startup Time": 0.039,
                          "Actual Total Time": 99.106,
                          "Actual Rows": 242797,
                          "Actual Loops": 4,
                          "Filter": "(production_year < 1999)",
                          "Rows Removed by Filter": 389281
                        }
                      ]
                    }
                  ]
                }
              ]
            }
          ]
        }
      ]
    },
    "Planning Time": 0.7,
    "Triggers": [],
    "Execution Time": 357.142
  }
]