[
  {
    "Plan": {
      "Node Type": "Aggregate",
      "Strategy": "Plain",
      "Partial Mode": "Finalize",
      "Parallel Aware": false,
      "Startup Cost": 318077.08,
      "Total Cost": 318077.09,
      "Plan Rows": 1,
      "Plan Width": 8,
      "Actual Startup Time": 4438.602,
      "Actual Total Time": 4481.765,
      "Actual Rows": 1,
      "Actual Loops": 1,
      "Plans": [
        {
          "Node Type": "Gather",
          "Parent Relationship": "Outer",
          "Parallel Aware": false,
          "Startup Cost": 318076.56,
          "Total Cost": 318077.07,
          "Plan Rows": 5,
          "Plan Width": 8,
          "Actual Startup Time": 4410.601,
          "Actual Total Time": 4481.756,
          "Actual Rows": 6,
          "Actual Loops": 1,
          "Workers Planned": 5,
          "Workers Launched": 5,
          "Single Copy": false,
          "Plans": [
            {
              "Node Type": "Aggregate",
              "Strategy": "Plain",
              "Partial Mode": "Partial",
              "Parent Relationship": "Outer",
              "Parallel Aware": false,
              "Startup Cost": 317076.56,
              "Total Cost": 317076.57,
              "Plan Rows": 1,
              "Plan Width": 8,
              "Actual Startup Time": 4391.664,
              "Actual Total Time": 4391.67,
              "Actual Rows": 1,
              "Actual Loops": 6,
              "Plans": [
                {
                  "Node Type": "Hash Join",
                  "Parent Relationship": "Outer",
                  "Parallel Aware": true,
                  "Join Type": "Inner",
                  "Startup Cost": 101889.73,
                  "Total Cost": 311676.85,
                  "Plan Rows": 2159882,
                  "Plan Width": 0,
                  "Actual Startup Time": 871.866,
                  "Actual Total Time": 3452.233,
                  "Actual Rows": 16713836,
                  "Actual Loops": 6,
                  "Inner Unique": false,
                  "Hash Cond": "(mi.movie_id = t.id)",
                  "Plans": [
                    {
                      "Node Type": "Seq Scan",
                      "Parent Relationship": "Outer",
                      "Parallel Aware": true,
                      "Relation Name": "movie_info",
                      "Alias": "mi",
                      "Startup Cost": 0.0,
                      "Total Cost": 191685.19,
                      "Plan Rows": 2969219,
                      "Plan Width": 4,
                      "Actual Startup Time": 0.062,
                      "Actual Total Time": 386.637,
                      "Actual Rows": 2472620,
                      "Actual Loops": 6
                    },
                    {
                      "Node Type": "Hash",
                      "Parent Relationship": "Inner",
                      "Parallel Aware": true,
                      "Startup Cost": 94473.45,
                      "Total Cost": 94473.45,
                      "Plan Rows": 593302,
                      "Plan Width": 8,
                      "Actual Startup Time": 864.677,
                      "Actual Total Time": 864.681,
                      "Actual Rows": 305717,
                      "Actual Loops": 6,
                      "Hash Buckets": 2097152,
                      "Original Hash Buckets": 2097152,
                      "Hash Batches": 1,
                      "Original Hash Batches": 1,
                      "Peak Memory Usage": 88256,
                      "Plans": [
                        {
                          "Node Type": "Hash Join",
                          "Parent Relationship": "Outer",
                          "Parallel Aware": true,
                          "Join Type": "Inner",
                          "Startup Cost": 50220.38,
                          "Total Cost": 94473.45,
                          "Plan Rows": 593302,
                          "Plan Width": 8,
                          "Actual Startup Time": 470.293,
                          "Actual Total Time": 713.133,
                          "Actual Rows": 305717,
                          "Actual Loops": 6,
                          "Inner Unique": true,
                          "Hash Cond": "(mk.movie_id = t.id)",
                          "Plans": [
                            {
                              "Node Type": "Seq Scan",
                              "Parent Relationship": "Outer",
                              "Parallel Aware": true,
                              "Relation Name": "movie_keyword",
                              "Alias": "mk",
                              "Startup Cost": 0.0,
                              "Total Cost": 42695.65,
                              "Plan Rows": 593302,
                              "Plan Width": 4,
                              "Actual Startup Time": 0.601,
                              "Actual Total Time": 125.399,
                              "Actual Rows": 305717,
                              "Actual Loops": 6,
                              "Filter": "(keyword_id > 7599)",
                              "Rows Removed by Filter": 448272
                            },
                            {
                              "Node Type": "Hash",
                              "Parent Relationship": "Inner",
                              "Parallel Aware": true,
                              "Startup Cost": 42319.06,
                              "Total Cost": 42319.06,
                              "Plan Rows": 632106,
                              "Plan Width": 4,
                              "Actual Startup Time": 461.853,
                              "Actual Total Time": 461.854,
                              "Actual Rows": 421385,
                              "Actual Loops": 6,
                              "Hash Buckets": 4194304,
                              "Original Hash Buckets": 4194304,
                              "Hash Batches": 1,
                              "Original Hash Batches": 1,
                              "Peak Memory Usage": 131744,
                              "Plans": [
                                {
                                  "Node Type": "Seq Scan",
                                  "Parent Relationship": "Outer",
                                  "Parallel Aware": true,
                                  "Relation Name": "title",
                                  "Alias": "t",
                                  "Startup Cost": 0.0,
                                  "Total Cost": 42319.06,
                                  "Plan Rows": 632106,
                                  "Plan Width": 4,
                                  "Actual Startup Time": 0.085,
                                  "Actual Total Time": 126.754,
                                  "Actual Rows": 421385,
                                  "Actual Loops": 6
                                }
                              ]
                            }
                          ]
                        }
                      ]
                    }
                  ]
                }
              ]
            }
          ]
        }
      ]
    },
    "Planning Time": 2.069,
    "Triggers": [],
    "Execution Time": 4481.886
  }
]