{
  "Plan": {
    "Node Type": "Aggregate",
    "Strategy": "Plain",
    "Partial Mode": "Finalize",
    "Parallel Aware": false,
    "Startup Cost": 24771.15,
    "Total Cost": 24771.16,
    "Plan Rows": 1,
    "Plan Width": 8,
    "Actual Startup Time": 36.865,
    "Actual Total Time": 41.728,
    "Actual Rows": 1,
    "Actual Loops": 1,
    "Plans": [
      {
        "Node Type": "Gather",
        "Parent Relationship": "Outer",
        "Parallel Aware": false,
        "Startup Cost": 24771.04,
        "Total Cost": 24771.15,
        "Plan Rows": 1,
        "Plan Width": 8,
        "Actual Startup Time": 36.611,
        "Actual Total Time": 41.721,
        "Actual Rows": 2,
        "Actual Loops": 1,
        "Workers Planned": 1,
        "Workers Launched": 1,
        "Single Copy": false,
        "Plans": [
          {
            "Node Type": "Aggregate",
            "Strategy": "Plain",
            "Partial Mode": "Partial",
            "Parent Relationship": "Outer",
            "Parallel Aware": false,
            "Startup Cost": 23771.04,
            "Total Cost": 23771.05,
            "Plan Rows": 1,
            "Plan Width": 8,
            "Actual Startup Time": 33.024,
            "Actual Total Time": 33.025,
            "Actual Rows": 1,
            "Actual Loops": 2,
            "Plans": [
              {
                "Node Type": "Nested Loop",
                "Parent Relationship": "Outer",
                "Parallel Aware": false,
                "Join Type": "Inner",
                "Startup Cost": 74.9,
                "Total Cost": 23770.35,
                "Plan Rows": 278,
                "Plan Width": 0,
                "Actual Startup Time": 10.551,
                "Actual Total Time": 33.008,
                "Actual Rows": 52,
                "Actual Loops": 2,
                "Inner Unique": false,
                "Plans": [
                  {
                    "Node Type": "Nested Loop",
                    "Parent Relationship": "Outer",
                    "Parallel Aware": false,
                    "Join Type": "Inner",
                    "Startup Cost": 74.47,
                    "Total Cost": 23466.65,
                    "Plan Rows": 510,
                    "Plan Width": 8,
                    "Actual Startup Time": 1.888,
                    "Actual Total Time": 23.217,
                    "Actual Rows": 2240,
                    "Actual Loops": 2,
                    "Inner Unique": true,
                    "Plans": [
                      {
                        "Node Type": "Bitmap Heap Scan",
                        "Parent Relationship": "Outer",
                        "Parallel Aware": true,
                        "Relation Name": "movie_companies",
                        "Alias": "mc",
                        "Startup Cost": 74.04,
                        "Total Cost": 8585.64,
                        "Plan Rows": 1944,
                        "Plan Width": 4,
                        "Actual Startup Time": 1.784,
                        "Actual Total Time": 6.829,
                        "Actual Rows": 2240,
                        "Actual Loops": 2,
                        "Recheck Cond": "(company_id = 11373)",
                        "Rows Removed by Index Recheck": 0,
                        "Exact Heap Blocks": 1743,
                        "Lossy Heap Blocks": 0,
                        "Plans": [
                          {
                            "Node Type": "Bitmap Index Scan",
                            "Parent Relationship": "Outer",
                            "Parallel Aware": false,
                            "Index Name": "company_id_movie_companies",
                            "Startup Cost": 0.0,
                            "Total Cost": 73.22,
                            "Plan Rows": 3305,
                            "Plan Width": 0,
                            "Actual Startup Time": 2.587,
                            "Actual Total Time": 2.588,
                            "Actual Rows": 4481,
                            "Actual Loops": 1,
                            "Index Cond": "(company_id = 11373)"
                          }
                        ]
                      },
                      {
                        "Node Type": "Index Scan",
                        "Parent Relationship": "Inner",
                        "Parallel Aware": false,
                        "Scan Direction": "Forward",
                        "Index Name": "title_pkey",
                        "Relation Name": "title",
                        "Alias": "t",
                        "Startup Cost": 0.43,
                        "Total Cost": 7.65,
                        "Plan Rows": 1,
                        "Plan Width": 4,
                        "Actual Startup Time": 0.007,
                        "Actual Total Time": 0.007,
                        "Actual Rows": 1,
                        "Actual Loops": 4481,
                        "Index Cond": "(id = mc.movie_id)",
                        "Rows Removed by Index Recheck": 0,
                        "Filter": "(kind_id < 2)",
                        "Rows Removed by Filter": 0
                      }
                    ]
                  },
                  {
                    "Node Type": "Index Only Scan",
                    "Parent Relationship": "Inner",
                    "Parallel Aware": false,
                    "Scan Direction": "Forward",
                    "Index Name": "movie_id_movie_info_idx",
                    "Relation Name": "movie_info_idx",
                    "Alias": "mi_idx",
                    "Startup Cost": 0.43,
                    "Total Cost": 0.57,
                    "Plan Rows": 3,
                    "Plan Width": 4,
                    "Actual Startup Time": 0.004,
                    "Actual Total Time": 0.004,
                    "Actual Rows": 0,
                    "Actual Loops": 4481,
                    "Index Cond": "(movie_id = t.id)",
                    "Rows Removed by Index Recheck": 0,
                    "Heap Fetches": 105
                  }
                ]
              }
            ]
          }
        ]
      }
    ]
  },
  "Planning Time": 0.888,
  "Triggers": [],
  "Execution Time": 41.808
}