[
    {
        "Bao": {
            "Bao prediction": 442.074,
            "Bao recommended hint": "(no hint)"
        }
    },
    {
        "Plan": {
            "Node Type": "Aggregate",
            "Strategy": "Plain",
            "Partial Mode": "Finalize",
            "Parallel Aware": false,
            "Startup Cost": 32842.91,
            "Total Cost": 32842.92,
            "Plan Rows": 1,
            "Plan Width": 8,
            "Actual Startup Time": 105.463,
            "Actual Total Time": 113.909,
            "Actual Rows": 1,
            "Actual Loops": 1,
            "Output": [
                "count(*)"
            ],
            "Plans": [
                {
                    "Node Type": "Gather",
                    "Parent Relationship": "Outer",
                    "Parallel Aware": false,
                    "Startup Cost": 32842.59,
                    "Total Cost": 32842.9,
                    "Plan Rows": 3,
                    "Plan Width": 8,
                    "Actual Startup Time": 105.316,
                    "Actual Total Time": 113.863,
                    "Actual Rows": 4,
                    "Actual Loops": 1,
                    "Output": [
                        "(PARTIAL count(*))"
                    ],
                    "Workers Planned": 3,
                    "Workers Launched": 3,
                    "Single Copy": false,
                    "Plans": [
                        {
                            "Node Type": "Aggregate",
                            "Strategy": "Plain",
                            "Partial Mode": "Partial",
                            "Parent Relationship": "Outer",
                            "Parallel Aware": false,
                            "Startup Cost": 31842.59,
                            "Total Cost": 31842.6,
                            "Plan Rows": 1,
                            "Plan Width": 8,
                            "Actual Startup Time": 97.526,
                            "Actual Total Time": 97.528,
                            "Actual Rows": 1,
                            "Actual Loops": 4,
                            "Output": [
                                "PARTIAL count(*)"
                            ],
                            "Workers": [
                                {
                                    "Worker Number": 0,
                                    "Actual Startup Time": 94.608,
                                    "Actual Total Time": 94.609,
                                    "Actual Rows": 1,
                                    "Actual Loops": 1
                                },
                                {
                                    "Worker Number": 1,
                                    "Actual Startup Time": 95.298,
                                    "Actual Total Time": 95.3,
                                    "Actual Rows": 1,
                                    "Actual Loops": 1
                                },
                                {
                                    "Worker Number": 2,
                                    "Actual Startup Time": 95.507,
                                    "Actual Total Time": 95.508,
                                    "Actual Rows": 1,
                                    "Actual Loops": 1
                                }
                            ],
                            "Plans": [
                                {
                                    "Node Type": "Seq Scan",
                                    "Parent Relationship": "Outer",
                                    "Parallel Aware": true,
                                    "Relation Name": "movie_companies",
                                    "Schema": "public",
                                    "Alias": "mc",
                                    "Startup Cost": 0.0,
                                    "Total Cost": 31414.82,
                                    "Plan Rows": 171108,
                                    "Plan Width": 0,
                                    "Actual Startup Time": 23.824,
                                    "Actual Total Time": 93.354,
                                    "Actual Rows": 59802,
                                    "Actual Loops": 4,
                                    "Output": [
                                        "id",
                                        "movie_id",
                                        "company_id",
                                        "company_type_id",
                                        "note"
                                    ],
                                    "Filter": "((mc.company_id > 14294) AND (mc.company_type_id < 2))",
                                    "Rows Removed by Filter": 592480,
                                    "Workers": [
                                        {
                                            "Worker Number": 0,
                                            "Actual Startup Time": 20.914,
                                            "Actual Total Time": 90.796,
                                            "Actual Rows": 51288,
                                            "Actual Loops": 1
                                        },
                                        {
                                            "Worker Number": 1,
                                            "Actual Startup Time": 21.602,
                                            "Actual Total Time": 91.279,
                                            "Actual Rows": 54800,
                                            "Actual Loops": 1
                                        },
                                        {
                                            "Worker Number": 2,
                                            "Actual Startup Time": 21.791,
                                            "Actual Total Time": 91.474,
                                            "Actual Rows": 57838,
                                            "Actual Loops": 1
                                        }
                                    ]
                                }
                            ]
                        }
                    ]
                }
            ]
        },
        "Planning Time": 1201.991,
        "Triggers": [],
        "Execution Time": 114.004
    }
]