[
  {
    "Plan": {
      "Node Type": "Aggregate",
      "Strategy": "Plain",
      "Partial Mode": "Finalize",
      "Parallel Aware": false,
      "Startup Cost": 46526.21,
      "Total Cost": 46526.22,
      "Plan Rows": 1,
      "Plan Width": 8,
      "Actual Startup Time": 227.911,
      "Actual Total Time": 240.788,
      "Actual Rows": 1,
      "Actual Loops": 1,
      "Plans": [
        {
          "Node Type": "Gather",
          "Parent Relationship": "Outer",
          "Parallel Aware": false,
          "Startup Cost": 46525.89,
          "Total Cost": 46526.2,
          "Plan Rows": 3,
          "Plan Width": 8,
          "Actual Startup Time": 227.73,
          "Actual Total Time": 240.777,
          "Actual Rows": 4,
          "Actual Loops": 1,
          "Workers Planned": 3,
          "Workers Launched": 3,
          "Single Copy": false,
          "Plans": [
            {
              "Node Type": "Aggregate",
              "Strategy": "Plain",
              "Partial Mode": "Partial",
              "Parent Relationship": "Outer",
              "Parallel Aware": false,
              "Startup Cost": 45525.89,
              "Total Cost": 45525.9,
              "Plan Rows": 1,
              "Plan Width": 8,
              "Actual Startup Time": 222.754,
              "Actual Total Time": 222.755,
              "Actual Rows": 1,
              "Actual Loops": 4,
              "Plans": [
                {
                  "Node Type": "Seq Scan",
                  "Parent Relationship": "Outer",
                  "Parallel Aware": true,
                  "Relation Name": "movie_keyword",
                  "Alias": "mk",
                  "Startup Cost": 0.0,
                  "Total Cost": 42695.65,
                  "Plan Rows": 1132094,
                  "Plan Width": 0,
                  "Actual Startup Time": 0.041,
                  "Actual Total Time": 166.854,
                  "Actual Rows": 877510,
                  "Actual Loops": 4,
                  "Filter": "(keyword_id < 17835)",
                  "Rows Removed by Filter": 253472
                }
              ]
            }
          ]
        }
      ]
    },
    "Planning Time": 0.193,
    "Triggers": [],
    "Execution Time": 240.848
  }
]