{
  "Plan": {
    "Node Type": "Aggregate",
    "Strategy": "Plain",
    "Partial Mode": "Finalize",
    "Parallel Aware": false,
    "Startup Cost": 665196.73,
    "Total Cost": 665196.74,
    "Plan Rows": 1,
    "Plan Width": 8,
    "Actual Startup Time": 4350.716,
    "Actual Total Time": 4411.246,
    "Actual Rows": 1,
    "Actual Loops": 1,
    "Plans": [
      {
        "Node Type": "Gather",
        "Parent Relationship": "Outer",
        "Parallel Aware": false,
        "Startup Cost": 665196.62,
        "Total Cost": 665196.73,
        "Plan Rows": 1,
        "Plan Width": 8,
        "Actual Startup Time": 4347.094,
        "Actual Total Time": 4411.236,
        "Actual Rows": 2,
        "Actual Loops": 1,
        "Workers Planned": 1,
        "Workers Launched": 1,
        "Single Copy": false,
        "Plans": [
          {
            "Node Type": "Aggregate",
            "Strategy": "Plain",
            "Partial Mode": "Partial",
            "Parent Relationship": "Outer",
            "Parallel Aware": false,
            "Startup Cost": 664196.62,
            "Total Cost": 664196.63,
            "Plan Rows": 1,
            "Plan Width": 8,
            "Actual Startup Time": 4340.119,
            "Actual Total Time": 4340.123,
            "Actual Rows": 1,
            "Actual Loops": 2,
            "Plans": [
              {
                "Node Type": "Hash Join",
                "Parent Relationship": "Outer",
                "Parallel Aware": true,
                "Join Type": "Inner",
                "Startup Cost": 67537.92,
                "Total Cost": 656390.31,
                "Plan Rows": 3122522,
                "Plan Width": 0,
                "Actual Startup Time": 380.709,
                "Actual Total Time": 4199.965,
                "Actual Rows": 3450938,
                "Actual Loops": 2,
                "Inner Unique": true,
                "Hash Cond": "(ci.movie_id = t.id)",
                "Plans": [
                  {
                    "Node Type": "Seq Scan",
                    "Parent Relationship": "Outer",
                    "Parallel Aware": true,
                    "Relation Name": "cast_info",
                    "Alias": "ci",
                    "Startup Cost": 0.0,
                    "Total Cost": 572345.93,
                    "Plan Rows": 6288168,
                    "Plan Width": 4,
                    "Actual Startup Time": 0.016,
                    "Actual Total Time": 1729.211,
                    "Actual Rows": 7218941,
                    "Actual Loops": 2,
                    "Filter": "((person_id < 1962621) AND (role_id < 3))",
                    "Rows Removed by Filter": 10903231
                  },
                  {
                    "Node Type": "Hash",
                    "Parent Relationship": "Inner",
                    "Parallel Aware": true,
                    "Startup Cost": 58306.47,
                    "Total Cost": 58306.47,
                    "Plan Rows": 738516,
                    "Plan Width": 4,
                    "Actual Startup Time": 366.31,
                    "Actual Total Time": 366.311,
                    "Actual Rows": 610767,
                    "Actual Loops": 2,
                    "Hash Buckets": 2097152,
                    "Original Hash Buckets": 2097152,
                    "Hash Batches": 1,
                    "Original Hash Batches": 1,
                    "Peak Memory Usage": 64192,
                    "Plans": [
                      {
                        "Node Type": "Seq Scan",
                        "Parent Relationship": "Outer",
                        "Parallel Aware": true,
                        "Relation Name": "title",
                        "Alias": "t",
                        "Startup Cost": 0.0,
                        "Total Cost": 58306.47,
                        "Plan Rows": 738516,
                        "Plan Width": 4,
                        "Actual Startup Time": 0.028,
                        "Actual Total Time": 173.73,
                        "Actual Rows": 610767,
                        "Actual Loops": 2,
                        "Filter": "((production_year < 2011) AND (kind_id = 7))",
                        "Rows Removed by Filter": 653389
                      }
                    ]
                  }
                ]
              }
            ]
          }
        ]
      }
    ]
  },
  "Planning Time": 0.601,
  "Triggers": [],
  "Execution Time": 4411.328
}