[
  {
    "Plan": {
      "Node Type": "Aggregate",
      "Strategy": "Plain",
      "Partial Mode": "Finalize",
      "Parallel Aware": false,
      "Startup Cost": 359189.14,
      "Total Cost": 359189.15,
      "Plan Rows": 1,
      "Plan Width": 8,
      "Actual Startup Time": 520.643,
      "Actual Total Time": 595.397,
      "Actual Rows": 1,
      "Actual Loops": 1,
      "Plans": [
        {
          "Node Type": "Gather",
          "Parent Relationship": "Outer",
          "Parallel Aware": false,
          "Startup Cost": 359188.72,
          "Total Cost": 359189.13,
          "Plan Rows": 4,
          "Plan Width": 8,
          "Actual Startup Time": 520.523,
          "Actual Total Time": 595.386,
          "Actual Rows": 5,
          "Actual Loops": 1,
          "Workers Planned": 4,
          "Workers Launched": 4,
          "Single Copy": false,
          "Plans": [
            {
              "Node Type": "Aggregate",
              "Strategy": "Plain",
              "Partial Mode": "Partial",
              "Parent Relationship": "Outer",
              "Parallel Aware": false,
              "Startup Cost": 358188.72,
              "Total Cost": 358188.73,
              "Plan Rows": 1,
              "Plan Width": 8,
              "Actual Startup Time": 511.072,
              "Actual Total Time": 511.074,
              "Actual Rows": 1,
              "Actual Loops": 5,
              "Plans": [
                {
                  "Node Type": "Nested Loop",
                  "Parent Relationship": "Outer",
                  "Parallel Aware": false,
                  "Join Type": "Inner",
                  "Startup Cost": 0.56,
                  "Total Cost": 357758.16,
                  "Plan Rows": 172221,
                  "Plan Width": 0,
                  "Actual Startup Time": 0.422,
                  "Actual Total Time": 499.085,
                  "Actual Rows": 129077,
                  "Actual Loops": 5,
                  "Inner Unique": false,
                  "Plans": [
                    {
                      "Node Type": "Seq Scan",
                      "Parent Relationship": "Outer",
                      "Parallel Aware": true,
                      "Relation Name": "title",
                      "Alias": "t",
                      "Startup Cost": 0.0,
                      "Total Cost": 45479.1,
                      "Plan Rows": 12019,
                      "Plan Width": 4,
                      "Actual Startup Time": 0.17,
                      "Actual Total Time": 82.171,
                      "Actual Rows": 8553,
                      "Actual Loops": 5,
                      "Filter": "((kind_id < 3) AND (production_year = 2011))",
                      "Rows Removed by Filter": 497110
                    },
                    {
                      "Node Type": "Index Only Scan",
                      "Parent Relationship": "Inner",
                      "Parallel Aware": false,
                      "Scan Direction": "Forward",
                      "Index Name": "movie_id_cast_info",
                      "Relation Name": "cast_info",
                      "Alias": "ci",
                      "Startup Cost": 0.56,
                      "Total Cost": 25.61,
                      "Plan Rows": 37,
                      "Plan Width": 4,
                      "Actual Startup Time": 0.011,
                      "Actual Total Time": 0.046,
                      "Actual Rows": 15,
                      "Actual Loops": 42764,
                      "Index Cond": "(movie_id = t.id)",
                      "Rows Removed by Index Recheck": 0,
                      "Heap Fetches": 645384
                    }
                  ]
                }
              ]
            }
          ]
        }
      ]
    },
    "Planning Time": 0.518,
    "Triggers": [],
    "Execution Time": 595.477
  }
]