[
    {
        "Bao": {
            "Bao prediction": 762.547,
            "Bao recommended hint": "(no hint)"
        }
    },
    {
        "Plan": {
            "Node Type": "Aggregate",
            "Strategy": "Plain",
            "Partial Mode": "Finalize",
            "Parallel Aware": false,
            "Startup Cost": 48559.84,
            "Total Cost": 48559.85,
            "Plan Rows": 1,
            "Plan Width": 8,
            "Actual Startup Time": 105.594,
            "Actual Total Time": 110.227,
            "Actual Rows": 1,
            "Actual Loops": 1,
            "Output": [
                "count(*)"
            ],
            "Plans": [
                {
                    "Node Type": "Gather",
                    "Parent Relationship": "Outer",
                    "Parallel Aware": false,
                    "Startup Cost": 48559.53,
                    "Total Cost": 48559.84,
                    "Plan Rows": 3,
                    "Plan Width": 8,
                    "Actual Startup Time": 105.066,
                    "Actual Total Time": 110.22,
                    "Actual Rows": 4,
                    "Actual Loops": 1,
                    "Output": [
                        "(PARTIAL count(*))"
                    ],
                    "Workers Planned": 3,
                    "Workers Launched": 3,
                    "Single Copy": false,
                    "Plans": [
                        {
                            "Node Type": "Aggregate",
                            "Strategy": "Plain",
                            "Partial Mode": "Partial",
                            "Parent Relationship": "Outer",
                            "Parallel Aware": false,
                            "Startup Cost": 47559.53,
                            "Total Cost": 47559.54,
                            "Plan Rows": 1,
                            "Plan Width": 8,
                            "Actual Startup Time": 96.707,
                            "Actual Total Time": 96.711,
                            "Actual Rows": 1,
                            "Actual Loops": 4,
                            "Output": [
                                "PARTIAL count(*)"
                            ],
                            "Workers": [
                                {
                                    "Worker Number": 0,
                                    "Actual Startup Time": 94.13,
                                    "Actual Total Time": 94.134,
                                    "Actual Rows": 1,
                                    "Actual Loops": 1
                                },
                                {
                                    "Worker Number": 1,
                                    "Actual Startup Time": 94.142,
                                    "Actual Total Time": 94.145,
                                    "Actual Rows": 1,
                                    "Actual Loops": 1
                                },
                                {
                                    "Worker Number": 2,
                                    "Actual Startup Time": 94.198,
                                    "Actual Total Time": 94.201,
                                    "Actual Rows": 1,
                                    "Actual Loops": 1
                                }
                            ],
                            "Plans": [
                                {
                                    "Node Type": "Hash Join",
                                    "Parent Relationship": "Outer",
                                    "Parallel Aware": true,
                                    "Join Type": "Inner",
                                    "Startup Cost": 38830.32,
                                    "Total Cost": 47551.47,
                                    "Plan Rows": 3221,
                                    "Plan Width": 0,
                                    "Actual Startup Time": 64.657,
                                    "Actual Total Time": 96.629,
                                    "Actual Rows": 809,
                                    "Actual Loops": 4,
                                    "Inner Unique": true,
                                    "Hash Cond": "(ci.movie_id = t.id)",
                                    "Workers": [
                                        {
                                            "Worker Number": 0,
                                            "Actual Startup Time": 61.93,
                                            "Actual Total Time": 94.048,
                                            "Actual Rows": 723,
                                            "Actual Loops": 1
                                        },
                                        {
                                            "Worker Number": 1,
                                            "Actual Startup Time": 62.094,
                                            "Actual Total Time": 94.061,
                                            "Actual Rows": 681,
                                            "Actual Loops": 1
                                        },
                                        {
                                            "Worker Number": 2,
                                            "Actual Startup Time": 62.01,
                                            "Actual Total Time": 94.109,
                                            "Actual Rows": 795,
                                            "Actual Loops": 1
                                        }
                                    ],
                                    "Plans": [
                                        {
                                            "Node Type": "Index Scan",
                                            "Parent Relationship": "Outer",
                                            "Parallel Aware": true,
                                            "Scan Direction": "Forward",
                                            "Index Name": "role_id_cast_info",
                                            "Relation Name": "cast_info",
                                            "Schema": "public",
                                            "Alias": "ci",
                                            "Startup Cost": 0.56,
                                            "Total Cost": 8465.91,
                                            "Plan Rows": 97454,
                                            "Plan Width": 4,
                                            "Actual Startup Time": 0.255,
                                            "Actual Total Time": 16.215,
                                            "Actual Rows": 79030,
                                            "Actual Loops": 4,
                                            "Output": [
                                                "ci.id",
                                                "ci.person_id",
                                                "ci.movie_id",
                                                "ci.person_role_id",
                                                "ci.note",
                                                "ci.nr_order",
                                                "ci.role_id"
                                            ],
                                            "Index Cond": "(ci.role_id > 10)",
                                            "Rows Removed by Index Recheck": 0,
                                            "Workers": [
                                                {
                                                    "Worker Number": 0,
                                                    "Actual Startup Time": 0.304,
                                                    "Actual Total Time": 16.844,
                                                    "Actual Rows": 70418,
                                                    "Actual Loops": 1
                                                },
                                                {
                                                    "Worker Number": 1,
                                                    "Actual Startup Time": 0.31,
                                                    "Actual Total Time": 16.875,
                                                    "Actual Rows": 69420,
                                                    "Actual Loops": 1
                                                },
                                                {
                                                    "Worker Number": 2,
                                                    "Actual Startup Time": 0.107,
                                                    "Actual Total Time": 16.698,
                                                    "Actual Rows": 69810,
                                                    "Actual Loops": 1
                                                }
                                            ]
                                        },
                                        {
                                            "Node Type": "Hash",
                                            "Parent Relationship": "Inner",
                                            "Parallel Aware": true,
                                            "Startup Cost": 38568.59,
                                            "Total Cost": 38568.59,
                                            "Plan Rows": 20893,
                                            "Plan Width": 4,
                                            "Actual Startup Time": 62.698,
                                            "Actual Total Time": 62.699,
                                            "Actual Rows": 22272,
                                            "Actual Loops": 4,
                                            "Output": [
                                                "t.id"
                                            ],
                                            "Hash Buckets": 131072,
                                            "Original Hash Buckets": 131072,
                                            "Hash Batches": 1,
                                            "Original Hash Batches": 1,
                                            "Peak Memory Usage": 4608,
                                            "Workers": [
                                                {
                                                    "Worker Number": 0,
                                                    "Actual Startup Time": 61.202,
                                                    "Actual Total Time": 61.203,
                                                    "Actual Rows": 12526,
                                                    "Actual Loops": 1
                                                },
                                                {
                                                    "Worker Number": 1,
                                                    "Actual Startup Time": 61.345,
                                                    "Actual Total Time": 61.346,
                                                    "Actual Rows": 13940,
                                                    "Actual Loops": 1
                                                },
                                                {
                                                    "Worker Number": 2,
                                                    "Actual Startup Time": 61.332,
                                                    "Actual Total Time": 61.333,
                                                    "Actual Rows": 14876,
                                                    "Actual Loops": 1
                                                }
                                            ],
                                            "Plans": [
                                                {
                                                    "Node Type": "Bitmap Heap Scan",
                                                    "Parent Relationship": "Outer",
                                                    "Parallel Aware": true,
                                                    "Relation Name": "title",
                                                    "Schema": "public",
                                                    "Alias": "t",
                                                    "Startup Cost": 2127.5,
                                                    "Total Cost": 38568.59,
                                                    "Plan Rows": 20893,
                                                    "Plan Width": 4,
                                                    "Actual Startup Time": 17.024,
                                                    "Actual Total Time": 53.211,
                                                    "Actual Rows": 22272,
                                                    "Actual Loops": 4,
                                                    "Output": [
                                                        "t.id"
                                                    ],
                                                    "Recheck Cond": "(t.kind_id = 4)",
                                                    "Rows Removed by Index Recheck": 0,
                                                    "Filter": "(t.production_year < 2009)",
                                                    "Rows Removed by Filter": 7286,
                                                    "Exact Heap Blocks": 6829,
                                                    "Lossy Heap Blocks": 0,
                                                    "Workers": [
                                                        {
                                                            "Worker Number": 0,
                                                            "Actual Startup Time": 15.741,
                                                            "Actual Total Time": 52.073,
                                                            "Actual Rows": 12526,
                                                            "Actual Loops": 1
                                                        },
                                                        {
                                                            "Worker Number": 1,
                                                            "Actual Startup Time": 15.658,
                                                            "Actual Total Time": 53.407,
                                                            "Actual Rows": 13940,
                                                            "Actual Loops": 1
                                                        },
                                                        {
                                                            "Worker Number": 2,
                                                            "Actual Startup Time": 15.676,
                                                            "Actual Total Time": 53.32,
                                                            "Actual Rows": 14876,
                                                            "Actual Loops": 1
                                                        }
                                                    ],
                                                    "Plans": [
                                                        {
                                                            "Node Type": "Bitmap Index Scan",
                                                            "Parent Relationship": "Outer",
                                                            "Parallel Aware": false,
                                                            "Index Name": "kind_id_title",
                                                            "Startup Cost": 0.0,
                                                            "Total Cost": 2106.61,
                                                            "Plan Rows": 118157,
                                                            "Plan Width": 0,
                                                            "Actual Startup Time": 16.112,
                                                            "Actual Total Time": 16.112,
                                                            "Actual Rows": 118234,
                                                            "Actual Loops": 1,
                                                            "Index Cond": "(t.kind_id = 4)"
                                                        }
                                                    ]
                                                }
                                            ]
                                        }
                                    ]
                                }
                            ]
                        }
                    ]
                }
            ]
        },
        "Planning Time": 915.153,
        "Triggers": [],
        "Execution Time": 110.361
    }
]