[
  {
    "Plan": {
      "Node Type": "Aggregate",
      "Strategy": "Plain",
      "Partial Mode": "Finalize",
      "Parallel Aware": false,
      "Startup Cost": 47313.08,
      "Total Cost": 47313.09,
      "Plan Rows": 1,
      "Plan Width": 8,
      "Actual Startup Time": 203.36,
      "Actual Total Time": 213.141,
      "Actual Rows": 1,
      "Actual Loops": 1,
      "Plans": [
        {
          "Node Type": "Gather",
          "Parent Relationship": "Outer",
          "Parallel Aware": false,
          "Startup Cost": 47312.76,
          "Total Cost": 47313.07,
          "Plan Rows": 3,
          "Plan Width": 8,
          "Actual Startup Time": 203.26,
          "Actual Total Time": 213.131,
          "Actual Rows": 4,
          "Actual Loops": 1,
          "Workers Planned": 3,
          "Workers Launched": 3,
          "Single Copy": false,
          "Plans": [
            {
              "Node Type": "Aggregate",
              "Strategy": "Plain",
              "Partial Mode": "Partial",
              "Parent Relationship": "Outer",
              "Parallel Aware": false,
              "Startup Cost": 46312.76,
              "Total Cost": 46312.77,
              "Plan Rows": 1,
              "Plan Width": 8,
              "Actual Startup Time": 196.469,
              "Actual Total Time": 196.471,
              "Actual Rows": 1,
              "Actual Loops": 4,
              "Plans": [
                {
                  "Node Type": "Seq Scan",
                  "Parent Relationship": "Outer",
                  "Parallel Aware": true,
                  "Relation Name": "movie_keyword",
                  "Alias": "mk",
                  "Startup Cost": 0.0,
                  "Total Cost": 42695.65,
                  "Plan Rows": 1446844,
                  "Plan Width": 0,
                  "Actual Startup Time": 0.045,
                  "Actual Total Time": 139.215,
                  "Actual Rows": 1120799,
                  "Actual Loops": 4,
                  "Filter": "(keyword_id < 104238)",
                  "Rows Removed by Filter": 10184
                }
              ]
            }
          ]
        }
      ]
    },
    "Planning Time": 0.14,
    "Triggers": [],
    "Execution Time": 213.171
  }
]