[
  {
    "Plan": {
      "Node Type": "Aggregate",
      "Strategy": "Plain",
      "Partial Mode": "Finalize",
      "Parallel Aware": false,
      "Startup Cost": 44745.8,
      "Total Cost": 44745.81,
      "Plan Rows": 1,
      "Plan Width": 8,
      "Actual Startup Time": 129.79,
      "Actual Total Time": 137.757,
      "Actual Rows": 1,
      "Actual Loops": 1,
      "Plans": [
        {
          "Node Type": "Gather",
          "Parent Relationship": "Outer",
          "Parallel Aware": false,
          "Startup Cost": 44745.49,
          "Total Cost": 44745.8,
          "Plan Rows": 3,
          "Plan Width": 8,
          "Actual Startup Time": 129.685,
          "Actual Total Time": 137.748,
          "Actual Rows": 4,
          "Actual Loops": 1,
          "Workers Planned": 3,
          "Workers Launched": 3,
          "Single Copy": false,
          "Plans": [
            {
              "Node Type": "Aggregate",
              "Strategy": "Plain",
              "Partial Mode": "Partial",
              "Parent Relationship": "Outer",
              "Parallel Aware": false,
              "Startup Cost": 43745.49,
              "Total Cost": 43745.5,
              "Plan Rows": 1,
              "Plan Width": 8,
              "Actual Startup Time": 123.68,
              "Actual Total Time": 123.681,
              "Actual Rows": 1,
              "Actual Loops": 4,
              "Plans": [
                {
                  "Node Type": "Seq Scan",
                  "Parent Relationship": "Outer",
                  "Parallel Aware": true,
                  "Relation Name": "movie_keyword",
                  "Alias": "mk",
                  "Startup Cost": 0.0,
                  "Total Cost": 42695.65,
                  "Plan Rows": 419933,
                  "Plan Width": 0,
                  "Actual Startup Time": 1.857,
                  "Actual Total Time": 106.289,
                  "Actual Rows": 328640,
                  "Actual Loops": 4,
                  "Filter": "(keyword_id > 13353)",
                  "Rows Removed by Filter": 802343
                }
              ]
            }
          ]
        }
      ]
    },
    "Planning Time": 0.178,
    "Triggers": [],
    "Execution Time": 137.811
  }
]