{
  "Plan": {
    "Node Type": "Aggregate",
    "Strategy": "Plain",
    "Partial Mode": "Finalize",
    "Parallel Aware": false,
    "Startup Cost": 32774.06,
    "Total Cost": 32774.07,
    "Plan Rows": 1,
    "Plan Width": 8,
    "Actual Startup Time": 49.94,
    "Actual Total Time": 57.15,
    "Actual Rows": 1,
    "Actual Loops": 1,
    "Plans": [
      {
        "Node Type": "Gather",
        "Parent Relationship": "Outer",
        "Parallel Aware": false,
        "Startup Cost": 32773.95,
        "Total Cost": 32774.06,
        "Plan Rows": 1,
        "Plan Width": 8,
        "Actual Startup Time": 49.827,
        "Actual Total Time": 57.144,
        "Actual Rows": 2,
        "Actual Loops": 1,
        "Workers Planned": 1,
        "Workers Launched": 1,
        "Single Copy": false,
        "Plans": [
          {
            "Node Type": "Aggregate",
            "Strategy": "Plain",
            "Partial Mode": "Partial",
            "Parent Relationship": "Outer",
            "Parallel Aware": false,
            "Startup Cost": 31773.95,
            "Total Cost": 31773.96,
            "Plan Rows": 1,
            "Plan Width": 8,
            "Actual Startup Time": 44.931,
            "Actual Total Time": 44.933,
            "Actual Rows": 1,
            "Actual Loops": 2,
            "Plans": [
              {
                "Node Type": "Nested Loop",
                "Parent Relationship": "Outer",
                "Parallel Aware": false,
                "Join Type": "Inner",
                "Startup Cost": 95.18,
                "Total Cost": 31772.79,
                "Plan Rows": 462,
                "Plan Width": 0,
                "Actual Startup Time": 3.57,
                "Actual Total Time": 44.648,
                "Actual Rows": 1694,
                "Actual Loops": 2,
                "Inner Unique": false,
                "Plans": [
                  {
                    "Node Type": "Nested Loop",
                    "Parent Relationship": "Outer",
                    "Parallel Aware": false,
                    "Join Type": "Inner",
                    "Startup Cost": 94.75,
                    "Total Cost": 30435.54,
                    "Plan Rows": 2572,
                    "Plan Width": 8,
                    "Actual Startup Time": 3.445,
                    "Actual Total Time": 29.239,
                    "Actual Rows": 2626,
                    "Actual Loops": 2,
                    "Inner Unique": true,
                    "Plans": [
                      {
                        "Node Type": "Bitmap Heap Scan",
                        "Parent Relationship": "Outer",
                        "Parallel Aware": true,
                        "Relation Name": "movie_keyword",
                        "Alias": "mk",
                        "Startup Cost": 94.32,
                        "Total Cost": 11305.86,
                        "Plan Rows": 2572,
                        "Plan Width": 4,
                        "Actual Startup Time": 3.324,
                        "Actual Total Time": 10.728,
                        "Actual Rows": 2626,
                        "Actual Loops": 2,
                        "Recheck Cond": "(keyword_id = 3311)",
                        "Rows Removed by Index Recheck": 0,
                        "Exact Heap Blocks": 2881,
                        "Lossy Heap Blocks": 0,
                        "Plans": [
                          {
                            "Node Type": "Bitmap Index Scan",
                            "Parent Relationship": "Outer",
                            "Parallel Aware": false,
                            "Index Name": "keyword_id_movie_keyword",
                            "Startup Cost": 0.0,
                            "Total Cost": 93.23,
                            "Plan Rows": 4373,
                            "Plan Width": 0,
                            "Actual Startup Time": 4.569,
                            "Actual Total Time": 4.569,
                            "Actual Rows": 5252,
                            "Actual Loops": 1,
                            "Index Cond": "(keyword_id = 3311)"
                          }
                        ]
                      },
                      {
                        "Node Type": "Index Only Scan",
                        "Parent Relationship": "Inner",
                        "Parallel Aware": false,
                        "Scan Direction": "Forward",
                        "Index Name": "title_pkey",
                        "Relation Name": "title",
                        "Alias": "t",
                        "Startup Cost": 0.43,
                        "Total Cost": 7.44,
                        "Plan Rows": 1,
                        "Plan Width": 4,
                        "Actual Startup Time": 0.006,
                        "Actual Total Time": 0.006,
                        "Actual Rows": 1,
                        "Actual Loops": 5252,
                        "Index Cond": "(id = mk.movie_id)",
                        "Rows Removed by Index Recheck": 0,
                        "Heap Fetches": 5252
                      }
                    ]
                  },
                  {
                    "Node Type": "Index Scan",
                    "Parent Relationship": "Inner",
                    "Parallel Aware": false,
                    "Scan Direction": "Forward",
                    "Index Name": "movie_id_movie_info_idx",
                    "Relation Name": "movie_info_idx",
                    "Alias": "mi_idx",
                    "Startup Cost": 0.43,
                    "Total Cost": 0.51,
                    "Plan Rows": 1,
                    "Plan Width": 4,
                    "Actual Startup Time": 0.005,
                    "Actual Total Time": 0.005,
                    "Actual Rows": 1,
                    "Actual Loops": 5252,
                    "Index Cond": "(movie_id = t.id)",
                    "Rows Removed by Index Recheck": 0,
                    "Filter": "(info_type_id < 100)",
                    "Rows Removed by Filter": 1
                  }
                ]
              }
            ]
          }
        ]
      }
    ]
  },
  "Planning Time": 0.869,
  "Triggers": [],
  "Execution Time": 57.248
}