[
    {
        "Bao": {
            "Bao prediction": "NaN",
            "Bao recommended hint": "(no hint)"
        }
    },
    {
        "Plan": {
            "Node Type": "Aggregate",
            "Strategy": "Plain",
            "Partial Mode": "Finalize",
            "Parallel Aware": false,
            "Startup Cost": 346880.29,
            "Total Cost": 346880.3,
            "Plan Rows": 1,
            "Plan Width": 8,
            "Actual Startup Time": 728.618,
            "Actual Total Time": 775.565,
            "Actual Rows": 1,
            "Actual Loops": 1,
            "Output": [
                "count(*)"
            ],
            "Plans": [
                {
                    "Node Type": "Gather",
                    "Parent Relationship": "Outer",
                    "Parallel Aware": false,
                    "Startup Cost": 346879.66,
                    "Total Cost": 346880.27,
                    "Plan Rows": 6,
                    "Plan Width": 8,
                    "Actual Startup Time": 728.426,
                    "Actual Total Time": 775.555,
                    "Actual Rows": 7,
                    "Actual Loops": 1,
                    "Output": [
                        "(PARTIAL count(*))"
                    ],
                    "Workers Planned": 6,
                    "Workers Launched": 6,
                    "Single Copy": false,
                    "Plans": [
                        {
                            "Node Type": "Aggregate",
                            "Strategy": "Plain",
                            "Partial Mode": "Partial",
                            "Parent Relationship": "Outer",
                            "Parallel Aware": false,
                            "Startup Cost": 345879.66,
                            "Total Cost": 345879.67,
                            "Plan Rows": 1,
                            "Plan Width": 8,
                            "Actual Startup Time": 718.827,
                            "Actual Total Time": 718.828,
                            "Actual Rows": 1,
                            "Actual Loops": 7,
                            "Output": [
                                "PARTIAL count(*)"
                            ],
                            "Workers": [
                                {
                                    "Worker Number": 0,
                                    "Actual Startup Time": 715.89,
                                    "Actual Total Time": 715.891,
                                    "Actual Rows": 1,
                                    "Actual Loops": 1
                                },
                                {
                                    "Worker Number": 1,
                                    "Actual Startup Time": 716.715,
                                    "Actual Total Time": 716.716,
                                    "Actual Rows": 1,
                                    "Actual Loops": 1
                                },
                                {
                                    "Worker Number": 2,
                                    "Actual Startup Time": 717.35,
                                    "Actual Total Time": 717.352,
                                    "Actual Rows": 1,
                                    "Actual Loops": 1
                                },
                                {
                                    "Worker Number": 3,
                                    "Actual Startup Time": 717.632,
                                    "Actual Total Time": 717.633,
                                    "Actual Rows": 1,
                                    "Actual Loops": 1
                                },
                                {
                                    "Worker Number": 4,
                                    "Actual Startup Time": 717.886,
                                    "Actual Total Time": 717.888,
                                    "Actual Rows": 1,
                                    "Actual Loops": 1
                                },
                                {
                                    "Worker Number": 5,
                                    "Actual Startup Time": 718.243,
                                    "Actual Total Time": 718.244,
                                    "Actual Rows": 1,
                                    "Actual Loops": 1
                                }
                            ],
                            "Plans": [
                                {
                                    "Node Type": "Seq Scan",
                                    "Parent Relationship": "Outer",
                                    "Parallel Aware": true,
                                    "Relation Name": "cast_info",
                                    "Schema": "public",
                                    "Alias": "ci",
                                    "Startup Cost": 0.0,
                                    "Total Cost": 343318.94,
                                    "Plan Rows": 1024289,
                                    "Plan Width": 0,
                                    "Actual Startup Time": 250.334,
                                    "Actual Total Time": 694.997,
                                    "Actual Rows": 383705,
                                    "Actual Loops": 7,
                                    "Output": [
                                        "id",
                                        "person_id",
                                        "movie_id",
                                        "person_role_id",
                                        "note",
                                        "nr_order",
                                        "role_id"
                                    ],
                                    "Filter": "((ci.person_id < 938472) AND (ci.role_id > 1))",
                                    "Rows Removed by Filter": 4794058,
                                    "Workers": [
                                        {
                                            "Worker Number": 0,
                                            "Actual Startup Time": 246.201,
                                            "Actual Total Time": 693.615,
                                            "Actual Rows": 322345,
                                            "Actual Loops": 1
                                        },
                                        {
                                            "Worker Number": 1,
                                            "Actual Startup Time": 247.803,
                                            "Actual Total Time": 693.434,
                                            "Actual Rows": 340638,
                                            "Actual Loops": 1
                                        },
                                        {
                                            "Worker Number": 2,
                                            "Actual Startup Time": 247.288,
                                            "Actual Total Time": 694.092,
                                            "Actual Rows": 340231,
                                            "Actual Loops": 1
                                        },
                                        {
                                            "Worker Number": 3,
                                            "Actual Startup Time": 250.473,
                                            "Actual Total Time": 694.269,
                                            "Actual Rows": 342389,
                                            "Actual Loops": 1
                                        },
                                        {
                                            "Worker Number": 4,
                                            "Actual Startup Time": 249.631,
                                            "Actual Total Time": 694.386,
                                            "Actual Rows": 344709,
                                            "Actual Loops": 1
                                        },
                                        {
                                            "Worker Number": 5,
                                            "Actual Startup Time": 252.714,
                                            "Actual Total Time": 695.004,
                                            "Actual Rows": 339311,
                                            "Actual Loops": 1
                                        }
                                    ]
                                }
                            ]
                        }
                    ]
                }
            ]
        },
        "Planning Time": 202.208,
        "Triggers": [],
        "Execution Time": 775.624
    }
]