[
  {
    "Plan": {
      "Node Type": "Aggregate",
      "Strategy": "Plain",
      "Partial Mode": "Finalize",
      "Parallel Aware": false,
      "Startup Cost": 333695.64,
      "Total Cost": 333695.65,
      "Plan Rows": 1,
      "Plan Width": 8,
      "Actual Startup Time": 622.081,
      "Actual Total Time": 682.813,
      "Actual Rows": 1,
      "Actual Loops": 1,
      "Plans": [
        {
          "Node Type": "Gather",
          "Parent Relationship": "Outer",
          "Parallel Aware": false,
          "Startup Cost": 333695.01,
          "Total Cost": 333695.62,
          "Plan Rows": 6,
          "Plan Width": 8,
          "Actual Startup Time": 621.927,
          "Actual Total Time": 682.801,
          "Actual Rows": 7,
          "Actual Loops": 1,
          "Workers Planned": 6,
          "Workers Launched": 6,
          "Single Copy": false,
          "Plans": [
            {
              "Node Type": "Aggregate",
              "Strategy": "Plain",
              "Partial Mode": "Partial",
              "Parent Relationship": "Outer",
              "Parallel Aware": false,
              "Startup Cost": 332695.01,
              "Total Cost": 332695.02,
              "Plan Rows": 1,
              "Plan Width": 8,
              "Actual Startup Time": 612.453,
              "Actual Total Time": 612.454,
              "Actual Rows": 1,
              "Actual Loops": 7,
              "Plans": [
                {
                  "Node Type": "Seq Scan",
                  "Parent Relationship": "Outer",
                  "Parallel Aware": true,
                  "Relation Name": "cast_info",
                  "Alias": "ci",
                  "Startup Cost": 0.0,
                  "Total Cost": 328162.03,
                  "Plan Rows": 1813195,
                  "Plan Width": 0,
                  "Actual Startup Time": 0.052,
                  "Actual Total Time": 546.24,
                  "Actual Rows": 1555830,
                  "Actual Loops": 7,
                  "Filter": "(person_id < 1070005)",
                  "Rows Removed by Filter": 3621934
                }
              ]
            }
          ]
        }
      ]
    },
    "Planning Time": 0.233,
    "Triggers": [],
    "Execution Time": 682.913
  }
]