{
  "Plan": {
    "Node Type": "Aggregate",
    "Strategy": "Plain",
    "Partial Mode": "Finalize",
    "Parallel Aware": false,
    "Startup Cost": 205074.44,
    "Total Cost": 205074.45,
    "Plan Rows": 1,
    "Plan Width": 8,
    "Actual Startup Time": 1072.879,
    "Actual Total Time": 1079.836,
    "Actual Rows": 1,
    "Actual Loops": 1,
    "Plans": [
      {
        "Node Type": "Gather",
        "Parent Relationship": "Outer",
        "Parallel Aware": false,
        "Startup Cost": 205074.32,
        "Total Cost": 205074.43,
        "Plan Rows": 1,
        "Plan Width": 8,
        "Actual Startup Time": 1072.87,
        "Actual Total Time": 1079.829,
        "Actual Rows": 2,
        "Actual Loops": 1,
        "Workers Planned": 1,
        "Workers Launched": 1,
        "Single Copy": false,
        "Plans": [
          {
            "Node Type": "Aggregate",
            "Strategy": "Plain",
            "Partial Mode": "Partial",
            "Parent Relationship": "Outer",
            "Parallel Aware": false,
            "Startup Cost": 204074.32,
            "Total Cost": 204074.33,
            "Plan Rows": 1,
            "Plan Width": 8,
            "Actual Startup Time": 1061.286,
            "Actual Total Time": 1061.291,
            "Actual Rows": 1,
            "Actual Loops": 2,
            "Plans": [
              {
                "Node Type": "Merge Join",
                "Parent Relationship": "Outer",
                "Parallel Aware": false,
                "Join Type": "Inner",
                "Startup Cost": 201170.48,
                "Total Cost": 204013.32,
                "Plan Rows": 24401,
                "Plan Width": 0,
                "Actual Startup Time": 953.795,
                "Actual Total Time": 1054.666,
                "Actual Rows": 171322,
                "Actual Loops": 2,
                "Inner Unique": false,
                "Merge Cond": "(ci.movie_id = t.id)",
                "Plans": [
                  {
                    "Node Type": "Sort",
                    "Parent Relationship": "Outer",
                    "Parallel Aware": false,
                    "Startup Cost": 64959.19,
                    "Total Cost": 65801.03,
                    "Plan Rows": 336735,
                    "Plan Width": 4,
                    "Actual Startup Time": 208.916,
                    "Actual Total Time": 255.335,
                    "Actual Rows": 440620,
                    "Actual Loops": 2,
                    "Sort Key": [
                      "ci.movie_id"
                    ],
                    "Sort Method": "quicksort",
                    "Sort Space Used": 33914,
                    "Sort Space Type": "Memory",
                    "Workers": [
                      {
                        "Worker Number": 0,
                        "Sort Method": "quicksort",
                        "Sort Space Used": 31976,
                        "Sort Space Type": "Memory"
                      }
                    ],
                    "Plans": [
                      {
                        "Node Type": "Index Scan",
                        "Parent Relationship": "Outer",
                        "Parallel Aware": true,
                        "Scan Direction": "Forward",
                        "Index Name": "role_id_cast_info",
                        "Relation Name": "cast_info",
                        "Alias": "ci",
                        "Startup Cost": 0.56,
                        "Total Cost": 34044.81,
                        "Plan Rows": 336735,
                        "Plan Width": 4,
                        "Actual Startup Time": 0.072,
                        "Actual Total Time": 101.694,
                        "Actual Rows": 440668,
                        "Actual Loops": 2,
                        "Index Cond": "(role_id = 9)",
                        "Rows Removed by Index Recheck": 0,
                        "Filter": "(person_id > 1648154)",
                        "Rows Removed by Filter": 106110
                      }
                    ]
                  },
                  {
                    "Node Type": "Sort",
                    "Parent Relationship": "Inner",
                    "Parallel Aware": false,
                    "Startup Cost": 136211.25,
                    "Total Cost": 136669.27,
                    "Plan Rows": 183207,
                    "Plan Width": 8,
                    "Actual Startup Time": 713.671,
                    "Actual Total Time": 733.909,
                    "Actual Rows": 497998,
                    "Actual Loops": 2,
                    "Sort Key": [
                      "mk.movie_id"
                    ],
                    "Sort Method": "quicksort",
                    "Sort Space Used": 35071,
                    "Sort Space Type": "Memory",
                    "Workers": [
                      {
                        "Worker Number": 0,
                        "Sort Method": "quicksort",
                        "Sort Space Used": 35071,
                        "Sort Space Type": "Memory"
                      }
                    ],
                    "Plans": [
                      {
                        "Node Type": "Hash Join",
                        "Parent Relationship": "Outer",
                        "Parallel Aware": false,
                        "Join Type": "Inner",
                        "Startup Cost": 82811.77,
                        "Total Cost": 120196.11,
                        "Plan Rows": 183207,
                        "Plan Width": 8,
                        "Actual Startup Time": 346.776,
                        "Actual Total Time": 615.482,
                        "Actual Rows": 486029,
                        "Actual Loops": 2,
                        "Inner Unique": true,
                        "Hash Cond": "(mk.movie_id = t.id)",
                        "Plans": [
                          {
                            "Node Type": "Bitmap Heap Scan",
                            "Parent Relationship": "Outer",
                            "Parallel Aware": false,
                            "Relation Name": "movie_keyword",
                            "Alias": "mk",
                            "Startup Cost": 18133.89,
                            "Total Cost": 53274.12,
                            "Plan Rows": 854898,
                            "Plan Width": 4,
                            "Actual Startup Time": 43.155,
                            "Actual Total Time": 178.426,
                            "Actual Rows": 859879,
                            "Actual Loops": 2,
                            "Recheck Cond": "(keyword_id < 819)",
                            "Rows Removed by Index Recheck": 0,
                            "Exact Heap Blocks": 24302,
                            "Lossy Heap Blocks": 0,
                            "Plans": [
                              {
                                "Node Type": "Bitmap Index Scan",
                                "Parent Relationship": "Outer",
                                "Parallel Aware": false,
                                "Index Name": "keyword_id_movie_keyword",
                                "Startup Cost": 0.0,
                                "Total Cost": 17920.17,
                                "Plan Rows": 854898,
                                "Plan Width": 0,
                                "Actual Startup Time": 40.156,
                                "Actual Total Time": 40.156,
                                "Actual Rows": 859879,
                                "Actual Loops": 2,
                                "Index Cond": "(keyword_id < 819)"
                              }
                            ]
                          },
                          {
                            "Node Type": "Hash",
                            "Parent Relationship": "Inner",
                            "Parallel Aware": false,
                            "Startup Cost": 57905.14,
                            "Total Cost": 57905.14,
                            "Plan Rows": 541819,
                            "Plan Width": 4,
                            "Actual Startup Time": 247.448,
                            "Actual Total Time": 247.45,
                            "Actual Rows": 557319,
                            "Actual Loops": 2,
                            "Hash Buckets": 1048576,
                            "Original Hash Buckets": 1048576,
                            "Hash Batches": 1,
                            "Original Hash Batches": 1,
                            "Peak Memory Usage": 27786,
                            "Plans": [
                              {
                                "Node Type": "Bitmap Heap Scan",
                                "Parent Relationship": "Outer",
                                "Parallel Aware": false,
                                "Relation Name": "title",
                                "Alias": "t",
                                "Startup Cost": 11958.3,
                                "Total Cost": 57905.14,
                                "Plan Rows": 541819,
                                "Plan Width": 4,
                                "Actual Startup Time": 20.214,
                                "Actual Total Time": 122.053,
                                "Actual Rows": 557319,
                                "Actual Loops": 2,
                                "Recheck Cond": "(kind_id = 1)",
                                "Rows Removed by Index Recheck": 0,
                                "Filter": "(production_year < 2011)",
                                "Rows Removed by Filter": 105506,
                                "Exact Heap Blocks": 12863,
                                "Lossy Heap Blocks": 0,
                                "Plans": [
                                  {
                                    "Node Type": "Bitmap Index Scan",
                                    "Parent Relationship": "Outer",
                                    "Parallel Aware": false,
                                    "Index Name": "kind_id_title",
                                    "Startup Cost": 0.0,
                                    "Total Cost": 11822.85,
                                    "Plan Rows": 663256,
                                    "Plan Width": 0,
                                    "Actual Startup Time": 18.736,
                                    "Actual Total Time": 18.737,
                                    "Actual Rows": 662825,
                                    "Actual Loops": 2,
                                    "Index Cond": "(kind_id = 1)"
                                  }
                                ]
                              }
                            ]
                          }
                        ]
                      }
                    ]
                  }
                ]
              }
            ]
          }
        ]
      }
    ]
  },
  "Planning Time": 0.725,
  "Triggers": [],
  "Execution Time": 1087.303
}