[
  {
    "Plan": {
      "Node Type": "Aggregate",
      "Strategy": "Plain",
      "Partial Mode": "Finalize",
      "Parallel Aware": false,
      "Startup Cost": 311568.51,
      "Total Cost": 311568.52,
      "Plan Rows": 1,
      "Plan Width": 8,
      "Actual Startup Time": 1362.673,
      "Actual Total Time": 1469.671,
      "Actual Rows": 1,
      "Actual Loops": 1,
      "Plans": [
        {
          "Node Type": "Gather",
          "Parent Relationship": "Outer",
          "Parallel Aware": false,
          "Startup Cost": 311567.99,
          "Total Cost": 311568.5,
          "Plan Rows": 5,
          "Plan Width": 8,
          "Actual Startup Time": 1361.798,
          "Actual Total Time": 1469.653,
          "Actual Rows": 6,
          "Actual Loops": 1,
          "Workers Planned": 5,
          "Workers Launched": 5,
          "Single Copy": false,
          "Plans": [
            {
              "Node Type": "Aggregate",
              "Strategy": "Plain",
              "Partial Mode": "Partial",
              "Parent Relationship": "Outer",
              "Parallel Aware": false,
              "Startup Cost": 310567.99,
              "Total Cost": 310568.0,
              "Plan Rows": 1,
              "Plan Width": 8,
              "Actual Startup Time": 1353.002,
              "Actual Total Time": 1353.009,
              "Actual Rows": 1,
              "Actual Loops": 6,
              "Plans": [
                {
                  "Node Type": "Nested Loop",
                  "Parent Relationship": "Outer",
                  "Parallel Aware": false,
                  "Join Type": "Inner",
                  "Startup Cost": 44116.34,
                  "Total Cost": 309358.14,
                  "Plan Rows": 483938,
                  "Plan Width": 0,
                  "Actual Startup Time": 109.184,
                  "Actual Total Time": 1317.625,
                  "Actual Rows": 625427,
                  "Actual Loops": 6,
                  "Inner Unique": false,
                  "Join Filter": "(t.id = ci.movie_id)",
                  "Rows Removed by Join Filter": 0,
                  "Plans": [
                    {
                      "Node Type": "Hash Join",
                      "Parent Relationship": "Outer",
                      "Parallel Aware": true,
                      "Join Type": "Inner",
                      "Startup Cost": 44115.77,
                      "Total Cost": 246458.38,
                      "Plan Rows": 33753,
                      "Plan Width": 8,
                      "Actual Startup Time": 109.08,
                      "Actual Total Time": 532.813,
                      "Actual Rows": 20169,
                      "Actual Loops": 6,
                      "Inner Unique": true,
                      "Hash Cond": "(mi.movie_id = t.id)",
                      "Plans": [
                        {
                          "Node Type": "Seq Scan",
                          "Parent Relationship": "Outer",
                          "Parallel Aware": true,
                          "Relation Name": "movie_info",
                          "Alias": "mi",
                          "Startup Cost": 0.0,
                          "Total Cost": 199108.24,
                          "Plan Rows": 1232139,
                          "Plan Width": 4,
                          "Actual Startup Time": 17.678,
                          "Actual Total Time": 320.979,
                          "Actual Rows": 1037249,
                          "Actual Loops": 6,
                          "Filter": "(info_type_id > 8)",
                          "Rows Removed by Filter": 1435371
                        },
                        {
                          "Node Type": "Hash",
                          "Parent Relationship": "Inner",
                          "Parallel Aware": true,
                          "Startup Cost": 43899.32,
                          "Total Cost": 43899.32,
                          "Plan Rows": 17316,
                          "Plan Width": 4,
                          "Actual Startup Time": 89.871,
                          "Actual Total Time": 89.873,
                          "Actual Rows": 11224,
                          "Actual Loops": 6,
                          "Hash Buckets": 131072,
                          "Original Hash Buckets": 131072,
                          "Hash Batches": 1,
                          "Original Hash Batches": 1,
                          "Peak Memory Usage": 3744,
                          "Plans": [
                            {
                              "Node Type": "Seq Scan",
                              "Parent Relationship": "Outer",
                              "Parallel Aware": true,
                              "Relation Name": "title",
                              "Alias": "t",
                              "Startup Cost": 0.0,
                              "Total Cost": 43899.32,
                              "Plan Rows": 17316,
                              "Plan Width": 4,
                              "Actual Startup Time": 0.071,
                              "Actual Total Time": 83.561,
                              "Actual Rows": 11224,
                              "Actual Loops": 6,
                              "Filter": "(production_year > 2012)",
                              "Rows Removed by Filter": 410162
                            }
                          ]
                        }
                      ]
                    },
                    {
                      "Node Type": "Index Only Scan",
                      "Parent Relationship": "Inner",
                      "Parallel Aware": false,
                      "Scan Direction": "Forward",
                      "Index Name": "movie_id_cast_info",
                      "Relation Name": "cast_info",
                      "Alias": "ci",
                      "Startup Cost": 0.56,
                      "Total Cost": 1.43,
                      "Plan Rows": 35,
                      "Plan Width": 4,
                      "Actual Startup Time": 0.007,
                      "Actual Total Time": 0.035,
                      "Actual Rows": 31,
                      "Actual Loops": 121014,
                      "Index Cond": "(movie_id = mi.movie_id)",
                      "Rows Removed by Index Recheck": 0,
                      "Heap Fetches": 3752560
                    }
                  ]
                }
              ]
            }
          ]
        }
      ]
    },
    "Planning Time": 1.06,
    "Triggers": [],
    "Execution Time": 1469.76
  }
]