[
  {
    "Plan": {
      "Node Type": "Aggregate",
      "Strategy": "Plain",
      "Partial Mode": "Finalize",
      "Parallel Aware": false,
      "Startup Cost": 47049.11,
      "Total Cost": 47049.12,
      "Plan Rows": 1,
      "Plan Width": 8,
      "Actual Startup Time": 222.793,
      "Actual Total Time": 236.304,
      "Actual Rows": 1,
      "Actual Loops": 1,
      "Plans": [
        {
          "Node Type": "Gather",
          "Parent Relationship": "Outer",
          "Parallel Aware": false,
          "Startup Cost": 47048.79,
          "Total Cost": 47049.1,
          "Plan Rows": 3,
          "Plan Width": 8,
          "Actual Startup Time": 222.542,
          "Actual Total Time": 236.294,
          "Actual Rows": 4,
          "Actual Loops": 1,
          "Workers Planned": 3,
          "Workers Launched": 3,
          "Single Copy": false,
          "Plans": [
            {
              "Node Type": "Aggregate",
              "Strategy": "Plain",
              "Partial Mode": "Partial",
              "Parent Relationship": "Outer",
              "Parallel Aware": false,
              "Startup Cost": 46048.79,
              "Total Cost": 46048.8,
              "Plan Rows": 1,
              "Plan Width": 8,
              "Actual Startup Time": 213.884,
              "Actual Total Time": 213.885,
              "Actual Rows": 1,
              "Actual Loops": 4,
              "Plans": [
                {
                  "Node Type": "Seq Scan",
                  "Parent Relationship": "Outer",
                  "Parallel Aware": true,
                  "Relation Name": "movie_keyword",
                  "Alias": "mk",
                  "Startup Cost": 0.0,
                  "Total Cost": 42695.65,
                  "Plan Rows": 1341256,
                  "Plan Width": 0,
                  "Actual Startup Time": 0.061,
                  "Actual Total Time": 154.664,
                  "Actual Rows": 1042459,
                  "Actual Loops": 4,
                  "Filter": "(keyword_id < 47141)",
                  "Rows Removed by Filter": 88524
                }
              ]
            }
          ]
        }
      ]
    },
    "Planning Time": 0.184,
    "Triggers": [],
    "Execution Time": 236.359
  }
]