[
  {
    "Plan": {
      "Node Type": "Aggregate",
      "Strategy": "Plain",
      "Partial Mode": "Finalize",
      "Parallel Aware": false,
      "Startup Cost": 483456.46,
      "Total Cost": 483456.47,
      "Plan Rows": 1,
      "Plan Width": 8,
      "Actual Startup Time": 3815.372,
      "Actual Total Time": 3881.79,
      "Actual Rows": 1,
      "Actual Loops": 1,
      "Plans": [
        {
          "Node Type": "Gather",
          "Parent Relationship": "Outer",
          "Parallel Aware": false,
          "Startup Cost": 483455.84,
          "Total Cost": 483456.45,
          "Plan Rows": 6,
          "Plan Width": 8,
          "Actual Startup Time": 3776.831,
          "Actual Total Time": 3881.776,
          "Actual Rows": 7,
          "Actual Loops": 1,
          "Workers Planned": 6,
          "Workers Launched": 6,
          "Single Copy": false,
          "Plans": [
            {
              "Node Type": "Aggregate",
              "Strategy": "Plain",
              "Partial Mode": "Partial",
              "Parent Relationship": "Outer",
              "Parallel Aware": false,
              "Startup Cost": 482455.84,
              "Total Cost": 482455.85,
              "Plan Rows": 1,
              "Plan Width": 8,
              "Actual Startup Time": 3755.412,
              "Actual Total Time": 3756.266,
              "Actual Rows": 1,
              "Actual Loops": 7,
              "Plans": [
                {
                  "Node Type": "Hash Join",
                  "Parent Relationship": "Outer",
                  "Parallel Aware": true,
                  "Join Type": "Inner",
                  "Startup Cost": 109437.87,
                  "Total Cost": 473746.48,
                  "Plan Rows": 3483743,
                  "Plan Width": 0,
                  "Actual Startup Time": 875.467,
                  "Actual Total Time": 3203.983,
                  "Actual Rows": 12737045,
                  "Actual Loops": 7,
                  "Inner Unique": false,
                  "Hash Cond": "(ci.movie_id = t.id)",
                  "Plans": [
                    {
                      "Node Type": "Seq Scan",
                      "Parent Relationship": "Outer",
                      "Parallel Aware": true,
                      "Relation Name": "cast_info",
                      "Alias": "ci",
                      "Startup Cost": 0.0,
                      "Total Cost": 343316.27,
                      "Plan Rows": 2601186,
                      "Plan Width": 4,
                      "Actual Startup Time": 216.408,
                      "Actual Total Time": 729.463,
                      "Actual Rows": 2878554,
                      "Actual Loops": 7,
                      "Filter": "((person_id > 1216903) AND (role_id > 1))",
                      "Rows Removed by Filter": 2299209
                    },
                    {
                      "Node Type": "Hash",
                      "Parent Relationship": "Inner",
                      "Parallel Aware": true,
                      "Startup Cost": 95783.46,
                      "Total Cost": 95783.46,
                      "Plan Rows": 1092353,
                      "Plan Width": 8,
                      "Actual Startup Time": 652.041,
                      "Actual Total Time": 652.893,
                      "Actual Rows": 482695,
                      "Actual Loops": 7,
                      "Hash Buckets": 4194304,
                      "Original Hash Buckets": 4194304,
                      "Hash Batches": 1,
                      "Original Hash Batches": 1,
                      "Peak Memory Usage": 165056,
                      "Plans": [
                        {
                          "Node Type": "Hash Join",
                          "Parent Relationship": "Outer",
                          "Parallel Aware": true,
                          "Join Type": "Inner",
                          "Startup Cost": 50220.38,
                          "Total Cost": 95783.46,
                          "Plan Rows": 1092353,
                          "Plan Width": 8,
                          "Actual Startup Time": 286.277,
                          "Actual Total Time": 481.52,
                          "Actual Rows": 482695,
                          "Actual Loops": 7,
                          "Inner Unique": true,
                          "Hash Cond": "(mk.movie_id = t.id)",
                          "Plans": [
                            {
                              "Node Type": "Seq Scan",
                              "Parent Relationship": "Outer",
                              "Parallel Aware": true,
                              "Relation Name": "movie_keyword",
                              "Alias": "mk",
                              "Startup Cost": 0.0,
                              "Total Cost": 42695.65,
                              "Plan Rows": 1092353,
                              "Plan Width": 4,
                              "Actual Startup Time": 0.056,
                              "Actual Total Time": 88.085,
                              "Actual Rows": 482695,
                              "Actual Loops": 7,
                              "Filter": "(keyword_id > 1302)",
                              "Rows Removed by Filter": 163581
                            },
                            {
                              "Node Type": "Hash",
                              "Parent Relationship": "Inner",
                              "Parallel Aware": true,
                              "Startup Cost": 42319.06,
                              "Total Cost": 42319.06,
                              "Plan Rows": 632106,
                              "Plan Width": 4,
                              "Actual Startup Time": 281.871,
                              "Actual Total Time": 281.872,
                              "Actual Rows": 361187,
                              "Actual Loops": 7,
                              "Hash Buckets": 4194304,
                              "Original Hash Buckets": 4194304,
                              "Hash Batches": 1,
                              "Original Hash Batches": 1,
                              "Peak Memory Usage": 131776,
                              "Plans": [
                                {
                                  "Node Type": "Seq Scan",
                                  "Parent Relationship": "Outer",
                                  "Parallel Aware": true,
                                  "Relation Name": "title",
                                  "Alias": "t",
                                  "Startup Cost": 0.0,
                                  "Total Cost": 42319.06,
                                  "Plan Rows": 632106,
                                  "Plan Width": 4,
                                  "Actual Startup Time": 0.059,
                                  "Actual Total Time": 82.391,
                                  "Actual Rows": 361187,
                                  "Actual Loops": 7
                                }
                              ]
                            }
                          ]
                        }
                      ]
                    }
                  ]
                }
              ]
            }
          ]
        }
      ]
    },
    "Planning Time": 1.295,
    "Triggers": [],
    "Execution Time": 3881.882
  }
]