[
  {
    "Plan": {
      "Node Type": "Aggregate",
      "Strategy": "Plain",
      "Partial Mode": "Finalize",
      "Parallel Aware": false,
      "Startup Cost": 483493.33,
      "Total Cost": 483493.34,
      "Plan Rows": 1,
      "Plan Width": 8,
      "Actual Startup Time": 3659.272,
      "Actual Total Time": 3717.688,
      "Actual Rows": 1,
      "Actual Loops": 1,
      "Plans": [
        {
          "Node Type": "Gather",
          "Parent Relationship": "Outer",
          "Parallel Aware": false,
          "Startup Cost": 483492.71,
          "Total Cost": 483493.32,
          "Plan Rows": 6,
          "Plan Width": 8,
          "Actual Startup Time": 3615.74,
          "Actual Total Time": 3717.676,
          "Actual Rows": 7,
          "Actual Loops": 1,
          "Workers Planned": 6,
          "Workers Launched": 6,
          "Single Copy": false,
          "Plans": [
            {
              "Node Type": "Aggregate",
              "Strategy": "Plain",
              "Partial Mode": "Partial",
              "Parent Relationship": "Outer",
              "Parallel Aware": false,
              "Startup Cost": 482492.71,
              "Total Cost": 482492.72,
              "Plan Rows": 1,
              "Plan Width": 8,
              "Actual Startup Time": 3595.208,
              "Actual Total Time": 3596.129,
              "Actual Rows": 1,
              "Actual Loops": 7,
              "Plans": [
                {
                  "Node Type": "Hash Join",
                  "Parent Relationship": "Outer",
                  "Parallel Aware": true,
                  "Join Type": "Inner",
                  "Startup Cost": 109451.13,
                  "Total Cost": 473756.48,
                  "Plan Rows": 3494492,
                  "Plan Width": 0,
                  "Actual Startup Time": 804.118,
                  "Actual Total Time": 3065.53,
                  "Actual Rows": 12737045,
                  "Actual Loops": 7,
                  "Inner Unique": false,
                  "Hash Cond": "(ci.movie_id = t.id)",
                  "Plans": [
                    {
                      "Node Type": "Seq Scan",
                      "Parent Relationship": "Outer",
                      "Parallel Aware": true,
                      "Relation Name": "cast_info",
                      "Alias": "ci",
                      "Startup Cost": 0.0,
                      "Total Cost": 343257.03,
                      "Plan Rows": 2606869,
                      "Plan Width": 4,
                      "Actual Startup Time": 205.834,
                      "Actual Total Time": 687.142,
                      "Actual Rows": 2878554,
                      "Actual Loops": 7,
                      "Filter": "((person_id > 1216903) AND (role_id > 1))",
                      "Rows Removed by Filter": 2299209
                    },
                    {
                      "Node Type": "Hash",
                      "Parent Relationship": "Inner",
                      "Parallel Aware": true,
                      "Startup Cost": 95785.15,
                      "Total Cost": 95785.15,
                      "Plan Rows": 1093278,
                      "Plan Width": 8,
                      "Actual Startup Time": 591.578,
                      "Actual Total Time": 592.497,
                      "Actual Rows": 482695,
                      "Actual Loops": 7,
                      "Hash Buckets": 4194304,
                      "Original Hash Buckets": 4194304,
                      "Hash Batches": 1,
                      "Original Hash Batches": 1,
                      "Peak Memory Usage": 165056,
                      "Plans": [
                        {
                          "Node Type": "Hash Join",
                          "Parent Relationship": "Outer",
                          "Parallel Aware": true,
                          "Join Type": "Inner",
                          "Startup Cost": 50219.64,
                          "Total Cost": 95785.15,
                          "Plan Rows": 1093278,
                          "Plan Width": 8,
                          "Actual Startup Time": 250.522,
                          "Actual Total Time": 438.15,
                          "Actual Rows": 482695,
                          "Actual Loops": 7,
                          "Inner Unique": true,
                          "Hash Cond": "(mk.movie_id = t.id)",
                          "Plans": [
                            {
                              "Node Type": "Seq Scan",
                              "Parent Relationship": "Outer",
                              "Parallel Aware": true,
                              "Relation Name": "movie_keyword",
                              "Alias": "mk",
                              "Startup Cost": 0.0,
                              "Total Cost": 42695.65,
                              "Plan Rows": 1093278,
                              "Plan Width": 4,
                              "Actual Startup Time": 0.07,
                              "Actual Total Time": 82.29,
                              "Actual Rows": 482695,
                              "Actual Loops": 7,
                              "Filter": "(keyword_id > 1302)",
                              "Rows Removed by Filter": 163581
                            },
                            {
                              "Node Type": "Hash",
                              "Parent Relationship": "Inner",
                              "Parallel Aware": true,
                              "Startup Cost": 42318.73,
                              "Total Cost": 42318.73,
                              "Plan Rows": 632073,
                              "Plan Width": 4,
                              "Actual Startup Time": 247.028,
                              "Actual Total Time": 247.029,
                              "Actual Rows": 361187,
                              "Actual Loops": 7,
                              "Hash Buckets": 4194304,
                              "Original Hash Buckets": 4194304,
                              "Hash Batches": 1,
                              "Original Hash Batches": 1,
                              "Peak Memory Usage": 131808,
                              "Plans": [
                                {
                                  "Node Type": "Seq Scan",
                                  "Parent Relationship": "Outer",
                                  "Parallel Aware": true,
                                  "Relation Name": "title",
                                  "Alias": "t",
                                  "Startup Cost": 0.0,
                                  "Total Cost": 42318.73,
                                  "Plan Rows": 632073,
                                  "Plan Width": 4,
                                  "Actual Startup Time": 0.045,
                                  "Actual Total Time": 72.943,
                                  "Actual Rows": 361187,
                                  "Actual Loops": 7
                                }
                              ]
                            }
                          ]
                        }
                      ]
                    }
                  ]
                }
              ]
            }
          ]
        }
      ]
    },
    "Planning Time": 1.331,
    "Triggers": [],
    "Execution Time": 3717.776
  }
]