[
  {
    "Plan": {
      "Node Type": "Aggregate",
      "Strategy": "Plain",
      "Partial Mode": "Finalize",
      "Parallel Aware": false,
      "Startup Cost": 77639.81,
      "Total Cost": 77639.82,
      "Plan Rows": 1,
      "Plan Width": 8,
      "Actual Startup Time": 227.856,
      "Actual Total Time": 243.575,
      "Actual Rows": 1,
      "Actual Loops": 1,
      "Plans": [
        {
          "Node Type": "Gather",
          "Parent Relationship": "Outer",
          "Parallel Aware": false,
          "Startup Cost": 77639.49,
          "Total Cost": 77639.8,
          "Plan Rows": 3,
          "Plan Width": 8,
          "Actual Startup Time": 227.608,
          "Actual Total Time": 243.567,
          "Actual Rows": 4,
          "Actual Loops": 1,
          "Workers Planned": 3,
          "Workers Launched": 3,
          "Single Copy": false,
          "Plans": [
            {
              "Node Type": "Aggregate",
              "Strategy": "Plain",
              "Partial Mode": "Partial",
              "Parent Relationship": "Outer",
              "Parallel Aware": false,
              "Startup Cost": 76639.49,
              "Total Cost": 76639.5,
              "Plan Rows": 1,
              "Plan Width": 8,
              "Actual Startup Time": 219.063,
              "Actual Total Time": 219.066,
              "Actual Rows": 1,
              "Actual Loops": 4,
              "Plans": [
                {
                  "Node Type": "Hash Join",
                  "Parent Relationship": "Outer",
                  "Parallel Aware": true,
                  "Join Type": "Inner",
                  "Startup Cost": 45636.8,
                  "Total Cost": 76607.93,
                  "Plan Rows": 12625,
                  "Plan Width": 0,
                  "Actual Startup Time": 98.462,
                  "Actual Total Time": 218.304,
                  "Actual Rows": 13502,
                  "Actual Loops": 4,
                  "Inner Unique": true,
                  "Hash Cond": "(mc.movie_id = t.id)",
                  "Plans": [
                    {
                      "Node Type": "Seq Scan",
                      "Parent Relationship": "Outer",
                      "Parallel Aware": true,
                      "Relation Name": "movie_companies",
                      "Alias": "mc",
                      "Startup Cost": 0.0,
                      "Total Cost": 29310.68,
                      "Plan Rows": 632552,
                      "Plan Width": 4,
                      "Actual Startup Time": 0.02,
                      "Actual Total Time": 70.703,
                      "Actual Rows": 487147,
                      "Actual Loops": 4,
                      "Filter": "(company_id < 52463)",
                      "Rows Removed by Filter": 165136
                    },
                    {
                      "Node Type": "Hash",
                      "Parent Relationship": "Inner",
                      "Parallel Aware": true,
                      "Startup Cost": 45479.1,
                      "Total Cost": 45479.1,
                      "Plan Rows": 12616,
                      "Plan Width": 4,
                      "Actual Startup Time": 96.806,
                      "Actual Total Time": 96.807,
                      "Actual Rows": 11003,
                      "Actual Loops": 4,
                      "Hash Buckets": 65536,
                      "Original Hash Buckets": 65536,
                      "Hash Batches": 1,
                      "Original Hash Batches": 1,
                      "Peak Memory Usage": 2304,
                      "Plans": [
                        {
                          "Node Type": "Seq Scan",
                          "Parent Relationship": "Outer",
                          "Parallel Aware": true,
                          "Relation Name": "title",
                          "Alias": "t",
                          "Startup Cost": 0.0,
                          "Total Cost": 45479.1,
                          "Plan Rows": 12616,
                          "Plan Width": 4,
                          "Actual Startup Time": 0.217,
                          "Actual Total Time": 92.754,
                          "Actual Rows": 11003,
                          "Actual Loops": 4,
                          "Filter": "((kind_id < 7) AND (production_year = 2009))",
                          "Rows Removed by Filter": 621075
                        }
                      ]
                    }
                  ]
                }
              ]
            }
          ]
        }
      ]
    },
    "Planning Time": 0.634,
    "Triggers": [],
    "Execution Time": 243.641
  }
]