[
  {
    "Plan": {
      "Node Type": "Aggregate",
      "Strategy": "Plain",
      "Partial Mode": "Finalize",
      "Parallel Aware": false,
      "Startup Cost": 401249.43,
      "Total Cost": 401249.44,
      "Plan Rows": 1,
      "Plan Width": 8,
      "Actual Startup Time": 1338.265,
      "Actual Total Time": 1412.232,
      "Actual Rows": 1,
      "Actual Loops": 1,
      "Plans": [
        {
          "Node Type": "Gather",
          "Parent Relationship": "Outer",
          "Parallel Aware": false,
          "Startup Cost": 401248.81,
          "Total Cost": 401249.42,
          "Plan Rows": 6,
          "Plan Width": 8,
          "Actual Startup Time": 1328.974,
          "Actual Total Time": 1412.219,
          "Actual Rows": 7,
          "Actual Loops": 1,
          "Workers Planned": 6,
          "Workers Launched": 6,
          "Single Copy": false,
          "Plans": [
            {
              "Node Type": "Aggregate",
              "Strategy": "Plain",
              "Partial Mode": "Partial",
              "Parent Relationship": "Outer",
              "Parallel Aware": false,
              "Startup Cost": 400248.81,
              "Total Cost": 400248.82,
              "Plan Rows": 1,
              "Plan Width": 8,
              "Actual Startup Time": 1314.195,
              "Actual Total Time": 1314.198,
              "Actual Rows": 1,
              "Actual Loops": 7,
              "Plans": [
                {
                  "Node Type": "Hash Join",
                  "Parent Relationship": "Outer",
                  "Parallel Aware": true,
                  "Join Type": "Inner",
                  "Startup Cost": 49499.24,
                  "Total Cost": 397229.26,
                  "Plan Rows": 1207821,
                  "Plan Width": 0,
                  "Actual Startup Time": 466.029,
                  "Actual Total Time": 1280.352,
                  "Actual Rows": 693973,
                  "Actual Loops": 7,
                  "Inner Unique": true,
                  "Hash Cond": "(ci.movie_id = t.id)",
                  "Plans": [
                    {
                      "Node Type": "Seq Scan",
                      "Parent Relationship": "Outer",
                      "Parallel Aware": true,
                      "Relation Name": "cast_info",
                      "Alias": "ci",
                      "Startup Cost": 0.0,
                      "Total Cost": 343257.03,
                      "Plan Rows": 1703990,
                      "Plan Width": 4,
                      "Actual Startup Time": 255.804,
                      "Actual Total Time": 663.264,
                      "Actual Rows": 1029320,
                      "Actual Loops": 7,
                      "Filter": "((person_id > 2090615) AND (role_id < 4))",
                      "Rows Removed by Filter": 4148444
                    },
                    {
                      "Node Type": "Hash",
                      "Parent Relationship": "Inner",
                      "Parallel Aware": true,
                      "Startup Cost": 43898.92,
                      "Total Cost": 43898.92,
                      "Plan Rows": 448026,
                      "Plan Width": 4,
                      "Actual Startup Time": 205.398,
                      "Actual Total Time": 205.399,
                      "Actual Rows": 256308,
                      "Actual Loops": 7,
                      "Hash Buckets": 2097152,
                      "Original Hash Buckets": 2097152,
                      "Hash Batches": 1,
                      "Original Hash Batches": 1,
                      "Peak Memory Usage": 86688,
                      "Plans": [
                        {
                          "Node Type": "Seq Scan",
                          "Parent Relationship": "Outer",
                          "Parallel Aware": true,
                          "Relation Name": "title",
                          "Alias": "t",
                          "Startup Cost": 0.0,
                          "Total Cost": 43898.92,
                          "Plan Rows": 448026,
                          "Plan Width": 4,
                          "Actual Startup Time": 0.041,
                          "Actual Total Time": 86.828,
                          "Actual Rows": 256308,
                          "Actual Loops": 7,
                          "Filter": "(production_year < 2009)",
                          "Rows Removed by Filter": 104880
                        }
                      ]
                    }
                  ]
                }
              ]
            }
          ]
        }
      ]
    },
    "Planning Time": 0.614,
    "Triggers": [],
    "Execution Time": 1412.321
  }
]