{
  "Plan": {
    "Node Type": "Aggregate",
    "Strategy": "Plain",
    "Partial Mode": "Finalize",
    "Parallel Aware": false,
    "Startup Cost": 1172226.27,
    "Total Cost": 1172226.28,
    "Plan Rows": 1,
    "Plan Width": 8,
    "Actual Startup Time": 5495.151,
    "Actual Total Time": 5495.225,
    "Actual Rows": 1,
    "Actual Loops": 1,
    "Plans": [
      {
        "Node Type": "Gather",
        "Parent Relationship": "Outer",
        "Parallel Aware": false,
        "Startup Cost": 1172226.16,
        "Total Cost": 1172226.27,
        "Plan Rows": 1,
        "Plan Width": 8,
        "Actual Startup Time": 5495.139,
        "Actual Total Time": 5495.219,
        "Actual Rows": 2,
        "Actual Loops": 1,
        "Workers Planned": 1,
        "Workers Launched": 1,
        "Single Copy": false,
        "Plans": [
          {
            "Node Type": "Aggregate",
            "Strategy": "Plain",
            "Partial Mode": "Partial",
            "Parent Relationship": "Outer",
            "Parallel Aware": false,
            "Startup Cost": 1171226.16,
            "Total Cost": 1171226.17,
            "Plan Rows": 1,
            "Plan Width": 8,
            "Actual Startup Time": 5427.395,
            "Actual Total Time": 5427.401,
            "Actual Rows": 1,
            "Actual Loops": 2,
            "Plans": [
              {
                "Node Type": "Merge Join",
                "Parent Relationship": "Outer",
                "Parallel Aware": false,
                "Join Type": "Inner",
                "Startup Cost": 1107620.73,
                "Total Cost": 1165902.92,
                "Plan Rows": 2129296,
                "Plan Width": 0,
                "Actual Startup Time": 3227.889,
                "Actual Total Time": 5000.588,
                "Actual Rows": 11114350,
                "Actual Loops": 2,
                "Inner Unique": false,
                "Merge Cond": "(mi.movie_id = t.id)",
                "Plans": [
                  {
                    "Node Type": "Sort",
                    "Parent Relationship": "Outer",
                    "Parallel Aware": false,
                    "Startup Cost": 858999.53,
                    "Total Cost": 872172.93,
                    "Plan Rows": 5269362,
                    "Plan Width": 4,
                    "Actual Startup Time": 1703.193,
                    "Actual Total Time": 1888.713,
                    "Actual Rows": 4474760,
                    "Actual Loops": 2,
                    "Sort Key": [
                      "mi.movie_id"
                    ],
                    "Sort Method": "quicksort",
                    "Sort Space Used": 411349,
                    "Sort Space Type": "Memory",
                    "Workers": [
                      {
                        "Worker Number": 0,
                        "Sort Method": "quicksort",
                        "Sort Space Used": 401435,
                        "Sort Space Type": "Memory"
                      }
                    ],
                    "Plans": [
                      {
                        "Node Type": "Seq Scan",
                        "Parent Relationship": "Outer",
                        "Parallel Aware": true,
                        "Relation Name": "movie_info",
                        "Alias": "mi",
                        "Startup Cost": 0.0,
                        "Total Cost": 270696.42,
                        "Plan Rows": 5269362,
                        "Plan Width": 4,
                        "Actual Startup Time": 52.833,
                        "Actual Total Time": 782.792,
                        "Actual Rows": 4475378,
                        "Actual Loops": 2,
                        "Filter": "(info_type_id > 6)",
                        "Rows Removed by Filter": 2942482
                      }
                    ]
                  },
                  {
                    "Node Type": "Sort",
                    "Parent Relationship": "Inner",
                    "Parallel Aware": false,
                    "Startup Cost": 248621.04,
                    "Total Cost": 251175.18,
                    "Plan Rows": 1021658,
                    "Plan Width": 8,
                    "Actual Startup Time": 1524.678,
                    "Actual Total Time": 1896.858,
                    "Actual Rows": 11245999,
                    "Actual Loops": 2,
                    "Sort Key": [
                      "mc.movie_id"
                    ],
                    "Sort Method": "quicksort",
                    "Sort Space Used": 64647,
                    "Sort Space Type": "Memory",
                    "Workers": [
                      {
                        "Worker Number": 0,
                        "Sort Method": "quicksort",
                        "Sort Space Used": 64647,
                        "Sort Space Type": "Memory"
                      }
                    ],
                    "Plans": [
                      {
                        "Node Type": "Hash Join",
                        "Parent Relationship": "Outer",
                        "Parallel Aware": false,
                        "Join Type": "Inner",
                        "Startup Cost": 91730.05,
                        "Total Cost": 146646.9,
                        "Plan Rows": 1021658,
                        "Plan Width": 8,
                        "Actual Startup Time": 710.284,
                        "Actual Total Time": 1336.553,
                        "Actual Rows": 854827,
                        "Actual Loops": 2,
                        "Inner Unique": true,
                        "Hash Cond": "(mc.movie_id = t.id)",
                        "Plans": [
                          {
                            "Node Type": "Seq Scan",
                            "Parent Relationship": "Outer",
                            "Parallel Aware": false,
                            "Relation Name": "movie_companies",
                            "Alias": "mc",
                            "Startup Cost": 0.0,
                            "Total Cost": 51404.11,
                            "Plan Rows": 1338180,
                            "Plan Width": 4,
                            "Actual Startup Time": 0.039,
                            "Actual Total Time": 214.729,
                            "Actual Rows": 1338399,
                            "Actual Loops": 2,
                            "Filter": "(company_id < 11434)",
                            "Rows Removed by Filter": 1270730
                          },
                          {
                            "Node Type": "Hash",
                            "Parent Relationship": "Inner",
                            "Parallel Aware": false,
                            "Startup Cost": 67601.66,
                            "Total Cost": 67601.66,
                            "Plan Rows": 1930271,
                            "Plan Width": 4,
                            "Actual Startup Time": 702.117,
                            "Actual Total Time": 702.118,
                            "Actual Rows": 1918028,
                            "Actual Loops": 2,
                            "Hash Buckets": 2097152,
                            "Original Hash Buckets": 2097152,
                            "Hash Batches": 1,
                            "Original Hash Batches": 1,
                            "Peak Memory Usage": 83815,
                            "Plans": [
                              {
                                "Node Type": "Seq Scan",
                                "Parent Relationship": "Outer",
                                "Parallel Aware": false,
                                "Relation Name": "title",
                                "Alias": "t",
                                "Startup Cost": 0.0,
                                "Total Cost": 67601.66,
                                "Plan Rows": 1930271,
                                "Plan Width": 4,
                                "Actual Startup Time": 0.03,
                                "Actual Total Time": 308.725,
                                "Actual Rows": 1918028,
                                "Actual Loops": 2,
                                "Filter": "(production_year > 1981)",
                                "Rows Removed by Filter": 610284
                              }
                            ]
                          }
                        ]
                      }
                    ]
                  }
                ]
              }
            ]
          }
        ]
      }
    ]
  },
  "Planning Time": 1.133,
  "Triggers": [],
  "Execution Time": 5519.948
}