[
  {
    "Plan": {
      "Node Type": "Aggregate",
      "Strategy": "Plain",
      "Partial Mode": "Finalize",
      "Parallel Aware": false,
      "Startup Cost": 47209.94,
      "Total Cost": 47209.95,
      "Plan Rows": 1,
      "Plan Width": 8,
      "Actual Startup Time": 122.104,
      "Actual Total Time": 134.769,
      "Actual Rows": 1,
      "Actual Loops": 1,
      "Plans": [
        {
          "Node Type": "Gather",
          "Parent Relationship": "Outer",
          "Parallel Aware": false,
          "Startup Cost": 47209.52,
          "Total Cost": 47209.93,
          "Plan Rows": 4,
          "Plan Width": 8,
          "Actual Startup Time": 121.904,
          "Actual Total Time": 134.756,
          "Actual Rows": 5,
          "Actual Loops": 1,
          "Workers Planned": 4,
          "Workers Launched": 4,
          "Single Copy": false,
          "Plans": [
            {
              "Node Type": "Aggregate",
              "Strategy": "Plain",
              "Partial Mode": "Partial",
              "Parent Relationship": "Outer",
              "Parallel Aware": false,
              "Startup Cost": 46209.52,
              "Total Cost": 46209.53,
              "Plan Rows": 1,
              "Plan Width": 8,
              "Actual Startup Time": 115.393,
              "Actual Total Time": 115.394,
              "Actual Rows": 1,
              "Actual Loops": 5,
              "Plans": [
                {
                  "Node Type": "Seq Scan",
                  "Parent Relationship": "Outer",
                  "Parallel Aware": true,
                  "Relation Name": "title",
                  "Alias": "t",
                  "Startup Cost": 0.0,
                  "Total Cost": 45479.59,
                  "Plan Rows": 291975,
                  "Plan Width": 0,
                  "Actual Startup Time": 0.033,
                  "Actual Total Time": 100.016,
                  "Actual Rows": 256764,
                  "Actual Loops": 5,
                  "Filter": "((kind_id > 3) AND (production_year > 1990))",
                  "Rows Removed by Filter": 248898
                }
              ]
            }
          ]
        }
      ]
    },
    "Planning Time": 0.138,
    "Triggers": [],
    "Execution Time": 134.826
  }
]