[
  {
    "Plan": {
      "Node Type": "Aggregate",
      "Strategy": "Plain",
      "Partial Mode": "Finalize",
      "Parallel Aware": false,
      "Startup Cost": 81791.37,
      "Total Cost": 81791.38,
      "Plan Rows": 1,
      "Plan Width": 8,
      "Actual Startup Time": 422.144,
      "Actual Total Time": 434.546,
      "Actual Rows": 1,
      "Actual Loops": 1,
      "Plans": [
        {
          "Node Type": "Gather",
          "Parent Relationship": "Outer",
          "Parallel Aware": false,
          "Startup Cost": 81791.05,
          "Total Cost": 81791.36,
          "Plan Rows": 3,
          "Plan Width": 8,
          "Actual Startup Time": 417.782,
          "Actual Total Time": 434.538,
          "Actual Rows": 4,
          "Actual Loops": 1,
          "Workers Planned": 3,
          "Workers Launched": 3,
          "Single Copy": false,
          "Plans": [
            {
              "Node Type": "Aggregate",
              "Strategy": "Plain",
              "Partial Mode": "Partial",
              "Parent Relationship": "Outer",
              "Parallel Aware": false,
              "Startup Cost": 80791.05,
              "Total Cost": 80791.06,
              "Plan Rows": 1,
              "Plan Width": 8,
              "Actual Startup Time": 404.365,
              "Actual Total Time": 404.368,
              "Actual Rows": 1,
              "Actual Loops": 4,
              "Plans": [
                {
                  "Node Type": "Hash Join",
                  "Parent Relationship": "Outer",
                  "Parallel Aware": true,
                  "Join Type": "Inner",
                  "Startup Cost": 49719.09,
                  "Total Cost": 80195.41,
                  "Plan Rows": 238259,
                  "Plan Width": 0,
                  "Actual Startup Time": 307.056,
                  "Actual Total Time": 402.379,
                  "Actual Rows": 43454,
                  "Actual Loops": 4,
                  "Inner Unique": true,
                  "Hash Cond": "(mc.movie_id = t.id)",
                  "Plans": [
                    {
                      "Node Type": "Seq Scan",
                      "Parent Relationship": "Outer",
                      "Parallel Aware": true,
                      "Relation Name": "movie_companies",
                      "Alias": "mc",
                      "Startup Cost": 0.0,
                      "Total Cost": 29310.68,
                      "Plan Rows": 444053,
                      "Plan Width": 4,
                      "Actual Startup Time": 9.044,
                      "Actual Total Time": 70.548,
                      "Actual Rows": 341202,
                      "Actual Loops": 4,
                      "Filter": "(company_id > 11147)",
                      "Rows Removed by Filter": 311080
                    },
                    {
                      "Node Type": "Hash",
                      "Parent Relationship": "Inner",
                      "Parallel Aware": true,
                      "Startup Cost": 45479.59,
                      "Total Cost": 45479.59,
                      "Plan Rows": 339160,
                      "Plan Width": 4,
                      "Actual Startup Time": 235.676,
                      "Actual Total Time": 235.677,
                      "Actual Rows": 331945,
                      "Actual Loops": 4,
                      "Hash Buckets": 2097152,
                      "Original Hash Buckets": 2097152,
                      "Hash Batches": 1,
                      "Original Hash Batches": 1,
                      "Peak Memory Usage": 68384,
                      "Plans": [
                        {
                          "Node Type": "Seq Scan",
                          "Parent Relationship": "Outer",
                          "Parallel Aware": true,
                          "Relation Name": "title",
                          "Alias": "t",
                          "Startup Cost": 0.0,
                          "Total Cost": 45479.59,
                          "Plan Rows": 339160,
                          "Plan Width": 4,
                          "Actual Startup Time": 0.041,
                          "Actual Total Time": 110.368,
                          "Actual Rows": 331945,
                          "Actual Loops": 4,
                          "Filter": "((production_year < 2012) AND (kind_id = 7))",
                          "Rows Removed by Filter": 300133
                        }
                      ]
                    }
                  ]
                }
              ]
            }
          ]
        }
      ]
    },
    "Planning Time": 0.633,
    "Triggers": [],
    "Execution Time": 434.613
  }
]