[
  {
    "Plan": {
      "Node Type": "Aggregate",
      "Strategy": "Plain",
      "Partial Mode": "Finalize",
      "Parallel Aware": false,
      "Startup Cost": 32312.39,
      "Total Cost": 32312.4,
      "Plan Rows": 1,
      "Plan Width": 8,
      "Actual Startup Time": 138.943,
      "Actual Total Time": 146.101,
      "Actual Rows": 1,
      "Actual Loops": 1,
      "Plans": [
        {
          "Node Type": "Gather",
          "Parent Relationship": "Outer",
          "Parallel Aware": false,
          "Startup Cost": 32312.07,
          "Total Cost": 32312.38,
          "Plan Rows": 3,
          "Plan Width": 8,
          "Actual Startup Time": 138.824,
          "Actual Total Time": 146.091,
          "Actual Rows": 4,
          "Actual Loops": 1,
          "Workers Planned": 3,
          "Workers Launched": 3,
          "Single Copy": false,
          "Plans": [
            {
              "Node Type": "Aggregate",
              "Strategy": "Plain",
              "Partial Mode": "Partial",
              "Parent Relationship": "Outer",
              "Parallel Aware": false,
              "Startup Cost": 31312.07,
              "Total Cost": 31312.08,
              "Plan Rows": 1,
              "Plan Width": 8,
              "Actual Startup Time": 132.23,
              "Actual Total Time": 132.232,
              "Actual Rows": 1,
              "Actual Loops": 4,
              "Plans": [
                {
                  "Node Type": "Seq Scan",
                  "Parent Relationship": "Outer",
                  "Parallel Aware": true,
                  "Relation Name": "movie_companies",
                  "Alias": "mc",
                  "Startup Cost": 0.0,
                  "Total Cost": 29310.68,
                  "Plan Rows": 800555,
                  "Plan Width": 0,
                  "Actual Startup Time": 0.04,
                  "Actual Total Time": 96.911,
                  "Actual Rows": 621570,
                  "Actual Loops": 4,
                  "Filter": "(company_id < 144826)",
                  "Rows Removed by Filter": 30712
                }
              ]
            }
          ]
        }
      ]
    },
    "Planning Time": 0.099,
    "Triggers": [],
    "Execution Time": 146.135
  }
]