[
  {
    "Plan": {
      "Node Type": "Aggregate",
      "Strategy": "Plain",
      "Partial Mode": "Finalize",
      "Parallel Aware": false,
      "Startup Cost": 311260.73,
      "Total Cost": 311260.74,
      "Plan Rows": 1,
      "Plan Width": 8,
      "Actual Startup Time": 224.258,
      "Actual Total Time": 234.209,
      "Actual Rows": 1,
      "Actual Loops": 1,
      "Plans": [
        {
          "Node Type": "Gather",
          "Parent Relationship": "Outer",
          "Parallel Aware": false,
          "Startup Cost": 311260.1,
          "Total Cost": 311260.71,
          "Plan Rows": 6,
          "Plan Width": 8,
          "Actual Startup Time": 223.702,
          "Actual Total Time": 234.199,
          "Actual Rows": 7,
          "Actual Loops": 1,
          "Workers Planned": 6,
          "Workers Launched": 6,
          "Single Copy": false,
          "Plans": [
            {
              "Node Type": "Aggregate",
              "Strategy": "Plain",
              "Partial Mode": "Partial",
              "Parent Relationship": "Outer",
              "Parallel Aware": false,
              "Startup Cost": 310260.1,
              "Total Cost": 310260.11,
              "Plan Rows": 1,
              "Plan Width": 8,
              "Actual Startup Time": 214.659,
              "Actual Total Time": 214.661,
              "Actual Rows": 1,
              "Actual Loops": 7,
              "Plans": [
                {
                  "Node Type": "Bitmap Heap Scan",
                  "Parent Relationship": "Outer",
                  "Parallel Aware": true,
                  "Relation Name": "cast_info",
                  "Alias": "ci",
                  "Startup Cost": 51719.31,
                  "Total Cost": 309284.47,
                  "Plan Rows": 390253,
                  "Plan Width": 0,
                  "Actual Startup Time": 99.707,
                  "Actual Total Time": 193.561,
                  "Actual Rows": 336632,
                  "Actual Loops": 7,
                  "Recheck Cond": "(person_id < 229242)",
                  "Rows Removed by Index Recheck": 0,
                  "Exact Heap Blocks": 6753,
                  "Lossy Heap Blocks": 0,
                  "Plans": [
                    {
                      "Node Type": "Bitmap Index Scan",
                      "Parent Relationship": "Outer",
                      "Parallel Aware": false,
                      "Index Name": "person_id_cast_info",
                      "Startup Cost": 0.0,
                      "Total Cost": 51133.93,
                      "Plan Rows": 2341516,
                      "Plan Width": 0,
                      "Actual Startup Time": 104.042,
                      "Actual Total Time": 104.043,
                      "Actual Rows": 2356427,
                      "Actual Loops": 1,
                      "Index Cond": "(person_id < 229242)"
                    }
                  ]
                }
              ]
            }
          ]
        }
      ]
    },
    "Planning Time": 0.2,
    "Triggers": [],
    "Execution Time": 234.285
  }
]