[
    {
        "Bao": {
            "Bao prediction": 456.589,
            "Bao recommended hint": "(no hint)"
        }
    },
    {
        "Plan": {
            "Node Type": "Aggregate",
            "Strategy": "Plain",
            "Partial Mode": "Finalize",
            "Parallel Aware": false,
            "Startup Cost": 44566.95,
            "Total Cost": 44566.96,
            "Plan Rows": 1,
            "Plan Width": 8,
            "Actual Startup Time": 148.438,
            "Actual Total Time": 157.741,
            "Actual Rows": 1,
            "Actual Loops": 1,
            "Output": [
                "count(*)"
            ],
            "Plans": [
                {
                    "Node Type": "Gather",
                    "Parent Relationship": "Outer",
                    "Parallel Aware": false,
                    "Startup Cost": 44566.63,
                    "Total Cost": 44566.94,
                    "Plan Rows": 3,
                    "Plan Width": 8,
                    "Actual Startup Time": 148.325,
                    "Actual Total Time": 157.732,
                    "Actual Rows": 4,
                    "Actual Loops": 1,
                    "Output": [
                        "(PARTIAL count(*))"
                    ],
                    "Workers Planned": 3,
                    "Workers Launched": 3,
                    "Single Copy": false,
                    "Plans": [
                        {
                            "Node Type": "Aggregate",
                            "Strategy": "Plain",
                            "Partial Mode": "Partial",
                            "Parent Relationship": "Outer",
                            "Parallel Aware": false,
                            "Startup Cost": 43566.63,
                            "Total Cost": 43566.64,
                            "Plan Rows": 1,
                            "Plan Width": 8,
                            "Actual Startup Time": 139.925,
                            "Actual Total Time": 139.927,
                            "Actual Rows": 1,
                            "Actual Loops": 4,
                            "Output": [
                                "PARTIAL count(*)"
                            ],
                            "Workers": [
                                {
                                    "Worker Number": 0,
                                    "Actual Startup Time": 137.266,
                                    "Actual Total Time": 137.267,
                                    "Actual Rows": 1,
                                    "Actual Loops": 1
                                },
                                {
                                    "Worker Number": 1,
                                    "Actual Startup Time": 137.84,
                                    "Actual Total Time": 137.84,
                                    "Actual Rows": 1,
                                    "Actual Loops": 1
                                },
                                {
                                    "Worker Number": 2,
                                    "Actual Startup Time": 136.898,
                                    "Actual Total Time": 136.899,
                                    "Actual Rows": 1,
                                    "Actual Loops": 1
                                }
                            ],
                            "Plans": [
                                {
                                    "Node Type": "Seq Scan",
                                    "Parent Relationship": "Outer",
                                    "Parallel Aware": true,
                                    "Relation Name": "movie_keyword",
                                    "Schema": "public",
                                    "Alias": "mk",
                                    "Startup Cost": 0.0,
                                    "Total Cost": 42695.65,
                                    "Plan Rows": 348390,
                                    "Plan Width": 0,
                                    "Actual Startup Time": 3.389,
                                    "Actual Total Time": 122.294,
                                    "Actual Rows": 264081,
                                    "Actual Loops": 4,
                                    "Output": [
                                        "id",
                                        "movie_id",
                                        "keyword_id"
                                    ],
                                    "Filter": "(mk.keyword_id > 16710)",
                                    "Rows Removed by Filter": 866901,
                                    "Workers": [
                                        {
                                            "Worker Number": 0,
                                            "Actual Startup Time": 0.761,
                                            "Actual Total Time": 120.202,
                                            "Actual Rows": 216161,
                                            "Actual Loops": 1
                                        },
                                        {
                                            "Worker Number": 1,
                                            "Actual Startup Time": 1.274,
                                            "Actual Total Time": 120.649,
                                            "Actual Rows": 219584,
                                            "Actual Loops": 1
                                        },
                                        {
                                            "Worker Number": 2,
                                            "Actual Startup Time": 0.386,
                                            "Actual Total Time": 119.996,
                                            "Actual Rows": 216078,
                                            "Actual Loops": 1
                                        }
                                    ]
                                }
                            ]
                        }
                    ]
                }
            ]
        },
        "Planning Time": 711.901,
        "Triggers": [],
        "Execution Time": 157.866
    }
]