[
  {
    "Plan": {
      "Node Type": "Aggregate",
      "Strategy": "Plain",
      "Partial Mode": "Finalize",
      "Parallel Aware": false,
      "Startup Cost": 46712.61,
      "Total Cost": 46712.62,
      "Plan Rows": 1,
      "Plan Width": 8,
      "Actual Startup Time": 197.353,
      "Actual Total Time": 206.447,
      "Actual Rows": 1,
      "Actual Loops": 1,
      "Plans": [
        {
          "Node Type": "Gather",
          "Parent Relationship": "Outer",
          "Parallel Aware": false,
          "Startup Cost": 46712.29,
          "Total Cost": 46712.6,
          "Plan Rows": 3,
          "Plan Width": 8,
          "Actual Startup Time": 197.203,
          "Actual Total Time": 206.437,
          "Actual Rows": 4,
          "Actual Loops": 1,
          "Workers Planned": 3,
          "Workers Launched": 3,
          "Single Copy": false,
          "Plans": [
            {
              "Node Type": "Aggregate",
              "Strategy": "Plain",
              "Partial Mode": "Partial",
              "Parent Relationship": "Outer",
              "Parallel Aware": false,
              "Startup Cost": 45712.29,
              "Total Cost": 45712.3,
              "Plan Rows": 1,
              "Plan Width": 8,
              "Actual Startup Time": 189.841,
              "Actual Total Time": 189.842,
              "Actual Rows": 1,
              "Actual Loops": 4,
              "Plans": [
                {
                  "Node Type": "Seq Scan",
                  "Parent Relationship": "Outer",
                  "Parallel Aware": true,
                  "Relation Name": "movie_keyword",
                  "Alias": "mk",
                  "Startup Cost": 0.0,
                  "Total Cost": 42695.65,
                  "Plan Rows": 1206655,
                  "Plan Width": 0,
                  "Actual Startup Time": 0.133,
                  "Actual Total Time": 140.41,
                  "Actual Rows": 932156,
                  "Actual Loops": 4,
                  "Filter": "(keyword_id > 764)",
                  "Rows Removed by Filter": 198827
                }
              ]
            }
          ]
        }
      ]
    },
    "Planning Time": 0.184,
    "Triggers": [],
    "Execution Time": 206.503
  }
]