[
  {
    "Plan": {
      "Node Type": "Aggregate",
      "Strategy": "Plain",
      "Partial Mode": "Finalize",
      "Parallel Aware": false,
      "Startup Cost": 376515.06,
      "Total Cost": 376515.07,
      "Plan Rows": 1,
      "Plan Width": 8,
      "Actual Startup Time": 873.422,
      "Actual Total Time": 926.562,
      "Actual Rows": 1,
      "Actual Loops": 1,
      "Plans": [
        {
          "Node Type": "Gather",
          "Parent Relationship": "Outer",
          "Parallel Aware": false,
          "Startup Cost": 376514.44,
          "Total Cost": 376515.05,
          "Plan Rows": 6,
          "Plan Width": 8,
          "Actual Startup Time": 872.035,
          "Actual Total Time": 926.553,
          "Actual Rows": 7,
          "Actual Loops": 1,
          "Workers Planned": 6,
          "Workers Launched": 6,
          "Single Copy": false,
          "Plans": [
            {
              "Node Type": "Aggregate",
              "Strategy": "Plain",
              "Partial Mode": "Partial",
              "Parent Relationship": "Outer",
              "Parallel Aware": false,
              "Startup Cost": 375514.44,
              "Total Cost": 375514.45,
              "Plan Rows": 1,
              "Plan Width": 8,
              "Actual Startup Time": 864.141,
              "Actual Total Time": 864.145,
              "Actual Rows": 1,
              "Actual Loops": 7,
              "Plans": [
                {
                  "Node Type": "Hash Join",
                  "Parent Relationship": "Outer",
                  "Parallel Aware": true,
                  "Join Type": "Inner",
                  "Startup Cost": 44209.32,
                  "Total Cost": 375403.0,
                  "Plan Rows": 44573,
                  "Plan Width": 0,
                  "Actual Startup Time": 463.716,
                  "Actual Total Time": 861.486,
                  "Actual Rows": 35721,
                  "Actual Loops": 7,
                  "Inner Unique": true,
                  "Hash Cond": "(ci.movie_id = t.id)",
                  "Plans": [
                    {
                      "Node Type": "Seq Scan",
                      "Parent Relationship": "Outer",
                      "Parallel Aware": true,
                      "Relation Name": "cast_info",
                      "Alias": "ci",
                      "Startup Cost": 0.0,
                      "Total Cost": 328211.39,
                      "Plan Rows": 1136111,
                      "Plan Width": 4,
                      "Actual Startup Time": 375.424,
                      "Actual Total Time": 616.256,
                      "Actual Rows": 962297,
                      "Actual Loops": 7,
                      "Filter": "(person_id > 2987694)",
                      "Rows Removed by Filter": 4215466
                    },
                    {
                      "Node Type": "Hash",
                      "Parent Relationship": "Inner",
                      "Parallel Aware": true,
                      "Startup Cost": 43899.32,
                      "Total Cost": 43899.32,
                      "Plan Rows": 24800,
                      "Plan Width": 4,
                      "Actual Startup Time": 87.32,
                      "Actual Total Time": 87.321,
                      "Actual Rows": 13572,
                      "Actual Loops": 7,
                      "Hash Buckets": 131072,
                      "Original Hash Buckets": 131072,
                      "Hash Batches": 1,
                      "Original Hash Batches": 1,
                      "Peak Memory Usage": 4864,
                      "Plans": [
                        {
                          "Node Type": "Seq Scan",
                          "Parent Relationship": "Outer",
                          "Parallel Aware": true,
                          "Relation Name": "title",
                          "Alias": "t",
                          "Startup Cost": 0.0,
                          "Total Cost": 43899.32,
                          "Plan Rows": 24800,
                          "Plan Width": 4,
                          "Actual Startup Time": 0.045,
                          "Actual Total Time": 79.984,
                          "Actual Rows": 13572,
                          "Actual Loops": 7,
                          "Filter": "(production_year = 2005)",
                          "Rows Removed by Filter": 347615
                        }
                      ]
                    }
                  ]
                }
              ]
            }
          ]
        }
      ]
    },
    "Planning Time": 0.252,
    "Triggers": [],
    "Execution Time": 926.612
  }
]