{
  "Plan": {
    "Node Type": "Aggregate",
    "Strategy": "Plain",
    "Partial Mode": "Finalize",
    "Parallel Aware": false,
    "Startup Cost": 189264.64,
    "Total Cost": 189264.65,
    "Plan Rows": 1,
    "Plan Width": 8,
    "Actual Startup Time": 2067.808,
    "Actual Total Time": 2084.595,
    "Actual Rows": 1,
    "Actual Loops": 1,
    "Plans": [
      {
        "Node Type": "Gather",
        "Parent Relationship": "Outer",
        "Parallel Aware": false,
        "Startup Cost": 189264.53,
        "Total Cost": 189264.64,
        "Plan Rows": 1,
        "Plan Width": 8,
        "Actual Startup Time": 2064.931,
        "Actual Total Time": 2084.587,
        "Actual Rows": 2,
        "Actual Loops": 1,
        "Workers Planned": 1,
        "Workers Launched": 1,
        "Single Copy": false,
        "Plans": [
          {
            "Node Type": "Aggregate",
            "Strategy": "Plain",
            "Partial Mode": "Partial",
            "Parent Relationship": "Outer",
            "Parallel Aware": false,
            "Startup Cost": 188264.53,
            "Total Cost": 188264.54,
            "Plan Rows": 1,
            "Plan Width": 8,
            "Actual Startup Time": 2057.972,
            "Actual Total Time": 2057.977,
            "Actual Rows": 1,
            "Actual Loops": 2,
            "Plans": [
              {
                "Node Type": "Hash Join",
                "Parent Relationship": "Outer",
                "Parallel Aware": true,
                "Join Type": "Inner",
                "Startup Cost": 117114.92,
                "Total Cost": 186549.99,
                "Plan Rows": 685818,
                "Plan Width": 0,
                "Actual Startup Time": 861.337,
                "Actual Total Time": 1773.026,
                "Actual Rows": 6097512,
                "Actual Loops": 2,
                "Inner Unique": false,
                "Hash Cond": "(mk.movie_id = t.id)",
                "Plans": [
                  {
                    "Node Type": "Seq Scan",
                    "Parent Relationship": "Outer",
                    "Parallel Aware": true,
                    "Relation Name": "movie_keyword",
                    "Alias": "mk",
                    "Startup Cost": 0.0,
                    "Total Cost": 57718.19,
                    "Plan Rows": 2048709,
                    "Plan Width": 4,
                    "Actual Startup Time": 0.024,
                    "Actual Total Time": 244.855,
                    "Actual Rows": 1741619,
                    "Actual Loops": 2,
                    "Filter": "(keyword_id < 17035)",
                    "Rows Removed by Filter": 520346
                  },
                  {
                    "Node Type": "Hash",
                    "Parent Relationship": "Inner",
                    "Parallel Aware": true,
                    "Startup Cost": 110891.68,
                    "Total Cost": 110891.68,
                    "Plan Rows": 497859,
                    "Plan Width": 8,
                    "Actual Startup Time": 842.936,
                    "Actual Total Time": 842.94,
                    "Actual Rows": 323280,
                    "Actual Loops": 2,
                    "Hash Buckets": 1048576,
                    "Original Hash Buckets": 1048576,
                    "Hash Batches": 1,
                    "Original Hash Batches": 1,
                    "Peak Memory Usage": 33504,
                    "Plans": [
                      {
                        "Node Type": "Hash Join",
                        "Parent Relationship": "Outer",
                        "Parallel Aware": true,
                        "Join Type": "Inner",
                        "Startup Cost": 47797.59,
                        "Total Cost": 110891.68,
                        "Plan Rows": 497859,
                        "Plan Width": 8,
                        "Actual Startup Time": 235.328,
                        "Actual Total Time": 743.523,
                        "Actual Rows": 323280,
                        "Actual Loops": 2,
                        "Inner Unique": false,
                        "Hash Cond": "(t.id = mc.movie_id)",
                        "Plans": [
                          {
                            "Node Type": "Seq Scan",
                            "Parent Relationship": "Outer",
                            "Parallel Aware": true,
                            "Relation Name": "title",
                            "Alias": "t",
                            "Startup Cost": 0.0,
                            "Total Cost": 50870.31,
                            "Plan Rows": 1487231,
                            "Plan Width": 4,
                            "Actual Startup Time": 0.015,
                            "Actual Total Time": 148.222,
                            "Actual Rows": 1264156,
                            "Actual Loops": 2
                          },
                          {
                            "Node Type": "Hash",
                            "Parent Relationship": "Inner",
                            "Parallel Aware": true,
                            "Startup Cost": 41574.35,
                            "Total Cost": 41574.35,
                            "Plan Rows": 497859,
                            "Plan Width": 4,
                            "Actual Startup Time": 229.595,
                            "Actual Total Time": 229.596,
                            "Actual Rows": 323280,
                            "Actual Loops": 2,
                            "Hash Buckets": 1048576,
                            "Original Hash Buckets": 1048576,
                            "Hash Batches": 1,
                            "Original Hash Batches": 1,
                            "Peak Memory Usage": 33504,
                            "Plans": [
                              {
                                "Node Type": "Index Scan",
                                "Parent Relationship": "Outer",
                                "Parallel Aware": true,
                                "Scan Direction": "Forward",
                                "Index Name": "company_type_id_movie_companies",
                                "Relation Name": "movie_companies",
                                "Alias": "mc",
                                "Startup Cost": 0.43,
                                "Total Cost": 41574.35,
                                "Plan Rows": 497859,
                                "Plan Width": 4,
                                "Actual Startup Time": 5.584,
                                "Actual Total Time": 136.07,
                                "Actual Rows": 323280,
                                "Actual Loops": 2,
                                "Index Cond": "(company_type_id < 2)",
                                "Rows Removed by Index Recheck": 0,
                                "Filter": "(company_id > 2686)",
                                "Rows Removed by Filter": 313844
                              }
                            ]
                          }
                        ]
                      }
                    ]
                  }
                ]
              }
            ]
          }
        ]
      }
    ]
  },
  "Planning Time": 0.985,
  "Triggers": [],
  "Execution Time": 2084.69
}