[
  {
    "Plan": {
      "Node Type": "Aggregate",
      "Strategy": "Plain",
      "Partial Mode": "Finalize",
      "Parallel Aware": false,
      "Startup Cost": 341222.13,
      "Total Cost": 341222.14,
      "Plan Rows": 1,
      "Plan Width": 8,
      "Actual Startup Time": 859.411,
      "Actual Total Time": 905.351,
      "Actual Rows": 1,
      "Actual Loops": 1,
      "Plans": [
        {
          "Node Type": "Gather",
          "Parent Relationship": "Outer",
          "Parallel Aware": false,
          "Startup Cost": 341221.5,
          "Total Cost": 341222.11,
          "Plan Rows": 6,
          "Plan Width": 8,
          "Actual Startup Time": 859.245,
          "Actual Total Time": 905.338,
          "Actual Rows": 7,
          "Actual Loops": 1,
          "Workers Planned": 6,
          "Workers Launched": 6,
          "Single Copy": false,
          "Plans": [
            {
              "Node Type": "Aggregate",
              "Strategy": "Plain",
              "Partial Mode": "Partial",
              "Parent Relationship": "Outer",
              "Parallel Aware": false,
              "Startup Cost": 340221.5,
              "Total Cost": 340221.51,
              "Plan Rows": 1,
              "Plan Width": 8,
              "Actual Startup Time": 851.511,
              "Actual Total Time": 851.512,
              "Actual Rows": 1,
              "Actual Loops": 7,
              "Plans": [
                {
                  "Node Type": "Seq Scan",
                  "Parent Relationship": "Outer",
                  "Parallel Aware": true,
                  "Relation Name": "cast_info",
                  "Alias": "ci",
                  "Startup Cost": 0.0,
                  "Total Cost": 328211.39,
                  "Plan Rows": 4804045,
                  "Plan Width": 0,
                  "Actual Startup Time": 91.825,
                  "Actual Total Time": 645.075,
                  "Actual Rows": 4096675,
                  "Actual Loops": 7,
                  "Filter": "(person_id > 733274)",
                  "Rows Removed by Filter": 1081088
                }
              ]
            }
          ]
        }
      ]
    },
    "Planning Time": 0.207,
    "Triggers": [],
    "Execution Time": 905.423
  }
]