[
  {
    "Plan": {
      "Node Type": "Aggregate",
      "Strategy": "Plain",
      "Partial Mode": "Finalize",
      "Parallel Aware": false,
      "Startup Cost": 46571.28,
      "Total Cost": 46571.29,
      "Plan Rows": 1,
      "Plan Width": 8,
      "Actual Startup Time": 98.461,
      "Actual Total Time": 110.22,
      "Actual Rows": 1,
      "Actual Loops": 1,
      "Plans": [
        {
          "Node Type": "Gather",
          "Parent Relationship": "Outer",
          "Parallel Aware": false,
          "Startup Cost": 46570.86,
          "Total Cost": 46571.27,
          "Plan Rows": 4,
          "Plan Width": 8,
          "Actual Startup Time": 98.321,
          "Actual Total Time": 110.211,
          "Actual Rows": 5,
          "Actual Loops": 1,
          "Workers Planned": 4,
          "Workers Launched": 4,
          "Single Copy": false,
          "Plans": [
            {
              "Node Type": "Aggregate",
              "Strategy": "Plain",
              "Partial Mode": "Partial",
              "Parent Relationship": "Outer",
              "Parallel Aware": false,
              "Startup Cost": 45570.86,
              "Total Cost": 45570.87,
              "Plan Rows": 1,
              "Plan Width": 8,
              "Actual Startup Time": 90.057,
              "Actual Total Time": 90.058,
              "Actual Rows": 1,
              "Actual Loops": 5,
              "Plans": [
                {
                  "Node Type": "Seq Scan",
                  "Parent Relationship": "Outer",
                  "Parallel Aware": true,
                  "Relation Name": "title",
                  "Alias": "t",
                  "Startup Cost": 0.0,
                  "Total Cost": 45479.1,
                  "Plan Rows": 36705,
                  "Plan Width": 0,
                  "Actual Startup Time": 0.046,
                  "Actual Total Time": 89.042,
                  "Actual Rows": 10685,
                  "Actual Loops": 5,
                  "Filter": "((production_year < 1961) AND (kind_id = 7))",
                  "Rows Removed by Filter": 494977
                }
              ]
            }
          ]
        }
      ]
    },
    "Planning Time": 0.192,
    "Triggers": [],
    "Execution Time": 110.28
  }
]