[
  {
    "Plan": {
      "Node Type": "Aggregate",
      "Strategy": "Plain",
      "Partial Mode": "Finalize",
      "Parallel Aware": false,
      "Startup Cost": 236337.36,
      "Total Cost": 236337.37,
      "Plan Rows": 1,
      "Plan Width": 8,
      "Actual Startup Time": 282.547,
      "Actual Total Time": 319.807,
      "Actual Rows": 1,
      "Actual Loops": 1,
      "Plans": [
        {
          "Node Type": "Gather",
          "Parent Relationship": "Outer",
          "Parallel Aware": false,
          "Startup Cost": 236336.94,
          "Total Cost": 236337.35,
          "Plan Rows": 4,
          "Plan Width": 8,
          "Actual Startup Time": 282.385,
          "Actual Total Time": 319.793,
          "Actual Rows": 5,
          "Actual Loops": 1,
          "Workers Planned": 4,
          "Workers Launched": 4,
          "Single Copy": false,
          "Plans": [
            {
              "Node Type": "Aggregate",
              "Strategy": "Plain",
              "Partial Mode": "Partial",
              "Parent Relationship": "Outer",
              "Parallel Aware": false,
              "Startup Cost": 235336.94,
              "Total Cost": 235336.95,
              "Plan Rows": 1,
              "Plan Width": 8,
              "Actual Startup Time": 277.496,
              "Actual Total Time": 277.499,
              "Actual Rows": 1,
              "Actual Loops": 5,
              "Plans": [
                {
                  "Node Type": "Nested Loop",
                  "Parent Relationship": "Outer",
                  "Parallel Aware": false,
                  "Join Type": "Inner",
                  "Startup Cost": 0.43,
                  "Total Cost": 235282.62,
                  "Plan Rows": 21728,
                  "Plan Width": 0,
                  "Actual Startup Time": 48.666,
                  "Actual Total Time": 270.489,
                  "Actual Rows": 128726,
                  "Actual Loops": 5,
                  "Inner Unique": false,
                  "Plans": [
                    {
                      "Node Type": "Seq Scan",
                      "Parent Relationship": "Outer",
                      "Parallel Aware": true,
                      "Relation Name": "title",
                      "Alias": "t",
                      "Startup Cost": 0.0,
                      "Total Cost": 45479.59,
                      "Plan Rows": 6204,
                      "Plan Width": 4,
                      "Actual Startup Time": 48.557,
                      "Actual Total Time": 77.578,
                      "Actual Rows": 13503,
                      "Actual Loops": 5,
                      "Filter": "((kind_id < 7) AND (production_year < 1916))",
                      "Rows Removed by Filter": 492159
                    },
                    {
                      "Node Type": "Index Scan",
                      "Parent Relationship": "Inner",
                      "Parallel Aware": false,
                      "Scan Direction": "Forward",
                      "Index Name": "movie_id_movie_info",
                      "Relation Name": "movie_info",
                      "Alias": "mi",
                      "Startup Cost": 0.43,
                      "Total Cost": 30.34,
                      "Plan Rows": 25,
                      "Plan Width": 4,
                      "Actual Startup Time": 0.005,
                      "Actual Total Time": 0.013,
                      "Actual Rows": 10,
                      "Actual Loops": 67516,
                      "Index Cond": "(movie_id = t.id)",
                      "Rows Removed by Index Recheck": 0,
                      "Filter": "(info_type_id < 13)",
                      "Rows Removed by Filter": 1
                    }
                  ]
                }
              ]
            }
          ]
        }
      ]
    },
    "Planning Time": 0.435,
    "Triggers": [],
    "Execution Time": 319.852
  }
]