[
  {
    "Plan": {
      "Node Type": "Aggregate",
      "Strategy": "Plain",
      "Partial Mode": "Finalize",
      "Parallel Aware": false,
      "Startup Cost": 321456.89,
      "Total Cost": 321456.9,
      "Plan Rows": 1,
      "Plan Width": 8,
      "Actual Startup Time": 178.15,
      "Actual Total Time": 193.849,
      "Actual Rows": 1,
      "Actual Loops": 1,
      "Plans": [
        {
          "Node Type": "Gather",
          "Parent Relationship": "Outer",
          "Parallel Aware": false,
          "Startup Cost": 321456.26,
          "Total Cost": 321456.87,
          "Plan Rows": 6,
          "Plan Width": 8,
          "Actual Startup Time": 177.692,
          "Actual Total Time": 193.839,
          "Actual Rows": 7,
          "Actual Loops": 1,
          "Workers Planned": 6,
          "Workers Launched": 6,
          "Single Copy": false,
          "Plans": [
            {
              "Node Type": "Aggregate",
              "Strategy": "Plain",
              "Partial Mode": "Partial",
              "Parent Relationship": "Outer",
              "Parallel Aware": false,
              "Startup Cost": 320456.26,
              "Total Cost": 320456.27,
              "Plan Rows": 1,
              "Plan Width": 8,
              "Actual Startup Time": 168.445,
              "Actual Total Time": 168.45,
              "Actual Rows": 1,
              "Actual Loops": 7,
              "Plans": [
                {
                  "Node Type": "Hash Join",
                  "Parent Relationship": "Outer",
                  "Parallel Aware": true,
                  "Join Type": "Inner",
                  "Startup Cost": 65491.13,
                  "Total Cost": 320451.41,
                  "Plan Rows": 1941,
                  "Plan Width": 0,
                  "Actual Startup Time": 109.327,
                  "Actual Total Time": 168.248,
                  "Actual Rows": 1474,
                  "Actual Loops": 7,
                  "Inner Unique": true,
                  "Hash Cond": "(ci.movie_id = t.id)",
                  "Plans": [
                    {
                      "Node Type": "Bitmap Heap Scan",
                      "Parent Relationship": "Outer",
                      "Parallel Aware": true,
                      "Relation Name": "cast_info",
                      "Alias": "ci",
                      "Startup Cost": 19909.49,
                      "Total Cost": 274475.24,
                      "Plan Rows": 150300,
                      "Plan Width": 4,
                      "Actual Startup Time": 34.685,
                      "Actual Total Time": 70.956,
                      "Actual Rows": 133704,
                      "Actual Loops": 7,
                      "Recheck Cond": "(person_id < 96637)",
                      "Rows Removed by Index Recheck": 0,
                      "Exact Heap Blocks": 1983,
                      "Lossy Heap Blocks": 0,
                      "Plans": [
                        {
                          "Node Type": "Bitmap Index Scan",
                          "Parent Relationship": "Outer",
                          "Parallel Aware": false,
                          "Index Name": "person_id_cast_info",
                          "Startup Cost": 0.0,
                          "Total Cost": 19684.04,
                          "Plan Rows": 901797,
                          "Plan Width": 0,
                          "Actual Startup Time": 33.075,
                          "Actual Total Time": 33.076,
                          "Actual Rows": 935931,
                          "Actual Loops": 1,
                          "Index Cond": "(person_id < 96637)"
                        }
                      ]
                    },
                    {
                      "Node Type": "Hash",
                      "Parent Relationship": "Inner",
                      "Parallel Aware": true,
                      "Startup Cost": 45479.59,
                      "Total Cost": 45479.59,
                      "Plan Rows": 8164,
                      "Plan Width": 4,
                      "Actual Startup Time": 73.876,
                      "Actual Total Time": 73.877,
                      "Actual Rows": 3158,
                      "Actual Loops": 7,
                      "Hash Buckets": 32768,
                      "Original Hash Buckets": 32768,
                      "Hash Batches": 1,
                      "Original Hash Batches": 1,
                      "Peak Memory Usage": 1216,
                      "Plans": [
                        {
                          "Node Type": "Seq Scan",
                          "Parent Relationship": "Outer",
                          "Parallel Aware": true,
                          "Relation Name": "title",
                          "Alias": "t",
                          "Startup Cost": 0.0,
                          "Total Cost": 45479.59,
                          "Plan Rows": 8164,
                          "Plan Width": 4,
                          "Actual Startup Time": 44.853,
                          "Actual Total Time": 72.075,
                          "Actual Rows": 3158,
                          "Actual Loops": 7,
                          "Filter": "((kind_id = 1) AND (production_year = 2008))",
                          "Rows Removed by Filter": 358029
                        }
                      ]
                    }
                  ]
                }
              ]
            }
          ]
        }
      ]
    },
    "Planning Time": 0.187,
    "Triggers": [],
    "Execution Time": 193.887
  }
]