[
  {
    "Plan": {
      "Node Type": "Aggregate",
      "Strategy": "Plain",
      "Partial Mode": "Finalize",
      "Parallel Aware": false,
      "Startup Cost": 81014.93,
      "Total Cost": 81014.94,
      "Plan Rows": 1,
      "Plan Width": 8,
      "Actual Startup Time": 361.601,
      "Actual Total Time": 377.432,
      "Actual Rows": 1,
      "Actual Loops": 1,
      "Plans": [
        {
          "Node Type": "Gather",
          "Parent Relationship": "Outer",
          "Parallel Aware": false,
          "Startup Cost": 81014.62,
          "Total Cost": 81014.93,
          "Plan Rows": 3,
          "Plan Width": 8,
          "Actual Startup Time": 356.044,
          "Actual Total Time": 377.423,
          "Actual Rows": 4,
          "Actual Loops": 1,
          "Workers Planned": 3,
          "Workers Launched": 3,
          "Single Copy": false,
          "Plans": [
            {
              "Node Type": "Aggregate",
              "Strategy": "Plain",
              "Partial Mode": "Partial",
              "Parent Relationship": "Outer",
              "Parallel Aware": false,
              "Startup Cost": 80014.62,
              "Total Cost": 80014.63,
              "Plan Rows": 1,
              "Plan Width": 8,
              "Actual Startup Time": 349.873,
              "Actual Total Time": 349.876,
              "Actual Rows": 1,
              "Actual Loops": 4,
              "Plans": [
                {
                  "Node Type": "Hash Join",
                  "Parent Relationship": "Outer",
                  "Parallel Aware": true,
                  "Join Type": "Inner",
                  "Startup Cost": 49700.74,
                  "Total Cost": 79676.32,
                  "Plan Rows": 135319,
                  "Plan Width": 0,
                  "Actual Startup Time": 223.543,
                  "Actual Total Time": 346.224,
                  "Actual Rows": 89684,
                  "Actual Loops": 4,
                  "Inner Unique": true,
                  "Hash Cond": "(mc.movie_id = t.id)",
                  "Plans": [
                    {
                      "Node Type": "Seq Scan",
                      "Parent Relationship": "Outer",
                      "Parallel Aware": true,
                      "Relation Name": "movie_companies",
                      "Alias": "mc",
                      "Startup Cost": 0.0,
                      "Total Cost": 29310.68,
                      "Plan Rows": 253296,
                      "Plan Width": 4,
                      "Actual Startup Time": 0.012,
                      "Actual Total Time": 58.566,
                      "Actual Rows": 194885,
                      "Actual Loops": 4,
                      "Filter": "(company_id < 1685)",
                      "Rows Removed by Filter": 457397
                    },
                    {
                      "Node Type": "Hash",
                      "Parent Relationship": "Inner",
                      "Parallel Aware": true,
                      "Startup Cost": 45479.59,
                      "Total Cost": 45479.59,
                      "Plan Rows": 337692,
                      "Plan Width": 4,
                      "Actual Startup Time": 219.357,
                      "Actual Total Time": 219.358,
                      "Actual Rows": 356254,
                      "Actual Loops": 4,
                      "Hash Buckets": 2097152,
                      "Original Hash Buckets": 2097152,
                      "Hash Batches": 1,
                      "Original Hash Batches": 1,
                      "Peak Memory Usage": 72192,
                      "Plans": [
                        {
                          "Node Type": "Seq Scan",
                          "Parent Relationship": "Outer",
                          "Parallel Aware": true,
                          "Relation Name": "title",
                          "Alias": "t",
                          "Startup Cost": 0.0,
                          "Total Cost": 45479.59,
                          "Plan Rows": 337692,
                          "Plan Width": 4,
                          "Actual Startup Time": 0.032,
                          "Actual Total Time": 102.816,
                          "Actual Rows": 356254,
                          "Actual Loops": 4,
                          "Filter": "((production_year > 1960) AND (kind_id = 7))",
                          "Rows Removed by Filter": 275824
                        }
                      ]
                    }
                  ]
                }
              ]
            }
          ]
        }
      ]
    },
    "Planning Time": 0.42,
    "Triggers": [],
    "Execution Time": 377.46
  }
]