[
  {
    "Plan": {
      "Node Type": "Aggregate",
      "Strategy": "Plain",
      "Partial Mode": "Finalize",
      "Parallel Aware": false,
      "Startup Cost": 46547.01,
      "Total Cost": 46547.02,
      "Plan Rows": 1,
      "Plan Width": 8,
      "Actual Startup Time": 183.225,
      "Actual Total Time": 191.566,
      "Actual Rows": 1,
      "Actual Loops": 1,
      "Plans": [
        {
          "Node Type": "Gather",
          "Parent Relationship": "Outer",
          "Parallel Aware": false,
          "Startup Cost": 46546.69,
          "Total Cost": 46547.0,
          "Plan Rows": 3,
          "Plan Width": 8,
          "Actual Startup Time": 183.074,
          "Actual Total Time": 191.555,
          "Actual Rows": 4,
          "Actual Loops": 1,
          "Workers Planned": 3,
          "Workers Launched": 3,
          "Single Copy": false,
          "Plans": [
            {
              "Node Type": "Aggregate",
              "Strategy": "Plain",
              "Partial Mode": "Partial",
              "Parent Relationship": "Outer",
              "Parallel Aware": false,
              "Startup Cost": 45546.69,
              "Total Cost": 45546.7,
              "Plan Rows": 1,
              "Plan Width": 8,
              "Actual Startup Time": 174.994,
              "Actual Total Time": 174.995,
              "Actual Rows": 1,
              "Actual Loops": 4,
              "Plans": [
                {
                  "Node Type": "Seq Scan",
                  "Parent Relationship": "Outer",
                  "Parallel Aware": true,
                  "Relation Name": "movie_keyword",
                  "Alias": "mk",
                  "Startup Cost": 0.0,
                  "Total Cost": 42695.65,
                  "Plan Rows": 1140416,
                  "Plan Width": 0,
                  "Actual Startup Time": 0.056,
                  "Actual Total Time": 130.484,
                  "Actual Rows": 886269,
                  "Actual Loops": 4,
                  "Filter": "(keyword_id < 19028)",
                  "Rows Removed by Filter": 244714
                }
              ]
            }
          ]
        }
      ]
    },
    "Planning Time": 0.157,
    "Triggers": [],
    "Execution Time": 191.619
  }
]