{
  "Plan": {
    "Node Type": "Aggregate",
    "Strategy": "Plain",
    "Partial Mode": "Finalize",
    "Parallel Aware": false,
    "Startup Cost": 768850.44,
    "Total Cost": 768850.45,
    "Plan Rows": 1,
    "Plan Width": 64,
    "Actual Startup Time": 8752.059,
    "Actual Total Time": 8821.758,
    "Actual Rows": 1,
    "Actual Loops": 1,
    "Plans": [
      {
        "Node Type": "Gather",
        "Parent Relationship": "Outer",
        "Parallel Aware": false,
        "Startup Cost": 768850.32,
        "Total Cost": 768850.43,
        "Plan Rows": 1,
        "Plan Width": 64,
        "Actual Startup Time": 8662.662,
        "Actual Total Time": 8821.743,
        "Actual Rows": 2,
        "Actual Loops": 1,
        "Workers Planned": 1,
        "Workers Launched": 1,
        "Single Copy": false,
        "Plans": [
          {
            "Node Type": "Aggregate",
            "Strategy": "Plain",
            "Partial Mode": "Partial",
            "Parent Relationship": "Outer",
            "Parallel Aware": false,
            "Startup Cost": 767850.32,
            "Total Cost": 767850.33,
            "Plan Rows": 1,
            "Plan Width": 64,
            "Actual Startup Time": 8648.661,
            "Actual Total Time": 8648.679,
            "Actual Rows": 1,
            "Actual Loops": 2,
            "Plans": [
              {
                "Node Type": "Hash Join",
                "Parent Relationship": "Outer",
                "Parallel Aware": true,
                "Join Type": "Inner",
                "Startup Cost": 585485.68,
                "Total Cost": 759853.27,
                "Plan Rows": 1599411,
                "Plan Width": 33,
                "Actual Startup Time": 6368.193,
                "Actual Total Time": 8465.905,
                "Actual Rows": 2298183,
                "Actual Loops": 2,
                "Inner Unique": true,
                "Hash Cond": "(an1.person_id = n1.id)",
                "Plans": [
                  {
                    "Node Type": "Hash Join",
                    "Parent Relationship": "Outer",
                    "Parallel Aware": true,
                    "Join Type": "Inner",
                    "Startup Cost": 474713.57,
                    "Total Cost": 644882.7,
                    "Plan Rows": 1599411,
                    "Plan Width": 41,
                    "Actual Startup Time": 5330.22,
                    "Actual Total Time": 6975.489,
                    "Actual Rows": 2298183,
                    "Actual Loops": 2,
                    "Inner Unique": true,
                    "Hash Cond": "(mc.company_id = cn.id)",
                    "Plans": [
                      {
                        "Node Type": "Hash Join",
                        "Parent Relationship": "Outer",
                        "Parallel Aware": false,
                        "Join Type": "Inner",
                        "Startup Cost": 469362.55,
                        "Total Cost": 627981.34,
                        "Plan Rows": 4400052,
                        "Plan Width": 45,
                        "Actual Startup Time": 5304.327,
                        "Actual Total Time": 6416.624,
                        "Actual Rows": 6203438,
                        "Actual Loops": 2,
                        "Inner Unique": false,
                        "Hash Cond": "(mc.movie_id = ci.movie_id)",
                        "Plans": [
                          {
                            "Node Type": "Seq Scan",
                            "Parent Relationship": "Outer",
                            "Parallel Aware": true,
                            "Relation Name": "movie_companies",
                            "Alias": "mc",
                            "Startup Cost": 0.0,
                            "Total Cost": 34137.82,
                            "Plan Rows": 1534782,
                            "Plan Width": 8,
                            "Actual Startup Time": 0.016,
                            "Actual Total Time": 100.329,
                            "Actual Rows": 1304564,
                            "Actual Loops": 2
                          },
                          {
                            "Node Type": "Hash",
                            "Parent Relationship": "Inner",
                            "Parallel Aware": false,
                            "Startup Cost": 378753.64,
                            "Total Cost": 378753.64,
                            "Plan Rows": 7248713,
                            "Plan Width": 49,
                            "Actual Startup Time": 5251.144,
                            "Actual Total Time": 5251.152,
                            "Actual Rows": 2547064,
                            "Actual Loops": 2,
                            "Hash Buckets": 8388608,
                            "Original Hash Buckets": 8388608,
                            "Hash Batches": 1,
                            "Original Hash Batches": 1,
                            "Peak Memory Usage": 288460,
                            "Plans": [
                              {
                                "Node Type": "Hash Join",
                                "Parent Relationship": "Outer",
                                "Parallel Aware": false,
                                "Join Type": "Inner",
                                "Startup Cost": 124564.3,
                                "Total Cost": 378753.64,
                                "Plan Rows": 7248713,
                                "Plan Width": 49,
                                "Actual Startup Time": 1653.066,
                                "Actual Total Time": 4363.804,
                                "Actual Rows": 2547064,
                                "Actual Loops": 2,
                                "Inner Unique": true,
                                "Hash Cond": "(ci.movie_id = t.id)",
                                "Plans": [
                                  {
                                    "Node Type": "Hash Join",
                                    "Parent Relationship": "Outer",
                                    "Parallel Aware": false,
                                    "Join Type": "Inner",
                                    "Startup Cost": 31676.78,
                                    "Total Cost": 266838.22,
                                    "Plan Rows": 7248713,
                                    "Plan Width": 28,
                                    "Actual Startup Time": 389.892,
                                    "Actual Total Time": 2154.294,
                                    "Actual Rows": 2547064,
                                    "Actual Loops": 2,
                                    "Inner Unique": false,
                                    "Hash Cond": "(ci.person_id = an1.person_id)",
                                    "Plans": [
                                      {
                                        "Node Type": "Nested Loop",
                                        "Parent Relationship": "Outer",
                                        "Parallel Aware": false,
                                        "Join Type": "Inner",
                                        "Startup Cost": 0.56,
                                        "Total Cost": 147569.99,
                                        "Plan Rows": 3020976,
                                        "Plan Width": 8,
                                        "Actual Startup Time": 0.122,
                                        "Actual Total Time": 1036.954,
                                        "Actual Rows": 4323018,
                                        "Actual Loops": 2,
                                        "Inner Unique": false,
                                        "Plans": [
                                          {
                                            "Node Type": "Seq Scan",
                                            "Parent Relationship": "Outer",
                                            "Parallel Aware": false,
                                            "Relation Name": "role_type",
                                            "Alias": "rt",
                                            "Startup Cost": 0.0,
                                            "Total Cost": 1.15,
                                            "Plan Rows": 1,
                                            "Plan Width": 4,
                                            "Actual Startup Time": 0.047,
                                            "Actual Total Time": 0.052,
                                            "Actual Rows": 1,
                                            "Actual Loops": 2,
                                            "Filter": "((role)::text = 'miscellaneous crew'::text)",
                                            "Rows Removed by Filter": 11
                                          },
                                          {
                                            "Node Type": "Index Scan",
                                            "Parent Relationship": "Inner",
                                            "Parallel Aware": false,
                                            "Scan Direction": "Forward",
                                            "Index Name": "role_id_cast_info",
                                            "Relation Name": "cast_info",
                                            "Alias": "ci",
                                            "Startup Cost": 0.56,
                                            "Total Cost": 114612.74,
                                            "Plan Rows": 3295610,
                                            "Plan Width": 12,
                                            "Actual Startup Time": 0.064,
                                            "Actual Total Time": 630.095,
                                            "Actual Rows": 4323018,
                                            "Actual Loops": 2,
                                            "Index Cond": "(role_id = rt.id)",
                                            "Rows Removed by Index Recheck": 0
                                          }
                                        ]
                                      },
                                      {
                                        "Node Type": "Hash",
                                        "Parent Relationship": "Inner",
                                        "Parallel Aware": false,
                                        "Startup Cost": 20409.43,
                                        "Total Cost": 20409.43,
                                        "Plan Rows": 901343,
                                        "Plan Width": 20,
                                        "Actual Startup Time": 384.49,
                                        "Actual Total Time": 384.491,
                                        "Actual Rows": 901343,
                                        "Actual Loops": 2,
                                        "Hash Buckets": 1048576,
                                        "Original Hash Buckets": 1048576,
                                        "Hash Batches": 1,
                                        "Original Hash Batches": 1,
                                        "Peak Memory Usage": 55917,
                                        "Plans": [
                                          {
                                            "Node Type": "Seq Scan",
                                            "Parent Relationship": "Outer",
                                            "Parallel Aware": false,
                                            "Relation Name": "aka_name",
                                            "Alias": "an1",
                                            "Startup Cost": 0.0,
                                            "Total Cost": 20409.43,
                                            "Plan Rows": 901343,
                                            "Plan Width": 20,
                                            "Actual Startup Time": 0.026,
                                            "Actual Total Time": 137.584,
                                            "Actual Rows": 901343,
                                            "Actual Loops": 2
                                          }
                                        ]
                                      }
                                    ]
                                  },
                                  {
                                    "Node Type": "Hash",
                                    "Parent Relationship": "Inner",
                                    "Parallel Aware": false,
                                    "Startup Cost": 61282.23,
                                    "Total Cost": 61282.23,
                                    "Plan Rows": 2528423,
                                    "Plan Width": 21,
                                    "Actual Startup Time": 1241.055,
                                    "Actual Total Time": 1241.055,
                                    "Actual Rows": 2528312,
                                    "Actual Loops": 2,
                                    "Hash Buckets": 4194304,
                                    "Original Hash Buckets": 4194304,
                                    "Hash Batches": 1,
                                    "Original Hash Batches": 1,
                                    "Peak Memory Usage": 168637,
                                    "Plans": [
                                      {
                                        "Node Type": "Seq Scan",
                                        "Parent Relationship": "Outer",
                                        "Parallel Aware": false,
                                        "Relation Name": "title",
                                        "Alias": "t",
                                        "Startup Cost": 0.0,
                                        "Total Cost": 61282.23,
                                        "Plan Rows": 2528423,
                                        "Plan Width": 21,
                                        "Actual Startup Time": 0.044,
                                        "Actual Total Time": 361.983,
                                        "Actual Rows": 2528312,
                                        "Actual Loops": 2
                                      }
                                    ]
                                  }
                                ]
                              }
                            ]
                          }
                        ]
                      },
                      {
                        "Node Type": "Hash",
                        "Parent Relationship": "Inner",
                        "Parallel Aware": true,
                        "Startup Cost": 4722.92,
                        "Total Cost": 4722.92,
                        "Plan Rows": 50248,
                        "Plan Width": 4,
                        "Actual Startup Time": 25.615,
                        "Actual Total Time": 25.616,
                        "Actual Rows": 42422,
                        "Actual Loops": 2,
                        "Hash Buckets": 131072,
                        "Original Hash Buckets": 131072,
                        "Hash Batches": 1,
                        "Original Hash Batches": 1,
                        "Peak Memory Usage": 4384,
                        "Plans": [
                          {
                            "Node Type": "Seq Scan",
                            "Parent Relationship": "Outer",
                            "Parallel Aware": true,
                            "Relation Name": "company_name",
                            "Alias": "cn",
                            "Startup Cost": 0.0,
                            "Total Cost": 4722.92,
                            "Plan Rows": 50248,
                            "Plan Width": 4,
                            "Actual Startup Time": 0.023,
                            "Actual Total Time": 16.821,
                            "Actual Rows": 42422,
                            "Actual Loops": 2,
                            "Filter": "((country_code)::text = '[us]'::text)",
                            "Rows Removed by Filter": 75077
                          }
                        ]
                      }
                    ]
                  },
                  {
                    "Node Type": "Hash",
                    "Parent Relationship": "Inner",
                    "Parallel Aware": true,
                    "Startup Cost": 80128.16,
                    "Total Cost": 80128.16,
                    "Plan Rows": 2451516,
                    "Plan Width": 4,
                    "Actual Startup Time": 1015.535,
                    "Actual Total Time": 1015.536,
                    "Actual Rows": 2083746,
                    "Actual Loops": 2,
                    "Hash Buckets": 4194304,
                    "Original Hash Buckets": 4194304,
                    "Hash Batches": 1,
                    "Original Hash Batches": 1,
                    "Peak Memory Usage": 195840,
                    "Plans": [
                      {
                        "Node Type": "Seq Scan",
                        "Parent Relationship": "Outer",
                        "Parallel Aware": true,
                        "Relation Name": "name",
                        "Alias": "n1",
                        "Startup Cost": 0.0,
                        "Total Cost": 80128.16,
                        "Plan Rows": 2451516,
                        "Plan Width": 4,
                        "Actual Startup Time": 0.062,
                        "Actual Total Time": 319.245,
                        "Actual Rows": 2083746,
                        "Actual Loops": 2
                      }
                    ]
                  }
                ]
              }
            ]
          }
        ]
      }
    ]
  },
  "Planning Time": 1.348,
  "Triggers": [],
  "Execution Time": 8855.216
}