[
    {
        "Bao": {
            "Bao prediction": "NaN",
            "Bao recommended hint": "(no hint)"
        }
    },
    {
        "Plan": {
            "Node Type": "Aggregate",
            "Strategy": "Plain",
            "Partial Mode": "Simple",
            "Parallel Aware": false,
            "Startup Cost": 26532.86,
            "Total Cost": 26532.87,
            "Plan Rows": 1,
            "Plan Width": 8,
            "Actual Startup Time": 25.829,
            "Actual Total Time": 25.83,
            "Actual Rows": 1,
            "Actual Loops": 1,
            "Output": [
                "count(*)"
            ],
            "Plans": [
                {
                    "Node Type": "Bitmap Heap Scan",
                    "Parent Relationship": "Outer",
                    "Parallel Aware": false,
                    "Relation Name": "movie_keyword",
                    "Schema": "public",
                    "Alias": "mk",
                    "Startup Cost": 958.41,
                    "Total Cost": 26419.96,
                    "Plan Rows": 45159,
                    "Plan Width": 0,
                    "Actual Startup Time": 5.14,
                    "Actual Total Time": 24.192,
                    "Actual Rows": 36407,
                    "Actual Loops": 1,
                    "Recheck Cond": "(mk.keyword_id < 43)",
                    "Rows Removed by Index Recheck": 0,
                    "Exact Heap Blocks": 13092,
                    "Lossy Heap Blocks": 0,
                    "Plans": [
                        {
                            "Node Type": "Bitmap Index Scan",
                            "Parent Relationship": "Outer",
                            "Parallel Aware": false,
                            "Index Name": "keyword_id_movie_keyword",
                            "Startup Cost": 0.0,
                            "Total Cost": 947.12,
                            "Plan Rows": 45159,
                            "Plan Width": 0,
                            "Actual Startup Time": 3.148,
                            "Actual Total Time": 3.149,
                            "Actual Rows": 36407,
                            "Actual Loops": 1,
                            "Index Cond": "(mk.keyword_id < 43)"
                        }
                    ]
                }
            ]
        },
        "Planning Time": 197.33,
        "Triggers": [],
        "Execution Time": 25.871
    }
]