{
    "Plan": {
        "Node Type": "Aggregate",
        "Strategy": "Plain",
        "Partial Mode": "Simple",
        "Parallel Aware": false,
        "Startup Cost": 30020634918.1,
        "Total Cost": 30020634918.11,
        "Plan Rows": 1,
        "Plan Width": 96,
        "Actual Startup Time": 113908.366,
        "Actual Total Time": 113908.375,
        "Actual Rows": 1,
        "Actual Loops": 1,
        "Output": [
            "min(k.keyword)",
            "min(n.name)",
            "min(t.title)"
        ],
        "Plans": [
            {
                "Node Type": "Nested Loop",
                "Parent Relationship": "Outer",
                "Parallel Aware": false,
                "Join Type": "Inner",
                "Startup Cost": 30019752840.43,
                "Total Cost": 30020634867.68,
                "Plan Rows": 6723,
                "Plan Width": 48,
                "Actual Startup Time": 81581.721,
                "Actual Total Time": 113409.037,
                "Actual Rows": 1630649,
                "Actual Loops": 1,
                "Output": [
                    "k.keyword",
                    "n.name",
                    "t.title"
                ],
                "Inner Unique": true,
                "Plans": [
                    {
                        "Node Type": "Merge Join",
                        "Parent Relationship": "Outer",
                        "Parallel Aware": false,
                        "Join Type": "Inner",
                        "Startup Cost": 20019752839.99,
                        "Total Cost": 20020604937.52,
                        "Plan Rows": 6723,
                        "Plan Width": 37,
                        "Actual Startup Time": 81581.658,
                        "Actual Total Time": 102216.437,
                        "Actual Rows": 1630649,
                        "Actual Loops": 1,
                        "Output": [
                            "ci.person_id",
                            "k.keyword",
                            "t.title"
                        ],
                        "Inner Unique": false,
                        "Merge Cond": "(k.id = mk.keyword_id)",
                        "Plans": [
                            {
                                "Node Type": "Index Scan",
                                "Parent Relationship": "Outer",
                                "Parallel Aware": false,
                                "Scan Direction": "Forward",
                                "Index Name": "keyword_pkey",
                                "Relation Name": "keyword",
                                "Schema": "public",
                                "Alias": "k",
                                "Startup Cost": 10000000000.42,
                                "Total Cost": 10000006349.2,
                                "Plan Rows": 8,
                                "Plan Width": 20,
                                "Actual Startup Time": 0.318,
                                "Actual Total Time": 58.813,
                                "Actual Rows": 7,
                                "Actual Loops": 1,
                                "Output": [
                                    "k.id",
                                    "k.keyword",
                                    "k.phonetic_code"
                                ],
                                "Filter": "(k.keyword = ANY ('{second-part,murder,marvel-comics,marvel-comics,gore,female-nudity,sequel,based-on-novel}'::text[]))",
                                "Rows Removed by Filter": 134163
                            },
                            {
                                "Node Type": "Materialize",
                                "Parent Relationship": "Inner",
                                "Parallel Aware": false,
                                "Startup Cost": 10019752839.57,
                                "Total Cost": 10020316627.23,
                                "Plan Rows": 112757533,
                                "Plan Width": 25,
                                "Actual Startup Time": 80573.906,
                                "Actual Total Time": 95689.048,
                                "Actual Rows": 86674589,
                                "Actual Loops": 1,
                                "Output": [
                                    "ci.person_id",
                                    "mk.keyword_id",
                                    "t.title"
                                ],
                                "Plans": [
                                    {
                                        "Node Type": "Sort",
                                        "Parent Relationship": "Outer",
                                        "Parallel Aware": false,
                                        "Startup Cost": 10019752839.57,
                                        "Total Cost": 10020034733.4,
                                        "Plan Rows": 112757533,
                                        "Plan Width": 25,
                                        "Actual Startup Time": 80573.885,
                                        "Actual Total Time": 87783.268,
                                        "Actual Rows": 86674589,
                                        "Actual Loops": 1,
                                        "Output": [
                                            "ci.person_id",
                                            "mk.keyword_id",
                                            "t.title"
                                        ],
                                        "Sort Key": [
                                            "mk.keyword_id"
                                        ],
                                        "Sort Method": "external merge",
                                        "Sort Space Used": 4879208,
                                        "Sort Space Type": "Disk",
                                        "Plans": [
                                            {
                                                "Node Type": "Hash Join",
                                                "Parent Relationship": "Outer",
                                                "Parallel Aware": false,
                                                "Join Type": "Inner",
                                                "Startup Cost": 10001068402.19,
                                                "Total Cost": 10001974467.44,
                                                "Plan Rows": 112757533,
                                                "Plan Width": 25,
                                                "Actual Startup Time": 14309.125,
                                                "Actual Total Time": 33046.476,
                                                "Actual Rows": 142140832,
                                                "Actual Loops": 1,
                                                "Output": [
                                                    "ci.person_id",
                                                    "mk.keyword_id",
                                                    "t.title"
                                                ],
                                                "Inner Unique": false,
                                                "Hash Cond": "(t.id = ci.movie_id)",
                                                "Plans": [
                                                    {
                                                        "Node Type": "Merge Join",
                                                        "Parent Relationship": "Outer",
                                                        "Parallel Aware": false,
                                                        "Join Type": "Inner",
                                                        "Startup Cost": 10000000027.73,
                                                        "Total Cost": 10000338482.31,
                                                        "Plan Rows": 2935107,
                                                        "Plan Width": 29,
                                                        "Actual Startup Time": 0.053,
                                                        "Actual Total Time": 3157.949,
                                                        "Actual Rows": 2500886,
                                                        "Actual Loops": 1,
                                                        "Output": [
                                                            "mk.keyword_id",
                                                            "mk.movie_id",
                                                            "t.title",
                                                            "t.id"
                                                        ],
                                                        "Inner Unique": false,
                                                        "Merge Cond": "(t.id = mk.movie_id)",
                                                        "Plans": [
                                                            {
                                                                "Node Type": "Index Scan",
                                                                "Parent Relationship": "Outer",
                                                                "Parallel Aware": false,
                                                                "Scan Direction": "Forward",
                                                                "Index Name": "title_pkey",
                                                                "Relation Name": "title",
                                                                "Schema": "public",
                                                                "Alias": "t",
                                                                "Startup Cost": 10000000000.43,
                                                                "Total Cost": 10000116662.9,
                                                                "Plan Rows": 1640365,
                                                                "Plan Width": 21,
                                                                "Actual Startup Time": 0.033,
                                                                "Actual Total Time": 1796.794,
                                                                "Actual Rows": 1643055,
                                                                "Actual Loops": 1,
                                                                "Output": [
                                                                    "t.id",
                                                                    "t.title",
                                                                    "t.imdb_index",
                                                                    "t.kind_id",
                                                                    "t.production_year",
                                                                    "t.imdb_id",
                                                                    "t.phonetic_code",
                                                                    "t.episode_of_id",
                                                                    "t.season_nr",
                                                                    "t.episode_nr",
                                                                    "t.series_years",
                                                                    "t.md5sum"
                                                                ],
                                                                "Filter": "(t.production_year > 1994)",
                                                                "Rows Removed by Filter": 882918
                                                            },
                                                            {
                                                                "Node Type": "Index Scan",
                                                                "Parent Relationship": "Inner",
                                                                "Parallel Aware": false,
                                                                "Scan Direction": "Forward",
                                                                "Index Name": "movie_id_movie_keyword",
                                                                "Relation Name": "movie_keyword",
                                                                "Schema": "public",
                                                                "Alias": "mk",
                                                                "Startup Cost": 0.43,
                                                                "Total Cost": 177177.46,
                                                                "Plan Rows": 4523930,
                                                                "Plan Width": 8,
                                                                "Actual Startup Time": 0.014,
                                                                "Actual Total Time": 752.063,
                                                                "Actual Rows": 4523930,
                                                                "Actual Loops": 1,
                                                                "Output": [
                                                                    "mk.id",
                                                                    "mk.movie_id",
                                                                    "mk.keyword_id"
                                                                ]
                                                            }
                                                        ]
                                                    },
                                                    {
                                                        "Node Type": "Hash",
                                                        "Parent Relationship": "Inner",
                                                        "Parallel Aware": false,
                                                        "Startup Cost": 615214.76,
                                                        "Total Cost": 615214.76,
                                                        "Plan Rows": 36252776,
                                                        "Plan Width": 8,
                                                        "Actual Startup Time": 14179.075,
                                                        "Actual Total Time": 14179.077,
                                                        "Actual Rows": 36244344,
                                                        "Actual Loops": 1,
                                                        "Output": [
                                                            "ci.movie_id",
                                                            "ci.person_id"
                                                        ],
                                                        "Hash Buckets": 67108864,
                                                        "Original Hash Buckets": 67108864,
                                                        "Hash Batches": 1,
                                                        "Original Hash Batches": 1,
                                                        "Peak Memory Usage": 1940083,
                                                        "Plans": [
                                                            {
                                                                "Node Type": "Seq Scan",
                                                                "Parent Relationship": "Outer",
                                                                "Parallel Aware": false,
                                                                "Relation Name": "cast_info",
                                                                "Schema": "public",
                                                                "Alias": "ci",
                                                                "Startup Cost": 0.0,
                                                                "Total Cost": 615214.76,
                                                                "Plan Rows": 36252776,
                                                                "Plan Width": 8,
                                                                "Actual Startup Time": 0.026,
                                                                "Actual Total Time": 3793.561,
                                                                "Actual Rows": 36244344,
                                                                "Actual Loops": 1,
                                                                "Output": [
                                                                    "ci.movie_id",
                                                                    "ci.person_id"
                                                                ]
                                                            }
                                                        ]
                                                    }
                                                ]
                                            }
                                        ]
                                    }
                                ]
                            }
                        ]
                    },
                    {
                        "Node Type": "Bitmap Heap Scan",
                        "Parent Relationship": "Inner",
                        "Parallel Aware": false,
                        "Relation Name": "name",
                        "Schema": "public",
                        "Alias": "n",
                        "Startup Cost": 0.44,
                        "Total Cost": 4.45,
                        "Plan Rows": 1,
                        "Plan Width": 19,
                        "Actual Startup Time": 0.005,
                        "Actual Total Time": 0.005,
                        "Actual Rows": 1,
                        "Actual Loops": 1630649,
                        "Output": [
                            "n.id",
                            "n.name",
                            "n.imdb_index",
                            "n.imdb_id",
                            "n.gender",
                            "n.name_pcode_cf",
                            "n.name_pcode_nf",
                            "n.surname_pcode",
                            "n.md5sum"
                        ],
                        "Recheck Cond": "(n.id = ci.person_id)",
                        "Rows Removed by Index Recheck": 0,
                        "Exact Heap Blocks": 1630649,
                        "Lossy Heap Blocks": 0,
                        "Plans": [
                            {
                                "Node Type": "Bitmap Index Scan",
                                "Parent Relationship": "Outer",
                                "Parallel Aware": false,
                                "Index Name": "name_pkey",
                                "Startup Cost": 0.0,
                                "Total Cost": 0.44,
                                "Plan Rows": 1,
                                "Plan Width": 0,
                                "Actual Startup Time": 0.003,
                                "Actual Total Time": 0.003,
                                "Actual Rows": 1,
                                "Actual Loops": 1630649,
                                "Index Cond": "(n.id = ci.person_id)"
                            }
                        ]
                    }
                ]
            }
        ]
    },
    "Planning Time": 2.496,
    "Triggers": [],
    "Execution Time": 114647.878
}