{
  "Plan": {
    "Node Type": "Aggregate",
    "Strategy": "Plain",
    "Partial Mode": "Finalize",
    "Parallel Aware": false,
    "Startup Cost": 88079.05,
    "Total Cost": 88079.06,
    "Plan Rows": 1,
    "Plan Width": 8,
    "Actual Startup Time": 211.277,
    "Actual Total Time": 225.031,
    "Actual Rows": 1,
    "Actual Loops": 1,
    "Plans": [
      {
        "Node Type": "Gather",
        "Parent Relationship": "Outer",
        "Parallel Aware": false,
        "Startup Cost": 88078.94,
        "Total Cost": 88079.05,
        "Plan Rows": 1,
        "Plan Width": 8,
        "Actual Startup Time": 210.461,
        "Actual Total Time": 225.024,
        "Actual Rows": 2,
        "Actual Loops": 1,
        "Workers Planned": 1,
        "Workers Launched": 1,
        "Single Copy": false,
        "Plans": [
          {
            "Node Type": "Aggregate",
            "Strategy": "Plain",
            "Partial Mode": "Partial",
            "Parent Relationship": "Outer",
            "Parallel Aware": false,
            "Startup Cost": 87078.94,
            "Total Cost": 87078.95,
            "Plan Rows": 1,
            "Plan Width": 8,
            "Actual Startup Time": 204.314,
            "Actual Total Time": 204.317,
            "Actual Rows": 1,
            "Actual Loops": 2,
            "Plans": [
              {
                "Node Type": "Hash Join",
                "Parent Relationship": "Outer",
                "Parallel Aware": true,
                "Join Type": "Inner",
                "Startup Cost": 61826.74,
                "Total Cost": 87073.42,
                "Plan Rows": 2206,
                "Plan Width": 0,
                "Actual Startup Time": 189.302,
                "Actual Total Time": 204.281,
                "Actual Rows": 470,
                "Actual Loops": 2,
                "Inner Unique": true,
                "Hash Cond": "(mk.movie_id = t.id)",
                "Plans": [
                  {
                    "Node Type": "Bitmap Heap Scan",
                    "Parent Relationship": "Outer",
                    "Parallel Aware": true,
                    "Relation Name": "movie_keyword",
                    "Alias": "mk",
                    "Startup Cost": 490.84,
                    "Total Cost": 25701.97,
                    "Plan Rows": 13541,
                    "Plan Width": 4,
                    "Actual Startup Time": 3.099,
                    "Actual Total Time": 13.995,
                    "Actual Rows": 11240,
                    "Actual Loops": 2,
                    "Recheck Cond": "(keyword_id < 5)",
                    "Rows Removed by Index Recheck": 0,
                    "Exact Heap Blocks": 5184,
                    "Lossy Heap Blocks": 0,
                    "Plans": [
                      {
                        "Node Type": "Bitmap Index Scan",
                        "Parent Relationship": "Outer",
                        "Parallel Aware": false,
                        "Index Name": "keyword_id_movie_keyword",
                        "Startup Cost": 0.0,
                        "Total Cost": 485.08,
                        "Plan Rows": 23020,
                        "Plan Width": 0,
                        "Actual Startup Time": 2.103,
                        "Actual Total Time": 2.103,
                        "Actual Rows": 22479,
                        "Actual Loops": 1,
                        "Index Cond": "(keyword_id < 5)"
                      }
                    ]
                  },
                  {
                    "Node Type": "Hash",
                    "Parent Relationship": "Inner",
                    "Parallel Aware": true,
                    "Startup Cost": 58306.47,
                    "Total Cost": 58306.47,
                    "Plan Rows": 242355,
                    "Plan Width": 4,
                    "Actual Startup Time": 180.14,
                    "Actual Total Time": 180.141,
                    "Actual Rows": 150768,
                    "Actual Loops": 2,
                    "Hash Buckets": 524288,
                    "Original Hash Buckets": 524288,
                    "Hash Batches": 1,
                    "Original Hash Batches": 1,
                    "Peak Memory Usage": 15936,
                    "Plans": [
                      {
                        "Node Type": "Seq Scan",
                        "Parent Relationship": "Outer",
                        "Parallel Aware": true,
                        "Relation Name": "title",
                        "Alias": "t",
                        "Startup Cost": 0.0,
                        "Total Cost": 58306.47,
                        "Plan Rows": 242355,
                        "Plan Width": 4,
                        "Actual Startup Time": 0.033,
                        "Actual Total Time": 143.011,
                        "Actual Rows": 150768,
                        "Actual Loops": 2,
                        "Filter": "((production_year < 1990) AND (kind_id = 7))",
                        "Rows Removed by Filter": 1113388
                      }
                    ]
                  }
                ]
              }
            ]
          }
        ]
      }
    ]
  },
  "Planning Time": 0.515,
  "Triggers": [],
  "Execution Time": 225.116
}