[
  {
    "Plan": {
      "Node Type": "Aggregate",
      "Strategy": "Plain",
      "Partial Mode": "Finalize",
      "Parallel Aware": false,
      "Startup Cost": 398500.93,
      "Total Cost": 398500.94,
      "Plan Rows": 1,
      "Plan Width": 8,
      "Actual Startup Time": 2406.821,
      "Actual Total Time": 2470.815,
      "Actual Rows": 1,
      "Actual Loops": 1,
      "Plans": [
        {
          "Node Type": "Gather",
          "Parent Relationship": "Outer",
          "Parallel Aware": false,
          "Startup Cost": 398500.3,
          "Total Cost": 398500.91,
          "Plan Rows": 6,
          "Plan Width": 8,
          "Actual Startup Time": 2392.737,
          "Actual Total Time": 2470.802,
          "Actual Rows": 7,
          "Actual Loops": 1,
          "Workers Planned": 6,
          "Workers Launched": 6,
          "Single Copy": false,
          "Plans": [
            {
              "Node Type": "Aggregate",
              "Strategy": "Plain",
              "Partial Mode": "Partial",
              "Parent Relationship": "Outer",
              "Parallel Aware": false,
              "Startup Cost": 397500.3,
              "Total Cost": 397500.31,
              "Plan Rows": 1,
              "Plan Width": 8,
              "Actual Startup Time": 2376.466,
              "Actual Total Time": 2376.47,
              "Actual Rows": 1,
              "Actual Loops": 7,
              "Plans": [
                {
                  "Node Type": "Hash Join",
                  "Parent Relationship": "Outer",
                  "Parallel Aware": true,
                  "Join Type": "Inner",
                  "Startup Cost": 51024.45,
                  "Total Cost": 389061.67,
                  "Plan Rows": 3375454,
                  "Plan Width": 0,
                  "Actual Startup Time": 255.143,
                  "Actual Total Time": 2233.475,
                  "Actual Rows": 3028046,
                  "Actual Loops": 7,
                  "Inner Unique": true,
                  "Hash Cond": "(ci.movie_id = t.id)",
                  "Plans": [
                    {
                      "Node Type": "Seq Scan",
                      "Parent Relationship": "Outer",
                      "Parallel Aware": true,
                      "Relation Name": "cast_info",
                      "Alias": "ci",
                      "Startup Cost": 0.0,
                      "Total Cost": 328211.39,
                      "Plan Rows": 3743169,
                      "Plan Width": 4,
                      "Actual Startup Time": 0.026,
                      "Actual Total Time": 638.648,
                      "Actual Rows": 3245787,
                      "Actual Loops": 7,
                      "Filter": "(person_id < 2319357)",
                      "Rows Removed by Filter": 1931976
                    },
                    {
                      "Node Type": "Hash",
                      "Parent Relationship": "Inner",
                      "Parallel Aware": true,
                      "Startup Cost": 43899.32,
                      "Total Cost": 43899.32,
                      "Plan Rows": 570010,
                      "Plan Width": 4,
                      "Actual Startup Time": 249.869,
                      "Actual Total Time": 249.87,
                      "Actual Rows": 324061,
                      "Actual Loops": 7,
                      "Hash Buckets": 4194304,
                      "Original Hash Buckets": 4194304,
                      "Hash Batches": 1,
                      "Original Hash Batches": 1,
                      "Peak Memory Usage": 121632,
                      "Plans": [
                        {
                          "Node Type": "Seq Scan",
                          "Parent Relationship": "Outer",
                          "Parallel Aware": true,
                          "Relation Name": "title",
                          "Alias": "t",
                          "Startup Cost": 0.0,
                          "Total Cost": 43899.32,
                          "Plan Rows": 570010,
                          "Plan Width": 4,
                          "Actual Startup Time": 0.035,
                          "Actual Total Time": 91.473,
                          "Actual Rows": 324061,
                          "Actual Loops": 7,
                          "Filter": "(production_year > 1953)",
                          "Rows Removed by Filter": 37126
                        }
                      ]
                    }
                  ]
                }
              ]
            }
          ]
        }
      ]
    },
    "Planning Time": 0.382,
    "Triggers": [],
    "Execution Time": 2470.865
  }
]