[
  {
    "Plan": {
      "Node Type": "Aggregate",
      "Strategy": "Plain",
      "Partial Mode": "Finalize",
      "Parallel Aware": false,
      "Startup Cost": 77882.94,
      "Total Cost": 77882.95,
      "Plan Rows": 1,
      "Plan Width": 8,
      "Actual Startup Time": 398.743,
      "Actual Total Time": 416.656,
      "Actual Rows": 1,
      "Actual Loops": 1,
      "Plans": [
        {
          "Node Type": "Gather",
          "Parent Relationship": "Outer",
          "Parallel Aware": false,
          "Startup Cost": 77882.62,
          "Total Cost": 77882.93,
          "Plan Rows": 3,
          "Plan Width": 8,
          "Actual Startup Time": 395.406,
          "Actual Total Time": 416.644,
          "Actual Rows": 4,
          "Actual Loops": 1,
          "Workers Planned": 3,
          "Workers Launched": 3,
          "Single Copy": false,
          "Plans": [
            {
              "Node Type": "Aggregate",
              "Strategy": "Plain",
              "Partial Mode": "Partial",
              "Parent Relationship": "Outer",
              "Parallel Aware": false,
              "Startup Cost": 76882.62,
              "Total Cost": 76882.63,
              "Plan Rows": 1,
              "Plan Width": 8,
              "Actual Startup Time": 391.039,
              "Actual Total Time": 391.043,
              "Actual Rows": 1,
              "Actual Loops": 4,
              "Plans": [
                {
                  "Node Type": "Hash Join",
                  "Parent Relationship": "Outer",
                  "Parallel Aware": true,
                  "Join Type": "Inner",
                  "Startup Cost": 47048.84,
                  "Total Cost": 76464.73,
                  "Plan Rows": 167158,
                  "Plan Width": 0,
                  "Actual Startup Time": 194.821,
                  "Actual Total Time": 376.623,
                  "Actual Rows": 280481,
                  "Actual Loops": 4,
                  "Inner Unique": true,
                  "Hash Cond": "(mc.movie_id = t.id)",
                  "Plans": [
                    {
                      "Node Type": "Seq Scan",
                      "Parent Relationship": "Outer",
                      "Parallel Aware": true,
                      "Relation Name": "movie_companies",
                      "Alias": "mc",
                      "Startup Cost": 0.0,
                      "Total Cost": 27206.55,
                      "Plan Rows": 841655,
                      "Plan Width": 4,
                      "Actual Startup Time": 0.009,
                      "Actual Total Time": 66.797,
                      "Actual Rows": 652282,
                      "Actual Loops": 4
                    },
                    {
                      "Node Type": "Hash",
                      "Parent Relationship": "Inner",
                      "Parallel Aware": true,
                      "Startup Cost": 45479.59,
                      "Total Cost": 45479.59,
                      "Plan Rows": 125540,
                      "Plan Width": 4,
                      "Actual Startup Time": 156.263,
                      "Actual Total Time": 156.264,
                      "Actual Rows": 131032,
                      "Actual Loops": 4,
                      "Hash Buckets": 524288,
                      "Original Hash Buckets": 524288,
                      "Hash Batches": 1,
                      "Original Hash Batches": 1,
                      "Peak Memory Usage": 24672,
                      "Plans": [
                        {
                          "Node Type": "Seq Scan",
                          "Parent Relationship": "Outer",
                          "Parallel Aware": true,
                          "Relation Name": "title",
                          "Alias": "t",
                          "Startup Cost": 0.0,
                          "Total Cost": 45479.59,
                          "Plan Rows": 125540,
                          "Plan Width": 4,
                          "Actual Startup Time": 59.664,
                          "Actual Total Time": 109.959,
                          "Actual Rows": 131032,
                          "Actual Loops": 4,
                          "Filter": "((production_year < 2010) AND (kind_id = 1))",
                          "Rows Removed by Filter": 501046
                        }
                      ]
                    }
                  ]
                }
              ]
            }
          ]
        }
      ]
    },
    "Planning Time": 0.546,
    "Triggers": [],
    "Execution Time": 416.712
  }
]