[
  {
    "Plan": {
      "Node Type": "Aggregate",
      "Strategy": "Plain",
      "Partial Mode": "Finalize",
      "Parallel Aware": false,
      "Startup Cost": 46624.63,
      "Total Cost": 46624.64,
      "Plan Rows": 1,
      "Plan Width": 8,
      "Actual Startup Time": 184.653,
      "Actual Total Time": 194.432,
      "Actual Rows": 1,
      "Actual Loops": 1,
      "Plans": [
        {
          "Node Type": "Gather",
          "Parent Relationship": "Outer",
          "Parallel Aware": false,
          "Startup Cost": 46624.31,
          "Total Cost": 46624.62,
          "Plan Rows": 3,
          "Plan Width": 8,
          "Actual Startup Time": 184.533,
          "Actual Total Time": 194.423,
          "Actual Rows": 4,
          "Actual Loops": 1,
          "Workers Planned": 3,
          "Workers Launched": 3,
          "Single Copy": false,
          "Plans": [
            {
              "Node Type": "Aggregate",
              "Strategy": "Plain",
              "Partial Mode": "Partial",
              "Parent Relationship": "Outer",
              "Parallel Aware": false,
              "Startup Cost": 45624.31,
              "Total Cost": 45624.32,
              "Plan Rows": 1,
              "Plan Width": 8,
              "Actual Startup Time": 175.882,
              "Actual Total Time": 175.883,
              "Actual Rows": 1,
              "Actual Loops": 4,
              "Plans": [
                {
                  "Node Type": "Seq Scan",
                  "Parent Relationship": "Outer",
                  "Parallel Aware": true,
                  "Relation Name": "movie_keyword",
                  "Alias": "mk",
                  "Startup Cost": 0.0,
                  "Total Cost": 42695.65,
                  "Plan Rows": 1171462,
                  "Plan Width": 0,
                  "Actual Startup Time": 0.065,
                  "Actual Total Time": 131.463,
                  "Actual Rows": 908506,
                  "Actual Loops": 4,
                  "Filter": "(keyword_id < 20722)",
                  "Rows Removed by Filter": 222476
                }
              ]
            }
          ]
        }
      ]
    },
    "Planning Time": 0.191,
    "Triggers": [],
    "Execution Time": 194.491
  }
]