[
  {
    "Plan": {
      "Node Type": "Aggregate",
      "Strategy": "Plain",
      "Partial Mode": "Finalize",
      "Parallel Aware": false,
      "Startup Cost": 334683.89,
      "Total Cost": 334683.9,
      "Plan Rows": 1,
      "Plan Width": 8,
      "Actual Startup Time": 728.535,
      "Actual Total Time": 774.485,
      "Actual Rows": 1,
      "Actual Loops": 1,
      "Plans": [
        {
          "Node Type": "Gather",
          "Parent Relationship": "Outer",
          "Parallel Aware": false,
          "Startup Cost": 334683.26,
          "Total Cost": 334683.87,
          "Plan Rows": 6,
          "Plan Width": 8,
          "Actual Startup Time": 728.23,
          "Actual Total Time": 774.473,
          "Actual Rows": 7,
          "Actual Loops": 1,
          "Workers Planned": 6,
          "Workers Launched": 6,
          "Single Copy": false,
          "Plans": [
            {
              "Node Type": "Aggregate",
              "Strategy": "Plain",
              "Partial Mode": "Partial",
              "Parent Relationship": "Outer",
              "Parallel Aware": false,
              "Startup Cost": 333683.26,
              "Total Cost": 333683.27,
              "Plan Rows": 1,
              "Plan Width": 8,
              "Actual Startup Time": 717.648,
              "Actual Total Time": 717.649,
              "Actual Rows": 1,
              "Actual Loops": 7,
              "Plans": [
                {
                  "Node Type": "Seq Scan",
                  "Parent Relationship": "Outer",
                  "Parallel Aware": true,
                  "Relation Name": "cast_info",
                  "Alias": "ci",
                  "Startup Cost": 0.0,
                  "Total Cost": 328211.39,
                  "Plan Rows": 2188749,
                  "Plan Width": 0,
                  "Actual Startup Time": 280.526,
                  "Actual Total Time": 617.482,
                  "Actual Rows": 1851675,
                  "Actual Loops": 7,
                  "Filter": "(person_id > 2381319)",
                  "Rows Removed by Filter": 3326089
                }
              ]
            }
          ]
        }
      ]
    },
    "Planning Time": 0.177,
    "Triggers": [],
    "Execution Time": 774.549
  }
]