{
  "Plan": {
    "Node Type": "Aggregate",
    "Strategy": "Plain",
    "Partial Mode": "Simple",
    "Parallel Aware": false,
    "Startup Cost": 74888.06,
    "Total Cost": 74888.07,
    "Plan Rows": 1,
    "Plan Width": 64,
    "Actual Startup Time": 226.562,
    "Actual Total Time": 242.469,
    "Actual Rows": 1,
    "Actual Loops": 1,
    "Plans": [
      {
        "Node Type": "Gather",
        "Parent Relationship": "Outer",
        "Parallel Aware": false,
        "Startup Cost": 1003.41,
        "Total Cost": 74888.05,
        "Plan Rows": 1,
        "Plan Width": 32,
        "Actual Startup Time": 14.258,
        "Actual Total Time": 242.447,
        "Actual Rows": 13,
        "Actual Loops": 1,
        "Workers Planned": 1,
        "Workers Launched": 1,
        "Single Copy": false,
        "Plans": [
          {
            "Node Type": "Nested Loop",
            "Parent Relationship": "Outer",
            "Parallel Aware": false,
            "Join Type": "Inner",
            "Startup Cost": 3.41,
            "Total Cost": 73887.95,
            "Plan Rows": 1,
            "Plan Width": 32,
            "Actual Startup Time": 112.39,
            "Actual Total Time": 218.452,
            "Actual Rows": 6,
            "Actual Loops": 2,
            "Inner Unique": true,
            "Plans": [
              {
                "Node Type": "Nested Loop",
                "Parent Relationship": "Outer",
                "Parallel Aware": false,
                "Join Type": "Inner",
                "Startup Cost": 2.99,
                "Total Cost": 73887.35,
                "Plan Rows": 1,
                "Plan Width": 36,
                "Actual Startup Time": 112.382,
                "Actual Total Time": 218.422,
                "Actual Rows": 6,
                "Actual Loops": 2,
                "Inner Unique": true,
                "Plans": [
                  {
                    "Node Type": "Nested Loop",
                    "Parent Relationship": "Outer",
                    "Parallel Aware": false,
                    "Join Type": "Inner",
                    "Startup Cost": 2.85,
                    "Total Cost": 73887.16,
                    "Plan Rows": 1,
                    "Plan Width": 40,
                    "Actual Startup Time": 112.376,
                    "Actual Total Time": 218.401,
                    "Actual Rows": 6,
                    "Actual Loops": 2,
                    "Inner Unique": false,
                    "Join Filter": "(n.id = an.person_id)",
                    "Rows Removed by Join Filter": 0,
                    "Plans": [
                      {
                        "Node Type": "Nested Loop",
                        "Parent Relationship": "Outer",
                        "Parallel Aware": false,
                        "Join Type": "Inner",
                        "Startup Cost": 2.42,
                        "Total Cost": 73876.11,
                        "Plan Rows": 1,
                        "Plan Width": 48,
                        "Actual Startup Time": 112.365,
                        "Actual Total Time": 218.381,
                        "Actual Rows": 0,
                        "Actual Loops": 2,
                        "Inner Unique": true,
                        "Plans": [
                          {
                            "Node Type": "Nested Loop",
                            "Parent Relationship": "Outer",
                            "Parallel Aware": false,
                            "Join Type": "Inner",
                            "Startup Cost": 1.99,
                            "Total Cost": 73867.7,
                            "Plan Rows": 1,
                            "Plan Width": 29,
                            "Actual Startup Time": 112.353,
                            "Actual Total Time": 218.368,
                            "Actual Rows": 0,
                            "Actual Loops": 2,
                            "Inner Unique": true,
                            "Plans": [
                              {
                                "Node Type": "Nested Loop",
                                "Parent Relationship": "Outer",
                                "Parallel Aware": false,
                                "Join Type": "Inner",
                                "Startup Cost": 1.56,
                                "Total Cost": 73859.53,
                                "Plan Rows": 1,
                                "Plan Width": 33,
                                "Actual Startup Time": 112.303,
                                "Actual Total Time": 218.317,
                                "Actual Rows": 0,
                                "Actual Loops": 2,
                                "Inner Unique": true,
                                "Plans": [
                                  {
                                    "Node Type": "Nested Loop",
                                    "Parent Relationship": "Outer",
                                    "Parallel Aware": false,
                                    "Join Type": "Inner",
                                    "Startup Cost": 1.43,
                                    "Total Cost": 73859.34,
                                    "Plan Rows": 1,
                                    "Plan Width": 37,
                                    "Actual Startup Time": 112.297,
                                    "Actual Total Time": 218.31,
                                    "Actual Rows": 0,
                                    "Actual Loops": 2,
                                    "Inner Unique": false,
                                    "Join Filter": "(t.id = ci.movie_id)",
                                    "Rows Removed by Join Filter": 0,
                                    "Plans": [
                                      {
                                        "Node Type": "Nested Loop",
                                        "Parent Relationship": "Outer",
                                        "Parallel Aware": false,
                                        "Join Type": "Inner",
                                        "Startup Cost": 0.86,
                                        "Total Cost": 73844.9,
                                        "Plan Rows": 1,
                                        "Plan Width": 37,
                                        "Actual Startup Time": 29.946,
                                        "Actual Total Time": 217.55,
                                        "Actual Rows": 2,
                                        "Actual Loops": 2,
                                        "Inner Unique": false,
                                        "Join Filter": "(t.id = mc.movie_id)",
                                        "Rows Removed by Join Filter": 0,
                                        "Plans": [
                                          {
                                            "Node Type": "Nested Loop",
                                            "Parent Relationship": "Outer",
                                            "Parallel Aware": false,
                                            "Join Type": "Inner",
                                            "Startup Cost": 0.43,
                                            "Total Cost": 73826.67,
                                            "Plan Rows": 1,
                                            "Plan Width": 29,
                                            "Actual Startup Time": 29.865,
                                            "Actual Total Time": 217.404,
                                            "Actual Rows": 4,
                                            "Actual Loops": 2,
                                            "Inner Unique": false,
                                            "Plans": [
                                              {
                                                "Node Type": "Seq Scan",
                                                "Parent Relationship": "Outer",
                                                "Parallel Aware": true,
                                                "Relation Name": "title",
                                                "Alias": "t",
                                                "Startup Cost": 0.0,
                                                "Total Cost": 62023.56,
                                                "Plan Rows": 75,
                                                "Plan Width": 21,
                                                "Actual Startup Time": 6.526,
                                                "Actual Total Time": 214.689,
                                                "Actual Rows": 46,
                                                "Actual Loops": 2,
                                                "Filter": "((title ~~ '%Gives%'::text) AND (production_year >= 1996) AND (production_year <= 2011))",
                                                "Rows Removed by Filter": 1264110
                                              },
                                              {
                                                "Node Type": "Index Scan",
                                                "Parent Relationship": "Inner",
                                                "Parallel Aware": false,
                                                "Scan Direction": "Forward",
                                                "Index Name": "movie_id_movie_info",
                                                "Relation Name": "movie_info",
                                                "Alias": "mi",
                                                "Startup Cost": 0.43,
                                                "Total Cost": 157.36,
                                                "Plan Rows": 1,
                                                "Plan Width": 8,
                                                "Actual Startup Time": 0.056,
                                                "Actual Total Time": 0.057,
                                                "Actual Rows": 0,
                                                "Actual Loops": 92,
                                                "Index Cond": "(movie_id = t.id)",
                                                "Rows Removed by Index Recheck": 0,
                                                "Filter": "((info IS NOT NULL) AND ((info ~~ 'Japan:%2007%'::text) OR (info ~~ 'USA:%2008%'::text)))",
                                                "Rows Removed by Filter": 4
                                              }
                                            ]
                                          },
                                          {
                                            "Node Type": "Index Scan",
                                            "Parent Relationship": "Inner",
                                            "Parallel Aware": false,
                                            "Scan Direction": "Forward",
                                            "Index Name": "movie_id_movie_companies",
                                            "Relation Name": "movie_companies",
                                            "Alias": "mc",
                                            "Startup Cost": 0.43,
                                            "Total Cost": 18.22,
                                            "Plan Rows": 1,
                                            "Plan Width": 8,
                                            "Actual Startup Time": 0.031,
                                            "Actual Total Time": 0.034,
                                            "Actual Rows": 0,
                                            "Actual Loops": 8,
                                            "Index Cond": "(movie_id = mi.movie_id)",
                                            "Rows Removed by Index Recheck": 0,
                                            "Filter": "((note ~~ '%(200%)%'::text) AND ((note ~~ '%(USA)%'::text) OR (note ~~ '%(worldwide)%'::text)))",
                                            "Rows Removed by Filter": 2
                                          }
                                        ]
                                      },
                                      {
                                        "Node Type": "Index Scan",
                                        "Parent Relationship": "Inner",
                                        "Parallel Aware": false,
                                        "Scan Direction": "Forward",
                                        "Index Name": "movie_id_cast_info",
                                        "Relation Name": "cast_info",
                                        "Alias": "ci",
                                        "Startup Cost": 0.56,
                                        "Total Cost": 14.42,
                                        "Plan Rows": 1,
                                        "Plan Width": 16,
                                        "Actual Startup Time": 0.489,
                                        "Actual Total Time": 0.503,
                                        "Actual Rows": 0,
                                        "Actual Loops": 3,
                                        "Index Cond": "(movie_id = mc.movie_id)",
                                        "Rows Removed by Index Recheck": 0,
                                        "Filter": "(note = '(as Fergie)'::text)",
                                        "Rows Removed by Filter": 45
                                      }
                                    ]
                                  },
                                  {
                                    "Node Type": "Index Scan",
                                    "Parent Relationship": "Inner",
                                    "Parallel Aware": false,
                                    "Scan Direction": "Forward",
                                    "Index Name": "role_type_pkey",
                                    "Relation Name": "role_type",
                                    "Alias": "rt",
                                    "Startup Cost": 0.14,
                                    "Total Cost": 0.16,
                                    "Plan Rows": 1,
                                    "Plan Width": 4,
                                    "Actual Startup Time": 0.008,
                                    "Actual Total Time": 0.008,
                                    "Actual Rows": 1,
                                    "Actual Loops": 1,
                                    "Index Cond": "(id = ci.role_id)",
                                    "Rows Removed by Index Recheck": 0,
                                    "Filter": "((role)::text = 'actress'::text)",
                                    "Rows Removed by Filter": 0
                                  }
                                ]
                              },
                              {
                                "Node Type": "Index Only Scan",
                                "Parent Relationship": "Inner",
                                "Parallel Aware": false,
                                "Scan Direction": "Forward",
                                "Index Name": "char_name_pkey",
                                "Relation Name": "char_name",
                                "Alias": "chn",
                                "Startup Cost": 0.43,
                                "Total Cost": 8.17,
                                "Plan Rows": 1,
                                "Plan Width": 4,
                                "Actual Startup Time": 0.097,
                                "Actual Total Time": 0.097,
                                "Actual Rows": 1,
                                "Actual Loops": 1,
                                "Index Cond": "(id = ci.person_role_id)",
                                "Rows Removed by Index Recheck": 0,
                                "Heap Fetches": 1
                              }
                            ]
                          },
                          {
                            "Node Type": "Index Scan",
                            "Parent Relationship": "Inner",
                            "Parallel Aware": false,
                            "Scan Direction": "Forward",
                            "Index Name": "name_pkey",
                            "Relation Name": "name",
                            "Alias": "n",
                            "Startup Cost": 0.43,
                            "Total Cost": 8.25,
                            "Plan Rows": 1,
                            "Plan Width": 19,
                            "Actual Startup Time": 0.02,
                            "Actual Total Time": 0.02,
                            "Actual Rows": 1,
                            "Actual Loops": 1,
                            "Index Cond": "(id = ci.person_id)",
                            "Rows Removed by Index Recheck": 0,
                            "Filter": "((name ~~ '%Stacy%'::text) AND ((gender)::text = 'f'::text))",
                            "Rows Removed by Filter": 0
                          }
                        ]
                      },
                      {
                        "Node Type": "Index Only Scan",
                        "Parent Relationship": "Inner",
                        "Parallel Aware": false,
                        "Scan Direction": "Forward",
                        "Index Name": "person_id_aka_name",
                        "Relation Name": "aka_name",
                        "Alias": "an",
                        "Startup Cost": 0.42,
                        "Total Cost": 11.02,
                        "Plan Rows": 2,
                        "Plan Width": 4,
                        "Actual Startup Time": 0.02,
                        "Actual Total Time": 0.031,
                        "Actual Rows": 13,
                        "Actual Loops": 1,
                        "Index Cond": "(person_id = ci.person_id)",
                        "Rows Removed by Index Recheck": 0,
                        "Heap Fetches": 13
                      }
                    ]
                  },
                  {
                    "Node Type": "Index Scan",
                    "Parent Relationship": "Inner",
                    "Parallel Aware": false,
                    "Scan Direction": "Forward",
                    "Index Name": "info_type_pkey",
                    "Relation Name": "info_type",
                    "Alias": "it",
                    "Startup Cost": 0.14,
                    "Total Cost": 0.17,
                    "Plan Rows": 1,
                    "Plan Width": 4,
                    "Actual Startup Time": 0.002,
                    "Actual Total Time": 0.002,
                    "Actual Rows": 1,
                    "Actual Loops": 13,
                    "Index Cond": "(id = mi.info_type_id)",
                    "Rows Removed by Index Recheck": 0,
                    "Filter": "((info)::text = 'release dates'::text)",
                    "Rows Removed by Filter": 0
                  }
                ]
              },
              {
                "Node Type": "Index Scan",
                "Parent Relationship": "Inner",
                "Parallel Aware": false,
                "Scan Direction": "Forward",
                "Index Name": "company_name_pkey",
                "Relation Name": "company_name",
                "Alias": "cn",
                "Startup Cost": 0.42,
                "Total Cost": 0.6,
                "Plan Rows": 1,
                "Plan Width": 4,
                "Actual Startup Time": 0.004,
                "Actual Total Time": 0.004,
                "Actual Rows": 1,
                "Actual Loops": 13,
                "Index Cond": "(id = mc.company_id)",
                "Rows Removed by Index Recheck": 0,
                "Filter": "((country_code)::text = '[us]'::text)",
                "Rows Removed by Filter": 0
              }
            ]
          }
        ]
      }
    ]
  },
  "Planning Time": 3.525,
  "Triggers": [],
  "Execution Time": 242.648
}