[
  {
    "Plan": {
      "Node Type": "Aggregate",
      "Strategy": "Plain",
      "Partial Mode": "Finalize",
      "Parallel Aware": false,
      "Startup Cost": 349433.92,
      "Total Cost": 349433.93,
      "Plan Rows": 1,
      "Plan Width": 8,
      "Actual Startup Time": 916.281,
      "Actual Total Time": 976.665,
      "Actual Rows": 1,
      "Actual Loops": 1,
      "Plans": [
        {
          "Node Type": "Gather",
          "Parent Relationship": "Outer",
          "Parallel Aware": false,
          "Startup Cost": 349433.3,
          "Total Cost": 349433.91,
          "Plan Rows": 6,
          "Plan Width": 8,
          "Actual Startup Time": 916.124,
          "Actual Total Time": 976.654,
          "Actual Rows": 7,
          "Actual Loops": 1,
          "Workers Planned": 6,
          "Workers Launched": 6,
          "Single Copy": false,
          "Plans": [
            {
              "Node Type": "Aggregate",
              "Strategy": "Plain",
              "Partial Mode": "Partial",
              "Parent Relationship": "Outer",
              "Parallel Aware": false,
              "Startup Cost": 348433.3,
              "Total Cost": 348433.31,
              "Plan Rows": 1,
              "Plan Width": 8,
              "Actual Startup Time": 905.712,
              "Actual Total Time": 905.714,
              "Actual Rows": 1,
              "Actual Loops": 7,
              "Plans": [
                {
                  "Node Type": "Seq Scan",
                  "Parent Relationship": "Outer",
                  "Parallel Aware": true,
                  "Relation Name": "cast_info",
                  "Alias": "ci",
                  "Startup Cost": 0.0,
                  "Total Cost": 343257.03,
                  "Plan Rows": 2070508,
                  "Plan Width": 0,
                  "Actual Startup Time": 0.053,
                  "Actual Total Time": 786.526,
                  "Actual Rows": 2178636,
                  "Actual Loops": 7,
                  "Filter": "((person_id < 1885343) AND (role_id < 4))",
                  "Rows Removed by Filter": 2999128
                }
              ]
            }
          ]
        }
      ]
    },
    "Planning Time": 0.195,
    "Triggers": [],
    "Execution Time": 976.735
  }
]