{
  "Plan": {
    "Node Type": "Aggregate",
    "Strategy": "Plain",
    "Partial Mode": "Finalize",
    "Parallel Aware": false,
    "Startup Cost": 342271.17,
    "Total Cost": 342271.18,
    "Plan Rows": 1,
    "Plan Width": 8,
    "Actual Startup Time": 1334.111,
    "Actual Total Time": 1390.798,
    "Actual Rows": 1,
    "Actual Loops": 1,
    "Plans": [
      {
        "Node Type": "Gather",
        "Parent Relationship": "Outer",
        "Parallel Aware": false,
        "Startup Cost": 342271.06,
        "Total Cost": 342271.17,
        "Plan Rows": 1,
        "Plan Width": 8,
        "Actual Startup Time": 1333.731,
        "Actual Total Time": 1390.787,
        "Actual Rows": 2,
        "Actual Loops": 1,
        "Workers Planned": 1,
        "Workers Launched": 1,
        "Single Copy": false,
        "Plans": [
          {
            "Node Type": "Aggregate",
            "Strategy": "Plain",
            "Partial Mode": "Partial",
            "Parent Relationship": "Outer",
            "Parallel Aware": false,
            "Startup Cost": 341271.06,
            "Total Cost": 341271.07,
            "Plan Rows": 1,
            "Plan Width": 8,
            "Actual Startup Time": 1328.113,
            "Actual Total Time": 1328.118,
            "Actual Rows": 1,
            "Actual Loops": 2,
            "Plans": [
              {
                "Node Type": "Hash Join",
                "Parent Relationship": "Outer",
                "Parallel Aware": true,
                "Join Type": "Inner",
                "Startup Cost": 58626.91,
                "Total Cost": 341078.1,
                "Plan Rows": 77185,
                "Plan Width": 0,
                "Actual Startup Time": 205.496,
                "Actual Total Time": 1322.254,
                "Actual Rows": 103156,
                "Actual Loops": 2,
                "Inner Unique": true,
                "Hash Cond": "(mi.movie_id = t.id)",
                "Plans": [
                  {
                    "Node Type": "Seq Scan",
                    "Parent Relationship": "Outer",
                    "Parallel Aware": true,
                    "Relation Name": "movie_info",
                    "Alias": "mi",
                    "Startup Cost": 0.0,
                    "Total Cost": 270696.42,
                    "Plan Rows": 4478001,
                    "Plan Width": 4,
                    "Actual Startup Time": 42.136,
                    "Actual Total Time": 797.615,
                    "Actual Rows": 3774428,
                    "Actual Loops": 2,
                    "Filter": "(info_type_id > 7)",
                    "Rows Removed by Filter": 3643432
                  },
                  {
                    "Node Type": "Hash",
                    "Parent Relationship": "Inner",
                    "Parallel Aware": true,
                    "Startup Cost": 58306.47,
                    "Total Cost": 58306.47,
                    "Plan Rows": 25635,
                    "Plan Width": 4,
                    "Actual Startup Time": 161.845,
                    "Actual Total Time": 161.847,
                    "Actual Rows": 17918,
                    "Actual Loops": 2,
                    "Hash Buckets": 65536,
                    "Original Hash Buckets": 65536,
                    "Hash Batches": 1,
                    "Original Hash Batches": 1,
                    "Peak Memory Usage": 1952,
                    "Plans": [
                      {
                        "Node Type": "Seq Scan",
                        "Parent Relationship": "Outer",
                        "Parallel Aware": true,
                        "Relation Name": "title",
                        "Alias": "t",
                        "Startup Cost": 0.0,
                        "Total Cost": 58306.47,
                        "Plan Rows": 25635,
                        "Plan Width": 4,
                        "Actual Startup Time": 0.38,
                        "Actual Total Time": 155.934,
                        "Actual Rows": 17918,
                        "Actual Loops": 2,
                        "Filter": "((kind_id < 4) AND (production_year = 2009))",
                        "Rows Removed by Filter": 1246238
                      }
                    ]
                  }
                ]
              }
            ]
          }
        ]
      }
    ]
  },
  "Planning Time": 0.483,
  "Triggers": [],
  "Execution Time": 1390.883
}