{
  "Plan": {
    "Node Type": "Aggregate",
    "Strategy": "Plain",
    "Partial Mode": "Simple",
    "Parallel Aware": false,
    "Startup Cost": 810.63,
    "Total Cost": 810.64,
    "Plan Rows": 1,
    "Plan Width": 8,
    "Actual Startup Time": 0.429,
    "Actual Total Time": 0.431,
    "Actual Rows": 1,
    "Actual Loops": 1,
    "Plans": [
      {
        "Node Type": "Nested Loop",
        "Parent Relationship": "Outer",
        "Parallel Aware": false,
        "Join Type": "Inner",
        "Startup Cost": 1.29,
        "Total Cost": 810.19,
        "Plan Rows": 178,
        "Plan Width": 0,
        "Actual Startup Time": 0.114,
        "Actual Total Time": 0.417,
        "Actual Rows": 36,
        "Actual Loops": 1,
        "Inner Unique": false,
        "Plans": [
          {
            "Node Type": "Nested Loop",
            "Parent Relationship": "Outer",
            "Parallel Aware": false,
            "Join Type": "Inner",
            "Startup Cost": 0.86,
            "Total Cost": 713.1,
            "Plan Rows": 52,
            "Plan Width": 8,
            "Actual Startup Time": 0.09,
            "Actual Total Time": 0.188,
            "Actual Rows": 6,
            "Actual Loops": 1,
            "Inner Unique": true,
            "Plans": [
              {
                "Node Type": "Index Scan",
                "Parent Relationship": "Outer",
                "Parallel Aware": false,
                "Scan Direction": "Forward",
                "Index Name": "company_id_movie_companies",
                "Relation Name": "movie_companies",
                "Alias": "mc",
                "Startup Cost": 0.43,
                "Total Cost": 273.83,
                "Plan Rows": 52,
                "Plan Width": 4,
                "Actual Startup Time": 0.065,
                "Actual Total Time": 0.085,
                "Actual Rows": 6,
                "Actual Loops": 1,
                "Index Cond": "(company_id = 99947)",
                "Rows Removed by Index Recheck": 0,
                "Filter": "(company_type_id > 1)",
                "Rows Removed by Filter": 0
              },
              {
                "Node Type": "Index Only Scan",
                "Parent Relationship": "Inner",
                "Parallel Aware": false,
                "Scan Direction": "Forward",
                "Index Name": "title_pkey",
                "Relation Name": "title",
                "Alias": "t",
                "Startup Cost": 0.43,
                "Total Cost": 8.45,
                "Plan Rows": 1,
                "Plan Width": 4,
                "Actual Startup Time": 0.015,
                "Actual Total Time": 0.015,
                "Actual Rows": 1,
                "Actual Loops": 6,
                "Index Cond": "(id = mc.movie_id)",
                "Rows Removed by Index Recheck": 0,
                "Heap Fetches": 6
              }
            ]
          },
          {
            "Node Type": "Index Scan",
            "Parent Relationship": "Inner",
            "Parallel Aware": false,
            "Scan Direction": "Forward",
            "Index Name": "movie_id_movie_info",
            "Relation Name": "movie_info",
            "Alias": "mi",
            "Startup Cost": 0.43,
            "Total Cost": 1.62,
            "Plan Rows": 25,
            "Plan Width": 4,
            "Actual Startup Time": 0.016,
            "Actual Total Time": 0.035,
            "Actual Rows": 6,
            "Actual Loops": 6,
            "Index Cond": "(movie_id = t.id)",
            "Rows Removed by Index Recheck": 0,
            "Filter": "(info_type_id < 13)",
            "Rows Removed by Filter": 1
          }
        ]
      }
    ]
  },
  "Planning Time": 0.962,
  "Triggers": [],
  "Execution Time": 0.501
}