[
  {
    "Plan": {
      "Node Type": "Aggregate",
      "Strategy": "Plain",
      "Partial Mode": "Finalize",
      "Parallel Aware": false,
      "Startup Cost": 329012.34,
      "Total Cost": 329012.35,
      "Plan Rows": 1,
      "Plan Width": 8,
      "Actual Startup Time": 230.982,
      "Actual Total Time": 245.132,
      "Actual Rows": 1,
      "Actual Loops": 1,
      "Plans": [
        {
          "Node Type": "Gather",
          "Parent Relationship": "Outer",
          "Parallel Aware": false,
          "Startup Cost": 329011.72,
          "Total Cost": 329012.33,
          "Plan Rows": 6,
          "Plan Width": 8,
          "Actual Startup Time": 229.745,
          "Actual Total Time": 245.113,
          "Actual Rows": 7,
          "Actual Loops": 1,
          "Workers Planned": 6,
          "Workers Launched": 6,
          "Single Copy": false,
          "Plans": [
            {
              "Node Type": "Aggregate",
              "Strategy": "Plain",
              "Partial Mode": "Partial",
              "Parent Relationship": "Outer",
              "Parallel Aware": false,
              "Startup Cost": 328011.72,
              "Total Cost": 328011.73,
              "Plan Rows": 1,
              "Plan Width": 8,
              "Actual Startup Time": 219.131,
              "Actual Total Time": 219.136,
              "Actual Rows": 1,
              "Actual Loops": 7,
              "Plans": [
                {
                  "Node Type": "Hash Join",
                  "Parent Relationship": "Outer",
                  "Parallel Aware": true,
                  "Join Type": "Inner",
                  "Startup Cost": 72146.22,
                  "Total Cost": 327982.66,
                  "Plan Rows": 11622,
                  "Plan Width": 0,
                  "Actual Startup Time": 132.393,
                  "Actual Total Time": 217.814,
                  "Actual Rows": 21067,
                  "Actual Loops": 7,
                  "Inner Unique": true,
                  "Hash Cond": "(ci.movie_id = t.id)",
                  "Plans": [
                    {
                      "Node Type": "Bitmap Heap Scan",
                      "Parent Relationship": "Outer",
                      "Parallel Aware": true,
                      "Relation Name": "cast_info",
                      "Alias": "ci",
                      "Startup Cost": 25623.8,
                      "Total Cost": 281229.2,
                      "Plan Rows": 88013,
                      "Plan Width": 4,
                      "Actual Startup Time": 41.991,
                      "Actual Total Time": 92.661,
                      "Actual Rows": 162250,
                      "Actual Loops": 7,
                      "Recheck Cond": "(person_id > 3841303)",
                      "Rows Removed by Index Recheck": 0,
                      "Filter": "(role_id > 2)",
                      "Rows Removed by Filter": 0,
                      "Exact Heap Blocks": 2747,
                      "Lossy Heap Blocks": 0,
                      "Plans": [
                        {
                          "Node Type": "Bitmap Index Scan",
                          "Parent Relationship": "Outer",
                          "Parallel Aware": false,
                          "Index Name": "person_id_cast_info",
                          "Startup Cost": 0.0,
                          "Total Cost": 25491.78,
                          "Plan Rows": 1167362,
                          "Plan Width": 0,
                          "Actual Startup Time": 39.254,
                          "Actual Total Time": 39.255,
                          "Actual Rows": 1135747,
                          "Actual Loops": 1,
                          "Index Cond": "(person_id > 3841303)"
                        }
                      ]
                    },
                    {
                      "Node Type": "Hash",
                      "Parent Relationship": "Inner",
                      "Parallel Aware": true,
                      "Startup Cost": 45479.1,
                      "Total Cost": 45479.1,
                      "Plan Rows": 83466,
                      "Plan Width": 4,
                      "Actual Startup Time": 88.421,
                      "Actual Total Time": 88.422,
                      "Actual Rows": 36510,
                      "Actual Loops": 7,
                      "Hash Buckets": 524288,
                      "Original Hash Buckets": 524288,
                      "Hash Batches": 1,
                      "Original Hash Batches": 1,
                      "Peak Memory Usage": 14304,
                      "Plans": [
                        {
                          "Node Type": "Seq Scan",
                          "Parent Relationship": "Outer",
                          "Parallel Aware": true,
                          "Relation Name": "title",
                          "Alias": "t",
                          "Startup Cost": 0.0,
                          "Total Cost": 45479.1,
                          "Plan Rows": 83466,
                          "Plan Width": 4,
                          "Actual Startup Time": 40.826,
                          "Actual Total Time": 73.79,
                          "Actual Rows": 36510,
                          "Actual Loops": 7,
                          "Filter": "((production_year > 2002) AND (kind_id = 1))",
                          "Rows Removed by Filter": 324677
                        }
                      ]
                    }
                  ]
                }
              ]
            }
          ]
        }
      ]
    },
    "Planning Time": 0.596,
    "Triggers": [],
    "Execution Time": 245.208
  }
]