[
  {
    "Plan": {
      "Node Type": "Aggregate",
      "Strategy": "Plain",
      "Partial Mode": "Finalize",
      "Parallel Aware": false,
      "Startup Cost": 46538.71,
      "Total Cost": 46538.72,
      "Plan Rows": 1,
      "Plan Width": 8,
      "Actual Startup Time": 93.228,
      "Actual Total Time": 106.198,
      "Actual Rows": 1,
      "Actual Loops": 1,
      "Plans": [
        {
          "Node Type": "Gather",
          "Parent Relationship": "Outer",
          "Parallel Aware": false,
          "Startup Cost": 46538.29,
          "Total Cost": 46538.7,
          "Plan Rows": 4,
          "Plan Width": 8,
          "Actual Startup Time": 92.954,
          "Actual Total Time": 106.189,
          "Actual Rows": 5,
          "Actual Loops": 1,
          "Workers Planned": 4,
          "Workers Launched": 4,
          "Single Copy": false,
          "Plans": [
            {
              "Node Type": "Aggregate",
              "Strategy": "Plain",
              "Partial Mode": "Partial",
              "Parent Relationship": "Outer",
              "Parallel Aware": false,
              "Startup Cost": 45538.29,
              "Total Cost": 45538.3,
              "Plan Rows": 1,
              "Plan Width": 8,
              "Actual Startup Time": 85.869,
              "Actual Total Time": 85.87,
              "Actual Rows": 1,
              "Actual Loops": 5,
              "Plans": [
                {
                  "Node Type": "Seq Scan",
                  "Parent Relationship": "Outer",
                  "Parallel Aware": true,
                  "Relation Name": "title",
                  "Alias": "t",
                  "Startup Cost": 0.0,
                  "Total Cost": 45479.1,
                  "Plan Rows": 23678,
                  "Plan Width": 0,
                  "Actual Startup Time": 0.207,
                  "Actual Total Time": 84.026,
                  "Actual Rows": 39819,
                  "Actual Loops": 5,
                  "Filter": "((kind_id < 7) AND (production_year < 1961))",
                  "Rows Removed by Filter": 465843
                }
              ]
            }
          ]
        }
      ]
    },
    "Planning Time": 0.178,
    "Triggers": [],
    "Execution Time": 106.256
  }
]