[
  {
    "Plan": {
      "Node Type": "Aggregate",
      "Strategy": "Plain",
      "Partial Mode": "Finalize",
      "Parallel Aware": false,
      "Startup Cost": 319779.99,
      "Total Cost": 319780.0,
      "Plan Rows": 1,
      "Plan Width": 8,
      "Actual Startup Time": 378.868,
      "Actual Total Time": 394.178,
      "Actual Rows": 1,
      "Actual Loops": 1,
      "Plans": [
        {
          "Node Type": "Gather",
          "Parent Relationship": "Outer",
          "Parallel Aware": false,
          "Startup Cost": 319779.57,
          "Total Cost": 319779.98,
          "Plan Rows": 4,
          "Plan Width": 8,
          "Actual Startup Time": 376.88,
          "Actual Total Time": 394.165,
          "Actual Rows": 5,
          "Actual Loops": 1,
          "Workers Planned": 4,
          "Workers Launched": 4,
          "Single Copy": false,
          "Plans": [
            {
              "Node Type": "Aggregate",
              "Strategy": "Plain",
              "Partial Mode": "Partial",
              "Parent Relationship": "Outer",
              "Parallel Aware": false,
              "Startup Cost": 318779.57,
              "Total Cost": 318779.58,
              "Plan Rows": 1,
              "Plan Width": 8,
              "Actual Startup Time": 366.872,
              "Actual Total Time": 366.875,
              "Actual Rows": 1,
              "Actual Loops": 5,
              "Plans": [
                {
                  "Node Type": "Hash Join",
                  "Parent Relationship": "Outer",
                  "Parallel Aware": true,
                  "Join Type": "Inner",
                  "Startup Cost": 269474.16,
                  "Total Cost": 318380.0,
                  "Plan Rows": 159830,
                  "Plan Width": 0,
                  "Actual Startup Time": 143.187,
                  "Actual Total Time": 360.173,
                  "Actual Rows": 124902,
                  "Actual Loops": 5,
                  "Inner Unique": false,
                  "Hash Cond": "(t.id = ci.movie_id)",
                  "Plans": [
                    {
                      "Node Type": "Seq Scan",
                      "Parent Relationship": "Outer",
                      "Parallel Aware": true,
                      "Relation Name": "title",
                      "Alias": "t",
                      "Startup Cost": 0.0,
                      "Total Cost": 42318.73,
                      "Plan Rows": 632073,
                      "Plan Width": 4,
                      "Actual Startup Time": 0.013,
                      "Actual Total Time": 73.098,
                      "Actual Rows": 505662,
                      "Actual Loops": 5
                    },
                    {
                      "Node Type": "Hash",
                      "Parent Relationship": "Inner",
                      "Parallel Aware": true,
                      "Startup Cost": 268142.23,
                      "Total Cost": 268142.23,
                      "Plan Rows": 106554,
                      "Plan Width": 4,
                      "Actual Startup Time": 138.984,
                      "Actual Total Time": 138.986,
                      "Actual Rows": 124902,
                      "Actual Loops": 5,
                      "Hash Buckets": 1048576,
                      "Original Hash Buckets": 1048576,
                      "Hash Batches": 1,
                      "Original Hash Batches": 1,
                      "Peak Memory Usage": 32704,
                      "Plans": [
                        {
                          "Node Type": "Bitmap Heap Scan",
                          "Parent Relationship": "Outer",
                          "Parallel Aware": true,
                          "Relation Name": "cast_info",
                          "Alias": "ci",
                          "Startup Cost": 14123.31,
                          "Total Cost": 268142.23,
                          "Plan Rows": 106554,
                          "Plan Width": 4,
                          "Actual Startup Time": 39.312,
                          "Actual Total Time": 74.617,
                          "Actual Rows": 124902,
                          "Actual Loops": 5,
                          "Recheck Cond": "(person_id < 66853)",
                          "Rows Removed by Index Recheck": 0,
                          "Exact Heap Blocks": 1566,
                          "Lossy Heap Blocks": 0,
                          "Plans": [
                            {
                              "Node Type": "Bitmap Index Scan",
                              "Parent Relationship": "Outer",
                              "Parallel Aware": false,
                              "Index Name": "person_id_cast_info",
                              "Startup Cost": 0.0,
                              "Total Cost": 13963.48,
                              "Plan Rows": 639322,
                              "Plan Width": 0,
                              "Actual Startup Time": 37.8,
                              "Actual Total Time": 37.8,
                              "Actual Rows": 624508,
                              "Actual Loops": 1,
                              "Index Cond": "(person_id < 66853)"
                            }
                          ]
                        }
                      ]
                    }
                  ]
                }
              ]
            }
          ]
        }
      ]
    },
    "Planning Time": 0.553,
    "Triggers": [],
    "Execution Time": 394.267
  }
]