[
    {
        "Bao": {
            "Bao prediction": "NaN",
            "Bao recommended hint": "(no hint)"
        }
    },
    {
        "Plan": {
            "Node Type": "Aggregate",
            "Strategy": "Plain",
            "Partial Mode": "Finalize",
            "Parallel Aware": false,
            "Startup Cost": 155247.96,
            "Total Cost": 155247.97,
            "Plan Rows": 1,
            "Plan Width": 8,
            "Actual Startup Time": 273.685,
            "Actual Total Time": 285.09,
            "Actual Rows": 1,
            "Actual Loops": 1,
            "Output": [
                "count(*)"
            ],
            "Plans": [
                {
                    "Node Type": "Gather",
                    "Parent Relationship": "Outer",
                    "Parallel Aware": false,
                    "Startup Cost": 155247.44,
                    "Total Cost": 155247.95,
                    "Plan Rows": 5,
                    "Plan Width": 8,
                    "Actual Startup Time": 273.466,
                    "Actual Total Time": 285.081,
                    "Actual Rows": 6,
                    "Actual Loops": 1,
                    "Output": [
                        "(PARTIAL count(*))"
                    ],
                    "Workers Planned": 5,
                    "Workers Launched": 5,
                    "Single Copy": false,
                    "Plans": [
                        {
                            "Node Type": "Aggregate",
                            "Strategy": "Plain",
                            "Partial Mode": "Partial",
                            "Parent Relationship": "Outer",
                            "Parallel Aware": false,
                            "Startup Cost": 154247.44,
                            "Total Cost": 154247.45,
                            "Plan Rows": 1,
                            "Plan Width": 8,
                            "Actual Startup Time": 263.385,
                            "Actual Total Time": 263.389,
                            "Actual Rows": 1,
                            "Actual Loops": 6,
                            "Output": [
                                "PARTIAL count(*)"
                            ],
                            "Workers": [
                                {
                                    "Worker Number": 0,
                                    "Actual Startup Time": 260.762,
                                    "Actual Total Time": 260.766,
                                    "Actual Rows": 1,
                                    "Actual Loops": 1
                                },
                                {
                                    "Worker Number": 1,
                                    "Actual Startup Time": 261.018,
                                    "Actual Total Time": 261.021,
                                    "Actual Rows": 1,
                                    "Actual Loops": 1
                                },
                                {
                                    "Worker Number": 2,
                                    "Actual Startup Time": 261.364,
                                    "Actual Total Time": 261.366,
                                    "Actual Rows": 1,
                                    "Actual Loops": 1
                                },
                                {
                                    "Worker Number": 3,
                                    "Actual Startup Time": 261.928,
                                    "Actual Total Time": 261.93,
                                    "Actual Rows": 1,
                                    "Actual Loops": 1
                                },
                                {
                                    "Worker Number": 4,
                                    "Actual Startup Time": 262.265,
                                    "Actual Total Time": 262.268,
                                    "Actual Rows": 1,
                                    "Actual Loops": 1
                                }
                            ],
                            "Plans": [
                                {
                                    "Node Type": "Hash Join",
                                    "Parent Relationship": "Outer",
                                    "Parallel Aware": true,
                                    "Join Type": "Inner",
                                    "Startup Cost": 43963.57,
                                    "Total Cost": 154239.17,
                                    "Plan Rows": 3306,
                                    "Plan Width": 0,
                                    "Actual Startup Time": 78.898,
                                    "Actual Total Time": 263.18,
                                    "Actual Rows": 2616,
                                    "Actual Loops": 6,
                                    "Inner Unique": true,
                                    "Hash Cond": "(ci.movie_id = t.id)",
                                    "Workers": [
                                        {
                                            "Worker Number": 0,
                                            "Actual Startup Time": 76.083,
                                            "Actual Total Time": 260.566,
                                            "Actual Rows": 2785,
                                            "Actual Loops": 1
                                        },
                                        {
                                            "Worker Number": 1,
                                            "Actual Startup Time": 76.511,
                                            "Actual Total Time": 260.835,
                                            "Actual Rows": 2388,
                                            "Actual Loops": 1
                                        },
                                        {
                                            "Worker Number": 2,
                                            "Actual Startup Time": 76.7,
                                            "Actual Total Time": 261.172,
                                            "Actual Rows": 2675,
                                            "Actual Loops": 1
                                        },
                                        {
                                            "Worker Number": 3,
                                            "Actual Startup Time": 78.44,
                                            "Actual Total Time": 261.739,
                                            "Actual Rows": 2756,
                                            "Actual Loops": 1
                                        },
                                        {
                                            "Worker Number": 4,
                                            "Actual Startup Time": 77.515,
                                            "Actual Total Time": 262.061,
                                            "Actual Rows": 1845,
                                            "Actual Loops": 1
                                        }
                                    ],
                                    "Plans": [
                                        {
                                            "Node Type": "Index Scan",
                                            "Parent Relationship": "Outer",
                                            "Parallel Aware": true,
                                            "Scan Direction": "Forward",
                                            "Index Name": "role_id_cast_info",
                                            "Relation Name": "cast_info",
                                            "Schema": "public",
                                            "Alias": "ci",
                                            "Startup Cost": 0.56,
                                            "Total Cost": 109204.72,
                                            "Plan Rows": 408171,
                                            "Plan Width": 4,
                                            "Actual Startup Time": 0.104,
                                            "Actual Total Time": 134.202,
                                            "Actual Rows": 440808,
                                            "Actual Loops": 6,
                                            "Output": [
                                                "ci.id",
                                                "ci.person_id",
                                                "ci.movie_id",
                                                "ci.person_role_id",
                                                "ci.note",
                                                "ci.nr_order",
                                                "ci.role_id"
                                            ],
                                            "Index Cond": "(ci.role_id = 3)",
                                            "Rows Removed by Index Recheck": 0,
                                            "Filter": "(ci.person_id > 1750092)",
                                            "Rows Removed by Filter": 227198,
                                            "Workers": [
                                                {
                                                    "Worker Number": 0,
                                                    "Actual Startup Time": 0.063,
                                                    "Actual Total Time": 134.773,
                                                    "Actual Rows": 451075,
                                                    "Actual Loops": 1
                                                },
                                                {
                                                    "Worker Number": 1,
                                                    "Actual Startup Time": 0.047,
                                                    "Actual Total Time": 134.815,
                                                    "Actual Rows": 446492,
                                                    "Actual Loops": 1
                                                },
                                                {
                                                    "Worker Number": 2,
                                                    "Actual Startup Time": 0.114,
                                                    "Actual Total Time": 134.426,
                                                    "Actual Rows": 452427,
                                                    "Actual Loops": 1
                                                },
                                                {
                                                    "Worker Number": 3,
                                                    "Actual Startup Time": 0.277,
                                                    "Actual Total Time": 134.286,
                                                    "Actual Rows": 475343,
                                                    "Actual Loops": 1
                                                },
                                                {
                                                    "Worker Number": 4,
                                                    "Actual Startup Time": 0.083,
                                                    "Actual Total Time": 134.627,
                                                    "Actual Rows": 309194,
                                                    "Actual Loops": 1
                                                }
                                            ]
                                        },
                                        {
                                            "Node Type": "Hash",
                                            "Parent Relationship": "Inner",
                                            "Parallel Aware": true,
                                            "Startup Cost": 43899.01,
                                            "Total Cost": 43899.01,
                                            "Plan Rows": 5120,
                                            "Plan Width": 4,
                                            "Actual Startup Time": 77.882,
                                            "Actual Total Time": 77.883,
                                            "Actual Rows": 3354,
                                            "Actual Loops": 6,
                                            "Output": [
                                                "t.id"
                                            ],
                                            "Hash Buckets": 32768,
                                            "Original Hash Buckets": 32768,
                                            "Hash Batches": 1,
                                            "Original Hash Batches": 1,
                                            "Peak Memory Usage": 1152,
                                            "Workers": [
                                                {
                                                    "Worker Number": 0,
                                                    "Actual Startup Time": 75.338,
                                                    "Actual Total Time": 75.339,
                                                    "Actual Rows": 2711,
                                                    "Actual Loops": 1
                                                },
                                                {
                                                    "Worker Number": 1,
                                                    "Actual Startup Time": 75.592,
                                                    "Actual Total Time": 75.593,
                                                    "Actual Rows": 2606,
                                                    "Actual Loops": 1
                                                },
                                                {
                                                    "Worker Number": 2,
                                                    "Actual Startup Time": 75.904,
                                                    "Actual Total Time": 75.905,
                                                    "Actual Rows": 2827,
                                                    "Actual Loops": 1
                                                },
                                                {
                                                    "Worker Number": 3,
                                                    "Actual Startup Time": 76.441,
                                                    "Actual Total Time": 76.443,
                                                    "Actual Rows": 2769,
                                                    "Actual Loops": 1
                                                },
                                                {
                                                    "Worker Number": 4,
                                                    "Actual Startup Time": 76.709,
                                                    "Actual Total Time": 76.71,
                                                    "Actual Rows": 2094,
                                                    "Actual Loops": 1
                                                }
                                            ],
                                            "Plans": [
                                                {
                                                    "Node Type": "Seq Scan",
                                                    "Parent Relationship": "Outer",
                                                    "Parallel Aware": true,
                                                    "Relation Name": "title",
                                                    "Schema": "public",
                                                    "Alias": "t",
                                                    "Startup Cost": 0.0,
                                                    "Total Cost": 43899.01,
                                                    "Plan Rows": 5120,
                                                    "Plan Width": 4,
                                                    "Actual Startup Time": 0.233,
                                                    "Actual Total Time": 75.726,
                                                    "Actual Rows": 3354,
                                                    "Actual Loops": 6,
                                                    "Output": [
                                                        "t.id"
                                                    ],
                                                    "Filter": "(t.production_year = 1987)",
                                                    "Rows Removed by Filter": 418032,
                                                    "Workers": [
                                                        {
                                                            "Worker Number": 0,
                                                            "Actual Startup Time": 0.249,
                                                            "Actual Total Time": 73.307,
                                                            "Actual Rows": 2711,
                                                            "Actual Loops": 1
                                                        },
                                                        {
                                                            "Worker Number": 1,
                                                            "Actual Startup Time": 0.159,
                                                            "Actual Total Time": 73.592,
                                                            "Actual Rows": 2606,
                                                            "Actual Loops": 1
                                                        },
                                                        {
                                                            "Worker Number": 2,
                                                            "Actual Startup Time": 0.617,
                                                            "Actual Total Time": 73.84,
                                                            "Actual Rows": 2827,
                                                            "Actual Loops": 1
                                                        },
                                                        {
                                                            "Worker Number": 3,
                                                            "Actual Startup Time": 0.206,
                                                            "Actual Total Time": 74.334,
                                                            "Actual Rows": 2769,
                                                            "Actual Loops": 1
                                                        },
                                                        {
                                                            "Worker Number": 4,
                                                            "Actual Startup Time": 0.14,
                                                            "Actual Total Time": 74.613,
                                                            "Actual Rows": 2094,
                                                            "Actual Loops": 1
                                                        }
                                                    ]
                                                }
                                            ]
                                        }
                                    ]
                                }
                            ]
                        }
                    ]
                }
            ]
        },
        "Planning Time": 208.29,
        "Triggers": [],
        "Execution Time": 285.174
    }
]