{
  "Plan": {
    "Node Type": "Aggregate",
    "Strategy": "Plain",
    "Partial Mode": "Finalize",
    "Parallel Aware": false,
    "Startup Cost": 325341.53,
    "Total Cost": 325341.54,
    "Plan Rows": 1,
    "Plan Width": 8,
    "Actual Startup Time": 2827.666,
    "Actual Total Time": 2855.657,
    "Actual Rows": 1,
    "Actual Loops": 1,
    "Plans": [
      {
        "Node Type": "Gather",
        "Parent Relationship": "Outer",
        "Parallel Aware": false,
        "Startup Cost": 325341.41,
        "Total Cost": 325341.52,
        "Plan Rows": 1,
        "Plan Width": 8,
        "Actual Startup Time": 2827.413,
        "Actual Total Time": 2855.648,
        "Actual Rows": 2,
        "Actual Loops": 1,
        "Workers Planned": 1,
        "Workers Launched": 1,
        "Single Copy": false,
        "Plans": [
          {
            "Node Type": "Aggregate",
            "Strategy": "Plain",
            "Partial Mode": "Partial",
            "Parent Relationship": "Outer",
            "Parallel Aware": false,
            "Startup Cost": 324341.41,
            "Total Cost": 324341.42,
            "Plan Rows": 1,
            "Plan Width": 8,
            "Actual Startup Time": 2821.229,
            "Actual Total Time": 2821.231,
            "Actual Rows": 1,
            "Actual Loops": 2,
            "Plans": [
              {
                "Node Type": "Merge Join",
                "Parent Relationship": "Outer",
                "Parallel Aware": false,
                "Join Type": "Inner",
                "Startup Cost": 6.94,
                "Total Cost": 322850.81,
                "Plan Rows": 596241,
                "Plan Width": 0,
                "Actual Startup Time": 3.032,
                "Actual Total Time": 2747.742,
                "Actual Rows": 1344349,
                "Actual Loops": 2,
                "Inner Unique": false,
                "Merge Cond": "(t.id = mc.movie_id)",
                "Plans": [
                  {
                    "Node Type": "Merge Join",
                    "Parent Relationship": "Outer",
                    "Parallel Aware": false,
                    "Join Type": "Inner",
                    "Startup Cost": 2.97,
                    "Total Cost": 169034.03,
                    "Plan Rows": 577768,
                    "Plan Width": 8,
                    "Actual Startup Time": 1.774,
                    "Actual Total Time": 1397.326,
                    "Actual Rows": 472282,
                    "Actual Loops": 2,
                    "Inner Unique": false,
                    "Merge Cond": "(t.id = mi_idx.movie_id)",
                    "Plans": [
                      {
                        "Node Type": "Index Scan",
                        "Parent Relationship": "Outer",
                        "Parallel Aware": true,
                        "Scan Direction": "Forward",
                        "Index Name": "title_pkey",
                        "Relation Name": "title",
                        "Alias": "t",
                        "Startup Cost": 0.43,
                        "Total Cost": 103647.43,
                        "Plan Rows": 1058501,
                        "Plan Width": 4,
                        "Actual Startup Time": 0.068,
                        "Actual Total Time": 881.869,
                        "Actual Rows": 896378,
                        "Actual Loops": 2,
                        "Filter": "(production_year > 1988)",
                        "Rows Removed by Filter": 366564
                      },
                      {
                        "Node Type": "Index Only Scan",
                        "Parent Relationship": "Inner",
                        "Parallel Aware": false,
                        "Scan Direction": "Forward",
                        "Index Name": "movie_id_movie_info_idx",
                        "Relation Name": "movie_info_idx",
                        "Alias": "mi_idx",
                        "Startup Cost": 0.43,
                        "Total Cost": 53620.22,
                        "Plan Rows": 1380035,
                        "Plan Width": 4,
                        "Actual Startup Time": 0.172,
                        "Actual Total Time": 322.434,
                        "Actual Rows": 1380025,
                        "Actual Loops": 2,
                        "Heap Fetches": 2760050
                      }
                    ]
                  },
                  {
                    "Node Type": "Index Only Scan",
                    "Parent Relationship": "Inner",
                    "Parallel Aware": false,
                    "Scan Direction": "Forward",
                    "Index Name": "movie_id_movie_companies",
                    "Relation Name": "movie_companies",
                    "Alias": "mc",
                    "Startup Cost": 0.43,
                    "Total Cost": 140059.44,
                    "Plan Rows": 2609129,
                    "Plan Width": 4,
                    "Actual Startup Time": 0.129,
                    "Actual Total Time": 1024.053,
                    "Actual Rows": 3505975,
                    "Actual Loops": 2,
                    "Heap Fetches": 7011950
                  }
                ]
              }
            ]
          }
        ]
      }
    ]
  },
  "Planning Time": 1.048,
  "Triggers": [],
  "Execution Time": 2855.751
}