[
  {
    "Plan": {
      "Node Type": "Aggregate",
      "Strategy": "Plain",
      "Partial Mode": "Finalize",
      "Parallel Aware": false,
      "Startup Cost": 35881.43,
      "Total Cost": 35881.44,
      "Plan Rows": 1,
      "Plan Width": 8,
      "Actual Startup Time": 56.025,
      "Actual Total Time": 61.726,
      "Actual Rows": 1,
      "Actual Loops": 1,
      "Plans": [
        {
          "Node Type": "Gather",
          "Parent Relationship": "Outer",
          "Parallel Aware": false,
          "Startup Cost": 35881.11,
          "Total Cost": 35881.42,
          "Plan Rows": 3,
          "Plan Width": 8,
          "Actual Startup Time": 55.737,
          "Actual Total Time": 61.717,
          "Actual Rows": 4,
          "Actual Loops": 1,
          "Workers Planned": 3,
          "Workers Launched": 3,
          "Single Copy": false,
          "Plans": [
            {
              "Node Type": "Aggregate",
              "Strategy": "Plain",
              "Partial Mode": "Partial",
              "Parent Relationship": "Outer",
              "Parallel Aware": false,
              "Startup Cost": 34881.11,
              "Total Cost": 34881.12,
              "Plan Rows": 1,
              "Plan Width": 8,
              "Actual Startup Time": 46.384,
              "Actual Total Time": 46.387,
              "Actual Rows": 1,
              "Actual Loops": 4,
              "Plans": [
                {
                  "Node Type": "Hash Join",
                  "Parent Relationship": "Outer",
                  "Parallel Aware": true,
                  "Join Type": "Inner",
                  "Startup Cost": 26172.95,
                  "Total Cost": 34880.82,
                  "Plan Rows": 117,
                  "Plan Width": 0,
                  "Actual Startup Time": 32.137,
                  "Actual Total Time": 46.379,
                  "Actual Rows": 3,
                  "Actual Loops": 4,
                  "Inner Unique": true,
                  "Hash Cond": "(ci.movie_id = t.id)",
                  "Plans": [
                    {
                      "Node Type": "Index Scan",
                      "Parent Relationship": "Outer",
                      "Parallel Aware": true,
                      "Scan Direction": "Forward",
                      "Index Name": "role_id_cast_info",
                      "Relation Name": "cast_info",
                      "Alias": "ci",
                      "Startup Cost": 0.56,
                      "Total Cost": 8600.37,
                      "Plan Rows": 41167,
                      "Plan Width": 4,
                      "Actual Startup Time": 0.297,
                      "Actual Total Time": 18.315,
                      "Actual Rows": 15388,
                      "Actual Loops": 4,
                      "Index Cond": "(role_id > 10)",
                      "Rows Removed by Index Recheck": 0,
                      "Filter": "(person_id < 1524249)",
                      "Rows Removed by Filter": 63642
                    },
                    {
                      "Node Type": "Hash",
                      "Parent Relationship": "Inner",
                      "Parallel Aware": true,
                      "Startup Cost": 26143.49,
                      "Total Cost": 26143.49,
                      "Plan Rows": 2312,
                      "Plan Width": 4,
                      "Actual Startup Time": 24.192,
                      "Actual Total Time": 24.193,
                      "Actual Rows": 1328,
                      "Actual Loops": 4,
                      "Hash Buckets": 8192,
                      "Original Hash Buckets": 8192,
                      "Hash Batches": 1,
                      "Original Hash Batches": 1,
                      "Peak Memory Usage": 320,
                      "Plans": [
                        {
                          "Node Type": "Bitmap Heap Scan",
                          "Parent Relationship": "Outer",
                          "Parallel Aware": true,
                          "Relation Name": "title",
                          "Alias": "t",
                          "Startup Cost": 236.19,
                          "Total Cost": 26143.49,
                          "Plan Rows": 2312,
                          "Plan Width": 4,
                          "Actual Startup Time": 4.75,
                          "Actual Total Time": 23.204,
                          "Actual Rows": 1328,
                          "Actual Loops": 4,
                          "Recheck Cond": "(kind_id = 6)",
                          "Rows Removed by Index Recheck": 0,
                          "Filter": "(production_year > 2000)",
                          "Rows Removed by Filter": 1822,
                          "Exact Heap Blocks": 5753,
                          "Lossy Heap Blocks": 0,
                          "Plans": [
                            {
                              "Node Type": "Bitmap Index Scan",
                              "Parent Relationship": "Outer",
                              "Parallel Aware": false,
                              "Index Name": "kind_id_title",
                              "Startup Cost": 0.0,
                              "Total Cost": 234.4,
                              "Plan Rows": 13063,
                              "Plan Width": 0,
                              "Actual Startup Time": 6.278,
                              "Actual Total Time": 6.278,
                              "Actual Rows": 12600,
                              "Actual Loops": 1,
                              "Index Cond": "(kind_id = 6)"
                            }
                          ]
                        }
                      ]
                    }
                  ]
                }
              ]
            }
          ]
        }
      ]
    },
    "Planning Time": 0.659,
    "Triggers": [],
    "Execution Time": 61.872
  }
]