{
    "Plan": {
        "Node Type": "Aggregate",
        "Strategy": "Plain",
        "Partial Mode": "Finalize",
        "Parallel Aware": false,
        "Startup Cost": 59911.68,
        "Total Cost": 59911.69,
        "Plan Rows": 1,
        "Plan Width": 8,
        "Actual Startup Time": 326.756,
        "Actual Total Time": 338.352,
        "Actual Rows": 1,
        "Actual Loops": 1,
        "Output": [
            "count(*)"
        ],
        "Plans": [
            {
                "Node Type": "Gather",
                "Parent Relationship": "Outer",
                "Parallel Aware": false,
                "Startup Cost": 59911.26,
                "Total Cost": 59911.67,
                "Plan Rows": 4,
                "Plan Width": 8,
                "Actual Startup Time": 326.648,
                "Actual Total Time": 338.345,
                "Actual Rows": 5,
                "Actual Loops": 1,
                "Output": [
                    "(PARTIAL count(*))"
                ],
                "Workers Planned": 4,
                "Workers Launched": 4,
                "Single Copy": false,
                "Plans": [
                    {
                        "Node Type": "Aggregate",
                        "Strategy": "Plain",
                        "Partial Mode": "Partial",
                        "Parent Relationship": "Outer",
                        "Parallel Aware": false,
                        "Startup Cost": 58911.26,
                        "Total Cost": 58911.27,
                        "Plan Rows": 1,
                        "Plan Width": 8,
                        "Actual Startup Time": 316.522,
                        "Actual Total Time": 316.524,
                        "Actual Rows": 1,
                        "Actual Loops": 5,
                        "Output": [
                            "PARTIAL count(*)"
                        ],
                        "Workers": [
                            {
                                "Worker Number": 0,
                                "Actual Startup Time": 313.856,
                                "Actual Total Time": 313.858,
                                "Actual Rows": 1,
                                "Actual Loops": 1
                            },
                            {
                                "Worker Number": 1,
                                "Actual Startup Time": 314.003,
                                "Actual Total Time": 314.005,
                                "Actual Rows": 1,
                                "Actual Loops": 1
                            },
                            {
                                "Worker Number": 2,
                                "Actual Startup Time": 314.001,
                                "Actual Total Time": 314.004,
                                "Actual Rows": 1,
                                "Actual Loops": 1
                            },
                            {
                                "Worker Number": 3,
                                "Actual Startup Time": 314.881,
                                "Actual Total Time": 314.882,
                                "Actual Rows": 1,
                                "Actual Loops": 1
                            }
                        ],
                        "Plans": [
                            {
                                "Node Type": "Nested Loop",
                                "Parent Relationship": "Outer",
                                "Parallel Aware": false,
                                "Join Type": "Inner",
                                "Startup Cost": 0.43,
                                "Total Cost": 58907.65,
                                "Plan Rows": 1444,
                                "Plan Width": 0,
                                "Actual Startup Time": 1.091,
                                "Actual Total Time": 316.285,
                                "Actual Rows": 805,
                                "Actual Loops": 5,
                                "Inner Unique": false,
                                "Workers": [
                                    {
                                        "Worker Number": 0,
                                        "Actual Startup Time": 1.108,
                                        "Actual Total Time": 313.651,
                                        "Actual Rows": 681,
                                        "Actual Loops": 1
                                    },
                                    {
                                        "Worker Number": 1,
                                        "Actual Startup Time": 0.74,
                                        "Actual Total Time": 313.771,
                                        "Actual Rows": 729,
                                        "Actual Loops": 1
                                    },
                                    {
                                        "Worker Number": 2,
                                        "Actual Startup Time": 0.677,
                                        "Actual Total Time": 313.795,
                                        "Actual Rows": 618,
                                        "Actual Loops": 1
                                    },
                                    {
                                        "Worker Number": 3,
                                        "Actual Startup Time": 0.714,
                                        "Actual Total Time": 314.637,
                                        "Actual Rows": 804,
                                        "Actual Loops": 1
                                    }
                                ],
                                "Plans": [
                                    {
                                        "Node Type": "Seq Scan",
                                        "Parent Relationship": "Outer",
                                        "Parallel Aware": true,
                                        "Relation Name": "title",
                                        "Schema": "public",
                                        "Alias": "t",
                                        "Startup Cost": 0.0,
                                        "Total Cost": 45479.21,
                                        "Plan Rows": 2646,
                                        "Plan Width": 4,
                                        "Actual Startup Time": 0.268,
                                        "Actual Total Time": 146.443,
                                        "Actual Rows": 1936,
                                        "Actual Loops": 5,
                                        "Output": [
                                            "t.id",
                                            "t.title",
                                            "t.imdb_index",
                                            "t.kind_id",
                                            "t.production_year",
                                            "t.imdb_id",
                                            "t.phonetic_code",
                                            "t.episode_of_id",
                                            "t.season_nr",
                                            "t.episode_nr",
                                            "t.series_years",
                                            "t.md5sum"
                                        ],
                                        "Filter": "((t.kind_id > 1) AND (t.production_year = 1968))",
                                        "Rows Removed by Filter": 503727,
                                        "Workers": [
                                            {
                                                "Worker Number": 0,
                                                "Actual Startup Time": 0.08,
                                                "Actual Total Time": 145.716,
                                                "Actual Rows": 1748,
                                                "Actual Loops": 1
                                            },
                                            {
                                                "Worker Number": 1,
                                                "Actual Startup Time": 0.335,
                                                "Actual Total Time": 142.818,
                                                "Actual Rows": 1693,
                                                "Actual Loops": 1
                                            },
                                            {
                                                "Worker Number": 2,
                                                "Actual Startup Time": 0.375,
                                                "Actual Total Time": 147.094,
                                                "Actual Rows": 1593,
                                                "Actual Loops": 1
                                            },
                                            {
                                                "Worker Number": 3,
                                                "Actual Startup Time": 0.477,
                                                "Actual Total Time": 146.042,
                                                "Actual Rows": 1828,
                                                "Actual Loops": 1
                                            }
                                        ]
                                    },
                                    {
                                        "Node Type": "Index Only Scan",
                                        "Parent Relationship": "Inner",
                                        "Parallel Aware": false,
                                        "Scan Direction": "Forward",
                                        "Index Name": "movie_id_movie_info_idx",
                                        "Relation Name": "movie_info_idx",
                                        "Schema": "public",
                                        "Alias": "mi_idx",
                                        "Startup Cost": 0.43,
                                        "Total Cost": 5.04,
                                        "Plan Rows": 3,
                                        "Plan Width": 4,
                                        "Actual Startup Time": 0.086,
                                        "Actual Total Time": 0.086,
                                        "Actual Rows": 0,
                                        "Actual Loops": 9678,
                                        "Output": [
                                            "mi_idx.movie_id"
                                        ],
                                        "Index Cond": "(mi_idx.movie_id = t.id)",
                                        "Rows Removed by Index Recheck": 0,
                                        "Heap Fetches": 4023,
                                        "Workers": [
                                            {
                                                "Worker Number": 0,
                                                "Actual Startup Time": 0.094,
                                                "Actual Total Time": 0.094,
                                                "Actual Rows": 0,
                                                "Actual Loops": 1748
                                            },
                                            {
                                                "Worker Number": 1,
                                                "Actual Startup Time": 0.099,
                                                "Actual Total Time": 0.099,
                                                "Actual Rows": 0,
                                                "Actual Loops": 1693
                                            },
                                            {
                                                "Worker Number": 2,
                                                "Actual Startup Time": 0.103,
                                                "Actual Total Time": 0.103,
                                                "Actual Rows": 0,
                                                "Actual Loops": 1593
                                            },
                                            {
                                                "Worker Number": 3,
                                                "Actual Startup Time": 0.09,
                                                "Actual Total Time": 0.091,
                                                "Actual Rows": 0,
                                                "Actual Loops": 1828
                                            }
                                        ]
                                    }
                                ]
                            }
                        ]
                    }
                ]
            }
        ]
    },
    "Planning Time": 0.707,
    "Triggers": [],
    "Execution Time": 338.424
}