{
  "Plan": {
    "Node Type": "Aggregate",
    "Strategy": "Plain",
    "Partial Mode": "Finalize",
    "Parallel Aware": false,
    "Startup Cost": 85077.12,
    "Total Cost": 85077.13,
    "Plan Rows": 1,
    "Plan Width": 8,
    "Actual Startup Time": 253.724,
    "Actual Total Time": 264.919,
    "Actual Rows": 1,
    "Actual Loops": 1,
    "Plans": [
      {
        "Node Type": "Gather",
        "Parent Relationship": "Outer",
        "Parallel Aware": false,
        "Startup Cost": 85077.01,
        "Total Cost": 85077.12,
        "Plan Rows": 1,
        "Plan Width": 8,
        "Actual Startup Time": 253.106,
        "Actual Total Time": 264.91,
        "Actual Rows": 2,
        "Actual Loops": 1,
        "Workers Planned": 1,
        "Workers Launched": 1,
        "Single Copy": false,
        "Plans": [
          {
            "Node Type": "Aggregate",
            "Strategy": "Plain",
            "Partial Mode": "Partial",
            "Parent Relationship": "Outer",
            "Parallel Aware": false,
            "Startup Cost": 84077.01,
            "Total Cost": 84077.02,
            "Plan Rows": 1,
            "Plan Width": 8,
            "Actual Startup Time": 247.035,
            "Actual Total Time": 247.039,
            "Actual Rows": 1,
            "Actual Loops": 2,
            "Plans": [
              {
                "Node Type": "Hash Join",
                "Parent Relationship": "Outer",
                "Parallel Aware": true,
                "Join Type": "Inner",
                "Startup Cost": 62497.22,
                "Total Cost": 84047.96,
                "Plan Rows": 11621,
                "Plan Width": 0,
                "Actual Startup Time": 194.844,
                "Actual Total Time": 246.549,
                "Actual Rows": 7970,
                "Actual Loops": 2,
                "Inner Unique": true,
                "Hash Cond": "(mc.movie_id = t.id)",
                "Plans": [
                  {
                    "Node Type": "Bitmap Heap Scan",
                    "Parent Relationship": "Outer",
                    "Parallel Aware": true,
                    "Relation Name": "movie_companies",
                    "Alias": "mc",
                    "Startup Cost": 6725.24,
                    "Total Cost": 27796.84,
                    "Plan Rows": 182528,
                    "Plan Width": 4,
                    "Actual Startup Time": 14.919,
                    "Actual Total Time": 39.283,
                    "Actual Rows": 154058,
                    "Actual Loops": 2,
                    "Recheck Cond": "(company_id > 92884)",
                    "Rows Removed by Index Recheck": 0,
                    "Exact Heap Blocks": 3052,
                    "Lossy Heap Blocks": 0,
                    "Plans": [
                      {
                        "Node Type": "Bitmap Index Scan",
                        "Parent Relationship": "Outer",
                        "Parallel Aware": false,
                        "Index Name": "company_id_movie_companies",
                        "Startup Cost": 0.0,
                        "Total Cost": 6647.67,
                        "Plan Rows": 310298,
                        "Plan Width": 0,
                        "Actual Startup Time": 14.219,
                        "Actual Total Time": 14.22,
                        "Actual Rows": 308115,
                        "Actual Loops": 1,
                        "Index Cond": "(company_id > 92884)"
                      }
                    ]
                  },
                  {
                    "Node Type": "Hash",
                    "Parent Relationship": "Inner",
                    "Parallel Aware": true,
                    "Startup Cost": 54588.39,
                    "Total Cost": 54588.39,
                    "Plan Rows": 94687,
                    "Plan Width": 4,
                    "Actual Startup Time": 176.663,
                    "Actual Total Time": 176.664,
                    "Actual Rows": 82154,
                    "Actual Loops": 2,
                    "Hash Buckets": 262144,
                    "Original Hash Buckets": 262144,
                    "Hash Batches": 1,
                    "Original Hash Batches": 1,
                    "Peak Memory Usage": 8512,
                    "Plans": [
                      {
                        "Node Type": "Seq Scan",
                        "Parent Relationship": "Outer",
                        "Parallel Aware": true,
                        "Relation Name": "title",
                        "Alias": "t",
                        "Startup Cost": 0.0,
                        "Total Cost": 54588.39,
                        "Plan Rows": 94687,
                        "Plan Width": 4,
                        "Actual Startup Time": 0.033,
                        "Actual Total Time": 151.19,
                        "Actual Rows": 82154,
                        "Actual Loops": 2,
                        "Filter": "(production_year = 2012)",
                        "Rows Removed by Filter": 1182002
                      }
                    ]
                  }
                ]
              }
            ]
          }
        ]
      }
    ]
  },
  "Planning Time": 0.442,
  "Triggers": [],
  "Execution Time": 265.008
}