{
    "Plan": {
        "Node Type": "Aggregate",
        "Strategy": "Plain",
        "Partial Mode": "Simple",
        "Parallel Aware": false,
        "Startup Cost": 33401.79,
        "Total Cost": 33401.8,
        "Plan Rows": 1,
        "Plan Width": 8,
        "Actual Startup Time": 26.308,
        "Actual Total Time": 26.312,
        "Actual Rows": 1,
        "Actual Loops": 1,
        "Output": [
            "count(*)"
        ],
        "Plans": [
            {
                "Node Type": "Nested Loop",
                "Parent Relationship": "Outer",
                "Parallel Aware": false,
                "Join Type": "Inner",
                "Startup Cost": 12007.42,
                "Total Cost": 33401.79,
                "Plan Rows": 1,
                "Plan Width": 0,
                "Actual Startup Time": 11.641,
                "Actual Total Time": 26.302,
                "Actual Rows": 3,
                "Actual Loops": 1,
                "Inner Unique": true,
                "Join Filter": "(mc.movie_id = t.id)",
                "Rows Removed by Join Filter": 0,
                "Plans": [
                    {
                        "Node Type": "Hash Join",
                        "Parent Relationship": "Outer",
                        "Parallel Aware": false,
                        "Join Type": "Inner",
                        "Startup Cost": 12006.99,
                        "Total Cost": 33191.31,
                        "Plan Rows": 29,
                        "Plan Width": 8,
                        "Actual Startup Time": 9.497,
                        "Actual Total Time": 26.122,
                        "Actual Rows": 18,
                        "Actual Loops": 1,
                        "Output": [
                            "mc.movie_id",
                            "mi.movie_id"
                        ],
                        "Inner Unique": false,
                        "Hash Cond": "(mi.movie_id = mc.movie_id)",
                        "Plans": [
                            {
                                "Node Type": "Index Scan",
                                "Parent Relationship": "Outer",
                                "Parallel Aware": false,
                                "Scan Direction": "Forward",
                                "Index Name": "info_type_id_movie_info",
                                "Relation Name": "movie_info",
                                "Schema": "public",
                                "Alias": "mi",
                                "Startup Cost": 0.43,
                                "Total Cost": 21136.92,
                                "Plan Rows": 5434,
                                "Plan Width": 4,
                                "Actual Startup Time": 0.328,
                                "Actual Total Time": 16.557,
                                "Actual Rows": 6620,
                                "Actual Loops": 1,
                                "Output": [
                                    "mi.id",
                                    "mi.movie_id",
                                    "mi.info_type_id",
                                    "mi.info",
                                    "mi.note"
                                ],
                                "Index Cond": "(mi.info_type_id = 75)",
                                "Rows Removed by Index Recheck": 0
                            },
                            {
                                "Node Type": "Hash",
                                "Parent Relationship": "Inner",
                                "Parallel Aware": false,
                                "Startup Cost": 11973.86,
                                "Total Cost": 11973.86,
                                "Plan Rows": 2616,
                                "Plan Width": 4,
                                "Actual Startup Time": 8.126,
                                "Actual Total Time": 8.127,
                                "Actual Rows": 266,
                                "Actual Loops": 1,
                                "Output": [
                                    "mc.movie_id"
                                ],
                                "Hash Buckets": 4096,
                                "Original Hash Buckets": 4096,
                                "Hash Batches": 1,
                                "Original Hash Batches": 1,
                                "Peak Memory Usage": 42,
                                "Plans": [
                                    {
                                        "Node Type": "Index Scan",
                                        "Parent Relationship": "Outer",
                                        "Parallel Aware": false,
                                        "Scan Direction": "Forward",
                                        "Index Name": "company_id_movie_companies",
                                        "Relation Name": "movie_companies",
                                        "Schema": "public",
                                        "Alias": "mc",
                                        "Startup Cost": 0.43,
                                        "Total Cost": 11973.86,
                                        "Plan Rows": 2616,
                                        "Plan Width": 4,
                                        "Actual Startup Time": 7.397,
                                        "Actual Total Time": 7.984,
                                        "Actual Rows": 266,
                                        "Actual Loops": 1,
                                        "Output": [
                                            "mc.movie_id"
                                        ],
                                        "Index Cond": "(mc.company_id = 1709)",
                                        "Rows Removed by Index Recheck": 0,
                                        "Filter": "(mc.company_type_id = 2)",
                                        "Rows Removed by Filter": 4898
                                    }
                                ]
                            }
                        ]
                    },
                    {
                        "Node Type": "Index Scan",
                        "Parent Relationship": "Inner",
                        "Parallel Aware": false,
                        "Scan Direction": "Forward",
                        "Index Name": "title_pkey",
                        "Relation Name": "title",
                        "Schema": "public",
                        "Alias": "t",
                        "Startup Cost": 0.43,
                        "Total Cost": 7.25,
                        "Plan Rows": 1,
                        "Plan Width": 4,
                        "Actual Startup Time": 0.008,
                        "Actual Total Time": 0.008,
                        "Actual Rows": 0,
                        "Actual Loops": 18,
                        "Output": [
                            "t.id",
                            "t.title",
                            "t.imdb_index",
                            "t.kind_id",
                            "t.production_year",
                            "t.imdb_id",
                            "t.phonetic_code",
                            "t.episode_of_id",
                            "t.season_nr",
                            "t.episode_nr",
                            "t.series_years",
                            "t.md5sum"
                        ],
                        "Index Cond": "(t.id = mi.movie_id)",
                        "Rows Removed by Index Recheck": 0,
                        "Filter": "((t.production_year > 1990) AND (t.kind_id = 1))",
                        "Rows Removed by Filter": 1
                    }
                ]
            }
        ]
    },
    "Planning Time": 1.229,
    "Triggers": [],
    "Execution Time": 26.395
}