[
  {
    "Plan": {
      "Node Type": "Aggregate",
      "Strategy": "Plain",
      "Partial Mode": "Finalize",
      "Parallel Aware": false,
      "Startup Cost": 176775.16,
      "Total Cost": 176775.17,
      "Plan Rows": 1,
      "Plan Width": 8,
      "Actual Startup Time": 2427.433,
      "Actual Total Time": 2475.243,
      "Actual Rows": 1,
      "Actual Loops": 1,
      "Plans": [
        {
          "Node Type": "Gather",
          "Parent Relationship": "Outer",
          "Parallel Aware": false,
          "Startup Cost": 176774.84,
          "Total Cost": 176775.15,
          "Plan Rows": 3,
          "Plan Width": 8,
          "Actual Startup Time": 2426.441,
          "Actual Total Time": 2475.234,
          "Actual Rows": 4,
          "Actual Loops": 1,
          "Workers Planned": 3,
          "Workers Launched": 3,
          "Single Copy": false,
          "Plans": [
            {
              "Node Type": "Aggregate",
              "Strategy": "Plain",
              "Partial Mode": "Partial",
              "Parent Relationship": "Outer",
              "Parallel Aware": false,
              "Startup Cost": 175774.84,
              "Total Cost": 175774.85,
              "Plan Rows": 1,
              "Plan Width": 8,
              "Actual Startup Time": 2417.113,
              "Actual Total Time": 2417.171,
              "Actual Rows": 1,
              "Actual Loops": 4,
              "Plans": [
                {
                  "Node Type": "Nested Loop",
                  "Parent Relationship": "Outer",
                  "Parallel Aware": false,
                  "Join Type": "Inner",
                  "Startup Cost": 45986.06,
                  "Total Cost": 175738.99,
                  "Plan Rows": 14338,
                  "Plan Width": 0,
                  "Actual Startup Time": 168.291,
                  "Actual Total Time": 2397.607,
                  "Actual Rows": 367378,
                  "Actual Loops": 4,
                  "Inner Unique": false,
                  "Join Filter": "(t.id = mi.movie_id)",
                  "Rows Removed by Join Filter": 0,
                  "Plans": [
                    {
                      "Node Type": "Hash Join",
                      "Parent Relationship": "Outer",
                      "Parallel Aware": true,
                      "Join Type": "Inner",
                      "Startup Cost": 45985.62,
                      "Total Cost": 90793.49,
                      "Plan Rows": 51586,
                      "Plan Width": 8,
                      "Actual Startup Time": 168.002,
                      "Actual Total Time": 345.389,
                      "Actual Rows": 173937,
                      "Actual Loops": 4,
                      "Inner Unique": true,
                      "Hash Cond": "(mk.movie_id = t.id)",
                      "Plans": [
                        {
                          "Node Type": "Seq Scan",
                          "Parent Relationship": "Outer",
                          "Parallel Aware": true,
                          "Relation Name": "movie_keyword",
                          "Alias": "mk",
                          "Startup Cost": 0.0,
                          "Total Cost": 42695.65,
                          "Plan Rows": 804652,
                          "Plan Width": 4,
                          "Actual Startup Time": 0.026,
                          "Actual Total Time": 116.784,
                          "Actual Rows": 624185,
                          "Actual Loops": 4,
                          "Filter": "(keyword_id < 6099)",
                          "Rows Removed by Filter": 506798
                        },
                        {
                          "Node Type": "Hash",
                          "Parent Relationship": "Inner",
                          "Parallel Aware": true,
                          "Startup Cost": 45479.1,
                          "Total Cost": 45479.1,
                          "Plan Rows": 40522,
                          "Plan Width": 4,
                          "Actual Startup Time": 131.621,
                          "Actual Total Time": 131.622,
                          "Actual Rows": 75271,
                          "Actual Loops": 4,
                          "Hash Buckets": 524288,
                          "Original Hash Buckets": 262144,
                          "Hash Batches": 1,
                          "Original Hash Batches": 1,
                          "Peak Memory Usage": 17984,
                          "Plans": [
                            {
                              "Node Type": "Seq Scan",
                              "Parent Relationship": "Outer",
                              "Parallel Aware": true,
                              "Relation Name": "title",
                              "Alias": "t",
                              "Startup Cost": 0.0,
                              "Total Cost": 45479.1,
                              "Plan Rows": 40522,
                              "Plan Width": 4,
                              "Actual Startup Time": 61.032,
                              "Actual Total Time": 103.045,
                              "Actual Rows": 75271,
                              "Actual Loops": 4,
                              "Filter": "((production_year < 1987) AND (kind_id = 1))",
                              "Rows Removed by Filter": 556807
                            }
                          ]
                        }
                      ]
                    },
                    {
                      "Node Type": "Index Scan",
                      "Parent Relationship": "Inner",
                      "Parallel Aware": false,
                      "Scan Direction": "Forward",
                      "Index Name": "movie_id_movie_info",
                      "Relation Name": "movie_info",
                      "Alias": "mi",
                      "Startup Cost": 0.43,
                      "Total Cost": 1.62,
                      "Plan Rows": 2,
                      "Plan Width": 4,
                      "Actual Startup Time": 0.005,
                      "Actual Total Time": 0.011,
                      "Actual Rows": 2,
                      "Actual Loops": 695748,
                      "Index Cond": "(movie_id = mk.movie_id)",
                      "Rows Removed by Index Recheck": 0,
                      "Filter": "(info_type_id = 18)",
                      "Rows Removed by Filter": 44
                    }
                  ]
                }
              ]
            }
          ]
        }
      ]
    },
    "Planning Time": 1.448,
    "Triggers": [],
    "Execution Time": 2475.347
  }
]