[
  {
    "Plan": {
      "Node Type": "Aggregate",
      "Strategy": "Plain",
      "Partial Mode": "Finalize",
      "Parallel Aware": false,
      "Startup Cost": 111976.22,
      "Total Cost": 111976.23,
      "Plan Rows": 1,
      "Plan Width": 8,
      "Actual Startup Time": 686.656,
      "Actual Total Time": 706.744,
      "Actual Rows": 1,
      "Actual Loops": 1,
      "Plans": [
        {
          "Node Type": "Gather",
          "Parent Relationship": "Outer",
          "Parallel Aware": false,
          "Startup Cost": 111975.9,
          "Total Cost": 111976.21,
          "Plan Rows": 3,
          "Plan Width": 8,
          "Actual Startup Time": 682.835,
          "Actual Total Time": 706.732,
          "Actual Rows": 4,
          "Actual Loops": 1,
          "Workers Planned": 3,
          "Workers Launched": 3,
          "Single Copy": false,
          "Plans": [
            {
              "Node Type": "Aggregate",
              "Strategy": "Plain",
              "Partial Mode": "Partial",
              "Parent Relationship": "Outer",
              "Parallel Aware": false,
              "Startup Cost": 110975.9,
              "Total Cost": 110975.91,
              "Plan Rows": 1,
              "Plan Width": 8,
              "Actual Startup Time": 674.029,
              "Actual Total Time": 674.284,
              "Actual Rows": 1,
              "Actual Loops": 4,
              "Plans": [
                {
                  "Node Type": "Hash Join",
                  "Parent Relationship": "Outer",
                  "Parallel Aware": true,
                  "Join Type": "Inner",
                  "Startup Cost": 65264.02,
                  "Total Cost": 110379.86,
                  "Plan Rows": 238415,
                  "Plan Width": 0,
                  "Actual Startup Time": 377.069,
                  "Actual Total Time": 642.104,
                  "Actual Rows": 766388,
                  "Actual Loops": 4,
                  "Inner Unique": false,
                  "Hash Cond": "(mk.movie_id = t.id)",
                  "Plans": [
                    {
                      "Node Type": "Seq Scan",
                      "Parent Relationship": "Outer",
                      "Parallel Aware": true,
                      "Relation Name": "movie_keyword",
                      "Alias": "mk",
                      "Startup Cost": 0.0,
                      "Total Cost": 39047.32,
                      "Plan Rows": 1459332,
                      "Plan Width": 4,
                      "Actual Startup Time": 0.037,
                      "Actual Total Time": 94.248,
                      "Actual Rows": 1130982,
                      "Actual Loops": 4
                    },
                    {
                      "Node Type": "Hash",
                      "Parent Relationship": "Inner",
                      "Parallel Aware": true,
                      "Startup Cost": 63973.23,
                      "Total Cost": 63973.23,
                      "Plan Rows": 103263,
                      "Plan Width": 8,
                      "Actual Startup Time": 373.406,
                      "Actual Total Time": 373.66,
                      "Actual Rows": 108061,
                      "Actual Loops": 4,
                      "Hash Buckets": 524288,
                      "Original Hash Buckets": 524288,
                      "Hash Batches": 1,
                      "Original Hash Batches": 1,
                      "Peak Memory Usage": 21088,
                      "Plans": [
                        {
                          "Node Type": "Hash Join",
                          "Parent Relationship": "Outer",
                          "Parallel Aware": true,
                          "Join Type": "Inner",
                          "Startup Cost": 17490.54,
                          "Total Cost": 63973.23,
                          "Plan Rows": 103263,
                          "Plan Width": 8,
                          "Actual Startup Time": 91.882,
                          "Actual Total Time": 334.852,
                          "Actual Rows": 108061,
                          "Actual Loops": 4,
                          "Inner Unique": false,
                          "Hash Cond": "(t.id = mi_idx.movie_id)",
                          "Plans": [
                            {
                              "Node Type": "Seq Scan",
                              "Parent Relationship": "Outer",
                              "Parallel Aware": true,
                              "Relation Name": "title",
                              "Alias": "t",
                              "Startup Cost": 0.0,
                              "Total Cost": 43898.92,
                              "Plan Rows": 574269,
                              "Plan Width": 4,
                              "Actual Startup Time": 0.011,
                              "Actual Total Time": 102.915,
                              "Actual Rows": 573008,
                              "Actual Loops": 4,
                              "Filter": "(production_year > 1949)",
                              "Rows Removed by Filter": 59070
                            },
                            {
                              "Node Type": "Hash",
                              "Parent Relationship": "Inner",
                              "Parallel Aware": true,
                              "Startup Cost": 15122.68,
                              "Total Cost": 15122.68,
                              "Plan Rows": 189429,
                              "Plan Width": 4,
                              "Actual Startup Time": 90.063,
                              "Actual Total Time": 90.064,
                              "Actual Rows": 114981,
                              "Actual Loops": 4,
                              "Hash Buckets": 524288,
                              "Original Hash Buckets": 524288,
                              "Hash Batches": 1,
                              "Original Hash Batches": 1,
                              "Peak Memory Usage": 22176,
                              "Plans": [
                                {
                                  "Node Type": "Seq Scan",
                                  "Parent Relationship": "Outer",
                                  "Parallel Aware": true,
                                  "Relation Name": "movie_info_idx",
                                  "Alias": "mi_idx",
                                  "Startup Cost": 0.0,
                                  "Total Cost": 15122.68,
                                  "Plan Rows": 189429,
                                  "Plan Width": 4,
                                  "Actual Startup Time": 0.067,
                                  "Actual Total Time": 45.554,
                                  "Actual Rows": 114981,
                                  "Actual Loops": 4,
                                  "Filter": "(info_type_id = 99)",
                                  "Rows Removed by Filter": 230028
                                }
                              ]
                            }
                          ]
                        }
                      ]
                    }
                  ]
                }
              ]
            }
          ]
        }
      ]
    },
    "Planning Time": 1.296,
    "Triggers": [],
    "Execution Time": 706.821
  }
]