{
  "Plan": {
    "Node Type": "Aggregate",
    "Strategy": "Plain",
    "Partial Mode": "Finalize",
    "Parallel Aware": false,
    "Startup Cost": 455213.53,
    "Total Cost": 455213.54,
    "Plan Rows": 1,
    "Plan Width": 64,
    "Actual Startup Time": 1859.803,
    "Actual Total Time": 1920.499,
    "Actual Rows": 1,
    "Actual Loops": 1,
    "Plans": [
      {
        "Node Type": "Gather",
        "Parent Relationship": "Outer",
        "Parallel Aware": false,
        "Startup Cost": 455213.41,
        "Total Cost": 455213.52,
        "Plan Rows": 1,
        "Plan Width": 64,
        "Actual Startup Time": 1850.109,
        "Actual Total Time": 1920.486,
        "Actual Rows": 2,
        "Actual Loops": 1,
        "Workers Planned": 1,
        "Workers Launched": 1,
        "Single Copy": false,
        "Plans": [
          {
            "Node Type": "Aggregate",
            "Strategy": "Plain",
            "Partial Mode": "Partial",
            "Parent Relationship": "Outer",
            "Parallel Aware": false,
            "Startup Cost": 454213.41,
            "Total Cost": 454213.42,
            "Plan Rows": 1,
            "Plan Width": 64,
            "Actual Startup Time": 1844.11,
            "Actual Total Time": 1844.399,
            "Actual Rows": 1,
            "Actual Loops": 2,
            "Plans": [
              {
                "Node Type": "Nested Loop",
                "Parent Relationship": "Outer",
                "Parallel Aware": false,
                "Join Type": "Inner",
                "Startup Cost": 140007.14,
                "Total Cost": 454213.18,
                "Plan Rows": 46,
                "Plan Width": 61,
                "Actual Startup Time": 1367.577,
                "Actual Total Time": 1844.269,
                "Actual Rows": 1140,
                "Actual Loops": 2,
                "Inner Unique": false,
                "Join Filter": "(t.id = mc.movie_id)",
                "Rows Removed by Join Filter": 0,
                "Plans": [
                  {
                    "Node Type": "Hash Join",
                    "Parent Relationship": "Outer",
                    "Parallel Aware": true,
                    "Join Type": "Inner",
                    "Startup Cost": 140006.71,
                    "Total Cost": 454185.96,
                    "Plan Rows": 45,
                    "Plan Width": 77,
                    "Actual Startup Time": 1367.505,
                    "Actual Total Time": 1842.551,
                    "Actual Rows": 512,
                    "Actual Loops": 2,
                    "Inner Unique": false,
                    "Hash Cond": "(mi.movie_id = t.id)",
                    "Plans": [
                      {
                        "Node Type": "Seq Scan",
                        "Parent Relationship": "Outer",
                        "Parallel Aware": true,
                        "Relation Name": "movie_info",
                        "Alias": "mi",
                        "Startup Cost": 0.0,
                        "Total Cost": 314177.79,
                        "Plan Rows": 320,
                        "Plan Width": 48,
                        "Actual Startup Time": 175.052,
                        "Actual Total Time": 650.252,
                        "Actual Rows": 892,
                        "Actual Loops": 2,
                        "Filter": "((info IS NOT NULL) AND (note ~~ '%internet%'::text) AND ((info ~~ 'USA:% 199%'::text) OR (info ~~ 'USA:% 200%'::text)))",
                        "Rows Removed by Filter": 7416968
                      },
                      {
                        "Node Type": "Hash",
                        "Parent Relationship": "Inner",
                        "Parallel Aware": true,
                        "Startup Cost": 137397.06,
                        "Total Cost": 137397.06,
                        "Plan Rows": 208772,
                        "Plan Width": 29,
                        "Actual Startup Time": 1184.849,
                        "Actual Total Time": 1185.137,
                        "Actual Rows": 882247,
                        "Actual Loops": 2,
                        "Hash Buckets": 2097152,
                        "Original Hash Buckets": 524288,
                        "Hash Batches": 1,
                        "Original Hash Batches": 1,
                        "Peak Memory Usage": 141760,
                        "Plans": [
                          {
                            "Node Type": "Hash Join",
                            "Parent Relationship": "Outer",
                            "Parallel Aware": true,
                            "Join Type": "Inner",
                            "Startup Cost": 75124.39,
                            "Total Cost": 137397.06,
                            "Plan Rows": 208772,
                            "Plan Width": 29,
                            "Actual Startup Time": 517.298,
                            "Actual Total Time": 952.325,
                            "Actual Rows": 882247,
                            "Actual Loops": 2,
                            "Inner Unique": false,
                            "Hash Cond": "(mk.movie_id = t.id)",
                            "Plans": [
                              {
                                "Node Type": "Seq Scan",
                                "Parent Relationship": "Outer",
                                "Parallel Aware": true,
                                "Relation Name": "movie_keyword",
                                "Alias": "mk",
                                "Startup Cost": 0.0,
                                "Total Cost": 51065.35,
                                "Plan Rows": 2661135,
                                "Plan Width": 4,
                                "Actual Startup Time": 0.012,
                                "Actual Total Time": 175.123,
                                "Actual Rows": 2261965,
                                "Actual Loops": 2
                              },
                              {
                                "Node Type": "Hash",
                                "Parent Relationship": "Inner",
                                "Parallel Aware": true,
                                "Startup Cost": 73665.94,
                                "Total Cost": 73665.94,
                                "Plan Rows": 116676,
                                "Plan Width": 25,
                                "Actual Startup Time": 515.275,
                                "Actual Total Time": 515.56,
                                "Actual Rows": 42980,
                                "Actual Loops": 2,
                                "Hash Buckets": 262144,
                                "Original Hash Buckets": 262144,
                                "Hash Batches": 1,
                                "Original Hash Batches": 1,
                                "Peak Memory Usage": 7360,
                                "Plans": [
                                  {
                                    "Node Type": "Hash Join",
                                    "Parent Relationship": "Outer",
                                    "Parallel Aware": true,
                                    "Join Type": "Inner",
                                    "Startup Cost": 64789.48,
                                    "Total Cost": 73665.94,
                                    "Plan Rows": 116676,
                                    "Plan Width": 25,
                                    "Actual Startup Time": 417.511,
                                    "Actual Total Time": 501.267,
                                    "Actual Rows": 42980,
                                    "Actual Loops": 2,
                                    "Inner Unique": true,
                                    "Hash Cond": "(ak.movie_id = t.id)",
                                    "Plans": [
                                      {
                                        "Node Type": "Seq Scan",
                                        "Parent Relationship": "Outer",
                                        "Parallel Aware": true,
                                        "Relation Name": "aka_title",
                                        "Alias": "ak",
                                        "Startup Cost": 0.0,
                                        "Total Cost": 8318.31,
                                        "Plan Rows": 212631,
                                        "Plan Width": 4,
                                        "Actual Startup Time": 0.016,
                                        "Actual Total Time": 26.065,
                                        "Actual Rows": 180736,
                                        "Actual Loops": 2
                                      },
                                      {
                                        "Node Type": "Hash",
                                        "Parent Relationship": "Inner",
                                        "Parallel Aware": true,
                                        "Startup Cost": 54588.39,
                                        "Total Cost": 54588.39,
                                        "Plan Rows": 816087,
                                        "Plan Width": 21,
                                        "Actual Startup Time": 407.243,
                                        "Actual Total Time": 407.244,
                                        "Actual Rows": 690726,
                                        "Actual Loops": 2,
                                        "Hash Buckets": 2097152,
                                        "Original Hash Buckets": 2097152,
                                        "Hash Batches": 1,
                                        "Original Hash Batches": 1,
                                        "Peak Memory Usage": 93824,
                                        "Plans": [
                                          {
                                            "Node Type": "Seq Scan",
                                            "Parent Relationship": "Outer",
                                            "Parallel Aware": true,
                                            "Relation Name": "title",
                                            "Alias": "t",
                                            "Startup Cost": 0.0,
                                            "Total Cost": 54588.39,
                                            "Plan Rows": 816087,
                                            "Plan Width": 21,
                                            "Actual Startup Time": 0.055,
                                            "Actual Total Time": 175.535,
                                            "Actual Rows": 690726,
                                            "Actual Loops": 2,
                                            "Filter": "(production_year > 2000)",
                                            "Rows Removed by Filter": 573430
                                          }
                                        ]
                                      }
                                    ]
                                  }
                                ]
                              }
                            ]
                          }
                        ]
                      }
                    ]
                  },
                  {
                    "Node Type": "Index Only Scan",
                    "Parent Relationship": "Inner",
                    "Parallel Aware": false,
                    "Scan Direction": "Forward",
                    "Index Name": "movie_id_movie_companies",
                    "Relation Name": "movie_companies",
                    "Alias": "mc",
                    "Startup Cost": 0.43,
                    "Total Cost": 0.54,
                    "Plan Rows": 5,
                    "Plan Width": 4,
                    "Actual Startup Time": 0.002,
                    "Actual Total Time": 0.003,
                    "Actual Rows": 2,
                    "Actual Loops": 1024,
                    "Index Cond": "(movie_id = mk.movie_id)",
                    "Rows Removed by Index Recheck": 0,
                    "Heap Fetches": 2279
                  }
                ]
              }
            ]
          }
        ]
      }
    ]
  },
  "Planning Time": 2.145,
  "Triggers": [],
  "Execution Time": 1920.637
}