[
  {
    "Plan": {
      "Node Type": "Aggregate",
      "Strategy": "Plain",
      "Partial Mode": "Finalize",
      "Parallel Aware": false,
      "Startup Cost": 69774.34,
      "Total Cost": 69774.35,
      "Plan Rows": 1,
      "Plan Width": 8,
      "Actual Startup Time": 156.511,
      "Actual Total Time": 170.855,
      "Actual Rows": 1,
      "Actual Loops": 1,
      "Plans": [
        {
          "Node Type": "Gather",
          "Parent Relationship": "Outer",
          "Parallel Aware": false,
          "Startup Cost": 69774.02,
          "Total Cost": 69774.33,
          "Plan Rows": 3,
          "Plan Width": 8,
          "Actual Startup Time": 155.531,
          "Actual Total Time": 170.846,
          "Actual Rows": 4,
          "Actual Loops": 1,
          "Workers Planned": 3,
          "Workers Launched": 3,
          "Single Copy": false,
          "Plans": [
            {
              "Node Type": "Aggregate",
              "Strategy": "Plain",
              "Partial Mode": "Partial",
              "Parent Relationship": "Outer",
              "Parallel Aware": false,
              "Startup Cost": 68774.02,
              "Total Cost": 68774.03,
              "Plan Rows": 1,
              "Plan Width": 8,
              "Actual Startup Time": 149.453,
              "Actual Total Time": 149.458,
              "Actual Rows": 1,
              "Actual Loops": 4,
              "Plans": [
                {
                  "Node Type": "Hash Join",
                  "Parent Relationship": "Outer",
                  "Parallel Aware": true,
                  "Join Type": "Inner",
                  "Startup Cost": 48854.68,
                  "Total Cost": 68770.41,
                  "Plan Rows": 1443,
                  "Plan Width": 0,
                  "Actual Startup Time": 112.844,
                  "Actual Total Time": 149.341,
                  "Actual Rows": 1525,
                  "Actual Loops": 4,
                  "Inner Unique": true,
                  "Hash Cond": "(mc.movie_id = t.id)",
                  "Plans": [
                    {
                      "Node Type": "Bitmap Heap Scan",
                      "Parent Relationship": "Outer",
                      "Parallel Aware": true,
                      "Relation Name": "movie_companies",
                      "Alias": "mc",
                      "Startup Cost": 4617.97,
                      "Total Cost": 24444.97,
                      "Plan Rows": 33802,
                      "Plan Width": 4,
                      "Actual Startup Time": 10.946,
                      "Actual Total Time": 38.816,
                      "Actual Rows": 41119,
                      "Actual Loops": 4,
                      "Recheck Cond": "(company_id < 69)",
                      "Rows Removed by Index Recheck": 0,
                      "Filter": "(company_type_id < 2)",
                      "Rows Removed by Filter": 11398,
                      "Exact Heap Blocks": 7222,
                      "Lossy Heap Blocks": 0,
                      "Plans": [
                        {
                          "Node Type": "Bitmap Index Scan",
                          "Parent Relationship": "Outer",
                          "Parallel Aware": false,
                          "Index Name": "company_id_movie_companies",
                          "Startup Cost": 0.0,
                          "Total Cost": 4591.78,
                          "Plan Rows": 214313,
                          "Plan Width": 0,
                          "Actual Startup Time": 8.708,
                          "Actual Total Time": 8.708,
                          "Actual Rows": 210066,
                          "Actual Loops": 1,
                          "Index Cond": "(company_id < 69)"
                        }
                      ]
                    },
                    {
                      "Node Type": "Hash",
                      "Parent Relationship": "Inner",
                      "Parallel Aware": true,
                      "Startup Cost": 43899.32,
                      "Total Cost": 43899.32,
                      "Plan Rows": 26991,
                      "Plan Width": 4,
                      "Actual Startup Time": 100.271,
                      "Actual Total Time": 100.272,
                      "Actual Rows": 27107,
                      "Actual Loops": 4,
                      "Hash Buckets": 131072,
                      "Original Hash Buckets": 131072,
                      "Hash Batches": 1,
                      "Original Hash Batches": 1,
                      "Peak Memory Usage": 5344,
                      "Plans": [
                        {
                          "Node Type": "Seq Scan",
                          "Parent Relationship": "Outer",
                          "Parallel Aware": true,
                          "Relation Name": "title",
                          "Alias": "t",
                          "Startup Cost": 0.0,
                          "Total Cost": 43899.32,
                          "Plan Rows": 26991,
                          "Plan Width": 4,
                          "Actual Startup Time": 0.037,
                          "Actual Total Time": 89.574,
                          "Actual Rows": 27107,
                          "Actual Loops": 4,
                          "Filter": "(production_year = 2006)",
                          "Rows Removed by Filter": 604971
                        }
                      ]
                    }
                  ]
                }
              ]
            }
          ]
        }
      ]
    },
    "Planning Time": 0.728,
    "Triggers": [],
    "Execution Time": 170.944
  }
]