{
  "Plan": {
    "Node Type": "Aggregate",
    "Strategy": "Plain",
    "Partial Mode": "Finalize",
    "Parallel Aware": false,
    "Startup Cost": 95096.51,
    "Total Cost": 95096.52,
    "Plan Rows": 1,
    "Plan Width": 8,
    "Actual Startup Time": 422.023,
    "Actual Total Time": 441.979,
    "Actual Rows": 1,
    "Actual Loops": 1,
    "Plans": [
      {
        "Node Type": "Gather",
        "Parent Relationship": "Outer",
        "Parallel Aware": false,
        "Startup Cost": 95096.4,
        "Total Cost": 95096.51,
        "Plan Rows": 1,
        "Plan Width": 8,
        "Actual Startup Time": 419.729,
        "Actual Total Time": 441.97,
        "Actual Rows": 2,
        "Actual Loops": 1,
        "Workers Planned": 1,
        "Workers Launched": 1,
        "Single Copy": false,
        "Plans": [
          {
            "Node Type": "Aggregate",
            "Strategy": "Plain",
            "Partial Mode": "Partial",
            "Parent Relationship": "Outer",
            "Parallel Aware": false,
            "Startup Cost": 94096.4,
            "Total Cost": 94096.41,
            "Plan Rows": 1,
            "Plan Width": 8,
            "Actual Startup Time": 414.185,
            "Actual Total Time": 414.189,
            "Actual Rows": 1,
            "Actual Loops": 2,
            "Plans": [
              {
                "Node Type": "Hash Join",
                "Parent Relationship": "Outer",
                "Parallel Aware": true,
                "Join Type": "Inner",
                "Startup Cost": 66449.35,
                "Total Cost": 93972.43,
                "Plan Rows": 49588,
                "Plan Width": 0,
                "Actual Startup Time": 296.769,
                "Actual Total Time": 410.475,
                "Actual Rows": 67860,
                "Actual Loops": 2,
                "Inner Unique": true,
                "Hash Cond": "(mk.movie_id = t.id)",
                "Plans": [
                  {
                    "Node Type": "Bitmap Heap Scan",
                    "Parent Relationship": "Outer",
                    "Parallel Aware": true,
                    "Relation Name": "movie_keyword",
                    "Alias": "mk",
                    "Startup Cost": 7317.83,
                    "Total Cost": 34308.25,
                    "Plan Rows": 202914,
                    "Plan Width": 4,
                    "Actual Startup Time": 23.587,
                    "Actual Total Time": 89.805,
                    "Actual Rows": 181846,
                    "Actual Loops": 2,
                    "Recheck Cond": "(keyword_id < 335)",
                    "Rows Removed by Index Recheck": 0,
                    "Exact Heap Blocks": 16366,
                    "Lossy Heap Blocks": 0,
                    "Plans": [
                      {
                        "Node Type": "Bitmap Index Scan",
                        "Parent Relationship": "Outer",
                        "Parallel Aware": false,
                        "Index Name": "keyword_id_movie_keyword",
                        "Startup Cost": 0.0,
                        "Total Cost": 7231.59,
                        "Plan Rows": 344954,
                        "Plan Width": 0,
                        "Actual Startup Time": 20.007,
                        "Actual Total Time": 20.008,
                        "Actual Rows": 363692,
                        "Actual Loops": 1,
                        "Index Cond": "(keyword_id < 335)"
                      }
                    ]
                  },
                  {
                    "Node Type": "Hash",
                    "Parent Relationship": "Inner",
                    "Parallel Aware": true,
                    "Startup Cost": 54588.39,
                    "Total Cost": 54588.39,
                    "Plan Rows": 363451,
                    "Plan Width": 4,
                    "Actual Startup Time": 265.585,
                    "Actual Total Time": 265.586,
                    "Actual Rows": 311426,
                    "Actual Loops": 2,
                    "Hash Buckets": 1048576,
                    "Original Hash Buckets": 1048576,
                    "Hash Batches": 1,
                    "Original Hash Batches": 1,
                    "Peak Memory Usage": 32608,
                    "Plans": [
                      {
                        "Node Type": "Seq Scan",
                        "Parent Relationship": "Outer",
                        "Parallel Aware": true,
                        "Relation Name": "title",
                        "Alias": "t",
                        "Startup Cost": 0.0,
                        "Total Cost": 54588.39,
                        "Plan Rows": 363451,
                        "Plan Width": 4,
                        "Actual Startup Time": 0.041,
                        "Actual Total Time": 171.364,
                        "Actual Rows": 311426,
                        "Actual Loops": 2,
                        "Filter": "(production_year < 1987)",
                        "Rows Removed by Filter": 952730
                      }
                    ]
                  }
                ]
              }
            ]
          }
        ]
      }
    ]
  },
  "Planning Time": 0.279,
  "Triggers": [],
  "Execution Time": 442.042
}