[
  {
    "Plan": {
      "Node Type": "Aggregate",
      "Strategy": "Plain",
      "Partial Mode": "Finalize",
      "Parallel Aware": false,
      "Startup Cost": 30829.02,
      "Total Cost": 30829.03,
      "Plan Rows": 1,
      "Plan Width": 8,
      "Actual Startup Time": 89.553,
      "Actual Total Time": 98.207,
      "Actual Rows": 1,
      "Actual Loops": 1,
      "Plans": [
        {
          "Node Type": "Gather",
          "Parent Relationship": "Outer",
          "Parallel Aware": false,
          "Startup Cost": 30828.71,
          "Total Cost": 30829.02,
          "Plan Rows": 3,
          "Plan Width": 8,
          "Actual Startup Time": 89.441,
          "Actual Total Time": 98.199,
          "Actual Rows": 4,
          "Actual Loops": 1,
          "Workers Planned": 3,
          "Workers Launched": 3,
          "Single Copy": false,
          "Plans": [
            {
              "Node Type": "Aggregate",
              "Strategy": "Plain",
              "Partial Mode": "Partial",
              "Parent Relationship": "Outer",
              "Parallel Aware": false,
              "Startup Cost": 29828.71,
              "Total Cost": 29828.72,
              "Plan Rows": 1,
              "Plan Width": 8,
              "Actual Startup Time": 84.283,
              "Actual Total Time": 84.284,
              "Actual Rows": 1,
              "Actual Loops": 4,
              "Plans": [
                {
                  "Node Type": "Seq Scan",
                  "Parent Relationship": "Outer",
                  "Parallel Aware": true,
                  "Relation Name": "movie_companies",
                  "Alias": "mc",
                  "Startup Cost": 0.0,
                  "Total Cost": 29310.68,
                  "Plan Rows": 207210,
                  "Plan Width": 0,
                  "Actual Startup Time": 36.394,
                  "Actual Total Time": 76.933,
                  "Actual Rows": 159248,
                  "Actual Loops": 4,
                  "Filter": "(company_id > 57869)",
                  "Rows Removed by Filter": 493034
                }
              ]
            }
          ]
        }
      ]
    },
    "Planning Time": 0.148,
    "Triggers": [],
    "Execution Time": 98.255
  }
]