{
  "Plan": {
    "Node Type": "Aggregate",
    "Strategy": "Plain",
    "Partial Mode": "Finalize",
    "Parallel Aware": false,
    "Startup Cost": 418835.44,
    "Total Cost": 418835.45,
    "Plan Rows": 1,
    "Plan Width": 8,
    "Actual Startup Time": 2768.217,
    "Actual Total Time": 2809.67,
    "Actual Rows": 1,
    "Actual Loops": 1,
    "Plans": [
      {
        "Node Type": "Gather",
        "Parent Relationship": "Outer",
        "Parallel Aware": false,
        "Startup Cost": 418835.33,
        "Total Cost": 418835.44,
        "Plan Rows": 1,
        "Plan Width": 8,
        "Actual Startup Time": 2764.591,
        "Actual Total Time": 2809.663,
        "Actual Rows": 2,
        "Actual Loops": 1,
        "Workers Planned": 1,
        "Workers Launched": 1,
        "Single Copy": false,
        "Plans": [
          {
            "Node Type": "Aggregate",
            "Strategy": "Plain",
            "Partial Mode": "Partial",
            "Parent Relationship": "Outer",
            "Parallel Aware": false,
            "Startup Cost": 417835.33,
            "Total Cost": 417835.34,
            "Plan Rows": 1,
            "Plan Width": 8,
            "Actual Startup Time": 2758.362,
            "Actual Total Time": 2758.367,
            "Actual Rows": 1,
            "Actual Loops": 2,
            "Plans": [
              {
                "Node Type": "Hash Join",
                "Parent Relationship": "Outer",
                "Parallel Aware": true,
                "Join Type": "Inner",
                "Startup Cost": 113127.32,
                "Total Cost": 410933.56,
                "Plan Rows": 2760709,
                "Plan Width": 0,
                "Actual Startup Time": 753.025,
                "Actual Total Time": 2637.73,
                "Actual Rows": 2946588,
                "Actual Loops": 2,
                "Inner Unique": false,
                "Hash Cond": "(mi.movie_id = t.id)",
                "Plans": [
                  {
                    "Node Type": "Seq Scan",
                    "Parent Relationship": "Outer",
                    "Parallel Aware": true,
                    "Relation Name": "movie_info",
                    "Alias": "mi",
                    "Startup Cost": 0.0,
                    "Total Cost": 248955.74,
                    "Plan Rows": 8696274,
                    "Plan Width": 4,
                    "Actual Startup Time": 0.015,
                    "Actual Total Time": 606.081,
                    "Actual Rows": 7417860,
                    "Actual Loops": 2
                  },
                  {
                    "Node Type": "Hash",
                    "Parent Relationship": "Inner",
                    "Parallel Aware": true,
                    "Startup Cost": 107225.63,
                    "Total Cost": 107225.63,
                    "Plan Rows": 472135,
                    "Plan Width": 8,
                    "Actual Startup Time": 742.548,
                    "Actual Total Time": 742.552,
                    "Actual Rows": 268102,
                    "Actual Loops": 2,
                    "Hash Buckets": 1048576,
                    "Original Hash Buckets": 1048576,
                    "Hash Batches": 1,
                    "Original Hash Batches": 1,
                    "Peak Memory Usage": 29216,
                    "Plans": [
                      {
                        "Node Type": "Hash Join",
                        "Parent Relationship": "Outer",
                        "Parallel Aware": true,
                        "Join Type": "Inner",
                        "Startup Cost": 66406.37,
                        "Total Cost": 107225.63,
                        "Plan Rows": 472135,
                        "Plan Width": 8,
                        "Actual Startup Time": 336.657,
                        "Actual Total Time": 672.422,
                        "Actual Rows": 268102,
                        "Actual Loops": 2,
                        "Inner Unique": true,
                        "Hash Cond": "(mc.movie_id = t.id)",
                        "Plans": [
                          {
                            "Node Type": "Seq Scan",
                            "Parent Relationship": "Outer",
                            "Parallel Aware": true,
                            "Relation Name": "movie_companies",
                            "Alias": "mc",
                            "Startup Cost": 0.0,
                            "Total Cost": 37974.77,
                            "Plan Rows": 1083615,
                            "Plan Width": 4,
                            "Actual Startup Time": 0.013,
                            "Actual Total Time": 120.279,
                            "Actual Rows": 913786,
                            "Actual Loops": 2,
                            "Filter": "(company_id < 32517)",
                            "Rows Removed by Filter": 390778
                          },
                          {
                            "Node Type": "Hash",
                            "Parent Relationship": "Inner",
                            "Parallel Aware": true,
                            "Startup Cost": 58306.47,
                            "Total Cost": 58306.47,
                            "Plan Rows": 647992,
                            "Plan Width": 4,
                            "Actual Startup Time": 327.036,
                            "Actual Total Time": 327.037,
                            "Actual Rows": 597668,
                            "Actual Loops": 2,
                            "Hash Buckets": 2097152,
                            "Original Hash Buckets": 2097152,
                            "Hash Batches": 1,
                            "Original Hash Batches": 1,
                            "Peak Memory Usage": 63200,
                            "Plans": [
                              {
                                "Node Type": "Seq Scan",
                                "Parent Relationship": "Outer",
                                "Parallel Aware": true,
                                "Relation Name": "title",
                                "Alias": "t",
                                "Startup Cost": 0.0,
                                "Total Cost": 58306.47,
                                "Plan Rows": 647992,
                                "Plan Width": 4,
                                "Actual Startup Time": 0.034,
                                "Actual Total Time": 161.768,
                                "Actual Rows": 597668,
                                "Actual Loops": 2,
                                "Filter": "((kind_id > 1) AND (production_year > 1998))",
                                "Rows Removed by Filter": 666488
                              }
                            ]
                          }
                        ]
                      }
                    ]
                  }
                ]
              }
            ]
          }
        ]
      }
    ]
  },
  "Planning Time": 1.014,
  "Triggers": [],
  "Execution Time": 2809.762
}