[
  {
    "Plan": {
      "Node Type": "Aggregate",
      "Strategy": "Plain",
      "Partial Mode": "Finalize",
      "Parallel Aware": false,
      "Startup Cost": 46387.51,
      "Total Cost": 46387.52,
      "Plan Rows": 1,
      "Plan Width": 8,
      "Actual Startup Time": 128.362,
      "Actual Total Time": 141.159,
      "Actual Rows": 1,
      "Actual Loops": 1,
      "Plans": [
        {
          "Node Type": "Gather",
          "Parent Relationship": "Outer",
          "Parallel Aware": false,
          "Startup Cost": 46387.09,
          "Total Cost": 46387.5,
          "Plan Rows": 4,
          "Plan Width": 8,
          "Actual Startup Time": 128.178,
          "Actual Total Time": 141.148,
          "Actual Rows": 5,
          "Actual Loops": 1,
          "Workers Planned": 4,
          "Workers Launched": 4,
          "Single Copy": false,
          "Plans": [
            {
              "Node Type": "Aggregate",
              "Strategy": "Plain",
              "Partial Mode": "Partial",
              "Parent Relationship": "Outer",
              "Parallel Aware": false,
              "Startup Cost": 45387.09,
              "Total Cost": 45387.1,
              "Plan Rows": 1,
              "Plan Width": 8,
              "Actual Startup Time": 122.264,
              "Actual Total Time": 122.265,
              "Actual Rows": 1,
              "Actual Loops": 5,
              "Plans": [
                {
                  "Node Type": "Seq Scan",
                  "Parent Relationship": "Outer",
                  "Parallel Aware": true,
                  "Relation Name": "title",
                  "Alias": "t",
                  "Startup Cost": 0.0,
                  "Total Cost": 43899.32,
                  "Plan Rows": 595106,
                  "Plan Width": 0,
                  "Actual Startup Time": 0.033,
                  "Actual Total Time": 97.742,
                  "Actual Rows": 475670,
                  "Actual Loops": 5,
                  "Filter": "(production_year > 1917)",
                  "Rows Removed by Filter": 29992
                }
              ]
            }
          ]
        }
      ]
    },
    "Planning Time": 0.055,
    "Triggers": [],
    "Execution Time": 141.19
  }
]