[
  {
    "Plan": {
      "Node Type": "Aggregate",
      "Strategy": "Plain",
      "Partial Mode": "Finalize",
      "Parallel Aware": false,
      "Startup Cost": 33245.59,
      "Total Cost": 33245.6,
      "Plan Rows": 1,
      "Plan Width": 8,
      "Actual Startup Time": 107.966,
      "Actual Total Time": 113.681,
      "Actual Rows": 1,
      "Actual Loops": 1,
      "Plans": [
        {
          "Node Type": "Gather",
          "Parent Relationship": "Outer",
          "Parallel Aware": false,
          "Startup Cost": 33245.27,
          "Total Cost": 33245.58,
          "Plan Rows": 3,
          "Plan Width": 8,
          "Actual Startup Time": 107.87,
          "Actual Total Time": 113.674,
          "Actual Rows": 4,
          "Actual Loops": 1,
          "Workers Planned": 3,
          "Workers Launched": 3,
          "Single Copy": false,
          "Plans": [
            {
              "Node Type": "Aggregate",
              "Strategy": "Plain",
              "Partial Mode": "Partial",
              "Parent Relationship": "Outer",
              "Parallel Aware": false,
              "Startup Cost": 32245.27,
              "Total Cost": 32245.28,
              "Plan Rows": 1,
              "Plan Width": 8,
              "Actual Startup Time": 102.565,
              "Actual Total Time": 102.566,
              "Actual Rows": 1,
              "Actual Loops": 4,
              "Plans": [
                {
                  "Node Type": "Seq Scan",
                  "Parent Relationship": "Outer",
                  "Parallel Aware": true,
                  "Relation Name": "movie_companies",
                  "Alias": "mc",
                  "Startup Cost": 0.0,
                  "Total Cost": 31414.82,
                  "Plan Rows": 332180,
                  "Plan Width": 0,
                  "Actual Startup Time": 46.123,
                  "Actual Total Time": 88.283,
                  "Actual Rows": 294274,
                  "Actual Loops": 4,
                  "Filter": "((company_id > 624) AND (company_type_id = 2))",
                  "Rows Removed by Filter": 358009
                }
              ]
            }
          ]
        }
      ]
    },
    "Planning Time": 0.189,
    "Triggers": [],
    "Execution Time": 113.731
  }
]