{
  "Plan": {
    "Node Type": "Aggregate",
    "Strategy": "Plain",
    "Partial Mode": "Simple",
    "Parallel Aware": false,
    "Startup Cost": 44573.93,
    "Total Cost": 44573.94,
    "Plan Rows": 1,
    "Plan Width": 64,
    "Actual Startup Time": 163.698,
    "Actual Total Time": 164.521,
    "Actual Rows": 1,
    "Actual Loops": 1,
    "Plans": [
      {
        "Node Type": "Gather",
        "Parent Relationship": "Outer",
        "Parallel Aware": false,
        "Startup Cost": 5426.47,
        "Total Cost": 44573.93,
        "Plan Rows": 1,
        "Plan Width": 22,
        "Actual Startup Time": 79.601,
        "Actual Total Time": 164.488,
        "Actual Rows": 46,
        "Actual Loops": 1,
        "Workers Planned": 1,
        "Workers Launched": 0,
        "Single Copy": false,
        "Plans": [
          {
            "Node Type": "Hash Join",
            "Parent Relationship": "Outer",
            "Parallel Aware": false,
            "Join Type": "Inner",
            "Startup Cost": 4426.47,
            "Total Cost": 43573.83,
            "Plan Rows": 1,
            "Plan Width": 22,
            "Actual Startup Time": 78.541,
            "Actual Total Time": 162.599,
            "Actual Rows": 46,
            "Actual Loops": 1,
            "Inner Unique": true,
            "Hash Cond": "(mi.info_type_id = it1.id)",
            "Plans": [
              {
                "Node Type": "Nested Loop",
                "Parent Relationship": "Outer",
                "Parallel Aware": false,
                "Join Type": "Inner",
                "Startup Cost": 4424.05,
                "Total Cost": 43571.4,
                "Plan Rows": 1,
                "Plan Width": 26,
                "Actual Startup Time": 78.468,
                "Actual Total Time": 162.493,
                "Actual Rows": 50,
                "Actual Loops": 1,
                "Inner Unique": false,
                "Join Filter": "(t.id = mi.movie_id)",
                "Rows Removed by Join Filter": 0,
                "Plans": [
                  {
                    "Node Type": "Nested Loop",
                    "Parent Relationship": "Outer",
                    "Parallel Aware": false,
                    "Join Type": "Inner",
                    "Startup Cost": 4423.61,
                    "Total Cost": 43569.49,
                    "Plan Rows": 1,
                    "Plan Width": 34,
                    "Actual Startup Time": 78.375,
                    "Actual Total Time": 160.38,
                    "Actual Rows": 58,
                    "Actual Loops": 1,
                    "Inner Unique": true,
                    "Plans": [
                      {
                        "Node Type": "Nested Loop",
                        "Parent Relationship": "Outer",
                        "Parallel Aware": false,
                        "Join Type": "Inner",
                        "Startup Cost": 4423.19,
                        "Total Cost": 43569.03,
                        "Plan Rows": 1,
                        "Plan Width": 38,
                        "Actual Startup Time": 78.103,
                        "Actual Total Time": 154.676,
                        "Actual Rows": 2186,
                        "Actual Loops": 1,
                        "Inner Unique": false,
                        "Join Filter": "(t.id = mk.movie_id)",
                        "Rows Removed by Join Filter": 0,
                        "Plans": [
                          {
                            "Node Type": "Nested Loop",
                            "Parent Relationship": "Outer",
                            "Parallel Aware": false,
                            "Join Type": "Inner",
                            "Startup Cost": 4422.76,
                            "Total Cost": 43566.71,
                            "Plan Rows": 1,
                            "Plan Width": 30,
                            "Actual Startup Time": 78.082,
                            "Actual Total Time": 153.372,
                            "Actual Rows": 81,
                            "Actual Loops": 1,
                            "Inner Unique": true,
                            "Plans": [
                              {
                                "Node Type": "Nested Loop",
                                "Parent Relationship": "Outer",
                                "Parallel Aware": false,
                                "Join Type": "Inner",
                                "Startup Cost": 4422.63,
                                "Total Cost": 43566.18,
                                "Plan Rows": 1,
                                "Plan Width": 34,
                                "Actual Startup Time": 41.783,
                                "Actual Total Time": 153.224,
                                "Actual Rows": 106,
                                "Actual Loops": 1,
                                "Inner Unique": true,
                                "Plans": [
                                  {
                                    "Node Type": "Nested Loop",
                                    "Parent Relationship": "Outer",
                                    "Parallel Aware": false,
                                    "Join Type": "Inner",
                                    "Startup Cost": 4422.48,
                                    "Total Cost": 43565.18,
                                    "Plan Rows": 6,
                                    "Plan Width": 38,
                                    "Actual Startup Time": 41.77,
                                    "Actual Total Time": 153.008,
                                    "Actual Rows": 150,
                                    "Actual Loops": 1,
                                    "Inner Unique": false,
                                    "Plans": [
                                      {
                                        "Node Type": "Bitmap Heap Scan",
                                        "Parent Relationship": "Outer",
                                        "Parallel Aware": true,
                                        "Relation Name": "title",
                                        "Alias": "t",
                                        "Startup Cost": 4422.06,
                                        "Total Cost": 43233.56,
                                        "Plan Rows": 39,
                                        "Plan Width": 25,
                                        "Actual Startup Time": 41.039,
                                        "Actual Total Time": 150.863,
                                        "Actual Rows": 583,
                                        "Actual Loops": 1,
                                        "Recheck Cond": "(production_year < 1960)",
                                        "Rows Removed by Index Recheck": 0,
                                        "Filter": "((title ~~ '%murder%'::text) OR (title ~~ '%Murder%'::text) OR (title ~~ '%Mord%'::text))",
                                        "Rows Removed by Filter": 240817,
                                        "Exact Heap Blocks": 31900,
                                        "Lossy Heap Blocks": 0,
                                        "Plans": [
                                          {
                                            "Node Type": "Bitmap Index Scan",
                                            "Parent Relationship": "Outer",
                                            "Parallel Aware": false,
                                            "Index Name": "idx_title_production_year",
                                            "Startup Cost": 0.0,
                                            "Total Cost": 4422.04,
                                            "Plan Rows": 239148,
                                            "Plan Width": 0,
                                            "Actual Startup Time": 35.159,
                                            "Actual Total Time": 35.159,
                                            "Actual Rows": 241400,
                                            "Actual Loops": 1,
                                            "Index Cond": "(production_year < 1960)"
                                          }
                                        ]
                                      },
                                      {
                                        "Node Type": "Index Scan",
                                        "Parent Relationship": "Inner",
                                        "Parallel Aware": false,
                                        "Scan Direction": "Forward",
                                        "Index Name": "movie_id_movie_info_idx",
                                        "Relation Name": "movie_info_idx",
                                        "Alias": "mi_idx",
                                        "Startup Cost": 0.43,
                                        "Total Cost": 8.49,
                                        "Plan Rows": 1,
                                        "Plan Width": 13,
                                        "Actual Startup Time": 0.003,
                                        "Actual Total Time": 0.003,
                                        "Actual Rows": 0,
                                        "Actual Loops": 583,
                                        "Index Cond": "(movie_id = t.id)",
                                        "Rows Removed by Index Recheck": 0,
                                        "Filter": "(info > '6.0'::text)",
                                        "Rows Removed by Filter": 1
                                      }
                                    ]
                                  },
                                  {
                                    "Node Type": "Index Scan",
                                    "Parent Relationship": "Inner",
                                    "Parallel Aware": false,
                                    "Scan Direction": "Forward",
                                    "Index Name": "info_type_pkey",
                                    "Relation Name": "info_type",
                                    "Alias": "it2",
                                    "Startup Cost": 0.14,
                                    "Total Cost": 0.16,
                                    "Plan Rows": 1,
                                    "Plan Width": 4,
                                    "Actual Startup Time": 0.001,
                                    "Actual Total Time": 0.001,
                                    "Actual Rows": 1,
                                    "Actual Loops": 150,
                                    "Index Cond": "(id = mi_idx.info_type_id)",
                                    "Rows Removed by Index Recheck": 0,
                                    "Filter": "((info)::text = 'rating'::text)",
                                    "Rows Removed by Filter": 0
                                  }
                                ]
                              },
                              {
                                "Node Type": "Index Scan",
                                "Parent Relationship": "Inner",
                                "Parallel Aware": false,
                                "Scan Direction": "Forward",
                                "Index Name": "kind_type_pkey",
                                "Relation Name": "kind_type",
                                "Alias": "kt",
                                "Startup Cost": 0.13,
                                "Total Cost": 0.33,
                                "Plan Rows": 1,
                                "Plan Width": 4,
                                "Actual Startup Time": 0.001,
                                "Actual Total Time": 0.001,
                                "Actual Rows": 1,
                                "Actual Loops": 106,
                                "Index Cond": "(id = t.kind_id)",
                                "Rows Removed by Index Recheck": 0,
                                "Filter": "((kind)::text = 'movie'::text)",
                                "Rows Removed by Filter": 0
                              }
                            ]
                          },
                          {
                            "Node Type": "Index Scan",
                            "Parent Relationship": "Inner",
                            "Parallel Aware": false,
                            "Scan Direction": "Forward",
                            "Index Name": "movie_id_movie_keyword",
                            "Relation Name": "movie_keyword",
                            "Alias": "mk",
                            "Startup Cost": 0.43,
                            "Total Cost": 1.74,
                            "Plan Rows": 47,
                            "Plan Width": 8,
                            "Actual Startup Time": 0.008,
                            "Actual Total Time": 0.012,
                            "Actual Rows": 27,
                            "Actual Loops": 81,
                            "Index Cond": "(movie_id = mi_idx.movie_id)",
                            "Rows Removed by Index Recheck": 0
                          }
                        ]
                      },
                      {
                        "Node Type": "Index Scan",
                        "Parent Relationship": "Inner",
                        "Parallel Aware": false,
                        "Scan Direction": "Forward",
                        "Index Name": "keyword_pkey",
                        "Relation Name": "keyword",
                        "Alias": "k",
                        "Startup Cost": 0.42,
                        "Total Cost": 0.44,
                        "Plan Rows": 1,
                        "Plan Width": 4,
                        "Actual Startup Time": 0.002,
                        "Actual Total Time": 0.002,
                        "Actual Rows": 0,
                        "Actual Loops": 2186,
                        "Index Cond": "(id = mk.keyword_id)",
                        "Rows Removed by Index Recheck": 0,
                        "Filter": "(keyword = ANY ('{murder,murder-in-title}'::text[]))",
                        "Rows Removed by Filter": 1
                      }
                    ]
                  },
                  {
                    "Node Type": "Index Scan",
                    "Parent Relationship": "Inner",
                    "Parallel Aware": false,
                    "Scan Direction": "Forward",
                    "Index Name": "movie_id_movie_info",
                    "Relation Name": "movie_info",
                    "Alias": "mi",
                    "Startup Cost": 0.43,
                    "Total Cost": 1.89,
                    "Plan Rows": 2,
                    "Plan Width": 8,
                    "Actual Startup Time": 0.033,
                    "Actual Total Time": 0.036,
                    "Actual Rows": 1,
                    "Actual Loops": 58,
                    "Index Cond": "(movie_id = mk.movie_id)",
                    "Rows Removed by Index Recheck": 0,
                    "Filter": "(info = ANY ('{Sweden,Norway,Germany,Denmark,Swedish,Denish,Norwegian,German,USA,American}'::text[]))",
                    "Rows Removed by Filter": 31
                  }
                ]
              },
              {
                "Node Type": "Hash",
                "Parent Relationship": "Inner",
                "Parallel Aware": false,
                "Startup Cost": 2.41,
                "Total Cost": 2.41,
                "Plan Rows": 1,
                "Plan Width": 4,
                "Actual Startup Time": 0.058,
                "Actual Total Time": 0.059,
                "Actual Rows": 1,
                "Actual Loops": 1,
                "Hash Buckets": 1024,
                "Original Hash Buckets": 1024,
                "Hash Batches": 1,
                "Original Hash Batches": 1,
                "Peak Memory Usage": 9,
                "Plans": [
                  {
                    "Node Type": "Seq Scan",
                    "Parent Relationship": "Outer",
                    "Parallel Aware": false,
                    "Relation Name": "info_type",
                    "Alias": "it1",
                    "Startup Cost": 0.0,
                    "Total Cost": 2.41,
                    "Plan Rows": 1,
                    "Plan Width": 4,
                    "Actual Startup Time": 0.031,
                    "Actual Total Time": 0.052,
                    "Actual Rows": 1,
                    "Actual Loops": 1,
                    "Filter": "((info)::text = 'countries'::text)",
                    "Rows Removed by Filter": 112
                  }
                ]
              }
            ]
          }
        ]
      }
    ]
  },
  "Planning Time": 2.903,
  "Triggers": [],
  "Execution Time": 164.69
}