[
  {
    "Plan": {
      "Node Type": "Aggregate",
      "Strategy": "Plain",
      "Partial Mode": "Finalize",
      "Parallel Aware": false,
      "Startup Cost": 335734.78,
      "Total Cost": 335734.79,
      "Plan Rows": 1,
      "Plan Width": 8,
      "Actual Startup Time": 745.862,
      "Actual Total Time": 795.406,
      "Actual Rows": 1,
      "Actual Loops": 1,
      "Plans": [
        {
          "Node Type": "Gather",
          "Parent Relationship": "Outer",
          "Parallel Aware": false,
          "Startup Cost": 335734.16,
          "Total Cost": 335734.77,
          "Plan Rows": 6,
          "Plan Width": 8,
          "Actual Startup Time": 745.67,
          "Actual Total Time": 795.39,
          "Actual Rows": 7,
          "Actual Loops": 1,
          "Workers Planned": 6,
          "Workers Launched": 6,
          "Single Copy": false,
          "Plans": [
            {
              "Node Type": "Aggregate",
              "Strategy": "Plain",
              "Partial Mode": "Partial",
              "Parent Relationship": "Outer",
              "Parallel Aware": false,
              "Startup Cost": 334734.16,
              "Total Cost": 334734.17,
              "Plan Rows": 1,
              "Plan Width": 8,
              "Actual Startup Time": 739.48,
              "Actual Total Time": 739.481,
              "Actual Rows": 1,
              "Actual Loops": 7,
              "Plans": [
                {
                  "Node Type": "Seq Scan",
                  "Parent Relationship": "Outer",
                  "Parallel Aware": true,
                  "Relation Name": "cast_info",
                  "Alias": "ci",
                  "Startup Cost": 0.0,
                  "Total Cost": 328211.39,
                  "Plan Rows": 2609106,
                  "Plan Width": 0,
                  "Actual Startup Time": 0.05,
                  "Actual Total Time": 618.815,
                  "Actual Rows": 2259829,
                  "Actual Loops": 7,
                  "Filter": "(person_id < 1563363)",
                  "Rows Removed by Filter": 2917934
                }
              ]
            }
          ]
        }
      ]
    },
    "Planning Time": 0.177,
    "Triggers": [],
    "Execution Time": 795.476
  }
]