[
  {
    "Plan": {
      "Node Type": "Aggregate",
      "Strategy": "Plain",
      "Partial Mode": "Simple",
      "Parallel Aware": false,
      "Startup Cost": 5016.02,
      "Total Cost": 5016.03,
      "Plan Rows": 1,
      "Plan Width": 8,
      "Actual Startup Time": 9.058,
      "Actual Total Time": 9.059,
      "Actual Rows": 1,
      "Actual Loops": 1,
      "Plans": [
        {
          "Node Type": "Nested Loop",
          "Parent Relationship": "Outer",
          "Parallel Aware": false,
          "Join Type": "Inner",
          "Startup Cost": 0.99,
          "Total Cost": 5015.66,
          "Plan Rows": 145,
          "Plan Width": 0,
          "Actual Startup Time": 6.388,
          "Actual Total Time": 9.052,
          "Actual Rows": 12,
          "Actual Loops": 1,
          "Inner Unique": true,
          "Plans": [
            {
              "Node Type": "Index Scan",
              "Parent Relationship": "Outer",
              "Parallel Aware": false,
              "Scan Direction": "Forward",
              "Index Name": "person_id_cast_info",
              "Relation Name": "cast_info",
              "Alias": "ci",
              "Startup Cost": 0.56,
              "Total Cost": 985.86,
              "Plan Rows": 484,
              "Plan Width": 4,
              "Actual Startup Time": 6.337,
              "Actual Total Time": 7.056,
              "Actual Rows": 452,
              "Actual Loops": 1,
              "Index Cond": "(person_id = 2241186)",
              "Rows Removed by Index Recheck": 0
            },
            {
              "Node Type": "Index Scan",
              "Parent Relationship": "Inner",
              "Parallel Aware": false,
              "Scan Direction": "Forward",
              "Index Name": "title_pkey",
              "Relation Name": "title",
              "Alias": "t",
              "Startup Cost": 0.43,
              "Total Cost": 8.33,
              "Plan Rows": 1,
              "Plan Width": 4,
              "Actual Startup Time": 0.004,
              "Actual Total Time": 0.004,
              "Actual Rows": 0,
              "Actual Loops": 452,
              "Index Cond": "(id = ci.movie_id)",
              "Rows Removed by Index Recheck": 0,
              "Filter": "(kind_id < 3)",
              "Rows Removed by Filter": 1
            }
          ]
        }
      ]
    },
    "Planning Time": 0.25,
    "Triggers": [],
    "Execution Time": 9.086
  }
]