[
  {
    "Plan": {
      "Node Type": "Aggregate",
      "Strategy": "Plain",
      "Partial Mode": "Finalize",
      "Parallel Aware": false,
      "Startup Cost": 98021.54,
      "Total Cost": 98021.55,
      "Plan Rows": 1,
      "Plan Width": 8,
      "Actual Startup Time": 632.863,
      "Actual Total Time": 648.1,
      "Actual Rows": 1,
      "Actual Loops": 1,
      "Plans": [
        {
          "Node Type": "Gather",
          "Parent Relationship": "Outer",
          "Parallel Aware": false,
          "Startup Cost": 98021.33,
          "Total Cost": 98021.54,
          "Plan Rows": 2,
          "Plan Width": 8,
          "Actual Startup Time": 627.014,
          "Actual Total Time": 648.088,
          "Actual Rows": 3,
          "Actual Loops": 1,
          "Workers Planned": 2,
          "Workers Launched": 2,
          "Single Copy": false,
          "Plans": [
            {
              "Node Type": "Aggregate",
              "Strategy": "Plain",
              "Partial Mode": "Partial",
              "Parent Relationship": "Outer",
              "Parallel Aware": false,
              "Startup Cost": 97021.33,
              "Total Cost": 97021.34,
              "Plan Rows": 1,
              "Plan Width": 8,
              "Actual Startup Time": 620.792,
              "Actual Total Time": 620.799,
              "Actual Rows": 1,
              "Actual Loops": 3,
              "Plans": [
                {
                  "Node Type": "Hash Join",
                  "Parent Relationship": "Outer",
                  "Parallel Aware": true,
                  "Join Type": "Inner",
                  "Startup Cost": 80706.77,
                  "Total Cost": 96814.76,
                  "Plan Rows": 82627,
                  "Plan Width": 0,
                  "Actual Startup Time": 499.527,
                  "Actual Total Time": 613.388,
                  "Actual Rows": 130366,
                  "Actual Loops": 3,
                  "Inner Unique": false,
                  "Hash Cond": "(mi_idx.movie_id = t.id)",
                  "Plans": [
                    {
                      "Node Type": "Seq Scan",
                      "Parent Relationship": "Outer",
                      "Parallel Aware": true,
                      "Relation Name": "movie_info_idx",
                      "Alias": "mi_idx",
                      "Startup Cost": 0.0,
                      "Total Cost": 13685.15,
                      "Plan Rows": 575015,
                      "Plan Width": 4,
                      "Actual Startup Time": 0.021,
                      "Actual Total Time": 45.465,
                      "Actual Rows": 460012,
                      "Actual Loops": 3
                    },
                    {
                      "Node Type": "Hash",
                      "Parent Relationship": "Inner",
                      "Parallel Aware": true,
                      "Startup Cost": 79241.75,
                      "Total Cost": 79241.75,
                      "Plan Rows": 117201,
                      "Plan Width": 8,
                      "Actual Startup Time": 494.73,
                      "Actual Total Time": 494.735,
                      "Actual Rows": 71417,
                      "Actual Loops": 3,
                      "Hash Buckets": 524288,
                      "Original Hash Buckets": 524288,
                      "Hash Batches": 1,
                      "Original Hash Batches": 1,
                      "Peak Memory Usage": 12512,
                      "Plans": [
                        {
                          "Node Type": "Hash Join",
                          "Parent Relationship": "Outer",
                          "Parallel Aware": true,
                          "Join Type": "Inner",
                          "Startup Cost": 47057.15,
                          "Total Cost": 79241.75,
                          "Plan Rows": 117201,
                          "Plan Width": 8,
                          "Actual Startup Time": 287.174,
                          "Actual Total Time": 468.885,
                          "Actual Rows": 71417,
                          "Actual Loops": 3,
                          "Inner Unique": true,
                          "Hash Cond": "(mc.movie_id = t.id)",
                          "Plans": [
                            {
                              "Node Type": "Seq Scan",
                              "Parent Relationship": "Outer",
                              "Parallel Aware": true,
                              "Relation Name": "movie_companies",
                              "Alias": "mc",
                              "Startup Cost": 0.0,
                              "Total Cost": 31414.82,
                              "Plan Rows": 293253,
                              "Plan Width": 4,
                              "Actual Startup Time": 0.562,
                              "Actual Total Time": 103.248,
                              "Actual Rows": 249457,
                              "Actual Loops": 3,
                              "Filter": "((company_id > 1451) AND (company_type_id < 2))",
                              "Rows Removed by Filter": 620253
                            },
                            {
                              "Node Type": "Hash",
                              "Parent Relationship": "Inner",
                              "Parallel Aware": true,
                              "Startup Cost": 43899.32,
                              "Total Cost": 43899.32,
                              "Plan Rows": 252626,
                              "Plan Width": 4,
                              "Actual Startup Time": 283.552,
                              "Actual Total Time": 283.554,
                              "Actual Rows": 337640,
                              "Actual Loops": 3,
                              "Hash Buckets": 1048576,
                              "Original Hash Buckets": 1048576,
                              "Hash Batches": 1,
                              "Original Hash Batches": 1,
                              "Peak Memory Usage": 47872,
                              "Plans": [
                                {
                                  "Node Type": "Seq Scan",
                                  "Parent Relationship": "Outer",
                                  "Parallel Aware": true,
                                  "Relation Name": "title",
                                  "Alias": "t",
                                  "Startup Cost": 0.0,
                                  "Total Cost": 43899.32,
                                  "Plan Rows": 252626,
                                  "Plan Width": 4,
                                  "Actual Startup Time": 0.033,
                                  "Actual Total Time": 150.2,
                                  "Actual Rows": 337640,
                                  "Actual Loops": 3,
                                  "Filter": "(production_year > 2005)",
                                  "Rows Removed by Filter": 505131
                                }
                              ]
                            }
                          ]
                        }
                      ]
                    }
                  ]
                }
              ]
            }
          ]
        }
      ]
    },
    "Planning Time": 0.62,
    "Triggers": [],
    "Execution Time": 648.158
  }
]