[
  {
    "Plan": {
      "Node Type": "Aggregate",
      "Strategy": "Plain",
      "Partial Mode": "Finalize",
      "Parallel Aware": false,
      "Startup Cost": 98097.29,
      "Total Cost": 98097.3,
      "Plan Rows": 1,
      "Plan Width": 8,
      "Actual Startup Time": 522.757,
      "Actual Total Time": 538.802,
      "Actual Rows": 1,
      "Actual Loops": 1,
      "Plans": [
        {
          "Node Type": "Gather",
          "Parent Relationship": "Outer",
          "Parallel Aware": false,
          "Startup Cost": 98097.08,
          "Total Cost": 98097.29,
          "Plan Rows": 2,
          "Plan Width": 8,
          "Actual Startup Time": 517.679,
          "Actual Total Time": 538.791,
          "Actual Rows": 3,
          "Actual Loops": 1,
          "Workers Planned": 2,
          "Workers Launched": 2,
          "Single Copy": false,
          "Plans": [
            {
              "Node Type": "Aggregate",
              "Strategy": "Plain",
              "Partial Mode": "Partial",
              "Parent Relationship": "Outer",
              "Parallel Aware": false,
              "Startup Cost": 97097.08,
              "Total Cost": 97097.09,
              "Plan Rows": 1,
              "Plan Width": 8,
              "Actual Startup Time": 509.79,
              "Actual Total Time": 510.292,
              "Actual Rows": 1,
              "Actual Loops": 3,
              "Plans": [
                {
                  "Node Type": "Hash Join",
                  "Parent Relationship": "Outer",
                  "Parallel Aware": true,
                  "Join Type": "Inner",
                  "Startup Cost": 80774.32,
                  "Total Cost": 96886.93,
                  "Plan Rows": 84058,
                  "Plan Width": 0,
                  "Actual Startup Time": 415.069,
                  "Actual Total Time": 504.984,
                  "Actual Rows": 130366,
                  "Actual Loops": 3,
                  "Inner Unique": false,
                  "Hash Cond": "(mi_idx.movie_id = t.id)",
                  "Plans": [
                    {
                      "Node Type": "Seq Scan",
                      "Parent Relationship": "Outer",
                      "Parallel Aware": true,
                      "Relation Name": "movie_info_idx",
                      "Alias": "mi_idx",
                      "Startup Cost": 0.0,
                      "Total Cost": 13685.15,
                      "Plan Rows": 575015,
                      "Plan Width": 4,
                      "Actual Startup Time": 0.047,
                      "Actual Total Time": 34.98,
                      "Actual Rows": 460012,
                      "Actual Loops": 3
                    },
                    {
                      "Node Type": "Hash",
                      "Parent Relationship": "Inner",
                      "Parallel Aware": true,
                      "Startup Cost": 79284.01,
                      "Total Cost": 79284.01,
                      "Plan Rows": 119225,
                      "Plan Width": 8,
                      "Actual Startup Time": 408.783,
                      "Actual Total Time": 409.283,
                      "Actual Rows": 71417,
                      "Actual Loops": 3,
                      "Hash Buckets": 524288,
                      "Original Hash Buckets": 524288,
                      "Hash Batches": 1,
                      "Original Hash Batches": 1,
                      "Peak Memory Usage": 12512,
                      "Plans": [
                        {
                          "Node Type": "Hash Join",
                          "Parent Relationship": "Outer",
                          "Parallel Aware": true,
                          "Join Type": "Inner",
                          "Startup Cost": 47095.69,
                          "Total Cost": 79284.01,
                          "Plan Rows": 119225,
                          "Plan Width": 8,
                          "Actual Startup Time": 243.21,
                          "Actual Total Time": 389.073,
                          "Actual Rows": 71417,
                          "Actual Loops": 3,
                          "Inner Unique": true,
                          "Hash Cond": "(mc.movie_id = t.id)",
                          "Plans": [
                            {
                              "Node Type": "Seq Scan",
                              "Parent Relationship": "Outer",
                              "Parallel Aware": true,
                              "Relation Name": "movie_companies",
                              "Alias": "mc",
                              "Startup Cost": 0.0,
                              "Total Cost": 31414.82,
                              "Plan Rows": 294667,
                              "Plan Width": 4,
                              "Actual Startup Time": 0.524,
                              "Actual Total Time": 81.685,
                              "Actual Rows": 249457,
                              "Actual Loops": 3,
                              "Filter": "((company_id > 1451) AND (company_type_id < 2))",
                              "Rows Removed by Filter": 620253
                            },
                            {
                              "Node Type": "Hash",
                              "Parent Relationship": "Inner",
                              "Parallel Aware": true,
                              "Startup Cost": 43898.92,
                              "Total Cost": 43898.92,
                              "Plan Rows": 255742,
                              "Plan Width": 4,
                              "Actual Startup Time": 238.654,
                              "Actual Total Time": 238.655,
                              "Actual Rows": 337640,
                              "Actual Loops": 3,
                              "Hash Buckets": 1048576,
                              "Original Hash Buckets": 1048576,
                              "Hash Batches": 1,
                              "Original Hash Batches": 1,
                              "Peak Memory Usage": 47872,
                              "Plans": [
                                {
                                  "Node Type": "Seq Scan",
                                  "Parent Relationship": "Outer",
                                  "Parallel Aware": true,
                                  "Relation Name": "title",
                                  "Alias": "t",
                                  "Startup Cost": 0.0,
                                  "Total Cost": 43898.92,
                                  "Plan Rows": 255742,
                                  "Plan Width": 4,
                                  "Actual Startup Time": 0.049,
                                  "Actual Total Time": 125.593,
                                  "Actual Rows": 337640,
                                  "Actual Loops": 3,
                                  "Filter": "(production_year > 2005)",
                                  "Rows Removed by Filter": 505131
                                }
                              ]
                            }
                          ]
                        }
                      ]
                    }
                  ]
                }
              ]
            }
          ]
        }
      ]
    },
    "Planning Time": 1.488,
    "Triggers": [],
    "Execution Time": 538.887
  }
]