[
  {
    "Plan": {
      "Node Type": "Aggregate",
      "Strategy": "Plain",
      "Partial Mode": "Finalize",
      "Parallel Aware": false,
      "Startup Cost": 25018.91,
      "Total Cost": 25018.92,
      "Plan Rows": 1,
      "Plan Width": 8,
      "Actual Startup Time": 34.212,
      "Actual Total Time": 39.142,
      "Actual Rows": 1,
      "Actual Loops": 1,
      "Plans": [
        {
          "Node Type": "Gather",
          "Parent Relationship": "Outer",
          "Parallel Aware": false,
          "Startup Cost": 25018.69,
          "Total Cost": 25018.9,
          "Plan Rows": 2,
          "Plan Width": 8,
          "Actual Startup Time": 33.936,
          "Actual Total Time": 39.135,
          "Actual Rows": 3,
          "Actual Loops": 1,
          "Workers Planned": 2,
          "Workers Launched": 2,
          "Single Copy": false,
          "Plans": [
            {
              "Node Type": "Aggregate",
              "Strategy": "Plain",
              "Partial Mode": "Partial",
              "Parent Relationship": "Outer",
              "Parallel Aware": false,
              "Startup Cost": 24018.69,
              "Total Cost": 24018.7,
              "Plan Rows": 1,
              "Plan Width": 8,
              "Actual Startup Time": 25.342,
              "Actual Total Time": 25.343,
              "Actual Rows": 1,
              "Actual Loops": 3,
              "Plans": [
                {
                  "Node Type": "Nested Loop",
                  "Parent Relationship": "Outer",
                  "Parallel Aware": false,
                  "Join Type": "Inner",
                  "Startup Cost": 93.78,
                  "Total Cost": 24017.14,
                  "Plan Rows": 621,
                  "Plan Width": 0,
                  "Actual Startup Time": 11.081,
                  "Actual Total Time": 25.296,
                  "Actual Rows": 261,
                  "Actual Loops": 3,
                  "Inner Unique": false,
                  "Plans": [
                    {
                      "Node Type": "Nested Loop",
                      "Parent Relationship": "Outer",
                      "Parallel Aware": false,
                      "Join Type": "Inner",
                      "Startup Cost": 93.22,
                      "Total Cost": 23123.26,
                      "Plan Rows": 43,
                      "Plan Width": 8,
                      "Actual Startup Time": 10.959,
                      "Actual Total Time": 23.11,
                      "Actual Rows": 9,
                      "Actual Loops": 3,
                      "Inner Unique": true,
                      "Plans": [
                        {
                          "Node Type": "Bitmap Heap Scan",
                          "Parent Relationship": "Outer",
                          "Parallel Aware": true,
                          "Relation Name": "movie_companies",
                          "Alias": "mc",
                          "Startup Cost": 92.79,
                          "Total Cost": 10104.64,
                          "Plan Rows": 1740,
                          "Plan Width": 4,
                          "Actual Startup Time": 1.733,
                          "Actual Total Time": 6.39,
                          "Actual Rows": 1327,
                          "Actual Loops": 3,
                          "Recheck Cond": "(company_id = 312)",
                          "Rows Removed by Index Recheck": 0,
                          "Exact Heap Blocks": 1664,
                          "Lossy Heap Blocks": 0,
                          "Plans": [
                            {
                              "Node Type": "Bitmap Index Scan",
                              "Parent Relationship": "Outer",
                              "Parallel Aware": false,
                              "Index Name": "company_id_movie_companies",
                              "Startup Cost": 0.0,
                              "Total Cost": 91.74,
                              "Plan Rows": 4175,
                              "Plan Width": 0,
                              "Actual Startup Time": 3.929,
                              "Actual Total Time": 3.929,
                              "Actual Rows": 3982,
                              "Actual Loops": 1,
                              "Index Cond": "(company_id = 312)"
                            }
                          ]
                        },
                        {
                          "Node Type": "Index Scan",
                          "Parent Relationship": "Inner",
                          "Parallel Aware": false,
                          "Scan Direction": "Forward",
                          "Index Name": "title_pkey",
                          "Relation Name": "title",
                          "Alias": "t",
                          "Startup Cost": 0.43,
                          "Total Cost": 7.48,
                          "Plan Rows": 1,
                          "Plan Width": 4,
                          "Actual Startup Time": 0.012,
                          "Actual Total Time": 0.012,
                          "Actual Rows": 0,
                          "Actual Loops": 3982,
                          "Index Cond": "(id = mc.movie_id)",
                          "Rows Removed by Index Recheck": 0,
                          "Filter": "((kind_id < 7) AND (production_year = 2011))",
                          "Rows Removed by Filter": 1
                        }
                      ]
                    },
                    {
                      "Node Type": "Index Only Scan",
                      "Parent Relationship": "Inner",
                      "Parallel Aware": false,
                      "Scan Direction": "Forward",
                      "Index Name": "movie_id_cast_info",
                      "Relation Name": "cast_info",
                      "Alias": "ci",
                      "Startup Cost": 0.56,
                      "Total Cost": 20.42,
                      "Plan Rows": 37,
                      "Plan Width": 4,
                      "Actual Startup Time": 0.037,
                      "Actual Total Time": 0.236,
                      "Actual Rows": 29,
                      "Actual Loops": 27,
                      "Index Cond": "(movie_id = t.id)",
                      "Rows Removed by Index Recheck": 0,
                      "Heap Fetches": 782
                    }
                  ]
                }
              ]
            }
          ]
        }
      ]
    },
    "Planning Time": 1.511,
    "Triggers": [],
    "Execution Time": 39.246
  }
]