[
  {
    "Plan": {
      "Node Type": "Aggregate",
      "Strategy": "Plain",
      "Partial Mode": "Finalize",
      "Parallel Aware": false,
      "Startup Cost": 192600.81,
      "Total Cost": 192600.82,
      "Plan Rows": 1,
      "Plan Width": 8,
      "Actual Startup Time": 124.389,
      "Actual Total Time": 143.691,
      "Actual Rows": 1,
      "Actual Loops": 1,
      "Plans": [
        {
          "Node Type": "Gather",
          "Parent Relationship": "Outer",
          "Parallel Aware": false,
          "Startup Cost": 192600.39,
          "Total Cost": 192600.8,
          "Plan Rows": 4,
          "Plan Width": 8,
          "Actual Startup Time": 124.134,
          "Actual Total Time": 143.682,
          "Actual Rows": 5,
          "Actual Loops": 1,
          "Workers Planned": 4,
          "Workers Launched": 4,
          "Single Copy": false,
          "Plans": [
            {
              "Node Type": "Aggregate",
              "Strategy": "Plain",
              "Partial Mode": "Partial",
              "Parent Relationship": "Outer",
              "Parallel Aware": false,
              "Startup Cost": 191600.39,
              "Total Cost": 191600.4,
              "Plan Rows": 1,
              "Plan Width": 8,
              "Actual Startup Time": 115.083,
              "Actual Total Time": 115.085,
              "Actual Rows": 1,
              "Actual Loops": 5,
              "Plans": [
                {
                  "Node Type": "Nested Loop",
                  "Parent Relationship": "Outer",
                  "Parallel Aware": false,
                  "Join Type": "Inner",
                  "Startup Cost": 0.43,
                  "Total Cost": 191578.87,
                  "Plan Rows": 8610,
                  "Plan Width": 0,
                  "Actual Startup Time": 0.358,
                  "Actual Total Time": 114.363,
                  "Actual Rows": 6805,
                  "Actual Loops": 5,
                  "Inner Unique": false,
                  "Plans": [
                    {
                      "Node Type": "Seq Scan",
                      "Parent Relationship": "Outer",
                      "Parallel Aware": true,
                      "Relation Name": "title",
                      "Alias": "t",
                      "Startup Cost": 0.0,
                      "Total Cost": 45479.1,
                      "Plan Rows": 1472,
                      "Plan Width": 4,
                      "Actual Startup Time": 0.162,
                      "Actual Total Time": 88.591,
                      "Actual Rows": 1184,
                      "Actual Loops": 5,
                      "Filter": "((kind_id > 4) AND (production_year = 1962))",
                      "Rows Removed by Filter": 504479
                    },
                    {
                      "Node Type": "Index Only Scan",
                      "Parent Relationship": "Inner",
                      "Parallel Aware": false,
                      "Scan Direction": "Forward",
                      "Index Name": "movie_id_movie_info",
                      "Relation Name": "movie_info",
                      "Alias": "mi",
                      "Startup Cost": 0.43,
                      "Total Cost": 98.83,
                      "Plan Rows": 42,
                      "Plan Width": 4,
                      "Actual Startup Time": 0.01,
                      "Actual Total Time": 0.02,
                      "Actual Rows": 6,
                      "Actual Loops": 5919,
                      "Index Cond": "(movie_id = t.id)",
                      "Rows Removed by Index Recheck": 0,
                      "Heap Fetches": 34027
                    }
                  ]
                }
              ]
            }
          ]
        }
      ]
    },
    "Planning Time": 0.582,
    "Triggers": [],
    "Execution Time": 143.778
  }
]