[
    {
        "Bao": {
            "Bao prediction": "NaN",
            "Bao recommended hint": "(no hint)"
        }
    },
    {
        "Plan": {
            "Node Type": "Aggregate",
            "Strategy": "Plain",
            "Partial Mode": "Finalize",
            "Parallel Aware": false,
            "Startup Cost": 350751.1,
            "Total Cost": 350751.11,
            "Plan Rows": 1,
            "Plan Width": 8,
            "Actual Startup Time": 838.806,
            "Actual Total Time": 867.796,
            "Actual Rows": 1,
            "Actual Loops": 1,
            "Output": [
                "count(*)"
            ],
            "Plans": [
                {
                    "Node Type": "Gather",
                    "Parent Relationship": "Outer",
                    "Parallel Aware": false,
                    "Startup Cost": 350750.47,
                    "Total Cost": 350751.08,
                    "Plan Rows": 6,
                    "Plan Width": 8,
                    "Actual Startup Time": 838.702,
                    "Actual Total Time": 867.788,
                    "Actual Rows": 7,
                    "Actual Loops": 1,
                    "Output": [
                        "(PARTIAL count(*))"
                    ],
                    "Workers Planned": 6,
                    "Workers Launched": 6,
                    "Single Copy": false,
                    "Plans": [
                        {
                            "Node Type": "Aggregate",
                            "Strategy": "Plain",
                            "Partial Mode": "Partial",
                            "Parent Relationship": "Outer",
                            "Parallel Aware": false,
                            "Startup Cost": 349750.47,
                            "Total Cost": 349750.48,
                            "Plan Rows": 1,
                            "Plan Width": 8,
                            "Actual Startup Time": 829.162,
                            "Actual Total Time": 829.163,
                            "Actual Rows": 1,
                            "Actual Loops": 7,
                            "Output": [
                                "PARTIAL count(*)"
                            ],
                            "Workers": [
                                {
                                    "Worker Number": 0,
                                    "Actual Startup Time": 826.88,
                                    "Actual Total Time": 826.881,
                                    "Actual Rows": 1,
                                    "Actual Loops": 1
                                },
                                {
                                    "Worker Number": 1,
                                    "Actual Startup Time": 827.201,
                                    "Actual Total Time": 827.202,
                                    "Actual Rows": 1,
                                    "Actual Loops": 1
                                },
                                {
                                    "Worker Number": 2,
                                    "Actual Startup Time": 826.977,
                                    "Actual Total Time": 826.979,
                                    "Actual Rows": 1,
                                    "Actual Loops": 1
                                },
                                {
                                    "Worker Number": 3,
                                    "Actual Startup Time": 827.986,
                                    "Actual Total Time": 827.987,
                                    "Actual Rows": 1,
                                    "Actual Loops": 1
                                },
                                {
                                    "Worker Number": 4,
                                    "Actual Startup Time": 828.26,
                                    "Actual Total Time": 828.261,
                                    "Actual Rows": 1,
                                    "Actual Loops": 1
                                },
                                {
                                    "Worker Number": 5,
                                    "Actual Startup Time": 828.501,
                                    "Actual Total Time": 828.502,
                                    "Actual Rows": 1,
                                    "Actual Loops": 1
                                }
                            ],
                            "Plans": [
                                {
                                    "Node Type": "Seq Scan",
                                    "Parent Relationship": "Outer",
                                    "Parallel Aware": true,
                                    "Relation Name": "cast_info",
                                    "Schema": "public",
                                    "Alias": "ci",
                                    "Startup Cost": 0.0,
                                    "Total Cost": 343318.94,
                                    "Plan Rows": 2572613,
                                    "Plan Width": 0,
                                    "Actual Startup Time": 210.943,
                                    "Actual Total Time": 685.43,
                                    "Actual Rows": 2874797,
                                    "Actual Loops": 7,
                                    "Output": [
                                        "id",
                                        "person_id",
                                        "movie_id",
                                        "person_role_id",
                                        "note",
                                        "nr_order",
                                        "role_id"
                                    ],
                                    "Filter": "((ci.person_id > 1227884) AND (ci.role_id > 1))",
                                    "Rows Removed by Filter": 2302966,
                                    "Workers": [
                                        {
                                            "Worker Number": 0,
                                            "Actual Startup Time": 208.651,
                                            "Actual Total Time": 683.003,
                                            "Actual Rows": 2169995,
                                            "Actual Loops": 1
                                        },
                                        {
                                            "Worker Number": 1,
                                            "Actual Startup Time": 208.974,
                                            "Actual Total Time": 683.556,
                                            "Actual Rows": 2168839,
                                            "Actual Loops": 1
                                        },
                                        {
                                            "Worker Number": 2,
                                            "Actual Startup Time": 208.771,
                                            "Actual Total Time": 687.343,
                                            "Actual Rows": 2085461,
                                            "Actual Loops": 1
                                        },
                                        {
                                            "Worker Number": 3,
                                            "Actual Startup Time": 209.778,
                                            "Actual Total Time": 688.889,
                                            "Actual Rows": 3178230,
                                            "Actual Loops": 1
                                        },
                                        {
                                            "Worker Number": 4,
                                            "Actual Startup Time": 210.039,
                                            "Actual Total Time": 685.058,
                                            "Actual Rows": 3278759,
                                            "Actual Loops": 1
                                        },
                                        {
                                            "Worker Number": 5,
                                            "Actual Startup Time": 210.281,
                                            "Actual Total Time": 685.315,
                                            "Actual Rows": 3281089,
                                            "Actual Loops": 1
                                        }
                                    ]
                                }
                            ]
                        }
                    ]
                }
            ]
        },
        "Planning Time": 213.43,
        "Triggers": [],
        "Execution Time": 867.85
    }
]