{
  "Plan": {
    "Node Type": "Aggregate",
    "Strategy": "Plain",
    "Partial Mode": "Finalize",
    "Parallel Aware": false,
    "Startup Cost": 520647.68,
    "Total Cost": 520647.69,
    "Plan Rows": 1,
    "Plan Width": 8,
    "Actual Startup Time": 6862.671,
    "Actual Total Time": 6952.213,
    "Actual Rows": 1,
    "Actual Loops": 1,
    "Plans": [
      {
        "Node Type": "Gather",
        "Parent Relationship": "Outer",
        "Parallel Aware": false,
        "Startup Cost": 520647.57,
        "Total Cost": 520647.68,
        "Plan Rows": 1,
        "Plan Width": 8,
        "Actual Startup Time": 6861.077,
        "Actual Total Time": 6952.205,
        "Actual Rows": 2,
        "Actual Loops": 1,
        "Workers Planned": 1,
        "Workers Launched": 1,
        "Single Copy": false,
        "Plans": [
          {
            "Node Type": "Aggregate",
            "Strategy": "Plain",
            "Partial Mode": "Partial",
            "Parent Relationship": "Outer",
            "Parallel Aware": false,
            "Startup Cost": 519647.57,
            "Total Cost": 519647.58,
            "Plan Rows": 1,
            "Plan Width": 8,
            "Actual Startup Time": 6854.418,
            "Actual Total Time": 6854.421,
            "Actual Rows": 1,
            "Actual Loops": 2,
            "Plans": [
              {
                "Node Type": "Nested Loop",
                "Parent Relationship": "Outer",
                "Parallel Aware": false,
                "Join Type": "Inner",
                "Startup Cost": 74489.68,
                "Total Cost": 518534.64,
                "Plan Rows": 445169,
                "Plan Width": 0,
                "Actual Startup Time": 300.104,
                "Actual Total Time": 6680.471,
                "Actual Rows": 3634244,
                "Actual Loops": 2,
                "Inner Unique": false,
                "Plans": [
                  {
                    "Node Type": "Hash Join",
                    "Parent Relationship": "Outer",
                    "Parallel Aware": true,
                    "Join Type": "Inner",
                    "Startup Cost": 74489.12,
                    "Total Cost": 104231.28,
                    "Plan Rows": 137102,
                    "Plan Width": 8,
                    "Actual Startup Time": 300.004,
                    "Actual Total Time": 507.514,
                    "Actual Rows": 268822,
                    "Actual Loops": 2,
                    "Inner Unique": true,
                    "Hash Cond": "(mk.movie_id = t.id)",
                    "Plans": [
                      {
                        "Node Type": "Bitmap Heap Scan",
                        "Parent Relationship": "Outer",
                        "Parallel Aware": true,
                        "Relation Name": "movie_keyword",
                        "Alias": "mk",
                        "Startup Cost": 12610.82,
                        "Total Cost": 41435.2,
                        "Plan Rows": 349631,
                        "Plan Width": 4,
                        "Actual Startup Time": 31.931,
                        "Actual Total Time": 107.243,
                        "Actual Rows": 303373,
                        "Actual Loops": 2,
                        "Recheck Cond": "(keyword_id < 460)",
                        "Rows Removed by Index Recheck": 0,
                        "Exact Heap Blocks": 12939,
                        "Lossy Heap Blocks": 0,
                        "Plans": [
                          {
                            "Node Type": "Bitmap Index Scan",
                            "Parent Relationship": "Outer",
                            "Parallel Aware": false,
                            "Index Name": "keyword_id_movie_keyword",
                            "Startup Cost": 0.0,
                            "Total Cost": 12462.22,
                            "Plan Rows": 594372,
                            "Plan Width": 0,
                            "Actual Startup Time": 28.278,
                            "Actual Total Time": 28.279,
                            "Actual Rows": 606746,
                            "Actual Loops": 1,
                            "Index Cond": "(keyword_id < 460)"
                          }
                        ]
                      },
                      {
                        "Node Type": "Hash",
                        "Parent Relationship": "Inner",
                        "Parallel Aware": true,
                        "Startup Cost": 54588.39,
                        "Total Cost": 54588.39,
                        "Plan Rows": 583193,
                        "Plan Width": 4,
                        "Actual Startup Time": 258.764,
                        "Actual Total Time": 258.765,
                        "Actual Rows": 492524,
                        "Actual Loops": 2,
                        "Hash Buckets": 1048576,
                        "Original Hash Buckets": 1048576,
                        "Hash Batches": 1,
                        "Original Hash Batches": 1,
                        "Peak Memory Usage": 46784,
                        "Plans": [
                          {
                            "Node Type": "Seq Scan",
                            "Parent Relationship": "Outer",
                            "Parallel Aware": true,
                            "Relation Name": "title",
                            "Alias": "t",
                            "Startup Cost": 0.0,
                            "Total Cost": 54588.39,
                            "Plan Rows": 583193,
                            "Plan Width": 4,
                            "Actual Startup Time": 0.037,
                            "Actual Total Time": 150.406,
                            "Actual Rows": 492524,
                            "Actual Loops": 2,
                            "Filter": "(kind_id < 7)",
                            "Rows Removed by Filter": 771632
                          }
                        ]
                      }
                    ]
                  },
                  {
                    "Node Type": "Index Scan",
                    "Parent Relationship": "Inner",
                    "Parallel Aware": false,
                    "Scan Direction": "Forward",
                    "Index Name": "movie_id_cast_info",
                    "Relation Name": "cast_info",
                    "Alias": "ci",
                    "Startup Cost": 0.56,
                    "Total Cost": 2.94,
                    "Plan Rows": 8,
                    "Plan Width": 4,
                    "Actual Startup Time": 0.013,
                    "Actual Total Time": 0.022,
                    "Actual Rows": 14,
                    "Actual Loops": 537643,
                    "Index Cond": "(movie_id = t.id)",
                    "Rows Removed by Index Recheck": 0,
                    "Filter": "((person_id > 2433093) AND (role_id > 1))",
                    "Rows Removed by Filter": 27
                  }
                ]
              }
            ]
          }
        ]
      }
    ]
  },
  "Planning Time": 1.006,
  "Triggers": [],
  "Execution Time": 6952.34
}