[
  {
    "Plan": {
      "Node Type": "Aggregate",
      "Strategy": "Plain",
      "Partial Mode": "Finalize",
      "Parallel Aware": false,
      "Startup Cost": 30817.01,
      "Total Cost": 30817.02,
      "Plan Rows": 1,
      "Plan Width": 8,
      "Actual Startup Time": 98.706,
      "Actual Total Time": 106.47,
      "Actual Rows": 1,
      "Actual Loops": 1,
      "Plans": [
        {
          "Node Type": "Gather",
          "Parent Relationship": "Outer",
          "Parallel Aware": false,
          "Startup Cost": 30816.7,
          "Total Cost": 30817.01,
          "Plan Rows": 3,
          "Plan Width": 8,
          "Actual Startup Time": 98.608,
          "Actual Total Time": 106.463,
          "Actual Rows": 4,
          "Actual Loops": 1,
          "Workers Planned": 3,
          "Workers Launched": 3,
          "Single Copy": false,
          "Plans": [
            {
              "Node Type": "Aggregate",
              "Strategy": "Plain",
              "Partial Mode": "Partial",
              "Parent Relationship": "Outer",
              "Parallel Aware": false,
              "Startup Cost": 29816.7,
              "Total Cost": 29816.71,
              "Plan Rows": 1,
              "Plan Width": 8,
              "Actual Startup Time": 90.055,
              "Actual Total Time": 90.056,
              "Actual Rows": 1,
              "Actual Loops": 4,
              "Plans": [
                {
                  "Node Type": "Seq Scan",
                  "Parent Relationship": "Outer",
                  "Parallel Aware": true,
                  "Relation Name": "movie_companies",
                  "Alias": "mc",
                  "Startup Cost": 0.0,
                  "Total Cost": 29310.68,
                  "Plan Rows": 202406,
                  "Plan Width": 0,
                  "Actual Startup Time": 0.046,
                  "Actual Total Time": 78.778,
                  "Actual Rows": 155772,
                  "Actual Loops": 4,
                  "Filter": "(company_id < 789)",
                  "Rows Removed by Filter": 496510
                }
              ]
            }
          ]
        }
      ]
    },
    "Planning Time": 0.187,
    "Triggers": [],
    "Execution Time": 106.524
  }
]