[
  {
    "Plan": {
      "Node Type": "Aggregate",
      "Strategy": "Plain",
      "Partial Mode": "Simple",
      "Parallel Aware": false,
      "Startup Cost": 13057.95,
      "Total Cost": 13057.96,
      "Plan Rows": 1,
      "Plan Width": 8,
      "Actual Startup Time": 4.74,
      "Actual Total Time": 4.742,
      "Actual Rows": 1,
      "Actual Loops": 1,
      "Plans": [
        {
          "Node Type": "Bitmap Heap Scan",
          "Parent Relationship": "Outer",
          "Parallel Aware": false,
          "Relation Name": "movie_companies",
          "Alias": "mc",
          "Startup Cost": 136.72,
          "Total Cost": 13042.38,
          "Plan Rows": 6231,
          "Plan Width": 0,
          "Actual Startup Time": 0.756,
          "Actual Total Time": 3.826,
          "Actual Rows": 5735,
          "Actual Loops": 1,
          "Recheck Cond": "(company_id > 229454)",
          "Rows Removed by Index Recheck": 0,
          "Exact Heap Blocks": 259,
          "Lossy Heap Blocks": 0,
          "Plans": [
            {
              "Node Type": "Bitmap Index Scan",
              "Parent Relationship": "Outer",
              "Parallel Aware": false,
              "Index Name": "company_id_movie_companies",
              "Startup Cost": 0.0,
              "Total Cost": 135.16,
              "Plan Rows": 6231,
              "Plan Width": 0,
              "Actual Startup Time": 0.659,
              "Actual Total Time": 0.66,
              "Actual Rows": 5735,
              "Actual Loops": 1,
              "Index Cond": "(company_id > 229454)"
            }
          ]
        }
      ]
    },
    "Planning Time": 0.232,
    "Triggers": [],
    "Execution Time": 4.805
  }
]