[
  {
    "Plan": {
      "Node Type": "Aggregate",
      "Strategy": "Plain",
      "Partial Mode": "Finalize",
      "Parallel Aware": false,
      "Startup Cost": 237322.02,
      "Total Cost": 237322.03,
      "Plan Rows": 1,
      "Plan Width": 8,
      "Actual Startup Time": 909.027,
      "Actual Total Time": 982.153,
      "Actual Rows": 1,
      "Actual Loops": 1,
      "Plans": [
        {
          "Node Type": "Gather",
          "Parent Relationship": "Outer",
          "Parallel Aware": false,
          "Startup Cost": 237321.6,
          "Total Cost": 237322.01,
          "Plan Rows": 4,
          "Plan Width": 8,
          "Actual Startup Time": 780.342,
          "Actual Total Time": 982.131,
          "Actual Rows": 5,
          "Actual Loops": 1,
          "Workers Planned": 4,
          "Workers Launched": 4,
          "Single Copy": false,
          "Plans": [
            {
              "Node Type": "Aggregate",
              "Strategy": "Plain",
              "Partial Mode": "Partial",
              "Parent Relationship": "Outer",
              "Parallel Aware": false,
              "Startup Cost": 236321.6,
              "Total Cost": 236321.61,
              "Plan Rows": 1,
              "Plan Width": 8,
              "Actual Startup Time": 811.955,
              "Actual Total Time": 811.96,
              "Actual Rows": 1,
              "Actual Loops": 5,
              "Plans": [
                {
                  "Node Type": "Nested Loop",
                  "Parent Relationship": "Outer",
                  "Parallel Aware": false,
                  "Join Type": "Inner",
                  "Startup Cost": 123104.11,
                  "Total Cost": 235411.74,
                  "Plan Rows": 363945,
                  "Plan Width": 0,
                  "Actual Startup Time": 308.895,
                  "Actual Total Time": 794.622,
                  "Actual Rows": 321394,
                  "Actual Loops": 5,
                  "Inner Unique": false,
                  "Plans": [
                    {
                      "Node Type": "Merge Join",
                      "Parent Relationship": "Outer",
                      "Parallel Aware": false,
                      "Join Type": "Inner",
                      "Startup Cost": 123103.54,
                      "Total Cost": 126368.7,
                      "Plan Rows": 25384,
                      "Plan Width": 8,
                      "Actual Startup Time": 308.797,
                      "Actual Total Time": 363.028,
                      "Actual Rows": 11162,
                      "Actual Loops": 5,
                      "Inner Unique": false,
                      "Merge Cond": "(t.id = mi_idx.movie_id)",
                      "Plans": [
                        {
                          "Node Type": "Sort",
                          "Parent Relationship": "Outer",
                          "Parallel Aware": false,
                          "Startup Cost": 57286.41,
                          "Total Cost": 57632.1,
                          "Plan Rows": 138276,
                          "Plan Width": 4,
                          "Actual Startup Time": 111.178,
                          "Actual Total Time": 124.237,
                          "Actual Rows": 90847,
                          "Actual Loops": 5,
                          "Sort Key": [
                            "t.id"
                          ],
                          "Sort Method": "quicksort",
                          "Sort Space Used": 12523,
                          "Sort Space Type": "Memory",
                          "Workers": [
                            {
                              "Worker Number": 0,
                              "Sort Method": "quicksort",
                              "Sort Space Used": 6402,
                              "Sort Space Type": "Memory"
                            },
                            {
                              "Worker Number": 1,
                              "Sort Method": "quicksort",
                              "Sort Space Used": 6422,
                              "Sort Space Type": "Memory"
                            },
                            {
                              "Worker Number": 2,
                              "Sort Method": "quicksort",
                              "Sort Space Used": 6899,
                              "Sort Space Type": "Memory"
                            },
                            {
                              "Worker Number": 3,
                              "Sort Method": "quicksort",
                              "Sort Space Used": 7481,
                              "Sort Space Type": "Memory"
                            }
                          ],
                          "Plans": [
                            {
                              "Node Type": "Seq Scan",
                              "Parent Relationship": "Outer",
                              "Parallel Aware": true,
                              "Relation Name": "title",
                              "Alias": "t",
                              "Startup Cost": 0.0,
                              "Total Cost": 45479.59,
                              "Plan Rows": 138276,
                              "Plan Width": 4,
                              "Actual Startup Time": 0.04,
                              "Actual Total Time": 85.891,
                              "Actual Rows": 90847,
                              "Actual Loops": 5,
                              "Filter": "((production_year < 1998) AND (kind_id = 7))",
                              "Rows Removed by Filter": 414816
                            }
                          ]
                        },
                        {
                          "Node Type": "Sort",
                          "Parent Relationship": "Inner",
                          "Parallel Aware": false,
                          "Startup Cost": 65817.04,
                          "Total Cost": 66977.42,
                          "Plan Rows": 464152,
                          "Plan Width": 4,
                          "Actual Startup Time": 197.602,
                          "Actual Total Time": 211.733,
                          "Actual Rows": 347941,
                          "Actual Loops": 5,
                          "Sort Key": [
                            "mi_idx.movie_id"
                          ],
                          "Sort Method": "quicksort",
                          "Sort Space Used": 33860,
                          "Sort Space Type": "Memory",
                          "Workers": [
                            {
                              "Worker Number": 0,
                              "Sort Method": "quicksort",
                              "Sort Space Used": 33860,
                              "Sort Space Type": "Memory"
                            },
                            {
                              "Worker Number": 1,
                              "Sort Method": "quicksort",
                              "Sort Space Used": 33860,
                              "Sort Space Type": "Memory"
                            },
                            {
                              "Worker Number": 2,
                              "Sort Method": "quicksort",
                              "Sort Space Used": 33860,
                              "Sort Space Type": "Memory"
                            },
                            {
                              "Worker Number": 3,
                              "Sort Method": "quicksort",
                              "Sort Space Used": 33860,
                              "Sort Space Type": "Memory"
                            }
                          ],
                          "Plans": [
                            {
                              "Node Type": "Bitmap Heap Scan",
                              "Parent Relationship": "Outer",
                              "Parallel Aware": false,
                              "Relation Name": "movie_info_idx",
                              "Alias": "mi_idx",
                              "Startup Cost": 8393.61,
                              "Total Cost": 22130.51,
                              "Plan Rows": 464152,
                              "Plan Width": 4,
                              "Actual Startup Time": 28.818,
                              "Actual Total Time": 92.776,
                              "Actual Rows": 460185,
                              "Actual Loops": 5,
                              "Recheck Cond": "(info_type_id > 100)",
                              "Rows Removed by Index Recheck": 0,
                              "Exact Heap Blocks": 7935,
                              "Lossy Heap Blocks": 0,
                              "Plans": [
                                {
                                  "Node Type": "Bitmap Index Scan",
                                  "Parent Relationship": "Outer",
                                  "Parallel Aware": false,
                                  "Index Name": "info_type_id_movie_info_idx",
                                  "Startup Cost": 0.0,
                                  "Total Cost": 8277.57,
                                  "Plan Rows": 464152,
                                  "Plan Width": 0,
                                  "Actual Startup Time": 27.865,
                                  "Actual Total Time": 27.866,
                                  "Actual Rows": 460185,
                                  "Actual Loops": 5,
                                  "Index Cond": "(info_type_id > 100)"
                                }
                              ]
                            }
                          ]
                        }
                      ]
                    },
                    {
                      "Node Type": "Index Only Scan",
                      "Parent Relationship": "Inner",
                      "Parallel Aware": false,
                      "Scan Direction": "Forward",
                      "Index Name": "movie_id_cast_info",
                      "Relation Name": "cast_info",
                      "Alias": "ci",
                      "Startup Cost": 0.56,
                      "Total Cost": 3.95,
                      "Plan Rows": 35,
                      "Plan Width": 4,
                      "Actual Startup Time": 0.006,
                      "Actual Total Time": 0.036,
                      "Actual Rows": 29,
                      "Actual Loops": 55809,
                      "Index Cond": "(movie_id = t.id)",
                      "Rows Removed by Index Recheck": 0,
                      "Heap Fetches": 1606970
                    }
                  ]
                }
              ]
            }
          ]
        }
      ]
    },
    "Planning Time": 0.781,
    "Triggers": [],
    "Execution Time": 991.713
  }
]