{
  "Plan": {
    "Node Type": "Aggregate",
    "Strategy": "Plain",
    "Partial Mode": "Finalize",
    "Parallel Aware": false,
    "Startup Cost": 649980.01,
    "Total Cost": 649980.02,
    "Plan Rows": 1,
    "Plan Width": 8,
    "Actual Startup Time": 2787.75,
    "Actual Total Time": 2841.055,
    "Actual Rows": 1,
    "Actual Loops": 1,
    "Plans": [
      {
        "Node Type": "Gather",
        "Parent Relationship": "Outer",
        "Parallel Aware": false,
        "Startup Cost": 649979.89,
        "Total Cost": 649980.0,
        "Plan Rows": 1,
        "Plan Width": 8,
        "Actual Startup Time": 2787.183,
        "Actual Total Time": 2841.046,
        "Actual Rows": 2,
        "Actual Loops": 1,
        "Workers Planned": 1,
        "Workers Launched": 1,
        "Single Copy": false,
        "Plans": [
          {
            "Node Type": "Aggregate",
            "Strategy": "Plain",
            "Partial Mode": "Partial",
            "Parent Relationship": "Outer",
            "Parallel Aware": false,
            "Startup Cost": 648979.89,
            "Total Cost": 648979.9,
            "Plan Rows": 1,
            "Plan Width": 8,
            "Actual Startup Time": 2780.777,
            "Actual Total Time": 2780.784,
            "Actual Rows": 1,
            "Actual Loops": 2,
            "Plans": [
              {
                "Node Type": "Hash Join",
                "Parent Relationship": "Outer",
                "Parallel Aware": true,
                "Join Type": "Inner",
                "Startup Cost": 99958.51,
                "Total Cost": 648505.3,
                "Plan Rows": 189839,
                "Plan Width": 0,
                "Actual Startup Time": 334.645,
                "Actual Total Time": 2741.723,
                "Actual Rows": 764156,
                "Actual Loops": 2,
                "Inner Unique": false,
                "Hash Cond": "(ci.movie_id = t.id)",
                "Plans": [
                  {
                    "Node Type": "Seq Scan",
                    "Parent Relationship": "Outer",
                    "Parallel Aware": true,
                    "Relation Name": "cast_info",
                    "Alias": "ci",
                    "Startup Cost": 0.0,
                    "Total Cost": 519069.44,
                    "Plan Rows": 7562836,
                    "Plan Width": 4,
                    "Actual Startup Time": 0.018,
                    "Actual Total Time": 1611.701,
                    "Actual Rows": 6429552,
                    "Actual Loops": 2,
                    "Filter": "(person_id < 1269064)",
                    "Rows Removed by Filter": 11692620
                  },
                  {
                    "Node Type": "Hash",
                    "Parent Relationship": "Inner",
                    "Parallel Aware": true,
                    "Startup Cost": 99491.86,
                    "Total Cost": 99491.86,
                    "Plan Rows": 37332,
                    "Plan Width": 8,
                    "Actual Startup Time": 333.222,
                    "Actual Total Time": 333.227,
                    "Actual Rows": 51608,
                    "Actual Loops": 2,
                    "Hash Buckets": 131072,
                    "Original Hash Buckets": 65536,
                    "Hash Batches": 1,
                    "Original Hash Batches": 1,
                    "Peak Memory Usage": 5600,
                    "Plans": [
                      {
                        "Node Type": "Hash Join",
                        "Parent Relationship": "Outer",
                        "Parallel Aware": true,
                        "Join Type": "Inner",
                        "Startup Cost": 39350.03,
                        "Total Cost": 99491.86,
                        "Plan Rows": 37332,
                        "Plan Width": 8,
                        "Actual Startup Time": 117.277,
                        "Actual Total Time": 317.85,
                        "Actual Rows": 51608,
                        "Actual Loops": 2,
                        "Inner Unique": true,
                        "Hash Cond": "(mk.movie_id = t.id)",
                        "Plans": [
                          {
                            "Node Type": "Seq Scan",
                            "Parent Relationship": "Outer",
                            "Parallel Aware": true,
                            "Relation Name": "movie_keyword",
                            "Alias": "mk",
                            "Startup Cost": 0.0,
                            "Total Cost": 57718.19,
                            "Plan Rows": 923290,
                            "Plan Width": 4,
                            "Actual Startup Time": 0.013,
                            "Actual Total Time": 173.574,
                            "Actual Rows": 792387,
                            "Actual Loops": 2,
                            "Filter": "(keyword_id < 2418)",
                            "Rows Removed by Filter": 1469578
                          },
                          {
                            "Node Type": "Hash",
                            "Parent Relationship": "Inner",
                            "Parallel Aware": true,
                            "Startup Cost": 38598.36,
                            "Total Cost": 38598.36,
                            "Plan Rows": 60134,
                            "Plan Width": 4,
                            "Actual Startup Time": 68.421,
                            "Actual Total Time": 68.422,
                            "Actual Rows": 50268,
                            "Actual Loops": 2,
                            "Hash Buckets": 131072,
                            "Original Hash Buckets": 131072,
                            "Hash Batches": 1,
                            "Original Hash Batches": 1,
                            "Peak Memory Usage": 4992,
                            "Plans": [
                              {
                                "Node Type": "Bitmap Heap Scan",
                                "Parent Relationship": "Outer",
                                "Parallel Aware": true,
                                "Relation Name": "title",
                                "Alias": "t",
                                "Startup Cost": 1848.69,
                                "Total Cost": 38598.36,
                                "Plan Rows": 60134,
                                "Plan Width": 4,
                                "Actual Startup Time": 17.544,
                                "Actual Total Time": 54.878,
                                "Actual Rows": 50268,
                                "Actual Loops": 2,
                                "Recheck Cond": "(kind_id = 3)",
                                "Rows Removed by Index Recheck": 0,
                                "Exact Heap Blocks": 10138,
                                "Lossy Heap Blocks": 0,
                                "Plans": [
                                  {
                                    "Node Type": "Bitmap Index Scan",
                                    "Parent Relationship": "Outer",
                                    "Parallel Aware": false,
                                    "Index Name": "kind_id_title",
                                    "Startup Cost": 0.0,
                                    "Total Cost": 1823.13,
                                    "Plan Rows": 102227,
                                    "Plan Width": 0,
                                    "Actual Startup Time": 16.943,
                                    "Actual Total Time": 16.944,
                                    "Actual Rows": 100537,
                                    "Actual Loops": 1,
                                    "Index Cond": "(kind_id = 3)"
                                  }
                                ]
                              }
                            ]
                          }
                        ]
                      }
                    ]
                  }
                ]
              }
            ]
          }
        ]
      }
    ]
  },
  "Planning Time": 1.08,
  "Triggers": [],
  "Execution Time": 2841.171
}