[
    {
        "Bao": {
            "Bao prediction": "NaN",
            "Bao recommended hint": "(no hint)"
        }
    },
    {
        "Plan": {
            "Node Type": "Aggregate",
            "Strategy": "Plain",
            "Partial Mode": "Finalize",
            "Parallel Aware": false,
            "Startup Cost": 403737.58,
            "Total Cost": 403737.59,
            "Plan Rows": 1,
            "Plan Width": 8,
            "Actual Startup Time": 1418.215,
            "Actual Total Time": 1448.337,
            "Actual Rows": 1,
            "Actual Loops": 1,
            "Output": [
                "count(*)"
            ],
            "Plans": [
                {
                    "Node Type": "Gather",
                    "Parent Relationship": "Outer",
                    "Parallel Aware": false,
                    "Startup Cost": 403736.95,
                    "Total Cost": 403737.56,
                    "Plan Rows": 6,
                    "Plan Width": 8,
                    "Actual Startup Time": 1406.303,
                    "Actual Total Time": 1448.327,
                    "Actual Rows": 7,
                    "Actual Loops": 1,
                    "Output": [
                        "(PARTIAL count(*))"
                    ],
                    "Workers Planned": 6,
                    "Workers Launched": 6,
                    "Single Copy": false,
                    "Plans": [
                        {
                            "Node Type": "Aggregate",
                            "Strategy": "Plain",
                            "Partial Mode": "Partial",
                            "Parent Relationship": "Outer",
                            "Parallel Aware": false,
                            "Startup Cost": 402736.95,
                            "Total Cost": 402736.96,
                            "Plan Rows": 1,
                            "Plan Width": 8,
                            "Actual Startup Time": 1396.579,
                            "Actual Total Time": 1396.582,
                            "Actual Rows": 1,
                            "Actual Loops": 7,
                            "Output": [
                                "PARTIAL count(*)"
                            ],
                            "Workers": [
                                {
                                    "Worker Number": 0,
                                    "Actual Startup Time": 1393.952,
                                    "Actual Total Time": 1393.956,
                                    "Actual Rows": 1,
                                    "Actual Loops": 1
                                },
                                {
                                    "Worker Number": 1,
                                    "Actual Startup Time": 1394.512,
                                    "Actual Total Time": 1394.515,
                                    "Actual Rows": 1,
                                    "Actual Loops": 1
                                },
                                {
                                    "Worker Number": 2,
                                    "Actual Startup Time": 1395.066,
                                    "Actual Total Time": 1395.068,
                                    "Actual Rows": 1,
                                    "Actual Loops": 1
                                },
                                {
                                    "Worker Number": 3,
                                    "Actual Startup Time": 1395.153,
                                    "Actual Total Time": 1395.156,
                                    "Actual Rows": 1,
                                    "Actual Loops": 1
                                },
                                {
                                    "Worker Number": 4,
                                    "Actual Startup Time": 1395.108,
                                    "Actual Total Time": 1395.111,
                                    "Actual Rows": 1,
                                    "Actual Loops": 1
                                },
                                {
                                    "Worker Number": 5,
                                    "Actual Startup Time": 1396.31,
                                    "Actual Total Time": 1396.312,
                                    "Actual Rows": 1,
                                    "Actual Loops": 1
                                }
                            ],
                            "Plans": [
                                {
                                    "Node Type": "Hash Join",
                                    "Parent Relationship": "Outer",
                                    "Parallel Aware": true,
                                    "Join Type": "Inner",
                                    "Startup Cost": 48743.13,
                                    "Total Cost": 398801.67,
                                    "Plan Rows": 1574115,
                                    "Plan Width": 0,
                                    "Actual Startup Time": 332.661,
                                    "Actual Total Time": 1344.217,
                                    "Actual Rows": 1121458,
                                    "Actual Loops": 7,
                                    "Inner Unique": true,
                                    "Hash Cond": "(ci.movie_id = t.id)",
                                    "Workers": [
                                        {
                                            "Worker Number": 0,
                                            "Actual Startup Time": 330.189,
                                            "Actual Total Time": 1335.18,
                                            "Actual Rows": 813731,
                                            "Actual Loops": 1
                                        },
                                        {
                                            "Worker Number": 1,
                                            "Actual Startup Time": 330.806,
                                            "Actual Total Time": 1342.296,
                                            "Actual Rows": 1176417,
                                            "Actual Loops": 1
                                        },
                                        {
                                            "Worker Number": 2,
                                            "Actual Startup Time": 331.307,
                                            "Actual Total Time": 1343.122,
                                            "Actual Rows": 1167035,
                                            "Actual Loops": 1
                                        },
                                        {
                                            "Worker Number": 3,
                                            "Actual Startup Time": 331.385,
                                            "Actual Total Time": 1343.085,
                                            "Actual Rows": 1170272,
                                            "Actual Loops": 1
                                        },
                                        {
                                            "Worker Number": 4,
                                            "Actual Startup Time": 331.342,
                                            "Actual Total Time": 1343.82,
                                            "Actual Rows": 1136137,
                                            "Actual Loops": 1
                                        },
                                        {
                                            "Worker Number": 5,
                                            "Actual Startup Time": 331.401,
                                            "Actual Total Time": 1344.197,
                                            "Actual Rows": 1171632,
                                            "Actual Loops": 1
                                        }
                                    ],
                                    "Plans": [
                                        {
                                            "Node Type": "Seq Scan",
                                            "Parent Relationship": "Outer",
                                            "Parallel Aware": true,
                                            "Relation Name": "cast_info",
                                            "Schema": "public",
                                            "Alias": "ci",
                                            "Startup Cost": 0.0,
                                            "Total Cost": 343318.94,
                                            "Plan Rows": 2567461,
                                            "Plan Width": 4,
                                            "Actual Startup Time": 160.777,
                                            "Actual Total Time": 582.321,
                                            "Actual Rows": 1939663,
                                            "Actual Loops": 7,
                                            "Output": [
                                                "ci.id",
                                                "ci.person_id",
                                                "ci.movie_id",
                                                "ci.person_role_id",
                                                "ci.note",
                                                "ci.nr_order",
                                                "ci.role_id"
                                            ],
                                            "Filter": "((ci.person_id > 1592605) AND (ci.role_id < 6))",
                                            "Rows Removed by Filter": 3238101,
                                            "Workers": [
                                                {
                                                    "Worker Number": 0,
                                                    "Actual Startup Time": 160.783,
                                                    "Actual Total Time": 612.654,
                                                    "Actual Rows": 1410987,
                                                    "Actual Loops": 1
                                                },
                                                {
                                                    "Worker Number": 1,
                                                    "Actual Startup Time": 160.692,
                                                    "Actual Total Time": 584.269,
                                                    "Actual Rows": 2023357,
                                                    "Actual Loops": 1
                                                },
                                                {
                                                    "Worker Number": 2,
                                                    "Actual Startup Time": 160.786,
                                                    "Actual Total Time": 583.484,
                                                    "Actual Rows": 2022497,
                                                    "Actual Loops": 1
                                                },
                                                {
                                                    "Worker Number": 3,
                                                    "Actual Startup Time": 160.803,
                                                    "Actual Total Time": 582.527,
                                                    "Actual Rows": 2010970,
                                                    "Actual Loops": 1
                                                },
                                                {
                                                    "Worker Number": 4,
                                                    "Actual Startup Time": 160.789,
                                                    "Actual Total Time": 582.793,
                                                    "Actual Rows": 1967642,
                                                    "Actual Loops": 1
                                                },
                                                {
                                                    "Worker Number": 5,
                                                    "Actual Startup Time": 160.792,
                                                    "Actual Total Time": 583.72,
                                                    "Actual Rows": 2024027,
                                                    "Actual Loops": 1
                                                }
                                            ]
                                        },
                                        {
                                            "Node Type": "Hash",
                                            "Parent Relationship": "Inner",
                                            "Parallel Aware": true,
                                            "Startup Cost": 43899.01,
                                            "Total Cost": 43899.01,
                                            "Plan Rows": 387530,
                                            "Plan Width": 4,
                                            "Actual Startup Time": 168.844,
                                            "Actual Total Time": 168.845,
                                            "Actual Rows": 221675,
                                            "Actual Loops": 7,
                                            "Output": [
                                                "t.id"
                                            ],
                                            "Hash Buckets": 2097152,
                                            "Original Hash Buckets": 2097152,
                                            "Hash Batches": 1,
                                            "Original Hash Batches": 1,
                                            "Peak Memory Usage": 77184,
                                            "Workers": [
                                                {
                                                    "Worker Number": 0,
                                                    "Actual Startup Time": 168.69,
                                                    "Actual Total Time": 168.692,
                                                    "Actual Rows": 152763,
                                                    "Actual Loops": 1
                                                },
                                                {
                                                    "Worker Number": 1,
                                                    "Actual Startup Time": 169.22,
                                                    "Actual Total Time": 169.221,
                                                    "Actual Rows": 220599,
                                                    "Actual Loops": 1
                                                },
                                                {
                                                    "Worker Number": 2,
                                                    "Actual Startup Time": 169.779,
                                                    "Actual Total Time": 169.78,
                                                    "Actual Rows": 225945,
                                                    "Actual Loops": 1
                                                },
                                                {
                                                    "Worker Number": 3,
                                                    "Actual Startup Time": 169.791,
                                                    "Actual Total Time": 169.792,
                                                    "Actual Rows": 216453,
                                                    "Actual Loops": 1
                                                },
                                                {
                                                    "Worker Number": 4,
                                                    "Actual Startup Time": 169.737,
                                                    "Actual Total Time": 169.738,
                                                    "Actual Rows": 216094,
                                                    "Actual Loops": 1
                                                },
                                                {
                                                    "Worker Number": 5,
                                                    "Actual Startup Time": 169.857,
                                                    "Actual Total Time": 169.858,
                                                    "Actual Rows": 219206,
                                                    "Actual Loops": 1
                                                }
                                            ],
                                            "Plans": [
                                                {
                                                    "Node Type": "Seq Scan",
                                                    "Parent Relationship": "Outer",
                                                    "Parallel Aware": true,
                                                    "Relation Name": "title",
                                                    "Schema": "public",
                                                    "Alias": "t",
                                                    "Startup Cost": 0.0,
                                                    "Total Cost": 43899.01,
                                                    "Plan Rows": 387530,
                                                    "Plan Width": 4,
                                                    "Actual Startup Time": 0.044,
                                                    "Actual Total Time": 72.588,
                                                    "Actual Rows": 221675,
                                                    "Actual Loops": 7,
                                                    "Output": [
                                                        "t.id"
                                                    ],
                                                    "Filter": "(t.production_year < 2007)",
                                                    "Rows Removed by Filter": 139512,
                                                    "Workers": [
                                                        {
                                                            "Worker Number": 0,
                                                            "Actual Startup Time": 0.059,
                                                            "Actual Total Time": 76.973,
                                                            "Actual Rows": 152763,
                                                            "Actual Loops": 1
                                                        },
                                                        {
                                                            "Worker Number": 1,
                                                            "Actual Startup Time": 0.045,
                                                            "Actual Total Time": 73.763,
                                                            "Actual Rows": 220599,
                                                            "Actual Loops": 1
                                                        },
                                                        {
                                                            "Worker Number": 2,
                                                            "Actual Startup Time": 0.046,
                                                            "Actual Total Time": 74.081,
                                                            "Actual Rows": 225945,
                                                            "Actual Loops": 1
                                                        },
                                                        {
                                                            "Worker Number": 3,
                                                            "Actual Startup Time": 0.046,
                                                            "Actual Total Time": 74.088,
                                                            "Actual Rows": 216453,
                                                            "Actual Loops": 1
                                                        },
                                                        {
                                                            "Worker Number": 4,
                                                            "Actual Startup Time": 0.048,
                                                            "Actual Total Time": 74.342,
                                                            "Actual Rows": 216094,
                                                            "Actual Loops": 1
                                                        },
                                                        {
                                                            "Worker Number": 5,
                                                            "Actual Startup Time": 0.055,
                                                            "Actual Total Time": 74.133,
                                                            "Actual Rows": 219206,
                                                            "Actual Loops": 1
                                                        }
                                                    ]
                                                }
                                            ]
                                        }
                                    ]
                                }
                            ]
                        }
                    ]
                }
            ]
        },
        "Planning Time": 175.31,
        "Triggers": [],
        "Execution Time": 1448.394
    }
]