{
  "Plan": {
    "Node Type": "Aggregate",
    "Strategy": "Plain",
    "Partial Mode": "Finalize",
    "Parallel Aware": false,
    "Startup Cost": 735114.08,
    "Total Cost": 735114.09,
    "Plan Rows": 1,
    "Plan Width": 64,
    "Actual Startup Time": 4194.515,
    "Actual Total Time": 4259.251,
    "Actual Rows": 1,
    "Actual Loops": 1,
    "Plans": [
      {
        "Node Type": "Gather",
        "Parent Relationship": "Outer",
        "Parallel Aware": false,
        "Startup Cost": 735113.97,
        "Total Cost": 735114.08,
        "Plan Rows": 1,
        "Plan Width": 64,
        "Actual Startup Time": 4180.065,
        "Actual Total Time": 4259.237,
        "Actual Rows": 2,
        "Actual Loops": 1,
        "Workers Planned": 1,
        "Workers Launched": 1,
        "Single Copy": false,
        "Plans": [
          {
            "Node Type": "Aggregate",
            "Strategy": "Plain",
            "Partial Mode": "Partial",
            "Parent Relationship": "Outer",
            "Parallel Aware": false,
            "Startup Cost": 734113.97,
            "Total Cost": 734113.98,
            "Plan Rows": 1,
            "Plan Width": 64,
            "Actual Startup Time": 4173.114,
            "Actual Total Time": 4173.129,
            "Actual Rows": 1,
            "Actual Loops": 2,
            "Plans": [
              {
                "Node Type": "Hash Join",
                "Parent Relationship": "Outer",
                "Parallel Aware": false,
                "Join Type": "Inner",
                "Startup Cost": 685991.73,
                "Total Cost": 732900.67,
                "Plan Rows": 242659,
                "Plan Width": 33,
                "Actual Startup Time": 3983.021,
                "Actual Total Time": 4173.108,
                "Actual Rows": 7,
                "Actual Loops": 2,
                "Inner Unique": true,
                "Hash Cond": "(mc.company_type_id = ct.id)",
                "Plans": [
                  {
                    "Node Type": "Hash Join",
                    "Parent Relationship": "Outer",
                    "Parallel Aware": true,
                    "Join Type": "Inner",
                    "Startup Cost": 685990.64,
                    "Total Cost": 731587.71,
                    "Plan Rows": 242659,
                    "Plan Width": 37,
                    "Actual Startup Time": 3982.604,
                    "Actual Total Time": 4172.682,
                    "Actual Rows": 7,
                    "Actual Loops": 2,
                    "Inner Unique": true,
                    "Hash Cond": "(mc.company_id = cn.id)",
                    "Plans": [
                      {
                        "Node Type": "Hash Join",
                        "Parent Relationship": "Outer",
                        "Parallel Aware": true,
                        "Join Type": "Inner",
                        "Startup Cost": 680642.34,
                        "Total Cost": 724479.43,
                        "Plan Rows": 670453,
                        "Plan Width": 41,
                        "Actual Startup Time": 3931.227,
                        "Actual Total Time": 4126.816,
                        "Actual Rows": 16,
                        "Actual Loops": 2,
                        "Inner Unique": false,
                        "Hash Cond": "(mc.movie_id = t.id)",
                        "Plans": [
                          {
                            "Node Type": "Seq Scan",
                            "Parent Relationship": "Outer",
                            "Parallel Aware": true,
                            "Relation Name": "movie_companies",
                            "Alias": "mc",
                            "Startup Cost": 0.0,
                            "Total Cost": 34137.82,
                            "Plan Rows": 1534782,
                            "Plan Width": 12,
                            "Actual Startup Time": 0.015,
                            "Actual Total Time": 97.76,
                            "Actual Rows": 1304564,
                            "Actual Loops": 2
                          },
                          {
                            "Node Type": "Hash",
                            "Parent Relationship": "Inner",
                            "Parallel Aware": true,
                            "Startup Cost": 672521.26,
                            "Total Cost": 672521.26,
                            "Plan Rows": 649686,
                            "Plan Width": 41,
                            "Actual Startup Time": 3854.665,
                            "Actual Total Time": 3854.675,
                            "Actual Rows": 8,
                            "Actual Loops": 2,
                            "Hash Buckets": 2097152,
                            "Original Hash Buckets": 2097152,
                            "Hash Batches": 1,
                            "Original Hash Batches": 1,
                            "Peak Memory Usage": 16448,
                            "Plans": [
                              {
                                "Node Type": "Hash Join",
                                "Parent Relationship": "Outer",
                                "Parallel Aware": false,
                                "Join Type": "Inner",
                                "Startup Cost": 146748.13,
                                "Total Cost": 672521.26,
                                "Plan Rows": 649686,
                                "Plan Width": 41,
                                "Actual Startup Time": 1820.207,
                                "Actual Total Time": 3843.666,
                                "Actual Rows": 8,
                                "Actual Loops": 2,
                                "Inner Unique": true,
                                "Hash Cond": "(ci.role_id = rt.id)",
                                "Plans": [
                                  {
                                    "Node Type": "Hash Join",
                                    "Parent Relationship": "Outer",
                                    "Parallel Aware": true,
                                    "Join Type": "Inner",
                                    "Startup Cost": 146746.86,
                                    "Total Cost": 670212.26,
                                    "Plan Rows": 649686,
                                    "Plan Width": 45,
                                    "Actual Startup Time": 1820.139,
                                    "Actual Total Time": 3843.58,
                                    "Actual Rows": 8,
                                    "Actual Loops": 2,
                                    "Inner Unique": true,
                                    "Hash Cond": "(ci.person_role_id = chn.id)",
                                    "Plans": [
                                      {
                                        "Node Type": "Hash Join",
                                        "Parent Relationship": "Outer",
                                        "Parallel Aware": true,
                                        "Join Type": "Inner",
                                        "Startup Cost": 68733.69,
                                        "Total Cost": 590493.67,
                                        "Plan Rows": 649686,
                                        "Plan Width": 33,
                                        "Actual Startup Time": 829.645,
                                        "Actual Total Time": 2823.404,
                                        "Actual Rows": 524645,
                                        "Actual Loops": 2,
                                        "Inner Unique": true,
                                        "Hash Cond": "(ci.movie_id = t.id)",
                                        "Plans": [
                                          {
                                            "Node Type": "Seq Scan",
                                            "Parent Relationship": "Outer",
                                            "Parallel Aware": true,
                                            "Relation Name": "cast_info",
                                            "Alias": "ci",
                                            "Startup Cost": 0.0,
                                            "Total Cost": 519518.59,
                                            "Plan Rows": 853861,
                                            "Plan Width": 12,
                                            "Actual Startup Time": 187.416,
                                            "Actual Total Time": 1769.123,
                                            "Actual Rows": 717720,
                                            "Actual Loops": 2,
                                            "Filter": "(note ~~ '%(producer)%'::text)",
                                            "Rows Removed by Filter": 17404452
                                          },
                                          {
                                            "Node Type": "Hash",
                                            "Parent Relationship": "Inner",
                                            "Parallel Aware": true,
                                            "Startup Cost": 54588.53,
                                            "Total Cost": 54588.53,
                                            "Plan Rows": 1131613,
                                            "Plan Width": 21,
                                            "Actual Startup Time": 631.45,
                                            "Actual Total Time": 631.452,
                                            "Actual Rows": 961424,
                                            "Actual Loops": 2,
                                            "Hash Buckets": 2097152,
                                            "Original Hash Buckets": 2097152,
                                            "Hash Batches": 1,
                                            "Original Hash Batches": 1,
                                            "Peak Memory Usage": 124416,
                                            "Plans": [
                                              {
                                                "Node Type": "Seq Scan",
                                                "Parent Relationship": "Outer",
                                                "Parallel Aware": true,
                                                "Relation Name": "title",
                                                "Alias": "t",
                                                "Startup Cost": 0.0,
                                                "Total Cost": 54588.53,
                                                "Plan Rows": 1131613,
                                                "Plan Width": 21,
                                                "Actual Startup Time": 0.034,
                                                "Actual Total Time": 215.823,
                                                "Actual Rows": 961424,
                                                "Actual Loops": 2,
                                                "Filter": "(production_year < 2010)",
                                                "Rows Removed by Filter": 302732
                                              }
                                            ]
                                          }
                                        ]
                                      },
                                      {
                                        "Node Type": "Hash",
                                        "Parent Relationship": "Inner",
                                        "Parallel Aware": true,
                                        "Startup Cost": 54921.41,
                                        "Total Cost": 54921.41,
                                        "Plan Rows": 1847341,
                                        "Plan Width": 20,
                                        "Actual Startup Time": 972.013,
                                        "Actual Total Time": 972.014,
                                        "Actual Rows": 1570170,
                                        "Actual Loops": 2,
                                        "Hash Buckets": 4194304,
                                        "Original Hash Buckets": 4194304,
                                        "Hash Batches": 1,
                                        "Original Hash Batches": 1,
                                        "Peak Memory Usage": 205088,
                                        "Plans": [
                                          {
                                            "Node Type": "Seq Scan",
                                            "Parent Relationship": "Outer",
                                            "Parallel Aware": true,
                                            "Relation Name": "char_name",
                                            "Alias": "chn",
                                            "Startup Cost": 0.0,
                                            "Total Cost": 54921.41,
                                            "Plan Rows": 1847341,
                                            "Plan Width": 20,
                                            "Actual Startup Time": 0.035,
                                            "Actual Total Time": 235.591,
                                            "Actual Rows": 1570170,
                                            "Actual Loops": 2
                                          }
                                        ]
                                      }
                                    ]
                                  },
                                  {
                                    "Node Type": "Hash",
                                    "Parent Relationship": "Inner",
                                    "Parallel Aware": false,
                                    "Startup Cost": 1.12,
                                    "Total Cost": 1.12,
                                    "Plan Rows": 12,
                                    "Plan Width": 4,
                                    "Actual Startup Time": 0.04,
                                    "Actual Total Time": 0.041,
                                    "Actual Rows": 12,
                                    "Actual Loops": 2,
                                    "Hash Buckets": 1024,
                                    "Original Hash Buckets": 1024,
                                    "Hash Batches": 1,
                                    "Original Hash Batches": 1,
                                    "Peak Memory Usage": 9,
                                    "Plans": [
                                      {
                                        "Node Type": "Seq Scan",
                                        "Parent Relationship": "Outer",
                                        "Parallel Aware": false,
                                        "Relation Name": "role_type",
                                        "Alias": "rt",
                                        "Startup Cost": 0.0,
                                        "Total Cost": 1.12,
                                        "Plan Rows": 12,
                                        "Plan Width": 4,
                                        "Actual Startup Time": 0.028,
                                        "Actual Total Time": 0.031,
                                        "Actual Rows": 12,
                                        "Actual Loops": 2
                                      }
                                    ]
                                  }
                                ]
                              }
                            ]
                          }
                        ]
                      },
                      {
                        "Node Type": "Hash",
                        "Parent Relationship": "Inner",
                        "Parallel Aware": true,
                        "Startup Cost": 4722.92,
                        "Total Cost": 4722.92,
                        "Plan Rows": 50031,
                        "Plan Width": 4,
                        "Actual Startup Time": 43.509,
                        "Actual Total Time": 43.51,
                        "Actual Rows": 42422,
                        "Actual Loops": 2,
                        "Hash Buckets": 131072,
                        "Original Hash Buckets": 131072,
                        "Hash Batches": 1,
                        "Original Hash Batches": 1,
                        "Peak Memory Usage": 4352,
                        "Plans": [
                          {
                            "Node Type": "Seq Scan",
                            "Parent Relationship": "Outer",
                            "Parallel Aware": true,
                            "Relation Name": "company_name",
                            "Alias": "cn",
                            "Startup Cost": 0.0,
                            "Total Cost": 4722.92,
                            "Plan Rows": 50031,
                            "Plan Width": 4,
                            "Actual Startup Time": 0.037,
                            "Actual Total Time": 27.539,
                            "Actual Rows": 42422,
                            "Actual Loops": 2,
                            "Filter": "((country_code)::text = '[us]'::text)",
                            "Rows Removed by Filter": 75077
                          }
                        ]
                      }
                    ]
                  },
                  {
                    "Node Type": "Hash",
                    "Parent Relationship": "Inner",
                    "Parallel Aware": false,
                    "Startup Cost": 1.04,
                    "Total Cost": 1.04,
                    "Plan Rows": 4,
                    "Plan Width": 4,
                    "Actual Startup Time": 0.065,
                    "Actual Total Time": 0.066,
                    "Actual Rows": 4,
                    "Actual Loops": 2,
                    "Hash Buckets": 1024,
                    "Original Hash Buckets": 1024,
                    "Hash Batches": 1,
                    "Original Hash Batches": 1,
                    "Peak Memory Usage": 9,
                    "Plans": [
                      {
                        "Node Type": "Seq Scan",
                        "Parent Relationship": "Outer",
                        "Parallel Aware": false,
                        "Relation Name": "company_type",
                        "Alias": "ct",
                        "Startup Cost": 0.0,
                        "Total Cost": 1.04,
                        "Plan Rows": 4,
                        "Plan Width": 4,
                        "Actual Startup Time": 0.039,
                        "Actual Total Time": 0.043,
                        "Actual Rows": 4,
                        "Actual Loops": 2
                      }
                    ]
                  }
                ]
              }
            ]
          }
        ]
      }
    ]
  },
  "Planning Time": 2.193,
  "Triggers": [],
  "Execution Time": 4259.417
}