[
  {
    "Plan": {
      "Node Type": "Aggregate",
      "Strategy": "Plain",
      "Partial Mode": "Finalize",
      "Parallel Aware": false,
      "Startup Cost": 43906.19,
      "Total Cost": 43906.2,
      "Plan Rows": 1,
      "Plan Width": 8,
      "Actual Startup Time": 134.279,
      "Actual Total Time": 143.473,
      "Actual Rows": 1,
      "Actual Loops": 1,
      "Plans": [
        {
          "Node Type": "Gather",
          "Parent Relationship": "Outer",
          "Parallel Aware": false,
          "Startup Cost": 43905.87,
          "Total Cost": 43906.18,
          "Plan Rows": 3,
          "Plan Width": 8,
          "Actual Startup Time": 133.803,
          "Actual Total Time": 143.464,
          "Actual Rows": 4,
          "Actual Loops": 1,
          "Workers Planned": 3,
          "Workers Launched": 3,
          "Single Copy": false,
          "Plans": [
            {
              "Node Type": "Aggregate",
              "Strategy": "Plain",
              "Partial Mode": "Partial",
              "Parent Relationship": "Outer",
              "Parallel Aware": false,
              "Startup Cost": 42905.87,
              "Total Cost": 42905.88,
              "Plan Rows": 1,
              "Plan Width": 8,
              "Actual Startup Time": 128.666,
              "Actual Total Time": 128.669,
              "Actual Rows": 1,
              "Actual Loops": 4,
              "Plans": [
                {
                  "Node Type": "Bitmap Heap Scan",
                  "Parent Relationship": "Outer",
                  "Parallel Aware": true,
                  "Relation Name": "movie_keyword",
                  "Alias": "mk",
                  "Startup Cost": 15025.05,
                  "Total Cost": 42334.73,
                  "Plan Rows": 228455,
                  "Plan Width": 0,
                  "Actual Startup Time": 40.508,
                  "Actual Total Time": 118.907,
                  "Actual Rows": 177597,
                  "Actual Loops": 4,
                  "Recheck Cond": "(keyword_id < 607)",
                  "Rows Removed by Index Recheck": 0,
                  "Exact Heap Blocks": 9858,
                  "Lossy Heap Blocks": 0,
                  "Plans": [
                    {
                      "Node Type": "Bitmap Index Scan",
                      "Parent Relationship": "Outer",
                      "Parallel Aware": false,
                      "Index Name": "keyword_id_movie_keyword",
                      "Startup Cost": 0.0,
                      "Total Cost": 14848.0,
                      "Plan Rows": 708209,
                      "Plan Width": 0,
                      "Actual Startup Time": 41.679,
                      "Actual Total Time": 41.679,
                      "Actual Rows": 710389,
                      "Actual Loops": 1,
                      "Index Cond": "(keyword_id < 607)"
                    }
                  ]
                }
              ]
            }
          ]
        }
      ]
    },
    "Planning Time": 0.117,
    "Triggers": [],
    "Execution Time": 143.512
  }
]