{
  "Plan": {
    "Node Type": "Aggregate",
    "Strategy": "Plain",
    "Partial Mode": "Finalize",
    "Parallel Aware": false,
    "Startup Cost": 1483163.29,
    "Total Cost": 1483163.3,
    "Plan Rows": 1,
    "Plan Width": 8,
    "Actual Startup Time": 11181.113,
    "Actual Total Time": 11256.579,
    "Actual Rows": 1,
    "Actual Loops": 1,
    "Plans": [
      {
        "Node Type": "Gather",
        "Parent Relationship": "Outer",
        "Parallel Aware": false,
        "Startup Cost": 1483163.18,
        "Total Cost": 1483163.29,
        "Plan Rows": 1,
        "Plan Width": 8,
        "Actual Startup Time": 11181.107,
        "Actual Total Time": 11256.572,
        "Actual Rows": 2,
        "Actual Loops": 1,
        "Workers Planned": 1,
        "Workers Launched": 1,
        "Single Copy": false,
        "Plans": [
          {
            "Node Type": "Aggregate",
            "Strategy": "Plain",
            "Partial Mode": "Partial",
            "Parent Relationship": "Outer",
            "Parallel Aware": false,
            "Startup Cost": 1482163.18,
            "Total Cost": 1482163.19,
            "Plan Rows": 1,
            "Plan Width": 8,
            "Actual Startup Time": 11174.925,
            "Actual Total Time": 11174.926,
            "Actual Rows": 1,
            "Actual Loops": 2,
            "Plans": [
              {
                "Node Type": "Merge Join",
                "Parent Relationship": "Outer",
                "Parallel Aware": false,
                "Join Type": "Inner",
                "Startup Cost": 10.13,
                "Total Cost": 1460929.54,
                "Plan Rows": 8493458,
                "Plan Width": 0,
                "Actual Startup Time": 6.804,
                "Actual Total Time": 9847.32,
                "Actual Rows": 32878869,
                "Actual Loops": 2,
                "Inner Unique": false,
                "Merge Cond": "(mi.movie_id = t.id)",
                "Plans": [
                  {
                    "Node Type": "Index Only Scan",
                    "Parent Relationship": "Outer",
                    "Parallel Aware": true,
                    "Scan Direction": "Forward",
                    "Index Name": "movie_id_movie_info",
                    "Relation Name": "movie_info",
                    "Alias": "mi",
                    "Startup Cost": 0.43,
                    "Total Cost": 1018223.42,
                    "Plan Rows": 8696274,
                    "Plan Width": 4,
                    "Actual Startup Time": 0.128,
                    "Actual Total Time": 2455.907,
                    "Actual Rows": 7417233,
                    "Actual Loops": 2,
                    "Heap Fetches": 14834466
                  },
                  {
                    "Node Type": "Materialize",
                    "Parent Relationship": "Inner",
                    "Parallel Aware": false,
                    "Startup Cost": 3.32,
                    "Total Cost": 299967.59,
                    "Plan Rows": 2469328,
                    "Plan Width": 8,
                    "Actual Startup Time": 0.266,
                    "Actual Total Time": 3953.431,
                    "Actual Rows": 34099416,
                    "Actual Loops": 2,
                    "Plans": [
                      {
                        "Node Type": "Merge Join",
                        "Parent Relationship": "Outer",
                        "Parallel Aware": false,
                        "Join Type": "Inner",
                        "Startup Cost": 3.32,
                        "Total Cost": 293794.27,
                        "Plan Rows": 2469328,
                        "Plan Width": 8,
                        "Actual Startup Time": 0.256,
                        "Actual Total Time": 2532.502,
                        "Actual Rows": 2453341,
                        "Actual Loops": 2,
                        "Inner Unique": true,
                        "Merge Cond": "(mc.movie_id = t.id)",
                        "Plans": [
                          {
                            "Node Type": "Index Only Scan",
                            "Parent Relationship": "Outer",
                            "Parallel Aware": false,
                            "Scan Direction": "Forward",
                            "Index Name": "movie_id_movie_companies",
                            "Relation Name": "movie_companies",
                            "Alias": "mc",
                            "Startup Cost": 0.43,
                            "Total Cost": 140059.44,
                            "Plan Rows": 2609129,
                            "Plan Width": 4,
                            "Actual Startup Time": 0.133,
                            "Actual Total Time": 718.061,
                            "Actual Rows": 2609129,
                            "Actual Loops": 2,
                            "Heap Fetches": 5218258
                          },
                          {
                            "Node Type": "Index Scan",
                            "Parent Relationship": "Inner",
                            "Parallel Aware": false,
                            "Scan Direction": "Forward",
                            "Index Name": "title_pkey",
                            "Relation Name": "title",
                            "Alias": "t",
                            "Startup Cost": 0.43,
                            "Total Cost": 116660.7,
                            "Plan Rows": 2392823,
                            "Plan Width": 4,
                            "Actual Startup Time": 0.098,
                            "Actual Total Time": 1366.799,
                            "Actual Rows": 2387515,
                            "Actual Loops": 2,
                            "Filter": "(production_year > 1915)",
                            "Rows Removed by Filter": 138230
                          }
                        ]
                      }
                    ]
                  }
                ]
              }
            ]
          }
        ]
      }
    ]
  },
  "Planning Time": 1.048,
  "Triggers": [],
  "Execution Time": 11256.693
}