[
  {
    "Plan": {
      "Node Type": "Aggregate",
      "Strategy": "Plain",
      "Partial Mode": "Finalize",
      "Parallel Aware": false,
      "Startup Cost": 46160.12,
      "Total Cost": 46160.13,
      "Plan Rows": 1,
      "Plan Width": 8,
      "Actual Startup Time": 156.886,
      "Actual Total Time": 166.847,
      "Actual Rows": 1,
      "Actual Loops": 1,
      "Plans": [
        {
          "Node Type": "Gather",
          "Parent Relationship": "Outer",
          "Parallel Aware": false,
          "Startup Cost": 46159.8,
          "Total Cost": 46160.11,
          "Plan Rows": 3,
          "Plan Width": 8,
          "Actual Startup Time": 156.753,
          "Actual Total Time": 166.84,
          "Actual Rows": 4,
          "Actual Loops": 1,
          "Workers Planned": 3,
          "Workers Launched": 3,
          "Single Copy": false,
          "Plans": [
            {
              "Node Type": "Aggregate",
              "Strategy": "Plain",
              "Partial Mode": "Partial",
              "Parent Relationship": "Outer",
              "Parallel Aware": false,
              "Startup Cost": 45159.8,
              "Total Cost": 45159.81,
              "Plan Rows": 1,
              "Plan Width": 8,
              "Actual Startup Time": 150.963,
              "Actual Total Time": 150.964,
              "Actual Rows": 1,
              "Actual Loops": 4,
              "Plans": [
                {
                  "Node Type": "Seq Scan",
                  "Parent Relationship": "Outer",
                  "Parallel Aware": true,
                  "Relation Name": "movie_keyword",
                  "Alias": "mk",
                  "Startup Cost": 0.0,
                  "Total Cost": 42695.65,
                  "Plan Rows": 985660,
                  "Plan Width": 0,
                  "Actual Startup Time": 0.043,
                  "Actual Total Time": 118.135,
                  "Actual Rows": 761820,
                  "Actual Loops": 4,
                  "Filter": "(keyword_id < 11136)",
                  "Rows Removed by Filter": 369162
                }
              ]
            }
          ]
        }
      ]
    },
    "Planning Time": 0.15,
    "Triggers": [],
    "Execution Time": 166.892
  }
]