[
  {
    "Plan": {
      "Node Type": "Aggregate",
      "Strategy": "Plain",
      "Partial Mode": "Finalize",
      "Parallel Aware": false,
      "Startup Cost": 445589.79,
      "Total Cost": 445589.8,
      "Plan Rows": 1,
      "Plan Width": 8,
      "Actual Startup Time": 963.784,
      "Actual Total Time": 1048.589,
      "Actual Rows": 1,
      "Actual Loops": 1,
      "Plans": [
        {
          "Node Type": "Gather",
          "Parent Relationship": "Outer",
          "Parallel Aware": false,
          "Startup Cost": 445589.26,
          "Total Cost": 445589.77,
          "Plan Rows": 5,
          "Plan Width": 8,
          "Actual Startup Time": 960.145,
          "Actual Total Time": 1048.569,
          "Actual Rows": 6,
          "Actual Loops": 1,
          "Workers Planned": 5,
          "Workers Launched": 5,
          "Single Copy": false,
          "Plans": [
            {
              "Node Type": "Aggregate",
              "Strategy": "Plain",
              "Partial Mode": "Partial",
              "Parent Relationship": "Outer",
              "Parallel Aware": false,
              "Startup Cost": 444589.26,
              "Total Cost": 444589.27,
              "Plan Rows": 1,
              "Plan Width": 8,
              "Actual Startup Time": 951.762,
              "Actual Total Time": 951.767,
              "Actual Rows": 1,
              "Actual Loops": 6,
              "Plans": [
                {
                  "Node Type": "Nested Loop",
                  "Parent Relationship": "Outer",
                  "Parallel Aware": false,
                  "Join Type": "Inner",
                  "Startup Cost": 65251.89,
                  "Total Cost": 443703.11,
                  "Plan Rows": 354461,
                  "Plan Width": 0,
                  "Actual Startup Time": 205.398,
                  "Actual Total Time": 940.054,
                  "Actual Rows": 192714,
                  "Actual Loops": 6,
                  "Inner Unique": false,
                  "Plans": [
                    {
                      "Node Type": "Hash Join",
                      "Parent Relationship": "Outer",
                      "Parallel Aware": true,
                      "Join Type": "Inner",
                      "Startup Cost": 65251.32,
                      "Total Cost": 230020.36,
                      "Plan Rows": 74034,
                      "Plan Width": 8,
                      "Actual Startup Time": 204.639,
                      "Actual Total Time": 304.599,
                      "Actual Rows": 15422,
                      "Actual Loops": 6,
                      "Inner Unique": true,
                      "Hash Cond": "(mi.movie_id = t.id)",
                      "Plans": [
                        {
                          "Node Type": "Bitmap Heap Scan",
                          "Parent Relationship": "Outer",
                          "Parallel Aware": true,
                          "Relation Name": "movie_info",
                          "Alias": "mi",
                          "Startup Cost": 16584.61,
                          "Total Cost": 180871.86,
                          "Plan Rows": 183540,
                          "Plan Width": 4,
                          "Actual Startup Time": 40.671,
                          "Actual Total Time": 95.341,
                          "Actual Rows": 150057,
                          "Actual Loops": 6,
                          "Recheck Cond": "(info_type_id > 94)",
                          "Rows Removed by Index Recheck": 0,
                          "Exact Heap Blocks": 8988,
                          "Lossy Heap Blocks": 0,
                          "Plans": [
                            {
                              "Node Type": "Bitmap Index Scan",
                              "Parent Relationship": "Outer",
                              "Parallel Aware": false,
                              "Index Name": "info_type_id_movie_info",
                              "Startup Cost": 0.0,
                              "Total Cost": 16355.18,
                              "Plan Rows": 917700,
                              "Plan Width": 0,
                              "Actual Startup Time": 35.304,
                              "Actual Total Time": 35.305,
                              "Actual Rows": 900340,
                              "Actual Loops": 1,
                              "Index Cond": "(info_type_id > 94)"
                            }
                          ]
                        },
                        {
                          "Node Type": "Hash",
                          "Parent Relationship": "Inner",
                          "Parallel Aware": true,
                          "Startup Cost": 45479.59,
                          "Total Cost": 45479.59,
                          "Plan Rows": 254970,
                          "Plan Width": 4,
                          "Actual Startup Time": 151.157,
                          "Actual Total Time": 151.158,
                          "Actual Rows": 160019,
                          "Actual Loops": 6,
                          "Hash Buckets": 1048576,
                          "Original Hash Buckets": 1048576,
                          "Hash Batches": 1,
                          "Original Hash Batches": 1,
                          "Peak Memory Usage": 45856,
                          "Plans": [
                            {
                              "Node Type": "Seq Scan",
                              "Parent Relationship": "Outer",
                              "Parallel Aware": true,
                              "Relation Name": "title",
                              "Alias": "t",
                              "Startup Cost": 0.0,
                              "Total Cost": 45479.59,
                              "Plan Rows": 254970,
                              "Plan Width": 4,
                              "Actual Startup Time": 0.033,
                              "Actual Total Time": 84.539,
                              "Actual Rows": 160019,
                              "Actual Loops": 6,
                              "Filter": "((production_year < 2008) AND (kind_id = 7))",
                              "Rows Removed by Filter": 261366
                            }
                          ]
                        }
                      ]
                    },
                    {
                      "Node Type": "Index Scan",
                      "Parent Relationship": "Inner",
                      "Parallel Aware": false,
                      "Scan Direction": "Forward",
                      "Index Name": "movie_id_cast_info",
                      "Relation Name": "cast_info",
                      "Alias": "ci",
                      "Startup Cost": 0.56,
                      "Total Cost": 2.77,
                      "Plan Rows": 12,
                      "Plan Width": 4,
                      "Actual Startup Time": 0.028,
                      "Actual Total Time": 0.04,
                      "Actual Rows": 12,
                      "Actual Loops": 92529,
                      "Index Cond": "(movie_id = t.id)",
                      "Rows Removed by Index Recheck": 0,
                      "Filter": "(role_id > 3)",
                      "Rows Removed by Filter": 19
                    }
                  ]
                }
              ]
            }
          ]
        }
      ]
    },
    "Planning Time": 0.51,
    "Triggers": [],
    "Execution Time": 1048.667
  }
]