[
    {
        "Bao": {
            "Bao prediction": 499.098,
            "Bao recommended hint": "(no hint)"
        }
    },
    {
        "Plan": {
            "Node Type": "Aggregate",
            "Strategy": "Plain",
            "Partial Mode": "Finalize",
            "Parallel Aware": false,
            "Startup Cost": 351313.9,
            "Total Cost": 351313.91,
            "Plan Rows": 1,
            "Plan Width": 8,
            "Actual Startup Time": 929.549,
            "Actual Total Time": 962.318,
            "Actual Rows": 1,
            "Actual Loops": 1,
            "Output": [
                "count(*)"
            ],
            "Plans": [
                {
                    "Node Type": "Gather",
                    "Parent Relationship": "Outer",
                    "Parallel Aware": false,
                    "Startup Cost": 351313.27,
                    "Total Cost": 351313.88,
                    "Plan Rows": 6,
                    "Plan Width": 8,
                    "Actual Startup Time": 929.414,
                    "Actual Total Time": 962.309,
                    "Actual Rows": 7,
                    "Actual Loops": 1,
                    "Output": [
                        "(PARTIAL count(*))"
                    ],
                    "Workers Planned": 6,
                    "Workers Launched": 6,
                    "Single Copy": false,
                    "Plans": [
                        {
                            "Node Type": "Aggregate",
                            "Strategy": "Plain",
                            "Partial Mode": "Partial",
                            "Parent Relationship": "Outer",
                            "Parallel Aware": false,
                            "Startup Cost": 350313.27,
                            "Total Cost": 350313.28,
                            "Plan Rows": 1,
                            "Plan Width": 8,
                            "Actual Startup Time": 919.904,
                            "Actual Total Time": 919.906,
                            "Actual Rows": 1,
                            "Actual Loops": 7,
                            "Output": [
                                "PARTIAL count(*)"
                            ],
                            "Workers": [
                                {
                                    "Worker Number": 0,
                                    "Actual Startup Time": 917.923,
                                    "Actual Total Time": 917.925,
                                    "Actual Rows": 1,
                                    "Actual Loops": 1
                                },
                                {
                                    "Worker Number": 1,
                                    "Actual Startup Time": 918.093,
                                    "Actual Total Time": 918.094,
                                    "Actual Rows": 1,
                                    "Actual Loops": 1
                                },
                                {
                                    "Worker Number": 2,
                                    "Actual Startup Time": 918.224,
                                    "Actual Total Time": 918.225,
                                    "Actual Rows": 1,
                                    "Actual Loops": 1
                                },
                                {
                                    "Worker Number": 3,
                                    "Actual Startup Time": 918.213,
                                    "Actual Total Time": 918.215,
                                    "Actual Rows": 1,
                                    "Actual Loops": 1
                                },
                                {
                                    "Worker Number": 4,
                                    "Actual Startup Time": 919.027,
                                    "Actual Total Time": 919.029,
                                    "Actual Rows": 1,
                                    "Actual Loops": 1
                                },
                                {
                                    "Worker Number": 5,
                                    "Actual Startup Time": 919.293,
                                    "Actual Total Time": 919.294,
                                    "Actual Rows": 1,
                                    "Actual Loops": 1
                                }
                            ],
                            "Plans": [
                                {
                                    "Node Type": "Seq Scan",
                                    "Parent Relationship": "Outer",
                                    "Parallel Aware": true,
                                    "Relation Name": "cast_info",
                                    "Schema": "public",
                                    "Alias": "ci",
                                    "Startup Cost": 0.0,
                                    "Total Cost": 343318.94,
                                    "Plan Rows": 2797732,
                                    "Plan Width": 0,
                                    "Actual Startup Time": 272.841,
                                    "Actual Total Time": 807.143,
                                    "Actual Rows": 1884903,
                                    "Actual Loops": 7,
                                    "Output": [
                                        "id",
                                        "person_id",
                                        "movie_id",
                                        "person_role_id",
                                        "note",
                                        "nr_order",
                                        "role_id"
                                    ],
                                    "Filter": "((ci.person_id < 2672926) AND (ci.role_id > 1))",
                                    "Rows Removed by Filter": 3292860,
                                    "Workers": [
                                        {
                                            "Worker Number": 0,
                                            "Actual Startup Time": 270.846,
                                            "Actual Total Time": 806.997,
                                            "Actual Rows": 1656272,
                                            "Actual Loops": 1
                                        },
                                        {
                                            "Worker Number": 1,
                                            "Actual Startup Time": 271.048,
                                            "Actual Total Time": 806.247,
                                            "Actual Rows": 1672814,
                                            "Actual Loops": 1
                                        },
                                        {
                                            "Worker Number": 2,
                                            "Actual Startup Time": 271.157,
                                            "Actual Total Time": 807.463,
                                            "Actual Rows": 1660337,
                                            "Actual Loops": 1
                                        },
                                        {
                                            "Worker Number": 3,
                                            "Actual Startup Time": 271.133,
                                            "Actual Total Time": 806.981,
                                            "Actual Rows": 1663573,
                                            "Actual Loops": 1
                                        },
                                        {
                                            "Worker Number": 4,
                                            "Actual Startup Time": 271.979,
                                            "Actual Total Time": 806.741,
                                            "Actual Rows": 1681279,
                                            "Actual Loops": 1
                                        },
                                        {
                                            "Worker Number": 5,
                                            "Actual Startup Time": 272.24,
                                            "Actual Total Time": 807.287,
                                            "Actual Rows": 1675741,
                                            "Actual Loops": 1
                                        }
                                    ]
                                }
                            ]
                        }
                    ]
                }
            ]
        },
        "Planning Time": 792.218,
        "Triggers": [],
        "Execution Time": 962.423
    }
]