[
  {
    "Plan": {
      "Node Type": "Aggregate",
      "Strategy": "Plain",
      "Partial Mode": "Finalize",
      "Parallel Aware": false,
      "Startup Cost": 44979.48,
      "Total Cost": 44979.49,
      "Plan Rows": 1,
      "Plan Width": 8,
      "Actual Startup Time": 139.512,
      "Actual Total Time": 149.757,
      "Actual Rows": 1,
      "Actual Loops": 1,
      "Plans": [
        {
          "Node Type": "Gather",
          "Parent Relationship": "Outer",
          "Parallel Aware": false,
          "Startup Cost": 44979.17,
          "Total Cost": 44979.48,
          "Plan Rows": 3,
          "Plan Width": 8,
          "Actual Startup Time": 139.378,
          "Actual Total Time": 149.743,
          "Actual Rows": 4,
          "Actual Loops": 1,
          "Workers Planned": 3,
          "Workers Launched": 3,
          "Single Copy": false,
          "Plans": [
            {
              "Node Type": "Aggregate",
              "Strategy": "Plain",
              "Partial Mode": "Partial",
              "Parent Relationship": "Outer",
              "Parallel Aware": false,
              "Startup Cost": 43979.17,
              "Total Cost": 43979.18,
              "Plan Rows": 1,
              "Plan Width": 8,
              "Actual Startup Time": 132.477,
              "Actual Total Time": 132.478,
              "Actual Rows": 1,
              "Actual Loops": 4,
              "Plans": [
                {
                  "Node Type": "Seq Scan",
                  "Parent Relationship": "Outer",
                  "Parallel Aware": true,
                  "Relation Name": "movie_keyword",
                  "Alias": "mk",
                  "Startup Cost": 0.0,
                  "Total Cost": 42695.65,
                  "Plan Rows": 513405,
                  "Plan Width": 0,
                  "Actual Startup Time": 1.357,
                  "Actual Total Time": 112.909,
                  "Actual Rows": 396461,
                  "Actual Loops": 4,
                  "Filter": "(keyword_id > 9807)",
                  "Rows Removed by Filter": 734522
                }
              ]
            }
          ]
        }
      ]
    },
    "Planning Time": 0.201,
    "Triggers": [],
    "Execution Time": 149.809
  }
]