[
  {
    "Plan": {
      "Node Type": "Aggregate",
      "Strategy": "Plain",
      "Partial Mode": "Simple",
      "Parallel Aware": false,
      "Startup Cost": 7584.11,
      "Total Cost": 7584.12,
      "Plan Rows": 1,
      "Plan Width": 8,
      "Actual Startup Time": 3.769,
      "Actual Total Time": 3.771,
      "Actual Rows": 1,
      "Actual Loops": 1,
      "Plans": [
        {
          "Node Type": "Index Scan",
          "Parent Relationship": "Outer",
          "Parallel Aware": false,
          "Scan Direction": "Forward",
          "Index Name": "company_id_movie_companies",
          "Relation Name": "movie_companies",
          "Alias": "mc",
          "Startup Cost": 0.43,
          "Total Cost": 7580.14,
          "Plan Rows": 1590,
          "Plan Width": 0,
          "Actual Startup Time": 3.662,
          "Actual Total Time": 3.755,
          "Actual Rows": 31,
          "Actual Loops": 1,
          "Index Cond": "(company_id = 774)",
          "Rows Removed by Index Recheck": 0,
          "Filter": "(company_type_id = 2)",
          "Rows Removed by Filter": 2350
        }
      ]
    },
    "Planning Time": 0.204,
    "Triggers": [],
    "Execution Time": 3.824
  }
]