[
  {
    "Plan": {
      "Node Type": "Aggregate",
      "Strategy": "Plain",
      "Partial Mode": "Finalize",
      "Parallel Aware": false,
      "Startup Cost": 40679.5,
      "Total Cost": 40679.51,
      "Plan Rows": 1,
      "Plan Width": 8,
      "Actual Startup Time": 141.34,
      "Actual Total Time": 150.27,
      "Actual Rows": 1,
      "Actual Loops": 1,
      "Plans": [
        {
          "Node Type": "Gather",
          "Parent Relationship": "Outer",
          "Parallel Aware": false,
          "Startup Cost": 40679.19,
          "Total Cost": 40679.5,
          "Plan Rows": 3,
          "Plan Width": 8,
          "Actual Startup Time": 140.987,
          "Actual Total Time": 150.261,
          "Actual Rows": 4,
          "Actual Loops": 1,
          "Workers Planned": 3,
          "Workers Launched": 3,
          "Single Copy": false,
          "Plans": [
            {
              "Node Type": "Aggregate",
              "Strategy": "Plain",
              "Partial Mode": "Partial",
              "Parent Relationship": "Outer",
              "Parallel Aware": false,
              "Startup Cost": 39679.19,
              "Total Cost": 39679.2,
              "Plan Rows": 1,
              "Plan Width": 8,
              "Actual Startup Time": 133.924,
              "Actual Total Time": 133.926,
              "Actual Rows": 1,
              "Actual Loops": 4,
              "Plans": [
                {
                  "Node Type": "Bitmap Heap Scan",
                  "Parent Relationship": "Outer",
                  "Parallel Aware": true,
                  "Relation Name": "movie_keyword",
                  "Alias": "mk",
                  "Startup Cost": 12397.48,
                  "Total Cost": 39207.9,
                  "Plan Rows": 188514,
                  "Plan Width": 0,
                  "Actual Startup Time": 47.284,
                  "Actual Total Time": 125.237,
                  "Actual Rows": 143536,
                  "Actual Loops": 4,
                  "Recheck Cond": "(keyword_id > 31997)",
                  "Rows Removed by Index Recheck": 0,
                  "Exact Heap Blocks": 10776,
                  "Lossy Heap Blocks": 0,
                  "Plans": [
                    {
                      "Node Type": "Bitmap Index Scan",
                      "Parent Relationship": "Outer",
                      "Parallel Aware": false,
                      "Index Name": "keyword_id_movie_keyword",
                      "Startup Cost": 0.0,
                      "Total Cost": 12251.38,
                      "Plan Rows": 584393,
                      "Plan Width": 0,
                      "Actual Startup Time": 50.138,
                      "Actual Total Time": 50.138,
                      "Actual Rows": 574146,
                      "Actual Loops": 1,
                      "Index Cond": "(keyword_id > 31997)"
                    }
                  ]
                }
              ]
            }
          ]
        }
      ]
    },
    "Planning Time": 0.154,
    "Triggers": [],
    "Execution Time": 150.334
  }
]