{
  "Plan": {
    "Node Type": "Aggregate",
    "Strategy": "Plain",
    "Partial Mode": "Finalize",
    "Parallel Aware": false,
    "Startup Cost": 111615.03,
    "Total Cost": 111615.04,
    "Plan Rows": 1,
    "Plan Width": 8,
    "Actual Startup Time": 555.509,
    "Actual Total Time": 571.557,
    "Actual Rows": 1,
    "Actual Loops": 1,
    "Plans": [
      {
        "Node Type": "Gather",
        "Parent Relationship": "Outer",
        "Parallel Aware": false,
        "Startup Cost": 111614.92,
        "Total Cost": 111615.03,
        "Plan Rows": 1,
        "Plan Width": 8,
        "Actual Startup Time": 554.293,
        "Actual Total Time": 571.55,
        "Actual Rows": 2,
        "Actual Loops": 1,
        "Workers Planned": 1,
        "Workers Launched": 1,
        "Single Copy": false,
        "Plans": [
          {
            "Node Type": "Aggregate",
            "Strategy": "Plain",
            "Partial Mode": "Partial",
            "Parent Relationship": "Outer",
            "Parallel Aware": false,
            "Startup Cost": 110614.92,
            "Total Cost": 110614.93,
            "Plan Rows": 1,
            "Plan Width": 8,
            "Actual Startup Time": 548.408,
            "Actual Total Time": 548.412,
            "Actual Rows": 1,
            "Actual Loops": 2,
            "Plans": [
              {
                "Node Type": "Hash Join",
                "Parent Relationship": "Outer",
                "Parallel Aware": true,
                "Join Type": "Inner",
                "Startup Cost": 46982.18,
                "Total Cost": 109580.83,
                "Plan Rows": 413636,
                "Plan Width": 0,
                "Actual Startup Time": 186.238,
                "Actual Total Time": 539.222,
                "Actual Rows": 223392,
                "Actual Loops": 2,
                "Inner Unique": false,
                "Hash Cond": "(t.id = mc.movie_id)",
                "Plans": [
                  {
                    "Node Type": "Seq Scan",
                    "Parent Relationship": "Outer",
                    "Parallel Aware": true,
                    "Relation Name": "title",
                    "Alias": "t",
                    "Startup Cost": 0.0,
                    "Total Cost": 50870.31,
                    "Plan Rows": 1487231,
                    "Plan Width": 4,
                    "Actual Startup Time": 0.011,
                    "Actual Total Time": 116.851,
                    "Actual Rows": 1264156,
                    "Actual Loops": 2
                  },
                  {
                    "Node Type": "Hash",
                    "Parent Relationship": "Inner",
                    "Parallel Aware": true,
                    "Startup Cost": 41811.73,
                    "Total Cost": 41811.73,
                    "Plan Rows": 413636,
                    "Plan Width": 4,
                    "Actual Startup Time": 176.702,
                    "Actual Total Time": 176.703,
                    "Actual Rows": 223392,
                    "Actual Loops": 2,
                    "Hash Buckets": 1048576,
                    "Original Hash Buckets": 1048576,
                    "Hash Batches": 1,
                    "Original Hash Batches": 1,
                    "Peak Memory Usage": 25696,
                    "Plans": [
                      {
                        "Node Type": "Seq Scan",
                        "Parent Relationship": "Outer",
                        "Parallel Aware": true,
                        "Relation Name": "movie_companies",
                        "Alias": "mc",
                        "Startup Cost": 0.0,
                        "Total Cost": 41811.73,
                        "Plan Rows": 413636,
                        "Plan Width": 4,
                        "Actual Startup Time": 68.584,
                        "Actual Total Time": 126.145,
                        "Actual Rows": 223392,
                        "Actual Loops": 2,
                        "Filter": "((company_id < 11961) AND (company_type_id = 2))",
                        "Rows Removed by Filter": 1081172
                      }
                    ]
                  }
                ]
              }
            ]
          }
        ]
      }
    ]
  },
  "Planning Time": 0.693,
  "Triggers": [],
  "Execution Time": 571.626
}