[
  {
    "Plan": {
      "Node Type": "Aggregate",
      "Strategy": "Plain",
      "Partial Mode": "Finalize",
      "Parallel Aware": false,
      "Startup Cost": 47569.61,
      "Total Cost": 47569.62,
      "Plan Rows": 1,
      "Plan Width": 8,
      "Actual Startup Time": 121.351,
      "Actual Total Time": 133.936,
      "Actual Rows": 1,
      "Actual Loops": 1,
      "Plans": [
        {
          "Node Type": "Gather",
          "Parent Relationship": "Outer",
          "Parallel Aware": false,
          "Startup Cost": 47569.19,
          "Total Cost": 47569.6,
          "Plan Rows": 4,
          "Plan Width": 8,
          "Actual Startup Time": 121.185,
          "Actual Total Time": 133.924,
          "Actual Rows": 5,
          "Actual Loops": 1,
          "Workers Planned": 4,
          "Workers Launched": 4,
          "Single Copy": false,
          "Plans": [
            {
              "Node Type": "Aggregate",
              "Strategy": "Plain",
              "Partial Mode": "Partial",
              "Parent Relationship": "Outer",
              "Parallel Aware": false,
              "Startup Cost": 46569.19,
              "Total Cost": 46569.2,
              "Plan Rows": 1,
              "Plan Width": 8,
              "Actual Startup Time": 114.374,
              "Actual Total Time": 114.375,
              "Actual Rows": 1,
              "Actual Loops": 5,
              "Plans": [
                {
                  "Node Type": "Seq Scan",
                  "Parent Relationship": "Outer",
                  "Parallel Aware": true,
                  "Relation Name": "title",
                  "Alias": "t",
                  "Startup Cost": 0.0,
                  "Total Cost": 45479.59,
                  "Plan Rows": 435843,
                  "Plan Width": 0,
                  "Actual Startup Time": 0.037,
                  "Actual Total Time": 96.129,
                  "Actual Rows": 359981,
                  "Actual Loops": 5,
                  "Filter": "((kind_id > 1) AND (production_year > 1924))",
                  "Rows Removed by Filter": 145682
                }
              ]
            }
          ]
        }
      ]
    },
    "Planning Time": 0.239,
    "Triggers": [],
    "Execution Time": 134.007
  }
]