[
  {
    "Plan": {
      "Node Type": "Aggregate",
      "Strategy": "Plain",
      "Partial Mode": "Simple",
      "Parallel Aware": false,
      "Startup Cost": 26223.43,
      "Total Cost": 26223.44,
      "Plan Rows": 1,
      "Plan Width": 8,
      "Actual Startup Time": 33.655,
      "Actual Total Time": 33.657,
      "Actual Rows": 1,
      "Actual Loops": 1,
      "Plans": [
        {
          "Node Type": "Bitmap Heap Scan",
          "Parent Relationship": "Outer",
          "Parallel Aware": false,
          "Relation Name": "movie_keyword",
          "Alias": "mk",
          "Startup Cost": 528.46,
          "Total Cost": 26161.49,
          "Plan Rows": 24778,
          "Plan Width": 0,
          "Actual Startup Time": 8.661,
          "Actual Total Time": 31.003,
          "Actual Rows": 23246,
          "Actual Loops": 1,
          "Recheck Cond": "(keyword_id > 114999)",
          "Rows Removed by Index Recheck": 0,
          "Exact Heap Blocks": 6923,
          "Lossy Heap Blocks": 0,
          "Plans": [
            {
              "Node Type": "Bitmap Index Scan",
              "Parent Relationship": "Outer",
              "Parallel Aware": false,
              "Index Name": "keyword_id_movie_keyword",
              "Startup Cost": 0.0,
              "Total Cost": 522.27,
              "Plan Rows": 24778,
              "Plan Width": 0,
              "Actual Startup Time": 5.249,
              "Actual Total Time": 5.249,
              "Actual Rows": 23246,
              "Actual Loops": 1,
              "Index Cond": "(keyword_id > 114999)"
            }
          ]
        }
      ]
    },
    "Planning Time": 0.289,
    "Triggers": [],
    "Execution Time": 33.718
  }
]