{
    "Plan": {
        "Node Type": "Aggregate",
        "Strategy": "Plain",
        "Partial Mode": "Finalize",
        "Parallel Aware": false,
        "Startup Cost": 77802.72,
        "Total Cost": 77802.73,
        "Plan Rows": 1,
        "Plan Width": 8,
        "Actual Startup Time": 227.126,
        "Actual Total Time": 243.252,
        "Actual Rows": 1,
        "Actual Loops": 1,
        "Output": [
            "count(*)"
        ],
        "Plans": [
            {
                "Node Type": "Gather",
                "Parent Relationship": "Outer",
                "Parallel Aware": false,
                "Startup Cost": 77802.4,
                "Total Cost": 77802.71,
                "Plan Rows": 3,
                "Plan Width": 8,
                "Actual Startup Time": 226.776,
                "Actual Total Time": 243.242,
                "Actual Rows": 4,
                "Actual Loops": 1,
                "Output": [
                    "(PARTIAL count(*))"
                ],
                "Workers Planned": 3,
                "Workers Launched": 3,
                "Single Copy": false,
                "Plans": [
                    {
                        "Node Type": "Aggregate",
                        "Strategy": "Plain",
                        "Partial Mode": "Partial",
                        "Parent Relationship": "Outer",
                        "Parallel Aware": false,
                        "Startup Cost": 76802.4,
                        "Total Cost": 76802.41,
                        "Plan Rows": 1,
                        "Plan Width": 8,
                        "Actual Startup Time": 217.742,
                        "Actual Total Time": 217.746,
                        "Actual Rows": 1,
                        "Actual Loops": 4,
                        "Output": [
                            "PARTIAL count(*)"
                        ],
                        "Workers": [
                            {
                                "Worker Number": 0,
                                "Actual Startup Time": 214.87,
                                "Actual Total Time": 214.873,
                                "Actual Rows": 1,
                                "Actual Loops": 1
                            },
                            {
                                "Worker Number": 1,
                                "Actual Startup Time": 214.854,
                                "Actual Total Time": 214.856,
                                "Actual Rows": 1,
                                "Actual Loops": 1
                            },
                            {
                                "Worker Number": 2,
                                "Actual Startup Time": 215.22,
                                "Actual Total Time": 215.223,
                                "Actual Rows": 1,
                                "Actual Loops": 1
                            }
                        ],
                        "Plans": [
                            {
                                "Node Type": "Hash Join",
                                "Parent Relationship": "Outer",
                                "Parallel Aware": true,
                                "Join Type": "Inner",
                                "Startup Cost": 45594.11,
                                "Total Cost": 76776.48,
                                "Plan Rows": 10369,
                                "Plan Width": 0,
                                "Actual Startup Time": 100.561,
                                "Actual Total Time": 216.962,
                                "Actual Rows": 15054,
                                "Actual Loops": 4,
                                "Inner Unique": true,
                                "Hash Cond": "(mc.movie_id = t.id)",
                                "Workers": [
                                    {
                                        "Worker Number": 0,
                                        "Actual Startup Time": 97.769,
                                        "Actual Total Time": 214.059,
                                        "Actual Rows": 14737,
                                        "Actual Loops": 1
                                    },
                                    {
                                        "Worker Number": 1,
                                        "Actual Startup Time": 97.916,
                                        "Actual Total Time": 214.042,
                                        "Actual Rows": 14788,
                                        "Actual Loops": 1
                                    },
                                    {
                                        "Worker Number": 2,
                                        "Actual Startup Time": 97.869,
                                        "Actual Total Time": 214.449,
                                        "Actual Rows": 14149,
                                        "Actual Loops": 1
                                    }
                                ],
                                "Plans": [
                                    {
                                        "Node Type": "Seq Scan",
                                        "Parent Relationship": "Outer",
                                        "Parallel Aware": true,
                                        "Relation Name": "movie_companies",
                                        "Schema": "public",
                                        "Alias": "mc",
                                        "Startup Cost": 0.0,
                                        "Total Cost": 29310.68,
                                        "Plan Rows": 713026,
                                        "Plan Width": 4,
                                        "Actual Startup Time": 0.054,
                                        "Actual Total Time": 69.98,
                                        "Actual Rows": 553050,
                                        "Actual Loops": 4,
                                        "Output": [
                                            "mc.id",
                                            "mc.movie_id",
                                            "mc.company_id",
                                            "mc.company_type_id",
                                            "mc.note"
                                        ],
                                        "Filter": "(mc.company_id > 240)",
                                        "Rows Removed by Filter": 99232,
                                        "Workers": [
                                            {
                                                "Worker Number": 0,
                                                "Actual Startup Time": 0.027,
                                                "Actual Total Time": 69.621,
                                                "Actual Rows": 538074,
                                                "Actual Loops": 1
                                            },
                                            {
                                                "Worker Number": 1,
                                                "Actual Startup Time": 0.029,
                                                "Actual Total Time": 69.748,
                                                "Actual Rows": 540107,
                                                "Actual Loops": 1
                                            },
                                            {
                                                "Worker Number": 2,
                                                "Actual Startup Time": 0.08,
                                                "Actual Total Time": 70.715,
                                                "Actual Rows": 522046,
                                                "Actual Loops": 1
                                            }
                                        ]
                                    },
                                    {
                                        "Node Type": "Hash",
                                        "Parent Relationship": "Inner",
                                        "Parallel Aware": true,
                                        "Startup Cost": 45479.21,
                                        "Total Cost": 45479.21,
                                        "Plan Rows": 9192,
                                        "Plan Width": 4,
                                        "Actual Startup Time": 98.695,
                                        "Actual Total Time": 98.696,
                                        "Actual Rows": 8063,
                                        "Actual Loops": 4,
                                        "Output": [
                                            "t.id"
                                        ],
                                        "Hash Buckets": 65536,
                                        "Original Hash Buckets": 65536,
                                        "Hash Batches": 1,
                                        "Original Hash Batches": 1,
                                        "Peak Memory Usage": 1824,
                                        "Workers": [
                                            {
                                                "Worker Number": 0,
                                                "Actual Startup Time": 96.705,
                                                "Actual Total Time": 96.706,
                                                "Actual Rows": 7968,
                                                "Actual Loops": 1
                                            },
                                            {
                                                "Worker Number": 1,
                                                "Actual Startup Time": 96.705,
                                                "Actual Total Time": 96.705,
                                                "Actual Rows": 7799,
                                                "Actual Loops": 1
                                            },
                                            {
                                                "Worker Number": 2,
                                                "Actual Startup Time": 97.129,
                                                "Actual Total Time": 97.13,
                                                "Actual Rows": 7114,
                                                "Actual Loops": 1
                                            }
                                        ],
                                        "Plans": [
                                            {
                                                "Node Type": "Seq Scan",
                                                "Parent Relationship": "Outer",
                                                "Parallel Aware": true,
                                                "Relation Name": "title",
                                                "Schema": "public",
                                                "Alias": "t",
                                                "Startup Cost": 0.0,
                                                "Total Cost": 45479.21,
                                                "Plan Rows": 9192,
                                                "Plan Width": 4,
                                                "Actual Startup Time": 0.382,
                                                "Actual Total Time": 95.179,
                                                "Actual Rows": 8063,
                                                "Actual Loops": 4,
                                                "Output": [
                                                    "t.id"
                                                ],
                                                "Filter": "((t.kind_id < 7) AND (t.production_year = 2005))",
                                                "Rows Removed by Filter": 624015,
                                                "Workers": [
                                                    {
                                                        "Worker Number": 0,
                                                        "Actual Startup Time": 0.324,
                                                        "Actual Total Time": 92.828,
                                                        "Actual Rows": 7968,
                                                        "Actual Loops": 1
                                                    },
                                                    {
                                                        "Worker Number": 1,
                                                        "Actual Startup Time": 0.459,
                                                        "Actual Total Time": 93.121,
                                                        "Actual Rows": 7799,
                                                        "Actual Loops": 1
                                                    },
                                                    {
                                                        "Worker Number": 2,
                                                        "Actual Startup Time": 0.691,
                                                        "Actual Total Time": 93.956,
                                                        "Actual Rows": 7114,
                                                        "Actual Loops": 1
                                                    }
                                                ]
                                            }
                                        ]
                                    }
                                ]
                            }
                        ]
                    }
                ]
            }
        ]
    },
    "Planning Time": 0.787,
    "Triggers": [],
    "Execution Time": 243.329
}