[
  {
    "Plan": {
      "Node Type": "Aggregate",
      "Strategy": "Plain",
      "Partial Mode": "Finalize",
      "Parallel Aware": false,
      "Startup Cost": 31293.93,
      "Total Cost": 31293.94,
      "Plan Rows": 1,
      "Plan Width": 8,
      "Actual Startup Time": 105.394,
      "Actual Total Time": 113.234,
      "Actual Rows": 1,
      "Actual Loops": 1,
      "Plans": [
        {
          "Node Type": "Gather",
          "Parent Relationship": "Outer",
          "Parallel Aware": false,
          "Startup Cost": 31293.61,
          "Total Cost": 31293.92,
          "Plan Rows": 3,
          "Plan Width": 8,
          "Actual Startup Time": 105.293,
          "Actual Total Time": 113.228,
          "Actual Rows": 4,
          "Actual Loops": 1,
          "Workers Planned": 3,
          "Workers Launched": 3,
          "Single Copy": false,
          "Plans": [
            {
              "Node Type": "Aggregate",
              "Strategy": "Plain",
              "Partial Mode": "Partial",
              "Parent Relationship": "Outer",
              "Parallel Aware": false,
              "Startup Cost": 30293.61,
              "Total Cost": 30293.62,
              "Plan Rows": 1,
              "Plan Width": 8,
              "Actual Startup Time": 96.452,
              "Actual Total Time": 96.453,
              "Actual Rows": 1,
              "Actual Loops": 4,
              "Plans": [
                {
                  "Node Type": "Seq Scan",
                  "Parent Relationship": "Outer",
                  "Parallel Aware": true,
                  "Relation Name": "movie_companies",
                  "Alias": "mc",
                  "Startup Cost": 0.0,
                  "Total Cost": 29310.68,
                  "Plan Rows": 393171,
                  "Plan Width": 0,
                  "Actual Startup Time": 23.831,
                  "Actual Total Time": 83.133,
                  "Actual Rows": 305479,
                  "Actual Loops": 4,
                  "Filter": "(company_id > 12003)",
                  "Rows Removed by Filter": 346803
                }
              ]
            }
          ]
        }
      ]
    },
    "Planning Time": 0.169,
    "Triggers": [],
    "Execution Time": 113.286
  }
]