[
  {
    "Plan": {
      "Node Type": "Aggregate",
      "Strategy": "Plain",
      "Partial Mode": "Finalize",
      "Parallel Aware": false,
      "Startup Cost": 125263.17,
      "Total Cost": 125263.18,
      "Plan Rows": 1,
      "Plan Width": 8,
      "Actual Startup Time": 602.825,
      "Actual Total Time": 629.198,
      "Actual Rows": 1,
      "Actual Loops": 1,
      "Plans": [
        {
          "Node Type": "Gather",
          "Parent Relationship": "Outer",
          "Parallel Aware": false,
          "Startup Cost": 125262.85,
          "Total Cost": 125263.16,
          "Plan Rows": 3,
          "Plan Width": 8,
          "Actual Startup Time": 598.685,
          "Actual Total Time": 629.191,
          "Actual Rows": 4,
          "Actual Loops": 1,
          "Workers Planned": 3,
          "Workers Launched": 3,
          "Single Copy": false,
          "Plans": [
            {
              "Node Type": "Aggregate",
              "Strategy": "Plain",
              "Partial Mode": "Partial",
              "Parent Relationship": "Outer",
              "Parallel Aware": false,
              "Startup Cost": 124262.85,
              "Total Cost": 124262.86,
              "Plan Rows": 1,
              "Plan Width": 8,
              "Actual Startup Time": 593.005,
              "Actual Total Time": 593.011,
              "Actual Rows": 1,
              "Actual Loops": 4,
              "Plans": [
                {
                  "Node Type": "Hash Join",
                  "Parent Relationship": "Outer",
                  "Parallel Aware": true,
                  "Join Type": "Inner",
                  "Startup Cost": 79306.88,
                  "Total Cost": 124072.42,
                  "Plan Rows": 76172,
                  "Plan Width": 0,
                  "Actual Startup Time": 319.116,
                  "Actual Total Time": 564.005,
                  "Actual Rows": 621042,
                  "Actual Loops": 4,
                  "Inner Unique": false,
                  "Hash Cond": "(mk.movie_id = t.id)",
                  "Plans": [
                    {
                      "Node Type": "Seq Scan",
                      "Parent Relationship": "Outer",
                      "Parallel Aware": true,
                      "Relation Name": "movie_keyword",
                      "Alias": "mk",
                      "Startup Cost": 0.0,
                      "Total Cost": 39047.32,
                      "Plan Rows": 1459332,
                      "Plan Width": 4,
                      "Actual Startup Time": 0.057,
                      "Actual Total Time": 91.587,
                      "Actual Rows": 1130982,
                      "Actual Loops": 4
                    },
                    {
                      "Node Type": "Hash",
                      "Parent Relationship": "Inner",
                      "Parallel Aware": true,
                      "Startup Cost": 78774.72,
                      "Total Cost": 78774.72,
                      "Plan Rows": 42573,
                      "Plan Width": 8,
                      "Actual Startup Time": 317.475,
                      "Actual Total Time": 317.479,
                      "Actual Rows": 94632,
                      "Actual Loops": 4,
                      "Hash Buckets": 524288,
                      "Original Hash Buckets": 262144,
                      "Hash Batches": 1,
                      "Original Hash Batches": 1,
                      "Peak Memory Usage": 20992,
                      "Plans": [
                        {
                          "Node Type": "Hash Join",
                          "Parent Relationship": "Outer",
                          "Parallel Aware": true,
                          "Join Type": "Inner",
                          "Startup Cost": 46449.71,
                          "Total Cost": 78774.72,
                          "Plan Rows": 42573,
                          "Plan Width": 8,
                          "Actual Startup Time": 168.868,
                          "Actual Total Time": 277.117,
                          "Actual Rows": 94632,
                          "Actual Loops": 4,
                          "Inner Unique": true,
                          "Hash Cond": "(mc.movie_id = t.id)",
                          "Plans": [
                            {
                              "Node Type": "Seq Scan",
                              "Parent Relationship": "Outer",
                              "Parallel Aware": true,
                              "Relation Name": "movie_companies",
                              "Alias": "mc",
                              "Startup Cost": 0.0,
                              "Total Cost": 31414.82,
                              "Plan Rows": 346739,
                              "Plan Width": 4,
                              "Actual Startup Time": 32.524,
                              "Actual Total Time": 74.64,
                              "Actual Rows": 299886,
                              "Actual Loops": 4,
                              "Filter": "((company_id > 439) AND (company_type_id > 1))",
                              "Rows Removed by Filter": 352396
                            },
                            {
                              "Node Type": "Hash",
                              "Parent Relationship": "Inner",
                              "Parallel Aware": true,
                              "Startup Cost": 45479.59,
                              "Total Cost": 45479.59,
                              "Plan Rows": 77610,
                              "Plan Width": 4,
                              "Actual Startup Time": 135.159,
                              "Actual Total Time": 135.161,
                              "Actual Rows": 108340,
                              "Actual Loops": 4,
                              "Hash Buckets": 524288,
                              "Original Hash Buckets": 524288,
                              "Hash Batches": 1,
                              "Original Hash Batches": 1,
                              "Peak Memory Usage": 21120,
                              "Plans": [
                                {
                                  "Node Type": "Seq Scan",
                                  "Parent Relationship": "Outer",
                                  "Parallel Aware": true,
                                  "Relation Name": "title",
                                  "Alias": "t",
                                  "Startup Cost": 0.0,
                                  "Total Cost": 45479.59,
                                  "Plan Rows": 77610,
                                  "Plan Width": 4,
                                  "Actual Startup Time": 0.035,
                                  "Actual Total Time": 96.592,
                                  "Actual Rows": 108340,
                                  "Actual Loops": 4,
                                  "Filter": "((kind_id < 7) AND (production_year < 1995))",
                                  "Rows Removed by Filter": 523738
                                }
                              ]
                            }
                          ]
                        }
                      ]
                    }
                  ]
                }
              ]
            }
          ]
        }
      ]
    },
    "Planning Time": 0.529,
    "Triggers": [],
    "Execution Time": 629.241
  }
]