[
  {
    "Plan": {
      "Node Type": "Aggregate",
      "Strategy": "Plain",
      "Partial Mode": "Finalize",
      "Parallel Aware": false,
      "Startup Cost": 125294.12,
      "Total Cost": 125294.13,
      "Plan Rows": 1,
      "Plan Width": 8,
      "Actual Startup Time": 561.892,
      "Actual Total Time": 583.798,
      "Actual Rows": 1,
      "Actual Loops": 1,
      "Plans": [
        {
          "Node Type": "Gather",
          "Parent Relationship": "Outer",
          "Parallel Aware": false,
          "Startup Cost": 125293.8,
          "Total Cost": 125294.11,
          "Plan Rows": 3,
          "Plan Width": 8,
          "Actual Startup Time": 558.751,
          "Actual Total Time": 583.79,
          "Actual Rows": 4,
          "Actual Loops": 1,
          "Workers Planned": 3,
          "Workers Launched": 3,
          "Single Copy": false,
          "Plans": [
            {
              "Node Type": "Aggregate",
              "Strategy": "Plain",
              "Partial Mode": "Partial",
              "Parent Relationship": "Outer",
              "Parallel Aware": false,
              "Startup Cost": 124293.8,
              "Total Cost": 124293.81,
              "Plan Rows": 1,
              "Plan Width": 8,
              "Actual Startup Time": 547.919,
              "Actual Total Time": 547.924,
              "Actual Rows": 1,
              "Actual Loops": 4,
              "Plans": [
                {
                  "Node Type": "Hash Join",
                  "Parent Relationship": "Outer",
                  "Parallel Aware": true,
                  "Join Type": "Inner",
                  "Startup Cost": 79330.79,
                  "Total Cost": 124100.3,
                  "Plan Rows": 77403,
                  "Plan Width": 0,
                  "Actual Startup Time": 299.088,
                  "Actual Total Time": 523.128,
                  "Actual Rows": 621042,
                  "Actual Loops": 4,
                  "Inner Unique": false,
                  "Hash Cond": "(mk.movie_id = t.id)",
                  "Plans": [
                    {
                      "Node Type": "Seq Scan",
                      "Parent Relationship": "Outer",
                      "Parallel Aware": true,
                      "Relation Name": "movie_keyword",
                      "Alias": "mk",
                      "Startup Cost": 0.0,
                      "Total Cost": 39047.32,
                      "Plan Rows": 1459332,
                      "Plan Width": 4,
                      "Actual Startup Time": 0.03,
                      "Actual Total Time": 86.024,
                      "Actual Rows": 1130982,
                      "Actual Loops": 4
                    },
                    {
                      "Node Type": "Hash",
                      "Parent Relationship": "Inner",
                      "Parallel Aware": true,
                      "Startup Cost": 78790.06,
                      "Total Cost": 78790.06,
                      "Plan Rows": 43258,
                      "Plan Width": 8,
                      "Actual Startup Time": 296.481,
                      "Actual Total Time": 296.485,
                      "Actual Rows": 94632,
                      "Actual Loops": 4,
                      "Hash Buckets": 524288,
                      "Original Hash Buckets": 262144,
                      "Hash Batches": 1,
                      "Original Hash Batches": 1,
                      "Peak Memory Usage": 21024,
                      "Plans": [
                        {
                          "Node Type": "Hash Join",
                          "Parent Relationship": "Outer",
                          "Parallel Aware": true,
                          "Join Type": "Inner",
                          "Startup Cost": 46468.05,
                          "Total Cost": 78790.06,
                          "Plan Rows": 43258,
                          "Plan Width": 8,
                          "Actual Startup Time": 166.69,
                          "Actual Total Time": 264.053,
                          "Actual Rows": 94632,
                          "Actual Loops": 4,
                          "Inner Unique": true,
                          "Hash Cond": "(mc.movie_id = t.id)",
                          "Plans": [
                            {
                              "Node Type": "Seq Scan",
                              "Parent Relationship": "Outer",
                              "Parallel Aware": true,
                              "Relation Name": "movie_companies",
                              "Alias": "mc",
                              "Startup Cost": 0.0,
                              "Total Cost": 31414.82,
                              "Plan Rows": 345599,
                              "Plan Width": 4,
                              "Actual Startup Time": 29.848,
                              "Actual Total Time": 67.46,
                              "Actual Rows": 299886,
                              "Actual Loops": 4,
                              "Filter": "((company_id > 439) AND (company_type_id > 1))",
                              "Rows Removed by Filter": 352396
                            },
                            {
                              "Node Type": "Hash",
                              "Parent Relationship": "Inner",
                              "Parallel Aware": true,
                              "Startup Cost": 45479.1,
                              "Total Cost": 45479.1,
                              "Plan Rows": 79116,
                              "Plan Width": 4,
                              "Actual Startup Time": 134.643,
                              "Actual Total Time": 134.644,
                              "Actual Rows": 108340,
                              "Actual Loops": 4,
                              "Hash Buckets": 524288,
                              "Original Hash Buckets": 524288,
                              "Hash Batches": 1,
                              "Original Hash Batches": 1,
                              "Peak Memory Usage": 21088,
                              "Plans": [
                                {
                                  "Node Type": "Seq Scan",
                                  "Parent Relationship": "Outer",
                                  "Parallel Aware": true,
                                  "Relation Name": "title",
                                  "Alias": "t",
                                  "Startup Cost": 0.0,
                                  "Total Cost": 45479.1,
                                  "Plan Rows": 79116,
                                  "Plan Width": 4,
                                  "Actual Startup Time": 0.053,
                                  "Actual Total Time": 100.606,
                                  "Actual Rows": 108340,
                                  "Actual Loops": 4,
                                  "Filter": "((kind_id < 7) AND (production_year < 1995))",
                                  "Rows Removed by Filter": 523738
                                }
                              ]
                            }
                          ]
                        }
                      ]
                    }
                  ]
                }
              ]
            }
          ]
        }
      ]
    },
    "Planning Time": 1.513,
    "Triggers": [],
    "Execution Time": 583.913
  }
]