[
  {
    "Plan": {
      "Node Type": "Aggregate",
      "Strategy": "Plain",
      "Partial Mode": "Finalize",
      "Parallel Aware": false,
      "Startup Cost": 302575.46,
      "Total Cost": 302575.47,
      "Plan Rows": 1,
      "Plan Width": 8,
      "Actual Startup Time": 970.279,
      "Actual Total Time": 1016.102,
      "Actual Rows": 1,
      "Actual Loops": 1,
      "Plans": [
        {
          "Node Type": "Gather",
          "Parent Relationship": "Outer",
          "Parallel Aware": false,
          "Startup Cost": 302574.94,
          "Total Cost": 302575.45,
          "Plan Rows": 5,
          "Plan Width": 8,
          "Actual Startup Time": 957.938,
          "Actual Total Time": 1016.09,
          "Actual Rows": 6,
          "Actual Loops": 1,
          "Workers Planned": 5,
          "Workers Launched": 5,
          "Single Copy": false,
          "Plans": [
            {
              "Node Type": "Aggregate",
              "Strategy": "Plain",
              "Partial Mode": "Partial",
              "Parent Relationship": "Outer",
              "Parallel Aware": false,
              "Startup Cost": 301574.94,
              "Total Cost": 301574.95,
              "Plan Rows": 1,
              "Plan Width": 8,
              "Actual Startup Time": 947.224,
              "Actual Total Time": 947.332,
              "Actual Rows": 1,
              "Actual Loops": 6,
              "Plans": [
                {
                  "Node Type": "Hash Join",
                  "Parent Relationship": "Outer",
                  "Parallel Aware": true,
                  "Join Type": "Inner",
                  "Startup Cost": 95389.7,
                  "Total Cost": 300105.51,
                  "Plan Rows": 587773,
                  "Plan Width": 0,
                  "Actual Startup Time": 352.153,
                  "Actual Total Time": 939.517,
                  "Actual Rows": 167704,
                  "Actual Loops": 6,
                  "Inner Unique": false,
                  "Hash Cond": "(mi.movie_id = t.id)",
                  "Plans": [
                    {
                      "Node Type": "Seq Scan",
                      "Parent Relationship": "Outer",
                      "Parallel Aware": true,
                      "Relation Name": "movie_info",
                      "Alias": "mi",
                      "Startup Cost": 0.0,
                      "Total Cost": 191685.19,
                      "Plan Rows": 2969219,
                      "Plan Width": 4,
                      "Actual Startup Time": 0.034,
                      "Actual Total Time": 310.848,
                      "Actual Rows": 2472620,
                      "Actual Loops": 6
                    },
                    {
                      "Node Type": "Hash",
                      "Parent Relationship": "Inner",
                      "Parallel Aware": true,
                      "Startup Cost": 93371.5,
                      "Total Cost": 93371.5,
                      "Plan Rows": 161456,
                      "Plan Width": 8,
                      "Actual Startup Time": 349.762,
                      "Actual Total Time": 349.868,
                      "Actual Rows": 18015,
                      "Actual Loops": 6,
                      "Hash Buckets": 524288,
                      "Original Hash Buckets": 524288,
                      "Hash Batches": 1,
                      "Original Hash Batches": 1,
                      "Peak Memory Usage": 8416,
                      "Plans": [
                        {
                          "Node Type": "Hash Join",
                          "Parent Relationship": "Outer",
                          "Parallel Aware": true,
                          "Join Type": "Inner",
                          "Startup Cost": 49922.04,
                          "Total Cost": 93371.5,
                          "Plan Rows": 161456,
                          "Plan Width": 8,
                          "Actual Startup Time": 227.57,
                          "Actual Total Time": 342.73,
                          "Actual Rows": 18015,
                          "Actual Loops": 6,
                          "Inner Unique": true,
                          "Hash Cond": "(mk.movie_id = t.id)",
                          "Plans": [
                            {
                              "Node Type": "Seq Scan",
                              "Parent Relationship": "Outer",
                              "Parallel Aware": true,
                              "Relation Name": "movie_keyword",
                              "Alias": "mk",
                              "Startup Cost": 0.0,
                              "Total Cost": 42695.65,
                              "Plan Rows": 287166,
                              "Plan Width": 4,
                              "Actual Startup Time": 0.032,
                              "Actual Total Time": 76.365,
                              "Actual Rows": 149431,
                              "Actual Loops": 6,
                              "Filter": "(keyword_id < 848)",
                              "Rows Removed by Filter": 604557
                            },
                            {
                              "Node Type": "Hash",
                              "Parent Relationship": "Inner",
                              "Parallel Aware": true,
                              "Startup Cost": 45479.59,
                              "Total Cost": 45479.59,
                              "Plan Rows": 355396,
                              "Plan Width": 4,
                              "Actual Startup Time": 224.891,
                              "Actual Total Time": 224.893,
                              "Actual Rows": 246404,
                              "Actual Loops": 6,
                              "Hash Buckets": 2097152,
                              "Original Hash Buckets": 2097152,
                              "Hash Batches": 1,
                              "Original Hash Batches": 1,
                              "Peak Memory Usage": 74304,
                              "Plans": [
                                {
                                  "Node Type": "Seq Scan",
                                  "Parent Relationship": "Outer",
                                  "Parallel Aware": true,
                                  "Relation Name": "title",
                                  "Alias": "t",
                                  "Startup Cost": 0.0,
                                  "Total Cost": 45479.59,
                                  "Plan Rows": 355396,
                                  "Plan Width": 4,
                                  "Actual Startup Time": 0.044,
                                  "Actual Total Time": 102.432,
                                  "Actual Rows": 246404,
                                  "Actual Loops": 6,
                                  "Filter": "((production_year > 1936) AND (kind_id = 7))",
                                  "Rows Removed by Filter": 174981
                                }
                              ]
                            }
                          ]
                        }
                      ]
                    }
                  ]
                }
              ]
            }
          ]
        }
      ]
    },
    "Planning Time": 0.542,
    "Triggers": [],
    "Execution Time": 1016.167
  }
]