[
  {
    "Plan": {
      "Node Type": "Aggregate",
      "Strategy": "Plain",
      "Partial Mode": "Finalize",
      "Parallel Aware": false,
      "Startup Cost": 55153.51,
      "Total Cost": 55153.52,
      "Plan Rows": 1,
      "Plan Width": 8,
      "Actual Startup Time": 107.645,
      "Actual Total Time": 119.884,
      "Actual Rows": 1,
      "Actual Loops": 1,
      "Plans": [
        {
          "Node Type": "Gather",
          "Parent Relationship": "Outer",
          "Parallel Aware": false,
          "Startup Cost": 55153.09,
          "Total Cost": 55153.5,
          "Plan Rows": 4,
          "Plan Width": 8,
          "Actual Startup Time": 107.451,
          "Actual Total Time": 119.872,
          "Actual Rows": 5,
          "Actual Loops": 1,
          "Workers Planned": 4,
          "Workers Launched": 4,
          "Single Copy": false,
          "Plans": [
            {
              "Node Type": "Aggregate",
              "Strategy": "Plain",
              "Partial Mode": "Partial",
              "Parent Relationship": "Outer",
              "Parallel Aware": false,
              "Startup Cost": 54153.09,
              "Total Cost": 54153.1,
              "Plan Rows": 1,
              "Plan Width": 8,
              "Actual Startup Time": 101.268,
              "Actual Total Time": 101.271,
              "Actual Rows": 1,
              "Actual Loops": 5,
              "Plans": [
                {
                  "Node Type": "Nested Loop",
                  "Parent Relationship": "Outer",
                  "Parallel Aware": false,
                  "Join Type": "Inner",
                  "Startup Cost": 0.43,
                  "Total Cost": 54151.19,
                  "Plan Rows": 758,
                  "Plan Width": 0,
                  "Actual Startup Time": 2.608,
                  "Actual Total Time": 101.077,
                  "Actual Rows": 1682,
                  "Actual Loops": 5,
                  "Inner Unique": false,
                  "Plans": [
                    {
                      "Node Type": "Seq Scan",
                      "Parent Relationship": "Outer",
                      "Parallel Aware": true,
                      "Relation Name": "title",
                      "Alias": "t",
                      "Startup Cost": 0.0,
                      "Total Cost": 45479.59,
                      "Plan Rows": 1389,
                      "Plan Width": 4,
                      "Actual Startup Time": 0.466,
                      "Actual Total Time": 88.524,
                      "Actual Rows": 1375,
                      "Actual Loops": 5,
                      "Filter": "((kind_id < 7) AND (production_year = 1982))",
                      "Rows Removed by Filter": 504287
                    },
                    {
                      "Node Type": "Index Only Scan",
                      "Parent Relationship": "Inner",
                      "Parallel Aware": false,
                      "Scan Direction": "Forward",
                      "Index Name": "movie_id_movie_info_idx",
                      "Relation Name": "movie_info_idx",
                      "Alias": "mi_idx",
                      "Startup Cost": 0.43,
                      "Total Cost": 6.21,
                      "Plan Rows": 3,
                      "Plan Width": 4,
                      "Actual Startup Time": 0.008,
                      "Actual Total Time": 0.008,
                      "Actual Rows": 1,
                      "Actual Loops": 6875,
                      "Index Cond": "(movie_id = t.id)",
                      "Rows Removed by Index Recheck": 0,
                      "Heap Fetches": 8409
                    }
                  ]
                }
              ]
            }
          ]
        }
      ]
    },
    "Planning Time": 0.467,
    "Triggers": [],
    "Execution Time": 119.938
  }
]