[
  {
    "Plan": {
      "Node Type": "Aggregate",
      "Strategy": "Plain",
      "Partial Mode": "Simple",
      "Parallel Aware": false,
      "Startup Cost": 1037517.34,
      "Total Cost": 1037517.35,
      "Plan Rows": 1,
      "Plan Width": 128,
      "Actual Startup Time": 10743.746,
      "Actual Total Time": 10744.104,
      "Actual Rows": 1,
      "Actual Loops": 1,
      "Plans": [
        {
          "Node Type": "Merge Join",
          "Parent Relationship": "Outer",
          "Parallel Aware": false,
          "Join Type": "Inner",
          "Startup Cost": 900287.03,
          "Total Cost": 1037127.46,
          "Plan Rows": 38988,
          "Plan Width": 64,
          "Actual Startup Time": 8003.002,
          "Actual Total Time": 10686.45,
          "Actual Rows": 483082,
          "Actual Loops": 1,
          "Inner Unique": false,
          "Merge Cond": "(chn.id = ci.person_role_id)",
          "Plans": [
            {
              "Node Type": "Index Scan",
              "Parent Relationship": "Outer",
              "Parallel Aware": false,
              "Scan Direction": "Forward",
              "Index Name": "char_name_pkey",
              "Relation Name": "char_name",
              "Alias": "chn",
              "Startup Cost": 0.43,
              "Total Cost": 128716.85,
              "Plan Rows": 3140339,
              "Plan Width": 20,
              "Actual Startup Time": 0.013,
              "Actual Total Time": 2279.089,
              "Actual Rows": 3139915,
              "Actual Loops": 1
            },
            {
              "Node Type": "Sort",
              "Parent Relationship": "Inner",
              "Parallel Aware": false,
              "Startup Cost": 900277.51,
              "Total Cost": 900374.98,
              "Plan Rows": 38988,
              "Plan Width": 52,
              "Actual Startup Time": 8002.778,
              "Actual Total Time": 8101.208,
              "Actual Rows": 483083,
              "Actual Loops": 1,
              "Sort Key": [
                "ci.person_role_id"
              ],
              "Sort Method": "quicksort",
              "Sort Space Used": 79672,
              "Sort Space Type": "Memory",
              "Plans": [
                {
                  "Node Type": "Merge Join",
                  "Parent Relationship": "Outer",
                  "Parallel Aware": false,
                  "Join Type": "Inner",
                  "Startup Cost": 780157.47,
                  "Total Cost": 897304.53,
                  "Plan Rows": 38988,
                  "Plan Width": 52,
                  "Actual Startup Time": 5817.242,
                  "Actual Total Time": 7783.619,
                  "Actual Rows": 505134,
                  "Actual Loops": 1,
                  "Inner Unique": false,
                  "Merge Cond": "(t.id = ci.movie_id)",
                  "Plans": [
                    {
                      "Node Type": "Index Scan",
                      "Parent Relationship": "Outer",
                      "Parallel Aware": false,
                      "Scan Direction": "Forward",
                      "Index Name": "title_pkey",
                      "Relation Name": "title",
                      "Alias": "t",
                      "Startup Cost": 0.43,
                      "Total Cost": 110348.87,
                      "Plan Rows": 2528252,
                      "Plan Width": 21,
                      "Actual Startup Time": 0.023,
                      "Actual Total Time": 1677.158,
                      "Actual Rows": 2525703,
                      "Actual Loops": 1
                    },
                    {
                      "Node Type": "Sort",
                      "Parent Relationship": "Inner",
                      "Parallel Aware": false,
                      "Startup Cost": 780154.32,
                      "Total Cost": 780251.79,
                      "Plan Rows": 38988,
                      "Plan Width": 43,
                      "Actual Startup Time": 5811.096,
                      "Actual Total Time": 5858.711,
                      "Actual Rows": 505134,
                      "Actual Loops": 1,
                      "Sort Key": [
                        "ci.movie_id"
                      ],
                      "Sort Method": "quicksort",
                      "Sort Space Used": 65593,
                      "Sort Space Type": "Memory",
                      "Plans": [
                        {
                          "Node Type": "Merge Join",
                          "Parent Relationship": "Outer",
                          "Parallel Aware": false,
                          "Join Type": "Inner",
                          "Startup Cost": 763569.6,
                          "Total Cost": 777181.34,
                          "Plan Rows": 38988,
                          "Plan Width": 43,
                          "Actual Startup Time": 5188.068,
                          "Actual Total Time": 5599.881,
                          "Actual Rows": 505134,
                          "Actual Loops": 1,
                          "Inner Unique": false,
                          "Merge Cond": "(cn.id = mc.company_id)",
                          "Plans": [
                            {
                              "Node Type": "Index Scan",
                              "Parent Relationship": "Outer",
                              "Parallel Aware": false,
                              "Scan Direction": "Forward",
                              "Index Name": "company_name_pkey",
                              "Relation Name": "company_name",
                              "Alias": "cn",
                              "Startup Cost": 0.42,
                              "Total Cost": 12474.79,
                              "Plan Rows": 84928,
                              "Plan Width": 4,
                              "Actual Startup Time": 0.021,
                              "Actual Total Time": 196.191,
                              "Actual Rows": 84843,
                              "Actual Loops": 1,
                              "Filter": "((country_code)::text = '[us]'::text)",
                              "Rows Removed by Filter": 150154
                            },
                            {
                              "Node Type": "Sort",
                              "Parent Relationship": "Inner",
                              "Parallel Aware": false,
                              "Startup Cost": 763568.99,
                              "Total Cost": 763838.68,
                              "Plan Rows": 107879,
                              "Plan Width": 47,
                              "Actual Startup Time": 5188.036,
                              "Actual Total Time": 5282.892,
                              "Actual Rows": 960723,
                              "Actual Loops": 1,
                              "Sort Key": [
                                "mc.company_id"
                              ],
                              "Sort Method": "quicksort",
                              "Sort Space Used": 134968,
                              "Sort Space Type": "Memory",
                              "Plans": [
                                {
                                  "Node Type": "Merge Join",
                                  "Parent Relationship": "Outer",
                                  "Parallel Aware": false,
                                  "Join Type": "Inner",
                                  "Startup Cost": 605529.41,
                                  "Total Cost": 754550.81,
                                  "Plan Rows": 107879,
                                  "Plan Width": 47,
                                  "Actual Startup Time": 3614.892,
                                  "Actual Total Time": 4833.443,
                                  "Actual Rows": 960723,
                                  "Actual Loops": 1,
                                  "Inner Unique": false,
                                  "Merge Cond": "(mc.movie_id = ci.movie_id)",
                                  "Plans": [
                                    {
                                      "Node Type": "Index Scan",
                                      "Parent Relationship": "Outer",
                                      "Parallel Aware": false,
                                      "Scan Direction": "Forward",
                                      "Index Name": "movie_id_movie_companies",
                                      "Relation Name": "movie_companies",
                                      "Alias": "mc",
                                      "Startup Cost": 0.43,
                                      "Total Cost": 140880.84,
                                      "Plan Rows": 2609129,
                                      "Plan Width": 8,
                                      "Actual Startup Time": 0.034,
                                      "Actual Total Time": 798.318,
                                      "Actual Rows": 2609069,
                                      "Actual Loops": 1
                                    },
                                    {
                                      "Node Type": "Sort",
                                      "Parent Relationship": "Inner",
                                      "Parallel Aware": false,
                                      "Startup Cost": 605528.97,
                                      "Total Cost": 605629.67,
                                      "Plan Rows": 40277,
                                      "Plan Width": 39,
                                      "Actual Startup Time": 3614.53,
                                      "Actual Total Time": 3716.713,
                                      "Actual Rows": 1203458,
                                      "Actual Loops": 1,
                                      "Sort Key": [
                                        "ci.movie_id"
                                      ],
                                      "Sort Method": "quicksort",
                                      "Sort Space Used": 56742,
                                      "Sort Space Type": "Memory",
                                      "Plans": [
                                        {
                                          "Node Type": "Merge Join",
                                          "Parent Relationship": "Outer",
                                          "Parallel Aware": false,
                                          "Join Type": "Inner",
                                          "Startup Cost": 571613.63,
                                          "Total Cost": 602448.25,
                                          "Plan Rows": 40277,
                                          "Plan Width": 39,
                                          "Actual Startup Time": 3209.333,
                                          "Actual Total Time": 3425.825,
                                          "Actual Rows": 503022,
                                          "Actual Loops": 1,
                                          "Inner Unique": false,
                                          "Merge Cond": "(n.id = ci.person_id)",
                                          "Plans": [
                                            {
                                              "Node Type": "Gather Merge",
                                              "Parent Relationship": "Outer",
                                              "Parallel Aware": false,
                                              "Startup Cost": 200412.99,
                                              "Total Cost": 231105.78,
                                              "Plan Rows": 205566,
                                              "Plan Width": 39,
                                              "Actual Startup Time": 1240.678,
                                              "Actual Total Time": 1351.717,
                                              "Actual Rows": 193449,
                                              "Actual Loops": 1,
                                              "Workers Planned": 4,
                                              "Workers Launched": 4,
                                              "Plans": [
                                                {
                                                  "Node Type": "Merge Join",
                                                  "Parent Relationship": "Outer",
                                                  "Parallel Aware": false,
                                                  "Join Type": "Inner",
                                                  "Startup Cost": 199412.93,
                                                  "Total Cost": 205620.83,
                                                  "Plan Rows": 51392,
                                                  "Plan Width": 39,
                                                  "Actual Startup Time": 1107.308,
                                                  "Actual Total Time": 1261.113,
                                                  "Actual Rows": 38696,
                                                  "Actual Loops": 5,
                                                  "Inner Unique": false,
                                                  "Merge Cond": "(n.id = an.person_id)",
                                                  "Plans": [
                                                    {
                                                      "Node Type": "Sort",
                                                      "Parent Relationship": "Outer",
                                                      "Parallel Aware": false,
                                                      "Startup Cost": 89852.85,
                                                      "Total Cost": 90446.88,
                                                      "Plan Rows": 237612,
                                                      "Plan Width": 19,
                                                      "Actual Startup Time": 386.151,
                                                      "Actual Total Time": 416.739,
                                                      "Actual Rows": 192299,
                                                      "Actual Loops": 5,
                                                      "Sort Key": [
                                                        "n.id"
                                                      ],
                                                      "Sort Method": "quicksort",
                                                      "Sort Space Used": 22098,
                                                      "Sort Space Type": "Memory",
                                                      "Workers": [
                                                        {
                                                          "Worker Number": 0,
                                                          "Sort Method": "quicksort",
                                                          "Sort Space Used": 20030,
                                                          "Sort Space Type": "Memory"
                                                        },
                                                        {
                                                          "Worker Number": 1,
                                                          "Sort Method": "quicksort",
                                                          "Sort Space Used": 20791,
                                                          "Sort Space Type": "Memory"
                                                        },
                                                        {
                                                          "Worker Number": 2,
                                                          "Sort Method": "quicksort",
                                                          "Sort Space Used": 21425,
                                                          "Sort Space Type": "Memory"
                                                        },
                                                        {
                                                          "Worker Number": 3,
                                                          "Sort Method": "quicksort",
                                                          "Sort Space Used": 17796,
                                                          "Sort Space Type": "Memory"
                                                        }
                                                      ],
                                                      "Plans": [
                                                        {
                                                          "Node Type": "Seq Scan",
                                                          "Parent Relationship": "Outer",
                                                          "Parallel Aware": true,
                                                          "Relation Name": "name",
                                                          "Alias": "n",
                                                          "Startup Cost": 0.0,
                                                          "Total Cost": 68636.18,
                                                          "Plan Rows": 237612,
                                                          "Plan Width": 19,
                                                          "Actual Startup Time": 127.356,
                                                          "Actual Total Time": 300.624,
                                                          "Actual Rows": 192311,
                                                          "Actual Loops": 5,
                                                          "Filter": "((gender)::text = 'f'::text)",
                                                          "Rows Removed by Filter": 641187
                                                        }
                                                      ]
                                                    },
                                                    {
                                                      "Node Type": "Sort",
                                                      "Parent Relationship": "Inner",
                                                      "Parallel Aware": false,
                                                      "Startup Cost": 109559.99,
                                                      "Total Cost": 111813.35,
                                                      "Plan Rows": 901343,
                                                      "Plan Width": 20,
                                                      "Actual Startup Time": 644.434,
                                                      "Actual Total Time": 726.321,
                                                      "Actual Rows": 578858,
                                                      "Actual Loops": 5,
                                                      "Sort Key": [
                                                        "an.person_id"
                                                      ],
                                                      "Sort Method": "quicksort",
                                                      "Sort Space Used": 89764,
                                                      "Sort Space Type": "Memory",
                                                      "Workers": [
                                                        {
                                                          "Worker Number": 0,
                                                          "Sort Method": "quicksort",
                                                          "Sort Space Used": 89764,
                                                          "Sort Space Type": "Memory"
                                                        },
                                                        {
                                                          "Worker Number": 1,
                                                          "Sort Method": "quicksort",
                                                          "Sort Space Used": 89764,
                                                          "Sort Space Type": "Memory"
                                                        },
                                                        {
                                                          "Worker Number": 2,
                                                          "Sort Method": "quicksort",
                                                          "Sort Space Used": 89764,
                                                          "Sort Space Type": "Memory"
                                                        },
                                                        {
                                                          "Worker Number": 3,
                                                          "Sort Method": "quicksort",
                                                          "Sort Space Used": 89764,
                                                          "Sort Space Type": "Memory"
                                                        }
                                                      ],
                                                      "Plans": [
                                                        {
                                                          "Node Type": "Seq Scan",
                                                          "Parent Relationship": "Outer",
                                                          "Parallel Aware": false,
                                                          "Relation Name": "aka_name",
                                                          "Alias": "an",
                                                          "Startup Cost": 0.0,
                                                          "Total Cost": 20409.43,
                                                          "Plan Rows": 901343,
                                                          "Plan Width": 20,
                                                          "Actual Startup Time": 0.068,
                                                          "Actual Total Time": 231.927,
                                                          "Actual Rows": 901343,
                                                          "Actual Loops": 5
                                                        }
                                                      ]
                                                    }
                                                  ]
                                                }
                                              ]
                                            },
                                            {
                                              "Node Type": "Sort",
                                              "Parent Relationship": "Inner",
                                              "Parallel Aware": false,
                                              "Startup Cost": 371196.84,
                                              "Total Cost": 371381.17,
                                              "Plan Rows": 73732,
                                              "Plan Width": 12,
                                              "Actual Startup Time": 1968.487,
                                              "Actual Total Time": 1995.875,
                                              "Actual Rows": 620970,
                                              "Actual Loops": 1,
                                              "Sort Key": [
                                                "ci.person_id"
                                              ],
                                              "Sort Method": "quicksort",
                                              "Sort Space Used": 25234,
                                              "Sort Space Type": "Memory",
                                              "Plans": [
                                                {
                                                  "Node Type": "Gather",
                                                  "Parent Relationship": "Outer",
                                                  "Parallel Aware": false,
                                                  "Startup Cost": 357002.19,
                                                  "Total Cost": 365235.6,
                                                  "Plan Rows": 73732,
                                                  "Plan Width": 12,
                                                  "Actual Startup Time": 1872.752,
                                                  "Actual Total Time": 1913.505,
                                                  "Actual Rows": 276166,
                                                  "Actual Loops": 1,
                                                  "Workers Planned": 6,
                                                  "Workers Launched": 3,
                                                  "Single Copy": false,
                                                  "Plans": [
                                                    {
                                                      "Node Type": "Merge Join",
                                                      "Parent Relationship": "Outer",
                                                      "Parallel Aware": false,
                                                      "Join Type": "Inner",
                                                      "Startup Cost": 356002.19,
                                                      "Total Cost": 356862.4,
                                                      "Plan Rows": 12289,
                                                      "Plan Width": 12,
                                                      "Actual Startup Time": 1861.163,
                                                      "Actual Total Time": 1875.165,
                                                      "Actual Rows": 69042,
                                                      "Actual Loops": 4,
                                                      "Inner Unique": true,
                                                      "Merge Cond": "(ci.role_id = rt.id)",
                                                      "Plans": [
                                                        {
                                                          "Node Type": "Sort",
                                                          "Parent Relationship": "Outer",
                                                          "Parallel Aware": false,
                                                          "Startup Cost": 356001.03,
                                                          "Total Cost": 356369.69,
                                                          "Plan Rows": 147464,
                                                          "Plan Width": 16,
                                                          "Actual Startup Time": 1845.265,
                                                          "Actual Total Time": 1855.022,
                                                          "Actual Rows": 216782,
                                                          "Actual Loops": 4,
                                                          "Sort Key": [
                                                            "ci.role_id"
                                                          ],
                                                          "Sort Method": "quicksort",
                                                          "Sort Space Used": 18292,
                                                          "Sort Space Type": "Memory",
                                                          "Workers": [
                                                            {
                                                              "Worker Number": 0,
                                                              "Sort Method": "quicksort",
                                                              "Sort Space Used": 17929,
                                                              "Sort Space Type": "Memory"
                                                            },
                                                            {
                                                              "Worker Number": 1,
                                                              "Sort Method": "quicksort",
                                                              "Sort Space Used": 14285,
                                                              "Sort Space Type": "Memory"
                                                            },
                                                            {
                                                              "Worker Number": 2,
                                                              "Sort Method": "quicksort",
                                                              "Sort Space Used": 14735,
                                                              "Sort Space Type": "Memory"
                                                            }
                                                          ],
                                                          "Plans": [
                                                            {
                                                              "Node Type": "Seq Scan",
                                                              "Parent Relationship": "Outer",
                                                              "Parallel Aware": true,
                                                              "Relation Name": "cast_info",
                                                              "Alias": "ci",
                                                              "Startup Cost": 0.0,
                                                              "Total Cost": 343341.24,
                                                              "Plan Rows": 147464,
                                                              "Plan Width": 16,
                                                              "Actual Startup Time": 0.134,
                                                              "Actual Total Time": 1788.498,
                                                              "Actual Rows": 216869,
                                                              "Actual Loops": 4,
                                                              "Filter": "(note = ANY ('{(voice),\"(voice: Japanese version)\",\"(voice) (uncredited)\",\"(voice: English version)\"}'::text[]))",
                                                              "Rows Removed by Filter": 8844217
                                                            }
                                                          ]
                                                        },
                                                        {
                                                          "Node Type": "Sort",
                                                          "Parent Relationship": "Inner",
                                                          "Parallel Aware": false,
                                                          "Startup Cost": 1.16,
                                                          "Total Cost": 1.16,
                                                          "Plan Rows": 1,
                                                          "Plan Width": 4,
                                                          "Actual Startup Time": 0.101,
                                                          "Actual Total Time": 0.104,
                                                          "Actual Rows": 1,
                                                          "Actual Loops": 4,
                                                          "Sort Key": [
                                                            "rt.id"
                                                          ],
                                                          "Sort Method": "quicksort",
                                                          "Sort Space Used": 25,
                                                          "Sort Space Type": "Memory",
                                                          "Workers": [
                                                            {
                                                              "Worker Number": 0,
                                                              "Sort Method": "quicksort",
                                                              "Sort Space Used": 25,
                                                              "Sort Space Type": "Memory"
                                                            },
                                                            {
                                                              "Worker Number": 1,
                                                              "Sort Method": "quicksort",
                                                              "Sort Space Used": 25,
                                                              "Sort Space Type": "Memory"
                                                            },
                                                            {
                                                              "Worker Number": 2,
                                                              "Sort Method": "quicksort",
                                                              "Sort Space Used": 25,
                                                              "Sort Space Type": "Memory"
                                                            }
                                                          ],
                                                          "Plans": [
                                                            {
                                                              "Node Type": "Seq Scan",
                                                              "Parent Relationship": "Outer",
                                                              "Parallel Aware": false,
                                                              "Relation Name": "role_type",
                                                              "Alias": "rt",
                                                              "Startup Cost": 0.0,
                                                              "Total Cost": 1.15,
                                                              "Plan Rows": 1,
                                                              "Plan Width": 4,
                                                              "Actual Startup Time": 0.08,
                                                              "Actual Total Time": 0.081,
                                                              "Actual Rows": 1,
                                                              "Actual Loops": 4,
                                                              "Filter": "((role)::text = 'actress'::text)",
                                                              "Rows Removed by Filter": 11
                                                            }
                                                          ]
                                                        }
                                                      ]
                                                    }
                                                  ]
                                                }
                                              ]
                                            }
                                          ]
                                        }
                                      ]
                                    }
                                  ]
                                }
                              ]
                            }
                          ]
                        }
                      ]
                    }
                  ]
                }
              ]
            }
          ]
        }
      ]
    },
    "Planning Time": 17.22,
    "Triggers": [],
    "Execution Time": 10788.719
  }
]