[
  {
    "Plan": {
      "Node Type": "Aggregate",
      "Strategy": "Plain",
      "Partial Mode": "Finalize",
      "Parallel Aware": false,
      "Startup Cost": 338865.53,
      "Total Cost": 338865.54,
      "Plan Rows": 1,
      "Plan Width": 8,
      "Actual Startup Time": 758.688,
      "Actual Total Time": 817.208,
      "Actual Rows": 1,
      "Actual Loops": 1,
      "Plans": [
        {
          "Node Type": "Gather",
          "Parent Relationship": "Outer",
          "Parallel Aware": false,
          "Startup Cost": 338864.91,
          "Total Cost": 338865.52,
          "Plan Rows": 6,
          "Plan Width": 8,
          "Actual Startup Time": 758.541,
          "Actual Total Time": 817.198,
          "Actual Rows": 7,
          "Actual Loops": 1,
          "Workers Planned": 6,
          "Workers Launched": 6,
          "Single Copy": false,
          "Plans": [
            {
              "Node Type": "Aggregate",
              "Strategy": "Plain",
              "Partial Mode": "Partial",
              "Parent Relationship": "Outer",
              "Parallel Aware": false,
              "Startup Cost": 337864.91,
              "Total Cost": 337864.92,
              "Plan Rows": 1,
              "Plan Width": 8,
              "Actual Startup Time": 747.794,
              "Actual Total Time": 747.795,
              "Actual Rows": 1,
              "Actual Loops": 7,
              "Plans": [
                {
                  "Node Type": "Seq Scan",
                  "Parent Relationship": "Outer",
                  "Parallel Aware": true,
                  "Relation Name": "cast_info",
                  "Alias": "ci",
                  "Startup Cost": 0.0,
                  "Total Cost": 328162.03,
                  "Plan Rows": 3881152,
                  "Plan Width": 0,
                  "Actual Startup Time": 0.052,
                  "Actual Total Time": 607.231,
                  "Actual Rows": 3334706,
                  "Actual Loops": 7,
                  "Filter": "(person_id < 2388519)",
                  "Rows Removed by Filter": 1843057
                }
              ]
            }
          ]
        }
      ]
    },
    "Planning Time": 0.204,
    "Triggers": [],
    "Execution Time": 817.284
  }
]