[
  {
    "Plan": {
      "Node Type": "Aggregate",
      "Strategy": "Plain",
      "Partial Mode": "Finalize",
      "Parallel Aware": false,
      "Startup Cost": 79942.06,
      "Total Cost": 79942.07,
      "Plan Rows": 1,
      "Plan Width": 8,
      "Actual Startup Time": 127.097,
      "Actual Total Time": 134.808,
      "Actual Rows": 1,
      "Actual Loops": 1,
      "Plans": [
        {
          "Node Type": "Gather",
          "Parent Relationship": "Outer",
          "Parallel Aware": false,
          "Startup Cost": 79941.54,
          "Total Cost": 79942.05,
          "Plan Rows": 5,
          "Plan Width": 8,
          "Actual Startup Time": 126.995,
          "Actual Total Time": 134.8,
          "Actual Rows": 6,
          "Actual Loops": 1,
          "Workers Planned": 5,
          "Workers Launched": 5,
          "Single Copy": false,
          "Plans": [
            {
              "Node Type": "Aggregate",
              "Strategy": "Plain",
              "Partial Mode": "Partial",
              "Parent Relationship": "Outer",
              "Parallel Aware": false,
              "Startup Cost": 78941.54,
              "Total Cost": 78941.55,
              "Plan Rows": 1,
              "Plan Width": 8,
              "Actual Startup Time": 117.036,
              "Actual Total Time": 117.037,
              "Actual Rows": 1,
              "Actual Loops": 6,
              "Plans": [
                {
                  "Node Type": "Index Scan",
                  "Parent Relationship": "Outer",
                  "Parallel Aware": true,
                  "Scan Direction": "Forward",
                  "Index Name": "role_id_cast_info",
                  "Relation Name": "cast_info",
                  "Alias": "ci",
                  "Startup Cost": 0.56,
                  "Total Cost": 77740.85,
                  "Plan Rows": 480274,
                  "Plan Width": 0,
                  "Actual Startup Time": 0.24,
                  "Actual Total Time": 98.825,
                  "Actual Rows": 351910,
                  "Actual Loops": 6,
                  "Index Cond": "(role_id = 4)",
                  "Rows Removed by Index Recheck": 0,
                  "Filter": "(person_id < 3102756)",
                  "Rows Removed by Filter": 102914
                }
              ]
            }
          ]
        }
      ]
    },
    "Planning Time": 0.211,
    "Triggers": [],
    "Execution Time": 134.87
  }
]