{
  "Plan": {
    "Node Type": "Aggregate",
    "Strategy": "Plain",
    "Partial Mode": "Finalize",
    "Parallel Aware": false,
    "Startup Cost": 70548.01,
    "Total Cost": 70548.02,
    "Plan Rows": 1,
    "Plan Width": 8,
    "Actual Startup Time": 37.919,
    "Actual Total Time": 42.609,
    "Actual Rows": 1,
    "Actual Loops": 1,
    "Plans": [
      {
        "Node Type": "Gather",
        "Parent Relationship": "Outer",
        "Parallel Aware": false,
        "Startup Cost": 70547.9,
        "Total Cost": 70548.01,
        "Plan Rows": 1,
        "Plan Width": 8,
        "Actual Startup Time": 37.796,
        "Actual Total Time": 42.603,
        "Actual Rows": 2,
        "Actual Loops": 1,
        "Workers Planned": 1,
        "Workers Launched": 1,
        "Single Copy": false,
        "Plans": [
          {
            "Node Type": "Aggregate",
            "Strategy": "Plain",
            "Partial Mode": "Partial",
            "Parent Relationship": "Outer",
            "Parallel Aware": false,
            "Startup Cost": 69547.9,
            "Total Cost": 69547.91,
            "Plan Rows": 1,
            "Plan Width": 8,
            "Actual Startup Time": 31.76,
            "Actual Total Time": 31.762,
            "Actual Rows": 1,
            "Actual Loops": 2,
            "Plans": [
              {
                "Node Type": "Nested Loop",
                "Parent Relationship": "Outer",
                "Parallel Aware": false,
                "Join Type": "Inner",
                "Startup Cost": 181.25,
                "Total Cost": 69542.99,
                "Plan Rows": 1964,
                "Plan Width": 0,
                "Actual Startup Time": 1.891,
                "Actual Total Time": 31.157,
                "Actual Rows": 3246,
                "Actual Loops": 2,
                "Inner Unique": true,
                "Plans": [
                  {
                    "Node Type": "Bitmap Heap Scan",
                    "Parent Relationship": "Outer",
                    "Parallel Aware": true,
                    "Relation Name": "movie_info",
                    "Alias": "mi",
                    "Startup Cost": 180.82,
                    "Total Cost": 31543.5,
                    "Plan Rows": 5798,
                    "Plan Width": 4,
                    "Actual Startup Time": 1.74,
                    "Actual Total Time": 5.928,
                    "Actual Rows": 3298,
                    "Actual Loops": 2,
                    "Recheck Cond": "(info_type_id = 43)",
                    "Rows Removed by Index Recheck": 0,
                    "Exact Heap Blocks": 1100,
                    "Lossy Heap Blocks": 0,
                    "Plans": [
                      {
                        "Node Type": "Bitmap Index Scan",
                        "Parent Relationship": "Outer",
                        "Parallel Aware": false,
                        "Index Name": "info_type_id_movie_info",
                        "Startup Cost": 0.0,
                        "Total Cost": 178.36,
                        "Plan Rows": 9856,
                        "Plan Width": 0,
                        "Actual Startup Time": 2.707,
                        "Actual Total Time": 2.707,
                        "Actual Rows": 6595,
                        "Actual Loops": 1,
                        "Index Cond": "(info_type_id = 43)"
                      }
                    ]
                  },
                  {
                    "Node Type": "Index Scan",
                    "Parent Relationship": "Inner",
                    "Parallel Aware": false,
                    "Scan Direction": "Forward",
                    "Index Name": "title_pkey",
                    "Relation Name": "title",
                    "Alias": "t",
                    "Startup Cost": 0.43,
                    "Total Cost": 6.55,
                    "Plan Rows": 1,
                    "Plan Width": 4,
                    "Actual Startup Time": 0.007,
                    "Actual Total Time": 0.007,
                    "Actual Rows": 1,
                    "Actual Loops": 6595,
                    "Index Cond": "(id = mi.movie_id)",
                    "Rows Removed by Index Recheck": 0,
                    "Filter": "(kind_id < 4)",
                    "Rows Removed by Filter": 0
                  }
                ]
              }
            ]
          }
        ]
      }
    ]
  },
  "Planning Time": 0.466,
  "Triggers": [],
  "Execution Time": 42.706
}