[
  {
    "Plan": {
      "Node Type": "Aggregate",
      "Strategy": "Plain",
      "Partial Mode": "Finalize",
      "Parallel Aware": false,
      "Startup Cost": 32301.69,
      "Total Cost": 32301.7,
      "Plan Rows": 1,
      "Plan Width": 8,
      "Actual Startup Time": 112.422,
      "Actual Total Time": 120.847,
      "Actual Rows": 1,
      "Actual Loops": 1,
      "Plans": [
        {
          "Node Type": "Gather",
          "Parent Relationship": "Outer",
          "Parallel Aware": false,
          "Startup Cost": 32301.37,
          "Total Cost": 32301.68,
          "Plan Rows": 3,
          "Plan Width": 8,
          "Actual Startup Time": 112.294,
          "Actual Total Time": 120.838,
          "Actual Rows": 4,
          "Actual Loops": 1,
          "Workers Planned": 3,
          "Workers Launched": 3,
          "Single Copy": false,
          "Plans": [
            {
              "Node Type": "Aggregate",
              "Strategy": "Plain",
              "Partial Mode": "Partial",
              "Parent Relationship": "Outer",
              "Parallel Aware": false,
              "Startup Cost": 31301.37,
              "Total Cost": 31301.38,
              "Plan Rows": 1,
              "Plan Width": 8,
              "Actual Startup Time": 108.729,
              "Actual Total Time": 108.73,
              "Actual Rows": 1,
              "Actual Loops": 4,
              "Plans": [
                {
                  "Node Type": "Seq Scan",
                  "Parent Relationship": "Outer",
                  "Parallel Aware": true,
                  "Relation Name": "movie_companies",
                  "Alias": "mc",
                  "Startup Cost": 0.0,
                  "Total Cost": 29310.68,
                  "Plan Rows": 796276,
                  "Plan Width": 0,
                  "Actual Startup Time": 0.015,
                  "Actual Total Time": 80.567,
                  "Actual Rows": 617891,
                  "Actual Loops": 4,
                  "Filter": "(company_id < 137482)",
                  "Rows Removed by Filter": 34391
                }
              ]
            }
          ]
        }
      ]
    },
    "Planning Time": 0.153,
    "Triggers": [],
    "Execution Time": 120.891
  }
]