{
  "Plan": {
    "Node Type": "Aggregate",
    "Strategy": "Plain",
    "Partial Mode": "Finalize",
    "Parallel Aware": false,
    "Startup Cost": 199653.93,
    "Total Cost": 199653.94,
    "Plan Rows": 1,
    "Plan Width": 8,
    "Actual Startup Time": 1200.965,
    "Actual Total Time": 1227.855,
    "Actual Rows": 1,
    "Actual Loops": 1,
    "Plans": [
      {
        "Node Type": "Gather",
        "Parent Relationship": "Outer",
        "Parallel Aware": false,
        "Startup Cost": 199653.82,
        "Total Cost": 199653.93,
        "Plan Rows": 1,
        "Plan Width": 8,
        "Actual Startup Time": 1187.374,
        "Actual Total Time": 1227.846,
        "Actual Rows": 2,
        "Actual Loops": 1,
        "Workers Planned": 1,
        "Workers Launched": 1,
        "Single Copy": false,
        "Plans": [
          {
            "Node Type": "Aggregate",
            "Strategy": "Plain",
            "Partial Mode": "Partial",
            "Parent Relationship": "Outer",
            "Parallel Aware": false,
            "Startup Cost": 198653.82,
            "Total Cost": 198653.83,
            "Plan Rows": 1,
            "Plan Width": 8,
            "Actual Startup Time": 1177.146,
            "Actual Total Time": 1177.153,
            "Actual Rows": 1,
            "Actual Loops": 2,
            "Plans": [
              {
                "Node Type": "Merge Join",
                "Parent Relationship": "Outer",
                "Parallel Aware": false,
                "Join Type": "Inner",
                "Startup Cost": 195653.51,
                "Total Cost": 198651.79,
                "Plan Rows": 812,
                "Plan Width": 0,
                "Actual Startup Time": 1120.206,
                "Actual Total Time": 1176.963,
                "Actual Rows": 3120,
                "Actual Loops": 2,
                "Inner Unique": false,
                "Merge Cond": "(t.id = mi.movie_id)",
                "Plans": [
                  {
                    "Node Type": "Sort",
                    "Parent Relationship": "Outer",
                    "Parallel Aware": false,
                    "Startup Cost": 183175.28,
                    "Total Cost": 184662.88,
                    "Plan Rows": 595041,
                    "Plan Width": 8,
                    "Actual Startup Time": 1103.662,
                    "Actual Total Time": 1138.816,
                    "Actual Rows": 415739,
                    "Actual Loops": 2,
                    "Sort Key": [
                      "t.id"
                    ],
                    "Sort Method": "quicksort",
                    "Sort Space Used": 35305,
                    "Sort Space Type": "Memory",
                    "Workers": [
                      {
                        "Worker Number": 0,
                        "Sort Method": "quicksort",
                        "Sort Space Used": 28330,
                        "Sort Space Type": "Memory"
                      }
                    ],
                    "Plans": [
                      {
                        "Node Type": "Hash Join",
                        "Parent Relationship": "Outer",
                        "Parallel Aware": true,
                        "Join Type": "Inner",
                        "Startup Cost": 69461.26,
                        "Total Cost": 126103.02,
                        "Plan Rows": 595041,
                        "Plan Width": 8,
                        "Actual Startup Time": 594.302,
                        "Actual Total Time": 971.177,
                        "Actual Rows": 416617,
                        "Actual Loops": 2,
                        "Inner Unique": true,
                        "Hash Cond": "(ci.movie_id = t.id)",
                        "Plans": [
                          {
                            "Node Type": "Index Scan",
                            "Parent Relationship": "Outer",
                            "Parallel Aware": true,
                            "Scan Direction": "Forward",
                            "Index Name": "role_id_cast_info",
                            "Relation Name": "cast_info",
                            "Alias": "ci",
                            "Startup Cost": 0.56,
                            "Total Cost": 55080.34,
                            "Plan Rows": 595041,
                            "Plan Width": 4,
                            "Actual Startup Time": 0.054,
                            "Actual Total Time": 148.639,
                            "Actual Rows": 416617,
                            "Actual Loops": 2,
                            "Index Cond": "(role_id = 8)",
                            "Rows Removed by Index Recheck": 0,
                            "Filter": "(person_id < 2169838)",
                            "Rows Removed by Filter": 435154
                          },
                          {
                            "Node Type": "Hash",
                            "Parent Relationship": "Inner",
                            "Parallel Aware": true,
                            "Startup Cost": 50870.31,
                            "Total Cost": 50870.31,
                            "Plan Rows": 1487231,
                            "Plan Width": 4,
                            "Actual Startup Time": 573.551,
                            "Actual Total Time": 573.552,
                            "Actual Rows": 1264156,
                            "Actual Loops": 2,
                            "Hash Buckets": 4194304,
                            "Original Hash Buckets": 4194304,
                            "Hash Batches": 1,
                            "Original Hash Batches": 1,
                            "Peak Memory Usage": 131712,
                            "Plans": [
                              {
                                "Node Type": "Seq Scan",
                                "Parent Relationship": "Outer",
                                "Parallel Aware": true,
                                "Relation Name": "title",
                                "Alias": "t",
                                "Startup Cost": 0.0,
                                "Total Cost": 50870.31,
                                "Plan Rows": 1487231,
                                "Plan Width": 4,
                                "Actual Startup Time": 0.019,
                                "Actual Total Time": 173.849,
                                "Actual Rows": 1264156,
                                "Actual Loops": 2
                              }
                            ]
                          }
                        ]
                      }
                    ]
                  },
                  {
                    "Node Type": "Sort",
                    "Parent Relationship": "Inner",
                    "Parallel Aware": false,
                    "Startup Cost": 12478.17,
                    "Total Cost": 12486.8,
                    "Plan Rows": 3450,
                    "Plan Width": 4,
                    "Actual Startup Time": 5.636,
                    "Actual Total Time": 6.245,
                    "Actual Rows": 6783,
                    "Actual Loops": 2,
                    "Sort Key": [
                      "mi.movie_id"
                    ],
                    "Sort Method": "quicksort",
                    "Sort Space Used": 503,
                    "Sort Space Type": "Memory",
                    "Workers": [
                      {
                        "Worker Number": 0,
                        "Sort Method": "quicksort",
                        "Sort Space Used": 503,
                        "Sort Space Type": "Memory"
                      }
                    ],
                    "Plans": [
                      {
                        "Node Type": "Bitmap Heap Scan",
                        "Parent Relationship": "Outer",
                        "Parallel Aware": false,
                        "Relation Name": "movie_info",
                        "Alias": "mi",
                        "Startup Cost": 63.17,
                        "Total Cost": 12275.44,
                        "Plan Rows": 3450,
                        "Plan Width": 4,
                        "Actual Startup Time": 0.729,
                        "Actual Total Time": 4.125,
                        "Actual Rows": 6614,
                        "Actual Loops": 2,
                        "Recheck Cond": "(info_type_id = 41)",
                        "Rows Removed by Index Recheck": 0,
                        "Exact Heap Blocks": 1314,
                        "Lossy Heap Blocks": 0,
                        "Plans": [
                          {
                            "Node Type": "Bitmap Index Scan",
                            "Parent Relationship": "Outer",
                            "Parallel Aware": false,
                            "Index Name": "info_type_id_movie_info",
                            "Startup Cost": 0.0,
                            "Total Cost": 62.31,
                            "Plan Rows": 3450,
                            "Plan Width": 0,
                            "Actual Startup Time": 0.553,
                            "Actual Total Time": 0.553,
                            "Actual Rows": 6614,
                            "Actual Loops": 2,
                            "Index Cond": "(info_type_id = 41)"
                          }
                        ]
                      }
                    ]
                  }
                ]
              }
            ]
          }
        ]
      }
    ]
  },
  "Planning Time": 1.138,
  "Triggers": [],
  "Execution Time": 1227.973
}