[
  {
    "Plan": {
      "Node Type": "Aggregate",
      "Strategy": "Plain",
      "Partial Mode": "Finalize",
      "Parallel Aware": false,
      "Startup Cost": 343674.99,
      "Total Cost": 343675.01,
      "Plan Rows": 1,
      "Plan Width": 8,
      "Actual Startup Time": 899.468,
      "Actual Total Time": 958.675,
      "Actual Rows": 1,
      "Actual Loops": 1,
      "Plans": [
        {
          "Node Type": "Gather",
          "Parent Relationship": "Outer",
          "Parallel Aware": false,
          "Startup Cost": 343674.37,
          "Total Cost": 343674.98,
          "Plan Rows": 6,
          "Plan Width": 8,
          "Actual Startup Time": 899.359,
          "Actual Total Time": 958.664,
          "Actual Rows": 7,
          "Actual Loops": 1,
          "Workers Planned": 6,
          "Workers Launched": 6,
          "Single Copy": false,
          "Plans": [
            {
              "Node Type": "Aggregate",
              "Strategy": "Plain",
              "Partial Mode": "Partial",
              "Parent Relationship": "Outer",
              "Parallel Aware": false,
              "Startup Cost": 342674.37,
              "Total Cost": 342674.38,
              "Plan Rows": 1,
              "Plan Width": 8,
              "Actual Startup Time": 890.119,
              "Actual Total Time": 890.12,
              "Actual Rows": 1,
              "Actual Loops": 7,
              "Plans": [
                {
                  "Node Type": "Seq Scan",
                  "Parent Relationship": "Outer",
                  "Parallel Aware": true,
                  "Relation Name": "cast_info",
                  "Alias": "ci",
                  "Startup Cost": 0.0,
                  "Total Cost": 328162.03,
                  "Plan Rows": 5804938,
                  "Plan Width": 0,
                  "Actual Startup Time": 27.986,
                  "Actual Total Time": 676.128,
                  "Actual Rows": 4972560,
                  "Actual Loops": 7,
                  "Filter": "(person_id > 144387)",
                  "Rows Removed by Filter": 205204
                }
              ]
            }
          ]
        }
      ]
    },
    "Planning Time": 0.193,
    "Triggers": [],
    "Execution Time": 958.78
  }
]