[
  {
    "Plan": {
      "Node Type": "Aggregate",
      "Strategy": "Plain",
      "Partial Mode": "Finalize",
      "Parallel Aware": false,
      "Startup Cost": 33077.2,
      "Total Cost": 33077.21,
      "Plan Rows": 1,
      "Plan Width": 8,
      "Actual Startup Time": 77.435,
      "Actual Total Time": 85.36,
      "Actual Rows": 1,
      "Actual Loops": 1,
      "Plans": [
        {
          "Node Type": "Gather",
          "Parent Relationship": "Outer",
          "Parallel Aware": false,
          "Startup Cost": 33076.88,
          "Total Cost": 33077.19,
          "Plan Rows": 3,
          "Plan Width": 8,
          "Actual Startup Time": 77.311,
          "Actual Total Time": 85.353,
          "Actual Rows": 4,
          "Actual Loops": 1,
          "Workers Planned": 3,
          "Workers Launched": 3,
          "Single Copy": false,
          "Plans": [
            {
              "Node Type": "Aggregate",
              "Strategy": "Plain",
              "Partial Mode": "Partial",
              "Parent Relationship": "Outer",
              "Parallel Aware": false,
              "Startup Cost": 32076.88,
              "Total Cost": 32076.89,
              "Plan Rows": 1,
              "Plan Width": 8,
              "Actual Startup Time": 73.698,
              "Actual Total Time": 73.7,
              "Actual Rows": 1,
              "Actual Loops": 4,
              "Plans": [
                {
                  "Node Type": "Seq Scan",
                  "Parent Relationship": "Outer",
                  "Parallel Aware": true,
                  "Relation Name": "movie_companies",
                  "Alias": "mc",
                  "Startup Cost": 0.0,
                  "Total Cost": 31414.82,
                  "Plan Rows": 264825,
                  "Plan Width": 0,
                  "Actual Startup Time": 37.183,
                  "Actual Total Time": 68.261,
                  "Actual Rows": 129631,
                  "Actual Loops": 4,
                  "Filter": "((company_id < 16836) AND (company_type_id = 2))",
                  "Rows Removed by Filter": 522651
                }
              ]
            }
          ]
        }
      ]
    },
    "Planning Time": 0.102,
    "Triggers": [],
    "Execution Time": 85.387
  }
]