[
  {
    "Plan": {
      "Node Type": "Aggregate",
      "Strategy": "Plain",
      "Partial Mode": "Finalize",
      "Parallel Aware": false,
      "Startup Cost": 33080.87,
      "Total Cost": 33080.88,
      "Plan Rows": 1,
      "Plan Width": 8,
      "Actual Startup Time": 91.833,
      "Actual Total Time": 99.552,
      "Actual Rows": 1,
      "Actual Loops": 1,
      "Plans": [
        {
          "Node Type": "Gather",
          "Parent Relationship": "Outer",
          "Parallel Aware": false,
          "Startup Cost": 33080.56,
          "Total Cost": 33080.87,
          "Plan Rows": 3,
          "Plan Width": 8,
          "Actual Startup Time": 91.74,
          "Actual Total Time": 99.544,
          "Actual Rows": 4,
          "Actual Loops": 1,
          "Workers Planned": 3,
          "Workers Launched": 3,
          "Single Copy": false,
          "Plans": [
            {
              "Node Type": "Aggregate",
              "Strategy": "Plain",
              "Partial Mode": "Partial",
              "Parent Relationship": "Outer",
              "Parallel Aware": false,
              "Startup Cost": 32080.56,
              "Total Cost": 32080.57,
              "Plan Rows": 1,
              "Plan Width": 8,
              "Actual Startup Time": 83.468,
              "Actual Total Time": 83.469,
              "Actual Rows": 1,
              "Actual Loops": 4,
              "Plans": [
                {
                  "Node Type": "Seq Scan",
                  "Parent Relationship": "Outer",
                  "Parallel Aware": true,
                  "Relation Name": "movie_companies",
                  "Alias": "mc",
                  "Startup Cost": 0.0,
                  "Total Cost": 31414.82,
                  "Plan Rows": 266295,
                  "Plan Width": 0,
                  "Actual Startup Time": 48.254,
                  "Actual Total Time": 78.262,
                  "Actual Rows": 129631,
                  "Actual Loops": 4,
                  "Filter": "((company_id < 16836) AND (company_type_id = 2))",
                  "Rows Removed by Filter": 522651
                }
              ]
            }
          ]
        }
      ]
    },
    "Planning Time": 0.189,
    "Triggers": [],
    "Execution Time": 99.603
  }
]