[
    {
        "Bao": {
            "Bao prediction": 1340.775,
            "Bao recommended hint": "SET enable_nestloop TO off; "
        }
    },
    {
        "Plan": {
            "Node Type": "Aggregate",
            "Strategy": "Plain",
            "Partial Mode": "Finalize",
            "Parallel Aware": false,
            "Startup Cost": 275420.01,
            "Total Cost": 275420.02,
            "Plan Rows": 1,
            "Plan Width": 8,
            "Actual Startup Time": 913.12,
            "Actual Total Time": 945.375,
            "Actual Rows": 1,
            "Actual Loops": 1,
            "Output": [
                "count(*)"
            ],
            "Plans": [
                {
                    "Node Type": "Gather",
                    "Parent Relationship": "Outer",
                    "Parallel Aware": false,
                    "Startup Cost": 275419.69,
                    "Total Cost": 275420.0,
                    "Plan Rows": 3,
                    "Plan Width": 8,
                    "Actual Startup Time": 911.856,
                    "Actual Total Time": 945.367,
                    "Actual Rows": 4,
                    "Actual Loops": 1,
                    "Output": [
                        "(PARTIAL count(*))"
                    ],
                    "Workers Planned": 3,
                    "Workers Launched": 3,
                    "Single Copy": false,
                    "Plans": [
                        {
                            "Node Type": "Aggregate",
                            "Strategy": "Plain",
                            "Partial Mode": "Partial",
                            "Parent Relationship": "Outer",
                            "Parallel Aware": false,
                            "Startup Cost": 274419.69,
                            "Total Cost": 274419.7,
                            "Plan Rows": 1,
                            "Plan Width": 8,
                            "Actual Startup Time": 903.737,
                            "Actual Total Time": 903.775,
                            "Actual Rows": 1,
                            "Actual Loops": 4,
                            "Output": [
                                "PARTIAL count(*)"
                            ],
                            "Workers": [
                                {
                                    "Worker Number": 0,
                                    "Actual Startup Time": 900.697,
                                    "Actual Total Time": 900.701,
                                    "Actual Rows": 1,
                                    "Actual Loops": 1
                                },
                                {
                                    "Worker Number": 1,
                                    "Actual Startup Time": 901.539,
                                    "Actual Total Time": 901.543,
                                    "Actual Rows": 1,
                                    "Actual Loops": 1
                                },
                                {
                                    "Worker Number": 2,
                                    "Actual Startup Time": 901.59,
                                    "Actual Total Time": 901.594,
                                    "Actual Rows": 1,
                                    "Actual Loops": 1
                                }
                            ],
                            "Plans": [
                                {
                                    "Node Type": "Hash Join",
                                    "Parent Relationship": "Outer",
                                    "Parallel Aware": true,
                                    "Join Type": "Inner",
                                    "Startup Cost": 243995.13,
                                    "Total Cost": 274347.36,
                                    "Plan Rows": 28933,
                                    "Plan Width": 0,
                                    "Actual Startup Time": 824.909,
                                    "Actual Total Time": 901.493,
                                    "Actual Rows": 55601,
                                    "Actual Loops": 4,
                                    "Inner Unique": false,
                                    "Hash Cond": "(mc.movie_id = t.id)",
                                    "Workers": [
                                        {
                                            "Worker Number": 0,
                                            "Actual Startup Time": 821.897,
                                            "Actual Total Time": 898.599,
                                            "Actual Rows": 52510,
                                            "Actual Loops": 1
                                        },
                                        {
                                            "Worker Number": 1,
                                            "Actual Startup Time": 822.53,
                                            "Actual Total Time": 899.202,
                                            "Actual Rows": 55410,
                                            "Actual Loops": 1
                                        },
                                        {
                                            "Worker Number": 2,
                                            "Actual Startup Time": 822.9,
                                            "Actual Total Time": 899.269,
                                            "Actual Rows": 55464,
                                            "Actual Loops": 1
                                        }
                                    ],
                                    "Plans": [
                                        {
                                            "Node Type": "Seq Scan",
                                            "Parent Relationship": "Outer",
                                            "Parallel Aware": true,
                                            "Relation Name": "movie_companies",
                                            "Schema": "public",
                                            "Alias": "mc",
                                            "Startup Cost": 0.0,
                                            "Total Cost": 29310.68,
                                            "Plan Rows": 262314,
                                            "Plan Width": 4,
                                            "Actual Startup Time": 11.063,
                                            "Actual Total Time": 56.387,
                                            "Actual Rows": 203921,
                                            "Actual Loops": 4,
                                            "Output": [
                                                "mc.id",
                                                "mc.movie_id",
                                                "mc.company_id",
                                                "mc.company_type_id",
                                                "mc.note"
                                            ],
                                            "Filter": "(mc.company_id > 28614)",
                                            "Rows Removed by Filter": 448361,
                                            "Workers": [
                                                {
                                                    "Worker Number": 0,
                                                    "Actual Startup Time": 11.082,
                                                    "Actual Total Time": 55.472,
                                                    "Actual Rows": 184010,
                                                    "Actual Loops": 1
                                                },
                                                {
                                                    "Worker Number": 1,
                                                    "Actual Startup Time": 11.093,
                                                    "Actual Total Time": 57.285,
                                                    "Actual Rows": 200441,
                                                    "Actual Loops": 1
                                                },
                                                {
                                                    "Worker Number": 2,
                                                    "Actual Startup Time": 11.002,
                                                    "Actual Total Time": 57.043,
                                                    "Actual Rows": 200262,
                                                    "Actual Loops": 1
                                                }
                                            ]
                                        },
                                        {
                                            "Node Type": "Hash",
                                            "Parent Relationship": "Inner",
                                            "Parallel Aware": true,
                                            "Startup Cost": 243297.96,
                                            "Total Cost": 243297.96,
                                            "Plan Rows": 55774,
                                            "Plan Width": 8,
                                            "Actual Startup Time": 810.328,
                                            "Actual Total Time": 810.364,
                                            "Actual Rows": 62665,
                                            "Actual Loops": 4,
                                            "Output": [
                                                "t.id",
                                                "mi.movie_id"
                                            ],
                                            "Hash Buckets": 524288,
                                            "Original Hash Buckets": 524288,
                                            "Hash Batches": 1,
                                            "Original Hash Batches": 1,
                                            "Peak Memory Usage": 13952,
                                            "Workers": [
                                                {
                                                    "Worker Number": 0,
                                                    "Actual Startup Time": 810.067,
                                                    "Actual Total Time": 810.07,
                                                    "Actual Rows": 58063,
                                                    "Actual Loops": 1
                                                },
                                                {
                                                    "Worker Number": 1,
                                                    "Actual Startup Time": 810.738,
                                                    "Actual Total Time": 810.741,
                                                    "Actual Rows": 59040,
                                                    "Actual Loops": 1
                                                },
                                                {
                                                    "Worker Number": 2,
                                                    "Actual Startup Time": 810.777,
                                                    "Actual Total Time": 810.779,
                                                    "Actual Rows": 60826,
                                                    "Actual Loops": 1
                                                }
                                            ],
                                            "Plans": [
                                                {
                                                    "Node Type": "Hash Join",
                                                    "Parent Relationship": "Outer",
                                                    "Parallel Aware": true,
                                                    "Join Type": "Inner",
                                                    "Startup Cost": 44048.33,
                                                    "Total Cost": 243297.96,
                                                    "Plan Rows": 55774,
                                                    "Plan Width": 8,
                                                    "Actual Startup Time": 93.792,
                                                    "Actual Total Time": 790.691,
                                                    "Actual Rows": 62665,
                                                    "Actual Loops": 4,
                                                    "Output": [
                                                        "t.id",
                                                        "mi.movie_id"
                                                    ],
                                                    "Inner Unique": true,
                                                    "Hash Cond": "(mi.movie_id = t.id)",
                                                    "Workers": [
                                                        {
                                                            "Worker Number": 0,
                                                            "Actual Startup Time": 93.996,
                                                            "Actual Total Time": 789.14,
                                                            "Actual Rows": 58063,
                                                            "Actual Loops": 1
                                                        },
                                                        {
                                                            "Worker Number": 1,
                                                            "Actual Startup Time": 93.511,
                                                            "Actual Total Time": 792.149,
                                                            "Actual Rows": 59040,
                                                            "Actual Loops": 1
                                                        },
                                                        {
                                                            "Worker Number": 2,
                                                            "Actual Startup Time": 93.941,
                                                            "Actual Total Time": 791.805,
                                                            "Actual Rows": 60826,
                                                            "Actual Loops": 1
                                                        }
                                                    ],
                                                    "Plans": [
                                                        {
                                                            "Node Type": "Seq Scan",
                                                            "Parent Relationship": "Outer",
                                                            "Parallel Aware": true,
                                                            "Relation Name": "movie_info",
                                                            "Schema": "public",
                                                            "Alias": "mi",
                                                            "Startup Cost": 0.0,
                                                            "Total Cost": 191503.19,
                                                            "Plan Rows": 2951019,
                                                            "Plan Width": 4,
                                                            "Actual Startup Time": 0.016,
                                                            "Actual Total Time": 332.72,
                                                            "Actual Rows": 3708930,
                                                            "Actual Loops": 4,
                                                            "Output": [
                                                                "mi.id",
                                                                "mi.movie_id",
                                                                "mi.info_type_id",
                                                                "mi.info",
                                                                "mi.note"
                                                            ],
                                                            "Workers": [
                                                                {
                                                                    "Worker Number": 0,
                                                                    "Actual Startup Time": 0.022,
                                                                    "Actual Total Time": 349.372,
                                                                    "Actual Rows": 3474498,
                                                                    "Actual Loops": 1
                                                                },
                                                                {
                                                                    "Worker Number": 1,
                                                                    "Actual Startup Time": 0.018,
                                                                    "Actual Total Time": 336.332,
                                                                    "Actual Rows": 3554913,
                                                                    "Actual Loops": 1
                                                                },
                                                                {
                                                                    "Worker Number": 2,
                                                                    "Actual Startup Time": 0.019,
                                                                    "Actual Total Time": 336.451,
                                                                    "Actual Rows": 3528160,
                                                                    "Actual Loops": 1
                                                                }
                                                            ]
                                                        },
                                                        {
                                                            "Node Type": "Hash",
                                                            "Parent Relationship": "Inner",
                                                            "Parallel Aware": true,
                                                            "Startup Cost": 43899.01,
                                                            "Total Cost": 43899.01,
                                                            "Plan Rows": 11946,
                                                            "Plan Width": 4,
                                                            "Actual Startup Time": 93.043,
                                                            "Actual Total Time": 93.044,
                                                            "Actual Rows": 11646,
                                                            "Actual Loops": 4,
                                                            "Output": [
                                                                "t.id"
                                                            ],
                                                            "Hash Buckets": 65536,
                                                            "Original Hash Buckets": 65536,
                                                            "Hash Batches": 1,
                                                            "Original Hash Batches": 1,
                                                            "Peak Memory Usage": 2400,
                                                            "Workers": [
                                                                {
                                                                    "Worker Number": 0,
                                                                    "Actual Startup Time": 93.23,
                                                                    "Actual Total Time": 93.231,
                                                                    "Actual Rows": 10103,
                                                                    "Actual Loops": 1
                                                                },
                                                                {
                                                                    "Worker Number": 1,
                                                                    "Actual Startup Time": 93.172,
                                                                    "Actual Total Time": 93.173,
                                                                    "Actual Rows": 8628,
                                                                    "Actual Loops": 1
                                                                },
                                                                {
                                                                    "Worker Number": 2,
                                                                    "Actual Startup Time": 93.144,
                                                                    "Actual Total Time": 93.145,
                                                                    "Actual Rows": 10676,
                                                                    "Actual Loops": 1
                                                                }
                                                            ],
                                                            "Plans": [
                                                                {
                                                                    "Node Type": "Seq Scan",
                                                                    "Parent Relationship": "Outer",
                                                                    "Parallel Aware": true,
                                                                    "Relation Name": "title",
                                                                    "Schema": "public",
                                                                    "Alias": "t",
                                                                    "Startup Cost": 0.0,
                                                                    "Total Cost": 43899.01,
                                                                    "Plan Rows": 11946,
                                                                    "Plan Width": 4,
                                                                    "Actual Startup Time": 0.089,
                                                                    "Actual Total Time": 87.24,
                                                                    "Actual Rows": 11646,
                                                                    "Actual Loops": 4,
                                                                    "Output": [
                                                                        "t.id"
                                                                    ],
                                                                    "Filter": "(t.production_year = 1998)",
                                                                    "Rows Removed by Filter": 620432,
                                                                    "Workers": [
                                                                        {
                                                                            "Worker Number": 0,
                                                                            "Actual Startup Time": 0.165,
                                                                            "Actual Total Time": 87.344,
                                                                            "Actual Rows": 10103,
                                                                            "Actual Loops": 1
                                                                        },
                                                                        {
                                                                            "Worker Number": 1,
                                                                            "Actual Startup Time": 0.058,
                                                                            "Actual Total Time": 87.383,
                                                                            "Actual Rows": 8628,
                                                                            "Actual Loops": 1
                                                                        },
                                                                        {
                                                                            "Worker Number": 2,
                                                                            "Actual Startup Time": 0.109,
                                                                            "Actual Total Time": 87.128,
                                                                            "Actual Rows": 10676,
                                                                            "Actual Loops": 1
                                                                        }
                                                                    ]
                                                                }
                                                            ]
                                                        }
                                                    ]
                                                }
                                            ]
                                        }
                                    ]
                                }
                            ]
                        }
                    ]
                }
            ]
        },
        "Planning Time": 575.738,
        "Triggers": [],
        "Execution Time": 945.489
    }
]