{
  "Plan": {
    "Node Type": "Aggregate",
    "Strategy": "Plain",
    "Partial Mode": "Finalize",
    "Parallel Aware": false,
    "Startup Cost": 725138.19,
    "Total Cost": 725138.2,
    "Plan Rows": 1,
    "Plan Width": 8,
    "Actual Startup Time": 6708.455,
    "Actual Total Time": 6776.291,
    "Actual Rows": 1,
    "Actual Loops": 1,
    "Plans": [
      {
        "Node Type": "Gather",
        "Parent Relationship": "Outer",
        "Parallel Aware": false,
        "Startup Cost": 725138.08,
        "Total Cost": 725138.19,
        "Plan Rows": 1,
        "Plan Width": 8,
        "Actual Startup Time": 6703.916,
        "Actual Total Time": 6776.283,
        "Actual Rows": 2,
        "Actual Loops": 1,
        "Workers Planned": 1,
        "Workers Launched": 1,
        "Single Copy": false,
        "Plans": [
          {
            "Node Type": "Aggregate",
            "Strategy": "Plain",
            "Partial Mode": "Partial",
            "Parent Relationship": "Outer",
            "Parallel Aware": false,
            "Startup Cost": 724138.08,
            "Total Cost": 724138.09,
            "Plan Rows": 1,
            "Plan Width": 8,
            "Actual Startup Time": 6697.72,
            "Actual Total Time": 6697.724,
            "Actual Rows": 1,
            "Actual Loops": 2,
            "Plans": [
              {
                "Node Type": "Hash Join",
                "Parent Relationship": "Outer",
                "Parallel Aware": true,
                "Join Type": "Inner",
                "Startup Cost": 117666.01,
                "Total Cost": 717746.73,
                "Plan Rows": 2556539,
                "Plan Width": 0,
                "Actual Startup Time": 1396.024,
                "Actual Total Time": 6594.601,
                "Actual Rows": 2400782,
                "Actual Loops": 2,
                "Inner Unique": false,
                "Hash Cond": "(t.id = mc.movie_id)",
                "Plans": [
                  {
                    "Node Type": "Hash Join",
                    "Parent Relationship": "Outer",
                    "Parallel Aware": true,
                    "Join Type": "Inner",
                    "Startup Cost": 69460.7,
                    "Total Cost": 608043.25,
                    "Plan Rows": 7433552,
                    "Plan Width": 8,
                    "Actual Startup Time": 1201.78,
                    "Actual Total Time": 4774.929,
                    "Actual Rows": 6307878,
                    "Actual Loops": 2,
                    "Inner Unique": true,
                    "Hash Cond": "(ci.movie_id = t.id)",
                    "Plans": [
                      {
                        "Node Type": "Seq Scan",
                        "Parent Relationship": "Outer",
                        "Parallel Aware": true,
                        "Relation Name": "cast_info",
                        "Alias": "ci",
                        "Startup Cost": 0.0,
                        "Total Cost": 519069.44,
                        "Plan Rows": 7433552,
                        "Plan Width": 4,
                        "Actual Startup Time": 643.417,
                        "Actual Total Time": 1438.906,
                        "Actual Rows": 6307878,
                        "Actual Loops": 2,
                        "Filter": "(person_id > 2420799)",
                        "Rows Removed by Filter": 11814294
                      },
                      {
                        "Node Type": "Hash",
                        "Parent Relationship": "Inner",
                        "Parallel Aware": true,
                        "Startup Cost": 50870.31,
                        "Total Cost": 50870.31,
                        "Plan Rows": 1487231,
                        "Plan Width": 4,
                        "Actual Startup Time": 546.689,
                        "Actual Total Time": 546.69,
                        "Actual Rows": 1264156,
                        "Actual Loops": 2,
                        "Hash Buckets": 4194304,
                        "Original Hash Buckets": 4194304,
                        "Hash Batches": 1,
                        "Original Hash Batches": 1,
                        "Peak Memory Usage": 131712,
                        "Plans": [
                          {
                            "Node Type": "Seq Scan",
                            "Parent Relationship": "Outer",
                            "Parallel Aware": true,
                            "Relation Name": "title",
                            "Alias": "t",
                            "Startup Cost": 0.0,
                            "Total Cost": 50870.31,
                            "Plan Rows": 1487231,
                            "Plan Width": 4,
                            "Actual Startup Time": 0.031,
                            "Actual Total Time": 165.234,
                            "Actual Rows": 1264156,
                            "Actual Loops": 2
                          }
                        ]
                      }
                    ]
                  },
                  {
                    "Node Type": "Hash",
                    "Parent Relationship": "Inner",
                    "Parallel Aware": true,
                    "Startup Cost": 41811.73,
                    "Total Cost": 41811.73,
                    "Plan Rows": 511487,
                    "Plan Width": 4,
                    "Actual Startup Time": 185.305,
                    "Actual Total Time": 185.305,
                    "Actual Rows": 275270,
                    "Actual Loops": 2,
                    "Hash Buckets": 1048576,
                    "Original Hash Buckets": 1048576,
                    "Hash Batches": 1,
                    "Original Hash Batches": 1,
                    "Peak Memory Usage": 29760,
                    "Plans": [
                      {
                        "Node Type": "Seq Scan",
                        "Parent Relationship": "Outer",
                        "Parallel Aware": true,
                        "Relation Name": "movie_companies",
                        "Alias": "mc",
                        "Startup Cost": 0.0,
                        "Total Cost": 41811.73,
                        "Plan Rows": 511487,
                        "Plan Width": 4,
                        "Actual Startup Time": 66.116,
                        "Actual Total Time": 126.071,
                        "Actual Rows": 275270,
                        "Actual Loops": 2,
                        "Filter": "((company_id < 20821) AND (company_type_id > 1))",
                        "Rows Removed by Filter": 1029294
                      }
                    ]
                  }
                ]
              }
            ]
          }
        ]
      }
    ]
  },
  "Planning Time": 0.943,
  "Triggers": [],
  "Execution Time": 6776.386
}