[
    {
        "Bao": {
            "Bao prediction": 464.215,
            "Bao recommended hint": "(no hint)"
        }
    },
    {
        "Plan": {
            "Node Type": "Aggregate",
            "Strategy": "Plain",
            "Partial Mode": "Finalize",
            "Parallel Aware": false,
            "Startup Cost": 44727.26,
            "Total Cost": 44727.27,
            "Plan Rows": 1,
            "Plan Width": 8,
            "Actual Startup Time": 186.377,
            "Actual Total Time": 200.302,
            "Actual Rows": 1,
            "Actual Loops": 1,
            "Output": [
                "count(*)"
            ],
            "Plans": [
                {
                    "Node Type": "Gather",
                    "Parent Relationship": "Outer",
                    "Parallel Aware": false,
                    "Startup Cost": 44726.94,
                    "Total Cost": 44727.25,
                    "Plan Rows": 3,
                    "Plan Width": 8,
                    "Actual Startup Time": 186.255,
                    "Actual Total Time": 200.289,
                    "Actual Rows": 4,
                    "Actual Loops": 1,
                    "Output": [
                        "(PARTIAL count(*))"
                    ],
                    "Workers Planned": 3,
                    "Workers Launched": 3,
                    "Single Copy": false,
                    "Plans": [
                        {
                            "Node Type": "Aggregate",
                            "Strategy": "Plain",
                            "Partial Mode": "Partial",
                            "Parent Relationship": "Outer",
                            "Parallel Aware": false,
                            "Startup Cost": 43726.94,
                            "Total Cost": 43726.95,
                            "Plan Rows": 1,
                            "Plan Width": 8,
                            "Actual Startup Time": 177.395,
                            "Actual Total Time": 177.397,
                            "Actual Rows": 1,
                            "Actual Loops": 4,
                            "Output": [
                                "PARTIAL count(*)"
                            ],
                            "Workers": [
                                {
                                    "Worker Number": 0,
                                    "Actual Startup Time": 174.464,
                                    "Actual Total Time": 174.467,
                                    "Actual Rows": 1,
                                    "Actual Loops": 1
                                },
                                {
                                    "Worker Number": 1,
                                    "Actual Startup Time": 174.349,
                                    "Actual Total Time": 174.35,
                                    "Actual Rows": 1,
                                    "Actual Loops": 1
                                },
                                {
                                    "Worker Number": 2,
                                    "Actual Startup Time": 175.194,
                                    "Actual Total Time": 175.196,
                                    "Actual Rows": 1,
                                    "Actual Loops": 1
                                }
                            ],
                            "Plans": [
                                {
                                    "Node Type": "Seq Scan",
                                    "Parent Relationship": "Outer",
                                    "Parallel Aware": true,
                                    "Relation Name": "movie_keyword",
                                    "Schema": "public",
                                    "Alias": "mk",
                                    "Startup Cost": 0.0,
                                    "Total Cost": 42695.65,
                                    "Plan Rows": 412515,
                                    "Plan Width": 0,
                                    "Actual Startup Time": 2.468,
                                    "Actual Total Time": 152.163,
                                    "Actual Rows": 313944,
                                    "Actual Loops": 4,
                                    "Output": [
                                        "id",
                                        "movie_id",
                                        "keyword_id"
                                    ],
                                    "Filter": "(mk.keyword_id > 14335)",
                                    "Rows Removed by Filter": 817038,
                                    "Workers": [
                                        {
                                            "Worker Number": 0,
                                            "Actual Startup Time": 0.06,
                                            "Actual Total Time": 145.029,
                                            "Actual Rows": 288742,
                                            "Actual Loops": 1
                                        },
                                        {
                                            "Worker Number": 1,
                                            "Actual Startup Time": 0.068,
                                            "Actual Total Time": 151.839,
                                            "Actual Rows": 292025,
                                            "Actual Loops": 1
                                        },
                                        {
                                            "Worker Number": 2,
                                            "Actual Startup Time": 0.064,
                                            "Actual Total Time": 152.264,
                                            "Actual Rows": 300499,
                                            "Actual Loops": 1
                                        }
                                    ]
                                }
                            ]
                        }
                    ]
                }
            ]
        },
        "Planning Time": 1532.345,
        "Triggers": [],
        "Execution Time": 200.424
    }
]