{
    "Plan": {
        "Node Type": "Aggregate",
        "Strategy": "Plain",
        "Partial Mode": "Finalize",
        "Parallel Aware": false,
        "Startup Cost": 458377.92,
        "Total Cost": 458377.93,
        "Plan Rows": 1,
        "Plan Width": 8,
        "Actual Startup Time": 2881.5,
        "Actual Total Time": 2933.796,
        "Actual Rows": 1,
        "Actual Loops": 1,
        "Output": [
            "count(*)"
        ],
        "Plans": [
            {
                "Node Type": "Gather",
                "Parent Relationship": "Outer",
                "Parallel Aware": false,
                "Startup Cost": 458377.3,
                "Total Cost": 458377.91,
                "Plan Rows": 6,
                "Plan Width": 8,
                "Actual Startup Time": 2870.085,
                "Actual Total Time": 2933.77,
                "Actual Rows": 7,
                "Actual Loops": 1,
                "Output": [
                    "(PARTIAL count(*))"
                ],
                "Workers Planned": 6,
                "Workers Launched": 6,
                "Single Copy": false,
                "Plans": [
                    {
                        "Node Type": "Aggregate",
                        "Strategy": "Plain",
                        "Partial Mode": "Partial",
                        "Parent Relationship": "Outer",
                        "Parallel Aware": false,
                        "Startup Cost": 457377.3,
                        "Total Cost": 457377.31,
                        "Plan Rows": 1,
                        "Plan Width": 8,
                        "Actual Startup Time": 2851.456,
                        "Actual Total Time": 2851.811,
                        "Actual Rows": 1,
                        "Actual Loops": 7,
                        "Output": [
                            "PARTIAL count(*)"
                        ],
                        "Workers": [
                            {
                                "Worker Number": 0,
                                "Actual Startup Time": 2848.309,
                                "Actual Total Time": 2848.316,
                                "Actual Rows": 1,
                                "Actual Loops": 1
                            },
                            {
                                "Worker Number": 1,
                                "Actual Startup Time": 2848.318,
                                "Actual Total Time": 2848.326,
                                "Actual Rows": 1,
                                "Actual Loops": 1
                            },
                            {
                                "Worker Number": 2,
                                "Actual Startup Time": 2849.772,
                                "Actual Total Time": 2849.779,
                                "Actual Rows": 1,
                                "Actual Loops": 1
                            },
                            {
                                "Worker Number": 3,
                                "Actual Startup Time": 2848.308,
                                "Actual Total Time": 2848.316,
                                "Actual Rows": 1,
                                "Actual Loops": 1
                            },
                            {
                                "Worker Number": 4,
                                "Actual Startup Time": 2848.319,
                                "Actual Total Time": 2848.327,
                                "Actual Rows": 1,
                                "Actual Loops": 1
                            },
                            {
                                "Worker Number": 5,
                                "Actual Startup Time": 2848.29,
                                "Actual Total Time": 2848.296,
                                "Actual Rows": 1,
                                "Actual Loops": 1
                            }
                        ],
                        "Plans": [
                            {
                                "Node Type": "Hash Join",
                                "Parent Relationship": "Outer",
                                "Parallel Aware": true,
                                "Join Type": "Inner",
                                "Startup Cost": 84483.35,
                                "Total Cost": 451068.44,
                                "Plan Rows": 2523544,
                                "Plan Width": 0,
                                "Actual Startup Time": 503.999,
                                "Actual Total Time": 2750.281,
                                "Actual Rows": 1936716,
                                "Actual Loops": 7,
                                "Inner Unique": false,
                                "Hash Cond": "(ci.movie_id = t.id)",
                                "Workers": [
                                    {
                                        "Worker Number": 0,
                                        "Actual Startup Time": 501.113,
                                        "Actual Total Time": 2740.204,
                                        "Actual Rows": 1877214,
                                        "Actual Loops": 1
                                    },
                                    {
                                        "Worker Number": 1,
                                        "Actual Startup Time": 501.015,
                                        "Actual Total Time": 2738.925,
                                        "Actual Rows": 1852762,
                                        "Actual Loops": 1
                                    },
                                    {
                                        "Worker Number": 2,
                                        "Actual Startup Time": 501.048,
                                        "Actual Total Time": 2741.844,
                                        "Actual Rows": 1864209,
                                        "Actual Loops": 1
                                    },
                                    {
                                        "Worker Number": 3,
                                        "Actual Startup Time": 501.072,
                                        "Actual Total Time": 2738.249,
                                        "Actual Rows": 1818726,
                                        "Actual Loops": 1
                                    },
                                    {
                                        "Worker Number": 4,
                                        "Actual Startup Time": 501.071,
                                        "Actual Total Time": 2750.149,
                                        "Actual Rows": 2151919,
                                        "Actual Loops": 1
                                    },
                                    {
                                        "Worker Number": 5,
                                        "Actual Startup Time": 501.046,
                                        "Actual Total Time": 2749.933,
                                        "Actual Rows": 2119873,
                                        "Actual Loops": 1
                                    }
                                ],
                                "Plans": [
                                    {
                                        "Node Type": "Seq Scan",
                                        "Parent Relationship": "Outer",
                                        "Parallel Aware": true,
                                        "Relation Name": "cast_info",
                                        "Schema": "public",
                                        "Alias": "ci",
                                        "Startup Cost": 0.0,
                                        "Total Cost": 343318.94,
                                        "Plan Rows": 4033518,
                                        "Plan Width": 4,
                                        "Actual Startup Time": 0.052,
                                        "Actual Total Time": 913.904,
                                        "Actual Rows": 3762421,
                                        "Actual Loops": 7,
                                        "Output": [
                                            "ci.id",
                                            "ci.person_id",
                                            "ci.movie_id",
                                            "ci.person_role_id",
                                            "ci.note",
                                            "ci.nr_order",
                                            "ci.role_id"
                                        ],
                                        "Filter": "((ci.person_id < 2832221) AND (ci.role_id < 10))",
                                        "Rows Removed by Filter": 1415343,
                                        "Workers": [
                                            {
                                                "Worker Number": 0,
                                                "Actual Startup Time": 0.07,
                                                "Actual Total Time": 961.568,
                                                "Actual Rows": 3616890,
                                                "Actual Loops": 1
                                            },
                                            {
                                                "Worker Number": 1,
                                                "Actual Startup Time": 0.049,
                                                "Actual Total Time": 966.022,
                                                "Actual Rows": 3574939,
                                                "Actual Loops": 1
                                            },
                                            {
                                                "Worker Number": 2,
                                                "Actual Startup Time": 0.052,
                                                "Actual Total Time": 959.395,
                                                "Actual Rows": 3586584,
                                                "Actual Loops": 1
                                            },
                                            {
                                                "Worker Number": 3,
                                                "Actual Startup Time": 0.06,
                                                "Actual Total Time": 960.173,
                                                "Actual Rows": 3515322,
                                                "Actual Loops": 1
                                            },
                                            {
                                                "Worker Number": 4,
                                                "Actual Startup Time": 0.049,
                                                "Actual Total Time": 930.831,
                                                "Actual Rows": 4237356,
                                                "Actual Loops": 1
                                            },
                                            {
                                                "Worker Number": 5,
                                                "Actual Startup Time": 0.046,
                                                "Actual Total Time": 929.9,
                                                "Actual Rows": 4154013,
                                                "Actual Loops": 1
                                            }
                                        ]
                                    },
                                    {
                                        "Node Type": "Hash",
                                        "Parent Relationship": "Inner",
                                        "Parallel Aware": true,
                                        "Startup Cost": 78105.01,
                                        "Total Cost": 78105.01,
                                        "Plan Rows": 510267,
                                        "Plan Width": 8,
                                        "Actual Startup Time": 498.201,
                                        "Actual Total Time": 498.554,
                                        "Actual Rows": 102473,
                                        "Actual Loops": 7,
                                        "Output": [
                                            "t.id",
                                            "mc.movie_id"
                                        ],
                                        "Hash Buckets": 2097152,
                                        "Original Hash Buckets": 2097152,
                                        "Hash Batches": 1,
                                        "Original Hash Batches": 1,
                                        "Peak Memory Usage": 44544,
                                        "Workers": [
                                            {
                                                "Worker Number": 0,
                                                "Actual Startup Time": 500.183,
                                                "Actual Total Time": 500.188,
                                                "Actual Rows": 96555,
                                                "Actual Loops": 1
                                            },
                                            {
                                                "Worker Number": 1,
                                                "Actual Startup Time": 500.15,
                                                "Actual Total Time": 500.155,
                                                "Actual Rows": 97305,
                                                "Actual Loops": 1
                                            },
                                            {
                                                "Worker Number": 2,
                                                "Actual Startup Time": 500.137,
                                                "Actual Total Time": 500.141,
                                                "Actual Rows": 96436,
                                                "Actual Loops": 1
                                            },
                                            {
                                                "Worker Number": 3,
                                                "Actual Startup Time": 500.114,
                                                "Actual Total Time": 500.12,
                                                "Actual Rows": 97237,
                                                "Actual Loops": 1
                                            },
                                            {
                                                "Worker Number": 4,
                                                "Actual Startup Time": 500.024,
                                                "Actual Total Time": 500.029,
                                                "Actual Rows": 117109,
                                                "Actual Loops": 1
                                            },
                                            {
                                                "Worker Number": 5,
                                                "Actual Startup Time": 500.146,
                                                "Actual Total Time": 500.15,
                                                "Actual Rows": 115555,
                                                "Actual Loops": 1
                                            }
                                        ],
                                        "Plans": [
                                            {
                                                "Node Type": "Hash Join",
                                                "Parent Relationship": "Outer",
                                                "Parallel Aware": true,
                                                "Join Type": "Inner",
                                                "Startup Cost": 48689.12,
                                                "Total Cost": 78105.01,
                                                "Plan Rows": 510267,
                                                "Plan Width": 8,
                                                "Actual Startup Time": 241.807,
                                                "Actual Total Time": 442.902,
                                                "Actual Rows": 102473,
                                                "Actual Loops": 7,
                                                "Output": [
                                                    "t.id",
                                                    "mc.movie_id"
                                                ],
                                                "Inner Unique": true,
                                                "Hash Cond": "(mc.movie_id = t.id)",
                                                "Workers": [
                                                    {
                                                        "Worker Number": 0,
                                                        "Actual Startup Time": 241.838,
                                                        "Actual Total Time": 442.228,
                                                        "Actual Rows": 96555,
                                                        "Actual Loops": 1
                                                    },
                                                    {
                                                        "Worker Number": 1,
                                                        "Actual Startup Time": 241.816,
                                                        "Actual Total Time": 442.379,
                                                        "Actual Rows": 97305,
                                                        "Actual Loops": 1
                                                    },
                                                    {
                                                        "Worker Number": 2,
                                                        "Actual Startup Time": 241.828,
                                                        "Actual Total Time": 442.279,
                                                        "Actual Rows": 96436,
                                                        "Actual Loops": 1
                                                    },
                                                    {
                                                        "Worker Number": 3,
                                                        "Actual Startup Time": 241.747,
                                                        "Actual Total Time": 442.252,
                                                        "Actual Rows": 97237,
                                                        "Actual Loops": 1
                                                    },
                                                    {
                                                        "Worker Number": 4,
                                                        "Actual Startup Time": 241.726,
                                                        "Actual Total Time": 443.537,
                                                        "Actual Rows": 117109,
                                                        "Actual Loops": 1
                                                    },
                                                    {
                                                        "Worker Number": 5,
                                                        "Actual Startup Time": 241.766,
                                                        "Actual Total Time": 443.006,
                                                        "Actual Rows": 115555,
                                                        "Actual Loops": 1
                                                    }
                                                ],
                                                "Plans": [
                                                    {
                                                        "Node Type": "Seq Scan",
                                                        "Parent Relationship": "Outer",
                                                        "Parallel Aware": true,
                                                        "Relation Name": "movie_companies",
                                                        "Schema": "public",
                                                        "Alias": "mc",
                                                        "Startup Cost": 0.0,
                                                        "Total Cost": 27206.55,
                                                        "Plan Rows": 841655,
                                                        "Plan Width": 4,
                                                        "Actual Startup Time": 0.033,
                                                        "Actual Total Time": 49.899,
                                                        "Actual Rows": 372733,
                                                        "Actual Loops": 7,
                                                        "Output": [
                                                            "mc.id",
                                                            "mc.movie_id",
                                                            "mc.company_id",
                                                            "mc.company_type_id",
                                                            "mc.note"
                                                        ],
                                                        "Workers": [
                                                            {
                                                                "Worker Number": 0,
                                                                "Actual Startup Time": 0.037,
                                                                "Actual Total Time": 53.678,
                                                                "Actual Rows": 353081,
                                                                "Actual Loops": 1
                                                            },
                                                            {
                                                                "Worker Number": 1,
                                                                "Actual Startup Time": 0.035,
                                                                "Actual Total Time": 53.815,
                                                                "Actual Rows": 355757,
                                                                "Actual Loops": 1
                                                            },
                                                            {
                                                                "Worker Number": 2,
                                                                "Actual Startup Time": 0.039,
                                                                "Actual Total Time": 53.486,
                                                                "Actual Rows": 353274,
                                                                "Actual Loops": 1
                                                            },
                                                            {
                                                                "Worker Number": 3,
                                                                "Actual Startup Time": 0.035,
                                                                "Actual Total Time": 53.498,
                                                                "Actual Rows": 351954,
                                                                "Actual Loops": 1
                                                            },
                                                            {
                                                                "Worker Number": 4,
                                                                "Actual Startup Time": 0.039,
                                                                "Actual Total Time": 48.701,
                                                                "Actual Rows": 428082,
                                                                "Actual Loops": 1
                                                            },
                                                            {
                                                                "Worker Number": 5,
                                                                "Actual Startup Time": 0.029,
                                                                "Actual Total Time": 50.757,
                                                                "Actual Rows": 399534,
                                                                "Actual Loops": 1
                                                            }
                                                        ]
                                                    },
                                                    {
                                                        "Node Type": "Hash",
                                                        "Parent Relationship": "Inner",
                                                        "Parallel Aware": true,
                                                        "Startup Cost": 43899.01,
                                                        "Total Cost": 43899.01,
                                                        "Plan Rows": 383209,
                                                        "Plan Width": 4,
                                                        "Actual Startup Time": 238.596,
                                                        "Actual Total Time": 238.598,
                                                        "Actual Rows": 220466,
                                                        "Actual Loops": 7,
                                                        "Output": [
                                                            "t.id"
                                                        ],
                                                        "Hash Buckets": 2097152,
                                                        "Original Hash Buckets": 2097152,
                                                        "Hash Batches": 1,
                                                        "Original Hash Batches": 1,
                                                        "Peak Memory Usage": 76832,
                                                        "Workers": [
                                                            {
                                                                "Worker Number": 0,
                                                                "Actual Startup Time": 241.435,
                                                                "Actual Total Time": 241.437,
                                                                "Actual Rows": 202634,
                                                                "Actual Loops": 1
                                                            },
                                                            {
                                                                "Worker Number": 1,
                                                                "Actual Startup Time": 241.38,
                                                                "Actual Total Time": 241.382,
                                                                "Actual Rows": 200924,
                                                                "Actual Loops": 1
                                                            },
                                                            {
                                                                "Worker Number": 2,
                                                                "Actual Startup Time": 241.415,
                                                                "Actual Total Time": 241.416,
                                                                "Actual Rows": 209344,
                                                                "Actual Loops": 1
                                                            },
                                                            {
                                                                "Worker Number": 3,
                                                                "Actual Startup Time": 241.569,
                                                                "Actual Total Time": 241.571,
                                                                "Actual Rows": 204715,
                                                                "Actual Loops": 1
                                                            },
                                                            {
                                                                "Worker Number": 4,
                                                                "Actual Startup Time": 241.579,
                                                                "Actual Total Time": 241.581,
                                                                "Actual Rows": 233486,
                                                                "Actual Loops": 1
                                                            },
                                                            {
                                                                "Worker Number": 5,
                                                                "Actual Startup Time": 241.352,
                                                                "Actual Total Time": 241.353,
                                                                "Actual Rows": 235377,
                                                                "Actual Loops": 1
                                                            }
                                                        ],
                                                        "Plans": [
                                                            {
                                                                "Node Type": "Seq Scan",
                                                                "Parent Relationship": "Outer",
                                                                "Parallel Aware": true,
                                                                "Relation Name": "title",
                                                                "Schema": "public",
                                                                "Alias": "t",
                                                                "Startup Cost": 0.0,
                                                                "Total Cost": 43899.01,
                                                                "Plan Rows": 383209,
                                                                "Plan Width": 4,
                                                                "Actual Startup Time": 0.093,
                                                                "Actual Total Time": 93.467,
                                                                "Actual Rows": 220466,
                                                                "Actual Loops": 7,
                                                                "Output": [
                                                                    "t.id"
                                                                ],
                                                                "Filter": "(t.kind_id = 7)",
                                                                "Rows Removed by Filter": 140721,
                                                                "Workers": [
                                                                    {
                                                                        "Worker Number": 0,
                                                                        "Actual Startup Time": 0.128,
                                                                        "Actual Total Time": 97.709,
                                                                        "Actual Rows": 202634,
                                                                        "Actual Loops": 1
                                                                    },
                                                                    {
                                                                        "Worker Number": 1,
                                                                        "Actual Startup Time": 0.107,
                                                                        "Actual Total Time": 97.163,
                                                                        "Actual Rows": 200924,
                                                                        "Actual Loops": 1
                                                                    },
                                                                    {
                                                                        "Worker Number": 2,
                                                                        "Actual Startup Time": 0.104,
                                                                        "Actual Total Time": 98.164,
                                                                        "Actual Rows": 209344,
                                                                        "Actual Loops": 1
                                                                    },
                                                                    {
                                                                        "Worker Number": 3,
                                                                        "Actual Startup Time": 0.095,
                                                                        "Actual Total Time": 97.228,
                                                                        "Actual Rows": 204715,
                                                                        "Actual Loops": 1
                                                                    },
                                                                    {
                                                                        "Worker Number": 4,
                                                                        "Actual Startup Time": 0.099,
                                                                        "Actual Total Time": 95.417,
                                                                        "Actual Rows": 233486,
                                                                        "Actual Loops": 1
                                                                    },
                                                                    {
                                                                        "Worker Number": 5,
                                                                        "Actual Startup Time": 0.085,
                                                                        "Actual Total Time": 95.458,
                                                                        "Actual Rows": 235377,
                                                                        "Actual Loops": 1
                                                                    }
                                                                ]
                                                            }
                                                        ]
                                                    }
                                                ]
                                            }
                                        ]
                                    }
                                ]
                            }
                        ]
                    }
                ]
            }
        ]
    },
    "Planning Time": 1.746,
    "Triggers": [],
    "Execution Time": 2933.925
}