[
  {
    "Plan": {
      "Node Type": "Aggregate",
      "Strategy": "Plain",
      "Partial Mode": "Finalize",
      "Parallel Aware": false,
      "Startup Cost": 79546.92,
      "Total Cost": 79546.93,
      "Plan Rows": 1,
      "Plan Width": 8,
      "Actual Startup Time": 261.69,
      "Actual Total Time": 276.912,
      "Actual Rows": 1,
      "Actual Loops": 1,
      "Plans": [
        {
          "Node Type": "Gather",
          "Parent Relationship": "Outer",
          "Parallel Aware": false,
          "Startup Cost": 79546.6,
          "Total Cost": 79546.91,
          "Plan Rows": 3,
          "Plan Width": 8,
          "Actual Startup Time": 260.279,
          "Actual Total Time": 276.903,
          "Actual Rows": 4,
          "Actual Loops": 1,
          "Workers Planned": 3,
          "Workers Launched": 3,
          "Single Copy": false,
          "Plans": [
            {
              "Node Type": "Aggregate",
              "Strategy": "Plain",
              "Partial Mode": "Partial",
              "Parent Relationship": "Outer",
              "Parallel Aware": false,
              "Startup Cost": 78546.6,
              "Total Cost": 78546.61,
              "Plan Rows": 1,
              "Plan Width": 8,
              "Actual Startup Time": 252.954,
              "Actual Total Time": 252.957,
              "Actual Rows": 1,
              "Actual Loops": 4,
              "Plans": [
                {
                  "Node Type": "Hash Join",
                  "Parent Relationship": "Outer",
                  "Parallel Aware": true,
                  "Join Type": "Inner",
                  "Startup Cost": 46468.05,
                  "Total Cost": 78475.9,
                  "Plan Rows": 28278,
                  "Plan Width": 0,
                  "Actual Startup Time": 165.133,
                  "Actual Total Time": 249.556,
                  "Actual Rows": 79899,
                  "Actual Loops": 4,
                  "Inner Unique": true,
                  "Hash Cond": "(mc.movie_id = t.id)",
                  "Plans": [
                    {
                      "Node Type": "Seq Scan",
                      "Parent Relationship": "Outer",
                      "Parallel Aware": true,
                      "Relation Name": "movie_companies",
                      "Alias": "mc",
                      "Startup Cost": 0.0,
                      "Total Cost": 31414.82,
                      "Plan Rows": 225919,
                      "Plan Width": 4,
                      "Actual Startup Time": 31.047,
                      "Actual Total Time": 67.651,
                      "Actual Rows": 233897,
                      "Actual Loops": 4,
                      "Filter": "((company_id > 11137) AND (company_type_id > 1))",
                      "Rows Removed by Filter": 418386
                    },
                    {
                      "Node Type": "Hash",
                      "Parent Relationship": "Inner",
                      "Parallel Aware": true,
                      "Startup Cost": 45479.1,
                      "Total Cost": 45479.1,
                      "Plan Rows": 79116,
                      "Plan Width": 4,
                      "Actual Startup Time": 130.925,
                      "Actual Total Time": 130.926,
                      "Actual Rows": 108340,
                      "Actual Loops": 4,
                      "Hash Buckets": 524288,
                      "Original Hash Buckets": 524288,
                      "Hash Batches": 1,
                      "Original Hash Batches": 1,
                      "Peak Memory Usage": 21120,
                      "Plans": [
                        {
                          "Node Type": "Seq Scan",
                          "Parent Relationship": "Outer",
                          "Parallel Aware": true,
                          "Relation Name": "title",
                          "Alias": "t",
                          "Startup Cost": 0.0,
                          "Total Cost": 45479.1,
                          "Plan Rows": 79116,
                          "Plan Width": 4,
                          "Actual Startup Time": 0.067,
                          "Actual Total Time": 101.065,
                          "Actual Rows": 108340,
                          "Actual Loops": 4,
                          "Filter": "((kind_id < 7) AND (production_year < 1995))",
                          "Rows Removed by Filter": 523738
                        }
                      ]
                    }
                  ]
                }
              ]
            }
          ]
        }
      ]
    },
    "Planning Time": 0.681,
    "Triggers": [],
    "Execution Time": 276.984
  }
]