[
  {
    "Plan": {
      "Node Type": "Aggregate",
      "Strategy": "Plain",
      "Partial Mode": "Finalize",
      "Parallel Aware": false,
      "Startup Cost": 31523.31,
      "Total Cost": 31523.32,
      "Plan Rows": 1,
      "Plan Width": 8,
      "Actual Startup Time": 111.38,
      "Actual Total Time": 119.871,
      "Actual Rows": 1,
      "Actual Loops": 1,
      "Plans": [
        {
          "Node Type": "Gather",
          "Parent Relationship": "Outer",
          "Parallel Aware": false,
          "Startup Cost": 31522.99,
          "Total Cost": 31523.3,
          "Plan Rows": 3,
          "Plan Width": 8,
          "Actual Startup Time": 111.211,
          "Actual Total Time": 119.859,
          "Actual Rows": 4,
          "Actual Loops": 1,
          "Workers Planned": 3,
          "Workers Launched": 3,
          "Single Copy": false,
          "Plans": [
            {
              "Node Type": "Aggregate",
              "Strategy": "Plain",
              "Partial Mode": "Partial",
              "Parent Relationship": "Outer",
              "Parallel Aware": false,
              "Startup Cost": 30522.99,
              "Total Cost": 30523.0,
              "Plan Rows": 1,
              "Plan Width": 8,
              "Actual Startup Time": 104.569,
              "Actual Total Time": 104.57,
              "Actual Rows": 1,
              "Actual Loops": 4,
              "Plans": [
                {
                  "Node Type": "Seq Scan",
                  "Parent Relationship": "Outer",
                  "Parallel Aware": true,
                  "Relation Name": "movie_companies",
                  "Alias": "mc",
                  "Startup Cost": 0.0,
                  "Total Cost": 29310.68,
                  "Plan Rows": 484923,
                  "Plan Width": 0,
                  "Actual Startup Time": 0.039,
                  "Actual Total Time": 84.424,
                  "Actual Rows": 377378,
                  "Actual Loops": 4,
                  "Filter": "(company_id < 14069)",
                  "Rows Removed by Filter": 274904
                }
              ]
            }
          ]
        }
      ]
    },
    "Planning Time": 0.104,
    "Triggers": [],
    "Execution Time": 119.91
  }
]