[
  {
    "Plan": {
      "Node Type": "Aggregate",
      "Strategy": "Plain",
      "Partial Mode": "Simple",
      "Parallel Aware": false,
      "Startup Cost": 5640.33,
      "Total Cost": 5640.34,
      "Plan Rows": 1,
      "Plan Width": 8,
      "Actual Startup Time": 5.275,
      "Actual Total Time": 5.276,
      "Actual Rows": 1,
      "Actual Loops": 1,
      "Plans": [
        {
          "Node Type": "Index Scan",
          "Parent Relationship": "Outer",
          "Parallel Aware": false,
          "Scan Direction": "Forward",
          "Index Name": "company_id_movie_companies",
          "Relation Name": "movie_companies",
          "Alias": "mc",
          "Startup Cost": 0.43,
          "Total Cost": 5637.56,
          "Plan Rows": 1106,
          "Plan Width": 0,
          "Actual Startup Time": 0.113,
          "Actual Total Time": 4.897,
          "Actual Rows": 3601,
          "Actual Loops": 1,
          "Index Cond": "(company_id = 521)",
          "Rows Removed by Index Recheck": 0,
          "Filter": "(company_type_id < 2)",
          "Rows Removed by Filter": 0
        }
      ]
    },
    "Planning Time": 0.145,
    "Triggers": [],
    "Execution Time": 5.31
  }
]