{
  "Plan": {
    "Node Type": "Aggregate",
    "Strategy": "Plain",
    "Partial Mode": "Finalize",
    "Parallel Aware": false,
    "Startup Cost": 105409.51,
    "Total Cost": 105409.52,
    "Plan Rows": 1,
    "Plan Width": 8,
    "Actual Startup Time": 688.95,
    "Actual Total Time": 705.292,
    "Actual Rows": 1,
    "Actual Loops": 1,
    "Plans": [
      {
        "Node Type": "Gather",
        "Parent Relationship": "Outer",
        "Parallel Aware": false,
        "Startup Cost": 105409.4,
        "Total Cost": 105409.51,
        "Plan Rows": 1,
        "Plan Width": 8,
        "Actual Startup Time": 686.754,
        "Actual Total Time": 705.284,
        "Actual Rows": 2,
        "Actual Loops": 1,
        "Workers Planned": 1,
        "Workers Launched": 1,
        "Single Copy": false,
        "Plans": [
          {
            "Node Type": "Aggregate",
            "Strategy": "Plain",
            "Partial Mode": "Partial",
            "Parent Relationship": "Outer",
            "Parallel Aware": false,
            "Startup Cost": 104409.4,
            "Total Cost": 104409.41,
            "Plan Rows": 1,
            "Plan Width": 8,
            "Actual Startup Time": 683.084,
            "Actual Total Time": 683.087,
            "Actual Rows": 1,
            "Actual Loops": 2,
            "Plans": [
              {
                "Node Type": "Hash Join",
                "Parent Relationship": "Outer",
                "Parallel Aware": true,
                "Join Type": "Inner",
                "Startup Cost": 64884.99,
                "Total Cost": 103051.62,
                "Plan Rows": 543109,
                "Plan Width": 0,
                "Actual Startup Time": 263.261,
                "Actual Total Time": 653.481,
                "Actual Rows": 757372,
                "Actual Loops": 2,
                "Inner Unique": true,
                "Hash Cond": "(mc.movie_id = t.id)",
                "Plans": [
                  {
                    "Node Type": "Seq Scan",
                    "Parent Relationship": "Outer",
                    "Parallel Aware": true,
                    "Relation Name": "movie_companies",
                    "Alias": "mc",
                    "Startup Cost": 0.0,
                    "Total Cost": 34137.82,
                    "Plan Rows": 1534782,
                    "Plan Width": 4,
                    "Actual Startup Time": 0.012,
                    "Actual Total Time": 101.381,
                    "Actual Rows": 1304564,
                    "Actual Loops": 2
                  },
                  {
                    "Node Type": "Hash",
                    "Parent Relationship": "Inner",
                    "Parallel Aware": true,
                    "Startup Cost": 58306.47,
                    "Total Cost": 58306.47,
                    "Plan Rows": 526282,
                    "Plan Width": 4,
                    "Actual Startup Time": 255.594,
                    "Actual Total Time": 255.595,
                    "Actual Rows": 403528,
                    "Actual Loops": 2,
                    "Hash Buckets": 1048576,
                    "Original Hash Buckets": 1048576,
                    "Hash Batches": 1,
                    "Original Hash Batches": 1,
                    "Peak Memory Usage": 39808,
                    "Plans": [
                      {
                        "Node Type": "Seq Scan",
                        "Parent Relationship": "Outer",
                        "Parallel Aware": true,
                        "Relation Name": "title",
                        "Alias": "t",
                        "Startup Cost": 0.0,
                        "Total Cost": 58306.47,
                        "Plan Rows": 526282,
                        "Plan Width": 4,
                        "Actual Startup Time": 0.028,
                        "Actual Total Time": 156.842,
                        "Actual Rows": 403528,
                        "Actual Loops": 2,
                        "Filter": "((kind_id < 7) AND (production_year > 1952))",
                        "Rows Removed by Filter": 860628
                      }
                    ]
                  }
                ]
              }
            ]
          }
        ]
      }
    ]
  },
  "Planning Time": 0.366,
  "Triggers": [],
  "Execution Time": 705.351
}