[
  {
    "Plan": {
      "Node Type": "Aggregate",
      "Strategy": "Plain",
      "Partial Mode": "Finalize",
      "Parallel Aware": false,
      "Startup Cost": 44288.45,
      "Total Cost": 44288.46,
      "Plan Rows": 1,
      "Plan Width": 8,
      "Actual Startup Time": 116.442,
      "Actual Total Time": 125.944,
      "Actual Rows": 1,
      "Actual Loops": 1,
      "Plans": [
        {
          "Node Type": "Gather",
          "Parent Relationship": "Outer",
          "Parallel Aware": false,
          "Startup Cost": 44288.13,
          "Total Cost": 44288.44,
          "Plan Rows": 3,
          "Plan Width": 8,
          "Actual Startup Time": 116.304,
          "Actual Total Time": 125.934,
          "Actual Rows": 4,
          "Actual Loops": 1,
          "Workers Planned": 3,
          "Workers Launched": 3,
          "Single Copy": false,
          "Plans": [
            {
              "Node Type": "Aggregate",
              "Strategy": "Plain",
              "Partial Mode": "Partial",
              "Parent Relationship": "Outer",
              "Parallel Aware": false,
              "Startup Cost": 43288.13,
              "Total Cost": 43288.14,
              "Plan Rows": 1,
              "Plan Width": 8,
              "Actual Startup Time": 109.147,
              "Actual Total Time": 109.148,
              "Actual Rows": 1,
              "Actual Loops": 4,
              "Plans": [
                {
                  "Node Type": "Seq Scan",
                  "Parent Relationship": "Outer",
                  "Parallel Aware": true,
                  "Relation Name": "movie_keyword",
                  "Alias": "mk",
                  "Startup Cost": 0.0,
                  "Total Cost": 42695.65,
                  "Plan Rows": 236990,
                  "Plan Width": 0,
                  "Actual Startup Time": 0.062,
                  "Actual Total Time": 99.849,
                  "Actual Rows": 186059,
                  "Actual Loops": 4,
                  "Filter": "(keyword_id < 676)",
                  "Rows Removed by Filter": 944924
                }
              ]
            }
          ]
        }
      ]
    },
    "Planning Time": 0.179,
    "Triggers": [],
    "Execution Time": 125.999
  }
]