[
  {
    "Plan": {
      "Node Type": "Aggregate",
      "Strategy": "Plain",
      "Partial Mode": "Finalize",
      "Parallel Aware": false,
      "Startup Cost": 45486.51,
      "Total Cost": 45486.52,
      "Plan Rows": 1,
      "Plan Width": 8,
      "Actual Startup Time": 148.673,
      "Actual Total Time": 158.31,
      "Actual Rows": 1,
      "Actual Loops": 1,
      "Plans": [
        {
          "Node Type": "Gather",
          "Parent Relationship": "Outer",
          "Parallel Aware": false,
          "Startup Cost": 45486.19,
          "Total Cost": 45486.5,
          "Plan Rows": 3,
          "Plan Width": 8,
          "Actual Startup Time": 148.549,
          "Actual Total Time": 158.301,
          "Actual Rows": 4,
          "Actual Loops": 1,
          "Workers Planned": 3,
          "Workers Launched": 3,
          "Single Copy": false,
          "Plans": [
            {
              "Node Type": "Aggregate",
              "Strategy": "Plain",
              "Partial Mode": "Partial",
              "Parent Relationship": "Outer",
              "Parallel Aware": false,
              "Startup Cost": 44486.19,
              "Total Cost": 44486.2,
              "Plan Rows": 1,
              "Plan Width": 8,
              "Actual Startup Time": 142.091,
              "Actual Total Time": 142.092,
              "Actual Rows": 1,
              "Actual Loops": 4,
              "Plans": [
                {
                  "Node Type": "Seq Scan",
                  "Parent Relationship": "Outer",
                  "Parallel Aware": true,
                  "Relation Name": "movie_keyword",
                  "Alias": "mk",
                  "Startup Cost": 0.0,
                  "Total Cost": 42695.65,
                  "Plan Rows": 716215,
                  "Plan Width": 0,
                  "Actual Startup Time": 0.061,
                  "Actual Total Time": 115.607,
                  "Actual Rows": 555800,
                  "Actual Loops": 4,
                  "Filter": "(keyword_id < 4551)",
                  "Rows Removed by Filter": 575182
                }
              ]
            }
          ]
        }
      ]
    },
    "Planning Time": 0.218,
    "Triggers": [],
    "Execution Time": 158.367
  }
]