[
  {
    "Plan": {
      "Node Type": "Aggregate",
      "Strategy": "Plain",
      "Partial Mode": "Finalize",
      "Parallel Aware": false,
      "Startup Cost": 95101.8,
      "Total Cost": 95101.81,
      "Plan Rows": 1,
      "Plan Width": 8,
      "Actual Startup Time": 112.396,
      "Actual Total Time": 130.236,
      "Actual Rows": 1,
      "Actual Loops": 1,
      "Plans": [
        {
          "Node Type": "Gather",
          "Parent Relationship": "Outer",
          "Parallel Aware": false,
          "Startup Cost": 95101.38,
          "Total Cost": 95101.79,
          "Plan Rows": 4,
          "Plan Width": 8,
          "Actual Startup Time": 112.289,
          "Actual Total Time": 130.23,
          "Actual Rows": 5,
          "Actual Loops": 1,
          "Workers Planned": 4,
          "Workers Launched": 4,
          "Single Copy": false,
          "Plans": [
            {
              "Node Type": "Aggregate",
              "Strategy": "Plain",
              "Partial Mode": "Partial",
              "Parent Relationship": "Outer",
              "Parallel Aware": false,
              "Startup Cost": 94101.38,
              "Total Cost": 94101.39,
              "Plan Rows": 1,
              "Plan Width": 8,
              "Actual Startup Time": 103.444,
              "Actual Total Time": 103.446,
              "Actual Rows": 1,
              "Actual Loops": 5,
              "Plans": [
                {
                  "Node Type": "Nested Loop",
                  "Parent Relationship": "Outer",
                  "Parallel Aware": false,
                  "Join Type": "Inner",
                  "Startup Cost": 0.43,
                  "Total Cost": 94101.31,
                  "Plan Rows": 26,
                  "Plan Width": 0,
                  "Actual Startup Time": 61.843,
                  "Actual Total Time": 103.424,
                  "Actual Rows": 146,
                  "Actual Loops": 5,
                  "Inner Unique": false,
                  "Plans": [
                    {
                      "Node Type": "Seq Scan",
                      "Parent Relationship": "Outer",
                      "Parallel Aware": true,
                      "Relation Name": "title",
                      "Alias": "t",
                      "Startup Cost": 0.0,
                      "Total Cost": 45479.1,
                      "Plan Rows": 332,
                      "Plan Width": 4,
                      "Actual Startup Time": 59.816,
                      "Actual Total Time": 81.691,
                      "Actual Rows": 547,
                      "Actual Loops": 5,
                      "Filter": "((kind_id = 1) AND (production_year = 1953))",
                      "Rows Removed by Filter": 505115
                    },
                    {
                      "Node Type": "Index Scan",
                      "Parent Relationship": "Inner",
                      "Parallel Aware": false,
                      "Scan Direction": "Forward",
                      "Index Name": "movie_id_movie_info",
                      "Relation Name": "movie_info",
                      "Alias": "mi",
                      "Startup Cost": 0.43,
                      "Total Cost": 146.44,
                      "Plan Rows": 1,
                      "Plan Width": 4,
                      "Actual Startup Time": 0.037,
                      "Actual Total Time": 0.039,
                      "Actual Rows": 0,
                      "Actual Loops": 2736,
                      "Index Cond": "(movie_id = t.id)",
                      "Rows Removed by Index Recheck": 0,
                      "Filter": "(info_type_id = 13)",
                      "Rows Removed by Filter": 14
                    }
                  ]
                }
              ]
            }
          ]
        }
      ]
    },
    "Planning Time": 0.622,
    "Triggers": [],
    "Execution Time": 130.303
  }
]