[
  {
    "Plan": {
      "Node Type": "Hash Join",
      "Parallel Aware": false,
      "Join Type": "Inner",
      "Startup Cost": 101168.35,
      "Total Cost": 176111.82,
      "Plan Rows": 1582947,
      "Plan Width": 40,
      "Actual Startup Time": 1811.647,
      "Actual Total Time": 3287.468,
      "Actual Rows": 1565442,
      "Actual Loops": 1,
      "Inner Unique": true,
      "Hash Cond": "(t.kind_id = kt.id)",
      "Plans": [
        {
          "Node Type": "Hash Join",
          "Parent Relationship": "Outer",
          "Parallel Aware": false,
          "Join Type": "Inner",
          "Startup Cost": 101167.19,
          "Total Cost": 169439.68,
          "Plan Rows": 1582947,
          "Plan Width": 44,
          "Actual Startup Time": 1811.485,
          "Actual Total Time": 3086.651,
          "Actual Rows": 1565442,
          "Actual Loops": 1,
          "Inner Unique": true,
          "Hash Cond": "(mc.company_type_id = ct.id)",
          "Plans": [
            {
              "Node Type": "Hash Join",
              "Parent Relationship": "Outer",
              "Parallel Aware": false,
              "Join Type": "Inner",
              "Startup Cost": 101166.1,
              "Total Cost": 160880.78,
              "Plan Rows": 1582947,
              "Plan Width": 44,
              "Actual Startup Time": 1811.402,
              "Actual Total Time": 2881.707,
              "Actual Rows": 1565442,
              "Actual Loops": 1,
              "Inner Unique": true,
              "Hash Cond": "(mc.movie_id = t.id)",
              "Plans": [
                {
                  "Node Type": "Hash Join",
                  "Parent Relationship": "Outer",
                  "Parallel Aware": false,
                  "Join Type": "Inner",
                  "Startup Cost": 8282.43,
                  "Total Cost": 63841.86,
                  "Plan Rows": 1582947,
                  "Plan Width": 40,
                  "Actual Startup Time": 136.377,
                  "Actual Total Time": 672.53,
                  "Actual Rows": 1565442,
                  "Actual Loops": 1,
                  "Inner Unique": true,
                  "Hash Cond": "(mc.company_id = cn.id)",
                  "Plans": [
                    {
                      "Node Type": "Seq Scan",
                      "Parent Relationship": "Outer",
                      "Parallel Aware": false,
                      "Relation Name": "movie_companies",
                      "Alias": "mc",
                      "Startup Cost": 0.0,
                      "Total Cost": 51404.11,
                      "Plan Rows": 1582947,
                      "Plan Width": 40,
                      "Actual Startup Time": 0.041,
                      "Actual Total Time": 246.361,
                      "Actual Rows": 1565442,
                      "Actual Loops": 1,
                      "Filter": "(company_id < 15149)",
                      "Rows Removed by Filter": 1043687
                    },
                    {
                      "Node Type": "Hash",
                      "Parent Relationship": "Inner",
                      "Parallel Aware": false,
                      "Startup Cost": 5344.97,
                      "Total Cost": 5344.97,
                      "Plan Rows": 234997,
                      "Plan Width": 4,
                      "Actual Startup Time": 133.347,
                      "Actual Total Time": 133.348,
                      "Actual Rows": 234997,
                      "Actual Loops": 1,
                      "Hash Buckets": 262144,
                      "Original Hash Buckets": 262144,
                      "Hash Batches": 1,
                      "Original Hash Batches": 1,
                      "Peak Memory Usage": 10310,
                      "Plans": [
                        {
                          "Node Type": "Seq Scan",
                          "Parent Relationship": "Outer",
                          "Parallel Aware": false,
                          "Relation Name": "company_name",
                          "Alias": "cn",
                          "Startup Cost": 0.0,
                          "Total Cost": 5344.97,
                          "Plan Rows": 234997,
                          "Plan Width": 4,
                          "Actual Startup Time": 0.058,
                          "Actual Total Time": 61.985,
                          "Actual Rows": 234997,
                          "Actual Loops": 1
                        }
                      ]
                    }
                  ]
                },
                {
                  "Node Type": "Hash",
                  "Parent Relationship": "Inner",
                  "Parallel Aware": false,
                  "Startup Cost": 61280.52,
                  "Total Cost": 61280.52,
                  "Plan Rows": 2528252,
                  "Plan Width": 8,
                  "Actual Startup Time": 1639.862,
                  "Actual Total Time": 1639.863,
                  "Actual Rows": 2528312,
                  "Actual Loops": 1,
                  "Hash Buckets": 4194304,
                  "Original Hash Buckets": 4194304,
                  "Hash Batches": 1,
                  "Original Hash Batches": 1,
                  "Peak Memory Usage": 131531,
                  "Plans": [
                    {
                      "Node Type": "Seq Scan",
                      "Parent Relationship": "Outer",
                      "Parallel Aware": false,
                      "Relation Name": "title",
                      "Alias": "t",
                      "Startup Cost": 0.0,
                      "Total Cost": 61280.52,
                      "Plan Rows": 2528252,
                      "Plan Width": 8,
                      "Actual Startup Time": 0.073,
                      "Actual Total Time": 612.699,
                      "Actual Rows": 2528312,
                      "Actual Loops": 1
                    }
                  ]
                }
              ]
            },
            {
              "Node Type": "Hash",
              "Parent Relationship": "Inner",
              "Parallel Aware": false,
              "Startup Cost": 1.04,
              "Total Cost": 1.04,
              "Plan Rows": 4,
              "Plan Width": 4,
              "Actual Startup Time": 0.027,
              "Actual Total Time": 0.028,
              "Actual Rows": 4,
              "Actual Loops": 1,
              "Hash Buckets": 1024,
              "Original Hash Buckets": 1024,
              "Hash Batches": 1,
              "Original Hash Batches": 1,
              "Peak Memory Usage": 9,
              "Plans": [
                {
                  "Node Type": "Seq Scan",
                  "Parent Relationship": "Outer",
                  "Parallel Aware": false,
                  "Relation Name": "company_type",
                  "Alias": "ct",
                  "Startup Cost": 0.0,
                  "Total Cost": 1.04,
                  "Plan Rows": 4,
                  "Plan Width": 4,
                  "Actual Startup Time": 0.011,
                  "Actual Total Time": 0.014,
                  "Actual Rows": 4,
                  "Actual Loops": 1
                }
              ]
            }
          ]
        },
        {
          "Node Type": "Hash",
          "Parent Relationship": "Inner",
          "Parallel Aware": false,
          "Startup Cost": 1.07,
          "Total Cost": 1.07,
          "Plan Rows": 7,
          "Plan Width": 4,
          "Actual Startup Time": 0.06,
          "Actual Total Time": 0.061,
          "Actual Rows": 7,
          "Actual Loops": 1,
          "Hash Buckets": 1024,
          "Original Hash Buckets": 1024,
          "Hash Batches": 1,
          "Original Hash Batches": 1,
          "Peak Memory Usage": 9,
          "Plans": [
            {
              "Node Type": "Seq Scan",
              "Parent Relationship": "Outer",
              "Parallel Aware": false,
              "Relation Name": "kind_type",
              "Alias": "kt",
              "Startup Cost": 0.0,
              "Total Cost": 1.07,
              "Plan Rows": 7,
              "Plan Width": 4,
              "Actual Startup Time": 0.017,
              "Actual Total Time": 0.022,
              "Actual Rows": 7,
              "Actual Loops": 1
            }
          ]
        }
      ]
    },
    "Planning Time": 5.898,
    "Triggers": [],
    "Execution Time": 3335.986
  }
]