[
  {
    "Plan": {
      "Node Type": "Aggregate",
      "Strategy": "Plain",
      "Partial Mode": "Finalize",
      "Parallel Aware": false,
      "Startup Cost": 228716.85,
      "Total Cost": 228716.86,
      "Plan Rows": 1,
      "Plan Width": 8,
      "Actual Startup Time": 1786.839,
      "Actual Total Time": 1836.155,
      "Actual Rows": 1,
      "Actual Loops": 1,
      "Plans": [
        {
          "Node Type": "Gather",
          "Parent Relationship": "Outer",
          "Parallel Aware": false,
          "Startup Cost": 228716.53,
          "Total Cost": 228716.84,
          "Plan Rows": 3,
          "Plan Width": 8,
          "Actual Startup Time": 1782.074,
          "Actual Total Time": 1836.142,
          "Actual Rows": 4,
          "Actual Loops": 1,
          "Workers Planned": 3,
          "Workers Launched": 3,
          "Single Copy": false,
          "Plans": [
            {
              "Node Type": "Aggregate",
              "Strategy": "Plain",
              "Partial Mode": "Partial",
              "Parent Relationship": "Outer",
              "Parallel Aware": false,
              "Startup Cost": 227716.53,
              "Total Cost": 227716.54,
              "Plan Rows": 1,
              "Plan Width": 8,
              "Actual Startup Time": 1774.357,
              "Actual Total Time": 1774.36,
              "Actual Rows": 1,
              "Actual Loops": 4,
              "Plans": [
                {
                  "Node Type": "Nested Loop",
                  "Parent Relationship": "Outer",
                  "Parallel Aware": false,
                  "Join Type": "Inner",
                  "Startup Cost": 47423.61,
                  "Total Cost": 226786.55,
                  "Plan Rows": 371992,
                  "Plan Width": 0,
                  "Actual Startup Time": 214.613,
                  "Actual Total Time": 1635.467,
                  "Actual Rows": 3254392,
                  "Actual Loops": 4,
                  "Inner Unique": false,
                  "Plans": [
                    {
                      "Node Type": "Hash Join",
                      "Parent Relationship": "Outer",
                      "Parallel Aware": true,
                      "Join Type": "Inner",
                      "Startup Cost": 47423.17,
                      "Total Cost": 79210.88,
                      "Plan Rows": 63354,
                      "Plan Width": 8,
                      "Actual Startup Time": 214.501,
                      "Actual Total Time": 349.592,
                      "Actual Rows": 89854,
                      "Actual Loops": 4,
                      "Inner Unique": true,
                      "Hash Cond": "(mc.movie_id = t.id)",
                      "Plans": [
                        {
                          "Node Type": "Seq Scan",
                          "Parent Relationship": "Outer",
                          "Parallel Aware": true,
                          "Relation Name": "movie_companies",
                          "Alias": "mc",
                          "Startup Cost": 0.0,
                          "Total Cost": 31414.82,
                          "Plan Rows": 142054,
                          "Plan Width": 4,
                          "Actual Startup Time": 0.01,
                          "Actual Total Time": 67.323,
                          "Actual Rows": 159563,
                          "Actual Loops": 4,
                          "Filter": "((company_id < 2878) AND (company_type_id < 2))",
                          "Rows Removed by Filter": 492720
                        },
                        {
                          "Node Type": "Hash",
                          "Parent Relationship": "Inner",
                          "Parallel Aware": true,
                          "Startup Cost": 43899.32,
                          "Total Cost": 43899.32,
                          "Plan Rows": 281908,
                          "Plan Width": 4,
                          "Actual Startup Time": 209.549,
                          "Actual Total Time": 209.551,
                          "Actual Rows": 283339,
                          "Actual Loops": 4,
                          "Hash Buckets": 2097152,
                          "Original Hash Buckets": 2097152,
                          "Hash Batches": 1,
                          "Original Hash Batches": 1,
                          "Peak Memory Usage": 60768,
                          "Plans": [
                            {
                              "Node Type": "Seq Scan",
                              "Parent Relationship": "Outer",
                              "Parallel Aware": true,
                              "Relation Name": "title",
                              "Alias": "t",
                              "Startup Cost": 0.0,
                              "Total Cost": 43899.32,
                              "Plan Rows": 281908,
                              "Plan Width": 4,
                              "Actual Startup Time": 0.026,
                              "Actual Total Time": 101.142,
                              "Actual Rows": 283339,
                              "Actual Loops": 4,
                              "Filter": "(production_year < 2002)",
                              "Rows Removed by Filter": 348739
                            }
                          ]
                        }
                      ]
                    },
                    {
                      "Node Type": "Index Only Scan",
                      "Parent Relationship": "Inner",
                      "Parallel Aware": false,
                      "Scan Direction": "Forward",
                      "Index Name": "movie_id_movie_info",
                      "Relation Name": "movie_info",
                      "Alias": "mi",
                      "Startup Cost": 0.43,
                      "Total Cost": 1.92,
                      "Plan Rows": 41,
                      "Plan Width": 4,
                      "Actual Startup Time": 0.003,
                      "Actual Total Time": 0.012,
                      "Actual Rows": 36,
                      "Actual Loops": 359414,
                      "Index Cond": "(movie_id = t.id)",
                      "Rows Removed by Index Recheck": 0,
                      "Heap Fetches": 13017569
                    }
                  ]
                }
              ]
            }
          ]
        }
      ]
    },
    "Planning Time": 0.613,
    "Triggers": [],
    "Execution Time": 1836.227
  }
]