[
  {
    "Plan": {
      "Node Type": "Aggregate",
      "Strategy": "Plain",
      "Partial Mode": "Finalize",
      "Parallel Aware": false,
      "Startup Cost": 340441.19,
      "Total Cost": 340441.2,
      "Plan Rows": 1,
      "Plan Width": 8,
      "Actual Startup Time": 797.449,
      "Actual Total Time": 853.791,
      "Actual Rows": 1,
      "Actual Loops": 1,
      "Plans": [
        {
          "Node Type": "Gather",
          "Parent Relationship": "Outer",
          "Parallel Aware": false,
          "Startup Cost": 340440.57,
          "Total Cost": 340441.18,
          "Plan Rows": 6,
          "Plan Width": 8,
          "Actual Startup Time": 797.345,
          "Actual Total Time": 853.782,
          "Actual Rows": 7,
          "Actual Loops": 1,
          "Workers Planned": 6,
          "Workers Launched": 6,
          "Single Copy": false,
          "Plans": [
            {
              "Node Type": "Aggregate",
              "Strategy": "Plain",
              "Partial Mode": "Partial",
              "Parent Relationship": "Outer",
              "Parallel Aware": false,
              "Startup Cost": 339440.57,
              "Total Cost": 339440.58,
              "Plan Rows": 1,
              "Plan Width": 8,
              "Actual Startup Time": 786.888,
              "Actual Total Time": 786.89,
              "Actual Rows": 1,
              "Actual Loops": 7,
              "Plans": [
                {
                  "Node Type": "Seq Scan",
                  "Parent Relationship": "Outer",
                  "Parallel Aware": true,
                  "Relation Name": "cast_info",
                  "Alias": "ci",
                  "Startup Cost": 0.0,
                  "Total Cost": 328162.03,
                  "Plan Rows": 4511417,
                  "Plan Width": 0,
                  "Actual Startup Time": 110.962,
                  "Actual Total Time": 627.515,
                  "Actual Rows": 3849296,
                  "Actual Loops": 7,
                  "Filter": "(person_id > 915702)",
                  "Rows Removed by Filter": 1328467
                }
              ]
            }
          ]
        }
      ]
    },
    "Planning Time": 0.18,
    "Triggers": [],
    "Execution Time": 853.862
  }
]