{
    "Plan": {
        "Node Type": "Aggregate",
        "Strategy": "Plain",
        "Partial Mode": "Finalize",
        "Parallel Aware": false,
        "Startup Cost": 91539.17,
        "Total Cost": 91539.18,
        "Plan Rows": 1,
        "Plan Width": 8,
        "Actual Startup Time": 355.619,
        "Actual Total Time": 378.368,
        "Actual Rows": 1,
        "Actual Loops": 1,
        "Output": [
            "count(*)"
        ],
        "Plans": [
            {
                "Node Type": "Gather",
                "Parent Relationship": "Outer",
                "Parallel Aware": false,
                "Startup Cost": 91538.86,
                "Total Cost": 91539.17,
                "Plan Rows": 3,
                "Plan Width": 8,
                "Actual Startup Time": 352.084,
                "Actual Total Time": 378.357,
                "Actual Rows": 4,
                "Actual Loops": 1,
                "Output": [
                    "(PARTIAL count(*))"
                ],
                "Workers Planned": 3,
                "Workers Launched": 3,
                "Single Copy": false,
                "Plans": [
                    {
                        "Node Type": "Aggregate",
                        "Strategy": "Plain",
                        "Partial Mode": "Partial",
                        "Parent Relationship": "Outer",
                        "Parallel Aware": false,
                        "Startup Cost": 90538.86,
                        "Total Cost": 90538.87,
                        "Plan Rows": 1,
                        "Plan Width": 8,
                        "Actual Startup Time": 343.238,
                        "Actual Total Time": 343.244,
                        "Actual Rows": 1,
                        "Actual Loops": 4,
                        "Output": [
                            "PARTIAL count(*)"
                        ],
                        "Workers": [
                            {
                                "Worker Number": 0,
                                "Actual Startup Time": 340.058,
                                "Actual Total Time": 340.061,
                                "Actual Rows": 1,
                                "Actual Loops": 1
                            },
                            {
                                "Worker Number": 1,
                                "Actual Startup Time": 340.389,
                                "Actual Total Time": 340.399,
                                "Actual Rows": 1,
                                "Actual Loops": 1
                            },
                            {
                                "Worker Number": 2,
                                "Actual Startup Time": 341.081,
                                "Actual Total Time": 341.084,
                                "Actual Rows": 1,
                                "Actual Loops": 1
                            }
                        ],
                        "Plans": [
                            {
                                "Node Type": "Hash Join",
                                "Parent Relationship": "Outer",
                                "Parallel Aware": true,
                                "Join Type": "Inner",
                                "Startup Cost": 47009.89,
                                "Total Cost": 90311.6,
                                "Plan Rows": 90904,
                                "Plan Width": 0,
                                "Actual Startup Time": 197.288,
                                "Actual Total Time": 336.957,
                                "Actual Rows": 147512,
                                "Actual Loops": 4,
                                "Inner Unique": true,
                                "Hash Cond": "(mk.movie_id = t.id)",
                                "Workers": [
                                    {
                                        "Worker Number": 0,
                                        "Actual Startup Time": 194.218,
                                        "Actual Total Time": 334.229,
                                        "Actual Rows": 134615,
                                        "Actual Loops": 1
                                    },
                                    {
                                        "Worker Number": 1,
                                        "Actual Startup Time": 194.62,
                                        "Actual Total Time": 334.43,
                                        "Actual Rows": 139321,
                                        "Actual Loops": 1
                                    },
                                    {
                                        "Worker Number": 2,
                                        "Actual Startup Time": 194.707,
                                        "Actual Total Time": 335.272,
                                        "Actual Rows": 134584,
                                        "Actual Loops": 1
                                    }
                                ],
                                "Plans": [
                                    {
                                        "Node Type": "Seq Scan",
                                        "Parent Relationship": "Outer",
                                        "Parallel Aware": true,
                                        "Relation Name": "movie_keyword",
                                        "Schema": "public",
                                        "Alias": "mk",
                                        "Startup Cost": 0.0,
                                        "Total Cost": 42695.65,
                                        "Plan Rows": 230876,
                                        "Plan Width": 4,
                                        "Actual Startup Time": 2.081,
                                        "Actual Total Time": 98.981,
                                        "Actual Rows": 175732,
                                        "Actual Loops": 4,
                                        "Output": [
                                            "mk.id",
                                            "mk.movie_id",
                                            "mk.keyword_id"
                                        ],
                                        "Filter": "(mk.keyword_id > 26823)",
                                        "Rows Removed by Filter": 955251,
                                        "Workers": [
                                            {
                                                "Worker Number": 0,
                                                "Actual Startup Time": 2.092,
                                                "Actual Total Time": 101.032,
                                                "Actual Rows": 160600,
                                                "Actual Loops": 1
                                            },
                                            {
                                                "Worker Number": 1,
                                                "Actual Startup Time": 2.013,
                                                "Actual Total Time": 102.126,
                                                "Actual Rows": 165874,
                                                "Actual Loops": 1
                                            },
                                            {
                                                "Worker Number": 2,
                                                "Actual Startup Time": 2.098,
                                                "Actual Total Time": 101.062,
                                                "Actual Rows": 159496,
                                                "Actual Loops": 1
                                            }
                                        ]
                                    },
                                    {
                                        "Node Type": "Hash",
                                        "Parent Relationship": "Inner",
                                        "Parallel Aware": true,
                                        "Startup Cost": 43899.01,
                                        "Total Cost": 43899.01,
                                        "Plan Rows": 248871,
                                        "Plan Width": 4,
                                        "Actual Startup Time": 189.812,
                                        "Actual Total Time": 189.815,
                                        "Actual Rows": 246262,
                                        "Actual Loops": 4,
                                        "Output": [
                                            "t.id"
                                        ],
                                        "Hash Buckets": 1048576,
                                        "Original Hash Buckets": 1048576,
                                        "Hash Batches": 1,
                                        "Original Hash Batches": 1,
                                        "Peak Memory Usage": 46784,
                                        "Workers": [
                                            {
                                                "Worker Number": 0,
                                                "Actual Startup Time": 191.486,
                                                "Actual Total Time": 191.486,
                                                "Actual Rows": 234341,
                                                "Actual Loops": 1
                                            },
                                            {
                                                "Worker Number": 1,
                                                "Actual Startup Time": 191.793,
                                                "Actual Total Time": 191.801,
                                                "Actual Rows": 239227,
                                                "Actual Loops": 1
                                            },
                                            {
                                                "Worker Number": 2,
                                                "Actual Startup Time": 191.912,
                                                "Actual Total Time": 191.913,
                                                "Actual Rows": 233810,
                                                "Actual Loops": 1
                                            }
                                        ],
                                        "Plans": [
                                            {
                                                "Node Type": "Seq Scan",
                                                "Parent Relationship": "Outer",
                                                "Parallel Aware": true,
                                                "Relation Name": "title",
                                                "Schema": "public",
                                                "Alias": "t",
                                                "Startup Cost": 0.0,
                                                "Total Cost": 43899.01,
                                                "Plan Rows": 248871,
                                                "Plan Width": 4,
                                                "Actual Startup Time": 0.059,
                                                "Actual Total Time": 102.612,
                                                "Actual Rows": 246262,
                                                "Actual Loops": 4,
                                                "Output": [
                                                    "t.id"
                                                ],
                                                "Filter": "(t.kind_id < 7)",
                                                "Rows Removed by Filter": 385816,
                                                "Workers": [
                                                    {
                                                        "Worker Number": 0,
                                                        "Actual Startup Time": 0.066,
                                                        "Actual Total Time": 104.229,
                                                        "Actual Rows": 234341,
                                                        "Actual Loops": 1
                                                    },
                                                    {
                                                        "Worker Number": 1,
                                                        "Actual Startup Time": 0.093,
                                                        "Actual Total Time": 104.374,
                                                        "Actual Rows": 239227,
                                                        "Actual Loops": 1
                                                    },
                                                    {
                                                        "Worker Number": 2,
                                                        "Actual Startup Time": 0.055,
                                                        "Actual Total Time": 103.487,
                                                        "Actual Rows": 233810,
                                                        "Actual Loops": 1
                                                    }
                                                ]
                                            }
                                        ]
                                    }
                                ]
                            }
                        ]
                    }
                ]
            }
        ]
    },
    "Planning Time": 0.689,
    "Triggers": [],
    "Execution Time": 378.44
}