[
    {
        "Bao": {
            "Bao prediction": "NaN",
            "Bao recommended hint": "(no hint)"
        }
    },
    {
        "Plan": {
            "Node Type": "Aggregate",
            "Strategy": "Plain",
            "Partial Mode": "Simple",
            "Parallel Aware": false,
            "Startup Cost": 15440.7,
            "Total Cost": 15440.71,
            "Plan Rows": 1,
            "Plan Width": 8,
            "Actual Startup Time": 11.65,
            "Actual Total Time": 11.652,
            "Actual Rows": 1,
            "Actual Loops": 1,
            "Output": [
                "count(*)"
            ],
            "Plans": [
                {
                    "Node Type": "Bitmap Heap Scan",
                    "Parent Relationship": "Outer",
                    "Parallel Aware": false,
                    "Relation Name": "movie_companies",
                    "Schema": "public",
                    "Alias": "mc",
                    "Startup Cost": 185.4,
                    "Total Cost": 15430.25,
                    "Plan Rows": 4178,
                    "Plan Width": 0,
                    "Actual Startup Time": 2.485,
                    "Actual Total Time": 11.202,
                    "Actual Rows": 4375,
                    "Actual Loops": 1,
                    "Recheck Cond": "(mc.company_id = 159)",
                    "Rows Removed by Index Recheck": 0,
                    "Filter": "(mc.company_type_id = 1)",
                    "Rows Removed by Filter": 3185,
                    "Exact Heap Blocks": 4702,
                    "Lossy Heap Blocks": 0,
                    "Plans": [
                        {
                            "Node Type": "Bitmap Index Scan",
                            "Parent Relationship": "Outer",
                            "Parallel Aware": false,
                            "Index Name": "company_id_movie_companies",
                            "Startup Cost": 0.0,
                            "Total Cost": 184.35,
                            "Plan Rows": 8523,
                            "Plan Width": 0,
                            "Actual Startup Time": 1.349,
                            "Actual Total Time": 1.35,
                            "Actual Rows": 7560,
                            "Actual Loops": 1,
                            "Index Cond": "(mc.company_id = 159)"
                        }
                    ]
                }
            ]
        },
        "Planning Time": 234.034,
        "Triggers": [],
        "Execution Time": 11.737
    }
]