{
  "Plan": {
    "Node Type": "Aggregate",
    "Strategy": "Plain",
    "Partial Mode": "Finalize",
    "Parallel Aware": false,
    "Startup Cost": 621815.33,
    "Total Cost": 621815.34,
    "Plan Rows": 1,
    "Plan Width": 8,
    "Actual Startup Time": 4740.457,
    "Actual Total Time": 4806.371,
    "Actual Rows": 1,
    "Actual Loops": 1,
    "Plans": [
      {
        "Node Type": "Gather",
        "Parent Relationship": "Outer",
        "Parallel Aware": false,
        "Startup Cost": 621815.22,
        "Total Cost": 621815.33,
        "Plan Rows": 1,
        "Plan Width": 8,
        "Actual Startup Time": 4733.925,
        "Actual Total Time": 4806.356,
        "Actual Rows": 2,
        "Actual Loops": 1,
        "Workers Planned": 1,
        "Workers Launched": 1,
        "Single Copy": false,
        "Plans": [
          {
            "Node Type": "Aggregate",
            "Strategy": "Plain",
            "Partial Mode": "Partial",
            "Parent Relationship": "Outer",
            "Parallel Aware": false,
            "Startup Cost": 620815.22,
            "Total Cost": 620815.23,
            "Plan Rows": 1,
            "Plan Width": 8,
            "Actual Startup Time": 4724.948,
            "Actual Total Time": 4724.954,
            "Actual Rows": 1,
            "Actual Loops": 2,
            "Plans": [
              {
                "Node Type": "Hash Join",
                "Parent Relationship": "Outer",
                "Parallel Aware": true,
                "Join Type": "Inner",
                "Startup Cost": 72144.45,
                "Total Cost": 606798.53,
                "Plan Rows": 5606676,
                "Plan Width": 0,
                "Actual Startup Time": 690.25,
                "Actual Total Time": 4506.642,
                "Actual Rows": 4901807,
                "Actual Loops": 2,
                "Inner Unique": true,
                "Hash Cond": "(ci.movie_id = t.id)",
                "Plans": [
                  {
                    "Node Type": "Seq Scan",
                    "Parent Relationship": "Outer",
                    "Parallel Aware": true,
                    "Relation Name": "cast_info",
                    "Alias": "ci",
                    "Startup Cost": 0.0,
                    "Total Cost": 519069.44,
                    "Plan Rows": 5936996,
                    "Plan Width": 4,
                    "Actual Startup Time": 0.02,
                    "Actual Total Time": 1484.463,
                    "Actual Rows": 5080448,
                    "Actual Loops": 2,
                    "Filter": "(person_id < 998370)",
                    "Rows Removed by Filter": 13041724
                  },
                  {
                    "Node Type": "Hash",
                    "Parent Relationship": "Inner",
                    "Parallel Aware": true,
                    "Startup Cost": 54588.39,
                    "Total Cost": 54588.39,
                    "Plan Rows": 1404485,
                    "Plan Width": 4,
                    "Actual Startup Time": 673.437,
                    "Actual Total Time": 673.439,
                    "Actual Rows": 1194438,
                    "Actual Loops": 2,
                    "Hash Buckets": 4194304,
                    "Original Hash Buckets": 4194304,
                    "Hash Batches": 1,
                    "Original Hash Batches": 1,
                    "Peak Memory Usage": 126240,
                    "Plans": [
                      {
                        "Node Type": "Seq Scan",
                        "Parent Relationship": "Outer",
                        "Parallel Aware": true,
                        "Relation Name": "title",
                        "Alias": "t",
                        "Startup Cost": 0.0,
                        "Total Cost": 54588.39,
                        "Plan Rows": 1404485,
                        "Plan Width": 4,
                        "Actual Startup Time": 0.034,
                        "Actual Total Time": 241.766,
                        "Actual Rows": 1194438,
                        "Actual Loops": 2,
                        "Filter": "(production_year < 2013)",
                        "Rows Removed by Filter": 69718
                      }
                    ]
                  }
                ]
              }
            ]
          }
        ]
      }
    ]
  },
  "Planning Time": 0.399,
  "Triggers": [],
  "Execution Time": 4806.434
}