{
  "Plan": {
    "Node Type": "Aggregate",
    "Strategy": "Plain",
    "Partial Mode": "Finalize",
    "Parallel Aware": false,
    "Startup Cost": 96334.39,
    "Total Cost": 96334.4,
    "Plan Rows": 1,
    "Plan Width": 8,
    "Actual Startup Time": 373.444,
    "Actual Total Time": 389.012,
    "Actual Rows": 1,
    "Actual Loops": 1,
    "Plans": [
      {
        "Node Type": "Gather",
        "Parent Relationship": "Outer",
        "Parallel Aware": false,
        "Startup Cost": 96334.28,
        "Total Cost": 96334.39,
        "Plan Rows": 1,
        "Plan Width": 8,
        "Actual Startup Time": 373.034,
        "Actual Total Time": 389.005,
        "Actual Rows": 2,
        "Actual Loops": 1,
        "Workers Planned": 1,
        "Workers Launched": 1,
        "Single Copy": false,
        "Plans": [
          {
            "Node Type": "Aggregate",
            "Strategy": "Plain",
            "Partial Mode": "Partial",
            "Parent Relationship": "Outer",
            "Parallel Aware": false,
            "Startup Cost": 95334.28,
            "Total Cost": 95334.29,
            "Plan Rows": 1,
            "Plan Width": 8,
            "Actual Startup Time": 366.944,
            "Actual Total Time": 366.948,
            "Actual Rows": 1,
            "Actual Loops": 2,
            "Plans": [
              {
                "Node Type": "Hash Join",
                "Parent Relationship": "Outer",
                "Parallel Aware": true,
                "Join Type": "Inner",
                "Startup Cost": 31725.07,
                "Total Cost": 95084.94,
                "Plan Rows": 99737,
                "Plan Width": 0,
                "Actual Startup Time": 101.41,
                "Actual Total Time": 365.022,
                "Actual Rows": 38578,
                "Actual Loops": 2,
                "Inner Unique": false,
                "Hash Cond": "(t.id = mc.movie_id)",
                "Plans": [
                  {
                    "Node Type": "Seq Scan",
                    "Parent Relationship": "Outer",
                    "Parallel Aware": true,
                    "Relation Name": "title",
                    "Alias": "t",
                    "Startup Cost": 0.0,
                    "Total Cost": 54588.39,
                    "Plan Rows": 1309566,
                    "Plan Width": 4,
                    "Actual Startup Time": 0.011,
                    "Actual Total Time": 151.451,
                    "Actual Rows": 1107409,
                    "Actual Loops": 2,
                    "Filter": "(production_year > 1959)",
                    "Rows Removed by Filter": 156747
                  },
                  {
                    "Node Type": "Hash",
                    "Parent Relationship": "Inner",
                    "Parallel Aware": true,
                    "Startup Cost": 30309.22,
                    "Total Cost": 30309.22,
                    "Plan Rows": 113268,
                    "Plan Width": 4,
                    "Actual Startup Time": 97.848,
                    "Actual Total Time": 97.85,
                    "Actual Rows": 43517,
                    "Actual Loops": 2,
                    "Hash Buckets": 262144,
                    "Original Hash Buckets": 262144,
                    "Hash Batches": 1,
                    "Original Hash Batches": 1,
                    "Peak Memory Usage": 5504,
                    "Plans": [
                      {
                        "Node Type": "Bitmap Heap Scan",
                        "Parent Relationship": "Outer",
                        "Parallel Aware": true,
                        "Relation Name": "movie_companies",
                        "Alias": "mc",
                        "Startup Cost": 8172.92,
                        "Total Cost": 30309.22,
                        "Plan Rows": 113268,
                        "Plan Width": 4,
                        "Actual Startup Time": 72.092,
                        "Actual Total Time": 88.836,
                        "Actual Rows": 43517,
                        "Actual Loops": 2,
                        "Recheck Cond": "(company_id < 225)",
                        "Rows Removed by Index Recheck": 0,
                        "Filter": "(company_type_id > 1)",
                        "Rows Removed by Filter": 144794,
                        "Exact Heap Blocks": 13509,
                        "Lossy Heap Blocks": 0,
                        "Plans": [
                          {
                            "Node Type": "Bitmap Index Scan",
                            "Parent Relationship": "Outer",
                            "Parallel Aware": false,
                            "Index Name": "company_id_movie_companies",
                            "Startup Cost": 0.0,
                            "Total Cost": 8124.78,
                            "Plan Rows": 379247,
                            "Plan Width": 0,
                            "Actual Startup Time": 30.361,
                            "Actual Total Time": 30.361,
                            "Actual Rows": 376622,
                            "Actual Loops": 1,
                            "Index Cond": "(company_id < 225)"
                          }
                        ]
                      }
                    ]
                  }
                ]
              }
            ]
          }
        ]
      }
    ]
  },
  "Planning Time": 0.501,
  "Triggers": [],
  "Execution Time": 389.107
}