[
  {
    "Plan": {
      "Node Type": "Aggregate",
      "Strategy": "Plain",
      "Partial Mode": "Finalize",
      "Parallel Aware": false,
      "Startup Cost": 363226.73,
      "Total Cost": 363226.74,
      "Plan Rows": 1,
      "Plan Width": 8,
      "Actual Startup Time": 887.083,
      "Actual Total Time": 970.21,
      "Actual Rows": 1,
      "Actual Loops": 1,
      "Plans": [
        {
          "Node Type": "Gather",
          "Parent Relationship": "Outer",
          "Parallel Aware": false,
          "Startup Cost": 363226.31,
          "Total Cost": 363226.72,
          "Plan Rows": 4,
          "Plan Width": 8,
          "Actual Startup Time": 886.905,
          "Actual Total Time": 970.199,
          "Actual Rows": 5,
          "Actual Loops": 1,
          "Workers Planned": 4,
          "Workers Launched": 4,
          "Single Copy": false,
          "Plans": [
            {
              "Node Type": "Aggregate",
              "Strategy": "Plain",
              "Partial Mode": "Partial",
              "Parent Relationship": "Outer",
              "Parallel Aware": false,
              "Startup Cost": 362226.31,
              "Total Cost": 362226.32,
              "Plan Rows": 1,
              "Plan Width": 8,
              "Actual Startup Time": 876.54,
              "Actual Total Time": 876.542,
              "Actual Rows": 1,
              "Actual Loops": 5,
              "Plans": [
                {
                  "Node Type": "Nested Loop",
                  "Parent Relationship": "Outer",
                  "Parallel Aware": false,
                  "Join Type": "Inner",
                  "Startup Cost": 0.56,
                  "Total Cost": 361756.95,
                  "Plan Rows": 187745,
                  "Plan Width": 0,
                  "Actual Startup Time": 60.563,
                  "Actual Total Time": 853.517,
                  "Actual Rows": 362409,
                  "Actual Loops": 5,
                  "Inner Unique": false,
                  "Plans": [
                    {
                      "Node Type": "Seq Scan",
                      "Parent Relationship": "Outer",
                      "Parallel Aware": true,
                      "Relation Name": "title",
                      "Alias": "t",
                      "Startup Cost": 0.0,
                      "Total Cost": 45479.59,
                      "Plan Rows": 13094,
                      "Plan Width": 4,
                      "Actual Startup Time": 60.417,
                      "Actual Total Time": 97.232,
                      "Actual Rows": 36025,
                      "Actual Loops": 5,
                      "Filter": "((production_year < 1957) AND (kind_id = 1))",
                      "Rows Removed by Filter": 469637
                    },
                    {
                      "Node Type": "Index Only Scan",
                      "Parent Relationship": "Inner",
                      "Parallel Aware": false,
                      "Scan Direction": "Forward",
                      "Index Name": "movie_id_cast_info",
                      "Relation Name": "cast_info",
                      "Alias": "ci",
                      "Startup Cost": 0.56,
                      "Total Cost": 23.8,
                      "Plan Rows": 35,
                      "Plan Width": 4,
                      "Actual Startup Time": 0.006,
                      "Actual Total Time": 0.02,
                      "Actual Rows": 10,
                      "Actual Loops": 180127,
                      "Index Cond": "(movie_id = t.id)",
                      "Rows Removed by Index Recheck": 0,
                      "Heap Fetches": 1812045
                    }
                  ]
                }
              ]
            }
          ]
        }
      ]
    },
    "Planning Time": 0.649,
    "Triggers": [],
    "Execution Time": 970.3
  }
]