[
  {
    "Plan": {
      "Node Type": "Aggregate",
      "Strategy": "Plain",
      "Partial Mode": "Finalize",
      "Parallel Aware": false,
      "Startup Cost": 123987.56,
      "Total Cost": 123987.57,
      "Plan Rows": 1,
      "Plan Width": 8,
      "Actual Startup Time": 409.408,
      "Actual Total Time": 430.114,
      "Actual Rows": 1,
      "Actual Loops": 1,
      "Plans": [
        {
          "Node Type": "Gather",
          "Parent Relationship": "Outer",
          "Parallel Aware": false,
          "Startup Cost": 123987.24,
          "Total Cost": 123987.55,
          "Plan Rows": 3,
          "Plan Width": 8,
          "Actual Startup Time": 408.84,
          "Actual Total Time": 430.105,
          "Actual Rows": 4,
          "Actual Loops": 1,
          "Workers Planned": 3,
          "Workers Launched": 3,
          "Single Copy": false,
          "Plans": [
            {
              "Node Type": "Aggregate",
              "Strategy": "Plain",
              "Partial Mode": "Partial",
              "Parent Relationship": "Outer",
              "Parallel Aware": false,
              "Startup Cost": 122987.24,
              "Total Cost": 122987.25,
              "Plan Rows": 1,
              "Plan Width": 8,
              "Actual Startup Time": 399.556,
              "Actual Total Time": 399.562,
              "Actual Rows": 1,
              "Actual Loops": 4,
              "Plans": [
                {
                  "Node Type": "Hash Join",
                  "Parent Relationship": "Outer",
                  "Parallel Aware": true,
                  "Join Type": "Inner",
                  "Startup Cost": 92185.35,
                  "Total Cost": 122795.5,
                  "Plan Rows": 76695,
                  "Plan Width": 0,
                  "Actual Startup Time": 278.457,
                  "Actual Total Time": 398.475,
                  "Actual Rows": 22923,
                  "Actual Loops": 4,
                  "Inner Unique": false,
                  "Hash Cond": "(mc.movie_id = t.id)",
                  "Plans": [
                    {
                      "Node Type": "Seq Scan",
                      "Parent Relationship": "Outer",
                      "Parallel Aware": true,
                      "Relation Name": "movie_companies",
                      "Alias": "mc",
                      "Startup Cost": 0.0,
                      "Total Cost": 27206.55,
                      "Plan Rows": 841655,
                      "Plan Width": 4,
                      "Actual Startup Time": 0.02,
                      "Actual Total Time": 58.274,
                      "Actual Rows": 652282,
                      "Actual Loops": 4
                    },
                    {
                      "Node Type": "Hash",
                      "Parent Relationship": "Inner",
                      "Parallel Aware": true,
                      "Startup Cost": 91256.36,
                      "Total Cost": 91256.36,
                      "Plan Rows": 74319,
                      "Plan Width": 8,
                      "Actual Startup Time": 275.522,
                      "Actual Total Time": 275.526,
                      "Actual Rows": 8997,
                      "Actual Loops": 4,
                      "Hash Buckets": 262144,
                      "Original Hash Buckets": 262144,
                      "Hash Batches": 1,
                      "Original Hash Batches": 1,
                      "Peak Memory Usage": 3520,
                      "Plans": [
                        {
                          "Node Type": "Hash Join",
                          "Parent Relationship": "Outer",
                          "Parallel Aware": true,
                          "Join Type": "Inner",
                          "Startup Cost": 46107.37,
                          "Total Cost": 91256.36,
                          "Plan Rows": 74319,
                          "Plan Width": 8,
                          "Actual Startup Time": 110.374,
                          "Actual Total Time": 273.217,
                          "Actual Rows": 8997,
                          "Actual Loops": 4,
                          "Inner Unique": true,
                          "Hash Cond": "(mk.movie_id = t.id)",
                          "Plans": [
                            {
                              "Node Type": "Seq Scan",
                              "Parent Relationship": "Outer",
                              "Parallel Aware": true,
                              "Relation Name": "movie_keyword",
                              "Alias": "mk",
                              "Startup Cost": 0.0,
                              "Total Cost": 42695.65,
                              "Plan Rows": 934604,
                              "Plan Width": 4,
                              "Actual Startup Time": 0.18,
                              "Actual Total Time": 111.272,
                              "Actual Rows": 720758,
                              "Actual Loops": 4,
                              "Filter": "(keyword_id > 2488)",
                              "Rows Removed by Filter": 410225
                            },
                            {
                              "Node Type": "Hash",
                              "Parent Relationship": "Inner",
                              "Parallel Aware": true,
                              "Startup Cost": 45479.1,
                              "Total Cost": 45479.1,
                              "Plan Rows": 50262,
                              "Plan Width": 4,
                              "Actual Startup Time": 108.747,
                              "Actual Total Time": 108.749,
                              "Actual Rows": 20687,
                              "Actual Loops": 4,
                              "Hash Buckets": 262144,
                              "Original Hash Buckets": 262144,
                              "Hash Batches": 1,
                              "Original Hash Batches": 1,
                              "Peak Memory Usage": 5376,
                              "Plans": [
                                {
                                  "Node Type": "Seq Scan",
                                  "Parent Relationship": "Outer",
                                  "Parallel Aware": true,
                                  "Relation Name": "title",
                                  "Alias": "t",
                                  "Startup Cost": 0.0,
                                  "Total Cost": 45479.1,
                                  "Plan Rows": 50262,
                                  "Plan Width": 4,
                                  "Actual Startup Time": 0.031,
                                  "Actual Total Time": 99.043,
                                  "Actual Rows": 20687,
                                  "Actual Loops": 4,
                                  "Filter": "((kind_id > 1) AND (production_year < 1964))",
                                  "Rows Removed by Filter": 611391
                                }
                              ]
                            }
                          ]
                        }
                      ]
                    }
                  ]
                }
              ]
            }
          ]
        }
      ]
    },
    "Planning Time": 1.483,
    "Triggers": [],
    "Execution Time": 430.197
  }
]