[
    {
        "Bao": {
            "Bao prediction": "NaN",
            "Bao recommended hint": "(no hint)"
        }
    },
    {
        "Plan": {
            "Node Type": "Aggregate",
            "Strategy": "Plain",
            "Partial Mode": "Finalize",
            "Parallel Aware": false,
            "Startup Cost": 33468.32,
            "Total Cost": 33468.33,
            "Plan Rows": 1,
            "Plan Width": 8,
            "Actual Startup Time": 107.22,
            "Actual Total Time": 112.591,
            "Actual Rows": 1,
            "Actual Loops": 1,
            "Output": [
                "count(*)"
            ],
            "Plans": [
                {
                    "Node Type": "Gather",
                    "Parent Relationship": "Outer",
                    "Parallel Aware": false,
                    "Startup Cost": 33468.0,
                    "Total Cost": 33468.31,
                    "Plan Rows": 3,
                    "Plan Width": 8,
                    "Actual Startup Time": 107.121,
                    "Actual Total Time": 112.585,
                    "Actual Rows": 4,
                    "Actual Loops": 1,
                    "Output": [
                        "(PARTIAL count(*))"
                    ],
                    "Workers Planned": 3,
                    "Workers Launched": 3,
                    "Single Copy": false,
                    "Plans": [
                        {
                            "Node Type": "Aggregate",
                            "Strategy": "Plain",
                            "Partial Mode": "Partial",
                            "Parent Relationship": "Outer",
                            "Parallel Aware": false,
                            "Startup Cost": 32468.0,
                            "Total Cost": 32468.01,
                            "Plan Rows": 1,
                            "Plan Width": 8,
                            "Actual Startup Time": 99.003,
                            "Actual Total Time": 99.004,
                            "Actual Rows": 1,
                            "Actual Loops": 4,
                            "Output": [
                                "PARTIAL count(*)"
                            ],
                            "Workers": [
                                {
                                    "Worker Number": 0,
                                    "Actual Startup Time": 96.107,
                                    "Actual Total Time": 96.108,
                                    "Actual Rows": 1,
                                    "Actual Loops": 1
                                },
                                {
                                    "Worker Number": 1,
                                    "Actual Startup Time": 96.105,
                                    "Actual Total Time": 96.106,
                                    "Actual Rows": 1,
                                    "Actual Loops": 1
                                },
                                {
                                    "Worker Number": 2,
                                    "Actual Startup Time": 97.052,
                                    "Actual Total Time": 97.053,
                                    "Actual Rows": 1,
                                    "Actual Loops": 1
                                }
                            ],
                            "Plans": [
                                {
                                    "Node Type": "Seq Scan",
                                    "Parent Relationship": "Outer",
                                    "Parallel Aware": true,
                                    "Relation Name": "movie_companies",
                                    "Schema": "public",
                                    "Alias": "mc",
                                    "Startup Cost": 0.0,
                                    "Total Cost": 31414.82,
                                    "Plan Rows": 421273,
                                    "Plan Width": 0,
                                    "Actual Startup Time": 46.363,
                                    "Actual Total Time": 84.696,
                                    "Actual Rows": 321450,
                                    "Actual Loops": 4,
                                    "Output": [
                                        "id",
                                        "movie_id",
                                        "company_id",
                                        "company_type_id",
                                        "note"
                                    ],
                                    "Filter": "((mc.company_id < 192167) AND (mc.company_type_id > 1))",
                                    "Rows Removed by Filter": 330833,
                                    "Workers": [
                                        {
                                            "Worker Number": 0,
                                            "Actual Startup Time": 43.468,
                                            "Actual Total Time": 82.053,
                                            "Actual Rows": 347432,
                                            "Actual Loops": 1
                                        },
                                        {
                                            "Worker Number": 1,
                                            "Actual Startup Time": 43.472,
                                            "Actual Total Time": 82.0,
                                            "Actual Rows": 213931,
                                            "Actual Loops": 1
                                        },
                                        {
                                            "Worker Number": 2,
                                            "Actual Startup Time": 44.405,
                                            "Actual Total Time": 83.319,
                                            "Actual Rows": 341929,
                                            "Actual Loops": 1
                                        }
                                    ]
                                }
                            ]
                        }
                    ]
                }
            ]
        },
        "Planning Time": 226.546,
        "Triggers": [],
        "Execution Time": 112.647
    }
]