[
  {
    "Plan": {
      "Node Type": "Aggregate",
      "Strategy": "Plain",
      "Partial Mode": "Finalize",
      "Parallel Aware": false,
      "Startup Cost": 217351.93,
      "Total Cost": 217351.94,
      "Plan Rows": 1,
      "Plan Width": 8,
      "Actual Startup Time": 1637.573,
      "Actual Total Time": 1700.816,
      "Actual Rows": 1,
      "Actual Loops": 1,
      "Plans": [
        {
          "Node Type": "Gather",
          "Parent Relationship": "Outer",
          "Parallel Aware": false,
          "Startup Cost": 217351.62,
          "Total Cost": 217351.93,
          "Plan Rows": 3,
          "Plan Width": 8,
          "Actual Startup Time": 1625.578,
          "Actual Total Time": 1700.802,
          "Actual Rows": 4,
          "Actual Loops": 1,
          "Workers Planned": 3,
          "Workers Launched": 3,
          "Single Copy": false,
          "Plans": [
            {
              "Node Type": "Aggregate",
              "Strategy": "Plain",
              "Partial Mode": "Partial",
              "Parent Relationship": "Outer",
              "Parallel Aware": false,
              "Startup Cost": 216351.62,
              "Total Cost": 216351.63,
              "Plan Rows": 1,
              "Plan Width": 8,
              "Actual Startup Time": 1605.136,
              "Actual Total Time": 1605.143,
              "Actual Rows": 1,
              "Actual Loops": 4,
              "Plans": [
                {
                  "Node Type": "Nested Loop",
                  "Parent Relationship": "Outer",
                  "Parallel Aware": false,
                  "Join Type": "Inner",
                  "Startup Cost": 55306.1,
                  "Total Cost": 215951.99,
                  "Plan Rows": 159849,
                  "Plan Width": 0,
                  "Actual Startup Time": 426.011,
                  "Actual Total Time": 1542.464,
                  "Actual Rows": 1116087,
                  "Actual Loops": 4,
                  "Inner Unique": false,
                  "Plans": [
                    {
                      "Node Type": "Hash Join",
                      "Parent Relationship": "Outer",
                      "Parallel Aware": true,
                      "Join Type": "Inner",
                      "Startup Cost": 55305.67,
                      "Total Cost": 80928.65,
                      "Plan Rows": 77288,
                      "Plan Width": 8,
                      "Actual Startup Time": 425.817,
                      "Actual Total Time": 515.214,
                      "Actual Rows": 58658,
                      "Actual Loops": 4,
                      "Inner Unique": true,
                      "Hash Cond": "(mk.movie_id = t.id)",
                      "Plans": [
                        {
                          "Node Type": "Bitmap Heap Scan",
                          "Parent Relationship": "Outer",
                          "Parallel Aware": true,
                          "Relation Name": "movie_keyword",
                          "Alias": "mk",
                          "Startup Cost": 5085.29,
                          "Total Cost": 30505.39,
                          "Plan Rows": 77288,
                          "Plan Width": 4,
                          "Actual Startup Time": 16.498,
                          "Actual Total Time": 59.389,
                          "Actual Rows": 58658,
                          "Actual Loops": 4,
                          "Recheck Cond": "(keyword_id < 188)",
                          "Rows Removed by Index Recheck": 0,
                          "Exact Heap Blocks": 8271,
                          "Lossy Heap Blocks": 0,
                          "Plans": [
                            {
                              "Node Type": "Bitmap Index Scan",
                              "Parent Relationship": "Outer",
                              "Parallel Aware": false,
                              "Index Name": "keyword_id_movie_keyword",
                              "Startup Cost": 0.0,
                              "Total Cost": 5025.39,
                              "Plan Rows": 239594,
                              "Plan Width": 0,
                              "Actual Startup Time": 12.964,
                              "Actual Total Time": 12.965,
                              "Actual Rows": 234634,
                              "Actual Loops": 1,
                              "Index Cond": "(keyword_id < 188)"
                            }
                          ]
                        },
                        {
                          "Node Type": "Hash",
                          "Parent Relationship": "Inner",
                          "Parallel Aware": true,
                          "Startup Cost": 42319.06,
                          "Total Cost": 42319.06,
                          "Plan Rows": 632106,
                          "Plan Width": 4,
                          "Actual Startup Time": 397.786,
                          "Actual Total Time": 397.787,
                          "Actual Rows": 632078,
                          "Actual Loops": 4,
                          "Hash Buckets": 4194304,
                          "Original Hash Buckets": 4194304,
                          "Hash Batches": 1,
                          "Original Hash Batches": 1,
                          "Peak Memory Usage": 131744,
                          "Plans": [
                            {
                              "Node Type": "Seq Scan",
                              "Parent Relationship": "Outer",
                              "Parallel Aware": true,
                              "Relation Name": "title",
                              "Alias": "t",
                              "Startup Cost": 0.0,
                              "Total Cost": 42319.06,
                              "Plan Rows": 632106,
                              "Plan Width": 4,
                              "Actual Startup Time": 0.044,
                              "Actual Total Time": 117.706,
                              "Actual Rows": 632078,
                              "Actual Loops": 4
                            }
                          ]
                        }
                      ]
                    },
                    {
                      "Node Type": "Index Scan",
                      "Parent Relationship": "Inner",
                      "Parallel Aware": false,
                      "Scan Direction": "Forward",
                      "Index Name": "movie_id_movie_info",
                      "Relation Name": "movie_info",
                      "Alias": "mi",
                      "Startup Cost": 0.43,
                      "Total Cost": 1.6,
                      "Plan Rows": 15,
                      "Plan Width": 4,
                      "Actual Startup Time": 0.005,
                      "Actual Total Time": 0.016,
                      "Actual Rows": 19,
                      "Actual Loops": 234634,
                      "Index Cond": "(movie_id = t.id)",
                      "Rows Removed by Index Recheck": 0,
                      "Filter": "(info_type_id > 15)",
                      "Rows Removed by Filter": 19
                    }
                  ]
                }
              ]
            }
          ]
        }
      ]
    },
    "Planning Time": 1.515,
    "Triggers": [],
    "Execution Time": 1700.943
  }
]