{
  "Plan": {
    "Node Type": "Merge Join",
    "Parallel Aware": false,
    "Join Type": "Inner",
    "Startup Cost": 2438935.4,
    "Total Cost": 2561790.18,
    "Plan Rows": 7435358,
    "Plan Width": 4,
    "Actual Startup Time": 13908.278,
    "Actual Total Time": 17741.466,
    "Actual Rows": 15810687,
    "Actual Loops": 1,
    "Inner Unique": false,
    "Merge Cond": "(cn.id = mc.company_id)",
    "Plans": [
      {
        "Node Type": "Index Only Scan",
        "Parent Relationship": "Outer",
        "Parallel Aware": false,
        "Scan Direction": "Forward",
        "Index Name": "company_name_pkey",
        "Relation Name": "company_name",
        "Alias": "cn",
        "Startup Cost": 0.42,
        "Total Cost": 11881.93,
        "Plan Rows": 234997,
        "Plan Width": 4,
        "Actual Startup Time": 0.053,
        "Actual Total Time": 3.964,
        "Actual Rows": 476,
        "Actual Loops": 1,
        "Heap Fetches": 476
      },
      {
        "Node Type": "Sort",
        "Parent Relationship": "Inner",
        "Parallel Aware": false,
        "Startup Cost": 2437798.24,
        "Total Cost": 2456386.63,
        "Plan Rows": 7435358,
        "Plan Width": 4,
        "Actual Startup Time": 13908.171,
        "Actual Total Time": 16133.655,
        "Actual Rows": 15810687,
        "Actual Loops": 1,
        "Sort Key": [
          "mc.company_id"
        ],
        "Sort Method": "quicksort",
        "Sort Space Used": 1134342,
        "Sort Space Type": "Memory",
        "Plans": [
          {
            "Node Type": "Hash Join",
            "Parent Relationship": "Outer",
            "Parallel Aware": false,
            "Join Type": "Inner",
            "Startup Cost": 1477670.49,
            "Total Cost": 1589201.91,
            "Plan Rows": 7435358,
            "Plan Width": 4,
            "Actual Startup Time": 9662.747,
            "Actual Total Time": 10924.762,
            "Actual Rows": 15810687,
            "Actual Loops": 1,
            "Inner Unique": false,
            "Hash Cond": "(ct.id = mc.company_type_id)",
            "Plans": [
              {
                "Node Type": "Seq Scan",
                "Parent Relationship": "Outer",
                "Parallel Aware": false,
                "Relation Name": "company_type",
                "Alias": "ct",
                "Startup Cost": 0.0,
                "Total Cost": 1.04,
                "Plan Rows": 4,
                "Plan Width": 4,
                "Actual Startup Time": 0.012,
                "Actual Total Time": 0.025,
                "Actual Rows": 4,
                "Actual Loops": 1
              },
              {
                "Node Type": "Hash",
                "Parent Relationship": "Inner",
                "Parallel Aware": false,
                "Startup Cost": 1384728.52,
                "Total Cost": 1384728.52,
                "Plan Rows": 7435358,
                "Plan Width": 8,
                "Actual Startup Time": 9598.148,
                "Actual Total Time": 9602.701,
                "Actual Rows": 15810687,
                "Actual Loops": 1,
                "Hash Buckets": 16777216,
                "Original Hash Buckets": 8388608,
                "Hash Batches": 1,
                "Original Hash Batches": 1,
                "Peak Memory Usage": 748677,
                "Plans": [
                  {
                    "Node Type": "Gather",
                    "Parent Relationship": "Outer",
                    "Parallel Aware": false,
                    "Startup Cost": 195665.38,
                    "Total Cost": 1384728.52,
                    "Plan Rows": 7435358,
                    "Plan Width": 8,
                    "Actual Startup Time": 2567.851,
                    "Actual Total Time": 7212.203,
                    "Actual Rows": 15810687,
                    "Actual Loops": 1,
                    "Workers Planned": 6,
                    "Workers Launched": 6,
                    "Single Copy": false,
                    "Plans": [
                      {
                        "Node Type": "Hash Join",
                        "Parent Relationship": "Outer",
                        "Parallel Aware": true,
                        "Join Type": "Inner",
                        "Startup Cost": 194665.38,
                        "Total Cost": 640192.72,
                        "Plan Rows": 1239226,
                        "Plan Width": 8,
                        "Actual Startup Time": 2609.756,
                        "Actual Total Time": 8174.951,
                        "Actual Rows": 2258670,
                        "Actual Loops": 7,
                        "Inner Unique": false,
                        "Hash Cond": "(t.id = mc.movie_id)",
                        "Plans": [
                          {
                            "Node Type": "Hash Join",
                            "Parent Relationship": "Outer",
                            "Parallel Aware": false,
                            "Join Type": "Inner",
                            "Startup Cost": 163263.9,
                            "Total Cost": 574578.88,
                            "Plan Rows": 6042971,
                            "Plan Width": 8,
                            "Actual Startup Time": 2461.899,
                            "Actual Total Time": 6424.263,
                            "Actual Rows": 5177763,
                            "Actual Loops": 7,
                            "Inner Unique": false,
                            "Hash Cond": "(ci.movie_id = t.id)",
                            "Plans": [
                              {
                                "Node Type": "Seq Scan",
                                "Parent Relationship": "Outer",
                                "Parallel Aware": true,
                                "Relation Name": "cast_info",
                                "Alias": "ci",
                                "Startup Cost": 0.0,
                                "Total Cost": 313116.71,
                                "Plan Rows": 6042971,
                                "Plan Width": 4,
                                "Actual Startup Time": 0.065,
                                "Actual Total Time": 707.586,
                                "Actual Rows": 5177763,
                                "Actual Loops": 7
                              },
                              {
                                "Node Type": "Hash",
                                "Parent Relationship": "Inner",
                                "Parallel Aware": false,
                                "Startup Cost": 131657.53,
                                "Total Cost": 131657.53,
                                "Plan Rows": 2528509,
                                "Plan Width": 4,
                                "Actual Startup Time": 2401.739,
                                "Actual Total Time": 2401.745,
                                "Actual Rows": 2528312,
                                "Actual Loops": 7,
                                "Hash Buckets": 4194304,
                                "Original Hash Buckets": 4194304,
                                "Hash Batches": 1,
                                "Original Hash Batches": 1,
                                "Peak Memory Usage": 121654,
                                "Plans": [
                                  {
                                    "Node Type": "Hash Join",
                                    "Parent Relationship": "Outer",
                                    "Parallel Aware": false,
                                    "Join Type": "Inner",
                                    "Startup Cost": 92889.45,
                                    "Total Cost": 131657.53,
                                    "Plan Rows": 2528509,
                                    "Plan Width": 4,
                                    "Actual Startup Time": 1231.186,
                                    "Actual Total Time": 1547.011,
                                    "Actual Rows": 2528312,
                                    "Actual Loops": 7,
                                    "Inner Unique": false,
                                    "Hash Cond": "(kt.id = t.kind_id)",
                                    "Plans": [
                                      {
                                        "Node Type": "Seq Scan",
                                        "Parent Relationship": "Outer",
                                        "Parallel Aware": false,
                                        "Relation Name": "kind_type",
                                        "Alias": "kt",
                                        "Startup Cost": 0.0,
                                        "Total Cost": 1.07,
                                        "Plan Rows": 7,
                                        "Plan Width": 4,
                                        "Actual Startup Time": 0.094,
                                        "Actual Total Time": 0.114,
                                        "Actual Rows": 7,
                                        "Actual Loops": 7
                                      },
                                      {
                                        "Node Type": "Hash",
                                        "Parent Relationship": "Inner",
                                        "Parallel Aware": false,
                                        "Startup Cost": 61283.09,
                                        "Total Cost": 61283.09,
                                        "Plan Rows": 2528509,
                                        "Plan Width": 8,
                                        "Actual Startup Time": 1159.019,
                                        "Actual Total Time": 1159.02,
                                        "Actual Rows": 2528312,
                                        "Actual Loops": 7,
                                        "Hash Buckets": 4194304,
                                        "Original Hash Buckets": 4194304,
                                        "Hash Batches": 1,
                                        "Original Hash Batches": 1,
                                        "Peak Memory Usage": 131531,
                                        "Plans": [
                                          {
                                            "Node Type": "Seq Scan",
                                            "Parent Relationship": "Outer",
                                            "Parallel Aware": false,
                                            "Relation Name": "title",
                                            "Alias": "t",
                                            "Startup Cost": 0.0,
                                            "Total Cost": 61283.09,
                                            "Plan Rows": 2528509,
                                            "Plan Width": 8,
                                            "Actual Startup Time": 0.099,
                                            "Actual Total Time": 605.082,
                                            "Actual Rows": 2528312,
                                            "Actual Loops": 7
                                          }
                                        ]
                                      }
                                    ]
                                  }
                                ]
                              }
                            ]
                          },
                          {
                            "Node Type": "Hash",
                            "Parent Relationship": "Inner",
                            "Parallel Aware": true,
                            "Startup Cost": 29310.68,
                            "Total Cost": 29310.68,
                            "Plan Rows": 167264,
                            "Plan Width": 12,
                            "Actual Startup Time": 145.451,
                            "Actual Total Time": 145.454,
                            "Actual Rows": 74544,
                            "Actual Loops": 7,
                            "Hash Buckets": 524288,
                            "Original Hash Buckets": 524288,
                            "Hash Batches": 1,
                            "Original Hash Batches": 1,
                            "Peak Memory Usage": 28672,
                            "Plans": [
                              {
                                "Node Type": "Seq Scan",
                                "Parent Relationship": "Outer",
                                "Parallel Aware": true,
                                "Relation Name": "movie_companies",
                                "Alias": "mc",
                                "Startup Cost": 0.0,
                                "Total Cost": 29310.68,
                                "Plan Rows": 167264,
                                "Plan Width": 12,
                                "Actual Startup Time": 0.07,
                                "Actual Total Time": 89.664,
                                "Actual Rows": 74544,
                                "Actual Loops": 7,
                                "Filter": "(company_id < 476)",
                                "Rows Removed by Filter": 298189
                              }
                            ]
                          }
                        ]
                      }
                    ]
                  }
                ]
              }
            ]
          }
        ]
      }
    ]
  },
  "Planning Time": 8.22,
  "Triggers": [],
  "Execution Time": 18381.355
}