[
  {
    "Plan": {
      "Node Type": "Aggregate",
      "Strategy": "Plain",
      "Partial Mode": "Finalize",
      "Parallel Aware": false,
      "Startup Cost": 30921.0,
      "Total Cost": 30921.01,
      "Plan Rows": 1,
      "Plan Width": 8,
      "Actual Startup Time": 74.1,
      "Actual Total Time": 80.367,
      "Actual Rows": 1,
      "Actual Loops": 1,
      "Plans": [
        {
          "Node Type": "Gather",
          "Parent Relationship": "Outer",
          "Parallel Aware": false,
          "Startup Cost": 30920.68,
          "Total Cost": 30920.99,
          "Plan Rows": 3,
          "Plan Width": 8,
          "Actual Startup Time": 73.951,
          "Actual Total Time": 80.358,
          "Actual Rows": 4,
          "Actual Loops": 1,
          "Workers Planned": 3,
          "Workers Launched": 3,
          "Single Copy": false,
          "Plans": [
            {
              "Node Type": "Aggregate",
              "Strategy": "Plain",
              "Partial Mode": "Partial",
              "Parent Relationship": "Outer",
              "Parallel Aware": false,
              "Startup Cost": 29920.68,
              "Total Cost": 29920.69,
              "Plan Rows": 1,
              "Plan Width": 8,
              "Actual Startup Time": 70.871,
              "Actual Total Time": 70.872,
              "Actual Rows": 1,
              "Actual Loops": 4,
              "Plans": [
                {
                  "Node Type": "Seq Scan",
                  "Parent Relationship": "Outer",
                  "Parallel Aware": true,
                  "Relation Name": "movie_companies",
                  "Alias": "mc",
                  "Startup Cost": 0.0,
                  "Total Cost": 29310.68,
                  "Plan Rows": 244001,
                  "Plan Width": 0,
                  "Actual Startup Time": 0.016,
                  "Actual Total Time": 61.493,
                  "Actual Rows": 188988,
                  "Actual Loops": 4,
                  "Filter": "(company_id < 1502)",
                  "Rows Removed by Filter": 463294
                }
              ]
            }
          ]
        }
      ]
    },
    "Planning Time": 0.108,
    "Triggers": [],
    "Execution Time": 80.41
  }
]