[
  {
    "Plan": {
      "Node Type": "Aggregate",
      "Strategy": "Plain",
      "Partial Mode": "Simple",
      "Parallel Aware": false,
      "Startup Cost": 18281.48,
      "Total Cost": 18281.49,
      "Plan Rows": 1,
      "Plan Width": 8,
      "Actual Startup Time": 10.118,
      "Actual Total Time": 10.12,
      "Actual Rows": 1,
      "Actual Loops": 1,
      "Plans": [
        {
          "Node Type": "Bitmap Heap Scan",
          "Parent Relationship": "Outer",
          "Parallel Aware": false,
          "Relation Name": "movie_companies",
          "Alias": "mc",
          "Startup Cost": 280.23,
          "Total Cost": 18249.28,
          "Plan Rows": 12878,
          "Plan Width": 0,
          "Actual Startup Time": 1.845,
          "Actual Total Time": 8.225,
          "Actual Rows": 11757,
          "Actual Loops": 1,
          "Recheck Cond": "(company_id > 223860)",
          "Rows Removed by Index Recheck": 0,
          "Exact Heap Blocks": 525,
          "Lossy Heap Blocks": 0,
          "Plans": [
            {
              "Node Type": "Bitmap Index Scan",
              "Parent Relationship": "Outer",
              "Parallel Aware": false,
              "Index Name": "company_id_movie_companies",
              "Startup Cost": 0.0,
              "Total Cost": 277.01,
              "Plan Rows": 12878,
              "Plan Width": 0,
              "Actual Startup Time": 1.636,
              "Actual Total Time": 1.637,
              "Actual Rows": 11757,
              "Actual Loops": 1,
              "Index Cond": "(company_id > 223860)"
            }
          ]
        }
      ]
    },
    "Planning Time": 0.207,
    "Triggers": [],
    "Execution Time": 10.182
  }
]