[
  {
    "Plan": {
      "Node Type": "Aggregate",
      "Strategy": "Plain",
      "Partial Mode": "Finalize",
      "Parallel Aware": false,
      "Startup Cost": 632756.45,
      "Total Cost": 632756.46,
      "Plan Rows": 1,
      "Plan Width": 8,
      "Actual Startup Time": 3359.594,
      "Actual Total Time": 3453.346,
      "Actual Rows": 1,
      "Actual Loops": 1,
      "Plans": [
        {
          "Node Type": "Gather",
          "Parent Relationship": "Outer",
          "Parallel Aware": false,
          "Startup Cost": 632755.83,
          "Total Cost": 632756.44,
          "Plan Rows": 6,
          "Plan Width": 8,
          "Actual Startup Time": 3320.519,
          "Actual Total Time": 3453.332,
          "Actual Rows": 7,
          "Actual Loops": 1,
          "Workers Planned": 6,
          "Workers Launched": 6,
          "Single Copy": false,
          "Plans": [
            {
              "Node Type": "Aggregate",
              "Strategy": "Plain",
              "Partial Mode": "Partial",
              "Parent Relationship": "Outer",
              "Parallel Aware": false,
              "Startup Cost": 631755.83,
              "Total Cost": 631755.84,
              "Plan Rows": 1,
              "Plan Width": 8,
              "Actual Startup Time": 3299.657,
              "Actual Total Time": 3300.381,
              "Actual Rows": 1,
              "Actual Loops": 7,
              "Plans": [
                {
                  "Node Type": "Hash Join",
                  "Parent Relationship": "Outer",
                  "Parallel Aware": true,
                  "Join Type": "Inner",
                  "Startup Cost": 257455.23,
                  "Total Cost": 622342.23,
                  "Plan Rows": 3765438,
                  "Plan Width": 0,
                  "Actual Startup Time": 1009.621,
                  "Actual Total Time": 3039.484,
                  "Actual Rows": 6336295,
                  "Actual Loops": 7,
                  "Inner Unique": false,
                  "Hash Cond": "(ci.movie_id = t.id)",
                  "Plans": [
                    {
                      "Node Type": "Seq Scan",
                      "Parent Relationship": "Outer",
                      "Parallel Aware": true,
                      "Relation Name": "cast_info",
                      "Alias": "ci",
                      "Startup Cost": 0.0,
                      "Total Cost": 343257.03,
                      "Plan Rows": 3759758,
                      "Plan Width": 4,
                      "Actual Startup Time": 202.622,
                      "Actual Total Time": 687.087,
                      "Actual Rows": 3116061,
                      "Actual Loops": 7,
                      "Filter": "((person_id < 3713056) AND (role_id > 1))",
                      "Rows Removed by Filter": 2061703
                    },
                    {
                      "Node Type": "Hash",
                      "Parent Relationship": "Inner",
                      "Parallel Aware": true,
                      "Startup Cost": 251124.94,
                      "Total Cost": 251124.94,
                      "Plan Rows": 506423,
                      "Plan Width": 8,
                      "Actual Startup Time": 800.195,
                      "Actual Total Time": 800.917,
                      "Actual Rows": 377928,
                      "Actual Loops": 7,
                      "Hash Buckets": 4194304,
                      "Original Hash Buckets": 4194304,
                      "Hash Batches": 1,
                      "Original Hash Batches": 1,
                      "Peak Memory Usage": 136384,
                      "Plans": [
                        {
                          "Node Type": "Hash Join",
                          "Parent Relationship": "Outer",
                          "Parallel Aware": true,
                          "Join Type": "Inner",
                          "Startup Cost": 50607.04,
                          "Total Cost": 251124.94,
                          "Plan Rows": 506423,
                          "Plan Width": 8,
                          "Actual Startup Time": 290.237,
                          "Actual Total Time": 653.416,
                          "Actual Rows": 377928,
                          "Actual Loops": 7,
                          "Inner Unique": true,
                          "Hash Cond": "(mi.movie_id = t.id)",
                          "Plans": [
                            {
                              "Node Type": "Seq Scan",
                              "Parent Relationship": "Outer",
                              "Parallel Aware": true,
                              "Relation Name": "movie_info",
                              "Alias": "mi",
                              "Startup Cost": 0.0,
                              "Total Cost": 198952.16,
                              "Plan Rows": 596472,
                              "Plan Width": 4,
                              "Actual Startup Time": 61.632,
                              "Actual Total Time": 266.552,
                              "Actual Rows": 433817,
                              "Actual Loops": 7,
                              "Filter": "(info_type_id = 16)",
                              "Rows Removed by Filter": 1685572
                            },
                            {
                              "Node Type": "Hash",
                              "Parent Relationship": "Inner",
                              "Parallel Aware": true,
                              "Startup Cost": 43898.92,
                              "Total Cost": 43898.92,
                              "Plan Rows": 536650,
                              "Plan Width": 4,
                              "Actual Startup Time": 225.246,
                              "Actual Total Time": 225.247,
                              "Actual Rows": 304710,
                              "Actual Loops": 7,
                              "Hash Buckets": 4194304,
                              "Original Hash Buckets": 4194304,
                              "Hash Batches": 1,
                              "Original Hash Batches": 1,
                              "Peak Memory Usage": 116352,
                              "Plans": [
                                {
                                  "Node Type": "Seq Scan",
                                  "Parent Relationship": "Outer",
                                  "Parallel Aware": true,
                                  "Relation Name": "title",
                                  "Alias": "t",
                                  "Startup Cost": 0.0,
                                  "Total Cost": 43898.92,
                                  "Plan Rows": 536650,
                                  "Plan Width": 4,
                                  "Actual Startup Time": 0.042,
                                  "Actual Total Time": 77.01,
                                  "Actual Rows": 304710,
                                  "Actual Loops": 7,
                                  "Filter": "(production_year > 1966)",
                                  "Rows Removed by Filter": 56477
                                }
                              ]
                            }
                          ]
                        }
                      ]
                    }
                  ]
                }
              ]
            }
          ]
        }
      ]
    },
    "Planning Time": 1.402,
    "Triggers": [],
    "Execution Time": 3453.453
  }
]