{
  "Plan": {
    "Node Type": "Aggregate",
    "Strategy": "Plain",
    "Partial Mode": "Finalize",
    "Parallel Aware": false,
    "Startup Cost": 165577.92,
    "Total Cost": 165577.93,
    "Plan Rows": 1,
    "Plan Width": 8,
    "Actual Startup Time": 927.404,
    "Actual Total Time": 942.566,
    "Actual Rows": 1,
    "Actual Loops": 1,
    "Plans": [
      {
        "Node Type": "Gather",
        "Parent Relationship": "Outer",
        "Parallel Aware": false,
        "Startup Cost": 165577.81,
        "Total Cost": 165577.92,
        "Plan Rows": 1,
        "Plan Width": 8,
        "Actual Startup Time": 923.154,
        "Actual Total Time": 942.557,
        "Actual Rows": 2,
        "Actual Loops": 1,
        "Workers Planned": 1,
        "Workers Launched": 1,
        "Single Copy": false,
        "Plans": [
          {
            "Node Type": "Aggregate",
            "Strategy": "Plain",
            "Partial Mode": "Partial",
            "Parent Relationship": "Outer",
            "Parallel Aware": false,
            "Startup Cost": 164577.81,
            "Total Cost": 164577.82,
            "Plan Rows": 1,
            "Plan Width": 8,
            "Actual Startup Time": 917.529,
            "Actual Total Time": 918.081,
            "Actual Rows": 1,
            "Actual Loops": 2,
            "Plans": [
              {
                "Node Type": "Hash Join",
                "Parent Relationship": "Outer",
                "Parallel Aware": true,
                "Join Type": "Inner",
                "Startup Cost": 127580.35,
                "Total Cost": 164302.43,
                "Plan Rows": 110153,
                "Plan Width": 0,
                "Actual Startup Time": 736.62,
                "Actual Total Time": 902.604,
                "Actual Rows": 379126,
                "Actual Loops": 2,
                "Inner Unique": false,
                "Hash Cond": "(ci.movie_id = t.id)",
                "Plans": [
                  {
                    "Node Type": "Index Scan",
                    "Parent Relationship": "Outer",
                    "Parallel Aware": true,
                    "Scan Direction": "Forward",
                    "Index Name": "role_id_cast_info",
                    "Relation Name": "cast_info",
                    "Alias": "ci",
                    "Startup Cost": 0.56,
                    "Total Cost": 34044.81,
                    "Plan Rows": 541300,
                    "Plan Width": 4,
                    "Actual Startup Time": 0.062,
                    "Actual Total Time": 73.051,
                    "Actual Rows": 266690,
                    "Actual Loops": 2,
                    "Index Cond": "(role_id = 9)",
                    "Rows Removed by Index Recheck": 0,
                    "Filter": "(person_id < 3232554)",
                    "Rows Removed by Filter": 280088
                  },
                  {
                    "Node Type": "Hash",
                    "Parent Relationship": "Inner",
                    "Parallel Aware": true,
                    "Startup Cost": 123796.7,
                    "Total Cost": 123796.7,
                    "Plan Rows": 302647,
                    "Plan Width": 8,
                    "Actual Startup Time": 730.866,
                    "Actual Total Time": 731.416,
                    "Actual Rows": 661826,
                    "Actual Loops": 2,
                    "Hash Buckets": 2097152,
                    "Original Hash Buckets": 524288,
                    "Hash Batches": 1,
                    "Original Hash Batches": 1,
                    "Peak Memory Usage": 80480,
                    "Plans": [
                      {
                        "Node Type": "Hash Join",
                        "Parent Relationship": "Outer",
                        "Parallel Aware": true,
                        "Join Type": "Inner",
                        "Startup Cost": 62768.72,
                        "Total Cost": 123796.7,
                        "Plan Rows": 302647,
                        "Plan Width": 8,
                        "Actual Startup Time": 237.723,
                        "Actual Total Time": 585.458,
                        "Actual Rows": 661826,
                        "Actual Loops": 2,
                        "Inner Unique": true,
                        "Hash Cond": "(mk.movie_id = t.id)",
                        "Plans": [
                          {
                            "Node Type": "Seq Scan",
                            "Parent Relationship": "Outer",
                            "Parallel Aware": true,
                            "Relation Name": "movie_keyword",
                            "Alias": "mk",
                            "Startup Cost": 0.0,
                            "Total Cost": 57718.19,
                            "Plan Rows": 1260871,
                            "Plan Width": 4,
                            "Actual Startup Time": 0.449,
                            "Actual Total Time": 185.35,
                            "Actual Rows": 1072588,
                            "Actual Loops": 2,
                            "Filter": "(keyword_id > 5447)",
                            "Rows Removed by Filter": 1189377
                          },
                          {
                            "Node Type": "Hash",
                            "Parent Relationship": "Inner",
                            "Parallel Aware": true,
                            "Startup Cost": 58306.47,
                            "Total Cost": 58306.47,
                            "Plan Rows": 356980,
                            "Plan Width": 4,
                            "Actual Startup Time": 230.559,
                            "Actual Total Time": 230.56,
                            "Actual Rows": 325109,
                            "Actual Loops": 2,
                            "Hash Buckets": 1048576,
                            "Original Hash Buckets": 1048576,
                            "Hash Batches": 1,
                            "Original Hash Batches": 1,
                            "Peak Memory Usage": 33664,
                            "Plans": [
                              {
                                "Node Type": "Seq Scan",
                                "Parent Relationship": "Outer",
                                "Parallel Aware": true,
                                "Relation Name": "title",
                                "Alias": "t",
                                "Startup Cost": 0.0,
                                "Total Cost": 58306.47,
                                "Plan Rows": 356980,
                                "Plan Width": 4,
                                "Actual Startup Time": 0.04,
                                "Actual Total Time": 145.763,
                                "Actual Rows": 325109,
                                "Actual Loops": 2,
                                "Filter": "((kind_id < 4) AND (production_year < 2009))",
                                "Rows Removed by Filter": 939047
                              }
                            ]
                          }
                        ]
                      }
                    ]
                  }
                ]
              }
            ]
          }
        ]
      }
    ]
  },
  "Planning Time": 0.981,
  "Triggers": [],
  "Execution Time": 942.652
}