[
  {
    "Plan": {
      "Node Type": "Aggregate",
      "Strategy": "Plain",
      "Partial Mode": "Finalize",
      "Parallel Aware": false,
      "Startup Cost": 33366.99,
      "Total Cost": 33367.0,
      "Plan Rows": 1,
      "Plan Width": 8,
      "Actual Startup Time": 108.559,
      "Actual Total Time": 116.297,
      "Actual Rows": 1,
      "Actual Loops": 1,
      "Plans": [
        {
          "Node Type": "Gather",
          "Parent Relationship": "Outer",
          "Parallel Aware": false,
          "Startup Cost": 33366.68,
          "Total Cost": 33366.99,
          "Plan Rows": 3,
          "Plan Width": 8,
          "Actual Startup Time": 108.428,
          "Actual Total Time": 116.289,
          "Actual Rows": 4,
          "Actual Loops": 1,
          "Workers Planned": 3,
          "Workers Launched": 3,
          "Single Copy": false,
          "Plans": [
            {
              "Node Type": "Aggregate",
              "Strategy": "Plain",
              "Partial Mode": "Partial",
              "Parent Relationship": "Outer",
              "Parallel Aware": false,
              "Startup Cost": 32366.68,
              "Total Cost": 32366.69,
              "Plan Rows": 1,
              "Plan Width": 8,
              "Actual Startup Time": 100.05,
              "Actual Total Time": 100.051,
              "Actual Rows": 1,
              "Actual Loops": 4,
              "Plans": [
                {
                  "Node Type": "Seq Scan",
                  "Parent Relationship": "Outer",
                  "Parallel Aware": true,
                  "Relation Name": "movie_companies",
                  "Alias": "mc",
                  "Startup Cost": 0.0,
                  "Total Cost": 31414.82,
                  "Plan Rows": 380743,
                  "Plan Width": 0,
                  "Actual Startup Time": 51.049,
                  "Actual Total Time": 88.831,
                  "Actual Rows": 263251,
                  "Actual Loops": 4,
                  "Filter": "((company_id < 95714) AND (company_type_id = 2))",
                  "Rows Removed by Filter": 389032
                }
              ]
            }
          ]
        }
      ]
    },
    "Planning Time": 0.243,
    "Triggers": [],
    "Execution Time": 116.352
  }
]