[
  {
    "Plan": {
      "Node Type": "Aggregate",
      "Strategy": "Plain",
      "Partial Mode": "Finalize",
      "Parallel Aware": false,
      "Startup Cost": 361053.09,
      "Total Cost": 361053.1,
      "Plan Rows": 1,
      "Plan Width": 8,
      "Actual Startup Time": 793.423,
      "Actual Total Time": 813.405,
      "Actual Rows": 1,
      "Actual Loops": 1,
      "Plans": [
        {
          "Node Type": "Gather",
          "Parent Relationship": "Outer",
          "Parallel Aware": false,
          "Startup Cost": 361052.88,
          "Total Cost": 361053.09,
          "Plan Rows": 2,
          "Plan Width": 8,
          "Actual Startup Time": 784.585,
          "Actual Total Time": 813.394,
          "Actual Rows": 3,
          "Actual Loops": 1,
          "Workers Planned": 2,
          "Workers Launched": 2,
          "Single Copy": false,
          "Plans": [
            {
              "Node Type": "Aggregate",
              "Strategy": "Plain",
              "Partial Mode": "Partial",
              "Parent Relationship": "Outer",
              "Parallel Aware": false,
              "Startup Cost": 360052.88,
              "Total Cost": 360052.89,
              "Plan Rows": 1,
              "Plan Width": 8,
              "Actual Startup Time": 777.114,
              "Actual Total Time": 777.263,
              "Actual Rows": 1,
              "Actual Loops": 3,
              "Plans": [
                {
                  "Node Type": "Hash Join",
                  "Parent Relationship": "Outer",
                  "Parallel Aware": true,
                  "Join Type": "Inner",
                  "Startup Cost": 343260.68,
                  "Total Cost": 359482.43,
                  "Plan Rows": 228179,
                  "Plan Width": 0,
                  "Actual Startup Time": 666.841,
                  "Actual Total Time": 769.571,
                  "Actual Rows": 186819,
                  "Actual Loops": 3,
                  "Inner Unique": false,
                  "Hash Cond": "(mi_idx.movie_id = t.id)",
                  "Plans": [
                    {
                      "Node Type": "Seq Scan",
                      "Parent Relationship": "Outer",
                      "Parallel Aware": true,
                      "Relation Name": "movie_info_idx",
                      "Alias": "mi_idx",
                      "Startup Cost": 0.0,
                      "Total Cost": 13685.15,
                      "Plan Rows": 575015,
                      "Plan Width": 4,
                      "Actual Startup Time": 0.016,
                      "Actual Total Time": 36.191,
                      "Actual Rows": 460012,
                      "Actual Loops": 3
                    },
                    {
                      "Node Type": "Hash",
                      "Parent Relationship": "Inner",
                      "Parallel Aware": true,
                      "Startup Cost": 341170.39,
                      "Total Cost": 341170.39,
                      "Plan Rows": 167223,
                      "Plan Width": 8,
                      "Actual Startup Time": 660.081,
                      "Actual Total Time": 660.228,
                      "Actual Rows": 150655,
                      "Actual Loops": 3,
                      "Hash Buckets": 1048576,
                      "Original Hash Buckets": 1048576,
                      "Hash Batches": 1,
                      "Original Hash Batches": 1,
                      "Peak Memory Usage": 25920,
                      "Plans": [
                        {
                          "Node Type": "Hash Join",
                          "Parent Relationship": "Outer",
                          "Parallel Aware": true,
                          "Join Type": "Inner",
                          "Startup Cost": 84183.27,
                          "Total Cost": 341170.39,
                          "Plan Rows": 167223,
                          "Plan Width": 8,
                          "Actual Startup Time": 501.944,
                          "Actual Total Time": 614.307,
                          "Actual Rows": 150655,
                          "Actual Loops": 3,
                          "Inner Unique": true,
                          "Hash Cond": "(ci.movie_id = t.id)",
                          "Plans": [
                            {
                              "Node Type": "Bitmap Heap Scan",
                              "Parent Relationship": "Outer",
                              "Parallel Aware": true,
                              "Relation Name": "cast_info",
                              "Alias": "ci",
                              "Startup Cost": 33962.89,
                              "Total Cost": 290511.05,
                              "Plan Rows": 167223,
                              "Plan Width": 4,
                              "Actual Startup Time": 107.258,
                              "Actual Total Time": 143.78,
                              "Actual Rows": 150655,
                              "Actual Loops": 3,
                              "Recheck Cond": "(person_id < 158687)",
                              "Rows Removed by Index Recheck": 0,
                              "Filter": "(role_id > 1)",
                              "Rows Removed by Filter": 380899,
                              "Exact Heap Blocks": 7639,
                              "Lossy Heap Blocks": 0,
                              "Plans": [
                                {
                                  "Node Type": "Bitmap Index Scan",
                                  "Parent Relationship": "Outer",
                                  "Parallel Aware": false,
                                  "Index Name": "person_id_cast_info",
                                  "Startup Cost": 0.0,
                                  "Total Cost": 33712.05,
                                  "Plan Rows": 1544465,
                                  "Plan Width": 0,
                                  "Actual Startup Time": 50.08,
                                  "Actual Total Time": 50.081,
                                  "Actual Rows": 1594662,
                                  "Actual Loops": 1,
                                  "Index Cond": "(person_id < 158687)"
                                }
                              ]
                            },
                            {
                              "Node Type": "Hash",
                              "Parent Relationship": "Inner",
                              "Parallel Aware": true,
                              "Startup Cost": 42319.06,
                              "Total Cost": 42319.06,
                              "Plan Rows": 632106,
                              "Plan Width": 4,
                              "Actual Startup Time": 383.583,
                              "Actual Total Time": 383.584,
                              "Actual Rows": 842771,
                              "Actual Loops": 3,
                              "Hash Buckets": 4194304,
                              "Original Hash Buckets": 4194304,
                              "Hash Batches": 1,
                              "Original Hash Batches": 1,
                              "Peak Memory Usage": 131712,
                              "Plans": [
                                {
                                  "Node Type": "Seq Scan",
                                  "Parent Relationship": "Outer",
                                  "Parallel Aware": true,
                                  "Relation Name": "title",
                                  "Alias": "t",
                                  "Startup Cost": 0.0,
                                  "Total Cost": 42319.06,
                                  "Plan Rows": 632106,
                                  "Plan Width": 4,
                                  "Actual Startup Time": 0.046,
                                  "Actual Total Time": 110.123,
                                  "Actual Rows": 842771,
                                  "Actual Loops": 3
                                }
                              ]
                            }
                          ]
                        }
                      ]
                    }
                  ]
                }
              ]
            }
          ]
        }
      ]
    },
    "Planning Time": 1.194,
    "Triggers": [],
    "Execution Time": 813.507
  }
]