[
  {
    "Plan": {
      "Node Type": "Aggregate",
      "Strategy": "Plain",
      "Partial Mode": "Finalize",
      "Parallel Aware": false,
      "Startup Cost": 378564.97,
      "Total Cost": 378564.98,
      "Plan Rows": 1,
      "Plan Width": 8,
      "Actual Startup Time": 1493.116,
      "Actual Total Time": 1576.863,
      "Actual Rows": 1,
      "Actual Loops": 1,
      "Plans": [
        {
          "Node Type": "Gather",
          "Parent Relationship": "Outer",
          "Parallel Aware": false,
          "Startup Cost": 378564.55,
          "Total Cost": 378564.96,
          "Plan Rows": 4,
          "Plan Width": 8,
          "Actual Startup Time": 1491.559,
          "Actual Total Time": 1576.85,
          "Actual Rows": 5,
          "Actual Loops": 1,
          "Workers Planned": 4,
          "Workers Launched": 4,
          "Single Copy": false,
          "Plans": [
            {
              "Node Type": "Aggregate",
              "Strategy": "Plain",
              "Partial Mode": "Partial",
              "Parent Relationship": "Outer",
              "Parallel Aware": false,
              "Startup Cost": 377564.55,
              "Total Cost": 377564.56,
              "Plan Rows": 1,
              "Plan Width": 8,
              "Actual Startup Time": 1391.976,
              "Actual Total Time": 1391.979,
              "Actual Rows": 1,
              "Actual Loops": 5,
              "Plans": [
                {
                  "Node Type": "Nested Loop",
                  "Parent Relationship": "Outer",
                  "Parallel Aware": false,
                  "Join Type": "Inner",
                  "Startup Cost": 12.7,
                  "Total Cost": 377477.67,
                  "Plan Rows": 34752,
                  "Plan Width": 0,
                  "Actual Startup Time": 3.882,
                  "Actual Total Time": 1387.576,
                  "Actual Rows": 59521,
                  "Actual Loops": 5,
                  "Inner Unique": false,
                  "Join Filter": "(t.id = ci.movie_id)",
                  "Rows Removed by Join Filter": 0,
                  "Plans": [
                    {
                      "Node Type": "Merge Join",
                      "Parent Relationship": "Outer",
                      "Parallel Aware": false,
                      "Join Type": "Inner",
                      "Startup Cost": 12.14,
                      "Total Cost": 155048.15,
                      "Plan Rows": 73246,
                      "Plan Width": 8,
                      "Actual Startup Time": 2.687,
                      "Actual Total Time": 547.448,
                      "Actual Rows": 28690,
                      "Actual Loops": 5,
                      "Inner Unique": false,
                      "Merge Cond": "(t.id = mi_idx.movie_id)",
                      "Plans": [
                        {
                          "Node Type": "Index Scan",
                          "Parent Relationship": "Outer",
                          "Parallel Aware": true,
                          "Scan Direction": "Forward",
                          "Index Name": "title_pkey",
                          "Relation Name": "title",
                          "Alias": "t",
                          "Startup Cost": 0.43,
                          "Total Cost": 94549.76,
                          "Plan Rows": 202207,
                          "Plan Width": 4,
                          "Actual Startup Time": 0.074,
                          "Actual Total Time": 360.644,
                          "Actual Rows": 176388,
                          "Actual Loops": 5,
                          "Filter": "((production_year > 2001) AND (kind_id = 7))",
                          "Rows Removed by Filter": 329184
                        },
                        {
                          "Node Type": "Index Scan",
                          "Parent Relationship": "Inner",
                          "Parallel Aware": false,
                          "Scan Direction": "Forward",
                          "Index Name": "movie_id_movie_info_idx",
                          "Relation Name": "movie_info_idx",
                          "Alias": "mi_idx",
                          "Startup Cost": 0.43,
                          "Total Cost": 57071.77,
                          "Plan Rows": 915883,
                          "Plan Width": 4,
                          "Actual Startup Time": 0.11,
                          "Actual Total Time": 144.316,
                          "Actual Rows": 583170,
                          "Actual Loops": 5,
                          "Filter": "(info_type_id < 101)",
                          "Rows Removed by Filter": 291689
                        }
                      ]
                    },
                    {
                      "Node Type": "Index Scan",
                      "Parent Relationship": "Inner",
                      "Parallel Aware": false,
                      "Scan Direction": "Forward",
                      "Index Name": "movie_id_cast_info",
                      "Relation Name": "cast_info",
                      "Alias": "ci",
                      "Startup Cost": 0.56,
                      "Total Cost": 3.02,
                      "Plan Rows": 1,
                      "Plan Width": 4,
                      "Actual Startup Time": 0.007,
                      "Actual Total Time": 0.029,
                      "Actual Rows": 2,
                      "Actual Loops": 143450,
                      "Index Cond": "(movie_id = mi_idx.movie_id)",
                      "Rows Removed by Index Recheck": 0,
                      "Filter": "((person_id < 340445) AND (role_id < 2))",
                      "Rows Removed by Filter": 39
                    }
                  ]
                }
              ]
            }
          ]
        }
      ]
    },
    "Planning Time": 0.793,
    "Triggers": [],
    "Execution Time": 1576.947
  }
]