[
  {
    "Plan": {
      "Node Type": "Aggregate",
      "Strategy": "Plain",
      "Partial Mode": "Finalize",
      "Parallel Aware": false,
      "Startup Cost": 249914.91,
      "Total Cost": 249914.92,
      "Plan Rows": 1,
      "Plan Width": 8,
      "Actual Startup Time": 550.498,
      "Actual Total Time": 567.584,
      "Actual Rows": 1,
      "Actual Loops": 1,
      "Plans": [
        {
          "Node Type": "Gather",
          "Parent Relationship": "Outer",
          "Parallel Aware": false,
          "Startup Cost": 249914.39,
          "Total Cost": 249914.9,
          "Plan Rows": 5,
          "Plan Width": 8,
          "Actual Startup Time": 545.431,
          "Actual Total Time": 567.575,
          "Actual Rows": 6,
          "Actual Loops": 1,
          "Workers Planned": 5,
          "Workers Launched": 5,
          "Single Copy": false,
          "Plans": [
            {
              "Node Type": "Aggregate",
              "Strategy": "Plain",
              "Partial Mode": "Partial",
              "Parent Relationship": "Outer",
              "Parallel Aware": false,
              "Startup Cost": 248914.39,
              "Total Cost": 248914.4,
              "Plan Rows": 1,
              "Plan Width": 8,
              "Actual Startup Time": 538.021,
              "Actual Total Time": 538.023,
              "Actual Rows": 1,
              "Actual Loops": 6,
              "Plans": [
                {
                  "Node Type": "Hash Join",
                  "Parent Relationship": "Outer",
                  "Parallel Aware": true,
                  "Join Type": "Inner",
                  "Startup Cost": 47653.38,
                  "Total Cost": 248420.12,
                  "Plan Rows": 197708,
                  "Plan Width": 0,
                  "Actual Startup Time": 135.111,
                  "Actual Total Time": 523.358,
                  "Actual Rows": 331627,
                  "Actual Loops": 6,
                  "Inner Unique": true,
                  "Hash Cond": "(mi.movie_id = t.id)",
                  "Plans": [
                    {
                      "Node Type": "Seq Scan",
                      "Parent Relationship": "Outer",
                      "Parallel Aware": true,
                      "Relation Name": "movie_info",
                      "Alias": "mi",
                      "Startup Cost": 0.0,
                      "Total Cost": 198880.74,
                      "Plan Rows": 718477,
                      "Plan Width": 4,
                      "Actual Startup Time": 26.316,
                      "Actual Total Time": 288.35,
                      "Actual Rows": 604163,
                      "Actual Loops": 6,
                      "Filter": "(info_type_id < 4)",
                      "Rows Removed by Filter": 1868457
                    },
                    {
                      "Node Type": "Hash",
                      "Parent Relationship": "Inner",
                      "Parallel Aware": true,
                      "Startup Cost": 45479.21,
                      "Total Cost": 45479.21,
                      "Plan Rows": 173934,
                      "Plan Width": 4,
                      "Actual Startup Time": 106.92,
                      "Actual Total Time": 106.921,
                      "Actual Rows": 99194,
                      "Actual Loops": 6,
                      "Hash Buckets": 1048576,
                      "Original Hash Buckets": 1048576,
                      "Hash Batches": 1,
                      "Original Hash Batches": 1,
                      "Peak Memory Usage": 31584,
                      "Plans": [
                        {
                          "Node Type": "Seq Scan",
                          "Parent Relationship": "Outer",
                          "Parallel Aware": true,
                          "Relation Name": "title",
                          "Alias": "t",
                          "Startup Cost": 0.0,
                          "Total Cost": 45479.21,
                          "Plan Rows": 173934,
                          "Plan Width": 4,
                          "Actual Startup Time": 0.038,
                          "Actual Total Time": 72.276,
                          "Actual Rows": 99194,
                          "Actual Loops": 6,
                          "Filter": "((kind_id < 7) AND (production_year > 1989))",
                          "Rows Removed by Filter": 322191
                        }
                      ]
                    }
                  ]
                }
              ]
            }
          ]
        }
      ]
    },
    "Planning Time": 0.24,
    "Triggers": [],
    "Execution Time": 567.622
  }
]