[
  {
    "Plan": {
      "Node Type": "Aggregate",
      "Strategy": "Plain",
      "Partial Mode": "Finalize",
      "Parallel Aware": false,
      "Startup Cost": 83585.05,
      "Total Cost": 83585.06,
      "Plan Rows": 1,
      "Plan Width": 8,
      "Actual Startup Time": 365.332,
      "Actual Total Time": 381.138,
      "Actual Rows": 1,
      "Actual Loops": 1,
      "Plans": [
        {
          "Node Type": "Gather",
          "Parent Relationship": "Outer",
          "Parallel Aware": false,
          "Startup Cost": 83584.63,
          "Total Cost": 83585.04,
          "Plan Rows": 4,
          "Plan Width": 8,
          "Actual Startup Time": 358.231,
          "Actual Total Time": 381.128,
          "Actual Rows": 5,
          "Actual Loops": 1,
          "Workers Planned": 4,
          "Workers Launched": 4,
          "Single Copy": false,
          "Plans": [
            {
              "Node Type": "Aggregate",
              "Strategy": "Plain",
              "Partial Mode": "Partial",
              "Parent Relationship": "Outer",
              "Parallel Aware": false,
              "Startup Cost": 82584.63,
              "Total Cost": 82584.64,
              "Plan Rows": 1,
              "Plan Width": 8,
              "Actual Startup Time": 348.477,
              "Actual Total Time": 348.48,
              "Actual Rows": 1,
              "Actual Loops": 5,
              "Plans": [
                {
                  "Node Type": "Hash Join",
                  "Parent Relationship": "Outer",
                  "Parallel Aware": true,
                  "Join Type": "Inner",
                  "Startup Cost": 35614.61,
                  "Total Cost": 81933.66,
                  "Plan Rows": 260387,
                  "Plan Width": 0,
                  "Actual Startup Time": 137.4,
                  "Actual Total Time": 340.736,
                  "Actual Rows": 182803,
                  "Actual Loops": 5,
                  "Inner Unique": false,
                  "Hash Cond": "(t.id = mc.movie_id)",
                  "Plans": [
                    {
                      "Node Type": "Seq Scan",
                      "Parent Relationship": "Outer",
                      "Parallel Aware": true,
                      "Relation Name": "title",
                      "Alias": "t",
                      "Startup Cost": 0.0,
                      "Total Cost": 42318.73,
                      "Plan Rows": 632073,
                      "Plan Width": 4,
                      "Actual Startup Time": 0.013,
                      "Actual Total Time": 62.739,
                      "Actual Rows": 505662,
                      "Actual Loops": 5
                    },
                    {
                      "Node Type": "Hash",
                      "Parent Relationship": "Inner",
                      "Parallel Aware": true,
                      "Startup Cost": 31414.82,
                      "Total Cost": 31414.82,
                      "Plan Rows": 335983,
                      "Plan Width": 4,
                      "Actual Startup Time": 132.838,
                      "Actual Total Time": 132.839,
                      "Actual Rows": 182803,
                      "Actual Loops": 5,
                      "Hash Buckets": 1048576,
                      "Original Hash Buckets": 1048576,
                      "Hash Batches": 1,
                      "Original Hash Batches": 1,
                      "Peak Memory Usage": 44032,
                      "Plans": [
                        {
                          "Node Type": "Seq Scan",
                          "Parent Relationship": "Outer",
                          "Parallel Aware": true,
                          "Relation Name": "movie_companies",
                          "Alias": "mc",
                          "Startup Cost": 0.0,
                          "Total Cost": 31414.82,
                          "Plan Rows": 335983,
                          "Plan Width": 4,
                          "Actual Startup Time": 0.225,
                          "Actual Total Time": 70.757,
                          "Actual Rows": 182803,
                          "Actual Loops": 5,
                          "Filter": "((company_id > 428) AND (company_type_id = 1))",
                          "Rows Removed by Filter": 339022
                        }
                      ]
                    }
                  ]
                }
              ]
            }
          ]
        }
      ]
    },
    "Planning Time": 0.689,
    "Triggers": [],
    "Execution Time": 381.213
  }
]