[
  {
    "Plan": {
      "Node Type": "Aggregate",
      "Strategy": "Plain",
      "Partial Mode": "Finalize",
      "Parallel Aware": false,
      "Startup Cost": 383641.79,
      "Total Cost": 383641.8,
      "Plan Rows": 1,
      "Plan Width": 8,
      "Actual Startup Time": 595.243,
      "Actual Total Time": 626.659,
      "Actual Rows": 1,
      "Actual Loops": 1,
      "Plans": [
        {
          "Node Type": "Gather",
          "Parent Relationship": "Outer",
          "Parallel Aware": false,
          "Startup Cost": 383641.17,
          "Total Cost": 383641.78,
          "Plan Rows": 6,
          "Plan Width": 8,
          "Actual Startup Time": 593.953,
          "Actual Total Time": 626.649,
          "Actual Rows": 7,
          "Actual Loops": 1,
          "Workers Planned": 6,
          "Workers Launched": 6,
          "Single Copy": false,
          "Plans": [
            {
              "Node Type": "Aggregate",
              "Strategy": "Plain",
              "Partial Mode": "Partial",
              "Parent Relationship": "Outer",
              "Parallel Aware": false,
              "Startup Cost": 382641.17,
              "Total Cost": 382641.18,
              "Plan Rows": 1,
              "Plan Width": 8,
              "Actual Startup Time": 583.27,
              "Actual Total Time": 583.274,
              "Actual Rows": 1,
              "Actual Loops": 7,
              "Plans": [
                {
                  "Node Type": "Hash Join",
                  "Parent Relationship": "Outer",
                  "Parallel Aware": true,
                  "Join Type": "Inner",
                  "Startup Cost": 46226.58,
                  "Total Cost": 382543.73,
                  "Plan Rows": 38973,
                  "Plan Width": 0,
                  "Actual Startup Time": 88.321,
                  "Actual Total Time": 580.221,
                  "Actual Rows": 61917,
                  "Actual Loops": 7,
                  "Inner Unique": true,
                  "Hash Cond": "(ci.movie_id = t.id)",
                  "Plans": [
                    {
                      "Node Type": "Index Scan",
                      "Parent Relationship": "Outer",
                      "Parallel Aware": true,
                      "Scan Direction": "Forward",
                      "Index Name": "role_id_cast_info",
                      "Relation Name": "cast_info",
                      "Alias": "ci",
                      "Startup Cost": 0.56,
                      "Total Cost": 335235.55,
                      "Plan Rows": 412257,
                      "Plan Width": 4,
                      "Actual Startup Time": 0.285,
                      "Actual Total Time": 364.584,
                      "Actual Rows": 759473,
                      "Actual Loops": 7,
                      "Index Cond": "(role_id = 1)",
                      "Rows Removed by Index Recheck": 0,
                      "Filter": "(person_id < 713413)",
                      "Rows Removed by Filter": 1050626
                    },
                    {
                      "Node Type": "Hash",
                      "Parent Relationship": "Inner",
                      "Parallel Aware": true,
                      "Startup Cost": 45479.1,
                      "Total Cost": 45479.1,
                      "Plan Rows": 59753,
                      "Plan Width": 4,
                      "Actual Startup Time": 86.405,
                      "Actual Total Time": 86.407,
                      "Actual Rows": 28595,
                      "Actual Loops": 7,
                      "Hash Buckets": 262144,
                      "Original Hash Buckets": 262144,
                      "Hash Batches": 1,
                      "Original Hash Batches": 1,
                      "Peak Memory Usage": 10016,
                      "Plans": [
                        {
                          "Node Type": "Seq Scan",
                          "Parent Relationship": "Outer",
                          "Parallel Aware": true,
                          "Relation Name": "title",
                          "Alias": "t",
                          "Startup Cost": 0.0,
                          "Total Cost": 45479.1,
                          "Plan Rows": 59753,
                          "Plan Width": 4,
                          "Actual Startup Time": 42.475,
                          "Actual Total Time": 76.47,
                          "Actual Rows": 28595,
                          "Actual Loops": 7,
                          "Filter": "((production_year > 2006) AND (kind_id = 1))",
                          "Rows Removed by Filter": 332592
                        }
                      ]
                    }
                  ]
                }
              ]
            }
          ]
        }
      ]
    },
    "Planning Time": 0.653,
    "Triggers": [],
    "Execution Time": 626.743
  }
]