[
  {
    "Plan": {
      "Node Type": "Aggregate",
      "Strategy": "Plain",
      "Partial Mode": "Finalize",
      "Parallel Aware": false,
      "Startup Cost": 345985.78,
      "Total Cost": 345985.79,
      "Plan Rows": 1,
      "Plan Width": 8,
      "Actual Startup Time": 631.528,
      "Actual Total Time": 689.036,
      "Actual Rows": 1,
      "Actual Loops": 1,
      "Plans": [
        {
          "Node Type": "Gather",
          "Parent Relationship": "Outer",
          "Parallel Aware": false,
          "Startup Cost": 345985.16,
          "Total Cost": 345985.77,
          "Plan Rows": 6,
          "Plan Width": 8,
          "Actual Startup Time": 631.402,
          "Actual Total Time": 689.024,
          "Actual Rows": 7,
          "Actual Loops": 1,
          "Workers Planned": 6,
          "Workers Launched": 6,
          "Single Copy": false,
          "Plans": [
            {
              "Node Type": "Aggregate",
              "Strategy": "Plain",
              "Partial Mode": "Partial",
              "Parent Relationship": "Outer",
              "Parallel Aware": false,
              "Startup Cost": 344985.16,
              "Total Cost": 344985.17,
              "Plan Rows": 1,
              "Plan Width": 8,
              "Actual Startup Time": 624.749,
              "Actual Total Time": 624.75,
              "Actual Rows": 1,
              "Actual Loops": 7,
              "Plans": [
                {
                  "Node Type": "Seq Scan",
                  "Parent Relationship": "Outer",
                  "Parallel Aware": true,
                  "Relation Name": "cast_info",
                  "Alias": "ci",
                  "Startup Cost": 0.0,
                  "Total Cost": 343257.03,
                  "Plan Rows": 691251,
                  "Plan Width": 0,
                  "Actual Startup Time": 451.829,
                  "Actual Total Time": 612.086,
                  "Actual Rows": 269606,
                  "Actual Loops": 7,
                  "Filter": "((person_id > 3230367) AND (role_id < 10))",
                  "Rows Removed by Filter": 4908158
                }
              ]
            }
          ]
        }
      ]
    },
    "Planning Time": 0.225,
    "Triggers": [],
    "Execution Time": 689.109
  }
]