[
  {
    "Plan": {
      "Node Type": "Aggregate",
      "Strategy": "Plain",
      "Partial Mode": "Finalize",
      "Parallel Aware": false,
      "Startup Cost": 30858.03,
      "Total Cost": 30858.04,
      "Plan Rows": 1,
      "Plan Width": 8,
      "Actual Startup Time": 87.416,
      "Actual Total Time": 93.682,
      "Actual Rows": 1,
      "Actual Loops": 1,
      "Plans": [
        {
          "Node Type": "Gather",
          "Parent Relationship": "Outer",
          "Parallel Aware": false,
          "Startup Cost": 30857.71,
          "Total Cost": 30858.02,
          "Plan Rows": 3,
          "Plan Width": 8,
          "Actual Startup Time": 87.306,
          "Actual Total Time": 93.674,
          "Actual Rows": 4,
          "Actual Loops": 1,
          "Workers Planned": 3,
          "Workers Launched": 3,
          "Single Copy": false,
          "Plans": [
            {
              "Node Type": "Aggregate",
              "Strategy": "Plain",
              "Partial Mode": "Partial",
              "Parent Relationship": "Outer",
              "Parallel Aware": false,
              "Startup Cost": 29857.71,
              "Total Cost": 29857.72,
              "Plan Rows": 1,
              "Plan Width": 8,
              "Actual Startup Time": 82.086,
              "Actual Total Time": 82.087,
              "Actual Rows": 1,
              "Actual Loops": 4,
              "Plans": [
                {
                  "Node Type": "Seq Scan",
                  "Parent Relationship": "Outer",
                  "Parallel Aware": true,
                  "Relation Name": "movie_companies",
                  "Alias": "mc",
                  "Startup Cost": 0.0,
                  "Total Cost": 29310.68,
                  "Plan Rows": 218811,
                  "Plan Width": 0,
                  "Actual Startup Time": 0.03,
                  "Actual Total Time": 71.347,
                  "Actual Rows": 168026,
                  "Actual Loops": 4,
                  "Filter": "(company_id < 1083)",
                  "Rows Removed by Filter": 484257
                }
              ]
            }
          ]
        }
      ]
    },
    "Planning Time": 0.182,
    "Triggers": [],
    "Execution Time": 93.732
  }
]