[
  {
    "Plan": {
      "Node Type": "Aggregate",
      "Strategy": "Plain",
      "Partial Mode": "Finalize",
      "Parallel Aware": false,
      "Startup Cost": 110105.08,
      "Total Cost": 110105.09,
      "Plan Rows": 1,
      "Plan Width": 8,
      "Actual Startup Time": 571.84,
      "Actual Total Time": 592.13,
      "Actual Rows": 1,
      "Actual Loops": 1,
      "Plans": [
        {
          "Node Type": "Gather",
          "Parent Relationship": "Outer",
          "Parallel Aware": false,
          "Startup Cost": 110104.86,
          "Total Cost": 110105.07,
          "Plan Rows": 2,
          "Plan Width": 8,
          "Actual Startup Time": 568.339,
          "Actual Total Time": 592.121,
          "Actual Rows": 3,
          "Actual Loops": 1,
          "Workers Planned": 2,
          "Workers Launched": 2,
          "Single Copy": false,
          "Plans": [
            {
              "Node Type": "Aggregate",
              "Strategy": "Plain",
              "Partial Mode": "Partial",
              "Parent Relationship": "Outer",
              "Parallel Aware": false,
              "Startup Cost": 109104.86,
              "Total Cost": 109104.87,
              "Plan Rows": 1,
              "Plan Width": 8,
              "Actual Startup Time": 560.652,
              "Actual Total Time": 560.746,
              "Actual Rows": 1,
              "Actual Loops": 3,
              "Plans": [
                {
                  "Node Type": "Hash Join",
                  "Parent Relationship": "Outer",
                  "Parallel Aware": true,
                  "Join Type": "Inner",
                  "Startup Cost": 92895.0,
                  "Total Cost": 108944.01,
                  "Plan Rows": 64342,
                  "Plan Width": 0,
                  "Actual Startup Time": 474.835,
                  "Actual Total Time": 548.557,
                  "Actual Rows": 279204,
                  "Actual Loops": 3,
                  "Inner Unique": false,
                  "Hash Cond": "(mi_idx.movie_id = t.id)",
                  "Plans": [
                    {
                      "Node Type": "Seq Scan",
                      "Parent Relationship": "Outer",
                      "Parallel Aware": true,
                      "Relation Name": "movie_info_idx",
                      "Alias": "mi_idx",
                      "Startup Cost": 0.0,
                      "Total Cost": 13685.15,
                      "Plan Rows": 575015,
                      "Plan Width": 4,
                      "Actual Startup Time": 0.03,
                      "Actual Total Time": 38.342,
                      "Actual Rows": 460012,
                      "Actual Loops": 3
                    },
                    {
                      "Node Type": "Hash",
                      "Parent Relationship": "Inner",
                      "Parallel Aware": true,
                      "Startup Cost": 91754.25,
                      "Total Cost": 91754.25,
                      "Plan Rows": 91260,
                      "Plan Width": 8,
                      "Actual Startup Time": 434.719,
                      "Actual Total Time": 434.811,
                      "Actual Rows": 121397,
                      "Actual Loops": 3,
                      "Hash Buckets": 524288,
                      "Original Hash Buckets": 524288,
                      "Hash Batches": 1,
                      "Original Hash Batches": 1,
                      "Peak Memory Usage": 18400,
                      "Plans": [
                        {
                          "Node Type": "Hash Join",
                          "Parent Relationship": "Outer",
                          "Parallel Aware": true,
                          "Join Type": "Inner",
                          "Startup Cost": 46124.09,
                          "Total Cost": 91754.25,
                          "Plan Rows": 91260,
                          "Plan Width": 8,
                          "Actual Startup Time": 190.984,
                          "Actual Total Time": 407.236,
                          "Actual Rows": 121397,
                          "Actual Loops": 3,
                          "Inner Unique": true,
                          "Hash Cond": "(mk.movie_id = t.id)",
                          "Plans": [
                            {
                              "Node Type": "Seq Scan",
                              "Parent Relationship": "Outer",
                              "Parallel Aware": true,
                              "Relation Name": "movie_keyword",
                              "Alias": "mk",
                              "Startup Cost": 0.0,
                              "Total Cost": 42695.65,
                              "Plan Rows": 1117910,
                              "Plan Width": 4,
                              "Actual Startup Time": 0.025,
                              "Actual Total Time": 157.119,
                              "Actual Rows": 1155289,
                              "Actual Loops": 3,
                              "Filter": "(keyword_id < 16682)",
                              "Rows Removed by Filter": 352688
                            },
                            {
                              "Node Type": "Hash",
                              "Parent Relationship": "Inner",
                              "Parallel Aware": true,
                              "Startup Cost": 45479.1,
                              "Total Cost": 45479.1,
                              "Plan Rows": 51599,
                              "Plan Width": 4,
                              "Actual Startup Time": 141.003,
                              "Actual Total Time": 141.005,
                              "Actual Rows": 60798,
                              "Actual Loops": 3,
                              "Hash Buckets": 262144,
                              "Original Hash Buckets": 262144,
                              "Hash Batches": 1,
                              "Original Hash Batches": 1,
                              "Peak Memory Usage": 9248,
                              "Plans": [
                                {
                                  "Node Type": "Seq Scan",
                                  "Parent Relationship": "Outer",
                                  "Parallel Aware": true,
                                  "Relation Name": "title",
                                  "Alias": "t",
                                  "Startup Cost": 0.0,
                                  "Total Cost": 45479.1,
                                  "Plan Rows": 51599,
                                  "Plan Width": 4,
                                  "Actual Startup Time": 51.076,
                                  "Actual Total Time": 120.817,
                                  "Actual Rows": 60798,
                                  "Actual Loops": 3,
                                  "Filter": "((production_year > 2007) AND (kind_id = 1))",
                                  "Rows Removed by Filter": 781973
                                }
                              ]
                            }
                          ]
                        }
                      ]
                    }
                  ]
                }
              ]
            }
          ]
        }
      ]
    },
    "Planning Time": 1.365,
    "Triggers": [],
    "Execution Time": 592.214
  }
]