[
  {
    "Plan": {
      "Node Type": "Aggregate",
      "Strategy": "Plain",
      "Partial Mode": "Finalize",
      "Parallel Aware": false,
      "Startup Cost": 331193.65,
      "Total Cost": 331193.66,
      "Plan Rows": 1,
      "Plan Width": 8,
      "Actual Startup Time": 618.628,
      "Actual Total Time": 667.005,
      "Actual Rows": 1,
      "Actual Loops": 1,
      "Plans": [
        {
          "Node Type": "Gather",
          "Parent Relationship": "Outer",
          "Parallel Aware": false,
          "Startup Cost": 331193.02,
          "Total Cost": 331193.63,
          "Plan Rows": 6,
          "Plan Width": 8,
          "Actual Startup Time": 618.445,
          "Actual Total Time": 666.992,
          "Actual Rows": 7,
          "Actual Loops": 1,
          "Workers Planned": 6,
          "Workers Launched": 6,
          "Single Copy": false,
          "Plans": [
            {
              "Node Type": "Aggregate",
              "Strategy": "Plain",
              "Partial Mode": "Partial",
              "Parent Relationship": "Outer",
              "Parallel Aware": false,
              "Startup Cost": 330193.02,
              "Total Cost": 330193.03,
              "Plan Rows": 1,
              "Plan Width": 8,
              "Actual Startup Time": 611.377,
              "Actual Total Time": 611.378,
              "Actual Rows": 1,
              "Actual Loops": 7,
              "Plans": [
                {
                  "Node Type": "Seq Scan",
                  "Parent Relationship": "Outer",
                  "Parallel Aware": true,
                  "Relation Name": "cast_info",
                  "Alias": "ci",
                  "Startup Cost": 0.0,
                  "Total Cost": 328211.39,
                  "Plan Rows": 792652,
                  "Plan Width": 0,
                  "Actual Startup Time": 414.09,
                  "Actual Total Time": 576.584,
                  "Actual Rows": 674608,
                  "Actual Loops": 7,
                  "Filter": "(person_id > 3207873)",
                  "Rows Removed by Filter": 4503155
                }
              ]
            }
          ]
        }
      ]
    },
    "Planning Time": 0.092,
    "Triggers": [],
    "Execution Time": 667.047
  }
]