[
  {
    "Plan": {
      "Node Type": "Aggregate",
      "Strategy": "Plain",
      "Partial Mode": "Finalize",
      "Parallel Aware": false,
      "Startup Cost": 81219.17,
      "Total Cost": 81219.18,
      "Plan Rows": 1,
      "Plan Width": 8,
      "Actual Startup Time": 376.694,
      "Actual Total Time": 391.707,
      "Actual Rows": 1,
      "Actual Loops": 1,
      "Plans": [
        {
          "Node Type": "Gather",
          "Parent Relationship": "Outer",
          "Parallel Aware": false,
          "Startup Cost": 81218.75,
          "Total Cost": 81219.16,
          "Plan Rows": 4,
          "Plan Width": 8,
          "Actual Startup Time": 369.347,
          "Actual Total Time": 391.697,
          "Actual Rows": 5,
          "Actual Loops": 1,
          "Workers Planned": 4,
          "Workers Launched": 4,
          "Single Copy": false,
          "Plans": [
            {
              "Node Type": "Aggregate",
              "Strategy": "Plain",
              "Partial Mode": "Partial",
              "Parent Relationship": "Outer",
              "Parallel Aware": false,
              "Startup Cost": 80218.75,
              "Total Cost": 80218.76,
              "Plan Rows": 1,
              "Plan Width": 8,
              "Actual Startup Time": 359.721,
              "Actual Total Time": 359.724,
              "Actual Rows": 1,
              "Actual Loops": 5,
              "Plans": [
                {
                  "Node Type": "Hash Join",
                  "Parent Relationship": "Outer",
                  "Parallel Aware": true,
                  "Join Type": "Inner",
                  "Startup Cost": 33868.57,
                  "Total Cost": 79838.42,
                  "Plan Rows": 152132,
                  "Plan Width": 0,
                  "Actual Startup Time": 137.468,
                  "Actual Total Time": 352.065,
                  "Actual Rows": 176598,
                  "Actual Loops": 5,
                  "Inner Unique": false,
                  "Hash Cond": "(t.id = mc.movie_id)",
                  "Plans": [
                    {
                      "Node Type": "Seq Scan",
                      "Parent Relationship": "Outer",
                      "Parallel Aware": true,
                      "Relation Name": "title",
                      "Alias": "t",
                      "Startup Cost": 0.0,
                      "Total Cost": 42318.73,
                      "Plan Rows": 632073,
                      "Plan Width": 4,
                      "Actual Startup Time": 0.011,
                      "Actual Total Time": 63.205,
                      "Actual Rows": 505662,
                      "Actual Loops": 5
                    },
                    {
                      "Node Type": "Hash",
                      "Parent Relationship": "Inner",
                      "Parallel Aware": true,
                      "Startup Cost": 31414.82,
                      "Total Cost": 31414.82,
                      "Plan Rows": 196300,
                      "Plan Width": 4,
                      "Actual Startup Time": 133.165,
                      "Actual Total Time": 133.166,
                      "Actual Rows": 176598,
                      "Actual Loops": 5,
                      "Hash Buckets": 1048576,
                      "Original Hash Buckets": 1048576,
                      "Hash Batches": 1,
                      "Original Hash Batches": 1,
                      "Peak Memory Usage": 42848,
                      "Plans": [
                        {
                          "Node Type": "Seq Scan",
                          "Parent Relationship": "Outer",
                          "Parallel Aware": true,
                          "Relation Name": "movie_companies",
                          "Alias": "mc",
                          "Startup Cost": 0.0,
                          "Total Cost": 31414.82,
                          "Plan Rows": 196300,
                          "Plan Width": 4,
                          "Actual Startup Time": 43.56,
                          "Actual Total Time": 75.072,
                          "Actual Rows": 176598,
                          "Actual Loops": 5,
                          "Filter": "((company_id > 12314) AND (company_type_id > 1))",
                          "Rows Removed by Filter": 345228
                        }
                      ]
                    }
                  ]
                }
              ]
            }
          ]
        }
      ]
    },
    "Planning Time": 0.629,
    "Triggers": [],
    "Execution Time": 391.779
  }
]