[
    {
        "Bao": {
            "Bao prediction": "NaN",
            "Bao recommended hint": "(no hint)"
        }
    },
    {
        "Plan": {
            "Node Type": "Aggregate",
            "Strategy": "Plain",
            "Partial Mode": "Simple",
            "Parallel Aware": false,
            "Startup Cost": 14276.21,
            "Total Cost": 14276.22,
            "Plan Rows": 1,
            "Plan Width": 8,
            "Actual Startup Time": 3.139,
            "Actual Total Time": 3.14,
            "Actual Rows": 1,
            "Actual Loops": 1,
            "Output": [
                "count(*)"
            ],
            "Plans": [
                {
                    "Node Type": "Bitmap Heap Scan",
                    "Parent Relationship": "Outer",
                    "Parallel Aware": false,
                    "Relation Name": "movie_companies",
                    "Schema": "public",
                    "Alias": "mc",
                    "Startup Cost": 160.12,
                    "Total Cost": 14267.25,
                    "Plan Rows": 3581,
                    "Plan Width": 0,
                    "Actual Startup Time": 0.609,
                    "Actual Total Time": 3.127,
                    "Actual Rows": 72,
                    "Actual Loops": 1,
                    "Recheck Cond": "(mc.company_id = 1284)",
                    "Rows Removed by Index Recheck": 0,
                    "Filter": "(mc.company_type_id < 2)",
                    "Rows Removed by Filter": 6282,
                    "Exact Heap Blocks": 719,
                    "Lossy Heap Blocks": 0,
                    "Plans": [
                        {
                            "Node Type": "Bitmap Index Scan",
                            "Parent Relationship": "Outer",
                            "Parallel Aware": false,
                            "Index Name": "company_id_movie_companies",
                            "Startup Cost": 0.0,
                            "Total Cost": 159.22,
                            "Plan Rows": 7306,
                            "Plan Width": 0,
                            "Actual Startup Time": 0.499,
                            "Actual Total Time": 0.499,
                            "Actual Rows": 6354,
                            "Actual Loops": 1,
                            "Index Cond": "(mc.company_id = 1284)"
                        }
                    ]
                }
            ]
        },
        "Planning Time": 305.726,
        "Triggers": [],
        "Execution Time": 3.212
    }
]