[
  {
    "Plan": {
      "Node Type": "Aggregate",
      "Strategy": "Plain",
      "Partial Mode": "Finalize",
      "Parallel Aware": false,
      "Startup Cost": 345881.41,
      "Total Cost": 345881.42,
      "Plan Rows": 1,
      "Plan Width": 8,
      "Actual Startup Time": 423.608,
      "Actual Total Time": 453.503,
      "Actual Rows": 1,
      "Actual Loops": 1,
      "Plans": [
        {
          "Node Type": "Gather",
          "Parent Relationship": "Outer",
          "Parallel Aware": false,
          "Startup Cost": 345880.78,
          "Total Cost": 345881.39,
          "Plan Rows": 6,
          "Plan Width": 8,
          "Actual Startup Time": 423.508,
          "Actual Total Time": 453.493,
          "Actual Rows": 7,
          "Actual Loops": 1,
          "Workers Planned": 6,
          "Workers Launched": 6,
          "Single Copy": false,
          "Plans": [
            {
              "Node Type": "Aggregate",
              "Strategy": "Plain",
              "Partial Mode": "Partial",
              "Parent Relationship": "Outer",
              "Parallel Aware": false,
              "Startup Cost": 344880.78,
              "Total Cost": 344880.79,
              "Plan Rows": 1,
              "Plan Width": 8,
              "Actual Startup Time": 416.769,
              "Actual Total Time": 416.77,
              "Actual Rows": 1,
              "Actual Loops": 7,
              "Plans": [
                {
                  "Node Type": "Index Scan",
                  "Parent Relationship": "Outer",
                  "Parallel Aware": true,
                  "Scan Direction": "Forward",
                  "Index Name": "role_id_cast_info",
                  "Relation Name": "cast_info",
                  "Alias": "ci",
                  "Startup Cost": 0.56,
                  "Total Cost": 341155.22,
                  "Plan Rows": 1490226,
                  "Plan Width": 0,
                  "Actual Startup Time": 230.314,
                  "Actual Total Time": 381.175,
                  "Actual Rows": 702643,
                  "Actual Loops": 7,
                  "Index Cond": "(role_id = 1)",
                  "Rows Removed by Index Recheck": 0,
                  "Filter": "(person_id > 1057248)",
                  "Rows Removed by Filter": 1107456
                }
              ]
            }
          ]
        }
      ]
    },
    "Planning Time": 0.249,
    "Triggers": [],
    "Execution Time": 453.576
  }
]