{
  "Plan": {
    "Node Type": "Aggregate",
    "Strategy": "Plain",
    "Partial Mode": "Finalize",
    "Parallel Aware": false,
    "Startup Cost": 654866.32,
    "Total Cost": 654866.33,
    "Plan Rows": 1,
    "Plan Width": 8,
    "Actual Startup Time": 6372.161,
    "Actual Total Time": 6429.443,
    "Actual Rows": 1,
    "Actual Loops": 1,
    "Plans": [
      {
        "Node Type": "Gather",
        "Parent Relationship": "Outer",
        "Parallel Aware": false,
        "Startup Cost": 654866.21,
        "Total Cost": 654866.32,
        "Plan Rows": 1,
        "Plan Width": 8,
        "Actual Startup Time": 6362.443,
        "Actual Total Time": 6429.434,
        "Actual Rows": 2,
        "Actual Loops": 1,
        "Workers Planned": 1,
        "Workers Launched": 1,
        "Single Copy": false,
        "Plans": [
          {
            "Node Type": "Aggregate",
            "Strategy": "Plain",
            "Partial Mode": "Partial",
            "Parent Relationship": "Outer",
            "Parallel Aware": false,
            "Startup Cost": 653866.21,
            "Total Cost": 653866.22,
            "Plan Rows": 1,
            "Plan Width": 8,
            "Actual Startup Time": 6343.226,
            "Actual Total Time": 6343.233,
            "Actual Rows": 1,
            "Actual Loops": 2,
            "Plans": [
              {
                "Node Type": "Hash Join",
                "Parent Relationship": "Outer",
                "Parallel Aware": true,
                "Join Type": "Inner",
                "Startup Cost": 536774.93,
                "Total Cost": 639134.71,
                "Plan Rows": 5892599,
                "Plan Width": 0,
                "Actual Startup Time": 3462.896,
                "Actual Total Time": 5501.795,
                "Actual Rows": 21752320,
                "Actual Loops": 2,
                "Inner Unique": false,
                "Hash Cond": "(mk.movie_id = t.id)",
                "Plans": [
                  {
                    "Node Type": "Seq Scan",
                    "Parent Relationship": "Outer",
                    "Parallel Aware": true,
                    "Relation Name": "movie_keyword",
                    "Alias": "mk",
                    "Startup Cost": 0.0,
                    "Total Cost": 51065.35,
                    "Plan Rows": 2661135,
                    "Plan Width": 4,
                    "Actual Startup Time": 0.033,
                    "Actual Total Time": 167.825,
                    "Actual Rows": 2261965,
                    "Actual Loops": 2
                  },
                  {
                    "Node Type": "Hash",
                    "Parent Relationship": "Inner",
                    "Parallel Aware": true,
                    "Startup Cost": 495609.9,
                    "Total Cost": 495609.9,
                    "Plan Rows": 3293202,
                    "Plan Width": 8,
                    "Actual Startup Time": 3430.837,
                    "Actual Total Time": 3430.842,
                    "Actual Rows": 2715784,
                    "Actual Loops": 2,
                    "Hash Buckets": 8388608,
                    "Original Hash Buckets": 8388608,
                    "Hash Batches": 1,
                    "Original Hash Batches": 1,
                    "Peak Memory Usage": 278048,
                    "Plans": [
                      {
                        "Node Type": "Hash Join",
                        "Parent Relationship": "Outer",
                        "Parallel Aware": true,
                        "Join Type": "Inner",
                        "Startup Cost": 193113.21,
                        "Total Cost": 495609.9,
                        "Plan Rows": 3293202,
                        "Plan Width": 8,
                        "Actual Startup Time": 789.445,
                        "Actual Total Time": 2497.291,
                        "Actual Rows": 2715784,
                        "Actual Loops": 2,
                        "Inner Unique": true,
                        "Hash Cond": "(ci.movie_id = t.id)",
                        "Plans": [
                          {
                            "Node Type": "Bitmap Heap Scan",
                            "Parent Relationship": "Outer",
                            "Parallel Aware": true,
                            "Relation Name": "cast_info",
                            "Alias": "ci",
                            "Startup Cost": 123652.51,
                            "Total Cost": 417504.54,
                            "Plan Rows": 3293202,
                            "Plan Width": 4,
                            "Actual Startup Time": 223.665,
                            "Actual Total Time": 588.453,
                            "Actual Rows": 2715784,
                            "Actual Loops": 2,
                            "Recheck Cond": "(person_id > 3113229)",
                            "Rows Removed by Index Recheck": 0,
                            "Exact Heap Blocks": 39211,
                            "Lossy Heap Blocks": 0,
                            "Plans": [
                              {
                                "Node Type": "Bitmap Index Scan",
                                "Parent Relationship": "Outer",
                                "Parallel Aware": false,
                                "Index Name": "person_id_cast_info",
                                "Startup Cost": 0.0,
                                "Total Cost": 122252.9,
                                "Plan Rows": 5598444,
                                "Plan Width": 0,
                                "Actual Startup Time": 210.814,
                                "Actual Total Time": 210.814,
                                "Actual Rows": 5431568,
                                "Actual Loops": 1,
                                "Index Cond": "(person_id > 3113229)"
                              }
                            ]
                          },
                          {
                            "Node Type": "Hash",
                            "Parent Relationship": "Inner",
                            "Parallel Aware": true,
                            "Startup Cost": 50870.31,
                            "Total Cost": 50870.31,
                            "Plan Rows": 1487231,
                            "Plan Width": 4,
                            "Actual Startup Time": 554.846,
                            "Actual Total Time": 554.847,
                            "Actual Rows": 1264156,
                            "Actual Loops": 2,
                            "Hash Buckets": 4194304,
                            "Original Hash Buckets": 4194304,
                            "Hash Batches": 1,
                            "Original Hash Batches": 1,
                            "Peak Memory Usage": 131680,
                            "Plans": [
                              {
                                "Node Type": "Seq Scan",
                                "Parent Relationship": "Outer",
                                "Parallel Aware": true,
                                "Relation Name": "title",
                                "Alias": "t",
                                "Startup Cost": 0.0,
                                "Total Cost": 50870.31,
                                "Plan Rows": 1487231,
                                "Plan Width": 4,
                                "Actual Startup Time": 0.031,
                                "Actual Total Time": 164.492,
                                "Actual Rows": 1264156,
                                "Actual Loops": 2
                              }
                            ]
                          }
                        ]
                      }
                    ]
                  }
                ]
              }
            ]
          }
        ]
      }
    ]
  },
  "Planning Time": 1.023,
  "Triggers": [],
  "Execution Time": 6429.551
}