[
  {
    "Plan": {
      "Node Type": "Aggregate",
      "Strategy": "Plain",
      "Partial Mode": "Finalize",
      "Parallel Aware": false,
      "Startup Cost": 46149.44,
      "Total Cost": 46149.45,
      "Plan Rows": 1,
      "Plan Width": 8,
      "Actual Startup Time": 163.102,
      "Actual Total Time": 173.343,
      "Actual Rows": 1,
      "Actual Loops": 1,
      "Plans": [
        {
          "Node Type": "Gather",
          "Parent Relationship": "Outer",
          "Parallel Aware": false,
          "Startup Cost": 46149.13,
          "Total Cost": 46149.44,
          "Plan Rows": 3,
          "Plan Width": 8,
          "Actual Startup Time": 162.985,
          "Actual Total Time": 173.334,
          "Actual Rows": 4,
          "Actual Loops": 1,
          "Workers Planned": 3,
          "Workers Launched": 3,
          "Single Copy": false,
          "Plans": [
            {
              "Node Type": "Aggregate",
              "Strategy": "Plain",
              "Partial Mode": "Partial",
              "Parent Relationship": "Outer",
              "Parallel Aware": false,
              "Startup Cost": 45149.13,
              "Total Cost": 45149.14,
              "Plan Rows": 1,
              "Plan Width": 8,
              "Actual Startup Time": 154.396,
              "Actual Total Time": 154.397,
              "Actual Rows": 1,
              "Actual Loops": 4,
              "Plans": [
                {
                  "Node Type": "Seq Scan",
                  "Parent Relationship": "Outer",
                  "Parallel Aware": true,
                  "Relation Name": "movie_keyword",
                  "Alias": "mk",
                  "Startup Cost": 0.0,
                  "Total Cost": 42695.65,
                  "Plan Rows": 981389,
                  "Plan Width": 0,
                  "Actual Startup Time": 0.061,
                  "Actual Total Time": 120.438,
                  "Actual Rows": 758548,
                  "Actual Loops": 4,
                  "Filter": "(keyword_id < 10926)",
                  "Rows Removed by Filter": 372435
                }
              ]
            }
          ]
        }
      ]
    },
    "Planning Time": 0.148,
    "Triggers": [],
    "Execution Time": 173.391
  }
]