[
  {
    "Plan": {
      "Node Type": "Aggregate",
      "Strategy": "Plain",
      "Partial Mode": "Finalize",
      "Parallel Aware": false,
      "Startup Cost": 529021.42,
      "Total Cost": 529021.43,
      "Plan Rows": 1,
      "Plan Width": 8,
      "Actual Startup Time": 2639.046,
      "Actual Total Time": 2693.623,
      "Actual Rows": 1,
      "Actual Loops": 1,
      "Plans": [
        {
          "Node Type": "Gather",
          "Parent Relationship": "Outer",
          "Parallel Aware": false,
          "Startup Cost": 529020.79,
          "Total Cost": 529021.4,
          "Plan Rows": 6,
          "Plan Width": 8,
          "Actual Startup Time": 2619.303,
          "Actual Total Time": 2693.601,
          "Actual Rows": 7,
          "Actual Loops": 1,
          "Workers Planned": 6,
          "Workers Launched": 6,
          "Single Copy": false,
          "Plans": [
            {
              "Node Type": "Aggregate",
              "Strategy": "Plain",
              "Partial Mode": "Partial",
              "Parent Relationship": "Outer",
              "Parallel Aware": false,
              "Startup Cost": 528020.79,
              "Total Cost": 528020.8,
              "Plan Rows": 1,
              "Plan Width": 8,
              "Actual Startup Time": 2599.012,
              "Actual Total Time": 2599.572,
              "Actual Rows": 1,
              "Actual Loops": 7,
              "Plans": [
                {
                  "Node Type": "Hash Join",
                  "Parent Relationship": "Outer",
                  "Parallel Aware": true,
                  "Join Type": "Inner",
                  "Startup Cost": 260486.22,
                  "Total Cost": 523009.68,
                  "Plan Rows": 2004447,
                  "Plan Width": 0,
                  "Actual Startup Time": 1113.941,
                  "Actual Total Time": 2469.534,
                  "Actual Rows": 2475648,
                  "Actual Loops": 7,
                  "Inner Unique": false,
                  "Hash Cond": "(ci.movie_id = t.id)",
                  "Plans": [
                    {
                      "Node Type": "Index Scan",
                      "Parent Relationship": "Outer",
                      "Parallel Aware": true,
                      "Scan Direction": "Forward",
                      "Index Name": "role_id_cast_info",
                      "Relation Name": "cast_info",
                      "Alias": "ci",
                      "Startup Cost": 0.56,
                      "Total Cost": 253362.23,
                      "Plan Rows": 1374108,
                      "Plan Width": 4,
                      "Actual Startup Time": 0.279,
                      "Actual Total Time": 362.425,
                      "Actual Rows": 1251111,
                      "Actual Loops": 7,
                      "Index Cond": "(role_id > 4)",
                      "Rows Removed by Index Recheck": 0,
                      "Filter": "(person_id > 458498)",
                      "Rows Removed by Filter": 89561
                    },
                    {
                      "Node Type": "Hash",
                      "Parent Relationship": "Inner",
                      "Parallel Aware": true,
                      "Startup Cost": 251264.97,
                      "Total Cost": 251264.97,
                      "Plan Rows": 737655,
                      "Plan Width": 8,
                      "Actual Startup Time": 1107.096,
                      "Actual Total Time": 1107.653,
                      "Actual Rows": 517854,
                      "Actual Loops": 7,
                      "Hash Buckets": 4194304,
                      "Original Hash Buckets": 4194304,
                      "Hash Batches": 1,
                      "Original Hash Batches": 1,
                      "Peak Memory Usage": 174688,
                      "Plans": [
                        {
                          "Node Type": "Hash Join",
                          "Parent Relationship": "Outer",
                          "Parallel Aware": true,
                          "Join Type": "Inner",
                          "Startup Cost": 50220.38,
                          "Total Cost": 251264.97,
                          "Plan Rows": 737655,
                          "Plan Width": 8,
                          "Actual Startup Time": 318.637,
                          "Actual Total Time": 857.893,
                          "Actual Rows": 517854,
                          "Actual Loops": 7,
                          "Inner Unique": true,
                          "Hash Cond": "(mi.movie_id = t.id)",
                          "Plans": [
                            {
                              "Node Type": "Seq Scan",
                              "Parent Relationship": "Outer",
                              "Parallel Aware": true,
                              "Relation Name": "movie_info",
                              "Alias": "mi",
                              "Startup Cost": 0.0,
                              "Total Cost": 199108.24,
                              "Plan Rows": 737655,
                              "Plan Width": 4,
                              "Actual Startup Time": 30.312,
                              "Actual Total Time": 336.907,
                              "Actual Rows": 517854,
                              "Actual Loops": 7,
                              "Filter": "(info_type_id < 4)",
                              "Rows Removed by Filter": 1601535
                            },
                            {
                              "Node Type": "Hash",
                              "Parent Relationship": "Inner",
                              "Parallel Aware": true,
                              "Startup Cost": 42319.06,
                              "Total Cost": 42319.06,
                              "Plan Rows": 632106,
                              "Plan Width": 4,
                              "Actual Startup Time": 284.138,
                              "Actual Total Time": 284.14,
                              "Actual Rows": 361187,
                              "Actual Loops": 7,
                              "Hash Buckets": 4194304,
                              "Original Hash Buckets": 4194304,
                              "Hash Batches": 1,
                              "Original Hash Batches": 1,
                              "Peak Memory Usage": 131808,
                              "Plans": [
                                {
                                  "Node Type": "Seq Scan",
                                  "Parent Relationship": "Outer",
                                  "Parallel Aware": true,
                                  "Relation Name": "title",
                                  "Alias": "t",
                                  "Startup Cost": 0.0,
                                  "Total Cost": 42319.06,
                                  "Plan Rows": 632106,
                                  "Plan Width": 4,
                                  "Actual Startup Time": 0.074,
                                  "Actual Total Time": 83.261,
                                  "Actual Rows": 361187,
                                  "Actual Loops": 7
                                }
                              ]
                            }
                          ]
                        }
                      ]
                    }
                  ]
                }
              ]
            }
          ]
        }
      ]
    },
    "Planning Time": 1.054,
    "Triggers": [],
    "Execution Time": 2693.701
  }
]