[
  {
    "Plan": {
      "Node Type": "Aggregate",
      "Strategy": "Plain",
      "Partial Mode": "Finalize",
      "Parallel Aware": false,
      "Startup Cost": 31008.29,
      "Total Cost": 31008.3,
      "Plan Rows": 1,
      "Plan Width": 8,
      "Actual Startup Time": 117.82,
      "Actual Total Time": 126.347,
      "Actual Rows": 1,
      "Actual Loops": 1,
      "Plans": [
        {
          "Node Type": "Gather",
          "Parent Relationship": "Outer",
          "Parallel Aware": false,
          "Startup Cost": 31007.97,
          "Total Cost": 31008.28,
          "Plan Rows": 3,
          "Plan Width": 8,
          "Actual Startup Time": 117.617,
          "Actual Total Time": 126.332,
          "Actual Rows": 4,
          "Actual Loops": 1,
          "Workers Planned": 3,
          "Workers Launched": 3,
          "Single Copy": false,
          "Plans": [
            {
              "Node Type": "Aggregate",
              "Strategy": "Plain",
              "Partial Mode": "Partial",
              "Parent Relationship": "Outer",
              "Parallel Aware": false,
              "Startup Cost": 30007.97,
              "Total Cost": 30007.98,
              "Plan Rows": 1,
              "Plan Width": 8,
              "Actual Startup Time": 109.271,
              "Actual Total Time": 109.272,
              "Actual Rows": 1,
              "Actual Loops": 4,
              "Plans": [
                {
                  "Node Type": "Seq Scan",
                  "Parent Relationship": "Outer",
                  "Parallel Aware": true,
                  "Relation Name": "movie_companies",
                  "Alias": "mc",
                  "Startup Cost": 0.0,
                  "Total Cost": 29310.68,
                  "Plan Rows": 278916,
                  "Plan Width": 0,
                  "Actual Startup Time": 0.031,
                  "Actual Total Time": 92.907,
                  "Actual Rows": 215972,
                  "Actual Loops": 4,
                  "Filter": "(company_id < 2560)",
                  "Rows Removed by Filter": 436310
                }
              ]
            }
          ]
        }
      ]
    },
    "Planning Time": 0.166,
    "Triggers": [],
    "Execution Time": 126.401
  }
]