[
  {
    "Plan": {
      "Node Type": "Aggregate",
      "Strategy": "Plain",
      "Partial Mode": "Finalize",
      "Parallel Aware": false,
      "Startup Cost": 44687.47,
      "Total Cost": 44687.48,
      "Plan Rows": 1,
      "Plan Width": 8,
      "Actual Startup Time": 109.744,
      "Actual Total Time": 119.499,
      "Actual Rows": 1,
      "Actual Loops": 1,
      "Plans": [
        {
          "Node Type": "Gather",
          "Parent Relationship": "Outer",
          "Parallel Aware": false,
          "Startup Cost": 44687.15,
          "Total Cost": 44687.46,
          "Plan Rows": 3,
          "Plan Width": 8,
          "Actual Startup Time": 109.6,
          "Actual Total Time": 119.488,
          "Actual Rows": 4,
          "Actual Loops": 1,
          "Workers Planned": 3,
          "Workers Launched": 3,
          "Single Copy": false,
          "Plans": [
            {
              "Node Type": "Aggregate",
              "Strategy": "Plain",
              "Partial Mode": "Partial",
              "Parent Relationship": "Outer",
              "Parallel Aware": false,
              "Startup Cost": 43687.15,
              "Total Cost": 43687.16,
              "Plan Rows": 1,
              "Plan Width": 8,
              "Actual Startup Time": 106.485,
              "Actual Total Time": 106.487,
              "Actual Rows": 1,
              "Actual Loops": 4,
              "Plans": [
                {
                  "Node Type": "Seq Scan",
                  "Parent Relationship": "Outer",
                  "Parallel Aware": true,
                  "Relation Name": "movie_keyword",
                  "Alias": "mk",
                  "Startup Cost": 0.0,
                  "Total Cost": 42695.65,
                  "Plan Rows": 396598,
                  "Plan Width": 0,
                  "Actual Startup Time": 0.894,
                  "Actual Total Time": 93.334,
                  "Actual Rows": 308006,
                  "Actual Loops": 4,
                  "Filter": "(keyword_id > 14707)",
                  "Rows Removed by Filter": 822976
                }
              ]
            }
          ]
        }
      ]
    },
    "Planning Time": 0.084,
    "Triggers": [],
    "Execution Time": 119.527
  }
]