[
  {
    "Plan": {
      "Node Type": "Aggregate",
      "Strategy": "Plain",
      "Partial Mode": "Finalize",
      "Parallel Aware": false,
      "Startup Cost": 565949.95,
      "Total Cost": 565949.96,
      "Plan Rows": 1,
      "Plan Width": 128,
      "Actual Startup Time": 3644.756,
      "Actual Total Time": 3711.842,
      "Actual Rows": 1,
      "Actual Loops": 1,
      "Plans": [
        {
          "Node Type": "Gather",
          "Parent Relationship": "Outer",
          "Parallel Aware": false,
          "Startup Cost": 565949.61,
          "Total Cost": 565949.92,
          "Plan Rows": 3,
          "Plan Width": 128,
          "Actual Startup Time": 3620.801,
          "Actual Total Time": 3711.811,
          "Actual Rows": 4,
          "Actual Loops": 1,
          "Workers Planned": 3,
          "Workers Launched": 3,
          "Single Copy": false,
          "Plans": [
            {
              "Node Type": "Aggregate",
              "Strategy": "Plain",
              "Partial Mode": "Partial",
              "Parent Relationship": "Outer",
              "Parallel Aware": false,
              "Startup Cost": 564949.61,
              "Total Cost": 564949.62,
              "Plan Rows": 1,
              "Plan Width": 128,
              "Actual Startup Time": 3605.626,
              "Actual Total Time": 3605.681,
              "Actual Rows": 1,
              "Actual Loops": 4,
              "Plans": [
                {
                  "Node Type": "Hash Join",
                  "Parent Relationship": "Outer",
                  "Parallel Aware": true,
                  "Join Type": "Inner",
                  "Startup Cost": 534571.51,
                  "Total Cost": 564943.26,
                  "Plan Rows": 635,
                  "Plan Width": 64,
                  "Actual Startup Time": 3436.128,
                  "Actual Total Time": 3605.273,
                  "Actual Rows": 2036,
                  "Actual Loops": 4,
                  "Inner Unique": true,
                  "Hash Cond": "(mc.company_id = cn.id)",
                  "Plans": [
                    {
                      "Node Type": "Hash Join",
                      "Parent Relationship": "Outer",
                      "Parallel Aware": true,
                      "Join Type": "Inner",
                      "Startup Cost": 529224.11,
                      "Total Cost": 559591.25,
                      "Plan Rows": 1757,
                      "Plan Width": 68,
                      "Actual Startup Time": 3396.365,
                      "Actual Total Time": 3564.31,
                      "Actual Rows": 4586,
                      "Actual Loops": 4,
                      "Inner Unique": false,
                      "Hash Cond": "(mc.movie_id = ci.movie_id)",
                      "Plans": [
                        {
                          "Node Type": "Seq Scan",
                          "Parent Relationship": "Outer",
                          "Parallel Aware": true,
                          "Relation Name": "movie_companies",
                          "Alias": "mc",
                          "Startup Cost": 0.0,
                          "Total Cost": 27206.55,
                          "Plan Rows": 841655,
                          "Plan Width": 8,
                          "Actual Startup Time": 0.023,
                          "Actual Total Time": 104.122,
                          "Actual Rows": 652282,
                          "Actual Loops": 4
                        },
                        {
                          "Node Type": "Hash",
                          "Parent Relationship": "Inner",
                          "Parallel Aware": true,
                          "Startup Cost": 529217.76,
                          "Total Cost": 529217.76,
                          "Plan Rows": 508,
                          "Plan Width": 72,
                          "Actual Startup Time": 3395.125,
                          "Actual Total Time": 3395.164,
                          "Actual Rows": 1932,
                          "Actual Loops": 4,
                          "Hash Buckets": 8192,
                          "Original Hash Buckets": 2048,
                          "Hash Batches": 1,
                          "Original Hash Batches": 1,
                          "Peak Memory Usage": 1008,
                          "Plans": [
                            {
                              "Node Type": "Hash Join",
                              "Parent Relationship": "Outer",
                              "Parallel Aware": true,
                              "Join Type": "Inner",
                              "Startup Cost": 484528.05,
                              "Total Cost": 529217.76,
                              "Plan Rows": 508,
                              "Plan Width": 72,
                              "Actual Startup Time": 3143.824,
                              "Actual Total Time": 3379.984,
                              "Actual Rows": 1932,
                              "Actual Loops": 4,
                              "Inner Unique": false,
                              "Hash Cond": "(t.id = ci.movie_id)",
                              "Plans": [
                                {
                                  "Node Type": "Seq Scan",
                                  "Parent Relationship": "Outer",
                                  "Parallel Aware": true,
                                  "Relation Name": "title",
                                  "Alias": "t",
                                  "Startup Cost": 0.0,
                                  "Total Cost": 42318.63,
                                  "Plan Rows": 632063,
                                  "Plan Width": 21,
                                  "Actual Startup Time": 0.039,
                                  "Actual Total Time": 165.435,
                                  "Actual Rows": 632078,
                                  "Actual Loops": 4
                                },
                                {
                                  "Node Type": "Hash",
                                  "Parent Relationship": "Inner",
                                  "Parallel Aware": true,
                                  "Startup Cost": 484523.81,
                                  "Total Cost": 484523.81,
                                  "Plan Rows": 339,
                                  "Plan Width": 51,
                                  "Actual Startup Time": 3142.911,
                                  "Actual Total Time": 3142.945,
                                  "Actual Rows": 1932,
                                  "Actual Loops": 4,
                                  "Hash Buckets": 8192,
                                  "Original Hash Buckets": 2048,
                                  "Hash Batches": 1,
                                  "Original Hash Batches": 1,
                                  "Peak Memory Usage": 848,
                                  "Plans": [
                                    {
                                      "Node Type": "Hash Join",
                                      "Parent Relationship": "Outer",
                                      "Parallel Aware": true,
                                      "Join Type": "Inner",
                                      "Startup Cost": 140613.05,
                                      "Total Cost": 484523.81,
                                      "Plan Rows": 339,
                                      "Plan Width": 51,
                                      "Actual Startup Time": 1887.078,
                                      "Actual Total Time": 3050.394,
                                      "Actual Rows": 1932,
                                      "Actual Loops": 4,
                                      "Inner Unique": true,
                                      "Hash Cond": "(ci.person_role_id = chn.id)",
                                      "Plans": [
                                        {
                                          "Node Type": "Hash Join",
                                          "Parent Relationship": "Outer",
                                          "Parallel Aware": false,
                                          "Join Type": "Inner",
                                          "Startup Cost": 86500.64,
                                          "Total Cost": 430410.51,
                                          "Plan Rows": 339,
                                          "Plan Width": 39,
                                          "Actual Startup Time": 1037.015,
                                          "Actual Total Time": 2194.775,
                                          "Actual Rows": 2051,
                                          "Actual Loops": 4,
                                          "Inner Unique": true,
                                          "Hash Cond": "(ci.role_id = rt.id)",
                                          "Plans": [
                                            {
                                              "Node Type": "Hash Join",
                                              "Parent Relationship": "Outer",
                                              "Parallel Aware": true,
                                              "Join Type": "Inner",
                                              "Startup Cost": 86499.48,
                                              "Total Cost": 430394.9,
                                              "Plan Rows": 4068,
                                              "Plan Width": 43,
                                              "Actual Startup Time": 1036.781,
                                              "Actual Total Time": 2194.046,
                                              "Actual Rows": 2051,
                                              "Actual Loops": 4,
                                              "Inner Unique": false,
                                              "Hash Cond": "(ci.person_id = n.id)",
                                              "Plans": [
                                                {
                                                  "Node Type": "Seq Scan",
                                                  "Parent Relationship": "Outer",
                                                  "Parallel Aware": true,
                                                  "Relation Name": "cast_info",
                                                  "Alias": "ci",
                                                  "Startup Cost": 0.0,
                                                  "Total Cost": 343341.24,
                                                  "Plan Rows": 147464,
                                                  "Plan Width": 16,
                                                  "Actual Startup Time": 0.076,
                                                  "Actual Total Time": 1695.553,
                                                  "Actual Rows": 216869,
                                                  "Actual Loops": 4,
                                                  "Filter": "(note = ANY ('{(voice),\"(voice: Japanese version)\",\"(voice) (uncredited)\",\"(voice: English version)\"}'::text[]))",
                                                  "Rows Removed by Filter": 8844217
                                                },
                                                {
                                                  "Node Type": "Hash",
                                                  "Parent Relationship": "Inner",
                                                  "Parallel Aware": true,
                                                  "Startup Cost": 86457.61,
                                                  "Total Cost": 86457.61,
                                                  "Plan Rows": 3349,
                                                  "Plan Width": 39,
                                                  "Actual Startup Time": 471.767,
                                                  "Actual Total Time": 471.785,
                                                  "Actual Rows": 2631,
                                                  "Actual Loops": 4,
                                                  "Hash Buckets": 16384,
                                                  "Original Hash Buckets": 16384,
                                                  "Hash Batches": 1,
                                                  "Original Hash Batches": 1,
                                                  "Peak Memory Usage": 992,
                                                  "Plans": [
                                                    {
                                                      "Node Type": "Hash Join",
                                                      "Parent Relationship": "Outer",
                                                      "Parallel Aware": true,
                                                      "Join Type": "Inner",
                                                      "Startup Cost": 71390.82,
                                                      "Total Cost": 86457.61,
                                                      "Plan Rows": 3349,
                                                      "Plan Width": 39,
                                                      "Actual Startup Time": 383.115,
                                                      "Actual Total Time": 469.943,
                                                      "Actual Rows": 2631,
                                                      "Actual Loops": 4,
                                                      "Inner Unique": true,
                                                      "Hash Cond": "(an.person_id = n.id)",
                                                      "Plans": [
                                                        {
                                                          "Node Type": "Seq Scan",
                                                          "Parent Relationship": "Outer",
                                                          "Parallel Aware": true,
                                                          "Relation Name": "aka_name",
                                                          "Alias": "an",
                                                          "Startup Cost": 0.0,
                                                          "Total Cost": 14303.56,
                                                          "Plan Rows": 290756,
                                                          "Plan Width": 20,
                                                          "Actual Startup Time": 0.032,
                                                          "Actual Total Time": 52.866,
                                                          "Actual Rows": 225336,
                                                          "Actual Loops": 4
                                                        },
                                                        {
                                                          "Node Type": "Hash",
                                                          "Parent Relationship": "Inner",
                                                          "Parallel Aware": true,
                                                          "Startup Cost": 71240.82,
                                                          "Total Cost": 71240.82,
                                                          "Plan Rows": 12000,
                                                          "Plan Width": 19,
                                                          "Actual Startup Time": 382.567,
                                                          "Actual Total Time": 382.574,
                                                          "Actual Rows": 12503,
                                                          "Actual Loops": 4,
                                                          "Hash Buckets": 65536,
                                                          "Original Hash Buckets": 65536,
                                                          "Hash Batches": 1,
                                                          "Original Hash Batches": 1,
                                                          "Peak Memory Usage": 3296,
                                                          "Plans": [
                                                            {
                                                              "Node Type": "Seq Scan",
                                                              "Parent Relationship": "Outer",
                                                              "Parallel Aware": true,
                                                              "Relation Name": "name",
                                                              "Alias": "n",
                                                              "Startup Cost": 0.0,
                                                              "Total Cost": 71240.82,
                                                              "Plan Rows": 12000,
                                                              "Plan Width": 19,
                                                              "Actual Startup Time": 164.822,
                                                              "Actual Total Time": 374.782,
                                                              "Actual Rows": 12503,
                                                              "Actual Loops": 4,
                                                              "Filter": "((name ~~ '%An%'::text) AND ((gender)::text = 'f'::text))",
                                                              "Rows Removed by Filter": 1029370
                                                            }
                                                          ]
                                                        }
                                                      ]
                                                    }
                                                  ]
                                                }
                                              ]
                                            },
                                            {
                                              "Node Type": "Hash",
                                              "Parent Relationship": "Inner",
                                              "Parallel Aware": false,
                                              "Startup Cost": 1.15,
                                              "Total Cost": 1.15,
                                              "Plan Rows": 1,
                                              "Plan Width": 4,
                                              "Actual Startup Time": 0.14,
                                              "Actual Total Time": 0.142,
                                              "Actual Rows": 1,
                                              "Actual Loops": 4,
                                              "Hash Buckets": 1024,
                                              "Original Hash Buckets": 1024,
                                              "Hash Batches": 1,
                                              "Original Hash Batches": 1,
                                              "Peak Memory Usage": 9,
                                              "Plans": [
                                                {
                                                  "Node Type": "Seq Scan",
                                                  "Parent Relationship": "Outer",
                                                  "Parallel Aware": false,
                                                  "Relation Name": "role_type",
                                                  "Alias": "rt",
                                                  "Startup Cost": 0.0,
                                                  "Total Cost": 1.15,
                                                  "Plan Rows": 1,
                                                  "Plan Width": 4,
                                                  "Actual Startup Time": 0.113,
                                                  "Actual Total Time": 0.116,
                                                  "Actual Rows": 1,
                                                  "Actual Loops": 4,
                                                  "Filter": "((role)::text = 'actress'::text)",
                                                  "Rows Removed by Filter": 11
                                                }
                                              ]
                                            }
                                          ]
                                        },
                                        {
                                          "Node Type": "Hash",
                                          "Parent Relationship": "Inner",
                                          "Parallel Aware": true,
                                          "Startup Cost": 44298.85,
                                          "Total Cost": 44298.85,
                                          "Plan Rows": 785085,
                                          "Plan Width": 20,
                                          "Actual Startup Time": 836.381,
                                          "Actual Total Time": 836.382,
                                          "Actual Rows": 785085,
                                          "Actual Loops": 4,
                                          "Hash Buckets": 4194304,
                                          "Original Hash Buckets": 4194304,
                                          "Hash Batches": 1,
                                          "Original Hash Batches": 1,
                                          "Peak Memory Usage": 205088,
                                          "Plans": [
                                            {
                                              "Node Type": "Seq Scan",
                                              "Parent Relationship": "Outer",
                                              "Parallel Aware": true,
                                              "Relation Name": "char_name",
                                              "Alias": "chn",
                                              "Startup Cost": 0.0,
                                              "Total Cost": 44298.85,
                                              "Plan Rows": 785085,
                                              "Plan Width": 20,
                                              "Actual Startup Time": 0.106,
                                              "Actual Total Time": 239.456,
                                              "Actual Rows": 785085,
                                              "Actual Loops": 4
                                            }
                                          ]
                                        }
                                      ]
                                    }
                                  ]
                                }
                              ]
                            }
                          ]
                        }
                      ]
                    },
                    {
                      "Node Type": "Hash",
                      "Parent Relationship": "Inner",
                      "Parallel Aware": true,
                      "Startup Cost": 4722.92,
                      "Total Cost": 4722.92,
                      "Plan Rows": 49958,
                      "Plan Width": 4,
                      "Actual Startup Time": 38.143,
                      "Actual Total Time": 38.144,
                      "Actual Rows": 21211,
                      "Actual Loops": 4,
                      "Hash Buckets": 131072,
                      "Original Hash Buckets": 131072,
                      "Hash Batches": 1,
                      "Original Hash Batches": 1,
                      "Peak Memory Usage": 4416,
                      "Plans": [
                        {
                          "Node Type": "Seq Scan",
                          "Parent Relationship": "Outer",
                          "Parallel Aware": true,
                          "Relation Name": "company_name",
                          "Alias": "cn",
                          "Startup Cost": 0.0,
                          "Total Cost": 4722.92,
                          "Plan Rows": 49958,
                          "Plan Width": 4,
                          "Actual Startup Time": 0.065,
                          "Actual Total Time": 27.254,
                          "Actual Rows": 21211,
                          "Actual Loops": 4,
                          "Filter": "((country_code)::text = '[us]'::text)",
                          "Rows Removed by Filter": 37538
                        }
                      ]
                    }
                  ]
                }
              ]
            }
          ]
        }
      ]
    },
    "Planning Time": 9.226,
    "Triggers": [],
    "Execution Time": 3712.411
  }
]