{
    "Plan": {
        "Node Type": "Aggregate",
        "Strategy": "Plain",
        "Partial Mode": "Finalize",
        "Parallel Aware": false,
        "Startup Cost": 381262.65,
        "Total Cost": 381262.66,
        "Plan Rows": 1,
        "Plan Width": 8,
        "Actual Startup Time": 1118.182,
        "Actual Total Time": 1170.798,
        "Actual Rows": 1,
        "Actual Loops": 1,
        "Output": [
            "count(*)"
        ],
        "Plans": [
            {
                "Node Type": "Gather",
                "Parent Relationship": "Outer",
                "Parallel Aware": false,
                "Startup Cost": 381262.03,
                "Total Cost": 381262.64,
                "Plan Rows": 6,
                "Plan Width": 8,
                "Actual Startup Time": 1116.934,
                "Actual Total Time": 1170.787,
                "Actual Rows": 7,
                "Actual Loops": 1,
                "Output": [
                    "(PARTIAL count(*))"
                ],
                "Workers Planned": 6,
                "Workers Launched": 6,
                "Single Copy": false,
                "Plans": [
                    {
                        "Node Type": "Aggregate",
                        "Strategy": "Plain",
                        "Partial Mode": "Partial",
                        "Parent Relationship": "Outer",
                        "Parallel Aware": false,
                        "Startup Cost": 380262.03,
                        "Total Cost": 380262.04,
                        "Plan Rows": 1,
                        "Plan Width": 8,
                        "Actual Startup Time": 1106.273,
                        "Actual Total Time": 1106.276,
                        "Actual Rows": 1,
                        "Actual Loops": 7,
                        "Output": [
                            "PARTIAL count(*)"
                        ],
                        "Workers": [
                            {
                                "Worker Number": 0,
                                "Actual Startup Time": 1100.424,
                                "Actual Total Time": 1100.427,
                                "Actual Rows": 1,
                                "Actual Loops": 1
                            },
                            {
                                "Worker Number": 1,
                                "Actual Startup Time": 1104.089,
                                "Actual Total Time": 1104.091,
                                "Actual Rows": 1,
                                "Actual Loops": 1
                            },
                            {
                                "Worker Number": 2,
                                "Actual Startup Time": 1104.501,
                                "Actual Total Time": 1104.504,
                                "Actual Rows": 1,
                                "Actual Loops": 1
                            },
                            {
                                "Worker Number": 3,
                                "Actual Startup Time": 1100.426,
                                "Actual Total Time": 1100.429,
                                "Actual Rows": 1,
                                "Actual Loops": 1
                            },
                            {
                                "Worker Number": 4,
                                "Actual Startup Time": 1109.232,
                                "Actual Total Time": 1109.235,
                                "Actual Rows": 1,
                                "Actual Loops": 1
                            },
                            {
                                "Worker Number": 5,
                                "Actual Startup Time": 1109.23,
                                "Actual Total Time": 1109.233,
                                "Actual Rows": 1,
                                "Actual Loops": 1
                            }
                        ],
                        "Plans": [
                            {
                                "Node Type": "Hash Join",
                                "Parent Relationship": "Outer",
                                "Parallel Aware": true,
                                "Join Type": "Inner",
                                "Startup Cost": 45777.48,
                                "Total Cost": 380044.39,
                                "Plan Rows": 87056,
                                "Plan Width": 0,
                                "Actual Startup Time": 91.622,
                                "Actual Total Time": 1098.79,
                                "Actual Rows": 111178,
                                "Actual Loops": 7,
                                "Inner Unique": true,
                                "Hash Cond": "(ci.movie_id = t.id)",
                                "Workers": [
                                    {
                                        "Worker Number": 0,
                                        "Actual Startup Time": 85.758,
                                        "Actual Total Time": 1092.929,
                                        "Actual Rows": 90867,
                                        "Actual Loops": 1
                                    },
                                    {
                                        "Worker Number": 1,
                                        "Actual Startup Time": 89.407,
                                        "Actual Total Time": 1096.53,
                                        "Actual Rows": 93013,
                                        "Actual Loops": 1
                                    },
                                    {
                                        "Worker Number": 2,
                                        "Actual Startup Time": 89.856,
                                        "Actual Total Time": 1096.94,
                                        "Actual Rows": 93049,
                                        "Actual Loops": 1
                                    },
                                    {
                                        "Worker Number": 3,
                                        "Actual Startup Time": 85.979,
                                        "Actual Total Time": 1092.906,
                                        "Actual Rows": 89815,
                                        "Actual Loops": 1
                                    },
                                    {
                                        "Worker Number": 4,
                                        "Actual Startup Time": 94.543,
                                        "Actual Total Time": 1101.489,
                                        "Actual Rows": 96229,
                                        "Actual Loops": 1
                                    },
                                    {
                                        "Worker Number": 5,
                                        "Actual Startup Time": 94.533,
                                        "Actual Total Time": 1102.17,
                                        "Actual Rows": 140065,
                                        "Actual Loops": 1
                                    }
                                ],
                                "Plans": [
                                    {
                                        "Node Type": "Seq Scan",
                                        "Parent Relationship": "Outer",
                                        "Parallel Aware": true,
                                        "Relation Name": "cast_info",
                                        "Schema": "public",
                                        "Alias": "ci",
                                        "Startup Cost": 0.0,
                                        "Total Cost": 328213.62,
                                        "Plan Rows": 2306010,
                                        "Plan Width": 4,
                                        "Actual Startup Time": 0.04,
                                        "Actual Total Time": 660.281,
                                        "Actual Rows": 1973796,
                                        "Actual Loops": 7,
                                        "Output": [
                                            "ci.id",
                                            "ci.person_id",
                                            "ci.movie_id",
                                            "ci.person_role_id",
                                            "ci.note",
                                            "ci.nr_order",
                                            "ci.role_id"
                                        ],
                                        "Filter": "(ci.person_id < 1360384)",
                                        "Rows Removed by Filter": 3203968,
                                        "Workers": [
                                            {
                                                "Worker Number": 0,
                                                "Actual Startup Time": 0.048,
                                                "Actual Total Time": 652.761,
                                                "Actual Rows": 1609516,
                                                "Actual Loops": 1
                                            },
                                            {
                                                "Worker Number": 1,
                                                "Actual Startup Time": 0.037,
                                                "Actual Total Time": 661.519,
                                                "Actual Rows": 1669986,
                                                "Actual Loops": 1
                                            },
                                            {
                                                "Worker Number": 2,
                                                "Actual Startup Time": 0.041,
                                                "Actual Total Time": 663.037,
                                                "Actual Rows": 1667603,
                                                "Actual Loops": 1
                                            },
                                            {
                                                "Worker Number": 3,
                                                "Actual Startup Time": 0.058,
                                                "Actual Total Time": 657.053,
                                                "Actual Rows": 1620128,
                                                "Actual Loops": 1
                                            },
                                            {
                                                "Worker Number": 4,
                                                "Actual Startup Time": 0.046,
                                                "Actual Total Time": 663.182,
                                                "Actual Rows": 1680131,
                                                "Actual Loops": 1
                                            },
                                            {
                                                "Worker Number": 5,
                                                "Actual Startup Time": 0.037,
                                                "Actual Total Time": 666.84,
                                                "Actual Rows": 2446053,
                                                "Actual Loops": 1
                                            }
                                        ]
                                    },
                                    {
                                        "Node Type": "Hash",
                                        "Parent Relationship": "Inner",
                                        "Parallel Aware": true,
                                        "Startup Cost": 45479.21,
                                        "Total Cost": 45479.21,
                                        "Plan Rows": 23862,
                                        "Plan Width": 4,
                                        "Actual Startup Time": 90.008,
                                        "Actual Total Time": 90.009,
                                        "Actual Rows": 14351,
                                        "Actual Loops": 7,
                                        "Output": [
                                            "t.id"
                                        ],
                                        "Hash Buckets": 131072,
                                        "Original Hash Buckets": 131072,
                                        "Hash Batches": 1,
                                        "Original Hash Batches": 1,
                                        "Peak Memory Usage": 5120,
                                        "Workers": [
                                            {
                                                "Worker Number": 0,
                                                "Actual Startup Time": 84.936,
                                                "Actual Total Time": 84.937,
                                                "Actual Rows": 8268,
                                                "Actual Loops": 1
                                            },
                                            {
                                                "Worker Number": 1,
                                                "Actual Startup Time": 88.61,
                                                "Actual Total Time": 88.611,
                                                "Actual Rows": 13120,
                                                "Actual Loops": 1
                                            },
                                            {
                                                "Worker Number": 2,
                                                "Actual Startup Time": 88.883,
                                                "Actual Total Time": 88.884,
                                                "Actual Rows": 13915,
                                                "Actual Loops": 1
                                            },
                                            {
                                                "Worker Number": 3,
                                                "Actual Startup Time": 84.936,
                                                "Actual Total Time": 84.937,
                                                "Actual Rows": 7752,
                                                "Actual Loops": 1
                                            },
                                            {
                                                "Worker Number": 4,
                                                "Actual Startup Time": 94.021,
                                                "Actual Total Time": 94.022,
                                                "Actual Rows": 13824,
                                                "Actual Loops": 1
                                            },
                                            {
                                                "Worker Number": 5,
                                                "Actual Startup Time": 93.987,
                                                "Actual Total Time": 93.988,
                                                "Actual Rows": 19033,
                                                "Actual Loops": 1
                                            }
                                        ],
                                        "Plans": [
                                            {
                                                "Node Type": "Seq Scan",
                                                "Parent Relationship": "Outer",
                                                "Parallel Aware": true,
                                                "Relation Name": "title",
                                                "Schema": "public",
                                                "Alias": "t",
                                                "Startup Cost": 0.0,
                                                "Total Cost": 45479.21,
                                                "Plan Rows": 23862,
                                                "Plan Width": 4,
                                                "Actual Startup Time": 54.258,
                                                "Actual Total Time": 83.088,
                                                "Actual Rows": 14351,
                                                "Actual Loops": 7,
                                                "Output": [
                                                    "t.id"
                                                ],
                                                "Filter": "((t.production_year > 1914) AND (t.kind_id = 3))",
                                                "Rows Removed by Filter": 346836,
                                                "Workers": [
                                                    {
                                                        "Worker Number": 0,
                                                        "Actual Startup Time": 51.005,
                                                        "Actual Total Time": 78.733,
                                                        "Actual Rows": 8268,
                                                        "Actual Loops": 1
                                                    },
                                                    {
                                                        "Worker Number": 1,
                                                        "Actual Startup Time": 51.875,
                                                        "Actual Total Time": 81.469,
                                                        "Actual Rows": 13120,
                                                        "Actual Loops": 1
                                                    },
                                                    {
                                                        "Worker Number": 2,
                                                        "Actual Startup Time": 55.088,
                                                        "Actual Total Time": 82.155,
                                                        "Actual Rows": 13915,
                                                        "Actual Loops": 1
                                                    },
                                                    {
                                                        "Worker Number": 3,
                                                        "Actual Startup Time": 51.0,
                                                        "Actual Total Time": 79.19,
                                                        "Actual Rows": 7752,
                                                        "Actual Loops": 1
                                                    },
                                                    {
                                                        "Worker Number": 4,
                                                        "Actual Startup Time": 60.136,
                                                        "Actual Total Time": 87.372,
                                                        "Actual Rows": 13824,
                                                        "Actual Loops": 1
                                                    },
                                                    {
                                                        "Worker Number": 5,
                                                        "Actual Startup Time": 54.854,
                                                        "Actual Total Time": 86.4,
                                                        "Actual Rows": 19033,
                                                        "Actual Loops": 1
                                                    }
                                                ]
                                            }
                                        ]
                                    }
                                ]
                            }
                        ]
                    }
                ]
            }
        ]
    },
    "Planning Time": 0.764,
    "Triggers": [],
    "Execution Time": 1170.89
}