[
  {
    "Plan": {
      "Node Type": "Aggregate",
      "Strategy": "Plain",
      "Partial Mode": "Finalize",
      "Parallel Aware": false,
      "Startup Cost": 214051.31,
      "Total Cost": 214051.32,
      "Plan Rows": 1,
      "Plan Width": 8,
      "Actual Startup Time": 1252.178,
      "Actual Total Time": 1349.462,
      "Actual Rows": 1,
      "Actual Loops": 1,
      "Plans": [
        {
          "Node Type": "Gather",
          "Parent Relationship": "Outer",
          "Parallel Aware": false,
          "Startup Cost": 214050.99,
          "Total Cost": 214051.3,
          "Plan Rows": 3,
          "Plan Width": 8,
          "Actual Startup Time": 1239.91,
          "Actual Total Time": 1349.452,
          "Actual Rows": 4,
          "Actual Loops": 1,
          "Workers Planned": 3,
          "Workers Launched": 3,
          "Single Copy": false,
          "Plans": [
            {
              "Node Type": "Aggregate",
              "Strategy": "Plain",
              "Partial Mode": "Partial",
              "Parent Relationship": "Outer",
              "Parallel Aware": false,
              "Startup Cost": 213050.99,
              "Total Cost": 213051.0,
              "Plan Rows": 1,
              "Plan Width": 8,
              "Actual Startup Time": 1226.082,
              "Actual Total Time": 1226.087,
              "Actual Rows": 1,
              "Actual Loops": 4,
              "Plans": [
                {
                  "Node Type": "Nested Loop",
                  "Parent Relationship": "Outer",
                  "Parallel Aware": false,
                  "Join Type": "Inner",
                  "Startup Cost": 58963.49,
                  "Total Cost": 212841.08,
                  "Plan Rows": 83966,
                  "Plan Width": 0,
                  "Actual Startup Time": 496.5,
                  "Actual Total Time": 1226.055,
                  "Actual Rows": 28,
                  "Actual Loops": 4,
                  "Inner Unique": false,
                  "Plans": [
                    {
                      "Node Type": "Hash Join",
                      "Parent Relationship": "Outer",
                      "Parallel Aware": true,
                      "Join Type": "Inner",
                      "Startup Cost": 58962.92,
                      "Total Cost": 79891.23,
                      "Plan Rows": 66874,
                      "Plan Width": 8,
                      "Actual Startup Time": 401.386,
                      "Actual Total Time": 442.352,
                      "Actual Rows": 23549,
                      "Actual Loops": 4,
                      "Inner Unique": true,
                      "Hash Cond": "(mc.movie_id = t.id)",
                      "Plans": [
                        {
                          "Node Type": "Bitmap Heap Scan",
                          "Parent Relationship": "Outer",
                          "Parallel Aware": true,
                          "Relation Name": "movie_companies",
                          "Alias": "mc",
                          "Startup Cost": 8742.54,
                          "Total Cost": 29495.31,
                          "Plan Rows": 66874,
                          "Plan Width": 4,
                          "Actual Startup Time": 49.348,
                          "Actual Total Time": 62.637,
                          "Actual Rows": 23549,
                          "Actual Loops": 4,
                          "Recheck Cond": "(company_id < 252)",
                          "Rows Removed by Index Recheck": 0,
                          "Filter": "(company_type_id = 2)",
                          "Rows Removed by Filter": 76195,
                          "Exact Heap Blocks": 6654,
                          "Lossy Heap Blocks": 0,
                          "Plans": [
                            {
                              "Node Type": "Bitmap Index Scan",
                              "Parent Relationship": "Outer",
                              "Parallel Aware": false,
                              "Index Name": "company_id_movie_companies",
                              "Startup Cost": 0.0,
                              "Total Cost": 8690.72,
                              "Plan Rows": 405638,
                              "Plan Width": 0,
                              "Actual Startup Time": 19.451,
                              "Actual Total Time": 19.452,
                              "Actual Rows": 398976,
                              "Actual Loops": 1,
                              "Index Cond": "(company_id < 252)"
                            }
                          ]
                        },
                        {
                          "Node Type": "Hash",
                          "Parent Relationship": "Inner",
                          "Parallel Aware": true,
                          "Startup Cost": 42319.06,
                          "Total Cost": 42319.06,
                          "Plan Rows": 632106,
                          "Plan Width": 4,
                          "Actual Startup Time": 343.304,
                          "Actual Total Time": 343.305,
                          "Actual Rows": 632078,
                          "Actual Loops": 4,
                          "Hash Buckets": 4194304,
                          "Original Hash Buckets": 4194304,
                          "Hash Batches": 1,
                          "Original Hash Batches": 1,
                          "Peak Memory Usage": 131712,
                          "Plans": [
                            {
                              "Node Type": "Seq Scan",
                              "Parent Relationship": "Outer",
                              "Parallel Aware": true,
                              "Relation Name": "title",
                              "Alias": "t",
                              "Startup Cost": 0.0,
                              "Total Cost": 42319.06,
                              "Plan Rows": 632106,
                              "Plan Width": 4,
                              "Actual Startup Time": 0.036,
                              "Actual Total Time": 104.029,
                              "Actual Rows": 632078,
                              "Actual Loops": 4
                            }
                          ]
                        }
                      ]
                    },
                    {
                      "Node Type": "Index Scan",
                      "Parent Relationship": "Inner",
                      "Parallel Aware": false,
                      "Scan Direction": "Forward",
                      "Index Name": "movie_id_cast_info",
                      "Relation Name": "cast_info",
                      "Alias": "ci",
                      "Startup Cost": 0.56,
                      "Total Cost": 1.96,
                      "Plan Rows": 3,
                      "Plan Width": 4,
                      "Actual Startup Time": 0.033,
                      "Actual Total Time": 0.033,
                      "Actual Rows": 0,
                      "Actual Loops": 94196,
                      "Index Cond": "(movie_id = t.id)",
                      "Rows Removed by Index Recheck": 0,
                      "Filter": "((person_id < 1522631) AND (role_id = 2))",
                      "Rows Removed by Filter": 26
                    }
                  ]
                }
              ]
            }
          ]
        }
      ]
    },
    "Planning Time": 0.555,
    "Triggers": [],
    "Execution Time": 1349.55
  }
]