[
  {
    "Plan": {
      "Node Type": "Aggregate",
      "Strategy": "Plain",
      "Partial Mode": "Finalize",
      "Parallel Aware": false,
      "Startup Cost": 154677.64,
      "Total Cost": 154677.65,
      "Plan Rows": 1,
      "Plan Width": 8,
      "Actual Startup Time": 433.345,
      "Actual Total Time": 452.81,
      "Actual Rows": 1,
      "Actual Loops": 1,
      "Plans": [
        {
          "Node Type": "Gather",
          "Parent Relationship": "Outer",
          "Parallel Aware": false,
          "Startup Cost": 154677.11,
          "Total Cost": 154677.62,
          "Plan Rows": 5,
          "Plan Width": 8,
          "Actual Startup Time": 424.491,
          "Actual Total Time": 452.797,
          "Actual Rows": 6,
          "Actual Loops": 1,
          "Workers Planned": 5,
          "Workers Launched": 5,
          "Single Copy": false,
          "Plans": [
            {
              "Node Type": "Aggregate",
              "Strategy": "Plain",
              "Partial Mode": "Partial",
              "Parent Relationship": "Outer",
              "Parallel Aware": false,
              "Startup Cost": 153677.11,
              "Total Cost": 153677.12,
              "Plan Rows": 1,
              "Plan Width": 8,
              "Actual Startup Time": 411.751,
              "Actual Total Time": 411.759,
              "Actual Rows": 1,
              "Actual Loops": 6,
              "Plans": [
                {
                  "Node Type": "Hash Join",
                  "Parent Relationship": "Outer",
                  "Parallel Aware": true,
                  "Join Type": "Inner",
                  "Startup Cost": 79132.1,
                  "Total Cost": 153635.01,
                  "Plan Rows": 16843,
                  "Plan Width": 0,
                  "Actual Startup Time": 276.19,
                  "Actual Total Time": 411.255,
                  "Actual Rows": 7850,
                  "Actual Loops": 6,
                  "Inner Unique": false,
                  "Hash Cond": "(ci.movie_id = t.id)",
                  "Plans": [
                    {
                      "Node Type": "Index Scan",
                      "Parent Relationship": "Outer",
                      "Parallel Aware": true,
                      "Scan Direction": "Forward",
                      "Index Name": "role_id_cast_info",
                      "Relation Name": "cast_info",
                      "Alias": "ci",
                      "Startup Cost": 0.56,
                      "Total Cost": 72913.16,
                      "Plan Rows": 409597,
                      "Plan Width": 4,
                      "Actual Startup Time": 0.303,
                      "Actual Total Time": 99.077,
                      "Actual Rows": 271719,
                      "Actual Loops": 6,
                      "Index Cond": "(role_id = 4)",
                      "Rows Removed by Index Recheck": 0,
                      "Filter": "(person_id < 2845143)",
                      "Rows Removed by Filter": 183105
                    },
                    {
                      "Node Type": "Hash",
                      "Parent Relationship": "Inner",
                      "Parallel Aware": true,
                      "Startup Cost": 78712.3,
                      "Total Cost": 78712.3,
                      "Plan Rows": 33539,
                      "Plan Width": 8,
                      "Actual Startup Time": 274.372,
                      "Actual Total Time": 274.377,
                      "Actual Rows": 8176,
                      "Actual Loops": 6,
                      "Hash Buckets": 131072,
                      "Original Hash Buckets": 131072,
                      "Hash Batches": 1,
                      "Original Hash Batches": 1,
                      "Peak Memory Usage": 3040,
                      "Plans": [
                        {
                          "Node Type": "Hash Join",
                          "Parent Relationship": "Outer",
                          "Parallel Aware": true,
                          "Join Type": "Inner",
                          "Startup Cost": 57911.93,
                          "Total Cost": 78712.3,
                          "Plan Rows": 33539,
                          "Plan Width": 8,
                          "Actual Startup Time": 249.79,
                          "Actual Total Time": 270.845,
                          "Actual Rows": 8176,
                          "Actual Loops": 6,
                          "Inner Unique": true,
                          "Hash Cond": "(mc.movie_id = t.id)",
                          "Plans": [
                            {
                              "Node Type": "Bitmap Heap Scan",
                              "Parent Relationship": "Outer",
                              "Parallel Aware": true,
                              "Relation Name": "movie_companies",
                              "Alias": "mc",
                              "Startup Cost": 8217.41,
                              "Total Cost": 28852.73,
                              "Plan Rows": 62872,
                              "Plan Width": 4,
                              "Actual Startup Time": 44.575,
                              "Actual Total Time": 55.024,
                              "Actual Rows": 14506,
                              "Actual Loops": 6,
                              "Recheck Cond": "(company_id < 225)",
                              "Rows Removed by Index Recheck": 0,
                              "Filter": "(company_type_id > 1)",
                              "Rows Removed by Filter": 48265,
                              "Exact Heap Blocks": 4582,
                              "Lossy Heap Blocks": 0,
                              "Plans": [
                                {
                                  "Node Type": "Bitmap Index Scan",
                                  "Parent Relationship": "Outer",
                                  "Parallel Aware": false,
                                  "Index Name": "company_id_movie_companies",
                                  "Startup Cost": 0.0,
                                  "Total Cost": 8168.68,
                                  "Plan Rows": 381367,
                                  "Plan Width": 0,
                                  "Actual Startup Time": 15.723,
                                  "Actual Total Time": 15.724,
                                  "Actual Rows": 376622,
                                  "Actual Loops": 1,
                                  "Index Cond": "(company_id < 225)"
                                }
                              ]
                            },
                            {
                              "Node Type": "Hash",
                              "Parent Relationship": "Inner",
                              "Parallel Aware": true,
                              "Startup Cost": 45479.59,
                              "Total Cost": 45479.59,
                              "Plan Rows": 337195,
                              "Plan Width": 4,
                              "Actual Startup Time": 200.701,
                              "Actual Total Time": 200.702,
                              "Actual Rows": 220948,
                              "Actual Loops": 6,
                              "Hash Buckets": 2097152,
                              "Original Hash Buckets": 2097152,
                              "Hash Batches": 1,
                              "Original Hash Batches": 1,
                              "Peak Memory Usage": 68320,
                              "Plans": [
                                {
                                  "Node Type": "Seq Scan",
                                  "Parent Relationship": "Outer",
                                  "Parallel Aware": true,
                                  "Relation Name": "title",
                                  "Alias": "t",
                                  "Startup Cost": 0.0,
                                  "Total Cost": 45479.59,
                                  "Plan Rows": 337195,
                                  "Plan Width": 4,
                                  "Actual Startup Time": 0.066,
                                  "Actual Total Time": 88.686,
                                  "Actual Rows": 220948,
                                  "Actual Loops": 6,
                                  "Filter": "((kind_id > 2) AND (production_year < 2010))",
                                  "Rows Removed by Filter": 200437
                                }
                              ]
                            }
                          ]
                        }
                      ]
                    }
                  ]
                }
              ]
            }
          ]
        }
      ]
    },
    "Planning Time": 1.308,
    "Triggers": [],
    "Execution Time": 452.913
  }
]