[
  {
    "Plan": {
      "Node Type": "Aggregate",
      "Strategy": "Plain",
      "Partial Mode": "Finalize",
      "Parallel Aware": false,
      "Startup Cost": 82100.74,
      "Total Cost": 82100.75,
      "Plan Rows": 1,
      "Plan Width": 8,
      "Actual Startup Time": 205.665,
      "Actual Total Time": 221.175,
      "Actual Rows": 1,
      "Actual Loops": 1,
      "Plans": [
        {
          "Node Type": "Gather",
          "Parent Relationship": "Outer",
          "Parallel Aware": false,
          "Startup Cost": 82100.42,
          "Total Cost": 82100.73,
          "Plan Rows": 3,
          "Plan Width": 8,
          "Actual Startup Time": 204.595,
          "Actual Total Time": 221.161,
          "Actual Rows": 4,
          "Actual Loops": 1,
          "Workers Planned": 3,
          "Workers Launched": 3,
          "Single Copy": false,
          "Plans": [
            {
              "Node Type": "Aggregate",
              "Strategy": "Plain",
              "Partial Mode": "Partial",
              "Parent Relationship": "Outer",
              "Parallel Aware": false,
              "Startup Cost": 81100.42,
              "Total Cost": 81100.43,
              "Plan Rows": 1,
              "Plan Width": 8,
              "Actual Startup Time": 195.04,
              "Actual Total Time": 195.045,
              "Actual Rows": 1,
              "Actual Loops": 4,
              "Plans": [
                {
                  "Node Type": "Nested Loop",
                  "Parent Relationship": "Outer",
                  "Parallel Aware": false,
                  "Join Type": "Inner",
                  "Startup Cost": 38836.18,
                  "Total Cost": 81078.61,
                  "Plan Rows": 8723,
                  "Plan Width": 0,
                  "Actual Startup Time": 74.027,
                  "Actual Total Time": 192.914,
                  "Actual Rows": 45498,
                  "Actual Loops": 4,
                  "Inner Unique": false,
                  "Join Filter": "(t.id = mk.movie_id)",
                  "Rows Removed by Join Filter": 0,
                  "Plans": [
                    {
                      "Node Type": "Hash Join",
                      "Parent Relationship": "Outer",
                      "Parallel Aware": true,
                      "Join Type": "Inner",
                      "Startup Cost": 38835.75,
                      "Total Cost": 70758.46,
                      "Plan Rows": 4875,
                      "Plan Width": 8,
                      "Actual Startup Time": 73.918,
                      "Actual Total Time": 140.349,
                      "Actual Rows": 8798,
                      "Actual Loops": 4,
                      "Inner Unique": true,
                      "Hash Cond": "(mc.movie_id = t.id)",
                      "Plans": [
                        {
                          "Node Type": "Seq Scan",
                          "Parent Relationship": "Outer",
                          "Parallel Aware": true,
                          "Relation Name": "movie_companies",
                          "Alias": "mc",
                          "Startup Cost": 0.0,
                          "Total Cost": 31414.82,
                          "Plan Rows": 193485,
                          "Plan Width": 4,
                          "Actual Startup Time": 9.818,
                          "Actual Total Time": 62.677,
                          "Actual Rows": 82852,
                          "Actual Loops": 4,
                          "Filter": "((company_id > 12083) AND (company_type_id < 2))",
                          "Rows Removed by Filter": 569430
                        },
                        {
                          "Node Type": "Hash",
                          "Parent Relationship": "Inner",
                          "Parallel Aware": true,
                          "Startup Cost": 38636.66,
                          "Total Cost": 38636.66,
                          "Plan Rows": 15927,
                          "Plan Width": 4,
                          "Actual Startup Time": 62.689,
                          "Actual Total Time": 62.691,
                          "Actual Rows": 20829,
                          "Actual Loops": 4,
                          "Hash Buckets": 131072,
                          "Original Hash Buckets": 65536,
                          "Hash Batches": 1,
                          "Original Hash Batches": 1,
                          "Peak Memory Usage": 4864,
                          "Plans": [
                            {
                              "Node Type": "Bitmap Heap Scan",
                              "Parent Relationship": "Outer",
                              "Parallel Aware": true,
                              "Relation Name": "title",
                              "Alias": "t",
                              "Startup Cost": 2183.22,
                              "Total Cost": 38636.66,
                              "Plan Rows": 15927,
                              "Plan Width": 4,
                              "Actual Startup Time": 15.22,
                              "Actual Total Time": 52.17,
                              "Actual Rows": 20829,
                              "Actual Loops": 4,
                              "Recheck Cond": "(kind_id = 4)",
                              "Rows Removed by Index Recheck": 0,
                              "Filter": "(production_year > 2001)",
                              "Rows Removed by Filter": 8730,
                              "Exact Heap Blocks": 7071,
                              "Lossy Heap Blocks": 0,
                              "Plans": [
                                {
                                  "Node Type": "Bitmap Index Scan",
                                  "Parent Relationship": "Outer",
                                  "Parallel Aware": false,
                                  "Index Name": "kind_id_title",
                                  "Startup Cost": 0.0,
                                  "Total Cost": 2167.3,
                                  "Plan Rows": 121449,
                                  "Plan Width": 0,
                                  "Actual Startup Time": 16.684,
                                  "Actual Total Time": 16.685,
                                  "Actual Rows": 118234,
                                  "Actual Loops": 1,
                                  "Index Cond": "(kind_id = 4)"
                                }
                              ]
                            }
                          ]
                        }
                      ]
                    },
                    {
                      "Node Type": "Index Only Scan",
                      "Parent Relationship": "Inner",
                      "Parallel Aware": false,
                      "Scan Direction": "Forward",
                      "Index Name": "movie_id_movie_keyword",
                      "Relation Name": "movie_keyword",
                      "Alias": "mk",
                      "Startup Cost": 0.43,
                      "Total Cost": 1.54,
                      "Plan Rows": 46,
                      "Plan Width": 4,
                      "Actual Startup Time": 0.005,
                      "Actual Total Time": 0.005,
                      "Actual Rows": 5,
                      "Actual Loops": 35194,
                      "Index Cond": "(movie_id = mc.movie_id)",
                      "Rows Removed by Index Recheck": 0,
                      "Heap Fetches": 181993
                    }
                  ]
                }
              ]
            }
          ]
        }
      ]
    },
    "Planning Time": 1.504,
    "Triggers": [],
    "Execution Time": 221.282
  }
]