[
  {
    "Plan": {
      "Node Type": "Aggregate",
      "Strategy": "Plain",
      "Partial Mode": "Finalize",
      "Parallel Aware": false,
      "Startup Cost": 313849.17,
      "Total Cost": 313849.18,
      "Plan Rows": 1,
      "Plan Width": 8,
      "Actual Startup Time": 235.246,
      "Actual Total Time": 247.833,
      "Actual Rows": 1,
      "Actual Loops": 1,
      "Plans": [
        {
          "Node Type": "Gather",
          "Parent Relationship": "Outer",
          "Parallel Aware": false,
          "Startup Cost": 313848.55,
          "Total Cost": 313849.16,
          "Plan Rows": 6,
          "Plan Width": 8,
          "Actual Startup Time": 234.52,
          "Actual Total Time": 247.819,
          "Actual Rows": 7,
          "Actual Loops": 1,
          "Workers Planned": 6,
          "Workers Launched": 6,
          "Single Copy": false,
          "Plans": [
            {
              "Node Type": "Aggregate",
              "Strategy": "Plain",
              "Partial Mode": "Partial",
              "Parent Relationship": "Outer",
              "Parallel Aware": false,
              "Startup Cost": 312848.55,
              "Total Cost": 312848.56,
              "Plan Rows": 1,
              "Plan Width": 8,
              "Actual Startup Time": 228.092,
              "Actual Total Time": 228.094,
              "Actual Rows": 1,
              "Actual Loops": 7,
              "Plans": [
                {
                  "Node Type": "Bitmap Heap Scan",
                  "Parent Relationship": "Outer",
                  "Parallel Aware": true,
                  "Relation Name": "cast_info",
                  "Alias": "ci",
                  "Startup Cost": 53415.89,
                  "Total Cost": 312174.53,
                  "Plan Rows": 269608,
                  "Plan Width": 0,
                  "Actual Startup Time": 97.409,
                  "Actual Total Time": 211.295,
                  "Actual Rows": 284676,
                  "Actual Loops": 7,
                  "Recheck Cond": "(person_id < 242930)",
                  "Rows Removed by Index Recheck": 0,
                  "Filter": "(role_id < 4)",
                  "Rows Removed by Filter": 73397,
                  "Exact Heap Blocks": 6749,
                  "Lossy Heap Blocks": 0,
                  "Plans": [
                    {
                      "Node Type": "Bitmap Index Scan",
                      "Parent Relationship": "Outer",
                      "Parallel Aware": false,
                      "Index Name": "person_id_cast_info",
                      "Startup Cost": 0.0,
                      "Total Cost": 53011.48,
                      "Plan Rows": 2428655,
                      "Plan Width": 0,
                      "Actual Startup Time": 98.812,
                      "Actual Total Time": 98.812,
                      "Actual Rows": 2506510,
                      "Actual Loops": 1,
                      "Index Cond": "(person_id < 242930)"
                    }
                  ]
                }
              ]
            }
          ]
        }
      ]
    },
    "Planning Time": 0.235,
    "Triggers": [],
    "Execution Time": 247.914
  }
]