[
  {
    "Plan": {
      "Node Type": "Aggregate",
      "Strategy": "Plain",
      "Partial Mode": "Finalize",
      "Parallel Aware": false,
      "Startup Cost": 314962.12,
      "Total Cost": 314962.13,
      "Plan Rows": 1,
      "Plan Width": 8,
      "Actual Startup Time": 221.681,
      "Actual Total Time": 230.587,
      "Actual Rows": 1,
      "Actual Loops": 1,
      "Plans": [
        {
          "Node Type": "Gather",
          "Parent Relationship": "Outer",
          "Parallel Aware": false,
          "Startup Cost": 314961.49,
          "Total Cost": 314962.1,
          "Plan Rows": 6,
          "Plan Width": 8,
          "Actual Startup Time": 221.189,
          "Actual Total Time": 230.578,
          "Actual Rows": 7,
          "Actual Loops": 1,
          "Workers Planned": 6,
          "Workers Launched": 6,
          "Single Copy": false,
          "Plans": [
            {
              "Node Type": "Aggregate",
              "Strategy": "Plain",
              "Partial Mode": "Partial",
              "Parent Relationship": "Outer",
              "Parallel Aware": false,
              "Startup Cost": 313961.49,
              "Total Cost": 313961.5,
              "Plan Rows": 1,
              "Plan Width": 8,
              "Actual Startup Time": 212.142,
              "Actual Total Time": 212.143,
              "Actual Rows": 1,
              "Actual Loops": 7,
              "Plans": [
                {
                  "Node Type": "Bitmap Heap Scan",
                  "Parent Relationship": "Outer",
                  "Parallel Aware": true,
                  "Relation Name": "cast_info",
                  "Alias": "ci",
                  "Startup Cost": 54412.36,
                  "Total Cost": 313282.08,
                  "Plan Rows": 271765,
                  "Plan Width": 0,
                  "Actual Startup Time": 94.91,
                  "Actual Total Time": 196.319,
                  "Actual Rows": 284676,
                  "Actual Loops": 7,
                  "Recheck Cond": "(person_id < 242930)",
                  "Rows Removed by Index Recheck": 0,
                  "Filter": "(role_id < 4)",
                  "Rows Removed by Filter": 73397,
                  "Exact Heap Blocks": 5879,
                  "Lossy Heap Blocks": 0,
                  "Plans": [
                    {
                      "Node Type": "Bitmap Index Scan",
                      "Parent Relationship": "Outer",
                      "Parallel Aware": false,
                      "Index Name": "person_id_cast_info",
                      "Startup Cost": 0.0,
                      "Total Cost": 54004.72,
                      "Plan Rows": 2473087,
                      "Plan Width": 0,
                      "Actual Startup Time": 99.027,
                      "Actual Total Time": 99.027,
                      "Actual Rows": 2506510,
                      "Actual Loops": 1,
                      "Index Cond": "(person_id < 242930)"
                    }
                  ]
                }
              ]
            }
          ]
        }
      ]
    },
    "Planning Time": 0.233,
    "Triggers": [],
    "Execution Time": 230.659
  }
]