[
  {
    "Plan": {
      "Node Type": "Aggregate",
      "Strategy": "Plain",
      "Partial Mode": "Finalize",
      "Parallel Aware": false,
      "Startup Cost": 333957.31,
      "Total Cost": 333957.32,
      "Plan Rows": 1,
      "Plan Width": 8,
      "Actual Startup Time": 733.593,
      "Actual Total Time": 783.724,
      "Actual Rows": 1,
      "Actual Loops": 1,
      "Plans": [
        {
          "Node Type": "Gather",
          "Parent Relationship": "Outer",
          "Parallel Aware": false,
          "Startup Cost": 333956.69,
          "Total Cost": 333957.3,
          "Plan Rows": 6,
          "Plan Width": 8,
          "Actual Startup Time": 733.292,
          "Actual Total Time": 783.713,
          "Actual Rows": 7,
          "Actual Loops": 1,
          "Workers Planned": 6,
          "Workers Launched": 6,
          "Single Copy": false,
          "Plans": [
            {
              "Node Type": "Aggregate",
              "Strategy": "Plain",
              "Partial Mode": "Partial",
              "Parent Relationship": "Outer",
              "Parallel Aware": false,
              "Startup Cost": 332956.69,
              "Total Cost": 332956.7,
              "Plan Rows": 1,
              "Plan Width": 8,
              "Actual Startup Time": 725.766,
              "Actual Total Time": 725.768,
              "Actual Rows": 1,
              "Actual Loops": 7,
              "Plans": [
                {
                  "Node Type": "Seq Scan",
                  "Parent Relationship": "Outer",
                  "Parallel Aware": true,
                  "Relation Name": "cast_info",
                  "Alias": "ci",
                  "Startup Cost": 0.0,
                  "Total Cost": 328211.39,
                  "Plan Rows": 1898119,
                  "Plan Width": 0,
                  "Actual Startup Time": 306.166,
                  "Actual Total Time": 640.892,
                  "Actual Rows": 1608941,
                  "Actual Loops": 7,
                  "Filter": "(person_id > 2574683)",
                  "Rows Removed by Filter": 3568822
                }
              ]
            }
          ]
        }
      ]
    },
    "Planning Time": 0.083,
    "Triggers": [],
    "Execution Time": 783.761
  }
]