[
    {
        "Bao": {
            "Bao prediction": "NaN",
            "Bao recommended hint": "(no hint)"
        }
    },
    {
        "Plan": {
            "Node Type": "Aggregate",
            "Strategy": "Plain",
            "Partial Mode": "Finalize",
            "Parallel Aware": false,
            "Startup Cost": 381604.73,
            "Total Cost": 381604.74,
            "Plan Rows": 1,
            "Plan Width": 8,
            "Actual Startup Time": 1328.575,
            "Actual Total Time": 1351.081,
            "Actual Rows": 1,
            "Actual Loops": 1,
            "Output": [
                "count(*)"
            ],
            "Plans": [
                {
                    "Node Type": "Gather",
                    "Parent Relationship": "Outer",
                    "Parallel Aware": false,
                    "Startup Cost": 381604.1,
                    "Total Cost": 381604.71,
                    "Plan Rows": 6,
                    "Plan Width": 8,
                    "Actual Startup Time": 1304.22,
                    "Actual Total Time": 1351.07,
                    "Actual Rows": 7,
                    "Actual Loops": 1,
                    "Output": [
                        "(PARTIAL count(*))"
                    ],
                    "Workers Planned": 6,
                    "Workers Launched": 6,
                    "Single Copy": false,
                    "Plans": [
                        {
                            "Node Type": "Aggregate",
                            "Strategy": "Plain",
                            "Partial Mode": "Partial",
                            "Parent Relationship": "Outer",
                            "Parallel Aware": false,
                            "Startup Cost": 380604.1,
                            "Total Cost": 380604.11,
                            "Plan Rows": 1,
                            "Plan Width": 8,
                            "Actual Startup Time": 1290.516,
                            "Actual Total Time": 1290.519,
                            "Actual Rows": 1,
                            "Actual Loops": 7,
                            "Output": [
                                "PARTIAL count(*)"
                            ],
                            "Workers": [
                                {
                                    "Worker Number": 0,
                                    "Actual Startup Time": 1289.329,
                                    "Actual Total Time": 1289.332,
                                    "Actual Rows": 1,
                                    "Actual Loops": 1
                                },
                                {
                                    "Worker Number": 1,
                                    "Actual Startup Time": 1288.013,
                                    "Actual Total Time": 1288.015,
                                    "Actual Rows": 1,
                                    "Actual Loops": 1
                                },
                                {
                                    "Worker Number": 2,
                                    "Actual Startup Time": 1288.009,
                                    "Actual Total Time": 1288.012,
                                    "Actual Rows": 1,
                                    "Actual Loops": 1
                                },
                                {
                                    "Worker Number": 3,
                                    "Actual Startup Time": 1288.145,
                                    "Actual Total Time": 1288.147,
                                    "Actual Rows": 1,
                                    "Actual Loops": 1
                                },
                                {
                                    "Worker Number": 4,
                                    "Actual Startup Time": 1288.123,
                                    "Actual Total Time": 1288.125,
                                    "Actual Rows": 1,
                                    "Actual Loops": 1
                                },
                                {
                                    "Worker Number": 5,
                                    "Actual Startup Time": 1288.18,
                                    "Actual Total Time": 1288.183,
                                    "Actual Rows": 1,
                                    "Actual Loops": 1
                                }
                            ],
                            "Plans": [
                                {
                                    "Node Type": "Hash Join",
                                    "Parent Relationship": "Outer",
                                    "Parallel Aware": true,
                                    "Join Type": "Inner",
                                    "Startup Cost": 50220.37,
                                    "Total Cost": 376787.39,
                                    "Plan Rows": 1526683,
                                    "Plan Width": 0,
                                    "Actual Startup Time": 223.418,
                                    "Actual Total Time": 1223.157,
                                    "Actual Rows": 1479202,
                                    "Actual Loops": 7,
                                    "Inner Unique": true,
                                    "Hash Cond": "(ci.movie_id = t.id)",
                                    "Workers": [
                                        {
                                            "Worker Number": 0,
                                            "Actual Startup Time": 220.953,
                                            "Actual Total Time": 1223.986,
                                            "Actual Rows": 1299788,
                                            "Actual Loops": 1
                                        },
                                        {
                                            "Worker Number": 1,
                                            "Actual Startup Time": 221.236,
                                            "Actual Total Time": 1219.821,
                                            "Actual Rows": 1535248,
                                            "Actual Loops": 1
                                        },
                                        {
                                            "Worker Number": 2,
                                            "Actual Startup Time": 221.271,
                                            "Actual Total Time": 1220.576,
                                            "Actual Rows": 1503964,
                                            "Actual Loops": 1
                                        },
                                        {
                                            "Worker Number": 3,
                                            "Actual Startup Time": 221.229,
                                            "Actual Total Time": 1220.131,
                                            "Actual Rows": 1534844,
                                            "Actual Loops": 1
                                        },
                                        {
                                            "Worker Number": 4,
                                            "Actual Startup Time": 221.124,
                                            "Actual Total Time": 1219.363,
                                            "Actual Rows": 1550164,
                                            "Actual Loops": 1
                                        },
                                        {
                                            "Worker Number": 5,
                                            "Actual Startup Time": 221.186,
                                            "Actual Total Time": 1223.229,
                                            "Actual Rows": 1293557,
                                            "Actual Loops": 1
                                        }
                                    ],
                                    "Plans": [
                                        {
                                            "Node Type": "Index Scan",
                                            "Parent Relationship": "Outer",
                                            "Parallel Aware": true,
                                            "Scan Direction": "Forward",
                                            "Index Name": "role_id_cast_info",
                                            "Relation Name": "cast_info",
                                            "Schema": "public",
                                            "Alias": "ci",
                                            "Startup Cost": 0.56,
                                            "Total Cost": 322560.04,
                                            "Plan Rows": 1526683,
                                            "Plan Width": 4,
                                            "Actual Startup Time": 0.191,
                                            "Actual Total Time": 345.461,
                                            "Actual Rows": 1479202,
                                            "Actual Loops": 7,
                                            "Output": [
                                                "ci.id",
                                                "ci.person_id",
                                                "ci.movie_id",
                                                "ci.person_role_id",
                                                "ci.note",
                                                "ci.nr_order",
                                                "ci.role_id"
                                            ],
                                            "Index Cond": "(ci.role_id > 3)",
                                            "Rows Removed by Index Recheck": 0,
                                            "Filter": "(ci.person_id > 859371)",
                                            "Rows Removed by Filter": 251319,
                                            "Workers": [
                                                {
                                                    "Worker Number": 0,
                                                    "Actual Startup Time": 0.317,
                                                    "Actual Total Time": 336.567,
                                                    "Actual Rows": 1299788,
                                                    "Actual Loops": 1
                                                },
                                                {
                                                    "Worker Number": 1,
                                                    "Actual Startup Time": 0.282,
                                                    "Actual Total Time": 353.692,
                                                    "Actual Rows": 1535248,
                                                    "Actual Loops": 1
                                                },
                                                {
                                                    "Worker Number": 2,
                                                    "Actual Startup Time": 0.229,
                                                    "Actual Total Time": 351.503,
                                                    "Actual Rows": 1503964,
                                                    "Actual Loops": 1
                                                },
                                                {
                                                    "Worker Number": 3,
                                                    "Actual Startup Time": 0.196,
                                                    "Actual Total Time": 354.644,
                                                    "Actual Rows": 1534844,
                                                    "Actual Loops": 1
                                                },
                                                {
                                                    "Worker Number": 4,
                                                    "Actual Startup Time": 0.105,
                                                    "Actual Total Time": 357.598,
                                                    "Actual Rows": 1550164,
                                                    "Actual Loops": 1
                                                },
                                                {
                                                    "Worker Number": 5,
                                                    "Actual Startup Time": 0.067,
                                                    "Actual Total Time": 337.281,
                                                    "Actual Rows": 1293557,
                                                    "Actual Loops": 1
                                                }
                                            ]
                                        },
                                        {
                                            "Node Type": "Hash",
                                            "Parent Relationship": "Inner",
                                            "Parallel Aware": true,
                                            "Startup Cost": 42318.81,
                                            "Total Cost": 42318.81,
                                            "Plan Rows": 632080,
                                            "Plan Width": 4,
                                            "Actual Startup Time": 218.738,
                                            "Actual Total Time": 218.739,
                                            "Actual Rows": 361187,
                                            "Actual Loops": 7,
                                            "Output": [
                                                "t.id"
                                            ],
                                            "Hash Buckets": 4194304,
                                            "Original Hash Buckets": 4194304,
                                            "Hash Batches": 1,
                                            "Original Hash Batches": 1,
                                            "Peak Memory Usage": 131776,
                                            "Workers": [
                                                {
                                                    "Worker Number": 0,
                                                    "Actual Startup Time": 220.173,
                                                    "Actual Total Time": 220.174,
                                                    "Actual Rows": 307429,
                                                    "Actual Loops": 1
                                                },
                                                {
                                                    "Worker Number": 1,
                                                    "Actual Startup Time": 220.489,
                                                    "Actual Total Time": 220.49,
                                                    "Actual Rows": 346767,
                                                    "Actual Loops": 1
                                                },
                                                {
                                                    "Worker Number": 2,
                                                    "Actual Startup Time": 220.502,
                                                    "Actual Total Time": 220.503,
                                                    "Actual Rows": 358281,
                                                    "Actual Loops": 1
                                                },
                                                {
                                                    "Worker Number": 3,
                                                    "Actual Startup Time": 220.557,
                                                    "Actual Total Time": 220.558,
                                                    "Actual Rows": 355305,
                                                    "Actual Loops": 1
                                                },
                                                {
                                                    "Worker Number": 4,
                                                    "Actual Startup Time": 220.352,
                                                    "Actual Total Time": 220.353,
                                                    "Actual Rows": 363231,
                                                    "Actual Loops": 1
                                                },
                                                {
                                                    "Worker Number": 5,
                                                    "Actual Startup Time": 220.42,
                                                    "Actual Total Time": 220.421,
                                                    "Actual Rows": 306385,
                                                    "Actual Loops": 1
                                                }
                                            ],
                                            "Plans": [
                                                {
                                                    "Node Type": "Seq Scan",
                                                    "Parent Relationship": "Outer",
                                                    "Parallel Aware": true,
                                                    "Relation Name": "title",
                                                    "Schema": "public",
                                                    "Alias": "t",
                                                    "Startup Cost": 0.0,
                                                    "Total Cost": 42318.81,
                                                    "Plan Rows": 632080,
                                                    "Plan Width": 4,
                                                    "Actual Startup Time": 0.039,
                                                    "Actual Total Time": 62.88,
                                                    "Actual Rows": 361187,
                                                    "Actual Loops": 7,
                                                    "Output": [
                                                        "t.id"
                                                    ],
                                                    "Workers": [
                                                        {
                                                            "Worker Number": 0,
                                                            "Actual Startup Time": 0.045,
                                                            "Actual Total Time": 63.337,
                                                            "Actual Rows": 307429,
                                                            "Actual Loops": 1
                                                        },
                                                        {
                                                            "Worker Number": 1,
                                                            "Actual Startup Time": 0.059,
                                                            "Actual Total Time": 65.498,
                                                            "Actual Rows": 346767,
                                                            "Actual Loops": 1
                                                        },
                                                        {
                                                            "Worker Number": 2,
                                                            "Actual Startup Time": 0.024,
                                                            "Actual Total Time": 65.901,
                                                            "Actual Rows": 358281,
                                                            "Actual Loops": 1
                                                        },
                                                        {
                                                            "Worker Number": 3,
                                                            "Actual Startup Time": 0.043,
                                                            "Actual Total Time": 64.859,
                                                            "Actual Rows": 355305,
                                                            "Actual Loops": 1
                                                        },
                                                        {
                                                            "Worker Number": 4,
                                                            "Actual Startup Time": 0.044,
                                                            "Actual Total Time": 65.547,
                                                            "Actual Rows": 363231,
                                                            "Actual Loops": 1
                                                        },
                                                        {
                                                            "Worker Number": 5,
                                                            "Actual Startup Time": 0.043,
                                                            "Actual Total Time": 63.21,
                                                            "Actual Rows": 306385,
                                                            "Actual Loops": 1
                                                        }
                                                    ]
                                                }
                                            ]
                                        }
                                    ]
                                }
                            ]
                        }
                    ]
                }
            ]
        },
        "Planning Time": 197.567,
        "Triggers": [],
        "Execution Time": 1351.143
    }
]