[
  {
    "Plan": {
      "Node Type": "Aggregate",
      "Strategy": "Plain",
      "Partial Mode": "Finalize",
      "Parallel Aware": false,
      "Startup Cost": 270924.74,
      "Total Cost": 270924.75,
      "Plan Rows": 1,
      "Plan Width": 8,
      "Actual Startup Time": 90.275,
      "Actual Total Time": 94.43,
      "Actual Rows": 1,
      "Actual Loops": 1,
      "Plans": [
        {
          "Node Type": "Gather",
          "Parent Relationship": "Outer",
          "Parallel Aware": false,
          "Startup Cost": 270924.12,
          "Total Cost": 270924.73,
          "Plan Rows": 6,
          "Plan Width": 8,
          "Actual Startup Time": 89.982,
          "Actual Total Time": 94.422,
          "Actual Rows": 7,
          "Actual Loops": 1,
          "Workers Planned": 6,
          "Workers Launched": 6,
          "Single Copy": false,
          "Plans": [
            {
              "Node Type": "Aggregate",
              "Strategy": "Plain",
              "Partial Mode": "Partial",
              "Parent Relationship": "Outer",
              "Parallel Aware": false,
              "Startup Cost": 269924.12,
              "Total Cost": 269924.13,
              "Plan Rows": 1,
              "Plan Width": 8,
              "Actual Startup Time": 81.191,
              "Actual Total Time": 81.193,
              "Actual Rows": 1,
              "Actual Loops": 7,
              "Plans": [
                {
                  "Node Type": "Bitmap Heap Scan",
                  "Parent Relationship": "Outer",
                  "Parallel Aware": true,
                  "Relation Name": "cast_info",
                  "Alias": "ci",
                  "Startup Cost": 15484.79,
                  "Total Cost": 269632.06,
                  "Plan Rows": 116822,
                  "Plan Width": 0,
                  "Actual Startup Time": 39.14,
                  "Actual Total Time": 73.114,
                  "Actual Rows": 97073,
                  "Actual Loops": 7,
                  "Recheck Cond": "(person_id < 72465)",
                  "Rows Removed by Index Recheck": 0,
                  "Exact Heap Blocks": 2548,
                  "Lossy Heap Blocks": 0,
                  "Plans": [
                    {
                      "Node Type": "Bitmap Index Scan",
                      "Parent Relationship": "Outer",
                      "Parallel Aware": false,
                      "Index Name": "person_id_cast_info",
                      "Startup Cost": 0.0,
                      "Total Cost": 15309.56,
                      "Plan Rows": 700932,
                      "Plan Width": 0,
                      "Actual Startup Time": 45.541,
                      "Actual Total Time": 45.541,
                      "Actual Rows": 679512,
                      "Actual Loops": 1,
                      "Index Cond": "(person_id < 72465)"
                    }
                  ]
                }
              ]
            }
          ]
        }
      ]
    },
    "Planning Time": 0.198,
    "Triggers": [],
    "Execution Time": 94.503
  }
]