[
  {
    "Plan": {
      "Node Type": "Aggregate",
      "Strategy": "Plain",
      "Partial Mode": "Finalize",
      "Parallel Aware": false,
      "Startup Cost": 77092.57,
      "Total Cost": 77092.58,
      "Plan Rows": 1,
      "Plan Width": 8,
      "Actual Startup Time": 193.459,
      "Actual Total Time": 208.816,
      "Actual Rows": 1,
      "Actual Loops": 1,
      "Plans": [
        {
          "Node Type": "Gather",
          "Parent Relationship": "Outer",
          "Parallel Aware": false,
          "Startup Cost": 77092.26,
          "Total Cost": 77092.57,
          "Plan Rows": 3,
          "Plan Width": 8,
          "Actual Startup Time": 192.869,
          "Actual Total Time": 208.808,
          "Actual Rows": 4,
          "Actual Loops": 1,
          "Workers Planned": 3,
          "Workers Launched": 3,
          "Single Copy": false,
          "Plans": [
            {
              "Node Type": "Aggregate",
              "Strategy": "Plain",
              "Partial Mode": "Partial",
              "Parent Relationship": "Outer",
              "Parallel Aware": false,
              "Startup Cost": 76092.26,
              "Total Cost": 76092.27,
              "Plan Rows": 1,
              "Plan Width": 8,
              "Actual Startup Time": 187.594,
              "Actual Total Time": 187.598,
              "Actual Rows": 1,
              "Actual Loops": 4,
              "Plans": [
                {
                  "Node Type": "Hash Join",
                  "Parent Relationship": "Outer",
                  "Parallel Aware": true,
                  "Join Type": "Inner",
                  "Startup Cost": 45942.79,
                  "Total Cost": 76047.9,
                  "Plan Rows": 17742,
                  "Plan Width": 0,
                  "Actual Startup Time": 112.373,
                  "Actual Total Time": 187.456,
                  "Actual Rows": 2649,
                  "Actual Loops": 4,
                  "Inner Unique": true,
                  "Hash Cond": "(mc.movie_id = t.id)",
                  "Plans": [
                    {
                      "Node Type": "Seq Scan",
                      "Parent Relationship": "Outer",
                      "Parallel Aware": true,
                      "Relation Name": "movie_companies",
                      "Alias": "mc",
                      "Startup Cost": 0.0,
                      "Total Cost": 29310.68,
                      "Plan Rows": 302641,
                      "Plan Width": 4,
                      "Actual Startup Time": 10.67,
                      "Actual Total Time": 66.128,
                      "Actual Rows": 232210,
                      "Actual Loops": 4,
                      "Filter": "(company_id > 19562)",
                      "Rows Removed by Filter": 420072
                    },
                    {
                      "Node Type": "Hash",
                      "Parent Relationship": "Inner",
                      "Parallel Aware": true,
                      "Startup Cost": 45479.59,
                      "Total Cost": 45479.59,
                      "Plan Rows": 37056,
                      "Plan Width": 4,
                      "Actual Startup Time": 96.903,
                      "Actual Total Time": 96.904,
                      "Actual Rows": 7874,
                      "Actual Loops": 4,
                      "Hash Buckets": 262144,
                      "Original Hash Buckets": 262144,
                      "Hash Batches": 1,
                      "Original Hash Batches": 1,
                      "Peak Memory Usage": 3360,
                      "Plans": [
                        {
                          "Node Type": "Seq Scan",
                          "Parent Relationship": "Outer",
                          "Parallel Aware": true,
                          "Relation Name": "title",
                          "Alias": "t",
                          "Startup Cost": 0.0,
                          "Total Cost": 45479.59,
                          "Plan Rows": 37056,
                          "Plan Width": 4,
                          "Actual Startup Time": 0.031,
                          "Actual Total Time": 92.928,
                          "Actual Rows": 7874,
                          "Actual Loops": 4,
                          "Filter": "((kind_id > 1) AND (production_year < 1957))",
                          "Rows Removed by Filter": 624204
                        }
                      ]
                    }
                  ]
                }
              ]
            }
          ]
        }
      ]
    },
    "Planning Time": 0.694,
    "Triggers": [],
    "Execution Time": 208.868
  }
]