[
  {
    "Plan": {
      "Node Type": "Aggregate",
      "Strategy": "Plain",
      "Partial Mode": "Finalize",
      "Parallel Aware": false,
      "Startup Cost": 84676.01,
      "Total Cost": 84676.02,
      "Plan Rows": 1,
      "Plan Width": 8,
      "Actual Startup Time": 105.603,
      "Actual Total Time": 120.781,
      "Actual Rows": 1,
      "Actual Loops": 1,
      "Plans": [
        {
          "Node Type": "Gather",
          "Parent Relationship": "Outer",
          "Parallel Aware": false,
          "Startup Cost": 84675.59,
          "Total Cost": 84676.0,
          "Plan Rows": 4,
          "Plan Width": 8,
          "Actual Startup Time": 105.408,
          "Actual Total Time": 120.773,
          "Actual Rows": 5,
          "Actual Loops": 1,
          "Workers Planned": 4,
          "Workers Launched": 4,
          "Single Copy": false,
          "Plans": [
            {
              "Node Type": "Aggregate",
              "Strategy": "Plain",
              "Partial Mode": "Partial",
              "Parent Relationship": "Outer",
              "Parallel Aware": false,
              "Startup Cost": 83675.59,
              "Total Cost": 83675.6,
              "Plan Rows": 1,
              "Plan Width": 8,
              "Actual Startup Time": 99.963,
              "Actual Total Time": 99.965,
              "Actual Rows": 1,
              "Actual Loops": 5,
              "Plans": [
                {
                  "Node Type": "Nested Loop",
                  "Parent Relationship": "Outer",
                  "Parallel Aware": false,
                  "Join Type": "Inner",
                  "Startup Cost": 0.43,
                  "Total Cost": 83650.36,
                  "Plan Rows": 10094,
                  "Plan Width": 0,
                  "Actual Startup Time": 50.012,
                  "Actual Total Time": 99.836,
                  "Actual Rows": 1483,
                  "Actual Loops": 5,
                  "Inner Unique": false,
                  "Plans": [
                    {
                      "Node Type": "Seq Scan",
                      "Parent Relationship": "Outer",
                      "Parallel Aware": true,
                      "Relation Name": "title",
                      "Alias": "t",
                      "Startup Cost": 0.0,
                      "Total Cost": 43899.32,
                      "Plan Rows": 5641,
                      "Plan Width": 4,
                      "Actual Startup Time": 45.128,
                      "Actual Total Time": 75.189,
                      "Actual Rows": 4902,
                      "Actual Loops": 5,
                      "Filter": "(production_year < 1910)",
                      "Rows Removed by Filter": 500761
                    },
                    {
                      "Node Type": "Index Only Scan",
                      "Parent Relationship": "Inner",
                      "Parallel Aware": false,
                      "Scan Direction": "Forward",
                      "Index Name": "movie_id_movie_keyword",
                      "Relation Name": "movie_keyword",
                      "Alias": "mk",
                      "Startup Cost": 0.43,
                      "Total Cost": 6.59,
                      "Plan Rows": 46,
                      "Plan Width": 4,
                      "Actual Startup Time": 0.005,
                      "Actual Total Time": 0.005,
                      "Actual Rows": 0,
                      "Actual Loops": 24508,
                      "Index Cond": "(movie_id = t.id)",
                      "Rows Removed by Index Recheck": 0,
                      "Heap Fetches": 7417
                    }
                  ]
                }
              ]
            }
          ]
        }
      ]
    },
    "Planning Time": 0.297,
    "Triggers": [],
    "Execution Time": 120.823
  }
]