[
  {
    "Plan": {
      "Node Type": "Aggregate",
      "Strategy": "Plain",
      "Partial Mode": "Finalize",
      "Parallel Aware": false,
      "Startup Cost": 337580.54,
      "Total Cost": 337580.55,
      "Plan Rows": 1,
      "Plan Width": 8,
      "Actual Startup Time": 701.578,
      "Actual Total Time": 758.92,
      "Actual Rows": 1,
      "Actual Loops": 1,
      "Plans": [
        {
          "Node Type": "Gather",
          "Parent Relationship": "Outer",
          "Parallel Aware": false,
          "Startup Cost": 337579.91,
          "Total Cost": 337580.52,
          "Plan Rows": 6,
          "Plan Width": 8,
          "Actual Startup Time": 701.306,
          "Actual Total Time": 758.908,
          "Actual Rows": 7,
          "Actual Loops": 1,
          "Workers Planned": 6,
          "Workers Launched": 6,
          "Single Copy": false,
          "Plans": [
            {
              "Node Type": "Aggregate",
              "Strategy": "Plain",
              "Partial Mode": "Partial",
              "Parent Relationship": "Outer",
              "Parallel Aware": false,
              "Startup Cost": 336579.91,
              "Total Cost": 336579.92,
              "Plan Rows": 1,
              "Plan Width": 8,
              "Actual Startup Time": 695.736,
              "Actual Total Time": 695.737,
              "Actual Rows": 1,
              "Actual Loops": 7,
              "Plans": [
                {
                  "Node Type": "Seq Scan",
                  "Parent Relationship": "Outer",
                  "Parallel Aware": true,
                  "Relation Name": "cast_info",
                  "Alias": "ci",
                  "Startup Cost": 0.0,
                  "Total Cost": 328211.39,
                  "Plan Rows": 3347409,
                  "Plan Width": 0,
                  "Actual Startup Time": 165.692,
                  "Actual Total Time": 575.664,
                  "Actual Rows": 2843618,
                  "Actual Loops": 7,
                  "Filter": "(person_id > 1618435)",
                  "Rows Removed by Filter": 2334145
                }
              ]
            }
          ]
        }
      ]
    },
    "Planning Time": 0.085,
    "Triggers": [],
    "Execution Time": 758.963
  }
]