[
  {
    "Plan": {
      "Node Type": "Aggregate",
      "Strategy": "Plain",
      "Partial Mode": "Finalize",
      "Parallel Aware": false,
      "Startup Cost": 337449.67,
      "Total Cost": 337449.68,
      "Plan Rows": 1,
      "Plan Width": 8,
      "Actual Startup Time": 722.551,
      "Actual Total Time": 776.624,
      "Actual Rows": 1,
      "Actual Loops": 1,
      "Plans": [
        {
          "Node Type": "Gather",
          "Parent Relationship": "Outer",
          "Parallel Aware": false,
          "Startup Cost": 337449.05,
          "Total Cost": 337449.66,
          "Plan Rows": 6,
          "Plan Width": 8,
          "Actual Startup Time": 722.456,
          "Actual Total Time": 776.615,
          "Actual Rows": 7,
          "Actual Loops": 1,
          "Workers Planned": 6,
          "Workers Launched": 6,
          "Single Copy": false,
          "Plans": [
            {
              "Node Type": "Aggregate",
              "Strategy": "Plain",
              "Partial Mode": "Partial",
              "Parent Relationship": "Outer",
              "Parallel Aware": false,
              "Startup Cost": 336449.05,
              "Total Cost": 336449.06,
              "Plan Rows": 1,
              "Plan Width": 8,
              "Actual Startup Time": 714.155,
              "Actual Total Time": 714.156,
              "Actual Rows": 1,
              "Actual Loops": 7,
              "Plans": [
                {
                  "Node Type": "Seq Scan",
                  "Parent Relationship": "Outer",
                  "Parallel Aware": true,
                  "Relation Name": "cast_info",
                  "Alias": "ci",
                  "Startup Cost": 0.0,
                  "Total Cost": 328162.03,
                  "Plan Rows": 3314809,
                  "Plan Width": 0,
                  "Actual Startup Time": 171.638,
                  "Actual Total Time": 590.724,
                  "Actual Rows": 2843618,
                  "Actual Loops": 7,
                  "Filter": "(person_id > 1618435)",
                  "Rows Removed by Filter": 2334145
                }
              ]
            }
          ]
        }
      ]
    },
    "Planning Time": 0.129,
    "Triggers": [],
    "Execution Time": 776.679
  }
]