[
  {
    "Plan": {
      "Node Type": "Aggregate",
      "Strategy": "Plain",
      "Partial Mode": "Finalize",
      "Parallel Aware": false,
      "Startup Cost": 453529.85,
      "Total Cost": 453529.86,
      "Plan Rows": 1,
      "Plan Width": 8,
      "Actual Startup Time": 1957.571,
      "Actual Total Time": 2019.758,
      "Actual Rows": 1,
      "Actual Loops": 1,
      "Plans": [
        {
          "Node Type": "Gather",
          "Parent Relationship": "Outer",
          "Parallel Aware": false,
          "Startup Cost": 453529.23,
          "Total Cost": 453529.84,
          "Plan Rows": 6,
          "Plan Width": 8,
          "Actual Startup Time": 1937.664,
          "Actual Total Time": 2019.732,
          "Actual Rows": 7,
          "Actual Loops": 1,
          "Workers Planned": 6,
          "Workers Launched": 6,
          "Single Copy": false,
          "Plans": [
            {
              "Node Type": "Aggregate",
              "Strategy": "Plain",
              "Partial Mode": "Partial",
              "Parent Relationship": "Outer",
              "Parallel Aware": false,
              "Startup Cost": 452529.23,
              "Total Cost": 452529.24,
              "Plan Rows": 1,
              "Plan Width": 8,
              "Actual Startup Time": 1927.35,
              "Actual Total Time": 1927.451,
              "Actual Rows": 1,
              "Actual Loops": 7,
              "Plans": [
                {
                  "Node Type": "Hash Join",
                  "Parent Relationship": "Outer",
                  "Parallel Aware": true,
                  "Join Type": "Inner",
                  "Startup Cost": 93899.07,
                  "Total Cost": 450669.3,
                  "Plan Rows": 743973,
                  "Plan Width": 0,
                  "Actual Startup Time": 708.579,
                  "Actual Total Time": 1861.723,
                  "Actual Rows": 1235419,
                  "Actual Loops": 7,
                  "Inner Unique": false,
                  "Hash Cond": "(ci.movie_id = t.id)",
                  "Plans": [
                    {
                      "Node Type": "Seq Scan",
                      "Parent Relationship": "Outer",
                      "Parallel Aware": true,
                      "Relation Name": "cast_info",
                      "Alias": "ci",
                      "Startup Cost": 0.0,
                      "Total Cost": 343316.27,
                      "Plan Rows": 2947746,
                      "Plan Width": 4,
                      "Actual Startup Time": 210.819,
                      "Actual Total Time": 760.003,
                      "Actual Rows": 2308190,
                      "Actual Loops": 7,
                      "Filter": "((person_id > 1599112) AND (role_id < 10))",
                      "Rows Removed by Filter": 2869573
                    },
                    {
                      "Node Type": "Hash",
                      "Parent Relationship": "Inner",
                      "Parallel Aware": true,
                      "Startup Cost": 91325.92,
                      "Total Cost": 91325.92,
                      "Plan Rows": 205852,
                      "Plan Width": 8,
                      "Actual Startup Time": 495.585,
                      "Actual Total Time": 495.684,
                      "Actual Rows": 92579,
                      "Actual Loops": 7,
                      "Hash Buckets": 1048576,
                      "Original Hash Buckets": 1048576,
                      "Hash Batches": 1,
                      "Original Hash Batches": 1,
                      "Peak Memory Usage": 33664,
                      "Plans": [
                        {
                          "Node Type": "Hash Join",
                          "Parent Relationship": "Outer",
                          "Parallel Aware": true,
                          "Join Type": "Inner",
                          "Startup Cost": 63758.41,
                          "Total Cost": 91325.92,
                          "Plan Rows": 205852,
                          "Plan Width": 8,
                          "Actual Startup Time": 342.054,
                          "Actual Total Time": 443.82,
                          "Actual Rows": 92579,
                          "Actual Loops": 7,
                          "Inner Unique": true,
                          "Hash Cond": "(mk.movie_id = t.id)",
                          "Plans": [
                            {
                              "Node Type": "Bitmap Heap Scan",
                              "Parent Relationship": "Outer",
                              "Parallel Aware": true,
                              "Relation Name": "movie_keyword",
                              "Alias": "mk",
                              "Startup Cost": 13538.03,
                              "Total Cost": 40565.17,
                              "Plan Rows": 205852,
                              "Plan Width": 4,
                              "Actual Startup Time": 38.027,
                              "Actual Total Time": 90.819,
                              "Actual Rows": 92579,
                              "Actual Loops": 7,
                              "Recheck Cond": "(keyword_id < 500)",
                              "Rows Removed by Index Recheck": 0,
                              "Exact Heap Blocks": 3534,
                              "Lossy Heap Blocks": 0,
                              "Plans": [
                                {
                                  "Node Type": "Bitmap Index Scan",
                                  "Parent Relationship": "Outer",
                                  "Parallel Aware": false,
                                  "Index Name": "keyword_id_movie_keyword",
                                  "Startup Cost": 0.0,
                                  "Total Cost": 13378.49,
                                  "Plan Rows": 638141,
                                  "Plan Width": 0,
                                  "Actual Startup Time": 34.107,
                                  "Actual Total Time": 34.108,
                                  "Actual Rows": 648054,
                                  "Actual Loops": 1,
                                  "Index Cond": "(keyword_id < 500)"
                                }
                              ]
                            },
                            {
                              "Node Type": "Hash",
                              "Parent Relationship": "Inner",
                              "Parallel Aware": true,
                              "Startup Cost": 42319.06,
                              "Total Cost": 42319.06,
                              "Plan Rows": 632106,
                              "Plan Width": 4,
                              "Actual Startup Time": 298.724,
                              "Actual Total Time": 298.727,
                              "Actual Rows": 361187,
                              "Actual Loops": 7,
                              "Hash Buckets": 4194304,
                              "Original Hash Buckets": 4194304,
                              "Hash Batches": 1,
                              "Original Hash Batches": 1,
                              "Peak Memory Usage": 131808,
                              "Plans": [
                                {
                                  "Node Type": "Seq Scan",
                                  "Parent Relationship": "Outer",
                                  "Parallel Aware": true,
                                  "Relation Name": "title",
                                  "Alias": "t",
                                  "Startup Cost": 0.0,
                                  "Total Cost": 42319.06,
                                  "Plan Rows": 632106,
                                  "Plan Width": 4,
                                  "Actual Startup Time": 0.058,
                                  "Actual Total Time": 83.987,
                                  "Actual Rows": 361187,
                                  "Actual Loops": 7
                                }
                              ]
                            }
                          ]
                        }
                      ]
                    }
                  ]
                }
              ]
            }
          ]
        }
      ]
    },
    "Planning Time": 0.86,
    "Triggers": [],
    "Execution Time": 2019.835
  }
]