[
  {
    "Plan": {
      "Node Type": "Aggregate",
      "Strategy": "Plain",
      "Partial Mode": "Finalize",
      "Parallel Aware": false,
      "Startup Cost": 314552.84,
      "Total Cost": 314552.85,
      "Plan Rows": 1,
      "Plan Width": 8,
      "Actual Startup Time": 2731.586,
      "Actual Total Time": 2776.003,
      "Actual Rows": 1,
      "Actual Loops": 1,
      "Plans": [
        {
          "Node Type": "Gather",
          "Parent Relationship": "Outer",
          "Parallel Aware": false,
          "Startup Cost": 314552.32,
          "Total Cost": 314552.83,
          "Plan Rows": 5,
          "Plan Width": 8,
          "Actual Startup Time": 2711.893,
          "Actual Total Time": 2775.989,
          "Actual Rows": 6,
          "Actual Loops": 1,
          "Workers Planned": 5,
          "Workers Launched": 5,
          "Single Copy": false,
          "Plans": [
            {
              "Node Type": "Aggregate",
              "Strategy": "Plain",
              "Partial Mode": "Partial",
              "Parent Relationship": "Outer",
              "Parallel Aware": false,
              "Startup Cost": 313552.32,
              "Total Cost": 313552.33,
              "Plan Rows": 1,
              "Plan Width": 8,
              "Actual Startup Time": 2693.826,
              "Actual Total Time": 2693.832,
              "Actual Rows": 1,
              "Actual Loops": 6,
              "Plans": [
                {
                  "Node Type": "Hash Join",
                  "Parent Relationship": "Outer",
                  "Parallel Aware": true,
                  "Join Type": "Inner",
                  "Startup Cost": 90565.19,
                  "Total Cost": 307837.51,
                  "Plan Rows": 2285923,
                  "Plan Width": 0,
                  "Actual Startup Time": 689.519,
                  "Actual Total Time": 2309.808,
                  "Actual Rows": 8791720,
                  "Actual Loops": 6,
                  "Inner Unique": false,
                  "Hash Cond": "(mi.movie_id = t.id)",
                  "Plans": [
                    {
                      "Node Type": "Seq Scan",
                      "Parent Relationship": "Outer",
                      "Parallel Aware": true,
                      "Relation Name": "movie_info",
                      "Alias": "mi",
                      "Startup Cost": 0.0,
                      "Total Cost": 199108.24,
                      "Plan Rows": 2877369,
                      "Plan Width": 4,
                      "Actual Startup Time": 0.04,
                      "Actual Total Time": 364.211,
                      "Actual Rows": 2395014,
                      "Actual Loops": 6,
                      "Filter": "(info_type_id < 104)",
                      "Rows Removed by Filter": 77606
                    },
                    {
                      "Node Type": "Hash",
                      "Parent Relationship": "Inner",
                      "Parallel Aware": true,
                      "Startup Cost": 82465.57,
                      "Total Cost": 82465.57,
                      "Plan Rows": 647969,
                      "Plan Width": 8,
                      "Actual Startup Time": 681.996,
                      "Actual Total Time": 682.0,
                      "Actual Rows": 346345,
                      "Actual Loops": 6,
                      "Hash Buckets": 2097152,
                      "Original Hash Buckets": 2097152,
                      "Hash Batches": 1,
                      "Original Hash Batches": 1,
                      "Peak Memory Usage": 97792,
                      "Plans": [
                        {
                          "Node Type": "Hash Join",
                          "Parent Relationship": "Outer",
                          "Parallel Aware": true,
                          "Join Type": "Inner",
                          "Startup Cost": 51351.45,
                          "Total Cost": 82465.57,
                          "Plan Rows": 647969,
                          "Plan Width": 8,
                          "Actual Startup Time": 316.881,
                          "Actual Total Time": 527.101,
                          "Actual Rows": 346345,
                          "Actual Loops": 6,
                          "Inner Unique": true,
                          "Hash Cond": "(mc.movie_id = t.id)",
                          "Plans": [
                            {
                              "Node Type": "Seq Scan",
                              "Parent Relationship": "Outer",
                              "Parallel Aware": true,
                              "Relation Name": "movie_companies",
                              "Alias": "mc",
                              "Startup Cost": 0.0,
                              "Total Cost": 29310.68,
                              "Plan Rows": 687027,
                              "Plan Width": 4,
                              "Actual Startup Time": 0.055,
                              "Actual Total Time": 66.219,
                              "Actual Rows": 355010,
                              "Actual Loops": 6,
                              "Filter": "(company_id < 75370)",
                              "Rows Removed by Filter": 79844
                            },
                            {
                              "Node Type": "Hash",
                              "Parent Relationship": "Inner",
                              "Parallel Aware": true,
                              "Startup Cost": 43899.32,
                              "Total Cost": 43899.32,
                              "Plan Rows": 596170,
                              "Plan Width": 4,
                              "Actual Startup Time": 311.8,
                              "Actual Total Time": 311.802,
                              "Actual Rows": 398146,
                              "Actual Loops": 6,
                              "Hash Buckets": 4194304,
                              "Original Hash Buckets": 4194304,
                              "Hash Batches": 1,
                              "Original Hash Batches": 1,
                              "Peak Memory Usage": 126304,
                              "Plans": [
                                {
                                  "Node Type": "Seq Scan",
                                  "Parent Relationship": "Outer",
                                  "Parallel Aware": true,
                                  "Relation Name": "title",
                                  "Alias": "t",
                                  "Startup Cost": 0.0,
                                  "Total Cost": 43899.32,
                                  "Plan Rows": 596170,
                                  "Plan Width": 4,
                                  "Actual Startup Time": 0.056,
                                  "Actual Total Time": 102.096,
                                  "Actual Rows": 398146,
                                  "Actual Loops": 6,
                                  "Filter": "(production_year < 2013)",
                                  "Rows Removed by Filter": 23239
                                }
                              ]
                            }
                          ]
                        }
                      ]
                    }
                  ]
                }
              ]
            }
          ]
        }
      ]
    },
    "Planning Time": 1.572,
    "Triggers": [],
    "Execution Time": 2776.094
  }
]