[
  {
    "Plan": {
      "Node Type": "Aggregate",
      "Strategy": "Plain",
      "Partial Mode": "Finalize",
      "Parallel Aware": false,
      "Startup Cost": 253079.68,
      "Total Cost": 253079.69,
      "Plan Rows": 1,
      "Plan Width": 8,
      "Actual Startup Time": 509.208,
      "Actual Total Time": 542.846,
      "Actual Rows": 1,
      "Actual Loops": 1,
      "Plans": [
        {
          "Node Type": "Gather",
          "Parent Relationship": "Outer",
          "Parallel Aware": false,
          "Startup Cost": 253079.16,
          "Total Cost": 253079.67,
          "Plan Rows": 5,
          "Plan Width": 8,
          "Actual Startup Time": 507.891,
          "Actual Total Time": 542.839,
          "Actual Rows": 6,
          "Actual Loops": 1,
          "Workers Planned": 5,
          "Workers Launched": 5,
          "Single Copy": false,
          "Plans": [
            {
              "Node Type": "Aggregate",
              "Strategy": "Plain",
              "Partial Mode": "Partial",
              "Parent Relationship": "Outer",
              "Parallel Aware": false,
              "Startup Cost": 252079.16,
              "Total Cost": 252079.17,
              "Plan Rows": 1,
              "Plan Width": 8,
              "Actual Startup Time": 502.073,
              "Actual Total Time": 502.077,
              "Actual Rows": 1,
              "Actual Loops": 6,
              "Plans": [
                {
                  "Node Type": "Nested Loop",
                  "Parent Relationship": "Outer",
                  "Parallel Aware": false,
                  "Join Type": "Inner",
                  "Startup Cost": 60183.46,
                  "Total Cost": 251796.39,
                  "Plan Rows": 113107,
                  "Plan Width": 0,
                  "Actual Startup Time": 87.057,
                  "Actual Total Time": 490.522,
                  "Actual Rows": 205558,
                  "Actual Loops": 6,
                  "Inner Unique": false,
                  "Join Filter": "(t.id = ci.movie_id)",
                  "Rows Removed by Join Filter": 0,
                  "Plans": [
                    {
                      "Node Type": "Hash Join",
                      "Parent Relationship": "Outer",
                      "Parallel Aware": true,
                      "Join Type": "Inner",
                      "Startup Cost": 60182.9,
                      "Total Cost": 225795.48,
                      "Plan Rows": 8547,
                      "Plan Width": 8,
                      "Actual Startup Time": 86.822,
                      "Actual Total Time": 158.384,
                      "Actual Rows": 6283,
                      "Actual Loops": 6,
                      "Inner Unique": true,
                      "Hash Cond": "(mi.movie_id = t.id)",
                      "Plans": [
                        {
                          "Node Type": "Bitmap Heap Scan",
                          "Parent Relationship": "Outer",
                          "Parallel Aware": true,
                          "Relation Name": "movie_info",
                          "Alias": "mi",
                          "Startup Cost": 21701.74,
                          "Total Cost": 186686.12,
                          "Plan Rows": 239311,
                          "Plan Width": 4,
                          "Actual Startup Time": 46.392,
                          "Actual Total Time": 92.752,
                          "Actual Rows": 200785,
                          "Actual Loops": 6,
                          "Recheck Cond": "(info_type_id > 18)",
                          "Rows Removed by Index Recheck": 0,
                          "Exact Heap Blocks": 8275,
                          "Lossy Heap Blocks": 0,
                          "Plans": [
                            {
                              "Node Type": "Bitmap Index Scan",
                              "Parent Relationship": "Outer",
                              "Parallel Aware": false,
                              "Index Name": "info_type_id_movie_info",
                              "Startup Cost": 0.0,
                              "Total Cost": 21402.6,
                              "Plan Rows": 1196555,
                              "Plan Width": 0,
                              "Actual Startup Time": 40.738,
                              "Actual Total Time": 40.739,
                              "Actual Rows": 1204709,
                              "Actual Loops": 1,
                              "Index Cond": "(info_type_id > 18)"
                            }
                          ]
                        },
                        {
                          "Node Type": "Hash",
                          "Parent Relationship": "Inner",
                          "Parallel Aware": true,
                          "Startup Cost": 38198.96,
                          "Total Cost": 38198.96,
                          "Plan Rows": 22576,
                          "Plan Width": 4,
                          "Actual Startup Time": 34.651,
                          "Actual Total Time": 34.652,
                          "Actual Rows": 16592,
                          "Actual Loops": 6,
                          "Hash Buckets": 131072,
                          "Original Hash Buckets": 131072,
                          "Hash Batches": 1,
                          "Original Hash Batches": 1,
                          "Peak Memory Usage": 5056,
                          "Plans": [
                            {
                              "Node Type": "Bitmap Heap Scan",
                              "Parent Relationship": "Outer",
                              "Parallel Aware": true,
                              "Relation Name": "title",
                              "Alias": "t",
                              "Startup Cost": 1822.98,
                              "Total Cost": 38198.96,
                              "Plan Rows": 22576,
                              "Plan Width": 4,
                              "Actual Startup Time": 4.327,
                              "Actual Total Time": 28.772,
                              "Actual Rows": 16592,
                              "Actual Loops": 6,
                              "Recheck Cond": "(kind_id = 3)",
                              "Rows Removed by Index Recheck": 0,
                              "Filter": "(production_year > 1953)",
                              "Rows Removed by Filter": 164,
                              "Exact Heap Blocks": 4672,
                              "Lossy Heap Blocks": 0,
                              "Plans": [
                                {
                                  "Node Type": "Bitmap Index Scan",
                                  "Parent Relationship": "Outer",
                                  "Parallel Aware": false,
                                  "Index Name": "kind_id_title",
                                  "Startup Cost": 0.0,
                                  "Total Cost": 1800.4,
                                  "Plan Rows": 100796,
                                  "Plan Width": 0,
                                  "Actual Startup Time": 5.71,
                                  "Actual Total Time": 5.71,
                                  "Actual Rows": 100537,
                                  "Actual Loops": 1,
                                  "Index Cond": "(kind_id = 3)"
                                }
                              ]
                            }
                          ]
                        }
                      ]
                    },
                    {
                      "Node Type": "Index Scan",
                      "Parent Relationship": "Inner",
                      "Parallel Aware": false,
                      "Scan Direction": "Forward",
                      "Index Name": "movie_id_cast_info",
                      "Relation Name": "cast_info",
                      "Alias": "ci",
                      "Startup Cost": 0.56,
                      "Total Cost": 2.6,
                      "Plan Rows": 35,
                      "Plan Width": 4,
                      "Actual Startup Time": 0.011,
                      "Actual Total Time": 0.049,
                      "Actual Rows": 33,
                      "Actual Loops": 37697,
                      "Index Cond": "(movie_id = mi.movie_id)",
                      "Rows Removed by Index Recheck": 0,
                      "Filter": "(person_id > 275417)",
                      "Rows Removed by Filter": 3
                    }
                  ]
                }
              ]
            }
          ]
        }
      ]
    },
    "Planning Time": 0.543,
    "Triggers": [],
    "Execution Time": 542.913
  }
]