{
    "Plan": {
        "Node Type": "Aggregate",
        "Strategy": "Plain",
        "Partial Mode": "Simple",
        "Parallel Aware": false,
        "Startup Cost": 40000825887.97,
        "Total Cost": 40000825887.98,
        "Plan Rows": 1,
        "Plan Width": 128,
        "Actual Startup Time": 3482.314,
        "Actual Total Time": 3495.521,
        "Actual Rows": 1,
        "Actual Loops": 1,
        "Output": [
            "min(mi.info)",
            "min(mi_idx.info)",
            "min(n.name)",
            "min(t.title)"
        ],
        "Plans": [
            {
                "Node Type": "Nested Loop",
                "Parent Relationship": "Outer",
                "Parallel Aware": false,
                "Join Type": "Inner",
                "Startup Cost": 40000731318.91,
                "Total Cost": 40000825887.96,
                "Plan Rows": 1,
                "Plan Width": 80,
                "Actual Startup Time": 3028.528,
                "Actual Total Time": 3495.503,
                "Actual Rows": 2,
                "Actual Loops": 1,
                "Output": [
                    "mi.info",
                    "mi_idx.info",
                    "n.name",
                    "t.title"
                ],
                "Inner Unique": true,
                "Plans": [
                    {
                        "Node Type": "Nested Loop",
                        "Parent Relationship": "Outer",
                        "Parallel Aware": false,
                        "Join Type": "Inner",
                        "Startup Cost": 30000731318.76,
                        "Total Cost": 30000825879.78,
                        "Plan Rows": 1,
                        "Plan Width": 84,
                        "Actual Startup Time": 3028.505,
                        "Actual Total Time": 3495.46,
                        "Actual Rows": 6,
                        "Actual Loops": 1,
                        "Output": [
                            "mi.info",
                            "mi_idx.info",
                            "mi_idx.info_type_id",
                            "n.name",
                            "t.title"
                        ],
                        "Inner Unique": false,
                        "Join Filter": "(t.id = mi_idx.movie_id)",
                        "Rows Removed by Join Filter": 0,
                        "Plans": [
                            {
                                "Node Type": "Merge Join",
                                "Parent Relationship": "Outer",
                                "Parallel Aware": false,
                                "Join Type": "Inner",
                                "Startup Cost": 20000731318.3,
                                "Total Cost": 20000825875.25,
                                "Plan Rows": 1,
                                "Plan Width": 91,
                                "Actual Startup Time": 3028.465,
                                "Actual Total Time": 3495.407,
                                "Actual Rows": 2,
                                "Actual Loops": 1,
                                "Output": [
                                    "ci.movie_id",
                                    "mi.info",
                                    "mi.movie_id",
                                    "mk.movie_id",
                                    "n.name",
                                    "t.title",
                                    "t.id"
                                ],
                                "Inner Unique": true,
                                "Merge Cond": "(mi.movie_id = t.id)",
                                "Plans": [
                                    {
                                        "Node Type": "Sort",
                                        "Parent Relationship": "Outer",
                                        "Parallel Aware": false,
                                        "Startup Cost": 20000730317.82,
                                        "Total Cost": 20000730317.82,
                                        "Plan Rows": 1,
                                        "Plan Width": 70,
                                        "Actual Startup Time": 2942.933,
                                        "Actual Total Time": 2948.23,
                                        "Actual Rows": 7,
                                        "Actual Loops": 1,
                                        "Output": [
                                            "ci.movie_id",
                                            "mi.info",
                                            "mi.movie_id",
                                            "mk.movie_id",
                                            "n.name"
                                        ],
                                        "Sort Key": [
                                            "ci.movie_id"
                                        ],
                                        "Sort Method": "quicksort",
                                        "Sort Space Used": 32,
                                        "Sort Space Type": "Memory",
                                        "Plans": [
                                            {
                                                "Node Type": "Gather",
                                                "Parent Relationship": "Outer",
                                                "Parallel Aware": false,
                                                "Startup Cost": 20000579170.88,
                                                "Total Cost": 20000730317.81,
                                                "Plan Rows": 1,
                                                "Plan Width": 70,
                                                "Actual Startup Time": 2302.242,
                                                "Actual Total Time": 2948.128,
                                                "Actual Rows": 98,
                                                "Actual Loops": 1,
                                                "Output": [
                                                    "ci.movie_id",
                                                    "mi.info",
                                                    "mi.movie_id",
                                                    "mk.movie_id",
                                                    "n.name"
                                                ],
                                                "Workers Planned": 4,
                                                "Workers Launched": 4,
                                                "Single Copy": false,
                                                "Plans": [
                                                    {
                                                        "Node Type": "Hash Join",
                                                        "Parent Relationship": "Outer",
                                                        "Parallel Aware": true,
                                                        "Join Type": "Inner",
                                                        "Startup Cost": 20000578170.88,
                                                        "Total Cost": 20000729317.71,
                                                        "Plan Rows": 1,
                                                        "Plan Width": 70,
                                                        "Actual Startup Time": 2309.653,
                                                        "Actual Total Time": 2926.744,
                                                        "Actual Rows": 20,
                                                        "Actual Loops": 5,
                                                        "Output": [
                                                            "ci.movie_id",
                                                            "mi.info",
                                                            "mi.movie_id",
                                                            "mk.movie_id",
                                                            "n.name"
                                                        ],
                                                        "Inner Unique": false,
                                                        "Hash Cond": "(n.id = ci.person_id)",
                                                        "Workers": [
                                                            {
                                                                "Worker Number": 0,
                                                                "Actual Startup Time": 2348.865,
                                                                "Actual Total Time": 2923.585,
                                                                "Actual Rows": 11,
                                                                "Actual Loops": 1
                                                            },
                                                            {
                                                                "Worker Number": 1,
                                                                "Actual Startup Time": 2283.335,
                                                                "Actual Total Time": 2923.588,
                                                                "Actual Rows": 25,
                                                                "Actual Loops": 1
                                                            },
                                                            {
                                                                "Worker Number": 2,
                                                                "Actual Startup Time": 2305.58,
                                                                "Actual Total Time": 2923.46,
                                                                "Actual Rows": 21,
                                                                "Actual Loops": 1
                                                            },
                                                            {
                                                                "Worker Number": 3,
                                                                "Actual Startup Time": 2309.4,
                                                                "Actual Total Time": 2923.508,
                                                                "Actual Rows": 15,
                                                                "Actual Loops": 1
                                                            }
                                                        ],
                                                        "Plans": [
                                                            {
                                                                "Node Type": "Index Scan",
                                                                "Parent Relationship": "Outer",
                                                                "Parallel Aware": true,
                                                                "Scan Direction": "Forward",
                                                                "Index Name": "name_pkey",
                                                                "Relation Name": "name",
                                                                "Schema": "public",
                                                                "Alias": "n",
                                                                "Startup Cost": 0.43,
                                                                "Total Cost": 149521.9,
                                                                "Plan Rows": 433425,
                                                                "Plan Width": 19,
                                                                "Actual Startup Time": 0.316,
                                                                "Actual Total Time": 616.837,
                                                                "Actual Rows": 347916,
                                                                "Actual Loops": 5,
                                                                "Output": [
                                                                    "n.id",
                                                                    "n.name",
                                                                    "n.imdb_index",
                                                                    "n.imdb_id",
                                                                    "n.gender",
                                                                    "n.name_pcode_cf",
                                                                    "n.name_pcode_nf",
                                                                    "n.surname_pcode",
                                                                    "n.md5sum"
                                                                ],
                                                                "Filter": "((n.gender)::text = 'm'::text)",
                                                                "Rows Removed by Filter": 485582,
                                                                "Workers": [
                                                                    {
                                                                        "Worker Number": 0,
                                                                        "Actual Startup Time": 0.429,
                                                                        "Actual Total Time": 615.987,
                                                                        "Actual Rows": 361988,
                                                                        "Actual Loops": 1
                                                                    },
                                                                    {
                                                                        "Worker Number": 1,
                                                                        "Actual Startup Time": 0.272,
                                                                        "Actual Total Time": 615.886,
                                                                        "Actual Rows": 359905,
                                                                        "Actual Loops": 1
                                                                    },
                                                                    {
                                                                        "Worker Number": 2,
                                                                        "Actual Startup Time": 0.191,
                                                                        "Actual Total Time": 615.433,
                                                                        "Actual Rows": 361340,
                                                                        "Actual Loops": 1
                                                                    },
                                                                    {
                                                                        "Worker Number": 3,
                                                                        "Actual Startup Time": 0.343,
                                                                        "Actual Total Time": 621.406,
                                                                        "Actual Rows": 278167,
                                                                        "Actual Loops": 1
                                                                    }
                                                                ]
                                                            },
                                                            {
                                                                "Node Type": "Hash",
                                                                "Parent Relationship": "Inner",
                                                                "Parallel Aware": true,
                                                                "Startup Cost": 20000578170.43,
                                                                "Total Cost": 20000578170.43,
                                                                "Plan Rows": 1,
                                                                "Plan Width": 59,
                                                                "Actual Startup Time": 2283.969,
                                                                "Actual Total Time": 2284.122,
                                                                "Actual Rows": 45,
                                                                "Actual Loops": 5,
                                                                "Output": [
                                                                    "ci.movie_id",
                                                                    "ci.person_id",
                                                                    "mi.info",
                                                                    "mi.movie_id",
                                                                    "mk.movie_id"
                                                                ],
                                                                "Hash Buckets": 1024,
                                                                "Original Hash Buckets": 1024,
                                                                "Hash Batches": 1,
                                                                "Original Hash Batches": 1,
                                                                "Peak Memory Usage": 168,
                                                                "Workers": [
                                                                    {
                                                                        "Worker Number": 0,
                                                                        "Actual Startup Time": 2281.97,
                                                                        "Actual Total Time": 2281.98,
                                                                        "Actual Rows": 40,
                                                                        "Actual Loops": 1
                                                                    },
                                                                    {
                                                                        "Worker Number": 1,
                                                                        "Actual Startup Time": 2281.941,
                                                                        "Actual Total Time": 2281.951,
                                                                        "Actual Rows": 34,
                                                                        "Actual Loops": 1
                                                                    },
                                                                    {
                                                                        "Worker Number": 2,
                                                                        "Actual Startup Time": 2281.969,
                                                                        "Actual Total Time": 2281.978,
                                                                        "Actual Rows": 42,
                                                                        "Actual Loops": 1
                                                                    },
                                                                    {
                                                                        "Worker Number": 3,
                                                                        "Actual Startup Time": 2281.967,
                                                                        "Actual Total Time": 2281.978,
                                                                        "Actual Rows": 46,
                                                                        "Actual Loops": 1
                                                                    }
                                                                ],
                                                                "Plans": [
                                                                    {
                                                                        "Node Type": "Nested Loop",
                                                                        "Parent Relationship": "Outer",
                                                                        "Parallel Aware": false,
                                                                        "Join Type": "Inner",
                                                                        "Startup Cost": 20000577039.03,
                                                                        "Total Cost": 20000578170.43,
                                                                        "Plan Rows": 1,
                                                                        "Plan Width": 59,
                                                                        "Actual Startup Time": 2232.01,
                                                                        "Actual Total Time": 2270.065,
                                                                        "Actual Rows": 45,
                                                                        "Actual Loops": 5,
                                                                        "Output": [
                                                                            "ci.movie_id",
                                                                            "ci.person_id",
                                                                            "mi.info",
                                                                            "mi.movie_id",
                                                                            "mk.movie_id"
                                                                        ],
                                                                        "Inner Unique": true,
                                                                        "Workers": [
                                                                            {
                                                                                "Worker Number": 0,
                                                                                "Actual Startup Time": 2230.788,
                                                                                "Actual Total Time": 2265.597,
                                                                                "Actual Rows": 40,
                                                                                "Actual Loops": 1
                                                                            },
                                                                            {
                                                                                "Worker Number": 1,
                                                                                "Actual Startup Time": 2230.782,
                                                                                "Actual Total Time": 2261.191,
                                                                                "Actual Rows": 34,
                                                                                "Actual Loops": 1
                                                                            },
                                                                            {
                                                                                "Worker Number": 2,
                                                                                "Actual Startup Time": 2230.779,
                                                                                "Actual Total Time": 2262.142,
                                                                                "Actual Rows": 42,
                                                                                "Actual Loops": 1
                                                                            },
                                                                            {
                                                                                "Worker Number": 3,
                                                                                "Actual Startup Time": 2232.617,
                                                                                "Actual Total Time": 2268.765,
                                                                                "Actual Rows": 46,
                                                                                "Actual Loops": 1
                                                                            }
                                                                        ],
                                                                        "Plans": [
                                                                            {
                                                                                "Node Type": "Hash Join",
                                                                                "Parent Relationship": "Outer",
                                                                                "Parallel Aware": true,
                                                                                "Join Type": "Inner",
                                                                                "Startup Cost": 10000577038.88,
                                                                                "Total Cost": 10000578099.77,
                                                                                "Plan Rows": 16,
                                                                                "Plan Width": 63,
                                                                                "Actual Startup Time": 2231.929,
                                                                                "Actual Total Time": 2269.767,
                                                                                "Actual Rows": 45,
                                                                                "Actual Loops": 5,
                                                                                "Output": [
                                                                                    "ci.movie_id",
                                                                                    "ci.person_id",
                                                                                    "mi.info",
                                                                                    "mi.movie_id",
                                                                                    "mi.info_type_id",
                                                                                    "mk.movie_id"
                                                                                ],
                                                                                "Inner Unique": false,
                                                                                "Hash Cond": "(ci.movie_id = mi.movie_id)",
                                                                                "Workers": [
                                                                                    {
                                                                                        "Worker Number": 0,
                                                                                        "Actual Startup Time": 2230.684,
                                                                                        "Actual Total Time": 2265.292,
                                                                                        "Actual Rows": 42,
                                                                                        "Actual Loops": 1
                                                                                    },
                                                                                    {
                                                                                        "Worker Number": 1,
                                                                                        "Actual Startup Time": 2230.659,
                                                                                        "Actual Total Time": 2260.9,
                                                                                        "Actual Rows": 34,
                                                                                        "Actual Loops": 1
                                                                                    },
                                                                                    {
                                                                                        "Worker Number": 2,
                                                                                        "Actual Startup Time": 2230.706,
                                                                                        "Actual Total Time": 2261.858,
                                                                                        "Actual Rows": 42,
                                                                                        "Actual Loops": 1
                                                                                    },
                                                                                    {
                                                                                        "Worker Number": 3,
                                                                                        "Actual Startup Time": 2232.534,
                                                                                        "Actual Total Time": 2268.474,
                                                                                        "Actual Rows": 46,
                                                                                        "Actual Loops": 1
                                                                                    }
                                                                                ],
                                                                                "Plans": [
                                                                                    {
                                                                                        "Node Type": "Merge Join",
                                                                                        "Parent Relationship": "Outer",
                                                                                        "Parallel Aware": false,
                                                                                        "Join Type": "Inner",
                                                                                        "Startup Cost": 10000377731.48,
                                                                                        "Total Cost": 10000378743.58,
                                                                                        "Plan Rows": 36,
                                                                                        "Plan Width": 12,
                                                                                        "Actual Startup Time": 1694.645,
                                                                                        "Actual Total Time": 1731.049,
                                                                                        "Actual Rows": 2804,
                                                                                        "Actual Loops": 5,
                                                                                        "Output": [
                                                                                            "ci.movie_id",
                                                                                            "ci.person_id",
                                                                                            "mk.movie_id"
                                                                                        ],
                                                                                        "Inner Unique": false,
                                                                                        "Merge Cond": "(ci.movie_id = mk.movie_id)",
                                                                                        "Workers": [
                                                                                            {
                                                                                                "Worker Number": 0,
                                                                                                "Actual Startup Time": 1695.529,
                                                                                                "Actual Total Time": 1728.984,
                                                                                                "Actual Rows": 2489,
                                                                                                "Actual Loops": 1
                                                                                            },
                                                                                            {
                                                                                                "Worker Number": 1,
                                                                                                "Actual Startup Time": 1695.35,
                                                                                                "Actual Total Time": 1724.48,
                                                                                                "Actual Rows": 2253,
                                                                                                "Actual Loops": 1
                                                                                            },
                                                                                            {
                                                                                                "Worker Number": 2,
                                                                                                "Actual Startup Time": 1695.527,
                                                                                                "Actual Total Time": 1725.545,
                                                                                                "Actual Rows": 2313,
                                                                                                "Actual Loops": 1
                                                                                            },
                                                                                            {
                                                                                                "Worker Number": 3,
                                                                                                "Actual Startup Time": 1697.285,
                                                                                                "Actual Total Time": 1731.846,
                                                                                                "Actual Rows": 2525,
                                                                                                "Actual Loops": 1
                                                                                            }
                                                                                        ],
                                                                                        "Plans": [
                                                                                            {
                                                                                                "Node Type": "Sort",
                                                                                                "Parent Relationship": "Outer",
                                                                                                "Parallel Aware": false,
                                                                                                "Startup Cost": 10000368691.86,
                                                                                                "Total Cost": 10000369197.38,
                                                                                                "Plan Rows": 202210,
                                                                                                "Plan Width": 8,
                                                                                                "Actual Startup Time": 1615.597,
                                                                                                "Actual Total Time": 1632.432,
                                                                                                "Actual Rows": 248929,
                                                                                                "Actual Loops": 5,
                                                                                                "Output": [
                                                                                                    "ci.movie_id",
                                                                                                    "ci.person_id"
                                                                                                ],
                                                                                                "Sort Key": [
                                                                                                    "ci.movie_id"
                                                                                                ],
                                                                                                "Sort Method": "quicksort",
                                                                                                "Sort Space Used": 30413,
                                                                                                "Sort Space Type": "Memory",
                                                                                                "Workers": [
                                                                                                    {
                                                                                                        "Worker Number": 0,
                                                                                                        "Actual Startup Time": 1613.824,
                                                                                                        "Actual Total Time": 1628.948,
                                                                                                        "Actual Rows": 230773,
                                                                                                        "Actual Loops": 1
                                                                                                    },
                                                                                                    {
                                                                                                        "Worker Number": 1,
                                                                                                        "Actual Startup Time": 1609.878,
                                                                                                        "Actual Total Time": 1622.634,
                                                                                                        "Actual Rows": 198908,
                                                                                                        "Actual Loops": 1
                                                                                                    },
                                                                                                    {
                                                                                                        "Worker Number": 2,
                                                                                                        "Actual Startup Time": 1610.013,
                                                                                                        "Actual Total Time": 1623.283,
                                                                                                        "Actual Rows": 201351,
                                                                                                        "Actual Loops": 1
                                                                                                    },
                                                                                                    {
                                                                                                        "Worker Number": 3,
                                                                                                        "Actual Startup Time": 1612.482,
                                                                                                        "Actual Total Time": 1628.313,
                                                                                                        "Actual Rows": 226988,
                                                                                                        "Actual Loops": 1
                                                                                                    }
                                                                                                ],
                                                                                                "Plans": [
                                                                                                    {
                                                                                                        "Node Type": "Seq Scan",
                                                                                                        "Parent Relationship": "Outer",
                                                                                                        "Parallel Aware": true,
                                                                                                        "Relation Name": "cast_info",
                                                                                                        "Schema": "public",
                                                                                                        "Alias": "ci",
                                                                                                        "Startup Cost": 10000000000.0,
                                                                                                        "Total Cost": 10000350871.6,
                                                                                                        "Plan Rows": 202210,
                                                                                                        "Plan Width": 8,
                                                                                                        "Actual Startup Time": 137.764,
                                                                                                        "Actual Total Time": 1529.819,
                                                                                                        "Actual Rows": 248943,
                                                                                                        "Actual Loops": 5,
                                                                                                        "Output": [
                                                                                                            "ci.movie_id",
                                                                                                            "ci.person_id"
                                                                                                        ],
                                                                                                        "Filter": "(ci.note = ANY ('{(writer),\"(head writer)\",\"(written by)\",(story),\"(story editor)\"}'::text[]))",
                                                                                                        "Rows Removed by Filter": 6999926,
                                                                                                        "Workers": [
                                                                                                            {
                                                                                                                "Worker Number": 0,
                                                                                                                "Actual Startup Time": 145.984,
                                                                                                                "Actual Total Time": 1523.214,
                                                                                                                "Actual Rows": 230787,
                                                                                                                "Actual Loops": 1
                                                                                                            },
                                                                                                            {
                                                                                                                "Worker Number": 1,
                                                                                                                "Actual Startup Time": 255.268,
                                                                                                                "Actual Total Time": 1523.197,
                                                                                                                "Actual Rows": 198916,
                                                                                                                "Actual Loops": 1
                                                                                                            },
                                                                                                            {
                                                                                                                "Worker Number": 2,
                                                                                                                "Actual Startup Time": 46.653,
                                                                                                                "Actual Total Time": 1526.92,
                                                                                                                "Actual Rows": 201362,
                                                                                                                "Actual Loops": 1
                                                                                                            },
                                                                                                            {
                                                                                                                "Worker Number": 3,
                                                                                                                "Actual Startup Time": 128.625,
                                                                                                                "Actual Total Time": 1524.619,
                                                                                                                "Actual Rows": 227005,
                                                                                                                "Actual Loops": 1
                                                                                                            }
                                                                                                        ]
                                                                                                    }
                                                                                                ]
                                                                                            },
                                                                                            {
                                                                                                "Node Type": "Sort",
                                                                                                "Parent Relationship": "Inner",
                                                                                                "Parallel Aware": false,
                                                                                                "Startup Cost": 9039.47,
                                                                                                "Total Cost": 9039.89,
                                                                                                "Plan Rows": 169,
                                                                                                "Plan Width": 4,
                                                                                                "Actual Startup Time": 78.989,
                                                                                                "Actual Total Time": 80.986,
                                                                                                "Actual Rows": 40922,
                                                                                                "Actual Loops": 5,
                                                                                                "Output": [
                                                                                                    "mk.movie_id"
                                                                                                ],
                                                                                                "Sort Key": [
                                                                                                    "mk.movie_id"
                                                                                                ],
                                                                                                "Sort Method": "quicksort",
                                                                                                "Sort Space Used": 3442,
                                                                                                "Sort Space Type": "Memory",
                                                                                                "Workers": [
                                                                                                    {
                                                                                                        "Worker Number": 0,
                                                                                                        "Actual Startup Time": 81.646,
                                                                                                        "Actual Total Time": 83.604,
                                                                                                        "Actual Rows": 40845,
                                                                                                        "Actual Loops": 1
                                                                                                    },
                                                                                                    {
                                                                                                        "Worker Number": 1,
                                                                                                        "Actual Startup Time": 85.435,
                                                                                                        "Actual Total Time": 87.361,
                                                                                                        "Actual Rows": 40835,
                                                                                                        "Actual Loops": 1
                                                                                                    },
                                                                                                    {
                                                                                                        "Worker Number": 2,
                                                                                                        "Actual Startup Time": 85.447,
                                                                                                        "Actual Total Time": 87.436,
                                                                                                        "Actual Rows": 40822,
                                                                                                        "Actual Loops": 1
                                                                                                    },
                                                                                                    {
                                                                                                        "Worker Number": 3,
                                                                                                        "Actual Startup Time": 84.753,
                                                                                                        "Actual Total Time": 86.821,
                                                                                                        "Actual Rows": 40844,
                                                                                                        "Actual Loops": 1
                                                                                                    }
                                                                                                ],
                                                                                                "Plans": [
                                                                                                    {
                                                                                                        "Node Type": "Nested Loop",
                                                                                                        "Parent Relationship": "Outer",
                                                                                                        "Parallel Aware": false,
                                                                                                        "Join Type": "Inner",
                                                                                                        "Startup Cost": 0.43,
                                                                                                        "Total Cost": 9033.22,
                                                                                                        "Plan Rows": 169,
                                                                                                        "Plan Width": 4,
                                                                                                        "Actual Startup Time": 0.668,
                                                                                                        "Actual Total Time": 66.466,
                                                                                                        "Actual Rows": 40641,
                                                                                                        "Actual Loops": 5,
                                                                                                        "Output": [
                                                                                                            "mk.movie_id"
                                                                                                        ],
                                                                                                        "Inner Unique": false,
                                                                                                        "Workers": [
                                                                                                            {
                                                                                                                "Worker Number": 0,
                                                                                                                "Actual Startup Time": 0.606,
                                                                                                                "Actual Total Time": 67.517,
                                                                                                                "Actual Rows": 40641,
                                                                                                                "Actual Loops": 1
                                                                                                            },
                                                                                                            {
                                                                                                                "Worker Number": 1,
                                                                                                                "Actual Startup Time": 0.822,
                                                                                                                "Actual Total Time": 71.368,
                                                                                                                "Actual Rows": 40641,
                                                                                                                "Actual Loops": 1
                                                                                                            },
                                                                                                            {
                                                                                                                "Worker Number": 2,
                                                                                                                "Actual Startup Time": 0.812,
                                                                                                                "Actual Total Time": 71.474,
                                                                                                                "Actual Rows": 40641,
                                                                                                                "Actual Loops": 1
                                                                                                            },
                                                                                                            {
                                                                                                                "Worker Number": 3,
                                                                                                                "Actual Startup Time": 0.661,
                                                                                                                "Actual Total Time": 71.116,
                                                                                                                "Actual Rows": 40641,
                                                                                                                "Actual Loops": 1
                                                                                                            }
                                                                                                        ],
                                                                                                        "Plans": [
                                                                                                            {
                                                                                                                "Node Type": "Seq Scan",
                                                                                                                "Parent Relationship": "Outer",
                                                                                                                "Parallel Aware": false,
                                                                                                                "Relation Name": "keyword",
                                                                                                                "Schema": "public",
                                                                                                                "Alias": "k",
                                                                                                                "Startup Cost": 0.0,
                                                                                                                "Total Cost": 3129.26,
                                                                                                                "Plan Rows": 5,
                                                                                                                "Plan Width": 4,
                                                                                                                "Actual Startup Time": 0.532,
                                                                                                                "Actual Total Time": 15.78,
                                                                                                                "Actual Rows": 5,
                                                                                                                "Actual Loops": 5,
                                                                                                                "Output": [
                                                                                                                    "k.id",
                                                                                                                    "k.keyword",
                                                                                                                    "k.phonetic_code"
                                                                                                                ],
                                                                                                                "Filter": "(k.keyword = ANY ('{marvel-cinematic-universe,based-on-novel,marvel-comics,violence,1980s}'::text[]))",
                                                                                                                "Rows Removed by Filter": 134165,
                                                                                                                "Workers": [
                                                                                                                    {
                                                                                                                        "Worker Number": 0,
                                                                                                                        "Actual Startup Time": 0.493,
                                                                                                                        "Actual Total Time": 15.799,
                                                                                                                        "Actual Rows": 5,
                                                                                                                        "Actual Loops": 1
                                                                                                                    },
                                                                                                                    {
                                                                                                                        "Worker Number": 1,
                                                                                                                        "Actual Startup Time": 0.617,
                                                                                                                        "Actual Total Time": 15.959,
                                                                                                                        "Actual Rows": 5,
                                                                                                                        "Actual Loops": 1
                                                                                                                    },
                                                                                                                    {
                                                                                                                        "Worker Number": 2,
                                                                                                                        "Actual Startup Time": 0.606,
                                                                                                                        "Actual Total Time": 15.943,
                                                                                                                        "Actual Rows": 5,
                                                                                                                        "Actual Loops": 1
                                                                                                                    },
                                                                                                                    {
                                                                                                                        "Worker Number": 3,
                                                                                                                        "Actual Startup Time": 0.539,
                                                                                                                        "Actual Total Time": 15.906,
                                                                                                                        "Actual Rows": 5,
                                                                                                                        "Actual Loops": 1
                                                                                                                    }
                                                                                                                ]
                                                                                                            },
                                                                                                            {
                                                                                                                "Node Type": "Index Scan",
                                                                                                                "Parent Relationship": "Inner",
                                                                                                                "Parallel Aware": false,
                                                                                                                "Scan Direction": "Forward",
                                                                                                                "Index Name": "keyword_id_movie_keyword",
                                                                                                                "Relation Name": "movie_keyword",
                                                                                                                "Schema": "public",
                                                                                                                "Alias": "mk",
                                                                                                                "Startup Cost": 0.43,
                                                                                                                "Total Cost": 1177.79,
                                                                                                                "Plan Rows": 300,
                                                                                                                "Plan Width": 8,
                                                                                                                "Actual Startup Time": 0.068,
                                                                                                                "Actual Total Time": 9.391,
                                                                                                                "Actual Rows": 8128,
                                                                                                                "Actual Loops": 25,
                                                                                                                "Output": [
                                                                                                                    "mk.id",
                                                                                                                    "mk.movie_id",
                                                                                                                    "mk.keyword_id"
                                                                                                                ],
                                                                                                                "Index Cond": "(mk.keyword_id = k.id)",
                                                                                                                "Rows Removed by Index Recheck": 0,
                                                                                                                "Workers": [
                                                                                                                    {
                                                                                                                        "Worker Number": 0,
                                                                                                                        "Actual Startup Time": 0.058,
                                                                                                                        "Actual Total Time": 9.582,
                                                                                                                        "Actual Rows": 8128,
                                                                                                                        "Actual Loops": 5
                                                                                                                    },
                                                                                                                    {
                                                                                                                        "Worker Number": 1,
                                                                                                                        "Actual Startup Time": 0.09,
                                                                                                                        "Actual Total Time": 10.318,
                                                                                                                        "Actual Rows": 8128,
                                                                                                                        "Actual Loops": 5
                                                                                                                    },
                                                                                                                    {
                                                                                                                        "Worker Number": 2,
                                                                                                                        "Actual Startup Time": 0.09,
                                                                                                                        "Actual Total Time": 10.309,
                                                                                                                        "Actual Rows": 8128,
                                                                                                                        "Actual Loops": 5
                                                                                                                    },
                                                                                                                    {
                                                                                                                        "Worker Number": 3,
                                                                                                                        "Actual Startup Time": 0.057,
                                                                                                                        "Actual Total Time": 10.288,
                                                                                                                        "Actual Rows": 8128,
                                                                                                                        "Actual Loops": 5
                                                                                                                    }
                                                                                                                ]
                                                                                                            }
                                                                                                        ]
                                                                                                    }
                                                                                                ]
                                                                                            }
                                                                                        ]
                                                                                    },
                                                                                    {
                                                                                        "Node Type": "Hash",
                                                                                        "Parent Relationship": "Inner",
                                                                                        "Parallel Aware": true,
                                                                                        "Startup Cost": 198880.74,
                                                                                        "Total Cost": 198880.74,
                                                                                        "Plan Rows": 34133,
                                                                                        "Plan Width": 51,
                                                                                        "Actual Startup Time": 535.573,
                                                                                        "Actual Total Time": 535.575,
                                                                                        "Actual Rows": 32404,
                                                                                        "Actual Loops": 5,
                                                                                        "Output": [
                                                                                            "mi.info",
                                                                                            "mi.movie_id",
                                                                                            "mi.info_type_id"
                                                                                        ],
                                                                                        "Hash Buckets": 262144,
                                                                                        "Original Hash Buckets": 262144,
                                                                                        "Hash Batches": 1,
                                                                                        "Original Hash Batches": 1,
                                                                                        "Peak Memory Usage": 11008,
                                                                                        "Workers": [
                                                                                            {
                                                                                                "Worker Number": 0,
                                                                                                "Actual Startup Time": 535.094,
                                                                                                "Actual Total Time": 535.095,
                                                                                                "Actual Rows": 28393,
                                                                                                "Actual Loops": 1
                                                                                            },
                                                                                            {
                                                                                                "Worker Number": 1,
                                                                                                "Actual Startup Time": 535.017,
                                                                                                "Actual Total Time": 535.019,
                                                                                                "Actual Rows": 29413,
                                                                                                "Actual Loops": 1
                                                                                            },
                                                                                            {
                                                                                                "Worker Number": 2,
                                                                                                "Actual Startup Time": 535.071,
                                                                                                "Actual Total Time": 535.073,
                                                                                                "Actual Rows": 28838,
                                                                                                "Actual Loops": 1
                                                                                            },
                                                                                            {
                                                                                                "Worker Number": 3,
                                                                                                "Actual Startup Time": 534.997,
                                                                                                "Actual Total Time": 534.999,
                                                                                                "Actual Rows": 26757,
                                                                                                "Actual Loops": 1
                                                                                            }
                                                                                        ],
                                                                                        "Plans": [
                                                                                            {
                                                                                                "Node Type": "Seq Scan",
                                                                                                "Parent Relationship": "Outer",
                                                                                                "Parallel Aware": true,
                                                                                                "Relation Name": "movie_info",
                                                                                                "Schema": "public",
                                                                                                "Alias": "mi",
                                                                                                "Startup Cost": 0.0,
                                                                                                "Total Cost": 198880.74,
                                                                                                "Plan Rows": 34133,
                                                                                                "Plan Width": 51,
                                                                                                "Actual Startup Time": 343.503,
                                                                                                "Actual Total Time": 512.738,
                                                                                                "Actual Rows": 32404,
                                                                                                "Actual Loops": 5,
                                                                                                "Output": [
                                                                                                    "mi.info",
                                                                                                    "mi.movie_id",
                                                                                                    "mi.info_type_id"
                                                                                                ],
                                                                                                "Filter": "(mi.info = 'Documentary'::text)",
                                                                                                "Rows Removed by Filter": 2934740,
                                                                                                "Workers": [
                                                                                                    {
                                                                                                        "Worker Number": 0,
                                                                                                        "Actual Startup Time": 342.881,
                                                                                                        "Actual Total Time": 512.544,
                                                                                                        "Actual Rows": 28393,
                                                                                                        "Actual Loops": 1
                                                                                                    },
                                                                                                    {
                                                                                                        "Worker Number": 1,
                                                                                                        "Actual Startup Time": 343.699,
                                                                                                        "Actual Total Time": 513.217,
                                                                                                        "Actual Rows": 29413,
                                                                                                        "Actual Loops": 1
                                                                                                    },
                                                                                                    {
                                                                                                        "Worker Number": 2,
                                                                                                        "Actual Startup Time": 342.623,
                                                                                                        "Actual Total Time": 512.748,
                                                                                                        "Actual Rows": 28838,
                                                                                                        "Actual Loops": 1
                                                                                                    },
                                                                                                    {
                                                                                                        "Worker Number": 3,
                                                                                                        "Actual Startup Time": 342.768,
                                                                                                        "Actual Total Time": 511.258,
                                                                                                        "Actual Rows": 26757,
                                                                                                        "Actual Loops": 1
                                                                                                    }
                                                                                                ]
                                                                                            }
                                                                                        ]
                                                                                    }
                                                                                ]
                                                                            },
                                                                            {
                                                                                "Node Type": "Bitmap Heap Scan",
                                                                                "Parent Relationship": "Inner",
                                                                                "Parallel Aware": false,
                                                                                "Relation Name": "info_type",
                                                                                "Schema": "public",
                                                                                "Alias": "it1",
                                                                                "Startup Cost": 0.15,
                                                                                "Total Cost": 4.17,
                                                                                "Plan Rows": 1,
                                                                                "Plan Width": 4,
                                                                                "Actual Startup Time": 0.004,
                                                                                "Actual Total Time": 0.004,
                                                                                "Actual Rows": 1,
                                                                                "Actual Loops": 226,
                                                                                "Output": [
                                                                                    "it1.id",
                                                                                    "it1.info"
                                                                                ],
                                                                                "Recheck Cond": "(it1.id = mi.info_type_id)",
                                                                                "Rows Removed by Index Recheck": 0,
                                                                                "Filter": "((it1.info)::text = 'genres'::text)",
                                                                                "Rows Removed by Filter": 0,
                                                                                "Exact Heap Blocks": 62,
                                                                                "Lossy Heap Blocks": 0,
                                                                                "Workers": [
                                                                                    {
                                                                                        "Worker Number": 0,
                                                                                        "Actual Startup Time": 0.005,
                                                                                        "Actual Total Time": 0.005,
                                                                                        "Actual Rows": 1,
                                                                                        "Actual Loops": 42
                                                                                    },
                                                                                    {
                                                                                        "Worker Number": 1,
                                                                                        "Actual Startup Time": 0.006,
                                                                                        "Actual Total Time": 0.006,
                                                                                        "Actual Rows": 1,
                                                                                        "Actual Loops": 34
                                                                                    },
                                                                                    {
                                                                                        "Worker Number": 2,
                                                                                        "Actual Startup Time": 0.004,
                                                                                        "Actual Total Time": 0.004,
                                                                                        "Actual Rows": 1,
                                                                                        "Actual Loops": 42
                                                                                    },
                                                                                    {
                                                                                        "Worker Number": 3,
                                                                                        "Actual Startup Time": 0.004,
                                                                                        "Actual Total Time": 0.004,
                                                                                        "Actual Rows": 1,
                                                                                        "Actual Loops": 46
                                                                                    }
                                                                                ],
                                                                                "Plans": [
                                                                                    {
                                                                                        "Node Type": "Bitmap Index Scan",
                                                                                        "Parent Relationship": "Outer",
                                                                                        "Parallel Aware": false,
                                                                                        "Index Name": "info_type_pkey",
                                                                                        "Startup Cost": 0.0,
                                                                                        "Total Cost": 0.15,
                                                                                        "Plan Rows": 1,
                                                                                        "Plan Width": 0,
                                                                                        "Actual Startup Time": 0.002,
                                                                                        "Actual Total Time": 0.002,
                                                                                        "Actual Rows": 1,
                                                                                        "Actual Loops": 226,
                                                                                        "Index Cond": "(it1.id = mi.info_type_id)",
                                                                                        "Workers": [
                                                                                            {
                                                                                                "Worker Number": 0,
                                                                                                "Actual Startup Time": 0.003,
                                                                                                "Actual Total Time": 0.003,
                                                                                                "Actual Rows": 1,
                                                                                                "Actual Loops": 42
                                                                                            },
                                                                                            {
                                                                                                "Worker Number": 1,
                                                                                                "Actual Startup Time": 0.004,
                                                                                                "Actual Total Time": 0.004,
                                                                                                "Actual Rows": 1,
                                                                                                "Actual Loops": 34
                                                                                            },
                                                                                            {
                                                                                                "Worker Number": 2,
                                                                                                "Actual Startup Time": 0.002,
                                                                                                "Actual Total Time": 0.002,
                                                                                                "Actual Rows": 1,
                                                                                                "Actual Loops": 42
                                                                                            },
                                                                                            {
                                                                                                "Worker Number": 3,
                                                                                                "Actual Startup Time": 0.002,
                                                                                                "Actual Total Time": 0.002,
                                                                                                "Actual Rows": 1,
                                                                                                "Actual Loops": 46
                                                                                            }
                                                                                        ]
                                                                                    }
                                                                                ]
                                                                            }
                                                                        ]
                                                                    }
                                                                ]
                                                            }
                                                        ]
                                                    }
                                                ]
                                            }
                                        ]
                                    },
                                    {
                                        "Node Type": "Gather Merge",
                                        "Parent Relationship": "Inner",
                                        "Parallel Aware": false,
                                        "Startup Cost": 1000.49,
                                        "Total Cost": 95557.06,
                                        "Plan Rows": 142,
                                        "Plan Width": 21,
                                        "Actual Startup Time": 45.069,
                                        "Actual Total Time": 547.037,
                                        "Actual Rows": 465,
                                        "Actual Loops": 1,
                                        "Output": [
                                            "t.title",
                                            "t.id"
                                        ],
                                        "Workers Planned": 4,
                                        "Workers Launched": 3,
                                        "Plans": [
                                            {
                                                "Node Type": "Index Scan",
                                                "Parent Relationship": "Outer",
                                                "Parallel Aware": true,
                                                "Scan Direction": "Forward",
                                                "Index Name": "title_pkey",
                                                "Relation Name": "title",
                                                "Schema": "public",
                                                "Alias": "t",
                                                "Startup Cost": 0.43,
                                                "Total Cost": 94540.09,
                                                "Plan Rows": 36,
                                                "Plan Width": 21,
                                                "Actual Startup Time": 9.724,
                                                "Actual Total Time": 431.72,
                                                "Actual Rows": 116,
                                                "Actual Loops": 4,
                                                "Output": [
                                                    "t.title",
                                                    "t.id"
                                                ],
                                                "Filter": "((t.title ~~ '100%'::text) AND (t.production_year > 1997))",
                                                "Rows Removed by Filter": 631962,
                                                "Workers": [
                                                    {
                                                        "Worker Number": 0,
                                                        "Actual Startup Time": 32.598,
                                                        "Actual Total Time": 524.961,
                                                        "Actual Rows": 297,
                                                        "Actual Loops": 1
                                                    },
                                                    {
                                                        "Worker Number": 1,
                                                        "Actual Startup Time": 0.945,
                                                        "Actual Total Time": 526.096,
                                                        "Actual Rows": 30,
                                                        "Actual Loops": 1
                                                    },
                                                    {
                                                        "Worker Number": 2,
                                                        "Actual Startup Time": 1.573,
                                                        "Actual Total Time": 530.722,
                                                        "Actual Rows": 84,
                                                        "Actual Loops": 1
                                                    }
                                                ]
                                            }
                                        ]
                                    }
                                ]
                            },
                            {
                                "Node Type": "Bitmap Heap Scan",
                                "Parent Relationship": "Inner",
                                "Parallel Aware": false,
                                "Relation Name": "movie_info_idx",
                                "Schema": "public",
                                "Alias": "mi_idx",
                                "Startup Cost": 0.46,
                                "Total Cost": 4.49,
                                "Plan Rows": 3,
                                "Plan Width": 13,
                                "Actual Startup Time": 0.016,
                                "Actual Total Time": 0.017,
                                "Actual Rows": 3,
                                "Actual Loops": 2,
                                "Output": [
                                    "mi_idx.id",
                                    "mi_idx.movie_id",
                                    "mi_idx.info_type_id",
                                    "mi_idx.info",
                                    "mi_idx.note"
                                ],
                                "Recheck Cond": "(mi_idx.movie_id = mk.movie_id)",
                                "Rows Removed by Index Recheck": 0,
                                "Exact Heap Blocks": 2,
                                "Lossy Heap Blocks": 0,
                                "Plans": [
                                    {
                                        "Node Type": "Bitmap Index Scan",
                                        "Parent Relationship": "Outer",
                                        "Parallel Aware": false,
                                        "Index Name": "movie_id_movie_info_idx",
                                        "Startup Cost": 0.0,
                                        "Total Cost": 0.46,
                                        "Plan Rows": 3,
                                        "Plan Width": 0,
                                        "Actual Startup Time": 0.012,
                                        "Actual Total Time": 0.013,
                                        "Actual Rows": 3,
                                        "Actual Loops": 2,
                                        "Index Cond": "(mi_idx.movie_id = mk.movie_id)"
                                    }
                                ]
                            }
                        ]
                    },
                    {
                        "Node Type": "Bitmap Heap Scan",
                        "Parent Relationship": "Inner",
                        "Parallel Aware": false,
                        "Relation Name": "info_type",
                        "Schema": "public",
                        "Alias": "it2",
                        "Startup Cost": 0.15,
                        "Total Cost": 4.17,
                        "Plan Rows": 1,
                        "Plan Width": 4,
                        "Actual Startup Time": 0.004,
                        "Actual Total Time": 0.004,
                        "Actual Rows": 0,
                        "Actual Loops": 6,
                        "Output": [
                            "it2.id",
                            "it2.info"
                        ],
                        "Recheck Cond": "(it2.id = mi_idx.info_type_id)",
                        "Rows Removed by Index Recheck": 0,
                        "Filter": "((it2.info)::text = 'votes'::text)",
                        "Rows Removed by Filter": 1,
                        "Exact Heap Blocks": 6,
                        "Lossy Heap Blocks": 0,
                        "Plans": [
                            {
                                "Node Type": "Bitmap Index Scan",
                                "Parent Relationship": "Outer",
                                "Parallel Aware": false,
                                "Index Name": "info_type_pkey",
                                "Startup Cost": 0.0,
                                "Total Cost": 0.15,
                                "Plan Rows": 1,
                                "Plan Width": 0,
                                "Actual Startup Time": 0.002,
                                "Actual Total Time": 0.002,
                                "Actual Rows": 1,
                                "Actual Loops": 6,
                                "Index Cond": "(it2.id = mi_idx.info_type_id)"
                            }
                        ]
                    }
                ]
            }
        ]
    },
    "Planning Time": 13.266,
    "Triggers": [],
    "Execution Time": 3495.861
}