[
  {
    "Plan": {
      "Node Type": "Aggregate",
      "Strategy": "Plain",
      "Partial Mode": "Finalize",
      "Parallel Aware": false,
      "Startup Cost": 27057.82,
      "Total Cost": 27057.83,
      "Plan Rows": 1,
      "Plan Width": 8,
      "Actual Startup Time": 74.574,
      "Actual Total Time": 78.158,
      "Actual Rows": 1,
      "Actual Loops": 1,
      "Plans": [
        {
          "Node Type": "Gather",
          "Parent Relationship": "Outer",
          "Parallel Aware": false,
          "Startup Cost": 27057.5,
          "Total Cost": 27057.81,
          "Plan Rows": 3,
          "Plan Width": 8,
          "Actual Startup Time": 74.434,
          "Actual Total Time": 78.15,
          "Actual Rows": 4,
          "Actual Loops": 1,
          "Workers Planned": 3,
          "Workers Launched": 3,
          "Single Copy": false,
          "Plans": [
            {
              "Node Type": "Aggregate",
              "Strategy": "Plain",
              "Partial Mode": "Partial",
              "Parent Relationship": "Outer",
              "Parallel Aware": false,
              "Startup Cost": 26057.5,
              "Total Cost": 26057.51,
              "Plan Rows": 1,
              "Plan Width": 8,
              "Actual Startup Time": 66.975,
              "Actual Total Time": 66.976,
              "Actual Rows": 1,
              "Actual Loops": 4,
              "Plans": [
                {
                  "Node Type": "Bitmap Heap Scan",
                  "Parent Relationship": "Outer",
                  "Parallel Aware": true,
                  "Relation Name": "movie_companies",
                  "Alias": "mc",
                  "Startup Cost": 5844.47,
                  "Total Cost": 25946.48,
                  "Plan Rows": 44410,
                  "Plan Width": 0,
                  "Actual Startup Time": 27.882,
                  "Actual Total Time": 61.901,
                  "Actual Rows": 67428,
                  "Actual Loops": 4,
                  "Recheck Cond": "(company_id > 97722)",
                  "Rows Removed by Index Recheck": 0,
                  "Filter": "(company_type_id = 2)",
                  "Rows Removed by Filter": 0,
                  "Exact Heap Blocks": 2586,
                  "Lossy Heap Blocks": 0,
                  "Plans": [
                    {
                      "Node Type": "Bitmap Index Scan",
                      "Parent Relationship": "Outer",
                      "Parallel Aware": false,
                      "Index Name": "company_id_movie_companies",
                      "Startup Cost": 0.0,
                      "Total Cost": 5810.05,
                      "Plan Rows": 271149,
                      "Plan Width": 0,
                      "Actual Startup Time": 33.648,
                      "Actual Total Time": 33.649,
                      "Actual Rows": 269710,
                      "Actual Loops": 1,
                      "Index Cond": "(company_id > 97722)"
                    }
                  ]
                }
              ]
            }
          ]
        }
      ]
    },
    "Planning Time": 0.232,
    "Triggers": [],
    "Execution Time": 78.235
  }
]