{
  "Plan": {
    "Node Type": "Aggregate",
    "Strategy": "Plain",
    "Partial Mode": "Finalize",
    "Parallel Aware": false,
    "Startup Cost": 99442.61,
    "Total Cost": 99442.62,
    "Plan Rows": 1,
    "Plan Width": 8,
    "Actual Startup Time": 335.607,
    "Actual Total Time": 350.719,
    "Actual Rows": 1,
    "Actual Loops": 1,
    "Plans": [
      {
        "Node Type": "Gather",
        "Parent Relationship": "Outer",
        "Parallel Aware": false,
        "Startup Cost": 99442.5,
        "Total Cost": 99442.61,
        "Plan Rows": 1,
        "Plan Width": 8,
        "Actual Startup Time": 335.411,
        "Actual Total Time": 350.713,
        "Actual Rows": 2,
        "Actual Loops": 1,
        "Workers Planned": 1,
        "Workers Launched": 1,
        "Single Copy": false,
        "Plans": [
          {
            "Node Type": "Aggregate",
            "Strategy": "Plain",
            "Partial Mode": "Partial",
            "Parent Relationship": "Outer",
            "Parallel Aware": false,
            "Startup Cost": 98442.5,
            "Total Cost": 98442.51,
            "Plan Rows": 1,
            "Plan Width": 8,
            "Actual Startup Time": 332.873,
            "Actual Total Time": 332.876,
            "Actual Rows": 1,
            "Actual Loops": 2,
            "Plans": [
              {
                "Node Type": "Hash Join",
                "Parent Relationship": "Outer",
                "Parallel Aware": true,
                "Join Type": "Inner",
                "Startup Cost": 58468.07,
                "Total Cost": 98426.08,
                "Plan Rows": 6567,
                "Plan Width": 0,
                "Actual Startup Time": 148.928,
                "Actual Total Time": 332.766,
                "Actual Rows": 1684,
                "Actual Loops": 2,
                "Inner Unique": true,
                "Hash Cond": "(mc.movie_id = t.id)",
                "Plans": [
                  {
                    "Node Type": "Seq Scan",
                    "Parent Relationship": "Outer",
                    "Parallel Aware": true,
                    "Relation Name": "movie_companies",
                    "Alias": "mc",
                    "Startup Cost": 0.0,
                    "Total Cost": 37974.77,
                    "Plan Rows": 755522,
                    "Plan Width": 4,
                    "Actual Startup Time": 0.016,
                    "Actual Total Time": 125.401,
                    "Actual Rows": 637123,
                    "Actual Loops": 2,
                    "Filter": "(company_type_id < 2)",
                    "Rows Removed by Filter": 667442
                  },
                  {
                    "Node Type": "Hash",
                    "Parent Relationship": "Inner",
                    "Parallel Aware": true,
                    "Startup Cost": 58306.47,
                    "Total Cost": 58306.47,
                    "Plan Rows": 12928,
                    "Plan Width": 4,
                    "Actual Startup Time": 148.311,
                    "Actual Total Time": 148.312,
                    "Actual Rows": 12301,
                    "Actual Loops": 2,
                    "Hash Buckets": 32768,
                    "Original Hash Buckets": 32768,
                    "Hash Batches": 1,
                    "Original Hash Batches": 1,
                    "Peak Memory Usage": 1248,
                    "Plans": [
                      {
                        "Node Type": "Seq Scan",
                        "Parent Relationship": "Outer",
                        "Parallel Aware": true,
                        "Relation Name": "title",
                        "Alias": "t",
                        "Startup Cost": 0.0,
                        "Total Cost": 58306.47,
                        "Plan Rows": 12928,
                        "Plan Width": 4,
                        "Actual Startup Time": 0.046,
                        "Actual Total Time": 144.024,
                        "Actual Rows": 12301,
                        "Actual Loops": 2,
                        "Filter": "((kind_id = 7) AND (production_year = 1995))",
                        "Rows Removed by Filter": 1251855
                      }
                    ]
                  }
                ]
              }
            ]
          }
        ]
      }
    ]
  },
  "Planning Time": 0.204,
  "Triggers": [],
  "Execution Time": 350.758
}