[
  {
    "Plan": {
      "Node Type": "Aggregate",
      "Strategy": "Plain",
      "Partial Mode": "Finalize",
      "Parallel Aware": false,
      "Startup Cost": 45874.6,
      "Total Cost": 45874.61,
      "Plan Rows": 1,
      "Plan Width": 8,
      "Actual Startup Time": 171.937,
      "Actual Total Time": 182.558,
      "Actual Rows": 1,
      "Actual Loops": 1,
      "Plans": [
        {
          "Node Type": "Gather",
          "Parent Relationship": "Outer",
          "Parallel Aware": false,
          "Startup Cost": 45874.28,
          "Total Cost": 45874.59,
          "Plan Rows": 3,
          "Plan Width": 8,
          "Actual Startup Time": 171.836,
          "Actual Total Time": 182.547,
          "Actual Rows": 4,
          "Actual Loops": 1,
          "Workers Planned": 3,
          "Workers Launched": 3,
          "Single Copy": false,
          "Plans": [
            {
              "Node Type": "Aggregate",
              "Strategy": "Plain",
              "Partial Mode": "Partial",
              "Parent Relationship": "Outer",
              "Parallel Aware": false,
              "Startup Cost": 44874.28,
              "Total Cost": 44874.29,
              "Plan Rows": 1,
              "Plan Width": 8,
              "Actual Startup Time": 167.476,
              "Actual Total Time": 167.478,
              "Actual Rows": 1,
              "Actual Loops": 4,
              "Plans": [
                {
                  "Node Type": "Seq Scan",
                  "Parent Relationship": "Outer",
                  "Parallel Aware": true,
                  "Relation Name": "movie_keyword",
                  "Alias": "mk",
                  "Startup Cost": 0.0,
                  "Total Cost": 42695.65,
                  "Plan Rows": 871450,
                  "Plan Width": 0,
                  "Actual Startup Time": 0.204,
                  "Actual Total Time": 132.355,
                  "Actual Rows": 672572,
                  "Actual Loops": 4,
                  "Filter": "(keyword_id > 3021)",
                  "Rows Removed by Filter": 458411
                }
              ]
            }
          ]
        }
      ]
    },
    "Planning Time": 0.097,
    "Triggers": [],
    "Execution Time": 182.594
  }
]