[
  {
    "Plan": {
      "Node Type": "Aggregate",
      "Strategy": "Plain",
      "Partial Mode": "Finalize",
      "Parallel Aware": false,
      "Startup Cost": 44778.93,
      "Total Cost": 44778.94,
      "Plan Rows": 1,
      "Plan Width": 8,
      "Actual Startup Time": 131.961,
      "Actual Total Time": 141.946,
      "Actual Rows": 1,
      "Actual Loops": 1,
      "Plans": [
        {
          "Node Type": "Gather",
          "Parent Relationship": "Outer",
          "Parallel Aware": false,
          "Startup Cost": 44778.61,
          "Total Cost": 44778.92,
          "Plan Rows": 3,
          "Plan Width": 8,
          "Actual Startup Time": 131.841,
          "Actual Total Time": 141.937,
          "Actual Rows": 4,
          "Actual Loops": 1,
          "Workers Planned": 3,
          "Workers Launched": 3,
          "Single Copy": false,
          "Plans": [
            {
              "Node Type": "Aggregate",
              "Strategy": "Plain",
              "Partial Mode": "Partial",
              "Parent Relationship": "Outer",
              "Parallel Aware": false,
              "Startup Cost": 43778.61,
              "Total Cost": 43778.62,
              "Plan Rows": 1,
              "Plan Width": 8,
              "Actual Startup Time": 126.16,
              "Actual Total Time": 126.161,
              "Actual Rows": 1,
              "Actual Loops": 4,
              "Plans": [
                {
                  "Node Type": "Seq Scan",
                  "Parent Relationship": "Outer",
                  "Parallel Aware": true,
                  "Relation Name": "movie_keyword",
                  "Alias": "mk",
                  "Startup Cost": 0.0,
                  "Total Cost": 42695.65,
                  "Plan Rows": 433184,
                  "Plan Width": 0,
                  "Actual Startup Time": 2.19,
                  "Actual Total Time": 109.488,
                  "Actual Rows": 337133,
                  "Actual Loops": 4,
                  "Filter": "(keyword_id > 12582)",
                  "Rows Removed by Filter": 793850
                }
              ]
            }
          ]
        }
      ]
    },
    "Planning Time": 0.179,
    "Triggers": [],
    "Execution Time": 142.002
  }
]