[
  {
    "Plan": {
      "Node Type": "Aggregate",
      "Strategy": "Plain",
      "Partial Mode": "Finalize",
      "Parallel Aware": false,
      "Startup Cost": 391309.9,
      "Total Cost": 391309.91,
      "Plan Rows": 1,
      "Plan Width": 8,
      "Actual Startup Time": 3195.931,
      "Actual Total Time": 3249.256,
      "Actual Rows": 1,
      "Actual Loops": 1,
      "Plans": [
        {
          "Node Type": "Gather",
          "Parent Relationship": "Outer",
          "Parallel Aware": false,
          "Startup Cost": 391309.27,
          "Total Cost": 391309.88,
          "Plan Rows": 6,
          "Plan Width": 8,
          "Actual Startup Time": 3182.206,
          "Actual Total Time": 3249.24,
          "Actual Rows": 7,
          "Actual Loops": 1,
          "Workers Planned": 6,
          "Workers Launched": 6,
          "Single Copy": false,
          "Plans": [
            {
              "Node Type": "Aggregate",
              "Strategy": "Plain",
              "Partial Mode": "Partial",
              "Parent Relationship": "Outer",
              "Parallel Aware": false,
              "Startup Cost": 390309.27,
              "Total Cost": 390309.28,
              "Plan Rows": 1,
              "Plan Width": 8,
              "Actual Startup Time": 3172.311,
              "Actual Total Time": 3172.315,
              "Actual Rows": 1,
              "Actual Loops": 7,
              "Plans": [
                {
                  "Node Type": "Hash Join",
                  "Parent Relationship": "Outer",
                  "Parallel Aware": true,
                  "Join Type": "Inner",
                  "Startup Cost": 49890.1,
                  "Total Cost": 378856.75,
                  "Plan Rows": 4581007,
                  "Plan Width": 0,
                  "Actual Startup Time": 206.269,
                  "Actual Total Time": 2970.174,
                  "Actual Rows": 4173152,
                  "Actual Loops": 7,
                  "Inner Unique": true,
                  "Hash Cond": "(ci.movie_id = t.id)",
                  "Plans": [
                    {
                      "Node Type": "Seq Scan",
                      "Parent Relationship": "Outer",
                      "Parallel Aware": true,
                      "Relation Name": "cast_info",
                      "Alias": "ci",
                      "Startup Cost": 0.0,
                      "Total Cost": 313106.51,
                      "Plan Rows": 6041951,
                      "Plan Width": 4,
                      "Actual Startup Time": 0.039,
                      "Actual Total Time": 567.689,
                      "Actual Rows": 5177763,
                      "Actual Loops": 7
                    },
                    {
                      "Node Type": "Hash",
                      "Parent Relationship": "Inner",
                      "Parallel Aware": true,
                      "Startup Cost": 43899.32,
                      "Total Cost": 43899.32,
                      "Plan Rows": 479262,
                      "Plan Width": 4,
                      "Actual Startup Time": 203.272,
                      "Actual Total Time": 203.273,
                      "Actual Rows": 271894,
                      "Actual Loops": 7,
                      "Hash Buckets": 2097152,
                      "Original Hash Buckets": 2097152,
                      "Hash Batches": 1,
                      "Original Hash Batches": 1,
                      "Peak Memory Usage": 90944,
                      "Plans": [
                        {
                          "Node Type": "Seq Scan",
                          "Parent Relationship": "Outer",
                          "Parallel Aware": true,
                          "Relation Name": "title",
                          "Alias": "t",
                          "Startup Cost": 0.0,
                          "Total Cost": 43899.32,
                          "Plan Rows": 479262,
                          "Plan Width": 4,
                          "Actual Startup Time": 0.04,
                          "Actual Total Time": 86.028,
                          "Actual Rows": 271894,
                          "Actual Loops": 7,
                          "Filter": "(production_year > 1982)",
                          "Rows Removed by Filter": 89293
                        }
                      ]
                    }
                  ]
                }
              ]
            }
          ]
        }
      ]
    },
    "Planning Time": 0.209,
    "Triggers": [],
    "Execution Time": 3249.305
  }
]