[
  {
    "Plan": {
      "Node Type": "Aggregate",
      "Strategy": "Plain",
      "Partial Mode": "Finalize",
      "Parallel Aware": false,
      "Startup Cost": 141379.44,
      "Total Cost": 141379.45,
      "Plan Rows": 1,
      "Plan Width": 8,
      "Actual Startup Time": 1181.259,
      "Actual Total Time": 1221.936,
      "Actual Rows": 1,
      "Actual Loops": 1,
      "Plans": [
        {
          "Node Type": "Gather",
          "Parent Relationship": "Outer",
          "Parallel Aware": false,
          "Startup Cost": 141379.13,
          "Total Cost": 141379.44,
          "Plan Rows": 3,
          "Plan Width": 8,
          "Actual Startup Time": 1178.797,
          "Actual Total Time": 1221.923,
          "Actual Rows": 4,
          "Actual Loops": 1,
          "Workers Planned": 3,
          "Workers Launched": 3,
          "Single Copy": false,
          "Plans": [
            {
              "Node Type": "Aggregate",
              "Strategy": "Plain",
              "Partial Mode": "Partial",
              "Parent Relationship": "Outer",
              "Parallel Aware": false,
              "Startup Cost": 140379.13,
              "Total Cost": 140379.14,
              "Plan Rows": 1,
              "Plan Width": 8,
              "Actual Startup Time": 1170.231,
              "Actual Total Time": 1170.235,
              "Actual Rows": 1,
              "Actual Loops": 4,
              "Plans": [
                {
                  "Node Type": "Nested Loop",
                  "Parent Relationship": "Outer",
                  "Parallel Aware": false,
                  "Join Type": "Inner",
                  "Startup Cost": 57568.62,
                  "Total Cost": 140038.73,
                  "Plan Rows": 136157,
                  "Plan Width": 0,
                  "Actual Startup Time": 210.252,
                  "Actual Total Time": 1103.531,
                  "Actual Rows": 1376924,
                  "Actual Loops": 4,
                  "Inner Unique": false,
                  "Plans": [
                    {
                      "Node Type": "Hash Join",
                      "Parent Relationship": "Outer",
                      "Parallel Aware": true,
                      "Join Type": "Inner",
                      "Startup Cost": 57568.19,
                      "Total Cost": 78704.88,
                      "Plan Rows": 23189,
                      "Plan Width": 8,
                      "Actual Startup Time": 210.131,
                      "Actual Total Time": 292.581,
                      "Actual Rows": 68888,
                      "Actual Loops": 4,
                      "Inner Unique": true,
                      "Hash Cond": "(mc.movie_id = t.id)",
                      "Plans": [
                        {
                          "Node Type": "Bitmap Heap Scan",
                          "Parent Relationship": "Outer",
                          "Parallel Aware": true,
                          "Relation Name": "movie_companies",
                          "Alias": "mc",
                          "Startup Cost": 9592.08,
                          "Total Cost": 30536.12,
                          "Plan Rows": 73391,
                          "Plan Width": 4,
                          "Actual Startup Time": 26.03,
                          "Actual Total Time": 53.643,
                          "Actual Rows": 110846,
                          "Actual Loops": 4,
                          "Recheck Cond": "(company_id > 77897)",
                          "Rows Removed by Index Recheck": 0,
                          "Filter": "(company_type_id = 2)",
                          "Rows Removed by Filter": 0,
                          "Exact Heap Blocks": 1950,
                          "Lossy Heap Blocks": 0,
                          "Plans": [
                            {
                              "Node Type": "Bitmap Index Scan",
                              "Parent Relationship": "Outer",
                              "Parallel Aware": false,
                              "Index Name": "company_id_movie_companies",
                              "Startup Cost": 0.0,
                              "Total Cost": 9535.2,
                              "Plan Rows": 445169,
                              "Plan Width": 0,
                              "Actual Startup Time": 25.077,
                              "Actual Total Time": 25.077,
                              "Actual Rows": 443383,
                              "Actual Loops": 1,
                              "Index Cond": "(company_id > 77897)"
                            }
                          ]
                        },
                        {
                          "Node Type": "Hash",
                          "Parent Relationship": "Inner",
                          "Parallel Aware": true,
                          "Startup Cost": 45479.59,
                          "Total Cost": 45479.59,
                          "Plan Rows": 199722,
                          "Plan Width": 4,
                          "Actual Startup Time": 179.061,
                          "Actual Total Time": 179.062,
                          "Actual Rows": 176966,
                          "Actual Loops": 4,
                          "Hash Buckets": 1048576,
                          "Original Hash Buckets": 1048576,
                          "Hash Batches": 1,
                          "Original Hash Batches": 1,
                          "Peak Memory Usage": 35936,
                          "Plans": [
                            {
                              "Node Type": "Seq Scan",
                              "Parent Relationship": "Outer",
                              "Parallel Aware": true,
                              "Relation Name": "title",
                              "Alias": "t",
                              "Startup Cost": 0.0,
                              "Total Cost": 45479.59,
                              "Plan Rows": 199722,
                              "Plan Width": 4,
                              "Actual Startup Time": 0.057,
                              "Actual Total Time": 107.837,
                              "Actual Rows": 176966,
                              "Actual Loops": 4,
                              "Filter": "((kind_id < 7) AND (production_year > 1973))",
                              "Rows Removed by Filter": 455112
                            }
                          ]
                        }
                      ]
                    },
                    {
                      "Node Type": "Index Only Scan",
                      "Parent Relationship": "Inner",
                      "Parallel Aware": false,
                      "Scan Direction": "Forward",
                      "Index Name": "movie_id_movie_info",
                      "Relation Name": "movie_info",
                      "Alias": "mi",
                      "Startup Cost": 0.43,
                      "Total Cost": 2.23,
                      "Plan Rows": 41,
                      "Plan Width": 4,
                      "Actual Startup Time": 0.004,
                      "Actual Total Time": 0.01,
                      "Actual Rows": 20,
                      "Actual Loops": 275551,
                      "Index Cond": "(movie_id = t.id)",
                      "Rows Removed by Index Recheck": 0,
                      "Heap Fetches": 5507698
                    }
                  ]
                }
              ]
            }
          ]
        }
      ]
    },
    "Planning Time": 1.666,
    "Triggers": [],
    "Execution Time": 1222.058
  }
]