[
  {
    "Plan": {
      "Node Type": "Aggregate",
      "Strategy": "Plain",
      "Partial Mode": "Finalize",
      "Parallel Aware": false,
      "Startup Cost": 125697.85,
      "Total Cost": 125697.86,
      "Plan Rows": 1,
      "Plan Width": 8,
      "Actual Startup Time": 1157.748,
      "Actual Total Time": 1210.761,
      "Actual Rows": 1,
      "Actual Loops": 1,
      "Plans": [
        {
          "Node Type": "Gather",
          "Parent Relationship": "Outer",
          "Parallel Aware": false,
          "Startup Cost": 125697.43,
          "Total Cost": 125697.84,
          "Plan Rows": 4,
          "Plan Width": 8,
          "Actual Startup Time": 1153.916,
          "Actual Total Time": 1210.75,
          "Actual Rows": 5,
          "Actual Loops": 1,
          "Workers Planned": 4,
          "Workers Launched": 4,
          "Single Copy": false,
          "Plans": [
            {
              "Node Type": "Aggregate",
              "Strategy": "Plain",
              "Partial Mode": "Partial",
              "Parent Relationship": "Outer",
              "Parallel Aware": false,
              "Startup Cost": 124697.43,
              "Total Cost": 124697.44,
              "Plan Rows": 1,
              "Plan Width": 8,
              "Actual Startup Time": 1143.35,
              "Actual Total Time": 1143.429,
              "Actual Rows": 1,
              "Actual Loops": 5,
              "Plans": [
                {
                  "Node Type": "Nested Loop",
                  "Parent Relationship": "Outer",
                  "Parallel Aware": false,
                  "Join Type": "Inner",
                  "Startup Cost": 31162.81,
                  "Total Cost": 124441.41,
                  "Plan Rows": 102410,
                  "Plan Width": 0,
                  "Actual Startup Time": 134.022,
                  "Actual Total Time": 1090.796,
                  "Actual Rows": 1101540,
                  "Actual Loops": 5,
                  "Inner Unique": false,
                  "Plans": [
                    {
                      "Node Type": "Hash Join",
                      "Parent Relationship": "Outer",
                      "Parallel Aware": true,
                      "Join Type": "Inner",
                      "Startup Cost": 31162.38,
                      "Total Cost": 77699.97,
                      "Plan Rows": 17514,
                      "Plan Width": 8,
                      "Actual Startup Time": 133.929,
                      "Actual Total Time": 278.414,
                      "Actual Rows": 55110,
                      "Actual Loops": 5,
                      "Inner Unique": false,
                      "Hash Cond": "(t.id = mc.movie_id)",
                      "Plans": [
                        {
                          "Node Type": "Seq Scan",
                          "Parent Relationship": "Outer",
                          "Parallel Aware": true,
                          "Relation Name": "title",
                          "Alias": "t",
                          "Startup Cost": 0.0,
                          "Total Cost": 45479.1,
                          "Plan Rows": 200398,
                          "Plan Width": 4,
                          "Actual Startup Time": 0.016,
                          "Actual Total Time": 77.519,
                          "Actual Rows": 141573,
                          "Actual Loops": 5,
                          "Filter": "((kind_id < 7) AND (production_year > 1973))",
                          "Rows Removed by Filter": 364090
                        },
                        {
                          "Node Type": "Hash",
                          "Parent Relationship": "Inner",
                          "Parallel Aware": true,
                          "Startup Cost": 30271.4,
                          "Total Cost": 30271.4,
                          "Plan Rows": 71278,
                          "Plan Width": 4,
                          "Actual Startup Time": 124.397,
                          "Actual Total Time": 124.399,
                          "Actual Rows": 88677,
                          "Actual Loops": 5,
                          "Hash Buckets": 524288,
                          "Original Hash Buckets": 262144,
                          "Hash Batches": 1,
                          "Original Hash Batches": 1,
                          "Peak Memory Usage": 23552,
                          "Plans": [
                            {
                              "Node Type": "Bitmap Heap Scan",
                              "Parent Relationship": "Outer",
                              "Parallel Aware": true,
                              "Relation Name": "movie_companies",
                              "Alias": "mc",
                              "Startup Cost": 9375.63,
                              "Total Cost": 30271.4,
                              "Plan Rows": 71278,
                              "Plan Width": 4,
                              "Actual Startup Time": 46.019,
                              "Actual Total Time": 82.875,
                              "Actual Rows": 88677,
                              "Actual Loops": 5,
                              "Recheck Cond": "(company_id > 77897)",
                              "Rows Removed by Index Recheck": 0,
                              "Filter": "(company_type_id = 2)",
                              "Rows Removed by Filter": 0,
                              "Exact Heap Blocks": 1892,
                              "Lossy Heap Blocks": 0,
                              "Plans": [
                                {
                                  "Node Type": "Bitmap Index Scan",
                                  "Parent Relationship": "Outer",
                                  "Parallel Aware": false,
                                  "Index Name": "company_id_movie_companies",
                                  "Startup Cost": 0.0,
                                  "Total Cost": 9320.39,
                                  "Plan Rows": 435194,
                                  "Plan Width": 0,
                                  "Actual Startup Time": 48.079,
                                  "Actual Total Time": 48.079,
                                  "Actual Rows": 443383,
                                  "Actual Loops": 1,
                                  "Index Cond": "(company_id > 77897)"
                                }
                              ]
                            }
                          ]
                        }
                      ]
                    },
                    {
                      "Node Type": "Index Only Scan",
                      "Parent Relationship": "Inner",
                      "Parallel Aware": false,
                      "Scan Direction": "Forward",
                      "Index Name": "movie_id_movie_info",
                      "Relation Name": "movie_info",
                      "Alias": "mi",
                      "Startup Cost": 0.43,
                      "Total Cost": 2.25,
                      "Plan Rows": 42,
                      "Plan Width": 4,
                      "Actual Startup Time": 0.004,
                      "Actual Total Time": 0.013,
                      "Actual Rows": 20,
                      "Actual Loops": 275551,
                      "Index Cond": "(movie_id = t.id)",
                      "Rows Removed by Index Recheck": 0,
                      "Heap Fetches": 5507698
                    }
                  ]
                }
              ]
            }
          ]
        }
      ]
    },
    "Planning Time": 1.525,
    "Triggers": [],
    "Execution Time": 1210.893
  }
]