[
    {
        "Bao": {
            "Bao prediction": "NaN",
            "Bao recommended hint": "(no hint)"
        }
    },
    {
        "Plan": {
            "Node Type": "Aggregate",
            "Strategy": "Plain",
            "Partial Mode": "Finalize",
            "Parallel Aware": false,
            "Startup Cost": 346893.72,
            "Total Cost": 346893.73,
            "Plan Rows": 1,
            "Plan Width": 8,
            "Actual Startup Time": 582.603,
            "Actual Total Time": 609.017,
            "Actual Rows": 1,
            "Actual Loops": 1,
            "Output": [
                "count(*)"
            ],
            "Plans": [
                {
                    "Node Type": "Gather",
                    "Parent Relationship": "Outer",
                    "Parallel Aware": false,
                    "Startup Cost": 346893.1,
                    "Total Cost": 346893.71,
                    "Plan Rows": 6,
                    "Plan Width": 8,
                    "Actual Startup Time": 582.488,
                    "Actual Total Time": 609.009,
                    "Actual Rows": 7,
                    "Actual Loops": 1,
                    "Output": [
                        "(PARTIAL count(*))"
                    ],
                    "Workers Planned": 6,
                    "Workers Launched": 6,
                    "Single Copy": false,
                    "Plans": [
                        {
                            "Node Type": "Aggregate",
                            "Strategy": "Plain",
                            "Partial Mode": "Partial",
                            "Parent Relationship": "Outer",
                            "Parallel Aware": false,
                            "Startup Cost": 345893.1,
                            "Total Cost": 345893.11,
                            "Plan Rows": 1,
                            "Plan Width": 8,
                            "Actual Startup Time": 572.814,
                            "Actual Total Time": 572.815,
                            "Actual Rows": 1,
                            "Actual Loops": 7,
                            "Output": [
                                "PARTIAL count(*)"
                            ],
                            "Workers": [
                                {
                                    "Worker Number": 0,
                                    "Actual Startup Time": 570.598,
                                    "Actual Total Time": 570.599,
                                    "Actual Rows": 1,
                                    "Actual Loops": 1
                                },
                                {
                                    "Worker Number": 1,
                                    "Actual Startup Time": 570.781,
                                    "Actual Total Time": 570.782,
                                    "Actual Rows": 1,
                                    "Actual Loops": 1
                                },
                                {
                                    "Worker Number": 2,
                                    "Actual Startup Time": 570.968,
                                    "Actual Total Time": 570.968,
                                    "Actual Rows": 1,
                                    "Actual Loops": 1
                                },
                                {
                                    "Worker Number": 3,
                                    "Actual Startup Time": 571.328,
                                    "Actual Total Time": 571.329,
                                    "Actual Rows": 1,
                                    "Actual Loops": 1
                                },
                                {
                                    "Worker Number": 4,
                                    "Actual Startup Time": 571.718,
                                    "Actual Total Time": 571.719,
                                    "Actual Rows": 1,
                                    "Actual Loops": 1
                                },
                                {
                                    "Worker Number": 5,
                                    "Actual Startup Time": 572.132,
                                    "Actual Total Time": 572.132,
                                    "Actual Rows": 1,
                                    "Actual Loops": 1
                                }
                            ],
                            "Plans": [
                                {
                                    "Node Type": "Seq Scan",
                                    "Parent Relationship": "Outer",
                                    "Parallel Aware": true,
                                    "Relation Name": "cast_info",
                                    "Schema": "public",
                                    "Alias": "ci",
                                    "Startup Cost": 0.0,
                                    "Total Cost": 343318.94,
                                    "Plan Rows": 1029662,
                                    "Plan Width": 0,
                                    "Actual Startup Time": 304.54,
                                    "Actual Total Time": 548.257,
                                    "Actual Rows": 552678,
                                    "Actual Loops": 7,
                                    "Output": [
                                        "id",
                                        "person_id",
                                        "movie_id",
                                        "person_role_id",
                                        "note",
                                        "nr_order",
                                        "role_id"
                                    ],
                                    "Filter": "((ci.person_id < 1375103) AND (ci.role_id > 2))",
                                    "Rows Removed by Filter": 4625086,
                                    "Workers": [
                                        {
                                            "Worker Number": 0,
                                            "Actual Startup Time": 302.311,
                                            "Actual Total Time": 545.353,
                                            "Actual Rows": 365982,
                                            "Actual Loops": 1
                                        },
                                        {
                                            "Worker Number": 1,
                                            "Actual Startup Time": 302.521,
                                            "Actual Total Time": 546.594,
                                            "Actual Rows": 558797,
                                            "Actual Loops": 1
                                        },
                                        {
                                            "Worker Number": 2,
                                            "Actual Startup Time": 302.683,
                                            "Actual Total Time": 546.741,
                                            "Actual Rows": 562187,
                                            "Actual Loops": 1
                                        },
                                        {
                                            "Worker Number": 3,
                                            "Actual Startup Time": 303.067,
                                            "Actual Total Time": 548.755,
                                            "Actual Rows": 535788,
                                            "Actual Loops": 1
                                        },
                                        {
                                            "Worker Number": 4,
                                            "Actual Startup Time": 303.457,
                                            "Actual Total Time": 547.246,
                                            "Actual Rows": 566405,
                                            "Actual Loops": 1
                                        },
                                        {
                                            "Worker Number": 5,
                                            "Actual Startup Time": 303.841,
                                            "Actual Total Time": 547.658,
                                            "Actual Rows": 566782,
                                            "Actual Loops": 1
                                        }
                                    ]
                                }
                            ]
                        }
                    ]
                }
            ]
        },
        "Planning Time": 203.801,
        "Triggers": [],
        "Execution Time": 609.064
    }
]