[
  {
    "Plan": {
      "Node Type": "Aggregate",
      "Strategy": "Plain",
      "Partial Mode": "Finalize",
      "Parallel Aware": false,
      "Startup Cost": 31000.57,
      "Total Cost": 31000.58,
      "Plan Rows": 1,
      "Plan Width": 8,
      "Actual Startup Time": 93.483,
      "Actual Total Time": 102.759,
      "Actual Rows": 1,
      "Actual Loops": 1,
      "Plans": [
        {
          "Node Type": "Gather",
          "Parent Relationship": "Outer",
          "Parallel Aware": false,
          "Startup Cost": 31000.25,
          "Total Cost": 31000.56,
          "Plan Rows": 3,
          "Plan Width": 8,
          "Actual Startup Time": 93.343,
          "Actual Total Time": 102.749,
          "Actual Rows": 4,
          "Actual Loops": 1,
          "Workers Planned": 3,
          "Workers Launched": 3,
          "Single Copy": false,
          "Plans": [
            {
              "Node Type": "Aggregate",
              "Strategy": "Plain",
              "Partial Mode": "Partial",
              "Parent Relationship": "Outer",
              "Parallel Aware": false,
              "Startup Cost": 30000.25,
              "Total Cost": 30000.26,
              "Plan Rows": 1,
              "Plan Width": 8,
              "Actual Startup Time": 89.465,
              "Actual Total Time": 89.467,
              "Actual Rows": 1,
              "Actual Loops": 4,
              "Plans": [
                {
                  "Node Type": "Seq Scan",
                  "Parent Relationship": "Outer",
                  "Parallel Aware": true,
                  "Relation Name": "movie_companies",
                  "Alias": "mc",
                  "Startup Cost": 0.0,
                  "Total Cost": 29310.68,
                  "Plan Rows": 275829,
                  "Plan Width": 0,
                  "Actual Startup Time": 0.018,
                  "Actual Total Time": 77.227,
                  "Actual Rows": 213416,
                  "Actual Loops": 4,
                  "Filter": "(company_id < 2416)",
                  "Rows Removed by Filter": 438866
                }
              ]
            }
          ]
        }
      ]
    },
    "Planning Time": 0.166,
    "Triggers": [],
    "Execution Time": 102.809
  }
]