[
  {
    "Plan": {
      "Node Type": "Aggregate",
      "Strategy": "Plain",
      "Partial Mode": "Finalize",
      "Parallel Aware": false,
      "Startup Cost": 767727.02,
      "Total Cost": 767727.03,
      "Plan Rows": 1,
      "Plan Width": 64,
      "Actual Startup Time": 3382.584,
      "Actual Total Time": 3541.349,
      "Actual Rows": 1,
      "Actual Loops": 1,
      "Plans": [
        {
          "Node Type": "Gather",
          "Parent Relationship": "Outer",
          "Parallel Aware": false,
          "Startup Cost": 767726.7,
          "Total Cost": 767727.01,
          "Plan Rows": 3,
          "Plan Width": 64,
          "Actual Startup Time": 3372.949,
          "Actual Total Time": 3541.331,
          "Actual Rows": 4,
          "Actual Loops": 1,
          "Workers Planned": 3,
          "Workers Launched": 3,
          "Single Copy": false,
          "Plans": [
            {
              "Node Type": "Aggregate",
              "Strategy": "Plain",
              "Partial Mode": "Partial",
              "Parent Relationship": "Outer",
              "Parallel Aware": false,
              "Startup Cost": 766726.7,
              "Total Cost": 766726.71,
              "Plan Rows": 1,
              "Plan Width": 64,
              "Actual Startup Time": 3362.135,
              "Actual Total Time": 3362.16,
              "Actual Rows": 1,
              "Actual Loops": 4,
              "Plans": [
                {
                  "Node Type": "Hash Join",
                  "Parent Relationship": "Outer",
                  "Parallel Aware": true,
                  "Join Type": "Inner",
                  "Startup Cost": 751311.81,
                  "Total Cost": 766706.88,
                  "Plan Rows": 3963,
                  "Plan Width": 32,
                  "Actual Startup Time": 3358.262,
                  "Actual Total Time": 3362.147,
                  "Actual Rows": 44,
                  "Actual Loops": 4,
                  "Inner Unique": false,
                  "Hash Cond": "(an.person_id = n.id)",
                  "Plans": [
                    {
                      "Node Type": "Seq Scan",
                      "Parent Relationship": "Outer",
                      "Parallel Aware": true,
                      "Relation Name": "aka_name",
                      "Alias": "an",
                      "Startup Cost": 0.0,
                      "Total Cost": 14303.56,
                      "Plan Rows": 290756,
                      "Plan Width": 4,
                      "Actual Startup Time": 0.049,
                      "Actual Total Time": 31.854,
                      "Actual Rows": 225336,
                      "Actual Loops": 4
                    },
                    {
                      "Node Type": "Hash",
                      "Parent Relationship": "Inner",
                      "Parallel Aware": true,
                      "Startup Cost": 751290.68,
                      "Total Cost": 751290.68,
                      "Plan Rows": 1690,
                      "Plan Width": 40,
                      "Actual Startup Time": 3315.076,
                      "Actual Total Time": 3315.1,
                      "Actual Rows": 22,
                      "Actual Loops": 4,
                      "Hash Buckets": 8192,
                      "Original Hash Buckets": 8192,
                      "Hash Batches": 1,
                      "Original Hash Batches": 1,
                      "Peak Memory Usage": 192,
                      "Plans": [
                        {
                          "Node Type": "Hash Join",
                          "Parent Relationship": "Outer",
                          "Parallel Aware": true,
                          "Join Type": "Inner",
                          "Startup Cost": 720913.5,
                          "Total Cost": 751290.68,
                          "Plan Rows": 1690,
                          "Plan Width": 40,
                          "Actual Startup Time": 3214.169,
                          "Actual Total Time": 3314.799,
                          "Actual Rows": 22,
                          "Actual Loops": 4,
                          "Inner Unique": true,
                          "Hash Cond": "(mc.company_id = cn.id)",
                          "Plans": [
                            {
                              "Node Type": "Hash Join",
                              "Parent Relationship": "Outer",
                              "Parallel Aware": true,
                              "Join Type": "Inner",
                              "Startup Cost": 715563.87,
                              "Total Cost": 745928.82,
                              "Plan Rows": 4659,
                              "Plan Width": 44,
                              "Actual Startup Time": 3183.885,
                              "Actual Total Time": 3284.479,
                              "Actual Rows": 22,
                              "Actual Loops": 4,
                              "Inner Unique": false,
                              "Hash Cond": "(mc.movie_id = t.id)",
                              "Plans": [
                                {
                                  "Node Type": "Seq Scan",
                                  "Parent Relationship": "Outer",
                                  "Parallel Aware": true,
                                  "Relation Name": "movie_companies",
                                  "Alias": "mc",
                                  "Startup Cost": 0.0,
                                  "Total Cost": 27206.55,
                                  "Plan Rows": 841655,
                                  "Plan Width": 8,
                                  "Actual Startup Time": 0.016,
                                  "Actual Total Time": 61.725,
                                  "Actual Rows": 652282,
                                  "Actual Loops": 4
                                },
                                {
                                  "Node Type": "Hash",
                                  "Parent Relationship": "Inner",
                                  "Parallel Aware": true,
                                  "Startup Cost": 715555.61,
                                  "Total Cost": 715555.61,
                                  "Plan Rows": 661,
                                  "Plan Width": 52,
                                  "Actual Startup Time": 3182.61,
                                  "Actual Total Time": 3182.629,
                                  "Actual Rows": 22,
                                  "Actual Loops": 4,
                                  "Hash Buckets": 4096,
                                  "Original Hash Buckets": 4096,
                                  "Hash Batches": 1,
                                  "Original Hash Batches": 1,
                                  "Peak Memory Usage": 160,
                                  "Plans": [
                                    {
                                      "Node Type": "Hash Join",
                                      "Parent Relationship": "Outer",
                                      "Parallel Aware": true,
                                      "Join Type": "Inner",
                                      "Startup Cost": 670805.38,
                                      "Total Cost": 715555.61,
                                      "Plan Rows": 661,
                                      "Plan Width": 52,
                                      "Actual Startup Time": 3065.78,
                                      "Actual Total Time": 3178.273,
                                      "Actual Rows": 22,
                                      "Actual Loops": 4,
                                      "Inner Unique": true,
                                      "Hash Cond": "(ci.person_role_id = chn.id)",
                                      "Plans": [
                                        {
                                          "Node Type": "Hash Join",
                                          "Parent Relationship": "Outer",
                                          "Parallel Aware": true,
                                          "Join Type": "Inner",
                                          "Startup Cost": 616660.6,
                                          "Total Cost": 661409.09,
                                          "Plan Rows": 661,
                                          "Plan Width": 56,
                                          "Actual Startup Time": 2557.554,
                                          "Actual Total Time": 2668.627,
                                          "Actual Rows": 22,
                                          "Actual Loops": 4,
                                          "Inner Unique": false,
                                          "Hash Cond": "(t.id = mi.movie_id)",
                                          "Plans": [
                                            {
                                              "Node Type": "Seq Scan",
                                              "Parent Relationship": "Outer",
                                              "Parallel Aware": true,
                                              "Relation Name": "title",
                                              "Alias": "t",
                                              "Startup Cost": 0.0,
                                              "Total Cost": 43898.62,
                                              "Plan Rows": 226281,
                                              "Plan Width": 21,
                                              "Actual Startup Time": 0.023,
                                              "Actual Total Time": 97.017,
                                              "Actual Rows": 226123,
                                              "Actual Loops": 4,
                                              "Filter": "(production_year > 2006)",
                                              "Rows Removed by Filter": 405955
                                            },
                                            {
                                              "Node Type": "Hash",
                                              "Parent Relationship": "Inner",
                                              "Parallel Aware": true,
                                              "Startup Cost": 616642.13,
                                              "Total Cost": 616642.13,
                                              "Plan Rows": 1478,
                                              "Plan Width": 35,
                                              "Actual Startup Time": 2556.688,
                                              "Actual Total Time": 2556.702,
                                              "Actual Rows": 23,
                                              "Actual Loops": 4,
                                              "Hash Buckets": 8192,
                                              "Original Hash Buckets": 8192,
                                              "Hash Batches": 1,
                                              "Original Hash Batches": 1,
                                              "Peak Memory Usage": 192,
                                              "Plans": [
                                                {
                                                  "Node Type": "Hash Join",
                                                  "Parent Relationship": "Outer",
                                                  "Parallel Aware": true,
                                                  "Join Type": "Inner",
                                                  "Startup Cost": 416787.72,
                                                  "Total Cost": 616642.13,
                                                  "Plan Rows": 1478,
                                                  "Plan Width": 35,
                                                  "Actual Startup Time": 1947.37,
                                                  "Actual Total Time": 2556.372,
                                                  "Actual Rows": 23,
                                                  "Actual Loops": 4,
                                                  "Inner Unique": false,
                                                  "Hash Cond": "(mi.movie_id = ci.movie_id)",
                                                  "Plans": [
                                                    {
                                                      "Node Type": "Hash Join",
                                                      "Parent Relationship": "Outer",
                                                      "Parallel Aware": false,
                                                      "Join Type": "Inner",
                                                      "Startup Cost": 2.43,
                                                      "Total Cost": 199755.89,
                                                      "Plan Rows": 26264,
                                                      "Plan Width": 4,
                                                      "Actual Startup Time": 205.485,
                                                      "Actual Total Time": 768.003,
                                                      "Actual Rows": 759180,
                                                      "Actual Loops": 4,
                                                      "Inner Unique": true,
                                                      "Hash Cond": "(mi.info_type_id = it.id)",
                                                      "Plans": [
                                                        {
                                                          "Node Type": "Seq Scan",
                                                          "Parent Relationship": "Outer",
                                                          "Parallel Aware": true,
                                                          "Relation Name": "movie_info",
                                                          "Alias": "mi",
                                                          "Startup Cost": 0.0,
                                                          "Total Cost": 191670.84,
                                                          "Plan Rows": 2967784,
                                                          "Plan Width": 8,
                                                          "Actual Startup Time": 0.042,
                                                          "Actual Total Time": 461.213,
                                                          "Actual Rows": 3708930,
                                                          "Actual Loops": 4
                                                        },
                                                        {
                                                          "Node Type": "Hash",
                                                          "Parent Relationship": "Inner",
                                                          "Parallel Aware": false,
                                                          "Startup Cost": 2.41,
                                                          "Total Cost": 2.41,
                                                          "Plan Rows": 1,
                                                          "Plan Width": 4,
                                                          "Actual Startup Time": 0.049,
                                                          "Actual Total Time": 0.05,
                                                          "Actual Rows": 1,
                                                          "Actual Loops": 4,
                                                          "Hash Buckets": 1024,
                                                          "Original Hash Buckets": 1024,
                                                          "Hash Batches": 1,
                                                          "Original Hash Batches": 1,
                                                          "Peak Memory Usage": 9,
                                                          "Plans": [
                                                            {
                                                              "Node Type": "Seq Scan",
                                                              "Parent Relationship": "Outer",
                                                              "Parallel Aware": false,
                                                              "Relation Name": "info_type",
                                                              "Alias": "it",
                                                              "Startup Cost": 0.0,
                                                              "Total Cost": 2.41,
                                                              "Plan Rows": 1,
                                                              "Plan Width": 4,
                                                              "Actual Startup Time": 0.034,
                                                              "Actual Total Time": 0.04,
                                                              "Actual Rows": 1,
                                                              "Actual Loops": 4,
                                                              "Filter": "((info)::text = 'release dates'::text)",
                                                              "Rows Removed by Filter": 112
                                                            }
                                                          ]
                                                        }
                                                      ]
                                                    },
                                                    {
                                                      "Node Type": "Hash",
                                                      "Parent Relationship": "Inner",
                                                      "Parallel Aware": true,
                                                      "Startup Cost": 416661.44,
                                                      "Total Cost": 416661.44,
                                                      "Plan Rows": 9908,
                                                      "Plan Width": 31,
                                                      "Actual Startup Time": 1731.858,
                                                      "Actual Total Time": 1731.866,
                                                      "Actual Rows": 21,
                                                      "Actual Loops": 4,
                                                      "Hash Buckets": 65536,
                                                      "Original Hash Buckets": 65536,
                                                      "Hash Batches": 1,
                                                      "Original Hash Batches": 1,
                                                      "Peak Memory Usage": 640,
                                                      "Plans": [
                                                        {
                                                          "Node Type": "Hash Join",
                                                          "Parent Relationship": "Outer",
                                                          "Parallel Aware": false,
                                                          "Join Type": "Inner",
                                                          "Startup Cost": 71615.01,
                                                          "Total Cost": 416661.44,
                                                          "Plan Rows": 9908,
                                                          "Plan Width": 31,
                                                          "Actual Startup Time": 817.853,
                                                          "Actual Total Time": 1730.785,
                                                          "Actual Rows": 21,
                                                          "Actual Loops": 4,
                                                          "Inner Unique": true,
                                                          "Hash Cond": "(ci.role_id = rt.id)",
                                                          "Plans": [
                                                            {
                                                              "Node Type": "Hash Join",
                                                              "Parent Relationship": "Outer",
                                                              "Parallel Aware": true,
                                                              "Join Type": "Inner",
                                                              "Startup Cost": 71613.85,
                                                              "Total Cost": 416237.94,
                                                              "Plan Rows": 118900,
                                                              "Plan Width": 35,
                                                              "Actual Startup Time": 817.773,
                                                              "Actual Total Time": 1725.999,
                                                              "Actual Rows": 60784,
                                                              "Actual Loops": 4,
                                                              "Inner Unique": true,
                                                              "Hash Cond": "(ci.person_id = n.id)",
                                                              "Plans": [
                                                                {
                                                                  "Node Type": "Seq Scan",
                                                                  "Parent Relationship": "Outer",
                                                                  "Parallel Aware": true,
                                                                  "Relation Name": "cast_info",
                                                                  "Alias": "ci",
                                                                  "Startup Cost": 0.0,
                                                                  "Total Cost": 343259.37,
                                                                  "Plan Rows": 519894,
                                                                  "Plan Width": 16,
                                                                  "Actual Startup Time": 110.049,
                                                                  "Actual Total Time": 1314.733,
                                                                  "Actual Rows": 774726,
                                                                  "Actual Loops": 4,
                                                                  "Filter": "(note = ANY ('{\"(executive producer)\",(producer),(writer),\"(as Chaunte\u00e9 Schuler)\"}'::text[]))",
                                                                  "Rows Removed by Filter": 8286360
                                                                },
                                                                {
                                                                  "Node Type": "Hash",
                                                                  "Parent Relationship": "Inner",
                                                                  "Parallel Aware": true,
                                                                  "Startup Cost": 68635.58,
                                                                  "Total Cost": 68635.58,
                                                                  "Plan Rows": 238261,
                                                                  "Plan Width": 19,
                                                                  "Actual Startup Time": 294.364,
                                                                  "Actual Total Time": 294.366,
                                                                  "Actual Rows": 240389,
                                                                  "Actual Loops": 4,
                                                                  "Hash Buckets": 1048576,
                                                                  "Original Hash Buckets": 1048576,
                                                                  "Hash Batches": 1,
                                                                  "Original Hash Batches": 1,
                                                                  "Peak Memory Usage": 60576,
                                                                  "Plans": [
                                                                    {
                                                                      "Node Type": "Seq Scan",
                                                                      "Parent Relationship": "Outer",
                                                                      "Parallel Aware": true,
                                                                      "Relation Name": "name",
                                                                      "Alias": "n",
                                                                      "Startup Cost": 0.0,
                                                                      "Total Cost": 68635.58,
                                                                      "Plan Rows": 238261,
                                                                      "Plan Width": 19,
                                                                      "Actual Startup Time": 73.486,
                                                                      "Actual Total Time": 186.151,
                                                                      "Actual Rows": 240389,
                                                                      "Actual Loops": 4,
                                                                      "Filter": "((gender)::text = 'f'::text)",
                                                                      "Rows Removed by Filter": 801484
                                                                    }
                                                                  ]
                                                                }
                                                              ]
                                                            },
                                                            {
                                                              "Node Type": "Hash",
                                                              "Parent Relationship": "Inner",
                                                              "Parallel Aware": false,
                                                              "Startup Cost": 1.15,
                                                              "Total Cost": 1.15,
                                                              "Plan Rows": 1,
                                                              "Plan Width": 4,
                                                              "Actual Startup Time": 0.049,
                                                              "Actual Total Time": 0.05,
                                                              "Actual Rows": 1,
                                                              "Actual Loops": 4,
                                                              "Hash Buckets": 1024,
                                                              "Original Hash Buckets": 1024,
                                                              "Hash Batches": 1,
                                                              "Original Hash Batches": 1,
                                                              "Peak Memory Usage": 9,
                                                              "Plans": [
                                                                {
                                                                  "Node Type": "Seq Scan",
                                                                  "Parent Relationship": "Outer",
                                                                  "Parallel Aware": false,
                                                                  "Relation Name": "role_type",
                                                                  "Alias": "rt",
                                                                  "Startup Cost": 0.0,
                                                                  "Total Cost": 1.15,
                                                                  "Plan Rows": 1,
                                                                  "Plan Width": 4,
                                                                  "Actual Startup Time": 0.04,
                                                                  "Actual Total Time": 0.042,
                                                                  "Actual Rows": 1,
                                                                  "Actual Loops": 4,
                                                                  "Filter": "((role)::text = 'actress'::text)",
                                                                  "Rows Removed by Filter": 11
                                                                }
                                                              ]
                                                            }
                                                          ]
                                                        }
                                                      ]
                                                    }
                                                  ]
                                                }
                                              ]
                                            }
                                          ]
                                        },
                                        {
                                          "Node Type": "Hash",
                                          "Parent Relationship": "Inner",
                                          "Parallel Aware": true,
                                          "Startup Cost": 44325.46,
                                          "Total Cost": 44325.46,
                                          "Plan Rows": 785546,
                                          "Plan Width": 4,
                                          "Actual Startup Time": 501.156,
                                          "Actual Total Time": 501.157,
                                          "Actual Rows": 785085,
                                          "Actual Loops": 4,
                                          "Hash Buckets": 4194304,
                                          "Original Hash Buckets": 4194304,
                                          "Hash Batches": 1,
                                          "Original Hash Batches": 1,
                                          "Peak Memory Usage": 155680,
                                          "Plans": [
                                            {
                                              "Node Type": "Seq Scan",
                                              "Parent Relationship": "Outer",
                                              "Parallel Aware": true,
                                              "Relation Name": "char_name",
                                              "Alias": "chn",
                                              "Startup Cost": 0.0,
                                              "Total Cost": 44325.46,
                                              "Plan Rows": 785546,
                                              "Plan Width": 4,
                                              "Actual Startup Time": 0.055,
                                              "Actual Total Time": 160.337,
                                              "Actual Rows": 785085,
                                              "Actual Loops": 4
                                            }
                                          ]
                                        }
                                      ]
                                    }
                                  ]
                                }
                              ]
                            },
                            {
                              "Node Type": "Hash",
                              "Parent Relationship": "Inner",
                              "Parallel Aware": true,
                              "Startup Cost": 4722.92,
                              "Total Cost": 4722.92,
                              "Plan Rows": 50137,
                              "Plan Width": 4,
                              "Actual Startup Time": 29.927,
                              "Actual Total Time": 29.927,
                              "Actual Rows": 21211,
                              "Actual Loops": 4,
                              "Hash Buckets": 131072,
                              "Original Hash Buckets": 131072,
                              "Hash Batches": 1,
                              "Original Hash Batches": 1,
                              "Peak Memory Usage": 4384,
                              "Plans": [
                                {
                                  "Node Type": "Seq Scan",
                                  "Parent Relationship": "Outer",
                                  "Parallel Aware": true,
                                  "Relation Name": "company_name",
                                  "Alias": "cn",
                                  "Startup Cost": 0.0,
                                  "Total Cost": 4722.92,
                                  "Plan Rows": 50137,
                                  "Plan Width": 4,
                                  "Actual Startup Time": 0.064,
                                  "Actual Total Time": 21.494,
                                  "Actual Rows": 21211,
                                  "Actual Loops": 4,
                                  "Filter": "((country_code)::text = '[us]'::text)",
                                  "Rows Removed by Filter": 37538
                                }
                              ]
                            }
                          ]
                        }
                      ]
                    }
                  ]
                }
              ]
            }
          ]
        }
      ]
    },
    "Planning Time": 25.757,
    "Triggers": [],
    "Execution Time": 3541.762
  }
]