[
  {
    "Plan": {
      "Node Type": "Aggregate",
      "Strategy": "Plain",
      "Partial Mode": "Finalize",
      "Parallel Aware": false,
      "Startup Cost": 30526.61,
      "Total Cost": 30526.62,
      "Plan Rows": 1,
      "Plan Width": 8,
      "Actual Startup Time": 28.373,
      "Actual Total Time": 34.688,
      "Actual Rows": 1,
      "Actual Loops": 1,
      "Plans": [
        {
          "Node Type": "Gather",
          "Parent Relationship": "Outer",
          "Parallel Aware": false,
          "Startup Cost": 30526.4,
          "Total Cost": 30526.61,
          "Plan Rows": 2,
          "Plan Width": 8,
          "Actual Startup Time": 28.281,
          "Actual Total Time": 34.681,
          "Actual Rows": 3,
          "Actual Loops": 1,
          "Workers Planned": 2,
          "Workers Launched": 2,
          "Single Copy": false,
          "Plans": [
            {
              "Node Type": "Aggregate",
              "Strategy": "Plain",
              "Partial Mode": "Partial",
              "Parent Relationship": "Outer",
              "Parallel Aware": false,
              "Startup Cost": 29526.4,
              "Total Cost": 29526.41,
              "Plan Rows": 1,
              "Plan Width": 8,
              "Actual Startup Time": 24.515,
              "Actual Total Time": 24.52,
              "Actual Rows": 1,
              "Actual Loops": 3,
              "Plans": [
                {
                  "Node Type": "Nested Loop",
                  "Parent Relationship": "Outer",
                  "Parallel Aware": false,
                  "Join Type": "Inner",
                  "Startup Cost": 118.94,
                  "Total Cost": 29520.74,
                  "Plan Rows": 2262,
                  "Plan Width": 0,
                  "Actual Startup Time": 2.571,
                  "Actual Total Time": 24.266,
                  "Actual Rows": 1599,
                  "Actual Loops": 3,
                  "Inner Unique": true,
                  "Plans": [
                    {
                      "Node Type": "Bitmap Heap Scan",
                      "Parent Relationship": "Outer",
                      "Parallel Aware": true,
                      "Relation Name": "movie_keyword",
                      "Alias": "mk",
                      "Startup Cost": 118.51,
                      "Total Cost": 13140.73,
                      "Plan Rows": 2262,
                      "Plan Width": 4,
                      "Actual Startup Time": 2.479,
                      "Actual Total Time": 9.161,
                      "Actual Rows": 1599,
                      "Actual Loops": 3,
                      "Recheck Cond": "(keyword_id = 11662)",
                      "Rows Removed by Index Recheck": 0,
                      "Exact Heap Blocks": 1725,
                      "Lossy Heap Blocks": 0,
                      "Plans": [
                        {
                          "Node Type": "Bitmap Index Scan",
                          "Parent Relationship": "Outer",
                          "Parallel Aware": false,
                          "Index Name": "keyword_id_movie_keyword",
                          "Startup Cost": 0.0,
                          "Total Cost": 117.15,
                          "Plan Rows": 5429,
                          "Plan Width": 0,
                          "Actual Startup Time": 3.907,
                          "Actual Total Time": 3.907,
                          "Actual Rows": 4797,
                          "Actual Loops": 1,
                          "Index Cond": "(keyword_id = 11662)"
                        }
                      ]
                    },
                    {
                      "Node Type": "Index Only Scan",
                      "Parent Relationship": "Inner",
                      "Parallel Aware": false,
                      "Scan Direction": "Forward",
                      "Index Name": "title_pkey",
                      "Relation Name": "title",
                      "Alias": "t",
                      "Startup Cost": 0.43,
                      "Total Cost": 7.24,
                      "Plan Rows": 1,
                      "Plan Width": 4,
                      "Actual Startup Time": 0.009,
                      "Actual Total Time": 0.009,
                      "Actual Rows": 1,
                      "Actual Loops": 4797,
                      "Index Cond": "(id = mk.movie_id)",
                      "Rows Removed by Index Recheck": 0,
                      "Heap Fetches": 4797
                    }
                  ]
                }
              ]
            }
          ]
        }
      ]
    },
    "Planning Time": 0.6,
    "Triggers": [],
    "Execution Time": 34.773
  }
]