{
  "Plan": {
    "Node Type": "Aggregate",
    "Strategy": "Plain",
    "Partial Mode": "Finalize",
    "Parallel Aware": false,
    "Startup Cost": 131216.41,
    "Total Cost": 131216.42,
    "Plan Rows": 1,
    "Plan Width": 8,
    "Actual Startup Time": 1038.664,
    "Actual Total Time": 1097.618,
    "Actual Rows": 1,
    "Actual Loops": 1,
    "Plans": [
      {
        "Node Type": "Gather",
        "Parent Relationship": "Outer",
        "Parallel Aware": false,
        "Startup Cost": 131216.29,
        "Total Cost": 131216.4,
        "Plan Rows": 1,
        "Plan Width": 8,
        "Actual Startup Time": 1030.994,
        "Actual Total Time": 1097.608,
        "Actual Rows": 2,
        "Actual Loops": 1,
        "Workers Planned": 1,
        "Workers Launched": 1,
        "Single Copy": false,
        "Plans": [
          {
            "Node Type": "Aggregate",
            "Strategy": "Plain",
            "Partial Mode": "Partial",
            "Parent Relationship": "Outer",
            "Parallel Aware": false,
            "Startup Cost": 130216.29,
            "Total Cost": 130216.3,
            "Plan Rows": 1,
            "Plan Width": 8,
            "Actual Startup Time": 1019.379,
            "Actual Total Time": 1019.384,
            "Actual Rows": 1,
            "Actual Loops": 2,
            "Plans": [
              {
                "Node Type": "Nested Loop",
                "Parent Relationship": "Outer",
                "Parallel Aware": false,
                "Join Type": "Inner",
                "Startup Cost": 71633.79,
                "Total Cost": 129977.61,
                "Plan Rows": 95472,
                "Plan Width": 0,
                "Actual Startup Time": 620.688,
                "Actual Total Time": 997.945,
                "Actual Rows": 382244,
                "Actual Loops": 2,
                "Inner Unique": false,
                "Plans": [
                  {
                    "Node Type": "Hash Join",
                    "Parent Relationship": "Outer",
                    "Parallel Aware": true,
                    "Join Type": "Inner",
                    "Startup Cost": 71633.35,
                    "Total Cost": 97674.76,
                    "Plan Rows": 16328,
                    "Plan Width": 8,
                    "Actual Startup Time": 620.601,
                    "Actual Total Time": 660.637,
                    "Actual Rows": 14196,
                    "Actual Loops": 2,
                    "Inner Unique": true,
                    "Hash Cond": "(mk.movie_id = t.id)",
                    "Plans": [
                      {
                        "Node Type": "Bitmap Heap Scan",
                        "Parent Relationship": "Outer",
                        "Parallel Aware": true,
                        "Relation Name": "movie_keyword",
                        "Alias": "mk",
                        "Startup Cost": 672.69,
                        "Total Cost": 26665.43,
                        "Plan Rows": 18539,
                        "Plan Width": 4,
                        "Actual Startup Time": 4.31,
                        "Actual Total Time": 27.662,
                        "Actual Rows": 14720,
                        "Actual Loops": 2,
                        "Recheck Cond": "(keyword_id = 359)",
                        "Rows Removed by Index Recheck": 0,
                        "Exact Heap Blocks": 8600,
                        "Lossy Heap Blocks": 0,
                        "Plans": [
                          {
                            "Node Type": "Bitmap Index Scan",
                            "Parent Relationship": "Outer",
                            "Parallel Aware": false,
                            "Index Name": "keyword_id_movie_keyword",
                            "Startup Cost": 0.0,
                            "Total Cost": 664.81,
                            "Plan Rows": 31517,
                            "Plan Width": 0,
                            "Actual Startup Time": 2.479,
                            "Actual Total Time": 2.48,
                            "Actual Rows": 29440,
                            "Actual Loops": 1,
                            "Index Cond": "(keyword_id = 359)"
                          }
                        ]
                      },
                      {
                        "Node Type": "Hash",
                        "Parent Relationship": "Inner",
                        "Parallel Aware": true,
                        "Startup Cost": 54588.39,
                        "Total Cost": 54588.39,
                        "Plan Rows": 1309782,
                        "Plan Width": 4,
                        "Actual Startup Time": 594.573,
                        "Actual Total Time": 594.573,
                        "Actual Rows": 1112284,
                        "Actual Loops": 2,
                        "Hash Buckets": 4194304,
                        "Original Hash Buckets": 4194304,
                        "Hash Batches": 1,
                        "Original Hash Batches": 1,
                        "Peak Memory Usage": 119840,
                        "Plans": [
                          {
                            "Node Type": "Seq Scan",
                            "Parent Relationship": "Outer",
                            "Parallel Aware": true,
                            "Relation Name": "title",
                            "Alias": "t",
                            "Startup Cost": 0.0,
                            "Total Cost": 54588.39,
                            "Plan Rows": 1309782,
                            "Plan Width": 4,
                            "Actual Startup Time": 0.03,
                            "Actual Total Time": 223.12,
                            "Actual Rows": 1112284,
                            "Actual Loops": 2,
                            "Filter": "(production_year < 2012)",
                            "Rows Removed by Filter": 151872
                          }
                        ]
                      }
                    ]
                  },
                  {
                    "Node Type": "Index Only Scan",
                    "Parent Relationship": "Inner",
                    "Parallel Aware": false,
                    "Scan Direction": "Forward",
                    "Index Name": "movie_id_movie_info",
                    "Relation Name": "movie_info",
                    "Alias": "mi",
                    "Startup Cost": 0.43,
                    "Total Cost": 1.56,
                    "Plan Rows": 42,
                    "Plan Width": 4,
                    "Actual Startup Time": 0.007,
                    "Actual Total Time": 0.021,
                    "Actual Rows": 27,
                    "Actual Loops": 28391,
                    "Index Cond": "(movie_id = t.id)",
                    "Rows Removed by Index Recheck": 0,
                    "Heap Fetches": 764487
                  }
                ]
              }
            ]
          }
        ]
      }
    ]
  },
  "Planning Time": 1.04,
  "Triggers": [],
  "Execution Time": 1097.739
}