[
  {
    "Plan": {
      "Node Type": "Aggregate",
      "Strategy": "Plain",
      "Partial Mode": "Finalize",
      "Parallel Aware": false,
      "Startup Cost": 234397.93,
      "Total Cost": 234397.94,
      "Plan Rows": 1,
      "Plan Width": 8,
      "Actual Startup Time": 223.524,
      "Actual Total Time": 238.43,
      "Actual Rows": 1,
      "Actual Loops": 1,
      "Plans": [
        {
          "Node Type": "Gather",
          "Parent Relationship": "Outer",
          "Parallel Aware": false,
          "Startup Cost": 234397.41,
          "Total Cost": 234397.92,
          "Plan Rows": 5,
          "Plan Width": 8,
          "Actual Startup Time": 222.795,
          "Actual Total Time": 238.422,
          "Actual Rows": 6,
          "Actual Loops": 1,
          "Workers Planned": 5,
          "Workers Launched": 5,
          "Single Copy": false,
          "Plans": [
            {
              "Node Type": "Aggregate",
              "Strategy": "Plain",
              "Partial Mode": "Partial",
              "Parent Relationship": "Outer",
              "Parallel Aware": false,
              "Startup Cost": 233397.41,
              "Total Cost": 233397.42,
              "Plan Rows": 1,
              "Plan Width": 8,
              "Actual Startup Time": 215.533,
              "Actual Total Time": 215.536,
              "Actual Rows": 1,
              "Actual Loops": 6,
              "Plans": [
                {
                  "Node Type": "Hash Join",
                  "Parent Relationship": "Outer",
                  "Parallel Aware": true,
                  "Join Type": "Inner",
                  "Startup Cost": 67474.29,
                  "Total Cost": 233381.9,
                  "Plan Rows": 6203,
                  "Plan Width": 0,
                  "Actual Startup Time": 138.114,
                  "Actual Total Time": 215.051,
                  "Actual Rows": 5150,
                  "Actual Loops": 6,
                  "Inner Unique": true,
                  "Hash Cond": "(mi.movie_id = t.id)",
                  "Plans": [
                    {
                      "Node Type": "Bitmap Heap Scan",
                      "Parent Relationship": "Outer",
                      "Parallel Aware": true,
                      "Relation Name": "movie_info",
                      "Alias": "mi",
                      "Startup Cost": 23385.59,
                      "Total Cost": 188613.81,
                      "Plan Rows": 258817,
                      "Plan Width": 4,
                      "Actual Startup Time": 55.051,
                      "Actual Total Time": 93.302,
                      "Actual Rows": 216498,
                      "Actual Loops": 6,
                      "Recheck Cond": "(info_type_id = 4)",
                      "Rows Removed by Index Recheck": 0,
                      "Exact Heap Blocks": 2260,
                      "Lossy Heap Blocks": 0,
                      "Plans": [
                        {
                          "Node Type": "Bitmap Index Scan",
                          "Parent Relationship": "Outer",
                          "Parallel Aware": false,
                          "Index Name": "info_type_id_movie_info",
                          "Startup Cost": 0.0,
                          "Total Cost": 23062.07,
                          "Plan Rows": 1294085,
                          "Plan Width": 0,
                          "Actual Startup Time": 53.664,
                          "Actual Total Time": 53.664,
                          "Actual Rows": 1298989,
                          "Actual Loops": 1,
                          "Index Cond": "(info_type_id = 4)"
                        }
                      ]
                    },
                    {
                      "Node Type": "Hash",
                      "Parent Relationship": "Inner",
                      "Parallel Aware": true,
                      "Startup Cost": 43899.32,
                      "Total Cost": 43899.32,
                      "Plan Rows": 15150,
                      "Plan Width": 4,
                      "Actual Startup Time": 81.666,
                      "Actual Total Time": 81.667,
                      "Actual Rows": 10428,
                      "Actual Loops": 6,
                      "Hash Buckets": 65536,
                      "Original Hash Buckets": 65536,
                      "Hash Batches": 1,
                      "Original Hash Batches": 1,
                      "Peak Memory Usage": 3072,
                      "Plans": [
                        {
                          "Node Type": "Seq Scan",
                          "Parent Relationship": "Outer",
                          "Parallel Aware": true,
                          "Relation Name": "title",
                          "Alias": "t",
                          "Startup Cost": 0.0,
                          "Total Cost": 43899.32,
                          "Plan Rows": 15150,
                          "Plan Width": 4,
                          "Actual Startup Time": 0.038,
                          "Actual Total Time": 76.481,
                          "Actual Rows": 10428,
                          "Actual Loops": 6,
                          "Filter": "(production_year = 2002)",
                          "Rows Removed by Filter": 410957
                        }
                      ]
                    }
                  ]
                }
              ]
            }
          ]
        }
      ]
    },
    "Planning Time": 0.285,
    "Triggers": [],
    "Execution Time": 238.479
  }
]