[
  {
    "Plan": {
      "Node Type": "Aggregate",
      "Strategy": "Plain",
      "Partial Mode": "Finalize",
      "Parallel Aware": false,
      "Startup Cost": 44978.4,
      "Total Cost": 44978.41,
      "Plan Rows": 1,
      "Plan Width": 8,
      "Actual Startup Time": 126.381,
      "Actual Total Time": 136.153,
      "Actual Rows": 1,
      "Actual Loops": 1,
      "Plans": [
        {
          "Node Type": "Gather",
          "Parent Relationship": "Outer",
          "Parallel Aware": false,
          "Startup Cost": 44978.09,
          "Total Cost": 44978.4,
          "Plan Rows": 3,
          "Plan Width": 8,
          "Actual Startup Time": 126.261,
          "Actual Total Time": 136.145,
          "Actual Rows": 4,
          "Actual Loops": 1,
          "Workers Planned": 3,
          "Workers Launched": 3,
          "Single Copy": false,
          "Plans": [
            {
              "Node Type": "Aggregate",
              "Strategy": "Plain",
              "Partial Mode": "Partial",
              "Parent Relationship": "Outer",
              "Parallel Aware": false,
              "Startup Cost": 43978.09,
              "Total Cost": 43978.1,
              "Plan Rows": 1,
              "Plan Width": 8,
              "Actual Startup Time": 119.653,
              "Actual Total Time": 119.655,
              "Actual Rows": 1,
              "Actual Loops": 4,
              "Plans": [
                {
                  "Node Type": "Seq Scan",
                  "Parent Relationship": "Outer",
                  "Parallel Aware": true,
                  "Relation Name": "movie_keyword",
                  "Alias": "mk",
                  "Startup Cost": 0.0,
                  "Total Cost": 42695.65,
                  "Plan Rows": 512973,
                  "Plan Width": 0,
                  "Actual Startup Time": 0.044,
                  "Actual Total Time": 101.941,
                  "Actual Rows": 397248,
                  "Actual Loops": 4,
                  "Filter": "(keyword_id < 2439)",
                  "Rows Removed by Filter": 733735
                }
              ]
            }
          ]
        }
      ]
    },
    "Planning Time": 0.099,
    "Triggers": [],
    "Execution Time": 136.184
  }
]