[
  {
    "Plan": {
      "Node Type": "Aggregate",
      "Strategy": "Plain",
      "Partial Mode": "Finalize",
      "Parallel Aware": false,
      "Startup Cost": 44966.6,
      "Total Cost": 44966.61,
      "Plan Rows": 1,
      "Plan Width": 8,
      "Actual Startup Time": 136.681,
      "Actual Total Time": 146.111,
      "Actual Rows": 1,
      "Actual Loops": 1,
      "Plans": [
        {
          "Node Type": "Gather",
          "Parent Relationship": "Outer",
          "Parallel Aware": false,
          "Startup Cost": 44966.28,
          "Total Cost": 44966.59,
          "Plan Rows": 3,
          "Plan Width": 8,
          "Actual Startup Time": 136.542,
          "Actual Total Time": 146.101,
          "Actual Rows": 4,
          "Actual Loops": 1,
          "Workers Planned": 3,
          "Workers Launched": 3,
          "Single Copy": false,
          "Plans": [
            {
              "Node Type": "Aggregate",
              "Strategy": "Plain",
              "Partial Mode": "Partial",
              "Parent Relationship": "Outer",
              "Parallel Aware": false,
              "Startup Cost": 43966.28,
              "Total Cost": 43966.29,
              "Plan Rows": 1,
              "Plan Width": 8,
              "Actual Startup Time": 128.588,
              "Actual Total Time": 128.589,
              "Actual Rows": 1,
              "Actual Loops": 4,
              "Plans": [
                {
                  "Node Type": "Seq Scan",
                  "Parent Relationship": "Outer",
                  "Parallel Aware": true,
                  "Relation Name": "movie_keyword",
                  "Alias": "mk",
                  "Startup Cost": 0.0,
                  "Total Cost": 42695.65,
                  "Plan Rows": 508252,
                  "Plan Width": 0,
                  "Actual Startup Time": 0.062,
                  "Actual Total Time": 109.654,
                  "Actual Rows": 397248,
                  "Actual Loops": 4,
                  "Filter": "(keyword_id < 2439)",
                  "Rows Removed by Filter": 733735
                }
              ]
            }
          ]
        }
      ]
    },
    "Planning Time": 0.182,
    "Triggers": [],
    "Execution Time": 146.175
  }
]