[
  {
    "Plan": {
      "Node Type": "Aggregate",
      "Strategy": "Plain",
      "Partial Mode": "Finalize",
      "Parallel Aware": false,
      "Startup Cost": 343726.47,
      "Total Cost": 343726.48,
      "Plan Rows": 1,
      "Plan Width": 8,
      "Actual Startup Time": 1000.692,
      "Actual Total Time": 1050.8,
      "Actual Rows": 1,
      "Actual Loops": 1,
      "Plans": [
        {
          "Node Type": "Gather",
          "Parent Relationship": "Outer",
          "Parallel Aware": false,
          "Startup Cost": 343725.84,
          "Total Cost": 343726.45,
          "Plan Rows": 6,
          "Plan Width": 8,
          "Actual Startup Time": 1000.387,
          "Actual Total Time": 1050.783,
          "Actual Rows": 7,
          "Actual Loops": 1,
          "Workers Planned": 6,
          "Workers Launched": 6,
          "Single Copy": false,
          "Plans": [
            {
              "Node Type": "Aggregate",
              "Strategy": "Plain",
              "Partial Mode": "Partial",
              "Parent Relationship": "Outer",
              "Parallel Aware": false,
              "Startup Cost": 342725.84,
              "Total Cost": 342725.85,
              "Plan Rows": 1,
              "Plan Width": 8,
              "Actual Startup Time": 990.671,
              "Actual Total Time": 990.673,
              "Actual Rows": 1,
              "Actual Loops": 7,
              "Plans": [
                {
                  "Node Type": "Seq Scan",
                  "Parent Relationship": "Outer",
                  "Parallel Aware": true,
                  "Relation Name": "cast_info",
                  "Alias": "ci",
                  "Startup Cost": 0.0,
                  "Total Cost": 328211.39,
                  "Plan Rows": 5805780,
                  "Plan Width": 0,
                  "Actual Startup Time": 0.059,
                  "Actual Total Time": 721.888,
                  "Actual Rows": 4986309,
                  "Actual Loops": 7,
                  "Filter": "(person_id < 3802206)",
                  "Rows Removed by Filter": 191454
                }
              ]
            }
          ]
        }
      ]
    },
    "Planning Time": 0.22,
    "Triggers": [],
    "Execution Time": 1050.868
  }
]