[
  {
    "Plan": {
      "Node Type": "Aggregate",
      "Strategy": "Plain",
      "Partial Mode": "Finalize",
      "Parallel Aware": false,
      "Startup Cost": 96921.22,
      "Total Cost": 96921.23,
      "Plan Rows": 1,
      "Plan Width": 8,
      "Actual Startup Time": 511.439,
      "Actual Total Time": 531.856,
      "Actual Rows": 1,
      "Actual Loops": 1,
      "Plans": [
        {
          "Node Type": "Gather",
          "Parent Relationship": "Outer",
          "Parallel Aware": false,
          "Startup Cost": 96920.91,
          "Total Cost": 96921.22,
          "Plan Rows": 3,
          "Plan Width": 8,
          "Actual Startup Time": 507.456,
          "Actual Total Time": 531.845,
          "Actual Rows": 4,
          "Actual Loops": 1,
          "Workers Planned": 3,
          "Workers Launched": 3,
          "Single Copy": false,
          "Plans": [
            {
              "Node Type": "Aggregate",
              "Strategy": "Plain",
              "Partial Mode": "Partial",
              "Parent Relationship": "Outer",
              "Parallel Aware": false,
              "Startup Cost": 95920.91,
              "Total Cost": 95920.92,
              "Plan Rows": 1,
              "Plan Width": 8,
              "Actual Startup Time": 501.385,
              "Actual Total Time": 501.719,
              "Actual Rows": 1,
              "Actual Loops": 4,
              "Plans": [
                {
                  "Node Type": "Hash Join",
                  "Parent Relationship": "Outer",
                  "Parallel Aware": true,
                  "Join Type": "Inner",
                  "Startup Cost": 64012.73,
                  "Total Cost": 95889.22,
                  "Plan Rows": 12673,
                  "Plan Width": 0,
                  "Actual Startup Time": 411.553,
                  "Actual Total Time": 498.732,
                  "Actual Rows": 51451,
                  "Actual Loops": 4,
                  "Inner Unique": false,
                  "Hash Cond": "(mc.movie_id = t.id)",
                  "Plans": [
                    {
                      "Node Type": "Seq Scan",
                      "Parent Relationship": "Outer",
                      "Parallel Aware": true,
                      "Relation Name": "movie_companies",
                      "Alias": "mc",
                      "Startup Cost": 0.0,
                      "Total Cost": 31414.82,
                      "Plan Rows": 114665,
                      "Plan Width": 4,
                      "Actual Startup Time": 36.409,
                      "Actual Total Time": 80.111,
                      "Actual Rows": 164734,
                      "Actual Loops": 4,
                      "Filter": "((company_id > 47139) AND (company_type_id = 2))",
                      "Rows Removed by Filter": 487549
                    },
                    {
                      "Node Type": "Hash",
                      "Parent Relationship": "Inner",
                      "Parallel Aware": true,
                      "Startup Cost": 63139.48,
                      "Total Cost": 63139.48,
                      "Plan Rows": 69860,
                      "Plan Width": 8,
                      "Actual Startup Time": 372.717,
                      "Actual Total Time": 373.049,
                      "Actual Rows": 84205,
                      "Actual Loops": 4,
                      "Hash Buckets": 524288,
                      "Original Hash Buckets": 524288,
                      "Hash Batches": 1,
                      "Original Hash Batches": 1,
                      "Peak Memory Usage": 17376,
                      "Plans": [
                        {
                          "Node Type": "Hash Join",
                          "Parent Relationship": "Outer",
                          "Parallel Aware": true,
                          "Join Type": "Inner",
                          "Startup Cost": 17494.62,
                          "Total Cost": 63139.48,
                          "Plan Rows": 69860,
                          "Plan Width": 8,
                          "Actual Startup Time": 97.378,
                          "Actual Total Time": 337.616,
                          "Actual Rows": 84205,
                          "Actual Loops": 4,
                          "Inner Unique": false,
                          "Hash Cond": "(t.id = mi_idx.movie_id)",
                          "Plans": [
                            {
                              "Node Type": "Seq Scan",
                              "Parent Relationship": "Outer",
                              "Parallel Aware": true,
                              "Relation Name": "title",
                              "Alias": "t",
                              "Startup Cost": 0.0,
                              "Total Cost": 43899.32,
                              "Plan Rows": 387856,
                              "Plan Width": 4,
                              "Actual Startup Time": 0.014,
                              "Actual Total Time": 117.864,
                              "Actual Rows": 387932,
                              "Actual Loops": 4,
                              "Filter": "(production_year < 2007)",
                              "Rows Removed by Filter": 244146
                            },
                            {
                              "Node Type": "Hash",
                              "Parent Relationship": "Inner",
                              "Parallel Aware": true,
                              "Startup Cost": 15122.68,
                              "Total Cost": 15122.68,
                              "Plan Rows": 189755,
                              "Plan Width": 4,
                              "Actual Startup Time": 95.878,
                              "Actual Total Time": 95.879,
                              "Actual Rows": 114981,
                              "Actual Loops": 4,
                              "Hash Buckets": 524288,
                              "Original Hash Buckets": 524288,
                              "Hash Batches": 1,
                              "Original Hash Batches": 1,
                              "Peak Memory Usage": 22176,
                              "Plans": [
                                {
                                  "Node Type": "Seq Scan",
                                  "Parent Relationship": "Outer",
                                  "Parallel Aware": true,
                                  "Relation Name": "movie_info_idx",
                                  "Alias": "mi_idx",
                                  "Startup Cost": 0.0,
                                  "Total Cost": 15122.68,
                                  "Plan Rows": 189755,
                                  "Plan Width": 4,
                                  "Actual Startup Time": 0.061,
                                  "Actual Total Time": 51.053,
                                  "Actual Rows": 114981,
                                  "Actual Loops": 4,
                                  "Filter": "(info_type_id < 100)",
                                  "Rows Removed by Filter": 230028
                                }
                              ]
                            }
                          ]
                        }
                      ]
                    }
                  ]
                }
              ]
            }
          ]
        }
      ]
    },
    "Planning Time": 0.748,
    "Triggers": [],
    "Execution Time": 531.905
  }
]