[
  {
    "Plan": {
      "Node Type": "Aggregate",
      "Strategy": "Plain",
      "Partial Mode": "Finalize",
      "Parallel Aware": false,
      "Startup Cost": 108697.01,
      "Total Cost": 108697.02,
      "Plan Rows": 1,
      "Plan Width": 8,
      "Actual Startup Time": 171.113,
      "Actual Total Time": 181.666,
      "Actual Rows": 1,
      "Actual Loops": 1,
      "Plans": [
        {
          "Node Type": "Gather",
          "Parent Relationship": "Outer",
          "Parallel Aware": false,
          "Startup Cost": 108696.49,
          "Total Cost": 108697.0,
          "Plan Rows": 5,
          "Plan Width": 8,
          "Actual Startup Time": 171.021,
          "Actual Total Time": 181.656,
          "Actual Rows": 6,
          "Actual Loops": 1,
          "Workers Planned": 5,
          "Workers Launched": 5,
          "Single Copy": false,
          "Plans": [
            {
              "Node Type": "Aggregate",
              "Strategy": "Plain",
              "Partial Mode": "Partial",
              "Parent Relationship": "Outer",
              "Parallel Aware": false,
              "Startup Cost": 107696.49,
              "Total Cost": 107696.5,
              "Plan Rows": 1,
              "Plan Width": 8,
              "Actual Startup Time": 164.378,
              "Actual Total Time": 164.38,
              "Actual Rows": 1,
              "Actual Loops": 6,
              "Plans": [
                {
                  "Node Type": "Index Scan",
                  "Parent Relationship": "Outer",
                  "Parallel Aware": true,
                  "Scan Direction": "Forward",
                  "Index Name": "role_id_cast_info",
                  "Relation Name": "cast_info",
                  "Alias": "ci",
                  "Startup Cost": 0.56,
                  "Total Cost": 107159.34,
                  "Plan Rows": 214861,
                  "Plan Width": 0,
                  "Actual Startup Time": 14.283,
                  "Actual Total Time": 146.984,
                  "Actual Rows": 358116,
                  "Actual Loops": 6,
                  "Index Cond": "(role_id = 3)",
                  "Rows Removed by Index Recheck": 0,
                  "Filter": "(person_id > 2730669)",
                  "Rows Removed by Filter": 309890
                }
              ]
            }
          ]
        }
      ]
    },
    "Planning Time": 0.114,
    "Triggers": [],
    "Execution Time": 181.699
  }
]