[
  {
    "Plan": {
      "Node Type": "Aggregate",
      "Strategy": "Plain",
      "Partial Mode": "Finalize",
      "Parallel Aware": false,
      "Startup Cost": 177989.27,
      "Total Cost": 177989.28,
      "Plan Rows": 1,
      "Plan Width": 8,
      "Actual Startup Time": 2164.295,
      "Actual Total Time": 2258.537,
      "Actual Rows": 1,
      "Actual Loops": 1,
      "Plans": [
        {
          "Node Type": "Gather",
          "Parent Relationship": "Outer",
          "Parallel Aware": false,
          "Startup Cost": 177988.95,
          "Total Cost": 177989.26,
          "Plan Rows": 3,
          "Plan Width": 8,
          "Actual Startup Time": 2161.836,
          "Actual Total Time": 2258.528,
          "Actual Rows": 4,
          "Actual Loops": 1,
          "Workers Planned": 3,
          "Workers Launched": 3,
          "Single Copy": false,
          "Plans": [
            {
              "Node Type": "Aggregate",
              "Strategy": "Plain",
              "Partial Mode": "Partial",
              "Parent Relationship": "Outer",
              "Parallel Aware": false,
              "Startup Cost": 176988.95,
              "Total Cost": 176988.96,
              "Plan Rows": 1,
              "Plan Width": 8,
              "Actual Startup Time": 2152.359,
              "Actual Total Time": 2152.363,
              "Actual Rows": 1,
              "Actual Loops": 4,
              "Plans": [
                {
                  "Node Type": "Nested Loop",
                  "Parent Relationship": "Outer",
                  "Parallel Aware": false,
                  "Join Type": "Inner",
                  "Startup Cost": 52545.86,
                  "Total Cost": 176665.5,
                  "Plan Rows": 129381,
                  "Plan Width": 0,
                  "Actual Startup Time": 200.396,
                  "Actual Total Time": 2107.35,
                  "Actual Rows": 963912,
                  "Actual Loops": 4,
                  "Inner Unique": false,
                  "Plans": [
                    {
                      "Node Type": "Hash Join",
                      "Parent Relationship": "Outer",
                      "Parallel Aware": true,
                      "Join Type": "Inner",
                      "Startup Cost": 52545.3,
                      "Total Cost": 78511.03,
                      "Plan Rows": 26220,
                      "Plan Width": 8,
                      "Actual Startup Time": 200.315,
                      "Actual Total Time": 262.33,
                      "Actual Rows": 48909,
                      "Actual Loops": 4,
                      "Inner Unique": true,
                      "Hash Cond": "(mk.movie_id = t.id)",
                      "Plans": [
                        {
                          "Node Type": "Bitmap Heap Scan",
                          "Parent Relationship": "Outer",
                          "Parallel Aware": true,
                          "Relation Name": "movie_keyword",
                          "Alias": "mk",
                          "Startup Cost": 6573.71,
                          "Total Cost": 32277.07,
                          "Plan Rows": 99949,
                          "Plan Width": 4,
                          "Actual Startup Time": 24.688,
                          "Actual Total Time": 68.08,
                          "Actual Rows": 81812,
                          "Actual Loops": 4,
                          "Recheck Cond": "(keyword_id < 266)",
                          "Rows Removed by Index Recheck": 0,
                          "Exact Heap Blocks": 6902,
                          "Lossy Heap Blocks": 0,
                          "Plans": [
                            {
                              "Node Type": "Bitmap Index Scan",
                              "Parent Relationship": "Outer",
                              "Parallel Aware": false,
                              "Index Name": "keyword_id_movie_keyword",
                              "Startup Cost": 0.0,
                              "Total Cost": 6496.25,
                              "Plan Rows": 309842,
                              "Plan Width": 0,
                              "Actual Startup Time": 20.763,
                              "Actual Total Time": 20.764,
                              "Actual Rows": 327246,
                              "Actual Loops": 1,
                              "Index Cond": "(keyword_id < 266)"
                            }
                          ]
                        },
                        {
                          "Node Type": "Hash",
                          "Parent Relationship": "Inner",
                          "Parallel Aware": true,
                          "Startup Cost": 43898.92,
                          "Total Cost": 43898.92,
                          "Plan Rows": 165814,
                          "Plan Width": 4,
                          "Actual Startup Time": 151.659,
                          "Actual Total Time": 151.66,
                          "Actual Rows": 165706,
                          "Actual Loops": 4,
                          "Hash Buckets": 1048576,
                          "Original Hash Buckets": 1048576,
                          "Hash Batches": 1,
                          "Original Hash Batches": 1,
                          "Peak Memory Usage": 34208,
                          "Plans": [
                            {
                              "Node Type": "Seq Scan",
                              "Parent Relationship": "Outer",
                              "Parallel Aware": true,
                              "Relation Name": "title",
                              "Alias": "t",
                              "Startup Cost": 0.0,
                              "Total Cost": 43898.92,
                              "Plan Rows": 165814,
                              "Plan Width": 4,
                              "Actual Startup Time": 45.465,
                              "Actual Total Time": 97.781,
                              "Actual Rows": 165706,
                              "Actual Loops": 4,
                              "Filter": "(kind_id = 1)",
                              "Rows Removed by Filter": 466372
                            }
                          ]
                        }
                      ]
                    },
                    {
                      "Node Type": "Index Scan",
                      "Parent Relationship": "Inner",
                      "Parallel Aware": false,
                      "Scan Direction": "Forward",
                      "Index Name": "movie_id_cast_info",
                      "Relation Name": "cast_info",
                      "Alias": "ci",
                      "Startup Cost": 0.56,
                      "Total Cost": 3.61,
                      "Plan Rows": 13,
                      "Plan Width": 4,
                      "Actual Startup Time": 0.004,
                      "Actual Total Time": 0.036,
                      "Actual Rows": 20,
                      "Actual Loops": 195635,
                      "Index Cond": "(movie_id = t.id)",
                      "Rows Removed by Index Recheck": 0,
                      "Filter": "(role_id < 2)",
                      "Rows Removed by Filter": 33
                    }
                  ]
                }
              ]
            }
          ]
        }
      ]
    },
    "Planning Time": 1.329,
    "Triggers": [],
    "Execution Time": 2258.666
  }
]