[
  {
    "Plan": {
      "Node Type": "Aggregate",
      "Strategy": "Plain",
      "Partial Mode": "Finalize",
      "Parallel Aware": false,
      "Startup Cost": 89728.84,
      "Total Cost": 89728.85,
      "Plan Rows": 1,
      "Plan Width": 8,
      "Actual Startup Time": 330.842,
      "Actual Total Time": 346.811,
      "Actual Rows": 1,
      "Actual Loops": 1,
      "Plans": [
        {
          "Node Type": "Gather",
          "Parent Relationship": "Outer",
          "Parallel Aware": false,
          "Startup Cost": 89728.52,
          "Total Cost": 89728.83,
          "Plan Rows": 3,
          "Plan Width": 8,
          "Actual Startup Time": 330.257,
          "Actual Total Time": 346.802,
          "Actual Rows": 4,
          "Actual Loops": 1,
          "Workers Planned": 3,
          "Workers Launched": 3,
          "Single Copy": false,
          "Plans": [
            {
              "Node Type": "Aggregate",
              "Strategy": "Plain",
              "Partial Mode": "Partial",
              "Parent Relationship": "Outer",
              "Parallel Aware": false,
              "Startup Cost": 88728.52,
              "Total Cost": 88728.53,
              "Plan Rows": 1,
              "Plan Width": 8,
              "Actual Startup Time": 322.328,
              "Actual Total Time": 322.332,
              "Actual Rows": 1,
              "Actual Loops": 4,
              "Plans": [
                {
                  "Node Type": "Hash Join",
                  "Parent Relationship": "Outer",
                  "Parallel Aware": true,
                  "Join Type": "Inner",
                  "Startup Cost": 45733.14,
                  "Total Cost": 88611.22,
                  "Plan Rows": 46922,
                  "Plan Width": 0,
                  "Actual Startup Time": 160.772,
                  "Actual Total Time": 314.134,
                  "Actual Rows": 196268,
                  "Actual Loops": 4,
                  "Inner Unique": true,
                  "Hash Cond": "(mk.movie_id = t.id)",
                  "Plans": [
                    {
                      "Node Type": "Seq Scan",
                      "Parent Relationship": "Outer",
                      "Parallel Aware": true,
                      "Relation Name": "movie_keyword",
                      "Alias": "mk",
                      "Startup Cost": 0.0,
                      "Total Cost": 39047.32,
                      "Plan Rows": 1459332,
                      "Plan Width": 4,
                      "Actual Startup Time": 0.026,
                      "Actual Total Time": 84.306,
                      "Actual Rows": 1130982,
                      "Actual Loops": 4
                    },
                    {
                      "Node Type": "Hash",
                      "Parent Relationship": "Inner",
                      "Parallel Aware": true,
                      "Startup Cost": 45479.1,
                      "Total Cost": 45479.1,
                      "Plan Rows": 20323,
                      "Plan Width": 4,
                      "Actual Startup Time": 123.544,
                      "Actual Total Time": 123.545,
                      "Actual Rows": 53386,
                      "Actual Loops": 4,
                      "Hash Buckets": 262144,
                      "Original Hash Buckets": 131072,
                      "Hash Batches": 1,
                      "Original Hash Batches": 1,
                      "Peak Memory Usage": 11488,
                      "Plans": [
                        {
                          "Node Type": "Seq Scan",
                          "Parent Relationship": "Outer",
                          "Parallel Aware": true,
                          "Relation Name": "title",
                          "Alias": "t",
                          "Startup Cost": 0.0,
                          "Total Cost": 45479.1,
                          "Plan Rows": 20323,
                          "Plan Width": 4,
                          "Actual Startup Time": 57.494,
                          "Actual Total Time": 98.353,
                          "Actual Rows": 53386,
                          "Actual Loops": 4,
                          "Filter": "((production_year < 1967) AND (kind_id = 1))",
                          "Rows Removed by Filter": 578692
                        }
                      ]
                    }
                  ]
                }
              ]
            }
          ]
        }
      ]
    },
    "Planning Time": 0.503,
    "Triggers": [],
    "Execution Time": 346.871
  }
]