[
  {
    "Plan": {
      "Node Type": "Aggregate",
      "Strategy": "Plain",
      "Partial Mode": "Finalize",
      "Parallel Aware": false,
      "Startup Cost": 332837.79,
      "Total Cost": 332837.8,
      "Plan Rows": 1,
      "Plan Width": 8,
      "Actual Startup Time": 290.073,
      "Actual Total Time": 306.153,
      "Actual Rows": 1,
      "Actual Loops": 1,
      "Plans": [
        {
          "Node Type": "Gather",
          "Parent Relationship": "Outer",
          "Parallel Aware": false,
          "Startup Cost": 332837.16,
          "Total Cost": 332837.77,
          "Plan Rows": 6,
          "Plan Width": 8,
          "Actual Startup Time": 284.825,
          "Actual Total Time": 306.136,
          "Actual Rows": 7,
          "Actual Loops": 1,
          "Workers Planned": 6,
          "Workers Launched": 6,
          "Single Copy": false,
          "Plans": [
            {
              "Node Type": "Aggregate",
              "Strategy": "Plain",
              "Partial Mode": "Partial",
              "Parent Relationship": "Outer",
              "Parallel Aware": false,
              "Startup Cost": 331837.16,
              "Total Cost": 331837.17,
              "Plan Rows": 1,
              "Plan Width": 8,
              "Actual Startup Time": 277.873,
              "Actual Total Time": 277.877,
              "Actual Rows": 1,
              "Actual Loops": 7,
              "Plans": [
                {
                  "Node Type": "Hash Join",
                  "Parent Relationship": "Outer",
                  "Parallel Aware": true,
                  "Join Type": "Inner",
                  "Startup Cost": 75652.74,
                  "Total Cost": 331641.4,
                  "Plan Rows": 78304,
                  "Plan Width": 0,
                  "Actual Startup Time": 171.726,
                  "Actual Total Time": 275.677,
                  "Actual Rows": 39776,
                  "Actual Loops": 7,
                  "Inner Unique": true,
                  "Hash Cond": "(ci.movie_id = t.id)",
                  "Plans": [
                    {
                      "Node Type": "Bitmap Heap Scan",
                      "Parent Relationship": "Outer",
                      "Parallel Aware": true,
                      "Relation Name": "cast_info",
                      "Alias": "ci",
                      "Startup Cost": 28919.12,
                      "Total Cost": 284334.76,
                      "Plan Rows": 218292,
                      "Plan Width": 4,
                      "Actual Startup Time": 41.305,
                      "Actual Total Time": 85.144,
                      "Actual Rows": 177573,
                      "Actual Loops": 7,
                      "Recheck Cond": "(person_id > 3821382)",
                      "Rows Removed by Index Recheck": 0,
                      "Exact Heap Blocks": 2968,
                      "Lossy Heap Blocks": 0,
                      "Plans": [
                        {
                          "Node Type": "Bitmap Index Scan",
                          "Parent Relationship": "Outer",
                          "Parallel Aware": false,
                          "Index Name": "person_id_cast_info",
                          "Startup Cost": 0.0,
                          "Total Cost": 28591.68,
                          "Plan Rows": 1309749,
                          "Plan Width": 0,
                          "Actual Startup Time": 38.555,
                          "Actual Total Time": 38.556,
                          "Actual Rows": 1243008,
                          "Actual Loops": 1,
                          "Index Cond": "(person_id > 3821382)"
                        }
                      ]
                    },
                    {
                      "Node Type": "Hash",
                      "Parent Relationship": "Inner",
                      "Parallel Aware": true,
                      "Startup Cost": 43899.32,
                      "Total Cost": 43899.32,
                      "Plan Rows": 226744,
                      "Plan Width": 4,
                      "Actual Startup Time": 128.562,
                      "Actual Total Time": 128.563,
                      "Actual Rows": 132086,
                      "Actual Loops": 7,
                      "Hash Buckets": 1048576,
                      "Original Hash Buckets": 1048576,
                      "Hash Batches": 1,
                      "Original Hash Batches": 1,
                      "Peak Memory Usage": 44480,
                      "Plans": [
                        {
                          "Node Type": "Seq Scan",
                          "Parent Relationship": "Outer",
                          "Parallel Aware": true,
                          "Relation Name": "title",
                          "Alias": "t",
                          "Startup Cost": 0.0,
                          "Total Cost": 43899.32,
                          "Plan Rows": 226744,
                          "Plan Width": 4,
                          "Actual Startup Time": 0.032,
                          "Actual Total Time": 71.109,
                          "Actual Rows": 132086,
                          "Actual Loops": 7,
                          "Filter": "(production_year < 1998)",
                          "Rows Removed by Filter": 229101
                        }
                      ]
                    }
                  ]
                }
              ]
            }
          ]
        }
      ]
    },
    "Planning Time": 0.385,
    "Triggers": [],
    "Execution Time": 306.205
  }
]