[
    {
        "Bao": {
            "Bao prediction": 1663.195,
            "Bao recommended hint": "SET enable_nestloop TO off; "
        }
    },
    {
        "Plan": {
            "Node Type": "Aggregate",
            "Strategy": "Plain",
            "Partial Mode": "Finalize",
            "Parallel Aware": false,
            "Startup Cost": 524061.58,
            "Total Cost": 524061.59,
            "Plan Rows": 1,
            "Plan Width": 32,
            "Actual Startup Time": 2526.786,
            "Actual Total Time": 2631.855,
            "Actual Rows": 1,
            "Actual Loops": 1,
            "Output": [
                "min(n.name)"
            ],
            "Plans": [
                {
                    "Node Type": "Gather",
                    "Parent Relationship": "Outer",
                    "Parallel Aware": false,
                    "Startup Cost": 524061.16,
                    "Total Cost": 524061.57,
                    "Plan Rows": 4,
                    "Plan Width": 32,
                    "Actual Startup Time": 2525.966,
                    "Actual Total Time": 2631.844,
                    "Actual Rows": 5,
                    "Actual Loops": 1,
                    "Output": [
                        "(PARTIAL min(n.name))"
                    ],
                    "Workers Planned": 4,
                    "Workers Launched": 4,
                    "Single Copy": false,
                    "Plans": [
                        {
                            "Node Type": "Aggregate",
                            "Strategy": "Plain",
                            "Partial Mode": "Partial",
                            "Parent Relationship": "Outer",
                            "Parallel Aware": false,
                            "Startup Cost": 523061.16,
                            "Total Cost": 523061.17,
                            "Plan Rows": 1,
                            "Plan Width": 32,
                            "Actual Startup Time": 2514.935,
                            "Actual Total Time": 2514.951,
                            "Actual Rows": 1,
                            "Actual Loops": 5,
                            "Output": [
                                "PARTIAL min(n.name)"
                            ],
                            "Workers": [
                                {
                                    "Worker Number": 0,
                                    "Actual Startup Time": 2511.627,
                                    "Actual Total Time": 2511.646,
                                    "Actual Rows": 1,
                                    "Actual Loops": 1
                                },
                                {
                                    "Worker Number": 1,
                                    "Actual Startup Time": 2512.403,
                                    "Actual Total Time": 2512.419,
                                    "Actual Rows": 1,
                                    "Actual Loops": 1
                                },
                                {
                                    "Worker Number": 2,
                                    "Actual Startup Time": 2512.575,
                                    "Actual Total Time": 2512.589,
                                    "Actual Rows": 1,
                                    "Actual Loops": 1
                                },
                                {
                                    "Worker Number": 3,
                                    "Actual Startup Time": 2512.894,
                                    "Actual Total Time": 2512.91,
                                    "Actual Rows": 1,
                                    "Actual Loops": 1
                                }
                            ],
                            "Plans": [
                                {
                                    "Node Type": "Hash Join",
                                    "Parent Relationship": "Outer",
                                    "Parallel Aware": true,
                                    "Join Type": "Inner",
                                    "Startup Cost": 478372.05,
                                    "Total Cost": 523061.16,
                                    "Plan Rows": 1,
                                    "Plan Width": 15,
                                    "Actual Startup Time": 2375.453,
                                    "Actual Total Time": 2514.667,
                                    "Actual Rows": 2308,
                                    "Actual Loops": 5,
                                    "Output": [
                                        "n.name"
                                    ],
                                    "Inner Unique": false,
                                    "Hash Cond": "(t.id = ci.movie_id)",
                                    "Workers": [
                                        {
                                            "Worker Number": 0,
                                            "Actual Startup Time": 2370.827,
                                            "Actual Total Time": 2511.349,
                                            "Actual Rows": 2032,
                                            "Actual Loops": 1
                                        },
                                        {
                                            "Worker Number": 1,
                                            "Actual Startup Time": 2371.995,
                                            "Actual Total Time": 2512.1,
                                            "Actual Rows": 2264,
                                            "Actual Loops": 1
                                        },
                                        {
                                            "Worker Number": 2,
                                            "Actual Startup Time": 2375.937,
                                            "Actual Total Time": 2512.328,
                                            "Actual Rows": 1803,
                                            "Actual Loops": 1
                                        },
                                        {
                                            "Worker Number": 3,
                                            "Actual Startup Time": 2372.648,
                                            "Actual Total Time": 2512.595,
                                            "Actual Rows": 2195,
                                            "Actual Loops": 1
                                        }
                                    ],
                                    "Plans": [
                                        {
                                            "Node Type": "Seq Scan",
                                            "Parent Relationship": "Outer",
                                            "Parallel Aware": true,
                                            "Relation Name": "title",
                                            "Schema": "public",
                                            "Alias": "t",
                                            "Startup Cost": 0.0,
                                            "Total Cost": 42318.81,
                                            "Plan Rows": 632080,
                                            "Plan Width": 4,
                                            "Actual Startup Time": 0.017,
                                            "Actual Total Time": 79.011,
                                            "Actual Rows": 505662,
                                            "Actual Loops": 5,
                                            "Output": [
                                                "t.id",
                                                "t.title",
                                                "t.imdb_index",
                                                "t.kind_id",
                                                "t.production_year",
                                                "t.imdb_id",
                                                "t.phonetic_code",
                                                "t.episode_of_id",
                                                "t.season_nr",
                                                "t.episode_nr",
                                                "t.series_years",
                                                "t.md5sum"
                                            ],
                                            "Workers": [
                                                {
                                                    "Worker Number": 0,
                                                    "Actual Startup Time": 0.016,
                                                    "Actual Total Time": 81.753,
                                                    "Actual Rows": 406798,
                                                    "Actual Loops": 1
                                                },
                                                {
                                                    "Worker Number": 1,
                                                    "Actual Startup Time": 0.031,
                                                    "Actual Total Time": 79.921,
                                                    "Actual Rows": 431964,
                                                    "Actual Loops": 1
                                                },
                                                {
                                                    "Worker Number": 2,
                                                    "Actual Startup Time": 0.014,
                                                    "Actual Total Time": 76.884,
                                                    "Actual Rows": 410280,
                                                    "Actual Loops": 1
                                                },
                                                {
                                                    "Worker Number": 3,
                                                    "Actual Startup Time": 0.017,
                                                    "Actual Total Time": 79.71,
                                                    "Actual Rows": 431261,
                                                    "Actual Loops": 1
                                                }
                                            ]
                                        },
                                        {
                                            "Node Type": "Hash",
                                            "Parent Relationship": "Inner",
                                            "Parallel Aware": true,
                                            "Startup Cost": 478372.03,
                                            "Total Cost": 478372.03,
                                            "Plan Rows": 1,
                                            "Plan Width": 27,
                                            "Actual Startup Time": 2371.944,
                                            "Actual Total Time": 2371.958,
                                            "Actual Rows": 2308,
                                            "Actual Loops": 5,
                                            "Output": [
                                                "ci.movie_id",
                                                "mc.movie_id",
                                                "mk.movie_id",
                                                "n.name"
                                            ],
                                            "Hash Buckets": 16384,
                                            "Original Hash Buckets": 1024,
                                            "Hash Batches": 1,
                                            "Original Hash Batches": 1,
                                            "Peak Memory Usage": 1048,
                                            "Workers": [
                                                {
                                                    "Worker Number": 0,
                                                    "Actual Startup Time": 2368.651,
                                                    "Actual Total Time": 2368.667,
                                                    "Actual Rows": 2251,
                                                    "Actual Loops": 1
                                                },
                                                {
                                                    "Worker Number": 1,
                                                    "Actual Startup Time": 2369.444,
                                                    "Actual Total Time": 2369.457,
                                                    "Actual Rows": 2262,
                                                    "Actual Loops": 1
                                                },
                                                {
                                                    "Worker Number": 2,
                                                    "Actual Startup Time": 2369.557,
                                                    "Actual Total Time": 2369.569,
                                                    "Actual Rows": 1755,
                                                    "Actual Loops": 1
                                                },
                                                {
                                                    "Worker Number": 3,
                                                    "Actual Startup Time": 2369.93,
                                                    "Actual Total Time": 2369.944,
                                                    "Actual Rows": 1760,
                                                    "Actual Loops": 1
                                                }
                                            ],
                                            "Plans": [
                                                {
                                                    "Node Type": "Hash Join",
                                                    "Parent Relationship": "Outer",
                                                    "Parallel Aware": true,
                                                    "Join Type": "Inner",
                                                    "Startup Cost": 473476.31,
                                                    "Total Cost": 478372.03,
                                                    "Plan Rows": 1,
                                                    "Plan Width": 27,
                                                    "Actual Startup Time": 2351.837,
                                                    "Actual Total Time": 2366.15,
                                                    "Actual Rows": 2308,
                                                    "Actual Loops": 5,
                                                    "Output": [
                                                        "ci.movie_id",
                                                        "mc.movie_id",
                                                        "mk.movie_id",
                                                        "n.name"
                                                    ],
                                                    "Inner Unique": false,
                                                    "Hash Cond": "(cn.id = mc.company_id)",
                                                    "Workers": [
                                                        {
                                                            "Worker Number": 0,
                                                            "Actual Startup Time": 2348.54,
                                                            "Actual Total Time": 2362.848,
                                                            "Actual Rows": 2251,
                                                            "Actual Loops": 1
                                                        },
                                                        {
                                                            "Worker Number": 1,
                                                            "Actual Startup Time": 2349.299,
                                                            "Actual Total Time": 2365.675,
                                                            "Actual Rows": 2262,
                                                            "Actual Loops": 1
                                                        },
                                                        {
                                                            "Worker Number": 2,
                                                            "Actual Startup Time": 2349.553,
                                                            "Actual Total Time": 2363.083,
                                                            "Actual Rows": 1755,
                                                            "Actual Loops": 1
                                                        },
                                                        {
                                                            "Worker Number": 3,
                                                            "Actual Startup Time": 2349.76,
                                                            "Actual Total Time": 2363.334,
                                                            "Actual Rows": 1760,
                                                            "Actual Loops": 1
                                                        }
                                                    ],
                                                    "Plans": [
                                                        {
                                                            "Node Type": "Seq Scan",
                                                            "Parent Relationship": "Outer",
                                                            "Parallel Aware": true,
                                                            "Relation Name": "company_name",
                                                            "Schema": "public",
                                                            "Alias": "cn",
                                                            "Startup Cost": 0.0,
                                                            "Total Cost": 4377.34,
                                                            "Plan Rows": 138234,
                                                            "Plan Width": 4,
                                                            "Actual Startup Time": 0.019,
                                                            "Actual Total Time": 7.39,
                                                            "Actual Rows": 46999,
                                                            "Actual Loops": 5,
                                                            "Output": [
                                                                "cn.id",
                                                                "cn.name",
                                                                "cn.country_code",
                                                                "cn.imdb_id",
                                                                "cn.name_pcode_nf",
                                                                "cn.name_pcode_sf",
                                                                "cn.md5sum"
                                                            ],
                                                            "Workers": [
                                                                {
                                                                    "Worker Number": 0,
                                                                    "Actual Startup Time": 0.024,
                                                                    "Actual Total Time": 7.307,
                                                                    "Actual Rows": 36963,
                                                                    "Actual Loops": 1
                                                                },
                                                                {
                                                                    "Worker Number": 1,
                                                                    "Actual Startup Time": 0.019,
                                                                    "Actual Total Time": 8.539,
                                                                    "Actual Rows": 48638,
                                                                    "Actual Loops": 1
                                                                },
                                                                {
                                                                    "Worker Number": 2,
                                                                    "Actual Startup Time": 0.024,
                                                                    "Actual Total Time": 7.318,
                                                                    "Actual Rows": 38223,
                                                                    "Actual Loops": 1
                                                                },
                                                                {
                                                                    "Worker Number": 3,
                                                                    "Actual Startup Time": 0.022,
                                                                    "Actual Total Time": 7.168,
                                                                    "Actual Rows": 39191,
                                                                    "Actual Loops": 1
                                                                }
                                                            ]
                                                        },
                                                        {
                                                            "Node Type": "Hash",
                                                            "Parent Relationship": "Inner",
                                                            "Parallel Aware": true,
                                                            "Startup Cost": 473476.3,
                                                            "Total Cost": 473476.3,
                                                            "Plan Rows": 1,
                                                            "Plan Width": 31,
                                                            "Actual Startup Time": 2351.677,
                                                            "Actual Total Time": 2351.689,
                                                            "Actual Rows": 2308,
                                                            "Actual Loops": 5,
                                                            "Output": [
                                                                "ci.movie_id",
                                                                "mc.movie_id",
                                                                "mc.company_id",
                                                                "mk.movie_id",
                                                                "n.name"
                                                            ],
                                                            "Hash Buckets": 16384,
                                                            "Original Hash Buckets": 1024,
                                                            "Hash Batches": 1,
                                                            "Original Hash Batches": 1,
                                                            "Peak Memory Usage": 1080,
                                                            "Workers": [
                                                                {
                                                                    "Worker Number": 0,
                                                                    "Actual Startup Time": 2348.408,
                                                                    "Actual Total Time": 2348.422,
                                                                    "Actual Rows": 3139,
                                                                    "Actual Loops": 1
                                                                },
                                                                {
                                                                    "Worker Number": 1,
                                                                    "Actual Startup Time": 2349.108,
                                                                    "Actual Total Time": 2349.119,
                                                                    "Actual Rows": 2240,
                                                                    "Actual Loops": 1
                                                                },
                                                                {
                                                                    "Worker Number": 2,
                                                                    "Actual Startup Time": 2349.296,
                                                                    "Actual Total Time": 2349.306,
                                                                    "Actual Rows": 1198,
                                                                    "Actual Loops": 1
                                                                },
                                                                {
                                                                    "Worker Number": 3,
                                                                    "Actual Startup Time": 2349.678,
                                                                    "Actual Total Time": 2349.689,
                                                                    "Actual Rows": 2206,
                                                                    "Actual Loops": 1
                                                                }
                                                            ],
                                                            "Plans": [
                                                                {
                                                                    "Node Type": "Hash Join",
                                                                    "Parent Relationship": "Outer",
                                                                    "Parallel Aware": true,
                                                                    "Join Type": "Inner",
                                                                    "Startup Cost": 443113.54,
                                                                    "Total Cost": 473476.3,
                                                                    "Plan Rows": 1,
                                                                    "Plan Width": 31,
                                                                    "Actual Startup Time": 2172.943,
                                                                    "Actual Total Time": 2309.846,
                                                                    "Actual Rows": 2308,
                                                                    "Actual Loops": 5,
                                                                    "Output": [
                                                                        "ci.movie_id",
                                                                        "mc.movie_id",
                                                                        "mc.company_id",
                                                                        "mk.movie_id",
                                                                        "n.name"
                                                                    ],
                                                                    "Inner Unique": false,
                                                                    "Hash Cond": "(mc.movie_id = ci.movie_id)",
                                                                    "Workers": [
                                                                        {
                                                                            "Worker Number": 0,
                                                                            "Actual Startup Time": 2171.262,
                                                                            "Actual Total Time": 2329.248,
                                                                            "Actual Rows": 3139,
                                                                            "Actual Loops": 1
                                                                        },
                                                                        {
                                                                            "Worker Number": 1,
                                                                            "Actual Startup Time": 2170.183,
                                                                            "Actual Total Time": 2316.393,
                                                                            "Actual Rows": 2240,
                                                                            "Actual Loops": 1
                                                                        },
                                                                        {
                                                                            "Worker Number": 2,
                                                                            "Actual Startup Time": 2170.223,
                                                                            "Actual Total Time": 2282.52,
                                                                            "Actual Rows": 1198,
                                                                            "Actual Loops": 1
                                                                        },
                                                                        {
                                                                            "Worker Number": 3,
                                                                            "Actual Startup Time": 2169.974,
                                                                            "Actual Total Time": 2307.958,
                                                                            "Actual Rows": 2206,
                                                                            "Actual Loops": 1
                                                                        }
                                                                    ],
                                                                    "Plans": [
                                                                        {
                                                                            "Node Type": "Seq Scan",
                                                                            "Parent Relationship": "Outer",
                                                                            "Parallel Aware": true,
                                                                            "Relation Name": "movie_companies",
                                                                            "Schema": "public",
                                                                            "Alias": "mc",
                                                                            "Startup Cost": 0.0,
                                                                            "Total Cost": 27206.55,
                                                                            "Plan Rows": 841655,
                                                                            "Plan Width": 8,
                                                                            "Actual Startup Time": 0.022,
                                                                            "Actual Total Time": 68.32,
                                                                            "Actual Rows": 521826,
                                                                            "Actual Loops": 5,
                                                                            "Output": [
                                                                                "mc.id",
                                                                                "mc.movie_id",
                                                                                "mc.company_id",
                                                                                "mc.company_type_id",
                                                                                "mc.note"
                                                                            ],
                                                                            "Workers": [
                                                                                {
                                                                                    "Worker Number": 0,
                                                                                    "Actual Startup Time": 0.024,
                                                                                    "Actual Total Time": 82.355,
                                                                                    "Actual Rows": 562589,
                                                                                    "Actual Loops": 1
                                                                                },
                                                                                {
                                                                                    "Worker Number": 1,
                                                                                    "Actual Startup Time": 0.024,
                                                                                    "Actual Total Time": 73.442,
                                                                                    "Actual Rows": 510408,
                                                                                    "Actual Loops": 1
                                                                                },
                                                                                {
                                                                                    "Worker Number": 2,
                                                                                    "Actual Startup Time": 0.032,
                                                                                    "Actual Total Time": 56.713,
                                                                                    "Actual Rows": 362189,
                                                                                    "Actual Loops": 1
                                                                                },
                                                                                {
                                                                                    "Worker Number": 3,
                                                                                    "Actual Startup Time": 0.021,
                                                                                    "Actual Total Time": 69.017,
                                                                                    "Actual Rows": 477226,
                                                                                    "Actual Loops": 1
                                                                                }
                                                                            ]
                                                                        },
                                                                        {
                                                                            "Node Type": "Hash",
                                                                            "Parent Relationship": "Inner",
                                                                            "Parallel Aware": true,
                                                                            "Startup Cost": 443113.53,
                                                                            "Total Cost": 443113.53,
                                                                            "Plan Rows": 1,
                                                                            "Plan Width": 23,
                                                                            "Actual Startup Time": 2171.292,
                                                                            "Actual Total Time": 2171.301,
                                                                            "Actual Rows": 394,
                                                                            "Actual Loops": 5,
                                                                            "Output": [
                                                                                "ci.movie_id",
                                                                                "mk.movie_id",
                                                                                "n.name"
                                                                            ],
                                                                            "Hash Buckets": 1024,
                                                                            "Original Hash Buckets": 1024,
                                                                            "Hash Batches": 1,
                                                                            "Original Hash Batches": 1,
                                                                            "Peak Memory Usage": 200,
                                                                            "Workers": [
                                                                                {
                                                                                    "Worker Number": 0,
                                                                                    "Actual Startup Time": 2167.951,
                                                                                    "Actual Total Time": 2167.962,
                                                                                    "Actual Rows": 345,
                                                                                    "Actual Loops": 1
                                                                                },
                                                                                {
                                                                                    "Worker Number": 1,
                                                                                    "Actual Startup Time": 2168.816,
                                                                                    "Actual Total Time": 2168.825,
                                                                                    "Actual Rows": 465,
                                                                                    "Actual Loops": 1
                                                                                },
                                                                                {
                                                                                    "Worker Number": 2,
                                                                                    "Actual Startup Time": 2168.974,
                                                                                    "Actual Total Time": 2168.982,
                                                                                    "Actual Rows": 295,
                                                                                    "Actual Loops": 1
                                                                                },
                                                                                {
                                                                                    "Worker Number": 3,
                                                                                    "Actual Startup Time": 2169.149,
                                                                                    "Actual Total Time": 2169.158,
                                                                                    "Actual Rows": 283,
                                                                                    "Actual Loops": 1
                                                                                }
                                                                            ],
                                                                            "Plans": [
                                                                                {
                                                                                    "Node Type": "Hash Join",
                                                                                    "Parent Relationship": "Outer",
                                                                                    "Parallel Aware": true,
                                                                                    "Join Type": "Inner",
                                                                                    "Startup Cost": 114142.36,
                                                                                    "Total Cost": 443113.53,
                                                                                    "Plan Rows": 1,
                                                                                    "Plan Width": 23,
                                                                                    "Actual Startup Time": 596.511,
                                                                                    "Actual Total Time": 2170.587,
                                                                                    "Actual Rows": 394,
                                                                                    "Actual Loops": 5,
                                                                                    "Output": [
                                                                                        "ci.movie_id",
                                                                                        "mk.movie_id",
                                                                                        "n.name"
                                                                                    ],
                                                                                    "Inner Unique": false,
                                                                                    "Hash Cond": "(ci.movie_id = mk.movie_id)",
                                                                                    "Workers": [
                                                                                        {
                                                                                            "Worker Number": 0,
                                                                                            "Actual Startup Time": 598.255,
                                                                                            "Actual Total Time": 2167.441,
                                                                                            "Actual Rows": 345,
                                                                                            "Actual Loops": 1
                                                                                        },
                                                                                        {
                                                                                            "Worker Number": 1,
                                                                                            "Actual Startup Time": 603.541,
                                                                                            "Actual Total Time": 2168.156,
                                                                                            "Actual Rows": 465,
                                                                                            "Actual Loops": 1
                                                                                        },
                                                                                        {
                                                                                            "Worker Number": 2,
                                                                                            "Actual Startup Time": 597.394,
                                                                                            "Actual Total Time": 2167.618,
                                                                                            "Actual Rows": 295,
                                                                                            "Actual Loops": 1
                                                                                        },
                                                                                        {
                                                                                            "Worker Number": 3,
                                                                                            "Actual Startup Time": 592.351,
                                                                                            "Actual Total Time": 2168.852,
                                                                                            "Actual Rows": 283,
                                                                                            "Actual Loops": 1
                                                                                        }
                                                                                    ],
                                                                                    "Plans": [
                                                                                        {
                                                                                            "Node Type": "Hash Join",
                                                                                            "Parent Relationship": "Outer",
                                                                                            "Parallel Aware": true,
                                                                                            "Join Type": "Inner",
                                                                                            "Startup Cost": 68637.89,
                                                                                            "Total Cost": 397606.78,
                                                                                            "Plan Rows": 604,
                                                                                            "Plan Width": 19,
                                                                                            "Actual Startup Time": 317.811,
                                                                                            "Actual Total Time": 1904.061,
                                                                                            "Actual Rows": 9658,
                                                                                            "Actual Loops": 5,
                                                                                            "Output": [
                                                                                                "ci.movie_id",
                                                                                                "n.name"
                                                                                            ],
                                                                                            "Inner Unique": true,
                                                                                            "Hash Cond": "(ci.person_id = n.id)",
                                                                                            "Workers": [
                                                                                                {
                                                                                                    "Worker Number": 0,
                                                                                                    "Actual Startup Time": 319.04,
                                                                                                    "Actual Total Time": 1903.804,
                                                                                                    "Actual Rows": 8833,
                                                                                                    "Actual Loops": 1
                                                                                                },
                                                                                                {
                                                                                                    "Worker Number": 1,
                                                                                                    "Actual Startup Time": 317.88,
                                                                                                    "Actual Total Time": 1904.321,
                                                                                                    "Actual Rows": 9180,
                                                                                                    "Actual Loops": 1
                                                                                                },
                                                                                                {
                                                                                                    "Worker Number": 2,
                                                                                                    "Actual Startup Time": 317.106,
                                                                                                    "Actual Total Time": 1903.923,
                                                                                                    "Actual Rows": 8294,
                                                                                                    "Actual Loops": 1
                                                                                                },
                                                                                                {
                                                                                                    "Worker Number": 3,
                                                                                                    "Actual Startup Time": 319.535,
                                                                                                    "Actual Total Time": 1904.919,
                                                                                                    "Actual Rows": 8055,
                                                                                                    "Actual Loops": 1
                                                                                                }
                                                                                            ],
                                                                                            "Plans": [
                                                                                                {
                                                                                                    "Node Type": "Seq Scan",
                                                                                                    "Parent Relationship": "Outer",
                                                                                                    "Parallel Aware": true,
                                                                                                    "Relation Name": "cast_info",
                                                                                                    "Schema": "public",
                                                                                                    "Alias": "ci",
                                                                                                    "Startup Cost": 0.0,
                                                                                                    "Total Cost": 313108.29,
                                                                                                    "Plan Rows": 6042129,
                                                                                                    "Plan Width": 8,
                                                                                                    "Actual Startup Time": 0.033,
                                                                                                    "Actual Total Time": 859.089,
                                                                                                    "Actual Rows": 7248869,
                                                                                                    "Actual Loops": 5,
                                                                                                    "Output": [
                                                                                                        "ci.id",
                                                                                                        "ci.person_id",
                                                                                                        "ci.movie_id",
                                                                                                        "ci.person_role_id",
                                                                                                        "ci.note",
                                                                                                        "ci.nr_order",
                                                                                                        "ci.role_id"
                                                                                                    ],
                                                                                                    "Workers": [
                                                                                                        {
                                                                                                            "Worker Number": 0,
                                                                                                            "Actual Startup Time": 0.035,
                                                                                                            "Actual Total Time": 891.945,
                                                                                                            "Actual Rows": 6001755,
                                                                                                            "Actual Loops": 1
                                                                                                        },
                                                                                                        {
                                                                                                            "Worker Number": 1,
                                                                                                            "Actual Startup Time": 0.04,
                                                                                                            "Actual Total Time": 865.952,
                                                                                                            "Actual Rows": 6283314,
                                                                                                            "Actual Loops": 1
                                                                                                        },
                                                                                                        {
                                                                                                            "Worker Number": 2,
                                                                                                            "Actual Startup Time": 0.025,
                                                                                                            "Actual Total Time": 865.763,
                                                                                                            "Actual Rows": 6289352,
                                                                                                            "Actual Loops": 1
                                                                                                        },
                                                                                                        {
                                                                                                            "Worker Number": 3,
                                                                                                            "Actual Startup Time": 0.051,
                                                                                                            "Actual Total Time": 860.26,
                                                                                                            "Actual Rows": 6304785,
                                                                                                            "Actual Loops": 1
                                                                                                        }
                                                                                                    ]
                                                                                                },
                                                                                                {
                                                                                                    "Node Type": "Hash",
                                                                                                    "Parent Relationship": "Inner",
                                                                                                    "Parallel Aware": true,
                                                                                                    "Startup Cost": 68636.59,
                                                                                                    "Total Cost": 68636.59,
                                                                                                    "Plan Rows": 104,
                                                                                                    "Plan Width": 19,
                                                                                                    "Actual Startup Time": 315.024,
                                                                                                    "Actual Total Time": 315.025,
                                                                                                    "Actual Rows": 1043,
                                                                                                    "Actual Loops": 5,
                                                                                                    "Output": [
                                                                                                        "n.name",
                                                                                                        "n.id"
                                                                                                    ],
                                                                                                    "Hash Buckets": 4096,
                                                                                                    "Original Hash Buckets": 1024,
                                                                                                    "Hash Batches": 1,
                                                                                                    "Original Hash Batches": 1,
                                                                                                    "Peak Memory Usage": 440,
                                                                                                    "Workers": [
                                                                                                        {
                                                                                                            "Worker Number": 0,
                                                                                                            "Actual Startup Time": 315.13,
                                                                                                            "Actual Total Time": 315.131,
                                                                                                            "Actual Rows": 776,
                                                                                                            "Actual Loops": 1
                                                                                                        },
                                                                                                        {
                                                                                                            "Worker Number": 1,
                                                                                                            "Actual Startup Time": 314.968,
                                                                                                            "Actual Total Time": 314.969,
                                                                                                            "Actual Rows": 757,
                                                                                                            "Actual Loops": 1
                                                                                                        },
                                                                                                        {
                                                                                                            "Worker Number": 2,
                                                                                                            "Actual Startup Time": 315.02,
                                                                                                            "Actual Total Time": 315.021,
                                                                                                            "Actual Rows": 774,
                                                                                                            "Actual Loops": 1
                                                                                                        },
                                                                                                        {
                                                                                                            "Worker Number": 3,
                                                                                                            "Actual Startup Time": 314.992,
                                                                                                            "Actual Total Time": 314.993,
                                                                                                            "Actual Rows": 1454,
                                                                                                            "Actual Loops": 1
                                                                                                        }
                                                                                                    ],
                                                                                                    "Plans": [
                                                                                                        {
                                                                                                            "Node Type": "Seq Scan",
                                                                                                            "Parent Relationship": "Outer",
                                                                                                            "Parallel Aware": true,
                                                                                                            "Relation Name": "name",
                                                                                                            "Schema": "public",
                                                                                                            "Alias": "n",
                                                                                                            "Startup Cost": 0.0,
                                                                                                            "Total Cost": 68636.59,
                                                                                                            "Plan Rows": 104,
                                                                                                            "Plan Width": 19,
                                                                                                            "Actual Startup Time": 0.568,
                                                                                                            "Actual Total Time": 199.364,
                                                                                                            "Actual Rows": 1043,
                                                                                                            "Actual Loops": 5,
                                                                                                            "Output": [
                                                                                                                "n.name",
                                                                                                                "n.id"
                                                                                                            ],
                                                                                                            "Filter": "(n.name ~~ '%Bert%'::text)",
                                                                                                            "Rows Removed by Filter": 832455,
                                                                                                            "Workers": [
                                                                                                                {
                                                                                                                    "Worker Number": 0,
                                                                                                                    "Actual Startup Time": 0.461,
                                                                                                                    "Actual Total Time": 193.985,
                                                                                                                    "Actual Rows": 776,
                                                                                                                    "Actual Loops": 1
                                                                                                                },
                                                                                                                {
                                                                                                                    "Worker Number": 1,
                                                                                                                    "Actual Startup Time": 0.541,
                                                                                                                    "Actual Total Time": 153.759,
                                                                                                                    "Actual Rows": 757,
                                                                                                                    "Actual Loops": 1
                                                                                                                },
                                                                                                                {
                                                                                                                    "Worker Number": 2,
                                                                                                                    "Actual Startup Time": 0.743,
                                                                                                                    "Actual Total Time": 175.456,
                                                                                                                    "Actual Rows": 774,
                                                                                                                    "Actual Loops": 1
                                                                                                                },
                                                                                                                {
                                                                                                                    "Worker Number": 3,
                                                                                                                    "Actual Startup Time": 0.87,
                                                                                                                    "Actual Total Time": 312.414,
                                                                                                                    "Actual Rows": 1454,
                                                                                                                    "Actual Loops": 1
                                                                                                                }
                                                                                                            ]
                                                                                                        }
                                                                                                    ]
                                                                                                }
                                                                                            ]
                                                                                        },
                                                                                        {
                                                                                            "Node Type": "Hash",
                                                                                            "Parent Relationship": "Inner",
                                                                                            "Parallel Aware": true,
                                                                                            "Startup Cost": 45504.33,
                                                                                            "Total Cost": 45504.33,
                                                                                            "Plan Rows": 11,
                                                                                            "Plan Width": 4,
                                                                                            "Actual Startup Time": 262.585,
                                                                                            "Actual Total Time": 262.588,
                                                                                            "Actual Rows": 8368,
                                                                                            "Actual Loops": 5,
                                                                                            "Output": [
                                                                                                "mk.movie_id"
                                                                                            ],
                                                                                            "Hash Buckets": 65536,
                                                                                            "Original Hash Buckets": 1024,
                                                                                            "Hash Batches": 1,
                                                                                            "Original Hash Batches": 1,
                                                                                            "Peak Memory Usage": 2744,
                                                                                            "Workers": [
                                                                                                {
                                                                                                    "Worker Number": 0,
                                                                                                    "Actual Startup Time": 259.308,
                                                                                                    "Actual Total Time": 259.312,
                                                                                                    "Actual Rows": 7539,
                                                                                                    "Actual Loops": 1
                                                                                                },
                                                                                                {
                                                                                                    "Worker Number": 1,
                                                                                                    "Actual Startup Time": 260.058,
                                                                                                    "Actual Total Time": 260.06,
                                                                                                    "Actual Rows": 8315,
                                                                                                    "Actual Loops": 1
                                                                                                },
                                                                                                {
                                                                                                    "Worker Number": 2,
                                                                                                    "Actual Startup Time": 260.164,
                                                                                                    "Actual Total Time": 260.166,
                                                                                                    "Actual Rows": 6586,
                                                                                                    "Actual Loops": 1
                                                                                                },
                                                                                                {
                                                                                                    "Worker Number": 3,
                                                                                                    "Actual Startup Time": 260.557,
                                                                                                    "Actual Total Time": 260.561,
                                                                                                    "Actual Rows": 7308,
                                                                                                    "Actual Loops": 1
                                                                                                }
                                                                                            ],
                                                                                            "Plans": [
                                                                                                {
                                                                                                    "Node Type": "Hash Join",
                                                                                                    "Parent Relationship": "Outer",
                                                                                                    "Parallel Aware": false,
                                                                                                    "Join Type": "Inner",
                                                                                                    "Startup Cost": 2626.14,
                                                                                                    "Total Cost": 45504.33,
                                                                                                    "Plan Rows": 11,
                                                                                                    "Plan Width": 4,
                                                                                                    "Actual Startup Time": 26.92,
                                                                                                    "Actual Total Time": 220.432,
                                                                                                    "Actual Rows": 8368,
                                                                                                    "Actual Loops": 5,
                                                                                                    "Output": [
                                                                                                        "mk.movie_id"
                                                                                                    ],
                                                                                                    "Inner Unique": true,
                                                                                                    "Hash Cond": "(mk.keyword_id = k.id)",
                                                                                                    "Workers": [
                                                                                                        {
                                                                                                            "Worker Number": 0,
                                                                                                            "Actual Startup Time": 28.088,
                                                                                                            "Actual Total Time": 229.44,
                                                                                                            "Actual Rows": 7539,
                                                                                                            "Actual Loops": 1
                                                                                                        },
                                                                                                        {
                                                                                                            "Worker Number": 1,
                                                                                                            "Actual Startup Time": 28.065,
                                                                                                            "Actual Total Time": 246.667,
                                                                                                            "Actual Rows": 8315,
                                                                                                            "Actual Loops": 1
                                                                                                        },
                                                                                                        {
                                                                                                            "Worker Number": 2,
                                                                                                            "Actual Startup Time": 28.196,
                                                                                                            "Actual Total Time": 204.051,
                                                                                                            "Actual Rows": 6586,
                                                                                                            "Actual Loops": 1
                                                                                                        },
                                                                                                        {
                                                                                                            "Worker Number": 3,
                                                                                                            "Actual Startup Time": 29.344,
                                                                                                            "Actual Total Time": 214.044,
                                                                                                            "Actual Rows": 7308,
                                                                                                            "Actual Loops": 1
                                                                                                        }
                                                                                                    ],
                                                                                                    "Plans": [
                                                                                                        {
                                                                                                            "Node Type": "Seq Scan",
                                                                                                            "Parent Relationship": "Outer",
                                                                                                            "Parallel Aware": true,
                                                                                                            "Relation Name": "movie_keyword",
                                                                                                            "Schema": "public",
                                                                                                            "Alias": "mk",
                                                                                                            "Startup Cost": 0.0,
                                                                                                            "Total Cost": 39047.32,
                                                                                                            "Plan Rows": 1459332,
                                                                                                            "Plan Width": 8,
                                                                                                            "Actual Startup Time": 0.059,
                                                                                                            "Actual Total Time": 107.321,
                                                                                                            "Actual Rows": 904786,
                                                                                                            "Actual Loops": 5,
                                                                                                            "Output": [
                                                                                                                "mk.id",
                                                                                                                "mk.movie_id",
                                                                                                                "mk.keyword_id"
                                                                                                            ],
                                                                                                            "Workers": [
                                                                                                                {
                                                                                                                    "Worker Number": 0,
                                                                                                                    "Actual Startup Time": 0.067,
                                                                                                                    "Actual Total Time": 114.657,
                                                                                                                    "Actual Rows": 854270,
                                                                                                                    "Actual Loops": 1
                                                                                                                },
                                                                                                                {
                                                                                                                    "Worker Number": 1,
                                                                                                                    "Actual Startup Time": 0.076,
                                                                                                                    "Actual Total Time": 122.534,
                                                                                                                    "Actual Rows": 947940,
                                                                                                                    "Actual Loops": 1
                                                                                                                },
                                                                                                                {
                                                                                                                    "Worker Number": 2,
                                                                                                                    "Actual Startup Time": 0.069,
                                                                                                                    "Actual Total Time": 99.631,
                                                                                                                    "Actual Rows": 724275,
                                                                                                                    "Actual Loops": 1
                                                                                                                },
                                                                                                                {
                                                                                                                    "Worker Number": 3,
                                                                                                                    "Actual Startup Time": 0.068,
                                                                                                                    "Actual Total Time": 104.687,
                                                                                                                    "Actual Rows": 743515,
                                                                                                                    "Actual Loops": 1
                                                                                                                }
                                                                                                            ]
                                                                                                        },
                                                                                                        {
                                                                                                            "Node Type": "Hash",
                                                                                                            "Parent Relationship": "Inner",
                                                                                                            "Parallel Aware": false,
                                                                                                            "Startup Cost": 2626.12,
                                                                                                            "Total Cost": 2626.12,
                                                                                                            "Plan Rows": 1,
                                                                                                            "Plan Width": 4,
                                                                                                            "Actual Startup Time": 26.774,
                                                                                                            "Actual Total Time": 26.775,
                                                                                                            "Actual Rows": 1,
                                                                                                            "Actual Loops": 5,
                                                                                                            "Output": [
                                                                                                                "k.id"
                                                                                                            ],
                                                                                                            "Hash Buckets": 1024,
                                                                                                            "Original Hash Buckets": 1024,
                                                                                                            "Hash Batches": 1,
                                                                                                            "Original Hash Batches": 1,
                                                                                                            "Peak Memory Usage": 9,
                                                                                                            "Workers": [
                                                                                                                {
                                                                                                                    "Worker Number": 0,
                                                                                                                    "Actual Startup Time": 27.883,
                                                                                                                    "Actual Total Time": 27.884,
                                                                                                                    "Actual Rows": 1,
                                                                                                                    "Actual Loops": 1
                                                                                                                },
                                                                                                                {
                                                                                                                    "Worker Number": 1,
                                                                                                                    "Actual Startup Time": 27.923,
                                                                                                                    "Actual Total Time": 27.924,
                                                                                                                    "Actual Rows": 1,
                                                                                                                    "Actual Loops": 1
                                                                                                                },
                                                                                                                {
                                                                                                                    "Worker Number": 2,
                                                                                                                    "Actual Startup Time": 28.056,
                                                                                                                    "Actual Total Time": 28.057,
                                                                                                                    "Actual Rows": 1,
                                                                                                                    "Actual Loops": 1
                                                                                                                },
                                                                                                                {
                                                                                                                    "Worker Number": 3,
                                                                                                                    "Actual Startup Time": 29.165,
                                                                                                                    "Actual Total Time": 29.166,
                                                                                                                    "Actual Rows": 1,
                                                                                                                    "Actual Loops": 1
                                                                                                                }
                                                                                                            ],
                                                                                                            "Plans": [
                                                                                                                {
                                                                                                                    "Node Type": "Seq Scan",
                                                                                                                    "Parent Relationship": "Outer",
                                                                                                                    "Parallel Aware": false,
                                                                                                                    "Relation Name": "keyword",
                                                                                                                    "Schema": "public",
                                                                                                                    "Alias": "k",
                                                                                                                    "Startup Cost": 0.0,
                                                                                                                    "Total Cost": 2626.12,
                                                                                                                    "Plan Rows": 1,
                                                                                                                    "Plan Width": 4,
                                                                                                                    "Actual Startup Time": 1.843,
                                                                                                                    "Actual Total Time": 26.756,
                                                                                                                    "Actual Rows": 1,
                                                                                                                    "Actual Loops": 5,
                                                                                                                    "Output": [
                                                                                                                        "k.id"
                                                                                                                    ],
                                                                                                                    "Filter": "(k.keyword = 'character-name-in-title'::text)",
                                                                                                                    "Rows Removed by Filter": 134169,
                                                                                                                    "Workers": [
                                                                                                                        {
                                                                                                                            "Worker Number": 0,
                                                                                                                            "Actual Startup Time": 2.277,
                                                                                                                            "Actual Total Time": 27.858,
                                                                                                                            "Actual Rows": 1,
                                                                                                                            "Actual Loops": 1
                                                                                                                        },
                                                                                                                        {
                                                                                                                            "Worker Number": 1,
                                                                                                                            "Actual Startup Time": 1.792,
                                                                                                                            "Actual Total Time": 27.905,
                                                                                                                            "Actual Rows": 1,
                                                                                                                            "Actual Loops": 1
                                                                                                                        },
                                                                                                                        {
                                                                                                                            "Worker Number": 2,
                                                                                                                            "Actual Startup Time": 1.91,
                                                                                                                            "Actual Total Time": 28.038,
                                                                                                                            "Actual Rows": 1,
                                                                                                                            "Actual Loops": 1
                                                                                                                        },
                                                                                                                        {
                                                                                                                            "Worker Number": 3,
                                                                                                                            "Actual Startup Time": 2.378,
                                                                                                                            "Actual Total Time": 29.14,
                                                                                                                            "Actual Rows": 1,
                                                                                                                            "Actual Loops": 1
                                                                                                                        }
                                                                                                                    ]
                                                                                                                }
                                                                                                            ]
                                                                                                        }
                                                                                                    ]
                                                                                                }
                                                                                            ]
                                                                                        }
                                                                                    ]
                                                                                }
                                                                            ]
                                                                        }
                                                                    ]
                                                                }
                                                            ]
                                                        }
                                                    ]
                                                }
                                            ]
                                        }
                                    ]
                                }
                            ]
                        }
                    ]
                }
            ]
        },
        "Planning Time": 164.507,
        "Triggers": [],
        "Execution Time": 2632.001
    }
]