{
  "Plan": {
    "Node Type": "Aggregate",
    "Strategy": "Plain",
    "Partial Mode": "Finalize",
    "Parallel Aware": false,
    "Startup Cost": 123050.92,
    "Total Cost": 123050.93,
    "Plan Rows": 1,
    "Plan Width": 8,
    "Actual Startup Time": 554.66,
    "Actual Total Time": 567.64,
    "Actual Rows": 1,
    "Actual Loops": 1,
    "Plans": [
      {
        "Node Type": "Gather",
        "Parent Relationship": "Outer",
        "Parallel Aware": false,
        "Startup Cost": 123050.81,
        "Total Cost": 123050.92,
        "Plan Rows": 1,
        "Plan Width": 8,
        "Actual Startup Time": 553.652,
        "Actual Total Time": 567.633,
        "Actual Rows": 2,
        "Actual Loops": 1,
        "Workers Planned": 1,
        "Workers Launched": 1,
        "Single Copy": false,
        "Plans": [
          {
            "Node Type": "Aggregate",
            "Strategy": "Plain",
            "Partial Mode": "Partial",
            "Parent Relationship": "Outer",
            "Parallel Aware": false,
            "Startup Cost": 122050.81,
            "Total Cost": 122050.82,
            "Plan Rows": 1,
            "Plan Width": 8,
            "Actual Startup Time": 547.894,
            "Actual Total Time": 547.897,
            "Actual Rows": 1,
            "Actual Loops": 2,
            "Plans": [
              {
                "Node Type": "Hash Join",
                "Parent Relationship": "Outer",
                "Parallel Aware": true,
                "Join Type": "Inner",
                "Startup Cost": 58527.04,
                "Total Cost": 121076.06,
                "Plan Rows": 389898,
                "Plan Width": 0,
                "Actual Startup Time": 224.875,
                "Actual Total Time": 540.844,
                "Actual Rows": 168731,
                "Actual Loops": 2,
                "Inner Unique": true,
                "Hash Cond": "(mk.movie_id = t.id)",
                "Plans": [
                  {
                    "Node Type": "Seq Scan",
                    "Parent Relationship": "Outer",
                    "Parallel Aware": true,
                    "Relation Name": "movie_keyword",
                    "Alias": "mk",
                    "Startup Cost": 0.0,
                    "Total Cost": 57718.19,
                    "Plan Rows": 1840313,
                    "Plan Width": 4,
                    "Actual Startup Time": 0.168,
                    "Actual Total Time": 183.731,
                    "Actual Rows": 1558072,
                    "Actual Loops": 2,
                    "Filter": "(keyword_id > 1915)",
                    "Rows Removed by Filter": 703893
                  },
                  {
                    "Node Type": "Hash",
                    "Parent Relationship": "Inner",
                    "Parallel Aware": true,
                    "Startup Cost": 54588.39,
                    "Total Cost": 54588.39,
                    "Plan Rows": 315092,
                    "Plan Width": 4,
                    "Actual Startup Time": 215.407,
                    "Actual Total Time": 215.408,
                    "Actual Rows": 266684,
                    "Actual Loops": 2,
                    "Hash Buckets": 1048576,
                    "Original Hash Buckets": 1048576,
                    "Hash Batches": 1,
                    "Original Hash Batches": 1,
                    "Peak Memory Usage": 29088,
                    "Plans": [
                      {
                        "Node Type": "Seq Scan",
                        "Parent Relationship": "Outer",
                        "Parallel Aware": true,
                        "Relation Name": "title",
                        "Alias": "t",
                        "Startup Cost": 0.0,
                        "Total Cost": 54588.39,
                        "Plan Rows": 315092,
                        "Plan Width": 4,
                        "Actual Startup Time": 0.041,
                        "Actual Total Time": 140.624,
                        "Actual Rows": 266684,
                        "Actual Loops": 2,
                        "Filter": "(production_year > 2009)",
                        "Rows Removed by Filter": 997472
                      }
                    ]
                  }
                ]
              }
            ]
          }
        ]
      }
    ]
  },
  "Planning Time": 0.437,
  "Triggers": [],
  "Execution Time": 567.707
}