{
  "Plan": {
    "Node Type": "Aggregate",
    "Strategy": "Plain",
    "Partial Mode": "Finalize",
    "Parallel Aware": false,
    "Startup Cost": 98526.51,
    "Total Cost": 98526.52,
    "Plan Rows": 1,
    "Plan Width": 8,
    "Actual Startup Time": 436.088,
    "Actual Total Time": 452.19,
    "Actual Rows": 1,
    "Actual Loops": 1,
    "Plans": [
      {
        "Node Type": "Gather",
        "Parent Relationship": "Outer",
        "Parallel Aware": false,
        "Startup Cost": 98526.4,
        "Total Cost": 98526.51,
        "Plan Rows": 1,
        "Plan Width": 8,
        "Actual Startup Time": 435.76,
        "Actual Total Time": 452.181,
        "Actual Rows": 2,
        "Actual Loops": 1,
        "Workers Planned": 1,
        "Workers Launched": 1,
        "Single Copy": false,
        "Plans": [
          {
            "Node Type": "Aggregate",
            "Strategy": "Plain",
            "Partial Mode": "Partial",
            "Parent Relationship": "Outer",
            "Parallel Aware": false,
            "Startup Cost": 97526.4,
            "Total Cost": 97526.41,
            "Plan Rows": 1,
            "Plan Width": 8,
            "Actual Startup Time": 429.848,
            "Actual Total Time": 429.852,
            "Actual Rows": 1,
            "Actual Loops": 2,
            "Plans": [
              {
                "Node Type": "Hash Join",
                "Parent Relationship": "Outer",
                "Parallel Aware": true,
                "Join Type": "Inner",
                "Startup Cost": 59179.57,
                "Total Cost": 97346.2,
                "Plan Rows": 72081,
                "Plan Width": 0,
                "Actual Startup Time": 173.983,
                "Actual Total Time": 428.219,
                "Actual Rows": 34742,
                "Actual Loops": 2,
                "Inner Unique": true,
                "Hash Cond": "(mc.movie_id = t.id)",
                "Plans": [
                  {
                    "Node Type": "Seq Scan",
                    "Parent Relationship": "Outer",
                    "Parallel Aware": true,
                    "Relation Name": "movie_companies",
                    "Alias": "mc",
                    "Startup Cost": 0.0,
                    "Total Cost": 34137.82,
                    "Plan Rows": 1534782,
                    "Plan Width": 4,
                    "Actual Startup Time": 0.013,
                    "Actual Total Time": 104.335,
                    "Actual Rows": 1304564,
                    "Actual Loops": 2
                  },
                  {
                    "Node Type": "Hash",
                    "Parent Relationship": "Inner",
                    "Parallel Aware": true,
                    "Startup Cost": 58306.47,
                    "Total Cost": 58306.47,
                    "Plan Rows": 69848,
                    "Plan Width": 4,
                    "Actual Startup Time": 171.396,
                    "Actual Total Time": 171.397,
                    "Actual Rows": 62374,
                    "Actual Loops": 2,
                    "Hash Buckets": 131072,
                    "Original Hash Buckets": 131072,
                    "Hash Batches": 1,
                    "Original Hash Batches": 1,
                    "Peak Memory Usage": 5920,
                    "Plans": [
                      {
                        "Node Type": "Seq Scan",
                        "Parent Relationship": "Outer",
                        "Parallel Aware": true,
                        "Relation Name": "title",
                        "Alias": "t",
                        "Startup Cost": 0.0,
                        "Total Cost": 58306.47,
                        "Plan Rows": 69848,
                        "Plan Width": 4,
                        "Actual Startup Time": 0.034,
                        "Actual Total Time": 150.969,
                        "Actual Rows": 62374,
                        "Actual Loops": 2,
                        "Filter": "((kind_id > 1) AND (production_year = 2012))",
                        "Rows Removed by Filter": 1201782
                      }
                    ]
                  }
                ]
              }
            ]
          }
        ]
      }
    ]
  },
  "Planning Time": 0.471,
  "Triggers": [],
  "Execution Time": 452.273
}