[
  {
    "Plan": {
      "Node Type": "Aggregate",
      "Strategy": "Plain",
      "Partial Mode": "Finalize",
      "Parallel Aware": false,
      "Startup Cost": 295258.68,
      "Total Cost": 295258.69,
      "Plan Rows": 1,
      "Plan Width": 8,
      "Actual Startup Time": 1090.59,
      "Actual Total Time": 1132.89,
      "Actual Rows": 1,
      "Actual Loops": 1,
      "Plans": [
        {
          "Node Type": "Gather",
          "Parent Relationship": "Outer",
          "Parallel Aware": false,
          "Startup Cost": 295258.16,
          "Total Cost": 295258.67,
          "Plan Rows": 5,
          "Plan Width": 8,
          "Actual Startup Time": 1079.868,
          "Actual Total Time": 1132.865,
          "Actual Rows": 6,
          "Actual Loops": 1,
          "Workers Planned": 5,
          "Workers Launched": 5,
          "Single Copy": false,
          "Plans": [
            {
              "Node Type": "Aggregate",
              "Strategy": "Plain",
              "Partial Mode": "Partial",
              "Parent Relationship": "Outer",
              "Parallel Aware": false,
              "Startup Cost": 294258.16,
              "Total Cost": 294258.17,
              "Plan Rows": 1,
              "Plan Width": 8,
              "Actual Startup Time": 1068.863,
              "Actual Total Time": 1068.869,
              "Actual Rows": 1,
              "Actual Loops": 6,
              "Plans": [
                {
                  "Node Type": "Hash Join",
                  "Parent Relationship": "Outer",
                  "Parallel Aware": true,
                  "Join Type": "Inner",
                  "Startup Cost": 87008.26,
                  "Total Cost": 293539.88,
                  "Plan Rows": 287310,
                  "Plan Width": 0,
                  "Actual Startup Time": 396.07,
                  "Actual Total Time": 1013.58,
                  "Actual Rows": 1319388,
                  "Actual Loops": 6,
                  "Inner Unique": false,
                  "Hash Cond": "(mi.movie_id = t.id)",
                  "Plans": [
                    {
                      "Node Type": "Seq Scan",
                      "Parent Relationship": "Outer",
                      "Parallel Aware": true,
                      "Relation Name": "movie_info",
                      "Alias": "mi",
                      "Startup Cost": 0.0,
                      "Total Cost": 198952.16,
                      "Plan Rows": 1774040,
                      "Plan Width": 4,
                      "Actual Startup Time": 0.054,
                      "Actual Total Time": 333.305,
                      "Actual Rows": 1494449,
                      "Actual Loops": 6,
                      "Filter": "(info_type_id < 15)",
                      "Rows Removed by Filter": 978171
                    },
                    {
                      "Node Type": "Hash",
                      "Parent Relationship": "Inner",
                      "Parallel Aware": true,
                      "Startup Cost": 85357.2,
                      "Total Cost": 85357.2,
                      "Plan Rows": 132085,
                      "Plan Width": 8,
                      "Actual Startup Time": 392.72,
                      "Actual Total Time": 392.724,
                      "Actual Rows": 66574,
                      "Actual Loops": 6,
                      "Hash Buckets": 524288,
                      "Original Hash Buckets": 524288,
                      "Hash Batches": 1,
                      "Original Hash Batches": 1,
                      "Peak Memory Usage": 19808,
                      "Plans": [
                        {
                          "Node Type": "Hash Join",
                          "Parent Relationship": "Outer",
                          "Parallel Aware": true,
                          "Join Type": "Inner",
                          "Startup Cost": 58905.42,
                          "Total Cost": 85357.2,
                          "Plan Rows": 132085,
                          "Plan Width": 8,
                          "Actual Startup Time": 302.988,
                          "Actual Total Time": 370.135,
                          "Actual Rows": 66574,
                          "Actual Loops": 6,
                          "Inner Unique": true,
                          "Hash Cond": "(mk.movie_id = t.id)",
                          "Plans": [
                            {
                              "Node Type": "Bitmap Heap Scan",
                              "Parent Relationship": "Outer",
                              "Parallel Aware": true,
                              "Relation Name": "movie_keyword",
                              "Alias": "mk",
                              "Startup Cost": 8685.77,
                              "Total Cost": 34790.83,
                              "Plan Rows": 132085,
                              "Plan Width": 4,
                              "Actual Startup Time": 23.509,
                              "Actual Total Time": 64.744,
                              "Actual Rows": 66574,
                              "Actual Loops": 6,
                              "Recheck Cond": "(keyword_id > 43407)",
                              "Rows Removed by Index Recheck": 0,
                              "Exact Heap Blocks": 5385,
                              "Lossy Heap Blocks": 0,
                              "Plans": [
                                {
                                  "Node Type": "Bitmap Index Scan",
                                  "Parent Relationship": "Outer",
                                  "Parallel Aware": false,
                                  "Index Name": "keyword_id_movie_keyword",
                                  "Startup Cost": 0.0,
                                  "Total Cost": 8583.41,
                                  "Plan Rows": 409463,
                                  "Plan Width": 0,
                                  "Actual Startup Time": 20.145,
                                  "Actual Total Time": 20.145,
                                  "Actual Rows": 399447,
                                  "Actual Loops": 1,
                                  "Index Cond": "(keyword_id > 43407)"
                                }
                              ]
                            },
                            {
                              "Node Type": "Hash",
                              "Parent Relationship": "Inner",
                              "Parallel Aware": true,
                              "Startup Cost": 42318.73,
                              "Total Cost": 42318.73,
                              "Plan Rows": 632073,
                              "Plan Width": 4,
                              "Actual Startup Time": 273.638,
                              "Actual Total Time": 273.639,
                              "Actual Rows": 421385,
                              "Actual Loops": 6,
                              "Hash Buckets": 4194304,
                              "Original Hash Buckets": 4194304,
                              "Hash Batches": 1,
                              "Original Hash Batches": 1,
                              "Peak Memory Usage": 131744,
                              "Plans": [
                                {
                                  "Node Type": "Seq Scan",
                                  "Parent Relationship": "Outer",
                                  "Parallel Aware": true,
                                  "Relation Name": "title",
                                  "Alias": "t",
                                  "Startup Cost": 0.0,
                                  "Total Cost": 42318.73,
                                  "Plan Rows": 632073,
                                  "Plan Width": 4,
                                  "Actual Startup Time": 0.048,
                                  "Actual Total Time": 76.875,
                                  "Actual Rows": 421385,
                                  "Actual Loops": 6
                                }
                              ]
                            }
                          ]
                        }
                      ]
                    }
                  ]
                }
              ]
            }
          ]
        }
      ]
    },
    "Planning Time": 1.388,
    "Triggers": [],
    "Execution Time": 1133.003
  }
]