{
  "Plan": {
    "Node Type": "Aggregate",
    "Strategy": "Plain",
    "Partial Mode": "Finalize",
    "Parallel Aware": false,
    "Startup Cost": 614030.99,
    "Total Cost": 614031.0,
    "Plan Rows": 1,
    "Plan Width": 8,
    "Actual Startup Time": 3543.8,
    "Actual Total Time": 3612.653,
    "Actual Rows": 1,
    "Actual Loops": 1,
    "Plans": [
      {
        "Node Type": "Gather",
        "Parent Relationship": "Outer",
        "Parallel Aware": false,
        "Startup Cost": 614030.88,
        "Total Cost": 614030.99,
        "Plan Rows": 1,
        "Plan Width": 8,
        "Actual Startup Time": 3541.417,
        "Actual Total Time": 3612.642,
        "Actual Rows": 2,
        "Actual Loops": 1,
        "Workers Planned": 1,
        "Workers Launched": 1,
        "Single Copy": false,
        "Plans": [
          {
            "Node Type": "Aggregate",
            "Strategy": "Plain",
            "Partial Mode": "Partial",
            "Parent Relationship": "Outer",
            "Parallel Aware": false,
            "Startup Cost": 613030.88,
            "Total Cost": 613030.89,
            "Plan Rows": 1,
            "Plan Width": 8,
            "Actual Startup Time": 3537.006,
            "Actual Total Time": 3537.01,
            "Actual Rows": 1,
            "Actual Loops": 2,
            "Plans": [
              {
                "Node Type": "Hash Join",
                "Parent Relationship": "Outer",
                "Parallel Aware": true,
                "Join Type": "Inner",
                "Startup Cost": 65090.52,
                "Total Cost": 605584.79,
                "Plan Rows": 2978435,
                "Plan Width": 0,
                "Actual Startup Time": 277.317,
                "Actual Total Time": 3439.168,
                "Actual Rows": 2335418,
                "Actual Loops": 2,
                "Inner Unique": true,
                "Hash Cond": "(ci.movie_id = t.id)",
                "Plans": [
                  {
                    "Node Type": "Seq Scan",
                    "Parent Relationship": "Outer",
                    "Parallel Aware": true,
                    "Relation Name": "cast_info",
                    "Alias": "ci",
                    "Startup Cost": 0.0,
                    "Total Cost": 519069.44,
                    "Plan Rows": 8161829,
                    "Plan Width": 4,
                    "Actual Startup Time": 0.014,
                    "Actual Total Time": 1334.523,
                    "Actual Rows": 6947434,
                    "Actual Loops": 2,
                    "Filter": "(person_id < 1368974)",
                    "Rows Removed by Filter": 11174738
                  },
                  {
                    "Node Type": "Hash",
                    "Parent Relationship": "Inner",
                    "Parallel Aware": true,
                    "Startup Cost": 58306.47,
                    "Total Cost": 58306.47,
                    "Plan Rows": 542724,
                    "Plan Width": 4,
                    "Actual Startup Time": 268.471,
                    "Actual Total Time": 268.472,
                    "Actual Rows": 426089,
                    "Actual Loops": 2,
                    "Hash Buckets": 1048576,
                    "Original Hash Buckets": 1048576,
                    "Hash Batches": 1,
                    "Original Hash Batches": 1,
                    "Peak Memory Usage": 41568,
                    "Plans": [
                      {
                        "Node Type": "Seq Scan",
                        "Parent Relationship": "Outer",
                        "Parallel Aware": true,
                        "Relation Name": "title",
                        "Alias": "t",
                        "Startup Cost": 0.0,
                        "Total Cost": 58306.47,
                        "Plan Rows": 542724,
                        "Plan Width": 4,
                        "Actual Startup Time": 0.024,
                        "Actual Total Time": 158.998,
                        "Actual Rows": 426089,
                        "Actual Loops": 2,
                        "Filter": "((kind_id > 1) AND (production_year < 2004))",
                        "Rows Removed by Filter": 838067
                      }
                    ]
                  }
                ]
              }
            ]
          }
        ]
      }
    ]
  },
  "Planning Time": 0.715,
  "Triggers": [],
  "Execution Time": 3612.753
}