{
    "Plan": {
        "Node Type": "Aggregate",
        "Strategy": "Plain",
        "Partial Mode": "Finalize",
        "Parallel Aware": false,
        "Startup Cost": 426905.58,
        "Total Cost": 426905.59,
        "Plan Rows": 1,
        "Plan Width": 8,
        "Actual Startup Time": 2178.603,
        "Actual Total Time": 2237.968,
        "Actual Rows": 1,
        "Actual Loops": 1,
        "Output": [
            "count(*)"
        ],
        "Plans": [
            {
                "Node Type": "Gather",
                "Parent Relationship": "Outer",
                "Parallel Aware": false,
                "Startup Cost": 426904.96,
                "Total Cost": 426905.57,
                "Plan Rows": 6,
                "Plan Width": 8,
                "Actual Startup Time": 2172.252,
                "Actual Total Time": 2237.955,
                "Actual Rows": 7,
                "Actual Loops": 1,
                "Output": [
                    "(PARTIAL count(*))"
                ],
                "Workers Planned": 6,
                "Workers Launched": 6,
                "Single Copy": false,
                "Plans": [
                    {
                        "Node Type": "Aggregate",
                        "Strategy": "Plain",
                        "Partial Mode": "Partial",
                        "Parent Relationship": "Outer",
                        "Parallel Aware": false,
                        "Startup Cost": 425904.96,
                        "Total Cost": 425904.97,
                        "Plan Rows": 1,
                        "Plan Width": 8,
                        "Actual Startup Time": 2156.203,
                        "Actual Total Time": 2156.274,
                        "Actual Rows": 1,
                        "Actual Loops": 7,
                        "Output": [
                            "PARTIAL count(*)"
                        ],
                        "Workers": [
                            {
                                "Worker Number": 0,
                                "Actual Startup Time": 2153.169,
                                "Actual Total Time": 2153.173,
                                "Actual Rows": 1,
                                "Actual Loops": 1
                            },
                            {
                                "Worker Number": 1,
                                "Actual Startup Time": 2153.207,
                                "Actual Total Time": 2153.211,
                                "Actual Rows": 1,
                                "Actual Loops": 1
                            },
                            {
                                "Worker Number": 2,
                                "Actual Startup Time": 2155.78,
                                "Actual Total Time": 2155.787,
                                "Actual Rows": 1,
                                "Actual Loops": 1
                            },
                            {
                                "Worker Number": 3,
                                "Actual Startup Time": 2153.354,
                                "Actual Total Time": 2153.359,
                                "Actual Rows": 1,
                                "Actual Loops": 1
                            },
                            {
                                "Worker Number": 4,
                                "Actual Startup Time": 2153.31,
                                "Actual Total Time": 2153.314,
                                "Actual Rows": 1,
                                "Actual Loops": 1
                            },
                            {
                                "Worker Number": 5,
                                "Actual Startup Time": 2153.393,
                                "Actual Total Time": 2153.398,
                                "Actual Rows": 1,
                                "Actual Loops": 1
                            }
                        ],
                        "Plans": [
                            {
                                "Node Type": "Hash Join",
                                "Parent Relationship": "Outer",
                                "Parallel Aware": true,
                                "Join Type": "Inner",
                                "Startup Cost": 82191.0,
                                "Total Cost": 421931.11,
                                "Plan Rows": 1589537,
                                "Plan Width": 0,
                                "Actual Startup Time": 322.14,
                                "Actual Total Time": 2073.88,
                                "Actual Rows": 1518710,
                                "Actual Loops": 7,
                                "Inner Unique": false,
                                "Hash Cond": "(ci.movie_id = t.id)",
                                "Workers": [
                                    {
                                        "Worker Number": 0,
                                        "Actual Startup Time": 319.458,
                                        "Actual Total Time": 2068.612,
                                        "Actual Rows": 1398520,
                                        "Actual Loops": 1
                                    },
                                    {
                                        "Worker Number": 1,
                                        "Actual Startup Time": 319.53,
                                        "Actual Total Time": 2068.71,
                                        "Actual Rows": 1299040,
                                        "Actual Loops": 1
                                    },
                                    {
                                        "Worker Number": 2,
                                        "Actual Startup Time": 319.642,
                                        "Actual Total Time": 2075.93,
                                        "Actual Rows": 1152202,
                                        "Actual Loops": 1
                                    },
                                    {
                                        "Worker Number": 3,
                                        "Actual Startup Time": 319.591,
                                        "Actual Total Time": 2067.811,
                                        "Actual Rows": 1279458,
                                        "Actual Loops": 1
                                    },
                                    {
                                        "Worker Number": 4,
                                        "Actual Startup Time": 319.609,
                                        "Actual Total Time": 2074.855,
                                        "Actual Rows": 1758121,
                                        "Actual Loops": 1
                                    },
                                    {
                                        "Worker Number": 5,
                                        "Actual Startup Time": 319.649,
                                        "Actual Total Time": 2074.984,
                                        "Actual Rows": 1748490,
                                        "Actual Loops": 1
                                    }
                                ],
                                "Plans": [
                                    {
                                        "Node Type": "Seq Scan",
                                        "Parent Relationship": "Outer",
                                        "Parallel Aware": true,
                                        "Relation Name": "cast_info",
                                        "Schema": "public",
                                        "Alias": "ci",
                                        "Startup Cost": 0.0,
                                        "Total Cost": 313108.29,
                                        "Plan Rows": 6042129,
                                        "Plan Width": 4,
                                        "Actual Startup Time": 0.028,
                                        "Actual Total Time": 600.263,
                                        "Actual Rows": 5177763,
                                        "Actual Loops": 7,
                                        "Output": [
                                            "ci.id",
                                            "ci.person_id",
                                            "ci.movie_id",
                                            "ci.person_role_id",
                                            "ci.note",
                                            "ci.nr_order",
                                            "ci.role_id"
                                        ],
                                        "Workers": [
                                            {
                                                "Worker Number": 0,
                                                "Actual Startup Time": 0.042,
                                                "Actual Total Time": 623.296,
                                                "Actual Rows": 4678319,
                                                "Actual Loops": 1
                                            },
                                            {
                                                "Worker Number": 1,
                                                "Actual Startup Time": 0.033,
                                                "Actual Total Time": 619.002,
                                                "Actual Rows": 4410599,
                                                "Actual Loops": 1
                                            },
                                            {
                                                "Worker Number": 2,
                                                "Actual Startup Time": 0.027,
                                                "Actual Total Time": 591.198,
                                                "Actual Rows": 3921671,
                                                "Actual Loops": 1
                                            },
                                            {
                                                "Worker Number": 3,
                                                "Actual Startup Time": 0.031,
                                                "Actual Total Time": 620.394,
                                                "Actual Rows": 4357477,
                                                "Actual Loops": 1
                                            },
                                            {
                                                "Worker Number": 4,
                                                "Actual Startup Time": 0.03,
                                                "Actual Total Time": 611.326,
                                                "Actual Rows": 6007166,
                                                "Actual Loops": 1
                                            },
                                            {
                                                "Worker Number": 5,
                                                "Actual Startup Time": 0.026,
                                                "Actual Total Time": 611.632,
                                                "Actual Rows": 6000516,
                                                "Actual Loops": 1
                                            }
                                        ]
                                    },
                                    {
                                        "Node Type": "Hash",
                                        "Parent Relationship": "Inner",
                                        "Parallel Aware": true,
                                        "Startup Cost": 80112.44,
                                        "Total Cost": 80112.44,
                                        "Plan Rows": 166285,
                                        "Plan Width": 8,
                                        "Actual Startup Time": 318.213,
                                        "Actual Total Time": 318.282,
                                        "Actual Rows": 60788,
                                        "Actual Loops": 7,
                                        "Output": [
                                            "t.id",
                                            "mc.movie_id"
                                        ],
                                        "Hash Buckets": 1048576,
                                        "Original Hash Buckets": 1048576,
                                        "Hash Batches": 1,
                                        "Original Hash Batches": 1,
                                        "Peak Memory Usage": 24992,
                                        "Workers": [
                                            {
                                                "Worker Number": 0,
                                                "Actual Startup Time": 318.75,
                                                "Actual Total Time": 318.753,
                                                "Actual Rows": 51594,
                                                "Actual Loops": 1
                                            },
                                            {
                                                "Worker Number": 1,
                                                "Actual Startup Time": 318.789,
                                                "Actual Total Time": 318.792,
                                                "Actual Rows": 51684,
                                                "Actual Loops": 1
                                            },
                                            {
                                                "Worker Number": 2,
                                                "Actual Startup Time": 318.926,
                                                "Actual Total Time": 318.93,
                                                "Actual Rows": 52554,
                                                "Actual Loops": 1
                                            },
                                            {
                                                "Worker Number": 3,
                                                "Actual Startup Time": 318.918,
                                                "Actual Total Time": 318.921,
                                                "Actual Rows": 52450,
                                                "Actual Loops": 1
                                            },
                                            {
                                                "Worker Number": 4,
                                                "Actual Startup Time": 318.967,
                                                "Actual Total Time": 318.97,
                                                "Actual Rows": 67551,
                                                "Actual Loops": 1
                                            },
                                            {
                                                "Worker Number": 5,
                                                "Actual Startup Time": 318.956,
                                                "Actual Total Time": 318.959,
                                                "Actual Rows": 69094,
                                                "Actual Loops": 1
                                            }
                                        ],
                                        "Plans": [
                                            {
                                                "Node Type": "Hash Join",
                                                "Parent Relationship": "Outer",
                                                "Parallel Aware": true,
                                                "Join Type": "Inner",
                                                "Startup Cost": 34096.83,
                                                "Total Cost": 80112.44,
                                                "Plan Rows": 166285,
                                                "Plan Width": 8,
                                                "Actual Startup Time": 117.215,
                                                "Actual Total Time": 267.082,
                                                "Actual Rows": 60788,
                                                "Actual Loops": 7,
                                                "Output": [
                                                    "t.id",
                                                    "mc.movie_id"
                                                ],
                                                "Inner Unique": false,
                                                "Hash Cond": "(t.id = mc.movie_id)",
                                                "Workers": [
                                                    {
                                                        "Worker Number": 0,
                                                        "Actual Startup Time": 117.154,
                                                        "Actual Total Time": 267.609,
                                                        "Actual Rows": 51594,
                                                        "Actual Loops": 1
                                                    },
                                                    {
                                                        "Worker Number": 1,
                                                        "Actual Startup Time": 117.217,
                                                        "Actual Total Time": 267.434,
                                                        "Actual Rows": 51684,
                                                        "Actual Loops": 1
                                                    },
                                                    {
                                                        "Worker Number": 2,
                                                        "Actual Startup Time": 117.221,
                                                        "Actual Total Time": 267.712,
                                                        "Actual Rows": 52554,
                                                        "Actual Loops": 1
                                                    },
                                                    {
                                                        "Worker Number": 3,
                                                        "Actual Startup Time": 117.251,
                                                        "Actual Total Time": 268.53,
                                                        "Actual Rows": 52450,
                                                        "Actual Loops": 1
                                                    },
                                                    {
                                                        "Worker Number": 4,
                                                        "Actual Startup Time": 117.18,
                                                        "Actual Total Time": 264.96,
                                                        "Actual Rows": 67551,
                                                        "Actual Loops": 1
                                                    },
                                                    {
                                                        "Worker Number": 5,
                                                        "Actual Startup Time": 117.183,
                                                        "Actual Total Time": 268.076,
                                                        "Actual Rows": 69094,
                                                        "Actual Loops": 1
                                                    }
                                                ],
                                                "Plans": [
                                                    {
                                                        "Node Type": "Seq Scan",
                                                        "Parent Relationship": "Outer",
                                                        "Parallel Aware": true,
                                                        "Relation Name": "title",
                                                        "Schema": "public",
                                                        "Alias": "t",
                                                        "Startup Cost": 0.0,
                                                        "Total Cost": 42318.81,
                                                        "Plan Rows": 632080,
                                                        "Plan Width": 4,
                                                        "Actual Startup Time": 0.035,
                                                        "Actual Total Time": 57.989,
                                                        "Actual Rows": 361187,
                                                        "Actual Loops": 7,
                                                        "Output": [
                                                            "t.id",
                                                            "t.title",
                                                            "t.imdb_index",
                                                            "t.kind_id",
                                                            "t.production_year",
                                                            "t.imdb_id",
                                                            "t.phonetic_code",
                                                            "t.episode_of_id",
                                                            "t.season_nr",
                                                            "t.episode_nr",
                                                            "t.series_years",
                                                            "t.md5sum"
                                                        ],
                                                        "Workers": [
                                                            {
                                                                "Worker Number": 0,
                                                                "Actual Startup Time": 0.059,
                                                                "Actual Total Time": 61.223,
                                                                "Actual Rows": 306309,
                                                                "Actual Loops": 1
                                                            },
                                                            {
                                                                "Worker Number": 1,
                                                                "Actual Startup Time": 0.033,
                                                                "Actual Total Time": 60.536,
                                                                "Actual Rows": 306627,
                                                                "Actual Loops": 1
                                                            },
                                                            {
                                                                "Worker Number": 2,
                                                                "Actual Startup Time": 0.035,
                                                                "Actual Total Time": 60.949,
                                                                "Actual Rows": 310315,
                                                                "Actual Loops": 1
                                                            },
                                                            {
                                                                "Worker Number": 3,
                                                                "Actual Startup Time": 0.042,
                                                                "Actual Total Time": 61.216,
                                                                "Actual Rows": 310678,
                                                                "Actual Loops": 1
                                                            },
                                                            {
                                                                "Worker Number": 4,
                                                                "Actual Startup Time": 0.028,
                                                                "Actual Total Time": 58.027,
                                                                "Actual Rows": 400875,
                                                                "Actual Loops": 1
                                                            },
                                                            {
                                                                "Worker Number": 5,
                                                                "Actual Startup Time": 0.038,
                                                                "Actual Total Time": 58.904,
                                                                "Actual Rows": 410961,
                                                                "Actual Loops": 1
                                                            }
                                                        ]
                                                    },
                                                    {
                                                        "Node Type": "Hash",
                                                        "Parent Relationship": "Inner",
                                                        "Parallel Aware": true,
                                                        "Startup Cost": 31414.82,
                                                        "Total Cost": 31414.82,
                                                        "Plan Rows": 214561,
                                                        "Plan Width": 4,
                                                        "Actual Startup Time": 114.63,
                                                        "Actual Total Time": 114.631,
                                                        "Actual Rows": 60788,
                                                        "Actual Loops": 7,
                                                        "Output": [
                                                            "mc.movie_id"
                                                        ],
                                                        "Hash Buckets": 1048576,
                                                        "Original Hash Buckets": 1048576,
                                                        "Hash Batches": 1,
                                                        "Original Hash Batches": 1,
                                                        "Peak Memory Usage": 25024,
                                                        "Workers": [
                                                            {
                                                                "Worker Number": 0,
                                                                "Actual Startup Time": 116.972,
                                                                "Actual Total Time": 116.973,
                                                                "Actual Rows": 48680,
                                                                "Actual Loops": 1
                                                            },
                                                            {
                                                                "Worker Number": 1,
                                                                "Actual Startup Time": 117.113,
                                                                "Actual Total Time": 117.114,
                                                                "Actual Rows": 49203,
                                                                "Actual Loops": 1
                                                            },
                                                            {
                                                                "Worker Number": 2,
                                                                "Actual Startup Time": 117.101,
                                                                "Actual Total Time": 117.102,
                                                                "Actual Rows": 49921,
                                                                "Actual Loops": 1
                                                            },
                                                            {
                                                                "Worker Number": 3,
                                                                "Actual Startup Time": 117.098,
                                                                "Actual Total Time": 117.099,
                                                                "Actual Rows": 49907,
                                                                "Actual Loops": 1
                                                            },
                                                            {
                                                                "Worker Number": 4,
                                                                "Actual Startup Time": 116.941,
                                                                "Actual Total Time": 116.942,
                                                                "Actual Rows": 70354,
                                                                "Actual Loops": 1
                                                            },
                                                            {
                                                                "Worker Number": 5,
                                                                "Actual Startup Time": 117.064,
                                                                "Actual Total Time": 117.065,
                                                                "Actual Rows": 67919,
                                                                "Actual Loops": 1
                                                            }
                                                        ],
                                                        "Plans": [
                                                            {
                                                                "Node Type": "Seq Scan",
                                                                "Parent Relationship": "Outer",
                                                                "Parallel Aware": true,
                                                                "Relation Name": "movie_companies",
                                                                "Schema": "public",
                                                                "Alias": "mc",
                                                                "Startup Cost": 0.0,
                                                                "Total Cost": 31414.82,
                                                                "Plan Rows": 214561,
                                                                "Plan Width": 4,
                                                                "Actual Startup Time": 40.552,
                                                                "Actual Total Time": 66.664,
                                                                "Actual Rows": 60788,
                                                                "Actual Loops": 7,
                                                                "Output": [
                                                                    "mc.movie_id"
                                                                ],
                                                                "Filter": "((mc.company_id < 11286) AND (mc.company_type_id = 2))",
                                                                "Rows Removed by Filter": 311944,
                                                                "Workers": [
                                                                    {
                                                                        "Worker Number": 0,
                                                                        "Actual Startup Time": 40.502,
                                                                        "Actual Total Time": 67.14,
                                                                        "Actual Rows": 48680,
                                                                        "Actual Loops": 1
                                                                    },
                                                                    {
                                                                        "Worker Number": 1,
                                                                        "Actual Startup Time": 40.551,
                                                                        "Actual Total Time": 67.057,
                                                                        "Actual Rows": 49203,
                                                                        "Actual Loops": 1
                                                                    },
                                                                    {
                                                                        "Worker Number": 2,
                                                                        "Actual Startup Time": 40.557,
                                                                        "Actual Total Time": 66.95,
                                                                        "Actual Rows": 49921,
                                                                        "Actual Loops": 1
                                                                    },
                                                                    {
                                                                        "Worker Number": 3,
                                                                        "Actual Startup Time": 40.552,
                                                                        "Actual Total Time": 67.04,
                                                                        "Actual Rows": 49907,
                                                                        "Actual Loops": 1
                                                                    },
                                                                    {
                                                                        "Worker Number": 4,
                                                                        "Actual Startup Time": 40.553,
                                                                        "Actual Total Time": 66.582,
                                                                        "Actual Rows": 70354,
                                                                        "Actual Loops": 1
                                                                    },
                                                                    {
                                                                        "Worker Number": 5,
                                                                        "Actual Startup Time": 40.544,
                                                                        "Actual Total Time": 66.646,
                                                                        "Actual Rows": 67919,
                                                                        "Actual Loops": 1
                                                                    }
                                                                ]
                                                            }
                                                        ]
                                                    }
                                                ]
                                            }
                                        ]
                                    }
                                ]
                            }
                        ]
                    }
                ]
            }
        ]
    },
    "Planning Time": 1.553,
    "Triggers": [],
    "Execution Time": 2238.072
}