[
  {
    "Plan": {
      "Node Type": "Aggregate",
      "Strategy": "Plain",
      "Partial Mode": "Finalize",
      "Parallel Aware": false,
      "Startup Cost": 31865.79,
      "Total Cost": 31865.8,
      "Plan Rows": 1,
      "Plan Width": 8,
      "Actual Startup Time": 72.142,
      "Actual Total Time": 76.256,
      "Actual Rows": 1,
      "Actual Loops": 1,
      "Plans": [
        {
          "Node Type": "Gather",
          "Parent Relationship": "Outer",
          "Parallel Aware": false,
          "Startup Cost": 31865.47,
          "Total Cost": 31865.78,
          "Plan Rows": 3,
          "Plan Width": 8,
          "Actual Startup Time": 71.959,
          "Actual Total Time": 76.249,
          "Actual Rows": 4,
          "Actual Loops": 1,
          "Workers Planned": 3,
          "Workers Launched": 3,
          "Single Copy": false,
          "Plans": [
            {
              "Node Type": "Aggregate",
              "Strategy": "Plain",
              "Partial Mode": "Partial",
              "Parent Relationship": "Outer",
              "Parallel Aware": false,
              "Startup Cost": 30865.47,
              "Total Cost": 30865.48,
              "Plan Rows": 1,
              "Plan Width": 8,
              "Actual Startup Time": 64.686,
              "Actual Total Time": 64.687,
              "Actual Rows": 1,
              "Actual Loops": 4,
              "Plans": [
                {
                  "Node Type": "Bitmap Heap Scan",
                  "Parent Relationship": "Outer",
                  "Parallel Aware": true,
                  "Relation Name": "movie_companies",
                  "Alias": "mc",
                  "Startup Cost": 9709.46,
                  "Total Cost": 30679.76,
                  "Plan Rows": 74285,
                  "Plan Width": 0,
                  "Actual Startup Time": 49.043,
                  "Actual Total Time": 63.385,
                  "Actual Rows": 26829,
                  "Actual Loops": 4,
                  "Recheck Cond": "(company_id < 336)",
                  "Rows Removed by Index Recheck": 0,
                  "Filter": "(company_type_id > 1)",
                  "Rows Removed by Filter": 84116,
                  "Exact Heap Blocks": 8866,
                  "Lossy Heap Blocks": 0,
                  "Plans": [
                    {
                      "Node Type": "Bitmap Index Scan",
                      "Parent Relationship": "Outer",
                      "Parallel Aware": false,
                      "Index Name": "company_id_movie_companies",
                      "Startup Cost": 0.0,
                      "Total Cost": 9651.89,
                      "Plan Rows": 450595,
                      "Plan Width": 0,
                      "Actual Startup Time": 16.471,
                      "Actual Total Time": 16.471,
                      "Actual Rows": 443783,
                      "Actual Loops": 1,
                      "Index Cond": "(company_id < 336)"
                    }
                  ]
                }
              ]
            }
          ]
        }
      ]
    },
    "Planning Time": 0.217,
    "Triggers": [],
    "Execution Time": 76.341
  }
]