[
  {
    "Plan": {
      "Node Type": "Aggregate",
      "Strategy": "Plain",
      "Partial Mode": "Finalize",
      "Parallel Aware": false,
      "Startup Cost": 44692.84,
      "Total Cost": 44692.85,
      "Plan Rows": 1,
      "Plan Width": 8,
      "Actual Startup Time": 128.375,
      "Actual Total Time": 138.297,
      "Actual Rows": 1,
      "Actual Loops": 1,
      "Plans": [
        {
          "Node Type": "Gather",
          "Parent Relationship": "Outer",
          "Parallel Aware": false,
          "Startup Cost": 44692.52,
          "Total Cost": 44692.83,
          "Plan Rows": 3,
          "Plan Width": 8,
          "Actual Startup Time": 128.121,
          "Actual Total Time": 138.288,
          "Actual Rows": 4,
          "Actual Loops": 1,
          "Workers Planned": 3,
          "Workers Launched": 3,
          "Single Copy": false,
          "Plans": [
            {
              "Node Type": "Aggregate",
              "Strategy": "Plain",
              "Partial Mode": "Partial",
              "Parent Relationship": "Outer",
              "Parallel Aware": false,
              "Startup Cost": 43692.52,
              "Total Cost": 43692.53,
              "Plan Rows": 1,
              "Plan Width": 8,
              "Actual Startup Time": 122.027,
              "Actual Total Time": 122.028,
              "Actual Rows": 1,
              "Actual Loops": 4,
              "Plans": [
                {
                  "Node Type": "Seq Scan",
                  "Parent Relationship": "Outer",
                  "Parallel Aware": true,
                  "Relation Name": "movie_keyword",
                  "Alias": "mk",
                  "Startup Cost": 0.0,
                  "Total Cost": 42695.65,
                  "Plan Rows": 398747,
                  "Plan Width": 0,
                  "Actual Startup Time": 2.055,
                  "Actual Total Time": 106.656,
                  "Actual Rows": 310966,
                  "Actual Loops": 4,
                  "Filter": "(keyword_id > 14532)",
                  "Rows Removed by Filter": 820017
                }
              ]
            }
          ]
        }
      ]
    },
    "Planning Time": 0.183,
    "Triggers": [],
    "Execution Time": 138.351
  }
]