[
  {
    "Plan": {
      "Node Type": "Aggregate",
      "Strategy": "Plain",
      "Partial Mode": "Finalize",
      "Parallel Aware": false,
      "Startup Cost": 135208.28,
      "Total Cost": 135208.29,
      "Plan Rows": 1,
      "Plan Width": 8,
      "Actual Startup Time": 998.644,
      "Actual Total Time": 1025.669,
      "Actual Rows": 1,
      "Actual Loops": 1,
      "Plans": [
        {
          "Node Type": "Gather",
          "Parent Relationship": "Outer",
          "Parallel Aware": false,
          "Startup Cost": 135207.96,
          "Total Cost": 135208.27,
          "Plan Rows": 3,
          "Plan Width": 8,
          "Actual Startup Time": 980.233,
          "Actual Total Time": 1025.659,
          "Actual Rows": 4,
          "Actual Loops": 1,
          "Workers Planned": 3,
          "Workers Launched": 3,
          "Single Copy": false,
          "Plans": [
            {
              "Node Type": "Aggregate",
              "Strategy": "Plain",
              "Partial Mode": "Partial",
              "Parent Relationship": "Outer",
              "Parallel Aware": false,
              "Startup Cost": 134207.96,
              "Total Cost": 134207.97,
              "Plan Rows": 1,
              "Plan Width": 8,
              "Actual Startup Time": 968.037,
              "Actual Total Time": 968.517,
              "Actual Rows": 1,
              "Actual Loops": 4,
              "Plans": [
                {
                  "Node Type": "Hash Join",
                  "Parent Relationship": "Outer",
                  "Parallel Aware": true,
                  "Join Type": "Inner",
                  "Startup Cost": 85993.94,
                  "Total Cost": 133212.04,
                  "Plan Rows": 398370,
                  "Plan Width": 0,
                  "Actual Startup Time": 643.43,
                  "Actual Total Time": 916.401,
                  "Actual Rows": 1206222,
                  "Actual Loops": 4,
                  "Inner Unique": false,
                  "Hash Cond": "(mk.movie_id = t.id)",
                  "Plans": [
                    {
                      "Node Type": "Seq Scan",
                      "Parent Relationship": "Outer",
                      "Parallel Aware": true,
                      "Relation Name": "movie_keyword",
                      "Alias": "mk",
                      "Startup Cost": 0.0,
                      "Total Cost": 42695.65,
                      "Plan Rows": 863300,
                      "Plan Width": 4,
                      "Actual Startup Time": 0.227,
                      "Actual Total Time": 112.198,
                      "Actual Rows": 666600,
                      "Actual Loops": 4,
                      "Filter": "(keyword_id > 3092)",
                      "Rows Removed by Filter": 464382
                    },
                    {
                      "Node Type": "Hash",
                      "Parent Relationship": "Inner",
                      "Parallel Aware": true,
                      "Startup Cost": 81289.58,
                      "Total Cost": 81289.58,
                      "Plan Rows": 376349,
                      "Plan Width": 8,
                      "Actual Startup Time": 635.346,
                      "Actual Total Time": 635.824,
                      "Actual Rows": 302446,
                      "Actual Loops": 4,
                      "Hash Buckets": 2097152,
                      "Original Hash Buckets": 2097152,
                      "Hash Batches": 1,
                      "Original Hash Batches": 1,
                      "Peak Memory Usage": 63776,
                      "Plans": [
                        {
                          "Node Type": "Hash Join",
                          "Parent Relationship": "Outer",
                          "Parallel Aware": true,
                          "Join Type": "Inner",
                          "Startup Cost": 50857.14,
                          "Total Cost": 81289.58,
                          "Plan Rows": 376349,
                          "Plan Width": 8,
                          "Actual Startup Time": 363.941,
                          "Actual Total Time": 528.175,
                          "Actual Rows": 302446,
                          "Actual Loops": 4,
                          "Inner Unique": true,
                          "Hash Cond": "(mc.movie_id = t.id)",
                          "Plans": [
                            {
                              "Node Type": "Seq Scan",
                              "Parent Relationship": "Outer",
                              "Parallel Aware": true,
                              "Relation Name": "movie_companies",
                              "Alias": "mc",
                              "Startup Cost": 0.0,
                              "Total Cost": 29310.68,
                              "Plan Rows": 427336,
                              "Plan Width": 4,
                              "Actual Startup Time": 29.462,
                              "Actual Total Time": 72.555,
                              "Actual Rows": 333721,
                              "Actual Loops": 4,
                              "Filter": "(company_type_id > 1)",
                              "Rows Removed by Filter": 318562
                            },
                            {
                              "Node Type": "Hash",
                              "Parent Relationship": "Inner",
                              "Parallel Aware": true,
                              "Startup Cost": 43898.92,
                              "Total Cost": 43898.92,
                              "Plan Rows": 556658,
                              "Plan Width": 4,
                              "Actual Startup Time": 328.167,
                              "Actual Total Time": 328.168,
                              "Actual Rows": 556142,
                              "Actual Loops": 4,
                              "Hash Buckets": 4194304,
                              "Original Hash Buckets": 4194304,
                              "Hash Batches": 1,
                              "Original Hash Batches": 1,
                              "Peak Memory Usage": 119872,
                              "Plans": [
                                {
                                  "Node Type": "Seq Scan",
                                  "Parent Relationship": "Outer",
                                  "Parallel Aware": true,
                                  "Relation Name": "title",
                                  "Alias": "t",
                                  "Startup Cost": 0.0,
                                  "Total Cost": 43898.92,
                                  "Plan Rows": 556658,
                                  "Plan Width": 4,
                                  "Actual Startup Time": 0.04,
                                  "Actual Total Time": 115.74,
                                  "Actual Rows": 556142,
                                  "Actual Loops": 4,
                                  "Filter": "(production_year < 2012)",
                                  "Rows Removed by Filter": 75936
                                }
                              ]
                            }
                          ]
                        }
                      ]
                    }
                  ]
                }
              ]
            }
          ]
        }
      ]
    },
    "Planning Time": 1.455,
    "Triggers": [],
    "Execution Time": 1025.752
  }
]