[
  {
    "Plan": {
      "Node Type": "Aggregate",
      "Strategy": "Plain",
      "Partial Mode": "Simple",
      "Parallel Aware": false,
      "Startup Cost": 246902.91,
      "Total Cost": 246902.92,
      "Plan Rows": 1,
      "Plan Width": 8,
      "Actual Startup Time": 39.4,
      "Actual Total Time": 39.401,
      "Actual Rows": 1,
      "Actual Loops": 1,
      "Plans": [
        {
          "Node Type": "Bitmap Heap Scan",
          "Parent Relationship": "Outer",
          "Parallel Aware": false,
          "Relation Name": "cast_info",
          "Alias": "ci",
          "Startup Cost": 3846.83,
          "Total Cost": 246579.88,
          "Plan Rows": 129215,
          "Plan Width": 0,
          "Actual Startup Time": 7.68,
          "Actual Total Time": 32.89,
          "Actual Rows": 150532,
          "Actual Loops": 1,
          "Recheck Cond": "(person_id < 21321)",
          "Rows Removed by Index Recheck": 0,
          "Filter": "(role_id < 5)",
          "Rows Removed by Filter": 20773,
          "Exact Heap Blocks": 1881,
          "Lossy Heap Blocks": 0,
          "Plans": [
            {
              "Node Type": "Bitmap Index Scan",
              "Parent Relationship": "Outer",
              "Parallel Aware": false,
              "Index Name": "person_id_cast_info",
              "Startup Cost": 0.0,
              "Total Cost": 3814.53,
              "Plan Rows": 174662,
              "Plan Width": 0,
              "Actual Startup Time": 7.424,
              "Actual Total Time": 7.424,
              "Actual Rows": 171305,
              "Actual Loops": 1,
              "Index Cond": "(person_id < 21321)"
            }
          ]
        }
      ]
    },
    "Planning Time": 0.13,
    "Triggers": [],
    "Execution Time": 39.428
  }
]