[
  {
    "Plan": {
      "Node Type": "Aggregate",
      "Strategy": "Plain",
      "Partial Mode": "Finalize",
      "Parallel Aware": false,
      "Startup Cost": 95016.5,
      "Total Cost": 95016.51,
      "Plan Rows": 1,
      "Plan Width": 8,
      "Actual Startup Time": 163.874,
      "Actual Total Time": 193.409,
      "Actual Rows": 1,
      "Actual Loops": 1,
      "Plans": [
        {
          "Node Type": "Gather",
          "Parent Relationship": "Outer",
          "Parallel Aware": false,
          "Startup Cost": 95016.08,
          "Total Cost": 95016.49,
          "Plan Rows": 4,
          "Plan Width": 8,
          "Actual Startup Time": 163.735,
          "Actual Total Time": 193.394,
          "Actual Rows": 5,
          "Actual Loops": 1,
          "Workers Planned": 4,
          "Workers Launched": 4,
          "Single Copy": false,
          "Plans": [
            {
              "Node Type": "Aggregate",
              "Strategy": "Plain",
              "Partial Mode": "Partial",
              "Parent Relationship": "Outer",
              "Parallel Aware": false,
              "Startup Cost": 94016.08,
              "Total Cost": 94016.09,
              "Plan Rows": 1,
              "Plan Width": 8,
              "Actual Startup Time": 153.312,
              "Actual Total Time": 153.314,
              "Actual Rows": 1,
              "Actual Loops": 5,
              "Plans": [
                {
                  "Node Type": "Nested Loop",
                  "Parent Relationship": "Outer",
                  "Parallel Aware": false,
                  "Join Type": "Inner",
                  "Startup Cost": 0.56,
                  "Total Cost": 94002.48,
                  "Plan Rows": 5438,
                  "Plan Width": 0,
                  "Actual Startup Time": 66.715,
                  "Actual Total Time": 152.026,
                  "Actual Rows": 9591,
                  "Actual Loops": 5,
                  "Inner Unique": false,
                  "Plans": [
                    {
                      "Node Type": "Seq Scan",
                      "Parent Relationship": "Outer",
                      "Parallel Aware": true,
                      "Relation Name": "title",
                      "Alias": "t",
                      "Startup Cost": 0.0,
                      "Total Cost": 43899.32,
                      "Plan Rows": 379,
                      "Plan Width": 4,
                      "Actual Startup Time": 63.157,
                      "Actual Total Time": 93.478,
                      "Actual Rows": 436,
                      "Actual Loops": 5,
                      "Filter": "(production_year = 1942)",
                      "Rows Removed by Filter": 505226
                    },
                    {
                      "Node Type": "Index Only Scan",
                      "Parent Relationship": "Inner",
                      "Parallel Aware": false,
                      "Scan Direction": "Forward",
                      "Index Name": "movie_id_cast_info",
                      "Relation Name": "cast_info",
                      "Alias": "ci",
                      "Startup Cost": 0.56,
                      "Total Cost": 131.85,
                      "Plan Rows": 35,
                      "Plan Width": 4,
                      "Actual Startup Time": 0.021,
                      "Actual Total Time": 0.13,
                      "Actual Rows": 22,
                      "Actual Loops": 2181,
                      "Index Cond": "(movie_id = t.id)",
                      "Rows Removed by Index Recheck": 0,
                      "Heap Fetches": 47953
                    }
                  ]
                }
              ]
            }
          ]
        }
      ]
    },
    "Planning Time": 0.252,
    "Triggers": [],
    "Execution Time": 193.466
  }
]