[
  {
    "Plan": {
      "Node Type": "Aggregate",
      "Strategy": "Plain",
      "Partial Mode": "Finalize",
      "Parallel Aware": false,
      "Startup Cost": 106493.59,
      "Total Cost": 106493.6,
      "Plan Rows": 1,
      "Plan Width": 8,
      "Actual Startup Time": 128.977,
      "Actual Total Time": 150.3,
      "Actual Rows": 1,
      "Actual Loops": 1,
      "Plans": [
        {
          "Node Type": "Gather",
          "Parent Relationship": "Outer",
          "Parallel Aware": false,
          "Startup Cost": 106493.17,
          "Total Cost": 106493.58,
          "Plan Rows": 4,
          "Plan Width": 8,
          "Actual Startup Time": 128.854,
          "Actual Total Time": 150.292,
          "Actual Rows": 5,
          "Actual Loops": 1,
          "Workers Planned": 4,
          "Workers Launched": 4,
          "Single Copy": false,
          "Plans": [
            {
              "Node Type": "Aggregate",
              "Strategy": "Plain",
              "Partial Mode": "Partial",
              "Parent Relationship": "Outer",
              "Parallel Aware": false,
              "Startup Cost": 105493.17,
              "Total Cost": 105493.18,
              "Plan Rows": 1,
              "Plan Width": 8,
              "Actual Startup Time": 119.021,
              "Actual Total Time": 119.022,
              "Actual Rows": 1,
              "Actual Loops": 5,
              "Plans": [
                {
                  "Node Type": "Nested Loop",
                  "Parent Relationship": "Outer",
                  "Parallel Aware": false,
                  "Join Type": "Inner",
                  "Startup Cost": 0.56,
                  "Total Cost": 105476.96,
                  "Plan Rows": 6484,
                  "Plan Width": 0,
                  "Actual Startup Time": 58.699,
                  "Actual Total Time": 118.118,
                  "Actual Rows": 9591,
                  "Actual Loops": 5,
                  "Inner Unique": false,
                  "Plans": [
                    {
                      "Node Type": "Seq Scan",
                      "Parent Relationship": "Outer",
                      "Parallel Aware": true,
                      "Relation Name": "title",
                      "Alias": "t",
                      "Startup Cost": 0.0,
                      "Total Cost": 43898.92,
                      "Plan Rows": 452,
                      "Plan Width": 4,
                      "Actual Startup Time": 55.915,
                      "Actual Total Time": 77.499,
                      "Actual Rows": 436,
                      "Actual Loops": 5,
                      "Filter": "(production_year = 1942)",
                      "Rows Removed by Filter": 505226
                    },
                    {
                      "Node Type": "Index Only Scan",
                      "Parent Relationship": "Inner",
                      "Parallel Aware": false,
                      "Scan Direction": "Forward",
                      "Index Name": "movie_id_cast_info",
                      "Relation Name": "cast_info",
                      "Alias": "ci",
                      "Startup Cost": 0.56,
                      "Total Cost": 135.86,
                      "Plan Rows": 37,
                      "Plan Width": 4,
                      "Actual Startup Time": 0.014,
                      "Actual Total Time": 0.091,
                      "Actual Rows": 22,
                      "Actual Loops": 2181,
                      "Index Cond": "(movie_id = t.id)",
                      "Rows Removed by Index Recheck": 0,
                      "Heap Fetches": 47953
                    }
                  ]
                }
              ]
            }
          ]
        }
      ]
    },
    "Planning Time": 0.542,
    "Triggers": [],
    "Execution Time": 150.371
  }
]