[
  {
    "Plan": {
      "Node Type": "Aggregate",
      "Strategy": "Plain",
      "Partial Mode": "Finalize",
      "Parallel Aware": false,
      "Startup Cost": 64856.17,
      "Total Cost": 64856.18,
      "Plan Rows": 1,
      "Plan Width": 8,
      "Actual Startup Time": 91.719,
      "Actual Total Time": 104.118,
      "Actual Rows": 1,
      "Actual Loops": 1,
      "Plans": [
        {
          "Node Type": "Gather",
          "Parent Relationship": "Outer",
          "Parallel Aware": false,
          "Startup Cost": 64855.75,
          "Total Cost": 64856.16,
          "Plan Rows": 4,
          "Plan Width": 8,
          "Actual Startup Time": 91.576,
          "Actual Total Time": 104.107,
          "Actual Rows": 5,
          "Actual Loops": 1,
          "Workers Planned": 4,
          "Workers Launched": 4,
          "Single Copy": false,
          "Plans": [
            {
              "Node Type": "Aggregate",
              "Strategy": "Plain",
              "Partial Mode": "Partial",
              "Parent Relationship": "Outer",
              "Parallel Aware": false,
              "Startup Cost": 63855.75,
              "Total Cost": 63855.76,
              "Plan Rows": 1,
              "Plan Width": 8,
              "Actual Startup Time": 86.189,
              "Actual Total Time": 86.191,
              "Actual Rows": 1,
              "Actual Loops": 5,
              "Plans": [
                {
                  "Node Type": "Nested Loop",
                  "Parent Relationship": "Outer",
                  "Parallel Aware": false,
                  "Join Type": "Inner",
                  "Startup Cost": 0.43,
                  "Total Cost": 63847.67,
                  "Plan Rows": 3229,
                  "Plan Width": 0,
                  "Actual Startup Time": 0.588,
                  "Actual Total Time": 86.134,
                  "Actual Rows": 598,
                  "Actual Loops": 5,
                  "Inner Unique": false,
                  "Plans": [
                    {
                      "Node Type": "Seq Scan",
                      "Parent Relationship": "Outer",
                      "Parallel Aware": true,
                      "Relation Name": "title",
                      "Alias": "t",
                      "Startup Cost": 0.0,
                      "Total Cost": 45479.59,
                      "Plan Rows": 2172,
                      "Plan Width": 4,
                      "Actual Startup Time": 0.107,
                      "Actual Total Time": 78.223,
                      "Actual Rows": 1654,
                      "Actual Loops": 5,
                      "Filter": "((kind_id > 6) AND (production_year = 1971))",
                      "Rows Removed by Filter": 504009
                    },
                    {
                      "Node Type": "Index Scan",
                      "Parent Relationship": "Inner",
                      "Parallel Aware": false,
                      "Scan Direction": "Forward",
                      "Index Name": "movie_id_movie_keyword",
                      "Relation Name": "movie_keyword",
                      "Alias": "mk",
                      "Startup Cost": 0.43,
                      "Total Cost": 8.08,
                      "Plan Rows": 38,
                      "Plan Width": 4,
                      "Actual Startup Time": 0.004,
                      "Actual Total Time": 0.004,
                      "Actual Rows": 0,
                      "Actual Loops": 8269,
                      "Index Cond": "(movie_id = t.id)",
                      "Rows Removed by Index Recheck": 0,
                      "Filter": "(keyword_id < 24676)",
                      "Rows Removed by Filter": 0
                    }
                  ]
                }
              ]
            }
          ]
        }
      ]
    },
    "Planning Time": 0.31,
    "Triggers": [],
    "Execution Time": 104.158
  }
]