{
  "Plan": {
    "Node Type": "Aggregate",
    "Strategy": "Plain",
    "Partial Mode": "Finalize",
    "Parallel Aware": false,
    "Startup Cost": 108376.53,
    "Total Cost": 108376.54,
    "Plan Rows": 1,
    "Plan Width": 8,
    "Actual Startup Time": 467.434,
    "Actual Total Time": 482.735,
    "Actual Rows": 1,
    "Actual Loops": 1,
    "Plans": [
      {
        "Node Type": "Gather",
        "Parent Relationship": "Outer",
        "Parallel Aware": false,
        "Startup Cost": 108376.42,
        "Total Cost": 108376.53,
        "Plan Rows": 1,
        "Plan Width": 8,
        "Actual Startup Time": 465.533,
        "Actual Total Time": 482.729,
        "Actual Rows": 2,
        "Actual Loops": 1,
        "Workers Planned": 1,
        "Workers Launched": 1,
        "Single Copy": false,
        "Plans": [
          {
            "Node Type": "Aggregate",
            "Strategy": "Plain",
            "Partial Mode": "Partial",
            "Parent Relationship": "Outer",
            "Parallel Aware": false,
            "Startup Cost": 107376.42,
            "Total Cost": 107376.43,
            "Plan Rows": 1,
            "Plan Width": 8,
            "Actual Startup Time": 458.602,
            "Actual Total Time": 458.607,
            "Actual Rows": 1,
            "Actual Loops": 2,
            "Plans": [
              {
                "Node Type": "Hash Join",
                "Parent Relationship": "Outer",
                "Parallel Aware": true,
                "Join Type": "Inner",
                "Startup Cost": 86925.09,
                "Total Cost": 107374.65,
                "Plan Rows": 708,
                "Plan Width": 0,
                "Actual Startup Time": 447.504,
                "Actual Total Time": 458.596,
                "Actual Rows": 46,
                "Actual Loops": 2,
                "Inner Unique": false,
                "Hash Cond": "(mk.movie_id = t.id)",
                "Plans": [
                  {
                    "Node Type": "Bitmap Heap Scan",
                    "Parent Relationship": "Outer",
                    "Parallel Aware": true,
                    "Relation Name": "movie_keyword",
                    "Alias": "mk",
                    "Startup Cost": 256.76,
                    "Total Cost": 20675.87,
                    "Plan Rows": 7008,
                    "Plan Width": 4,
                    "Actual Startup Time": 1.655,
                    "Actual Total Time": 10.534,
                    "Actual Rows": 5272,
                    "Actual Loops": 2,
                    "Recheck Cond": "(keyword_id = 398)",
                    "Rows Removed by Index Recheck": 0,
                    "Exact Heap Blocks": 4343,
                    "Lossy Heap Blocks": 0,
                    "Plans": [
                      {
                        "Node Type": "Bitmap Index Scan",
                        "Parent Relationship": "Outer",
                        "Parallel Aware": false,
                        "Index Name": "keyword_id_movie_keyword",
                        "Startup Cost": 0.0,
                        "Total Cost": 253.78,
                        "Plan Rows": 11913,
                        "Plan Width": 0,
                        "Actual Startup Time": 0.978,
                        "Actual Total Time": 0.979,
                        "Actual Rows": 10544,
                        "Actual Loops": 1,
                        "Index Cond": "(keyword_id = 398)"
                      }
                    ]
                  },
                  {
                    "Node Type": "Hash",
                    "Parent Relationship": "Inner",
                    "Parallel Aware": true,
                    "Startup Cost": 84791.06,
                    "Total Cost": 84791.06,
                    "Plan Rows": 150182,
                    "Plan Width": 8,
                    "Actual Startup Time": 442.103,
                    "Actual Total Time": 442.106,
                    "Actual Rows": 70928,
                    "Actual Loops": 2,
                    "Hash Buckets": 262144,
                    "Original Hash Buckets": 262144,
                    "Hash Batches": 1,
                    "Original Hash Batches": 1,
                    "Peak Memory Usage": 7616,
                    "Plans": [
                      {
                        "Node Type": "Hash Join",
                        "Parent Relationship": "Outer",
                        "Parallel Aware": true,
                        "Join Type": "Inner",
                        "Startup Cost": 21425.18,
                        "Total Cost": 84791.06,
                        "Plan Rows": 150182,
                        "Plan Width": 8,
                        "Actual Startup Time": 119.647,
                        "Actual Total Time": 423.067,
                        "Actual Rows": 70928,
                        "Actual Loops": 2,
                        "Inner Unique": false,
                        "Hash Cond": "(t.id = mi_idx.movie_id)",
                        "Plans": [
                          {
                            "Node Type": "Seq Scan",
                            "Parent Relationship": "Outer",
                            "Parallel Aware": true,
                            "Relation Name": "title",
                            "Alias": "t",
                            "Startup Cost": 0.0,
                            "Total Cost": 58306.47,
                            "Plan Rows": 835197,
                            "Plan Width": 4,
                            "Actual Startup Time": 0.009,
                            "Actual Total Time": 155.969,
                            "Actual Rows": 739218,
                            "Actual Loops": 2,
                            "Filter": "((production_year > 1932) AND (kind_id = 7))",
                            "Rows Removed by Filter": 524938
                          },
                          {
                            "Node Type": "Hash",
                            "Parent Relationship": "Inner",
                            "Parallel Aware": true,
                            "Startup Cost": 18082.32,
                            "Total Cost": 18082.32,
                            "Plan Rows": 267429,
                            "Plan Width": 4,
                            "Actual Startup Time": 115.757,
                            "Actual Total Time": 115.758,
                            "Actual Rows": 229962,
                            "Actual Loops": 2,
                            "Hash Buckets": 524288,
                            "Original Hash Buckets": 524288,
                            "Hash Batches": 1,
                            "Original Hash Batches": 1,
                            "Peak Memory Usage": 22112,
                            "Plans": [
                              {
                                "Node Type": "Seq Scan",
                                "Parent Relationship": "Outer",
                                "Parallel Aware": true,
                                "Relation Name": "movie_info_idx",
                                "Alias": "mi_idx",
                                "Startup Cost": 0.0,
                                "Total Cost": 18082.32,
                                "Plan Rows": 267429,
                                "Plan Width": 4,
                                "Actual Startup Time": 0.063,
                                "Actual Total Time": 66.373,
                                "Actual Rows": 229962,
                                "Actual Loops": 2,
                                "Filter": "(info_type_id < 100)",
                                "Rows Removed by Filter": 460055
                              }
                            ]
                          }
                        ]
                      }
                    ]
                  }
                ]
              }
            ]
          }
        ]
      }
    ]
  },
  "Planning Time": 0.93,
  "Triggers": [],
  "Execution Time": 482.866
}