[
  {
    "Plan": {
      "Node Type": "Aggregate",
      "Strategy": "Plain",
      "Partial Mode": "Finalize",
      "Parallel Aware": false,
      "Startup Cost": 46436.77,
      "Total Cost": 46436.78,
      "Plan Rows": 1,
      "Plan Width": 8,
      "Actual Startup Time": 226.545,
      "Actual Total Time": 237.151,
      "Actual Rows": 1,
      "Actual Loops": 1,
      "Plans": [
        {
          "Node Type": "Gather",
          "Parent Relationship": "Outer",
          "Parallel Aware": false,
          "Startup Cost": 46436.46,
          "Total Cost": 46436.77,
          "Plan Rows": 3,
          "Plan Width": 8,
          "Actual Startup Time": 226.398,
          "Actual Total Time": 237.14,
          "Actual Rows": 4,
          "Actual Loops": 1,
          "Workers Planned": 3,
          "Workers Launched": 3,
          "Single Copy": false,
          "Plans": [
            {
              "Node Type": "Aggregate",
              "Strategy": "Plain",
              "Partial Mode": "Partial",
              "Parent Relationship": "Outer",
              "Parallel Aware": false,
              "Startup Cost": 45436.46,
              "Total Cost": 45436.47,
              "Plan Rows": 1,
              "Plan Width": 8,
              "Actual Startup Time": 219.365,
              "Actual Total Time": 219.366,
              "Actual Rows": 1,
              "Actual Loops": 4,
              "Plans": [
                {
                  "Node Type": "Seq Scan",
                  "Parent Relationship": "Outer",
                  "Parallel Aware": true,
                  "Relation Name": "movie_keyword",
                  "Alias": "mk",
                  "Startup Cost": 0.0,
                  "Total Cost": 42695.65,
                  "Plan Rows": 1096321,
                  "Plan Width": 0,
                  "Actual Startup Time": 0.146,
                  "Actual Total Time": 163.546,
                  "Actual Rows": 847385,
                  "Actual Loops": 4,
                  "Filter": "(keyword_id > 1256)",
                  "Rows Removed by Filter": 283598
                }
              ]
            }
          ]
        }
      ]
    },
    "Planning Time": 0.139,
    "Triggers": [],
    "Execution Time": 237.198
  }
]