[
  {
    "Plan": {
      "Node Type": "Aggregate",
      "Strategy": "Plain",
      "Partial Mode": "Finalize",
      "Parallel Aware": false,
      "Startup Cost": 45540.01,
      "Total Cost": 45540.02,
      "Plan Rows": 1,
      "Plan Width": 8,
      "Actual Startup Time": 153.515,
      "Actual Total Time": 160.975,
      "Actual Rows": 1,
      "Actual Loops": 1,
      "Plans": [
        {
          "Node Type": "Gather",
          "Parent Relationship": "Outer",
          "Parallel Aware": false,
          "Startup Cost": 45539.69,
          "Total Cost": 45540.0,
          "Plan Rows": 3,
          "Plan Width": 8,
          "Actual Startup Time": 153.362,
          "Actual Total Time": 160.965,
          "Actual Rows": 4,
          "Actual Loops": 1,
          "Workers Planned": 3,
          "Workers Launched": 3,
          "Single Copy": false,
          "Plans": [
            {
              "Node Type": "Aggregate",
              "Strategy": "Plain",
              "Partial Mode": "Partial",
              "Parent Relationship": "Outer",
              "Parallel Aware": false,
              "Startup Cost": 44539.69,
              "Total Cost": 44539.7,
              "Plan Rows": 1,
              "Plan Width": 8,
              "Actual Startup Time": 146.646,
              "Actual Total Time": 146.647,
              "Actual Rows": 1,
              "Actual Loops": 4,
              "Plans": [
                {
                  "Node Type": "Seq Scan",
                  "Parent Relationship": "Outer",
                  "Parallel Aware": true,
                  "Relation Name": "movie_keyword",
                  "Alias": "mk",
                  "Startup Cost": 0.0,
                  "Total Cost": 42695.65,
                  "Plan Rows": 737616,
                  "Plan Width": 0,
                  "Actual Startup Time": 0.682,
                  "Actual Total Time": 117.8,
                  "Actual Rows": 568618,
                  "Actual Loops": 4,
                  "Filter": "(keyword_id > 4630)",
                  "Rows Removed by Filter": 562364
                }
              ]
            }
          ]
        }
      ]
    },
    "Planning Time": 0.186,
    "Triggers": [],
    "Execution Time": 161.031
  }
]