{
  "Plan": {
    "Node Type": "Aggregate",
    "Strategy": "Plain",
    "Partial Mode": "Finalize",
    "Parallel Aware": false,
    "Startup Cost": 463085.13,
    "Total Cost": 463085.14,
    "Plan Rows": 1,
    "Plan Width": 8,
    "Actual Startup Time": 1507.119,
    "Actual Total Time": 1545.346,
    "Actual Rows": 1,
    "Actual Loops": 1,
    "Plans": [
      {
        "Node Type": "Gather",
        "Parent Relationship": "Outer",
        "Parallel Aware": false,
        "Startup Cost": 463085.02,
        "Total Cost": 463085.13,
        "Plan Rows": 1,
        "Plan Width": 8,
        "Actual Startup Time": 1506.848,
        "Actual Total Time": 1545.337,
        "Actual Rows": 2,
        "Actual Loops": 1,
        "Workers Planned": 1,
        "Workers Launched": 1,
        "Single Copy": false,
        "Plans": [
          {
            "Node Type": "Aggregate",
            "Strategy": "Plain",
            "Partial Mode": "Partial",
            "Parent Relationship": "Outer",
            "Parallel Aware": false,
            "Startup Cost": 462085.02,
            "Total Cost": 462085.03,
            "Plan Rows": 1,
            "Plan Width": 8,
            "Actual Startup Time": 1500.728,
            "Actual Total Time": 1500.732,
            "Actual Rows": 1,
            "Actual Loops": 2,
            "Plans": [
              {
                "Node Type": "Hash Join",
                "Parent Relationship": "Outer",
                "Parallel Aware": true,
                "Join Type": "Inner",
                "Startup Cost": 54696.78,
                "Total Cost": 462049.8,
                "Plan Rows": 14088,
                "Plan Width": 0,
                "Actual Startup Time": 145.971,
                "Actual Total Time": 1499.042,
                "Actual Rows": 27746,
                "Actual Loops": 2,
                "Inner Unique": true,
                "Hash Cond": "(ci.movie_id = t.id)",
                "Plans": [
                  {
                    "Node Type": "Index Scan",
                    "Parent Relationship": "Outer",
                    "Parallel Aware": true,
                    "Scan Direction": "Forward",
                    "Index Name": "role_id_cast_info",
                    "Relation Name": "cast_info",
                    "Alias": "ci",
                    "Startup Cost": 0.56,
                    "Total Cost": 400977.7,
                    "Plan Rows": 2428905,
                    "Plan Width": 4,
                    "Actual Startup Time": 0.201,
                    "Actual Total Time": 962.901,
                    "Actual Rows": 4322712,
                    "Actual Loops": 2,
                    "Index Cond": "(role_id = 1)",
                    "Rows Removed by Index Recheck": 0,
                    "Filter": "(person_id < 1178333)",
                    "Rows Removed by Filter": 2012632
                  },
                  {
                    "Node Type": "Hash",
                    "Parent Relationship": "Inner",
                    "Parallel Aware": true,
                    "Startup Cost": 54588.39,
                    "Total Cost": 54588.39,
                    "Plan Rows": 8626,
                    "Plan Width": 4,
                    "Actual Startup Time": 144.47,
                    "Actual Total Time": 144.471,
                    "Actual Rows": 7300,
                    "Actual Loops": 2,
                    "Hash Buckets": 16384,
                    "Original Hash Buckets": 16384,
                    "Hash Batches": 1,
                    "Original Hash Batches": 1,
                    "Peak Memory Usage": 736,
                    "Plans": [
                      {
                        "Node Type": "Seq Scan",
                        "Parent Relationship": "Outer",
                        "Parallel Aware": true,
                        "Relation Name": "title",
                        "Alias": "t",
                        "Startup Cost": 0.0,
                        "Total Cost": 54588.39,
                        "Plan Rows": 8626,
                        "Plan Width": 4,
                        "Actual Startup Time": 0.074,
                        "Actual Total Time": 141.744,
                        "Actual Rows": 7300,
                        "Actual Loops": 2,
                        "Filter": "(production_year = 1967)",
                        "Rows Removed by Filter": 1256856
                      }
                    ]
                  }
                ]
              }
            ]
          }
        ]
      }
    ]
  },
  "Planning Time": 0.529,
  "Triggers": [],
  "Execution Time": 1545.432
}