[
  {
    "Plan": {
      "Node Type": "Aggregate",
      "Strategy": "Plain",
      "Partial Mode": "Finalize",
      "Parallel Aware": false,
      "Startup Cost": 260529.93,
      "Total Cost": 260529.94,
      "Plan Rows": 1,
      "Plan Width": 8,
      "Actual Startup Time": 3341.466,
      "Actual Total Time": 3433.126,
      "Actual Rows": 1,
      "Actual Loops": 1,
      "Plans": [
        {
          "Node Type": "Gather",
          "Parent Relationship": "Outer",
          "Parallel Aware": false,
          "Startup Cost": 260529.61,
          "Total Cost": 260529.92,
          "Plan Rows": 3,
          "Plan Width": 8,
          "Actual Startup Time": 3330.263,
          "Actual Total Time": 3433.115,
          "Actual Rows": 4,
          "Actual Loops": 1,
          "Workers Planned": 3,
          "Workers Launched": 3,
          "Single Copy": false,
          "Plans": [
            {
              "Node Type": "Aggregate",
              "Strategy": "Plain",
              "Partial Mode": "Partial",
              "Parent Relationship": "Outer",
              "Parallel Aware": false,
              "Startup Cost": 259529.61,
              "Total Cost": 259529.62,
              "Plan Rows": 1,
              "Plan Width": 8,
              "Actual Startup Time": 3296.409,
              "Actual Total Time": 3296.414,
              "Actual Rows": 1,
              "Actual Loops": 4,
              "Plans": [
                {
                  "Node Type": "Nested Loop",
                  "Parent Relationship": "Outer",
                  "Parallel Aware": false,
                  "Join Type": "Inner",
                  "Startup Cost": 55551.71,
                  "Total Cost": 257682.02,
                  "Plan Rows": 739034,
                  "Plan Width": 0,
                  "Actual Startup Time": 579.123,
                  "Actual Total Time": 3216.701,
                  "Actual Rows": 1458768,
                  "Actual Loops": 4,
                  "Inner Unique": false,
                  "Plans": [
                    {
                      "Node Type": "Hash Join",
                      "Parent Relationship": "Outer",
                      "Parallel Aware": true,
                      "Join Type": "Inner",
                      "Startup Cost": 55551.14,
                      "Total Cost": 81230.46,
                      "Plan Rows": 81013,
                      "Plan Width": 8,
                      "Actual Startup Time": 578.92,
                      "Actual Total Time": 653.614,
                      "Actual Rows": 63465,
                      "Actual Loops": 4,
                      "Inner Unique": true,
                      "Hash Cond": "(mk.movie_id = t.id)",
                      "Plans": [
                        {
                          "Node Type": "Bitmap Heap Scan",
                          "Parent Relationship": "Outer",
                          "Parallel Aware": true,
                          "Relation Name": "movie_keyword",
                          "Alias": "mk",
                          "Startup Cost": 5330.76,
                          "Total Cost": 30797.42,
                          "Plan Rows": 81013,
                          "Plan Width": 4,
                          "Actual Startup Time": 28.512,
                          "Actual Total Time": 68.261,
                          "Actual Rows": 63465,
                          "Actual Loops": 4,
                          "Recheck Cond": "(keyword_id > 59986)",
                          "Rows Removed by Index Recheck": 0,
                          "Exact Heap Blocks": 6073,
                          "Lossy Heap Blocks": 0,
                          "Plans": [
                            {
                              "Node Type": "Bitmap Index Scan",
                              "Parent Relationship": "Outer",
                              "Parallel Aware": false,
                              "Index Name": "keyword_id_movie_keyword",
                              "Startup Cost": 0.0,
                              "Total Cost": 5267.97,
                              "Plan Rows": 251139,
                              "Plan Width": 0,
                              "Actual Startup Time": 23.559,
                              "Actual Total Time": 23.56,
                              "Actual Rows": 253861,
                              "Actual Loops": 1,
                              "Index Cond": "(keyword_id > 59986)"
                            }
                          ]
                        },
                        {
                          "Node Type": "Hash",
                          "Parent Relationship": "Inner",
                          "Parallel Aware": true,
                          "Startup Cost": 42319.06,
                          "Total Cost": 42319.06,
                          "Plan Rows": 632106,
                          "Plan Width": 4,
                          "Actual Startup Time": 534.073,
                          "Actual Total Time": 534.073,
                          "Actual Rows": 632078,
                          "Actual Loops": 4,
                          "Hash Buckets": 4194304,
                          "Original Hash Buckets": 4194304,
                          "Hash Batches": 1,
                          "Original Hash Batches": 1,
                          "Peak Memory Usage": 131744,
                          "Plans": [
                            {
                              "Node Type": "Seq Scan",
                              "Parent Relationship": "Outer",
                              "Parallel Aware": true,
                              "Relation Name": "title",
                              "Alias": "t",
                              "Startup Cost": 0.0,
                              "Total Cost": 42319.06,
                              "Plan Rows": 632106,
                              "Plan Width": 4,
                              "Actual Startup Time": 0.056,
                              "Actual Total Time": 127.513,
                              "Actual Rows": 632078,
                              "Actual Loops": 4
                            }
                          ]
                        }
                      ]
                    },
                    {
                      "Node Type": "Index Scan",
                      "Parent Relationship": "Inner",
                      "Parallel Aware": false,
                      "Scan Direction": "Forward",
                      "Index Name": "movie_id_cast_info",
                      "Relation Name": "cast_info",
                      "Alias": "ci",
                      "Startup Cost": 0.56,
                      "Total Cost": 1.96,
                      "Plan Rows": 22,
                      "Plan Width": 4,
                      "Actual Startup Time": 0.011,
                      "Actual Total Time": 0.038,
                      "Actual Rows": 23,
                      "Actual Loops": 253861,
                      "Index Cond": "(movie_id = t.id)",
                      "Rows Removed by Index Recheck": 0,
                      "Filter": "((person_id > 969891) AND (role_id < 10))",
                      "Rows Removed by Filter": 27
                    }
                  ]
                }
              ]
            }
          ]
        }
      ]
    },
    "Planning Time": 0.716,
    "Triggers": [],
    "Execution Time": 3433.221
  }
]