{
  "Plan": {
    "Node Type": "Aggregate",
    "Strategy": "Plain",
    "Partial Mode": "Finalize",
    "Parallel Aware": false,
    "Startup Cost": 4444144.7,
    "Total Cost": 4444144.71,
    "Plan Rows": 1,
    "Plan Width": 8,
    "Actual Startup Time": 61684.681,
    "Actual Total Time": 61821.077,
    "Actual Rows": 1,
    "Actual Loops": 1,
    "Plans": [
      {
        "Node Type": "Gather",
        "Parent Relationship": "Outer",
        "Parallel Aware": false,
        "Startup Cost": 4444144.58,
        "Total Cost": 4444144.69,
        "Plan Rows": 1,
        "Plan Width": 8,
        "Actual Startup Time": 61684.373,
        "Actual Total Time": 61821.066,
        "Actual Rows": 2,
        "Actual Loops": 1,
        "Workers Planned": 1,
        "Workers Launched": 1,
        "Single Copy": false,
        "Plans": [
          {
            "Node Type": "Aggregate",
            "Strategy": "Plain",
            "Partial Mode": "Partial",
            "Parent Relationship": "Outer",
            "Parallel Aware": false,
            "Startup Cost": 4443144.58,
            "Total Cost": 4443144.59,
            "Plan Rows": 1,
            "Plan Width": 8,
            "Actual Startup Time": 61678.308,
            "Actual Total Time": 61678.31,
            "Actual Rows": 1,
            "Actual Loops": 2,
            "Plans": [
              {
                "Node Type": "Merge Join",
                "Parent Relationship": "Outer",
                "Parallel Aware": false,
                "Join Type": "Inner",
                "Startup Cost": 51.32,
                "Total Cost": 4278512.11,
                "Plan Rows": 65852990,
                "Plan Width": 0,
                "Actual Startup Time": 13.28,
                "Actual Total Time": 56253.295,
                "Actual Rows": 139527845,
                "Actual Loops": 2,
                "Inner Unique": false,
                "Merge Cond": "(t.id = ci.movie_id)",
                "Plans": [
                  {
                    "Node Type": "Merge Join",
                    "Parent Relationship": "Outer",
                    "Parallel Aware": false,
                    "Join Type": "Inner",
                    "Startup Cost": 3.29,
                    "Total Cost": 1205832.44,
                    "Plan Rows": 4595771,
                    "Plan Width": 8,
                    "Actual Startup Time": 3.17,
                    "Actual Total Time": 5346.451,
                    "Actual Rows": 4667360,
                    "Actual Loops": 2,
                    "Inner Unique": true,
                    "Merge Cond": "(mi.movie_id = t.id)",
                    "Plans": [
                      {
                        "Node Type": "Index Only Scan",
                        "Parent Relationship": "Outer",
                        "Parallel Aware": true,
                        "Scan Direction": "Forward",
                        "Index Name": "movie_id_movie_info",
                        "Relation Name": "movie_info",
                        "Alias": "mi",
                        "Startup Cost": 0.43,
                        "Total Cost": 1018223.42,
                        "Plan Rows": 8696274,
                        "Plan Width": 4,
                        "Actual Startup Time": 0.135,
                        "Actual Total Time": 2919.47,
                        "Actual Rows": 7417746,
                        "Actual Loops": 2,
                        "Heap Fetches": 14835491
                      },
                      {
                        "Node Type": "Index Scan",
                        "Parent Relationship": "Inner",
                        "Parallel Aware": false,
                        "Scan Direction": "Forward",
                        "Index Name": "title_pkey",
                        "Relation Name": "title",
                        "Alias": "t",
                        "Startup Cost": 0.43,
                        "Total Cost": 116660.7,
                        "Plan Rows": 1336142,
                        "Plan Width": 4,
                        "Actual Startup Time": 0.088,
                        "Actual Total Time": 1692.743,
                        "Actual Rows": 1347429,
                        "Actual Loops": 2,
                        "Filter": "(production_year < 2005)",
                        "Rows Removed by Filter": 1178802
                      }
                    ]
                  },
                  {
                    "Node Type": "Materialize",
                    "Parent Relationship": "Inner",
                    "Parallel Aware": false,
                    "Startup Cost": 0.56,
                    "Total Cost": 2165089.35,
                    "Plan Rows": 36228012,
                    "Plan Width": 4,
                    "Actual Startup Time": 0.082,
                    "Actual Total Time": 36058.488,
                    "Actual Rows": 166516998,
                    "Actual Loops": 2,
                    "Plans": [
                      {
                        "Node Type": "Index Only Scan",
                        "Parent Relationship": "Outer",
                        "Parallel Aware": false,
                        "Scan Direction": "Forward",
                        "Index Name": "movie_id_cast_info",
                        "Relation Name": "cast_info",
                        "Alias": "ci",
                        "Startup Cost": 0.56,
                        "Total Cost": 2074519.32,
                        "Plan Rows": 36228012,
                        "Plan Width": 4,
                        "Actual Startup Time": 0.072,
                        "Actual Total Time": 26926.435,
                        "Actual Rows": 36244344,
                        "Actual Loops": 2,
                        "Heap Fetches": 72488688
                      }
                    ]
                  }
                ]
              }
            ]
          }
        ]
      }
    ]
  },
  "Planning Time": 1.05,
  "Triggers": [],
  "Execution Time": 61821.264
}