[
  {
    "Plan": {
      "Node Type": "Aggregate",
      "Strategy": "Plain",
      "Partial Mode": "Finalize",
      "Parallel Aware": false,
      "Startup Cost": 347770.76,
      "Total Cost": 347770.77,
      "Plan Rows": 1,
      "Plan Width": 8,
      "Actual Startup Time": 610.901,
      "Actual Total Time": 668.657,
      "Actual Rows": 1,
      "Actual Loops": 1,
      "Plans": [
        {
          "Node Type": "Gather",
          "Parent Relationship": "Outer",
          "Parallel Aware": false,
          "Startup Cost": 347770.14,
          "Total Cost": 347770.75,
          "Plan Rows": 6,
          "Plan Width": 8,
          "Actual Startup Time": 610.646,
          "Actual Total Time": 668.646,
          "Actual Rows": 7,
          "Actual Loops": 1,
          "Workers Planned": 6,
          "Workers Launched": 6,
          "Single Copy": false,
          "Plans": [
            {
              "Node Type": "Aggregate",
              "Strategy": "Plain",
              "Partial Mode": "Partial",
              "Parent Relationship": "Outer",
              "Parallel Aware": false,
              "Startup Cost": 346770.14,
              "Total Cost": 346770.15,
              "Plan Rows": 1,
              "Plan Width": 8,
              "Actual Startup Time": 600.484,
              "Actual Total Time": 600.485,
              "Actual Rows": 1,
              "Actual Loops": 7,
              "Plans": [
                {
                  "Node Type": "Seq Scan",
                  "Parent Relationship": "Outer",
                  "Parallel Aware": true,
                  "Relation Name": "cast_info",
                  "Alias": "ci",
                  "Startup Cost": 0.0,
                  "Total Cost": 343257.03,
                  "Plan Rows": 1405243,
                  "Plan Width": 0,
                  "Actual Startup Time": 244.075,
                  "Actual Total Time": 575.567,
                  "Actual Rows": 651801,
                  "Actual Loops": 7,
                  "Filter": "((person_id > 2104474) AND (role_id < 3))",
                  "Rows Removed by Filter": 4525963
                }
              ]
            }
          ]
        }
      ]
    },
    "Planning Time": 0.163,
    "Triggers": [],
    "Execution Time": 668.72
  }
]