[
  {
    "Plan": {
      "Node Type": "Aggregate",
      "Strategy": "Plain",
      "Partial Mode": "Finalize",
      "Parallel Aware": false,
      "Startup Cost": 26561.13,
      "Total Cost": 26561.14,
      "Plan Rows": 1,
      "Plan Width": 8,
      "Actual Startup Time": 67.436,
      "Actual Total Time": 74.099,
      "Actual Rows": 1,
      "Actual Loops": 1,
      "Plans": [
        {
          "Node Type": "Gather",
          "Parent Relationship": "Outer",
          "Parallel Aware": false,
          "Startup Cost": 26560.82,
          "Total Cost": 26561.13,
          "Plan Rows": 3,
          "Plan Width": 8,
          "Actual Startup Time": 67.151,
          "Actual Total Time": 74.092,
          "Actual Rows": 4,
          "Actual Loops": 1,
          "Workers Planned": 3,
          "Workers Launched": 3,
          "Single Copy": false,
          "Plans": [
            {
              "Node Type": "Aggregate",
              "Strategy": "Plain",
              "Partial Mode": "Partial",
              "Parent Relationship": "Outer",
              "Parallel Aware": false,
              "Startup Cost": 25560.82,
              "Total Cost": 25560.83,
              "Plan Rows": 1,
              "Plan Width": 8,
              "Actual Startup Time": 63.853,
              "Actual Total Time": 63.854,
              "Actual Rows": 1,
              "Actual Loops": 4,
              "Plans": [
                {
                  "Node Type": "Bitmap Heap Scan",
                  "Parent Relationship": "Outer",
                  "Parallel Aware": true,
                  "Relation Name": "movie_companies",
                  "Alias": "mc",
                  "Startup Cost": 5535.31,
                  "Total Cost": 25354.9,
                  "Plan Rows": 82367,
                  "Plan Width": 0,
                  "Actual Startup Time": 24.113,
                  "Actual Total Time": 60.117,
                  "Actual Rows": 62230,
                  "Actual Loops": 4,
                  "Recheck Cond": "(company_id < 119)",
                  "Rows Removed by Index Recheck": 0,
                  "Exact Heap Blocks": 9381,
                  "Lossy Heap Blocks": 0,
                  "Plans": [
                    {
                      "Node Type": "Bitmap Index Scan",
                      "Parent Relationship": "Outer",
                      "Parallel Aware": false,
                      "Index Name": "company_id_movie_companies",
                      "Startup Cost": 0.0,
                      "Total Cost": 5471.47,
                      "Plan Rows": 255339,
                      "Plan Width": 0,
                      "Actual Startup Time": 23.567,
                      "Actual Total Time": 23.567,
                      "Actual Rows": 248921,
                      "Actual Loops": 1,
                      "Index Cond": "(company_id < 119)"
                    }
                  ]
                }
              ]
            }
          ]
        }
      ]
    },
    "Planning Time": 0.105,
    "Triggers": [],
    "Execution Time": 74.14
  }
]