{
  "Plan": {
    "Node Type": "Aggregate",
    "Strategy": "Plain",
    "Partial Mode": "Finalize",
    "Parallel Aware": false,
    "Startup Cost": 385317.76,
    "Total Cost": 385317.77,
    "Plan Rows": 1,
    "Plan Width": 8,
    "Actual Startup Time": 911.359,
    "Actual Total Time": 931.546,
    "Actual Rows": 1,
    "Actual Loops": 1,
    "Plans": [
      {
        "Node Type": "Gather",
        "Parent Relationship": "Outer",
        "Parallel Aware": false,
        "Startup Cost": 385317.64,
        "Total Cost": 385317.75,
        "Plan Rows": 1,
        "Plan Width": 8,
        "Actual Startup Time": 906.376,
        "Actual Total Time": 931.537,
        "Actual Rows": 2,
        "Actual Loops": 1,
        "Workers Planned": 1,
        "Workers Launched": 1,
        "Single Copy": false,
        "Plans": [
          {
            "Node Type": "Aggregate",
            "Strategy": "Plain",
            "Partial Mode": "Partial",
            "Parent Relationship": "Outer",
            "Parallel Aware": false,
            "Startup Cost": 384317.64,
            "Total Cost": 384317.65,
            "Plan Rows": 1,
            "Plan Width": 8,
            "Actual Startup Time": 896.678,
            "Actual Total Time": 896.684,
            "Actual Rows": 1,
            "Actual Loops": 2,
            "Plans": [
              {
                "Node Type": "Hash Join",
                "Parent Relationship": "Outer",
                "Parallel Aware": true,
                "Join Type": "Inner",
                "Startup Cost": 111924.17,
                "Total Cost": 383030.78,
                "Plan Rows": 514745,
                "Plan Width": 0,
                "Actual Startup Time": 705.272,
                "Actual Total Time": 885.081,
                "Actual Rows": 278055,
                "Actual Loops": 2,
                "Inner Unique": true,
                "Hash Cond": "(ci.movie_id = t.id)",
                "Plans": [
                  {
                    "Node Type": "Bitmap Heap Scan",
                    "Parent Relationship": "Outer",
                    "Parallel Aware": true,
                    "Relation Name": "cast_info",
                    "Alias": "ci",
                    "Startup Cost": 42463.47,
                    "Total Cost": 312218.88,
                    "Plan Rows": 514745,
                    "Plan Width": 4,
                    "Actual Startup Time": 145.471,
                    "Actual Total Time": 195.317,
                    "Actual Rows": 278055,
                    "Actual Loops": 2,
                    "Recheck Cond": "(person_id < 191681)",
                    "Rows Removed by Index Recheck": 0,
                    "Filter": "(role_id > 2)",
                    "Rows Removed by Filter": 700270,
                    "Exact Heap Blocks": 11748,
                    "Lossy Heap Blocks": 0,
                    "Plans": [
                      {
                        "Node Type": "Bitmap Index Scan",
                        "Parent Relationship": "Outer",
                        "Parallel Aware": false,
                        "Index Name": "person_id_cast_info",
                        "Startup Cost": 0.0,
                        "Total Cost": 42244.71,
                        "Plan Rows": 1934419,
                        "Plan Width": 0,
                        "Actual Startup Time": 67.657,
                        "Actual Total Time": 67.658,
                        "Actual Rows": 1956651,
                        "Actual Loops": 1,
                        "Index Cond": "(person_id < 191681)"
                      }
                    ]
                  },
                  {
                    "Node Type": "Hash",
                    "Parent Relationship": "Inner",
                    "Parallel Aware": true,
                    "Startup Cost": 50870.31,
                    "Total Cost": 50870.31,
                    "Plan Rows": 1487231,
                    "Plan Width": 4,
                    "Actual Startup Time": 542.881,
                    "Actual Total Time": 542.882,
                    "Actual Rows": 1264156,
                    "Actual Loops": 2,
                    "Hash Buckets": 4194304,
                    "Original Hash Buckets": 4194304,
                    "Hash Batches": 1,
                    "Original Hash Batches": 1,
                    "Peak Memory Usage": 131712,
                    "Plans": [
                      {
                        "Node Type": "Seq Scan",
                        "Parent Relationship": "Outer",
                        "Parallel Aware": true,
                        "Relation Name": "title",
                        "Alias": "t",
                        "Startup Cost": 0.0,
                        "Total Cost": 50870.31,
                        "Plan Rows": 1487231,
                        "Plan Width": 4,
                        "Actual Startup Time": 0.028,
                        "Actual Total Time": 154.82,
                        "Actual Rows": 1264156,
                        "Actual Loops": 2
                      }
                    ]
                  }
                ]
              }
            ]
          }
        ]
      }
    ]
  },
  "Planning Time": 0.372,
  "Triggers": [],
  "Execution Time": 931.599
}