{
  "Plan": {
    "Node Type": "Aggregate",
    "Strategy": "Plain",
    "Partial Mode": "Finalize",
    "Parallel Aware": false,
    "Startup Cost": 1018717.6,
    "Total Cost": 1018717.61,
    "Plan Rows": 1,
    "Plan Width": 8,
    "Actual Startup Time": 18859.243,
    "Actual Total Time": 19007.137,
    "Actual Rows": 1,
    "Actual Loops": 1,
    "Plans": [
      {
        "Node Type": "Gather",
        "Parent Relationship": "Outer",
        "Parallel Aware": false,
        "Startup Cost": 1018717.49,
        "Total Cost": 1018717.6,
        "Plan Rows": 1,
        "Plan Width": 8,
        "Actual Startup Time": 18829.826,
        "Actual Total Time": 19007.125,
        "Actual Rows": 2,
        "Actual Loops": 1,
        "Workers Planned": 1,
        "Workers Launched": 1,
        "Single Copy": false,
        "Plans": [
          {
            "Node Type": "Aggregate",
            "Strategy": "Plain",
            "Partial Mode": "Partial",
            "Parent Relationship": "Outer",
            "Parallel Aware": false,
            "Startup Cost": 1017717.49,
            "Total Cost": 1017717.5,
            "Plan Rows": 1,
            "Plan Width": 8,
            "Actual Startup Time": 18792.767,
            "Actual Total Time": 18796.135,
            "Actual Rows": 1,
            "Actual Loops": 2,
            "Plans": [
              {
                "Node Type": "Hash Join",
                "Parent Relationship": "Outer",
                "Parallel Aware": true,
                "Join Type": "Inner",
                "Startup Cost": 760780.42,
                "Total Cost": 969214.32,
                "Plan Rows": 19401268,
                "Plan Width": 0,
                "Actual Startup Time": 11212.943,
                "Actual Total Time": 16356.476,
                "Actual Rows": 60778328,
                "Actual Loops": 2,
                "Inner Unique": false,
                "Hash Cond": "(mk.movie_id = t.id)",
                "Plans": [
                  {
                    "Node Type": "Seq Scan",
                    "Parent Relationship": "Outer",
                    "Parallel Aware": true,
                    "Relation Name": "movie_keyword",
                    "Alias": "mk",
                    "Startup Cost": 0.0,
                    "Total Cost": 51065.35,
                    "Plan Rows": 2661135,
                    "Plan Width": 4,
                    "Actual Startup Time": 0.012,
                    "Actual Total Time": 162.144,
                    "Actual Rows": 2261965,
                    "Actual Loops": 2
                  },
                  {
                    "Node Type": "Hash",
                    "Parent Relationship": "Inner",
                    "Parallel Aware": true,
                    "Startup Cost": 625245.36,
                    "Total Cost": 625245.36,
                    "Plan Rows": 10842805,
                    "Plan Width": 8,
                    "Actual Startup Time": 11115.103,
                    "Actual Total Time": 11118.468,
                    "Actual Rows": 9090916,
                    "Actual Loops": 2,
                    "Hash Buckets": 33554432,
                    "Original Hash Buckets": 33554432,
                    "Hash Batches": 1,
                    "Original Hash Batches": 1,
                    "Peak Memory Usage": 973440,
                    "Plans": [
                      {
                        "Node Type": "Hash Join",
                        "Parent Relationship": "Outer",
                        "Parallel Aware": true,
                        "Join Type": "Inner",
                        "Startup Cost": 68712.06,
                        "Total Cost": 625245.36,
                        "Plan Rows": 10842805,
                        "Plan Width": 8,
                        "Actual Startup Time": 692.368,
                        "Actual Total Time": 7746.741,
                        "Actual Rows": 9090916,
                        "Actual Loops": 2,
                        "Inner Unique": true,
                        "Hash Cond": "(ci.movie_id = t.id)",
                        "Plans": [
                          {
                            "Node Type": "Seq Scan",
                            "Parent Relationship": "Outer",
                            "Parallel Aware": true,
                            "Relation Name": "cast_info",
                            "Alias": "ci",
                            "Startup Cost": 0.0,
                            "Total Cost": 519069.44,
                            "Plan Rows": 14271919,
                            "Plan Width": 4,
                            "Actual Startup Time": 260.555,
                            "Actual Total Time": 1616.519,
                            "Actual Rows": 12145616,
                            "Actual Loops": 2,
                            "Filter": "(person_id > 1175928)",
                            "Rows Removed by Filter": 5976556
                          },
                          {
                            "Node Type": "Hash",
                            "Parent Relationship": "Inner",
                            "Parallel Aware": true,
                            "Startup Cost": 54588.39,
                            "Total Cost": 54588.39,
                            "Plan Rows": 1129894,
                            "Plan Width": 4,
                            "Actual Startup Time": 426.293,
                            "Actual Total Time": 426.295,
                            "Actual Rows": 961424,
                            "Actual Loops": 2,
                            "Hash Buckets": 2097152,
                            "Original Hash Buckets": 2097152,
                            "Hash Batches": 1,
                            "Original Hash Batches": 1,
                            "Peak Memory Usage": 91648,
                            "Plans": [
                              {
                                "Node Type": "Seq Scan",
                                "Parent Relationship": "Outer",
                                "Parallel Aware": true,
                                "Relation Name": "title",
                                "Alias": "t",
                                "Startup Cost": 0.0,
                                "Total Cost": 54588.39,
                                "Plan Rows": 1129894,
                                "Plan Width": 4,
                                "Actual Startup Time": 0.041,
                                "Actual Total Time": 177.377,
                                "Actual Rows": 961424,
                                "Actual Loops": 2,
                                "Filter": "(production_year < 2010)",
                                "Rows Removed by Filter": 302732
                              }
                            ]
                          }
                        ]
                      }
                    ]
                  }
                ]
              }
            ]
          }
        ]
      }
    ]
  },
  "Planning Time": 1.14,
  "Triggers": [],
  "Execution Time": 19007.231
}