[
  {
    "Plan": {
      "Node Type": "Aggregate",
      "Strategy": "Plain",
      "Partial Mode": "Finalize",
      "Parallel Aware": false,
      "Startup Cost": 354512.23,
      "Total Cost": 354512.24,
      "Plan Rows": 1,
      "Plan Width": 8,
      "Actual Startup Time": 1029.727,
      "Actual Total Time": 1093.741,
      "Actual Rows": 1,
      "Actual Loops": 1,
      "Plans": [
        {
          "Node Type": "Gather",
          "Parent Relationship": "Outer",
          "Parallel Aware": false,
          "Startup Cost": 354511.6,
          "Total Cost": 354512.21,
          "Plan Rows": 6,
          "Plan Width": 8,
          "Actual Startup Time": 1029.362,
          "Actual Total Time": 1093.722,
          "Actual Rows": 7,
          "Actual Loops": 1,
          "Workers Planned": 6,
          "Workers Launched": 6,
          "Single Copy": false,
          "Plans": [
            {
              "Node Type": "Aggregate",
              "Strategy": "Plain",
              "Partial Mode": "Partial",
              "Parent Relationship": "Outer",
              "Parallel Aware": false,
              "Startup Cost": 353511.6,
              "Total Cost": 353511.61,
              "Plan Rows": 1,
              "Plan Width": 8,
              "Actual Startup Time": 1021.398,
              "Actual Total Time": 1021.399,
              "Actual Rows": 1,
              "Actual Loops": 7,
              "Plans": [
                {
                  "Node Type": "Seq Scan",
                  "Parent Relationship": "Outer",
                  "Parallel Aware": true,
                  "Relation Name": "cast_info",
                  "Alias": "ci",
                  "Startup Cost": 0.0,
                  "Total Cost": 343316.27,
                  "Plan Rows": 4078132,
                  "Plan Width": 0,
                  "Actual Startup Time": 126.044,
                  "Actual Total Time": 836.932,
                  "Actual Rows": 3381744,
                  "Actual Loops": 7,
                  "Filter": "((person_id > 812023) AND (role_id < 10))",
                  "Rows Removed by Filter": 1796020
                }
              ]
            }
          ]
        }
      ]
    },
    "Planning Time": 0.218,
    "Triggers": [],
    "Execution Time": 1093.824
  }
]