[
  {
    "Plan": {
      "Node Type": "Aggregate",
      "Strategy": "Plain",
      "Partial Mode": "Finalize",
      "Parallel Aware": false,
      "Startup Cost": 332462.12,
      "Total Cost": 332462.13,
      "Plan Rows": 1,
      "Plan Width": 8,
      "Actual Startup Time": 749.172,
      "Actual Total Time": 811.875,
      "Actual Rows": 1,
      "Actual Loops": 1,
      "Plans": [
        {
          "Node Type": "Gather",
          "Parent Relationship": "Outer",
          "Parallel Aware": false,
          "Startup Cost": 332461.49,
          "Total Cost": 332462.1,
          "Plan Rows": 6,
          "Plan Width": 8,
          "Actual Startup Time": 749.044,
          "Actual Total Time": 811.863,
          "Actual Rows": 7,
          "Actual Loops": 1,
          "Workers Planned": 6,
          "Workers Launched": 6,
          "Single Copy": false,
          "Plans": [
            {
              "Node Type": "Aggregate",
              "Strategy": "Plain",
              "Partial Mode": "Partial",
              "Parent Relationship": "Outer",
              "Parallel Aware": false,
              "Startup Cost": 331461.49,
              "Total Cost": 331461.5,
              "Plan Rows": 1,
              "Plan Width": 8,
              "Actual Startup Time": 738.422,
              "Actual Total Time": 738.424,
              "Actual Rows": 1,
              "Actual Loops": 7,
              "Plans": [
                {
                  "Node Type": "Seq Scan",
                  "Parent Relationship": "Outer",
                  "Parallel Aware": true,
                  "Relation Name": "cast_info",
                  "Alias": "ci",
                  "Startup Cost": 0.0,
                  "Total Cost": 328162.03,
                  "Plan Rows": 1319786,
                  "Plan Width": 0,
                  "Actual Startup Time": 404.486,
                  "Actual Total Time": 679.03,
                  "Actual Rows": 1120905,
                  "Actual Loops": 7,
                  "Filter": "(person_id > 2893410)",
                  "Rows Removed by Filter": 4056859
                }
              ]
            }
          ]
        }
      ]
    },
    "Planning Time": 0.18,
    "Triggers": [],
    "Execution Time": 811.948
  }
]