{
  "Plan": {
    "Node Type": "Aggregate",
    "Strategy": "Plain",
    "Partial Mode": "Finalize",
    "Parallel Aware": false,
    "Startup Cost": 3674811.56,
    "Total Cost": 3674811.57,
    "Plan Rows": 1,
    "Plan Width": 8,
    "Actual Startup Time": 22159.498,
    "Actual Total Time": 22257.666,
    "Actual Rows": 1,
    "Actual Loops": 1,
    "Plans": [
      {
        "Node Type": "Gather",
        "Parent Relationship": "Outer",
        "Parallel Aware": false,
        "Startup Cost": 3674811.44,
        "Total Cost": 3674811.55,
        "Plan Rows": 1,
        "Plan Width": 8,
        "Actual Startup Time": 22117.607,
        "Actual Total Time": 22257.657,
        "Actual Rows": 2,
        "Actual Loops": 1,
        "Workers Planned": 1,
        "Workers Launched": 1,
        "Single Copy": false,
        "Plans": [
          {
            "Node Type": "Aggregate",
            "Strategy": "Plain",
            "Partial Mode": "Partial",
            "Parent Relationship": "Outer",
            "Parallel Aware": false,
            "Startup Cost": 3673811.44,
            "Total Cost": 3673811.45,
            "Plan Rows": 1,
            "Plan Width": 8,
            "Actual Startup Time": 22112.771,
            "Actual Total Time": 22112.785,
            "Actual Rows": 1,
            "Actual Loops": 2,
            "Plans": [
              {
                "Node Type": "Merge Join",
                "Parent Relationship": "Outer",
                "Parallel Aware": false,
                "Join Type": "Inner",
                "Startup Cost": 1818569.59,
                "Total Cost": 3581618.7,
                "Plan Rows": 36877096,
                "Plan Width": 0,
                "Actual Startup Time": 5107.369,
                "Actual Total Time": 20525.295,
                "Actual Rows": 38551582,
                "Actual Loops": 2,
                "Inner Unique": false,
                "Merge Cond": "(t.id = mi.movie_id)",
                "Plans": [
                  {
                    "Node Type": "Merge Join",
                    "Parent Relationship": "Outer",
                    "Parallel Aware": false,
                    "Join Type": "Inner",
                    "Startup Cost": 1818566.52,
                    "Total Cost": 1933696.79,
                    "Plan Rows": 6306698,
                    "Plan Width": 8,
                    "Actual Startup Time": 5107.299,
                    "Actual Total Time": 8414.256,
                    "Actual Rows": 7160410,
                    "Actual Loops": 2,
                    "Inner Unique": true,
                    "Merge Cond": "(ci.movie_id = t.id)",
                    "Plans": [
                      {
                        "Node Type": "Sort",
                        "Parent Relationship": "Outer",
                        "Parallel Aware": false,
                        "Startup Cost": 1556713.14,
                        "Total Cost": 1578086.95,
                        "Plan Rows": 8549525,
                        "Plan Width": 4,
                        "Actual Startup Time": 4309.632,
                        "Actual Total Time": 5892.162,
                        "Actual Rows": 9838744,
                        "Actual Loops": 2,
                        "Sort Key": [
                          "ci.movie_id"
                        ],
                        "Sort Method": "quicksort",
                        "Sort Space Used": 860213,
                        "Sort Space Type": "Memory",
                        "Workers": [
                          {
                            "Worker Number": 0,
                            "Sort Method": "quicksort",
                            "Sort Space Used": 848603,
                            "Sort Space Type": "Memory"
                          }
                        ],
                        "Plans": [
                          {
                            "Node Type": "Seq Scan",
                            "Parent Relationship": "Outer",
                            "Parallel Aware": true,
                            "Relation Name": "cast_info",
                            "Alias": "ci",
                            "Startup Cost": 0.0,
                            "Total Cost": 572345.93,
                            "Plan Rows": 8549525,
                            "Plan Width": 4,
                            "Actual Startup Time": 500.541,
                            "Actual Total Time": 1880.616,
                            "Actual Rows": 9838744,
                            "Actual Loops": 2,
                            "Filter": "((person_id > 1385125) AND (role_id > 1))",
                            "Rows Removed by Filter": 8283428
                          }
                        ]
                      },
                      {
                        "Node Type": "Sort",
                        "Parent Relationship": "Inner",
                        "Parallel Aware": false,
                        "Startup Cost": 261852.47,
                        "Total Cost": 266515.07,
                        "Plan Rows": 1865037,
                        "Plan Width": 4,
                        "Actual Startup Time": 797.656,
                        "Actual Total Time": 1168.655,
                        "Actual Rows": 1864296,
                        "Actual Loops": 2,
                        "Sort Key": [
                          "t.id"
                        ],
                        "Sort Method": "quicksort",
                        "Sort Space Used": 136597,
                        "Sort Space Type": "Memory",
                        "Workers": [
                          {
                            "Worker Number": 0,
                            "Sort Method": "quicksort",
                            "Sort Space Used": 136597,
                            "Sort Space Type": "Memory"
                          }
                        ],
                        "Plans": [
                          {
                            "Node Type": "Seq Scan",
                            "Parent Relationship": "Outer",
                            "Parallel Aware": false,
                            "Relation Name": "title",
                            "Alias": "t",
                            "Startup Cost": 0.0,
                            "Total Cost": 67601.66,
                            "Plan Rows": 1865037,
                            "Plan Width": 4,
                            "Actual Startup Time": 0.035,
                            "Actual Total Time": 285.64,
                            "Actual Rows": 1865487,
                            "Actual Loops": 2,
                            "Filter": "(kind_id > 1)",
                            "Rows Removed by Filter": 662825
                          }
                        ]
                      }
                    ]
                  },
                  {
                    "Node Type": "Materialize",
                    "Parent Relationship": "Inner",
                    "Parallel Aware": false,
                    "Startup Cost": 0.43,
                    "Total Cost": 1116056.49,
                    "Plan Rows": 14783665,
                    "Plan Width": 4,
                    "Actual Startup Time": 0.066,
                    "Actual Total Time": 7559.368,
                    "Actual Rows": 47986288,
                    "Actual Loops": 2,
                    "Plans": [
                      {
                        "Node Type": "Index Only Scan",
                        "Parent Relationship": "Outer",
                        "Parallel Aware": false,
                        "Scan Direction": "Forward",
                        "Index Name": "movie_id_movie_info",
                        "Relation Name": "movie_info",
                        "Alias": "mi",
                        "Startup Cost": 0.43,
                        "Total Cost": 1079097.33,
                        "Plan Rows": 14783665,
                        "Plan Width": 4,
                        "Actual Startup Time": 0.062,
                        "Actual Total Time": 4553.017,
                        "Actual Rows": 14835007,
                        "Actual Loops": 2,
                        "Heap Fetches": 29670014
                      }
                    ]
                  }
                ]
              }
            ]
          }
        ]
      }
    ]
  },
  "Planning Time": 1.141,
  "Triggers": [],
  "Execution Time": 22314.739
}