[
  {
    "Plan": {
      "Node Type": "Aggregate",
      "Strategy": "Plain",
      "Partial Mode": "Finalize",
      "Parallel Aware": false,
      "Startup Cost": 347187.78,
      "Total Cost": 347187.79,
      "Plan Rows": 1,
      "Plan Width": 8,
      "Actual Startup Time": 576.8,
      "Actual Total Time": 609.996,
      "Actual Rows": 1,
      "Actual Loops": 1,
      "Plans": [
        {
          "Node Type": "Gather",
          "Parent Relationship": "Outer",
          "Parallel Aware": false,
          "Startup Cost": 347187.16,
          "Total Cost": 347187.77,
          "Plan Rows": 6,
          "Plan Width": 8,
          "Actual Startup Time": 576.643,
          "Actual Total Time": 609.987,
          "Actual Rows": 7,
          "Actual Loops": 1,
          "Workers Planned": 6,
          "Workers Launched": 6,
          "Single Copy": false,
          "Plans": [
            {
              "Node Type": "Aggregate",
              "Strategy": "Plain",
              "Partial Mode": "Partial",
              "Parent Relationship": "Outer",
              "Parallel Aware": false,
              "Startup Cost": 346187.16,
              "Total Cost": 346187.17,
              "Plan Rows": 1,
              "Plan Width": 8,
              "Actual Startup Time": 568.101,
              "Actual Total Time": 568.102,
              "Actual Rows": 1,
              "Actual Loops": 7,
              "Plans": [
                {
                  "Node Type": "Index Scan",
                  "Parent Relationship": "Outer",
                  "Parallel Aware": true,
                  "Scan Direction": "Forward",
                  "Index Name": "role_id_cast_info",
                  "Relation Name": "cast_info",
                  "Alias": "ci",
                  "Startup Cost": 0.56,
                  "Total Cost": 341155.22,
                  "Plan Rows": 2012776,
                  "Plan Width": 0,
                  "Actual Startup Time": 58.32,
                  "Actual Total Time": 473.852,
                  "Actual Rows": 1621790,
                  "Actual Loops": 7,
                  "Index Cond": "(role_id < 2)",
                  "Rows Removed by Index Recheck": 0,
                  "Filter": "(person_id > 181180)",
                  "Rows Removed by Filter": 188308
                }
              ]
            }
          ]
        }
      ]
    },
    "Planning Time": 0.123,
    "Triggers": [],
    "Execution Time": 610.038
  }
]