[
  {
    "Plan": {
      "Node Type": "Aggregate",
      "Strategy": "Plain",
      "Partial Mode": "Finalize",
      "Parallel Aware": false,
      "Startup Cost": 45286.82,
      "Total Cost": 45286.83,
      "Plan Rows": 1,
      "Plan Width": 8,
      "Actual Startup Time": 128.471,
      "Actual Total Time": 137.435,
      "Actual Rows": 1,
      "Actual Loops": 1,
      "Plans": [
        {
          "Node Type": "Gather",
          "Parent Relationship": "Outer",
          "Parallel Aware": false,
          "Startup Cost": 45286.5,
          "Total Cost": 45286.81,
          "Plan Rows": 3,
          "Plan Width": 8,
          "Actual Startup Time": 128.332,
          "Actual Total Time": 137.426,
          "Actual Rows": 4,
          "Actual Loops": 1,
          "Workers Planned": 3,
          "Workers Launched": 3,
          "Single Copy": false,
          "Plans": [
            {
              "Node Type": "Aggregate",
              "Strategy": "Plain",
              "Partial Mode": "Partial",
              "Parent Relationship": "Outer",
              "Parallel Aware": false,
              "Startup Cost": 44286.5,
              "Total Cost": 44286.51,
              "Plan Rows": 1,
              "Plan Width": 8,
              "Actual Startup Time": 123.58,
              "Actual Total Time": 123.581,
              "Actual Rows": 1,
              "Actual Loops": 4,
              "Plans": [
                {
                  "Node Type": "Seq Scan",
                  "Parent Relationship": "Outer",
                  "Parallel Aware": true,
                  "Relation Name": "movie_keyword",
                  "Alias": "mk",
                  "Startup Cost": 0.0,
                  "Total Cost": 42695.65,
                  "Plan Rows": 636340,
                  "Plan Width": 0,
                  "Actual Startup Time": 0.038,
                  "Actual Total Time": 102.385,
                  "Actual Rows": 494184,
                  "Actual Loops": 4,
                  "Filter": "(keyword_id < 3480)",
                  "Rows Removed by Filter": 636798
                }
              ]
            }
          ]
        }
      ]
    },
    "Planning Time": 0.1,
    "Triggers": [],
    "Execution Time": 137.476
  }
]