[
  {
    "Plan": {
      "Node Type": "Aggregate",
      "Strategy": "Plain",
      "Partial Mode": "Finalize",
      "Parallel Aware": false,
      "Startup Cost": 45282.17,
      "Total Cost": 45282.18,
      "Plan Rows": 1,
      "Plan Width": 8,
      "Actual Startup Time": 170.04,
      "Actual Total Time": 180.512,
      "Actual Rows": 1,
      "Actual Loops": 1,
      "Plans": [
        {
          "Node Type": "Gather",
          "Parent Relationship": "Outer",
          "Parallel Aware": false,
          "Startup Cost": 45281.85,
          "Total Cost": 45282.16,
          "Plan Rows": 3,
          "Plan Width": 8,
          "Actual Startup Time": 169.903,
          "Actual Total Time": 180.501,
          "Actual Rows": 4,
          "Actual Loops": 1,
          "Workers Planned": 3,
          "Workers Launched": 3,
          "Single Copy": false,
          "Plans": [
            {
              "Node Type": "Aggregate",
              "Strategy": "Plain",
              "Partial Mode": "Partial",
              "Parent Relationship": "Outer",
              "Parallel Aware": false,
              "Startup Cost": 44281.85,
              "Total Cost": 44281.86,
              "Plan Rows": 1,
              "Plan Width": 8,
              "Actual Startup Time": 161.453,
              "Actual Total Time": 161.454,
              "Actual Rows": 1,
              "Actual Loops": 4,
              "Plans": [
                {
                  "Node Type": "Seq Scan",
                  "Parent Relationship": "Outer",
                  "Parallel Aware": true,
                  "Relation Name": "movie_keyword",
                  "Alias": "mk",
                  "Startup Cost": 0.0,
                  "Total Cost": 42695.65,
                  "Plan Rows": 634479,
                  "Plan Width": 0,
                  "Actual Startup Time": 0.065,
                  "Actual Total Time": 133.858,
                  "Actual Rows": 494184,
                  "Actual Loops": 4,
                  "Filter": "(keyword_id < 3480)",
                  "Rows Removed by Filter": 636798
                }
              ]
            }
          ]
        }
      ]
    },
    "Planning Time": 0.19,
    "Triggers": [],
    "Execution Time": 180.568
  }
]