[
  {
    "Plan": {
      "Node Type": "Aggregate",
      "Strategy": "Plain",
      "Partial Mode": "Simple",
      "Parallel Aware": false,
      "Startup Cost": 294987.39,
      "Total Cost": 294987.4,
      "Plan Rows": 1,
      "Plan Width": 96,
      "Actual Startup Time": 1257.365,
      "Actual Total Time": 1327.689,
      "Actual Rows": 1,
      "Actual Loops": 1,
      "Plans": [
        {
          "Node Type": "Gather",
          "Parent Relationship": "Outer",
          "Parallel Aware": false,
          "Startup Cost": 250298.47,
          "Total Cost": 294987.38,
          "Plan Rows": 2,
          "Plan Width": 66,
          "Actual Startup Time": 1205.476,
          "Actual Total Time": 1325.678,
          "Actual Rows": 10839,
          "Actual Loops": 1,
          "Workers Planned": 4,
          "Workers Launched": 4,
          "Single Copy": false,
          "Plans": [
            {
              "Node Type": "Hash Join",
              "Parent Relationship": "Outer",
              "Parallel Aware": false,
              "Join Type": "Inner",
              "Startup Cost": 249298.47,
              "Total Cost": 293987.18,
              "Plan Rows": 1,
              "Plan Width": 66,
              "Actual Startup Time": 1195.745,
              "Actual Total Time": 1245.33,
              "Actual Rows": 2168,
              "Actual Loops": 5,
              "Inner Unique": true,
              "Hash Cond": "(t.kind_id = kt.id)",
              "Plans": [
                {
                  "Node Type": "Hash Join",
                  "Parent Relationship": "Outer",
                  "Parallel Aware": true,
                  "Join Type": "Inner",
                  "Startup Cost": 249297.37,
                  "Total Cost": 293986.05,
                  "Plan Rows": 4,
                  "Plan Width": 70,
                  "Actual Startup Time": 1112.416,
                  "Actual Total Time": 1244.064,
                  "Actual Rows": 2417,
                  "Actual Loops": 5,
                  "Inner Unique": false,
                  "Hash Cond": "(t.id = mi.movie_id)",
                  "Plans": [
                    {
                      "Node Type": "Seq Scan",
                      "Parent Relationship": "Outer",
                      "Parallel Aware": true,
                      "Relation Name": "title",
                      "Alias": "t",
                      "Startup Cost": 0.0,
                      "Total Cost": 42318.49,
                      "Plan Rows": 632049,
                      "Plan Width": 25,
                      "Actual Startup Time": 0.015,
                      "Actual Total Time": 84.86,
                      "Actual Rows": 505662,
                      "Actual Loops": 5
                    },
                    {
                      "Node Type": "Hash",
                      "Parent Relationship": "Inner",
                      "Parallel Aware": true,
                      "Startup Cost": 249297.33,
                      "Total Cost": 249297.33,
                      "Plan Rows": 3,
                      "Plan Width": 61,
                      "Actual Startup Time": 1108.078,
                      "Actual Total Time": 1108.095,
                      "Actual Rows": 2417,
                      "Actual Loops": 5,
                      "Hash Buckets": 16384,
                      "Original Hash Buckets": 1024,
                      "Hash Batches": 1,
                      "Original Hash Batches": 1,
                      "Peak Memory Usage": 1176,
                      "Plans": [
                        {
                          "Node Type": "Hash Join",
                          "Parent Relationship": "Outer",
                          "Parallel Aware": true,
                          "Join Type": "Inner",
                          "Startup Cost": 49445.37,
                          "Total Cost": 249297.33,
                          "Plan Rows": 3,
                          "Plan Width": 61,
                          "Actual Startup Time": 400.856,
                          "Actual Total Time": 1041.308,
                          "Actual Rows": 2417,
                          "Actual Loops": 5,
                          "Inner Unique": false,
                          "Hash Cond": "(mi.movie_id = mc.movie_id)",
                          "Plans": [
                            {
                              "Node Type": "Hash Join",
                              "Parent Relationship": "Outer",
                              "Parallel Aware": false,
                              "Join Type": "Inner",
                              "Startup Cost": 2.43,
                              "Total Cost": 199755.89,
                              "Plan Rows": 26264,
                              "Plan Width": 47,
                              "Actual Startup Time": 181.969,
                              "Actual Total Time": 771.422,
                              "Actual Rows": 607344,
                              "Actual Loops": 5,
                              "Inner Unique": true,
                              "Hash Cond": "(mi.info_type_id = it2.id)",
                              "Plans": [
                                {
                                  "Node Type": "Seq Scan",
                                  "Parent Relationship": "Outer",
                                  "Parallel Aware": true,
                                  "Relation Name": "movie_info",
                                  "Alias": "mi",
                                  "Startup Cost": 0.0,
                                  "Total Cost": 191670.84,
                                  "Plan Rows": 2967784,
                                  "Plan Width": 51,
                                  "Actual Startup Time": 0.02,
                                  "Actual Total Time": 463.115,
                                  "Actual Rows": 2967144,
                                  "Actual Loops": 5
                                },
                                {
                                  "Node Type": "Hash",
                                  "Parent Relationship": "Inner",
                                  "Parallel Aware": false,
                                  "Startup Cost": 2.41,
                                  "Total Cost": 2.41,
                                  "Plan Rows": 1,
                                  "Plan Width": 4,
                                  "Actual Startup Time": 0.025,
                                  "Actual Total Time": 0.026,
                                  "Actual Rows": 1,
                                  "Actual Loops": 5,
                                  "Hash Buckets": 1024,
                                  "Original Hash Buckets": 1024,
                                  "Hash Batches": 1,
                                  "Original Hash Batches": 1,
                                  "Peak Memory Usage": 9,
                                  "Plans": [
                                    {
                                      "Node Type": "Seq Scan",
                                      "Parent Relationship": "Outer",
                                      "Parallel Aware": false,
                                      "Relation Name": "info_type",
                                      "Alias": "it2",
                                      "Startup Cost": 0.0,
                                      "Total Cost": 2.41,
                                      "Plan Rows": 1,
                                      "Plan Width": 4,
                                      "Actual Startup Time": 0.011,
                                      "Actual Total Time": 0.018,
                                      "Actual Rows": 1,
                                      "Actual Loops": 5,
                                      "Filter": "((info)::text = 'release dates'::text)",
                                      "Rows Removed by Filter": 112
                                    }
                                  ]
                                }
                              ]
                            },
                            {
                              "Node Type": "Hash",
                              "Parent Relationship": "Inner",
                              "Parallel Aware": true,
                              "Startup Cost": 49442.66,
                              "Total Cost": 49442.66,
                              "Plan Rows": 23,
                              "Plan Width": 14,
                              "Actual Startup Time": 216.251,
                              "Actual Total Time": 216.262,
                              "Actual Rows": 169,
                              "Actual Loops": 5,
                              "Hash Buckets": 1024,
                              "Original Hash Buckets": 1024,
                              "Hash Batches": 1,
                              "Original Hash Batches": 1,
                              "Peak Memory Usage": 168,
                              "Plans": [
                                {
                                  "Node Type": "Hash Join",
                                  "Parent Relationship": "Outer",
                                  "Parallel Aware": true,
                                  "Join Type": "Inner",
                                  "Startup Cost": 34172.32,
                                  "Total Cost": 49442.66,
                                  "Plan Rows": 23,
                                  "Plan Width": 14,
                                  "Actual Startup Time": 144.56,
                                  "Actual Total Time": 216.071,
                                  "Actual Rows": 169,
                                  "Actual Loops": 5,
                                  "Inner Unique": false,
                                  "Hash Cond": "(miidx.movie_id = mc.movie_id)",
                                  "Plans": [
                                    {
                                      "Node Type": "Hash Join",
                                      "Parent Relationship": "Outer",
                                      "Parallel Aware": false,
                                      "Join Type": "Inner",
                                      "Startup Cost": 2.43,
                                      "Total Cost": 15253.6,
                                      "Plan Rows": 5089,
                                      "Plan Width": 10,
                                      "Actual Startup Time": 0.131,
                                      "Actual Total Time": 65.075,
                                      "Actual Rows": 91985,
                                      "Actual Loops": 5,
                                      "Inner Unique": true,
                                      "Hash Cond": "(miidx.info_type_id = it.id)",
                                      "Plans": [
                                        {
                                          "Node Type": "Seq Scan",
                                          "Parent Relationship": "Outer",
                                          "Parallel Aware": true,
                                          "Relation Name": "movie_info_idx",
                                          "Alias": "miidx",
                                          "Startup Cost": 0.0,
                                          "Total Cost": 13685.15,
                                          "Plan Rows": 575015,
                                          "Plan Width": 14,
                                          "Actual Startup Time": 0.03,
                                          "Actual Total Time": 33.814,
                                          "Actual Rows": 276007,
                                          "Actual Loops": 5
                                        },
                                        {
                                          "Node Type": "Hash",
                                          "Parent Relationship": "Inner",
                                          "Parallel Aware": false,
                                          "Startup Cost": 2.41,
                                          "Total Cost": 2.41,
                                          "Plan Rows": 1,
                                          "Plan Width": 4,
                                          "Actual Startup Time": 0.065,
                                          "Actual Total Time": 0.066,
                                          "Actual Rows": 1,
                                          "Actual Loops": 5,
                                          "Hash Buckets": 1024,
                                          "Original Hash Buckets": 1024,
                                          "Hash Batches": 1,
                                          "Original Hash Batches": 1,
                                          "Peak Memory Usage": 9,
                                          "Plans": [
                                            {
                                              "Node Type": "Seq Scan",
                                              "Parent Relationship": "Outer",
                                              "Parallel Aware": false,
                                              "Relation Name": "info_type",
                                              "Alias": "it",
                                              "Startup Cost": 0.0,
                                              "Total Cost": 2.41,
                                              "Plan Rows": 1,
                                              "Plan Width": 4,
                                              "Actual Startup Time": 0.052,
                                              "Actual Total Time": 0.054,
                                              "Actual Rows": 1,
                                              "Actual Loops": 5,
                                              "Filter": "((info)::text = 'rating'::text)",
                                              "Rows Removed by Filter": 112
                                            }
                                          ]
                                        }
                                      ]
                                    },
                                    {
                                      "Node Type": "Hash",
                                      "Parent Relationship": "Inner",
                                      "Parallel Aware": true,
                                      "Startup Cost": 34161.04,
                                      "Total Cost": 34161.04,
                                      "Plan Rows": 708,
                                      "Plan Width": 4,
                                      "Actual Startup Time": 143.387,
                                      "Actual Total Time": 143.393,
                                      "Actual Rows": 306,
                                      "Actual Loops": 5,
                                      "Hash Buckets": 4096,
                                      "Original Hash Buckets": 4096,
                                      "Hash Batches": 1,
                                      "Original Hash Batches": 1,
                                      "Peak Memory Usage": 192,
                                      "Plans": [
                                        {
                                          "Node Type": "Hash Join",
                                          "Parent Relationship": "Outer",
                                          "Parallel Aware": false,
                                          "Join Type": "Inner",
                                          "Startup Cost": 4729.79,
                                          "Total Cost": 34161.04,
                                          "Plan Rows": 708,
                                          "Plan Width": 4,
                                          "Actual Startup Time": 22.107,
                                          "Actual Total Time": 143.127,
                                          "Actual Rows": 306,
                                          "Actual Loops": 5,
                                          "Inner Unique": true,
                                          "Hash Cond": "(mc.company_type_id = ct.id)",
                                          "Plans": [
                                            {
                                              "Node Type": "Hash Join",
                                              "Parent Relationship": "Outer",
                                              "Parallel Aware": true,
                                              "Join Type": "Inner",
                                              "Startup Cost": 4728.73,
                                              "Total Cost": 34144.67,
                                              "Plan Rows": 2833,
                                              "Plan Width": 8,
                                              "Actual Startup Time": 21.976,
                                              "Actual Total Time": 142.841,
                                              "Actual Rows": 766,
                                              "Actual Loops": 5,
                                              "Inner Unique": true,
                                              "Hash Cond": "(mc.company_id = cn.id)",
                                              "Plans": [
                                                {
                                                  "Node Type": "Seq Scan",
                                                  "Parent Relationship": "Outer",
                                                  "Parallel Aware": true,
                                                  "Relation Name": "movie_companies",
                                                  "Alias": "mc",
                                                  "Startup Cost": 0.0,
                                                  "Total Cost": 27206.55,
                                                  "Plan Rows": 841655,
                                                  "Plan Width": 12,
                                                  "Actual Startup Time": 0.032,
                                                  "Actual Total Time": 71.759,
                                                  "Actual Rows": 521826,
                                                  "Actual Loops": 5
                                                },
                                                {
                                                  "Node Type": "Hash",
                                                  "Parent Relationship": "Inner",
                                                  "Parallel Aware": true,
                                                  "Startup Cost": 4722.92,
                                                  "Total Cost": 4722.92,
                                                  "Plan Rows": 465,
                                                  "Plan Width": 4,
                                                  "Actual Startup Time": 21.26,
                                                  "Actual Total Time": 21.26,
                                                  "Actual Rows": 149,
                                                  "Actual Loops": 5,
                                                  "Hash Buckets": 1024,
                                                  "Original Hash Buckets": 1024,
                                                  "Hash Batches": 1,
                                                  "Original Hash Batches": 1,
                                                  "Peak Memory Usage": 168,
                                                  "Plans": [
                                                    {
                                                      "Node Type": "Seq Scan",
                                                      "Parent Relationship": "Outer",
                                                      "Parallel Aware": true,
                                                      "Relation Name": "company_name",
                                                      "Alias": "cn",
                                                      "Startup Cost": 0.0,
                                                      "Total Cost": 4722.92,
                                                      "Plan Rows": 465,
                                                      "Plan Width": 4,
                                                      "Actual Startup Time": 0.22,
                                                      "Actual Total Time": 20.969,
                                                      "Actual Rows": 149,
                                                      "Actual Loops": 5,
                                                      "Filter": "((country_code)::text = '[il]'::text)",
                                                      "Rows Removed by Filter": 46850
                                                    }
                                                  ]
                                                }
                                              ]
                                            },
                                            {
                                              "Node Type": "Hash",
                                              "Parent Relationship": "Inner",
                                              "Parallel Aware": false,
                                              "Startup Cost": 1.05,
                                              "Total Cost": 1.05,
                                              "Plan Rows": 1,
                                              "Plan Width": 4,
                                              "Actual Startup Time": 0.074,
                                              "Actual Total Time": 0.075,
                                              "Actual Rows": 1,
                                              "Actual Loops": 5,
                                              "Hash Buckets": 1024,
                                              "Original Hash Buckets": 1024,
                                              "Hash Batches": 1,
                                              "Original Hash Batches": 1,
                                              "Peak Memory Usage": 9,
                                              "Plans": [
                                                {
                                                  "Node Type": "Seq Scan",
                                                  "Parent Relationship": "Outer",
                                                  "Parallel Aware": false,
                                                  "Relation Name": "company_type",
                                                  "Alias": "ct",
                                                  "Startup Cost": 0.0,
                                                  "Total Cost": 1.05,
                                                  "Plan Rows": 1,
                                                  "Plan Width": 4,
                                                  "Actual Startup Time": 0.06,
                                                  "Actual Total Time": 0.063,
                                                  "Actual Rows": 1,
                                                  "Actual Loops": 5,
                                                  "Filter": "((kind)::text = 'distributors'::text)",
                                                  "Rows Removed by Filter": 3
                                                }
                                              ]
                                            }
                                          ]
                                        }
                                      ]
                                    }
                                  ]
                                }
                              ]
                            }
                          ]
                        }
                      ]
                    }
                  ]
                },
                {
                  "Node Type": "Hash",
                  "Parent Relationship": "Inner",
                  "Parallel Aware": false,
                  "Startup Cost": 1.09,
                  "Total Cost": 1.09,
                  "Plan Rows": 1,
                  "Plan Width": 4,
                  "Actual Startup Time": 0.118,
                  "Actual Total Time": 0.118,
                  "Actual Rows": 1,
                  "Actual Loops": 5,
                  "Hash Buckets": 1024,
                  "Original Hash Buckets": 1024,
                  "Hash Batches": 1,
                  "Original Hash Batches": 1,
                  "Peak Memory Usage": 9,
                  "Plans": [
                    {
                      "Node Type": "Seq Scan",
                      "Parent Relationship": "Outer",
                      "Parallel Aware": false,
                      "Relation Name": "kind_type",
                      "Alias": "kt",
                      "Startup Cost": 0.0,
                      "Total Cost": 1.09,
                      "Plan Rows": 1,
                      "Plan Width": 4,
                      "Actual Startup Time": 0.09,
                      "Actual Total Time": 0.095,
                      "Actual Rows": 1,
                      "Actual Loops": 5,
                      "Filter": "((kind)::text = 'movie'::text)",
                      "Rows Removed by Filter": 6
                    }
                  ]
                }
              ]
            }
          ]
        }
      ]
    },
    "Planning Time": 17.187,
    "Triggers": [],
    "Execution Time": 1328.217
  }
]