[
    {
        "Bao": {
            "Bao prediction": "NaN",
            "Bao recommended hint": "(no hint)"
        }
    },
    {
        "Plan": {
            "Node Type": "Aggregate",
            "Strategy": "Plain",
            "Partial Mode": "Finalize",
            "Parallel Aware": false,
            "Startup Cost": 36462.5,
            "Total Cost": 36462.51,
            "Plan Rows": 1,
            "Plan Width": 8,
            "Actual Startup Time": 120.26,
            "Actual Total Time": 125.248,
            "Actual Rows": 1,
            "Actual Loops": 1,
            "Output": [
                "count(*)"
            ],
            "Plans": [
                {
                    "Node Type": "Gather",
                    "Parent Relationship": "Outer",
                    "Parallel Aware": false,
                    "Startup Cost": 36462.18,
                    "Total Cost": 36462.49,
                    "Plan Rows": 3,
                    "Plan Width": 8,
                    "Actual Startup Time": 120.03,
                    "Actual Total Time": 125.237,
                    "Actual Rows": 4,
                    "Actual Loops": 1,
                    "Output": [
                        "(PARTIAL count(*))"
                    ],
                    "Workers Planned": 3,
                    "Workers Launched": 3,
                    "Single Copy": false,
                    "Plans": [
                        {
                            "Node Type": "Aggregate",
                            "Strategy": "Plain",
                            "Partial Mode": "Partial",
                            "Parent Relationship": "Outer",
                            "Parallel Aware": false,
                            "Startup Cost": 35462.18,
                            "Total Cost": 35462.19,
                            "Plan Rows": 1,
                            "Plan Width": 8,
                            "Actual Startup Time": 111.458,
                            "Actual Total Time": 111.461,
                            "Actual Rows": 1,
                            "Actual Loops": 4,
                            "Output": [
                                "PARTIAL count(*)"
                            ],
                            "Workers": [
                                {
                                    "Worker Number": 0,
                                    "Actual Startup Time": 108.655,
                                    "Actual Total Time": 108.657,
                                    "Actual Rows": 1,
                                    "Actual Loops": 1
                                },
                                {
                                    "Worker Number": 1,
                                    "Actual Startup Time": 108.656,
                                    "Actual Total Time": 108.657,
                                    "Actual Rows": 1,
                                    "Actual Loops": 1
                                },
                                {
                                    "Worker Number": 2,
                                    "Actual Startup Time": 108.889,
                                    "Actual Total Time": 108.89,
                                    "Actual Rows": 1,
                                    "Actual Loops": 1
                                }
                            ],
                            "Plans": [
                                {
                                    "Node Type": "Bitmap Heap Scan",
                                    "Parent Relationship": "Outer",
                                    "Parallel Aware": true,
                                    "Relation Name": "movie_keyword",
                                    "Schema": "public",
                                    "Alias": "mk",
                                    "Startup Cost": 8963.44,
                                    "Total Cost": 35121.39,
                                    "Plan Rows": 136316,
                                    "Plan Width": 0,
                                    "Actual Startup Time": 40.888,
                                    "Actual Total Time": 104.272,
                                    "Actual Rows": 102761,
                                    "Actual Loops": 4,
                                    "Recheck Cond": "(mk.keyword_id > 42060)",
                                    "Rows Removed by Index Recheck": 0,
                                    "Exact Heap Blocks": 8187,
                                    "Lossy Heap Blocks": 0,
                                    "Workers": [
                                        {
                                            "Worker Number": 0,
                                            "Actual Startup Time": 38.312,
                                            "Actual Total Time": 102.368,
                                            "Actual Rows": 88496,
                                            "Actual Loops": 1
                                        },
                                        {
                                            "Worker Number": 1,
                                            "Actual Startup Time": 38.141,
                                            "Actual Total Time": 102.423,
                                            "Actual Rows": 86668,
                                            "Actual Loops": 1
                                        },
                                        {
                                            "Worker Number": 2,
                                            "Actual Startup Time": 38.385,
                                            "Actual Total Time": 102.598,
                                            "Actual Rows": 87741,
                                            "Actual Loops": 1
                                        }
                                    ],
                                    "Plans": [
                                        {
                                            "Node Type": "Bitmap Index Scan",
                                            "Parent Relationship": "Outer",
                                            "Parallel Aware": false,
                                            "Index Name": "keyword_id_movie_keyword",
                                            "Startup Cost": 0.0,
                                            "Total Cost": 8857.79,
                                            "Plan Rows": 422581,
                                            "Plan Width": 0,
                                            "Actual Startup Time": 43.427,
                                            "Actual Total Time": 43.433,
                                            "Actual Rows": 411045,
                                            "Actual Loops": 1,
                                            "Index Cond": "(mk.keyword_id > 42060)"
                                        }
                                    ]
                                }
                            ]
                        }
                    ]
                }
            ]
        },
        "Planning Time": 281.61,
        "Triggers": [],
        "Execution Time": 125.324
    }
]