[
  {
    "Plan": {
      "Node Type": "Aggregate",
      "Strategy": "Plain",
      "Partial Mode": "Finalize",
      "Parallel Aware": false,
      "Startup Cost": 211271.04,
      "Total Cost": 211271.05,
      "Plan Rows": 1,
      "Plan Width": 8,
      "Actual Startup Time": 1078.871,
      "Actual Total Time": 1110.763,
      "Actual Rows": 1,
      "Actual Loops": 1,
      "Plans": [
        {
          "Node Type": "Gather",
          "Parent Relationship": "Outer",
          "Parallel Aware": false,
          "Startup Cost": 211270.52,
          "Total Cost": 211271.03,
          "Plan Rows": 5,
          "Plan Width": 8,
          "Actual Startup Time": 1074.676,
          "Actual Total Time": 1110.753,
          "Actual Rows": 6,
          "Actual Loops": 1,
          "Workers Planned": 5,
          "Workers Launched": 5,
          "Single Copy": false,
          "Plans": [
            {
              "Node Type": "Aggregate",
              "Strategy": "Plain",
              "Partial Mode": "Partial",
              "Parent Relationship": "Outer",
              "Parallel Aware": false,
              "Startup Cost": 210270.52,
              "Total Cost": 210270.53,
              "Plan Rows": 1,
              "Plan Width": 8,
              "Actual Startup Time": 1062.539,
              "Actual Total Time": 1062.542,
              "Actual Rows": 1,
              "Actual Loops": 6,
              "Plans": [
                {
                  "Node Type": "Nested Loop",
                  "Parent Relationship": "Outer",
                  "Parallel Aware": false,
                  "Join Type": "Inner",
                  "Startup Cost": 90139.1,
                  "Total Cost": 210220.42,
                  "Plan Rows": 20040,
                  "Plan Width": 0,
                  "Actual Startup Time": 319.878,
                  "Actual Total Time": 1056.548,
                  "Actual Rows": 81664,
                  "Actual Loops": 6,
                  "Inner Unique": false,
                  "Join Filter": "(t.id = mi.movie_id)",
                  "Rows Removed by Join Filter": 0,
                  "Plans": [
                    {
                      "Node Type": "Merge Join",
                      "Parent Relationship": "Outer",
                      "Parallel Aware": false,
                      "Join Type": "Inner",
                      "Startup Cost": 90138.66,
                      "Total Cost": 135541.61,
                      "Plan Rows": 38265,
                      "Plan Width": 8,
                      "Actual Startup Time": 319.742,
                      "Actual Total Time": 475.562,
                      "Actual Rows": 72378,
                      "Actual Loops": 6,
                      "Inner Unique": true,
                      "Merge Cond": "(mi_idx.movie_id = t.id)",
                      "Plans": [
                        {
                          "Node Type": "Index Only Scan",
                          "Parent Relationship": "Outer",
                          "Parallel Aware": true,
                          "Scan Direction": "Forward",
                          "Index Name": "movie_id_movie_info_idx",
                          "Relation Name": "movie_info_idx",
                          "Alias": "mi_idx",
                          "Startup Cost": 0.43,
                          "Total Cost": 42579.94,
                          "Plan Rows": 276007,
                          "Plan Width": 4,
                          "Actual Startup Time": 0.216,
                          "Actual Total Time": 56.226,
                          "Actual Rows": 230006,
                          "Actual Loops": 6,
                          "Heap Fetches": 1380035
                        },
                        {
                          "Node Type": "Sort",
                          "Parent Relationship": "Inner",
                          "Parallel Aware": false,
                          "Startup Cost": 90138.2,
                          "Total Cost": 91014.49,
                          "Plan Rows": 350515,
                          "Plan Width": 4,
                          "Actual Startup Time": 295.277,
                          "Actual Total Time": 365.866,
                          "Actual Rows": 423443,
                          "Actual Loops": 6,
                          "Sort Key": [
                            "t.id"
                          ],
                          "Sort Method": "quicksort",
                          "Sort Space Used": 32190,
                          "Sort Space Type": "Memory",
                          "Workers": [
                            {
                              "Worker Number": 0,
                              "Sort Method": "quicksort",
                              "Sort Space Used": 32190,
                              "Sort Space Type": "Memory"
                            },
                            {
                              "Worker Number": 1,
                              "Sort Method": "quicksort",
                              "Sort Space Used": 32190,
                              "Sort Space Type": "Memory"
                            },
                            {
                              "Worker Number": 2,
                              "Sort Method": "quicksort",
                              "Sort Space Used": 32190,
                              "Sort Space Type": "Memory"
                            },
                            {
                              "Worker Number": 3,
                              "Sort Method": "quicksort",
                              "Sort Space Used": 32190,
                              "Sort Space Type": "Memory"
                            },
                            {
                              "Worker Number": 4,
                              "Sort Method": "quicksort",
                              "Sort Space Used": 32190,
                              "Sort Space Type": "Memory"
                            }
                          ],
                          "Plans": [
                            {
                              "Node Type": "Bitmap Heap Scan",
                              "Parent Relationship": "Outer",
                              "Parallel Aware": false,
                              "Relation Name": "title",
                              "Alias": "t",
                              "Startup Cost": 11910.48,
                              "Total Cost": 57857.32,
                              "Plan Rows": 350515,
                              "Plan Width": 4,
                              "Actual Startup Time": 51.051,
                              "Actual Total Time": 174.807,
                              "Actual Rows": 424572,
                              "Actual Loops": 6,
                              "Recheck Cond": "(kind_id = 1)",
                              "Rows Removed by Index Recheck": 0,
                              "Filter": "(production_year < 2005)",
                              "Rows Removed by Filter": 238253,
                              "Exact Heap Blocks": 12863,
                              "Lossy Heap Blocks": 0,
                              "Plans": [
                                {
                                  "Node Type": "Bitmap Index Scan",
                                  "Parent Relationship": "Outer",
                                  "Parallel Aware": false,
                                  "Index Name": "kind_id_title",
                                  "Startup Cost": 0.0,
                                  "Total Cost": 11822.85,
                                  "Plan Rows": 663256,
                                  "Plan Width": 0,
                                  "Actual Startup Time": 49.28,
                                  "Actual Total Time": 49.281,
                                  "Actual Rows": 662825,
                                  "Actual Loops": 6,
                                  "Index Cond": "(kind_id = 1)"
                                }
                              ]
                            }
                          ]
                        }
                      ]
                    },
                    {
                      "Node Type": "Index Scan",
                      "Parent Relationship": "Inner",
                      "Parallel Aware": false,
                      "Scan Direction": "Forward",
                      "Index Name": "movie_id_movie_info",
                      "Relation Name": "movie_info",
                      "Alias": "mi",
                      "Startup Cost": 0.43,
                      "Total Cost": 1.9,
                      "Plan Rows": 4,
                      "Plan Width": 4,
                      "Actual Startup Time": 0.007,
                      "Actual Total Time": 0.008,
                      "Actual Rows": 1,
                      "Actual Loops": 434269,
                      "Index Cond": "(movie_id = mi_idx.movie_id)",
                      "Rows Removed by Index Recheck": 0,
                      "Filter": "(info_type_id = 8)",
                      "Rows Removed by Filter": 21
                    }
                  ]
                }
              ]
            }
          ]
        }
      ]
    },
    "Planning Time": 1.352,
    "Triggers": [],
    "Execution Time": 1114.995
  }
]