[
  {
    "Plan": {
      "Node Type": "Aggregate",
      "Strategy": "Plain",
      "Partial Mode": "Finalize",
      "Parallel Aware": false,
      "Startup Cost": 33065.87,
      "Total Cost": 33065.88,
      "Plan Rows": 1,
      "Plan Width": 8,
      "Actual Startup Time": 86.616,
      "Actual Total Time": 92.968,
      "Actual Rows": 1,
      "Actual Loops": 1,
      "Plans": [
        {
          "Node Type": "Gather",
          "Parent Relationship": "Outer",
          "Parallel Aware": false,
          "Startup Cost": 33065.55,
          "Total Cost": 33065.86,
          "Plan Rows": 3,
          "Plan Width": 8,
          "Actual Startup Time": 86.487,
          "Actual Total Time": 92.959,
          "Actual Rows": 4,
          "Actual Loops": 1,
          "Workers Planned": 3,
          "Workers Launched": 3,
          "Single Copy": false,
          "Plans": [
            {
              "Node Type": "Aggregate",
              "Strategy": "Plain",
              "Partial Mode": "Partial",
              "Parent Relationship": "Outer",
              "Parallel Aware": false,
              "Startup Cost": 32065.55,
              "Total Cost": 32065.56,
              "Plan Rows": 1,
              "Plan Width": 8,
              "Actual Startup Time": 79.608,
              "Actual Total Time": 79.609,
              "Actual Rows": 1,
              "Actual Loops": 4,
              "Plans": [
                {
                  "Node Type": "Seq Scan",
                  "Parent Relationship": "Outer",
                  "Parallel Aware": true,
                  "Relation Name": "movie_companies",
                  "Alias": "mc",
                  "Startup Cost": 0.0,
                  "Total Cost": 31414.82,
                  "Plan Rows": 260294,
                  "Plan Width": 0,
                  "Actual Startup Time": 45.372,
                  "Actual Total Time": 74.654,
                  "Actual Rows": 126094,
                  "Actual Loops": 4,
                  "Filter": "((company_id < 15550) AND (company_type_id > 1))",
                  "Rows Removed by Filter": 526189
                }
              ]
            }
          ]
        }
      ]
    },
    "Planning Time": 0.212,
    "Triggers": [],
    "Execution Time": 93.024
  }
]