{
  "Plan": {
    "Node Type": "Aggregate",
    "Strategy": "Plain",
    "Partial Mode": "Finalize",
    "Parallel Aware": false,
    "Startup Cost": 680135.8,
    "Total Cost": 680135.81,
    "Plan Rows": 1,
    "Plan Width": 96,
    "Actual Startup Time": 4256.453,
    "Actual Total Time": 4374.817,
    "Actual Rows": 1,
    "Actual Loops": 1,
    "Plans": [
      {
        "Node Type": "Gather",
        "Parent Relationship": "Outer",
        "Parallel Aware": false,
        "Startup Cost": 680135.68,
        "Total Cost": 680135.79,
        "Plan Rows": 1,
        "Plan Width": 96,
        "Actual Startup Time": 4255.937,
        "Actual Total Time": 4374.806,
        "Actual Rows": 2,
        "Actual Loops": 1,
        "Workers Planned": 1,
        "Workers Launched": 1,
        "Single Copy": false,
        "Plans": [
          {
            "Node Type": "Aggregate",
            "Strategy": "Plain",
            "Partial Mode": "Partial",
            "Parent Relationship": "Outer",
            "Parallel Aware": false,
            "Startup Cost": 679135.68,
            "Total Cost": 679135.69,
            "Plan Rows": 1,
            "Plan Width": 96,
            "Actual Startup Time": 4247.543,
            "Actual Total Time": 4247.567,
            "Actual Rows": 1,
            "Actual Loops": 2,
            "Plans": [
              {
                "Node Type": "Nested Loop",
                "Parent Relationship": "Outer",
                "Parallel Aware": false,
                "Join Type": "Inner",
                "Startup Cost": 674223.12,
                "Total Cost": 679135.67,
                "Plan Rows": 1,
                "Plan Width": 48,
                "Actual Startup Time": 4228.151,
                "Actual Total Time": 4247.528,
                "Actual Rows": 62,
                "Actual Loops": 2,
                "Inner Unique": true,
                "Join Filter": "(mi.movie_id = t.id)",
                "Rows Removed by Join Filter": 0,
                "Plans": [
                  {
                    "Node Type": "Hash Join",
                    "Parent Relationship": "Outer",
                    "Parallel Aware": true,
                    "Join Type": "Inner",
                    "Startup Cost": 674222.69,
                    "Total Cost": 679135.17,
                    "Plan Rows": 1,
                    "Plan Width": 47,
                    "Actual Startup Time": 4228.064,
                    "Actual Total Time": 4246.681,
                    "Actual Rows": 354,
                    "Actual Loops": 2,
                    "Inner Unique": false,
                    "Hash Cond": "(cn.id = mc.company_id)",
                    "Plans": [
                      {
                        "Node Type": "Seq Scan",
                        "Parent Relationship": "Outer",
                        "Parallel Aware": true,
                        "Relation Name": "company_name",
                        "Alias": "cn",
                        "Startup Cost": 0.0,
                        "Total Cost": 4722.92,
                        "Plan Rows": 50548,
                        "Plan Width": 4,
                        "Actual Startup Time": 0.026,
                        "Actual Total Time": 16.159,
                        "Actual Rows": 42422,
                        "Actual Loops": 2,
                        "Filter": "((country_code)::text = '[us]'::text)",
                        "Rows Removed by Filter": 75077
                      },
                      {
                        "Node Type": "Hash",
                        "Parent Relationship": "Inner",
                        "Parallel Aware": true,
                        "Startup Cost": 674222.67,
                        "Total Cost": 674222.67,
                        "Plan Rows": 1,
                        "Plan Width": 51,
                        "Actual Startup Time": 4226.947,
                        "Actual Total Time": 4226.967,
                        "Actual Rows": 1060,
                        "Actual Loops": 2,
                        "Hash Buckets": 2048,
                        "Original Hash Buckets": 1024,
                        "Hash Batches": 1,
                        "Original Hash Batches": 1,
                        "Peak Memory Usage": 216,
                        "Plans": [
                          {
                            "Node Type": "Hash Join",
                            "Parent Relationship": "Outer",
                            "Parallel Aware": true,
                            "Join Type": "Inner",
                            "Startup Cost": 643859.9,
                            "Total Cost": 674222.67,
                            "Plan Rows": 1,
                            "Plan Width": 51,
                            "Actual Startup Time": 4080.415,
                            "Actual Total Time": 4226.588,
                            "Actual Rows": 1060,
                            "Actual Loops": 2,
                            "Inner Unique": false,
                            "Hash Cond": "(mc.movie_id = mi.movie_id)",
                            "Plans": [
                              {
                                "Node Type": "Seq Scan",
                                "Parent Relationship": "Outer",
                                "Parallel Aware": true,
                                "Relation Name": "movie_companies",
                                "Alias": "mc",
                                "Startup Cost": 0.0,
                                "Total Cost": 27206.55,
                                "Plan Rows": 841655,
                                "Plan Width": 8,
                                "Actual Startup Time": 0.015,
                                "Actual Total Time": 104.955,
                                "Actual Rows": 1304564,
                                "Actual Loops": 2
                              },
                              {
                                "Node Type": "Hash",
                                "Parent Relationship": "Inner",
                                "Parallel Aware": true,
                                "Startup Cost": 643859.89,
                                "Total Cost": 643859.89,
                                "Plan Rows": 1,
                                "Plan Width": 43,
                                "Actual Startup Time": 4043.455,
                                "Actual Total Time": 4043.474,
                                "Actual Rows": 88,
                                "Actual Loops": 2,
                                "Hash Buckets": 1024,
                                "Original Hash Buckets": 1024,
                                "Hash Batches": 1,
                                "Original Hash Batches": 1,
                                "Peak Memory Usage": 72,
                                "Plans": [
                                  {
                                    "Node Type": "Nested Loop",
                                    "Parent Relationship": "Outer",
                                    "Parallel Aware": false,
                                    "Join Type": "Inner",
                                    "Startup Cost": 572606.81,
                                    "Total Cost": 643859.89,
                                    "Plan Rows": 1,
                                    "Plan Width": 43,
                                    "Actual Startup Time": 3855.923,
                                    "Actual Total Time": 4043.352,
                                    "Actual Rows": 88,
                                    "Actual Loops": 2,
                                    "Inner Unique": true,
                                    "Plans": [
                                      {
                                        "Node Type": "Nested Loop",
                                        "Parent Relationship": "Outer",
                                        "Parallel Aware": false,
                                        "Join Type": "Inner",
                                        "Startup Cost": 572606.68,
                                        "Total Cost": 643859.72,
                                        "Plan Rows": 1,
                                        "Plan Width": 47,
                                        "Actual Startup Time": 3855.897,
                                        "Actual Total Time": 4043.234,
                                        "Actual Rows": 88,
                                        "Actual Loops": 2,
                                        "Inner Unique": true,
                                        "Plans": [
                                          {
                                            "Node Type": "Nested Loop",
                                            "Parent Relationship": "Outer",
                                            "Parallel Aware": false,
                                            "Join Type": "Inner",
                                            "Startup Cost": 572606.25,
                                            "Total Cost": 643859.06,
                                            "Plan Rows": 1,
                                            "Plan Width": 35,
                                            "Actual Startup Time": 3855.828,
                                            "Actual Total Time": 4042.718,
                                            "Actual Rows": 88,
                                            "Actual Loops": 2,
                                            "Inner Unique": true,
                                            "Plans": [
                                              {
                                                "Node Type": "Hash Join",
                                                "Parent Relationship": "Outer",
                                                "Parallel Aware": true,
                                                "Join Type": "Inner",
                                                "Startup Cost": 572606.11,
                                                "Total Cost": 643858.88,
                                                "Plan Rows": 1,
                                                "Plan Width": 39,
                                                "Actual Startup Time": 3855.793,
                                                "Actual Total Time": 4042.566,
                                                "Actual Rows": 88,
                                                "Actual Loops": 2,
                                                "Inner Unique": false,
                                                "Hash Cond": "(n.id = ci.person_id)",
                                                "Plans": [
                                                  {
                                                    "Node Type": "Seq Scan",
                                                    "Parent Relationship": "Outer",
                                                    "Parallel Aware": true,
                                                    "Relation Name": "name",
                                                    "Alias": "n",
                                                    "Startup Cost": 0.0,
                                                    "Total Cost": 71240.66,
                                                    "Plan Rows": 2419,
                                                    "Plan Width": 19,
                                                    "Actual Startup Time": 133.415,
                                                    "Actual Total Time": 319.997,
                                                    "Actual Rows": 25006,
                                                    "Actual Loops": 2,
                                                    "Filter": "((name ~~ '%An%'::text) AND ((gender)::text = 'f'::text))",
                                                    "Rows Removed by Filter": 2058740
                                                  },
                                                  {
                                                    "Node Type": "Hash",
                                                    "Parent Relationship": "Inner",
                                                    "Parallel Aware": true,
                                                    "Startup Cost": 572605.12,
                                                    "Total Cost": 572605.12,
                                                    "Plan Rows": 79,
                                                    "Plan Width": 32,
                                                    "Actual Startup Time": 3718.089,
                                                    "Actual Total Time": 3718.101,
                                                    "Actual Rows": 12003,
                                                    "Actual Loops": 2,
                                                    "Hash Buckets": 32768,
                                                    "Original Hash Buckets": 1024,
                                                    "Hash Batches": 1,
                                                    "Original Hash Batches": 1,
                                                    "Peak Memory Usage": 2008,
                                                    "Plans": [
                                                      {
                                                        "Node Type": "Hash Join",
                                                        "Parent Relationship": "Outer",
                                                        "Parallel Aware": true,
                                                        "Join Type": "Inner",
                                                        "Startup Cost": 557211.1,
                                                        "Total Cost": 572605.12,
                                                        "Plan Rows": 79,
                                                        "Plan Width": 32,
                                                        "Actual Startup Time": 3550.68,
                                                        "Actual Total Time": 3700.857,
                                                        "Actual Rows": 12003,
                                                        "Actual Loops": 2,
                                                        "Inner Unique": false,
                                                        "Hash Cond": "(an.person_id = ci.person_id)",
                                                        "Plans": [
                                                          {
                                                            "Node Type": "Seq Scan",
                                                            "Parent Relationship": "Outer",
                                                            "Parallel Aware": true,
                                                            "Relation Name": "aka_name",
                                                            "Alias": "an",
                                                            "Startup Cost": 0.0,
                                                            "Total Cost": 14303.56,
                                                            "Plan Rows": 290756,
                                                            "Plan Width": 4,
                                                            "Actual Startup Time": 0.023,
                                                            "Actual Total Time": 109.609,
                                                            "Actual Rows": 450672,
                                                            "Actual Loops": 2
                                                          },
                                                          {
                                                            "Node Type": "Hash",
                                                            "Parent Relationship": "Inner",
                                                            "Parallel Aware": true,
                                                            "Startup Cost": 557210.88,
                                                            "Total Cost": 557210.88,
                                                            "Plan Rows": 17,
                                                            "Plan Width": 28,
                                                            "Actual Startup Time": 3550.404,
                                                            "Actual Total Time": 3550.413,
                                                            "Actual Rows": 5362,
                                                            "Actual Loops": 2,
                                                            "Hash Buckets": 16384,
                                                            "Original Hash Buckets": 1024,
                                                            "Hash Batches": 1,
                                                            "Original Hash Batches": 1,
                                                            "Peak Memory Usage": 952,
                                                            "Plans": [
                                                              {
                                                                "Node Type": "Hash Join",
                                                                "Parent Relationship": "Outer",
                                                                "Parallel Aware": true,
                                                                "Join Type": "Inner",
                                                                "Startup Cost": 213117.88,
                                                                "Total Cost": 557210.88,
                                                                "Plan Rows": 17,
                                                                "Plan Width": 28,
                                                                "Actual Startup Time": 1535.568,
                                                                "Actual Total Time": 3467.743,
                                                                "Actual Rows": 5362,
                                                                "Actual Loops": 2,
                                                                "Inner Unique": false,
                                                                "Hash Cond": "(ci.movie_id = mi.movie_id)",
                                                                "Plans": [
                                                                  {
                                                                    "Node Type": "Seq Scan",
                                                                    "Parent Relationship": "Outer",
                                                                    "Parallel Aware": true,
                                                                    "Relation Name": "cast_info",
                                                                    "Alias": "ci",
                                                                    "Startup Cost": 0.0,
                                                                    "Total Cost": 343331.56,
                                                                    "Plan Rows": 152283,
                                                                    "Plan Width": 16,
                                                                    "Actual Startup Time": 0.077,
                                                                    "Actual Total Time": 1893.433,
                                                                    "Actual Rows": 433738,
                                                                    "Actual Loops": 2,
                                                                    "Filter": "(note = ANY ('{(voice),\"(voice: Japanese version)\",\"(voice) (uncredited)\",\"(voice: English version)\"}'::text[]))",
                                                                    "Rows Removed by Filter": 17688434
                                                                  },
                                                                  {
                                                                    "Node Type": "Hash",
                                                                    "Parent Relationship": "Inner",
                                                                    "Parallel Aware": true,
                                                                    "Startup Cost": 213117.6,
                                                                    "Total Cost": 213117.6,
                                                                    "Plan Rows": 22,
                                                                    "Plan Width": 12,
                                                                    "Actual Startup Time": 1534.242,
                                                                    "Actual Total Time": 1534.248,
                                                                    "Actual Rows": 878,
                                                                    "Actual Loops": 2,
                                                                    "Hash Buckets": 2048,
                                                                    "Original Hash Buckets": 1024,
                                                                    "Hash Batches": 1,
                                                                    "Original Hash Batches": 1,
                                                                    "Peak Memory Usage": 152,
                                                                    "Plans": [
                                                                      {
                                                                        "Node Type": "Hash Join",
                                                                        "Parent Relationship": "Outer",
                                                                        "Parallel Aware": false,
                                                                        "Join Type": "Inner",
                                                                        "Startup Cost": 6127.83,
                                                                        "Total Cost": 213117.6,
                                                                        "Plan Rows": 22,
                                                                        "Plan Width": 12,
                                                                        "Actual Startup Time": 327.141,
                                                                        "Actual Total Time": 1033.758,
                                                                        "Actual Rows": 878,
                                                                        "Actual Loops": 2,
                                                                        "Inner Unique": false,
                                                                        "Hash Cond": "(mi.movie_id = mk.movie_id)",
                                                                        "Plans": [
                                                                          {
                                                                            "Node Type": "Seq Scan",
                                                                            "Parent Relationship": "Outer",
                                                                            "Parallel Aware": true,
                                                                            "Relation Name": "movie_info",
                                                                            "Alias": "mi",
                                                                            "Startup Cost": 0.0,
                                                                            "Total Cost": 206598.52,
                                                                            "Plan Rows": 78208,
                                                                            "Plan Width": 8,
                                                                            "Actual Startup Time": 139.365,
                                                                            "Actual Total Time": 977.131,
                                                                            "Actual Rows": 150624,
                                                                            "Actual Loops": 2,
                                                                            "Filter": "((info IS NOT NULL) AND ((info ~~ 'Japan:%201%'::text) OR (info ~~ 'USA:%201%'::text)))",
                                                                            "Rows Removed by Filter": 7267236
                                                                          },
                                                                          {
                                                                            "Node Type": "Hash",
                                                                            "Parent Relationship": "Inner",
                                                                            "Parallel Aware": false,
                                                                            "Startup Cost": 6126.56,
                                                                            "Total Cost": 6126.56,
                                                                            "Plan Rows": 101,
                                                                            "Plan Width": 4,
                                                                            "Actual Startup Time": 40.163,
                                                                            "Actual Total Time": 40.166,
                                                                            "Actual Rows": 9696,
                                                                            "Actual Loops": 2,
                                                                            "Hash Buckets": 16384,
                                                                            "Original Hash Buckets": 1024,
                                                                            "Hash Batches": 1,
                                                                            "Original Hash Batches": 1,
                                                                            "Peak Memory Usage": 469,
                                                                            "Plans": [
                                                                              {
                                                                                "Node Type": "Nested Loop",
                                                                                "Parent Relationship": "Outer",
                                                                                "Parallel Aware": false,
                                                                                "Join Type": "Inner",
                                                                                "Startup Cost": 10.78,
                                                                                "Total Cost": 6126.56,
                                                                                "Plan Rows": 101,
                                                                                "Plan Width": 4,
                                                                                "Actual Startup Time": 0.959,
                                                                                "Actual Total Time": 38.28,
                                                                                "Actual Rows": 9696,
                                                                                "Actual Loops": 2,
                                                                                "Inner Unique": false,
                                                                                "Plans": [
                                                                                  {
                                                                                    "Node Type": "Seq Scan",
                                                                                    "Parent Relationship": "Outer",
                                                                                    "Parallel Aware": false,
                                                                                    "Relation Name": "keyword",
                                                                                    "Alias": "k",
                                                                                    "Startup Cost": 0.0,
                                                                                    "Total Cost": 2793.84,
                                                                                    "Plan Rows": 3,
                                                                                    "Plan Width": 4,
                                                                                    "Actual Startup Time": 0.042,
                                                                                    "Actual Total Time": 15.135,
                                                                                    "Actual Rows": 3,
                                                                                    "Actual Loops": 2,
                                                                                    "Filter": "(keyword = ANY ('{hero,martial-arts,hand-to-hand-combat}'::text[]))",
                                                                                    "Rows Removed by Filter": 134167
                                                                                  },
                                                                                  {
                                                                                    "Node Type": "Bitmap Heap Scan",
                                                                                    "Parent Relationship": "Inner",
                                                                                    "Parallel Aware": false,
                                                                                    "Relation Name": "movie_keyword",
                                                                                    "Alias": "mk",
                                                                                    "Startup Cost": 10.78,
                                                                                    "Total Cost": 1107.88,
                                                                                    "Plan Rows": 303,
                                                                                    "Plan Width": 8,
                                                                                    "Actual Startup Time": 0.828,
                                                                                    "Actual Total Time": 7.348,
                                                                                    "Actual Rows": 3232,
                                                                                    "Actual Loops": 6,
                                                                                    "Recheck Cond": "(keyword_id = k.id)",
                                                                                    "Rows Removed by Index Recheck": 0,
                                                                                    "Exact Heap Blocks": 7446,
                                                                                    "Lossy Heap Blocks": 0,
                                                                                    "Plans": [
                                                                                      {
                                                                                        "Node Type": "Bitmap Index Scan",
                                                                                        "Parent Relationship": "Outer",
                                                                                        "Parallel Aware": false,
                                                                                        "Index Name": "keyword_id_movie_keyword",
                                                                                        "Startup Cost": 0.0,
                                                                                        "Total Cost": 10.71,
                                                                                        "Plan Rows": 303,
                                                                                        "Plan Width": 0,
                                                                                        "Actual Startup Time": 0.582,
                                                                                        "Actual Total Time": 0.582,
                                                                                        "Actual Rows": 3232,
                                                                                        "Actual Loops": 6,
                                                                                        "Index Cond": "(keyword_id = k.id)"
                                                                                      }
                                                                                    ]
                                                                                  }
                                                                                ]
                                                                              }
                                                                            ]
                                                                          }
                                                                        ]
                                                                      }
                                                                    ]
                                                                  }
                                                                ]
                                                              }
                                                            ]
                                                          }
                                                        ]
                                                      }
                                                    ]
                                                  }
                                                ]
                                              },
                                              {
                                                "Node Type": "Index Scan",
                                                "Parent Relationship": "Inner",
                                                "Parallel Aware": false,
                                                "Scan Direction": "Forward",
                                                "Index Name": "info_type_pkey",
                                                "Relation Name": "info_type",
                                                "Alias": "it",
                                                "Startup Cost": 0.14,
                                                "Total Cost": 0.16,
                                                "Plan Rows": 1,
                                                "Plan Width": 4,
                                                "Actual Startup Time": 0.001,
                                                "Actual Total Time": 0.001,
                                                "Actual Rows": 1,
                                                "Actual Loops": 176,
                                                "Index Cond": "(id = mi.info_type_id)",
                                                "Rows Removed by Index Recheck": 0,
                                                "Filter": "((info)::text = 'release dates'::text)",
                                                "Rows Removed by Filter": 0
                                              }
                                            ]
                                          },
                                          {
                                            "Node Type": "Index Scan",
                                            "Parent Relationship": "Inner",
                                            "Parallel Aware": false,
                                            "Scan Direction": "Forward",
                                            "Index Name": "char_name_pkey",
                                            "Relation Name": "char_name",
                                            "Alias": "chn",
                                            "Startup Cost": 0.43,
                                            "Total Cost": 0.66,
                                            "Plan Rows": 1,
                                            "Plan Width": 20,
                                            "Actual Startup Time": 0.005,
                                            "Actual Total Time": 0.005,
                                            "Actual Rows": 1,
                                            "Actual Loops": 176,
                                            "Index Cond": "(id = ci.person_role_id)",
                                            "Rows Removed by Index Recheck": 0
                                          }
                                        ]
                                      },
                                      {
                                        "Node Type": "Index Scan",
                                        "Parent Relationship": "Inner",
                                        "Parallel Aware": false,
                                        "Scan Direction": "Forward",
                                        "Index Name": "role_type_pkey",
                                        "Relation Name": "role_type",
                                        "Alias": "rt",
                                        "Startup Cost": 0.14,
                                        "Total Cost": 0.16,
                                        "Plan Rows": 1,
                                        "Plan Width": 4,
                                        "Actual Startup Time": 0.001,
                                        "Actual Total Time": 0.001,
                                        "Actual Rows": 1,
                                        "Actual Loops": 175,
                                        "Index Cond": "(id = ci.role_id)",
                                        "Rows Removed by Index Recheck": 0,
                                        "Filter": "((role)::text = 'actress'::text)",
                                        "Rows Removed by Filter": 0
                                      }
                                    ]
                                  }
                                ]
                              }
                            ]
                          }
                        ]
                      }
                    ]
                  },
                  {
                    "Node Type": "Index Scan",
                    "Parent Relationship": "Inner",
                    "Parallel Aware": false,
                    "Scan Direction": "Forward",
                    "Index Name": "title_pkey",
                    "Relation Name": "title",
                    "Alias": "t",
                    "Startup Cost": 0.43,
                    "Total Cost": 0.49,
                    "Plan Rows": 1,
                    "Plan Width": 21,
                    "Actual Startup Time": 0.002,
                    "Actual Total Time": 0.002,
                    "Actual Rows": 0,
                    "Actual Loops": 707,
                    "Index Cond": "(id = mk.movie_id)",
                    "Rows Removed by Index Recheck": 0,
                    "Filter": "(production_year < 2006)",
                    "Rows Removed by Filter": 1
                  }
                ]
              }
            ]
          }
        ]
      }
    ]
  },
  "Planning Time": 81.209,
  "Triggers": [],
  "Execution Time": 4375.535
}