[
  {
    "Plan": {
      "Node Type": "Aggregate",
      "Strategy": "Plain",
      "Partial Mode": "Finalize",
      "Parallel Aware": false,
      "Startup Cost": 93156.38,
      "Total Cost": 93156.39,
      "Plan Rows": 1,
      "Plan Width": 8,
      "Actual Startup Time": 384.669,
      "Actual Total Time": 401.134,
      "Actual Rows": 1,
      "Actual Loops": 1,
      "Plans": [
        {
          "Node Type": "Gather",
          "Parent Relationship": "Outer",
          "Parallel Aware": false,
          "Startup Cost": 93156.06,
          "Total Cost": 93156.37,
          "Plan Rows": 3,
          "Plan Width": 8,
          "Actual Startup Time": 382.171,
          "Actual Total Time": 401.124,
          "Actual Rows": 4,
          "Actual Loops": 1,
          "Workers Planned": 3,
          "Workers Launched": 3,
          "Single Copy": false,
          "Plans": [
            {
              "Node Type": "Aggregate",
              "Strategy": "Plain",
              "Partial Mode": "Partial",
              "Parent Relationship": "Outer",
              "Parallel Aware": false,
              "Startup Cost": 92156.06,
              "Total Cost": 92156.07,
              "Plan Rows": 1,
              "Plan Width": 8,
              "Actual Startup Time": 373.012,
              "Actual Total Time": 373.015,
              "Actual Rows": 1,
              "Actual Loops": 4,
              "Plans": [
                {
                  "Node Type": "Hash Join",
                  "Parent Relationship": "Outer",
                  "Parallel Aware": true,
                  "Join Type": "Inner",
                  "Startup Cost": 45829.75,
                  "Total Cost": 91470.59,
                  "Plan Rows": 274189,
                  "Plan Width": 0,
                  "Actual Startup Time": 160.909,
                  "Actual Total Time": 361.306,
                  "Actual Rows": 295924,
                  "Actual Loops": 4,
                  "Inner Unique": true,
                  "Hash Cond": "(mk.movie_id = t.id)",
                  "Plans": [
                    {
                      "Node Type": "Seq Scan",
                      "Parent Relationship": "Outer",
                      "Parallel Aware": true,
                      "Relation Name": "movie_keyword",
                      "Alias": "mk",
                      "Startup Cost": 0.0,
                      "Total Cost": 42695.65,
                      "Plan Rows": 1121975,
                      "Plan Width": 4,
                      "Actual Startup Time": 0.025,
                      "Actual Total Time": 106.644,
                      "Actual Rows": 868700,
                      "Actual Loops": 4,
                      "Filter": "(keyword_id < 16915)",
                      "Rows Removed by Filter": 262282
                    },
                    {
                      "Node Type": "Hash",
                      "Parent Relationship": "Inner",
                      "Parallel Aware": true,
                      "Startup Cost": 43898.92,
                      "Total Cost": 43898.92,
                      "Plan Rows": 154467,
                      "Plan Width": 4,
                      "Actual Startup Time": 156.0,
                      "Actual Total Time": 156.0,
                      "Actual Rows": 155713,
                      "Actual Loops": 4,
                      "Hash Buckets": 1048576,
                      "Original Hash Buckets": 1048576,
                      "Hash Batches": 1,
                      "Original Hash Batches": 1,
                      "Peak Memory Usage": 32640,
                      "Plans": [
                        {
                          "Node Type": "Seq Scan",
                          "Parent Relationship": "Outer",
                          "Parallel Aware": true,
                          "Relation Name": "title",
                          "Alias": "t",
                          "Startup Cost": 0.0,
                          "Total Cost": 43898.92,
                          "Plan Rows": 154467,
                          "Plan Width": 4,
                          "Actual Startup Time": 0.038,
                          "Actual Total Time": 98.964,
                          "Actual Rows": 155713,
                          "Actual Loops": 4,
                          "Filter": "(production_year < 1987)",
                          "Rows Removed by Filter": 476365
                        }
                      ]
                    }
                  ]
                }
              ]
            }
          ]
        }
      ]
    },
    "Planning Time": 0.6,
    "Triggers": [],
    "Execution Time": 401.211
  }
]