[
  {
    "Plan": {
      "Node Type": "Aggregate",
      "Strategy": "Plain",
      "Partial Mode": "Finalize",
      "Parallel Aware": false,
      "Startup Cost": 130982.47,
      "Total Cost": 130982.48,
      "Plan Rows": 1,
      "Plan Width": 8,
      "Actual Startup Time": 788.611,
      "Actual Total Time": 810.842,
      "Actual Rows": 1,
      "Actual Loops": 1,
      "Plans": [
        {
          "Node Type": "Gather",
          "Parent Relationship": "Outer",
          "Parallel Aware": false,
          "Startup Cost": 130982.16,
          "Total Cost": 130982.47,
          "Plan Rows": 3,
          "Plan Width": 8,
          "Actual Startup Time": 779.056,
          "Actual Total Time": 810.832,
          "Actual Rows": 4,
          "Actual Loops": 1,
          "Workers Planned": 3,
          "Workers Launched": 3,
          "Single Copy": false,
          "Plans": [
            {
              "Node Type": "Aggregate",
              "Strategy": "Plain",
              "Partial Mode": "Partial",
              "Parent Relationship": "Outer",
              "Parallel Aware": false,
              "Startup Cost": 129982.16,
              "Total Cost": 129982.17,
              "Plan Rows": 1,
              "Plan Width": 8,
              "Actual Startup Time": 769.926,
              "Actual Total Time": 770.055,
              "Actual Rows": 1,
              "Actual Loops": 4,
              "Plans": [
                {
                  "Node Type": "Hash Join",
                  "Parent Relationship": "Outer",
                  "Parallel Aware": true,
                  "Join Type": "Inner",
                  "Startup Cost": 85223.8,
                  "Total Cost": 129615.5,
                  "Plan Rows": 146662,
                  "Plan Width": 0,
                  "Actual Startup Time": 566.75,
                  "Actual Total Time": 756.98,
                  "Actual Rows": 270859,
                  "Actual Loops": 4,
                  "Inner Unique": false,
                  "Hash Cond": "(mk.movie_id = t.id)",
                  "Plans": [
                    {
                      "Node Type": "Seq Scan",
                      "Parent Relationship": "Outer",
                      "Parallel Aware": true,
                      "Relation Name": "movie_keyword",
                      "Alias": "mk",
                      "Startup Cost": 0.0,
                      "Total Cost": 42695.65,
                      "Plan Rows": 354505,
                      "Plan Width": 4,
                      "Actual Startup Time": 0.036,
                      "Actual Total Time": 109.564,
                      "Actual Rows": 278309,
                      "Actual Loops": 4,
                      "Filter": "(keyword_id < 1150)",
                      "Rows Removed by Filter": 852673
                    },
                    {
                      "Node Type": "Hash",
                      "Parent Relationship": "Inner",
                      "Parallel Aware": true,
                      "Startup Cost": 81955.11,
                      "Total Cost": 81955.11,
                      "Plan Rows": 261495,
                      "Plan Width": 8,
                      "Actual Startup Time": 561.519,
                      "Actual Total Time": 561.645,
                      "Actual Rows": 192765,
                      "Actual Loops": 4,
                      "Hash Buckets": 1048576,
                      "Original Hash Buckets": 1048576,
                      "Hash Batches": 1,
                      "Original Hash Batches": 1,
                      "Peak Memory Usage": 38432,
                      "Plans": [
                        {
                          "Node Type": "Hash Join",
                          "Parent Relationship": "Outer",
                          "Parallel Aware": true,
                          "Join Type": "Inner",
                          "Startup Cost": 35632.48,
                          "Total Cost": 81955.11,
                          "Plan Rows": 261495,
                          "Plan Width": 8,
                          "Actual Startup Time": 174.515,
                          "Actual Total Time": 483.336,
                          "Actual Rows": 192765,
                          "Actual Loops": 4,
                          "Inner Unique": false,
                          "Hash Cond": "(t.id = mc.movie_id)",
                          "Plans": [
                            {
                              "Node Type": "Seq Scan",
                              "Parent Relationship": "Outer",
                              "Parallel Aware": true,
                              "Relation Name": "title",
                              "Alias": "t",
                              "Startup Cost": 0.0,
                              "Total Cost": 42318.73,
                              "Plan Rows": 632073,
                              "Plan Width": 4,
                              "Actual Startup Time": 0.013,
                              "Actual Total Time": 88.475,
                              "Actual Rows": 632078,
                              "Actual Loops": 4
                            },
                            {
                              "Node Type": "Hash",
                              "Parent Relationship": "Inner",
                              "Parallel Aware": true,
                              "Startup Cost": 31414.82,
                              "Total Cost": 31414.82,
                              "Plan Rows": 337413,
                              "Plan Width": 4,
                              "Actual Startup Time": 171.746,
                              "Actual Total Time": 171.747,
                              "Actual Rows": 192765,
                              "Actual Loops": 4,
                              "Hash Buckets": 1048576,
                              "Original Hash Buckets": 1048576,
                              "Hash Batches": 1,
                              "Original Hash Batches": 1,
                              "Peak Memory Usage": 38400,
                              "Plans": [
                                {
                                  "Node Type": "Seq Scan",
                                  "Parent Relationship": "Outer",
                                  "Parallel Aware": true,
                                  "Relation Name": "movie_companies",
                                  "Alias": "mc",
                                  "Startup Cost": 0.0,
                                  "Total Cost": 31414.82,
                                  "Plan Rows": 337413,
                                  "Plan Width": 4,
                                  "Actual Startup Time": 51.87,
                                  "Actual Total Time": 98.527,
                                  "Actual Rows": 192765,
                                  "Actual Loops": 4,
                                  "Filter": "((company_id < 71564) AND (company_type_id > 1))",
                                  "Rows Removed by Filter": 459517
                                }
                              ]
                            }
                          ]
                        }
                      ]
                    }
                  ]
                }
              ]
            }
          ]
        }
      ]
    },
    "Planning Time": 1.435,
    "Triggers": [],
    "Execution Time": 810.929
  }
]