{
  "Plan": {
    "Node Type": "Aggregate",
    "Strategy": "Plain",
    "Partial Mode": "Finalize",
    "Parallel Aware": false,
    "Startup Cost": 392969.33,
    "Total Cost": 392969.34,
    "Plan Rows": 1,
    "Plan Width": 8,
    "Actual Startup Time": 593.03,
    "Actual Total Time": 606.481,
    "Actual Rows": 1,
    "Actual Loops": 1,
    "Plans": [
      {
        "Node Type": "Gather",
        "Parent Relationship": "Outer",
        "Parallel Aware": false,
        "Startup Cost": 392969.22,
        "Total Cost": 392969.33,
        "Plan Rows": 1,
        "Plan Width": 8,
        "Actual Startup Time": 573.281,
        "Actual Total Time": 606.47,
        "Actual Rows": 2,
        "Actual Loops": 1,
        "Workers Planned": 1,
        "Workers Launched": 1,
        "Single Copy": false,
        "Plans": [
          {
            "Node Type": "Aggregate",
            "Strategy": "Plain",
            "Partial Mode": "Partial",
            "Parent Relationship": "Outer",
            "Parallel Aware": false,
            "Startup Cost": 391969.22,
            "Total Cost": 391969.23,
            "Plan Rows": 1,
            "Plan Width": 8,
            "Actual Startup Time": 574.796,
            "Actual Total Time": 574.799,
            "Actual Rows": 1,
            "Actual Loops": 2,
            "Plans": [
              {
                "Node Type": "Merge Join",
                "Parent Relationship": "Outer",
                "Parallel Aware": false,
                "Join Type": "Inner",
                "Startup Cost": 388269.23,
                "Total Cost": 391881.16,
                "Plan Rows": 35224,
                "Plan Width": 0,
                "Actual Startup Time": 433.798,
                "Actual Total Time": 571.976,
                "Actual Rows": 66104,
                "Actual Loops": 2,
                "Inner Unique": false,
                "Merge Cond": "(t.id = ci.movie_id)",
                "Plans": [
                  {
                    "Node Type": "Sort",
                    "Parent Relationship": "Outer",
                    "Parallel Aware": false,
                    "Startup Cost": 97637.03,
                    "Total Cost": 98781.67,
                    "Plan Rows": 457854,
                    "Plan Width": 4,
                    "Actual Startup Time": 249.306,
                    "Actual Total Time": 291.174,
                    "Actual Rows": 391006,
                    "Actual Loops": 2,
                    "Sort Key": [
                      "t.id"
                    ],
                    "Sort Method": "quicksort",
                    "Sort Space Used": 34212,
                    "Sort Space Type": "Memory",
                    "Workers": [
                      {
                        "Worker Number": 0,
                        "Sort Method": "quicksort",
                        "Sort Space Used": 27053,
                        "Sort Space Type": "Memory"
                      }
                    ],
                    "Plans": [
                      {
                        "Node Type": "Seq Scan",
                        "Parent Relationship": "Outer",
                        "Parallel Aware": true,
                        "Relation Name": "title",
                        "Alias": "t",
                        "Startup Cost": 0.0,
                        "Total Cost": 54588.39,
                        "Plan Rows": 457854,
                        "Plan Width": 4,
                        "Actual Startup Time": 0.034,
                        "Actual Total Time": 160.578,
                        "Actual Rows": 391338,
                        "Actual Loops": 2,
                        "Filter": "(production_year < 1994)",
                        "Rows Removed by Filter": 872818
                      }
                    ]
                  },
                  {
                    "Node Type": "Sort",
                    "Parent Relationship": "Inner",
                    "Parallel Aware": false,
                    "Startup Cost": 290632.18,
                    "Total Cost": 291118.46,
                    "Plan Rows": 194510,
                    "Plan Width": 4,
                    "Actual Startup Time": 184.475,
                    "Actual Total Time": 220.452,
                    "Actual Rows": 411160,
                    "Actual Loops": 2,
                    "Sort Key": [
                      "ci.movie_id"
                    ],
                    "Sort Method": "quicksort",
                    "Sort Space Used": 31562,
                    "Sort Space Type": "Memory",
                    "Workers": [
                      {
                        "Worker Number": 0,
                        "Sort Method": "quicksort",
                        "Sort Space Used": 31562,
                        "Sort Space Type": "Memory"
                      }
                    ],
                    "Plans": [
                      {
                        "Node Type": "Bitmap Heap Scan",
                        "Parent Relationship": "Outer",
                        "Parallel Aware": false,
                        "Relation Name": "cast_info",
                        "Alias": "ci",
                        "Startup Cost": 12385.46,
                        "Total Cost": 273544.98,
                        "Plan Rows": 194510,
                        "Plan Width": 4,
                        "Actual Startup Time": 21.825,
                        "Actual Total Time": 92.6,
                        "Actual Rows": 411160,
                        "Actual Loops": 2,
                        "Recheck Cond": "(person_id < 60068)",
                        "Rows Removed by Index Recheck": 0,
                        "Filter": "(role_id < 2)",
                        "Rows Removed by Filter": 139753,
                        "Exact Heap Blocks": 5793,
                        "Lossy Heap Blocks": 0,
                        "Plans": [
                          {
                            "Node Type": "Bitmap Index Scan",
                            "Parent Relationship": "Outer",
                            "Parallel Aware": false,
                            "Index Name": "person_id_cast_info",
                            "Startup Cost": 0.0,
                            "Total Cost": 12336.83,
                            "Plan Rows": 564835,
                            "Plan Width": 0,
                            "Actual Startup Time": 21.126,
                            "Actual Total Time": 21.126,
                            "Actual Rows": 550913,
                            "Actual Loops": 2,
                            "Index Cond": "(person_id < 60068)"
                          }
                        ]
                      }
                    ]
                  }
                ]
              }
            ]
          }
        ]
      }
    ]
  },
  "Planning Time": 0.712,
  "Triggers": [],
  "Execution Time": 606.613
}