{
  "Plan": {
    "Node Type": "Aggregate",
    "Strategy": "Plain",
    "Partial Mode": "Finalize",
    "Parallel Aware": false,
    "Startup Cost": 79894.75,
    "Total Cost": 79894.76,
    "Plan Rows": 1,
    "Plan Width": 8,
    "Actual Startup Time": 335.356,
    "Actual Total Time": 351.128,
    "Actual Rows": 1,
    "Actual Loops": 1,
    "Plans": [
      {
        "Node Type": "Gather",
        "Parent Relationship": "Outer",
        "Parallel Aware": false,
        "Startup Cost": 79894.64,
        "Total Cost": 79894.75,
        "Plan Rows": 1,
        "Plan Width": 8,
        "Actual Startup Time": 334.416,
        "Actual Total Time": 351.116,
        "Actual Rows": 2,
        "Actual Loops": 1,
        "Workers Planned": 1,
        "Workers Launched": 1,
        "Single Copy": false,
        "Plans": [
          {
            "Node Type": "Aggregate",
            "Strategy": "Plain",
            "Partial Mode": "Partial",
            "Parent Relationship": "Outer",
            "Parallel Aware": false,
            "Startup Cost": 78894.64,
            "Total Cost": 78894.65,
            "Plan Rows": 1,
            "Plan Width": 8,
            "Actual Startup Time": 328.973,
            "Actual Total Time": 328.977,
            "Actual Rows": 1,
            "Actual Loops": 2,
            "Plans": [
              {
                "Node Type": "Hash Join",
                "Parent Relationship": "Outer",
                "Parallel Aware": true,
                "Join Type": "Inner",
                "Startup Cost": 60474.21,
                "Total Cost": 78657.99,
                "Plan Rows": 94659,
                "Plan Width": 0,
                "Actual Startup Time": 190.745,
                "Actual Total Time": 327.268,
                "Actual Rows": 34476,
                "Actual Loops": 2,
                "Inner Unique": true,
                "Hash Cond": "(mi_idx.movie_id = t.id)",
                "Plans": [
                  {
                    "Node Type": "Seq Scan",
                    "Parent Relationship": "Outer",
                    "Parallel Aware": true,
                    "Relation Name": "movie_info_idx",
                    "Alias": "mi_idx",
                    "Startup Cost": 0.0,
                    "Total Cost": 16052.85,
                    "Plan Rows": 811785,
                    "Plan Width": 4,
                    "Actual Startup Time": 0.034,
                    "Actual Total Time": 58.454,
                    "Actual Rows": 690018,
                    "Actual Loops": 2
                  },
                  {
                    "Node Type": "Hash",
                    "Parent Relationship": "Inner",
                    "Parallel Aware": true,
                    "Startup Cost": 58306.47,
                    "Total Cost": 58306.47,
                    "Plan Rows": 173419,
                    "Plan Width": 4,
                    "Actual Startup Time": 184.807,
                    "Actual Total Time": 184.808,
                    "Actual Rows": 96692,
                    "Actual Loops": 2,
                    "Hash Buckets": 524288,
                    "Original Hash Buckets": 524288,
                    "Hash Batches": 1,
                    "Original Hash Batches": 1,
                    "Peak Memory Usage": 11712,
                    "Plans": [
                      {
                        "Node Type": "Seq Scan",
                        "Parent Relationship": "Outer",
                        "Parallel Aware": true,
                        "Relation Name": "title",
                        "Alias": "t",
                        "Startup Cost": 0.0,
                        "Total Cost": 58306.47,
                        "Plan Rows": 173419,
                        "Plan Width": 4,
                        "Actual Startup Time": 0.033,
                        "Actual Total Time": 156.389,
                        "Actual Rows": 96692,
                        "Actual Loops": 2,
                        "Filter": "((production_year < 1979) AND (kind_id = 7))",
                        "Rows Removed by Filter": 1167464
                      }
                    ]
                  }
                ]
              }
            ]
          }
        ]
      }
    ]
  },
  "Planning Time": 0.418,
  "Triggers": [],
  "Execution Time": 351.199
}