[
  {
    "Plan": {
      "Node Type": "Aggregate",
      "Strategy": "Plain",
      "Partial Mode": "Finalize",
      "Parallel Aware": false,
      "Startup Cost": 23489.38,
      "Total Cost": 23489.39,
      "Plan Rows": 1,
      "Plan Width": 8,
      "Actual Startup Time": 38.298,
      "Actual Total Time": 43.831,
      "Actual Rows": 1,
      "Actual Loops": 1,
      "Plans": [
        {
          "Node Type": "Gather",
          "Parent Relationship": "Outer",
          "Parallel Aware": false,
          "Startup Cost": 23489.16,
          "Total Cost": 23489.37,
          "Plan Rows": 2,
          "Plan Width": 8,
          "Actual Startup Time": 38.161,
          "Actual Total Time": 43.827,
          "Actual Rows": 3,
          "Actual Loops": 1,
          "Workers Planned": 2,
          "Workers Launched": 2,
          "Single Copy": false,
          "Plans": [
            {
              "Node Type": "Aggregate",
              "Strategy": "Plain",
              "Partial Mode": "Partial",
              "Parent Relationship": "Outer",
              "Parallel Aware": false,
              "Startup Cost": 22489.16,
              "Total Cost": 22489.17,
              "Plan Rows": 1,
              "Plan Width": 8,
              "Actual Startup Time": 35.101,
              "Actual Total Time": 35.102,
              "Actual Rows": 1,
              "Actual Loops": 3,
              "Plans": [
                {
                  "Node Type": "Nested Loop",
                  "Parent Relationship": "Outer",
                  "Parallel Aware": false,
                  "Join Type": "Inner",
                  "Startup Cost": 81.6,
                  "Total Cost": 22489.15,
                  "Plan Rows": 5,
                  "Plan Width": 0,
                  "Actual Startup Time": 2.529,
                  "Actual Total Time": 35.082,
                  "Actual Rows": 113,
                  "Actual Loops": 3,
                  "Inner Unique": false,
                  "Plans": [
                    {
                      "Node Type": "Nested Loop",
                      "Parent Relationship": "Outer",
                      "Parallel Aware": false,
                      "Join Type": "Inner",
                      "Startup Cost": 81.17,
                      "Total Cost": 20755.18,
                      "Plan Rows": 1192,
                      "Plan Width": 8,
                      "Actual Startup Time": 0.812,
                      "Actual Total Time": 12.534,
                      "Actual Rows": 1137,
                      "Actual Loops": 3,
                      "Inner Unique": true,
                      "Plans": [
                        {
                          "Node Type": "Bitmap Heap Scan",
                          "Parent Relationship": "Outer",
                          "Parallel Aware": true,
                          "Relation Name": "movie_companies",
                          "Alias": "mc",
                          "Startup Cost": 80.74,
                          "Total Cost": 9214.2,
                          "Plan Rows": 1522,
                          "Plan Width": 4,
                          "Actual Startup Time": 0.744,
                          "Actual Total Time": 4.047,
                          "Actual Rows": 1200,
                          "Actual Loops": 3,
                          "Recheck Cond": "(company_id = 521)",
                          "Rows Removed by Index Recheck": 0,
                          "Exact Heap Blocks": 1079,
                          "Lossy Heap Blocks": 0,
                          "Plans": [
                            {
                              "Node Type": "Bitmap Index Scan",
                              "Parent Relationship": "Outer",
                              "Parallel Aware": false,
                              "Index Name": "company_id_movie_companies",
                              "Startup Cost": 0.0,
                              "Total Cost": 79.83,
                              "Plan Rows": 3653,
                              "Plan Width": 0,
                              "Actual Startup Time": 1.69,
                              "Actual Total Time": 1.691,
                              "Actual Rows": 3601,
                              "Actual Loops": 1,
                              "Index Cond": "(company_id = 521)"
                            }
                          ]
                        },
                        {
                          "Node Type": "Index Scan",
                          "Parent Relationship": "Inner",
                          "Parallel Aware": false,
                          "Scan Direction": "Forward",
                          "Index Name": "title_pkey",
                          "Relation Name": "title",
                          "Alias": "t",
                          "Startup Cost": 0.43,
                          "Total Cost": 7.58,
                          "Plan Rows": 1,
                          "Plan Width": 4,
                          "Actual Startup Time": 0.007,
                          "Actual Total Time": 0.007,
                          "Actual Rows": 1,
                          "Actual Loops": 3601,
                          "Index Cond": "(id = mc.movie_id)",
                          "Rows Removed by Index Recheck": 0,
                          "Filter": "(production_year > 1976)",
                          "Rows Removed by Filter": 0
                        }
                      ]
                    },
                    {
                      "Node Type": "Index Scan",
                      "Parent Relationship": "Inner",
                      "Parallel Aware": false,
                      "Scan Direction": "Forward",
                      "Index Name": "movie_id_movie_keyword",
                      "Relation Name": "movie_keyword",
                      "Alias": "mk",
                      "Startup Cost": 0.43,
                      "Total Cost": 1.44,
                      "Plan Rows": 1,
                      "Plan Width": 4,
                      "Actual Startup Time": 0.019,
                      "Actual Total Time": 0.02,
                      "Actual Rows": 0,
                      "Actual Loops": 3411,
                      "Index Cond": "(movie_id = t.id)",
                      "Rows Removed by Index Recheck": 0,
                      "Filter": "(keyword_id = 398)",
                      "Rows Removed by Filter": 95
                    }
                  ]
                }
              ]
            }
          ]
        }
      ]
    },
    "Planning Time": 0.654,
    "Triggers": [],
    "Execution Time": 43.88
  }
]