[
  {
    "Plan": {
      "Node Type": "Aggregate",
      "Strategy": "Plain",
      "Partial Mode": "Finalize",
      "Parallel Aware": false,
      "Startup Cost": 32827.08,
      "Total Cost": 32827.09,
      "Plan Rows": 1,
      "Plan Width": 8,
      "Actual Startup Time": 75.042,
      "Actual Total Time": 81.059,
      "Actual Rows": 1,
      "Actual Loops": 1,
      "Plans": [
        {
          "Node Type": "Gather",
          "Parent Relationship": "Outer",
          "Parallel Aware": false,
          "Startup Cost": 32826.76,
          "Total Cost": 32827.07,
          "Plan Rows": 3,
          "Plan Width": 8,
          "Actual Startup Time": 74.931,
          "Actual Total Time": 81.052,
          "Actual Rows": 4,
          "Actual Loops": 1,
          "Workers Planned": 3,
          "Workers Launched": 3,
          "Single Copy": false,
          "Plans": [
            {
              "Node Type": "Aggregate",
              "Strategy": "Plain",
              "Partial Mode": "Partial",
              "Parent Relationship": "Outer",
              "Parallel Aware": false,
              "Startup Cost": 31826.76,
              "Total Cost": 31826.77,
              "Plan Rows": 1,
              "Plan Width": 8,
              "Actual Startup Time": 71.054,
              "Actual Total Time": 71.055,
              "Actual Rows": 1,
              "Actual Loops": 4,
              "Plans": [
                {
                  "Node Type": "Seq Scan",
                  "Parent Relationship": "Outer",
                  "Parallel Aware": true,
                  "Relation Name": "movie_companies",
                  "Alias": "mc",
                  "Startup Cost": 0.0,
                  "Total Cost": 31414.82,
                  "Plan Rows": 164776,
                  "Plan Width": 0,
                  "Actual Startup Time": 14.349,
                  "Actual Total Time": 68.23,
                  "Actual Rows": 51485,
                  "Actual Loops": 4,
                  "Filter": "((company_id > 15275) AND (company_type_id = 1))",
                  "Rows Removed by Filter": 600797
                }
              ]
            }
          ]
        }
      ]
    },
    "Planning Time": 0.228,
    "Triggers": [],
    "Execution Time": 81.122
  }
]