[
  {
    "Plan": {
      "Node Type": "Aggregate",
      "Strategy": "Plain",
      "Partial Mode": "Finalize",
      "Parallel Aware": false,
      "Startup Cost": 33072.25,
      "Total Cost": 33072.26,
      "Plan Rows": 1,
      "Plan Width": 8,
      "Actual Startup Time": 97.411,
      "Actual Total Time": 105.114,
      "Actual Rows": 1,
      "Actual Loops": 1,
      "Plans": [
        {
          "Node Type": "Gather",
          "Parent Relationship": "Outer",
          "Parallel Aware": false,
          "Startup Cost": 33071.93,
          "Total Cost": 33072.24,
          "Plan Rows": 3,
          "Plan Width": 8,
          "Actual Startup Time": 97.284,
          "Actual Total Time": 105.105,
          "Actual Rows": 4,
          "Actual Loops": 1,
          "Workers Planned": 3,
          "Workers Launched": 3,
          "Single Copy": false,
          "Plans": [
            {
              "Node Type": "Aggregate",
              "Strategy": "Plain",
              "Partial Mode": "Partial",
              "Parent Relationship": "Outer",
              "Parallel Aware": false,
              "Startup Cost": 32071.93,
              "Total Cost": 32071.94,
              "Plan Rows": 1,
              "Plan Width": 8,
              "Actual Startup Time": 89.998,
              "Actual Total Time": 89.999,
              "Actual Rows": 1,
              "Actual Loops": 4,
              "Plans": [
                {
                  "Node Type": "Seq Scan",
                  "Parent Relationship": "Outer",
                  "Parallel Aware": true,
                  "Relation Name": "movie_companies",
                  "Alias": "mc",
                  "Startup Cost": 0.0,
                  "Total Cost": 31414.82,
                  "Plan Rows": 262844,
                  "Plan Width": 0,
                  "Actual Startup Time": 3.992,
                  "Actual Total Time": 82.489,
                  "Actual Rows": 150557,
                  "Actual Loops": 4,
                  "Filter": "((company_id > 3776) AND (company_type_id = 1))",
                  "Rows Removed by Filter": 501725
                }
              ]
            }
          ]
        }
      ]
    },
    "Planning Time": 0.23,
    "Triggers": [],
    "Execution Time": 105.179
  }
]