[
  {
    "Plan": {
      "Node Type": "Aggregate",
      "Strategy": "Plain",
      "Partial Mode": "Finalize",
      "Parallel Aware": false,
      "Startup Cost": 399269.56,
      "Total Cost": 399269.57,
      "Plan Rows": 1,
      "Plan Width": 8,
      "Actual Startup Time": 2350.223,
      "Actual Total Time": 2420.179,
      "Actual Rows": 1,
      "Actual Loops": 1,
      "Plans": [
        {
          "Node Type": "Gather",
          "Parent Relationship": "Outer",
          "Parallel Aware": false,
          "Startup Cost": 399268.93,
          "Total Cost": 399269.54,
          "Plan Rows": 6,
          "Plan Width": 8,
          "Actual Startup Time": 2328.89,
          "Actual Total Time": 2420.165,
          "Actual Rows": 7,
          "Actual Loops": 1,
          "Workers Planned": 6,
          "Workers Launched": 6,
          "Single Copy": false,
          "Plans": [
            {
              "Node Type": "Aggregate",
              "Strategy": "Plain",
              "Partial Mode": "Partial",
              "Parent Relationship": "Outer",
              "Parallel Aware": false,
              "Startup Cost": 398268.93,
              "Total Cost": 398268.94,
              "Plan Rows": 1,
              "Plan Width": 8,
              "Actual Startup Time": 2306.64,
              "Actual Total Time": 2306.642,
              "Actual Rows": 1,
              "Actual Loops": 7,
              "Plans": [
                {
                  "Node Type": "Hash Join",
                  "Parent Relationship": "Outer",
                  "Parallel Aware": true,
                  "Join Type": "Inner",
                  "Startup Cost": 51012.94,
                  "Total Cost": 389454.21,
                  "Plan Rows": 3525890,
                  "Plan Width": 0,
                  "Actual Startup Time": 356.912,
                  "Actual Total Time": 2181.589,
                  "Actual Rows": 3178513,
                  "Actual Loops": 7,
                  "Inner Unique": true,
                  "Hash Cond": "(ci.movie_id = t.id)",
                  "Plans": [
                    {
                      "Node Type": "Seq Scan",
                      "Parent Relationship": "Outer",
                      "Parallel Aware": true,
                      "Relation Name": "cast_info",
                      "Alias": "ci",
                      "Startup Cost": 0.0,
                      "Total Cost": 328162.03,
                      "Plan Rows": 3915894,
                      "Plan Width": 4,
                      "Actual Startup Time": 120.049,
                      "Actual Total Time": 560.677,
                      "Actual Rows": 3358101,
                      "Actual Loops": 7,
                      "Filter": "(person_id > 1256209)",
                      "Rows Removed by Filter": 1819663
                    },
                    {
                      "Node Type": "Hash",
                      "Parent Relationship": "Inner",
                      "Parallel Aware": true,
                      "Startup Cost": 43898.92,
                      "Total Cost": 43898.92,
                      "Plan Rows": 569122,
                      "Plan Width": 4,
                      "Actual Startup Time": 229.884,
                      "Actual Total Time": 229.885,
                      "Actual Rows": 324061,
                      "Actual Loops": 7,
                      "Hash Buckets": 4194304,
                      "Original Hash Buckets": 4194304,
                      "Hash Batches": 1,
                      "Original Hash Batches": 1,
                      "Peak Memory Usage": 121632,
                      "Plans": [
                        {
                          "Node Type": "Seq Scan",
                          "Parent Relationship": "Outer",
                          "Parallel Aware": true,
                          "Relation Name": "title",
                          "Alias": "t",
                          "Startup Cost": 0.0,
                          "Total Cost": 43898.92,
                          "Plan Rows": 569122,
                          "Plan Width": 4,
                          "Actual Startup Time": 0.043,
                          "Actual Total Time": 77.01,
                          "Actual Rows": 324061,
                          "Actual Loops": 7,
                          "Filter": "(production_year > 1953)",
                          "Rows Removed by Filter": 37126
                        }
                      ]
                    }
                  ]
                }
              ]
            }
          ]
        }
      ]
    },
    "Planning Time": 0.599,
    "Triggers": [],
    "Execution Time": 2420.315
  }
]