[
  {
    "Plan": {
      "Node Type": "Aggregate",
      "Strategy": "Plain",
      "Partial Mode": "Finalize",
      "Parallel Aware": false,
      "Startup Cost": 442482.55,
      "Total Cost": 442482.56,
      "Plan Rows": 1,
      "Plan Width": 8,
      "Actual Startup Time": 3580.722,
      "Actual Total Time": 3630.107,
      "Actual Rows": 1,
      "Actual Loops": 1,
      "Plans": [
        {
          "Node Type": "Gather",
          "Parent Relationship": "Outer",
          "Parallel Aware": false,
          "Startup Cost": 442481.93,
          "Total Cost": 442482.54,
          "Plan Rows": 6,
          "Plan Width": 8,
          "Actual Startup Time": 3566.201,
          "Actual Total Time": 3630.093,
          "Actual Rows": 7,
          "Actual Loops": 1,
          "Workers Planned": 6,
          "Workers Launched": 6,
          "Single Copy": false,
          "Plans": [
            {
              "Node Type": "Aggregate",
              "Strategy": "Plain",
              "Partial Mode": "Partial",
              "Parent Relationship": "Outer",
              "Parallel Aware": false,
              "Startup Cost": 441481.93,
              "Total Cost": 441481.94,
              "Plan Rows": 1,
              "Plan Width": 8,
              "Actual Startup Time": 3555.222,
              "Actual Total Time": 3555.52,
              "Actual Rows": 1,
              "Actual Loops": 7,
              "Plans": [
                {
                  "Node Type": "Hash Join",
                  "Parent Relationship": "Outer",
                  "Parallel Aware": true,
                  "Join Type": "Inner",
                  "Startup Cost": 95623.77,
                  "Total Cost": 437074.54,
                  "Plan Rows": 1762957,
                  "Plan Width": 0,
                  "Actual Startup Time": 373.068,
                  "Actual Total Time": 3017.93,
                  "Actual Rows": 11885753,
                  "Actual Loops": 7,
                  "Inner Unique": false,
                  "Hash Cond": "(ci.movie_id = t.id)",
                  "Plans": [
                    {
                      "Node Type": "Seq Scan",
                      "Parent Relationship": "Outer",
                      "Parallel Aware": true,
                      "Relation Name": "cast_info",
                      "Alias": "ci",
                      "Startup Cost": 0.0,
                      "Total Cost": 313106.51,
                      "Plan Rows": 6041951,
                      "Plan Width": 4,
                      "Actual Startup Time": 0.033,
                      "Actual Total Time": 563.47,
                      "Actual Rows": 5177763,
                      "Actual Loops": 7
                    },
                    {
                      "Node Type": "Hash",
                      "Parent Relationship": "Inner",
                      "Parallel Aware": true,
                      "Startup Cost": 92648.94,
                      "Total Cost": 92648.94,
                      "Plan Rows": 237986,
                      "Plan Width": 8,
                      "Actual Startup Time": 370.159,
                      "Actual Total Time": 370.456,
                      "Actual Rows": 205373,
                      "Actual Loops": 7,
                      "Hash Buckets": 2097152,
                      "Original Hash Buckets": 1048576,
                      "Hash Batches": 1,
                      "Original Hash Batches": 1,
                      "Peak Memory Usage": 80960,
                      "Plans": [
                        {
                          "Node Type": "Hash Join",
                          "Parent Relationship": "Outer",
                          "Parallel Aware": true,
                          "Join Type": "Inner",
                          "Startup Cost": 47976.11,
                          "Total Cost": 92648.94,
                          "Plan Rows": 237986,
                          "Plan Width": 8,
                          "Actual Startup Time": 141.53,
                          "Actual Total Time": 276.992,
                          "Actual Rows": 205373,
                          "Actual Loops": 7,
                          "Inner Unique": true,
                          "Hash Cond": "(mk.movie_id = t.id)",
                          "Plans": [
                            {
                              "Node Type": "Seq Scan",
                              "Parent Relationship": "Outer",
                              "Parallel Aware": true,
                              "Relation Name": "movie_keyword",
                              "Alias": "mk",
                              "Startup Cost": 0.0,
                              "Total Cost": 42695.65,
                              "Plan Rows": 753210,
                              "Plan Width": 4,
                              "Actual Startup Time": 0.203,
                              "Actual Total Time": 75.687,
                              "Actual Rows": 331797,
                              "Actual Loops": 7,
                              "Filter": "(keyword_id > 4412)",
                              "Rows Removed by Filter": 314479
                            },
                            {
                              "Node Type": "Hash",
                              "Parent Relationship": "Inner",
                              "Parallel Aware": true,
                              "Startup Cost": 45479.59,
                              "Total Cost": 45479.59,
                              "Plan Rows": 199722,
                              "Plan Width": 4,
                              "Actual Startup Time": 139.626,
                              "Actual Total Time": 139.627,
                              "Actual Rows": 101123,
                              "Actual Loops": 7,
                              "Hash Buckets": 1048576,
                              "Original Hash Buckets": 1048576,
                              "Hash Batches": 1,
                              "Original Hash Batches": 1,
                              "Peak Memory Usage": 35968,
                              "Plans": [
                                {
                                  "Node Type": "Seq Scan",
                                  "Parent Relationship": "Outer",
                                  "Parallel Aware": true,
                                  "Relation Name": "title",
                                  "Alias": "t",
                                  "Startup Cost": 0.0,
                                  "Total Cost": 45479.59,
                                  "Plan Rows": 199722,
                                  "Plan Width": 4,
                                  "Actual Startup Time": 0.047,
                                  "Actual Total Time": 82.679,
                                  "Actual Rows": 101123,
                                  "Actual Loops": 7,
                                  "Filter": "((kind_id < 7) AND (production_year > 1973))",
                                  "Rows Removed by Filter": 260064
                                }
                              ]
                            }
                          ]
                        }
                      ]
                    }
                  ]
                }
              ]
            }
          ]
        }
      ]
    },
    "Planning Time": 1.218,
    "Triggers": [],
    "Execution Time": 3630.198
  }
]