[
  {
    "Plan": {
      "Node Type": "Aggregate",
      "Strategy": "Plain",
      "Partial Mode": "Finalize",
      "Parallel Aware": false,
      "Startup Cost": 442406.23,
      "Total Cost": 442406.24,
      "Plan Rows": 1,
      "Plan Width": 8,
      "Actual Startup Time": 3555.448,
      "Actual Total Time": 3611.111,
      "Actual Rows": 1,
      "Actual Loops": 1,
      "Plans": [
        {
          "Node Type": "Gather",
          "Parent Relationship": "Outer",
          "Parallel Aware": false,
          "Startup Cost": 442405.6,
          "Total Cost": 442406.21,
          "Plan Rows": 6,
          "Plan Width": 8,
          "Actual Startup Time": 3536.684,
          "Actual Total Time": 3611.102,
          "Actual Rows": 7,
          "Actual Loops": 1,
          "Workers Planned": 6,
          "Workers Launched": 6,
          "Single Copy": false,
          "Plans": [
            {
              "Node Type": "Aggregate",
              "Strategy": "Plain",
              "Partial Mode": "Partial",
              "Parent Relationship": "Outer",
              "Parallel Aware": false,
              "Startup Cost": 441405.6,
              "Total Cost": 441405.61,
              "Plan Rows": 1,
              "Plan Width": 8,
              "Actual Startup Time": 3524.045,
              "Actual Total Time": 3524.051,
              "Actual Rows": 1,
              "Actual Loops": 7,
              "Plans": [
                {
                  "Node Type": "Hash Join",
                  "Parent Relationship": "Outer",
                  "Parallel Aware": true,
                  "Join Type": "Inner",
                  "Startup Cost": 95619.32,
                  "Total Cost": 437005.9,
                  "Plan Rows": 1759882,
                  "Plan Width": 0,
                  "Actual Startup Time": 381.477,
                  "Actual Total Time": 2990.017,
                  "Actual Rows": 11885753,
                  "Actual Loops": 7,
                  "Inner Unique": false,
                  "Hash Cond": "(ci.movie_id = t.id)",
                  "Plans": [
                    {
                      "Node Type": "Seq Scan",
                      "Parent Relationship": "Outer",
                      "Parallel Aware": true,
                      "Relation Name": "cast_info",
                      "Alias": "ci",
                      "Startup Cost": 0.0,
                      "Total Cost": 313067.02,
                      "Plan Rows": 6038002,
                      "Plan Width": 4,
                      "Actual Startup Time": 0.024,
                      "Actual Total Time": 552.328,
                      "Actual Rows": 5177763,
                      "Actual Loops": 7
                    },
                    {
                      "Node Type": "Hash",
                      "Parent Relationship": "Inner",
                      "Parallel Aware": true,
                      "Startup Cost": 92647.88,
                      "Total Cost": 92647.88,
                      "Plan Rows": 237715,
                      "Plan Width": 8,
                      "Actual Startup Time": 378.121,
                      "Actual Total Time": 378.125,
                      "Actual Rows": 205373,
                      "Actual Loops": 7,
                      "Hash Buckets": 2097152,
                      "Original Hash Buckets": 1048576,
                      "Hash Batches": 1,
                      "Original Hash Batches": 1,
                      "Peak Memory Usage": 80928,
                      "Plans": [
                        {
                          "Node Type": "Hash Join",
                          "Parent Relationship": "Outer",
                          "Parallel Aware": true,
                          "Join Type": "Inner",
                          "Startup Cost": 47984.07,
                          "Total Cost": 92647.88,
                          "Plan Rows": 237715,
                          "Plan Width": 8,
                          "Actual Startup Time": 137.464,
                          "Actual Total Time": 282.441,
                          "Actual Rows": 205373,
                          "Actual Loops": 7,
                          "Inner Unique": true,
                          "Hash Cond": "(mk.movie_id = t.id)",
                          "Plans": [
                            {
                              "Node Type": "Seq Scan",
                              "Parent Relationship": "Outer",
                              "Parallel Aware": true,
                              "Relation Name": "movie_keyword",
                              "Alias": "mk",
                              "Startup Cost": 0.0,
                              "Total Cost": 42695.65,
                              "Plan Rows": 749774,
                              "Plan Width": 4,
                              "Actual Startup Time": 0.212,
                              "Actual Total Time": 82.504,
                              "Actual Rows": 331797,
                              "Actual Loops": 7,
                              "Filter": "(keyword_id > 4412)",
                              "Rows Removed by Filter": 314479
                            },
                            {
                              "Node Type": "Hash",
                              "Parent Relationship": "Inner",
                              "Parallel Aware": true,
                              "Startup Cost": 45479.1,
                              "Total Cost": 45479.1,
                              "Plan Rows": 200398,
                              "Plan Width": 4,
                              "Actual Startup Time": 135.627,
                              "Actual Total Time": 135.628,
                              "Actual Rows": 101123,
                              "Actual Loops": 7,
                              "Hash Buckets": 1048576,
                              "Original Hash Buckets": 1048576,
                              "Hash Batches": 1,
                              "Original Hash Batches": 1,
                              "Peak Memory Usage": 36000,
                              "Plans": [
                                {
                                  "Node Type": "Seq Scan",
                                  "Parent Relationship": "Outer",
                                  "Parallel Aware": true,
                                  "Relation Name": "title",
                                  "Alias": "t",
                                  "Startup Cost": 0.0,
                                  "Total Cost": 45479.1,
                                  "Plan Rows": 200398,
                                  "Plan Width": 4,
                                  "Actual Startup Time": 0.042,
                                  "Actual Total Time": 82.337,
                                  "Actual Rows": 101123,
                                  "Actual Loops": 7,
                                  "Filter": "((kind_id < 7) AND (production_year > 1973))",
                                  "Rows Removed by Filter": 260064
                                }
                              ]
                            }
                          ]
                        }
                      ]
                    }
                  ]
                }
              ]
            }
          ]
        }
      ]
    },
    "Planning Time": 1.275,
    "Triggers": [],
    "Execution Time": 3611.211
  }
]