[
    {
        "Bao": {
            "Bao prediction": "NaN",
            "Bao recommended hint": "(no hint)"
        }
    },
    {
        "Plan": {
            "Node Type": "Aggregate",
            "Strategy": "Plain",
            "Partial Mode": "Finalize",
            "Parallel Aware": false,
            "Startup Cost": 27282.96,
            "Total Cost": 27282.97,
            "Plan Rows": 1,
            "Plan Width": 8,
            "Actual Startup Time": 55.323,
            "Actual Total Time": 59.044,
            "Actual Rows": 1,
            "Actual Loops": 1,
            "Output": [
                "count(*)"
            ],
            "Plans": [
                {
                    "Node Type": "Gather",
                    "Parent Relationship": "Outer",
                    "Parallel Aware": false,
                    "Startup Cost": 27282.65,
                    "Total Cost": 27282.96,
                    "Plan Rows": 3,
                    "Plan Width": 8,
                    "Actual Startup Time": 55.164,
                    "Actual Total Time": 59.037,
                    "Actual Rows": 4,
                    "Actual Loops": 1,
                    "Output": [
                        "(PARTIAL count(*))"
                    ],
                    "Workers Planned": 3,
                    "Workers Launched": 3,
                    "Single Copy": false,
                    "Plans": [
                        {
                            "Node Type": "Aggregate",
                            "Strategy": "Plain",
                            "Partial Mode": "Partial",
                            "Parent Relationship": "Outer",
                            "Parallel Aware": false,
                            "Startup Cost": 26282.65,
                            "Total Cost": 26282.66,
                            "Plan Rows": 1,
                            "Plan Width": 8,
                            "Actual Startup Time": 46.543,
                            "Actual Total Time": 46.546,
                            "Actual Rows": 1,
                            "Actual Loops": 4,
                            "Output": [
                                "PARTIAL count(*)"
                            ],
                            "Workers": [
                                {
                                    "Worker Number": 0,
                                    "Actual Startup Time": 43.523,
                                    "Actual Total Time": 43.525,
                                    "Actual Rows": 1,
                                    "Actual Loops": 1
                                },
                                {
                                    "Worker Number": 1,
                                    "Actual Startup Time": 43.807,
                                    "Actual Total Time": 43.814,
                                    "Actual Rows": 1,
                                    "Actual Loops": 1
                                },
                                {
                                    "Worker Number": 2,
                                    "Actual Startup Time": 44.139,
                                    "Actual Total Time": 44.141,
                                    "Actual Rows": 1,
                                    "Actual Loops": 1
                                }
                            ],
                            "Plans": [
                                {
                                    "Node Type": "Bitmap Heap Scan",
                                    "Parent Relationship": "Outer",
                                    "Parallel Aware": true,
                                    "Relation Name": "movie_companies",
                                    "Schema": "public",
                                    "Alias": "mc",
                                    "Startup Cost": 6024.9,
                                    "Total Cost": 26167.7,
                                    "Plan Rows": 45980,
                                    "Plan Width": 0,
                                    "Actual Startup Time": 9.679,
                                    "Actual Total Time": 41.481,
                                    "Actual Rows": 70818,
                                    "Actual Loops": 4,
                                    "Recheck Cond": "(mc.company_id > 95465)",
                                    "Rows Removed by Index Recheck": 0,
                                    "Filter": "(mc.company_type_id > 1)",
                                    "Rows Removed by Filter": 0,
                                    "Exact Heap Blocks": 2777,
                                    "Lossy Heap Blocks": 0,
                                    "Workers": [
                                        {
                                            "Worker Number": 0,
                                            "Actual Startup Time": 6.71,
                                            "Actual Total Time": 39.002,
                                            "Actual Rows": 36968,
                                            "Actual Loops": 1
                                        },
                                        {
                                            "Worker Number": 1,
                                            "Actual Startup Time": 7.167,
                                            "Actual Total Time": 39.431,
                                            "Actual Rows": 41051,
                                            "Actual Loops": 1
                                        },
                                        {
                                            "Worker Number": 2,
                                            "Actual Startup Time": 7.255,
                                            "Actual Total Time": 39.458,
                                            "Actual Rows": 38395,
                                            "Actual Loops": 1
                                        }
                                    ],
                                    "Plans": [
                                        {
                                            "Node Type": "Bitmap Index Scan",
                                            "Parent Relationship": "Outer",
                                            "Parallel Aware": false,
                                            "Index Name": "company_id_movie_companies",
                                            "Startup Cost": 0.0,
                                            "Total Cost": 5989.27,
                                            "Plan Rows": 279578,
                                            "Plan Width": 0,
                                            "Actual Startup Time": 16.808,
                                            "Actual Total Time": 16.809,
                                            "Actual Rows": 283274,
                                            "Actual Loops": 1,
                                            "Index Cond": "(mc.company_id > 95465)"
                                        }
                                    ]
                                }
                            ]
                        }
                    ]
                }
            ]
        },
        "Planning Time": 182.739,
        "Triggers": [],
        "Execution Time": 59.145
    }
]