[
  {
    "Plan": {
      "Node Type": "Aggregate",
      "Strategy": "Plain",
      "Partial Mode": "Finalize",
      "Parallel Aware": false,
      "Startup Cost": 44571.58,
      "Total Cost": 44571.59,
      "Plan Rows": 1,
      "Plan Width": 8,
      "Actual Startup Time": 148.25,
      "Actual Total Time": 159.356,
      "Actual Rows": 1,
      "Actual Loops": 1,
      "Plans": [
        {
          "Node Type": "Gather",
          "Parent Relationship": "Outer",
          "Parallel Aware": false,
          "Startup Cost": 44571.26,
          "Total Cost": 44571.57,
          "Plan Rows": 3,
          "Plan Width": 8,
          "Actual Startup Time": 148.105,
          "Actual Total Time": 159.349,
          "Actual Rows": 4,
          "Actual Loops": 1,
          "Workers Planned": 3,
          "Workers Launched": 3,
          "Single Copy": false,
          "Plans": [
            {
              "Node Type": "Aggregate",
              "Strategy": "Plain",
              "Partial Mode": "Partial",
              "Parent Relationship": "Outer",
              "Parallel Aware": false,
              "Startup Cost": 43571.26,
              "Total Cost": 43571.27,
              "Plan Rows": 1,
              "Plan Width": 8,
              "Actual Startup Time": 141.566,
              "Actual Total Time": 141.567,
              "Actual Rows": 1,
              "Actual Loops": 4,
              "Plans": [
                {
                  "Node Type": "Seq Scan",
                  "Parent Relationship": "Outer",
                  "Parallel Aware": true,
                  "Relation Name": "movie_keyword",
                  "Alias": "mk",
                  "Startup Cost": 0.0,
                  "Total Cost": 42695.65,
                  "Plan Rows": 350243,
                  "Plan Width": 0,
                  "Actual Startup Time": 2.007,
                  "Actual Total Time": 124.997,
                  "Actual Rows": 271128,
                  "Actual Loops": 4,
                  "Filter": "(keyword_id > 16302)",
                  "Rows Removed by Filter": 859854
                }
              ]
            }
          ]
        }
      ]
    },
    "Planning Time": 0.122,
    "Triggers": [],
    "Execution Time": 159.396
  }
]