[
  {
    "Plan": {
      "Node Type": "Aggregate",
      "Strategy": "Plain",
      "Partial Mode": "Finalize",
      "Parallel Aware": false,
      "Startup Cost": 45021.75,
      "Total Cost": 45021.76,
      "Plan Rows": 1,
      "Plan Width": 8,
      "Actual Startup Time": 134.41,
      "Actual Total Time": 141.468,
      "Actual Rows": 1,
      "Actual Loops": 1,
      "Plans": [
        {
          "Node Type": "Gather",
          "Parent Relationship": "Outer",
          "Parallel Aware": false,
          "Startup Cost": 45021.43,
          "Total Cost": 45021.74,
          "Plan Rows": 3,
          "Plan Width": 8,
          "Actual Startup Time": 134.279,
          "Actual Total Time": 141.461,
          "Actual Rows": 4,
          "Actual Loops": 1,
          "Workers Planned": 3,
          "Workers Launched": 3,
          "Single Copy": false,
          "Plans": [
            {
              "Node Type": "Aggregate",
              "Strategy": "Plain",
              "Partial Mode": "Partial",
              "Parent Relationship": "Outer",
              "Parallel Aware": false,
              "Startup Cost": 44021.43,
              "Total Cost": 44021.44,
              "Plan Rows": 1,
              "Plan Width": 8,
              "Actual Startup Time": 126.062,
              "Actual Total Time": 126.063,
              "Actual Rows": 1,
              "Actual Loops": 4,
              "Plans": [
                {
                  "Node Type": "Seq Scan",
                  "Parent Relationship": "Outer",
                  "Parallel Aware": true,
                  "Relation Name": "movie_keyword",
                  "Alias": "mk",
                  "Startup Cost": 0.0,
                  "Total Cost": 42695.65,
                  "Plan Rows": 530312,
                  "Plan Width": 0,
                  "Actual Startup Time": 1.4,
                  "Actual Total Time": 106.114,
                  "Actual Rows": 407313,
                  "Actual Loops": 4,
                  "Filter": "(keyword_id > 9130)",
                  "Rows Removed by Filter": 723670
                }
              ]
            }
          ]
        }
      ]
    },
    "Planning Time": 0.189,
    "Triggers": [],
    "Execution Time": 141.523
  }
]