[
  {
    "Plan": {
      "Node Type": "Aggregate",
      "Strategy": "Plain",
      "Partial Mode": "Finalize",
      "Parallel Aware": false,
      "Startup Cost": 31339.78,
      "Total Cost": 31339.79,
      "Plan Rows": 1,
      "Plan Width": 8,
      "Actual Startup Time": 139.243,
      "Actual Total Time": 149.397,
      "Actual Rows": 1,
      "Actual Loops": 1,
      "Plans": [
        {
          "Node Type": "Gather",
          "Parent Relationship": "Outer",
          "Parallel Aware": false,
          "Startup Cost": 31339.46,
          "Total Cost": 31339.77,
          "Plan Rows": 3,
          "Plan Width": 8,
          "Actual Startup Time": 138.902,
          "Actual Total Time": 149.376,
          "Actual Rows": 4,
          "Actual Loops": 1,
          "Workers Planned": 3,
          "Workers Launched": 3,
          "Single Copy": false,
          "Plans": [
            {
              "Node Type": "Aggregate",
              "Strategy": "Plain",
              "Partial Mode": "Partial",
              "Parent Relationship": "Outer",
              "Parallel Aware": false,
              "Startup Cost": 30339.46,
              "Total Cost": 30339.47,
              "Plan Rows": 1,
              "Plan Width": 8,
              "Actual Startup Time": 133.132,
              "Actual Total Time": 133.135,
              "Actual Rows": 1,
              "Actual Loops": 4,
              "Plans": [
                {
                  "Node Type": "Seq Scan",
                  "Parent Relationship": "Outer",
                  "Parallel Aware": true,
                  "Relation Name": "movie_companies",
                  "Alias": "mc",
                  "Startup Cost": 0.0,
                  "Total Cost": 29310.68,
                  "Plan Rows": 411513,
                  "Plan Width": 0,
                  "Actual Startup Time": 0.052,
                  "Actual Total Time": 113.397,
                  "Actual Rows": 318562,
                  "Actual Loops": 4,
                  "Filter": "(company_type_id < 2)",
                  "Rows Removed by Filter": 333721
                }
              ]
            }
          ]
        }
      ]
    },
    "Planning Time": 0.216,
    "Triggers": [],
    "Execution Time": 149.465
  }
]