{
  "Plan": {
    "Node Type": "Aggregate",
    "Strategy": "Plain",
    "Partial Mode": "Finalize",
    "Parallel Aware": false,
    "Startup Cost": 175778.69,
    "Total Cost": 175778.7,
    "Plan Rows": 1,
    "Plan Width": 8,
    "Actual Startup Time": 839.59,
    "Actual Total Time": 856.99,
    "Actual Rows": 1,
    "Actual Loops": 1,
    "Plans": [
      {
        "Node Type": "Gather",
        "Parent Relationship": "Outer",
        "Parallel Aware": false,
        "Startup Cost": 175778.58,
        "Total Cost": 175778.69,
        "Plan Rows": 1,
        "Plan Width": 8,
        "Actual Startup Time": 837.798,
        "Actual Total Time": 856.983,
        "Actual Rows": 2,
        "Actual Loops": 1,
        "Workers Planned": 1,
        "Workers Launched": 1,
        "Single Copy": false,
        "Plans": [
          {
            "Node Type": "Aggregate",
            "Strategy": "Plain",
            "Partial Mode": "Partial",
            "Parent Relationship": "Outer",
            "Parallel Aware": false,
            "Startup Cost": 174778.58,
            "Total Cost": 174778.59,
            "Plan Rows": 1,
            "Plan Width": 8,
            "Actual Startup Time": 831.811,
            "Actual Total Time": 831.817,
            "Actual Rows": 1,
            "Actual Loops": 2,
            "Plans": [
              {
                "Node Type": "Hash Join",
                "Parent Relationship": "Outer",
                "Parallel Aware": true,
                "Join Type": "Inner",
                "Startup Cost": 104946.0,
                "Total Cost": 174009.02,
                "Plan Rows": 307822,
                "Plan Width": 0,
                "Actual Startup Time": 475.881,
                "Actual Total Time": 818.808,
                "Actual Rows": 320860,
                "Actual Loops": 2,
                "Inner Unique": false,
                "Hash Cond": "(mk.movie_id = t.id)",
                "Plans": [
                  {
                    "Node Type": "Seq Scan",
                    "Parent Relationship": "Outer",
                    "Parallel Aware": true,
                    "Relation Name": "movie_keyword",
                    "Alias": "mk",
                    "Startup Cost": 0.0,
                    "Total Cost": 57718.19,
                    "Plan Rows": 2542430,
                    "Plan Width": 4,
                    "Actual Startup Time": 0.012,
                    "Actual Total Time": 191.736,
                    "Actual Rows": 2162408,
                    "Actual Loops": 2,
                    "Filter": "(keyword_id < 68966)",
                    "Rows Removed by Filter": 99556
                  },
                  {
                    "Node Type": "Hash",
                    "Parent Relationship": "Inner",
                    "Parallel Aware": true,
                    "Startup Cost": 102695.18,
                    "Total Cost": 102695.18,
                    "Plan Rows": 180065,
                    "Plan Width": 8,
                    "Actual Startup Time": 470.181,
                    "Actual Total Time": 470.186,
                    "Actual Rows": 68926,
                    "Actual Loops": 2,
                    "Hash Buckets": 524288,
                    "Original Hash Buckets": 524288,
                    "Hash Batches": 1,
                    "Original Hash Batches": 1,
                    "Peak Memory Usage": 9536,
                    "Plans": [
                      {
                        "Node Type": "Hash Join",
                        "Parent Relationship": "Outer",
                        "Parallel Aware": true,
                        "Join Type": "Inner",
                        "Startup Cost": 62737.17,
                        "Total Cost": 102695.18,
                        "Plan Rows": 180065,
                        "Plan Width": 8,
                        "Actual Startup Time": 246.647,
                        "Actual Total Time": 455.092,
                        "Actual Rows": 68926,
                        "Actual Loops": 2,
                        "Inner Unique": true,
                        "Hash Cond": "(mc.movie_id = t.id)",
                        "Plans": [
                          {
                            "Node Type": "Seq Scan",
                            "Parent Relationship": "Outer",
                            "Parallel Aware": true,
                            "Relation Name": "movie_companies",
                            "Alias": "mc",
                            "Startup Cost": 0.0,
                            "Total Cost": 37974.77,
                            "Plan Rows": 755522,
                            "Plan Width": 4,
                            "Actual Startup Time": 0.014,
                            "Actual Total Time": 106.124,
                            "Actual Rows": 637123,
                            "Actual Loops": 2,
                            "Filter": "(company_type_id < 2)",
                            "Rows Removed by Filter": 667442
                          },
                          {
                            "Node Type": "Hash",
                            "Parent Relationship": "Inner",
                            "Parallel Aware": true,
                            "Startup Cost": 58306.47,
                            "Total Cost": 58306.47,
                            "Plan Rows": 354456,
                            "Plan Width": 4,
                            "Actual Startup Time": 240.166,
                            "Actual Total Time": 240.167,
                            "Actual Rows": 325769,
                            "Actual Loops": 2,
                            "Hash Buckets": 1048576,
                            "Original Hash Buckets": 1048576,
                            "Hash Batches": 1,
                            "Original Hash Batches": 1,
                            "Peak Memory Usage": 33728,
                            "Plans": [
                              {
                                "Node Type": "Seq Scan",
                                "Parent Relationship": "Outer",
                                "Parallel Aware": true,
                                "Relation Name": "title",
                                "Alias": "t",
                                "Startup Cost": 0.0,
                                "Total Cost": 58306.47,
                                "Plan Rows": 354456,
                                "Plan Width": 4,
                                "Actual Startup Time": 0.035,
                                "Actual Total Time": 148.983,
                                "Actual Rows": 325769,
                                "Actual Loops": 2,
                                "Filter": "((kind_id > 3) AND (production_year > 2006))",
                                "Rows Removed by Filter": 938387
                              }
                            ]
                          }
                        ]
                      }
                    ]
                  }
                ]
              }
            ]
          }
        ]
      }
    ]
  },
  "Planning Time": 0.981,
  "Triggers": [],
  "Execution Time": 857.074
}