[
  {
    "Plan": {
      "Node Type": "Aggregate",
      "Strategy": "Plain",
      "Partial Mode": "Finalize",
      "Parallel Aware": false,
      "Startup Cost": 26913.17,
      "Total Cost": 26913.18,
      "Plan Rows": 1,
      "Plan Width": 8,
      "Actual Startup Time": 58.135,
      "Actual Total Time": 64.697,
      "Actual Rows": 1,
      "Actual Loops": 1,
      "Plans": [
        {
          "Node Type": "Gather",
          "Parent Relationship": "Outer",
          "Parallel Aware": false,
          "Startup Cost": 26912.85,
          "Total Cost": 26913.16,
          "Plan Rows": 3,
          "Plan Width": 8,
          "Actual Startup Time": 57.921,
          "Actual Total Time": 64.692,
          "Actual Rows": 4,
          "Actual Loops": 1,
          "Workers Planned": 3,
          "Workers Launched": 3,
          "Single Copy": false,
          "Plans": [
            {
              "Node Type": "Aggregate",
              "Strategy": "Plain",
              "Partial Mode": "Partial",
              "Parent Relationship": "Outer",
              "Parallel Aware": false,
              "Startup Cost": 25912.85,
              "Total Cost": 25912.86,
              "Plan Rows": 1,
              "Plan Width": 8,
              "Actual Startup Time": 52.899,
              "Actual Total Time": 52.9,
              "Actual Rows": 1,
              "Actual Loops": 4,
              "Plans": [
                {
                  "Node Type": "Bitmap Heap Scan",
                  "Parent Relationship": "Outer",
                  "Parallel Aware": true,
                  "Relation Name": "movie_companies",
                  "Alias": "mc",
                  "Startup Cost": 5727.46,
                  "Total Cost": 25803.32,
                  "Plan Rows": 43811,
                  "Plan Width": 0,
                  "Actual Startup Time": 39.694,
                  "Actual Total Time": 52.088,
                  "Actual Rows": 15416,
                  "Actual Loops": 4,
                  "Recheck Cond": "(company_id < 137)",
                  "Rows Removed by Index Recheck": 0,
                  "Filter": "(company_type_id = 2)",
                  "Rows Removed by Filter": 50292,
                  "Exact Heap Blocks": 9995,
                  "Lossy Heap Blocks": 0,
                  "Plans": [
                    {
                      "Node Type": "Bitmap Index Scan",
                      "Parent Relationship": "Outer",
                      "Parallel Aware": false,
                      "Index Name": "company_id_movie_companies",
                      "Startup Cost": 0.0,
                      "Total Cost": 5693.51,
                      "Plan Rows": 265744,
                      "Plan Width": 0,
                      "Actual Startup Time": 11.531,
                      "Actual Total Time": 11.531,
                      "Actual Rows": 262833,
                      "Actual Loops": 1,
                      "Index Cond": "(company_id < 137)"
                    }
                  ]
                }
              ]
            }
          ]
        }
      ]
    },
    "Planning Time": 0.058,
    "Triggers": [],
    "Execution Time": 64.723
  }
]