{
  "Plan": {
    "Node Type": "Aggregate",
    "Strategy": "Plain",
    "Partial Mode": "Finalize",
    "Parallel Aware": false,
    "Startup Cost": 647695.73,
    "Total Cost": 647695.74,
    "Plan Rows": 1,
    "Plan Width": 8,
    "Actual Startup Time": 2263.626,
    "Actual Total Time": 2329.594,
    "Actual Rows": 1,
    "Actual Loops": 1,
    "Plans": [
      {
        "Node Type": "Gather",
        "Parent Relationship": "Outer",
        "Parallel Aware": false,
        "Startup Cost": 647695.62,
        "Total Cost": 647695.73,
        "Plan Rows": 1,
        "Plan Width": 8,
        "Actual Startup Time": 2263.327,
        "Actual Total Time": 2329.585,
        "Actual Rows": 2,
        "Actual Loops": 1,
        "Workers Planned": 1,
        "Workers Launched": 1,
        "Single Copy": false,
        "Plans": [
          {
            "Node Type": "Aggregate",
            "Strategy": "Plain",
            "Partial Mode": "Partial",
            "Parent Relationship": "Outer",
            "Parallel Aware": false,
            "Startup Cost": 646695.62,
            "Total Cost": 646695.63,
            "Plan Rows": 1,
            "Plan Width": 8,
            "Actual Startup Time": 2257.207,
            "Actual Total Time": 2257.21,
            "Actual Rows": 1,
            "Actual Loops": 2,
            "Plans": [
              {
                "Node Type": "Hash Join",
                "Parent Relationship": "Outer",
                "Parallel Aware": true,
                "Join Type": "Inner",
                "Startup Cost": 55489.45,
                "Total Cost": 645863.43,
                "Plan Rows": 332876,
                "Plan Width": 0,
                "Actual Startup Time": 570.968,
                "Actual Total Time": 2252.865,
                "Actual Rows": 92536,
                "Actual Loops": 2,
                "Inner Unique": true,
                "Hash Cond": "(ci.movie_id = t.id)",
                "Plans": [
                  {
                    "Node Type": "Seq Scan",
                    "Parent Relationship": "Outer",
                    "Parallel Aware": true,
                    "Relation Name": "cast_info",
                    "Alias": "ci",
                    "Startup Cost": 0.0,
                    "Total Cost": 572345.93,
                    "Plan Rows": 6867815,
                    "Plan Width": 4,
                    "Actual Startup Time": 412.236,
                    "Actual Total Time": 1567.818,
                    "Actual Rows": 4695836,
                    "Actual Loops": 2,
                    "Filter": "((person_id > 1469501) AND (role_id < 3))",
                    "Rows Removed by Filter": 13426336
                  },
                  {
                    "Node Type": "Hash",
                    "Parent Relationship": "Inner",
                    "Parallel Aware": true,
                    "Startup Cost": 54588.39,
                    "Total Cost": 54588.39,
                    "Plan Rows": 72085,
                    "Plan Width": 4,
                    "Actual Startup Time": 155.578,
                    "Actual Total Time": 155.579,
                    "Actual Rows": 61466,
                    "Actual Loops": 2,
                    "Hash Buckets": 131072,
                    "Original Hash Buckets": 131072,
                    "Hash Batches": 1,
                    "Original Hash Batches": 1,
                    "Peak Memory Usage": 5856,
                    "Plans": [
                      {
                        "Node Type": "Seq Scan",
                        "Parent Relationship": "Outer",
                        "Parallel Aware": true,
                        "Relation Name": "title",
                        "Alias": "t",
                        "Startup Cost": 0.0,
                        "Total Cost": 54588.39,
                        "Plan Rows": 72085,
                        "Plan Width": 4,
                        "Actual Startup Time": 58.383,
                        "Actual Total Time": 142.278,
                        "Actual Rows": 61466,
                        "Actual Loops": 2,
                        "Filter": "(production_year < 1933)",
                        "Rows Removed by Filter": 1202690
                      }
                    ]
                  }
                ]
              }
            ]
          }
        ]
      }
    ]
  },
  "Planning Time": 0.497,
  "Triggers": [],
  "Execution Time": 2329.724
}