[
  {
    "Plan": {
      "Node Type": "Aggregate",
      "Strategy": "Plain",
      "Partial Mode": "Finalize",
      "Parallel Aware": false,
      "Startup Cost": 151395.52,
      "Total Cost": 151395.53,
      "Plan Rows": 1,
      "Plan Width": 8,
      "Actual Startup Time": 1124.965,
      "Actual Total Time": 1181.775,
      "Actual Rows": 1,
      "Actual Loops": 1,
      "Plans": [
        {
          "Node Type": "Gather",
          "Parent Relationship": "Outer",
          "Parallel Aware": false,
          "Startup Cost": 151395.1,
          "Total Cost": 151395.51,
          "Plan Rows": 4,
          "Plan Width": 8,
          "Actual Startup Time": 1123.301,
          "Actual Total Time": 1181.767,
          "Actual Rows": 5,
          "Actual Loops": 1,
          "Workers Planned": 4,
          "Workers Launched": 4,
          "Single Copy": false,
          "Plans": [
            {
              "Node Type": "Aggregate",
              "Strategy": "Plain",
              "Partial Mode": "Partial",
              "Parent Relationship": "Outer",
              "Parallel Aware": false,
              "Startup Cost": 150395.1,
              "Total Cost": 150395.11,
              "Plan Rows": 1,
              "Plan Width": 8,
              "Actual Startup Time": 1118.646,
              "Actual Total Time": 1118.693,
              "Actual Rows": 1,
              "Actual Loops": 5,
              "Plans": [
                {
                  "Node Type": "Nested Loop",
                  "Parent Relationship": "Outer",
                  "Parallel Aware": false,
                  "Join Type": "Inner",
                  "Startup Cost": 29291.76,
                  "Total Cost": 149835.21,
                  "Plan Rows": 223954,
                  "Plan Width": 0,
                  "Actual Startup Time": 91.514,
                  "Actual Total Time": 1065.337,
                  "Actual Rows": 1144117,
                  "Actual Loops": 5,
                  "Inner Unique": false,
                  "Plans": [
                    {
                      "Node Type": "Hash Join",
                      "Parent Relationship": "Outer",
                      "Parallel Aware": true,
                      "Join Type": "Inner",
                      "Startup Cost": 29291.33,
                      "Total Cost": 75891.7,
                      "Plan Rows": 38375,
                      "Plan Width": 8,
                      "Actual Startup Time": 91.454,
                      "Actual Total Time": 261.6,
                      "Actual Rows": 62979,
                      "Actual Loops": 5,
                      "Inner Unique": false,
                      "Hash Cond": "(t.id = mc.movie_id)",
                      "Plans": [
                        {
                          "Node Type": "Seq Scan",
                          "Parent Relationship": "Outer",
                          "Parallel Aware": true,
                          "Relation Name": "title",
                          "Alias": "t",
                          "Startup Cost": 0.0,
                          "Total Cost": 43899.01,
                          "Plan Rows": 515515,
                          "Plan Width": 4,
                          "Actual Startup Time": 0.01,
                          "Actual Total Time": 73.191,
                          "Actual Rows": 412910,
                          "Actual Loops": 5,
                          "Filter": "(production_year < 2011)",
                          "Rows Removed by Filter": 92752
                        },
                        {
                          "Node Type": "Hash",
                          "Parent Relationship": "Inner",
                          "Parallel Aware": true,
                          "Startup Cost": 28532.42,
                          "Total Cost": 28532.42,
                          "Plan Rows": 60713,
                          "Plan Width": 4,
                          "Actual Startup Time": 79.578,
                          "Actual Total Time": 79.58,
                          "Actual Rows": 74909,
                          "Actual Loops": 5,
                          "Hash Buckets": 524288,
                          "Original Hash Buckets": 262144,
                          "Hash Batches": 1,
                          "Original Hash Batches": 1,
                          "Peak Memory Usage": 20896,
                          "Plans": [
                            {
                              "Node Type": "Bitmap Heap Scan",
                              "Parent Relationship": "Outer",
                              "Parallel Aware": true,
                              "Relation Name": "movie_companies",
                              "Alias": "mc",
                              "Startup Cost": 7956.17,
                              "Total Cost": 28532.42,
                              "Plan Rows": 60713,
                              "Plan Width": 4,
                              "Actual Startup Time": 19.359,
                              "Actual Total Time": 48.022,
                              "Actual Rows": 74909,
                              "Actual Loops": 5,
                              "Recheck Cond": "(company_id > 85035)",
                              "Rows Removed by Index Recheck": 0,
                              "Filter": "(company_type_id > 1)",
                              "Rows Removed by Filter": 0,
                              "Exact Heap Blocks": 2067,
                              "Lossy Heap Blocks": 0,
                              "Plans": [
                                {
                                  "Node Type": "Bitmap Index Scan",
                                  "Parent Relationship": "Outer",
                                  "Parallel Aware": false,
                                  "Index Name": "company_id_movie_companies",
                                  "Startup Cost": 0.0,
                                  "Total Cost": 7909.11,
                                  "Plan Rows": 369158,
                                  "Plan Width": 0,
                                  "Actual Startup Time": 20.816,
                                  "Actual Total Time": 20.817,
                                  "Actual Rows": 374544,
                                  "Actual Loops": 1,
                                  "Index Cond": "(company_id > 85035)"
                                }
                              ]
                            }
                          ]
                        }
                      ]
                    },
                    {
                      "Node Type": "Index Only Scan",
                      "Parent Relationship": "Inner",
                      "Parallel Aware": false,
                      "Scan Direction": "Forward",
                      "Index Name": "movie_id_movie_info",
                      "Relation Name": "movie_info",
                      "Alias": "mi",
                      "Startup Cost": 0.43,
                      "Total Cost": 1.54,
                      "Plan Rows": 39,
                      "Plan Width": 4,
                      "Actual Startup Time": 0.005,
                      "Actual Total Time": 0.011,
                      "Actual Rows": 18,
                      "Actual Loops": 314895,
                      "Index Cond": "(movie_id = t.id)",
                      "Rows Removed by Index Recheck": 0,
                      "Heap Fetches": 5720586
                    }
                  ]
                }
              ]
            }
          ]
        }
      ]
    },
    "Planning Time": 0.479,
    "Triggers": [],
    "Execution Time": 1181.858
  }
]