[
  {
    "Plan": {
      "Node Type": "Aggregate",
      "Strategy": "Plain",
      "Partial Mode": "Finalize",
      "Parallel Aware": false,
      "Startup Cost": 46889.91,
      "Total Cost": 46889.92,
      "Plan Rows": 1,
      "Plan Width": 8,
      "Actual Startup Time": 172.165,
      "Actual Total Time": 183.341,
      "Actual Rows": 1,
      "Actual Loops": 1,
      "Plans": [
        {
          "Node Type": "Gather",
          "Parent Relationship": "Outer",
          "Parallel Aware": false,
          "Startup Cost": 46889.59,
          "Total Cost": 46889.9,
          "Plan Rows": 3,
          "Plan Width": 8,
          "Actual Startup Time": 172.037,
          "Actual Total Time": 183.333,
          "Actual Rows": 4,
          "Actual Loops": 1,
          "Workers Planned": 3,
          "Workers Launched": 3,
          "Single Copy": false,
          "Plans": [
            {
              "Node Type": "Aggregate",
              "Strategy": "Plain",
              "Partial Mode": "Partial",
              "Parent Relationship": "Outer",
              "Parallel Aware": false,
              "Startup Cost": 45889.59,
              "Total Cost": 45889.6,
              "Plan Rows": 1,
              "Plan Width": 8,
              "Actual Startup Time": 168.138,
              "Actual Total Time": 168.14,
              "Actual Rows": 1,
              "Actual Loops": 4,
              "Plans": [
                {
                  "Node Type": "Seq Scan",
                  "Parent Relationship": "Outer",
                  "Parallel Aware": true,
                  "Relation Name": "movie_keyword",
                  "Alias": "mk",
                  "Startup Cost": 0.0,
                  "Total Cost": 42695.65,
                  "Plan Rows": 1277575,
                  "Plan Width": 0,
                  "Actual Startup Time": 0.03,
                  "Actual Total Time": 124.958,
                  "Actual Rows": 992642,
                  "Actual Loops": 4,
                  "Filter": "(keyword_id < 33327)",
                  "Rows Removed by Filter": 138340
                }
              ]
            }
          ]
        }
      ]
    },
    "Planning Time": 0.069,
    "Triggers": [],
    "Execution Time": 183.37
  }
]