[
  {
    "Plan": {
      "Node Type": "Aggregate",
      "Strategy": "Plain",
      "Partial Mode": "Simple",
      "Parallel Aware": false,
      "Startup Cost": 3324.78,
      "Total Cost": 3324.79,
      "Plan Rows": 1,
      "Plan Width": 8,
      "Actual Startup Time": 29.365,
      "Actual Total Time": 29.367,
      "Actual Rows": 1,
      "Actual Loops": 1,
      "Plans": [
        {
          "Node Type": "Nested Loop",
          "Parent Relationship": "Outer",
          "Parallel Aware": false,
          "Join Type": "Inner",
          "Startup Cost": 7.36,
          "Total Cost": 3324.04,
          "Plan Rows": 295,
          "Plan Width": 0,
          "Actual Startup Time": 0.934,
          "Actual Total Time": 29.223,
          "Actual Rows": 1508,
          "Actual Loops": 1,
          "Inner Unique": false,
          "Plans": [
            {
              "Node Type": "Nested Loop",
              "Parent Relationship": "Outer",
              "Parallel Aware": false,
              "Join Type": "Inner",
              "Startup Cost": 6.79,
              "Total Cost": 3018.6,
              "Plan Rows": 109,
              "Plan Width": 8,
              "Actual Startup Time": 0.859,
              "Actual Total Time": 4.244,
              "Actual Rows": 153,
              "Actual Loops": 1,
              "Inner Unique": true,
              "Plans": [
                {
                  "Node Type": "Bitmap Heap Scan",
                  "Parent Relationship": "Outer",
                  "Parallel Aware": false,
                  "Relation Name": "movie_keyword",
                  "Alias": "mk",
                  "Startup Cost": 6.36,
                  "Total Cost": 926.55,
                  "Plan Rows": 249,
                  "Plan Width": 4,
                  "Actual Startup Time": 0.838,
                  "Actual Total Time": 1.642,
                  "Actual Rows": 358,
                  "Actual Loops": 1,
                  "Recheck Cond": "(keyword_id = 4020)",
                  "Rows Removed by Index Recheck": 0,
                  "Exact Heap Blocks": 331,
                  "Lossy Heap Blocks": 0,
                  "Plans": [
                    {
                      "Node Type": "Bitmap Index Scan",
                      "Parent Relationship": "Outer",
                      "Parallel Aware": false,
                      "Index Name": "keyword_id_movie_keyword",
                      "Startup Cost": 0.0,
                      "Total Cost": 6.3,
                      "Plan Rows": 249,
                      "Plan Width": 0,
                      "Actual Startup Time": 0.789,
                      "Actual Total Time": 0.79,
                      "Actual Rows": 358,
                      "Actual Loops": 1,
                      "Index Cond": "(keyword_id = 4020)"
                    }
                  ]
                },
                {
                  "Node Type": "Index Scan",
                  "Parent Relationship": "Inner",
                  "Parallel Aware": false,
                  "Scan Direction": "Forward",
                  "Index Name": "title_pkey",
                  "Relation Name": "title",
                  "Alias": "t",
                  "Startup Cost": 0.43,
                  "Total Cost": 8.4,
                  "Plan Rows": 1,
                  "Plan Width": 4,
                  "Actual Startup Time": 0.007,
                  "Actual Total Time": 0.007,
                  "Actual Rows": 0,
                  "Actual Loops": 358,
                  "Index Cond": "(id = mk.movie_id)",
                  "Rows Removed by Index Recheck": 0,
                  "Filter": "(production_year > 2004)",
                  "Rows Removed by Filter": 1
                }
              ]
            },
            {
              "Node Type": "Index Scan",
              "Parent Relationship": "Inner",
              "Parallel Aware": false,
              "Scan Direction": "Forward",
              "Index Name": "movie_id_cast_info",
              "Relation Name": "cast_info",
              "Alias": "ci",
              "Startup Cost": 0.56,
              "Total Cost": 2.73,
              "Plan Rows": 7,
              "Plan Width": 4,
              "Actual Startup Time": 0.092,
              "Actual Total Time": 0.162,
              "Actual Rows": 10,
              "Actual Loops": 153,
              "Index Cond": "(movie_id = t.id)",
              "Rows Removed by Index Recheck": 0,
              "Filter": "((person_id < 1534529) AND (role_id > 2))",
              "Rows Removed by Filter": 69
            }
          ]
        }
      ]
    },
    "Planning Time": 0.782,
    "Triggers": [],
    "Execution Time": 29.416
  }
]