[
  {
    "Plan": {
      "Node Type": "Aggregate",
      "Strategy": "Plain",
      "Partial Mode": "Finalize",
      "Parallel Aware": false,
      "Startup Cost": 55804.67,
      "Total Cost": 55804.68,
      "Plan Rows": 1,
      "Plan Width": 64,
      "Actual Startup Time": 273.192,
      "Actual Total Time": 302.102,
      "Actual Rows": 1,
      "Actual Loops": 1,
      "Plans": [
        {
          "Node Type": "Gather",
          "Parent Relationship": "Outer",
          "Parallel Aware": false,
          "Startup Cost": 55804.24,
          "Total Cost": 55804.65,
          "Plan Rows": 4,
          "Plan Width": 64,
          "Actual Startup Time": 272.798,
          "Actual Total Time": 302.089,
          "Actual Rows": 5,
          "Actual Loops": 1,
          "Workers Planned": 4,
          "Workers Launched": 4,
          "Single Copy": false,
          "Plans": [
            {
              "Node Type": "Aggregate",
              "Strategy": "Plain",
              "Partial Mode": "Partial",
              "Parent Relationship": "Outer",
              "Parallel Aware": false,
              "Startup Cost": 54804.24,
              "Total Cost": 54804.25,
              "Plan Rows": 1,
              "Plan Width": 64,
              "Actual Startup Time": 260.694,
              "Actual Total Time": 260.709,
              "Actual Rows": 1,
              "Actual Loops": 5,
              "Plans": [
                {
                  "Node Type": "Nested Loop",
                  "Parent Relationship": "Outer",
                  "Parallel Aware": false,
                  "Join Type": "Inner",
                  "Startup Cost": 3238.95,
                  "Total Cost": 54804.23,
                  "Plan Rows": 1,
                  "Plan Width": 27,
                  "Actual Startup Time": 234.442,
                  "Actual Total Time": 260.644,
                  "Actual Rows": 126,
                  "Actual Loops": 5,
                  "Inner Unique": true,
                  "Plans": [
                    {
                      "Node Type": "Nested Loop",
                      "Parent Relationship": "Outer",
                      "Parallel Aware": false,
                      "Join Type": "Inner",
                      "Startup Cost": 3238.53,
                      "Total Cost": 54803.79,
                      "Plan Rows": 1,
                      "Plan Width": 31,
                      "Actual Startup Time": 234.407,
                      "Actual Total Time": 260.035,
                      "Actual Rows": 126,
                      "Actual Loops": 5,
                      "Inner Unique": true,
                      "Plans": [
                        {
                          "Node Type": "Nested Loop",
                          "Parent Relationship": "Outer",
                          "Parallel Aware": false,
                          "Join Type": "Inner",
                          "Startup Cost": 3238.4,
                          "Total Cost": 54803.64,
                          "Plan Rows": 1,
                          "Plan Width": 35,
                          "Actual Startup Time": 234.379,
                          "Actual Total Time": 259.842,
                          "Actual Rows": 126,
                          "Actual Loops": 5,
                          "Inner Unique": true,
                          "Plans": [
                            {
                              "Node Type": "Nested Loop",
                              "Parent Relationship": "Outer",
                              "Parallel Aware": false,
                              "Join Type": "Inner",
                              "Startup Cost": 3237.98,
                              "Total Cost": 54803.19,
                              "Plan Rows": 1,
                              "Plan Width": 39,
                              "Actual Startup Time": 234.339,
                              "Actual Total Time": 259.531,
                              "Actual Rows": 126,
                              "Actual Loops": 5,
                              "Inner Unique": false,
                              "Join Filter": "(t.id = mc.movie_id)",
                              "Rows Removed by Join Filter": 0,
                              "Plans": [
                                {
                                  "Node Type": "Nested Loop",
                                  "Parent Relationship": "Outer",
                                  "Parallel Aware": false,
                                  "Join Type": "Inner",
                                  "Startup Cost": 3237.55,
                                  "Total Cost": 54802.59,
                                  "Plan Rows": 1,
                                  "Plan Width": 47,
                                  "Actual Startup Time": 234.293,
                                  "Actual Total Time": 259.181,
                                  "Actual Rows": 125,
                                  "Actual Loops": 5,
                                  "Inner Unique": false,
                                  "Plans": [
                                    {
                                      "Node Type": "Nested Loop",
                                      "Parent Relationship": "Outer",
                                      "Parallel Aware": false,
                                      "Join Type": "Inner",
                                      "Startup Cost": 3237.12,
                                      "Total Cost": 54800.78,
                                      "Plan Rows": 1,
                                      "Plan Width": 39,
                                      "Actual Startup Time": 234.239,
                                      "Actual Total Time": 259.071,
                                      "Actual Rows": 1,
                                      "Actual Loops": 5,
                                      "Inner Unique": true,
                                      "Plans": [
                                        {
                                          "Node Type": "Nested Loop",
                                          "Parent Relationship": "Outer",
                                          "Parallel Aware": false,
                                          "Join Type": "Inner",
                                          "Startup Cost": 3236.98,
                                          "Total Cost": 54800.14,
                                          "Plan Rows": 3,
                                          "Plan Width": 43,
                                          "Actual Startup Time": 234.221,
                                          "Actual Total Time": 259.05,
                                          "Actual Rows": 1,
                                          "Actual Loops": 5,
                                          "Inner Unique": false,
                                          "Plans": [
                                            {
                                              "Node Type": "Hash Join",
                                              "Parent Relationship": "Outer",
                                              "Parallel Aware": false,
                                              "Join Type": "Inner",
                                              "Startup Cost": 3236.54,
                                              "Total Cost": 48698.78,
                                              "Plan Rows": 3028,
                                              "Plan Width": 35,
                                              "Actual Startup Time": 146.832,
                                              "Actual Total Time": 195.154,
                                              "Actual Rows": 443,
                                              "Actual Loops": 5,
                                              "Inner Unique": true,
                                              "Hash Cond": "(t.kind_id = kt.id)",
                                              "Plans": [
                                                {
                                                  "Node Type": "Hash Join",
                                                  "Parent Relationship": "Outer",
                                                  "Parallel Aware": false,
                                                  "Join Type": "Inner",
                                                  "Startup Cost": 3235.39,
                                                  "Total Cost": 48675.29,
                                                  "Plan Rows": 5298,
                                                  "Plan Width": 29,
                                                  "Actual Startup Time": 45.224,
                                                  "Actual Total Time": 194.446,
                                                  "Actual Rows": 653,
                                                  "Actual Loops": 5,
                                                  "Inner Unique": false,
                                                  "Hash Cond": "(t.id = cc.movie_id)",
                                                  "Plans": [
                                                    {
                                                      "Node Type": "Seq Scan",
                                                      "Parent Relationship": "Outer",
                                                      "Parallel Aware": true,
                                                      "Relation Name": "title",
                                                      "Alias": "t",
                                                      "Startup Cost": 0.0,
                                                      "Total Cost": 43899.32,
                                                      "Plan Rows": 396692,
                                                      "Plan Width": 25,
                                                      "Actual Startup Time": 0.054,
                                                      "Actual Total Time": 104.646,
                                                      "Actual Rows": 314114,
                                                      "Actual Loops": 5,
                                                      "Filter": "(production_year > 1996)",
                                                      "Rows Removed by Filter": 191549
                                                    },
                                                    {
                                                      "Node Type": "Hash",
                                                      "Parent Relationship": "Inner",
                                                      "Parallel Aware": false,
                                                      "Startup Cost": 2813.24,
                                                      "Total Cost": 2813.24,
                                                      "Plan Rows": 33772,
                                                      "Plan Width": 4,
                                                      "Actual Startup Time": 43.869,
                                                      "Actual Total Time": 43.874,
                                                      "Actual Rows": 24592,
                                                      "Actual Loops": 5,
                                                      "Hash Buckets": 65536,
                                                      "Original Hash Buckets": 65536,
                                                      "Hash Batches": 1,
                                                      "Original Hash Batches": 1,
                                                      "Peak Memory Usage": 1377,
                                                      "Plans": [
                                                        {
                                                          "Node Type": "Hash Join",
                                                          "Parent Relationship": "Outer",
                                                          "Parallel Aware": false,
                                                          "Join Type": "Inner",
                                                          "Startup Cost": 1.06,
                                                          "Total Cost": 2813.24,
                                                          "Plan Rows": 33772,
                                                          "Plan Width": 4,
                                                          "Actual Startup Time": 0.213,
                                                          "Actual Total Time": 37.596,
                                                          "Actual Rows": 24592,
                                                          "Actual Loops": 5,
                                                          "Inner Unique": true,
                                                          "Hash Cond": "(cc.status_id = cct1.id)",
                                                          "Plans": [
                                                            {
                                                              "Node Type": "Seq Scan",
                                                              "Parent Relationship": "Outer",
                                                              "Parallel Aware": false,
                                                              "Relation Name": "complete_cast",
                                                              "Alias": "cc",
                                                              "Startup Cost": 0.0,
                                                              "Total Cost": 2081.86,
                                                              "Plan Rows": 135086,
                                                              "Plan Width": 8,
                                                              "Actual Startup Time": 0.077,
                                                              "Actual Total Time": 18.04,
                                                              "Actual Rows": 135086,
                                                              "Actual Loops": 5
                                                            },
                                                            {
                                                              "Node Type": "Hash",
                                                              "Parent Relationship": "Inner",
                                                              "Parallel Aware": false,
                                                              "Startup Cost": 1.05,
                                                              "Total Cost": 1.05,
                                                              "Plan Rows": 1,
                                                              "Plan Width": 4,
                                                              "Actual Startup Time": 0.077,
                                                              "Actual Total Time": 0.079,
                                                              "Actual Rows": 1,
                                                              "Actual Loops": 5,
                                                              "Hash Buckets": 1024,
                                                              "Original Hash Buckets": 1024,
                                                              "Hash Batches": 1,
                                                              "Original Hash Batches": 1,
                                                              "Peak Memory Usage": 9,
                                                              "Plans": [
                                                                {
                                                                  "Node Type": "Seq Scan",
                                                                  "Parent Relationship": "Outer",
                                                                  "Parallel Aware": false,
                                                                  "Relation Name": "comp_cast_type",
                                                                  "Alias": "cct1",
                                                                  "Startup Cost": 0.0,
                                                                  "Total Cost": 1.05,
                                                                  "Plan Rows": 1,
                                                                  "Plan Width": 4,
                                                                  "Actual Startup Time": 0.065,
                                                                  "Actual Total Time": 0.067,
                                                                  "Actual Rows": 1,
                                                                  "Actual Loops": 5,
                                                                  "Filter": "((kind)::text = 'complete+verified'::text)",
                                                                  "Rows Removed by Filter": 3
                                                                }
                                                              ]
                                                            }
                                                          ]
                                                        }
                                                      ]
                                                    }
                                                  ]
                                                },
                                                {
                                                  "Node Type": "Hash",
                                                  "Parent Relationship": "Inner",
                                                  "Parallel Aware": false,
                                                  "Startup Cost": 1.1,
                                                  "Total Cost": 1.1,
                                                  "Plan Rows": 4,
                                                  "Plan Width": 14,
                                                  "Actual Startup Time": 0.111,
                                                  "Actual Total Time": 0.112,
                                                  "Actual Rows": 4,
                                                  "Actual Loops": 5,
                                                  "Hash Buckets": 1024,
                                                  "Original Hash Buckets": 1024,
                                                  "Hash Batches": 1,
                                                  "Original Hash Batches": 1,
                                                  "Peak Memory Usage": 9,
                                                  "Plans": [
                                                    {
                                                      "Node Type": "Seq Scan",
                                                      "Parent Relationship": "Outer",
                                                      "Parallel Aware": false,
                                                      "Relation Name": "kind_type",
                                                      "Alias": "kt",
                                                      "Startup Cost": 0.0,
                                                      "Total Cost": 1.1,
                                                      "Plan Rows": 4,
                                                      "Plan Width": 14,
                                                      "Actual Startup Time": 0.061,
                                                      "Actual Total Time": 0.069,
                                                      "Actual Rows": 4,
                                                      "Actual Loops": 5,
                                                      "Filter": "((kind)::text = ANY ('{movie,\"tv movie\",\"video movie\",\"video game\"}'::text[]))",
                                                      "Rows Removed by Filter": 3
                                                    }
                                                  ]
                                                }
                                              ]
                                            },
                                            {
                                              "Node Type": "Index Scan",
                                              "Parent Relationship": "Inner",
                                              "Parallel Aware": false,
                                              "Scan Direction": "Forward",
                                              "Index Name": "movie_id_movie_info",
                                              "Relation Name": "movie_info",
                                              "Alias": "mi",
                                              "Startup Cost": 0.43,
                                              "Total Cost": 2.0,
                                              "Plan Rows": 1,
                                              "Plan Width": 8,
                                              "Actual Startup Time": 0.143,
                                              "Actual Total Time": 0.143,
                                              "Actual Rows": 0,
                                              "Actual Loops": 2217,
                                              "Index Cond": "(movie_id = t.id)",
                                              "Rows Removed by Index Recheck": 0,
                                              "Filter": "((info IS NOT NULL) AND (note ~~ '%internet%'::text) AND ((info ~~ 'USA:% 199%'::text) OR (info ~~ 'USA:% 200%'::text)))",
                                              "Rows Removed by Filter": 166
                                            }
                                          ]
                                        },
                                        {
                                          "Node Type": "Index Scan",
                                          "Parent Relationship": "Inner",
                                          "Parallel Aware": false,
                                          "Scan Direction": "Forward",
                                          "Index Name": "info_type_pkey",
                                          "Relation Name": "info_type",
                                          "Alias": "it1",
                                          "Startup Cost": 0.14,
                                          "Total Cost": 0.19,
                                          "Plan Rows": 1,
                                          "Plan Width": 4,
                                          "Actual Startup Time": 0.014,
                                          "Actual Total Time": 0.014,
                                          "Actual Rows": 1,
                                          "Actual Loops": 6,
                                          "Index Cond": "(id = mi.info_type_id)",
                                          "Rows Removed by Index Recheck": 0,
                                          "Filter": "((info)::text = 'release dates'::text)",
                                          "Rows Removed by Filter": 0
                                        }
                                      ]
                                    },
                                    {
                                      "Node Type": "Index Scan",
                                      "Parent Relationship": "Inner",
                                      "Parallel Aware": false,
                                      "Scan Direction": "Forward",
                                      "Index Name": "movie_id_movie_keyword",
                                      "Relation Name": "movie_keyword",
                                      "Alias": "mk",
                                      "Startup Cost": 0.43,
                                      "Total Cost": 1.35,
                                      "Plan Rows": 46,
                                      "Plan Width": 8,
                                      "Actual Startup Time": 0.046,
                                      "Actual Total Time": 0.069,
                                      "Actual Rows": 104,
                                      "Actual Loops": 6,
                                      "Index Cond": "(movie_id = t.id)",
                                      "Rows Removed by Index Recheck": 0
                                    }
                                  ]
                                },
                                {
                                  "Node Type": "Index Scan",
                                  "Parent Relationship": "Inner",
                                  "Parallel Aware": false,
                                  "Scan Direction": "Forward",
                                  "Index Name": "movie_id_movie_companies",
                                  "Relation Name": "movie_companies",
                                  "Alias": "mc",
                                  "Startup Cost": 0.43,
                                  "Total Cost": 0.54,
                                  "Plan Rows": 5,
                                  "Plan Width": 12,
                                  "Actual Startup Time": 0.002,
                                  "Actual Total Time": 0.002,
                                  "Actual Rows": 1,
                                  "Actual Loops": 625,
                                  "Index Cond": "(movie_id = mk.movie_id)",
                                  "Rows Removed by Index Recheck": 0
                                }
                              ]
                            },
                            {
                              "Node Type": "Index Scan",
                              "Parent Relationship": "Inner",
                              "Parallel Aware": false,
                              "Scan Direction": "Forward",
                              "Index Name": "company_name_pkey",
                              "Relation Name": "company_name",
                              "Alias": "cn",
                              "Startup Cost": 0.42,
                              "Total Cost": 0.45,
                              "Plan Rows": 1,
                              "Plan Width": 4,
                              "Actual Startup Time": 0.002,
                              "Actual Total Time": 0.002,
                              "Actual Rows": 1,
                              "Actual Loops": 628,
                              "Index Cond": "(id = mc.company_id)",
                              "Rows Removed by Index Recheck": 0,
                              "Filter": "((country_code)::text = '[us]'::text)",
                              "Rows Removed by Filter": 0
                            }
                          ]
                        },
                        {
                          "Node Type": "Index Only Scan",
                          "Parent Relationship": "Inner",
                          "Parallel Aware": false,
                          "Scan Direction": "Forward",
                          "Index Name": "company_type_pkey",
                          "Relation Name": "company_type",
                          "Alias": "ct",
                          "Startup Cost": 0.13,
                          "Total Cost": 0.15,
                          "Plan Rows": 1,
                          "Plan Width": 4,
                          "Actual Startup Time": 0.001,
                          "Actual Total Time": 0.001,
                          "Actual Rows": 1,
                          "Actual Loops": 628,
                          "Index Cond": "(id = mc.company_type_id)",
                          "Rows Removed by Index Recheck": 0,
                          "Heap Fetches": 628
                        }
                      ]
                    },
                    {
                      "Node Type": "Index Only Scan",
                      "Parent Relationship": "Inner",
                      "Parallel Aware": false,
                      "Scan Direction": "Forward",
                      "Index Name": "keyword_pkey",
                      "Relation Name": "keyword",
                      "Alias": "k",
                      "Startup Cost": 0.42,
                      "Total Cost": 0.44,
                      "Plan Rows": 1,
                      "Plan Width": 4,
                      "Actual Startup Time": 0.004,
                      "Actual Total Time": 0.004,
                      "Actual Rows": 1,
                      "Actual Loops": 628,
                      "Index Cond": "(id = mk.keyword_id)",
                      "Rows Removed by Index Recheck": 0,
                      "Heap Fetches": 628
                    }
                  ]
                }
              ]
            }
          ]
        }
      ]
    },
    "Planning Time": 61.015,
    "Triggers": [],
    "Execution Time": 302.637
  }
]