[
    {
        "Bao": {
            "Bao prediction": "NaN",
            "Bao recommended hint": "(no hint)"
        }
    },
    {
        "Plan": {
            "Node Type": "Aggregate",
            "Strategy": "Plain",
            "Partial Mode": "Simple",
            "Parallel Aware": false,
            "Startup Cost": 21762.17,
            "Total Cost": 21762.18,
            "Plan Rows": 1,
            "Plan Width": 8,
            "Actual Startup Time": 26.638,
            "Actual Total Time": 26.639,
            "Actual Rows": 1,
            "Actual Loops": 1,
            "Output": [
                "count(*)"
            ],
            "Plans": [
                {
                    "Node Type": "Bitmap Heap Scan",
                    "Parent Relationship": "Outer",
                    "Parallel Aware": false,
                    "Relation Name": "movie_companies",
                    "Schema": "public",
                    "Alias": "mc",
                    "Startup Cost": 1695.97,
                    "Total Cost": 21665.78,
                    "Plan Rows": 38553,
                    "Plan Width": 0,
                    "Actual Startup Time": 5.613,
                    "Actual Total Time": 23.67,
                    "Actual Rows": 66520,
                    "Actual Loops": 1,
                    "Recheck Cond": "(mc.company_id < 19)",
                    "Rows Removed by Index Recheck": 0,
                    "Filter": "(mc.company_type_id < 2)",
                    "Rows Removed by Filter": 17551,
                    "Exact Heap Blocks": 7968,
                    "Lossy Heap Blocks": 0,
                    "Plans": [
                        {
                            "Node Type": "Bitmap Index Scan",
                            "Parent Relationship": "Outer",
                            "Parallel Aware": false,
                            "Index Name": "company_id_movie_companies",
                            "Startup Cost": 0.0,
                            "Total Cost": 1686.34,
                            "Plan Rows": 78654,
                            "Plan Width": 0,
                            "Actual Startup Time": 4.362,
                            "Actual Total Time": 4.362,
                            "Actual Rows": 84071,
                            "Actual Loops": 1,
                            "Index Cond": "(mc.company_id < 19)"
                        }
                    ]
                }
            ]
        },
        "Planning Time": 181.663,
        "Triggers": [],
        "Execution Time": 26.717
    }
]