{
    "Plan": {
        "Node Type": "Aggregate",
        "Strategy": "Plain",
        "Partial Mode": "Simple",
        "Parallel Aware": false,
        "Startup Cost": 10000770595.53,
        "Total Cost": 10000770595.54,
        "Plan Rows": 1,
        "Plan Width": 8,
        "Actual Startup Time": 6638.862,
        "Actual Total Time": 6638.867,
        "Actual Rows": 1,
        "Actual Loops": 1,
        "Output": [
            "count(*)"
        ],
        "Plans": [
            {
                "Node Type": "Hash Join",
                "Parent Relationship": "Outer",
                "Parallel Aware": false,
                "Join Type": "Inner",
                "Startup Cost": 10000645739.76,
                "Total Cost": 10000770584.26,
                "Plan Rows": 4507,
                "Plan Width": 0,
                "Actual Startup Time": 6211.623,
                "Actual Total Time": 6637.489,
                "Actual Rows": 31623,
                "Actual Loops": 1,
                "Inner Unique": false,
                "Hash Cond": "(t.id = mi.movie_id)",
                "Plans": [
                    {
                        "Node Type": "Hash Join",
                        "Parent Relationship": "Outer",
                        "Parallel Aware": false,
                        "Join Type": "Inner",
                        "Startup Cost": 10000073125.13,
                        "Total Cost": 10000189826.86,
                        "Plan Rows": 1197,
                        "Plan Width": 8,
                        "Actual Startup Time": 1406.089,
                        "Actual Total Time": 1824.761,
                        "Actual Rows": 3001,
                        "Actual Loops": 1,
                        "Output": [
                            "t.id",
                            "mc.movie_id"
                        ],
                        "Inner Unique": false,
                        "Hash Cond": "(t.id = mc.movie_id)",
                        "Plans": [
                            {
                                "Node Type": "Index Scan",
                                "Parent Relationship": "Outer",
                                "Parallel Aware": false,
                                "Scan Direction": "Forward",
                                "Index Name": "title_pkey",
                                "Relation Name": "title",
                                "Schema": "public",
                                "Alias": "t",
                                "Startup Cost": 10000000000.43,
                                "Total Cost": 10000116662.9,
                                "Plan Rows": 3118,
                                "Plan Width": 4,
                                "Actual Startup Time": 855.511,
                                "Actual Total Time": 1271.358,
                                "Actual Rows": 3417,
                                "Actual Loops": 1,
                                "Output": [
                                    "t.id",
                                    "t.title",
                                    "t.imdb_index",
                                    "t.kind_id",
                                    "t.production_year",
                                    "t.imdb_id",
                                    "t.phonetic_code",
                                    "t.episode_of_id",
                                    "t.season_nr",
                                    "t.episode_nr",
                                    "t.series_years",
                                    "t.md5sum"
                                ],
                                "Filter": "(t.production_year = 1909)",
                                "Rows Removed by Filter": 2524895
                            },
                            {
                                "Node Type": "Hash",
                                "Parent Relationship": "Inner",
                                "Parallel Aware": false,
                                "Startup Cost": 60996.43,
                                "Total Cost": 60996.43,
                                "Plan Rows": 970262,
                                "Plan Width": 4,
                                "Actual Startup Time": 538.287,
                                "Actual Total Time": 538.289,
                                "Actual Rows": 1261762,
                                "Actual Loops": 1,
                                "Output": [
                                    "mc.movie_id"
                                ],
                                "Hash Buckets": 2097152,
                                "Original Hash Buckets": 1048576,
                                "Hash Batches": 1,
                                "Original Hash Batches": 1,
                                "Peak Memory Usage": 60743,
                                "Plans": [
                                    {
                                        "Node Type": "Bitmap Heap Scan",
                                        "Parent Relationship": "Outer",
                                        "Parallel Aware": false,
                                        "Relation Name": "movie_companies",
                                        "Schema": "public",
                                        "Alias": "mc",
                                        "Startup Cost": 23022.81,
                                        "Total Cost": 60996.43,
                                        "Plan Rows": 970262,
                                        "Plan Width": 4,
                                        "Actual Startup Time": 53.925,
                                        "Actual Total Time": 250.059,
                                        "Actual Rows": 1261762,
                                        "Actual Loops": 1,
                                        "Output": [
                                            "mc.movie_id"
                                        ],
                                        "Recheck Cond": "(mc.company_type_id < 2)",
                                        "Rows Removed by Index Recheck": 0,
                                        "Filter": "(mc.company_id < 60047)",
                                        "Rows Removed by Filter": 12484,
                                        "Exact Heap Blocks": 11177,
                                        "Lossy Heap Blocks": 0,
                                        "Plans": [
                                            {
                                                "Node Type": "Bitmap Index Scan",
                                                "Parent Relationship": "Outer",
                                                "Parallel Aware": false,
                                                "Index Name": "company_type_id_movie_companies",
                                                "Startup Cost": 0.0,
                                                "Total Cost": 22780.24,
                                                "Plan Rows": 1278908,
                                                "Plan Width": 0,
                                                "Actual Startup Time": 52.636,
                                                "Actual Total Time": 52.636,
                                                "Actual Rows": 1274246,
                                                "Actual Loops": 1,
                                                "Index Cond": "(mc.company_type_id < 2)"
                                            }
                                        ]
                                    }
                                ]
                            }
                        ]
                    },
                    {
                        "Node Type": "Hash",
                        "Parent Relationship": "Inner",
                        "Parallel Aware": false,
                        "Startup Cost": 453620.28,
                        "Total Cost": 453620.28,
                        "Plan Rows": 9519548,
                        "Plan Width": 4,
                        "Actual Startup Time": 4662.245,
                        "Actual Total Time": 4662.246,
                        "Actual Rows": 9565151,
                        "Actual Loops": 1,
                        "Output": [
                            "mi.movie_id"
                        ],
                        "Hash Buckets": 16777216,
                        "Original Hash Buckets": 16777216,
                        "Hash Batches": 1,
                        "Original Hash Batches": 1,
                        "Peak Memory Usage": 467347,
                        "Plans": [
                            {
                                "Node Type": "Bitmap Heap Scan",
                                "Parent Relationship": "Outer",
                                "Parallel Aware": false,
                                "Relation Name": "movie_info",
                                "Schema": "public",
                                "Alias": "mi",
                                "Startup Cost": 172632.93,
                                "Total Cost": 453620.28,
                                "Plan Rows": 9519548,
                                "Plan Width": 4,
                                "Actual Startup Time": 540.627,
                                "Actual Total Time": 2019.685,
                                "Actual Rows": 9565151,
                                "Actual Loops": 1,
                                "Output": [
                                    "mi.movie_id"
                                ],
                                "Recheck Cond": "(mi.info_type_id < 16)",
                                "Rows Removed by Index Recheck": 0,
                                "Exact Heap Blocks": 87356,
                                "Lossy Heap Blocks": 0,
                                "Plans": [
                                    {
                                        "Node Type": "Bitmap Index Scan",
                                        "Parent Relationship": "Outer",
                                        "Parallel Aware": false,
                                        "Index Name": "info_type_id_movie_info",
                                        "Startup Cost": 0.0,
                                        "Total Cost": 170253.04,
                                        "Plan Rows": 9519548,
                                        "Plan Width": 0,
                                        "Actual Startup Time": 520.099,
                                        "Actual Total Time": 520.1,
                                        "Actual Rows": 9565151,
                                        "Actual Loops": 1,
                                        "Index Cond": "(mi.info_type_id < 16)"
                                    }
                                ]
                            }
                        ]
                    }
                ]
            }
        ]
    },
    "Planning Time": 3.709,
    "Triggers": [],
    "Execution Time": 6650.06
}