[
  {
    "Plan": {
      "Node Type": "Aggregate",
      "Strategy": "Plain",
      "Partial Mode": "Finalize",
      "Parallel Aware": false,
      "Startup Cost": 32639.35,
      "Total Cost": 32639.36,
      "Plan Rows": 1,
      "Plan Width": 8,
      "Actual Startup Time": 75.407,
      "Actual Total Time": 83.022,
      "Actual Rows": 1,
      "Actual Loops": 1,
      "Plans": [
        {
          "Node Type": "Gather",
          "Parent Relationship": "Outer",
          "Parallel Aware": false,
          "Startup Cost": 32639.03,
          "Total Cost": 32639.34,
          "Plan Rows": 3,
          "Plan Width": 8,
          "Actual Startup Time": 75.293,
          "Actual Total Time": 83.013,
          "Actual Rows": 4,
          "Actual Loops": 1,
          "Workers Planned": 3,
          "Workers Launched": 3,
          "Single Copy": false,
          "Plans": [
            {
              "Node Type": "Aggregate",
              "Strategy": "Plain",
              "Partial Mode": "Partial",
              "Parent Relationship": "Outer",
              "Parallel Aware": false,
              "Startup Cost": 31639.03,
              "Total Cost": 31639.04,
              "Plan Rows": 1,
              "Plan Width": 8,
              "Actual Startup Time": 69.53,
              "Actual Total Time": 69.531,
              "Actual Rows": 1,
              "Actual Loops": 4,
              "Plans": [
                {
                  "Node Type": "Seq Scan",
                  "Parent Relationship": "Outer",
                  "Parallel Aware": true,
                  "Relation Name": "movie_companies",
                  "Alias": "mc",
                  "Startup Cost": 0.0,
                  "Total Cost": 31414.82,
                  "Plan Rows": 89686,
                  "Plan Width": 0,
                  "Actual Startup Time": 39.933,
                  "Actual Total Time": 67.892,
                  "Actual Rows": 35274,
                  "Actual Loops": 4,
                  "Filter": "((company_id < 531) AND (company_type_id > 1))",
                  "Rows Removed by Filter": 617008
                }
              ]
            }
          ]
        }
      ]
    },
    "Planning Time": 0.215,
    "Triggers": [],
    "Execution Time": 83.076
  }
]