[
  {
    "Plan": {
      "Node Type": "Aggregate",
      "Strategy": "Plain",
      "Partial Mode": "Finalize",
      "Parallel Aware": false,
      "Startup Cost": 256468.15,
      "Total Cost": 256468.16,
      "Plan Rows": 1,
      "Plan Width": 8,
      "Actual Startup Time": 1182.965,
      "Actual Total Time": 1228.821,
      "Actual Rows": 1,
      "Actual Loops": 1,
      "Plans": [
        {
          "Node Type": "Gather",
          "Parent Relationship": "Outer",
          "Parallel Aware": false,
          "Startup Cost": 256467.63,
          "Total Cost": 256468.14,
          "Plan Rows": 5,
          "Plan Width": 8,
          "Actual Startup Time": 1167.79,
          "Actual Total Time": 1228.81,
          "Actual Rows": 6,
          "Actual Loops": 1,
          "Workers Planned": 5,
          "Workers Launched": 5,
          "Single Copy": false,
          "Plans": [
            {
              "Node Type": "Aggregate",
              "Strategy": "Plain",
              "Partial Mode": "Partial",
              "Parent Relationship": "Outer",
              "Parallel Aware": false,
              "Startup Cost": 255467.63,
              "Total Cost": 255467.64,
              "Plan Rows": 1,
              "Plan Width": 8,
              "Actual Startup Time": 1152.14,
              "Actual Total Time": 1152.144,
              "Actual Rows": 1,
              "Actual Loops": 6,
              "Plans": [
                {
                  "Node Type": "Hash Join",
                  "Parent Relationship": "Outer",
                  "Parallel Aware": true,
                  "Join Type": "Inner",
                  "Startup Cost": 49116.74,
                  "Total Cost": 252610.9,
                  "Plan Rows": 1142692,
                  "Plan Width": 0,
                  "Actual Startup Time": 229.374,
                  "Actual Total Time": 1096.325,
                  "Actual Rows": 1103109,
                  "Actual Loops": 6,
                  "Inner Unique": true,
                  "Hash Cond": "(mi.movie_id = t.id)",
                  "Plans": [
                    {
                      "Node Type": "Seq Scan",
                      "Parent Relationship": "Outer",
                      "Parallel Aware": true,
                      "Relation Name": "movie_info",
                      "Alias": "mi",
                      "Startup Cost": 0.0,
                      "Total Cost": 198952.16,
                      "Plan Rows": 1730280,
                      "Plan Width": 4,
                      "Actual Startup Time": 0.037,
                      "Actual Total Time": 374.38,
                      "Actual Rows": 1461749,
                      "Actual Loops": 6,
                      "Filter": "(info_type_id < 12)",
                      "Rows Removed by Filter": 1010871
                    },
                    {
                      "Node Type": "Hash",
                      "Parent Relationship": "Inner",
                      "Parallel Aware": true,
                      "Startup Cost": 43898.92,
                      "Total Cost": 43898.92,
                      "Plan Rows": 417426,
                      "Plan Width": 4,
                      "Actual Startup Time": 223.637,
                      "Actual Total Time": 223.637,
                      "Actual Rows": 278549,
                      "Actual Loops": 6,
                      "Hash Buckets": 2097152,
                      "Original Hash Buckets": 2097152,
                      "Hash Batches": 1,
                      "Original Hash Batches": 1,
                      "Peak Memory Usage": 81856,
                      "Plans": [
                        {
                          "Node Type": "Seq Scan",
                          "Parent Relationship": "Outer",
                          "Parallel Aware": true,
                          "Relation Name": "title",
                          "Alias": "t",
                          "Startup Cost": 0.0,
                          "Total Cost": 43898.92,
                          "Plan Rows": 417426,
                          "Plan Width": 4,
                          "Actual Startup Time": 0.053,
                          "Actual Total Time": 96.639,
                          "Actual Rows": 278549,
                          "Actual Loops": 6,
                          "Filter": "(production_year < 2008)",
                          "Rows Removed by Filter": 142837
                        }
                      ]
                    }
                  ]
                }
              ]
            }
          ]
        }
      ]
    },
    "Planning Time": 0.612,
    "Triggers": [],
    "Execution Time": 1228.907
  }
]