[
  {
    "Plan": {
      "Node Type": "Aggregate",
      "Strategy": "Plain",
      "Partial Mode": "Finalize",
      "Parallel Aware": false,
      "Startup Cost": 63652.59,
      "Total Cost": 63652.6,
      "Plan Rows": 1,
      "Plan Width": 8,
      "Actual Startup Time": 55.281,
      "Actual Total Time": 66.016,
      "Actual Rows": 1,
      "Actual Loops": 1,
      "Plans": [
        {
          "Node Type": "Gather",
          "Parent Relationship": "Outer",
          "Parallel Aware": false,
          "Startup Cost": 63652.27,
          "Total Cost": 63652.58,
          "Plan Rows": 3,
          "Plan Width": 8,
          "Actual Startup Time": 55.038,
          "Actual Total Time": 66.011,
          "Actual Rows": 4,
          "Actual Loops": 1,
          "Workers Planned": 3,
          "Workers Launched": 3,
          "Single Copy": false,
          "Plans": [
            {
              "Node Type": "Aggregate",
              "Strategy": "Plain",
              "Partial Mode": "Partial",
              "Parent Relationship": "Outer",
              "Parallel Aware": false,
              "Startup Cost": 62652.27,
              "Total Cost": 62652.28,
              "Plan Rows": 1,
              "Plan Width": 8,
              "Actual Startup Time": 51.293,
              "Actual Total Time": 51.295,
              "Actual Rows": 1,
              "Actual Loops": 4,
              "Plans": [
                {
                  "Node Type": "Nested Loop",
                  "Parent Relationship": "Outer",
                  "Parallel Aware": false,
                  "Join Type": "Inner",
                  "Startup Cost": 484.17,
                  "Total Cost": 62634.03,
                  "Plan Rows": 7297,
                  "Plan Width": 0,
                  "Actual Startup Time": 2.548,
                  "Actual Total Time": 50.78,
                  "Actual Rows": 4882,
                  "Actual Loops": 4,
                  "Inner Unique": true,
                  "Plans": [
                    {
                      "Node Type": "Bitmap Heap Scan",
                      "Parent Relationship": "Outer",
                      "Parallel Aware": true,
                      "Relation Name": "movie_keyword",
                      "Alias": "mk",
                      "Startup Cost": 483.74,
                      "Total Cost": 25540.48,
                      "Plan Rows": 7297,
                      "Plan Width": 4,
                      "Actual Startup Time": 2.393,
                      "Actual Total Time": 18.813,
                      "Actual Rows": 4882,
                      "Actual Loops": 4,
                      "Recheck Cond": "(keyword_id = 137)",
                      "Rows Removed by Index Recheck": 0,
                      "Exact Heap Blocks": 5903,
                      "Lossy Heap Blocks": 0,
                      "Plans": [
                        {
                          "Node Type": "Bitmap Index Scan",
                          "Parent Relationship": "Outer",
                          "Parallel Aware": false,
                          "Index Name": "keyword_id_movie_keyword",
                          "Startup Cost": 0.0,
                          "Total Cost": 478.08,
                          "Plan Rows": 22620,
                          "Plan Width": 0,
                          "Actual Startup Time": 3.26,
                          "Actual Total Time": 3.26,
                          "Actual Rows": 19528,
                          "Actual Loops": 1,
                          "Index Cond": "(keyword_id = 137)"
                        }
                      ]
                    },
                    {
                      "Node Type": "Index Only Scan",
                      "Parent Relationship": "Inner",
                      "Parallel Aware": false,
                      "Scan Direction": "Forward",
                      "Index Name": "title_pkey",
                      "Relation Name": "title",
                      "Alias": "t",
                      "Startup Cost": 0.43,
                      "Total Cost": 5.08,
                      "Plan Rows": 1,
                      "Plan Width": 4,
                      "Actual Startup Time": 0.006,
                      "Actual Total Time": 0.006,
                      "Actual Rows": 1,
                      "Actual Loops": 19528,
                      "Index Cond": "(id = mk.movie_id)",
                      "Rows Removed by Index Recheck": 0,
                      "Heap Fetches": 19528
                    }
                  ]
                }
              ]
            }
          ]
        }
      ]
    },
    "Planning Time": 0.237,
    "Triggers": [],
    "Execution Time": 66.055
  }
]