[
  {
    "Plan": {
      "Node Type": "Aggregate",
      "Strategy": "Plain",
      "Partial Mode": "Finalize",
      "Parallel Aware": false,
      "Startup Cost": 60813.03,
      "Total Cost": 60813.04,
      "Plan Rows": 1,
      "Plan Width": 8,
      "Actual Startup Time": 73.677,
      "Actual Total Time": 83.903,
      "Actual Rows": 1,
      "Actual Loops": 1,
      "Plans": [
        {
          "Node Type": "Gather",
          "Parent Relationship": "Outer",
          "Parallel Aware": false,
          "Startup Cost": 60812.71,
          "Total Cost": 60813.02,
          "Plan Rows": 3,
          "Plan Width": 8,
          "Actual Startup Time": 73.499,
          "Actual Total Time": 83.897,
          "Actual Rows": 4,
          "Actual Loops": 1,
          "Workers Planned": 3,
          "Workers Launched": 3,
          "Single Copy": false,
          "Plans": [
            {
              "Node Type": "Aggregate",
              "Strategy": "Plain",
              "Partial Mode": "Partial",
              "Parent Relationship": "Outer",
              "Parallel Aware": false,
              "Startup Cost": 59812.71,
              "Total Cost": 59812.72,
              "Plan Rows": 1,
              "Plan Width": 8,
              "Actual Startup Time": 66.002,
              "Actual Total Time": 66.003,
              "Actual Rows": 1,
              "Actual Loops": 4,
              "Plans": [
                {
                  "Node Type": "Nested Loop",
                  "Parent Relationship": "Outer",
                  "Parallel Aware": false,
                  "Join Type": "Inner",
                  "Startup Cost": 429.47,
                  "Total Cost": 59796.42,
                  "Plan Rows": 6518,
                  "Plan Width": 0,
                  "Actual Startup Time": 9.062,
                  "Actual Total Time": 65.348,
                  "Actual Rows": 4882,
                  "Actual Loops": 4,
                  "Inner Unique": true,
                  "Plans": [
                    {
                      "Node Type": "Bitmap Heap Scan",
                      "Parent Relationship": "Outer",
                      "Parallel Aware": true,
                      "Relation Name": "movie_keyword",
                      "Alias": "mk",
                      "Startup Cost": 429.04,
                      "Total Cost": 24904.74,
                      "Plan Rows": 6518,
                      "Plan Width": 4,
                      "Actual Startup Time": 8.911,
                      "Actual Total Time": 25.806,
                      "Actual Rows": 4882,
                      "Actual Loops": 4,
                      "Recheck Cond": "(keyword_id = 137)",
                      "Rows Removed by Index Recheck": 0,
                      "Exact Heap Blocks": 7891,
                      "Lossy Heap Blocks": 0,
                      "Plans": [
                        {
                          "Node Type": "Bitmap Index Scan",
                          "Parent Relationship": "Outer",
                          "Parallel Aware": false,
                          "Index Name": "keyword_id_movie_keyword",
                          "Startup Cost": 0.0,
                          "Total Cost": 423.99,
                          "Plan Rows": 20207,
                          "Plan Width": 0,
                          "Actual Startup Time": 9.872,
                          "Actual Total Time": 9.873,
                          "Actual Rows": 19528,
                          "Actual Loops": 1,
                          "Index Cond": "(keyword_id = 137)"
                        }
                      ]
                    },
                    {
                      "Node Type": "Index Only Scan",
                      "Parent Relationship": "Inner",
                      "Parallel Aware": false,
                      "Scan Direction": "Forward",
                      "Index Name": "title_pkey",
                      "Relation Name": "title",
                      "Alias": "t",
                      "Startup Cost": 0.43,
                      "Total Cost": 5.35,
                      "Plan Rows": 1,
                      "Plan Width": 4,
                      "Actual Startup Time": 0.007,
                      "Actual Total Time": 0.007,
                      "Actual Rows": 1,
                      "Actual Loops": 19528,
                      "Index Cond": "(id = mk.movie_id)",
                      "Rows Removed by Index Recheck": 0,
                      "Heap Fetches": 19528
                    }
                  ]
                }
              ]
            }
          ]
        }
      ]
    },
    "Planning Time": 0.607,
    "Triggers": [],
    "Execution Time": 83.986
  }
]