[
  {
    "Plan": {
      "Node Type": "Aggregate",
      "Strategy": "Plain",
      "Partial Mode": "Finalize",
      "Parallel Aware": false,
      "Startup Cost": 47228.52,
      "Total Cost": 47228.53,
      "Plan Rows": 1,
      "Plan Width": 8,
      "Actual Startup Time": 113.945,
      "Actual Total Time": 127.301,
      "Actual Rows": 1,
      "Actual Loops": 1,
      "Plans": [
        {
          "Node Type": "Gather",
          "Parent Relationship": "Outer",
          "Parallel Aware": false,
          "Startup Cost": 47228.1,
          "Total Cost": 47228.51,
          "Plan Rows": 4,
          "Plan Width": 8,
          "Actual Startup Time": 113.81,
          "Actual Total Time": 127.291,
          "Actual Rows": 5,
          "Actual Loops": 1,
          "Workers Planned": 4,
          "Workers Launched": 4,
          "Single Copy": false,
          "Plans": [
            {
              "Node Type": "Aggregate",
              "Strategy": "Plain",
              "Partial Mode": "Partial",
              "Parent Relationship": "Outer",
              "Parallel Aware": false,
              "Startup Cost": 46228.1,
              "Total Cost": 46228.11,
              "Plan Rows": 1,
              "Plan Width": 8,
              "Actual Startup Time": 104.513,
              "Actual Total Time": 104.514,
              "Actual Rows": 1,
              "Actual Loops": 5,
              "Plans": [
                {
                  "Node Type": "Seq Scan",
                  "Parent Relationship": "Outer",
                  "Parallel Aware": true,
                  "Relation Name": "title",
                  "Alias": "t",
                  "Startup Cost": 0.0,
                  "Total Cost": 45479.1,
                  "Plan Rows": 299599,
                  "Plan Width": 0,
                  "Actual Startup Time": 0.046,
                  "Actual Total Time": 90.617,
                  "Actual Rows": 257011,
                  "Actual Loops": 5,
                  "Filter": "((kind_id > 6) AND (production_year > 1978))",
                  "Rows Removed by Filter": 248651
                }
              ]
            }
          ]
        }
      ]
    },
    "Planning Time": 0.164,
    "Triggers": [],
    "Execution Time": 127.358
  }
]