{
    "Plan": {
        "Node Type": "Aggregate",
        "Strategy": "Plain",
        "Partial Mode": "Finalize",
        "Parallel Aware": false,
        "Startup Cost": 349662.09,
        "Total Cost": 349662.1,
        "Plan Rows": 1,
        "Plan Width": 8,
        "Actual Startup Time": 1088.134,
        "Actual Total Time": 1139.16,
        "Actual Rows": 1,
        "Actual Loops": 1,
        "Output": [
            "count(*)"
        ],
        "Plans": [
            {
                "Node Type": "Gather",
                "Parent Relationship": "Outer",
                "Parallel Aware": false,
                "Startup Cost": 349661.77,
                "Total Cost": 349662.08,
                "Plan Rows": 3,
                "Plan Width": 8,
                "Actual Startup Time": 1076.248,
                "Actual Total Time": 1139.148,
                "Actual Rows": 4,
                "Actual Loops": 1,
                "Output": [
                    "(PARTIAL count(*))"
                ],
                "Workers Planned": 3,
                "Workers Launched": 3,
                "Single Copy": false,
                "Plans": [
                    {
                        "Node Type": "Aggregate",
                        "Strategy": "Plain",
                        "Partial Mode": "Partial",
                        "Parent Relationship": "Outer",
                        "Parallel Aware": false,
                        "Startup Cost": 348661.77,
                        "Total Cost": 348661.78,
                        "Plan Rows": 1,
                        "Plan Width": 8,
                        "Actual Startup Time": 1067.548,
                        "Actual Total Time": 1067.748,
                        "Actual Rows": 1,
                        "Actual Loops": 4,
                        "Output": [
                            "PARTIAL count(*)"
                        ],
                        "Workers": [
                            {
                                "Worker Number": 0,
                                "Actual Startup Time": 1063.732,
                                "Actual Total Time": 1063.738,
                                "Actual Rows": 1,
                                "Actual Loops": 1
                            },
                            {
                                "Worker Number": 1,
                                "Actual Startup Time": 1064.28,
                                "Actual Total Time": 1064.291,
                                "Actual Rows": 1,
                                "Actual Loops": 1
                            },
                            {
                                "Worker Number": 2,
                                "Actual Startup Time": 1066.728,
                                "Actual Total Time": 1066.734,
                                "Actual Rows": 1,
                                "Actual Loops": 1
                            }
                        ],
                        "Plans": [
                            {
                                "Node Type": "Hash Join",
                                "Parent Relationship": "Outer",
                                "Parallel Aware": true,
                                "Join Type": "Inner",
                                "Startup Cost": 302337.75,
                                "Total Cost": 347579.25,
                                "Plan Rows": 433009,
                                "Plan Width": 0,
                                "Actual Startup Time": 837.203,
                                "Actual Total Time": 1062.103,
                                "Actual Rows": 112236,
                                "Actual Loops": 4,
                                "Inner Unique": false,
                                "Hash Cond": "(mk.movie_id = t.id)",
                                "Workers": [
                                    {
                                        "Worker Number": 0,
                                        "Actual Startup Time": 833.112,
                                        "Actual Total Time": 1058.078,
                                        "Actual Rows": 85180,
                                        "Actual Loops": 1
                                    },
                                    {
                                        "Worker Number": 1,
                                        "Actual Startup Time": 834.034,
                                        "Actual Total Time": 1058.299,
                                        "Actual Rows": 90502,
                                        "Actual Loops": 1
                                    },
                                    {
                                        "Worker Number": 2,
                                        "Actual Startup Time": 836.472,
                                        "Actual Total Time": 1061.295,
                                        "Actual Rows": 133197,
                                        "Actual Loops": 1
                                    }
                                ],
                                "Plans": [
                                    {
                                        "Node Type": "Seq Scan",
                                        "Parent Relationship": "Outer",
                                        "Parallel Aware": true,
                                        "Relation Name": "movie_keyword",
                                        "Schema": "public",
                                        "Alias": "mk",
                                        "Startup Cost": 0.0,
                                        "Total Cost": 39047.32,
                                        "Plan Rows": 1459332,
                                        "Plan Width": 4,
                                        "Actual Startup Time": 0.025,
                                        "Actual Total Time": 107.778,
                                        "Actual Rows": 1130982,
                                        "Actual Loops": 4,
                                        "Output": [
                                            "mk.id",
                                            "mk.movie_id",
                                            "mk.keyword_id"
                                        ],
                                        "Workers": [
                                            {
                                                "Worker Number": 0,
                                                "Actual Startup Time": 0.05,
                                                "Actual Total Time": 110.902,
                                                "Actual Rows": 836880,
                                                "Actual Loops": 1
                                            },
                                            {
                                                "Worker Number": 1,
                                                "Actual Startup Time": 0.025,
                                                "Actual Total Time": 110.434,
                                                "Actual Rows": 869315,
                                                "Actual Loops": 1
                                            },
                                            {
                                                "Worker Number": 2,
                                                "Actual Startup Time": 0.014,
                                                "Actual Total Time": 111.517,
                                                "Actual Rows": 1310540,
                                                "Actual Loops": 1
                                            }
                                        ]
                                    },
                                    {
                                        "Node Type": "Hash",
                                        "Parent Relationship": "Inner",
                                        "Parallel Aware": true,
                                        "Startup Cost": 300774.84,
                                        "Total Cost": 300774.84,
                                        "Plan Rows": 125033,
                                        "Plan Width": 8,
                                        "Actual Startup Time": 832.533,
                                        "Actual Total Time": 832.729,
                                        "Actual Rows": 81000,
                                        "Actual Loops": 4,
                                        "Output": [
                                            "t.id",
                                            "ci.movie_id"
                                        ],
                                        "Hash Buckets": 1048576,
                                        "Original Hash Buckets": 1048576,
                                        "Hash Batches": 1,
                                        "Original Hash Batches": 1,
                                        "Peak Memory Usage": 20928,
                                        "Workers": [
                                            {
                                                "Worker Number": 0,
                                                "Actual Startup Time": 832.438,
                                                "Actual Total Time": 832.441,
                                                "Actual Rows": 61642,
                                                "Actual Loops": 1
                                            },
                                            {
                                                "Worker Number": 1,
                                                "Actual Startup Time": 833.609,
                                                "Actual Total Time": 833.614,
                                                "Actual Rows": 65027,
                                                "Actual Loops": 1
                                            },
                                            {
                                                "Worker Number": 2,
                                                "Actual Startup Time": 836.281,
                                                "Actual Total Time": 836.285,
                                                "Actual Rows": 92897,
                                                "Actual Loops": 1
                                            }
                                        ],
                                        "Plans": [
                                            {
                                                "Node Type": "Hash Join",
                                                "Parent Relationship": "Outer",
                                                "Parallel Aware": true,
                                                "Join Type": "Inner",
                                                "Startup Cost": 48689.68,
                                                "Total Cost": 300774.84,
                                                "Plan Rows": 125033,
                                                "Plan Width": 8,
                                                "Actual Startup Time": 268.573,
                                                "Actual Total Time": 798.814,
                                                "Actual Rows": 81000,
                                                "Actual Loops": 4,
                                                "Output": [
                                                    "t.id",
                                                    "ci.movie_id"
                                                ],
                                                "Inner Unique": true,
                                                "Hash Cond": "(ci.movie_id = t.id)",
                                                "Workers": [
                                                    {
                                                        "Worker Number": 0,
                                                        "Actual Startup Time": 268.544,
                                                        "Actual Total Time": 799.82,
                                                        "Actual Rows": 61642,
                                                        "Actual Loops": 1
                                                    },
                                                    {
                                                        "Worker Number": 1,
                                                        "Actual Startup Time": 268.527,
                                                        "Actual Total Time": 799.475,
                                                        "Actual Rows": 65027,
                                                        "Actual Loops": 1
                                                    },
                                                    {
                                                        "Worker Number": 2,
                                                        "Actual Startup Time": 268.672,
                                                        "Actual Total Time": 798.34,
                                                        "Actual Rows": 92897,
                                                        "Actual Loops": 1
                                                    }
                                                ],
                                                "Plans": [
                                                    {
                                                        "Node Type": "Index Scan",
                                                        "Parent Relationship": "Outer",
                                                        "Parallel Aware": true,
                                                        "Scan Direction": "Forward",
                                                        "Index Name": "role_id_cast_info",
                                                        "Relation Name": "cast_info",
                                                        "Schema": "public",
                                                        "Alias": "ci",
                                                        "Startup Cost": 0.56,
                                                        "Total Cost": 251544.36,
                                                        "Plan Rows": 206234,
                                                        "Plan Width": 4,
                                                        "Actual Startup Time": 0.096,
                                                        "Actual Total Time": 445.633,
                                                        "Actual Rows": 161479,
                                                        "Actual Loops": 4,
                                                        "Output": [
                                                            "ci.id",
                                                            "ci.person_id",
                                                            "ci.movie_id",
                                                            "ci.person_role_id",
                                                            "ci.note",
                                                            "ci.nr_order",
                                                            "ci.role_id"
                                                        ],
                                                        "Index Cond": "(ci.role_id > 4)",
                                                        "Rows Removed by Index Recheck": 0,
                                                        "Filter": "(ci.person_id < 474988)",
                                                        "Rows Removed by Filter": 2184697,
                                                        "Workers": [
                                                            {
                                                                "Worker Number": 0,
                                                                "Actual Startup Time": 0.084,
                                                                "Actual Total Time": 450.652,
                                                                "Actual Rows": 123458,
                                                                "Actual Loops": 1
                                                            },
                                                            {
                                                                "Worker Number": 1,
                                                                "Actual Startup Time": 0.096,
                                                                "Actual Total Time": 454.212,
                                                                "Actual Rows": 130145,
                                                                "Actual Loops": 1
                                                            },
                                                            {
                                                                "Worker Number": 2,
                                                                "Actual Startup Time": 0.153,
                                                                "Actual Total Time": 444.924,
                                                                "Actual Rows": 180626,
                                                                "Actual Loops": 1
                                                            }
                                                        ]
                                                    },
                                                    {
                                                        "Node Type": "Hash",
                                                        "Parent Relationship": "Inner",
                                                        "Parallel Aware": true,
                                                        "Startup Cost": 43899.01,
                                                        "Total Cost": 43899.01,
                                                        "Plan Rows": 383209,
                                                        "Plan Width": 4,
                                                        "Actual Startup Time": 263.783,
                                                        "Actual Total Time": 263.784,
                                                        "Actual Rows": 385816,
                                                        "Actual Loops": 4,
                                                        "Output": [
                                                            "t.id"
                                                        ],
                                                        "Hash Buckets": 2097152,
                                                        "Original Hash Buckets": 2097152,
                                                        "Hash Batches": 1,
                                                        "Original Hash Batches": 1,
                                                        "Peak Memory Usage": 76864,
                                                        "Workers": [
                                                            {
                                                                "Worker Number": 0,
                                                                "Actual Startup Time": 268.023,
                                                                "Actual Total Time": 268.025,
                                                                "Actual Rows": 270111,
                                                                "Actual Loops": 1
                                                            },
                                                            {
                                                                "Worker Number": 1,
                                                                "Actual Startup Time": 268.006,
                                                                "Actual Total Time": 268.008,
                                                                "Actual Rows": 305144,
                                                                "Actual Loops": 1
                                                            },
                                                            {
                                                                "Worker Number": 2,
                                                                "Actual Startup Time": 268.161,
                                                                "Actual Total Time": 268.163,
                                                                "Actual Rows": 431994,
                                                                "Actual Loops": 1
                                                            }
                                                        ],
                                                        "Plans": [
                                                            {
                                                                "Node Type": "Seq Scan",
                                                                "Parent Relationship": "Outer",
                                                                "Parallel Aware": true,
                                                                "Relation Name": "title",
                                                                "Schema": "public",
                                                                "Alias": "t",
                                                                "Startup Cost": 0.0,
                                                                "Total Cost": 43899.01,
                                                                "Plan Rows": 383209,
                                                                "Plan Width": 4,
                                                                "Actual Startup Time": 0.056,
                                                                "Actual Total Time": 116.414,
                                                                "Actual Rows": 385816,
                                                                "Actual Loops": 4,
                                                                "Output": [
                                                                    "t.id"
                                                                ],
                                                                "Filter": "(t.kind_id = 7)",
                                                                "Rows Removed by Filter": 246262,
                                                                "Workers": [
                                                                    {
                                                                        "Worker Number": 0,
                                                                        "Actual Startup Time": 0.089,
                                                                        "Actual Total Time": 118.08,
                                                                        "Actual Rows": 270111,
                                                                        "Actual Loops": 1
                                                                    },
                                                                    {
                                                                        "Worker Number": 1,
                                                                        "Actual Startup Time": 0.08,
                                                                        "Actual Total Time": 121.999,
                                                                        "Actual Rows": 305144,
                                                                        "Actual Loops": 1
                                                                    },
                                                                    {
                                                                        "Worker Number": 2,
                                                                        "Actual Startup Time": 0.039,
                                                                        "Actual Total Time": 119.078,
                                                                        "Actual Rows": 431994,
                                                                        "Actual Loops": 1
                                                                    }
                                                                ]
                                                            }
                                                        ]
                                                    }
                                                ]
                                            }
                                        ]
                                    }
                                ]
                            }
                        ]
                    }
                ]
            }
        ]
    },
    "Planning Time": 1.485,
    "Triggers": [],
    "Execution Time": 1139.306
}