[
  {
    "Plan": {
      "Node Type": "Aggregate",
      "Strategy": "Plain",
      "Partial Mode": "Finalize",
      "Parallel Aware": false,
      "Startup Cost": 33339.65,
      "Total Cost": 33339.66,
      "Plan Rows": 1,
      "Plan Width": 8,
      "Actual Startup Time": 94.893,
      "Actual Total Time": 100.465,
      "Actual Rows": 1,
      "Actual Loops": 1,
      "Plans": [
        {
          "Node Type": "Gather",
          "Parent Relationship": "Outer",
          "Parallel Aware": false,
          "Startup Cost": 33339.33,
          "Total Cost": 33339.64,
          "Plan Rows": 3,
          "Plan Width": 8,
          "Actual Startup Time": 94.811,
          "Actual Total Time": 100.456,
          "Actual Rows": 4,
          "Actual Loops": 1,
          "Workers Planned": 3,
          "Workers Launched": 3,
          "Single Copy": false,
          "Plans": [
            {
              "Node Type": "Aggregate",
              "Strategy": "Plain",
              "Partial Mode": "Partial",
              "Parent Relationship": "Outer",
              "Parallel Aware": false,
              "Startup Cost": 32339.33,
              "Total Cost": 32339.34,
              "Plan Rows": 1,
              "Plan Width": 8,
              "Actual Startup Time": 89.562,
              "Actual Total Time": 89.563,
              "Actual Rows": 1,
              "Actual Loops": 4,
              "Plans": [
                {
                  "Node Type": "Seq Scan",
                  "Parent Relationship": "Outer",
                  "Parallel Aware": true,
                  "Relation Name": "movie_companies",
                  "Alias": "mc",
                  "Startup Cost": 0.0,
                  "Total Cost": 31414.82,
                  "Plan Rows": 369804,
                  "Plan Width": 0,
                  "Actual Startup Time": 41.236,
                  "Actual Total Time": 78.512,
                  "Actual Rows": 242900,
                  "Actual Loops": 4,
                  "Filter": "((company_id < 86394) AND (company_type_id > 1))",
                  "Rows Removed by Filter": 409382
                }
              ]
            }
          ]
        }
      ]
    },
    "Planning Time": 0.223,
    "Triggers": [],
    "Execution Time": 100.527
  }
]