[
    {
        "Bao": {
            "Bao prediction": "NaN",
            "Bao recommended hint": "(no hint)"
        }
    },
    {
        "Plan": {
            "Node Type": "Aggregate",
            "Strategy": "Plain",
            "Partial Mode": "Finalize",
            "Parallel Aware": false,
            "Startup Cost": 70623.98,
            "Total Cost": 70623.99,
            "Plan Rows": 1,
            "Plan Width": 8,
            "Actual Startup Time": 151.914,
            "Actual Total Time": 160.403,
            "Actual Rows": 1,
            "Actual Loops": 1,
            "Output": [
                "count(*)"
            ],
            "Plans": [
                {
                    "Node Type": "Gather",
                    "Parent Relationship": "Outer",
                    "Parallel Aware": false,
                    "Startup Cost": 70623.67,
                    "Total Cost": 70623.98,
                    "Plan Rows": 3,
                    "Plan Width": 8,
                    "Actual Startup Time": 151.237,
                    "Actual Total Time": 160.394,
                    "Actual Rows": 4,
                    "Actual Loops": 1,
                    "Output": [
                        "(PARTIAL count(*))"
                    ],
                    "Workers Planned": 3,
                    "Workers Launched": 3,
                    "Single Copy": false,
                    "Plans": [
                        {
                            "Node Type": "Aggregate",
                            "Strategy": "Plain",
                            "Partial Mode": "Partial",
                            "Parent Relationship": "Outer",
                            "Parallel Aware": false,
                            "Startup Cost": 69623.67,
                            "Total Cost": 69623.68,
                            "Plan Rows": 1,
                            "Plan Width": 8,
                            "Actual Startup Time": 142.21,
                            "Actual Total Time": 142.213,
                            "Actual Rows": 1,
                            "Actual Loops": 4,
                            "Output": [
                                "PARTIAL count(*)"
                            ],
                            "Workers": [
                                {
                                    "Worker Number": 0,
                                    "Actual Startup Time": 138.996,
                                    "Actual Total Time": 138.999,
                                    "Actual Rows": 1,
                                    "Actual Loops": 1
                                },
                                {
                                    "Worker Number": 1,
                                    "Actual Startup Time": 139.17,
                                    "Actual Total Time": 139.172,
                                    "Actual Rows": 1,
                                    "Actual Loops": 1
                                },
                                {
                                    "Worker Number": 2,
                                    "Actual Startup Time": 139.979,
                                    "Actual Total Time": 139.982,
                                    "Actual Rows": 1,
                                    "Actual Loops": 1
                                }
                            ],
                            "Plans": [
                                {
                                    "Node Type": "Hash Join",
                                    "Parent Relationship": "Outer",
                                    "Parallel Aware": true,
                                    "Join Type": "Inner",
                                    "Startup Cost": 49960.33,
                                    "Total Cost": 69611.91,
                                    "Plan Rows": 4702,
                                    "Plan Width": 0,
                                    "Actual Startup Time": 116.343,
                                    "Actual Total Time": 141.472,
                                    "Actual Rows": 13163,
                                    "Actual Loops": 4,
                                    "Inner Unique": true,
                                    "Hash Cond": "(mc.movie_id = t.id)",
                                    "Workers": [
                                        {
                                            "Worker Number": 0,
                                            "Actual Startup Time": 113.145,
                                            "Actual Total Time": 138.27,
                                            "Actual Rows": 12901,
                                            "Actual Loops": 1
                                        },
                                        {
                                            "Worker Number": 1,
                                            "Actual Startup Time": 113.415,
                                            "Actual Total Time": 138.439,
                                            "Actual Rows": 13309,
                                            "Actual Loops": 1
                                        },
                                        {
                                            "Worker Number": 2,
                                            "Actual Startup Time": 114.0,
                                            "Actual Total Time": 139.182,
                                            "Actual Rows": 9525,
                                            "Actual Loops": 1
                                        }
                                    ],
                                    "Plans": [
                                        {
                                            "Node Type": "Bitmap Heap Scan",
                                            "Parent Relationship": "Outer",
                                            "Parallel Aware": true,
                                            "Relation Name": "movie_companies",
                                            "Schema": "public",
                                            "Alias": "mc",
                                            "Startup Cost": 3828.99,
                                            "Total Cost": 23331.05,
                                            "Plan Rows": 56964,
                                            "Plan Width": 4,
                                            "Actual Startup Time": 10.134,
                                            "Actual Total Time": 23.191,
                                            "Actual Rows": 44906,
                                            "Actual Loops": 4,
                                            "Output": [
                                                "mc.id",
                                                "mc.movie_id",
                                                "mc.company_id",
                                                "mc.company_type_id",
                                                "mc.note"
                                            ],
                                            "Recheck Cond": "(mc.company_id > 120462)",
                                            "Rows Removed by Index Recheck": 0,
                                            "Exact Heap Blocks": 1373,
                                            "Lossy Heap Blocks": 0,
                                            "Workers": [
                                                {
                                                    "Worker Number": 0,
                                                    "Actual Startup Time": 10.116,
                                                    "Actual Total Time": 23.571,
                                                    "Actual Rows": 43749,
                                                    "Actual Loops": 1
                                                },
                                                {
                                                    "Worker Number": 1,
                                                    "Actual Startup Time": 10.208,
                                                    "Actual Total Time": 23.567,
                                                    "Actual Rows": 44528,
                                                    "Actual Loops": 1
                                                },
                                                {
                                                    "Worker Number": 2,
                                                    "Actual Startup Time": 10.121,
                                                    "Actual Total Time": 24.01,
                                                    "Actual Rows": 32833,
                                                    "Actual Loops": 1
                                                }
                                            ],
                                            "Plans": [
                                                {
                                                    "Node Type": "Bitmap Index Scan",
                                                    "Parent Relationship": "Outer",
                                                    "Parallel Aware": false,
                                                    "Index Name": "company_id_movie_companies",
                                                    "Startup Cost": 0.0,
                                                    "Total Cost": 3784.85,
                                                    "Plan Rows": 176589,
                                                    "Plan Width": 0,
                                                    "Actual Startup Time": 9.519,
                                                    "Actual Total Time": 9.52,
                                                    "Actual Rows": 179622,
                                                    "Actual Loops": 1,
                                                    "Index Cond": "(mc.company_id > 120462)"
                                                }
                                            ]
                                        },
                                        {
                                            "Node Type": "Hash",
                                            "Parent Relationship": "Inner",
                                            "Parallel Aware": true,
                                            "Startup Cost": 45479.21,
                                            "Total Cost": 45479.21,
                                            "Plan Rows": 52170,
                                            "Plan Width": 4,
                                            "Actual Startup Time": 104.763,
                                            "Actual Total Time": 104.764,
                                            "Actual Rows": 45598,
                                            "Actual Loops": 4,
                                            "Output": [
                                                "t.id"
                                            ],
                                            "Hash Buckets": 262144,
                                            "Original Hash Buckets": 262144,
                                            "Hash Batches": 1,
                                            "Original Hash Batches": 1,
                                            "Peak Memory Usage": 9248,
                                            "Workers": [
                                                {
                                                    "Worker Number": 0,
                                                    "Actual Startup Time": 102.611,
                                                    "Actual Total Time": 102.611,
                                                    "Actual Rows": 45486,
                                                    "Actual Loops": 1
                                                },
                                                {
                                                    "Worker Number": 1,
                                                    "Actual Startup Time": 102.734,
                                                    "Actual Total Time": 102.735,
                                                    "Actual Rows": 46890,
                                                    "Actual Loops": 1
                                                },
                                                {
                                                    "Worker Number": 2,
                                                    "Actual Startup Time": 103.346,
                                                    "Actual Total Time": 103.347,
                                                    "Actual Rows": 31059,
                                                    "Actual Loops": 1
                                                }
                                            ],
                                            "Plans": [
                                                {
                                                    "Node Type": "Seq Scan",
                                                    "Parent Relationship": "Outer",
                                                    "Parallel Aware": true,
                                                    "Relation Name": "title",
                                                    "Schema": "public",
                                                    "Alias": "t",
                                                    "Startup Cost": 0.0,
                                                    "Total Cost": 45479.21,
                                                    "Plan Rows": 52170,
                                                    "Plan Width": 4,
                                                    "Actual Startup Time": 40.799,
                                                    "Actual Total Time": 90.279,
                                                    "Actual Rows": 45598,
                                                    "Actual Loops": 4,
                                                    "Output": [
                                                        "t.id"
                                                    ],
                                                    "Filter": "((t.production_year > 2007) AND (t.kind_id = 1))",
                                                    "Rows Removed by Filter": 586480,
                                                    "Workers": [
                                                        {
                                                            "Worker Number": 0,
                                                            "Actual Startup Time": 51.038,
                                                            "Actual Total Time": 88.41,
                                                            "Actual Rows": 45486,
                                                            "Actual Loops": 1
                                                        },
                                                        {
                                                            "Worker Number": 1,
                                                            "Actual Startup Time": 51.165,
                                                            "Actual Total Time": 89.308,
                                                            "Actual Rows": 46890,
                                                            "Actual Loops": 1
                                                        },
                                                        {
                                                            "Worker Number": 2,
                                                            "Actual Startup Time": 52.27,
                                                            "Actual Total Time": 89.927,
                                                            "Actual Rows": 31059,
                                                            "Actual Loops": 1
                                                        }
                                                    ]
                                                }
                                            ]
                                        }
                                    ]
                                }
                            ]
                        }
                    ]
                }
            ]
        },
        "Planning Time": 215.516,
        "Triggers": [],
        "Execution Time": 160.528
    }
]