[
  {
    "Plan": {
      "Node Type": "Aggregate",
      "Strategy": "Plain",
      "Partial Mode": "Finalize",
      "Parallel Aware": false,
      "Startup Cost": 44313.73,
      "Total Cost": 44313.74,
      "Plan Rows": 1,
      "Plan Width": 8,
      "Actual Startup Time": 122.37,
      "Actual Total Time": 131.603,
      "Actual Rows": 1,
      "Actual Loops": 1,
      "Plans": [
        {
          "Node Type": "Gather",
          "Parent Relationship": "Outer",
          "Parallel Aware": false,
          "Startup Cost": 44313.41,
          "Total Cost": 44313.72,
          "Plan Rows": 3,
          "Plan Width": 8,
          "Actual Startup Time": 122.27,
          "Actual Total Time": 131.594,
          "Actual Rows": 4,
          "Actual Loops": 1,
          "Workers Planned": 3,
          "Workers Launched": 3,
          "Single Copy": false,
          "Plans": [
            {
              "Node Type": "Aggregate",
              "Strategy": "Plain",
              "Partial Mode": "Partial",
              "Parent Relationship": "Outer",
              "Parallel Aware": false,
              "Startup Cost": 43313.41,
              "Total Cost": 43313.42,
              "Plan Rows": 1,
              "Plan Width": 8,
              "Actual Startup Time": 113.745,
              "Actual Total Time": 113.746,
              "Actual Rows": 1,
              "Actual Loops": 4,
              "Plans": [
                {
                  "Node Type": "Seq Scan",
                  "Parent Relationship": "Outer",
                  "Parallel Aware": true,
                  "Relation Name": "movie_keyword",
                  "Alias": "mk",
                  "Startup Cost": 0.0,
                  "Total Cost": 42695.65,
                  "Plan Rows": 247103,
                  "Plan Width": 0,
                  "Actual Startup Time": 6.222,
                  "Actual Total Time": 104.152,
                  "Actual Rows": 188788,
                  "Actual Loops": 4,
                  "Filter": "(keyword_id > 24772)",
                  "Rows Removed by Filter": 942194
                }
              ]
            }
          ]
        }
      ]
    },
    "Planning Time": 0.162,
    "Triggers": [],
    "Execution Time": 131.654
  }
]