[
    {
        "Bao": {
            "Bao prediction": 1091.469,
            "Bao recommended hint": "SET enable_mergejoin TO off; SET enable_indexscan TO off; "
        }
    },
    {
        "Plan": {
            "Node Type": "Aggregate",
            "Strategy": "Plain",
            "Partial Mode": "Simple",
            "Parallel Aware": false,
            "Startup Cost": 16329.35,
            "Total Cost": 16329.36,
            "Plan Rows": 1,
            "Plan Width": 96,
            "Actual Startup Time": 5225.594,
            "Actual Total Time": 5225.604,
            "Actual Rows": 1,
            "Actual Loops": 1,
            "Output": [
                "min(chn.name)",
                "min(mi_idx.info)",
                "min(t.title)"
            ],
            "Plans": [
                {
                    "Node Type": "Nested Loop",
                    "Parent Relationship": "Outer",
                    "Parallel Aware": false,
                    "Join Type": "Inner",
                    "Startup Cost": 13.96,
                    "Total Cost": 16329.35,
                    "Plan Rows": 1,
                    "Plan Width": 38,
                    "Actual Startup Time": 62.703,
                    "Actual Total Time": 5218.122,
                    "Actual Rows": 15900,
                    "Actual Loops": 1,
                    "Output": [
                        "chn.name",
                        "mi_idx.info",
                        "t.title"
                    ],
                    "Inner Unique": true,
                    "Plans": [
                        {
                            "Node Type": "Nested Loop",
                            "Parent Relationship": "Outer",
                            "Parallel Aware": false,
                            "Join Type": "Inner",
                            "Startup Cost": 13.53,
                            "Total Cost": 16324.9,
                            "Plan Rows": 1,
                            "Plan Width": 42,
                            "Actual Startup Time": 62.651,
                            "Actual Total Time": 5030.954,
                            "Actual Rows": 15900,
                            "Actual Loops": 1,
                            "Output": [
                                "ci.person_id",
                                "chn.name",
                                "mi_idx.info",
                                "t.title"
                            ],
                            "Inner Unique": true,
                            "Plans": [
                                {
                                    "Node Type": "Nested Loop",
                                    "Parent Relationship": "Outer",
                                    "Parallel Aware": false,
                                    "Join Type": "Inner",
                                    "Startup Cost": 13.09,
                                    "Total Cost": 16320.44,
                                    "Plan Rows": 1,
                                    "Plan Width": 30,
                                    "Actual Startup Time": 57.644,
                                    "Actual Total Time": 2625.33,
                                    "Actual Rows": 531694,
                                    "Actual Loops": 1,
                                    "Output": [
                                        "ci.person_role_id",
                                        "ci.person_id",
                                        "mi_idx.info",
                                        "t.title"
                                    ],
                                    "Inner Unique": false,
                                    "Join Filter": "(t.id = ci.movie_id)",
                                    "Rows Removed by Join Filter": 0,
                                    "Plans": [
                                        {
                                            "Node Type": "Nested Loop",
                                            "Parent Relationship": "Outer",
                                            "Parallel Aware": false,
                                            "Join Type": "Inner",
                                            "Startup Cost": 12.13,
                                            "Total Cost": 16314.61,
                                            "Plan Rows": 1,
                                            "Plan Width": 38,
                                            "Actual Startup Time": 57.56,
                                            "Actual Total Time": 1177.72,
                                            "Actual Rows": 4724,
                                            "Actual Loops": 1,
                                            "Output": [
                                                "cc.movie_id",
                                                "mi_idx.info",
                                                "mi_idx.movie_id",
                                                "mk.movie_id",
                                                "t.title",
                                                "t.id"
                                            ],
                                            "Inner Unique": true,
                                            "Join Filter": "(cc.status_id = cct2.id)",
                                            "Rows Removed by Join Filter": 2096,
                                            "Plans": [
                                                {
                                                    "Node Type": "Nested Loop",
                                                    "Parent Relationship": "Outer",
                                                    "Parallel Aware": false,
                                                    "Join Type": "Inner",
                                                    "Startup Cost": 12.13,
                                                    "Total Cost": 16313.55,
                                                    "Plan Rows": 1,
                                                    "Plan Width": 42,
                                                    "Actual Startup Time": 57.551,
                                                    "Actual Total Time": 1163.322,
                                                    "Actual Rows": 4724,
                                                    "Actual Loops": 1,
                                                    "Output": [
                                                        "cc.movie_id",
                                                        "cc.status_id",
                                                        "mi_idx.info",
                                                        "mi_idx.movie_id",
                                                        "mk.movie_id",
                                                        "t.title",
                                                        "t.id"
                                                    ],
                                                    "Inner Unique": true,
                                                    "Join Filter": "(cc.subject_id = cct1.id)",
                                                    "Rows Removed by Join Filter": 1273,
                                                    "Plans": [
                                                        {
                                                            "Node Type": "Nested Loop",
                                                            "Parent Relationship": "Outer",
                                                            "Parallel Aware": false,
                                                            "Join Type": "Inner",
                                                            "Startup Cost": 12.13,
                                                            "Total Cost": 16312.49,
                                                            "Plan Rows": 1,
                                                            "Plan Width": 46,
                                                            "Actual Startup Time": 57.541,
                                                            "Actual Total Time": 1143.626,
                                                            "Actual Rows": 5997,
                                                            "Actual Loops": 1,
                                                            "Output": [
                                                                "cc.movie_id",
                                                                "cc.subject_id",
                                                                "cc.status_id",
                                                                "mi_idx.info",
                                                                "mi_idx.movie_id",
                                                                "mk.movie_id",
                                                                "t.title",
                                                                "t.id"
                                                            ],
                                                            "Inner Unique": false,
                                                            "Plans": [
                                                                {
                                                                    "Node Type": "Nested Loop",
                                                                    "Parent Relationship": "Outer",
                                                                    "Parallel Aware": false,
                                                                    "Join Type": "Inner",
                                                                    "Startup Cost": 11.7,
                                                                    "Total Cost": 16308.01,
                                                                    "Plan Rows": 1,
                                                                    "Plan Width": 34,
                                                                    "Actual Startup Time": 57.21,
                                                                    "Actual Total Time": 1059.73,
                                                                    "Actual Rows": 14366,
                                                                    "Actual Loops": 1,
                                                                    "Output": [
                                                                        "mi_idx.info",
                                                                        "mi_idx.movie_id",
                                                                        "mk.movie_id",
                                                                        "t.title",
                                                                        "t.id"
                                                                    ],
                                                                    "Inner Unique": false,
                                                                    "Join Filter": "(t.kind_id = kt.id)",
                                                                    "Rows Removed by Join Filter": 11184,
                                                                    "Plans": [
                                                                        {
                                                                            "Node Type": "Seq Scan",
                                                                            "Parent Relationship": "Outer",
                                                                            "Parallel Aware": false,
                                                                            "Relation Name": "kind_type",
                                                                            "Schema": "public",
                                                                            "Alias": "kt",
                                                                            "Startup Cost": 0.0,
                                                                            "Total Cost": 1.09,
                                                                            "Plan Rows": 1,
                                                                            "Plan Width": 4,
                                                                            "Actual Startup Time": 0.024,
                                                                            "Actual Total Time": 0.026,
                                                                            "Actual Rows": 1,
                                                                            "Actual Loops": 1,
                                                                            "Output": [
                                                                                "kt.id",
                                                                                "kt.kind"
                                                                            ],
                                                                            "Filter": "((kt.kind)::text = 'movie'::text)",
                                                                            "Rows Removed by Filter": 6
                                                                        },
                                                                        {
                                                                            "Node Type": "Nested Loop",
                                                                            "Parent Relationship": "Inner",
                                                                            "Parallel Aware": false,
                                                                            "Join Type": "Inner",
                                                                            "Startup Cost": 11.7,
                                                                            "Total Cost": 16306.84,
                                                                            "Plan Rows": 6,
                                                                            "Plan Width": 38,
                                                                            "Actual Startup Time": 9.078,
                                                                            "Actual Total Time": 1054.78,
                                                                            "Actual Rows": 25550,
                                                                            "Actual Loops": 1,
                                                                            "Output": [
                                                                                "mi_idx.info",
                                                                                "mi_idx.movie_id",
                                                                                "mk.movie_id",
                                                                                "t.title",
                                                                                "t.kind_id",
                                                                                "t.id"
                                                                            ],
                                                                            "Inner Unique": true,
                                                                            "Plans": [
                                                                                {
                                                                                    "Node Type": "Nested Loop",
                                                                                    "Parent Relationship": "Outer",
                                                                                    "Parallel Aware": false,
                                                                                    "Join Type": "Inner",
                                                                                    "Startup Cost": 11.25,
                                                                                    "Total Cost": 16266.7,
                                                                                    "Plan Rows": 9,
                                                                                    "Plan Width": 13,
                                                                                    "Actual Startup Time": 8.984,
                                                                                    "Actual Total Time": 663.133,
                                                                                    "Actual Rows": 52055,
                                                                                    "Actual Loops": 1,
                                                                                    "Output": [
                                                                                        "mi_idx.info",
                                                                                        "mi_idx.movie_id",
                                                                                        "mk.movie_id"
                                                                                    ],
                                                                                    "Inner Unique": false,
                                                                                    "Join Filter": "(mi_idx.info_type_id = it2.id)",
                                                                                    "Rows Removed by Join Filter": 104425,
                                                                                    "Plans": [
                                                                                        {
                                                                                            "Node Type": "Seq Scan",
                                                                                            "Parent Relationship": "Outer",
                                                                                            "Parallel Aware": false,
                                                                                            "Relation Name": "info_type",
                                                                                            "Schema": "public",
                                                                                            "Alias": "it2",
                                                                                            "Startup Cost": 0.0,
                                                                                            "Total Cost": 2.41,
                                                                                            "Plan Rows": 1,
                                                                                            "Plan Width": 4,
                                                                                            "Actual Startup Time": 0.035,
                                                                                            "Actual Total Time": 0.039,
                                                                                            "Actual Rows": 1,
                                                                                            "Actual Loops": 1,
                                                                                            "Output": [
                                                                                                "it2.id",
                                                                                                "it2.info"
                                                                                            ],
                                                                                            "Filter": "((it2.info)::text = 'rating'::text)",
                                                                                            "Rows Removed by Filter": 112
                                                                                        },
                                                                                        {
                                                                                            "Node Type": "Nested Loop",
                                                                                            "Parent Relationship": "Inner",
                                                                                            "Parallel Aware": false,
                                                                                            "Join Type": "Inner",
                                                                                            "Startup Cost": 11.25,
                                                                                            "Total Cost": 16251.28,
                                                                                            "Plan Rows": 1040,
                                                                                            "Plan Width": 17,
                                                                                            "Actual Startup Time": 8.94,
                                                                                            "Actual Total Time": 645.901,
                                                                                            "Actual Rows": 156480,
                                                                                            "Actual Loops": 1,
                                                                                            "Output": [
                                                                                                "mk.movie_id",
                                                                                                "mi_idx.info",
                                                                                                "mi_idx.movie_id",
                                                                                                "mi_idx.info_type_id"
                                                                                            ],
                                                                                            "Inner Unique": false,
                                                                                            "Plans": [
                                                                                                {
                                                                                                    "Node Type": "Nested Loop",
                                                                                                    "Parent Relationship": "Outer",
                                                                                                    "Parallel Aware": false,
                                                                                                    "Join Type": "Inner",
                                                                                                    "Startup Cost": 10.8,
                                                                                                    "Total Cost": 14726.77,
                                                                                                    "Plan Rows": 337,
                                                                                                    "Plan Width": 4,
                                                                                                    "Actual Startup Time": 8.805,
                                                                                                    "Actual Total Time": 165.461,
                                                                                                    "Actual Rows": 68744,
                                                                                                    "Actual Loops": 1,
                                                                                                    "Output": [
                                                                                                        "mk.movie_id"
                                                                                                    ],
                                                                                                    "Inner Unique": false,
                                                                                                    "Plans": [
                                                                                                        {
                                                                                                            "Node Type": "Seq Scan",
                                                                                                            "Parent Relationship": "Outer",
                                                                                                            "Parallel Aware": false,
                                                                                                            "Relation Name": "keyword",
                                                                                                            "Schema": "public",
                                                                                                            "Alias": "k",
                                                                                                            "Startup Cost": 0.0,
                                                                                                            "Total Cost": 3967.82,
                                                                                                            "Plan Rows": 10,
                                                                                                            "Plan Width": 4,
                                                                                                            "Actual Startup Time": 2.775,
                                                                                                            "Actual Total Time": 26.394,
                                                                                                            "Actual Rows": 9,
                                                                                                            "Actual Loops": 1,
                                                                                                            "Output": [
                                                                                                                "k.id",
                                                                                                                "k.keyword",
                                                                                                                "k.phonetic_code"
                                                                                                            ],
                                                                                                            "Filter": "(k.keyword = ANY ('{female-nudity,tv-special,sequel,murder,claw,revenge,marvel-comics,fight,fight,magnet}'::text[]))",
                                                                                                            "Rows Removed by Filter": 134161
                                                                                                        },
                                                                                                        {
                                                                                                            "Node Type": "Bitmap Heap Scan",
                                                                                                            "Parent Relationship": "Inner",
                                                                                                            "Parallel Aware": false,
                                                                                                            "Relation Name": "movie_keyword",
                                                                                                            "Schema": "public",
                                                                                                            "Alias": "mk",
                                                                                                            "Startup Cost": 10.8,
                                                                                                            "Total Cost": 1072.84,
                                                                                                            "Plan Rows": 305,
                                                                                                            "Plan Width": 8,
                                                                                                            "Actual Startup Time": 1.993,
                                                                                                            "Actual Total Time": 14.105,
                                                                                                            "Actual Rows": 7638,
                                                                                                            "Actual Loops": 9,
                                                                                                            "Output": [
                                                                                                                "mk.id",
                                                                                                                "mk.movie_id",
                                                                                                                "mk.keyword_id"
                                                                                                            ],
                                                                                                            "Recheck Cond": "(mk.keyword_id = k.id)",
                                                                                                            "Rows Removed by Index Recheck": 0,
                                                                                                            "Exact Heap Blocks": 42088,
                                                                                                            "Lossy Heap Blocks": 0,
                                                                                                            "Plans": [
                                                                                                                {
                                                                                                                    "Node Type": "Bitmap Index Scan",
                                                                                                                    "Parent Relationship": "Outer",
                                                                                                                    "Parallel Aware": false,
                                                                                                                    "Index Name": "keyword_id_movie_keyword",
                                                                                                                    "Startup Cost": 0.0,
                                                                                                                    "Total Cost": 10.72,
                                                                                                                    "Plan Rows": 305,
                                                                                                                    "Plan Width": 0,
                                                                                                                    "Actual Startup Time": 1.207,
                                                                                                                    "Actual Total Time": 1.207,
                                                                                                                    "Actual Rows": 7638,
                                                                                                                    "Actual Loops": 9,
                                                                                                                    "Index Cond": "(mk.keyword_id = k.id)"
                                                                                                                }
                                                                                                            ]
                                                                                                        }
                                                                                                    ]
                                                                                                },
                                                                                                {
                                                                                                    "Node Type": "Bitmap Heap Scan",
                                                                                                    "Parent Relationship": "Inner",
                                                                                                    "Parallel Aware": false,
                                                                                                    "Relation Name": "movie_info_idx",
                                                                                                    "Schema": "public",
                                                                                                    "Alias": "mi_idx",
                                                                                                    "Startup Cost": 0.46,
                                                                                                    "Total Cost": 4.49,
                                                                                                    "Plan Rows": 3,
                                                                                                    "Plan Width": 13,
                                                                                                    "Actual Startup Time": 0.005,
                                                                                                    "Actual Total Time": 0.005,
                                                                                                    "Actual Rows": 2,
                                                                                                    "Actual Loops": 68744,
                                                                                                    "Output": [
                                                                                                        "mi_idx.id",
                                                                                                        "mi_idx.movie_id",
                                                                                                        "mi_idx.info_type_id",
                                                                                                        "mi_idx.info",
                                                                                                        "mi_idx.note"
                                                                                                    ],
                                                                                                    "Recheck Cond": "(mi_idx.movie_id = mk.movie_id)",
                                                                                                    "Rows Removed by Index Recheck": 0,
                                                                                                    "Exact Heap Blocks": 52783,
                                                                                                    "Lossy Heap Blocks": 0,
                                                                                                    "Plans": [
                                                                                                        {
                                                                                                            "Node Type": "Bitmap Index Scan",
                                                                                                            "Parent Relationship": "Outer",
                                                                                                            "Parallel Aware": false,
                                                                                                            "Index Name": "movie_id_movie_info_idx",
                                                                                                            "Startup Cost": 0.0,
                                                                                                            "Total Cost": 0.46,
                                                                                                            "Plan Rows": 3,
                                                                                                            "Plan Width": 0,
                                                                                                            "Actual Startup Time": 0.003,
                                                                                                            "Actual Total Time": 0.003,
                                                                                                            "Actual Rows": 2,
                                                                                                            "Actual Loops": 68744,
                                                                                                            "Index Cond": "(mi_idx.movie_id = mk.movie_id)"
                                                                                                        }
                                                                                                    ]
                                                                                                }
                                                                                            ]
                                                                                        }
                                                                                    ]
                                                                                },
                                                                                {
                                                                                    "Node Type": "Bitmap Heap Scan",
                                                                                    "Parent Relationship": "Inner",
                                                                                    "Parallel Aware": false,
                                                                                    "Relation Name": "title",
                                                                                    "Schema": "public",
                                                                                    "Alias": "t",
                                                                                    "Startup Cost": 0.45,
                                                                                    "Total Cost": 4.46,
                                                                                    "Plan Rows": 1,
                                                                                    "Plan Width": 25,
                                                                                    "Actual Startup Time": 0.005,
                                                                                    "Actual Total Time": 0.005,
                                                                                    "Actual Rows": 0,
                                                                                    "Actual Loops": 52055,
                                                                                    "Output": [
                                                                                        "t.id",
                                                                                        "t.title",
                                                                                        "t.imdb_index",
                                                                                        "t.kind_id",
                                                                                        "t.production_year",
                                                                                        "t.imdb_id",
                                                                                        "t.phonetic_code",
                                                                                        "t.episode_of_id",
                                                                                        "t.season_nr",
                                                                                        "t.episode_nr",
                                                                                        "t.series_years",
                                                                                        "t.md5sum"
                                                                                    ],
                                                                                    "Recheck Cond": "(t.id = mk.movie_id)",
                                                                                    "Rows Removed by Index Recheck": 0,
                                                                                    "Filter": "(t.production_year > 1994)",
                                                                                    "Rows Removed by Filter": 1,
                                                                                    "Exact Heap Blocks": 52055,
                                                                                    "Lossy Heap Blocks": 0,
                                                                                    "Plans": [
                                                                                        {
                                                                                            "Node Type": "Bitmap Index Scan",
                                                                                            "Parent Relationship": "Outer",
                                                                                            "Parallel Aware": false,
                                                                                            "Index Name": "title_pkey",
                                                                                            "Startup Cost": 0.0,
                                                                                            "Total Cost": 0.45,
                                                                                            "Plan Rows": 1,
                                                                                            "Plan Width": 0,
                                                                                            "Actual Startup Time": 0.003,
                                                                                            "Actual Total Time": 0.003,
                                                                                            "Actual Rows": 1,
                                                                                            "Actual Loops": 52055,
                                                                                            "Index Cond": "(t.id = mk.movie_id)"
                                                                                        }
                                                                                    ]
                                                                                }
                                                                            ]
                                                                        }
                                                                    ]
                                                                },
                                                                {
                                                                    "Node Type": "Bitmap Heap Scan",
                                                                    "Parent Relationship": "Inner",
                                                                    "Parallel Aware": false,
                                                                    "Relation Name": "complete_cast",
                                                                    "Schema": "public",
                                                                    "Alias": "cc",
                                                                    "Startup Cost": 0.44,
                                                                    "Total Cost": 4.46,
                                                                    "Plan Rows": 2,
                                                                    "Plan Width": 12,
                                                                    "Actual Startup Time": 0.004,
                                                                    "Actual Total Time": 0.004,
                                                                    "Actual Rows": 0,
                                                                    "Actual Loops": 14366,
                                                                    "Output": [
                                                                        "cc.id",
                                                                        "cc.movie_id",
                                                                        "cc.subject_id",
                                                                        "cc.status_id"
                                                                    ],
                                                                    "Recheck Cond": "(cc.movie_id = t.id)",
                                                                    "Rows Removed by Index Recheck": 0,
                                                                    "Exact Heap Blocks": 5997,
                                                                    "Lossy Heap Blocks": 0,
                                                                    "Plans": [
                                                                        {
                                                                            "Node Type": "Bitmap Index Scan",
                                                                            "Parent Relationship": "Outer",
                                                                            "Parallel Aware": false,
                                                                            "Index Name": "movie_id_complete_cast",
                                                                            "Startup Cost": 0.0,
                                                                            "Total Cost": 0.44,
                                                                            "Plan Rows": 2,
                                                                            "Plan Width": 0,
                                                                            "Actual Startup Time": 0.003,
                                                                            "Actual Total Time": 0.003,
                                                                            "Actual Rows": 0,
                                                                            "Actual Loops": 14366,
                                                                            "Index Cond": "(cc.movie_id = t.id)"
                                                                        }
                                                                    ]
                                                                }
                                                            ]
                                                        },
                                                        {
                                                            "Node Type": "Seq Scan",
                                                            "Parent Relationship": "Inner",
                                                            "Parallel Aware": false,
                                                            "Relation Name": "comp_cast_type",
                                                            "Schema": "public",
                                                            "Alias": "cct1",
                                                            "Startup Cost": 0.0,
                                                            "Total Cost": 1.05,
                                                            "Plan Rows": 1,
                                                            "Plan Width": 4,
                                                            "Actual Startup Time": 0.001,
                                                            "Actual Total Time": 0.001,
                                                            "Actual Rows": 1,
                                                            "Actual Loops": 5997,
                                                            "Output": [
                                                                "cct1.id",
                                                                "cct1.kind"
                                                            ],
                                                            "Filter": "((cct1.kind)::text = 'cast'::text)",
                                                            "Rows Removed by Filter": 1
                                                        }
                                                    ]
                                                },
                                                {
                                                    "Node Type": "Seq Scan",
                                                    "Parent Relationship": "Inner",
                                                    "Parallel Aware": false,
                                                    "Relation Name": "comp_cast_type",
                                                    "Schema": "public",
                                                    "Alias": "cct2",
                                                    "Startup Cost": 0.0,
                                                    "Total Cost": 1.05,
                                                    "Plan Rows": 1,
                                                    "Plan Width": 4,
                                                    "Actual Startup Time": 0.001,
                                                    "Actual Total Time": 0.001,
                                                    "Actual Rows": 1,
                                                    "Actual Loops": 4724,
                                                    "Output": [
                                                        "cct2.id",
                                                        "cct2.kind"
                                                    ],
                                                    "Filter": "((cct2.kind)::text ~~ '%complete%'::text)",
                                                    "Rows Removed by Filter": 2
                                                }
                                            ]
                                        },
                                        {
                                            "Node Type": "Bitmap Heap Scan",
                                            "Parent Relationship": "Inner",
                                            "Parallel Aware": false,
                                            "Relation Name": "cast_info",
                                            "Schema": "public",
                                            "Alias": "ci",
                                            "Startup Cost": 0.95,
                                            "Total Cost": 5.39,
                                            "Plan Rows": 35,
                                            "Plan Width": 12,
                                            "Actual Startup Time": 0.026,
                                            "Actual Total Time": 0.277,
                                            "Actual Rows": 113,
                                            "Actual Loops": 4724,
                                            "Output": [
                                                "ci.id",
                                                "ci.person_id",
                                                "ci.movie_id",
                                                "ci.person_role_id",
                                                "ci.note",
                                                "ci.nr_order",
                                                "ci.role_id"
                                            ],
                                            "Recheck Cond": "(ci.movie_id = mk.movie_id)",
                                            "Rows Removed by Index Recheck": 0,
                                            "Exact Heap Blocks": 517284,
                                            "Lossy Heap Blocks": 0,
                                            "Plans": [
                                                {
                                                    "Node Type": "Bitmap Index Scan",
                                                    "Parent Relationship": "Outer",
                                                    "Parallel Aware": false,
                                                    "Index Name": "movie_id_cast_info",
                                                    "Startup Cost": 0.0,
                                                    "Total Cost": 0.94,
                                                    "Plan Rows": 35,
                                                    "Plan Width": 0,
                                                    "Actual Startup Time": 0.015,
                                                    "Actual Total Time": 0.015,
                                                    "Actual Rows": 113,
                                                    "Actual Loops": 4724,
                                                    "Index Cond": "(ci.movie_id = mk.movie_id)"
                                                }
                                            ]
                                        }
                                    ]
                                },
                                {
                                    "Node Type": "Bitmap Heap Scan",
                                    "Parent Relationship": "Inner",
                                    "Parallel Aware": false,
                                    "Relation Name": "char_name",
                                    "Schema": "public",
                                    "Alias": "chn",
                                    "Startup Cost": 0.44,
                                    "Total Cost": 4.46,
                                    "Plan Rows": 1,
                                    "Plan Width": 20,
                                    "Actual Startup Time": 0.003,
                                    "Actual Total Time": 0.003,
                                    "Actual Rows": 0,
                                    "Actual Loops": 531694,
                                    "Output": [
                                        "chn.id",
                                        "chn.name",
                                        "chn.imdb_index",
                                        "chn.imdb_id",
                                        "chn.name_pcode_nf",
                                        "chn.surname_pcode",
                                        "chn.md5sum"
                                    ],
                                    "Recheck Cond": "(chn.id = ci.person_role_id)",
                                    "Rows Removed by Index Recheck": 0,
                                    "Filter": "((chn.name IS NOT NULL) AND ((chn.name ~~ '%man%'::text) OR (chn.name ~~ '%Man%'::text)))",
                                    "Rows Removed by Filter": 0,
                                    "Exact Heap Blocks": 222444,
                                    "Lossy Heap Blocks": 0,
                                    "Plans": [
                                        {
                                            "Node Type": "Bitmap Index Scan",
                                            "Parent Relationship": "Outer",
                                            "Parallel Aware": false,
                                            "Index Name": "char_name_pkey",
                                            "Startup Cost": 0.0,
                                            "Total Cost": 0.44,
                                            "Plan Rows": 1,
                                            "Plan Width": 0,
                                            "Actual Startup Time": 0.002,
                                            "Actual Total Time": 0.002,
                                            "Actual Rows": 0,
                                            "Actual Loops": 531694,
                                            "Index Cond": "(chn.id = ci.person_role_id)"
                                        }
                                    ]
                                }
                            ]
                        },
                        {
                            "Node Type": "Bitmap Heap Scan",
                            "Parent Relationship": "Inner",
                            "Parallel Aware": false,
                            "Relation Name": "name",
                            "Schema": "public",
                            "Alias": "n",
                            "Startup Cost": 0.44,
                            "Total Cost": 4.45,
                            "Plan Rows": 1,
                            "Plan Width": 4,
                            "Actual Startup Time": 0.009,
                            "Actual Total Time": 0.009,
                            "Actual Rows": 1,
                            "Actual Loops": 15900,
                            "Output": [
                                "n.id",
                                "n.name",
                                "n.imdb_index",
                                "n.imdb_id",
                                "n.gender",
                                "n.name_pcode_cf",
                                "n.name_pcode_nf",
                                "n.surname_pcode",
                                "n.md5sum"
                            ],
                            "Recheck Cond": "(n.id = ci.person_id)",
                            "Rows Removed by Index Recheck": 0,
                            "Exact Heap Blocks": 15900,
                            "Lossy Heap Blocks": 0,
                            "Plans": [
                                {
                                    "Node Type": "Bitmap Index Scan",
                                    "Parent Relationship": "Outer",
                                    "Parallel Aware": false,
                                    "Index Name": "name_pkey",
                                    "Startup Cost": 0.0,
                                    "Total Cost": 0.44,
                                    "Plan Rows": 1,
                                    "Plan Width": 0,
                                    "Actual Startup Time": 0.006,
                                    "Actual Total Time": 0.006,
                                    "Actual Rows": 1,
                                    "Actual Loops": 15900,
                                    "Index Cond": "(n.id = ci.person_id)"
                                }
                            ]
                        }
                    ]
                }
            ]
        },
        "Planning Time": 2594.555,
        "Triggers": [],
        "Execution Time": 5226.826
    }
]