[
  {
    "Plan": {
      "Node Type": "Aggregate",
      "Strategy": "Plain",
      "Partial Mode": "Finalize",
      "Parallel Aware": false,
      "Startup Cost": 441220.15,
      "Total Cost": 441220.16,
      "Plan Rows": 1,
      "Plan Width": 8,
      "Actual Startup Time": 2726.012,
      "Actual Total Time": 2794.125,
      "Actual Rows": 1,
      "Actual Loops": 1,
      "Plans": [
        {
          "Node Type": "Gather",
          "Parent Relationship": "Outer",
          "Parallel Aware": false,
          "Startup Cost": 441219.53,
          "Total Cost": 441220.14,
          "Plan Rows": 6,
          "Plan Width": 8,
          "Actual Startup Time": 2702.514,
          "Actual Total Time": 2794.111,
          "Actual Rows": 7,
          "Actual Loops": 1,
          "Workers Planned": 6,
          "Workers Launched": 6,
          "Single Copy": false,
          "Plans": [
            {
              "Node Type": "Aggregate",
              "Strategy": "Plain",
              "Partial Mode": "Partial",
              "Parent Relationship": "Outer",
              "Parallel Aware": false,
              "Startup Cost": 440219.53,
              "Total Cost": 440219.54,
              "Plan Rows": 1,
              "Plan Width": 8,
              "Actual Startup Time": 2690.336,
              "Actual Total Time": 2690.442,
              "Actual Rows": 1,
              "Actual Loops": 7,
              "Plans": [
                {
                  "Node Type": "Hash Join",
                  "Parent Relationship": "Outer",
                  "Parallel Aware": true,
                  "Join Type": "Inner",
                  "Startup Cost": 95153.82,
                  "Total Cost": 436158.14,
                  "Plan Rows": 1624554,
                  "Plan Width": 0,
                  "Actual Startup Time": 491.068,
                  "Actual Total Time": 2461.601,
                  "Actual Rows": 4626246,
                  "Actual Loops": 7,
                  "Inner Unique": false,
                  "Hash Cond": "(ci.movie_id = t.id)",
                  "Plans": [
                    {
                      "Node Type": "Seq Scan",
                      "Parent Relationship": "Outer",
                      "Parallel Aware": true,
                      "Relation Name": "cast_info",
                      "Alias": "ci",
                      "Startup Cost": 0.0,
                      "Total Cost": 313106.51,
                      "Plan Rows": 6041951,
                      "Plan Width": 4,
                      "Actual Startup Time": 0.038,
                      "Actual Total Time": 620.414,
                      "Actual Rows": 5177763,
                      "Actual Loops": 7
                    },
                    {
                      "Node Type": "Hash",
                      "Parent Relationship": "Inner",
                      "Parallel Aware": true,
                      "Startup Cost": 92412.54,
                      "Total Cost": 92412.54,
                      "Plan Rows": 219303,
                      "Plan Width": 8,
                      "Actual Startup Time": 487.72,
                      "Actual Total Time": 487.824,
                      "Actual Rows": 96810,
                      "Actual Loops": 7,
                      "Hash Buckets": 1048576,
                      "Original Hash Buckets": 1048576,
                      "Hash Batches": 1,
                      "Original Hash Batches": 1,
                      "Peak Memory Usage": 34848,
                      "Plans": [
                        {
                          "Node Type": "Hash Join",
                          "Parent Relationship": "Outer",
                          "Parallel Aware": true,
                          "Join Type": "Inner",
                          "Startup Cost": 64641.57,
                          "Total Cost": 92412.54,
                          "Plan Rows": 219303,
                          "Plan Width": 8,
                          "Actual Startup Time": 338.428,
                          "Actual Total Time": 435.791,
                          "Actual Rows": 96810,
                          "Actual Loops": 7,
                          "Inner Unique": true,
                          "Hash Cond": "(mk.movie_id = t.id)",
                          "Plans": [
                            {
                              "Node Type": "Bitmap Heap Scan",
                              "Parent Relationship": "Outer",
                              "Parallel Aware": true,
                              "Relation Name": "movie_keyword",
                              "Alias": "mk",
                              "Startup Cost": 14421.19,
                              "Total Cost": 41616.48,
                              "Plan Rows": 219303,
                              "Plan Width": 4,
                              "Actual Startup Time": 44.688,
                              "Actual Total Time": 100.289,
                              "Actual Rows": 96810,
                              "Actual Loops": 7,
                              "Recheck Cond": "(keyword_id > 27630)",
                              "Rows Removed by Index Recheck": 0,
                              "Exact Heap Blocks": 4696,
                              "Lossy Heap Blocks": 0,
                              "Plans": [
                                {
                                  "Node Type": "Bitmap Index Scan",
                                  "Parent Relationship": "Outer",
                                  "Parallel Aware": false,
                                  "Index Name": "keyword_id_movie_keyword",
                                  "Startup Cost": 0.0,
                                  "Total Cost": 14251.23,
                                  "Plan Rows": 679840,
                                  "Plan Width": 0,
                                  "Actual Startup Time": 41.12,
                                  "Actual Total Time": 41.12,
                                  "Actual Rows": 677668,
                                  "Actual Loops": 1,
                                  "Index Cond": "(keyword_id > 27630)"
                                }
                              ]
                            },
                            {
                              "Node Type": "Hash",
                              "Parent Relationship": "Inner",
                              "Parallel Aware": true,
                              "Startup Cost": 42319.06,
                              "Total Cost": 42319.06,
                              "Plan Rows": 632106,
                              "Plan Width": 4,
                              "Actual Startup Time": 289.202,
                              "Actual Total Time": 289.203,
                              "Actual Rows": 361187,
                              "Actual Loops": 7,
                              "Hash Buckets": 4194304,
                              "Original Hash Buckets": 4194304,
                              "Hash Batches": 1,
                              "Original Hash Batches": 1,
                              "Peak Memory Usage": 131808,
                              "Plans": [
                                {
                                  "Node Type": "Seq Scan",
                                  "Parent Relationship": "Outer",
                                  "Parallel Aware": true,
                                  "Relation Name": "title",
                                  "Alias": "t",
                                  "Startup Cost": 0.0,
                                  "Total Cost": 42319.06,
                                  "Plan Rows": 632106,
                                  "Plan Width": 4,
                                  "Actual Startup Time": 0.059,
                                  "Actual Total Time": 84.988,
                                  "Actual Rows": 361187,
                                  "Actual Loops": 7
                                }
                              ]
                            }
                          ]
                        }
                      ]
                    }
                  ]
                }
              ]
            }
          ]
        }
      ]
    },
    "Planning Time": 1.278,
    "Triggers": [],
    "Execution Time": 2794.242
  }
]