{
  "Plan": {
    "Node Type": "Aggregate",
    "Strategy": "Plain",
    "Partial Mode": "Finalize",
    "Parallel Aware": false,
    "Startup Cost": 66440.78,
    "Total Cost": 66440.79,
    "Plan Rows": 1,
    "Plan Width": 8,
    "Actual Startup Time": 123.036,
    "Actual Total Time": 140.46,
    "Actual Rows": 1,
    "Actual Loops": 1,
    "Plans": [
      {
        "Node Type": "Gather",
        "Parent Relationship": "Outer",
        "Parallel Aware": false,
        "Startup Cost": 66440.66,
        "Total Cost": 66440.77,
        "Plan Rows": 1,
        "Plan Width": 8,
        "Actual Startup Time": 122.732,
        "Actual Total Time": 140.451,
        "Actual Rows": 2,
        "Actual Loops": 1,
        "Workers Planned": 1,
        "Workers Launched": 1,
        "Single Copy": false,
        "Plans": [
          {
            "Node Type": "Aggregate",
            "Strategy": "Plain",
            "Partial Mode": "Partial",
            "Parent Relationship": "Outer",
            "Parallel Aware": false,
            "Startup Cost": 65440.66,
            "Total Cost": 65440.67,
            "Plan Rows": 1,
            "Plan Width": 8,
            "Actual Startup Time": 118.738,
            "Actual Total Time": 118.74,
            "Actual Rows": 1,
            "Actual Loops": 2,
            "Plans": [
              {
                "Node Type": "Nested Loop",
                "Parent Relationship": "Outer",
                "Parallel Aware": false,
                "Join Type": "Inner",
                "Startup Cost": 243.57,
                "Total Cost": 65403.13,
                "Plan Rows": 15014,
                "Plan Width": 0,
                "Actual Startup Time": 3.471,
                "Actual Total Time": 114.567,
                "Actual Rows": 69223,
                "Actual Loops": 2,
                "Inner Unique": false,
                "Plans": [
                  {
                    "Node Type": "Nested Loop",
                    "Parent Relationship": "Outer",
                    "Parallel Aware": false,
                    "Join Type": "Inner",
                    "Startup Cost": 243.13,
                    "Total Cost": 59080.11,
                    "Plan Rows": 2568,
                    "Plan Width": 8,
                    "Actual Startup Time": 3.363,
                    "Actual Total Time": 36.199,
                    "Actual Rows": 5908,
                    "Actual Loops": 2,
                    "Inner Unique": true,
                    "Plans": [
                      {
                        "Node Type": "Bitmap Heap Scan",
                        "Parent Relationship": "Outer",
                        "Parallel Aware": true,
                        "Relation Name": "movie_companies",
                        "Alias": "mc",
                        "Startup Cost": 242.7,
                        "Total Cost": 17259.61,
                        "Plan Rows": 6548,
                        "Plan Width": 4,
                        "Actual Startup Time": 3.257,
                        "Actual Total Time": 10.147,
                        "Actual Rows": 5908,
                        "Actual Loops": 2,
                        "Recheck Cond": "(company_id = 11203)",
                        "Rows Removed by Index Recheck": 0,
                        "Exact Heap Blocks": 2366,
                        "Lossy Heap Blocks": 0,
                        "Plans": [
                          {
                            "Node Type": "Bitmap Index Scan",
                            "Parent Relationship": "Outer",
                            "Parallel Aware": false,
                            "Index Name": "company_id_movie_companies",
                            "Startup Cost": 0.0,
                            "Total Cost": 239.92,
                            "Plan Rows": 11132,
                            "Plan Width": 0,
                            "Actual Startup Time": 4.732,
                            "Actual Total Time": 4.732,
                            "Actual Rows": 11817,
                            "Actual Loops": 1,
                            "Index Cond": "(company_id = 11203)"
                          }
                        ]
                      },
                      {
                        "Node Type": "Index Scan",
                        "Parent Relationship": "Inner",
                        "Parallel Aware": false,
                        "Scan Direction": "Forward",
                        "Index Name": "title_pkey",
                        "Relation Name": "title",
                        "Alias": "t",
                        "Startup Cost": 0.43,
                        "Total Cost": 6.39,
                        "Plan Rows": 1,
                        "Plan Width": 4,
                        "Actual Startup Time": 0.004,
                        "Actual Total Time": 0.004,
                        "Actual Rows": 1,
                        "Actual Loops": 11817,
                        "Index Cond": "(id = mc.movie_id)",
                        "Rows Removed by Index Recheck": 0,
                        "Filter": "(kind_id < 7)",
                        "Rows Removed by Filter": 0
                      }
                    ]
                  },
                  {
                    "Node Type": "Index Only Scan",
                    "Parent Relationship": "Inner",
                    "Parallel Aware": false,
                    "Scan Direction": "Forward",
                    "Index Name": "movie_id_movie_info",
                    "Relation Name": "movie_info",
                    "Alias": "mi",
                    "Startup Cost": 0.43,
                    "Total Cost": 2.04,
                    "Plan Rows": 42,
                    "Plan Width": 4,
                    "Actual Startup Time": 0.004,
                    "Actual Total Time": 0.012,
                    "Actual Rows": 12,
                    "Actual Loops": 11817,
                    "Index Cond": "(movie_id = t.id)",
                    "Rows Removed by Index Recheck": 0,
                    "Heap Fetches": 138446
                  }
                ]
              }
            ]
          }
        ]
      }
    ]
  },
  "Planning Time": 1.042,
  "Triggers": [],
  "Execution Time": 140.559
}