[
    {
        "Bao": {
            "Bao prediction": 995.0,
            "Bao recommended hint": "SET enable_mergejoin TO off; "
        }
    },
    {
        "Plan": {
            "Node Type": "Aggregate",
            "Strategy": "Plain",
            "Partial Mode": "Finalize",
            "Parallel Aware": false,
            "Startup Cost": 492387.75,
            "Total Cost": 492387.76,
            "Plan Rows": 1,
            "Plan Width": 8,
            "Actual Startup Time": 3893.648,
            "Actual Total Time": 3956.661,
            "Actual Rows": 1,
            "Actual Loops": 1,
            "Output": [
                "count(*)"
            ],
            "Plans": [
                {
                    "Node Type": "Gather",
                    "Parent Relationship": "Outer",
                    "Parallel Aware": false,
                    "Startup Cost": 492387.23,
                    "Total Cost": 492387.74,
                    "Plan Rows": 5,
                    "Plan Width": 8,
                    "Actual Startup Time": 3892.496,
                    "Actual Total Time": 3956.651,
                    "Actual Rows": 6,
                    "Actual Loops": 1,
                    "Output": [
                        "(PARTIAL count(*))"
                    ],
                    "Workers Planned": 5,
                    "Workers Launched": 5,
                    "Single Copy": false,
                    "Plans": [
                        {
                            "Node Type": "Aggregate",
                            "Strategy": "Plain",
                            "Partial Mode": "Partial",
                            "Parent Relationship": "Outer",
                            "Parallel Aware": false,
                            "Startup Cost": 491387.23,
                            "Total Cost": 491387.24,
                            "Plan Rows": 1,
                            "Plan Width": 8,
                            "Actual Startup Time": 3881.67,
                            "Actual Total Time": 3881.673,
                            "Actual Rows": 1,
                            "Actual Loops": 6,
                            "Output": [
                                "PARTIAL count(*)"
                            ],
                            "Workers": [
                                {
                                    "Worker Number": 0,
                                    "Actual Startup Time": 3880.316,
                                    "Actual Total Time": 3880.318,
                                    "Actual Rows": 1,
                                    "Actual Loops": 1
                                },
                                {
                                    "Worker Number": 1,
                                    "Actual Startup Time": 3877.75,
                                    "Actual Total Time": 3877.753,
                                    "Actual Rows": 1,
                                    "Actual Loops": 1
                                },
                                {
                                    "Worker Number": 2,
                                    "Actual Startup Time": 3880.818,
                                    "Actual Total Time": 3880.82,
                                    "Actual Rows": 1,
                                    "Actual Loops": 1
                                },
                                {
                                    "Worker Number": 3,
                                    "Actual Startup Time": 3881.568,
                                    "Actual Total Time": 3881.571,
                                    "Actual Rows": 1,
                                    "Actual Loops": 1
                                },
                                {
                                    "Worker Number": 4,
                                    "Actual Startup Time": 3877.985,
                                    "Actual Total Time": 3877.988,
                                    "Actual Rows": 1,
                                    "Actual Loops": 1
                                }
                            ],
                            "Plans": [
                                {
                                    "Node Type": "Nested Loop",
                                    "Parent Relationship": "Outer",
                                    "Parallel Aware": false,
                                    "Join Type": "Inner",
                                    "Startup Cost": 44278.3,
                                    "Total Cost": 489126.1,
                                    "Plan Rows": 904449,
                                    "Plan Width": 0,
                                    "Actual Startup Time": 94.038,
                                    "Actual Total Time": 3768.293,
                                    "Actual Rows": 2312414,
                                    "Actual Loops": 6,
                                    "Inner Unique": false,
                                    "Join Filter": "(t.id = ci.movie_id)",
                                    "Rows Removed by Join Filter": 0,
                                    "Workers": [
                                        {
                                            "Worker Number": 0,
                                            "Actual Startup Time": 92.846,
                                            "Actual Total Time": 3771.88,
                                            "Actual Rows": 2183575,
                                            "Actual Loops": 1
                                        },
                                        {
                                            "Worker Number": 1,
                                            "Actual Startup Time": 90.212,
                                            "Actual Total Time": 3750.3,
                                            "Actual Rows": 1909346,
                                            "Actual Loops": 1
                                        },
                                        {
                                            "Worker Number": 2,
                                            "Actual Startup Time": 93.163,
                                            "Actual Total Time": 3771.46,
                                            "Actual Rows": 2162508,
                                            "Actual Loops": 1
                                        },
                                        {
                                            "Worker Number": 3,
                                            "Actual Startup Time": 93.573,
                                            "Actual Total Time": 3769.971,
                                            "Actual Rows": 2523897,
                                            "Actual Loops": 1
                                        },
                                        {
                                            "Worker Number": 4,
                                            "Actual Startup Time": 90.466,
                                            "Actual Total Time": 3766.971,
                                            "Actual Rows": 2506109,
                                            "Actual Loops": 1
                                        }
                                    ],
                                    "Plans": [
                                        {
                                            "Node Type": "Hash Join",
                                            "Parent Relationship": "Outer",
                                            "Parallel Aware": true,
                                            "Join Type": "Inner",
                                            "Startup Cost": 44277.73,
                                            "Total Cost": 243527.36,
                                            "Plan Rows": 141452,
                                            "Plan Width": 8,
                                            "Actual Startup Time": 93.879,
                                            "Actual Total Time": 711.201,
                                            "Actual Rows": 105522,
                                            "Actual Loops": 6,
                                            "Output": [
                                                "t.id",
                                                "mi.movie_id"
                                            ],
                                            "Inner Unique": true,
                                            "Hash Cond": "(mi.movie_id = t.id)",
                                            "Workers": [
                                                {
                                                    "Worker Number": 0,
                                                    "Actual Startup Time": 92.456,
                                                    "Actual Total Time": 699.264,
                                                    "Actual Rows": 96913,
                                                    "Actual Loops": 1
                                                },
                                                {
                                                    "Worker Number": 1,
                                                    "Actual Startup Time": 90.108,
                                                    "Actual Total Time": 731.752,
                                                    "Actual Rows": 89554,
                                                    "Actual Loops": 1
                                                },
                                                {
                                                    "Worker Number": 2,
                                                    "Actual Startup Time": 93.066,
                                                    "Actual Total Time": 699.487,
                                                    "Actual Rows": 94045,
                                                    "Actual Loops": 1
                                                },
                                                {
                                                    "Worker Number": 3,
                                                    "Actual Startup Time": 93.338,
                                                    "Actual Total Time": 718.143,
                                                    "Actual Rows": 116418,
                                                    "Actual Loops": 1
                                                },
                                                {
                                                    "Worker Number": 4,
                                                    "Actual Startup Time": 90.359,
                                                    "Actual Total Time": 714.552,
                                                    "Actual Rows": 115295,
                                                    "Actual Loops": 1
                                                }
                                            ],
                                            "Plans": [
                                                {
                                                    "Node Type": "Seq Scan",
                                                    "Parent Relationship": "Outer",
                                                    "Parallel Aware": true,
                                                    "Relation Name": "movie_info",
                                                    "Schema": "public",
                                                    "Alias": "mi",
                                                    "Startup Cost": 0.0,
                                                    "Total Cost": 191503.19,
                                                    "Plan Rows": 2951019,
                                                    "Plan Width": 4,
                                                    "Actual Startup Time": 0.023,
                                                    "Actual Total Time": 243.266,
                                                    "Actual Rows": 2472620,
                                                    "Actual Loops": 6,
                                                    "Output": [
                                                        "mi.id",
                                                        "mi.movie_id",
                                                        "mi.info_type_id",
                                                        "mi.info",
                                                        "mi.note"
                                                    ],
                                                    "Workers": [
                                                        {
                                                            "Worker Number": 0,
                                                            "Actual Startup Time": 0.032,
                                                            "Actual Total Time": 251.727,
                                                            "Actual Rows": 2253226,
                                                            "Actual Loops": 1
                                                        },
                                                        {
                                                            "Worker Number": 1,
                                                            "Actual Startup Time": 0.026,
                                                            "Actual Total Time": 256.364,
                                                            "Actual Rows": 2071822,
                                                            "Actual Loops": 1
                                                        },
                                                        {
                                                            "Worker Number": 2,
                                                            "Actual Startup Time": 0.03,
                                                            "Actual Total Time": 251.404,
                                                            "Actual Rows": 2205049,
                                                            "Actual Loops": 1
                                                        },
                                                        {
                                                            "Worker Number": 3,
                                                            "Actual Startup Time": 0.018,
                                                            "Actual Total Time": 242.842,
                                                            "Actual Rows": 2724822,
                                                            "Actual Loops": 1
                                                        },
                                                        {
                                                            "Worker Number": 4,
                                                            "Actual Startup Time": 0.024,
                                                            "Actual Total Time": 241.69,
                                                            "Actual Rows": 2682416,
                                                            "Actual Loops": 1
                                                        }
                                                    ]
                                                },
                                                {
                                                    "Node Type": "Hash",
                                                    "Parent Relationship": "Inner",
                                                    "Parallel Aware": true,
                                                    "Startup Cost": 43899.01,
                                                    "Total Cost": 43899.01,
                                                    "Plan Rows": 30298,
                                                    "Plan Width": 4,
                                                    "Actual Startup Time": 91.762,
                                                    "Actual Total Time": 91.762,
                                                    "Actual Rows": 20477,
                                                    "Actual Loops": 6,
                                                    "Output": [
                                                        "t.id"
                                                    ],
                                                    "Hash Buckets": 131072,
                                                    "Original Hash Buckets": 131072,
                                                    "Hash Batches": 1,
                                                    "Original Hash Batches": 1,
                                                    "Peak Memory Usage": 5920,
                                                    "Workers": [
                                                        {
                                                            "Worker Number": 0,
                                                            "Actual Startup Time": 91.416,
                                                            "Actual Total Time": 91.417,
                                                            "Actual Rows": 16437,
                                                            "Actual Loops": 1
                                                        },
                                                        {
                                                            "Worker Number": 1,
                                                            "Actual Startup Time": 88.768,
                                                            "Actual Total Time": 88.769,
                                                            "Actual Rows": 13721,
                                                            "Actual Loops": 1
                                                        },
                                                        {
                                                            "Worker Number": 2,
                                                            "Actual Startup Time": 91.793,
                                                            "Actual Total Time": 91.794,
                                                            "Actual Rows": 16778,
                                                            "Actual Loops": 1
                                                        },
                                                        {
                                                            "Worker Number": 3,
                                                            "Actual Startup Time": 92.283,
                                                            "Actual Total Time": 92.284,
                                                            "Actual Rows": 24027,
                                                            "Actual Loops": 1
                                                        },
                                                        {
                                                            "Worker Number": 4,
                                                            "Actual Startup Time": 88.971,
                                                            "Actual Total Time": 88.971,
                                                            "Actual Rows": 13467,
                                                            "Actual Loops": 1
                                                        }
                                                    ],
                                                    "Plans": [
                                                        {
                                                            "Node Type": "Seq Scan",
                                                            "Parent Relationship": "Outer",
                                                            "Parallel Aware": true,
                                                            "Relation Name": "title",
                                                            "Schema": "public",
                                                            "Alias": "t",
                                                            "Startup Cost": 0.0,
                                                            "Total Cost": 43899.01,
                                                            "Plan Rows": 30298,
                                                            "Plan Width": 4,
                                                            "Actual Startup Time": 0.045,
                                                            "Actual Total Time": 82.342,
                                                            "Actual Rows": 20477,
                                                            "Actual Loops": 6,
                                                            "Output": [
                                                                "t.id"
                                                            ],
                                                            "Filter": "(t.production_year = 2008)",
                                                            "Rows Removed by Filter": 400908,
                                                            "Workers": [
                                                                {
                                                                    "Worker Number": 0,
                                                                    "Actual Startup Time": 0.056,
                                                                    "Actual Total Time": 82.762,
                                                                    "Actual Rows": 16437,
                                                                    "Actual Loops": 1
                                                                },
                                                                {
                                                                    "Worker Number": 1,
                                                                    "Actual Startup Time": 0.064,
                                                                    "Actual Total Time": 81.189,
                                                                    "Actual Rows": 13721,
                                                                    "Actual Loops": 1
                                                                },
                                                                {
                                                                    "Worker Number": 2,
                                                                    "Actual Startup Time": 0.039,
                                                                    "Actual Total Time": 82.195,
                                                                    "Actual Rows": 16778,
                                                                    "Actual Loops": 1
                                                                },
                                                                {
                                                                    "Worker Number": 3,
                                                                    "Actual Startup Time": 0.043,
                                                                    "Actual Total Time": 82.117,
                                                                    "Actual Rows": 24027,
                                                                    "Actual Loops": 1
                                                                },
                                                                {
                                                                    "Worker Number": 4,
                                                                    "Actual Startup Time": 0.048,
                                                                    "Actual Total Time": 80.989,
                                                                    "Actual Rows": 13467,
                                                                    "Actual Loops": 1
                                                                }
                                                            ]
                                                        }
                                                    ]
                                                }
                                            ]
                                        },
                                        {
                                            "Node Type": "Index Scan",
                                            "Parent Relationship": "Inner",
                                            "Parallel Aware": false,
                                            "Scan Direction": "Forward",
                                            "Index Name": "movie_id_cast_info",
                                            "Relation Name": "cast_info",
                                            "Schema": "public",
                                            "Alias": "ci",
                                            "Startup Cost": 0.56,
                                            "Total Cost": 1.52,
                                            "Plan Rows": 17,
                                            "Plan Width": 4,
                                            "Actual Startup Time": 0.012,
                                            "Actual Total Time": 0.027,
                                            "Actual Rows": 22,
                                            "Actual Loops": 633134,
                                            "Output": [
                                                "ci.id",
                                                "ci.person_id",
                                                "ci.movie_id",
                                                "ci.person_role_id",
                                                "ci.note",
                                                "ci.nr_order",
                                                "ci.role_id"
                                            ],
                                            "Index Cond": "(ci.movie_id = mi.movie_id)",
                                            "Rows Removed by Index Recheck": 0,
                                            "Filter": "((ci.person_id > 1113932) AND (ci.role_id > 1))",
                                            "Rows Removed by Filter": 14,
                                            "Workers": [
                                                {
                                                    "Worker Number": 0,
                                                    "Actual Startup Time": 0.013,
                                                    "Actual Total Time": 0.029,
                                                    "Actual Rows": 23,
                                                    "Actual Loops": 96913
                                                },
                                                {
                                                    "Worker Number": 1,
                                                    "Actual Startup Time": 0.014,
                                                    "Actual Total Time": 0.031,
                                                    "Actual Rows": 21,
                                                    "Actual Loops": 89554
                                                },
                                                {
                                                    "Worker Number": 2,
                                                    "Actual Startup Time": 0.013,
                                                    "Actual Total Time": 0.03,
                                                    "Actual Rows": 23,
                                                    "Actual Loops": 94045
                                                },
                                                {
                                                    "Worker Number": 3,
                                                    "Actual Startup Time": 0.011,
                                                    "Actual Total Time": 0.024,
                                                    "Actual Rows": 22,
                                                    "Actual Loops": 116418
                                                },
                                                {
                                                    "Worker Number": 4,
                                                    "Actual Startup Time": 0.011,
                                                    "Actual Total Time": 0.024,
                                                    "Actual Rows": 22,
                                                    "Actual Loops": 115295
                                                }
                                            ]
                                        }
                                    ]
                                }
                            ]
                        }
                    ]
                }
            ]
        },
        "Planning Time": 337.374,
        "Triggers": [],
        "Execution Time": 3956.831
    }
]