[
  {
    "Plan": {
      "Node Type": "Aggregate",
      "Strategy": "Plain",
      "Partial Mode": "Finalize",
      "Parallel Aware": false,
      "Startup Cost": 83739.9,
      "Total Cost": 83739.91,
      "Plan Rows": 1,
      "Plan Width": 8,
      "Actual Startup Time": 358.605,
      "Actual Total Time": 377.122,
      "Actual Rows": 1,
      "Actual Loops": 1,
      "Plans": [
        {
          "Node Type": "Gather",
          "Parent Relationship": "Outer",
          "Parallel Aware": false,
          "Startup Cost": 83739.59,
          "Total Cost": 83739.9,
          "Plan Rows": 3,
          "Plan Width": 8,
          "Actual Startup Time": 352.157,
          "Actual Total Time": 377.111,
          "Actual Rows": 4,
          "Actual Loops": 1,
          "Workers Planned": 3,
          "Workers Launched": 3,
          "Single Copy": false,
          "Plans": [
            {
              "Node Type": "Aggregate",
              "Strategy": "Plain",
              "Partial Mode": "Partial",
              "Parent Relationship": "Outer",
              "Parallel Aware": false,
              "Startup Cost": 82739.59,
              "Total Cost": 82739.6,
              "Plan Rows": 1,
              "Plan Width": 8,
              "Actual Startup Time": 342.69,
              "Actual Total Time": 342.695,
              "Actual Rows": 1,
              "Actual Loops": 4,
              "Plans": [
                {
                  "Node Type": "Hash Join",
                  "Parent Relationship": "Outer",
                  "Parallel Aware": true,
                  "Join Type": "Inner",
                  "Startup Cost": 56252.06,
                  "Total Cost": 82644.5,
                  "Plan Rows": 38036,
                  "Plan Width": 0,
                  "Actual Startup Time": 245.571,
                  "Actual Total Time": 337.956,
                  "Actual Rows": 78686,
                  "Actual Loops": 4,
                  "Inner Unique": true,
                  "Hash Cond": "(mk.movie_id = t.id)",
                  "Plans": [
                    {
                      "Node Type": "Bitmap Heap Scan",
                      "Parent Relationship": "Outer",
                      "Parallel Aware": true,
                      "Relation Name": "movie_keyword",
                      "Alias": "mk",
                      "Startup Cost": 8427.5,
                      "Total Cost": 34483.51,
                      "Plan Rows": 128161,
                      "Plan Width": 4,
                      "Actual Startup Time": 27.365,
                      "Actual Total Time": 86.105,
                      "Actual Rows": 99410,
                      "Actual Loops": 4,
                      "Recheck Cond": "(keyword_id > 43541)",
                      "Rows Removed by Index Recheck": 0,
                      "Exact Heap Blocks": 9224,
                      "Lossy Heap Blocks": 0,
                      "Plans": [
                        {
                          "Node Type": "Bitmap Index Scan",
                          "Parent Relationship": "Outer",
                          "Parallel Aware": false,
                          "Index Name": "keyword_id_movie_keyword",
                          "Startup Cost": 0.0,
                          "Total Cost": 8328.18,
                          "Plan Rows": 397299,
                          "Plan Width": 0,
                          "Actual Startup Time": 23.87,
                          "Actual Total Time": 23.871,
                          "Actual Rows": 397641,
                          "Actual Loops": 1,
                          "Index Cond": "(keyword_id > 43541)"
                        }
                      ]
                    },
                    {
                      "Node Type": "Hash",
                      "Parent Relationship": "Inner",
                      "Parallel Aware": true,
                      "Startup Cost": 45479.59,
                      "Total Cost": 45479.59,
                      "Plan Rows": 187598,
                      "Plan Width": 4,
                      "Actual Startup Time": 212.704,
                      "Actual Total Time": 212.705,
                      "Actual Rows": 198486,
                      "Actual Loops": 4,
                      "Hash Buckets": 1048576,
                      "Original Hash Buckets": 1048576,
                      "Hash Batches": 1,
                      "Original Hash Batches": 1,
                      "Peak Memory Usage": 39328,
                      "Plans": [
                        {
                          "Node Type": "Seq Scan",
                          "Parent Relationship": "Outer",
                          "Parallel Aware": true,
                          "Relation Name": "title",
                          "Alias": "t",
                          "Startup Cost": 0.0,
                          "Total Cost": 45479.59,
                          "Plan Rows": 187598,
                          "Plan Width": 4,
                          "Actual Startup Time": 0.059,
                          "Actual Total Time": 126.907,
                          "Actual Rows": 198486,
                          "Actual Loops": 4,
                          "Filter": "((kind_id < 7) AND (production_year < 2010))",
                          "Rows Removed by Filter": 433592
                        }
                      ]
                    }
                  ]
                }
              ]
            }
          ]
        }
      ]
    },
    "Planning Time": 0.665,
    "Triggers": [],
    "Execution Time": 377.218
  }
]