{
  "Plan": {
    "Node Type": "Aggregate",
    "Strategy": "Plain",
    "Partial Mode": "Finalize",
    "Parallel Aware": false,
    "Startup Cost": 687320.67,
    "Total Cost": 687320.68,
    "Plan Rows": 1,
    "Plan Width": 8,
    "Actual Startup Time": 4111.87,
    "Actual Total Time": 4184.056,
    "Actual Rows": 1,
    "Actual Loops": 1,
    "Plans": [
      {
        "Node Type": "Gather",
        "Parent Relationship": "Outer",
        "Parallel Aware": false,
        "Startup Cost": 687320.56,
        "Total Cost": 687320.67,
        "Plan Rows": 1,
        "Plan Width": 8,
        "Actual Startup Time": 4109.544,
        "Actual Total Time": 4184.046,
        "Actual Rows": 2,
        "Actual Loops": 1,
        "Workers Planned": 1,
        "Workers Launched": 1,
        "Single Copy": false,
        "Plans": [
          {
            "Node Type": "Aggregate",
            "Strategy": "Plain",
            "Partial Mode": "Partial",
            "Parent Relationship": "Outer",
            "Parallel Aware": false,
            "Startup Cost": 686320.56,
            "Total Cost": 686320.57,
            "Plan Rows": 1,
            "Plan Width": 8,
            "Actual Startup Time": 4101.835,
            "Actual Total Time": 4102.011,
            "Actual Rows": 1,
            "Actual Loops": 2,
            "Plans": [
              {
                "Node Type": "Hash Join",
                "Parent Relationship": "Outer",
                "Parallel Aware": true,
                "Join Type": "Inner",
                "Startup Cost": 588420.63,
                "Total Cost": 682273.25,
                "Plan Rows": 1618924,
                "Plan Width": 0,
                "Actual Startup Time": 3760.346,
                "Actual Total Time": 4077.037,
                "Actual Rows": 616604,
                "Actual Loops": 2,
                "Inner Unique": false,
                "Hash Cond": "(mk.movie_id = t.id)",
                "Plans": [
                  {
                    "Node Type": "Seq Scan",
                    "Parent Relationship": "Outer",
                    "Parallel Aware": true,
                    "Relation Name": "movie_keyword",
                    "Alias": "mk",
                    "Startup Cost": 0.0,
                    "Total Cost": 51065.35,
                    "Plan Rows": 2661135,
                    "Plan Width": 4,
                    "Actual Startup Time": 0.011,
                    "Actual Total Time": 152.17,
                    "Actual Rows": 2261965,
                    "Actual Loops": 2
                  },
                  {
                    "Node Type": "Hash",
                    "Parent Relationship": "Inner",
                    "Parallel Aware": true,
                    "Startup Cost": 577111.02,
                    "Total Cost": 577111.02,
                    "Plan Rows": 904769,
                    "Plan Width": 8,
                    "Actual Startup Time": 3680.522,
                    "Actual Total Time": 3680.696,
                    "Actual Rows": 266566,
                    "Actual Loops": 2,
                    "Hash Buckets": 2097152,
                    "Original Hash Buckets": 2097152,
                    "Hash Batches": 1,
                    "Original Hash Batches": 1,
                    "Peak Memory Usage": 37280,
                    "Plans": [
                      {
                        "Node Type": "Hash Join",
                        "Parent Relationship": "Outer",
                        "Parallel Aware": true,
                        "Join Type": "Inner",
                        "Startup Cost": 55377.66,
                        "Total Cost": 577111.02,
                        "Plan Rows": 904769,
                        "Plan Width": 8,
                        "Actual Startup Time": 142.144,
                        "Actual Total Time": 3584.439,
                        "Actual Rows": 266566,
                        "Actual Loops": 2,
                        "Inner Unique": true,
                        "Hash Cond": "(ci.movie_id = t.id)",
                        "Plans": [
                          {
                            "Node Type": "Seq Scan",
                            "Parent Relationship": "Outer",
                            "Parallel Aware": true,
                            "Relation Name": "cast_info",
                            "Alias": "ci",
                            "Startup Cost": 0.0,
                            "Total Cost": 465792.95,
                            "Plan Rows": 21310595,
                            "Plan Width": 4,
                            "Actual Startup Time": 0.012,
                            "Actual Total Time": 1305.057,
                            "Actual Rows": 18122172,
                            "Actual Loops": 2
                          },
                          {
                            "Node Type": "Hash",
                            "Parent Relationship": "Inner",
                            "Parallel Aware": true,
                            "Startup Cost": 54588.39,
                            "Total Cost": 54588.39,
                            "Plan Rows": 63142,
                            "Plan Width": 4,
                            "Actual Startup Time": 141.185,
                            "Actual Total Time": 141.186,
                            "Actual Rows": 54871,
                            "Actual Loops": 2,
                            "Hash Buckets": 131072,
                            "Original Hash Buckets": 131072,
                            "Hash Batches": 1,
                            "Original Hash Batches": 1,
                            "Peak Memory Usage": 5344,
                            "Plans": [
                              {
                                "Node Type": "Seq Scan",
                                "Parent Relationship": "Outer",
                                "Parallel Aware": true,
                                "Relation Name": "title",
                                "Alias": "t",
                                "Startup Cost": 0.0,
                                "Total Cost": 54588.39,
                                "Plan Rows": 63142,
                                "Plan Width": 4,
                                "Actual Startup Time": 50.545,
                                "Actual Total Time": 129.139,
                                "Actual Rows": 54871,
                                "Actual Loops": 2,
                                "Filter": "(production_year < 1928)",
                                "Rows Removed by Filter": 1209285
                              }
                            ]
                          }
                        ]
                      }
                    ]
                  }
                ]
              }
            ]
          }
        ]
      }
    ]
  },
  "Planning Time": 0.837,
  "Triggers": [],
  "Execution Time": 4184.164
}