[
  {
    "Plan": {
      "Node Type": "Aggregate",
      "Strategy": "Plain",
      "Partial Mode": "Finalize",
      "Parallel Aware": false,
      "Startup Cost": 371447.99,
      "Total Cost": 371448.0,
      "Plan Rows": 1,
      "Plan Width": 8,
      "Actual Startup Time": 795.404,
      "Actual Total Time": 823.09,
      "Actual Rows": 1,
      "Actual Loops": 1,
      "Plans": [
        {
          "Node Type": "Gather",
          "Parent Relationship": "Outer",
          "Parallel Aware": false,
          "Startup Cost": 371447.36,
          "Total Cost": 371447.97,
          "Plan Rows": 6,
          "Plan Width": 8,
          "Actual Startup Time": 771.888,
          "Actual Total Time": 823.081,
          "Actual Rows": 7,
          "Actual Loops": 1,
          "Workers Planned": 6,
          "Workers Launched": 6,
          "Single Copy": false,
          "Plans": [
            {
              "Node Type": "Aggregate",
              "Strategy": "Plain",
              "Partial Mode": "Partial",
              "Parent Relationship": "Outer",
              "Parallel Aware": false,
              "Startup Cost": 370447.36,
              "Total Cost": 370447.37,
              "Plan Rows": 1,
              "Plan Width": 8,
              "Actual Startup Time": 752.001,
              "Actual Total Time": 752.004,
              "Actual Rows": 1,
              "Actual Loops": 7,
              "Plans": [
                {
                  "Node Type": "Hash Join",
                  "Parent Relationship": "Outer",
                  "Parallel Aware": true,
                  "Join Type": "Inner",
                  "Startup Cost": 109829.18,
                  "Total Cost": 369322.37,
                  "Plan Rows": 449996,
                  "Plan Width": 0,
                  "Actual Startup Time": 453.052,
                  "Actual Total Time": 726.767,
                  "Actual Rows": 393528,
                  "Actual Loops": 7,
                  "Inner Unique": true,
                  "Hash Cond": "(ci.movie_id = t.id)",
                  "Plans": [
                    {
                      "Node Type": "Bitmap Heap Scan",
                      "Parent Relationship": "Outer",
                      "Parallel Aware": true,
                      "Relation Name": "cast_info",
                      "Alias": "ci",
                      "Startup Cost": 59609.38,
                      "Total Cost": 317921.33,
                      "Plan Rows": 449996,
                      "Plan Width": 4,
                      "Actual Startup Time": 197.557,
                      "Actual Total Time": 273.429,
                      "Actual Rows": 393528,
                      "Actual Loops": 7,
                      "Recheck Cond": "(person_id < 264692)",
                      "Rows Removed by Index Recheck": 0,
                      "Exact Heap Blocks": 5533,
                      "Lossy Heap Blocks": 0,
                      "Plans": [
                        {
                          "Node Type": "Bitmap Index Scan",
                          "Parent Relationship": "Outer",
                          "Parallel Aware": false,
                          "Index Name": "person_id_cast_info",
                          "Startup Cost": 0.0,
                          "Total Cost": 58934.39,
                          "Plan Rows": 2699976,
                          "Plan Width": 0,
                          "Actual Startup Time": 189.896,
                          "Actual Total Time": 189.897,
                          "Actual Rows": 2754698,
                          "Actual Loops": 1,
                          "Index Cond": "(person_id < 264692)"
                        }
                      ]
                    },
                    {
                      "Node Type": "Hash",
                      "Parent Relationship": "Inner",
                      "Parallel Aware": true,
                      "Startup Cost": 42318.81,
                      "Total Cost": 42318.81,
                      "Plan Rows": 632080,
                      "Plan Width": 4,
                      "Actual Startup Time": 248.89,
                      "Actual Total Time": 248.891,
                      "Actual Rows": 361187,
                      "Actual Loops": 7,
                      "Hash Buckets": 4194304,
                      "Original Hash Buckets": 4194304,
                      "Hash Batches": 1,
                      "Original Hash Batches": 1,
                      "Peak Memory Usage": 131776,
                      "Plans": [
                        {
                          "Node Type": "Seq Scan",
                          "Parent Relationship": "Outer",
                          "Parallel Aware": true,
                          "Relation Name": "title",
                          "Alias": "t",
                          "Startup Cost": 0.0,
                          "Total Cost": 42318.81,
                          "Plan Rows": 632080,
                          "Plan Width": 4,
                          "Actual Startup Time": 0.033,
                          "Actual Total Time": 75.152,
                          "Actual Rows": 361187,
                          "Actual Loops": 7
                        }
                      ]
                    }
                  ]
                }
              ]
            }
          ]
        }
      ]
    },
    "Planning Time": 0.455,
    "Triggers": [],
    "Execution Time": 823.157
  }
]