[
    {
        "Bao": {
            "Bao prediction": 442.579,
            "Bao recommended hint": "SET enable_mergejoin TO off; "
        }
    },
    {
        "Plan": {
            "Node Type": "Aggregate",
            "Strategy": "Plain",
            "Partial Mode": "Finalize",
            "Parallel Aware": false,
            "Startup Cost": 32909.76,
            "Total Cost": 32909.77,
            "Plan Rows": 1,
            "Plan Width": 8,
            "Actual Startup Time": 101.259,
            "Actual Total Time": 108.167,
            "Actual Rows": 1,
            "Actual Loops": 1,
            "Output": [
                "count(*)"
            ],
            "Plans": [
                {
                    "Node Type": "Gather",
                    "Parent Relationship": "Outer",
                    "Parallel Aware": false,
                    "Startup Cost": 32909.44,
                    "Total Cost": 32909.75,
                    "Plan Rows": 3,
                    "Plan Width": 8,
                    "Actual Startup Time": 101.16,
                    "Actual Total Time": 108.16,
                    "Actual Rows": 4,
                    "Actual Loops": 1,
                    "Output": [
                        "(PARTIAL count(*))"
                    ],
                    "Workers Planned": 3,
                    "Workers Launched": 3,
                    "Single Copy": false,
                    "Plans": [
                        {
                            "Node Type": "Aggregate",
                            "Strategy": "Plain",
                            "Partial Mode": "Partial",
                            "Parent Relationship": "Outer",
                            "Parallel Aware": false,
                            "Startup Cost": 31909.44,
                            "Total Cost": 31909.45,
                            "Plan Rows": 1,
                            "Plan Width": 8,
                            "Actual Startup Time": 93.172,
                            "Actual Total Time": 93.173,
                            "Actual Rows": 1,
                            "Actual Loops": 4,
                            "Output": [
                                "PARTIAL count(*)"
                            ],
                            "Workers": [
                                {
                                    "Worker Number": 0,
                                    "Actual Startup Time": 90.593,
                                    "Actual Total Time": 90.594,
                                    "Actual Rows": 1,
                                    "Actual Loops": 1
                                },
                                {
                                    "Worker Number": 1,
                                    "Actual Startup Time": 90.594,
                                    "Actual Total Time": 90.595,
                                    "Actual Rows": 1,
                                    "Actual Loops": 1
                                },
                                {
                                    "Worker Number": 2,
                                    "Actual Startup Time": 90.921,
                                    "Actual Total Time": 90.922,
                                    "Actual Rows": 1,
                                    "Actual Loops": 1
                                }
                            ],
                            "Plans": [
                                {
                                    "Node Type": "Seq Scan",
                                    "Parent Relationship": "Outer",
                                    "Parallel Aware": true,
                                    "Relation Name": "movie_companies",
                                    "Schema": "public",
                                    "Alias": "mc",
                                    "Startup Cost": 0.0,
                                    "Total Cost": 31414.82,
                                    "Plan Rows": 197849,
                                    "Plan Width": 0,
                                    "Actual Startup Time": 23.08,
                                    "Actual Total Time": 87.702,
                                    "Actual Rows": 90701,
                                    "Actual Loops": 4,
                                    "Output": [
                                        "id",
                                        "movie_id",
                                        "company_id",
                                        "company_type_id",
                                        "note"
                                    ],
                                    "Filter": "((mc.company_id > 11600) AND (mc.company_type_id = 1))",
                                    "Rows Removed by Filter": 561581,
                                    "Workers": [
                                        {
                                            "Worker Number": 0,
                                            "Actual Startup Time": 20.515,
                                            "Actual Total Time": 85.298,
                                            "Actual Rows": 74121,
                                            "Actual Loops": 1
                                        },
                                        {
                                            "Worker Number": 1,
                                            "Actual Startup Time": 20.507,
                                            "Actual Total Time": 85.228,
                                            "Actual Rows": 74657,
                                            "Actual Loops": 1
                                        },
                                        {
                                            "Worker Number": 2,
                                            "Actual Startup Time": 20.818,
                                            "Actual Total Time": 85.642,
                                            "Actual Rows": 77206,
                                            "Actual Loops": 1
                                        }
                                    ]
                                }
                            ]
                        }
                    ]
                }
            ]
        },
        "Planning Time": 675.822,
        "Triggers": [],
        "Execution Time": 108.263
    }
]