[
    {
        "Bao": {
            "Bao prediction": "NaN",
            "Bao recommended hint": "(no hint)"
        }
    },
    {
        "Plan": {
            "Node Type": "Aggregate",
            "Strategy": "Plain",
            "Partial Mode": "Finalize",
            "Parallel Aware": false,
            "Startup Cost": 38161.96,
            "Total Cost": 38161.97,
            "Plan Rows": 1,
            "Plan Width": 8,
            "Actual Startup Time": 126.407,
            "Actual Total Time": 134.201,
            "Actual Rows": 1,
            "Actual Loops": 1,
            "Output": [
                "count(*)"
            ],
            "Plans": [
                {
                    "Node Type": "Gather",
                    "Parent Relationship": "Outer",
                    "Parallel Aware": false,
                    "Startup Cost": 38161.64,
                    "Total Cost": 38161.95,
                    "Plan Rows": 3,
                    "Plan Width": 8,
                    "Actual Startup Time": 126.073,
                    "Actual Total Time": 134.192,
                    "Actual Rows": 4,
                    "Actual Loops": 1,
                    "Output": [
                        "(PARTIAL count(*))"
                    ],
                    "Workers Planned": 3,
                    "Workers Launched": 3,
                    "Single Copy": false,
                    "Plans": [
                        {
                            "Node Type": "Aggregate",
                            "Strategy": "Plain",
                            "Partial Mode": "Partial",
                            "Parent Relationship": "Outer",
                            "Parallel Aware": false,
                            "Startup Cost": 37161.64,
                            "Total Cost": 37161.65,
                            "Plan Rows": 1,
                            "Plan Width": 8,
                            "Actual Startup Time": 117.476,
                            "Actual Total Time": 117.48,
                            "Actual Rows": 1,
                            "Actual Loops": 4,
                            "Output": [
                                "PARTIAL count(*)"
                            ],
                            "Workers": [
                                {
                                    "Worker Number": 0,
                                    "Actual Startup Time": 114.57,
                                    "Actual Total Time": 114.572,
                                    "Actual Rows": 1,
                                    "Actual Loops": 1
                                },
                                {
                                    "Worker Number": 1,
                                    "Actual Startup Time": 114.588,
                                    "Actual Total Time": 114.59,
                                    "Actual Rows": 1,
                                    "Actual Loops": 1
                                },
                                {
                                    "Worker Number": 2,
                                    "Actual Startup Time": 115.091,
                                    "Actual Total Time": 115.102,
                                    "Actual Rows": 1,
                                    "Actual Loops": 1
                                }
                            ],
                            "Plans": [
                                {
                                    "Node Type": "Bitmap Heap Scan",
                                    "Parent Relationship": "Outer",
                                    "Parallel Aware": true,
                                    "Relation Name": "movie_keyword",
                                    "Schema": "public",
                                    "Alias": "mk",
                                    "Startup Cost": 10347.92,
                                    "Total Cost": 36768.36,
                                    "Plan Rows": 157315,
                                    "Plan Width": 0,
                                    "Actual Startup Time": 35.061,
                                    "Actual Total Time": 109.726,
                                    "Actual Rows": 119592,
                                    "Actual Loops": 4,
                                    "Recheck Cond": "(mk.keyword_id > 37372)",
                                    "Rows Removed by Index Recheck": 0,
                                    "Exact Heap Blocks": 11242,
                                    "Lossy Heap Blocks": 0,
                                    "Workers": [
                                        {
                                            "Worker Number": 0,
                                            "Actual Startup Time": 32.333,
                                            "Actual Total Time": 107.446,
                                            "Actual Rows": 82042,
                                            "Actual Loops": 1
                                        },
                                        {
                                            "Worker Number": 1,
                                            "Actual Startup Time": 32.283,
                                            "Actual Total Time": 107.464,
                                            "Actual Rows": 82473,
                                            "Actual Loops": 1
                                        },
                                        {
                                            "Worker Number": 2,
                                            "Actual Startup Time": 32.673,
                                            "Actual Total Time": 108.123,
                                            "Actual Rows": 80219,
                                            "Actual Loops": 1
                                        }
                                    ],
                                    "Plans": [
                                        {
                                            "Node Type": "Bitmap Index Scan",
                                            "Parent Relationship": "Outer",
                                            "Parallel Aware": false,
                                            "Index Name": "keyword_id_movie_keyword",
                                            "Startup Cost": 0.0,
                                            "Total Cost": 10226.0,
                                            "Plan Rows": 487676,
                                            "Plan Width": 0,
                                            "Actual Startup Time": 39.612,
                                            "Actual Total Time": 39.612,
                                            "Actual Rows": 478366,
                                            "Actual Loops": 1,
                                            "Index Cond": "(mk.keyword_id > 37372)"
                                        }
                                    ]
                                }
                            ]
                        }
                    ]
                }
            ]
        },
        "Planning Time": 219.59,
        "Triggers": [],
        "Execution Time": 134.3
    }
]