[
  {
    "Plan": {
      "Node Type": "Aggregate",
      "Strategy": "Plain",
      "Partial Mode": "Finalize",
      "Parallel Aware": false,
      "Startup Cost": 216591.96,
      "Total Cost": 216591.97,
      "Plan Rows": 1,
      "Plan Width": 8,
      "Actual Startup Time": 158.616,
      "Actual Total Time": 186.029,
      "Actual Rows": 1,
      "Actual Loops": 1,
      "Plans": [
        {
          "Node Type": "Gather",
          "Parent Relationship": "Outer",
          "Parallel Aware": false,
          "Startup Cost": 216591.54,
          "Total Cost": 216591.95,
          "Plan Rows": 4,
          "Plan Width": 8,
          "Actual Startup Time": 158.413,
          "Actual Total Time": 186.02,
          "Actual Rows": 5,
          "Actual Loops": 1,
          "Workers Planned": 4,
          "Workers Launched": 4,
          "Single Copy": false,
          "Plans": [
            {
              "Node Type": "Aggregate",
              "Strategy": "Plain",
              "Partial Mode": "Partial",
              "Parent Relationship": "Outer",
              "Parallel Aware": false,
              "Startup Cost": 215591.54,
              "Total Cost": 215591.55,
              "Plan Rows": 1,
              "Plan Width": 8,
              "Actual Startup Time": 148.834,
              "Actual Total Time": 148.836,
              "Actual Rows": 1,
              "Actual Loops": 5,
              "Plans": [
                {
                  "Node Type": "Nested Loop",
                  "Parent Relationship": "Outer",
                  "Parallel Aware": false,
                  "Join Type": "Inner",
                  "Startup Cost": 0.56,
                  "Total Cost": 215533.43,
                  "Plan Rows": 23245,
                  "Plan Width": 0,
                  "Actual Startup Time": 0.502,
                  "Actual Total Time": 146.991,
                  "Actual Rows": 19903,
                  "Actual Loops": 5,
                  "Inner Unique": false,
                  "Plans": [
                    {
                      "Node Type": "Seq Scan",
                      "Parent Relationship": "Outer",
                      "Parallel Aware": true,
                      "Relation Name": "title",
                      "Alias": "t",
                      "Startup Cost": 0.0,
                      "Total Cost": 43898.92,
                      "Plan Rows": 1622,
                      "Plan Width": 4,
                      "Actual Startup Time": 0.234,
                      "Actual Total Time": 62.03,
                      "Actual Rows": 1601,
                      "Actual Loops": 5,
                      "Filter": "(production_year = 1955)",
                      "Rows Removed by Filter": 504061
                    },
                    {
                      "Node Type": "Index Only Scan",
                      "Parent Relationship": "Inner",
                      "Parallel Aware": false,
                      "Scan Direction": "Forward",
                      "Index Name": "movie_id_cast_info",
                      "Relation Name": "cast_info",
                      "Alias": "ci",
                      "Startup Cost": 0.56,
                      "Total Cost": 105.45,
                      "Plan Rows": 37,
                      "Plan Width": 4,
                      "Actual Startup Time": 0.012,
                      "Actual Total Time": 0.051,
                      "Actual Rows": 12,
                      "Actual Loops": 8007,
                      "Index Cond": "(movie_id = t.id)",
                      "Rows Removed by Index Recheck": 0,
                      "Heap Fetches": 99517
                    }
                  ]
                }
              ]
            }
          ]
        }
      ]
    },
    "Planning Time": 0.55,
    "Triggers": [],
    "Execution Time": 186.107
  }
]