{
  "Plan": {
    "Node Type": "Aggregate",
    "Strategy": "Plain",
    "Partial Mode": "Finalize",
    "Parallel Aware": false,
    "Startup Cost": 588885.09,
    "Total Cost": 588885.1,
    "Plan Rows": 1,
    "Plan Width": 8,
    "Actual Startup Time": 3211.426,
    "Actual Total Time": 3242.392,
    "Actual Rows": 1,
    "Actual Loops": 1,
    "Plans": [
      {
        "Node Type": "Gather",
        "Parent Relationship": "Outer",
        "Parallel Aware": false,
        "Startup Cost": 588884.98,
        "Total Cost": 588885.09,
        "Plan Rows": 1,
        "Plan Width": 8,
        "Actual Startup Time": 3205.24,
        "Actual Total Time": 3242.383,
        "Actual Rows": 2,
        "Actual Loops": 1,
        "Workers Planned": 1,
        "Workers Launched": 1,
        "Single Copy": false,
        "Plans": [
          {
            "Node Type": "Aggregate",
            "Strategy": "Plain",
            "Partial Mode": "Partial",
            "Parent Relationship": "Outer",
            "Parallel Aware": false,
            "Startup Cost": 587884.98,
            "Total Cost": 587884.99,
            "Plan Rows": 1,
            "Plan Width": 8,
            "Actual Startup Time": 3192.531,
            "Actual Total Time": 3192.535,
            "Actual Rows": 1,
            "Actual Loops": 2,
            "Plans": [
              {
                "Node Type": "Hash Join",
                "Parent Relationship": "Outer",
                "Parallel Aware": true,
                "Join Type": "Inner",
                "Startup Cost": 250306.86,
                "Total Cost": 575843.69,
                "Plan Rows": 4816516,
                "Plan Width": 0,
                "Actual Startup Time": 871.208,
                "Actual Total Time": 3025.954,
                "Actual Rows": 4050142,
                "Actual Loops": 2,
                "Inner Unique": true,
                "Hash Cond": "(ci.movie_id = t.id)",
                "Plans": [
                  {
                    "Node Type": "Bitmap Heap Scan",
                    "Parent Relationship": "Outer",
                    "Parallel Aware": true,
                    "Relation Name": "cast_info",
                    "Alias": "ci",
                    "Startup Cost": 180846.16,
                    "Total Cost": 493739.61,
                    "Plan Rows": 4816516,
                    "Plan Width": 4,
                    "Actual Startup Time": 345.011,
                    "Actual Total Time": 795.779,
                    "Actual Rows": 4050142,
                    "Actual Loops": 2,
                    "Recheck Cond": "(person_id > 2870735)",
                    "Rows Removed by Index Recheck": 0,
                    "Exact Heap Blocks": 48822,
                    "Lossy Heap Blocks": 0,
                    "Plans": [
                      {
                        "Node Type": "Bitmap Index Scan",
                        "Parent Relationship": "Outer",
                        "Parallel Aware": false,
                        "Index Name": "person_id_cast_info",
                        "Startup Cost": 0.0,
                        "Total Cost": 178799.14,
                        "Plan Rows": 8188077,
                        "Plan Width": 0,
                        "Actual Startup Time": 328.821,
                        "Actual Total Time": 328.822,
                        "Actual Rows": 8100285,
                        "Actual Loops": 1,
                        "Index Cond": "(person_id > 2870735)"
                      }
                    ]
                  },
                  {
                    "Node Type": "Hash",
                    "Parent Relationship": "Inner",
                    "Parallel Aware": true,
                    "Startup Cost": 50870.31,
                    "Total Cost": 50870.31,
                    "Plan Rows": 1487231,
                    "Plan Width": 4,
                    "Actual Startup Time": 503.972,
                    "Actual Total Time": 503.973,
                    "Actual Rows": 1264156,
                    "Actual Loops": 2,
                    "Hash Buckets": 4194304,
                    "Original Hash Buckets": 4194304,
                    "Hash Batches": 1,
                    "Original Hash Batches": 1,
                    "Peak Memory Usage": 131712,
                    "Plans": [
                      {
                        "Node Type": "Seq Scan",
                        "Parent Relationship": "Outer",
                        "Parallel Aware": true,
                        "Relation Name": "title",
                        "Alias": "t",
                        "Startup Cost": 0.0,
                        "Total Cost": 50870.31,
                        "Plan Rows": 1487231,
                        "Plan Width": 4,
                        "Actual Startup Time": 0.02,
                        "Actual Total Time": 150.656,
                        "Actual Rows": 1264156,
                        "Actual Loops": 2
                      }
                    ]
                  }
                ]
              }
            ]
          }
        ]
      }
    ]
  },
  "Planning Time": 0.648,
  "Triggers": [],
  "Execution Time": 3242.482
}