[
  {
    "Plan": {
      "Node Type": "Aggregate",
      "Strategy": "Plain",
      "Partial Mode": "Finalize",
      "Parallel Aware": false,
      "Startup Cost": 216216.81,
      "Total Cost": 216216.82,
      "Plan Rows": 1,
      "Plan Width": 8,
      "Actual Startup Time": 134.365,
      "Actual Total Time": 155.953,
      "Actual Rows": 1,
      "Actual Loops": 1,
      "Plans": [
        {
          "Node Type": "Gather",
          "Parent Relationship": "Outer",
          "Parallel Aware": false,
          "Startup Cost": 216216.39,
          "Total Cost": 216216.8,
          "Plan Rows": 4,
          "Plan Width": 8,
          "Actual Startup Time": 134.244,
          "Actual Total Time": 155.944,
          "Actual Rows": 5,
          "Actual Loops": 1,
          "Workers Planned": 4,
          "Workers Launched": 4,
          "Single Copy": false,
          "Plans": [
            {
              "Node Type": "Aggregate",
              "Strategy": "Plain",
              "Partial Mode": "Partial",
              "Parent Relationship": "Outer",
              "Parallel Aware": false,
              "Startup Cost": 215216.39,
              "Total Cost": 215216.4,
              "Plan Rows": 1,
              "Plan Width": 8,
              "Actual Startup Time": 126.971,
              "Actual Total Time": 126.973,
              "Actual Rows": 1,
              "Actual Loops": 5,
              "Plans": [
                {
                  "Node Type": "Nested Loop",
                  "Parent Relationship": "Outer",
                  "Parallel Aware": false,
                  "Join Type": "Inner",
                  "Startup Cost": 0.43,
                  "Total Cost": 215215.92,
                  "Plan Rows": 189,
                  "Plan Width": 0,
                  "Actual Startup Time": 122.763,
                  "Actual Total Time": 126.967,
                  "Actual Rows": 0,
                  "Actual Loops": 5,
                  "Inner Unique": false,
                  "Plans": [
                    {
                      "Node Type": "Seq Scan",
                      "Parent Relationship": "Outer",
                      "Parallel Aware": true,
                      "Relation Name": "title",
                      "Alias": "t",
                      "Startup Cost": 0.0,
                      "Total Cost": 43898.92,
                      "Plan Rows": 2340,
                      "Plan Width": 4,
                      "Actual Startup Time": 52.457,
                      "Actual Total Time": 81.774,
                      "Actual Rows": 1887,
                      "Actual Loops": 5,
                      "Filter": "(production_year < 1902)",
                      "Rows Removed by Filter": 503775
                    },
                    {
                      "Node Type": "Index Scan",
                      "Parent Relationship": "Inner",
                      "Parallel Aware": false,
                      "Scan Direction": "Forward",
                      "Index Name": "movie_id_movie_info",
                      "Relation Name": "movie_info",
                      "Alias": "mi",
                      "Startup Cost": 0.43,
                      "Total Cost": 73.2,
                      "Plan Rows": 1,
                      "Plan Width": 4,
                      "Actual Startup Time": 0.023,
                      "Actual Total Time": 0.023,
                      "Actual Rows": 0,
                      "Actual Loops": 9435,
                      "Index Cond": "(movie_id = t.id)",
                      "Rows Removed by Index Recheck": 0,
                      "Filter": "(info_type_id > 106)",
                      "Rows Removed by Filter": 8
                    }
                  ]
                }
              ]
            }
          ]
        }
      ]
    },
    "Planning Time": 0.618,
    "Triggers": [],
    "Execution Time": 156.03
  }
]