{
  "Plan": {
    "Node Type": "Aggregate",
    "Strategy": "Plain",
    "Partial Mode": "Finalize",
    "Parallel Aware": false,
    "Startup Cost": 126583.03,
    "Total Cost": 126583.04,
    "Plan Rows": 1,
    "Plan Width": 8,
    "Actual Startup Time": 743.701,
    "Actual Total Time": 763.207,
    "Actual Rows": 1,
    "Actual Loops": 1,
    "Plans": [
      {
        "Node Type": "Gather",
        "Parent Relationship": "Outer",
        "Parallel Aware": false,
        "Startup Cost": 126582.91,
        "Total Cost": 126583.02,
        "Plan Rows": 1,
        "Plan Width": 8,
        "Actual Startup Time": 738.896,
        "Actual Total Time": 763.197,
        "Actual Rows": 2,
        "Actual Loops": 1,
        "Workers Planned": 1,
        "Workers Launched": 1,
        "Single Copy": false,
        "Plans": [
          {
            "Node Type": "Aggregate",
            "Strategy": "Plain",
            "Partial Mode": "Partial",
            "Parent Relationship": "Outer",
            "Parallel Aware": false,
            "Startup Cost": 125582.91,
            "Total Cost": 125582.92,
            "Plan Rows": 1,
            "Plan Width": 8,
            "Actual Startup Time": 731.167,
            "Actual Total Time": 731.171,
            "Actual Rows": 1,
            "Actual Loops": 2,
            "Plans": [
              {
                "Node Type": "Hash Join",
                "Parent Relationship": "Outer",
                "Parallel Aware": true,
                "Join Type": "Inner",
                "Startup Cost": 90776.68,
                "Total Cost": 124756.29,
                "Plan Rows": 330651,
                "Plan Width": 0,
                "Actual Startup Time": 492.281,
                "Actual Total Time": 722.204,
                "Actual Rows": 166566,
                "Actual Loops": 2,
                "Inner Unique": true,
                "Hash Cond": "(mk.movie_id = t.id)",
                "Plans": [
                  {
                    "Node Type": "Bitmap Heap Scan",
                    "Parent Relationship": "Outer",
                    "Parallel Aware": true,
                    "Relation Name": "movie_keyword",
                    "Alias": "mk",
                    "Startup Cost": 22709.95,
                    "Total Cost": 55036.35,
                    "Plan Rows": 629792,
                    "Plan Width": 4,
                    "Actual Startup Time": 61.195,
                    "Actual Total Time": 171.811,
                    "Actual Rows": 542267,
                    "Actual Loops": 2,
                    "Recheck Cond": "(keyword_id < 1096)",
                    "Rows Removed by Index Recheck": 0,
                    "Exact Heap Blocks": 15853,
                    "Lossy Heap Blocks": 0,
                    "Plans": [
                      {
                        "Node Type": "Bitmap Index Scan",
                        "Parent Relationship": "Outer",
                        "Parallel Aware": false,
                        "Index Name": "keyword_id_movie_keyword",
                        "Startup Cost": 0.0,
                        "Total Cost": 22442.28,
                        "Plan Rows": 1070647,
                        "Plan Width": 0,
                        "Actual Startup Time": 57.484,
                        "Actual Total Time": 57.485,
                        "Actual Rows": 1084534,
                        "Actual Loops": 1,
                        "Index Cond": "(keyword_id < 1096)"
                      }
                    ]
                  },
                  {
                    "Node Type": "Hash",
                    "Parent Relationship": "Inner",
                    "Parallel Aware": true,
                    "Startup Cost": 58306.47,
                    "Total Cost": 58306.47,
                    "Plan Rows": 780821,
                    "Plan Width": 4,
                    "Actual Startup Time": 416.43,
                    "Actual Total Time": 416.431,
                    "Actual Rows": 723850,
                    "Actual Loops": 2,
                    "Hash Buckets": 2097152,
                    "Original Hash Buckets": 2097152,
                    "Hash Batches": 1,
                    "Original Hash Batches": 1,
                    "Peak Memory Usage": 73056,
                    "Plans": [
                      {
                        "Node Type": "Seq Scan",
                        "Parent Relationship": "Outer",
                        "Parallel Aware": true,
                        "Relation Name": "title",
                        "Alias": "t",
                        "Startup Cost": 0.0,
                        "Total Cost": 58306.47,
                        "Plan Rows": 780821,
                        "Plan Width": 4,
                        "Actual Startup Time": 0.031,
                        "Actual Total Time": 200.305,
                        "Actual Rows": 723850,
                        "Actual Loops": 2,
                        "Filter": "((kind_id > 1) AND (production_year > 1988))",
                        "Rows Removed by Filter": 540306
                      }
                    ]
                  }
                ]
              }
            ]
          }
        ]
      }
    ]
  },
  "Planning Time": 0.616,
  "Triggers": [],
  "Execution Time": 763.332
}