[
  {
    "Plan": {
      "Node Type": "Aggregate",
      "Strategy": "Plain",
      "Partial Mode": "Finalize",
      "Parallel Aware": false,
      "Startup Cost": 121657.75,
      "Total Cost": 121657.76,
      "Plan Rows": 1,
      "Plan Width": 8,
      "Actual Startup Time": 370.996,
      "Actual Total Time": 386.84,
      "Actual Rows": 1,
      "Actual Loops": 1,
      "Plans": [
        {
          "Node Type": "Gather",
          "Parent Relationship": "Outer",
          "Parallel Aware": false,
          "Startup Cost": 121657.43,
          "Total Cost": 121657.74,
          "Plan Rows": 3,
          "Plan Width": 8,
          "Actual Startup Time": 370.075,
          "Actual Total Time": 386.835,
          "Actual Rows": 4,
          "Actual Loops": 1,
          "Workers Planned": 3,
          "Workers Launched": 3,
          "Single Copy": false,
          "Plans": [
            {
              "Node Type": "Aggregate",
              "Strategy": "Plain",
              "Partial Mode": "Partial",
              "Parent Relationship": "Outer",
              "Parallel Aware": false,
              "Startup Cost": 120657.43,
              "Total Cost": 120657.44,
              "Plan Rows": 1,
              "Plan Width": 8,
              "Actual Startup Time": 367.069,
              "Actual Total Time": 367.073,
              "Actual Rows": 1,
              "Actual Loops": 4,
              "Plans": [
                {
                  "Node Type": "Hash Join",
                  "Parent Relationship": "Outer",
                  "Parallel Aware": true,
                  "Join Type": "Inner",
                  "Startup Cost": 89814.15,
                  "Total Cost": 120447.62,
                  "Plan Rows": 83924,
                  "Plan Width": 0,
                  "Actual Startup Time": 258.922,
                  "Actual Total Time": 366.095,
                  "Actual Rows": 24064,
                  "Actual Loops": 4,
                  "Inner Unique": false,
                  "Hash Cond": "(mc.movie_id = t.id)",
                  "Plans": [
                    {
                      "Node Type": "Seq Scan",
                      "Parent Relationship": "Outer",
                      "Parallel Aware": true,
                      "Relation Name": "movie_companies",
                      "Alias": "mc",
                      "Startup Cost": 0.0,
                      "Total Cost": 27206.55,
                      "Plan Rows": 841655,
                      "Plan Width": 4,
                      "Actual Startup Time": 0.024,
                      "Actual Total Time": 52.647,
                      "Actual Rows": 652282,
                      "Actual Loops": 4
                    },
                    {
                      "Node Type": "Hash",
                      "Parent Relationship": "Inner",
                      "Parallel Aware": true,
                      "Startup Cost": 88797.59,
                      "Total Cost": 88797.59,
                      "Plan Rows": 81325,
                      "Plan Width": 8,
                      "Actual Startup Time": 257.139,
                      "Actual Total Time": 257.142,
                      "Actual Rows": 9916,
                      "Actual Loops": 4,
                      "Hash Buckets": 262144,
                      "Original Hash Buckets": 262144,
                      "Hash Batches": 1,
                      "Original Hash Batches": 1,
                      "Peak Memory Usage": 3712,
                      "Plans": [
                        {
                          "Node Type": "Hash Join",
                          "Parent Relationship": "Outer",
                          "Parallel Aware": true,
                          "Join Type": "Inner",
                          "Startup Cost": 45919.51,
                          "Total Cost": 88797.59,
                          "Plan Rows": 81325,
                          "Plan Width": 8,
                          "Actual Startup Time": 87.088,
                          "Actual Total Time": 254.961,
                          "Actual Rows": 9916,
                          "Actual Loops": 4,
                          "Inner Unique": true,
                          "Hash Cond": "(mk.movie_id = t.id)",
                          "Plans": [
                            {
                              "Node Type": "Seq Scan",
                              "Parent Relationship": "Outer",
                              "Parallel Aware": true,
                              "Relation Name": "movie_keyword",
                              "Alias": "mk",
                              "Startup Cost": 0.0,
                              "Total Cost": 39047.32,
                              "Plan Rows": 1459332,
                              "Plan Width": 4,
                              "Actual Startup Time": 0.009,
                              "Actual Total Time": 81.994,
                              "Actual Rows": 1130982,
                              "Actual Loops": 4
                            },
                            {
                              "Node Type": "Hash",
                              "Parent Relationship": "Inner",
                              "Parallel Aware": true,
                              "Startup Cost": 45479.21,
                              "Total Cost": 45479.21,
                              "Plan Rows": 35224,
                              "Plan Width": 4,
                              "Actual Startup Time": 86.235,
                              "Actual Total Time": 86.236,
                              "Actual Rows": 37665,
                              "Actual Loops": 4,
                              "Hash Buckets": 262144,
                              "Original Hash Buckets": 262144,
                              "Hash Batches": 1,
                              "Original Hash Batches": 1,
                              "Peak Memory Usage": 8000,
                              "Plans": [
                                {
                                  "Node Type": "Seq Scan",
                                  "Parent Relationship": "Outer",
                                  "Parallel Aware": true,
                                  "Relation Name": "title",
                                  "Alias": "t",
                                  "Startup Cost": 0.0,
                                  "Total Cost": 45479.21,
                                  "Plan Rows": 35224,
                                  "Plan Width": 4,
                                  "Actual Startup Time": 0.015,
                                  "Actual Total Time": 73.099,
                                  "Actual Rows": 37665,
                                  "Actual Loops": 4,
                                  "Filter": "((production_year > 2011) AND (kind_id = 7))",
                                  "Rows Removed by Filter": 594413
                                }
                              ]
                            }
                          ]
                        }
                      ]
                    }
                  ]
                }
              ]
            }
          ]
        }
      ]
    },
    "Planning Time": 0.672,
    "Triggers": [],
    "Execution Time": 386.883
  }
]