[
    {
        "Bao": {
            "Bao prediction": "NaN",
            "Bao recommended hint": "(no hint)"
        }
    },
    {
        "Plan": {
            "Node Type": "Aggregate",
            "Strategy": "Plain",
            "Partial Mode": "Finalize",
            "Parallel Aware": false,
            "Startup Cost": 266586.66,
            "Total Cost": 266586.67,
            "Plan Rows": 1,
            "Plan Width": 8,
            "Actual Startup Time": 61.949,
            "Actual Total Time": 65.27,
            "Actual Rows": 1,
            "Actual Loops": 1,
            "Output": [
                "count(*)"
            ],
            "Plans": [
                {
                    "Node Type": "Gather",
                    "Parent Relationship": "Outer",
                    "Parallel Aware": false,
                    "Startup Cost": 266586.03,
                    "Total Cost": 266586.64,
                    "Plan Rows": 6,
                    "Plan Width": 8,
                    "Actual Startup Time": 61.749,
                    "Actual Total Time": 65.262,
                    "Actual Rows": 7,
                    "Actual Loops": 1,
                    "Output": [
                        "(PARTIAL count(*))"
                    ],
                    "Workers Planned": 6,
                    "Workers Launched": 6,
                    "Single Copy": false,
                    "Plans": [
                        {
                            "Node Type": "Aggregate",
                            "Strategy": "Plain",
                            "Partial Mode": "Partial",
                            "Parent Relationship": "Outer",
                            "Parallel Aware": false,
                            "Startup Cost": 265586.03,
                            "Total Cost": 265586.04,
                            "Plan Rows": 1,
                            "Plan Width": 8,
                            "Actual Startup Time": 51.639,
                            "Actual Total Time": 51.641,
                            "Actual Rows": 1,
                            "Actual Loops": 7,
                            "Output": [
                                "PARTIAL count(*)"
                            ],
                            "Workers": [
                                {
                                    "Worker Number": 0,
                                    "Actual Startup Time": 50.339,
                                    "Actual Total Time": 50.34,
                                    "Actual Rows": 1,
                                    "Actual Loops": 1
                                },
                                {
                                    "Worker Number": 1,
                                    "Actual Startup Time": 50.386,
                                    "Actual Total Time": 50.386,
                                    "Actual Rows": 1,
                                    "Actual Loops": 1
                                },
                                {
                                    "Worker Number": 2,
                                    "Actual Startup Time": 50.018,
                                    "Actual Total Time": 50.019,
                                    "Actual Rows": 1,
                                    "Actual Loops": 1
                                },
                                {
                                    "Worker Number": 3,
                                    "Actual Startup Time": 50.029,
                                    "Actual Total Time": 50.03,
                                    "Actual Rows": 1,
                                    "Actual Loops": 1
                                },
                                {
                                    "Worker Number": 4,
                                    "Actual Startup Time": 50.238,
                                    "Actual Total Time": 50.24,
                                    "Actual Rows": 1,
                                    "Actual Loops": 1
                                },
                                {
                                    "Worker Number": 5,
                                    "Actual Startup Time": 50.163,
                                    "Actual Total Time": 50.164,
                                    "Actual Rows": 1,
                                    "Actual Loops": 1
                                }
                            ],
                            "Plans": [
                                {
                                    "Node Type": "Bitmap Heap Scan",
                                    "Parent Relationship": "Outer",
                                    "Parallel Aware": true,
                                    "Relation Name": "cast_info",
                                    "Schema": "public",
                                    "Alias": "ci",
                                    "Startup Cost": 11430.94,
                                    "Total Cost": 265415.23,
                                    "Plan Rows": 68319,
                                    "Plan Width": 0,
                                    "Actual Startup Time": 13.969,
                                    "Actual Total Time": 45.413,
                                    "Actual Rows": 67404,
                                    "Actual Loops": 7,
                                    "Recheck Cond": "(ci.person_id < 58109)",
                                    "Rows Removed by Index Recheck": 0,
                                    "Filter": "(ci.role_id < 7)",
                                    "Rows Removed by Filter": 7664,
                                    "Exact Heap Blocks": 2182,
                                    "Lossy Heap Blocks": 0,
                                    "Workers": [
                                        {
                                            "Worker Number": 0,
                                            "Actual Startup Time": 12.603,
                                            "Actual Total Time": 44.278,
                                            "Actual Rows": 46062,
                                            "Actual Loops": 1
                                        },
                                        {
                                            "Worker Number": 1,
                                            "Actual Startup Time": 12.672,
                                            "Actual Total Time": 44.361,
                                            "Actual Rows": 46164,
                                            "Actual Loops": 1
                                        },
                                        {
                                            "Worker Number": 2,
                                            "Actual Startup Time": 12.516,
                                            "Actual Total Time": 43.899,
                                            "Actual Rows": 47133,
                                            "Actual Loops": 1
                                        },
                                        {
                                            "Worker Number": 3,
                                            "Actual Startup Time": 12.35,
                                            "Actual Total Time": 44.246,
                                            "Actual Rows": 46024,
                                            "Actual Loops": 1
                                        },
                                        {
                                            "Worker Number": 4,
                                            "Actual Startup Time": 12.612,
                                            "Actual Total Time": 44.27,
                                            "Actual Rows": 46646,
                                            "Actual Loops": 1
                                        },
                                        {
                                            "Worker Number": 5,
                                            "Actual Startup Time": 12.654,
                                            "Actual Total Time": 44.081,
                                            "Actual Rows": 47191,
                                            "Actual Loops": 1
                                        }
                                    ],
                                    "Plans": [
                                        {
                                            "Node Type": "Bitmap Index Scan",
                                            "Parent Relationship": "Outer",
                                            "Parallel Aware": false,
                                            "Index Name": "person_id_cast_info",
                                            "Startup Cost": 0.0,
                                            "Total Cost": 11328.46,
                                            "Plan Rows": 518919,
                                            "Plan Width": 0,
                                            "Actual Startup Time": 21.619,
                                            "Actual Total Time": 21.619,
                                            "Actual Rows": 525482,
                                            "Actual Loops": 1,
                                            "Index Cond": "(ci.person_id < 58109)"
                                        }
                                    ]
                                }
                            ]
                        }
                    ]
                }
            ]
        },
        "Planning Time": 184.048,
        "Triggers": [],
        "Execution Time": 65.323
    }
]