[
  {
    "Plan": {
      "Node Type": "Aggregate",
      "Strategy": "Plain",
      "Partial Mode": "Finalize",
      "Parallel Aware": false,
      "Startup Cost": 397499.03,
      "Total Cost": 397499.04,
      "Plan Rows": 1,
      "Plan Width": 8,
      "Actual Startup Time": 1225.359,
      "Actual Total Time": 1291.895,
      "Actual Rows": 1,
      "Actual Loops": 1,
      "Plans": [
        {
          "Node Type": "Gather",
          "Parent Relationship": "Outer",
          "Parallel Aware": false,
          "Startup Cost": 397498.41,
          "Total Cost": 397499.02,
          "Plan Rows": 6,
          "Plan Width": 8,
          "Actual Startup Time": 1213.002,
          "Actual Total Time": 1291.883,
          "Actual Rows": 7,
          "Actual Loops": 1,
          "Workers Planned": 6,
          "Workers Launched": 6,
          "Single Copy": false,
          "Plans": [
            {
              "Node Type": "Aggregate",
              "Strategy": "Plain",
              "Partial Mode": "Partial",
              "Parent Relationship": "Outer",
              "Parallel Aware": false,
              "Startup Cost": 396498.41,
              "Total Cost": 396498.42,
              "Plan Rows": 1,
              "Plan Width": 8,
              "Actual Startup Time": 1195.853,
              "Actual Total Time": 1195.856,
              "Actual Rows": 1,
              "Actual Loops": 7,
              "Plans": [
                {
                  "Node Type": "Hash Join",
                  "Parent Relationship": "Outer",
                  "Parallel Aware": true,
                  "Join Type": "Inner",
                  "Startup Cost": 49402.46,
                  "Total Cost": 395265.81,
                  "Plan Rows": 493038,
                  "Plan Width": 0,
                  "Actual Startup Time": 492.244,
                  "Actual Total Time": 1168.91,
                  "Actual Rows": 579299,
                  "Actual Loops": 7,
                  "Inner Unique": true,
                  "Hash Cond": "(ci.movie_id = t.id)",
                  "Plans": [
                    {
                      "Node Type": "Seq Scan",
                      "Parent Relationship": "Outer",
                      "Parallel Aware": true,
                      "Relation Name": "cast_info",
                      "Alias": "ci",
                      "Startup Cost": 0.0,
                      "Total Cost": 343257.03,
                      "Plan Rows": 992884,
                      "Plan Width": 4,
                      "Actual Startup Time": 321.457,
                      "Actual Total Time": 600.95,
                      "Actual Rows": 1288125,
                      "Actual Loops": 7,
                      "Filter": "((person_id > 2794847) AND (role_id > 1))",
                      "Rows Removed by Filter": 3889639
                    },
                    {
                      "Node Type": "Hash",
                      "Parent Relationship": "Inner",
                      "Parallel Aware": true,
                      "Startup Cost": 45479.1,
                      "Total Cost": 45479.1,
                      "Plan Rows": 313869,
                      "Plan Width": 4,
                      "Actual Startup Time": 165.549,
                      "Actual Total Time": 165.55,
                      "Actual Rows": 174505,
                      "Actual Loops": 7,
                      "Hash Buckets": 2097152,
                      "Original Hash Buckets": 2097152,
                      "Hash Batches": 1,
                      "Original Hash Batches": 1,
                      "Peak Memory Usage": 64256,
                      "Plans": [
                        {
                          "Node Type": "Seq Scan",
                          "Parent Relationship": "Outer",
                          "Parallel Aware": true,
                          "Relation Name": "title",
                          "Alias": "t",
                          "Startup Cost": 0.0,
                          "Total Cost": 45479.1,
                          "Plan Rows": 313869,
                          "Plan Width": 4,
                          "Actual Startup Time": 0.046,
                          "Actual Total Time": 77.362,
                          "Actual Rows": 174505,
                          "Actual Loops": 7,
                          "Filter": "((production_year < 2011) AND (kind_id = 7))",
                          "Rows Removed by Filter": 186683
                        }
                      ]
                    }
                  ]
                }
              ]
            }
          ]
        }
      ]
    },
    "Planning Time": 0.608,
    "Triggers": [],
    "Execution Time": 1291.985
  }
]