[
  {
    "Plan": {
      "Node Type": "Gather",
      "Parallel Aware": false,
      "Startup Cost": 33711.09,
      "Total Cost": 105851.13,
      "Plan Rows": 262758,
      "Plan Width": 4,
      "Actual Startup Time": 152.248,
      "Actual Total Time": 387.934,
      "Actual Rows": 259406,
      "Actual Loops": 1,
      "Workers Planned": 4,
      "Workers Launched": 4,
      "Single Copy": false,
      "Plans": [
        {
          "Node Type": "Hash Join",
          "Parent Relationship": "Outer",
          "Parallel Aware": true,
          "Join Type": "Inner",
          "Startup Cost": 32711.09,
          "Total Cost": 78575.33,
          "Plan Rows": 65690,
          "Plan Width": 4,
          "Actual Startup Time": 141.938,
          "Actual Total Time": 347.413,
          "Actual Rows": 51881,
          "Actual Loops": 5,
          "Inner Unique": true,
          "Hash Cond": "(mc.company_id = cn.id)",
          "Plans": [
            {
              "Node Type": "Hash Join",
              "Parent Relationship": "Outer",
              "Parallel Aware": true,
              "Join Type": "Inner",
              "Startup Cost": 26605.83,
              "Total Cost": 72297.63,
              "Plan Rows": 65690,
              "Plan Width": 4,
              "Actual Startup Time": 102.387,
              "Actual Total Time": 294.113,
              "Actual Rows": 51881,
              "Actual Loops": 5,
              "Inner Unique": false,
              "Hash Cond": "(t.id = mc.movie_id)",
              "Plans": [
                {
                  "Node Type": "Seq Scan",
                  "Parent Relationship": "Outer",
                  "Parallel Aware": true,
                  "Relation Name": "title",
                  "Alias": "t",
                  "Startup Cost": 0.0,
                  "Total Cost": 42319.27,
                  "Plan Rows": 632127,
                  "Plan Width": 4,
                  "Actual Startup Time": 0.014,
                  "Actual Total Time": 79.141,
                  "Actual Rows": 505662,
                  "Actual Loops": 5
                },
                {
                  "Node Type": "Hash",
                  "Parent Relationship": "Inner",
                  "Parallel Aware": true,
                  "Startup Cost": 25546.31,
                  "Total Cost": 25546.31,
                  "Plan Rows": 84761,
                  "Plan Width": 8,
                  "Actual Startup Time": 101.38,
                  "Actual Total Time": 101.382,
                  "Actual Rows": 51881,
                  "Actual Loops": 5,
                  "Hash Buckets": 524288,
                  "Original Hash Buckets": 524288,
                  "Hash Batches": 1,
                  "Original Hash Batches": 1,
                  "Peak Memory Usage": 14336,
                  "Plans": [
                    {
                      "Node Type": "Bitmap Heap Scan",
                      "Parent Relationship": "Outer",
                      "Parallel Aware": true,
                      "Relation Name": "movie_companies",
                      "Alias": "mc",
                      "Startup Cost": 5696.8,
                      "Total Cost": 25546.31,
                      "Plan Rows": 84761,
                      "Plan Width": 8,
                      "Actual Startup Time": 31.568,
                      "Actual Total Time": 75.335,
                      "Actual Rows": 51881,
                      "Actual Loops": 5,
                      "Recheck Cond": "(company_id < 133)",
                      "Rows Removed by Index Recheck": 0,
                      "Exact Heap Blocks": 3272,
                      "Lossy Heap Blocks": 0,
                      "Plans": [
                        {
                          "Node Type": "Bitmap Index Scan",
                          "Parent Relationship": "Outer",
                          "Parallel Aware": false,
                          "Index Name": "company_id_movie_companies",
                          "Startup Cost": 0.0,
                          "Total Cost": 5631.11,
                          "Plan Rows": 262758,
                          "Plan Width": 0,
                          "Actual Startup Time": 27.39,
                          "Actual Total Time": 27.391,
                          "Actual Rows": 259406,
                          "Actual Loops": 1,
                          "Index Cond": "(company_id < 133)"
                        }
                      ]
                    }
                  ]
                }
              ]
            },
            {
              "Node Type": "Hash",
              "Parent Relationship": "Inner",
              "Parallel Aware": true,
              "Startup Cost": 4377.34,
              "Total Cost": 4377.34,
              "Plan Rows": 138234,
              "Plan Width": 4,
              "Actual Startup Time": 37.542,
              "Actual Total Time": 37.543,
              "Actual Rows": 46999,
              "Actual Loops": 5,
              "Hash Buckets": 262144,
              "Original Hash Buckets": 262144,
              "Hash Batches": 1,
              "Original Hash Batches": 1,
              "Peak Memory Usage": 11296,
              "Plans": [
                {
                  "Node Type": "Seq Scan",
                  "Parent Relationship": "Outer",
                  "Parallel Aware": true,
                  "Relation Name": "company_name",
                  "Alias": "cn",
                  "Startup Cost": 0.0,
                  "Total Cost": 4377.34,
                  "Plan Rows": 138234,
                  "Plan Width": 4,
                  "Actual Startup Time": 0.057,
                  "Actual Total Time": 16.942,
                  "Actual Rows": 46999,
                  "Actual Loops": 5
                }
              ]
            }
          ]
        }
      ]
    },
    "Planning Time": 4.662,
    "Triggers": [],
    "Execution Time": 401.339
  }
]