[
  {
    "Plan": {
      "Node Type": "Aggregate",
      "Strategy": "Plain",
      "Partial Mode": "Finalize",
      "Parallel Aware": false,
      "Startup Cost": 318353.58,
      "Total Cost": 318353.59,
      "Plan Rows": 1,
      "Plan Width": 8,
      "Actual Startup Time": 3317.232,
      "Actual Total Time": 3359.426,
      "Actual Rows": 1,
      "Actual Loops": 1,
      "Plans": [
        {
          "Node Type": "Gather",
          "Parent Relationship": "Outer",
          "Parallel Aware": false,
          "Startup Cost": 318353.05,
          "Total Cost": 318353.56,
          "Plan Rows": 5,
          "Plan Width": 8,
          "Actual Startup Time": 3298.055,
          "Actual Total Time": 3359.407,
          "Actual Rows": 6,
          "Actual Loops": 1,
          "Workers Planned": 5,
          "Workers Launched": 5,
          "Single Copy": false,
          "Plans": [
            {
              "Node Type": "Aggregate",
              "Strategy": "Plain",
              "Partial Mode": "Partial",
              "Parent Relationship": "Outer",
              "Parallel Aware": false,
              "Startup Cost": 317353.05,
              "Total Cost": 317353.06,
              "Plan Rows": 1,
              "Plan Width": 8,
              "Actual Startup Time": 3283.905,
              "Actual Total Time": 3284.536,
              "Actual Rows": 1,
              "Actual Loops": 6,
              "Plans": [
                {
                  "Node Type": "Hash Join",
                  "Parent Relationship": "Outer",
                  "Parallel Aware": true,
                  "Join Type": "Inner",
                  "Startup Cost": 102005.99,
                  "Total Cost": 311883.39,
                  "Plan Rows": 2187866,
                  "Plan Width": 0,
                  "Actual Startup Time": 561.156,
                  "Actual Total Time": 2535.025,
                  "Actual Rows": 16888941,
                  "Actual Loops": 6,
                  "Inner Unique": false,
                  "Hash Cond": "(mi.movie_id = t.id)",
                  "Plans": [
                    {
                      "Node Type": "Seq Scan",
                      "Parent Relationship": "Outer",
                      "Parallel Aware": true,
                      "Relation Name": "movie_info",
                      "Alias": "mi",
                      "Startup Cost": 0.0,
                      "Total Cost": 191685.19,
                      "Plan Rows": 2969219,
                      "Plan Width": 4,
                      "Actual Startup Time": 0.042,
                      "Actual Total Time": 285.796,
                      "Actual Rows": 2472620,
                      "Actual Loops": 6
                    },
                    {
                      "Node Type": "Hash",
                      "Parent Relationship": "Inner",
                      "Parallel Aware": true,
                      "Startup Cost": 94493.63,
                      "Total Cost": 94493.63,
                      "Plan Rows": 600989,
                      "Plan Width": 8,
                      "Actual Startup Time": 554.738,
                      "Actual Total Time": 555.368,
                      "Actual Rows": 308246,
                      "Actual Loops": 6,
                      "Hash Buckets": 2097152,
                      "Original Hash Buckets": 2097152,
                      "Hash Batches": 1,
                      "Original Hash Batches": 1,
                      "Peak Memory Usage": 88832,
                      "Plans": [
                        {
                          "Node Type": "Hash Join",
                          "Parent Relationship": "Outer",
                          "Parallel Aware": true,
                          "Join Type": "Inner",
                          "Startup Cost": 50220.38,
                          "Total Cost": 94493.63,
                          "Plan Rows": 600989,
                          "Plan Width": 8,
                          "Actual Startup Time": 296.428,
                          "Actual Total Time": 452.246,
                          "Actual Rows": 308246,
                          "Actual Loops": 6,
                          "Inner Unique": true,
                          "Hash Cond": "(mk.movie_id = t.id)",
                          "Plans": [
                            {
                              "Node Type": "Seq Scan",
                              "Parent Relationship": "Outer",
                              "Parallel Aware": true,
                              "Relation Name": "movie_keyword",
                              "Alias": "mk",
                              "Startup Cost": 0.0,
                              "Total Cost": 42695.65,
                              "Plan Rows": 600989,
                              "Plan Width": 4,
                              "Actual Startup Time": 0.351,
                              "Actual Total Time": 80.601,
                              "Actual Rows": 308246,
                              "Actual Loops": 6,
                              "Filter": "(keyword_id > 7477)",
                              "Rows Removed by Filter": 445742
                            },
                            {
                              "Node Type": "Hash",
                              "Parent Relationship": "Inner",
                              "Parallel Aware": true,
                              "Startup Cost": 42319.06,
                              "Total Cost": 42319.06,
                              "Plan Rows": 632106,
                              "Plan Width": 4,
                              "Actual Startup Time": 290.905,
                              "Actual Total Time": 290.907,
                              "Actual Rows": 421385,
                              "Actual Loops": 6,
                              "Hash Buckets": 4194304,
                              "Original Hash Buckets": 4194304,
                              "Hash Batches": 1,
                              "Original Hash Batches": 1,
                              "Peak Memory Usage": 131808,
                              "Plans": [
                                {
                                  "Node Type": "Seq Scan",
                                  "Parent Relationship": "Outer",
                                  "Parallel Aware": true,
                                  "Relation Name": "title",
                                  "Alias": "t",
                                  "Startup Cost": 0.0,
                                  "Total Cost": 42319.06,
                                  "Plan Rows": 632106,
                                  "Plan Width": 4,
                                  "Actual Startup Time": 0.066,
                                  "Actual Total Time": 81.979,
                                  "Actual Rows": 421385,
                                  "Actual Loops": 6
                                }
                              ]
                            }
                          ]
                        }
                      ]
                    }
                  ]
                }
              ]
            }
          ]
        }
      ]
    },
    "Planning Time": 1.265,
    "Triggers": [],
    "Execution Time": 3359.504
  }
]