[
  {
    "Plan": {
      "Node Type": "Aggregate",
      "Strategy": "Plain",
      "Partial Mode": "Finalize",
      "Parallel Aware": false,
      "Startup Cost": 44819.09,
      "Total Cost": 44819.1,
      "Plan Rows": 1,
      "Plan Width": 8,
      "Actual Startup Time": 133.606,
      "Actual Total Time": 143.19,
      "Actual Rows": 1,
      "Actual Loops": 1,
      "Plans": [
        {
          "Node Type": "Gather",
          "Parent Relationship": "Outer",
          "Parallel Aware": false,
          "Startup Cost": 44818.77,
          "Total Cost": 44819.08,
          "Plan Rows": 3,
          "Plan Width": 8,
          "Actual Startup Time": 133.504,
          "Actual Total Time": 143.181,
          "Actual Rows": 4,
          "Actual Loops": 1,
          "Workers Planned": 3,
          "Workers Launched": 3,
          "Single Copy": false,
          "Plans": [
            {
              "Node Type": "Aggregate",
              "Strategy": "Plain",
              "Partial Mode": "Partial",
              "Parent Relationship": "Outer",
              "Parallel Aware": false,
              "Startup Cost": 43818.77,
              "Total Cost": 43818.78,
              "Plan Rows": 1,
              "Plan Width": 8,
              "Actual Startup Time": 124.888,
              "Actual Total Time": 124.889,
              "Actual Rows": 1,
              "Actual Loops": 4,
              "Plans": [
                {
                  "Node Type": "Seq Scan",
                  "Parent Relationship": "Outer",
                  "Parallel Aware": true,
                  "Relation Name": "movie_keyword",
                  "Alias": "mk",
                  "Startup Cost": 0.0,
                  "Total Cost": 42695.65,
                  "Plan Rows": 449246,
                  "Plan Width": 0,
                  "Actual Startup Time": 0.921,
                  "Actual Total Time": 107.743,
                  "Actual Rows": 349266,
                  "Actual Loops": 4,
                  "Filter": "(keyword_id > 11990)",
                  "Rows Removed by Filter": 781716
                }
              ]
            }
          ]
        }
      ]
    },
    "Planning Time": 0.164,
    "Triggers": [],
    "Execution Time": 143.242
  }
]