[
    {
        "Bao": {
            "Bao prediction": "NaN",
            "Bao recommended hint": "(no hint)"
        }
    },
    {
        "Plan": {
            "Node Type": "Aggregate",
            "Strategy": "Plain",
            "Partial Mode": "Finalize",
            "Parallel Aware": false,
            "Startup Cost": 30906.56,
            "Total Cost": 30906.57,
            "Plan Rows": 1,
            "Plan Width": 8,
            "Actual Startup Time": 124.518,
            "Actual Total Time": 134.536,
            "Actual Rows": 1,
            "Actual Loops": 1,
            "Output": [
                "count(*)"
            ],
            "Plans": [
                {
                    "Node Type": "Gather",
                    "Parent Relationship": "Outer",
                    "Parallel Aware": false,
                    "Startup Cost": 30906.24,
                    "Total Cost": 30906.55,
                    "Plan Rows": 3,
                    "Plan Width": 8,
                    "Actual Startup Time": 124.37,
                    "Actual Total Time": 134.523,
                    "Actual Rows": 4,
                    "Actual Loops": 1,
                    "Output": [
                        "(PARTIAL count(*))"
                    ],
                    "Workers Planned": 3,
                    "Workers Launched": 3,
                    "Single Copy": false,
                    "Plans": [
                        {
                            "Node Type": "Aggregate",
                            "Strategy": "Plain",
                            "Partial Mode": "Partial",
                            "Parent Relationship": "Outer",
                            "Parallel Aware": false,
                            "Startup Cost": 29906.24,
                            "Total Cost": 29906.25,
                            "Plan Rows": 1,
                            "Plan Width": 8,
                            "Actual Startup Time": 115.269,
                            "Actual Total Time": 115.271,
                            "Actual Rows": 1,
                            "Actual Loops": 4,
                            "Output": [
                                "PARTIAL count(*)"
                            ],
                            "Workers": [
                                {
                                    "Worker Number": 0,
                                    "Actual Startup Time": 112.272,
                                    "Actual Total Time": 112.273,
                                    "Actual Rows": 1,
                                    "Actual Loops": 1
                                },
                                {
                                    "Worker Number": 1,
                                    "Actual Startup Time": 112.19,
                                    "Actual Total Time": 112.192,
                                    "Actual Rows": 1,
                                    "Actual Loops": 1
                                },
                                {
                                    "Worker Number": 2,
                                    "Actual Startup Time": 112.82,
                                    "Actual Total Time": 112.823,
                                    "Actual Rows": 1,
                                    "Actual Loops": 1
                                }
                            ],
                            "Plans": [
                                {
                                    "Node Type": "Seq Scan",
                                    "Parent Relationship": "Outer",
                                    "Parallel Aware": true,
                                    "Relation Name": "movie_companies",
                                    "Schema": "public",
                                    "Alias": "mc",
                                    "Startup Cost": 0.0,
                                    "Total Cost": 29310.68,
                                    "Plan Rows": 238223,
                                    "Plan Width": 0,
                                    "Actual Startup Time": 28.45,
                                    "Actual Total Time": 102.879,
                                    "Actual Rows": 184899,
                                    "Actual Loops": 4,
                                    "Output": [
                                        "id",
                                        "movie_id",
                                        "company_id",
                                        "company_type_id",
                                        "note"
                                    ],
                                    "Filter": "(mc.company_id > 38784)",
                                    "Rows Removed by Filter": 467383,
                                    "Workers": [
                                        {
                                            "Worker Number": 0,
                                            "Actual Startup Time": 25.438,
                                            "Actual Total Time": 100.359,
                                            "Actual Rows": 172691,
                                            "Actual Loops": 1
                                        },
                                        {
                                            "Worker Number": 1,
                                            "Actual Startup Time": 25.368,
                                            "Actual Total Time": 100.114,
                                            "Actual Rows": 174630,
                                            "Actual Loops": 1
                                        },
                                        {
                                            "Worker Number": 2,
                                            "Actual Startup Time": 26.016,
                                            "Actual Total Time": 101.042,
                                            "Actual Rows": 168860,
                                            "Actual Loops": 1
                                        }
                                    ]
                                }
                            ]
                        }
                    ]
                }
            ]
        },
        "Planning Time": 309.888,
        "Triggers": [],
        "Execution Time": 134.686
    }
]