[
  {
    "Plan": {
      "Node Type": "Aggregate",
      "Strategy": "Plain",
      "Partial Mode": "Finalize",
      "Parallel Aware": false,
      "Startup Cost": 199509.88,
      "Total Cost": 199509.89,
      "Plan Rows": 1,
      "Plan Width": 8,
      "Actual Startup Time": 572.584,
      "Actual Total Time": 596.65,
      "Actual Rows": 1,
      "Actual Loops": 1,
      "Plans": [
        {
          "Node Type": "Gather",
          "Parent Relationship": "Outer",
          "Parallel Aware": false,
          "Startup Cost": 199509.36,
          "Total Cost": 199509.87,
          "Plan Rows": 5,
          "Plan Width": 8,
          "Actual Startup Time": 567.882,
          "Actual Total Time": 596.64,
          "Actual Rows": 6,
          "Actual Loops": 1,
          "Workers Planned": 5,
          "Workers Launched": 5,
          "Single Copy": false,
          "Plans": [
            {
              "Node Type": "Aggregate",
              "Strategy": "Plain",
              "Partial Mode": "Partial",
              "Parent Relationship": "Outer",
              "Parallel Aware": false,
              "Startup Cost": 198509.36,
              "Total Cost": 198509.37,
              "Plan Rows": 1,
              "Plan Width": 8,
              "Actual Startup Time": 555.915,
              "Actual Total Time": 556.05,
              "Actual Rows": 1,
              "Actual Loops": 6,
              "Plans": [
                {
                  "Node Type": "Hash Join",
                  "Parent Relationship": "Outer",
                  "Parallel Aware": true,
                  "Join Type": "Inner",
                  "Startup Cost": 77413.21,
                  "Total Cost": 198320.68,
                  "Plan Rows": 75471,
                  "Plan Width": 0,
                  "Actual Startup Time": 253.175,
                  "Actual Total Time": 545.67,
                  "Actual Rows": 201768,
                  "Actual Loops": 6,
                  "Inner Unique": false,
                  "Hash Cond": "(ci.movie_id = t.id)",
                  "Plans": [
                    {
                      "Node Type": "Index Scan",
                      "Parent Relationship": "Outer",
                      "Parallel Aware": true,
                      "Scan Direction": "Forward",
                      "Index Name": "role_id_cast_info",
                      "Relation Name": "cast_info",
                      "Alias": "ci",
                      "Startup Cost": 0.56,
                      "Total Cost": 117431.66,
                      "Plan Rows": 876718,
                      "Plan Width": 4,
                      "Actual Startup Time": 0.439,
                      "Actual Total Time": 142.345,
                      "Actual Rows": 720503,
                      "Actual Loops": 6,
                      "Index Cond": "(role_id = 10)",
                      "Rows Removed by Index Recheck": 0
                    },
                    {
                      "Node Type": "Hash",
                      "Parent Relationship": "Inner",
                      "Parallel Aware": true,
                      "Startup Cost": 76732.51,
                      "Total Cost": 76732.51,
                      "Plan Rows": 54411,
                      "Plan Width": 8,
                      "Actual Startup Time": 250.662,
                      "Actual Total Time": 250.795,
                      "Actual Rows": 33515,
                      "Actual Loops": 6,
                      "Hash Buckets": 262144,
                      "Original Hash Buckets": 262144,
                      "Hash Batches": 1,
                      "Original Hash Batches": 1,
                      "Peak Memory Usage": 10048,
                      "Plans": [
                        {
                          "Node Type": "Hash Join",
                          "Parent Relationship": "Outer",
                          "Parallel Aware": true,
                          "Join Type": "Inner",
                          "Startup Cost": 31150.91,
                          "Total Cost": 76732.51,
                          "Plan Rows": 54411,
                          "Plan Width": 8,
                          "Actual Startup Time": 111.902,
                          "Actual Total Time": 235.818,
                          "Actual Rows": 33515,
                          "Actual Loops": 6,
                          "Inner Unique": false,
                          "Hash Cond": "(t.id = mc.movie_id)",
                          "Plans": [
                            {
                              "Node Type": "Seq Scan",
                              "Parent Relationship": "Outer",
                              "Parallel Aware": true,
                              "Relation Name": "title",
                              "Alias": "t",
                              "Startup Cost": 0.0,
                              "Total Cost": 43898.92,
                              "Plan Rows": 301434,
                              "Plan Width": 4,
                              "Actual Startup Time": 0.02,
                              "Actual Total Time": 78.084,
                              "Actual Rows": 198753,
                              "Actual Loops": 6,
                              "Filter": "(production_year > 2003)",
                              "Rows Removed by Filter": 222632
                            },
                            {
                              "Node Type": "Hash",
                              "Parent Relationship": "Inner",
                              "Parallel Aware": true,
                              "Startup Cost": 29310.68,
                              "Total Cost": 29310.68,
                              "Plan Rows": 147218,
                              "Plan Width": 4,
                              "Actual Startup Time": 96.625,
                              "Actual Total Time": 96.629,
                              "Actual Rows": 77160,
                              "Actual Loops": 6,
                              "Hash Buckets": 524288,
                              "Original Hash Buckets": 524288,
                              "Hash Batches": 1,
                              "Original Hash Batches": 1,
                              "Peak Memory Usage": 22272,
                              "Plans": [
                                {
                                  "Node Type": "Seq Scan",
                                  "Parent Relationship": "Outer",
                                  "Parallel Aware": true,
                                  "Relation Name": "movie_companies",
                                  "Alias": "mc",
                                  "Startup Cost": 0.0,
                                  "Total Cost": 29310.68,
                                  "Plan Rows": 147218,
                                  "Plan Width": 4,
                                  "Actual Startup Time": 41.45,
                                  "Actual Total Time": 67.08,
                                  "Actual Rows": 77160,
                                  "Actual Loops": 6,
                                  "Filter": "(company_id > 76379)",
                                  "Rows Removed by Filter": 357695
                                }
                              ]
                            }
                          ]
                        }
                      ]
                    }
                  ]
                }
              ]
            }
          ]
        }
      ]
    },
    "Planning Time": 1.365,
    "Triggers": [],
    "Execution Time": 596.794
  }
]