[
  {
    "Plan": {
      "Node Type": "Aggregate",
      "Strategy": "Plain",
      "Partial Mode": "Finalize",
      "Parallel Aware": false,
      "Startup Cost": 238116.46,
      "Total Cost": 238116.47,
      "Plan Rows": 1,
      "Plan Width": 8,
      "Actual Startup Time": 2476.841,
      "Actual Total Time": 2569.195,
      "Actual Rows": 1,
      "Actual Loops": 1,
      "Plans": [
        {
          "Node Type": "Gather",
          "Parent Relationship": "Outer",
          "Parallel Aware": false,
          "Startup Cost": 238116.04,
          "Total Cost": 238116.45,
          "Plan Rows": 4,
          "Plan Width": 8,
          "Actual Startup Time": 2473.089,
          "Actual Total Time": 2569.172,
          "Actual Rows": 5,
          "Actual Loops": 1,
          "Workers Planned": 4,
          "Workers Launched": 4,
          "Single Copy": false,
          "Plans": [
            {
              "Node Type": "Aggregate",
              "Strategy": "Plain",
              "Partial Mode": "Partial",
              "Parent Relationship": "Outer",
              "Parallel Aware": false,
              "Startup Cost": 237116.04,
              "Total Cost": 237116.05,
              "Plan Rows": 1,
              "Plan Width": 8,
              "Actual Startup Time": 2462.919,
              "Actual Total Time": 2463.03,
              "Actual Rows": 1,
              "Actual Loops": 5,
              "Plans": [
                {
                  "Node Type": "Nested Loop",
                  "Parent Relationship": "Outer",
                  "Parallel Aware": false,
                  "Join Type": "Inner",
                  "Startup Cost": 33429.36,
                  "Total Cost": 236218.55,
                  "Plan Rows": 358996,
                  "Plan Width": 0,
                  "Actual Startup Time": 125.36,
                  "Actual Total Time": 2412.043,
                  "Actual Rows": 1118811,
                  "Actual Loops": 5,
                  "Inner Unique": false,
                  "Plans": [
                    {
                      "Node Type": "Hash Join",
                      "Parent Relationship": "Outer",
                      "Parallel Aware": true,
                      "Join Type": "Inner",
                      "Startup Cost": 33428.79,
                      "Total Cost": 78908.13,
                      "Plan Rows": 55384,
                      "Plan Width": 8,
                      "Actual Startup Time": 125.091,
                      "Actual Total Time": 311.083,
                      "Actual Rows": 79195,
                      "Actual Loops": 5,
                      "Inner Unique": false,
                      "Hash Cond": "(t.id = mc.movie_id)",
                      "Plans": [
                        {
                          "Node Type": "Seq Scan",
                          "Parent Relationship": "Outer",
                          "Parallel Aware": true,
                          "Relation Name": "title",
                          "Alias": "t",
                          "Startup Cost": 0.0,
                          "Total Cost": 43898.92,
                          "Plan Rows": 280352,
                          "Plan Width": 4,
                          "Actual Startup Time": 0.015,
                          "Actual Total Time": 73.705,
                          "Actual Rows": 226671,
                          "Actual Loops": 5,
                          "Filter": "(production_year < 2002)",
                          "Rows Removed by Filter": 278991
                        },
                        {
                          "Node Type": "Hash",
                          "Parent Relationship": "Inner",
                          "Parallel Aware": true,
                          "Startup Cost": 31414.82,
                          "Total Cost": 31414.82,
                          "Plan Rows": 161118,
                          "Plan Width": 4,
                          "Actual Startup Time": 122.306,
                          "Actual Total Time": 122.307,
                          "Actual Rows": 141103,
                          "Actual Loops": 5,
                          "Hash Buckets": 1048576,
                          "Original Hash Buckets": 524288,
                          "Hash Batches": 1,
                          "Original Hash Batches": 1,
                          "Peak Memory Usage": 39936,
                          "Plans": [
                            {
                              "Node Type": "Seq Scan",
                              "Parent Relationship": "Outer",
                              "Parallel Aware": true,
                              "Relation Name": "movie_companies",
                              "Alias": "mc",
                              "Startup Cost": 0.0,
                              "Total Cost": 31414.82,
                              "Plan Rows": 161118,
                              "Plan Width": 4,
                              "Actual Startup Time": 0.047,
                              "Actual Total Time": 64.992,
                              "Actual Rows": 141103,
                              "Actual Loops": 5,
                              "Filter": "((company_id < 5113) AND (company_type_id < 2))",
                              "Rows Removed by Filter": 380723
                            }
                          ]
                        }
                      ]
                    },
                    {
                      "Node Type": "Index Scan",
                      "Parent Relationship": "Inner",
                      "Parallel Aware": false,
                      "Scan Direction": "Forward",
                      "Index Name": "movie_id_cast_info",
                      "Relation Name": "cast_info",
                      "Alias": "ci",
                      "Startup Cost": 0.56,
                      "Total Cost": 2.67,
                      "Plan Rows": 17,
                      "Plan Width": 4,
                      "Actual Startup Time": 0.017,
                      "Actual Total Time": 0.025,
                      "Actual Rows": 14,
                      "Actual Loops": 395974,
                      "Index Cond": "(movie_id = t.id)",
                      "Rows Removed by Index Recheck": 0,
                      "Filter": "(role_id > 2)",
                      "Rows Removed by Filter": 19
                    }
                  ]
                }
              ]
            }
          ]
        }
      ]
    },
    "Planning Time": 1.399,
    "Triggers": [],
    "Execution Time": 2569.31
  }
]