{
  "Plan": {
    "Node Type": "Aggregate",
    "Strategy": "Plain",
    "Partial Mode": "Finalize",
    "Parallel Aware": false,
    "Startup Cost": 152464.7,
    "Total Cost": 152464.71,
    "Plan Rows": 1,
    "Plan Width": 8,
    "Actual Startup Time": 906.883,
    "Actual Total Time": 929.127,
    "Actual Rows": 1,
    "Actual Loops": 1,
    "Plans": [
      {
        "Node Type": "Gather",
        "Parent Relationship": "Outer",
        "Parallel Aware": false,
        "Startup Cost": 152464.58,
        "Total Cost": 152464.69,
        "Plan Rows": 1,
        "Plan Width": 8,
        "Actual Startup Time": 904.842,
        "Actual Total Time": 929.117,
        "Actual Rows": 2,
        "Actual Loops": 1,
        "Workers Planned": 1,
        "Workers Launched": 1,
        "Single Copy": false,
        "Plans": [
          {
            "Node Type": "Aggregate",
            "Strategy": "Plain",
            "Partial Mode": "Partial",
            "Parent Relationship": "Outer",
            "Parallel Aware": false,
            "Startup Cost": 151464.58,
            "Total Cost": 151464.59,
            "Plan Rows": 1,
            "Plan Width": 8,
            "Actual Startup Time": 899.065,
            "Actual Total Time": 899.656,
            "Actual Rows": 1,
            "Actual Loops": 2,
            "Plans": [
              {
                "Node Type": "Hash Join",
                "Parent Relationship": "Outer",
                "Parallel Aware": true,
                "Join Type": "Inner",
                "Startup Cost": 83658.47,
                "Total Cost": 150863.63,
                "Plan Rows": 240381,
                "Plan Width": 0,
                "Actual Startup Time": 501.816,
                "Actual Total Time": 892.03,
                "Actual Rows": 146050,
                "Actual Loops": 2,
                "Inner Unique": false,
                "Hash Cond": "(mk.movie_id = t.id)",
                "Plans": [
                  {
                    "Node Type": "Seq Scan",
                    "Parent Relationship": "Outer",
                    "Parallel Aware": true,
                    "Relation Name": "movie_keyword",
                    "Alias": "mk",
                    "Startup Cost": 0.0,
                    "Total Cost": 57718.19,
                    "Plan Rows": 2152789,
                    "Plan Width": 4,
                    "Actual Startup Time": 0.02,
                    "Actual Total Time": 232.496,
                    "Actual Rows": 1833389,
                    "Actual Loops": 2,
                    "Filter": "(keyword_id < 21429)",
                    "Rows Removed by Filter": 428576
                  },
                  {
                    "Node Type": "Hash",
                    "Parent Relationship": "Inner",
                    "Parallel Aware": true,
                    "Startup Cost": 81582.66,
                    "Total Cost": 81582.66,
                    "Plan Rows": 166065,
                    "Plan Width": 8,
                    "Actual Startup Time": 495.979,
                    "Actual Total Time": 496.568,
                    "Actual Rows": 70953,
                    "Actual Loops": 2,
                    "Hash Buckets": 524288,
                    "Original Hash Buckets": 524288,
                    "Hash Batches": 1,
                    "Original Hash Batches": 1,
                    "Peak Memory Usage": 9664,
                    "Plans": [
                      {
                        "Node Type": "Hash Join",
                        "Parent Relationship": "Outer",
                        "Parallel Aware": true,
                        "Join Type": "Inner",
                        "Startup Cost": 21497.23,
                        "Total Cost": 81582.66,
                        "Plan Rows": 166065,
                        "Plan Width": 8,
                        "Actual Startup Time": 133.625,
                        "Actual Total Time": 472.771,
                        "Actual Rows": 70953,
                        "Actual Loops": 2,
                        "Inner Unique": false,
                        "Hash Cond": "(t.id = mi_idx.movie_id)",
                        "Plans": [
                          {
                            "Node Type": "Seq Scan",
                            "Parent Relationship": "Outer",
                            "Parallel Aware": true,
                            "Relation Name": "title",
                            "Alias": "t",
                            "Startup Cost": 0.0,
                            "Total Cost": 54588.39,
                            "Plan Rows": 904038,
                            "Plan Width": 4,
                            "Actual Startup Time": 0.012,
                            "Actual Total Time": 165.891,
                            "Actual Rows": 771632,
                            "Actual Loops": 2,
                            "Filter": "(kind_id = 7)",
                            "Rows Removed by Filter": 492524
                          },
                          {
                            "Node Type": "Hash",
                            "Parent Relationship": "Inner",
                            "Parallel Aware": true,
                            "Startup Cost": 18082.32,
                            "Total Cost": 18082.32,
                            "Plan Rows": 273193,
                            "Plan Width": 4,
                            "Actual Startup Time": 130.038,
                            "Actual Total Time": 130.039,
                            "Actual Rows": 229962,
                            "Actual Loops": 2,
                            "Hash Buckets": 524288,
                            "Original Hash Buckets": 524288,
                            "Hash Batches": 1,
                            "Original Hash Batches": 1,
                            "Peak Memory Usage": 22112,
                            "Plans": [
                              {
                                "Node Type": "Seq Scan",
                                "Parent Relationship": "Outer",
                                "Parallel Aware": true,
                                "Relation Name": "movie_info_idx",
                                "Alias": "mi_idx",
                                "Startup Cost": 0.0,
                                "Total Cost": 18082.32,
                                "Plan Rows": 273193,
                                "Plan Width": 4,
                                "Actual Startup Time": 0.122,
                                "Actual Total Time": 72.706,
                                "Actual Rows": 229962,
                                "Actual Loops": 2,
                                "Filter": "(info_type_id = 100)",
                                "Rows Removed by Filter": 460055
                              }
                            ]
                          }
                        ]
                      }
                    ]
                  }
                ]
              }
            ]
          }
        ]
      }
    ]
  },
  "Planning Time": 0.901,
  "Triggers": [],
  "Execution Time": 929.211
}