{
  "Plan": {
    "Node Type": "Aggregate",
    "Strategy": "Plain",
    "Partial Mode": "Simple",
    "Parallel Aware": false,
    "Startup Cost": 6194895.67,
    "Total Cost": 6194895.68,
    "Plan Rows": 1,
    "Plan Width": 64,
    "Actual Startup Time": 17725.264,
    "Actual Total Time": 17725.592,
    "Actual Rows": 1,
    "Actual Loops": 1,
    "Plans": [
      {
        "Node Type": "Merge Join",
        "Parent Relationship": "Outer",
        "Parallel Aware": false,
        "Join Type": "Inner",
        "Startup Cost": 5982374.67,
        "Total Cost": 6159531.73,
        "Plan Rows": 7072789,
        "Plan Width": 33,
        "Actual Startup Time": 16300.323,
        "Actual Total Time": 17537.68,
        "Actual Rows": 2487611,
        "Actual Loops": 1,
        "Inner Unique": false,
        "Merge Cond": "(cn.id = mc.company_id)",
        "Plans": [
          {
            "Node Type": "Index Scan",
            "Parent Relationship": "Outer",
            "Parallel Aware": false,
            "Scan Direction": "Forward",
            "Index Name": "company_name_pkey",
            "Relation Name": "company_name",
            "Alias": "cn",
            "Startup Cost": 0.42,
            "Total Cost": 12469.43,
            "Plan Rows": 85931,
            "Plan Width": 4,
            "Actual Startup Time": 0.024,
            "Actual Total Time": 159.124,
            "Actual Rows": 84843,
            "Actual Loops": 1,
            "Filter": "((country_code)::text = '[us]'::text)",
            "Rows Removed by Filter": 150154
          },
          {
            "Node Type": "Sort",
            "Parent Relationship": "Inner",
            "Parallel Aware": false,
            "Startup Cost": 5979417.16,
            "Total Cost": 6027772.36,
            "Plan Rows": 19342079,
            "Plan Width": 37,
            "Actual Startup Time": 16300.272,
            "Actual Total Time": 16856.147,
            "Actual Rows": 4961427,
            "Actual Loops": 1,
            "Sort Key": [
              "mc.company_id"
            ],
            "Sort Method": "quicksort",
            "Sort Space Used": 659786,
            "Sort Space Type": "Memory",
            "Plans": [
              {
                "Node Type": "Merge Join",
                "Parent Relationship": "Outer",
                "Parallel Aware": false,
                "Join Type": "Inner",
                "Startup Cost": 3201467.1,
                "Total Cost": 3638518.88,
                "Plan Rows": 19342079,
                "Plan Width": 37,
                "Actual Startup Time": 11956.191,
                "Actual Total Time": 14430.805,
                "Actual Rows": 4961427,
                "Actual Loops": 1,
                "Inner Unique": false,
                "Merge Cond": "(mc.movie_id = ci.movie_id)",
                "Plans": [
                  {
                    "Node Type": "Index Scan",
                    "Parent Relationship": "Outer",
                    "Parallel Aware": false,
                    "Scan Direction": "Forward",
                    "Index Name": "movie_id_movie_companies",
                    "Relation Name": "movie_companies",
                    "Alias": "mc",
                    "Startup Cost": 0.43,
                    "Total Cost": 140404.76,
                    "Plan Rows": 2609129,
                    "Plan Width": 8,
                    "Actual Startup Time": 0.016,
                    "Actual Total Time": 936.521,
                    "Actual Rows": 2609129,
                    "Actual Loops": 1
                  },
                  {
                    "Node Type": "Sort",
                    "Parent Relationship": "Inner",
                    "Parallel Aware": false,
                    "Startup Cost": 3201465.22,
                    "Total Cost": 3219438.99,
                    "Plan Rows": 7189508,
                    "Plan Width": 41,
                    "Actual Startup Time": 11955.951,
                    "Actual Total Time": 12537.827,
                    "Actual Rows": 5822620,
                    "Actual Loops": 1,
                    "Sort Key": [
                      "ci.movie_id"
                    ],
                    "Sort Method": "quicksort",
                    "Sort Space Used": 328391,
                    "Sort Space Type": "Memory",
                    "Plans": [
                      {
                        "Node Type": "Merge Join",
                        "Parent Relationship": "Outer",
                        "Parallel Aware": false,
                        "Join Type": "Inner",
                        "Startup Cost": 1914588.65,
                        "Total Cost": 2382671.51,
                        "Plan Rows": 7189508,
                        "Plan Width": 41,
                        "Actual Startup Time": 5667.651,
                        "Actual Total Time": 10722.997,
                        "Actual Rows": 2343724,
                        "Actual Loops": 1,
                        "Inner Unique": false,
                        "Merge Cond": "(n1.id = a1.person_id)",
                        "Plans": [
                          {
                            "Node Type": "Index Only Scan",
                            "Parent Relationship": "Outer",
                            "Parallel Aware": false,
                            "Scan Direction": "Forward",
                            "Index Name": "name_pkey",
                            "Relation Name": "name",
                            "Alias": "n1",
                            "Startup Cost": 0.43,
                            "Total Cost": 178171.22,
                            "Plan Rows": 4167377,
                            "Plan Width": 4,
                            "Actual Startup Time": 0.068,
                            "Actual Total Time": 1722.381,
                            "Actual Rows": 3228401,
                            "Actual Loops": 1,
                            "Heap Fetches": 3228401
                          },
                          {
                            "Node Type": "Materialize",
                            "Parent Relationship": "Inner",
                            "Parallel Aware": false,
                            "Startup Cost": 1914576.9,
                            "Total Cost": 2104216.16,
                            "Plan Rows": 7189508,
                            "Plan Width": 49,
                            "Actual Startup Time": 5667.398,
                            "Actual Total Time": 8518.39,
                            "Actual Rows": 2343724,
                            "Actual Loops": 1,
                            "Plans": [
                              {
                                "Node Type": "Merge Join",
                                "Parent Relationship": "Outer",
                                "Parallel Aware": false,
                                "Join Type": "Inner",
                                "Startup Cost": 1914576.9,
                                "Total Cost": 2086242.39,
                                "Plan Rows": 7189508,
                                "Plan Width": 49,
                                "Actual Startup Time": 5667.379,
                                "Actual Total Time": 7687.704,
                                "Actual Rows": 2343724,
                                "Actual Loops": 1,
                                "Inner Unique": false,
                                "Merge Cond": "(a1.person_id = ci.person_id)",
                                "Plans": [
                                  {
                                    "Node Type": "Index Scan",
                                    "Parent Relationship": "Outer",
                                    "Parallel Aware": false,
                                    "Scan Direction": "Forward",
                                    "Index Name": "person_id_aka_name",
                                    "Relation Name": "aka_name",
                                    "Alias": "a1",
                                    "Startup Cost": 0.42,
                                    "Total Cost": 72027.93,
                                    "Plan Rows": 901343,
                                    "Plan Width": 20,
                                    "Actual Startup Time": 0.028,
                                    "Actual Total Time": 440.081,
                                    "Actual Rows": 656221,
                                    "Actual Loops": 1
                                  },
                                  {
                                    "Node Type": "Sort",
                                    "Parent Relationship": "Inner",
                                    "Parallel Aware": false,
                                    "Startup Cost": 1914574.85,
                                    "Total Cost": 1922128.56,
                                    "Plan Rows": 3021485,
                                    "Plan Width": 29,
                                    "Actual Startup Time": 5667.167,
                                    "Actual Total Time": 6736.875,
                                    "Actual Rows": 3986492,
                                    "Actual Loops": 1,
                                    "Sort Key": [
                                      "ci.person_id"
                                    ],
                                    "Sort Method": "quicksort",
                                    "Sort Space Used": 320189,
                                    "Sort Space Type": "Memory",
                                    "Plans": [
                                      {
                                        "Node Type": "Gather",
                                        "Parent Relationship": "Outer",
                                        "Parallel Aware": false,
                                        "Startup Cost": 1267028.11,
                                        "Total Cost": 1589359.93,
                                        "Plan Rows": 3021485,
                                        "Plan Width": 29,
                                        "Actual Startup Time": 3215.028,
                                        "Actual Total Time": 4759.273,
                                        "Actual Rows": 2728943,
                                        "Actual Loops": 1,
                                        "Workers Planned": 6,
                                        "Workers Launched": 6,
                                        "Single Copy": false,
                                        "Plans": [
                                          {
                                            "Node Type": "Merge Join",
                                            "Parent Relationship": "Outer",
                                            "Parallel Aware": false,
                                            "Join Type": "Inner",
                                            "Startup Cost": 1266028.11,
                                            "Total Cost": 1286211.43,
                                            "Plan Rows": 503581,
                                            "Plan Width": 29,
                                            "Actual Startup Time": 3247.135,
                                            "Actual Total Time": 4137.303,
                                            "Actual Rows": 389849,
                                            "Actual Loops": 7,
                                            "Inner Unique": true,
                                            "Merge Cond": "(ci.movie_id = t.id)",
                                            "Plans": [
                                              {
                                                "Node Type": "Sort",
                                                "Parent Relationship": "Outer",
                                                "Parallel Aware": false,
                                                "Startup Cost": 935839.61,
                                                "Total Cost": 937098.56,
                                                "Plan Rows": 503581,
                                                "Plan Width": 8,
                                                "Actual Startup Time": 1767.257,
                                                "Actual Total Time": 1859.228,
                                                "Actual Rows": 389849,
                                                "Actual Loops": 7,
                                                "Sort Key": [
                                                  "ci.movie_id"
                                                ],
                                                "Sort Method": "quicksort",
                                                "Sort Space Used": 29875,
                                                "Sort Space Type": "Memory",
                                                "Workers": [
                                                  {
                                                    "Worker Number": 0,
                                                    "Sort Method": "quicksort",
                                                    "Sort Space Used": 27261,
                                                    "Sort Space Type": "Memory"
                                                  },
                                                  {
                                                    "Worker Number": 1,
                                                    "Sort Method": "quicksort",
                                                    "Sort Space Used": 30003,
                                                    "Sort Space Type": "Memory"
                                                  },
                                                  {
                                                    "Worker Number": 2,
                                                    "Sort Method": "quicksort",
                                                    "Sort Space Used": 29546,
                                                    "Sort Space Type": "Memory"
                                                  },
                                                  {
                                                    "Worker Number": 3,
                                                    "Sort Method": "quicksort",
                                                    "Sort Space Used": 36639,
                                                    "Sort Space Type": "Memory"
                                                  },
                                                  {
                                                    "Worker Number": 4,
                                                    "Sort Method": "quicksort",
                                                    "Sort Space Used": 30698,
                                                    "Sort Space Type": "Memory"
                                                  },
                                                  {
                                                    "Worker Number": 5,
                                                    "Sort Method": "quicksort",
                                                    "Sort Space Used": 29916,
                                                    "Sort Space Type": "Memory"
                                                  }
                                                ],
                                                "Plans": [
                                                  {
                                                    "Node Type": "Merge Join",
                                                    "Parent Relationship": "Outer",
                                                    "Parallel Aware": false,
                                                    "Join Type": "Inner",
                                                    "Startup Cost": 1.72,
                                                    "Total Cost": 888145.8,
                                                    "Plan Rows": 503581,
                                                    "Plan Width": 8,
                                                    "Actual Startup Time": 1425.398,
                                                    "Actual Total Time": 1620.099,
                                                    "Actual Rows": 389849,
                                                    "Actual Loops": 7,
                                                    "Inner Unique": true,
                                                    "Merge Cond": "(ci.role_id = rt.id)",
                                                    "Plans": [
                                                      {
                                                        "Node Type": "Index Scan",
                                                        "Parent Relationship": "Outer",
                                                        "Parallel Aware": true,
                                                        "Scan Direction": "Forward",
                                                        "Index Name": "role_id_cast_info",
                                                        "Relation Name": "cast_info",
                                                        "Alias": "ci",
                                                        "Startup Cost": 0.56,
                                                        "Total Cost": 868001.39,
                                                        "Plan Rows": 6042971,
                                                        "Plan Width": 12,
                                                        "Actual Startup Time": 0.235,
                                                        "Actual Total Time": 1143.378,
                                                        "Actual Rows": 3837093,
                                                        "Actual Loops": 7
                                                      },
                                                      {
                                                        "Node Type": "Sort",
                                                        "Parent Relationship": "Inner",
                                                        "Parallel Aware": false,
                                                        "Startup Cost": 1.16,
                                                        "Total Cost": 1.16,
                                                        "Plan Rows": 1,
                                                        "Plan Width": 4,
                                                        "Actual Startup Time": 0.132,
                                                        "Actual Total Time": 0.134,
                                                        "Actual Rows": 1,
                                                        "Actual Loops": 7,
                                                        "Sort Key": [
                                                          "rt.id"
                                                        ],
                                                        "Sort Method": "quicksort",
                                                        "Sort Space Used": 25,
                                                        "Sort Space Type": "Memory",
                                                        "Workers": [
                                                          {
                                                            "Worker Number": 0,
                                                            "Sort Method": "quicksort",
                                                            "Sort Space Used": 25,
                                                            "Sort Space Type": "Memory"
                                                          },
                                                          {
                                                            "Worker Number": 1,
                                                            "Sort Method": "quicksort",
                                                            "Sort Space Used": 25,
                                                            "Sort Space Type": "Memory"
                                                          },
                                                          {
                                                            "Worker Number": 2,
                                                            "Sort Method": "quicksort",
                                                            "Sort Space Used": 25,
                                                            "Sort Space Type": "Memory"
                                                          },
                                                          {
                                                            "Worker Number": 3,
                                                            "Sort Method": "quicksort",
                                                            "Sort Space Used": 25,
                                                            "Sort Space Type": "Memory"
                                                          },
                                                          {
                                                            "Worker Number": 4,
                                                            "Sort Method": "quicksort",
                                                            "Sort Space Used": 25,
                                                            "Sort Space Type": "Memory"
                                                          },
                                                          {
                                                            "Worker Number": 5,
                                                            "Sort Method": "quicksort",
                                                            "Sort Space Used": 25,
                                                            "Sort Space Type": "Memory"
                                                          }
                                                        ],
                                                        "Plans": [
                                                          {
                                                            "Node Type": "Seq Scan",
                                                            "Parent Relationship": "Outer",
                                                            "Parallel Aware": false,
                                                            "Relation Name": "role_type",
                                                            "Alias": "rt",
                                                            "Startup Cost": 0.0,
                                                            "Total Cost": 1.15,
                                                            "Plan Rows": 1,
                                                            "Plan Width": 4,
                                                            "Actual Startup Time": 0.097,
                                                            "Actual Total Time": 0.1,
                                                            "Actual Rows": 1,
                                                            "Actual Loops": 7,
                                                            "Filter": "((role)::text = 'writer'::text)",
                                                            "Rows Removed by Filter": 11
                                                          }
                                                        ]
                                                      }
                                                    ]
                                                  }
                                                ]
                                              },
                                              {
                                                "Node Type": "Sort",
                                                "Parent Relationship": "Inner",
                                                "Parallel Aware": false,
                                                "Startup Cost": 330188.2,
                                                "Total Cost": 336509.47,
                                                "Plan Rows": 2528509,
                                                "Plan Width": 21,
                                                "Actual Startup Time": 1479.84,
                                                "Actual Total Time": 1920.108,
                                                "Actual Rows": 2525924,
                                                "Actual Loops": 7,
                                                "Sort Key": [
                                                  "t.id"
                                                ],
                                                "Sort Method": "quicksort",
                                                "Sort Space Used": 275055,
                                                "Sort Space Type": "Memory",
                                                "Workers": [
                                                  {
                                                    "Worker Number": 0,
                                                    "Sort Method": "quicksort",
                                                    "Sort Space Used": 275055,
                                                    "Sort Space Type": "Memory"
                                                  },
                                                  {
                                                    "Worker Number": 1,
                                                    "Sort Method": "quicksort",
                                                    "Sort Space Used": 275055,
                                                    "Sort Space Type": "Memory"
                                                  },
                                                  {
                                                    "Worker Number": 2,
                                                    "Sort Method": "quicksort",
                                                    "Sort Space Used": 275055,
                                                    "Sort Space Type": "Memory"
                                                  },
                                                  {
                                                    "Worker Number": 3,
                                                    "Sort Method": "quicksort",
                                                    "Sort Space Used": 275055,
                                                    "Sort Space Type": "Memory"
                                                  },
                                                  {
                                                    "Worker Number": 4,
                                                    "Sort Method": "quicksort",
                                                    "Sort Space Used": 275055,
                                                    "Sort Space Type": "Memory"
                                                  },
                                                  {
                                                    "Worker Number": 5,
                                                    "Sort Method": "quicksort",
                                                    "Sort Space Used": 275055,
                                                    "Sort Space Type": "Memory"
                                                  }
                                                ],
                                                "Plans": [
                                                  {
                                                    "Node Type": "Seq Scan",
                                                    "Parent Relationship": "Outer",
                                                    "Parallel Aware": false,
                                                    "Relation Name": "title",
                                                    "Alias": "t",
                                                    "Startup Cost": 0.0,
                                                    "Total Cost": 61283.09,
                                                    "Plan Rows": 2528509,
                                                    "Plan Width": 21,
                                                    "Actual Startup Time": 0.054,
                                                    "Actual Total Time": 428.975,
                                                    "Actual Rows": 2528312,
                                                    "Actual Loops": 7
                                                  }
                                                ]
                                              }
                                            ]
                                          }
                                        ]
                                      }
                                    ]
                                  }
                                ]
                              }
                            ]
                          }
                        ]
                      }
                    ]
                  }
                ]
              }
            ]
          }
        ]
      }
    ]
  },
  "Planning Time": 11.101,
  "Triggers": [],
  "Execution Time": 17838.577
}