[
  {
    "Plan": {
      "Node Type": "Aggregate",
      "Strategy": "Plain",
      "Partial Mode": "Finalize",
      "Parallel Aware": false,
      "Startup Cost": 45324.37,
      "Total Cost": 45324.38,
      "Plan Rows": 1,
      "Plan Width": 8,
      "Actual Startup Time": 155.437,
      "Actual Total Time": 164.884,
      "Actual Rows": 1,
      "Actual Loops": 1,
      "Plans": [
        {
          "Node Type": "Gather",
          "Parent Relationship": "Outer",
          "Parallel Aware": false,
          "Startup Cost": 45324.05,
          "Total Cost": 45324.36,
          "Plan Rows": 3,
          "Plan Width": 8,
          "Actual Startup Time": 155.287,
          "Actual Total Time": 164.875,
          "Actual Rows": 4,
          "Actual Loops": 1,
          "Workers Planned": 3,
          "Workers Launched": 3,
          "Single Copy": false,
          "Plans": [
            {
              "Node Type": "Aggregate",
              "Strategy": "Plain",
              "Partial Mode": "Partial",
              "Parent Relationship": "Outer",
              "Parallel Aware": false,
              "Startup Cost": 44324.05,
              "Total Cost": 44324.06,
              "Plan Rows": 1,
              "Plan Width": 8,
              "Actual Startup Time": 149.397,
              "Actual Total Time": 149.398,
              "Actual Rows": 1,
              "Actual Loops": 4,
              "Plans": [
                {
                  "Node Type": "Seq Scan",
                  "Parent Relationship": "Outer",
                  "Parallel Aware": true,
                  "Relation Name": "movie_keyword",
                  "Alias": "mk",
                  "Startup Cost": 0.0,
                  "Total Cost": 42695.65,
                  "Plan Rows": 651359,
                  "Plan Width": 0,
                  "Actual Startup Time": 0.05,
                  "Actual Total Time": 123.356,
                  "Actual Rows": 505901,
                  "Actual Loops": 4,
                  "Filter": "(keyword_id < 3627)",
                  "Rows Removed by Filter": 625082
                }
              ]
            }
          ]
        }
      ]
    },
    "Planning Time": 0.121,
    "Triggers": [],
    "Execution Time": 164.923
  }
]