[
  {
    "Plan": {
      "Node Type": "Aggregate",
      "Strategy": "Plain",
      "Partial Mode": "Finalize",
      "Parallel Aware": false,
      "Startup Cost": 80351.82,
      "Total Cost": 80351.83,
      "Plan Rows": 1,
      "Plan Width": 8,
      "Actual Startup Time": 434.765,
      "Actual Total Time": 449.776,
      "Actual Rows": 1,
      "Actual Loops": 1,
      "Plans": [
        {
          "Node Type": "Gather",
          "Parent Relationship": "Outer",
          "Parallel Aware": false,
          "Startup Cost": 80351.5,
          "Total Cost": 80351.81,
          "Plan Rows": 3,
          "Plan Width": 8,
          "Actual Startup Time": 426.661,
          "Actual Total Time": 449.765,
          "Actual Rows": 4,
          "Actual Loops": 1,
          "Workers Planned": 3,
          "Workers Launched": 3,
          "Single Copy": false,
          "Plans": [
            {
              "Node Type": "Aggregate",
              "Strategy": "Plain",
              "Partial Mode": "Partial",
              "Parent Relationship": "Outer",
              "Parallel Aware": false,
              "Startup Cost": 79351.5,
              "Total Cost": 79351.51,
              "Plan Rows": 1,
              "Plan Width": 8,
              "Actual Startup Time": 420.411,
              "Actual Total Time": 420.414,
              "Actual Rows": 1,
              "Actual Loops": 4,
              "Plans": [
                {
                  "Node Type": "Hash Join",
                  "Parent Relationship": "Outer",
                  "Parallel Aware": true,
                  "Join Type": "Inner",
                  "Startup Cost": 48998.51,
                  "Total Cost": 78414.4,
                  "Plan Rows": 374839,
                  "Plan Width": 0,
                  "Actual Startup Time": 214.335,
                  "Actual Total Time": 415.747,
                  "Actual Rows": 113331,
                  "Actual Loops": 4,
                  "Inner Unique": true,
                  "Hash Cond": "(mc.movie_id = t.id)",
                  "Plans": [
                    {
                      "Node Type": "Seq Scan",
                      "Parent Relationship": "Outer",
                      "Parallel Aware": true,
                      "Relation Name": "movie_companies",
                      "Alias": "mc",
                      "Startup Cost": 0.0,
                      "Total Cost": 27206.55,
                      "Plan Rows": 841655,
                      "Plan Width": 4,
                      "Actual Startup Time": 0.01,
                      "Actual Total Time": 56.294,
                      "Actual Rows": 652282,
                      "Actual Loops": 4
                    },
                    {
                      "Node Type": "Hash",
                      "Parent Relationship": "Inner",
                      "Parallel Aware": true,
                      "Startup Cost": 45479.59,
                      "Total Cost": 45479.59,
                      "Plan Rows": 281514,
                      "Plan Width": 4,
                      "Actual Startup Time": 210.071,
                      "Actual Total Time": 210.072,
                      "Actual Rows": 303272,
                      "Actual Loops": 4,
                      "Hash Buckets": 2097152,
                      "Original Hash Buckets": 2097152,
                      "Hash Batches": 1,
                      "Original Hash Batches": 1,
                      "Peak Memory Usage": 63904,
                      "Plans": [
                        {
                          "Node Type": "Seq Scan",
                          "Parent Relationship": "Outer",
                          "Parallel Aware": true,
                          "Relation Name": "title",
                          "Alias": "t",
                          "Startup Cost": 0.0,
                          "Total Cost": 45479.59,
                          "Plan Rows": 281514,
                          "Plan Width": 4,
                          "Actual Startup Time": 0.022,
                          "Actual Total Time": 102.978,
                          "Actual Rows": 303272,
                          "Actual Loops": 4,
                          "Filter": "((production_year > 1986) AND (kind_id = 7))",
                          "Rows Removed by Filter": 328806
                        }
                      ]
                    }
                  ]
                }
              ]
            }
          ]
        }
      ]
    },
    "Planning Time": 0.372,
    "Triggers": [],
    "Execution Time": 449.813
  }
]