[
  {
    "Plan": {
      "Node Type": "Aggregate",
      "Strategy": "Plain",
      "Partial Mode": "Finalize",
      "Parallel Aware": false,
      "Startup Cost": 46676.57,
      "Total Cost": 46676.58,
      "Plan Rows": 1,
      "Plan Width": 8,
      "Actual Startup Time": 164.037,
      "Actual Total Time": 174.013,
      "Actual Rows": 1,
      "Actual Loops": 1,
      "Plans": [
        {
          "Node Type": "Gather",
          "Parent Relationship": "Outer",
          "Parallel Aware": false,
          "Startup Cost": 46676.25,
          "Total Cost": 46676.56,
          "Plan Rows": 3,
          "Plan Width": 8,
          "Actual Startup Time": 163.912,
          "Actual Total Time": 174.003,
          "Actual Rows": 4,
          "Actual Loops": 1,
          "Workers Planned": 3,
          "Workers Launched": 3,
          "Single Copy": false,
          "Plans": [
            {
              "Node Type": "Aggregate",
              "Strategy": "Plain",
              "Partial Mode": "Partial",
              "Parent Relationship": "Outer",
              "Parallel Aware": false,
              "Startup Cost": 45676.25,
              "Total Cost": 45676.26,
              "Plan Rows": 1,
              "Plan Width": 8,
              "Actual Startup Time": 158.398,
              "Actual Total Time": 158.399,
              "Actual Rows": 1,
              "Actual Loops": 4,
              "Plans": [
                {
                  "Node Type": "Seq Scan",
                  "Parent Relationship": "Outer",
                  "Parallel Aware": true,
                  "Relation Name": "movie_keyword",
                  "Alias": "mk",
                  "Startup Cost": 0.0,
                  "Total Cost": 42695.65,
                  "Plan Rows": 1192240,
                  "Plan Width": 0,
                  "Actual Startup Time": 0.047,
                  "Actual Total Time": 118.18,
                  "Actual Rows": 927884,
                  "Actual Loops": 4,
                  "Filter": "(keyword_id < 22585)",
                  "Rows Removed by Filter": 203098
                }
              ]
            }
          ]
        }
      ]
    },
    "Planning Time": 0.149,
    "Triggers": [],
    "Execution Time": 174.067
  }
]