[
  {
    "Plan": {
      "Node Type": "Aggregate",
      "Strategy": "Plain",
      "Partial Mode": "Finalize",
      "Parallel Aware": false,
      "Startup Cost": 337636.01,
      "Total Cost": 337636.02,
      "Plan Rows": 1,
      "Plan Width": 8,
      "Actual Startup Time": 820.919,
      "Actual Total Time": 864.217,
      "Actual Rows": 1,
      "Actual Loops": 1,
      "Plans": [
        {
          "Node Type": "Gather",
          "Parent Relationship": "Outer",
          "Parallel Aware": false,
          "Startup Cost": 337635.38,
          "Total Cost": 337635.99,
          "Plan Rows": 6,
          "Plan Width": 8,
          "Actual Startup Time": 820.736,
          "Actual Total Time": 864.201,
          "Actual Rows": 7,
          "Actual Loops": 1,
          "Workers Planned": 6,
          "Workers Launched": 6,
          "Single Copy": false,
          "Plans": [
            {
              "Node Type": "Aggregate",
              "Strategy": "Plain",
              "Partial Mode": "Partial",
              "Parent Relationship": "Outer",
              "Parallel Aware": false,
              "Startup Cost": 336635.38,
              "Total Cost": 336635.39,
              "Plan Rows": 1,
              "Plan Width": 8,
              "Actual Startup Time": 813.068,
              "Actual Total Time": 813.069,
              "Actual Rows": 1,
              "Actual Loops": 7,
              "Plans": [
                {
                  "Node Type": "Seq Scan",
                  "Parent Relationship": "Outer",
                  "Parallel Aware": true,
                  "Relation Name": "cast_info",
                  "Alias": "ci",
                  "Startup Cost": 0.0,
                  "Total Cost": 328211.39,
                  "Plan Rows": 3369596,
                  "Plan Width": 0,
                  "Actual Startup Time": 0.045,
                  "Actual Total Time": 673.31,
                  "Actual Rows": 2874666,
                  "Actual Loops": 7,
                  "Filter": "(role_id < 3)",
                  "Rows Removed by Filter": 2303098
                }
              ]
            }
          ]
        }
      ]
    },
    "Planning Time": 0.111,
    "Triggers": [],
    "Execution Time": 864.264
  }
]