[
  {
    "Plan": {
      "Node Type": "Aggregate",
      "Strategy": "Plain",
      "Partial Mode": "Finalize",
      "Parallel Aware": false,
      "Startup Cost": 33232.97,
      "Total Cost": 33232.98,
      "Plan Rows": 1,
      "Plan Width": 8,
      "Actual Startup Time": 99.025,
      "Actual Total Time": 106.638,
      "Actual Rows": 1,
      "Actual Loops": 1,
      "Plans": [
        {
          "Node Type": "Gather",
          "Parent Relationship": "Outer",
          "Parallel Aware": false,
          "Startup Cost": 33232.66,
          "Total Cost": 33232.97,
          "Plan Rows": 3,
          "Plan Width": 8,
          "Actual Startup Time": 98.896,
          "Actual Total Time": 106.63,
          "Actual Rows": 4,
          "Actual Loops": 1,
          "Workers Planned": 3,
          "Workers Launched": 3,
          "Single Copy": false,
          "Plans": [
            {
              "Node Type": "Aggregate",
              "Strategy": "Plain",
              "Partial Mode": "Partial",
              "Parent Relationship": "Outer",
              "Parallel Aware": false,
              "Startup Cost": 32232.66,
              "Total Cost": 32232.67,
              "Plan Rows": 1,
              "Plan Width": 8,
              "Actual Startup Time": 91.531,
              "Actual Total Time": 91.532,
              "Actual Rows": 1,
              "Actual Loops": 4,
              "Plans": [
                {
                  "Node Type": "Seq Scan",
                  "Parent Relationship": "Outer",
                  "Parallel Aware": true,
                  "Relation Name": "movie_companies",
                  "Alias": "mc",
                  "Startup Cost": 0.0,
                  "Total Cost": 31414.82,
                  "Plan Rows": 327135,
                  "Plan Width": 0,
                  "Actual Startup Time": 49.791,
                  "Actual Total Time": 84.103,
                  "Actual Rows": 180211,
                  "Actual Loops": 4,
                  "Filter": "((company_id < 61040) AND (company_type_id = 2))",
                  "Rows Removed by Filter": 472071
                }
              ]
            }
          ]
        }
      ]
    },
    "Planning Time": 0.251,
    "Triggers": [],
    "Execution Time": 106.695
  }
]