[
    {
        "Bao": {
            "Bao prediction": "NaN",
            "Bao recommended hint": "(no hint)"
        }
    },
    {
        "Plan": {
            "Node Type": "Aggregate",
            "Strategy": "Plain",
            "Partial Mode": "Simple",
            "Parallel Aware": false,
            "Startup Cost": 13799.05,
            "Total Cost": 13799.06,
            "Plan Rows": 1,
            "Plan Width": 8,
            "Actual Startup Time": 1.683,
            "Actual Total Time": 1.684,
            "Actual Rows": 1,
            "Actual Loops": 1,
            "Output": [
                "count(*)"
            ],
            "Plans": [
                {
                    "Node Type": "Bitmap Heap Scan",
                    "Parent Relationship": "Outer",
                    "Parallel Aware": false,
                    "Relation Name": "movie_companies",
                    "Schema": "public",
                    "Alias": "mc",
                    "Startup Cost": 149.68,
                    "Total Cost": 13781.88,
                    "Plan Rows": 6871,
                    "Plan Width": 0,
                    "Actual Startup Time": 0.289,
                    "Actual Total Time": 1.413,
                    "Actual Rows": 4726,
                    "Actual Loops": 1,
                    "Recheck Cond": "(mc.company_id = 394)",
                    "Rows Removed by Index Recheck": 0,
                    "Exact Heap Blocks": 386,
                    "Lossy Heap Blocks": 0,
                    "Plans": [
                        {
                            "Node Type": "Bitmap Index Scan",
                            "Parent Relationship": "Outer",
                            "Parallel Aware": false,
                            "Index Name": "company_id_movie_companies",
                            "Startup Cost": 0.0,
                            "Total Cost": 147.96,
                            "Plan Rows": 6871,
                            "Plan Width": 0,
                            "Actual Startup Time": 0.243,
                            "Actual Total Time": 0.244,
                            "Actual Rows": 4726,
                            "Actual Loops": 1,
                            "Index Cond": "(mc.company_id = 394)"
                        }
                    ]
                }
            ]
        },
        "Planning Time": 184.027,
        "Triggers": [],
        "Execution Time": 1.724
    }
]