[
  {
    "Plan": {
      "Node Type": "Aggregate",
      "Strategy": "Plain",
      "Partial Mode": "Finalize",
      "Parallel Aware": false,
      "Startup Cost": 46747.71,
      "Total Cost": 46747.72,
      "Plan Rows": 1,
      "Plan Width": 8,
      "Actual Startup Time": 180.03,
      "Actual Total Time": 190.619,
      "Actual Rows": 1,
      "Actual Loops": 1,
      "Plans": [
        {
          "Node Type": "Gather",
          "Parent Relationship": "Outer",
          "Parallel Aware": false,
          "Startup Cost": 46747.39,
          "Total Cost": 46747.7,
          "Plan Rows": 3,
          "Plan Width": 8,
          "Actual Startup Time": 179.907,
          "Actual Total Time": 190.611,
          "Actual Rows": 4,
          "Actual Loops": 1,
          "Workers Planned": 3,
          "Workers Launched": 3,
          "Single Copy": false,
          "Plans": [
            {
              "Node Type": "Aggregate",
              "Strategy": "Plain",
              "Partial Mode": "Partial",
              "Parent Relationship": "Outer",
              "Parallel Aware": false,
              "Startup Cost": 45747.39,
              "Total Cost": 45747.4,
              "Plan Rows": 1,
              "Plan Width": 8,
              "Actual Startup Time": 173.296,
              "Actual Total Time": 173.315,
              "Actual Rows": 1,
              "Actual Loops": 4,
              "Plans": [
                {
                  "Node Type": "Seq Scan",
                  "Parent Relationship": "Outer",
                  "Parallel Aware": true,
                  "Relation Name": "movie_keyword",
                  "Alias": "mk",
                  "Startup Cost": 0.0,
                  "Total Cost": 42695.65,
                  "Plan Rows": 1220695,
                  "Plan Width": 0,
                  "Actual Startup Time": 0.056,
                  "Actual Total Time": 129.41,
                  "Actual Rows": 948441,
                  "Actual Loops": 4,
                  "Filter": "(keyword_id < 25712)",
                  "Rows Removed by Filter": 182542
                }
              ]
            }
          ]
        }
      ]
    },
    "Planning Time": 0.186,
    "Triggers": [],
    "Execution Time": 190.674
  }
]