[
  {
    "Plan": {
      "Node Type": "Aggregate",
      "Strategy": "Plain",
      "Partial Mode": "Finalize",
      "Parallel Aware": false,
      "Startup Cost": 72445.19,
      "Total Cost": 72445.2,
      "Plan Rows": 1,
      "Plan Width": 8,
      "Actual Startup Time": 254.904,
      "Actual Total Time": 271.256,
      "Actual Rows": 1,
      "Actual Loops": 1,
      "Plans": [
        {
          "Node Type": "Gather",
          "Parent Relationship": "Outer",
          "Parallel Aware": false,
          "Startup Cost": 72444.77,
          "Total Cost": 72445.18,
          "Plan Rows": 4,
          "Plan Width": 8,
          "Actual Startup Time": 253.568,
          "Actual Total Time": 271.245,
          "Actual Rows": 5,
          "Actual Loops": 1,
          "Workers Planned": 4,
          "Workers Launched": 4,
          "Single Copy": false,
          "Plans": [
            {
              "Node Type": "Aggregate",
              "Strategy": "Plain",
              "Partial Mode": "Partial",
              "Parent Relationship": "Outer",
              "Parallel Aware": false,
              "Startup Cost": 71444.77,
              "Total Cost": 71444.78,
              "Plan Rows": 1,
              "Plan Width": 8,
              "Actual Startup Time": 243.875,
              "Actual Total Time": 243.94,
              "Actual Rows": 1,
              "Actual Loops": 5,
              "Plans": [
                {
                  "Node Type": "Hash Join",
                  "Parent Relationship": "Outer",
                  "Parallel Aware": true,
                  "Join Type": "Inner",
                  "Startup Cost": 25791.77,
                  "Total Cost": 71368.84,
                  "Plan Rows": 30372,
                  "Plan Width": 0,
                  "Actual Startup Time": 89.645,
                  "Actual Total Time": 241.903,
                  "Actual Rows": 37434,
                  "Actual Loops": 5,
                  "Inner Unique": false,
                  "Hash Cond": "(t.id = mc.movie_id)",
                  "Plans": [
                    {
                      "Node Type": "Seq Scan",
                      "Parent Relationship": "Outer",
                      "Parallel Aware": true,
                      "Relation Name": "title",
                      "Alias": "t",
                      "Startup Cost": 0.0,
                      "Total Cost": 42318.73,
                      "Plan Rows": 632073,
                      "Plan Width": 4,
                      "Actual Startup Time": 0.012,
                      "Actual Total Time": 68.387,
                      "Actual Rows": 505662,
                      "Actual Loops": 5
                    },
                    {
                      "Node Type": "Hash",
                      "Parent Relationship": "Inner",
                      "Parallel Aware": true,
                      "Startup Cost": 25301.9,
                      "Total Cost": 25301.9,
                      "Plan Rows": 39190,
                      "Plan Width": 4,
                      "Actual Startup Time": 88.083,
                      "Actual Total Time": 88.084,
                      "Actual Rows": 37434,
                      "Actual Loops": 5,
                      "Hash Buckets": 262144,
                      "Original Hash Buckets": 131072,
                      "Hash Batches": 1,
                      "Original Hash Batches": 1,
                      "Peak Memory Usage": 10464,
                      "Plans": [
                        {
                          "Node Type": "Bitmap Heap Scan",
                          "Parent Relationship": "Outer",
                          "Parallel Aware": true,
                          "Relation Name": "movie_companies",
                          "Alias": "mc",
                          "Startup Cost": 5317.74,
                          "Total Cost": 25301.9,
                          "Plan Rows": 39190,
                          "Plan Width": 4,
                          "Actual Startup Time": 23.714,
                          "Actual Total Time": 66.673,
                          "Actual Rows": 37434,
                          "Actual Loops": 5,
                          "Recheck Cond": "(company_id < 114)",
                          "Rows Removed by Index Recheck": 0,
                          "Filter": "(company_type_id = 1)",
                          "Rows Removed by Filter": 11351,
                          "Exact Heap Blocks": 6746,
                          "Lossy Heap Blocks": 0,
                          "Plans": [
                            {
                              "Node Type": "Bitmap Index Scan",
                              "Parent Relationship": "Outer",
                              "Parallel Aware": false,
                              "Index Name": "company_id_movie_companies",
                              "Startup Cost": 0.0,
                              "Total Cost": 5287.37,
                              "Plan Rows": 246792,
                              "Plan Width": 0,
                              "Actual Startup Time": 24.472,
                              "Actual Total Time": 24.473,
                              "Actual Rows": 243927,
                              "Actual Loops": 1,
                              "Index Cond": "(company_id < 114)"
                            }
                          ]
                        }
                      ]
                    }
                  ]
                }
              ]
            }
          ]
        }
      ]
    },
    "Planning Time": 0.658,
    "Triggers": [],
    "Execution Time": 271.353
  }
]