[
  {
    "Plan": {
      "Node Type": "Aggregate",
      "Strategy": "Plain",
      "Partial Mode": "Finalize",
      "Parallel Aware": false,
      "Startup Cost": 31248.22,
      "Total Cost": 31248.23,
      "Plan Rows": 1,
      "Plan Width": 8,
      "Actual Startup Time": 77.5,
      "Actual Total Time": 82.004,
      "Actual Rows": 1,
      "Actual Loops": 1,
      "Plans": [
        {
          "Node Type": "Gather",
          "Parent Relationship": "Outer",
          "Parallel Aware": false,
          "Startup Cost": 31247.8,
          "Total Cost": 31248.21,
          "Plan Rows": 4,
          "Plan Width": 8,
          "Actual Startup Time": 77.414,
          "Actual Total Time": 81.998,
          "Actual Rows": 5,
          "Actual Loops": 1,
          "Workers Planned": 4,
          "Workers Launched": 4,
          "Single Copy": false,
          "Plans": [
            {
              "Node Type": "Aggregate",
              "Strategy": "Plain",
              "Partial Mode": "Partial",
              "Parent Relationship": "Outer",
              "Parallel Aware": false,
              "Startup Cost": 30247.8,
              "Total Cost": 30247.81,
              "Plan Rows": 1,
              "Plan Width": 8,
              "Actual Startup Time": 64.272,
              "Actual Total Time": 64.273,
              "Actual Rows": 1,
              "Actual Loops": 5,
              "Plans": [
                {
                  "Node Type": "Index Scan",
                  "Parent Relationship": "Outer",
                  "Parallel Aware": true,
                  "Scan Direction": "Forward",
                  "Index Name": "role_id_cast_info",
                  "Relation Name": "cast_info",
                  "Alias": "ci",
                  "Startup Cost": 0.56,
                  "Total Cost": 29878.05,
                  "Plan Rows": 147899,
                  "Plan Width": 0,
                  "Actual Startup Time": 0.094,
                  "Actual Total Time": 54.802,
                  "Actual Rows": 177152,
                  "Actual Loops": 5,
                  "Index Cond": "(role_id = 9)",
                  "Rows Removed by Index Recheck": 0,
                  "Filter": "(person_id > 1623178)",
                  "Rows Removed by Filter": 41559
                }
              ]
            }
          ]
        }
      ]
    },
    "Planning Time": 0.14,
    "Triggers": [],
    "Execution Time": 82.049
  }
]