[
  {
    "Plan": {
      "Node Type": "Aggregate",
      "Strategy": "Plain",
      "Partial Mode": "Simple",
      "Parallel Aware": false,
      "Startup Cost": 987.2,
      "Total Cost": 987.21,
      "Plan Rows": 1,
      "Plan Width": 8,
      "Actual Startup Time": 11.044,
      "Actual Total Time": 11.046,
      "Actual Rows": 1,
      "Actual Loops": 1,
      "Plans": [
        {
          "Node Type": "Index Scan",
          "Parent Relationship": "Outer",
          "Parallel Aware": false,
          "Scan Direction": "Forward",
          "Index Name": "person_id_cast_info",
          "Relation Name": "cast_info",
          "Alias": "ci",
          "Startup Cost": 0.56,
          "Total Cost": 987.07,
          "Plan Rows": 52,
          "Plan Width": 0,
          "Actual Startup Time": 10.974,
          "Actual Total Time": 11.023,
          "Actual Rows": 70,
          "Actual Loops": 1,
          "Index Cond": "(person_id = 2800884)",
          "Rows Removed by Index Recheck": 0,
          "Filter": "(role_id = 3)",
          "Rows Removed by Filter": 1
        }
      ]
    },
    "Planning Time": 0.219,
    "Triggers": [],
    "Execution Time": 11.098
  }
]