{
  "Plan": {
    "Node Type": "Aggregate",
    "Strategy": "Plain",
    "Partial Mode": "Finalize",
    "Parallel Aware": false,
    "Startup Cost": 157504.46,
    "Total Cost": 157504.47,
    "Plan Rows": 1,
    "Plan Width": 8,
    "Actual Startup Time": 1247.766,
    "Actual Total Time": 1275.881,
    "Actual Rows": 1,
    "Actual Loops": 1,
    "Plans": [
      {
        "Node Type": "Gather",
        "Parent Relationship": "Outer",
        "Parallel Aware": false,
        "Startup Cost": 157504.35,
        "Total Cost": 157504.46,
        "Plan Rows": 1,
        "Plan Width": 8,
        "Actual Startup Time": 1239.785,
        "Actual Total Time": 1275.871,
        "Actual Rows": 2,
        "Actual Loops": 1,
        "Workers Planned": 1,
        "Workers Launched": 1,
        "Single Copy": false,
        "Plans": [
          {
            "Node Type": "Aggregate",
            "Strategy": "Plain",
            "Partial Mode": "Partial",
            "Parent Relationship": "Outer",
            "Parallel Aware": false,
            "Startup Cost": 156504.35,
            "Total Cost": 156504.36,
            "Plan Rows": 1,
            "Plan Width": 8,
            "Actual Startup Time": 1232.075,
            "Actual Total Time": 1233.288,
            "Actual Rows": 1,
            "Actual Loops": 2,
            "Plans": [
              {
                "Node Type": "Hash Join",
                "Parent Relationship": "Outer",
                "Parallel Aware": true,
                "Join Type": "Inner",
                "Startup Cost": 98081.61,
                "Total Cost": 155987.93,
                "Plan Rows": 206569,
                "Plan Width": 0,
                "Actual Startup Time": 947.673,
                "Actual Total Time": 1222.047,
                "Actual Rows": 272578,
                "Actual Loops": 2,
                "Inner Unique": false,
                "Hash Cond": "(ci.movie_id = t.id)",
                "Plans": [
                  {
                    "Node Type": "Index Scan",
                    "Parent Relationship": "Outer",
                    "Parallel Aware": true,
                    "Scan Direction": "Forward",
                    "Index Name": "role_id_cast_info",
                    "Relation Name": "cast_info",
                    "Alias": "ci",
                    "Startup Cost": 0.56,
                    "Total Cost": 55080.34,
                    "Plan Rows": 429716,
                    "Plan Width": 4,
                    "Actual Startup Time": 0.068,
                    "Actual Total Time": 118.869,
                    "Actual Rows": 438206,
                    "Actual Loops": 2,
                    "Index Cond": "(role_id = 8)",
                    "Rows Removed by Index Recheck": 0,
                    "Filter": "(person_id > 2098422)",
                    "Rows Removed by Filter": 413566
                  },
                  {
                    "Node Type": "Hash",
                    "Parent Relationship": "Inner",
                    "Parallel Aware": true,
                    "Startup Cost": 89144.45,
                    "Total Cost": 89144.45,
                    "Plan Rows": 714927,
                    "Plan Width": 8,
                    "Actual Startup Time": 932.833,
                    "Actual Total Time": 934.044,
                    "Actual Rows": 655192,
                    "Actual Loops": 2,
                    "Hash Buckets": 2097152,
                    "Original Hash Buckets": 2097152,
                    "Hash Batches": 1,
                    "Original Hash Batches": 1,
                    "Peak Memory Usage": 67648,
                    "Plans": [
                      {
                        "Node Type": "Hash Join",
                        "Parent Relationship": "Outer",
                        "Parallel Aware": true,
                        "Join Type": "Inner",
                        "Startup Cost": 70960.66,
                        "Total Cost": 89144.45,
                        "Plan Rows": 714927,
                        "Plan Width": 8,
                        "Actual Startup Time": 553.471,
                        "Actual Total Time": 790.563,
                        "Actual Rows": 655192,
                        "Actual Loops": 2,
                        "Inner Unique": true,
                        "Hash Cond": "(mi_idx.movie_id = t.id)",
                        "Plans": [
                          {
                            "Node Type": "Seq Scan",
                            "Parent Relationship": "Outer",
                            "Parallel Aware": true,
                            "Relation Name": "movie_info_idx",
                            "Alias": "mi_idx",
                            "Startup Cost": 0.0,
                            "Total Cost": 16052.85,
                            "Plan Rows": 811785,
                            "Plan Width": 4,
                            "Actual Startup Time": 0.021,
                            "Actual Total Time": 53.567,
                            "Actual Rows": 690018,
                            "Actual Loops": 2
                          },
                          {
                            "Node Type": "Hash",
                            "Parent Relationship": "Inner",
                            "Parallel Aware": true,
                            "Startup Cost": 54588.39,
                            "Total Cost": 54588.39,
                            "Plan Rows": 1309782,
                            "Plan Width": 4,
                            "Actual Startup Time": 539.68,
                            "Actual Total Time": 539.681,
                            "Actual Rows": 1112284,
                            "Actual Loops": 2,
                            "Hash Buckets": 4194304,
                            "Original Hash Buckets": 4194304,
                            "Hash Batches": 1,
                            "Original Hash Batches": 1,
                            "Peak Memory Usage": 119840,
                            "Plans": [
                              {
                                "Node Type": "Seq Scan",
                                "Parent Relationship": "Outer",
                                "Parallel Aware": true,
                                "Relation Name": "title",
                                "Alias": "t",
                                "Startup Cost": 0.0,
                                "Total Cost": 54588.39,
                                "Plan Rows": 1309782,
                                "Plan Width": 4,
                                "Actual Startup Time": 0.03,
                                "Actual Total Time": 189.539,
                                "Actual Rows": 1112284,
                                "Actual Loops": 2,
                                "Filter": "(production_year < 2012)",
                                "Rows Removed by Filter": 151872
                              }
                            ]
                          }
                        ]
                      }
                    ]
                  }
                ]
              }
            ]
          }
        ]
      }
    ]
  },
  "Planning Time": 0.971,
  "Triggers": [],
  "Execution Time": 1275.975
}