{
    "Plan": {
        "Node Type": "Aggregate",
        "Strategy": "Plain",
        "Partial Mode": "Finalize",
        "Parallel Aware": false,
        "Startup Cost": 197051.77,
        "Total Cost": 197051.78,
        "Plan Rows": 1,
        "Plan Width": 8,
        "Actual Startup Time": 643.056,
        "Actual Total Time": 669.432,
        "Actual Rows": 1,
        "Actual Loops": 1,
        "Output": [
            "count(*)"
        ],
        "Plans": [
            {
                "Node Type": "Gather",
                "Parent Relationship": "Outer",
                "Parallel Aware": false,
                "Startup Cost": 197051.24,
                "Total Cost": 197051.75,
                "Plan Rows": 5,
                "Plan Width": 8,
                "Actual Startup Time": 633.484,
                "Actual Total Time": 669.419,
                "Actual Rows": 6,
                "Actual Loops": 1,
                "Output": [
                    "(PARTIAL count(*))"
                ],
                "Workers Planned": 5,
                "Workers Launched": 5,
                "Single Copy": false,
                "Plans": [
                    {
                        "Node Type": "Aggregate",
                        "Strategy": "Plain",
                        "Partial Mode": "Partial",
                        "Parent Relationship": "Outer",
                        "Parallel Aware": false,
                        "Startup Cost": 196051.24,
                        "Total Cost": 196051.25,
                        "Plan Rows": 1,
                        "Plan Width": 8,
                        "Actual Startup Time": 621.629,
                        "Actual Total Time": 621.634,
                        "Actual Rows": 1,
                        "Actual Loops": 6,
                        "Output": [
                            "PARTIAL count(*)"
                        ],
                        "Workers": [
                            {
                                "Worker Number": 0,
                                "Actual Startup Time": 619.385,
                                "Actual Total Time": 619.391,
                                "Actual Rows": 1,
                                "Actual Loops": 1
                            },
                            {
                                "Worker Number": 1,
                                "Actual Startup Time": 619.783,
                                "Actual Total Time": 619.788,
                                "Actual Rows": 1,
                                "Actual Loops": 1
                            },
                            {
                                "Worker Number": 2,
                                "Actual Startup Time": 619.444,
                                "Actual Total Time": 619.449,
                                "Actual Rows": 1,
                                "Actual Loops": 1
                            },
                            {
                                "Worker Number": 3,
                                "Actual Startup Time": 619.484,
                                "Actual Total Time": 619.488,
                                "Actual Rows": 1,
                                "Actual Loops": 1
                            },
                            {
                                "Worker Number": 4,
                                "Actual Startup Time": 619.379,
                                "Actual Total Time": 619.385,
                                "Actual Rows": 1,
                                "Actual Loops": 1
                            }
                        ],
                        "Plans": [
                            {
                                "Node Type": "Hash Join",
                                "Parent Relationship": "Outer",
                                "Parallel Aware": true,
                                "Join Type": "Inner",
                                "Startup Cost": 84095.41,
                                "Total Cost": 195607.01,
                                "Plan Rows": 177692,
                                "Plan Width": 0,
                                "Actual Startup Time": 372.455,
                                "Actual Total Time": 613.833,
                                "Actual Rows": 160037,
                                "Actual Loops": 6,
                                "Inner Unique": false,
                                "Hash Cond": "(ci.movie_id = t.id)",
                                "Workers": [
                                    {
                                        "Worker Number": 0,
                                        "Actual Startup Time": 370.299,
                                        "Actual Total Time": 612.1,
                                        "Actual Rows": 154646,
                                        "Actual Loops": 1
                                    },
                                    {
                                        "Worker Number": 1,
                                        "Actual Startup Time": 370.104,
                                        "Actual Total Time": 612.278,
                                        "Actual Rows": 160255,
                                        "Actual Loops": 1
                                    },
                                    {
                                        "Worker Number": 2,
                                        "Actual Startup Time": 370.202,
                                        "Actual Total Time": 611.549,
                                        "Actual Rows": 168793,
                                        "Actual Loops": 1
                                    },
                                    {
                                        "Worker Number": 3,
                                        "Actual Startup Time": 370.51,
                                        "Actual Total Time": 612.047,
                                        "Actual Rows": 163548,
                                        "Actual Loops": 1
                                    },
                                    {
                                        "Worker Number": 4,
                                        "Actual Startup Time": 370.42,
                                        "Actual Total Time": 611.037,
                                        "Actual Rows": 113412,
                                        "Actual Loops": 1
                                    }
                                ],
                                "Plans": [
                                    {
                                        "Node Type": "Index Scan",
                                        "Parent Relationship": "Outer",
                                        "Parallel Aware": true,
                                        "Scan Direction": "Forward",
                                        "Index Name": "role_id_cast_info",
                                        "Relation Name": "cast_info",
                                        "Schema": "public",
                                        "Alias": "ci",
                                        "Startup Cost": 0.56,
                                        "Total Cost": 109204.72,
                                        "Plan Rows": 496859,
                                        "Plan Width": 4,
                                        "Actual Startup Time": 0.271,
                                        "Actual Total Time": 145.246,
                                        "Actual Rows": 257099,
                                        "Actual Loops": 6,
                                        "Output": [
                                            "ci.id",
                                            "ci.person_id",
                                            "ci.movie_id",
                                            "ci.person_role_id",
                                            "ci.note",
                                            "ci.nr_order",
                                            "ci.role_id"
                                        ],
                                        "Index Cond": "(ci.role_id = 3)",
                                        "Rows Removed by Index Recheck": 0,
                                        "Filter": "(ci.person_id < 2282746)",
                                        "Rows Removed by Filter": 410907,
                                        "Workers": [
                                            {
                                                "Worker Number": 0,
                                                "Actual Startup Time": 0.239,
                                                "Actual Total Time": 147.392,
                                                "Actual Rows": 257781,
                                                "Actual Loops": 1
                                            },
                                            {
                                                "Worker Number": 1,
                                                "Actual Startup Time": 0.187,
                                                "Actual Total Time": 146.839,
                                                "Actual Rows": 254656,
                                                "Actual Loops": 1
                                            },
                                            {
                                                "Worker Number": 2,
                                                "Actual Startup Time": 0.146,
                                                "Actual Total Time": 148.245,
                                                "Actual Rows": 252317,
                                                "Actual Loops": 1
                                            },
                                            {
                                                "Worker Number": 3,
                                                "Actual Startup Time": 0.343,
                                                "Actual Total Time": 147.235,
                                                "Actual Rows": 263029,
                                                "Actual Loops": 1
                                            },
                                            {
                                                "Worker Number": 4,
                                                "Actual Startup Time": 0.413,
                                                "Actual Total Time": 151.869,
                                                "Actual Rows": 192158,
                                                "Actual Loops": 1
                                            }
                                        ]
                                    },
                                    {
                                        "Node Type": "Hash",
                                        "Parent Relationship": "Inner",
                                        "Parallel Aware": true,
                                        "Startup Cost": 81269.21,
                                        "Total Cost": 81269.21,
                                        "Plan Rows": 226051,
                                        "Plan Width": 8,
                                        "Actual Startup Time": 368.601,
                                        "Actual Total Time": 368.605,
                                        "Actual Rows": 123121,
                                        "Actual Loops": 6,
                                        "Output": [
                                            "t.id",
                                            "mc.movie_id"
                                        ],
                                        "Hash Buckets": 1048576,
                                        "Original Hash Buckets": 1048576,
                                        "Hash Batches": 1,
                                        "Original Hash Batches": 1,
                                        "Peak Memory Usage": 37248,
                                        "Workers": [
                                            {
                                                "Worker Number": 0,
                                                "Actual Startup Time": 369.568,
                                                "Actual Total Time": 369.571,
                                                "Actual Rows": 122704,
                                                "Actual Loops": 1
                                            },
                                            {
                                                "Worker Number": 1,
                                                "Actual Startup Time": 369.397,
                                                "Actual Total Time": 369.4,
                                                "Actual Rows": 123536,
                                                "Actual Loops": 1
                                            },
                                            {
                                                "Worker Number": 2,
                                                "Actual Startup Time": 369.54,
                                                "Actual Total Time": 369.543,
                                                "Actual Rows": 125922,
                                                "Actual Loops": 1
                                            },
                                            {
                                                "Worker Number": 3,
                                                "Actual Startup Time": 369.583,
                                                "Actual Total Time": 369.586,
                                                "Actual Rows": 128469,
                                                "Actual Loops": 1
                                            },
                                            {
                                                "Worker Number": 4,
                                                "Actual Startup Time": 369.534,
                                                "Actual Total Time": 369.537,
                                                "Actual Rows": 96536,
                                                "Actual Loops": 1
                                            }
                                        ],
                                        "Plans": [
                                            {
                                                "Node Type": "Hash Join",
                                                "Parent Relationship": "Outer",
                                                "Parallel Aware": true,
                                                "Join Type": "Inner",
                                                "Startup Cost": 35060.81,
                                                "Total Cost": 81269.21,
                                                "Plan Rows": 226051,
                                                "Plan Width": 8,
                                                "Actual Startup Time": 121.302,
                                                "Actual Total Time": 315.341,
                                                "Actual Rows": 123121,
                                                "Actual Loops": 6,
                                                "Output": [
                                                    "t.id",
                                                    "mc.movie_id"
                                                ],
                                                "Inner Unique": false,
                                                "Hash Cond": "(t.id = mc.movie_id)",
                                                "Workers": [
                                                    {
                                                        "Worker Number": 0,
                                                        "Actual Startup Time": 121.47,
                                                        "Actual Total Time": 315.345,
                                                        "Actual Rows": 122704,
                                                        "Actual Loops": 1
                                                    },
                                                    {
                                                        "Worker Number": 1,
                                                        "Actual Startup Time": 121.421,
                                                        "Actual Total Time": 316.061,
                                                        "Actual Rows": 123536,
                                                        "Actual Loops": 1
                                                    },
                                                    {
                                                        "Worker Number": 2,
                                                        "Actual Startup Time": 121.194,
                                                        "Actual Total Time": 316.645,
                                                        "Actual Rows": 125922,
                                                        "Actual Loops": 1
                                                    },
                                                    {
                                                        "Worker Number": 3,
                                                        "Actual Startup Time": 121.389,
                                                        "Actual Total Time": 315.141,
                                                        "Actual Rows": 128469,
                                                        "Actual Loops": 1
                                                    },
                                                    {
                                                        "Worker Number": 4,
                                                        "Actual Startup Time": 120.975,
                                                        "Actual Total Time": 314.728,
                                                        "Actual Rows": 96536,
                                                        "Actual Loops": 1
                                                    }
                                                ],
                                                "Plans": [
                                                    {
                                                        "Node Type": "Seq Scan",
                                                        "Parent Relationship": "Outer",
                                                        "Parallel Aware": true,
                                                        "Relation Name": "title",
                                                        "Schema": "public",
                                                        "Alias": "t",
                                                        "Startup Cost": 0.0,
                                                        "Total Cost": 42318.81,
                                                        "Plan Rows": 632080,
                                                        "Plan Width": 4,
                                                        "Actual Startup Time": 0.027,
                                                        "Actual Total Time": 63.341,
                                                        "Actual Rows": 421385,
                                                        "Actual Loops": 6,
                                                        "Output": [
                                                            "t.id",
                                                            "t.title",
                                                            "t.imdb_index",
                                                            "t.kind_id",
                                                            "t.production_year",
                                                            "t.imdb_id",
                                                            "t.phonetic_code",
                                                            "t.episode_of_id",
                                                            "t.season_nr",
                                                            "t.episode_nr",
                                                            "t.series_years",
                                                            "t.md5sum"
                                                        ],
                                                        "Workers": [
                                                            {
                                                                "Worker Number": 0,
                                                                "Actual Startup Time": 0.03,
                                                                "Actual Total Time": 66.157,
                                                                "Actual Rows": 421264,
                                                                "Actual Loops": 1
                                                            },
                                                            {
                                                                "Worker Number": 1,
                                                                "Actual Startup Time": 0.032,
                                                                "Actual Total Time": 66.232,
                                                                "Actual Rows": 419089,
                                                                "Actual Loops": 1
                                                            },
                                                            {
                                                                "Worker Number": 2,
                                                                "Actual Startup Time": 0.032,
                                                                "Actual Total Time": 66.995,
                                                                "Actual Rows": 430363,
                                                                "Actual Loops": 1
                                                            },
                                                            {
                                                                "Worker Number": 3,
                                                                "Actual Startup Time": 0.024,
                                                                "Actual Total Time": 64.444,
                                                                "Actual Rows": 427140,
                                                                "Actual Loops": 1
                                                            },
                                                            {
                                                                "Worker Number": 4,
                                                                "Actual Startup Time": 0.035,
                                                                "Actual Total Time": 69.844,
                                                                "Actual Rows": 318466,
                                                                "Actual Loops": 1
                                                            }
                                                        ]
                                                    },
                                                    {
                                                        "Node Type": "Hash",
                                                        "Parent Relationship": "Inner",
                                                        "Parallel Aware": true,
                                                        "Startup Cost": 31414.82,
                                                        "Total Cost": 31414.82,
                                                        "Plan Rows": 291679,
                                                        "Plan Width": 4,
                                                        "Actual Startup Time": 119.209,
                                                        "Actual Total Time": 119.21,
                                                        "Actual Rows": 123121,
                                                        "Actual Loops": 6,
                                                        "Output": [
                                                            "mc.movie_id"
                                                        ],
                                                        "Hash Buckets": 1048576,
                                                        "Original Hash Buckets": 1048576,
                                                        "Hash Batches": 1,
                                                        "Original Hash Batches": 1,
                                                        "Peak Memory Usage": 37184,
                                                        "Workers": [
                                                            {
                                                                "Worker Number": 0,
                                                                "Actual Startup Time": 120.875,
                                                                "Actual Total Time": 120.876,
                                                                "Actual Rows": 117285,
                                                                "Actual Loops": 1
                                                            },
                                                            {
                                                                "Worker Number": 1,
                                                                "Actual Startup Time": 120.853,
                                                                "Actual Total Time": 120.854,
                                                                "Actual Rows": 118390,
                                                                "Actual Loops": 1
                                                            },
                                                            {
                                                                "Worker Number": 2,
                                                                "Actual Startup Time": 120.847,
                                                                "Actual Total Time": 120.848,
                                                                "Actual Rows": 116130,
                                                                "Actual Loops": 1
                                                            },
                                                            {
                                                                "Worker Number": 3,
                                                                "Actual Startup Time": 120.98,
                                                                "Actual Total Time": 120.981,
                                                                "Actual Rows": 116176,
                                                                "Actual Loops": 1
                                                            },
                                                            {
                                                                "Worker Number": 4,
                                                                "Actual Startup Time": 120.787,
                                                                "Actual Total Time": 120.788,
                                                                "Actual Rows": 91110,
                                                                "Actual Loops": 1
                                                            }
                                                        ],
                                                        "Plans": [
                                                            {
                                                                "Node Type": "Seq Scan",
                                                                "Parent Relationship": "Outer",
                                                                "Parallel Aware": true,
                                                                "Relation Name": "movie_companies",
                                                                "Schema": "public",
                                                                "Alias": "mc",
                                                                "Startup Cost": 0.0,
                                                                "Total Cost": 31414.82,
                                                                "Plan Rows": 291679,
                                                                "Plan Width": 4,
                                                                "Actual Startup Time": 0.969,
                                                                "Actual Total Time": 64.998,
                                                                "Actual Rows": 123121,
                                                                "Actual Loops": 6,
                                                                "Output": [
                                                                    "mc.movie_id"
                                                                ],
                                                                "Filter": "((mc.company_id > 1564) AND (mc.company_type_id < 2))",
                                                                "Rows Removed by Filter": 311734,
                                                                "Workers": [
                                                                    {
                                                                        "Worker Number": 0,
                                                                        "Actual Startup Time": 0.934,
                                                                        "Actual Total Time": 66.02,
                                                                        "Actual Rows": 117285,
                                                                        "Actual Loops": 1
                                                                    },
                                                                    {
                                                                        "Worker Number": 1,
                                                                        "Actual Startup Time": 0.965,
                                                                        "Actual Total Time": 65.178,
                                                                        "Actual Rows": 118390,
                                                                        "Actual Loops": 1
                                                                    },
                                                                    {
                                                                        "Worker Number": 2,
                                                                        "Actual Startup Time": 0.904,
                                                                        "Actual Total Time": 65.771,
                                                                        "Actual Rows": 116130,
                                                                        "Actual Loops": 1
                                                                    },
                                                                    {
                                                                        "Worker Number": 3,
                                                                        "Actual Startup Time": 1.051,
                                                                        "Actual Total Time": 65.38,
                                                                        "Actual Rows": 116176,
                                                                        "Actual Loops": 1
                                                                    },
                                                                    {
                                                                        "Worker Number": 4,
                                                                        "Actual Startup Time": 0.953,
                                                                        "Actual Total Time": 66.692,
                                                                        "Actual Rows": 91110,
                                                                        "Actual Loops": 1
                                                                    }
                                                                ]
                                                            }
                                                        ]
                                                    }
                                                ]
                                            }
                                        ]
                                    }
                                ]
                            }
                        ]
                    }
                ]
            }
        ]
    },
    "Planning Time": 1.695,
    "Triggers": [],
    "Execution Time": 669.529
}