[
  {
    "Plan": {
      "Node Type": "Aggregate",
      "Strategy": "Plain",
      "Partial Mode": "Finalize",
      "Parallel Aware": false,
      "Startup Cost": 281805.39,
      "Total Cost": 281805.4,
      "Plan Rows": 1,
      "Plan Width": 8,
      "Actual Startup Time": 566.274,
      "Actual Total Time": 587.592,
      "Actual Rows": 1,
      "Actual Loops": 1,
      "Plans": [
        {
          "Node Type": "Gather",
          "Parent Relationship": "Outer",
          "Parallel Aware": false,
          "Startup Cost": 281804.76,
          "Total Cost": 281805.37,
          "Plan Rows": 6,
          "Plan Width": 8,
          "Actual Startup Time": 562.629,
          "Actual Total Time": 587.581,
          "Actual Rows": 7,
          "Actual Loops": 1,
          "Workers Planned": 6,
          "Workers Launched": 6,
          "Single Copy": false,
          "Plans": [
            {
              "Node Type": "Aggregate",
              "Strategy": "Plain",
              "Partial Mode": "Partial",
              "Parent Relationship": "Outer",
              "Parallel Aware": false,
              "Startup Cost": 280804.76,
              "Total Cost": 280804.77,
              "Plan Rows": 1,
              "Plan Width": 8,
              "Actual Startup Time": 553.693,
              "Actual Total Time": 553.696,
              "Actual Rows": 1,
              "Actual Loops": 7,
              "Plans": [
                {
                  "Node Type": "Hash Join",
                  "Parent Relationship": "Outer",
                  "Parallel Aware": true,
                  "Join Type": "Inner",
                  "Startup Cost": 46994.24,
                  "Total Cost": 280332.18,
                  "Plan Rows": 189032,
                  "Plan Width": 0,
                  "Actual Startup Time": 104.08,
                  "Actual Total Time": 549.55,
                  "Actual Rows": 85539,
                  "Actual Loops": 7,
                  "Inner Unique": true,
                  "Hash Cond": "(ci.movie_id = t.id)",
                  "Plans": [
                    {
                      "Node Type": "Index Scan",
                      "Parent Relationship": "Outer",
                      "Parallel Aware": true,
                      "Scan Direction": "Forward",
                      "Index Name": "role_id_cast_info",
                      "Relation Name": "cast_info",
                      "Alias": "ci",
                      "Startup Cost": 0.56,
                      "Total Cost": 230750.01,
                      "Plan Rows": 986096,
                      "Plan Width": 4,
                      "Actual Startup Time": 0.184,
                      "Actual Total Time": 252.13,
                      "Actual Rows": 1022260,
                      "Actual Loops": 7,
                      "Index Cond": "(role_id > 5)",
                      "Rows Removed by Index Recheck": 0,
                      "Filter": "(person_id > 1106940)",
                      "Rows Removed by Filter": 190070
                    },
                    {
                      "Node Type": "Hash",
                      "Parent Relationship": "Inner",
                      "Parallel Aware": true,
                      "Startup Cost": 45479.1,
                      "Total Cost": 45479.1,
                      "Plan Rows": 121166,
                      "Plan Width": 4,
                      "Actual Startup Time": 101.509,
                      "Actual Total Time": 101.51,
                      "Actual Rows": 50315,
                      "Actual Loops": 7,
                      "Hash Buckets": 524288,
                      "Original Hash Buckets": 524288,
                      "Hash Batches": 1,
                      "Original Hash Batches": 1,
                      "Peak Memory Usage": 17984,
                      "Plans": [
                        {
                          "Node Type": "Seq Scan",
                          "Parent Relationship": "Outer",
                          "Parallel Aware": true,
                          "Relation Name": "title",
                          "Alias": "t",
                          "Startup Cost": 0.0,
                          "Total Cost": 45479.1,
                          "Plan Rows": 121166,
                          "Plan Width": 4,
                          "Actual Startup Time": 0.047,
                          "Actual Total Time": 76.599,
                          "Actual Rows": 50315,
                          "Actual Loops": 7,
                          "Filter": "((kind_id > 1) AND (production_year < 1989))",
                          "Rows Removed by Filter": 310872
                        }
                      ]
                    }
                  ]
                }
              ]
            }
          ]
        }
      ]
    },
    "Planning Time": 0.677,
    "Triggers": [],
    "Execution Time": 587.675
  }
]