{
  "Plan": {
    "Node Type": "Aggregate",
    "Strategy": "Plain",
    "Partial Mode": "Finalize",
    "Parallel Aware": false,
    "Startup Cost": 1204943.04,
    "Total Cost": 1204943.05,
    "Plan Rows": 1,
    "Plan Width": 64,
    "Actual Startup Time": 13639.482,
    "Actual Total Time": 13639.62,
    "Actual Rows": 1,
    "Actual Loops": 1,
    "Plans": [
      {
        "Node Type": "Gather",
        "Parent Relationship": "Outer",
        "Parallel Aware": false,
        "Startup Cost": 1204942.92,
        "Total Cost": 1204943.03,
        "Plan Rows": 1,
        "Plan Width": 64,
        "Actual Startup Time": 13639.472,
        "Actual Total Time": 13639.611,
        "Actual Rows": 1,
        "Actual Loops": 1,
        "Workers Planned": 1,
        "Workers Launched": 0,
        "Single Copy": false,
        "Plans": [
          {
            "Node Type": "Aggregate",
            "Strategy": "Plain",
            "Partial Mode": "Partial",
            "Parent Relationship": "Outer",
            "Parallel Aware": false,
            "Startup Cost": 1203942.92,
            "Total Cost": 1203942.93,
            "Plan Rows": 1,
            "Plan Width": 64,
            "Actual Startup Time": 13638.373,
            "Actual Total Time": 13638.385,
            "Actual Rows": 1,
            "Actual Loops": 1,
            "Plans": [
              {
                "Node Type": "Hash Join",
                "Parent Relationship": "Outer",
                "Parallel Aware": false,
                "Join Type": "Inner",
                "Startup Cost": 1105124.25,
                "Total Cost": 1201798.61,
                "Plan Rows": 428862,
                "Plan Width": 33,
                "Actual Startup Time": 12484.698,
                "Actual Total Time": 13614.128,
                "Actual Rows": 321329,
                "Actual Loops": 1,
                "Inner Unique": false,
                "Hash Cond": "(n1.id = an1.person_id)",
                "Plans": [
                  {
                    "Node Type": "Seq Scan",
                    "Parent Relationship": "Outer",
                    "Parallel Aware": true,
                    "Relation Name": "name",
                    "Alias": "n1",
                    "Startup Cost": 0.0,
                    "Total Cost": 80128.16,
                    "Plan Rows": 2451516,
                    "Plan Width": 4,
                    "Actual Startup Time": 0.013,
                    "Actual Total Time": 345.643,
                    "Actual Rows": 4167491,
                    "Actual Loops": 1
                  },
                  {
                    "Node Type": "Hash",
                    "Parent Relationship": "Inner",
                    "Parallel Aware": false,
                    "Startup Cost": 1096010.94,
                    "Total Cost": 1096010.94,
                    "Plan Rows": 729065,
                    "Plan Width": 41,
                    "Actual Startup Time": 12479.16,
                    "Actual Total Time": 12479.17,
                    "Actual Rows": 321329,
                    "Actual Loops": 1,
                    "Hash Buckets": 1048576,
                    "Original Hash Buckets": 1048576,
                    "Hash Batches": 1,
                    "Original Hash Batches": 1,
                    "Peak Memory Usage": 32432,
                    "Plans": [
                      {
                        "Node Type": "Nested Loop",
                        "Parent Relationship": "Outer",
                        "Parallel Aware": false,
                        "Join Type": "Inner",
                        "Startup Cost": 768727.07,
                        "Total Cost": 1096010.94,
                        "Plan Rows": 729065,
                        "Plan Width": 41,
                        "Actual Startup Time": 8536.692,
                        "Actual Total Time": 12406.415,
                        "Actual Rows": 321329,
                        "Actual Loops": 1,
                        "Inner Unique": false,
                        "Join Filter": "(ci.role_id = rt.id)",
                        "Rows Removed by Join Filter": 4125622,
                        "Plans": [
                          {
                            "Node Type": "Seq Scan",
                            "Parent Relationship": "Outer",
                            "Parallel Aware": false,
                            "Relation Name": "role_type",
                            "Alias": "rt",
                            "Startup Cost": 0.0,
                            "Total Cost": 1.15,
                            "Plan Rows": 1,
                            "Plan Width": 4,
                            "Actual Startup Time": 0.029,
                            "Actual Total Time": 0.035,
                            "Actual Rows": 1,
                            "Actual Loops": 1,
                            "Filter": "((role)::text = 'producer'::text)",
                            "Rows Removed by Filter": 11
                          },
                          {
                            "Node Type": "Hash Join",
                            "Parent Relationship": "Inner",
                            "Parallel Aware": false,
                            "Join Type": "Inner",
                            "Startup Cost": 768727.07,
                            "Total Cost": 986649.99,
                            "Plan Rows": 8748784,
                            "Plan Width": 45,
                            "Actual Startup Time": 8536.567,
                            "Actual Total Time": 12204.272,
                            "Actual Rows": 4446951,
                            "Actual Loops": 1,
                            "Inner Unique": true,
                            "Hash Cond": "(ci.movie_id = t.id)",
                            "Plans": [
                              {
                                "Node Type": "Merge Join",
                                "Parent Relationship": "Outer",
                                "Parallel Aware": false,
                                "Join Type": "Inner",
                                "Startup Cost": 675839.55,
                                "Total Cost": 870796.88,
                                "Plan Rows": 8748784,
                                "Plan Width": 36,
                                "Actual Startup Time": 7464.763,
                                "Actual Total Time": 9969.799,
                                "Actual Rows": 4446951,
                                "Actual Loops": 1,
                                "Inner Unique": false,
                                "Merge Cond": "(an1.person_id = ci.person_id)",
                                "Plans": [
                                  {
                                    "Node Type": "Index Scan",
                                    "Parent Relationship": "Outer",
                                    "Parallel Aware": false,
                                    "Scan Direction": "Forward",
                                    "Index Name": "person_id_aka_name",
                                    "Relation Name": "aka_name",
                                    "Alias": "an1",
                                    "Startup Cost": 0.42,
                                    "Total Cost": 71995.9,
                                    "Plan Rows": 901343,
                                    "Plan Width": 20,
                                    "Actual Startup Time": 0.025,
                                    "Actual Total Time": 290.695,
                                    "Actual Rows": 772582,
                                    "Actual Loops": 1
                                  },
                                  {
                                    "Node Type": "Sort",
                                    "Parent Relationship": "Inner",
                                    "Parallel Aware": false,
                                    "Startup Cost": 675837.23,
                                    "Total Cost": 684952.6,
                                    "Plan Rows": 3646146,
                                    "Plan Width": 16,
                                    "Actual Startup Time": 7464.723,
                                    "Actual Total Time": 8753.765,
                                    "Actual Rows": 7205292,
                                    "Actual Loops": 1,
                                    "Sort Key": [
                                      "ci.person_id"
                                    ],
                                    "Sort Method": "quicksort",
                                    "Sort Space Used": 425681,
                                    "Sort Space Type": "Memory",
                                    "Plans": [
                                      {
                                        "Node Type": "Nested Loop",
                                        "Parent Relationship": "Outer",
                                        "Parallel Aware": false,
                                        "Join Type": "Inner",
                                        "Startup Cost": 6050.53,
                                        "Total Cost": 278444.86,
                                        "Plan Rows": 3646146,
                                        "Plan Width": 16,
                                        "Actual Startup Time": 21.345,
                                        "Actual Total Time": 6040.34,
                                        "Actual Rows": 4886877,
                                        "Actual Loops": 1,
                                        "Inner Unique": false,
                                        "Plans": [
                                          {
                                            "Node Type": "Hash Join",
                                            "Parent Relationship": "Outer",
                                            "Parallel Aware": false,
                                            "Join Type": "Inner",
                                            "Startup Cost": 6049.96,
                                            "Total Cost": 57780.34,
                                            "Plan Rows": 104366,
                                            "Plan Width": 4,
                                            "Actual Startup Time": 21.313,
                                            "Actual Total Time": 531.164,
                                            "Actual Rows": 148132,
                                            "Actual Loops": 1,
                                            "Inner Unique": true,
                                            "Hash Cond": "(mc.company_id = cn.id)",
                                            "Plans": [
                                              {
                                                "Node Type": "Seq Scan",
                                                "Parent Relationship": "Outer",
                                                "Parallel Aware": false,
                                                "Relation Name": "movie_companies",
                                                "Alias": "mc",
                                                "Startup Cost": 0.0,
                                                "Total Cost": 44881.29,
                                                "Plan Rows": 2609129,
                                                "Plan Width": 8,
                                                "Actual Startup Time": 0.015,
                                                "Actual Total Time": 184.687,
                                                "Actual Rows": 2609129,
                                                "Actual Loops": 1
                                              },
                                              {
                                                "Node Type": "Hash",
                                                "Parent Relationship": "Inner",
                                                "Parallel Aware": false,
                                                "Startup Cost": 5932.46,
                                                "Total Cost": 5932.46,
                                                "Plan Rows": 9400,
                                                "Plan Width": 4,
                                                "Actual Startup Time": 21.203,
                                                "Actual Total Time": 21.203,
                                                "Actual Rows": 9775,
                                                "Actual Loops": 1,
                                                "Hash Buckets": 16384,
                                                "Original Hash Buckets": 16384,
                                                "Hash Batches": 1,
                                                "Original Hash Batches": 1,
                                                "Peak Memory Usage": 472,
                                                "Plans": [
                                                  {
                                                    "Node Type": "Seq Scan",
                                                    "Parent Relationship": "Outer",
                                                    "Parallel Aware": false,
                                                    "Relation Name": "company_name",
                                                    "Alias": "cn",
                                                    "Startup Cost": 0.0,
                                                    "Total Cost": 5932.46,
                                                    "Plan Rows": 9400,
                                                    "Plan Width": 4,
                                                    "Actual Startup Time": 0.014,
                                                    "Actual Total Time": 19.637,
                                                    "Actual Rows": 9775,
                                                    "Actual Loops": 1,
                                                    "Filter": "((country_code)::text = '[de]'::text)",
                                                    "Rows Removed by Filter": 225222
                                                  }
                                                ]
                                              }
                                            ]
                                          },
                                          {
                                            "Node Type": "Index Scan",
                                            "Parent Relationship": "Inner",
                                            "Parallel Aware": false,
                                            "Scan Direction": "Forward",
                                            "Index Name": "movie_id_cast_info",
                                            "Relation Name": "cast_info",
                                            "Alias": "ci",
                                            "Startup Cost": 0.56,
                                            "Total Cost": 1.76,
                                            "Plan Rows": 35,
                                            "Plan Width": 12,
                                            "Actual Startup Time": 0.004,
                                            "Actual Total Time": 0.033,
                                            "Actual Rows": 33,
                                            "Actual Loops": 148132,
                                            "Index Cond": "(movie_id = mc.movie_id)",
                                            "Rows Removed by Index Recheck": 0
                                          }
                                        ]
                                      }
                                    ]
                                  }
                                ]
                              },
                              {
                                "Node Type": "Hash",
                                "Parent Relationship": "Inner",
                                "Parallel Aware": false,
                                "Startup Cost": 61282.23,
                                "Total Cost": 61282.23,
                                "Plan Rows": 2528423,
                                "Plan Width": 21,
                                "Actual Startup Time": 1035.753,
                                "Actual Total Time": 1035.753,
                                "Actual Rows": 2528312,
                                "Actual Loops": 1,
                                "Hash Buckets": 4194304,
                                "Original Hash Buckets": 4194304,
                                "Hash Batches": 1,
                                "Original Hash Batches": 1,
                                "Peak Memory Usage": 168637,
                                "Plans": [
                                  {
                                    "Node Type": "Seq Scan",
                                    "Parent Relationship": "Outer",
                                    "Parallel Aware": false,
                                    "Relation Name": "title",
                                    "Alias": "t",
                                    "Startup Cost": 0.0,
                                    "Total Cost": 61282.23,
                                    "Plan Rows": 2528423,
                                    "Plan Width": 21,
                                    "Actual Startup Time": 0.024,
                                    "Actual Total Time": 289.689,
                                    "Actual Rows": 2528312,
                                    "Actual Loops": 1
                                  }
                                ]
                              }
                            ]
                          }
                        ]
                      }
                    ]
                  }
                ]
              }
            ]
          }
        ]
      }
    ]
  },
  "Planning Time": 2.055,
  "Triggers": [],
  "Execution Time": 13663.575
}