{
  "Plan": {
    "Node Type": "Aggregate",
    "Strategy": "Plain",
    "Partial Mode": "Finalize",
    "Parallel Aware": false,
    "Startup Cost": 119014.02,
    "Total Cost": 119014.03,
    "Plan Rows": 1,
    "Plan Width": 8,
    "Actual Startup Time": 507.681,
    "Actual Total Time": 519.852,
    "Actual Rows": 1,
    "Actual Loops": 1,
    "Plans": [
      {
        "Node Type": "Gather",
        "Parent Relationship": "Outer",
        "Parallel Aware": false,
        "Startup Cost": 119013.91,
        "Total Cost": 119014.02,
        "Plan Rows": 1,
        "Plan Width": 8,
        "Actual Startup Time": 507.026,
        "Actual Total Time": 519.842,
        "Actual Rows": 2,
        "Actual Loops": 1,
        "Workers Planned": 1,
        "Workers Launched": 1,
        "Single Copy": false,
        "Plans": [
          {
            "Node Type": "Aggregate",
            "Strategy": "Plain",
            "Partial Mode": "Partial",
            "Parent Relationship": "Outer",
            "Parallel Aware": false,
            "Startup Cost": 118013.91,
            "Total Cost": 118013.92,
            "Plan Rows": 1,
            "Plan Width": 8,
            "Actual Startup Time": 502.043,
            "Actual Total Time": 502.047,
            "Actual Rows": 1,
            "Actual Loops": 2,
            "Plans": [
              {
                "Node Type": "Hash Join",
                "Parent Relationship": "Outer",
                "Parallel Aware": true,
                "Join Type": "Inner",
                "Startup Cost": 54092.5,
                "Total Cost": 117887.64,
                "Plan Rows": 50508,
                "Plan Width": 0,
                "Actual Startup Time": 202.782,
                "Actual Total Time": 490.979,
                "Actual Rows": 287090,
                "Actual Loops": 2,
                "Inner Unique": true,
                "Hash Cond": "(mk.movie_id = t.id)",
                "Plans": [
                  {
                    "Node Type": "Seq Scan",
                    "Parent Relationship": "Outer",
                    "Parallel Aware": true,
                    "Relation Name": "movie_keyword",
                    "Alias": "mk",
                    "Startup Cost": 0.0,
                    "Total Cost": 57718.19,
                    "Plan Rows": 2315025,
                    "Plan Width": 4,
                    "Actual Startup Time": 0.046,
                    "Actual Total Time": 202.219,
                    "Actual Rows": 1960466,
                    "Actual Loops": 2,
                    "Filter": "(keyword_id > 446)",
                    "Rows Removed by Filter": 301499
                  },
                  {
                    "Node Type": "Hash",
                    "Parent Relationship": "Inner",
                    "Parallel Aware": true,
                    "Startup Cost": 53686.9,
                    "Total Cost": 53686.9,
                    "Plan Rows": 32448,
                    "Plan Width": 4,
                    "Actual Startup Time": 136.871,
                    "Actual Total Time": 136.872,
                    "Actual Rows": 91588,
                    "Actual Loops": 2,
                    "Hash Buckets": 262144,
                    "Original Hash Buckets": 65536,
                    "Hash Batches": 1,
                    "Original Hash Batches": 1,
                    "Peak Memory Usage": 10784,
                    "Plans": [
                      {
                        "Node Type": "Bitmap Heap Scan",
                        "Parent Relationship": "Outer",
                        "Parallel Aware": true,
                        "Relation Name": "title",
                        "Alias": "t",
                        "Startup Cost": 11836.64,
                        "Total Cost": 53686.9,
                        "Plan Rows": 32448,
                        "Plan Width": 4,
                        "Actual Startup Time": 40.658,
                        "Actual Total Time": 106.692,
                        "Actual Rows": 91588,
                        "Actual Loops": 2,
                        "Recheck Cond": "(kind_id = 1)",
                        "Rows Removed by Index Recheck": 0,
                        "Filter": "(production_year < 1958)",
                        "Rows Removed by Filter": 239824,
                        "Exact Heap Blocks": 8380,
                        "Lossy Heap Blocks": 0,
                        "Plans": [
                          {
                            "Node Type": "Bitmap Index Scan",
                            "Parent Relationship": "Outer",
                            "Parallel Aware": false,
                            "Index Name": "kind_id_title",
                            "Startup Cost": 0.0,
                            "Total Cost": 11822.85,
                            "Plan Rows": 663256,
                            "Plan Width": 0,
                            "Actual Startup Time": 42.693,
                            "Actual Total Time": 42.693,
                            "Actual Rows": 662825,
                            "Actual Loops": 1,
                            "Index Cond": "(kind_id = 1)"
                          }
                        ]
                      }
                    ]
                  }
                ]
              }
            ]
          }
        ]
      }
    ]
  },
  "Planning Time": 0.41,
  "Triggers": [],
  "Execution Time": 519.932
}