[
  {
    "Plan": {
      "Node Type": "Aggregate",
      "Strategy": "Plain",
      "Partial Mode": "Finalize",
      "Parallel Aware": false,
      "Startup Cost": 112701.51,
      "Total Cost": 112701.52,
      "Plan Rows": 1,
      "Plan Width": 8,
      "Actual Startup Time": 1113.66,
      "Actual Total Time": 1184.629,
      "Actual Rows": 1,
      "Actual Loops": 1,
      "Plans": [
        {
          "Node Type": "Gather",
          "Parent Relationship": "Outer",
          "Parallel Aware": false,
          "Startup Cost": 112701.19,
          "Total Cost": 112701.5,
          "Plan Rows": 3,
          "Plan Width": 8,
          "Actual Startup Time": 1112.555,
          "Actual Total Time": 1184.618,
          "Actual Rows": 4,
          "Actual Loops": 1,
          "Workers Planned": 3,
          "Workers Launched": 3,
          "Single Copy": false,
          "Plans": [
            {
              "Node Type": "Aggregate",
              "Strategy": "Plain",
              "Partial Mode": "Partial",
              "Parent Relationship": "Outer",
              "Parallel Aware": false,
              "Startup Cost": 111701.19,
              "Total Cost": 111701.2,
              "Plan Rows": 1,
              "Plan Width": 8,
              "Actual Startup Time": 1103.072,
              "Actual Total Time": 1103.151,
              "Actual Rows": 1,
              "Actual Loops": 4,
              "Plans": [
                {
                  "Node Type": "Nested Loop",
                  "Parent Relationship": "Outer",
                  "Parallel Aware": false,
                  "Join Type": "Inner",
                  "Startup Cost": 45660.43,
                  "Total Cost": 111681.04,
                  "Plan Rows": 8060,
                  "Plan Width": 0,
                  "Actual Startup Time": 146.716,
                  "Actual Total Time": 1098.74,
                  "Actual Rows": 63017,
                  "Actual Loops": 4,
                  "Inner Unique": false,
                  "Join Filter": "(t.id = ci.movie_id)",
                  "Rows Removed by Join Filter": 0,
                  "Plans": [
                    {
                      "Node Type": "Hash Join",
                      "Parent Relationship": "Outer",
                      "Parallel Aware": true,
                      "Join Type": "Inner",
                      "Startup Cost": 45659.86,
                      "Total Cost": 89245.9,
                      "Plan Rows": 7760,
                      "Plan Width": 8,
                      "Actual Startup Time": 146.035,
                      "Actual Total Time": 266.231,
                      "Actual Rows": 38368,
                      "Actual Loops": 4,
                      "Inner Unique": true,
                      "Hash Cond": "(mk.movie_id = t.id)",
                      "Plans": [
                        {
                          "Node Type": "Seq Scan",
                          "Parent Relationship": "Outer",
                          "Parallel Aware": true,
                          "Relation Name": "movie_keyword",
                          "Alias": "mk",
                          "Startup Cost": 0.0,
                          "Total Cost": 42695.65,
                          "Plan Rows": 339195,
                          "Plan Width": 4,
                          "Actual Startup Time": 0.028,
                          "Actual Total Time": 95.956,
                          "Actual Rows": 265279,
                          "Actual Loops": 4,
                          "Filter": "(keyword_id < 1060)",
                          "Rows Removed by Filter": 865703
                        },
                        {
                          "Node Type": "Hash",
                          "Parent Relationship": "Inner",
                          "Parallel Aware": true,
                          "Startup Cost": 45479.1,
                          "Total Cost": 45479.1,
                          "Plan Rows": 14461,
                          "Plan Width": 4,
                          "Actual Startup Time": 119.166,
                          "Actual Total Time": 119.167,
                          "Actual Rows": 46552,
                          "Actual Loops": 4,
                          "Hash Buckets": 262144,
                          "Original Hash Buckets": 65536,
                          "Hash Batches": 1,
                          "Original Hash Batches": 1,
                          "Peak Memory Usage": 10944,
                          "Plans": [
                            {
                              "Node Type": "Seq Scan",
                              "Parent Relationship": "Outer",
                              "Parallel Aware": true,
                              "Relation Name": "title",
                              "Alias": "t",
                              "Startup Cost": 0.0,
                              "Total Cost": 45479.1,
                              "Plan Rows": 14461,
                              "Plan Width": 4,
                              "Actual Startup Time": 60.781,
                              "Actual Total Time": 98.752,
                              "Actual Rows": 46552,
                              "Actual Loops": 4,
                              "Filter": "((production_year < 1959) AND (kind_id = 1))",
                              "Rows Removed by Filter": 585526
                            }
                          ]
                        }
                      ]
                    },
                    {
                      "Node Type": "Index Scan",
                      "Parent Relationship": "Inner",
                      "Parallel Aware": false,
                      "Scan Direction": "Forward",
                      "Index Name": "movie_id_cast_info",
                      "Relation Name": "cast_info",
                      "Alias": "ci",
                      "Startup Cost": 0.56,
                      "Total Cost": 2.85,
                      "Plan Rows": 3,
                      "Plan Width": 4,
                      "Actual Startup Time": 0.017,
                      "Actual Total Time": 0.021,
                      "Actual Rows": 2,
                      "Actual Loops": 153470,
                      "Index Cond": "(movie_id = mk.movie_id)",
                      "Rows Removed by Index Recheck": 0,
                      "Filter": "((person_id > 2390874) AND (role_id = 2))",
                      "Rows Removed by Filter": 30
                    }
                  ]
                }
              ]
            }
          ]
        }
      ]
    },
    "Planning Time": 1.363,
    "Triggers": [],
    "Execution Time": 1184.738
  }
]