[
    {
        "Bao": {
            "Bao prediction": 76.765,
            "Bao recommended hint": "(no hint)"
        }
    },
    {
        "Plan": {
            "Node Type": "Aggregate",
            "Strategy": "Plain",
            "Partial Mode": "Simple",
            "Parallel Aware": false,
            "Startup Cost": 3776.52,
            "Total Cost": 3776.53,
            "Plan Rows": 1,
            "Plan Width": 96,
            "Actual Startup Time": 191.727,
            "Actual Total Time": 191.733,
            "Actual Rows": 1,
            "Actual Loops": 1,
            "Output": [
                "min(cn.name)",
                "min((lt.link)::text)",
                "min(t.title)"
            ],
            "Plans": [
                {
                    "Node Type": "Nested Loop",
                    "Parent Relationship": "Outer",
                    "Parallel Aware": false,
                    "Join Type": "Inner",
                    "Startup Cost": 12.36,
                    "Total Cost": 3776.51,
                    "Plan Rows": 1,
                    "Plan Width": 48,
                    "Actual Startup Time": 18.299,
                    "Actual Total Time": 191.686,
                    "Actual Rows": 27,
                    "Actual Loops": 1,
                    "Output": [
                        "cn.name",
                        "lt.link",
                        "t.title"
                    ],
                    "Inner Unique": true,
                    "Join Filter": "(ml.movie_id = t.id)",
                    "Rows Removed by Join Filter": 0,
                    "Plans": [
                        {
                            "Node Type": "Nested Loop",
                            "Parent Relationship": "Outer",
                            "Parallel Aware": false,
                            "Join Type": "Inner",
                            "Startup Cost": 11.93,
                            "Total Cost": 3776.01,
                            "Plan Rows": 1,
                            "Plan Width": 43,
                            "Actual Startup Time": 18.217,
                            "Actual Total Time": 191.088,
                            "Actual Rows": 50,
                            "Actual Loops": 1,
                            "Output": [
                                "cn.name",
                                "mc.movie_id",
                                "mk.movie_id",
                                "ml.movie_id",
                                "lt.link"
                            ],
                            "Inner Unique": true,
                            "Join Filter": "(mc.company_type_id = ct.id)",
                            "Rows Removed by Join Filter": 0,
                            "Plans": [
                                {
                                    "Node Type": "Nested Loop",
                                    "Parent Relationship": "Outer",
                                    "Parallel Aware": false,
                                    "Join Type": "Inner",
                                    "Startup Cost": 11.93,
                                    "Total Cost": 3774.94,
                                    "Plan Rows": 1,
                                    "Plan Width": 47,
                                    "Actual Startup Time": 18.2,
                                    "Actual Total Time": 190.74,
                                    "Actual Rows": 50,
                                    "Actual Loops": 1,
                                    "Output": [
                                        "cn.name",
                                        "mc.movie_id",
                                        "mc.company_type_id",
                                        "mk.movie_id",
                                        "ml.movie_id",
                                        "lt.link"
                                    ],
                                    "Inner Unique": true,
                                    "Plans": [
                                        {
                                            "Node Type": "Nested Loop",
                                            "Parent Relationship": "Outer",
                                            "Parallel Aware": false,
                                            "Join Type": "Inner",
                                            "Startup Cost": 11.51,
                                            "Total Cost": 3774.49,
                                            "Plan Rows": 1,
                                            "Plan Width": 32,
                                            "Actual Startup Time": 18.025,
                                            "Actual Total Time": 188.748,
                                            "Actual Rows": 222,
                                            "Actual Loops": 1,
                                            "Output": [
                                                "mk.movie_id",
                                                "mc.movie_id",
                                                "mc.company_type_id",
                                                "mc.company_id",
                                                "ml.movie_id",
                                                "lt.link"
                                            ],
                                            "Inner Unique": false,
                                            "Join Filter": "(ml.movie_id = mc.movie_id)",
                                            "Rows Removed by Join Filter": 0,
                                            "Plans": [
                                                {
                                                    "Node Type": "Nested Loop",
                                                    "Parent Relationship": "Outer",
                                                    "Parallel Aware": false,
                                                    "Join Type": "Inner",
                                                    "Startup Cost": 11.08,
                                                    "Total Cost": 3773.91,
                                                    "Plan Rows": 1,
                                                    "Plan Width": 20,
                                                    "Actual Startup Time": 17.956,
                                                    "Actual Total Time": 187.567,
                                                    "Actual Rows": 71,
                                                    "Actual Loops": 1,
                                                    "Output": [
                                                        "mk.movie_id",
                                                        "ml.movie_id",
                                                        "lt.link"
                                                    ],
                                                    "Inner Unique": false,
                                                    "Join Filter": "(ml.link_type_id = lt.id)",
                                                    "Rows Removed by Join Filter": 1435,
                                                    "Plans": [
                                                        {
                                                            "Node Type": "Seq Scan",
                                                            "Parent Relationship": "Outer",
                                                            "Parallel Aware": false,
                                                            "Relation Name": "link_type",
                                                            "Schema": "public",
                                                            "Alias": "lt",
                                                            "Startup Cost": 0.0,
                                                            "Total Cost": 1.23,
                                                            "Plan Rows": 1,
                                                            "Plan Width": 16,
                                                            "Actual Startup Time": 0.022,
                                                            "Actual Total Time": 0.029,
                                                            "Actual Rows": 2,
                                                            "Actual Loops": 1,
                                                            "Output": [
                                                                "lt.id",
                                                                "lt.link"
                                                            ],
                                                            "Filter": "((lt.link)::text ~~ '%follow%'::text)",
                                                            "Rows Removed by Filter": 16
                                                        },
                                                        {
                                                            "Node Type": "Nested Loop",
                                                            "Parent Relationship": "Inner",
                                                            "Parallel Aware": false,
                                                            "Join Type": "Inner",
                                                            "Startup Cost": 11.08,
                                                            "Total Cost": 3772.56,
                                                            "Plan Rows": 10,
                                                            "Plan Width": 12,
                                                            "Actual Startup Time": 11.826,
                                                            "Actual Total Time": 93.676,
                                                            "Actual Rows": 753,
                                                            "Actual Loops": 2,
                                                            "Output": [
                                                                "mk.movie_id",
                                                                "ml.link_type_id",
                                                                "ml.movie_id"
                                                            ],
                                                            "Inner Unique": false,
                                                            "Plans": [
                                                                {
                                                                    "Node Type": "Nested Loop",
                                                                    "Parent Relationship": "Outer",
                                                                    "Parallel Aware": false,
                                                                    "Join Type": "Inner",
                                                                    "Startup Cost": 10.8,
                                                                    "Total Cost": 3758.1,
                                                                    "Plan Rows": 34,
                                                                    "Plan Width": 4,
                                                                    "Actual Startup Time": 11.764,
                                                                    "Actual Total Time": 60.84,
                                                                    "Actual Rows": 29440,
                                                                    "Actual Loops": 2,
                                                                    "Output": [
                                                                        "mk.movie_id"
                                                                    ],
                                                                    "Inner Unique": false,
                                                                    "Plans": [
                                                                        {
                                                                            "Node Type": "Seq Scan",
                                                                            "Parent Relationship": "Outer",
                                                                            "Parallel Aware": false,
                                                                            "Relation Name": "keyword",
                                                                            "Schema": "public",
                                                                            "Alias": "k",
                                                                            "Startup Cost": 0.0,
                                                                            "Total Cost": 2626.12,
                                                                            "Plan Rows": 1,
                                                                            "Plan Width": 4,
                                                                            "Actual Startup Time": 1.192,
                                                                            "Actual Total Time": 12.851,
                                                                            "Actual Rows": 1,
                                                                            "Actual Loops": 2,
                                                                            "Output": [
                                                                                "k.id",
                                                                                "k.keyword",
                                                                                "k.phonetic_code"
                                                                            ],
                                                                            "Filter": "(k.keyword = 'based-on-novel'::text)",
                                                                            "Rows Removed by Filter": 134169
                                                                        },
                                                                        {
                                                                            "Node Type": "Bitmap Heap Scan",
                                                                            "Parent Relationship": "Inner",
                                                                            "Parallel Aware": false,
                                                                            "Relation Name": "movie_keyword",
                                                                            "Schema": "public",
                                                                            "Alias": "mk",
                                                                            "Startup Cost": 10.8,
                                                                            "Total Cost": 1128.92,
                                                                            "Plan Rows": 305,
                                                                            "Plan Width": 8,
                                                                            "Actual Startup Time": 10.528,
                                                                            "Actual Total Time": 43.716,
                                                                            "Actual Rows": 29440,
                                                                            "Actual Loops": 2,
                                                                            "Output": [
                                                                                "mk.id",
                                                                                "mk.movie_id",
                                                                                "mk.keyword_id"
                                                                            ],
                                                                            "Recheck Cond": "(mk.keyword_id = k.id)",
                                                                            "Rows Removed by Index Recheck": 0,
                                                                            "Exact Heap Blocks": 24566,
                                                                            "Lossy Heap Blocks": 0,
                                                                            "Plans": [
                                                                                {
                                                                                    "Node Type": "Bitmap Index Scan",
                                                                                    "Parent Relationship": "Outer",
                                                                                    "Parallel Aware": false,
                                                                                    "Index Name": "keyword_id_movie_keyword",
                                                                                    "Startup Cost": 0.0,
                                                                                    "Total Cost": 10.72,
                                                                                    "Plan Rows": 305,
                                                                                    "Plan Width": 0,
                                                                                    "Actual Startup Time": 6.799,
                                                                                    "Actual Total Time": 6.799,
                                                                                    "Actual Rows": 29440,
                                                                                    "Actual Loops": 2,
                                                                                    "Index Cond": "(mk.keyword_id = k.id)"
                                                                                }
                                                                            ]
                                                                        }
                                                                    ]
                                                                },
                                                                {
                                                                    "Node Type": "Index Scan",
                                                                    "Parent Relationship": "Inner",
                                                                    "Parallel Aware": false,
                                                                    "Scan Direction": "Forward",
                                                                    "Index Name": "movie_id_movie_link",
                                                                    "Relation Name": "movie_link",
                                                                    "Schema": "public",
                                                                    "Alias": "ml",
                                                                    "Startup Cost": 0.29,
                                                                    "Total Cost": 0.38,
                                                                    "Plan Rows": 5,
                                                                    "Plan Width": 8,
                                                                    "Actual Startup Time": 0.001,
                                                                    "Actual Total Time": 0.001,
                                                                    "Actual Rows": 0,
                                                                    "Actual Loops": 58880,
                                                                    "Output": [
                                                                        "ml.id",
                                                                        "ml.movie_id",
                                                                        "ml.linked_movie_id",
                                                                        "ml.link_type_id"
                                                                    ],
                                                                    "Index Cond": "(ml.movie_id = mk.movie_id)",
                                                                    "Rows Removed by Index Recheck": 0
                                                                }
                                                            ]
                                                        }
                                                    ]
                                                },
                                                {
                                                    "Node Type": "Index Scan",
                                                    "Parent Relationship": "Inner",
                                                    "Parallel Aware": false,
                                                    "Scan Direction": "Forward",
                                                    "Index Name": "movie_id_movie_companies",
                                                    "Relation Name": "movie_companies",
                                                    "Schema": "public",
                                                    "Alias": "mc",
                                                    "Startup Cost": 0.43,
                                                    "Total Cost": 0.54,
                                                    "Plan Rows": 3,
                                                    "Plan Width": 12,
                                                    "Actual Startup Time": 0.011,
                                                    "Actual Total Time": 0.015,
                                                    "Actual Rows": 3,
                                                    "Actual Loops": 71,
                                                    "Output": [
                                                        "mc.id",
                                                        "mc.movie_id",
                                                        "mc.company_id",
                                                        "mc.company_type_id",
                                                        "mc.note"
                                                    ],
                                                    "Index Cond": "(mc.movie_id = mk.movie_id)",
                                                    "Rows Removed by Index Recheck": 0,
                                                    "Filter": "(mc.note IS NULL)",
                                                    "Rows Removed by Filter": 1
                                                }
                                            ]
                                        },
                                        {
                                            "Node Type": "Index Scan",
                                            "Parent Relationship": "Inner",
                                            "Parallel Aware": false,
                                            "Scan Direction": "Forward",
                                            "Index Name": "company_name_pkey",
                                            "Relation Name": "company_name",
                                            "Schema": "public",
                                            "Alias": "cn",
                                            "Startup Cost": 0.42,
                                            "Total Cost": 0.46,
                                            "Plan Rows": 1,
                                            "Plan Width": 23,
                                            "Actual Startup Time": 0.008,
                                            "Actual Total Time": 0.008,
                                            "Actual Rows": 0,
                                            "Actual Loops": 222,
                                            "Output": [
                                                "cn.id",
                                                "cn.name",
                                                "cn.country_code",
                                                "cn.imdb_id",
                                                "cn.name_pcode_nf",
                                                "cn.name_pcode_sf",
                                                "cn.md5sum"
                                            ],
                                            "Index Cond": "(cn.id = mc.company_id)",
                                            "Rows Removed by Index Recheck": 0,
                                            "Filter": "(((cn.country_code)::text <> '[jp]'::text) AND ((cn.name ~~ '%Film%'::text) OR (cn.name ~~ '%Warner%'::text)))",
                                            "Rows Removed by Filter": 1
                                        }
                                    ]
                                },
                                {
                                    "Node Type": "Seq Scan",
                                    "Parent Relationship": "Inner",
                                    "Parallel Aware": false,
                                    "Relation Name": "company_type",
                                    "Schema": "public",
                                    "Alias": "ct",
                                    "Startup Cost": 0.0,
                                    "Total Cost": 1.05,
                                    "Plan Rows": 1,
                                    "Plan Width": 4,
                                    "Actual Startup Time": 0.003,
                                    "Actual Total Time": 0.003,
                                    "Actual Rows": 1,
                                    "Actual Loops": 50,
                                    "Output": [
                                        "ct.id",
                                        "ct.kind"
                                    ],
                                    "Filter": "((ct.kind)::text = 'production companies'::text)",
                                    "Rows Removed by Filter": 1
                                }
                            ]
                        },
                        {
                            "Node Type": "Index Scan",
                            "Parent Relationship": "Inner",
                            "Parallel Aware": false,
                            "Scan Direction": "Forward",
                            "Index Name": "title_pkey",
                            "Relation Name": "title",
                            "Schema": "public",
                            "Alias": "t",
                            "Startup Cost": 0.43,
                            "Total Cost": 0.49,
                            "Plan Rows": 1,
                            "Plan Width": 21,
                            "Actual Startup Time": 0.011,
                            "Actual Total Time": 0.011,
                            "Actual Rows": 1,
                            "Actual Loops": 50,
                            "Output": [
                                "t.id",
                                "t.title",
                                "t.imdb_index",
                                "t.kind_id",
                                "t.production_year",
                                "t.imdb_id",
                                "t.phonetic_code",
                                "t.episode_of_id",
                                "t.season_nr",
                                "t.episode_nr",
                                "t.series_years",
                                "t.md5sum"
                            ],
                            "Index Cond": "(t.id = mk.movie_id)",
                            "Rows Removed by Index Recheck": 0,
                            "Filter": "((t.production_year >= 1998) AND (t.production_year <= 2012))",
                            "Rows Removed by Filter": 0
                        }
                    ]
                }
            ]
        },
        "Planning Time": 2269.114,
        "Triggers": [],
        "Execution Time": 192.498
    }
]