[
  {
    "Plan": {
      "Node Type": "Aggregate",
      "Strategy": "Plain",
      "Partial Mode": "Simple",
      "Parallel Aware": false,
      "Startup Cost": 2351.97,
      "Total Cost": 2351.98,
      "Plan Rows": 1,
      "Plan Width": 8,
      "Actual Startup Time": 28.25,
      "Actual Total Time": 28.252,
      "Actual Rows": 1,
      "Actual Loops": 1,
      "Plans": [
        {
          "Node Type": "Nested Loop",
          "Parent Relationship": "Outer",
          "Parallel Aware": false,
          "Join Type": "Inner",
          "Startup Cost": 0.99,
          "Total Cost": 2351.56,
          "Plan Rows": 162,
          "Plan Width": 0,
          "Actual Startup Time": 28.239,
          "Actual Total Time": 28.244,
          "Actual Rows": 1,
          "Actual Loops": 1,
          "Inner Unique": true,
          "Plans": [
            {
              "Node Type": "Index Scan",
              "Parent Relationship": "Outer",
              "Parallel Aware": false,
              "Scan Direction": "Forward",
              "Index Name": "person_id_cast_info",
              "Relation Name": "cast_info",
              "Alias": "ci",
              "Startup Cost": 0.56,
              "Total Cost": 987.07,
              "Plan Rows": 162,
              "Plan Width": 4,
              "Actual Startup Time": 28.206,
              "Actual Total Time": 28.209,
              "Actual Rows": 1,
              "Actual Loops": 1,
              "Index Cond": "(person_id = 1282380)",
              "Rows Removed by Index Recheck": 0,
              "Filter": "(role_id > 3)",
              "Rows Removed by Filter": 8
            },
            {
              "Node Type": "Index Only Scan",
              "Parent Relationship": "Inner",
              "Parallel Aware": false,
              "Scan Direction": "Forward",
              "Index Name": "title_pkey",
              "Relation Name": "title",
              "Alias": "t",
              "Startup Cost": 0.43,
              "Total Cost": 8.42,
              "Plan Rows": 1,
              "Plan Width": 4,
              "Actual Startup Time": 0.026,
              "Actual Total Time": 0.027,
              "Actual Rows": 1,
              "Actual Loops": 1,
              "Index Cond": "(id = ci.movie_id)",
              "Rows Removed by Index Recheck": 0,
              "Heap Fetches": 1
            }
          ]
        }
      ]
    },
    "Planning Time": 0.597,
    "Triggers": [],
    "Execution Time": 28.313
  }
]