[
  {
    "Plan": {
      "Node Type": "Aggregate",
      "Strategy": "Plain",
      "Partial Mode": "Finalize",
      "Parallel Aware": false,
      "Startup Cost": 359759.96,
      "Total Cost": 359759.97,
      "Plan Rows": 1,
      "Plan Width": 8,
      "Actual Startup Time": 449.313,
      "Actual Total Time": 513.352,
      "Actual Rows": 1,
      "Actual Loops": 1,
      "Plans": [
        {
          "Node Type": "Gather",
          "Parent Relationship": "Outer",
          "Parallel Aware": false,
          "Startup Cost": 359759.54,
          "Total Cost": 359759.95,
          "Plan Rows": 4,
          "Plan Width": 8,
          "Actual Startup Time": 449.021,
          "Actual Total Time": 513.338,
          "Actual Rows": 5,
          "Actual Loops": 1,
          "Workers Planned": 4,
          "Workers Launched": 4,
          "Single Copy": false,
          "Plans": [
            {
              "Node Type": "Aggregate",
              "Strategy": "Plain",
              "Partial Mode": "Partial",
              "Parent Relationship": "Outer",
              "Parallel Aware": false,
              "Startup Cost": 358759.54,
              "Total Cost": 358759.55,
              "Plan Rows": 1,
              "Plan Width": 8,
              "Actual Startup Time": 440.529,
              "Actual Total Time": 440.531,
              "Actual Rows": 1,
              "Actual Loops": 5,
              "Plans": [
                {
                  "Node Type": "Nested Loop",
                  "Parent Relationship": "Outer",
                  "Parallel Aware": false,
                  "Join Type": "Inner",
                  "Startup Cost": 0.56,
                  "Total Cost": 358408.13,
                  "Plan Rows": 140566,
                  "Plan Width": 0,
                  "Actual Startup Time": 0.539,
                  "Actual Total Time": 433.51,
                  "Actual Rows": 112250,
                  "Actual Loops": 5,
                  "Inner Unique": false,
                  "Plans": [
                    {
                      "Node Type": "Seq Scan",
                      "Parent Relationship": "Outer",
                      "Parallel Aware": true,
                      "Relation Name": "title",
                      "Alias": "t",
                      "Startup Cost": 0.0,
                      "Total Cost": 45479.59,
                      "Plan Rows": 12266,
                      "Plan Width": 4,
                      "Actual Startup Time": 0.302,
                      "Actual Total Time": 67.214,
                      "Actual Rows": 8802,
                      "Actual Loops": 5,
                      "Filter": "((kind_id < 7) AND (production_year = 2009))",
                      "Rows Removed by Filter": 496860
                    },
                    {
                      "Node Type": "Index Scan",
                      "Parent Relationship": "Inner",
                      "Parallel Aware": false,
                      "Scan Direction": "Forward",
                      "Index Name": "movie_id_cast_info",
                      "Relation Name": "cast_info",
                      "Alias": "ci",
                      "Startup Cost": 0.56,
                      "Total Cost": 25.23,
                      "Plan Rows": 28,
                      "Plan Width": 4,
                      "Actual Startup Time": 0.008,
                      "Actual Total Time": 0.04,
                      "Actual Rows": 13,
                      "Actual Loops": 44012,
                      "Index Cond": "(movie_id = t.id)",
                      "Rows Removed by Index Recheck": 0,
                      "Filter": "(person_id < 2949223)",
                      "Rows Removed by Filter": 4
                    }
                  ]
                }
              ]
            }
          ]
        }
      ]
    },
    "Planning Time": 0.728,
    "Triggers": [],
    "Execution Time": 513.442
  }
]