{
  "Plan": {
    "Node Type": "Aggregate",
    "Strategy": "Plain",
    "Partial Mode": "Simple",
    "Parallel Aware": false,
    "Startup Cost": 94237.25,
    "Total Cost": 94237.26,
    "Plan Rows": 1,
    "Plan Width": 64,
    "Actual Startup Time": 329.934,
    "Actual Total Time": 350.16,
    "Actual Rows": 1,
    "Actual Loops": 1,
    "Plans": [
      {
        "Node Type": "Gather",
        "Parent Relationship": "Outer",
        "Parallel Aware": false,
        "Startup Cost": 1003.41,
        "Total Cost": 94237.25,
        "Plan Rows": 1,
        "Plan Width": 32,
        "Actual Startup Time": 216.845,
        "Actual Total Time": 350.144,
        "Actual Rows": 3,
        "Actual Loops": 1,
        "Workers Planned": 1,
        "Workers Launched": 1,
        "Single Copy": false,
        "Plans": [
          {
            "Node Type": "Nested Loop",
            "Parent Relationship": "Outer",
            "Parallel Aware": false,
            "Join Type": "Inner",
            "Startup Cost": 3.41,
            "Total Cost": 93237.15,
            "Plan Rows": 1,
            "Plan Width": 32,
            "Actual Startup Time": 209.677,
            "Actual Total Time": 321.75,
            "Actual Rows": 2,
            "Actual Loops": 2,
            "Inner Unique": true,
            "Plans": [
              {
                "Node Type": "Nested Loop",
                "Parent Relationship": "Outer",
                "Parallel Aware": false,
                "Join Type": "Inner",
                "Startup Cost": 2.99,
                "Total Cost": 93236.55,
                "Plan Rows": 1,
                "Plan Width": 36,
                "Actual Startup Time": 209.651,
                "Actual Total Time": 321.72,
                "Actual Rows": 2,
                "Actual Loops": 2,
                "Inner Unique": true,
                "Plans": [
                  {
                    "Node Type": "Nested Loop",
                    "Parent Relationship": "Outer",
                    "Parallel Aware": false,
                    "Join Type": "Inner",
                    "Startup Cost": 2.85,
                    "Total Cost": 93236.35,
                    "Plan Rows": 1,
                    "Plan Width": 40,
                    "Actual Startup Time": 209.631,
                    "Actual Total Time": 321.698,
                    "Actual Rows": 2,
                    "Actual Loops": 2,
                    "Inner Unique": false,
                    "Join Filter": "(mi.movie_id = mc.movie_id)",
                    "Rows Removed by Join Filter": 0,
                    "Plans": [
                      {
                        "Node Type": "Nested Loop",
                        "Parent Relationship": "Outer",
                        "Parallel Aware": false,
                        "Join Type": "Inner",
                        "Startup Cost": 2.42,
                        "Total Cost": 93235.21,
                        "Plan Rows": 1,
                        "Plan Width": 48,
                        "Actual Startup Time": 209.589,
                        "Actual Total Time": 321.643,
                        "Actual Rows": 2,
                        "Actual Loops": 2,
                        "Inner Unique": true,
                        "Plans": [
                          {
                            "Node Type": "Nested Loop",
                            "Parent Relationship": "Outer",
                            "Parallel Aware": false,
                            "Join Type": "Inner",
                            "Startup Cost": 1.99,
                            "Total Cost": 93233.79,
                            "Plan Rows": 1,
                            "Plan Width": 52,
                            "Actual Startup Time": 209.539,
                            "Actual Total Time": 321.589,
                            "Actual Rows": 2,
                            "Actual Loops": 2,
                            "Inner Unique": true,
                            "Plans": [
                              {
                                "Node Type": "Nested Loop",
                                "Parent Relationship": "Outer",
                                "Parallel Aware": false,
                                "Join Type": "Inner",
                                "Startup Cost": 1.85,
                                "Total Cost": 93233.61,
                                "Plan Rows": 1,
                                "Plan Width": 56,
                                "Actual Startup Time": 209.518,
                                "Actual Total Time": 321.566,
                                "Actual Rows": 2,
                                "Actual Loops": 2,
                                "Inner Unique": true,
                                "Join Filter": "(mi.movie_id = t.id)",
                                "Rows Removed by Join Filter": 0,
                                "Plans": [
                                  {
                                    "Node Type": "Nested Loop",
                                    "Parent Relationship": "Outer",
                                    "Parallel Aware": false,
                                    "Join Type": "Inner",
                                    "Startup Cost": 1.43,
                                    "Total Cost": 93232.23,
                                    "Plan Rows": 1,
                                    "Plan Width": 35,
                                    "Actual Startup Time": 204.831,
                                    "Actual Total Time": 321.39,
                                    "Actual Rows": 19,
                                    "Actual Loops": 2,
                                    "Inner Unique": false,
                                    "Plans": [
                                      {
                                        "Node Type": "Nested Loop",
                                        "Parent Relationship": "Outer",
                                        "Parallel Aware": false,
                                        "Join Type": "Inner",
                                        "Startup Cost": 0.99,
                                        "Total Cost": 93226.53,
                                        "Plan Rows": 1,
                                        "Plan Width": 27,
                                        "Actual Startup Time": 163.904,
                                        "Actual Total Time": 316.348,
                                        "Actual Rows": 378,
                                        "Actual Loops": 2,
                                        "Inner Unique": false,
                                        "Join Filter": "(n.id = ci.person_id)",
                                        "Rows Removed by Join Filter": 0,
                                        "Plans": [
                                          {
                                            "Node Type": "Nested Loop",
                                            "Parent Relationship": "Outer",
                                            "Parallel Aware": false,
                                            "Join Type": "Inner",
                                            "Startup Cost": 0.42,
                                            "Total Cost": 93076.52,
                                            "Plan Rows": 12,
                                            "Plan Width": 23,
                                            "Actual Startup Time": 144.503,
                                            "Actual Total Time": 311.595,
                                            "Actual Rows": 326,
                                            "Actual Loops": 2,
                                            "Inner Unique": false,
                                            "Plans": [
                                              {
                                                "Node Type": "Seq Scan",
                                                "Parent Relationship": "Outer",
                                                "Parallel Aware": true,
                                                "Relation Name": "name",
                                                "Alias": "n",
                                                "Startup Cost": 0.0,
                                                "Total Cost": 92382.65,
                                                "Plan Rows": 56,
                                                "Plan Width": 19,
                                                "Actual Startup Time": 141.754,
                                                "Actual Total Time": 308.193,
                                                "Actual Rows": 1734,
                                                "Actual Loops": 2,
                                                "Filter": "((name ~~ '%Smith,%'::text) AND ((gender)::text = 'f'::text))",
                                                "Rows Removed by Filter": 2082012
                                              },
                                              {
                                                "Node Type": "Index Only Scan",
                                                "Parent Relationship": "Inner",
                                                "Parallel Aware": false,
                                                "Scan Direction": "Forward",
                                                "Index Name": "person_id_aka_name",
                                                "Relation Name": "aka_name",
                                                "Alias": "an",
                                                "Startup Cost": 0.42,
                                                "Total Cost": 12.37,
                                                "Plan Rows": 2,
                                                "Plan Width": 4,
                                                "Actual Startup Time": 0.002,
                                                "Actual Total Time": 0.002,
                                                "Actual Rows": 0,
                                                "Actual Loops": 3467,
                                                "Index Cond": "(person_id = n.id)",
                                                "Rows Removed by Index Recheck": 0,
                                                "Heap Fetches": 651
                                              }
                                            ]
                                          },
                                          {
                                            "Node Type": "Index Scan",
                                            "Parent Relationship": "Inner",
                                            "Parallel Aware": false,
                                            "Scan Direction": "Forward",
                                            "Index Name": "person_id_cast_info",
                                            "Relation Name": "cast_info",
                                            "Alias": "ci",
                                            "Startup Cost": 0.56,
                                            "Total Cost": 12.46,
                                            "Plan Rows": 3,
                                            "Plan Width": 16,
                                            "Actual Startup Time": 0.01,
                                            "Actual Total Time": 0.014,
                                            "Actual Rows": 1,
                                            "Actual Loops": 651,
                                            "Index Cond": "(person_id = an.person_id)",
                                            "Rows Removed by Index Recheck": 0,
                                            "Filter": "(note = '(archive footage)'::text)",
                                            "Rows Removed by Filter": 63
                                          }
                                        ]
                                      },
                                      {
                                        "Node Type": "Index Scan",
                                        "Parent Relationship": "Inner",
                                        "Parallel Aware": false,
                                        "Scan Direction": "Forward",
                                        "Index Name": "movie_id_movie_info",
                                        "Relation Name": "movie_info",
                                        "Alias": "mi",
                                        "Startup Cost": 0.43,
                                        "Total Cost": 5.7,
                                        "Plan Rows": 1,
                                        "Plan Width": 8,
                                        "Actual Startup Time": 0.013,
                                        "Actual Total Time": 0.013,
                                        "Actual Rows": 0,
                                        "Actual Loops": 756,
                                        "Index Cond": "(movie_id = ci.movie_id)",
                                        "Rows Removed by Index Recheck": 0,
                                        "Filter": "((info IS NOT NULL) AND ((info ~~ 'Japan:%2007%'::text) OR (info ~~ 'USA:%2008%'::text)))",
                                        "Rows Removed by Filter": 7
                                      }
                                    ]
                                  },
                                  {
                                    "Node Type": "Index Scan",
                                    "Parent Relationship": "Inner",
                                    "Parallel Aware": false,
                                    "Scan Direction": "Forward",
                                    "Index Name": "title_pkey",
                                    "Relation Name": "title",
                                    "Alias": "t",
                                    "Startup Cost": 0.43,
                                    "Total Cost": 1.37,
                                    "Plan Rows": 1,
                                    "Plan Width": 21,
                                    "Actual Startup Time": 0.009,
                                    "Actual Total Time": 0.009,
                                    "Actual Rows": 0,
                                    "Actual Loops": 38,
                                    "Index Cond": "(id = ci.movie_id)",
                                    "Rows Removed by Index Recheck": 0,
                                    "Filter": "((title ~~ '%The%'::text) AND (production_year >= 2003) AND (production_year <= 2008))",
                                    "Rows Removed by Filter": 1
                                  }
                                ]
                              },
                              {
                                "Node Type": "Index Scan",
                                "Parent Relationship": "Inner",
                                "Parallel Aware": false,
                                "Scan Direction": "Forward",
                                "Index Name": "role_type_pkey",
                                "Relation Name": "role_type",
                                "Alias": "rt",
                                "Startup Cost": 0.14,
                                "Total Cost": 0.16,
                                "Plan Rows": 1,
                                "Plan Width": 4,
                                "Actual Startup Time": 0.013,
                                "Actual Total Time": 0.013,
                                "Actual Rows": 1,
                                "Actual Loops": 3,
                                "Index Cond": "(id = ci.role_id)",
                                "Rows Removed by Index Recheck": 0,
                                "Filter": "((role)::text = 'actress'::text)",
                                "Rows Removed by Filter": 0
                              }
                            ]
                          },
                          {
                            "Node Type": "Index Only Scan",
                            "Parent Relationship": "Inner",
                            "Parallel Aware": false,
                            "Scan Direction": "Forward",
                            "Index Name": "char_name_pkey",
                            "Relation Name": "char_name",
                            "Alias": "chn",
                            "Startup Cost": 0.43,
                            "Total Cost": 1.42,
                            "Plan Rows": 1,
                            "Plan Width": 4,
                            "Actual Startup Time": 0.033,
                            "Actual Total Time": 0.033,
                            "Actual Rows": 1,
                            "Actual Loops": 3,
                            "Index Cond": "(id = ci.person_role_id)",
                            "Rows Removed by Index Recheck": 0,
                            "Heap Fetches": 3
                          }
                        ]
                      },
                      {
                        "Node Type": "Index Scan",
                        "Parent Relationship": "Inner",
                        "Parallel Aware": false,
                        "Scan Direction": "Forward",
                        "Index Name": "movie_id_movie_companies",
                        "Relation Name": "movie_companies",
                        "Alias": "mc",
                        "Startup Cost": 0.43,
                        "Total Cost": 1.13,
                        "Plan Rows": 1,
                        "Plan Width": 8,
                        "Actual Startup Time": 0.026,
                        "Actual Total Time": 0.034,
                        "Actual Rows": 1,
                        "Actual Loops": 3,
                        "Index Cond": "(movie_id = ci.movie_id)",
                        "Rows Removed by Index Recheck": 0,
                        "Filter": "((note ~~ '%(200%)%'::text) AND ((note ~~ '%(USA)%'::text) OR (note ~~ '%(worldwide)%'::text)))",
                        "Rows Removed by Filter": 2
                      }
                    ]
                  },
                  {
                    "Node Type": "Index Scan",
                    "Parent Relationship": "Inner",
                    "Parallel Aware": false,
                    "Scan Direction": "Forward",
                    "Index Name": "info_type_pkey",
                    "Relation Name": "info_type",
                    "Alias": "it",
                    "Startup Cost": 0.14,
                    "Total Cost": 0.17,
                    "Plan Rows": 1,
                    "Plan Width": 4,
                    "Actual Startup Time": 0.012,
                    "Actual Total Time": 0.012,
                    "Actual Rows": 1,
                    "Actual Loops": 3,
                    "Index Cond": "(id = mi.info_type_id)",
                    "Rows Removed by Index Recheck": 0,
                    "Filter": "((info)::text = 'release dates'::text)",
                    "Rows Removed by Filter": 0
                  }
                ]
              },
              {
                "Node Type": "Index Scan",
                "Parent Relationship": "Inner",
                "Parallel Aware": false,
                "Scan Direction": "Forward",
                "Index Name": "company_name_pkey",
                "Relation Name": "company_name",
                "Alias": "cn",
                "Startup Cost": 0.42,
                "Total Cost": 0.6,
                "Plan Rows": 1,
                "Plan Width": 4,
                "Actual Startup Time": 0.017,
                "Actual Total Time": 0.017,
                "Actual Rows": 1,
                "Actual Loops": 3,
                "Index Cond": "(id = mc.company_id)",
                "Rows Removed by Index Recheck": 0,
                "Filter": "((country_code)::text = '[us]'::text)",
                "Rows Removed by Filter": 0
              }
            ]
          }
        ]
      }
    ]
  },
  "Planning Time": 3.447,
  "Triggers": [],
  "Execution Time": 350.353
}