[
  {
    "Plan": {
      "Node Type": "Aggregate",
      "Strategy": "Plain",
      "Partial Mode": "Finalize",
      "Parallel Aware": false,
      "Startup Cost": 61354.03,
      "Total Cost": 61354.04,
      "Plan Rows": 1,
      "Plan Width": 8,
      "Actual Startup Time": 104.262,
      "Actual Total Time": 117.143,
      "Actual Rows": 1,
      "Actual Loops": 1,
      "Plans": [
        {
          "Node Type": "Gather",
          "Parent Relationship": "Outer",
          "Parallel Aware": false,
          "Startup Cost": 61353.61,
          "Total Cost": 61354.02,
          "Plan Rows": 4,
          "Plan Width": 8,
          "Actual Startup Time": 104.101,
          "Actual Total Time": 117.134,
          "Actual Rows": 5,
          "Actual Loops": 1,
          "Workers Planned": 4,
          "Workers Launched": 4,
          "Single Copy": false,
          "Plans": [
            {
              "Node Type": "Aggregate",
              "Strategy": "Plain",
              "Partial Mode": "Partial",
              "Parent Relationship": "Outer",
              "Parallel Aware": false,
              "Startup Cost": 60353.61,
              "Total Cost": 60353.62,
              "Plan Rows": 1,
              "Plan Width": 8,
              "Actual Startup Time": 94.796,
              "Actual Total Time": 94.797,
              "Actual Rows": 1,
              "Actual Loops": 5,
              "Plans": [
                {
                  "Node Type": "Nested Loop",
                  "Parent Relationship": "Outer",
                  "Parallel Aware": false,
                  "Join Type": "Inner",
                  "Startup Cost": 0.43,
                  "Total Cost": 60349.31,
                  "Plan Rows": 1720,
                  "Plan Width": 0,
                  "Actual Startup Time": 0.92,
                  "Actual Total Time": 94.703,
                  "Actual Rows": 815,
                  "Actual Loops": 5,
                  "Inner Unique": false,
                  "Plans": [
                    {
                      "Node Type": "Seq Scan",
                      "Parent Relationship": "Outer",
                      "Parallel Aware": true,
                      "Relation Name": "title",
                      "Alias": "t",
                      "Startup Cost": 0.0,
                      "Total Cost": 45479.1,
                      "Plan Rows": 3150,
                      "Plan Width": 4,
                      "Actual Startup Time": 0.102,
                      "Actual Total Time": 82.544,
                      "Actual Rows": 2308,
                      "Actual Loops": 5,
                      "Filter": "((kind_id = 7) AND (production_year = 1988))",
                      "Rows Removed by Filter": 503354
                    },
                    {
                      "Node Type": "Index Only Scan",
                      "Parent Relationship": "Inner",
                      "Parallel Aware": false,
                      "Scan Direction": "Forward",
                      "Index Name": "movie_id_movie_info_idx",
                      "Relation Name": "movie_info_idx",
                      "Alias": "mi_idx",
                      "Startup Cost": 0.43,
                      "Total Cost": 4.69,
                      "Plan Rows": 3,
                      "Plan Width": 4,
                      "Actual Startup Time": 0.005,
                      "Actual Total Time": 0.005,
                      "Actual Rows": 0,
                      "Actual Loops": 11542,
                      "Index Cond": "(movie_id = t.id)",
                      "Rows Removed by Index Recheck": 0,
                      "Heap Fetches": 4077
                    }
                  ]
                }
              ]
            }
          ]
        }
      ]
    },
    "Planning Time": 0.308,
    "Triggers": [],
    "Execution Time": 117.195
  }
]