[
  {
    "Plan": {
      "Node Type": "Aggregate",
      "Strategy": "Plain",
      "Partial Mode": "Finalize",
      "Parallel Aware": false,
      "Startup Cost": 115409.61,
      "Total Cost": 115409.62,
      "Plan Rows": 1,
      "Plan Width": 8,
      "Actual Startup Time": 905.343,
      "Actual Total Time": 979.152,
      "Actual Rows": 1,
      "Actual Loops": 1,
      "Plans": [
        {
          "Node Type": "Gather",
          "Parent Relationship": "Outer",
          "Parallel Aware": false,
          "Startup Cost": 115409.29,
          "Total Cost": 115409.6,
          "Plan Rows": 3,
          "Plan Width": 8,
          "Actual Startup Time": 900.98,
          "Actual Total Time": 979.142,
          "Actual Rows": 4,
          "Actual Loops": 1,
          "Workers Planned": 3,
          "Workers Launched": 3,
          "Single Copy": false,
          "Plans": [
            {
              "Node Type": "Aggregate",
              "Strategy": "Plain",
              "Partial Mode": "Partial",
              "Parent Relationship": "Outer",
              "Parallel Aware": false,
              "Startup Cost": 114409.29,
              "Total Cost": 114409.3,
              "Plan Rows": 1,
              "Plan Width": 8,
              "Actual Startup Time": 893.005,
              "Actual Total Time": 893.009,
              "Actual Rows": 1,
              "Actual Loops": 4,
              "Plans": [
                {
                  "Node Type": "Nested Loop",
                  "Parent Relationship": "Outer",
                  "Parallel Aware": false,
                  "Join Type": "Inner",
                  "Startup Cost": 50628.71,
                  "Total Cost": 114283.93,
                  "Plan Rows": 50143,
                  "Plan Width": 0,
                  "Actual Startup Time": 257.756,
                  "Actual Total Time": 888.324,
                  "Actual Rows": 81337,
                  "Actual Loops": 4,
                  "Inner Unique": false,
                  "Plans": [
                    {
                      "Node Type": "Hash Join",
                      "Parent Relationship": "Outer",
                      "Parallel Aware": true,
                      "Join Type": "Inner",
                      "Startup Cost": 50628.15,
                      "Total Cost": 75488.68,
                      "Plan Rows": 16868,
                      "Plan Width": 8,
                      "Actual Startup Time": 257.52,
                      "Actual Total Time": 296.785,
                      "Actual Rows": 11345,
                      "Actual Loops": 4,
                      "Inner Unique": true,
                      "Hash Cond": "(mk.movie_id = t.id)",
                      "Plans": [
                        {
                          "Node Type": "Bitmap Heap Scan",
                          "Parent Relationship": "Outer",
                          "Parallel Aware": true,
                          "Relation Name": "movie_keyword",
                          "Alias": "mk",
                          "Startup Cost": 1770.18,
                          "Total Cost": 26560.15,
                          "Plan Rows": 26878,
                          "Plan Width": 4,
                          "Actual Startup Time": 9.475,
                          "Actual Total Time": 31.136,
                          "Actual Rows": 21240,
                          "Actual Loops": 4,
                          "Recheck Cond": "(keyword_id < 73)",
                          "Rows Removed by Index Recheck": 0,
                          "Exact Heap Blocks": 5746,
                          "Lossy Heap Blocks": 0,
                          "Plans": [
                            {
                              "Node Type": "Bitmap Index Scan",
                              "Parent Relationship": "Outer",
                              "Parallel Aware": false,
                              "Index Name": "keyword_id_movie_keyword",
                              "Startup Cost": 0.0,
                              "Total Cost": 1749.35,
                              "Plan Rows": 83322,
                              "Plan Width": 0,
                              "Actual Startup Time": 6.528,
                              "Actual Total Time": 6.528,
                              "Actual Rows": 84961,
                              "Actual Loops": 1,
                              "Index Cond": "(keyword_id < 73)"
                            }
                          ]
                        },
                        {
                          "Node Type": "Hash",
                          "Parent Relationship": "Inner",
                          "Parallel Aware": true,
                          "Startup Cost": 43899.32,
                          "Total Cost": 43899.32,
                          "Plan Rows": 396692,
                          "Plan Width": 4,
                          "Actual Startup Time": 243.451,
                          "Actual Total Time": 243.452,
                          "Actual Rows": 392642,
                          "Actual Loops": 4,
                          "Hash Buckets": 2097152,
                          "Original Hash Buckets": 2097152,
                          "Hash Batches": 1,
                          "Original Hash Batches": 1,
                          "Peak Memory Usage": 77856,
                          "Plans": [
                            {
                              "Node Type": "Seq Scan",
                              "Parent Relationship": "Outer",
                              "Parallel Aware": true,
                              "Relation Name": "title",
                              "Alias": "t",
                              "Startup Cost": 0.0,
                              "Total Cost": 43899.32,
                              "Plan Rows": 396692,
                              "Plan Width": 4,
                              "Actual Startup Time": 0.041,
                              "Actual Total Time": 105.084,
                              "Actual Rows": 392642,
                              "Actual Loops": 4,
                              "Filter": "(production_year > 1996)",
                              "Rows Removed by Filter": 239436
                            }
                          ]
                        }
                      ]
                    },
                    {
                      "Node Type": "Index Scan",
                      "Parent Relationship": "Inner",
                      "Parallel Aware": false,
                      "Scan Direction": "Forward",
                      "Index Name": "movie_id_cast_info",
                      "Relation Name": "cast_info",
                      "Alias": "ci",
                      "Startup Cost": 0.56,
                      "Total Cost": 2.23,
                      "Plan Rows": 7,
                      "Plan Width": 4,
                      "Actual Startup Time": 0.025,
                      "Actual Total Time": 0.051,
                      "Actual Rows": 7,
                      "Actual Loops": 45379,
                      "Index Cond": "(movie_id = t.id)",
                      "Rows Removed by Index Recheck": 0,
                      "Filter": "(role_id = 2)",
                      "Rows Removed by Filter": 34
                    }
                  ]
                }
              ]
            }
          ]
        }
      ]
    },
    "Planning Time": 0.406,
    "Triggers": [],
    "Execution Time": 979.221
  }
]