{
  "Plan": {
    "Node Type": "Aggregate",
    "Strategy": "Plain",
    "Partial Mode": "Finalize",
    "Parallel Aware": false,
    "Startup Cost": 112753.29,
    "Total Cost": 112753.3,
    "Plan Rows": 1,
    "Plan Width": 8,
    "Actual Startup Time": 705.465,
    "Actual Total Time": 721.668,
    "Actual Rows": 1,
    "Actual Loops": 1,
    "Plans": [
      {
        "Node Type": "Gather",
        "Parent Relationship": "Outer",
        "Parallel Aware": false,
        "Startup Cost": 112753.18,
        "Total Cost": 112753.29,
        "Plan Rows": 1,
        "Plan Width": 8,
        "Actual Startup Time": 702.326,
        "Actual Total Time": 721.662,
        "Actual Rows": 2,
        "Actual Loops": 1,
        "Workers Planned": 1,
        "Workers Launched": 1,
        "Single Copy": false,
        "Plans": [
          {
            "Node Type": "Aggregate",
            "Strategy": "Plain",
            "Partial Mode": "Partial",
            "Parent Relationship": "Outer",
            "Parallel Aware": false,
            "Startup Cost": 111753.18,
            "Total Cost": 111753.19,
            "Plan Rows": 1,
            "Plan Width": 8,
            "Actual Startup Time": 689.767,
            "Actual Total Time": 689.77,
            "Actual Rows": 1,
            "Actual Loops": 2,
            "Plans": [
              {
                "Node Type": "Hash Join",
                "Parent Relationship": "Outer",
                "Parallel Aware": true,
                "Join Type": "Inner",
                "Startup Cost": 81996.89,
                "Total Cost": 111079.41,
                "Plan Rows": 269506,
                "Plan Width": 0,
                "Actual Startup Time": 550.333,
                "Actual Total Time": 679.319,
                "Actual Rows": 241710,
                "Actual Loops": 2,
                "Inner Unique": true,
                "Hash Cond": "(mk.movie_id = t.id)",
                "Plans": [
                  {
                    "Node Type": "Bitmap Heap Scan",
                    "Parent Relationship": "Outer",
                    "Parallel Aware": true,
                    "Relation Name": "movie_keyword",
                    "Alias": "mk",
                    "Startup Cost": 11036.22,
                    "Total Cost": 39315.45,
                    "Plan Rows": 306018,
                    "Plan Width": 4,
                    "Actual Startup Time": 30.975,
                    "Actual Total Time": 92.513,
                    "Actual Rows": 253831,
                    "Actual Loops": 2,
                    "Recheck Cond": "(keyword_id > 35740)",
                    "Rows Removed by Index Recheck": 0,
                    "Exact Heap Blocks": 12915,
                    "Lossy Heap Blocks": 0,
                    "Plans": [
                      {
                        "Node Type": "Bitmap Index Scan",
                        "Parent Relationship": "Outer",
                        "Parallel Aware": false,
                        "Index Name": "keyword_id_movie_keyword",
                        "Startup Cost": 0.0,
                        "Total Cost": 10906.17,
                        "Plan Rows": 520231,
                        "Plan Width": 0,
                        "Actual Startup Time": 27.46,
                        "Actual Total Time": 27.46,
                        "Actual Rows": 507662,
                        "Actual Loops": 1,
                        "Index Cond": "(keyword_id > 35740)"
                      }
                    ]
                  },
                  {
                    "Node Type": "Hash",
                    "Parent Relationship": "Inner",
                    "Parallel Aware": true,
                    "Startup Cost": 54588.39,
                    "Total Cost": 54588.39,
                    "Plan Rows": 1309782,
                    "Plan Width": 4,
                    "Actual Startup Time": 497.819,
                    "Actual Total Time": 497.819,
                    "Actual Rows": 1112284,
                    "Actual Loops": 2,
                    "Hash Buckets": 4194304,
                    "Original Hash Buckets": 4194304,
                    "Hash Batches": 1,
                    "Original Hash Batches": 1,
                    "Peak Memory Usage": 119840,
                    "Plans": [
                      {
                        "Node Type": "Seq Scan",
                        "Parent Relationship": "Outer",
                        "Parallel Aware": true,
                        "Relation Name": "title",
                        "Alias": "t",
                        "Startup Cost": 0.0,
                        "Total Cost": 54588.39,
                        "Plan Rows": 1309782,
                        "Plan Width": 4,
                        "Actual Startup Time": 0.021,
                        "Actual Total Time": 172.92,
                        "Actual Rows": 1112284,
                        "Actual Loops": 2,
                        "Filter": "(production_year < 2012)",
                        "Rows Removed by Filter": 151872
                      }
                    ]
                  }
                ]
              }
            ]
          }
        ]
      }
    ]
  },
  "Planning Time": 0.712,
  "Triggers": [],
  "Execution Time": 721.758
}