[
    {
        "Bao": {
            "Bao prediction": "NaN",
            "Bao recommended hint": "(no hint)"
        }
    },
    {
        "Plan": {
            "Node Type": "Aggregate",
            "Strategy": "Plain",
            "Partial Mode": "Finalize",
            "Parallel Aware": false,
            "Startup Cost": 41586.07,
            "Total Cost": 41586.08,
            "Plan Rows": 1,
            "Plan Width": 8,
            "Actual Startup Time": 127.933,
            "Actual Total Time": 134.317,
            "Actual Rows": 1,
            "Actual Loops": 1,
            "Output": [
                "count(*)"
            ],
            "Plans": [
                {
                    "Node Type": "Gather",
                    "Parent Relationship": "Outer",
                    "Parallel Aware": false,
                    "Startup Cost": 41585.75,
                    "Total Cost": 41586.06,
                    "Plan Rows": 3,
                    "Plan Width": 8,
                    "Actual Startup Time": 127.665,
                    "Actual Total Time": 134.307,
                    "Actual Rows": 4,
                    "Actual Loops": 1,
                    "Output": [
                        "(PARTIAL count(*))"
                    ],
                    "Workers Planned": 3,
                    "Workers Launched": 3,
                    "Single Copy": false,
                    "Plans": [
                        {
                            "Node Type": "Aggregate",
                            "Strategy": "Plain",
                            "Partial Mode": "Partial",
                            "Parent Relationship": "Outer",
                            "Parallel Aware": false,
                            "Startup Cost": 40585.75,
                            "Total Cost": 40585.76,
                            "Plan Rows": 1,
                            "Plan Width": 8,
                            "Actual Startup Time": 119.048,
                            "Actual Total Time": 119.05,
                            "Actual Rows": 1,
                            "Actual Loops": 4,
                            "Output": [
                                "PARTIAL count(*)"
                            ],
                            "Workers": [
                                {
                                    "Worker Number": 0,
                                    "Actual Startup Time": 116.11,
                                    "Actual Total Time": 116.112,
                                    "Actual Rows": 1,
                                    "Actual Loops": 1
                                },
                                {
                                    "Worker Number": 1,
                                    "Actual Startup Time": 116.338,
                                    "Actual Total Time": 116.34,
                                    "Actual Rows": 1,
                                    "Actual Loops": 1
                                },
                                {
                                    "Worker Number": 2,
                                    "Actual Startup Time": 116.354,
                                    "Actual Total Time": 116.356,
                                    "Actual Rows": 1,
                                    "Actual Loops": 1
                                }
                            ],
                            "Plans": [
                                {
                                    "Node Type": "Bitmap Heap Scan",
                                    "Parent Relationship": "Outer",
                                    "Parallel Aware": true,
                                    "Relation Name": "movie_keyword",
                                    "Schema": "public",
                                    "Alias": "mk",
                                    "Startup Cost": 13135.47,
                                    "Total Cost": 40086.37,
                                    "Plan Rows": 199752,
                                    "Plan Width": 0,
                                    "Actual Startup Time": 35.086,
                                    "Actual Total Time": 110.805,
                                    "Actual Rows": 152808,
                                    "Actual Loops": 4,
                                    "Recheck Cond": "(mk.keyword_id > 30220)",
                                    "Rows Removed by Index Recheck": 0,
                                    "Exact Heap Blocks": 9743,
                                    "Lossy Heap Blocks": 0,
                                    "Workers": [
                                        {
                                            "Worker Number": 0,
                                            "Actual Startup Time": 32.197,
                                            "Actual Total Time": 108.505,
                                            "Actual Rows": 124067,
                                            "Actual Loops": 1
                                        },
                                        {
                                            "Worker Number": 1,
                                            "Actual Startup Time": 32.444,
                                            "Actual Total Time": 108.78,
                                            "Actual Rows": 118713,
                                            "Actual Loops": 1
                                        },
                                        {
                                            "Worker Number": 2,
                                            "Actual Startup Time": 32.647,
                                            "Actual Total Time": 108.869,
                                            "Actual Rows": 113140,
                                            "Actual Loops": 1
                                        }
                                    ],
                                    "Plans": [
                                        {
                                            "Node Type": "Bitmap Index Scan",
                                            "Parent Relationship": "Outer",
                                            "Parallel Aware": false,
                                            "Index Name": "keyword_id_movie_keyword",
                                            "Startup Cost": 0.0,
                                            "Total Cost": 12980.67,
                                            "Plan Rows": 619231,
                                            "Plan Width": 0,
                                            "Actual Startup Time": 39.646,
                                            "Actual Total Time": 39.647,
                                            "Actual Rows": 611232,
                                            "Actual Loops": 1,
                                            "Index Cond": "(mk.keyword_id > 30220)"
                                        }
                                    ]
                                }
                            ]
                        }
                    ]
                }
            ]
        },
        "Planning Time": 182.083,
        "Triggers": [],
        "Execution Time": 134.399
    }
]