{
  "Plan": {
    "Node Type": "Aggregate",
    "Strategy": "Plain",
    "Partial Mode": "Finalize",
    "Parallel Aware": false,
    "Startup Cost": 92877.7,
    "Total Cost": 92877.71,
    "Plan Rows": 1,
    "Plan Width": 8,
    "Actual Startup Time": 217.351,
    "Actual Total Time": 232.587,
    "Actual Rows": 1,
    "Actual Loops": 1,
    "Plans": [
      {
        "Node Type": "Gather",
        "Parent Relationship": "Outer",
        "Parallel Aware": false,
        "Startup Cost": 92877.58,
        "Total Cost": 92877.69,
        "Plan Rows": 1,
        "Plan Width": 8,
        "Actual Startup Time": 217.104,
        "Actual Total Time": 232.58,
        "Actual Rows": 2,
        "Actual Loops": 1,
        "Workers Planned": 1,
        "Workers Launched": 1,
        "Single Copy": false,
        "Plans": [
          {
            "Node Type": "Aggregate",
            "Strategy": "Plain",
            "Partial Mode": "Partial",
            "Parent Relationship": "Outer",
            "Parallel Aware": false,
            "Startup Cost": 91877.58,
            "Total Cost": 91877.59,
            "Plan Rows": 1,
            "Plan Width": 8,
            "Actual Startup Time": 210.976,
            "Actual Total Time": 210.981,
            "Actual Rows": 1,
            "Actual Loops": 2,
            "Plans": [
              {
                "Node Type": "Nested Loop",
                "Parent Relationship": "Outer",
                "Parallel Aware": false,
                "Join Type": "Inner",
                "Startup Cost": 62125.73,
                "Total Cost": 91869.35,
                "Plan Rows": 3295,
                "Plan Width": 0,
                "Actual Startup Time": 151.465,
                "Actual Total Time": 210.867,
                "Actual Rows": 1510,
                "Actual Loops": 2,
                "Inner Unique": false,
                "Join Filter": "(t.id = mi.movie_id)",
                "Rows Removed by Join Filter": 0,
                "Plans": [
                  {
                    "Node Type": "Hash Join",
                    "Parent Relationship": "Outer",
                    "Parallel Aware": true,
                    "Join Type": "Inner",
                    "Startup Cost": 62125.29,
                    "Total Cost": 88136.79,
                    "Plan Rows": 564,
                    "Plan Width": 8,
                    "Actual Startup Time": 151.397,
                    "Actual Total Time": 206.981,
                    "Actual Rows": 178,
                    "Actual Loops": 2,
                    "Inner Unique": true,
                    "Hash Cond": "(mk.movie_id = t.id)",
                    "Plans": [
                      {
                        "Node Type": "Bitmap Heap Scan",
                        "Parent Relationship": "Outer",
                        "Parallel Aware": true,
                        "Relation Name": "movie_keyword",
                        "Alias": "mk",
                        "Startup Cost": 3717.12,
                        "Total Cost": 29458.31,
                        "Plan Rows": 102975,
                        "Plan Width": 4,
                        "Actual Startup Time": 13.731,
                        "Actual Total Time": 58.118,
                        "Actual Rows": 94388,
                        "Actual Loops": 2,
                        "Recheck Cond": "(keyword_id < 137)",
                        "Rows Removed by Index Recheck": 0,
                        "Exact Heap Blocks": 15495,
                        "Lossy Heap Blocks": 0,
                        "Plans": [
                          {
                            "Node Type": "Bitmap Index Scan",
                            "Parent Relationship": "Outer",
                            "Parallel Aware": false,
                            "Index Name": "keyword_id_movie_keyword",
                            "Startup Cost": 0.0,
                            "Total Cost": 3673.36,
                            "Plan Rows": 175057,
                            "Plan Width": 0,
                            "Actual Startup Time": 10.253,
                            "Actual Total Time": 10.254,
                            "Actual Rows": 188777,
                            "Actual Loops": 1,
                            "Index Cond": "(keyword_id < 137)"
                          }
                        ]
                      },
                      {
                        "Node Type": "Hash",
                        "Parent Relationship": "Inner",
                        "Parallel Aware": true,
                        "Startup Cost": 58306.47,
                        "Total Cost": 58306.47,
                        "Plan Rows": 8136,
                        "Plan Width": 4,
                        "Actual Startup Time": 136.37,
                        "Actual Total Time": 136.371,
                        "Actual Rows": 6816,
                        "Actual Loops": 2,
                        "Hash Buckets": 16384,
                        "Original Hash Buckets": 16384,
                        "Hash Batches": 1,
                        "Original Hash Batches": 1,
                        "Peak Memory Usage": 672,
                        "Plans": [
                          {
                            "Node Type": "Seq Scan",
                            "Parent Relationship": "Outer",
                            "Parallel Aware": true,
                            "Relation Name": "title",
                            "Alias": "t",
                            "Startup Cost": 0.0,
                            "Total Cost": 58306.47,
                            "Plan Rows": 8136,
                            "Plan Width": 4,
                            "Actual Startup Time": 0.07,
                            "Actual Total Time": 133.931,
                            "Actual Rows": 6816,
                            "Actual Loops": 2,
                            "Filter": "((kind_id = 7) AND (production_year = 1990))",
                            "Rows Removed by Filter": 1257340
                          }
                        ]
                      }
                    ]
                  },
                  {
                    "Node Type": "Index Only Scan",
                    "Parent Relationship": "Inner",
                    "Parallel Aware": false,
                    "Scan Direction": "Forward",
                    "Index Name": "movie_id_movie_info",
                    "Relation Name": "movie_info",
                    "Alias": "mi",
                    "Startup Cost": 0.43,
                    "Total Cost": 6.09,
                    "Plan Rows": 42,
                    "Plan Width": 4,
                    "Actual Startup Time": 0.007,
                    "Actual Total Time": 0.018,
                    "Actual Rows": 9,
                    "Actual Loops": 355,
                    "Index Cond": "(movie_id = mk.movie_id)",
                    "Rows Removed by Index Recheck": 0,
                    "Heap Fetches": 3020
                  }
                ]
              }
            ]
          }
        ]
      }
    ]
  },
  "Planning Time": 0.974,
  "Triggers": [],
  "Execution Time": 232.705
}