[
  {
    "Plan": {
      "Node Type": "Aggregate",
      "Strategy": "Plain",
      "Partial Mode": "Finalize",
      "Parallel Aware": false,
      "Startup Cost": 62908.69,
      "Total Cost": 62908.7,
      "Plan Rows": 1,
      "Plan Width": 8,
      "Actual Startup Time": 149.983,
      "Actual Total Time": 159.455,
      "Actual Rows": 1,
      "Actual Loops": 1,
      "Plans": [
        {
          "Node Type": "Gather",
          "Parent Relationship": "Outer",
          "Parallel Aware": false,
          "Startup Cost": 62908.38,
          "Total Cost": 62908.69,
          "Plan Rows": 3,
          "Plan Width": 8,
          "Actual Startup Time": 149.51,
          "Actual Total Time": 159.444,
          "Actual Rows": 4,
          "Actual Loops": 1,
          "Workers Planned": 3,
          "Workers Launched": 3,
          "Single Copy": false,
          "Plans": [
            {
              "Node Type": "Aggregate",
              "Strategy": "Plain",
              "Partial Mode": "Partial",
              "Parent Relationship": "Outer",
              "Parallel Aware": false,
              "Startup Cost": 61908.38,
              "Total Cost": 61908.39,
              "Plan Rows": 1,
              "Plan Width": 8,
              "Actual Startup Time": 139.888,
              "Actual Total Time": 139.894,
              "Actual Rows": 1,
              "Actual Loops": 4,
              "Plans": [
                {
                  "Node Type": "Nested Loop",
                  "Parent Relationship": "Outer",
                  "Parallel Aware": false,
                  "Join Type": "Inner",
                  "Startup Cost": 27490.98,
                  "Total Cost": 61907.48,
                  "Plan Rows": 359,
                  "Plan Width": 0,
                  "Actual Startup Time": 63.621,
                  "Actual Total Time": 139.671,
                  "Actual Rows": 1972,
                  "Actual Loops": 4,
                  "Inner Unique": true,
                  "Join Filter": "(mc.movie_id = t.id)",
                  "Rows Removed by Join Filter": 0,
                  "Plans": [
                    {
                      "Node Type": "Hash Join",
                      "Parent Relationship": "Outer",
                      "Parallel Aware": true,
                      "Join Type": "Inner",
                      "Startup Cost": 27490.55,
                      "Total Cost": 53695.65,
                      "Plan Rows": 7793,
                      "Plan Width": 8,
                      "Actual Startup Time": 62.564,
                      "Actual Total Time": 122.985,
                      "Actual Rows": 2963,
                      "Actual Loops": 4,
                      "Inner Unique": false,
                      "Hash Cond": "(mk.movie_id = mc.movie_id)",
                      "Plans": [
                        {
                          "Node Type": "Bitmap Heap Scan",
                          "Parent Relationship": "Outer",
                          "Parallel Aware": true,
                          "Relation Name": "movie_keyword",
                          "Alias": "mk",
                          "Startup Cost": 6485.93,
                          "Total Cost": 32172.76,
                          "Plan Rows": 98626,
                          "Plan Width": 4,
                          "Actual Startup Time": 20.397,
                          "Actual Total Time": 67.411,
                          "Actual Rows": 75260,
                          "Actual Loops": 4,
                          "Recheck Cond": "(keyword_id > 53825)",
                          "Rows Removed by Index Recheck": 0,
                          "Exact Heap Blocks": 8422,
                          "Lossy Heap Blocks": 0,
                          "Plans": [
                            {
                              "Node Type": "Bitmap Index Scan",
                              "Parent Relationship": "Outer",
                              "Parallel Aware": false,
                              "Index Name": "keyword_id_movie_keyword",
                              "Startup Cost": 0.0,
                              "Total Cost": 6409.5,
                              "Plan Rows": 305742,
                              "Plan Width": 0,
                              "Actual Startup Time": 17.064,
                              "Actual Total Time": 17.065,
                              "Actual Rows": 301039,
                              "Actual Loops": 1,
                              "Index Cond": "(keyword_id > 53825)"
                            }
                          ]
                        },
                        {
                          "Node Type": "Hash",
                          "Parent Relationship": "Inner",
                          "Parallel Aware": true,
                          "Startup Cost": 20849.88,
                          "Total Cost": 20849.88,
                          "Plan Rows": 12379,
                          "Plan Width": 4,
                          "Actual Startup Time": 40.451,
                          "Actual Total Time": 40.452,
                          "Actual Rows": 16012,
                          "Actual Loops": 4,
                          "Hash Buckets": 65536,
                          "Original Hash Buckets": 65536,
                          "Hash Batches": 1,
                          "Original Hash Batches": 1,
                          "Peak Memory Usage": 3072,
                          "Plans": [
                            {
                              "Node Type": "Bitmap Heap Scan",
                              "Parent Relationship": "Outer",
                              "Parallel Aware": true,
                              "Relation Name": "movie_companies",
                              "Alias": "mc",
                              "Startup Cost": 1682.68,
                              "Total Cost": 20849.88,
                              "Plan Rows": 12379,
                              "Plan Width": 4,
                              "Actual Startup Time": 8.941,
                              "Actual Total Time": 31.906,
                              "Actual Rows": 16012,
                              "Actual Loops": 4,
                              "Recheck Cond": "(company_id < 12)",
                              "Rows Removed by Index Recheck": 0,
                              "Filter": "(company_type_id < 2)",
                              "Rows Removed by Filter": 4136,
                              "Exact Heap Blocks": 4986,
                              "Lossy Heap Blocks": 0,
                              "Plans": [
                                {
                                  "Node Type": "Bitmap Index Scan",
                                  "Parent Relationship": "Outer",
                                  "Parallel Aware": false,
                                  "Index Name": "company_id_movie_companies",
                                  "Startup Cost": 0.0,
                                  "Total Cost": 1673.09,
                                  "Plan Rows": 77954,
                                  "Plan Width": 0,
                                  "Actual Startup Time": 11.625,
                                  "Actual Total Time": 11.626,
                                  "Actual Rows": 80595,
                                  "Actual Loops": 1,
                                  "Index Cond": "(company_id < 12)"
                                }
                              ]
                            }
                          ]
                        }
                      ]
                    },
                    {
                      "Node Type": "Index Scan",
                      "Parent Relationship": "Inner",
                      "Parallel Aware": false,
                      "Scan Direction": "Forward",
                      "Index Name": "title_pkey",
                      "Relation Name": "title",
                      "Alias": "t",
                      "Startup Cost": 0.43,
                      "Total Cost": 1.04,
                      "Plan Rows": 1,
                      "Plan Width": 4,
                      "Actual Startup Time": 0.005,
                      "Actual Total Time": 0.005,
                      "Actual Rows": 1,
                      "Actual Loops": 11851,
                      "Index Cond": "(id = mk.movie_id)",
                      "Rows Removed by Index Recheck": 0,
                      "Filter": "((kind_id < 7) AND (production_year < 2007))",
                      "Rows Removed by Filter": 0
                    }
                  ]
                }
              ]
            }
          ]
        }
      ]
    },
    "Planning Time": 1.598,
    "Triggers": [],
    "Execution Time": 159.598
  }
]