[
  {
    "Plan": {
      "Node Type": "Aggregate",
      "Strategy": "Plain",
      "Partial Mode": "Finalize",
      "Parallel Aware": false,
      "Startup Cost": 45126.05,
      "Total Cost": 45126.06,
      "Plan Rows": 1,
      "Plan Width": 8,
      "Actual Startup Time": 143.73,
      "Actual Total Time": 153.099,
      "Actual Rows": 1,
      "Actual Loops": 1,
      "Plans": [
        {
          "Node Type": "Gather",
          "Parent Relationship": "Outer",
          "Parallel Aware": false,
          "Startup Cost": 45125.74,
          "Total Cost": 45126.05,
          "Plan Rows": 3,
          "Plan Width": 8,
          "Actual Startup Time": 143.607,
          "Actual Total Time": 153.092,
          "Actual Rows": 4,
          "Actual Loops": 1,
          "Workers Planned": 3,
          "Workers Launched": 3,
          "Single Copy": false,
          "Plans": [
            {
              "Node Type": "Aggregate",
              "Strategy": "Plain",
              "Partial Mode": "Partial",
              "Parent Relationship": "Outer",
              "Parallel Aware": false,
              "Startup Cost": 44125.74,
              "Total Cost": 44125.75,
              "Plan Rows": 1,
              "Plan Width": 8,
              "Actual Startup Time": 136.568,
              "Actual Total Time": 136.569,
              "Actual Rows": 1,
              "Actual Loops": 4,
              "Plans": [
                {
                  "Node Type": "Seq Scan",
                  "Parent Relationship": "Outer",
                  "Parallel Aware": true,
                  "Relation Name": "movie_keyword",
                  "Alias": "mk",
                  "Startup Cost": 0.0,
                  "Total Cost": 42695.65,
                  "Plan Rows": 572033,
                  "Plan Width": 0,
                  "Actual Startup Time": 0.049,
                  "Actual Total Time": 114.429,
                  "Actual Rows": 445101,
                  "Actual Loops": 4,
                  "Filter": "(keyword_id < 2882)",
                  "Rows Removed by Filter": 685882
                }
              ]
            }
          ]
        }
      ]
    },
    "Planning Time": 0.145,
    "Triggers": [],
    "Execution Time": 153.146
  }
]