[
  {
    "Plan": {
      "Node Type": "Aggregate",
      "Strategy": "Plain",
      "Partial Mode": "Finalize",
      "Parallel Aware": false,
      "Startup Cost": 31597.88,
      "Total Cost": 31597.89,
      "Plan Rows": 1,
      "Plan Width": 8,
      "Actual Startup Time": 121.368,
      "Actual Total Time": 129.974,
      "Actual Rows": 1,
      "Actual Loops": 1,
      "Plans": [
        {
          "Node Type": "Gather",
          "Parent Relationship": "Outer",
          "Parallel Aware": false,
          "Startup Cost": 31597.56,
          "Total Cost": 31597.87,
          "Plan Rows": 3,
          "Plan Width": 8,
          "Actual Startup Time": 121.198,
          "Actual Total Time": 129.961,
          "Actual Rows": 4,
          "Actual Loops": 1,
          "Workers Planned": 3,
          "Workers Launched": 3,
          "Single Copy": false,
          "Plans": [
            {
              "Node Type": "Aggregate",
              "Strategy": "Plain",
              "Partial Mode": "Partial",
              "Parent Relationship": "Outer",
              "Parallel Aware": false,
              "Startup Cost": 30597.56,
              "Total Cost": 30597.57,
              "Plan Rows": 1,
              "Plan Width": 8,
              "Actual Startup Time": 115.066,
              "Actual Total Time": 115.067,
              "Actual Rows": 1,
              "Actual Loops": 4,
              "Plans": [
                {
                  "Node Type": "Seq Scan",
                  "Parent Relationship": "Outer",
                  "Parallel Aware": true,
                  "Relation Name": "movie_companies",
                  "Alias": "mc",
                  "Startup Cost": 0.0,
                  "Total Cost": 29310.68,
                  "Plan Rows": 514753,
                  "Plan Width": 0,
                  "Actual Startup Time": 0.024,
                  "Actual Total Time": 90.662,
                  "Actual Rows": 400425,
                  "Actual Loops": 4,
                  "Filter": "(company_id < 16432)",
                  "Rows Removed by Filter": 251857
                }
              ]
            }
          ]
        }
      ]
    },
    "Planning Time": 0.246,
    "Triggers": [],
    "Execution Time": 130.032
  }
]