[
  {
    "Plan": {
      "Node Type": "Aggregate",
      "Strategy": "Plain",
      "Partial Mode": "Finalize",
      "Parallel Aware": false,
      "Startup Cost": 7381.55,
      "Total Cost": 7381.56,
      "Plan Rows": 1,
      "Plan Width": 8,
      "Actual Startup Time": 38.854,
      "Actual Total Time": 42.358,
      "Actual Rows": 1,
      "Actual Loops": 1,
      "Plans": [
        {
          "Node Type": "Gather",
          "Parent Relationship": "Outer",
          "Parallel Aware": false,
          "Startup Cost": 7381.33,
          "Total Cost": 7381.54,
          "Plan Rows": 2,
          "Plan Width": 8,
          "Actual Startup Time": 38.76,
          "Actual Total Time": 42.352,
          "Actual Rows": 3,
          "Actual Loops": 1,
          "Workers Planned": 2,
          "Workers Launched": 2,
          "Single Copy": false,
          "Plans": [
            {
              "Node Type": "Aggregate",
              "Strategy": "Plain",
              "Partial Mode": "Partial",
              "Parent Relationship": "Outer",
              "Parallel Aware": false,
              "Startup Cost": 6381.33,
              "Total Cost": 6381.34,
              "Plan Rows": 1,
              "Plan Width": 8,
              "Actual Startup Time": 34.614,
              "Actual Total Time": 34.615,
              "Actual Rows": 1,
              "Actual Loops": 3,
              "Plans": [
                {
                  "Node Type": "Index Only Scan",
                  "Parent Relationship": "Outer",
                  "Parallel Aware": true,
                  "Scan Direction": "Forward",
                  "Index Name": "role_id_cast_info",
                  "Relation Name": "cast_info",
                  "Alias": "ci",
                  "Startup Cost": 0.56,
                  "Total Cost": 6159.8,
                  "Plan Rows": 88615,
                  "Plan Width": 0,
                  "Actual Startup Time": 0.128,
                  "Actual Total Time": 28.603,
                  "Actual Rows": 92134,
                  "Actual Loops": 3,
                  "Index Cond": "(role_id = 7)",
                  "Rows Removed by Index Recheck": 0,
                  "Heap Fetches": 276403
                }
              ]
            }
          ]
        }
      ]
    },
    "Planning Time": 0.158,
    "Triggers": [],
    "Execution Time": 42.406
  }
]