[
  {
    "Plan": {
      "Node Type": "Aggregate",
      "Strategy": "Plain",
      "Partial Mode": "Finalize",
      "Parallel Aware": false,
      "Startup Cost": 339897.72,
      "Total Cost": 339897.73,
      "Plan Rows": 1,
      "Plan Width": 8,
      "Actual Startup Time": 783.895,
      "Actual Total Time": 842.685,
      "Actual Rows": 1,
      "Actual Loops": 1,
      "Plans": [
        {
          "Node Type": "Gather",
          "Parent Relationship": "Outer",
          "Parallel Aware": false,
          "Startup Cost": 339897.1,
          "Total Cost": 339897.71,
          "Plan Rows": 6,
          "Plan Width": 8,
          "Actual Startup Time": 783.783,
          "Actual Total Time": 842.676,
          "Actual Rows": 7,
          "Actual Loops": 1,
          "Workers Planned": 6,
          "Workers Launched": 6,
          "Single Copy": false,
          "Plans": [
            {
              "Node Type": "Aggregate",
              "Strategy": "Plain",
              "Partial Mode": "Partial",
              "Parent Relationship": "Outer",
              "Parallel Aware": false,
              "Startup Cost": 338897.1,
              "Total Cost": 338897.11,
              "Plan Rows": 1,
              "Plan Width": 8,
              "Actual Startup Time": 774.269,
              "Actual Total Time": 774.27,
              "Actual Rows": 1,
              "Actual Loops": 7,
              "Plans": [
                {
                  "Node Type": "Seq Scan",
                  "Parent Relationship": "Outer",
                  "Parallel Aware": true,
                  "Relation Name": "cast_info",
                  "Alias": "ci",
                  "Startup Cost": 0.0,
                  "Total Cost": 328162.03,
                  "Plan Rows": 4294028,
                  "Plan Width": 0,
                  "Actual Startup Time": 121.838,
                  "Actual Total Time": 619.489,
                  "Actual Rows": 3676345,
                  "Actual Loops": 7,
                  "Filter": "(person_id > 1031823)",
                  "Rows Removed by Filter": 1501418
                }
              ]
            }
          ]
        }
      ]
    },
    "Planning Time": 0.208,
    "Triggers": [],
    "Execution Time": 842.761
  }
]