{
  "Plan": {
    "Node Type": "Aggregate",
    "Strategy": "Plain",
    "Partial Mode": "Finalize",
    "Parallel Aware": false,
    "Startup Cost": 566567.47,
    "Total Cost": 566567.48,
    "Plan Rows": 1,
    "Plan Width": 8,
    "Actual Startup Time": 2540.511,
    "Actual Total Time": 2575.41,
    "Actual Rows": 1,
    "Actual Loops": 1,
    "Plans": [
      {
        "Node Type": "Gather",
        "Parent Relationship": "Outer",
        "Parallel Aware": false,
        "Startup Cost": 566567.36,
        "Total Cost": 566567.47,
        "Plan Rows": 1,
        "Plan Width": 8,
        "Actual Startup Time": 2536.807,
        "Actual Total Time": 2575.399,
        "Actual Rows": 2,
        "Actual Loops": 1,
        "Workers Planned": 1,
        "Workers Launched": 1,
        "Single Copy": false,
        "Plans": [
          {
            "Node Type": "Aggregate",
            "Strategy": "Plain",
            "Partial Mode": "Partial",
            "Parent Relationship": "Outer",
            "Parallel Aware": false,
            "Startup Cost": 565567.36,
            "Total Cost": 565567.37,
            "Plan Rows": 1,
            "Plan Width": 8,
            "Actual Startup Time": 2528.631,
            "Actual Total Time": 2528.635,
            "Actual Rows": 1,
            "Actual Loops": 2,
            "Plans": [
              {
                "Node Type": "Hash Join",
                "Parent Relationship": "Outer",
                "Parallel Aware": true,
                "Join Type": "Inner",
                "Startup Cost": 237404.8,
                "Total Cost": 560416.57,
                "Plan Rows": 2060314,
                "Plan Width": 0,
                "Actual Startup Time": 681.507,
                "Actual Total Time": 2438.535,
                "Actual Rows": 2133730,
                "Actual Loops": 2,
                "Inner Unique": true,
                "Hash Cond": "(ci.movie_id = t.id)",
                "Plans": [
                  {
                    "Node Type": "Bitmap Heap Scan",
                    "Parent Relationship": "Outer",
                    "Parallel Aware": true,
                    "Relation Name": "cast_info",
                    "Alias": "ci",
                    "Startup Cost": 174578.65,
                    "Total Cost": 485385.27,
                    "Plan Rows": 4649570,
                    "Plan Width": 4,
                    "Actual Startup Time": 315.109,
                    "Actual Total Time": 765.731,
                    "Actual Rows": 3916400,
                    "Actual Loops": 2,
                    "Recheck Cond": "(person_id > 2894658)",
                    "Rows Removed by Index Recheck": 0,
                    "Exact Heap Blocks": 48923,
                    "Lossy Heap Blocks": 0,
                    "Plans": [
                      {
                        "Node Type": "Bitmap Index Scan",
                        "Parent Relationship": "Outer",
                        "Parallel Aware": false,
                        "Index Name": "person_id_cast_info",
                        "Startup Cost": 0.0,
                        "Total Cost": 172602.58,
                        "Plan Rows": 7904269,
                        "Plan Width": 0,
                        "Actual Startup Time": 298.872,
                        "Actual Total Time": 298.872,
                        "Actual Rows": 7832799,
                        "Actual Loops": 1,
                        "Index Cond": "(person_id > 2894658)"
                      }
                    ]
                  },
                  {
                    "Node Type": "Hash",
                    "Parent Relationship": "Inner",
                    "Parallel Aware": true,
                    "Startup Cost": 54588.39,
                    "Total Cost": 54588.39,
                    "Plan Rows": 659021,
                    "Plan Width": 4,
                    "Actual Startup Time": 351.571,
                    "Actual Total Time": 351.572,
                    "Actual Rows": 553962,
                    "Actual Loops": 2,
                    "Hash Buckets": 2097152,
                    "Original Hash Buckets": 2097152,
                    "Hash Batches": 1,
                    "Original Hash Batches": 1,
                    "Peak Memory Usage": 59744,
                    "Plans": [
                      {
                        "Node Type": "Seq Scan",
                        "Parent Relationship": "Outer",
                        "Parallel Aware": true,
                        "Relation Name": "title",
                        "Alias": "t",
                        "Startup Cost": 0.0,
                        "Total Cost": 54588.39,
                        "Plan Rows": 659021,
                        "Plan Width": 4,
                        "Actual Startup Time": 0.029,
                        "Actual Total Time": 165.536,
                        "Actual Rows": 553962,
                        "Actual Loops": 2,
                        "Filter": "(production_year > 2004)",
                        "Rows Removed by Filter": 710194
                      }
                    ]
                  }
                ]
              }
            ]
          }
        ]
      }
    ]
  },
  "Planning Time": 0.669,
  "Triggers": [],
  "Execution Time": 2575.513
}