{
  "Plan": {
    "Node Type": "Aggregate",
    "Strategy": "Plain",
    "Partial Mode": "Finalize",
    "Parallel Aware": false,
    "Startup Cost": 167344.1,
    "Total Cost": 167344.11,
    "Plan Rows": 1,
    "Plan Width": 8,
    "Actual Startup Time": 814.113,
    "Actual Total Time": 837.694,
    "Actual Rows": 1,
    "Actual Loops": 1,
    "Plans": [
      {
        "Node Type": "Gather",
        "Parent Relationship": "Outer",
        "Parallel Aware": false,
        "Startup Cost": 167343.99,
        "Total Cost": 167344.1,
        "Plan Rows": 1,
        "Plan Width": 8,
        "Actual Startup Time": 812.576,
        "Actual Total Time": 837.687,
        "Actual Rows": 2,
        "Actual Loops": 1,
        "Workers Planned": 1,
        "Workers Launched": 1,
        "Single Copy": false,
        "Plans": [
          {
            "Node Type": "Aggregate",
            "Strategy": "Plain",
            "Partial Mode": "Partial",
            "Parent Relationship": "Outer",
            "Parallel Aware": false,
            "Startup Cost": 166343.99,
            "Total Cost": 166344.0,
            "Plan Rows": 1,
            "Plan Width": 8,
            "Actual Startup Time": 806.446,
            "Actual Total Time": 806.455,
            "Actual Rows": 1,
            "Actual Loops": 2,
            "Plans": [
              {
                "Node Type": "Hash Join",
                "Parent Relationship": "Outer",
                "Parallel Aware": true,
                "Join Type": "Inner",
                "Startup Cost": 124734.17,
                "Total Cost": 165832.03,
                "Plan Rows": 204784,
                "Plan Width": 0,
                "Actual Startup Time": 550.861,
                "Actual Total Time": 802.947,
                "Actual Rows": 64880,
                "Actual Loops": 2,
                "Inner Unique": false,
                "Hash Cond": "(mc.movie_id = t.id)",
                "Plans": [
                  {
                    "Node Type": "Seq Scan",
                    "Parent Relationship": "Outer",
                    "Parallel Aware": true,
                    "Relation Name": "movie_companies",
                    "Alias": "mc",
                    "Startup Cost": 0.0,
                    "Total Cost": 34137.82,
                    "Plan Rows": 1534782,
                    "Plan Width": 4,
                    "Actual Startup Time": 0.021,
                    "Actual Total Time": 114.646,
                    "Actual Rows": 1304564,
                    "Actual Loops": 2
                  },
                  {
                    "Node Type": "Hash",
                    "Parent Relationship": "Inner",
                    "Parallel Aware": true,
                    "Startup Cost": 122253.68,
                    "Total Cost": 122253.68,
                    "Plan Rows": 198439,
                    "Plan Width": 8,
                    "Actual Startup Time": 545.135,
                    "Actual Total Time": 545.142,
                    "Actual Rows": 29414,
                    "Actual Loops": 2,
                    "Hash Buckets": 524288,
                    "Original Hash Buckets": 524288,
                    "Hash Batches": 1,
                    "Original Hash Batches": 1,
                    "Peak Memory Usage": 6432,
                    "Plans": [
                      {
                        "Node Type": "Hash Join",
                        "Parent Relationship": "Outer",
                        "Parallel Aware": true,
                        "Join Type": "Inner",
                        "Startup Cost": 61548.98,
                        "Total Cost": 122253.68,
                        "Plan Rows": 198439,
                        "Plan Width": 8,
                        "Actual Startup Time": 216.895,
                        "Actual Total Time": 537.475,
                        "Actual Rows": 29414,
                        "Actual Loops": 2,
                        "Inner Unique": true,
                        "Hash Cond": "(mk.movie_id = t.id)",
                        "Plans": [
                          {
                            "Node Type": "Seq Scan",
                            "Parent Relationship": "Outer",
                            "Parallel Aware": true,
                            "Relation Name": "movie_keyword",
                            "Alias": "mk",
                            "Startup Cost": 0.0,
                            "Total Cost": 57718.19,
                            "Plan Rows": 1137718,
                            "Plan Width": 4,
                            "Actual Startup Time": 0.017,
                            "Actual Total Time": 209.977,
                            "Actual Rows": 971378,
                            "Actual Loops": 2,
                            "Filter": "(keyword_id < 3340)",
                            "Rows Removed by Filter": 1290586
                          },
                          {
                            "Node Type": "Hash",
                            "Parent Relationship": "Inner",
                            "Parallel Aware": true,
                            "Startup Cost": 58306.47,
                            "Total Cost": 58306.47,
                            "Plan Rows": 259401,
                            "Plan Width": 4,
                            "Actual Startup Time": 213.044,
                            "Actual Total Time": 213.045,
                            "Actual Rows": 164746,
                            "Actual Loops": 2,
                            "Hash Buckets": 524288,
                            "Original Hash Buckets": 524288,
                            "Hash Batches": 1,
                            "Original Hash Batches": 1,
                            "Peak Memory Usage": 17024,
                            "Plans": [
                              {
                                "Node Type": "Seq Scan",
                                "Parent Relationship": "Outer",
                                "Parallel Aware": true,
                                "Relation Name": "title",
                                "Alias": "t",
                                "Startup Cost": 0.0,
                                "Total Cost": 58306.47,
                                "Plan Rows": 259401,
                                "Plan Width": 4,
                                "Actual Startup Time": 0.04,
                                "Actual Total Time": 165.57,
                                "Actual Rows": 164746,
                                "Actual Loops": 2,
                                "Filter": "((production_year < 1992) AND (kind_id = 7))",
                                "Rows Removed by Filter": 1099410
                              }
                            ]
                          }
                        ]
                      }
                    ]
                  }
                ]
              }
            ]
          }
        ]
      }
    ]
  },
  "Planning Time": 1.026,
  "Triggers": [],
  "Execution Time": 837.784
}