{
  "Plan": {
    "Node Type": "Aggregate",
    "Strategy": "Plain",
    "Partial Mode": "Finalize",
    "Parallel Aware": false,
    "Startup Cost": 1528086.87,
    "Total Cost": 1528086.88,
    "Plan Rows": 1,
    "Plan Width": 8,
    "Actual Startup Time": 11647.094,
    "Actual Total Time": 11746.498,
    "Actual Rows": 1,
    "Actual Loops": 1,
    "Plans": [
      {
        "Node Type": "Gather",
        "Parent Relationship": "Outer",
        "Parallel Aware": false,
        "Startup Cost": 1528086.76,
        "Total Cost": 1528086.87,
        "Plan Rows": 1,
        "Plan Width": 8,
        "Actual Startup Time": 11645.13,
        "Actual Total Time": 11746.489,
        "Actual Rows": 2,
        "Actual Loops": 1,
        "Workers Planned": 1,
        "Workers Launched": 1,
        "Single Copy": false,
        "Plans": [
          {
            "Node Type": "Aggregate",
            "Strategy": "Plain",
            "Partial Mode": "Partial",
            "Parent Relationship": "Outer",
            "Parallel Aware": false,
            "Startup Cost": 1527086.76,
            "Total Cost": 1527086.77,
            "Plan Rows": 1,
            "Plan Width": 8,
            "Actual Startup Time": 11638.553,
            "Actual Total Time": 11638.557,
            "Actual Rows": 1,
            "Actual Loops": 2,
            "Plans": [
              {
                "Node Type": "Nested Loop",
                "Parent Relationship": "Outer",
                "Parallel Aware": false,
                "Join Type": "Inner",
                "Startup Cost": 62110.78,
                "Total Cost": 1504841.45,
                "Plan Rows": 8898123,
                "Plan Width": 0,
                "Actual Startup Time": 335.102,
                "Actual Total Time": 10921.448,
                "Actual Rows": 15576641,
                "Actual Loops": 2,
                "Inner Unique": false,
                "Join Filter": "(t.id = ci.movie_id)",
                "Rows Removed by Join Filter": 0,
                "Plans": [
                  {
                    "Node Type": "Hash Join",
                    "Parent Relationship": "Outer",
                    "Parallel Aware": true,
                    "Join Type": "Inner",
                    "Startup Cost": 62110.21,
                    "Total Cost": 100276.85,
                    "Plan Rows": 620985,
                    "Plan Width": 8,
                    "Actual Startup Time": 334.969,
                    "Actual Total Time": 920.773,
                    "Actual Rows": 414820,
                    "Actual Loops": 2,
                    "Inner Unique": true,
                    "Hash Cond": "(mc.movie_id = t.id)",
                    "Plans": [
                      {
                        "Node Type": "Seq Scan",
                        "Parent Relationship": "Outer",
                        "Parallel Aware": true,
                        "Relation Name": "movie_companies",
                        "Alias": "mc",
                        "Startup Cost": 0.0,
                        "Total Cost": 34137.82,
                        "Plan Rows": 1534782,
                        "Plan Width": 4,
                        "Actual Startup Time": 0.016,
                        "Actual Total Time": 109.934,
                        "Actual Rows": 1304564,
                        "Actual Loops": 2
                      },
                      {
                        "Node Type": "Hash",
                        "Parent Relationship": "Inner",
                        "Parallel Aware": true,
                        "Startup Cost": 54588.39,
                        "Total Cost": 54588.39,
                        "Plan Rows": 601746,
                        "Plan Width": 4,
                        "Actual Startup Time": 325.242,
                        "Actual Total Time": 325.243,
                        "Actual Rows": 506460,
                        "Actual Loops": 2,
                        "Hash Buckets": 1048576,
                        "Original Hash Buckets": 1048576,
                        "Hash Batches": 1,
                        "Original Hash Batches": 1,
                        "Peak Memory Usage": 47872,
                        "Plans": [
                          {
                            "Node Type": "Seq Scan",
                            "Parent Relationship": "Outer",
                            "Parallel Aware": true,
                            "Relation Name": "title",
                            "Alias": "t",
                            "Startup Cost": 0.0,
                            "Total Cost": 54588.39,
                            "Plan Rows": 601746,
                            "Plan Width": 4,
                            "Actual Startup Time": 0.036,
                            "Actual Total Time": 186.983,
                            "Actual Rows": 506460,
                            "Actual Loops": 2,
                            "Filter": "(production_year > 2005)",
                            "Rows Removed by Filter": 757696
                          }
                        ]
                      }
                    ]
                  },
                  {
                    "Node Type": "Index Only Scan",
                    "Parent Relationship": "Inner",
                    "Parallel Aware": false,
                    "Scan Direction": "Forward",
                    "Index Name": "movie_id_cast_info",
                    "Relation Name": "cast_info",
                    "Alias": "ci",
                    "Startup Cost": 0.56,
                    "Total Cost": 1.8,
                    "Plan Rows": 37,
                    "Plan Width": 4,
                    "Actual Startup Time": 0.003,
                    "Actual Total Time": 0.021,
                    "Actual Rows": 38,
                    "Actual Loops": 829639,
                    "Index Cond": "(movie_id = mc.movie_id)",
                    "Rows Removed by Index Recheck": 0,
                    "Heap Fetches": 31153282
                  }
                ]
              }
            ]
          }
        ]
      }
    ]
  },
  "Planning Time": 1.144,
  "Triggers": [],
  "Execution Time": 11746.607
}