[
  {
    "Plan": {
      "Node Type": "Aggregate",
      "Strategy": "Plain",
      "Partial Mode": "Finalize",
      "Parallel Aware": false,
      "Startup Cost": 47082.02,
      "Total Cost": 47082.03,
      "Plan Rows": 1,
      "Plan Width": 8,
      "Actual Startup Time": 176.927,
      "Actual Total Time": 187.105,
      "Actual Rows": 1,
      "Actual Loops": 1,
      "Plans": [
        {
          "Node Type": "Gather",
          "Parent Relationship": "Outer",
          "Parallel Aware": false,
          "Startup Cost": 47081.7,
          "Total Cost": 47082.01,
          "Plan Rows": 3,
          "Plan Width": 8,
          "Actual Startup Time": 176.768,
          "Actual Total Time": 187.096,
          "Actual Rows": 4,
          "Actual Loops": 1,
          "Workers Planned": 3,
          "Workers Launched": 3,
          "Single Copy": false,
          "Plans": [
            {
              "Node Type": "Aggregate",
              "Strategy": "Plain",
              "Partial Mode": "Partial",
              "Parent Relationship": "Outer",
              "Parallel Aware": false,
              "Startup Cost": 46081.7,
              "Total Cost": 46081.71,
              "Plan Rows": 1,
              "Plan Width": 8,
              "Actual Startup Time": 169.761,
              "Actual Total Time": 169.762,
              "Actual Rows": 1,
              "Actual Loops": 4,
              "Plans": [
                {
                  "Node Type": "Seq Scan",
                  "Parent Relationship": "Outer",
                  "Parallel Aware": true,
                  "Relation Name": "movie_keyword",
                  "Alias": "mk",
                  "Startup Cost": 0.0,
                  "Total Cost": 42695.65,
                  "Plan Rows": 1354418,
                  "Plan Width": 0,
                  "Actual Startup Time": 0.05,
                  "Actual Total Time": 122.994,
                  "Actual Rows": 1049596,
                  "Actual Loops": 4,
                  "Filter": "(keyword_id < 50473)",
                  "Rows Removed by Filter": 81386
                }
              ]
            }
          ]
        }
      ]
    },
    "Planning Time": 0.182,
    "Triggers": [],
    "Execution Time": 187.165
  }
]