[
  {
    "Plan": {
      "Node Type": "Aggregate",
      "Strategy": "Plain",
      "Partial Mode": "Finalize",
      "Parallel Aware": false,
      "Startup Cost": 291735.84,
      "Total Cost": 291735.85,
      "Plan Rows": 1,
      "Plan Width": 8,
      "Actual Startup Time": 1128.489,
      "Actual Total Time": 1175.407,
      "Actual Rows": 1,
      "Actual Loops": 1,
      "Plans": [
        {
          "Node Type": "Gather",
          "Parent Relationship": "Outer",
          "Parallel Aware": false,
          "Startup Cost": 291735.32,
          "Total Cost": 291735.83,
          "Plan Rows": 5,
          "Plan Width": 8,
          "Actual Startup Time": 1122.637,
          "Actual Total Time": 1175.397,
          "Actual Rows": 6,
          "Actual Loops": 1,
          "Workers Planned": 5,
          "Workers Launched": 5,
          "Single Copy": false,
          "Plans": [
            {
              "Node Type": "Aggregate",
              "Strategy": "Plain",
              "Partial Mode": "Partial",
              "Parent Relationship": "Outer",
              "Parallel Aware": false,
              "Startup Cost": 290735.32,
              "Total Cost": 290735.33,
              "Plan Rows": 1,
              "Plan Width": 8,
              "Actual Startup Time": 1111.909,
              "Actual Total Time": 1111.974,
              "Actual Rows": 1,
              "Actual Loops": 6,
              "Plans": [
                {
                  "Node Type": "Hash Join",
                  "Parent Relationship": "Outer",
                  "Parallel Aware": true,
                  "Join Type": "Inner",
                  "Startup Cost": 83348.22,
                  "Total Cost": 288365.8,
                  "Plan Rows": 947805,
                  "Plan Width": 0,
                  "Actual Startup Time": 298.371,
                  "Actual Total Time": 1064.0,
                  "Actual Rows": 1127368,
                  "Actual Loops": 6,
                  "Inner Unique": false,
                  "Hash Cond": "(mi.movie_id = t.id)",
                  "Plans": [
                    {
                      "Node Type": "Seq Scan",
                      "Parent Relationship": "Outer",
                      "Parallel Aware": true,
                      "Relation Name": "movie_info",
                      "Alias": "mi",
                      "Startup Cost": 0.0,
                      "Total Cost": 191560.33,
                      "Plan Rows": 2956733,
                      "Plan Width": 4,
                      "Actual Startup Time": 0.016,
                      "Actual Total Time": 286.935,
                      "Actual Rows": 2472620,
                      "Actual Loops": 6
                    },
                    {
                      "Node Type": "Hash",
                      "Parent Relationship": "Inner",
                      "Parallel Aware": true,
                      "Startup Cost": 80815.52,
                      "Total Cost": 80815.52,
                      "Plan Rows": 202616,
                      "Plan Width": 8,
                      "Actual Startup Time": 293.787,
                      "Actual Total Time": 293.851,
                      "Actual Rows": 84614,
                      "Actual Loops": 6,
                      "Hash Buckets": 1048576,
                      "Original Hash Buckets": 1048576,
                      "Hash Batches": 1,
                      "Original Hash Batches": 1,
                      "Peak Memory Usage": 28160,
                      "Plans": [
                        {
                          "Node Type": "Hash Join",
                          "Parent Relationship": "Outer",
                          "Parallel Aware": true,
                          "Join Type": "Inner",
                          "Startup Cost": 34682.82,
                          "Total Cost": 80815.52,
                          "Plan Rows": 202616,
                          "Plan Width": 8,
                          "Actual Startup Time": 101.951,
                          "Actual Total Time": 257.268,
                          "Actual Rows": 84614,
                          "Actual Loops": 6,
                          "Inner Unique": false,
                          "Hash Cond": "(t.id = mc.movie_id)",
                          "Plans": [
                            {
                              "Node Type": "Seq Scan",
                              "Parent Relationship": "Outer",
                              "Parallel Aware": true,
                              "Relation Name": "title",
                              "Alias": "t",
                              "Startup Cost": 0.0,
                              "Total Cost": 42318.73,
                              "Plan Rows": 632073,
                              "Plan Width": 4,
                              "Actual Startup Time": 0.01,
                              "Actual Total Time": 55.175,
                              "Actual Rows": 421385,
                              "Actual Loops": 6
                            },
                            {
                              "Node Type": "Hash",
                              "Parent Relationship": "Inner",
                              "Parallel Aware": true,
                              "Startup Cost": 31414.82,
                              "Total Cost": 31414.82,
                              "Plan Rows": 261440,
                              "Plan Width": 4,
                              "Actual Startup Time": 100.149,
                              "Actual Total Time": 100.149,
                              "Actual Rows": 84614,
                              "Actual Loops": 6,
                              "Hash Buckets": 1048576,
                              "Original Hash Buckets": 1048576,
                              "Hash Batches": 1,
                              "Original Hash Batches": 1,
                              "Peak Memory Usage": 28128,
                              "Plans": [
                                {
                                  "Node Type": "Seq Scan",
                                  "Parent Relationship": "Outer",
                                  "Parallel Aware": true,
                                  "Relation Name": "movie_companies",
                                  "Alias": "mc",
                                  "Startup Cost": 0.0,
                                  "Total Cost": 31414.82,
                                  "Plan Rows": 261440,
                                  "Plan Width": 4,
                                  "Actual Startup Time": 40.889,
                                  "Actual Total Time": 64.863,
                                  "Actual Rows": 84614,
                                  "Actual Loops": 6,
                                  "Filter": "((company_id < 15828) AND (company_type_id > 1))",
                                  "Rows Removed by Filter": 350241
                                }
                              ]
                            }
                          ]
                        }
                      ]
                    }
                  ]
                }
              ]
            }
          ]
        }
      ]
    },
    "Planning Time": 1.421,
    "Triggers": [],
    "Execution Time": 1175.508
  }
]