[
  {
    "Plan": {
      "Node Type": "Aggregate",
      "Strategy": "Plain",
      "Partial Mode": "Finalize",
      "Parallel Aware": false,
      "Startup Cost": 450568.77,
      "Total Cost": 450568.78,
      "Plan Rows": 1,
      "Plan Width": 8,
      "Actual Startup Time": 2226.918,
      "Actual Total Time": 2289.522,
      "Actual Rows": 1,
      "Actual Loops": 1,
      "Plans": [
        {
          "Node Type": "Gather",
          "Parent Relationship": "Outer",
          "Parallel Aware": false,
          "Startup Cost": 450568.14,
          "Total Cost": 450568.75,
          "Plan Rows": 6,
          "Plan Width": 8,
          "Actual Startup Time": 2207.987,
          "Actual Total Time": 2289.509,
          "Actual Rows": 7,
          "Actual Loops": 1,
          "Workers Planned": 6,
          "Workers Launched": 6,
          "Single Copy": false,
          "Plans": [
            {
              "Node Type": "Aggregate",
              "Strategy": "Plain",
              "Partial Mode": "Partial",
              "Parent Relationship": "Outer",
              "Parallel Aware": false,
              "Startup Cost": 449568.14,
              "Total Cost": 449568.15,
              "Plan Rows": 1,
              "Plan Width": 8,
              "Actual Startup Time": 2196.963,
              "Actual Total Time": 2197.443,
              "Actual Rows": 1,
              "Actual Loops": 7,
              "Plans": [
                {
                  "Node Type": "Hash Join",
                  "Parent Relationship": "Outer",
                  "Parallel Aware": true,
                  "Join Type": "Inner",
                  "Startup Cost": 101021.08,
                  "Total Cost": 445121.62,
                  "Plan Rows": 1778607,
                  "Plan Width": 0,
                  "Actual Startup Time": 692.619,
                  "Actual Total Time": 1975.922,
                  "Actual Rows": 4863819,
                  "Actual Loops": 7,
                  "Inner Unique": false,
                  "Hash Cond": "(ci.movie_id = t.id)",
                  "Plans": [
                    {
                      "Node Type": "Seq Scan",
                      "Parent Relationship": "Outer",
                      "Parallel Aware": true,
                      "Relation Name": "cast_info",
                      "Alias": "ci",
                      "Startup Cost": 0.0,
                      "Total Cost": 328211.39,
                      "Plan Rows": 2707122,
                      "Plan Width": 4,
                      "Actual Startup Time": 212.55,
                      "Actual Total Time": 590.615,
                      "Actual Rows": 2283956,
                      "Actual Loops": 7,
                      "Filter": "(person_id > 2035500)",
                      "Rows Removed by Filter": 2893808
                    },
                    {
                      "Node Type": "Hash",
                      "Parent Relationship": "Inner",
                      "Parallel Aware": true,
                      "Startup Cost": 94322.7,
                      "Total Cost": 94322.7,
                      "Plan Rows": 535871,
                      "Plan Width": 8,
                      "Actual Startup Time": 476.046,
                      "Actual Total Time": 476.523,
                      "Actual Rows": 235067,
                      "Actual Loops": 7,
                      "Hash Buckets": 2097152,
                      "Original Hash Buckets": 2097152,
                      "Hash Batches": 1,
                      "Original Hash Batches": 1,
                      "Peak Memory Usage": 80864,
                      "Plans": [
                        {
                          "Node Type": "Hash Join",
                          "Parent Relationship": "Outer",
                          "Parallel Aware": true,
                          "Join Type": "Inner",
                          "Startup Cost": 50220.38,
                          "Total Cost": 94322.7,
                          "Plan Rows": 535871,
                          "Plan Width": 8,
                          "Actual Startup Time": 262.246,
                          "Actual Total Time": 394.984,
                          "Actual Rows": 235067,
                          "Actual Loops": 7,
                          "Inner Unique": true,
                          "Hash Cond": "(mk.movie_id = t.id)",
                          "Plans": [
                            {
                              "Node Type": "Seq Scan",
                              "Parent Relationship": "Outer",
                              "Parallel Aware": true,
                              "Relation Name": "movie_keyword",
                              "Alias": "mk",
                              "Startup Cost": 0.0,
                              "Total Cost": 42695.65,
                              "Plan Rows": 535871,
                              "Plan Width": 4,
                              "Actual Startup Time": 0.424,
                              "Actual Total Time": 72.735,
                              "Actual Rows": 235067,
                              "Actual Loops": 7,
                              "Filter": "(keyword_id > 8937)",
                              "Rows Removed by Filter": 411209
                            },
                            {
                              "Node Type": "Hash",
                              "Parent Relationship": "Inner",
                              "Parallel Aware": true,
                              "Startup Cost": 42319.06,
                              "Total Cost": 42319.06,
                              "Plan Rows": 632106,
                              "Plan Width": 4,
                              "Actual Startup Time": 258.067,
                              "Actual Total Time": 258.068,
                              "Actual Rows": 361187,
                              "Actual Loops": 7,
                              "Hash Buckets": 4194304,
                              "Original Hash Buckets": 4194304,
                              "Hash Batches": 1,
                              "Original Hash Batches": 1,
                              "Peak Memory Usage": 131776,
                              "Plans": [
                                {
                                  "Node Type": "Seq Scan",
                                  "Parent Relationship": "Outer",
                                  "Parallel Aware": true,
                                  "Relation Name": "title",
                                  "Alias": "t",
                                  "Startup Cost": 0.0,
                                  "Total Cost": 42319.06,
                                  "Plan Rows": 632106,
                                  "Plan Width": 4,
                                  "Actual Startup Time": 0.061,
                                  "Actual Total Time": 77.574,
                                  "Actual Rows": 361187,
                                  "Actual Loops": 7
                                }
                              ]
                            }
                          ]
                        }
                      ]
                    }
                  ]
                }
              ]
            }
          ]
        }
      ]
    },
    "Planning Time": 0.768,
    "Triggers": [],
    "Execution Time": 2289.59
  }
]