[
    {
        "Bao": {
            "Bao prediction": "NaN",
            "Bao recommended hint": "(no hint)"
        }
    },
    {
        "Plan": {
            "Node Type": "Aggregate",
            "Strategy": "Plain",
            "Partial Mode": "Finalize",
            "Parallel Aware": false,
            "Startup Cost": 72267.18,
            "Total Cost": 72267.19,
            "Plan Rows": 1,
            "Plan Width": 8,
            "Actual Startup Time": 145.373,
            "Actual Total Time": 154.743,
            "Actual Rows": 1,
            "Actual Loops": 1,
            "Output": [
                "count(*)"
            ],
            "Plans": [
                {
                    "Node Type": "Gather",
                    "Parent Relationship": "Outer",
                    "Parallel Aware": false,
                    "Startup Cost": 72266.76,
                    "Total Cost": 72267.17,
                    "Plan Rows": 4,
                    "Plan Width": 8,
                    "Actual Startup Time": 143.727,
                    "Actual Total Time": 154.734,
                    "Actual Rows": 5,
                    "Actual Loops": 1,
                    "Output": [
                        "(PARTIAL count(*))"
                    ],
                    "Workers Planned": 4,
                    "Workers Launched": 4,
                    "Single Copy": false,
                    "Plans": [
                        {
                            "Node Type": "Aggregate",
                            "Strategy": "Plain",
                            "Partial Mode": "Partial",
                            "Parent Relationship": "Outer",
                            "Parallel Aware": false,
                            "Startup Cost": 71266.76,
                            "Total Cost": 71266.77,
                            "Plan Rows": 1,
                            "Plan Width": 8,
                            "Actual Startup Time": 134.302,
                            "Actual Total Time": 134.305,
                            "Actual Rows": 1,
                            "Actual Loops": 5,
                            "Output": [
                                "PARTIAL count(*)"
                            ],
                            "Workers": [
                                {
                                    "Worker Number": 0,
                                    "Actual Startup Time": 131.461,
                                    "Actual Total Time": 131.464,
                                    "Actual Rows": 1,
                                    "Actual Loops": 1
                                },
                                {
                                    "Worker Number": 1,
                                    "Actual Startup Time": 131.957,
                                    "Actual Total Time": 131.96,
                                    "Actual Rows": 1,
                                    "Actual Loops": 1
                                },
                                {
                                    "Worker Number": 2,
                                    "Actual Startup Time": 132.145,
                                    "Actual Total Time": 132.147,
                                    "Actual Rows": 1,
                                    "Actual Loops": 1
                                },
                                {
                                    "Worker Number": 3,
                                    "Actual Startup Time": 132.57,
                                    "Actual Total Time": 132.573,
                                    "Actual Rows": 1,
                                    "Actual Loops": 1
                                }
                            ],
                            "Plans": [
                                {
                                    "Node Type": "Hash Join",
                                    "Parent Relationship": "Outer",
                                    "Parallel Aware": true,
                                    "Join Type": "Inner",
                                    "Startup Cost": 25240.7,
                                    "Total Cost": 71245.4,
                                    "Plan Rows": 8544,
                                    "Plan Width": 0,
                                    "Actual Startup Time": 91.407,
                                    "Actual Total Time": 133.383,
                                    "Actual Rows": 18575,
                                    "Actual Loops": 5,
                                    "Inner Unique": false,
                                    "Hash Cond": "(t.id = mc.movie_id)",
                                    "Workers": [
                                        {
                                            "Worker Number": 0,
                                            "Actual Startup Time": 89.277,
                                            "Actual Total Time": 130.602,
                                            "Actual Rows": 16866,
                                            "Actual Loops": 1
                                        },
                                        {
                                            "Worker Number": 1,
                                            "Actual Startup Time": 89.743,
                                            "Actual Total Time": 131.025,
                                            "Actual Rows": 17804,
                                            "Actual Loops": 1
                                        },
                                        {
                                            "Worker Number": 2,
                                            "Actual Startup Time": 89.876,
                                            "Actual Total Time": 131.222,
                                            "Actual Rows": 17696,
                                            "Actual Loops": 1
                                        },
                                        {
                                            "Worker Number": 3,
                                            "Actual Startup Time": 90.152,
                                            "Actual Total Time": 131.696,
                                            "Actual Rows": 17269,
                                            "Actual Loops": 1
                                        }
                                    ],
                                    "Plans": [
                                        {
                                            "Node Type": "Seq Scan",
                                            "Parent Relationship": "Outer",
                                            "Parallel Aware": true,
                                            "Relation Name": "title",
                                            "Schema": "public",
                                            "Alias": "t",
                                            "Startup Cost": 0.0,
                                            "Total Cost": 45479.21,
                                            "Plan Rows": 99588,
                                            "Plan Width": 4,
                                            "Actual Startup Time": 0.024,
                                            "Actual Total Time": 66.63,
                                            "Actual Rows": 67199,
                                            "Actual Loops": 5,
                                            "Output": [
                                                "t.id",
                                                "t.title",
                                                "t.imdb_index",
                                                "t.kind_id",
                                                "t.production_year",
                                                "t.imdb_id",
                                                "t.phonetic_code",
                                                "t.episode_of_id",
                                                "t.season_nr",
                                                "t.episode_nr",
                                                "t.series_years",
                                                "t.md5sum"
                                            ],
                                            "Filter": "((t.kind_id < 7) AND (t.production_year > 2005))",
                                            "Rows Removed by Filter": 438464,
                                            "Workers": [
                                                {
                                                    "Worker Number": 0,
                                                    "Actual Startup Time": 0.015,
                                                    "Actual Total Time": 67.094,
                                                    "Actual Rows": 61700,
                                                    "Actual Loops": 1
                                                },
                                                {
                                                    "Worker Number": 1,
                                                    "Actual Startup Time": 0.036,
                                                    "Actual Total Time": 67.422,
                                                    "Actual Rows": 63778,
                                                    "Actual Loops": 1
                                                },
                                                {
                                                    "Worker Number": 2,
                                                    "Actual Startup Time": 0.017,
                                                    "Actual Total Time": 67.43,
                                                    "Actual Rows": 62906,
                                                    "Actual Loops": 1
                                                },
                                                {
                                                    "Worker Number": 3,
                                                    "Actual Startup Time": 0.042,
                                                    "Actual Total Time": 67.013,
                                                    "Actual Rows": 62030,
                                                    "Actual Loops": 1
                                                }
                                            ]
                                        },
                                        {
                                            "Node Type": "Hash",
                                            "Parent Relationship": "Inner",
                                            "Parallel Aware": true,
                                            "Startup Cost": 24366.07,
                                            "Total Cost": 24366.07,
                                            "Plan Rows": 69970,
                                            "Plan Width": 4,
                                            "Actual Startup Time": 46.499,
                                            "Actual Total Time": 46.5,
                                            "Actual Rows": 44309,
                                            "Actual Loops": 5,
                                            "Output": [
                                                "mc.movie_id"
                                            ],
                                            "Hash Buckets": 262144,
                                            "Original Hash Buckets": 262144,
                                            "Hash Batches": 1,
                                            "Original Hash Batches": 1,
                                            "Peak Memory Usage": 10784,
                                            "Workers": [
                                                {
                                                    "Worker Number": 0,
                                                    "Actual Startup Time": 44.527,
                                                    "Actual Total Time": 44.528,
                                                    "Actual Rows": 32930,
                                                    "Actual Loops": 1
                                                },
                                                {
                                                    "Worker Number": 1,
                                                    "Actual Startup Time": 45.025,
                                                    "Actual Total Time": 45.026,
                                                    "Actual Rows": 29345,
                                                    "Actual Loops": 1
                                                },
                                                {
                                                    "Worker Number": 2,
                                                    "Actual Startup Time": 45.187,
                                                    "Actual Total Time": 45.189,
                                                    "Actual Rows": 33055,
                                                    "Actual Loops": 1
                                                },
                                                {
                                                    "Worker Number": 3,
                                                    "Actual Startup Time": 45.498,
                                                    "Actual Total Time": 45.499,
                                                    "Actual Rows": 31506,
                                                    "Actual Loops": 1
                                                }
                                            ],
                                            "Plans": [
                                                {
                                                    "Node Type": "Bitmap Heap Scan",
                                                    "Parent Relationship": "Outer",
                                                    "Parallel Aware": true,
                                                    "Relation Name": "movie_companies",
                                                    "Schema": "public",
                                                    "Alias": "mc",
                                                    "Startup Cost": 4701.45,
                                                    "Total Cost": 24366.07,
                                                    "Plan Rows": 69970,
                                                    "Plan Width": 4,
                                                    "Actual Startup Time": 5.642,
                                                    "Actual Total Time": 28.974,
                                                    "Actual Rows": 44309,
                                                    "Actual Loops": 5,
                                                    "Output": [
                                                        "mc.movie_id"
                                                    ],
                                                    "Recheck Cond": "(mc.company_id > 107546)",
                                                    "Rows Removed by Index Recheck": 0,
                                                    "Exact Heap Blocks": 1923,
                                                    "Lossy Heap Blocks": 0,
                                                    "Workers": [
                                                        {
                                                            "Worker Number": 0,
                                                            "Actual Startup Time": 3.7,
                                                            "Actual Total Time": 27.329,
                                                            "Actual Rows": 32930,
                                                            "Actual Loops": 1
                                                        },
                                                        {
                                                            "Worker Number": 1,
                                                            "Actual Startup Time": 4.267,
                                                            "Actual Total Time": 28.947,
                                                            "Actual Rows": 29345,
                                                            "Actual Loops": 1
                                                        },
                                                        {
                                                            "Worker Number": 2,
                                                            "Actual Startup Time": 4.33,
                                                            "Actual Total Time": 28.6,
                                                            "Actual Rows": 33055,
                                                            "Actual Loops": 1
                                                        },
                                                        {
                                                            "Worker Number": 3,
                                                            "Actual Startup Time": 4.637,
                                                            "Actual Total Time": 29.32,
                                                            "Actual Rows": 31506,
                                                            "Actual Loops": 1
                                                        }
                                                    ],
                                                    "Plans": [
                                                        {
                                                            "Node Type": "Bitmap Index Scan",
                                                            "Parent Relationship": "Outer",
                                                            "Parallel Aware": false,
                                                            "Index Name": "company_id_movie_companies",
                                                            "Startup Cost": 0.0,
                                                            "Total Cost": 4647.23,
                                                            "Plan Rows": 216906,
                                                            "Plan Width": 0,
                                                            "Actual Startup Time": 10.584,
                                                            "Actual Total Time": 10.584,
                                                            "Actual Rows": 221543,
                                                            "Actual Loops": 1,
                                                            "Index Cond": "(mc.company_id > 107546)"
                                                        }
                                                    ]
                                                }
                                            ]
                                        }
                                    ]
                                }
                            ]
                        }
                    ]
                }
            ]
        },
        "Planning Time": 199.145,
        "Triggers": [],
        "Execution Time": 154.817
    }
]