{
  "Plan": {
    "Node Type": "Aggregate",
    "Strategy": "Plain",
    "Partial Mode": "Finalize",
    "Parallel Aware": false,
    "Startup Cost": 341046.27,
    "Total Cost": 341046.28,
    "Plan Rows": 1,
    "Plan Width": 8,
    "Actual Startup Time": 1535.333,
    "Actual Total Time": 1592.795,
    "Actual Rows": 1,
    "Actual Loops": 1,
    "Plans": [
      {
        "Node Type": "Gather",
        "Parent Relationship": "Outer",
        "Parallel Aware": false,
        "Startup Cost": 341046.16,
        "Total Cost": 341046.27,
        "Plan Rows": 1,
        "Plan Width": 8,
        "Actual Startup Time": 1534.804,
        "Actual Total Time": 1592.784,
        "Actual Rows": 2,
        "Actual Loops": 1,
        "Workers Planned": 1,
        "Workers Launched": 1,
        "Single Copy": false,
        "Plans": [
          {
            "Node Type": "Aggregate",
            "Strategy": "Plain",
            "Partial Mode": "Partial",
            "Parent Relationship": "Outer",
            "Parallel Aware": false,
            "Startup Cost": 340046.16,
            "Total Cost": 340046.17,
            "Plan Rows": 1,
            "Plan Width": 8,
            "Actual Startup Time": 1528.595,
            "Actual Total Time": 1528.599,
            "Actual Rows": 1,
            "Actual Loops": 2,
            "Plans": [
              {
                "Node Type": "Hash Join",
                "Parent Relationship": "Outer",
                "Parallel Aware": true,
                "Join Type": "Inner",
                "Startup Cost": 55132.25,
                "Total Cost": 339660.77,
                "Plan Rows": 154157,
                "Plan Width": 0,
                "Actual Startup Time": 242.793,
                "Actual Total Time": 1515.776,
                "Actual Rows": 250334,
                "Actual Loops": 2,
                "Inner Unique": true,
                "Hash Cond": "(mi.movie_id = t.id)",
                "Plans": [
                  {
                    "Node Type": "Seq Scan",
                    "Parent Relationship": "Outer",
                    "Parallel Aware": true,
                    "Relation Name": "movie_info",
                    "Alias": "mi",
                    "Startup Cost": 0.0,
                    "Total Cost": 270696.42,
                    "Plan Rows": 5269362,
                    "Plan Width": 4,
                    "Actual Startup Time": 42.938,
                    "Actual Total Time": 878.654,
                    "Actual Rows": 4475378,
                    "Actual Loops": 2,
                    "Filter": "(info_type_id > 6)",
                    "Rows Removed by Filter": 2942482
                  },
                  {
                    "Node Type": "Hash",
                    "Parent Relationship": "Inner",
                    "Parallel Aware": true,
                    "Startup Cost": 54588.39,
                    "Total Cost": 54588.39,
                    "Plan Rows": 43509,
                    "Plan Width": 4,
                    "Actual Startup Time": 168.755,
                    "Actual Total Time": 168.757,
                    "Actual Rows": 38933,
                    "Actual Loops": 2,
                    "Hash Buckets": 131072,
                    "Original Hash Buckets": 131072,
                    "Hash Batches": 1,
                    "Original Hash Batches": 1,
                    "Peak Memory Usage": 4096,
                    "Plans": [
                      {
                        "Node Type": "Seq Scan",
                        "Parent Relationship": "Outer",
                        "Parallel Aware": true,
                        "Relation Name": "title",
                        "Alias": "t",
                        "Startup Cost": 0.0,
                        "Total Cost": 54588.39,
                        "Plan Rows": 43509,
                        "Plan Width": 4,
                        "Actual Startup Time": 61.521,
                        "Actual Total Time": 158.397,
                        "Actual Rows": 38933,
                        "Actual Loops": 2,
                        "Filter": "(production_year < 1918)",
                        "Rows Removed by Filter": 1225223
                      }
                    ]
                  }
                ]
              }
            ]
          }
        ]
      }
    ]
  },
  "Planning Time": 0.483,
  "Triggers": [],
  "Execution Time": 1592.882
}