[
  {
    "Plan": {
      "Node Type": "Aggregate",
      "Strategy": "Plain",
      "Partial Mode": "Finalize",
      "Parallel Aware": false,
      "Startup Cost": 51798.76,
      "Total Cost": 51798.77,
      "Plan Rows": 1,
      "Plan Width": 8,
      "Actual Startup Time": 88.242,
      "Actual Total Time": 101.277,
      "Actual Rows": 1,
      "Actual Loops": 1,
      "Plans": [
        {
          "Node Type": "Gather",
          "Parent Relationship": "Outer",
          "Parallel Aware": false,
          "Startup Cost": 51798.34,
          "Total Cost": 51798.75,
          "Plan Rows": 4,
          "Plan Width": 8,
          "Actual Startup Time": 88.082,
          "Actual Total Time": 101.264,
          "Actual Rows": 5,
          "Actual Loops": 1,
          "Workers Planned": 4,
          "Workers Launched": 4,
          "Single Copy": false,
          "Plans": [
            {
              "Node Type": "Aggregate",
              "Strategy": "Plain",
              "Partial Mode": "Partial",
              "Parent Relationship": "Outer",
              "Parallel Aware": false,
              "Startup Cost": 50798.34,
              "Total Cost": 50798.35,
              "Plan Rows": 1,
              "Plan Width": 8,
              "Actual Startup Time": 83.437,
              "Actual Total Time": 83.439,
              "Actual Rows": 1,
              "Actual Loops": 5,
              "Plans": [
                {
                  "Node Type": "Nested Loop",
                  "Parent Relationship": "Outer",
                  "Parallel Aware": false,
                  "Join Type": "Inner",
                  "Startup Cost": 0.43,
                  "Total Cost": 50797.21,
                  "Plan Rows": 451,
                  "Plan Width": 0,
                  "Actual Startup Time": 11.973,
                  "Actual Total Time": 83.426,
                  "Actual Rows": 32,
                  "Actual Loops": 5,
                  "Inner Unique": false,
                  "Plans": [
                    {
                      "Node Type": "Seq Scan",
                      "Parent Relationship": "Outer",
                      "Parallel Aware": true,
                      "Relation Name": "title",
                      "Alias": "t",
                      "Startup Cost": 0.0,
                      "Total Cost": 45479.59,
                      "Plan Rows": 578,
                      "Plan Width": 4,
                      "Actual Startup Time": 1.524,
                      "Actual Total Time": 81.906,
                      "Actual Rows": 239,
                      "Actual Loops": 5,
                      "Filter": "((kind_id = 7) AND (production_year = 1949))",
                      "Rows Removed by Filter": 505423
                    },
                    {
                      "Node Type": "Index Scan",
                      "Parent Relationship": "Inner",
                      "Parallel Aware": false,
                      "Scan Direction": "Forward",
                      "Index Name": "movie_id_movie_keyword",
                      "Relation Name": "movie_keyword",
                      "Alias": "mk",
                      "Startup Cost": 0.43,
                      "Total Cost": 9.0,
                      "Plan Rows": 20,
                      "Plan Width": 4,
                      "Actual Startup Time": 0.006,
                      "Actual Total Time": 0.006,
                      "Actual Rows": 0,
                      "Actual Loops": 1196,
                      "Index Cond": "(movie_id = t.id)",
                      "Rows Removed by Index Recheck": 0,
                      "Filter": "(keyword_id < 3481)",
                      "Rows Removed by Filter": 0
                    }
                  ]
                }
              ]
            }
          ]
        }
      ]
    },
    "Planning Time": 0.253,
    "Triggers": [],
    "Execution Time": 101.311
  }
]