{
  "Plan": {
    "Node Type": "Aggregate",
    "Strategy": "Plain",
    "Partial Mode": "Finalize",
    "Parallel Aware": false,
    "Startup Cost": 77627.49,
    "Total Cost": 77627.5,
    "Plan Rows": 1,
    "Plan Width": 8,
    "Actual Startup Time": 192.152,
    "Actual Total Time": 205.286,
    "Actual Rows": 1,
    "Actual Loops": 1,
    "Plans": [
      {
        "Node Type": "Gather",
        "Parent Relationship": "Outer",
        "Parallel Aware": false,
        "Startup Cost": 77627.38,
        "Total Cost": 77627.49,
        "Plan Rows": 1,
        "Plan Width": 8,
        "Actual Startup Time": 191.958,
        "Actual Total Time": 205.279,
        "Actual Rows": 2,
        "Actual Loops": 1,
        "Workers Planned": 1,
        "Workers Launched": 1,
        "Single Copy": false,
        "Plans": [
          {
            "Node Type": "Aggregate",
            "Strategy": "Plain",
            "Partial Mode": "Partial",
            "Parent Relationship": "Outer",
            "Parallel Aware": false,
            "Startup Cost": 76627.38,
            "Total Cost": 76627.39,
            "Plan Rows": 1,
            "Plan Width": 8,
            "Actual Startup Time": 185.647,
            "Actual Total Time": 185.651,
            "Actual Rows": 1,
            "Actual Loops": 2,
            "Plans": [
              {
                "Node Type": "Nested Loop",
                "Parent Relationship": "Outer",
                "Parallel Aware": false,
                "Join Type": "Inner",
                "Startup Cost": 20201.9,
                "Total Cost": 76626.72,
                "Plan Rows": 265,
                "Plan Width": 0,
                "Actual Startup Time": 29.018,
                "Actual Total Time": 185.603,
                "Actual Rows": 163,
                "Actual Loops": 2,
                "Inner Unique": false,
                "Plans": [
                  {
                    "Node Type": "Hash Join",
                    "Parent Relationship": "Outer",
                    "Parallel Aware": true,
                    "Join Type": "Inner",
                    "Startup Cost": 20201.47,
                    "Total Cost": 75391.15,
                    "Plan Rows": 1455,
                    "Plan Width": 8,
                    "Actual Startup Time": 28.943,
                    "Actual Total Time": 183.995,
                    "Actual Rows": 178,
                    "Actual Loops": 2,
                    "Inner Unique": false,
                    "Hash Cond": "(t.id = mc.movie_id)",
                    "Plans": [
                      {
                        "Node Type": "Seq Scan",
                        "Parent Relationship": "Outer",
                        "Parallel Aware": true,
                        "Relation Name": "title",
                        "Alias": "t",
                        "Startup Cost": 0.0,
                        "Total Cost": 54588.39,
                        "Plan Rows": 94836,
                        "Plan Width": 4,
                        "Actual Startup Time": 0.015,
                        "Actual Total Time": 140.821,
                        "Actual Rows": 80008,
                        "Actual Loops": 2,
                        "Filter": "(production_year = 2011)",
                        "Rows Removed by Filter": 1184148
                      },
                      {
                        "Node Type": "Hash",
                        "Parent Relationship": "Inner",
                        "Parallel Aware": true,
                        "Startup Cost": 19916.26,
                        "Total Cost": 19916.26,
                        "Plan Rows": 22817,
                        "Plan Width": 4,
                        "Actual Startup Time": 27.4,
                        "Actual Total Time": 27.401,
                        "Actual Rows": 18068,
                        "Actual Loops": 2,
                        "Hash Buckets": 65536,
                        "Original Hash Buckets": 65536,
                        "Hash Batches": 1,
                        "Original Hash Batches": 1,
                        "Peak Memory Usage": 1952,
                        "Plans": [
                          {
                            "Node Type": "Bitmap Heap Scan",
                            "Parent Relationship": "Outer",
                            "Parallel Aware": true,
                            "Relation Name": "movie_companies",
                            "Alias": "mc",
                            "Startup Cost": 841.04,
                            "Total Cost": 19916.26,
                            "Plan Rows": 22817,
                            "Plan Width": 4,
                            "Actual Startup Time": 4.497,
                            "Actual Total Time": 20.606,
                            "Actual Rows": 18068,
                            "Actual Loops": 2,
                            "Recheck Cond": "(company_id = 160)",
                            "Rows Removed by Index Recheck": 0,
                            "Exact Heap Blocks": 3733,
                            "Lossy Heap Blocks": 0,
                            "Plans": [
                              {
                                "Node Type": "Bitmap Index Scan",
                                "Parent Relationship": "Outer",
                                "Parallel Aware": false,
                                "Index Name": "company_id_movie_companies",
                                "Startup Cost": 0.0,
                                "Total Cost": 831.35,
                                "Plan Rows": 38789,
                                "Plan Width": 0,
                                "Actual Startup Time": 6.715,
                                "Actual Total Time": 6.715,
                                "Actual Rows": 36136,
                                "Actual Loops": 1,
                                "Index Cond": "(company_id = 160)"
                              }
                            ]
                          }
                        ]
                      }
                    ]
                  },
                  {
                    "Node Type": "Index Scan",
                    "Parent Relationship": "Inner",
                    "Parallel Aware": false,
                    "Scan Direction": "Forward",
                    "Index Name": "movie_id_movie_info_idx",
                    "Relation Name": "movie_info_idx",
                    "Alias": "mi_idx",
                    "Startup Cost": 0.43,
                    "Total Cost": 0.84,
                    "Plan Rows": 1,
                    "Plan Width": 4,
                    "Actual Startup Time": 0.008,
                    "Actual Total Time": 0.008,
                    "Actual Rows": 1,
                    "Actual Loops": 356,
                    "Index Cond": "(movie_id = t.id)",
                    "Rows Removed by Index Recheck": 0,
                    "Filter": "(info_type_id > 100)",
                    "Rows Removed by Filter": 2
                  }
                ]
              }
            ]
          }
        ]
      }
    ]
  },
  "Planning Time": 0.963,
  "Triggers": [],
  "Execution Time": 205.39
}