[
  {
    "Plan": {
      "Node Type": "Aggregate",
      "Strategy": "Plain",
      "Partial Mode": "Finalize",
      "Parallel Aware": false,
      "Startup Cost": 45297.35,
      "Total Cost": 45297.36,
      "Plan Rows": 1,
      "Plan Width": 8,
      "Actual Startup Time": 127.602,
      "Actual Total Time": 136.711,
      "Actual Rows": 1,
      "Actual Loops": 1,
      "Plans": [
        {
          "Node Type": "Gather",
          "Parent Relationship": "Outer",
          "Parallel Aware": false,
          "Startup Cost": 45297.03,
          "Total Cost": 45297.34,
          "Plan Rows": 3,
          "Plan Width": 8,
          "Actual Startup Time": 127.44,
          "Actual Total Time": 136.703,
          "Actual Rows": 4,
          "Actual Loops": 1,
          "Workers Planned": 3,
          "Workers Launched": 3,
          "Single Copy": false,
          "Plans": [
            {
              "Node Type": "Aggregate",
              "Strategy": "Plain",
              "Partial Mode": "Partial",
              "Parent Relationship": "Outer",
              "Parallel Aware": false,
              "Startup Cost": 44297.03,
              "Total Cost": 44297.04,
              "Plan Rows": 1,
              "Plan Width": 8,
              "Actual Startup Time": 122.742,
              "Actual Total Time": 122.744,
              "Actual Rows": 1,
              "Actual Loops": 4,
              "Plans": [
                {
                  "Node Type": "Seq Scan",
                  "Parent Relationship": "Outer",
                  "Parallel Aware": true,
                  "Relation Name": "movie_keyword",
                  "Alias": "mk",
                  "Startup Cost": 0.0,
                  "Total Cost": 42695.65,
                  "Plan Rows": 640550,
                  "Plan Width": 0,
                  "Actual Startup Time": 0.035,
                  "Actual Total Time": 100.87,
                  "Actual Rows": 497110,
                  "Actual Loops": 4,
                  "Filter": "(keyword_id < 3514)",
                  "Rows Removed by Filter": 633872
                }
              ]
            }
          ]
        }
      ]
    },
    "Planning Time": 0.095,
    "Triggers": [],
    "Execution Time": 136.742
  }
]