[
  {
    "Plan": {
      "Node Type": "Aggregate",
      "Strategy": "Plain",
      "Partial Mode": "Finalize",
      "Parallel Aware": false,
      "Startup Cost": 45290.07,
      "Total Cost": 45290.08,
      "Plan Rows": 1,
      "Plan Width": 8,
      "Actual Startup Time": 142.998,
      "Actual Total Time": 152.253,
      "Actual Rows": 1,
      "Actual Loops": 1,
      "Plans": [
        {
          "Node Type": "Gather",
          "Parent Relationship": "Outer",
          "Parallel Aware": false,
          "Startup Cost": 45289.75,
          "Total Cost": 45290.06,
          "Plan Rows": 3,
          "Plan Width": 8,
          "Actual Startup Time": 142.872,
          "Actual Total Time": 152.245,
          "Actual Rows": 4,
          "Actual Loops": 1,
          "Workers Planned": 3,
          "Workers Launched": 3,
          "Single Copy": false,
          "Plans": [
            {
              "Node Type": "Aggregate",
              "Strategy": "Plain",
              "Partial Mode": "Partial",
              "Parent Relationship": "Outer",
              "Parallel Aware": false,
              "Startup Cost": 44289.75,
              "Total Cost": 44289.76,
              "Plan Rows": 1,
              "Plan Width": 8,
              "Actual Startup Time": 135.286,
              "Actual Total Time": 135.287,
              "Actual Rows": 1,
              "Actual Loops": 4,
              "Plans": [
                {
                  "Node Type": "Seq Scan",
                  "Parent Relationship": "Outer",
                  "Parallel Aware": true,
                  "Relation Name": "movie_keyword",
                  "Alias": "mk",
                  "Startup Cost": 0.0,
                  "Total Cost": 42695.65,
                  "Plan Rows": 637639,
                  "Plan Width": 0,
                  "Actual Startup Time": 0.054,
                  "Actual Total Time": 112.31,
                  "Actual Rows": 497110,
                  "Actual Loops": 4,
                  "Filter": "(keyword_id < 3514)",
                  "Rows Removed by Filter": 633872
                }
              ]
            }
          ]
        }
      ]
    },
    "Planning Time": 0.137,
    "Triggers": [],
    "Execution Time": 152.296
  }
]