[
  {
    "Plan": {
      "Node Type": "Aggregate",
      "Strategy": "Plain",
      "Partial Mode": "Finalize",
      "Parallel Aware": false,
      "Startup Cost": 345349.93,
      "Total Cost": 345349.94,
      "Plan Rows": 1,
      "Plan Width": 8,
      "Actual Startup Time": 673.513,
      "Actual Total Time": 729.392,
      "Actual Rows": 1,
      "Actual Loops": 1,
      "Plans": [
        {
          "Node Type": "Gather",
          "Parent Relationship": "Outer",
          "Parallel Aware": false,
          "Startup Cost": 345349.3,
          "Total Cost": 345349.91,
          "Plan Rows": 6,
          "Plan Width": 8,
          "Actual Startup Time": 673.376,
          "Actual Total Time": 729.383,
          "Actual Rows": 7,
          "Actual Loops": 1,
          "Workers Planned": 6,
          "Workers Launched": 6,
          "Single Copy": false,
          "Plans": [
            {
              "Node Type": "Aggregate",
              "Strategy": "Plain",
              "Partial Mode": "Partial",
              "Parent Relationship": "Outer",
              "Parallel Aware": false,
              "Startup Cost": 344349.3,
              "Total Cost": 344349.32,
              "Plan Rows": 1,
              "Plan Width": 8,
              "Actual Startup Time": 663.176,
              "Actual Total Time": 663.177,
              "Actual Rows": 1,
              "Actual Loops": 7,
              "Plans": [
                {
                  "Node Type": "Seq Scan",
                  "Parent Relationship": "Outer",
                  "Parallel Aware": true,
                  "Relation Name": "cast_info",
                  "Alias": "ci",
                  "Startup Cost": 0.0,
                  "Total Cost": 343257.03,
                  "Plan Rows": 436910,
                  "Plan Width": 0,
                  "Actual Startup Time": 415.749,
                  "Actual Total Time": 627.484,
                  "Actual Rows": 802341,
                  "Actual Loops": 7,
                  "Filter": "((person_id > 3090175) AND (role_id > 2))",
                  "Rows Removed by Filter": 4375423
                }
              ]
            }
          ]
        }
      ]
    },
    "Planning Time": 0.2,
    "Triggers": [],
    "Execution Time": 729.514
  }
]