[
  {
    "Plan": {
      "Node Type": "Aggregate",
      "Strategy": "Plain",
      "Partial Mode": "Finalize",
      "Parallel Aware": false,
      "Startup Cost": 32903.76,
      "Total Cost": 32903.77,
      "Plan Rows": 1,
      "Plan Width": 8,
      "Actual Startup Time": 101.632,
      "Actual Total Time": 109.09,
      "Actual Rows": 1,
      "Actual Loops": 1,
      "Plans": [
        {
          "Node Type": "Gather",
          "Parent Relationship": "Outer",
          "Parallel Aware": false,
          "Startup Cost": 32903.44,
          "Total Cost": 32903.75,
          "Plan Rows": 3,
          "Plan Width": 8,
          "Actual Startup Time": 101.546,
          "Actual Total Time": 109.079,
          "Actual Rows": 4,
          "Actual Loops": 1,
          "Workers Planned": 3,
          "Workers Launched": 3,
          "Single Copy": false,
          "Plans": [
            {
              "Node Type": "Aggregate",
              "Strategy": "Plain",
              "Partial Mode": "Partial",
              "Parent Relationship": "Outer",
              "Parallel Aware": false,
              "Startup Cost": 31903.44,
              "Total Cost": 31903.45,
              "Plan Rows": 1,
              "Plan Width": 8,
              "Actual Startup Time": 95.898,
              "Actual Total Time": 95.9,
              "Actual Rows": 1,
              "Actual Loops": 4,
              "Plans": [
                {
                  "Node Type": "Seq Scan",
                  "Parent Relationship": "Outer",
                  "Parallel Aware": true,
                  "Relation Name": "movie_companies",
                  "Alias": "mc",
                  "Startup Cost": 0.0,
                  "Total Cost": 31414.82,
                  "Plan Rows": 195450,
                  "Plan Width": 0,
                  "Actual Startup Time": 42.22,
                  "Actual Total Time": 84.218,
                  "Actual Rows": 219060,
                  "Actual Loops": 4,
                  "Filter": "((company_id > 12688) AND (company_type_id = 2))",
                  "Rows Removed by Filter": 433222
                }
              ]
            }
          ]
        }
      ]
    },
    "Planning Time": 0.095,
    "Triggers": [],
    "Execution Time": 109.127
  }
]