[
  {
    "Plan": {
      "Node Type": "Aggregate",
      "Strategy": "Plain",
      "Partial Mode": "Finalize",
      "Parallel Aware": false,
      "Startup Cost": 47300.52,
      "Total Cost": 47300.53,
      "Plan Rows": 1,
      "Plan Width": 8,
      "Actual Startup Time": 176.992,
      "Actual Total Time": 187.073,
      "Actual Rows": 1,
      "Actual Loops": 1,
      "Plans": [
        {
          "Node Type": "Gather",
          "Parent Relationship": "Outer",
          "Parallel Aware": false,
          "Startup Cost": 47300.2,
          "Total Cost": 47300.51,
          "Plan Rows": 3,
          "Plan Width": 8,
          "Actual Startup Time": 176.909,
          "Actual Total Time": 187.066,
          "Actual Rows": 4,
          "Actual Loops": 1,
          "Workers Planned": 3,
          "Workers Launched": 3,
          "Single Copy": false,
          "Plans": [
            {
              "Node Type": "Aggregate",
              "Strategy": "Plain",
              "Partial Mode": "Partial",
              "Parent Relationship": "Outer",
              "Parallel Aware": false,
              "Startup Cost": 46300.2,
              "Total Cost": 46300.21,
              "Plan Rows": 1,
              "Plan Width": 8,
              "Actual Startup Time": 170.13,
              "Actual Total Time": 170.131,
              "Actual Rows": 1,
              "Actual Loops": 4,
              "Plans": [
                {
                  "Node Type": "Seq Scan",
                  "Parent Relationship": "Outer",
                  "Parallel Aware": true,
                  "Relation Name": "movie_keyword",
                  "Alias": "mk",
                  "Startup Cost": 0.0,
                  "Total Cost": 42695.65,
                  "Plan Rows": 1441819,
                  "Plan Width": 0,
                  "Actual Startup Time": 0.052,
                  "Actual Total Time": 122.494,
                  "Actual Rows": 1117775,
                  "Actual Loops": 4,
                  "Filter": "(keyword_id < 98294)",
                  "Rows Removed by Filter": 13208
                }
              ]
            }
          ]
        }
      ]
    },
    "Planning Time": 0.251,
    "Triggers": [],
    "Execution Time": 187.126
  }
]