[
  {
    "Plan": {
      "Node Type": "Aggregate",
      "Strategy": "Plain",
      "Partial Mode": "Finalize",
      "Parallel Aware": false,
      "Startup Cost": 64235.91,
      "Total Cost": 64235.92,
      "Plan Rows": 1,
      "Plan Width": 8,
      "Actual Startup Time": 272.288,
      "Actual Total Time": 286.899,
      "Actual Rows": 1,
      "Actual Loops": 1,
      "Plans": [
        {
          "Node Type": "Gather",
          "Parent Relationship": "Outer",
          "Parallel Aware": false,
          "Startup Cost": 64235.7,
          "Total Cost": 64235.91,
          "Plan Rows": 2,
          "Plan Width": 8,
          "Actual Startup Time": 270.871,
          "Actual Total Time": 286.892,
          "Actual Rows": 3,
          "Actual Loops": 1,
          "Workers Planned": 2,
          "Workers Launched": 2,
          "Single Copy": false,
          "Plans": [
            {
              "Node Type": "Aggregate",
              "Strategy": "Plain",
              "Partial Mode": "Partial",
              "Parent Relationship": "Outer",
              "Parallel Aware": false,
              "Startup Cost": 63235.7,
              "Total Cost": 63235.71,
              "Plan Rows": 1,
              "Plan Width": 8,
              "Actual Startup Time": 267.561,
              "Actual Total Time": 267.565,
              "Actual Rows": 1,
              "Actual Loops": 3,
              "Plans": [
                {
                  "Node Type": "Hash Join",
                  "Parent Relationship": "Outer",
                  "Parallel Aware": true,
                  "Join Type": "Inner",
                  "Startup Cost": 46935.47,
                  "Total Cost": 63059.9,
                  "Plan Rows": 70317,
                  "Plan Width": 0,
                  "Actual Startup Time": 198.837,
                  "Actual Total Time": 263.814,
                  "Actual Rows": 78366,
                  "Actual Loops": 3,
                  "Inner Unique": true,
                  "Hash Cond": "(mi_idx.movie_id = t.id)",
                  "Plans": [
                    {
                      "Node Type": "Seq Scan",
                      "Parent Relationship": "Outer",
                      "Parallel Aware": true,
                      "Relation Name": "movie_info_idx",
                      "Alias": "mi_idx",
                      "Startup Cost": 0.0,
                      "Total Cost": 15122.68,
                      "Plan Rows": 381618,
                      "Plan Width": 4,
                      "Actual Startup Time": 0.016,
                      "Actual Total Time": 50.557,
                      "Actual Rows": 306617,
                      "Actual Loops": 3,
                      "Filter": "(info_type_id < 101)",
                      "Rows Removed by Filter": 153395
                    },
                    {
                      "Node Type": "Hash",
                      "Parent Relationship": "Inner",
                      "Parallel Aware": true,
                      "Startup Cost": 45479.59,
                      "Total Cost": 45479.59,
                      "Plan Rows": 116471,
                      "Plan Width": 4,
                      "Actual Startup Time": 158.452,
                      "Actual Total Time": 158.453,
                      "Actual Rows": 113582,
                      "Actual Loops": 3,
                      "Hash Buckets": 524288,
                      "Original Hash Buckets": 524288,
                      "Hash Batches": 1,
                      "Original Hash Batches": 1,
                      "Peak Memory Usage": 17472,
                      "Plans": [
                        {
                          "Node Type": "Seq Scan",
                          "Parent Relationship": "Outer",
                          "Parallel Aware": true,
                          "Relation Name": "title",
                          "Alias": "t",
                          "Startup Cost": 0.0,
                          "Total Cost": 45479.59,
                          "Plan Rows": 116471,
                          "Plan Width": 4,
                          "Actual Startup Time": 45.015,
                          "Actual Total Time": 120.064,
                          "Actual Rows": 113582,
                          "Actual Loops": 3,
                          "Filter": "((production_year > 1989) AND (kind_id = 1))",
                          "Rows Removed by Filter": 729189
                        }
                      ]
                    }
                  ]
                }
              ]
            }
          ]
        }
      ]
    },
    "Planning Time": 0.383,
    "Triggers": [],
    "Execution Time": 286.958
  }
]