[
  {
    "Plan": {
      "Node Type": "Aggregate",
      "Strategy": "Plain",
      "Partial Mode": "Finalize",
      "Parallel Aware": false,
      "Startup Cost": 27691.48,
      "Total Cost": 27691.49,
      "Plan Rows": 1,
      "Plan Width": 8,
      "Actual Startup Time": 72.482,
      "Actual Total Time": 77.034,
      "Actual Rows": 1,
      "Actual Loops": 1,
      "Plans": [
        {
          "Node Type": "Gather",
          "Parent Relationship": "Outer",
          "Parallel Aware": false,
          "Startup Cost": 27691.16,
          "Total Cost": 27691.47,
          "Plan Rows": 3,
          "Plan Width": 8,
          "Actual Startup Time": 72.29,
          "Actual Total Time": 77.026,
          "Actual Rows": 4,
          "Actual Loops": 1,
          "Workers Planned": 3,
          "Workers Launched": 3,
          "Single Copy": false,
          "Plans": [
            {
              "Node Type": "Aggregate",
              "Strategy": "Plain",
              "Partial Mode": "Partial",
              "Parent Relationship": "Outer",
              "Parallel Aware": false,
              "Startup Cost": 26691.16,
              "Total Cost": 26691.17,
              "Plan Rows": 1,
              "Plan Width": 8,
              "Actual Startup Time": 65.481,
              "Actual Total Time": 65.482,
              "Actual Rows": 1,
              "Actual Loops": 4,
              "Plans": [
                {
                  "Node Type": "Bitmap Heap Scan",
                  "Parent Relationship": "Outer",
                  "Parallel Aware": true,
                  "Relation Name": "movie_companies",
                  "Alias": "mc",
                  "Startup Cost": 6353.16,
                  "Total Cost": 26569.66,
                  "Plan Rows": 48602,
                  "Plan Width": 0,
                  "Actual Startup Time": 26.487,
                  "Actual Total Time": 60.196,
                  "Actual Rows": 71960,
                  "Actual Loops": 4,
                  "Recheck Cond": "(company_id > 95102)",
                  "Rows Removed by Index Recheck": 0,
                  "Filter": "(company_type_id = 2)",
                  "Rows Removed by Filter": 0,
                  "Exact Heap Blocks": 2555,
                  "Lossy Heap Blocks": 0,
                  "Plans": [
                    {
                      "Node Type": "Bitmap Index Scan",
                      "Parent Relationship": "Outer",
                      "Parallel Aware": false,
                      "Index Name": "company_id_movie_companies",
                      "Startup Cost": 0.0,
                      "Total Cost": 6315.5,
                      "Plan Rows": 294809,
                      "Plan Width": 0,
                      "Actual Startup Time": 31.236,
                      "Actual Total Time": 31.236,
                      "Actual Rows": 287838,
                      "Actual Loops": 1,
                      "Index Cond": "(company_id > 95102)"
                    }
                  ]
                }
              ]
            }
          ]
        }
      ]
    },
    "Planning Time": 0.197,
    "Triggers": [],
    "Execution Time": 77.154
  }
]