[
  {
    "Plan": {
      "Node Type": "Aggregate",
      "Strategy": "Plain",
      "Partial Mode": "Finalize",
      "Parallel Aware": false,
      "Startup Cost": 27583.95,
      "Total Cost": 27583.96,
      "Plan Rows": 1,
      "Plan Width": 8,
      "Actual Startup Time": 63.627,
      "Actual Total Time": 67.462,
      "Actual Rows": 1,
      "Actual Loops": 1,
      "Plans": [
        {
          "Node Type": "Gather",
          "Parent Relationship": "Outer",
          "Parallel Aware": false,
          "Startup Cost": 27583.63,
          "Total Cost": 27583.94,
          "Plan Rows": 3,
          "Plan Width": 8,
          "Actual Startup Time": 63.48,
          "Actual Total Time": 67.454,
          "Actual Rows": 4,
          "Actual Loops": 1,
          "Workers Planned": 3,
          "Workers Launched": 3,
          "Single Copy": false,
          "Plans": [
            {
              "Node Type": "Aggregate",
              "Strategy": "Plain",
              "Partial Mode": "Partial",
              "Parent Relationship": "Outer",
              "Parallel Aware": false,
              "Startup Cost": 26583.63,
              "Total Cost": 26583.64,
              "Plan Rows": 1,
              "Plan Width": 8,
              "Actual Startup Time": 57.692,
              "Actual Total Time": 57.694,
              "Actual Rows": 1,
              "Actual Loops": 4,
              "Plans": [
                {
                  "Node Type": "Bitmap Heap Scan",
                  "Parent Relationship": "Outer",
                  "Parallel Aware": true,
                  "Relation Name": "movie_companies",
                  "Alias": "mc",
                  "Startup Cost": 6267.01,
                  "Total Cost": 26464.52,
                  "Plan Rows": 47643,
                  "Plan Width": 0,
                  "Actual Startup Time": 19.842,
                  "Actual Total Time": 52.754,
                  "Actual Rows": 71960,
                  "Actual Loops": 4,
                  "Recheck Cond": "(company_id > 95102)",
                  "Rows Removed by Index Recheck": 0,
                  "Filter": "(company_type_id = 2)",
                  "Rows Removed by Filter": 0,
                  "Exact Heap Blocks": 2470,
                  "Lossy Heap Blocks": 0,
                  "Plans": [
                    {
                      "Node Type": "Bitmap Index Scan",
                      "Parent Relationship": "Outer",
                      "Parallel Aware": false,
                      "Index Name": "company_id_movie_companies",
                      "Startup Cost": 0.0,
                      "Total Cost": 6230.08,
                      "Plan Rows": 290887,
                      "Plan Width": 0,
                      "Actual Startup Time": 24.063,
                      "Actual Total Time": 24.063,
                      "Actual Rows": 287838,
                      "Actual Loops": 1,
                      "Index Cond": "(company_id > 95102)"
                    }
                  ]
                }
              ]
            }
          ]
        }
      ]
    },
    "Planning Time": 0.155,
    "Triggers": [],
    "Execution Time": 67.513
  }
]