[
  {
    "Plan": {
      "Node Type": "Aggregate",
      "Strategy": "Plain",
      "Partial Mode": "Finalize",
      "Parallel Aware": false,
      "Startup Cost": 45798.53,
      "Total Cost": 45798.54,
      "Plan Rows": 1,
      "Plan Width": 8,
      "Actual Startup Time": 155.778,
      "Actual Total Time": 165.178,
      "Actual Rows": 1,
      "Actual Loops": 1,
      "Plans": [
        {
          "Node Type": "Gather",
          "Parent Relationship": "Outer",
          "Parallel Aware": false,
          "Startup Cost": 45798.21,
          "Total Cost": 45798.52,
          "Plan Rows": 3,
          "Plan Width": 8,
          "Actual Startup Time": 155.628,
          "Actual Total Time": 165.165,
          "Actual Rows": 4,
          "Actual Loops": 1,
          "Workers Planned": 3,
          "Workers Launched": 3,
          "Single Copy": false,
          "Plans": [
            {
              "Node Type": "Aggregate",
              "Strategy": "Plain",
              "Partial Mode": "Partial",
              "Parent Relationship": "Outer",
              "Parallel Aware": false,
              "Startup Cost": 44798.21,
              "Total Cost": 44798.22,
              "Plan Rows": 1,
              "Plan Width": 8,
              "Actual Startup Time": 150.367,
              "Actual Total Time": 150.369,
              "Actual Rows": 1,
              "Actual Loops": 4,
              "Plans": [
                {
                  "Node Type": "Seq Scan",
                  "Parent Relationship": "Outer",
                  "Parallel Aware": true,
                  "Relation Name": "movie_keyword",
                  "Alias": "mk",
                  "Startup Cost": 0.0,
                  "Total Cost": 42695.65,
                  "Plan Rows": 841023,
                  "Plan Width": 0,
                  "Actual Startup Time": 0.036,
                  "Actual Total Time": 118.647,
                  "Actual Rows": 654978,
                  "Actual Loops": 4,
                  "Filter": "(keyword_id < 7105)",
                  "Rows Removed by Filter": 476004
                }
              ]
            }
          ]
        }
      ]
    },
    "Planning Time": 0.189,
    "Triggers": [],
    "Execution Time": 165.232
  }
]