[
  {
    "Plan": {
      "Node Type": "Aggregate",
      "Strategy": "Plain",
      "Partial Mode": "Finalize",
      "Parallel Aware": false,
      "Startup Cost": 45812.32,
      "Total Cost": 45812.33,
      "Plan Rows": 1,
      "Plan Width": 8,
      "Actual Startup Time": 143.111,
      "Actual Total Time": 152.402,
      "Actual Rows": 1,
      "Actual Loops": 1,
      "Plans": [
        {
          "Node Type": "Gather",
          "Parent Relationship": "Outer",
          "Parallel Aware": false,
          "Startup Cost": 45812.0,
          "Total Cost": 45812.31,
          "Plan Rows": 3,
          "Plan Width": 8,
          "Actual Startup Time": 142.969,
          "Actual Total Time": 152.393,
          "Actual Rows": 4,
          "Actual Loops": 1,
          "Workers Planned": 3,
          "Workers Launched": 3,
          "Single Copy": false,
          "Plans": [
            {
              "Node Type": "Aggregate",
              "Strategy": "Plain",
              "Partial Mode": "Partial",
              "Parent Relationship": "Outer",
              "Parallel Aware": false,
              "Startup Cost": 44812.0,
              "Total Cost": 44812.01,
              "Plan Rows": 1,
              "Plan Width": 8,
              "Actual Startup Time": 139.073,
              "Actual Total Time": 139.074,
              "Actual Rows": 1,
              "Actual Loops": 4,
              "Plans": [
                {
                  "Node Type": "Seq Scan",
                  "Parent Relationship": "Outer",
                  "Parallel Aware": true,
                  "Relation Name": "movie_keyword",
                  "Alias": "mk",
                  "Startup Cost": 0.0,
                  "Total Cost": 42695.65,
                  "Plan Rows": 846540,
                  "Plan Width": 0,
                  "Actual Startup Time": 0.03,
                  "Actual Total Time": 111.252,
                  "Actual Rows": 654978,
                  "Actual Loops": 4,
                  "Filter": "(keyword_id < 7105)",
                  "Rows Removed by Filter": 476004
                }
              ]
            }
          ]
        }
      ]
    },
    "Planning Time": 0.115,
    "Triggers": [],
    "Execution Time": 152.44
  }
]