[
  {
    "Plan": {
      "Node Type": "Aggregate",
      "Strategy": "Plain",
      "Partial Mode": "Finalize",
      "Parallel Aware": false,
      "Startup Cost": 602940.41,
      "Total Cost": 602940.42,
      "Plan Rows": 1,
      "Plan Width": 8,
      "Actual Startup Time": 3485.692,
      "Actual Total Time": 3561.99,
      "Actual Rows": 1,
      "Actual Loops": 1,
      "Plans": [
        {
          "Node Type": "Gather",
          "Parent Relationship": "Outer",
          "Parallel Aware": false,
          "Startup Cost": 602939.89,
          "Total Cost": 602940.4,
          "Plan Rows": 5,
          "Plan Width": 8,
          "Actual Startup Time": 3474.029,
          "Actual Total Time": 3561.964,
          "Actual Rows": 6,
          "Actual Loops": 1,
          "Workers Planned": 5,
          "Workers Launched": 5,
          "Single Copy": false,
          "Plans": [
            {
              "Node Type": "Aggregate",
              "Strategy": "Plain",
              "Partial Mode": "Partial",
              "Parent Relationship": "Outer",
              "Parallel Aware": false,
              "Startup Cost": 601939.89,
              "Total Cost": 601939.9,
              "Plan Rows": 1,
              "Plan Width": 8,
              "Actual Startup Time": 3458.932,
              "Actual Total Time": 3459.073,
              "Actual Rows": 1,
              "Actual Loops": 6,
              "Plans": [
                {
                  "Node Type": "Hash Join",
                  "Parent Relationship": "Outer",
                  "Parallel Aware": true,
                  "Join Type": "Inner",
                  "Startup Cost": 384890.16,
                  "Total Cost": 597456.4,
                  "Plan Rows": 1793394,
                  "Plan Width": 0,
                  "Actual Startup Time": 1499.756,
                  "Actual Total Time": 3206.85,
                  "Actual Rows": 5609108,
                  "Actual Loops": 6,
                  "Inner Unique": false,
                  "Hash Cond": "(mi.movie_id = t.id)",
                  "Plans": [
                    {
                      "Node Type": "Seq Scan",
                      "Parent Relationship": "Outer",
                      "Parallel Aware": true,
                      "Relation Name": "movie_info",
                      "Alias": "mi",
                      "Startup Cost": 0.0,
                      "Total Cost": 199108.24,
                      "Plan Rows": 2791737,
                      "Plan Width": 4,
                      "Actual Startup Time": 0.029,
                      "Actual Total Time": 369.883,
                      "Actual Rows": 2327249,
                      "Actual Loops": 6,
                      "Filter": "(info_type_id < 98)",
                      "Rows Removed by Filter": 145371
                    },
                    {
                      "Node Type": "Hash",
                      "Parent Relationship": "Inner",
                      "Parallel Aware": true,
                      "Startup Cost": 381506.32,
                      "Total Cost": 381506.32,
                      "Plan Rows": 270707,
                      "Plan Width": 8,
                      "Actual Startup Time": 1491.257,
                      "Actual Total Time": 1491.395,
                      "Actual Rows": 314496,
                      "Actual Loops": 6,
                      "Hash Buckets": 2097152,
                      "Original Hash Buckets": 2097152,
                      "Hash Batches": 1,
                      "Original Hash Batches": 1,
                      "Peak Memory Usage": 90304,
                      "Plans": [
                        {
                          "Node Type": "Hash Join",
                          "Parent Relationship": "Outer",
                          "Parallel Aware": true,
                          "Join Type": "Inner",
                          "Startup Cost": 46279.99,
                          "Total Cost": 381506.32,
                          "Plan Rows": 270707,
                          "Plan Width": 8,
                          "Actual Startup Time": 487.982,
                          "Actual Total Time": 1344.682,
                          "Actual Rows": 314496,
                          "Actual Loops": 6,
                          "Inner Unique": true,
                          "Hash Cond": "(ci.movie_id = t.id)",
                          "Plans": [
                            {
                              "Node Type": "Seq Scan",
                              "Parent Relationship": "Outer",
                              "Parallel Aware": true,
                              "Relation Name": "cast_info",
                              "Alias": "ci",
                              "Startup Cost": 0.0,
                              "Total Cost": 328211.39,
                              "Plan Rows": 2672355,
                              "Plan Width": 4,
                              "Actual Startup Time": 383.437,
                              "Actual Total Time": 779.907,
                              "Actual Rows": 2686947,
                              "Actual Loops": 6,
                              "Filter": "(role_id > 2)",
                              "Rows Removed by Filter": 3353777
                            },
                            {
                              "Node Type": "Hash",
                              "Parent Relationship": "Inner",
                              "Parallel Aware": true,
                              "Startup Cost": 45479.59,
                              "Total Cost": 45479.59,
                              "Plan Rows": 64032,
                              "Plan Width": 4,
                              "Actual Startup Time": 103.951,
                              "Actual Total Time": 103.953,
                              "Actual Rows": 37974,
                              "Actual Loops": 6,
                              "Hash Buckets": 262144,
                              "Original Hash Buckets": 262144,
                              "Hash Batches": 1,
                              "Original Hash Batches": 1,
                              "Peak Memory Usage": 11040,
                              "Plans": [
                                {
                                  "Node Type": "Seq Scan",
                                  "Parent Relationship": "Outer",
                                  "Parallel Aware": true,
                                  "Relation Name": "title",
                                  "Alias": "t",
                                  "Startup Cost": 0.0,
                                  "Total Cost": 45479.59,
                                  "Plan Rows": 64032,
                                  "Plan Width": 4,
                                  "Actual Startup Time": 0.077,
                                  "Actual Total Time": 86.305,
                                  "Actual Rows": 37974,
                                  "Actual Loops": 6,
                                  "Filter": "((kind_id < 7) AND (production_year > 2008))",
                                  "Rows Removed by Filter": 383411
                                }
                              ]
                            }
                          ]
                        }
                      ]
                    }
                  ]
                }
              ]
            }
          ]
        }
      ]
    },
    "Planning Time": 1.313,
    "Triggers": [],
    "Execution Time": 3562.087
  }
]