{
  "Plan": {
    "Node Type": "Aggregate",
    "Strategy": "Plain",
    "Partial Mode": "Finalize",
    "Parallel Aware": false,
    "Startup Cost": 218991.94,
    "Total Cost": 218991.95,
    "Plan Rows": 1,
    "Plan Width": 8,
    "Actual Startup Time": 172.499,
    "Actual Total Time": 186.182,
    "Actual Rows": 1,
    "Actual Loops": 1,
    "Plans": [
      {
        "Node Type": "Gather",
        "Parent Relationship": "Outer",
        "Parallel Aware": false,
        "Startup Cost": 218991.83,
        "Total Cost": 218991.94,
        "Plan Rows": 1,
        "Plan Width": 8,
        "Actual Startup Time": 172.276,
        "Actual Total Time": 186.176,
        "Actual Rows": 2,
        "Actual Loops": 1,
        "Workers Planned": 1,
        "Workers Launched": 1,
        "Single Copy": false,
        "Plans": [
          {
            "Node Type": "Aggregate",
            "Strategy": "Plain",
            "Partial Mode": "Partial",
            "Parent Relationship": "Outer",
            "Parallel Aware": false,
            "Startup Cost": 217991.83,
            "Total Cost": 217991.84,
            "Plan Rows": 1,
            "Plan Width": 8,
            "Actual Startup Time": 166.127,
            "Actual Total Time": 166.131,
            "Actual Rows": 1,
            "Actual Loops": 2,
            "Plans": [
              {
                "Node Type": "Nested Loop",
                "Parent Relationship": "Outer",
                "Parallel Aware": false,
                "Join Type": "Inner",
                "Startup Cost": 58588.13,
                "Total Cost": 217989.84,
                "Plan Rows": 798,
                "Plan Width": 0,
                "Actual Startup Time": 143.566,
                "Actual Total Time": 165.96,
                "Actual Rows": 2745,
                "Actual Loops": 2,
                "Inner Unique": false,
                "Join Filter": "(t.id = mc.movie_id)",
                "Rows Removed by Join Filter": 0,
                "Plans": [
                  {
                    "Node Type": "Hash Join",
                    "Parent Relationship": "Outer",
                    "Parallel Aware": true,
                    "Join Type": "Inner",
                    "Startup Cost": 58587.7,
                    "Total Cost": 216534.33,
                    "Plan Rows": 774,
                    "Plan Width": 8,
                    "Actual Startup Time": 143.501,
                    "Actual Total Time": 157.391,
                    "Actual Rows": 634,
                    "Actual Loops": 2,
                    "Inner Unique": true,
                    "Hash Cond": "(ci.movie_id = t.id)",
                    "Plans": [
                      {
                        "Node Type": "Index Scan",
                        "Parent Relationship": "Outer",
                        "Parallel Aware": true,
                        "Scan Direction": "Forward",
                        "Index Name": "person_id_cast_info",
                        "Relation Name": "cast_info",
                        "Alias": "ci",
                        "Startup Cost": 0.56,
                        "Total Cost": 157812.74,
                        "Plan Rows": 51220,
                        "Plan Width": 4,
                        "Actual Startup Time": 0.092,
                        "Actual Total Time": 7.388,
                        "Actual Rows": 48884,
                        "Actual Loops": 2,
                        "Index Cond": "(person_id > 4046229)",
                        "Rows Removed by Index Recheck": 0
                      },
                      {
                        "Node Type": "Hash",
                        "Parent Relationship": "Inner",
                        "Parallel Aware": true,
                        "Startup Cost": 58306.47,
                        "Total Cost": 58306.47,
                        "Plan Rows": 22453,
                        "Plan Width": 4,
                        "Actual Startup Time": 142.01,
                        "Actual Total Time": 142.011,
                        "Actual Rows": 16126,
                        "Actual Loops": 2,
                        "Hash Buckets": 65536,
                        "Original Hash Buckets": 65536,
                        "Hash Batches": 1,
                        "Original Hash Batches": 1,
                        "Peak Memory Usage": 1792,
                        "Plans": [
                          {
                            "Node Type": "Seq Scan",
                            "Parent Relationship": "Outer",
                            "Parallel Aware": true,
                            "Relation Name": "title",
                            "Alias": "t",
                            "Startup Cost": 0.0,
                            "Total Cost": 58306.47,
                            "Plan Rows": 22453,
                            "Plan Width": 4,
                            "Actual Startup Time": 0.061,
                            "Actual Total Time": 137.486,
                            "Actual Rows": 16126,
                            "Actual Loops": 2,
                            "Filter": "((kind_id < 7) AND (production_year = 2005))",
                            "Rows Removed by Filter": 1248030
                          }
                        ]
                      }
                    ]
                  },
                  {
                    "Node Type": "Index Only Scan",
                    "Parent Relationship": "Inner",
                    "Parallel Aware": false,
                    "Scan Direction": "Forward",
                    "Index Name": "movie_id_movie_companies",
                    "Relation Name": "movie_companies",
                    "Alias": "mc",
                    "Startup Cost": 0.43,
                    "Total Cost": 1.82,
                    "Plan Rows": 5,
                    "Plan Width": 4,
                    "Actual Startup Time": 0.01,
                    "Actual Total Time": 0.013,
                    "Actual Rows": 4,
                    "Actual Loops": 1267,
                    "Index Cond": "(movie_id = ci.movie_id)",
                    "Rows Removed by Index Recheck": 0,
                    "Heap Fetches": 5490
                  }
                ]
              }
            ]
          }
        ]
      }
    ]
  },
  "Planning Time": 1.064,
  "Triggers": [],
  "Execution Time": 186.267
}