[
  {
    "Plan": {
      "Node Type": "Aggregate",
      "Strategy": "Plain",
      "Partial Mode": "Finalize",
      "Parallel Aware": false,
      "Startup Cost": 31222.81,
      "Total Cost": 31222.82,
      "Plan Rows": 1,
      "Plan Width": 8,
      "Actual Startup Time": 109.29,
      "Actual Total Time": 117.138,
      "Actual Rows": 1,
      "Actual Loops": 1,
      "Plans": [
        {
          "Node Type": "Gather",
          "Parent Relationship": "Outer",
          "Parallel Aware": false,
          "Startup Cost": 31222.49,
          "Total Cost": 31222.8,
          "Plan Rows": 3,
          "Plan Width": 8,
          "Actual Startup Time": 109.148,
          "Actual Total Time": 117.127,
          "Actual Rows": 4,
          "Actual Loops": 1,
          "Workers Planned": 3,
          "Workers Launched": 3,
          "Single Copy": false,
          "Plans": [
            {
              "Node Type": "Aggregate",
              "Strategy": "Plain",
              "Partial Mode": "Partial",
              "Parent Relationship": "Outer",
              "Parallel Aware": false,
              "Startup Cost": 30222.49,
              "Total Cost": 30222.5,
              "Plan Rows": 1,
              "Plan Width": 8,
              "Actual Startup Time": 105.309,
              "Actual Total Time": 105.31,
              "Actual Rows": 1,
              "Actual Loops": 4,
              "Plans": [
                {
                  "Node Type": "Seq Scan",
                  "Parent Relationship": "Outer",
                  "Parallel Aware": true,
                  "Relation Name": "movie_companies",
                  "Alias": "mc",
                  "Startup Cost": 0.0,
                  "Total Cost": 29310.68,
                  "Plan Rows": 364724,
                  "Plan Width": 0,
                  "Actual Startup Time": 14.276,
                  "Actual Total Time": 88.5,
                  "Actual Rows": 280786,
                  "Actual Loops": 4,
                  "Filter": "(company_id > 13642)",
                  "Rows Removed by Filter": 371496
                }
              ]
            }
          ]
        }
      ]
    },
    "Planning Time": 0.199,
    "Triggers": [],
    "Execution Time": 117.203
  }
]