[
  {
    "Plan": {
      "Node Type": "Aggregate",
      "Strategy": "Plain",
      "Partial Mode": "Finalize",
      "Parallel Aware": false,
      "Startup Cost": 31214.74,
      "Total Cost": 31214.75,
      "Plan Rows": 1,
      "Plan Width": 8,
      "Actual Startup Time": 100.241,
      "Actual Total Time": 108.58,
      "Actual Rows": 1,
      "Actual Loops": 1,
      "Plans": [
        {
          "Node Type": "Gather",
          "Parent Relationship": "Outer",
          "Parallel Aware": false,
          "Startup Cost": 31214.42,
          "Total Cost": 31214.73,
          "Plan Rows": 3,
          "Plan Width": 8,
          "Actual Startup Time": 100.116,
          "Actual Total Time": 108.572,
          "Actual Rows": 4,
          "Actual Loops": 1,
          "Workers Planned": 3,
          "Workers Launched": 3,
          "Single Copy": false,
          "Plans": [
            {
              "Node Type": "Aggregate",
              "Strategy": "Plain",
              "Partial Mode": "Partial",
              "Parent Relationship": "Outer",
              "Parallel Aware": false,
              "Startup Cost": 30214.42,
              "Total Cost": 30214.43,
              "Plan Rows": 1,
              "Plan Width": 8,
              "Actual Startup Time": 91.737,
              "Actual Total Time": 91.738,
              "Actual Rows": 1,
              "Actual Loops": 4,
              "Plans": [
                {
                  "Node Type": "Seq Scan",
                  "Parent Relationship": "Outer",
                  "Parallel Aware": true,
                  "Relation Name": "movie_companies",
                  "Alias": "mc",
                  "Startup Cost": 0.0,
                  "Total Cost": 29310.68,
                  "Plan Rows": 361496,
                  "Plan Width": 0,
                  "Actual Startup Time": 21.673,
                  "Actual Total Time": 79.678,
                  "Actual Rows": 280786,
                  "Actual Loops": 4,
                  "Filter": "(company_id > 13642)",
                  "Rows Removed by Filter": 371496
                }
              ]
            }
          ]
        }
      ]
    },
    "Planning Time": 0.222,
    "Triggers": [],
    "Execution Time": 108.635
  }
]