[
  {
    "Plan": {
      "Node Type": "Aggregate",
      "Strategy": "Plain",
      "Partial Mode": "Finalize",
      "Parallel Aware": false,
      "Startup Cost": 605659.14,
      "Total Cost": 605659.15,
      "Plan Rows": 1,
      "Plan Width": 8,
      "Actual Startup Time": 3294.059,
      "Actual Total Time": 3372.446,
      "Actual Rows": 1,
      "Actual Loops": 1,
      "Plans": [
        {
          "Node Type": "Gather",
          "Parent Relationship": "Outer",
          "Parallel Aware": false,
          "Startup Cost": 605658.52,
          "Total Cost": 605659.13,
          "Plan Rows": 6,
          "Plan Width": 8,
          "Actual Startup Time": 3277.057,
          "Actual Total Time": 3372.434,
          "Actual Rows": 7,
          "Actual Loops": 1,
          "Workers Planned": 6,
          "Workers Launched": 6,
          "Single Copy": false,
          "Plans": [
            {
              "Node Type": "Aggregate",
              "Strategy": "Plain",
              "Partial Mode": "Partial",
              "Parent Relationship": "Outer",
              "Parallel Aware": false,
              "Startup Cost": 604658.52,
              "Total Cost": 604658.53,
              "Plan Rows": 1,
              "Plan Width": 8,
              "Actual Startup Time": 3260.078,
              "Actual Total Time": 3260.452,
              "Actual Rows": 1,
              "Actual Loops": 7,
              "Plans": [
                {
                  "Node Type": "Hash Join",
                  "Parent Relationship": "Outer",
                  "Parallel Aware": true,
                  "Join Type": "Inner",
                  "Startup Cost": 255975.31,
                  "Total Cost": 598852.69,
                  "Plan Rows": 2322331,
                  "Plan Width": 0,
                  "Actual Startup Time": 1181.533,
                  "Actual Total Time": 2894.386,
                  "Actual Rows": 8879684,
                  "Actual Loops": 7,
                  "Inner Unique": false,
                  "Hash Cond": "(ci.movie_id = t.id)",
                  "Plans": [
                    {
                      "Node Type": "Seq Scan",
                      "Parent Relationship": "Outer",
                      "Parallel Aware": true,
                      "Relation Name": "cast_info",
                      "Alias": "ci",
                      "Startup Cost": 0.0,
                      "Total Cost": 328211.39,
                      "Plan Rows": 2672355,
                      "Plan Width": 4,
                      "Actual Startup Time": 319.266,
                      "Actual Total Time": 634.686,
                      "Actual Rows": 2303098,
                      "Actual Loops": 7,
                      "Filter": "(role_id > 2)",
                      "Rows Removed by Filter": 2874666
                    },
                    {
                      "Node Type": "Hash",
                      "Parent Relationship": "Inner",
                      "Parallel Aware": true,
                      "Startup Cost": 250482.18,
                      "Total Cost": 250482.18,
                      "Plan Rows": 439450,
                      "Plan Width": 8,
                      "Actual Startup Time": 856.605,
                      "Actual Total Time": 856.978,
                      "Actual Rows": 319121,
                      "Actual Loops": 7,
                      "Hash Buckets": 4194304,
                      "Original Hash Buckets": 4194304,
                      "Hash Batches": 1,
                      "Original Hash Batches": 1,
                      "Peak Memory Usage": 120256,
                      "Plans": [
                        {
                          "Node Type": "Hash Join",
                          "Parent Relationship": "Outer",
                          "Parallel Aware": true,
                          "Join Type": "Inner",
                          "Startup Cost": 50220.38,
                          "Total Cost": 250482.18,
                          "Plan Rows": 439450,
                          "Plan Width": 8,
                          "Actual Startup Time": 314.621,
                          "Actual Total Time": 724.516,
                          "Actual Rows": 319121,
                          "Actual Loops": 7,
                          "Inner Unique": true,
                          "Hash Cond": "(mi.movie_id = t.id)",
                          "Plans": [
                            {
                              "Node Type": "Seq Scan",
                              "Parent Relationship": "Outer",
                              "Parallel Aware": true,
                              "Relation Name": "movie_info",
                              "Alias": "mi",
                              "Startup Cost": 0.0,
                              "Total Cost": 199108.24,
                              "Plan Rows": 439450,
                              "Plan Width": 4,
                              "Actual Startup Time": 18.275,
                              "Actual Total Time": 317.149,
                              "Actual Rows": 319121,
                              "Actual Loops": 7,
                              "Filter": "(info_type_id > 16)",
                              "Rows Removed by Filter": 1800267
                            },
                            {
                              "Node Type": "Hash",
                              "Parent Relationship": "Inner",
                              "Parallel Aware": true,
                              "Startup Cost": 42319.06,
                              "Total Cost": 42319.06,
                              "Plan Rows": 632106,
                              "Plan Width": 4,
                              "Actual Startup Time": 291.803,
                              "Actual Total Time": 291.804,
                              "Actual Rows": 361187,
                              "Actual Loops": 7,
                              "Hash Buckets": 4194304,
                              "Original Hash Buckets": 4194304,
                              "Hash Batches": 1,
                              "Original Hash Batches": 1,
                              "Peak Memory Usage": 131808,
                              "Plans": [
                                {
                                  "Node Type": "Seq Scan",
                                  "Parent Relationship": "Outer",
                                  "Parallel Aware": true,
                                  "Relation Name": "title",
                                  "Alias": "t",
                                  "Startup Cost": 0.0,
                                  "Total Cost": 42319.06,
                                  "Plan Rows": 632106,
                                  "Plan Width": 4,
                                  "Actual Startup Time": 0.077,
                                  "Actual Total Time": 84.738,
                                  "Actual Rows": 361187,
                                  "Actual Loops": 7
                                }
                              ]
                            }
                          ]
                        }
                      ]
                    }
                  ]
                }
              ]
            }
          ]
        }
      ]
    },
    "Planning Time": 0.561,
    "Triggers": [],
    "Execution Time": 3372.511
  }
]