[
  {
    "Plan": {
      "Node Type": "Aggregate",
      "Strategy": "Plain",
      "Partial Mode": "Finalize",
      "Parallel Aware": false,
      "Startup Cost": 112478.71,
      "Total Cost": 112478.72,
      "Plan Rows": 1,
      "Plan Width": 8,
      "Actual Startup Time": 637.718,
      "Actual Total Time": 656.432,
      "Actual Rows": 1,
      "Actual Loops": 1,
      "Plans": [
        {
          "Node Type": "Gather",
          "Parent Relationship": "Outer",
          "Parallel Aware": false,
          "Startup Cost": 112478.39,
          "Total Cost": 112478.7,
          "Plan Rows": 3,
          "Plan Width": 8,
          "Actual Startup Time": 629.506,
          "Actual Total Time": 656.409,
          "Actual Rows": 4,
          "Actual Loops": 1,
          "Workers Planned": 3,
          "Workers Launched": 3,
          "Single Copy": false,
          "Plans": [
            {
              "Node Type": "Aggregate",
              "Strategy": "Plain",
              "Partial Mode": "Partial",
              "Parent Relationship": "Outer",
              "Parallel Aware": false,
              "Startup Cost": 111478.39,
              "Total Cost": 111478.4,
              "Plan Rows": 1,
              "Plan Width": 8,
              "Actual Startup Time": 608.399,
              "Actual Total Time": 608.406,
              "Actual Rows": 1,
              "Actual Loops": 4,
              "Plans": [
                {
                  "Node Type": "Hash Join",
                  "Parent Relationship": "Outer",
                  "Parallel Aware": true,
                  "Join Type": "Inner",
                  "Startup Cost": 80732.36,
                  "Total Cost": 111311.04,
                  "Plan Rows": 66939,
                  "Plan Width": 0,
                  "Actual Startup Time": 446.634,
                  "Actual Total Time": 590.518,
                  "Actual Rows": 444029,
                  "Actual Loops": 4,
                  "Inner Unique": false,
                  "Hash Cond": "(mc.movie_id = t.id)",
                  "Plans": [
                    {
                      "Node Type": "Seq Scan",
                      "Parent Relationship": "Outer",
                      "Parallel Aware": true,
                      "Relation Name": "movie_companies",
                      "Alias": "mc",
                      "Startup Cost": 0.0,
                      "Total Cost": 27206.55,
                      "Plan Rows": 841655,
                      "Plan Width": 4,
                      "Actual Startup Time": 0.02,
                      "Actual Total Time": 60.928,
                      "Actual Rows": 652282,
                      "Actual Loops": 4
                    },
                    {
                      "Node Type": "Hash",
                      "Parent Relationship": "Inner",
                      "Parallel Aware": true,
                      "Startup Cost": 79921.55,
                      "Total Cost": 79921.55,
                      "Plan Rows": 64865,
                      "Plan Width": 8,
                      "Actual Startup Time": 420.848,
                      "Actual Total Time": 420.853,
                      "Actual Rows": 49660,
                      "Actual Loops": 4,
                      "Hash Buckets": 262144,
                      "Original Hash Buckets": 262144,
                      "Hash Batches": 1,
                      "Original Hash Batches": 1,
                      "Peak Memory Usage": 9888,
                      "Plans": [
                        {
                          "Node Type": "Hash Join",
                          "Parent Relationship": "Outer",
                          "Parallel Aware": true,
                          "Join Type": "Inner",
                          "Startup Cost": 54486.46,
                          "Total Cost": 79921.55,
                          "Plan Rows": 64865,
                          "Plan Width": 8,
                          "Actual Startup Time": 348.721,
                          "Actual Total Time": 403.444,
                          "Actual Rows": 49660,
                          "Actual Loops": 4,
                          "Inner Unique": true,
                          "Hash Cond": "(mk.movie_id = t.id)",
                          "Plans": [
                            {
                              "Node Type": "Bitmap Heap Scan",
                              "Parent Relationship": "Outer",
                              "Parallel Aware": true,
                              "Relation Name": "movie_keyword",
                              "Alias": "mk",
                              "Startup Cost": 4266.82,
                              "Total Cost": 29531.63,
                              "Plan Rows": 64865,
                              "Plan Width": 4,
                              "Actual Startup Time": 13.587,
                              "Actual Total Time": 49.883,
                              "Actual Rows": 49660,
                              "Actual Loops": 4,
                              "Recheck Cond": "(keyword_id > 69036)",
                              "Rows Removed by Index Recheck": 0,
                              "Exact Heap Blocks": 6510,
                              "Lossy Heap Blocks": 0,
                              "Plans": [
                                {
                                  "Node Type": "Bitmap Index Scan",
                                  "Parent Relationship": "Outer",
                                  "Parallel Aware": false,
                                  "Index Name": "keyword_id_movie_keyword",
                                  "Startup Cost": 0.0,
                                  "Total Cost": 4216.55,
                                  "Plan Rows": 201082,
                                  "Plan Width": 0,
                                  "Actual Startup Time": 10.617,
                                  "Actual Total Time": 10.618,
                                  "Actual Rows": 198641,
                                  "Actual Loops": 1,
                                  "Index Cond": "(keyword_id > 69036)"
                                }
                              ]
                            },
                            {
                              "Node Type": "Hash",
                              "Parent Relationship": "Inner",
                              "Parallel Aware": true,
                              "Startup Cost": 42318.73,
                              "Total Cost": 42318.73,
                              "Plan Rows": 632073,
                              "Plan Width": 4,
                              "Actual Startup Time": 325.758,
                              "Actual Total Time": 325.759,
                              "Actual Rows": 632078,
                              "Actual Loops": 4,
                              "Hash Buckets": 4194304,
                              "Original Hash Buckets": 4194304,
                              "Hash Batches": 1,
                              "Original Hash Batches": 1,
                              "Peak Memory Usage": 131744,
                              "Plans": [
                                {
                                  "Node Type": "Seq Scan",
                                  "Parent Relationship": "Outer",
                                  "Parallel Aware": true,
                                  "Relation Name": "title",
                                  "Alias": "t",
                                  "Startup Cost": 0.0,
                                  "Total Cost": 42318.73,
                                  "Plan Rows": 632073,
                                  "Plan Width": 4,
                                  "Actual Startup Time": 0.034,
                                  "Actual Total Time": 96.64,
                                  "Actual Rows": 632078,
                                  "Actual Loops": 4
                                }
                              ]
                            }
                          ]
                        }
                      ]
                    }
                  ]
                }
              ]
            }
          ]
        }
      ]
    },
    "Planning Time": 1.448,
    "Triggers": [],
    "Execution Time": 656.538
  }
]