[
  {
    "Plan": {
      "Node Type": "Aggregate",
      "Strategy": "Plain",
      "Partial Mode": "Finalize",
      "Parallel Aware": false,
      "Startup Cost": 106953.39,
      "Total Cost": 106953.4,
      "Plan Rows": 1,
      "Plan Width": 8,
      "Actual Startup Time": 473.236,
      "Actual Total Time": 492.178,
      "Actual Rows": 1,
      "Actual Loops": 1,
      "Plans": [
        {
          "Node Type": "Gather",
          "Parent Relationship": "Outer",
          "Parallel Aware": false,
          "Startup Cost": 106953.17,
          "Total Cost": 106953.38,
          "Plan Rows": 2,
          "Plan Width": 8,
          "Actual Startup Time": 472.315,
          "Actual Total Time": 492.168,
          "Actual Rows": 3,
          "Actual Loops": 1,
          "Workers Planned": 2,
          "Workers Launched": 2,
          "Single Copy": false,
          "Plans": [
            {
              "Node Type": "Aggregate",
              "Strategy": "Plain",
              "Partial Mode": "Partial",
              "Parent Relationship": "Outer",
              "Parallel Aware": false,
              "Startup Cost": 105953.17,
              "Total Cost": 105953.18,
              "Plan Rows": 1,
              "Plan Width": 8,
              "Actual Startup Time": 463.86,
              "Actual Total Time": 463.865,
              "Actual Rows": 1,
              "Actual Loops": 3,
              "Plans": [
                {
                  "Node Type": "Hash Join",
                  "Parent Relationship": "Outer",
                  "Parallel Aware": true,
                  "Join Type": "Inner",
                  "Startup Cost": 89913.58,
                  "Total Cost": 105866.66,
                  "Plan Rows": 34605,
                  "Plan Width": 0,
                  "Actual Startup Time": 374.355,
                  "Actual Total Time": 460.321,
                  "Actual Rows": 78733,
                  "Actual Loops": 3,
                  "Inner Unique": false,
                  "Hash Cond": "(mi_idx.movie_id = t.id)",
                  "Plans": [
                    {
                      "Node Type": "Seq Scan",
                      "Parent Relationship": "Outer",
                      "Parallel Aware": true,
                      "Relation Name": "movie_info_idx",
                      "Alias": "mi_idx",
                      "Startup Cost": 0.0,
                      "Total Cost": 13685.15,
                      "Plan Rows": 575015,
                      "Plan Width": 4,
                      "Actual Startup Time": 0.037,
                      "Actual Total Time": 38.526,
                      "Actual Rows": 460012,
                      "Actual Loops": 3
                    },
                    {
                      "Node Type": "Hash",
                      "Parent Relationship": "Inner",
                      "Parallel Aware": true,
                      "Startup Cost": 89300.04,
                      "Total Cost": 89300.04,
                      "Plan Rows": 49083,
                      "Plan Width": 8,
                      "Actual Startup Time": 370.876,
                      "Actual Total Time": 370.88,
                      "Actual Rows": 35435,
                      "Actual Loops": 3,
                      "Hash Buckets": 262144,
                      "Original Hash Buckets": 262144,
                      "Hash Batches": 1,
                      "Original Hash Batches": 1,
                      "Peak Memory Usage": 6240,
                      "Plans": [
                        {
                          "Node Type": "Hash Join",
                          "Parent Relationship": "Outer",
                          "Parallel Aware": true,
                          "Join Type": "Inner",
                          "Startup Cost": 44350.59,
                          "Total Cost": 89300.04,
                          "Plan Rows": 49083,
                          "Plan Width": 8,
                          "Actual Startup Time": 136.99,
                          "Actual Total Time": 362.436,
                          "Actual Rows": 35435,
                          "Actual Loops": 3,
                          "Inner Unique": true,
                          "Hash Cond": "(mk.movie_id = t.id)",
                          "Plans": [
                            {
                              "Node Type": "Seq Scan",
                              "Parent Relationship": "Outer",
                              "Parallel Aware": true,
                              "Relation Name": "movie_keyword",
                              "Alias": "mk",
                              "Startup Cost": 0.0,
                              "Total Cost": 42695.65,
                              "Plan Rows": 858589,
                              "Plan Width": 4,
                              "Actual Startup Time": 0.282,
                              "Actual Total Time": 149.262,
                              "Actual Rows": 884729,
                              "Actual Loops": 3,
                              "Filter": "(keyword_id > 3154)",
                              "Rows Removed by Filter": 623248
                            },
                            {
                              "Node Type": "Hash",
                              "Parent Relationship": "Inner",
                              "Parallel Aware": true,
                              "Startup Cost": 43898.92,
                              "Total Cost": 43898.92,
                              "Plan Rows": 36134,
                              "Plan Width": 4,
                              "Actual Startup Time": 135.329,
                              "Actual Total Time": 135.33,
                              "Actual Rows": 47234,
                              "Actual Loops": 3,
                              "Hash Buckets": 262144,
                              "Original Hash Buckets": 262144,
                              "Hash Batches": 1,
                              "Original Hash Batches": 1,
                              "Peak Memory Usage": 7616,
                              "Plans": [
                                {
                                  "Node Type": "Seq Scan",
                                  "Parent Relationship": "Outer",
                                  "Parallel Aware": true,
                                  "Relation Name": "title",
                                  "Alias": "t",
                                  "Startup Cost": 0.0,
                                  "Total Cost": 43898.92,
                                  "Plan Rows": 36134,
                                  "Plan Width": 4,
                                  "Actual Startup Time": 0.033,
                                  "Actual Total Time": 117.962,
                                  "Actual Rows": 47234,
                                  "Actual Loops": 3,
                                  "Filter": "(production_year = 2010)",
                                  "Rows Removed by Filter": 795536
                                }
                              ]
                            }
                          ]
                        }
                      ]
                    }
                  ]
                }
              ]
            }
          ]
        }
      ]
    },
    "Planning Time": 1.324,
    "Triggers": [],
    "Execution Time": 492.258
  }
]