[
  {
    "Plan": {
      "Node Type": "Aggregate",
      "Strategy": "Plain",
      "Partial Mode": "Finalize",
      "Parallel Aware": false,
      "Startup Cost": 32175.26,
      "Total Cost": 32175.27,
      "Plan Rows": 1,
      "Plan Width": 8,
      "Actual Startup Time": 131.066,
      "Actual Total Time": 139.172,
      "Actual Rows": 1,
      "Actual Loops": 1,
      "Plans": [
        {
          "Node Type": "Gather",
          "Parent Relationship": "Outer",
          "Parallel Aware": false,
          "Startup Cost": 32174.94,
          "Total Cost": 32175.25,
          "Plan Rows": 3,
          "Plan Width": 8,
          "Actual Startup Time": 130.937,
          "Actual Total Time": 139.16,
          "Actual Rows": 4,
          "Actual Loops": 1,
          "Workers Planned": 3,
          "Workers Launched": 3,
          "Single Copy": false,
          "Plans": [
            {
              "Node Type": "Aggregate",
              "Strategy": "Plain",
              "Partial Mode": "Partial",
              "Parent Relationship": "Outer",
              "Parallel Aware": false,
              "Startup Cost": 31174.94,
              "Total Cost": 31174.95,
              "Plan Rows": 1,
              "Plan Width": 8,
              "Actual Startup Time": 122.015,
              "Actual Total Time": 122.018,
              "Actual Rows": 1,
              "Actual Loops": 4,
              "Plans": [
                {
                  "Node Type": "Seq Scan",
                  "Parent Relationship": "Outer",
                  "Parallel Aware": true,
                  "Relation Name": "movie_companies",
                  "Alias": "mc",
                  "Startup Cost": 0.0,
                  "Total Cost": 29310.68,
                  "Plan Rows": 745705,
                  "Plan Width": 0,
                  "Actual Startup Time": 0.03,
                  "Actual Total Time": 91.173,
                  "Actual Rows": 579437,
                  "Actual Loops": 4,
                  "Filter": "(company_id < 94880)",
                  "Rows Removed by Filter": 72845
                }
              ]
            }
          ]
        }
      ]
    },
    "Planning Time": 0.239,
    "Triggers": [],
    "Execution Time": 139.228
  }
]