{
  "Plan": {
    "Node Type": "Aggregate",
    "Strategy": "Plain",
    "Partial Mode": "Finalize",
    "Parallel Aware": false,
    "Startup Cost": 948316.19,
    "Total Cost": 948316.2,
    "Plan Rows": 1,
    "Plan Width": 8,
    "Actual Startup Time": 3291.692,
    "Actual Total Time": 3334.273,
    "Actual Rows": 1,
    "Actual Loops": 1,
    "Plans": [
      {
        "Node Type": "Gather",
        "Parent Relationship": "Outer",
        "Parallel Aware": false,
        "Startup Cost": 948316.08,
        "Total Cost": 948316.19,
        "Plan Rows": 1,
        "Plan Width": 8,
        "Actual Startup Time": 3149.161,
        "Actual Total Time": 3334.255,
        "Actual Rows": 2,
        "Actual Loops": 1,
        "Workers Planned": 1,
        "Workers Launched": 1,
        "Single Copy": false,
        "Plans": [
          {
            "Node Type": "Aggregate",
            "Strategy": "Plain",
            "Partial Mode": "Partial",
            "Parent Relationship": "Outer",
            "Parallel Aware": false,
            "Startup Cost": 947316.08,
            "Total Cost": 947316.09,
            "Plan Rows": 1,
            "Plan Width": 8,
            "Actual Startup Time": 3200.878,
            "Actual Total Time": 3200.89,
            "Actual Rows": 1,
            "Actual Loops": 2,
            "Plans": [
              {
                "Node Type": "Merge Join",
                "Parent Relationship": "Outer",
                "Parallel Aware": false,
                "Join Type": "Inner",
                "Startup Cost": 922561.93,
                "Total Cost": 945621.88,
                "Plan Rows": 677681,
                "Plan Width": 0,
                "Actual Startup Time": 2981.424,
                "Actual Total Time": 3178.221,
                "Actual Rows": 417833,
                "Actual Loops": 2,
                "Inner Unique": false,
                "Merge Cond": "(t.id = mc.movie_id)",
                "Plans": [
                  {
                    "Node Type": "Sort",
                    "Parent Relationship": "Outer",
                    "Parallel Aware": false,
                    "Startup Cost": 810197.81,
                    "Total Cost": 816651.84,
                    "Plan Rows": 2581612,
                    "Plan Width": 8,
                    "Actual Startup Time": 2490.308,
                    "Actual Total Time": 2587.198,
                    "Actual Rows": 964762,
                    "Actual Loops": 2,
                    "Sort Key": [
                      "t.id"
                    ],
                    "Sort Method": "quicksort",
                    "Sort Space Used": 101910,
                    "Sort Space Type": "Memory",
                    "Workers": [
                      {
                        "Worker Number": 0,
                        "Sort Method": "quicksort",
                        "Sort Space Used": 62271,
                        "Sort Space Type": "Memory"
                      }
                    ],
                    "Plans": [
                      {
                        "Node Type": "Hash Join",
                        "Parent Relationship": "Outer",
                        "Parallel Aware": true,
                        "Join Type": "Inner",
                        "Startup Cost": 216730.66,
                        "Total Cost": 535258.18,
                        "Plan Rows": 2581612,
                        "Plan Width": 8,
                        "Actual Startup Time": 1346.782,
                        "Actual Total Time": 2175.403,
                        "Actual Rows": 964824,
                        "Actual Loops": 2,
                        "Inner Unique": true,
                        "Hash Cond": "(ci.movie_id = t.id)",
                        "Plans": [
                          {
                            "Node Type": "Bitmap Heap Scan",
                            "Parent Relationship": "Outer",
                            "Parallel Aware": true,
                            "Relation Name": "cast_info",
                            "Alias": "ci",
                            "Startup Cost": 147269.96,
                            "Total Cost": 459020.74,
                            "Plan Rows": 2581612,
                            "Plan Width": 4,
                            "Actual Startup Time": 723.161,
                            "Actual Total Time": 1042.87,
                            "Actual Rows": 964824,
                            "Actual Loops": 2,
                            "Recheck Cond": "(person_id < 665885)",
                            "Rows Removed by Index Recheck": 0,
                            "Filter": "(role_id > 1)",
                            "Rows Removed by Filter": 2482161,
                            "Exact Heap Blocks": 44997,
                            "Lossy Heap Blocks": 0,
                            "Plans": [
                              {
                                "Node Type": "Bitmap Index Scan",
                                "Parent Relationship": "Outer",
                                "Parallel Aware": false,
                                "Index Name": "person_id_cast_info",
                                "Startup Cost": 0.0,
                                "Total Cost": 146172.78,
                                "Plan Rows": 6693895,
                                "Plan Width": 0,
                                "Actual Startup Time": 435.459,
                                "Actual Total Time": 435.46,
                                "Actual Rows": 6893969,
                                "Actual Loops": 1,
                                "Index Cond": "(person_id < 665885)"
                              }
                            ]
                          },
                          {
                            "Node Type": "Hash",
                            "Parent Relationship": "Inner",
                            "Parallel Aware": true,
                            "Startup Cost": 50870.31,
                            "Total Cost": 50870.31,
                            "Plan Rows": 1487231,
                            "Plan Width": 4,
                            "Actual Startup Time": 601.27,
                            "Actual Total Time": 601.272,
                            "Actual Rows": 1264156,
                            "Actual Loops": 2,
                            "Hash Buckets": 4194304,
                            "Original Hash Buckets": 4194304,
                            "Hash Batches": 1,
                            "Original Hash Batches": 1,
                            "Peak Memory Usage": 131712,
                            "Plans": [
                              {
                                "Node Type": "Seq Scan",
                                "Parent Relationship": "Outer",
                                "Parallel Aware": true,
                                "Relation Name": "title",
                                "Alias": "t",
                                "Startup Cost": 0.0,
                                "Total Cost": 50870.31,
                                "Plan Rows": 1487231,
                                "Plan Width": 4,
                                "Actual Startup Time": 0.03,
                                "Actual Total Time": 191.752,
                                "Actual Rows": 1264156,
                                "Actual Loops": 2
                              }
                            ]
                          }
                        ]
                      }
                    ]
                  },
                  {
                    "Node Type": "Sort",
                    "Parent Relationship": "Inner",
                    "Parallel Aware": false,
                    "Startup Cost": 112363.87,
                    "Total Cost": 114023.08,
                    "Plan Rows": 663684,
                    "Plan Width": 4,
                    "Actual Startup Time": 408.243,
                    "Actual Total Time": 441.837,
                    "Actual Rows": 673725,
                    "Actual Loops": 2,
                    "Sort Key": [
                      "mc.movie_id"
                    ],
                    "Sort Method": "quicksort",
                    "Sort Space Used": 32437,
                    "Sort Space Type": "Memory",
                    "Workers": [
                      {
                        "Worker Number": 0,
                        "Sort Method": "quicksort",
                        "Sort Space Used": 32437,
                        "Sort Space Type": "Memory"
                      }
                    ],
                    "Plans": [
                      {
                        "Node Type": "Index Scan",
                        "Parent Relationship": "Outer",
                        "Parallel Aware": false,
                        "Scan Direction": "Forward",
                        "Index Name": "company_type_id_movie_companies",
                        "Relation Name": "movie_companies",
                        "Alias": "mc",
                        "Startup Cost": 0.43,
                        "Total Cost": 48185.17,
                        "Plan Rows": 663684,
                        "Plan Width": 4,
                        "Actual Startup Time": 67.201,
                        "Actual Total Time": 255.798,
                        "Actual Rows": 429827,
                        "Actual Loops": 2,
                        "Index Cond": "(company_type_id < 2)",
                        "Rows Removed by Index Recheck": 0,
                        "Filter": "(company_id > 11154)",
                        "Rows Removed by Filter": 844419
                      }
                    ]
                  }
                ]
              }
            ]
          }
        ]
      }
    ]
  },
  "Planning Time": 1.176,
  "Triggers": [],
  "Execution Time": 3341.022
}