[
    {
        "Bao": {
            "Bao prediction": "NaN",
            "Bao recommended hint": "(no hint)"
        }
    },
    {
        "Plan": {
            "Node Type": "Aggregate",
            "Strategy": "Plain",
            "Partial Mode": "Finalize",
            "Parallel Aware": false,
            "Startup Cost": 399526.56,
            "Total Cost": 399526.57,
            "Plan Rows": 1,
            "Plan Width": 8,
            "Actual Startup Time": 1140.253,
            "Actual Total Time": 1174.449,
            "Actual Rows": 1,
            "Actual Loops": 1,
            "Output": [
                "count(*)"
            ],
            "Plans": [
                {
                    "Node Type": "Gather",
                    "Parent Relationship": "Outer",
                    "Parallel Aware": false,
                    "Startup Cost": 399525.94,
                    "Total Cost": 399526.55,
                    "Plan Rows": 6,
                    "Plan Width": 8,
                    "Actual Startup Time": 1134.396,
                    "Actual Total Time": 1174.439,
                    "Actual Rows": 7,
                    "Actual Loops": 1,
                    "Output": [
                        "(PARTIAL count(*))"
                    ],
                    "Workers Planned": 6,
                    "Workers Launched": 6,
                    "Single Copy": false,
                    "Plans": [
                        {
                            "Node Type": "Aggregate",
                            "Strategy": "Plain",
                            "Partial Mode": "Partial",
                            "Parent Relationship": "Outer",
                            "Parallel Aware": false,
                            "Startup Cost": 398525.94,
                            "Total Cost": 398525.95,
                            "Plan Rows": 1,
                            "Plan Width": 8,
                            "Actual Startup Time": 1124.59,
                            "Actual Total Time": 1124.593,
                            "Actual Rows": 1,
                            "Actual Loops": 7,
                            "Output": [
                                "PARTIAL count(*)"
                            ],
                            "Workers": [
                                {
                                    "Worker Number": 0,
                                    "Actual Startup Time": 1122.37,
                                    "Actual Total Time": 1122.373,
                                    "Actual Rows": 1,
                                    "Actual Loops": 1
                                },
                                {
                                    "Worker Number": 1,
                                    "Actual Startup Time": 1122.404,
                                    "Actual Total Time": 1122.408,
                                    "Actual Rows": 1,
                                    "Actual Loops": 1
                                },
                                {
                                    "Worker Number": 2,
                                    "Actual Startup Time": 1122.938,
                                    "Actual Total Time": 1122.941,
                                    "Actual Rows": 1,
                                    "Actual Loops": 1
                                },
                                {
                                    "Worker Number": 3,
                                    "Actual Startup Time": 1123.144,
                                    "Actual Total Time": 1123.147,
                                    "Actual Rows": 1,
                                    "Actual Loops": 1
                                },
                                {
                                    "Worker Number": 4,
                                    "Actual Startup Time": 1123.449,
                                    "Actual Total Time": 1123.451,
                                    "Actual Rows": 1,
                                    "Actual Loops": 1
                                },
                                {
                                    "Worker Number": 5,
                                    "Actual Startup Time": 1123.845,
                                    "Actual Total Time": 1123.848,
                                    "Actual Rows": 1,
                                    "Actual Loops": 1
                                }
                            ],
                            "Plans": [
                                {
                                    "Node Type": "Hash Join",
                                    "Parent Relationship": "Outer",
                                    "Parallel Aware": true,
                                    "Join Type": "Inner",
                                    "Startup Cost": 47749.18,
                                    "Total Cost": 396923.73,
                                    "Plan Rows": 640884,
                                    "Plan Width": 0,
                                    "Actual Startup Time": 456.579,
                                    "Actual Total Time": 1106.046,
                                    "Actual Rows": 320771,
                                    "Actual Loops": 7,
                                    "Inner Unique": true,
                                    "Hash Cond": "(ci.movie_id = t.id)",
                                    "Workers": [
                                        {
                                            "Worker Number": 0,
                                            "Actual Startup Time": 454.485,
                                            "Actual Total Time": 1102.694,
                                            "Actual Rows": 269889,
                                            "Actual Loops": 1
                                        },
                                        {
                                            "Worker Number": 1,
                                            "Actual Startup Time": 454.41,
                                            "Actual Total Time": 1102.822,
                                            "Actual Rows": 269070,
                                            "Actual Loops": 1
                                        },
                                        {
                                            "Worker Number": 2,
                                            "Actual Startup Time": 454.314,
                                            "Actual Total Time": 1103.295,
                                            "Actual Rows": 270261,
                                            "Actual Loops": 1
                                        },
                                        {
                                            "Worker Number": 3,
                                            "Actual Startup Time": 455.178,
                                            "Actual Total Time": 1104.517,
                                            "Actual Rows": 254996,
                                            "Actual Loops": 1
                                        },
                                        {
                                            "Worker Number": 4,
                                            "Actual Startup Time": 455.382,
                                            "Actual Total Time": 1106.823,
                                            "Actual Rows": 369319,
                                            "Actual Loops": 1
                                        },
                                        {
                                            "Worker Number": 5,
                                            "Actual Startup Time": 455.72,
                                            "Actual Total Time": 1105.956,
                                            "Actual Rows": 384294,
                                            "Actual Loops": 1
                                        }
                                    ],
                                    "Plans": [
                                        {
                                            "Node Type": "Seq Scan",
                                            "Parent Relationship": "Outer",
                                            "Parallel Aware": true,
                                            "Relation Name": "cast_info",
                                            "Schema": "public",
                                            "Alias": "ci",
                                            "Startup Cost": 0.0,
                                            "Total Cost": 343318.94,
                                            "Plan Rows": 2230702,
                                            "Plan Width": 4,
                                            "Actual Startup Time": 341.683,
                                            "Actual Total Time": 668.856,
                                            "Actual Rows": 1463137,
                                            "Actual Loops": 7,
                                            "Output": [
                                                "ci.id",
                                                "ci.person_id",
                                                "ci.movie_id",
                                                "ci.person_role_id",
                                                "ci.note",
                                                "ci.nr_order",
                                                "ci.role_id"
                                            ],
                                            "Filter": "((ci.person_id < 3056056) AND (ci.role_id > 2))",
                                            "Rows Removed by Filter": 3714626,
                                            "Workers": [
                                                {
                                                    "Worker Number": 0,
                                                    "Actual Startup Time": 341.637,
                                                    "Actual Total Time": 680.469,
                                                    "Actual Rows": 1220048,
                                                    "Actual Loops": 1
                                                },
                                                {
                                                    "Worker Number": 1,
                                                    "Actual Startup Time": 341.639,
                                                    "Actual Total Time": 682.532,
                                                    "Actual Rows": 1227660,
                                                    "Actual Loops": 1
                                                },
                                                {
                                                    "Worker Number": 2,
                                                    "Actual Startup Time": 341.655,
                                                    "Actual Total Time": 683.26,
                                                    "Actual Rows": 1222511,
                                                    "Actual Loops": 1
                                                },
                                                {
                                                    "Worker Number": 3,
                                                    "Actual Startup Time": 341.656,
                                                    "Actual Total Time": 680.898,
                                                    "Actual Rows": 1168259,
                                                    "Actual Loops": 1
                                                },
                                                {
                                                    "Worker Number": 4,
                                                    "Actual Startup Time": 341.69,
                                                    "Actual Total Time": 657.826,
                                                    "Actual Rows": 1663638,
                                                    "Actual Loops": 1
                                                },
                                                {
                                                    "Worker Number": 5,
                                                    "Actual Startup Time": 341.684,
                                                    "Actual Total Time": 659.032,
                                                    "Actual Rows": 1757076,
                                                    "Actual Loops": 1
                                                }
                                            ]
                                        },
                                        {
                                            "Node Type": "Hash",
                                            "Parent Relationship": "Inner",
                                            "Parallel Aware": true,
                                            "Startup Cost": 45479.21,
                                            "Total Cost": 45479.21,
                                            "Plan Rows": 181598,
                                            "Plan Width": 4,
                                            "Actual Startup Time": 112.379,
                                            "Actual Total Time": 112.38,
                                            "Actual Rows": 91204,
                                            "Actual Loops": 7,
                                            "Output": [
                                                "t.id"
                                            ],
                                            "Hash Buckets": 1048576,
                                            "Original Hash Buckets": 1048576,
                                            "Hash Batches": 1,
                                            "Original Hash Batches": 1,
                                            "Peak Memory Usage": 33280,
                                            "Workers": [
                                                {
                                                    "Worker Number": 0,
                                                    "Actual Startup Time": 111.683,
                                                    "Actual Total Time": 111.684,
                                                    "Actual Rows": 71450,
                                                    "Actual Loops": 1
                                                },
                                                {
                                                    "Worker Number": 1,
                                                    "Actual Startup Time": 111.666,
                                                    "Actual Total Time": 111.667,
                                                    "Actual Rows": 71646,
                                                    "Actual Loops": 1
                                                },
                                                {
                                                    "Worker Number": 2,
                                                    "Actual Startup Time": 111.676,
                                                    "Actual Total Time": 111.677,
                                                    "Actual Rows": 71625,
                                                    "Actual Loops": 1
                                                },
                                                {
                                                    "Worker Number": 3,
                                                    "Actual Startup Time": 112.444,
                                                    "Actual Total Time": 112.445,
                                                    "Actual Rows": 70502,
                                                    "Actual Loops": 1
                                                },
                                                {
                                                    "Worker Number": 4,
                                                    "Actual Startup Time": 112.682,
                                                    "Actual Total Time": 112.683,
                                                    "Actual Rows": 94531,
                                                    "Actual Loops": 1
                                                },
                                                {
                                                    "Worker Number": 5,
                                                    "Actual Startup Time": 113.088,
                                                    "Actual Total Time": 113.089,
                                                    "Actual Rows": 100850,
                                                    "Actual Loops": 1
                                                }
                                            ],
                                            "Plans": [
                                                {
                                                    "Node Type": "Seq Scan",
                                                    "Parent Relationship": "Outer",
                                                    "Parallel Aware": true,
                                                    "Relation Name": "title",
                                                    "Schema": "public",
                                                    "Alias": "t",
                                                    "Startup Cost": 0.0,
                                                    "Total Cost": 45479.21,
                                                    "Plan Rows": 181598,
                                                    "Plan Width": 4,
                                                    "Actual Startup Time": 0.042,
                                                    "Actual Total Time": 74.581,
                                                    "Actual Rows": 91204,
                                                    "Actual Loops": 7,
                                                    "Output": [
                                                        "t.id"
                                                    ],
                                                    "Filter": "((t.production_year < 2003) AND (t.kind_id = 7))",
                                                    "Rows Removed by Filter": 269983,
                                                    "Workers": [
                                                        {
                                                            "Worker Number": 0,
                                                            "Actual Startup Time": 0.037,
                                                            "Actual Total Time": 76.246,
                                                            "Actual Rows": 71450,
                                                            "Actual Loops": 1
                                                        },
                                                        {
                                                            "Worker Number": 1,
                                                            "Actual Startup Time": 0.042,
                                                            "Actual Total Time": 76.496,
                                                            "Actual Rows": 71646,
                                                            "Actual Loops": 1
                                                        },
                                                        {
                                                            "Worker Number": 2,
                                                            "Actual Startup Time": 0.073,
                                                            "Actual Total Time": 76.11,
                                                            "Actual Rows": 71625,
                                                            "Actual Loops": 1
                                                        },
                                                        {
                                                            "Worker Number": 3,
                                                            "Actual Startup Time": 0.049,
                                                            "Actual Total Time": 74.807,
                                                            "Actual Rows": 70502,
                                                            "Actual Loops": 1
                                                        },
                                                        {
                                                            "Worker Number": 4,
                                                            "Actual Startup Time": 0.044,
                                                            "Actual Total Time": 73.336,
                                                            "Actual Rows": 94531,
                                                            "Actual Loops": 1
                                                        },
                                                        {
                                                            "Worker Number": 5,
                                                            "Actual Startup Time": 0.035,
                                                            "Actual Total Time": 76.144,
                                                            "Actual Rows": 100850,
                                                            "Actual Loops": 1
                                                        }
                                                    ]
                                                }
                                            ]
                                        }
                                    ]
                                }
                            ]
                        }
                    ]
                }
            ]
        },
        "Planning Time": 178.942,
        "Triggers": [],
        "Execution Time": 1174.518
    }
]