[
    {
        "Bao": {
            "Bao prediction": "NaN",
            "Bao recommended hint": "(no hint)"
        }
    },
    {
        "Plan": {
            "Node Type": "Aggregate",
            "Strategy": "Plain",
            "Partial Mode": "Finalize",
            "Parallel Aware": false,
            "Startup Cost": 116954.83,
            "Total Cost": 116954.84,
            "Plan Rows": 1,
            "Plan Width": 8,
            "Actual Startup Time": 616.843,
            "Actual Total Time": 633.295,
            "Actual Rows": 1,
            "Actual Loops": 1,
            "Output": [
                "count(*)"
            ],
            "Plans": [
                {
                    "Node Type": "Gather",
                    "Parent Relationship": "Outer",
                    "Parallel Aware": false,
                    "Startup Cost": 116954.51,
                    "Total Cost": 116954.82,
                    "Plan Rows": 3,
                    "Plan Width": 8,
                    "Actual Startup Time": 609.53,
                    "Actual Total Time": 633.284,
                    "Actual Rows": 4,
                    "Actual Loops": 1,
                    "Output": [
                        "(PARTIAL count(*))"
                    ],
                    "Workers Planned": 3,
                    "Workers Launched": 3,
                    "Single Copy": false,
                    "Plans": [
                        {
                            "Node Type": "Aggregate",
                            "Strategy": "Plain",
                            "Partial Mode": "Partial",
                            "Parent Relationship": "Outer",
                            "Parallel Aware": false,
                            "Startup Cost": 115954.51,
                            "Total Cost": 115954.52,
                            "Plan Rows": 1,
                            "Plan Width": 8,
                            "Actual Startup Time": 601.006,
                            "Actual Total Time": 601.489,
                            "Actual Rows": 1,
                            "Actual Loops": 4,
                            "Output": [
                                "PARTIAL count(*)"
                            ],
                            "Workers": [
                                {
                                    "Worker Number": 0,
                                    "Actual Startup Time": 597.756,
                                    "Actual Total Time": 597.762,
                                    "Actual Rows": 1,
                                    "Actual Loops": 1
                                },
                                {
                                    "Worker Number": 1,
                                    "Actual Startup Time": 598.658,
                                    "Actual Total Time": 598.663,
                                    "Actual Rows": 1,
                                    "Actual Loops": 1
                                },
                                {
                                    "Worker Number": 2,
                                    "Actual Startup Time": 598.456,
                                    "Actual Total Time": 598.462,
                                    "Actual Rows": 1,
                                    "Actual Loops": 1
                                }
                            ],
                            "Plans": [
                                {
                                    "Node Type": "Hash Join",
                                    "Parent Relationship": "Outer",
                                    "Parallel Aware": true,
                                    "Join Type": "Inner",
                                    "Startup Cost": 68633.38,
                                    "Total Cost": 114904.02,
                                    "Plan Rows": 420197,
                                    "Plan Width": 0,
                                    "Actual Startup Time": 378.851,
                                    "Actual Total Time": 589.718,
                                    "Actual Rows": 266195,
                                    "Actual Loops": 4,
                                    "Inner Unique": false,
                                    "Hash Cond": "(mk.movie_id = t.id)",
                                    "Workers": [
                                        {
                                            "Worker Number": 0,
                                            "Actual Startup Time": 375.752,
                                            "Actual Total Time": 586.103,
                                            "Actual Rows": 287790,
                                            "Actual Loops": 1
                                        },
                                        {
                                            "Worker Number": 1,
                                            "Actual Startup Time": 376.001,
                                            "Actual Total Time": 587.058,
                                            "Actual Rows": 287382,
                                            "Actual Loops": 1
                                        },
                                        {
                                            "Worker Number": 2,
                                            "Actual Startup Time": 376.45,
                                            "Actual Total Time": 586.833,
                                            "Actual Rows": 289653,
                                            "Actual Loops": 1
                                        }
                                    ],
                                    "Plans": [
                                        {
                                            "Node Type": "Seq Scan",
                                            "Parent Relationship": "Outer",
                                            "Parallel Aware": true,
                                            "Relation Name": "movie_keyword",
                                            "Schema": "public",
                                            "Alias": "mk",
                                            "Startup Cost": 0.0,
                                            "Total Cost": 39047.32,
                                            "Plan Rows": 1459332,
                                            "Plan Width": 4,
                                            "Actual Startup Time": 0.011,
                                            "Actual Total Time": 91.641,
                                            "Actual Rows": 1130982,
                                            "Actual Loops": 4,
                                            "Output": [
                                                "mk.id",
                                                "mk.movie_id",
                                                "mk.keyword_id"
                                            ],
                                            "Workers": [
                                                {
                                                    "Worker Number": 0,
                                                    "Actual Startup Time": 0.011,
                                                    "Actual Total Time": 93.599,
                                                    "Actual Rows": 1224515,
                                                    "Actual Loops": 1
                                                },
                                                {
                                                    "Worker Number": 1,
                                                    "Actual Startup Time": 0.01,
                                                    "Actual Total Time": 93.925,
                                                    "Actual Rows": 1201700,
                                                    "Actual Loops": 1
                                                },
                                                {
                                                    "Worker Number": 2,
                                                    "Actual Startup Time": 0.01,
                                                    "Actual Total Time": 93.526,
                                                    "Actual Rows": 1219890,
                                                    "Actual Loops": 1
                                                }
                                            ]
                                        },
                                        {
                                            "Node Type": "Hash",
                                            "Parent Relationship": "Inner",
                                            "Parallel Aware": true,
                                            "Startup Cost": 64841.72,
                                            "Total Cost": 64841.72,
                                            "Plan Rows": 303333,
                                            "Plan Width": 8,
                                            "Actual Startup Time": 375.501,
                                            "Actual Total Time": 375.983,
                                            "Actual Rows": 102763,
                                            "Actual Loops": 4,
                                            "Output": [
                                                "t.id",
                                                "mi_idx.movie_id"
                                            ],
                                            "Hash Buckets": 1048576,
                                            "Original Hash Buckets": 1048576,
                                            "Hash Batches": 1,
                                            "Original Hash Batches": 1,
                                            "Peak Memory Usage": 24352,
                                            "Workers": [
                                                {
                                                    "Worker Number": 0,
                                                    "Actual Startup Time": 375.008,
                                                    "Actual Total Time": 375.012,
                                                    "Actual Rows": 110530,
                                                    "Actual Loops": 1
                                                },
                                                {
                                                    "Worker Number": 1,
                                                    "Actual Startup Time": 375.066,
                                                    "Actual Total Time": 375.07,
                                                    "Actual Rows": 108953,
                                                    "Actual Loops": 1
                                                },
                                                {
                                                    "Worker Number": 2,
                                                    "Actual Startup Time": 375.687,
                                                    "Actual Total Time": 375.692,
                                                    "Actual Rows": 110856,
                                                    "Actual Loops": 1
                                                }
                                            ],
                                            "Plans": [
                                                {
                                                    "Node Type": "Hash Join",
                                                    "Parent Relationship": "Outer",
                                                    "Parallel Aware": true,
                                                    "Join Type": "Inner",
                                                    "Startup Cost": 49647.16,
                                                    "Total Cost": 64841.72,
                                                    "Plan Rows": 303333,
                                                    "Plan Width": 8,
                                                    "Actual Startup Time": 249.674,
                                                    "Actual Total Time": 350.19,
                                                    "Actual Rows": 102763,
                                                    "Actual Loops": 4,
                                                    "Output": [
                                                        "t.id",
                                                        "mi_idx.movie_id"
                                                    ],
                                                    "Inner Unique": true,
                                                    "Hash Cond": "(mi_idx.movie_id = t.id)",
                                                    "Workers": [
                                                        {
                                                            "Worker Number": 0,
                                                            "Actual Startup Time": 249.211,
                                                            "Actual Total Time": 349.124,
                                                            "Actual Rows": 110530,
                                                            "Actual Loops": 1
                                                        },
                                                        {
                                                            "Worker Number": 1,
                                                            "Actual Startup Time": 249.265,
                                                            "Actual Total Time": 349.627,
                                                            "Actual Rows": 108953,
                                                            "Actual Loops": 1
                                                        },
                                                        {
                                                            "Worker Number": 2,
                                                            "Actual Startup Time": 249.775,
                                                            "Actual Total Time": 349.794,
                                                            "Actual Rows": 110856,
                                                            "Actual Loops": 1
                                                        }
                                                    ],
                                                    "Plans": [
                                                        {
                                                            "Node Type": "Seq Scan",
                                                            "Parent Relationship": "Outer",
                                                            "Parallel Aware": true,
                                                            "Relation Name": "movie_info_idx",
                                                            "Schema": "public",
                                                            "Alias": "mi_idx",
                                                            "Startup Cost": 0.0,
                                                            "Total Cost": 13685.15,
                                                            "Plan Rows": 575015,
                                                            "Plan Width": 4,
                                                            "Actual Startup Time": 0.021,
                                                            "Actual Total Time": 30.16,
                                                            "Actual Rows": 345009,
                                                            "Actual Loops": 4,
                                                            "Output": [
                                                                "mi_idx.id",
                                                                "mi_idx.movie_id",
                                                                "mi_idx.info_type_id",
                                                                "mi_idx.info",
                                                                "mi_idx.note"
                                                            ],
                                                            "Workers": [
                                                                {
                                                                    "Worker Number": 0,
                                                                    "Actual Startup Time": 0.028,
                                                                    "Actual Total Time": 30.911,
                                                                    "Actual Rows": 367151,
                                                                    "Actual Loops": 1
                                                                },
                                                                {
                                                                    "Worker Number": 1,
                                                                    "Actual Startup Time": 0.022,
                                                                    "Actual Total Time": 30.575,
                                                                    "Actual Rows": 363459,
                                                                    "Actual Loops": 1
                                                                },
                                                                {
                                                                    "Worker Number": 2,
                                                                    "Actual Startup Time": 0.025,
                                                                    "Actual Total Time": 30.662,
                                                                    "Actual Rows": 363684,
                                                                    "Actual Loops": 1
                                                                }
                                                            ]
                                                        },
                                                        {
                                                            "Node Type": "Hash",
                                                            "Parent Relationship": "Inner",
                                                            "Parallel Aware": true,
                                                            "Startup Cost": 45479.21,
                                                            "Total Cost": 45479.21,
                                                            "Plan Rows": 333436,
                                                            "Plan Width": 4,
                                                            "Actual Startup Time": 245.368,
                                                            "Actual Total Time": 245.369,
                                                            "Actual Rows": 356254,
                                                            "Actual Loops": 4,
                                                            "Output": [
                                                                "t.id"
                                                            ],
                                                            "Hash Buckets": 2097152,
                                                            "Original Hash Buckets": 2097152,
                                                            "Hash Batches": 1,
                                                            "Original Hash Batches": 1,
                                                            "Peak Memory Usage": 72224,
                                                            "Workers": [
                                                                {
                                                                    "Worker Number": 0,
                                                                    "Actual Startup Time": 248.966,
                                                                    "Actual Total Time": 248.967,
                                                                    "Actual Rows": 363614,
                                                                    "Actual Loops": 1
                                                                },
                                                                {
                                                                    "Worker Number": 1,
                                                                    "Actual Startup Time": 249.15,
                                                                    "Actual Total Time": 249.152,
                                                                    "Actual Rows": 359394,
                                                                    "Actual Loops": 1
                                                                },
                                                                {
                                                                    "Worker Number": 2,
                                                                    "Actual Startup Time": 249.638,
                                                                    "Actual Total Time": 249.639,
                                                                    "Actual Rows": 360782,
                                                                    "Actual Loops": 1
                                                                }
                                                            ],
                                                            "Plans": [
                                                                {
                                                                    "Node Type": "Seq Scan",
                                                                    "Parent Relationship": "Outer",
                                                                    "Parallel Aware": true,
                                                                    "Relation Name": "title",
                                                                    "Schema": "public",
                                                                    "Alias": "t",
                                                                    "Startup Cost": 0.0,
                                                                    "Total Cost": 45479.21,
                                                                    "Plan Rows": 333436,
                                                                    "Plan Width": 4,
                                                                    "Actual Startup Time": 0.052,
                                                                    "Actual Total Time": 106.282,
                                                                    "Actual Rows": 356254,
                                                                    "Actual Loops": 4,
                                                                    "Output": [
                                                                        "t.id"
                                                                    ],
                                                                    "Filter": "((t.production_year > 1960) AND (t.kind_id = 7))",
                                                                    "Rows Removed by Filter": 275824,
                                                                    "Workers": [
                                                                        {
                                                                            "Worker Number": 0,
                                                                            "Actual Startup Time": 0.064,
                                                                            "Actual Total Time": 107.466,
                                                                            "Actual Rows": 363614,
                                                                            "Actual Loops": 1
                                                                        },
                                                                        {
                                                                            "Worker Number": 1,
                                                                            "Actual Startup Time": 0.069,
                                                                            "Actual Total Time": 107.713,
                                                                            "Actual Rows": 359394,
                                                                            "Actual Loops": 1
                                                                        },
                                                                        {
                                                                            "Worker Number": 2,
                                                                            "Actual Startup Time": 0.061,
                                                                            "Actual Total Time": 106.698,
                                                                            "Actual Rows": 360782,
                                                                            "Actual Loops": 1
                                                                        }
                                                                    ]
                                                                }
                                                            ]
                                                        }
                                                    ]
                                                }
                                            ]
                                        }
                                    ]
                                }
                            ]
                        }
                    ]
                }
            ]
        },
        "Planning Time": 278.626,
        "Triggers": [],
        "Execution Time": 633.364
    }
]