{
  "Plan": {
    "Node Type": "Hash Join",
    "Parallel Aware": false,
    "Join Type": "Inner",
    "Startup Cost": 13979.24,
    "Total Cost": 36743.46,
    "Plan Rows": 262758,
    "Plan Width": 4,
    "Actual Startup Time": 75.355,
    "Actual Total Time": 153.622,
    "Actual Rows": 259406,
    "Actual Loops": 1,
    "Inner Unique": true,
    "Hash Cond": "(mc.company_id = cn.id)",
    "Plans": [
      {
        "Node Type": "Bitmap Heap Scan",
        "Parent Relationship": "Outer",
        "Parallel Aware": false,
        "Relation Name": "movie_companies",
        "Alias": "mc",
        "Startup Cost": 5696.8,
        "Total Cost": 27771.28,
        "Plan Rows": 262758,
        "Plan Width": 4,
        "Actual Startup Time": 11.879,
        "Actual Total Time": 55.672,
        "Actual Rows": 259406,
        "Actual Loops": 1,
        "Recheck Cond": "(company_id < 133)",
        "Rows Removed by Index Recheck": 0,
        "Exact Heap Blocks": 17059,
        "Lossy Heap Blocks": 0,
        "Plans": [
          {
            "Node Type": "Bitmap Index Scan",
            "Parent Relationship": "Outer",
            "Parallel Aware": false,
            "Index Name": "company_id_movie_companies",
            "Startup Cost": 0.0,
            "Total Cost": 5631.11,
            "Plan Rows": 262758,
            "Plan Width": 0,
            "Actual Startup Time": 9.816,
            "Actual Total Time": 9.816,
            "Actual Rows": 259406,
            "Actual Loops": 1,
            "Index Cond": "(company_id < 133)"
          }
        ]
      },
      {
        "Node Type": "Hash",
        "Parent Relationship": "Inner",
        "Parallel Aware": false,
        "Startup Cost": 5344.97,
        "Total Cost": 5344.97,
        "Plan Rows": 234997,
        "Plan Width": 4,
        "Actual Startup Time": 63.084,
        "Actual Total Time": 63.085,
        "Actual Rows": 234997,
        "Actual Loops": 1,
        "Hash Buckets": 262144,
        "Original Hash Buckets": 262144,
        "Hash Batches": 1,
        "Original Hash Batches": 1,
        "Peak Memory Usage": 10310,
        "Plans": [
          {
            "Node Type": "Seq Scan",
            "Parent Relationship": "Outer",
            "Parallel Aware": false,
            "Relation Name": "company_name",
            "Alias": "cn",
            "Startup Cost": 0.0,
            "Total Cost": 5344.97,
            "Plan Rows": 234997,
            "Plan Width": 4,
            "Actual Startup Time": 0.02,
            "Actual Total Time": 30.709,
            "Actual Rows": 234997,
            "Actual Loops": 1
          }
        ]
      }
    ]
  },
  "Planning Time": 0.273,
  "Triggers": [],
  "Execution Time": 161.158
}