[
  {
    "Plan": {
      "Node Type": "Aggregate",
      "Strategy": "Plain",
      "Partial Mode": "Finalize",
      "Parallel Aware": false,
      "Startup Cost": 86239.22,
      "Total Cost": 86239.23,
      "Plan Rows": 1,
      "Plan Width": 8,
      "Actual Startup Time": 481.557,
      "Actual Total Time": 498.05,
      "Actual Rows": 1,
      "Actual Loops": 1,
      "Plans": [
        {
          "Node Type": "Gather",
          "Parent Relationship": "Outer",
          "Parallel Aware": false,
          "Startup Cost": 86238.91,
          "Total Cost": 86239.22,
          "Plan Rows": 3,
          "Plan Width": 8,
          "Actual Startup Time": 473.568,
          "Actual Total Time": 498.041,
          "Actual Rows": 4,
          "Actual Loops": 1,
          "Workers Planned": 3,
          "Workers Launched": 3,
          "Single Copy": false,
          "Plans": [
            {
              "Node Type": "Aggregate",
              "Strategy": "Plain",
              "Partial Mode": "Partial",
              "Parent Relationship": "Outer",
              "Parallel Aware": false,
              "Startup Cost": 85238.91,
              "Total Cost": 85238.92,
              "Plan Rows": 1,
              "Plan Width": 8,
              "Actual Startup Time": 454.83,
              "Actual Total Time": 454.834,
              "Actual Rows": 1,
              "Actual Loops": 4,
              "Plans": [
                {
                  "Node Type": "Hash Join",
                  "Parent Relationship": "Outer",
                  "Parallel Aware": true,
                  "Join Type": "Inner",
                  "Startup Cost": 58551.91,
                  "Total Cost": 84922.17,
                  "Plan Rows": 126695,
                  "Plan Width": 0,
                  "Actual Startup Time": 369.63,
                  "Actual Total Time": 450.391,
                  "Actual Rows": 95277,
                  "Actual Loops": 4,
                  "Inner Unique": true,
                  "Hash Cond": "(mk.movie_id = t.id)",
                  "Plans": [
                    {
                      "Node Type": "Bitmap Heap Scan",
                      "Parent Relationship": "Outer",
                      "Parallel Aware": true,
                      "Relation Name": "movie_keyword",
                      "Alias": "mk",
                      "Startup Cost": 8332.27,
                      "Total Cost": 34369.95,
                      "Plan Rows": 126695,
                      "Plan Width": 4,
                      "Actual Startup Time": 23.204,
                      "Actual Total Time": 71.265,
                      "Actual Rows": 95277,
                      "Actual Loops": 4,
                      "Recheck Cond": "(keyword_id > 44849)",
                      "Rows Removed by Index Recheck": 0,
                      "Exact Heap Blocks": 7514,
                      "Lossy Heap Blocks": 0,
                      "Plans": [
                        {
                          "Node Type": "Bitmap Index Scan",
                          "Parent Relationship": "Outer",
                          "Parallel Aware": false,
                          "Index Name": "keyword_id_movie_keyword",
                          "Startup Cost": 0.0,
                          "Total Cost": 8234.08,
                          "Plan Rows": 392753,
                          "Plan Width": 0,
                          "Actual Startup Time": 19.82,
                          "Actual Total Time": 19.82,
                          "Actual Rows": 381107,
                          "Actual Loops": 1,
                          "Index Cond": "(keyword_id > 44849)"
                        }
                      ]
                    },
                    {
                      "Node Type": "Hash",
                      "Parent Relationship": "Inner",
                      "Parallel Aware": true,
                      "Startup Cost": 42318.73,
                      "Total Cost": 42318.73,
                      "Plan Rows": 632073,
                      "Plan Width": 4,
                      "Actual Startup Time": 334.88,
                      "Actual Total Time": 334.881,
                      "Actual Rows": 632078,
                      "Actual Loops": 4,
                      "Hash Buckets": 4194304,
                      "Original Hash Buckets": 4194304,
                      "Hash Batches": 1,
                      "Original Hash Batches": 1,
                      "Peak Memory Usage": 131744,
                      "Plans": [
                        {
                          "Node Type": "Seq Scan",
                          "Parent Relationship": "Outer",
                          "Parallel Aware": true,
                          "Relation Name": "title",
                          "Alias": "t",
                          "Startup Cost": 0.0,
                          "Total Cost": 42318.73,
                          "Plan Rows": 632073,
                          "Plan Width": 4,
                          "Actual Startup Time": 0.053,
                          "Actual Total Time": 96.484,
                          "Actual Rows": 632078,
                          "Actual Loops": 4
                        }
                      ]
                    }
                  ]
                }
              ]
            }
          ]
        }
      ]
    },
    "Planning Time": 0.584,
    "Triggers": [],
    "Execution Time": 498.136
  }
]