[
  {
    "Plan": {
      "Node Type": "Aggregate",
      "Strategy": "Plain",
      "Partial Mode": "Finalize",
      "Parallel Aware": false,
      "Startup Cost": 46414.58,
      "Total Cost": 46414.59,
      "Plan Rows": 1,
      "Plan Width": 8,
      "Actual Startup Time": 157.91,
      "Actual Total Time": 165.274,
      "Actual Rows": 1,
      "Actual Loops": 1,
      "Plans": [
        {
          "Node Type": "Gather",
          "Parent Relationship": "Outer",
          "Parallel Aware": false,
          "Startup Cost": 46414.26,
          "Total Cost": 46414.57,
          "Plan Rows": 3,
          "Plan Width": 8,
          "Actual Startup Time": 157.771,
          "Actual Total Time": 165.265,
          "Actual Rows": 4,
          "Actual Loops": 1,
          "Workers Planned": 3,
          "Workers Launched": 3,
          "Single Copy": false,
          "Plans": [
            {
              "Node Type": "Aggregate",
              "Strategy": "Plain",
              "Partial Mode": "Partial",
              "Parent Relationship": "Outer",
              "Parallel Aware": false,
              "Startup Cost": 45414.26,
              "Total Cost": 45414.27,
              "Plan Rows": 1,
              "Plan Width": 8,
              "Actual Startup Time": 151.104,
              "Actual Total Time": 151.106,
              "Actual Rows": 1,
              "Actual Loops": 4,
              "Plans": [
                {
                  "Node Type": "Seq Scan",
                  "Parent Relationship": "Outer",
                  "Parallel Aware": true,
                  "Relation Name": "movie_keyword",
                  "Alias": "mk",
                  "Startup Cost": 0.0,
                  "Total Cost": 42695.65,
                  "Plan Rows": 1087443,
                  "Plan Width": 0,
                  "Actual Startup Time": 0.045,
                  "Actual Total Time": 114.426,
                  "Actual Rows": 840112,
                  "Actual Loops": 4,
                  "Filter": "(keyword_id < 16109)",
                  "Rows Removed by Filter": 290870
                }
              ]
            }
          ]
        }
      ]
    },
    "Planning Time": 0.164,
    "Triggers": [],
    "Execution Time": 165.319
  }
]