{
  "Plan": {
    "Node Type": "Aggregate",
    "Strategy": "Plain",
    "Partial Mode": "Finalize",
    "Parallel Aware": false,
    "Startup Cost": 99653.4,
    "Total Cost": 99653.41,
    "Plan Rows": 1,
    "Plan Width": 8,
    "Actual Startup Time": 685.588,
    "Actual Total Time": 705.932,
    "Actual Rows": 1,
    "Actual Loops": 1,
    "Plans": [
      {
        "Node Type": "Gather",
        "Parent Relationship": "Outer",
        "Parallel Aware": false,
        "Startup Cost": 99653.29,
        "Total Cost": 99653.4,
        "Plan Rows": 1,
        "Plan Width": 8,
        "Actual Startup Time": 680.513,
        "Actual Total Time": 705.925,
        "Actual Rows": 2,
        "Actual Loops": 1,
        "Workers Planned": 1,
        "Workers Launched": 1,
        "Single Copy": false,
        "Plans": [
          {
            "Node Type": "Aggregate",
            "Strategy": "Plain",
            "Partial Mode": "Partial",
            "Parent Relationship": "Outer",
            "Parallel Aware": false,
            "Startup Cost": 98653.29,
            "Total Cost": 98653.3,
            "Plan Rows": 1,
            "Plan Width": 8,
            "Actual Startup Time": 671.92,
            "Actual Total Time": 671.924,
            "Actual Rows": 1,
            "Actual Loops": 2,
            "Plans": [
              {
                "Node Type": "Hash Join",
                "Parent Relationship": "Outer",
                "Parallel Aware": true,
                "Join Type": "Inner",
                "Startup Cost": 72643.85,
                "Total Cost": 98432.66,
                "Plan Rows": 88252,
                "Plan Width": 0,
                "Actual Startup Time": 579.852,
                "Actual Total Time": 668.015,
                "Actual Rows": 81904,
                "Actual Loops": 2,
                "Inner Unique": true,
                "Hash Cond": "(mk.movie_id = t.id)",
                "Plans": [
                  {
                    "Node Type": "Bitmap Heap Scan",
                    "Parent Relationship": "Outer",
                    "Parallel Aware": true,
                    "Relation Name": "movie_keyword",
                    "Alias": "mk",
                    "Startup Cost": 3183.15,
                    "Total Cost": 28740.3,
                    "Plan Rows": 88252,
                    "Plan Width": 4,
                    "Actual Startup Time": 13.042,
                    "Actual Total Time": 61.557,
                    "Actual Rows": 81904,
                    "Actual Loops": 2,
                    "Recheck Cond": "(keyword_id < 121)",
                    "Rows Removed by Index Recheck": 0,
                    "Exact Heap Blocks": 13980,
                    "Lossy Heap Blocks": 0,
                    "Plans": [
                      {
                        "Node Type": "Bitmap Index Scan",
                        "Parent Relationship": "Outer",
                        "Parallel Aware": false,
                        "Index Name": "keyword_id_movie_keyword",
                        "Startup Cost": 0.0,
                        "Total Cost": 3145.64,
                        "Plan Rows": 150028,
                        "Plan Width": 0,
                        "Actual Startup Time": 9.671,
                        "Actual Total Time": 9.672,
                        "Actual Rows": 163809,
                        "Actual Loops": 1,
                        "Index Cond": "(keyword_id < 121)"
                      }
                    ]
                  },
                  {
                    "Node Type": "Hash",
                    "Parent Relationship": "Inner",
                    "Parallel Aware": true,
                    "Startup Cost": 50870.31,
                    "Total Cost": 50870.31,
                    "Plan Rows": 1487231,
                    "Plan Width": 4,
                    "Actual Startup Time": 549.562,
                    "Actual Total Time": 549.562,
                    "Actual Rows": 1264156,
                    "Actual Loops": 2,
                    "Hash Buckets": 4194304,
                    "Original Hash Buckets": 4194304,
                    "Hash Batches": 1,
                    "Original Hash Batches": 1,
                    "Peak Memory Usage": 131712,
                    "Plans": [
                      {
                        "Node Type": "Seq Scan",
                        "Parent Relationship": "Outer",
                        "Parallel Aware": true,
                        "Relation Name": "title",
                        "Alias": "t",
                        "Startup Cost": 0.0,
                        "Total Cost": 50870.31,
                        "Plan Rows": 1487231,
                        "Plan Width": 4,
                        "Actual Startup Time": 0.029,
                        "Actual Total Time": 153.544,
                        "Actual Rows": 1264156,
                        "Actual Loops": 2
                      }
                    ]
                  }
                ]
              }
            ]
          }
        ]
      }
    ]
  },
  "Planning Time": 0.401,
  "Triggers": [],
  "Execution Time": 705.99
}