[
  {
    "Plan": {
      "Node Type": "Aggregate",
      "Strategy": "Plain",
      "Partial Mode": "Finalize",
      "Parallel Aware": false,
      "Startup Cost": 42397.84,
      "Total Cost": 42397.85,
      "Plan Rows": 1,
      "Plan Width": 8,
      "Actual Startup Time": 125.16,
      "Actual Total Time": 133.867,
      "Actual Rows": 1,
      "Actual Loops": 1,
      "Plans": [
        {
          "Node Type": "Gather",
          "Parent Relationship": "Outer",
          "Parallel Aware": false,
          "Startup Cost": 42397.53,
          "Total Cost": 42397.84,
          "Plan Rows": 3,
          "Plan Width": 8,
          "Actual Startup Time": 124.842,
          "Actual Total Time": 133.856,
          "Actual Rows": 4,
          "Actual Loops": 1,
          "Workers Planned": 3,
          "Workers Launched": 3,
          "Single Copy": false,
          "Plans": [
            {
              "Node Type": "Aggregate",
              "Strategy": "Plain",
              "Partial Mode": "Partial",
              "Parent Relationship": "Outer",
              "Parallel Aware": false,
              "Startup Cost": 41397.53,
              "Total Cost": 41397.54,
              "Plan Rows": 1,
              "Plan Width": 8,
              "Actual Startup Time": 121.118,
              "Actual Total Time": 121.12,
              "Actual Rows": 1,
              "Actual Loops": 4,
              "Plans": [
                {
                  "Node Type": "Bitmap Heap Scan",
                  "Parent Relationship": "Outer",
                  "Parallel Aware": true,
                  "Relation Name": "movie_keyword",
                  "Alias": "mk",
                  "Startup Cost": 13796.66,
                  "Total Cost": 40873.05,
                  "Plan Rows": 209791,
                  "Plan Width": 0,
                  "Actual Startup Time": 39.771,
                  "Actual Total Time": 112.377,
                  "Actual Rows": 163849,
                  "Actual Loops": 4,
                  "Recheck Cond": "(keyword_id > 28670)",
                  "Rows Removed by Index Recheck": 0,
                  "Exact Heap Blocks": 10121,
                  "Lossy Heap Blocks": 0,
                  "Plans": [
                    {
                      "Node Type": "Bitmap Index Scan",
                      "Parent Relationship": "Outer",
                      "Parallel Aware": false,
                      "Index Name": "keyword_id_movie_keyword",
                      "Startup Cost": 0.0,
                      "Total Cost": 13634.07,
                      "Plan Rows": 650352,
                      "Plan Width": 0,
                      "Actual Startup Time": 39.493,
                      "Actual Total Time": 39.493,
                      "Actual Rows": 655395,
                      "Actual Loops": 1,
                      "Index Cond": "(keyword_id > 28670)"
                    }
                  ]
                }
              ]
            }
          ]
        }
      ]
    },
    "Planning Time": 0.097,
    "Triggers": [],
    "Execution Time": 133.91
  }
]