{
  "Plan": {
    "Node Type": "Aggregate",
    "Strategy": "Plain",
    "Partial Mode": "Simple",
    "Parallel Aware": false,
    "Startup Cost": 3344.34,
    "Total Cost": 3344.35,
    "Plan Rows": 1,
    "Plan Width": 8,
    "Actual Startup Time": 10.974,
    "Actual Total Time": 10.976,
    "Actual Rows": 1,
    "Actual Loops": 1,
    "Plans": [
      {
        "Node Type": "Nested Loop",
        "Parent Relationship": "Outer",
        "Parallel Aware": false,
        "Join Type": "Inner",
        "Startup Cost": 7.35,
        "Total Cost": 3340.19,
        "Plan Rows": 1662,
        "Plan Width": 0,
        "Actual Startup Time": 0.319,
        "Actual Total Time": 10.639,
        "Actual Rows": 3231,
        "Actual Loops": 1,
        "Inner Unique": false,
        "Plans": [
          {
            "Node Type": "Nested Loop",
            "Parent Relationship": "Outer",
            "Parallel Aware": false,
            "Join Type": "Inner",
            "Startup Cost": 6.78,
            "Total Cost": 3006.58,
            "Plan Rows": 116,
            "Plan Width": 8,
            "Actual Startup Time": 0.296,
            "Actual Total Time": 1.591,
            "Actual Rows": 52,
            "Actual Loops": 1,
            "Inner Unique": true,
            "Plans": [
              {
                "Node Type": "Bitmap Heap Scan",
                "Parent Relationship": "Outer",
                "Parallel Aware": false,
                "Relation Name": "movie_keyword",
                "Alias": "mk",
                "Startup Cost": 6.35,
                "Total Cost": 922.98,
                "Plan Rows": 248,
                "Plan Width": 4,
                "Actual Startup Time": 0.279,
                "Actual Total Time": 0.548,
                "Actual Rows": 104,
                "Actual Loops": 1,
                "Recheck Cond": "(keyword_id = 7784)",
                "Rows Removed by Index Recheck": 0,
                "Exact Heap Blocks": 103,
                "Lossy Heap Blocks": 0,
                "Plans": [
                  {
                    "Node Type": "Bitmap Index Scan",
                    "Parent Relationship": "Outer",
                    "Parallel Aware": false,
                    "Index Name": "keyword_id_movie_keyword",
                    "Startup Cost": 0.0,
                    "Total Cost": 6.29,
                    "Plan Rows": 248,
                    "Plan Width": 0,
                    "Actual Startup Time": 0.259,
                    "Actual Total Time": 0.26,
                    "Actual Rows": 104,
                    "Actual Loops": 1,
                    "Index Cond": "(keyword_id = 7784)"
                  }
                ]
              },
              {
                "Node Type": "Index Scan",
                "Parent Relationship": "Inner",
                "Parallel Aware": false,
                "Scan Direction": "Forward",
                "Index Name": "title_pkey",
                "Relation Name": "title",
                "Alias": "t",
                "Startup Cost": 0.43,
                "Total Cost": 8.4,
                "Plan Rows": 1,
                "Plan Width": 4,
                "Actual Startup Time": 0.009,
                "Actual Total Time": 0.009,
                "Actual Rows": 0,
                "Actual Loops": 104,
                "Index Cond": "(id = mk.movie_id)",
                "Rows Removed by Index Recheck": 0,
                "Filter": "(production_year < 2003)",
                "Rows Removed by Filter": 0
              }
            ]
          },
          {
            "Node Type": "Index Only Scan",
            "Parent Relationship": "Inner",
            "Parallel Aware": false,
            "Scan Direction": "Forward",
            "Index Name": "movie_id_cast_info",
            "Relation Name": "cast_info",
            "Alias": "ci",
            "Startup Cost": 0.56,
            "Total Cost": 2.51,
            "Plan Rows": 37,
            "Plan Width": 4,
            "Actual Startup Time": 0.028,
            "Actual Total Time": 0.163,
            "Actual Rows": 62,
            "Actual Loops": 52,
            "Index Cond": "(movie_id = t.id)",
            "Rows Removed by Index Recheck": 0,
            "Heap Fetches": 3231
          }
        ]
      }
    ]
  },
  "Planning Time": 0.443,
  "Triggers": [],
  "Execution Time": 11.024
}