[
  {
    "Plan": {
      "Node Type": "Aggregate",
      "Strategy": "Plain",
      "Partial Mode": "Finalize",
      "Parallel Aware": false,
      "Startup Cost": 44984.9,
      "Total Cost": 44984.91,
      "Plan Rows": 1,
      "Plan Width": 8,
      "Actual Startup Time": 90.495,
      "Actual Total Time": 101.96,
      "Actual Rows": 1,
      "Actual Loops": 1,
      "Plans": [
        {
          "Node Type": "Gather",
          "Parent Relationship": "Outer",
          "Parallel Aware": false,
          "Startup Cost": 44984.48,
          "Total Cost": 44984.89,
          "Plan Rows": 4,
          "Plan Width": 8,
          "Actual Startup Time": 90.103,
          "Actual Total Time": 101.95,
          "Actual Rows": 5,
          "Actual Loops": 1,
          "Workers Planned": 4,
          "Workers Launched": 4,
          "Single Copy": false,
          "Plans": [
            {
              "Node Type": "Aggregate",
              "Strategy": "Plain",
              "Partial Mode": "Partial",
              "Parent Relationship": "Outer",
              "Parallel Aware": false,
              "Startup Cost": 43984.48,
              "Total Cost": 43984.49,
              "Plan Rows": 1,
              "Plan Width": 8,
              "Actual Startup Time": 84.75,
              "Actual Total Time": 84.753,
              "Actual Rows": 1,
              "Actual Loops": 5,
              "Plans": [
                {
                  "Node Type": "Seq Scan",
                  "Parent Relationship": "Outer",
                  "Parallel Aware": true,
                  "Relation Name": "title",
                  "Alias": "t",
                  "Startup Cost": 0.0,
                  "Total Cost": 43899.32,
                  "Plan Rows": 34065,
                  "Plan Width": 0,
                  "Actual Startup Time": 4.473,
                  "Actual Total Time": 83.369,
                  "Actual Rows": 29108,
                  "Actual Loops": 5,
                  "Filter": "(production_year < 1942)",
                  "Rows Removed by Filter": 476555
                }
              ]
            }
          ]
        }
      ]
    },
    "Planning Time": 0.097,
    "Triggers": [],
    "Execution Time": 101.998
  }
]