[
    {
        "Bao": {
            "Bao prediction": 625.809,
            "Bao recommended hint": "SET enable_mergejoin TO off; SET enable_indexscan TO off; "
        }
    },
    {
        "Plan": {
            "Node Type": "Aggregate",
            "Strategy": "Plain",
            "Partial Mode": "Finalize",
            "Parallel Aware": false,
            "Startup Cost": 55285.32,
            "Total Cost": 55285.33,
            "Plan Rows": 1,
            "Plan Width": 64,
            "Actual Startup Time": 375.122,
            "Actual Total Time": 412.78,
            "Actual Rows": 1,
            "Actual Loops": 1,
            "Output": [
                "min(mi.info)",
                "min(t.title)"
            ],
            "Plans": [
                {
                    "Node Type": "Gather",
                    "Parent Relationship": "Outer",
                    "Parallel Aware": false,
                    "Startup Cost": 55285.0,
                    "Total Cost": 55285.31,
                    "Plan Rows": 3,
                    "Plan Width": 64,
                    "Actual Startup Time": 374.459,
                    "Actual Total Time": 412.764,
                    "Actual Rows": 4,
                    "Actual Loops": 1,
                    "Output": [
                        "(PARTIAL min(mi.info))",
                        "(PARTIAL min(t.title))"
                    ],
                    "Workers Planned": 3,
                    "Workers Launched": 3,
                    "Single Copy": false,
                    "Plans": [
                        {
                            "Node Type": "Aggregate",
                            "Strategy": "Plain",
                            "Partial Mode": "Partial",
                            "Parent Relationship": "Outer",
                            "Parallel Aware": false,
                            "Startup Cost": 54285.0,
                            "Total Cost": 54285.01,
                            "Plan Rows": 1,
                            "Plan Width": 64,
                            "Actual Startup Time": 360.983,
                            "Actual Total Time": 360.993,
                            "Actual Rows": 1,
                            "Actual Loops": 4,
                            "Output": [
                                "PARTIAL min(mi.info)",
                                "PARTIAL min(t.title)"
                            ],
                            "Workers": [
                                {
                                    "Worker Number": 0,
                                    "Actual Startup Time": 354.759,
                                    "Actual Total Time": 354.771,
                                    "Actual Rows": 1,
                                    "Actual Loops": 1
                                },
                                {
                                    "Worker Number": 1,
                                    "Actual Startup Time": 358.151,
                                    "Actual Total Time": 358.16,
                                    "Actual Rows": 1,
                                    "Actual Loops": 1
                                },
                                {
                                    "Worker Number": 2,
                                    "Actual Startup Time": 358.624,
                                    "Actual Total Time": 358.633,
                                    "Actual Rows": 1,
                                    "Actual Loops": 1
                                }
                            ],
                            "Plans": [
                                {
                                    "Node Type": "Nested Loop",
                                    "Parent Relationship": "Outer",
                                    "Parallel Aware": false,
                                    "Join Type": "Inner",
                                    "Startup Cost": 5356.24,
                                    "Total Cost": 54284.98,
                                    "Plan Rows": 3,
                                    "Plan Width": 60,
                                    "Actual Startup Time": 249.859,
                                    "Actual Total Time": 360.98,
                                    "Actual Rows": 8,
                                    "Actual Loops": 4,
                                    "Output": [
                                        "mi.info",
                                        "t.title"
                                    ],
                                    "Inner Unique": false,
                                    "Workers": [
                                        {
                                            "Worker Number": 0,
                                            "Actual Startup Time": 354.755,
                                            "Actual Total Time": 354.766,
                                            "Actual Rows": 0,
                                            "Actual Loops": 1
                                        },
                                        {
                                            "Worker Number": 1,
                                            "Actual Startup Time": 194.608,
                                            "Actual Total Time": 358.138,
                                            "Actual Rows": 15,
                                            "Actual Loops": 1
                                        },
                                        {
                                            "Worker Number": 2,
                                            "Actual Startup Time": 77.68,
                                            "Actual Total Time": 358.613,
                                            "Actual Rows": 17,
                                            "Actual Loops": 1
                                        }
                                    ],
                                    "Plans": [
                                        {
                                            "Node Type": "Nested Loop",
                                            "Parent Relationship": "Outer",
                                            "Parallel Aware": false,
                                            "Join Type": "Inner",
                                            "Startup Cost": 5355.79,
                                            "Total Cost": 54280.46,
                                            "Plan Rows": 1,
                                            "Plan Width": 76,
                                            "Actual Startup Time": 42.742,
                                            "Actual Total Time": 360.01,
                                            "Actual Rows": 129,
                                            "Actual Loops": 4,
                                            "Output": [
                                                "mc.movie_id",
                                                "mi.info",
                                                "mi.movie_id",
                                                "mk.movie_id",
                                                "t.title",
                                                "t.id"
                                            ],
                                            "Inner Unique": true,
                                            "Workers": [
                                                {
                                                    "Worker Number": 0,
                                                    "Actual Startup Time": 42.613,
                                                    "Actual Total Time": 353.495,
                                                    "Actual Rows": 124,
                                                    "Actual Loops": 1
                                                },
                                                {
                                                    "Worker Number": 1,
                                                    "Actual Startup Time": 43.192,
                                                    "Actual Total Time": 357.325,
                                                    "Actual Rows": 117,
                                                    "Actual Loops": 1
                                                },
                                                {
                                                    "Worker Number": 2,
                                                    "Actual Startup Time": 34.839,
                                                    "Actual Total Time": 357.498,
                                                    "Actual Rows": 201,
                                                    "Actual Loops": 1
                                                }
                                            ],
                                            "Plans": [
                                                {
                                                    "Node Type": "Nested Loop",
                                                    "Parent Relationship": "Outer",
                                                    "Parallel Aware": false,
                                                    "Join Type": "Inner",
                                                    "Startup Cost": 5355.36,
                                                    "Total Cost": 54276.02,
                                                    "Plan Rows": 1,
                                                    "Plan Width": 80,
                                                    "Actual Startup Time": 42.679,
                                                    "Actual Total Time": 358.477,
                                                    "Actual Rows": 129,
                                                    "Actual Loops": 4,
                                                    "Output": [
                                                        "mc.movie_id",
                                                        "mi.info",
                                                        "mi.movie_id",
                                                        "mk.movie_id",
                                                        "mk.keyword_id",
                                                        "t.title",
                                                        "t.id"
                                                    ],
                                                    "Inner Unique": false,
                                                    "Workers": [
                                                        {
                                                            "Worker Number": 0,
                                                            "Actual Startup Time": 42.545,
                                                            "Actual Total Time": 351.719,
                                                            "Actual Rows": 124,
                                                            "Actual Loops": 1
                                                        },
                                                        {
                                                            "Worker Number": 1,
                                                            "Actual Startup Time": 43.131,
                                                            "Actual Total Time": 356.11,
                                                            "Actual Rows": 117,
                                                            "Actual Loops": 1
                                                        },
                                                        {
                                                            "Worker Number": 2,
                                                            "Actual Startup Time": 34.772,
                                                            "Actual Total Time": 355.631,
                                                            "Actual Rows": 201,
                                                            "Actual Loops": 1
                                                        }
                                                    ],
                                                    "Plans": [
                                                        {
                                                            "Node Type": "Nested Loop",
                                                            "Parent Relationship": "Outer",
                                                            "Parallel Aware": false,
                                                            "Join Type": "Inner",
                                                            "Startup Cost": 5354.46,
                                                            "Total Cost": 54270.09,
                                                            "Plan Rows": 1,
                                                            "Plan Width": 72,
                                                            "Actual Startup Time": 39.145,
                                                            "Actual Total Time": 356.104,
                                                            "Actual Rows": 86,
                                                            "Actual Loops": 4,
                                                            "Output": [
                                                                "mc.movie_id",
                                                                "mi.info",
                                                                "mi.movie_id",
                                                                "t.title",
                                                                "t.id"
                                                            ],
                                                            "Inner Unique": true,
                                                            "Join Filter": "(mi.info_type_id = it1.id)",
                                                            "Rows Removed by Join Filter": 0,
                                                            "Workers": [
                                                                {
                                                                    "Worker Number": 0,
                                                                    "Actual Startup Time": 37.106,
                                                                    "Actual Total Time": 349.363,
                                                                    "Actual Rows": 58,
                                                                    "Actual Loops": 1
                                                                },
                                                                {
                                                                    "Worker Number": 1,
                                                                    "Actual Startup Time": 34.58,
                                                                    "Actual Total Time": 353.574,
                                                                    "Actual Rows": 124,
                                                                    "Actual Loops": 1
                                                                },
                                                                {
                                                                    "Worker Number": 2,
                                                                    "Actual Startup Time": 34.69,
                                                                    "Actual Total Time": 352.682,
                                                                    "Actual Rows": 122,
                                                                    "Actual Loops": 1
                                                                }
                                                            ],
                                                            "Plans": [
                                                                {
                                                                    "Node Type": "Nested Loop",
                                                                    "Parent Relationship": "Outer",
                                                                    "Parallel Aware": false,
                                                                    "Join Type": "Inner",
                                                                    "Startup Cost": 5354.46,
                                                                    "Total Cost": 54267.66,
                                                                    "Plan Rows": 1,
                                                                    "Plan Width": 76,
                                                                    "Actual Startup Time": 39.125,
                                                                    "Actual Total Time": 355.597,
                                                                    "Actual Rows": 86,
                                                                    "Actual Loops": 4,
                                                                    "Output": [
                                                                        "mc.movie_id",
                                                                        "mi.info",
                                                                        "mi.movie_id",
                                                                        "mi.info_type_id",
                                                                        "t.title",
                                                                        "t.id"
                                                                    ],
                                                                    "Inner Unique": true,
                                                                    "Join Filter": "(mc.company_type_id = ct.id)",
                                                                    "Rows Removed by Join Filter": 0,
                                                                    "Workers": [
                                                                        {
                                                                            "Worker Number": 0,
                                                                            "Actual Startup Time": 37.075,
                                                                            "Actual Total Time": 348.778,
                                                                            "Actual Rows": 58,
                                                                            "Actual Loops": 1
                                                                        },
                                                                        {
                                                                            "Worker Number": 1,
                                                                            "Actual Startup Time": 34.563,
                                                                            "Actual Total Time": 353.031,
                                                                            "Actual Rows": 124,
                                                                            "Actual Loops": 1
                                                                        },
                                                                        {
                                                                            "Worker Number": 2,
                                                                            "Actual Startup Time": 34.672,
                                                                            "Actual Total Time": 352.128,
                                                                            "Actual Rows": 122,
                                                                            "Actual Loops": 1
                                                                        }
                                                                    ],
                                                                    "Plans": [
                                                                        {
                                                                            "Node Type": "Nested Loop",
                                                                            "Parent Relationship": "Outer",
                                                                            "Parallel Aware": false,
                                                                            "Join Type": "Inner",
                                                                            "Startup Cost": 5354.46,
                                                                            "Total Cost": 54266.57,
                                                                            "Plan Rows": 1,
                                                                            "Plan Width": 80,
                                                                            "Actual Startup Time": 39.105,
                                                                            "Actual Total Time": 355.271,
                                                                            "Actual Rows": 86,
                                                                            "Actual Loops": 4,
                                                                            "Output": [
                                                                                "mc.movie_id",
                                                                                "mc.company_type_id",
                                                                                "mi.info",
                                                                                "mi.movie_id",
                                                                                "mi.info_type_id",
                                                                                "t.title",
                                                                                "t.id"
                                                                            ],
                                                                            "Inner Unique": false,
                                                                            "Workers": [
                                                                                {
                                                                                    "Worker Number": 0,
                                                                                    "Actual Startup Time": 37.041,
                                                                                    "Actual Total Time": 348.411,
                                                                                    "Actual Rows": 58,
                                                                                    "Actual Loops": 1
                                                                                },
                                                                                {
                                                                                    "Worker Number": 1,
                                                                                    "Actual Startup Time": 34.544,
                                                                                    "Actual Total Time": 352.674,
                                                                                    "Actual Rows": 124,
                                                                                    "Actual Loops": 1
                                                                                },
                                                                                {
                                                                                    "Worker Number": 2,
                                                                                    "Actual Startup Time": 34.655,
                                                                                    "Actual Total Time": 351.768,
                                                                                    "Actual Rows": 122,
                                                                                    "Actual Loops": 1
                                                                                }
                                                                            ],
                                                                            "Plans": [
                                                                                {
                                                                                    "Node Type": "Nested Loop",
                                                                                    "Parent Relationship": "Outer",
                                                                                    "Parallel Aware": false,
                                                                                    "Join Type": "Inner",
                                                                                    "Startup Cost": 5353.44,
                                                                                    "Total Cost": 50484.63,
                                                                                    "Plan Rows": 658,
                                                                                    "Plan Width": 29,
                                                                                    "Actual Startup Time": 37.232,
                                                                                    "Actual Total Time": 250.642,
                                                                                    "Actual Rows": 2755,
                                                                                    "Actual Loops": 4,
                                                                                    "Output": [
                                                                                        "mc.movie_id",
                                                                                        "mc.company_type_id",
                                                                                        "t.title",
                                                                                        "t.id"
                                                                                    ],
                                                                                    "Inner Unique": true,
                                                                                    "Workers": [
                                                                                        {
                                                                                            "Worker Number": 0,
                                                                                            "Actual Startup Time": 31.724,
                                                                                            "Actual Total Time": 249.47,
                                                                                            "Actual Rows": 1892,
                                                                                            "Actual Loops": 1
                                                                                        },
                                                                                        {
                                                                                            "Worker Number": 1,
                                                                                            "Actual Startup Time": 33.987,
                                                                                            "Actual Total Time": 243.517,
                                                                                            "Actual Rows": 3522,
                                                                                            "Actual Loops": 1
                                                                                        },
                                                                                        {
                                                                                            "Worker Number": 2,
                                                                                            "Actual Startup Time": 34.453,
                                                                                            "Actual Total Time": 244.596,
                                                                                            "Actual Rows": 3466,
                                                                                            "Actual Loops": 1
                                                                                        }
                                                                                    ],
                                                                                    "Plans": [
                                                                                        {
                                                                                            "Node Type": "Hash Join",
                                                                                            "Parent Relationship": "Outer",
                                                                                            "Parallel Aware": true,
                                                                                            "Join Type": "Inner",
                                                                                            "Startup Cost": 5351.02,
                                                                                            "Total Cost": 36781.21,
                                                                                            "Plan Rows": 2129,
                                                                                            "Plan Width": 8,
                                                                                            "Actual Startup Time": 36.734,
                                                                                            "Actual Total Time": 151.488,
                                                                                            "Actual Rows": 10959,
                                                                                            "Actual Loops": 4,
                                                                                            "Output": [
                                                                                                "mc.movie_id",
                                                                                                "mc.company_type_id"
                                                                                            ],
                                                                                            "Inner Unique": true,
                                                                                            "Hash Cond": "(mc.company_id = cn.id)",
                                                                                            "Workers": [
                                                                                                {
                                                                                                    "Worker Number": 0,
                                                                                                    "Actual Startup Time": 30.515,
                                                                                                    "Actual Total Time": 147.02,
                                                                                                    "Actual Rows": 7928,
                                                                                                    "Actual Loops": 1
                                                                                                },
                                                                                                {
                                                                                                    "Worker Number": 1,
                                                                                                    "Actual Startup Time": 33.785,
                                                                                                    "Actual Total Time": 148.126,
                                                                                                    "Actual Rows": 13599,
                                                                                                    "Actual Loops": 1
                                                                                                },
                                                                                                {
                                                                                                    "Worker Number": 2,
                                                                                                    "Actual Startup Time": 34.341,
                                                                                                    "Actual Total Time": 149.032,
                                                                                                    "Actual Rows": 13965,
                                                                                                    "Actual Loops": 1
                                                                                                }
                                                                                            ],
                                                                                            "Plans": [
                                                                                                {
                                                                                                    "Node Type": "Seq Scan",
                                                                                                    "Parent Relationship": "Outer",
                                                                                                    "Parallel Aware": true,
                                                                                                    "Relation Name": "movie_companies",
                                                                                                    "Schema": "public",
                                                                                                    "Alias": "mc",
                                                                                                    "Startup Cost": 0.0,
                                                                                                    "Total Cost": 31414.82,
                                                                                                    "Plan Rows": 5856,
                                                                                                    "Plan Width": 12,
                                                                                                    "Actual Startup Time": 0.057,
                                                                                                    "Actual Total Time": 106.27,
                                                                                                    "Actual Rows": 15416,
                                                                                                    "Actual Loops": 4,
                                                                                                    "Output": [
                                                                                                        "mc.id",
                                                                                                        "mc.movie_id",
                                                                                                        "mc.company_id",
                                                                                                        "mc.company_type_id",
                                                                                                        "mc.note"
                                                                                                    ],
                                                                                                    "Filter": "((mc.note ~~ '%(200%)%'::text) AND (mc.note ~~ '%(worldwide)%'::text))",
                                                                                                    "Rows Removed by Filter": 636866,
                                                                                                    "Workers": [
                                                                                                        {
                                                                                                            "Worker Number": 0,
                                                                                                            "Actual Startup Time": 0.06,
                                                                                                            "Actual Total Time": 108.014,
                                                                                                            "Actual Rows": 10729,
                                                                                                            "Actual Loops": 1
                                                                                                        },
                                                                                                        {
                                                                                                            "Worker Number": 1,
                                                                                                            "Actual Startup Time": 0.029,
                                                                                                            "Actual Total Time": 105.873,
                                                                                                            "Actual Rows": 19674,
                                                                                                            "Actual Loops": 1
                                                                                                        },
                                                                                                        {
                                                                                                            "Worker Number": 2,
                                                                                                            "Actual Startup Time": 0.033,
                                                                                                            "Actual Total Time": 106.123,
                                                                                                            "Actual Rows": 19819,
                                                                                                            "Actual Loops": 1
                                                                                                        }
                                                                                                    ]
                                                                                                },
                                                                                                {
                                                                                                    "Node Type": "Hash",
                                                                                                    "Parent Relationship": "Inner",
                                                                                                    "Parallel Aware": true,
                                                                                                    "Startup Cost": 4722.92,
                                                                                                    "Total Cost": 4722.92,
                                                                                                    "Plan Rows": 50248,
                                                                                                    "Plan Width": 4,
                                                                                                    "Actual Startup Time": 34.149,
                                                                                                    "Actual Total Time": 34.15,
                                                                                                    "Actual Rows": 21211,
                                                                                                    "Actual Loops": 4,
                                                                                                    "Output": [
                                                                                                        "cn.id"
                                                                                                    ],
                                                                                                    "Hash Buckets": 131072,
                                                                                                    "Original Hash Buckets": 131072,
                                                                                                    "Hash Batches": 1,
                                                                                                    "Original Hash Batches": 1,
                                                                                                    "Peak Memory Usage": 4416,
                                                                                                    "Workers": [
                                                                                                        {
                                                                                                            "Worker Number": 0,
                                                                                                            "Actual Startup Time": 29.91,
                                                                                                            "Actual Total Time": 29.911,
                                                                                                            "Actual Rows": 14753,
                                                                                                            "Actual Loops": 1
                                                                                                        },
                                                                                                        {
                                                                                                            "Worker Number": 1,
                                                                                                            "Actual Startup Time": 33.353,
                                                                                                            "Actual Total Time": 33.354,
                                                                                                            "Actual Rows": 25681,
                                                                                                            "Actual Loops": 1
                                                                                                        },
                                                                                                        {
                                                                                                            "Worker Number": 2,
                                                                                                            "Actual Startup Time": 33.831,
                                                                                                            "Actual Total Time": 33.832,
                                                                                                            "Actual Rows": 26043,
                                                                                                            "Actual Loops": 1
                                                                                                        }
                                                                                                    ],
                                                                                                    "Plans": [
                                                                                                        {
                                                                                                            "Node Type": "Seq Scan",
                                                                                                            "Parent Relationship": "Outer",
                                                                                                            "Parallel Aware": true,
                                                                                                            "Relation Name": "company_name",
                                                                                                            "Schema": "public",
                                                                                                            "Alias": "cn",
                                                                                                            "Startup Cost": 0.0,
                                                                                                            "Total Cost": 4722.92,
                                                                                                            "Plan Rows": 50248,
                                                                                                            "Plan Width": 4,
                                                                                                            "Actual Startup Time": 0.061,
                                                                                                            "Actual Total Time": 22.92,
                                                                                                            "Actual Rows": 21211,
                                                                                                            "Actual Loops": 4,
                                                                                                            "Output": [
                                                                                                                "cn.id"
                                                                                                            ],
                                                                                                            "Filter": "((cn.country_code)::text = '[us]'::text)",
                                                                                                            "Rows Removed by Filter": 37538,
                                                                                                            "Workers": [
                                                                                                                {
                                                                                                                    "Worker Number": 0,
                                                                                                                    "Actual Startup Time": 0.049,
                                                                                                                    "Actual Total Time": 21.133,
                                                                                                                    "Actual Rows": 14753,
                                                                                                                    "Actual Loops": 1
                                                                                                                },
                                                                                                                {
                                                                                                                    "Worker Number": 1,
                                                                                                                    "Actual Startup Time": 0.07,
                                                                                                                    "Actual Total Time": 21.216,
                                                                                                                    "Actual Rows": 25681,
                                                                                                                    "Actual Loops": 1
                                                                                                                },
                                                                                                                {
                                                                                                                    "Worker Number": 2,
                                                                                                                    "Actual Startup Time": 0.077,
                                                                                                                    "Actual Total Time": 21.868,
                                                                                                                    "Actual Rows": 26043,
                                                                                                                    "Actual Loops": 1
                                                                                                                }
                                                                                                            ]
                                                                                                        }
                                                                                                    ]
                                                                                                }
                                                                                            ]
                                                                                        },
                                                                                        {
                                                                                            "Node Type": "Bitmap Heap Scan",
                                                                                            "Parent Relationship": "Inner",
                                                                                            "Parallel Aware": false,
                                                                                            "Relation Name": "title",
                                                                                            "Schema": "public",
                                                                                            "Alias": "t",
                                                                                            "Startup Cost": 2.42,
                                                                                            "Total Cost": 6.44,
                                                                                            "Plan Rows": 1,
                                                                                            "Plan Width": 21,
                                                                                            "Actual Startup Time": 0.007,
                                                                                            "Actual Total Time": 0.007,
                                                                                            "Actual Rows": 0,
                                                                                            "Actual Loops": 43837,
                                                                                            "Output": [
                                                                                                "t.id",
                                                                                                "t.title",
                                                                                                "t.imdb_index",
                                                                                                "t.kind_id",
                                                                                                "t.production_year",
                                                                                                "t.imdb_id",
                                                                                                "t.phonetic_code",
                                                                                                "t.episode_of_id",
                                                                                                "t.season_nr",
                                                                                                "t.episode_nr",
                                                                                                "t.series_years",
                                                                                                "t.md5sum"
                                                                                            ],
                                                                                            "Recheck Cond": "(t.id = mc.movie_id)",
                                                                                            "Rows Removed by Index Recheck": 0,
                                                                                            "Filter": "(t.production_year > 2007)",
                                                                                            "Rows Removed by Filter": 1,
                                                                                            "Exact Heap Blocks": 8345,
                                                                                            "Lossy Heap Blocks": 0,
                                                                                            "Workers": [
                                                                                                {
                                                                                                    "Worker Number": 0,
                                                                                                    "Actual Startup Time": 0.01,
                                                                                                    "Actual Total Time": 0.01,
                                                                                                    "Actual Rows": 0,
                                                                                                    "Actual Loops": 7928
                                                                                                },
                                                                                                {
                                                                                                    "Worker Number": 1,
                                                                                                    "Actual Startup Time": 0.005,
                                                                                                    "Actual Total Time": 0.005,
                                                                                                    "Actual Rows": 0,
                                                                                                    "Actual Loops": 13599
                                                                                                },
                                                                                                {
                                                                                                    "Worker Number": 2,
                                                                                                    "Actual Startup Time": 0.005,
                                                                                                    "Actual Total Time": 0.005,
                                                                                                    "Actual Rows": 0,
                                                                                                    "Actual Loops": 13965
                                                                                                }
                                                                                            ],
                                                                                            "Plans": [
                                                                                                {
                                                                                                    "Node Type": "Bitmap Index Scan",
                                                                                                    "Parent Relationship": "Outer",
                                                                                                    "Parallel Aware": false,
                                                                                                    "Index Name": "title_pkey",
                                                                                                    "Startup Cost": 0.0,
                                                                                                    "Total Cost": 2.42,
                                                                                                    "Plan Rows": 1,
                                                                                                    "Plan Width": 0,
                                                                                                    "Actual Startup Time": 0.003,
                                                                                                    "Actual Total Time": 0.003,
                                                                                                    "Actual Rows": 1,
                                                                                                    "Actual Loops": 43837,
                                                                                                    "Index Cond": "(t.id = mc.movie_id)",
                                                                                                    "Workers": [
                                                                                                        {
                                                                                                            "Worker Number": 0,
                                                                                                            "Actual Startup Time": 0.005,
                                                                                                            "Actual Total Time": 0.005,
                                                                                                            "Actual Rows": 1,
                                                                                                            "Actual Loops": 7928
                                                                                                        },
                                                                                                        {
                                                                                                            "Worker Number": 1,
                                                                                                            "Actual Startup Time": 0.003,
                                                                                                            "Actual Total Time": 0.003,
                                                                                                            "Actual Rows": 1,
                                                                                                            "Actual Loops": 13599
                                                                                                        },
                                                                                                        {
                                                                                                            "Worker Number": 2,
                                                                                                            "Actual Startup Time": 0.003,
                                                                                                            "Actual Total Time": 0.003,
                                                                                                            "Actual Rows": 1,
                                                                                                            "Actual Loops": 13965
                                                                                                        }
                                                                                                    ]
                                                                                                }
                                                                                            ]
                                                                                        }
                                                                                    ]
                                                                                },
                                                                                {
                                                                                    "Node Type": "Bitmap Heap Scan",
                                                                                    "Parent Relationship": "Inner",
                                                                                    "Parallel Aware": false,
                                                                                    "Relation Name": "movie_info",
                                                                                    "Schema": "public",
                                                                                    "Alias": "mi",
                                                                                    "Startup Cost": 1.02,
                                                                                    "Total Cost": 5.74,
                                                                                    "Plan Rows": 1,
                                                                                    "Plan Width": 51,
                                                                                    "Actual Startup Time": 0.035,
                                                                                    "Actual Total Time": 0.036,
                                                                                    "Actual Rows": 0,
                                                                                    "Actual Loops": 11020,
                                                                                    "Output": [
                                                                                        "mi.id",
                                                                                        "mi.movie_id",
                                                                                        "mi.info_type_id",
                                                                                        "mi.info",
                                                                                        "mi.note"
                                                                                    ],
                                                                                    "Recheck Cond": "(mi.movie_id = t.id)",
                                                                                    "Rows Removed by Index Recheck": 0,
                                                                                    "Filter": "((mi.note ~~ '%internet%'::text) AND (mi.info ~~ 'USA:% 200%'::text))",
                                                                                    "Rows Removed by Filter": 9,
                                                                                    "Exact Heap Blocks": 13732,
                                                                                    "Lossy Heap Blocks": 0,
                                                                                    "Workers": [
                                                                                        {
                                                                                            "Worker Number": 0,
                                                                                            "Actual Startup Time": 0.048,
                                                                                            "Actual Total Time": 0.049,
                                                                                            "Actual Rows": 0,
                                                                                            "Actual Loops": 1892
                                                                                        },
                                                                                        {
                                                                                            "Worker Number": 1,
                                                                                            "Actual Startup Time": 0.029,
                                                                                            "Actual Total Time": 0.029,
                                                                                            "Actual Rows": 0,
                                                                                            "Actual Loops": 3522
                                                                                        },
                                                                                        {
                                                                                            "Worker Number": 2,
                                                                                            "Actual Startup Time": 0.029,
                                                                                            "Actual Total Time": 0.029,
                                                                                            "Actual Rows": 0,
                                                                                            "Actual Loops": 3466
                                                                                        }
                                                                                    ],
                                                                                    "Plans": [
                                                                                        {
                                                                                            "Node Type": "Bitmap Index Scan",
                                                                                            "Parent Relationship": "Outer",
                                                                                            "Parallel Aware": false,
                                                                                            "Index Name": "movie_id_movie_info",
                                                                                            "Startup Cost": 0.0,
                                                                                            "Total Cost": 1.02,
                                                                                            "Plan Rows": 41,
                                                                                            "Plan Width": 0,
                                                                                            "Actual Startup Time": 0.011,
                                                                                            "Actual Total Time": 0.011,
                                                                                            "Actual Rows": 10,
                                                                                            "Actual Loops": 11020,
                                                                                            "Index Cond": "(mi.movie_id = t.id)",
                                                                                            "Workers": [
                                                                                                {
                                                                                                    "Worker Number": 0,
                                                                                                    "Actual Startup Time": 0.015,
                                                                                                    "Actual Total Time": 0.015,
                                                                                                    "Actual Rows": 10,
                                                                                                    "Actual Loops": 1892
                                                                                                },
                                                                                                {
                                                                                                    "Worker Number": 1,
                                                                                                    "Actual Startup Time": 0.009,
                                                                                                    "Actual Total Time": 0.009,
                                                                                                    "Actual Rows": 9,
                                                                                                    "Actual Loops": 3522
                                                                                                },
                                                                                                {
                                                                                                    "Worker Number": 2,
                                                                                                    "Actual Startup Time": 0.009,
                                                                                                    "Actual Total Time": 0.009,
                                                                                                    "Actual Rows": 10,
                                                                                                    "Actual Loops": 3466
                                                                                                }
                                                                                            ]
                                                                                        }
                                                                                    ]
                                                                                }
                                                                            ]
                                                                        },
                                                                        {
                                                                            "Node Type": "Seq Scan",
                                                                            "Parent Relationship": "Inner",
                                                                            "Parallel Aware": false,
                                                                            "Relation Name": "company_type",
                                                                            "Schema": "public",
                                                                            "Alias": "ct",
                                                                            "Startup Cost": 0.0,
                                                                            "Total Cost": 1.04,
                                                                            "Plan Rows": 4,
                                                                            "Plan Width": 4,
                                                                            "Actual Startup Time": 0.001,
                                                                            "Actual Total Time": 0.001,
                                                                            "Actual Rows": 1,
                                                                            "Actual Loops": 344,
                                                                            "Output": [
                                                                                "ct.id",
                                                                                "ct.kind"
                                                                            ],
                                                                            "Workers": [
                                                                                {
                                                                                    "Worker Number": 0,
                                                                                    "Actual Startup Time": 0.002,
                                                                                    "Actual Total Time": 0.002,
                                                                                    "Actual Rows": 1,
                                                                                    "Actual Loops": 58
                                                                                },
                                                                                {
                                                                                    "Worker Number": 1,
                                                                                    "Actual Startup Time": 0.001,
                                                                                    "Actual Total Time": 0.001,
                                                                                    "Actual Rows": 1,
                                                                                    "Actual Loops": 124
                                                                                },
                                                                                {
                                                                                    "Worker Number": 2,
                                                                                    "Actual Startup Time": 0.001,
                                                                                    "Actual Total Time": 0.001,
                                                                                    "Actual Rows": 1,
                                                                                    "Actual Loops": 122
                                                                                }
                                                                            ]
                                                                        }
                                                                    ]
                                                                },
                                                                {
                                                                    "Node Type": "Seq Scan",
                                                                    "Parent Relationship": "Inner",
                                                                    "Parallel Aware": false,
                                                                    "Relation Name": "info_type",
                                                                    "Schema": "public",
                                                                    "Alias": "it1",
                                                                    "Startup Cost": 0.0,
                                                                    "Total Cost": 2.41,
                                                                    "Plan Rows": 1,
                                                                    "Plan Width": 4,
                                                                    "Actual Startup Time": 0.004,
                                                                    "Actual Total Time": 0.004,
                                                                    "Actual Rows": 1,
                                                                    "Actual Loops": 344,
                                                                    "Output": [
                                                                        "it1.id",
                                                                        "it1.info"
                                                                    ],
                                                                    "Filter": "((it1.info)::text = 'release dates'::text)",
                                                                    "Rows Removed by Filter": 15,
                                                                    "Workers": [
                                                                        {
                                                                            "Worker Number": 0,
                                                                            "Actual Startup Time": 0.007,
                                                                            "Actual Total Time": 0.007,
                                                                            "Actual Rows": 1,
                                                                            "Actual Loops": 58
                                                                        },
                                                                        {
                                                                            "Worker Number": 1,
                                                                            "Actual Startup Time": 0.003,
                                                                            "Actual Total Time": 0.003,
                                                                            "Actual Rows": 1,
                                                                            "Actual Loops": 124
                                                                        },
                                                                        {
                                                                            "Worker Number": 2,
                                                                            "Actual Startup Time": 0.003,
                                                                            "Actual Total Time": 0.003,
                                                                            "Actual Rows": 1,
                                                                            "Actual Loops": 122
                                                                        }
                                                                    ]
                                                                }
                                                            ]
                                                        },
                                                        {
                                                            "Node Type": "Bitmap Heap Scan",
                                                            "Parent Relationship": "Inner",
                                                            "Parallel Aware": false,
                                                            "Relation Name": "movie_keyword",
                                                            "Schema": "public",
                                                            "Alias": "mk",
                                                            "Startup Cost": 0.9,
                                                            "Total Cost": 5.47,
                                                            "Plan Rows": 46,
                                                            "Plan Width": 8,
                                                            "Actual Startup Time": 0.024,
                                                            "Actual Total Time": 0.025,
                                                            "Actual Rows": 2,
                                                            "Actual Loops": 344,
                                                            "Output": [
                                                                "mk.id",
                                                                "mk.movie_id",
                                                                "mk.keyword_id"
                                                            ],
                                                            "Recheck Cond": "(mk.movie_id = t.id)",
                                                            "Rows Removed by Index Recheck": 0,
                                                            "Exact Heap Blocks": 13,
                                                            "Lossy Heap Blocks": 0,
                                                            "Workers": [
                                                                {
                                                                    "Worker Number": 0,
                                                                    "Actual Startup Time": 0.035,
                                                                    "Actual Total Time": 0.036,
                                                                    "Actual Rows": 2,
                                                                    "Actual Loops": 58
                                                                },
                                                                {
                                                                    "Worker Number": 1,
                                                                    "Actual Startup Time": 0.018,
                                                                    "Actual Total Time": 0.018,
                                                                    "Actual Rows": 1,
                                                                    "Actual Loops": 124
                                                                },
                                                                {
                                                                    "Worker Number": 2,
                                                                    "Actual Startup Time": 0.022,
                                                                    "Actual Total Time": 0.022,
                                                                    "Actual Rows": 2,
                                                                    "Actual Loops": 122
                                                                }
                                                            ],
                                                            "Plans": [
                                                                {
                                                                    "Node Type": "Bitmap Index Scan",
                                                                    "Parent Relationship": "Outer",
                                                                    "Parallel Aware": false,
                                                                    "Index Name": "movie_id_movie_keyword",
                                                                    "Startup Cost": 0.0,
                                                                    "Total Cost": 0.89,
                                                                    "Plan Rows": 46,
                                                                    "Plan Width": 0,
                                                                    "Actual Startup Time": 0.021,
                                                                    "Actual Total Time": 0.021,
                                                                    "Actual Rows": 2,
                                                                    "Actual Loops": 344,
                                                                    "Index Cond": "(mk.movie_id = t.id)",
                                                                    "Workers": [
                                                                        {
                                                                            "Worker Number": 0,
                                                                            "Actual Startup Time": 0.03,
                                                                            "Actual Total Time": 0.03,
                                                                            "Actual Rows": 2,
                                                                            "Actual Loops": 58
                                                                        },
                                                                        {
                                                                            "Worker Number": 1,
                                                                            "Actual Startup Time": 0.015,
                                                                            "Actual Total Time": 0.015,
                                                                            "Actual Rows": 1,
                                                                            "Actual Loops": 124
                                                                        },
                                                                        {
                                                                            "Worker Number": 2,
                                                                            "Actual Startup Time": 0.018,
                                                                            "Actual Total Time": 0.018,
                                                                            "Actual Rows": 2,
                                                                            "Actual Loops": 122
                                                                        }
                                                                    ]
                                                                }
                                                            ]
                                                        }
                                                    ]
                                                },
                                                {
                                                    "Node Type": "Bitmap Heap Scan",
                                                    "Parent Relationship": "Inner",
                                                    "Parallel Aware": false,
                                                    "Relation Name": "keyword",
                                                    "Schema": "public",
                                                    "Alias": "k",
                                                    "Startup Cost": 0.43,
                                                    "Total Cost": 4.44,
                                                    "Plan Rows": 1,
                                                    "Plan Width": 4,
                                                    "Actual Startup Time": 0.009,
                                                    "Actual Total Time": 0.009,
                                                    "Actual Rows": 1,
                                                    "Actual Loops": 517,
                                                    "Output": [
                                                        "k.id",
                                                        "k.keyword",
                                                        "k.phonetic_code"
                                                    ],
                                                    "Recheck Cond": "(k.id = mk.keyword_id)",
                                                    "Rows Removed by Index Recheck": 0,
                                                    "Exact Heap Blocks": 75,
                                                    "Lossy Heap Blocks": 0,
                                                    "Workers": [
                                                        {
                                                            "Worker Number": 0,
                                                            "Actual Startup Time": 0.01,
                                                            "Actual Total Time": 0.01,
                                                            "Actual Rows": 1,
                                                            "Actual Loops": 124
                                                        },
                                                        {
                                                            "Worker Number": 1,
                                                            "Actual Startup Time": 0.008,
                                                            "Actual Total Time": 0.008,
                                                            "Actual Rows": 1,
                                                            "Actual Loops": 117
                                                        },
                                                        {
                                                            "Worker Number": 2,
                                                            "Actual Startup Time": 0.007,
                                                            "Actual Total Time": 0.007,
                                                            "Actual Rows": 1,
                                                            "Actual Loops": 201
                                                        }
                                                    ],
                                                    "Plans": [
                                                        {
                                                            "Node Type": "Bitmap Index Scan",
                                                            "Parent Relationship": "Outer",
                                                            "Parallel Aware": false,
                                                            "Index Name": "keyword_pkey",
                                                            "Startup Cost": 0.0,
                                                            "Total Cost": 0.43,
                                                            "Plan Rows": 1,
                                                            "Plan Width": 0,
                                                            "Actual Startup Time": 0.006,
                                                            "Actual Total Time": 0.006,
                                                            "Actual Rows": 1,
                                                            "Actual Loops": 517,
                                                            "Index Cond": "(k.id = mk.keyword_id)",
                                                            "Workers": [
                                                                {
                                                                    "Worker Number": 0,
                                                                    "Actual Startup Time": 0.006,
                                                                    "Actual Total Time": 0.006,
                                                                    "Actual Rows": 1,
                                                                    "Actual Loops": 124
                                                                },
                                                                {
                                                                    "Worker Number": 1,
                                                                    "Actual Startup Time": 0.005,
                                                                    "Actual Total Time": 0.005,
                                                                    "Actual Rows": 1,
                                                                    "Actual Loops": 117
                                                                },
                                                                {
                                                                    "Worker Number": 2,
                                                                    "Actual Startup Time": 0.004,
                                                                    "Actual Total Time": 0.004,
                                                                    "Actual Rows": 1,
                                                                    "Actual Loops": 201
                                                                }
                                                            ]
                                                        }
                                                    ]
                                                }
                                            ]
                                        },
                                        {
                                            "Node Type": "Bitmap Heap Scan",
                                            "Parent Relationship": "Inner",
                                            "Parallel Aware": false,
                                            "Relation Name": "aka_title",
                                            "Schema": "public",
                                            "Alias": "at",
                                            "Startup Cost": 0.45,
                                            "Total Cost": 4.49,
                                            "Plan Rows": 3,
                                            "Plan Width": 4,
                                            "Actual Startup Time": 0.005,
                                            "Actual Total Time": 0.005,
                                            "Actual Rows": 0,
                                            "Actual Loops": 517,
                                            "Output": [
                                                "at.id",
                                                "at.movie_id",
                                                "at.title",
                                                "at.imdb_index",
                                                "at.kind_id",
                                                "at.production_year",
                                                "at.phonetic_code",
                                                "at.episode_of_id",
                                                "at.season_nr",
                                                "at.episode_nr",
                                                "at.note",
                                                "at.md5sum"
                                            ],
                                            "Recheck Cond": "(at.movie_id = t.id)",
                                            "Rows Removed by Index Recheck": 0,
                                            "Exact Heap Blocks": 0,
                                            "Lossy Heap Blocks": 0,
                                            "Workers": [
                                                {
                                                    "Worker Number": 0,
                                                    "Actual Startup Time": 0.007,
                                                    "Actual Total Time": 0.007,
                                                    "Actual Rows": 0,
                                                    "Actual Loops": 124
                                                },
                                                {
                                                    "Worker Number": 1,
                                                    "Actual Startup Time": 0.005,
                                                    "Actual Total Time": 0.005,
                                                    "Actual Rows": 0,
                                                    "Actual Loops": 117
                                                },
                                                {
                                                    "Worker Number": 2,
                                                    "Actual Startup Time": 0.004,
                                                    "Actual Total Time": 0.004,
                                                    "Actual Rows": 0,
                                                    "Actual Loops": 201
                                                }
                                            ],
                                            "Plans": [
                                                {
                                                    "Node Type": "Bitmap Index Scan",
                                                    "Parent Relationship": "Outer",
                                                    "Parallel Aware": false,
                                                    "Index Name": "movie_id_aka_title",
                                                    "Startup Cost": 0.0,
                                                    "Total Cost": 0.45,
                                                    "Plan Rows": 3,
                                                    "Plan Width": 0,
                                                    "Actual Startup Time": 0.004,
                                                    "Actual Total Time": 0.004,
                                                    "Actual Rows": 0,
                                                    "Actual Loops": 517,
                                                    "Index Cond": "(at.movie_id = t.id)",
                                                    "Workers": [
                                                        {
                                                            "Worker Number": 0,
                                                            "Actual Startup Time": 0.006,
                                                            "Actual Total Time": 0.006,
                                                            "Actual Rows": 0,
                                                            "Actual Loops": 124
                                                        },
                                                        {
                                                            "Worker Number": 1,
                                                            "Actual Startup Time": 0.004,
                                                            "Actual Total Time": 0.004,
                                                            "Actual Rows": 0,
                                                            "Actual Loops": 117
                                                        },
                                                        {
                                                            "Worker Number": 2,
                                                            "Actual Startup Time": 0.003,
                                                            "Actual Total Time": 0.003,
                                                            "Actual Rows": 0,
                                                            "Actual Loops": 201
                                                        }
                                                    ]
                                                }
                                            ]
                                        }
                                    ]
                                }
                            ]
                        }
                    ]
                }
            ]
        },
        "Planning Time": 781.079,
        "Triggers": [],
        "Execution Time": 413.868
    }
]