[
    {
        "Bao": {
            "Bao prediction": "NaN",
            "Bao recommended hint": "(no hint)"
        }
    },
    {
        "Plan": {
            "Node Type": "Aggregate",
            "Strategy": "Plain",
            "Partial Mode": "Simple",
            "Parallel Aware": false,
            "Startup Cost": 26785.72,
            "Total Cost": 26785.73,
            "Plan Rows": 1,
            "Plan Width": 8,
            "Actual Startup Time": 24.221,
            "Actual Total Time": 24.222,
            "Actual Rows": 1,
            "Actual Loops": 1,
            "Output": [
                "count(*)"
            ],
            "Plans": [
                {
                    "Node Type": "Bitmap Heap Scan",
                    "Parent Relationship": "Outer",
                    "Parallel Aware": false,
                    "Relation Name": "movie_keyword",
                    "Schema": "public",
                    "Alias": "mk",
                    "Startup Cost": 876.13,
                    "Total Cost": 26682.6,
                    "Plan Rows": 41251,
                    "Plan Width": 0,
                    "Actual Startup Time": 4.537,
                    "Actual Total Time": 22.737,
                    "Actual Rows": 28021,
                    "Actual Loops": 1,
                    "Recheck Cond": "(mk.keyword_id < 36)",
                    "Rows Removed by Index Recheck": 0,
                    "Exact Heap Blocks": 9883,
                    "Lossy Heap Blocks": 0,
                    "Plans": [
                        {
                            "Node Type": "Bitmap Index Scan",
                            "Parent Relationship": "Outer",
                            "Parallel Aware": false,
                            "Index Name": "keyword_id_movie_keyword",
                            "Startup Cost": 0.0,
                            "Total Cost": 865.81,
                            "Plan Rows": 41251,
                            "Plan Width": 0,
                            "Actual Startup Time": 3.048,
                            "Actual Total Time": 3.049,
                            "Actual Rows": 28021,
                            "Actual Loops": 1,
                            "Index Cond": "(mk.keyword_id < 36)"
                        }
                    ]
                }
            ]
        },
        "Planning Time": 180.712,
        "Triggers": [],
        "Execution Time": 24.303
    }
]