{
    "Plan": {
        "Node Type": "Aggregate",
        "Strategy": "Plain",
        "Partial Mode": "Simple",
        "Parallel Aware": false,
        "Startup Cost": 70000499574.62,
        "Total Cost": 70000499574.63,
        "Plan Rows": 1,
        "Plan Width": 96,
        "Actual Startup Time": 2949.951,
        "Actual Total Time": 2949.969,
        "Actual Rows": 1,
        "Actual Loops": 1,
        "Output": [
            "min(cn.name)",
            "min((lt.link)::text)",
            "min(t.title)"
        ],
        "Plans": [
            {
                "Node Type": "Nested Loop",
                "Parent Relationship": "Outer",
                "Parallel Aware": false,
                "Join Type": "Inner",
                "Startup Cost": 70000499517.77,
                "Total Cost": 70000499574.61,
                "Plan Rows": 1,
                "Plan Width": 48,
                "Actual Startup Time": 2941.651,
                "Actual Total Time": 2949.897,
                "Actual Rows": 171,
                "Actual Loops": 1,
                "Output": [
                    "cn.name",
                    "lt.link",
                    "t.title"
                ],
                "Inner Unique": true,
                "Plans": [
                    {
                        "Node Type": "Nested Loop",
                        "Parent Relationship": "Outer",
                        "Parallel Aware": false,
                        "Join Type": "Inner",
                        "Startup Cost": 60000499517.63,
                        "Total Cost": 60000499566.44,
                        "Plan Rows": 1,
                        "Plan Width": 52,
                        "Actual Startup Time": 2941.642,
                        "Actual Total Time": 2949.216,
                        "Actual Rows": 171,
                        "Actual Loops": 1,
                        "Output": [
                            "mc.company_type_id",
                            "cn.name",
                            "lt.link",
                            "t.title"
                        ],
                        "Inner Unique": true,
                        "Plans": [
                            {
                                "Node Type": "Nested Loop",
                                "Parent Relationship": "Outer",
                                "Parallel Aware": false,
                                "Join Type": "Inner",
                                "Startup Cost": 50000499517.2,
                                "Total Cost": 50000499561.99,
                                "Plan Rows": 1,
                                "Plan Width": 37,
                                "Actual Startup Time": 2941.507,
                                "Actual Total Time": 2947.069,
                                "Actual Rows": 456,
                                "Actual Loops": 1,
                                "Output": [
                                    "mc.company_type_id",
                                    "mc.company_id",
                                    "lt.link",
                                    "t.title"
                                ],
                                "Inner Unique": true,
                                "Plans": [
                                    {
                                        "Node Type": "Nested Loop",
                                        "Parent Relationship": "Outer",
                                        "Parallel Aware": false,
                                        "Join Type": "Inner",
                                        "Startup Cost": 40000499517.06,
                                        "Total Cost": 40000499553.82,
                                        "Plan Rows": 1,
                                        "Plan Width": 41,
                                        "Actual Startup Time": 2941.5,
                                        "Actual Total Time": 2945.426,
                                        "Actual Rows": 456,
                                        "Actual Loops": 1,
                                        "Output": [
                                            "cc.status_id",
                                            "mc.company_type_id",
                                            "mc.company_id",
                                            "lt.link",
                                            "t.title"
                                        ],
                                        "Inner Unique": true,
                                        "Plans": [
                                            {
                                                "Node Type": "Merge Join",
                                                "Parent Relationship": "Outer",
                                                "Parallel Aware": false,
                                                "Join Type": "Inner",
                                                "Startup Cost": 30000499516.93,
                                                "Total Cost": 30000499546.99,
                                                "Plan Rows": 1,
                                                "Plan Width": 45,
                                                "Actual Startup Time": 2941.476,
                                                "Actual Total Time": 2941.97,
                                                "Actual Rows": 912,
                                                "Actual Loops": 1,
                                                "Output": [
                                                    "cc.subject_id",
                                                    "cc.status_id",
                                                    "mc.company_type_id",
                                                    "mc.company_id",
                                                    "lt.link",
                                                    "t.title"
                                                ],
                                                "Inner Unique": false,
                                                "Merge Cond": "(ml.movie_id = cc.movie_id)",
                                                "Plans": [
                                                    {
                                                        "Node Type": "Sort",
                                                        "Parent Relationship": "Outer",
                                                        "Parallel Aware": false,
                                                        "Startup Cost": 30000485923.36,
                                                        "Total Cost": 30000485923.37,
                                                        "Plan Rows": 1,
                                                        "Plan Width": 57,
                                                        "Actual Startup Time": 2905.544,
                                                        "Actual Total Time": 2905.639,
                                                        "Actual Rows": 684,
                                                        "Actual Loops": 1,
                                                        "Output": [
                                                            "mk.movie_id",
                                                            "mc.movie_id",
                                                            "mc.company_type_id",
                                                            "mc.company_id",
                                                            "mi.movie_id",
                                                            "ml.movie_id",
                                                            "lt.link",
                                                            "t.title",
                                                            "t.id"
                                                        ],
                                                        "Sort Key": [
                                                            "mk.movie_id"
                                                        ],
                                                        "Sort Method": "quicksort",
                                                        "Sort Space Used": 118,
                                                        "Sort Space Type": "Memory",
                                                        "Plans": [
                                                            {
                                                                "Node Type": "Hash Join",
                                                                "Parent Relationship": "Outer",
                                                                "Parallel Aware": false,
                                                                "Join Type": "Inner",
                                                                "Startup Cost": 30000485923.29,
                                                                "Total Cost": 30000485923.35,
                                                                "Plan Rows": 1,
                                                                "Plan Width": 57,
                                                                "Actual Startup Time": 2905.295,
                                                                "Actual Total Time": 2905.416,
                                                                "Actual Rows": 684,
                                                                "Actual Loops": 1,
                                                                "Output": [
                                                                    "mk.movie_id",
                                                                    "mc.movie_id",
                                                                    "mc.company_type_id",
                                                                    "mc.company_id",
                                                                    "mi.movie_id",
                                                                    "ml.movie_id",
                                                                    "lt.link",
                                                                    "t.title",
                                                                    "t.id"
                                                                ],
                                                                "Inner Unique": false,
                                                                "Hash Cond": "(ml.movie_id = mc.movie_id)",
                                                                "Plans": [
                                                                    {
                                                                        "Node Type": "Merge Join",
                                                                        "Parent Relationship": "Outer",
                                                                        "Parallel Aware": false,
                                                                        "Join Type": "Inner",
                                                                        "Startup Cost": 30000425224.15,
                                                                        "Total Cost": 30000425224.17,
                                                                        "Plan Rows": 1,
                                                                        "Plan Width": 45,
                                                                        "Actual Startup Time": 2246.144,
                                                                        "Actual Total Time": 2246.188,
                                                                        "Actual Rows": 133,
                                                                        "Actual Loops": 1,
                                                                        "Output": [
                                                                            "mk.movie_id",
                                                                            "mi.movie_id",
                                                                            "ml.movie_id",
                                                                            "lt.link",
                                                                            "t.title",
                                                                            "t.id"
                                                                        ],
                                                                        "Inner Unique": false,
                                                                        "Merge Cond": "(ml.link_type_id = lt.id)",
                                                                        "Plans": [
                                                                            {
                                                                                "Node Type": "Sort",
                                                                                "Parent Relationship": "Outer",
                                                                                "Parallel Aware": false,
                                                                                "Startup Cost": 20000425222.91,
                                                                                "Total Cost": 20000425222.92,
                                                                                "Plan Rows": 1,
                                                                                "Plan Width": 37,
                                                                                "Actual Startup Time": 2246.122,
                                                                                "Actual Total Time": 2246.137,
                                                                                "Actual Rows": 133,
                                                                                "Actual Loops": 1,
                                                                                "Output": [
                                                                                    "mk.movie_id",
                                                                                    "mi.movie_id",
                                                                                    "ml.link_type_id",
                                                                                    "ml.movie_id",
                                                                                    "t.title",
                                                                                    "t.id"
                                                                                ],
                                                                                "Sort Key": [
                                                                                    "ml.link_type_id"
                                                                                ],
                                                                                "Sort Method": "quicksort",
                                                                                "Sort Space Used": 35,
                                                                                "Sort Space Type": "Memory",
                                                                                "Plans": [
                                                                                    {
                                                                                        "Node Type": "Nested Loop",
                                                                                        "Parent Relationship": "Outer",
                                                                                        "Parallel Aware": false,
                                                                                        "Join Type": "Inner",
                                                                                        "Startup Cost": 20000425194.15,
                                                                                        "Total Cost": 20000425222.9,
                                                                                        "Plan Rows": 1,
                                                                                        "Plan Width": 37,
                                                                                        "Actual Startup Time": 2245.135,
                                                                                        "Actual Total Time": 2246.077,
                                                                                        "Actual Rows": 133,
                                                                                        "Actual Loops": 1,
                                                                                        "Output": [
                                                                                            "mk.movie_id",
                                                                                            "mi.movie_id",
                                                                                            "ml.link_type_id",
                                                                                            "ml.movie_id",
                                                                                            "t.title",
                                                                                            "t.id"
                                                                                        ],
                                                                                        "Inner Unique": true,
                                                                                        "Join Filter": "(ml.movie_id = t.id)",
                                                                                        "Rows Removed by Join Filter": 0,
                                                                                        "Plans": [
                                                                                            {
                                                                                                "Node Type": "Merge Join",
                                                                                                "Parent Relationship": "Outer",
                                                                                                "Parallel Aware": false,
                                                                                                "Join Type": "Inner",
                                                                                                "Startup Cost": 10000425193.71,
                                                                                                "Total Cost": 10000425213.96,
                                                                                                "Plan Rows": 2,
                                                                                                "Plan Width": 16,
                                                                                                "Actual Startup Time": 2244.698,
                                                                                                "Actual Total Time": 2244.879,
                                                                                                "Actual Rows": 267,
                                                                                                "Actual Loops": 1,
                                                                                                "Output": [
                                                                                                    "mk.movie_id",
                                                                                                    "mi.movie_id",
                                                                                                    "ml.link_type_id",
                                                                                                    "ml.movie_id"
                                                                                                ],
                                                                                                "Inner Unique": false,
                                                                                                "Merge Cond": "(mk.movie_id = ml.movie_id)",
                                                                                                "Plans": [
                                                                                                    {
                                                                                                        "Node Type": "Sort",
                                                                                                        "Parent Relationship": "Outer",
                                                                                                        "Parallel Aware": false,
                                                                                                        "Startup Cost": 3838.96,
                                                                                                        "Total Cost": 3839.05,
                                                                                                        "Plan Rows": 34,
                                                                                                        "Plan Width": 4,
                                                                                                        "Actual Startup Time": 25.379,
                                                                                                        "Actual Total Time": 25.386,
                                                                                                        "Actual Rows": 37,
                                                                                                        "Actual Loops": 1,
                                                                                                        "Output": [
                                                                                                            "mk.movie_id"
                                                                                                        ],
                                                                                                        "Sort Key": [
                                                                                                            "mk.movie_id"
                                                                                                        ],
                                                                                                        "Sort Method": "quicksort",
                                                                                                        "Sort Space Used": 879,
                                                                                                        "Sort Space Type": "Memory",
                                                                                                        "Plans": [
                                                                                                            {
                                                                                                                "Node Type": "Nested Loop",
                                                                                                                "Parent Relationship": "Outer",
                                                                                                                "Parallel Aware": false,
                                                                                                                "Join Type": "Inner",
                                                                                                                "Startup Cost": 0.43,
                                                                                                                "Total Cost": 3838.1,
                                                                                                                "Plan Rows": 34,
                                                                                                                "Plan Width": 4,
                                                                                                                "Actual Startup Time": 0.788,
                                                                                                                "Actual Total Time": 23.128,
                                                                                                                "Actual Rows": 10544,
                                                                                                                "Actual Loops": 1,
                                                                                                                "Output": [
                                                                                                                    "mk.movie_id"
                                                                                                                ],
                                                                                                                "Inner Unique": false,
                                                                                                                "Plans": [
                                                                                                                    {
                                                                                                                        "Node Type": "Seq Scan",
                                                                                                                        "Parent Relationship": "Outer",
                                                                                                                        "Parallel Aware": false,
                                                                                                                        "Relation Name": "keyword",
                                                                                                                        "Schema": "public",
                                                                                                                        "Alias": "k",
                                                                                                                        "Startup Cost": 0.0,
                                                                                                                        "Total Cost": 2626.12,
                                                                                                                        "Plan Rows": 1,
                                                                                                                        "Plan Width": 4,
                                                                                                                        "Actual Startup Time": 0.717,
                                                                                                                        "Actual Total Time": 12.339,
                                                                                                                        "Actual Rows": 1,
                                                                                                                        "Actual Loops": 1,
                                                                                                                        "Output": [
                                                                                                                            "k.id",
                                                                                                                            "k.keyword",
                                                                                                                            "k.phonetic_code"
                                                                                                                        ],
                                                                                                                        "Filter": "(k.keyword = 'sequel'::text)",
                                                                                                                        "Rows Removed by Filter": 134169
                                                                                                                    },
                                                                                                                    {
                                                                                                                        "Node Type": "Index Scan",
                                                                                                                        "Parent Relationship": "Inner",
                                                                                                                        "Parallel Aware": false,
                                                                                                                        "Scan Direction": "Forward",
                                                                                                                        "Index Name": "keyword_id_movie_keyword",
                                                                                                                        "Relation Name": "movie_keyword",
                                                                                                                        "Schema": "public",
                                                                                                                        "Alias": "mk",
                                                                                                                        "Startup Cost": 0.43,
                                                                                                                        "Total Cost": 1208.97,
                                                                                                                        "Plan Rows": 300,
                                                                                                                        "Plan Width": 8,
                                                                                                                        "Actual Startup Time": 0.066,
                                                                                                                        "Actual Total Time": 9.449,
                                                                                                                        "Actual Rows": 10544,
                                                                                                                        "Actual Loops": 1,
                                                                                                                        "Output": [
                                                                                                                            "mk.id",
                                                                                                                            "mk.movie_id",
                                                                                                                            "mk.keyword_id"
                                                                                                                        ],
                                                                                                                        "Index Cond": "(mk.keyword_id = k.id)",
                                                                                                                        "Rows Removed by Index Recheck": 0
                                                                                                                    }
                                                                                                                ]
                                                                                                            }
                                                                                                        ]
                                                                                                    },
                                                                                                    {
                                                                                                        "Node Type": "Sort",
                                                                                                        "Parent Relationship": "Inner",
                                                                                                        "Parallel Aware": false,
                                                                                                        "Startup Cost": 10000421354.69,
                                                                                                        "Total Cost": 10000421364.83,
                                                                                                        "Plan Rows": 4059,
                                                                                                        "Plan Width": 12,
                                                                                                        "Actual Startup Time": 2219.298,
                                                                                                        "Actual Total Time": 2219.373,
                                                                                                        "Actual Rows": 1190,
                                                                                                        "Actual Loops": 1,
                                                                                                        "Output": [
                                                                                                            "mi.movie_id",
                                                                                                            "ml.link_type_id",
                                                                                                            "ml.movie_id"
                                                                                                        ],
                                                                                                        "Sort Key": [
                                                                                                            "mi.movie_id"
                                                                                                        ],
                                                                                                        "Sort Method": "quicksort",
                                                                                                        "Sort Space Used": 104,
                                                                                                        "Sort Space Type": "Memory",
                                                                                                        "Plans": [
                                                                                                            {
                                                                                                                "Node Type": "Hash Join",
                                                                                                                "Parent Relationship": "Outer",
                                                                                                                "Parallel Aware": false,
                                                                                                                "Join Type": "Inner",
                                                                                                                "Startup Cost": 10000001486.47,
                                                                                                                "Total Cost": 10000421111.41,
                                                                                                                "Plan Rows": 4059,
                                                                                                                "Plan Width": 12,
                                                                                                                "Actual Startup Time": 203.4,
                                                                                                                "Actual Total Time": 2219.142,
                                                                                                                "Actual Rows": 1190,
                                                                                                                "Actual Loops": 1,
                                                                                                                "Output": [
                                                                                                                    "mi.movie_id",
                                                                                                                    "ml.link_type_id",
                                                                                                                    "ml.movie_id"
                                                                                                                ],
                                                                                                                "Inner Unique": false,
                                                                                                                "Hash Cond": "(mi.movie_id = ml.movie_id)",
                                                                                                                "Plans": [
                                                                                                                    {
                                                                                                                        "Node Type": "Seq Scan",
                                                                                                                        "Parent Relationship": "Outer",
                                                                                                                        "Parallel Aware": false,
                                                                                                                        "Relation Name": "movie_info",
                                                                                                                        "Schema": "public",
                                                                                                                        "Alias": "mi",
                                                                                                                        "Startup Cost": 0.0,
                                                                                                                        "Total Cost": 383319.42,
                                                                                                                        "Plan Rows": 50809,
                                                                                                                        "Plan Width": 4,
                                                                                                                        "Actual Startup Time": 191.544,
                                                                                                                        "Actual Total Time": 2199.941,
                                                                                                                        "Actual Rows": 54848,
                                                                                                                        "Actual Loops": 1,
                                                                                                                        "Output": [
                                                                                                                            "mi.id",
                                                                                                                            "mi.movie_id",
                                                                                                                            "mi.info_type_id",
                                                                                                                            "mi.info",
                                                                                                                            "mi.note"
                                                                                                                        ],
                                                                                                                        "Filter": "(mi.info = ANY ('{Norway,American,Germany,\"Sweden:27 March 1998\"}'::text[]))",
                                                                                                                        "Rows Removed by Filter": 14780872
                                                                                                                    },
                                                                                                                    {
                                                                                                                        "Node Type": "Hash",
                                                                                                                        "Parent Relationship": "Inner",
                                                                                                                        "Parallel Aware": false,
                                                                                                                        "Startup Cost": 10000001111.51,
                                                                                                                        "Total Cost": 10000001111.51,
                                                                                                                        "Plan Rows": 29997,
                                                                                                                        "Plan Width": 8,
                                                                                                                        "Actual Startup Time": 11.804,
                                                                                                                        "Actual Total Time": 11.806,
                                                                                                                        "Actual Rows": 29997,
                                                                                                                        "Actual Loops": 1,
                                                                                                                        "Output": [
                                                                                                                            "ml.link_type_id",
                                                                                                                            "ml.movie_id"
                                                                                                                        ],
                                                                                                                        "Hash Buckets": 32768,
                                                                                                                        "Original Hash Buckets": 32768,
                                                                                                                        "Hash Batches": 1,
                                                                                                                        "Original Hash Batches": 1,
                                                                                                                        "Peak Memory Usage": 1428,
                                                                                                                        "Plans": [
                                                                                                                            {
                                                                                                                                "Node Type": "Index Scan",
                                                                                                                                "Parent Relationship": "Outer",
                                                                                                                                "Parallel Aware": false,
                                                                                                                                "Scan Direction": "Forward",
                                                                                                                                "Index Name": "movie_id_movie_link",
                                                                                                                                "Relation Name": "movie_link",
                                                                                                                                "Schema": "public",
                                                                                                                                "Alias": "ml",
                                                                                                                                "Startup Cost": 10000000000.29,
                                                                                                                                "Total Cost": 10000001111.51,
                                                                                                                                "Plan Rows": 29997,
                                                                                                                                "Plan Width": 8,
                                                                                                                                "Actual Startup Time": 0.018,
                                                                                                                                "Actual Total Time": 6.941,
                                                                                                                                "Actual Rows": 29997,
                                                                                                                                "Actual Loops": 1,
                                                                                                                                "Output": [
                                                                                                                                    "ml.link_type_id",
                                                                                                                                    "ml.movie_id"
                                                                                                                                ]
                                                                                                                            }
                                                                                                                        ]
                                                                                                                    }
                                                                                                                ]
                                                                                                            }
                                                                                                        ]
                                                                                                    }
                                                                                                ]
                                                                                            },
                                                                                            {
                                                                                                "Node Type": "Bitmap Heap Scan",
                                                                                                "Parent Relationship": "Inner",
                                                                                                "Parallel Aware": false,
                                                                                                "Relation Name": "title",
                                                                                                "Schema": "public",
                                                                                                "Alias": "t",
                                                                                                "Startup Cost": 0.45,
                                                                                                "Total Cost": 4.46,
                                                                                                "Plan Rows": 1,
                                                                                                "Plan Width": 21,
                                                                                                "Actual Startup Time": 0.003,
                                                                                                "Actual Total Time": 0.003,
                                                                                                "Actual Rows": 0,
                                                                                                "Actual Loops": 267,
                                                                                                "Output": [
                                                                                                    "t.id",
                                                                                                    "t.title",
                                                                                                    "t.imdb_index",
                                                                                                    "t.kind_id",
                                                                                                    "t.production_year",
                                                                                                    "t.imdb_id",
                                                                                                    "t.phonetic_code",
                                                                                                    "t.episode_of_id",
                                                                                                    "t.season_nr",
                                                                                                    "t.episode_nr",
                                                                                                    "t.series_years",
                                                                                                    "t.md5sum"
                                                                                                ],
                                                                                                "Recheck Cond": "(t.id = mk.movie_id)",
                                                                                                "Rows Removed by Index Recheck": 0,
                                                                                                "Filter": "(t.production_year = 1998)",
                                                                                                "Rows Removed by Filter": 1,
                                                                                                "Exact Heap Blocks": 267,
                                                                                                "Lossy Heap Blocks": 0,
                                                                                                "Plans": [
                                                                                                    {
                                                                                                        "Node Type": "Bitmap Index Scan",
                                                                                                        "Parent Relationship": "Outer",
                                                                                                        "Parallel Aware": false,
                                                                                                        "Index Name": "title_pkey",
                                                                                                        "Startup Cost": 0.0,
                                                                                                        "Total Cost": 0.45,
                                                                                                        "Plan Rows": 1,
                                                                                                        "Plan Width": 0,
                                                                                                        "Actual Startup Time": 0.002,
                                                                                                        "Actual Total Time": 0.002,
                                                                                                        "Actual Rows": 1,
                                                                                                        "Actual Loops": 267,
                                                                                                        "Index Cond": "(t.id = mk.movie_id)"
                                                                                                    }
                                                                                                ]
                                                                                            }
                                                                                        ]
                                                                                    }
                                                                                ]
                                                                            },
                                                                            {
                                                                                "Node Type": "Sort",
                                                                                "Parent Relationship": "Inner",
                                                                                "Parallel Aware": false,
                                                                                "Startup Cost": 10000000001.24,
                                                                                "Total Cost": 10000000001.24,
                                                                                "Plan Rows": 1,
                                                                                "Plan Width": 16,
                                                                                "Actual Startup Time": 0.019,
                                                                                "Actual Total Time": 0.024,
                                                                                "Actual Rows": 39,
                                                                                "Actual Loops": 1,
                                                                                "Output": [
                                                                                    "lt.link",
                                                                                    "lt.id"
                                                                                ],
                                                                                "Sort Key": [
                                                                                    "lt.id"
                                                                                ],
                                                                                "Sort Method": "quicksort",
                                                                                "Sort Space Used": 25,
                                                                                "Sort Space Type": "Memory",
                                                                                "Plans": [
                                                                                    {
                                                                                        "Node Type": "Seq Scan",
                                                                                        "Parent Relationship": "Outer",
                                                                                        "Parallel Aware": false,
                                                                                        "Relation Name": "link_type",
                                                                                        "Schema": "public",
                                                                                        "Alias": "lt",
                                                                                        "Startup Cost": 10000000000.0,
                                                                                        "Total Cost": 10000000001.23,
                                                                                        "Plan Rows": 1,
                                                                                        "Plan Width": 16,
                                                                                        "Actual Startup Time": 0.009,
                                                                                        "Actual Total Time": 0.011,
                                                                                        "Actual Rows": 2,
                                                                                        "Actual Loops": 1,
                                                                                        "Output": [
                                                                                            "lt.link",
                                                                                            "lt.id"
                                                                                        ],
                                                                                        "Filter": "((lt.link)::text ~~ '%follow%'::text)",
                                                                                        "Rows Removed by Filter": 16
                                                                                    }
                                                                                ]
                                                                            }
                                                                        ]
                                                                    },
                                                                    {
                                                                        "Node Type": "Hash",
                                                                        "Parent Relationship": "Inner",
                                                                        "Parallel Aware": false,
                                                                        "Startup Cost": 44881.29,
                                                                        "Total Cost": 44881.29,
                                                                        "Plan Rows": 1265428,
                                                                        "Plan Width": 12,
                                                                        "Actual Startup Time": 657.213,
                                                                        "Actual Total Time": 657.214,
                                                                        "Actual Rows": 1271989,
                                                                        "Actual Loops": 1,
                                                                        "Output": [
                                                                            "mc.movie_id",
                                                                            "mc.company_type_id",
                                                                            "mc.company_id"
                                                                        ],
                                                                        "Hash Buckets": 2097152,
                                                                        "Original Hash Buckets": 2097152,
                                                                        "Hash Batches": 1,
                                                                        "Original Hash Batches": 1,
                                                                        "Peak Memory Usage": 71040,
                                                                        "Plans": [
                                                                            {
                                                                                "Node Type": "Seq Scan",
                                                                                "Parent Relationship": "Outer",
                                                                                "Parallel Aware": false,
                                                                                "Relation Name": "movie_companies",
                                                                                "Schema": "public",
                                                                                "Alias": "mc",
                                                                                "Startup Cost": 0.0,
                                                                                "Total Cost": 44881.29,
                                                                                "Plan Rows": 1265428,
                                                                                "Plan Width": 12,
                                                                                "Actual Startup Time": 0.027,
                                                                                "Actual Total Time": 347.043,
                                                                                "Actual Rows": 1271989,
                                                                                "Actual Loops": 1,
                                                                                "Output": [
                                                                                    "mc.movie_id",
                                                                                    "mc.company_type_id",
                                                                                    "mc.company_id"
                                                                                ],
                                                                                "Filter": "(mc.note IS NULL)",
                                                                                "Rows Removed by Filter": 1337140
                                                                            }
                                                                        ]
                                                                    }
                                                                ]
                                                            }
                                                        ]
                                                    },
                                                    {
                                                        "Node Type": "Sort",
                                                        "Parent Relationship": "Inner",
                                                        "Parallel Aware": false,
                                                        "Startup Cost": 13593.56,
                                                        "Total Cost": 13931.28,
                                                        "Plan Rows": 135086,
                                                        "Plan Width": 12,
                                                        "Actual Startup Time": 35.468,
                                                        "Actual Total Time": 35.814,
                                                        "Actual Rows": 5573,
                                                        "Actual Loops": 1,
                                                        "Output": [
                                                            "cc.movie_id",
                                                            "cc.subject_id",
                                                            "cc.status_id"
                                                        ],
                                                        "Sort Key": [
                                                            "cc.movie_id"
                                                        ],
                                                        "Sort Method": "quicksort",
                                                        "Sort Space Used": 12477,
                                                        "Sort Space Type": "Memory",
                                                        "Plans": [
                                                            {
                                                                "Node Type": "Seq Scan",
                                                                "Parent Relationship": "Outer",
                                                                "Parallel Aware": false,
                                                                "Relation Name": "complete_cast",
                                                                "Schema": "public",
                                                                "Alias": "cc",
                                                                "Startup Cost": 0.0,
                                                                "Total Cost": 2081.86,
                                                                "Plan Rows": 135086,
                                                                "Plan Width": 12,
                                                                "Actual Startup Time": 0.017,
                                                                "Actual Total Time": 11.933,
                                                                "Actual Rows": 135086,
                                                                "Actual Loops": 1,
                                                                "Output": [
                                                                    "cc.movie_id",
                                                                    "cc.subject_id",
                                                                    "cc.status_id"
                                                                ]
                                                            }
                                                        ]
                                                    }
                                                ]
                                            },
                                            {
                                                "Node Type": "Bitmap Heap Scan",
                                                "Parent Relationship": "Inner",
                                                "Parallel Aware": false,
                                                "Relation Name": "comp_cast_type",
                                                "Schema": "public",
                                                "Alias": "cct1",
                                                "Startup Cost": 0.14,
                                                "Total Cost": 4.15,
                                                "Plan Rows": 1,
                                                "Plan Width": 4,
                                                "Actual Startup Time": 0.002,
                                                "Actual Total Time": 0.002,
                                                "Actual Rows": 0,
                                                "Actual Loops": 912,
                                                "Output": [
                                                    "cct1.id",
                                                    "cct1.kind"
                                                ],
                                                "Recheck Cond": "(cct1.id = cc.subject_id)",
                                                "Rows Removed by Index Recheck": 0,
                                                "Filter": "((cct1.kind)::text = ANY ('{complete,crew}'::text[]))",
                                                "Rows Removed by Filter": 0,
                                                "Exact Heap Blocks": 912,
                                                "Lossy Heap Blocks": 0,
                                                "Plans": [
                                                    {
                                                        "Node Type": "Bitmap Index Scan",
                                                        "Parent Relationship": "Outer",
                                                        "Parallel Aware": false,
                                                        "Index Name": "comp_cast_type_pkey",
                                                        "Startup Cost": 0.0,
                                                        "Total Cost": 0.14,
                                                        "Plan Rows": 1,
                                                        "Plan Width": 0,
                                                        "Actual Startup Time": 0.001,
                                                        "Actual Total Time": 0.001,
                                                        "Actual Rows": 1,
                                                        "Actual Loops": 912,
                                                        "Index Cond": "(cct1.id = cc.subject_id)"
                                                    }
                                                ]
                                            }
                                        ]
                                    },
                                    {
                                        "Node Type": "Bitmap Heap Scan",
                                        "Parent Relationship": "Inner",
                                        "Parallel Aware": false,
                                        "Relation Name": "comp_cast_type",
                                        "Schema": "public",
                                        "Alias": "cct2",
                                        "Startup Cost": 0.14,
                                        "Total Cost": 4.15,
                                        "Plan Rows": 1,
                                        "Plan Width": 4,
                                        "Actual Startup Time": 0.002,
                                        "Actual Total Time": 0.002,
                                        "Actual Rows": 1,
                                        "Actual Loops": 456,
                                        "Output": [
                                            "cct2.id",
                                            "cct2.kind"
                                        ],
                                        "Recheck Cond": "(cct2.id = cc.status_id)",
                                        "Rows Removed by Index Recheck": 0,
                                        "Filter": "((cct2.kind)::text = 'complete'::text)",
                                        "Rows Removed by Filter": 0,
                                        "Exact Heap Blocks": 456,
                                        "Lossy Heap Blocks": 0,
                                        "Plans": [
                                            {
                                                "Node Type": "Bitmap Index Scan",
                                                "Parent Relationship": "Outer",
                                                "Parallel Aware": false,
                                                "Index Name": "comp_cast_type_pkey",
                                                "Startup Cost": 0.0,
                                                "Total Cost": 0.14,
                                                "Plan Rows": 1,
                                                "Plan Width": 0,
                                                "Actual Startup Time": 0.001,
                                                "Actual Total Time": 0.001,
                                                "Actual Rows": 1,
                                                "Actual Loops": 456,
                                                "Index Cond": "(cct2.id = cc.status_id)"
                                            }
                                        ]
                                    }
                                ]
                            },
                            {
                                "Node Type": "Bitmap Heap Scan",
                                "Parent Relationship": "Inner",
                                "Parallel Aware": false,
                                "Relation Name": "company_name",
                                "Schema": "public",
                                "Alias": "cn",
                                "Startup Cost": 0.43,
                                "Total Cost": 4.45,
                                "Plan Rows": 1,
                                "Plan Width": 23,
                                "Actual Startup Time": 0.003,
                                "Actual Total Time": 0.003,
                                "Actual Rows": 0,
                                "Actual Loops": 456,
                                "Output": [
                                    "cn.id",
                                    "cn.name",
                                    "cn.country_code",
                                    "cn.imdb_id",
                                    "cn.name_pcode_nf",
                                    "cn.name_pcode_sf",
                                    "cn.md5sum"
                                ],
                                "Recheck Cond": "(cn.id = mc.company_id)",
                                "Rows Removed by Index Recheck": 0,
                                "Filter": "(((cn.country_code)::text <> '[pl]'::text) AND ((cn.name ~~ '%Film%'::text) OR (cn.name ~~ '%Warner%'::text)))",
                                "Rows Removed by Filter": 1,
                                "Exact Heap Blocks": 456,
                                "Lossy Heap Blocks": 0,
                                "Plans": [
                                    {
                                        "Node Type": "Bitmap Index Scan",
                                        "Parent Relationship": "Outer",
                                        "Parallel Aware": false,
                                        "Index Name": "company_name_pkey",
                                        "Startup Cost": 0.0,
                                        "Total Cost": 0.43,
                                        "Plan Rows": 1,
                                        "Plan Width": 0,
                                        "Actual Startup Time": 0.002,
                                        "Actual Total Time": 0.002,
                                        "Actual Rows": 1,
                                        "Actual Loops": 456,
                                        "Index Cond": "(cn.id = mc.company_id)"
                                    }
                                ]
                            }
                        ]
                    },
                    {
                        "Node Type": "Bitmap Heap Scan",
                        "Parent Relationship": "Inner",
                        "Parallel Aware": false,
                        "Relation Name": "company_type",
                        "Schema": "public",
                        "Alias": "ct",
                        "Startup Cost": 0.14,
                        "Total Cost": 4.15,
                        "Plan Rows": 1,
                        "Plan Width": 4,
                        "Actual Startup Time": 0.002,
                        "Actual Total Time": 0.002,
                        "Actual Rows": 1,
                        "Actual Loops": 171,
                        "Output": [
                            "ct.id",
                            "ct.kind"
                        ],
                        "Recheck Cond": "(ct.id = mc.company_type_id)",
                        "Rows Removed by Index Recheck": 0,
                        "Filter": "((ct.kind)::text = 'production companies'::text)",
                        "Rows Removed by Filter": 0,
                        "Exact Heap Blocks": 171,
                        "Lossy Heap Blocks": 0,
                        "Plans": [
                            {
                                "Node Type": "Bitmap Index Scan",
                                "Parent Relationship": "Outer",
                                "Parallel Aware": false,
                                "Index Name": "company_type_pkey",
                                "Startup Cost": 0.0,
                                "Total Cost": 0.14,
                                "Plan Rows": 1,
                                "Plan Width": 0,
                                "Actual Startup Time": 0.001,
                                "Actual Total Time": 0.001,
                                "Actual Rows": 1,
                                "Actual Loops": 171,
                                "Index Cond": "(ct.id = mc.company_type_id)"
                            }
                        ]
                    }
                ]
            }
        ]
    },
    "Planning Time": 53.219,
    "Triggers": [],
    "Execution Time": 2950.71
}