[
  {
    "Plan": {
      "Node Type": "Aggregate",
      "Strategy": "Plain",
      "Partial Mode": "Finalize",
      "Parallel Aware": false,
      "Startup Cost": 332936.16,
      "Total Cost": 332936.17,
      "Plan Rows": 1,
      "Plan Width": 8,
      "Actual Startup Time": 735.405,
      "Actual Total Time": 797.552,
      "Actual Rows": 1,
      "Actual Loops": 1,
      "Plans": [
        {
          "Node Type": "Gather",
          "Parent Relationship": "Outer",
          "Parallel Aware": false,
          "Startup Cost": 332935.54,
          "Total Cost": 332936.15,
          "Plan Rows": 6,
          "Plan Width": 8,
          "Actual Startup Time": 735.215,
          "Actual Total Time": 797.541,
          "Actual Rows": 7,
          "Actual Loops": 1,
          "Workers Planned": 6,
          "Workers Launched": 6,
          "Single Copy": false,
          "Plans": [
            {
              "Node Type": "Aggregate",
              "Strategy": "Plain",
              "Partial Mode": "Partial",
              "Parent Relationship": "Outer",
              "Parallel Aware": false,
              "Startup Cost": 331935.54,
              "Total Cost": 331935.55,
              "Plan Rows": 1,
              "Plan Width": 8,
              "Actual Startup Time": 725.189,
              "Actual Total Time": 725.19,
              "Actual Rows": 1,
              "Actual Loops": 7,
              "Plans": [
                {
                  "Node Type": "Seq Scan",
                  "Parent Relationship": "Outer",
                  "Parallel Aware": true,
                  "Relation Name": "cast_info",
                  "Alias": "ci",
                  "Startup Cost": 0.0,
                  "Total Cost": 328211.39,
                  "Plan Rows": 1489658,
                  "Plan Width": 0,
                  "Actual Startup Time": 404.062,
                  "Actual Total Time": 663.606,
                  "Actual Rows": 1258279,
                  "Actual Loops": 7,
                  "Filter": "(person_id > 2811042)",
                  "Rows Removed by Filter": 3919484
                }
              ]
            }
          ]
        }
      ]
    },
    "Planning Time": 0.197,
    "Triggers": [],
    "Execution Time": 797.623
  }
]