{
  "Plan": {
    "Node Type": "Aggregate",
    "Strategy": "Plain",
    "Partial Mode": "Finalize",
    "Parallel Aware": false,
    "Startup Cost": 17993.32,
    "Total Cost": 17993.33,
    "Plan Rows": 1,
    "Plan Width": 8,
    "Actual Startup Time": 22.444,
    "Actual Total Time": 25.377,
    "Actual Rows": 1,
    "Actual Loops": 1,
    "Plans": [
      {
        "Node Type": "Gather",
        "Parent Relationship": "Outer",
        "Parallel Aware": false,
        "Startup Cost": 17993.21,
        "Total Cost": 17993.32,
        "Plan Rows": 1,
        "Plan Width": 8,
        "Actual Startup Time": 22.296,
        "Actual Total Time": 25.37,
        "Actual Rows": 2,
        "Actual Loops": 1,
        "Workers Planned": 1,
        "Workers Launched": 1,
        "Single Copy": false,
        "Plans": [
          {
            "Node Type": "Aggregate",
            "Strategy": "Plain",
            "Partial Mode": "Partial",
            "Parent Relationship": "Outer",
            "Parallel Aware": false,
            "Startup Cost": 16993.21,
            "Total Cost": 16993.22,
            "Plan Rows": 1,
            "Plan Width": 8,
            "Actual Startup Time": 16.343,
            "Actual Total Time": 16.345,
            "Actual Rows": 1,
            "Actual Loops": 2,
            "Plans": [
              {
                "Node Type": "Nested Loop",
                "Parent Relationship": "Outer",
                "Parallel Aware": false,
                "Join Type": "Inner",
                "Startup Cost": 79.38,
                "Total Cost": 16990.69,
                "Plan Rows": 1008,
                "Plan Width": 0,
                "Actual Startup Time": 1.445,
                "Actual Total Time": 16.084,
                "Actual Rows": 1258,
                "Actual Loops": 2,
                "Inner Unique": true,
                "Plans": [
                  {
                    "Node Type": "Bitmap Heap Scan",
                    "Parent Relationship": "Outer",
                    "Parallel Aware": true,
                    "Relation Name": "movie_companies",
                    "Alias": "mc",
                    "Startup Cost": 78.95,
                    "Total Cost": 8915.76,
                    "Plan Rows": 1008,
                    "Plan Width": 4,
                    "Actual Startup Time": 1.267,
                    "Actual Total Time": 3.787,
                    "Actual Rows": 1258,
                    "Actual Loops": 2,
                    "Recheck Cond": "(company_id = 67)",
                    "Rows Removed by Index Recheck": 0,
                    "Filter": "(company_type_id < 2)",
                    "Rows Removed by Filter": 582,
                    "Exact Heap Blocks": 702,
                    "Lossy Heap Blocks": 0,
                    "Plans": [
                      {
                        "Node Type": "Bitmap Index Scan",
                        "Parent Relationship": "Outer",
                        "Parallel Aware": false,
                        "Index Name": "company_id_movie_companies",
                        "Startup Cost": 0.0,
                        "Total Cost": 78.52,
                        "Plan Rows": 3479,
                        "Plan Width": 0,
                        "Actual Startup Time": 2.037,
                        "Actual Total Time": 2.037,
                        "Actual Rows": 3681,
                        "Actual Loops": 1,
                        "Index Cond": "(company_id = 67)"
                      }
                    ]
                  },
                  {
                    "Node Type": "Index Only Scan",
                    "Parent Relationship": "Inner",
                    "Parallel Aware": false,
                    "Scan Direction": "Forward",
                    "Index Name": "title_pkey",
                    "Relation Name": "title",
                    "Alias": "t",
                    "Startup Cost": 0.43,
                    "Total Cost": 8.01,
                    "Plan Rows": 1,
                    "Plan Width": 4,
                    "Actual Startup Time": 0.009,
                    "Actual Total Time": 0.009,
                    "Actual Rows": 1,
                    "Actual Loops": 2517,
                    "Index Cond": "(id = mc.movie_id)",
                    "Rows Removed by Index Recheck": 0,
                    "Heap Fetches": 2517
                  }
                ]
              }
            ]
          }
        ]
      }
    ]
  },
  "Planning Time": 0.753,
  "Triggers": [],
  "Execution Time": 25.464
}