{
    "Plan": {
        "Node Type": "Aggregate",
        "Strategy": "Plain",
        "Partial Mode": "Simple",
        "Parallel Aware": false,
        "Startup Cost": 60001522975.39,
        "Total Cost": 60001522975.4,
        "Plan Rows": 1,
        "Plan Width": 96,
        "Actual Startup Time": 9422.938,
        "Actual Total Time": 9505.153,
        "Actual Rows": 1,
        "Actual Loops": 1,
        "Output": [
            "min(cn.name)",
            "min(mi_idx.info)",
            "min(t.title)"
        ],
        "Plans": [
            {
                "Node Type": "Nested Loop",
                "Parent Relationship": "Outer",
                "Parallel Aware": false,
                "Join Type": "Inner",
                "Startup Cost": 60000362268.24,
                "Total Cost": 60001522975.39,
                "Plan Rows": 1,
                "Plan Width": 41,
                "Actual Startup Time": 3123.373,
                "Actual Total Time": 9489.69,
                "Actual Rows": 25779,
                "Actual Loops": 1,
                "Output": [
                    "cn.name",
                    "mi_idx.info",
                    "t.title"
                ],
                "Inner Unique": true,
                "Plans": [
                    {
                        "Node Type": "Nested Loop",
                        "Parent Relationship": "Outer",
                        "Parallel Aware": false,
                        "Join Type": "Inner",
                        "Startup Cost": 50000362268.1,
                        "Total Cost": 50001522969.63,
                        "Plan Rows": 1,
                        "Plan Width": 45,
                        "Actual Startup Time": 3123.363,
                        "Actual Total Time": 9339.788,
                        "Actual Rows": 25779,
                        "Actual Loops": 1,
                        "Output": [
                            "cn.name",
                            "mc.company_type_id",
                            "mi_idx.info",
                            "t.title"
                        ],
                        "Inner Unique": true,
                        "Plans": [
                            {
                                "Node Type": "Hash Join",
                                "Parent Relationship": "Outer",
                                "Parallel Aware": false,
                                "Join Type": "Inner",
                                "Startup Cost": 40000362267.65,
                                "Total Cost": 40001522965.16,
                                "Plan Rows": 1,
                                "Plan Width": 30,
                                "Actual Startup Time": 3123.337,
                                "Actual Total Time": 9113.365,
                                "Actual Rows": 27683,
                                "Actual Loops": 1,
                                "Output": [
                                    "mc.company_type_id",
                                    "mc.company_id",
                                    "mi_idx.info",
                                    "t.title"
                                ],
                                "Inner Unique": false,
                                "Hash Cond": "(t.kind_id = kt.id)",
                                "Plans": [
                                    {
                                        "Node Type": "Nested Loop",
                                        "Parent Relationship": "Outer",
                                        "Parallel Aware": false,
                                        "Join Type": "Inner",
                                        "Startup Cost": 30000362266.54,
                                        "Total Cost": 30001522964.04,
                                        "Plan Rows": 1,
                                        "Plan Width": 34,
                                        "Actual Startup Time": 3093.011,
                                        "Actual Total Time": 9095.836,
                                        "Actual Rows": 30646,
                                        "Actual Loops": 1,
                                        "Output": [
                                            "mc.company_type_id",
                                            "mc.company_id",
                                            "mi_idx.info",
                                            "t.title",
                                            "t.kind_id"
                                        ],
                                        "Inner Unique": true,
                                        "Plans": [
                                            {
                                                "Node Type": "Gather",
                                                "Parent Relationship": "Outer",
                                                "Parallel Aware": false,
                                                "Startup Cost": 20000362266.39,
                                                "Total Cost": 20001522955.86,
                                                "Plan Rows": 1,
                                                "Plan Width": 38,
                                                "Actual Startup Time": 3092.99,
                                                "Actual Total Time": 8883.502,
                                                "Actual Rows": 33400,
                                                "Actual Loops": 1,
                                                "Output": [
                                                    "mi_idx.info",
                                                    "mc.company_type_id",
                                                    "mc.company_id",
                                                    "mi.info_type_id",
                                                    "t.title",
                                                    "t.kind_id"
                                                ],
                                                "Workers Planned": 3,
                                                "Workers Launched": 3,
                                                "Single Copy": false,
                                                "Plans": [
                                                    {
                                                        "Node Type": "Merge Join",
                                                        "Parent Relationship": "Outer",
                                                        "Parallel Aware": false,
                                                        "Join Type": "Inner",
                                                        "Startup Cost": 20000361266.39,
                                                        "Total Cost": 20001521955.76,
                                                        "Plan Rows": 1,
                                                        "Plan Width": 38,
                                                        "Actual Startup Time": 3698.666,
                                                        "Actual Total Time": 8964.605,
                                                        "Actual Rows": 8350,
                                                        "Actual Loops": 4,
                                                        "Output": [
                                                            "mi_idx.info",
                                                            "mc.company_type_id",
                                                            "mc.company_id",
                                                            "mi.info_type_id",
                                                            "t.title",
                                                            "t.kind_id"
                                                        ],
                                                        "Inner Unique": false,
                                                        "Merge Cond": "(mc.movie_id = t.id)",
                                                        "Workers": [
                                                            {
                                                                "Worker Number": 0,
                                                                "Actual Startup Time": 3750.411,
                                                                "Actual Total Time": 9381.2,
                                                                "Actual Rows": 7130,
                                                                "Actual Loops": 1
                                                            },
                                                            {
                                                                "Worker Number": 1,
                                                                "Actual Startup Time": 3812.356,
                                                                "Actual Total Time": 9055.997,
                                                                "Actual Rows": 7901,
                                                                "Actual Loops": 1
                                                            },
                                                            {
                                                                "Worker Number": 2,
                                                                "Actual Startup Time": 4139.586,
                                                                "Actual Total Time": 9349.932,
                                                                "Actual Rows": 7447,
                                                                "Actual Loops": 1
                                                            }
                                                        ],
                                                        "Plans": [
                                                            {
                                                                "Node Type": "Sort",
                                                                "Parent Relationship": "Outer",
                                                                "Parallel Aware": false,
                                                                "Startup Cost": 35148.53,
                                                                "Total Cost": 35268.57,
                                                                "Plan Rows": 48018,
                                                                "Plan Width": 12,
                                                                "Actual Startup Time": 189.358,
                                                                "Actual Total Time": 193.541,
                                                                "Actual Rows": 75804,
                                                                "Actual Loops": 4,
                                                                "Output": [
                                                                    "mc.movie_id",
                                                                    "mc.company_type_id",
                                                                    "mc.company_id"
                                                                ],
                                                                "Sort Key": [
                                                                    "mc.movie_id"
                                                                ],
                                                                "Sort Method": "quicksort",
                                                                "Sort Space Used": 8039,
                                                                "Sort Space Type": "Memory",
                                                                "Workers": [
                                                                    {
                                                                        "Worker Number": 0,
                                                                        "Actual Startup Time": 185.598,
                                                                        "Actual Total Time": 189.589,
                                                                        "Actual Rows": 65548,
                                                                        "Actual Loops": 1
                                                                    },
                                                                    {
                                                                        "Worker Number": 1,
                                                                        "Actual Startup Time": 184.82,
                                                                        "Actual Total Time": 188.517,
                                                                        "Actual Rows": 66201,
                                                                        "Actual Loops": 1
                                                                    },
                                                                    {
                                                                        "Worker Number": 2,
                                                                        "Actual Startup Time": 184.746,
                                                                        "Actual Total Time": 188.486,
                                                                        "Actual Rows": 65549,
                                                                        "Actual Loops": 1
                                                                    }
                                                                ],
                                                                "Plans": [
                                                                    {
                                                                        "Node Type": "Seq Scan",
                                                                        "Parent Relationship": "Outer",
                                                                        "Parallel Aware": true,
                                                                        "Relation Name": "movie_companies",
                                                                        "Schema": "public",
                                                                        "Alias": "mc",
                                                                        "Startup Cost": 0.0,
                                                                        "Total Cost": 31414.82,
                                                                        "Plan Rows": 48018,
                                                                        "Plan Width": 12,
                                                                        "Actual Startup Time": 0.073,
                                                                        "Actual Total Time": 165.061,
                                                                        "Actual Rows": 75818,
                                                                        "Actual Loops": 4,
                                                                        "Output": [
                                                                            "mc.movie_id",
                                                                            "mc.company_type_id",
                                                                            "mc.company_id"
                                                                        ],
                                                                        "Filter": "((mc.note !~~ '%(USA)%'::text) AND (mc.note ~~ '%(200%)%'::text))",
                                                                        "Rows Removed by Filter": 576464,
                                                                        "Workers": [
                                                                            {
                                                                                "Worker Number": 0,
                                                                                "Actual Startup Time": 0.091,
                                                                                "Actual Total Time": 162.257,
                                                                                "Actual Rows": 65561,
                                                                                "Actual Loops": 1
                                                                            },
                                                                            {
                                                                                "Worker Number": 1,
                                                                                "Actual Startup Time": 0.094,
                                                                                "Actual Total Time": 161.406,
                                                                                "Actual Rows": 66202,
                                                                                "Actual Loops": 1
                                                                            },
                                                                            {
                                                                                "Worker Number": 2,
                                                                                "Actual Startup Time": 0.096,
                                                                                "Actual Total Time": 161.699,
                                                                                "Actual Rows": 65552,
                                                                                "Actual Loops": 1
                                                                            }
                                                                        ]
                                                                    }
                                                                ]
                                                            },
                                                            {
                                                                "Node Type": "Materialize",
                                                                "Parent Relationship": "Inner",
                                                                "Parallel Aware": false,
                                                                "Startup Cost": 20000326117.86,
                                                                "Total Cost": 20001486567.12,
                                                                "Plan Rows": 3,
                                                                "Plan Width": 46,
                                                                "Actual Startup Time": 3294.873,
                                                                "Actual Total Time": 8764.29,
                                                                "Actual Rows": 13489,
                                                                "Actual Loops": 4,
                                                                "Output": [
                                                                    "mi_idx.info",
                                                                    "mi_idx.movie_id",
                                                                    "mi.movie_id",
                                                                    "mi.info_type_id",
                                                                    "mk.movie_id",
                                                                    "t.title",
                                                                    "t.kind_id",
                                                                    "t.id"
                                                                ],
                                                                "Workers": [
                                                                    {
                                                                        "Worker Number": 0,
                                                                        "Actual Startup Time": 3367.034,
                                                                        "Actual Total Time": 9185.368,
                                                                        "Actual Rows": 12402,
                                                                        "Actual Loops": 1
                                                                    },
                                                                    {
                                                                        "Worker Number": 1,
                                                                        "Actual Startup Time": 3303.383,
                                                                        "Actual Total Time": 8861.739,
                                                                        "Actual Rows": 13060,
                                                                        "Actual Loops": 1
                                                                    },
                                                                    {
                                                                        "Worker Number": 2,
                                                                        "Actual Startup Time": 3626.928,
                                                                        "Actual Total Time": 9155.8,
                                                                        "Actual Rows": 12704,
                                                                        "Actual Loops": 1
                                                                    }
                                                                ],
                                                                "Plans": [
                                                                    {
                                                                        "Node Type": "Merge Join",
                                                                        "Parent Relationship": "Outer",
                                                                        "Parallel Aware": false,
                                                                        "Join Type": "Inner",
                                                                        "Startup Cost": 20000326117.86,
                                                                        "Total Cost": 20001486567.12,
                                                                        "Plan Rows": 3,
                                                                        "Plan Width": 46,
                                                                        "Actual Startup Time": 3294.866,
                                                                        "Actual Total Time": 8761.531,
                                                                        "Actual Rows": 6126,
                                                                        "Actual Loops": 4,
                                                                        "Output": [
                                                                            "mi_idx.info",
                                                                            "mi_idx.movie_id",
                                                                            "mi.movie_id",
                                                                            "mi.info_type_id",
                                                                            "mk.movie_id",
                                                                            "t.title",
                                                                            "t.kind_id",
                                                                            "t.id"
                                                                        ],
                                                                        "Inner Unique": false,
                                                                        "Merge Cond": "(mi.movie_id = t.id)",
                                                                        "Workers": [
                                                                            {
                                                                                "Worker Number": 0,
                                                                                "Actual Startup Time": 3367.029,
                                                                                "Actual Total Time": 9182.594,
                                                                                "Actual Rows": 6126,
                                                                                "Actual Loops": 1
                                                                            },
                                                                            {
                                                                                "Worker Number": 1,
                                                                                "Actual Startup Time": 3303.378,
                                                                                "Actual Total Time": 8859.088,
                                                                                "Actual Rows": 6126,
                                                                                "Actual Loops": 1
                                                                            },
                                                                            {
                                                                                "Worker Number": 2,
                                                                                "Actual Startup Time": 3626.922,
                                                                                "Actual Total Time": 9153.142,
                                                                                "Actual Rows": 6126,
                                                                                "Actual Loops": 1
                                                                            }
                                                                        ],
                                                                        "Plans": [
                                                                            {
                                                                                "Node Type": "Index Scan",
                                                                                "Parent Relationship": "Outer",
                                                                                "Parallel Aware": false,
                                                                                "Scan Direction": "Forward",
                                                                                "Index Name": "movie_id_movie_info",
                                                                                "Relation Name": "movie_info",
                                                                                "Schema": "public",
                                                                                "Alias": "mi",
                                                                                "Startup Cost": 0.43,
                                                                                "Total Cost": 1152203.85,
                                                                                "Plan Rows": 658455,
                                                                                "Plan Width": 8,
                                                                                "Actual Startup Time": 0.113,
                                                                                "Actual Total Time": 5011.948,
                                                                                "Actual Rows": 669283,
                                                                                "Actual Loops": 4,
                                                                                "Output": [
                                                                                    "mi.id",
                                                                                    "mi.movie_id",
                                                                                    "mi.info_type_id",
                                                                                    "mi.info",
                                                                                    "mi.note"
                                                                                ],
                                                                                "Filter": "(mi.info = ANY ('{Germany,German,USA,American}'::text[]))",
                                                                                "Rows Removed by Filter": 14164803,
                                                                                "Workers": [
                                                                                    {
                                                                                        "Worker Number": 0,
                                                                                        "Actual Startup Time": 0.148,
                                                                                        "Actual Total Time": 5355.117,
                                                                                        "Actual Rows": 669283,
                                                                                        "Actual Loops": 1
                                                                                    },
                                                                                    {
                                                                                        "Worker Number": 1,
                                                                                        "Actual Startup Time": 0.119,
                                                                                        "Actual Total Time": 5068.558,
                                                                                        "Actual Rows": 669283,
                                                                                        "Actual Loops": 1
                                                                                    },
                                                                                    {
                                                                                        "Worker Number": 2,
                                                                                        "Actual Startup Time": 0.146,
                                                                                        "Actual Total Time": 5038.534,
                                                                                        "Actual Rows": 669283,
                                                                                        "Actual Loops": 1
                                                                                    }
                                                                                ]
                                                                            },
                                                                            {
                                                                                "Node Type": "Materialize",
                                                                                "Parent Relationship": "Inner",
                                                                                "Parallel Aware": false,
                                                                                "Startup Cost": 20000326117.42,
                                                                                "Total Cost": 20000332717.11,
                                                                                "Plan Rows": 2,
                                                                                "Plan Width": 38,
                                                                                "Actual Startup Time": 3291.738,
                                                                                "Actual Total Time": 3707.967,
                                                                                "Actual Rows": 9141,
                                                                                "Actual Loops": 4,
                                                                                "Output": [
                                                                                    "mi_idx.info",
                                                                                    "mi_idx.movie_id",
                                                                                    "mk.movie_id",
                                                                                    "t.title",
                                                                                    "t.kind_id",
                                                                                    "t.id"
                                                                                ],
                                                                                "Workers": [
                                                                                    {
                                                                                        "Worker Number": 0,
                                                                                        "Actual Startup Time": 3364.015,
                                                                                        "Actual Total Time": 3781.165,
                                                                                        "Actual Rows": 9141,
                                                                                        "Actual Loops": 1
                                                                                    },
                                                                                    {
                                                                                        "Worker Number": 1,
                                                                                        "Actual Startup Time": 3300.097,
                                                                                        "Actual Total Time": 3749.227,
                                                                                        "Actual Rows": 9141,
                                                                                        "Actual Loops": 1
                                                                                    },
                                                                                    {
                                                                                        "Worker Number": 2,
                                                                                        "Actual Startup Time": 3623.404,
                                                                                        "Actual Total Time": 4073.729,
                                                                                        "Actual Rows": 9141,
                                                                                        "Actual Loops": 1
                                                                                    }
                                                                                ],
                                                                                "Plans": [
                                                                                    {
                                                                                        "Node Type": "Merge Join",
                                                                                        "Parent Relationship": "Outer",
                                                                                        "Parallel Aware": false,
                                                                                        "Join Type": "Inner",
                                                                                        "Startup Cost": 20000326117.42,
                                                                                        "Total Cost": 20000332717.11,
                                                                                        "Plan Rows": 2,
                                                                                        "Plan Width": 38,
                                                                                        "Actual Startup Time": 3291.73,
                                                                                        "Actual Total Time": 3704.948,
                                                                                        "Actual Rows": 8271,
                                                                                        "Actual Loops": 4,
                                                                                        "Output": [
                                                                                            "mi_idx.info",
                                                                                            "mi_idx.movie_id",
                                                                                            "mk.movie_id",
                                                                                            "t.title",
                                                                                            "t.kind_id",
                                                                                            "t.id"
                                                                                        ],
                                                                                        "Inner Unique": false,
                                                                                        "Merge Cond": "(t.id = mk.movie_id)",
                                                                                        "Workers": [
                                                                                            {
                                                                                                "Worker Number": 0,
                                                                                                "Actual Startup Time": 3364.005,
                                                                                                "Actual Total Time": 3777.94,
                                                                                                "Actual Rows": 8271,
                                                                                                "Actual Loops": 1
                                                                                            },
                                                                                            {
                                                                                                "Worker Number": 1,
                                                                                                "Actual Startup Time": 3300.087,
                                                                                                "Actual Total Time": 3746.186,
                                                                                                "Actual Rows": 8271,
                                                                                                "Actual Loops": 1
                                                                                            },
                                                                                            {
                                                                                                "Worker Number": 2,
                                                                                                "Actual Startup Time": 3623.395,
                                                                                                "Actual Total Time": 4070.688,
                                                                                                "Actual Rows": 8271,
                                                                                                "Actual Loops": 1
                                                                                            }
                                                                                        ],
                                                                                        "Plans": [
                                                                                            {
                                                                                                "Node Type": "Sort",
                                                                                                "Parent Relationship": "Outer",
                                                                                                "Parallel Aware": false,
                                                                                                "Startup Cost": 201956.48,
                                                                                                "Total Cost": 205260.22,
                                                                                                "Plan Rows": 1321493,
                                                                                                "Plan Width": 25,
                                                                                                "Actual Startup Time": 1129.299,
                                                                                                "Actual Total Time": 1365.871,
                                                                                                "Actual Rows": 1322477,
                                                                                                "Actual Loops": 4,
                                                                                                "Output": [
                                                                                                    "t.title",
                                                                                                    "t.kind_id",
                                                                                                    "t.id"
                                                                                                ],
                                                                                                "Sort Key": [
                                                                                                    "t.id"
                                                                                                ],
                                                                                                "Sort Method": "quicksort",
                                                                                                "Sort Space Used": 149276,
                                                                                                "Sort Space Type": "Memory",
                                                                                                "Workers": [
                                                                                                    {
                                                                                                        "Worker Number": 0,
                                                                                                        "Actual Startup Time": 1171.405,
                                                                                                        "Actual Total Time": 1404.167,
                                                                                                        "Actual Rows": 1322477,
                                                                                                        "Actual Loops": 1
                                                                                                    },
                                                                                                    {
                                                                                                        "Worker Number": 1,
                                                                                                        "Actual Startup Time": 1175.116,
                                                                                                        "Actual Total Time": 1434.277,
                                                                                                        "Actual Rows": 1322477,
                                                                                                        "Actual Loops": 1
                                                                                                    },
                                                                                                    {
                                                                                                        "Worker Number": 2,
                                                                                                        "Actual Startup Time": 1187.276,
                                                                                                        "Actual Total Time": 1444.195,
                                                                                                        "Actual Rows": 1322477,
                                                                                                        "Actual Loops": 1
                                                                                                    }
                                                                                                ],
                                                                                                "Plans": [
                                                                                                    {
                                                                                                        "Node Type": "Seq Scan",
                                                                                                        "Parent Relationship": "Outer",
                                                                                                        "Parallel Aware": false,
                                                                                                        "Relation Name": "title",
                                                                                                        "Schema": "public",
                                                                                                        "Alias": "t",
                                                                                                        "Startup Cost": 0.0,
                                                                                                        "Total Cost": 67602.02,
                                                                                                        "Plan Rows": 1321493,
                                                                                                        "Plan Width": 25,
                                                                                                        "Actual Startup Time": 0.046,
                                                                                                        "Actual Total Time": 459.371,
                                                                                                        "Actual Rows": 1322863,
                                                                                                        "Actual Loops": 4,
                                                                                                        "Output": [
                                                                                                            "t.title",
                                                                                                            "t.kind_id",
                                                                                                            "t.id"
                                                                                                        ],
                                                                                                        "Filter": "(t.production_year > 2001)",
                                                                                                        "Rows Removed by Filter": 1205449,
                                                                                                        "Workers": [
                                                                                                            {
                                                                                                                "Worker Number": 0,
                                                                                                                "Actual Startup Time": 0.056,
                                                                                                                "Actual Total Time": 470.804,
                                                                                                                "Actual Rows": 1322863,
                                                                                                                "Actual Loops": 1
                                                                                                            },
                                                                                                            {
                                                                                                                "Worker Number": 1,
                                                                                                                "Actual Startup Time": 0.046,
                                                                                                                "Actual Total Time": 470.267,
                                                                                                                "Actual Rows": 1322863,
                                                                                                                "Actual Loops": 1
                                                                                                            },
                                                                                                            {
                                                                                                                "Worker Number": 2,
                                                                                                                "Actual Startup Time": 0.071,
                                                                                                                "Actual Total Time": 478.523,
                                                                                                                "Actual Rows": 1322863,
                                                                                                                "Actual Loops": 1
                                                                                                            }
                                                                                                        ]
                                                                                                    }
                                                                                                ]
                                                                                            },
                                                                                            {
                                                                                                "Node Type": "Sort",
                                                                                                "Parent Relationship": "Inner",
                                                                                                "Parallel Aware": false,
                                                                                                "Startup Cost": 20000124159.61,
                                                                                                "Total Cost": 20000124159.62,
                                                                                                "Plan Rows": 3,
                                                                                                "Plan Width": 13,
                                                                                                "Actual Startup Time": 2161.484,
                                                                                                "Actual Total Time": 2169.016,
                                                                                                "Actual Rows": 24800,
                                                                                                "Actual Loops": 4,
                                                                                                "Output": [
                                                                                                    "mi_idx.info",
                                                                                                    "mi_idx.movie_id",
                                                                                                    "mk.movie_id"
                                                                                                ],
                                                                                                "Sort Key": [
                                                                                                    "mi_idx.movie_id"
                                                                                                ],
                                                                                                "Sort Method": "quicksort",
                                                                                                "Sort Space Used": 1931,
                                                                                                "Sort Space Type": "Memory",
                                                                                                "Workers": [
                                                                                                    {
                                                                                                        "Worker Number": 0,
                                                                                                        "Actual Startup Time": 2191.727,
                                                                                                        "Actual Total Time": 2198.863,
                                                                                                        "Actual Rows": 24800,
                                                                                                        "Actual Loops": 1
                                                                                                    },
                                                                                                    {
                                                                                                        "Worker Number": 1,
                                                                                                        "Actual Startup Time": 2123.916,
                                                                                                        "Actual Total Time": 2132.507,
                                                                                                        "Actual Rows": 24800,
                                                                                                        "Actual Loops": 1
                                                                                                    },
                                                                                                    {
                                                                                                        "Worker Number": 2,
                                                                                                        "Actual Startup Time": 2435.061,
                                                                                                        "Actual Total Time": 2443.563,
                                                                                                        "Actual Rows": 24800,
                                                                                                        "Actual Loops": 1
                                                                                                    }
                                                                                                ],
                                                                                                "Plans": [
                                                                                                    {
                                                                                                        "Node Type": "Merge Join",
                                                                                                        "Parent Relationship": "Outer",
                                                                                                        "Parallel Aware": false,
                                                                                                        "Join Type": "Inner",
                                                                                                        "Startup Cost": 20000118000.51,
                                                                                                        "Total Cost": 20000124159.59,
                                                                                                        "Plan Rows": 3,
                                                                                                        "Plan Width": 13,
                                                                                                        "Actual Startup Time": 1986.445,
                                                                                                        "Actual Total Time": 2155.213,
                                                                                                        "Actual Rows": 24800,
                                                                                                        "Actual Loops": 4,
                                                                                                        "Output": [
                                                                                                            "mi_idx.info",
                                                                                                            "mi_idx.movie_id",
                                                                                                            "mk.movie_id"
                                                                                                        ],
                                                                                                        "Inner Unique": false,
                                                                                                        "Merge Cond": "(k.id = mk.keyword_id)",
                                                                                                        "Workers": [
                                                                                                            {
                                                                                                                "Worker Number": 0,
                                                                                                                "Actual Startup Time": 2028.092,
                                                                                                                "Actual Total Time": 2185.273,
                                                                                                                "Actual Rows": 24800,
                                                                                                                "Actual Loops": 1
                                                                                                            },
                                                                                                            {
                                                                                                                "Worker Number": 1,
                                                                                                                "Actual Startup Time": 1932.984,
                                                                                                                "Actual Total Time": 2117.144,
                                                                                                                "Actual Rows": 24800,
                                                                                                                "Actual Loops": 1
                                                                                                            },
                                                                                                            {
                                                                                                                "Worker Number": 2,
                                                                                                                "Actual Startup Time": 2244.899,
                                                                                                                "Actual Total Time": 2428.173,
                                                                                                                "Actual Rows": 24800,
                                                                                                                "Actual Loops": 1
                                                                                                            }
                                                                                                        ],
                                                                                                        "Plans": [
                                                                                                            {
                                                                                                                "Node Type": "Index Scan",
                                                                                                                "Parent Relationship": "Outer",
                                                                                                                "Parallel Aware": false,
                                                                                                                "Scan Direction": "Forward",
                                                                                                                "Index Name": "keyword_pkey",
                                                                                                                "Relation Name": "keyword",
                                                                                                                "Schema": "public",
                                                                                                                "Alias": "k",
                                                                                                                "Startup Cost": 10000000000.42,
                                                                                                                "Total Cost": 10000005678.35,
                                                                                                                "Plan Rows": 4,
                                                                                                                "Plan Width": 4,
                                                                                                                "Actual Startup Time": 0.329,
                                                                                                                "Actual Total Time": 46.959,
                                                                                                                "Actual Rows": 3,
                                                                                                                "Actual Loops": 4,
                                                                                                                "Output": [
                                                                                                                    "k.id",
                                                                                                                    "k.keyword",
                                                                                                                    "k.phonetic_code"
                                                                                                                ],
                                                                                                                "Filter": "(k.keyword = ANY ('{murder,murder-in-title,blood,violence}'::text[]))",
                                                                                                                "Rows Removed by Filter": 134167,
                                                                                                                "Workers": [
                                                                                                                    {
                                                                                                                        "Worker Number": 0,
                                                                                                                        "Actual Startup Time": 0.375,
                                                                                                                        "Actual Total Time": 45.631,
                                                                                                                        "Actual Rows": 3,
                                                                                                                        "Actual Loops": 1
                                                                                                                    },
                                                                                                                    {
                                                                                                                        "Worker Number": 1,
                                                                                                                        "Actual Startup Time": 0.381,
                                                                                                                        "Actual Total Time": 48.968,
                                                                                                                        "Actual Rows": 3,
                                                                                                                        "Actual Loops": 1
                                                                                                                    },
                                                                                                                    {
                                                                                                                        "Worker Number": 2,
                                                                                                                        "Actual Startup Time": 0.34,
                                                                                                                        "Actual Total Time": 50.046,
                                                                                                                        "Actual Rows": 3,
                                                                                                                        "Actual Loops": 1
                                                                                                                    }
                                                                                                                ]
                                                                                                            },
                                                                                                            {
                                                                                                                "Node Type": "Sort",
                                                                                                                "Parent Relationship": "Inner",
                                                                                                                "Parallel Aware": false,
                                                                                                                "Startup Cost": 10000118000.05,
                                                                                                                "Total Cost": 10000118240.62,
                                                                                                                "Plan Rows": 96230,
                                                                                                                "Plan Width": 17,
                                                                                                                "Actual Startup Time": 1955.189,
                                                                                                                "Actual Total Time": 2054.862,
                                                                                                                "Actual Rows": 481055,
                                                                                                                "Actual Loops": 4,
                                                                                                                "Output": [
                                                                                                                    "mi_idx.info",
                                                                                                                    "mi_idx.movie_id",
                                                                                                                    "mk.movie_id",
                                                                                                                    "mk.keyword_id"
                                                                                                                ],
                                                                                                                "Sort Key": [
                                                                                                                    "mk.keyword_id"
                                                                                                                ],
                                                                                                                "Sort Method": "quicksort",
                                                                                                                "Sort Space Used": 209702,
                                                                                                                "Sort Space Type": "Memory",
                                                                                                                "Workers": [
                                                                                                                    {
                                                                                                                        "Worker Number": 0,
                                                                                                                        "Actual Startup Time": 1998.962,
                                                                                                                        "Actual Total Time": 2090.292,
                                                                                                                        "Actual Rows": 481055,
                                                                                                                        "Actual Loops": 1
                                                                                                                    },
                                                                                                                    {
                                                                                                                        "Worker Number": 1,
                                                                                                                        "Actual Startup Time": 1898.707,
                                                                                                                        "Actual Total Time": 2010.134,
                                                                                                                        "Actual Rows": 481055,
                                                                                                                        "Actual Loops": 1
                                                                                                                    },
                                                                                                                    {
                                                                                                                        "Worker Number": 2,
                                                                                                                        "Actual Startup Time": 2210.703,
                                                                                                                        "Actual Total Time": 2320.219,
                                                                                                                        "Actual Rows": 481055,
                                                                                                                        "Actual Loops": 1
                                                                                                                    }
                                                                                                                ],
                                                                                                                "Plans": [
                                                                                                                    {
                                                                                                                        "Node Type": "Hash Join",
                                                                                                                        "Parent Relationship": "Outer",
                                                                                                                        "Parallel Aware": false,
                                                                                                                        "Join Type": "Inner",
                                                                                                                        "Startup Cost": 10000022414.66,
                                                                                                                        "Total Cost": 10000110035.0,
                                                                                                                        "Plan Rows": 96230,
                                                                                                                        "Plan Width": 17,
                                                                                                                        "Actual Startup Time": 251.21,
                                                                                                                        "Actual Total Time": 1321.197,
                                                                                                                        "Actual Rows": 2376417,
                                                                                                                        "Actual Loops": 4,
                                                                                                                        "Output": [
                                                                                                                            "mi_idx.info",
                                                                                                                            "mi_idx.movie_id",
                                                                                                                            "mk.movie_id",
                                                                                                                            "mk.keyword_id"
                                                                                                                        ],
                                                                                                                        "Inner Unique": false,
                                                                                                                        "Hash Cond": "(mk.movie_id = mi_idx.movie_id)",
                                                                                                                        "Workers": [
                                                                                                                            {
                                                                                                                                "Worker Number": 0,
                                                                                                                                "Actual Startup Time": 256.784,
                                                                                                                                "Actual Total Time": 1331.189,
                                                                                                                                "Actual Rows": 2376417,
                                                                                                                                "Actual Loops": 1
                                                                                                                            },
                                                                                                                            {
                                                                                                                                "Worker Number": 1,
                                                                                                                                "Actual Startup Time": 254.632,
                                                                                                                                "Actual Total Time": 1260.767,
                                                                                                                                "Actual Rows": 2376417,
                                                                                                                                "Actual Loops": 1
                                                                                                                            },
                                                                                                                            {
                                                                                                                                "Worker Number": 2,
                                                                                                                                "Actual Startup Time": 248.059,
                                                                                                                                "Actual Total Time": 1479.769,
                                                                                                                                "Actual Rows": 2376417,
                                                                                                                                "Actual Loops": 1
                                                                                                                            }
                                                                                                                        ],
                                                                                                                        "Plans": [
                                                                                                                            {
                                                                                                                                "Node Type": "Seq Scan",
                                                                                                                                "Parent Relationship": "Outer",
                                                                                                                                "Parallel Aware": false,
                                                                                                                                "Relation Name": "movie_keyword",
                                                                                                                                "Schema": "public",
                                                                                                                                "Alias": "mk",
                                                                                                                                "Startup Cost": 0.0,
                                                                                                                                "Total Cost": 69693.3,
                                                                                                                                "Plan Rows": 4523930,
                                                                                                                                "Plan Width": 8,
                                                                                                                                "Actual Startup Time": 0.033,
                                                                                                                                "Actual Total Time": 357.662,
                                                                                                                                "Actual Rows": 4523930,
                                                                                                                                "Actual Loops": 4,
                                                                                                                                "Output": [
                                                                                                                                    "mk.id",
                                                                                                                                    "mk.movie_id",
                                                                                                                                    "mk.keyword_id"
                                                                                                                                ],
                                                                                                                                "Workers": [
                                                                                                                                    {
                                                                                                                                        "Worker Number": 0,
                                                                                                                                        "Actual Startup Time": 0.037,
                                                                                                                                        "Actual Total Time": 358.551,
                                                                                                                                        "Actual Rows": 4523930,
                                                                                                                                        "Actual Loops": 1
                                                                                                                                    },
                                                                                                                                    {
                                                                                                                                        "Worker Number": 1,
                                                                                                                                        "Actual Startup Time": 0.045,
                                                                                                                                        "Actual Total Time": 334.932,
                                                                                                                                        "Actual Rows": 4523930,
                                                                                                                                        "Actual Loops": 1
                                                                                                                                    },
                                                                                                                                    {
                                                                                                                                        "Worker Number": 2,
                                                                                                                                        "Actual Startup Time": 0.034,
                                                                                                                                        "Actual Total Time": 403.969,
                                                                                                                                        "Actual Rows": 4523930,
                                                                                                                                        "Actual Loops": 1
                                                                                                                                    }
                                                                                                                                ]
                                                                                                                            },
                                                                                                                            {
                                                                                                                                "Node Type": "Hash",
                                                                                                                                "Parent Relationship": "Inner",
                                                                                                                                "Parallel Aware": false,
                                                                                                                                "Startup Cost": 10000022284.95,
                                                                                                                                "Total Cost": 10000022284.95,
                                                                                                                                "Plan Rows": 10377,
                                                                                                                                "Plan Width": 9,
                                                                                                                                "Actual Startup Time": 250.912,
                                                                                                                                "Actual Total Time": 250.916,
                                                                                                                                "Actual Rows": 324117,
                                                                                                                                "Actual Loops": 4,
                                                                                                                                "Output": [
                                                                                                                                    "mi_idx.info",
                                                                                                                                    "mi_idx.movie_id"
                                                                                                                                ],
                                                                                                                                "Hash Buckets": 524288,
                                                                                                                                "Original Hash Buckets": 16384,
                                                                                                                                "Hash Batches": 1,
                                                                                                                                "Original Hash Batches": 1,
                                                                                                                                "Peak Memory Usage": 16757,
                                                                                                                                "Workers": [
                                                                                                                                    {
                                                                                                                                        "Worker Number": 0,
                                                                                                                                        "Actual Startup Time": 256.406,
                                                                                                                                        "Actual Total Time": 256.409,
                                                                                                                                        "Actual Rows": 324117,
                                                                                                                                        "Actual Loops": 1
                                                                                                                                    },
                                                                                                                                    {
                                                                                                                                        "Worker Number": 1,
                                                                                                                                        "Actual Startup Time": 254.249,
                                                                                                                                        "Actual Total Time": 254.253,
                                                                                                                                        "Actual Rows": 324117,
                                                                                                                                        "Actual Loops": 1
                                                                                                                                    },
                                                                                                                                    {
                                                                                                                                        "Worker Number": 2,
                                                                                                                                        "Actual Startup Time": 247.677,
                                                                                                                                        "Actual Total Time": 247.681,
                                                                                                                                        "Actual Rows": 324117,
                                                                                                                                        "Actual Loops": 1
                                                                                                                                    }
                                                                                                                                ],
                                                                                                                                "Plans": [
                                                                                                                                    {
                                                                                                                                        "Node Type": "Nested Loop",
                                                                                                                                        "Parent Relationship": "Outer",
                                                                                                                                        "Parallel Aware": false,
                                                                                                                                        "Join Type": "Inner",
                                                                                                                                        "Startup Cost": 10000006229.42,
                                                                                                                                        "Total Cost": 10000022284.95,
                                                                                                                                        "Plan Rows": 10377,
                                                                                                                                        "Plan Width": 9,
                                                                                                                                        "Actual Startup Time": 28.005,
                                                                                                                                        "Actual Total Time": 177.312,
                                                                                                                                        "Actual Rows": 324117,
                                                                                                                                        "Actual Loops": 4,
                                                                                                                                        "Output": [
                                                                                                                                            "mi_idx.info",
                                                                                                                                            "mi_idx.movie_id"
                                                                                                                                        ],
                                                                                                                                        "Inner Unique": false,
                                                                                                                                        "Workers": [
                                                                                                                                            {
                                                                                                                                                "Worker Number": 0,
                                                                                                                                                "Actual Startup Time": 24.944,
                                                                                                                                                "Actual Total Time": 178.125,
                                                                                                                                                "Actual Rows": 324117,
                                                                                                                                                "Actual Loops": 1
                                                                                                                                            },
                                                                                                                                            {
                                                                                                                                                "Worker Number": 1,
                                                                                                                                                "Actual Startup Time": 24.901,
                                                                                                                                                "Actual Total Time": 173.548,
                                                                                                                                                "Actual Rows": 324117,
                                                                                                                                                "Actual Loops": 1
                                                                                                                                            },
                                                                                                                                            {
                                                                                                                                                "Worker Number": 2,
                                                                                                                                                "Actual Startup Time": 24.211,
                                                                                                                                                "Actual Total Time": 167.793,
                                                                                                                                                "Actual Rows": 324117,
                                                                                                                                                "Actual Loops": 1
                                                                                                                                            }
                                                                                                                                        ],
                                                                                                                                        "Plans": [
                                                                                                                                            {
                                                                                                                                                "Node Type": "Index Scan",
                                                                                                                                                "Parent Relationship": "Outer",
                                                                                                                                                "Parallel Aware": false,
                                                                                                                                                "Scan Direction": "Forward",
                                                                                                                                                "Index Name": "info_type_pkey",
                                                                                                                                                "Relation Name": "info_type",
                                                                                                                                                "Schema": "public",
                                                                                                                                                "Alias": "it2",
                                                                                                                                                "Startup Cost": 0.14,
                                                                                                                                                "Total Cost": 14.12,
                                                                                                                                                "Plan Rows": 1,
                                                                                                                                                "Plan Width": 4,
                                                                                                                                                "Actual Startup Time": 0.056,
                                                                                                                                                "Actual Total Time": 0.066,
                                                                                                                                                "Actual Rows": 1,
                                                                                                                                                "Actual Loops": 4,
                                                                                                                                                "Output": [
                                                                                                                                                    "it2.id",
                                                                                                                                                    "it2.info"
                                                                                                                                                ],
                                                                                                                                                "Filter": "((it2.info)::text = 'rating'::text)",
                                                                                                                                                "Rows Removed by Filter": 112,
                                                                                                                                                "Workers": [
                                                                                                                                                    {
                                                                                                                                                        "Worker Number": 0,
                                                                                                                                                        "Actual Startup Time": 0.069,
                                                                                                                                                        "Actual Total Time": 0.079,
                                                                                                                                                        "Actual Rows": 1,
                                                                                                                                                        "Actual Loops": 1
                                                                                                                                                    },
                                                                                                                                                    {
                                                                                                                                                        "Worker Number": 1,
                                                                                                                                                        "Actual Startup Time": 0.062,
                                                                                                                                                        "Actual Total Time": 0.073,
                                                                                                                                                        "Actual Rows": 1,
                                                                                                                                                        "Actual Loops": 1
                                                                                                                                                    },
                                                                                                                                                    {
                                                                                                                                                        "Worker Number": 2,
                                                                                                                                                        "Actual Startup Time": 0.056,
                                                                                                                                                        "Actual Total Time": 0.065,
                                                                                                                                                        "Actual Rows": 1,
                                                                                                                                                        "Actual Loops": 1
                                                                                                                                                    }
                                                                                                                                                ]
                                                                                                                                            },
                                                                                                                                            {
                                                                                                                                                "Node Type": "Bitmap Heap Scan",
                                                                                                                                                "Parent Relationship": "Inner",
                                                                                                                                                "Parallel Aware": false,
                                                                                                                                                "Relation Name": "movie_info_idx",
                                                                                                                                                "Schema": "public",
                                                                                                                                                "Alias": "mi_idx",
                                                                                                                                                "Startup Cost": 6229.28,
                                                                                                                                                "Total Cost": 19339.42,
                                                                                                                                                "Plan Rows": 293141,
                                                                                                                                                "Plan Width": 13,
                                                                                                                                                "Actual Startup Time": 27.939,
                                                                                                                                                "Actual Total Time": 137.437,
                                                                                                                                                "Actual Rows": 324117,
                                                                                                                                                "Actual Loops": 4,
                                                                                                                                                "Output": [
                                                                                                                                                    "mi_idx.id",
                                                                                                                                                    "mi_idx.movie_id",
                                                                                                                                                    "mi_idx.info_type_id",
                                                                                                                                                    "mi_idx.info",
                                                                                                                                                    "mi_idx.note"
                                                                                                                                                ],
                                                                                                                                                "Recheck Cond": "(mi_idx.info_type_id = it2.id)",
                                                                                                                                                "Rows Removed by Index Recheck": 0,
                                                                                                                                                "Filter": "(mi_idx.info < '7.0'::text)",
                                                                                                                                                "Rows Removed by Filter": 135808,
                                                                                                                                                "Exact Heap Blocks": 7934,
                                                                                                                                                "Lossy Heap Blocks": 0,
                                                                                                                                                "Workers": [
                                                                                                                                                    {
                                                                                                                                                        "Worker Number": 0,
                                                                                                                                                        "Actual Startup Time": 24.863,
                                                                                                                                                        "Actual Total Time": 138.451,
                                                                                                                                                        "Actual Rows": 324117,
                                                                                                                                                        "Actual Loops": 1
                                                                                                                                                    },
                                                                                                                                                    {
                                                                                                                                                        "Worker Number": 1,
                                                                                                                                                        "Actual Startup Time": 24.828,
                                                                                                                                                        "Actual Total Time": 138.069,
                                                                                                                                                        "Actual Rows": 324117,
                                                                                                                                                        "Actual Loops": 1
                                                                                                                                                    },
                                                                                                                                                    {
                                                                                                                                                        "Worker Number": 2,
                                                                                                                                                        "Actual Startup Time": 24.144,
                                                                                                                                                        "Actual Total Time": 128.072,
                                                                                                                                                        "Actual Rows": 324117,
                                                                                                                                                        "Actual Loops": 1
                                                                                                                                                    }
                                                                                                                                                ],
                                                                                                                                                "Plans": [
                                                                                                                                                    {
                                                                                                                                                        "Node Type": "Bitmap Index Scan",
                                                                                                                                                        "Parent Relationship": "Outer",
                                                                                                                                                        "Parallel Aware": false,
                                                                                                                                                        "Index Name": "info_type_id_movie_info_idx",
                                                                                                                                                        "Startup Cost": 0.0,
                                                                                                                                                        "Total Cost": 6155.99,
                                                                                                                                                        "Plan Rows": 345009,
                                                                                                                                                        "Plan Width": 0,
                                                                                                                                                        "Actual Startup Time": 26.443,
                                                                                                                                                        "Actual Total Time": 26.444,
                                                                                                                                                        "Actual Rows": 459925,
                                                                                                                                                        "Actual Loops": 4,
                                                                                                                                                        "Index Cond": "(mi_idx.info_type_id = it2.id)",
                                                                                                                                                        "Workers": [
                                                                                                                                                            {
                                                                                                                                                                "Worker Number": 0,
                                                                                                                                                                "Actual Startup Time": 23.38,
                                                                                                                                                                "Actual Total Time": 23.38,
                                                                                                                                                                "Actual Rows": 459925,
                                                                                                                                                                "Actual Loops": 1
                                                                                                                                                            },
                                                                                                                                                            {
                                                                                                                                                                "Worker Number": 1,
                                                                                                                                                                "Actual Startup Time": 23.336,
                                                                                                                                                                "Actual Total Time": 23.337,
                                                                                                                                                                "Actual Rows": 459925,
                                                                                                                                                                "Actual Loops": 1
                                                                                                                                                            },
                                                                                                                                                            {
                                                                                                                                                                "Worker Number": 2,
                                                                                                                                                                "Actual Startup Time": 22.653,
                                                                                                                                                                "Actual Total Time": 22.653,
                                                                                                                                                                "Actual Rows": 459925,
                                                                                                                                                                "Actual Loops": 1
                                                                                                                                                            }
                                                                                                                                                        ]
                                                                                                                                                    }
                                                                                                                                                ]
                                                                                                                                            }
                                                                                                                                        ]
                                                                                                                                    }
                                                                                                                                ]
                                                                                                                            }
                                                                                                                        ]
                                                                                                                    }
                                                                                                                ]
                                                                                                            }
                                                                                                        ]
                                                                                                    }
                                                                                                ]
                                                                                            }
                                                                                        ]
                                                                                    }
                                                                                ]
                                                                            }
                                                                        ]
                                                                    }
                                                                ]
                                                            }
                                                        ]
                                                    }
                                                ]
                                            },
                                            {
                                                "Node Type": "Bitmap Heap Scan",
                                                "Parent Relationship": "Inner",
                                                "Parallel Aware": false,
                                                "Relation Name": "info_type",
                                                "Schema": "public",
                                                "Alias": "it1",
                                                "Startup Cost": 0.15,
                                                "Total Cost": 4.17,
                                                "Plan Rows": 1,
                                                "Plan Width": 4,
                                                "Actual Startup Time": 0.003,
                                                "Actual Total Time": 0.003,
                                                "Actual Rows": 1,
                                                "Actual Loops": 33400,
                                                "Output": [
                                                    "it1.id",
                                                    "it1.info"
                                                ],
                                                "Recheck Cond": "(it1.id = mi.info_type_id)",
                                                "Rows Removed by Index Recheck": 0,
                                                "Filter": "((it1.info)::text = 'countries'::text)",
                                                "Rows Removed by Filter": 0,
                                                "Exact Heap Blocks": 33400,
                                                "Lossy Heap Blocks": 0,
                                                "Plans": [
                                                    {
                                                        "Node Type": "Bitmap Index Scan",
                                                        "Parent Relationship": "Outer",
                                                        "Parallel Aware": false,
                                                        "Index Name": "info_type_pkey",
                                                        "Startup Cost": 0.0,
                                                        "Total Cost": 0.15,
                                                        "Plan Rows": 1,
                                                        "Plan Width": 0,
                                                        "Actual Startup Time": 0.002,
                                                        "Actual Total Time": 0.002,
                                                        "Actual Rows": 1,
                                                        "Actual Loops": 33400,
                                                        "Index Cond": "(it1.id = mi.info_type_id)"
                                                    }
                                                ]
                                            }
                                        ]
                                    },
                                    {
                                        "Node Type": "Hash",
                                        "Parent Relationship": "Inner",
                                        "Parallel Aware": false,
                                        "Startup Cost": 10000000001.09,
                                        "Total Cost": 10000000001.09,
                                        "Plan Rows": 2,
                                        "Plan Width": 4,
                                        "Actual Startup Time": 0.019,
                                        "Actual Total Time": 0.02,
                                        "Actual Rows": 2,
                                        "Actual Loops": 1,
                                        "Output": [
                                            "kt.id"
                                        ],
                                        "Hash Buckets": 1024,
                                        "Original Hash Buckets": 1024,
                                        "Hash Batches": 1,
                                        "Original Hash Batches": 1,
                                        "Peak Memory Usage": 9,
                                        "Plans": [
                                            {
                                                "Node Type": "Seq Scan",
                                                "Parent Relationship": "Outer",
                                                "Parallel Aware": false,
                                                "Relation Name": "kind_type",
                                                "Schema": "public",
                                                "Alias": "kt",
                                                "Startup Cost": 10000000000.0,
                                                "Total Cost": 10000000001.09,
                                                "Plan Rows": 2,
                                                "Plan Width": 4,
                                                "Actual Startup Time": 0.013,
                                                "Actual Total Time": 0.016,
                                                "Actual Rows": 2,
                                                "Actual Loops": 1,
                                                "Output": [
                                                    "kt.id"
                                                ],
                                                "Filter": "((kt.kind)::text = ANY ('{movie,episode}'::text[]))",
                                                "Rows Removed by Filter": 5
                                            }
                                        ]
                                    }
                                ]
                            },
                            {
                                "Node Type": "Bitmap Heap Scan",
                                "Parent Relationship": "Inner",
                                "Parallel Aware": false,
                                "Relation Name": "company_name",
                                "Schema": "public",
                                "Alias": "cn",
                                "Startup Cost": 0.45,
                                "Total Cost": 4.47,
                                "Plan Rows": 1,
                                "Plan Width": 23,
                                "Actual Startup Time": 0.005,
                                "Actual Total Time": 0.005,
                                "Actual Rows": 1,
                                "Actual Loops": 27683,
                                "Output": [
                                    "cn.id",
                                    "cn.name",
                                    "cn.country_code",
                                    "cn.imdb_id",
                                    "cn.name_pcode_nf",
                                    "cn.name_pcode_sf",
                                    "cn.md5sum"
                                ],
                                "Recheck Cond": "(cn.id = mc.company_id)",
                                "Rows Removed by Index Recheck": 0,
                                "Filter": "((cn.country_code)::text <> '[us]'::text)",
                                "Rows Removed by Filter": 0,
                                "Exact Heap Blocks": 27683,
                                "Lossy Heap Blocks": 0,
                                "Plans": [
                                    {
                                        "Node Type": "Bitmap Index Scan",
                                        "Parent Relationship": "Outer",
                                        "Parallel Aware": false,
                                        "Index Name": "company_name_pkey",
                                        "Startup Cost": 0.0,
                                        "Total Cost": 0.45,
                                        "Plan Rows": 1,
                                        "Plan Width": 0,
                                        "Actual Startup Time": 0.003,
                                        "Actual Total Time": 0.003,
                                        "Actual Rows": 1,
                                        "Actual Loops": 27683,
                                        "Index Cond": "(cn.id = mc.company_id)"
                                    }
                                ]
                            }
                        ]
                    },
                    {
                        "Node Type": "Bitmap Heap Scan",
                        "Parent Relationship": "Inner",
                        "Parallel Aware": false,
                        "Relation Name": "company_type",
                        "Schema": "public",
                        "Alias": "ct",
                        "Startup Cost": 0.14,
                        "Total Cost": 4.15,
                        "Plan Rows": 1,
                        "Plan Width": 4,
                        "Actual Startup Time": 0.003,
                        "Actual Total Time": 0.003,
                        "Actual Rows": 1,
                        "Actual Loops": 25779,
                        "Output": [
                            "ct.id",
                            "ct.kind"
                        ],
                        "Recheck Cond": "(ct.id = mc.company_type_id)",
                        "Rows Removed by Index Recheck": 0,
                        "Exact Heap Blocks": 25779,
                        "Lossy Heap Blocks": 0,
                        "Plans": [
                            {
                                "Node Type": "Bitmap Index Scan",
                                "Parent Relationship": "Outer",
                                "Parallel Aware": false,
                                "Index Name": "company_type_pkey",
                                "Startup Cost": 0.0,
                                "Total Cost": 0.14,
                                "Plan Rows": 1,
                                "Plan Width": 0,
                                "Actual Startup Time": 0.001,
                                "Actual Total Time": 0.001,
                                "Actual Rows": 1,
                                "Actual Loops": 25779,
                                "Index Cond": "(ct.id = mc.company_type_id)"
                            }
                        ]
                    }
                ]
            }
        ]
    },
    "Planning Time": 27.855,
    "Triggers": [],
    "Execution Time": 9505.599
}