{
  "Plan": {
    "Node Type": "Aggregate",
    "Strategy": "Plain",
    "Partial Mode": "Simple",
    "Parallel Aware": false,
    "Startup Cost": 532692.54,
    "Total Cost": 532692.55,
    "Plan Rows": 1,
    "Plan Width": 96,
    "Actual Startup Time": 2470.074,
    "Actual Total Time": 2531.406,
    "Actual Rows": 1,
    "Actual Loops": 1,
    "Plans": [
      {
        "Node Type": "Gather",
        "Parent Relationship": "Outer",
        "Parallel Aware": false,
        "Startup Cost": 485449.51,
        "Total Cost": 532692.54,
        "Plan Rows": 1,
        "Plan Width": 48,
        "Actual Startup Time": 2470.047,
        "Actual Total Time": 2531.378,
        "Actual Rows": 0,
        "Actual Loops": 1,
        "Workers Planned": 4,
        "Workers Launched": 4,
        "Single Copy": false,
        "Plans": [
          {
            "Node Type": "Hash Join",
            "Parent Relationship": "Outer",
            "Parallel Aware": true,
            "Join Type": "Inner",
            "Startup Cost": 484449.51,
            "Total Cost": 531692.44,
            "Plan Rows": 1,
            "Plan Width": 48,
            "Actual Startup Time": 2420.977,
            "Actual Total Time": 2421.0,
            "Actual Rows": 0,
            "Actual Loops": 5,
            "Inner Unique": false,
            "Hash Cond": "(chn.id = ci.person_role_id)",
            "Plans": [
              {
                "Node Type": "Seq Scan",
                "Parent Relationship": "Outer",
                "Parallel Aware": true,
                "Relation Name": "char_name",
                "Alias": "chn",
                "Startup Cost": 0.0,
                "Total Cost": 44298.85,
                "Plan Rows": 785085,
                "Plan Width": 20,
                "Actual Startup Time": 0.0,
                "Actual Total Time": 0.0,
                "Actual Rows": 0,
                "Actual Loops": 0
              },
              {
                "Node Type": "Hash",
                "Parent Relationship": "Inner",
                "Parallel Aware": true,
                "Startup Cost": 484449.5,
                "Total Cost": 484449.5,
                "Plan Rows": 1,
                "Plan Width": 36,
                "Actual Startup Time": 2420.339,
                "Actual Total Time": 2420.359,
                "Actual Rows": 0,
                "Actual Loops": 5,
                "Hash Buckets": 1024,
                "Original Hash Buckets": 1024,
                "Hash Batches": 1,
                "Original Hash Batches": 1,
                "Peak Memory Usage": 0,
                "Plans": [
                  {
                    "Node Type": "Nested Loop",
                    "Parent Relationship": "Outer",
                    "Parallel Aware": false,
                    "Join Type": "Inner",
                    "Startup Cost": 479539.18,
                    "Total Cost": 484449.5,
                    "Plan Rows": 1,
                    "Plan Width": 36,
                    "Actual Startup Time": 2420.176,
                    "Actual Total Time": 2420.195,
                    "Actual Rows": 0,
                    "Actual Loops": 5,
                    "Inner Unique": true,
                    "Plans": [
                      {
                        "Node Type": "Hash Join",
                        "Parent Relationship": "Outer",
                        "Parallel Aware": true,
                        "Join Type": "Inner",
                        "Startup Cost": 479539.05,
                        "Total Cost": 484449.32,
                        "Plan Rows": 1,
                        "Plan Width": 40,
                        "Actual Startup Time": 2420.174,
                        "Actual Total Time": 2420.192,
                        "Actual Rows": 0,
                        "Actual Loops": 5,
                        "Inner Unique": false,
                        "Hash Cond": "(cn.id = mc.company_id)",
                        "Plans": [
                          {
                            "Node Type": "Seq Scan",
                            "Parent Relationship": "Outer",
                            "Parallel Aware": true,
                            "Relation Name": "company_name",
                            "Alias": "cn",
                            "Startup Cost": 0.0,
                            "Total Cost": 4722.92,
                            "Plan Rows": 49958,
                            "Plan Width": 4,
                            "Actual Startup Time": 0.0,
                            "Actual Total Time": 0.0,
                            "Actual Rows": 0,
                            "Actual Loops": 0,
                            "Filter": "((country_code)::text = '[us]'::text)",
                            "Rows Removed by Filter": 0
                          },
                          {
                            "Node Type": "Hash",
                            "Parent Relationship": "Inner",
                            "Parallel Aware": true,
                            "Startup Cost": 479539.04,
                            "Total Cost": 479539.04,
                            "Plan Rows": 1,
                            "Plan Width": 44,
                            "Actual Startup Time": 2420.162,
                            "Actual Total Time": 2420.178,
                            "Actual Rows": 0,
                            "Actual Loops": 5,
                            "Hash Buckets": 1024,
                            "Original Hash Buckets": 1024,
                            "Hash Batches": 1,
                            "Original Hash Batches": 1,
                            "Peak Memory Usage": 0,
                            "Plans": [
                              {
                                "Node Type": "Nested Loop",
                                "Parent Relationship": "Outer",
                                "Parallel Aware": false,
                                "Join Type": "Inner",
                                "Startup Cost": 60085.14,
                                "Total Cost": 479539.04,
                                "Plan Rows": 1,
                                "Plan Width": 44,
                                "Actual Startup Time": 2416.552,
                                "Actual Total Time": 2416.568,
                                "Actual Rows": 0,
                                "Actual Loops": 5,
                                "Inner Unique": true,
                                "Plans": [
                                  {
                                    "Node Type": "Nested Loop",
                                    "Parent Relationship": "Outer",
                                    "Parallel Aware": false,
                                    "Join Type": "Inner",
                                    "Startup Cost": 60084.71,
                                    "Total Cost": 479538.27,
                                    "Plan Rows": 1,
                                    "Plan Width": 37,
                                    "Actual Startup Time": 2141.628,
                                    "Actual Total Time": 2416.453,
                                    "Actual Rows": 43,
                                    "Actual Loops": 5,
                                    "Inner Unique": false,
                                    "Join Filter": "(t.id = mc.movie_id)",
                                    "Rows Removed by Join Filter": 0,
                                    "Plans": [
                                      {
                                        "Node Type": "Nested Loop",
                                        "Parent Relationship": "Outer",
                                        "Parallel Aware": false,
                                        "Join Type": "Inner",
                                        "Startup Cost": 60084.28,
                                        "Total Cost": 479537.66,
                                        "Plan Rows": 1,
                                        "Plan Width": 49,
                                        "Actual Startup Time": 2141.594,
                                        "Actual Total Time": 2416.392,
                                        "Actual Rows": 1,
                                        "Actual Loops": 5,
                                        "Inner Unique": true,
                                        "Plans": [
                                          {
                                            "Node Type": "Nested Loop",
                                            "Parent Relationship": "Outer",
                                            "Parallel Aware": false,
                                            "Join Type": "Inner",
                                            "Startup Cost": 60084.14,
                                            "Total Cost": 479536.99,
                                            "Plan Rows": 4,
                                            "Plan Width": 53,
                                            "Actual Startup Time": 2141.573,
                                            "Actual Total Time": 2416.368,
                                            "Actual Rows": 1,
                                            "Actual Loops": 5,
                                            "Inner Unique": false,
                                            "Join Filter": "(t.id = mi.movie_id)",
                                            "Rows Removed by Join Filter": 0,
                                            "Plans": [
                                              {
                                                "Node Type": "Nested Loop",
                                                "Parent Relationship": "Outer",
                                                "Parallel Aware": false,
                                                "Join Type": "Inner",
                                                "Startup Cost": 60083.7,
                                                "Total Cost": 479530.84,
                                                "Plan Rows": 4,
                                                "Plan Width": 45,
                                                "Actual Startup Time": 681.233,
                                                "Actual Total Time": 2409.88,
                                                "Actual Rows": 80,
                                                "Actual Loops": 5,
                                                "Inner Unique": true,
                                                "Join Filter": "(ci.movie_id = t.id)",
                                                "Rows Removed by Join Filter": 0,
                                                "Plans": [
                                                  {
                                                    "Node Type": "Nested Loop",
                                                    "Parent Relationship": "Outer",
                                                    "Parallel Aware": false,
                                                    "Join Type": "Inner",
                                                    "Startup Cost": 60083.27,
                                                    "Total Cost": 479512.25,
                                                    "Plan Rows": 37,
                                                    "Plan Width": 24,
                                                    "Actual Startup Time": 610.72,
                                                    "Actual Total Time": 2365.488,
                                                    "Actual Rows": 14293,
                                                    "Actual Loops": 5,
                                                    "Inner Unique": false,
                                                    "Plans": [
                                                      {
                                                        "Node Type": "Hash Join",
                                                        "Parent Relationship": "Outer",
                                                        "Parallel Aware": false,
                                                        "Join Type": "Inner",
                                                        "Startup Cost": 60082.85,
                                                        "Total Cost": 479504.06,
                                                        "Plan Rows": 15,
                                                        "Plan Width": 20,
                                                        "Actual Startup Time": 610.51,
                                                        "Actual Total Time": 2318.287,
                                                        "Actual Rows": 6568,
                                                        "Actual Loops": 5,
                                                        "Inner Unique": true,
                                                        "Hash Cond": "(mk.keyword_id = k.id)",
                                                        "Plans": [
                                                          {
                                                            "Node Type": "Hash Join",
                                                            "Parent Relationship": "Outer",
                                                            "Parallel Aware": true,
                                                            "Join Type": "Inner",
                                                            "Startup Cost": 57288.97,
                                                            "Total Cost": 474912.41,
                                                            "Plan Rows": 684844,
                                                            "Plan Width": 24,
                                                            "Actual Startup Time": 579.874,
                                                            "Actual Total Time": 2219.036,
                                                            "Actual Rows": 915097,
                                                            "Actual Loops": 5,
                                                            "Inner Unique": false,
                                                            "Hash Cond": "(ci.movie_id = mk.movie_id)",
                                                            "Plans": [
                                                              {
                                                                "Node Type": "Seq Scan",
                                                                "Parent Relationship": "Outer",
                                                                "Parallel Aware": true,
                                                                "Relation Name": "cast_info",
                                                                "Alias": "ci",
                                                                "Startup Cost": 0.0,
                                                                "Total Cost": 343341.24,
                                                                "Plan Rows": 147464,
                                                                "Plan Width": 16,
                                                                "Actual Startup Time": 0.09,
                                                                "Actual Total Time": 1415.314,
                                                                "Actual Rows": 173495,
                                                                "Actual Loops": 5,
                                                                "Filter": "(note = ANY ('{(voice),\"(voice: Japanese version)\",\"(voice) (uncredited)\",\"(voice: English version)\"}'::text[]))",
                                                                "Rows Removed by Filter": 7075373
                                                              },
                                                              {
                                                                "Node Type": "Hash",
                                                                "Parent Relationship": "Inner",
                                                                "Parallel Aware": true,
                                                                "Startup Cost": 39047.32,
                                                                "Total Cost": 39047.32,
                                                                "Plan Rows": 1459332,
                                                                "Plan Width": 8,
                                                                "Actual Startup Time": 562.661,
                                                                "Actual Total Time": 562.663,
                                                                "Actual Rows": 904786,
                                                                "Actual Loops": 5,
                                                                "Hash Buckets": 8388608,
                                                                "Original Hash Buckets": 8388608,
                                                                "Hash Batches": 1,
                                                                "Original Hash Batches": 1,
                                                                "Peak Memory Usage": 242624,
                                                                "Plans": [
                                                                  {
                                                                    "Node Type": "Seq Scan",
                                                                    "Parent Relationship": "Outer",
                                                                    "Parallel Aware": true,
                                                                    "Relation Name": "movie_keyword",
                                                                    "Alias": "mk",
                                                                    "Startup Cost": 0.0,
                                                                    "Total Cost": 39047.32,
                                                                    "Plan Rows": 1459332,
                                                                    "Plan Width": 8,
                                                                    "Actual Startup Time": 0.074,
                                                                    "Actual Total Time": 179.041,
                                                                    "Actual Rows": 904786,
                                                                    "Actual Loops": 5
                                                                  }
                                                                ]
                                                              }
                                                            ]
                                                          },
                                                          {
                                                            "Node Type": "Hash",
                                                            "Parent Relationship": "Inner",
                                                            "Parallel Aware": false,
                                                            "Startup Cost": 2793.84,
                                                            "Total Cost": 2793.84,
                                                            "Plan Rows": 3,
                                                            "Plan Width": 4,
                                                            "Actual Startup Time": 29.714,
                                                            "Actual Total Time": 29.716,
                                                            "Actual Rows": 3,
                                                            "Actual Loops": 5,
                                                            "Hash Buckets": 1024,
                                                            "Original Hash Buckets": 1024,
                                                            "Hash Batches": 1,
                                                            "Original Hash Batches": 1,
                                                            "Peak Memory Usage": 9,
                                                            "Plans": [
                                                              {
                                                                "Node Type": "Seq Scan",
                                                                "Parent Relationship": "Outer",
                                                                "Parallel Aware": false,
                                                                "Relation Name": "keyword",
                                                                "Alias": "k",
                                                                "Startup Cost": 0.0,
                                                                "Total Cost": 2793.84,
                                                                "Plan Rows": 3,
                                                                "Plan Width": 4,
                                                                "Actual Startup Time": 0.083,
                                                                "Actual Total Time": 29.685,
                                                                "Actual Rows": 3,
                                                                "Actual Loops": 5,
                                                                "Filter": "(keyword = ANY ('{hero,martial-arts,hand-to-hand-combat}'::text[]))",
                                                                "Rows Removed by Filter": 134167
                                                              }
                                                            ]
                                                          }
                                                        ]
                                                      },
                                                      {
                                                        "Node Type": "Index Only Scan",
                                                        "Parent Relationship": "Inner",
                                                        "Parallel Aware": false,
                                                        "Scan Direction": "Forward",
                                                        "Index Name": "person_id_aka_name",
                                                        "Relation Name": "aka_name",
                                                        "Alias": "an",
                                                        "Startup Cost": 0.42,
                                                        "Total Cost": 0.53,
                                                        "Plan Rows": 2,
                                                        "Plan Width": 4,
                                                        "Actual Startup Time": 0.005,
                                                        "Actual Total Time": 0.006,
                                                        "Actual Rows": 2,
                                                        "Actual Loops": 32840,
                                                        "Index Cond": "(person_id = ci.person_id)",
                                                        "Rows Removed by Index Recheck": 0,
                                                        "Heap Fetches": 71465
                                                      }
                                                    ]
                                                  },
                                                  {
                                                    "Node Type": "Index Scan",
                                                    "Parent Relationship": "Inner",
                                                    "Parallel Aware": false,
                                                    "Scan Direction": "Forward",
                                                    "Index Name": "title_pkey",
                                                    "Relation Name": "title",
                                                    "Alias": "t",
                                                    "Startup Cost": 0.43,
                                                    "Total Cost": 0.49,
                                                    "Plan Rows": 1,
                                                    "Plan Width": 21,
                                                    "Actual Startup Time": 0.003,
                                                    "Actual Total Time": 0.003,
                                                    "Actual Rows": 0,
                                                    "Actual Loops": 71465,
                                                    "Index Cond": "(id = mk.movie_id)",
                                                    "Rows Removed by Index Recheck": 0,
                                                    "Filter": "(production_year < 1960)",
                                                    "Rows Removed by Filter": 1
                                                  }
                                                ]
                                              },
                                              {
                                                "Node Type": "Index Scan",
                                                "Parent Relationship": "Inner",
                                                "Parallel Aware": false,
                                                "Scan Direction": "Forward",
                                                "Index Name": "movie_id_movie_info",
                                                "Relation Name": "movie_info",
                                                "Alias": "mi",
                                                "Startup Cost": 0.43,
                                                "Total Cost": 1.53,
                                                "Plan Rows": 1,
                                                "Plan Width": 8,
                                                "Actual Startup Time": 0.078,
                                                "Actual Total Time": 0.08,
                                                "Actual Rows": 0,
                                                "Actual Loops": 401,
                                                "Index Cond": "(movie_id = mk.movie_id)",
                                                "Rows Removed by Index Recheck": 0,
                                                "Filter": "((info IS NOT NULL) AND ((info ~~ 'Japan:%201%'::text) OR (info ~~ 'USA:%201%'::text)))",
                                                "Rows Removed by Filter": 89
                                              }
                                            ]
                                          },
                                          {
                                            "Node Type": "Index Scan",
                                            "Parent Relationship": "Inner",
                                            "Parallel Aware": false,
                                            "Scan Direction": "Forward",
                                            "Index Name": "info_type_pkey",
                                            "Relation Name": "info_type",
                                            "Alias": "it",
                                            "Startup Cost": 0.14,
                                            "Total Cost": 0.16,
                                            "Plan Rows": 1,
                                            "Plan Width": 4,
                                            "Actual Startup Time": 0.032,
                                            "Actual Total Time": 0.033,
                                            "Actual Rows": 1,
                                            "Actual Loops": 3,
                                            "Index Cond": "(id = mi.info_type_id)",
                                            "Rows Removed by Index Recheck": 0,
                                            "Filter": "((info)::text = 'release dates'::text)",
                                            "Rows Removed by Filter": 0
                                          }
                                        ]
                                      },
                                      {
                                        "Node Type": "Index Scan",
                                        "Parent Relationship": "Inner",
                                        "Parallel Aware": false,
                                        "Scan Direction": "Forward",
                                        "Index Name": "movie_id_movie_companies",
                                        "Relation Name": "movie_companies",
                                        "Alias": "mc",
                                        "Startup Cost": 0.43,
                                        "Total Cost": 0.54,
                                        "Plan Rows": 5,
                                        "Plan Width": 8,
                                        "Actual Startup Time": 0.054,
                                        "Actual Total Time": 0.08,
                                        "Actual Rows": 71,
                                        "Actual Loops": 3,
                                        "Index Cond": "(movie_id = mk.movie_id)",
                                        "Rows Removed by Index Recheck": 0
                                      }
                                    ]
                                  },
                                  {
                                    "Node Type": "Index Scan",
                                    "Parent Relationship": "Inner",
                                    "Parallel Aware": false,
                                    "Scan Direction": "Forward",
                                    "Index Name": "name_pkey",
                                    "Relation Name": "name",
                                    "Alias": "n",
                                    "Startup Cost": 0.43,
                                    "Total Cost": 0.77,
                                    "Plan Rows": 1,
                                    "Plan Width": 19,
                                    "Actual Startup Time": 0.002,
                                    "Actual Total Time": 0.002,
                                    "Actual Rows": 0,
                                    "Actual Loops": 213,
                                    "Index Cond": "(id = ci.person_id)",
                                    "Rows Removed by Index Recheck": 0,
                                    "Filter": "((name ~~ '%An%'::text) AND ((gender)::text = 'f'::text))",
                                    "Rows Removed by Filter": 1
                                  }
                                ]
                              }
                            ]
                          }
                        ]
                      },
                      {
                        "Node Type": "Index Scan",
                        "Parent Relationship": "Inner",
                        "Parallel Aware": false,
                        "Scan Direction": "Forward",
                        "Index Name": "role_type_pkey",
                        "Relation Name": "role_type",
                        "Alias": "rt",
                        "Startup Cost": 0.14,
                        "Total Cost": 0.16,
                        "Plan Rows": 1,
                        "Plan Width": 4,
                        "Actual Startup Time": 0.0,
                        "Actual Total Time": 0.0,
                        "Actual Rows": 0,
                        "Actual Loops": 0,
                        "Index Cond": "(id = ci.role_id)",
                        "Rows Removed by Index Recheck": 0,
                        "Filter": "((role)::text = 'actress'::text)",
                        "Rows Removed by Filter": 0
                      }
                    ]
                  }
                ]
              }
            ]
          }
        ]
      }
    ]
  },
  "Planning Time": 59.56,
  "Triggers": [],
  "Execution Time": 2531.602
}