{
  "Plan": {
    "Node Type": "Aggregate",
    "Strategy": "Plain",
    "Partial Mode": "Finalize",
    "Parallel Aware": false,
    "Startup Cost": 148865.87,
    "Total Cost": 148865.88,
    "Plan Rows": 1,
    "Plan Width": 8,
    "Actual Startup Time": 1232.652,
    "Actual Total Time": 1257.303,
    "Actual Rows": 1,
    "Actual Loops": 1,
    "Plans": [
      {
        "Node Type": "Gather",
        "Parent Relationship": "Outer",
        "Parallel Aware": false,
        "Startup Cost": 148865.76,
        "Total Cost": 148865.87,
        "Plan Rows": 1,
        "Plan Width": 8,
        "Actual Startup Time": 1227.067,
        "Actual Total Time": 1257.29,
        "Actual Rows": 2,
        "Actual Loops": 1,
        "Workers Planned": 1,
        "Workers Launched": 1,
        "Single Copy": false,
        "Plans": [
          {
            "Node Type": "Aggregate",
            "Strategy": "Plain",
            "Partial Mode": "Partial",
            "Parent Relationship": "Outer",
            "Parallel Aware": false,
            "Startup Cost": 147865.76,
            "Total Cost": 147865.77,
            "Plan Rows": 1,
            "Plan Width": 8,
            "Actual Startup Time": 1220.689,
            "Actual Total Time": 1220.699,
            "Actual Rows": 1,
            "Actual Loops": 2,
            "Plans": [
              {
                "Node Type": "Hash Join",
                "Parent Relationship": "Outer",
                "Parallel Aware": true,
                "Join Type": "Inner",
                "Startup Cost": 106291.54,
                "Total Cost": 147364.42,
                "Plan Rows": 200536,
                "Plan Width": 0,
                "Actual Startup Time": 812.061,
                "Actual Total Time": 1176.163,
                "Actual Rows": 1150107,
                "Actual Loops": 2,
                "Inner Unique": false,
                "Hash Cond": "(mc.movie_id = t.id)",
                "Plans": [
                  {
                    "Node Type": "Seq Scan",
                    "Parent Relationship": "Outer",
                    "Parallel Aware": true,
                    "Relation Name": "movie_companies",
                    "Alias": "mc",
                    "Startup Cost": 0.0,
                    "Total Cost": 34137.82,
                    "Plan Rows": 1534782,
                    "Plan Width": 4,
                    "Actual Startup Time": 0.012,
                    "Actual Total Time": 105.172,
                    "Actual Rows": 1304564,
                    "Actual Loops": 2
                  },
                  {
                    "Node Type": "Hash",
                    "Parent Relationship": "Inner",
                    "Parallel Aware": true,
                    "Startup Cost": 103862.49,
                    "Total Cost": 103862.49,
                    "Plan Rows": 194324,
                    "Plan Width": 8,
                    "Actual Startup Time": 806.345,
                    "Actual Total Time": 806.353,
                    "Actual Rows": 173346,
                    "Actual Loops": 2,
                    "Hash Buckets": 524288,
                    "Original Hash Buckets": 524288,
                    "Hash Batches": 1,
                    "Original Hash Batches": 1,
                    "Peak Memory Usage": 17664,
                    "Plans": [
                      {
                        "Node Type": "Hash Join",
                        "Parent Relationship": "Outer",
                        "Parallel Aware": true,
                        "Join Type": "Inner",
                        "Startup Cost": 76469.34,
                        "Total Cost": 103862.49,
                        "Plan Rows": 194324,
                        "Plan Width": 8,
                        "Actual Startup Time": 622.916,
                        "Actual Total Time": 763.277,
                        "Actual Rows": 173346,
                        "Actual Loops": 2,
                        "Inner Unique": true,
                        "Hash Cond": "(mk.movie_id = t.id)",
                        "Plans": [
                          {
                            "Node Type": "Bitmap Heap Scan",
                            "Parent Relationship": "Outer",
                            "Parallel Aware": true,
                            "Relation Name": "movie_keyword",
                            "Alias": "mk",
                            "Startup Cost": 7008.64,
                            "Total Cost": 33891.69,
                            "Plan Rows": 194324,
                            "Plan Width": 4,
                            "Actual Startup Time": 30.609,
                            "Actual Total Time": 102.599,
                            "Actual Rows": 173346,
                            "Actual Loops": 2,
                            "Recheck Cond": "(keyword_id < 297)",
                            "Rows Removed by Index Recheck": 0,
                            "Exact Heap Blocks": 13149,
                            "Lossy Heap Blocks": 0,
                            "Plans": [
                              {
                                "Node Type": "Bitmap Index Scan",
                                "Parent Relationship": "Outer",
                                "Parallel Aware": false,
                                "Index Name": "keyword_id_movie_keyword",
                                "Startup Cost": 0.0,
                                "Total Cost": 6926.06,
                                "Plan Rows": 330350,
                                "Plan Width": 0,
                                "Actual Startup Time": 27.061,
                                "Actual Total Time": 27.061,
                                "Actual Rows": 346691,
                                "Actual Loops": 1,
                                "Index Cond": "(keyword_id < 297)"
                              }
                            ]
                          },
                          {
                            "Node Type": "Hash",
                            "Parent Relationship": "Inner",
                            "Parallel Aware": true,
                            "Startup Cost": 50870.31,
                            "Total Cost": 50870.31,
                            "Plan Rows": 1487231,
                            "Plan Width": 4,
                            "Actual Startup Time": 573.275,
                            "Actual Total Time": 573.276,
                            "Actual Rows": 1264156,
                            "Actual Loops": 2,
                            "Hash Buckets": 4194304,
                            "Original Hash Buckets": 4194304,
                            "Hash Batches": 1,
                            "Original Hash Batches": 1,
                            "Peak Memory Usage": 131712,
                            "Plans": [
                              {
                                "Node Type": "Seq Scan",
                                "Parent Relationship": "Outer",
                                "Parallel Aware": true,
                                "Relation Name": "title",
                                "Alias": "t",
                                "Startup Cost": 0.0,
                                "Total Cost": 50870.31,
                                "Plan Rows": 1487231,
                                "Plan Width": 4,
                                "Actual Startup Time": 0.056,
                                "Actual Total Time": 161.403,
                                "Actual Rows": 1264156,
                                "Actual Loops": 2
                              }
                            ]
                          }
                        ]
                      }
                    ]
                  }
                ]
              }
            ]
          }
        ]
      }
    ]
  },
  "Planning Time": 1.152,
  "Triggers": [],
  "Execution Time": 1257.432
}