[
  {
    "Plan": {
      "Node Type": "Aggregate",
      "Strategy": "Plain",
      "Partial Mode": "Finalize",
      "Parallel Aware": false,
      "Startup Cost": 45913.6,
      "Total Cost": 45913.61,
      "Plan Rows": 1,
      "Plan Width": 8,
      "Actual Startup Time": 165.805,
      "Actual Total Time": 176.283,
      "Actual Rows": 1,
      "Actual Loops": 1,
      "Plans": [
        {
          "Node Type": "Gather",
          "Parent Relationship": "Outer",
          "Parallel Aware": false,
          "Startup Cost": 45913.28,
          "Total Cost": 45913.59,
          "Plan Rows": 3,
          "Plan Width": 8,
          "Actual Startup Time": 165.656,
          "Actual Total Time": 176.272,
          "Actual Rows": 4,
          "Actual Loops": 1,
          "Workers Planned": 3,
          "Workers Launched": 3,
          "Single Copy": false,
          "Plans": [
            {
              "Node Type": "Aggregate",
              "Strategy": "Plain",
              "Partial Mode": "Partial",
              "Parent Relationship": "Outer",
              "Parallel Aware": false,
              "Startup Cost": 44913.28,
              "Total Cost": 44913.29,
              "Plan Rows": 1,
              "Plan Width": 8,
              "Actual Startup Time": 158.614,
              "Actual Total Time": 158.615,
              "Actual Rows": 1,
              "Actual Loops": 4,
              "Plans": [
                {
                  "Node Type": "Seq Scan",
                  "Parent Relationship": "Outer",
                  "Parallel Aware": true,
                  "Relation Name": "movie_keyword",
                  "Alias": "mk",
                  "Startup Cost": 0.0,
                  "Total Cost": 42695.65,
                  "Plan Rows": 887050,
                  "Plan Width": 0,
                  "Actual Startup Time": 0.267,
                  "Actual Total Time": 126.14,
                  "Actual Rows": 685761,
                  "Actual Loops": 4,
                  "Filter": "(keyword_id > 2883)",
                  "Rows Removed by Filter": 445221
                }
              ]
            }
          ]
        }
      ]
    },
    "Planning Time": 0.09,
    "Triggers": [],
    "Execution Time": 176.32
  }
]