{
  "Plan": {
    "Node Type": "Aggregate",
    "Strategy": "Plain",
    "Partial Mode": "Finalize",
    "Parallel Aware": false,
    "Startup Cost": 32617.33,
    "Total Cost": 32617.34,
    "Plan Rows": 1,
    "Plan Width": 8,
    "Actual Startup Time": 51.549,
    "Actual Total Time": 57.341,
    "Actual Rows": 1,
    "Actual Loops": 1,
    "Plans": [
      {
        "Node Type": "Gather",
        "Parent Relationship": "Outer",
        "Parallel Aware": false,
        "Startup Cost": 32617.22,
        "Total Cost": 32617.33,
        "Plan Rows": 1,
        "Plan Width": 8,
        "Actual Startup Time": 51.43,
        "Actual Total Time": 57.335,
        "Actual Rows": 2,
        "Actual Loops": 1,
        "Workers Planned": 1,
        "Workers Launched": 1,
        "Single Copy": false,
        "Plans": [
          {
            "Node Type": "Aggregate",
            "Strategy": "Plain",
            "Partial Mode": "Partial",
            "Parent Relationship": "Outer",
            "Parallel Aware": false,
            "Startup Cost": 31617.22,
            "Total Cost": 31617.23,
            "Plan Rows": 1,
            "Plan Width": 8,
            "Actual Startup Time": 45.201,
            "Actual Total Time": 45.203,
            "Actual Rows": 1,
            "Actual Loops": 2,
            "Plans": [
              {
                "Node Type": "Nested Loop",
                "Parent Relationship": "Outer",
                "Parallel Aware": false,
                "Join Type": "Inner",
                "Startup Cost": 160.35,
                "Total Cost": 31615.25,
                "Plan Rows": 789,
                "Plan Width": 0,
                "Actual Startup Time": 2.494,
                "Actual Total Time": 44.514,
                "Actual Rows": 5079,
                "Actual Loops": 2,
                "Inner Unique": false,
                "Plans": [
                  {
                    "Node Type": "Nested Loop",
                    "Parent Relationship": "Outer",
                    "Parallel Aware": false,
                    "Join Type": "Inner",
                    "Startup Cost": 159.92,
                    "Total Cost": 30472.73,
                    "Plan Rows": 2156,
                    "Plan Width": 8,
                    "Actual Startup Time": 2.363,
                    "Actual Total Time": 28.719,
                    "Actual Rows": 3911,
                    "Actual Loops": 2,
                    "Inner Unique": true,
                    "Plans": [
                      {
                        "Node Type": "Bitmap Heap Scan",
                        "Parent Relationship": "Outer",
                        "Parallel Aware": true,
                        "Relation Name": "movie_companies",
                        "Alias": "mc",
                        "Startup Cost": 159.49,
                        "Total Cost": 14132.96,
                        "Plan Rows": 2156,
                        "Plan Width": 4,
                        "Actual Startup Time": 2.22,
                        "Actual Total Time": 4.559,
                        "Actual Rows": 3911,
                        "Actual Loops": 2,
                        "Recheck Cond": "(company_id = 424)",
                        "Rows Removed by Index Recheck": 0,
                        "Filter": "(company_type_id > 1)",
                        "Rows Removed by Filter": 206,
                        "Exact Heap Blocks": 845,
                        "Lossy Heap Blocks": 0,
                        "Plans": [
                          {
                            "Node Type": "Bitmap Index Scan",
                            "Parent Relationship": "Outer",
                            "Parallel Aware": false,
                            "Index Name": "company_id_movie_companies",
                            "Startup Cost": 0.0,
                            "Total Cost": 158.57,
                            "Plan Rows": 7219,
                            "Plan Width": 0,
                            "Actual Startup Time": 2.799,
                            "Actual Total Time": 2.799,
                            "Actual Rows": 8235,
                            "Actual Loops": 1,
                            "Index Cond": "(company_id = 424)"
                          }
                        ]
                      },
                      {
                        "Node Type": "Index Only Scan",
                        "Parent Relationship": "Inner",
                        "Parallel Aware": false,
                        "Scan Direction": "Forward",
                        "Index Name": "title_pkey",
                        "Relation Name": "title",
                        "Alias": "t",
                        "Startup Cost": 0.43,
                        "Total Cost": 7.58,
                        "Plan Rows": 1,
                        "Plan Width": 4,
                        "Actual Startup Time": 0.006,
                        "Actual Total Time": 0.006,
                        "Actual Rows": 1,
                        "Actual Loops": 7822,
                        "Index Cond": "(id = mc.movie_id)",
                        "Rows Removed by Index Recheck": 0,
                        "Heap Fetches": 7822
                      }
                    ]
                  },
                  {
                    "Node Type": "Index Scan",
                    "Parent Relationship": "Inner",
                    "Parallel Aware": false,
                    "Scan Direction": "Forward",
                    "Index Name": "movie_id_movie_info_idx",
                    "Relation Name": "movie_info_idx",
                    "Alias": "mi_idx",
                    "Startup Cost": 0.43,
                    "Total Cost": 0.51,
                    "Plan Rows": 2,
                    "Plan Width": 4,
                    "Actual Startup Time": 0.003,
                    "Actual Total Time": 0.003,
                    "Actual Rows": 1,
                    "Actual Loops": 7822,
                    "Index Cond": "(movie_id = t.id)",
                    "Rows Removed by Index Recheck": 0,
                    "Filter": "(info_type_id > 99)",
                    "Rows Removed by Filter": 1
                  }
                ]
              }
            ]
          }
        ]
      }
    ]
  },
  "Planning Time": 1.029,
  "Triggers": [],
  "Execution Time": 57.435
}