[
  {
    "Plan": {
      "Node Type": "Aggregate",
      "Strategy": "Plain",
      "Partial Mode": "Finalize",
      "Parallel Aware": false,
      "Startup Cost": 82747.39,
      "Total Cost": 82747.4,
      "Plan Rows": 1,
      "Plan Width": 8,
      "Actual Startup Time": 455.519,
      "Actual Total Time": 467.244,
      "Actual Rows": 1,
      "Actual Loops": 1,
      "Plans": [
        {
          "Node Type": "Gather",
          "Parent Relationship": "Outer",
          "Parallel Aware": false,
          "Startup Cost": 82746.97,
          "Total Cost": 82747.38,
          "Plan Rows": 4,
          "Plan Width": 8,
          "Actual Startup Time": 449.929,
          "Actual Total Time": 467.229,
          "Actual Rows": 5,
          "Actual Loops": 1,
          "Workers Planned": 4,
          "Workers Launched": 4,
          "Single Copy": false,
          "Plans": [
            {
              "Node Type": "Aggregate",
              "Strategy": "Plain",
              "Partial Mode": "Partial",
              "Parent Relationship": "Outer",
              "Parallel Aware": false,
              "Startup Cost": 81746.97,
              "Total Cost": 81746.98,
              "Plan Rows": 1,
              "Plan Width": 8,
              "Actual Startup Time": 438.994,
              "Actual Total Time": 439.237,
              "Actual Rows": 1,
              "Actual Loops": 5,
              "Plans": [
                {
                  "Node Type": "Hash Join",
                  "Parent Relationship": "Outer",
                  "Parallel Aware": true,
                  "Join Type": "Inner",
                  "Startup Cost": 34996.41,
                  "Total Cost": 81191.82,
                  "Plan Rows": 222059,
                  "Plan Width": 0,
                  "Actual Startup Time": 188.291,
                  "Actual Total Time": 428.266,
                  "Actual Rows": 216866,
                  "Actual Loops": 5,
                  "Inner Unique": false,
                  "Hash Cond": "(t.id = mc.movie_id)",
                  "Plans": [
                    {
                      "Node Type": "Seq Scan",
                      "Parent Relationship": "Outer",
                      "Parallel Aware": true,
                      "Relation Name": "title",
                      "Alias": "t",
                      "Startup Cost": 0.0,
                      "Total Cost": 42318.73,
                      "Plan Rows": 632073,
                      "Plan Width": 4,
                      "Actual Startup Time": 0.011,
                      "Actual Total Time": 69.189,
                      "Actual Rows": 505662,
                      "Actual Loops": 5
                    },
                    {
                      "Node Type": "Hash",
                      "Parent Relationship": "Inner",
                      "Parallel Aware": true,
                      "Startup Cost": 31414.82,
                      "Total Cost": 31414.82,
                      "Plan Rows": 286527,
                      "Plan Width": 4,
                      "Actual Startup Time": 183.228,
                      "Actual Total Time": 183.229,
                      "Actual Rows": 216866,
                      "Actual Loops": 5,
                      "Hash Buckets": 2097152,
                      "Original Hash Buckets": 1048576,
                      "Hash Batches": 1,
                      "Original Hash Batches": 1,
                      "Peak Memory Usage": 67072,
                      "Plans": [
                        {
                          "Node Type": "Seq Scan",
                          "Parent Relationship": "Outer",
                          "Parallel Aware": true,
                          "Relation Name": "movie_companies",
                          "Alias": "mc",
                          "Startup Cost": 0.0,
                          "Total Cost": 31414.82,
                          "Plan Rows": 286527,
                          "Plan Width": 4,
                          "Actual Startup Time": 47.932,
                          "Actual Total Time": 86.245,
                          "Actual Rows": 216866,
                          "Actual Loops": 5,
                          "Filter": "((company_id > 2416) AND (company_type_id = 2))",
                          "Rows Removed by Filter": 304960
                        }
                      ]
                    }
                  ]
                }
              ]
            }
          ]
        }
      ]
    },
    "Planning Time": 0.712,
    "Triggers": [],
    "Execution Time": 467.33
  }
]