[
  {
    "Plan": {
      "Node Type": "Aggregate",
      "Strategy": "Plain",
      "Partial Mode": "Finalize",
      "Parallel Aware": false,
      "Startup Cost": 333698.28,
      "Total Cost": 333698.29,
      "Plan Rows": 1,
      "Plan Width": 8,
      "Actual Startup Time": 631.202,
      "Actual Total Time": 685.811,
      "Actual Rows": 1,
      "Actual Loops": 1,
      "Plans": [
        {
          "Node Type": "Gather",
          "Parent Relationship": "Outer",
          "Parallel Aware": false,
          "Startup Cost": 333697.66,
          "Total Cost": 333698.27,
          "Plan Rows": 6,
          "Plan Width": 8,
          "Actual Startup Time": 631.079,
          "Actual Total Time": 685.802,
          "Actual Rows": 7,
          "Actual Loops": 1,
          "Workers Planned": 6,
          "Workers Launched": 6,
          "Single Copy": false,
          "Plans": [
            {
              "Node Type": "Aggregate",
              "Strategy": "Plain",
              "Partial Mode": "Partial",
              "Parent Relationship": "Outer",
              "Parallel Aware": false,
              "Startup Cost": 332697.66,
              "Total Cost": 332697.67,
              "Plan Rows": 1,
              "Plan Width": 8,
              "Actual Startup Time": 621.418,
              "Actual Total Time": 621.419,
              "Actual Rows": 1,
              "Actual Loops": 7,
              "Plans": [
                {
                  "Node Type": "Seq Scan",
                  "Parent Relationship": "Outer",
                  "Parallel Aware": true,
                  "Relation Name": "cast_info",
                  "Alias": "ci",
                  "Startup Cost": 0.0,
                  "Total Cost": 328162.03,
                  "Plan Rows": 1814252,
                  "Plan Width": 0,
                  "Actual Startup Time": 0.056,
                  "Actual Total Time": 552.018,
                  "Actual Rows": 1556713,
                  "Actual Loops": 7,
                  "Filter": "(person_id < 1070598)",
                  "Rows Removed by Filter": 3621050
                }
              ]
            }
          ]
        }
      ]
    },
    "Planning Time": 0.13,
    "Triggers": [],
    "Execution Time": 685.867
  }
]