[
  {
    "Plan": {
      "Node Type": "Aggregate",
      "Strategy": "Plain",
      "Partial Mode": "Finalize",
      "Parallel Aware": false,
      "Startup Cost": 543795.87,
      "Total Cost": 543795.88,
      "Plan Rows": 1,
      "Plan Width": 64,
      "Actual Startup Time": 5313.747,
      "Actual Total Time": 5465.33,
      "Actual Rows": 1,
      "Actual Loops": 1,
      "Plans": [
        {
          "Node Type": "Gather",
          "Parent Relationship": "Outer",
          "Parallel Aware": false,
          "Startup Cost": 543795.55,
          "Total Cost": 543795.86,
          "Plan Rows": 3,
          "Plan Width": 64,
          "Actual Startup Time": 5311.361,
          "Actual Total Time": 5465.318,
          "Actual Rows": 4,
          "Actual Loops": 1,
          "Workers Planned": 3,
          "Workers Launched": 3,
          "Single Copy": false,
          "Plans": [
            {
              "Node Type": "Aggregate",
              "Strategy": "Plain",
              "Partial Mode": "Partial",
              "Parent Relationship": "Outer",
              "Parallel Aware": false,
              "Startup Cost": 542795.55,
              "Total Cost": 542795.56,
              "Plan Rows": 1,
              "Plan Width": 64,
              "Actual Startup Time": 5300.538,
              "Actual Total Time": 5300.565,
              "Actual Rows": 1,
              "Actual Loops": 4,
              "Plans": [
                {
                  "Node Type": "Hash Join",
                  "Parent Relationship": "Outer",
                  "Parallel Aware": true,
                  "Join Type": "Inner",
                  "Startup Cost": 527401.35,
                  "Total Cost": 542795.25,
                  "Plan Rows": 59,
                  "Plan Width": 33,
                  "Actual Startup Time": 5211.811,
                  "Actual Total Time": 5297.536,
                  "Actual Rows": 21193,
                  "Actual Loops": 4,
                  "Inner Unique": false,
                  "Hash Cond": "(an.person_id = n.id)",
                  "Plans": [
                    {
                      "Node Type": "Seq Scan",
                      "Parent Relationship": "Outer",
                      "Parallel Aware": true,
                      "Relation Name": "aka_name",
                      "Alias": "an",
                      "Startup Cost": 0.0,
                      "Total Cost": 14303.56,
                      "Plan Rows": 290756,
                      "Plan Width": 20,
                      "Actual Startup Time": 0.025,
                      "Actual Total Time": 46.001,
                      "Actual Rows": 225336,
                      "Actual Loops": 4
                    },
                    {
                      "Node Type": "Hash",
                      "Parent Relationship": "Inner",
                      "Parallel Aware": true,
                      "Startup Cost": 527401.1,
                      "Total Cost": 527401.1,
                      "Plan Rows": 20,
                      "Plan Width": 25,
                      "Actual Startup Time": 5210.849,
                      "Actual Total Time": 5210.874,
                      "Actual Rows": 14496,
                      "Actual Loops": 4,
                      "Hash Buckets": 65536,
                      "Original Hash Buckets": 1024,
                      "Hash Batches": 1,
                      "Original Hash Batches": 1,
                      "Peak Memory Usage": 4856,
                      "Plans": [
                        {
                          "Node Type": "Hash Join",
                          "Parent Relationship": "Outer",
                          "Parallel Aware": true,
                          "Join Type": "Inner",
                          "Startup Cost": 457463.22,
                          "Total Cost": 527401.1,
                          "Plan Rows": 20,
                          "Plan Width": 25,
                          "Actual Startup Time": 4836.385,
                          "Actual Total Time": 5178.775,
                          "Actual Rows": 14496,
                          "Actual Loops": 4,
                          "Inner Unique": false,
                          "Hash Cond": "(n.id = ci.person_id)",
                          "Plans": [
                            {
                              "Node Type": "Seq Scan",
                              "Parent Relationship": "Outer",
                              "Parallel Aware": true,
                              "Relation Name": "name",
                              "Alias": "n",
                              "Startup Cost": 0.0,
                              "Total Cost": 66031.07,
                              "Plan Rows": 1041807,
                              "Plan Width": 4,
                              "Actual Startup Time": 0.023,
                              "Actual Total Time": 172.106,
                              "Actual Rows": 1041873,
                              "Actual Loops": 4
                            },
                            {
                              "Node Type": "Hash",
                              "Parent Relationship": "Inner",
                              "Parallel Aware": true,
                              "Startup Cost": 457463.06,
                              "Total Cost": 457463.06,
                              "Plan Rows": 13,
                              "Plan Width": 21,
                              "Actual Startup Time": 4834.454,
                              "Actual Total Time": 4834.476,
                              "Actual Rows": 14496,
                              "Actual Loops": 4,
                              "Hash Buckets": 65536,
                              "Original Hash Buckets": 1024,
                              "Hash Batches": 1,
                              "Original Hash Batches": 1,
                              "Peak Memory Usage": 4664,
                              "Plans": [
                                {
                                  "Node Type": "Hash Join",
                                  "Parent Relationship": "Outer",
                                  "Parallel Aware": true,
                                  "Join Type": "Inner",
                                  "Startup Cost": 126849.67,
                                  "Total Cost": 457463.06,
                                  "Plan Rows": 13,
                                  "Plan Width": 21,
                                  "Actual Startup Time": 838.23,
                                  "Actual Total Time": 4424.189,
                                  "Actual Rows": 14496,
                                  "Actual Loops": 4,
                                  "Inner Unique": false,
                                  "Hash Cond": "(ci.movie_id = mk.movie_id)",
                                  "Plans": [
                                    {
                                      "Node Type": "Hash Join",
                                      "Parent Relationship": "Outer",
                                      "Parallel Aware": true,
                                      "Join Type": "Inner",
                                      "Startup Cost": 46069.96,
                                      "Total Cost": 374988.73,
                                      "Plan Rows": 451854,
                                      "Plan Width": 29,
                                      "Actual Startup Time": 173.221,
                                      "Actual Total Time": 3553.517,
                                      "Actual Rows": 854524,
                                      "Actual Loops": 4,
                                      "Inner Unique": true,
                                      "Hash Cond": "(ci.movie_id = t.id)",
                                      "Plans": [
                                        {
                                          "Node Type": "Seq Scan",
                                          "Parent Relationship": "Outer",
                                          "Parallel Aware": true,
                                          "Relation Name": "cast_info",
                                          "Alias": "ci",
                                          "Startup Cost": 0.0,
                                          "Total Cost": 313068.58,
                                          "Plan Rows": 6038158,
                                          "Plan Width": 8,
                                          "Actual Startup Time": 0.016,
                                          "Actual Total Time": 1234.373,
                                          "Actual Rows": 9061086,
                                          "Actual Loops": 4
                                        },
                                        {
                                          "Node Type": "Hash",
                                          "Parent Relationship": "Inner",
                                          "Parallel Aware": true,
                                          "Startup Cost": 45478.74,
                                          "Total Cost": 45478.74,
                                          "Plan Rows": 47298,
                                          "Plan Width": 21,
                                          "Actual Startup Time": 172.046,
                                          "Actual Total Time": 172.047,
                                          "Actual Rows": 46822,
                                          "Actual Loops": 4,
                                          "Hash Buckets": 262144,
                                          "Original Hash Buckets": 262144,
                                          "Hash Batches": 1,
                                          "Original Hash Batches": 1,
                                          "Peak Memory Usage": 12608,
                                          "Plans": [
                                            {
                                              "Node Type": "Seq Scan",
                                              "Parent Relationship": "Outer",
                                              "Parallel Aware": true,
                                              "Relation Name": "title",
                                              "Alias": "t",
                                              "Startup Cost": 0.0,
                                              "Total Cost": 45478.74,
                                              "Plan Rows": 47298,
                                              "Plan Width": 21,
                                              "Actual Startup Time": 0.028,
                                              "Actual Total Time": 142.464,
                                              "Actual Rows": 46822,
                                              "Actual Loops": 4,
                                              "Filter": "((episode_nr >= 11) AND (episode_nr <= 19))",
                                              "Rows Removed by Filter": 585256
                                            }
                                          ]
                                        }
                                      ]
                                    },
                                    {
                                      "Node Type": "Hash",
                                      "Parent Relationship": "Inner",
                                      "Parallel Aware": true,
                                      "Startup Cost": 80779.22,
                                      "Total Cost": 80779.22,
                                      "Plan Rows": 39,
                                      "Plan Width": 8,
                                      "Actual Startup Time": 662.913,
                                      "Actual Total Time": 662.926,
                                      "Actual Rows": 17079,
                                      "Actual Loops": 4,
                                      "Hash Buckets": 131072,
                                      "Original Hash Buckets": 1024,
                                      "Hash Batches": 1,
                                      "Original Hash Batches": 1,
                                      "Peak Memory Usage": 4792,
                                      "Plans": [
                                        {
                                          "Node Type": "Hash Join",
                                          "Parent Relationship": "Outer",
                                          "Parallel Aware": true,
                                          "Join Type": "Inner",
                                          "Startup Cost": 75868.16,
                                          "Total Cost": 80779.22,
                                          "Plan Rows": 39,
                                          "Plan Width": 8,
                                          "Actual Startup Time": 622.042,
                                          "Actual Total Time": 645.297,
                                          "Actual Rows": 17079,
                                          "Actual Loops": 4,
                                          "Inner Unique": false,
                                          "Hash Cond": "(cn.id = mc.company_id)",
                                          "Plans": [
                                            {
                                              "Node Type": "Seq Scan",
                                              "Parent Relationship": "Outer",
                                              "Parallel Aware": true,
                                              "Relation Name": "company_name",
                                              "Alias": "cn",
                                              "Startup Cost": 0.0,
                                              "Total Cost": 4722.92,
                                              "Plan Rows": 50137,
                                              "Plan Width": 4,
                                              "Actual Startup Time": 0.031,
                                              "Actual Total Time": 13.663,
                                              "Actual Rows": 21211,
                                              "Actual Loops": 4,
                                              "Filter": "((country_code)::text = '[us]'::text)",
                                              "Rows Removed by Filter": 37538
                                            },
                                            {
                                              "Node Type": "Hash",
                                              "Parent Relationship": "Inner",
                                              "Parallel Aware": true,
                                              "Startup Cost": 75867.41,
                                              "Total Cost": 75867.41,
                                              "Plan Rows": 60,
                                              "Plan Width": 12,
                                              "Actual Startup Time": 621.77,
                                              "Actual Total Time": 621.78,
                                              "Actual Rows": 37138,
                                              "Actual Loops": 4,
                                              "Hash Buckets": 262144,
                                              "Original Hash Buckets": 1024,
                                              "Hash Batches": 1,
                                              "Original Hash Batches": 1,
                                              "Peak Memory Usage": 11128,
                                              "Plans": [
                                                {
                                                  "Node Type": "Hash Join",
                                                  "Parent Relationship": "Outer",
                                                  "Parallel Aware": true,
                                                  "Join Type": "Inner",
                                                  "Startup Cost": 45504.47,
                                                  "Total Cost": 75867.41,
                                                  "Plan Rows": 60,
                                                  "Plan Width": 12,
                                                  "Actual Startup Time": 349.481,
                                                  "Actual Total Time": 573.549,
                                                  "Actual Rows": 37138,
                                                  "Actual Loops": 4,
                                                  "Inner Unique": false,
                                                  "Hash Cond": "(mc.movie_id = mk.movie_id)",
                                                  "Plans": [
                                                    {
                                                      "Node Type": "Seq Scan",
                                                      "Parent Relationship": "Outer",
                                                      "Parallel Aware": true,
                                                      "Relation Name": "movie_companies",
                                                      "Alias": "mc",
                                                      "Startup Cost": 0.0,
                                                      "Total Cost": 27206.55,
                                                      "Plan Rows": 841655,
                                                      "Plan Width": 8,
                                                      "Actual Startup Time": 0.029,
                                                      "Actual Total Time": 109.915,
                                                      "Actual Rows": 652282,
                                                      "Actual Loops": 4
                                                    },
                                                    {
                                                      "Node Type": "Hash",
                                                      "Parent Relationship": "Inner",
                                                      "Parallel Aware": true,
                                                      "Startup Cost": 45504.33,
                                                      "Total Cost": 45504.33,
                                                      "Plan Rows": 11,
                                                      "Plan Width": 4,
                                                      "Actual Startup Time": 349.183,
                                                      "Actual Total Time": 349.19,
                                                      "Actual Rows": 10460,
                                                      "Actual Loops": 4,
                                                      "Hash Buckets": 65536,
                                                      "Original Hash Buckets": 1024,
                                                      "Hash Batches": 1,
                                                      "Original Hash Batches": 1,
                                                      "Peak Memory Usage": 2680,
                                                      "Plans": [
                                                        {
                                                          "Node Type": "Hash Join",
                                                          "Parent Relationship": "Outer",
                                                          "Parallel Aware": false,
                                                          "Join Type": "Inner",
                                                          "Startup Cost": 2626.14,
                                                          "Total Cost": 45504.33,
                                                          "Plan Rows": 11,
                                                          "Plan Width": 4,
                                                          "Actual Startup Time": 27.909,
                                                          "Actual Total Time": 316.101,
                                                          "Actual Rows": 10460,
                                                          "Actual Loops": 4,
                                                          "Inner Unique": true,
                                                          "Hash Cond": "(mk.keyword_id = k.id)",
                                                          "Plans": [
                                                            {
                                                              "Node Type": "Seq Scan",
                                                              "Parent Relationship": "Outer",
                                                              "Parallel Aware": true,
                                                              "Relation Name": "movie_keyword",
                                                              "Alias": "mk",
                                                              "Startup Cost": 0.0,
                                                              "Total Cost": 39047.32,
                                                              "Plan Rows": 1459332,
                                                              "Plan Width": 8,
                                                              "Actual Startup Time": 0.056,
                                                              "Actual Total Time": 166.751,
                                                              "Actual Rows": 1130982,
                                                              "Actual Loops": 4
                                                            },
                                                            {
                                                              "Node Type": "Hash",
                                                              "Parent Relationship": "Inner",
                                                              "Parallel Aware": false,
                                                              "Startup Cost": 2626.12,
                                                              "Total Cost": 2626.12,
                                                              "Plan Rows": 1,
                                                              "Plan Width": 4,
                                                              "Actual Startup Time": 27.773,
                                                              "Actual Total Time": 27.774,
                                                              "Actual Rows": 1,
                                                              "Actual Loops": 4,
                                                              "Hash Buckets": 1024,
                                                              "Original Hash Buckets": 1024,
                                                              "Hash Batches": 1,
                                                              "Original Hash Batches": 1,
                                                              "Peak Memory Usage": 9,
                                                              "Plans": [
                                                                {
                                                                  "Node Type": "Seq Scan",
                                                                  "Parent Relationship": "Outer",
                                                                  "Parallel Aware": false,
                                                                  "Relation Name": "keyword",
                                                                  "Alias": "k",
                                                                  "Startup Cost": 0.0,
                                                                  "Total Cost": 2626.12,
                                                                  "Plan Rows": 1,
                                                                  "Plan Width": 4,
                                                                  "Actual Startup Time": 2.256,
                                                                  "Actual Total Time": 27.748,
                                                                  "Actual Rows": 1,
                                                                  "Actual Loops": 4,
                                                                  "Filter": "(keyword = 'character-name-in-title'::text)",
                                                                  "Rows Removed by Filter": 134169
                                                                }
                                                              ]
                                                            }
                                                          ]
                                                        }
                                                      ]
                                                    }
                                                  ]
                                                }
                                              ]
                                            }
                                          ]
                                        }
                                      ]
                                    }
                                  ]
                                }
                              ]
                            }
                          ]
                        }
                      ]
                    }
                  ]
                }
              ]
            }
          ]
        }
      ]
    },
    "Planning Time": 20.414,
    "Triggers": [],
    "Execution Time": 5465.811
  }
]