[
  {
    "Plan": {
      "Node Type": "Aggregate",
      "Strategy": "Plain",
      "Partial Mode": "Finalize",
      "Parallel Aware": false,
      "Startup Cost": 336025.73,
      "Total Cost": 336025.74,
      "Plan Rows": 1,
      "Plan Width": 8,
      "Actual Startup Time": 762.507,
      "Actual Total Time": 791.973,
      "Actual Rows": 1,
      "Actual Loops": 1,
      "Plans": [
        {
          "Node Type": "Gather",
          "Parent Relationship": "Outer",
          "Parallel Aware": false,
          "Startup Cost": 336025.1,
          "Total Cost": 336025.71,
          "Plan Rows": 6,
          "Plan Width": 8,
          "Actual Startup Time": 762.419,
          "Actual Total Time": 791.966,
          "Actual Rows": 7,
          "Actual Loops": 1,
          "Workers Planned": 6,
          "Workers Launched": 6,
          "Single Copy": false,
          "Plans": [
            {
              "Node Type": "Aggregate",
              "Strategy": "Plain",
              "Partial Mode": "Partial",
              "Parent Relationship": "Outer",
              "Parallel Aware": false,
              "Startup Cost": 335025.1,
              "Total Cost": 335025.11,
              "Plan Rows": 1,
              "Plan Width": 8,
              "Actual Startup Time": 757.48,
              "Actual Total Time": 757.481,
              "Actual Rows": 1,
              "Actual Loops": 7,
              "Plans": [
                {
                  "Node Type": "Seq Scan",
                  "Parent Relationship": "Outer",
                  "Parallel Aware": true,
                  "Relation Name": "cast_info",
                  "Alias": "ci",
                  "Startup Cost": 0.0,
                  "Total Cost": 328213.62,
                  "Plan Rows": 2724594,
                  "Plan Width": 0,
                  "Actual Startup Time": 0.029,
                  "Actual Total Time": 628.223,
                  "Actual Rows": 2325130,
                  "Actual Loops": 7,
                  "Filter": "(person_id < 1611446)",
                  "Rows Removed by Filter": 2852633
                }
              ]
            }
          ]
        }
      ]
    },
    "Planning Time": 0.086,
    "Triggers": [],
    "Execution Time": 792.007
  }
]