[
  {
    "Plan": {
      "Node Type": "Aggregate",
      "Strategy": "Plain",
      "Partial Mode": "Finalize",
      "Parallel Aware": false,
      "Startup Cost": 199663.93,
      "Total Cost": 199663.94,
      "Plan Rows": 1,
      "Plan Width": 8,
      "Actual Startup Time": 241.233,
      "Actual Total Time": 254.949,
      "Actual Rows": 1,
      "Actual Loops": 1,
      "Plans": [
        {
          "Node Type": "Gather",
          "Parent Relationship": "Outer",
          "Parallel Aware": false,
          "Startup Cost": 199663.31,
          "Total Cost": 199663.92,
          "Plan Rows": 6,
          "Plan Width": 8,
          "Actual Startup Time": 241.126,
          "Actual Total Time": 254.934,
          "Actual Rows": 7,
          "Actual Loops": 1,
          "Workers Planned": 6,
          "Workers Launched": 6,
          "Single Copy": false,
          "Plans": [
            {
              "Node Type": "Aggregate",
              "Strategy": "Plain",
              "Partial Mode": "Partial",
              "Parent Relationship": "Outer",
              "Parallel Aware": false,
              "Startup Cost": 198663.31,
              "Total Cost": 198663.32,
              "Plan Rows": 1,
              "Plan Width": 8,
              "Actual Startup Time": 231.231,
              "Actual Total Time": 231.232,
              "Actual Rows": 1,
              "Actual Loops": 7,
              "Plans": [
                {
                  "Node Type": "Index Scan",
                  "Parent Relationship": "Outer",
                  "Parallel Aware": true,
                  "Scan Direction": "Forward",
                  "Index Name": "role_id_cast_info",
                  "Relation Name": "cast_info",
                  "Alias": "ci",
                  "Startup Cost": 0.56,
                  "Total Cost": 197877.72,
                  "Plan Rows": 314233,
                  "Plan Width": 0,
                  "Actual Startup Time": 9.738,
                  "Actual Total Time": 231.202,
                  "Actual Rows": 236,
                  "Actual Loops": 7,
                  "Index Cond": "(role_id = 2)",
                  "Rows Removed by Index Recheck": 0,
                  "Filter": "(person_id < 924649)",
                  "Rows Removed by Filter": 1064331
                }
              ]
            }
          ]
        }
      ]
    },
    "Planning Time": 0.278,
    "Triggers": [],
    "Execution Time": 255.016
  }
]