[
  {
    "Plan": {
      "Node Type": "Aggregate",
      "Strategy": "Plain",
      "Partial Mode": "Finalize",
      "Parallel Aware": false,
      "Startup Cost": 45428.52,
      "Total Cost": 45428.53,
      "Plan Rows": 1,
      "Plan Width": 8,
      "Actual Startup Time": 153.19,
      "Actual Total Time": 164.936,
      "Actual Rows": 1,
      "Actual Loops": 1,
      "Plans": [
        {
          "Node Type": "Gather",
          "Parent Relationship": "Outer",
          "Parallel Aware": false,
          "Startup Cost": 45428.21,
          "Total Cost": 45428.52,
          "Plan Rows": 3,
          "Plan Width": 8,
          "Actual Startup Time": 153.072,
          "Actual Total Time": 164.925,
          "Actual Rows": 4,
          "Actual Loops": 1,
          "Workers Planned": 3,
          "Workers Launched": 3,
          "Single Copy": false,
          "Plans": [
            {
              "Node Type": "Aggregate",
              "Strategy": "Plain",
              "Partial Mode": "Partial",
              "Parent Relationship": "Outer",
              "Parallel Aware": false,
              "Startup Cost": 44428.21,
              "Total Cost": 44428.22,
              "Plan Rows": 1,
              "Plan Width": 8,
              "Actual Startup Time": 146.285,
              "Actual Total Time": 146.286,
              "Actual Rows": 1,
              "Actual Loops": 4,
              "Plans": [
                {
                  "Node Type": "Seq Scan",
                  "Parent Relationship": "Outer",
                  "Parallel Aware": true,
                  "Relation Name": "movie_keyword",
                  "Alias": "mk",
                  "Startup Cost": 0.0,
                  "Total Cost": 42695.65,
                  "Plan Rows": 693021,
                  "Plan Width": 0,
                  "Actual Startup Time": 0.052,
                  "Actual Total Time": 119.453,
                  "Actual Rows": 540637,
                  "Actual Loops": 4,
                  "Filter": "(keyword_id < 4142)",
                  "Rows Removed by Filter": 590346
                }
              ]
            }
          ]
        }
      ]
    },
    "Planning Time": 0.16,
    "Triggers": [],
    "Execution Time": 164.987
  }
]