[
  {
    "Plan": {
      "Node Type": "Aggregate",
      "Strategy": "Plain",
      "Partial Mode": "Finalize",
      "Parallel Aware": false,
      "Startup Cost": 26066.12,
      "Total Cost": 26066.13,
      "Plan Rows": 1,
      "Plan Width": 8,
      "Actual Startup Time": 28.698,
      "Actual Total Time": 34.258,
      "Actual Rows": 1,
      "Actual Loops": 1,
      "Plans": [
        {
          "Node Type": "Gather",
          "Parent Relationship": "Outer",
          "Parallel Aware": false,
          "Startup Cost": 26066.01,
          "Total Cost": 26066.12,
          "Plan Rows": 1,
          "Plan Width": 8,
          "Actual Startup Time": 28.589,
          "Actual Total Time": 34.251,
          "Actual Rows": 2,
          "Actual Loops": 1,
          "Workers Planned": 1,
          "Workers Launched": 1,
          "Single Copy": false,
          "Plans": [
            {
              "Node Type": "Aggregate",
              "Strategy": "Plain",
              "Partial Mode": "Partial",
              "Parent Relationship": "Outer",
              "Parallel Aware": false,
              "Startup Cost": 25066.01,
              "Total Cost": 25066.02,
              "Plan Rows": 1,
              "Plan Width": 8,
              "Actual Startup Time": 26.177,
              "Actual Total Time": 26.179,
              "Actual Rows": 1,
              "Actual Loops": 2,
              "Plans": [
                {
                  "Node Type": "Nested Loop",
                  "Parent Relationship": "Outer",
                  "Parallel Aware": false,
                  "Join Type": "Inner",
                  "Startup Cost": 68.88,
                  "Total Cost": 25058.0,
                  "Plan Rows": 3204,
                  "Plan Width": 0,
                  "Actual Startup Time": 1.35,
                  "Actual Total Time": 26.135,
                  "Actual Rows": 274,
                  "Actual Loops": 2,
                  "Inner Unique": false,
                  "Plans": [
                    {
                      "Node Type": "Nested Loop",
                      "Parent Relationship": "Outer",
                      "Parallel Aware": false,
                      "Join Type": "Inner",
                      "Startup Cost": 68.45,
                      "Total Cost": 21888.42,
                      "Plan Rows": 1791,
                      "Plan Width": 8,
                      "Actual Startup Time": 0.95,
                      "Actual Total Time": 16.177,
                      "Actual Rows": 1522,
                      "Actual Loops": 2,
                      "Inner Unique": true,
                      "Plans": [
                        {
                          "Node Type": "Bitmap Heap Scan",
                          "Parent Relationship": "Outer",
                          "Parallel Aware": true,
                          "Relation Name": "movie_companies",
                          "Alias": "mc",
                          "Startup Cost": 68.02,
                          "Total Cost": 8083.96,
                          "Plan Rows": 1791,
                          "Plan Width": 4,
                          "Actual Startup Time": 0.856,
                          "Actual Total Time": 4.843,
                          "Actual Rows": 1522,
                          "Actual Loops": 2,
                          "Recheck Cond": "(company_id = 11156)",
                          "Rows Removed by Index Recheck": 0,
                          "Exact Heap Blocks": 1373,
                          "Lossy Heap Blocks": 0,
                          "Plans": [
                            {
                              "Node Type": "Bitmap Index Scan",
                              "Parent Relationship": "Outer",
                              "Parallel Aware": false,
                              "Index Name": "company_id_movie_companies",
                              "Startup Cost": 0.0,
                              "Total Cost": 67.26,
                              "Plan Rows": 3044,
                              "Plan Width": 0,
                              "Actual Startup Time": 1.312,
                              "Actual Total Time": 1.313,
                              "Actual Rows": 3044,
                              "Actual Loops": 1,
                              "Index Cond": "(company_id = 11156)"
                            }
                          ]
                        },
                        {
                          "Node Type": "Index Only Scan",
                          "Parent Relationship": "Inner",
                          "Parallel Aware": false,
                          "Scan Direction": "Forward",
                          "Index Name": "title_pkey",
                          "Relation Name": "title",
                          "Alias": "t",
                          "Startup Cost": 0.43,
                          "Total Cost": 7.71,
                          "Plan Rows": 1,
                          "Plan Width": 4,
                          "Actual Startup Time": 0.007,
                          "Actual Total Time": 0.007,
                          "Actual Rows": 1,
                          "Actual Loops": 3044,
                          "Index Cond": "(id = mc.movie_id)",
                          "Rows Removed by Index Recheck": 0,
                          "Heap Fetches": 3044
                        }
                      ]
                    },
                    {
                      "Node Type": "Index Only Scan",
                      "Parent Relationship": "Inner",
                      "Parallel Aware": false,
                      "Scan Direction": "Forward",
                      "Index Name": "movie_id_movie_keyword",
                      "Relation Name": "movie_keyword",
                      "Alias": "mk",
                      "Startup Cost": 0.43,
                      "Total Cost": 1.31,
                      "Plan Rows": 46,
                      "Plan Width": 4,
                      "Actual Startup Time": 0.006,
                      "Actual Total Time": 0.006,
                      "Actual Rows": 0,
                      "Actual Loops": 3044,
                      "Index Cond": "(movie_id = t.id)",
                      "Rows Removed by Index Recheck": 0,
                      "Heap Fetches": 547
                    }
                  ]
                }
              ]
            }
          ]
        }
      ]
    },
    "Planning Time": 0.6,
    "Triggers": [],
    "Execution Time": 34.311
  }
]