[
  {
    "Plan": {
      "Node Type": "Aggregate",
      "Strategy": "Plain",
      "Partial Mode": "Finalize",
      "Parallel Aware": false,
      "Startup Cost": 23480.08,
      "Total Cost": 23480.09,
      "Plan Rows": 1,
      "Plan Width": 8,
      "Actual Startup Time": 36.234,
      "Actual Total Time": 40.395,
      "Actual Rows": 1,
      "Actual Loops": 1,
      "Plans": [
        {
          "Node Type": "Gather",
          "Parent Relationship": "Outer",
          "Parallel Aware": false,
          "Startup Cost": 23479.87,
          "Total Cost": 23480.08,
          "Plan Rows": 2,
          "Plan Width": 8,
          "Actual Startup Time": 36.064,
          "Actual Total Time": 40.383,
          "Actual Rows": 3,
          "Actual Loops": 1,
          "Workers Planned": 2,
          "Workers Launched": 2,
          "Single Copy": false,
          "Plans": [
            {
              "Node Type": "Aggregate",
              "Strategy": "Plain",
              "Partial Mode": "Partial",
              "Parent Relationship": "Outer",
              "Parallel Aware": false,
              "Startup Cost": 22479.87,
              "Total Cost": 22479.88,
              "Plan Rows": 1,
              "Plan Width": 8,
              "Actual Startup Time": 28.211,
              "Actual Total Time": 28.213,
              "Actual Rows": 1,
              "Actual Loops": 3,
              "Plans": [
                {
                  "Node Type": "Nested Loop",
                  "Parent Relationship": "Outer",
                  "Parallel Aware": false,
                  "Join Type": "Inner",
                  "Startup Cost": 80.25,
                  "Total Cost": 22473.38,
                  "Plan Rows": 2594,
                  "Plan Width": 0,
                  "Actual Startup Time": 4.85,
                  "Actual Total Time": 28.169,
                  "Actual Rows": 182,
                  "Actual Loops": 3,
                  "Inner Unique": false,
                  "Plans": [
                    {
                      "Node Type": "Nested Loop",
                      "Parent Relationship": "Outer",
                      "Parallel Aware": false,
                      "Join Type": "Inner",
                      "Startup Cost": 79.82,
                      "Total Cost": 19947.15,
                      "Plan Rows": 1450,
                      "Plan Width": 8,
                      "Actual Startup Time": 1.501,
                      "Actual Total Time": 17.397,
                      "Actual Rows": 1015,
                      "Actual Loops": 3,
                      "Inner Unique": true,
                      "Plans": [
                        {
                          "Node Type": "Bitmap Heap Scan",
                          "Parent Relationship": "Outer",
                          "Parallel Aware": true,
                          "Relation Name": "movie_companies",
                          "Alias": "mc",
                          "Startup Cost": 79.39,
                          "Total Cost": 8903.62,
                          "Plan Rows": 1450,
                          "Plan Width": 4,
                          "Actual Startup Time": 1.324,
                          "Actual Total Time": 5.342,
                          "Actual Rows": 1015,
                          "Actual Loops": 3,
                          "Recheck Cond": "(company_id = 11156)",
                          "Rows Removed by Index Recheck": 0,
                          "Exact Heap Blocks": 1328,
                          "Lossy Heap Blocks": 0,
                          "Plans": [
                            {
                              "Node Type": "Bitmap Index Scan",
                              "Parent Relationship": "Outer",
                              "Parallel Aware": false,
                              "Index Name": "company_id_movie_companies",
                              "Startup Cost": 0.0,
                              "Total Cost": 78.52,
                              "Plan Rows": 3479,
                              "Plan Width": 0,
                              "Actual Startup Time": 2.807,
                              "Actual Total Time": 2.808,
                              "Actual Rows": 3044,
                              "Actual Loops": 1,
                              "Index Cond": "(company_id = 11156)"
                            }
                          ]
                        },
                        {
                          "Node Type": "Index Only Scan",
                          "Parent Relationship": "Inner",
                          "Parallel Aware": false,
                          "Scan Direction": "Forward",
                          "Index Name": "title_pkey",
                          "Relation Name": "title",
                          "Alias": "t",
                          "Startup Cost": 0.43,
                          "Total Cost": 7.62,
                          "Plan Rows": 1,
                          "Plan Width": 4,
                          "Actual Startup Time": 0.011,
                          "Actual Total Time": 0.011,
                          "Actual Rows": 1,
                          "Actual Loops": 3044,
                          "Index Cond": "(id = mc.movie_id)",
                          "Rows Removed by Index Recheck": 0,
                          "Heap Fetches": 3044
                        }
                      ]
                    },
                    {
                      "Node Type": "Index Only Scan",
                      "Parent Relationship": "Inner",
                      "Parallel Aware": false,
                      "Scan Direction": "Forward",
                      "Index Name": "movie_id_movie_keyword",
                      "Relation Name": "movie_keyword",
                      "Alias": "mk",
                      "Startup Cost": 0.43,
                      "Total Cost": 1.29,
                      "Plan Rows": 45,
                      "Plan Width": 4,
                      "Actual Startup Time": 0.01,
                      "Actual Total Time": 0.01,
                      "Actual Rows": 0,
                      "Actual Loops": 3044,
                      "Index Cond": "(movie_id = t.id)",
                      "Rows Removed by Index Recheck": 0,
                      "Heap Fetches": 547
                    }
                  ]
                }
              ]
            }
          ]
        }
      ]
    },
    "Planning Time": 1.176,
    "Triggers": [],
    "Execution Time": 40.474
  }
]