[
    {
        "Bao": {
            "Bao prediction": "NaN",
            "Bao recommended hint": "(no hint)"
        }
    },
    {
        "Plan": {
            "Node Type": "Aggregate",
            "Strategy": "Plain",
            "Partial Mode": "Finalize",
            "Parallel Aware": false,
            "Startup Cost": 266201.6,
            "Total Cost": 266201.61,
            "Plan Rows": 1,
            "Plan Width": 8,
            "Actual Startup Time": 57.524,
            "Actual Total Time": 60.456,
            "Actual Rows": 1,
            "Actual Loops": 1,
            "Output": [
                "count(*)"
            ],
            "Plans": [
                {
                    "Node Type": "Gather",
                    "Parent Relationship": "Outer",
                    "Parallel Aware": false,
                    "Startup Cost": 266200.98,
                    "Total Cost": 266201.59,
                    "Plan Rows": 6,
                    "Plan Width": 8,
                    "Actual Startup Time": 57.16,
                    "Actual Total Time": 60.448,
                    "Actual Rows": 7,
                    "Actual Loops": 1,
                    "Output": [
                        "(PARTIAL count(*))"
                    ],
                    "Workers Planned": 6,
                    "Workers Launched": 6,
                    "Single Copy": false,
                    "Plans": [
                        {
                            "Node Type": "Aggregate",
                            "Strategy": "Plain",
                            "Partial Mode": "Partial",
                            "Parent Relationship": "Outer",
                            "Parallel Aware": false,
                            "Startup Cost": 265200.98,
                            "Total Cost": 265200.99,
                            "Plan Rows": 1,
                            "Plan Width": 8,
                            "Actual Startup Time": 47.171,
                            "Actual Total Time": 47.172,
                            "Actual Rows": 1,
                            "Actual Loops": 7,
                            "Output": [
                                "PARTIAL count(*)"
                            ],
                            "Workers": [
                                {
                                    "Worker Number": 0,
                                    "Actual Startup Time": 44.703,
                                    "Actual Total Time": 44.704,
                                    "Actual Rows": 1,
                                    "Actual Loops": 1
                                },
                                {
                                    "Worker Number": 1,
                                    "Actual Startup Time": 44.828,
                                    "Actual Total Time": 44.829,
                                    "Actual Rows": 1,
                                    "Actual Loops": 1
                                },
                                {
                                    "Worker Number": 2,
                                    "Actual Startup Time": 45.46,
                                    "Actual Total Time": 45.461,
                                    "Actual Rows": 1,
                                    "Actual Loops": 1
                                },
                                {
                                    "Worker Number": 3,
                                    "Actual Startup Time": 45.955,
                                    "Actual Total Time": 45.956,
                                    "Actual Rows": 1,
                                    "Actual Loops": 1
                                },
                                {
                                    "Worker Number": 4,
                                    "Actual Startup Time": 46.196,
                                    "Actual Total Time": 46.197,
                                    "Actual Rows": 1,
                                    "Actual Loops": 1
                                },
                                {
                                    "Worker Number": 5,
                                    "Actual Startup Time": 46.25,
                                    "Actual Total Time": 46.252,
                                    "Actual Rows": 1,
                                    "Actual Loops": 1
                                }
                            ],
                            "Plans": [
                                {
                                    "Node Type": "Bitmap Heap Scan",
                                    "Parent Relationship": "Outer",
                                    "Parallel Aware": true,
                                    "Relation Name": "cast_info",
                                    "Schema": "public",
                                    "Alias": "ci",
                                    "Startup Cost": 11241.44,
                                    "Total Cost": 264988.89,
                                    "Plan Rows": 84836,
                                    "Plan Width": 0,
                                    "Actual Startup Time": 12.524,
                                    "Actual Total Time": 40.252,
                                    "Actual Rows": 73639,
                                    "Actual Loops": 7,
                                    "Recheck Cond": "(ci.person_id < 57115)",
                                    "Rows Removed by Index Recheck": 0,
                                    "Exact Heap Blocks": 2306,
                                    "Lossy Heap Blocks": 0,
                                    "Workers": [
                                        {
                                            "Worker Number": 0,
                                            "Actual Startup Time": 10.354,
                                            "Actual Total Time": 38.046,
                                            "Actual Rows": 50030,
                                            "Actual Loops": 1
                                        },
                                        {
                                            "Worker Number": 1,
                                            "Actual Startup Time": 10.13,
                                            "Actual Total Time": 38.222,
                                            "Actual Rows": 47580,
                                            "Actual Loops": 1
                                        },
                                        {
                                            "Worker Number": 2,
                                            "Actual Startup Time": 10.735,
                                            "Actual Total Time": 38.862,
                                            "Actual Rows": 50298,
                                            "Actual Loops": 1
                                        },
                                        {
                                            "Worker Number": 3,
                                            "Actual Startup Time": 11.466,
                                            "Actual Total Time": 39.385,
                                            "Actual Rows": 48407,
                                            "Actual Loops": 1
                                        },
                                        {
                                            "Worker Number": 4,
                                            "Actual Startup Time": 11.594,
                                            "Actual Total Time": 39.593,
                                            "Actual Rows": 50431,
                                            "Actual Loops": 1
                                        },
                                        {
                                            "Worker Number": 5,
                                            "Actual Startup Time": 11.54,
                                            "Actual Total Time": 39.672,
                                            "Actual Rows": 50481,
                                            "Actual Loops": 1
                                        }
                                    ],
                                    "Plans": [
                                        {
                                            "Node Type": "Bitmap Index Scan",
                                            "Parent Relationship": "Outer",
                                            "Parallel Aware": false,
                                            "Index Name": "person_id_cast_info",
                                            "Startup Cost": 0.0,
                                            "Total Cost": 11114.18,
                                            "Plan Rows": 509016,
                                            "Plan Width": 0,
                                            "Actual Startup Time": 21.036,
                                            "Actual Total Time": 21.036,
                                            "Actual Rows": 515474,
                                            "Actual Loops": 1,
                                            "Index Cond": "(ci.person_id < 57115)"
                                        }
                                    ]
                                }
                            ]
                        }
                    ]
                }
            ]
        },
        "Planning Time": 180.234,
        "Triggers": [],
        "Execution Time": 60.508
    }
]