[
  {
    "Plan": {
      "Node Type": "Aggregate",
      "Strategy": "Plain",
      "Partial Mode": "Finalize",
      "Parallel Aware": false,
      "Startup Cost": 45636.44,
      "Total Cost": 45636.45,
      "Plan Rows": 1,
      "Plan Width": 8,
      "Actual Startup Time": 152.14,
      "Actual Total Time": 159.462,
      "Actual Rows": 1,
      "Actual Loops": 1,
      "Plans": [
        {
          "Node Type": "Gather",
          "Parent Relationship": "Outer",
          "Parallel Aware": false,
          "Startup Cost": 45636.12,
          "Total Cost": 45636.43,
          "Plan Rows": 3,
          "Plan Width": 8,
          "Actual Startup Time": 152.019,
          "Actual Total Time": 159.452,
          "Actual Rows": 4,
          "Actual Loops": 1,
          "Workers Planned": 3,
          "Workers Launched": 3,
          "Single Copy": false,
          "Plans": [
            {
              "Node Type": "Aggregate",
              "Strategy": "Plain",
              "Partial Mode": "Partial",
              "Parent Relationship": "Outer",
              "Parallel Aware": false,
              "Startup Cost": 44636.12,
              "Total Cost": 44636.13,
              "Plan Rows": 1,
              "Plan Width": 8,
              "Actual Startup Time": 146.004,
              "Actual Total Time": 146.005,
              "Actual Rows": 1,
              "Actual Loops": 4,
              "Plans": [
                {
                  "Node Type": "Seq Scan",
                  "Parent Relationship": "Outer",
                  "Parallel Aware": true,
                  "Relation Name": "movie_keyword",
                  "Alias": "mk",
                  "Startup Cost": 0.0,
                  "Total Cost": 42695.65,
                  "Plan Rows": 776186,
                  "Plan Width": 0,
                  "Actual Startup Time": 0.041,
                  "Actual Total Time": 116.339,
                  "Actual Rows": 604695,
                  "Actual Loops": 4,
                  "Filter": "(keyword_id < 5703)",
                  "Rows Removed by Filter": 526288
                }
              ]
            }
          ]
        }
      ]
    },
    "Planning Time": 0.15,
    "Triggers": [],
    "Execution Time": 159.513
  }
]