[
  {
    "Plan": {
      "Node Type": "Aggregate",
      "Strategy": "Plain",
      "Partial Mode": "Finalize",
      "Parallel Aware": false,
      "Startup Cost": 32207.01,
      "Total Cost": 32207.02,
      "Plan Rows": 1,
      "Plan Width": 8,
      "Actual Startup Time": 122.734,
      "Actual Total Time": 131.704,
      "Actual Rows": 1,
      "Actual Loops": 1,
      "Plans": [
        {
          "Node Type": "Gather",
          "Parent Relationship": "Outer",
          "Parallel Aware": false,
          "Startup Cost": 32206.7,
          "Total Cost": 32207.01,
          "Plan Rows": 3,
          "Plan Width": 8,
          "Actual Startup Time": 122.626,
          "Actual Total Time": 131.696,
          "Actual Rows": 4,
          "Actual Loops": 1,
          "Workers Planned": 3,
          "Workers Launched": 3,
          "Single Copy": false,
          "Plans": [
            {
              "Node Type": "Aggregate",
              "Strategy": "Plain",
              "Partial Mode": "Partial",
              "Parent Relationship": "Outer",
              "Parallel Aware": false,
              "Startup Cost": 31206.7,
              "Total Cost": 31206.71,
              "Plan Rows": 1,
              "Plan Width": 8,
              "Actual Startup Time": 116.89,
              "Actual Total Time": 116.891,
              "Actual Rows": 1,
              "Actual Loops": 4,
              "Plans": [
                {
                  "Node Type": "Seq Scan",
                  "Parent Relationship": "Outer",
                  "Parallel Aware": true,
                  "Relation Name": "movie_companies",
                  "Alias": "mc",
                  "Startup Cost": 0.0,
                  "Total Cost": 29310.68,
                  "Plan Rows": 758406,
                  "Plan Width": 0,
                  "Actual Startup Time": 0.103,
                  "Actual Total Time": 88.12,
                  "Actual Rows": 588351,
                  "Actual Loops": 4,
                  "Filter": "(company_id > 124)",
                  "Rows Removed by Filter": 63932
                }
              ]
            }
          ]
        }
      ]
    },
    "Planning Time": 0.186,
    "Triggers": [],
    "Execution Time": 131.76
  }
]