[
  {
    "Plan": {
      "Node Type": "Aggregate",
      "Strategy": "Plain",
      "Partial Mode": "Finalize",
      "Parallel Aware": false,
      "Startup Cost": 38634.11,
      "Total Cost": 38634.12,
      "Plan Rows": 1,
      "Plan Width": 8,
      "Actual Startup Time": 54.472,
      "Actual Total Time": 61.781,
      "Actual Rows": 1,
      "Actual Loops": 1,
      "Plans": [
        {
          "Node Type": "Gather",
          "Parent Relationship": "Outer",
          "Parallel Aware": false,
          "Startup Cost": 38633.89,
          "Total Cost": 38634.1,
          "Plan Rows": 2,
          "Plan Width": 8,
          "Actual Startup Time": 54.369,
          "Actual Total Time": 61.775,
          "Actual Rows": 3,
          "Actual Loops": 1,
          "Workers Planned": 2,
          "Workers Launched": 2,
          "Single Copy": false,
          "Plans": [
            {
              "Node Type": "Aggregate",
              "Strategy": "Plain",
              "Partial Mode": "Partial",
              "Parent Relationship": "Outer",
              "Parallel Aware": false,
              "Startup Cost": 37633.89,
              "Total Cost": 37633.9,
              "Plan Rows": 1,
              "Plan Width": 8,
              "Actual Startup Time": 46.203,
              "Actual Total Time": 46.205,
              "Actual Rows": 1,
              "Actual Loops": 3,
              "Plans": [
                {
                  "Node Type": "Nested Loop",
                  "Parent Relationship": "Outer",
                  "Parallel Aware": false,
                  "Join Type": "Inner",
                  "Startup Cost": 144.52,
                  "Total Cost": 37621.57,
                  "Plan Rows": 4928,
                  "Plan Width": 0,
                  "Actual Startup Time": 2.093,
                  "Actual Total Time": 45.419,
                  "Actual Rows": 8751,
                  "Actual Loops": 3,
                  "Inner Unique": false,
                  "Plans": [
                    {
                      "Node Type": "Nested Loop",
                      "Parent Relationship": "Outer",
                      "Parallel Aware": false,
                      "Join Type": "Inner",
                      "Startup Cost": 144.09,
                      "Total Cost": 32823.48,
                      "Plan Rows": 2754,
                      "Plan Width": 8,
                      "Actual Startup Time": 1.761,
                      "Actual Total Time": 27.871,
                      "Actual Rows": 2022,
                      "Actual Loops": 3,
                      "Inner Unique": true,
                      "Plans": [
                        {
                          "Node Type": "Bitmap Heap Scan",
                          "Parent Relationship": "Outer",
                          "Parallel Aware": true,
                          "Relation Name": "movie_companies",
                          "Alias": "mc",
                          "Startup Cost": 143.66,
                          "Total Cost": 13440.5,
                          "Plan Rows": 2754,
                          "Plan Width": 4,
                          "Actual Startup Time": 1.587,
                          "Actual Total Time": 6.27,
                          "Actual Rows": 2022,
                          "Actual Loops": 3,
                          "Recheck Cond": "(company_id = 93)",
                          "Rows Removed by Index Recheck": 0,
                          "Exact Heap Blocks": 1527,
                          "Lossy Heap Blocks": 0,
                          "Plans": [
                            {
                              "Node Type": "Bitmap Index Scan",
                              "Parent Relationship": "Outer",
                              "Parallel Aware": false,
                              "Index Name": "company_id_movie_companies",
                              "Startup Cost": 0.0,
                              "Total Cost": 142.0,
                              "Plan Rows": 6610,
                              "Plan Width": 0,
                              "Actual Startup Time": 3.392,
                              "Actual Total Time": 3.392,
                              "Actual Rows": 6067,
                              "Actual Loops": 1,
                              "Index Cond": "(company_id = 93)"
                            }
                          ]
                        },
                        {
                          "Node Type": "Index Only Scan",
                          "Parent Relationship": "Inner",
                          "Parallel Aware": false,
                          "Scan Direction": "Forward",
                          "Index Name": "title_pkey",
                          "Relation Name": "title",
                          "Alias": "t",
                          "Startup Cost": 0.43,
                          "Total Cost": 7.04,
                          "Plan Rows": 1,
                          "Plan Width": 4,
                          "Actual Startup Time": 0.01,
                          "Actual Total Time": 0.01,
                          "Actual Rows": 1,
                          "Actual Loops": 6067,
                          "Index Cond": "(id = mc.movie_id)",
                          "Rows Removed by Index Recheck": 0,
                          "Heap Fetches": 6067
                        }
                      ]
                    },
                    {
                      "Node Type": "Index Only Scan",
                      "Parent Relationship": "Inner",
                      "Parallel Aware": false,
                      "Scan Direction": "Forward",
                      "Index Name": "movie_id_movie_keyword",
                      "Relation Name": "movie_keyword",
                      "Alias": "mk",
                      "Startup Cost": 0.43,
                      "Total Cost": 1.29,
                      "Plan Rows": 45,
                      "Plan Width": 4,
                      "Actual Startup Time": 0.007,
                      "Actual Total Time": 0.008,
                      "Actual Rows": 4,
                      "Actual Loops": 6067,
                      "Index Cond": "(movie_id = t.id)",
                      "Rows Removed by Index Recheck": 0,
                      "Heap Fetches": 26252
                    }
                  ]
                }
              ]
            }
          ]
        }
      ]
    },
    "Planning Time": 1.426,
    "Triggers": [],
    "Execution Time": 61.875
  }
]