{
  "Plan": {
    "Node Type": "Aggregate",
    "Strategy": "Plain",
    "Partial Mode": "Finalize",
    "Parallel Aware": false,
    "Startup Cost": 347430.65,
    "Total Cost": 347430.66,
    "Plan Rows": 1,
    "Plan Width": 8,
    "Actual Startup Time": 726.042,
    "Actual Total Time": 746.869,
    "Actual Rows": 1,
    "Actual Loops": 1,
    "Plans": [
      {
        "Node Type": "Gather",
        "Parent Relationship": "Outer",
        "Parallel Aware": false,
        "Startup Cost": 347430.54,
        "Total Cost": 347430.65,
        "Plan Rows": 1,
        "Plan Width": 8,
        "Actual Startup Time": 722.574,
        "Actual Total Time": 746.862,
        "Actual Rows": 2,
        "Actual Loops": 1,
        "Workers Planned": 1,
        "Workers Launched": 1,
        "Single Copy": false,
        "Plans": [
          {
            "Node Type": "Aggregate",
            "Strategy": "Plain",
            "Partial Mode": "Partial",
            "Parent Relationship": "Outer",
            "Parallel Aware": false,
            "Startup Cost": 346430.54,
            "Total Cost": 346430.55,
            "Plan Rows": 1,
            "Plan Width": 8,
            "Actual Startup Time": 709.216,
            "Actual Total Time": 709.22,
            "Actual Rows": 1,
            "Actual Loops": 2,
            "Plans": [
              {
                "Node Type": "Hash Join",
                "Parent Relationship": "Outer",
                "Parallel Aware": true,
                "Join Type": "Inner",
                "Startup Cost": 76788.06,
                "Total Cost": 345942.72,
                "Plan Rows": 195127,
                "Plan Width": 0,
                "Actual Startup Time": 596.6,
                "Actual Total Time": 702.204,
                "Actual Rows": 164224,
                "Actual Loops": 2,
                "Inner Unique": true,
                "Hash Cond": "(ci.movie_id = t.id)",
                "Plans": [
                  {
                    "Node Type": "Bitmap Heap Scan",
                    "Parent Relationship": "Outer",
                    "Parallel Aware": true,
                    "Relation Name": "cast_info",
                    "Alias": "ci",
                    "Startup Cost": 7327.36,
                    "Total Cost": 275969.81,
                    "Plan Rows": 195127,
                    "Plan Width": 4,
                    "Actual Startup Time": 11.768,
                    "Actual Total Time": 31.907,
                    "Actual Rows": 164224,
                    "Actual Loops": 2,
                    "Recheck Cond": "(person_id > 4002127)",
                    "Rows Removed by Index Recheck": 0,
                    "Exact Heap Blocks": 2309,
                    "Lossy Heap Blocks": 0,
                    "Plans": [
                      {
                        "Node Type": "Bitmap Index Scan",
                        "Parent Relationship": "Outer",
                        "Parallel Aware": false,
                        "Index Name": "person_id_cast_info",
                        "Startup Cost": 0.0,
                        "Total Cost": 7244.43,
                        "Plan Rows": 331716,
                        "Plan Width": 0,
                        "Actual Startup Time": 11.053,
                        "Actual Total Time": 11.053,
                        "Actual Rows": 328448,
                        "Actual Loops": 1,
                        "Index Cond": "(person_id > 4002127)"
                      }
                    ]
                  },
                  {
                    "Node Type": "Hash",
                    "Parent Relationship": "Inner",
                    "Parallel Aware": true,
                    "Startup Cost": 50870.31,
                    "Total Cost": 50870.31,
                    "Plan Rows": 1487231,
                    "Plan Width": 4,
                    "Actual Startup Time": 562.619,
                    "Actual Total Time": 562.62,
                    "Actual Rows": 1264156,
                    "Actual Loops": 2,
                    "Hash Buckets": 4194304,
                    "Original Hash Buckets": 4194304,
                    "Hash Batches": 1,
                    "Original Hash Batches": 1,
                    "Peak Memory Usage": 131712,
                    "Plans": [
                      {
                        "Node Type": "Seq Scan",
                        "Parent Relationship": "Outer",
                        "Parallel Aware": true,
                        "Relation Name": "title",
                        "Alias": "t",
                        "Startup Cost": 0.0,
                        "Total Cost": 50870.31,
                        "Plan Rows": 1487231,
                        "Plan Width": 4,
                        "Actual Startup Time": 0.029,
                        "Actual Total Time": 159.713,
                        "Actual Rows": 1264156,
                        "Actual Loops": 2
                      }
                    ]
                  }
                ]
              }
            ]
          }
        ]
      }
    ]
  },
  "Planning Time": 0.65,
  "Triggers": [],
  "Execution Time": 746.976
}