[
  {
    "Plan": {
      "Node Type": "Aggregate",
      "Strategy": "Plain",
      "Partial Mode": "Finalize",
      "Parallel Aware": false,
      "Startup Cost": 424688.25,
      "Total Cost": 424688.26,
      "Plan Rows": 1,
      "Plan Width": 8,
      "Actual Startup Time": 1373.687,
      "Actual Total Time": 1405.215,
      "Actual Rows": 1,
      "Actual Loops": 1,
      "Plans": [
        {
          "Node Type": "Gather",
          "Parent Relationship": "Outer",
          "Parallel Aware": false,
          "Startup Cost": 424687.62,
          "Total Cost": 424688.23,
          "Plan Rows": 6,
          "Plan Width": 8,
          "Actual Startup Time": 1355.374,
          "Actual Total Time": 1405.201,
          "Actual Rows": 7,
          "Actual Loops": 1,
          "Workers Planned": 6,
          "Workers Launched": 6,
          "Single Copy": false,
          "Plans": [
            {
              "Node Type": "Aggregate",
              "Strategy": "Plain",
              "Partial Mode": "Partial",
              "Parent Relationship": "Outer",
              "Parallel Aware": false,
              "Startup Cost": 423687.62,
              "Total Cost": 423687.63,
              "Plan Rows": 1,
              "Plan Width": 8,
              "Actual Startup Time": 1339.809,
              "Actual Total Time": 1340.227,
              "Actual Rows": 1,
              "Actual Loops": 7,
              "Plans": [
                {
                  "Node Type": "Hash Join",
                  "Parent Relationship": "Outer",
                  "Parallel Aware": true,
                  "Join Type": "Inner",
                  "Startup Cost": 86095.12,
                  "Total Cost": 422559.37,
                  "Plan Rows": 451302,
                  "Plan Width": 0,
                  "Actual Startup Time": 439.609,
                  "Actual Total Time": 1285.703,
                  "Actual Rows": 1215774,
                  "Actual Loops": 7,
                  "Inner Unique": false,
                  "Hash Cond": "(ci.movie_id = t.id)",
                  "Plans": [
                    {
                      "Node Type": "Index Scan",
                      "Parent Relationship": "Outer",
                      "Parallel Aware": true,
                      "Scan Direction": "Forward",
                      "Index Name": "role_id_cast_info",
                      "Relation Name": "cast_info",
                      "Alias": "ci",
                      "Startup Cost": 0.56,
                      "Total Cost": 331632.96,
                      "Plan Rows": 987626,
                      "Plan Width": 4,
                      "Actual Startup Time": 0.288,
                      "Actual Total Time": 347.588,
                      "Actual Rows": 1207093,
                      "Actual Loops": 7,
                      "Index Cond": "(role_id > 3)",
                      "Rows Removed by Index Recheck": 0,
                      "Filter": "(person_id > 1884237)",
                      "Rows Removed by Filter": 523428
                    },
                    {
                      "Node Type": "Hash",
                      "Parent Relationship": "Inner",
                      "Parallel Aware": true,
                      "Startup Cost": 82484.18,
                      "Total Cost": 82484.18,
                      "Plan Rows": 288830,
                      "Plan Width": 8,
                      "Actual Startup Time": 434.682,
                      "Actual Total Time": 435.098,
                      "Actual Rows": 180824,
                      "Actual Loops": 7,
                      "Hash Buckets": 2097152,
                      "Original Hash Buckets": 2097152,
                      "Hash Batches": 1,
                      "Original Hash Batches": 1,
                      "Peak Memory Usage": 66048,
                      "Plans": [
                        {
                          "Node Type": "Hash Join",
                          "Parent Relationship": "Outer",
                          "Parallel Aware": true,
                          "Join Type": "Inner",
                          "Startup Cost": 36073.37,
                          "Total Cost": 82484.18,
                          "Plan Rows": 288830,
                          "Plan Width": 8,
                          "Actual Startup Time": 150.508,
                          "Actual Total Time": 353.487,
                          "Actual Rows": 180824,
                          "Actual Loops": 7,
                          "Inner Unique": false,
                          "Hash Cond": "(t.id = mc.movie_id)",
                          "Plans": [
                            {
                              "Node Type": "Seq Scan",
                              "Parent Relationship": "Outer",
                              "Parallel Aware": true,
                              "Relation Name": "title",
                              "Alias": "t",
                              "Startup Cost": 0.0,
                              "Total Cost": 42318.73,
                              "Plan Rows": 632073,
                              "Plan Width": 4,
                              "Actual Startup Time": 0.016,
                              "Actual Total Time": 57.407,
                              "Actual Rows": 361187,
                              "Actual Loops": 7
                            },
                            {
                              "Node Type": "Hash",
                              "Parent Relationship": "Inner",
                              "Parallel Aware": true,
                              "Startup Cost": 31414.82,
                              "Total Cost": 31414.82,
                              "Plan Rows": 372684,
                              "Plan Width": 4,
                              "Actual Startup Time": 147.982,
                              "Actual Total Time": 147.984,
                              "Actual Rows": 180824,
                              "Actual Loops": 7,
                              "Hash Buckets": 2097152,
                              "Original Hash Buckets": 2097152,
                              "Hash Batches": 1,
                              "Original Hash Batches": 1,
                              "Peak Memory Usage": 66016,
                              "Plans": [
                                {
                                  "Node Type": "Seq Scan",
                                  "Parent Relationship": "Outer",
                                  "Parallel Aware": true,
                                  "Relation Name": "movie_companies",
                                  "Alias": "mc",
                                  "Startup Cost": 0.0,
                                  "Total Cost": 31414.82,
                                  "Plan Rows": 372684,
                                  "Plan Width": 4,
                                  "Actual Startup Time": 43.252,
                                  "Actual Total Time": 73.316,
                                  "Actual Rows": 180824,
                                  "Actual Loops": 7,
                                  "Filter": "((company_id > 160) AND (company_type_id = 2))",
                                  "Rows Removed by Filter": 191908
                                }
                              ]
                            }
                          ]
                        }
                      ]
                    }
                  ]
                }
              ]
            }
          ]
        }
      ]
    },
    "Planning Time": 1.514,
    "Triggers": [],
    "Execution Time": 1405.318
  }
]