[
  {
    "Plan": {
      "Node Type": "Aggregate",
      "Strategy": "Plain",
      "Partial Mode": "Finalize",
      "Parallel Aware": false,
      "Startup Cost": 45239.8,
      "Total Cost": 45239.81,
      "Plan Rows": 1,
      "Plan Width": 8,
      "Actual Startup Time": 138.289,
      "Actual Total Time": 152.375,
      "Actual Rows": 1,
      "Actual Loops": 1,
      "Plans": [
        {
          "Node Type": "Gather",
          "Parent Relationship": "Outer",
          "Parallel Aware": false,
          "Startup Cost": 45239.48,
          "Total Cost": 45239.79,
          "Plan Rows": 3,
          "Plan Width": 8,
          "Actual Startup Time": 138.148,
          "Actual Total Time": 152.365,
          "Actual Rows": 4,
          "Actual Loops": 1,
          "Workers Planned": 3,
          "Workers Launched": 3,
          "Single Copy": false,
          "Plans": [
            {
              "Node Type": "Aggregate",
              "Strategy": "Plain",
              "Partial Mode": "Partial",
              "Parent Relationship": "Outer",
              "Parallel Aware": false,
              "Startup Cost": 44239.48,
              "Total Cost": 44239.49,
              "Plan Rows": 1,
              "Plan Width": 8,
              "Actual Startup Time": 131.868,
              "Actual Total Time": 131.87,
              "Actual Rows": 1,
              "Actual Loops": 4,
              "Plans": [
                {
                  "Node Type": "Seq Scan",
                  "Parent Relationship": "Outer",
                  "Parallel Aware": true,
                  "Relation Name": "movie_keyword",
                  "Alias": "mk",
                  "Startup Cost": 0.0,
                  "Total Cost": 42695.65,
                  "Plan Rows": 617532,
                  "Plan Width": 0,
                  "Actual Startup Time": 0.049,
                  "Actual Total Time": 109.18,
                  "Actual Rows": 479147,
                  "Actual Loops": 4,
                  "Filter": "(keyword_id < 3302)",
                  "Rows Removed by Filter": 651836
                }
              ]
            }
          ]
        }
      ]
    },
    "Planning Time": 0.149,
    "Triggers": [],
    "Execution Time": 152.425
  }
]