[
  {
    "Plan": {
      "Node Type": "Aggregate",
      "Strategy": "Plain",
      "Partial Mode": "Finalize",
      "Parallel Aware": false,
      "Startup Cost": 45238.46,
      "Total Cost": 45238.47,
      "Plan Rows": 1,
      "Plan Width": 8,
      "Actual Startup Time": 145.431,
      "Actual Total Time": 155.485,
      "Actual Rows": 1,
      "Actual Loops": 1,
      "Plans": [
        {
          "Node Type": "Gather",
          "Parent Relationship": "Outer",
          "Parallel Aware": false,
          "Startup Cost": 45238.14,
          "Total Cost": 45238.45,
          "Plan Rows": 3,
          "Plan Width": 8,
          "Actual Startup Time": 145.323,
          "Actual Total Time": 155.474,
          "Actual Rows": 4,
          "Actual Loops": 1,
          "Workers Planned": 3,
          "Workers Launched": 3,
          "Single Copy": false,
          "Plans": [
            {
              "Node Type": "Aggregate",
              "Strategy": "Plain",
              "Partial Mode": "Partial",
              "Parent Relationship": "Outer",
              "Parallel Aware": false,
              "Startup Cost": 44238.14,
              "Total Cost": 44238.15,
              "Plan Rows": 1,
              "Plan Width": 8,
              "Actual Startup Time": 136.999,
              "Actual Total Time": 137.0,
              "Actual Rows": 1,
              "Actual Loops": 4,
              "Plans": [
                {
                  "Node Type": "Seq Scan",
                  "Parent Relationship": "Outer",
                  "Parallel Aware": true,
                  "Relation Name": "movie_keyword",
                  "Alias": "mk",
                  "Startup Cost": 0.0,
                  "Total Cost": 42695.65,
                  "Plan Rows": 616995,
                  "Plan Width": 0,
                  "Actual Startup Time": 0.064,
                  "Actual Total Time": 113.92,
                  "Actual Rows": 479147,
                  "Actual Loops": 4,
                  "Filter": "(keyword_id < 3302)",
                  "Rows Removed by Filter": 651836
                }
              ]
            }
          ]
        }
      ]
    },
    "Planning Time": 0.159,
    "Triggers": [],
    "Execution Time": 155.545
  }
]