{
  "Plan": {
    "Node Type": "Aggregate",
    "Strategy": "Plain",
    "Partial Mode": "Finalize",
    "Parallel Aware": false,
    "Startup Cost": 111208.57,
    "Total Cost": 111208.58,
    "Plan Rows": 1,
    "Plan Width": 8,
    "Actual Startup Time": 91.446,
    "Actual Total Time": 104.888,
    "Actual Rows": 1,
    "Actual Loops": 1,
    "Plans": [
      {
        "Node Type": "Gather",
        "Parent Relationship": "Outer",
        "Parallel Aware": false,
        "Startup Cost": 111208.46,
        "Total Cost": 111208.57,
        "Plan Rows": 1,
        "Plan Width": 8,
        "Actual Startup Time": 91.153,
        "Actual Total Time": 104.881,
        "Actual Rows": 2,
        "Actual Loops": 1,
        "Workers Planned": 1,
        "Workers Launched": 1,
        "Single Copy": false,
        "Plans": [
          {
            "Node Type": "Aggregate",
            "Strategy": "Plain",
            "Partial Mode": "Partial",
            "Parent Relationship": "Outer",
            "Parallel Aware": false,
            "Startup Cost": 110208.46,
            "Total Cost": 110208.47,
            "Plan Rows": 1,
            "Plan Width": 8,
            "Actual Startup Time": 85.063,
            "Actual Total Time": 85.065,
            "Actual Rows": 1,
            "Actual Loops": 2,
            "Plans": [
              {
                "Node Type": "Nested Loop",
                "Parent Relationship": "Outer",
                "Parallel Aware": false,
                "Join Type": "Inner",
                "Startup Cost": 1823.91,
                "Total Cost": 110197.11,
                "Plan Rows": 4540,
                "Plan Width": 0,
                "Actual Startup Time": 17.173,
                "Actual Total Time": 84.321,
                "Actual Rows": 9742,
                "Actual Loops": 2,
                "Inner Unique": false,
                "Plans": [
                  {
                    "Node Type": "Bitmap Heap Scan",
                    "Parent Relationship": "Outer",
                    "Parallel Aware": true,
                    "Relation Name": "title",
                    "Alias": "t",
                    "Startup Cost": 1823.34,
                    "Total Cost": 38723.34,
                    "Plan Rows": 493,
                    "Plan Width": 4,
                    "Actual Startup Time": 17.01,
                    "Actual Total Time": 39.198,
                    "Actual Rows": 680,
                    "Actual Loops": 2,
                    "Recheck Cond": "(kind_id = 3)",
                    "Rows Removed by Index Recheck": 0,
                    "Filter": "(production_year = 1989)",
                    "Rows Removed by Filter": 49588,
                    "Exact Heap Blocks": 10733,
                    "Lossy Heap Blocks": 0,
                    "Plans": [
                      {
                        "Node Type": "Bitmap Index Scan",
                        "Parent Relationship": "Outer",
                        "Parallel Aware": false,
                        "Index Name": "kind_id_title",
                        "Startup Cost": 0.0,
                        "Total Cost": 1823.13,
                        "Plan Rows": 102227,
                        "Plan Width": 0,
                        "Actual Startup Time": 17.309,
                        "Actual Total Time": 17.31,
                        "Actual Rows": 100537,
                        "Actual Loops": 1,
                        "Index Cond": "(kind_id = 3)"
                      }
                    ]
                  },
                  {
                    "Node Type": "Index Scan",
                    "Parent Relationship": "Inner",
                    "Parallel Aware": false,
                    "Scan Direction": "Forward",
                    "Index Name": "movie_id_cast_info",
                    "Relation Name": "cast_info",
                    "Alias": "ci",
                    "Startup Cost": 0.56,
                    "Total Cost": 144.74,
                    "Plan Rows": 24,
                    "Plan Width": 4,
                    "Actual Startup Time": 0.01,
                    "Actual Total Time": 0.064,
                    "Actual Rows": 14,
                    "Actual Loops": 1360,
                    "Index Cond": "(movie_id = t.id)",
                    "Rows Removed by Index Recheck": 0,
                    "Filter": "(person_id < 2388392)",
                    "Rows Removed by Filter": 6
                  }
                ]
              }
            ]
          }
        ]
      }
    ]
  },
  "Planning Time": 0.509,
  "Triggers": [],
  "Execution Time": 104.981
}