[
  {
    "Plan": {
      "Node Type": "Aggregate",
      "Strategy": "Plain",
      "Partial Mode": "Finalize",
      "Parallel Aware": false,
      "Startup Cost": 179673.73,
      "Total Cost": 179673.74,
      "Plan Rows": 1,
      "Plan Width": 8,
      "Actual Startup Time": 287.573,
      "Actual Total Time": 323.062,
      "Actual Rows": 1,
      "Actual Loops": 1,
      "Plans": [
        {
          "Node Type": "Gather",
          "Parent Relationship": "Outer",
          "Parallel Aware": false,
          "Startup Cost": 179673.31,
          "Total Cost": 179673.72,
          "Plan Rows": 4,
          "Plan Width": 8,
          "Actual Startup Time": 286.267,
          "Actual Total Time": 323.045,
          "Actual Rows": 5,
          "Actual Loops": 1,
          "Workers Planned": 4,
          "Workers Launched": 4,
          "Single Copy": false,
          "Plans": [
            {
              "Node Type": "Aggregate",
              "Strategy": "Plain",
              "Partial Mode": "Partial",
              "Parent Relationship": "Outer",
              "Parallel Aware": false,
              "Startup Cost": 178673.31,
              "Total Cost": 178673.32,
              "Plan Rows": 1,
              "Plan Width": 8,
              "Actual Startup Time": 276.245,
              "Actual Total Time": 276.247,
              "Actual Rows": 1,
              "Actual Loops": 5,
              "Plans": [
                {
                  "Node Type": "Nested Loop",
                  "Parent Relationship": "Outer",
                  "Parallel Aware": false,
                  "Join Type": "Inner",
                  "Startup Cost": 1.0,
                  "Total Cost": 178598.75,
                  "Plan Rows": 29823,
                  "Plan Width": 0,
                  "Actual Startup Time": 6.185,
                  "Actual Total Time": 271.481,
                  "Actual Rows": 100365,
                  "Actual Loops": 5,
                  "Inner Unique": false,
                  "Join Filter": "(t.id = ci.movie_id)",
                  "Rows Removed by Join Filter": 0,
                  "Plans": [
                    {
                      "Node Type": "Nested Loop",
                      "Parent Relationship": "Outer",
                      "Parallel Aware": false,
                      "Join Type": "Inner",
                      "Startup Cost": 0.43,
                      "Total Cost": 167911.38,
                      "Plan Rows": 6473,
                      "Plan Width": 8,
                      "Actual Startup Time": 2.702,
                      "Actual Total Time": 107.54,
                      "Actual Rows": 8689,
                      "Actual Loops": 5,
                      "Inner Unique": false,
                      "Plans": [
                        {
                          "Node Type": "Seq Scan",
                          "Parent Relationship": "Outer",
                          "Parallel Aware": true,
                          "Relation Name": "title",
                          "Alias": "t",
                          "Startup Cost": 0.0,
                          "Total Cost": 45479.1,
                          "Plan Rows": 1107,
                          "Plan Width": 4,
                          "Actual Startup Time": 2.499,
                          "Actual Total Time": 72.657,
                          "Actual Rows": 824,
                          "Actual Loops": 5,
                          "Filter": "((kind_id < 7) AND (production_year = 1960))",
                          "Rows Removed by Filter": 504838
                        },
                        {
                          "Node Type": "Index Only Scan",
                          "Parent Relationship": "Inner",
                          "Parallel Aware": false,
                          "Scan Direction": "Forward",
                          "Index Name": "movie_id_movie_info",
                          "Relation Name": "movie_info",
                          "Alias": "mi",
                          "Startup Cost": 0.43,
                          "Total Cost": 110.18,
                          "Plan Rows": 42,
                          "Plan Width": 4,
                          "Actual Startup Time": 0.015,
                          "Actual Total Time": 0.041,
                          "Actual Rows": 11,
                          "Actual Loops": 4122,
                          "Index Cond": "(movie_id = t.id)",
                          "Rows Removed by Index Recheck": 0,
                          "Heap Fetches": 43446
                        }
                      ]
                    },
                    {
                      "Node Type": "Index Scan",
                      "Parent Relationship": "Inner",
                      "Parallel Aware": false,
                      "Scan Direction": "Forward",
                      "Index Name": "movie_id_cast_info",
                      "Relation Name": "cast_info",
                      "Alias": "ci",
                      "Startup Cost": 0.56,
                      "Total Cost": 1.5,
                      "Plan Rows": 12,
                      "Plan Width": 4,
                      "Actual Startup Time": 0.005,
                      "Actual Total Time": 0.018,
                      "Actual Rows": 12,
                      "Actual Loops": 43446,
                      "Index Cond": "(movie_id = mi.movie_id)",
                      "Rows Removed by Index Recheck": 0,
                      "Filter": "((person_id > 235421) AND (role_id < 2))",
                      "Rows Removed by Filter": 15
                    }
                  ]
                }
              ]
            }
          ]
        }
      ]
    },
    "Planning Time": 1.374,
    "Triggers": [],
    "Execution Time": 323.174
  }
]