[
  {
    "Plan": {
      "Node Type": "Aggregate",
      "Strategy": "Plain",
      "Partial Mode": "Finalize",
      "Parallel Aware": false,
      "Startup Cost": 59663.89,
      "Total Cost": 59663.9,
      "Plan Rows": 1,
      "Plan Width": 8,
      "Actual Startup Time": 335.1,
      "Actual Total Time": 348.544,
      "Actual Rows": 1,
      "Actual Loops": 1,
      "Plans": [
        {
          "Node Type": "Gather",
          "Parent Relationship": "Outer",
          "Parallel Aware": false,
          "Startup Cost": 59663.57,
          "Total Cost": 59663.88,
          "Plan Rows": 3,
          "Plan Width": 8,
          "Actual Startup Time": 329.901,
          "Actual Total Time": 348.532,
          "Actual Rows": 4,
          "Actual Loops": 1,
          "Workers Planned": 3,
          "Workers Launched": 3,
          "Single Copy": false,
          "Plans": [
            {
              "Node Type": "Aggregate",
              "Strategy": "Plain",
              "Partial Mode": "Partial",
              "Parent Relationship": "Outer",
              "Parallel Aware": false,
              "Startup Cost": 58663.57,
              "Total Cost": 58663.58,
              "Plan Rows": 1,
              "Plan Width": 8,
              "Actual Startup Time": 317.47,
              "Actual Total Time": 317.474,
              "Actual Rows": 1,
              "Actual Loops": 4,
              "Plans": [
                {
                  "Node Type": "Hash Join",
                  "Parent Relationship": "Outer",
                  "Parallel Aware": true,
                  "Join Type": "Inner",
                  "Startup Cost": 49916.65,
                  "Total Cost": 58528.48,
                  "Plan Rows": 54034,
                  "Plan Width": 0,
                  "Actual Startup Time": 262.653,
                  "Actual Total Time": 315.381,
                  "Actual Rows": 43169,
                  "Actual Loops": 4,
                  "Inner Unique": true,
                  "Hash Cond": "(ci.movie_id = t.id)",
                  "Plans": [
                    {
                      "Node Type": "Index Scan",
                      "Parent Relationship": "Outer",
                      "Parallel Aware": true,
                      "Scan Direction": "Forward",
                      "Index Name": "role_id_cast_info",
                      "Relation Name": "cast_info",
                      "Alias": "ci",
                      "Startup Cost": 0.56,
                      "Total Cost": 8359.83,
                      "Plan Rows": 96218,
                      "Plan Width": 4,
                      "Actual Startup Time": 0.108,
                      "Actual Total Time": 13.89,
                      "Actual Rows": 79030,
                      "Actual Loops": 4,
                      "Index Cond": "(role_id > 10)",
                      "Rows Removed by Index Recheck": 0
                    },
                    {
                      "Node Type": "Hash",
                      "Parent Relationship": "Inner",
                      "Parallel Aware": true,
                      "Startup Cost": 45479.1,
                      "Total Cost": 45479.1,
                      "Plan Rows": 354959,
                      "Plan Width": 4,
                      "Actual Startup Time": 254.602,
                      "Actual Total Time": 254.603,
                      "Actual Rows": 369609,
                      "Actual Loops": 4,
                      "Hash Buckets": 2097152,
                      "Original Hash Buckets": 2097152,
                      "Hash Batches": 1,
                      "Original Hash Batches": 1,
                      "Peak Memory Usage": 74272,
                      "Plans": [
                        {
                          "Node Type": "Seq Scan",
                          "Parent Relationship": "Outer",
                          "Parallel Aware": true,
                          "Relation Name": "title",
                          "Alias": "t",
                          "Startup Cost": 0.0,
                          "Total Cost": 45479.1,
                          "Plan Rows": 354959,
                          "Plan Width": 4,
                          "Actual Startup Time": 0.045,
                          "Actual Total Time": 116.936,
                          "Actual Rows": 369609,
                          "Actual Loops": 4,
                          "Filter": "((production_year > 1932) AND (kind_id = 7))",
                          "Rows Removed by Filter": 262469
                        }
                      ]
                    }
                  ]
                }
              ]
            }
          ]
        }
      ]
    },
    "Planning Time": 0.652,
    "Triggers": [],
    "Execution Time": 348.645
  }
]