[
  {
    "Plan": {
      "Node Type": "Aggregate",
      "Strategy": "Plain",
      "Partial Mode": "Finalize",
      "Parallel Aware": false,
      "Startup Cost": 32656.98,
      "Total Cost": 32656.99,
      "Plan Rows": 1,
      "Plan Width": 8,
      "Actual Startup Time": 98.589,
      "Actual Total Time": 104.121,
      "Actual Rows": 1,
      "Actual Loops": 1,
      "Plans": [
        {
          "Node Type": "Gather",
          "Parent Relationship": "Outer",
          "Parallel Aware": false,
          "Startup Cost": 32656.66,
          "Total Cost": 32656.97,
          "Plan Rows": 3,
          "Plan Width": 8,
          "Actual Startup Time": 98.362,
          "Actual Total Time": 104.113,
          "Actual Rows": 4,
          "Actual Loops": 1,
          "Workers Planned": 3,
          "Workers Launched": 3,
          "Single Copy": false,
          "Plans": [
            {
              "Node Type": "Aggregate",
              "Strategy": "Plain",
              "Partial Mode": "Partial",
              "Parent Relationship": "Outer",
              "Parallel Aware": false,
              "Startup Cost": 31656.66,
              "Total Cost": 31656.67,
              "Plan Rows": 1,
              "Plan Width": 8,
              "Actual Startup Time": 92.064,
              "Actual Total Time": 92.066,
              "Actual Rows": 1,
              "Actual Loops": 4,
              "Plans": [
                {
                  "Node Type": "Seq Scan",
                  "Parent Relationship": "Outer",
                  "Parallel Aware": true,
                  "Relation Name": "movie_companies",
                  "Alias": "mc",
                  "Startup Cost": 0.0,
                  "Total Cost": 31414.82,
                  "Plan Rows": 96736,
                  "Plan Width": 0,
                  "Actual Startup Time": 0.039,
                  "Actual Total Time": 82.805,
                  "Actual Rows": 108948,
                  "Actual Loops": 4,
                  "Filter": "((company_id < 700) AND (company_type_id < 2))",
                  "Rows Removed by Filter": 543335
                }
              ]
            }
          ]
        }
      ]
    },
    "Planning Time": 0.216,
    "Triggers": [],
    "Execution Time": 104.177
  }
]