[
  {
    "Plan": {
      "Node Type": "Aggregate",
      "Strategy": "Plain",
      "Partial Mode": "Finalize",
      "Parallel Aware": false,
      "Startup Cost": 23235.58,
      "Total Cost": 23235.59,
      "Plan Rows": 1,
      "Plan Width": 8,
      "Actual Startup Time": 33.22,
      "Actual Total Time": 37.024,
      "Actual Rows": 1,
      "Actual Loops": 1,
      "Plans": [
        {
          "Node Type": "Gather",
          "Parent Relationship": "Outer",
          "Parallel Aware": false,
          "Startup Cost": 23235.36,
          "Total Cost": 23235.57,
          "Plan Rows": 2,
          "Plan Width": 8,
          "Actual Startup Time": 33.072,
          "Actual Total Time": 37.016,
          "Actual Rows": 3,
          "Actual Loops": 1,
          "Workers Planned": 2,
          "Workers Launched": 2,
          "Single Copy": false,
          "Plans": [
            {
              "Node Type": "Aggregate",
              "Strategy": "Plain",
              "Partial Mode": "Partial",
              "Parent Relationship": "Outer",
              "Parallel Aware": false,
              "Startup Cost": 22235.36,
              "Total Cost": 22235.37,
              "Plan Rows": 1,
              "Plan Width": 8,
              "Actual Startup Time": 24.967,
              "Actual Total Time": 24.969,
              "Actual Rows": 1,
              "Actual Loops": 3,
              "Plans": [
                {
                  "Node Type": "Nested Loop",
                  "Parent Relationship": "Outer",
                  "Parallel Aware": false,
                  "Join Type": "Inner",
                  "Startup Cost": 130.61,
                  "Total Cost": 22232.29,
                  "Plan Rows": 1231,
                  "Plan Width": 0,
                  "Actual Startup Time": 1.318,
                  "Actual Total Time": 24.557,
                  "Actual Rows": 2050,
                  "Actual Loops": 3,
                  "Inner Unique": true,
                  "Plans": [
                    {
                      "Node Type": "Bitmap Heap Scan",
                      "Parent Relationship": "Outer",
                      "Parallel Aware": true,
                      "Relation Name": "movie_companies",
                      "Alias": "mc",
                      "Startup Cost": 130.18,
                      "Total Cost": 12720.2,
                      "Plan Rows": 1231,
                      "Plan Width": 4,
                      "Actual Startup Time": 1.139,
                      "Actual Total Time": 3.749,
                      "Actual Rows": 2050,
                      "Actual Loops": 3,
                      "Recheck Cond": "(company_id = 145)",
                      "Rows Removed by Index Recheck": 0,
                      "Filter": "(company_type_id < 2)",
                      "Rows Removed by Filter": 18,
                      "Exact Heap Blocks": 554,
                      "Lossy Heap Blocks": 0,
                      "Plans": [
                        {
                          "Node Type": "Bitmap Index Scan",
                          "Parent Relationship": "Outer",
                          "Parallel Aware": false,
                          "Index Name": "company_id_movie_companies",
                          "Startup Cost": 0.0,
                          "Total Cost": 129.44,
                          "Plan Rows": 6001,
                          "Plan Width": 0,
                          "Actual Startup Time": 2.74,
                          "Actual Total Time": 2.74,
                          "Actual Rows": 6205,
                          "Actual Loops": 1,
                          "Index Cond": "(company_id = 145)"
                        }
                      ]
                    },
                    {
                      "Node Type": "Index Only Scan",
                      "Parent Relationship": "Inner",
                      "Parallel Aware": false,
                      "Scan Direction": "Forward",
                      "Index Name": "title_pkey",
                      "Relation Name": "title",
                      "Alias": "t",
                      "Startup Cost": 0.43,
                      "Total Cost": 7.73,
                      "Plan Rows": 1,
                      "Plan Width": 4,
                      "Actual Startup Time": 0.009,
                      "Actual Total Time": 0.009,
                      "Actual Rows": 1,
                      "Actual Loops": 6150,
                      "Index Cond": "(id = mc.movie_id)",
                      "Rows Removed by Index Recheck": 0,
                      "Heap Fetches": 6150
                    }
                  ]
                }
              ]
            }
          ]
        }
      ]
    },
    "Planning Time": 0.646,
    "Triggers": [],
    "Execution Time": 37.14
  }
]