{
    "Plan": {
        "Node Type": "Aggregate",
        "Strategy": "Plain",
        "Partial Mode": "Finalize",
        "Parallel Aware": false,
        "Startup Cost": 409240.37,
        "Total Cost": 409240.38,
        "Plan Rows": 1,
        "Plan Width": 8,
        "Actual Startup Time": 5020.905,
        "Actual Total Time": 5094.262,
        "Actual Rows": 1,
        "Actual Loops": 1,
        "Output": [
            "count(*)"
        ],
        "Plans": [
            {
                "Node Type": "Gather",
                "Parent Relationship": "Outer",
                "Parallel Aware": false,
                "Startup Cost": 409239.74,
                "Total Cost": 409240.35,
                "Plan Rows": 6,
                "Plan Width": 8,
                "Actual Startup Time": 4989.097,
                "Actual Total Time": 5094.249,
                "Actual Rows": 7,
                "Actual Loops": 1,
                "Output": [
                    "(PARTIAL count(*))"
                ],
                "Workers Planned": 6,
                "Workers Launched": 6,
                "Single Copy": false,
                "Plans": [
                    {
                        "Node Type": "Aggregate",
                        "Strategy": "Plain",
                        "Partial Mode": "Partial",
                        "Parent Relationship": "Outer",
                        "Parallel Aware": false,
                        "Startup Cost": 408239.74,
                        "Total Cost": 408239.75,
                        "Plan Rows": 1,
                        "Plan Width": 8,
                        "Actual Startup Time": 4986.068,
                        "Actual Total Time": 4986.07,
                        "Actual Rows": 1,
                        "Actual Loops": 7,
                        "Output": [
                            "PARTIAL count(*)"
                        ],
                        "Workers": [
                            {
                                "Worker Number": 0,
                                "Actual Startup Time": 4977.583,
                                "Actual Total Time": 4977.585,
                                "Actual Rows": 1,
                                "Actual Loops": 1
                            },
                            {
                                "Worker Number": 1,
                                "Actual Startup Time": 4978.241,
                                "Actual Total Time": 4978.243,
                                "Actual Rows": 1,
                                "Actual Loops": 1
                            },
                            {
                                "Worker Number": 2,
                                "Actual Startup Time": 4980.001,
                                "Actual Total Time": 4980.003,
                                "Actual Rows": 1,
                                "Actual Loops": 1
                            },
                            {
                                "Worker Number": 3,
                                "Actual Startup Time": 4994.361,
                                "Actual Total Time": 4994.363,
                                "Actual Rows": 1,
                                "Actual Loops": 1
                            },
                            {
                                "Worker Number": 4,
                                "Actual Startup Time": 4977.008,
                                "Actual Total Time": 4977.012,
                                "Actual Rows": 1,
                                "Actual Loops": 1
                            },
                            {
                                "Worker Number": 5,
                                "Actual Startup Time": 5007.141,
                                "Actual Total Time": 5007.144,
                                "Actual Rows": 1,
                                "Actual Loops": 1
                            }
                        ],
                        "Plans": [
                            {
                                "Node Type": "Nested Loop",
                                "Parent Relationship": "Outer",
                                "Parallel Aware": false,
                                "Join Type": "Inner",
                                "Startup Cost": 98150.04,
                                "Total Cost": 405367.86,
                                "Plan Rows": 1148752,
                                "Plan Width": 0,
                                "Actual Startup Time": 408.446,
                                "Actual Total Time": 4659.22,
                                "Actual Rows": 7680816,
                                "Actual Loops": 7,
                                "Inner Unique": false,
                                "Join Filter": "(t.id = ci.movie_id)",
                                "Rows Removed by Join Filter": 0,
                                "Workers": [
                                    {
                                        "Worker Number": 0,
                                        "Actual Startup Time": 395.265,
                                        "Actual Total Time": 4651.961,
                                        "Actual Rows": 8198061,
                                        "Actual Loops": 1
                                    },
                                    {
                                        "Worker Number": 1,
                                        "Actual Startup Time": 472.524,
                                        "Actual Total Time": 4652.428,
                                        "Actual Rows": 7272908,
                                        "Actual Loops": 1
                                    },
                                    {
                                        "Worker Number": 2,
                                        "Actual Startup Time": 395.773,
                                        "Actual Total Time": 4667.047,
                                        "Actual Rows": 7562292,
                                        "Actual Loops": 1
                                    },
                                    {
                                        "Worker Number": 3,
                                        "Actual Startup Time": 395.639,
                                        "Actual Total Time": 4680.424,
                                        "Actual Rows": 7598237,
                                        "Actual Loops": 1
                                    },
                                    {
                                        "Worker Number": 4,
                                        "Actual Startup Time": 395.648,
                                        "Actual Total Time": 4663.343,
                                        "Actual Rows": 7581145,
                                        "Actual Loops": 1
                                    },
                                    {
                                        "Worker Number": 5,
                                        "Actual Startup Time": 396.597,
                                        "Actual Total Time": 4663.895,
                                        "Actual Rows": 7026206,
                                        "Actual Loops": 1
                                    }
                                ],
                                "Plans": [
                                    {
                                        "Node Type": "Merge Join",
                                        "Parent Relationship": "Outer",
                                        "Parallel Aware": false,
                                        "Join Type": "Inner",
                                        "Startup Cost": 98149.47,
                                        "Total Cost": 241654.82,
                                        "Plan Rows": 80116,
                                        "Plan Width": 8,
                                        "Actual Startup Time": 408.38,
                                        "Actual Total Time": 621.254,
                                        "Actual Rows": 97479,
                                        "Actual Loops": 7,
                                        "Output": [
                                            "t.id",
                                            "mk.movie_id"
                                        ],
                                        "Inner Unique": true,
                                        "Merge Cond": "(mk.movie_id = t.id)",
                                        "Workers": [
                                            {
                                                "Worker Number": 0,
                                                "Actual Startup Time": 395.2,
                                                "Actual Total Time": 600.404,
                                                "Actual Rows": 102145,
                                                "Actual Loops": 1
                                            },
                                            {
                                                "Worker Number": 1,
                                                "Actual Startup Time": 472.413,
                                                "Actual Total Time": 689.729,
                                                "Actual Rows": 89924,
                                                "Actual Loops": 1
                                            },
                                            {
                                                "Worker Number": 2,
                                                "Actual Startup Time": 395.716,
                                                "Actual Total Time": 622.387,
                                                "Actual Rows": 101202,
                                                "Actual Loops": 1
                                            },
                                            {
                                                "Worker Number": 3,
                                                "Actual Startup Time": 395.562,
                                                "Actual Total Time": 615.625,
                                                "Actual Rows": 98847,
                                                "Actual Loops": 1
                                            },
                                            {
                                                "Worker Number": 4,
                                                "Actual Startup Time": 395.59,
                                                "Actual Total Time": 618.633,
                                                "Actual Rows": 99636,
                                                "Actual Loops": 1
                                            },
                                            {
                                                "Worker Number": 5,
                                                "Actual Startup Time": 396.526,
                                                "Actual Total Time": 610.151,
                                                "Actual Rows": 88525,
                                                "Actual Loops": 1
                                            }
                                        ],
                                        "Plans": [
                                            {
                                                "Node Type": "Index Only Scan",
                                                "Parent Relationship": "Outer",
                                                "Parallel Aware": true,
                                                "Scan Direction": "Forward",
                                                "Index Name": "movie_id_movie_keyword",
                                                "Relation Name": "movie_keyword",
                                                "Schema": "public",
                                                "Alias": "mk",
                                                "Startup Cost": 0.43,
                                                "Total Cost": 139478.04,
                                                "Plan Rows": 753988,
                                                "Plan Width": 4,
                                                "Actual Startup Time": 0.189,
                                                "Actual Total Time": 156.113,
                                                "Actual Rows": 646276,
                                                "Actual Loops": 7,
                                                "Output": [
                                                    "mk.movie_id"
                                                ],
                                                "Heap Fetches": 4523930,
                                                "Workers": [
                                                    {
                                                        "Worker Number": 0,
                                                        "Actual Startup Time": 0.174,
                                                        "Actual Total Time": 158.874,
                                                        "Actual Rows": 652624,
                                                        "Actual Loops": 1
                                                    },
                                                    {
                                                        "Worker Number": 1,
                                                        "Actual Startup Time": 0.168,
                                                        "Actual Total Time": 124.687,
                                                        "Actual Rows": 517063,
                                                        "Actual Loops": 1
                                                    },
                                                    {
                                                        "Worker Number": 2,
                                                        "Actual Startup Time": 0.236,
                                                        "Actual Total Time": 160.478,
                                                        "Actual Rows": 641620,
                                                        "Actual Loops": 1
                                                    },
                                                    {
                                                        "Worker Number": 3,
                                                        "Actual Startup Time": 0.186,
                                                        "Actual Total Time": 155.456,
                                                        "Actual Rows": 619995,
                                                        "Actual Loops": 1
                                                    },
                                                    {
                                                        "Worker Number": 4,
                                                        "Actual Startup Time": 0.346,
                                                        "Actual Total Time": 158.621,
                                                        "Actual Rows": 629946,
                                                        "Actual Loops": 1
                                                    },
                                                    {
                                                        "Worker Number": 5,
                                                        "Actual Startup Time": 0.164,
                                                        "Actual Total Time": 159.692,
                                                        "Actual Rows": 578717,
                                                        "Actual Loops": 1
                                                    }
                                                ]
                                            },
                                            {
                                                "Node Type": "Sort",
                                                "Parent Relationship": "Inner",
                                                "Parallel Aware": false,
                                                "Startup Cost": 98148.74,
                                                "Total Cost": 98820.36,
                                                "Plan Rows": 268649,
                                                "Plan Width": 4,
                                                "Actual Startup Time": 366.291,
                                                "Actual Total Time": 407.265,
                                                "Actual Rows": 215760,
                                                "Actual Loops": 7,
                                                "Output": [
                                                    "t.id"
                                                ],
                                                "Sort Key": [
                                                    "t.id"
                                                ],
                                                "Sort Method": "quicksort",
                                                "Sort Space Used": 16283,
                                                "Sort Space Type": "Memory",
                                                "Workers": [
                                                    {
                                                        "Worker Number": 0,
                                                        "Actual Startup Time": 348.562,
                                                        "Actual Total Time": 385.8,
                                                        "Actual Rows": 216038,
                                                        "Actual Loops": 1
                                                    },
                                                    {
                                                        "Worker Number": 1,
                                                        "Actual Startup Time": 471.457,
                                                        "Actual Total Time": 511.094,
                                                        "Actual Rows": 215971,
                                                        "Actual Loops": 1
                                                    },
                                                    {
                                                        "Worker Number": 2,
                                                        "Actual Startup Time": 358.869,
                                                        "Actual Total Time": 404.037,
                                                        "Actual Rows": 216012,
                                                        "Actual Loops": 1
                                                    },
                                                    {
                                                        "Worker Number": 3,
                                                        "Actual Startup Time": 358.986,
                                                        "Actual Total Time": 403.278,
                                                        "Actual Rows": 214910,
                                                        "Actual Loops": 1
                                                    },
                                                    {
                                                        "Worker Number": 4,
                                                        "Actual Startup Time": 358.775,
                                                        "Actual Total Time": 402.848,
                                                        "Actual Rows": 216098,
                                                        "Actual Loops": 1
                                                    },
                                                    {
                                                        "Worker Number": 5,
                                                        "Actual Startup Time": 350.04,
                                                        "Actual Total Time": 390.469,
                                                        "Actual Rows": 215390,
                                                        "Actual Loops": 1
                                                    }
                                                ],
                                                "Plans": [
                                                    {
                                                        "Node Type": "Seq Scan",
                                                        "Parent Relationship": "Outer",
                                                        "Parallel Aware": false,
                                                        "Relation Name": "title",
                                                        "Schema": "public",
                                                        "Alias": "t",
                                                        "Startup Cost": 0.0,
                                                        "Total Cost": 73922.83,
                                                        "Plan Rows": 268649,
                                                        "Plan Width": 4,
                                                        "Actual Startup Time": 27.741,
                                                        "Actual Total Time": 308.645,
                                                        "Actual Rows": 216282,
                                                        "Actual Loops": 7,
                                                        "Output": [
                                                            "t.id"
                                                        ],
                                                        "Filter": "((t.production_year > 2005) AND (t.kind_id = 1))",
                                                        "Rows Removed by Filter": 2312030,
                                                        "Workers": [
                                                            {
                                                                "Worker Number": 0,
                                                                "Actual Startup Time": 28.205,
                                                                "Actual Total Time": 296.197,
                                                                "Actual Rows": 216282,
                                                                "Actual Loops": 1
                                                            },
                                                            {
                                                                "Worker Number": 1,
                                                                "Actual Startup Time": 27.585,
                                                                "Actual Total Time": 389.114,
                                                                "Actual Rows": 216282,
                                                                "Actual Loops": 1
                                                            },
                                                            {
                                                                "Worker Number": 2,
                                                                "Actual Startup Time": 29.159,
                                                                "Actual Total Time": 305.298,
                                                                "Actual Rows": 216282,
                                                                "Actual Loops": 1
                                                            },
                                                            {
                                                                "Worker Number": 3,
                                                                "Actual Startup Time": 29.249,
                                                                "Actual Total Time": 305.299,
                                                                "Actual Rows": 216282,
                                                                "Actual Loops": 1
                                                            },
                                                            {
                                                                "Worker Number": 4,
                                                                "Actual Startup Time": 29.037,
                                                                "Actual Total Time": 305.315,
                                                                "Actual Rows": 216282,
                                                                "Actual Loops": 1
                                                            },
                                                            {
                                                                "Worker Number": 5,
                                                                "Actual Startup Time": 28.979,
                                                                "Actual Total Time": 297.378,
                                                                "Actual Rows": 216282,
                                                                "Actual Loops": 1
                                                            }
                                                        ]
                                                    }
                                                ]
                                            }
                                        ]
                                    },
                                    {
                                        "Node Type": "Index Only Scan",
                                        "Parent Relationship": "Inner",
                                        "Parallel Aware": false,
                                        "Scan Direction": "Forward",
                                        "Index Name": "movie_id_cast_info",
                                        "Relation Name": "cast_info",
                                        "Schema": "public",
                                        "Alias": "ci",
                                        "Startup Cost": 0.56,
                                        "Total Cost": 1.57,
                                        "Plan Rows": 38,
                                        "Plan Width": 4,
                                        "Actual Startup Time": 0.004,
                                        "Actual Total Time": 0.035,
                                        "Actual Rows": 79,
                                        "Actual Loops": 682355,
                                        "Output": [
                                            "ci.movie_id"
                                        ],
                                        "Index Cond": "(ci.movie_id = mk.movie_id)",
                                        "Rows Removed by Index Recheck": 0,
                                        "Heap Fetches": 53765709,
                                        "Workers": [
                                            {
                                                "Worker Number": 0,
                                                "Actual Startup Time": 0.004,
                                                "Actual Total Time": 0.033,
                                                "Actual Rows": 80,
                                                "Actual Loops": 102145
                                            },
                                            {
                                                "Worker Number": 1,
                                                "Actual Startup Time": 0.005,
                                                "Actual Total Time": 0.037,
                                                "Actual Rows": 81,
                                                "Actual Loops": 89924
                                            },
                                            {
                                                "Worker Number": 2,
                                                "Actual Startup Time": 0.004,
                                                "Actual Total Time": 0.034,
                                                "Actual Rows": 75,
                                                "Actual Loops": 101202
                                            },
                                            {
                                                "Worker Number": 3,
                                                "Actual Startup Time": 0.004,
                                                "Actual Total Time": 0.035,
                                                "Actual Rows": 77,
                                                "Actual Loops": 98847
                                            },
                                            {
                                                "Worker Number": 4,
                                                "Actual Startup Time": 0.004,
                                                "Actual Total Time": 0.034,
                                                "Actual Rows": 76,
                                                "Actual Loops": 99636
                                            },
                                            {
                                                "Worker Number": 5,
                                                "Actual Startup Time": 0.005,
                                                "Actual Total Time": 0.038,
                                                "Actual Rows": 79,
                                                "Actual Loops": 88525
                                            }
                                        ]
                                    }
                                ]
                            }
                        ]
                    }
                ]
            }
        ]
    },
    "Planning Time": 1.468,
    "Triggers": [],
    "Execution Time": 5097.546
}