[
  {
    "Plan": {
      "Node Type": "Aggregate",
      "Strategy": "Plain",
      "Partial Mode": "Finalize",
      "Parallel Aware": false,
      "Startup Cost": 72480.86,
      "Total Cost": 72480.87,
      "Plan Rows": 1,
      "Plan Width": 8,
      "Actual Startup Time": 180.262,
      "Actual Total Time": 192.848,
      "Actual Rows": 1,
      "Actual Loops": 1,
      "Plans": [
        {
          "Node Type": "Gather",
          "Parent Relationship": "Outer",
          "Parallel Aware": false,
          "Startup Cost": 72480.54,
          "Total Cost": 72480.85,
          "Plan Rows": 3,
          "Plan Width": 8,
          "Actual Startup Time": 178.539,
          "Actual Total Time": 192.84,
          "Actual Rows": 4,
          "Actual Loops": 1,
          "Workers Planned": 3,
          "Workers Launched": 3,
          "Single Copy": false,
          "Plans": [
            {
              "Node Type": "Aggregate",
              "Strategy": "Plain",
              "Partial Mode": "Partial",
              "Parent Relationship": "Outer",
              "Parallel Aware": false,
              "Startup Cost": 71480.54,
              "Total Cost": 71480.55,
              "Plan Rows": 1,
              "Plan Width": 8,
              "Actual Startup Time": 171.084,
              "Actual Total Time": 171.088,
              "Actual Rows": 1,
              "Actual Loops": 4,
              "Plans": [
                {
                  "Node Type": "Hash Join",
                  "Parent Relationship": "Outer",
                  "Parallel Aware": true,
                  "Join Type": "Inner",
                  "Startup Cost": 51568.93,
                  "Total Cost": 71452.36,
                  "Plan Rows": 11273,
                  "Plan Width": 0,
                  "Actual Startup Time": 138.742,
                  "Actual Total Time": 169.918,
                  "Actual Rows": 23218,
                  "Actual Loops": 4,
                  "Inner Unique": true,
                  "Hash Cond": "(mc.movie_id = t.id)",
                  "Plans": [
                    {
                      "Node Type": "Bitmap Heap Scan",
                      "Parent Relationship": "Outer",
                      "Parallel Aware": true,
                      "Relation Name": "movie_companies",
                      "Alias": "mc",
                      "Startup Cost": 4857.27,
                      "Total Cost": 24550.93,
                      "Plan Rows": 72293,
                      "Plan Width": 4,
                      "Actual Startup Time": 12.38,
                      "Actual Total Time": 26.633,
                      "Actual Rows": 55386,
                      "Actual Loops": 4,
                      "Recheck Cond": "(company_id > 107546)",
                      "Rows Removed by Index Recheck": 0,
                      "Exact Heap Blocks": 1200,
                      "Lossy Heap Blocks": 0,
                      "Plans": [
                        {
                          "Node Type": "Bitmap Index Scan",
                          "Parent Relationship": "Outer",
                          "Parallel Aware": false,
                          "Index Name": "company_id_movie_companies",
                          "Startup Cost": 0.0,
                          "Total Cost": 4801.24,
                          "Plan Rows": 224108,
                          "Plan Width": 0,
                          "Actual Startup Time": 11.676,
                          "Actual Total Time": 11.677,
                          "Actual Rows": 221543,
                          "Actual Loops": 1,
                          "Index Cond": "(company_id > 107546)"
                        }
                      ]
                    },
                    {
                      "Node Type": "Hash",
                      "Parent Relationship": "Inner",
                      "Parallel Aware": true,
                      "Startup Cost": 45479.59,
                      "Total Cost": 45479.59,
                      "Plan Rows": 98566,
                      "Plan Width": 4,
                      "Actual Startup Time": 124.323,
                      "Actual Total Time": 124.324,
                      "Actual Rows": 83998,
                      "Actual Loops": 4,
                      "Hash Buckets": 524288,
                      "Original Hash Buckets": 524288,
                      "Hash Batches": 1,
                      "Original Hash Batches": 1,
                      "Peak Memory Usage": 17312,
                      "Plans": [
                        {
                          "Node Type": "Seq Scan",
                          "Parent Relationship": "Outer",
                          "Parallel Aware": true,
                          "Relation Name": "title",
                          "Alias": "t",
                          "Startup Cost": 0.0,
                          "Total Cost": 45479.59,
                          "Plan Rows": 98566,
                          "Plan Width": 4,
                          "Actual Startup Time": 0.058,
                          "Actual Total Time": 94.854,
                          "Actual Rows": 83998,
                          "Actual Loops": 4,
                          "Filter": "((kind_id < 7) AND (production_year > 2005))",
                          "Rows Removed by Filter": 548080
                        }
                      ]
                    }
                  ]
                }
              ]
            }
          ]
        }
      ]
    },
    "Planning Time": 0.334,
    "Triggers": [],
    "Execution Time": 192.899
  }
]