[
  {
    "Plan": {
      "Node Type": "Aggregate",
      "Strategy": "Plain",
      "Partial Mode": "Finalize",
      "Parallel Aware": false,
      "Startup Cost": 72493.5,
      "Total Cost": 72493.51,
      "Plan Rows": 1,
      "Plan Width": 8,
      "Actual Startup Time": 174.226,
      "Actual Total Time": 185.542,
      "Actual Rows": 1,
      "Actual Loops": 1,
      "Plans": [
        {
          "Node Type": "Gather",
          "Parent Relationship": "Outer",
          "Parallel Aware": false,
          "Startup Cost": 72493.08,
          "Total Cost": 72493.49,
          "Plan Rows": 4,
          "Plan Width": 8,
          "Actual Startup Time": 172.518,
          "Actual Total Time": 185.534,
          "Actual Rows": 5,
          "Actual Loops": 1,
          "Workers Planned": 4,
          "Workers Launched": 4,
          "Single Copy": false,
          "Plans": [
            {
              "Node Type": "Aggregate",
              "Strategy": "Plain",
              "Partial Mode": "Partial",
              "Parent Relationship": "Outer",
              "Parallel Aware": false,
              "Startup Cost": 71493.08,
              "Total Cost": 71493.09,
              "Plan Rows": 1,
              "Plan Width": 8,
              "Actual Startup Time": 162.173,
              "Actual Total Time": 162.176,
              "Actual Rows": 1,
              "Actual Loops": 5,
              "Plans": [
                {
                  "Node Type": "Hash Join",
                  "Parent Relationship": "Outer",
                  "Parallel Aware": true,
                  "Join Type": "Inner",
                  "Startup Cost": 25461.62,
                  "Total Cost": 71470.84,
                  "Plan Rows": 8897,
                  "Plan Width": 0,
                  "Actual Startup Time": 114.57,
                  "Actual Total Time": 161.212,
                  "Actual Rows": 18575,
                  "Actual Loops": 5,
                  "Inner Unique": false,
                  "Hash Cond": "(t.id = mc.movie_id)",
                  "Plans": [
                    {
                      "Node Type": "Seq Scan",
                      "Parent Relationship": "Outer",
                      "Parallel Aware": true,
                      "Relation Name": "title",
                      "Alias": "t",
                      "Startup Cost": 0.0,
                      "Total Cost": 45479.1,
                      "Plan Rows": 100285,
                      "Plan Width": 4,
                      "Actual Startup Time": 0.022,
                      "Actual Total Time": 74.292,
                      "Actual Rows": 67199,
                      "Actual Loops": 5,
                      "Filter": "((kind_id < 7) AND (production_year > 2005))",
                      "Rows Removed by Filter": 438464
                    },
                    {
                      "Node Type": "Hash",
                      "Parent Relationship": "Inner",
                      "Parallel Aware": true,
                      "Startup Cost": 24557.18,
                      "Total Cost": 24557.18,
                      "Plan Rows": 72355,
                      "Plan Width": 4,
                      "Actual Startup Time": 64.333,
                      "Actual Total Time": 64.334,
                      "Actual Rows": 44309,
                      "Actual Loops": 5,
                      "Hash Buckets": 262144,
                      "Original Hash Buckets": 262144,
                      "Hash Batches": 1,
                      "Original Hash Batches": 1,
                      "Peak Memory Usage": 10784,
                      "Plans": [
                        {
                          "Node Type": "Bitmap Heap Scan",
                          "Parent Relationship": "Outer",
                          "Parallel Aware": true,
                          "Relation Name": "movie_companies",
                          "Alias": "mc",
                          "Startup Cost": 4862.75,
                          "Total Cost": 24557.18,
                          "Plan Rows": 72355,
                          "Plan Width": 4,
                          "Actual Startup Time": 18.605,
                          "Actual Total Time": 44.323,
                          "Actual Rows": 44309,
                          "Actual Loops": 5,
                          "Recheck Cond": "(company_id > 107546)",
                          "Rows Removed by Index Recheck": 0,
                          "Exact Heap Blocks": 1894,
                          "Lossy Heap Blocks": 0,
                          "Plans": [
                            {
                              "Node Type": "Bitmap Index Scan",
                              "Parent Relationship": "Outer",
                              "Parallel Aware": false,
                              "Index Name": "company_id_movie_companies",
                              "Startup Cost": 0.0,
                              "Total Cost": 4806.67,
                              "Plan Rows": 224299,
                              "Plan Width": 0,
                              "Actual Startup Time": 20.751,
                              "Actual Total Time": 20.752,
                              "Actual Rows": 221543,
                              "Actual Loops": 1,
                              "Index Cond": "(company_id > 107546)"
                            }
                          ]
                        }
                      ]
                    }
                  ]
                }
              ]
            }
          ]
        }
      ]
    },
    "Planning Time": 0.65,
    "Triggers": [],
    "Execution Time": 185.635
  }
]