[
  {
    "Plan": {
      "Node Type": "Aggregate",
      "Strategy": "Plain",
      "Partial Mode": "Finalize",
      "Parallel Aware": false,
      "Startup Cost": 44448.81,
      "Total Cost": 44448.82,
      "Plan Rows": 1,
      "Plan Width": 8,
      "Actual Startup Time": 129.025,
      "Actual Total Time": 138.203,
      "Actual Rows": 1,
      "Actual Loops": 1,
      "Plans": [
        {
          "Node Type": "Gather",
          "Parent Relationship": "Outer",
          "Parallel Aware": false,
          "Startup Cost": 44448.49,
          "Total Cost": 44448.8,
          "Plan Rows": 3,
          "Plan Width": 8,
          "Actual Startup Time": 128.921,
          "Actual Total Time": 138.196,
          "Actual Rows": 4,
          "Actual Loops": 1,
          "Workers Planned": 3,
          "Workers Launched": 3,
          "Single Copy": false,
          "Plans": [
            {
              "Node Type": "Aggregate",
              "Strategy": "Plain",
              "Partial Mode": "Partial",
              "Parent Relationship": "Outer",
              "Parallel Aware": false,
              "Startup Cost": 43448.49,
              "Total Cost": 43448.5,
              "Plan Rows": 1,
              "Plan Width": 8,
              "Actual Startup Time": 122.054,
              "Actual Total Time": 122.055,
              "Actual Rows": 1,
              "Actual Loops": 4,
              "Plans": [
                {
                  "Node Type": "Seq Scan",
                  "Parent Relationship": "Outer",
                  "Parallel Aware": true,
                  "Relation Name": "movie_keyword",
                  "Alias": "mk",
                  "Startup Cost": 0.0,
                  "Total Cost": 42695.65,
                  "Plan Rows": 301136,
                  "Plan Width": 0,
                  "Actual Startup Time": 3.882,
                  "Actual Total Time": 109.549,
                  "Actual Rows": 234199,
                  "Actual Loops": 4,
                  "Filter": "(keyword_id > 20242)",
                  "Rows Removed by Filter": 896784
                }
              ]
            }
          ]
        }
      ]
    },
    "Planning Time": 0.171,
    "Triggers": [],
    "Execution Time": 138.252
  }
]