[
  {
    "Plan": {
      "Node Type": "Aggregate",
      "Strategy": "Plain",
      "Partial Mode": "Finalize",
      "Parallel Aware": false,
      "Startup Cost": 117358.23,
      "Total Cost": 117358.24,
      "Plan Rows": 1,
      "Plan Width": 8,
      "Actual Startup Time": 855.321,
      "Actual Total Time": 882.586,
      "Actual Rows": 1,
      "Actual Loops": 1,
      "Plans": [
        {
          "Node Type": "Gather",
          "Parent Relationship": "Outer",
          "Parallel Aware": false,
          "Startup Cost": 117357.91,
          "Total Cost": 117358.22,
          "Plan Rows": 3,
          "Plan Width": 8,
          "Actual Startup Time": 844.218,
          "Actual Total Time": 882.575,
          "Actual Rows": 4,
          "Actual Loops": 1,
          "Workers Planned": 3,
          "Workers Launched": 3,
          "Single Copy": false,
          "Plans": [
            {
              "Node Type": "Aggregate",
              "Strategy": "Plain",
              "Partial Mode": "Partial",
              "Parent Relationship": "Outer",
              "Parallel Aware": false,
              "Startup Cost": 116357.91,
              "Total Cost": 116357.92,
              "Plan Rows": 1,
              "Plan Width": 8,
              "Actual Startup Time": 835.451,
              "Actual Total Time": 835.901,
              "Actual Rows": 1,
              "Actual Loops": 4,
              "Plans": [
                {
                  "Node Type": "Hash Join",
                  "Parent Relationship": "Outer",
                  "Parallel Aware": true,
                  "Join Type": "Inner",
                  "Startup Cost": 69108.35,
                  "Total Cost": 115688.9,
                  "Plan Rows": 267603,
                  "Plan Width": 0,
                  "Actual Startup Time": 514.502,
                  "Actual Total Time": 796.243,
                  "Actual Rows": 723925,
                  "Actual Loops": 4,
                  "Inner Unique": false,
                  "Hash Cond": "(mk.movie_id = t.id)",
                  "Plans": [
                    {
                      "Node Type": "Seq Scan",
                      "Parent Relationship": "Outer",
                      "Parallel Aware": true,
                      "Relation Name": "movie_keyword",
                      "Alias": "mk",
                      "Startup Cost": 0.0,
                      "Total Cost": 42695.65,
                      "Plan Rows": 738637,
                      "Plan Width": 4,
                      "Actual Startup Time": 0.052,
                      "Actual Total Time": 135.748,
                      "Actual Rows": 572385,
                      "Actual Loops": 4,
                      "Filter": "(keyword_id < 4882)",
                      "Rows Removed by Filter": 558598
                    },
                    {
                      "Node Type": "Hash",
                      "Parent Relationship": "Inner",
                      "Parallel Aware": true,
                      "Startup Cost": 64337.61,
                      "Total Cost": 64337.61,
                      "Plan Rows": 381659,
                      "Plan Width": 8,
                      "Actual Startup Time": 509.193,
                      "Actual Total Time": 509.641,
                      "Actual Rows": 213838,
                      "Actual Loops": 4,
                      "Hash Buckets": 1048576,
                      "Original Hash Buckets": 1048576,
                      "Hash Batches": 1,
                      "Original Hash Batches": 1,
                      "Peak Memory Usage": 41728,
                      "Plans": [
                        {
                          "Node Type": "Hash Join",
                          "Parent Relationship": "Outer",
                          "Parallel Aware": true,
                          "Join Type": "Inner",
                          "Startup Cost": 49143.05,
                          "Total Cost": 64337.61,
                          "Plan Rows": 381659,
                          "Plan Width": 8,
                          "Actual Startup Time": 308.735,
                          "Actual Total Time": 444.019,
                          "Actual Rows": 213838,
                          "Actual Loops": 4,
                          "Inner Unique": true,
                          "Hash Cond": "(mi_idx.movie_id = t.id)",
                          "Plans": [
                            {
                              "Node Type": "Seq Scan",
                              "Parent Relationship": "Outer",
                              "Parallel Aware": true,
                              "Relation Name": "movie_info_idx",
                              "Alias": "mi_idx",
                              "Startup Cost": 0.0,
                              "Total Cost": 13685.15,
                              "Plan Rows": 575015,
                              "Plan Width": 4,
                              "Actual Startup Time": 0.03,
                              "Actual Total Time": 38.099,
                              "Actual Rows": 345009,
                              "Actual Loops": 4
                            },
                            {
                              "Node Type": "Hash",
                              "Parent Relationship": "Inner",
                              "Parallel Aware": true,
                              "Startup Cost": 43898.92,
                              "Total Cost": 43898.92,
                              "Plan Rows": 419531,
                              "Plan Width": 4,
                              "Actual Startup Time": 304.263,
                              "Actual Total Time": 304.264,
                              "Actual Rows": 418385,
                              "Actual Loops": 4,
                              "Hash Buckets": 2097152,
                              "Original Hash Buckets": 2097152,
                              "Hash Batches": 1,
                              "Original Hash Batches": 1,
                              "Peak Memory Usage": 81952,
                              "Plans": [
                                {
                                  "Node Type": "Seq Scan",
                                  "Parent Relationship": "Outer",
                                  "Parallel Aware": true,
                                  "Relation Name": "title",
                                  "Alias": "t",
                                  "Startup Cost": 0.0,
                                  "Total Cost": 43898.92,
                                  "Plan Rows": 419531,
                                  "Plan Width": 4,
                                  "Actual Startup Time": 0.044,
                                  "Actual Total Time": 133.921,
                                  "Actual Rows": 418385,
                                  "Actual Loops": 4,
                                  "Filter": "(production_year > 1993)",
                                  "Rows Removed by Filter": 213693
                                }
                              ]
                            }
                          ]
                        }
                      ]
                    }
                  ]
                }
              ]
            }
          ]
        }
      ]
    },
    "Planning Time": 1.311,
    "Triggers": [],
    "Execution Time": 882.665
  }
]