[
  {
    "Plan": {
      "Node Type": "Aggregate",
      "Strategy": "Plain",
      "Partial Mode": "Finalize",
      "Parallel Aware": false,
      "Startup Cost": 289586.82,
      "Total Cost": 289586.83,
      "Plan Rows": 1,
      "Plan Width": 8,
      "Actual Startup Time": 154.821,
      "Actual Total Time": 161.337,
      "Actual Rows": 1,
      "Actual Loops": 1,
      "Plans": [
        {
          "Node Type": "Gather",
          "Parent Relationship": "Outer",
          "Parallel Aware": false,
          "Startup Cost": 289586.2,
          "Total Cost": 289586.81,
          "Plan Rows": 6,
          "Plan Width": 8,
          "Actual Startup Time": 154.234,
          "Actual Total Time": 161.33,
          "Actual Rows": 7,
          "Actual Loops": 1,
          "Workers Planned": 6,
          "Workers Launched": 6,
          "Single Copy": false,
          "Plans": [
            {
              "Node Type": "Aggregate",
              "Strategy": "Plain",
              "Partial Mode": "Partial",
              "Parent Relationship": "Outer",
              "Parallel Aware": false,
              "Startup Cost": 288586.2,
              "Total Cost": 288586.21,
              "Plan Rows": 1,
              "Plan Width": 8,
              "Actual Startup Time": 145.036,
              "Actual Total Time": 145.037,
              "Actual Rows": 1,
              "Actual Loops": 7,
              "Plans": [
                {
                  "Node Type": "Bitmap Heap Scan",
                  "Parent Relationship": "Outer",
                  "Parallel Aware": true,
                  "Relation Name": "cast_info",
                  "Alias": "ci",
                  "Startup Cost": 31881.05,
                  "Total Cost": 288190.38,
                  "Plan Rows": 158328,
                  "Plan Width": 0,
                  "Actual Startup Time": 59.845,
                  "Actual Total Time": 133.934,
                  "Actual Rows": 203970,
                  "Actual Loops": 7,
                  "Recheck Cond": "(person_id > 3782432)",
                  "Rows Removed by Index Recheck": 0,
                  "Filter": "(role_id > 1)",
                  "Rows Removed by Filter": 0,
                  "Exact Heap Blocks": 5295,
                  "Lossy Heap Blocks": 0,
                  "Plans": [
                    {
                      "Node Type": "Bitmap Index Scan",
                      "Parent Relationship": "Outer",
                      "Parallel Aware": false,
                      "Index Name": "person_id_cast_info",
                      "Startup Cost": 0.0,
                      "Total Cost": 31643.55,
                      "Plan Rows": 1448932,
                      "Plan Width": 0,
                      "Actual Startup Time": 64.984,
                      "Actual Total Time": 64.984,
                      "Actual Rows": 1427788,
                      "Actual Loops": 1,
                      "Index Cond": "(person_id > 3782432)"
                    }
                  ]
                }
              ]
            }
          ]
        }
      ]
    },
    "Planning Time": 0.184,
    "Triggers": [],
    "Execution Time": 161.401
  }
]