[
  {
    "Plan": {
      "Node Type": "Aggregate",
      "Strategy": "Plain",
      "Partial Mode": "Finalize",
      "Parallel Aware": false,
      "Startup Cost": 17086.86,
      "Total Cost": 17086.87,
      "Plan Rows": 1,
      "Plan Width": 8,
      "Actual Startup Time": 78.499,
      "Actual Total Time": 83.228,
      "Actual Rows": 1,
      "Actual Loops": 1,
      "Plans": [
        {
          "Node Type": "Gather",
          "Parent Relationship": "Outer",
          "Parallel Aware": false,
          "Startup Cost": 17086.64,
          "Total Cost": 17086.85,
          "Plan Rows": 2,
          "Plan Width": 8,
          "Actual Startup Time": 78.416,
          "Actual Total Time": 83.222,
          "Actual Rows": 3,
          "Actual Loops": 1,
          "Workers Planned": 2,
          "Workers Launched": 2,
          "Single Copy": false,
          "Plans": [
            {
              "Node Type": "Aggregate",
              "Strategy": "Plain",
              "Partial Mode": "Partial",
              "Parent Relationship": "Outer",
              "Parallel Aware": false,
              "Startup Cost": 16086.64,
              "Total Cost": 16086.65,
              "Plan Rows": 1,
              "Plan Width": 8,
              "Actual Startup Time": 73.474,
              "Actual Total Time": 73.475,
              "Actual Rows": 1,
              "Actual Loops": 3,
              "Plans": [
                {
                  "Node Type": "Seq Scan",
                  "Parent Relationship": "Outer",
                  "Parallel Aware": true,
                  "Relation Name": "movie_info_idx",
                  "Alias": "mi_idx",
                  "Startup Cost": 0.0,
                  "Total Cost": 15122.68,
                  "Plan Rows": 385585,
                  "Plan Width": 0,
                  "Actual Startup Time": 0.047,
                  "Actual Total Time": 56.319,
                  "Actual Rows": 306703,
                  "Actual Loops": 3,
                  "Filter": "(info_type_id > 99)",
                  "Rows Removed by Filter": 153308
                }
              ]
            }
          ]
        }
      ]
    },
    "Planning Time": 0.181,
    "Triggers": [],
    "Execution Time": 83.285
  }
]