[
    {
        "Bao": {
            "Bao prediction": "NaN",
            "Bao recommended hint": "(no hint)"
        }
    },
    {
        "Plan": {
            "Node Type": "Aggregate",
            "Strategy": "Plain",
            "Partial Mode": "Finalize",
            "Parallel Aware": false,
            "Startup Cost": 347777.56,
            "Total Cost": 347777.57,
            "Plan Rows": 1,
            "Plan Width": 8,
            "Actual Startup Time": 631.107,
            "Actual Total Time": 657.852,
            "Actual Rows": 1,
            "Actual Loops": 1,
            "Output": [
                "count(*)"
            ],
            "Plans": [
                {
                    "Node Type": "Gather",
                    "Parent Relationship": "Outer",
                    "Parallel Aware": false,
                    "Startup Cost": 347776.94,
                    "Total Cost": 347777.55,
                    "Plan Rows": 6,
                    "Plan Width": 8,
                    "Actual Startup Time": 631.0,
                    "Actual Total Time": 657.843,
                    "Actual Rows": 7,
                    "Actual Loops": 1,
                    "Output": [
                        "(PARTIAL count(*))"
                    ],
                    "Workers Planned": 6,
                    "Workers Launched": 6,
                    "Single Copy": false,
                    "Plans": [
                        {
                            "Node Type": "Aggregate",
                            "Strategy": "Plain",
                            "Partial Mode": "Partial",
                            "Parent Relationship": "Outer",
                            "Parallel Aware": false,
                            "Startup Cost": 346776.94,
                            "Total Cost": 346776.95,
                            "Plan Rows": 1,
                            "Plan Width": 8,
                            "Actual Startup Time": 621.195,
                            "Actual Total Time": 621.196,
                            "Actual Rows": 1,
                            "Actual Loops": 7,
                            "Output": [
                                "PARTIAL count(*)"
                            ],
                            "Workers": [
                                {
                                    "Worker Number": 0,
                                    "Actual Startup Time": 619.073,
                                    "Actual Total Time": 619.074,
                                    "Actual Rows": 1,
                                    "Actual Loops": 1
                                },
                                {
                                    "Worker Number": 1,
                                    "Actual Startup Time": 619.271,
                                    "Actual Total Time": 619.272,
                                    "Actual Rows": 1,
                                    "Actual Loops": 1
                                },
                                {
                                    "Worker Number": 2,
                                    "Actual Startup Time": 619.276,
                                    "Actual Total Time": 619.277,
                                    "Actual Rows": 1,
                                    "Actual Loops": 1
                                },
                                {
                                    "Worker Number": 3,
                                    "Actual Startup Time": 619.284,
                                    "Actual Total Time": 619.285,
                                    "Actual Rows": 1,
                                    "Actual Loops": 1
                                },
                                {
                                    "Worker Number": 4,
                                    "Actual Startup Time": 620.163,
                                    "Actual Total Time": 620.164,
                                    "Actual Rows": 1,
                                    "Actual Loops": 1
                                },
                                {
                                    "Worker Number": 5,
                                    "Actual Startup Time": 620.67,
                                    "Actual Total Time": 620.671,
                                    "Actual Rows": 1,
                                    "Actual Loops": 1
                                }
                            ],
                            "Plans": [
                                {
                                    "Node Type": "Seq Scan",
                                    "Parent Relationship": "Outer",
                                    "Parallel Aware": true,
                                    "Relation Name": "cast_info",
                                    "Schema": "public",
                                    "Alias": "ci",
                                    "Startup Cost": 0.0,
                                    "Total Cost": 343318.94,
                                    "Plan Rows": 1383199,
                                    "Plan Width": 0,
                                    "Actual Startup Time": 311.322,
                                    "Actual Total Time": 587.245,
                                    "Actual Rows": 743635,
                                    "Actual Loops": 7,
                                    "Output": [
                                        "id",
                                        "person_id",
                                        "movie_id",
                                        "person_role_id",
                                        "note",
                                        "nr_order",
                                        "role_id"
                                    ],
                                    "Filter": "((ci.person_id > 2666617) AND (ci.role_id < 8))",
                                    "Rows Removed by Filter": 4434129,
                                    "Workers": [
                                        {
                                            "Worker Number": 0,
                                            "Actual Startup Time": 309.212,
                                            "Actual Total Time": 584.56,
                                            "Actual Rows": 516304,
                                            "Actual Loops": 1
                                        },
                                        {
                                            "Worker Number": 1,
                                            "Actual Startup Time": 309.406,
                                            "Actual Total Time": 584.874,
                                            "Actual Rows": 513663,
                                            "Actual Loops": 1
                                        },
                                        {
                                            "Worker Number": 2,
                                            "Actual Startup Time": 309.401,
                                            "Actual Total Time": 586.301,
                                            "Actual Rows": 796617,
                                            "Actual Loops": 1
                                        },
                                        {
                                            "Worker Number": 3,
                                            "Actual Startup Time": 309.403,
                                            "Actual Total Time": 586.345,
                                            "Actual Rows": 793319,
                                            "Actual Loops": 1
                                        },
                                        {
                                            "Worker Number": 4,
                                            "Actual Startup Time": 310.291,
                                            "Actual Total Time": 587.235,
                                            "Actual Rows": 800710,
                                            "Actual Loops": 1
                                        },
                                        {
                                            "Worker Number": 5,
                                            "Actual Startup Time": 310.791,
                                            "Actual Total Time": 587.693,
                                            "Actual Rows": 800877,
                                            "Actual Loops": 1
                                        }
                                    ]
                                }
                            ]
                        }
                    ]
                }
            ]
        },
        "Planning Time": 187.351,
        "Triggers": [],
        "Execution Time": 657.904
    }
]