[
  {
    "Plan": {
      "Node Type": "Aggregate",
      "Strategy": "Plain",
      "Partial Mode": "Finalize",
      "Parallel Aware": false,
      "Startup Cost": 294284.25,
      "Total Cost": 294284.26,
      "Plan Rows": 1,
      "Plan Width": 8,
      "Actual Startup Time": 1927.16,
      "Actual Total Time": 1978.859,
      "Actual Rows": 1,
      "Actual Loops": 1,
      "Plans": [
        {
          "Node Type": "Gather",
          "Parent Relationship": "Outer",
          "Parallel Aware": false,
          "Startup Cost": 294283.73,
          "Total Cost": 294284.24,
          "Plan Rows": 5,
          "Plan Width": 8,
          "Actual Startup Time": 1911.0,
          "Actual Total Time": 1978.848,
          "Actual Rows": 6,
          "Actual Loops": 1,
          "Workers Planned": 5,
          "Workers Launched": 5,
          "Single Copy": false,
          "Plans": [
            {
              "Node Type": "Aggregate",
              "Strategy": "Plain",
              "Partial Mode": "Partial",
              "Parent Relationship": "Outer",
              "Parallel Aware": false,
              "Startup Cost": 293283.73,
              "Total Cost": 293283.74,
              "Plan Rows": 1,
              "Plan Width": 8,
              "Actual Startup Time": 1899.263,
              "Actual Total Time": 1899.269,
              "Actual Rows": 1,
              "Actual Loops": 6,
              "Plans": [
                {
                  "Node Type": "Hash Join",
                  "Parent Relationship": "Outer",
                  "Parallel Aware": true,
                  "Join Type": "Inner",
                  "Startup Cost": 84817.69,
                  "Total Cost": 290374.75,
                  "Plan Rows": 1163592,
                  "Plan Width": 0,
                  "Actual Startup Time": 525.565,
                  "Actual Total Time": 1751.745,
                  "Actual Rows": 2881395,
                  "Actual Loops": 6,
                  "Inner Unique": false,
                  "Hash Cond": "(mi.movie_id = t.id)",
                  "Plans": [
                    {
                      "Node Type": "Seq Scan",
                      "Parent Relationship": "Outer",
                      "Parallel Aware": true,
                      "Relation Name": "movie_info",
                      "Alias": "mi",
                      "Startup Cost": 0.0,
                      "Total Cost": 191560.33,
                      "Plan Rows": 2956733,
                      "Plan Width": 4,
                      "Actual Startup Time": 0.016,
                      "Actual Total Time": 338.792,
                      "Actual Rows": 2472620,
                      "Actual Loops": 6
                    },
                    {
                      "Node Type": "Hash",
                      "Parent Relationship": "Inner",
                      "Parallel Aware": true,
                      "Startup Cost": 81708.36,
                      "Total Cost": 81708.36,
                      "Plan Rows": 248746,
                      "Plan Width": 8,
                      "Actual Startup Time": 520.214,
                      "Actual Total Time": 520.218,
                      "Actual Rows": 192102,
                      "Actual Loops": 6,
                      "Hash Buckets": 2097152,
                      "Original Hash Buckets": 1048576,
                      "Hash Batches": 1,
                      "Original Hash Batches": 1,
                      "Peak Memory Usage": 69792,
                      "Plans": [
                        {
                          "Node Type": "Hash Join",
                          "Parent Relationship": "Outer",
                          "Parallel Aware": true,
                          "Join Type": "Inner",
                          "Startup Cost": 35426.86,
                          "Total Cost": 81708.36,
                          "Plan Rows": 248746,
                          "Plan Width": 8,
                          "Actual Startup Time": 182.341,
                          "Actual Total Time": 413.859,
                          "Actual Rows": 192102,
                          "Actual Loops": 6,
                          "Inner Unique": false,
                          "Hash Cond": "(t.id = mc.movie_id)",
                          "Plans": [
                            {
                              "Node Type": "Seq Scan",
                              "Parent Relationship": "Outer",
                              "Parallel Aware": true,
                              "Relation Name": "title",
                              "Alias": "t",
                              "Startup Cost": 0.0,
                              "Total Cost": 42318.73,
                              "Plan Rows": 632073,
                              "Plan Width": 4,
                              "Actual Startup Time": 0.013,
                              "Actual Total Time": 67.149,
                              "Actual Rows": 421385,
                              "Actual Loops": 6
                            },
                            {
                              "Node Type": "Hash",
                              "Parent Relationship": "Inner",
                              "Parallel Aware": true,
                              "Startup Cost": 31414.82,
                              "Total Cost": 31414.82,
                              "Plan Rows": 320963,
                              "Plan Width": 4,
                              "Actual Startup Time": 180.438,
                              "Actual Total Time": 180.439,
                              "Actual Rows": 192102,
                              "Actual Loops": 6,
                              "Hash Buckets": 2097152,
                              "Original Hash Buckets": 1048576,
                              "Hash Batches": 1,
                              "Original Hash Batches": 1,
                              "Peak Memory Usage": 69792,
                              "Plans": [
                                {
                                  "Node Type": "Seq Scan",
                                  "Parent Relationship": "Outer",
                                  "Parallel Aware": true,
                                  "Relation Name": "movie_companies",
                                  "Alias": "mc",
                                  "Startup Cost": 0.0,
                                  "Total Cost": 31414.82,
                                  "Plan Rows": 320963,
                                  "Plan Width": 4,
                                  "Actual Startup Time": 42.056,
                                  "Actual Total Time": 77.22,
                                  "Actual Rows": 192102,
                                  "Actual Loops": 6,
                                  "Filter": "((company_id > 868) AND (company_type_id = 2))",
                                  "Rows Removed by Filter": 242752
                                }
                              ]
                            }
                          ]
                        }
                      ]
                    }
                  ]
                }
              ]
            }
          ]
        }
      ]
    },
    "Planning Time": 1.5,
    "Triggers": [],
    "Execution Time": 1978.958
  }
]