{
  "Plan": {
    "Node Type": "Aggregate",
    "Strategy": "Plain",
    "Partial Mode": "Finalize",
    "Parallel Aware": false,
    "Startup Cost": 161583.33,
    "Total Cost": 161583.34,
    "Plan Rows": 1,
    "Plan Width": 8,
    "Actual Startup Time": 729.11,
    "Actual Total Time": 749.575,
    "Actual Rows": 1,
    "Actual Loops": 1,
    "Plans": [
      {
        "Node Type": "Gather",
        "Parent Relationship": "Outer",
        "Parallel Aware": false,
        "Startup Cost": 161583.21,
        "Total Cost": 161583.32,
        "Plan Rows": 1,
        "Plan Width": 8,
        "Actual Startup Time": 728.228,
        "Actual Total Time": 749.562,
        "Actual Rows": 2,
        "Actual Loops": 1,
        "Workers Planned": 1,
        "Workers Launched": 1,
        "Single Copy": false,
        "Plans": [
          {
            "Node Type": "Aggregate",
            "Strategy": "Plain",
            "Partial Mode": "Partial",
            "Parent Relationship": "Outer",
            "Parallel Aware": false,
            "Startup Cost": 160583.21,
            "Total Cost": 160583.22,
            "Plan Rows": 1,
            "Plan Width": 8,
            "Actual Startup Time": 721.858,
            "Actual Total Time": 721.868,
            "Actual Rows": 1,
            "Actual Loops": 2,
            "Plans": [
              {
                "Node Type": "Hash Join",
                "Parent Relationship": "Outer",
                "Parallel Aware": true,
                "Join Type": "Inner",
                "Startup Cost": 93236.88,
                "Total Cost": 160183.04,
                "Plan Rows": 160068,
                "Plan Width": 0,
                "Actual Startup Time": 388.819,
                "Actual Total Time": 716.299,
                "Actual Rows": 129294,
                "Actual Loops": 2,
                "Inner Unique": false,
                "Hash Cond": "(mk.movie_id = t.id)",
                "Plans": [
                  {
                    "Node Type": "Seq Scan",
                    "Parent Relationship": "Outer",
                    "Parallel Aware": true,
                    "Relation Name": "movie_keyword",
                    "Alias": "mk",
                    "Startup Cost": 0.0,
                    "Total Cost": 57718.19,
                    "Plan Rows": 2209706,
                    "Plan Width": 4,
                    "Actual Startup Time": 0.01,
                    "Actual Total Time": 199.806,
                    "Actual Rows": 1883458,
                    "Actual Loops": 2,
                    "Filter": "(keyword_id < 24731)",
                    "Rows Removed by Filter": 378507
                  },
                  {
                    "Node Type": "Hash",
                    "Parent Relationship": "Inner",
                    "Parallel Aware": true,
                    "Startup Cost": 91890.21,
                    "Total Cost": 91890.21,
                    "Plan Rows": 107733,
                    "Plan Width": 8,
                    "Actual Startup Time": 385.207,
                    "Actual Total Time": 385.214,
                    "Actual Rows": 39765,
                    "Actual Loops": 2,
                    "Hash Buckets": 262144,
                    "Original Hash Buckets": 262144,
                    "Hash Batches": 1,
                    "Original Hash Batches": 1,
                    "Peak Memory Usage": 5184,
                    "Plans": [
                      {
                        "Node Type": "Hash Join",
                        "Parent Relationship": "Outer",
                        "Parallel Aware": true,
                        "Join Type": "Inner",
                        "Startup Cost": 31090.99,
                        "Total Cost": 91890.21,
                        "Plan Rows": 107733,
                        "Plan Width": 8,
                        "Actual Startup Time": 100.572,
                        "Actual Total Time": 371.102,
                        "Actual Rows": 39765,
                        "Actual Loops": 2,
                        "Inner Unique": false,
                        "Hash Cond": "(t.id = mc.movie_id)",
                        "Plans": [
                          {
                            "Node Type": "Seq Scan",
                            "Parent Relationship": "Outer",
                            "Parallel Aware": true,
                            "Relation Name": "title",
                            "Alias": "t",
                            "Startup Cost": 0.0,
                            "Total Cost": 50870.31,
                            "Plan Rows": 1487231,
                            "Plan Width": 4,
                            "Actual Startup Time": 0.011,
                            "Actual Total Time": 127.123,
                            "Actual Rows": 1264156,
                            "Actual Loops": 2
                          },
                          {
                            "Node Type": "Hash",
                            "Parent Relationship": "Inner",
                            "Parallel Aware": true,
                            "Startup Cost": 29744.33,
                            "Total Cost": 29744.33,
                            "Plan Rows": 107733,
                            "Plan Width": 4,
                            "Actual Startup Time": 98.389,
                            "Actual Total Time": 98.392,
                            "Actual Rows": 39765,
                            "Actual Loops": 2,
                            "Hash Buckets": 262144,
                            "Original Hash Buckets": 262144,
                            "Hash Batches": 1,
                            "Original Hash Batches": 1,
                            "Peak Memory Usage": 5216,
                            "Plans": [
                              {
                                "Node Type": "Bitmap Heap Scan",
                                "Parent Relationship": "Outer",
                                "Parallel Aware": true,
                                "Relation Name": "movie_companies",
                                "Alias": "mc",
                                "Startup Cost": 7771.56,
                                "Total Cost": 29744.33,
                                "Plan Rows": 107733,
                                "Plan Width": 4,
                                "Actual Startup Time": 71.315,
                                "Actual Total Time": 88.632,
                                "Actual Rows": 39765,
                                "Actual Loops": 2,
                                "Recheck Cond": "(company_id < 180)",
                                "Rows Removed by Index Recheck": 0,
                                "Filter": "(company_type_id = 2)",
                                "Rows Removed by Filter": 138413,
                                "Exact Heap Blocks": 13319,
                                "Lossy Heap Blocks": 0,
                                "Plans": [
                                  {
                                    "Node Type": "Bitmap Index Scan",
                                    "Parent Relationship": "Outer",
                                    "Parallel Aware": false,
                                    "Index Name": "company_id_movie_companies",
                                    "Startup Cost": 0.0,
                                    "Total Cost": 7725.78,
                                    "Plan Rows": 360713,
                                    "Plan Width": 0,
                                    "Actual Startup Time": 28.244,
                                    "Actual Total Time": 28.245,
                                    "Actual Rows": 356356,
                                    "Actual Loops": 1,
                                    "Index Cond": "(company_id < 180)"
                                  }
                                ]
                              }
                            ]
                          }
                        ]
                      }
                    ]
                  }
                ]
              }
            ]
          }
        ]
      }
    ]
  },
  "Planning Time": 0.964,
  "Triggers": [],
  "Execution Time": 749.763
}