[
  {
    "Plan": {
      "Node Type": "Aggregate",
      "Strategy": "Plain",
      "Partial Mode": "Finalize",
      "Parallel Aware": false,
      "Startup Cost": 137282.79,
      "Total Cost": 137282.8,
      "Plan Rows": 1,
      "Plan Width": 8,
      "Actual Startup Time": 117.499,
      "Actual Total Time": 134.172,
      "Actual Rows": 1,
      "Actual Loops": 1,
      "Plans": [
        {
          "Node Type": "Gather",
          "Parent Relationship": "Outer",
          "Parallel Aware": false,
          "Startup Cost": 137282.37,
          "Total Cost": 137282.78,
          "Plan Rows": 4,
          "Plan Width": 8,
          "Actual Startup Time": 117.374,
          "Actual Total Time": 134.163,
          "Actual Rows": 5,
          "Actual Loops": 1,
          "Workers Planned": 4,
          "Workers Launched": 4,
          "Single Copy": false,
          "Plans": [
            {
              "Node Type": "Aggregate",
              "Strategy": "Plain",
              "Partial Mode": "Partial",
              "Parent Relationship": "Outer",
              "Parallel Aware": false,
              "Startup Cost": 136282.37,
              "Total Cost": 136282.38,
              "Plan Rows": 1,
              "Plan Width": 8,
              "Actual Startup Time": 107.755,
              "Actual Total Time": 107.756,
              "Actual Rows": 1,
              "Actual Loops": 5,
              "Plans": [
                {
                  "Node Type": "Nested Loop",
                  "Parent Relationship": "Outer",
                  "Parallel Aware": false,
                  "Join Type": "Inner",
                  "Startup Cost": 0.43,
                  "Total Cost": 136275.49,
                  "Plan Rows": 2750,
                  "Plan Width": 0,
                  "Actual Startup Time": 3.393,
                  "Actual Total Time": 107.379,
                  "Actual Rows": 4628,
                  "Actual Loops": 5,
                  "Inner Unique": false,
                  "Plans": [
                    {
                      "Node Type": "Seq Scan",
                      "Parent Relationship": "Outer",
                      "Parallel Aware": true,
                      "Relation Name": "title",
                      "Alias": "t",
                      "Startup Cost": 0.0,
                      "Total Cost": 43898.92,
                      "Plan Rows": 738,
                      "Plan Width": 4,
                      "Actual Startup Time": 3.166,
                      "Actual Total Time": 81.593,
                      "Actual Rows": 568,
                      "Actual Loops": 5,
                      "Filter": "(production_year = 1948)",
                      "Rows Removed by Filter": 505094
                    },
                    {
                      "Node Type": "Index Scan",
                      "Parent Relationship": "Inner",
                      "Parallel Aware": false,
                      "Scan Direction": "Forward",
                      "Index Name": "movie_id_movie_info",
                      "Relation Name": "movie_info",
                      "Alias": "mi",
                      "Startup Cost": 0.43,
                      "Total Cost": 124.9,
                      "Plan Rows": 27,
                      "Plan Width": 4,
                      "Actual Startup Time": 0.02,
                      "Actual Total Time": 0.044,
                      "Actual Rows": 8,
                      "Actual Loops": 2840,
                      "Index Cond": "(movie_id = t.id)",
                      "Rows Removed by Index Recheck": 0,
                      "Filter": "(info_type_id > 5)",
                      "Rows Removed by Filter": 4
                    }
                  ]
                }
              ]
            }
          ]
        }
      ]
    },
    "Planning Time": 0.608,
    "Triggers": [],
    "Execution Time": 134.245
  }
]