[
  {
    "Plan": {
      "Node Type": "Aggregate",
      "Strategy": "Plain",
      "Partial Mode": "Finalize",
      "Parallel Aware": false,
      "Startup Cost": 46503.52,
      "Total Cost": 46503.53,
      "Plan Rows": 1,
      "Plan Width": 8,
      "Actual Startup Time": 169.92,
      "Actual Total Time": 179.408,
      "Actual Rows": 1,
      "Actual Loops": 1,
      "Plans": [
        {
          "Node Type": "Gather",
          "Parent Relationship": "Outer",
          "Parallel Aware": false,
          "Startup Cost": 46503.2,
          "Total Cost": 46503.51,
          "Plan Rows": 3,
          "Plan Width": 8,
          "Actual Startup Time": 169.815,
          "Actual Total Time": 179.401,
          "Actual Rows": 4,
          "Actual Loops": 1,
          "Workers Planned": 3,
          "Workers Launched": 3,
          "Single Copy": false,
          "Plans": [
            {
              "Node Type": "Aggregate",
              "Strategy": "Plain",
              "Partial Mode": "Partial",
              "Parent Relationship": "Outer",
              "Parallel Aware": false,
              "Startup Cost": 45503.2,
              "Total Cost": 45503.21,
              "Plan Rows": 1,
              "Plan Width": 8,
              "Actual Startup Time": 162.887,
              "Actual Total Time": 162.889,
              "Actual Rows": 1,
              "Actual Loops": 4,
              "Plans": [
                {
                  "Node Type": "Seq Scan",
                  "Parent Relationship": "Outer",
                  "Parallel Aware": true,
                  "Relation Name": "movie_keyword",
                  "Alias": "mk",
                  "Startup Cost": 0.0,
                  "Total Cost": 42695.65,
                  "Plan Rows": 1123019,
                  "Plan Width": 0,
                  "Actual Startup Time": 0.052,
                  "Actual Total Time": 123.694,
                  "Actual Rows": 869679,
                  "Actual Loops": 4,
                  "Filter": "(keyword_id < 16980)",
                  "Rows Removed by Filter": 261304
                }
              ]
            }
          ]
        }
      ]
    },
    "Planning Time": 0.15,
    "Triggers": [],
    "Execution Time": 179.456
  }
]