[
  {
    "Plan": {
      "Node Type": "Aggregate",
      "Strategy": "Plain",
      "Partial Mode": "Finalize",
      "Parallel Aware": false,
      "Startup Cost": 111792.97,
      "Total Cost": 111792.98,
      "Plan Rows": 1,
      "Plan Width": 8,
      "Actual Startup Time": 634.737,
      "Actual Total Time": 681.639,
      "Actual Rows": 1,
      "Actual Loops": 1,
      "Plans": [
        {
          "Node Type": "Gather",
          "Parent Relationship": "Outer",
          "Parallel Aware": false,
          "Startup Cost": 111792.65,
          "Total Cost": 111792.96,
          "Plan Rows": 3,
          "Plan Width": 8,
          "Actual Startup Time": 625.119,
          "Actual Total Time": 681.624,
          "Actual Rows": 4,
          "Actual Loops": 1,
          "Workers Planned": 3,
          "Workers Launched": 3,
          "Single Copy": false,
          "Plans": [
            {
              "Node Type": "Aggregate",
              "Strategy": "Plain",
              "Partial Mode": "Partial",
              "Parent Relationship": "Outer",
              "Parallel Aware": false,
              "Startup Cost": 110792.65,
              "Total Cost": 110792.66,
              "Plan Rows": 1,
              "Plan Width": 8,
              "Actual Startup Time": 615.141,
              "Actual Total Time": 615.145,
              "Actual Rows": 1,
              "Actual Loops": 4,
              "Plans": [
                {
                  "Node Type": "Nested Loop",
                  "Parent Relationship": "Outer",
                  "Parallel Aware": false,
                  "Join Type": "Inner",
                  "Startup Cost": 51411.07,
                  "Total Cost": 110527.59,
                  "Plan Rows": 106025,
                  "Plan Width": 0,
                  "Actual Startup Time": 334.859,
                  "Actual Total Time": 601.103,
                  "Actual Rows": 287650,
                  "Actual Loops": 4,
                  "Inner Unique": false,
                  "Plans": [
                    {
                      "Node Type": "Hash Join",
                      "Parent Relationship": "Outer",
                      "Parallel Aware": true,
                      "Join Type": "Inner",
                      "Startup Cost": 51410.64,
                      "Total Cost": 76137.75,
                      "Plan Rows": 18057,
                      "Plan Width": 8,
                      "Actual Startup Time": 334.761,
                      "Actual Total Time": 368.016,
                      "Actual Rows": 12148,
                      "Actual Loops": 4,
                      "Inner Unique": true,
                      "Hash Cond": "(mk.movie_id = t.id)",
                      "Plans": [
                        {
                          "Node Type": "Bitmap Heap Scan",
                          "Parent Relationship": "Outer",
                          "Parallel Aware": true,
                          "Relation Name": "movie_keyword",
                          "Alias": "mk",
                          "Startup Cost": 1190.25,
                          "Total Cost": 25869.97,
                          "Plan Rows": 18057,
                          "Plan Width": 4,
                          "Actual Startup Time": 6.596,
                          "Actual Total Time": 24.051,
                          "Actual Rows": 12148,
                          "Actual Loops": 4,
                          "Recheck Cond": "(keyword_id < 50)",
                          "Rows Removed by Index Recheck": 0,
                          "Exact Heap Blocks": 5545,
                          "Lossy Heap Blocks": 0,
                          "Plans": [
                            {
                              "Node Type": "Bitmap Index Scan",
                              "Parent Relationship": "Outer",
                              "Parallel Aware": false,
                              "Index Name": "keyword_id_movie_keyword",
                              "Startup Cost": 0.0,
                              "Total Cost": 1176.26,
                              "Plan Rows": 55977,
                              "Plan Width": 0,
                              "Actual Startup Time": 4.534,
                              "Actual Total Time": 4.535,
                              "Actual Rows": 48592,
                              "Actual Loops": 1,
                              "Index Cond": "(keyword_id < 50)"
                            }
                          ]
                        },
                        {
                          "Node Type": "Hash",
                          "Parent Relationship": "Inner",
                          "Parallel Aware": true,
                          "Startup Cost": 42319.06,
                          "Total Cost": 42319.06,
                          "Plan Rows": 632106,
                          "Plan Width": 4,
                          "Actual Startup Time": 320.825,
                          "Actual Total Time": 320.826,
                          "Actual Rows": 632078,
                          "Actual Loops": 4,
                          "Hash Buckets": 4194304,
                          "Original Hash Buckets": 4194304,
                          "Hash Batches": 1,
                          "Original Hash Batches": 1,
                          "Peak Memory Usage": 131744,
                          "Plans": [
                            {
                              "Node Type": "Seq Scan",
                              "Parent Relationship": "Outer",
                              "Parallel Aware": true,
                              "Relation Name": "title",
                              "Alias": "t",
                              "Startup Cost": 0.0,
                              "Total Cost": 42319.06,
                              "Plan Rows": 632106,
                              "Plan Width": 4,
                              "Actual Startup Time": 0.034,
                              "Actual Total Time": 93.499,
                              "Actual Rows": 632078,
                              "Actual Loops": 4
                            }
                          ]
                        }
                      ]
                    },
                    {
                      "Node Type": "Index Only Scan",
                      "Parent Relationship": "Inner",
                      "Parallel Aware": false,
                      "Scan Direction": "Forward",
                      "Index Name": "movie_id_movie_info",
                      "Relation Name": "movie_info",
                      "Alias": "mi",
                      "Startup Cost": 0.43,
                      "Total Cost": 1.49,
                      "Plan Rows": 41,
                      "Plan Width": 4,
                      "Actual Startup Time": 0.005,
                      "Actual Total Time": 0.017,
                      "Actual Rows": 24,
                      "Actual Loops": 48592,
                      "Index Cond": "(movie_id = t.id)",
                      "Rows Removed by Index Recheck": 0,
                      "Heap Fetches": 1150598
                    }
                  ]
                }
              ]
            }
          ]
        }
      ]
    },
    "Planning Time": 0.519,
    "Triggers": [],
    "Execution Time": 681.704
  }
]