{
  "Plan": {
    "Node Type": "Aggregate",
    "Strategy": "Plain",
    "Partial Mode": "Finalize",
    "Parallel Aware": false,
    "Startup Cost": 331183.22,
    "Total Cost": 331183.23,
    "Plan Rows": 1,
    "Plan Width": 8,
    "Actual Startup Time": 1294.775,
    "Actual Total Time": 1332.467,
    "Actual Rows": 1,
    "Actual Loops": 1,
    "Plans": [
      {
        "Node Type": "Gather",
        "Parent Relationship": "Outer",
        "Parallel Aware": false,
        "Startup Cost": 331183.11,
        "Total Cost": 331183.22,
        "Plan Rows": 1,
        "Plan Width": 8,
        "Actual Startup Time": 1294.664,
        "Actual Total Time": 1332.461,
        "Actual Rows": 2,
        "Actual Loops": 1,
        "Workers Planned": 1,
        "Workers Launched": 1,
        "Single Copy": false,
        "Plans": [
          {
            "Node Type": "Aggregate",
            "Strategy": "Plain",
            "Partial Mode": "Partial",
            "Parent Relationship": "Outer",
            "Parallel Aware": false,
            "Startup Cost": 330183.11,
            "Total Cost": 330183.12,
            "Plan Rows": 1,
            "Plan Width": 8,
            "Actual Startup Time": 1289.286,
            "Actual Total Time": 1289.289,
            "Actual Rows": 1,
            "Actual Loops": 2,
            "Plans": [
              {
                "Node Type": "Hash Join",
                "Parent Relationship": "Outer",
                "Parallel Aware": true,
                "Join Type": "Inner",
                "Startup Cost": 58349.41,
                "Total Cost": 330132.89,
                "Plan Rows": 20087,
                "Plan Width": 0,
                "Actual Startup Time": 131.485,
                "Actual Total Time": 1288.51,
                "Actual Rows": 17010,
                "Actual Loops": 2,
                "Inner Unique": true,
                "Hash Cond": "(mi.movie_id = t.id)",
                "Plans": [
                  {
                    "Node Type": "Seq Scan",
                    "Parent Relationship": "Outer",
                    "Parallel Aware": true,
                    "Relation Name": "movie_info",
                    "Alias": "mi",
                    "Startup Cost": 0.0,
                    "Total Cost": 248955.74,
                    "Plan Rows": 8696274,
                    "Plan Width": 4,
                    "Actual Startup Time": 0.009,
                    "Actual Total Time": 608.505,
                    "Actual Rows": 7417860,
                    "Actual Loops": 2
                  },
                  {
                    "Node Type": "Hash",
                    "Parent Relationship": "Inner",
                    "Parallel Aware": true,
                    "Startup Cost": 58306.47,
                    "Total Cost": 58306.47,
                    "Plan Rows": 3435,
                    "Plan Width": 4,
                    "Actual Startup Time": 129.707,
                    "Actual Total Time": 129.708,
                    "Actual Rows": 2959,
                    "Actual Loops": 2,
                    "Hash Buckets": 8192,
                    "Original Hash Buckets": 8192,
                    "Hash Batches": 1,
                    "Original Hash Batches": 1,
                    "Peak Memory Usage": 320,
                    "Plans": [
                      {
                        "Node Type": "Seq Scan",
                        "Parent Relationship": "Outer",
                        "Parallel Aware": true,
                        "Relation Name": "title",
                        "Alias": "t",
                        "Startup Cost": 0.0,
                        "Total Cost": 58306.47,
                        "Plan Rows": 3435,
                        "Plan Width": 4,
                        "Actual Startup Time": 0.057,
                        "Actual Total Time": 128.52,
                        "Actual Rows": 2959,
                        "Actual Loops": 2,
                        "Filter": "((kind_id = 7) AND (production_year = 1962))",
                        "Rows Removed by Filter": 1261197
                      }
                    ]
                  }
                ]
              }
            ]
          }
        ]
      }
    ]
  },
  "Planning Time": 0.261,
  "Triggers": [],
  "Execution Time": 1332.519
}