[
    {
        "Bao": {
            "Bao prediction": "NaN",
            "Bao recommended hint": "(no hint)"
        }
    },
    {
        "Plan": {
            "Node Type": "Aggregate",
            "Strategy": "Plain",
            "Partial Mode": "Finalize",
            "Parallel Aware": false,
            "Startup Cost": 73434.48,
            "Total Cost": 73434.49,
            "Plan Rows": 1,
            "Plan Width": 8,
            "Actual Startup Time": 188.94,
            "Actual Total Time": 198.063,
            "Actual Rows": 1,
            "Actual Loops": 1,
            "Output": [
                "count(*)"
            ],
            "Plans": [
                {
                    "Node Type": "Gather",
                    "Parent Relationship": "Outer",
                    "Parallel Aware": false,
                    "Startup Cost": 73434.17,
                    "Total Cost": 73434.48,
                    "Plan Rows": 3,
                    "Plan Width": 8,
                    "Actual Startup Time": 187.965,
                    "Actual Total Time": 198.055,
                    "Actual Rows": 4,
                    "Actual Loops": 1,
                    "Output": [
                        "(PARTIAL count(*))"
                    ],
                    "Workers Planned": 3,
                    "Workers Launched": 3,
                    "Single Copy": false,
                    "Plans": [
                        {
                            "Node Type": "Aggregate",
                            "Strategy": "Plain",
                            "Partial Mode": "Partial",
                            "Parent Relationship": "Outer",
                            "Parallel Aware": false,
                            "Startup Cost": 72434.17,
                            "Total Cost": 72434.18,
                            "Plan Rows": 1,
                            "Plan Width": 8,
                            "Actual Startup Time": 178.988,
                            "Actual Total Time": 178.992,
                            "Actual Rows": 1,
                            "Actual Loops": 4,
                            "Output": [
                                "PARTIAL count(*)"
                            ],
                            "Workers": [
                                {
                                    "Worker Number": 0,
                                    "Actual Startup Time": 175.664,
                                    "Actual Total Time": 175.667,
                                    "Actual Rows": 1,
                                    "Actual Loops": 1
                                },
                                {
                                    "Worker Number": 1,
                                    "Actual Startup Time": 176.059,
                                    "Actual Total Time": 176.062,
                                    "Actual Rows": 1,
                                    "Actual Loops": 1
                                },
                                {
                                    "Worker Number": 2,
                                    "Actual Startup Time": 176.542,
                                    "Actual Total Time": 176.547,
                                    "Actual Rows": 1,
                                    "Actual Loops": 1
                                }
                            ],
                            "Plans": [
                                {
                                    "Node Type": "Hash Join",
                                    "Parent Relationship": "Outer",
                                    "Parallel Aware": true,
                                    "Join Type": "Inner",
                                    "Startup Cost": 52172.22,
                                    "Total Cost": 72428.67,
                                    "Plan Rows": 2199,
                                    "Plan Width": 0,
                                    "Actual Startup Time": 133.11,
                                    "Actual Total Time": 178.841,
                                    "Actual Rows": 1414,
                                    "Actual Loops": 4,
                                    "Inner Unique": true,
                                    "Hash Cond": "(mc.movie_id = t.id)",
                                    "Workers": [
                                        {
                                            "Worker Number": 0,
                                            "Actual Startup Time": 127.928,
                                            "Actual Total Time": 175.55,
                                            "Actual Rows": 1061,
                                            "Actual Loops": 1
                                        },
                                        {
                                            "Worker Number": 1,
                                            "Actual Startup Time": 128.593,
                                            "Actual Total Time": 175.925,
                                            "Actual Rows": 1331,
                                            "Actual Loops": 1
                                        },
                                        {
                                            "Worker Number": 2,
                                            "Actual Startup Time": 127.4,
                                            "Actual Total Time": 176.38,
                                            "Actual Rows": 1000,
                                            "Actual Loops": 1
                                        }
                                    ],
                                    "Plans": [
                                        {
                                            "Node Type": "Bitmap Heap Scan",
                                            "Parent Relationship": "Outer",
                                            "Parallel Aware": true,
                                            "Relation Name": "movie_companies",
                                            "Schema": "public",
                                            "Alias": "mc",
                                            "Startup Cost": 6513.79,
                                            "Total Cost": 26515.73,
                                            "Plan Rows": 96955,
                                            "Plan Width": 4,
                                            "Actual Startup Time": 22.832,
                                            "Actual Total Time": 56.877,
                                            "Actual Rows": 73219,
                                            "Actual Loops": 4,
                                            "Output": [
                                                "mc.id",
                                                "mc.movie_id",
                                                "mc.company_id",
                                                "mc.company_type_id",
                                                "mc.note"
                                            ],
                                            "Recheck Cond": "(mc.company_id < 160)",
                                            "Rows Removed by Index Recheck": 0,
                                            "Exact Heap Blocks": 6549,
                                            "Lossy Heap Blocks": 0,
                                            "Workers": [
                                                {
                                                    "Worker Number": 0,
                                                    "Actual Startup Time": 22.733,
                                                    "Actual Total Time": 56.692,
                                                    "Actual Rows": 75313,
                                                    "Actual Loops": 1
                                                },
                                                {
                                                    "Worker Number": 1,
                                                    "Actual Startup Time": 22.799,
                                                    "Actual Total Time": 57.867,
                                                    "Actual Rows": 70621,
                                                    "Actual Loops": 1
                                                },
                                                {
                                                    "Worker Number": 2,
                                                    "Actual Startup Time": 22.907,
                                                    "Actual Total Time": 58.251,
                                                    "Actual Rows": 58133,
                                                    "Actual Loops": 1
                                                }
                                            ],
                                            "Plans": [
                                                {
                                                    "Node Type": "Bitmap Index Scan",
                                                    "Parent Relationship": "Outer",
                                                    "Parallel Aware": false,
                                                    "Index Name": "company_id_movie_companies",
                                                    "Startup Cost": 0.0,
                                                    "Total Cost": 6438.65,
                                                    "Plan Rows": 300562,
                                                    "Plan Width": 0,
                                                    "Actual Startup Time": 20.125,
                                                    "Actual Total Time": 20.125,
                                                    "Actual Rows": 292877,
                                                    "Actual Loops": 1,
                                                    "Index Cond": "(mc.company_id < 160)",
                                                    "Workers": [
                                                        {
                                                            "Worker Number": 0,
                                                            "Actual Startup Time": 20.125,
                                                            "Actual Total Time": 20.125,
                                                            "Actual Rows": 292877,
                                                            "Actual Loops": 1
                                                        }
                                                    ]
                                                }
                                            ]
                                        },
                                        {
                                            "Node Type": "Hash",
                                            "Parent Relationship": "Inner",
                                            "Parallel Aware": true,
                                            "Startup Cost": 45479.21,
                                            "Total Cost": 45479.21,
                                            "Plan Rows": 14338,
                                            "Plan Width": 4,
                                            "Actual Startup Time": 104.978,
                                            "Actual Total Time": 104.979,
                                            "Actual Rows": 36376,
                                            "Actual Loops": 4,
                                            "Output": [
                                                "t.id"
                                            ],
                                            "Hash Buckets": 262144,
                                            "Original Hash Buckets": 65536,
                                            "Hash Batches": 1,
                                            "Original Hash Batches": 1,
                                            "Peak Memory Usage": 9344,
                                            "Workers": [
                                                {
                                                    "Worker Number": 0,
                                                    "Actual Startup Time": 101.653,
                                                    "Actual Total Time": 101.654,
                                                    "Actual Rows": 35099,
                                                    "Actual Loops": 1
                                                },
                                                {
                                                    "Worker Number": 1,
                                                    "Actual Startup Time": 102.143,
                                                    "Actual Total Time": 102.144,
                                                    "Actual Rows": 37045,
                                                    "Actual Loops": 1
                                                },
                                                {
                                                    "Worker Number": 2,
                                                    "Actual Startup Time": 102.614,
                                                    "Actual Total Time": 102.616,
                                                    "Actual Rows": 24878,
                                                    "Actual Loops": 1
                                                }
                                            ],
                                            "Plans": [
                                                {
                                                    "Node Type": "Seq Scan",
                                                    "Parent Relationship": "Outer",
                                                    "Parallel Aware": true,
                                                    "Relation Name": "title",
                                                    "Schema": "public",
                                                    "Alias": "t",
                                                    "Startup Cost": 0.0,
                                                    "Total Cost": 45479.21,
                                                    "Plan Rows": 14338,
                                                    "Plan Width": 4,
                                                    "Actual Startup Time": 24.978,
                                                    "Actual Total Time": 88.338,
                                                    "Actual Rows": 36376,
                                                    "Actual Loops": 4,
                                                    "Output": [
                                                        "t.id"
                                                    ],
                                                    "Filter": "((t.kind_id < 7) AND (t.production_year < 1942))",
                                                    "Rows Removed by Filter": 595702,
                                                    "Workers": [
                                                        {
                                                            "Worker Number": 0,
                                                            "Actual Startup Time": 3.682,
                                                            "Actual Total Time": 85.097,
                                                            "Actual Rows": 35099,
                                                            "Actual Loops": 1
                                                        },
                                                        {
                                                            "Worker Number": 1,
                                                            "Actual Startup Time": 41.412,
                                                            "Actual Total Time": 85.624,
                                                            "Actual Rows": 37045,
                                                            "Actual Loops": 1
                                                        },
                                                        {
                                                            "Worker Number": 2,
                                                            "Actual Startup Time": 51.108,
                                                            "Actual Total Time": 87.149,
                                                            "Actual Rows": 24878,
                                                            "Actual Loops": 1
                                                        }
                                                    ]
                                                }
                                            ]
                                        }
                                    ]
                                }
                            ]
                        }
                    ]
                }
            ]
        },
        "Planning Time": 209.726,
        "Triggers": [],
        "Execution Time": 198.128
    }
]