[
  {
    "Plan": {
      "Node Type": "Aggregate",
      "Strategy": "Plain",
      "Partial Mode": "Finalize",
      "Parallel Aware": false,
      "Startup Cost": 63891.3,
      "Total Cost": 63891.31,
      "Plan Rows": 1,
      "Plan Width": 8,
      "Actual Startup Time": 176.967,
      "Actual Total Time": 204.588,
      "Actual Rows": 1,
      "Actual Loops": 1,
      "Plans": [
        {
          "Node Type": "Gather",
          "Parent Relationship": "Outer",
          "Parallel Aware": false,
          "Startup Cost": 63890.98,
          "Total Cost": 63891.29,
          "Plan Rows": 3,
          "Plan Width": 8,
          "Actual Startup Time": 176.725,
          "Actual Total Time": 204.577,
          "Actual Rows": 4,
          "Actual Loops": 1,
          "Workers Planned": 3,
          "Workers Launched": 3,
          "Single Copy": false,
          "Plans": [
            {
              "Node Type": "Aggregate",
              "Strategy": "Plain",
              "Partial Mode": "Partial",
              "Parent Relationship": "Outer",
              "Parallel Aware": false,
              "Startup Cost": 62890.98,
              "Total Cost": 62890.99,
              "Plan Rows": 1,
              "Plan Width": 8,
              "Actual Startup Time": 167.405,
              "Actual Total Time": 167.408,
              "Actual Rows": 1,
              "Actual Loops": 4,
              "Plans": [
                {
                  "Node Type": "Nested Loop",
                  "Parent Relationship": "Outer",
                  "Parallel Aware": false,
                  "Join Type": "Inner",
                  "Startup Cost": 390.71,
                  "Total Cost": 62858.21,
                  "Plan Rows": 13111,
                  "Plan Width": 0,
                  "Actual Startup Time": 7.455,
                  "Actual Total Time": 162.086,
                  "Actual Rows": 77357,
                  "Actual Loops": 4,
                  "Inner Unique": false,
                  "Plans": [
                    {
                      "Node Type": "Nested Loop",
                      "Parent Relationship": "Outer",
                      "Parallel Aware": false,
                      "Join Type": "Inner",
                      "Startup Cost": 390.28,
                      "Total Cost": 57280.43,
                      "Plan Rows": 2242,
                      "Plan Width": 8,
                      "Actual Startup Time": 7.286,
                      "Actual Total Time": 56.731,
                      "Actual Rows": 2686,
                      "Actual Loops": 4,
                      "Inner Unique": true,
                      "Plans": [
                        {
                          "Node Type": "Bitmap Heap Scan",
                          "Parent Relationship": "Outer",
                          "Parallel Aware": true,
                          "Relation Name": "movie_keyword",
                          "Alias": "mk",
                          "Startup Cost": 389.85,
                          "Total Cost": 24231.11,
                          "Plan Rows": 5886,
                          "Plan Width": 4,
                          "Actual Startup Time": 6.99,
                          "Actual Total Time": 22.18,
                          "Actual Rows": 5130,
                          "Actual Loops": 4,
                          "Recheck Cond": "(keyword_id = 382)",
                          "Rows Removed by Index Recheck": 0,
                          "Exact Heap Blocks": 4648,
                          "Lossy Heap Blocks": 0,
                          "Plans": [
                            {
                              "Node Type": "Bitmap Index Scan",
                              "Parent Relationship": "Outer",
                              "Parallel Aware": false,
                              "Index Name": "keyword_id_movie_keyword",
                              "Startup Cost": 0.0,
                              "Total Cost": 385.28,
                              "Plan Rows": 18247,
                              "Plan Width": 0,
                              "Actual Startup Time": 10.219,
                              "Actual Total Time": 10.22,
                              "Actual Rows": 20522,
                              "Actual Loops": 1,
                              "Index Cond": "(keyword_id = 382)"
                            }
                          ]
                        },
                        {
                          "Node Type": "Index Scan",
                          "Parent Relationship": "Inner",
                          "Parallel Aware": false,
                          "Scan Direction": "Forward",
                          "Index Name": "title_pkey",
                          "Relation Name": "title",
                          "Alias": "t",
                          "Startup Cost": 0.43,
                          "Total Cost": 5.61,
                          "Plan Rows": 1,
                          "Plan Width": 4,
                          "Actual Startup Time": 0.006,
                          "Actual Total Time": 0.006,
                          "Actual Rows": 1,
                          "Actual Loops": 20522,
                          "Index Cond": "(id = mk.movie_id)",
                          "Rows Removed by Index Recheck": 0,
                          "Filter": "(production_year < 1999)",
                          "Rows Removed by Filter": 0
                        }
                      ]
                    },
                    {
                      "Node Type": "Index Only Scan",
                      "Parent Relationship": "Inner",
                      "Parallel Aware": false,
                      "Scan Direction": "Forward",
                      "Index Name": "movie_id_movie_info",
                      "Relation Name": "movie_info",
                      "Alias": "mi",
                      "Startup Cost": 0.43,
                      "Total Cost": 2.07,
                      "Plan Rows": 42,
                      "Plan Width": 4,
                      "Actual Startup Time": 0.009,
                      "Actual Total Time": 0.036,
                      "Actual Rows": 29,
                      "Actual Loops": 10745,
                      "Index Cond": "(movie_id = t.id)",
                      "Rows Removed by Index Recheck": 0,
                      "Heap Fetches": 309428
                    }
                  ]
                }
              ]
            }
          ]
        }
      ]
    },
    "Planning Time": 1.394,
    "Triggers": [],
    "Execution Time": 204.69
  }
]