[
  {
    "Plan": {
      "Node Type": "Aggregate",
      "Strategy": "Plain",
      "Partial Mode": "Simple",
      "Parallel Aware": false,
      "Startup Cost": 4956.65,
      "Total Cost": 4956.66,
      "Plan Rows": 1,
      "Plan Width": 8,
      "Actual Startup Time": 5.972,
      "Actual Total Time": 5.974,
      "Actual Rows": 1,
      "Actual Loops": 1,
      "Plans": [
        {
          "Node Type": "Index Scan",
          "Parent Relationship": "Outer",
          "Parallel Aware": false,
          "Scan Direction": "Forward",
          "Index Name": "company_id_movie_companies",
          "Relation Name": "movie_companies",
          "Alias": "mc",
          "Startup Cost": 0.43,
          "Total Cost": 4954.12,
          "Plan Rows": 1010,
          "Plan Width": 0,
          "Actual Startup Time": 0.832,
          "Actual Total Time": 5.832,
          "Actual Rows": 743,
          "Actual Loops": 1,
          "Index Cond": "(company_id < 6)",
          "Rows Removed by Index Recheck": 0,
          "Filter": "(company_type_id > 1)",
          "Rows Removed by Filter": 3969
        }
      ]
    },
    "Planning Time": 0.278,
    "Triggers": [],
    "Execution Time": 6.027
  }
]