[
    {
        "Bao": {
            "Bao prediction": "NaN",
            "Bao recommended hint": "(no hint)"
        }
    },
    {
        "Plan": {
            "Node Type": "Aggregate",
            "Strategy": "Plain",
            "Partial Mode": "Finalize",
            "Parallel Aware": false,
            "Startup Cost": 394047.32,
            "Total Cost": 394047.33,
            "Plan Rows": 1,
            "Plan Width": 8,
            "Actual Startup Time": 874.615,
            "Actual Total Time": 908.121,
            "Actual Rows": 1,
            "Actual Loops": 1,
            "Output": [
                "count(*)"
            ],
            "Plans": [
                {
                    "Node Type": "Gather",
                    "Parent Relationship": "Outer",
                    "Parallel Aware": false,
                    "Startup Cost": 394046.7,
                    "Total Cost": 394047.31,
                    "Plan Rows": 6,
                    "Plan Width": 8,
                    "Actual Startup Time": 873.373,
                    "Actual Total Time": 908.11,
                    "Actual Rows": 7,
                    "Actual Loops": 1,
                    "Output": [
                        "(PARTIAL count(*))"
                    ],
                    "Workers Planned": 6,
                    "Workers Launched": 6,
                    "Single Copy": false,
                    "Plans": [
                        {
                            "Node Type": "Aggregate",
                            "Strategy": "Plain",
                            "Partial Mode": "Partial",
                            "Parent Relationship": "Outer",
                            "Parallel Aware": false,
                            "Startup Cost": 393046.7,
                            "Total Cost": 393046.71,
                            "Plan Rows": 1,
                            "Plan Width": 8,
                            "Actual Startup Time": 862.98,
                            "Actual Total Time": 862.983,
                            "Actual Rows": 1,
                            "Actual Loops": 7,
                            "Output": [
                                "PARTIAL count(*)"
                            ],
                            "Workers": [
                                {
                                    "Worker Number": 0,
                                    "Actual Startup Time": 860.844,
                                    "Actual Total Time": 860.847,
                                    "Actual Rows": 1,
                                    "Actual Loops": 1
                                },
                                {
                                    "Worker Number": 1,
                                    "Actual Startup Time": 860.711,
                                    "Actual Total Time": 860.713,
                                    "Actual Rows": 1,
                                    "Actual Loops": 1
                                },
                                {
                                    "Worker Number": 2,
                                    "Actual Startup Time": 861.11,
                                    "Actual Total Time": 861.112,
                                    "Actual Rows": 1,
                                    "Actual Loops": 1
                                },
                                {
                                    "Worker Number": 3,
                                    "Actual Startup Time": 861.658,
                                    "Actual Total Time": 861.661,
                                    "Actual Rows": 1,
                                    "Actual Loops": 1
                                },
                                {
                                    "Worker Number": 4,
                                    "Actual Startup Time": 861.793,
                                    "Actual Total Time": 861.795,
                                    "Actual Rows": 1,
                                    "Actual Loops": 1
                                },
                                {
                                    "Worker Number": 5,
                                    "Actual Startup Time": 862.129,
                                    "Actual Total Time": 862.132,
                                    "Actual Rows": 1,
                                    "Actual Loops": 1
                                }
                            ],
                            "Plans": [
                                {
                                    "Node Type": "Hash Join",
                                    "Parent Relationship": "Outer",
                                    "Parallel Aware": true,
                                    "Join Type": "Inner",
                                    "Startup Cost": 44279.78,
                                    "Total Cost": 392807.62,
                                    "Plan Rows": 95630,
                                    "Plan Width": 0,
                                    "Actual Startup Time": 240.188,
                                    "Actual Total Time": 861.446,
                                    "Actual Rows": 26439,
                                    "Actual Loops": 7,
                                    "Inner Unique": true,
                                    "Hash Cond": "(ci.movie_id = t.id)",
                                    "Workers": [
                                        {
                                            "Worker Number": 0,
                                            "Actual Startup Time": 237.723,
                                            "Actual Total Time": 859.215,
                                            "Actual Rows": 18644,
                                            "Actual Loops": 1
                                        },
                                        {
                                            "Worker Number": 1,
                                            "Actual Startup Time": 238.157,
                                            "Actual Total Time": 859.166,
                                            "Actual Rows": 29042,
                                            "Actual Loops": 1
                                        },
                                        {
                                            "Worker Number": 2,
                                            "Actual Startup Time": 238.584,
                                            "Actual Total Time": 859.616,
                                            "Actual Rows": 27639,
                                            "Actual Loops": 1
                                        },
                                        {
                                            "Worker Number": 3,
                                            "Actual Startup Time": 238.935,
                                            "Actual Total Time": 860.135,
                                            "Actual Rows": 28732,
                                            "Actual Loops": 1
                                        },
                                        {
                                            "Worker Number": 4,
                                            "Actual Startup Time": 238.962,
                                            "Actual Total Time": 860.305,
                                            "Actual Rows": 27909,
                                            "Actual Loops": 1
                                        },
                                        {
                                            "Worker Number": 5,
                                            "Actual Startup Time": 239.407,
                                            "Actual Total Time": 860.465,
                                            "Actual Rows": 19094,
                                            "Actual Loops": 1
                                        }
                                    ],
                                    "Plans": [
                                        {
                                            "Node Type": "Seq Scan",
                                            "Parent Relationship": "Outer",
                                            "Parallel Aware": true,
                                            "Relation Name": "cast_info",
                                            "Schema": "public",
                                            "Alias": "ci",
                                            "Startup Cost": 0.0,
                                            "Total Cost": 343318.94,
                                            "Plan Rows": 1984339,
                                            "Plan Width": 4,
                                            "Actual Startup Time": 160.401,
                                            "Actual Total Time": 605.875,
                                            "Actual Rows": 1341667,
                                            "Actual Loops": 7,
                                            "Output": [
                                                "ci.id",
                                                "ci.person_id",
                                                "ci.movie_id",
                                                "ci.person_role_id",
                                                "ci.note",
                                                "ci.nr_order",
                                                "ci.role_id"
                                            ],
                                            "Filter": "((ci.person_id > 1469501) AND (ci.role_id < 3))",
                                            "Rows Removed by Filter": 3836096,
                                            "Workers": [
                                                {
                                                    "Worker Number": 0,
                                                    "Actual Startup Time": 160.319,
                                                    "Actual Total Time": 608.302,
                                                    "Actual Rows": 937111,
                                                    "Actual Loops": 1
                                                },
                                                {
                                                    "Worker Number": 1,
                                                    "Actual Startup Time": 160.432,
                                                    "Actual Total Time": 603.787,
                                                    "Actual Rows": 1433121,
                                                    "Actual Loops": 1
                                                },
                                                {
                                                    "Worker Number": 2,
                                                    "Actual Startup Time": 160.286,
                                                    "Actual Total Time": 602.055,
                                                    "Actual Rows": 1409003,
                                                    "Actual Loops": 1
                                                },
                                                {
                                                    "Worker Number": 3,
                                                    "Actual Startup Time": 160.453,
                                                    "Actual Total Time": 603.89,
                                                    "Actual Rows": 1449149,
                                                    "Actual Loops": 1
                                                },
                                                {
                                                    "Worker Number": 4,
                                                    "Actual Startup Time": 160.445,
                                                    "Actual Total Time": 606.053,
                                                    "Actual Rows": 1467942,
                                                    "Actual Loops": 1
                                                },
                                                {
                                                    "Worker Number": 5,
                                                    "Actual Startup Time": 160.43,
                                                    "Actual Total Time": 608.597,
                                                    "Actual Rows": 936811,
                                                    "Actual Loops": 1
                                                }
                                            ]
                                        },
                                        {
                                            "Node Type": "Hash",
                                            "Parent Relationship": "Inner",
                                            "Parallel Aware": true,
                                            "Startup Cost": 43899.01,
                                            "Total Cost": 43899.01,
                                            "Plan Rows": 30462,
                                            "Plan Width": 4,
                                            "Actual Startup Time": 77.785,
                                            "Actual Total Time": 77.786,
                                            "Actual Rows": 17562,
                                            "Actual Loops": 7,
                                            "Output": [
                                                "t.id"
                                            ],
                                            "Hash Buckets": 131072,
                                            "Original Hash Buckets": 131072,
                                            "Hash Batches": 1,
                                            "Original Hash Batches": 1,
                                            "Peak Memory Usage": 5952,
                                            "Workers": [
                                                {
                                                    "Worker Number": 0,
                                                    "Actual Startup Time": 76.198,
                                                    "Actual Total Time": 76.199,
                                                    "Actual Rows": 12269,
                                                    "Actual Loops": 1
                                                },
                                                {
                                                    "Worker Number": 1,
                                                    "Actual Startup Time": 75.96,
                                                    "Actual Total Time": 75.961,
                                                    "Actual Rows": 17515,
                                                    "Actual Loops": 1
                                                },
                                                {
                                                    "Worker Number": 2,
                                                    "Actual Startup Time": 76.661,
                                                    "Actual Total Time": 76.662,
                                                    "Actual Rows": 17068,
                                                    "Actual Loops": 1
                                                },
                                                {
                                                    "Worker Number": 3,
                                                    "Actual Startup Time": 77.292,
                                                    "Actual Total Time": 77.293,
                                                    "Actual Rows": 18078,
                                                    "Actual Loops": 1
                                                },
                                                {
                                                    "Worker Number": 4,
                                                    "Actual Startup Time": 77.362,
                                                    "Actual Total Time": 77.363,
                                                    "Actual Rows": 18039,
                                                    "Actual Loops": 1
                                                },
                                                {
                                                    "Worker Number": 5,
                                                    "Actual Startup Time": 77.7,
                                                    "Actual Total Time": 77.701,
                                                    "Actual Rows": 11751,
                                                    "Actual Loops": 1
                                                }
                                            ],
                                            "Plans": [
                                                {
                                                    "Node Type": "Seq Scan",
                                                    "Parent Relationship": "Outer",
                                                    "Parallel Aware": true,
                                                    "Relation Name": "title",
                                                    "Schema": "public",
                                                    "Alias": "t",
                                                    "Startup Cost": 0.0,
                                                    "Total Cost": 43899.01,
                                                    "Plan Rows": 30462,
                                                    "Plan Width": 4,
                                                    "Actual Startup Time": 43.687,
                                                    "Actual Total Time": 71.229,
                                                    "Actual Rows": 17562,
                                                    "Actual Loops": 7,
                                                    "Output": [
                                                        "t.id"
                                                    ],
                                                    "Filter": "(t.production_year < 1933)",
                                                    "Rows Removed by Filter": 343626,
                                                    "Workers": [
                                                        {
                                                            "Worker Number": 0,
                                                            "Actual Startup Time": 45.973,
                                                            "Actual Total Time": 69.793,
                                                            "Actual Rows": 12269,
                                                            "Actual Loops": 1
                                                        },
                                                        {
                                                            "Worker Number": 1,
                                                            "Actual Startup Time": 44.423,
                                                            "Actual Total Time": 69.32,
                                                            "Actual Rows": 17515,
                                                            "Actual Loops": 1
                                                        },
                                                        {
                                                            "Worker Number": 2,
                                                            "Actual Startup Time": 48.816,
                                                            "Actual Total Time": 70.512,
                                                            "Actual Rows": 17068,
                                                            "Actual Loops": 1
                                                        },
                                                        {
                                                            "Worker Number": 3,
                                                            "Actual Startup Time": 46.552,
                                                            "Actual Total Time": 71.089,
                                                            "Actual Rows": 18078,
                                                            "Actual Loops": 1
                                                        },
                                                        {
                                                            "Worker Number": 4,
                                                            "Actual Startup Time": 31.652,
                                                            "Actual Total Time": 71.142,
                                                            "Actual Rows": 18039,
                                                            "Actual Loops": 1
                                                        },
                                                        {
                                                            "Worker Number": 5,
                                                            "Actual Startup Time": 49.868,
                                                            "Actual Total Time": 71.289,
                                                            "Actual Rows": 11751,
                                                            "Actual Loops": 1
                                                        }
                                                    ]
                                                }
                                            ]
                                        }
                                    ]
                                }
                            ]
                        }
                    ]
                }
            ]
        },
        "Planning Time": 185.453,
        "Triggers": [],
        "Execution Time": 908.211
    }
]