[
  {
    "Plan": {
      "Node Type": "Aggregate",
      "Strategy": "Plain",
      "Partial Mode": "Finalize",
      "Parallel Aware": false,
      "Startup Cost": 261638.65,
      "Total Cost": 261638.66,
      "Plan Rows": 1,
      "Plan Width": 8,
      "Actual Startup Time": 850.329,
      "Actual Total Time": 871.269,
      "Actual Rows": 1,
      "Actual Loops": 1,
      "Plans": [
        {
          "Node Type": "Gather",
          "Parent Relationship": "Outer",
          "Parallel Aware": false,
          "Startup Cost": 261638.03,
          "Total Cost": 261638.64,
          "Plan Rows": 6,
          "Plan Width": 8,
          "Actual Startup Time": 838.317,
          "Actual Total Time": 871.255,
          "Actual Rows": 7,
          "Actual Loops": 1,
          "Workers Planned": 6,
          "Workers Launched": 6,
          "Single Copy": false,
          "Plans": [
            {
              "Node Type": "Aggregate",
              "Strategy": "Plain",
              "Partial Mode": "Partial",
              "Parent Relationship": "Outer",
              "Parallel Aware": false,
              "Startup Cost": 260638.03,
              "Total Cost": 260638.04,
              "Plan Rows": 1,
              "Plan Width": 8,
              "Actual Startup Time": 827.192,
              "Actual Total Time": 827.195,
              "Actual Rows": 1,
              "Actual Loops": 7,
              "Plans": [
                {
                  "Node Type": "Hash Join",
                  "Parent Relationship": "Outer",
                  "Parallel Aware": true,
                  "Join Type": "Inner",
                  "Startup Cost": 49738.17,
                  "Total Cost": 258804.56,
                  "Plan Rows": 733387,
                  "Plan Width": 0,
                  "Actual Startup Time": 194.231,
                  "Actual Total Time": 793.899,
                  "Actual Rows": 702432,
                  "Actual Loops": 7,
                  "Inner Unique": true,
                  "Hash Cond": "(ci.movie_id = t.id)",
                  "Plans": [
                    {
                      "Node Type": "Index Scan",
                      "Parent Relationship": "Outer",
                      "Parallel Aware": true,
                      "Scan Direction": "Forward",
                      "Index Name": "role_id_cast_info",
                      "Relation Name": "cast_info",
                      "Alias": "ci",
                      "Startup Cost": 0.56,
                      "Total Cost": 206461.54,
                      "Plan Rows": 992539,
                      "Plan Width": 4,
                      "Actual Startup Time": 0.227,
                      "Actual Total Time": 226.132,
                      "Actual Rows": 980888,
                      "Actual Loops": 7,
                      "Index Cond": "(role_id > 6)",
                      "Rows Removed by Index Recheck": 0,
                      "Filter": "(person_id > 809870)",
                      "Rows Removed by Filter": 120918
                    },
                    {
                      "Node Type": "Hash",
                      "Parent Relationship": "Inner",
                      "Parallel Aware": true,
                      "Startup Cost": 43899.32,
                      "Total Cost": 43899.32,
                      "Plan Rows": 467063,
                      "Plan Width": 4,
                      "Actual Startup Time": 191.002,
                      "Actual Total Time": 191.003,
                      "Actual Rows": 266498,
                      "Actual Loops": 7,
                      "Hash Buckets": 2097152,
                      "Original Hash Buckets": 2097152,
                      "Hash Batches": 1,
                      "Original Hash Batches": 1,
                      "Peak Memory Usage": 89504,
                      "Plans": [
                        {
                          "Node Type": "Seq Scan",
                          "Parent Relationship": "Outer",
                          "Parallel Aware": true,
                          "Relation Name": "title",
                          "Alias": "t",
                          "Startup Cost": 0.0,
                          "Total Cost": 43899.32,
                          "Plan Rows": 467063,
                          "Plan Width": 4,
                          "Actual Startup Time": 0.046,
                          "Actual Total Time": 81.252,
                          "Actual Rows": 266498,
                          "Actual Loops": 7,
                          "Filter": "(kind_id > 1)",
                          "Rows Removed by Filter": 94689
                        }
                      ]
                    }
                  ]
                }
              ]
            }
          ]
        }
      ]
    },
    "Planning Time": 0.195,
    "Triggers": [],
    "Execution Time": 871.309
  }
]