[
  {
    "Plan": {
      "Node Type": "Aggregate",
      "Strategy": "Plain",
      "Partial Mode": "Finalize",
      "Parallel Aware": false,
      "Startup Cost": 77510.41,
      "Total Cost": 77510.42,
      "Plan Rows": 1,
      "Plan Width": 8,
      "Actual Startup Time": 484.864,
      "Actual Total Time": 503.92,
      "Actual Rows": 1,
      "Actual Loops": 1,
      "Plans": [
        {
          "Node Type": "Gather",
          "Parent Relationship": "Outer",
          "Parallel Aware": false,
          "Startup Cost": 77510.09,
          "Total Cost": 77510.4,
          "Plan Rows": 3,
          "Plan Width": 8,
          "Actual Startup Time": 473.704,
          "Actual Total Time": 503.905,
          "Actual Rows": 4,
          "Actual Loops": 1,
          "Workers Planned": 3,
          "Workers Launched": 3,
          "Single Copy": false,
          "Plans": [
            {
              "Node Type": "Aggregate",
              "Strategy": "Plain",
              "Partial Mode": "Partial",
              "Parent Relationship": "Outer",
              "Parallel Aware": false,
              "Startup Cost": 76510.09,
              "Total Cost": 76510.1,
              "Plan Rows": 1,
              "Plan Width": 8,
              "Actual Startup Time": 462.134,
              "Actual Total Time": 462.138,
              "Actual Rows": 1,
              "Actual Loops": 4,
              "Plans": [
                {
                  "Node Type": "Hash Join",
                  "Parent Relationship": "Outer",
                  "Parallel Aware": true,
                  "Join Type": "Inner",
                  "Startup Cost": 56162.8,
                  "Total Cost": 76401.35,
                  "Plan Rows": 43495,
                  "Plan Width": 0,
                  "Actual Startup Time": 393.477,
                  "Actual Total Time": 459.48,
                  "Actual Rows": 51856,
                  "Actual Loops": 4,
                  "Inner Unique": true,
                  "Hash Cond": "(mc.movie_id = t.id)",
                  "Plans": [
                    {
                      "Node Type": "Bitmap Heap Scan",
                      "Parent Relationship": "Outer",
                      "Parallel Aware": true,
                      "Relation Name": "movie_companies",
                      "Alias": "mc",
                      "Startup Cost": 5942.42,
                      "Total Cost": 26066.8,
                      "Plan Rows": 43495,
                      "Plan Width": 4,
                      "Actual Startup Time": 15.248,
                      "Actual Total Time": 49.016,
                      "Actual Rows": 51856,
                      "Actual Loops": 4,
                      "Recheck Cond": "(company_id < 145)",
                      "Rows Removed by Index Recheck": 0,
                      "Filter": "(company_type_id < 2)",
                      "Rows Removed by Filter": 16002,
                      "Exact Heap Blocks": 5771,
                      "Lossy Heap Blocks": 0,
                      "Plans": [
                        {
                          "Node Type": "Bitmap Index Scan",
                          "Parent Relationship": "Outer",
                          "Parallel Aware": false,
                          "Index Name": "company_id_movie_companies",
                          "Startup Cost": 0.0,
                          "Total Cost": 5908.71,
                          "Plan Rows": 275771,
                          "Plan Width": 0,
                          "Actual Startup Time": 12.744,
                          "Actual Total Time": 12.744,
                          "Actual Rows": 271432,
                          "Actual Loops": 1,
                          "Index Cond": "(company_id < 145)"
                        }
                      ]
                    },
                    {
                      "Node Type": "Hash",
                      "Parent Relationship": "Inner",
                      "Parallel Aware": true,
                      "Startup Cost": 42319.06,
                      "Total Cost": 42319.06,
                      "Plan Rows": 632106,
                      "Plan Width": 4,
                      "Actual Startup Time": 370.433,
                      "Actual Total Time": 370.434,
                      "Actual Rows": 632078,
                      "Actual Loops": 4,
                      "Hash Buckets": 4194304,
                      "Original Hash Buckets": 4194304,
                      "Hash Batches": 1,
                      "Original Hash Batches": 1,
                      "Peak Memory Usage": 131744,
                      "Plans": [
                        {
                          "Node Type": "Seq Scan",
                          "Parent Relationship": "Outer",
                          "Parallel Aware": true,
                          "Relation Name": "title",
                          "Alias": "t",
                          "Startup Cost": 0.0,
                          "Total Cost": 42319.06,
                          "Plan Rows": 632106,
                          "Plan Width": 4,
                          "Actual Startup Time": 0.031,
                          "Actual Total Time": 109.972,
                          "Actual Rows": 632078,
                          "Actual Loops": 4
                        }
                      ]
                    }
                  ]
                }
              ]
            }
          ]
        }
      ]
    },
    "Planning Time": 0.246,
    "Triggers": [],
    "Execution Time": 503.965
  }
]