{
  "Plan": {
    "Node Type": "Aggregate",
    "Strategy": "Plain",
    "Partial Mode": "Finalize",
    "Parallel Aware": false,
    "Startup Cost": 103046.23,
    "Total Cost": 103046.24,
    "Plan Rows": 1,
    "Plan Width": 8,
    "Actual Startup Time": 560.525,
    "Actual Total Time": 573.572,
    "Actual Rows": 1,
    "Actual Loops": 1,
    "Plans": [
      {
        "Node Type": "Gather",
        "Parent Relationship": "Outer",
        "Parallel Aware": false,
        "Startup Cost": 103046.12,
        "Total Cost": 103046.23,
        "Plan Rows": 1,
        "Plan Width": 8,
        "Actual Startup Time": 559.55,
        "Actual Total Time": 573.563,
        "Actual Rows": 2,
        "Actual Loops": 1,
        "Workers Planned": 1,
        "Workers Launched": 1,
        "Single Copy": false,
        "Plans": [
          {
            "Node Type": "Aggregate",
            "Strategy": "Plain",
            "Partial Mode": "Partial",
            "Parent Relationship": "Outer",
            "Parallel Aware": false,
            "Startup Cost": 102046.12,
            "Total Cost": 102046.13,
            "Plan Rows": 1,
            "Plan Width": 8,
            "Actual Startup Time": 553.801,
            "Actual Total Time": 553.959,
            "Actual Rows": 1,
            "Actual Loops": 2,
            "Plans": [
              {
                "Node Type": "Hash Join",
                "Parent Relationship": "Outer",
                "Parallel Aware": true,
                "Join Type": "Inner",
                "Startup Cost": 59823.69,
                "Total Cost": 101739.77,
                "Plan Rows": 122538,
                "Plan Width": 0,
                "Actual Startup Time": 214.7,
                "Actual Total Time": 540.441,
                "Actual Rows": 324628,
                "Actual Loops": 2,
                "Inner Unique": true,
                "Hash Cond": "(mc.movie_id = t.id)",
                "Plans": [
                  {
                    "Node Type": "Seq Scan",
                    "Parent Relationship": "Outer",
                    "Parallel Aware": true,
                    "Relation Name": "movie_companies",
                    "Alias": "mc",
                    "Startup Cost": 0.0,
                    "Total Cost": 37974.77,
                    "Plan Rows": 1501446,
                    "Plan Width": 4,
                    "Actual Startup Time": 0.015,
                    "Actual Total Time": 133.568,
                    "Actual Rows": 1277542,
                    "Actual Loops": 2,
                    "Filter": "(company_id < 188307)",
                    "Rows Removed by Filter": 27022
                  },
                  {
                    "Node Type": "Hash",
                    "Parent Relationship": "Inner",
                    "Parallel Aware": true,
                    "Startup Cost": 58306.47,
                    "Total Cost": 58306.47,
                    "Plan Rows": 121378,
                    "Plan Width": 4,
                    "Actual Startup Time": 210.845,
                    "Actual Total Time": 210.846,
                    "Actual Rows": 160290,
                    "Actual Loops": 2,
                    "Hash Buckets": 524288,
                    "Original Hash Buckets": 262144,
                    "Hash Batches": 1,
                    "Original Hash Batches": 1,
                    "Peak Memory Usage": 18688,
                    "Plans": [
                      {
                        "Node Type": "Seq Scan",
                        "Parent Relationship": "Outer",
                        "Parallel Aware": true,
                        "Relation Name": "title",
                        "Alias": "t",
                        "Startup Cost": 0.0,
                        "Total Cost": 58306.47,
                        "Plan Rows": 121378,
                        "Plan Width": 4,
                        "Actual Startup Time": 0.076,
                        "Actual Total Time": 158.987,
                        "Actual Rows": 160290,
                        "Actual Loops": 2,
                        "Filter": "((kind_id < 7) AND (production_year < 1982))",
                        "Rows Removed by Filter": 1103866
                      }
                    ]
                  }
                ]
              }
            ]
          }
        ]
      }
    ]
  },
  "Planning Time": 0.51,
  "Triggers": [],
  "Execution Time": 573.647
}