{
    "Plan": {
        "Node Type": "Aggregate",
        "Strategy": "Plain",
        "Partial Mode": "Finalize",
        "Parallel Aware": false,
        "Startup Cost": 346362.43,
        "Total Cost": 346362.44,
        "Plan Rows": 1,
        "Plan Width": 8,
        "Actual Startup Time": 2305.141,
        "Actual Total Time": 2404.665,
        "Actual Rows": 1,
        "Actual Loops": 1,
        "Output": [
            "count(*)"
        ],
        "Plans": [
            {
                "Node Type": "Gather",
                "Parent Relationship": "Outer",
                "Parallel Aware": false,
                "Startup Cost": 346361.91,
                "Total Cost": 346362.42,
                "Plan Rows": 5,
                "Plan Width": 8,
                "Actual Startup Time": 2304.23,
                "Actual Total Time": 2404.654,
                "Actual Rows": 6,
                "Actual Loops": 1,
                "Output": [
                    "(PARTIAL count(*))"
                ],
                "Workers Planned": 5,
                "Workers Launched": 5,
                "Single Copy": false,
                "Plans": [
                    {
                        "Node Type": "Aggregate",
                        "Strategy": "Plain",
                        "Partial Mode": "Partial",
                        "Parent Relationship": "Outer",
                        "Parallel Aware": false,
                        "Startup Cost": 345361.91,
                        "Total Cost": 345361.92,
                        "Plan Rows": 1,
                        "Plan Width": 8,
                        "Actual Startup Time": 2294.279,
                        "Actual Total Time": 2294.282,
                        "Actual Rows": 1,
                        "Actual Loops": 6,
                        "Output": [
                            "PARTIAL count(*)"
                        ],
                        "Workers": [
                            {
                                "Worker Number": 0,
                                "Actual Startup Time": 2294.138,
                                "Actual Total Time": 2294.142,
                                "Actual Rows": 1,
                                "Actual Loops": 1
                            },
                            {
                                "Worker Number": 1,
                                "Actual Startup Time": 2291.979,
                                "Actual Total Time": 2291.982,
                                "Actual Rows": 1,
                                "Actual Loops": 1
                            },
                            {
                                "Worker Number": 2,
                                "Actual Startup Time": 2291.577,
                                "Actual Total Time": 2291.581,
                                "Actual Rows": 1,
                                "Actual Loops": 1
                            },
                            {
                                "Worker Number": 3,
                                "Actual Startup Time": 2292.557,
                                "Actual Total Time": 2292.559,
                                "Actual Rows": 1,
                                "Actual Loops": 1
                            },
                            {
                                "Worker Number": 4,
                                "Actual Startup Time": 2292.183,
                                "Actual Total Time": 2292.187,
                                "Actual Rows": 1,
                                "Actual Loops": 1
                            }
                        ],
                        "Plans": [
                            {
                                "Node Type": "Nested Loop",
                                "Parent Relationship": "Outer",
                                "Parallel Aware": false,
                                "Join Type": "Inner",
                                "Startup Cost": 44054.43,
                                "Total Cost": 344018.5,
                                "Plan Rows": 537361,
                                "Plan Width": 0,
                                "Actual Startup Time": 78.968,
                                "Actual Total Time": 2233.878,
                                "Actual Rows": 1271622,
                                "Actual Loops": 6,
                                "Inner Unique": false,
                                "Join Filter": "(t.id = ci.movie_id)",
                                "Rows Removed by Join Filter": 0,
                                "Workers": [
                                    {
                                        "Worker Number": 0,
                                        "Actual Startup Time": 79.257,
                                        "Actual Total Time": 2242.092,
                                        "Actual Rows": 1151490,
                                        "Actual Loops": 1
                                    },
                                    {
                                        "Worker Number": 1,
                                        "Actual Startup Time": 76.254,
                                        "Actual Total Time": 2231.933,
                                        "Actual Rows": 1357851,
                                        "Actual Loops": 1
                                    },
                                    {
                                        "Worker Number": 2,
                                        "Actual Startup Time": 76.6,
                                        "Actual Total Time": 2232.301,
                                        "Actual Rows": 1323607,
                                        "Actual Loops": 1
                                    },
                                    {
                                        "Worker Number": 3,
                                        "Actual Startup Time": 76.932,
                                        "Actual Total Time": 2232.31,
                                        "Actual Rows": 1363108,
                                        "Actual Loops": 1
                                    },
                                    {
                                        "Worker Number": 4,
                                        "Actual Startup Time": 76.957,
                                        "Actual Total Time": 2224.409,
                                        "Actual Rows": 929812,
                                        "Actual Loops": 1
                                    }
                                ],
                                "Plans": [
                                    {
                                        "Node Type": "Hash Join",
                                        "Parent Relationship": "Outer",
                                        "Parallel Aware": true,
                                        "Join Type": "Inner",
                                        "Startup Cost": 44053.87,
                                        "Total Cost": 243303.49,
                                        "Plan Rows": 57840,
                                        "Plan Width": 8,
                                        "Actual Startup Time": 78.812,
                                        "Actual Total Time": 629.191,
                                        "Actual Rows": 46202,
                                        "Actual Loops": 6,
                                        "Output": [
                                            "t.id",
                                            "mi.movie_id"
                                        ],
                                        "Inner Unique": true,
                                        "Hash Cond": "(mi.movie_id = t.id)",
                                        "Workers": [
                                            {
                                                "Worker Number": 0,
                                                "Actual Startup Time": 79.113,
                                                "Actual Total Time": 599.382,
                                                "Actual Rows": 41909,
                                                "Actual Loops": 1
                                            },
                                            {
                                                "Worker Number": 1,
                                                "Actual Startup Time": 76.005,
                                                "Actual Total Time": 624.602,
                                                "Actual Rows": 49473,
                                                "Actual Loops": 1
                                            },
                                            {
                                                "Worker Number": 2,
                                                "Actual Startup Time": 76.502,
                                                "Actual Total Time": 626.953,
                                                "Actual Rows": 47364,
                                                "Actual Loops": 1
                                            },
                                            {
                                                "Worker Number": 3,
                                                "Actual Startup Time": 76.798,
                                                "Actual Total Time": 624.594,
                                                "Actual Rows": 48717,
                                                "Actual Loops": 1
                                            },
                                            {
                                                "Worker Number": 4,
                                                "Actual Startup Time": 76.679,
                                                "Actual Total Time": 642.484,
                                                "Actual Rows": 32442,
                                                "Actual Loops": 1
                                            }
                                        ],
                                        "Plans": [
                                            {
                                                "Node Type": "Seq Scan",
                                                "Parent Relationship": "Outer",
                                                "Parallel Aware": true,
                                                "Relation Name": "movie_info",
                                                "Schema": "public",
                                                "Alias": "mi",
                                                "Startup Cost": 0.0,
                                                "Total Cost": 191503.19,
                                                "Plan Rows": 2951019,
                                                "Plan Width": 4,
                                                "Actual Startup Time": 0.029,
                                                "Actual Total Time": 249.007,
                                                "Actual Rows": 2472620,
                                                "Actual Loops": 6,
                                                "Output": [
                                                    "mi.id",
                                                    "mi.movie_id",
                                                    "mi.info_type_id",
                                                    "mi.info",
                                                    "mi.note"
                                                ],
                                                "Workers": [
                                                    {
                                                        "Worker Number": 0,
                                                        "Actual Startup Time": 0.032,
                                                        "Actual Total Time": 249.47,
                                                        "Actual Rows": 2233666,
                                                        "Actual Loops": 1
                                                    },
                                                    {
                                                        "Worker Number": 1,
                                                        "Actual Startup Time": 0.03,
                                                        "Actual Total Time": 250.02,
                                                        "Actual Rows": 2573900,
                                                        "Actual Loops": 1
                                                    },
                                                    {
                                                        "Worker Number": 2,
                                                        "Actual Startup Time": 0.03,
                                                        "Actual Total Time": 248.62,
                                                        "Actual Rows": 2504098,
                                                        "Actual Loops": 1
                                                    },
                                                    {
                                                        "Worker Number": 3,
                                                        "Actual Startup Time": 0.036,
                                                        "Actual Total Time": 252.076,
                                                        "Actual Rows": 2582297,
                                                        "Actual Loops": 1
                                                    },
                                                    {
                                                        "Worker Number": 4,
                                                        "Actual Startup Time": 0.037,
                                                        "Actual Total Time": 258.054,
                                                        "Actual Rows": 1710638,
                                                        "Actual Loops": 1
                                                    }
                                                ]
                                            },
                                            {
                                                "Node Type": "Hash",
                                                "Parent Relationship": "Inner",
                                                "Parallel Aware": true,
                                                "Startup Cost": 43899.01,
                                                "Total Cost": 43899.01,
                                                "Plan Rows": 12389,
                                                "Plan Width": 4,
                                                "Actual Startup Time": 77.115,
                                                "Actual Total Time": 77.116,
                                                "Actual Rows": 8427,
                                                "Actual Loops": 6,
                                                "Output": [
                                                    "t.id"
                                                ],
                                                "Hash Buckets": 65536,
                                                "Original Hash Buckets": 65536,
                                                "Hash Batches": 1,
                                                "Original Hash Batches": 1,
                                                "Peak Memory Usage": 2592,
                                                "Workers": [
                                                    {
                                                        "Worker Number": 0,
                                                        "Actual Startup Time": 78.0,
                                                        "Actual Total Time": 78.001,
                                                        "Actual Rows": 7338,
                                                        "Actual Loops": 1
                                                    },
                                                    {
                                                        "Worker Number": 1,
                                                        "Actual Startup Time": 75.217,
                                                        "Actual Total Time": 75.218,
                                                        "Actual Rows": 7509,
                                                        "Actual Loops": 1
                                                    },
                                                    {
                                                        "Worker Number": 2,
                                                        "Actual Startup Time": 75.146,
                                                        "Actual Total Time": 75.148,
                                                        "Actual Rows": 7569,
                                                        "Actual Loops": 1
                                                    },
                                                    {
                                                        "Worker Number": 3,
                                                        "Actual Startup Time": 75.55,
                                                        "Actual Total Time": 75.551,
                                                        "Actual Rows": 7574,
                                                        "Actual Loops": 1
                                                    },
                                                    {
                                                        "Worker Number": 4,
                                                        "Actual Startup Time": 75.965,
                                                        "Actual Total Time": 75.966,
                                                        "Actual Rows": 6008,
                                                        "Actual Loops": 1
                                                    }
                                                ],
                                                "Plans": [
                                                    {
                                                        "Node Type": "Seq Scan",
                                                        "Parent Relationship": "Outer",
                                                        "Parallel Aware": true,
                                                        "Relation Name": "title",
                                                        "Schema": "public",
                                                        "Alias": "t",
                                                        "Startup Cost": 0.0,
                                                        "Total Cost": 43899.01,
                                                        "Plan Rows": 12389,
                                                        "Plan Width": 4,
                                                        "Actual Startup Time": 0.061,
                                                        "Actual Total Time": 72.577,
                                                        "Actual Rows": 8427,
                                                        "Actual Loops": 6,
                                                        "Output": [
                                                            "t.id"
                                                        ],
                                                        "Filter": "(t.production_year = 1999)",
                                                        "Rows Removed by Filter": 412958,
                                                        "Workers": [
                                                            {
                                                                "Worker Number": 0,
                                                                "Actual Startup Time": 0.05,
                                                                "Actual Total Time": 73.541,
                                                                "Actual Rows": 7338,
                                                                "Actual Loops": 1
                                                            },
                                                            {
                                                                "Worker Number": 1,
                                                                "Actual Startup Time": 0.066,
                                                                "Actual Total Time": 70.43,
                                                                "Actual Rows": 7509,
                                                                "Actual Loops": 1
                                                            },
                                                            {
                                                                "Worker Number": 2,
                                                                "Actual Startup Time": 0.069,
                                                                "Actual Total Time": 70.854,
                                                                "Actual Rows": 7569,
                                                                "Actual Loops": 1
                                                            },
                                                            {
                                                                "Worker Number": 3,
                                                                "Actual Startup Time": 0.085,
                                                                "Actual Total Time": 70.921,
                                                                "Actual Rows": 7574,
                                                                "Actual Loops": 1
                                                            },
                                                            {
                                                                "Worker Number": 4,
                                                                "Actual Startup Time": 0.063,
                                                                "Actual Total Time": 71.578,
                                                                "Actual Rows": 6008,
                                                                "Actual Loops": 1
                                                            }
                                                        ]
                                                    }
                                                ]
                                            }
                                        ]
                                    },
                                    {
                                        "Node Type": "Index Scan",
                                        "Parent Relationship": "Inner",
                                        "Parallel Aware": false,
                                        "Scan Direction": "Forward",
                                        "Index Name": "movie_id_cast_info",
                                        "Relation Name": "cast_info",
                                        "Schema": "public",
                                        "Alias": "ci",
                                        "Startup Cost": 0.56,
                                        "Total Cost": 1.43,
                                        "Plan Rows": 25,
                                        "Plan Width": 4,
                                        "Actual Startup Time": 0.014,
                                        "Actual Total Time": 0.032,
                                        "Actual Rows": 28,
                                        "Actual Loops": 277213,
                                        "Output": [
                                            "ci.id",
                                            "ci.person_id",
                                            "ci.movie_id",
                                            "ci.person_role_id",
                                            "ci.note",
                                            "ci.nr_order",
                                            "ci.role_id"
                                        ],
                                        "Index Cond": "(ci.movie_id = mi.movie_id)",
                                        "Rows Removed by Index Recheck": 0,
                                        "Filter": "(ci.role_id > 1)",
                                        "Rows Removed by Filter": 13,
                                        "Workers": [
                                            {
                                                "Worker Number": 0,
                                                "Actual Startup Time": 0.016,
                                                "Actual Total Time": 0.037,
                                                "Actual Rows": 27,
                                                "Actual Loops": 41909
                                            },
                                            {
                                                "Worker Number": 1,
                                                "Actual Startup Time": 0.013,
                                                "Actual Total Time": 0.03,
                                                "Actual Rows": 27,
                                                "Actual Loops": 49473
                                            },
                                            {
                                                "Worker Number": 2,
                                                "Actual Startup Time": 0.014,
                                                "Actual Total Time": 0.031,
                                                "Actual Rows": 28,
                                                "Actual Loops": 47364
                                            },
                                            {
                                                "Worker Number": 3,
                                                "Actual Startup Time": 0.013,
                                                "Actual Total Time": 0.03,
                                                "Actual Rows": 28,
                                                "Actual Loops": 48717
                                            },
                                            {
                                                "Worker Number": 4,
                                                "Actual Startup Time": 0.019,
                                                "Actual Total Time": 0.045,
                                                "Actual Rows": 29,
                                                "Actual Loops": 32442
                                            }
                                        ]
                                    }
                                ]
                            }
                        ]
                    }
                ]
            }
        ]
    },
    "Planning Time": 1.455,
    "Triggers": [],
    "Execution Time": 2404.775
}