[
  {
    "Plan": {
      "Node Type": "Aggregate",
      "Strategy": "Plain",
      "Partial Mode": "Finalize",
      "Parallel Aware": false,
      "Startup Cost": 376758.08,
      "Total Cost": 376758.09,
      "Plan Rows": 1,
      "Plan Width": 8,
      "Actual Startup Time": 1537.315,
      "Actual Total Time": 1591.741,
      "Actual Rows": 1,
      "Actual Loops": 1,
      "Plans": [
        {
          "Node Type": "Gather",
          "Parent Relationship": "Outer",
          "Parallel Aware": false,
          "Startup Cost": 376757.46,
          "Total Cost": 376758.07,
          "Plan Rows": 6,
          "Plan Width": 8,
          "Actual Startup Time": 1534.957,
          "Actual Total Time": 1591.726,
          "Actual Rows": 7,
          "Actual Loops": 1,
          "Workers Planned": 6,
          "Workers Launched": 6,
          "Single Copy": false,
          "Plans": [
            {
              "Node Type": "Aggregate",
              "Strategy": "Plain",
              "Partial Mode": "Partial",
              "Parent Relationship": "Outer",
              "Parallel Aware": false,
              "Startup Cost": 375757.46,
              "Total Cost": 375757.47,
              "Plan Rows": 1,
              "Plan Width": 8,
              "Actual Startup Time": 1527.503,
              "Actual Total Time": 1527.506,
              "Actual Rows": 1,
              "Actual Loops": 7,
              "Plans": [
                {
                  "Node Type": "Hash Join",
                  "Parent Relationship": "Outer",
                  "Parallel Aware": true,
                  "Join Type": "Inner",
                  "Startup Cost": 45929.91,
                  "Total Cost": 374896.57,
                  "Plan Rows": 344355,
                  "Plan Width": 0,
                  "Actual Startup Time": 97.396,
                  "Actual Total Time": 1501.665,
                  "Actual Rows": 512473,
                  "Actual Loops": 7,
                  "Inner Unique": true,
                  "Hash Cond": "(ci.movie_id = t.id)",
                  "Plans": [
                    {
                      "Node Type": "Seq Scan",
                      "Parent Relationship": "Outer",
                      "Parallel Aware": true,
                      "Relation Name": "cast_info",
                      "Alias": "ci",
                      "Startup Cost": 0.0,
                      "Total Cost": 313106.51,
                      "Plan Rows": 6041951,
                      "Plan Width": 4,
                      "Actual Startup Time": 0.027,
                      "Actual Total Time": 554.495,
                      "Actual Rows": 5177763,
                      "Actual Loops": 7
                    },
                    {
                      "Node Type": "Hash",
                      "Parent Relationship": "Inner",
                      "Parallel Aware": true,
                      "Startup Cost": 45479.59,
                      "Total Cost": 45479.59,
                      "Plan Rows": 36026,
                      "Plan Width": 4,
                      "Actual Startup Time": 96.284,
                      "Actual Total Time": 96.285,
                      "Actual Rows": 41019,
                      "Actual Loops": 7,
                      "Hash Buckets": 524288,
                      "Original Hash Buckets": 262144,
                      "Hash Batches": 1,
                      "Original Hash Batches": 1,
                      "Peak Memory Usage": 17504,
                      "Plans": [
                        {
                          "Node Type": "Seq Scan",
                          "Parent Relationship": "Outer",
                          "Parallel Aware": true,
                          "Relation Name": "title",
                          "Alias": "t",
                          "Startup Cost": 0.0,
                          "Total Cost": 45479.59,
                          "Plan Rows": 36026,
                          "Plan Width": 4,
                          "Actual Startup Time": 40.176,
                          "Actual Total Time": 70.321,
                          "Actual Rows": 41019,
                          "Actual Loops": 7,
                          "Filter": "((production_year < 1984) AND (kind_id = 1))",
                          "Rows Removed by Filter": 320168
                        }
                      ]
                    }
                  ]
                }
              ]
            }
          ]
        }
      ]
    },
    "Planning Time": 0.313,
    "Triggers": [],
    "Execution Time": 1591.796
  }
]