[
  {
    "Plan": {
      "Node Type": "Aggregate",
      "Strategy": "Plain",
      "Partial Mode": "Simple",
      "Parallel Aware": false,
      "Startup Cost": 18587.84,
      "Total Cost": 18587.85,
      "Plan Rows": 1,
      "Plan Width": 96,
      "Actual Startup Time": 666.6,
      "Actual Total Time": 710.203,
      "Actual Rows": 1,
      "Actual Loops": 1,
      "Plans": [
        {
          "Node Type": "Nested Loop",
          "Parent Relationship": "Outer",
          "Parallel Aware": false,
          "Join Type": "Inner",
          "Startup Cost": 1004.43,
          "Total Cost": 18587.83,
          "Plan Rows": 1,
          "Plan Width": 65,
          "Actual Startup Time": 10.118,
          "Actual Total Time": 708.811,
          "Actual Rows": 4922,
          "Actual Loops": 1,
          "Inner Unique": true,
          "Plans": [
            {
              "Node Type": "Nested Loop",
              "Parent Relationship": "Outer",
              "Parallel Aware": false,
              "Join Type": "Inner",
              "Startup Cost": 1004.0,
              "Total Cost": 18587.32,
              "Plan Rows": 1,
              "Plan Width": 69,
              "Actual Startup Time": 10.011,
              "Actual Total Time": 643.654,
              "Actual Rows": 7838,
              "Actual Loops": 1,
              "Inner Unique": false,
              "Join Filter": "(t.id = ci.movie_id)",
              "Rows Removed by Join Filter": 0,
              "Plans": [
                {
                  "Node Type": "Gather",
                  "Parent Relationship": "Outer",
                  "Parallel Aware": false,
                  "Startup Cost": 1003.43,
                  "Total Cost": 18582.95,
                  "Plan Rows": 1,
                  "Plan Width": 77,
                  "Actual Startup Time": 9.932,
                  "Actual Total Time": 450.363,
                  "Actual Rows": 1524,
                  "Actual Loops": 1,
                  "Workers Planned": 2,
                  "Workers Launched": 2,
                  "Single Copy": false,
                  "Plans": [
                    {
                      "Node Type": "Nested Loop",
                      "Parent Relationship": "Outer",
                      "Parallel Aware": false,
                      "Join Type": "Inner",
                      "Startup Cost": 3.43,
                      "Total Cost": 17582.85,
                      "Plan Rows": 1,
                      "Plan Width": 77,
                      "Actual Startup Time": 14.144,
                      "Actual Total Time": 570.975,
                      "Actual Rows": 508,
                      "Actual Loops": 3,
                      "Inner Unique": true,
                      "Plans": [
                        {
                          "Node Type": "Nested Loop",
                          "Parent Relationship": "Outer",
                          "Parallel Aware": false,
                          "Join Type": "Inner",
                          "Startup Cost": 3.29,
                          "Total Cost": 17580.56,
                          "Plan Rows": 14,
                          "Plan Width": 81,
                          "Actual Startup Time": 14.106,
                          "Actual Total Time": 569.821,
                          "Actual Rows": 527,
                          "Actual Loops": 3,
                          "Inner Unique": false,
                          "Join Filter": "(t.id = mi.movie_id)",
                          "Rows Removed by Join Filter": 0,
                          "Plans": [
                            {
                              "Node Type": "Nested Loop",
                              "Parent Relationship": "Outer",
                              "Parallel Aware": false,
                              "Join Type": "Inner",
                              "Startup Cost": 2.86,
                              "Total Cost": 17259.9,
                              "Plan Rows": 110,
                              "Plan Width": 30,
                              "Actual Startup Time": 4.323,
                              "Actual Total Time": 391.812,
                              "Actual Rows": 8460,
                              "Actual Loops": 3,
                              "Inner Unique": true,
                              "Plans": [
                                {
                                  "Node Type": "Hash Join",
                                  "Parent Relationship": "Outer",
                                  "Parallel Aware": false,
                                  "Join Type": "Inner",
                                  "Startup Cost": 2.43,
                                  "Total Cost": 15720.73,
                                  "Plan Rows": 1935,
                                  "Plan Width": 9,
                                  "Actual Startup Time": 0.476,
                                  "Actual Total Time": 94.655,
                                  "Actual Rows": 120082,
                                  "Actual Loops": 3,
                                  "Inner Unique": true,
                                  "Hash Cond": "(mi_idx.info_type_id = it2.id)",
                                  "Plans": [
                                    {
                                      "Node Type": "Seq Scan",
                                      "Parent Relationship": "Outer",
                                      "Parallel Aware": true,
                                      "Relation Name": "movie_info_idx",
                                      "Alias": "mi_idx",
                                      "Startup Cost": 0.0,
                                      "Total Cost": 15122.68,
                                      "Plan Rows": 218703,
                                      "Plan Width": 13,
                                      "Actual Startup Time": 0.05,
                                      "Actual Total Time": 63.408,
                                      "Actual Rows": 175425,
                                      "Actual Loops": 3,
                                      "Filter": "(info > '5'::text)",
                                      "Rows Removed by Filter": 284586
                                    },
                                    {
                                      "Node Type": "Hash",
                                      "Parent Relationship": "Inner",
                                      "Parallel Aware": false,
                                      "Startup Cost": 2.41,
                                      "Total Cost": 2.41,
                                      "Plan Rows": 1,
                                      "Plan Width": 4,
                                      "Actual Startup Time": 0.087,
                                      "Actual Total Time": 0.088,
                                      "Actual Rows": 1,
                                      "Actual Loops": 3,
                                      "Hash Buckets": 1024,
                                      "Original Hash Buckets": 1024,
                                      "Hash Batches": 1,
                                      "Original Hash Batches": 1,
                                      "Peak Memory Usage": 9,
                                      "Plans": [
                                        {
                                          "Node Type": "Seq Scan",
                                          "Parent Relationship": "Outer",
                                          "Parallel Aware": false,
                                          "Relation Name": "info_type",
                                          "Alias": "it2",
                                          "Startup Cost": 0.0,
                                          "Total Cost": 2.41,
                                          "Plan Rows": 1,
                                          "Plan Width": 4,
                                          "Actual Startup Time": 0.063,
                                          "Actual Total Time": 0.068,
                                          "Actual Rows": 1,
                                          "Actual Loops": 3,
                                          "Filter": "((info)::text = 'rating'::text)",
                                          "Rows Removed by Filter": 112
                                        }
                                      ]
                                    }
                                  ]
                                },
                                {
                                  "Node Type": "Index Scan",
                                  "Parent Relationship": "Inner",
                                  "Parallel Aware": false,
                                  "Scan Direction": "Forward",
                                  "Index Name": "title_pkey",
                                  "Relation Name": "title",
                                  "Alias": "t",
                                  "Startup Cost": 0.43,
                                  "Total Cost": 0.8,
                                  "Plan Rows": 1,
                                  "Plan Width": 21,
                                  "Actual Startup Time": 0.002,
                                  "Actual Total Time": 0.002,
                                  "Actual Rows": 0,
                                  "Actual Loops": 360246,
                                  "Index Cond": "(id = mi_idx.movie_id)",
                                  "Rows Removed by Index Recheck": 0,
                                  "Filter": "((production_year >= 1994) AND (production_year <= 1997))",
                                  "Rows Removed by Filter": 1
                                }
                              ]
                            },
                            {
                              "Node Type": "Index Scan",
                              "Parent Relationship": "Inner",
                              "Parallel Aware": false,
                              "Scan Direction": "Forward",
                              "Index Name": "movie_id_movie_info",
                              "Relation Name": "movie_info",
                              "Alias": "mi",
                              "Startup Cost": 0.43,
                              "Total Cost": 2.9,
                              "Plan Rows": 1,
                              "Plan Width": 51,
                              "Actual Startup Time": 0.021,
                              "Actual Total Time": 0.021,
                              "Actual Rows": 0,
                              "Actual Loops": 25381,
                              "Index Cond": "(movie_id = mi_idx.movie_id)",
                              "Rows Removed by Index Recheck": 0,
                              "Filter": "((note IS NULL) AND (info = ANY ('{Sci-Fi,Family}'::text[])))",
                              "Rows Removed by Filter": 16
                            }
                          ]
                        },
                        {
                          "Node Type": "Index Scan",
                          "Parent Relationship": "Inner",
                          "Parallel Aware": false,
                          "Scan Direction": "Forward",
                          "Index Name": "info_type_pkey",
                          "Relation Name": "info_type",
                          "Alias": "it1",
                          "Startup Cost": 0.14,
                          "Total Cost": 0.16,
                          "Plan Rows": 1,
                          "Plan Width": 4,
                          "Actual Startup Time": 0.001,
                          "Actual Total Time": 0.001,
                          "Actual Rows": 1,
                          "Actual Loops": 1582,
                          "Index Cond": "(id = mi.info_type_id)",
                          "Rows Removed by Index Recheck": 0,
                          "Filter": "((info)::text = 'genres'::text)",
                          "Rows Removed by Filter": 0
                        }
                      ]
                    }
                  ]
                },
                {
                  "Node Type": "Index Scan",
                  "Parent Relationship": "Inner",
                  "Parallel Aware": false,
                  "Scan Direction": "Forward",
                  "Index Name": "movie_id_cast_info",
                  "Relation Name": "cast_info",
                  "Alias": "ci",
                  "Startup Cost": 0.56,
                  "Total Cost": 4.31,
                  "Plan Rows": 4,
                  "Plan Width": 8,
                  "Actual Startup Time": 0.05,
                  "Actual Total Time": 0.125,
                  "Actual Rows": 5,
                  "Actual Loops": 1524,
                  "Index Cond": "(movie_id = mi_idx.movie_id)",
                  "Rows Removed by Index Recheck": 0,
                  "Filter": "(note = ANY ('{(voice),(uncredited),(writer),(producer),\"(executive producer)\"}'::text[]))",
                  "Rows Removed by Filter": 29
                }
              ]
            },
            {
              "Node Type": "Index Scan",
              "Parent Relationship": "Inner",
              "Parallel Aware": false,
              "Scan Direction": "Forward",
              "Index Name": "name_pkey",
              "Relation Name": "name",
              "Alias": "n",
              "Startup Cost": 0.43,
              "Total Cost": 0.51,
              "Plan Rows": 1,
              "Plan Width": 4,
              "Actual Startup Time": 0.008,
              "Actual Total Time": 0.008,
              "Actual Rows": 1,
              "Actual Loops": 7838,
              "Index Cond": "(id = ci.person_id)",
              "Rows Removed by Index Recheck": 0,
              "Filter": "((gender IS NOT NULL) AND ((gender)::text = 'm'::text))",
              "Rows Removed by Filter": 0
            }
          ]
        }
      ]
    },
    "Planning Time": 13.685,
    "Triggers": [],
    "Execution Time": 710.723
  }
]