[
    {
        "Bao": {
            "Bao prediction": "NaN",
            "Bao recommended hint": "(no hint)"
        }
    },
    {
        "Plan": {
            "Node Type": "Aggregate",
            "Strategy": "Plain",
            "Partial Mode": "Finalize",
            "Parallel Aware": false,
            "Startup Cost": 77736.31,
            "Total Cost": 77736.32,
            "Plan Rows": 1,
            "Plan Width": 8,
            "Actual Startup Time": 227.516,
            "Actual Total Time": 236.475,
            "Actual Rows": 1,
            "Actual Loops": 1,
            "Output": [
                "count(*)"
            ],
            "Plans": [
                {
                    "Node Type": "Gather",
                    "Parent Relationship": "Outer",
                    "Parallel Aware": false,
                    "Startup Cost": 77736.0,
                    "Total Cost": 77736.31,
                    "Plan Rows": 3,
                    "Plan Width": 8,
                    "Actual Startup Time": 226.656,
                    "Actual Total Time": 236.464,
                    "Actual Rows": 4,
                    "Actual Loops": 1,
                    "Output": [
                        "(PARTIAL count(*))"
                    ],
                    "Workers Planned": 3,
                    "Workers Launched": 3,
                    "Single Copy": false,
                    "Plans": [
                        {
                            "Node Type": "Aggregate",
                            "Strategy": "Plain",
                            "Partial Mode": "Partial",
                            "Parent Relationship": "Outer",
                            "Parallel Aware": false,
                            "Startup Cost": 76736.0,
                            "Total Cost": 76736.01,
                            "Plan Rows": 1,
                            "Plan Width": 8,
                            "Actual Startup Time": 218.597,
                            "Actual Total Time": 218.6,
                            "Actual Rows": 1,
                            "Actual Loops": 4,
                            "Output": [
                                "PARTIAL count(*)"
                            ],
                            "Workers": [
                                {
                                    "Worker Number": 0,
                                    "Actual Startup Time": 215.767,
                                    "Actual Total Time": 215.77,
                                    "Actual Rows": 1,
                                    "Actual Loops": 1
                                },
                                {
                                    "Worker Number": 1,
                                    "Actual Startup Time": 215.843,
                                    "Actual Total Time": 215.847,
                                    "Actual Rows": 1,
                                    "Actual Loops": 1
                                },
                                {
                                    "Worker Number": 2,
                                    "Actual Startup Time": 216.458,
                                    "Actual Total Time": 216.461,
                                    "Actual Rows": 1,
                                    "Actual Loops": 1
                                }
                            ],
                            "Plans": [
                                {
                                    "Node Type": "Hash Join",
                                    "Parent Relationship": "Outer",
                                    "Parallel Aware": true,
                                    "Join Type": "Inner",
                                    "Startup Cost": 46219.76,
                                    "Total Cost": 76637.2,
                                    "Plan Rows": 39518,
                                    "Plan Width": 0,
                                    "Actual Startup Time": 108.26,
                                    "Actual Total Time": 217.765,
                                    "Actual Rows": 18282,
                                    "Actual Loops": 4,
                                    "Inner Unique": true,
                                    "Hash Cond": "(mc.movie_id = t.id)",
                                    "Workers": [
                                        {
                                            "Worker Number": 0,
                                            "Actual Startup Time": 105.599,
                                            "Actual Total Time": 214.933,
                                            "Actual Rows": 17861,
                                            "Actual Loops": 1
                                        },
                                        {
                                            "Worker Number": 1,
                                            "Actual Startup Time": 105.73,
                                            "Actual Total Time": 214.969,
                                            "Actual Rows": 18420,
                                            "Actual Loops": 1
                                        },
                                        {
                                            "Worker Number": 2,
                                            "Actual Startup Time": 105.918,
                                            "Actual Total Time": 215.644,
                                            "Actual Rows": 16938,
                                            "Actual Loops": 1
                                        }
                                    ],
                                    "Plans": [
                                        {
                                            "Node Type": "Seq Scan",
                                            "Parent Relationship": "Outer",
                                            "Parallel Aware": true,
                                            "Relation Name": "movie_companies",
                                            "Schema": "public",
                                            "Alias": "mc",
                                            "Startup Cost": 0.0,
                                            "Total Cost": 29310.68,
                                            "Plan Rows": 421624,
                                            "Plan Width": 4,
                                            "Actual Startup Time": 0.02,
                                            "Actual Total Time": 61.377,
                                            "Actual Rows": 324987,
                                            "Actual Loops": 4,
                                            "Output": [
                                                "mc.id",
                                                "mc.movie_id",
                                                "mc.company_id",
                                                "mc.company_type_id",
                                                "mc.note"
                                            ],
                                            "Filter": "(mc.company_id < 11299)",
                                            "Rows Removed by Filter": 327295,
                                            "Workers": [
                                                {
                                                    "Worker Number": 0,
                                                    "Actual Startup Time": 0.024,
                                                    "Actual Total Time": 62.178,
                                                    "Actual Rows": 311901,
                                                    "Actual Loops": 1
                                                },
                                                {
                                                    "Worker Number": 1,
                                                    "Actual Startup Time": 0.024,
                                                    "Actual Total Time": 62.52,
                                                    "Actual Rows": 312861,
                                                    "Actual Loops": 1
                                                },
                                                {
                                                    "Worker Number": 2,
                                                    "Actual Startup Time": 0.024,
                                                    "Actual Total Time": 61.668,
                                                    "Actual Rows": 314401,
                                                    "Actual Loops": 1
                                                }
                                            ]
                                        },
                                        {
                                            "Node Type": "Hash",
                                            "Parent Relationship": "Inner",
                                            "Parallel Aware": true,
                                            "Startup Cost": 45479.21,
                                            "Total Cost": 45479.21,
                                            "Plan Rows": 59244,
                                            "Plan Width": 4,
                                            "Actual Startup Time": 106.373,
                                            "Actual Total Time": 106.374,
                                            "Actual Rows": 64226,
                                            "Actual Loops": 4,
                                            "Output": [
                                                "t.id"
                                            ],
                                            "Hash Buckets": 262144,
                                            "Original Hash Buckets": 262144,
                                            "Hash Batches": 1,
                                            "Original Hash Batches": 1,
                                            "Peak Memory Usage": 12160,
                                            "Workers": [
                                                {
                                                    "Worker Number": 0,
                                                    "Actual Startup Time": 104.454,
                                                    "Actual Total Time": 104.455,
                                                    "Actual Rows": 53565,
                                                    "Actual Loops": 1
                                                },
                                                {
                                                    "Worker Number": 1,
                                                    "Actual Startup Time": 104.535,
                                                    "Actual Total Time": 104.536,
                                                    "Actual Rows": 54314,
                                                    "Actual Loops": 1
                                                },
                                                {
                                                    "Worker Number": 2,
                                                    "Actual Startup Time": 105.025,
                                                    "Actual Total Time": 105.026,
                                                    "Actual Rows": 55231,
                                                    "Actual Loops": 1
                                                }
                                            ],
                                            "Plans": [
                                                {
                                                    "Node Type": "Seq Scan",
                                                    "Parent Relationship": "Outer",
                                                    "Parallel Aware": true,
                                                    "Relation Name": "title",
                                                    "Schema": "public",
                                                    "Alias": "t",
                                                    "Startup Cost": 0.0,
                                                    "Total Cost": 45479.21,
                                                    "Plan Rows": 59244,
                                                    "Plan Width": 4,
                                                    "Actual Startup Time": 0.043,
                                                    "Actual Total Time": 85.536,
                                                    "Actual Rows": 64226,
                                                    "Actual Loops": 4,
                                                    "Output": [
                                                        "t.id"
                                                    ],
                                                    "Filter": "((t.production_year > 2010) AND (t.kind_id = 7))",
                                                    "Rows Removed by Filter": 567852,
                                                    "Workers": [
                                                        {
                                                            "Worker Number": 0,
                                                            "Actual Startup Time": 0.049,
                                                            "Actual Total Time": 85.204,
                                                            "Actual Rows": 53565,
                                                            "Actual Loops": 1
                                                        },
                                                        {
                                                            "Worker Number": 1,
                                                            "Actual Startup Time": 0.047,
                                                            "Actual Total Time": 85.544,
                                                            "Actual Rows": 54314,
                                                            "Actual Loops": 1
                                                        },
                                                        {
                                                            "Worker Number": 2,
                                                            "Actual Startup Time": 0.059,
                                                            "Actual Total Time": 85.104,
                                                            "Actual Rows": 55231,
                                                            "Actual Loops": 1
                                                        }
                                                    ]
                                                }
                                            ]
                                        }
                                    ]
                                }
                            ]
                        }
                    ]
                }
            ]
        },
        "Planning Time": 207.485,
        "Triggers": [],
        "Execution Time": 236.531
    }
]