{
  "Plan": {
    "Node Type": "Aggregate",
    "Strategy": "Plain",
    "Partial Mode": "Finalize",
    "Parallel Aware": false,
    "Startup Cost": 398106.9,
    "Total Cost": 398106.91,
    "Plan Rows": 1,
    "Plan Width": 32,
    "Actual Startup Time": 1712.148,
    "Actual Total Time": 1772.047,
    "Actual Rows": 1,
    "Actual Loops": 1,
    "Plans": [
      {
        "Node Type": "Gather",
        "Parent Relationship": "Outer",
        "Parallel Aware": false,
        "Startup Cost": 398106.79,
        "Total Cost": 398106.9,
        "Plan Rows": 1,
        "Plan Width": 32,
        "Actual Startup Time": 1706.37,
        "Actual Total Time": 1772.038,
        "Actual Rows": 2,
        "Actual Loops": 1,
        "Workers Planned": 1,
        "Workers Launched": 1,
        "Single Copy": false,
        "Plans": [
          {
            "Node Type": "Aggregate",
            "Strategy": "Plain",
            "Partial Mode": "Partial",
            "Parent Relationship": "Outer",
            "Parallel Aware": false,
            "Startup Cost": 397106.79,
            "Total Cost": 397106.8,
            "Plan Rows": 1,
            "Plan Width": 32,
            "Actual Startup Time": 1700.925,
            "Actual Total Time": 1700.934,
            "Actual Rows": 1,
            "Actual Loops": 2,
            "Plans": [
              {
                "Node Type": "Hash Join",
                "Parent Relationship": "Outer",
                "Parallel Aware": false,
                "Join Type": "Inner",
                "Startup Cost": 393584.45,
                "Total Cost": 397106.79,
                "Plan Rows": 1,
                "Plan Width": 17,
                "Actual Startup Time": 1700.92,
                "Actual Total Time": 1700.929,
                "Actual Rows": 0,
                "Actual Loops": 2,
                "Inner Unique": true,
                "Hash Cond": "(mc.company_type_id = ct.id)",
                "Plans": [
                  {
                    "Node Type": "Hash Join",
                    "Parent Relationship": "Outer",
                    "Parallel Aware": true,
                    "Join Type": "Inner",
                    "Startup Cost": 393583.39,
                    "Total Cost": 397105.7,
                    "Plan Rows": 4,
                    "Plan Width": 21,
                    "Actual Startup Time": 1700.699,
                    "Actual Total Time": 1700.706,
                    "Actual Rows": 0,
                    "Actual Loops": 2,
                    "Inner Unique": false,
                    "Hash Cond": "(t.id = mc.movie_id)",
                    "Plans": [
                      {
                        "Node Type": "Merge Join",
                        "Parent Relationship": "Outer",
                        "Parallel Aware": false,
                        "Join Type": "Inner",
                        "Startup Cost": 347934.28,
                        "Total Cost": 350420.77,
                        "Plan Rows": 165729,
                        "Plan Width": 25,
                        "Actual Startup Time": 1479.386,
                        "Actual Total Time": 1502.678,
                        "Actual Rows": 131136,
                        "Actual Loops": 2,
                        "Inner Unique": true,
                        "Merge Cond": "(mi.info_type_id = it.id)",
                        "Plans": [
                          {
                            "Node Type": "Sort",
                            "Parent Relationship": "Outer",
                            "Parallel Aware": false,
                            "Startup Cost": 347928.3,
                            "Total Cost": 348342.62,
                            "Plan Rows": 165729,
                            "Plan Width": 29,
                            "Actual Startup Time": 1479.316,
                            "Actual Total Time": 1484.905,
                            "Actual Rows": 131136,
                            "Actual Loops": 2,
                            "Sort Key": [
                              "mi.info_type_id"
                            ],
                            "Sort Method": "quicksort",
                            "Sort Space Used": 19222,
                            "Sort Space Type": "Memory",
                            "Workers": [
                              {
                                "Worker Number": 0,
                                "Sort Method": "quicksort",
                                "Sort Space Used": 11579,
                                "Sort Space Type": "Memory"
                              }
                            ],
                            "Plans": [
                              {
                                "Node Type": "Hash Join",
                                "Parent Relationship": "Outer",
                                "Parallel Aware": true,
                                "Join Type": "Inner",
                                "Startup Cost": 61243.0,
                                "Total Cost": 333560.86,
                                "Plan Rows": 165729,
                                "Plan Width": 29,
                                "Actual Startup Time": 365.117,
                                "Actual Total Time": 1441.773,
                                "Actual Rows": 131136,
                                "Actual Loops": 2,
                                "Inner Unique": true,
                                "Hash Cond": "(mi.movie_id = t.id)",
                                "Plans": [
                                  {
                                    "Node Type": "Seq Scan",
                                    "Parent Relationship": "Outer",
                                    "Parallel Aware": true,
                                    "Relation Name": "movie_info",
                                    "Alias": "mi",
                                    "Startup Cost": 0.0,
                                    "Total Cost": 271102.71,
                                    "Plan Rows": 462916,
                                    "Plan Width": 8,
                                    "Actual Startup Time": 0.017,
                                    "Actual Total Time": 934.296,
                                    "Actual Rows": 395931,
                                    "Actual Loops": 2,
                                    "Filter": "(info = ANY ('{English,Danish}'::text[]))",
                                    "Rows Removed by Filter": 7021929
                                  },
                                  {
                                    "Node Type": "Hash",
                                    "Parent Relationship": "Inner",
                                    "Parallel Aware": true,
                                    "Startup Cost": 54587.68,
                                    "Total Cost": 54587.68,
                                    "Plan Rows": 532425,
                                    "Plan Width": 21,
                                    "Actual Startup Time": 359.417,
                                    "Actual Total Time": 359.418,
                                    "Actual Rows": 452246,
                                    "Actual Loops": 2,
                                    "Hash Buckets": 1048576,
                                    "Original Hash Buckets": 1048576,
                                    "Hash Batches": 1,
                                    "Original Hash Batches": 1,
                                    "Peak Memory Usage": 58976,
                                    "Plans": [
                                      {
                                        "Node Type": "Seq Scan",
                                        "Parent Relationship": "Outer",
                                        "Parallel Aware": true,
                                        "Relation Name": "title",
                                        "Alias": "t",
                                        "Startup Cost": 0.0,
                                        "Total Cost": 54587.68,
                                        "Plan Rows": 532425,
                                        "Plan Width": 21,
                                        "Actual Startup Time": 0.019,
                                        "Actual Total Time": 184.082,
                                        "Actual Rows": 452246,
                                        "Actual Loops": 2,
                                        "Filter": "(production_year > 2006)",
                                        "Rows Removed by Filter": 811910
                                      }
                                    ]
                                  }
                                ]
                              }
                            ]
                          },
                          {
                            "Node Type": "Sort",
                            "Parent Relationship": "Inner",
                            "Parallel Aware": false,
                            "Startup Cost": 5.98,
                            "Total Cost": 6.27,
                            "Plan Rows": 113,
                            "Plan Width": 4,
                            "Actual Startup Time": 0.062,
                            "Actual Total Time": 0.062,
                            "Actual Rows": 4,
                            "Actual Loops": 2,
                            "Sort Key": [
                              "it.id"
                            ],
                            "Sort Method": "quicksort",
                            "Sort Space Used": 30,
                            "Sort Space Type": "Memory",
                            "Workers": [
                              {
                                "Worker Number": 0,
                                "Sort Method": "quicksort",
                                "Sort Space Used": 30,
                                "Sort Space Type": "Memory"
                              }
                            ],
                            "Plans": [
                              {
                                "Node Type": "Seq Scan",
                                "Parent Relationship": "Outer",
                                "Parallel Aware": false,
                                "Relation Name": "info_type",
                                "Alias": "it",
                                "Startup Cost": 0.0,
                                "Total Cost": 2.13,
                                "Plan Rows": 113,
                                "Plan Width": 4,
                                "Actual Startup Time": 0.03,
                                "Actual Total Time": 0.04,
                                "Actual Rows": 113,
                                "Actual Loops": 2
                              }
                            ]
                          }
                        ]
                      },
                      {
                        "Node Type": "Hash",
                        "Parent Relationship": "Inner",
                        "Parallel Aware": true,
                        "Startup Cost": 45648.68,
                        "Total Cost": 45648.68,
                        "Plan Rows": 34,
                        "Plan Width": 8,
                        "Actual Startup Time": 185.615,
                        "Actual Total Time": 185.616,
                        "Actual Rows": 709,
                        "Actual Loops": 2,
                        "Hash Buckets": 1024,
                        "Original Hash Buckets": 1024,
                        "Hash Batches": 1,
                        "Original Hash Batches": 1,
                        "Peak Memory Usage": 104,
                        "Plans": [
                          {
                            "Node Type": "Seq Scan",
                            "Parent Relationship": "Outer",
                            "Parallel Aware": true,
                            "Relation Name": "movie_companies",
                            "Alias": "mc",
                            "Startup Cost": 0.0,
                            "Total Cost": 45648.68,
                            "Plan Rows": 34,
                            "Plan Width": 8,
                            "Actual Startup Time": 5.971,
                            "Actual Total Time": 185.206,
                            "Actual Rows": 709,
                            "Actual Loops": 2,
                            "Filter": "((note ~~ '%(VHS)%'::text) AND (note ~~ '%(USA)%'::text) AND (note ~~ '%(1994)%'::text))",
                            "Rows Removed by Filter": 1303856
                          }
                        ]
                      }
                    ]
                  },
                  {
                    "Node Type": "Hash",
                    "Parent Relationship": "Inner",
                    "Parallel Aware": false,
                    "Startup Cost": 1.05,
                    "Total Cost": 1.05,
                    "Plan Rows": 1,
                    "Plan Width": 4,
                    "Actual Startup Time": 0.056,
                    "Actual Total Time": 0.057,
                    "Actual Rows": 1,
                    "Actual Loops": 2,
                    "Hash Buckets": 1024,
                    "Original Hash Buckets": 1024,
                    "Hash Batches": 1,
                    "Original Hash Batches": 1,
                    "Peak Memory Usage": 9,
                    "Plans": [
                      {
                        "Node Type": "Seq Scan",
                        "Parent Relationship": "Outer",
                        "Parallel Aware": false,
                        "Relation Name": "company_type",
                        "Alias": "ct",
                        "Startup Cost": 0.0,
                        "Total Cost": 1.05,
                        "Plan Rows": 1,
                        "Plan Width": 4,
                        "Actual Startup Time": 0.043,
                        "Actual Total Time": 0.045,
                        "Actual Rows": 1,
                        "Actual Loops": 2,
                        "Filter": "((kind)::text = 'production companies'::text)",
                        "Rows Removed by Filter": 3
                      }
                    ]
                  }
                ]
              }
            ]
          }
        ]
      }
    ]
  },
  "Planning Time": 1.123,
  "Triggers": [],
  "Execution Time": 1772.159
}