[
  {
    "Plan": {
      "Node Type": "Aggregate",
      "Strategy": "Plain",
      "Partial Mode": "Finalize",
      "Parallel Aware": false,
      "Startup Cost": 108968.91,
      "Total Cost": 108968.92,
      "Plan Rows": 1,
      "Plan Width": 8,
      "Actual Startup Time": 416.43,
      "Actual Total Time": 440.626,
      "Actual Rows": 1,
      "Actual Loops": 1,
      "Plans": [
        {
          "Node Type": "Gather",
          "Parent Relationship": "Outer",
          "Parallel Aware": false,
          "Startup Cost": 108968.59,
          "Total Cost": 108968.9,
          "Plan Rows": 3,
          "Plan Width": 8,
          "Actual Startup Time": 413.418,
          "Actual Total Time": 440.609,
          "Actual Rows": 4,
          "Actual Loops": 1,
          "Workers Planned": 3,
          "Workers Launched": 3,
          "Single Copy": false,
          "Plans": [
            {
              "Node Type": "Aggregate",
              "Strategy": "Plain",
              "Partial Mode": "Partial",
              "Parent Relationship": "Outer",
              "Parallel Aware": false,
              "Startup Cost": 107968.59,
              "Total Cost": 107968.6,
              "Plan Rows": 1,
              "Plan Width": 8,
              "Actual Startup Time": 400.317,
              "Actual Total Time": 400.325,
              "Actual Rows": 1,
              "Actual Loops": 4,
              "Plans": [
                {
                  "Node Type": "Hash Join",
                  "Parent Relationship": "Outer",
                  "Parallel Aware": true,
                  "Join Type": "Inner",
                  "Startup Cost": 62718.27,
                  "Total Cost": 107880.87,
                  "Plan Rows": 35089,
                  "Plan Width": 0,
                  "Actual Startup Time": 262.456,
                  "Actual Total Time": 397.481,
                  "Actual Rows": 66615,
                  "Actual Loops": 4,
                  "Inner Unique": false,
                  "Hash Cond": "(mk.movie_id = t.id)",
                  "Plans": [
                    {
                      "Node Type": "Seq Scan",
                      "Parent Relationship": "Outer",
                      "Parallel Aware": true,
                      "Relation Name": "movie_keyword",
                      "Alias": "mk",
                      "Startup Cost": 0.0,
                      "Total Cost": 42695.65,
                      "Plan Rows": 618866,
                      "Plan Width": 4,
                      "Actual Startup Time": 0.407,
                      "Actual Total Time": 94.485,
                      "Actual Rows": 476334,
                      "Actual Loops": 4,
                      "Filter": "(keyword_id > 7088)",
                      "Rows Removed by Filter": 654649
                    },
                    {
                      "Node Type": "Hash",
                      "Parent Relationship": "Inner",
                      "Parallel Aware": true,
                      "Startup Cost": 61971.62,
                      "Total Cost": 61971.62,
                      "Plan Rows": 59732,
                      "Plan Width": 8,
                      "Actual Startup Time": 259.32,
                      "Actual Total Time": 259.326,
                      "Actual Rows": 25926,
                      "Actual Loops": 4,
                      "Hash Buckets": 262144,
                      "Original Hash Buckets": 262144,
                      "Hash Batches": 1,
                      "Original Hash Batches": 1,
                      "Peak Memory Usage": 6144,
                      "Plans": [
                        {
                          "Node Type": "Hash Join",
                          "Parent Relationship": "Outer",
                          "Parallel Aware": true,
                          "Join Type": "Inner",
                          "Startup Cost": 46341.67,
                          "Total Cost": 61971.62,
                          "Plan Rows": 59732,
                          "Plan Width": 8,
                          "Actual Startup Time": 180.293,
                          "Actual Total Time": 249.443,
                          "Actual Rows": 25926,
                          "Actual Loops": 4,
                          "Inner Unique": true,
                          "Hash Cond": "(mi_idx.movie_id = t.id)",
                          "Plans": [
                            {
                              "Node Type": "Seq Scan",
                              "Parent Relationship": "Outer",
                              "Parallel Aware": true,
                              "Relation Name": "movie_info_idx",
                              "Alias": "mi_idx",
                              "Startup Cost": 0.0,
                              "Total Cost": 15122.68,
                              "Plan Rows": 193243,
                              "Plan Width": 4,
                              "Actual Startup Time": 0.014,
                              "Actual Total Time": 31.888,
                              "Actual Rows": 114981,
                              "Actual Loops": 4,
                              "Filter": "(info_type_id = 101)",
                              "Rows Removed by Filter": 230028
                            },
                            {
                              "Node Type": "Hash",
                              "Parent Relationship": "Inner",
                              "Parallel Aware": true,
                              "Startup Cost": 43899.32,
                              "Total Cost": 43899.32,
                              "Plan Rows": 195388,
                              "Plan Width": 4,
                              "Actual Startup Time": 176.339,
                              "Actual Total Time": 176.341,
                              "Actual Rows": 196232,
                              "Actual Loops": 4,
                              "Hash Buckets": 1048576,
                              "Original Hash Buckets": 1048576,
                              "Hash Batches": 1,
                              "Original Hash Batches": 1,
                              "Peak Memory Usage": 38944,
                              "Plans": [
                                {
                                  "Node Type": "Seq Scan",
                                  "Parent Relationship": "Outer",
                                  "Parallel Aware": true,
                                  "Relation Name": "title",
                                  "Alias": "t",
                                  "Startup Cost": 0.0,
                                  "Total Cost": 43899.32,
                                  "Plan Rows": 195388,
                                  "Plan Width": 4,
                                  "Actual Startup Time": 0.05,
                                  "Actual Total Time": 102.037,
                                  "Actual Rows": 196232,
                                  "Actual Loops": 4,
                                  "Filter": "(production_year > 2007)",
                                  "Rows Removed by Filter": 435846
                                }
                              ]
                            }
                          ]
                        }
                      ]
                    }
                  ]
                }
              ]
            }
          ]
        }
      ]
    },
    "Planning Time": 1.298,
    "Triggers": [],
    "Execution Time": 440.706
  }
]