[
  {
    "Plan": {
      "Node Type": "Aggregate",
      "Strategy": "Plain",
      "Partial Mode": "Finalize",
      "Parallel Aware": false,
      "Startup Cost": 254661.65,
      "Total Cost": 254661.66,
      "Plan Rows": 1,
      "Plan Width": 8,
      "Actual Startup Time": 1031.484,
      "Actual Total Time": 1059.444,
      "Actual Rows": 1,
      "Actual Loops": 1,
      "Plans": [
        {
          "Node Type": "Gather",
          "Parent Relationship": "Outer",
          "Parallel Aware": false,
          "Startup Cost": 254661.43,
          "Total Cost": 254661.64,
          "Plan Rows": 2,
          "Plan Width": 8,
          "Actual Startup Time": 1018.479,
          "Actual Total Time": 1059.436,
          "Actual Rows": 3,
          "Actual Loops": 1,
          "Workers Planned": 2,
          "Workers Launched": 2,
          "Single Copy": false,
          "Plans": [
            {
              "Node Type": "Aggregate",
              "Strategy": "Plain",
              "Partial Mode": "Partial",
              "Parent Relationship": "Outer",
              "Parallel Aware": false,
              "Startup Cost": 253661.43,
              "Total Cost": 253661.44,
              "Plan Rows": 1,
              "Plan Width": 8,
              "Actual Startup Time": 1009.362,
              "Actual Total Time": 1009.369,
              "Actual Rows": 1,
              "Actual Loops": 3,
              "Plans": [
                {
                  "Node Type": "Hash Join",
                  "Parent Relationship": "Outer",
                  "Parallel Aware": true,
                  "Join Type": "Inner",
                  "Startup Cost": 236755.66,
                  "Total Cost": 253070.15,
                  "Plan Rows": 236514,
                  "Plan Width": 0,
                  "Actual Startup Time": 812.522,
                  "Actual Total Time": 978.352,
                  "Actual Rows": 771996,
                  "Actual Loops": 3,
                  "Inner Unique": false,
                  "Hash Cond": "(mi_idx.movie_id = t.id)",
                  "Plans": [
                    {
                      "Node Type": "Seq Scan",
                      "Parent Relationship": "Outer",
                      "Parallel Aware": true,
                      "Relation Name": "movie_info_idx",
                      "Alias": "mi_idx",
                      "Startup Cost": 0.0,
                      "Total Cost": 13685.15,
                      "Plan Rows": 575015,
                      "Plan Width": 4,
                      "Actual Startup Time": 0.016,
                      "Actual Total Time": 37.792,
                      "Actual Rows": 460012,
                      "Actual Loops": 3
                    },
                    {
                      "Node Type": "Hash",
                      "Parent Relationship": "Inner",
                      "Parallel Aware": true,
                      "Startup Cost": 234155.69,
                      "Total Cost": 234155.69,
                      "Plan Rows": 207998,
                      "Plan Width": 8,
                      "Actual Startup Time": 805.73,
                      "Actual Total Time": 805.735,
                      "Actual Rows": 346627,
                      "Actual Loops": 3,
                      "Hash Buckets": 1048576,
                      "Original Hash Buckets": 1048576,
                      "Hash Batches": 1,
                      "Original Hash Batches": 1,
                      "Peak Memory Usage": 48928,
                      "Plans": [
                        {
                          "Node Type": "Hash Join",
                          "Parent Relationship": "Outer",
                          "Parallel Aware": true,
                          "Join Type": "Inner",
                          "Startup Cost": 69016.72,
                          "Total Cost": 234155.69,
                          "Plan Rows": 207998,
                          "Plan Width": 8,
                          "Actual Startup Time": 483.332,
                          "Actual Total Time": 701.394,
                          "Actual Rows": 346627,
                          "Actual Loops": 3,
                          "Inner Unique": true,
                          "Hash Cond": "(mi.movie_id = t.id)",
                          "Plans": [
                            {
                              "Node Type": "Bitmap Heap Scan",
                              "Parent Relationship": "Outer",
                              "Parallel Aware": true,
                              "Relation Name": "movie_info",
                              "Alias": "mi",
                              "Startup Cost": 18796.34,
                              "Total Cost": 183389.31,
                              "Plan Rows": 207998,
                              "Plan Width": 4,
                              "Actual Startup Time": 47.877,
                              "Actual Total Time": 131.056,
                              "Actual Rows": 346627,
                              "Actual Loops": 3,
                              "Recheck Cond": "(info_type_id > 80)",
                              "Rows Removed by Index Recheck": 0,
                              "Exact Heap Blocks": 12952,
                              "Lossy Heap Blocks": 0,
                              "Plans": [
                                {
                                  "Node Type": "Bitmap Index Scan",
                                  "Parent Relationship": "Outer",
                                  "Parallel Aware": false,
                                  "Index Name": "info_type_id_movie_info",
                                  "Startup Cost": 0.0,
                                  "Total Cost": 18536.35,
                                  "Plan Rows": 1039988,
                                  "Plan Width": 0,
                                  "Actual Startup Time": 42.252,
                                  "Actual Total Time": 42.252,
                                  "Actual Rows": 1039881,
                                  "Actual Loops": 1,
                                  "Index Cond": "(info_type_id > 80)"
                                }
                              ]
                            },
                            {
                              "Node Type": "Hash",
                              "Parent Relationship": "Inner",
                              "Parallel Aware": true,
                              "Startup Cost": 42319.06,
                              "Total Cost": 42319.06,
                              "Plan Rows": 632106,
                              "Plan Width": 4,
                              "Actual Startup Time": 424.364,
                              "Actual Total Time": 424.365,
                              "Actual Rows": 842771,
                              "Actual Loops": 3,
                              "Hash Buckets": 4194304,
                              "Original Hash Buckets": 4194304,
                              "Hash Batches": 1,
                              "Original Hash Batches": 1,
                              "Peak Memory Usage": 131712,
                              "Plans": [
                                {
                                  "Node Type": "Seq Scan",
                                  "Parent Relationship": "Outer",
                                  "Parallel Aware": true,
                                  "Relation Name": "title",
                                  "Alias": "t",
                                  "Startup Cost": 0.0,
                                  "Total Cost": 42319.06,
                                  "Plan Rows": 632106,
                                  "Plan Width": 4,
                                  "Actual Startup Time": 0.054,
                                  "Actual Total Time": 118.669,
                                  "Actual Rows": 842771,
                                  "Actual Loops": 3
                                }
                              ]
                            }
                          ]
                        }
                      ]
                    }
                  ]
                }
              ]
            }
          ]
        }
      ]
    },
    "Planning Time": 1.33,
    "Triggers": [],
    "Execution Time": 1059.547
  }
]