[
  {
    "Plan": {
      "Node Type": "Aggregate",
      "Strategy": "Plain",
      "Partial Mode": "Finalize",
      "Parallel Aware": false,
      "Startup Cost": 256074.26,
      "Total Cost": 256074.27,
      "Plan Rows": 1,
      "Plan Width": 8,
      "Actual Startup Time": 1002.55,
      "Actual Total Time": 1029.891,
      "Actual Rows": 1,
      "Actual Loops": 1,
      "Plans": [
        {
          "Node Type": "Gather",
          "Parent Relationship": "Outer",
          "Parallel Aware": false,
          "Startup Cost": 256074.05,
          "Total Cost": 256074.26,
          "Plan Rows": 2,
          "Plan Width": 8,
          "Actual Startup Time": 987.543,
          "Actual Total Time": 1029.879,
          "Actual Rows": 3,
          "Actual Loops": 1,
          "Workers Planned": 2,
          "Workers Launched": 2,
          "Single Copy": false,
          "Plans": [
            {
              "Node Type": "Aggregate",
              "Strategy": "Plain",
              "Partial Mode": "Partial",
              "Parent Relationship": "Outer",
              "Parallel Aware": false,
              "Startup Cost": 255074.05,
              "Total Cost": 255074.06,
              "Plan Rows": 1,
              "Plan Width": 8,
              "Actual Startup Time": 978.09,
              "Actual Total Time": 978.276,
              "Actual Rows": 1,
              "Actual Loops": 3,
              "Plans": [
                {
                  "Node Type": "Hash Join",
                  "Parent Relationship": "Outer",
                  "Parallel Aware": true,
                  "Join Type": "Inner",
                  "Startup Cost": 238111.44,
                  "Total Cost": 254451.19,
                  "Plan Rows": 249145,
                  "Plan Width": 0,
                  "Actual Startup Time": 788.793,
                  "Actual Total Time": 948.373,
                  "Actual Rows": 771996,
                  "Actual Loops": 3,
                  "Inner Unique": false,
                  "Hash Cond": "(mi_idx.movie_id = t.id)",
                  "Plans": [
                    {
                      "Node Type": "Seq Scan",
                      "Parent Relationship": "Outer",
                      "Parallel Aware": true,
                      "Relation Name": "movie_info_idx",
                      "Alias": "mi_idx",
                      "Startup Cost": 0.0,
                      "Total Cost": 13685.15,
                      "Plan Rows": 575015,
                      "Plan Width": 4,
                      "Actual Startup Time": 0.03,
                      "Actual Total Time": 34.468,
                      "Actual Rows": 460012,
                      "Actual Loops": 3
                    },
                    {
                      "Node Type": "Hash",
                      "Parent Relationship": "Inner",
                      "Parallel Aware": true,
                      "Startup Cost": 235372.77,
                      "Total Cost": 235372.77,
                      "Plan Rows": 219094,
                      "Plan Width": 8,
                      "Actual Startup Time": 779.201,
                      "Actual Total Time": 779.384,
                      "Actual Rows": 346627,
                      "Actual Loops": 3,
                      "Hash Buckets": 2097152,
                      "Original Hash Buckets": 2097152,
                      "Hash Batches": 1,
                      "Original Hash Batches": 1,
                      "Peak Memory Usage": 57088,
                      "Plans": [
                        {
                          "Node Type": "Hash Join",
                          "Parent Relationship": "Outer",
                          "Parallel Aware": true,
                          "Join Type": "Inner",
                          "Startup Cost": 70065.97,
                          "Total Cost": 235372.77,
                          "Plan Rows": 219094,
                          "Plan Width": 8,
                          "Actual Startup Time": 454.702,
                          "Actual Total Time": 672.663,
                          "Actual Rows": 346627,
                          "Actual Loops": 3,
                          "Inner Unique": true,
                          "Hash Cond": "(mi.movie_id = t.id)",
                          "Plans": [
                            {
                              "Node Type": "Bitmap Heap Scan",
                              "Parent Relationship": "Outer",
                              "Parallel Aware": true,
                              "Relation Name": "movie_info",
                              "Alias": "mi",
                              "Startup Cost": 19846.33,
                              "Total Cost": 184578.0,
                              "Plan Rows": 219094,
                              "Plan Width": 4,
                              "Actual Startup Time": 41.519,
                              "Actual Total Time": 127.325,
                              "Actual Rows": 346627,
                              "Actual Loops": 3,
                              "Recheck Cond": "(info_type_id > 80)",
                              "Rows Removed by Index Recheck": 0,
                              "Exact Heap Blocks": 13308,
                              "Lossy Heap Blocks": 0,
                              "Plans": [
                                {
                                  "Node Type": "Bitmap Index Scan",
                                  "Parent Relationship": "Outer",
                                  "Parallel Aware": false,
                                  "Index Name": "info_type_id_movie_info",
                                  "Startup Cost": 0.0,
                                  "Total Cost": 19572.46,
                                  "Plan Rows": 1095470,
                                  "Plan Width": 0,
                                  "Actual Startup Time": 35.886,
                                  "Actual Total Time": 35.886,
                                  "Actual Rows": 1039881,
                                  "Actual Loops": 1,
                                  "Index Cond": "(info_type_id > 80)"
                                }
                              ]
                            },
                            {
                              "Node Type": "Hash",
                              "Parent Relationship": "Inner",
                              "Parallel Aware": true,
                              "Startup Cost": 42318.73,
                              "Total Cost": 42318.73,
                              "Plan Rows": 632073,
                              "Plan Width": 4,
                              "Actual Startup Time": 404.498,
                              "Actual Total Time": 404.499,
                              "Actual Rows": 842771,
                              "Actual Loops": 3,
                              "Hash Buckets": 4194304,
                              "Original Hash Buckets": 4194304,
                              "Hash Batches": 1,
                              "Original Hash Batches": 1,
                              "Peak Memory Usage": 131744,
                              "Plans": [
                                {
                                  "Node Type": "Seq Scan",
                                  "Parent Relationship": "Outer",
                                  "Parallel Aware": true,
                                  "Relation Name": "title",
                                  "Alias": "t",
                                  "Startup Cost": 0.0,
                                  "Total Cost": 42318.73,
                                  "Plan Rows": 632073,
                                  "Plan Width": 4,
                                  "Actual Startup Time": 0.053,
                                  "Actual Total Time": 115.464,
                                  "Actual Rows": 842771,
                                  "Actual Loops": 3
                                }
                              ]
                            }
                          ]
                        }
                      ]
                    }
                  ]
                }
              ]
            }
          ]
        }
      ]
    },
    "Planning Time": 1.321,
    "Triggers": [],
    "Execution Time": 1029.993
  }
]