[
  {
    "Plan": {
      "Node Type": "Aggregate",
      "Strategy": "Plain",
      "Partial Mode": "Finalize",
      "Parallel Aware": false,
      "Startup Cost": 31910.71,
      "Total Cost": 31910.72,
      "Plan Rows": 1,
      "Plan Width": 8,
      "Actual Startup Time": 108.124,
      "Actual Total Time": 115.88,
      "Actual Rows": 1,
      "Actual Loops": 1,
      "Plans": [
        {
          "Node Type": "Gather",
          "Parent Relationship": "Outer",
          "Parallel Aware": false,
          "Startup Cost": 31910.39,
          "Total Cost": 31910.7,
          "Plan Rows": 3,
          "Plan Width": 8,
          "Actual Startup Time": 108.029,
          "Actual Total Time": 115.872,
          "Actual Rows": 4,
          "Actual Loops": 1,
          "Workers Planned": 3,
          "Workers Launched": 3,
          "Single Copy": false,
          "Plans": [
            {
              "Node Type": "Aggregate",
              "Strategy": "Plain",
              "Partial Mode": "Partial",
              "Parent Relationship": "Outer",
              "Parallel Aware": false,
              "Startup Cost": 30910.39,
              "Total Cost": 30910.4,
              "Plan Rows": 1,
              "Plan Width": 8,
              "Actual Startup Time": 102.419,
              "Actual Total Time": 102.42,
              "Actual Rows": 1,
              "Actual Loops": 4,
              "Plans": [
                {
                  "Node Type": "Seq Scan",
                  "Parent Relationship": "Outer",
                  "Parallel Aware": true,
                  "Relation Name": "movie_companies",
                  "Alias": "mc",
                  "Startup Cost": 0.0,
                  "Total Cost": 29310.68,
                  "Plan Rows": 639883,
                  "Plan Width": 0,
                  "Actual Startup Time": 0.235,
                  "Actual Total Time": 80.721,
                  "Actual Rows": 496758,
                  "Actual Loops": 4,
                  "Filter": "(company_id > 774)",
                  "Rows Removed by Filter": 155524
                }
              ]
            }
          ]
        }
      ]
    },
    "Planning Time": 0.105,
    "Triggers": [],
    "Execution Time": 115.917
  }
]