[
  {
    "Plan": {
      "Node Type": "Aggregate",
      "Strategy": "Plain",
      "Partial Mode": "Simple",
      "Parallel Aware": false,
      "Startup Cost": 14865.92,
      "Total Cost": 14865.93,
      "Plan Rows": 1,
      "Plan Width": 64,
      "Actual Startup Time": 1561.504,
      "Actual Total Time": 1561.514,
      "Actual Rows": 1,
      "Actual Loops": 1,
      "Plans": [
        {
          "Node Type": "Nested Loop",
          "Parent Relationship": "Outer",
          "Parallel Aware": false,
          "Join Type": "Inner",
          "Startup Cost": 13.06,
          "Total Cost": 14865.91,
          "Plan Rows": 1,
          "Plan Width": 32,
          "Actual Startup Time": 22.362,
          "Actual Total Time": 1559.51,
          "Actual Rows": 5725,
          "Actual Loops": 1,
          "Inner Unique": true,
          "Plans": [
            {
              "Node Type": "Nested Loop",
              "Parent Relationship": "Outer",
              "Parallel Aware": false,
              "Join Type": "Inner",
              "Startup Cost": 12.63,
              "Total Cost": 14865.46,
              "Plan Rows": 1,
              "Plan Width": 21,
              "Actual Startup Time": 22.285,
              "Actual Total Time": 1467.608,
              "Actual Rows": 5725,
              "Actual Loops": 1,
              "Inner Unique": true,
              "Plans": [
                {
                  "Node Type": "Nested Loop",
                  "Parent Relationship": "Outer",
                  "Parallel Aware": false,
                  "Join Type": "Inner",
                  "Startup Cost": 12.2,
                  "Total Cost": 14864.54,
                  "Plan Rows": 2,
                  "Plan Width": 25,
                  "Actual Startup Time": 21.396,
                  "Actual Total Time": 997.013,
                  "Actual Rows": 57579,
                  "Actual Loops": 1,
                  "Inner Unique": false,
                  "Join Filter": "(t.id = ci.movie_id)",
                  "Rows Removed by Join Filter": 0,
                  "Plans": [
                    {
                      "Node Type": "Nested Loop",
                      "Parent Relationship": "Outer",
                      "Parallel Aware": false,
                      "Join Type": "Inner",
                      "Startup Cost": 11.64,
                      "Total Cost": 14862.53,
                      "Plan Rows": 1,
                      "Plan Width": 29,
                      "Actual Startup Time": 21.301,
                      "Actual Total Time": 656.648,
                      "Actual Rows": 1262,
                      "Actual Loops": 1,
                      "Inner Unique": false,
                      "Join Filter": "(cc.status_id = cct2.id)",
                      "Rows Removed by Join Filter": 1262,
                      "Plans": [
                        {
                          "Node Type": "Seq Scan",
                          "Parent Relationship": "Outer",
                          "Parallel Aware": false,
                          "Relation Name": "comp_cast_type",
                          "Alias": "cct2",
                          "Startup Cost": 0.0,
                          "Total Cost": 1.05,
                          "Plan Rows": 1,
                          "Plan Width": 4,
                          "Actual Startup Time": 0.046,
                          "Actual Total Time": 0.051,
                          "Actual Rows": 2,
                          "Actual Loops": 1,
                          "Filter": "((kind)::text ~~ '%complete%'::text)",
                          "Rows Removed by Filter": 2
                        },
                        {
                          "Node Type": "Nested Loop",
                          "Parent Relationship": "Inner",
                          "Parallel Aware": false,
                          "Join Type": "Inner",
                          "Startup Cost": 11.64,
                          "Total Cost": 14861.45,
                          "Plan Rows": 2,
                          "Plan Width": 33,
                          "Actual Startup Time": 10.792,
                          "Actual Total Time": 328.079,
                          "Actual Rows": 1262,
                          "Actual Loops": 2,
                          "Inner Unique": false,
                          "Join Filter": "(cc.subject_id = cct1.id)",
                          "Rows Removed by Join Filter": 1032,
                          "Plans": [
                            {
                              "Node Type": "Seq Scan",
                              "Parent Relationship": "Outer",
                              "Parallel Aware": false,
                              "Relation Name": "comp_cast_type",
                              "Alias": "cct1",
                              "Startup Cost": 0.0,
                              "Total Cost": 1.05,
                              "Plan Rows": 1,
                              "Plan Width": 4,
                              "Actual Startup Time": 0.01,
                              "Actual Total Time": 0.012,
                              "Actual Rows": 1,
                              "Actual Loops": 2,
                              "Filter": "((kind)::text = 'cast'::text)",
                              "Rows Removed by Filter": 3
                            },
                            {
                              "Node Type": "Nested Loop",
                              "Parent Relationship": "Inner",
                              "Parallel Aware": false,
                              "Join Type": "Inner",
                              "Startup Cost": 11.64,
                              "Total Cost": 14860.32,
                              "Plan Rows": 7,
                              "Plan Width": 37,
                              "Actual Startup Time": 10.778,
                              "Actual Total Time": 327.721,
                              "Actual Rows": 2294,
                              "Actual Loops": 2,
                              "Inner Unique": false,
                              "Join Filter": "(t.id = cc.movie_id)",
                              "Rows Removed by Join Filter": 0,
                              "Plans": [
                                {
                                  "Node Type": "Nested Loop",
                                  "Parent Relationship": "Outer",
                                  "Parallel Aware": false,
                                  "Join Type": "Inner",
                                  "Startup Cost": 11.22,
                                  "Total Cost": 14857.91,
                                  "Plan Rows": 5,
                                  "Plan Width": 25,
                                  "Actual Startup Time": 10.008,
                                  "Actual Total Time": 313.923,
                                  "Actual Rows": 2357,
                                  "Actual Loops": 2,
                                  "Inner Unique": false,
                                  "Join Filter": "(t.kind_id = kt.id)",
                                  "Rows Removed by Join Filter": 66,
                                  "Plans": [
                                    {
                                      "Node Type": "Seq Scan",
                                      "Parent Relationship": "Outer",
                                      "Parallel Aware": false,
                                      "Relation Name": "kind_type",
                                      "Alias": "kt",
                                      "Startup Cost": 0.0,
                                      "Total Cost": 1.09,
                                      "Plan Rows": 1,
                                      "Plan Width": 4,
                                      "Actual Startup Time": 0.004,
                                      "Actual Total Time": 0.01,
                                      "Actual Rows": 1,
                                      "Actual Loops": 2,
                                      "Filter": "((kind)::text = 'movie'::text)",
                                      "Rows Removed by Filter": 6
                                    },
                                    {
                                      "Node Type": "Nested Loop",
                                      "Parent Relationship": "Inner",
                                      "Parallel Aware": false,
                                      "Join Type": "Inner",
                                      "Startup Cost": 11.22,
                                      "Total Cost": 14856.41,
                                      "Plan Rows": 33,
                                      "Plan Width": 29,
                                      "Actual Startup Time": 2.244,
                                      "Actual Total Time": 313.443,
                                      "Actual Rows": 2423,
                                      "Actual Loops": 2,
                                      "Inner Unique": true,
                                      "Plans": [
                                        {
                                          "Node Type": "Nested Loop",
                                          "Parent Relationship": "Outer",
                                          "Parallel Aware": false,
                                          "Join Type": "Inner",
                                          "Startup Cost": 10.79,
                                          "Total Cost": 14691.35,
                                          "Plan Rows": 337,
                                          "Plan Width": 4,
                                          "Actual Startup Time": 0.754,
                                          "Actual Total Time": 127.687,
                                          "Actual Rows": 24091,
                                          "Actual Loops": 2,
                                          "Inner Unique": false,
                                          "Plans": [
                                            {
                                              "Node Type": "Seq Scan",
                                              "Parent Relationship": "Outer",
                                              "Parallel Aware": false,
                                              "Relation Name": "keyword",
                                              "Alias": "k",
                                              "Startup Cost": 0.0,
                                              "Total Cost": 3967.82,
                                              "Plan Rows": 10,
                                              "Plan Width": 4,
                                              "Actual Startup Time": 0.117,
                                              "Actual Total Time": 31.82,
                                              "Actual Rows": 10,
                                              "Actual Loops": 2,
                                              "Filter": "(keyword = ANY ('{superhero,marvel-comics,based-on-comic,tv-special,fight,violence,magnet,web,claw,laser}'::text[]))",
                                              "Rows Removed by Filter": 134160
                                            },
                                            {
                                              "Node Type": "Bitmap Heap Scan",
                                              "Parent Relationship": "Inner",
                                              "Parallel Aware": false,
                                              "Relation Name": "movie_keyword",
                                              "Alias": "mk",
                                              "Startup Cost": 10.79,
                                              "Total Cost": 1069.31,
                                              "Plan Rows": 304,
                                              "Plan Width": 8,
                                              "Actual Startup Time": 1.317,
                                              "Actual Total Time": 9.172,
                                              "Actual Rows": 2409,
                                              "Actual Loops": 20,
                                              "Recheck Cond": "(keyword_id = k.id)",
                                              "Rows Removed by Index Recheck": 0,
                                              "Exact Heap Blocks": 34254,
                                              "Lossy Heap Blocks": 0,
                                              "Plans": [
                                                {
                                                  "Node Type": "Bitmap Index Scan",
                                                  "Parent Relationship": "Outer",
                                                  "Parallel Aware": false,
                                                  "Index Name": "keyword_id_movie_keyword",
                                                  "Startup Cost": 0.0,
                                                  "Total Cost": 10.71,
                                                  "Plan Rows": 304,
                                                  "Plan Width": 0,
                                                  "Actual Startup Time": 1.11,
                                                  "Actual Total Time": 1.111,
                                                  "Actual Rows": 2409,
                                                  "Actual Loops": 20,
                                                  "Index Cond": "(keyword_id = k.id)"
                                                }
                                              ]
                                            }
                                          ]
                                        },
                                        {
                                          "Node Type": "Index Scan",
                                          "Parent Relationship": "Inner",
                                          "Parallel Aware": false,
                                          "Scan Direction": "Forward",
                                          "Index Name": "title_pkey",
                                          "Relation Name": "title",
                                          "Alias": "t",
                                          "Startup Cost": 0.43,
                                          "Total Cost": 0.49,
                                          "Plan Rows": 1,
                                          "Plan Width": 25,
                                          "Actual Startup Time": 0.007,
                                          "Actual Total Time": 0.007,
                                          "Actual Rows": 0,
                                          "Actual Loops": 48182,
                                          "Index Cond": "(id = mk.movie_id)",
                                          "Rows Removed by Index Recheck": 0,
                                          "Filter": "(production_year < 1960)",
                                          "Rows Removed by Filter": 1
                                        }
                                      ]
                                    }
                                  ]
                                },
                                {
                                  "Node Type": "Index Scan",
                                  "Parent Relationship": "Inner",
                                  "Parallel Aware": false,
                                  "Scan Direction": "Forward",
                                  "Index Name": "movie_id_complete_cast",
                                  "Relation Name": "complete_cast",
                                  "Alias": "cc",
                                  "Startup Cost": 0.42,
                                  "Total Cost": 0.46,
                                  "Plan Rows": 2,
                                  "Plan Width": 12,
                                  "Actual Startup Time": 0.004,
                                  "Actual Total Time": 0.005,
                                  "Actual Rows": 1,
                                  "Actual Loops": 4714,
                                  "Index Cond": "(movie_id = mk.movie_id)",
                                  "Rows Removed by Index Recheck": 0
                                }
                              ]
                            }
                          ]
                        }
                      ]
                    },
                    {
                      "Node Type": "Index Scan",
                      "Parent Relationship": "Inner",
                      "Parallel Aware": false,
                      "Scan Direction": "Forward",
                      "Index Name": "movie_id_cast_info",
                      "Relation Name": "cast_info",
                      "Alias": "ci",
                      "Startup Cost": 0.56,
                      "Total Cost": 1.55,
                      "Plan Rows": 37,
                      "Plan Width": 12,
                      "Actual Startup Time": 0.024,
                      "Actual Total Time": 0.258,
                      "Actual Rows": 46,
                      "Actual Loops": 1262,
                      "Index Cond": "(movie_id = mk.movie_id)",
                      "Rows Removed by Index Recheck": 0
                    }
                  ]
                },
                {
                  "Node Type": "Index Scan",
                  "Parent Relationship": "Inner",
                  "Parallel Aware": false,
                  "Scan Direction": "Forward",
                  "Index Name": "char_name_pkey",
                  "Relation Name": "char_name",
                  "Alias": "chn",
                  "Startup Cost": 0.43,
                  "Total Cost": 0.46,
                  "Plan Rows": 1,
                  "Plan Width": 4,
                  "Actual Startup Time": 0.008,
                  "Actual Total Time": 0.008,
                  "Actual Rows": 0,
                  "Actual Loops": 57579,
                  "Index Cond": "(id = ci.person_role_id)",
                  "Rows Removed by Index Recheck": 0,
                  "Filter": "((name IS NOT NULL) AND ((name ~~ '%man%'::text) OR (name ~~ '%Man%'::text)))",
                  "Rows Removed by Filter": 1
                }
              ]
            },
            {
              "Node Type": "Index Scan",
              "Parent Relationship": "Inner",
              "Parallel Aware": false,
              "Scan Direction": "Forward",
              "Index Name": "name_pkey",
              "Relation Name": "name",
              "Alias": "n",
              "Startup Cost": 0.43,
              "Total Cost": 0.46,
              "Plan Rows": 1,
              "Plan Width": 19,
              "Actual Startup Time": 0.015,
              "Actual Total Time": 0.015,
              "Actual Rows": 1,
              "Actual Loops": 5725,
              "Index Cond": "(id = ci.person_id)",
              "Rows Removed by Index Recheck": 0
            }
          ]
        }
      ]
    },
    "Planning Time": 32.313,
    "Triggers": [],
    "Execution Time": 1562.265
  }
]