[
  {
    "Plan": {
      "Node Type": "Aggregate",
      "Strategy": "Plain",
      "Partial Mode": "Finalize",
      "Parallel Aware": false,
      "Startup Cost": 45764.03,
      "Total Cost": 45764.04,
      "Plan Rows": 1,
      "Plan Width": 8,
      "Actual Startup Time": 151.092,
      "Actual Total Time": 160.735,
      "Actual Rows": 1,
      "Actual Loops": 1,
      "Plans": [
        {
          "Node Type": "Gather",
          "Parent Relationship": "Outer",
          "Parallel Aware": false,
          "Startup Cost": 45763.71,
          "Total Cost": 45764.02,
          "Plan Rows": 3,
          "Plan Width": 8,
          "Actual Startup Time": 150.996,
          "Actual Total Time": 160.725,
          "Actual Rows": 4,
          "Actual Loops": 1,
          "Workers Planned": 3,
          "Workers Launched": 3,
          "Single Copy": false,
          "Plans": [
            {
              "Node Type": "Aggregate",
              "Strategy": "Plain",
              "Partial Mode": "Partial",
              "Parent Relationship": "Outer",
              "Parallel Aware": false,
              "Startup Cost": 44763.71,
              "Total Cost": 44763.72,
              "Plan Rows": 1,
              "Plan Width": 8,
              "Actual Startup Time": 147.216,
              "Actual Total Time": 147.217,
              "Actual Rows": 1,
              "Actual Loops": 4,
              "Plans": [
                {
                  "Node Type": "Seq Scan",
                  "Parent Relationship": "Outer",
                  "Parallel Aware": true,
                  "Relation Name": "movie_keyword",
                  "Alias": "mk",
                  "Startup Cost": 0.0,
                  "Total Cost": 42695.65,
                  "Plan Rows": 827224,
                  "Plan Width": 0,
                  "Actual Startup Time": 0.229,
                  "Actual Total Time": 117.304,
                  "Actual Rows": 640043,
                  "Actual Loops": 4,
                  "Filter": "(keyword_id > 3430)",
                  "Rows Removed by Filter": 490940
                }
              ]
            }
          ]
        }
      ]
    },
    "Planning Time": 0.183,
    "Triggers": [],
    "Execution Time": 160.798
  }
]