[
  {
    "Plan": {
      "Node Type": "Aggregate",
      "Strategy": "Plain",
      "Partial Mode": "Finalize",
      "Parallel Aware": false,
      "Startup Cost": 45767.34,
      "Total Cost": 45767.35,
      "Plan Rows": 1,
      "Plan Width": 8,
      "Actual Startup Time": 166.262,
      "Actual Total Time": 176.562,
      "Actual Rows": 1,
      "Actual Loops": 1,
      "Plans": [
        {
          "Node Type": "Gather",
          "Parent Relationship": "Outer",
          "Parallel Aware": false,
          "Startup Cost": 45767.02,
          "Total Cost": 45767.33,
          "Plan Rows": 3,
          "Plan Width": 8,
          "Actual Startup Time": 166.096,
          "Actual Total Time": 176.55,
          "Actual Rows": 4,
          "Actual Loops": 1,
          "Workers Planned": 3,
          "Workers Launched": 3,
          "Single Copy": false,
          "Plans": [
            {
              "Node Type": "Aggregate",
              "Strategy": "Plain",
              "Partial Mode": "Partial",
              "Parent Relationship": "Outer",
              "Parallel Aware": false,
              "Startup Cost": 44767.02,
              "Total Cost": 44767.03,
              "Plan Rows": 1,
              "Plan Width": 8,
              "Actual Startup Time": 160.064,
              "Actual Total Time": 160.065,
              "Actual Rows": 1,
              "Actual Loops": 4,
              "Plans": [
                {
                  "Node Type": "Seq Scan",
                  "Parent Relationship": "Outer",
                  "Parallel Aware": true,
                  "Relation Name": "movie_keyword",
                  "Alias": "mk",
                  "Startup Cost": 0.0,
                  "Total Cost": 42695.65,
                  "Plan Rows": 828548,
                  "Plan Width": 0,
                  "Actual Startup Time": 0.356,
                  "Actual Total Time": 126.921,
                  "Actual Rows": 640043,
                  "Actual Loops": 4,
                  "Filter": "(keyword_id > 3430)",
                  "Rows Removed by Filter": 490940
                }
              ]
            }
          ]
        }
      ]
    },
    "Planning Time": 0.123,
    "Triggers": [],
    "Execution Time": 176.603
  }
]