[
  {
    "Plan": {
      "Node Type": "Aggregate",
      "Strategy": "Plain",
      "Partial Mode": "Finalize",
      "Parallel Aware": false,
      "Startup Cost": 394958.86,
      "Total Cost": 394958.87,
      "Plan Rows": 1,
      "Plan Width": 8,
      "Actual Startup Time": 1997.94,
      "Actual Total Time": 2061.001,
      "Actual Rows": 1,
      "Actual Loops": 1,
      "Plans": [
        {
          "Node Type": "Gather",
          "Parent Relationship": "Outer",
          "Parallel Aware": false,
          "Startup Cost": 394958.23,
          "Total Cost": 394958.84,
          "Plan Rows": 6,
          "Plan Width": 8,
          "Actual Startup Time": 1981.109,
          "Actual Total Time": 2060.991,
          "Actual Rows": 7,
          "Actual Loops": 1,
          "Workers Planned": 6,
          "Workers Launched": 6,
          "Single Copy": false,
          "Plans": [
            {
              "Node Type": "Aggregate",
              "Strategy": "Plain",
              "Partial Mode": "Partial",
              "Parent Relationship": "Outer",
              "Parallel Aware": false,
              "Startup Cost": 393958.23,
              "Total Cost": 393958.24,
              "Plan Rows": 1,
              "Plan Width": 8,
              "Actual Startup Time": 1965.534,
              "Actual Total Time": 1965.549,
              "Actual Rows": 1,
              "Actual Loops": 7,
              "Plans": [
                {
                  "Node Type": "Hash Join",
                  "Parent Relationship": "Outer",
                  "Parallel Aware": true,
                  "Join Type": "Inner",
                  "Startup Cost": 49053.43,
                  "Total Cost": 387542.05,
                  "Plan Rows": 2566474,
                  "Plan Width": 0,
                  "Actual Startup Time": 303.017,
                  "Actual Total Time": 1869.003,
                  "Actual Rows": 2431177,
                  "Actual Loops": 7,
                  "Inner Unique": true,
                  "Hash Cond": "(ci.movie_id = t.id)",
                  "Plans": [
                    {
                      "Node Type": "Seq Scan",
                      "Parent Relationship": "Outer",
                      "Parallel Aware": true,
                      "Relation Name": "cast_info",
                      "Alias": "ci",
                      "Startup Cost": 0.0,
                      "Total Cost": 328162.03,
                      "Plan Rows": 3933933,
                      "Plan Width": 4,
                      "Actual Startup Time": 118.153,
                      "Actual Total Time": 565.257,
                      "Actual Rows": 3375929,
                      "Actual Loops": 7,
                      "Filter": "(person_id > 1244415)",
                      "Rows Removed by Filter": 1801834
                    },
                    {
                      "Node Type": "Hash",
                      "Parent Relationship": "Inner",
                      "Parallel Aware": true,
                      "Startup Cost": 43898.92,
                      "Total Cost": 43898.92,
                      "Plan Rows": 412361,
                      "Plan Width": 4,
                      "Actual Startup Time": 179.965,
                      "Actual Total Time": 179.966,
                      "Actual Rows": 234788,
                      "Actual Loops": 7,
                      "Hash Buckets": 2097152,
                      "Original Hash Buckets": 2097152,
                      "Hash Batches": 1,
                      "Original Hash Batches": 1,
                      "Peak Memory Usage": 80800,
                      "Plans": [
                        {
                          "Node Type": "Seq Scan",
                          "Parent Relationship": "Outer",
                          "Parallel Aware": true,
                          "Relation Name": "title",
                          "Alias": "t",
                          "Startup Cost": 0.0,
                          "Total Cost": 43898.92,
                          "Plan Rows": 412361,
                          "Plan Width": 4,
                          "Actual Startup Time": 0.039,
                          "Actual Total Time": 76.583,
                          "Actual Rows": 234788,
                          "Actual Loops": 7,
                          "Filter": "(production_year > 1994)",
                          "Rows Removed by Filter": 126400
                        }
                      ]
                    }
                  ]
                }
              ]
            }
          ]
        }
      ]
    },
    "Planning Time": 0.592,
    "Triggers": [],
    "Execution Time": 2061.091
  }
]