[
  {
    "Plan": {
      "Node Type": "Aggregate",
      "Strategy": "Plain",
      "Partial Mode": "Finalize",
      "Parallel Aware": false,
      "Startup Cost": 332348.9,
      "Total Cost": 332348.91,
      "Plan Rows": 1,
      "Plan Width": 8,
      "Actual Startup Time": 340.924,
      "Actual Total Time": 395.262,
      "Actual Rows": 1,
      "Actual Loops": 1,
      "Plans": [
        {
          "Node Type": "Gather",
          "Parent Relationship": "Outer",
          "Parallel Aware": false,
          "Startup Cost": 332348.48,
          "Total Cost": 332348.89,
          "Plan Rows": 4,
          "Plan Width": 8,
          "Actual Startup Time": 340.811,
          "Actual Total Time": 395.253,
          "Actual Rows": 5,
          "Actual Loops": 1,
          "Workers Planned": 4,
          "Workers Launched": 4,
          "Single Copy": false,
          "Plans": [
            {
              "Node Type": "Aggregate",
              "Strategy": "Plain",
              "Partial Mode": "Partial",
              "Parent Relationship": "Outer",
              "Parallel Aware": false,
              "Startup Cost": 331348.48,
              "Total Cost": 331348.49,
              "Plan Rows": 1,
              "Plan Width": 8,
              "Actual Startup Time": 330.852,
              "Actual Total Time": 330.854,
              "Actual Rows": 1,
              "Actual Loops": 5,
              "Plans": [
                {
                  "Node Type": "Nested Loop",
                  "Parent Relationship": "Outer",
                  "Parallel Aware": false,
                  "Join Type": "Inner",
                  "Startup Cost": 0.56,
                  "Total Cost": 331277.86,
                  "Plan Rows": 28248,
                  "Plan Width": 0,
                  "Actual Startup Time": 0.849,
                  "Actual Total Time": 328.86,
                  "Actual Rows": 23563,
                  "Actual Loops": 5,
                  "Inner Unique": false,
                  "Plans": [
                    {
                      "Node Type": "Seq Scan",
                      "Parent Relationship": "Outer",
                      "Parallel Aware": true,
                      "Relation Name": "title",
                      "Alias": "t",
                      "Startup Cost": 0.0,
                      "Total Cost": 45479.1,
                      "Plan Rows": 6560,
                      "Plan Width": 4,
                      "Actual Startup Time": 0.237,
                      "Actual Total Time": 63.454,
                      "Actual Rows": 4785,
                      "Actual Loops": 5,
                      "Filter": "((kind_id < 7) AND (production_year = 2003))",
                      "Rows Removed by Filter": 500877
                    },
                    {
                      "Node Type": "Index Scan",
                      "Parent Relationship": "Inner",
                      "Parallel Aware": false,
                      "Scan Direction": "Forward",
                      "Index Name": "movie_id_cast_info",
                      "Relation Name": "cast_info",
                      "Alias": "ci",
                      "Startup Cost": 0.56,
                      "Total Cost": 43.46,
                      "Plan Rows": 11,
                      "Plan Width": 4,
                      "Actual Startup Time": 0.014,
                      "Actual Total Time": 0.055,
                      "Actual Rows": 5,
                      "Actual Loops": 23926,
                      "Index Cond": "(movie_id = t.id)",
                      "Rows Removed by Index Recheck": 0,
                      "Filter": "(person_id < 1070760)",
                      "Rows Removed by Filter": 12
                    }
                  ]
                }
              ]
            }
          ]
        }
      ]
    },
    "Planning Time": 0.618,
    "Triggers": [],
    "Execution Time": 395.351
  }
]