[
    {
        "Bao": {
            "Bao prediction": "NaN",
            "Bao recommended hint": "(no hint)"
        }
    },
    {
        "Plan": {
            "Node Type": "Aggregate",
            "Strategy": "Plain",
            "Partial Mode": "Finalize",
            "Parallel Aware": false,
            "Startup Cost": 75282.42,
            "Total Cost": 75282.43,
            "Plan Rows": 1,
            "Plan Width": 8,
            "Actual Startup Time": 154.054,
            "Actual Total Time": 162.016,
            "Actual Rows": 1,
            "Actual Loops": 1,
            "Output": [
                "count(*)"
            ],
            "Plans": [
                {
                    "Node Type": "Gather",
                    "Parent Relationship": "Outer",
                    "Parallel Aware": false,
                    "Startup Cost": 75282.11,
                    "Total Cost": 75282.42,
                    "Plan Rows": 3,
                    "Plan Width": 8,
                    "Actual Startup Time": 153.626,
                    "Actual Total Time": 162.009,
                    "Actual Rows": 4,
                    "Actual Loops": 1,
                    "Output": [
                        "(PARTIAL count(*))"
                    ],
                    "Workers Planned": 3,
                    "Workers Launched": 3,
                    "Single Copy": false,
                    "Plans": [
                        {
                            "Node Type": "Aggregate",
                            "Strategy": "Plain",
                            "Partial Mode": "Partial",
                            "Parent Relationship": "Outer",
                            "Parallel Aware": false,
                            "Startup Cost": 74282.11,
                            "Total Cost": 74282.12,
                            "Plan Rows": 1,
                            "Plan Width": 8,
                            "Actual Startup Time": 144.775,
                            "Actual Total Time": 144.779,
                            "Actual Rows": 1,
                            "Actual Loops": 4,
                            "Output": [
                                "PARTIAL count(*)"
                            ],
                            "Workers": [
                                {
                                    "Worker Number": 0,
                                    "Actual Startup Time": 141.826,
                                    "Actual Total Time": 141.828,
                                    "Actual Rows": 1,
                                    "Actual Loops": 1
                                },
                                {
                                    "Worker Number": 1,
                                    "Actual Startup Time": 141.84,
                                    "Actual Total Time": 141.845,
                                    "Actual Rows": 1,
                                    "Actual Loops": 1
                                },
                                {
                                    "Worker Number": 2,
                                    "Actual Startup Time": 142.078,
                                    "Actual Total Time": 142.081,
                                    "Actual Rows": 1,
                                    "Actual Loops": 1
                                }
                            ],
                            "Plans": [
                                {
                                    "Node Type": "Hash Join",
                                    "Parent Relationship": "Outer",
                                    "Parallel Aware": true,
                                    "Join Type": "Inner",
                                    "Startup Cost": 53540.78,
                                    "Total Cost": 74280.34,
                                    "Plan Rows": 706,
                                    "Plan Width": 0,
                                    "Actual Startup Time": 129.516,
                                    "Actual Total Time": 144.746,
                                    "Actual Rows": 263,
                                    "Actual Loops": 4,
                                    "Inner Unique": true,
                                    "Hash Cond": "(mc.movie_id = t.id)",
                                    "Workers": [
                                        {
                                            "Worker Number": 0,
                                            "Actual Startup Time": 126.675,
                                            "Actual Total Time": 141.792,
                                            "Actual Rows": 290,
                                            "Actual Loops": 1
                                        },
                                        {
                                            "Worker Number": 1,
                                            "Actual Startup Time": 126.581,
                                            "Actual Total Time": 141.811,
                                            "Actual Rows": 255,
                                            "Actual Loops": 1
                                        },
                                        {
                                            "Worker Number": 2,
                                            "Actual Startup Time": 126.808,
                                            "Actual Total Time": 142.052,
                                            "Actual Rows": 207,
                                            "Actual Loops": 1
                                        }
                                    ],
                                    "Plans": [
                                        {
                                            "Node Type": "Bitmap Heap Scan",
                                            "Parent Relationship": "Outer",
                                            "Parallel Aware": true,
                                            "Relation Name": "movie_companies",
                                            "Schema": "public",
                                            "Alias": "mc",
                                            "Startup Cost": 7969.88,
                                            "Total Cost": 28549.75,
                                            "Plan Rows": 60836,
                                            "Plan Width": 4,
                                            "Actual Startup Time": 42.315,
                                            "Actual Total Time": 54.038,
                                            "Actual Rows": 21165,
                                            "Actual Loops": 4,
                                            "Output": [
                                                "mc.id",
                                                "mc.movie_id",
                                                "mc.company_id",
                                                "mc.company_type_id",
                                                "mc.note"
                                            ],
                                            "Recheck Cond": "(mc.company_id < 192)",
                                            "Rows Removed by Index Recheck": 0,
                                            "Filter": "(mc.company_type_id > 1)",
                                            "Rows Removed by Filter": 70442,
                                            "Exact Heap Blocks": 7406,
                                            "Lossy Heap Blocks": 0,
                                            "Workers": [
                                                {
                                                    "Worker Number": 0,
                                                    "Actual Startup Time": 42.289,
                                                    "Actual Total Time": 54.187,
                                                    "Actual Rows": 18597,
                                                    "Actual Loops": 1
                                                },
                                                {
                                                    "Worker Number": 1,
                                                    "Actual Startup Time": 42.314,
                                                    "Actual Total Time": 54.206,
                                                    "Actual Rows": 18974,
                                                    "Actual Loops": 1
                                                },
                                                {
                                                    "Worker Number": 2,
                                                    "Actual Startup Time": 42.32,
                                                    "Actual Total Time": 54.319,
                                                    "Actual Rows": 19448,
                                                    "Actual Loops": 1
                                                }
                                            ],
                                            "Plans": [
                                                {
                                                    "Node Type": "Bitmap Index Scan",
                                                    "Parent Relationship": "Outer",
                                                    "Parallel Aware": false,
                                                    "Index Name": "company_id_movie_companies",
                                                    "Startup Cost": 0.0,
                                                    "Total Cost": 7922.73,
                                                    "Plan Rows": 369907,
                                                    "Plan Width": 0,
                                                    "Actual Startup Time": 15.036,
                                                    "Actual Total Time": 15.037,
                                                    "Actual Rows": 366430,
                                                    "Actual Loops": 1,
                                                    "Index Cond": "(mc.company_id < 192)"
                                                }
                                            ]
                                        },
                                        {
                                            "Node Type": "Hash",
                                            "Parent Relationship": "Inner",
                                            "Parallel Aware": true,
                                            "Startup Cost": 45479.21,
                                            "Total Cost": 45479.21,
                                            "Plan Rows": 7335,
                                            "Plan Width": 4,
                                            "Actual Startup Time": 86.632,
                                            "Actual Total Time": 86.632,
                                            "Actual Rows": 7712,
                                            "Actual Loops": 4,
                                            "Output": [
                                                "t.id"
                                            ],
                                            "Hash Buckets": 32768,
                                            "Original Hash Buckets": 32768,
                                            "Hash Batches": 1,
                                            "Original Hash Batches": 1,
                                            "Peak Memory Usage": 1536,
                                            "Workers": [
                                                {
                                                    "Worker Number": 0,
                                                    "Actual Startup Time": 83.673,
                                                    "Actual Total Time": 83.673,
                                                    "Actual Rows": 5705,
                                                    "Actual Loops": 1
                                                },
                                                {
                                                    "Worker Number": 1,
                                                    "Actual Startup Time": 83.699,
                                                    "Actual Total Time": 83.701,
                                                    "Actual Rows": 5795,
                                                    "Actual Loops": 1
                                                },
                                                {
                                                    "Worker Number": 2,
                                                    "Actual Startup Time": 83.933,
                                                    "Actual Total Time": 83.933,
                                                    "Actual Rows": 5899,
                                                    "Actual Loops": 1
                                                }
                                            ],
                                            "Plans": [
                                                {
                                                    "Node Type": "Seq Scan",
                                                    "Parent Relationship": "Outer",
                                                    "Parallel Aware": true,
                                                    "Relation Name": "title",
                                                    "Schema": "public",
                                                    "Alias": "t",
                                                    "Startup Cost": 0.0,
                                                    "Total Cost": 45479.21,
                                                    "Plan Rows": 7335,
                                                    "Plan Width": 4,
                                                    "Actual Startup Time": 0.103,
                                                    "Actual Total Time": 83.174,
                                                    "Actual Rows": 7712,
                                                    "Actual Loops": 4,
                                                    "Output": [
                                                        "t.id"
                                                    ],
                                                    "Filter": "((t.kind_id > 1) AND (t.production_year = 1995))",
                                                    "Rows Removed by Filter": 624366,
                                                    "Workers": [
                                                        {
                                                            "Worker Number": 0,
                                                            "Actual Startup Time": 0.133,
                                                            "Actual Total Time": 80.059,
                                                            "Actual Rows": 5705,
                                                            "Actual Loops": 1
                                                        },
                                                        {
                                                            "Worker Number": 1,
                                                            "Actual Startup Time": 0.201,
                                                            "Actual Total Time": 80.182,
                                                            "Actual Rows": 5795,
                                                            "Actual Loops": 1
                                                        },
                                                        {
                                                            "Worker Number": 2,
                                                            "Actual Startup Time": 0.069,
                                                            "Actual Total Time": 80.769,
                                                            "Actual Rows": 5899,
                                                            "Actual Loops": 1
                                                        }
                                                    ]
                                                }
                                            ]
                                        }
                                    ]
                                }
                            ]
                        }
                    ]
                }
            ]
        },
        "Planning Time": 180.366,
        "Triggers": [],
        "Execution Time": 162.078
    }
]