{
  "Plan": {
    "Node Type": "Aggregate",
    "Strategy": "Plain",
    "Partial Mode": "Finalize",
    "Parallel Aware": false,
    "Startup Cost": 621557.92,
    "Total Cost": 621557.93,
    "Plan Rows": 1,
    "Plan Width": 8,
    "Actual Startup Time": 8808.826,
    "Actual Total Time": 8877.152,
    "Actual Rows": 1,
    "Actual Loops": 1,
    "Plans": [
      {
        "Node Type": "Gather",
        "Parent Relationship": "Outer",
        "Parallel Aware": false,
        "Startup Cost": 621557.8,
        "Total Cost": 621557.91,
        "Plan Rows": 1,
        "Plan Width": 8,
        "Actual Startup Time": 8804.916,
        "Actual Total Time": 8877.142,
        "Actual Rows": 2,
        "Actual Loops": 1,
        "Workers Planned": 1,
        "Workers Launched": 1,
        "Single Copy": false,
        "Plans": [
          {
            "Node Type": "Aggregate",
            "Strategy": "Plain",
            "Partial Mode": "Partial",
            "Parent Relationship": "Outer",
            "Parallel Aware": false,
            "Startup Cost": 620557.8,
            "Total Cost": 620557.81,
            "Plan Rows": 1,
            "Plan Width": 8,
            "Actual Startup Time": 8797.189,
            "Actual Total Time": 8797.192,
            "Actual Rows": 1,
            "Actual Loops": 2,
            "Plans": [
              {
                "Node Type": "Hash Join",
                "Parent Relationship": "Outer",
                "Parallel Aware": true,
                "Join Type": "Inner",
                "Startup Cost": 68787.58,
                "Total Cost": 590520.93,
                "Plan Rows": 12014748,
                "Plan Width": 0,
                "Actual Startup Time": 380.127,
                "Actual Total Time": 8328.703,
                "Actual Rows": 10526966,
                "Actual Loops": 2,
                "Inner Unique": true,
                "Hash Cond": "(ci.movie_id = t.id)",
                "Plans": [
                  {
                    "Node Type": "Seq Scan",
                    "Parent Relationship": "Outer",
                    "Parallel Aware": true,
                    "Relation Name": "cast_info",
                    "Alias": "ci",
                    "Startup Cost": 0.0,
                    "Total Cost": 465792.95,
                    "Plan Rows": 21310595,
                    "Plan Width": 4,
                    "Actual Startup Time": 0.013,
                    "Actual Total Time": 1473.651,
                    "Actual Rows": 18122172,
                    "Actual Loops": 2
                  },
                  {
                    "Node Type": "Hash",
                    "Parent Relationship": "Inner",
                    "Parallel Aware": true,
                    "Startup Cost": 58306.47,
                    "Total Cost": 58306.47,
                    "Plan Rows": 838489,
                    "Plan Width": 4,
                    "Actual Startup Time": 365.571,
                    "Actual Total Time": 365.572,
                    "Actual Rows": 739218,
                    "Actual Loops": 2,
                    "Hash Buckets": 2097152,
                    "Original Hash Buckets": 2097152,
                    "Hash Batches": 1,
                    "Original Hash Batches": 1,
                    "Peak Memory Usage": 74272,
                    "Plans": [
                      {
                        "Node Type": "Seq Scan",
                        "Parent Relationship": "Outer",
                        "Parallel Aware": true,
                        "Relation Name": "title",
                        "Alias": "t",
                        "Startup Cost": 0.0,
                        "Total Cost": 58306.47,
                        "Plan Rows": 838489,
                        "Plan Width": 4,
                        "Actual Startup Time": 0.027,
                        "Actual Total Time": 170.327,
                        "Actual Rows": 739218,
                        "Actual Loops": 2,
                        "Filter": "((production_year > 1929) AND (kind_id = 7))",
                        "Rows Removed by Filter": 524938
                      }
                    ]
                  }
                ]
              }
            ]
          }
        ]
      }
    ]
  },
  "Planning Time": 0.612,
  "Triggers": [],
  "Execution Time": 8877.232
}