[
  {
    "Plan": {
      "Node Type": "Aggregate",
      "Strategy": "Plain",
      "Partial Mode": "Finalize",
      "Parallel Aware": false,
      "Startup Cost": 402205.25,
      "Total Cost": 402205.26,
      "Plan Rows": 1,
      "Plan Width": 8,
      "Actual Startup Time": 4256.433,
      "Actual Total Time": 4367.01,
      "Actual Rows": 1,
      "Actual Loops": 1,
      "Plans": [
        {
          "Node Type": "Gather",
          "Parent Relationship": "Outer",
          "Parallel Aware": false,
          "Startup Cost": 402204.93,
          "Total Cost": 402205.24,
          "Plan Rows": 3,
          "Plan Width": 8,
          "Actual Startup Time": 4250.544,
          "Actual Total Time": 4366.999,
          "Actual Rows": 4,
          "Actual Loops": 1,
          "Workers Planned": 3,
          "Workers Launched": 3,
          "Single Copy": false,
          "Plans": [
            {
              "Node Type": "Aggregate",
              "Strategy": "Plain",
              "Partial Mode": "Partial",
              "Parent Relationship": "Outer",
              "Parallel Aware": false,
              "Startup Cost": 401204.93,
              "Total Cost": 401204.94,
              "Plan Rows": 1,
              "Plan Width": 8,
              "Actual Startup Time": 4241.047,
              "Actual Total Time": 4241.051,
              "Actual Rows": 1,
              "Actual Loops": 4,
              "Plans": [
                {
                  "Node Type": "Nested Loop",
                  "Parent Relationship": "Outer",
                  "Parallel Aware": false,
                  "Join Type": "Inner",
                  "Startup Cost": 61583.73,
                  "Total Cost": 399128.99,
                  "Plan Rows": 830375,
                  "Plan Width": 0,
                  "Actual Startup Time": 346.677,
                  "Actual Total Time": 4147.964,
                  "Actual Rows": 1843988,
                  "Actual Loops": 4,
                  "Inner Unique": false,
                  "Plans": [
                    {
                      "Node Type": "Hash Join",
                      "Parent Relationship": "Outer",
                      "Parallel Aware": true,
                      "Join Type": "Inner",
                      "Startup Cost": 61583.17,
                      "Total Cost": 88722.35,
                      "Plan Rows": 135041,
                      "Plan Width": 8,
                      "Actual Startup Time": 346.015,
                      "Actual Total Time": 476.377,
                      "Actual Rows": 126067,
                      "Actual Loops": 4,
                      "Inner Unique": true,
                      "Hash Cond": "(mk.movie_id = t.id)",
                      "Plans": [
                        {
                          "Node Type": "Bitmap Heap Scan",
                          "Parent Relationship": "Outer",
                          "Parallel Aware": true,
                          "Relation Name": "movie_keyword",
                          "Alias": "mk",
                          "Startup Cost": 11673.67,
                          "Total Cost": 38346.83,
                          "Plan Rows": 177533,
                          "Plan Width": 4,
                          "Actual Startup Time": 49.421,
                          "Actual Total Time": 104.671,
                          "Actual Rows": 138932,
                          "Actual Loops": 4,
                          "Recheck Cond": "(keyword_id < 398)",
                          "Rows Removed by Index Recheck": 0,
                          "Exact Heap Blocks": 7069,
                          "Lossy Heap Blocks": 0,
                          "Plans": [
                            {
                              "Node Type": "Bitmap Index Scan",
                              "Parent Relationship": "Outer",
                              "Parallel Aware": false,
                              "Index Name": "keyword_id_movie_keyword",
                              "Startup Cost": 0.0,
                              "Total Cost": 11536.08,
                              "Plan Rows": 550353,
                              "Plan Width": 0,
                              "Actual Startup Time": 43.664,
                              "Actual Total Time": 43.665,
                              "Actual Rows": 555726,
                              "Actual Loops": 1,
                              "Index Cond": "(keyword_id < 398)"
                            }
                          ]
                        },
                        {
                          "Node Type": "Hash",
                          "Parent Relationship": "Inner",
                          "Parallel Aware": true,
                          "Startup Cost": 43899.32,
                          "Total Cost": 43899.32,
                          "Plan Rows": 480814,
                          "Plan Width": 4,
                          "Actual Startup Time": 292.405,
                          "Actual Total Time": 292.406,
                          "Actual Rows": 480712,
                          "Actual Loops": 4,
                          "Hash Buckets": 2097152,
                          "Original Hash Buckets": 2097152,
                          "Hash Batches": 1,
                          "Original Hash Batches": 1,
                          "Peak Memory Usage": 91712,
                          "Plans": [
                            {
                              "Node Type": "Seq Scan",
                              "Parent Relationship": "Outer",
                              "Parallel Aware": true,
                              "Relation Name": "title",
                              "Alias": "t",
                              "Startup Cost": 0.0,
                              "Total Cost": 43899.32,
                              "Plan Rows": 480814,
                              "Plan Width": 4,
                              "Actual Startup Time": 0.049,
                              "Actual Total Time": 118.845,
                              "Actual Rows": 480712,
                              "Actual Loops": 4,
                              "Filter": "(production_year < 2010)",
                              "Rows Removed by Filter": 151366
                            }
                          ]
                        }
                      ]
                    },
                    {
                      "Node Type": "Index Scan",
                      "Parent Relationship": "Inner",
                      "Parallel Aware": false,
                      "Scan Direction": "Forward",
                      "Index Name": "movie_id_cast_info",
                      "Relation Name": "cast_info",
                      "Alias": "ci",
                      "Startup Cost": 0.56,
                      "Total Cost": 2.15,
                      "Plan Rows": 15,
                      "Plan Width": 4,
                      "Actual Startup Time": 0.008,
                      "Actual Total Time": 0.028,
                      "Actual Rows": 15,
                      "Actual Loops": 504269,
                      "Index Cond": "(movie_id = t.id)",
                      "Rows Removed by Index Recheck": 0,
                      "Filter": "((person_id > 829941) AND (role_id < 3))",
                      "Rows Removed by Filter": 24
                    }
                  ]
                }
              ]
            }
          ]
        }
      ]
    },
    "Planning Time": 0.389,
    "Triggers": [],
    "Execution Time": 4367.086
  }
]