[
  {
    "Plan": {
      "Node Type": "Aggregate",
      "Strategy": "Plain",
      "Partial Mode": "Finalize",
      "Parallel Aware": false,
      "Startup Cost": 347220.39,
      "Total Cost": 347220.4,
      "Plan Rows": 1,
      "Plan Width": 8,
      "Actual Startup Time": 468.543,
      "Actual Total Time": 491.46,
      "Actual Rows": 1,
      "Actual Loops": 1,
      "Plans": [
        {
          "Node Type": "Gather",
          "Parent Relationship": "Outer",
          "Parallel Aware": false,
          "Startup Cost": 347219.77,
          "Total Cost": 347220.38,
          "Plan Rows": 6,
          "Plan Width": 8,
          "Actual Startup Time": 468.429,
          "Actual Total Time": 491.452,
          "Actual Rows": 7,
          "Actual Loops": 1,
          "Workers Planned": 6,
          "Workers Launched": 6,
          "Single Copy": false,
          "Plans": [
            {
              "Node Type": "Aggregate",
              "Strategy": "Plain",
              "Partial Mode": "Partial",
              "Parent Relationship": "Outer",
              "Parallel Aware": false,
              "Startup Cost": 346219.77,
              "Total Cost": 346219.78,
              "Plan Rows": 1,
              "Plan Width": 8,
              "Actual Startup Time": 460.769,
              "Actual Total Time": 460.77,
              "Actual Rows": 1,
              "Actual Loops": 7,
              "Plans": [
                {
                  "Node Type": "Index Scan",
                  "Parent Relationship": "Outer",
                  "Parallel Aware": true,
                  "Scan Direction": "Forward",
                  "Index Name": "role_id_cast_info",
                  "Relation Name": "cast_info",
                  "Alias": "ci",
                  "Startup Cost": 0.56,
                  "Total Cost": 341155.22,
                  "Plan Rows": 2025819,
                  "Plan Width": 0,
                  "Actual Startup Time": 45.223,
                  "Actual Total Time": 383.929,
                  "Actual Rows": 1645385,
                  "Actual Loops": 7,
                  "Index Cond": "(role_id < 2)",
                  "Rows Removed by Index Recheck": 0,
                  "Filter": "(person_id > 160181)",
                  "Rows Removed by Filter": 164713
                }
              ]
            }
          ]
        }
      ]
    },
    "Planning Time": 0.09,
    "Triggers": [],
    "Execution Time": 491.494
  }
]