[
  {
    "Plan": {
      "Node Type": "Aggregate",
      "Strategy": "Plain",
      "Partial Mode": "Finalize",
      "Parallel Aware": false,
      "Startup Cost": 63593.52,
      "Total Cost": 63593.53,
      "Plan Rows": 1,
      "Plan Width": 8,
      "Actual Startup Time": 240.703,
      "Actual Total Time": 254.559,
      "Actual Rows": 1,
      "Actual Loops": 1,
      "Plans": [
        {
          "Node Type": "Gather",
          "Parent Relationship": "Outer",
          "Parallel Aware": false,
          "Startup Cost": 63593.3,
          "Total Cost": 63593.51,
          "Plan Rows": 2,
          "Plan Width": 8,
          "Actual Startup Time": 238.919,
          "Actual Total Time": 254.55,
          "Actual Rows": 3,
          "Actual Loops": 1,
          "Workers Planned": 2,
          "Workers Launched": 2,
          "Single Copy": false,
          "Plans": [
            {
              "Node Type": "Aggregate",
              "Strategy": "Plain",
              "Partial Mode": "Partial",
              "Parent Relationship": "Outer",
              "Parallel Aware": false,
              "Startup Cost": 62593.3,
              "Total Cost": 62593.31,
              "Plan Rows": 1,
              "Plan Width": 8,
              "Actual Startup Time": 231.625,
              "Actual Total Time": 231.628,
              "Actual Rows": 1,
              "Actual Loops": 3,
              "Plans": [
                {
                  "Node Type": "Hash Join",
                  "Parent Relationship": "Outer",
                  "Parallel Aware": true,
                  "Join Type": "Inner",
                  "Startup Cost": 46877.86,
                  "Total Cost": 62507.81,
                  "Plan Rows": 34198,
                  "Plan Width": 0,
                  "Actual Startup Time": 182.324,
                  "Actual Total Time": 229.869,
                  "Actual Rows": 36969,
                  "Actual Loops": 3,
                  "Inner Unique": true,
                  "Hash Cond": "(mi_idx.movie_id = t.id)",
                  "Plans": [
                    {
                      "Node Type": "Seq Scan",
                      "Parent Relationship": "Outer",
                      "Parallel Aware": true,
                      "Relation Name": "movie_info_idx",
                      "Alias": "mi_idx",
                      "Startup Cost": 0.0,
                      "Total Cost": 15122.68,
                      "Plan Rows": 193243,
                      "Plan Width": 4,
                      "Actual Startup Time": 0.015,
                      "Actual Total Time": 42.622,
                      "Actual Rows": 153308,
                      "Actual Loops": 3,
                      "Filter": "(info_type_id = 101)",
                      "Rows Removed by Filter": 306703
                    },
                    {
                      "Node Type": "Hash",
                      "Parent Relationship": "Inner",
                      "Parallel Aware": true,
                      "Startup Cost": 45479.59,
                      "Total Cost": 45479.59,
                      "Plan Rows": 111862,
                      "Plan Width": 4,
                      "Actual Startup Time": 150.711,
                      "Actual Total Time": 150.712,
                      "Actual Rows": 108363,
                      "Actual Loops": 3,
                      "Hash Buckets": 524288,
                      "Original Hash Buckets": 524288,
                      "Hash Batches": 1,
                      "Original Hash Batches": 1,
                      "Peak Memory Usage": 16832,
                      "Plans": [
                        {
                          "Node Type": "Seq Scan",
                          "Parent Relationship": "Outer",
                          "Parallel Aware": true,
                          "Relation Name": "title",
                          "Alias": "t",
                          "Startup Cost": 0.0,
                          "Total Cost": 45479.59,
                          "Plan Rows": 111862,
                          "Plan Width": 4,
                          "Actual Startup Time": 50.488,
                          "Actual Total Time": 123.475,
                          "Actual Rows": 108363,
                          "Actual Loops": 3,
                          "Filter": "((production_year > 1992) AND (kind_id = 1))",
                          "Rows Removed by Filter": 734408
                        }
                      ]
                    }
                  ]
                }
              ]
            }
          ]
        }
      ]
    },
    "Planning Time": 0.495,
    "Triggers": [],
    "Execution Time": 254.615
  }
]