[
  {
    "Plan": {
      "Node Type": "Aggregate",
      "Strategy": "Plain",
      "Partial Mode": "Finalize",
      "Parallel Aware": false,
      "Startup Cost": 424342.98,
      "Total Cost": 424342.99,
      "Plan Rows": 1,
      "Plan Width": 8,
      "Actual Startup Time": 3005.343,
      "Actual Total Time": 3072.829,
      "Actual Rows": 1,
      "Actual Loops": 1,
      "Plans": [
        {
          "Node Type": "Gather",
          "Parent Relationship": "Outer",
          "Parallel Aware": false,
          "Startup Cost": 424342.35,
          "Total Cost": 424342.96,
          "Plan Rows": 6,
          "Plan Width": 8,
          "Actual Startup Time": 2990.543,
          "Actual Total Time": 3072.814,
          "Actual Rows": 7,
          "Actual Loops": 1,
          "Workers Planned": 6,
          "Workers Launched": 6,
          "Single Copy": false,
          "Plans": [
            {
              "Node Type": "Aggregate",
              "Strategy": "Plain",
              "Partial Mode": "Partial",
              "Parent Relationship": "Outer",
              "Parallel Aware": false,
              "Startup Cost": 423342.35,
              "Total Cost": 423342.36,
              "Plan Rows": 1,
              "Plan Width": 8,
              "Actual Startup Time": 2979.57,
              "Actual Total Time": 2979.948,
              "Actual Rows": 1,
              "Actual Loops": 7,
              "Plans": [
                {
                  "Node Type": "Hash Join",
                  "Parent Relationship": "Outer",
                  "Parallel Aware": true,
                  "Join Type": "Inner",
                  "Startup Cost": 79837.51,
                  "Total Cost": 419938.77,
                  "Plan Rows": 1361433,
                  "Plan Width": 0,
                  "Actual Startup Time": 381.546,
                  "Actual Total Time": 2773.342,
                  "Actual Rows": 4874801,
                  "Actual Loops": 7,
                  "Inner Unique": false,
                  "Hash Cond": "(ci.movie_id = t.id)",
                  "Plans": [
                    {
                      "Node Type": "Seq Scan",
                      "Parent Relationship": "Outer",
                      "Parallel Aware": true,
                      "Relation Name": "cast_info",
                      "Alias": "ci",
                      "Startup Cost": 0.0,
                      "Total Cost": 313067.02,
                      "Plan Rows": 6038002,
                      "Plan Width": 4,
                      "Actual Startup Time": 0.026,
                      "Actual Total Time": 556.523,
                      "Actual Rows": 5177763,
                      "Actual Loops": 7
                    },
                    {
                      "Node Type": "Hash",
                      "Parent Relationship": "Inner",
                      "Parallel Aware": true,
                      "Startup Cost": 77538.83,
                      "Total Cost": 77538.83,
                      "Plan Rows": 183895,
                      "Plan Width": 8,
                      "Actual Startup Time": 378.105,
                      "Actual Total Time": 378.481,
                      "Actual Rows": 177573,
                      "Actual Loops": 7,
                      "Hash Buckets": 2097152,
                      "Original Hash Buckets": 1048576,
                      "Hash Batches": 1,
                      "Original Hash Batches": 1,
                      "Peak Memory Usage": 73344,
                      "Plans": [
                        {
                          "Node Type": "Hash Join",
                          "Parent Relationship": "Outer",
                          "Parallel Aware": true,
                          "Join Type": "Inner",
                          "Startup Cost": 46997.13,
                          "Total Cost": 77538.83,
                          "Plan Rows": 183895,
                          "Plan Width": 8,
                          "Actual Startup Time": 156.828,
                          "Actual Total Time": 280.276,
                          "Actual Rows": 177573,
                          "Actual Loops": 7,
                          "Inner Unique": true,
                          "Hash Cond": "(mc.movie_id = t.id)",
                          "Plans": [
                            {
                              "Node Type": "Seq Scan",
                              "Parent Relationship": "Outer",
                              "Parallel Aware": true,
                              "Relation Name": "movie_companies",
                              "Alias": "mc",
                              "Startup Cost": 0.0,
                              "Total Cost": 29310.68,
                              "Plan Rows": 468959,
                              "Plan Width": 4,
                              "Actual Startup Time": 4.695,
                              "Actual Total Time": 49.781,
                              "Actual Rows": 208026,
                              "Actual Loops": 7,
                              "Filter": "(company_id > 9121)",
                              "Rows Removed by Filter": 164707
                            },
                            {
                              "Node Type": "Hash",
                              "Parent Relationship": "Inner",
                              "Parallel Aware": true,
                              "Startup Cost": 43898.92,
                              "Total Cost": 43898.92,
                              "Plan Rows": 247857,
                              "Plan Width": 4,
                              "Actual Startup Time": 150.514,
                              "Actual Total Time": 150.516,
                              "Actual Rows": 140721,
                              "Actual Loops": 7,
                              "Hash Buckets": 1048576,
                              "Original Hash Buckets": 1048576,
                              "Hash Batches": 1,
                              "Original Hash Batches": 1,
                              "Peak Memory Usage": 46816,
                              "Plans": [
                                {
                                  "Node Type": "Seq Scan",
                                  "Parent Relationship": "Outer",
                                  "Parallel Aware": true,
                                  "Relation Name": "title",
                                  "Alias": "t",
                                  "Startup Cost": 0.0,
                                  "Total Cost": 43898.92,
                                  "Plan Rows": 247857,
                                  "Plan Width": 4,
                                  "Actual Startup Time": 0.045,
                                  "Actual Total Time": 82.342,
                                  "Actual Rows": 140721,
                                  "Actual Loops": 7,
                                  "Filter": "(kind_id < 7)",
                                  "Rows Removed by Filter": 220466
                                }
                              ]
                            }
                          ]
                        }
                      ]
                    }
                  ]
                }
              ]
            }
          ]
        }
      ]
    },
    "Planning Time": 1.398,
    "Triggers": [],
    "Execution Time": 3072.931
  }
]