{
  "Plan": {
    "Node Type": "Aggregate",
    "Strategy": "Plain",
    "Partial Mode": "Simple",
    "Parallel Aware": false,
    "Startup Cost": 20000699316.29,
    "Total Cost": 20000699316.3,
    "Plan Rows": 1,
    "Plan Width": 96,
    "Actual Startup Time": 107338.33,
    "Actual Total Time": 107362.504,
    "Actual Rows": 1,
    "Actual Loops": 1,
    "Plans": [
      {
        "Node Type": "Nested Loop",
        "Parent Relationship": "Outer",
        "Parallel Aware": false,
        "Join Type": "Inner",
        "Startup Cost": 20000680651.07,
        "Total Cost": 20000699316.29,
        "Plan Rows": 1,
        "Plan Width": 42,
        "Actual Startup Time": 106982.762,
        "Actual Total Time": 107361.406,
        "Actual Rows": 8373,
        "Actual Loops": 1,
        "Inner Unique": true,
        "Plans": [
          {
            "Node Type": "Hash Join",
            "Parent Relationship": "Outer",
            "Parallel Aware": false,
            "Join Type": "Inner",
            "Startup Cost": 20000680650.93,
            "Total Cost": 20000699316.1,
            "Plan Rows": 1,
            "Plan Width": 46,
            "Actual Startup Time": 106982.732,
            "Actual Total Time": 107353.736,
            "Actual Rows": 9489,
            "Actual Loops": 1,
            "Inner Unique": false,
            "Hash Cond": "(mi_idx.movie_id = t.id)",
            "Plans": [
              {
                "Node Type": "Nested Loop",
                "Parent Relationship": "Outer",
                "Parallel Aware": false,
                "Join Type": "Inner",
                "Startup Cost": 131807.34,
                "Total Cost": 150466.33,
                "Plan Rows": 1648,
                "Plan Width": 33,
                "Actual Startup Time": 925.194,
                "Actual Total Time": 1271.376,
                "Actual Rows": 178762,
                "Actual Loops": 1,
                "Inner Unique": false,
                "Join Filter": "(mi_idx.info_type_id = it2.id)",
                "Rows Removed by Join Filter": 353846,
                "Plans": [
                  {
                    "Node Type": "Seq Scan",
                    "Parent Relationship": "Outer",
                    "Parallel Aware": false,
                    "Relation Name": "info_type",
                    "Alias": "it2",
                    "Startup Cost": 0.0,
                    "Total Cost": 2.41,
                    "Plan Rows": 1,
                    "Plan Width": 4,
                    "Actual Startup Time": 0.028,
                    "Actual Total Time": 0.033,
                    "Actual Rows": 1,
                    "Actual Loops": 1,
                    "Filter": "((info)::text = 'rating'::text)",
                    "Rows Removed by Filter": 112
                  },
                  {
                    "Node Type": "Merge Join",
                    "Parent Relationship": "Inner",
                    "Parallel Aware": false,
                    "Join Type": "Inner",
                    "Startup Cost": 131807.34,
                    "Total Cost": 148135.59,
                    "Plan Rows": 186266,
                    "Plan Width": 37,
                    "Actual Startup Time": 925.155,
                    "Actual Total Time": 1240.16,
                    "Actual Rows": 532608,
                    "Actual Loops": 1,
                    "Inner Unique": false,
                    "Merge Cond": "(cn.id = mc.company_id)",
                    "Plans": [
                      {
                        "Node Type": "Index Scan",
                        "Parent Relationship": "Outer",
                        "Parallel Aware": false,
                        "Scan Direction": "Forward",
                        "Index Name": "company_name_pkey",
                        "Relation Name": "company_name",
                        "Alias": "cn",
                        "Startup Cost": 0.42,
                        "Total Cost": 12469.43,
                        "Plan Rows": 125473,
                        "Plan Width": 23,
                        "Actual Startup Time": 0.138,
                        "Actual Total Time": 131.186,
                        "Actual Rows": 125685,
                        "Actual Loops": 1,
                        "Filter": "((country_code)::text <> '[us]'::text)",
                        "Rows Removed by Filter": 108601
                      },
                      {
                        "Node Type": "Sort",
                        "Parent Relationship": "Inner",
                        "Parallel Aware": false,
                        "Startup Cost": 131753.59,
                        "Total Cost": 132625.73,
                        "Plan Rows": 348856,
                        "Plan Width": 22,
                        "Actual Startup Time": 924.771,
                        "Actual Total Time": 1020.904,
                        "Actual Rows": 607841,
                        "Actual Loops": 1,
                        "Sort Key": [
                          "mc.company_id"
                        ],
                        "Sort Method": "quicksort",
                        "Sort Space Used": 72064,
                        "Sort Space Type": "Memory",
                        "Plans": [
                          {
                            "Node Type": "Hash Join",
                            "Parent Relationship": "Outer",
                            "Parallel Aware": false,
                            "Join Type": "Inner",
                            "Startup Cost": 94403.54,
                            "Total Cost": 99637.43,
                            "Plan Rows": 348856,
                            "Plan Width": 22,
                            "Actual Startup Time": 593.516,
                            "Actual Total Time": 701.467,
                            "Actual Rows": 607841,
                            "Actual Loops": 1,
                            "Inner Unique": false,
                            "Hash Cond": "(ct.id = mc.company_type_id)",
                            "Plans": [
                              {
                                "Node Type": "Seq Scan",
                                "Parent Relationship": "Outer",
                                "Parallel Aware": false,
                                "Relation Name": "company_type",
                                "Alias": "ct",
                                "Startup Cost": 0.0,
                                "Total Cost": 1.04,
                                "Plan Rows": 4,
                                "Plan Width": 4,
                                "Actual Startup Time": 0.009,
                                "Actual Total Time": 0.02,
                                "Actual Rows": 4,
                                "Actual Loops": 1
                              },
                              {
                                "Node Type": "Hash",
                                "Parent Relationship": "Inner",
                                "Parallel Aware": false,
                                "Startup Cost": 90042.84,
                                "Total Cost": 90042.84,
                                "Plan Rows": 348856,
                                "Plan Width": 26,
                                "Actual Startup Time": 589.774,
                                "Actual Total Time": 602.509,
                                "Actual Rows": 607841,
                                "Actual Loops": 1,
                                "Hash Buckets": 1048576,
                                "Original Hash Buckets": 524288,
                                "Hash Batches": 1,
                                "Original Hash Batches": 1,
                                "Peak Memory Usage": 43377,
                                "Plans": [
                                  {
                                    "Node Type": "Gather",
                                    "Parent Relationship": "Outer",
                                    "Parallel Aware": false,
                                    "Startup Cost": 23109.43,
                                    "Total Cost": 90042.84,
                                    "Plan Rows": 348856,
                                    "Plan Width": 26,
                                    "Actual Startup Time": 258.985,
                                    "Actual Total Time": 472.385,
                                    "Actual Rows": 607841,
                                    "Actual Loops": 1,
                                    "Workers Planned": 3,
                                    "Workers Launched": 3,
                                    "Single Copy": false,
                                    "Plans": [
                                      {
                                        "Node Type": "Hash Join",
                                        "Parent Relationship": "Outer",
                                        "Parallel Aware": true,
                                        "Join Type": "Inner",
                                        "Startup Cost": 22109.43,
                                        "Total Cost": 54157.24,
                                        "Plan Rows": 112534,
                                        "Plan Width": 26,
                                        "Actual Startup Time": 247.706,
                                        "Actual Total Time": 453.176,
                                        "Actual Rows": 151960,
                                        "Actual Loops": 4,
                                        "Inner Unique": false,
                                        "Hash Cond": "(mc.movie_id = mi_idx.movie_id)",
                                        "Plans": [
                                          {
                                            "Node Type": "Seq Scan",
                                            "Parent Relationship": "Outer",
                                            "Parallel Aware": true,
                                            "Relation Name": "movie_companies",
                                            "Alias": "mc",
                                            "Startup Cost": 0.0,
                                            "Total Cost": 31414.82,
                                            "Plan Rows": 43760,
                                            "Plan Width": 12,
                                            "Actual Startup Time": 0.042,
                                            "Actual Total Time": 155.258,
                                            "Actual Rows": 75818,
                                            "Actual Loops": 4,
                                            "Filter": "((note !~~ '%(USA)%'::text) AND (note ~~ '%(200%)%'::text))",
                                            "Rows Removed by Filter": 576464
                                          },
                                          {
                                            "Node Type": "Hash",
                                            "Parent Relationship": "Inner",
                                            "Parallel Aware": true,
                                            "Startup Cost": 15122.68,
                                            "Total Cost": 15122.68,
                                            "Plan Rows": 558940,
                                            "Plan Width": 14,
                                            "Actual Startup Time": 240.5,
                                            "Actual Total Time": 240.501,
                                            "Actual Rows": 334408,
                                            "Actual Loops": 4,
                                            "Hash Buckets": 2097152,
                                            "Original Hash Buckets": 2097152,
                                            "Hash Batches": 1,
                                            "Original Hash Batches": 1,
                                            "Peak Memory Usage": 82816,
                                            "Plans": [
                                              {
                                                "Node Type": "Seq Scan",
                                                "Parent Relationship": "Outer",
                                                "Parallel Aware": true,
                                                "Relation Name": "movie_info_idx",
                                                "Alias": "mi_idx",
                                                "Startup Cost": 0.0,
                                                "Total Cost": 15122.68,
                                                "Plan Rows": 558940,
                                                "Plan Width": 14,
                                                "Actual Startup Time": 0.105,
                                                "Actual Total Time": 93.469,
                                                "Actual Rows": 334408,
                                                "Actual Loops": 4,
                                                "Filter": "(info < '8.5'::text)",
                                                "Rows Removed by Filter": 10600
                                              }
                                            ]
                                          }
                                        ]
                                      }
                                    ]
                                  }
                                ]
                              }
                            ]
                          }
                        ]
                      }
                    ]
                  }
                ]
              },
              {
                "Node Type": "Hash",
                "Parent Relationship": "Inner",
                "Parallel Aware": false,
                "Startup Cost": 20000548843.57,
                "Total Cost": 20000548843.57,
                "Plan Rows": 1,
                "Plan Width": 37,
                "Actual Startup Time": 106057.129,
                "Actual Total Time": 106068.551,
                "Actual Rows": 936,
                "Actual Loops": 1,
                "Hash Buckets": 1024,
                "Original Hash Buckets": 1024,
                "Hash Batches": 1,
                "Original Hash Batches": 1,
                "Peak Memory Usage": 71,
                "Plans": [
                  {
                    "Node Type": "Nested Loop",
                    "Parent Relationship": "Outer",
                    "Parallel Aware": false,
                    "Join Type": "Inner",
                    "Startup Cost": 20000312226.61,
                    "Total Cost": 20000548843.57,
                    "Plan Rows": 1,
                    "Plan Width": 37,
                    "Actual Startup Time": 2489.631,
                    "Actual Total Time": 106066.36,
                    "Actual Rows": 936,
                    "Actual Loops": 1,
                    "Inner Unique": false,
                    "Join Filter": "(t.id = mk.movie_id)",
                    "Rows Removed by Join Filter": 1225208696,
                    "Plans": [
                      {
                        "Node Type": "Nested Loop",
                        "Parent Relationship": "Outer",
                        "Parallel Aware": false,
                        "Join Type": "Inner",
                        "Startup Cost": 10000003912.0,
                        "Total Cost": 10000224702.98,
                        "Plan Rows": 12,
                        "Plan Width": 8,
                        "Actual Startup Time": 104.433,
                        "Actual Total Time": 1629.384,
                        "Actual Rows": 6704,
                        "Actual Loops": 1,
                        "Inner Unique": true,
                        "Join Filter": "(mk.keyword_id = k.id)",
                        "Rows Removed by Join Filter": 2071781,
                        "Plans": [
                          {
                            "Node Type": "Merge Join",
                            "Parent Relationship": "Outer",
                            "Parallel Aware": false,
                            "Join Type": "Inner",
                            "Startup Cost": 3912.0,
                            "Total Cost": 198238.99,
                            "Plan Rows": 391709,
                            "Plan Width": 12,
                            "Actual Startup Time": 71.767,
                            "Actual Total Time": 1339.744,
                            "Actual Rows": 694381,
                            "Actual Loops": 1,
                            "Inner Unique": false,
                            "Merge Cond": "(mk.movie_id = cc.movie_id)",
                            "Plans": [
                              {
                                "Node Type": "Index Scan",
                                "Parent Relationship": "Outer",
                                "Parallel Aware": false,
                                "Scan Direction": "Forward",
                                "Index Name": "movie_id_movie_keyword",
                                "Relation Name": "movie_keyword",
                                "Alias": "mk",
                                "Startup Cost": 0.43,
                                "Total Cost": 177148.48,
                                "Plan Rows": 4523930,
                                "Plan Width": 8,
                                "Actual Startup Time": 0.034,
                                "Actual Total Time": 846.885,
                                "Actual Rows": 4523930,
                                "Actual Loops": 1
                              },
                              {
                                "Node Type": "Sort",
                                "Parent Relationship": "Inner",
                                "Parallel Aware": false,
                                "Startup Cost": 3905.74,
                                "Total Cost": 3926.84,
                                "Plan Rows": 8443,
                                "Plan Width": 4,
                                "Actual Startup Time": 71.661,
                                "Actual Total Time": 107.497,
                                "Actual Rows": 725744,
                                "Actual Loops": 1,
                                "Sort Key": [
                                  "cc.movie_id"
                                ],
                                "Sort Method": "quicksort",
                                "Sort Space Used": 6263,
                                "Sort Space Type": "Memory",
                                "Plans": [
                                  {
                                    "Node Type": "Nested Loop",
                                    "Parent Relationship": "Outer",
                                    "Parallel Aware": false,
                                    "Join Type": "Inner",
                                    "Startup Cost": 0.42,
                                    "Total Cost": 3355.1,
                                    "Plan Rows": 8443,
                                    "Plan Width": 4,
                                    "Actual Startup Time": 0.176,
                                    "Actual Total Time": 48.534,
                                    "Actual Rows": 68062,
                                    "Actual Loops": 1,
                                    "Inner Unique": false,
                                    "Join Filter": "(cc.status_id = cct2.id)",
                                    "Rows Removed by Join Filter": 17879,
                                    "Plans": [
                                      {
                                        "Node Type": "Seq Scan",
                                        "Parent Relationship": "Outer",
                                        "Parallel Aware": false,
                                        "Relation Name": "comp_cast_type",
                                        "Alias": "cct2",
                                        "Startup Cost": 0.0,
                                        "Total Cost": 1.05,
                                        "Plan Rows": 1,
                                        "Plan Width": 4,
                                        "Actual Startup Time": 0.02,
                                        "Actual Total Time": 0.022,
                                        "Actual Rows": 1,
                                        "Actual Loops": 1,
                                        "Filter": "((kind)::text = 'complete'::text)",
                                        "Rows Removed by Filter": 3
                                      },
                                      {
                                        "Node Type": "Nested Loop",
                                        "Parent Relationship": "Inner",
                                        "Parallel Aware": false,
                                        "Join Type": "Inner",
                                        "Startup Cost": 0.42,
                                        "Total Cost": 2931.9,
                                        "Plan Rows": 33772,
                                        "Plan Width": 8,
                                        "Actual Startup Time": 0.147,
                                        "Actual Total Time": 38.237,
                                        "Actual Rows": 85941,
                                        "Actual Loops": 1,
                                        "Inner Unique": false,
                                        "Plans": [
                                          {
                                            "Node Type": "Seq Scan",
                                            "Parent Relationship": "Outer",
                                            "Parallel Aware": false,
                                            "Relation Name": "comp_cast_type",
                                            "Alias": "cct1",
                                            "Startup Cost": 0.0,
                                            "Total Cost": 1.05,
                                            "Plan Rows": 1,
                                            "Plan Width": 4,
                                            "Actual Startup Time": 0.004,
                                            "Actual Total Time": 0.011,
                                            "Actual Rows": 1,
                                            "Actual Loops": 1,
                                            "Filter": "((kind)::text = 'cast'::text)",
                                            "Rows Removed by Filter": 3
                                          },
                                          {
                                            "Node Type": "Index Scan",
                                            "Parent Relationship": "Inner",
                                            "Parallel Aware": false,
                                            "Scan Direction": "Forward",
                                            "Index Name": "subject_id_complete_cast",
                                            "Relation Name": "complete_cast",
                                            "Alias": "cc",
                                            "Startup Cost": 0.42,
                                            "Total Cost": 2255.42,
                                            "Plan Rows": 67543,
                                            "Plan Width": 12,
                                            "Actual Startup Time": 0.138,
                                            "Actual Total Time": 25.559,
                                            "Actual Rows": 85941,
                                            "Actual Loops": 1,
                                            "Index Cond": "(subject_id = cct1.id)",
                                            "Rows Removed by Index Recheck": 0
                                          }
                                        ]
                                      }
                                    ]
                                  }
                                ]
                              }
                            ]
                          },
                          {
                            "Node Type": "Materialize",
                            "Parent Relationship": "Inner",
                            "Parallel Aware": false,
                            "Startup Cost": 0.0,
                            "Total Cost": 2961.57,
                            "Plan Rows": 4,
                            "Plan Width": 4,
                            "Actual Startup Time": 0.0,
                            "Actual Total Time": 0.0,
                            "Actual Rows": 3,
                            "Actual Loops": 694381,
                            "Plans": [
                              {
                                "Node Type": "Seq Scan",
                                "Parent Relationship": "Outer",
                                "Parallel Aware": false,
                                "Relation Name": "keyword",
                                "Alias": "k",
                                "Startup Cost": 0.0,
                                "Total Cost": 2961.55,
                                "Plan Rows": 4,
                                "Plan Width": 4,
                                "Actual Startup Time": 1.442,
                                "Actual Total Time": 29.9,
                                "Actual Rows": 3,
                                "Actual Loops": 1,
                                "Filter": "(keyword = ANY ('{murder,murder-in-title,blood,violence}'::text[]))",
                                "Rows Removed by Filter": 134167
                              }
                            ]
                          }
                        ]
                      },
                      {
                        "Node Type": "Materialize",
                        "Parent Relationship": "Inner",
                        "Parallel Aware": false,
                        "Startup Cost": 308314.61,
                        "Total Cost": 310183.24,
                        "Plan Rows": 78633,
                        "Plan Width": 29,
                        "Actual Startup Time": 0.198,
                        "Actual Total Time": 6.367,
                        "Actual Rows": 182758,
                        "Actual Loops": 6704,
                        "Plans": [
                          {
                            "Node Type": "Hash Join",
                            "Parent Relationship": "Outer",
                            "Parallel Aware": false,
                            "Join Type": "Inner",
                            "Startup Cost": 308314.61,
                            "Total Cost": 309790.07,
                            "Plan Rows": 78633,
                            "Plan Width": 29,
                            "Actual Startup Time": 1323.08,
                            "Actual Total Time": 1353.63,
                            "Actual Rows": 182758,
                            "Actual Loops": 1,
                            "Inner Unique": false,
                            "Hash Cond": "(kt.id = t.kind_id)",
                            "Plans": [
                              {
                                "Node Type": "Seq Scan",
                                "Parent Relationship": "Outer",
                                "Parallel Aware": false,
                                "Relation Name": "kind_type",
                                "Alias": "kt",
                                "Startup Cost": 0.0,
                                "Total Cost": 1.09,
                                "Plan Rows": 2,
                                "Plan Width": 4,
                                "Actual Startup Time": 0.014,
                                "Actual Total Time": 0.024,
                                "Actual Rows": 2,
                                "Actual Loops": 1,
                                "Filter": "((kind)::text = ANY ('{movie,episode}'::text[]))",
                                "Rows Removed by Filter": 5
                              },
                              {
                                "Node Type": "Hash",
                                "Parent Relationship": "Inner",
                                "Parallel Aware": false,
                                "Startup Cost": 304874.39,
                                "Total Cost": 304874.39,
                                "Plan Rows": 275217,
                                "Plan Width": 33,
                                "Actual Startup Time": 1319.579,
                                "Actual Total Time": 1330.98,
                                "Actual Rows": 266130,
                                "Actual Loops": 1,
                                "Hash Buckets": 524288,
                                "Original Hash Buckets": 524288,
                                "Hash Batches": 1,
                                "Original Hash Batches": 1,
                                "Peak Memory Usage": 21923,
                                "Plans": [
                                  {
                                    "Node Type": "Gather",
                                    "Parent Relationship": "Outer",
                                    "Parallel Aware": false,
                                    "Startup Cost": 48094.02,
                                    "Total Cost": 304874.39,
                                    "Plan Rows": 275217,
                                    "Plan Width": 33,
                                    "Actual Startup Time": 275.025,
                                    "Actual Total Time": 1286.633,
                                    "Actual Rows": 266130,
                                    "Actual Loops": 1,
                                    "Workers Planned": 5,
                                    "Workers Launched": 5,
                                    "Single Copy": false,
                                    "Plans": [
                                      {
                                        "Node Type": "Hash Join",
                                        "Parent Relationship": "Outer",
                                        "Parallel Aware": true,
                                        "Join Type": "Inner",
                                        "Startup Cost": 47094.02,
                                        "Total Cost": 276352.69,
                                        "Plan Rows": 55043,
                                        "Plan Width": 33,
                                        "Actual Startup Time": 263.131,
                                        "Actual Total Time": 1268.481,
                                        "Actual Rows": 44355,
                                        "Actual Loops": 6,
                                        "Inner Unique": true,
                                        "Hash Cond": "(mi.movie_id = t.id)",
                                        "Plans": [
                                          {
                                            "Node Type": "Seq Scan",
                                            "Parent Relationship": "Outer",
                                            "Parallel Aware": true,
                                            "Relation Name": "movie_info",
                                            "Alias": "mi",
                                            "Startup Cost": 0.0,
                                            "Total Cost": 228901.28,
                                            "Plan Rows": 136153,
                                            "Plan Width": 8,
                                            "Actual Startup Time": 0.421,
                                            "Actual Total Time": 944.571,
                                            "Actual Rows": 119368,
                                            "Actual Loops": 6,
                                            "Filter": "(info = ANY ('{Sweden,Norway,Germany,Denmark,Swedish,Danish,Norwegian,German,USA,American}'::text[]))",
                                            "Rows Removed by Filter": 2353252
                                          },
                                          {
                                            "Node Type": "Hash",
                                            "Parent Relationship": "Inner",
                                            "Parallel Aware": true,
                                            "Startup Cost": 43899.59,
                                            "Total Cost": 43899.59,
                                            "Plan Rows": 255554,
                                            "Plan Width": 25,
                                            "Actual Startup Time": 259.171,
                                            "Actual Total Time": 259.171,
                                            "Actual Rows": 168820,
                                            "Actual Loops": 6,
                                            "Hash Buckets": 1048576,
                                            "Original Hash Buckets": 1048576,
                                            "Hash Batches": 1,
                                            "Original Hash Batches": 1,
                                            "Peak Memory Usage": 68224,
                                            "Plans": [
                                              {
                                                "Node Type": "Seq Scan",
                                                "Parent Relationship": "Outer",
                                                "Parallel Aware": true,
                                                "Relation Name": "title",
                                                "Alias": "t",
                                                "Startup Cost": 0.0,
                                                "Total Cost": 43899.59,
                                                "Plan Rows": 255554,
                                                "Plan Width": 25,
                                                "Actual Startup Time": 0.086,
                                                "Actual Total Time": 143.587,
                                                "Actual Rows": 168820,
                                                "Actual Loops": 6,
                                                "Filter": "(production_year > 2005)",
                                                "Rows Removed by Filter": 252565
                                              }
                                            ]
                                          }
                                        ]
                                      }
                                    ]
                                  }
                                ]
                              }
                            ]
                          }
                        ]
                      }
                    ]
                  }
                ]
              }
            ]
          },
          {
            "Node Type": "Index Scan",
            "Parent Relationship": "Inner",
            "Parallel Aware": false,
            "Scan Direction": "Forward",
            "Index Name": "info_type_pkey",
            "Relation Name": "info_type",
            "Alias": "it1",
            "Startup Cost": 0.14,
            "Total Cost": 0.16,
            "Plan Rows": 1,
            "Plan Width": 4,
            "Actual Startup Time": 0.001,
            "Actual Total Time": 0.001,
            "Actual Rows": 1,
            "Actual Loops": 9489,
            "Index Cond": "(id = mi.info_type_id)",
            "Rows Removed by Index Recheck": 0,
            "Filter": "((info)::text = 'countries'::text)",
            "Rows Removed by Filter": 0
          }
        ]
      }
    ]
  },
  "Planning Time": 327.92,
  "Triggers": [],
  "Execution Time": 107379.352
}