[
  {
    "Plan": {
      "Node Type": "Aggregate",
      "Strategy": "Plain",
      "Partial Mode": "Finalize",
      "Parallel Aware": false,
      "Startup Cost": 47001.39,
      "Total Cost": 47001.4,
      "Plan Rows": 1,
      "Plan Width": 8,
      "Actual Startup Time": 209.87,
      "Actual Total Time": 221.081,
      "Actual Rows": 1,
      "Actual Loops": 1,
      "Plans": [
        {
          "Node Type": "Gather",
          "Parent Relationship": "Outer",
          "Parallel Aware": false,
          "Startup Cost": 47001.07,
          "Total Cost": 47001.38,
          "Plan Rows": 3,
          "Plan Width": 8,
          "Actual Startup Time": 209.729,
          "Actual Total Time": 221.072,
          "Actual Rows": 4,
          "Actual Loops": 1,
          "Workers Planned": 3,
          "Workers Launched": 3,
          "Single Copy": false,
          "Plans": [
            {
              "Node Type": "Aggregate",
              "Strategy": "Plain",
              "Partial Mode": "Partial",
              "Parent Relationship": "Outer",
              "Parallel Aware": false,
              "Startup Cost": 46001.07,
              "Total Cost": 46001.08,
              "Plan Rows": 1,
              "Plan Width": 8,
              "Actual Startup Time": 201.219,
              "Actual Total Time": 201.221,
              "Actual Rows": 1,
              "Actual Loops": 4,
              "Plans": [
                {
                  "Node Type": "Seq Scan",
                  "Parent Relationship": "Outer",
                  "Parallel Aware": true,
                  "Relation Name": "movie_keyword",
                  "Alias": "mk",
                  "Startup Cost": 0.0,
                  "Total Cost": 42695.65,
                  "Plan Rows": 1322168,
                  "Plan Width": 0,
                  "Actual Startup Time": 0.049,
                  "Actual Total Time": 144.446,
                  "Actual Rows": 1025816,
                  "Actual Loops": 4,
                  "Filter": "(keyword_id < 41460)",
                  "Rows Removed by Filter": 105166
                }
              ]
            }
          ]
        }
      ]
    },
    "Planning Time": 0.159,
    "Triggers": [],
    "Execution Time": 221.132
  }
]