[
  {
    "Plan": {
      "Node Type": "Aggregate",
      "Strategy": "Plain",
      "Partial Mode": "Finalize",
      "Parallel Aware": false,
      "Startup Cost": 33288.13,
      "Total Cost": 33288.14,
      "Plan Rows": 1,
      "Plan Width": 8,
      "Actual Startup Time": 86.553,
      "Actual Total Time": 92.29,
      "Actual Rows": 1,
      "Actual Loops": 1,
      "Plans": [
        {
          "Node Type": "Gather",
          "Parent Relationship": "Outer",
          "Parallel Aware": false,
          "Startup Cost": 33287.81,
          "Total Cost": 33288.12,
          "Plan Rows": 3,
          "Plan Width": 8,
          "Actual Startup Time": 86.405,
          "Actual Total Time": 92.283,
          "Actual Rows": 4,
          "Actual Loops": 1,
          "Workers Planned": 3,
          "Workers Launched": 3,
          "Single Copy": false,
          "Plans": [
            {
              "Node Type": "Aggregate",
              "Strategy": "Plain",
              "Partial Mode": "Partial",
              "Parent Relationship": "Outer",
              "Parallel Aware": false,
              "Startup Cost": 32287.81,
              "Total Cost": 32287.82,
              "Plan Rows": 1,
              "Plan Width": 8,
              "Actual Startup Time": 82.785,
              "Actual Total Time": 82.787,
              "Actual Rows": 1,
              "Actual Loops": 4,
              "Plans": [
                {
                  "Node Type": "Seq Scan",
                  "Parent Relationship": "Outer",
                  "Parallel Aware": true,
                  "Relation Name": "movie_companies",
                  "Alias": "mc",
                  "Startup Cost": 0.0,
                  "Total Cost": 31414.82,
                  "Plan Rows": 349198,
                  "Plan Width": 0,
                  "Actual Startup Time": 0.055,
                  "Actual Total Time": 71.399,
                  "Actual Rows": 244172,
                  "Actual Loops": 4,
                  "Filter": "((company_id > 228) AND (company_type_id = 1))",
                  "Rows Removed by Filter": 408111
                }
              ]
            }
          ]
        }
      ]
    },
    "Planning Time": 0.117,
    "Triggers": [],
    "Execution Time": 92.322
  }
]