[
  {
    "Plan": {
      "Node Type": "Aggregate",
      "Strategy": "Plain",
      "Partial Mode": "Finalize",
      "Parallel Aware": false,
      "Startup Cost": 32728.93,
      "Total Cost": 32728.94,
      "Plan Rows": 1,
      "Plan Width": 8,
      "Actual Startup Time": 68.527,
      "Actual Total Time": 76.232,
      "Actual Rows": 1,
      "Actual Loops": 1,
      "Plans": [
        {
          "Node Type": "Gather",
          "Parent Relationship": "Outer",
          "Parallel Aware": false,
          "Startup Cost": 32728.61,
          "Total Cost": 32728.92,
          "Plan Rows": 3,
          "Plan Width": 8,
          "Actual Startup Time": 68.453,
          "Actual Total Time": 76.225,
          "Actual Rows": 4,
          "Actual Loops": 1,
          "Workers Planned": 3,
          "Workers Launched": 3,
          "Single Copy": false,
          "Plans": [
            {
              "Node Type": "Aggregate",
              "Strategy": "Plain",
              "Partial Mode": "Partial",
              "Parent Relationship": "Outer",
              "Parallel Aware": false,
              "Startup Cost": 31728.61,
              "Total Cost": 31728.62,
              "Plan Rows": 1,
              "Plan Width": 8,
              "Actual Startup Time": 64.145,
              "Actual Total Time": 64.146,
              "Actual Rows": 1,
              "Actual Loops": 4,
              "Plans": [
                {
                  "Node Type": "Seq Scan",
                  "Parent Relationship": "Outer",
                  "Parallel Aware": true,
                  "Relation Name": "movie_companies",
                  "Alias": "mc",
                  "Startup Cost": 0.0,
                  "Total Cost": 31414.82,
                  "Plan Rows": 125516,
                  "Plan Width": 0,
                  "Actual Startup Time": 18.113,
                  "Actual Total Time": 63.321,
                  "Actual Rows": 16745,
                  "Actual Loops": 4,
                  "Filter": "((company_id > 31914) AND (company_type_id = 1))",
                  "Rows Removed by Filter": 635537
                }
              ]
            }
          ]
        }
      ]
    },
    "Planning Time": 0.184,
    "Triggers": [],
    "Execution Time": 76.281
  }
]