[
  {
    "Plan": {
      "Node Type": "Aggregate",
      "Strategy": "Plain",
      "Partial Mode": "Finalize",
      "Parallel Aware": false,
      "Startup Cost": 32721.82,
      "Total Cost": 32721.83,
      "Plan Rows": 1,
      "Plan Width": 8,
      "Actual Startup Time": 83.259,
      "Actual Total Time": 91.003,
      "Actual Rows": 1,
      "Actual Loops": 1,
      "Plans": [
        {
          "Node Type": "Gather",
          "Parent Relationship": "Outer",
          "Parallel Aware": false,
          "Startup Cost": 32721.5,
          "Total Cost": 32721.81,
          "Plan Rows": 3,
          "Plan Width": 8,
          "Actual Startup Time": 83.123,
          "Actual Total Time": 90.995,
          "Actual Rows": 4,
          "Actual Loops": 1,
          "Workers Planned": 3,
          "Workers Launched": 3,
          "Single Copy": false,
          "Plans": [
            {
              "Node Type": "Aggregate",
              "Strategy": "Plain",
              "Partial Mode": "Partial",
              "Parent Relationship": "Outer",
              "Parallel Aware": false,
              "Startup Cost": 31721.5,
              "Total Cost": 31721.51,
              "Plan Rows": 1,
              "Plan Width": 8,
              "Actual Startup Time": 76.405,
              "Actual Total Time": 76.406,
              "Actual Rows": 1,
              "Actual Loops": 4,
              "Plans": [
                {
                  "Node Type": "Seq Scan",
                  "Parent Relationship": "Outer",
                  "Parallel Aware": true,
                  "Relation Name": "movie_companies",
                  "Alias": "mc",
                  "Startup Cost": 0.0,
                  "Total Cost": 31414.82,
                  "Plan Rows": 122674,
                  "Plan Width": 0,
                  "Actual Startup Time": 26.757,
                  "Actual Total Time": 75.479,
                  "Actual Rows": 16745,
                  "Actual Loops": 4,
                  "Filter": "((company_id > 31914) AND (company_type_id = 1))",
                  "Rows Removed by Filter": 635537
                }
              ]
            }
          ]
        }
      ]
    },
    "Planning Time": 0.184,
    "Triggers": [],
    "Execution Time": 91.051
  }
]