[
    {
        "Bao": {
            "Bao prediction": "NaN",
            "Bao recommended hint": "(no hint)"
        }
    },
    {
        "Plan": {
            "Node Type": "Aggregate",
            "Strategy": "Plain",
            "Partial Mode": "Finalize",
            "Parallel Aware": false,
            "Startup Cost": 33472.09,
            "Total Cost": 33472.1,
            "Plan Rows": 1,
            "Plan Width": 8,
            "Actual Startup Time": 87.89,
            "Actual Total Time": 93.649,
            "Actual Rows": 1,
            "Actual Loops": 1,
            "Output": [
                "count(*)"
            ],
            "Plans": [
                {
                    "Node Type": "Gather",
                    "Parent Relationship": "Outer",
                    "Parallel Aware": false,
                    "Startup Cost": 33471.78,
                    "Total Cost": 33472.09,
                    "Plan Rows": 3,
                    "Plan Width": 8,
                    "Actual Startup Time": 87.621,
                    "Actual Total Time": 93.641,
                    "Actual Rows": 4,
                    "Actual Loops": 1,
                    "Output": [
                        "(PARTIAL count(*))"
                    ],
                    "Workers Planned": 3,
                    "Workers Launched": 3,
                    "Single Copy": false,
                    "Plans": [
                        {
                            "Node Type": "Aggregate",
                            "Strategy": "Plain",
                            "Partial Mode": "Partial",
                            "Parent Relationship": "Outer",
                            "Parallel Aware": false,
                            "Startup Cost": 32471.78,
                            "Total Cost": 32471.79,
                            "Plan Rows": 1,
                            "Plan Width": 8,
                            "Actual Startup Time": 79.052,
                            "Actual Total Time": 79.053,
                            "Actual Rows": 1,
                            "Actual Loops": 4,
                            "Output": [
                                "PARTIAL count(*)"
                            ],
                            "Workers": [
                                {
                                    "Worker Number": 0,
                                    "Actual Startup Time": 75.626,
                                    "Actual Total Time": 75.627,
                                    "Actual Rows": 1,
                                    "Actual Loops": 1
                                },
                                {
                                    "Worker Number": 1,
                                    "Actual Startup Time": 76.495,
                                    "Actual Total Time": 76.497,
                                    "Actual Rows": 1,
                                    "Actual Loops": 1
                                },
                                {
                                    "Worker Number": 2,
                                    "Actual Startup Time": 76.695,
                                    "Actual Total Time": 76.697,
                                    "Actual Rows": 1,
                                    "Actual Loops": 1
                                }
                            ],
                            "Plans": [
                                {
                                    "Node Type": "Bitmap Heap Scan",
                                    "Parent Relationship": "Outer",
                                    "Parallel Aware": true,
                                    "Relation Name": "movie_keyword",
                                    "Schema": "public",
                                    "Alias": "mk",
                                    "Startup Cost": 6528.98,
                                    "Total Cost": 32223.64,
                                    "Plan Rows": 99253,
                                    "Plan Width": 0,
                                    "Actual Startup Time": 14.402,
                                    "Actual Total Time": 74.451,
                                    "Actual Rows": 75986,
                                    "Actual Loops": 4,
                                    "Recheck Cond": "(mk.keyword_id > 53261)",
                                    "Rows Removed by Index Recheck": 0,
                                    "Exact Heap Blocks": 10769,
                                    "Lossy Heap Blocks": 0,
                                    "Workers": [
                                        {
                                            "Worker Number": 0,
                                            "Actual Startup Time": 11.119,
                                            "Actual Total Time": 71.57,
                                            "Actual Rows": 54149,
                                            "Actual Loops": 1
                                        },
                                        {
                                            "Worker Number": 1,
                                            "Actual Startup Time": 12.026,
                                            "Actual Total Time": 72.44,
                                            "Actual Rows": 50128,
                                            "Actual Loops": 1
                                        },
                                        {
                                            "Worker Number": 2,
                                            "Actual Startup Time": 12.031,
                                            "Actual Total Time": 72.626,
                                            "Actual Rows": 50463,
                                            "Actual Loops": 1
                                        }
                                    ],
                                    "Plans": [
                                        {
                                            "Node Type": "Bitmap Index Scan",
                                            "Parent Relationship": "Outer",
                                            "Parallel Aware": false,
                                            "Index Name": "keyword_id_movie_keyword",
                                            "Startup Cost": 0.0,
                                            "Total Cost": 6452.06,
                                            "Plan Rows": 307684,
                                            "Plan Width": 0,
                                            "Actual Startup Time": 19.261,
                                            "Actual Total Time": 19.262,
                                            "Actual Rows": 303946,
                                            "Actual Loops": 1,
                                            "Index Cond": "(mk.keyword_id > 53261)"
                                        }
                                    ]
                                }
                            ]
                        }
                    ]
                }
            ]
        },
        "Planning Time": 181.904,
        "Triggers": [],
        "Execution Time": 93.695
    }
]