[
  {
    "Plan": {
      "Node Type": "Aggregate",
      "Strategy": "Plain",
      "Partial Mode": "Finalize",
      "Parallel Aware": false,
      "Startup Cost": 124094.42,
      "Total Cost": 124094.43,
      "Plan Rows": 1,
      "Plan Width": 8,
      "Actual Startup Time": 352.632,
      "Actual Total Time": 374.393,
      "Actual Rows": 1,
      "Actual Loops": 1,
      "Plans": [
        {
          "Node Type": "Gather",
          "Parent Relationship": "Outer",
          "Parallel Aware": false,
          "Startup Cost": 124094.11,
          "Total Cost": 124094.42,
          "Plan Rows": 3,
          "Plan Width": 8,
          "Actual Startup Time": 352.127,
          "Actual Total Time": 374.386,
          "Actual Rows": 4,
          "Actual Loops": 1,
          "Workers Planned": 3,
          "Workers Launched": 3,
          "Single Copy": false,
          "Plans": [
            {
              "Node Type": "Aggregate",
              "Strategy": "Plain",
              "Partial Mode": "Partial",
              "Parent Relationship": "Outer",
              "Parallel Aware": false,
              "Startup Cost": 123094.11,
              "Total Cost": 123094.12,
              "Plan Rows": 1,
              "Plan Width": 8,
              "Actual Startup Time": 343.08,
              "Actual Total Time": 343.088,
              "Actual Rows": 1,
              "Actual Loops": 4,
              "Plans": [
                {
                  "Node Type": "Hash Join",
                  "Parent Relationship": "Outer",
                  "Parallel Aware": true,
                  "Join Type": "Inner",
                  "Startup Cost": 78233.16,
                  "Total Cost": 122923.54,
                  "Plan Rows": 68226,
                  "Plan Width": 0,
                  "Actual Startup Time": 303.275,
                  "Actual Total Time": 341.941,
                  "Actual Rows": 29166,
                  "Actual Loops": 4,
                  "Inner Unique": false,
                  "Hash Cond": "(mk.movie_id = t.id)",
                  "Plans": [
                    {
                      "Node Type": "Seq Scan",
                      "Parent Relationship": "Outer",
                      "Parallel Aware": true,
                      "Relation Name": "movie_keyword",
                      "Alias": "mk",
                      "Startup Cost": 0.0,
                      "Total Cost": 39047.32,
                      "Plan Rows": 1459332,
                      "Plan Width": 4,
                      "Actual Startup Time": 0.021,
                      "Actual Total Time": 82.69,
                      "Actual Rows": 1130982,
                      "Actual Loops": 4
                    },
                    {
                      "Node Type": "Hash",
                      "Parent Relationship": "Inner",
                      "Parallel Aware": true,
                      "Startup Cost": 77863.79,
                      "Total Cost": 77863.79,
                      "Plan Rows": 29550,
                      "Plan Width": 8,
                      "Actual Startup Time": 184.077,
                      "Actual Total Time": 184.083,
                      "Actual Rows": 2860,
                      "Actual Loops": 4,
                      "Hash Buckets": 131072,
                      "Original Hash Buckets": 131072,
                      "Hash Batches": 1,
                      "Original Hash Batches": 1,
                      "Peak Memory Usage": 1568,
                      "Plans": [
                        {
                          "Node Type": "Hash Join",
                          "Parent Relationship": "Outer",
                          "Parallel Aware": true,
                          "Join Type": "Inner",
                          "Startup Cost": 32630.27,
                          "Total Cost": 77863.79,
                          "Plan Rows": 29550,
                          "Plan Width": 8,
                          "Actual Startup Time": 136.067,
                          "Actual Total Time": 182.836,
                          "Actual Rows": 2860,
                          "Actual Loops": 4,
                          "Inner Unique": false,
                          "Hash Cond": "(t.id = mc.movie_id)",
                          "Plans": [
                            {
                              "Node Type": "Seq Scan",
                              "Parent Relationship": "Outer",
                              "Parallel Aware": true,
                              "Relation Name": "title",
                              "Alias": "t",
                              "Startup Cost": 0.0,
                              "Total Cost": 43898.92,
                              "Plan Rows": 247857,
                              "Plan Width": 4,
                              "Actual Startup Time": 0.013,
                              "Actual Total Time": 76.747,
                              "Actual Rows": 246262,
                              "Actual Loops": 4,
                              "Filter": "(kind_id < 7)",
                              "Rows Removed by Filter": 385816
                            },
                            {
                              "Node Type": "Hash",
                              "Parent Relationship": "Inner",
                              "Parallel Aware": true,
                              "Startup Cost": 31414.82,
                              "Total Cost": 31414.82,
                              "Plan Rows": 97236,
                              "Plan Width": 4,
                              "Actual Startup Time": 77.012,
                              "Actual Total Time": 77.015,
                              "Actual Rows": 2860,
                              "Actual Loops": 4,
                              "Hash Buckets": 524288,
                              "Original Hash Buckets": 524288,
                              "Hash Batches": 1,
                              "Original Hash Batches": 1,
                              "Peak Memory Usage": 4640,
                              "Plans": [
                                {
                                  "Node Type": "Seq Scan",
                                  "Parent Relationship": "Outer",
                                  "Parallel Aware": true,
                                  "Relation Name": "movie_companies",
                                  "Alias": "mc",
                                  "Startup Cost": 0.0,
                                  "Total Cost": 31414.82,
                                  "Plan Rows": 97236,
                                  "Plan Width": 4,
                                  "Actual Startup Time": 40.904,
                                  "Actual Total Time": 73.657,
                                  "Actual Rows": 2860,
                                  "Actual Loops": 4,
                                  "Filter": "((company_id > 60888) AND (company_type_id < 2))",
                                  "Rows Removed by Filter": 649423
                                }
                              ]
                            }
                          ]
                        }
                      ]
                    }
                  ]
                }
              ]
            }
          ]
        }
      ]
    },
    "Planning Time": 1.429,
    "Triggers": [],
    "Execution Time": 374.482
  }
]