[
  {
    "Plan": {
      "Node Type": "Aggregate",
      "Strategy": "Plain",
      "Partial Mode": "Finalize",
      "Parallel Aware": false,
      "Startup Cost": 26322.48,
      "Total Cost": 26322.49,
      "Plan Rows": 1,
      "Plan Width": 8,
      "Actual Startup Time": 16.713,
      "Actual Total Time": 19.583,
      "Actual Rows": 1,
      "Actual Loops": 1,
      "Plans": [
        {
          "Node Type": "Gather",
          "Parent Relationship": "Outer",
          "Parallel Aware": false,
          "Startup Cost": 26322.26,
          "Total Cost": 26322.47,
          "Plan Rows": 2,
          "Plan Width": 8,
          "Actual Startup Time": 16.619,
          "Actual Total Time": 19.577,
          "Actual Rows": 3,
          "Actual Loops": 1,
          "Workers Planned": 2,
          "Workers Launched": 2,
          "Single Copy": false,
          "Plans": [
            {
              "Node Type": "Aggregate",
              "Strategy": "Plain",
              "Partial Mode": "Partial",
              "Parent Relationship": "Outer",
              "Parallel Aware": false,
              "Startup Cost": 25322.26,
              "Total Cost": 25322.27,
              "Plan Rows": 1,
              "Plan Width": 8,
              "Actual Startup Time": 13.661,
              "Actual Total Time": 13.664,
              "Actual Rows": 1,
              "Actual Loops": 3,
              "Plans": [
                {
                  "Node Type": "Nested Loop",
                  "Parent Relationship": "Outer",
                  "Parallel Aware": false,
                  "Join Type": "Inner",
                  "Startup Cost": 154.6,
                  "Total Cost": 25320.27,
                  "Plan Rows": 798,
                  "Plan Width": 0,
                  "Actual Startup Time": 4.042,
                  "Actual Total Time": 13.565,
                  "Actual Rows": 750,
                  "Actual Loops": 3,
                  "Inner Unique": true,
                  "Plans": [
                    {
                      "Node Type": "Bitmap Heap Scan",
                      "Parent Relationship": "Outer",
                      "Parallel Aware": true,
                      "Relation Name": "movie_companies",
                      "Alias": "mc",
                      "Startup Cost": 154.17,
                      "Total Cost": 13928.6,
                      "Plan Rows": 1500,
                      "Plan Width": 4,
                      "Actual Startup Time": 3.978,
                      "Actual Total Time": 5.948,
                      "Actual Rows": 903,
                      "Actual Loops": 3,
                      "Recheck Cond": "(company_id = 302)",
                      "Rows Removed by Index Recheck": 0,
                      "Filter": "(company_type_id = 2)",
                      "Rows Removed by Filter": 1326,
                      "Exact Heap Blocks": 2847,
                      "Lossy Heap Blocks": 0,
                      "Plans": [
                        {
                          "Node Type": "Bitmap Index Scan",
                          "Parent Relationship": "Outer",
                          "Parallel Aware": false,
                          "Index Name": "company_id_movie_companies",
                          "Startup Cost": 0.0,
                          "Total Cost": 153.27,
                          "Plan Rows": 7045,
                          "Plan Width": 0,
                          "Actual Startup Time": 1.692,
                          "Actual Total Time": 1.699,
                          "Actual Rows": 6686,
                          "Actual Loops": 1,
                          "Index Cond": "(company_id = 302)"
                        }
                      ]
                    },
                    {
                      "Node Type": "Index Scan",
                      "Parent Relationship": "Inner",
                      "Parallel Aware": false,
                      "Scan Direction": "Forward",
                      "Index Name": "title_pkey",
                      "Relation Name": "title",
                      "Alias": "t",
                      "Startup Cost": 0.43,
                      "Total Cost": 7.59,
                      "Plan Rows": 1,
                      "Plan Width": 4,
                      "Actual Startup Time": 0.008,
                      "Actual Total Time": 0.008,
                      "Actual Rows": 1,
                      "Actual Loops": 2708,
                      "Index Cond": "(id = mc.movie_id)",
                      "Rows Removed by Index Recheck": 0,
                      "Filter": "(production_year < 2005)",
                      "Rows Removed by Filter": 0
                    }
                  ]
                }
              ]
            }
          ]
        }
      ]
    },
    "Planning Time": 0.239,
    "Triggers": [],
    "Execution Time": 19.621
  }
]