[
  {
    "Plan": {
      "Node Type": "Aggregate",
      "Strategy": "Plain",
      "Partial Mode": "Finalize",
      "Parallel Aware": false,
      "Startup Cost": 27755.78,
      "Total Cost": 27755.79,
      "Plan Rows": 1,
      "Plan Width": 8,
      "Actual Startup Time": 31.959,
      "Actual Total Time": 36.613,
      "Actual Rows": 1,
      "Actual Loops": 1,
      "Plans": [
        {
          "Node Type": "Gather",
          "Parent Relationship": "Outer",
          "Parallel Aware": false,
          "Startup Cost": 27755.57,
          "Total Cost": 27755.78,
          "Plan Rows": 2,
          "Plan Width": 8,
          "Actual Startup Time": 31.805,
          "Actual Total Time": 36.606,
          "Actual Rows": 3,
          "Actual Loops": 1,
          "Workers Planned": 2,
          "Workers Launched": 2,
          "Single Copy": false,
          "Plans": [
            {
              "Node Type": "Aggregate",
              "Strategy": "Plain",
              "Partial Mode": "Partial",
              "Parent Relationship": "Outer",
              "Parallel Aware": false,
              "Startup Cost": 26755.57,
              "Total Cost": 26755.58,
              "Plan Rows": 1,
              "Plan Width": 8,
              "Actual Startup Time": 23.393,
              "Actual Total Time": 23.394,
              "Actual Rows": 1,
              "Actual Loops": 3,
              "Plans": [
                {
                  "Node Type": "Nested Loop",
                  "Parent Relationship": "Outer",
                  "Parallel Aware": false,
                  "Join Type": "Inner",
                  "Startup Cost": 167.23,
                  "Total Cost": 26753.43,
                  "Plan Rows": 856,
                  "Plan Width": 0,
                  "Actual Startup Time": 7.341,
                  "Actual Total Time": 23.222,
                  "Actual Rows": 750,
                  "Actual Loops": 3,
                  "Inner Unique": true,
                  "Plans": [
                    {
                      "Node Type": "Bitmap Heap Scan",
                      "Parent Relationship": "Outer",
                      "Parallel Aware": true,
                      "Relation Name": "movie_companies",
                      "Alias": "mc",
                      "Startup Cost": 166.8,
                      "Total Cost": 14552.72,
                      "Plan Rows": 1619,
                      "Plan Width": 4,
                      "Actual Startup Time": 7.178,
                      "Actual Total Time": 10.643,
                      "Actual Rows": 903,
                      "Actual Loops": 3,
                      "Recheck Cond": "(company_id = 302)",
                      "Rows Removed by Index Recheck": 0,
                      "Filter": "(company_type_id = 2)",
                      "Rows Removed by Filter": 1326,
                      "Exact Heap Blocks": 3173,
                      "Lossy Heap Blocks": 0,
                      "Plans": [
                        {
                          "Node Type": "Bitmap Index Scan",
                          "Parent Relationship": "Outer",
                          "Parallel Aware": false,
                          "Index Name": "company_id_movie_companies",
                          "Startup Cost": 0.0,
                          "Total Cost": 165.83,
                          "Plan Rows": 7653,
                          "Plan Width": 0,
                          "Actual Startup Time": 4.973,
                          "Actual Total Time": 4.973,
                          "Actual Rows": 6686,
                          "Actual Loops": 1,
                          "Index Cond": "(company_id = 302)"
                        }
                      ]
                    },
                    {
                      "Node Type": "Index Scan",
                      "Parent Relationship": "Inner",
                      "Parallel Aware": false,
                      "Scan Direction": "Forward",
                      "Index Name": "title_pkey",
                      "Relation Name": "title",
                      "Alias": "t",
                      "Startup Cost": 0.43,
                      "Total Cost": 7.54,
                      "Plan Rows": 1,
                      "Plan Width": 4,
                      "Actual Startup Time": 0.013,
                      "Actual Total Time": 0.013,
                      "Actual Rows": 1,
                      "Actual Loops": 2708,
                      "Index Cond": "(id = mc.movie_id)",
                      "Rows Removed by Index Recheck": 0,
                      "Filter": "(production_year < 2005)",
                      "Rows Removed by Filter": 0
                    }
                  ]
                }
              ]
            }
          ]
        }
      ]
    },
    "Planning Time": 0.706,
    "Triggers": [],
    "Execution Time": 36.705
  }
]