[
  {
    "Plan": {
      "Node Type": "Aggregate",
      "Strategy": "Plain",
      "Partial Mode": "Finalize",
      "Parallel Aware": false,
      "Startup Cost": 349328.42,
      "Total Cost": 349328.43,
      "Plan Rows": 1,
      "Plan Width": 8,
      "Actual Startup Time": 738.505,
      "Actual Total Time": 786.13,
      "Actual Rows": 1,
      "Actual Loops": 1,
      "Plans": [
        {
          "Node Type": "Gather",
          "Parent Relationship": "Outer",
          "Parallel Aware": false,
          "Startup Cost": 349327.8,
          "Total Cost": 349328.41,
          "Plan Rows": 6,
          "Plan Width": 8,
          "Actual Startup Time": 738.212,
          "Actual Total Time": 786.114,
          "Actual Rows": 7,
          "Actual Loops": 1,
          "Workers Planned": 6,
          "Workers Launched": 6,
          "Single Copy": false,
          "Plans": [
            {
              "Node Type": "Aggregate",
              "Strategy": "Plain",
              "Partial Mode": "Partial",
              "Parent Relationship": "Outer",
              "Parallel Aware": false,
              "Startup Cost": 348327.8,
              "Total Cost": 348327.81,
              "Plan Rows": 1,
              "Plan Width": 8,
              "Actual Startup Time": 730.402,
              "Actual Total Time": 730.404,
              "Actual Rows": 1,
              "Actual Loops": 7,
              "Plans": [
                {
                  "Node Type": "Seq Scan",
                  "Parent Relationship": "Outer",
                  "Parallel Aware": true,
                  "Relation Name": "cast_info",
                  "Alias": "ci",
                  "Startup Cost": 0.0,
                  "Total Cost": 343316.27,
                  "Plan Rows": 2004610,
                  "Plan Width": 0,
                  "Actual Startup Time": 277.616,
                  "Actual Total Time": 662.103,
                  "Actual Rows": 1344128,
                  "Actual Loops": 7,
                  "Filter": "((person_id > 2164998) AND (role_id < 8))",
                  "Rows Removed by Filter": 3833635
                }
              ]
            }
          ]
        }
      ]
    },
    "Planning Time": 0.221,
    "Triggers": [],
    "Execution Time": 786.198
  }
]