{
  "Plan": {
    "Node Type": "Aggregate",
    "Strategy": "Plain",
    "Partial Mode": "Finalize",
    "Parallel Aware": false,
    "Startup Cost": 64440.58,
    "Total Cost": 64440.59,
    "Plan Rows": 1,
    "Plan Width": 8,
    "Actual Startup Time": 185.351,
    "Actual Total Time": 198.465,
    "Actual Rows": 1,
    "Actual Loops": 1,
    "Plans": [
      {
        "Node Type": "Gather",
        "Parent Relationship": "Outer",
        "Parallel Aware": false,
        "Startup Cost": 64440.46,
        "Total Cost": 64440.57,
        "Plan Rows": 1,
        "Plan Width": 8,
        "Actual Startup Time": 185.219,
        "Actual Total Time": 198.456,
        "Actual Rows": 2,
        "Actual Loops": 1,
        "Workers Planned": 1,
        "Workers Launched": 1,
        "Single Copy": false,
        "Plans": [
          {
            "Node Type": "Aggregate",
            "Strategy": "Plain",
            "Partial Mode": "Partial",
            "Parent Relationship": "Outer",
            "Parallel Aware": false,
            "Startup Cost": 63440.46,
            "Total Cost": 63440.47,
            "Plan Rows": 1,
            "Plan Width": 8,
            "Actual Startup Time": 179.577,
            "Actual Total Time": 179.58,
            "Actual Rows": 1,
            "Actual Loops": 2,
            "Plans": [
              {
                "Node Type": "Nested Loop",
                "Parent Relationship": "Outer",
                "Parallel Aware": false,
                "Join Type": "Inner",
                "Startup Cost": 0.43,
                "Total Cost": 63439.58,
                "Plan Rows": 353,
                "Plan Width": 0,
                "Actual Startup Time": 108.887,
                "Actual Total Time": 179.568,
                "Actual Rows": 10,
                "Actual Loops": 2,
                "Inner Unique": false,
                "Plans": [
                  {
                    "Node Type": "Seq Scan",
                    "Parent Relationship": "Outer",
                    "Parallel Aware": true,
                    "Relation Name": "title",
                    "Alias": "t",
                    "Startup Cost": 0.0,
                    "Total Cost": 58306.47,
                    "Plan Rows": 647,
                    "Plan Width": 4,
                    "Actual Startup Time": 24.261,
                    "Actual Total Time": 178.959,
                    "Actual Rows": 102,
                    "Actual Loops": 2,
                    "Filter": "((kind_id = 7) AND (production_year = 1947))",
                    "Rows Removed by Filter": 1264054
                  },
                  {
                    "Node Type": "Index Only Scan",
                    "Parent Relationship": "Inner",
                    "Parallel Aware": false,
                    "Scan Direction": "Forward",
                    "Index Name": "movie_id_movie_info_idx",
                    "Relation Name": "movie_info_idx",
                    "Alias": "mi_idx",
                    "Startup Cost": 0.43,
                    "Total Cost": 7.9,
                    "Plan Rows": 3,
                    "Plan Width": 4,
                    "Actual Startup Time": 0.005,
                    "Actual Total Time": 0.005,
                    "Actual Rows": 0,
                    "Actual Loops": 204,
                    "Index Cond": "(movie_id = t.id)",
                    "Rows Removed by Index Recheck": 0,
                    "Heap Fetches": 21
                  }
                ]
              }
            ]
          }
        ]
      }
    ]
  },
  "Planning Time": 0.364,
  "Triggers": [],
  "Execution Time": 198.529
}