[
  {
    "Plan": {
      "Node Type": "Aggregate",
      "Strategy": "Plain",
      "Partial Mode": "Finalize",
      "Parallel Aware": false,
      "Startup Cost": 328143.54,
      "Total Cost": 328143.55,
      "Plan Rows": 1,
      "Plan Width": 8,
      "Actual Startup Time": 221.843,
      "Actual Total Time": 236.157,
      "Actual Rows": 1,
      "Actual Loops": 1,
      "Plans": [
        {
          "Node Type": "Gather",
          "Parent Relationship": "Outer",
          "Parallel Aware": false,
          "Startup Cost": 328142.92,
          "Total Cost": 328143.53,
          "Plan Rows": 6,
          "Plan Width": 8,
          "Actual Startup Time": 220.539,
          "Actual Total Time": 236.149,
          "Actual Rows": 7,
          "Actual Loops": 1,
          "Workers Planned": 6,
          "Workers Launched": 6,
          "Single Copy": false,
          "Plans": [
            {
              "Node Type": "Aggregate",
              "Strategy": "Plain",
              "Partial Mode": "Partial",
              "Parent Relationship": "Outer",
              "Parallel Aware": false,
              "Startup Cost": 327142.92,
              "Total Cost": 327142.93,
              "Plan Rows": 1,
              "Plan Width": 8,
              "Actual Startup Time": 212.275,
              "Actual Total Time": 212.279,
              "Actual Rows": 1,
              "Actual Loops": 7,
              "Plans": [
                {
                  "Node Type": "Hash Join",
                  "Parent Relationship": "Outer",
                  "Parallel Aware": true,
                  "Join Type": "Inner",
                  "Startup Cost": 71396.17,
                  "Total Cost": 327126.45,
                  "Plan Rows": 6588,
                  "Plan Width": 0,
                  "Actual Startup Time": 137.333,
                  "Actual Total Time": 211.803,
                  "Actual Rows": 6353,
                  "Actual Loops": 7,
                  "Inner Unique": true,
                  "Hash Cond": "(ci.movie_id = t.id)",
                  "Plans": [
                    {
                      "Node Type": "Bitmap Heap Scan",
                      "Parent Relationship": "Outer",
                      "Parallel Aware": true,
                      "Relation Name": "cast_info",
                      "Alias": "ci",
                      "Startup Cost": 25139.42,
                      "Total Cost": 280693.88,
                      "Plan Rows": 66978,
                      "Plan Width": 4,
                      "Actual Startup Time": 55.9,
                      "Actual Total Time": 106.485,
                      "Actual Rows": 122433,
                      "Actual Loops": 7,
                      "Recheck Cond": "(person_id < 120016)",
                      "Rows Removed by Index Recheck": 0,
                      "Filter": "(role_id = 1)",
                      "Rows Removed by Filter": 47174,
                      "Exact Heap Blocks": 3260,
                      "Lossy Heap Blocks": 0,
                      "Plans": [
                        {
                          "Node Type": "Bitmap Index Scan",
                          "Parent Relationship": "Outer",
                          "Parallel Aware": false,
                          "Index Name": "person_id_cast_info",
                          "Startup Cost": 0.0,
                          "Total Cost": 25038.95,
                          "Plan Rows": 1146985,
                          "Plan Width": 0,
                          "Actual Startup Time": 53.764,
                          "Actual Total Time": 53.765,
                          "Actual Rows": 1187246,
                          "Actual Loops": 1,
                          "Index Cond": "(person_id < 120016)"
                        }
                      ]
                    },
                    {
                      "Node Type": "Hash",
                      "Parent Relationship": "Inner",
                      "Parallel Aware": true,
                      "Startup Cost": 45479.59,
                      "Total Cost": 45479.59,
                      "Plan Rows": 62173,
                      "Plan Width": 4,
                      "Actual Startup Time": 79.804,
                      "Actual Total Time": 79.805,
                      "Actual Rows": 18561,
                      "Actual Loops": 7,
                      "Hash Buckets": 262144,
                      "Original Hash Buckets": 262144,
                      "Hash Batches": 1,
                      "Original Hash Batches": 1,
                      "Peak Memory Usage": 7264,
                      "Plans": [
                        {
                          "Node Type": "Seq Scan",
                          "Parent Relationship": "Outer",
                          "Parallel Aware": true,
                          "Relation Name": "title",
                          "Alias": "t",
                          "Startup Cost": 0.0,
                          "Total Cost": 45479.59,
                          "Plan Rows": 62173,
                          "Plan Width": 4,
                          "Actual Startup Time": 0.046,
                          "Actual Total Time": 71.101,
                          "Actual Rows": 18561,
                          "Actual Loops": 7,
                          "Filter": "((kind_id > 1) AND (production_year < 1969))",
                          "Rows Removed by Filter": 342626
                        }
                      ]
                    }
                  ]
                }
              ]
            }
          ]
        }
      ]
    },
    "Planning Time": 0.293,
    "Triggers": [],
    "Execution Time": 236.201
  }
]