[
  {
    "Plan": {
      "Node Type": "Aggregate",
      "Strategy": "Plain",
      "Partial Mode": "Finalize",
      "Parallel Aware": false,
      "Startup Cost": 328702.1,
      "Total Cost": 328702.11,
      "Plan Rows": 1,
      "Plan Width": 8,
      "Actual Startup Time": 203.339,
      "Actual Total Time": 216.525,
      "Actual Rows": 1,
      "Actual Loops": 1,
      "Plans": [
        {
          "Node Type": "Gather",
          "Parent Relationship": "Outer",
          "Parallel Aware": false,
          "Startup Cost": 328701.48,
          "Total Cost": 328702.09,
          "Plan Rows": 6,
          "Plan Width": 8,
          "Actual Startup Time": 202.003,
          "Actual Total Time": 216.515,
          "Actual Rows": 7,
          "Actual Loops": 1,
          "Workers Planned": 6,
          "Workers Launched": 6,
          "Single Copy": false,
          "Plans": [
            {
              "Node Type": "Aggregate",
              "Strategy": "Plain",
              "Partial Mode": "Partial",
              "Parent Relationship": "Outer",
              "Parallel Aware": false,
              "Startup Cost": 327701.48,
              "Total Cost": 327701.49,
              "Plan Rows": 1,
              "Plan Width": 8,
              "Actual Startup Time": 190.562,
              "Actual Total Time": 190.566,
              "Actual Rows": 1,
              "Actual Loops": 7,
              "Plans": [
                {
                  "Node Type": "Hash Join",
                  "Parent Relationship": "Outer",
                  "Parallel Aware": true,
                  "Join Type": "Inner",
                  "Startup Cost": 71898.8,
                  "Total Cost": 327684.79,
                  "Plan Rows": 6675,
                  "Plan Width": 0,
                  "Actual Startup Time": 124.847,
                  "Actual Total Time": 190.131,
                  "Actual Rows": 6353,
                  "Actual Loops": 7,
                  "Inner Unique": true,
                  "Hash Cond": "(ci.movie_id = t.id)",
                  "Plans": [
                    {
                      "Node Type": "Bitmap Heap Scan",
                      "Parent Relationship": "Outer",
                      "Parallel Aware": true,
                      "Relation Name": "cast_info",
                      "Alias": "ci",
                      "Startup Cost": 25633.75,
                      "Total Cost": 281243.6,
                      "Plan Rows": 67102,
                      "Plan Width": 4,
                      "Actual Startup Time": 40.463,
                      "Actual Total Time": 83.239,
                      "Actual Rows": 122433,
                      "Actual Loops": 7,
                      "Recheck Cond": "(person_id < 120016)",
                      "Rows Removed by Index Recheck": 0,
                      "Filter": "(role_id = 1)",
                      "Rows Removed by Filter": 47174,
                      "Exact Heap Blocks": 2840,
                      "Lossy Heap Blocks": 0,
                      "Plans": [
                        {
                          "Node Type": "Bitmap Index Scan",
                          "Parent Relationship": "Outer",
                          "Parallel Aware": false,
                          "Index Name": "person_id_cast_info",
                          "Startup Cost": 0.0,
                          "Total Cost": 25533.1,
                          "Plan Rows": 1169138,
                          "Plan Width": 0,
                          "Actual Startup Time": 38.63,
                          "Actual Total Time": 38.631,
                          "Actual Rows": 1187246,
                          "Actual Loops": 1,
                          "Index Cond": "(person_id < 120016)"
                        }
                      ]
                    },
                    {
                      "Node Type": "Hash",
                      "Parent Relationship": "Inner",
                      "Parallel Aware": true,
                      "Startup Cost": 45479.1,
                      "Total Cost": 45479.1,
                      "Plan Rows": 62876,
                      "Plan Width": 4,
                      "Actual Startup Time": 82.376,
                      "Actual Total Time": 82.377,
                      "Actual Rows": 18561,
                      "Actual Loops": 7,
                      "Hash Buckets": 262144,
                      "Original Hash Buckets": 262144,
                      "Hash Batches": 1,
                      "Original Hash Batches": 1,
                      "Peak Memory Usage": 7264,
                      "Plans": [
                        {
                          "Node Type": "Seq Scan",
                          "Parent Relationship": "Outer",
                          "Parallel Aware": true,
                          "Relation Name": "title",
                          "Alias": "t",
                          "Startup Cost": 0.0,
                          "Total Cost": 45479.1,
                          "Plan Rows": 62876,
                          "Plan Width": 4,
                          "Actual Startup Time": 0.048,
                          "Actual Total Time": 73.067,
                          "Actual Rows": 18561,
                          "Actual Loops": 7,
                          "Filter": "((kind_id > 1) AND (production_year < 1969))",
                          "Rows Removed by Filter": 342626
                        }
                      ]
                    }
                  ]
                }
              ]
            }
          ]
        }
      ]
    },
    "Planning Time": 0.656,
    "Triggers": [],
    "Execution Time": 216.62
  }
]