[
  {
    "Plan": {
      "Node Type": "Aggregate",
      "Strategy": "Plain",
      "Partial Mode": "Finalize",
      "Parallel Aware": false,
      "Startup Cost": 244764.76,
      "Total Cost": 244764.77,
      "Plan Rows": 1,
      "Plan Width": 8,
      "Actual Startup Time": 739.243,
      "Actual Total Time": 793.143,
      "Actual Rows": 1,
      "Actual Loops": 1,
      "Plans": [
        {
          "Node Type": "Gather",
          "Parent Relationship": "Outer",
          "Parallel Aware": false,
          "Startup Cost": 244764.24,
          "Total Cost": 244764.75,
          "Plan Rows": 5,
          "Plan Width": 8,
          "Actual Startup Time": 738.55,
          "Actual Total Time": 793.131,
          "Actual Rows": 6,
          "Actual Loops": 1,
          "Workers Planned": 5,
          "Workers Launched": 5,
          "Single Copy": false,
          "Plans": [
            {
              "Node Type": "Aggregate",
              "Strategy": "Plain",
              "Partial Mode": "Partial",
              "Parent Relationship": "Outer",
              "Parallel Aware": false,
              "Startup Cost": 243764.24,
              "Total Cost": 243764.25,
              "Plan Rows": 1,
              "Plan Width": 8,
              "Actual Startup Time": 728.293,
              "Actual Total Time": 728.296,
              "Actual Rows": 1,
              "Actual Loops": 6,
              "Plans": [
                {
                  "Node Type": "Hash Join",
                  "Parent Relationship": "Outer",
                  "Parallel Aware": true,
                  "Join Type": "Inner",
                  "Startup Cost": 44098.1,
                  "Total Cost": 243577.5,
                  "Plan Rows": 74695,
                  "Plan Width": 0,
                  "Actual Startup Time": 101.91,
                  "Actual Total Time": 721.81,
                  "Actual Rows": 123921,
                  "Actual Loops": 6,
                  "Inner Unique": true,
                  "Hash Cond": "(mi.movie_id = t.id)",
                  "Plans": [
                    {
                      "Node Type": "Seq Scan",
                      "Parent Relationship": "Outer",
                      "Parallel Aware": true,
                      "Relation Name": "movie_info",
                      "Alias": "mi",
                      "Startup Cost": 0.0,
                      "Total Cost": 191685.19,
                      "Plan Rows": 2969219,
                      "Plan Width": 4,
                      "Actual Startup Time": 0.028,
                      "Actual Total Time": 313.36,
                      "Actual Rows": 2472620,
                      "Actual Loops": 6
                    },
                    {
                      "Node Type": "Hash",
                      "Parent Relationship": "Inner",
                      "Parallel Aware": true,
                      "Startup Cost": 43899.32,
                      "Total Cost": 43899.32,
                      "Plan Rows": 15902,
                      "Plan Width": 4,
                      "Actual Startup Time": 90.432,
                      "Actual Total Time": 90.433,
                      "Actual Rows": 11253,
                      "Actual Loops": 6,
                      "Hash Buckets": 65536,
                      "Original Hash Buckets": 65536,
                      "Hash Batches": 1,
                      "Original Hash Batches": 1,
                      "Peak Memory Usage": 3232,
                      "Plans": [
                        {
                          "Node Type": "Seq Scan",
                          "Parent Relationship": "Outer",
                          "Parallel Aware": true,
                          "Relation Name": "title",
                          "Alias": "t",
                          "Startup Cost": 0.0,
                          "Total Cost": 43899.32,
                          "Plan Rows": 15902,
                          "Plan Width": 4,
                          "Actual Startup Time": 53.442,
                          "Actual Total Time": 85.357,
                          "Actual Rows": 11253,
                          "Actual Loops": 6,
                          "Filter": "(production_year < 1916)",
                          "Rows Removed by Filter": 410132
                        }
                      ]
                    }
                  ]
                }
              ]
            }
          ]
        }
      ]
    },
    "Planning Time": 0.575,
    "Triggers": [],
    "Execution Time": 793.224
  }
]