[
    {
        "Bao": {
            "Bao prediction": 461.289,
            "Bao recommended hint": "SET enable_mergejoin TO off; SET enable_indexscan TO off; "
        }
    },
    {
        "Plan": {
            "Node Type": "Aggregate",
            "Strategy": "Plain",
            "Partial Mode": "Finalize",
            "Parallel Aware": false,
            "Startup Cost": 346836.99,
            "Total Cost": 346837.0,
            "Plan Rows": 1,
            "Plan Width": 8,
            "Actual Startup Time": 911.464,
            "Actual Total Time": 943.702,
            "Actual Rows": 1,
            "Actual Loops": 1,
            "Output": [
                "count(*)"
            ],
            "Plans": [
                {
                    "Node Type": "Gather",
                    "Parent Relationship": "Outer",
                    "Parallel Aware": false,
                    "Startup Cost": 346836.37,
                    "Total Cost": 346836.98,
                    "Plan Rows": 6,
                    "Plan Width": 8,
                    "Actual Startup Time": 911.366,
                    "Actual Total Time": 943.693,
                    "Actual Rows": 7,
                    "Actual Loops": 1,
                    "Output": [
                        "(PARTIAL count(*))"
                    ],
                    "Workers Planned": 6,
                    "Workers Launched": 6,
                    "Single Copy": false,
                    "Plans": [
                        {
                            "Node Type": "Aggregate",
                            "Strategy": "Plain",
                            "Partial Mode": "Partial",
                            "Parent Relationship": "Outer",
                            "Parallel Aware": false,
                            "Startup Cost": 345836.37,
                            "Total Cost": 345836.38,
                            "Plan Rows": 1,
                            "Plan Width": 8,
                            "Actual Startup Time": 902.373,
                            "Actual Total Time": 902.374,
                            "Actual Rows": 1,
                            "Actual Loops": 7,
                            "Output": [
                                "PARTIAL count(*)"
                            ],
                            "Workers": [
                                {
                                    "Worker Number": 0,
                                    "Actual Startup Time": 900.04,
                                    "Actual Total Time": 900.041,
                                    "Actual Rows": 1,
                                    "Actual Loops": 1
                                },
                                {
                                    "Worker Number": 1,
                                    "Actual Startup Time": 900.251,
                                    "Actual Total Time": 900.252,
                                    "Actual Rows": 1,
                                    "Actual Loops": 1
                                },
                                {
                                    "Worker Number": 2,
                                    "Actual Startup Time": 900.776,
                                    "Actual Total Time": 900.777,
                                    "Actual Rows": 1,
                                    "Actual Loops": 1
                                },
                                {
                                    "Worker Number": 3,
                                    "Actual Startup Time": 901.166,
                                    "Actual Total Time": 901.167,
                                    "Actual Rows": 1,
                                    "Actual Loops": 1
                                },
                                {
                                    "Worker Number": 4,
                                    "Actual Startup Time": 901.292,
                                    "Actual Total Time": 901.293,
                                    "Actual Rows": 1,
                                    "Actual Loops": 1
                                },
                                {
                                    "Worker Number": 5,
                                    "Actual Startup Time": 902.575,
                                    "Actual Total Time": 902.576,
                                    "Actual Rows": 1,
                                    "Actual Loops": 1
                                }
                            ],
                            "Plans": [
                                {
                                    "Node Type": "Seq Scan",
                                    "Parent Relationship": "Outer",
                                    "Parallel Aware": true,
                                    "Relation Name": "cast_info",
                                    "Schema": "public",
                                    "Alias": "ci",
                                    "Startup Cost": 0.0,
                                    "Total Cost": 343318.94,
                                    "Plan Rows": 1006971,
                                    "Plan Width": 0,
                                    "Actual Startup Time": 279.376,
                                    "Actual Total Time": 832.912,
                                    "Actual Rows": 1064372,
                                    "Actual Loops": 7,
                                    "Output": [
                                        "id",
                                        "person_id",
                                        "movie_id",
                                        "person_role_id",
                                        "note",
                                        "nr_order",
                                        "role_id"
                                    ],
                                    "Filter": "((ci.person_id > 694875) AND (ci.role_id = 2))",
                                    "Rows Removed by Filter": 4113391,
                                    "Workers": [
                                        {
                                            "Worker Number": 0,
                                            "Actual Startup Time": 277.036,
                                            "Actual Total Time": 832.077,
                                            "Actual Rows": 1033322,
                                            "Actual Loops": 1
                                        },
                                        {
                                            "Worker Number": 1,
                                            "Actual Startup Time": 277.256,
                                            "Actual Total Time": 832.39,
                                            "Actual Rows": 1031833,
                                            "Actual Loops": 1
                                        },
                                        {
                                            "Worker Number": 2,
                                            "Actual Startup Time": 277.765,
                                            "Actual Total Time": 832.093,
                                            "Actual Rows": 1041923,
                                            "Actual Loops": 1
                                        },
                                        {
                                            "Worker Number": 3,
                                            "Actual Startup Time": 278.18,
                                            "Actual Total Time": 832.457,
                                            "Actual Rows": 1043707,
                                            "Actual Loops": 1
                                        },
                                        {
                                            "Worker Number": 4,
                                            "Actual Startup Time": 278.293,
                                            "Actual Total Time": 832.764,
                                            "Actual Rows": 1039985,
                                            "Actual Loops": 1
                                        },
                                        {
                                            "Worker Number": 5,
                                            "Actual Startup Time": 279.582,
                                            "Actual Total Time": 833.731,
                                            "Actual Rows": 1046904,
                                            "Actual Loops": 1
                                        }
                                    ]
                                }
                            ]
                        }
                    ]
                }
            ]
        },
        "Planning Time": 1922.947,
        "Triggers": [],
        "Execution Time": 943.795
    }
]