{
  "Plan": {
    "Node Type": "Aggregate",
    "Strategy": "Plain",
    "Partial Mode": "Finalize",
    "Parallel Aware": false,
    "Startup Cost": 257935.49,
    "Total Cost": 257935.5,
    "Plan Rows": 1,
    "Plan Width": 8,
    "Actual Startup Time": 774.542,
    "Actual Total Time": 796.322,
    "Actual Rows": 1,
    "Actual Loops": 1,
    "Plans": [
      {
        "Node Type": "Gather",
        "Parent Relationship": "Outer",
        "Parallel Aware": false,
        "Startup Cost": 257935.38,
        "Total Cost": 257935.49,
        "Plan Rows": 1,
        "Plan Width": 8,
        "Actual Startup Time": 770.82,
        "Actual Total Time": 796.313,
        "Actual Rows": 2,
        "Actual Loops": 1,
        "Workers Planned": 1,
        "Workers Launched": 1,
        "Single Copy": false,
        "Plans": [
          {
            "Node Type": "Aggregate",
            "Strategy": "Plain",
            "Partial Mode": "Partial",
            "Parent Relationship": "Outer",
            "Parallel Aware": false,
            "Startup Cost": 256935.38,
            "Total Cost": 256935.39,
            "Plan Rows": 1,
            "Plan Width": 8,
            "Actual Startup Time": 762.368,
            "Actual Total Time": 762.372,
            "Actual Rows": 1,
            "Actual Loops": 2,
            "Plans": [
              {
                "Node Type": "Hash Join",
                "Parent Relationship": "Outer",
                "Parallel Aware": true,
                "Join Type": "Inner",
                "Startup Cost": 85478.31,
                "Total Cost": 255906.85,
                "Plan Rows": 411412,
                "Plan Width": 0,
                "Actual Startup Time": 524.311,
                "Actual Total Time": 755.847,
                "Actual Rows": 118336,
                "Actual Loops": 2,
                "Inner Unique": true,
                "Hash Cond": "(mi.movie_id = t.id)",
                "Plans": [
                  {
                    "Node Type": "Bitmap Heap Scan",
                    "Parent Relationship": "Outer",
                    "Parallel Aware": true,
                    "Relation Name": "movie_info",
                    "Alias": "mi",
                    "Startup Cost": 17176.41,
                    "Total Cost": 186140.93,
                    "Plan Rows": 557721,
                    "Plan Width": 4,
                    "Actual Startup Time": 43.921,
                    "Actual Total Time": 135.636,
                    "Actual Rows": 450170,
                    "Actual Loops": 2,
                    "Recheck Cond": "(info_type_id > 94)",
                    "Rows Removed by Index Recheck": 0,
                    "Exact Heap Blocks": 15454,
                    "Lossy Heap Blocks": 0,
                    "Plans": [
                      {
                        "Node Type": "Bitmap Index Scan",
                        "Parent Relationship": "Outer",
                        "Parallel Aware": false,
                        "Index Name": "info_type_id_movie_info",
                        "Startup Cost": 0.0,
                        "Total Cost": 16939.38,
                        "Plan Rows": 948126,
                        "Plan Width": 0,
                        "Actual Startup Time": 38.525,
                        "Actual Total Time": 38.526,
                        "Actual Rows": 900340,
                        "Actual Loops": 1,
                        "Index Cond": "(info_type_id > 94)"
                      }
                    ]
                  },
                  {
                    "Node Type": "Hash",
                    "Parent Relationship": "Inner",
                    "Parallel Aware": true,
                    "Startup Cost": 54588.39,
                    "Total Cost": 54588.39,
                    "Plan Rows": 1097081,
                    "Plan Width": 4,
                    "Actual Startup Time": 463.937,
                    "Actual Total Time": 463.938,
                    "Actual Rows": 932744,
                    "Actual Loops": 2,
                    "Hash Buckets": 2097152,
                    "Original Hash Buckets": 2097152,
                    "Hash Batches": 1,
                    "Original Hash Batches": 1,
                    "Peak Memory Usage": 89408,
                    "Plans": [
                      {
                        "Node Type": "Seq Scan",
                        "Parent Relationship": "Outer",
                        "Parallel Aware": true,
                        "Relation Name": "title",
                        "Alias": "t",
                        "Startup Cost": 0.0,
                        "Total Cost": 54588.39,
                        "Plan Rows": 1097081,
                        "Plan Width": 4,
                        "Actual Startup Time": 0.043,
                        "Actual Total Time": 194.165,
                        "Actual Rows": 932744,
                        "Actual Loops": 2,
                        "Filter": "(kind_id > 1)",
                        "Rows Removed by Filter": 331412
                      }
                    ]
                  }
                ]
              }
            ]
          }
        ]
      }
    ]
  },
  "Planning Time": 0.605,
  "Triggers": [],
  "Execution Time": 796.415
}