[
  {
    "Plan": {
      "Node Type": "Aggregate",
      "Strategy": "Plain",
      "Partial Mode": "Finalize",
      "Parallel Aware": false,
      "Startup Cost": 214633.42,
      "Total Cost": 214633.43,
      "Plan Rows": 1,
      "Plan Width": 8,
      "Actual Startup Time": 115.588,
      "Actual Total Time": 128.917,
      "Actual Rows": 1,
      "Actual Loops": 1,
      "Plans": [
        {
          "Node Type": "Gather",
          "Parent Relationship": "Outer",
          "Parallel Aware": false,
          "Startup Cost": 214632.9,
          "Total Cost": 214633.41,
          "Plan Rows": 5,
          "Plan Width": 8,
          "Actual Startup Time": 114.951,
          "Actual Total Time": 128.909,
          "Actual Rows": 6,
          "Actual Loops": 1,
          "Workers Planned": 5,
          "Workers Launched": 5,
          "Single Copy": false,
          "Plans": [
            {
              "Node Type": "Aggregate",
              "Strategy": "Plain",
              "Partial Mode": "Partial",
              "Parent Relationship": "Outer",
              "Parallel Aware": false,
              "Startup Cost": 213632.9,
              "Total Cost": 213632.91,
              "Plan Rows": 1,
              "Plan Width": 8,
              "Actual Startup Time": 104.528,
              "Actual Total Time": 104.532,
              "Actual Rows": 1,
              "Actual Loops": 6,
              "Plans": [
                {
                  "Node Type": "Hash Join",
                  "Parent Relationship": "Outer",
                  "Parallel Aware": true,
                  "Join Type": "Inner",
                  "Startup Cost": 46873.22,
                  "Total Cost": 213631.23,
                  "Plan Rows": 668,
                  "Plan Width": 0,
                  "Actual Startup Time": 94.475,
                  "Actual Total Time": 104.454,
                  "Actual Rows": 1235,
                  "Actual Loops": 6,
                  "Inner Unique": true,
                  "Hash Cond": "(mi.movie_id = t.id)",
                  "Plans": [
                    {
                      "Node Type": "Bitmap Heap Scan",
                      "Parent Relationship": "Outer",
                      "Parallel Aware": true,
                      "Relation Name": "movie_info",
                      "Alias": "mi",
                      "Startup Cost": 2803.64,
                      "Total Cost": 169480.41,
                      "Plan Rows": 30947,
                      "Plan Width": 4,
                      "Actual Startup Time": 5.865,
                      "Actual Total Time": 16.043,
                      "Actual Rows": 24581,
                      "Actual Loops": 6,
                      "Recheck Cond": "(info_type_id = 107)",
                      "Rows Removed by Index Recheck": 0,
                      "Exact Heap Blocks": 1386,
                      "Lossy Heap Blocks": 0,
                      "Plans": [
                        {
                          "Node Type": "Bitmap Index Scan",
                          "Parent Relationship": "Outer",
                          "Parallel Aware": false,
                          "Index Name": "info_type_id_movie_info",
                          "Startup Cost": 0.0,
                          "Total Cost": 2764.95,
                          "Plan Rows": 154736,
                          "Plan Width": 0,
                          "Actual Startup Time": 5.142,
                          "Actual Total Time": 5.142,
                          "Actual Rows": 147487,
                          "Actual Loops": 1,
                          "Index Cond": "(info_type_id = 107)"
                        }
                      ]
                    },
                    {
                      "Node Type": "Hash",
                      "Parent Relationship": "Inner",
                      "Parallel Aware": true,
                      "Startup Cost": 43898.92,
                      "Total Cost": 43898.92,
                      "Plan Rows": 13653,
                      "Plan Width": 4,
                      "Actual Startup Time": 84.175,
                      "Actual Total Time": 84.176,
                      "Actual Rows": 8427,
                      "Actual Loops": 6,
                      "Hash Buckets": 65536,
                      "Original Hash Buckets": 65536,
                      "Hash Batches": 1,
                      "Original Hash Batches": 1,
                      "Peak Memory Usage": 2592,
                      "Plans": [
                        {
                          "Node Type": "Seq Scan",
                          "Parent Relationship": "Outer",
                          "Parallel Aware": true,
                          "Relation Name": "title",
                          "Alias": "t",
                          "Startup Cost": 0.0,
                          "Total Cost": 43898.92,
                          "Plan Rows": 13653,
                          "Plan Width": 4,
                          "Actual Startup Time": 0.049,
                          "Actual Total Time": 79.313,
                          "Actual Rows": 8427,
                          "Actual Loops": 6,
                          "Filter": "(production_year = 1999)",
                          "Rows Removed by Filter": 412958
                        }
                      ]
                    }
                  ]
                }
              ]
            }
          ]
        }
      ]
    },
    "Planning Time": 0.567,
    "Triggers": [],
    "Execution Time": 129.0
  }
]