[
  {
    "Plan": {
      "Node Type": "Aggregate",
      "Strategy": "Plain",
      "Partial Mode": "Finalize",
      "Parallel Aware": false,
      "Startup Cost": 350341.09,
      "Total Cost": 350341.1,
      "Plan Rows": 1,
      "Plan Width": 8,
      "Actual Startup Time": 758.513,
      "Actual Total Time": 803.441,
      "Actual Rows": 1,
      "Actual Loops": 1,
      "Plans": [
        {
          "Node Type": "Gather",
          "Parent Relationship": "Outer",
          "Parallel Aware": false,
          "Startup Cost": 350340.47,
          "Total Cost": 350341.08,
          "Plan Rows": 6,
          "Plan Width": 8,
          "Actual Startup Time": 758.19,
          "Actual Total Time": 803.418,
          "Actual Rows": 7,
          "Actual Loops": 1,
          "Workers Planned": 6,
          "Workers Launched": 6,
          "Single Copy": false,
          "Plans": [
            {
              "Node Type": "Aggregate",
              "Strategy": "Plain",
              "Partial Mode": "Partial",
              "Parent Relationship": "Outer",
              "Parallel Aware": false,
              "Startup Cost": 349340.47,
              "Total Cost": 349340.48,
              "Plan Rows": 1,
              "Plan Width": 8,
              "Actual Startup Time": 749.829,
              "Actual Total Time": 749.83,
              "Actual Rows": 1,
              "Actual Loops": 7,
              "Plans": [
                {
                  "Node Type": "Seq Scan",
                  "Parent Relationship": "Outer",
                  "Parallel Aware": true,
                  "Relation Name": "cast_info",
                  "Alias": "ci",
                  "Startup Cost": 0.0,
                  "Total Cost": 343316.27,
                  "Plan Rows": 2409678,
                  "Plan Width": 0,
                  "Actual Startup Time": 348.866,
                  "Actual Total Time": 662.945,
                  "Actual Rows": 1798637,
                  "Actual Loops": 7,
                  "Filter": "((person_id < 3419816) AND (role_id > 2))",
                  "Rows Removed by Filter": 3379127
                }
              ]
            }
          ]
        }
      ]
    },
    "Planning Time": 0.099,
    "Triggers": [],
    "Execution Time": 803.482
  }
]