{
    "Plan": {
        "Node Type": "Aggregate",
        "Strategy": "Plain",
        "Partial Mode": "Finalize",
        "Parallel Aware": false,
        "Startup Cost": 271950.74,
        "Total Cost": 271950.75,
        "Plan Rows": 1,
        "Plan Width": 8,
        "Actual Startup Time": 923.005,
        "Actual Total Time": 968.524,
        "Actual Rows": 1,
        "Actual Loops": 1,
        "Output": [
            "count(*)"
        ],
        "Plans": [
            {
                "Node Type": "Gather",
                "Parent Relationship": "Outer",
                "Parallel Aware": false,
                "Startup Cost": 271950.22,
                "Total Cost": 271950.73,
                "Plan Rows": 5,
                "Plan Width": 8,
                "Actual Startup Time": 917.91,
                "Actual Total Time": 968.507,
                "Actual Rows": 6,
                "Actual Loops": 1,
                "Output": [
                    "(PARTIAL count(*))"
                ],
                "Workers Planned": 5,
                "Workers Launched": 5,
                "Single Copy": false,
                "Plans": [
                    {
                        "Node Type": "Aggregate",
                        "Strategy": "Plain",
                        "Partial Mode": "Partial",
                        "Parent Relationship": "Outer",
                        "Parallel Aware": false,
                        "Startup Cost": 270950.22,
                        "Total Cost": 270950.23,
                        "Plan Rows": 1,
                        "Plan Width": 8,
                        "Actual Startup Time": 907.397,
                        "Actual Total Time": 907.498,
                        "Actual Rows": 1,
                        "Actual Loops": 6,
                        "Output": [
                            "PARTIAL count(*)"
                        ],
                        "Workers": [
                            {
                                "Worker Number": 0,
                                "Actual Startup Time": 905.122,
                                "Actual Total Time": 905.128,
                                "Actual Rows": 1,
                                "Actual Loops": 1
                            },
                            {
                                "Worker Number": 1,
                                "Actual Startup Time": 905.374,
                                "Actual Total Time": 905.38,
                                "Actual Rows": 1,
                                "Actual Loops": 1
                            },
                            {
                                "Worker Number": 2,
                                "Actual Startup Time": 905.529,
                                "Actual Total Time": 905.535,
                                "Actual Rows": 1,
                                "Actual Loops": 1
                            },
                            {
                                "Worker Number": 3,
                                "Actual Startup Time": 905.528,
                                "Actual Total Time": 905.533,
                                "Actual Rows": 1,
                                "Actual Loops": 1
                            },
                            {
                                "Worker Number": 4,
                                "Actual Startup Time": 905.881,
                                "Actual Total Time": 905.886,
                                "Actual Rows": 1,
                                "Actual Loops": 1
                            }
                        ],
                        "Plans": [
                            {
                                "Node Type": "Hash Join",
                                "Parent Relationship": "Outer",
                                "Parallel Aware": true,
                                "Join Type": "Inner",
                                "Startup Cost": 63940.27,
                                "Total Cost": 270421.0,
                                "Plan Rows": 211687,
                                "Plan Width": 0,
                                "Actual Startup Time": 267.479,
                                "Actual Total Time": 899.022,
                                "Actual Rows": 132256,
                                "Actual Loops": 6,
                                "Inner Unique": false,
                                "Hash Cond": "(mi.movie_id = t.id)",
                                "Workers": [
                                    {
                                        "Worker Number": 0,
                                        "Actual Startup Time": 265.34,
                                        "Actual Total Time": 897.304,
                                        "Actual Rows": 147393,
                                        "Actual Loops": 1
                                    },
                                    {
                                        "Worker Number": 1,
                                        "Actual Startup Time": 265.438,
                                        "Actual Total Time": 897.304,
                                        "Actual Rows": 119160,
                                        "Actual Loops": 1
                                    },
                                    {
                                        "Worker Number": 2,
                                        "Actual Startup Time": 265.723,
                                        "Actual Total Time": 897.259,
                                        "Actual Rows": 122556,
                                        "Actual Loops": 1
                                    },
                                    {
                                        "Worker Number": 3,
                                        "Actual Startup Time": 265.575,
                                        "Actual Total Time": 897.051,
                                        "Actual Rows": 126381,
                                        "Actual Loops": 1
                                    },
                                    {
                                        "Worker Number": 4,
                                        "Actual Startup Time": 265.635,
                                        "Actual Total Time": 897.768,
                                        "Actual Rows": 119883,
                                        "Actual Loops": 1
                                    }
                                ],
                                "Plans": [
                                    {
                                        "Node Type": "Seq Scan",
                                        "Parent Relationship": "Outer",
                                        "Parallel Aware": true,
                                        "Relation Name": "movie_info",
                                        "Schema": "public",
                                        "Alias": "mi",
                                        "Startup Cost": 0.0,
                                        "Total Cost": 198880.74,
                                        "Plan Rows": 1791457,
                                        "Plan Width": 4,
                                        "Actual Startup Time": 19.993,
                                        "Actual Total Time": 430.948,
                                        "Actual Rows": 1491793,
                                        "Actual Loops": 6,
                                        "Output": [
                                            "mi.id",
                                            "mi.movie_id",
                                            "mi.info_type_id",
                                            "mi.info",
                                            "mi.note"
                                        ],
                                        "Filter": "(mi.info_type_id > 6)",
                                        "Rows Removed by Filter": 980827,
                                        "Workers": [
                                            {
                                                "Worker Number": 0,
                                                "Actual Startup Time": 20.014,
                                                "Actual Total Time": 428.706,
                                                "Actual Rows": 1608344,
                                                "Actual Loops": 1
                                            },
                                            {
                                                "Worker Number": 1,
                                                "Actual Startup Time": 19.993,
                                                "Actual Total Time": 435.019,
                                                "Actual Rows": 1383832,
                                                "Actual Loops": 1
                                            },
                                            {
                                                "Worker Number": 2,
                                                "Actual Startup Time": 20.006,
                                                "Actual Total Time": 435.228,
                                                "Actual Rows": 1379299,
                                                "Actual Loops": 1
                                            },
                                            {
                                                "Worker Number": 3,
                                                "Actual Startup Time": 19.935,
                                                "Actual Total Time": 435.392,
                                                "Actual Rows": 1382195,
                                                "Actual Loops": 1
                                            },
                                            {
                                                "Worker Number": 4,
                                                "Actual Startup Time": 19.995,
                                                "Actual Total Time": 436.159,
                                                "Actual Rows": 1368469,
                                                "Actual Loops": 1
                                            }
                                        ]
                                    },
                                    {
                                        "Node Type": "Hash",
                                        "Parent Relationship": "Inner",
                                        "Parallel Aware": true,
                                        "Startup Cost": 62384.23,
                                        "Total Cost": 62384.23,
                                        "Plan Rows": 124483,
                                        "Plan Width": 8,
                                        "Actual Startup Time": 244.582,
                                        "Actual Total Time": 244.682,
                                        "Actual Rows": 22570,
                                        "Actual Loops": 6,
                                        "Output": [
                                            "t.id",
                                            "mi_idx.movie_id"
                                        ],
                                        "Hash Buckets": 524288,
                                        "Original Hash Buckets": 524288,
                                        "Hash Batches": 1,
                                        "Original Hash Batches": 1,
                                        "Peak Memory Usage": 9504,
                                        "Workers": [
                                            {
                                                "Worker Number": 0,
                                                "Actual Startup Time": 244.55,
                                                "Actual Total Time": 244.554,
                                                "Actual Rows": 27963,
                                                "Actual Loops": 1
                                            },
                                            {
                                                "Worker Number": 1,
                                                "Actual Startup Time": 244.802,
                                                "Actual Total Time": 244.807,
                                                "Actual Rows": 20670,
                                                "Actual Loops": 1
                                            },
                                            {
                                                "Worker Number": 2,
                                                "Actual Startup Time": 244.871,
                                                "Actual Total Time": 244.875,
                                                "Actual Rows": 21347,
                                                "Actual Loops": 1
                                            },
                                            {
                                                "Worker Number": 3,
                                                "Actual Startup Time": 244.771,
                                                "Actual Total Time": 244.775,
                                                "Actual Rows": 21892,
                                                "Actual Loops": 1
                                            },
                                            {
                                                "Worker Number": 4,
                                                "Actual Startup Time": 244.905,
                                                "Actual Total Time": 244.908,
                                                "Actual Rows": 21605,
                                                "Actual Loops": 1
                                            }
                                        ],
                                        "Plans": [
                                            {
                                                "Node Type": "Hash Join",
                                                "Parent Relationship": "Outer",
                                                "Parallel Aware": true,
                                                "Join Type": "Inner",
                                                "Startup Cost": 47189.67,
                                                "Total Cost": 62384.23,
                                                "Plan Rows": 124483,
                                                "Plan Width": 8,
                                                "Actual Startup Time": 160.273,
                                                "Actual Total Time": 234.063,
                                                "Actual Rows": 22570,
                                                "Actual Loops": 6,
                                                "Output": [
                                                    "t.id",
                                                    "mi_idx.movie_id"
                                                ],
                                                "Inner Unique": true,
                                                "Hash Cond": "(mi_idx.movie_id = t.id)",
                                                "Workers": [
                                                    {
                                                        "Worker Number": 0,
                                                        "Actual Startup Time": 160.129,
                                                        "Actual Total Time": 233.79,
                                                        "Actual Rows": 27963,
                                                        "Actual Loops": 1
                                                    },
                                                    {
                                                        "Worker Number": 1,
                                                        "Actual Startup Time": 159.945,
                                                        "Actual Total Time": 234.026,
                                                        "Actual Rows": 20670,
                                                        "Actual Loops": 1
                                                    },
                                                    {
                                                        "Worker Number": 2,
                                                        "Actual Startup Time": 160.531,
                                                        "Actual Total Time": 233.706,
                                                        "Actual Rows": 21347,
                                                        "Actual Loops": 1
                                                    },
                                                    {
                                                        "Worker Number": 3,
                                                        "Actual Startup Time": 160.082,
                                                        "Actual Total Time": 234.307,
                                                        "Actual Rows": 21892,
                                                        "Actual Loops": 1
                                                    },
                                                    {
                                                        "Worker Number": 4,
                                                        "Actual Startup Time": 160.41,
                                                        "Actual Total Time": 233.86,
                                                        "Actual Rows": 21605,
                                                        "Actual Loops": 1
                                                    }
                                                ],
                                                "Plans": [
                                                    {
                                                        "Node Type": "Seq Scan",
                                                        "Parent Relationship": "Outer",
                                                        "Parallel Aware": true,
                                                        "Relation Name": "movie_info_idx",
                                                        "Schema": "public",
                                                        "Alias": "mi_idx",
                                                        "Startup Cost": 0.0,
                                                        "Total Cost": 13685.15,
                                                        "Plan Rows": 575015,
                                                        "Plan Width": 4,
                                                        "Actual Startup Time": 0.017,
                                                        "Actual Total Time": 27.872,
                                                        "Actual Rows": 230006,
                                                        "Actual Loops": 6,
                                                        "Output": [
                                                            "mi_idx.id",
                                                            "mi_idx.movie_id",
                                                            "mi_idx.info_type_id",
                                                            "mi_idx.info",
                                                            "mi_idx.note"
                                                        ],
                                                        "Workers": [
                                                            {
                                                                "Worker Number": 0,
                                                                "Actual Startup Time": 0.015,
                                                                "Actual Total Time": 27.149,
                                                                "Actual Rows": 284368,
                                                                "Actual Loops": 1
                                                            },
                                                            {
                                                                "Worker Number": 1,
                                                                "Actual Startup Time": 0.022,
                                                                "Actual Total Time": 28.821,
                                                                "Actual Rows": 215690,
                                                                "Actual Loops": 1
                                                            },
                                                            {
                                                                "Worker Number": 2,
                                                                "Actual Startup Time": 0.028,
                                                                "Actual Total Time": 28.642,
                                                                "Actual Rows": 212525,
                                                                "Actual Loops": 1
                                                            },
                                                            {
                                                                "Worker Number": 3,
                                                                "Actual Startup Time": 0.015,
                                                                "Actual Total Time": 28.741,
                                                                "Actual Rows": 215141,
                                                                "Actual Loops": 1
                                                            },
                                                            {
                                                                "Worker Number": 4,
                                                                "Actual Startup Time": 0.011,
                                                                "Actual Total Time": 28.579,
                                                                "Actual Rows": 211600,
                                                                "Actual Loops": 1
                                                            }
                                                        ]
                                                    },
                                                    {
                                                        "Node Type": "Hash",
                                                        "Parent Relationship": "Inner",
                                                        "Parallel Aware": true,
                                                        "Startup Cost": 45479.21,
                                                        "Total Cost": 45479.21,
                                                        "Plan Rows": 136837,
                                                        "Plan Width": 4,
                                                        "Actual Startup Time": 157.762,
                                                        "Actual Total Time": 157.763,
                                                        "Actual Rows": 100400,
                                                        "Actual Loops": 6,
                                                        "Output": [
                                                            "t.id"
                                                        ],
                                                        "Hash Buckets": 1048576,
                                                        "Original Hash Buckets": 1048576,
                                                        "Hash Batches": 1,
                                                        "Original Hash Batches": 1,
                                                        "Peak Memory Usage": 31872,
                                                        "Workers": [
                                                            {
                                                                "Worker Number": 0,
                                                                "Actual Startup Time": 159.824,
                                                                "Actual Total Time": 159.825,
                                                                "Actual Rows": 109149,
                                                                "Actual Loops": 1
                                                            },
                                                            {
                                                                "Worker Number": 1,
                                                                "Actual Startup Time": 159.805,
                                                                "Actual Total Time": 159.807,
                                                                "Actual Rows": 88410,
                                                                "Actual Loops": 1
                                                            },
                                                            {
                                                                "Worker Number": 2,
                                                                "Actual Startup Time": 159.883,
                                                                "Actual Total Time": 159.884,
                                                                "Actual Rows": 89441,
                                                                "Actual Loops": 1
                                                            },
                                                            {
                                                                "Worker Number": 3,
                                                                "Actual Startup Time": 159.744,
                                                                "Actual Total Time": 159.745,
                                                                "Actual Rows": 89753,
                                                                "Actual Loops": 1
                                                            },
                                                            {
                                                                "Worker Number": 4,
                                                                "Actual Startup Time": 159.849,
                                                                "Actual Total Time": 159.85,
                                                                "Actual Rows": 88515,
                                                                "Actual Loops": 1
                                                            }
                                                        ],
                                                        "Plans": [
                                                            {
                                                                "Node Type": "Seq Scan",
                                                                "Parent Relationship": "Outer",
                                                                "Parallel Aware": true,
                                                                "Relation Name": "title",
                                                                "Schema": "public",
                                                                "Alias": "t",
                                                                "Startup Cost": 0.0,
                                                                "Total Cost": 45479.21,
                                                                "Plan Rows": 136837,
                                                                "Plan Width": 4,
                                                                "Actual Startup Time": 0.091,
                                                                "Actual Total Time": 98.148,
                                                                "Actual Rows": 100400,
                                                                "Actual Loops": 6,
                                                                "Output": [
                                                                    "t.id"
                                                                ],
                                                                "Filter": "((t.production_year > 2006) AND (t.kind_id = 7))",
                                                                "Rows Removed by Filter": 320985,
                                                                "Workers": [
                                                                    {
                                                                        "Worker Number": 0,
                                                                        "Actual Startup Time": 0.109,
                                                                        "Actual Total Time": 98.742,
                                                                        "Actual Rows": 109149,
                                                                        "Actual Loops": 1
                                                                    },
                                                                    {
                                                                        "Worker Number": 1,
                                                                        "Actual Startup Time": 0.101,
                                                                        "Actual Total Time": 98.84,
                                                                        "Actual Rows": 88410,
                                                                        "Actual Loops": 1
                                                                    },
                                                                    {
                                                                        "Worker Number": 2,
                                                                        "Actual Startup Time": 0.11,
                                                                        "Actual Total Time": 100.055,
                                                                        "Actual Rows": 89441,
                                                                        "Actual Loops": 1
                                                                    },
                                                                    {
                                                                        "Worker Number": 3,
                                                                        "Actual Startup Time": 0.102,
                                                                        "Actual Total Time": 99.389,
                                                                        "Actual Rows": 89753,
                                                                        "Actual Loops": 1
                                                                    },
                                                                    {
                                                                        "Worker Number": 4,
                                                                        "Actual Startup Time": 0.104,
                                                                        "Actual Total Time": 99.716,
                                                                        "Actual Rows": 88515,
                                                                        "Actual Loops": 1
                                                                    }
                                                                ]
                                                            }
                                                        ]
                                                    }
                                                ]
                                            }
                                        ]
                                    }
                                ]
                            }
                        ]
                    }
                ]
            }
        ]
    },
    "Planning Time": 1.635,
    "Triggers": [],
    "Execution Time": 968.634
}