{
  "Plan": {
    "Node Type": "Aggregate",
    "Strategy": "Plain",
    "Partial Mode": "Finalize",
    "Parallel Aware": false,
    "Startup Cost": 342875.67,
    "Total Cost": 342875.68,
    "Plan Rows": 1,
    "Plan Width": 8,
    "Actual Startup Time": 1601.926,
    "Actual Total Time": 1622.982,
    "Actual Rows": 1,
    "Actual Loops": 1,
    "Plans": [
      {
        "Node Type": "Gather",
        "Parent Relationship": "Outer",
        "Parallel Aware": false,
        "Startup Cost": 342875.56,
        "Total Cost": 342875.67,
        "Plan Rows": 1,
        "Plan Width": 8,
        "Actual Startup Time": 1599.903,
        "Actual Total Time": 1622.972,
        "Actual Rows": 2,
        "Actual Loops": 1,
        "Workers Planned": 1,
        "Workers Launched": 1,
        "Single Copy": false,
        "Plans": [
          {
            "Node Type": "Aggregate",
            "Strategy": "Plain",
            "Partial Mode": "Partial",
            "Parent Relationship": "Outer",
            "Parallel Aware": false,
            "Startup Cost": 341875.56,
            "Total Cost": 341875.57,
            "Plan Rows": 1,
            "Plan Width": 8,
            "Actual Startup Time": 1596.83,
            "Actual Total Time": 1596.834,
            "Actual Rows": 1,
            "Actual Loops": 2,
            "Plans": [
              {
                "Node Type": "Hash Join",
                "Parent Relationship": "Outer",
                "Parallel Aware": true,
                "Join Type": "Inner",
                "Startup Cost": 61878.87,
                "Total Cost": 340789.05,
                "Plan Rows": 434606,
                "Plan Width": 0,
                "Actual Startup Time": 251.722,
                "Actual Total Time": 1552.404,
                "Actual Rows": 1024428,
                "Actual Loops": 2,
                "Inner Unique": true,
                "Hash Cond": "(ci.movie_id = t.id)",
                "Plans": [
                  {
                    "Node Type": "Index Scan",
                    "Parent Relationship": "Outer",
                    "Parallel Aware": true,
                    "Scan Direction": "Forward",
                    "Index Name": "role_id_cast_info",
                    "Relation Name": "cast_info",
                    "Alias": "ci",
                    "Startup Cost": 0.56,
                    "Total Cost": 276001.42,
                    "Plan Rows": 1108312,
                    "Plan Width": 4,
                    "Actual Startup Time": 0.06,
                    "Actual Total Time": 602.186,
                    "Actual Rows": 2575998,
                    "Actual Loops": 2,
                    "Index Cond": "(role_id > 5)",
                    "Rows Removed by Index Recheck": 0,
                    "Filter": "(person_id > 2890869)",
                    "Rows Removed by Filter": 1667158
                  },
                  {
                    "Node Type": "Hash",
                    "Parent Relationship": "Inner",
                    "Parallel Aware": true,
                    "Startup Cost": 54588.39,
                    "Total Cost": 54588.39,
                    "Plan Rows": 583193,
                    "Plan Width": 4,
                    "Actual Startup Time": 245.692,
                    "Actual Total Time": 245.693,
                    "Actual Rows": 492524,
                    "Actual Loops": 2,
                    "Hash Buckets": 1048576,
                    "Original Hash Buckets": 1048576,
                    "Hash Batches": 1,
                    "Original Hash Batches": 1,
                    "Peak Memory Usage": 46752,
                    "Plans": [
                      {
                        "Node Type": "Seq Scan",
                        "Parent Relationship": "Outer",
                        "Parallel Aware": true,
                        "Relation Name": "title",
                        "Alias": "t",
                        "Startup Cost": 0.0,
                        "Total Cost": 54588.39,
                        "Plan Rows": 583193,
                        "Plan Width": 4,
                        "Actual Startup Time": 0.019,
                        "Actual Total Time": 139.511,
                        "Actual Rows": 492524,
                        "Actual Loops": 2,
                        "Filter": "(kind_id < 7)",
                        "Rows Removed by Filter": 771632
                      }
                    ]
                  }
                ]
              }
            ]
          }
        ]
      }
    ]
  },
  "Planning Time": 0.303,
  "Triggers": [],
  "Execution Time": 1623.037
}