[
  {
    "Plan": {
      "Node Type": "Aggregate",
      "Strategy": "Plain",
      "Partial Mode": "Finalize",
      "Parallel Aware": false,
      "Startup Cost": 394213.65,
      "Total Cost": 394213.66,
      "Plan Rows": 1,
      "Plan Width": 8,
      "Actual Startup Time": 1450.944,
      "Actual Total Time": 1484.573,
      "Actual Rows": 1,
      "Actual Loops": 1,
      "Plans": [
        {
          "Node Type": "Gather",
          "Parent Relationship": "Outer",
          "Parallel Aware": false,
          "Startup Cost": 394213.33,
          "Total Cost": 394213.64,
          "Plan Rows": 3,
          "Plan Width": 8,
          "Actual Startup Time": 1431.971,
          "Actual Total Time": 1484.56,
          "Actual Rows": 4,
          "Actual Loops": 1,
          "Workers Planned": 3,
          "Workers Launched": 3,
          "Single Copy": false,
          "Plans": [
            {
              "Node Type": "Aggregate",
              "Strategy": "Plain",
              "Partial Mode": "Partial",
              "Parent Relationship": "Outer",
              "Parallel Aware": false,
              "Startup Cost": 393213.33,
              "Total Cost": 393213.34,
              "Plan Rows": 1,
              "Plan Width": 8,
              "Actual Startup Time": 1419.458,
              "Actual Total Time": 1420.122,
              "Actual Rows": 1,
              "Actual Loops": 4,
              "Plans": [
                {
                  "Node Type": "Hash Join",
                  "Parent Relationship": "Outer",
                  "Parallel Aware": true,
                  "Join Type": "Inner",
                  "Startup Cost": 358953.14,
                  "Total Cost": 392425.55,
                  "Plan Rows": 315111,
                  "Plan Width": 0,
                  "Actual Startup Time": 1185.41,
                  "Actual Total Time": 1397.179,
                  "Actual Rows": 450914,
                  "Actual Loops": 4,
                  "Inner Unique": false,
                  "Hash Cond": "(mc.movie_id = t.id)",
                  "Plans": [
                    {
                      "Node Type": "Seq Scan",
                      "Parent Relationship": "Outer",
                      "Parallel Aware": true,
                      "Relation Name": "movie_companies",
                      "Alias": "mc",
                      "Startup Cost": 0.0,
                      "Total Cost": 31414.82,
                      "Plan Rows": 408642,
                      "Plan Width": 4,
                      "Actual Startup Time": 36.504,
                      "Actual Total Time": 82.896,
                      "Actual Rows": 328036,
                      "Actual Loops": 4,
                      "Filter": "((company_id > 19) AND (company_type_id = 2))",
                      "Rows Removed by Filter": 324246
                    },
                    {
                      "Node Type": "Hash",
                      "Parent Relationship": "Inner",
                      "Parallel Aware": true,
                      "Startup Cost": 354891.24,
                      "Total Cost": 354891.24,
                      "Plan Rows": 324952,
                      "Plan Width": 8,
                      "Actual Startup Time": 1140.984,
                      "Actual Total Time": 1141.647,
                      "Actual Rows": 511200,
                      "Actual Loops": 4,
                      "Hash Buckets": 2097152,
                      "Original Hash Buckets": 2097152,
                      "Hash Batches": 1,
                      "Original Hash Batches": 1,
                      "Peak Memory Usage": 96448,
                      "Plans": [
                        {
                          "Node Type": "Hash Join",
                          "Parent Relationship": "Outer",
                          "Parallel Aware": true,
                          "Join Type": "Inner",
                          "Startup Cost": 96993.08,
                          "Total Cost": 354891.24,
                          "Plan Rows": 324952,
                          "Plan Width": 8,
                          "Actual Startup Time": 518.999,
                          "Actual Total Time": 927.941,
                          "Actual Rows": 511200,
                          "Actual Loops": 4,
                          "Inner Unique": true,
                          "Hash Cond": "(ci.movie_id = t.id)",
                          "Plans": [
                            {
                              "Node Type": "Bitmap Heap Scan",
                              "Parent Relationship": "Outer",
                              "Parallel Aware": true,
                              "Relation Name": "cast_info",
                              "Alias": "ci",
                              "Startup Cost": 45641.64,
                              "Total Cost": 302635.38,
                              "Plan Rows": 344539,
                              "Plan Width": 4,
                              "Actual Startup Time": 119.9,
                              "Actual Total Time": 220.285,
                              "Actual Rows": 529818,
                              "Actual Loops": 4,
                              "Recheck Cond": "(person_id < 207999)",
                              "Rows Removed by Index Recheck": 0,
                              "Exact Heap Blocks": 5557,
                              "Lossy Heap Blocks": 0,
                              "Plans": [
                                {
                                  "Node Type": "Bitmap Index Scan",
                                  "Parent Relationship": "Outer",
                                  "Parallel Aware": false,
                                  "Index Name": "person_id_cast_info",
                                  "Startup Cost": 0.0,
                                  "Total Cost": 45124.83,
                                  "Plan Rows": 2067235,
                                  "Plan Width": 0,
                                  "Actual Startup Time": 114.736,
                                  "Actual Total Time": 114.737,
                                  "Actual Rows": 2119271,
                                  "Actual Loops": 1,
                                  "Index Cond": "(person_id < 207999)"
                                }
                              ]
                            },
                            {
                              "Node Type": "Hash",
                              "Parent Relationship": "Inner",
                              "Parallel Aware": true,
                              "Startup Cost": 43899.32,
                              "Total Cost": 43899.32,
                              "Plan Rows": 596170,
                              "Plan Width": 4,
                              "Actual Startup Time": 390.539,
                              "Actual Total Time": 390.54,
                              "Actual Rows": 597219,
                              "Actual Loops": 4,
                              "Hash Buckets": 4194304,
                              "Original Hash Buckets": 4194304,
                              "Hash Batches": 1,
                              "Original Hash Batches": 1,
                              "Peak Memory Usage": 126272,
                              "Plans": [
                                {
                                  "Node Type": "Seq Scan",
                                  "Parent Relationship": "Outer",
                                  "Parallel Aware": true,
                                  "Relation Name": "title",
                                  "Alias": "t",
                                  "Startup Cost": 0.0,
                                  "Total Cost": 43899.32,
                                  "Plan Rows": 596170,
                                  "Plan Width": 4,
                                  "Actual Startup Time": 0.047,
                                  "Actual Total Time": 129.571,
                                  "Actual Rows": 597219,
                                  "Actual Loops": 4,
                                  "Filter": "(production_year < 2013)",
                                  "Rows Removed by Filter": 34859
                                }
                              ]
                            }
                          ]
                        }
                      ]
                    }
                  ]
                }
              ]
            }
          ]
        }
      ]
    },
    "Planning Time": 1.554,
    "Triggers": [],
    "Execution Time": 1484.681
  }
]