{
    "Plan": {
        "Node Type": "Aggregate",
        "Strategy": "Plain",
        "Partial Mode": "Finalize",
        "Parallel Aware": false,
        "Startup Cost": 630087.67,
        "Total Cost": 630087.68,
        "Plan Rows": 1,
        "Plan Width": 8,
        "Actual Startup Time": 6777.486,
        "Actual Total Time": 6852.717,
        "Actual Rows": 1,
        "Actual Loops": 1,
        "Output": [
            "count(*)"
        ],
        "Plans": [
            {
                "Node Type": "Gather",
                "Parent Relationship": "Outer",
                "Parallel Aware": false,
                "Startup Cost": 630087.05,
                "Total Cost": 630087.66,
                "Plan Rows": 6,
                "Plan Width": 8,
                "Actual Startup Time": 6755.684,
                "Actual Total Time": 6852.704,
                "Actual Rows": 7,
                "Actual Loops": 1,
                "Output": [
                    "(PARTIAL count(*))"
                ],
                "Workers Planned": 6,
                "Workers Launched": 6,
                "Single Copy": false,
                "Plans": [
                    {
                        "Node Type": "Aggregate",
                        "Strategy": "Plain",
                        "Partial Mode": "Partial",
                        "Parent Relationship": "Outer",
                        "Parallel Aware": false,
                        "Startup Cost": 629087.05,
                        "Total Cost": 629087.06,
                        "Plan Rows": 1,
                        "Plan Width": 8,
                        "Actual Startup Time": 6733.641,
                        "Actual Total Time": 6734.132,
                        "Actual Rows": 1,
                        "Actual Loops": 7,
                        "Output": [
                            "PARTIAL count(*)"
                        ],
                        "Workers": [
                            {
                                "Worker Number": 0,
                                "Actual Startup Time": 6734.789,
                                "Actual Total Time": 6734.795,
                                "Actual Rows": 1,
                                "Actual Loops": 1
                            },
                            {
                                "Worker Number": 1,
                                "Actual Startup Time": 6728.991,
                                "Actual Total Time": 6728.996,
                                "Actual Rows": 1,
                                "Actual Loops": 1
                            },
                            {
                                "Worker Number": 2,
                                "Actual Startup Time": 6729.041,
                                "Actual Total Time": 6729.046,
                                "Actual Rows": 1,
                                "Actual Loops": 1
                            },
                            {
                                "Worker Number": 3,
                                "Actual Startup Time": 6729.274,
                                "Actual Total Time": 6729.278,
                                "Actual Rows": 1,
                                "Actual Loops": 1
                            },
                            {
                                "Worker Number": 4,
                                "Actual Startup Time": 6729.42,
                                "Actual Total Time": 6729.425,
                                "Actual Rows": 1,
                                "Actual Loops": 1
                            },
                            {
                                "Worker Number": 5,
                                "Actual Startup Time": 6729.295,
                                "Actual Total Time": 6729.3,
                                "Actual Rows": 1,
                                "Actual Loops": 1
                            }
                        ],
                        "Plans": [
                            {
                                "Node Type": "Hash Join",
                                "Parent Relationship": "Outer",
                                "Parallel Aware": true,
                                "Join Type": "Inner",
                                "Startup Cost": 254193.02,
                                "Total Cost": 607349.41,
                                "Plan Rows": 8695056,
                                "Plan Width": 0,
                                "Actual Startup Time": 1372.223,
                                "Actual Total Time": 6063.279,
                                "Actual Rows": 15831437,
                                "Actual Loops": 7,
                                "Inner Unique": false,
                                "Hash Cond": "(ci.movie_id = t.id)",
                                "Workers": [
                                    {
                                        "Worker Number": 0,
                                        "Actual Startup Time": 1368.444,
                                        "Actual Total Time": 5998.899,
                                        "Actual Rows": 13966023,
                                        "Actual Loops": 1
                                    },
                                    {
                                        "Worker Number": 1,
                                        "Actual Startup Time": 1368.527,
                                        "Actual Total Time": 6084.648,
                                        "Actual Rows": 17215221,
                                        "Actual Loops": 1
                                    },
                                    {
                                        "Worker Number": 2,
                                        "Actual Startup Time": 1368.495,
                                        "Actual Total Time": 6006.855,
                                        "Actual Rows": 15206551,
                                        "Actual Loops": 1
                                    },
                                    {
                                        "Worker Number": 3,
                                        "Actual Startup Time": 1368.604,
                                        "Actual Total Time": 6073.951,
                                        "Actual Rows": 14591291,
                                        "Actual Loops": 1
                                    },
                                    {
                                        "Worker Number": 4,
                                        "Actual Startup Time": 1368.66,
                                        "Actual Total Time": 6114.294,
                                        "Actual Rows": 15922841,
                                        "Actual Loops": 1
                                    },
                                    {
                                        "Worker Number": 5,
                                        "Actual Startup Time": 1368.681,
                                        "Actual Total Time": 6111.779,
                                        "Actual Rows": 15988443,
                                        "Actual Loops": 1
                                    }
                                ],
                                "Plans": [
                                    {
                                        "Node Type": "Seq Scan",
                                        "Parent Relationship": "Outer",
                                        "Parallel Aware": true,
                                        "Relation Name": "cast_info",
                                        "Schema": "public",
                                        "Alias": "ci",
                                        "Startup Cost": 0.0,
                                        "Total Cost": 313108.29,
                                        "Plan Rows": 6042129,
                                        "Plan Width": 4,
                                        "Actual Startup Time": 0.032,
                                        "Actual Total Time": 575.362,
                                        "Actual Rows": 5177763,
                                        "Actual Loops": 7,
                                        "Output": [
                                            "ci.id",
                                            "ci.person_id",
                                            "ci.movie_id",
                                            "ci.person_role_id",
                                            "ci.note",
                                            "ci.nr_order",
                                            "ci.role_id"
                                        ],
                                        "Workers": [
                                            {
                                                "Worker Number": 0,
                                                "Actual Startup Time": 0.036,
                                                "Actual Total Time": 610.069,
                                                "Actual Rows": 4528626,
                                                "Actual Loops": 1
                                            },
                                            {
                                                "Worker Number": 1,
                                                "Actual Startup Time": 0.033,
                                                "Actual Total Time": 588.415,
                                                "Actual Rows": 5617833,
                                                "Actual Loops": 1
                                            },
                                            {
                                                "Worker Number": 2,
                                                "Actual Startup Time": 0.044,
                                                "Actual Total Time": 606.192,
                                                "Actual Rows": 5053885,
                                                "Actual Loops": 1
                                            },
                                            {
                                                "Worker Number": 3,
                                                "Actual Startup Time": 0.034,
                                                "Actual Total Time": 590.526,
                                                "Actual Rows": 4805071,
                                                "Actual Loops": 1
                                            },
                                            {
                                                "Worker Number": 4,
                                                "Actual Startup Time": 0.032,
                                                "Actual Total Time": 585.927,
                                                "Actual Rows": 5198620,
                                                "Actual Loops": 1
                                            },
                                            {
                                                "Worker Number": 5,
                                                "Actual Startup Time": 0.032,
                                                "Actual Total Time": 585.656,
                                                "Actual Rows": 5222569,
                                                "Actual Loops": 1
                                            }
                                        ]
                                    },
                                    {
                                        "Node Type": "Hash",
                                        "Parent Relationship": "Inner",
                                        "Parallel Aware": true,
                                        "Startup Cost": 245096.93,
                                        "Total Cost": 245096.93,
                                        "Plan Rows": 727687,
                                        "Plan Width": 8,
                                        "Actual Startup Time": 1365.364,
                                        "Actual Total Time": 1365.853,
                                        "Actual Rows": 735403,
                                        "Actual Loops": 7,
                                        "Output": [
                                            "t.id",
                                            "mi.movie_id"
                                        ],
                                        "Hash Buckets": 8388608,
                                        "Original Hash Buckets": 4194304,
                                        "Hash Batches": 1,
                                        "Original Hash Batches": 1,
                                        "Peak Memory Usage": 299776,
                                        "Workers": [
                                            {
                                                "Worker Number": 0,
                                                "Actual Startup Time": 1367.64,
                                                "Actual Total Time": 1367.644,
                                                "Actual Rows": 583406,
                                                "Actual Loops": 1
                                            },
                                            {
                                                "Worker Number": 1,
                                                "Actual Startup Time": 1367.748,
                                                "Actual Total Time": 1367.75,
                                                "Actual Rows": 808805,
                                                "Actual Loops": 1
                                            },
                                            {
                                                "Worker Number": 2,
                                                "Actual Startup Time": 1367.748,
                                                "Actual Total Time": 1367.751,
                                                "Actual Rows": 579304,
                                                "Actual Loops": 1
                                            },
                                            {
                                                "Worker Number": 3,
                                                "Actual Startup Time": 1367.865,
                                                "Actual Total Time": 1367.869,
                                                "Actual Rows": 744192,
                                                "Actual Loops": 1
                                            },
                                            {
                                                "Worker Number": 4,
                                                "Actual Startup Time": 1367.931,
                                                "Actual Total Time": 1367.934,
                                                "Actual Rows": 757215,
                                                "Actual Loops": 1
                                            },
                                            {
                                                "Worker Number": 5,
                                                "Actual Startup Time": 1367.916,
                                                "Actual Total Time": 1367.919,
                                                "Actual Rows": 752199,
                                                "Actual Loops": 1
                                            }
                                        ],
                                        "Plans": [
                                            {
                                                "Node Type": "Hash Join",
                                                "Parent Relationship": "Outer",
                                                "Parallel Aware": true,
                                                "Join Type": "Inner",
                                                "Startup Cost": 45847.31,
                                                "Total Cost": 245096.93,
                                                "Plan Rows": 727687,
                                                "Plan Width": 8,
                                                "Actual Startup Time": 124.832,
                                                "Actual Total Time": 925.442,
                                                "Actual Rows": 735403,
                                                "Actual Loops": 7,
                                                "Output": [
                                                    "t.id",
                                                    "mi.movie_id"
                                                ],
                                                "Inner Unique": true,
                                                "Hash Cond": "(mi.movie_id = t.id)",
                                                "Workers": [
                                                    {
                                                        "Worker Number": 0,
                                                        "Actual Startup Time": 124.831,
                                                        "Actual Total Time": 933.786,
                                                        "Actual Rows": 583406,
                                                        "Actual Loops": 1
                                                    },
                                                    {
                                                        "Worker Number": 1,
                                                        "Actual Startup Time": 124.89,
                                                        "Actual Total Time": 923.022,
                                                        "Actual Rows": 808805,
                                                        "Actual Loops": 1
                                                    },
                                                    {
                                                        "Worker Number": 2,
                                                        "Actual Startup Time": 124.79,
                                                        "Actual Total Time": 931.739,
                                                        "Actual Rows": 579304,
                                                        "Actual Loops": 1
                                                    },
                                                    {
                                                        "Worker Number": 3,
                                                        "Actual Startup Time": 124.77,
                                                        "Actual Total Time": 926.622,
                                                        "Actual Rows": 744192,
                                                        "Actual Loops": 1
                                                    },
                                                    {
                                                        "Worker Number": 4,
                                                        "Actual Startup Time": 124.915,
                                                        "Actual Total Time": 927.782,
                                                        "Actual Rows": 757215,
                                                        "Actual Loops": 1
                                                    },
                                                    {
                                                        "Worker Number": 5,
                                                        "Actual Startup Time": 124.756,
                                                        "Actual Total Time": 925.069,
                                                        "Actual Rows": 752199,
                                                        "Actual Loops": 1
                                                    }
                                                ],
                                                "Plans": [
                                                    {
                                                        "Node Type": "Seq Scan",
                                                        "Parent Relationship": "Outer",
                                                        "Parallel Aware": true,
                                                        "Relation Name": "movie_info",
                                                        "Schema": "public",
                                                        "Alias": "mi",
                                                        "Startup Cost": 0.0,
                                                        "Total Cost": 191503.19,
                                                        "Plan Rows": 2951019,
                                                        "Plan Width": 4,
                                                        "Actual Startup Time": 0.03,
                                                        "Actual Total Time": 287.169,
                                                        "Actual Rows": 2119389,
                                                        "Actual Loops": 7,
                                                        "Output": [
                                                            "mi.id",
                                                            "mi.movie_id",
                                                            "mi.info_type_id",
                                                            "mi.info",
                                                            "mi.note"
                                                        ],
                                                        "Workers": [
                                                            {
                                                                "Worker Number": 0,
                                                                "Actual Startup Time": 0.037,
                                                                "Actual Total Time": 313.46,
                                                                "Actual Rows": 1671353,
                                                                "Actual Loops": 1
                                                            },
                                                            {
                                                                "Worker Number": 1,
                                                                "Actual Startup Time": 0.033,
                                                                "Actual Total Time": 291.527,
                                                                "Actual Rows": 2332941,
                                                                "Actual Loops": 1
                                                            },
                                                            {
                                                                "Worker Number": 2,
                                                                "Actual Startup Time": 0.039,
                                                                "Actual Total Time": 310.93,
                                                                "Actual Rows": 1664271,
                                                                "Actual Loops": 1
                                                            },
                                                            {
                                                                "Worker Number": 3,
                                                                "Actual Startup Time": 0.031,
                                                                "Actual Total Time": 288.496,
                                                                "Actual Rows": 2131178,
                                                                "Actual Loops": 1
                                                            },
                                                            {
                                                                "Worker Number": 4,
                                                                "Actual Startup Time": 0.037,
                                                                "Actual Total Time": 288.766,
                                                                "Actual Rows": 2161481,
                                                                "Actual Loops": 1
                                                            },
                                                            {
                                                                "Worker Number": 5,
                                                                "Actual Startup Time": 0.028,
                                                                "Actual Total Time": 289.828,
                                                                "Actual Rows": 2154321,
                                                                "Actual Loops": 1
                                                            }
                                                        ]
                                                    },
                                                    {
                                                        "Node Type": "Hash",
                                                        "Parent Relationship": "Inner",
                                                        "Parallel Aware": true,
                                                        "Startup Cost": 43899.01,
                                                        "Total Cost": 43899.01,
                                                        "Plan Rows": 155864,
                                                        "Plan Width": 4,
                                                        "Actual Startup Time": 123.785,
                                                        "Actual Total Time": 123.786,
                                                        "Actual Rows": 88979,
                                                        "Actual Loops": 7,
                                                        "Output": [
                                                            "t.id"
                                                        ],
                                                        "Hash Buckets": 1048576,
                                                        "Original Hash Buckets": 1048576,
                                                        "Hash Batches": 1,
                                                        "Original Hash Batches": 1,
                                                        "Peak Memory Usage": 32672,
                                                        "Workers": [
                                                            {
                                                                "Worker Number": 0,
                                                                "Actual Startup Time": 124.645,
                                                                "Actual Total Time": 124.646,
                                                                "Actual Rows": 67152,
                                                                "Actual Loops": 1
                                                            },
                                                            {
                                                                "Worker Number": 1,
                                                                "Actual Startup Time": 124.656,
                                                                "Actual Total Time": 124.657,
                                                                "Actual Rows": 87949,
                                                                "Actual Loops": 1
                                                            },
                                                            {
                                                                "Worker Number": 2,
                                                                "Actual Startup Time": 124.664,
                                                                "Actual Total Time": 124.665,
                                                                "Actual Rows": 68328,
                                                                "Actual Loops": 1
                                                            },
                                                            {
                                                                "Worker Number": 3,
                                                                "Actual Startup Time": 124.632,
                                                                "Actual Total Time": 124.633,
                                                                "Actual Rows": 82714,
                                                                "Actual Loops": 1
                                                            },
                                                            {
                                                                "Worker Number": 4,
                                                                "Actual Startup Time": 124.634,
                                                                "Actual Total Time": 124.635,
                                                                "Actual Rows": 85795,
                                                                "Actual Loops": 1
                                                            },
                                                            {
                                                                "Worker Number": 5,
                                                                "Actual Startup Time": 124.629,
                                                                "Actual Total Time": 124.63,
                                                                "Actual Rows": 82606,
                                                                "Actual Loops": 1
                                                            }
                                                        ],
                                                        "Plans": [
                                                            {
                                                                "Node Type": "Seq Scan",
                                                                "Parent Relationship": "Outer",
                                                                "Parallel Aware": true,
                                                                "Relation Name": "title",
                                                                "Schema": "public",
                                                                "Alias": "t",
                                                                "Startup Cost": 0.0,
                                                                "Total Cost": 43899.01,
                                                                "Plan Rows": 155864,
                                                                "Plan Width": 4,
                                                                "Actual Startup Time": 0.067,
                                                                "Actual Total Time": 75.648,
                                                                "Actual Rows": 88979,
                                                                "Actual Loops": 7,
                                                                "Output": [
                                                                    "t.id"
                                                                ],
                                                                "Filter": "(t.production_year < 1987)",
                                                                "Rows Removed by Filter": 272209,
                                                                "Workers": [
                                                                    {
                                                                        "Worker Number": 0,
                                                                        "Actual Startup Time": 0.08,
                                                                        "Actual Total Time": 77.746,
                                                                        "Actual Rows": 67152,
                                                                        "Actual Loops": 1
                                                                    },
                                                                    {
                                                                        "Worker Number": 1,
                                                                        "Actual Startup Time": 0.067,
                                                                        "Actual Total Time": 76.021,
                                                                        "Actual Rows": 87949,
                                                                        "Actual Loops": 1
                                                                    },
                                                                    {
                                                                        "Worker Number": 2,
                                                                        "Actual Startup Time": 0.07,
                                                                        "Actual Total Time": 78.489,
                                                                        "Actual Rows": 68328,
                                                                        "Actual Loops": 1
                                                                    },
                                                                    {
                                                                        "Worker Number": 3,
                                                                        "Actual Startup Time": 0.078,
                                                                        "Actual Total Time": 75.599,
                                                                        "Actual Rows": 82714,
                                                                        "Actual Loops": 1
                                                                    },
                                                                    {
                                                                        "Worker Number": 4,
                                                                        "Actual Startup Time": 0.078,
                                                                        "Actual Total Time": 75.743,
                                                                        "Actual Rows": 85795,
                                                                        "Actual Loops": 1
                                                                    },
                                                                    {
                                                                        "Worker Number": 5,
                                                                        "Actual Startup Time": 0.08,
                                                                        "Actual Total Time": 76.39,
                                                                        "Actual Rows": 82606,
                                                                        "Actual Loops": 1
                                                                    }
                                                                ]
                                                            }
                                                        ]
                                                    }
                                                ]
                                            }
                                        ]
                                    }
                                ]
                            }
                        ]
                    }
                ]
            }
        ]
    },
    "Planning Time": 1.41,
    "Triggers": [],
    "Execution Time": 6852.809
}