[
  {
    "Plan": {
      "Node Type": "Aggregate",
      "Strategy": "Plain",
      "Partial Mode": "Finalize",
      "Parallel Aware": false,
      "Startup Cost": 340073.25,
      "Total Cost": 340073.26,
      "Plan Rows": 1,
      "Plan Width": 8,
      "Actual Startup Time": 775.113,
      "Actual Total Time": 829.876,
      "Actual Rows": 1,
      "Actual Loops": 1,
      "Plans": [
        {
          "Node Type": "Gather",
          "Parent Relationship": "Outer",
          "Parallel Aware": false,
          "Startup Cost": 340072.63,
          "Total Cost": 340073.24,
          "Plan Rows": 6,
          "Plan Width": 8,
          "Actual Startup Time": 774.961,
          "Actual Total Time": 829.865,
          "Actual Rows": 7,
          "Actual Loops": 1,
          "Workers Planned": 6,
          "Workers Launched": 6,
          "Single Copy": false,
          "Plans": [
            {
              "Node Type": "Aggregate",
              "Strategy": "Plain",
              "Partial Mode": "Partial",
              "Parent Relationship": "Outer",
              "Parallel Aware": false,
              "Startup Cost": 339072.63,
              "Total Cost": 339072.64,
              "Plan Rows": 1,
              "Plan Width": 8,
              "Actual Startup Time": 765.544,
              "Actual Total Time": 765.545,
              "Actual Rows": 1,
              "Actual Loops": 7,
              "Plans": [
                {
                  "Node Type": "Seq Scan",
                  "Parent Relationship": "Outer",
                  "Parallel Aware": true,
                  "Relation Name": "cast_info",
                  "Alias": "ci",
                  "Startup Cost": 0.0,
                  "Total Cost": 328162.03,
                  "Plan Rows": 4364241,
                  "Plan Width": 0,
                  "Actual Startup Time": 0.055,
                  "Actual Total Time": 606.047,
                  "Actual Rows": 3758399,
                  "Actual Loops": 7,
                  "Filter": "(person_id < 2720304)",
                  "Rows Removed by Filter": 1419364
                }
              ]
            }
          ]
        }
      ]
    },
    "Planning Time": 0.206,
    "Triggers": [],
    "Execution Time": 829.948
  }
]