[
  {
    "Plan": {
      "Node Type": "Aggregate",
      "Strategy": "Plain",
      "Partial Mode": "Finalize",
      "Parallel Aware": false,
      "Startup Cost": 253366.44,
      "Total Cost": 253366.45,
      "Plan Rows": 1,
      "Plan Width": 8,
      "Actual Startup Time": 791.734,
      "Actual Total Time": 830.321,
      "Actual Rows": 1,
      "Actual Loops": 1,
      "Plans": [
        {
          "Node Type": "Gather",
          "Parent Relationship": "Outer",
          "Parallel Aware": false,
          "Startup Cost": 253365.92,
          "Total Cost": 253366.43,
          "Plan Rows": 5,
          "Plan Width": 8,
          "Actual Startup Time": 786.909,
          "Actual Total Time": 830.308,
          "Actual Rows": 6,
          "Actual Loops": 1,
          "Workers Planned": 5,
          "Workers Launched": 5,
          "Single Copy": false,
          "Plans": [
            {
              "Node Type": "Aggregate",
              "Strategy": "Plain",
              "Partial Mode": "Partial",
              "Parent Relationship": "Outer",
              "Parallel Aware": false,
              "Startup Cost": 252365.92,
              "Total Cost": 252365.93,
              "Plan Rows": 1,
              "Plan Width": 8,
              "Actual Startup Time": 780.591,
              "Actual Total Time": 780.595,
              "Actual Rows": 1,
              "Actual Loops": 6,
              "Plans": [
                {
                  "Node Type": "Hash Join",
                  "Parent Relationship": "Outer",
                  "Parallel Aware": true,
                  "Join Type": "Inner",
                  "Startup Cost": 48096.44,
                  "Total Cost": 251128.32,
                  "Plan Rows": 495037,
                  "Plan Width": 0,
                  "Actual Startup Time": 155.178,
                  "Actual Total Time": 748.95,
                  "Actual Rows": 673940,
                  "Actual Loops": 6,
                  "Inner Unique": true,
                  "Hash Cond": "(mi.movie_id = t.id)",
                  "Plans": [
                    {
                      "Node Type": "Seq Scan",
                      "Parent Relationship": "Outer",
                      "Parallel Aware": true,
                      "Relation Name": "movie_info",
                      "Alias": "mi",
                      "Startup Cost": 0.0,
                      "Total Cost": 199108.24,
                      "Plan Rows": 1494718,
                      "Plan Width": 4,
                      "Actual Startup Time": 18.343,
                      "Actual Total Time": 332.833,
                      "Actual Rows": 1258142,
                      "Actual Loops": 6,
                      "Filter": "(info_type_id > 7)",
                      "Rows Removed by Filter": 1214478
                    },
                    {
                      "Node Type": "Hash",
                      "Parent Relationship": "Inner",
                      "Parallel Aware": true,
                      "Startup Cost": 45479.59,
                      "Total Cost": 45479.59,
                      "Plan Rows": 209348,
                      "Plan Width": 4,
                      "Actual Startup Time": 134.362,
                      "Actual Total Time": 134.363,
                      "Actual Rows": 124978,
                      "Actual Loops": 6,
                      "Hash Buckets": 1048576,
                      "Original Hash Buckets": 1048576,
                      "Hash Batches": 1,
                      "Original Hash Batches": 1,
                      "Peak Memory Usage": 37600,
                      "Plans": [
                        {
                          "Node Type": "Seq Scan",
                          "Parent Relationship": "Outer",
                          "Parallel Aware": true,
                          "Relation Name": "title",
                          "Alias": "t",
                          "Startup Cost": 0.0,
                          "Total Cost": 45479.59,
                          "Plan Rows": 209348,
                          "Plan Width": 4,
                          "Actual Startup Time": 0.041,
                          "Actual Total Time": 81.244,
                          "Actual Rows": 124978,
                          "Actual Loops": 6,
                          "Filter": "((kind_id < 7) AND (production_year > 1966))",
                          "Rows Removed by Filter": 296407
                        }
                      ]
                    }
                  ]
                }
              ]
            }
          ]
        }
      ]
    },
    "Planning Time": 0.316,
    "Triggers": [],
    "Execution Time": 830.371
  }
]