[
  {
    "Plan": {
      "Node Type": "Aggregate",
      "Strategy": "Plain",
      "Partial Mode": "Finalize",
      "Parallel Aware": false,
      "Startup Cost": 155063.55,
      "Total Cost": 155063.56,
      "Plan Rows": 1,
      "Plan Width": 8,
      "Actual Startup Time": 2147.703,
      "Actual Total Time": 2227.896,
      "Actual Rows": 1,
      "Actual Loops": 1,
      "Plans": [
        {
          "Node Type": "Gather",
          "Parent Relationship": "Outer",
          "Parallel Aware": false,
          "Startup Cost": 155063.23,
          "Total Cost": 155063.54,
          "Plan Rows": 3,
          "Plan Width": 8,
          "Actual Startup Time": 2143.734,
          "Actual Total Time": 2227.879,
          "Actual Rows": 4,
          "Actual Loops": 1,
          "Workers Planned": 3,
          "Workers Launched": 3,
          "Single Copy": false,
          "Plans": [
            {
              "Node Type": "Aggregate",
              "Strategy": "Plain",
              "Partial Mode": "Partial",
              "Parent Relationship": "Outer",
              "Parallel Aware": false,
              "Startup Cost": 154063.23,
              "Total Cost": 154063.24,
              "Plan Rows": 1,
              "Plan Width": 8,
              "Actual Startup Time": 2136.953,
              "Actual Total Time": 2136.958,
              "Actual Rows": 1,
              "Actual Loops": 4,
              "Plans": [
                {
                  "Node Type": "Nested Loop",
                  "Parent Relationship": "Outer",
                  "Parallel Aware": false,
                  "Join Type": "Inner",
                  "Startup Cost": 53199.59,
                  "Total Cost": 153865.53,
                  "Plan Rows": 79080,
                  "Plan Width": 0,
                  "Actual Startup Time": 220.293,
                  "Actual Total Time": 2116.699,
                  "Actual Rows": 346815,
                  "Actual Loops": 4,
                  "Inner Unique": false,
                  "Plans": [
                    {
                      "Node Type": "Hash Join",
                      "Parent Relationship": "Outer",
                      "Parallel Aware": true,
                      "Join Type": "Inner",
                      "Startup Cost": 53199.03,
                      "Total Cost": 73067.62,
                      "Plan Rows": 26442,
                      "Plan Width": 8,
                      "Actual Startup Time": 220.168,
                      "Actual Total Time": 279.703,
                      "Actual Rows": 53666,
                      "Actual Loops": 4,
                      "Inner Unique": true,
                      "Hash Cond": "(mc.movie_id = t.id)",
                      "Plans": [
                        {
                          "Node Type": "Bitmap Heap Scan",
                          "Parent Relationship": "Outer",
                          "Parallel Aware": true,
                          "Relation Name": "movie_companies",
                          "Alias": "mc",
                          "Startup Cost": 4789.69,
                          "Total Cost": 24471.09,
                          "Plan Rows": 71312,
                          "Plan Width": 4,
                          "Actual Startup Time": 15.565,
                          "Actual Total Time": 30.723,
                          "Actual Rows": 54706,
                          "Actual Loops": 4,
                          "Recheck Cond": "(company_id > 108292)",
                          "Rows Removed by Index Recheck": 0,
                          "Exact Heap Blocks": 1473,
                          "Lossy Heap Blocks": 0,
                          "Plans": [
                            {
                              "Node Type": "Bitmap Index Scan",
                              "Parent Relationship": "Outer",
                              "Parallel Aware": false,
                              "Index Name": "company_id_movie_companies",
                              "Startup Cost": 0.0,
                              "Total Cost": 4734.43,
                              "Plan Rows": 221066,
                              "Plan Width": 0,
                              "Actual Startup Time": 14.618,
                              "Actual Total Time": 14.619,
                              "Actual Rows": 218825,
                              "Actual Loops": 1,
                              "Index Cond": "(company_id > 108292)"
                            }
                          ]
                        },
                        {
                          "Node Type": "Hash",
                          "Parent Relationship": "Inner",
                          "Parallel Aware": true,
                          "Startup Cost": 45479.59,
                          "Total Cost": 45479.59,
                          "Plan Rows": 234380,
                          "Plan Width": 4,
                          "Actual Startup Time": 201.833,
                          "Actual Total Time": 201.834,
                          "Actual Rows": 231514,
                          "Actual Loops": 4,
                          "Hash Buckets": 1048576,
                          "Original Hash Buckets": 1048576,
                          "Hash Batches": 1,
                          "Original Hash Batches": 1,
                          "Peak Memory Usage": 44480,
                          "Plans": [
                            {
                              "Node Type": "Seq Scan",
                              "Parent Relationship": "Outer",
                              "Parallel Aware": true,
                              "Relation Name": "title",
                              "Alias": "t",
                              "Startup Cost": 0.0,
                              "Total Cost": 45479.59,
                              "Plan Rows": 234380,
                              "Plan Width": 4,
                              "Actual Startup Time": 0.04,
                              "Actual Total Time": 111.353,
                              "Actual Rows": 231514,
                              "Actual Loops": 4,
                              "Filter": "((kind_id < 7) AND (production_year > 1913))",
                              "Rows Removed by Filter": 400564
                            }
                          ]
                        }
                      ]
                    },
                    {
                      "Node Type": "Index Scan",
                      "Parent Relationship": "Inner",
                      "Parallel Aware": false,
                      "Scan Direction": "Forward",
                      "Index Name": "movie_id_cast_info",
                      "Relation Name": "cast_info",
                      "Alias": "ci",
                      "Startup Cost": 0.56,
                      "Total Cost": 2.99,
                      "Plan Rows": 7,
                      "Plan Width": 4,
                      "Actual Startup Time": 0.006,
                      "Actual Total Time": 0.033,
                      "Actual Rows": 6,
                      "Actual Loops": 214665,
                      "Index Cond": "(movie_id = t.id)",
                      "Rows Removed by Index Recheck": 0,
                      "Filter": "((person_id < 1007666) AND (role_id < 5))",
                      "Rows Removed by Filter": 20
                    }
                  ]
                }
              ]
            }
          ]
        }
      ]
    },
    "Planning Time": 0.536,
    "Triggers": [],
    "Execution Time": 2227.967
  }
]