{
  "Plan": {
    "Node Type": "Aggregate",
    "Strategy": "Plain",
    "Partial Mode": "Finalize",
    "Parallel Aware": false,
    "Startup Cost": 88259.37,
    "Total Cost": 88259.38,
    "Plan Rows": 1,
    "Plan Width": 8,
    "Actual Startup Time": 172.039,
    "Actual Total Time": 189.826,
    "Actual Rows": 1,
    "Actual Loops": 1,
    "Plans": [
      {
        "Node Type": "Gather",
        "Parent Relationship": "Outer",
        "Parallel Aware": false,
        "Startup Cost": 88259.26,
        "Total Cost": 88259.37,
        "Plan Rows": 1,
        "Plan Width": 8,
        "Actual Startup Time": 171.906,
        "Actual Total Time": 189.817,
        "Actual Rows": 2,
        "Actual Loops": 1,
        "Workers Planned": 1,
        "Workers Launched": 1,
        "Single Copy": false,
        "Plans": [
          {
            "Node Type": "Aggregate",
            "Strategy": "Plain",
            "Partial Mode": "Partial",
            "Parent Relationship": "Outer",
            "Parallel Aware": false,
            "Startup Cost": 87259.26,
            "Total Cost": 87259.27,
            "Plan Rows": 1,
            "Plan Width": 8,
            "Actual Startup Time": 165.937,
            "Actual Total Time": 165.939,
            "Actual Rows": 1,
            "Actual Loops": 2,
            "Plans": [
              {
                "Node Type": "Nested Loop",
                "Parent Relationship": "Outer",
                "Parallel Aware": false,
                "Join Type": "Inner",
                "Startup Cost": 0.43,
                "Total Cost": 87244.57,
                "Plan Rows": 5878,
                "Plan Width": 0,
                "Actual Startup Time": 0.613,
                "Actual Total Time": 165.117,
                "Actual Rows": 16868,
                "Actual Loops": 2,
                "Inner Unique": false,
                "Plans": [
                  {
                    "Node Type": "Seq Scan",
                    "Parent Relationship": "Outer",
                    "Parallel Aware": true,
                    "Relation Name": "title",
                    "Alias": "t",
                    "Startup Cost": 0.0,
                    "Total Cost": 58306.47,
                    "Plan Rows": 3285,
                    "Plan Width": 4,
                    "Actual Startup Time": 0.377,
                    "Actual Total Time": 136.721,
                    "Actual Rows": 3325,
                    "Actual Loops": 2,
                    "Filter": "((kind_id < 7) AND (production_year = 1981))",
                    "Rows Removed by Filter": 1260831
                  },
                  {
                    "Node Type": "Index Only Scan",
                    "Parent Relationship": "Inner",
                    "Parallel Aware": false,
                    "Scan Direction": "Forward",
                    "Index Name": "movie_id_movie_keyword",
                    "Relation Name": "movie_keyword",
                    "Alias": "mk",
                    "Startup Cost": 0.43,
                    "Total Cost": 8.36,
                    "Plan Rows": 45,
                    "Plan Width": 4,
                    "Actual Startup Time": 0.007,
                    "Actual Total Time": 0.008,
                    "Actual Rows": 5,
                    "Actual Loops": 6650,
                    "Index Cond": "(movie_id = t.id)",
                    "Rows Removed by Index Recheck": 0,
                    "Heap Fetches": 33735
                  }
                ]
              }
            ]
          }
        ]
      }
    ]
  },
  "Planning Time": 0.617,
  "Triggers": [],
  "Execution Time": 189.897
}