{
  "Plan": {
    "Node Type": "Aggregate",
    "Strategy": "Plain",
    "Partial Mode": "Finalize",
    "Parallel Aware": false,
    "Startup Cost": 100420.59,
    "Total Cost": 100420.6,
    "Plan Rows": 1,
    "Plan Width": 8,
    "Actual Startup Time": 362.736,
    "Actual Total Time": 378.005,
    "Actual Rows": 1,
    "Actual Loops": 1,
    "Plans": [
      {
        "Node Type": "Gather",
        "Parent Relationship": "Outer",
        "Parallel Aware": false,
        "Startup Cost": 100420.47,
        "Total Cost": 100420.58,
        "Plan Rows": 1,
        "Plan Width": 8,
        "Actual Startup Time": 362.309,
        "Actual Total Time": 377.998,
        "Actual Rows": 2,
        "Actual Loops": 1,
        "Workers Planned": 1,
        "Workers Launched": 1,
        "Single Copy": false,
        "Plans": [
          {
            "Node Type": "Aggregate",
            "Strategy": "Plain",
            "Partial Mode": "Partial",
            "Parent Relationship": "Outer",
            "Parallel Aware": false,
            "Startup Cost": 99420.47,
            "Total Cost": 99420.48,
            "Plan Rows": 1,
            "Plan Width": 8,
            "Actual Startup Time": 356.601,
            "Actual Total Time": 356.605,
            "Actual Rows": 1,
            "Actual Loops": 2,
            "Plans": [
              {
                "Node Type": "Hash Join",
                "Parent Relationship": "Outer",
                "Parallel Aware": true,
                "Join Type": "Inner",
                "Startup Cost": 59280.28,
                "Total Cost": 99317.58,
                "Plan Rows": 41158,
                "Plan Width": 0,
                "Actual Startup Time": 164.352,
                "Actual Total Time": 355.242,
                "Actual Rows": 28483,
                "Actual Loops": 2,
                "Inner Unique": true,
                "Hash Cond": "(mc.movie_id = t.id)",
                "Plans": [
                  {
                    "Node Type": "Seq Scan",
                    "Parent Relationship": "Outer",
                    "Parallel Aware": true,
                    "Relation Name": "movie_companies",
                    "Alias": "mc",
                    "Startup Cost": 0.0,
                    "Total Cost": 37974.77,
                    "Plan Rows": 785724,
                    "Plan Width": 4,
                    "Actual Startup Time": 0.014,
                    "Actual Total Time": 113.771,
                    "Actual Rows": 667260,
                    "Actual Loops": 2,
                    "Filter": "(company_id < 11416)",
                    "Rows Removed by Filter": 637304
                  },
                  {
                    "Node Type": "Hash",
                    "Parent Relationship": "Inner",
                    "Parallel Aware": true,
                    "Startup Cost": 58306.47,
                    "Total Cost": 58306.47,
                    "Plan Rows": 77905,
                    "Plan Width": 4,
                    "Actual Startup Time": 160.775,
                    "Actual Total Time": 160.776,
                    "Actual Rows": 60236,
                    "Actual Loops": 2,
                    "Hash Buckets": 262144,
                    "Original Hash Buckets": 262144,
                    "Hash Batches": 1,
                    "Original Hash Batches": 1,
                    "Peak Memory Usage": 6784,
                    "Plans": [
                      {
                        "Node Type": "Seq Scan",
                        "Parent Relationship": "Outer",
                        "Parallel Aware": true,
                        "Relation Name": "title",
                        "Alias": "t",
                        "Startup Cost": 0.0,
                        "Total Cost": 58306.47,
                        "Plan Rows": 77905,
                        "Plan Width": 4,
                        "Actual Startup Time": 0.066,
                        "Actual Total Time": 141.936,
                        "Actual Rows": 60236,
                        "Actual Loops": 2,
                        "Filter": "((kind_id < 4) AND (production_year > 2010))",
                        "Rows Removed by Filter": 1203920
                      }
                    ]
                  }
                ]
              }
            ]
          }
        ]
      }
    ]
  },
  "Planning Time": 0.518,
  "Triggers": [],
  "Execution Time": 378.087
}