{
    "Plan": {
        "Node Type": "Aggregate",
        "Strategy": "Plain",
        "Partial Mode": "Finalize",
        "Parallel Aware": false,
        "Startup Cost": 83069.37,
        "Total Cost": 83069.38,
        "Plan Rows": 1,
        "Plan Width": 8,
        "Actual Startup Time": 173.293,
        "Actual Total Time": 188.189,
        "Actual Rows": 1,
        "Actual Loops": 1,
        "Output": [
            "count(*)"
        ],
        "Plans": [
            {
                "Node Type": "Gather",
                "Parent Relationship": "Outer",
                "Parallel Aware": false,
                "Startup Cost": 83069.05,
                "Total Cost": 83069.36,
                "Plan Rows": 3,
                "Plan Width": 8,
                "Actual Startup Time": 172.93,
                "Actual Total Time": 188.18,
                "Actual Rows": 4,
                "Actual Loops": 1,
                "Output": [
                    "(PARTIAL count(*))"
                ],
                "Workers Planned": 3,
                "Workers Launched": 3,
                "Single Copy": false,
                "Plans": [
                    {
                        "Node Type": "Aggregate",
                        "Strategy": "Plain",
                        "Partial Mode": "Partial",
                        "Parent Relationship": "Outer",
                        "Parallel Aware": false,
                        "Startup Cost": 82069.05,
                        "Total Cost": 82069.06,
                        "Plan Rows": 1,
                        "Plan Width": 8,
                        "Actual Startup Time": 163.25,
                        "Actual Total Time": 163.254,
                        "Actual Rows": 1,
                        "Actual Loops": 4,
                        "Output": [
                            "PARTIAL count(*)"
                        ],
                        "Workers": [
                            {
                                "Worker Number": 0,
                                "Actual Startup Time": 160.113,
                                "Actual Total Time": 160.116,
                                "Actual Rows": 1,
                                "Actual Loops": 1
                            },
                            {
                                "Worker Number": 1,
                                "Actual Startup Time": 160.058,
                                "Actual Total Time": 160.062,
                                "Actual Rows": 1,
                                "Actual Loops": 1
                            },
                            {
                                "Worker Number": 2,
                                "Actual Startup Time": 160.672,
                                "Actual Total Time": 160.676,
                                "Actual Rows": 1,
                                "Actual Loops": 1
                            }
                        ],
                        "Plans": [
                            {
                                "Node Type": "Nested Loop",
                                "Parent Relationship": "Outer",
                                "Parallel Aware": false,
                                "Join Type": "Inner",
                                "Startup Cost": 44083.29,
                                "Total Cost": 82056.99,
                                "Plan Rows": 4823,
                                "Plan Width": 0,
                                "Actual Startup Time": 162.722,
                                "Actual Total Time": 163.248,
                                "Actual Rows": 0,
                                "Actual Loops": 4,
                                "Inner Unique": false,
                                "Join Filter": "(t.id = mk.movie_id)",
                                "Rows Removed by Join Filter": 0,
                                "Workers": [
                                    {
                                        "Worker Number": 0,
                                        "Actual Startup Time": 160.109,
                                        "Actual Total Time": 160.112,
                                        "Actual Rows": 0,
                                        "Actual Loops": 1
                                    },
                                    {
                                        "Worker Number": 1,
                                        "Actual Startup Time": 157.957,
                                        "Actual Total Time": 160.052,
                                        "Actual Rows": 1,
                                        "Actual Loops": 1
                                    },
                                    {
                                        "Worker Number": 2,
                                        "Actual Startup Time": 160.668,
                                        "Actual Total Time": 160.671,
                                        "Actual Rows": 0,
                                        "Actual Loops": 1
                                    }
                                ],
                                "Plans": [
                                    {
                                        "Node Type": "Hash Join",
                                        "Parent Relationship": "Outer",
                                        "Parallel Aware": true,
                                        "Join Type": "Inner",
                                        "Startup Cost": 44082.86,
                                        "Total Cost": 75801.73,
                                        "Plan Rows": 2695,
                                        "Plan Width": 8,
                                        "Actual Startup Time": 162.682,
                                        "Actual Total Time": 163.207,
                                        "Actual Rows": 0,
                                        "Actual Loops": 4,
                                        "Output": [
                                            "t.id",
                                            "mc.movie_id"
                                        ],
                                        "Inner Unique": true,
                                        "Hash Cond": "(mc.movie_id = t.id)",
                                        "Workers": [
                                            {
                                                "Worker Number": 0,
                                                "Actual Startup Time": 160.108,
                                                "Actual Total Time": 160.11,
                                                "Actual Rows": 0,
                                                "Actual Loops": 1
                                            },
                                            {
                                                "Worker Number": 1,
                                                "Actual Startup Time": 157.8,
                                                "Actual Total Time": 159.893,
                                                "Actual Rows": 1,
                                                "Actual Loops": 1
                                            },
                                            {
                                                "Worker Number": 2,
                                                "Actual Startup Time": 160.667,
                                                "Actual Total Time": 160.669,
                                                "Actual Rows": 0,
                                                "Actual Loops": 1
                                            }
                                        ],
                                        "Plans": [
                                            {
                                                "Node Type": "Seq Scan",
                                                "Parent Relationship": "Outer",
                                                "Parallel Aware": true,
                                                "Relation Name": "movie_companies",
                                                "Schema": "public",
                                                "Alias": "mc",
                                                "Startup Cost": 0.0,
                                                "Total Cost": 31414.82,
                                                "Plan Rows": 115831,
                                                "Plan Width": 4,
                                                "Actual Startup Time": 29.336,
                                                "Actual Total Time": 56.312,
                                                "Actual Rows": 51328,
                                                "Actual Loops": 4,
                                                "Output": [
                                                    "mc.id",
                                                    "mc.movie_id",
                                                    "mc.company_id",
                                                    "mc.company_type_id",
                                                    "mc.note"
                                                ],
                                                "Filter": "((mc.company_id < 1310) AND (mc.company_type_id > 1))",
                                                "Rows Removed by Filter": 600955,
                                                "Workers": [
                                                    {
                                                        "Worker Number": 0,
                                                        "Actual Startup Time": 29.348,
                                                        "Actual Total Time": 56.273,
                                                        "Actual Rows": 47748,
                                                        "Actual Loops": 1
                                                    },
                                                    {
                                                        "Worker Number": 1,
                                                        "Actual Startup Time": 29.264,
                                                        "Actual Total Time": 56.258,
                                                        "Actual Rows": 47433,
                                                        "Actual Loops": 1
                                                    },
                                                    {
                                                        "Worker Number": 2,
                                                        "Actual Startup Time": 29.35,
                                                        "Actual Total Time": 56.301,
                                                        "Actual Rows": 49691,
                                                        "Actual Loops": 1
                                                    }
                                                ]
                                            },
                                            {
                                                "Node Type": "Hash",
                                                "Parent Relationship": "Inner",
                                                "Parallel Aware": true,
                                                "Startup Cost": 43899.01,
                                                "Total Cost": 43899.01,
                                                "Plan Rows": 14708,
                                                "Plan Width": 4,
                                                "Actual Startup Time": 97.08,
                                                "Actual Total Time": 97.081,
                                                "Actual Rows": 14962,
                                                "Actual Loops": 4,
                                                "Output": [
                                                    "t.id"
                                                ],
                                                "Hash Buckets": 65536,
                                                "Original Hash Buckets": 65536,
                                                "Hash Batches": 1,
                                                "Original Hash Batches": 1,
                                                "Peak Memory Usage": 2912,
                                                "Workers": [
                                                    {
                                                        "Worker Number": 0,
                                                        "Actual Startup Time": 94.801,
                                                        "Actual Total Time": 94.803,
                                                        "Actual Rows": 13702,
                                                        "Actual Loops": 1
                                                    },
                                                    {
                                                        "Worker Number": 1,
                                                        "Actual Startup Time": 94.802,
                                                        "Actual Total Time": 94.803,
                                                        "Actual Rows": 13677,
                                                        "Actual Loops": 1
                                                    },
                                                    {
                                                        "Worker Number": 2,
                                                        "Actual Startup Time": 95.524,
                                                        "Actual Total Time": 95.525,
                                                        "Actual Rows": 13928,
                                                        "Actual Loops": 1
                                                    }
                                                ],
                                                "Plans": [
                                                    {
                                                        "Node Type": "Seq Scan",
                                                        "Parent Relationship": "Outer",
                                                        "Parallel Aware": true,
                                                        "Relation Name": "title",
                                                        "Schema": "public",
                                                        "Alias": "t",
                                                        "Startup Cost": 0.0,
                                                        "Total Cost": 43899.01,
                                                        "Plan Rows": 14708,
                                                        "Plan Width": 4,
                                                        "Actual Startup Time": 58.445,
                                                        "Actual Total Time": 92.117,
                                                        "Actual Rows": 14962,
                                                        "Actual Loops": 4,
                                                        "Output": [
                                                            "t.id"
                                                        ],
                                                        "Filter": "(t.production_year < 1915)",
                                                        "Rows Removed by Filter": 617116,
                                                        "Workers": [
                                                            {
                                                                "Worker Number": 0,
                                                                "Actual Startup Time": 61.945,
                                                                "Actual Total Time": 90.341,
                                                                "Actual Rows": 13702,
                                                                "Actual Loops": 1
                                                            },
                                                            {
                                                                "Worker Number": 1,
                                                                "Actual Startup Time": 61.943,
                                                                "Actual Total Time": 89.941,
                                                                "Actual Rows": 13677,
                                                                "Actual Loops": 1
                                                            },
                                                            {
                                                                "Worker Number": 2,
                                                                "Actual Startup Time": 62.668,
                                                                "Actual Total Time": 90.679,
                                                                "Actual Rows": 13928,
                                                                "Actual Loops": 1
                                                            }
                                                        ]
                                                    }
                                                ]
                                            }
                                        ]
                                    },
                                    {
                                        "Node Type": "Index Only Scan",
                                        "Parent Relationship": "Inner",
                                        "Parallel Aware": false,
                                        "Scan Direction": "Forward",
                                        "Index Name": "movie_id_movie_keyword",
                                        "Relation Name": "movie_keyword",
                                        "Schema": "public",
                                        "Alias": "mk",
                                        "Startup Cost": 0.43,
                                        "Total Cost": 1.75,
                                        "Plan Rows": 46,
                                        "Plan Width": 4,
                                        "Actual Startup Time": 0.149,
                                        "Actual Total Time": 0.15,
                                        "Actual Rows": 1,
                                        "Actual Loops": 1,
                                        "Output": [
                                            "mk.movie_id"
                                        ],
                                        "Index Cond": "(mk.movie_id = mc.movie_id)",
                                        "Rows Removed by Index Recheck": 0,
                                        "Heap Fetches": 1,
                                        "Workers": [
                                            {
                                                "Worker Number": 1,
                                                "Actual Startup Time": 0.149,
                                                "Actual Total Time": 0.15,
                                                "Actual Rows": 1,
                                                "Actual Loops": 1
                                            }
                                        ]
                                    }
                                ]
                            }
                        ]
                    }
                ]
            }
        ]
    },
    "Planning Time": 1.588,
    "Triggers": [],
    "Execution Time": 188.276
}