[
  {
    "Plan": {
      "Node Type": "Aggregate",
      "Strategy": "Plain",
      "Partial Mode": "Finalize",
      "Parallel Aware": false,
      "Startup Cost": 377387.55,
      "Total Cost": 377387.56,
      "Plan Rows": 1,
      "Plan Width": 8,
      "Actual Startup Time": 1330.383,
      "Actual Total Time": 1387.605,
      "Actual Rows": 1,
      "Actual Loops": 1,
      "Plans": [
        {
          "Node Type": "Gather",
          "Parent Relationship": "Outer",
          "Parallel Aware": false,
          "Startup Cost": 377386.92,
          "Total Cost": 377387.53,
          "Plan Rows": 6,
          "Plan Width": 8,
          "Actual Startup Time": 1328.886,
          "Actual Total Time": 1387.595,
          "Actual Rows": 7,
          "Actual Loops": 1,
          "Workers Planned": 6,
          "Workers Launched": 6,
          "Single Copy": false,
          "Plans": [
            {
              "Node Type": "Aggregate",
              "Strategy": "Plain",
              "Partial Mode": "Partial",
              "Parent Relationship": "Outer",
              "Parallel Aware": false,
              "Startup Cost": 376386.92,
              "Total Cost": 376386.93,
              "Plan Rows": 1,
              "Plan Width": 8,
              "Actual Startup Time": 1318.641,
              "Actual Total Time": 1318.644,
              "Actual Rows": 1,
              "Actual Loops": 7,
              "Plans": [
                {
                  "Node Type": "Hash Join",
                  "Parent Relationship": "Outer",
                  "Parallel Aware": true,
                  "Join Type": "Inner",
                  "Startup Cost": 46146.1,
                  "Total Cost": 375112.76,
                  "Plan Rows": 509666,
                  "Plan Width": 0,
                  "Actual Startup Time": 88.509,
                  "Actual Total Time": 1309.621,
                  "Actual Rows": 175435,
                  "Actual Loops": 7,
                  "Inner Unique": true,
                  "Hash Cond": "(ci.movie_id = t.id)",
                  "Plans": [
                    {
                      "Node Type": "Seq Scan",
                      "Parent Relationship": "Outer",
                      "Parallel Aware": true,
                      "Relation Name": "cast_info",
                      "Alias": "ci",
                      "Startup Cost": 0.0,
                      "Total Cost": 313106.51,
                      "Plan Rows": 6041951,
                      "Plan Width": 4,
                      "Actual Startup Time": 0.035,
                      "Actual Total Time": 543.463,
                      "Actual Rows": 5177763,
                      "Actual Loops": 7
                    },
                    {
                      "Node Type": "Hash",
                      "Parent Relationship": "Inner",
                      "Parallel Aware": true,
                      "Startup Cost": 45479.59,
                      "Total Cost": 45479.59,
                      "Plan Rows": 53321,
                      "Plan Width": 4,
                      "Actual Startup Time": 86.276,
                      "Actual Total Time": 86.277,
                      "Actual Rows": 17255,
                      "Actual Loops": 7,
                      "Hash Buckets": 262144,
                      "Original Hash Buckets": 262144,
                      "Hash Batches": 1,
                      "Original Hash Batches": 1,
                      "Peak Memory Usage": 6912,
                      "Plans": [
                        {
                          "Node Type": "Seq Scan",
                          "Parent Relationship": "Outer",
                          "Parallel Aware": true,
                          "Relation Name": "title",
                          "Alias": "t",
                          "Startup Cost": 0.0,
                          "Total Cost": 45479.59,
                          "Plan Rows": 53321,
                          "Plan Width": 4,
                          "Actual Startup Time": 0.063,
                          "Actual Total Time": 77.092,
                          "Actual Rows": 17255,
                          "Actual Loops": 7,
                          "Filter": "((production_year < 1970) AND (kind_id = 7))",
                          "Rows Removed by Filter": 343932
                        }
                      ]
                    }
                  ]
                }
              ]
            }
          ]
        }
      ]
    },
    "Planning Time": 0.582,
    "Triggers": [],
    "Execution Time": 1387.687
  }
]