[
  {
    "Plan": {
      "Node Type": "Aggregate",
      "Strategy": "Plain",
      "Partial Mode": "Finalize",
      "Parallel Aware": false,
      "Startup Cost": 33014.16,
      "Total Cost": 33014.17,
      "Plan Rows": 1,
      "Plan Width": 8,
      "Actual Startup Time": 95.743,
      "Actual Total Time": 101.675,
      "Actual Rows": 1,
      "Actual Loops": 1,
      "Plans": [
        {
          "Node Type": "Gather",
          "Parent Relationship": "Outer",
          "Parallel Aware": false,
          "Startup Cost": 33013.84,
          "Total Cost": 33014.15,
          "Plan Rows": 3,
          "Plan Width": 8,
          "Actual Startup Time": 95.628,
          "Actual Total Time": 101.668,
          "Actual Rows": 4,
          "Actual Loops": 1,
          "Workers Planned": 3,
          "Workers Launched": 3,
          "Single Copy": false,
          "Plans": [
            {
              "Node Type": "Aggregate",
              "Strategy": "Plain",
              "Partial Mode": "Partial",
              "Parent Relationship": "Outer",
              "Parallel Aware": false,
              "Startup Cost": 32013.84,
              "Total Cost": 32013.85,
              "Plan Rows": 1,
              "Plan Width": 8,
              "Actual Startup Time": 88.437,
              "Actual Total Time": 88.438,
              "Actual Rows": 1,
              "Actual Loops": 4,
              "Plans": [
                {
                  "Node Type": "Seq Scan",
                  "Parent Relationship": "Outer",
                  "Parallel Aware": true,
                  "Relation Name": "movie_companies",
                  "Alias": "mc",
                  "Startup Cost": 0.0,
                  "Total Cost": 31414.82,
                  "Plan Rows": 239610,
                  "Plan Width": 0,
                  "Actual Startup Time": 46.802,
                  "Actual Total Time": 79.13,
                  "Actual Rows": 240585,
                  "Actual Loops": 4,
                  "Filter": "((company_id > 8761) AND (company_type_id = 2))",
                  "Rows Removed by Filter": 411697
                }
              ]
            }
          ]
        }
      ]
    },
    "Planning Time": 0.218,
    "Triggers": [],
    "Execution Time": 101.729
  }
]