{
    "Plan": {
        "Node Type": "Aggregate",
        "Strategy": "Plain",
        "Partial Mode": "Finalize",
        "Parallel Aware": false,
        "Startup Cost": 213822.58,
        "Total Cost": 213822.59,
        "Plan Rows": 1,
        "Plan Width": 8,
        "Actual Startup Time": 2185.913,
        "Actual Total Time": 2275.931,
        "Actual Rows": 1,
        "Actual Loops": 1,
        "Output": [
            "count(*)"
        ],
        "Plans": [
            {
                "Node Type": "Gather",
                "Parent Relationship": "Outer",
                "Parallel Aware": false,
                "Startup Cost": 213822.16,
                "Total Cost": 213822.57,
                "Plan Rows": 4,
                "Plan Width": 8,
                "Actual Startup Time": 2184.819,
                "Actual Total Time": 2275.921,
                "Actual Rows": 5,
                "Actual Loops": 1,
                "Output": [
                    "(PARTIAL count(*))"
                ],
                "Workers Planned": 4,
                "Workers Launched": 4,
                "Single Copy": false,
                "Plans": [
                    {
                        "Node Type": "Aggregate",
                        "Strategy": "Plain",
                        "Partial Mode": "Partial",
                        "Parent Relationship": "Outer",
                        "Parallel Aware": false,
                        "Startup Cost": 212822.16,
                        "Total Cost": 212822.17,
                        "Plan Rows": 1,
                        "Plan Width": 8,
                        "Actual Startup Time": 2174.363,
                        "Actual Total Time": 2174.368,
                        "Actual Rows": 1,
                        "Actual Loops": 5,
                        "Output": [
                            "PARTIAL count(*)"
                        ],
                        "Workers": [
                            {
                                "Worker Number": 0,
                                "Actual Startup Time": 2171.67,
                                "Actual Total Time": 2171.673,
                                "Actual Rows": 1,
                                "Actual Loops": 1
                            },
                            {
                                "Worker Number": 1,
                                "Actual Startup Time": 2172.207,
                                "Actual Total Time": 2172.21,
                                "Actual Rows": 1,
                                "Actual Loops": 1
                            },
                            {
                                "Worker Number": 2,
                                "Actual Startup Time": 2171.795,
                                "Actual Total Time": 2171.799,
                                "Actual Rows": 1,
                                "Actual Loops": 1
                            },
                            {
                                "Worker Number": 3,
                                "Actual Startup Time": 2172.223,
                                "Actual Total Time": 2172.226,
                                "Actual Rows": 1,
                                "Actual Loops": 1
                            }
                        ],
                        "Plans": [
                            {
                                "Node Type": "Nested Loop",
                                "Parent Relationship": "Outer",
                                "Parallel Aware": false,
                                "Join Type": "Inner",
                                "Startup Cost": 30291.67,
                                "Total Cost": 210643.18,
                                "Plan Rows": 871590,
                                "Plan Width": 0,
                                "Actual Startup Time": 178.452,
                                "Actual Total Time": 2112.891,
                                "Actual Rows": 1284710,
                                "Actual Loops": 5,
                                "Inner Unique": false,
                                "Workers": [
                                    {
                                        "Worker Number": 0,
                                        "Actual Startup Time": 174.738,
                                        "Actual Total Time": 2110.419,
                                        "Actual Rows": 1394384,
                                        "Actual Loops": 1
                                    },
                                    {
                                        "Worker Number": 1,
                                        "Actual Startup Time": 173.161,
                                        "Actual Total Time": 2111.496,
                                        "Actual Rows": 1359443,
                                        "Actual Loops": 1
                                    },
                                    {
                                        "Worker Number": 2,
                                        "Actual Startup Time": 184.941,
                                        "Actual Total Time": 2102.234,
                                        "Actual Rows": 940894,
                                        "Actual Loops": 1
                                    },
                                    {
                                        "Worker Number": 3,
                                        "Actual Startup Time": 174.459,
                                        "Actual Total Time": 2111.881,
                                        "Actual Rows": 1362772,
                                        "Actual Loops": 1
                                    }
                                ],
                                "Plans": [
                                    {
                                        "Node Type": "Hash Join",
                                        "Parent Relationship": "Outer",
                                        "Parallel Aware": true,
                                        "Join Type": "Inner",
                                        "Startup Cost": 30291.11,
                                        "Total Cost": 75966.39,
                                        "Plan Rows": 60786,
                                        "Plan Width": 8,
                                        "Actual Startup Time": 178.35,
                                        "Actual Total Time": 300.874,
                                        "Actual Rows": 49190,
                                        "Actual Loops": 5,
                                        "Output": [
                                            "t.id",
                                            "mc.movie_id"
                                        ],
                                        "Inner Unique": false,
                                        "Hash Cond": "(t.id = mc.movie_id)",
                                        "Workers": [
                                            {
                                                "Worker Number": 0,
                                                "Actual Startup Time": 174.654,
                                                "Actual Total Time": 298.313,
                                                "Actual Rows": 53984,
                                                "Actual Loops": 1
                                            },
                                            {
                                                "Worker Number": 1,
                                                "Actual Startup Time": 173.025,
                                                "Actual Total Time": 296.297,
                                                "Actual Rows": 51297,
                                                "Actual Loops": 1
                                            },
                                            {
                                                "Worker Number": 2,
                                                "Actual Startup Time": 184.799,
                                                "Actual Total Time": 295.177,
                                                "Actual Rows": 35764,
                                                "Actual Loops": 1
                                            },
                                            {
                                                "Worker Number": 3,
                                                "Actual Startup Time": 174.353,
                                                "Actual Total Time": 297.706,
                                                "Actual Rows": 52242,
                                                "Actual Loops": 1
                                            }
                                        ],
                                        "Plans": [
                                            {
                                                "Node Type": "Seq Scan",
                                                "Parent Relationship": "Outer",
                                                "Parallel Aware": true,
                                                "Relation Name": "title",
                                                "Schema": "public",
                                                "Alias": "t",
                                                "Startup Cost": 0.0,
                                                "Total Cost": 42318.81,
                                                "Plan Rows": 632080,
                                                "Plan Width": 4,
                                                "Actual Startup Time": 0.024,
                                                "Actual Total Time": 69.683,
                                                "Actual Rows": 505662,
                                                "Actual Loops": 5,
                                                "Output": [
                                                    "t.id",
                                                    "t.title",
                                                    "t.imdb_index",
                                                    "t.kind_id",
                                                    "t.production_year",
                                                    "t.imdb_id",
                                                    "t.phonetic_code",
                                                    "t.episode_of_id",
                                                    "t.season_nr",
                                                    "t.episode_nr",
                                                    "t.series_years",
                                                    "t.md5sum"
                                                ],
                                                "Workers": [
                                                    {
                                                        "Worker Number": 0,
                                                        "Actual Startup Time": 0.027,
                                                        "Actual Total Time": 71.717,
                                                        "Actual Rows": 545301,
                                                        "Actual Loops": 1
                                                    },
                                                    {
                                                        "Worker Number": 1,
                                                        "Actual Startup Time": 0.024,
                                                        "Actual Total Time": 71.21,
                                                        "Actual Rows": 485633,
                                                        "Actual Loops": 1
                                                    },
                                                    {
                                                        "Worker Number": 2,
                                                        "Actual Startup Time": 0.043,
                                                        "Actual Total Time": 74.059,
                                                        "Actual Rows": 357471,
                                                        "Actual Loops": 1
                                                    },
                                                    {
                                                        "Worker Number": 3,
                                                        "Actual Startup Time": 0.021,
                                                        "Actual Total Time": 70.593,
                                                        "Actual Rows": 529352,
                                                        "Actual Loops": 1
                                                    }
                                                ]
                                            },
                                            {
                                                "Node Type": "Hash",
                                                "Parent Relationship": "Inner",
                                                "Parallel Aware": true,
                                                "Startup Cost": 29310.68,
                                                "Total Cost": 29310.68,
                                                "Plan Rows": 78434,
                                                "Plan Width": 4,
                                                "Actual Startup Time": 80.265,
                                                "Actual Total Time": 80.267,
                                                "Actual Rows": 49190,
                                                "Actual Loops": 5,
                                                "Output": [
                                                    "mc.movie_id"
                                                ],
                                                "Hash Buckets": 262144,
                                                "Original Hash Buckets": 262144,
                                                "Hash Batches": 1,
                                                "Original Hash Batches": 1,
                                                "Peak Memory Usage": 11776,
                                                "Workers": [
                                                    {
                                                        "Worker Number": 0,
                                                        "Actual Startup Time": 79.263,
                                                        "Actual Total Time": 79.264,
                                                        "Actual Rows": 52167,
                                                        "Actual Loops": 1
                                                    },
                                                    {
                                                        "Worker Number": 1,
                                                        "Actual Startup Time": 79.493,
                                                        "Actual Total Time": 79.493,
                                                        "Actual Rows": 52359,
                                                        "Actual Loops": 1
                                                    },
                                                    {
                                                        "Worker Number": 2,
                                                        "Actual Startup Time": 79.412,
                                                        "Actual Total Time": 79.413,
                                                        "Actual Rows": 32784,
                                                        "Actual Loops": 1
                                                    },
                                                    {
                                                        "Worker Number": 3,
                                                        "Actual Startup Time": 79.836,
                                                        "Actual Total Time": 79.837,
                                                        "Actual Rows": 53199,
                                                        "Actual Loops": 1
                                                    }
                                                ],
                                                "Plans": [
                                                    {
                                                        "Node Type": "Seq Scan",
                                                        "Parent Relationship": "Outer",
                                                        "Parallel Aware": true,
                                                        "Relation Name": "movie_companies",
                                                        "Schema": "public",
                                                        "Alias": "mc",
                                                        "Startup Cost": 0.0,
                                                        "Total Cost": 29310.68,
                                                        "Plan Rows": 78434,
                                                        "Plan Width": 4,
                                                        "Actual Startup Time": 49.106,
                                                        "Actual Total Time": 65.292,
                                                        "Actual Rows": 49190,
                                                        "Actual Loops": 5,
                                                        "Output": [
                                                            "mc.movie_id"
                                                        ],
                                                        "Filter": "(mc.company_id > 101865)",
                                                        "Rows Removed by Filter": 472636,
                                                        "Workers": [
                                                            {
                                                                "Worker Number": 0,
                                                                "Actual Startup Time": 48.102,
                                                                "Actual Total Time": 64.269,
                                                                "Actual Rows": 52167,
                                                                "Actual Loops": 1
                                                            },
                                                            {
                                                                "Worker Number": 1,
                                                                "Actual Startup Time": 48.289,
                                                                "Actual Total Time": 64.503,
                                                                "Actual Rows": 52359,
                                                                "Actual Loops": 1
                                                            },
                                                            {
                                                                "Worker Number": 2,
                                                                "Actual Startup Time": 48.273,
                                                                "Actual Total Time": 65.399,
                                                                "Actual Rows": 32784,
                                                                "Actual Loops": 1
                                                            },
                                                            {
                                                                "Worker Number": 3,
                                                                "Actual Startup Time": 48.639,
                                                                "Actual Total Time": 65.007,
                                                                "Actual Rows": 53199,
                                                                "Actual Loops": 1
                                                            }
                                                        ]
                                                    }
                                                ]
                                            }
                                        ]
                                    },
                                    {
                                        "Node Type": "Index Only Scan",
                                        "Parent Relationship": "Inner",
                                        "Parallel Aware": false,
                                        "Scan Direction": "Forward",
                                        "Index Name": "movie_id_cast_info",
                                        "Relation Name": "cast_info",
                                        "Schema": "public",
                                        "Alias": "ci",
                                        "Startup Cost": 0.56,
                                        "Total Cost": 1.84,
                                        "Plan Rows": 38,
                                        "Plan Width": 4,
                                        "Actual Startup Time": 0.006,
                                        "Actual Total Time": 0.035,
                                        "Actual Rows": 26,
                                        "Actual Loops": 245950,
                                        "Output": [
                                            "ci.movie_id"
                                        ],
                                        "Index Cond": "(ci.movie_id = t.id)",
                                        "Rows Removed by Index Recheck": 0,
                                        "Heap Fetches": 6423549,
                                        "Workers": [
                                            {
                                                "Worker Number": 0,
                                                "Actual Startup Time": 0.006,
                                                "Actual Total Time": 0.032,
                                                "Actual Rows": 26,
                                                "Actual Loops": 53984
                                            },
                                            {
                                                "Worker Number": 1,
                                                "Actual Startup Time": 0.006,
                                                "Actual Total Time": 0.033,
                                                "Actual Rows": 27,
                                                "Actual Loops": 51297
                                            },
                                            {
                                                "Worker Number": 2,
                                                "Actual Startup Time": 0.009,
                                                "Actual Total Time": 0.047,
                                                "Actual Rows": 26,
                                                "Actual Loops": 35764
                                            },
                                            {
                                                "Worker Number": 3,
                                                "Actual Startup Time": 0.006,
                                                "Actual Total Time": 0.033,
                                                "Actual Rows": 26,
                                                "Actual Loops": 52242
                                            }
                                        ]
                                    }
                                ]
                            }
                        ]
                    }
                ]
            }
        ]
    },
    "Planning Time": 1.623,
    "Triggers": [],
    "Execution Time": 2276.052
}