[
  {
    "Plan": {
      "Node Type": "Aggregate",
      "Strategy": "Plain",
      "Partial Mode": "Finalize",
      "Parallel Aware": false,
      "Startup Cost": 272749.24,
      "Total Cost": 272749.25,
      "Plan Rows": 1,
      "Plan Width": 8,
      "Actual Startup Time": 96.654,
      "Actual Total Time": 101.208,
      "Actual Rows": 1,
      "Actual Loops": 1,
      "Plans": [
        {
          "Node Type": "Gather",
          "Parent Relationship": "Outer",
          "Parallel Aware": false,
          "Startup Cost": 272748.61,
          "Total Cost": 272749.22,
          "Plan Rows": 6,
          "Plan Width": 8,
          "Actual Startup Time": 96.249,
          "Actual Total Time": 101.195,
          "Actual Rows": 7,
          "Actual Loops": 1,
          "Workers Planned": 6,
          "Workers Launched": 6,
          "Single Copy": false,
          "Plans": [
            {
              "Node Type": "Aggregate",
              "Strategy": "Plain",
              "Partial Mode": "Partial",
              "Parent Relationship": "Outer",
              "Parallel Aware": false,
              "Startup Cost": 271748.61,
              "Total Cost": 271748.62,
              "Plan Rows": 1,
              "Plan Width": 8,
              "Actual Startup Time": 89.001,
              "Actual Total Time": 89.004,
              "Actual Rows": 1,
              "Actual Loops": 7,
              "Plans": [
                {
                  "Node Type": "Bitmap Heap Scan",
                  "Parent Relationship": "Outer",
                  "Parallel Aware": true,
                  "Relation Name": "cast_info",
                  "Alias": "ci",
                  "Startup Cost": 17122.82,
                  "Total Cost": 271425.48,
                  "Plan Rows": 129253,
                  "Plan Width": 0,
                  "Actual Startup Time": 41.515,
                  "Actual Total Time": 81.29,
                  "Actual Rows": 103763,
                  "Actual Loops": 7,
                  "Recheck Cond": "(person_id > 3922551)",
                  "Rows Removed by Index Recheck": 0,
                  "Exact Heap Blocks": 3694,
                  "Lossy Heap Blocks": 0,
                  "Plans": [
                    {
                      "Node Type": "Bitmap Index Scan",
                      "Parent Relationship": "Outer",
                      "Parallel Aware": false,
                      "Index Name": "person_id_cast_info",
                      "Startup Cost": 0.0,
                      "Total Cost": 16928.94,
                      "Plan Rows": 775517,
                      "Plan Width": 0,
                      "Actual Startup Time": 46.075,
                      "Actual Total Time": 46.076,
                      "Actual Rows": 726338,
                      "Actual Loops": 1,
                      "Index Cond": "(person_id > 3922551)"
                    }
                  ]
                }
              ]
            }
          ]
        }
      ]
    },
    "Planning Time": 0.203,
    "Triggers": [],
    "Execution Time": 101.284
  }
]