[
  {
    "Plan": {
      "Node Type": "Aggregate",
      "Strategy": "Plain",
      "Partial Mode": "Finalize",
      "Parallel Aware": false,
      "Startup Cost": 97221.3,
      "Total Cost": 97221.31,
      "Plan Rows": 1,
      "Plan Width": 8,
      "Actual Startup Time": 577.157,
      "Actual Total Time": 594.404,
      "Actual Rows": 1,
      "Actual Loops": 1,
      "Plans": [
        {
          "Node Type": "Gather",
          "Parent Relationship": "Outer",
          "Parallel Aware": false,
          "Startup Cost": 97220.98,
          "Total Cost": 97221.29,
          "Plan Rows": 3,
          "Plan Width": 8,
          "Actual Startup Time": 563.91,
          "Actual Total Time": 594.394,
          "Actual Rows": 4,
          "Actual Loops": 1,
          "Workers Planned": 3,
          "Workers Launched": 3,
          "Single Copy": false,
          "Plans": [
            {
              "Node Type": "Aggregate",
              "Strategy": "Plain",
              "Partial Mode": "Partial",
              "Parent Relationship": "Outer",
              "Parallel Aware": false,
              "Startup Cost": 96220.98,
              "Total Cost": 96220.99,
              "Plan Rows": 1,
              "Plan Width": 8,
              "Actual Startup Time": 545.58,
              "Actual Total Time": 545.584,
              "Actual Rows": 1,
              "Actual Loops": 4,
              "Plans": [
                {
                  "Node Type": "Hash Join",
                  "Parent Relationship": "Outer",
                  "Parallel Aware": true,
                  "Join Type": "Inner",
                  "Startup Cost": 51449.62,
                  "Total Cost": 95231.94,
                  "Plan Rows": 395619,
                  "Plan Width": 0,
                  "Actual Startup Time": 358.875,
                  "Actual Total Time": 531.343,
                  "Actual Rows": 320325,
                  "Actual Loops": 4,
                  "Inner Unique": true,
                  "Hash Cond": "(mk.movie_id = t.id)",
                  "Plans": [
                    {
                      "Node Type": "Seq Scan",
                      "Parent Relationship": "Outer",
                      "Parallel Aware": true,
                      "Relation Name": "movie_keyword",
                      "Alias": "mk",
                      "Startup Cost": 0.0,
                      "Total Cost": 42695.65,
                      "Plan Rows": 413969,
                      "Plan Width": 4,
                      "Actual Startup Time": 0.983,
                      "Actual Total Time": 100.391,
                      "Actual Rows": 322852,
                      "Actual Loops": 4,
                      "Filter": "(keyword_id > 13685)",
                      "Rows Removed by Filter": 808130
                    },
                    {
                      "Node Type": "Hash",
                      "Parent Relationship": "Inner",
                      "Parallel Aware": true,
                      "Startup Cost": 43898.92,
                      "Total Cost": 43898.92,
                      "Plan Rows": 604056,
                      "Plan Width": 4,
                      "Actual Startup Time": 346.499,
                      "Actual Total Time": 346.5,
                      "Actual Rows": 603350,
                      "Actual Loops": 4,
                      "Hash Buckets": 4194304,
                      "Original Hash Buckets": 4194304,
                      "Hash Batches": 1,
                      "Original Hash Batches": 1,
                      "Peak Memory Usage": 127264,
                      "Plans": [
                        {
                          "Node Type": "Seq Scan",
                          "Parent Relationship": "Outer",
                          "Parallel Aware": true,
                          "Relation Name": "title",
                          "Alias": "t",
                          "Startup Cost": 0.0,
                          "Total Cost": 43898.92,
                          "Plan Rows": 604056,
                          "Plan Width": 4,
                          "Actual Startup Time": 0.034,
                          "Actual Total Time": 118.619,
                          "Actual Rows": 603350,
                          "Actual Loops": 4,
                          "Filter": "(production_year > 1912)",
                          "Rows Removed by Filter": 28728
                        }
                      ]
                    }
                  ]
                }
              ]
            }
          ]
        }
      ]
    },
    "Planning Time": 0.562,
    "Triggers": [],
    "Execution Time": 594.469
  }
]