{
  "Plan": {
    "Node Type": "Aggregate",
    "Strategy": "Plain",
    "Partial Mode": "Finalize",
    "Parallel Aware": false,
    "Startup Cost": 77190.09,
    "Total Cost": 77190.1,
    "Plan Rows": 1,
    "Plan Width": 8,
    "Actual Startup Time": 165.124,
    "Actual Total Time": 179.225,
    "Actual Rows": 1,
    "Actual Loops": 1,
    "Plans": [
      {
        "Node Type": "Gather",
        "Parent Relationship": "Outer",
        "Parallel Aware": false,
        "Startup Cost": 77189.98,
        "Total Cost": 77190.09,
        "Plan Rows": 1,
        "Plan Width": 8,
        "Actual Startup Time": 164.841,
        "Actual Total Time": 179.218,
        "Actual Rows": 2,
        "Actual Loops": 1,
        "Workers Planned": 1,
        "Workers Launched": 1,
        "Single Copy": false,
        "Plans": [
          {
            "Node Type": "Aggregate",
            "Strategy": "Plain",
            "Partial Mode": "Partial",
            "Parent Relationship": "Outer",
            "Parallel Aware": false,
            "Startup Cost": 76189.98,
            "Total Cost": 76189.99,
            "Plan Rows": 1,
            "Plan Width": 8,
            "Actual Startup Time": 159.689,
            "Actual Total Time": 159.693,
            "Actual Rows": 1,
            "Actual Loops": 2,
            "Plans": [
              {
                "Node Type": "Nested Loop",
                "Parent Relationship": "Outer",
                "Parallel Aware": false,
                "Join Type": "Inner",
                "Startup Cost": 20109.21,
                "Total Cost": 76189.79,
                "Plan Rows": 75,
                "Plan Width": 0,
                "Actual Startup Time": 42.76,
                "Actual Total Time": 159.681,
                "Actual Rows": 26,
                "Actual Loops": 2,
                "Inner Unique": false,
                "Plans": [
                  {
                    "Node Type": "Hash Join",
                    "Parent Relationship": "Outer",
                    "Parallel Aware": true,
                    "Join Type": "Inner",
                    "Startup Cost": 20108.78,
                    "Total Cost": 74952.1,
                    "Plan Rows": 306,
                    "Plan Width": 8,
                    "Actual Startup Time": 31.696,
                    "Actual Total Time": 158.526,
                    "Actual Rows": 147,
                    "Actual Loops": 2,
                    "Inner Unique": false,
                    "Hash Cond": "(t.id = mc.movie_id)",
                    "Plans": [
                      {
                        "Node Type": "Seq Scan",
                        "Parent Relationship": "Outer",
                        "Parallel Aware": true,
                        "Relation Name": "title",
                        "Alias": "t",
                        "Startup Cost": 0.0,
                        "Total Cost": 54588.39,
                        "Plan Rows": 40501,
                        "Plan Width": 4,
                        "Actual Startup Time": 0.03,
                        "Actual Total Time": 121.702,
                        "Actual Rows": 33671,
                        "Actual Loops": 2,
                        "Filter": "(production_year > 2012)",
                        "Rows Removed by Filter": 1230485
                      },
                      {
                        "Node Type": "Hash",
                        "Parent Relationship": "Inner",
                        "Parallel Aware": true,
                        "Startup Cost": 19968.38,
                        "Total Cost": 19968.38,
                        "Plan Rows": 11232,
                        "Plan Width": 4,
                        "Actual Startup Time": 29.776,
                        "Actual Total Time": 29.777,
                        "Actual Rows": 17758,
                        "Actual Loops": 2,
                        "Hash Buckets": 65536,
                        "Original Hash Buckets": 32768,
                        "Hash Batches": 1,
                        "Original Hash Batches": 1,
                        "Peak Memory Usage": 2208,
                        "Plans": [
                          {
                            "Node Type": "Bitmap Heap Scan",
                            "Parent Relationship": "Outer",
                            "Parallel Aware": true,
                            "Relation Name": "movie_companies",
                            "Alias": "mc",
                            "Startup Cost": 836.12,
                            "Total Cost": 19968.38,
                            "Plan Rows": 11232,
                            "Plan Width": 4,
                            "Actual Startup Time": 5.422,
                            "Actual Total Time": 22.051,
                            "Actual Rows": 17758,
                            "Actual Loops": 2,
                            "Recheck Cond": "(company_id = 160)",
                            "Rows Removed by Index Recheck": 0,
                            "Filter": "(company_type_id < 2)",
                            "Rows Removed by Filter": 310,
                            "Exact Heap Blocks": 3406,
                            "Lossy Heap Blocks": 0,
                            "Plans": [
                              {
                                "Node Type": "Bitmap Index Scan",
                                "Parent Relationship": "Outer",
                                "Parallel Aware": false,
                                "Index Name": "company_id_movie_companies",
                                "Startup Cost": 0.0,
                                "Total Cost": 831.35,
                                "Plan Rows": 38789,
                                "Plan Width": 0,
                                "Actual Startup Time": 7.391,
                                "Actual Total Time": 7.392,
                                "Actual Rows": 36136,
                                "Actual Loops": 1,
                                "Index Cond": "(company_id = 160)"
                              }
                            ]
                          }
                        ]
                      }
                    ]
                  },
                  {
                    "Node Type": "Index Scan",
                    "Parent Relationship": "Inner",
                    "Parallel Aware": false,
                    "Scan Direction": "Forward",
                    "Index Name": "movie_id_movie_keyword",
                    "Relation Name": "movie_keyword",
                    "Alias": "mk",
                    "Startup Cost": 0.43,
                    "Total Cost": 3.98,
                    "Plan Rows": 6,
                    "Plan Width": 4,
                    "Actual Startup Time": 0.007,
                    "Actual Total Time": 0.007,
                    "Actual Rows": 0,
                    "Actual Loops": 294,
                    "Index Cond": "(movie_id = t.id)",
                    "Rows Removed by Index Recheck": 0,
                    "Filter": "(keyword_id < 490)",
                    "Rows Removed by Filter": 1
                  }
                ]
              }
            ]
          }
        ]
      }
    ]
  },
  "Planning Time": 0.97,
  "Triggers": [],
  "Execution Time": 179.332
}