[
    {
        "Bao": {
            "Bao prediction": "NaN",
            "Bao recommended hint": "(no hint)"
        }
    },
    {
        "Plan": {
            "Node Type": "Aggregate",
            "Strategy": "Plain",
            "Partial Mode": "Finalize",
            "Parallel Aware": false,
            "Startup Cost": 455149.37,
            "Total Cost": 455149.38,
            "Plan Rows": 1,
            "Plan Width": 8,
            "Actual Startup Time": 1687.825,
            "Actual Total Time": 1724.393,
            "Actual Rows": 1,
            "Actual Loops": 1,
            "Output": [
                "count(*)"
            ],
            "Plans": [
                {
                    "Node Type": "Gather",
                    "Parent Relationship": "Outer",
                    "Parallel Aware": false,
                    "Startup Cost": 455148.74,
                    "Total Cost": 455149.35,
                    "Plan Rows": 6,
                    "Plan Width": 8,
                    "Actual Startup Time": 1671.738,
                    "Actual Total Time": 1724.383,
                    "Actual Rows": 7,
                    "Actual Loops": 1,
                    "Output": [
                        "(PARTIAL count(*))"
                    ],
                    "Workers Planned": 6,
                    "Workers Launched": 6,
                    "Single Copy": false,
                    "Plans": [
                        {
                            "Node Type": "Aggregate",
                            "Strategy": "Plain",
                            "Partial Mode": "Partial",
                            "Parent Relationship": "Outer",
                            "Parallel Aware": false,
                            "Startup Cost": 454148.74,
                            "Total Cost": 454148.75,
                            "Plan Rows": 1,
                            "Plan Width": 8,
                            "Actual Startup Time": 1656.498,
                            "Actual Total Time": 1656.751,
                            "Actual Rows": 1,
                            "Actual Loops": 7,
                            "Output": [
                                "PARTIAL count(*)"
                            ],
                            "Workers": [
                                {
                                    "Worker Number": 0,
                                    "Actual Startup Time": 1653.784,
                                    "Actual Total Time": 1653.79,
                                    "Actual Rows": 1,
                                    "Actual Loops": 1
                                },
                                {
                                    "Worker Number": 1,
                                    "Actual Startup Time": 1653.79,
                                    "Actual Total Time": 1653.794,
                                    "Actual Rows": 1,
                                    "Actual Loops": 1
                                },
                                {
                                    "Worker Number": 2,
                                    "Actual Startup Time": 1653.952,
                                    "Actual Total Time": 1653.966,
                                    "Actual Rows": 1,
                                    "Actual Loops": 1
                                },
                                {
                                    "Worker Number": 3,
                                    "Actual Startup Time": 1654.865,
                                    "Actual Total Time": 1654.871,
                                    "Actual Rows": 1,
                                    "Actual Loops": 1
                                },
                                {
                                    "Worker Number": 4,
                                    "Actual Startup Time": 1653.94,
                                    "Actual Total Time": 1653.945,
                                    "Actual Rows": 1,
                                    "Actual Loops": 1
                                },
                                {
                                    "Worker Number": 5,
                                    "Actual Startup Time": 1653.901,
                                    "Actual Total Time": 1653.907,
                                    "Actual Rows": 1,
                                    "Actual Loops": 1
                                }
                            ],
                            "Plans": [
                                {
                                    "Node Type": "Hash Join",
                                    "Parent Relationship": "Outer",
                                    "Parallel Aware": true,
                                    "Join Type": "Inner",
                                    "Startup Cost": 104220.2,
                                    "Total Cost": 448841.47,
                                    "Plan Rows": 2122909,
                                    "Plan Width": 0,
                                    "Actual Startup Time": 653.95,
                                    "Actual Total Time": 1589.203,
                                    "Actual Rows": 1148823,
                                    "Actual Loops": 7,
                                    "Inner Unique": false,
                                    "Hash Cond": "(ci.movie_id = t.id)",
                                    "Workers": [
                                        {
                                            "Worker Number": 0,
                                            "Actual Startup Time": 651.426,
                                            "Actual Total Time": 1582.528,
                                            "Actual Rows": 1027905,
                                            "Actual Loops": 1
                                        },
                                        {
                                            "Worker Number": 1,
                                            "Actual Startup Time": 651.36,
                                            "Actual Total Time": 1592.32,
                                            "Actual Rows": 1440566,
                                            "Actual Loops": 1
                                        },
                                        {
                                            "Worker Number": 2,
                                            "Actual Startup Time": 651.493,
                                            "Actual Total Time": 1583.264,
                                            "Actual Rows": 1020552,
                                            "Actual Loops": 1
                                        },
                                        {
                                            "Worker Number": 3,
                                            "Actual Startup Time": 651.522,
                                            "Actual Total Time": 1584.49,
                                            "Actual Rows": 1013908,
                                            "Actual Loops": 1
                                        },
                                        {
                                            "Worker Number": 4,
                                            "Actual Startup Time": 651.529,
                                            "Actual Total Time": 1585.591,
                                            "Actual Rows": 977658,
                                            "Actual Loops": 1
                                        },
                                        {
                                            "Worker Number": 5,
                                            "Actual Startup Time": 651.486,
                                            "Actual Total Time": 1583.462,
                                            "Actual Rows": 1013671,
                                            "Actual Loops": 1
                                        }
                                    ],
                                    "Plans": [
                                        {
                                            "Node Type": "Seq Scan",
                                            "Parent Relationship": "Outer",
                                            "Parallel Aware": true,
                                            "Relation Name": "cast_info",
                                            "Schema": "public",
                                            "Alias": "ci",
                                            "Startup Cost": 0.0,
                                            "Total Cost": 328213.62,
                                            "Plan Rows": 2549218,
                                            "Plan Width": 4,
                                            "Actual Startup Time": 239.054,
                                            "Actual Total Time": 633.785,
                                            "Actual Rows": 2197849,
                                            "Actual Loops": 7,
                                            "Output": [
                                                "ci.id",
                                                "ci.person_id",
                                                "ci.movie_id",
                                                "ci.person_role_id",
                                                "ci.note",
                                                "ci.nr_order",
                                                "ci.role_id"
                                            ],
                                            "Filter": "(ci.person_id > 2102284)",
                                            "Rows Removed by Filter": 2979914,
                                            "Workers": [
                                                {
                                                    "Worker Number": 0,
                                                    "Actual Startup Time": 239.066,
                                                    "Actual Total Time": 642.442,
                                                    "Actual Rows": 1931462,
                                                    "Actual Loops": 1
                                                },
                                                {
                                                    "Worker Number": 1,
                                                    "Actual Startup Time": 239.072,
                                                    "Actual Total Time": 624.829,
                                                    "Actual Rows": 2716531,
                                                    "Actual Loops": 1
                                                },
                                                {
                                                    "Worker Number": 2,
                                                    "Actual Startup Time": 239.063,
                                                    "Actual Total Time": 646.281,
                                                    "Actual Rows": 1950850,
                                                    "Actual Loops": 1
                                                },
                                                {
                                                    "Worker Number": 3,
                                                    "Actual Startup Time": 239.062,
                                                    "Actual Total Time": 645.361,
                                                    "Actual Rows": 1947053,
                                                    "Actual Loops": 1
                                                },
                                                {
                                                    "Worker Number": 4,
                                                    "Actual Startup Time": 239.083,
                                                    "Actual Total Time": 646.813,
                                                    "Actual Rows": 1940073,
                                                    "Actual Loops": 1
                                                },
                                                {
                                                    "Worker Number": 5,
                                                    "Actual Startup Time": 239.048,
                                                    "Actual Total Time": 642.717,
                                                    "Actual Rows": 1937817,
                                                    "Actual Loops": 1
                                                }
                                            ]
                                        },
                                        {
                                            "Node Type": "Hash",
                                            "Parent Relationship": "Inner",
                                            "Parallel Aware": true,
                                            "Startup Cost": 95730.25,
                                            "Total Cost": 95730.25,
                                            "Plan Rows": 679196,
                                            "Plan Width": 8,
                                            "Actual Startup Time": 408.881,
                                            "Actual Total Time": 409.133,
                                            "Actual Rows": 75390,
                                            "Actual Loops": 7,
                                            "Output": [
                                                "t.id",
                                                "mk.movie_id"
                                            ],
                                            "Hash Buckets": 4194304,
                                            "Original Hash Buckets": 4194304,
                                            "Hash Batches": 1,
                                            "Original Hash Batches": 1,
                                            "Peak Memory Usage": 53536,
                                            "Workers": [
                                                {
                                                    "Worker Number": 0,
                                                    "Actual Startup Time": 411.581,
                                                    "Actual Total Time": 411.585,
                                                    "Actual Rows": 69648,
                                                    "Actual Loops": 1
                                                },
                                                {
                                                    "Worker Number": 1,
                                                    "Actual Startup Time": 411.463,
                                                    "Actual Total Time": 411.466,
                                                    "Actual Rows": 104044,
                                                    "Actual Loops": 1
                                                },
                                                {
                                                    "Worker Number": 2,
                                                    "Actual Startup Time": 411.635,
                                                    "Actual Total Time": 411.648,
                                                    "Actual Rows": 70136,
                                                    "Actual Loops": 1
                                                },
                                                {
                                                    "Worker Number": 3,
                                                    "Actual Startup Time": 411.674,
                                                    "Actual Total Time": 411.678,
                                                    "Actual Rows": 69126,
                                                    "Actual Loops": 1
                                                },
                                                {
                                                    "Worker Number": 4,
                                                    "Actual Startup Time": 411.603,
                                                    "Actual Total Time": 411.606,
                                                    "Actual Rows": 68322,
                                                    "Actual Loops": 1
                                                },
                                                {
                                                    "Worker Number": 5,
                                                    "Actual Startup Time": 411.63,
                                                    "Actual Total Time": 411.634,
                                                    "Actual Rows": 69080,
                                                    "Actual Loops": 1
                                                }
                                            ],
                                            "Plans": [
                                                {
                                                    "Node Type": "Hash Join",
                                                    "Parent Relationship": "Outer",
                                                    "Parallel Aware": true,
                                                    "Join Type": "Inner",
                                                    "Startup Cost": 49686.2,
                                                    "Total Cost": 95730.25,
                                                    "Plan Rows": 679196,
                                                    "Plan Width": 8,
                                                    "Actual Startup Time": 196.679,
                                                    "Actual Total Time": 366.044,
                                                    "Actual Rows": 75390,
                                                    "Actual Loops": 7,
                                                    "Output": [
                                                        "t.id",
                                                        "mk.movie_id"
                                                    ],
                                                    "Inner Unique": true,
                                                    "Hash Cond": "(mk.movie_id = t.id)",
                                                    "Workers": [
                                                        {
                                                            "Worker Number": 0,
                                                            "Actual Startup Time": 196.731,
                                                            "Actual Total Time": 365.24,
                                                            "Actual Rows": 69648,
                                                            "Actual Loops": 1
                                                        },
                                                        {
                                                            "Worker Number": 1,
                                                            "Actual Startup Time": 196.67,
                                                            "Actual Total Time": 365.462,
                                                            "Actual Rows": 104044,
                                                            "Actual Loops": 1
                                                        },
                                                        {
                                                            "Worker Number": 2,
                                                            "Actual Startup Time": 196.647,
                                                            "Actual Total Time": 365.17,
                                                            "Actual Rows": 70136,
                                                            "Actual Loops": 1
                                                        },
                                                        {
                                                            "Worker Number": 3,
                                                            "Actual Startup Time": 196.71,
                                                            "Actual Total Time": 365.382,
                                                            "Actual Rows": 69126,
                                                            "Actual Loops": 1
                                                        },
                                                        {
                                                            "Worker Number": 4,
                                                            "Actual Startup Time": 196.564,
                                                            "Actual Total Time": 365.288,
                                                            "Actual Rows": 68322,
                                                            "Actual Loops": 1
                                                        },
                                                        {
                                                            "Worker Number": 5,
                                                            "Actual Startup Time": 196.587,
                                                            "Actual Total Time": 365.346,
                                                            "Actual Rows": 69080,
                                                            "Actual Loops": 1
                                                        }
                                                    ],
                                                    "Plans": [
                                                        {
                                                            "Node Type": "Seq Scan",
                                                            "Parent Relationship": "Outer",
                                                            "Parallel Aware": true,
                                                            "Relation Name": "movie_keyword",
                                                            "Schema": "public",
                                                            "Alias": "mk",
                                                            "Startup Cost": 0.0,
                                                            "Total Cost": 42695.65,
                                                            "Plan Rows": 1275576,
                                                            "Plan Width": 4,
                                                            "Actual Startup Time": 0.021,
                                                            "Actual Total Time": 92.207,
                                                            "Actual Rows": 565572,
                                                            "Actual Loops": 7,
                                                            "Output": [
                                                                "mk.id",
                                                                "mk.movie_id",
                                                                "mk.keyword_id"
                                                            ],
                                                            "Filter": "(mk.keyword_id < 32546)",
                                                            "Rows Removed by Filter": 80704,
                                                            "Workers": [
                                                                {
                                                                    "Worker Number": 0,
                                                                    "Actual Startup Time": 0.029,
                                                                    "Actual Total Time": 93.548,
                                                                    "Actual Rows": 519262,
                                                                    "Actual Loops": 1
                                                                },
                                                                {
                                                                    "Worker Number": 1,
                                                                    "Actual Startup Time": 0.017,
                                                                    "Actual Total Time": 90.353,
                                                                    "Actual Rows": 784228,
                                                                    "Actual Loops": 1
                                                                },
                                                                {
                                                                    "Worker Number": 2,
                                                                    "Actual Startup Time": 0.018,
                                                                    "Actual Total Time": 93.398,
                                                                    "Actual Rows": 518494,
                                                                    "Actual Loops": 1
                                                                },
                                                                {
                                                                    "Worker Number": 3,
                                                                    "Actual Startup Time": 0.033,
                                                                    "Actual Total Time": 93.444,
                                                                    "Actual Rows": 519571,
                                                                    "Actual Loops": 1
                                                                },
                                                                {
                                                                    "Worker Number": 4,
                                                                    "Actual Startup Time": 0.016,
                                                                    "Actual Total Time": 93.651,
                                                                    "Actual Rows": 515988,
                                                                    "Actual Loops": 1
                                                                },
                                                                {
                                                                    "Worker Number": 5,
                                                                    "Actual Startup Time": 0.018,
                                                                    "Actual Total Time": 93.792,
                                                                    "Actual Rows": 517378,
                                                                    "Actual Loops": 1
                                                                }
                                                            ]
                                                        },
                                                        {
                                                            "Node Type": "Hash",
                                                            "Parent Relationship": "Inner",
                                                            "Parallel Aware": true,
                                                            "Startup Cost": 45479.21,
                                                            "Total Cost": 45479.21,
                                                            "Plan Rows": 336559,
                                                            "Plan Width": 4,
                                                            "Actual Startup Time": 194.193,
                                                            "Actual Total Time": 194.195,
                                                            "Actual Rows": 189683,
                                                            "Actual Loops": 7,
                                                            "Output": [
                                                                "t.id"
                                                            ],
                                                            "Hash Buckets": 2097152,
                                                            "Original Hash Buckets": 2097152,
                                                            "Hash Batches": 1,
                                                            "Original Hash Batches": 1,
                                                            "Peak Memory Usage": 68448,
                                                            "Workers": [
                                                                {
                                                                    "Worker Number": 0,
                                                                    "Actual Startup Time": 196.441,
                                                                    "Actual Total Time": 196.442,
                                                                    "Actual Rows": 173027,
                                                                    "Actual Loops": 1
                                                                },
                                                                {
                                                                    "Worker Number": 1,
                                                                    "Actual Startup Time": 196.402,
                                                                    "Actual Total Time": 196.403,
                                                                    "Actual Rows": 221533,
                                                                    "Actual Loops": 1
                                                                },
                                                                {
                                                                    "Worker Number": 2,
                                                                    "Actual Startup Time": 196.488,
                                                                    "Actual Total Time": 196.489,
                                                                    "Actual Rows": 174559,
                                                                    "Actual Loops": 1
                                                                },
                                                                {
                                                                    "Worker Number": 3,
                                                                    "Actual Startup Time": 196.373,
                                                                    "Actual Total Time": 196.374,
                                                                    "Actual Rows": 173543,
                                                                    "Actual Loops": 1
                                                                },
                                                                {
                                                                    "Worker Number": 4,
                                                                    "Actual Startup Time": 196.419,
                                                                    "Actual Total Time": 196.42,
                                                                    "Actual Rows": 172928,
                                                                    "Actual Loops": 1
                                                                },
                                                                {
                                                                    "Worker Number": 5,
                                                                    "Actual Startup Time": 196.454,
                                                                    "Actual Total Time": 196.455,
                                                                    "Actual Rows": 176055,
                                                                    "Actual Loops": 1
                                                                }
                                                            ],
                                                            "Plans": [
                                                                {
                                                                    "Node Type": "Seq Scan",
                                                                    "Parent Relationship": "Outer",
                                                                    "Parallel Aware": true,
                                                                    "Relation Name": "title",
                                                                    "Schema": "public",
                                                                    "Alias": "t",
                                                                    "Startup Cost": 0.0,
                                                                    "Total Cost": 45479.21,
                                                                    "Plan Rows": 336559,
                                                                    "Plan Width": 4,
                                                                    "Actual Startup Time": 0.053,
                                                                    "Actual Total Time": 89.476,
                                                                    "Actual Rows": 189683,
                                                                    "Actual Loops": 7,
                                                                    "Output": [
                                                                        "t.id"
                                                                    ],
                                                                    "Filter": "((t.production_year < 2012) AND (t.kind_id = 7))",
                                                                    "Rows Removed by Filter": 171504,
                                                                    "Workers": [
                                                                        {
                                                                            "Worker Number": 0,
                                                                            "Actual Startup Time": 0.067,
                                                                            "Actual Total Time": 91.762,
                                                                            "Actual Rows": 173027,
                                                                            "Actual Loops": 1
                                                                        },
                                                                        {
                                                                            "Worker Number": 1,
                                                                            "Actual Startup Time": 0.081,
                                                                            "Actual Total Time": 86.825,
                                                                            "Actual Rows": 221533,
                                                                            "Actual Loops": 1
                                                                        },
                                                                        {
                                                                            "Worker Number": 2,
                                                                            "Actual Startup Time": 0.067,
                                                                            "Actual Total Time": 91.5,
                                                                            "Actual Rows": 174559,
                                                                            "Actual Loops": 1
                                                                        },
                                                                        {
                                                                            "Worker Number": 3,
                                                                            "Actual Startup Time": 0.062,
                                                                            "Actual Total Time": 91.799,
                                                                            "Actual Rows": 173543,
                                                                            "Actual Loops": 1
                                                                        },
                                                                        {
                                                                            "Worker Number": 4,
                                                                            "Actual Startup Time": 0.031,
                                                                            "Actual Total Time": 91.805,
                                                                            "Actual Rows": 172928,
                                                                            "Actual Loops": 1
                                                                        },
                                                                        {
                                                                            "Worker Number": 5,
                                                                            "Actual Startup Time": 0.049,
                                                                            "Actual Total Time": 91.599,
                                                                            "Actual Rows": 176055,
                                                                            "Actual Loops": 1
                                                                        }
                                                                    ]
                                                                }
                                                            ]
                                                        }
                                                    ]
                                                }
                                            ]
                                        }
                                    ]
                                }
                            ]
                        }
                    ]
                }
            ]
        },
        "Planning Time": 275.307,
        "Triggers": [],
        "Execution Time": 1724.462
    }
]