[
  {
    "Plan": {
      "Node Type": "Aggregate",
      "Strategy": "Plain",
      "Partial Mode": "Finalize",
      "Parallel Aware": false,
      "Startup Cost": 222994.23,
      "Total Cost": 222994.24,
      "Plan Rows": 1,
      "Plan Width": 8,
      "Actual Startup Time": 3066.512,
      "Actual Total Time": 3155.973,
      "Actual Rows": 1,
      "Actual Loops": 1,
      "Plans": [
        {
          "Node Type": "Gather",
          "Parent Relationship": "Outer",
          "Parallel Aware": false,
          "Startup Cost": 222993.91,
          "Total Cost": 222994.22,
          "Plan Rows": 3,
          "Plan Width": 8,
          "Actual Startup Time": 3064.821,
          "Actual Total Time": 3155.96,
          "Actual Rows": 4,
          "Actual Loops": 1,
          "Workers Planned": 3,
          "Workers Launched": 3,
          "Single Copy": false,
          "Plans": [
            {
              "Node Type": "Aggregate",
              "Strategy": "Plain",
              "Partial Mode": "Partial",
              "Parent Relationship": "Outer",
              "Parallel Aware": false,
              "Startup Cost": 221993.91,
              "Total Cost": 221993.92,
              "Plan Rows": 1,
              "Plan Width": 8,
              "Actual Startup Time": 3055.118,
              "Actual Total Time": 3055.125,
              "Actual Rows": 1,
              "Actual Loops": 4,
              "Plans": [
                {
                  "Node Type": "Nested Loop",
                  "Parent Relationship": "Outer",
                  "Parallel Aware": false,
                  "Join Type": "Inner",
                  "Startup Cost": 46576.95,
                  "Total Cost": 221084.46,
                  "Plan Rows": 363780,
                  "Plan Width": 0,
                  "Actual Startup Time": 210.512,
                  "Actual Total Time": 2957.322,
                  "Actual Rows": 1590574,
                  "Actual Loops": 4,
                  "Inner Unique": false,
                  "Join Filter": "(t.id = ci.movie_id)",
                  "Rows Removed by Join Filter": 0,
                  "Plans": [
                    {
                      "Node Type": "Hash Join",
                      "Parent Relationship": "Outer",
                      "Parallel Aware": true,
                      "Join Type": "Inner",
                      "Startup Cost": 46576.39,
                      "Total Cost": 76787.84,
                      "Plan Rows": 47633,
                      "Plan Width": 8,
                      "Actual Startup Time": 210.346,
                      "Actual Total Time": 346.007,
                      "Actual Rows": 54766,
                      "Actual Loops": 4,
                      "Inner Unique": true,
                      "Hash Cond": "(mc.movie_id = t.id)",
                      "Plans": [
                        {
                          "Node Type": "Seq Scan",
                          "Parent Relationship": "Outer",
                          "Parallel Aware": true,
                          "Relation Name": "movie_companies",
                          "Alias": "mc",
                          "Startup Cost": 0.0,
                          "Total Cost": 29310.68,
                          "Plan Rows": 343151,
                          "Plan Width": 4,
                          "Actual Startup Time": 0.022,
                          "Actual Total Time": 81.814,
                          "Actual Rows": 267361,
                          "Actual Loops": 4,
                          "Filter": "(company_id < 6596)",
                          "Rows Removed by Filter": 384921
                        },
                        {
                          "Node Type": "Hash",
                          "Parent Relationship": "Inner",
                          "Parallel Aware": true,
                          "Startup Cost": 45479.59,
                          "Total Cost": 45479.59,
                          "Plan Rows": 87744,
                          "Plan Width": 4,
                          "Actual Startup Time": 167.568,
                          "Actual Total Time": 167.572,
                          "Actual Rows": 106143,
                          "Actual Loops": 4,
                          "Hash Buckets": 524288,
                          "Original Hash Buckets": 524288,
                          "Hash Batches": 1,
                          "Original Hash Batches": 1,
                          "Peak Memory Usage": 20736,
                          "Plans": [
                            {
                              "Node Type": "Seq Scan",
                              "Parent Relationship": "Outer",
                              "Parallel Aware": true,
                              "Relation Name": "title",
                              "Alias": "t",
                              "Startup Cost": 0.0,
                              "Total Cost": 45479.59,
                              "Plan Rows": 87744,
                              "Plan Width": 4,
                              "Actual Startup Time": 72.477,
                              "Actual Total Time": 127.271,
                              "Actual Rows": 106143,
                              "Actual Loops": 4,
                              "Filter": "((production_year < 2005) AND (kind_id = 1))",
                              "Rows Removed by Filter": 525935
                            }
                          ]
                        }
                      ]
                    },
                    {
                      "Node Type": "Index Scan",
                      "Parent Relationship": "Inner",
                      "Parallel Aware": false,
                      "Scan Direction": "Forward",
                      "Index Name": "movie_id_cast_info",
                      "Relation Name": "cast_info",
                      "Alias": "ci",
                      "Startup Cost": 0.56,
                      "Total Cost": 2.79,
                      "Plan Rows": 19,
                      "Plan Width": 4,
                      "Actual Startup Time": 0.005,
                      "Actual Total Time": 0.044,
                      "Actual Rows": 29,
                      "Actual Loops": 219064,
                      "Index Cond": "(movie_id = mc.movie_id)",
                      "Rows Removed by Index Recheck": 0,
                      "Filter": "((person_id < 3757530) AND (role_id < 3))",
                      "Rows Removed by Filter": 21
                    }
                  ]
                }
              ]
            }
          ]
        }
      ]
    },
    "Planning Time": 1.943,
    "Triggers": [],
    "Execution Time": 3156.105
  }
]