[
  {
    "Plan": {
      "Node Type": "Aggregate",
      "Strategy": "Plain",
      "Partial Mode": "Finalize",
      "Parallel Aware": false,
      "Startup Cost": 44677.48,
      "Total Cost": 44677.49,
      "Plan Rows": 1,
      "Plan Width": 8,
      "Actual Startup Time": 148.053,
      "Actual Total Time": 161.723,
      "Actual Rows": 1,
      "Actual Loops": 1,
      "Plans": [
        {
          "Node Type": "Gather",
          "Parent Relationship": "Outer",
          "Parallel Aware": false,
          "Startup Cost": 44677.16,
          "Total Cost": 44677.47,
          "Plan Rows": 3,
          "Plan Width": 8,
          "Actual Startup Time": 147.89,
          "Actual Total Time": 161.713,
          "Actual Rows": 4,
          "Actual Loops": 1,
          "Workers Planned": 3,
          "Workers Launched": 3,
          "Single Copy": false,
          "Plans": [
            {
              "Node Type": "Aggregate",
              "Strategy": "Plain",
              "Partial Mode": "Partial",
              "Parent Relationship": "Outer",
              "Parallel Aware": false,
              "Startup Cost": 43677.16,
              "Total Cost": 43677.17,
              "Plan Rows": 1,
              "Plan Width": 8,
              "Actual Startup Time": 143.18,
              "Actual Total Time": 143.182,
              "Actual Rows": 1,
              "Actual Loops": 4,
              "Plans": [
                {
                  "Node Type": "Seq Scan",
                  "Parent Relationship": "Outer",
                  "Parallel Aware": true,
                  "Relation Name": "movie_keyword",
                  "Alias": "mk",
                  "Startup Cost": 0.0,
                  "Total Cost": 42695.65,
                  "Plan Rows": 392603,
                  "Plan Width": 0,
                  "Actual Startup Time": 0.024,
                  "Actual Total Time": 125.001,
                  "Actual Rows": 302867,
                  "Actual Loops": 4,
                  "Filter": "(keyword_id < 1524)",
                  "Rows Removed by Filter": 828115
                }
              ]
            }
          ]
        }
      ]
    },
    "Planning Time": 0.204,
    "Triggers": [],
    "Execution Time": 161.782
  }
]