{
  "Plan": {
    "Node Type": "Aggregate",
    "Strategy": "Plain",
    "Partial Mode": "Finalize",
    "Parallel Aware": false,
    "Startup Cost": 422444.81,
    "Total Cost": 422444.82,
    "Plan Rows": 1,
    "Plan Width": 8,
    "Actual Startup Time": 5190.272,
    "Actual Total Time": 5245.549,
    "Actual Rows": 1,
    "Actual Loops": 1,
    "Plans": [
      {
        "Node Type": "Gather",
        "Parent Relationship": "Outer",
        "Parallel Aware": false,
        "Startup Cost": 422444.7,
        "Total Cost": 422444.81,
        "Plan Rows": 1,
        "Plan Width": 8,
        "Actual Startup Time": 5186.817,
        "Actual Total Time": 5245.54,
        "Actual Rows": 2,
        "Actual Loops": 1,
        "Workers Planned": 1,
        "Workers Launched": 1,
        "Single Copy": false,
        "Plans": [
          {
            "Node Type": "Aggregate",
            "Strategy": "Plain",
            "Partial Mode": "Partial",
            "Parent Relationship": "Outer",
            "Parallel Aware": false,
            "Startup Cost": 421444.7,
            "Total Cost": 421444.71,
            "Plan Rows": 1,
            "Plan Width": 8,
            "Actual Startup Time": 5180.57,
            "Actual Total Time": 5180.576,
            "Actual Rows": 1,
            "Actual Loops": 2,
            "Plans": [
              {
                "Node Type": "Hash Join",
                "Parent Relationship": "Outer",
                "Parallel Aware": true,
                "Join Type": "Inner",
                "Startup Cost": 127064.87,
                "Total Cost": 417623.25,
                "Plan Rows": 1528578,
                "Plan Width": 0,
                "Actual Startup Time": 629.463,
                "Actual Total Time": 4117.481,
                "Actual Rows": 26875614,
                "Actual Loops": 2,
                "Inner Unique": false,
                "Hash Cond": "(mi.movie_id = t.id)",
                "Plans": [
                  {
                    "Node Type": "Seq Scan",
                    "Parent Relationship": "Outer",
                    "Parallel Aware": true,
                    "Relation Name": "movie_info",
                    "Alias": "mi",
                    "Startup Cost": 0.0,
                    "Total Cost": 248955.74,
                    "Plan Rows": 8696274,
                    "Plan Width": 4,
                    "Actual Startup Time": 0.012,
                    "Actual Total Time": 640.398,
                    "Actual Rows": 7417860,
                    "Actual Loops": 2
                  },
                  {
                    "Node Type": "Hash",
                    "Parent Relationship": "Inner",
                    "Parallel Aware": true,
                    "Startup Cost": 123797.17,
                    "Total Cost": 123797.17,
                    "Plan Rows": 261416,
                    "Plan Width": 8,
                    "Actual Startup Time": 622.737,
                    "Actual Total Time": 622.741,
                    "Actual Rows": 440854,
                    "Actual Loops": 2,
                    "Hash Buckets": 1048576,
                    "Original Hash Buckets": 524288,
                    "Hash Batches": 1,
                    "Original Hash Batches": 1,
                    "Peak Memory Usage": 46816,
                    "Plans": [
                      {
                        "Node Type": "Hash Join",
                        "Parent Relationship": "Outer",
                        "Parallel Aware": true,
                        "Join Type": "Inner",
                        "Startup Cost": 63724.36,
                        "Total Cost": 123797.17,
                        "Plan Rows": 261416,
                        "Plan Width": 8,
                        "Actual Startup Time": 236.034,
                        "Actual Total Time": 533.572,
                        "Actual Rows": 440854,
                        "Actual Loops": 2,
                        "Inner Unique": true,
                        "Hash Cond": "(mk.movie_id = t.id)",
                        "Plans": [
                          {
                            "Node Type": "Seq Scan",
                            "Parent Relationship": "Outer",
                            "Parallel Aware": true,
                            "Relation Name": "movie_keyword",
                            "Alias": "mk",
                            "Startup Cost": 0.0,
                            "Total Cost": 57718.19,
                            "Plan Rows": 896999,
                            "Plan Width": 4,
                            "Actual Startup Time": 0.016,
                            "Actual Total Time": 171.549,
                            "Actual Rows": 772072,
                            "Actual Loops": 2,
                            "Filter": "(keyword_id < 2276)",
                            "Rows Removed by Filter": 1489894
                          },
                          {
                            "Node Type": "Hash",
                            "Parent Relationship": "Inner",
                            "Parallel Aware": true,
                            "Startup Cost": 58306.47,
                            "Total Cost": 58306.47,
                            "Plan Rows": 433431,
                            "Plan Width": 4,
                            "Actual Startup Time": 229.496,
                            "Actual Total Time": 229.497,
                            "Actual Rows": 317955,
                            "Actual Loops": 2,
                            "Hash Buckets": 1048576,
                            "Original Hash Buckets": 1048576,
                            "Hash Batches": 1,
                            "Original Hash Batches": 1,
                            "Peak Memory Usage": 33120,
                            "Plans": [
                              {
                                "Node Type": "Seq Scan",
                                "Parent Relationship": "Outer",
                                "Parallel Aware": true,
                                "Relation Name": "title",
                                "Alias": "t",
                                "Startup Cost": 0.0,
                                "Total Cost": 58306.47,
                                "Plan Rows": 433431,
                                "Plan Width": 4,
                                "Actual Startup Time": 0.039,
                                "Actual Total Time": 149.883,
                                "Actual Rows": 317955,
                                "Actual Loops": 2,
                                "Filter": "((kind_id < 7) AND (production_year > 1984))",
                                "Rows Removed by Filter": 946201
                              }
                            ]
                          }
                        ]
                      }
                    ]
                  }
                ]
              }
            ]
          }
        ]
      }
    ]
  },
  "Planning Time": 0.993,
  "Triggers": [],
  "Execution Time": 5245.64
}