[
  {
    "Plan": {
      "Node Type": "Aggregate",
      "Strategy": "Plain",
      "Partial Mode": "Finalize",
      "Parallel Aware": false,
      "Startup Cost": 341362.81,
      "Total Cost": 341362.82,
      "Plan Rows": 1,
      "Plan Width": 8,
      "Actual Startup Time": 860.757,
      "Actual Total Time": 914.337,
      "Actual Rows": 1,
      "Actual Loops": 1,
      "Plans": [
        {
          "Node Type": "Gather",
          "Parent Relationship": "Outer",
          "Parallel Aware": false,
          "Startup Cost": 341362.18,
          "Total Cost": 341362.79,
          "Plan Rows": 6,
          "Plan Width": 8,
          "Actual Startup Time": 860.623,
          "Actual Total Time": 914.327,
          "Actual Rows": 7,
          "Actual Loops": 1,
          "Workers Planned": 6,
          "Workers Launched": 6,
          "Single Copy": false,
          "Plans": [
            {
              "Node Type": "Aggregate",
              "Strategy": "Plain",
              "Partial Mode": "Partial",
              "Parent Relationship": "Outer",
              "Parallel Aware": false,
              "Startup Cost": 340362.18,
              "Total Cost": 340362.19,
              "Plan Rows": 1,
              "Plan Width": 8,
              "Actual Startup Time": 850.342,
              "Actual Total Time": 850.343,
              "Actual Rows": 1,
              "Actual Loops": 7,
              "Plans": [
                {
                  "Node Type": "Seq Scan",
                  "Parent Relationship": "Outer",
                  "Parallel Aware": true,
                  "Relation Name": "cast_info",
                  "Alias": "ci",
                  "Startup Cost": 0.0,
                  "Total Cost": 328211.39,
                  "Plan Rows": 4860317,
                  "Plan Width": 0,
                  "Actual Startup Time": 89.004,
                  "Actual Total Time": 650.437,
                  "Actual Rows": 4145582,
                  "Actual Loops": 7,
                  "Filter": "(person_id > 697999)",
                  "Rows Removed by Filter": 1032182
                }
              ]
            }
          ]
        }
      ]
    },
    "Planning Time": 0.174,
    "Triggers": [],
    "Execution Time": 914.41
  }
]