[
  {
    "Plan": {
      "Node Type": "Aggregate",
      "Strategy": "Plain",
      "Partial Mode": "Finalize",
      "Parallel Aware": false,
      "Startup Cost": 33220.76,
      "Total Cost": 33220.77,
      "Plan Rows": 1,
      "Plan Width": 8,
      "Actual Startup Time": 96.694,
      "Actual Total Time": 104.513,
      "Actual Rows": 1,
      "Actual Loops": 1,
      "Plans": [
        {
          "Node Type": "Gather",
          "Parent Relationship": "Outer",
          "Parallel Aware": false,
          "Startup Cost": 33220.45,
          "Total Cost": 33220.76,
          "Plan Rows": 3,
          "Plan Width": 8,
          "Actual Startup Time": 96.541,
          "Actual Total Time": 104.501,
          "Actual Rows": 4,
          "Actual Loops": 1,
          "Workers Planned": 3,
          "Workers Launched": 3,
          "Single Copy": false,
          "Plans": [
            {
              "Node Type": "Aggregate",
              "Strategy": "Plain",
              "Partial Mode": "Partial",
              "Parent Relationship": "Outer",
              "Parallel Aware": false,
              "Startup Cost": 32220.45,
              "Total Cost": 32220.46,
              "Plan Rows": 1,
              "Plan Width": 8,
              "Actual Startup Time": 90.639,
              "Actual Total Time": 90.64,
              "Actual Rows": 1,
              "Actual Loops": 4,
              "Plans": [
                {
                  "Node Type": "Seq Scan",
                  "Parent Relationship": "Outer",
                  "Parallel Aware": true,
                  "Relation Name": "movie_companies",
                  "Alias": "mc",
                  "Startup Cost": 0.0,
                  "Total Cost": 31414.82,
                  "Plan Rows": 322251,
                  "Plan Width": 0,
                  "Actual Startup Time": 0.389,
                  "Actual Total Time": 79.463,
                  "Actual Rows": 214659,
                  "Actual Loops": 4,
                  "Filter": "((company_id > 595) AND (company_type_id = 1))",
                  "Rows Removed by Filter": 437623
                }
              ]
            }
          ]
        }
      ]
    },
    "Planning Time": 0.201,
    "Triggers": [],
    "Execution Time": 104.567
  }
]