[
  {
    "Plan": {
      "Node Type": "Aggregate",
      "Strategy": "Plain",
      "Partial Mode": "Finalize",
      "Parallel Aware": false,
      "Startup Cost": 40137.28,
      "Total Cost": 40137.29,
      "Plan Rows": 1,
      "Plan Width": 8,
      "Actual Startup Time": 153.23,
      "Actual Total Time": 161.683,
      "Actual Rows": 1,
      "Actual Loops": 1,
      "Plans": [
        {
          "Node Type": "Gather",
          "Parent Relationship": "Outer",
          "Parallel Aware": false,
          "Startup Cost": 40136.96,
          "Total Cost": 40137.27,
          "Plan Rows": 3,
          "Plan Width": 8,
          "Actual Startup Time": 152.936,
          "Actual Total Time": 161.672,
          "Actual Rows": 4,
          "Actual Loops": 1,
          "Workers Planned": 3,
          "Workers Launched": 3,
          "Single Copy": false,
          "Plans": [
            {
              "Node Type": "Aggregate",
              "Strategy": "Plain",
              "Partial Mode": "Partial",
              "Parent Relationship": "Outer",
              "Parallel Aware": false,
              "Startup Cost": 39136.96,
              "Total Cost": 39136.97,
              "Plan Rows": 1,
              "Plan Width": 8,
              "Actual Startup Time": 146.766,
              "Actual Total Time": 146.768,
              "Actual Rows": 1,
              "Actual Loops": 4,
              "Plans": [
                {
                  "Node Type": "Bitmap Heap Scan",
                  "Parent Relationship": "Outer",
                  "Parallel Aware": true,
                  "Relation Name": "movie_keyword",
                  "Alias": "mk",
                  "Startup Cost": 11956.05,
                  "Total Cost": 38682.48,
                  "Plan Rows": 181795,
                  "Plan Width": 0,
                  "Actual Startup Time": 57.955,
                  "Actual Total Time": 137.682,
                  "Actual Rows": 138381,
                  "Actual Loops": 4,
                  "Recheck Cond": "(keyword_id > 33304)",
                  "Rows Removed by Index Recheck": 0,
                  "Exact Heap Blocks": 7839,
                  "Lossy Heap Blocks": 0,
                  "Plans": [
                    {
                      "Node Type": "Bitmap Index Scan",
                      "Parent Relationship": "Outer",
                      "Parallel Aware": false,
                      "Index Name": "keyword_id_movie_keyword",
                      "Startup Cost": 0.0,
                      "Total Cost": 11815.16,
                      "Plan Rows": 563563,
                      "Plan Width": 0,
                      "Actual Startup Time": 57.87,
                      "Actual Total Time": 57.871,
                      "Actual Rows": 553524,
                      "Actual Loops": 1,
                      "Index Cond": "(keyword_id > 33304)"
                    }
                  ]
                }
              ]
            }
          ]
        }
      ]
    },
    "Planning Time": 0.15,
    "Triggers": [],
    "Execution Time": 161.749
  }
]