[
  {
    "Plan": {
      "Node Type": "Aggregate",
      "Strategy": "Plain",
      "Partial Mode": "Finalize",
      "Parallel Aware": false,
      "Startup Cost": 34999.09,
      "Total Cost": 34999.1,
      "Plan Rows": 1,
      "Plan Width": 8,
      "Actual Startup Time": 126.25,
      "Actual Total Time": 134.187,
      "Actual Rows": 1,
      "Actual Loops": 1,
      "Plans": [
        {
          "Node Type": "Gather",
          "Parent Relationship": "Outer",
          "Parallel Aware": false,
          "Startup Cost": 34998.77,
          "Total Cost": 34999.08,
          "Plan Rows": 3,
          "Plan Width": 8,
          "Actual Startup Time": 125.984,
          "Actual Total Time": 134.176,
          "Actual Rows": 4,
          "Actual Loops": 1,
          "Workers Planned": 3,
          "Workers Launched": 3,
          "Single Copy": false,
          "Plans": [
            {
              "Node Type": "Aggregate",
              "Strategy": "Plain",
              "Partial Mode": "Partial",
              "Parent Relationship": "Outer",
              "Parallel Aware": false,
              "Startup Cost": 33998.77,
              "Total Cost": 33998.78,
              "Plan Rows": 1,
              "Plan Width": 8,
              "Actual Startup Time": 117.719,
              "Actual Total Time": 117.721,
              "Actual Rows": 1,
              "Actual Loops": 4,
              "Plans": [
                {
                  "Node Type": "Bitmap Heap Scan",
                  "Parent Relationship": "Outer",
                  "Parallel Aware": true,
                  "Relation Name": "movie_keyword",
                  "Alias": "mk",
                  "Startup Cost": 7771.93,
                  "Total Cost": 33703.3,
                  "Plan Rows": 118189,
                  "Plan Width": 0,
                  "Actual Startup Time": 42.727,
                  "Actual Total Time": 111.116,
                  "Actual Rows": 88674,
                  "Actual Loops": 4,
                  "Recheck Cond": "(keyword_id > 47090)",
                  "Rows Removed by Index Recheck": 0,
                  "Exact Heap Blocks": 8713,
                  "Lossy Heap Blocks": 0,
                  "Plans": [
                    {
                      "Node Type": "Bitmap Index Scan",
                      "Parent Relationship": "Outer",
                      "Parallel Aware": false,
                      "Index Name": "keyword_id_movie_keyword",
                      "Startup Cost": 0.0,
                      "Total Cost": 7680.34,
                      "Plan Rows": 366387,
                      "Plan Width": 0,
                      "Actual Startup Time": 44.853,
                      "Actual Total Time": 44.853,
                      "Actual Rows": 354698,
                      "Actual Loops": 1,
                      "Index Cond": "(keyword_id > 47090)"
                    }
                  ]
                }
              ]
            }
          ]
        }
      ]
    },
    "Planning Time": 0.183,
    "Triggers": [],
    "Execution Time": 134.264
  }
]