[
  {
    "Plan": {
      "Node Type": "Aggregate",
      "Strategy": "Plain",
      "Partial Mode": "Simple",
      "Parallel Aware": false,
      "Startup Cost": 19412.99,
      "Total Cost": 19413.0,
      "Plan Rows": 1,
      "Plan Width": 96,
      "Actual Startup Time": 1116.264,
      "Actual Total Time": 1206.452,
      "Actual Rows": 1,
      "Actual Loops": 1,
      "Plans": [
        {
          "Node Type": "Gather",
          "Parent Relationship": "Outer",
          "Parallel Aware": false,
          "Startup Cost": 1006.71,
          "Total Cost": 19412.99,
          "Plan Rows": 1,
          "Plan Width": 65,
          "Actual Startup Time": 22.559,
          "Actual Total Time": 1204.35,
          "Actual Rows": 9154,
          "Actual Loops": 1,
          "Workers Planned": 2,
          "Workers Launched": 2,
          "Single Copy": false,
          "Plans": [
            {
              "Node Type": "Nested Loop",
              "Parent Relationship": "Outer",
              "Parallel Aware": false,
              "Join Type": "Inner",
              "Startup Cost": 6.71,
              "Total Cost": 18412.89,
              "Plan Rows": 1,
              "Plan Width": 65,
              "Actual Startup Time": 28.567,
              "Actual Total Time": 1103.174,
              "Actual Rows": 3051,
              "Actual Loops": 3,
              "Inner Unique": true,
              "Plans": [
                {
                  "Node Type": "Nested Loop",
                  "Parent Relationship": "Outer",
                  "Parallel Aware": false,
                  "Join Type": "Inner",
                  "Startup Cost": 6.28,
                  "Total Cost": 18412.37,
                  "Plan Rows": 1,
                  "Plan Width": 69,
                  "Actual Startup Time": 26.236,
                  "Actual Total Time": 1048.889,
                  "Actual Rows": 4714,
                  "Actual Loops": 3,
                  "Inner Unique": false,
                  "Join Filter": "(t.id = ci.movie_id)",
                  "Rows Removed by Join Filter": 0,
                  "Plans": [
                    {
                      "Node Type": "Hash Join",
                      "Parent Relationship": "Outer",
                      "Parallel Aware": false,
                      "Join Type": "Inner",
                      "Startup Cost": 5.72,
                      "Total Cost": 18408.01,
                      "Plan Rows": 1,
                      "Plan Width": 77,
                      "Actual Startup Time": 13.001,
                      "Actual Total Time": 898.512,
                      "Actual Rows": 707,
                      "Actual Loops": 3,
                      "Inner Unique": true,
                      "Hash Cond": "(mi.info_type_id = it1.id)",
                      "Plans": [
                        {
                          "Node Type": "Nested Loop",
                          "Parent Relationship": "Outer",
                          "Parallel Aware": false,
                          "Join Type": "Inner",
                          "Startup Cost": 3.29,
                          "Total Cost": 18405.5,
                          "Plan Rows": 30,
                          "Plan Width": 81,
                          "Actual Startup Time": 12.56,
                          "Actual Total Time": 897.583,
                          "Actual Rows": 719,
                          "Actual Loops": 3,
                          "Inner Unique": false,
                          "Join Filter": "(t.id = mi.movie_id)",
                          "Rows Removed by Join Filter": 0,
                          "Plans": [
                            {
                              "Node Type": "Nested Loop",
                              "Parent Relationship": "Outer",
                              "Parallel Aware": false,
                              "Join Type": "Inner",
                              "Startup Cost": 2.86,
                              "Total Cost": 17259.9,
                              "Plan Rows": 393,
                              "Plan Width": 30,
                              "Actual Startup Time": 0.861,
                              "Actual Total Time": 458.543,
                              "Actual Rows": 27665,
                              "Actual Loops": 3,
                              "Inner Unique": true,
                              "Plans": [
                                {
                                  "Node Type": "Hash Join",
                                  "Parent Relationship": "Outer",
                                  "Parallel Aware": false,
                                  "Join Type": "Inner",
                                  "Startup Cost": 2.43,
                                  "Total Cost": 15720.73,
                                  "Plan Rows": 1935,
                                  "Plan Width": 9,
                                  "Actual Startup Time": 0.157,
                                  "Actual Total Time": 108.798,
                                  "Actual Rows": 120082,
                                  "Actual Loops": 3,
                                  "Inner Unique": true,
                                  "Hash Cond": "(mi_idx.info_type_id = it2.id)",
                                  "Plans": [
                                    {
                                      "Node Type": "Seq Scan",
                                      "Parent Relationship": "Outer",
                                      "Parallel Aware": true,
                                      "Relation Name": "movie_info_idx",
                                      "Alias": "mi_idx",
                                      "Startup Cost": 0.0,
                                      "Total Cost": 15122.68,
                                      "Plan Rows": 218703,
                                      "Plan Width": 13,
                                      "Actual Startup Time": 0.05,
                                      "Actual Total Time": 72.784,
                                      "Actual Rows": 175425,
                                      "Actual Loops": 3,
                                      "Filter": "(info > '5'::text)",
                                      "Rows Removed by Filter": 284586
                                    },
                                    {
                                      "Node Type": "Hash",
                                      "Parent Relationship": "Inner",
                                      "Parallel Aware": false,
                                      "Startup Cost": 2.41,
                                      "Total Cost": 2.41,
                                      "Plan Rows": 1,
                                      "Plan Width": 4,
                                      "Actual Startup Time": 0.054,
                                      "Actual Total Time": 0.056,
                                      "Actual Rows": 1,
                                      "Actual Loops": 3,
                                      "Hash Buckets": 1024,
                                      "Original Hash Buckets": 1024,
                                      "Hash Batches": 1,
                                      "Original Hash Batches": 1,
                                      "Peak Memory Usage": 9,
                                      "Plans": [
                                        {
                                          "Node Type": "Seq Scan",
                                          "Parent Relationship": "Outer",
                                          "Parallel Aware": false,
                                          "Relation Name": "info_type",
                                          "Alias": "it2",
                                          "Startup Cost": 0.0,
                                          "Total Cost": 2.41,
                                          "Plan Rows": 1,
                                          "Plan Width": 4,
                                          "Actual Startup Time": 0.036,
                                          "Actual Total Time": 0.04,
                                          "Actual Rows": 1,
                                          "Actual Loops": 3,
                                          "Filter": "((info)::text = 'rating'::text)",
                                          "Rows Removed by Filter": 112
                                        }
                                      ]
                                    }
                                  ]
                                },
                                {
                                  "Node Type": "Index Scan",
                                  "Parent Relationship": "Inner",
                                  "Parallel Aware": false,
                                  "Scan Direction": "Forward",
                                  "Index Name": "title_pkey",
                                  "Relation Name": "title",
                                  "Alias": "t",
                                  "Startup Cost": 0.43,
                                  "Total Cost": 0.8,
                                  "Plan Rows": 1,
                                  "Plan Width": 21,
                                  "Actual Startup Time": 0.003,
                                  "Actual Total Time": 0.003,
                                  "Actual Rows": 0,
                                  "Actual Loops": 360246,
                                  "Index Cond": "(id = mi_idx.movie_id)",
                                  "Rows Removed by Index Recheck": 0,
                                  "Filter": "((production_year >= 1996) AND (production_year <= 2004))",
                                  "Rows Removed by Filter": 1
                                }
                              ]
                            },
                            {
                              "Node Type": "Index Scan",
                              "Parent Relationship": "Inner",
                              "Parallel Aware": false,
                              "Scan Direction": "Forward",
                              "Index Name": "movie_id_movie_info",
                              "Relation Name": "movie_info",
                              "Alias": "mi",
                              "Startup Cost": 0.43,
                              "Total Cost": 2.9,
                              "Plan Rows": 1,
                              "Plan Width": 51,
                              "Actual Startup Time": 0.016,
                              "Actual Total Time": 0.016,
                              "Actual Rows": 0,
                              "Actual Loops": 82996,
                              "Index Cond": "(movie_id = mi_idx.movie_id)",
                              "Rows Removed by Index Recheck": 0,
                              "Filter": "((note IS NULL) AND (info = ANY ('{Sci-Fi,Western}'::text[])))",
                              "Rows Removed by Filter": 16
                            }
                          ]
                        },
                        {
                          "Node Type": "Hash",
                          "Parent Relationship": "Inner",
                          "Parallel Aware": false,
                          "Startup Cost": 2.41,
                          "Total Cost": 2.41,
                          "Plan Rows": 1,
                          "Plan Width": 4,
                          "Actual Startup Time": 0.093,
                          "Actual Total Time": 0.094,
                          "Actual Rows": 1,
                          "Actual Loops": 3,
                          "Hash Buckets": 1024,
                          "Original Hash Buckets": 1024,
                          "Hash Batches": 1,
                          "Original Hash Batches": 1,
                          "Peak Memory Usage": 9,
                          "Plans": [
                            {
                              "Node Type": "Seq Scan",
                              "Parent Relationship": "Outer",
                              "Parallel Aware": false,
                              "Relation Name": "info_type",
                              "Alias": "it1",
                              "Startup Cost": 0.0,
                              "Total Cost": 2.41,
                              "Plan Rows": 1,
                              "Plan Width": 4,
                              "Actual Startup Time": 0.055,
                              "Actual Total Time": 0.074,
                              "Actual Rows": 1,
                              "Actual Loops": 3,
                              "Filter": "((info)::text = 'genres'::text)",
                              "Rows Removed by Filter": 112
                            }
                          ]
                        }
                      ]
                    },
                    {
                      "Node Type": "Index Scan",
                      "Parent Relationship": "Inner",
                      "Parallel Aware": false,
                      "Scan Direction": "Forward",
                      "Index Name": "movie_id_cast_info",
                      "Relation Name": "cast_info",
                      "Alias": "ci",
                      "Startup Cost": 0.56,
                      "Total Cost": 4.31,
                      "Plan Rows": 4,
                      "Plan Width": 8,
                      "Actual Startup Time": 0.073,
                      "Actual Total Time": 0.21,
                      "Actual Rows": 7,
                      "Actual Loops": 2120,
                      "Index Cond": "(movie_id = mi_idx.movie_id)",
                      "Rows Removed by Index Recheck": 0,
                      "Filter": "(note = ANY ('{(voice),\"(executive producer)\",(uncredited),(writer),(producer)}'::text[]))",
                      "Rows Removed by Filter": 38
                    }
                  ]
                },
                {
                  "Node Type": "Index Scan",
                  "Parent Relationship": "Inner",
                  "Parallel Aware": false,
                  "Scan Direction": "Forward",
                  "Index Name": "name_pkey",
                  "Relation Name": "name",
                  "Alias": "n",
                  "Startup Cost": 0.43,
                  "Total Cost": 0.51,
                  "Plan Rows": 1,
                  "Plan Width": 4,
                  "Actual Startup Time": 0.011,
                  "Actual Total Time": 0.011,
                  "Actual Rows": 1,
                  "Actual Loops": 14141,
                  "Index Cond": "(id = ci.person_id)",
                  "Rows Removed by Index Recheck": 0,
                  "Filter": "((gender IS NOT NULL) AND ((gender)::text = 'm'::text))",
                  "Rows Removed by Filter": 0
                }
              ]
            }
          ]
        }
      ]
    },
    "Planning Time": 13.341,
    "Triggers": [],
    "Execution Time": 1207.004
  }
]