[
  {
    "Plan": {
      "Node Type": "Aggregate",
      "Strategy": "Plain",
      "Partial Mode": "Finalize",
      "Parallel Aware": false,
      "Startup Cost": 347851.29,
      "Total Cost": 347851.3,
      "Plan Rows": 1,
      "Plan Width": 8,
      "Actual Startup Time": 661.597,
      "Actual Total Time": 725.536,
      "Actual Rows": 1,
      "Actual Loops": 1,
      "Plans": [
        {
          "Node Type": "Gather",
          "Parent Relationship": "Outer",
          "Parallel Aware": false,
          "Startup Cost": 347850.67,
          "Total Cost": 347851.28,
          "Plan Rows": 6,
          "Plan Width": 8,
          "Actual Startup Time": 661.46,
          "Actual Total Time": 725.526,
          "Actual Rows": 7,
          "Actual Loops": 1,
          "Workers Planned": 6,
          "Workers Launched": 6,
          "Single Copy": false,
          "Plans": [
            {
              "Node Type": "Aggregate",
              "Strategy": "Plain",
              "Partial Mode": "Partial",
              "Parent Relationship": "Outer",
              "Parallel Aware": false,
              "Startup Cost": 346850.67,
              "Total Cost": 346850.68,
              "Plan Rows": 1,
              "Plan Width": 8,
              "Actual Startup Time": 652.599,
              "Actual Total Time": 652.6,
              "Actual Rows": 1,
              "Actual Loops": 7,
              "Plans": [
                {
                  "Node Type": "Seq Scan",
                  "Parent Relationship": "Outer",
                  "Parallel Aware": true,
                  "Relation Name": "cast_info",
                  "Alias": "ci",
                  "Startup Cost": 0.0,
                  "Total Cost": 343257.03,
                  "Plan Rows": 1437456,
                  "Plan Width": 0,
                  "Actual Startup Time": 0.049,
                  "Actual Total Time": 594.979,
                  "Actual Rows": 1397227,
                  "Actual Loops": 7,
                  "Filter": "((person_id < 1068138) AND (role_id < 8))",
                  "Rows Removed by Filter": 3780537
                }
              ]
            }
          ]
        }
      ]
    },
    "Planning Time": 0.226,
    "Triggers": [],
    "Execution Time": 725.605
  }
]