{
    "Plan": {
        "Node Type": "Aggregate",
        "Strategy": "Plain",
        "Partial Mode": "Finalize",
        "Parallel Aware": false,
        "Startup Cost": 149932.69,
        "Total Cost": 149932.7,
        "Plan Rows": 1,
        "Plan Width": 8,
        "Actual Startup Time": 409.717,
        "Actual Total Time": 445.99,
        "Actual Rows": 1,
        "Actual Loops": 1,
        "Output": [
            "count(*)"
        ],
        "Plans": [
            {
                "Node Type": "Gather",
                "Parent Relationship": "Outer",
                "Parallel Aware": false,
                "Startup Cost": 149932.37,
                "Total Cost": 149932.68,
                "Plan Rows": 3,
                "Plan Width": 8,
                "Actual Startup Time": 409.216,
                "Actual Total Time": 445.981,
                "Actual Rows": 4,
                "Actual Loops": 1,
                "Output": [
                    "(PARTIAL count(*))"
                ],
                "Workers Planned": 3,
                "Workers Launched": 3,
                "Single Copy": false,
                "Plans": [
                    {
                        "Node Type": "Aggregate",
                        "Strategy": "Plain",
                        "Partial Mode": "Partial",
                        "Parent Relationship": "Outer",
                        "Parallel Aware": false,
                        "Startup Cost": 148932.37,
                        "Total Cost": 148932.38,
                        "Plan Rows": 1,
                        "Plan Width": 8,
                        "Actual Startup Time": 399.912,
                        "Actual Total Time": 399.916,
                        "Actual Rows": 1,
                        "Actual Loops": 4,
                        "Output": [
                            "PARTIAL count(*)"
                        ],
                        "Workers": [
                            {
                                "Worker Number": 0,
                                "Actual Startup Time": 396.891,
                                "Actual Total Time": 396.893,
                                "Actual Rows": 1,
                                "Actual Loops": 1
                            },
                            {
                                "Worker Number": 1,
                                "Actual Startup Time": 397.053,
                                "Actual Total Time": 397.056,
                                "Actual Rows": 1,
                                "Actual Loops": 1
                            },
                            {
                                "Worker Number": 2,
                                "Actual Startup Time": 397.275,
                                "Actual Total Time": 397.278,
                                "Actual Rows": 1,
                                "Actual Loops": 1
                            }
                        ],
                        "Plans": [
                            {
                                "Node Type": "Nested Loop",
                                "Parent Relationship": "Outer",
                                "Parallel Aware": false,
                                "Join Type": "Inner",
                                "Startup Cost": 44109.14,
                                "Total Cost": 148710.54,
                                "Plan Rows": 88733,
                                "Plan Width": 0,
                                "Actual Startup Time": 104.683,
                                "Actual Total Time": 396.882,
                                "Actual Rows": 59790,
                                "Actual Loops": 4,
                                "Inner Unique": false,
                                "Join Filter": "(t.id = mi.movie_id)",
                                "Rows Removed by Join Filter": 0,
                                "Workers": [
                                    {
                                        "Worker Number": 0,
                                        "Actual Startup Time": 101.42,
                                        "Actual Total Time": 393.955,
                                        "Actual Rows": 56433,
                                        "Actual Loops": 1
                                    },
                                    {
                                        "Worker Number": 1,
                                        "Actual Startup Time": 101.875,
                                        "Actual Total Time": 393.952,
                                        "Actual Rows": 60629,
                                        "Actual Loops": 1
                                    },
                                    {
                                        "Worker Number": 2,
                                        "Actual Startup Time": 102.748,
                                        "Actual Total Time": 394.459,
                                        "Actual Rows": 53711,
                                        "Actual Loops": 1
                                    }
                                ],
                                "Plans": [
                                    {
                                        "Node Type": "Hash Join",
                                        "Parent Relationship": "Outer",
                                        "Parallel Aware": true,
                                        "Join Type": "Inner",
                                        "Startup Cost": 44108.71,
                                        "Total Cost": 86986.79,
                                        "Plan Rows": 38731,
                                        "Plan Width": 8,
                                        "Actual Startup Time": 104.591,
                                        "Actual Total Time": 287.45,
                                        "Actual Rows": 11056,
                                        "Actual Loops": 4,
                                        "Output": [
                                            "t.id",
                                            "mk.movie_id"
                                        ],
                                        "Inner Unique": true,
                                        "Hash Cond": "(mk.movie_id = t.id)",
                                        "Workers": [
                                            {
                                                "Worker Number": 0,
                                                "Actual Startup Time": 101.318,
                                                "Actual Total Time": 279.757,
                                                "Actual Rows": 10863,
                                                "Actual Loops": 1
                                            },
                                            {
                                                "Worker Number": 1,
                                                "Actual Startup Time": 101.764,
                                                "Actual Total Time": 278.374,
                                                "Actual Rows": 10790,
                                                "Actual Loops": 1
                                            },
                                            {
                                                "Worker Number": 2,
                                                "Actual Startup Time": 102.634,
                                                "Actual Total Time": 279.214,
                                                "Actual Rows": 9532,
                                                "Actual Loops": 1
                                            }
                                        ],
                                        "Plans": [
                                            {
                                                "Node Type": "Seq Scan",
                                                "Parent Relationship": "Outer",
                                                "Parallel Aware": true,
                                                "Relation Name": "movie_keyword",
                                                "Schema": "public",
                                                "Alias": "mk",
                                                "Startup Cost": 0.0,
                                                "Total Cost": 39047.32,
                                                "Plan Rows": 1459332,
                                                "Plan Width": 4,
                                                "Actual Startup Time": 0.014,
                                                "Actual Total Time": 98.284,
                                                "Actual Rows": 1130982,
                                                "Actual Loops": 4,
                                                "Output": [
                                                    "mk.id",
                                                    "mk.movie_id",
                                                    "mk.keyword_id"
                                                ],
                                                "Workers": [
                                                    {
                                                        "Worker Number": 0,
                                                        "Actual Startup Time": 0.017,
                                                        "Actual Total Time": 98.875,
                                                        "Actual Rows": 1060730,
                                                        "Actual Loops": 1
                                                    },
                                                    {
                                                        "Worker Number": 1,
                                                        "Actual Startup Time": 0.024,
                                                        "Actual Total Time": 97.627,
                                                        "Actual Rows": 1061900,
                                                        "Actual Loops": 1
                                                    },
                                                    {
                                                        "Worker Number": 2,
                                                        "Actual Startup Time": 0.007,
                                                        "Actual Total Time": 99.013,
                                                        "Actual Rows": 1016205,
                                                        "Actual Loops": 1
                                                    }
                                                ]
                                            },
                                            {
                                                "Node Type": "Hash",
                                                "Parent Relationship": "Inner",
                                                "Parallel Aware": true,
                                                "Startup Cost": 43899.01,
                                                "Total Cost": 43899.01,
                                                "Plan Rows": 16776,
                                                "Plan Width": 4,
                                                "Actual Startup Time": 102.369,
                                                "Actual Total Time": 102.37,
                                                "Actual Rows": 16836,
                                                "Actual Loops": 4,
                                                "Output": [
                                                    "t.id"
                                                ],
                                                "Hash Buckets": 131072,
                                                "Original Hash Buckets": 131072,
                                                "Hash Batches": 1,
                                                "Original Hash Batches": 1,
                                                "Peak Memory Usage": 3712,
                                                "Workers": [
                                                    {
                                                        "Worker Number": 0,
                                                        "Actual Startup Time": 100.645,
                                                        "Actual Total Time": 100.646,
                                                        "Actual Rows": 14557,
                                                        "Actual Loops": 1
                                                    },
                                                    {
                                                        "Worker Number": 1,
                                                        "Actual Startup Time": 100.882,
                                                        "Actual Total Time": 100.882,
                                                        "Actual Rows": 15181,
                                                        "Actual Loops": 1
                                                    },
                                                    {
                                                        "Worker Number": 2,
                                                        "Actual Startup Time": 101.069,
                                                        "Actual Total Time": 101.07,
                                                        "Actual Rows": 14698,
                                                        "Actual Loops": 1
                                                    }
                                                ],
                                                "Plans": [
                                                    {
                                                        "Node Type": "Seq Scan",
                                                        "Parent Relationship": "Outer",
                                                        "Parallel Aware": true,
                                                        "Relation Name": "title",
                                                        "Schema": "public",
                                                        "Alias": "t",
                                                        "Startup Cost": 0.0,
                                                        "Total Cost": 43899.01,
                                                        "Plan Rows": 16776,
                                                        "Plan Width": 4,
                                                        "Actual Startup Time": 0.073,
                                                        "Actual Total Time": 94.595,
                                                        "Actual Rows": 16836,
                                                        "Actual Loops": 4,
                                                        "Output": [
                                                            "t.id"
                                                        ],
                                                        "Filter": "(t.production_year > 2012)",
                                                        "Rows Removed by Filter": 615242,
                                                        "Workers": [
                                                            {
                                                                "Worker Number": 0,
                                                                "Actual Startup Time": 0.072,
                                                                "Actual Total Time": 92.824,
                                                                "Actual Rows": 14557,
                                                                "Actual Loops": 1
                                                            },
                                                            {
                                                                "Worker Number": 1,
                                                                "Actual Startup Time": 0.073,
                                                                "Actual Total Time": 93.325,
                                                                "Actual Rows": 15181,
                                                                "Actual Loops": 1
                                                            },
                                                            {
                                                                "Worker Number": 2,
                                                                "Actual Startup Time": 0.074,
                                                                "Actual Total Time": 93.669,
                                                                "Actual Rows": 14698,
                                                                "Actual Loops": 1
                                                            }
                                                        ]
                                                    }
                                                ]
                                            }
                                        ]
                                    },
                                    {
                                        "Node Type": "Index Scan",
                                        "Parent Relationship": "Inner",
                                        "Parallel Aware": false,
                                        "Scan Direction": "Forward",
                                        "Index Name": "movie_id_movie_info",
                                        "Relation Name": "movie_info",
                                        "Schema": "public",
                                        "Alias": "mi",
                                        "Startup Cost": 0.43,
                                        "Total Cost": 1.41,
                                        "Plan Rows": 15,
                                        "Plan Width": 4,
                                        "Actual Startup Time": 0.003,
                                        "Actual Total Time": 0.009,
                                        "Actual Rows": 5,
                                        "Actual Loops": 44223,
                                        "Output": [
                                            "mi.id",
                                            "mi.movie_id",
                                            "mi.info_type_id",
                                            "mi.info",
                                            "mi.note"
                                        ],
                                        "Index Cond": "(mi.movie_id = mk.movie_id)",
                                        "Rows Removed by Index Recheck": 0,
                                        "Filter": "(mi.info_type_id < 7)",
                                        "Rows Removed by Filter": 16,
                                        "Workers": [
                                            {
                                                "Worker Number": 0,
                                                "Actual Startup Time": 0.004,
                                                "Actual Total Time": 0.01,
                                                "Actual Rows": 5,
                                                "Actual Loops": 10863
                                            },
                                            {
                                                "Worker Number": 1,
                                                "Actual Startup Time": 0.004,
                                                "Actual Total Time": 0.01,
                                                "Actual Rows": 6,
                                                "Actual Loops": 10790
                                            },
                                            {
                                                "Worker Number": 2,
                                                "Actual Startup Time": 0.004,
                                                "Actual Total Time": 0.011,
                                                "Actual Rows": 6,
                                                "Actual Loops": 9532
                                            }
                                        ]
                                    }
                                ]
                            }
                        ]
                    }
                ]
            }
        ]
    },
    "Planning Time": 1.571,
    "Triggers": [],
    "Execution Time": 446.122
}