[
    {
        "Bao": {
            "Bao prediction": "NaN",
            "Bao recommended hint": "(no hint)"
        }
    },
    {
        "Plan": {
            "Node Type": "Aggregate",
            "Strategy": "Plain",
            "Partial Mode": "Finalize",
            "Parallel Aware": false,
            "Startup Cost": 29137.45,
            "Total Cost": 29137.46,
            "Plan Rows": 1,
            "Plan Width": 8,
            "Actual Startup Time": 67.061,
            "Actual Total Time": 72.459,
            "Actual Rows": 1,
            "Actual Loops": 1,
            "Output": [
                "count(*)"
            ],
            "Plans": [
                {
                    "Node Type": "Gather",
                    "Parent Relationship": "Outer",
                    "Parallel Aware": false,
                    "Startup Cost": 29137.13,
                    "Total Cost": 29137.44,
                    "Plan Rows": 3,
                    "Plan Width": 8,
                    "Actual Startup Time": 66.73,
                    "Actual Total Time": 72.452,
                    "Actual Rows": 4,
                    "Actual Loops": 1,
                    "Output": [
                        "(PARTIAL count(*))"
                    ],
                    "Workers Planned": 3,
                    "Workers Launched": 3,
                    "Single Copy": false,
                    "Plans": [
                        {
                            "Node Type": "Aggregate",
                            "Strategy": "Plain",
                            "Partial Mode": "Partial",
                            "Parent Relationship": "Outer",
                            "Parallel Aware": false,
                            "Startup Cost": 28137.13,
                            "Total Cost": 28137.14,
                            "Plan Rows": 1,
                            "Plan Width": 8,
                            "Actual Startup Time": 57.817,
                            "Actual Total Time": 57.819,
                            "Actual Rows": 1,
                            "Actual Loops": 4,
                            "Output": [
                                "PARTIAL count(*)"
                            ],
                            "Workers": [
                                {
                                    "Worker Number": 0,
                                    "Actual Startup Time": 54.836,
                                    "Actual Total Time": 54.838,
                                    "Actual Rows": 1,
                                    "Actual Loops": 1
                                },
                                {
                                    "Worker Number": 1,
                                    "Actual Startup Time": 55.045,
                                    "Actual Total Time": 55.046,
                                    "Actual Rows": 1,
                                    "Actual Loops": 1
                                },
                                {
                                    "Worker Number": 2,
                                    "Actual Startup Time": 54.977,
                                    "Actual Total Time": 54.978,
                                    "Actual Rows": 1,
                                    "Actual Loops": 1
                                }
                            ],
                            "Plans": [
                                {
                                    "Node Type": "Bitmap Heap Scan",
                                    "Parent Relationship": "Outer",
                                    "Parallel Aware": true,
                                    "Relation Name": "movie_keyword",
                                    "Schema": "public",
                                    "Alias": "mk",
                                    "Startup Cost": 2999.45,
                                    "Total Cost": 28023.18,
                                    "Plan Rows": 45578,
                                    "Plan Width": 0,
                                    "Actual Startup Time": 10.12,
                                    "Actual Total Time": 55.294,
                                    "Actual Rows": 33458,
                                    "Actual Loops": 4,
                                    "Recheck Cond": "(mk.keyword_id > 75817)",
                                    "Rows Removed by Index Recheck": 0,
                                    "Exact Heap Blocks": 11747,
                                    "Lossy Heap Blocks": 0,
                                    "Workers": [
                                        {
                                            "Worker Number": 0,
                                            "Actual Startup Time": 7.234,
                                            "Actual Total Time": 52.847,
                                            "Actual Rows": 15415,
                                            "Actual Loops": 1
                                        },
                                        {
                                            "Worker Number": 1,
                                            "Actual Startup Time": 7.47,
                                            "Actual Total Time": 52.878,
                                            "Actual Rows": 19320,
                                            "Actual Loops": 1
                                        },
                                        {
                                            "Worker Number": 2,
                                            "Actual Startup Time": 7.302,
                                            "Actual Total Time": 52.807,
                                            "Actual Rows": 16280,
                                            "Actual Loops": 1
                                        }
                                    ],
                                    "Plans": [
                                        {
                                            "Node Type": "Bitmap Index Scan",
                                            "Parent Relationship": "Outer",
                                            "Parallel Aware": false,
                                            "Index Name": "keyword_id_movie_keyword",
                                            "Startup Cost": 0.0,
                                            "Total Cost": 2964.13,
                                            "Plan Rows": 141293,
                                            "Plan Width": 0,
                                            "Actual Startup Time": 13.802,
                                            "Actual Total Time": 13.803,
                                            "Actual Rows": 133833,
                                            "Actual Loops": 1,
                                            "Index Cond": "(mk.keyword_id > 75817)"
                                        }
                                    ]
                                }
                            ]
                        }
                    ]
                }
            ]
        },
        "Planning Time": 177.929,
        "Triggers": [],
        "Execution Time": 72.526
    }
]