{
  "Plan": {
    "Node Type": "Aggregate",
    "Strategy": "Plain",
    "Partial Mode": "Finalize",
    "Parallel Aware": false,
    "Startup Cost": 692503.41,
    "Total Cost": 692503.42,
    "Plan Rows": 1,
    "Plan Width": 8,
    "Actual Startup Time": 6212.693,
    "Actual Total Time": 6279.61,
    "Actual Rows": 1,
    "Actual Loops": 1,
    "Plans": [
      {
        "Node Type": "Gather",
        "Parent Relationship": "Outer",
        "Parallel Aware": false,
        "Startup Cost": 692503.3,
        "Total Cost": 692503.41,
        "Plan Rows": 1,
        "Plan Width": 8,
        "Actual Startup Time": 6208.885,
        "Actual Total Time": 6279.594,
        "Actual Rows": 2,
        "Actual Loops": 1,
        "Workers Planned": 1,
        "Workers Launched": 1,
        "Single Copy": false,
        "Plans": [
          {
            "Node Type": "Aggregate",
            "Strategy": "Plain",
            "Partial Mode": "Partial",
            "Parent Relationship": "Outer",
            "Parallel Aware": false,
            "Startup Cost": 691503.3,
            "Total Cost": 691503.31,
            "Plan Rows": 1,
            "Plan Width": 8,
            "Actual Startup Time": 6200.195,
            "Actual Total Time": 6200.199,
            "Actual Rows": 1,
            "Actual Loops": 2,
            "Plans": [
              {
                "Node Type": "Hash Join",
                "Parent Relationship": "Outer",
                "Parallel Aware": true,
                "Join Type": "Inner",
                "Startup Cost": 113917.27,
                "Total Cost": 688043.0,
                "Plan Rows": 1384122,
                "Plan Width": 0,
                "Actual Startup Time": 523.67,
                "Actual Total Time": 6016.809,
                "Actual Rows": 4316688,
                "Actual Loops": 2,
                "Inner Unique": false,
                "Hash Cond": "(t.id = mc.movie_id)",
                "Plans": [
                  {
                    "Node Type": "Hash Join",
                    "Parent Relationship": "Outer",
                    "Parallel Aware": true,
                    "Join Type": "Inner",
                    "Startup Cost": 63844.83,
                    "Total Cost": 610360.47,
                    "Plan Rows": 3114910,
                    "Plan Width": 8,
                    "Actual Startup Time": 232.391,
                    "Actual Total Time": 4197.441,
                    "Actual Rows": 3116581,
                    "Actual Loops": 2,
                    "Inner Unique": true,
                    "Hash Cond": "(ci.movie_id = t.id)",
                    "Plans": [
                      {
                        "Node Type": "Seq Scan",
                        "Parent Relationship": "Outer",
                        "Parallel Aware": true,
                        "Relation Name": "cast_info",
                        "Alias": "ci",
                        "Startup Cost": 0.0,
                        "Total Cost": 519069.44,
                        "Plan Rows": 10455678,
                        "Plan Width": 4,
                        "Actual Startup Time": 0.016,
                        "Actual Total Time": 1440.002,
                        "Actual Rows": 8909593,
                        "Actual Loops": 2,
                        "Filter": "(person_id < 1765386)",
                        "Rows Removed by Filter": 9212579
                      },
                      {
                        "Node Type": "Hash",
                        "Parent Relationship": "Inner",
                        "Parallel Aware": true,
                        "Startup Cost": 58306.47,
                        "Total Cost": 58306.47,
                        "Plan Rows": 443069,
                        "Plan Width": 4,
                        "Actual Startup Time": 229.296,
                        "Actual Total Time": 229.297,
                        "Actual Rows": 396972,
                        "Actual Loops": 2,
                        "Hash Buckets": 1048576,
                        "Original Hash Buckets": 1048576,
                        "Hash Batches": 1,
                        "Original Hash Batches": 1,
                        "Peak Memory Usage": 39296,
                        "Plans": [
                          {
                            "Node Type": "Seq Scan",
                            "Parent Relationship": "Outer",
                            "Parallel Aware": true,
                            "Relation Name": "title",
                            "Alias": "t",
                            "Startup Cost": 0.0,
                            "Total Cost": 58306.47,
                            "Plan Rows": 443069,
                            "Plan Width": 4,
                            "Actual Startup Time": 0.017,
                            "Actual Total Time": 139.648,
                            "Actual Rows": 396972,
                            "Actual Loops": 2,
                            "Filter": "((kind_id < 7) AND (production_year < 2010))",
                            "Rows Removed by Filter": 867184
                          }
                        ]
                      }
                    ]
                  },
                  {
                    "Node Type": "Hash",
                    "Parent Relationship": "Inner",
                    "Parallel Aware": true,
                    "Startup Cost": 41811.73,
                    "Total Cost": 41811.73,
                    "Plan Rows": 660857,
                    "Plan Width": 4,
                    "Actual Startup Time": 276.996,
                    "Actual Total Time": 276.996,
                    "Actual Rows": 620986,
                    "Actual Loops": 2,
                    "Hash Buckets": 2097152,
                    "Original Hash Buckets": 2097152,
                    "Hash Batches": 1,
                    "Original Hash Batches": 1,
                    "Peak Memory Usage": 64992,
                    "Plans": [
                      {
                        "Node Type": "Seq Scan",
                        "Parent Relationship": "Outer",
                        "Parallel Aware": true,
                        "Relation Name": "movie_companies",
                        "Alias": "mc",
                        "Startup Cost": 0.0,
                        "Total Cost": 41811.73,
                        "Plan Rows": 660857,
                        "Plan Width": 4,
                        "Actual Startup Time": 64.32,
                        "Actual Total Time": 140.221,
                        "Actual Rows": 620986,
                        "Actual Loops": 2,
                        "Filter": "((company_id > 239) AND (company_type_id = 2))",
                        "Rows Removed by Filter": 683578
                      }
                    ]
                  }
                ]
              }
            ]
          }
        ]
      }
    ]
  },
  "Planning Time": 1.028,
  "Triggers": [],
  "Execution Time": 6279.709
}