[
  {
    "Plan": {
      "Node Type": "Aggregate",
      "Strategy": "Plain",
      "Partial Mode": "Finalize",
      "Parallel Aware": false,
      "Startup Cost": 33393.5,
      "Total Cost": 33393.51,
      "Plan Rows": 1,
      "Plan Width": 8,
      "Actual Startup Time": 99.948,
      "Actual Total Time": 108.123,
      "Actual Rows": 1,
      "Actual Loops": 1,
      "Plans": [
        {
          "Node Type": "Gather",
          "Parent Relationship": "Outer",
          "Parallel Aware": false,
          "Startup Cost": 33393.18,
          "Total Cost": 33393.49,
          "Plan Rows": 3,
          "Plan Width": 8,
          "Actual Startup Time": 99.808,
          "Actual Total Time": 108.114,
          "Actual Rows": 4,
          "Actual Loops": 1,
          "Workers Planned": 3,
          "Workers Launched": 3,
          "Single Copy": false,
          "Plans": [
            {
              "Node Type": "Aggregate",
              "Strategy": "Plain",
              "Partial Mode": "Partial",
              "Parent Relationship": "Outer",
              "Parallel Aware": false,
              "Startup Cost": 32393.18,
              "Total Cost": 32393.19,
              "Plan Rows": 1,
              "Plan Width": 8,
              "Actual Startup Time": 93.164,
              "Actual Total Time": 93.165,
              "Actual Rows": 1,
              "Actual Loops": 4,
              "Plans": [
                {
                  "Node Type": "Seq Scan",
                  "Parent Relationship": "Outer",
                  "Parallel Aware": true,
                  "Relation Name": "movie_companies",
                  "Alias": "mc",
                  "Startup Cost": 0.0,
                  "Total Cost": 31414.82,
                  "Plan Rows": 391345,
                  "Plan Width": 0,
                  "Actual Startup Time": 46.821,
                  "Actual Total Time": 82.342,
                  "Actual Rows": 279532,
                  "Actual Loops": 4,
                  "Filter": "((company_id < 108804) AND (company_type_id = 2))",
                  "Rows Removed by Filter": 372750
                }
              ]
            }
          ]
        }
      ]
    },
    "Planning Time": 0.225,
    "Triggers": [],
    "Execution Time": 108.182
  }
]