[
  {
    "Plan": {
      "Node Type": "Aggregate",
      "Strategy": "Plain",
      "Partial Mode": "Finalize",
      "Parallel Aware": false,
      "Startup Cost": 127773.81,
      "Total Cost": 127773.82,
      "Plan Rows": 1,
      "Plan Width": 8,
      "Actual Startup Time": 882.858,
      "Actual Total Time": 907.193,
      "Actual Rows": 1,
      "Actual Loops": 1,
      "Plans": [
        {
          "Node Type": "Gather",
          "Parent Relationship": "Outer",
          "Parallel Aware": false,
          "Startup Cost": 127773.5,
          "Total Cost": 127773.81,
          "Plan Rows": 3,
          "Plan Width": 8,
          "Actual Startup Time": 872.636,
          "Actual Total Time": 907.182,
          "Actual Rows": 4,
          "Actual Loops": 1,
          "Workers Planned": 3,
          "Workers Launched": 3,
          "Single Copy": false,
          "Plans": [
            {
              "Node Type": "Aggregate",
              "Strategy": "Plain",
              "Partial Mode": "Partial",
              "Parent Relationship": "Outer",
              "Parallel Aware": false,
              "Startup Cost": 126773.5,
              "Total Cost": 126773.51,
              "Plan Rows": 1,
              "Plan Width": 8,
              "Actual Startup Time": 863.175,
              "Actual Total Time": 863.331,
              "Actual Rows": 1,
              "Actual Loops": 4,
              "Plans": [
                {
                  "Node Type": "Hash Join",
                  "Parent Relationship": "Outer",
                  "Parallel Aware": true,
                  "Join Type": "Inner",
                  "Startup Cost": 95117.18,
                  "Total Cost": 126208.7,
                  "Plan Rows": 225917,
                  "Plan Width": 0,
                  "Actual Startup Time": 571.892,
                  "Actual Total Time": 810.355,
                  "Actual Rows": 1315744,
                  "Actual Loops": 4,
                  "Inner Unique": false,
                  "Hash Cond": "(mc.movie_id = t.id)",
                  "Plans": [
                    {
                      "Node Type": "Seq Scan",
                      "Parent Relationship": "Outer",
                      "Parallel Aware": true,
                      "Relation Name": "movie_companies",
                      "Alias": "mc",
                      "Startup Cost": 0.0,
                      "Total Cost": 27206.55,
                      "Plan Rows": 841655,
                      "Plan Width": 4,
                      "Actual Startup Time": 0.018,
                      "Actual Total Time": 56.359,
                      "Actual Rows": 652282,
                      "Actual Loops": 4
                    },
                    {
                      "Node Type": "Hash",
                      "Parent Relationship": "Inner",
                      "Parallel Aware": true,
                      "Startup Cost": 92380.71,
                      "Total Cost": 92380.71,
                      "Plan Rows": 218918,
                      "Plan Width": 8,
                      "Actual Startup Time": 561.256,
                      "Actual Total Time": 561.41,
                      "Actual Rows": 166500,
                      "Actual Loops": 4,
                      "Hash Buckets": 1048576,
                      "Original Hash Buckets": 1048576,
                      "Hash Batches": 1,
                      "Original Hash Batches": 1,
                      "Peak Memory Usage": 34304,
                      "Plans": [
                        {
                          "Node Type": "Hash Join",
                          "Parent Relationship": "Outer",
                          "Parallel Aware": true,
                          "Join Type": "Inner",
                          "Startup Cost": 64615.58,
                          "Total Cost": 92380.71,
                          "Plan Rows": 218918,
                          "Plan Width": 8,
                          "Actual Startup Time": 389.752,
                          "Actual Total Time": 505.823,
                          "Actual Rows": 166500,
                          "Actual Loops": 4,
                          "Inner Unique": true,
                          "Hash Cond": "(mk.movie_id = t.id)",
                          "Plans": [
                            {
                              "Node Type": "Bitmap Heap Scan",
                              "Parent Relationship": "Outer",
                              "Parallel Aware": true,
                              "Relation Name": "movie_keyword",
                              "Alias": "mk",
                              "Startup Cost": 14395.93,
                              "Total Cost": 41586.4,
                              "Plan Rows": 218918,
                              "Plan Width": 4,
                              "Actual Startup Time": 43.673,
                              "Actual Total Time": 103.574,
                              "Actual Rows": 166500,
                              "Actual Loops": 4,
                              "Recheck Cond": "(keyword_id > 28168)",
                              "Rows Removed by Index Recheck": 0,
                              "Exact Heap Blocks": 6485,
                              "Lossy Heap Blocks": 0,
                              "Plans": [
                                {
                                  "Node Type": "Bitmap Index Scan",
                                  "Parent Relationship": "Outer",
                                  "Parallel Aware": false,
                                  "Index Name": "keyword_id_movie_keyword",
                                  "Startup Cost": 0.0,
                                  "Total Cost": 14226.27,
                                  "Plan Rows": 678645,
                                  "Plan Width": 0,
                                  "Actual Startup Time": 40.111,
                                  "Actual Total Time": 40.111,
                                  "Actual Rows": 665998,
                                  "Actual Loops": 1,
                                  "Index Cond": "(keyword_id > 28168)"
                                }
                              ]
                            },
                            {
                              "Node Type": "Hash",
                              "Parent Relationship": "Inner",
                              "Parallel Aware": true,
                              "Startup Cost": 42318.73,
                              "Total Cost": 42318.73,
                              "Plan Rows": 632073,
                              "Plan Width": 4,
                              "Actual Startup Time": 338.37,
                              "Actual Total Time": 338.37,
                              "Actual Rows": 632078,
                              "Actual Loops": 4,
                              "Hash Buckets": 4194304,
                              "Original Hash Buckets": 4194304,
                              "Hash Batches": 1,
                              "Original Hash Batches": 1,
                              "Peak Memory Usage": 131776,
                              "Plans": [
                                {
                                  "Node Type": "Seq Scan",
                                  "Parent Relationship": "Outer",
                                  "Parallel Aware": true,
                                  "Relation Name": "title",
                                  "Alias": "t",
                                  "Startup Cost": 0.0,
                                  "Total Cost": 42318.73,
                                  "Plan Rows": 632073,
                                  "Plan Width": 4,
                                  "Actual Startup Time": 0.037,
                                  "Actual Total Time": 95.097,
                                  "Actual Rows": 632078,
                                  "Actual Loops": 4
                                }
                              ]
                            }
                          ]
                        }
                      ]
                    }
                  ]
                }
              ]
            }
          ]
        }
      ]
    },
    "Planning Time": 1.459,
    "Triggers": [],
    "Execution Time": 907.299
  }
]