{
  "Plan": {
    "Node Type": "Aggregate",
    "Strategy": "Plain",
    "Partial Mode": "Finalize",
    "Parallel Aware": false,
    "Startup Cost": 671419.01,
    "Total Cost": 671419.02,
    "Plan Rows": 1,
    "Plan Width": 8,
    "Actual Startup Time": 3405.944,
    "Actual Total Time": 3472.17,
    "Actual Rows": 1,
    "Actual Loops": 1,
    "Plans": [
      {
        "Node Type": "Gather",
        "Parent Relationship": "Outer",
        "Parallel Aware": false,
        "Startup Cost": 671418.89,
        "Total Cost": 671419.0,
        "Plan Rows": 1,
        "Plan Width": 8,
        "Actual Startup Time": 3405.669,
        "Actual Total Time": 3472.159,
        "Actual Rows": 2,
        "Actual Loops": 1,
        "Workers Planned": 1,
        "Workers Launched": 1,
        "Single Copy": false,
        "Plans": [
          {
            "Node Type": "Aggregate",
            "Strategy": "Plain",
            "Partial Mode": "Partial",
            "Parent Relationship": "Outer",
            "Parallel Aware": false,
            "Startup Cost": 670418.89,
            "Total Cost": 670418.9,
            "Plan Rows": 1,
            "Plan Width": 8,
            "Actual Startup Time": 3399.64,
            "Actual Total Time": 3399.644,
            "Actual Rows": 1,
            "Actual Loops": 2,
            "Plans": [
              {
                "Node Type": "Hash Join",
                "Parent Relationship": "Outer",
                "Parallel Aware": true,
                "Join Type": "Inner",
                "Startup Cost": 58411.93,
                "Total Cost": 670205.76,
                "Plan Rows": 85252,
                "Plan Width": 0,
                "Actual Startup Time": 152.911,
                "Actual Total Time": 3393.964,
                "Actual Rows": 80482,
                "Actual Loops": 2,
                "Inner Unique": true,
                "Hash Cond": "(ci.movie_id = t.id)",
                "Plans": [
                  {
                    "Node Type": "Seq Scan",
                    "Parent Relationship": "Outer",
                    "Parallel Aware": true,
                    "Relation Name": "cast_info",
                    "Alias": "ci",
                    "Startup Cost": 0.0,
                    "Total Cost": 572345.93,
                    "Plan Rows": 15027748,
                    "Plan Width": 4,
                    "Actual Startup Time": 0.018,
                    "Actual Total Time": 2067.367,
                    "Actual Rows": 13925680,
                    "Actual Loops": 2,
                    "Filter": "((person_id < 2987614) AND (role_id < 10))",
                    "Rows Removed by Filter": 4196492
                  },
                  {
                    "Node Type": "Hash",
                    "Parent Relationship": "Inner",
                    "Parallel Aware": true,
                    "Startup Cost": 58306.47,
                    "Total Cost": 58306.47,
                    "Plan Rows": 8437,
                    "Plan Width": 4,
                    "Actual Startup Time": 151.814,
                    "Actual Total Time": 151.815,
                    "Actual Rows": 6104,
                    "Actual Loops": 2,
                    "Hash Buckets": 16384,
                    "Original Hash Buckets": 16384,
                    "Hash Batches": 1,
                    "Original Hash Batches": 1,
                    "Peak Memory Usage": 640,
                    "Plans": [
                      {
                        "Node Type": "Seq Scan",
                        "Parent Relationship": "Outer",
                        "Parallel Aware": true,
                        "Relation Name": "title",
                        "Alias": "t",
                        "Startup Cost": 0.0,
                        "Total Cost": 58306.47,
                        "Plan Rows": 8437,
                        "Plan Width": 4,
                        "Actual Startup Time": 0.397,
                        "Actual Total Time": 149.576,
                        "Actual Rows": 6104,
                        "Actual Loops": 2,
                        "Filter": "((kind_id < 7) AND (production_year = 1996))",
                        "Rows Removed by Filter": 1258052
                      }
                    ]
                  }
                ]
              }
            ]
          }
        ]
      }
    ]
  },
  "Planning Time": 0.497,
  "Triggers": [],
  "Execution Time": 3472.255
}