[
  {
    "Plan": {
      "Node Type": "Aggregate",
      "Strategy": "Plain",
      "Partial Mode": "Finalize",
      "Parallel Aware": false,
      "Startup Cost": 124905.62,
      "Total Cost": 124905.63,
      "Plan Rows": 1,
      "Plan Width": 8,
      "Actual Startup Time": 685.925,
      "Actual Total Time": 704.353,
      "Actual Rows": 1,
      "Actual Loops": 1,
      "Plans": [
        {
          "Node Type": "Gather",
          "Parent Relationship": "Outer",
          "Parallel Aware": false,
          "Startup Cost": 124905.3,
          "Total Cost": 124905.61,
          "Plan Rows": 3,
          "Plan Width": 8,
          "Actual Startup Time": 681.43,
          "Actual Total Time": 704.342,
          "Actual Rows": 4,
          "Actual Loops": 1,
          "Workers Planned": 3,
          "Workers Launched": 3,
          "Single Copy": false,
          "Plans": [
            {
              "Node Type": "Aggregate",
              "Strategy": "Plain",
              "Partial Mode": "Partial",
              "Parent Relationship": "Outer",
              "Parallel Aware": false,
              "Startup Cost": 123905.3,
              "Total Cost": 123905.31,
              "Plan Rows": 1,
              "Plan Width": 8,
              "Actual Startup Time": 671.813,
              "Actual Total Time": 672.055,
              "Actual Rows": 1,
              "Actual Loops": 4,
              "Plans": [
                {
                  "Node Type": "Hash Join",
                  "Parent Relationship": "Outer",
                  "Parallel Aware": true,
                  "Join Type": "Inner",
                  "Startup Cost": 78690.92,
                  "Total Cost": 123558.02,
                  "Plan Rows": 138914,
                  "Plan Width": 0,
                  "Actual Startup Time": 388.936,
                  "Actual Total Time": 635.98,
                  "Actual Rows": 872002,
                  "Actual Loops": 4,
                  "Inner Unique": false,
                  "Hash Cond": "(mk.movie_id = t.id)",
                  "Plans": [
                    {
                      "Node Type": "Seq Scan",
                      "Parent Relationship": "Outer",
                      "Parallel Aware": true,
                      "Relation Name": "movie_keyword",
                      "Alias": "mk",
                      "Startup Cost": 0.0,
                      "Total Cost": 39047.32,
                      "Plan Rows": 1459332,
                      "Plan Width": 4,
                      "Actual Startup Time": 0.024,
                      "Actual Total Time": 86.979,
                      "Actual Rows": 1130982,
                      "Actual Loops": 4
                    },
                    {
                      "Node Type": "Hash",
                      "Parent Relationship": "Inner",
                      "Parallel Aware": true,
                      "Startup Cost": 77938.83,
                      "Total Cost": 77938.83,
                      "Plan Rows": 60167,
                      "Plan Width": 8,
                      "Actual Startup Time": 379.991,
                      "Actual Total Time": 380.232,
                      "Actual Rows": 120062,
                      "Actual Loops": 4,
                      "Hash Buckets": 524288,
                      "Original Hash Buckets": 262144,
                      "Hash Batches": 1,
                      "Original Hash Batches": 1,
                      "Peak Memory Usage": 24992,
                      "Plans": [
                        {
                          "Node Type": "Hash Join",
                          "Parent Relationship": "Outer",
                          "Parallel Aware": true,
                          "Join Type": "Inner",
                          "Startup Cost": 32265.64,
                          "Total Cost": 77938.83,
                          "Plan Rows": 60167,
                          "Plan Width": 8,
                          "Actual Startup Time": 130.187,
                          "Actual Total Time": 338.616,
                          "Actual Rows": 120062,
                          "Actual Loops": 4,
                          "Inner Unique": false,
                          "Hash Cond": "(t.id = mc.movie_id)",
                          "Plans": [
                            {
                              "Node Type": "Seq Scan",
                              "Parent Relationship": "Outer",
                              "Parallel Aware": true,
                              "Relation Name": "title",
                              "Alias": "t",
                              "Startup Cost": 0.0,
                              "Total Cost": 42318.73,
                              "Plan Rows": 632073,
                              "Plan Width": 4,
                              "Actual Startup Time": 0.011,
                              "Actual Total Time": 72.934,
                              "Actual Rows": 632078,
                              "Actual Loops": 4
                            },
                            {
                              "Node Type": "Hash",
                              "Parent Relationship": "Inner",
                              "Parallel Aware": true,
                              "Startup Cost": 31295.21,
                              "Total Cost": 31295.21,
                              "Plan Rows": 77635,
                              "Plan Width": 4,
                              "Actual Startup Time": 117.648,
                              "Actual Total Time": 117.65,
                              "Actual Rows": 120062,
                              "Actual Loops": 4,
                              "Hash Buckets": 524288,
                              "Original Hash Buckets": 262144,
                              "Hash Batches": 1,
                              "Original Hash Batches": 1,
                              "Peak Memory Usage": 24992,
                              "Plans": [
                                {
                                  "Node Type": "Bitmap Heap Scan",
                                  "Parent Relationship": "Outer",
                                  "Parallel Aware": true,
                                  "Relation Name": "movie_companies",
                                  "Alias": "mc",
                                  "Startup Cost": 10211.63,
                                  "Total Cost": 31295.21,
                                  "Plan Rows": 77635,
                                  "Plan Width": 4,
                                  "Actual Startup Time": 35.869,
                                  "Actual Total Time": 75.566,
                                  "Actual Rows": 120062,
                                  "Actual Loops": 4,
                                  "Recheck Cond": "(company_id > 75233)",
                                  "Rows Removed by Index Recheck": 0,
                                  "Filter": "(company_type_id > 1)",
                                  "Rows Removed by Filter": 0,
                                  "Exact Heap Blocks": 3074,
                                  "Lossy Heap Blocks": 0,
                                  "Plans": [
                                    {
                                      "Node Type": "Bitmap Index Scan",
                                      "Parent Relationship": "Outer",
                                      "Parallel Aware": false,
                                      "Index Name": "company_id_movie_companies",
                                      "Startup Cost": 0.0,
                                      "Total Cost": 10151.47,
                                      "Plan Rows": 474005,
                                      "Plan Width": 0,
                                      "Actual Startup Time": 34.799,
                                      "Actual Total Time": 34.799,
                                      "Actual Rows": 480250,
                                      "Actual Loops": 1,
                                      "Index Cond": "(company_id > 75233)"
                                    }
                                  ]
                                }
                              ]
                            }
                          ]
                        }
                      ]
                    }
                  ]
                }
              ]
            }
          ]
        }
      ]
    },
    "Planning Time": 1.39,
    "Triggers": [],
    "Execution Time": 704.452
  }
]