[
  {
    "Plan": {
      "Node Type": "Aggregate",
      "Strategy": "Plain",
      "Partial Mode": "Finalize",
      "Parallel Aware": false,
      "Startup Cost": 353005.92,
      "Total Cost": 353005.93,
      "Plan Rows": 1,
      "Plan Width": 8,
      "Actual Startup Time": 854.142,
      "Actual Total Time": 912.046,
      "Actual Rows": 1,
      "Actual Loops": 1,
      "Plans": [
        {
          "Node Type": "Gather",
          "Parent Relationship": "Outer",
          "Parallel Aware": false,
          "Startup Cost": 353005.3,
          "Total Cost": 353005.91,
          "Plan Rows": 6,
          "Plan Width": 8,
          "Actual Startup Time": 854.006,
          "Actual Total Time": 912.033,
          "Actual Rows": 7,
          "Actual Loops": 1,
          "Workers Planned": 6,
          "Workers Launched": 6,
          "Single Copy": false,
          "Plans": [
            {
              "Node Type": "Aggregate",
              "Strategy": "Plain",
              "Partial Mode": "Partial",
              "Parent Relationship": "Outer",
              "Parallel Aware": false,
              "Startup Cost": 352005.3,
              "Total Cost": 352005.31,
              "Plan Rows": 1,
              "Plan Width": 8,
              "Actual Startup Time": 843.774,
              "Actual Total Time": 843.775,
              "Actual Rows": 1,
              "Actual Loops": 7,
              "Plans": [
                {
                  "Node Type": "Seq Scan",
                  "Parent Relationship": "Outer",
                  "Parallel Aware": true,
                  "Relation Name": "cast_info",
                  "Alias": "ci",
                  "Startup Cost": 0.0,
                  "Total Cost": 343257.03,
                  "Plan Rows": 3499308,
                  "Plan Width": 0,
                  "Actual Startup Time": 132.87,
                  "Actual Total Time": 718.332,
                  "Actual Rows": 2848631,
                  "Actual Loops": 7,
                  "Filter": "((person_id > 970616) AND (role_id < 8))",
                  "Rows Removed by Filter": 2329133
                }
              ]
            }
          ]
        }
      ]
    },
    "Planning Time": 0.129,
    "Triggers": [],
    "Execution Time": 912.099
  }
]