[
    {
        "Bao": {
            "Bao prediction": "NaN",
            "Bao recommended hint": "(no hint)"
        }
    },
    {
        "Plan": {
            "Node Type": "Aggregate",
            "Strategy": "Plain",
            "Partial Mode": "Finalize",
            "Parallel Aware": false,
            "Startup Cost": 282097.03,
            "Total Cost": 282097.04,
            "Plan Rows": 1,
            "Plan Width": 8,
            "Actual Startup Time": 116.361,
            "Actual Total Time": 120.216,
            "Actual Rows": 1,
            "Actual Loops": 1,
            "Output": [
                "count(*)"
            ],
            "Plans": [
                {
                    "Node Type": "Gather",
                    "Parent Relationship": "Outer",
                    "Parallel Aware": false,
                    "Startup Cost": 282096.41,
                    "Total Cost": 282097.02,
                    "Plan Rows": 6,
                    "Plan Width": 8,
                    "Actual Startup Time": 116.163,
                    "Actual Total Time": 120.209,
                    "Actual Rows": 7,
                    "Actual Loops": 1,
                    "Output": [
                        "(PARTIAL count(*))"
                    ],
                    "Workers Planned": 6,
                    "Workers Launched": 6,
                    "Single Copy": false,
                    "Plans": [
                        {
                            "Node Type": "Aggregate",
                            "Strategy": "Plain",
                            "Partial Mode": "Partial",
                            "Parent Relationship": "Outer",
                            "Parallel Aware": false,
                            "Startup Cost": 281096.41,
                            "Total Cost": 281096.42,
                            "Plan Rows": 1,
                            "Plan Width": 8,
                            "Actual Startup Time": 105.811,
                            "Actual Total Time": 105.812,
                            "Actual Rows": 1,
                            "Actual Loops": 7,
                            "Output": [
                                "PARTIAL count(*)"
                            ],
                            "Workers": [
                                {
                                    "Worker Number": 0,
                                    "Actual Startup Time": 103.292,
                                    "Actual Total Time": 103.293,
                                    "Actual Rows": 1,
                                    "Actual Loops": 1
                                },
                                {
                                    "Worker Number": 1,
                                    "Actual Startup Time": 103.851,
                                    "Actual Total Time": 103.852,
                                    "Actual Rows": 1,
                                    "Actual Loops": 1
                                },
                                {
                                    "Worker Number": 2,
                                    "Actual Startup Time": 103.993,
                                    "Actual Total Time": 103.995,
                                    "Actual Rows": 1,
                                    "Actual Loops": 1
                                },
                                {
                                    "Worker Number": 3,
                                    "Actual Startup Time": 104.221,
                                    "Actual Total Time": 104.222,
                                    "Actual Rows": 1,
                                    "Actual Loops": 1
                                },
                                {
                                    "Worker Number": 4,
                                    "Actual Startup Time": 104.526,
                                    "Actual Total Time": 104.528,
                                    "Actual Rows": 1,
                                    "Actual Loops": 1
                                },
                                {
                                    "Worker Number": 5,
                                    "Actual Startup Time": 105.012,
                                    "Actual Total Time": 105.013,
                                    "Actual Rows": 1,
                                    "Actual Loops": 1
                                }
                            ],
                            "Plans": [
                                {
                                    "Node Type": "Bitmap Heap Scan",
                                    "Parent Relationship": "Outer",
                                    "Parallel Aware": true,
                                    "Relation Name": "cast_info",
                                    "Schema": "public",
                                    "Alias": "ci",
                                    "Startup Cost": 25348.4,
                                    "Total Cost": 280926.75,
                                    "Plan Rows": 67863,
                                    "Plan Width": 0,
                                    "Actual Startup Time": 43.581,
                                    "Actual Total Time": 96.749,
                                    "Actual Rows": 122462,
                                    "Actual Loops": 7,
                                    "Recheck Cond": "(ci.person_id < 120070)",
                                    "Rows Removed by Index Recheck": 0,
                                    "Filter": "(ci.role_id = 1)",
                                    "Rows Removed by Filter": 47191,
                                    "Exact Heap Blocks": 3389,
                                    "Lossy Heap Blocks": 0,
                                    "Workers": [
                                        {
                                            "Worker Number": 0,
                                            "Actual Startup Time": 41.392,
                                            "Actual Total Time": 94.667,
                                            "Actual Rows": 101741,
                                            "Actual Loops": 1
                                        },
                                        {
                                            "Worker Number": 1,
                                            "Actual Startup Time": 41.509,
                                            "Actual Total Time": 94.788,
                                            "Actual Rows": 95423,
                                            "Actual Loops": 1
                                        },
                                        {
                                            "Worker Number": 2,
                                            "Actual Startup Time": 42.009,
                                            "Actual Total Time": 95.165,
                                            "Actual Rows": 93895,
                                            "Actual Loops": 1
                                        },
                                        {
                                            "Worker Number": 3,
                                            "Actual Startup Time": 42.13,
                                            "Actual Total Time": 95.617,
                                            "Actual Rows": 102094,
                                            "Actual Loops": 1
                                        },
                                        {
                                            "Worker Number": 4,
                                            "Actual Startup Time": 42.255,
                                            "Actual Total Time": 95.837,
                                            "Actual Rows": 102707,
                                            "Actual Loops": 1
                                        },
                                        {
                                            "Worker Number": 5,
                                            "Actual Startup Time": 42.708,
                                            "Actual Total Time": 96.064,
                                            "Actual Rows": 94345,
                                            "Actual Loops": 1
                                        }
                                    ],
                                    "Plans": [
                                        {
                                            "Node Type": "Bitmap Index Scan",
                                            "Parent Relationship": "Outer",
                                            "Parallel Aware": false,
                                            "Index Name": "person_id_cast_info",
                                            "Startup Cost": 0.0,
                                            "Total Cost": 25246.61,
                                            "Plan Rows": 1156539,
                                            "Plan Width": 0,
                                            "Actual Startup Time": 51.349,
                                            "Actual Total Time": 51.35,
                                            "Actual Rows": 1187569,
                                            "Actual Loops": 1,
                                            "Index Cond": "(ci.person_id < 120070)"
                                        }
                                    ]
                                }
                            ]
                        }
                    ]
                }
            ]
        },
        "Planning Time": 175.756,
        "Triggers": [],
        "Execution Time": 120.273
    }
]