[
  {
    "Plan": {
      "Node Type": "Aggregate",
      "Strategy": "Plain",
      "Partial Mode": "Finalize",
      "Parallel Aware": false,
      "Startup Cost": 46313.33,
      "Total Cost": 46313.34,
      "Plan Rows": 1,
      "Plan Width": 8,
      "Actual Startup Time": 166.889,
      "Actual Total Time": 177.109,
      "Actual Rows": 1,
      "Actual Loops": 1,
      "Plans": [
        {
          "Node Type": "Gather",
          "Parent Relationship": "Outer",
          "Parallel Aware": false,
          "Startup Cost": 46313.01,
          "Total Cost": 46313.32,
          "Plan Rows": 3,
          "Plan Width": 8,
          "Actual Startup Time": 166.749,
          "Actual Total Time": 177.099,
          "Actual Rows": 4,
          "Actual Loops": 1,
          "Workers Planned": 3,
          "Workers Launched": 3,
          "Single Copy": false,
          "Plans": [
            {
              "Node Type": "Aggregate",
              "Strategy": "Plain",
              "Partial Mode": "Partial",
              "Parent Relationship": "Outer",
              "Parallel Aware": false,
              "Startup Cost": 45313.01,
              "Total Cost": 45313.02,
              "Plan Rows": 1,
              "Plan Width": 8,
              "Actual Startup Time": 158.114,
              "Actual Total Time": 158.115,
              "Actual Rows": 1,
              "Actual Loops": 4,
              "Plans": [
                {
                  "Node Type": "Seq Scan",
                  "Parent Relationship": "Outer",
                  "Parallel Aware": true,
                  "Relation Name": "movie_keyword",
                  "Alias": "mk",
                  "Startup Cost": 0.0,
                  "Total Cost": 42695.65,
                  "Plan Rows": 1046944,
                  "Plan Width": 0,
                  "Actual Startup Time": 0.246,
                  "Actual Total Time": 121.912,
                  "Actual Rows": 808701,
                  "Actual Loops": 4,
                  "Filter": "(keyword_id > 1662)",
                  "Rows Removed by Filter": 322282
                }
              ]
            }
          ]
        }
      ]
    },
    "Planning Time": 0.166,
    "Triggers": [],
    "Execution Time": 177.171
  }
]