[
  {
    "Plan": {
      "Node Type": "Aggregate",
      "Strategy": "Plain",
      "Partial Mode": "Finalize",
      "Parallel Aware": false,
      "Startup Cost": 242997.86,
      "Total Cost": 242997.87,
      "Plan Rows": 1,
      "Plan Width": 8,
      "Actual Startup Time": 1681.553,
      "Actual Total Time": 1730.302,
      "Actual Rows": 1,
      "Actual Loops": 1,
      "Plans": [
        {
          "Node Type": "Gather",
          "Parent Relationship": "Outer",
          "Parallel Aware": false,
          "Startup Cost": 242997.54,
          "Total Cost": 242997.85,
          "Plan Rows": 3,
          "Plan Width": 8,
          "Actual Startup Time": 1679.965,
          "Actual Total Time": 1730.295,
          "Actual Rows": 4,
          "Actual Loops": 1,
          "Workers Planned": 3,
          "Workers Launched": 3,
          "Single Copy": false,
          "Plans": [
            {
              "Node Type": "Aggregate",
              "Strategy": "Plain",
              "Partial Mode": "Partial",
              "Parent Relationship": "Outer",
              "Parallel Aware": false,
              "Startup Cost": 241997.54,
              "Total Cost": 241997.55,
              "Plan Rows": 1,
              "Plan Width": 8,
              "Actual Startup Time": 1670.792,
              "Actual Total Time": 1670.795,
              "Actual Rows": 1,
              "Actual Loops": 4,
              "Plans": [
                {
                  "Node Type": "Nested Loop",
                  "Parent Relationship": "Outer",
                  "Parallel Aware": false,
                  "Join Type": "Inner",
                  "Startup Cost": 46898.61,
                  "Total Cost": 241016.75,
                  "Plan Rows": 392317,
                  "Plan Width": 0,
                  "Actual Startup Time": 135.162,
                  "Actual Total Time": 1550.974,
                  "Actual Rows": 2909678,
                  "Actual Loops": 4,
                  "Inner Unique": false,
                  "Join Filter": "(t.id = mi.movie_id)",
                  "Rows Removed by Join Filter": 0,
                  "Plans": [
                    {
                      "Node Type": "Hash Join",
                      "Parent Relationship": "Outer",
                      "Parallel Aware": true,
                      "Join Type": "Inner",
                      "Startup Cost": 46898.17,
                      "Total Cost": 77189.44,
                      "Plan Rows": 67094,
                      "Plan Width": 8,
                      "Actual Startup Time": 135.082,
                      "Actual Total Time": 278.649,
                      "Actual Rows": 94611,
                      "Actual Loops": 4,
                      "Inner Unique": true,
                      "Hash Cond": "(mc.movie_id = t.id)",
                      "Plans": [
                        {
                          "Node Type": "Seq Scan",
                          "Parent Relationship": "Outer",
                          "Parallel Aware": true,
                          "Relation Name": "movie_companies",
                          "Alias": "mc",
                          "Startup Cost": 0.0,
                          "Total Cost": 29310.68,
                          "Plan Rows": 373555,
                          "Plan Width": 4,
                          "Actual Startup Time": 8.979,
                          "Actual Total Time": 65.652,
                          "Actual Rows": 290222,
                          "Actual Loops": 4,
                          "Filter": "(company_id > 12959)",
                          "Rows Removed by Filter": 362061
                        },
                        {
                          "Node Type": "Hash",
                          "Parent Relationship": "Inner",
                          "Parallel Aware": true,
                          "Startup Cost": 45479.1,
                          "Total Cost": 45479.1,
                          "Plan Rows": 113526,
                          "Plan Width": 4,
                          "Actual Startup Time": 122.791,
                          "Actual Total Time": 122.792,
                          "Actual Rows": 82570,
                          "Actual Loops": 4,
                          "Hash Buckets": 524288,
                          "Original Hash Buckets": 524288,
                          "Hash Batches": 1,
                          "Original Hash Batches": 1,
                          "Peak Memory Usage": 17088,
                          "Plans": [
                            {
                              "Node Type": "Seq Scan",
                              "Parent Relationship": "Outer",
                              "Parallel Aware": true,
                              "Relation Name": "title",
                              "Alias": "t",
                              "Startup Cost": 0.0,
                              "Total Cost": 45479.1,
                              "Plan Rows": 113526,
                              "Plan Width": 4,
                              "Actual Startup Time": 45.804,
                              "Actual Total Time": 98.087,
                              "Actual Rows": 82570,
                              "Actual Loops": 4,
                              "Filter": "((production_year > 1991) AND (kind_id = 1))",
                              "Rows Removed by Filter": 549508
                            }
                          ]
                        }
                      ]
                    },
                    {
                      "Node Type": "Index Only Scan",
                      "Parent Relationship": "Inner",
                      "Parallel Aware": false,
                      "Scan Direction": "Forward",
                      "Index Name": "movie_id_movie_info",
                      "Relation Name": "movie_info",
                      "Alias": "mi",
                      "Startup Cost": 0.43,
                      "Total Cost": 1.92,
                      "Plan Rows": 42,
                      "Plan Width": 4,
                      "Actual Startup Time": 0.003,
                      "Actual Total Time": 0.011,
                      "Actual Rows": 31,
                      "Actual Loops": 378444,
                      "Index Cond": "(movie_id = mc.movie_id)",
                      "Rows Removed by Index Recheck": 0,
                      "Heap Fetches": 11638713
                    }
                  ]
                }
              ]
            }
          ]
        }
      ]
    },
    "Planning Time": 1.432,
    "Triggers": [],
    "Execution Time": 1730.422
  }
]