{
  "Plan": {
    "Node Type": "Aggregate",
    "Strategy": "Plain",
    "Partial Mode": "Finalize",
    "Parallel Aware": false,
    "Startup Cost": 102069.72,
    "Total Cost": 102069.73,
    "Plan Rows": 1,
    "Plan Width": 8,
    "Actual Startup Time": 90.874,
    "Actual Total Time": 104.062,
    "Actual Rows": 1,
    "Actual Loops": 1,
    "Plans": [
      {
        "Node Type": "Gather",
        "Parent Relationship": "Outer",
        "Parallel Aware": false,
        "Startup Cost": 102069.6,
        "Total Cost": 102069.71,
        "Plan Rows": 1,
        "Plan Width": 8,
        "Actual Startup Time": 90.65,
        "Actual Total Time": 104.056,
        "Actual Rows": 2,
        "Actual Loops": 1,
        "Workers Planned": 1,
        "Workers Launched": 1,
        "Single Copy": false,
        "Plans": [
          {
            "Node Type": "Aggregate",
            "Strategy": "Plain",
            "Partial Mode": "Partial",
            "Parent Relationship": "Outer",
            "Parallel Aware": false,
            "Startup Cost": 101069.6,
            "Total Cost": 101069.61,
            "Plan Rows": 1,
            "Plan Width": 8,
            "Actual Startup Time": 86.317,
            "Actual Total Time": 86.319,
            "Actual Rows": 1,
            "Actual Loops": 2,
            "Plans": [
              {
                "Node Type": "Nested Loop",
                "Parent Relationship": "Outer",
                "Parallel Aware": false,
                "Join Type": "Inner",
                "Startup Cost": 1823.88,
                "Total Cost": 101062.68,
                "Plan Rows": 2768,
                "Plan Width": 0,
                "Actual Startup Time": 18.952,
                "Actual Total Time": 85.985,
                "Actual Rows": 3790,
                "Actual Loops": 2,
                "Inner Unique": false,
                "Plans": [
                  {
                    "Node Type": "Bitmap Heap Scan",
                    "Parent Relationship": "Outer",
                    "Parallel Aware": true,
                    "Relation Name": "title",
                    "Alias": "t",
                    "Startup Cost": 1823.31,
                    "Total Cost": 38723.32,
                    "Plan Rows": 427,
                    "Plan Width": 4,
                    "Actual Startup Time": 18.356,
                    "Actual Total Time": 41.842,
                    "Actual Rows": 638,
                    "Actual Loops": 2,
                    "Recheck Cond": "(kind_id = 3)",
                    "Rows Removed by Index Recheck": 0,
                    "Filter": "(production_year = 1984)",
                    "Rows Removed by Filter": 49630,
                    "Exact Heap Blocks": 10342,
                    "Lossy Heap Blocks": 0,
                    "Plans": [
                      {
                        "Node Type": "Bitmap Index Scan",
                        "Parent Relationship": "Outer",
                        "Parallel Aware": false,
                        "Index Name": "kind_id_title",
                        "Startup Cost": 0.0,
                        "Total Cost": 1823.13,
                        "Plan Rows": 102227,
                        "Plan Width": 0,
                        "Actual Startup Time": 16.978,
                        "Actual Total Time": 16.979,
                        "Actual Rows": 100537,
                        "Actual Loops": 1,
                        "Index Cond": "(kind_id = 3)"
                      }
                    ]
                  },
                  {
                    "Node Type": "Index Scan",
                    "Parent Relationship": "Inner",
                    "Parallel Aware": false,
                    "Scan Direction": "Forward",
                    "Index Name": "movie_id_cast_info",
                    "Relation Name": "cast_info",
                    "Alias": "ci",
                    "Startup Cost": 0.56,
                    "Total Cost": 145.82,
                    "Plan Rows": 17,
                    "Plan Width": 4,
                    "Actual Startup Time": 0.052,
                    "Actual Total Time": 0.068,
                    "Actual Rows": 6,
                    "Actual Loops": 1276,
                    "Index Cond": "(movie_id = t.id)",
                    "Rows Removed by Index Recheck": 0,
                    "Filter": "(role_id > 2)",
                    "Rows Removed by Filter": 12
                  }
                ]
              }
            ]
          }
        ]
      }
    ]
  },
  "Planning Time": 0.538,
  "Triggers": [],
  "Execution Time": 104.153
}