[
    {
        "Bao": {
            "Bao prediction": "NaN",
            "Bao recommended hint": "(no hint)"
        }
    },
    {
        "Plan": {
            "Node Type": "Aggregate",
            "Strategy": "Plain",
            "Partial Mode": "Finalize",
            "Parallel Aware": false,
            "Startup Cost": 437509.35,
            "Total Cost": 437509.36,
            "Plan Rows": 1,
            "Plan Width": 8,
            "Actual Startup Time": 2194.161,
            "Actual Total Time": 2223.944,
            "Actual Rows": 1,
            "Actual Loops": 1,
            "Output": [
                "count(*)"
            ],
            "Plans": [
                {
                    "Node Type": "Gather",
                    "Parent Relationship": "Outer",
                    "Parallel Aware": false,
                    "Startup Cost": 437508.73,
                    "Total Cost": 437509.34,
                    "Plan Rows": 6,
                    "Plan Width": 8,
                    "Actual Startup Time": 2179.826,
                    "Actual Total Time": 2223.934,
                    "Actual Rows": 7,
                    "Actual Loops": 1,
                    "Output": [
                        "(PARTIAL count(*))"
                    ],
                    "Workers Planned": 6,
                    "Workers Launched": 6,
                    "Single Copy": false,
                    "Plans": [
                        {
                            "Node Type": "Aggregate",
                            "Strategy": "Plain",
                            "Partial Mode": "Partial",
                            "Parent Relationship": "Outer",
                            "Parallel Aware": false,
                            "Startup Cost": 436508.73,
                            "Total Cost": 436508.74,
                            "Plan Rows": 1,
                            "Plan Width": 8,
                            "Actual Startup Time": 2167.479,
                            "Actual Total Time": 2167.485,
                            "Actual Rows": 1,
                            "Actual Loops": 7,
                            "Output": [
                                "PARTIAL count(*)"
                            ],
                            "Workers": [
                                {
                                    "Worker Number": 0,
                                    "Actual Startup Time": 2164.875,
                                    "Actual Total Time": 2164.88,
                                    "Actual Rows": 1,
                                    "Actual Loops": 1
                                },
                                {
                                    "Worker Number": 1,
                                    "Actual Startup Time": 2164.879,
                                    "Actual Total Time": 2164.883,
                                    "Actual Rows": 1,
                                    "Actual Loops": 1
                                },
                                {
                                    "Worker Number": 2,
                                    "Actual Startup Time": 2165.014,
                                    "Actual Total Time": 2165.018,
                                    "Actual Rows": 1,
                                    "Actual Loops": 1
                                },
                                {
                                    "Worker Number": 3,
                                    "Actual Startup Time": 2165.739,
                                    "Actual Total Time": 2165.743,
                                    "Actual Rows": 1,
                                    "Actual Loops": 1
                                },
                                {
                                    "Worker Number": 4,
                                    "Actual Startup Time": 2166.291,
                                    "Actual Total Time": 2166.295,
                                    "Actual Rows": 1,
                                    "Actual Loops": 1
                                },
                                {
                                    "Worker Number": 5,
                                    "Actual Startup Time": 2166.232,
                                    "Actual Total Time": 2166.237,
                                    "Actual Rows": 1,
                                    "Actual Loops": 1
                                }
                            ],
                            "Plans": [
                                {
                                    "Node Type": "Hash Join",
                                    "Parent Relationship": "Outer",
                                    "Parallel Aware": true,
                                    "Join Type": "Inner",
                                    "Startup Cost": 94634.16,
                                    "Total Cost": 434913.79,
                                    "Plan Rows": 637975,
                                    "Plan Width": 0,
                                    "Actual Startup Time": 640.597,
                                    "Actual Total Time": 1874.922,
                                    "Actual Rows": 6190076,
                                    "Actual Loops": 7,
                                    "Inner Unique": false,
                                    "Hash Cond": "(ci.movie_id = t.id)",
                                    "Workers": [
                                        {
                                            "Worker Number": 0,
                                            "Actual Startup Time": 638.365,
                                            "Actual Total Time": 1857.635,
                                            "Actual Rows": 4854930,
                                            "Actual Loops": 1
                                        },
                                        {
                                            "Worker Number": 1,
                                            "Actual Startup Time": 638.333,
                                            "Actual Total Time": 1875.962,
                                            "Actual Rows": 6667742,
                                            "Actual Loops": 1
                                        },
                                        {
                                            "Worker Number": 2,
                                            "Actual Startup Time": 638.366,
                                            "Actual Total Time": 1874.99,
                                            "Actual Rows": 6624745,
                                            "Actual Loops": 1
                                        },
                                        {
                                            "Worker Number": 3,
                                            "Actual Startup Time": 639.273,
                                            "Actual Total Time": 1882.468,
                                            "Actual Rows": 6790587,
                                            "Actual Loops": 1
                                        },
                                        {
                                            "Worker Number": 4,
                                            "Actual Startup Time": 639.713,
                                            "Actual Total Time": 1879.856,
                                            "Actual Rows": 6772386,
                                            "Actual Loops": 1
                                        },
                                        {
                                            "Worker Number": 5,
                                            "Actual Startup Time": 639.712,
                                            "Actual Total Time": 1881.782,
                                            "Actual Rows": 6818028,
                                            "Actual Loops": 1
                                        }
                                    ],
                                    "Plans": [
                                        {
                                            "Node Type": "Seq Scan",
                                            "Parent Relationship": "Outer",
                                            "Parallel Aware": true,
                                            "Relation Name": "cast_info",
                                            "Schema": "public",
                                            "Alias": "ci",
                                            "Startup Cost": 0.0,
                                            "Total Cost": 328213.62,
                                            "Plan Rows": 2668808,
                                            "Plan Width": 4,
                                            "Actual Startup Time": 311.248,
                                            "Actual Total Time": 620.018,
                                            "Actual Rows": 2303098,
                                            "Actual Loops": 7,
                                            "Output": [
                                                "ci.id",
                                                "ci.person_id",
                                                "ci.movie_id",
                                                "ci.person_role_id",
                                                "ci.note",
                                                "ci.nr_order",
                                                "ci.role_id"
                                            ],
                                            "Filter": "(ci.role_id > 2)",
                                            "Rows Removed by Filter": 2874666,
                                            "Workers": [
                                                {
                                                    "Worker Number": 0,
                                                    "Actual Startup Time": 311.189,
                                                    "Actual Total Time": 633.504,
                                                    "Actual Rows": 1763139,
                                                    "Actual Loops": 1
                                                },
                                                {
                                                    "Worker Number": 1,
                                                    "Actual Startup Time": 311.243,
                                                    "Actual Total Time": 617.507,
                                                    "Actual Rows": 2502720,
                                                    "Actual Loops": 1
                                                },
                                                {
                                                    "Worker Number": 2,
                                                    "Actual Startup Time": 311.256,
                                                    "Actual Total Time": 616.324,
                                                    "Actual Rows": 2432889,
                                                    "Actual Loops": 1
                                                },
                                                {
                                                    "Worker Number": 3,
                                                    "Actual Startup Time": 311.265,
                                                    "Actual Total Time": 625.683,
                                                    "Actual Rows": 2541310,
                                                    "Actual Loops": 1
                                                },
                                                {
                                                    "Worker Number": 4,
                                                    "Actual Startup Time": 311.289,
                                                    "Actual Total Time": 623.908,
                                                    "Actual Rows": 2518523,
                                                    "Actual Loops": 1
                                                },
                                                {
                                                    "Worker Number": 5,
                                                    "Actual Startup Time": 311.245,
                                                    "Actual Total Time": 623.872,
                                                    "Actual Rows": 2532468,
                                                    "Actual Loops": 1
                                                }
                                            ]
                                        },
                                        {
                                            "Node Type": "Hash",
                                            "Parent Relationship": "Inner",
                                            "Parallel Aware": true,
                                            "Startup Cost": 92197.1,
                                            "Total Cost": 92197.1,
                                            "Plan Rows": 194965,
                                            "Plan Width": 8,
                                            "Actual Startup Time": 326.949,
                                            "Actual Total Time": 326.953,
                                            "Actual Rows": 219612,
                                            "Actual Loops": 7,
                                            "Output": [
                                                "t.id",
                                                "mk.movie_id"
                                            ],
                                            "Hash Buckets": 2097152,
                                            "Original Hash Buckets": 1048576,
                                            "Hash Batches": 1,
                                            "Original Hash Batches": 1,
                                            "Peak Memory Usage": 84832,
                                            "Workers": [
                                                {
                                                    "Worker Number": 0,
                                                    "Actual Startup Time": 326.207,
                                                    "Actual Total Time": 326.21,
                                                    "Actual Rows": 159138,
                                                    "Actual Loops": 1
                                                },
                                                {
                                                    "Worker Number": 1,
                                                    "Actual Startup Time": 326.303,
                                                    "Actual Total Time": 326.306,
                                                    "Actual Rows": 237649,
                                                    "Actual Loops": 1
                                                },
                                                {
                                                    "Worker Number": 2,
                                                    "Actual Startup Time": 326.288,
                                                    "Actual Total Time": 326.291,
                                                    "Actual Rows": 234104,
                                                    "Actual Loops": 1
                                                },
                                                {
                                                    "Worker Number": 3,
                                                    "Actual Startup Time": 327.186,
                                                    "Actual Total Time": 327.188,
                                                    "Actual Rows": 244642,
                                                    "Actual Loops": 1
                                                },
                                                {
                                                    "Worker Number": 4,
                                                    "Actual Startup Time": 327.432,
                                                    "Actual Total Time": 327.435,
                                                    "Actual Rows": 242739,
                                                    "Actual Loops": 1
                                                },
                                                {
                                                    "Worker Number": 5,
                                                    "Actual Startup Time": 327.549,
                                                    "Actual Total Time": 327.553,
                                                    "Actual Rows": 242883,
                                                    "Actual Loops": 1
                                                }
                                            ],
                                            "Plans": [
                                                {
                                                    "Node Type": "Hash Join",
                                                    "Parent Relationship": "Outer",
                                                    "Parallel Aware": true,
                                                    "Join Type": "Inner",
                                                    "Startup Cost": 47458.96,
                                                    "Total Cost": 92197.1,
                                                    "Plan Rows": 194965,
                                                    "Plan Width": 8,
                                                    "Actual Startup Time": 141.617,
                                                    "Actual Total Time": 248.662,
                                                    "Actual Rows": 219612,
                                                    "Actual Loops": 7,
                                                    "Output": [
                                                        "t.id",
                                                        "mk.movie_id"
                                                    ],
                                                    "Inner Unique": true,
                                                    "Hash Cond": "(mk.movie_id = t.id)",
                                                    "Workers": [
                                                        {
                                                            "Worker Number": 0,
                                                            "Actual Startup Time": 140.927,
                                                            "Actual Total Time": 249.557,
                                                            "Actual Rows": 159138,
                                                            "Actual Loops": 1
                                                        },
                                                        {
                                                            "Worker Number": 1,
                                                            "Actual Startup Time": 140.925,
                                                            "Actual Total Time": 247.781,
                                                            "Actual Rows": 237649,
                                                            "Actual Loops": 1
                                                        },
                                                        {
                                                            "Worker Number": 2,
                                                            "Actual Startup Time": 140.935,
                                                            "Actual Total Time": 247.57,
                                                            "Actual Rows": 234104,
                                                            "Actual Loops": 1
                                                        },
                                                        {
                                                            "Worker Number": 3,
                                                            "Actual Startup Time": 141.819,
                                                            "Actual Total Time": 249.178,
                                                            "Actual Rows": 244642,
                                                            "Actual Loops": 1
                                                        },
                                                        {
                                                            "Worker Number": 4,
                                                            "Actual Startup Time": 142.155,
                                                            "Actual Total Time": 249.201,
                                                            "Actual Rows": 242739,
                                                            "Actual Loops": 1
                                                        },
                                                        {
                                                            "Worker Number": 5,
                                                            "Actual Startup Time": 142.168,
                                                            "Actual Total Time": 249.406,
                                                            "Actual Rows": 242883,
                                                            "Actual Loops": 1
                                                        }
                                                    ],
                                                    "Plans": [
                                                        {
                                                            "Node Type": "Seq Scan",
                                                            "Parent Relationship": "Outer",
                                                            "Parallel Aware": true,
                                                            "Relation Name": "movie_keyword",
                                                            "Schema": "public",
                                                            "Alias": "mk",
                                                            "Startup Cost": 0.0,
                                                            "Total Cost": 42695.65,
                                                            "Plan Rows": 778091,
                                                            "Plan Width": 4,
                                                            "Actual Startup Time": 0.154,
                                                            "Actual Total Time": 71.17,
                                                            "Actual Rows": 344411,
                                                            "Actual Loops": 7,
                                                            "Output": [
                                                                "mk.id",
                                                                "mk.movie_id",
                                                                "mk.keyword_id"
                                                            ],
                                                            "Filter": "(mk.keyword_id > 3842)",
                                                            "Rows Removed by Filter": 301865,
                                                            "Workers": [
                                                                {
                                                                    "Worker Number": 0,
                                                                    "Actual Startup Time": 0.195,
                                                                    "Actual Total Time": 73.926,
                                                                    "Actual Rows": 247687,
                                                                    "Actual Loops": 1
                                                                },
                                                                {
                                                                    "Worker Number": 1,
                                                                    "Actual Startup Time": 0.088,
                                                                    "Actual Total Time": 71.551,
                                                                    "Actual Rows": 371414,
                                                                    "Actual Loops": 1
                                                                },
                                                                {
                                                                    "Worker Number": 2,
                                                                    "Actual Startup Time": 0.179,
                                                                    "Actual Total Time": 71.439,
                                                                    "Actual Rows": 366973,
                                                                    "Actual Loops": 1
                                                                },
                                                                {
                                                                    "Worker Number": 3,
                                                                    "Actual Startup Time": 0.072,
                                                                    "Actual Total Time": 71.71,
                                                                    "Actual Rows": 381353,
                                                                    "Actual Loops": 1
                                                                },
                                                                {
                                                                    "Worker Number": 4,
                                                                    "Actual Startup Time": 0.201,
                                                                    "Actual Total Time": 71.53,
                                                                    "Actual Rows": 380807,
                                                                    "Actual Loops": 1
                                                                },
                                                                {
                                                                    "Worker Number": 5,
                                                                    "Actual Startup Time": 0.18,
                                                                    "Actual Total Time": 71.838,
                                                                    "Actual Rows": 382796,
                                                                    "Actual Loops": 1
                                                                }
                                                            ]
                                                        },
                                                        {
                                                            "Node Type": "Hash",
                                                            "Parent Relationship": "Inner",
                                                            "Parallel Aware": true,
                                                            "Startup Cost": 45479.21,
                                                            "Total Cost": 45479.21,
                                                            "Plan Rows": 158380,
                                                            "Plan Width": 4,
                                                            "Actual Startup Time": 120.283,
                                                            "Actual Total Time": 120.284,
                                                            "Actual Rows": 90613,
                                                            "Actual Loops": 7,
                                                            "Output": [
                                                                "t.id"
                                                            ],
                                                            "Hash Buckets": 1048576,
                                                            "Original Hash Buckets": 1048576,
                                                            "Hash Batches": 1,
                                                            "Original Hash Batches": 1,
                                                            "Peak Memory Usage": 33088,
                                                            "Workers": [
                                                                {
                                                                    "Worker Number": 0,
                                                                    "Actual Startup Time": 120.693,
                                                                    "Actual Total Time": 120.694,
                                                                    "Actual Rows": 66856,
                                                                    "Actual Loops": 1
                                                                },
                                                                {
                                                                    "Worker Number": 1,
                                                                    "Actual Startup Time": 120.714,
                                                                    "Actual Total Time": 120.715,
                                                                    "Actual Rows": 93510,
                                                                    "Actual Loops": 1
                                                                },
                                                                {
                                                                    "Worker Number": 2,
                                                                    "Actual Startup Time": 120.703,
                                                                    "Actual Total Time": 120.704,
                                                                    "Actual Rows": 93970,
                                                                    "Actual Loops": 1
                                                                },
                                                                {
                                                                    "Worker Number": 3,
                                                                    "Actual Startup Time": 121.613,
                                                                    "Actual Total Time": 121.614,
                                                                    "Actual Rows": 97994,
                                                                    "Actual Loops": 1
                                                                },
                                                                {
                                                                    "Worker Number": 4,
                                                                    "Actual Startup Time": 121.92,
                                                                    "Actual Total Time": 121.921,
                                                                    "Actual Rows": 97670,
                                                                    "Actual Loops": 1
                                                                },
                                                                {
                                                                    "Worker Number": 5,
                                                                    "Actual Startup Time": 121.94,
                                                                    "Actual Total Time": 121.942,
                                                                    "Actual Rows": 98570,
                                                                    "Actual Loops": 1
                                                                }
                                                            ],
                                                            "Plans": [
                                                                {
                                                                    "Node Type": "Seq Scan",
                                                                    "Parent Relationship": "Outer",
                                                                    "Parallel Aware": true,
                                                                    "Relation Name": "title",
                                                                    "Schema": "public",
                                                                    "Alias": "t",
                                                                    "Startup Cost": 0.0,
                                                                    "Total Cost": 45479.21,
                                                                    "Plan Rows": 158380,
                                                                    "Plan Width": 4,
                                                                    "Actual Startup Time": 45.529,
                                                                    "Actual Total Time": 82.393,
                                                                    "Actual Rows": 90613,
                                                                    "Actual Loops": 7,
                                                                    "Output": [
                                                                        "t.id"
                                                                    ],
                                                                    "Filter": "((t.production_year < 2013) AND (t.kind_id = 1))",
                                                                    "Rows Removed by Filter": 270575,
                                                                    "Workers": [
                                                                        {
                                                                            "Worker Number": 0,
                                                                            "Actual Startup Time": 5.084,
                                                                            "Actual Total Time": 83.363,
                                                                            "Actual Rows": 66856,
                                                                            "Actual Loops": 1
                                                                        },
                                                                        {
                                                                            "Worker Number": 1,
                                                                            "Actual Startup Time": 52.202,
                                                                            "Actual Total Time": 82.267,
                                                                            "Actual Rows": 93510,
                                                                            "Actual Loops": 1
                                                                        },
                                                                        {
                                                                            "Worker Number": 2,
                                                                            "Actual Startup Time": 52.314,
                                                                            "Actual Total Time": 82.116,
                                                                            "Actual Rows": 93970,
                                                                            "Actual Loops": 1
                                                                        },
                                                                        {
                                                                            "Worker Number": 3,
                                                                            "Actual Startup Time": 52.337,
                                                                            "Actual Total Time": 82.686,
                                                                            "Actual Rows": 97994,
                                                                            "Actual Loops": 1
                                                                        },
                                                                        {
                                                                            "Worker Number": 4,
                                                                            "Actual Startup Time": 52.203,
                                                                            "Actual Total Time": 82.731,
                                                                            "Actual Rows": 97670,
                                                                            "Actual Loops": 1
                                                                        },
                                                                        {
                                                                            "Worker Number": 5,
                                                                            "Actual Startup Time": 52.265,
                                                                            "Actual Total Time": 82.993,
                                                                            "Actual Rows": 98570,
                                                                            "Actual Loops": 1
                                                                        }
                                                                    ]
                                                                }
                                                            ]
                                                        }
                                                    ]
                                                }
                                            ]
                                        }
                                    ]
                                }
                            ]
                        }
                    ]
                }
            ]
        },
        "Planning Time": 309.378,
        "Triggers": [],
        "Execution Time": 2224.027
    }
]