[
  {
    "Plan": {
      "Node Type": "Aggregate",
      "Strategy": "Plain",
      "Partial Mode": "Finalize",
      "Parallel Aware": false,
      "Startup Cost": 44963.96,
      "Total Cost": 44963.97,
      "Plan Rows": 1,
      "Plan Width": 8,
      "Actual Startup Time": 155.366,
      "Actual Total Time": 164.619,
      "Actual Rows": 1,
      "Actual Loops": 1,
      "Plans": [
        {
          "Node Type": "Gather",
          "Parent Relationship": "Outer",
          "Parallel Aware": false,
          "Startup Cost": 44963.64,
          "Total Cost": 44963.95,
          "Plan Rows": 3,
          "Plan Width": 8,
          "Actual Startup Time": 155.216,
          "Actual Total Time": 164.61,
          "Actual Rows": 4,
          "Actual Loops": 1,
          "Workers Planned": 3,
          "Workers Launched": 3,
          "Single Copy": false,
          "Plans": [
            {
              "Node Type": "Aggregate",
              "Strategy": "Plain",
              "Partial Mode": "Partial",
              "Parent Relationship": "Outer",
              "Parallel Aware": false,
              "Startup Cost": 43963.64,
              "Total Cost": 43963.65,
              "Plan Rows": 1,
              "Plan Width": 8,
              "Actual Startup Time": 147.422,
              "Actual Total Time": 147.423,
              "Actual Rows": 1,
              "Actual Loops": 4,
              "Plans": [
                {
                  "Node Type": "Seq Scan",
                  "Parent Relationship": "Outer",
                  "Parallel Aware": true,
                  "Relation Name": "movie_keyword",
                  "Alias": "mk",
                  "Startup Cost": 0.0,
                  "Total Cost": 42695.65,
                  "Plan Rows": 507195,
                  "Plan Width": 0,
                  "Actual Startup Time": 1.476,
                  "Actual Total Time": 124.541,
                  "Actual Rows": 394804,
                  "Actual Loops": 4,
                  "Filter": "(keyword_id > 9858)",
                  "Rows Removed by Filter": 736179
                }
              ]
            }
          ]
        }
      ]
    },
    "Planning Time": 0.179,
    "Triggers": [],
    "Execution Time": 164.675
  }
]