[
  {
    "Plan": {
      "Node Type": "Aggregate",
      "Strategy": "Plain",
      "Partial Mode": "Finalize",
      "Parallel Aware": false,
      "Startup Cost": 33142.52,
      "Total Cost": 33142.53,
      "Plan Rows": 1,
      "Plan Width": 8,
      "Actual Startup Time": 95.734,
      "Actual Total Time": 103.851,
      "Actual Rows": 1,
      "Actual Loops": 1,
      "Plans": [
        {
          "Node Type": "Gather",
          "Parent Relationship": "Outer",
          "Parallel Aware": false,
          "Startup Cost": 33142.2,
          "Total Cost": 33142.51,
          "Plan Rows": 3,
          "Plan Width": 8,
          "Actual Startup Time": 95.63,
          "Actual Total Time": 103.842,
          "Actual Rows": 4,
          "Actual Loops": 1,
          "Workers Planned": 3,
          "Workers Launched": 3,
          "Single Copy": false,
          "Plans": [
            {
              "Node Type": "Aggregate",
              "Strategy": "Plain",
              "Partial Mode": "Partial",
              "Parent Relationship": "Outer",
              "Parallel Aware": false,
              "Startup Cost": 32142.2,
              "Total Cost": 32142.21,
              "Plan Rows": 1,
              "Plan Width": 8,
              "Actual Startup Time": 88.081,
              "Actual Total Time": 88.082,
              "Actual Rows": 1,
              "Actual Loops": 4,
              "Plans": [
                {
                  "Node Type": "Seq Scan",
                  "Parent Relationship": "Outer",
                  "Parallel Aware": true,
                  "Relation Name": "movie_companies",
                  "Alias": "mc",
                  "Startup Cost": 0.0,
                  "Total Cost": 31414.82,
                  "Plan Rows": 290952,
                  "Plan Width": 0,
                  "Actual Startup Time": 50.366,
                  "Actual Total Time": 82.249,
                  "Actual Rows": 145576,
                  "Actual Loops": 4,
                  "Filter": "((company_id < 25672) AND (company_type_id = 2))",
                  "Rows Removed by Filter": 506707
                }
              ]
            }
          ]
        }
      ]
    },
    "Planning Time": 0.227,
    "Triggers": [],
    "Execution Time": 103.92
  }
]