{
  "Plan": {
    "Node Type": "Aggregate",
    "Strategy": "Plain",
    "Partial Mode": "Finalize",
    "Parallel Aware": false,
    "Startup Cost": 89428.14,
    "Total Cost": 89428.15,
    "Plan Rows": 1,
    "Plan Width": 8,
    "Actual Startup Time": 333.298,
    "Actual Total Time": 346.838,
    "Actual Rows": 1,
    "Actual Loops": 1,
    "Plans": [
      {
        "Node Type": "Gather",
        "Parent Relationship": "Outer",
        "Parallel Aware": false,
        "Startup Cost": 89428.03,
        "Total Cost": 89428.14,
        "Plan Rows": 1,
        "Plan Width": 8,
        "Actual Startup Time": 331.282,
        "Actual Total Time": 346.831,
        "Actual Rows": 2,
        "Actual Loops": 1,
        "Workers Planned": 1,
        "Workers Launched": 1,
        "Single Copy": false,
        "Plans": [
          {
            "Node Type": "Aggregate",
            "Strategy": "Plain",
            "Partial Mode": "Partial",
            "Parent Relationship": "Outer",
            "Parallel Aware": false,
            "Startup Cost": 88428.03,
            "Total Cost": 88428.04,
            "Plan Rows": 1,
            "Plan Width": 8,
            "Actual Startup Time": 325.394,
            "Actual Total Time": 325.398,
            "Actual Rows": 1,
            "Actual Loops": 2,
            "Plans": [
              {
                "Node Type": "Hash Join",
                "Parent Relationship": "Outer",
                "Parallel Aware": true,
                "Join Type": "Inner",
                "Startup Cost": 63327.57,
                "Total Cost": 88388.68,
                "Plan Rows": 15740,
                "Plan Width": 0,
                "Actual Startup Time": 279.661,
                "Actual Total Time": 324.019,
                "Actual Rows": 27727,
                "Actual Loops": 2,
                "Inner Unique": true,
                "Hash Cond": "(mk.movie_id = t.id)",
                "Plans": [
                  {
                    "Node Type": "Bitmap Heap Scan",
                    "Parent Relationship": "Outer",
                    "Parallel Aware": true,
                    "Relation Name": "movie_keyword",
                    "Alias": "mk",
                    "Startup Cost": 1449.27,
                    "Total Cost": 26405.01,
                    "Plan Rows": 40139,
                    "Plan Width": 4,
                    "Actual Startup Time": 7.789,
                    "Actual Total Time": 35.406,
                    "Actual Rows": 34404,
                    "Actual Loops": 2,
                    "Recheck Cond": "(keyword_id < 59)",
                    "Rows Removed by Index Recheck": 0,
                    "Exact Heap Blocks": 12446,
                    "Lossy Heap Blocks": 0,
                    "Plans": [
                      {
                        "Node Type": "Bitmap Index Scan",
                        "Parent Relationship": "Outer",
                        "Parallel Aware": false,
                        "Index Name": "keyword_id_movie_keyword",
                        "Startup Cost": 0.0,
                        "Total Cost": 1432.21,
                        "Plan Rows": 68237,
                        "Plan Width": 0,
                        "Actual Startup Time": 4.933,
                        "Actual Total Time": 4.933,
                        "Actual Rows": 68809,
                        "Actual Loops": 1,
                        "Index Cond": "(keyword_id < 59)"
                      }
                    ]
                  },
                  {
                    "Node Type": "Hash",
                    "Parent Relationship": "Inner",
                    "Parallel Aware": true,
                    "Startup Cost": 54588.39,
                    "Total Cost": 54588.39,
                    "Plan Rows": 583193,
                    "Plan Width": 4,
                    "Actual Startup Time": 262.813,
                    "Actual Total Time": 262.814,
                    "Actual Rows": 492524,
                    "Actual Loops": 2,
                    "Hash Buckets": 1048576,
                    "Original Hash Buckets": 1048576,
                    "Hash Batches": 1,
                    "Original Hash Batches": 1,
                    "Peak Memory Usage": 46752,
                    "Plans": [
                      {
                        "Node Type": "Seq Scan",
                        "Parent Relationship": "Outer",
                        "Parallel Aware": true,
                        "Relation Name": "title",
                        "Alias": "t",
                        "Startup Cost": 0.0,
                        "Total Cost": 54588.39,
                        "Plan Rows": 583193,
                        "Plan Width": 4,
                        "Actual Startup Time": 0.041,
                        "Actual Total Time": 147.25,
                        "Actual Rows": 492524,
                        "Actual Loops": 2,
                        "Filter": "(kind_id < 7)",
                        "Rows Removed by Filter": 771632
                      }
                    ]
                  }
                ]
              }
            ]
          }
        ]
      }
    ]
  },
  "Planning Time": 0.58,
  "Triggers": [],
  "Execution Time": 346.93
}