[
  {
    "Plan": {
      "Node Type": "Aggregate",
      "Strategy": "Plain",
      "Partial Mode": "Finalize",
      "Parallel Aware": false,
      "Startup Cost": 112653.34,
      "Total Cost": 112653.35,
      "Plan Rows": 1,
      "Plan Width": 8,
      "Actual Startup Time": 443.395,
      "Actual Total Time": 463.169,
      "Actual Rows": 1,
      "Actual Loops": 1,
      "Plans": [
        {
          "Node Type": "Gather",
          "Parent Relationship": "Outer",
          "Parallel Aware": false,
          "Startup Cost": 112653.02,
          "Total Cost": 112653.33,
          "Plan Rows": 3,
          "Plan Width": 8,
          "Actual Startup Time": 440.956,
          "Actual Total Time": 463.155,
          "Actual Rows": 4,
          "Actual Loops": 1,
          "Workers Planned": 3,
          "Workers Launched": 3,
          "Single Copy": false,
          "Plans": [
            {
              "Node Type": "Aggregate",
              "Strategy": "Plain",
              "Partial Mode": "Partial",
              "Parent Relationship": "Outer",
              "Parallel Aware": false,
              "Startup Cost": 111653.02,
              "Total Cost": 111653.03,
              "Plan Rows": 1,
              "Plan Width": 8,
              "Actual Startup Time": 435.17,
              "Actual Total Time": 435.243,
              "Actual Rows": 1,
              "Actual Loops": 4,
              "Plans": [
                {
                  "Node Type": "Hash Join",
                  "Parent Relationship": "Outer",
                  "Parallel Aware": true,
                  "Join Type": "Inner",
                  "Startup Cost": 63264.9,
                  "Total Cost": 111348.17,
                  "Plan Rows": 121942,
                  "Plan Width": 0,
                  "Actual Startup Time": 230.179,
                  "Actual Total Time": 430.384,
                  "Actual Rows": 105938,
                  "Actual Loops": 4,
                  "Inner Unique": false,
                  "Hash Cond": "(mk.movie_id = t.id)",
                  "Plans": [
                    {
                      "Node Type": "Seq Scan",
                      "Parent Relationship": "Outer",
                      "Parallel Aware": true,
                      "Relation Name": "movie_keyword",
                      "Alias": "mk",
                      "Startup Cost": 0.0,
                      "Total Cost": 42695.65,
                      "Plan Rows": 1301208,
                      "Plan Width": 4,
                      "Actual Startup Time": 0.036,
                      "Actual Total Time": 119.989,
                      "Actual Rows": 1008920,
                      "Actual Loops": 4,
                      "Filter": "(keyword_id < 36822)",
                      "Rows Removed by Filter": 122063
                    },
                    {
                      "Node Type": "Hash",
                      "Parent Relationship": "Inner",
                      "Parallel Aware": true,
                      "Startup Cost": 62030.78,
                      "Total Cost": 62030.78,
                      "Plan Rows": 98729,
                      "Plan Width": 8,
                      "Actual Startup Time": 228.641,
                      "Actual Total Time": 228.712,
                      "Actual Rows": 35090,
                      "Actual Loops": 4,
                      "Hash Buckets": 262144,
                      "Original Hash Buckets": 262144,
                      "Hash Batches": 1,
                      "Original Hash Batches": 1,
                      "Peak Memory Usage": 7616,
                      "Plans": [
                        {
                          "Node Type": "Hash Join",
                          "Parent Relationship": "Outer",
                          "Parallel Aware": true,
                          "Join Type": "Inner",
                          "Startup Cost": 46836.22,
                          "Total Cost": 62030.78,
                          "Plan Rows": 98729,
                          "Plan Width": 8,
                          "Actual Startup Time": 137.659,
                          "Actual Total Time": 219.105,
                          "Actual Rows": 35090,
                          "Actual Loops": 4,
                          "Inner Unique": true,
                          "Hash Cond": "(mi_idx.movie_id = t.id)",
                          "Plans": [
                            {
                              "Node Type": "Seq Scan",
                              "Parent Relationship": "Outer",
                              "Parallel Aware": true,
                              "Relation Name": "movie_info_idx",
                              "Alias": "mi_idx",
                              "Startup Cost": 0.0,
                              "Total Cost": 13685.15,
                              "Plan Rows": 575015,
                              "Plan Width": 4,
                              "Actual Startup Time": 0.014,
                              "Actual Total Time": 33.172,
                              "Actual Rows": 345009,
                              "Actual Loops": 4
                            },
                            {
                              "Node Type": "Hash",
                              "Parent Relationship": "Inner",
                              "Parallel Aware": true,
                              "Startup Cost": 45479.59,
                              "Total Cost": 45479.59,
                              "Plan Rows": 108531,
                              "Plan Width": 4,
                              "Actual Startup Time": 136.008,
                              "Actual Total Time": 136.009,
                              "Actual Rows": 76742,
                              "Actual Loops": 4,
                              "Hash Buckets": 524288,
                              "Original Hash Buckets": 524288,
                              "Hash Batches": 1,
                              "Original Hash Batches": 1,
                              "Peak Memory Usage": 16160,
                              "Plans": [
                                {
                                  "Node Type": "Seq Scan",
                                  "Parent Relationship": "Outer",
                                  "Parallel Aware": true,
                                  "Relation Name": "title",
                                  "Alias": "t",
                                  "Startup Cost": 0.0,
                                  "Total Cost": 45479.59,
                                  "Plan Rows": 108531,
                                  "Plan Width": 4,
                                  "Actual Startup Time": 0.04,
                                  "Actual Total Time": 103.325,
                                  "Actual Rows": 76742,
                                  "Actual Loops": 4,
                                  "Filter": "((kind_id > 1) AND (production_year < 1986))",
                                  "Rows Removed by Filter": 555336
                                }
                              ]
                            }
                          ]
                        }
                      ]
                    }
                  ]
                }
              ]
            }
          ]
        }
      ]
    },
    "Planning Time": 0.645,
    "Triggers": [],
    "Execution Time": 463.228
  }
]