{
  "Plan": {
    "Node Type": "Aggregate",
    "Strategy": "Plain",
    "Partial Mode": "Finalize",
    "Parallel Aware": false,
    "Startup Cost": 89607.61,
    "Total Cost": 89607.62,
    "Plan Rows": 1,
    "Plan Width": 64,
    "Actual Startup Time": 374.917,
    "Actual Total Time": 398.392,
    "Actual Rows": 1,
    "Actual Loops": 1,
    "Plans": [
      {
        "Node Type": "Gather",
        "Parent Relationship": "Outer",
        "Parallel Aware": false,
        "Startup Cost": 89607.49,
        "Total Cost": 89607.6,
        "Plan Rows": 1,
        "Plan Width": 64,
        "Actual Startup Time": 374.44,
        "Actual Total Time": 398.384,
        "Actual Rows": 2,
        "Actual Loops": 1,
        "Workers Planned": 1,
        "Workers Launched": 1,
        "Single Copy": false,
        "Plans": [
          {
            "Node Type": "Aggregate",
            "Strategy": "Plain",
            "Partial Mode": "Partial",
            "Parent Relationship": "Outer",
            "Parallel Aware": false,
            "Startup Cost": 88607.49,
            "Total Cost": 88607.5,
            "Plan Rows": 1,
            "Plan Width": 64,
            "Actual Startup Time": 366.691,
            "Actual Total Time": 366.701,
            "Actual Rows": 1,
            "Actual Loops": 2,
            "Plans": [
              {
                "Node Type": "Merge Join",
                "Parent Relationship": "Outer",
                "Parallel Aware": false,
                "Join Type": "Inner",
                "Startup Cost": 88550.39,
                "Total Cost": 88593.22,
                "Plan Rows": 2854,
                "Plan Width": 33,
                "Actual Startup Time": 366.687,
                "Actual Total Time": 366.696,
                "Actual Rows": 0,
                "Actual Loops": 2,
                "Inner Unique": true,
                "Merge Cond": "(mc.company_type_id = ct.id)",
                "Plans": [
                  {
                    "Node Type": "Sort",
                    "Parent Relationship": "Outer",
                    "Parallel Aware": false,
                    "Startup Cost": 88549.31,
                    "Total Cost": 88556.45,
                    "Plan Rows": 2854,
                    "Plan Width": 37,
                    "Actual Startup Time": 366.685,
                    "Actual Total Time": 366.693,
                    "Actual Rows": 0,
                    "Actual Loops": 2,
                    "Sort Key": [
                      "mc.company_type_id"
                    ],
                    "Sort Method": "quicksort",
                    "Sort Space Used": 25,
                    "Sort Space Type": "Memory",
                    "Workers": [
                      {
                        "Worker Number": 0,
                        "Sort Method": "quicksort",
                        "Sort Space Used": 25,
                        "Sort Space Type": "Memory"
                      }
                    ],
                    "Plans": [
                      {
                        "Node Type": "Nested Loop",
                        "Parent Relationship": "Outer",
                        "Parallel Aware": false,
                        "Join Type": "Inner",
                        "Startup Cost": 39255.77,
                        "Total Cost": 88385.51,
                        "Plan Rows": 2854,
                        "Plan Width": 37,
                        "Actual Startup Time": 366.622,
                        "Actual Total Time": 366.63,
                        "Actual Rows": 0,
                        "Actual Loops": 2,
                        "Inner Unique": true,
                        "Plans": [
                          {
                            "Node Type": "Hash Join",
                            "Parent Relationship": "Outer",
                            "Parallel Aware": false,
                            "Join Type": "Inner",
                            "Startup Cost": 39255.34,
                            "Total Cost": 86733.33,
                            "Plan Rows": 2854,
                            "Plan Width": 25,
                            "Actual Startup Time": 109.741,
                            "Actual Total Time": 365.877,
                            "Actual Rows": 2518,
                            "Actual Loops": 2,
                            "Inner Unique": true,
                            "Hash Cond": "(ci.role_id = rt.id)",
                            "Plans": [
                              {
                                "Node Type": "Nested Loop",
                                "Parent Relationship": "Outer",
                                "Parallel Aware": false,
                                "Join Type": "Inner",
                                "Startup Cost": 39254.07,
                                "Total Cost": 86721.92,
                                "Plan Rows": 2854,
                                "Plan Width": 29,
                                "Actual Startup Time": 109.471,
                                "Actual Total Time": 365.04,
                                "Actual Rows": 2518,
                                "Actual Loops": 2,
                                "Inner Unique": false,
                                "Join Filter": "(t.id = ci.movie_id)",
                                "Rows Removed by Join Filter": 0,
                                "Plans": [
                                  {
                                    "Node Type": "Hash Join",
                                    "Parent Relationship": "Outer",
                                    "Parallel Aware": true,
                                    "Join Type": "Inner",
                                    "Startup Cost": 39253.51,
                                    "Total Cost": 77456.18,
                                    "Plan Rows": 4970,
                                    "Plan Width": 29,
                                    "Actual Startup Time": 109.146,
                                    "Actual Total Time": 299.498,
                                    "Actual Rows": 10245,
                                    "Actual Loops": 2,
                                    "Inner Unique": true,
                                    "Hash Cond": "(mc.company_id = cn.id)",
                                    "Plans": [
                                      {
                                        "Node Type": "Hash Join",
                                        "Parent Relationship": "Outer",
                                        "Parallel Aware": true,
                                        "Join Type": "Inner",
                                        "Startup Cost": 33905.2,
                                        "Total Cost": 72071.83,
                                        "Plan Rows": 13732,
                                        "Plan Width": 33,
                                        "Actual Startup Time": 64.969,
                                        "Actual Total Time": 251.324,
                                        "Actual Rows": 23706,
                                        "Actual Loops": 2,
                                        "Inner Unique": true,
                                        "Hash Cond": "(mc.movie_id = t.id)",
                                        "Plans": [
                                          {
                                            "Node Type": "Seq Scan",
                                            "Parent Relationship": "Outer",
                                            "Parallel Aware": true,
                                            "Relation Name": "movie_companies",
                                            "Alias": "mc",
                                            "Startup Cost": 0.0,
                                            "Total Cost": 34137.82,
                                            "Plan Rows": 1534782,
                                            "Plan Width": 12,
                                            "Actual Startup Time": 0.017,
                                            "Actual Total Time": 99.443,
                                            "Actual Rows": 1304564,
                                            "Actual Loops": 2
                                          },
                                          {
                                            "Node Type": "Hash",
                                            "Parent Relationship": "Inner",
                                            "Parallel Aware": true,
                                            "Startup Cost": 33738.86,
                                            "Total Cost": 33738.86,
                                            "Plan Rows": 13307,
                                            "Plan Width": 21,
                                            "Actual Startup Time": 27.253,
                                            "Actual Total Time": 27.255,
                                            "Actual Rows": 12254,
                                            "Actual Loops": 2,
                                            "Hash Buckets": 32768,
                                            "Original Hash Buckets": 32768,
                                            "Hash Batches": 1,
                                            "Original Hash Batches": 1,
                                            "Peak Memory Usage": 1856,
                                            "Plans": [
                                              {
                                                "Node Type": "Bitmap Heap Scan",
                                                "Parent Relationship": "Outer",
                                                "Parallel Aware": true,
                                                "Relation Name": "title",
                                                "Alias": "t",
                                                "Startup Cost": 427.75,
                                                "Total Cost": 33738.86,
                                                "Plan Rows": 13307,
                                                "Plan Width": 21,
                                                "Actual Startup Time": 4.25,
                                                "Actual Total Time": 22.621,
                                                "Actual Rows": 12254,
                                                "Actual Loops": 2,
                                                "Recheck Cond": "(production_year < 1910)",
                                                "Rows Removed by Index Recheck": 0,
                                                "Exact Heap Blocks": 8021,
                                                "Lossy Heap Blocks": 0,
                                                "Plans": [
                                                  {
                                                    "Node Type": "Bitmap Index Scan",
                                                    "Parent Relationship": "Outer",
                                                    "Parallel Aware": false,
                                                    "Index Name": "idx_title_production_year",
                                                    "Startup Cost": 0.0,
                                                    "Total Cost": 422.09,
                                                    "Plan Rows": 22622,
                                                    "Plan Width": 0,
                                                    "Actual Startup Time": 2.8,
                                                    "Actual Total Time": 2.801,
                                                    "Actual Rows": 24508,
                                                    "Actual Loops": 1,
                                                    "Index Cond": "(production_year < 1910)"
                                                  }
                                                ]
                                              }
                                            ]
                                          }
                                        ]
                                      },
                                      {
                                        "Node Type": "Hash",
                                        "Parent Relationship": "Inner",
                                        "Parallel Aware": true,
                                        "Startup Cost": 4722.92,
                                        "Total Cost": 4722.92,
                                        "Plan Rows": 50031,
                                        "Plan Width": 4,
                                        "Actual Startup Time": 41.982,
                                        "Actual Total Time": 41.983,
                                        "Actual Rows": 42422,
                                        "Actual Loops": 2,
                                        "Hash Buckets": 131072,
                                        "Original Hash Buckets": 131072,
                                        "Hash Batches": 1,
                                        "Original Hash Batches": 1,
                                        "Peak Memory Usage": 4384,
                                        "Plans": [
                                          {
                                            "Node Type": "Seq Scan",
                                            "Parent Relationship": "Outer",
                                            "Parallel Aware": true,
                                            "Relation Name": "company_name",
                                            "Alias": "cn",
                                            "Startup Cost": 0.0,
                                            "Total Cost": 4722.92,
                                            "Plan Rows": 50031,
                                            "Plan Width": 4,
                                            "Actual Startup Time": 0.036,
                                            "Actual Total Time": 26.742,
                                            "Actual Rows": 42422,
                                            "Actual Loops": 2,
                                            "Filter": "((country_code)::text = '[us]'::text)",
                                            "Rows Removed by Filter": 75077
                                          }
                                        ]
                                      }
                                    ]
                                  },
                                  {
                                    "Node Type": "Index Scan",
                                    "Parent Relationship": "Inner",
                                    "Parallel Aware": false,
                                    "Scan Direction": "Forward",
                                    "Index Name": "movie_id_cast_info",
                                    "Relation Name": "cast_info",
                                    "Alias": "ci",
                                    "Startup Cost": 0.56,
                                    "Total Cost": 1.85,
                                    "Plan Rows": 1,
                                    "Plan Width": 12,
                                    "Actual Startup Time": 0.006,
                                    "Actual Total Time": 0.006,
                                    "Actual Rows": 0,
                                    "Actual Loops": 20490,
                                    "Index Cond": "(movie_id = mc.movie_id)",
                                    "Rows Removed by Index Recheck": 0,
                                    "Filter": "(note ~~ '%(producer)%'::text)",
                                    "Rows Removed by Filter": 1
                                  }
                                ]
                              },
                              {
                                "Node Type": "Hash",
                                "Parent Relationship": "Inner",
                                "Parallel Aware": false,
                                "Startup Cost": 1.12,
                                "Total Cost": 1.12,
                                "Plan Rows": 12,
                                "Plan Width": 4,
                                "Actual Startup Time": 0.071,
                                "Actual Total Time": 0.072,
                                "Actual Rows": 12,
                                "Actual Loops": 2,
                                "Hash Buckets": 1024,
                                "Original Hash Buckets": 1024,
                                "Hash Batches": 1,
                                "Original Hash Batches": 1,
                                "Peak Memory Usage": 9,
                                "Plans": [
                                  {
                                    "Node Type": "Seq Scan",
                                    "Parent Relationship": "Outer",
                                    "Parallel Aware": false,
                                    "Relation Name": "role_type",
                                    "Alias": "rt",
                                    "Startup Cost": 0.0,
                                    "Total Cost": 1.12,
                                    "Plan Rows": 12,
                                    "Plan Width": 4,
                                    "Actual Startup Time": 0.04,
                                    "Actual Total Time": 0.046,
                                    "Actual Rows": 12,
                                    "Actual Loops": 2
                                  }
                                ]
                              }
                            ]
                          },
                          {
                            "Node Type": "Index Scan",
                            "Parent Relationship": "Inner",
                            "Parallel Aware": false,
                            "Scan Direction": "Forward",
                            "Index Name": "char_name_pkey",
                            "Relation Name": "char_name",
                            "Alias": "chn",
                            "Startup Cost": 0.43,
                            "Total Cost": 0.58,
                            "Plan Rows": 1,
                            "Plan Width": 20,
                            "Actual Startup Time": 0.0,
                            "Actual Total Time": 0.0,
                            "Actual Rows": 0,
                            "Actual Loops": 5036,
                            "Index Cond": "(id = ci.person_role_id)",
                            "Rows Removed by Index Recheck": 0
                          }
                        ]
                      }
                    ]
                  },
                  {
                    "Node Type": "Sort",
                    "Parent Relationship": "Inner",
                    "Parallel Aware": false,
                    "Startup Cost": 1.08,
                    "Total Cost": 1.09,
                    "Plan Rows": 4,
                    "Plan Width": 4,
                    "Actual Startup Time": 0.0,
                    "Actual Total Time": 0.0,
                    "Actual Rows": 0,
                    "Actual Loops": 0,
                    "Sort Key": [
                      "ct.id"
                    ],
                    "Plans": [
                      {
                        "Node Type": "Seq Scan",
                        "Parent Relationship": "Outer",
                        "Parallel Aware": false,
                        "Relation Name": "company_type",
                        "Alias": "ct",
                        "Startup Cost": 0.0,
                        "Total Cost": 1.04,
                        "Plan Rows": 4,
                        "Plan Width": 4,
                        "Actual Startup Time": 0.0,
                        "Actual Total Time": 0.0,
                        "Actual Rows": 0,
                        "Actual Loops": 0
                      }
                    ]
                  }
                ]
              }
            ]
          }
        ]
      }
    ]
  },
  "Planning Time": 2.35,
  "Triggers": [],
  "Execution Time": 398.571
}