{
  "Plan": {
    "Node Type": "Aggregate",
    "Strategy": "Plain",
    "Partial Mode": "Simple",
    "Parallel Aware": false,
    "Startup Cost": 16707.05,
    "Total Cost": 16707.06,
    "Plan Rows": 1,
    "Plan Width": 64,
    "Actual Startup Time": 74.521,
    "Actual Total Time": 74.522,
    "Actual Rows": 1,
    "Actual Loops": 1,
    "Plans": [
      {
        "Node Type": "Nested Loop",
        "Parent Relationship": "Outer",
        "Parallel Aware": false,
        "Join Type": "Inner",
        "Startup Cost": 11.68,
        "Total Cost": 16707.05,
        "Plan Rows": 1,
        "Plan Width": 23,
        "Actual Startup Time": 6.174,
        "Actual Total Time": 74.462,
        "Actual Rows": 214,
        "Actual Loops": 1,
        "Inner Unique": true,
        "Plans": [
          {
            "Node Type": "Nested Loop",
            "Parent Relationship": "Outer",
            "Parallel Aware": false,
            "Join Type": "Inner",
            "Startup Cost": 11.25,
            "Total Cost": 16706.07,
            "Plan Rows": 2,
            "Plan Width": 14,
            "Actual Startup Time": 5.047,
            "Actual Total Time": 67.174,
            "Actual Rows": 1949,
            "Actual Loops": 1,
            "Inner Unique": false,
            "Join Filter": "(mi_idx.info_type_id = it.id)",
            "Rows Removed by Join Filter": 1827,
            "Plans": [
              {
                "Node Type": "Seq Scan",
                "Parent Relationship": "Outer",
                "Parallel Aware": false,
                "Relation Name": "info_type",
                "Alias": "it",
                "Startup Cost": 0.0,
                "Total Cost": 2.41,
                "Plan Rows": 1,
                "Plan Width": 4,
                "Actual Startup Time": 0.028,
                "Actual Total Time": 0.03,
                "Actual Rows": 1,
                "Actual Loops": 1,
                "Filter": "((info)::text = 'rating'::text)",
                "Rows Removed by Filter": 112
              },
              {
                "Node Type": "Nested Loop",
                "Parent Relationship": "Inner",
                "Parallel Aware": false,
                "Join Type": "Inner",
                "Startup Cost": 11.25,
                "Total Cost": 16700.33,
                "Plan Rows": 266,
                "Plan Width": 18,
                "Actual Startup Time": 5.015,
                "Actual Total Time": 66.761,
                "Actual Rows": 3776,
                "Actual Loops": 1,
                "Inner Unique": false,
                "Plans": [
                  {
                    "Node Type": "Nested Loop",
                    "Parent Relationship": "Outer",
                    "Parallel Aware": false,
                    "Join Type": "Inner",
                    "Startup Cost": 10.82,
                    "Total Cost": 16476.94,
                    "Plan Rows": 438,
                    "Plan Width": 4,
                    "Actual Startup Time": 4.961,
                    "Actual Total Time": 30.569,
                    "Actual Rows": 12951,
                    "Actual Loops": 1,
                    "Inner Unique": false,
                    "Plans": [
                      {
                        "Node Type": "Seq Scan",
                        "Parent Relationship": "Outer",
                        "Parallel Aware": false,
                        "Relation Name": "keyword",
                        "Alias": "k",
                        "Startup Cost": 0.0,
                        "Total Cost": 2626.12,
                        "Plan Rows": 13,
                        "Plan Width": 4,
                        "Actual Startup Time": 1.787,
                        "Actual Total Time": 14.594,
                        "Actual Rows": 30,
                        "Actual Loops": 1,
                        "Filter": "(keyword ~~ '%sequel%'::text)",
                        "Rows Removed by Filter": 134140
                      },
                      {
                        "Node Type": "Bitmap Heap Scan",
                        "Parent Relationship": "Inner",
                        "Parallel Aware": false,
                        "Relation Name": "movie_keyword",
                        "Alias": "mk",
                        "Startup Cost": 10.82,
                        "Total Cost": 1062.37,
                        "Plan Rows": 308,
                        "Plan Width": 8,
                        "Actual Startup Time": 0.12,
                        "Actual Total Time": 0.488,
                        "Actual Rows": 432,
                        "Actual Loops": 30,
                        "Recheck Cond": "(keyword_id = k.id)",
                        "Rows Removed by Index Recheck": 0,
                        "Exact Heap Blocks": 6979,
                        "Lossy Heap Blocks": 0,
                        "Plans": [
                          {
                            "Node Type": "Bitmap Index Scan",
                            "Parent Relationship": "Outer",
                            "Parallel Aware": false,
                            "Index Name": "keyword_id_movie_keyword",
                            "Startup Cost": 0.0,
                            "Total Cost": 10.74,
                            "Plan Rows": 308,
                            "Plan Width": 0,
                            "Actual Startup Time": 0.067,
                            "Actual Total Time": 0.067,
                            "Actual Rows": 432,
                            "Actual Loops": 30,
                            "Index Cond": "(keyword_id = k.id)"
                          }
                        ]
                      }
                    ]
                  },
                  {
                    "Node Type": "Index Scan",
                    "Parent Relationship": "Inner",
                    "Parallel Aware": false,
                    "Scan Direction": "Forward",
                    "Index Name": "movie_id_movie_info_idx",
                    "Relation Name": "movie_info_idx",
                    "Alias": "mi_idx",
                    "Startup Cost": 0.43,
                    "Total Cost": 0.5,
                    "Plan Rows": 1,
                    "Plan Width": 14,
                    "Actual Startup Time": 0.003,
                    "Actual Total Time": 0.003,
                    "Actual Rows": 0,
                    "Actual Loops": 12951,
                    "Index Cond": "(movie_id = mk.movie_id)",
                    "Rows Removed by Index Recheck": 0,
                    "Filter": "(info > '6.7'::text)",
                    "Rows Removed by Filter": 2
                  }
                ]
              }
            ]
          },
          {
            "Node Type": "Index Scan",
            "Parent Relationship": "Inner",
            "Parallel Aware": false,
            "Scan Direction": "Forward",
            "Index Name": "title_pkey",
            "Relation Name": "title",
            "Alias": "t",
            "Startup Cost": 0.43,
            "Total Cost": 0.49,
            "Plan Rows": 1,
            "Plan Width": 21,
            "Actual Startup Time": 0.004,
            "Actual Total Time": 0.004,
            "Actual Rows": 0,
            "Actual Loops": 1949,
            "Index Cond": "(id = mk.movie_id)",
            "Rows Removed by Index Recheck": 0,
            "Filter": "(production_year > 2006)",
            "Rows Removed by Filter": 1
          }
        ]
      }
    ]
  },
  "Planning Time": 0.86,
  "Triggers": [],
  "Execution Time": 74.594
}