[
  {
    "Plan": {
      "Node Type": "Aggregate",
      "Strategy": "Plain",
      "Partial Mode": "Finalize",
      "Parallel Aware": false,
      "Startup Cost": 46238.59,
      "Total Cost": 46238.6,
      "Plan Rows": 1,
      "Plan Width": 8,
      "Actual Startup Time": 160.311,
      "Actual Total Time": 170.276,
      "Actual Rows": 1,
      "Actual Loops": 1,
      "Plans": [
        {
          "Node Type": "Gather",
          "Parent Relationship": "Outer",
          "Parallel Aware": false,
          "Startup Cost": 46238.27,
          "Total Cost": 46238.58,
          "Plan Rows": 3,
          "Plan Width": 8,
          "Actual Startup Time": 160.158,
          "Actual Total Time": 170.266,
          "Actual Rows": 4,
          "Actual Loops": 1,
          "Workers Planned": 3,
          "Workers Launched": 3,
          "Single Copy": false,
          "Plans": [
            {
              "Node Type": "Aggregate",
              "Strategy": "Plain",
              "Partial Mode": "Partial",
              "Parent Relationship": "Outer",
              "Parallel Aware": false,
              "Startup Cost": 45238.27,
              "Total Cost": 45238.28,
              "Plan Rows": 1,
              "Plan Width": 8,
              "Actual Startup Time": 154.809,
              "Actual Total Time": 154.811,
              "Actual Rows": 1,
              "Actual Loops": 4,
              "Plans": [
                {
                  "Node Type": "Seq Scan",
                  "Parent Relationship": "Outer",
                  "Parallel Aware": true,
                  "Relation Name": "movie_keyword",
                  "Alias": "mk",
                  "Startup Cost": 0.0,
                  "Total Cost": 42695.65,
                  "Plan Rows": 1017046,
                  "Plan Width": 0,
                  "Actual Startup Time": 0.044,
                  "Actual Total Time": 120.456,
                  "Actual Rows": 788230,
                  "Actual Loops": 4,
                  "Filter": "(keyword_id < 12185)",
                  "Rows Removed by Filter": 342753
                }
              ]
            }
          ]
        }
      ]
    },
    "Planning Time": 0.141,
    "Triggers": [],
    "Execution Time": 170.325
  }
]