[
  {
    "Plan": {
      "Node Type": "Aggregate",
      "Strategy": "Plain",
      "Partial Mode": "Finalize",
      "Parallel Aware": false,
      "Startup Cost": 39657.55,
      "Total Cost": 39657.56,
      "Plan Rows": 1,
      "Plan Width": 8,
      "Actual Startup Time": 64.667,
      "Actual Total Time": 70.167,
      "Actual Rows": 1,
      "Actual Loops": 1,
      "Plans": [
        {
          "Node Type": "Gather",
          "Parent Relationship": "Outer",
          "Parallel Aware": false,
          "Startup Cost": 39657.13,
          "Total Cost": 39657.54,
          "Plan Rows": 4,
          "Plan Width": 8,
          "Actual Startup Time": 64.393,
          "Actual Total Time": 70.161,
          "Actual Rows": 5,
          "Actual Loops": 1,
          "Workers Planned": 4,
          "Workers Launched": 4,
          "Single Copy": false,
          "Plans": [
            {
              "Node Type": "Aggregate",
              "Strategy": "Plain",
              "Partial Mode": "Partial",
              "Parent Relationship": "Outer",
              "Parallel Aware": false,
              "Startup Cost": 38657.13,
              "Total Cost": 38657.14,
              "Plan Rows": 1,
              "Plan Width": 8,
              "Actual Startup Time": 55.236,
              "Actual Total Time": 55.237,
              "Actual Rows": 1,
              "Actual Loops": 5,
              "Plans": [
                {
                  "Node Type": "Bitmap Heap Scan",
                  "Parent Relationship": "Outer",
                  "Parallel Aware": true,
                  "Relation Name": "title",
                  "Alias": "t",
                  "Startup Cost": 2186.63,
                  "Total Cost": 38642.89,
                  "Plan Rows": 5696,
                  "Plan Width": 0,
                  "Actual Startup Time": 26.293,
                  "Actual Total Time": 55.223,
                  "Actual Rows": 14,
                  "Actual Loops": 5,
                  "Recheck Cond": "(kind_id = 4)",
                  "Rows Removed by Index Recheck": 0,
                  "Filter": "(production_year < 1978)",
                  "Rows Removed by Filter": 23633,
                  "Exact Heap Blocks": 7092,
                  "Lossy Heap Blocks": 0,
                  "Plans": [
                    {
                      "Node Type": "Bitmap Index Scan",
                      "Parent Relationship": "Outer",
                      "Parallel Aware": false,
                      "Index Name": "kind_id_title",
                      "Startup Cost": 0.0,
                      "Total Cost": 2180.94,
                      "Plan Rows": 122201,
                      "Plan Width": 0,
                      "Actual Startup Time": 21.409,
                      "Actual Total Time": 21.409,
                      "Actual Rows": 118234,
                      "Actual Loops": 1,
                      "Index Cond": "(kind_id = 4)"
                    }
                  ]
                }
              ]
            }
          ]
        }
      ]
    },
    "Planning Time": 0.198,
    "Triggers": [],
    "Execution Time": 70.241
  }
]