[
  {
    "Plan": {
      "Node Type": "Aggregate",
      "Strategy": "Plain",
      "Partial Mode": "Finalize",
      "Parallel Aware": false,
      "Startup Cost": 122276.2,
      "Total Cost": 122276.21,
      "Plan Rows": 1,
      "Plan Width": 8,
      "Actual Startup Time": 391.314,
      "Actual Total Time": 413.262,
      "Actual Rows": 1,
      "Actual Loops": 1,
      "Plans": [
        {
          "Node Type": "Gather",
          "Parent Relationship": "Outer",
          "Parallel Aware": false,
          "Startup Cost": 122275.89,
          "Total Cost": 122276.2,
          "Plan Rows": 3,
          "Plan Width": 8,
          "Actual Startup Time": 389.846,
          "Actual Total Time": 413.244,
          "Actual Rows": 4,
          "Actual Loops": 1,
          "Workers Planned": 3,
          "Workers Launched": 3,
          "Single Copy": false,
          "Plans": [
            {
              "Node Type": "Aggregate",
              "Strategy": "Plain",
              "Partial Mode": "Partial",
              "Parent Relationship": "Outer",
              "Parallel Aware": false,
              "Startup Cost": 121275.89,
              "Total Cost": 121275.9,
              "Plan Rows": 1,
              "Plan Width": 8,
              "Actual Startup Time": 384.46,
              "Actual Total Time": 384.585,
              "Actual Rows": 1,
              "Actual Loops": 4,
              "Plans": [
                {
                  "Node Type": "Hash Join",
                  "Parent Relationship": "Outer",
                  "Parallel Aware": true,
                  "Join Type": "Inner",
                  "Startup Cost": 90179.59,
                  "Total Cost": 121200.53,
                  "Plan Rows": 30141,
                  "Plan Width": 0,
                  "Actual Startup Time": 313.859,
                  "Actual Total Time": 382.946,
                  "Actual Rows": 35146,
                  "Actual Loops": 4,
                  "Inner Unique": false,
                  "Hash Cond": "(mc.movie_id = t.id)",
                  "Plans": [
                    {
                      "Node Type": "Seq Scan",
                      "Parent Relationship": "Outer",
                      "Parallel Aware": true,
                      "Relation Name": "movie_companies",
                      "Alias": "mc",
                      "Startup Cost": 0.0,
                      "Total Cost": 29310.68,
                      "Plan Rows": 430142,
                      "Plan Width": 4,
                      "Actual Startup Time": 30.476,
                      "Actual Total Time": 68.111,
                      "Actual Rows": 333721,
                      "Actual Loops": 4,
                      "Filter": "(company_type_id > 1)",
                      "Rows Removed by Filter": 318562
                    },
                    {
                      "Node Type": "Hash",
                      "Parent Relationship": "Inner",
                      "Parallel Aware": true,
                      "Startup Cost": 89465.19,
                      "Total Cost": 89465.19,
                      "Plan Rows": 57152,
                      "Plan Width": 8,
                      "Actual Startup Time": 281.648,
                      "Actual Total Time": 281.772,
                      "Actual Rows": 17532,
                      "Actual Loops": 4,
                      "Hash Buckets": 262144,
                      "Original Hash Buckets": 262144,
                      "Hash Batches": 1,
                      "Original Hash Batches": 1,
                      "Peak Memory Usage": 4864,
                      "Plans": [
                        {
                          "Node Type": "Hash Join",
                          "Parent Relationship": "Outer",
                          "Parallel Aware": true,
                          "Join Type": "Inner",
                          "Startup Cost": 44399.47,
                          "Total Cost": 89465.19,
                          "Plan Rows": 57152,
                          "Plan Width": 8,
                          "Actual Startup Time": 107.062,
                          "Actual Total Time": 276.922,
                          "Actual Rows": 17532,
                          "Actual Loops": 4,
                          "Inner Unique": true,
                          "Hash Cond": "(mk.movie_id = t.id)",
                          "Plans": [
                            {
                              "Node Type": "Seq Scan",
                              "Parent Relationship": "Outer",
                              "Parallel Aware": true,
                              "Relation Name": "movie_keyword",
                              "Alias": "mk",
                              "Startup Cost": 0.0,
                              "Total Cost": 42695.65,
                              "Plan Rows": 902882,
                              "Plan Width": 4,
                              "Actual Startup Time": 0.184,
                              "Actual Total Time": 111.343,
                              "Actual Rows": 700426,
                              "Actual Loops": 4,
                              "Filter": "(keyword_id > 2762)",
                              "Rows Removed by Filter": 430557
                            },
                            {
                              "Node Type": "Hash",
                              "Parent Relationship": "Inner",
                              "Parallel Aware": true,
                              "Startup Cost": 43899.32,
                              "Total Cost": 43899.32,
                              "Plan Rows": 40012,
                              "Plan Width": 4,
                              "Actual Startup Time": 105.849,
                              "Actual Total Time": 105.85,
                              "Actual Rows": 41077,
                              "Actual Loops": 4,
                              "Hash Buckets": 262144,
                              "Original Hash Buckets": 262144,
                              "Hash Batches": 1,
                              "Original Hash Batches": 1,
                              "Peak Memory Usage": 8512,
                              "Plans": [
                                {
                                  "Node Type": "Seq Scan",
                                  "Parent Relationship": "Outer",
                                  "Parallel Aware": true,
                                  "Relation Name": "title",
                                  "Alias": "t",
                                  "Startup Cost": 0.0,
                                  "Total Cost": 43899.32,
                                  "Plan Rows": 40012,
                                  "Plan Width": 4,
                                  "Actual Startup Time": 0.029,
                                  "Actual Total Time": 90.509,
                                  "Actual Rows": 41077,
                                  "Actual Loops": 4,
                                  "Filter": "(production_year = 2012)",
                                  "Rows Removed by Filter": 591001
                                }
                              ]
                            }
                          ]
                        }
                      ]
                    }
                  ]
                }
              ]
            }
          ]
        }
      ]
    },
    "Planning Time": 0.744,
    "Triggers": [],
    "Execution Time": 413.307
  }
]