[
  {
    "Plan": {
      "Node Type": "Aggregate",
      "Strategy": "Plain",
      "Partial Mode": "Finalize",
      "Parallel Aware": false,
      "Startup Cost": 122295.3,
      "Total Cost": 122295.31,
      "Plan Rows": 1,
      "Plan Width": 8,
      "Actual Startup Time": 360.106,
      "Actual Total Time": 380.742,
      "Actual Rows": 1,
      "Actual Loops": 1,
      "Plans": [
        {
          "Node Type": "Gather",
          "Parent Relationship": "Outer",
          "Parallel Aware": false,
          "Startup Cost": 122294.98,
          "Total Cost": 122295.29,
          "Plan Rows": 3,
          "Plan Width": 8,
          "Actual Startup Time": 359.315,
          "Actual Total Time": 380.735,
          "Actual Rows": 4,
          "Actual Loops": 1,
          "Workers Planned": 3,
          "Workers Launched": 3,
          "Single Copy": false,
          "Plans": [
            {
              "Node Type": "Aggregate",
              "Strategy": "Plain",
              "Partial Mode": "Partial",
              "Parent Relationship": "Outer",
              "Parallel Aware": false,
              "Startup Cost": 121294.98,
              "Total Cost": 121294.99,
              "Plan Rows": 1,
              "Plan Width": 8,
              "Actual Startup Time": 351.033,
              "Actual Total Time": 351.038,
              "Actual Rows": 1,
              "Actual Loops": 4,
              "Plans": [
                {
                  "Node Type": "Hash Join",
                  "Parent Relationship": "Outer",
                  "Parallel Aware": true,
                  "Join Type": "Inner",
                  "Startup Cost": 90208.11,
                  "Total Cost": 121219.15,
                  "Plan Rows": 30333,
                  "Plan Width": 0,
                  "Actual Startup Time": 288.898,
                  "Actual Total Time": 349.593,
                  "Actual Rows": 35146,
                  "Actual Loops": 4,
                  "Inner Unique": false,
                  "Hash Cond": "(mc.movie_id = t.id)",
                  "Plans": [
                    {
                      "Node Type": "Seq Scan",
                      "Parent Relationship": "Outer",
                      "Parallel Aware": true,
                      "Relation Name": "movie_companies",
                      "Alias": "mc",
                      "Startup Cost": 0.0,
                      "Total Cost": 29310.68,
                      "Plan Rows": 427336,
                      "Plan Width": 4,
                      "Actual Startup Time": 26.215,
                      "Actual Total Time": 59.474,
                      "Actual Rows": 333721,
                      "Actual Loops": 4,
                      "Filter": "(company_type_id > 1)",
                      "Rows Removed by Filter": 318562
                    },
                    {
                      "Node Type": "Hash",
                      "Parent Relationship": "Inner",
                      "Parallel Aware": true,
                      "Startup Cost": 89484.47,
                      "Total Cost": 89484.47,
                      "Plan Rows": 57891,
                      "Plan Width": 8,
                      "Actual Startup Time": 260.2,
                      "Actual Total Time": 260.204,
                      "Actual Rows": 17532,
                      "Actual Loops": 4,
                      "Hash Buckets": 262144,
                      "Original Hash Buckets": 262144,
                      "Hash Batches": 1,
                      "Original Hash Batches": 1,
                      "Peak Memory Usage": 4832,
                      "Plans": [
                        {
                          "Node Type": "Hash Join",
                          "Parent Relationship": "Outer",
                          "Parallel Aware": true,
                          "Join Type": "Inner",
                          "Startup Cost": 44401.94,
                          "Total Cost": 89484.47,
                          "Plan Rows": 57891,
                          "Plan Width": 8,
                          "Actual Startup Time": 101.083,
                          "Actual Total Time": 256.024,
                          "Actual Rows": 17532,
                          "Actual Loops": 4,
                          "Inner Unique": true,
                          "Hash Cond": "(mk.movie_id = t.id)",
                          "Plans": [
                            {
                              "Node Type": "Seq Scan",
                              "Parent Relationship": "Outer",
                              "Parallel Aware": true,
                              "Relation Name": "movie_keyword",
                              "Alias": "mk",
                              "Startup Cost": 0.0,
                              "Total Cost": 42695.65,
                              "Plan Rows": 909286,
                              "Plan Width": 4,
                              "Actual Startup Time": 0.176,
                              "Actual Total Time": 102.966,
                              "Actual Rows": 700426,
                              "Actual Loops": 4,
                              "Filter": "(keyword_id > 2762)",
                              "Rows Removed by Filter": 430557
                            },
                            {
                              "Node Type": "Hash",
                              "Parent Relationship": "Inner",
                              "Parallel Aware": true,
                              "Startup Cost": 43898.92,
                              "Total Cost": 43898.92,
                              "Plan Rows": 40242,
                              "Plan Width": 4,
                              "Actual Startup Time": 99.713,
                              "Actual Total Time": 99.714,
                              "Actual Rows": 41077,
                              "Actual Loops": 4,
                              "Hash Buckets": 262144,
                              "Original Hash Buckets": 262144,
                              "Hash Batches": 1,
                              "Original Hash Batches": 1,
                              "Peak Memory Usage": 8544,
                              "Plans": [
                                {
                                  "Node Type": "Seq Scan",
                                  "Parent Relationship": "Outer",
                                  "Parallel Aware": true,
                                  "Relation Name": "title",
                                  "Alias": "t",
                                  "Startup Cost": 0.0,
                                  "Total Cost": 43898.92,
                                  "Plan Rows": 40242,
                                  "Plan Width": 4,
                                  "Actual Startup Time": 0.031,
                                  "Actual Total Time": 86.651,
                                  "Actual Rows": 41077,
                                  "Actual Loops": 4,
                                  "Filter": "(production_year = 2012)",
                                  "Rows Removed by Filter": 591001
                                }
                              ]
                            }
                          ]
                        }
                      ]
                    }
                  ]
                }
              ]
            }
          ]
        }
      ]
    },
    "Planning Time": 1.213,
    "Triggers": [],
    "Execution Time": 380.805
  }
]