{
  "Plan": {
    "Node Type": "Aggregate",
    "Strategy": "Plain",
    "Partial Mode": "Finalize",
    "Parallel Aware": false,
    "Startup Cost": 81556.48,
    "Total Cost": 81556.49,
    "Plan Rows": 1,
    "Plan Width": 8,
    "Actual Startup Time": 293.725,
    "Actual Total Time": 303.908,
    "Actual Rows": 1,
    "Actual Loops": 1,
    "Plans": [
      {
        "Node Type": "Gather",
        "Parent Relationship": "Outer",
        "Parallel Aware": false,
        "Startup Cost": 81556.36,
        "Total Cost": 81556.47,
        "Plan Rows": 1,
        "Plan Width": 8,
        "Actual Startup Time": 293.429,
        "Actual Total Time": 303.899,
        "Actual Rows": 2,
        "Actual Loops": 1,
        "Workers Planned": 1,
        "Workers Launched": 1,
        "Single Copy": false,
        "Plans": [
          {
            "Node Type": "Aggregate",
            "Strategy": "Plain",
            "Partial Mode": "Partial",
            "Parent Relationship": "Outer",
            "Parallel Aware": false,
            "Startup Cost": 80556.36,
            "Total Cost": 80556.37,
            "Plan Rows": 1,
            "Plan Width": 8,
            "Actual Startup Time": 287.339,
            "Actual Total Time": 287.344,
            "Actual Rows": 1,
            "Actual Loops": 2,
            "Plans": [
              {
                "Node Type": "Hash Join",
                "Parent Relationship": "Outer",
                "Parallel Aware": true,
                "Join Type": "Inner",
                "Startup Cost": 20201.47,
                "Total Cost": 80521.69,
                "Plan Rows": 13870,
                "Plan Width": 0,
                "Actual Startup Time": 27.552,
                "Actual Total Time": 286.257,
                "Actual Rows": 15116,
                "Actual Loops": 2,
                "Inner Unique": false,
                "Hash Cond": "(t.id = mc.movie_id)",
                "Plans": [
                  {
                    "Node Type": "Seq Scan",
                    "Parent Relationship": "Outer",
                    "Parallel Aware": true,
                    "Relation Name": "title",
                    "Alias": "t",
                    "Startup Cost": 0.0,
                    "Total Cost": 54588.39,
                    "Plan Rows": 904038,
                    "Plan Width": 4,
                    "Actual Startup Time": 0.015,
                    "Actual Total Time": 167.833,
                    "Actual Rows": 771632,
                    "Actual Loops": 2,
                    "Filter": "(kind_id = 7)",
                    "Rows Removed by Filter": 492524
                  },
                  {
                    "Node Type": "Hash",
                    "Parent Relationship": "Inner",
                    "Parallel Aware": true,
                    "Startup Cost": 19916.26,
                    "Total Cost": 19916.26,
                    "Plan Rows": 22817,
                    "Plan Width": 4,
                    "Actual Startup Time": 26.4,
                    "Actual Total Time": 26.402,
                    "Actual Rows": 18068,
                    "Actual Loops": 2,
                    "Hash Buckets": 65536,
                    "Original Hash Buckets": 65536,
                    "Hash Batches": 1,
                    "Original Hash Batches": 1,
                    "Peak Memory Usage": 1952,
                    "Plans": [
                      {
                        "Node Type": "Bitmap Heap Scan",
                        "Parent Relationship": "Outer",
                        "Parallel Aware": true,
                        "Relation Name": "movie_companies",
                        "Alias": "mc",
                        "Startup Cost": 841.04,
                        "Total Cost": 19916.26,
                        "Plan Rows": 22817,
                        "Plan Width": 4,
                        "Actual Startup Time": 3.811,
                        "Actual Total Time": 19.336,
                        "Actual Rows": 18068,
                        "Actual Loops": 2,
                        "Recheck Cond": "(company_id = 160)",
                        "Rows Removed by Index Recheck": 0,
                        "Exact Heap Blocks": 3838,
                        "Lossy Heap Blocks": 0,
                        "Plans": [
                          {
                            "Node Type": "Bitmap Index Scan",
                            "Parent Relationship": "Outer",
                            "Parallel Aware": false,
                            "Index Name": "company_id_movie_companies",
                            "Startup Cost": 0.0,
                            "Total Cost": 831.35,
                            "Plan Rows": 38789,
                            "Plan Width": 0,
                            "Actual Startup Time": 5.58,
                            "Actual Total Time": 5.581,
                            "Actual Rows": 36136,
                            "Actual Loops": 1,
                            "Index Cond": "(company_id = 160)"
                          }
                        ]
                      }
                    ]
                  }
                ]
              }
            ]
          }
        ]
      }
    ]
  },
  "Planning Time": 0.411,
  "Triggers": [],
  "Execution Time": 303.98
}