[
  {
    "Plan": {
      "Node Type": "Aggregate",
      "Strategy": "Plain",
      "Partial Mode": "Finalize",
      "Parallel Aware": false,
      "Startup Cost": 427128.02,
      "Total Cost": 427128.03,
      "Plan Rows": 1,
      "Plan Width": 8,
      "Actual Startup Time": 2011.615,
      "Actual Total Time": 2083.136,
      "Actual Rows": 1,
      "Actual Loops": 1,
      "Plans": [
        {
          "Node Type": "Gather",
          "Parent Relationship": "Outer",
          "Parallel Aware": false,
          "Startup Cost": 427127.39,
          "Total Cost": 427128.0,
          "Plan Rows": 6,
          "Plan Width": 8,
          "Actual Startup Time": 2005.457,
          "Actual Total Time": 2083.124,
          "Actual Rows": 7,
          "Actual Loops": 1,
          "Workers Planned": 6,
          "Workers Launched": 6,
          "Single Copy": false,
          "Plans": [
            {
              "Node Type": "Aggregate",
              "Strategy": "Plain",
              "Partial Mode": "Partial",
              "Parent Relationship": "Outer",
              "Parallel Aware": false,
              "Startup Cost": 426127.39,
              "Total Cost": 426127.4,
              "Plan Rows": 1,
              "Plan Width": 8,
              "Actual Startup Time": 1993.406,
              "Actual Total Time": 1993.411,
              "Actual Rows": 1,
              "Actual Loops": 7,
              "Plans": [
                {
                  "Node Type": "Hash Join",
                  "Parent Relationship": "Outer",
                  "Parallel Aware": true,
                  "Join Type": "Inner",
                  "Startup Cost": 82304.77,
                  "Total Cost": 422070.85,
                  "Plan Rows": 1622618,
                  "Plan Width": 0,
                  "Actual Startup Time": 285.817,
                  "Actual Total Time": 1920.588,
                  "Actual Rows": 1539715,
                  "Actual Loops": 7,
                  "Inner Unique": false,
                  "Hash Cond": "(ci.movie_id = t.id)",
                  "Plans": [
                    {
                      "Node Type": "Seq Scan",
                      "Parent Relationship": "Outer",
                      "Parallel Aware": true,
                      "Relation Name": "cast_info",
                      "Alias": "ci",
                      "Startup Cost": 0.0,
                      "Total Cost": 313067.02,
                      "Plan Rows": 6038002,
                      "Plan Width": 4,
                      "Actual Startup Time": 0.022,
                      "Actual Total Time": 567.604,
                      "Actual Rows": 5177763,
                      "Actual Loops": 7
                    },
                    {
                      "Node Type": "Hash",
                      "Parent Relationship": "Inner",
                      "Parallel Aware": true,
                      "Startup Cost": 80181.52,
                      "Total Cost": 80181.52,
                      "Plan Rows": 169860,
                      "Plan Width": 8,
                      "Actual Startup Time": 282.481,
                      "Actual Total Time": 282.484,
                      "Actual Rows": 62488,
                      "Actual Loops": 7,
                      "Hash Buckets": 1048576,
                      "Original Hash Buckets": 1048576,
                      "Hash Batches": 1,
                      "Original Hash Batches": 1,
                      "Peak Memory Usage": 25408,
                      "Plans": [
                        {
                          "Node Type": "Hash Join",
                          "Parent Relationship": "Outer",
                          "Parallel Aware": true,
                          "Join Type": "Inner",
                          "Startup Cost": 34154.49,
                          "Total Cost": 80181.52,
                          "Plan Rows": 169860,
                          "Plan Width": 8,
                          "Actual Startup Time": 103.613,
                          "Actual Total Time": 250.219,
                          "Actual Rows": 62488,
                          "Actual Loops": 7,
                          "Inner Unique": false,
                          "Hash Cond": "(t.id = mc.movie_id)",
                          "Plans": [
                            {
                              "Node Type": "Seq Scan",
                              "Parent Relationship": "Outer",
                              "Parallel Aware": true,
                              "Relation Name": "title",
                              "Alias": "t",
                              "Startup Cost": 0.0,
                              "Total Cost": 42318.73,
                              "Plan Rows": 632073,
                              "Plan Width": 4,
                              "Actual Startup Time": 0.016,
                              "Actual Total Time": 58.01,
                              "Actual Rows": 361187,
                              "Actual Loops": 7
                            },
                            {
                              "Node Type": "Hash",
                              "Parent Relationship": "Inner",
                              "Parallel Aware": true,
                              "Startup Cost": 31414.82,
                              "Total Cost": 31414.82,
                              "Plan Rows": 219174,
                              "Plan Width": 4,
                              "Actual Startup Time": 101.944,
                              "Actual Total Time": 101.945,
                              "Actual Rows": 62488,
                              "Actual Loops": 7,
                              "Hash Buckets": 1048576,
                              "Original Hash Buckets": 1048576,
                              "Hash Batches": 1,
                              "Original Hash Batches": 1,
                              "Peak Memory Usage": 25472,
                              "Plans": [
                                {
                                  "Node Type": "Seq Scan",
                                  "Parent Relationship": "Outer",
                                  "Parallel Aware": true,
                                  "Relation Name": "movie_companies",
                                  "Alias": "mc",
                                  "Startup Cost": 0.0,
                                  "Total Cost": 31414.82,
                                  "Plan Rows": 219174,
                                  "Plan Width": 4,
                                  "Actual Startup Time": 43.525,
                                  "Actual Total Time": 67.263,
                                  "Actual Rows": 62488,
                                  "Actual Loops": 7,
                                  "Filter": "((company_id < 11434) AND (company_type_id > 1))",
                                  "Rows Removed by Filter": 310244
                                }
                              ]
                            }
                          ]
                        }
                      ]
                    }
                  ]
                }
              ]
            }
          ]
        }
      ]
    },
    "Planning Time": 1.472,
    "Triggers": [],
    "Execution Time": 2083.241
  }
]