{
  "Plan": {
    "Node Type": "Merge Join",
    "Parallel Aware": false,
    "Join Type": "Inner",
    "Startup Cost": 453354.68,
    "Total Cost": 496794.55,
    "Plan Rows": 2086514,
    "Plan Width": 4,
    "Actual Startup Time": 3262.73,
    "Actual Total Time": 3870.165,
    "Actual Rows": 2087248,
    "Actual Loops": 1,
    "Inner Unique": false,
    "Merge Cond": "(cn.id = mc.company_id)",
    "Plans": [
      {
        "Node Type": "Index Only Scan",
        "Parent Relationship": "Outer",
        "Parallel Aware": false,
        "Scan Direction": "Forward",
        "Index Name": "company_name_pkey",
        "Relation Name": "company_name",
        "Alias": "cn",
        "Startup Cost": 0.42,
        "Total Cost": 11881.93,
        "Plan Rows": 234997,
        "Plan Width": 4,
        "Actual Startup Time": 0.056,
        "Actual Total Time": 43.755,
        "Actual Rows": 73232,
        "Actual Loops": 1,
        "Heap Fetches": 73232
      },
      {
        "Node Type": "Sort",
        "Parent Relationship": "Inner",
        "Parallel Aware": false,
        "Startup Cost": 453035.26,
        "Total Cost": 458251.55,
        "Plan Rows": 2086514,
        "Plan Width": 4,
        "Actual Startup Time": 3262.66,
        "Actual Total Time": 3603.187,
        "Actual Rows": 2087248,
        "Actual Loops": 1,
        "Sort Key": [
          "mc.company_id"
        ],
        "Sort Method": "quicksort",
        "Sort Space Used": 146992,
        "Sort Space Type": "Memory",
        "Plans": [
          {
            "Node Type": "Hash Join",
            "Parent Relationship": "Outer",
            "Parallel Aware": false,
            "Join Type": "Inner",
            "Startup Cost": 129755.15,
            "Total Cost": 234027.84,
            "Plan Rows": 2086514,
            "Plan Width": 4,
            "Actual Startup Time": 1342.167,
            "Actual Total Time": 2824.867,
            "Actual Rows": 2087248,
            "Actual Loops": 1,
            "Inner Unique": false,
            "Hash Cond": "(t.id = mc.movie_id)",
            "Plans": [
              {
                "Node Type": "Seq Scan",
                "Parent Relationship": "Outer",
                "Parallel Aware": false,
                "Relation Name": "title",
                "Alias": "t",
                "Startup Cost": 0.0,
                "Total Cost": 61283.09,
                "Plan Rows": 2528509,
                "Plan Width": 4,
                "Actual Startup Time": 0.071,
                "Actual Total Time": 321.224,
                "Actual Rows": 2528312,
                "Actual Loops": 1
              },
              {
                "Node Type": "Hash",
                "Parent Relationship": "Inner",
                "Parallel Aware": false,
                "Startup Cost": 103673.73,
                "Total Cost": 103673.73,
                "Plan Rows": 2086514,
                "Plan Width": 8,
                "Actual Startup Time": 1316.57,
                "Actual Total Time": 1316.574,
                "Actual Rows": 2087248,
                "Actual Loops": 1,
                "Hash Buckets": 2097152,
                "Original Hash Buckets": 2097152,
                "Hash Batches": 1,
                "Original Hash Batches": 1,
                "Peak Memory Usage": 97918,
                "Plans": [
                  {
                    "Node Type": "Hash Join",
                    "Parent Relationship": "Outer",
                    "Parallel Aware": false,
                    "Join Type": "Inner",
                    "Startup Cost": 77485.54,
                    "Total Cost": 103673.73,
                    "Plan Rows": 2086514,
                    "Plan Width": 8,
                    "Actual Startup Time": 758.683,
                    "Actual Total Time": 924.102,
                    "Actual Rows": 2087248,
                    "Actual Loops": 1,
                    "Inner Unique": false,
                    "Hash Cond": "(ct.id = mc.company_type_id)",
                    "Plans": [
                      {
                        "Node Type": "Seq Scan",
                        "Parent Relationship": "Outer",
                        "Parallel Aware": false,
                        "Relation Name": "company_type",
                        "Alias": "ct",
                        "Startup Cost": 0.0,
                        "Total Cost": 1.04,
                        "Plan Rows": 4,
                        "Plan Width": 4,
                        "Actual Startup Time": 0.015,
                        "Actual Total Time": 0.025,
                        "Actual Rows": 4,
                        "Actual Loops": 1
                      },
                      {
                        "Node Type": "Hash",
                        "Parent Relationship": "Inner",
                        "Parallel Aware": false,
                        "Startup Cost": 51404.11,
                        "Total Cost": 51404.11,
                        "Plan Rows": 2086514,
                        "Plan Width": 12,
                        "Actual Startup Time": 744.223,
                        "Actual Total Time": 744.225,
                        "Actual Rows": 2087248,
                        "Actual Loops": 1,
                        "Hash Buckets": 2097152,
                        "Original Hash Buckets": 2097152,
                        "Hash Batches": 1,
                        "Original Hash Batches": 1,
                        "Peak Memory Usage": 106071,
                        "Plans": [
                          {
                            "Node Type": "Seq Scan",
                            "Parent Relationship": "Outer",
                            "Parallel Aware": false,
                            "Relation Name": "movie_companies",
                            "Alias": "mc",
                            "Startup Cost": 0.0,
                            "Total Cost": 51404.11,
                            "Plan Rows": 2086514,
                            "Plan Width": 12,
                            "Actual Startup Time": 0.053,
                            "Actual Total Time": 434.258,
                            "Actual Rows": 2087248,
                            "Actual Loops": 1,
                            "Filter": "(company_id < 73232)",
                            "Rows Removed by Filter": 521881
                          }
                        ]
                      }
                    ]
                  }
                ]
              }
            ]
          }
        ]
      }
    ]
  },
  "Planning Time": 5.987,
  "Triggers": [],
  "Execution Time": 3945.212
}