{
    "Plan": {
        "Node Type": "Aggregate",
        "Strategy": "Plain",
        "Partial Mode": "Finalize",
        "Parallel Aware": false,
        "Startup Cost": 90505.52,
        "Total Cost": 90505.53,
        "Plan Rows": 1,
        "Plan Width": 8,
        "Actual Startup Time": 471.301,
        "Actual Total Time": 495.606,
        "Actual Rows": 1,
        "Actual Loops": 1,
        "Output": [
            "count(*)"
        ],
        "Plans": [
            {
                "Node Type": "Gather",
                "Parent Relationship": "Outer",
                "Parallel Aware": false,
                "Startup Cost": 90505.2,
                "Total Cost": 90505.51,
                "Plan Rows": 3,
                "Plan Width": 8,
                "Actual Startup Time": 469.29,
                "Actual Total Time": 495.595,
                "Actual Rows": 4,
                "Actual Loops": 1,
                "Output": [
                    "(PARTIAL count(*))"
                ],
                "Workers Planned": 3,
                "Workers Launched": 3,
                "Single Copy": false,
                "Plans": [
                    {
                        "Node Type": "Aggregate",
                        "Strategy": "Plain",
                        "Partial Mode": "Partial",
                        "Parent Relationship": "Outer",
                        "Parallel Aware": false,
                        "Startup Cost": 89505.2,
                        "Total Cost": 89505.21,
                        "Plan Rows": 1,
                        "Plan Width": 8,
                        "Actual Startup Time": 460.419,
                        "Actual Total Time": 460.479,
                        "Actual Rows": 1,
                        "Actual Loops": 4,
                        "Output": [
                            "PARTIAL count(*)"
                        ],
                        "Workers": [
                            {
                                "Worker Number": 0,
                                "Actual Startup Time": 457.742,
                                "Actual Total Time": 457.745,
                                "Actual Rows": 1,
                                "Actual Loops": 1
                            },
                            {
                                "Worker Number": 1,
                                "Actual Startup Time": 457.47,
                                "Actual Total Time": 457.473,
                                "Actual Rows": 1,
                                "Actual Loops": 1
                            },
                            {
                                "Worker Number": 2,
                                "Actual Startup Time": 457.845,
                                "Actual Total Time": 457.848,
                                "Actual Rows": 1,
                                "Actual Loops": 1
                            }
                        ],
                        "Plans": [
                            {
                                "Node Type": "Hash Join",
                                "Parent Relationship": "Outer",
                                "Parallel Aware": true,
                                "Join Type": "Inner",
                                "Startup Cost": 46264.51,
                                "Total Cost": 89142.59,
                                "Plan Rows": 145046,
                                "Plan Width": 0,
                                "Actual Startup Time": 189.756,
                                "Actual Total Time": 442.77,
                                "Actual Rows": 393712,
                                "Actual Loops": 4,
                                "Inner Unique": true,
                                "Hash Cond": "(mk.movie_id = t.id)",
                                "Workers": [
                                    {
                                        "Worker Number": 0,
                                        "Actual Startup Time": 186.84,
                                        "Actual Total Time": 440.811,
                                        "Actual Rows": 434566,
                                        "Actual Loops": 1
                                    },
                                    {
                                        "Worker Number": 1,
                                        "Actual Startup Time": 186.909,
                                        "Actual Total Time": 439.129,
                                        "Actual Rows": 289998,
                                        "Actual Loops": 1
                                    },
                                    {
                                        "Worker Number": 2,
                                        "Actual Startup Time": 187.267,
                                        "Actual Total Time": 441.387,
                                        "Actual Rows": 395754,
                                        "Actual Loops": 1
                                    }
                                ],
                                "Plans": [
                                    {
                                        "Node Type": "Seq Scan",
                                        "Parent Relationship": "Outer",
                                        "Parallel Aware": true,
                                        "Relation Name": "movie_keyword",
                                        "Schema": "public",
                                        "Alias": "mk",
                                        "Startup Cost": 0.0,
                                        "Total Cost": 39047.32,
                                        "Plan Rows": 1459332,
                                        "Plan Width": 4,
                                        "Actual Startup Time": 0.014,
                                        "Actual Total Time": 110.237,
                                        "Actual Rows": 1130982,
                                        "Actual Loops": 4,
                                        "Output": [
                                            "mk.id",
                                            "mk.movie_id",
                                            "mk.keyword_id"
                                        ],
                                        "Workers": [
                                            {
                                                "Worker Number": 0,
                                                "Actual Startup Time": 0.014,
                                                "Actual Total Time": 115.973,
                                                "Actual Rows": 1241475,
                                                "Actual Loops": 1
                                            },
                                            {
                                                "Worker Number": 1,
                                                "Actual Startup Time": 0.015,
                                                "Actual Total Time": 113.281,
                                                "Actual Rows": 828245,
                                                "Actual Loops": 1
                                            },
                                            {
                                                "Worker Number": 2,
                                                "Actual Startup Time": 0.016,
                                                "Actual Total Time": 115.928,
                                                "Actual Rows": 1139600,
                                                "Actual Loops": 1
                                            }
                                        ]
                                    },
                                    {
                                        "Node Type": "Hash",
                                        "Parent Relationship": "Inner",
                                        "Parallel Aware": true,
                                        "Startup Cost": 45479.21,
                                        "Total Cost": 45479.21,
                                        "Plan Rows": 62824,
                                        "Plan Width": 4,
                                        "Actual Startup Time": 187.078,
                                        "Actual Total Time": 187.079,
                                        "Actual Rows": 97479,
                                        "Actual Loops": 4,
                                        "Output": [
                                            "t.id"
                                        ],
                                        "Hash Buckets": 524288,
                                        "Original Hash Buckets": 262144,
                                        "Hash Batches": 1,
                                        "Original Hash Batches": 1,
                                        "Peak Memory Usage": 21472,
                                        "Workers": [
                                            {
                                                "Worker Number": 0,
                                                "Actual Startup Time": 186.194,
                                                "Actual Total Time": 186.195,
                                                "Actual Rows": 102920,
                                                "Actual Loops": 1
                                            },
                                            {
                                                "Worker Number": 1,
                                                "Actual Startup Time": 186.17,
                                                "Actual Total Time": 186.17,
                                                "Actual Rows": 75549,
                                                "Actual Loops": 1
                                            },
                                            {
                                                "Worker Number": 2,
                                                "Actual Startup Time": 186.651,
                                                "Actual Total Time": 186.652,
                                                "Actual Rows": 99165,
                                                "Actual Loops": 1
                                            }
                                        ],
                                        "Plans": [
                                            {
                                                "Node Type": "Seq Scan",
                                                "Parent Relationship": "Outer",
                                                "Parallel Aware": true,
                                                "Relation Name": "title",
                                                "Schema": "public",
                                                "Alias": "t",
                                                "Startup Cost": 0.0,
                                                "Total Cost": 45479.21,
                                                "Plan Rows": 62824,
                                                "Plan Width": 4,
                                                "Actual Startup Time": 0.081,
                                                "Actual Total Time": 110.331,
                                                "Actual Rows": 97479,
                                                "Actual Loops": 4,
                                                "Output": [
                                                    "t.id"
                                                ],
                                                "Filter": "((t.kind_id < 4) AND (t.production_year < 1992))",
                                                "Rows Removed by Filter": 534599,
                                                "Workers": [
                                                    {
                                                        "Worker Number": 0,
                                                        "Actual Startup Time": 0.123,
                                                        "Actual Total Time": 108.625,
                                                        "Actual Rows": 102920,
                                                        "Actual Loops": 1
                                                    },
                                                    {
                                                        "Worker Number": 1,
                                                        "Actual Startup Time": 0.081,
                                                        "Actual Total Time": 111.163,
                                                        "Actual Rows": 75549,
                                                        "Actual Loops": 1
                                                    },
                                                    {
                                                        "Worker Number": 2,
                                                        "Actual Startup Time": 0.064,
                                                        "Actual Total Time": 109.691,
                                                        "Actual Rows": 99165,
                                                        "Actual Loops": 1
                                                    }
                                                ]
                                            }
                                        ]
                                    }
                                ]
                            }
                        ]
                    }
                ]
            }
        ]
    },
    "Planning Time": 0.747,
    "Triggers": [],
    "Execution Time": 495.684
}