{
  "Plan": {
    "Node Type": "Aggregate",
    "Strategy": "Plain",
    "Partial Mode": "Finalize",
    "Parallel Aware": false,
    "Startup Cost": 127968.28,
    "Total Cost": 127968.29,
    "Plan Rows": 1,
    "Plan Width": 8,
    "Actual Startup Time": 565.77,
    "Actual Total Time": 579.911,
    "Actual Rows": 1,
    "Actual Loops": 1,
    "Plans": [
      {
        "Node Type": "Gather",
        "Parent Relationship": "Outer",
        "Parallel Aware": false,
        "Startup Cost": 127968.17,
        "Total Cost": 127968.28,
        "Plan Rows": 1,
        "Plan Width": 8,
        "Actual Startup Time": 564.138,
        "Actual Total Time": 579.902,
        "Actual Rows": 2,
        "Actual Loops": 1,
        "Workers Planned": 1,
        "Workers Launched": 1,
        "Single Copy": false,
        "Plans": [
          {
            "Node Type": "Aggregate",
            "Strategy": "Plain",
            "Partial Mode": "Partial",
            "Parent Relationship": "Outer",
            "Parallel Aware": false,
            "Startup Cost": 126968.17,
            "Total Cost": 126968.18,
            "Plan Rows": 1,
            "Plan Width": 8,
            "Actual Startup Time": 558.504,
            "Actual Total Time": 558.508,
            "Actual Rows": 1,
            "Actual Loops": 2,
            "Plans": [
              {
                "Node Type": "Hash Join",
                "Parent Relationship": "Outer",
                "Parallel Aware": true,
                "Join Type": "Inner",
                "Startup Cost": 63896.79,
                "Total Cost": 125776.38,
                "Plan Rows": 476714,
                "Plan Width": 0,
                "Actual Startup Time": 246.32,
                "Actual Total Time": 555.25,
                "Actual Rows": 83196,
                "Actual Loops": 2,
                "Inner Unique": true,
                "Hash Cond": "(mk.movie_id = t.id)",
                "Plans": [
                  {
                    "Node Type": "Seq Scan",
                    "Parent Relationship": "Outer",
                    "Parallel Aware": true,
                    "Relation Name": "movie_keyword",
                    "Alias": "mk",
                    "Startup Cost": 0.0,
                    "Total Cost": 57718.19,
                    "Plan Rows": 1585290,
                    "Plan Width": 4,
                    "Actual Startup Time": 0.015,
                    "Actual Total Time": 180.418,
                    "Actual Rows": 1342693,
                    "Actual Loops": 2,
                    "Filter": "(keyword_id < 7579)",
                    "Rows Removed by Filter": 919272
                  },
                  {
                    "Node Type": "Hash",
                    "Parent Relationship": "Inner",
                    "Parallel Aware": true,
                    "Startup Cost": 58306.47,
                    "Total Cost": 58306.47,
                    "Plan Rows": 447226,
                    "Plan Width": 4,
                    "Actual Startup Time": 236.559,
                    "Actual Total Time": 236.56,
                    "Actual Rows": 341140,
                    "Actual Loops": 2,
                    "Hash Buckets": 1048576,
                    "Original Hash Buckets": 1048576,
                    "Hash Batches": 1,
                    "Original Hash Batches": 1,
                    "Peak Memory Usage": 34912,
                    "Plans": [
                      {
                        "Node Type": "Seq Scan",
                        "Parent Relationship": "Outer",
                        "Parallel Aware": true,
                        "Relation Name": "title",
                        "Alias": "t",
                        "Startup Cost": 0.0,
                        "Total Cost": 58306.47,
                        "Plan Rows": 447226,
                        "Plan Width": 4,
                        "Actual Startup Time": 0.046,
                        "Actual Total Time": 150.537,
                        "Actual Rows": 341140,
                        "Actual Loops": 2,
                        "Filter": "((production_year < 2004) AND (kind_id = 7))",
                        "Rows Removed by Filter": 923016
                      }
                    ]
                  }
                ]
              }
            ]
          }
        ]
      }
    ]
  },
  "Planning Time": 0.582,
  "Triggers": [],
  "Execution Time": 579.974
}