{
  "Plan": {
    "Node Type": "Aggregate",
    "Strategy": "Plain",
    "Partial Mode": "Finalize",
    "Parallel Aware": false,
    "Startup Cost": 123652.19,
    "Total Cost": 123652.2,
    "Plan Rows": 1,
    "Plan Width": 8,
    "Actual Startup Time": 210.085,
    "Actual Total Time": 226.789,
    "Actual Rows": 1,
    "Actual Loops": 1,
    "Plans": [
      {
        "Node Type": "Gather",
        "Parent Relationship": "Outer",
        "Parallel Aware": false,
        "Startup Cost": 123652.07,
        "Total Cost": 123652.18,
        "Plan Rows": 1,
        "Plan Width": 8,
        "Actual Startup Time": 209.967,
        "Actual Total Time": 226.782,
        "Actual Rows": 2,
        "Actual Loops": 1,
        "Workers Planned": 1,
        "Workers Launched": 1,
        "Single Copy": false,
        "Plans": [
          {
            "Node Type": "Aggregate",
            "Strategy": "Plain",
            "Partial Mode": "Partial",
            "Parent Relationship": "Outer",
            "Parallel Aware": false,
            "Startup Cost": 122652.07,
            "Total Cost": 122652.08,
            "Plan Rows": 1,
            "Plan Width": 8,
            "Actual Startup Time": 205.043,
            "Actual Total Time": 205.045,
            "Actual Rows": 1,
            "Actual Loops": 2,
            "Plans": [
              {
                "Node Type": "Nested Loop",
                "Parent Relationship": "Outer",
                "Parallel Aware": false,
                "Join Type": "Inner",
                "Startup Cost": 0.86,
                "Total Cost": 122627.91,
                "Plan Rows": 9666,
                "Plan Width": 0,
                "Actual Startup Time": 0.546,
                "Actual Total Time": 201.664,
                "Actual Rows": 73073,
                "Actual Loops": 2,
                "Inner Unique": false,
                "Join Filter": "(t.id = mc.movie_id)",
                "Rows Removed by Join Filter": 0,
                "Plans": [
                  {
                    "Node Type": "Nested Loop",
                    "Parent Relationship": "Outer",
                    "Parallel Aware": false,
                    "Join Type": "Inner",
                    "Startup Cost": 0.43,
                    "Total Cost": 116837.56,
                    "Plan Rows": 9367,
                    "Plan Width": 8,
                    "Actual Startup Time": 0.343,
                    "Actual Total Time": 157.547,
                    "Actual Rows": 10599,
                    "Actual Loops": 2,
                    "Inner Unique": false,
                    "Plans": [
                      {
                        "Node Type": "Seq Scan",
                        "Parent Relationship": "Outer",
                        "Parallel Aware": true,
                        "Relation Name": "title",
                        "Alias": "t",
                        "Startup Cost": 0.0,
                        "Total Cost": 54588.39,
                        "Plan Rows": 7982,
                        "Plan Width": 4,
                        "Actual Startup Time": 0.086,
                        "Actual Total Time": 122.815,
                        "Actual Rows": 7214,
                        "Actual Loops": 2,
                        "Filter": "(production_year = 1978)",
                        "Rows Removed by Filter": 1256942
                      },
                      {
                        "Node Type": "Index Scan",
                        "Parent Relationship": "Inner",
                        "Parallel Aware": false,
                        "Scan Direction": "Forward",
                        "Index Name": "movie_id_movie_keyword",
                        "Relation Name": "movie_keyword",
                        "Alias": "mk",
                        "Startup Cost": 0.43,
                        "Total Cost": 7.5,
                        "Plan Rows": 30,
                        "Plan Width": 4,
                        "Actual Startup Time": 0.004,
                        "Actual Total Time": 0.004,
                        "Actual Rows": 1,
                        "Actual Loops": 14428,
                        "Index Cond": "(movie_id = t.id)",
                        "Rows Removed by Index Recheck": 0,
                        "Filter": "(keyword_id < 10040)",
                        "Rows Removed by Filter": 1
                      }
                    ]
                  },
                  {
                    "Node Type": "Index Only Scan",
                    "Parent Relationship": "Inner",
                    "Parallel Aware": false,
                    "Scan Direction": "Forward",
                    "Index Name": "movie_id_movie_companies",
                    "Relation Name": "movie_companies",
                    "Alias": "mc",
                    "Startup Cost": 0.43,
                    "Total Cost": 0.56,
                    "Plan Rows": 5,
                    "Plan Width": 4,
                    "Actual Startup Time": 0.002,
                    "Actual Total Time": 0.003,
                    "Actual Rows": 7,
                    "Actual Loops": 21198,
                    "Index Cond": "(movie_id = mk.movie_id)",
                    "Rows Removed by Index Recheck": 0,
                    "Heap Fetches": 146146
                  }
                ]
              }
            ]
          }
        ]
      }
    ]
  },
  "Planning Time": 0.766,
  "Triggers": [],
  "Execution Time": 226.857
}