{
  "Plan": {
    "Node Type": "Aggregate",
    "Strategy": "Plain",
    "Partial Mode": "Finalize",
    "Parallel Aware": false,
    "Startup Cost": 164507.43,
    "Total Cost": 164507.44,
    "Plan Rows": 1,
    "Plan Width": 8,
    "Actual Startup Time": 1504.956,
    "Actual Total Time": 1531.166,
    "Actual Rows": 1,
    "Actual Loops": 1,
    "Plans": [
      {
        "Node Type": "Gather",
        "Parent Relationship": "Outer",
        "Parallel Aware": false,
        "Startup Cost": 164507.31,
        "Total Cost": 164507.42,
        "Plan Rows": 1,
        "Plan Width": 8,
        "Actual Startup Time": 1496.598,
        "Actual Total Time": 1531.158,
        "Actual Rows": 2,
        "Actual Loops": 1,
        "Workers Planned": 1,
        "Workers Launched": 1,
        "Single Copy": false,
        "Plans": [
          {
            "Node Type": "Aggregate",
            "Strategy": "Plain",
            "Partial Mode": "Partial",
            "Parent Relationship": "Outer",
            "Parallel Aware": false,
            "Startup Cost": 163507.31,
            "Total Cost": 163507.32,
            "Plan Rows": 1,
            "Plan Width": 8,
            "Actual Startup Time": 1490.176,
            "Actual Total Time": 1490.183,
            "Actual Rows": 1,
            "Actual Loops": 2,
            "Plans": [
              {
                "Node Type": "Hash Join",
                "Parent Relationship": "Outer",
                "Parallel Aware": true,
                "Join Type": "Inner",
                "Startup Cost": 117492.39,
                "Total Cost": 162650.02,
                "Plan Rows": 342916,
                "Plan Width": 0,
                "Actual Startup Time": 920.81,
                "Actual Total Time": 1402.89,
                "Actual Rows": 1802268,
                "Actual Loops": 2,
                "Inner Unique": false,
                "Hash Cond": "(mc.movie_id = t.id)",
                "Plans": [
                  {
                    "Node Type": "Seq Scan",
                    "Parent Relationship": "Outer",
                    "Parallel Aware": true,
                    "Relation Name": "movie_companies",
                    "Alias": "mc",
                    "Startup Cost": 0.0,
                    "Total Cost": 37974.77,
                    "Plan Rows": 1377522,
                    "Plan Width": 4,
                    "Actual Startup Time": 0.021,
                    "Actual Total Time": 150.369,
                    "Actual Rows": 1171454,
                    "Actual Loops": 2,
                    "Filter": "(company_id < 98430)",
                    "Rows Removed by Filter": 133110
                  },
                  {
                    "Node Type": "Hash",
                    "Parent Relationship": "Inner",
                    "Parallel Aware": true,
                    "Startup Cost": 112864.56,
                    "Total Cost": 112864.56,
                    "Plan Rows": 370227,
                    "Plan Width": 8,
                    "Actual Startup Time": 911.35,
                    "Actual Total Time": 911.355,
                    "Actual Rows": 320863,
                    "Actual Loops": 2,
                    "Hash Buckets": 1048576,
                    "Original Hash Buckets": 1048576,
                    "Hash Batches": 1,
                    "Original Hash Batches": 1,
                    "Peak Memory Usage": 33344,
                    "Plans": [
                      {
                        "Node Type": "Hash Join",
                        "Parent Relationship": "Outer",
                        "Parallel Aware": true,
                        "Join Type": "Inner",
                        "Startup Cost": 82810.87,
                        "Total Cost": 112864.56,
                        "Plan Rows": 370227,
                        "Plan Width": 8,
                        "Actual Startup Time": 619.636,
                        "Actual Total Time": 824.119,
                        "Actual Rows": 320863,
                        "Actual Loops": 2,
                        "Inner Unique": true,
                        "Hash Cond": "(mk.movie_id = t.id)",
                        "Plans": [
                          {
                            "Node Type": "Bitmap Heap Scan",
                            "Parent Relationship": "Outer",
                            "Parallel Aware": true,
                            "Relation Name": "movie_keyword",
                            "Alias": "mk",
                            "Startup Cost": 13350.17,
                            "Total Cost": 42432.01,
                            "Plan Rows": 370227,
                            "Plan Width": 4,
                            "Actual Startup Time": 32.219,
                            "Actual Total Time": 121.33,
                            "Actual Rows": 320863,
                            "Actual Loops": 2,
                            "Recheck Cond": "(keyword_id < 498)",
                            "Rows Removed by Index Recheck": 0,
                            "Exact Heap Blocks": 15850,
                            "Lossy Heap Blocks": 0,
                            "Plans": [
                              {
                                "Node Type": "Bitmap Index Scan",
                                "Parent Relationship": "Outer",
                                "Parallel Aware": false,
                                "Index Name": "keyword_id_movie_keyword",
                                "Startup Cost": 0.0,
                                "Total Cost": 13192.83,
                                "Plan Rows": 629386,
                                "Plan Width": 0,
                                "Actual Startup Time": 28.594,
                                "Actual Total Time": 28.594,
                                "Actual Rows": 641726,
                                "Actual Loops": 1,
                                "Index Cond": "(keyword_id < 498)"
                              }
                            ]
                          },
                          {
                            "Node Type": "Hash",
                            "Parent Relationship": "Inner",
                            "Parallel Aware": true,
                            "Startup Cost": 50870.31,
                            "Total Cost": 50870.31,
                            "Plan Rows": 1487231,
                            "Plan Width": 4,
                            "Actual Startup Time": 571.228,
                            "Actual Total Time": 571.229,
                            "Actual Rows": 1264156,
                            "Actual Loops": 2,
                            "Hash Buckets": 4194304,
                            "Original Hash Buckets": 4194304,
                            "Hash Batches": 1,
                            "Original Hash Batches": 1,
                            "Peak Memory Usage": 131712,
                            "Plans": [
                              {
                                "Node Type": "Seq Scan",
                                "Parent Relationship": "Outer",
                                "Parallel Aware": true,
                                "Relation Name": "title",
                                "Alias": "t",
                                "Startup Cost": 0.0,
                                "Total Cost": 50870.31,
                                "Plan Rows": 1487231,
                                "Plan Width": 4,
                                "Actual Startup Time": 0.035,
                                "Actual Total Time": 177.996,
                                "Actual Rows": 1264156,
                                "Actual Loops": 2
                              }
                            ]
                          }
                        ]
                      }
                    ]
                  }
                ]
              }
            ]
          }
        ]
      }
    ]
  },
  "Planning Time": 0.957,
  "Triggers": [],
  "Execution Time": 1531.266
}