[
  {
    "Plan": {
      "Node Type": "Aggregate",
      "Strategy": "Plain",
      "Partial Mode": "Finalize",
      "Parallel Aware": false,
      "Startup Cost": 260970.94,
      "Total Cost": 260970.95,
      "Plan Rows": 1,
      "Plan Width": 8,
      "Actual Startup Time": 4667.879,
      "Actual Total Time": 4755.898,
      "Actual Rows": 1,
      "Actual Loops": 1,
      "Plans": [
        {
          "Node Type": "Gather",
          "Parent Relationship": "Outer",
          "Parallel Aware": false,
          "Startup Cost": 260970.62,
          "Total Cost": 260970.93,
          "Plan Rows": 3,
          "Plan Width": 8,
          "Actual Startup Time": 4666.76,
          "Actual Total Time": 4755.888,
          "Actual Rows": 4,
          "Actual Loops": 1,
          "Workers Planned": 3,
          "Workers Launched": 3,
          "Single Copy": false,
          "Plans": [
            {
              "Node Type": "Aggregate",
              "Strategy": "Plain",
              "Partial Mode": "Partial",
              "Parent Relationship": "Outer",
              "Parallel Aware": false,
              "Startup Cost": 259970.62,
              "Total Cost": 259970.63,
              "Plan Rows": 1,
              "Plan Width": 8,
              "Actual Startup Time": 4657.128,
              "Actual Total Time": 4657.194,
              "Actual Rows": 1,
              "Actual Loops": 4,
              "Plans": [
                {
                  "Node Type": "Nested Loop",
                  "Parent Relationship": "Outer",
                  "Parallel Aware": false,
                  "Join Type": "Inner",
                  "Startup Cost": 46232.74,
                  "Total Cost": 257096.86,
                  "Plan Rows": 1149503,
                  "Plan Width": 0,
                  "Actual Startup Time": 162.773,
                  "Actual Total Time": 4439.179,
                  "Actual Rows": 5131746,
                  "Actual Loops": 4,
                  "Inner Unique": false,
                  "Join Filter": "(t.id = ci.movie_id)",
                  "Rows Removed by Join Filter": 0,
                  "Plans": [
                    {
                      "Node Type": "Hash Join",
                      "Parent Relationship": "Outer",
                      "Parallel Aware": true,
                      "Join Type": "Inner",
                      "Startup Cost": 46232.17,
                      "Total Cost": 75648.06,
                      "Plan Rows": 80222,
                      "Plan Width": 8,
                      "Actual Startup Time": 162.658,
                      "Actual Total Time": 381.379,
                      "Actual Rows": 189579,
                      "Actual Loops": 4,
                      "Inner Unique": true,
                      "Hash Cond": "(mc.movie_id = t.id)",
                      "Plans": [
                        {
                          "Node Type": "Seq Scan",
                          "Parent Relationship": "Outer",
                          "Parallel Aware": true,
                          "Relation Name": "movie_companies",
                          "Alias": "mc",
                          "Startup Cost": 0.0,
                          "Total Cost": 27206.55,
                          "Plan Rows": 841655,
                          "Plan Width": 4,
                          "Actual Startup Time": 0.029,
                          "Actual Total Time": 61.389,
                          "Actual Rows": 652282,
                          "Actual Loops": 4
                        },
                        {
                          "Node Type": "Hash",
                          "Parent Relationship": "Inner",
                          "Parallel Aware": true,
                          "Startup Cost": 45479.1,
                          "Total Cost": 45479.1,
                          "Plan Rows": 60246,
                          "Plan Width": 4,
                          "Actual Startup Time": 132.884,
                          "Actual Total Time": 132.885,
                          "Actual Rows": 89886,
                          "Actual Loops": 4,
                          "Hash Buckets": 524288,
                          "Original Hash Buckets": 262144,
                          "Hash Batches": 1,
                          "Original Hash Batches": 1,
                          "Peak Memory Usage": 20320,
                          "Plans": [
                            {
                              "Node Type": "Seq Scan",
                              "Parent Relationship": "Outer",
                              "Parallel Aware": true,
                              "Relation Name": "title",
                              "Alias": "t",
                              "Startup Cost": 0.0,
                              "Total Cost": 45479.1,
                              "Plan Rows": 60246,
                              "Plan Width": 4,
                              "Actual Startup Time": 59.839,
                              "Actual Total Time": 99.645,
                              "Actual Rows": 89886,
                              "Actual Loops": 4,
                              "Filter": "((production_year < 1998) AND (kind_id = 1))",
                              "Rows Removed by Filter": 542192
                            }
                          ]
                        }
                      ]
                    },
                    {
                      "Node Type": "Index Only Scan",
                      "Parent Relationship": "Inner",
                      "Parallel Aware": false,
                      "Scan Direction": "Forward",
                      "Index Name": "movie_id_cast_info",
                      "Relation Name": "cast_info",
                      "Alias": "ci",
                      "Startup Cost": 0.56,
                      "Total Cost": 1.8,
                      "Plan Rows": 37,
                      "Plan Width": 4,
                      "Actual Startup Time": 0.003,
                      "Actual Total Time": 0.019,
                      "Actual Rows": 27,
                      "Actual Loops": 758315,
                      "Index Cond": "(movie_id = mc.movie_id)",
                      "Rows Removed by Index Recheck": 0,
                      "Heap Fetches": 20526986
                    }
                  ]
                }
              ]
            }
          ]
        }
      ]
    },
    "Planning Time": 1.372,
    "Triggers": [],
    "Execution Time": 4756.015
  }
]