{
  "Plan": {
    "Node Type": "Aggregate",
    "Strategy": "Plain",
    "Partial Mode": "Finalize",
    "Parallel Aware": false,
    "Startup Cost": 1390327.49,
    "Total Cost": 1390327.5,
    "Plan Rows": 1,
    "Plan Width": 8,
    "Actual Startup Time": 8260.809,
    "Actual Total Time": 8262.42,
    "Actual Rows": 1,
    "Actual Loops": 1,
    "Plans": [
      {
        "Node Type": "Gather",
        "Parent Relationship": "Outer",
        "Parallel Aware": false,
        "Startup Cost": 1390327.38,
        "Total Cost": 1390327.49,
        "Plan Rows": 1,
        "Plan Width": 8,
        "Actual Startup Time": 8260.797,
        "Actual Total Time": 8262.413,
        "Actual Rows": 2,
        "Actual Loops": 1,
        "Workers Planned": 1,
        "Workers Launched": 1,
        "Single Copy": false,
        "Plans": [
          {
            "Node Type": "Aggregate",
            "Strategy": "Plain",
            "Partial Mode": "Partial",
            "Parent Relationship": "Outer",
            "Parallel Aware": false,
            "Startup Cost": 1389327.38,
            "Total Cost": 1389327.39,
            "Plan Rows": 1,
            "Plan Width": 8,
            "Actual Startup Time": 7698.116,
            "Actual Total Time": 7698.122,
            "Actual Rows": 1,
            "Actual Loops": 2,
            "Plans": [
              {
                "Node Type": "Merge Join",
                "Parent Relationship": "Outer",
                "Parallel Aware": false,
                "Join Type": "Inner",
                "Startup Cost": 1326136.82,
                "Total Cost": 1383808.42,
                "Plan Rows": 2207585,
                "Plan Width": 0,
                "Actual Startup Time": 4168.224,
                "Actual Total Time": 7053.491,
                "Actual Rows": 16129885,
                "Actual Loops": 2,
                "Inner Unique": false,
                "Merge Cond": "(ci.movie_id = t.id)",
                "Plans": [
                  {
                    "Node Type": "Sort",
                    "Parent Relationship": "Outer",
                    "Parallel Aware": false,
                    "Startup Cost": 1044555.29,
                    "Total Cost": 1056837.09,
                    "Plan Rows": 4912718,
                    "Plan Width": 4,
                    "Actual Startup Time": 2177.027,
                    "Actual Total Time": 2739.317,
                    "Actual Rows": 4129976,
                    "Actual Loops": 2,
                    "Sort Key": [
                      "ci.movie_id"
                    ],
                    "Sort Method": "quicksort",
                    "Sort Space Used": 445528,
                    "Sort Space Type": "Memory",
                    "Workers": [
                      {
                        "Worker Number": 0,
                        "Sort Method": "quicksort",
                        "Sort Space Used": 236570,
                        "Sort Space Type": "Memory"
                      }
                    ],
                    "Plans": [
                      {
                        "Node Type": "Bitmap Heap Scan",
                        "Parent Relationship": "Outer",
                        "Parallel Aware": true,
                        "Relation Name": "cast_info",
                        "Alias": "ci",
                        "Startup Cost": 184457.63,
                        "Total Cost": 498553.61,
                        "Plan Rows": 4912718,
                        "Plan Width": 4,
                        "Actual Startup Time": 319.826,
                        "Actual Total Time": 960.61,
                        "Actual Rows": 4129980,
                        "Actual Loops": 2,
                        "Recheck Cond": "(person_id > 2856651)",
                        "Rows Removed by Index Recheck": 0,
                        "Exact Heap Blocks": 62708,
                        "Lossy Heap Blocks": 0,
                        "Plans": [
                          {
                            "Node Type": "Bitmap Index Scan",
                            "Parent Relationship": "Outer",
                            "Parallel Aware": false,
                            "Index Name": "person_id_cast_info",
                            "Startup Cost": 0.0,
                            "Total Cost": 182369.72,
                            "Plan Rows": 8351621,
                            "Plan Width": 0,
                            "Actual Startup Time": 309.187,
                            "Actual Total Time": 309.188,
                            "Actual Rows": 8259961,
                            "Actual Loops": 1,
                            "Index Cond": "(person_id > 2856651)"
                          }
                        ]
                      }
                    ]
                  },
                  {
                    "Node Type": "Sort",
                    "Parent Relationship": "Inner",
                    "Parallel Aware": false,
                    "Startup Cost": 281581.0,
                    "Total Cost": 284421.3,
                    "Plan Rows": 1136117,
                    "Plan Width": 8,
                    "Actual Startup Time": 1986.911,
                    "Actual Total Time": 2574.338,
                    "Actual Rows": 16667584,
                    "Actual Loops": 2,
                    "Sort Key": [
                      "t.id"
                    ],
                    "Sort Method": "quicksort",
                    "Sort Space Used": 212821,
                    "Sort Space Type": "Memory",
                    "Workers": [
                      {
                        "Worker Number": 0,
                        "Sort Method": "quicksort",
                        "Sort Space Used": 212821,
                        "Sort Space Type": "Memory"
                      }
                    ],
                    "Plans": [
                      {
                        "Node Type": "Hash Join",
                        "Parent Relationship": "Outer",
                        "Parallel Aware": false,
                        "Join Type": "Inner",
                        "Startup Cost": 78703.7,
                        "Total Cost": 167312.17,
                        "Plan Rows": 1136117,
                        "Plan Width": 8,
                        "Actual Startup Time": 451.371,
                        "Actual Total Time": 1406.067,
                        "Actual Rows": 2443022,
                        "Actual Loops": 2,
                        "Inner Unique": true,
                        "Hash Cond": "(mk.movie_id = t.id)",
                        "Plans": [
                          {
                            "Node Type": "Seq Scan",
                            "Parent Relationship": "Outer",
                            "Parallel Aware": false,
                            "Relation Name": "movie_keyword",
                            "Alias": "mk",
                            "Startup Cost": 0.0,
                            "Total Cost": 81003.12,
                            "Plan Rows": 2897273,
                            "Plan Width": 4,
                            "Actual Startup Time": 0.512,
                            "Actual Total Time": 438.637,
                            "Actual Rows": 2883031,
                            "Actual Loops": 2,
                            "Filter": "(keyword_id > 2488)",
                            "Rows Removed by Filter": 1640899
                          },
                          {
                            "Node Type": "Hash",
                            "Parent Relationship": "Inner",
                            "Parallel Aware": false,
                            "Startup Cost": 66310.85,
                            "Total Cost": 66310.85,
                            "Plan Rows": 991428,
                            "Plan Width": 4,
                            "Actual Startup Time": 445.333,
                            "Actual Total Time": 445.334,
                            "Actual Rows": 985048,
                            "Actual Loops": 2,
                            "Hash Buckets": 1048576,
                            "Original Hash Buckets": 1048576,
                            "Hash Batches": 1,
                            "Original Hash Batches": 1,
                            "Peak Memory Usage": 42823,
                            "Plans": [
                              {
                                "Node Type": "Bitmap Heap Scan",
                                "Parent Relationship": "Outer",
                                "Parallel Aware": false,
                                "Relation Name": "title",
                                "Alias": "t",
                                "Startup Cost": 17920.0,
                                "Total Cost": 66310.85,
                                "Plan Rows": 991428,
                                "Plan Width": 4,
                                "Actual Startup Time": 47.292,
                                "Actual Total Time": 220.194,
                                "Actual Rows": 985048,
                                "Actual Loops": 2,
                                "Recheck Cond": "(kind_id < 7)",
                                "Rows Removed by Index Recheck": 0,
                                "Exact Heap Blocks": 35472,
                                "Lossy Heap Blocks": 0,
                                "Plans": [
                                  {
                                    "Node Type": "Bitmap Index Scan",
                                    "Parent Relationship": "Outer",
                                    "Parallel Aware": false,
                                    "Index Name": "kind_id_title",
                                    "Startup Cost": 0.0,
                                    "Total Cost": 17672.14,
                                    "Plan Rows": 991428,
                                    "Plan Width": 0,
                                    "Actual Startup Time": 41.037,
                                    "Actual Total Time": 41.037,
                                    "Actual Rows": 985048,
                                    "Actual Loops": 2,
                                    "Index Cond": "(kind_id < 7)"
                                  }
                                ]
                              }
                            ]
                          }
                        ]
                      }
                    ]
                  }
                ]
              }
            ]
          }
        ]
      }
    ]
  },
  "Planning Time": 1.07,
  "Triggers": [],
  "Execution Time": 8287.998
}