[
  {
    "Plan": {
      "Node Type": "Aggregate",
      "Strategy": "Plain",
      "Partial Mode": "Finalize",
      "Parallel Aware": false,
      "Startup Cost": 44444.77,
      "Total Cost": 44444.78,
      "Plan Rows": 1,
      "Plan Width": 8,
      "Actual Startup Time": 122.052,
      "Actual Total Time": 131.564,
      "Actual Rows": 1,
      "Actual Loops": 1,
      "Plans": [
        {
          "Node Type": "Gather",
          "Parent Relationship": "Outer",
          "Parallel Aware": false,
          "Startup Cost": 44444.45,
          "Total Cost": 44444.76,
          "Plan Rows": 3,
          "Plan Width": 8,
          "Actual Startup Time": 121.926,
          "Actual Total Time": 131.556,
          "Actual Rows": 4,
          "Actual Loops": 1,
          "Workers Planned": 3,
          "Workers Launched": 3,
          "Single Copy": false,
          "Plans": [
            {
              "Node Type": "Aggregate",
              "Strategy": "Plain",
              "Partial Mode": "Partial",
              "Parent Relationship": "Outer",
              "Parallel Aware": false,
              "Startup Cost": 43444.45,
              "Total Cost": 43444.46,
              "Plan Rows": 1,
              "Plan Width": 8,
              "Actual Startup Time": 116.081,
              "Actual Total Time": 116.082,
              "Actual Rows": 1,
              "Actual Loops": 4,
              "Plans": [
                {
                  "Node Type": "Seq Scan",
                  "Parent Relationship": "Outer",
                  "Parallel Aware": true,
                  "Relation Name": "movie_keyword",
                  "Alias": "mk",
                  "Startup Cost": 0.0,
                  "Total Cost": 42695.65,
                  "Plan Rows": 299520,
                  "Plan Width": 0,
                  "Actual Startup Time": 4.098,
                  "Actual Total Time": 104.524,
                  "Actual Rows": 231584,
                  "Actual Loops": 4,
                  "Filter": "(keyword_id > 20322)",
                  "Rows Removed by Filter": 899398
                }
              ]
            }
          ]
        }
      ]
    },
    "Planning Time": 0.201,
    "Triggers": [],
    "Execution Time": 131.621
  }
]