[
  {
    "Plan": {
      "Node Type": "Aggregate",
      "Strategy": "Plain",
      "Partial Mode": "Finalize",
      "Parallel Aware": false,
      "Startup Cost": 129463.78,
      "Total Cost": 129463.79,
      "Plan Rows": 1,
      "Plan Width": 8,
      "Actual Startup Time": 602.604,
      "Actual Total Time": 624.105,
      "Actual Rows": 1,
      "Actual Loops": 1,
      "Plans": [
        {
          "Node Type": "Gather",
          "Parent Relationship": "Outer",
          "Parallel Aware": false,
          "Startup Cost": 129463.47,
          "Total Cost": 129463.78,
          "Plan Rows": 3,
          "Plan Width": 8,
          "Actual Startup Time": 598.807,
          "Actual Total Time": 624.095,
          "Actual Rows": 4,
          "Actual Loops": 1,
          "Workers Planned": 3,
          "Workers Launched": 3,
          "Single Copy": false,
          "Plans": [
            {
              "Node Type": "Aggregate",
              "Strategy": "Plain",
              "Partial Mode": "Partial",
              "Parent Relationship": "Outer",
              "Parallel Aware": false,
              "Startup Cost": 128463.47,
              "Total Cost": 128463.48,
              "Plan Rows": 1,
              "Plan Width": 8,
              "Actual Startup Time": 589.756,
              "Actual Total Time": 589.876,
              "Actual Rows": 1,
              "Actual Loops": 4,
              "Plans": [
                {
                  "Node Type": "Hash Join",
                  "Parent Relationship": "Outer",
                  "Parallel Aware": true,
                  "Join Type": "Inner",
                  "Startup Cost": 82458.51,
                  "Total Cost": 127720.9,
                  "Plan Rows": 297028,
                  "Plan Width": 0,
                  "Actual Startup Time": 360.454,
                  "Actual Total Time": 572.995,
                  "Actual Rows": 427278,
                  "Actual Loops": 4,
                  "Inner Unique": false,
                  "Hash Cond": "(mk.movie_id = t.id)",
                  "Plans": [
                    {
                      "Node Type": "Seq Scan",
                      "Parent Relationship": "Outer",
                      "Parallel Aware": true,
                      "Relation Name": "movie_keyword",
                      "Alias": "mk",
                      "Startup Cost": 0.0,
                      "Total Cost": 39047.32,
                      "Plan Rows": 1459332,
                      "Plan Width": 4,
                      "Actual Startup Time": 0.031,
                      "Actual Total Time": 87.748,
                      "Actual Rows": 1130982,
                      "Actual Loops": 4
                    },
                    {
                      "Node Type": "Hash",
                      "Parent Relationship": "Inner",
                      "Parallel Aware": true,
                      "Startup Cost": 80850.38,
                      "Total Cost": 80850.38,
                      "Plan Rows": 128650,
                      "Plan Width": 8,
                      "Actual Startup Time": 356.739,
                      "Actual Total Time": 356.857,
                      "Actual Rows": 75293,
                      "Actual Loops": 4,
                      "Hash Buckets": 524288,
                      "Original Hash Buckets": 524288,
                      "Hash Batches": 1,
                      "Original Hash Batches": 1,
                      "Peak Memory Usage": 15968,
                      "Plans": [
                        {
                          "Node Type": "Hash Join",
                          "Parent Relationship": "Outer",
                          "Parallel Aware": true,
                          "Join Type": "Inner",
                          "Startup Cost": 33981.24,
                          "Total Cost": 80850.38,
                          "Plan Rows": 128650,
                          "Plan Width": 8,
                          "Actual Startup Time": 126.619,
                          "Actual Total Time": 330.235,
                          "Actual Rows": 75293,
                          "Actual Loops": 4,
                          "Inner Unique": false,
                          "Hash Cond": "(t.id = mc.movie_id)",
                          "Plans": [
                            {
                              "Node Type": "Seq Scan",
                              "Parent Relationship": "Outer",
                              "Parallel Aware": true,
                              "Relation Name": "title",
                              "Alias": "t",
                              "Startup Cost": 0.0,
                              "Total Cost": 43898.92,
                              "Plan Rows": 511045,
                              "Plan Width": 4,
                              "Actual Startup Time": 0.019,
                              "Actual Total Time": 94.086,
                              "Actual Rows": 508110,
                              "Actual Loops": 4,
                              "Filter": "(production_year > 1973)",
                              "Rows Removed by Filter": 123968
                            },
                            {
                              "Node Type": "Hash",
                              "Parent Relationship": "Inner",
                              "Parallel Aware": true,
                              "Startup Cost": 31414.82,
                              "Total Cost": 31414.82,
                              "Plan Rows": 205314,
                              "Plan Width": 4,
                              "Actual Startup Time": 123.121,
                              "Actual Total Time": 123.122,
                              "Actual Rows": 101236,
                              "Actual Loops": 4,
                              "Hash Buckets": 1048576,
                              "Original Hash Buckets": 1048576,
                              "Hash Batches": 1,
                              "Original Hash Batches": 1,
                              "Peak Memory Usage": 24128,
                              "Plans": [
                                {
                                  "Node Type": "Seq Scan",
                                  "Parent Relationship": "Outer",
                                  "Parallel Aware": true,
                                  "Relation Name": "movie_companies",
                                  "Alias": "mc",
                                  "Startup Cost": 0.0,
                                  "Total Cost": 31414.82,
                                  "Plan Rows": 205314,
                                  "Plan Width": 4,
                                  "Actual Startup Time": 50.42,
                                  "Actual Total Time": 82.423,
                                  "Actual Rows": 101236,
                                  "Actual Loops": 4,
                                  "Filter": "((company_id < 11149) AND (company_type_id > 1))",
                                  "Rows Removed by Filter": 551047
                                }
                              ]
                            }
                          ]
                        }
                      ]
                    }
                  ]
                }
              ]
            }
          ]
        }
      ]
    },
    "Planning Time": 1.468,
    "Triggers": [],
    "Execution Time": 624.197
  }
]