{
  "Plan": {
    "Node Type": "Aggregate",
    "Strategy": "Plain",
    "Partial Mode": "Finalize",
    "Parallel Aware": false,
    "Startup Cost": 635380.51,
    "Total Cost": 635380.52,
    "Plan Rows": 1,
    "Plan Width": 8,
    "Actual Startup Time": 3161.002,
    "Actual Total Time": 3216.768,
    "Actual Rows": 1,
    "Actual Loops": 1,
    "Plans": [
      {
        "Node Type": "Gather",
        "Parent Relationship": "Outer",
        "Parallel Aware": false,
        "Startup Cost": 635380.4,
        "Total Cost": 635380.51,
        "Plan Rows": 1,
        "Plan Width": 8,
        "Actual Startup Time": 3160.779,
        "Actual Total Time": 3216.76,
        "Actual Rows": 2,
        "Actual Loops": 1,
        "Workers Planned": 1,
        "Workers Launched": 1,
        "Single Copy": false,
        "Plans": [
          {
            "Node Type": "Aggregate",
            "Strategy": "Plain",
            "Partial Mode": "Partial",
            "Parent Relationship": "Outer",
            "Parallel Aware": false,
            "Startup Cost": 634380.4,
            "Total Cost": 634380.41,
            "Plan Rows": 1,
            "Plan Width": 8,
            "Actual Startup Time": 3154.305,
            "Actual Total Time": 3154.31,
            "Actual Rows": 1,
            "Actual Loops": 2,
            "Plans": [
              {
                "Node Type": "Hash Join",
                "Parent Relationship": "Outer",
                "Parallel Aware": true,
                "Join Type": "Inner",
                "Startup Cost": 84053.71,
                "Total Cost": 633002.79,
                "Plan Rows": 551044,
                "Plan Width": 0,
                "Actual Startup Time": 276.269,
                "Actual Total Time": 3141.527,
                "Actual Rows": 274076,
                "Actual Loops": 2,
                "Inner Unique": false,
                "Hash Cond": "(ci.movie_id = t.id)",
                "Plans": [
                  {
                    "Node Type": "Seq Scan",
                    "Parent Relationship": "Outer",
                    "Parallel Aware": true,
                    "Relation Name": "cast_info",
                    "Alias": "ci",
                    "Startup Cost": 0.0,
                    "Total Cost": 465792.95,
                    "Plan Rows": 21310595,
                    "Plan Width": 4,
                    "Actual Startup Time": 0.011,
                    "Actual Total Time": 1311.177,
                    "Actual Rows": 18122172,
                    "Actual Loops": 2
                  },
                  {
                    "Node Type": "Hash",
                    "Parent Relationship": "Inner",
                    "Parallel Aware": true,
                    "Startup Cost": 83573.01,
                    "Total Cost": 83573.01,
                    "Plan Rows": 38456,
                    "Plan Width": 8,
                    "Actual Startup Time": 274.794,
                    "Actual Total Time": 274.798,
                    "Actual Rows": 11484,
                    "Actual Loops": 2,
                    "Hash Buckets": 65536,
                    "Original Hash Buckets": 65536,
                    "Hash Batches": 1,
                    "Original Hash Batches": 1,
                    "Peak Memory Usage": 1440,
                    "Plans": [
                      {
                        "Node Type": "Hash Join",
                        "Parent Relationship": "Outer",
                        "Parallel Aware": true,
                        "Join Type": "Inner",
                        "Startup Cost": 23181.29,
                        "Total Cost": 83573.01,
                        "Plan Rows": 38456,
                        "Plan Width": 8,
                        "Actual Startup Time": 45.33,
                        "Actual Total Time": 270.677,
                        "Actual Rows": 11484,
                        "Actual Loops": 2,
                        "Inner Unique": false,
                        "Hash Cond": "(t.id = mc.movie_id)",
                        "Plans": [
                          {
                            "Node Type": "Seq Scan",
                            "Parent Relationship": "Outer",
                            "Parallel Aware": true,
                            "Relation Name": "title",
                            "Alias": "t",
                            "Startup Cost": 0.0,
                            "Total Cost": 50870.31,
                            "Plan Rows": 1487231,
                            "Plan Width": 4,
                            "Actual Startup Time": 0.011,
                            "Actual Total Time": 111.364,
                            "Actual Rows": 1264156,
                            "Actual Loops": 2
                          },
                          {
                            "Node Type": "Hash",
                            "Parent Relationship": "Inner",
                            "Parallel Aware": true,
                            "Startup Cost": 22700.59,
                            "Total Cost": 22700.59,
                            "Plan Rows": 38456,
                            "Plan Width": 4,
                            "Actual Startup Time": 44.449,
                            "Actual Total Time": 44.45,
                            "Actual Rows": 11484,
                            "Actual Loops": 2,
                            "Hash Buckets": 65536,
                            "Original Hash Buckets": 65536,
                            "Hash Batches": 1,
                            "Original Hash Batches": 1,
                            "Peak Memory Usage": 1440,
                            "Plans": [
                              {
                                "Node Type": "Bitmap Heap Scan",
                                "Parent Relationship": "Outer",
                                "Parallel Aware": true,
                                "Relation Name": "movie_companies",
                                "Alias": "mc",
                                "Startup Cost": 2774.47,
                                "Total Cost": 22700.59,
                                "Plan Rows": 38456,
                                "Plan Width": 4,
                                "Actual Startup Time": 36.521,
                                "Actual Total Time": 42.072,
                                "Actual Rows": 11484,
                                "Actual Loops": 2,
                                "Recheck Cond": "(company_id < 21)",
                                "Rows Removed by Index Recheck": 0,
                                "Filter": "(company_type_id > 1)",
                                "Rows Removed by Filter": 54592,
                                "Exact Heap Blocks": 9186,
                                "Lossy Heap Blocks": 0,
                                "Plans": [
                                  {
                                    "Node Type": "Bitmap Index Scan",
                                    "Parent Relationship": "Outer",
                                    "Parallel Aware": false,
                                    "Index Name": "company_id_movie_companies",
                                    "Startup Cost": 0.0,
                                    "Total Cost": 2758.13,
                                    "Plan Rows": 128760,
                                    "Plan Width": 0,
                                    "Actual Startup Time": 14.914,
                                    "Actual Total Time": 14.915,
                                    "Actual Rows": 132152,
                                    "Actual Loops": 1,
                                    "Index Cond": "(company_id < 21)"
                                  }
                                ]
                              }
                            ]
                          }
                        ]
                      }
                    ]
                  }
                ]
              }
            ]
          }
        ]
      }
    ]
  },
  "Planning Time": 1.012,
  "Triggers": [],
  "Execution Time": 3216.89
}