[
  {
    "Plan": {
      "Node Type": "Aggregate",
      "Strategy": "Plain",
      "Partial Mode": "Finalize",
      "Parallel Aware": false,
      "Startup Cost": 387117.04,
      "Total Cost": 387117.05,
      "Plan Rows": 1,
      "Plan Width": 8,
      "Actual Startup Time": 1401.014,
      "Actual Total Time": 1456.3,
      "Actual Rows": 1,
      "Actual Loops": 1,
      "Plans": [
        {
          "Node Type": "Gather",
          "Parent Relationship": "Outer",
          "Parallel Aware": false,
          "Startup Cost": 387116.42,
          "Total Cost": 387117.03,
          "Plan Rows": 6,
          "Plan Width": 8,
          "Actual Startup Time": 1400.063,
          "Actual Total Time": 1456.281,
          "Actual Rows": 7,
          "Actual Loops": 1,
          "Workers Planned": 6,
          "Workers Launched": 6,
          "Single Copy": false,
          "Plans": [
            {
              "Node Type": "Aggregate",
              "Strategy": "Plain",
              "Partial Mode": "Partial",
              "Parent Relationship": "Outer",
              "Parallel Aware": false,
              "Startup Cost": 386116.42,
              "Total Cost": 386116.43,
              "Plan Rows": 1,
              "Plan Width": 8,
              "Actual Startup Time": 1391.585,
              "Actual Total Time": 1391.588,
              "Actual Rows": 1,
              "Actual Loops": 7,
              "Plans": [
                {
                  "Node Type": "Hash Join",
                  "Parent Relationship": "Outer",
                  "Parallel Aware": true,
                  "Join Type": "Inner",
                  "Startup Cost": 45808.91,
                  "Total Cost": 385654.59,
                  "Plan Rows": 184732,
                  "Plan Width": 0,
                  "Actual Startup Time": 88.902,
                  "Actual Total Time": 1381.022,
                  "Actual Rows": 167926,
                  "Actual Loops": 7,
                  "Inner Unique": true,
                  "Hash Cond": "(ci.movie_id = t.id)",
                  "Plans": [
                    {
                      "Node Type": "Seq Scan",
                      "Parent Relationship": "Outer",
                      "Parallel Aware": true,
                      "Relation Name": "cast_info",
                      "Alias": "ci",
                      "Startup Cost": 0.0,
                      "Total Cost": 328211.39,
                      "Plan Rows": 4432099,
                      "Plan Width": 4,
                      "Actual Startup Time": 0.04,
                      "Actual Total Time": 686.471,
                      "Actual Rows": 3811658,
                      "Actual Loops": 7,
                      "Filter": "(person_id < 2750136)",
                      "Rows Removed by Filter": 1366105
                    },
                    {
                      "Node Type": "Hash",
                      "Parent Relationship": "Inner",
                      "Parallel Aware": true,
                      "Startup Cost": 45479.59,
                      "Total Cost": 45479.59,
                      "Plan Rows": 26346,
                      "Plan Width": 4,
                      "Actual Startup Time": 87.705,
                      "Actual Total Time": 87.706,
                      "Actual Rows": 16239,
                      "Actual Loops": 7,
                      "Hash Buckets": 131072,
                      "Original Hash Buckets": 131072,
                      "Hash Batches": 1,
                      "Original Hash Batches": 1,
                      "Peak Memory Usage": 5536,
                      "Plans": [
                        {
                          "Node Type": "Seq Scan",
                          "Parent Relationship": "Outer",
                          "Parallel Aware": true,
                          "Relation Name": "title",
                          "Alias": "t",
                          "Startup Cost": 0.0,
                          "Total Cost": 45479.59,
                          "Plan Rows": 26346,
                          "Plan Width": 4,
                          "Actual Startup Time": 0.041,
                          "Actual Total Time": 79.421,
                          "Actual Rows": 16239,
                          "Actual Loops": 7,
                          "Filter": "((kind_id > 3) AND (production_year = 2011))",
                          "Rows Removed by Filter": 344948
                        }
                      ]
                    }
                  ]
                }
              ]
            }
          ]
        }
      ]
    },
    "Planning Time": 0.333,
    "Triggers": [],
    "Execution Time": 1456.363
  }
]