{
    "Plan": {
        "Node Type": "Aggregate",
        "Strategy": "Plain",
        "Partial Mode": "Finalize",
        "Parallel Aware": false,
        "Startup Cost": 74113.05,
        "Total Cost": 74113.06,
        "Plan Rows": 1,
        "Plan Width": 8,
        "Actual Startup Time": 143.532,
        "Actual Total Time": 161.022,
        "Actual Rows": 1,
        "Actual Loops": 1,
        "Output": [
            "count(*)"
        ],
        "Plans": [
            {
                "Node Type": "Gather",
                "Parent Relationship": "Outer",
                "Parallel Aware": false,
                "Startup Cost": 74112.73,
                "Total Cost": 74113.04,
                "Plan Rows": 3,
                "Plan Width": 8,
                "Actual Startup Time": 143.434,
                "Actual Total Time": 161.015,
                "Actual Rows": 4,
                "Actual Loops": 1,
                "Output": [
                    "(PARTIAL count(*))"
                ],
                "Workers Planned": 3,
                "Workers Launched": 3,
                "Single Copy": false,
                "Plans": [
                    {
                        "Node Type": "Aggregate",
                        "Strategy": "Plain",
                        "Partial Mode": "Partial",
                        "Parent Relationship": "Outer",
                        "Parallel Aware": false,
                        "Startup Cost": 73112.73,
                        "Total Cost": 73112.74,
                        "Plan Rows": 1,
                        "Plan Width": 8,
                        "Actual Startup Time": 134.55,
                        "Actual Total Time": 134.551,
                        "Actual Rows": 1,
                        "Actual Loops": 4,
                        "Output": [
                            "PARTIAL count(*)"
                        ],
                        "Workers": [
                            {
                                "Worker Number": 0,
                                "Actual Startup Time": 131.542,
                                "Actual Total Time": 131.543,
                                "Actual Rows": 1,
                                "Actual Loops": 1
                            },
                            {
                                "Worker Number": 1,
                                "Actual Startup Time": 131.833,
                                "Actual Total Time": 131.834,
                                "Actual Rows": 1,
                                "Actual Loops": 1
                            },
                            {
                                "Worker Number": 2,
                                "Actual Startup Time": 132.044,
                                "Actual Total Time": 132.045,
                                "Actual Rows": 1,
                                "Actual Loops": 1
                            }
                        ],
                        "Plans": [
                            {
                                "Node Type": "Nested Loop",
                                "Parent Relationship": "Outer",
                                "Parallel Aware": false,
                                "Join Type": "Inner",
                                "Startup Cost": 0.43,
                                "Total Cost": 73099.67,
                                "Plan Rows": 5225,
                                "Plan Width": 0,
                                "Actual Startup Time": 0.262,
                                "Actual Total Time": 134.028,
                                "Actual Rows": 3593,
                                "Actual Loops": 4,
                                "Inner Unique": true,
                                "Workers": [
                                    {
                                        "Worker Number": 0,
                                        "Actual Startup Time": 0.305,
                                        "Actual Total Time": 131.04,
                                        "Actual Rows": 2848,
                                        "Actual Loops": 1
                                    },
                                    {
                                        "Worker Number": 1,
                                        "Actual Startup Time": 0.312,
                                        "Actual Total Time": 131.331,
                                        "Actual Rows": 2844,
                                        "Actual Loops": 1
                                    },
                                    {
                                        "Worker Number": 2,
                                        "Actual Startup Time": 0.383,
                                        "Actual Total Time": 131.551,
                                        "Actual Rows": 2743,
                                        "Actual Loops": 1
                                    }
                                ],
                                "Plans": [
                                    {
                                        "Node Type": "Seq Scan",
                                        "Parent Relationship": "Outer",
                                        "Parallel Aware": true,
                                        "Relation Name": "movie_keyword",
                                        "Schema": "public",
                                        "Alias": "mk",
                                        "Startup Cost": 0.0,
                                        "Total Cost": 42695.65,
                                        "Plan Rows": 5225,
                                        "Plan Width": 4,
                                        "Actual Startup Time": 0.085,
                                        "Actual Total Time": 104.0,
                                        "Actual Rows": 3593,
                                        "Actual Loops": 4,
                                        "Output": [
                                            "mk.id",
                                            "mk.movie_id",
                                            "mk.keyword_id"
                                        ],
                                        "Filter": "(mk.keyword_id < 3)",
                                        "Rows Removed by Filter": 1127389,
                                        "Workers": [
                                            {
                                                "Worker Number": 0,
                                                "Actual Startup Time": 0.084,
                                                "Actual Total Time": 99.283,
                                                "Actual Rows": 2848,
                                                "Actual Loops": 1
                                            },
                                            {
                                                "Worker Number": 1,
                                                "Actual Startup Time": 0.078,
                                                "Actual Total Time": 99.204,
                                                "Actual Rows": 2844,
                                                "Actual Loops": 1
                                            },
                                            {
                                                "Worker Number": 2,
                                                "Actual Startup Time": 0.155,
                                                "Actual Total Time": 100.184,
                                                "Actual Rows": 2743,
                                                "Actual Loops": 1
                                            }
                                        ]
                                    },
                                    {
                                        "Node Type": "Index Only Scan",
                                        "Parent Relationship": "Inner",
                                        "Parallel Aware": false,
                                        "Scan Direction": "Forward",
                                        "Index Name": "title_pkey",
                                        "Relation Name": "title",
                                        "Schema": "public",
                                        "Alias": "t",
                                        "Startup Cost": 0.43,
                                        "Total Cost": 5.82,
                                        "Plan Rows": 1,
                                        "Plan Width": 4,
                                        "Actual Startup Time": 0.008,
                                        "Actual Total Time": 0.008,
                                        "Actual Rows": 1,
                                        "Actual Loops": 14373,
                                        "Output": [
                                            "t.id"
                                        ],
                                        "Index Cond": "(t.id = mk.movie_id)",
                                        "Rows Removed by Index Recheck": 0,
                                        "Heap Fetches": 14373,
                                        "Workers": [
                                            {
                                                "Worker Number": 0,
                                                "Actual Startup Time": 0.01,
                                                "Actual Total Time": 0.01,
                                                "Actual Rows": 1,
                                                "Actual Loops": 2848
                                            },
                                            {
                                                "Worker Number": 1,
                                                "Actual Startup Time": 0.011,
                                                "Actual Total Time": 0.011,
                                                "Actual Rows": 1,
                                                "Actual Loops": 2844
                                            },
                                            {
                                                "Worker Number": 2,
                                                "Actual Startup Time": 0.011,
                                                "Actual Total Time": 0.011,
                                                "Actual Rows": 1,
                                                "Actual Loops": 2743
                                            }
                                        ]
                                    }
                                ]
                            }
                        ]
                    }
                ]
            }
        ]
    },
    "Planning Time": 0.827,
    "Triggers": [],
    "Execution Time": 161.1
}