{
  "Plan": {
    "Node Type": "Aggregate",
    "Strategy": "Plain",
    "Partial Mode": "Finalize",
    "Parallel Aware": false,
    "Startup Cost": 119435.1,
    "Total Cost": 119435.11,
    "Plan Rows": 1,
    "Plan Width": 8,
    "Actual Startup Time": 237.519,
    "Actual Total Time": 254.561,
    "Actual Rows": 1,
    "Actual Loops": 1,
    "Plans": [
      {
        "Node Type": "Gather",
        "Parent Relationship": "Outer",
        "Parallel Aware": false,
        "Startup Cost": 119434.99,
        "Total Cost": 119435.1,
        "Plan Rows": 1,
        "Plan Width": 8,
        "Actual Startup Time": 237.2,
        "Actual Total Time": 254.554,
        "Actual Rows": 2,
        "Actual Loops": 1,
        "Workers Planned": 1,
        "Workers Launched": 1,
        "Single Copy": false,
        "Plans": [
          {
            "Node Type": "Aggregate",
            "Strategy": "Plain",
            "Partial Mode": "Partial",
            "Parent Relationship": "Outer",
            "Parallel Aware": false,
            "Startup Cost": 118434.99,
            "Total Cost": 118435.0,
            "Plan Rows": 1,
            "Plan Width": 8,
            "Actual Startup Time": 231.024,
            "Actual Total Time": 231.028,
            "Actual Rows": 1,
            "Actual Loops": 2,
            "Plans": [
              {
                "Node Type": "Nested Loop",
                "Parent Relationship": "Outer",
                "Parallel Aware": false,
                "Join Type": "Inner",
                "Startup Cost": 63664.57,
                "Total Cost": 118361.73,
                "Plan Rows": 29302,
                "Plan Width": 0,
                "Actual Startup Time": 170.72,
                "Actual Total Time": 230.924,
                "Actual Rows": 1718,
                "Actual Loops": 2,
                "Inner Unique": false,
                "Join Filter": "(t.id = mi.movie_id)",
                "Rows Removed by Join Filter": 0,
                "Plans": [
                  {
                    "Node Type": "Hash Join",
                    "Parent Relationship": "Outer",
                    "Parallel Aware": true,
                    "Join Type": "Inner",
                    "Startup Cost": 63664.14,
                    "Total Cost": 90060.18,
                    "Plan Rows": 5011,
                    "Plan Width": 8,
                    "Actual Startup Time": 170.642,
                    "Actual Total Time": 228.003,
                    "Actual Rows": 222,
                    "Actual Loops": 2,
                    "Inner Unique": true,
                    "Hash Cond": "(mk.movie_id = t.id)",
                    "Plans": [
                      {
                        "Node Type": "Bitmap Heap Scan",
                        "Parent Relationship": "Outer",
                        "Parallel Aware": true,
                        "Relation Name": "movie_keyword",
                        "Alias": "mk",
                        "Startup Cost": 4632.09,
                        "Total Cost": 30691.09,
                        "Plan Rows": 128399,
                        "Plan Width": 4,
                        "Actual Startup Time": 15.019,
                        "Actual Total Time": 56.913,
                        "Actual Rows": 105630,
                        "Actual Loops": 2,
                        "Recheck Cond": "(keyword_id > 66467)",
                        "Rows Removed by Index Recheck": 0,
                        "Exact Heap Blocks": 12573,
                        "Lossy Heap Blocks": 0,
                        "Plans": [
                          {
                            "Node Type": "Bitmap Index Scan",
                            "Parent Relationship": "Outer",
                            "Parallel Aware": false,
                            "Index Name": "keyword_id_movie_keyword",
                            "Startup Cost": 0.0,
                            "Total Cost": 4577.52,
                            "Plan Rows": 218279,
                            "Plan Width": 0,
                            "Actual Startup Time": 12.025,
                            "Actual Total Time": 12.026,
                            "Actual Rows": 211261,
                            "Actual Loops": 1,
                            "Index Cond": "(keyword_id > 66467)"
                          }
                        ]
                      },
                      {
                        "Node Type": "Hash",
                        "Parent Relationship": "Inner",
                        "Parallel Aware": true,
                        "Startup Cost": 58306.47,
                        "Total Cost": 58306.47,
                        "Plan Rows": 58046,
                        "Plan Width": 4,
                        "Actual Startup Time": 153.31,
                        "Actual Total Time": 153.311,
                        "Actual Rows": 55390,
                        "Actual Loops": 2,
                        "Hash Buckets": 131072,
                        "Original Hash Buckets": 131072,
                        "Hash Batches": 1,
                        "Original Hash Batches": 1,
                        "Peak Memory Usage": 5408,
                        "Plans": [
                          {
                            "Node Type": "Seq Scan",
                            "Parent Relationship": "Outer",
                            "Parallel Aware": true,
                            "Relation Name": "title",
                            "Alias": "t",
                            "Startup Cost": 0.0,
                            "Total Cost": 58306.47,
                            "Plan Rows": 58046,
                            "Plan Width": 4,
                            "Actual Startup Time": 0.032,
                            "Actual Total Time": 138.552,
                            "Actual Rows": 55390,
                            "Actual Loops": 2,
                            "Filter": "((kind_id > 4) AND (production_year = 2012))",
                            "Rows Removed by Filter": 1208766
                          }
                        ]
                      }
                    ]
                  },
                  {
                    "Node Type": "Index Only Scan",
                    "Parent Relationship": "Inner",
                    "Parallel Aware": false,
                    "Scan Direction": "Forward",
                    "Index Name": "movie_id_movie_info",
                    "Relation Name": "movie_info",
                    "Alias": "mi",
                    "Startup Cost": 0.43,
                    "Total Cost": 5.12,
                    "Plan Rows": 42,
                    "Plan Width": 4,
                    "Actual Startup Time": 0.005,
                    "Actual Total Time": 0.012,
                    "Actual Rows": 8,
                    "Actual Loops": 444,
                    "Index Cond": "(movie_id = mk.movie_id)",
                    "Rows Removed by Index Recheck": 0,
                    "Heap Fetches": 3435
                  }
                ]
              }
            ]
          }
        ]
      }
    ]
  },
  "Planning Time": 0.948,
  "Triggers": [],
  "Execution Time": 254.67
}