{
  "Plan": {
    "Node Type": "Aggregate",
    "Strategy": "Plain",
    "Partial Mode": "Finalize",
    "Parallel Aware": false,
    "Startup Cost": 39492.61,
    "Total Cost": 39492.62,
    "Plan Rows": 1,
    "Plan Width": 8,
    "Actual Startup Time": 145.351,
    "Actual Total Time": 150.711,
    "Actual Rows": 1,
    "Actual Loops": 1,
    "Plans": [
      {
        "Node Type": "Gather",
        "Parent Relationship": "Outer",
        "Parallel Aware": false,
        "Startup Cost": 39492.49,
        "Total Cost": 39492.6,
        "Plan Rows": 1,
        "Plan Width": 8,
        "Actual Startup Time": 145.13,
        "Actual Total Time": 150.705,
        "Actual Rows": 2,
        "Actual Loops": 1,
        "Workers Planned": 1,
        "Workers Launched": 1,
        "Single Copy": false,
        "Plans": [
          {
            "Node Type": "Aggregate",
            "Strategy": "Plain",
            "Partial Mode": "Partial",
            "Parent Relationship": "Outer",
            "Parallel Aware": false,
            "Startup Cost": 38492.49,
            "Total Cost": 38492.5,
            "Plan Rows": 1,
            "Plan Width": 8,
            "Actual Startup Time": 138.948,
            "Actual Total Time": 138.956,
            "Actual Rows": 1,
            "Actual Loops": 2,
            "Plans": [
              {
                "Node Type": "Hash Join",
                "Parent Relationship": "Outer",
                "Parallel Aware": true,
                "Join Type": "Inner",
                "Startup Cost": 19390.03,
                "Total Cost": 38490.88,
                "Plan Rows": 646,
                "Plan Width": 0,
                "Actual Startup Time": 29.649,
                "Actual Total Time": 138.671,
                "Actual Rows": 4572,
                "Actual Loops": 2,
                "Inner Unique": false,
                "Hash Cond": "(mi_idx.movie_id = t.id)",
                "Plans": [
                  {
                    "Node Type": "Seq Scan",
                    "Parent Relationship": "Outer",
                    "Parallel Aware": true,
                    "Relation Name": "movie_info_idx",
                    "Alias": "mi_idx",
                    "Startup Cost": 0.0,
                    "Total Cost": 16052.85,
                    "Plan Rows": 811785,
                    "Plan Width": 4,
                    "Actual Startup Time": 0.022,
                    "Actual Total Time": 55.001,
                    "Actual Rows": 690018,
                    "Actual Loops": 2
                  },
                  {
                    "Node Type": "Hash",
                    "Parent Relationship": "Inner",
                    "Parallel Aware": true,
                    "Startup Cost": 19375.23,
                    "Total Cost": 19375.23,
                    "Plan Rows": 1184,
                    "Plan Width": 8,
                    "Actual Startup Time": 28.802,
                    "Actual Total Time": 28.807,
                    "Actual Rows": 1854,
                    "Actual Loops": 2,
                    "Hash Buckets": 4096,
                    "Original Hash Buckets": 2048,
                    "Hash Batches": 1,
                    "Original Hash Batches": 1,
                    "Peak Memory Usage": 240,
                    "Plans": [
                      {
                        "Node Type": "Nested Loop",
                        "Parent Relationship": "Outer",
                        "Parallel Aware": false,
                        "Join Type": "Inner",
                        "Startup Cost": 92.02,
                        "Total Cost": 19375.23,
                        "Plan Rows": 1184,
                        "Plan Width": 8,
                        "Actual Startup Time": 0.484,
                        "Actual Total Time": 18.193,
                        "Actual Rows": 1854,
                        "Actual Loops": 2,
                        "Inner Unique": true,
                        "Plans": [
                          {
                            "Node Type": "Bitmap Heap Scan",
                            "Parent Relationship": "Outer",
                            "Parallel Aware": true,
                            "Relation Name": "movie_companies",
                            "Alias": "mc",
                            "Startup Cost": 91.59,
                            "Total Cost": 9975.99,
                            "Plan Rows": 1184,
                            "Plan Width": 4,
                            "Actual Startup Time": 0.329,
                            "Actual Total Time": 2.335,
                            "Actual Rows": 1854,
                            "Actual Loops": 2,
                            "Recheck Cond": "(company_id = 164)",
                            "Rows Removed by Index Recheck": 0,
                            "Filter": "(company_type_id = 1)",
                            "Rows Removed by Filter": 8,
                            "Exact Heap Blocks": 352,
                            "Lossy Heap Blocks": 0,
                            "Plans": [
                              {
                                "Node Type": "Bitmap Index Scan",
                                "Parent Relationship": "Outer",
                                "Parallel Aware": false,
                                "Index Name": "company_id_movie_companies",
                                "Startup Cost": 0.0,
                                "Total Cost": 91.09,
                                "Plan Rows": 4088,
                                "Plan Width": 0,
                                "Actual Startup Time": 0.445,
                                "Actual Total Time": 0.445,
                                "Actual Rows": 3722,
                                "Actual Loops": 1,
                                "Index Cond": "(company_id = 164)"
                              }
                            ]
                          },
                          {
                            "Node Type": "Index Only Scan",
                            "Parent Relationship": "Inner",
                            "Parallel Aware": false,
                            "Scan Direction": "Forward",
                            "Index Name": "title_pkey",
                            "Relation Name": "title",
                            "Alias": "t",
                            "Startup Cost": 0.43,
                            "Total Cost": 7.94,
                            "Plan Rows": 1,
                            "Plan Width": 4,
                            "Actual Startup Time": 0.008,
                            "Actual Total Time": 0.008,
                            "Actual Rows": 1,
                            "Actual Loops": 3707,
                            "Index Cond": "(id = mc.movie_id)",
                            "Rows Removed by Index Recheck": 0,
                            "Heap Fetches": 3707
                          }
                        ]
                      }
                    ]
                  }
                ]
              }
            ]
          }
        ]
      }
    ]
  },
  "Planning Time": 0.667,
  "Triggers": [],
  "Execution Time": 150.777
}