{
  "Plan": {
    "Node Type": "Aggregate",
    "Strategy": "Plain",
    "Partial Mode": "Finalize",
    "Parallel Aware": false,
    "Startup Cost": 2866390.02,
    "Total Cost": 2866390.03,
    "Plan Rows": 1,
    "Plan Width": 8,
    "Actual Startup Time": 26667.484,
    "Actual Total Time": 26776.144,
    "Actual Rows": 1,
    "Actual Loops": 1,
    "Plans": [
      {
        "Node Type": "Gather",
        "Parent Relationship": "Outer",
        "Parallel Aware": false,
        "Startup Cost": 2866389.91,
        "Total Cost": 2866390.02,
        "Plan Rows": 1,
        "Plan Width": 8,
        "Actual Startup Time": 26667.407,
        "Actual Total Time": 26776.13,
        "Actual Rows": 2,
        "Actual Loops": 1,
        "Workers Planned": 1,
        "Workers Launched": 1,
        "Single Copy": false,
        "Plans": [
          {
            "Node Type": "Aggregate",
            "Strategy": "Plain",
            "Partial Mode": "Partial",
            "Parent Relationship": "Outer",
            "Parallel Aware": false,
            "Startup Cost": 2865389.91,
            "Total Cost": 2865389.92,
            "Plan Rows": 1,
            "Plan Width": 8,
            "Actual Startup Time": 26661.03,
            "Actual Total Time": 26661.031,
            "Actual Rows": 1,
            "Actual Loops": 2,
            "Plans": [
              {
                "Node Type": "Merge Join",
                "Parent Relationship": "Outer",
                "Parallel Aware": false,
                "Join Type": "Inner",
                "Startup Cost": 91.0,
                "Total Cost": 2812501.68,
                "Plan Rows": 21155291,
                "Plan Width": 0,
                "Actual Startup Time": 3.393,
                "Actual Total Time": 24965.839,
                "Actual Rows": 39969948,
                "Actual Loops": 2,
                "Inner Unique": false,
                "Merge Cond": "(t.id = mc.movie_id)",
                "Plans": [
                  {
                    "Node Type": "Merge Join",
                    "Parent Relationship": "Outer",
                    "Parallel Aware": false,
                    "Join Type": "Inner",
                    "Startup Cost": 42.96,
                    "Total Cost": 2306247.84,
                    "Plan Rows": 20499858,
                    "Plan Width": 8,
                    "Actual Startup Time": 3.094,
                    "Actual Total Time": 17954.253,
                    "Actual Rows": 17895940,
                    "Actual Loops": 2,
                    "Inner Unique": true,
                    "Merge Cond": "(ci.movie_id = t.id)",
                    "Plans": [
                      {
                        "Node Type": "Index Only Scan",
                        "Parent Relationship": "Outer",
                        "Parallel Aware": true,
                        "Scan Direction": "Forward",
                        "Index Name": "movie_id_cast_info",
                        "Relation Name": "cast_info",
                        "Alias": "ci",
                        "Startup Cost": 0.56,
                        "Total Cost": 1925345.15,
                        "Plan Rows": 21310595,
                        "Plan Width": 4,
                        "Actual Startup Time": 0.108,
                        "Actual Total Time": 14243.653,
                        "Actual Rows": 18121320,
                        "Actual Loops": 2,
                        "Heap Fetches": 36242639
                      },
                      {
                        "Node Type": "Index Scan",
                        "Parent Relationship": "Inner",
                        "Parallel Aware": false,
                        "Scan Direction": "Forward",
                        "Index Name": "title_pkey",
                        "Relation Name": "title",
                        "Alias": "t",
                        "Startup Cost": 0.43,
                        "Total Cost": 116660.7,
                        "Plan Rows": 2432107,
                        "Plan Width": 4,
                        "Actual Startup Time": 0.096,
                        "Actual Total Time": 1644.511,
                        "Actual Rows": 2425926,
                        "Actual Loops": 2,
                        "Filter": "(production_year > 1910)",
                        "Rows Removed by Filter": 99822
                      }
                    ]
                  },
                  {
                    "Node Type": "Materialize",
                    "Parent Relationship": "Inner",
                    "Parallel Aware": false,
                    "Startup Cost": 0.43,
                    "Total Cost": 146582.27,
                    "Plan Rows": 2609129,
                    "Plan Width": 4,
                    "Actual Startup Time": 0.108,
                    "Actual Total Time": 2374.399,
                    "Actual Rows": 41348731,
                    "Actual Loops": 2,
                    "Plans": [
                      {
                        "Node Type": "Index Only Scan",
                        "Parent Relationship": "Outer",
                        "Parallel Aware": false,
                        "Scan Direction": "Forward",
                        "Index Name": "movie_id_movie_companies",
                        "Relation Name": "movie_companies",
                        "Alias": "mc",
                        "Startup Cost": 0.43,
                        "Total Cost": 140059.44,
                        "Plan Rows": 2609129,
                        "Plan Width": 4,
                        "Actual Startup Time": 0.098,
                        "Actual Total Time": 705.631,
                        "Actual Rows": 2609129,
                        "Actual Loops": 2,
                        "Heap Fetches": 5218258
                      }
                    ]
                  }
                ]
              }
            ]
          }
        ]
      }
    ]
  },
  "Planning Time": 1.06,
  "Triggers": [],
  "Execution Time": 26776.28
}