[
  {
    "Plan": {
      "Node Type": "Aggregate",
      "Strategy": "Plain",
      "Partial Mode": "Finalize",
      "Parallel Aware": false,
      "Startup Cost": 269678.05,
      "Total Cost": 269678.06,
      "Plan Rows": 1,
      "Plan Width": 8,
      "Actual Startup Time": 843.578,
      "Actual Total Time": 864.03,
      "Actual Rows": 1,
      "Actual Loops": 1,
      "Plans": [
        {
          "Node Type": "Gather",
          "Parent Relationship": "Outer",
          "Parallel Aware": false,
          "Startup Cost": 269677.73,
          "Total Cost": 269678.04,
          "Plan Rows": 3,
          "Plan Width": 8,
          "Actual Startup Time": 838.16,
          "Actual Total Time": 864.021,
          "Actual Rows": 4,
          "Actual Loops": 1,
          "Workers Planned": 3,
          "Workers Launched": 3,
          "Single Copy": false,
          "Plans": [
            {
              "Node Type": "Aggregate",
              "Strategy": "Plain",
              "Partial Mode": "Partial",
              "Parent Relationship": "Outer",
              "Parallel Aware": false,
              "Startup Cost": 268677.73,
              "Total Cost": 268677.74,
              "Plan Rows": 1,
              "Plan Width": 8,
              "Actual Startup Time": 828.687,
              "Actual Total Time": 828.693,
              "Actual Rows": 1,
              "Actual Loops": 4,
              "Plans": [
                {
                  "Node Type": "Hash Join",
                  "Parent Relationship": "Outer",
                  "Parallel Aware": true,
                  "Join Type": "Inner",
                  "Startup Cost": 223396.13,
                  "Total Cost": 268254.51,
                  "Plan Rows": 169288,
                  "Plan Width": 0,
                  "Actual Startup Time": 358.585,
                  "Actual Total Time": 721.289,
                  "Actual Rows": 2554908,
                  "Actual Loops": 4,
                  "Inner Unique": false,
                  "Hash Cond": "(mk.movie_id = t.id)",
                  "Plans": [
                    {
                      "Node Type": "Seq Scan",
                      "Parent Relationship": "Outer",
                      "Parallel Aware": true,
                      "Relation Name": "movie_keyword",
                      "Alias": "mk",
                      "Startup Cost": 0.0,
                      "Total Cost": 39047.32,
                      "Plan Rows": 1459332,
                      "Plan Width": 4,
                      "Actual Startup Time": 0.028,
                      "Actual Total Time": 89.327,
                      "Actual Rows": 1130982,
                      "Actual Loops": 4
                    },
                    {
                      "Node Type": "Hash",
                      "Parent Relationship": "Inner",
                      "Parallel Aware": true,
                      "Startup Cost": 222662.9,
                      "Total Cost": 222662.9,
                      "Plan Rows": 58658,
                      "Plan Width": 8,
                      "Actual Startup Time": 355.07,
                      "Actual Total Time": 355.074,
                      "Actual Rows": 50404,
                      "Actual Loops": 4,
                      "Hash Buckets": 524288,
                      "Original Hash Buckets": 524288,
                      "Hash Batches": 1,
                      "Original Hash Batches": 1,
                      "Peak Memory Usage": 12032,
                      "Plans": [
                        {
                          "Node Type": "Hash Join",
                          "Parent Relationship": "Outer",
                          "Parallel Aware": true,
                          "Join Type": "Inner",
                          "Startup Cost": 58809.53,
                          "Total Cost": 222662.9,
                          "Plan Rows": 58658,
                          "Plan Width": 8,
                          "Actual Startup Time": 264.64,
                          "Actual Total Time": 342.866,
                          "Actual Rows": 50404,
                          "Actual Loops": 4,
                          "Inner Unique": true,
                          "Hash Cond": "(mi.movie_id = t.id)",
                          "Plans": [
                            {
                              "Node Type": "Bitmap Heap Scan",
                              "Parent Relationship": "Outer",
                              "Parallel Aware": true,
                              "Relation Name": "movie_info",
                              "Alias": "mi",
                              "Startup Cost": 11142.68,
                              "Total Cost": 174673.18,
                              "Plan Rows": 123000,
                              "Plan Width": 4,
                              "Actual Startup Time": 28.015,
                              "Actual Total Time": 76.26,
                              "Actual Rows": 149614,
                              "Actual Loops": 4,
                              "Recheck Cond": "(info_type_id = 15)",
                              "Rows Removed by Index Recheck": 0,
                              "Exact Heap Blocks": 7651,
                              "Lossy Heap Blocks": 0,
                              "Plans": [
                                {
                                  "Node Type": "Bitmap Index Scan",
                                  "Parent Relationship": "Outer",
                                  "Parallel Aware": false,
                                  "Index Name": "info_type_id_movie_info",
                                  "Startup Cost": 0.0,
                                  "Total Cost": 10988.93,
                                  "Plan Rows": 615000,
                                  "Plan Width": 0,
                                  "Actual Startup Time": 24.751,
                                  "Actual Total Time": 24.751,
                                  "Actual Rows": 598457,
                                  "Actual Loops": 1,
                                  "Index Cond": "(info_type_id = 15)"
                                }
                              ]
                            },
                            {
                              "Node Type": "Hash",
                              "Parent Relationship": "Inner",
                              "Parallel Aware": true,
                              "Startup Cost": 43898.92,
                              "Total Cost": 43898.92,
                              "Plan Rows": 301434,
                              "Plan Width": 4,
                              "Actual Startup Time": 230.983,
                              "Actual Total Time": 230.984,
                              "Actual Rows": 298130,
                              "Actual Loops": 4,
                              "Hash Buckets": 2097152,
                              "Original Hash Buckets": 2097152,
                              "Hash Batches": 1,
                              "Original Hash Batches": 1,
                              "Peak Memory Usage": 63104,
                              "Plans": [
                                {
                                  "Node Type": "Seq Scan",
                                  "Parent Relationship": "Outer",
                                  "Parallel Aware": true,
                                  "Relation Name": "title",
                                  "Alias": "t",
                                  "Startup Cost": 0.0,
                                  "Total Cost": 43898.92,
                                  "Plan Rows": 301434,
                                  "Plan Width": 4,
                                  "Actual Startup Time": 0.061,
                                  "Actual Total Time": 106.995,
                                  "Actual Rows": 298130,
                                  "Actual Loops": 4,
                                  "Filter": "(production_year > 2003)",
                                  "Rows Removed by Filter": 333948
                                }
                              ]
                            }
                          ]
                        }
                      ]
                    }
                  ]
                }
              ]
            }
          ]
        }
      ]
    },
    "Planning Time": 1.48,
    "Triggers": [],
    "Execution Time": 864.138
  }
]