[
  {
    "Plan": {
      "Node Type": "Aggregate",
      "Strategy": "Plain",
      "Partial Mode": "Finalize",
      "Parallel Aware": false,
      "Startup Cost": 141114.61,
      "Total Cost": 141114.62,
      "Plan Rows": 1,
      "Plan Width": 8,
      "Actual Startup Time": 775.382,
      "Actual Total Time": 822.789,
      "Actual Rows": 1,
      "Actual Loops": 1,
      "Plans": [
        {
          "Node Type": "Gather",
          "Parent Relationship": "Outer",
          "Parallel Aware": false,
          "Startup Cost": 141114.29,
          "Total Cost": 141114.6,
          "Plan Rows": 3,
          "Plan Width": 8,
          "Actual Startup Time": 760.133,
          "Actual Total Time": 822.773,
          "Actual Rows": 4,
          "Actual Loops": 1,
          "Workers Planned": 3,
          "Workers Launched": 3,
          "Single Copy": false,
          "Plans": [
            {
              "Node Type": "Aggregate",
              "Strategy": "Plain",
              "Partial Mode": "Partial",
              "Parent Relationship": "Outer",
              "Parallel Aware": false,
              "Startup Cost": 140114.29,
              "Total Cost": 140114.3,
              "Plan Rows": 1,
              "Plan Width": 8,
              "Actual Startup Time": 749.991,
              "Actual Total Time": 749.999,
              "Actual Rows": 1,
              "Actual Loops": 4,
              "Plans": [
                {
                  "Node Type": "Nested Loop",
                  "Parent Relationship": "Outer",
                  "Parallel Aware": false,
                  "Join Type": "Inner",
                  "Startup Cost": 52109.28,
                  "Total Cost": 139653.04,
                  "Plan Rows": 184498,
                  "Plan Width": 0,
                  "Actual Startup Time": 276.712,
                  "Actual Total Time": 724.667,
                  "Actual Rows": 476894,
                  "Actual Loops": 4,
                  "Inner Unique": false,
                  "Plans": [
                    {
                      "Node Type": "Hash Join",
                      "Parent Relationship": "Outer",
                      "Parallel Aware": true,
                      "Join Type": "Inner",
                      "Startup Cost": 52108.85,
                      "Total Cost": 71731.33,
                      "Plan Rows": 31422,
                      "Plan Width": 8,
                      "Actual Startup Time": 276.571,
                      "Actual Total Time": 328.159,
                      "Actual Rows": 33884,
                      "Actual Loops": 4,
                      "Inner Unique": true,
                      "Hash Cond": "(mc.movie_id = t.id)",
                      "Plans": [
                        {
                          "Node Type": "Bitmap Heap Scan",
                          "Parent Relationship": "Outer",
                          "Parallel Aware": true,
                          "Relation Name": "movie_companies",
                          "Alias": "mc",
                          "Startup Cost": 3698.77,
                          "Total Cost": 23176.78,
                          "Plan Rows": 55040,
                          "Plan Width": 4,
                          "Actual Startup Time": 8.165,
                          "Actual Total Time": 29.301,
                          "Actual Rows": 41927,
                          "Actual Loops": 4,
                          "Recheck Cond": "(company_id < 34)",
                          "Rows Removed by Index Recheck": 0,
                          "Exact Heap Blocks": 4766,
                          "Lossy Heap Blocks": 0,
                          "Plans": [
                            {
                              "Node Type": "Bitmap Index Scan",
                              "Parent Relationship": "Outer",
                              "Parallel Aware": false,
                              "Index Name": "company_id_movie_companies",
                              "Startup Cost": 0.0,
                              "Total Cost": 3656.12,
                              "Plan Rows": 170625,
                              "Plan Width": 0,
                              "Actual Startup Time": 6.286,
                              "Actual Total Time": 6.287,
                              "Actual Rows": 167708,
                              "Actual Loops": 1,
                              "Index Cond": "(company_id < 34)"
                            }
                          ]
                        },
                        {
                          "Node Type": "Hash",
                          "Parent Relationship": "Inner",
                          "Parallel Aware": true,
                          "Startup Cost": 43899.32,
                          "Total Cost": 43899.32,
                          "Plan Rows": 360860,
                          "Plan Width": 4,
                          "Actual Startup Time": 262.49,
                          "Actual Total Time": 262.491,
                          "Actual Rows": 360824,
                          "Actual Loops": 4,
                          "Hash Buckets": 2097152,
                          "Original Hash Buckets": 2097152,
                          "Hash Batches": 1,
                          "Original Hash Batches": 1,
                          "Peak Memory Usage": 72896,
                          "Plans": [
                            {
                              "Node Type": "Seq Scan",
                              "Parent Relationship": "Outer",
                              "Parallel Aware": true,
                              "Relation Name": "title",
                              "Alias": "t",
                              "Startup Cost": 0.0,
                              "Total Cost": 43899.32,
                              "Plan Rows": 360860,
                              "Plan Width": 4,
                              "Actual Startup Time": 0.045,
                              "Actual Total Time": 121.554,
                              "Actual Rows": 360824,
                              "Actual Loops": 4,
                              "Filter": "(production_year < 2006)",
                              "Rows Removed by Filter": 271254
                            }
                          ]
                        }
                      ]
                    },
                    {
                      "Node Type": "Index Only Scan",
                      "Parent Relationship": "Inner",
                      "Parallel Aware": false,
                      "Scan Direction": "Forward",
                      "Index Name": "movie_id_movie_info",
                      "Relation Name": "movie_info",
                      "Alias": "mi",
                      "Startup Cost": 0.43,
                      "Total Cost": 1.75,
                      "Plan Rows": 41,
                      "Plan Width": 4,
                      "Actual Startup Time": 0.004,
                      "Actual Total Time": 0.01,
                      "Actual Rows": 14,
                      "Actual Loops": 135534,
                      "Index Cond": "(movie_id = t.id)",
                      "Rows Removed by Index Recheck": 0,
                      "Heap Fetches": 1907578
                    }
                  ]
                }
              ]
            }
          ]
        }
      ]
    },
    "Planning Time": 0.935,
    "Triggers": [],
    "Execution Time": 822.886
  }
]