{
  "Plan": {
    "Node Type": "Aggregate",
    "Strategy": "Plain",
    "Partial Mode": "Finalize",
    "Parallel Aware": false,
    "Startup Cost": 331461.99,
    "Total Cost": 331462.0,
    "Plan Rows": 1,
    "Plan Width": 8,
    "Actual Startup Time": 1404.976,
    "Actual Total Time": 1453.863,
    "Actual Rows": 1,
    "Actual Loops": 1,
    "Plans": [
      {
        "Node Type": "Gather",
        "Parent Relationship": "Outer",
        "Parallel Aware": false,
        "Startup Cost": 331461.88,
        "Total Cost": 331461.99,
        "Plan Rows": 1,
        "Plan Width": 8,
        "Actual Startup Time": 1404.694,
        "Actual Total Time": 1453.852,
        "Actual Rows": 2,
        "Actual Loops": 1,
        "Workers Planned": 1,
        "Workers Launched": 1,
        "Single Copy": false,
        "Plans": [
          {
            "Node Type": "Aggregate",
            "Strategy": "Plain",
            "Partial Mode": "Partial",
            "Parent Relationship": "Outer",
            "Parallel Aware": false,
            "Startup Cost": 330461.88,
            "Total Cost": 330461.89,
            "Plan Rows": 1,
            "Plan Width": 8,
            "Actual Startup Time": 1400.648,
            "Actual Total Time": 1400.652,
            "Actual Rows": 1,
            "Actual Loops": 2,
            "Plans": [
              {
                "Node Type": "Hash Join",
                "Parent Relationship": "Outer",
                "Parallel Aware": true,
                "Join Type": "Inner",
                "Startup Cost": 58477.91,
                "Total Cost": 330261.39,
                "Plan Rows": 80194,
                "Plan Width": 0,
                "Actual Startup Time": 136.443,
                "Actual Total Time": 1395.501,
                "Actual Rows": 111024,
                "Actual Loops": 2,
                "Inner Unique": true,
                "Hash Cond": "(mi.movie_id = t.id)",
                "Plans": [
                  {
                    "Node Type": "Seq Scan",
                    "Parent Relationship": "Outer",
                    "Parallel Aware": true,
                    "Relation Name": "movie_info",
                    "Alias": "mi",
                    "Startup Cost": 0.0,
                    "Total Cost": 248955.74,
                    "Plan Rows": 8696274,
                    "Plan Width": 4,
                    "Actual Startup Time": 0.009,
                    "Actual Total Time": 616.866,
                    "Actual Rows": 7417860,
                    "Actual Loops": 2
                  },
                  {
                    "Node Type": "Hash",
                    "Parent Relationship": "Inner",
                    "Parallel Aware": true,
                    "Startup Cost": 58306.47,
                    "Total Cost": 58306.47,
                    "Plan Rows": 13715,
                    "Plan Width": 4,
                    "Actual Startup Time": 134.83,
                    "Actual Total Time": 134.83,
                    "Actual Rows": 12892,
                    "Actual Loops": 2,
                    "Hash Buckets": 32768,
                    "Original Hash Buckets": 32768,
                    "Hash Batches": 1,
                    "Original Hash Batches": 1,
                    "Peak Memory Usage": 1280,
                    "Plans": [
                      {
                        "Node Type": "Seq Scan",
                        "Parent Relationship": "Outer",
                        "Parallel Aware": true,
                        "Relation Name": "title",
                        "Alias": "t",
                        "Startup Cost": 0.0,
                        "Total Cost": 58306.47,
                        "Plan Rows": 13715,
                        "Plan Width": 4,
                        "Actual Startup Time": 0.11,
                        "Actual Total Time": 131.307,
                        "Actual Rows": 12892,
                        "Actual Loops": 2,
                        "Filter": "((kind_id < 4) AND (production_year > 2012))",
                        "Rows Removed by Filter": 1251264
                      }
                    ]
                  }
                ]
              }
            ]
          }
        ]
      }
    ]
  },
  "Planning Time": 0.355,
  "Triggers": [],
  "Execution Time": 1453.922
}