{
  "Plan": {
    "Node Type": "Aggregate",
    "Strategy": "Plain",
    "Partial Mode": "Finalize",
    "Parallel Aware": false,
    "Startup Cost": 408852.08,
    "Total Cost": 408852.09,
    "Plan Rows": 1,
    "Plan Width": 8,
    "Actual Startup Time": 3098.696,
    "Actual Total Time": 3153.85,
    "Actual Rows": 1,
    "Actual Loops": 1,
    "Plans": [
      {
        "Node Type": "Gather",
        "Parent Relationship": "Outer",
        "Parallel Aware": false,
        "Startup Cost": 408851.97,
        "Total Cost": 408852.08,
        "Plan Rows": 1,
        "Plan Width": 8,
        "Actual Startup Time": 3092.14,
        "Actual Total Time": 3153.839,
        "Actual Rows": 2,
        "Actual Loops": 1,
        "Workers Planned": 1,
        "Workers Launched": 1,
        "Single Copy": false,
        "Plans": [
          {
            "Node Type": "Aggregate",
            "Strategy": "Plain",
            "Partial Mode": "Partial",
            "Parent Relationship": "Outer",
            "Parallel Aware": false,
            "Startup Cost": 407851.97,
            "Total Cost": 407851.98,
            "Plan Rows": 1,
            "Plan Width": 8,
            "Actual Startup Time": 3086.126,
            "Actual Total Time": 3086.413,
            "Actual Rows": 1,
            "Actual Loops": 2,
            "Plans": [
              {
                "Node Type": "Hash Join",
                "Parent Relationship": "Outer",
                "Parallel Aware": true,
                "Join Type": "Inner",
                "Startup Cost": 116041.01,
                "Total Cost": 405691.81,
                "Plan Rows": 864065,
                "Plan Width": 0,
                "Actual Startup Time": 837.718,
                "Actual Total Time": 2630.367,
                "Actual Rows": 11774166,
                "Actual Loops": 2,
                "Inner Unique": false,
                "Hash Cond": "(mi.movie_id = t.id)",
                "Plans": [
                  {
                    "Node Type": "Seq Scan",
                    "Parent Relationship": "Outer",
                    "Parallel Aware": true,
                    "Relation Name": "movie_info",
                    "Alias": "mi",
                    "Startup Cost": 0.0,
                    "Total Cost": 270696.42,
                    "Plan Rows": 3699105,
                    "Plan Width": 4,
                    "Actual Startup Time": 34.577,
                    "Actual Total Time": 658.338,
                    "Actual Rows": 3111747,
                    "Actual Loops": 2,
                    "Filter": "(info_type_id > 8)",
                    "Rows Removed by Filter": 4306113
                  },
                  {
                    "Node Type": "Hash",
                    "Parent Relationship": "Inner",
                    "Parallel Aware": true,
                    "Startup Cost": 111698.52,
                    "Total Cost": 111698.52,
                    "Plan Rows": 347399,
                    "Plan Width": 8,
                    "Actual Startup Time": 787.467,
                    "Actual Total Time": 787.752,
                    "Actual Rows": 289184,
                    "Actual Loops": 2,
                    "Hash Buckets": 1048576,
                    "Original Hash Buckets": 1048576,
                    "Hash Batches": 1,
                    "Original Hash Batches": 1,
                    "Peak Memory Usage": 30848,
                    "Plans": [
                      {
                        "Node Type": "Hash Join",
                        "Parent Relationship": "Outer",
                        "Parallel Aware": true,
                        "Join Type": "Inner",
                        "Startup Cost": 81990.11,
                        "Total Cost": 111698.52,
                        "Plan Rows": 347399,
                        "Plan Width": 8,
                        "Actual Startup Time": 566.314,
                        "Actual Total Time": 720.882,
                        "Actual Rows": 289184,
                        "Actual Loops": 2,
                        "Inner Unique": true,
                        "Hash Cond": "(mk.movie_id = t.id)",
                        "Plans": [
                          {
                            "Node Type": "Bitmap Heap Scan",
                            "Parent Relationship": "Outer",
                            "Parallel Aware": true,
                            "Relation Name": "movie_keyword",
                            "Alias": "mk",
                            "Startup Cost": 12529.41,
                            "Total Cost": 41325.9,
                            "Plan Rows": 347399,
                            "Plan Width": 4,
                            "Actual Startup Time": 38.866,
                            "Actual Total Time": 113.596,
                            "Actual Rows": 289184,
                            "Actual Loops": 2,
                            "Recheck Cond": "(keyword_id > 31691)",
                            "Rows Removed by Index Recheck": 0,
                            "Exact Heap Blocks": 11589,
                            "Lossy Heap Blocks": 0,
                            "Plans": [
                              {
                                "Node Type": "Bitmap Index Scan",
                                "Parent Relationship": "Outer",
                                "Parallel Aware": false,
                                "Index Name": "keyword_id_movie_keyword",
                                "Startup Cost": 0.0,
                                "Total Cost": 12381.77,
                                "Plan Rows": 590578,
                                "Plan Width": 0,
                                "Actual Startup Time": 35.386,
                                "Actual Total Time": 35.386,
                                "Actual Rows": 578369,
                                "Actual Loops": 1,
                                "Index Cond": "(keyword_id > 31691)"
                              }
                            ]
                          },
                          {
                            "Node Type": "Hash",
                            "Parent Relationship": "Inner",
                            "Parallel Aware": true,
                            "Startup Cost": 50870.31,
                            "Total Cost": 50870.31,
                            "Plan Rows": 1487231,
                            "Plan Width": 4,
                            "Actual Startup Time": 511.608,
                            "Actual Total Time": 511.61,
                            "Actual Rows": 1264156,
                            "Actual Loops": 2,
                            "Hash Buckets": 4194304,
                            "Original Hash Buckets": 4194304,
                            "Hash Batches": 1,
                            "Original Hash Batches": 1,
                            "Peak Memory Usage": 131712,
                            "Plans": [
                              {
                                "Node Type": "Seq Scan",
                                "Parent Relationship": "Outer",
                                "Parallel Aware": true,
                                "Relation Name": "title",
                                "Alias": "t",
                                "Startup Cost": 0.0,
                                "Total Cost": 50870.31,
                                "Plan Rows": 1487231,
                                "Plan Width": 4,
                                "Actual Startup Time": 0.036,
                                "Actual Total Time": 152.292,
                                "Actual Rows": 1264156,
                                "Actual Loops": 2
                              }
                            ]
                          }
                        ]
                      }
                    ]
                  }
                ]
              }
            ]
          }
        ]
      }
    ]
  },
  "Planning Time": 0.953,
  "Triggers": [],
  "Execution Time": 3153.959
}