[
  {
    "Plan": {
      "Node Type": "Aggregate",
      "Strategy": "Plain",
      "Partial Mode": "Finalize",
      "Parallel Aware": false,
      "Startup Cost": 77425.85,
      "Total Cost": 77425.86,
      "Plan Rows": 1,
      "Plan Width": 8,
      "Actual Startup Time": 260.22,
      "Actual Total Time": 276.542,
      "Actual Rows": 1,
      "Actual Loops": 1,
      "Plans": [
        {
          "Node Type": "Gather",
          "Parent Relationship": "Outer",
          "Parallel Aware": false,
          "Startup Cost": 77425.53,
          "Total Cost": 77425.84,
          "Plan Rows": 3,
          "Plan Width": 8,
          "Actual Startup Time": 258.992,
          "Actual Total Time": 276.533,
          "Actual Rows": 4,
          "Actual Loops": 1,
          "Workers Planned": 3,
          "Workers Launched": 3,
          "Single Copy": false,
          "Plans": [
            {
              "Node Type": "Aggregate",
              "Strategy": "Plain",
              "Partial Mode": "Partial",
              "Parent Relationship": "Outer",
              "Parallel Aware": false,
              "Startup Cost": 76425.53,
              "Total Cost": 76425.54,
              "Plan Rows": 1,
              "Plan Width": 8,
              "Actual Startup Time": 250.35,
              "Actual Total Time": 250.353,
              "Actual Rows": 1,
              "Actual Loops": 4,
              "Plans": [
                {
                  "Node Type": "Hash Join",
                  "Parent Relationship": "Outer",
                  "Parallel Aware": true,
                  "Join Type": "Inner",
                  "Startup Cost": 45931.87,
                  "Total Cost": 76364.31,
                  "Plan Rows": 24489,
                  "Plan Width": 0,
                  "Actual Startup Time": 154.738,
                  "Actual Total Time": 247.668,
                  "Actual Rows": 59960,
                  "Actual Loops": 4,
                  "Inner Unique": true,
                  "Hash Cond": "(mc.movie_id = t.id)",
                  "Plans": [
                    {
                      "Node Type": "Seq Scan",
                      "Parent Relationship": "Outer",
                      "Parallel Aware": true,
                      "Relation Name": "movie_companies",
                      "Alias": "mc",
                      "Startup Cost": 0.0,
                      "Total Cost": 29310.68,
                      "Plan Rows": 427336,
                      "Plan Width": 4,
                      "Actual Startup Time": 29.99,
                      "Actual Total Time": 68.182,
                      "Actual Rows": 333721,
                      "Actual Loops": 4,
                      "Filter": "(company_type_id > 1)",
                      "Rows Removed by Filter": 318562
                    },
                    {
                      "Node Type": "Hash",
                      "Parent Relationship": "Inner",
                      "Parallel Aware": true,
                      "Startup Cost": 45479.1,
                      "Total Cost": 45479.1,
                      "Plan Rows": 36222,
                      "Plan Width": 4,
                      "Actual Startup Time": 121.76,
                      "Actual Total Time": 121.761,
                      "Actual Rows": 62969,
                      "Actual Loops": 4,
                      "Hash Buckets": 262144,
                      "Original Hash Buckets": 262144,
                      "Hash Batches": 1,
                      "Original Hash Batches": 1,
                      "Peak Memory Usage": 11968,
                      "Plans": [
                        {
                          "Node Type": "Seq Scan",
                          "Parent Relationship": "Outer",
                          "Parallel Aware": true,
                          "Relation Name": "title",
                          "Alias": "t",
                          "Startup Cost": 0.0,
                          "Total Cost": 45479.1,
                          "Plan Rows": 36222,
                          "Plan Width": 4,
                          "Actual Startup Time": 0.137,
                          "Actual Total Time": 100.102,
                          "Actual Rows": 62969,
                          "Actual Loops": 4,
                          "Filter": "((kind_id < 7) AND (production_year < 1971))",
                          "Rows Removed by Filter": 569109
                        }
                      ]
                    }
                  ]
                }
              ]
            }
          ]
        }
      ]
    },
    "Planning Time": 0.606,
    "Triggers": [],
    "Execution Time": 276.606
  }
]