[
    {
        "Bao": {
            "Bao prediction": "NaN",
            "Bao recommended hint": "(no hint)"
        }
    },
    {
        "Plan": {
            "Node Type": "Aggregate",
            "Strategy": "Plain",
            "Partial Mode": "Finalize",
            "Parallel Aware": false,
            "Startup Cost": 206818.72,
            "Total Cost": 206818.73,
            "Plan Rows": 1,
            "Plan Width": 8,
            "Actual Startup Time": 489.885,
            "Actual Total Time": 511.204,
            "Actual Rows": 1,
            "Actual Loops": 1,
            "Output": [
                "count(*)"
            ],
            "Plans": [
                {
                    "Node Type": "Gather",
                    "Parent Relationship": "Outer",
                    "Parallel Aware": false,
                    "Startup Cost": 206818.2,
                    "Total Cost": 206818.71,
                    "Plan Rows": 5,
                    "Plan Width": 8,
                    "Actual Startup Time": 489.772,
                    "Actual Total Time": 511.197,
                    "Actual Rows": 6,
                    "Actual Loops": 1,
                    "Output": [
                        "(PARTIAL count(*))"
                    ],
                    "Workers Planned": 5,
                    "Workers Launched": 5,
                    "Single Copy": false,
                    "Plans": [
                        {
                            "Node Type": "Aggregate",
                            "Strategy": "Plain",
                            "Partial Mode": "Partial",
                            "Parent Relationship": "Outer",
                            "Parallel Aware": false,
                            "Startup Cost": 205818.2,
                            "Total Cost": 205818.21,
                            "Plan Rows": 1,
                            "Plan Width": 8,
                            "Actual Startup Time": 480.201,
                            "Actual Total Time": 480.202,
                            "Actual Rows": 1,
                            "Actual Loops": 6,
                            "Output": [
                                "PARTIAL count(*)"
                            ],
                            "Workers": [
                                {
                                    "Worker Number": 0,
                                    "Actual Startup Time": 477.716,
                                    "Actual Total Time": 477.717,
                                    "Actual Rows": 1,
                                    "Actual Loops": 1
                                },
                                {
                                    "Worker Number": 1,
                                    "Actual Startup Time": 478.243,
                                    "Actual Total Time": 478.244,
                                    "Actual Rows": 1,
                                    "Actual Loops": 1
                                },
                                {
                                    "Worker Number": 2,
                                    "Actual Startup Time": 478.275,
                                    "Actual Total Time": 478.276,
                                    "Actual Rows": 1,
                                    "Actual Loops": 1
                                },
                                {
                                    "Worker Number": 3,
                                    "Actual Startup Time": 478.589,
                                    "Actual Total Time": 478.59,
                                    "Actual Rows": 1,
                                    "Actual Loops": 1
                                },
                                {
                                    "Worker Number": 4,
                                    "Actual Startup Time": 479.021,
                                    "Actual Total Time": 479.022,
                                    "Actual Rows": 1,
                                    "Actual Loops": 1
                                }
                            ],
                            "Plans": [
                                {
                                    "Node Type": "Seq Scan",
                                    "Parent Relationship": "Outer",
                                    "Parallel Aware": true,
                                    "Relation Name": "movie_info",
                                    "Schema": "public",
                                    "Alias": "mi",
                                    "Startup Cost": 0.0,
                                    "Total Cost": 198880.74,
                                    "Plan Rows": 2774984,
                                    "Plan Width": 0,
                                    "Actual Startup Time": 0.063,
                                    "Actual Total Time": 367.465,
                                    "Actual Rows": 2324966,
                                    "Actual Loops": 6,
                                    "Output": [
                                        "id",
                                        "movie_id",
                                        "info_type_id",
                                        "info",
                                        "note"
                                    ],
                                    "Filter": "(mi.info_type_id < 97)",
                                    "Rows Removed by Filter": 147654,
                                    "Workers": [
                                        {
                                            "Worker Number": 0,
                                            "Actual Startup Time": 0.064,
                                            "Actual Total Time": 368.834,
                                            "Actual Rows": 1512565,
                                            "Actual Loops": 1
                                        },
                                        {
                                            "Worker Number": 1,
                                            "Actual Startup Time": 0.086,
                                            "Actual Total Time": 367.573,
                                            "Actual Rows": 1609915,
                                            "Actual Loops": 1
                                        },
                                        {
                                            "Worker Number": 2,
                                            "Actual Startup Time": 0.085,
                                            "Actual Total Time": 369.213,
                                            "Actual Rows": 2510887,
                                            "Actual Loops": 1
                                        },
                                        {
                                            "Worker Number": 3,
                                            "Actual Startup Time": 0.065,
                                            "Actual Total Time": 370.685,
                                            "Actual Rows": 2489686,
                                            "Actual Loops": 1
                                        },
                                        {
                                            "Worker Number": 4,
                                            "Actual Startup Time": 0.062,
                                            "Actual Total Time": 371.007,
                                            "Actual Rows": 2494344,
                                            "Actual Loops": 1
                                        }
                                    ]
                                }
                            ]
                        }
                    ]
                }
            ]
        },
        "Planning Time": 242.411,
        "Triggers": [],
        "Execution Time": 511.255
    }
]