[
  {
    "Plan": {
      "Node Type": "Aggregate",
      "Strategy": "Plain",
      "Partial Mode": "Finalize",
      "Parallel Aware": false,
      "Startup Cost": 117054.03,
      "Total Cost": 117054.04,
      "Plan Rows": 1,
      "Plan Width": 8,
      "Actual Startup Time": 431.032,
      "Actual Total Time": 454.047,
      "Actual Rows": 1,
      "Actual Loops": 1,
      "Plans": [
        {
          "Node Type": "Gather",
          "Parent Relationship": "Outer",
          "Parallel Aware": false,
          "Startup Cost": 117053.72,
          "Total Cost": 117054.03,
          "Plan Rows": 3,
          "Plan Width": 8,
          "Actual Startup Time": 428.212,
          "Actual Total Time": 454.037,
          "Actual Rows": 4,
          "Actual Loops": 1,
          "Workers Planned": 3,
          "Workers Launched": 3,
          "Single Copy": false,
          "Plans": [
            {
              "Node Type": "Aggregate",
              "Strategy": "Plain",
              "Partial Mode": "Partial",
              "Parent Relationship": "Outer",
              "Parallel Aware": false,
              "Startup Cost": 116053.72,
              "Total Cost": 116053.73,
              "Plan Rows": 1,
              "Plan Width": 8,
              "Actual Startup Time": 421.553,
              "Actual Total Time": 421.558,
              "Actual Rows": 1,
              "Actual Loops": 4,
              "Plans": [
                {
                  "Node Type": "Nested Loop",
                  "Parent Relationship": "Outer",
                  "Parallel Aware": false,
                  "Join Type": "Inner",
                  "Startup Cost": 51428.79,
                  "Total Cost": 115950.92,
                  "Plan Rows": 41120,
                  "Plan Width": 0,
                  "Actual Startup Time": 193.464,
                  "Actual Total Time": 405.569,
                  "Actual Rows": 309466,
                  "Actual Loops": 4,
                  "Inner Unique": false,
                  "Plans": [
                    {
                      "Node Type": "Hash Join",
                      "Parent Relationship": "Outer",
                      "Parallel Aware": true,
                      "Join Type": "Inner",
                      "Startup Cost": 51428.36,
                      "Total Cost": 71382.08,
                      "Plan Rows": 22982,
                      "Plan Width": 8,
                      "Actual Startup Time": 193.386,
                      "Actual Total Time": 249.144,
                      "Actual Rows": 11860,
                      "Actual Loops": 4,
                      "Inner Unique": true,
                      "Hash Cond": "(mc.movie_id = t.id)",
                      "Plans": [
                        {
                          "Node Type": "Bitmap Heap Scan",
                          "Parent Relationship": "Outer",
                          "Parallel Aware": true,
                          "Relation Name": "movie_companies",
                          "Alias": "mc",
                          "Startup Cost": 5168.91,
                          "Total Cost": 24920.66,
                          "Plan Rows": 76940,
                          "Plan Width": 4,
                          "Actual Startup Time": 13.703,
                          "Actual Total Time": 43.978,
                          "Actual Rows": 58166,
                          "Actual Loops": 4,
                          "Recheck Cond": "(company_id < 93)",
                          "Rows Removed by Index Recheck": 0,
                          "Exact Heap Blocks": 5850,
                          "Lossy Heap Blocks": 0,
                          "Plans": [
                            {
                              "Node Type": "Bitmap Index Scan",
                              "Parent Relationship": "Outer",
                              "Parallel Aware": false,
                              "Index Name": "company_id_movie_companies",
                              "Startup Cost": 0.0,
                              "Total Cost": 5109.28,
                              "Plan Rows": 238514,
                              "Plan Width": 0,
                              "Actual Startup Time": 11.238,
                              "Actual Total Time": 11.239,
                              "Actual Rows": 232665,
                              "Actual Loops": 1,
                              "Index Cond": "(company_id < 93)"
                            }
                          ]
                        },
                        {
                          "Node Type": "Hash",
                          "Parent Relationship": "Inner",
                          "Parallel Aware": true,
                          "Startup Cost": 43899.32,
                          "Total Cost": 43899.32,
                          "Plan Rows": 188810,
                          "Plan Width": 4,
                          "Actual Startup Time": 176.623,
                          "Actual Total Time": 176.624,
                          "Actual Rows": 188419,
                          "Actual Loops": 4,
                          "Hash Buckets": 1048576,
                          "Original Hash Buckets": 1048576,
                          "Hash Batches": 1,
                          "Original Hash Batches": 1,
                          "Peak Memory Usage": 37728,
                          "Plans": [
                            {
                              "Node Type": "Seq Scan",
                              "Parent Relationship": "Outer",
                              "Parallel Aware": true,
                              "Relation Name": "title",
                              "Alias": "t",
                              "Startup Cost": 0.0,
                              "Total Cost": 43899.32,
                              "Plan Rows": 188810,
                              "Plan Width": 4,
                              "Actual Startup Time": 0.023,
                              "Actual Total Time": 106.255,
                              "Actual Rows": 188419,
                              "Actual Loops": 4,
                              "Filter": "(kind_id < 3)",
                              "Rows Removed by Filter": 443659
                            }
                          ]
                        }
                      ]
                    },
                    {
                      "Node Type": "Index Only Scan",
                      "Parent Relationship": "Inner",
                      "Parallel Aware": false,
                      "Scan Direction": "Forward",
                      "Index Name": "movie_id_movie_keyword",
                      "Relation Name": "movie_keyword",
                      "Alias": "mk",
                      "Startup Cost": 0.43,
                      "Total Cost": 1.48,
                      "Plan Rows": 46,
                      "Plan Width": 4,
                      "Actual Startup Time": 0.006,
                      "Actual Total Time": 0.011,
                      "Actual Rows": 26,
                      "Actual Loops": 47442,
                      "Index Cond": "(movie_id = t.id)",
                      "Rows Removed by Index Recheck": 0,
                      "Heap Fetches": 1237866
                    }
                  ]
                }
              ]
            }
          ]
        }
      ]
    },
    "Planning Time": 0.72,
    "Triggers": [],
    "Execution Time": 454.117
  }
]