[
  {
    "Plan": {
      "Node Type": "Aggregate",
      "Strategy": "Plain",
      "Partial Mode": "Finalize",
      "Parallel Aware": false,
      "Startup Cost": 105000.86,
      "Total Cost": 105000.87,
      "Plan Rows": 1,
      "Plan Width": 8,
      "Actual Startup Time": 317.212,
      "Actual Total Time": 338.583,
      "Actual Rows": 1,
      "Actual Loops": 1,
      "Plans": [
        {
          "Node Type": "Gather",
          "Parent Relationship": "Outer",
          "Parallel Aware": false,
          "Startup Cost": 105000.44,
          "Total Cost": 105000.85,
          "Plan Rows": 4,
          "Plan Width": 8,
          "Actual Startup Time": 316.249,
          "Actual Total Time": 338.574,
          "Actual Rows": 5,
          "Actual Loops": 1,
          "Workers Planned": 4,
          "Workers Launched": 4,
          "Single Copy": false,
          "Plans": [
            {
              "Node Type": "Aggregate",
              "Strategy": "Plain",
              "Partial Mode": "Partial",
              "Parent Relationship": "Outer",
              "Parallel Aware": false,
              "Startup Cost": 104000.44,
              "Total Cost": 104000.45,
              "Plan Rows": 1,
              "Plan Width": 8,
              "Actual Startup Time": 305.73,
              "Actual Total Time": 305.734,
              "Actual Rows": 1,
              "Actual Loops": 5,
              "Plans": [
                {
                  "Node Type": "Nested Loop",
                  "Parent Relationship": "Outer",
                  "Parallel Aware": false,
                  "Join Type": "Inner",
                  "Startup Cost": 25735.82,
                  "Total Cost": 103922.57,
                  "Plan Rows": 31150,
                  "Plan Width": 0,
                  "Actual Startup Time": 82.389,
                  "Actual Total Time": 294.608,
                  "Actual Rows": 247573,
                  "Actual Loops": 5,
                  "Inner Unique": false,
                  "Plans": [
                    {
                      "Node Type": "Hash Join",
                      "Parent Relationship": "Outer",
                      "Parallel Aware": true,
                      "Join Type": "Inner",
                      "Startup Cost": 25735.39,
                      "Total Cost": 70632.88,
                      "Plan Rows": 17409,
                      "Plan Width": 8,
                      "Actual Startup Time": 82.243,
                      "Actual Total Time": 186.845,
                      "Actual Rows": 9488,
                      "Actual Loops": 5,
                      "Inner Unique": false,
                      "Hash Cond": "(t.id = mc.movie_id)",
                      "Plans": [
                        {
                          "Node Type": "Seq Scan",
                          "Parent Relationship": "Outer",
                          "Parallel Aware": true,
                          "Relation Name": "title",
                          "Alias": "t",
                          "Startup Cost": 0.0,
                          "Total Cost": 43898.92,
                          "Plan Rows": 188484,
                          "Plan Width": 4,
                          "Actual Startup Time": 0.013,
                          "Actual Total Time": 67.814,
                          "Actual Rows": 150735,
                          "Actual Loops": 5,
                          "Filter": "(kind_id < 3)",
                          "Rows Removed by Filter": 354927
                        },
                        {
                          "Node Type": "Hash",
                          "Parent Relationship": "Inner",
                          "Parallel Aware": true,
                          "Startup Cost": 24793.79,
                          "Total Cost": 24793.79,
                          "Plan Rows": 75328,
                          "Plan Width": 4,
                          "Actual Startup Time": 80.314,
                          "Actual Total Time": 80.316,
                          "Actual Rows": 46533,
                          "Actual Loops": 5,
                          "Hash Buckets": 262144,
                          "Original Hash Buckets": 262144,
                          "Hash Batches": 1,
                          "Original Hash Batches": 1,
                          "Peak Memory Usage": 11264,
                          "Plans": [
                            {
                              "Node Type": "Bitmap Heap Scan",
                              "Parent Relationship": "Outer",
                              "Parallel Aware": true,
                              "Relation Name": "movie_companies",
                              "Alias": "mc",
                              "Startup Cost": 5062.19,
                              "Total Cost": 24793.79,
                              "Plan Rows": 75328,
                              "Plan Width": 4,
                              "Actual Startup Time": 21.616,
                              "Actual Total Time": 60.776,
                              "Actual Rows": 46533,
                              "Actual Loops": 5,
                              "Recheck Cond": "(company_id < 93)",
                              "Rows Removed by Index Recheck": 0,
                              "Exact Heap Blocks": 7617,
                              "Lossy Heap Blocks": 0,
                              "Plans": [
                                {
                                  "Node Type": "Bitmap Index Scan",
                                  "Parent Relationship": "Outer",
                                  "Parallel Aware": false,
                                  "Index Name": "company_id_movie_companies",
                                  "Startup Cost": 0.0,
                                  "Total Cost": 5003.81,
                                  "Plan Rows": 233517,
                                  "Plan Width": 0,
                                  "Actual Startup Time": 21.498,
                                  "Actual Total Time": 21.499,
                                  "Actual Rows": 232665,
                                  "Actual Loops": 1,
                                  "Index Cond": "(company_id < 93)"
                                }
                              ]
                            }
                          ]
                        }
                      ]
                    },
                    {
                      "Node Type": "Index Only Scan",
                      "Parent Relationship": "Inner",
                      "Parallel Aware": false,
                      "Scan Direction": "Forward",
                      "Index Name": "movie_id_movie_keyword",
                      "Relation Name": "movie_keyword",
                      "Alias": "mk",
                      "Startup Cost": 0.43,
                      "Total Cost": 1.46,
                      "Plan Rows": 45,
                      "Plan Width": 4,
                      "Actual Startup Time": 0.005,
                      "Actual Total Time": 0.009,
                      "Actual Rows": 26,
                      "Actual Loops": 47442,
                      "Index Cond": "(movie_id = t.id)",
                      "Rows Removed by Index Recheck": 0,
                      "Heap Fetches": 1237866
                    }
                  ]
                }
              ]
            }
          ]
        }
      ]
    },
    "Planning Time": 1.667,
    "Triggers": [],
    "Execution Time": 338.7
  }
]