[
    {
        "Bao": {
            "Bao prediction": "NaN",
            "Bao recommended hint": "(no hint)"
        }
    },
    {
        "Plan": {
            "Node Type": "Aggregate",
            "Strategy": "Plain",
            "Partial Mode": "Finalize",
            "Parallel Aware": false,
            "Startup Cost": 374007.77,
            "Total Cost": 374007.78,
            "Plan Rows": 1,
            "Plan Width": 8,
            "Actual Startup Time": 933.95,
            "Actual Total Time": 962.462,
            "Actual Rows": 1,
            "Actual Loops": 1,
            "Output": [
                "count(*)"
            ],
            "Plans": [
                {
                    "Node Type": "Gather",
                    "Parent Relationship": "Outer",
                    "Parallel Aware": false,
                    "Startup Cost": 374007.14,
                    "Total Cost": 374007.75,
                    "Plan Rows": 6,
                    "Plan Width": 8,
                    "Actual Startup Time": 930.038,
                    "Actual Total Time": 962.449,
                    "Actual Rows": 7,
                    "Actual Loops": 1,
                    "Output": [
                        "(PARTIAL count(*))"
                    ],
                    "Workers Planned": 6,
                    "Workers Launched": 6,
                    "Single Copy": false,
                    "Plans": [
                        {
                            "Node Type": "Aggregate",
                            "Strategy": "Plain",
                            "Partial Mode": "Partial",
                            "Parent Relationship": "Outer",
                            "Parallel Aware": false,
                            "Startup Cost": 373007.14,
                            "Total Cost": 373007.15,
                            "Plan Rows": 1,
                            "Plan Width": 8,
                            "Actual Startup Time": 919.745,
                            "Actual Total Time": 919.748,
                            "Actual Rows": 1,
                            "Actual Loops": 7,
                            "Output": [
                                "PARTIAL count(*)"
                            ],
                            "Workers": [
                                {
                                    "Worker Number": 0,
                                    "Actual Startup Time": 917.181,
                                    "Actual Total Time": 917.184,
                                    "Actual Rows": 1,
                                    "Actual Loops": 1
                                },
                                {
                                    "Worker Number": 1,
                                    "Actual Startup Time": 917.56,
                                    "Actual Total Time": 917.563,
                                    "Actual Rows": 1,
                                    "Actual Loops": 1
                                },
                                {
                                    "Worker Number": 2,
                                    "Actual Startup Time": 918.403,
                                    "Actual Total Time": 918.406,
                                    "Actual Rows": 1,
                                    "Actual Loops": 1
                                },
                                {
                                    "Worker Number": 3,
                                    "Actual Startup Time": 918.116,
                                    "Actual Total Time": 918.119,
                                    "Actual Rows": 1,
                                    "Actual Loops": 1
                                },
                                {
                                    "Worker Number": 4,
                                    "Actual Startup Time": 918.428,
                                    "Actual Total Time": 918.43,
                                    "Actual Rows": 1,
                                    "Actual Loops": 1
                                },
                                {
                                    "Worker Number": 5,
                                    "Actual Startup Time": 918.962,
                                    "Actual Total Time": 918.966,
                                    "Actual Rows": 1,
                                    "Actual Loops": 1
                                }
                            ],
                            "Plans": [
                                {
                                    "Node Type": "Hash Join",
                                    "Parent Relationship": "Outer",
                                    "Parallel Aware": true,
                                    "Join Type": "Inner",
                                    "Startup Cost": 46528.2,
                                    "Total Cost": 372567.39,
                                    "Plan Rows": 175902,
                                    "Plan Width": 0,
                                    "Actual Startup Time": 117.196,
                                    "Actual Total Time": 904.4,
                                    "Actual Rows": 220377,
                                    "Actual Loops": 7,
                                    "Inner Unique": true,
                                    "Hash Cond": "(ci.movie_id = t.id)",
                                    "Workers": [
                                        {
                                            "Worker Number": 0,
                                            "Actual Startup Time": 114.954,
                                            "Actual Total Time": 901.732,
                                            "Actual Rows": 205415,
                                            "Actual Loops": 1
                                        },
                                        {
                                            "Worker Number": 1,
                                            "Actual Startup Time": 114.814,
                                            "Actual Total Time": 902.26,
                                            "Actual Rows": 204691,
                                            "Actual Loops": 1
                                        },
                                        {
                                            "Worker Number": 2,
                                            "Actual Startup Time": 115.368,
                                            "Actual Total Time": 902.851,
                                            "Actual Rows": 207489,
                                            "Actual Loops": 1
                                        },
                                        {
                                            "Worker Number": 3,
                                            "Actual Startup Time": 115.595,
                                            "Actual Total Time": 904.104,
                                            "Actual Rows": 291692,
                                            "Actual Loops": 1
                                        },
                                        {
                                            "Worker Number": 4,
                                            "Actual Startup Time": 115.661,
                                            "Actual Total Time": 903.225,
                                            "Actual Rows": 202867,
                                            "Actual Loops": 1
                                        },
                                        {
                                            "Worker Number": 5,
                                            "Actual Startup Time": 116.791,
                                            "Actual Total Time": 903.649,
                                            "Actual Rows": 203166,
                                            "Actual Loops": 1
                                        }
                                    ],
                                    "Plans": [
                                        {
                                            "Node Type": "Index Scan",
                                            "Parent Relationship": "Outer",
                                            "Parallel Aware": true,
                                            "Scan Direction": "Forward",
                                            "Index Name": "role_id_cast_info",
                                            "Relation Name": "cast_info",
                                            "Schema": "public",
                                            "Alias": "ci",
                                            "Startup Cost": 0.56,
                                            "Total Cost": 322560.04,
                                            "Plan Rows": 1325603,
                                            "Plan Width": 4,
                                            "Actual Startup Time": 0.274,
                                            "Actual Total Time": 453.487,
                                            "Actual Rows": 1377920,
                                            "Actual Loops": 7,
                                            "Output": [
                                                "ci.id",
                                                "ci.person_id",
                                                "ci.movie_id",
                                                "ci.person_role_id",
                                                "ci.note",
                                                "ci.nr_order",
                                                "ci.role_id"
                                            ],
                                            "Index Cond": "(ci.role_id > 3)",
                                            "Rows Removed by Index Recheck": 0,
                                            "Filter": "(ci.person_id > 1209651)",
                                            "Rows Removed by Filter": 352601,
                                            "Workers": [
                                                {
                                                    "Worker Number": 0,
                                                    "Actual Startup Time": 0.618,
                                                    "Actual Total Time": 458.037,
                                                    "Actual Rows": 1277567,
                                                    "Actual Loops": 1
                                                },
                                                {
                                                    "Worker Number": 1,
                                                    "Actual Startup Time": 0.149,
                                                    "Actual Total Time": 455.549,
                                                    "Actual Rows": 1278626,
                                                    "Actual Loops": 1
                                                },
                                                {
                                                    "Worker Number": 2,
                                                    "Actual Startup Time": 0.075,
                                                    "Actual Total Time": 459.996,
                                                    "Actual Rows": 1284076,
                                                    "Actual Loops": 1
                                                },
                                                {
                                                    "Worker Number": 3,
                                                    "Actual Startup Time": 0.318,
                                                    "Actual Total Time": 443.252,
                                                    "Actual Rows": 1814506,
                                                    "Actual Loops": 1
                                                },
                                                {
                                                    "Worker Number": 4,
                                                    "Actual Startup Time": 0.123,
                                                    "Actual Total Time": 454.48,
                                                    "Actual Rows": 1284295,
                                                    "Actual Loops": 1
                                                },
                                                {
                                                    "Worker Number": 5,
                                                    "Actual Startup Time": 0.373,
                                                    "Actual Total Time": 462.977,
                                                    "Actual Rows": 1287111,
                                                    "Actual Loops": 1
                                                }
                                            ]
                                        },
                                        {
                                            "Node Type": "Hash",
                                            "Parent Relationship": "Inner",
                                            "Parallel Aware": true,
                                            "Startup Cost": 45479.21,
                                            "Total Cost": 45479.21,
                                            "Plan Rows": 83874,
                                            "Plan Width": 4,
                                            "Actual Startup Time": 115.075,
                                            "Actual Total Time": 115.077,
                                            "Actual Rows": 58789,
                                            "Actual Loops": 7,
                                            "Output": [
                                                "t.id"
                                            ],
                                            "Hash Buckets": 524288,
                                            "Original Hash Buckets": 524288,
                                            "Hash Batches": 1,
                                            "Original Hash Batches": 1,
                                            "Peak Memory Usage": 20288,
                                            "Workers": [
                                                {
                                                    "Worker Number": 0,
                                                    "Actual Startup Time": 113.733,
                                                    "Actual Total Time": 113.734,
                                                    "Actual Rows": 52795,
                                                    "Actual Loops": 1
                                                },
                                                {
                                                    "Worker Number": 1,
                                                    "Actual Startup Time": 114.21,
                                                    "Actual Total Time": 114.211,
                                                    "Actual Rows": 52683,
                                                    "Actual Loops": 1
                                                },
                                                {
                                                    "Worker Number": 2,
                                                    "Actual Startup Time": 114.569,
                                                    "Actual Total Time": 114.57,
                                                    "Actual Rows": 53722,
                                                    "Actual Loops": 1
                                                },
                                                {
                                                    "Worker Number": 3,
                                                    "Actual Startup Time": 114.778,
                                                    "Actual Total Time": 114.78,
                                                    "Actual Rows": 74385,
                                                    "Actual Loops": 1
                                                },
                                                {
                                                    "Worker Number": 4,
                                                    "Actual Startup Time": 115.007,
                                                    "Actual Total Time": 115.008,
                                                    "Actual Rows": 53726,
                                                    "Actual Loops": 1
                                                },
                                                {
                                                    "Worker Number": 5,
                                                    "Actual Startup Time": 115.61,
                                                    "Actual Total Time": 115.611,
                                                    "Actual Rows": 53587,
                                                    "Actual Loops": 1
                                                }
                                            ],
                                            "Plans": [
                                                {
                                                    "Node Type": "Seq Scan",
                                                    "Parent Relationship": "Outer",
                                                    "Parallel Aware": true,
                                                    "Relation Name": "title",
                                                    "Schema": "public",
                                                    "Alias": "t",
                                                    "Startup Cost": 0.0,
                                                    "Total Cost": 45479.21,
                                                    "Plan Rows": 83874,
                                                    "Plan Width": 4,
                                                    "Actual Startup Time": 51.78,
                                                    "Actual Total Time": 88.634,
                                                    "Actual Rows": 58789,
                                                    "Actual Loops": 7,
                                                    "Output": [
                                                        "t.id"
                                                    ],
                                                    "Filter": "((t.production_year < 2004) AND (t.kind_id = 1))",
                                                    "Rows Removed by Filter": 302399,
                                                    "Workers": [
                                                        {
                                                            "Worker Number": 0,
                                                            "Actual Startup Time": 50.33,
                                                            "Actual Total Time": 88.091,
                                                            "Actual Rows": 52795,
                                                            "Actual Loops": 1
                                                        },
                                                        {
                                                            "Worker Number": 1,
                                                            "Actual Startup Time": 50.901,
                                                            "Actual Total Time": 88.382,
                                                            "Actual Rows": 52683,
                                                            "Actual Loops": 1
                                                        },
                                                        {
                                                            "Worker Number": 2,
                                                            "Actual Startup Time": 51.151,
                                                            "Actual Total Time": 89.169,
                                                            "Actual Rows": 53722,
                                                            "Actual Loops": 1
                                                        },
                                                        {
                                                            "Worker Number": 3,
                                                            "Actual Startup Time": 51.34,
                                                            "Actual Total Time": 87.138,
                                                            "Actual Rows": 74385,
                                                            "Actual Loops": 1
                                                        },
                                                        {
                                                            "Worker Number": 4,
                                                            "Actual Startup Time": 51.726,
                                                            "Actual Total Time": 89.419,
                                                            "Actual Rows": 53726,
                                                            "Actual Loops": 1
                                                        },
                                                        {
                                                            "Worker Number": 5,
                                                            "Actual Startup Time": 52.282,
                                                            "Actual Total Time": 90.373,
                                                            "Actual Rows": 53587,
                                                            "Actual Loops": 1
                                                        }
                                                    ]
                                                }
                                            ]
                                        }
                                    ]
                                }
                            ]
                        }
                    ]
                }
            ]
        },
        "Planning Time": 276.426,
        "Triggers": [],
        "Execution Time": 962.539
    }
]