[
  {
    "Plan": {
      "Node Type": "Aggregate",
      "Strategy": "Plain",
      "Partial Mode": "Finalize",
      "Parallel Aware": false,
      "Startup Cost": 45429.01,
      "Total Cost": 45429.02,
      "Plan Rows": 1,
      "Plan Width": 8,
      "Actual Startup Time": 146.242,
      "Actual Total Time": 155.967,
      "Actual Rows": 1,
      "Actual Loops": 1,
      "Plans": [
        {
          "Node Type": "Gather",
          "Parent Relationship": "Outer",
          "Parallel Aware": false,
          "Startup Cost": 45428.69,
          "Total Cost": 45429.0,
          "Plan Rows": 3,
          "Plan Width": 8,
          "Actual Startup Time": 146.128,
          "Actual Total Time": 155.958,
          "Actual Rows": 4,
          "Actual Loops": 1,
          "Workers Planned": 3,
          "Workers Launched": 3,
          "Single Copy": false,
          "Plans": [
            {
              "Node Type": "Aggregate",
              "Strategy": "Plain",
              "Partial Mode": "Partial",
              "Parent Relationship": "Outer",
              "Parallel Aware": false,
              "Startup Cost": 44428.69,
              "Total Cost": 44428.7,
              "Plan Rows": 1,
              "Plan Width": 8,
              "Actual Startup Time": 138.958,
              "Actual Total Time": 138.959,
              "Actual Rows": 1,
              "Actual Loops": 4,
              "Plans": [
                {
                  "Node Type": "Seq Scan",
                  "Parent Relationship": "Outer",
                  "Parallel Aware": true,
                  "Relation Name": "movie_keyword",
                  "Alias": "mk",
                  "Startup Cost": 0.0,
                  "Total Cost": 42695.65,
                  "Plan Rows": 693215,
                  "Plan Width": 0,
                  "Actual Startup Time": 0.052,
                  "Actual Total Time": 114.03,
                  "Actual Rows": 538346,
                  "Actual Loops": 4,
                  "Filter": "(keyword_id < 4062)",
                  "Rows Removed by Filter": 592637
                }
              ]
            }
          ]
        }
      ]
    },
    "Planning Time": 0.117,
    "Triggers": [],
    "Execution Time": 156.004
  }
]