{
  "Plan": {
    "Node Type": "Aggregate",
    "Strategy": "Plain",
    "Partial Mode": "Finalize",
    "Parallel Aware": false,
    "Startup Cost": 642859.71,
    "Total Cost": 642859.72,
    "Plan Rows": 1,
    "Plan Width": 8,
    "Actual Startup Time": 3388.473,
    "Actual Total Time": 3424.682,
    "Actual Rows": 1,
    "Actual Loops": 1,
    "Plans": [
      {
        "Node Type": "Gather",
        "Parent Relationship": "Outer",
        "Parallel Aware": false,
        "Startup Cost": 642859.59,
        "Total Cost": 642859.7,
        "Plan Rows": 1,
        "Plan Width": 8,
        "Actual Startup Time": 3383.952,
        "Actual Total Time": 3424.667,
        "Actual Rows": 2,
        "Actual Loops": 1,
        "Workers Planned": 1,
        "Workers Launched": 1,
        "Single Copy": false,
        "Plans": [
          {
            "Node Type": "Aggregate",
            "Strategy": "Plain",
            "Partial Mode": "Partial",
            "Parent Relationship": "Outer",
            "Parallel Aware": false,
            "Startup Cost": 641859.59,
            "Total Cost": 641859.6,
            "Plan Rows": 1,
            "Plan Width": 8,
            "Actual Startup Time": 3376.159,
            "Actual Total Time": 3376.167,
            "Actual Rows": 1,
            "Actual Loops": 2,
            "Plans": [
              {
                "Node Type": "Hash Join",
                "Parent Relationship": "Outer",
                "Parallel Aware": true,
                "Join Type": "Inner",
                "Startup Cost": 286465.81,
                "Total Cost": 636360.3,
                "Plan Rows": 2199718,
                "Plan Width": 0,
                "Actual Startup Time": 948.072,
                "Actual Total Time": 3258.267,
                "Actual Rows": 2849350,
                "Actual Loops": 2,
                "Inner Unique": true,
                "Hash Cond": "(ci.movie_id = t.id)",
                "Plans": [
                  {
                    "Node Type": "Bitmap Heap Scan",
                    "Parent Relationship": "Outer",
                    "Parallel Aware": true,
                    "Relation Name": "cast_info",
                    "Alias": "ci",
                    "Startup Cost": 217430.37,
                    "Total Cost": 557319.61,
                    "Plan Rows": 3811514,
                    "Plan Width": 4,
                    "Actual Startup Time": 538.51,
                    "Actual Total Time": 1259.336,
                    "Actual Rows": 4890851,
                    "Actual Loops": 2,
                    "Recheck Cond": "(person_id > 2732359)",
                    "Rows Removed by Index Recheck": 0,
                    "Filter": "(role_id > 1)",
                    "Rows Removed by Filter": 0,
                    "Exact Heap Blocks": 58480,
                    "Lossy Heap Blocks": 0,
                    "Plans": [
                      {
                        "Node Type": "Bitmap Index Scan",
                        "Parent Relationship": "Outer",
                        "Parallel Aware": false,
                        "Index Name": "person_id_cast_info",
                        "Startup Cost": 0.0,
                        "Total Cost": 215810.47,
                        "Plan Rows": 9882921,
                        "Plan Width": 0,
                        "Actual Startup Time": 516.97,
                        "Actual Total Time": 516.971,
                        "Actual Rows": 9781702,
                        "Actual Loops": 1,
                        "Index Cond": "(person_id > 2732359)"
                      }
                    ]
                  },
                  {
                    "Node Type": "Hash",
                    "Parent Relationship": "Inner",
                    "Parallel Aware": true,
                    "Startup Cost": 58306.47,
                    "Total Cost": 58306.47,
                    "Plan Rows": 858318,
                    "Plan Width": 4,
                    "Actual Startup Time": 395.104,
                    "Actual Total Time": 395.106,
                    "Actual Rows": 739220,
                    "Actual Loops": 2,
                    "Hash Buckets": 2097152,
                    "Original Hash Buckets": 2097152,
                    "Hash Batches": 1,
                    "Original Hash Batches": 1,
                    "Peak Memory Usage": 74272,
                    "Plans": [
                      {
                        "Node Type": "Seq Scan",
                        "Parent Relationship": "Outer",
                        "Parallel Aware": true,
                        "Relation Name": "title",
                        "Alias": "t",
                        "Startup Cost": 0.0,
                        "Total Cost": 58306.47,
                        "Plan Rows": 858318,
                        "Plan Width": 4,
                        "Actual Startup Time": 0.04,
                        "Actual Total Time": 173.556,
                        "Actual Rows": 739220,
                        "Actual Loops": 2,
                        "Filter": "((production_year > 1914) AND (kind_id = 7))",
                        "Rows Removed by Filter": 524936
                      }
                    ]
                  }
                ]
              }
            ]
          }
        ]
      }
    ]
  },
  "Planning Time": 0.699,
  "Triggers": [],
  "Execution Time": 3424.78
}