{
  "Plan": {
    "Node Type": "Aggregate",
    "Strategy": "Plain",
    "Partial Mode": "Finalize",
    "Parallel Aware": false,
    "Startup Cost": 100163.43,
    "Total Cost": 100163.44,
    "Plan Rows": 1,
    "Plan Width": 8,
    "Actual Startup Time": 371.55,
    "Actual Total Time": 383.459,
    "Actual Rows": 1,
    "Actual Loops": 1,
    "Plans": [
      {
        "Node Type": "Gather",
        "Parent Relationship": "Outer",
        "Parallel Aware": false,
        "Startup Cost": 100163.32,
        "Total Cost": 100163.43,
        "Plan Rows": 1,
        "Plan Width": 8,
        "Actual Startup Time": 371.228,
        "Actual Total Time": 383.447,
        "Actual Rows": 2,
        "Actual Loops": 1,
        "Workers Planned": 1,
        "Workers Launched": 1,
        "Single Copy": false,
        "Plans": [
          {
            "Node Type": "Aggregate",
            "Strategy": "Plain",
            "Partial Mode": "Partial",
            "Parent Relationship": "Outer",
            "Parallel Aware": false,
            "Startup Cost": 99163.32,
            "Total Cost": 99163.33,
            "Plan Rows": 1,
            "Plan Width": 8,
            "Actual Startup Time": 365.506,
            "Actual Total Time": 365.51,
            "Actual Rows": 1,
            "Actual Loops": 2,
            "Plans": [
              {
                "Node Type": "Hash Join",
                "Parent Relationship": "Outer",
                "Parallel Aware": true,
                "Join Type": "Inner",
                "Startup Cost": 58602.68,
                "Total Cost": 99124.66,
                "Plan Rows": 15462,
                "Plan Width": 0,
                "Actual Startup Time": 164.455,
                "Actual Total Time": 365.017,
                "Actual Rows": 8238,
                "Actual Loops": 2,
                "Inner Unique": true,
                "Hash Cond": "(mc.movie_id = t.id)",
                "Plans": [
                  {
                    "Node Type": "Seq Scan",
                    "Parent Relationship": "Outer",
                    "Parallel Aware": true,
                    "Relation Name": "movie_companies",
                    "Alias": "mc",
                    "Startup Cost": 0.0,
                    "Total Cost": 37974.77,
                    "Plan Rows": 970365,
                    "Plan Width": 4,
                    "Actual Startup Time": 0.014,
                    "Actual Total Time": 125.008,
                    "Actual Rows": 819282,
                    "Actual Loops": 2,
                    "Filter": "(company_id < 17682)",
                    "Rows Removed by Filter": 485283
                  },
                  {
                    "Node Type": "Hash",
                    "Parent Relationship": "Inner",
                    "Parallel Aware": true,
                    "Startup Cost": 58306.47,
                    "Total Cost": 58306.47,
                    "Plan Rows": 23697,
                    "Plan Width": 4,
                    "Actual Startup Time": 162.775,
                    "Actual Total Time": 162.776,
                    "Actual Rows": 21493,
                    "Actual Loops": 2,
                    "Hash Buckets": 65536,
                    "Original Hash Buckets": 65536,
                    "Hash Batches": 1,
                    "Original Hash Batches": 1,
                    "Peak Memory Usage": 2208,
                    "Plans": [
                      {
                        "Node Type": "Seq Scan",
                        "Parent Relationship": "Outer",
                        "Parallel Aware": true,
                        "Relation Name": "title",
                        "Alias": "t",
                        "Startup Cost": 0.0,
                        "Total Cost": 58306.47,
                        "Plan Rows": 23697,
                        "Plan Width": 4,
                        "Actual Startup Time": 0.041,
                        "Actual Total Time": 153.995,
                        "Actual Rows": 21493,
                        "Actual Loops": 2,
                        "Filter": "((kind_id > 1) AND (production_year = 1999))",
                        "Rows Removed by Filter": 1242663
                      }
                    ]
                  }
                ]
              }
            ]
          }
        ]
      }
    ]
  },
  "Planning Time": 0.496,
  "Triggers": [],
  "Execution Time": 383.549
}