[
  {
    "Plan": {
      "Node Type": "Aggregate",
      "Strategy": "Plain",
      "Partial Mode": "Finalize",
      "Parallel Aware": false,
      "Startup Cost": 436870.16,
      "Total Cost": 436870.17,
      "Plan Rows": 1,
      "Plan Width": 8,
      "Actual Startup Time": 2788.996,
      "Actual Total Time": 2851.897,
      "Actual Rows": 1,
      "Actual Loops": 1,
      "Plans": [
        {
          "Node Type": "Gather",
          "Parent Relationship": "Outer",
          "Parallel Aware": false,
          "Startup Cost": 436869.54,
          "Total Cost": 436870.15,
          "Plan Rows": 6,
          "Plan Width": 8,
          "Actual Startup Time": 2776.519,
          "Actual Total Time": 2851.889,
          "Actual Rows": 7,
          "Actual Loops": 1,
          "Workers Planned": 6,
          "Workers Launched": 6,
          "Single Copy": false,
          "Plans": [
            {
              "Node Type": "Aggregate",
              "Strategy": "Plain",
              "Partial Mode": "Partial",
              "Parent Relationship": "Outer",
              "Parallel Aware": false,
              "Startup Cost": 435869.54,
              "Total Cost": 435869.55,
              "Plan Rows": 1,
              "Plan Width": 8,
              "Actual Startup Time": 2763.021,
              "Actual Total Time": 2763.027,
              "Actual Rows": 1,
              "Actual Loops": 7,
              "Plans": [
                {
                  "Node Type": "Hash Join",
                  "Parent Relationship": "Outer",
                  "Parallel Aware": true,
                  "Join Type": "Inner",
                  "Startup Cost": 86411.65,
                  "Total Cost": 430968.41,
                  "Plan Rows": 1960451,
                  "Plan Width": 0,
                  "Actual Startup Time": 917.503,
                  "Actual Total Time": 2540.994,
                  "Actual Rows": 4026987,
                  "Actual Loops": 7,
                  "Inner Unique": false,
                  "Hash Cond": "(ci.movie_id = t.id)",
                  "Plans": [
                    {
                      "Node Type": "Seq Scan",
                      "Parent Relationship": "Outer",
                      "Parallel Aware": true,
                      "Relation Name": "cast_info",
                      "Alias": "ci",
                      "Startup Cost": 0.0,
                      "Total Cost": 328211.39,
                      "Plan Rows": 2672355,
                      "Plan Width": 4,
                      "Actual Startup Time": 357.75,
                      "Actual Total Time": 741.268,
                      "Actual Rows": 2303098,
                      "Actual Loops": 7,
                      "Filter": "(role_id > 2)",
                      "Rows Removed by Filter": 2874666
                    },
                    {
                      "Node Type": "Hash",
                      "Parent Relationship": "Inner",
                      "Parallel Aware": true,
                      "Startup Cost": 78932.36,
                      "Total Cost": 78932.36,
                      "Plan Rows": 598343,
                      "Plan Width": 8,
                      "Actual Startup Time": 555.868,
                      "Actual Total Time": 555.873,
                      "Actual Rows": 294282,
                      "Actual Loops": 7,
                      "Hash Buckets": 2097152,
                      "Original Hash Buckets": 2097152,
                      "Hash Batches": 1,
                      "Original Hash Batches": 1,
                      "Peak Memory Usage": 97088,
                      "Plans": [
                        {
                          "Node Type": "Hash Join",
                          "Parent Relationship": "Outer",
                          "Parallel Aware": true,
                          "Join Type": "Inner",
                          "Startup Cost": 49516.47,
                          "Total Cost": 78932.36,
                          "Plan Rows": 598343,
                          "Plan Width": 8,
                          "Actual Startup Time": 230.748,
                          "Actual Total Time": 428.768,
                          "Actual Rows": 294282,
                          "Actual Loops": 7,
                          "Inner Unique": true,
                          "Hash Cond": "(mc.movie_id = t.id)",
                          "Plans": [
                            {
                              "Node Type": "Seq Scan",
                              "Parent Relationship": "Outer",
                              "Parallel Aware": true,
                              "Relation Name": "movie_companies",
                              "Alias": "mc",
                              "Startup Cost": 0.0,
                              "Total Cost": 27206.55,
                              "Plan Rows": 841655,
                              "Plan Width": 4,
                              "Actual Startup Time": 0.016,
                              "Actual Total Time": 49.336,
                              "Actual Rows": 372733,
                              "Actual Loops": 7
                            },
                            {
                              "Node Type": "Hash",
                              "Parent Relationship": "Inner",
                              "Parallel Aware": true,
                              "Startup Cost": 43899.32,
                              "Total Cost": 43899.32,
                              "Plan Rows": 449372,
                              "Plan Width": 4,
                              "Actual Startup Time": 228.555,
                              "Actual Total Time": 228.556,
                              "Actual Rows": 256308,
                              "Actual Loops": 7,
                              "Hash Buckets": 2097152,
                              "Original Hash Buckets": 2097152,
                              "Hash Batches": 1,
                              "Original Hash Batches": 1,
                              "Peak Memory Usage": 86656,
                              "Plans": [
                                {
                                  "Node Type": "Seq Scan",
                                  "Parent Relationship": "Outer",
                                  "Parallel Aware": true,
                                  "Relation Name": "title",
                                  "Alias": "t",
                                  "Startup Cost": 0.0,
                                  "Total Cost": 43899.32,
                                  "Plan Rows": 449372,
                                  "Plan Width": 4,
                                  "Actual Startup Time": 0.054,
                                  "Actual Total Time": 93.339,
                                  "Actual Rows": 256308,
                                  "Actual Loops": 7,
                                  "Filter": "(production_year < 2009)",
                                  "Rows Removed by Filter": 104880
                                }
                              ]
                            }
                          ]
                        }
                      ]
                    }
                  ]
                }
              ]
            }
          ]
        }
      ]
    },
    "Planning Time": 0.645,
    "Triggers": [],
    "Execution Time": 2851.96
  }
]