[
  {
    "Plan": {
      "Node Type": "Aggregate",
      "Strategy": "Plain",
      "Partial Mode": "Finalize",
      "Parallel Aware": false,
      "Startup Cost": 248745.16,
      "Total Cost": 248745.17,
      "Plan Rows": 1,
      "Plan Width": 8,
      "Actual Startup Time": 293.658,
      "Actual Total Time": 323.022,
      "Actual Rows": 1,
      "Actual Loops": 1,
      "Plans": [
        {
          "Node Type": "Gather",
          "Parent Relationship": "Outer",
          "Parallel Aware": false,
          "Startup Cost": 248744.64,
          "Total Cost": 248745.15,
          "Plan Rows": 5,
          "Plan Width": 8,
          "Actual Startup Time": 292.99,
          "Actual Total Time": 323.013,
          "Actual Rows": 6,
          "Actual Loops": 1,
          "Workers Planned": 5,
          "Workers Launched": 5,
          "Single Copy": false,
          "Plans": [
            {
              "Node Type": "Aggregate",
              "Strategy": "Plain",
              "Partial Mode": "Partial",
              "Parent Relationship": "Outer",
              "Parallel Aware": false,
              "Startup Cost": 247744.64,
              "Total Cost": 247744.65,
              "Plan Rows": 1,
              "Plan Width": 8,
              "Actual Startup Time": 281.953,
              "Actual Total Time": 281.958,
              "Actual Rows": 1,
              "Actual Loops": 6,
              "Plans": [
                {
                  "Node Type": "Nested Loop",
                  "Parent Relationship": "Outer",
                  "Parallel Aware": false,
                  "Join Type": "Inner",
                  "Startup Cost": 69593.17,
                  "Total Cost": 247623.42,
                  "Plan Rows": 48488,
                  "Plan Width": 0,
                  "Actual Startup Time": 130.393,
                  "Actual Total Time": 279.359,
                  "Actual Rows": 28866,
                  "Actual Loops": 6,
                  "Inner Unique": false,
                  "Join Filter": "(t.id = ci.movie_id)",
                  "Rows Removed by Join Filter": 0,
                  "Plans": [
                    {
                      "Node Type": "Hash Join",
                      "Parent Relationship": "Outer",
                      "Parallel Aware": true,
                      "Join Type": "Inner",
                      "Startup Cost": 69592.61,
                      "Total Cost": 235591.08,
                      "Plan Rows": 4261,
                      "Plan Width": 8,
                      "Actual Startup Time": 130.246,
                      "Actual Total Time": 190.778,
                      "Actual Rows": 1658,
                      "Actual Loops": 6,
                      "Inner Unique": true,
                      "Hash Cond": "(mi.movie_id = t.id)",
                      "Plans": [
                        {
                          "Node Type": "Bitmap Heap Scan",
                          "Parent Relationship": "Outer",
                          "Parallel Aware": true,
                          "Relation Name": "movie_info",
                          "Alias": "mi",
                          "Startup Cost": 23986.4,
                          "Total Cost": 189289.71,
                          "Plan Rows": 264825,
                          "Plan Width": 4,
                          "Actual Startup Time": 43.388,
                          "Actual Total Time": 73.194,
                          "Actual Rows": 220894,
                          "Actual Loops": 6,
                          "Recheck Cond": "(info_type_id = 8)",
                          "Rows Removed by Index Recheck": 0,
                          "Exact Heap Blocks": 1471,
                          "Lossy Heap Blocks": 0,
                          "Plans": [
                            {
                              "Node Type": "Bitmap Index Scan",
                              "Parent Relationship": "Outer",
                              "Parallel Aware": false,
                              "Index Name": "info_type_id_movie_info",
                              "Startup Cost": 0.0,
                              "Total Cost": 23655.37,
                              "Plan Rows": 1324124,
                              "Plan Width": 0,
                              "Actual Startup Time": 41.9,
                              "Actual Total Time": 41.9,
                              "Actual Rows": 1325361,
                              "Actual Loops": 1,
                              "Index Cond": "(info_type_id = 8)"
                            }
                          ]
                        },
                        {
                          "Node Type": "Hash",
                          "Parent Relationship": "Inner",
                          "Parallel Aware": true,
                          "Startup Cost": 45479.1,
                          "Total Cost": 45479.1,
                          "Plan Rows": 10169,
                          "Plan Width": 4,
                          "Actual Startup Time": 85.296,
                          "Actual Total Time": 85.297,
                          "Actual Rows": 7308,
                          "Actual Loops": 6,
                          "Hash Buckets": 65536,
                          "Original Hash Buckets": 65536,
                          "Hash Batches": 1,
                          "Original Hash Batches": 1,
                          "Peak Memory Usage": 2336,
                          "Plans": [
                            {
                              "Node Type": "Seq Scan",
                              "Parent Relationship": "Outer",
                              "Parallel Aware": true,
                              "Relation Name": "title",
                              "Alias": "t",
                              "Startup Cost": 0.0,
                              "Total Cost": 45479.1,
                              "Plan Rows": 10169,
                              "Plan Width": 4,
                              "Actual Startup Time": 0.051,
                              "Actual Total Time": 81.091,
                              "Actual Rows": 7308,
                              "Actual Loops": 6,
                              "Filter": "((kind_id = 7) AND (production_year = 2003))",
                              "Rows Removed by Filter": 414077
                            }
                          ]
                        }
                      ]
                    },
                    {
                      "Node Type": "Index Scan",
                      "Parent Relationship": "Inner",
                      "Parallel Aware": false,
                      "Scan Direction": "Forward",
                      "Index Name": "movie_id_cast_info",
                      "Relation Name": "cast_info",
                      "Alias": "ci",
                      "Startup Cost": 0.56,
                      "Total Cost": 2.46,
                      "Plan Rows": 29,
                      "Plan Width": 4,
                      "Actual Startup Time": 0.008,
                      "Actual Total Time": 0.051,
                      "Actual Rows": 17,
                      "Actual Loops": 9948,
                      "Index Cond": "(movie_id = mi.movie_id)",
                      "Rows Removed by Index Recheck": 0,
                      "Filter": "(role_id < 8)",
                      "Rows Removed by Filter": 5
                    }
                  ]
                }
              ]
            }
          ]
        }
      ]
    },
    "Planning Time": 1.296,
    "Triggers": [],
    "Execution Time": 323.139
  }
]