{
  "Plan": {
    "Node Type": "Aggregate",
    "Strategy": "Plain",
    "Partial Mode": "Finalize",
    "Parallel Aware": false,
    "Startup Cost": 562054.74,
    "Total Cost": 562054.75,
    "Plan Rows": 1,
    "Plan Width": 8,
    "Actual Startup Time": 3303.998,
    "Actual Total Time": 3333.691,
    "Actual Rows": 1,
    "Actual Loops": 1,
    "Plans": [
      {
        "Node Type": "Gather",
        "Parent Relationship": "Outer",
        "Parallel Aware": false,
        "Startup Cost": 562054.63,
        "Total Cost": 562054.74,
        "Plan Rows": 1,
        "Plan Width": 8,
        "Actual Startup Time": 3299.402,
        "Actual Total Time": 3333.684,
        "Actual Rows": 2,
        "Actual Loops": 1,
        "Workers Planned": 1,
        "Workers Launched": 1,
        "Single Copy": false,
        "Plans": [
          {
            "Node Type": "Aggregate",
            "Strategy": "Plain",
            "Partial Mode": "Partial",
            "Parent Relationship": "Outer",
            "Parallel Aware": false,
            "Startup Cost": 561054.63,
            "Total Cost": 561054.64,
            "Plan Rows": 1,
            "Plan Width": 8,
            "Actual Startup Time": 3286.592,
            "Actual Total Time": 3286.599,
            "Actual Rows": 1,
            "Actual Loops": 2,
            "Plans": [
              {
                "Node Type": "Hash Join",
                "Parent Relationship": "Outer",
                "Parallel Aware": true,
                "Join Type": "Inner",
                "Startup Cost": 232047.73,
                "Total Cost": 550229.11,
                "Plan Rows": 4330206,
                "Plan Width": 0,
                "Actual Startup Time": 941.476,
                "Actual Total Time": 3128.871,
                "Actual Rows": 3781782,
                "Actual Loops": 2,
                "Inner Unique": true,
                "Hash Cond": "(ci.movie_id = t.id)",
                "Plans": [
                  {
                    "Node Type": "Bitmap Heap Scan",
                    "Parent Relationship": "Outer",
                    "Parallel Aware": true,
                    "Relation Name": "cast_info",
                    "Alias": "ci",
                    "Startup Cost": 162587.03,
                    "Total Cost": 469401.6,
                    "Plan Rows": 4330206,
                    "Plan Width": 4,
                    "Actual Startup Time": 365.485,
                    "Actual Total Time": 796.254,
                    "Actual Rows": 3781782,
                    "Actual Loops": 2,
                    "Recheck Cond": "(person_id < 733078)",
                    "Rows Removed by Index Recheck": 0,
                    "Exact Heap Blocks": 44802,
                    "Lossy Heap Blocks": 0,
                    "Plans": [
                      {
                        "Node Type": "Bitmap Index Scan",
                        "Parent Relationship": "Outer",
                        "Parallel Aware": false,
                        "Index Name": "person_id_cast_info",
                        "Startup Cost": 0.0,
                        "Total Cost": 160746.69,
                        "Plan Rows": 7361350,
                        "Plan Width": 0,
                        "Actual Startup Time": 351.787,
                        "Actual Total Time": 351.788,
                        "Actual Rows": 7563563,
                        "Actual Loops": 1,
                        "Index Cond": "(person_id < 733078)"
                      }
                    ]
                  },
                  {
                    "Node Type": "Hash",
                    "Parent Relationship": "Inner",
                    "Parallel Aware": true,
                    "Startup Cost": 50870.31,
                    "Total Cost": 50870.31,
                    "Plan Rows": 1487231,
                    "Plan Width": 4,
                    "Actual Startup Time": 554.285,
                    "Actual Total Time": 554.286,
                    "Actual Rows": 1264156,
                    "Actual Loops": 2,
                    "Hash Buckets": 4194304,
                    "Original Hash Buckets": 4194304,
                    "Hash Batches": 1,
                    "Original Hash Batches": 1,
                    "Peak Memory Usage": 131712,
                    "Plans": [
                      {
                        "Node Type": "Seq Scan",
                        "Parent Relationship": "Outer",
                        "Parallel Aware": true,
                        "Relation Name": "title",
                        "Alias": "t",
                        "Startup Cost": 0.0,
                        "Total Cost": 50870.31,
                        "Plan Rows": 1487231,
                        "Plan Width": 4,
                        "Actual Startup Time": 0.023,
                        "Actual Total Time": 156.991,
                        "Actual Rows": 1264156,
                        "Actual Loops": 2
                      }
                    ]
                  }
                ]
              }
            ]
          }
        ]
      }
    ]
  },
  "Planning Time": 0.955,
  "Triggers": [],
  "Execution Time": 3333.873
}