[
    {
        "Bao": {
            "Bao prediction": "NaN",
            "Bao recommended hint": "(no hint)"
        }
    },
    {
        "Plan": {
            "Node Type": "Aggregate",
            "Strategy": "Plain",
            "Partial Mode": "Finalize",
            "Parallel Aware": false,
            "Startup Cost": 350321.58,
            "Total Cost": 350321.59,
            "Plan Rows": 1,
            "Plan Width": 8,
            "Actual Startup Time": 776.928,
            "Actual Total Time": 808.325,
            "Actual Rows": 1,
            "Actual Loops": 1,
            "Output": [
                "count(*)"
            ],
            "Plans": [
                {
                    "Node Type": "Gather",
                    "Parent Relationship": "Outer",
                    "Parallel Aware": false,
                    "Startup Cost": 350320.96,
                    "Total Cost": 350321.57,
                    "Plan Rows": 6,
                    "Plan Width": 8,
                    "Actual Startup Time": 776.843,
                    "Actual Total Time": 808.316,
                    "Actual Rows": 7,
                    "Actual Loops": 1,
                    "Output": [
                        "(PARTIAL count(*))"
                    ],
                    "Workers Planned": 6,
                    "Workers Launched": 6,
                    "Single Copy": false,
                    "Plans": [
                        {
                            "Node Type": "Aggregate",
                            "Strategy": "Plain",
                            "Partial Mode": "Partial",
                            "Parent Relationship": "Outer",
                            "Parallel Aware": false,
                            "Startup Cost": 349320.96,
                            "Total Cost": 349320.97,
                            "Plan Rows": 1,
                            "Plan Width": 8,
                            "Actual Startup Time": 767.104,
                            "Actual Total Time": 767.106,
                            "Actual Rows": 1,
                            "Actual Loops": 7,
                            "Output": [
                                "PARTIAL count(*)"
                            ],
                            "Workers": [
                                {
                                    "Worker Number": 0,
                                    "Actual Startup Time": 764.642,
                                    "Actual Total Time": 764.643,
                                    "Actual Rows": 1,
                                    "Actual Loops": 1
                                },
                                {
                                    "Worker Number": 1,
                                    "Actual Startup Time": 765.078,
                                    "Actual Total Time": 765.08,
                                    "Actual Rows": 1,
                                    "Actual Loops": 1
                                },
                                {
                                    "Worker Number": 2,
                                    "Actual Startup Time": 765.309,
                                    "Actual Total Time": 765.31,
                                    "Actual Rows": 1,
                                    "Actual Loops": 1
                                },
                                {
                                    "Worker Number": 3,
                                    "Actual Startup Time": 765.63,
                                    "Actual Total Time": 765.631,
                                    "Actual Rows": 1,
                                    "Actual Loops": 1
                                },
                                {
                                    "Worker Number": 4,
                                    "Actual Startup Time": 766.094,
                                    "Actual Total Time": 766.096,
                                    "Actual Rows": 1,
                                    "Actual Loops": 1
                                },
                                {
                                    "Worker Number": 5,
                                    "Actual Startup Time": 766.537,
                                    "Actual Total Time": 766.538,
                                    "Actual Rows": 1,
                                    "Actual Loops": 1
                                }
                            ],
                            "Plans": [
                                {
                                    "Node Type": "Seq Scan",
                                    "Parent Relationship": "Outer",
                                    "Parallel Aware": true,
                                    "Relation Name": "cast_info",
                                    "Schema": "public",
                                    "Alias": "ci",
                                    "Startup Cost": 0.0,
                                    "Total Cost": 343318.94,
                                    "Plan Rows": 2400806,
                                    "Plan Width": 0,
                                    "Actual Startup Time": 353.842,
                                    "Actual Total Time": 675.871,
                                    "Actual Rows": 1778596,
                                    "Actual Loops": 7,
                                    "Output": [
                                        "id",
                                        "person_id",
                                        "movie_id",
                                        "person_role_id",
                                        "note",
                                        "nr_order",
                                        "role_id"
                                    ],
                                    "Filter": "((ci.person_id < 3394712) AND (ci.role_id > 2))",
                                    "Rows Removed by Filter": 3399168,
                                    "Workers": [
                                        {
                                            "Worker Number": 0,
                                            "Actual Startup Time": 351.386,
                                            "Actual Total Time": 676.74,
                                            "Actual Rows": 1325168,
                                            "Actual Loops": 1
                                        },
                                        {
                                            "Worker Number": 1,
                                            "Actual Startup Time": 351.819,
                                            "Actual Total Time": 676.416,
                                            "Actual Rows": 2018611,
                                            "Actual Loops": 1
                                        },
                                        {
                                            "Worker Number": 2,
                                            "Actual Startup Time": 352.044,
                                            "Actual Total Time": 676.634,
                                            "Actual Rows": 2020746,
                                            "Actual Loops": 1
                                        },
                                        {
                                            "Worker Number": 3,
                                            "Actual Startup Time": 352.383,
                                            "Actual Total Time": 680.232,
                                            "Actual Rows": 2090438,
                                            "Actual Loops": 1
                                        },
                                        {
                                            "Worker Number": 4,
                                            "Actual Startup Time": 352.81,
                                            "Actual Total Time": 676.192,
                                            "Actual Rows": 1351546,
                                            "Actual Loops": 1
                                        },
                                        {
                                            "Worker Number": 5,
                                            "Actual Startup Time": 353.291,
                                            "Actual Total Time": 678.225,
                                            "Actual Rows": 2013230,
                                            "Actual Loops": 1
                                        }
                                    ]
                                }
                            ]
                        }
                    ]
                }
            ]
        },
        "Planning Time": 305.232,
        "Triggers": [],
        "Execution Time": 808.38
    }
]