[
  {
    "Plan": {
      "Node Type": "Aggregate",
      "Strategy": "Plain",
      "Partial Mode": "Finalize",
      "Parallel Aware": false,
      "Startup Cost": 270679.66,
      "Total Cost": 270679.67,
      "Plan Rows": 1,
      "Plan Width": 8,
      "Actual Startup Time": 725.437,
      "Actual Total Time": 741.555,
      "Actual Rows": 1,
      "Actual Loops": 1,
      "Plans": [
        {
          "Node Type": "Gather",
          "Parent Relationship": "Outer",
          "Parallel Aware": false,
          "Startup Cost": 270679.34,
          "Total Cost": 270679.65,
          "Plan Rows": 3,
          "Plan Width": 8,
          "Actual Startup Time": 713.264,
          "Actual Total Time": 741.541,
          "Actual Rows": 4,
          "Actual Loops": 1,
          "Workers Planned": 3,
          "Workers Launched": 3,
          "Single Copy": false,
          "Plans": [
            {
              "Node Type": "Aggregate",
              "Strategy": "Plain",
              "Partial Mode": "Partial",
              "Parent Relationship": "Outer",
              "Parallel Aware": false,
              "Startup Cost": 269679.34,
              "Total Cost": 269679.35,
              "Plan Rows": 1,
              "Plan Width": 8,
              "Actual Startup Time": 706.769,
              "Actual Total Time": 707.088,
              "Actual Rows": 1,
              "Actual Loops": 4,
              "Plans": [
                {
                  "Node Type": "Hash Join",
                  "Parent Relationship": "Outer",
                  "Parallel Aware": true,
                  "Join Type": "Inner",
                  "Startup Cost": 238693.06,
                  "Total Cost": 269332.94,
                  "Plan Rows": 138562,
                  "Plan Width": 0,
                  "Actual Startup Time": 425.383,
                  "Actual Total Time": 665.491,
                  "Actual Rows": 1047734,
                  "Actual Loops": 4,
                  "Inner Unique": false,
                  "Hash Cond": "(mc.movie_id = t.id)",
                  "Plans": [
                    {
                      "Node Type": "Seq Scan",
                      "Parent Relationship": "Outer",
                      "Parallel Aware": true,
                      "Relation Name": "movie_companies",
                      "Alias": "mc",
                      "Startup Cost": 0.0,
                      "Total Cost": 27206.55,
                      "Plan Rows": 841655,
                      "Plan Width": 4,
                      "Actual Startup Time": 0.018,
                      "Actual Total Time": 58.367,
                      "Actual Rows": 652282,
                      "Actual Loops": 4
                    },
                    {
                      "Node Type": "Hash",
                      "Parent Relationship": "Inner",
                      "Parallel Aware": true,
                      "Startup Cost": 237652.43,
                      "Total Cost": 237652.43,
                      "Plan Rows": 83251,
                      "Plan Width": 8,
                      "Actual Startup Time": 423.128,
                      "Actual Total Time": 423.445,
                      "Actual Rows": 255062,
                      "Actual Loops": 4,
                      "Hash Buckets": 1048576,
                      "Original Hash Buckets": 524288,
                      "Hash Batches": 1,
                      "Original Hash Batches": 1,
                      "Peak Memory Usage": 52256,
                      "Plans": [
                        {
                          "Node Type": "Hash Join",
                          "Parent Relationship": "Outer",
                          "Parallel Aware": true,
                          "Join Type": "Inner",
                          "Startup Cost": 71443.93,
                          "Total Cost": 237652.43,
                          "Plan Rows": 83251,
                          "Plan Width": 8,
                          "Actual Startup Time": 212.121,
                          "Actual Total Time": 344.049,
                          "Actual Rows": 255062,
                          "Actual Loops": 4,
                          "Inner Unique": true,
                          "Hash Cond": "(mi.movie_id = t.id)",
                          "Plans": [
                            {
                              "Node Type": "Bitmap Heap Scan",
                              "Parent Relationship": "Outer",
                              "Parallel Aware": true,
                              "Relation Name": "movie_info",
                              "Alias": "mi",
                              "Startup Cost": 25184.48,
                              "Total Cost": 190661.36,
                              "Plan Rows": 278711,
                              "Plan Width": 4,
                              "Actual Startup Time": 43.523,
                              "Actual Total Time": 89.099,
                              "Actual Rows": 350476,
                              "Actual Loops": 4,
                              "Recheck Cond": "(info_type_id = 7)",
                              "Rows Removed by Index Recheck": 0,
                              "Exact Heap Blocks": 2810,
                              "Lossy Heap Blocks": 0,
                              "Plans": [
                                {
                                  "Node Type": "Bitmap Index Scan",
                                  "Parent Relationship": "Outer",
                                  "Parallel Aware": false,
                                  "Index Name": "info_type_id_movie_info",
                                  "Startup Cost": 0.0,
                                  "Total Cost": 24836.09,
                                  "Plan Rows": 1393554,
                                  "Plan Width": 0,
                                  "Actual Startup Time": 42.013,
                                  "Actual Total Time": 42.013,
                                  "Actual Rows": 1401902,
                                  "Actual Loops": 1,
                                  "Index Cond": "(info_type_id = 7)"
                                }
                              ]
                            },
                            {
                              "Node Type": "Hash",
                              "Parent Relationship": "Inner",
                              "Parallel Aware": true,
                              "Startup Cost": 43899.32,
                              "Total Cost": 43899.32,
                              "Plan Rows": 188810,
                              "Plan Width": 4,
                              "Actual Startup Time": 165.571,
                              "Actual Total Time": 165.572,
                              "Actual Rows": 188419,
                              "Actual Loops": 4,
                              "Hash Buckets": 1048576,
                              "Original Hash Buckets": 1048576,
                              "Hash Batches": 1,
                              "Original Hash Batches": 1,
                              "Peak Memory Usage": 37728,
                              "Plans": [
                                {
                                  "Node Type": "Seq Scan",
                                  "Parent Relationship": "Outer",
                                  "Parallel Aware": true,
                                  "Relation Name": "title",
                                  "Alias": "t",
                                  "Startup Cost": 0.0,
                                  "Total Cost": 43899.32,
                                  "Plan Rows": 188810,
                                  "Plan Width": 4,
                                  "Actual Startup Time": 0.032,
                                  "Actual Total Time": 96.519,
                                  "Actual Rows": 188419,
                                  "Actual Loops": 4,
                                  "Filter": "(kind_id < 3)",
                                  "Rows Removed by Filter": 443659
                                }
                              ]
                            }
                          ]
                        }
                      ]
                    }
                  ]
                }
              ]
            }
          ]
        }
      ]
    },
    "Planning Time": 1.024,
    "Triggers": [],
    "Execution Time": 741.621
  }
]