[
  {
    "Plan": {
      "Node Type": "Aggregate",
      "Strategy": "Plain",
      "Partial Mode": "Finalize",
      "Parallel Aware": false,
      "Startup Cost": 51811.83,
      "Total Cost": 51811.84,
      "Plan Rows": 1,
      "Plan Width": 8,
      "Actual Startup Time": 111.422,
      "Actual Total Time": 129.247,
      "Actual Rows": 1,
      "Actual Loops": 1,
      "Plans": [
        {
          "Node Type": "Gather",
          "Parent Relationship": "Outer",
          "Parallel Aware": false,
          "Startup Cost": 51811.41,
          "Total Cost": 51811.82,
          "Plan Rows": 4,
          "Plan Width": 8,
          "Actual Startup Time": 111.202,
          "Actual Total Time": 129.237,
          "Actual Rows": 5,
          "Actual Loops": 1,
          "Workers Planned": 4,
          "Workers Launched": 4,
          "Single Copy": false,
          "Plans": [
            {
              "Node Type": "Aggregate",
              "Strategy": "Plain",
              "Partial Mode": "Partial",
              "Parent Relationship": "Outer",
              "Parallel Aware": false,
              "Startup Cost": 50811.41,
              "Total Cost": 50811.42,
              "Plan Rows": 1,
              "Plan Width": 8,
              "Actual Startup Time": 101.93,
              "Actual Total Time": 101.932,
              "Actual Rows": 1,
              "Actual Loops": 5,
              "Plans": [
                {
                  "Node Type": "Nested Loop",
                  "Parent Relationship": "Outer",
                  "Parallel Aware": false,
                  "Join Type": "Inner",
                  "Startup Cost": 0.43,
                  "Total Cost": 50810.97,
                  "Plan Rows": 177,
                  "Plan Width": 0,
                  "Actual Startup Time": 67.118,
                  "Actual Total Time": 101.879,
                  "Actual Rows": 293,
                  "Actual Loops": 5,
                  "Inner Unique": false,
                  "Plans": [
                    {
                      "Node Type": "Seq Scan",
                      "Parent Relationship": "Outer",
                      "Parallel Aware": true,
                      "Relation Name": "title",
                      "Alias": "t",
                      "Startup Cost": 0.0,
                      "Total Cost": 43899.32,
                      "Plan Rows": 379,
                      "Plan Width": 4,
                      "Actual Startup Time": 67.025,
                      "Actual Total Time": 95.799,
                      "Actual Rows": 297,
                      "Actual Loops": 5,
                      "Filter": "(production_year = 1907)",
                      "Rows Removed by Filter": 505365
                    },
                    {
                      "Node Type": "Index Scan",
                      "Parent Relationship": "Inner",
                      "Parallel Aware": false,
                      "Scan Direction": "Forward",
                      "Index Name": "movie_id_movie_companies",
                      "Relation Name": "movie_companies",
                      "Alias": "mc",
                      "Startup Cost": 0.43,
                      "Total Cost": 18.22,
                      "Plan Rows": 2,
                      "Plan Width": 4,
                      "Actual Startup Time": 0.015,
                      "Actual Total Time": 0.02,
                      "Actual Rows": 1,
                      "Actual Loops": 1487,
                      "Index Cond": "(movie_id = t.id)",
                      "Rows Removed by Index Recheck": 0,
                      "Filter": "((company_id < 115117) AND (company_type_id < 2))",
                      "Rows Removed by Filter": 1
                    }
                  ]
                }
              ]
            }
          ]
        }
      ]
    },
    "Planning Time": 0.553,
    "Triggers": [],
    "Execution Time": 129.309
  }
]