[
  {
    "Plan": {
      "Node Type": "Aggregate",
      "Strategy": "Plain",
      "Partial Mode": "Finalize",
      "Parallel Aware": false,
      "Startup Cost": 112555.68,
      "Total Cost": 112555.69,
      "Plan Rows": 1,
      "Plan Width": 8,
      "Actual Startup Time": 499.399,
      "Actual Total Time": 518.398,
      "Actual Rows": 1,
      "Actual Loops": 1,
      "Plans": [
        {
          "Node Type": "Gather",
          "Parent Relationship": "Outer",
          "Parallel Aware": false,
          "Startup Cost": 112555.37,
          "Total Cost": 112555.68,
          "Plan Rows": 3,
          "Plan Width": 8,
          "Actual Startup Time": 496.186,
          "Actual Total Time": 518.372,
          "Actual Rows": 4,
          "Actual Loops": 1,
          "Workers Planned": 3,
          "Workers Launched": 3,
          "Single Copy": false,
          "Plans": [
            {
              "Node Type": "Aggregate",
              "Strategy": "Plain",
              "Partial Mode": "Partial",
              "Parent Relationship": "Outer",
              "Parallel Aware": false,
              "Startup Cost": 111555.37,
              "Total Cost": 111555.38,
              "Plan Rows": 1,
              "Plan Width": 8,
              "Actual Startup Time": 492.708,
              "Actual Total Time": 492.844,
              "Actual Rows": 1,
              "Actual Loops": 4,
              "Plans": [
                {
                  "Node Type": "Hash Join",
                  "Parent Relationship": "Outer",
                  "Parallel Aware": true,
                  "Join Type": "Inner",
                  "Startup Cost": 65346.11,
                  "Total Cost": 111344.24,
                  "Plan Rows": 84452,
                  "Plan Width": 0,
                  "Actual Startup Time": 275.428,
                  "Actual Total Time": 470.28,
                  "Actual Rows": 560702,
                  "Actual Loops": 4,
                  "Inner Unique": false,
                  "Hash Cond": "(mk.movie_id = t.id)",
                  "Plans": [
                    {
                      "Node Type": "Seq Scan",
                      "Parent Relationship": "Outer",
                      "Parallel Aware": true,
                      "Relation Name": "movie_keyword",
                      "Alias": "mk",
                      "Startup Cost": 0.0,
                      "Total Cost": 42695.65,
                      "Plan Rows": 786824,
                      "Plan Width": 4,
                      "Actual Startup Time": 0.03,
                      "Actual Total Time": 97.626,
                      "Actual Rows": 614643,
                      "Actual Loops": 4,
                      "Filter": "(keyword_id < 5893)",
                      "Rows Removed by Filter": 516339
                    },
                    {
                      "Node Type": "Hash",
                      "Parent Relationship": "Inner",
                      "Parallel Aware": true,
                      "Startup Cost": 63932.66,
                      "Total Cost": 63932.66,
                      "Plan Rows": 113076,
                      "Plan Width": 8,
                      "Actual Startup Time": 273.538,
                      "Actual Total Time": 273.672,
                      "Actual Rows": 112605,
                      "Actual Loops": 4,
                      "Hash Buckets": 524288,
                      "Original Hash Buckets": 524288,
                      "Hash Batches": 1,
                      "Original Hash Batches": 1,
                      "Peak Memory Usage": 21760,
                      "Plans": [
                        {
                          "Node Type": "Hash Join",
                          "Parent Relationship": "Outer",
                          "Parallel Aware": true,
                          "Join Type": "Inner",
                          "Startup Cost": 47798.67,
                          "Total Cost": 63932.66,
                          "Plan Rows": 113076,
                          "Plan Width": 8,
                          "Actual Startup Time": 153.535,
                          "Actual Total Time": 240.038,
                          "Actual Rows": 112605,
                          "Actual Loops": 4,
                          "Inner Unique": true,
                          "Hash Cond": "(mi_idx.movie_id = t.id)",
                          "Plans": [
                            {
                              "Node Type": "Seq Scan",
                              "Parent Relationship": "Outer",
                              "Parallel Aware": true,
                              "Relation Name": "movie_info_idx",
                              "Alias": "mi_idx",
                              "Startup Cost": 0.0,
                              "Total Cost": 15122.68,
                              "Plan Rows": 385260,
                              "Plan Width": 4,
                              "Actual Startup Time": 0.017,
                              "Actual Total Time": 36.164,
                              "Actual Rows": 230028,
                              "Actual Loops": 4,
                              "Filter": "(info_type_id > 99)",
                              "Rows Removed by Filter": 114981
                            },
                            {
                              "Node Type": "Hash",
                              "Parent Relationship": "Inner",
                              "Parallel Aware": true,
                              "Startup Cost": 45479.59,
                              "Total Cost": 45479.59,
                              "Plan Rows": 185527,
                              "Plan Width": 4,
                              "Actual Startup Time": 151.201,
                              "Actual Total Time": 151.203,
                              "Actual Rows": 160810,
                              "Actual Loops": 4,
                              "Hash Buckets": 1048576,
                              "Original Hash Buckets": 1048576,
                              "Hash Batches": 1,
                              "Original Hash Batches": 1,
                              "Peak Memory Usage": 33440,
                              "Plans": [
                                {
                                  "Node Type": "Seq Scan",
                                  "Parent Relationship": "Outer",
                                  "Parallel Aware": true,
                                  "Relation Name": "title",
                                  "Alias": "t",
                                  "Startup Cost": 0.0,
                                  "Total Cost": 45479.59,
                                  "Plan Rows": 185527,
                                  "Plan Width": 4,
                                  "Actual Startup Time": 0.027,
                                  "Actual Total Time": 92.307,
                                  "Actual Rows": 160810,
                                  "Actual Loops": 4,
                                  "Filter": "((kind_id < 7) AND (production_year > 1983))",
                                  "Rows Removed by Filter": 471268
                                }
                              ]
                            }
                          ]
                        }
                      ]
                    }
                  ]
                }
              ]
            }
          ]
        }
      ]
    },
    "Planning Time": 0.503,
    "Triggers": [],
    "Execution Time": 518.456
  }
]