[
  {
    "Plan": {
      "Node Type": "Aggregate",
      "Strategy": "Plain",
      "Partial Mode": "Finalize",
      "Parallel Aware": false,
      "Startup Cost": 289503.06,
      "Total Cost": 289503.07,
      "Plan Rows": 1,
      "Plan Width": 8,
      "Actual Startup Time": 2347.681,
      "Actual Total Time": 2379.106,
      "Actual Rows": 1,
      "Actual Loops": 1,
      "Plans": [
        {
          "Node Type": "Gather",
          "Parent Relationship": "Outer",
          "Parallel Aware": false,
          "Startup Cost": 289502.75,
          "Total Cost": 289503.06,
          "Plan Rows": 3,
          "Plan Width": 8,
          "Actual Startup Time": 2331.722,
          "Actual Total Time": 2379.096,
          "Actual Rows": 4,
          "Actual Loops": 1,
          "Workers Planned": 3,
          "Workers Launched": 3,
          "Single Copy": false,
          "Plans": [
            {
              "Node Type": "Aggregate",
              "Strategy": "Plain",
              "Partial Mode": "Partial",
              "Parent Relationship": "Outer",
              "Parallel Aware": false,
              "Startup Cost": 288502.75,
              "Total Cost": 288502.76,
              "Plan Rows": 1,
              "Plan Width": 8,
              "Actual Startup Time": 2319.594,
              "Actual Total Time": 2319.601,
              "Actual Rows": 1,
              "Actual Loops": 4,
              "Plans": [
                {
                  "Node Type": "Hash Join",
                  "Parent Relationship": "Outer",
                  "Parallel Aware": true,
                  "Join Type": "Inner",
                  "Startup Cost": 240552.05,
                  "Total Cost": 287442.86,
                  "Plan Rows": 423956,
                  "Plan Width": 0,
                  "Actual Startup Time": 773.955,
                  "Actual Total Time": 1821.983,
                  "Actual Rows": 9143962,
                  "Actual Loops": 4,
                  "Inner Unique": false,
                  "Hash Cond": "(mk.movie_id = t.id)",
                  "Plans": [
                    {
                      "Node Type": "Seq Scan",
                      "Parent Relationship": "Outer",
                      "Parallel Aware": true,
                      "Relation Name": "movie_keyword",
                      "Alias": "mk",
                      "Startup Cost": 0.0,
                      "Total Cost": 42695.65,
                      "Plan Rows": 892598,
                      "Plan Width": 4,
                      "Actual Startup Time": 0.209,
                      "Actual Total Time": 131.726,
                      "Actual Rows": 689865,
                      "Actual Loops": 4,
                      "Filter": "(keyword_id > 2864)",
                      "Rows Removed by Filter": 441118
                    },
                    {
                      "Node Type": "Hash",
                      "Parent Relationship": "Inner",
                      "Parallel Aware": true,
                      "Startup Cost": 237549.75,
                      "Total Cost": 237549.75,
                      "Plan Rows": 240184,
                      "Plan Width": 8,
                      "Actual Startup Time": 766.86,
                      "Actual Total Time": 766.865,
                      "Actual Rows": 296790,
                      "Actual Loops": 4,
                      "Hash Buckets": 2097152,
                      "Original Hash Buckets": 2097152,
                      "Hash Batches": 1,
                      "Original Hash Batches": 1,
                      "Peak Memory Usage": 62880,
                      "Plans": [
                        {
                          "Node Type": "Hash Join",
                          "Parent Relationship": "Outer",
                          "Parallel Aware": true,
                          "Join Type": "Inner",
                          "Startup Cost": 71923.96,
                          "Total Cost": 237549.75,
                          "Plan Rows": 240184,
                          "Plan Width": 8,
                          "Actual Startup Time": 448.511,
                          "Actual Total Time": 656.955,
                          "Actual Rows": 296790,
                          "Actual Loops": 4,
                          "Inner Unique": true,
                          "Hash Cond": "(mi.movie_id = t.id)",
                          "Plans": [
                            {
                              "Node Type": "Bitmap Heap Scan",
                              "Parent Relationship": "Outer",
                              "Parallel Aware": true,
                              "Relation Name": "movie_info",
                              "Alias": "mi",
                              "Startup Cost": 21703.58,
                              "Total Cost": 186698.89,
                              "Plan Rows": 240184,
                              "Plan Width": 4,
                              "Actual Startup Time": 54.066,
                              "Actual Total Time": 139.656,
                              "Actual Rows": 296790,
                              "Actual Loops": 4,
                              "Recheck Cond": "(info_type_id > 41)",
                              "Rows Removed by Index Recheck": 0,
                              "Exact Heap Blocks": 11240,
                              "Lossy Heap Blocks": 0,
                              "Plans": [
                                {
                                  "Node Type": "Bitmap Index Scan",
                                  "Parent Relationship": "Outer",
                                  "Parallel Aware": false,
                                  "Index Name": "info_type_id_movie_info",
                                  "Startup Cost": 0.0,
                                  "Total Cost": 21403.35,
                                  "Plan Rows": 1200922,
                                  "Plan Width": 0,
                                  "Actual Startup Time": 48.404,
                                  "Actual Total Time": 48.405,
                                  "Actual Rows": 1187158,
                                  "Actual Loops": 1,
                                  "Index Cond": "(info_type_id > 41)"
                                }
                              ]
                            },
                            {
                              "Node Type": "Hash",
                              "Parent Relationship": "Inner",
                              "Parallel Aware": true,
                              "Startup Cost": 42319.06,
                              "Total Cost": 42319.06,
                              "Plan Rows": 632106,
                              "Plan Width": 4,
                              "Actual Startup Time": 387.183,
                              "Actual Total Time": 387.185,
                              "Actual Rows": 632078,
                              "Actual Loops": 4,
                              "Hash Buckets": 4194304,
                              "Original Hash Buckets": 4194304,
                              "Hash Batches": 1,
                              "Original Hash Batches": 1,
                              "Peak Memory Usage": 131744,
                              "Plans": [
                                {
                                  "Node Type": "Seq Scan",
                                  "Parent Relationship": "Outer",
                                  "Parallel Aware": true,
                                  "Relation Name": "title",
                                  "Alias": "t",
                                  "Startup Cost": 0.0,
                                  "Total Cost": 42319.06,
                                  "Plan Rows": 632106,
                                  "Plan Width": 4,
                                  "Actual Startup Time": 0.046,
                                  "Actual Total Time": 113.127,
                                  "Actual Rows": 632078,
                                  "Actual Loops": 4
                                }
                              ]
                            }
                          ]
                        }
                      ]
                    }
                  ]
                }
              ]
            }
          ]
        }
      ]
    },
    "Planning Time": 0.809,
    "Triggers": [],
    "Execution Time": 2379.185
  }
]