[
  {
    "Plan": {
      "Node Type": "Aggregate",
      "Strategy": "Plain",
      "Partial Mode": "Finalize",
      "Parallel Aware": false,
      "Startup Cost": 340976.16,
      "Total Cost": 340976.17,
      "Plan Rows": 1,
      "Plan Width": 8,
      "Actual Startup Time": 935.139,
      "Actual Total Time": 983.182,
      "Actual Rows": 1,
      "Actual Loops": 1,
      "Plans": [
        {
          "Node Type": "Gather",
          "Parent Relationship": "Outer",
          "Parallel Aware": false,
          "Startup Cost": 340975.53,
          "Total Cost": 340976.14,
          "Plan Rows": 6,
          "Plan Width": 8,
          "Actual Startup Time": 934.98,
          "Actual Total Time": 983.168,
          "Actual Rows": 7,
          "Actual Loops": 1,
          "Workers Planned": 6,
          "Workers Launched": 6,
          "Single Copy": false,
          "Plans": [
            {
              "Node Type": "Aggregate",
              "Strategy": "Plain",
              "Partial Mode": "Partial",
              "Parent Relationship": "Outer",
              "Parallel Aware": false,
              "Startup Cost": 339975.53,
              "Total Cost": 339975.54,
              "Plan Rows": 1,
              "Plan Width": 8,
              "Actual Startup Time": 926.806,
              "Actual Total Time": 926.807,
              "Actual Rows": 1,
              "Actual Loops": 7,
              "Plans": [
                {
                  "Node Type": "Seq Scan",
                  "Parent Relationship": "Outer",
                  "Parallel Aware": true,
                  "Relation Name": "cast_info",
                  "Alias": "ci",
                  "Startup Cost": 0.0,
                  "Total Cost": 328211.39,
                  "Plan Rows": 4705656,
                  "Plan Width": 0,
                  "Actual Startup Time": 0.052,
                  "Actual Total Time": 705.734,
                  "Actual Rows": 4039637,
                  "Actual Loops": 7,
                  "Filter": "(person_id < 2882945)",
                  "Rows Removed by Filter": 1138127
                }
              ]
            }
          ]
        }
      ]
    },
    "Planning Time": 0.097,
    "Triggers": [],
    "Execution Time": 983.227
  }
]