[
  {
    "Plan": {
      "Node Type": "Aggregate",
      "Strategy": "Plain",
      "Partial Mode": "Finalize",
      "Parallel Aware": false,
      "Startup Cost": 44330.04,
      "Total Cost": 44330.05,
      "Plan Rows": 1,
      "Plan Width": 8,
      "Actual Startup Time": 120.097,
      "Actual Total Time": 127.79,
      "Actual Rows": 1,
      "Actual Loops": 1,
      "Plans": [
        {
          "Node Type": "Gather",
          "Parent Relationship": "Outer",
          "Parallel Aware": false,
          "Startup Cost": 44329.72,
          "Total Cost": 44330.03,
          "Plan Rows": 3,
          "Plan Width": 8,
          "Actual Startup Time": 119.989,
          "Actual Total Time": 127.781,
          "Actual Rows": 4,
          "Actual Loops": 1,
          "Workers Planned": 3,
          "Workers Launched": 3,
          "Single Copy": false,
          "Plans": [
            {
              "Node Type": "Aggregate",
              "Strategy": "Plain",
              "Partial Mode": "Partial",
              "Parent Relationship": "Outer",
              "Parallel Aware": false,
              "Startup Cost": 43329.72,
              "Total Cost": 43329.73,
              "Plan Rows": 1,
              "Plan Width": 8,
              "Actual Startup Time": 113.192,
              "Actual Total Time": 113.194,
              "Actual Rows": 1,
              "Actual Loops": 4,
              "Plans": [
                {
                  "Node Type": "Seq Scan",
                  "Parent Relationship": "Outer",
                  "Parallel Aware": true,
                  "Relation Name": "movie_keyword",
                  "Alias": "mk",
                  "Startup Cost": 0.0,
                  "Total Cost": 42695.65,
                  "Plan Rows": 253628,
                  "Plan Width": 0,
                  "Actual Startup Time": 5.031,
                  "Actual Total Time": 103.026,
                  "Actual Rows": 194562,
                  "Actual Loops": 4,
                  "Filter": "(keyword_id > 24227)",
                  "Rows Removed by Filter": 936421
                }
              ]
            }
          ]
        }
      ]
    },
    "Planning Time": 0.178,
    "Triggers": [],
    "Execution Time": 127.843
  }
]