[
  {
    "Plan": {
      "Node Type": "Aggregate",
      "Strategy": "Plain",
      "Partial Mode": "Finalize",
      "Parallel Aware": false,
      "Startup Cost": 127453.35,
      "Total Cost": 127453.36,
      "Plan Rows": 1,
      "Plan Width": 8,
      "Actual Startup Time": 788.807,
      "Actual Total Time": 813.22,
      "Actual Rows": 1,
      "Actual Loops": 1,
      "Plans": [
        {
          "Node Type": "Gather",
          "Parent Relationship": "Outer",
          "Parallel Aware": false,
          "Startup Cost": 127453.04,
          "Total Cost": 127453.35,
          "Plan Rows": 3,
          "Plan Width": 8,
          "Actual Startup Time": 758.337,
          "Actual Total Time": 813.203,
          "Actual Rows": 4,
          "Actual Loops": 1,
          "Workers Planned": 3,
          "Workers Launched": 3,
          "Single Copy": false,
          "Plans": [
            {
              "Node Type": "Aggregate",
              "Strategy": "Plain",
              "Partial Mode": "Partial",
              "Parent Relationship": "Outer",
              "Parallel Aware": false,
              "Startup Cost": 126453.04,
              "Total Cost": 126453.05,
              "Plan Rows": 1,
              "Plan Width": 8,
              "Actual Startup Time": 748.553,
              "Actual Total Time": 748.559,
              "Actual Rows": 1,
              "Actual Loops": 4,
              "Plans": [
                {
                  "Node Type": "Hash Join",
                  "Parent Relationship": "Outer",
                  "Parallel Aware": true,
                  "Join Type": "Inner",
                  "Startup Cost": 80672.88,
                  "Total Cost": 125902.75,
                  "Plan Rows": 220114,
                  "Plan Width": 0,
                  "Actual Startup Time": 501.488,
                  "Actual Total Time": 723.848,
                  "Actual Rows": 595719,
                  "Actual Loops": 4,
                  "Inner Unique": false,
                  "Hash Cond": "(mk.movie_id = t.id)",
                  "Plans": [
                    {
                      "Node Type": "Seq Scan",
                      "Parent Relationship": "Outer",
                      "Parallel Aware": true,
                      "Relation Name": "movie_keyword",
                      "Alias": "mk",
                      "Startup Cost": 0.0,
                      "Total Cost": 39047.32,
                      "Plan Rows": 1459332,
                      "Plan Width": 4,
                      "Actual Startup Time": 0.022,
                      "Actual Total Time": 84.87,
                      "Actual Rows": 1130982,
                      "Actual Loops": 4
                    },
                    {
                      "Node Type": "Hash",
                      "Parent Relationship": "Inner",
                      "Parallel Aware": true,
                      "Startup Cost": 79135.11,
                      "Total Cost": 79135.11,
                      "Plan Rows": 123022,
                      "Plan Width": 8,
                      "Actual Startup Time": 497.88,
                      "Actual Total Time": 497.885,
                      "Actual Rows": 94156,
                      "Actual Loops": 4,
                      "Hash Buckets": 524288,
                      "Original Hash Buckets": 524288,
                      "Hash Batches": 1,
                      "Original Hash Batches": 1,
                      "Peak Memory Usage": 18880,
                      "Plans": [
                        {
                          "Node Type": "Hash Join",
                          "Parent Relationship": "Outer",
                          "Parallel Aware": true,
                          "Join Type": "Inner",
                          "Startup Cost": 58484.41,
                          "Total Cost": 79135.11,
                          "Plan Rows": 123022,
                          "Plan Width": 8,
                          "Actual Startup Time": 379.869,
                          "Actual Total Time": 465.638,
                          "Actual Rows": 94156,
                          "Actual Loops": 4,
                          "Inner Unique": true,
                          "Hash Cond": "(mc.movie_id = t.id)",
                          "Plans": [
                            {
                              "Node Type": "Bitmap Heap Scan",
                              "Parent Relationship": "Outer",
                              "Parallel Aware": true,
                              "Relation Name": "movie_companies",
                              "Alias": "mc",
                              "Startup Cost": 8264.02,
                              "Total Cost": 28591.79,
                              "Plan Rows": 123022,
                              "Plan Width": 4,
                              "Actual Startup Time": 18.413,
                              "Actual Total Time": 53.291,
                              "Actual Rows": 94156,
                              "Actual Loops": 4,
                              "Recheck Cond": "(company_id < 225)",
                              "Rows Removed by Index Recheck": 0,
                              "Exact Heap Blocks": 5179,
                              "Lossy Heap Blocks": 0,
                              "Plans": [
                                {
                                  "Node Type": "Bitmap Index Scan",
                                  "Parent Relationship": "Outer",
                                  "Parallel Aware": false,
                                  "Index Name": "company_id_movie_companies",
                                  "Startup Cost": 0.0,
                                  "Total Cost": 8168.68,
                                  "Plan Rows": 381367,
                                  "Plan Width": 0,
                                  "Actual Startup Time": 15.831,
                                  "Actual Total Time": 15.832,
                                  "Actual Rows": 376622,
                                  "Actual Loops": 1,
                                  "Index Cond": "(company_id < 225)"
                                }
                              ]
                            },
                            {
                              "Node Type": "Hash",
                              "Parent Relationship": "Inner",
                              "Parallel Aware": true,
                              "Startup Cost": 42319.06,
                              "Total Cost": 42319.06,
                              "Plan Rows": 632106,
                              "Plan Width": 4,
                              "Actual Startup Time": 352.585,
                              "Actual Total Time": 352.586,
                              "Actual Rows": 632078,
                              "Actual Loops": 4,
                              "Hash Buckets": 4194304,
                              "Original Hash Buckets": 4194304,
                              "Hash Batches": 1,
                              "Original Hash Batches": 1,
                              "Peak Memory Usage": 131744,
                              "Plans": [
                                {
                                  "Node Type": "Seq Scan",
                                  "Parent Relationship": "Outer",
                                  "Parallel Aware": true,
                                  "Relation Name": "title",
                                  "Alias": "t",
                                  "Startup Cost": 0.0,
                                  "Total Cost": 42319.06,
                                  "Plan Rows": 632106,
                                  "Plan Width": 4,
                                  "Actual Startup Time": 0.037,
                                  "Actual Total Time": 100.426,
                                  "Actual Rows": 632078,
                                  "Actual Loops": 4
                                }
                              ]
                            }
                          ]
                        }
                      ]
                    }
                  ]
                }
              ]
            }
          ]
        }
      ]
    },
    "Planning Time": 1.443,
    "Triggers": [],
    "Execution Time": 813.329
  }
]