[
  {
    "Plan": {
      "Node Type": "Aggregate",
      "Strategy": "Plain",
      "Partial Mode": "Finalize",
      "Parallel Aware": false,
      "Startup Cost": 123652.78,
      "Total Cost": 123652.79,
      "Plan Rows": 1,
      "Plan Width": 8,
      "Actual Startup Time": 744.002,
      "Actual Total Time": 765.28,
      "Actual Rows": 1,
      "Actual Loops": 1,
      "Plans": [
        {
          "Node Type": "Gather",
          "Parent Relationship": "Outer",
          "Parallel Aware": false,
          "Startup Cost": 123652.46,
          "Total Cost": 123652.77,
          "Plan Rows": 3,
          "Plan Width": 8,
          "Actual Startup Time": 740.791,
          "Actual Total Time": 765.271,
          "Actual Rows": 4,
          "Actual Loops": 1,
          "Workers Planned": 3,
          "Workers Launched": 3,
          "Single Copy": false,
          "Plans": [
            {
              "Node Type": "Aggregate",
              "Strategy": "Plain",
              "Partial Mode": "Partial",
              "Parent Relationship": "Outer",
              "Parallel Aware": false,
              "Startup Cost": 122652.46,
              "Total Cost": 122652.47,
              "Plan Rows": 1,
              "Plan Width": 8,
              "Actual Startup Time": 730.975,
              "Actual Total Time": 730.981,
              "Actual Rows": 1,
              "Actual Loops": 4,
              "Plans": [
                {
                  "Node Type": "Hash Join",
                  "Parent Relationship": "Outer",
                  "Parallel Aware": true,
                  "Join Type": "Inner",
                  "Startup Cost": 77038.13,
                  "Total Cost": 122105.21,
                  "Plan Rows": 218902,
                  "Plan Width": 0,
                  "Actual Startup Time": 424.473,
                  "Actual Total Time": 701.808,
                  "Actual Rows": 595719,
                  "Actual Loops": 4,
                  "Inner Unique": false,
                  "Hash Cond": "(mk.movie_id = t.id)",
                  "Plans": [
                    {
                      "Node Type": "Seq Scan",
                      "Parent Relationship": "Outer",
                      "Parallel Aware": true,
                      "Relation Name": "movie_keyword",
                      "Alias": "mk",
                      "Startup Cost": 0.0,
                      "Total Cost": 39047.32,
                      "Plan Rows": 1459332,
                      "Plan Width": 4,
                      "Actual Startup Time": 0.034,
                      "Actual Total Time": 106.847,
                      "Actual Rows": 1130982,
                      "Actual Loops": 4
                    },
                    {
                      "Node Type": "Hash",
                      "Parent Relationship": "Inner",
                      "Parallel Aware": true,
                      "Startup Cost": 75852.98,
                      "Total Cost": 75852.98,
                      "Plan Rows": 94812,
                      "Plan Width": 8,
                      "Actual Startup Time": 420.944,
                      "Actual Total Time": 420.949,
                      "Actual Rows": 94156,
                      "Actual Loops": 4,
                      "Hash Buckets": 524288,
                      "Original Hash Buckets": 524288,
                      "Hash Batches": 1,
                      "Original Hash Batches": 1,
                      "Peak Memory Usage": 18880,
                      "Plans": [
                        {
                          "Node Type": "Hash Join",
                          "Parent Relationship": "Outer",
                          "Parallel Aware": true,
                          "Join Type": "Inner",
                          "Startup Cost": 30068.04,
                          "Total Cost": 75852.98,
                          "Plan Rows": 94812,
                          "Plan Width": 8,
                          "Actual Startup Time": 129.136,
                          "Actual Total Time": 386.723,
                          "Actual Rows": 94156,
                          "Actual Loops": 4,
                          "Inner Unique": false,
                          "Hash Cond": "(t.id = mc.movie_id)",
                          "Plans": [
                            {
                              "Node Type": "Seq Scan",
                              "Parent Relationship": "Outer",
                              "Parallel Aware": true,
                              "Relation Name": "title",
                              "Alias": "t",
                              "Startup Cost": 0.0,
                              "Total Cost": 42318.73,
                              "Plan Rows": 632073,
                              "Plan Width": 4,
                              "Actual Startup Time": 0.014,
                              "Actual Total Time": 86.518,
                              "Actual Rows": 632078,
                              "Actual Loops": 4
                            },
                            {
                              "Node Type": "Hash",
                              "Parent Relationship": "Inner",
                              "Parallel Aware": true,
                              "Startup Cost": 28538.82,
                              "Total Cost": 28538.82,
                              "Plan Rows": 122338,
                              "Plan Width": 4,
                              "Actual Startup Time": 127.256,
                              "Actual Total Time": 127.258,
                              "Actual Rows": 94156,
                              "Actual Loops": 4,
                              "Hash Buckets": 524288,
                              "Original Hash Buckets": 524288,
                              "Hash Batches": 1,
                              "Original Hash Batches": 1,
                              "Peak Memory Usage": 18912,
                              "Plans": [
                                {
                                  "Node Type": "Bitmap Heap Scan",
                                  "Parent Relationship": "Outer",
                                  "Parallel Aware": true,
                                  "Relation Name": "movie_companies",
                                  "Alias": "mc",
                                  "Startup Cost": 8219.59,
                                  "Total Cost": 28538.82,
                                  "Plan Rows": 122338,
                                  "Plan Width": 4,
                                  "Actual Startup Time": 31.457,
                                  "Actual Total Time": 84.115,
                                  "Actual Rows": 94156,
                                  "Actual Loops": 4,
                                  "Recheck Cond": "(company_id < 225)",
                                  "Rows Removed by Index Recheck": 0,
                                  "Exact Heap Blocks": 6241,
                                  "Lossy Heap Blocks": 0,
                                  "Plans": [
                                    {
                                      "Node Type": "Bitmap Index Scan",
                                      "Parent Relationship": "Outer",
                                      "Parallel Aware": false,
                                      "Index Name": "company_id_movie_companies",
                                      "Startup Cost": 0.0,
                                      "Total Cost": 8124.78,
                                      "Plan Rows": 379247,
                                      "Plan Width": 0,
                                      "Actual Startup Time": 27.07,
                                      "Actual Total Time": 27.07,
                                      "Actual Rows": 376622,
                                      "Actual Loops": 1,
                                      "Index Cond": "(company_id < 225)"
                                    }
                                  ]
                                }
                              ]
                            }
                          ]
                        }
                      ]
                    }
                  ]
                }
              ]
            }
          ]
        }
      ]
    },
    "Planning Time": 1.378,
    "Triggers": [],
    "Execution Time": 765.382
  }
]