[
  {
    "Plan": {
      "Node Type": "Aggregate",
      "Strategy": "Plain",
      "Partial Mode": "Simple",
      "Parallel Aware": false,
      "Startup Cost": 2262.77,
      "Total Cost": 2262.78,
      "Plan Rows": 1,
      "Plan Width": 8,
      "Actual Startup Time": 16.608,
      "Actual Total Time": 16.61,
      "Actual Rows": 1,
      "Actual Loops": 1,
      "Plans": [
        {
          "Node Type": "Nested Loop",
          "Parent Relationship": "Outer",
          "Parallel Aware": false,
          "Join Type": "Inner",
          "Startup Cost": 1.43,
          "Total Cost": 2262.47,
          "Plan Rows": 121,
          "Plan Width": 0,
          "Actual Startup Time": 14.728,
          "Actual Total Time": 16.468,
          "Actual Rows": 1365,
          "Actual Loops": 1,
          "Inner Unique": false,
          "Plans": [
            {
              "Node Type": "Nested Loop",
              "Parent Relationship": "Outer",
              "Parallel Aware": false,
              "Join Type": "Inner",
              "Startup Cost": 0.99,
              "Total Cost": 2051.45,
              "Plan Rows": 126,
              "Plan Width": 8,
              "Actual Startup Time": 14.672,
              "Actual Total Time": 14.904,
              "Actual Rows": 29,
              "Actual Loops": 1,
              "Inner Unique": true,
              "Plans": [
                {
                  "Node Type": "Index Scan",
                  "Parent Relationship": "Outer",
                  "Parallel Aware": false,
                  "Scan Direction": "Forward",
                  "Index Name": "person_id_cast_info",
                  "Relation Name": "cast_info",
                  "Alias": "ci",
                  "Startup Cost": 0.56,
                  "Total Cost": 987.07,
                  "Plan Rows": 126,
                  "Plan Width": 4,
                  "Actual Startup Time": 14.647,
                  "Actual Total Time": 14.662,
                  "Actual Rows": 29,
                  "Actual Loops": 1,
                  "Index Cond": "(person_id = 2937569)",
                  "Rows Removed by Index Recheck": 0,
                  "Filter": "(role_id > 4)",
                  "Rows Removed by Filter": 4
                },
                {
                  "Node Type": "Index Only Scan",
                  "Parent Relationship": "Inner",
                  "Parallel Aware": false,
                  "Scan Direction": "Forward",
                  "Index Name": "title_pkey",
                  "Relation Name": "title",
                  "Alias": "t",
                  "Startup Cost": 0.43,
                  "Total Cost": 8.45,
                  "Plan Rows": 1,
                  "Plan Width": 4,
                  "Actual Startup Time": 0.008,
                  "Actual Total Time": 0.008,
                  "Actual Rows": 1,
                  "Actual Loops": 29,
                  "Index Cond": "(id = ci.movie_id)",
                  "Rows Removed by Index Recheck": 0,
                  "Heap Fetches": 29
                }
              ]
            },
            {
              "Node Type": "Index Scan",
              "Parent Relationship": "Inner",
              "Parallel Aware": false,
              "Scan Direction": "Forward",
              "Index Name": "movie_id_movie_keyword",
              "Relation Name": "movie_keyword",
              "Alias": "mk",
              "Startup Cost": 0.43,
              "Total Cost": 1.42,
              "Plan Rows": 25,
              "Plan Width": 4,
              "Actual Startup Time": 0.017,
              "Actual Total Time": 0.044,
              "Actual Rows": 47,
              "Actual Loops": 29,
              "Index Cond": "(movie_id = t.id)",
              "Rows Removed by Index Recheck": 0,
              "Filter": "(keyword_id < 5787)",
              "Rows Removed by Filter": 43
            }
          ]
        }
      ]
    },
    "Planning Time": 0.511,
    "Triggers": [],
    "Execution Time": 16.647
  }
]