[
  {
    "Plan": {
      "Node Type": "Aggregate",
      "Strategy": "Plain",
      "Partial Mode": "Finalize",
      "Parallel Aware": false,
      "Startup Cost": 200214.04,
      "Total Cost": 200214.05,
      "Plan Rows": 1,
      "Plan Width": 8,
      "Actual Startup Time": 181.558,
      "Actual Total Time": 213.181,
      "Actual Rows": 1,
      "Actual Loops": 1,
      "Plans": [
        {
          "Node Type": "Gather",
          "Parent Relationship": "Outer",
          "Parallel Aware": false,
          "Startup Cost": 200213.62,
          "Total Cost": 200214.03,
          "Plan Rows": 4,
          "Plan Width": 8,
          "Actual Startup Time": 181.419,
          "Actual Total Time": 213.173,
          "Actual Rows": 5,
          "Actual Loops": 1,
          "Workers Planned": 4,
          "Workers Launched": 4,
          "Single Copy": false,
          "Plans": [
            {
              "Node Type": "Aggregate",
              "Strategy": "Plain",
              "Partial Mode": "Partial",
              "Parent Relationship": "Outer",
              "Parallel Aware": false,
              "Startup Cost": 199213.62,
              "Total Cost": 199213.63,
              "Plan Rows": 1,
              "Plan Width": 8,
              "Actual Startup Time": 171.633,
              "Actual Total Time": 171.634,
              "Actual Rows": 1,
              "Actual Loops": 5,
              "Plans": [
                {
                  "Node Type": "Nested Loop",
                  "Parent Relationship": "Outer",
                  "Parallel Aware": false,
                  "Join Type": "Inner",
                  "Startup Cost": 0.56,
                  "Total Cost": 199163.89,
                  "Plan Rows": 19889,
                  "Plan Width": 0,
                  "Actual Startup Time": 1.898,
                  "Actual Total Time": 169.648,
                  "Actual Rows": 21295,
                  "Actual Loops": 5,
                  "Inner Unique": false,
                  "Plans": [
                    {
                      "Node Type": "Seq Scan",
                      "Parent Relationship": "Outer",
                      "Parallel Aware": true,
                      "Relation Name": "title",
                      "Alias": "t",
                      "Startup Cost": 0.0,
                      "Total Cost": 45479.1,
                      "Plan Rows": 1388,
                      "Plan Width": 4,
                      "Actual Startup Time": 1.483,
                      "Actual Total Time": 72.728,
                      "Actual Rows": 1310,
                      "Actual Loops": 5,
                      "Filter": "((kind_id < 7) AND (production_year = 1979))",
                      "Rows Removed by Filter": 504353
                    },
                    {
                      "Node Type": "Index Only Scan",
                      "Parent Relationship": "Inner",
                      "Parallel Aware": false,
                      "Scan Direction": "Forward",
                      "Index Name": "movie_id_cast_info",
                      "Relation Name": "cast_info",
                      "Alias": "ci",
                      "Startup Cost": 0.56,
                      "Total Cost": 110.35,
                      "Plan Rows": 37,
                      "Plan Width": 4,
                      "Actual Startup Time": 0.013,
                      "Actual Total Time": 0.072,
                      "Actual Rows": 16,
                      "Actual Loops": 6548,
                      "Index Cond": "(movie_id = t.id)",
                      "Rows Removed by Index Recheck": 0,
                      "Heap Fetches": 106475
                    }
                  ]
                }
              ]
            }
          ]
        }
      ]
    },
    "Planning Time": 0.602,
    "Triggers": [],
    "Execution Time": 213.271
  }
]