{
    "Plan": {
        "Node Type": "Aggregate",
        "Strategy": "Plain",
        "Partial Mode": "Simple",
        "Parallel Aware": false,
        "Startup Cost": 9141.02,
        "Total Cost": 9141.03,
        "Plan Rows": 1,
        "Plan Width": 128,
        "Actual Startup Time": 2862.599,
        "Actual Total Time": 2862.605,
        "Actual Rows": 1,
        "Actual Loops": 1,
        "Output": [
            "min(mi.info)",
            "min(mi_idx.info)",
            "min(n.name)",
            "min(t.title)"
        ],
        "Plans": [
            {
                "Node Type": "Nested Loop",
                "Parent Relationship": "Outer",
                "Parallel Aware": false,
                "Join Type": "Inner",
                "Startup Cost": 2.72,
                "Total Cost": 9141.01,
                "Plan Rows": 1,
                "Plan Width": 80,
                "Actual Startup Time": 9.397,
                "Actual Total Time": 2859.521,
                "Actual Rows": 4407,
                "Actual Loops": 1,
                "Output": [
                    "mi.info",
                    "mi_idx.info",
                    "n.name",
                    "t.title"
                ],
                "Inner Unique": true,
                "Join Filter": "(mi.movie_id = t.id)",
                "Rows Removed by Join Filter": 0,
                "Plans": [
                    {
                        "Node Type": "Nested Loop",
                        "Parent Relationship": "Outer",
                        "Parallel Aware": false,
                        "Join Type": "Inner",
                        "Startup Cost": 2.29,
                        "Total Cost": 9140.51,
                        "Plan Rows": 1,
                        "Plan Width": 79,
                        "Actual Startup Time": 9.381,
                        "Actual Total Time": 2834.224,
                        "Actual Rows": 4407,
                        "Actual Loops": 1,
                        "Output": [
                            "ci.movie_id",
                            "mi.info",
                            "mi.movie_id",
                            "mi_idx.info",
                            "mi_idx.movie_id",
                            "mk.movie_id",
                            "n.name"
                        ],
                        "Inner Unique": true,
                        "Plans": [
                            {
                                "Node Type": "Nested Loop",
                                "Parent Relationship": "Outer",
                                "Parallel Aware": false,
                                "Join Type": "Inner",
                                "Startup Cost": 1.86,
                                "Total Cost": 9139.83,
                                "Plan Rows": 1,
                                "Plan Width": 68,
                                "Actual Startup Time": 6.593,
                                "Actual Total Time": 2773.219,
                                "Actual Rows": 7112,
                                "Actual Loops": 1,
                                "Output": [
                                    "ci.movie_id",
                                    "ci.person_id",
                                    "mi.info",
                                    "mi.movie_id",
                                    "mi_idx.info",
                                    "mi_idx.movie_id",
                                    "mk.movie_id"
                                ],
                                "Inner Unique": true,
                                "Join Filter": "(mi.info_type_id = it1.id)",
                                "Rows Removed by Join Filter": 628,
                                "Plans": [
                                    {
                                        "Node Type": "Nested Loop",
                                        "Parent Relationship": "Outer",
                                        "Parallel Aware": false,
                                        "Join Type": "Inner",
                                        "Startup Cost": 1.86,
                                        "Total Cost": 9137.41,
                                        "Plan Rows": 1,
                                        "Plan Width": 72,
                                        "Actual Startup Time": 6.581,
                                        "Actual Total Time": 2722.59,
                                        "Actual Rows": 7740,
                                        "Actual Loops": 1,
                                        "Output": [
                                            "ci.movie_id",
                                            "ci.person_id",
                                            "mi.info",
                                            "mi.movie_id",
                                            "mi.info_type_id",
                                            "mi_idx.info",
                                            "mi_idx.movie_id",
                                            "mk.movie_id"
                                        ],
                                        "Inner Unique": false,
                                        "Join Filter": "(mi.movie_id = ci.movie_id)",
                                        "Rows Removed by Join Filter": 0,
                                        "Plans": [
                                            {
                                                "Node Type": "Nested Loop",
                                                "Parent Relationship": "Outer",
                                                "Parallel Aware": false,
                                                "Join Type": "Inner",
                                                "Startup Cost": 1.29,
                                                "Total Cost": 9135.59,
                                                "Plan Rows": 1,
                                                "Plan Width": 64,
                                                "Actual Startup Time": 1.055,
                                                "Actual Total Time": 1706.597,
                                                "Actual Rows": 12260,
                                                "Actual Loops": 1,
                                                "Output": [
                                                    "mi_idx.info",
                                                    "mi_idx.movie_id",
                                                    "mi.info",
                                                    "mi.movie_id",
                                                    "mi.info_type_id",
                                                    "mk.movie_id"
                                                ],
                                                "Inner Unique": false,
                                                "Join Filter": "(mi_idx.movie_id = mi.movie_id)",
                                                "Rows Removed by Join Filter": 0,
                                                "Plans": [
                                                    {
                                                        "Node Type": "Nested Loop",
                                                        "Parent Relationship": "Outer",
                                                        "Parallel Aware": false,
                                                        "Join Type": "Inner",
                                                        "Startup Cost": 0.86,
                                                        "Total Cost": 9129.91,
                                                        "Plan Rows": 4,
                                                        "Plan Width": 13,
                                                        "Actual Startup Time": 1.019,
                                                        "Actual Total Time": 352.884,
                                                        "Actual Rows": 50760,
                                                        "Actual Loops": 1,
                                                        "Output": [
                                                            "mi_idx.info",
                                                            "mi_idx.movie_id",
                                                            "mk.movie_id"
                                                        ],
                                                        "Inner Unique": false,
                                                        "Join Filter": "(mi_idx.info_type_id = it2.id)",
                                                        "Rows Removed by Join Filter": 101960,
                                                        "Plans": [
                                                            {
                                                                "Node Type": "Seq Scan",
                                                                "Parent Relationship": "Outer",
                                                                "Parallel Aware": false,
                                                                "Relation Name": "info_type",
                                                                "Schema": "public",
                                                                "Alias": "it2",
                                                                "Startup Cost": 0.0,
                                                                "Total Cost": 2.41,
                                                                "Plan Rows": 1,
                                                                "Plan Width": 4,
                                                                "Actual Startup Time": 0.031,
                                                                "Actual Total Time": 0.034,
                                                                "Actual Rows": 1,
                                                                "Actual Loops": 1,
                                                                "Output": [
                                                                    "it2.id",
                                                                    "it2.info"
                                                                ],
                                                                "Filter": "((it2.info)::text = 'votes'::text)",
                                                                "Rows Removed by Filter": 112
                                                            },
                                                            {
                                                                "Node Type": "Nested Loop",
                                                                "Parent Relationship": "Inner",
                                                                "Parallel Aware": false,
                                                                "Join Type": "Inner",
                                                                "Startup Cost": 0.86,
                                                                "Total Cost": 9121.53,
                                                                "Plan Rows": 478,
                                                                "Plan Width": 17,
                                                                "Actual Startup Time": 0.984,
                                                                "Actual Total Time": 336.629,
                                                                "Actual Rows": 152720,
                                                                "Actual Loops": 1,
                                                                "Output": [
                                                                    "mk.movie_id",
                                                                    "mi_idx.info",
                                                                    "mi_idx.movie_id",
                                                                    "mi_idx.info_type_id"
                                                                ],
                                                                "Inner Unique": false,
                                                                "Plans": [
                                                                    {
                                                                        "Node Type": "Nested Loop",
                                                                        "Parent Relationship": "Outer",
                                                                        "Parallel Aware": false,
                                                                        "Join Type": "Inner",
                                                                        "Startup Cost": 0.43,
                                                                        "Total Cost": 9033.22,
                                                                        "Plan Rows": 169,
                                                                        "Plan Width": 4,
                                                                        "Actual Startup Time": 0.97,
                                                                        "Actual Total Time": 99.527,
                                                                        "Actual Rows": 62096,
                                                                        "Actual Loops": 1,
                                                                        "Output": [
                                                                            "mk.movie_id"
                                                                        ],
                                                                        "Inner Unique": false,
                                                                        "Plans": [
                                                                            {
                                                                                "Node Type": "Seq Scan",
                                                                                "Parent Relationship": "Outer",
                                                                                "Parallel Aware": false,
                                                                                "Relation Name": "keyword",
                                                                                "Schema": "public",
                                                                                "Alias": "k",
                                                                                "Startup Cost": 0.0,
                                                                                "Total Cost": 3129.26,
                                                                                "Plan Rows": 5,
                                                                                "Plan Width": 4,
                                                                                "Actual Startup Time": 0.933,
                                                                                "Actual Total Time": 16.007,
                                                                                "Actual Rows": 5,
                                                                                "Actual Loops": 1,
                                                                                "Output": [
                                                                                    "k.id",
                                                                                    "k.keyword",
                                                                                    "k.phonetic_code"
                                                                                ],
                                                                                "Filter": "(k.keyword = ANY ('{murder,blood,gore,death,female-nudity}'::text[]))",
                                                                                "Rows Removed by Filter": 134165
                                                                            },
                                                                            {
                                                                                "Node Type": "Index Scan",
                                                                                "Parent Relationship": "Inner",
                                                                                "Parallel Aware": false,
                                                                                "Scan Direction": "Forward",
                                                                                "Index Name": "keyword_id_movie_keyword",
                                                                                "Relation Name": "movie_keyword",
                                                                                "Schema": "public",
                                                                                "Alias": "mk",
                                                                                "Startup Cost": 0.43,
                                                                                "Total Cost": 1177.79,
                                                                                "Plan Rows": 300,
                                                                                "Plan Width": 8,
                                                                                "Actual Startup Time": 0.019,
                                                                                "Actual Total Time": 15.017,
                                                                                "Actual Rows": 12419,
                                                                                "Actual Loops": 5,
                                                                                "Output": [
                                                                                    "mk.id",
                                                                                    "mk.movie_id",
                                                                                    "mk.keyword_id"
                                                                                ],
                                                                                "Index Cond": "(mk.keyword_id = k.id)",
                                                                                "Rows Removed by Index Recheck": 0
                                                                            }
                                                                        ]
                                                                    },
                                                                    {
                                                                        "Node Type": "Index Scan",
                                                                        "Parent Relationship": "Inner",
                                                                        "Parallel Aware": false,
                                                                        "Scan Direction": "Forward",
                                                                        "Index Name": "movie_id_movie_info_idx",
                                                                        "Relation Name": "movie_info_idx",
                                                                        "Schema": "public",
                                                                        "Alias": "mi_idx",
                                                                        "Startup Cost": 0.43,
                                                                        "Total Cost": 0.49,
                                                                        "Plan Rows": 3,
                                                                        "Plan Width": 13,
                                                                        "Actual Startup Time": 0.003,
                                                                        "Actual Total Time": 0.003,
                                                                        "Actual Rows": 2,
                                                                        "Actual Loops": 62096,
                                                                        "Output": [
                                                                            "mi_idx.id",
                                                                            "mi_idx.movie_id",
                                                                            "mi_idx.info_type_id",
                                                                            "mi_idx.info",
                                                                            "mi_idx.note"
                                                                        ],
                                                                        "Index Cond": "(mi_idx.movie_id = mk.movie_id)",
                                                                        "Rows Removed by Index Recheck": 0
                                                                    }
                                                                ]
                                                            }
                                                        ]
                                                    },
                                                    {
                                                        "Node Type": "Index Scan",
                                                        "Parent Relationship": "Inner",
                                                        "Parallel Aware": false,
                                                        "Scan Direction": "Forward",
                                                        "Index Name": "movie_id_movie_info",
                                                        "Relation Name": "movie_info",
                                                        "Schema": "public",
                                                        "Alias": "mi",
                                                        "Startup Cost": 0.43,
                                                        "Total Cost": 1.41,
                                                        "Plan Rows": 1,
                                                        "Plan Width": 51,
                                                        "Actual Startup Time": 0.026,
                                                        "Actual Total Time": 0.026,
                                                        "Actual Rows": 0,
                                                        "Actual Loops": 50760,
                                                        "Output": [
                                                            "mi.id",
                                                            "mi.movie_id",
                                                            "mi.info_type_id",
                                                            "mi.info",
                                                            "mi.note"
                                                        ],
                                                        "Index Cond": "(mi.movie_id = mk.movie_id)",
                                                        "Rows Removed by Index Recheck": 0,
                                                        "Filter": "(mi.info = 'Horror'::text)",
                                                        "Rows Removed by Filter": 56
                                                    }
                                                ]
                                            },
                                            {
                                                "Node Type": "Index Scan",
                                                "Parent Relationship": "Inner",
                                                "Parallel Aware": false,
                                                "Scan Direction": "Forward",
                                                "Index Name": "movie_id_cast_info",
                                                "Relation Name": "cast_info",
                                                "Schema": "public",
                                                "Alias": "ci",
                                                "Startup Cost": 0.56,
                                                "Total Cost": 1.81,
                                                "Plan Rows": 1,
                                                "Plan Width": 8,
                                                "Actual Startup Time": 0.067,
                                                "Actual Total Time": 0.082,
                                                "Actual Rows": 1,
                                                "Actual Loops": 12260,
                                                "Output": [
                                                    "ci.id",
                                                    "ci.person_id",
                                                    "ci.movie_id",
                                                    "ci.person_role_id",
                                                    "ci.note",
                                                    "ci.nr_order",
                                                    "ci.role_id"
                                                ],
                                                "Index Cond": "(ci.movie_id = mk.movie_id)",
                                                "Rows Removed by Index Recheck": 0,
                                                "Filter": "(ci.note = ANY ('{(writer),\"(head writer)\",\"(written by)\",(story),\"(story editor)\"}'::text[]))",
                                                "Rows Removed by Filter": 47
                                            }
                                        ]
                                    },
                                    {
                                        "Node Type": "Seq Scan",
                                        "Parent Relationship": "Inner",
                                        "Parallel Aware": false,
                                        "Relation Name": "info_type",
                                        "Schema": "public",
                                        "Alias": "it1",
                                        "Startup Cost": 0.0,
                                        "Total Cost": 2.41,
                                        "Plan Rows": 1,
                                        "Plan Width": 4,
                                        "Actual Startup Time": 0.003,
                                        "Actual Total Time": 0.004,
                                        "Actual Rows": 1,
                                        "Actual Loops": 7740,
                                        "Output": [
                                            "it1.id",
                                            "it1.info"
                                        ],
                                        "Filter": "((it1.info)::text = 'genres'::text)",
                                        "Rows Removed by Filter": 11
                                    }
                                ]
                            },
                            {
                                "Node Type": "Index Scan",
                                "Parent Relationship": "Inner",
                                "Parallel Aware": false,
                                "Scan Direction": "Forward",
                                "Index Name": "name_pkey",
                                "Relation Name": "name",
                                "Schema": "public",
                                "Alias": "n",
                                "Startup Cost": 0.43,
                                "Total Cost": 0.68,
                                "Plan Rows": 1,
                                "Plan Width": 19,
                                "Actual Startup Time": 0.008,
                                "Actual Total Time": 0.008,
                                "Actual Rows": 1,
                                "Actual Loops": 7112,
                                "Output": [
                                    "n.id",
                                    "n.name",
                                    "n.imdb_index",
                                    "n.imdb_id",
                                    "n.gender",
                                    "n.name_pcode_cf",
                                    "n.name_pcode_nf",
                                    "n.surname_pcode",
                                    "n.md5sum"
                                ],
                                "Index Cond": "(n.id = ci.person_id)",
                                "Rows Removed by Index Recheck": 0,
                                "Filter": "((n.gender)::text = 'm'::text)",
                                "Rows Removed by Filter": 0
                            }
                        ]
                    },
                    {
                        "Node Type": "Index Scan",
                        "Parent Relationship": "Inner",
                        "Parallel Aware": false,
                        "Scan Direction": "Forward",
                        "Index Name": "title_pkey",
                        "Relation Name": "title",
                        "Schema": "public",
                        "Alias": "t",
                        "Startup Cost": 0.43,
                        "Total Cost": 0.49,
                        "Plan Rows": 1,
                        "Plan Width": 21,
                        "Actual Startup Time": 0.005,
                        "Actual Total Time": 0.005,
                        "Actual Rows": 1,
                        "Actual Loops": 4407,
                        "Output": [
                            "t.id",
                            "t.title",
                            "t.imdb_index",
                            "t.kind_id",
                            "t.production_year",
                            "t.imdb_id",
                            "t.phonetic_code",
                            "t.episode_of_id",
                            "t.season_nr",
                            "t.episode_nr",
                            "t.series_years",
                            "t.md5sum"
                        ],
                        "Index Cond": "(t.id = mk.movie_id)",
                        "Rows Removed by Index Recheck": 0
                    }
                ]
            }
        ]
    },
    "Planning Time": 23.268,
    "Triggers": [],
    "Execution Time": 2862.717
}