[
  {
    "Plan": {
      "Node Type": "Aggregate",
      "Strategy": "Plain",
      "Partial Mode": "Finalize",
      "Parallel Aware": false,
      "Startup Cost": 95011.64,
      "Total Cost": 95011.65,
      "Plan Rows": 1,
      "Plan Width": 8,
      "Actual Startup Time": 485.4,
      "Actual Total Time": 500.913,
      "Actual Rows": 1,
      "Actual Loops": 1,
      "Plans": [
        {
          "Node Type": "Gather",
          "Parent Relationship": "Outer",
          "Parallel Aware": false,
          "Startup Cost": 95011.33,
          "Total Cost": 95011.64,
          "Plan Rows": 3,
          "Plan Width": 8,
          "Actual Startup Time": 479.127,
          "Actual Total Time": 500.899,
          "Actual Rows": 4,
          "Actual Loops": 1,
          "Workers Planned": 3,
          "Workers Launched": 3,
          "Single Copy": false,
          "Plans": [
            {
              "Node Type": "Aggregate",
              "Strategy": "Plain",
              "Partial Mode": "Partial",
              "Parent Relationship": "Outer",
              "Parallel Aware": false,
              "Startup Cost": 94011.33,
              "Total Cost": 94011.34,
              "Plan Rows": 1,
              "Plan Width": 8,
              "Actual Startup Time": 466.938,
              "Actual Total Time": 466.941,
              "Actual Rows": 1,
              "Actual Loops": 4,
              "Plans": [
                {
                  "Node Type": "Hash Join",
                  "Parent Relationship": "Outer",
                  "Parallel Aware": true,
                  "Join Type": "Inner",
                  "Startup Cost": 49737.61,
                  "Total Cost": 93359.51,
                  "Plan Rows": 260726,
                  "Plan Width": 0,
                  "Actual Startup Time": 300.916,
                  "Actual Total Time": 462.005,
                  "Actual Rows": 105272,
                  "Actual Loops": 4,
                  "Inner Unique": true,
                  "Hash Cond": "(mk.movie_id = t.id)",
                  "Plans": [
                    {
                      "Node Type": "Seq Scan",
                      "Parent Relationship": "Outer",
                      "Parallel Aware": true,
                      "Relation Name": "movie_keyword",
                      "Alias": "mk",
                      "Startup Cost": 0.0,
                      "Total Cost": 42695.65,
                      "Plan Rows": 352857,
                      "Plan Width": 4,
                      "Actual Startup Time": 0.03,
                      "Actual Total Time": 95.217,
                      "Actual Rows": 274696,
                      "Actual Loops": 4,
                      "Filter": "(keyword_id < 1128)",
                      "Rows Removed by Filter": 856286
                    },
                    {
                      "Node Type": "Hash",
                      "Parent Relationship": "Inner",
                      "Parallel Aware": true,
                      "Startup Cost": 43899.32,
                      "Total Cost": 43899.32,
                      "Plan Rows": 467063,
                      "Plan Width": 4,
                      "Actual Startup Time": 293.012,
                      "Actual Total Time": 293.013,
                      "Actual Rows": 466372,
                      "Actual Loops": 4,
                      "Hash Buckets": 2097152,
                      "Original Hash Buckets": 2097152,
                      "Hash Batches": 1,
                      "Original Hash Batches": 1,
                      "Peak Memory Usage": 89440,
                      "Plans": [
                        {
                          "Node Type": "Seq Scan",
                          "Parent Relationship": "Outer",
                          "Parallel Aware": true,
                          "Relation Name": "title",
                          "Alias": "t",
                          "Startup Cost": 0.0,
                          "Total Cost": 43899.32,
                          "Plan Rows": 467063,
                          "Plan Width": 4,
                          "Actual Startup Time": 0.045,
                          "Actual Total Time": 114.483,
                          "Actual Rows": 466372,
                          "Actual Loops": 4,
                          "Filter": "(kind_id > 1)",
                          "Rows Removed by Filter": 165706
                        }
                      ]
                    }
                  ]
                }
              ]
            }
          ]
        }
      ]
    },
    "Planning Time": 0.667,
    "Triggers": [],
    "Execution Time": 500.982
  }
]