[
    {
        "Bao": {
            "Bao prediction": "NaN",
            "Bao recommended hint": "(no hint)"
        }
    },
    {
        "Plan": {
            "Node Type": "Aggregate",
            "Strategy": "Plain",
            "Partial Mode": "Simple",
            "Parallel Aware": false,
            "Startup Cost": 19809.87,
            "Total Cost": 19809.88,
            "Plan Rows": 1,
            "Plan Width": 8,
            "Actual Startup Time": 8.081,
            "Actual Total Time": 8.083,
            "Actual Rows": 1,
            "Actual Loops": 1,
            "Output": [
                "count(*)"
            ],
            "Plans": [
                {
                    "Node Type": "Bitmap Heap Scan",
                    "Parent Relationship": "Outer",
                    "Parallel Aware": false,
                    "Relation Name": "movie_companies",
                    "Schema": "public",
                    "Alias": "mc",
                    "Startup Cost": 378.67,
                    "Total Cost": 19766.57,
                    "Plan Rows": 17321,
                    "Plan Width": 0,
                    "Actual Startup Time": 1.923,
                    "Actual Total Time": 6.806,
                    "Actual Rows": 18933,
                    "Actual Loops": 1,
                    "Recheck Cond": "(mc.company_id > 217271)",
                    "Rows Removed by Index Recheck": 0,
                    "Exact Heap Blocks": 825,
                    "Lossy Heap Blocks": 0,
                    "Plans": [
                        {
                            "Node Type": "Bitmap Index Scan",
                            "Parent Relationship": "Outer",
                            "Parallel Aware": false,
                            "Index Name": "company_id_movie_companies",
                            "Startup Cost": 0.0,
                            "Total Cost": 374.34,
                            "Plan Rows": 17321,
                            "Plan Width": 0,
                            "Actual Startup Time": 1.797,
                            "Actual Total Time": 1.798,
                            "Actual Rows": 18933,
                            "Actual Loops": 1,
                            "Index Cond": "(mc.company_id > 217271)"
                        }
                    ]
                }
            ]
        },
        "Planning Time": 222.744,
        "Triggers": [],
        "Execution Time": 8.131
    }
]