[
  {
    "Plan": {
      "Node Type": "Aggregate",
      "Strategy": "Plain",
      "Partial Mode": "Finalize",
      "Parallel Aware": false,
      "Startup Cost": 44367.82,
      "Total Cost": 44367.83,
      "Plan Rows": 1,
      "Plan Width": 8,
      "Actual Startup Time": 118.327,
      "Actual Total Time": 125.646,
      "Actual Rows": 1,
      "Actual Loops": 1,
      "Plans": [
        {
          "Node Type": "Gather",
          "Parent Relationship": "Outer",
          "Parallel Aware": false,
          "Startup Cost": 44367.5,
          "Total Cost": 44367.81,
          "Plan Rows": 3,
          "Plan Width": 8,
          "Actual Startup Time": 118.193,
          "Actual Total Time": 125.638,
          "Actual Rows": 4,
          "Actual Loops": 1,
          "Workers Planned": 3,
          "Workers Launched": 3,
          "Single Copy": false,
          "Plans": [
            {
              "Node Type": "Aggregate",
              "Strategy": "Plain",
              "Partial Mode": "Partial",
              "Parent Relationship": "Outer",
              "Parallel Aware": false,
              "Startup Cost": 43367.5,
              "Total Cost": 43367.51,
              "Plan Rows": 1,
              "Plan Width": 8,
              "Actual Startup Time": 110.044,
              "Actual Total Time": 110.045,
              "Actual Rows": 1,
              "Actual Loops": 4,
              "Plans": [
                {
                  "Node Type": "Seq Scan",
                  "Parent Relationship": "Outer",
                  "Parallel Aware": true,
                  "Relation Name": "movie_keyword",
                  "Alias": "mk",
                  "Startup Cost": 0.0,
                  "Total Cost": 42695.65,
                  "Plan Rows": 268738,
                  "Plan Width": 0,
                  "Actual Startup Time": 5.524,
                  "Actual Total Time": 99.562,
                  "Actual Rows": 204275,
                  "Actual Loops": 4,
                  "Filter": "(keyword_id > 22403)",
                  "Rows Removed by Filter": 926708
                }
              ]
            }
          ]
        }
      ]
    },
    "Planning Time": 0.186,
    "Triggers": [],
    "Execution Time": 125.711
  }
]