[
  {
    "Plan": {
      "Node Type": "Aggregate",
      "Strategy": "Plain",
      "Partial Mode": "Finalize",
      "Parallel Aware": false,
      "Startup Cost": 362730.87,
      "Total Cost": 362730.88,
      "Plan Rows": 1,
      "Plan Width": 8,
      "Actual Startup Time": 6716.766,
      "Actual Total Time": 6796.525,
      "Actual Rows": 1,
      "Actual Loops": 1,
      "Plans": [
        {
          "Node Type": "Gather",
          "Parent Relationship": "Outer",
          "Parallel Aware": false,
          "Startup Cost": 362730.56,
          "Total Cost": 362730.87,
          "Plan Rows": 3,
          "Plan Width": 8,
          "Actual Startup Time": 6716.61,
          "Actual Total Time": 6796.517,
          "Actual Rows": 4,
          "Actual Loops": 1,
          "Workers Planned": 3,
          "Workers Launched": 3,
          "Single Copy": false,
          "Plans": [
            {
              "Node Type": "Aggregate",
              "Strategy": "Plain",
              "Partial Mode": "Partial",
              "Parent Relationship": "Outer",
              "Parallel Aware": false,
              "Startup Cost": 361730.56,
              "Total Cost": 361730.57,
              "Plan Rows": 1,
              "Plan Width": 8,
              "Actual Startup Time": 6706.755,
              "Actual Total Time": 6706.758,
              "Actual Rows": 1,
              "Actual Loops": 4,
              "Plans": [
                {
                  "Node Type": "Nested Loop",
                  "Parent Relationship": "Outer",
                  "Parallel Aware": false,
                  "Join Type": "Inner",
                  "Startup Cost": 46468.11,
                  "Total Cost": 357370.62,
                  "Plan Rows": 1743973,
                  "Plan Width": 0,
                  "Actual Startup Time": 157.546,
                  "Actual Total Time": 6214.188,
                  "Actual Rows": 10996782,
                  "Actual Loops": 4,
                  "Inner Unique": false,
                  "Join Filter": "(t.id = ci.movie_id)",
                  "Rows Removed by Join Filter": 0,
                  "Plans": [
                    {
                      "Node Type": "Hash Join",
                      "Parent Relationship": "Outer",
                      "Parallel Aware": true,
                      "Join Type": "Inner",
                      "Startup Cost": 46467.55,
                      "Total Cost": 91716.93,
                      "Plan Rows": 121709,
                      "Plan Width": 8,
                      "Actual Startup Time": 157.455,
                      "Actual Total Time": 328.911,
                      "Actual Rows": 139912,
                      "Actual Loops": 4,
                      "Inner Unique": true,
                      "Hash Cond": "(mk.movie_id = t.id)",
                      "Plans": [
                        {
                          "Node Type": "Seq Scan",
                          "Parent Relationship": "Outer",
                          "Parallel Aware": true,
                          "Relation Name": "movie_keyword",
                          "Alias": "mk",
                          "Startup Cost": 0.0,
                          "Total Cost": 42695.65,
                          "Plan Rows": 972849,
                          "Plan Width": 4,
                          "Actual Startup Time": 0.025,
                          "Actual Total Time": 111.891,
                          "Actual Rows": 750972,
                          "Actual Loops": 4,
                          "Filter": "(keyword_id < 10636)",
                          "Rows Removed by Filter": 380010
                        },
                        {
                          "Node Type": "Hash",
                          "Parent Relationship": "Inner",
                          "Parallel Aware": true,
                          "Startup Cost": 45479.1,
                          "Total Cost": 45479.1,
                          "Plan Rows": 79076,
                          "Plan Width": 4,
                          "Actual Startup Time": 120.118,
                          "Actual Total Time": 120.119,
                          "Actual Rows": 61197,
                          "Actual Loops": 4,
                          "Hash Buckets": 524288,
                          "Original Hash Buckets": 524288,
                          "Hash Batches": 1,
                          "Original Hash Batches": 1,
                          "Peak Memory Usage": 13760,
                          "Plans": [
                            {
                              "Node Type": "Seq Scan",
                              "Parent Relationship": "Outer",
                              "Parallel Aware": true,
                              "Relation Name": "title",
                              "Alias": "t",
                              "Startup Cost": 0.0,
                              "Total Cost": 45479.1,
                              "Plan Rows": 79076,
                              "Plan Width": 4,
                              "Actual Startup Time": 47.045,
                              "Actual Total Time": 100.555,
                              "Actual Rows": 61197,
                              "Actual Loops": 4,
                              "Filter": "((production_year > 2003) AND (kind_id = 1))",
                              "Rows Removed by Filter": 570881
                            }
                          ]
                        }
                      ]
                    },
                    {
                      "Node Type": "Index Only Scan",
                      "Parent Relationship": "Inner",
                      "Parallel Aware": false,
                      "Scan Direction": "Forward",
                      "Index Name": "movie_id_cast_info",
                      "Relation Name": "cast_info",
                      "Alias": "ci",
                      "Startup Cost": 0.56,
                      "Total Cost": 1.72,
                      "Plan Rows": 37,
                      "Plan Width": 4,
                      "Actual Startup Time": 0.004,
                      "Actual Total Time": 0.035,
                      "Actual Rows": 79,
                      "Actual Loops": 559646,
                      "Index Cond": "(movie_id = mk.movie_id)",
                      "Rows Removed by Index Recheck": 0,
                      "Heap Fetches": 43987128
                    }
                  ]
                }
              ]
            }
          ]
        }
      ]
    },
    "Planning Time": 1.379,
    "Triggers": [],
    "Execution Time": 6796.635
  }
]