[
  {
    "Plan": {
      "Node Type": "Aggregate",
      "Strategy": "Plain",
      "Partial Mode": "Finalize",
      "Parallel Aware": false,
      "Startup Cost": 76866.82,
      "Total Cost": 76866.83,
      "Plan Rows": 1,
      "Plan Width": 8,
      "Actual Startup Time": 280.861,
      "Actual Total Time": 287.33,
      "Actual Rows": 1,
      "Actual Loops": 1,
      "Plans": [
        {
          "Node Type": "Gather",
          "Parent Relationship": "Outer",
          "Parallel Aware": false,
          "Startup Cost": 76866.5,
          "Total Cost": 76866.81,
          "Plan Rows": 3,
          "Plan Width": 8,
          "Actual Startup Time": 279.939,
          "Actual Total Time": 287.323,
          "Actual Rows": 4,
          "Actual Loops": 1,
          "Workers Planned": 3,
          "Workers Launched": 3,
          "Single Copy": false,
          "Plans": [
            {
              "Node Type": "Aggregate",
              "Strategy": "Plain",
              "Partial Mode": "Partial",
              "Parent Relationship": "Outer",
              "Parallel Aware": false,
              "Startup Cost": 75866.5,
              "Total Cost": 75866.51,
              "Plan Rows": 1,
              "Plan Width": 8,
              "Actual Startup Time": 272.441,
              "Actual Total Time": 272.444,
              "Actual Rows": 1,
              "Actual Loops": 4,
              "Plans": [
                {
                  "Node Type": "Hash Join",
                  "Parent Relationship": "Outer",
                  "Parallel Aware": true,
                  "Join Type": "Inner",
                  "Startup Cost": 46246.32,
                  "Total Cost": 75662.21,
                  "Plan Rows": 81716,
                  "Plan Width": 0,
                  "Actual Startup Time": 116.511,
                  "Actual Total Time": 264.668,
                  "Actual Rows": 182516,
                  "Actual Loops": 4,
                  "Inner Unique": true,
                  "Hash Cond": "(mc.movie_id = t.id)",
                  "Plans": [
                    {
                      "Node Type": "Seq Scan",
                      "Parent Relationship": "Outer",
                      "Parallel Aware": true,
                      "Relation Name": "movie_companies",
                      "Alias": "mc",
                      "Startup Cost": 0.0,
                      "Total Cost": 27206.55,
                      "Plan Rows": 841655,
                      "Plan Width": 4,
                      "Actual Startup Time": 0.016,
                      "Actual Total Time": 49.734,
                      "Actual Rows": 652282,
                      "Actual Loops": 4
                    },
                    {
                      "Node Type": "Hash",
                      "Parent Relationship": "Inner",
                      "Parallel Aware": true,
                      "Startup Cost": 45479.21,
                      "Total Cost": 45479.21,
                      "Plan Rows": 61369,
                      "Plan Width": 4,
                      "Actual Startup Time": 115.074,
                      "Actual Total Time": 115.074,
                      "Actual Rows": 89374,
                      "Actual Loops": 4,
                      "Hash Buckets": 524288,
                      "Original Hash Buckets": 262144,
                      "Hash Batches": 1,
                      "Original Hash Batches": 1,
                      "Peak Memory Usage": 20192,
                      "Plans": [
                        {
                          "Node Type": "Seq Scan",
                          "Parent Relationship": "Outer",
                          "Parallel Aware": true,
                          "Relation Name": "title",
                          "Alias": "t",
                          "Startup Cost": 0.0,
                          "Total Cost": 45479.21,
                          "Plan Rows": 61369,
                          "Plan Width": 4,
                          "Actual Startup Time": 0.164,
                          "Actual Total Time": 84.998,
                          "Actual Rows": 89374,
                          "Actual Loops": 4,
                          "Filter": "((kind_id < 7) AND (production_year < 1987))",
                          "Rows Removed by Filter": 542704
                        }
                      ]
                    }
                  ]
                }
              ]
            }
          ]
        }
      ]
    },
    "Planning Time": 0.262,
    "Triggers": [],
    "Execution Time": 287.365
  }
]