[
  {
    "Plan": {
      "Node Type": "Aggregate",
      "Strategy": "Plain",
      "Partial Mode": "Finalize",
      "Parallel Aware": false,
      "Startup Cost": 19664.12,
      "Total Cost": 19664.13,
      "Plan Rows": 1,
      "Plan Width": 8,
      "Actual Startup Time": 40.71,
      "Actual Total Time": 51.168,
      "Actual Rows": 1,
      "Actual Loops": 1,
      "Plans": [
        {
          "Node Type": "Gather",
          "Parent Relationship": "Outer",
          "Parallel Aware": false,
          "Startup Cost": 19664.0,
          "Total Cost": 19664.11,
          "Plan Rows": 1,
          "Plan Width": 8,
          "Actual Startup Time": 40.407,
          "Actual Total Time": 51.16,
          "Actual Rows": 2,
          "Actual Loops": 1,
          "Workers Planned": 1,
          "Workers Launched": 1,
          "Single Copy": false,
          "Plans": [
            {
              "Node Type": "Aggregate",
              "Strategy": "Plain",
              "Partial Mode": "Partial",
              "Parent Relationship": "Outer",
              "Parallel Aware": false,
              "Startup Cost": 18664.0,
              "Total Cost": 18664.01,
              "Plan Rows": 1,
              "Plan Width": 8,
              "Actual Startup Time": 37.909,
              "Actual Total Time": 37.911,
              "Actual Rows": 1,
              "Actual Loops": 2,
              "Plans": [
                {
                  "Node Type": "Nested Loop",
                  "Parent Relationship": "Outer",
                  "Parallel Aware": false,
                  "Join Type": "Inner",
                  "Startup Cost": 55.49,
                  "Total Cost": 18663.36,
                  "Plan Rows": 257,
                  "Plan Width": 0,
                  "Actual Startup Time": 1.805,
                  "Actual Total Time": 37.697,
                  "Actual Rows": 1876,
                  "Actual Loops": 2,
                  "Inner Unique": false,
                  "Plans": [
                    {
                      "Node Type": "Nested Loop",
                      "Parent Relationship": "Outer",
                      "Parallel Aware": false,
                      "Join Type": "Inner",
                      "Startup Cost": 55.06,
                      "Total Cost": 17498.26,
                      "Plan Rows": 539,
                      "Plan Width": 8,
                      "Actual Startup Time": 1.662,
                      "Actual Total Time": 13.392,
                      "Actual Rows": 553,
                      "Actual Loops": 2,
                      "Inner Unique": true,
                      "Plans": [
                        {
                          "Node Type": "Bitmap Heap Scan",
                          "Parent Relationship": "Outer",
                          "Parallel Aware": true,
                          "Relation Name": "movie_companies",
                          "Alias": "mc",
                          "Startup Cost": 54.63,
                          "Total Cost": 6638.12,
                          "Plan Rows": 1381,
                          "Plan Width": 4,
                          "Actual Startup Time": 1.584,
                          "Actual Total Time": 4.124,
                          "Actual Rows": 1053,
                          "Actual Loops": 2,
                          "Recheck Cond": "(company_id = 554)",
                          "Rows Removed by Index Recheck": 0,
                          "Exact Heap Blocks": 782,
                          "Lossy Heap Blocks": 0,
                          "Plans": [
                            {
                              "Node Type": "Bitmap Index Scan",
                              "Parent Relationship": "Outer",
                              "Parallel Aware": false,
                              "Index Name": "company_id_movie_companies",
                              "Startup Cost": 0.0,
                              "Total Cost": 54.04,
                              "Plan Rows": 2348,
                              "Plan Width": 0,
                              "Actual Startup Time": 2.606,
                              "Actual Total Time": 2.607,
                              "Actual Rows": 2106,
                              "Actual Loops": 1,
                              "Index Cond": "(company_id = 554)"
                            }
                          ]
                        },
                        {
                          "Node Type": "Index Scan",
                          "Parent Relationship": "Inner",
                          "Parallel Aware": false,
                          "Scan Direction": "Forward",
                          "Index Name": "title_pkey",
                          "Relation Name": "title",
                          "Alias": "t",
                          "Startup Cost": 0.43,
                          "Total Cost": 7.86,
                          "Plan Rows": 1,
                          "Plan Width": 4,
                          "Actual Startup Time": 0.008,
                          "Actual Total Time": 0.008,
                          "Actual Rows": 1,
                          "Actual Loops": 2106,
                          "Index Cond": "(id = mc.movie_id)",
                          "Rows Removed by Index Recheck": 0,
                          "Filter": "(kind_id < 7)",
                          "Rows Removed by Filter": 0
                        }
                      ]
                    },
                    {
                      "Node Type": "Index Scan",
                      "Parent Relationship": "Inner",
                      "Parallel Aware": false,
                      "Scan Direction": "Forward",
                      "Index Name": "movie_id_movie_info",
                      "Relation Name": "movie_info",
                      "Alias": "mi",
                      "Startup Cost": 0.43,
                      "Total Cost": 2.13,
                      "Plan Rows": 3,
                      "Plan Width": 4,
                      "Actual Startup Time": 0.033,
                      "Actual Total Time": 0.043,
                      "Actual Rows": 3,
                      "Actual Loops": 1106,
                      "Index Cond": "(movie_id = t.id)",
                      "Rows Removed by Index Recheck": 0,
                      "Filter": "(info_type_id > 18)",
                      "Rows Removed by Filter": 19
                    }
                  ]
                }
              ]
            }
          ]
        }
      ]
    },
    "Planning Time": 1.186,
    "Triggers": [],
    "Execution Time": 51.252
  }
]