{
  "Plan": {
    "Node Type": "Aggregate",
    "Strategy": "Plain",
    "Partial Mode": "Finalize",
    "Parallel Aware": false,
    "Startup Cost": 235903.03,
    "Total Cost": 235903.04,
    "Plan Rows": 1,
    "Plan Width": 8,
    "Actual Startup Time": 191.85,
    "Actual Total Time": 202.352,
    "Actual Rows": 1,
    "Actual Loops": 1,
    "Plans": [
      {
        "Node Type": "Gather",
        "Parent Relationship": "Outer",
        "Parallel Aware": false,
        "Startup Cost": 235902.91,
        "Total Cost": 235903.02,
        "Plan Rows": 1,
        "Plan Width": 8,
        "Actual Startup Time": 191.58,
        "Actual Total Time": 202.346,
        "Actual Rows": 2,
        "Actual Loops": 1,
        "Workers Planned": 1,
        "Workers Launched": 1,
        "Single Copy": false,
        "Plans": [
          {
            "Node Type": "Aggregate",
            "Strategy": "Plain",
            "Partial Mode": "Partial",
            "Parent Relationship": "Outer",
            "Parallel Aware": false,
            "Startup Cost": 234902.91,
            "Total Cost": 234902.92,
            "Plan Rows": 1,
            "Plan Width": 8,
            "Actual Startup Time": 187.25,
            "Actual Total Time": 187.254,
            "Actual Rows": 1,
            "Actual Loops": 2,
            "Plans": [
              {
                "Node Type": "Hash Join",
                "Parent Relationship": "Outer",
                "Parallel Aware": true,
                "Join Type": "Inner",
                "Startup Cost": 62633.29,
                "Total Cost": 234891.58,
                "Plan Rows": 4532,
                "Plan Width": 0,
                "Actual Startup Time": 160.657,
                "Actual Total Time": 187.216,
                "Actual Rows": 458,
                "Actual Loops": 2,
                "Inner Unique": true,
                "Hash Cond": "(mi.movie_id = t.id)",
                "Plans": [
                  {
                    "Node Type": "Bitmap Heap Scan",
                    "Parent Relationship": "Outer",
                    "Parallel Aware": true,
                    "Relation Name": "movie_info",
                    "Alias": "mi",
                    "Startup Cost": 3607.36,
                    "Total Cost": 175558.24,
                    "Plan Rows": 117110,
                    "Plan Width": 4,
                    "Actual Startup Time": 9.92,
                    "Actual Total Time": 25.542,
                    "Actual Rows": 90056,
                    "Actual Loops": 2,
                    "Recheck Cond": "(info_type_id = 13)",
                    "Rows Removed by Index Recheck": 0,
                    "Exact Heap Blocks": 3080,
                    "Lossy Heap Blocks": 0,
                    "Plans": [
                      {
                        "Node Type": "Bitmap Index Scan",
                        "Parent Relationship": "Outer",
                        "Parallel Aware": false,
                        "Index Name": "info_type_id_movie_info",
                        "Startup Cost": 0.0,
                        "Total Cost": 3557.59,
                        "Plan Rows": 199087,
                        "Plan Width": 0,
                        "Actual Startup Time": 9.122,
                        "Actual Total Time": 9.123,
                        "Actual Rows": 180112,
                        "Actual Loops": 1,
                        "Index Cond": "(info_type_id = 13)"
                      }
                    ]
                  },
                  {
                    "Node Type": "Hash",
                    "Parent Relationship": "Inner",
                    "Parallel Aware": true,
                    "Startup Cost": 58306.47,
                    "Total Cost": 58306.47,
                    "Plan Rows": 57557,
                    "Plan Width": 4,
                    "Actual Startup Time": 148.089,
                    "Actual Total Time": 148.09,
                    "Actual Rows": 55201,
                    "Actual Loops": 2,
                    "Hash Buckets": 131072,
                    "Original Hash Buckets": 131072,
                    "Hash Batches": 1,
                    "Original Hash Batches": 1,
                    "Peak Memory Usage": 5376,
                    "Plans": [
                      {
                        "Node Type": "Seq Scan",
                        "Parent Relationship": "Outer",
                        "Parallel Aware": true,
                        "Relation Name": "title",
                        "Alias": "t",
                        "Startup Cost": 0.0,
                        "Total Cost": 58306.47,
                        "Plan Rows": 57557,
                        "Plan Width": 4,
                        "Actual Startup Time": 0.043,
                        "Actual Total Time": 134.282,
                        "Actual Rows": 55201,
                        "Actual Loops": 2,
                        "Filter": "((kind_id = 7) AND (production_year = 2012))",
                        "Rows Removed by Filter": 1208955
                      }
                    ]
                  }
                ]
              }
            ]
          }
        ]
      }
    ]
  },
  "Planning Time": 0.469,
  "Triggers": [],
  "Execution Time": 202.447
}