[
    {
        "Bao": {
            "Bao prediction": "NaN",
            "Bao recommended hint": "(no hint)"
        }
    },
    {
        "Plan": {
            "Node Type": "Aggregate",
            "Strategy": "Plain",
            "Partial Mode": "Simple",
            "Parallel Aware": false,
            "Startup Cost": 1039.59,
            "Total Cost": 1039.6,
            "Plan Rows": 1,
            "Plan Width": 8,
            "Actual Startup Time": 0.088,
            "Actual Total Time": 0.089,
            "Actual Rows": 1,
            "Actual Loops": 1,
            "Output": [
                "count(*)"
            ],
            "Plans": [
                {
                    "Node Type": "Index Only Scan",
                    "Parent Relationship": "Outer",
                    "Parallel Aware": false,
                    "Scan Direction": "Forward",
                    "Index Name": "person_id_cast_info",
                    "Relation Name": "cast_info",
                    "Schema": "public",
                    "Alias": "ci",
                    "Startup Cost": 0.56,
                    "Total Cost": 1038.33,
                    "Plan Rows": 504,
                    "Plan Width": 0,
                    "Actual Startup Time": 0.075,
                    "Actual Total Time": 0.082,
                    "Actual Rows": 31,
                    "Actual Loops": 1,
                    "Output": [
                        "person_id"
                    ],
                    "Index Cond": "(ci.person_id = 419257)",
                    "Rows Removed by Index Recheck": 0,
                    "Heap Fetches": 31
                }
            ]
        },
        "Planning Time": 200.789,
        "Triggers": [],
        "Execution Time": 0.124
    }
]