{
  "Plan": {
    "Node Type": "Aggregate",
    "Strategy": "Plain",
    "Partial Mode": "Finalize",
    "Parallel Aware": false,
    "Startup Cost": 430557.8,
    "Total Cost": 430557.81,
    "Plan Rows": 1,
    "Plan Width": 8,
    "Actual Startup Time": 941.502,
    "Actual Total Time": 960.096,
    "Actual Rows": 1,
    "Actual Loops": 1,
    "Plans": [
      {
        "Node Type": "Gather",
        "Parent Relationship": "Outer",
        "Parallel Aware": false,
        "Startup Cost": 430557.69,
        "Total Cost": 430557.8,
        "Plan Rows": 1,
        "Plan Width": 8,
        "Actual Startup Time": 940.322,
        "Actual Total Time": 960.087,
        "Actual Rows": 2,
        "Actual Loops": 1,
        "Workers Planned": 1,
        "Workers Launched": 1,
        "Single Copy": false,
        "Plans": [
          {
            "Node Type": "Aggregate",
            "Strategy": "Plain",
            "Partial Mode": "Partial",
            "Parent Relationship": "Outer",
            "Parallel Aware": false,
            "Startup Cost": 429557.69,
            "Total Cost": 429557.7,
            "Plan Rows": 1,
            "Plan Width": 8,
            "Actual Startup Time": 934.587,
            "Actual Total Time": 934.59,
            "Actual Rows": 1,
            "Actual Loops": 2,
            "Plans": [
              {
                "Node Type": "Hash Join",
                "Parent Relationship": "Outer",
                "Parallel Aware": true,
                "Join Type": "Inner",
                "Startup Cost": 143052.65,
                "Total Cost": 428706.09,
                "Plan Rows": 340640,
                "Plan Width": 0,
                "Actual Startup Time": 370.347,
                "Actual Total Time": 916.466,
                "Actual Rows": 414607,
                "Actual Loops": 2,
                "Inner Unique": true,
                "Hash Cond": "(ci.movie_id = t.id)",
                "Plans": [
                  {
                    "Node Type": "Bitmap Heap Scan",
                    "Parent Relationship": "Outer",
                    "Parallel Aware": true,
                    "Relation Name": "cast_info",
                    "Alias": "ci",
                    "Startup Cost": 81840.77,
                    "Total Cost": 361772.75,
                    "Plan Rows": 2179598,
                    "Plan Width": 4,
                    "Actual Startup Time": 171.658,
                    "Actual Total Time": 370.261,
                    "Actual Rows": 1779214,
                    "Actual Loops": 2,
                    "Recheck Cond": "(person_id > 3416114)",
                    "Rows Removed by Index Recheck": 0,
                    "Exact Heap Blocks": 28653,
                    "Lossy Heap Blocks": 0,
                    "Plans": [
                      {
                        "Node Type": "Bitmap Index Scan",
                        "Parent Relationship": "Outer",
                        "Parallel Aware": false,
                        "Index Name": "person_id_cast_info",
                        "Startup Cost": 0.0,
                        "Total Cost": 80914.44,
                        "Plan Rows": 3705317,
                        "Plan Width": 0,
                        "Actual Startup Time": 162.514,
                        "Actual Total Time": 162.514,
                        "Actual Rows": 3558427,
                        "Actual Loops": 1,
                        "Index Cond": "(person_id > 3416114)"
                      }
                    ]
                  },
                  {
                    "Node Type": "Hash",
                    "Parent Relationship": "Inner",
                    "Parallel Aware": true,
                    "Startup Cost": 58306.47,
                    "Total Cost": 58306.47,
                    "Plan Rows": 232433,
                    "Plan Width": 4,
                    "Actual Startup Time": 193.271,
                    "Actual Total Time": 193.271,
                    "Actual Rows": 200594,
                    "Actual Loops": 2,
                    "Hash Buckets": 524288,
                    "Original Hash Buckets": 524288,
                    "Hash Batches": 1,
                    "Original Hash Batches": 1,
                    "Peak Memory Usage": 19808,
                    "Plans": [
                      {
                        "Node Type": "Seq Scan",
                        "Parent Relationship": "Outer",
                        "Parallel Aware": true,
                        "Relation Name": "title",
                        "Alias": "t",
                        "Startup Cost": 0.0,
                        "Total Cost": 58306.47,
                        "Plan Rows": 232433,
                        "Plan Width": 4,
                        "Actual Startup Time": 0.032,
                        "Actual Total Time": 144.741,
                        "Actual Rows": 200594,
                        "Actual Loops": 2,
                        "Filter": "((kind_id > 1) AND (production_year > 2009))",
                        "Rows Removed by Filter": 1063562
                      }
                    ]
                  }
                ]
              }
            ]
          }
        ]
      }
    ]
  },
  "Planning Time": 0.477,
  "Triggers": [],
  "Execution Time": 960.193
}