[
    {
        "Bao": {
            "Bao prediction": "NaN",
            "Bao recommended hint": "(no hint)"
        }
    },
    {
        "Plan": {
            "Node Type": "Aggregate",
            "Strategy": "Plain",
            "Partial Mode": "Finalize",
            "Parallel Aware": false,
            "Startup Cost": 365494.57,
            "Total Cost": 365494.58,
            "Plan Rows": 1,
            "Plan Width": 8,
            "Actual Startup Time": 613.743,
            "Actual Total Time": 648.873,
            "Actual Rows": 1,
            "Actual Loops": 1,
            "Output": [
                "count(*)"
            ],
            "Plans": [
                {
                    "Node Type": "Gather",
                    "Parent Relationship": "Outer",
                    "Parallel Aware": false,
                    "Startup Cost": 365493.94,
                    "Total Cost": 365494.55,
                    "Plan Rows": 6,
                    "Plan Width": 8,
                    "Actual Startup Time": 611.063,
                    "Actual Total Time": 648.862,
                    "Actual Rows": 7,
                    "Actual Loops": 1,
                    "Output": [
                        "(PARTIAL count(*))"
                    ],
                    "Workers Planned": 6,
                    "Workers Launched": 6,
                    "Single Copy": false,
                    "Plans": [
                        {
                            "Node Type": "Aggregate",
                            "Strategy": "Plain",
                            "Partial Mode": "Partial",
                            "Parent Relationship": "Outer",
                            "Parallel Aware": false,
                            "Startup Cost": 364493.94,
                            "Total Cost": 364493.95,
                            "Plan Rows": 1,
                            "Plan Width": 8,
                            "Actual Startup Time": 600.606,
                            "Actual Total Time": 600.61,
                            "Actual Rows": 1,
                            "Actual Loops": 7,
                            "Output": [
                                "PARTIAL count(*)"
                            ],
                            "Workers": [
                                {
                                    "Worker Number": 0,
                                    "Actual Startup Time": 598.042,
                                    "Actual Total Time": 598.045,
                                    "Actual Rows": 1,
                                    "Actual Loops": 1
                                },
                                {
                                    "Worker Number": 1,
                                    "Actual Startup Time": 598.82,
                                    "Actual Total Time": 598.824,
                                    "Actual Rows": 1,
                                    "Actual Loops": 1
                                },
                                {
                                    "Worker Number": 2,
                                    "Actual Startup Time": 598.604,
                                    "Actual Total Time": 598.608,
                                    "Actual Rows": 1,
                                    "Actual Loops": 1
                                },
                                {
                                    "Worker Number": 3,
                                    "Actual Startup Time": 599.143,
                                    "Actual Total Time": 599.146,
                                    "Actual Rows": 1,
                                    "Actual Loops": 1
                                },
                                {
                                    "Worker Number": 4,
                                    "Actual Startup Time": 599.104,
                                    "Actual Total Time": 599.108,
                                    "Actual Rows": 1,
                                    "Actual Loops": 1
                                },
                                {
                                    "Worker Number": 5,
                                    "Actual Startup Time": 599.963,
                                    "Actual Total Time": 599.967,
                                    "Actual Rows": 1,
                                    "Actual Loops": 1
                                }
                            ],
                            "Plans": [
                                {
                                    "Node Type": "Nested Loop",
                                    "Parent Relationship": "Outer",
                                    "Parallel Aware": false,
                                    "Join Type": "Inner",
                                    "Startup Cost": 69472.77,
                                    "Total Cost": 364404.78,
                                    "Plan Rows": 35666,
                                    "Plan Width": 0,
                                    "Actual Startup Time": 188.525,
                                    "Actual Total Time": 579.29,
                                    "Actual Rows": 308813,
                                    "Actual Loops": 7,
                                    "Inner Unique": false,
                                    "Join Filter": "(t.id = mk.movie_id)",
                                    "Rows Removed by Join Filter": 0,
                                    "Workers": [
                                        {
                                            "Worker Number": 0,
                                            "Actual Startup Time": 186.397,
                                            "Actual Total Time": 577.246,
                                            "Actual Rows": 263029,
                                            "Actual Loops": 1
                                        },
                                        {
                                            "Worker Number": 1,
                                            "Actual Startup Time": 185.357,
                                            "Actual Total Time": 576.949,
                                            "Actual Rows": 299937,
                                            "Actual Loops": 1
                                        },
                                        {
                                            "Worker Number": 2,
                                            "Actual Startup Time": 186.519,
                                            "Actual Total Time": 578.04,
                                            "Actual Rows": 273868,
                                            "Actual Loops": 1
                                        },
                                        {
                                            "Worker Number": 3,
                                            "Actual Startup Time": 187.002,
                                            "Actual Total Time": 579.193,
                                            "Actual Rows": 265710,
                                            "Actual Loops": 1
                                        },
                                        {
                                            "Worker Number": 4,
                                            "Actual Startup Time": 187.201,
                                            "Actual Total Time": 577.712,
                                            "Actual Rows": 285797,
                                            "Actual Loops": 1
                                        },
                                        {
                                            "Worker Number": 5,
                                            "Actual Startup Time": 188.568,
                                            "Actual Total Time": 579.029,
                                            "Actual Rows": 280136,
                                            "Actual Loops": 1
                                        }
                                    ],
                                    "Plans": [
                                        {
                                            "Node Type": "Hash Join",
                                            "Parent Relationship": "Outer",
                                            "Parallel Aware": true,
                                            "Join Type": "Inner",
                                            "Startup Cost": 69472.34,
                                            "Total Cost": 324795.64,
                                            "Plan Rows": 19933,
                                            "Plan Width": 8,
                                            "Actual Startup Time": 188.265,
                                            "Actual Total Time": 277.25,
                                            "Actual Rows": 25967,
                                            "Actual Loops": 7,
                                            "Output": [
                                                "t.id",
                                                "ci.movie_id"
                                            ],
                                            "Inner Unique": true,
                                            "Hash Cond": "(ci.movie_id = t.id)",
                                            "Workers": [
                                                {
                                                    "Worker Number": 0,
                                                    "Actual Startup Time": 186.17,
                                                    "Actual Total Time": 270.1,
                                                    "Actual Rows": 22264,
                                                    "Actual Loops": 1
                                                },
                                                {
                                                    "Worker Number": 1,
                                                    "Actual Startup Time": 185.234,
                                                    "Actual Total Time": 270.475,
                                                    "Actual Rows": 24121,
                                                    "Actual Loops": 1
                                                },
                                                {
                                                    "Worker Number": 2,
                                                    "Actual Startup Time": 186.099,
                                                    "Actual Total Time": 272.49,
                                                    "Actual Rows": 22799,
                                                    "Actual Loops": 1
                                                },
                                                {
                                                    "Worker Number": 3,
                                                    "Actual Startup Time": 186.781,
                                                    "Actual Total Time": 274.105,
                                                    "Actual Rows": 23297,
                                                    "Actual Loops": 1
                                                },
                                                {
                                                    "Worker Number": 4,
                                                    "Actual Startup Time": 186.99,
                                                    "Actual Total Time": 271.488,
                                                    "Actual Rows": 22758,
                                                    "Actual Loops": 1
                                                },
                                                {
                                                    "Worker Number": 5,
                                                    "Actual Startup Time": 187.991,
                                                    "Actual Total Time": 272.129,
                                                    "Actual Rows": 22632,
                                                    "Actual Loops": 1
                                                }
                                            ],
                                            "Plans": [
                                                {
                                                    "Node Type": "Bitmap Heap Scan",
                                                    "Parent Relationship": "Outer",
                                                    "Parallel Aware": true,
                                                    "Relation Name": "cast_info",
                                                    "Schema": "public",
                                                    "Alias": "ci",
                                                    "Startup Cost": 23089.57,
                                                    "Total Cost": 277955.33,
                                                    "Plan Rows": 174301,
                                                    "Plan Width": 4,
                                                    "Actual Startup Time": 77.164,
                                                    "Actual Total Time": 103.831,
                                                    "Actual Rows": 153025,
                                                    "Actual Loops": 7,
                                                    "Output": [
                                                        "ci.id",
                                                        "ci.person_id",
                                                        "ci.movie_id",
                                                        "ci.person_role_id",
                                                        "ci.note",
                                                        "ci.nr_order",
                                                        "ci.role_id"
                                                    ],
                                                    "Recheck Cond": "(ci.person_id < 109499)",
                                                    "Rows Removed by Index Recheck": 0,
                                                    "Exact Heap Blocks": 2583,
                                                    "Lossy Heap Blocks": 0,
                                                    "Workers": [
                                                        {
                                                            "Worker Number": 0,
                                                            "Actual Startup Time": 77.697,
                                                            "Actual Total Time": 104.263,
                                                            "Actual Rows": 126484,
                                                            "Actual Loops": 1
                                                        },
                                                        {
                                                            "Worker Number": 1,
                                                            "Actual Startup Time": 76.753,
                                                            "Actual Total Time": 102.56,
                                                            "Actual Rows": 139780,
                                                            "Actual Loops": 1
                                                        },
                                                        {
                                                            "Worker Number": 2,
                                                            "Actual Startup Time": 76.942,
                                                            "Actual Total Time": 104.182,
                                                            "Actual Rows": 135435,
                                                            "Actual Loops": 1
                                                        },
                                                        {
                                                            "Worker Number": 3,
                                                            "Actual Startup Time": 76.985,
                                                            "Actual Total Time": 104.333,
                                                            "Actual Rows": 136921,
                                                            "Actual Loops": 1
                                                        },
                                                        {
                                                            "Worker Number": 4,
                                                            "Actual Startup Time": 77.095,
                                                            "Actual Total Time": 103.097,
                                                            "Actual Rows": 137519,
                                                            "Actual Loops": 1
                                                        },
                                                        {
                                                            "Worker Number": 5,
                                                            "Actual Startup Time": 77.385,
                                                            "Actual Total Time": 104.182,
                                                            "Actual Rows": 133441,
                                                            "Actual Loops": 1
                                                        }
                                                    ],
                                                    "Plans": [
                                                        {
                                                            "Node Type": "Bitmap Index Scan",
                                                            "Parent Relationship": "Outer",
                                                            "Parallel Aware": false,
                                                            "Index Name": "person_id_cast_info",
                                                            "Startup Cost": 0.0,
                                                            "Total Cost": 22828.12,
                                                            "Plan Rows": 1045807,
                                                            "Plan Width": 0,
                                                            "Actual Startup Time": 74.193,
                                                            "Actual Total Time": 74.194,
                                                            "Actual Rows": 1071172,
                                                            "Actual Loops": 1,
                                                            "Index Cond": "(ci.person_id < 109499)",
                                                            "Workers": [
                                                                {
                                                                    "Worker Number": 1,
                                                                    "Actual Startup Time": 74.193,
                                                                    "Actual Total Time": 74.194,
                                                                    "Actual Rows": 1071172,
                                                                    "Actual Loops": 1
                                                                }
                                                            ]
                                                        }
                                                    ]
                                                },
                                                {
                                                    "Node Type": "Hash",
                                                    "Parent Relationship": "Inner",
                                                    "Parallel Aware": true,
                                                    "Startup Cost": 45479.21,
                                                    "Total Cost": 45479.21,
                                                    "Plan Rows": 72285,
                                                    "Plan Width": 4,
                                                    "Actual Startup Time": 109.368,
                                                    "Actual Total Time": 109.369,
                                                    "Actual Rows": 57356,
                                                    "Actual Loops": 7,
                                                    "Output": [
                                                        "t.id"
                                                    ],
                                                    "Hash Buckets": 524288,
                                                    "Original Hash Buckets": 524288,
                                                    "Hash Batches": 1,
                                                    "Original Hash Batches": 1,
                                                    "Peak Memory Usage": 19936,
                                                    "Workers": [
                                                        {
                                                            "Worker Number": 0,
                                                            "Actual Startup Time": 107.822,
                                                            "Actual Total Time": 107.823,
                                                            "Actual Rows": 51408,
                                                            "Actual Loops": 1
                                                        },
                                                        {
                                                            "Worker Number": 1,
                                                            "Actual Startup Time": 107.972,
                                                            "Actual Total Time": 107.973,
                                                            "Actual Rows": 50050,
                                                            "Actual Loops": 1
                                                        },
                                                        {
                                                            "Worker Number": 2,
                                                            "Actual Startup Time": 108.535,
                                                            "Actual Total Time": 108.536,
                                                            "Actual Rows": 49309,
                                                            "Actual Loops": 1
                                                        },
                                                        {
                                                            "Worker Number": 3,
                                                            "Actual Startup Time": 109.067,
                                                            "Actual Total Time": 109.068,
                                                            "Actual Rows": 49576,
                                                            "Actual Loops": 1
                                                        },
                                                        {
                                                            "Worker Number": 4,
                                                            "Actual Startup Time": 109.05,
                                                            "Actual Total Time": 109.051,
                                                            "Actual Rows": 51631,
                                                            "Actual Loops": 1
                                                        },
                                                        {
                                                            "Worker Number": 5,
                                                            "Actual Startup Time": 109.864,
                                                            "Actual Total Time": 109.865,
                                                            "Actual Rows": 50200,
                                                            "Actual Loops": 1
                                                        }
                                                    ],
                                                    "Plans": [
                                                        {
                                                            "Node Type": "Seq Scan",
                                                            "Parent Relationship": "Outer",
                                                            "Parallel Aware": true,
                                                            "Relation Name": "title",
                                                            "Schema": "public",
                                                            "Alias": "t",
                                                            "Startup Cost": 0.0,
                                                            "Total Cost": 45479.21,
                                                            "Plan Rows": 72285,
                                                            "Plan Width": 4,
                                                            "Actual Startup Time": 0.092,
                                                            "Actual Total Time": 81.646,
                                                            "Actual Rows": 57356,
                                                            "Actual Loops": 7,
                                                            "Output": [
                                                                "t.id"
                                                            ],
                                                            "Filter": "((t.kind_id < 7) AND (t.production_year < 1992))",
                                                            "Rows Removed by Filter": 303831,
                                                            "Workers": [
                                                                {
                                                                    "Worker Number": 0,
                                                                    "Actual Startup Time": 0.055,
                                                                    "Actual Total Time": 81.071,
                                                                    "Actual Rows": 51408,
                                                                    "Actual Loops": 1
                                                                },
                                                                {
                                                                    "Worker Number": 1,
                                                                    "Actual Startup Time": 0.122,
                                                                    "Actual Total Time": 81.175,
                                                                    "Actual Rows": 50050,
                                                                    "Actual Loops": 1
                                                                },
                                                                {
                                                                    "Worker Number": 2,
                                                                    "Actual Startup Time": 0.118,
                                                                    "Actual Total Time": 81.282,
                                                                    "Actual Rows": 49309,
                                                                    "Actual Loops": 1
                                                                },
                                                                {
                                                                    "Worker Number": 3,
                                                                    "Actual Startup Time": 0.059,
                                                                    "Actual Total Time": 81.57,
                                                                    "Actual Rows": 49576,
                                                                    "Actual Loops": 1
                                                                },
                                                                {
                                                                    "Worker Number": 4,
                                                                    "Actual Startup Time": 0.168,
                                                                    "Actual Total Time": 82.332,
                                                                    "Actual Rows": 51631,
                                                                    "Actual Loops": 1
                                                                },
                                                                {
                                                                    "Worker Number": 5,
                                                                    "Actual Startup Time": 0.092,
                                                                    "Actual Total Time": 82.693,
                                                                    "Actual Rows": 50200,
                                                                    "Actual Loops": 1
                                                                }
                                                            ]
                                                        }
                                                    ]
                                                }
                                            ]
                                        },
                                        {
                                            "Node Type": "Index Only Scan",
                                            "Parent Relationship": "Inner",
                                            "Parallel Aware": false,
                                            "Scan Direction": "Forward",
                                            "Index Name": "movie_id_movie_keyword",
                                            "Relation Name": "movie_keyword",
                                            "Schema": "public",
                                            "Alias": "mk",
                                            "Startup Cost": 0.43,
                                            "Total Cost": 1.41,
                                            "Plan Rows": 46,
                                            "Plan Width": 4,
                                            "Actual Startup Time": 0.007,
                                            "Actual Total Time": 0.01,
                                            "Actual Rows": 12,
                                            "Actual Loops": 181770,
                                            "Output": [
                                                "mk.movie_id"
                                            ],
                                            "Index Cond": "(mk.movie_id = ci.movie_id)",
                                            "Rows Removed by Index Recheck": 0,
                                            "Heap Fetches": 2161693,
                                            "Workers": [
                                                {
                                                    "Worker Number": 0,
                                                    "Actual Startup Time": 0.009,
                                                    "Actual Total Time": 0.012,
                                                    "Actual Rows": 12,
                                                    "Actual Loops": 22264
                                                },
                                                {
                                                    "Worker Number": 1,
                                                    "Actual Startup Time": 0.008,
                                                    "Actual Total Time": 0.011,
                                                    "Actual Rows": 12,
                                                    "Actual Loops": 24121
                                                },
                                                {
                                                    "Worker Number": 2,
                                                    "Actual Startup Time": 0.009,
                                                    "Actual Total Time": 0.011,
                                                    "Actual Rows": 12,
                                                    "Actual Loops": 22799
                                                },
                                                {
                                                    "Worker Number": 3,
                                                    "Actual Startup Time": 0.009,
                                                    "Actual Total Time": 0.011,
                                                    "Actual Rows": 11,
                                                    "Actual Loops": 23297
                                                },
                                                {
                                                    "Worker Number": 4,
                                                    "Actual Startup Time": 0.009,
                                                    "Actual Total Time": 0.011,
                                                    "Actual Rows": 13,
                                                    "Actual Loops": 22758
                                                },
                                                {
                                                    "Worker Number": 5,
                                                    "Actual Startup Time": 0.009,
                                                    "Actual Total Time": 0.011,
                                                    "Actual Rows": 12,
                                                    "Actual Loops": 22632
                                                }
                                            ]
                                        }
                                    ]
                                }
                            ]
                        }
                    ]
                }
            ]
        },
        "Planning Time": 231.752,
        "Triggers": [],
        "Execution Time": 648.979
    }
]