[
  {
    "Plan": {
      "Node Type": "Aggregate",
      "Strategy": "Plain",
      "Partial Mode": "Finalize",
      "Parallel Aware": false,
      "Startup Cost": 31297.99,
      "Total Cost": 31298.0,
      "Plan Rows": 1,
      "Plan Width": 8,
      "Actual Startup Time": 94.099,
      "Actual Total Time": 102.675,
      "Actual Rows": 1,
      "Actual Loops": 1,
      "Plans": [
        {
          "Node Type": "Gather",
          "Parent Relationship": "Outer",
          "Parallel Aware": false,
          "Startup Cost": 31297.67,
          "Total Cost": 31297.98,
          "Plan Rows": 3,
          "Plan Width": 8,
          "Actual Startup Time": 93.953,
          "Actual Total Time": 102.665,
          "Actual Rows": 4,
          "Actual Loops": 1,
          "Workers Planned": 3,
          "Workers Launched": 3,
          "Single Copy": false,
          "Plans": [
            {
              "Node Type": "Aggregate",
              "Strategy": "Plain",
              "Partial Mode": "Partial",
              "Parent Relationship": "Outer",
              "Parallel Aware": false,
              "Startup Cost": 30297.67,
              "Total Cost": 30297.68,
              "Plan Rows": 1,
              "Plan Width": 8,
              "Actual Startup Time": 90.295,
              "Actual Total Time": 90.296,
              "Actual Rows": 1,
              "Actual Loops": 4,
              "Plans": [
                {
                  "Node Type": "Seq Scan",
                  "Parent Relationship": "Outer",
                  "Parallel Aware": true,
                  "Relation Name": "movie_companies",
                  "Alias": "mc",
                  "Startup Cost": 0.0,
                  "Total Cost": 29310.68,
                  "Plan Rows": 394796,
                  "Plan Width": 0,
                  "Actual Startup Time": 13.853,
                  "Actual Total Time": 76.009,
                  "Actual Rows": 303564,
                  "Actual Loops": 4,
                  "Filter": "(company_id > 12124)",
                  "Rows Removed by Filter": 348718
                }
              ]
            }
          ]
        }
      ]
    },
    "Planning Time": 0.127,
    "Triggers": [],
    "Execution Time": 102.713
  }
]