[
  {
    "Plan": {
      "Node Type": "Aggregate",
      "Strategy": "Plain",
      "Partial Mode": "Finalize",
      "Parallel Aware": false,
      "Startup Cost": 47203.01,
      "Total Cost": 47203.02,
      "Plan Rows": 1,
      "Plan Width": 8,
      "Actual Startup Time": 122.216,
      "Actual Total Time": 134.588,
      "Actual Rows": 1,
      "Actual Loops": 1,
      "Plans": [
        {
          "Node Type": "Gather",
          "Parent Relationship": "Outer",
          "Parallel Aware": false,
          "Startup Cost": 47202.59,
          "Total Cost": 47203.0,
          "Plan Rows": 4,
          "Plan Width": 8,
          "Actual Startup Time": 121.942,
          "Actual Total Time": 134.578,
          "Actual Rows": 5,
          "Actual Loops": 1,
          "Workers Planned": 4,
          "Workers Launched": 4,
          "Single Copy": false,
          "Plans": [
            {
              "Node Type": "Aggregate",
              "Strategy": "Plain",
              "Partial Mode": "Partial",
              "Parent Relationship": "Outer",
              "Parallel Aware": false,
              "Startup Cost": 46202.59,
              "Total Cost": 46202.6,
              "Plan Rows": 1,
              "Plan Width": 8,
              "Actual Startup Time": 113.275,
              "Actual Total Time": 113.276,
              "Actual Rows": 1,
              "Actual Loops": 5,
              "Plans": [
                {
                  "Node Type": "Seq Scan",
                  "Parent Relationship": "Outer",
                  "Parallel Aware": true,
                  "Relation Name": "title",
                  "Alias": "t",
                  "Startup Cost": 0.0,
                  "Total Cost": 45479.1,
                  "Plan Rows": 289395,
                  "Plan Width": 0,
                  "Actual Startup Time": 0.038,
                  "Actual Total Time": 98.262,
                  "Actual Rows": 253577,
                  "Actual Loops": 5,
                  "Filter": "((kind_id > 2) AND (production_year > 1994))",
                  "Rows Removed by Filter": 252086
                }
              ]
            }
          ]
        }
      ]
    },
    "Planning Time": 0.16,
    "Triggers": [],
    "Execution Time": 134.643
  }
]