[
  {
    "Plan": {
      "Node Type": "Aggregate",
      "Strategy": "Plain",
      "Partial Mode": "Finalize",
      "Parallel Aware": false,
      "Startup Cost": 223129.35,
      "Total Cost": 223129.36,
      "Plan Rows": 1,
      "Plan Width": 8,
      "Actual Startup Time": 160.348,
      "Actual Total Time": 195.993,
      "Actual Rows": 1,
      "Actual Loops": 1,
      "Plans": [
        {
          "Node Type": "Gather",
          "Parent Relationship": "Outer",
          "Parallel Aware": false,
          "Startup Cost": 223128.93,
          "Total Cost": 223129.34,
          "Plan Rows": 4,
          "Plan Width": 8,
          "Actual Startup Time": 160.17,
          "Actual Total Time": 195.982,
          "Actual Rows": 5,
          "Actual Loops": 1,
          "Workers Planned": 4,
          "Workers Launched": 4,
          "Single Copy": false,
          "Plans": [
            {
              "Node Type": "Aggregate",
              "Strategy": "Plain",
              "Partial Mode": "Partial",
              "Parent Relationship": "Outer",
              "Parallel Aware": false,
              "Startup Cost": 222128.93,
              "Total Cost": 222128.94,
              "Plan Rows": 1,
              "Plan Width": 8,
              "Actual Startup Time": 151.034,
              "Actual Total Time": 151.036,
              "Actual Rows": 1,
              "Actual Loops": 5,
              "Plans": [
                {
                  "Node Type": "Nested Loop",
                  "Parent Relationship": "Outer",
                  "Parallel Aware": false,
                  "Join Type": "Inner",
                  "Startup Cost": 0.43,
                  "Total Cost": 222094.23,
                  "Plan Rows": 13883,
                  "Plan Width": 0,
                  "Actual Startup Time": 0.38,
                  "Actual Total Time": 149.762,
                  "Actual Rows": 12426,
                  "Actual Loops": 5,
                  "Inner Unique": false,
                  "Plans": [
                    {
                      "Node Type": "Seq Scan",
                      "Parent Relationship": "Outer",
                      "Parallel Aware": true,
                      "Relation Name": "title",
                      "Alias": "t",
                      "Startup Cost": 0.0,
                      "Total Cost": 43899.32,
                      "Plan Rows": 3561,
                      "Plan Width": 4,
                      "Actual Startup Time": 0.166,
                      "Actual Total Time": 80.56,
                      "Actual Rows": 2888,
                      "Actual Loops": 5,
                      "Filter": "(production_year = 1971)",
                      "Rows Removed by Filter": 502774
                    },
                    {
                      "Node Type": "Index Scan",
                      "Parent Relationship": "Inner",
                      "Parallel Aware": false,
                      "Scan Direction": "Forward",
                      "Index Name": "movie_id_movie_info",
                      "Relation Name": "movie_info",
                      "Alias": "mi",
                      "Startup Cost": 0.43,
                      "Total Cost": 49.77,
                      "Plan Rows": 27,
                      "Plan Width": 4,
                      "Actual Startup Time": 0.013,
                      "Actual Total Time": 0.023,
                      "Actual Rows": 4,
                      "Actual Loops": 14442,
                      "Index Cond": "(movie_id = t.id)",
                      "Rows Removed by Index Recheck": 0,
                      "Filter": "(info_type_id > 4)",
                      "Rows Removed by Filter": 2
                    }
                  ]
                }
              ]
            }
          ]
        }
      ]
    },
    "Planning Time": 0.68,
    "Triggers": [],
    "Execution Time": 196.078
  }
]