{
  "Plan": {
    "Node Type": "Aggregate",
    "Strategy": "Plain",
    "Partial Mode": "Finalize",
    "Parallel Aware": false,
    "Startup Cost": 122887.53,
    "Total Cost": 122887.54,
    "Plan Rows": 1,
    "Plan Width": 8,
    "Actual Startup Time": 459.013,
    "Actual Total Time": 475.998,
    "Actual Rows": 1,
    "Actual Loops": 1,
    "Plans": [
      {
        "Node Type": "Gather",
        "Parent Relationship": "Outer",
        "Parallel Aware": false,
        "Startup Cost": 122887.42,
        "Total Cost": 122887.53,
        "Plan Rows": 1,
        "Plan Width": 8,
        "Actual Startup Time": 458.836,
        "Actual Total Time": 475.99,
        "Actual Rows": 2,
        "Actual Loops": 1,
        "Workers Planned": 1,
        "Workers Launched": 1,
        "Single Copy": false,
        "Plans": [
          {
            "Node Type": "Aggregate",
            "Strategy": "Plain",
            "Partial Mode": "Partial",
            "Parent Relationship": "Outer",
            "Parallel Aware": false,
            "Startup Cost": 121887.42,
            "Total Cost": 121887.43,
            "Plan Rows": 1,
            "Plan Width": 8,
            "Actual Startup Time": 454.491,
            "Actual Total Time": 454.495,
            "Actual Rows": 1,
            "Actual Loops": 2,
            "Plans": [
              {
                "Node Type": "Hash Join",
                "Parent Relationship": "Outer",
                "Parallel Aware": true,
                "Join Type": "Inner",
                "Startup Cost": 58418.24,
                "Total Cost": 121854.67,
                "Plan Rows": 13098,
                "Plan Width": 0,
                "Actual Startup Time": 139.787,
                "Actual Total Time": 453.108,
                "Actual Rows": 30298,
                "Actual Loops": 2,
                "Inner Unique": true,
                "Hash Cond": "(mk.movie_id = t.id)",
                "Plans": [
                  {
                    "Node Type": "Seq Scan",
                    "Parent Relationship": "Outer",
                    "Parallel Aware": true,
                    "Relation Name": "movie_keyword",
                    "Alias": "mk",
                    "Startup Cost": 0.0,
                    "Total Cost": 57718.19,
                    "Plan Rows": 2178372,
                    "Plan Width": 4,
                    "Actual Startup Time": 0.015,
                    "Actual Total Time": 198.874,
                    "Actual Rows": 1857116,
                    "Actual Loops": 2,
                    "Filter": "(keyword_id < 22833)",
                    "Rows Removed by Filter": 404849
                  },
                  {
                    "Node Type": "Hash",
                    "Parent Relationship": "Inner",
                    "Parallel Aware": true,
                    "Startup Cost": 58306.47,
                    "Total Cost": 58306.47,
                    "Plan Rows": 8942,
                    "Plan Width": 4,
                    "Actual Startup Time": 138.458,
                    "Actual Total Time": 138.46,
                    "Actual Rows": 6484,
                    "Actual Loops": 2,
                    "Hash Buckets": 16384,
                    "Original Hash Buckets": 16384,
                    "Hash Batches": 1,
                    "Original Hash Batches": 1,
                    "Peak Memory Usage": 672,
                    "Plans": [
                      {
                        "Node Type": "Seq Scan",
                        "Parent Relationship": "Outer",
                        "Parallel Aware": true,
                        "Relation Name": "title",
                        "Alias": "t",
                        "Startup Cost": 0.0,
                        "Total Cost": 58306.47,
                        "Plan Rows": 8942,
                        "Plan Width": 4,
                        "Actual Startup Time": 0.088,
                        "Actual Total Time": 136.433,
                        "Actual Rows": 6484,
                        "Actual Loops": 2,
                        "Filter": "((kind_id < 7) AND (production_year = 1997))",
                        "Rows Removed by Filter": 1257672
                      }
                    ]
                  }
                ]
              }
            ]
          }
        ]
      }
    ]
  },
  "Planning Time": 0.461,
  "Triggers": [],
  "Execution Time": 476.076
}