{
  "Plan": {
    "Node Type": "Aggregate",
    "Strategy": "Plain",
    "Partial Mode": "Finalize",
    "Parallel Aware": false,
    "Startup Cost": 607685.12,
    "Total Cost": 607685.13,
    "Plan Rows": 1,
    "Plan Width": 8,
    "Actual Startup Time": 3599.867,
    "Actual Total Time": 3656.886,
    "Actual Rows": 1,
    "Actual Loops": 1,
    "Plans": [
      {
        "Node Type": "Gather",
        "Parent Relationship": "Outer",
        "Parallel Aware": false,
        "Startup Cost": 607685.0,
        "Total Cost": 607685.11,
        "Plan Rows": 1,
        "Plan Width": 8,
        "Actual Startup Time": 3597.211,
        "Actual Total Time": 3656.877,
        "Actual Rows": 2,
        "Actual Loops": 1,
        "Workers Planned": 1,
        "Workers Launched": 1,
        "Single Copy": false,
        "Plans": [
          {
            "Node Type": "Aggregate",
            "Strategy": "Plain",
            "Partial Mode": "Partial",
            "Parent Relationship": "Outer",
            "Parallel Aware": false,
            "Startup Cost": 606685.0,
            "Total Cost": 606685.01,
            "Plan Rows": 1,
            "Plan Width": 8,
            "Actual Startup Time": 3591.511,
            "Actual Total Time": 3591.515,
            "Actual Rows": 1,
            "Actual Loops": 2,
            "Plans": [
              {
                "Node Type": "Hash Join",
                "Parent Relationship": "Outer",
                "Parallel Aware": true,
                "Join Type": "Inner",
                "Startup Cost": 61878.3,
                "Total Cost": 599686.74,
                "Plan Rows": 2799304,
                "Plan Width": 0,
                "Actual Startup Time": 951.591,
                "Actual Total Time": 3493.84,
                "Actual Rows": 2422260,
                "Actual Loops": 2,
                "Inner Unique": true,
                "Hash Cond": "(ci.movie_id = t.id)",
                "Plans": [
                  {
                    "Node Type": "Seq Scan",
                    "Parent Relationship": "Outer",
                    "Parallel Aware": true,
                    "Relation Name": "cast_info",
                    "Alias": "ci",
                    "Startup Cost": 0.0,
                    "Total Cost": 519069.44,
                    "Plan Rows": 7138654,
                    "Plan Width": 4,
                    "Actual Startup Time": 637.838,
                    "Actual Total Time": 1456.521,
                    "Actual Rows": 6049152,
                    "Actual Loops": 2,
                    "Filter": "(person_id > 2476729)",
                    "Rows Removed by Filter": 12073020
                  },
                  {
                    "Node Type": "Hash",
                    "Parent Relationship": "Inner",
                    "Parallel Aware": true,
                    "Startup Cost": 54588.39,
                    "Total Cost": 54588.39,
                    "Plan Rows": 583193,
                    "Plan Width": 4,
                    "Actual Startup Time": 304.531,
                    "Actual Total Time": 304.533,
                    "Actual Rows": 492524,
                    "Actual Loops": 2,
                    "Hash Buckets": 1048576,
                    "Original Hash Buckets": 1048576,
                    "Hash Batches": 1,
                    "Original Hash Batches": 1,
                    "Peak Memory Usage": 46752,
                    "Plans": [
                      {
                        "Node Type": "Seq Scan",
                        "Parent Relationship": "Outer",
                        "Parallel Aware": true,
                        "Relation Name": "title",
                        "Alias": "t",
                        "Startup Cost": 0.0,
                        "Total Cost": 54588.39,
                        "Plan Rows": 583193,
                        "Plan Width": 4,
                        "Actual Startup Time": 0.037,
                        "Actual Total Time": 163.468,
                        "Actual Rows": 492524,
                        "Actual Loops": 2,
                        "Filter": "(kind_id < 7)",
                        "Rows Removed by Filter": 771632
                      }
                    ]
                  }
                ]
              }
            ]
          }
        ]
      }
    ]
  },
  "Planning Time": 0.707,
  "Triggers": [],
  "Execution Time": 3656.967
}