{
  "Plan": {
    "Node Type": "Aggregate",
    "Strategy": "Plain",
    "Partial Mode": "Finalize",
    "Parallel Aware": false,
    "Startup Cost": 631508.02,
    "Total Cost": 631508.03,
    "Plan Rows": 1,
    "Plan Width": 8,
    "Actual Startup Time": 5677.186,
    "Actual Total Time": 5682.89,
    "Actual Rows": 1,
    "Actual Loops": 1,
    "Plans": [
      {
        "Node Type": "Gather",
        "Parent Relationship": "Outer",
        "Parallel Aware": false,
        "Startup Cost": 631507.91,
        "Total Cost": 631508.02,
        "Plan Rows": 1,
        "Plan Width": 8,
        "Actual Startup Time": 5677.176,
        "Actual Total Time": 5682.884,
        "Actual Rows": 2,
        "Actual Loops": 1,
        "Workers Planned": 1,
        "Workers Launched": 1,
        "Single Copy": false,
        "Plans": [
          {
            "Node Type": "Aggregate",
            "Strategy": "Plain",
            "Partial Mode": "Partial",
            "Parent Relationship": "Outer",
            "Parallel Aware": false,
            "Startup Cost": 630507.91,
            "Total Cost": 630507.92,
            "Plan Rows": 1,
            "Plan Width": 8,
            "Actual Startup Time": 5089.636,
            "Actual Total Time": 5089.643,
            "Actual Rows": 1,
            "Actual Loops": 2,
            "Plans": [
              {
                "Node Type": "Merge Join",
                "Parent Relationship": "Outer",
                "Parallel Aware": false,
                "Join Type": "Inner",
                "Startup Cost": 613289.38,
                "Total Cost": 629299.28,
                "Plan Rows": 483453,
                "Plan Width": 0,
                "Actual Startup Time": 2692.785,
                "Actual Total Time": 4545.984,
                "Actual Rows": 13908310,
                "Actual Loops": 2,
                "Inner Unique": false,
                "Merge Cond": "(t.id = mc.movie_id)",
                "Plans": [
                  {
                    "Node Type": "Sort",
                    "Parent Relationship": "Outer",
                    "Parallel Aware": false,
                    "Startup Cost": 437997.01,
                    "Total Cost": 440376.18,
                    "Plan Rows": 951669,
                    "Plan Width": 8,
                    "Actual Startup Time": 2220.253,
                    "Actual Total Time": 2304.987,
                    "Actual Rows": 1570219,
                    "Actual Loops": 2,
                    "Sort Key": [
                      "mi.movie_id"
                    ],
                    "Sort Method": "quicksort",
                    "Sort Space Used": 140223,
                    "Sort Space Type": "Memory",
                    "Workers": [
                      {
                        "Worker Number": 0,
                        "Sort Method": "quicksort",
                        "Sort Space Used": 105296,
                        "Sort Space Type": "Memory"
                      }
                    ],
                    "Plans": [
                      {
                        "Node Type": "Hash Join",
                        "Parent Relationship": "Outer",
                        "Parallel Aware": true,
                        "Join Type": "Inner",
                        "Startup Cost": 63089.22,
                        "Total Cost": 343495.8,
                        "Plan Rows": 951669,
                        "Plan Width": 8,
                        "Actual Startup Time": 317.64,
                        "Actual Total Time": 1854.068,
                        "Actual Rows": 1570285,
                        "Actual Loops": 2,
                        "Inner Unique": true,
                        "Hash Cond": "(mi.movie_id = t.id)",
                        "Plans": [
                          {
                            "Node Type": "Seq Scan",
                            "Parent Relationship": "Outer",
                            "Parallel Aware": true,
                            "Relation Name": "movie_info",
                            "Alias": "mi",
                            "Startup Cost": 0.0,
                            "Total Cost": 270696.42,
                            "Plan Rows": 3699105,
                            "Plan Width": 4,
                            "Actual Startup Time": 40.962,
                            "Actual Total Time": 816.674,
                            "Actual Rows": 3111747,
                            "Actual Loops": 2,
                            "Filter": "(info_type_id > 8)",
                            "Rows Removed by Filter": 4306113
                          },
                          {
                            "Node Type": "Hash",
                            "Parent Relationship": "Inner",
                            "Parallel Aware": true,
                            "Startup Cost": 58306.47,
                            "Total Cost": 58306.47,
                            "Plan Rows": 382620,
                            "Plan Width": 4,
                            "Actual Startup Time": 268.401,
                            "Actual Total Time": 268.402,
                            "Actual Rows": 343027,
                            "Actual Loops": 2,
                            "Hash Buckets": 1048576,
                            "Original Hash Buckets": 1048576,
                            "Hash Batches": 1,
                            "Original Hash Batches": 1,
                            "Peak Memory Usage": 35040,
                            "Plans": [
                              {
                                "Node Type": "Seq Scan",
                                "Parent Relationship": "Outer",
                                "Parallel Aware": true,
                                "Relation Name": "title",
                                "Alias": "t",
                                "Startup Cost": 0.0,
                                "Total Cost": 58306.47,
                                "Plan Rows": 382620,
                                "Plan Width": 4,
                                "Actual Startup Time": 0.037,
                                "Actual Total Time": 169.736,
                                "Actual Rows": 343027,
                                "Actual Loops": 2,
                                "Filter": "((kind_id < 4) AND (production_year < 2010))",
                                "Rows Removed by Filter": 921129
                              }
                            ]
                          }
                        ]
                      }
                    ]
                  },
                  {
                    "Node Type": "Sort",
                    "Parent Relationship": "Inner",
                    "Parallel Aware": false,
                    "Startup Cost": 175292.27,
                    "Total Cost": 178503.24,
                    "Plan Rows": 1284387,
                    "Plan Width": 4,
                    "Actual Startup Time": 472.517,
                    "Actual Total Time": 952.989,
                    "Actual Rows": 14595297,
                    "Actual Loops": 2,
                    "Sort Key": [
                      "mc.movie_id"
                    ],
                    "Sort Method": "quicksort",
                    "Sort Space Used": 108883,
                    "Sort Space Type": "Memory",
                    "Workers": [
                      {
                        "Worker Number": 0,
                        "Sort Method": "quicksort",
                        "Sort Space Used": 108883,
                        "Sort Space Type": "Memory"
                      }
                    ],
                    "Plans": [
                      {
                        "Node Type": "Index Scan",
                        "Parent Relationship": "Outer",
                        "Parallel Aware": false,
                        "Scan Direction": "Forward",
                        "Index Name": "company_type_id_movie_companies",
                        "Relation Name": "movie_companies",
                        "Alias": "mc",
                        "Startup Cost": 0.43,
                        "Total Cost": 44974.2,
                        "Plan Rows": 1284387,
                        "Plan Width": 4,
                        "Actual Startup Time": 0.06,
                        "Actual Total Time": 211.342,
                        "Actual Rows": 1274246,
                        "Actual Loops": 2,
                        "Index Cond": "(company_type_id < 2)",
                        "Rows Removed by Index Recheck": 0
                      }
                    ]
                  }
                ]
              }
            ]
          }
        ]
      }
    ]
  },
  "Planning Time": 1.089,
  "Triggers": [],
  "Execution Time": 5692.685
}