[
  {
    "Plan": {
      "Node Type": "Aggregate",
      "Strategy": "Plain",
      "Partial Mode": "Finalize",
      "Parallel Aware": false,
      "Startup Cost": 355625.67,
      "Total Cost": 355625.68,
      "Plan Rows": 1,
      "Plan Width": 8,
      "Actual Startup Time": 888.274,
      "Actual Total Time": 953.141,
      "Actual Rows": 1,
      "Actual Loops": 1,
      "Plans": [
        {
          "Node Type": "Gather",
          "Parent Relationship": "Outer",
          "Parallel Aware": false,
          "Startup Cost": 355625.04,
          "Total Cost": 355625.65,
          "Plan Rows": 6,
          "Plan Width": 8,
          "Actual Startup Time": 888.18,
          "Actual Total Time": 953.13,
          "Actual Rows": 7,
          "Actual Loops": 1,
          "Workers Planned": 6,
          "Workers Launched": 6,
          "Single Copy": false,
          "Plans": [
            {
              "Node Type": "Aggregate",
              "Strategy": "Plain",
              "Partial Mode": "Partial",
              "Parent Relationship": "Outer",
              "Parallel Aware": false,
              "Startup Cost": 354625.04,
              "Total Cost": 354625.05,
              "Plan Rows": 1,
              "Plan Width": 8,
              "Actual Startup Time": 877.793,
              "Actual Total Time": 877.795,
              "Actual Rows": 1,
              "Actual Loops": 7,
              "Plans": [
                {
                  "Node Type": "Seq Scan",
                  "Parent Relationship": "Outer",
                  "Parallel Aware": true,
                  "Relation Name": "cast_info",
                  "Alias": "ci",
                  "Startup Cost": 0.0,
                  "Total Cost": 343257.03,
                  "Plan Rows": 4547205,
                  "Plan Width": 0,
                  "Actual Startup Time": 76.781,
                  "Actual Total Time": 718.865,
                  "Actual Rows": 3822241,
                  "Actual Loops": 7,
                  "Filter": "((person_id > 489627) AND (role_id < 10))",
                  "Rows Removed by Filter": 1355522
                }
              ]
            }
          ]
        }
      ]
    },
    "Planning Time": 0.203,
    "Triggers": [],
    "Execution Time": 953.211
  }
]