{
    "Plan": {
        "Node Type": "Aggregate",
        "Strategy": "Plain",
        "Partial Mode": "Simple",
        "Parallel Aware": false,
        "Startup Cost": 60070317751.31,
        "Total Cost": 60070317751.32,
        "Plan Rows": 1,
        "Plan Width": 128,
        "Actual Startup Time": 461563.827,
        "Actual Total Time": 461563.863,
        "Actual Rows": 1,
        "Actual Loops": 1,
        "Output": [
            "min(chn.name)",
            "min(mi_idx.info)",
            "min(n.name)",
            "min(t.title)"
        ],
        "Plans": [
            {
                "Node Type": "Nested Loop",
                "Parent Relationship": "Outer",
                "Parallel Aware": false,
                "Join Type": "Inner",
                "Startup Cost": 60070317746.22,
                "Total Cost": 60070317751.3,
                "Plan Rows": 1,
                "Plan Width": 53,
                "Actual Startup Time": 461070.048,
                "Actual Total Time": 461562.659,
                "Actual Rows": 3262,
                "Actual Loops": 1,
                "Output": [
                    "chn.name",
                    "mi_idx.info",
                    "n.name",
                    "t.title"
                ],
                "Inner Unique": true,
                "Plans": [
                    {
                        "Node Type": "Hash Join",
                        "Parent Relationship": "Outer",
                        "Parallel Aware": false,
                        "Join Type": "Inner",
                        "Startup Cost": 50070317745.78,
                        "Total Cost": 50070317746.85,
                        "Plan Rows": 1,
                        "Plan Width": 41,
                        "Actual Startup Time": 461051.723,
                        "Actual Total Time": 461078.483,
                        "Actual Rows": 112891,
                        "Actual Loops": 1,
                        "Output": [
                            "ci.person_role_id",
                            "mi_idx.info",
                            "n.name",
                            "t.title"
                        ],
                        "Inner Unique": false,
                        "Hash Cond": "(cct2.id = cc.status_id)",
                        "Plans": [
                            {
                                "Node Type": "Seq Scan",
                                "Parent Relationship": "Outer",
                                "Parallel Aware": false,
                                "Relation Name": "comp_cast_type",
                                "Schema": "public",
                                "Alias": "cct2",
                                "Startup Cost": 0.0,
                                "Total Cost": 1.05,
                                "Plan Rows": 1,
                                "Plan Width": 4,
                                "Actual Startup Time": 0.014,
                                "Actual Total Time": 0.026,
                                "Actual Rows": 2,
                                "Actual Loops": 1,
                                "Output": [
                                    "cct2.id",
                                    "cct2.kind"
                                ],
                                "Filter": "((cct2.kind)::text ~~ '%complete%'::text)",
                                "Rows Removed by Filter": 2
                            },
                            {
                                "Node Type": "Hash",
                                "Parent Relationship": "Inner",
                                "Parallel Aware": false,
                                "Startup Cost": 50070317745.77,
                                "Total Cost": 50070317745.77,
                                "Plan Rows": 1,
                                "Plan Width": 45,
                                "Actual Startup Time": 461051.698,
                                "Actual Total Time": 461051.733,
                                "Actual Rows": 112891,
                                "Actual Loops": 1,
                                "Output": [
                                    "cc.status_id",
                                    "ci.person_role_id",
                                    "mi_idx.info",
                                    "n.name",
                                    "t.title"
                                ],
                                "Hash Buckets": 131072,
                                "Original Hash Buckets": 1024,
                                "Hash Batches": 1,
                                "Original Hash Batches": 1,
                                "Peak Memory Usage": 9127,
                                "Plans": [
                                    {
                                        "Node Type": "Nested Loop",
                                        "Parent Relationship": "Outer",
                                        "Parallel Aware": false,
                                        "Join Type": "Inner",
                                        "Startup Cost": 50070313230.66,
                                        "Total Cost": 50070317745.77,
                                        "Plan Rows": 1,
                                        "Plan Width": 45,
                                        "Actual Startup Time": 373648.723,
                                        "Actual Total Time": 460987.85,
                                        "Actual Rows": 112891,
                                        "Actual Loops": 1,
                                        "Output": [
                                            "cc.status_id",
                                            "ci.person_role_id",
                                            "mi_idx.info",
                                            "n.name",
                                            "t.title"
                                        ],
                                        "Inner Unique": true,
                                        "Plans": [
                                            {
                                                "Node Type": "Merge Join",
                                                "Parent Relationship": "Outer",
                                                "Parallel Aware": false,
                                                "Join Type": "Inner",
                                                "Startup Cost": 40070313230.23,
                                                "Total Cost": 40070313287.39,
                                                "Plan Rows": 1001,
                                                "Plan Width": 49,
                                                "Actual Startup Time": 373648.447,
                                                "Actual Total Time": 380348.641,
                                                "Actual Rows": 15757514,
                                                "Actual Loops": 1,
                                                "Output": [
                                                    "cc.status_id",
                                                    "ci.person_role_id",
                                                    "mi_idx.info",
                                                    "mk.keyword_id",
                                                    "n.name",
                                                    "t.title"
                                                ],
                                                "Inner Unique": false,
                                                "Merge Cond": "(kt.id = t.kind_id)",
                                                "Plans": [
                                                    {
                                                        "Node Type": "Index Scan",
                                                        "Parent Relationship": "Outer",
                                                        "Parallel Aware": false,
                                                        "Scan Direction": "Forward",
                                                        "Index Name": "kind_type_pkey",
                                                        "Relation Name": "kind_type",
                                                        "Schema": "public",
                                                        "Alias": "kt",
                                                        "Startup Cost": 0.13,
                                                        "Total Cost": 12.26,
                                                        "Plan Rows": 1,
                                                        "Plan Width": 4,
                                                        "Actual Startup Time": 0.007,
                                                        "Actual Total Time": 0.037,
                                                        "Actual Rows": 1,
                                                        "Actual Loops": 1,
                                                        "Output": [
                                                            "kt.id",
                                                            "kt.kind"
                                                        ],
                                                        "Filter": "((kt.kind)::text = 'movie'::text)",
                                                        "Rows Removed by Filter": 6
                                                    },
                                                    {
                                                        "Node Type": "Sort",
                                                        "Parent Relationship": "Inner",
                                                        "Parallel Aware": false,
                                                        "Startup Cost": 40070313230.1,
                                                        "Total Cost": 40070313247.61,
                                                        "Plan Rows": 7005,
                                                        "Plan Width": 53,
                                                        "Actual Startup Time": 373648.418,
                                                        "Actual Total Time": 376814.359,
                                                        "Actual Rows": 15757515,
                                                        "Actual Loops": 1,
                                                        "Output": [
                                                            "cc.status_id",
                                                            "ci.person_role_id",
                                                            "mi_idx.info",
                                                            "mk.keyword_id",
                                                            "n.name",
                                                            "t.title",
                                                            "t.kind_id"
                                                        ],
                                                        "Sort Key": [
                                                            "t.kind_id"
                                                        ],
                                                        "Sort Method": "quicksort",
                                                        "Sort Space Used": 2752069,
                                                        "Sort Space Type": "Memory",
                                                        "Plans": [
                                                            {
                                                                "Node Type": "Nested Loop",
                                                                "Parent Relationship": "Outer",
                                                                "Parallel Aware": false,
                                                                "Join Type": "Inner",
                                                                "Startup Cost": 40070056393.69,
                                                                "Total Cost": 40070312782.68,
                                                                "Plan Rows": 7005,
                                                                "Plan Width": 53,
                                                                "Actual Startup Time": 162974.691,
                                                                "Actual Total Time": 363678.932,
                                                                "Actual Rows": 18685024,
                                                                "Actual Loops": 1,
                                                                "Output": [
                                                                    "cc.status_id",
                                                                    "ci.person_role_id",
                                                                    "mi_idx.info",
                                                                    "mk.keyword_id",
                                                                    "n.name",
                                                                    "t.title",
                                                                    "t.kind_id"
                                                                ],
                                                                "Inner Unique": true,
                                                                "Plans": [
                                                                    {
                                                                        "Node Type": "Hash Join",
                                                                        "Parent Relationship": "Outer",
                                                                        "Parallel Aware": false,
                                                                        "Join Type": "Inner",
                                                                        "Startup Cost": 30070056393.24,
                                                                        "Total Cost": 30070262291.9,
                                                                        "Plan Rows": 11319,
                                                                        "Plan Width": 48,
                                                                        "Actual Startup Time": 162973.906,
                                                                        "Actual Total Time": 197170.547,
                                                                        "Actual Rows": 34675563,
                                                                        "Actual Loops": 1,
                                                                        "Output": [
                                                                            "cc.movie_id",
                                                                            "cc.status_id",
                                                                            "ci.movie_id",
                                                                            "ci.person_role_id",
                                                                            "mi_idx.info",
                                                                            "mi_idx.movie_id",
                                                                            "mk.movie_id",
                                                                            "mk.keyword_id",
                                                                            "n.name"
                                                                        ],
                                                                        "Inner Unique": true,
                                                                        "Hash Cond": "(mi_idx.info_type_id = it2.id)",
                                                                        "Plans": [
                                                                            {
                                                                                "Node Type": "Merge Join",
                                                                                "Parent Relationship": "Outer",
                                                                                "Parallel Aware": false,
                                                                                "Join Type": "Inner",
                                                                                "Startup Cost": 30070056379.11,
                                                                                "Total Cost": 30070258794.89,
                                                                                "Plan Rows": 1278847,
                                                                                "Plan Width": 52,
                                                                                "Actual Startup Time": 162973.863,
                                                                                "Actual Total Time": 186487.548,
                                                                                "Actual Rows": 51515937,
                                                                                "Actual Loops": 1,
                                                                                "Output": [
                                                                                    "cc.movie_id",
                                                                                    "cc.status_id",
                                                                                    "ci.movie_id",
                                                                                    "ci.person_role_id",
                                                                                    "mi_idx.info",
                                                                                    "mi_idx.movie_id",
                                                                                    "mi_idx.info_type_id",
                                                                                    "mk.movie_id",
                                                                                    "mk.keyword_id",
                                                                                    "n.name"
                                                                                ],
                                                                                "Inner Unique": false,
                                                                                "Merge Cond": "(n.id = ci.person_id)",
                                                                                "Plans": [
                                                                                    {
                                                                                        "Node Type": "Index Scan",
                                                                                        "Parent Relationship": "Outer",
                                                                                        "Parallel Aware": false,
                                                                                        "Scan Direction": "Forward",
                                                                                        "Index Name": "name_pkey",
                                                                                        "Relation Name": "name",
                                                                                        "Schema": "public",
                                                                                        "Alias": "n",
                                                                                        "Startup Cost": 0.43,
                                                                                        "Total Cost": 178173.8,
                                                                                        "Plan Rows": 4167549,
                                                                                        "Plan Width": 19,
                                                                                        "Actual Startup Time": 0.014,
                                                                                        "Actual Total Time": 1678.819,
                                                                                        "Actual Rows": 4061905,
                                                                                        "Actual Loops": 1,
                                                                                        "Output": [
                                                                                            "n.id",
                                                                                            "n.name",
                                                                                            "n.imdb_index",
                                                                                            "n.imdb_id",
                                                                                            "n.gender",
                                                                                            "n.name_pcode_cf",
                                                                                            "n.name_pcode_nf",
                                                                                            "n.surname_pcode",
                                                                                            "n.md5sum"
                                                                                        ]
                                                                                    },
                                                                                    {
                                                                                        "Node Type": "Sort",
                                                                                        "Parent Relationship": "Inner",
                                                                                        "Parallel Aware": false,
                                                                                        "Startup Cost": 30070056378.05,
                                                                                        "Total Cost": 30070059575.17,
                                                                                        "Plan Rows": 1278847,
                                                                                        "Plan Width": 41,
                                                                                        "Actual Startup Time": 162973.795,
                                                                                        "Actual Total Time": 173083.839,
                                                                                        "Actual Rows": 51515937,
                                                                                        "Actual Loops": 1,
                                                                                        "Output": [
                                                                                            "cc.movie_id",
                                                                                            "cc.status_id",
                                                                                            "ci.movie_id",
                                                                                            "ci.person_role_id",
                                                                                            "ci.person_id",
                                                                                            "mi_idx.info",
                                                                                            "mi_idx.movie_id",
                                                                                            "mi_idx.info_type_id",
                                                                                            "mk.movie_id",
                                                                                            "mk.keyword_id"
                                                                                        ],
                                                                                        "Sort Key": [
                                                                                            "ci.person_id"
                                                                                        ],
                                                                                        "Sort Method": "external sort",
                                                                                        "Sort Space Used": 2866688,
                                                                                        "Sort Space Type": "Disk",
                                                                                        "Plans": [
                                                                                            {
                                                                                                "Node Type": "Hash Join",
                                                                                                "Parent Relationship": "Outer",
                                                                                                "Parallel Aware": false,
                                                                                                "Join Type": "Inner",
                                                                                                "Startup Cost": 30059453056.93,
                                                                                                "Total Cost": 30069926661.96,
                                                                                                "Plan Rows": 1278847,
                                                                                                "Plan Width": 41,
                                                                                                "Actual Startup Time": 79048.007,
                                                                                                "Actual Total Time": 133940.951,
                                                                                                "Actual Rows": 51515937,
                                                                                                "Actual Loops": 1,
                                                                                                "Output": [
                                                                                                    "cc.movie_id",
                                                                                                    "cc.status_id",
                                                                                                    "ci.movie_id",
                                                                                                    "ci.person_role_id",
                                                                                                    "ci.person_id",
                                                                                                    "mi_idx.info",
                                                                                                    "mi_idx.movie_id",
                                                                                                    "mi_idx.info_type_id",
                                                                                                    "mk.movie_id",
                                                                                                    "mk.keyword_id"
                                                                                                ],
                                                                                                "Inner Unique": true,
                                                                                                "Hash Cond": "(cc.subject_id = cct1.id)",
                                                                                                "Plans": [
                                                                                                    {
                                                                                                        "Node Type": "Hash Join",
                                                                                                        "Parent Relationship": "Outer",
                                                                                                        "Parallel Aware": false,
                                                                                                        "Join Type": "Inner",
                                                                                                        "Startup Cost": 30059453044.71,
                                                                                                        "Total Cost": 30069898995.05,
                                                                                                        "Plan Rows": 5115320,
                                                                                                        "Plan Width": 45,
                                                                                                        "Actual Startup Time": 79047.976,
                                                                                                        "Actual Total Time": 125983.941,
                                                                                                        "Actual Rows": 79136862,
                                                                                                        "Actual Loops": 1,
                                                                                                        "Output": [
                                                                                                            "cc.movie_id",
                                                                                                            "cc.subject_id",
                                                                                                            "cc.status_id",
                                                                                                            "ci.movie_id",
                                                                                                            "ci.person_role_id",
                                                                                                            "ci.person_id",
                                                                                                            "mi_idx.info",
                                                                                                            "mi_idx.movie_id",
                                                                                                            "mi_idx.info_type_id",
                                                                                                            "mk.movie_id",
                                                                                                            "mk.keyword_id"
                                                                                                        ],
                                                                                                        "Inner Unique": false,
                                                                                                        "Hash Cond": "(mk.movie_id = mi_idx.movie_id)",
                                                                                                        "Plans": [
                                                                                                            {
                                                                                                                "Node Type": "Hash Join",
                                                                                                                "Parent Relationship": "Outer",
                                                                                                                "Parallel Aware": false,
                                                                                                                "Join Type": "Inner",
                                                                                                                "Startup Cost": 30059393538.46,
                                                                                                                "Total Cost": 30069585046.9,
                                                                                                                "Plan Rows": 24878727,
                                                                                                                "Plan Width": 32,
                                                                                                                "Actual Startup Time": 78650.545,
                                                                                                                "Actual Total Time": 110179.364,
                                                                                                                "Actual Rows": 157283028,
                                                                                                                "Actual Loops": 1,
                                                                                                                "Output": [
                                                                                                                    "cc.movie_id",
                                                                                                                    "cc.subject_id",
                                                                                                                    "cc.status_id",
                                                                                                                    "ci.movie_id",
                                                                                                                    "ci.person_role_id",
                                                                                                                    "ci.person_id",
                                                                                                                    "mk.movie_id",
                                                                                                                    "mk.keyword_id"
                                                                                                                ],
                                                                                                                "Inner Unique": false,
                                                                                                                "Hash Cond": "(cc.movie_id = mk.movie_id)",
                                                                                                                "Plans": [
                                                                                                                    {
                                                                                                                        "Node Type": "Index Scan",
                                                                                                                        "Parent Relationship": "Outer",
                                                                                                                        "Parallel Aware": false,
                                                                                                                        "Scan Direction": "Forward",
                                                                                                                        "Index Name": "subject_id_complete_cast",
                                                                                                                        "Relation Name": "complete_cast",
                                                                                                                        "Schema": "public",
                                                                                                                        "Alias": "cc",
                                                                                                                        "Startup Cost": 10000000000.42,
                                                                                                                        "Total Cost": 10000004164.71,
                                                                                                                        "Plan Rows": 135086,
                                                                                                                        "Plan Width": 12,
                                                                                                                        "Actual Startup Time": 0.056,
                                                                                                                        "Actual Total Time": 31.492,
                                                                                                                        "Actual Rows": 135086,
                                                                                                                        "Actual Loops": 1,
                                                                                                                        "Output": [
                                                                                                                            "cc.id",
                                                                                                                            "cc.movie_id",
                                                                                                                            "cc.subject_id",
                                                                                                                            "cc.status_id"
                                                                                                                        ]
                                                                                                                    },
                                                                                                                    {
                                                                                                                        "Node Type": "Hash",
                                                                                                                        "Parent Relationship": "Inner",
                                                                                                                        "Parallel Aware": false,
                                                                                                                        "Startup Cost": 20057221099.65,
                                                                                                                        "Total Cost": 20057221099.65,
                                                                                                                        "Plan Rows": 173795071,
                                                                                                                        "Plan Width": 20,
                                                                                                                        "Actual Startup Time": 78553.294,
                                                                                                                        "Actual Total Time": 78553.296,
                                                                                                                        "Actual Rows": 215765477,
                                                                                                                        "Actual Loops": 1,
                                                                                                                        "Output": [
                                                                                                                            "ci.movie_id",
                                                                                                                            "ci.person_role_id",
                                                                                                                            "ci.person_id",
                                                                                                                            "mk.movie_id",
                                                                                                                            "mk.keyword_id"
                                                                                                                        ],
                                                                                                                        "Hash Buckets": 67108864,
                                                                                                                        "Original Hash Buckets": 67108864,
                                                                                                                        "Hash Batches": 4,
                                                                                                                        "Original Hash Batches": 4,
                                                                                                                        "Peak Memory Usage": 3130506,
                                                                                                                        "Plans": [
                                                                                                                            {
                                                                                                                                "Node Type": "Hash Join",
                                                                                                                                "Parent Relationship": "Outer",
                                                                                                                                "Parallel Aware": false,
                                                                                                                                "Join Type": "Inner",
                                                                                                                                "Startup Cost": 20000126242.42,
                                                                                                                                "Total Cost": 20057221099.65,
                                                                                                                                "Plan Rows": 173795071,
                                                                                                                                "Plan Width": 20,
                                                                                                                                "Actual Startup Time": 1353.32,
                                                                                                                                "Actual Total Time": 40007.114,
                                                                                                                                "Actual Rows": 215765477,
                                                                                                                                "Actual Loops": 1,
                                                                                                                                "Output": [
                                                                                                                                    "ci.movie_id",
                                                                                                                                    "ci.person_role_id",
                                                                                                                                    "ci.person_id",
                                                                                                                                    "mk.movie_id",
                                                                                                                                    "mk.keyword_id"
                                                                                                                                ],
                                                                                                                                "Inner Unique": false,
                                                                                                                                "Hash Cond": "(ci.movie_id = mk.movie_id)",
                                                                                                                                "Plans": [
                                                                                                                                    {
                                                                                                                                        "Node Type": "Seq Scan",
                                                                                                                                        "Parent Relationship": "Outer",
                                                                                                                                        "Parallel Aware": false,
                                                                                                                                        "Relation Name": "cast_info",
                                                                                                                                        "Schema": "public",
                                                                                                                                        "Alias": "ci",
                                                                                                                                        "Startup Cost": 10000000000.0,
                                                                                                                                        "Total Cost": 10000615214.76,
                                                                                                                                        "Plan Rows": 36252776,
                                                                                                                                        "Plan Width": 12,
                                                                                                                                        "Actual Startup Time": 0.024,
                                                                                                                                        "Actual Total Time": 3713.345,
                                                                                                                                        "Actual Rows": 36244344,
                                                                                                                                        "Actual Loops": 1,
                                                                                                                                        "Output": [
                                                                                                                                            "ci.id",
                                                                                                                                            "ci.person_id",
                                                                                                                                            "ci.movie_id",
                                                                                                                                            "ci.person_role_id",
                                                                                                                                            "ci.note",
                                                                                                                                            "ci.nr_order",
                                                                                                                                            "ci.role_id"
                                                                                                                                        ]
                                                                                                                                    },
                                                                                                                                    {
                                                                                                                                        "Node Type": "Hash",
                                                                                                                                        "Parent Relationship": "Inner",
                                                                                                                                        "Parallel Aware": false,
                                                                                                                                        "Startup Cost": 10000069693.3,
                                                                                                                                        "Total Cost": 10000069693.3,
                                                                                                                                        "Plan Rows": 4523930,
                                                                                                                                        "Plan Width": 8,
                                                                                                                                        "Actual Startup Time": 1337.647,
                                                                                                                                        "Actual Total Time": 1337.648,
                                                                                                                                        "Actual Rows": 4523930,
                                                                                                                                        "Actual Loops": 1,
                                                                                                                                        "Output": [
                                                                                                                                            "mk.movie_id",
                                                                                                                                            "mk.keyword_id"
                                                                                                                                        ],
                                                                                                                                        "Hash Buckets": 8388608,
                                                                                                                                        "Original Hash Buckets": 8388608,
                                                                                                                                        "Hash Batches": 1,
                                                                                                                                        "Original Hash Batches": 1,
                                                                                                                                        "Peak Memory Usage": 242253,
                                                                                                                                        "Plans": [
                                                                                                                                            {
                                                                                                                                                "Node Type": "Seq Scan",
                                                                                                                                                "Parent Relationship": "Outer",
                                                                                                                                                "Parallel Aware": false,
                                                                                                                                                "Relation Name": "movie_keyword",
                                                                                                                                                "Schema": "public",
                                                                                                                                                "Alias": "mk",
                                                                                                                                                "Startup Cost": 10000000000.0,
                                                                                                                                                "Total Cost": 10000069693.3,
                                                                                                                                                "Plan Rows": 4523930,
                                                                                                                                                "Plan Width": 8,
                                                                                                                                                "Actual Startup Time": 0.027,
                                                                                                                                                "Actual Total Time": 626.568,
                                                                                                                                                "Actual Rows": 4523930,
                                                                                                                                                "Actual Loops": 1,
                                                                                                                                                "Output": [
                                                                                                                                                    "mk.movie_id",
                                                                                                                                                    "mk.keyword_id"
                                                                                                                                                ]
                                                                                                                                            }
                                                                                                                                        ]
                                                                                                                                    }
                                                                                                                                ]
                                                                                                                            }
                                                                                                                        ]
                                                                                                                    }
                                                                                                                ]
                                                                                                            },
                                                                                                            {
                                                                                                                "Node Type": "Hash",
                                                                                                                "Parent Relationship": "Inner",
                                                                                                                "Parallel Aware": false,
                                                                                                                "Startup Cost": 57080.9,
                                                                                                                "Total Cost": 57080.9,
                                                                                                                "Plan Rows": 194028,
                                                                                                                "Plan Width": 13,
                                                                                                                "Actual Startup Time": 395.681,
                                                                                                                "Actual Total Time": 395.682,
                                                                                                                "Actual Rows": 192839,
                                                                                                                "Actual Loops": 1,
                                                                                                                "Output": [
                                                                                                                    "mi_idx.info",
                                                                                                                    "mi_idx.movie_id",
                                                                                                                    "mi_idx.info_type_id"
                                                                                                                ],
                                                                                                                "Hash Buckets": 262144,
                                                                                                                "Original Hash Buckets": 262144,
                                                                                                                "Hash Batches": 1,
                                                                                                                "Original Hash Batches": 1,
                                                                                                                "Peak Memory Usage": 10355,
                                                                                                                "Plans": [
                                                                                                                    {
                                                                                                                        "Node Type": "Index Scan",
                                                                                                                        "Parent Relationship": "Outer",
                                                                                                                        "Parallel Aware": false,
                                                                                                                        "Scan Direction": "Forward",
                                                                                                                        "Index Name": "movie_id_movie_info_idx",
                                                                                                                        "Relation Name": "movie_info_idx",
                                                                                                                        "Schema": "public",
                                                                                                                        "Alias": "mi_idx",
                                                                                                                        "Startup Cost": 0.43,
                                                                                                                        "Total Cost": 57080.9,
                                                                                                                        "Plan Rows": 194028,
                                                                                                                        "Plan Width": 13,
                                                                                                                        "Actual Startup Time": 0.074,
                                                                                                                        "Actual Total Time": 344.303,
                                                                                                                        "Actual Rows": 192839,
                                                                                                                        "Actual Loops": 1,
                                                                                                                        "Output": [
                                                                                                                            "mi_idx.info",
                                                                                                                            "mi_idx.movie_id",
                                                                                                                            "mi_idx.info_type_id"
                                                                                                                        ],
                                                                                                                        "Filter": "(mi_idx.info > '7.0'::text)",
                                                                                                                        "Rows Removed by Filter": 1187196
                                                                                                                    }
                                                                                                                ]
                                                                                                            }
                                                                                                        ]
                                                                                                    },
                                                                                                    {
                                                                                                        "Node Type": "Hash",
                                                                                                        "Parent Relationship": "Inner",
                                                                                                        "Parallel Aware": false,
                                                                                                        "Startup Cost": 12.2,
                                                                                                        "Total Cost": 12.2,
                                                                                                        "Plan Rows": 1,
                                                                                                        "Plan Width": 4,
                                                                                                        "Actual Startup Time": 0.018,
                                                                                                        "Actual Total Time": 0.019,
                                                                                                        "Actual Rows": 1,
                                                                                                        "Actual Loops": 1,
                                                                                                        "Output": [
                                                                                                            "cct1.id"
                                                                                                        ],
                                                                                                        "Hash Buckets": 1024,
                                                                                                        "Original Hash Buckets": 1024,
                                                                                                        "Hash Batches": 1,
                                                                                                        "Original Hash Batches": 1,
                                                                                                        "Peak Memory Usage": 9,
                                                                                                        "Plans": [
                                                                                                            {
                                                                                                                "Node Type": "Index Scan",
                                                                                                                "Parent Relationship": "Outer",
                                                                                                                "Parallel Aware": false,
                                                                                                                "Scan Direction": "Forward",
                                                                                                                "Index Name": "comp_cast_type_pkey",
                                                                                                                "Relation Name": "comp_cast_type",
                                                                                                                "Schema": "public",
                                                                                                                "Alias": "cct1",
                                                                                                                "Startup Cost": 0.13,
                                                                                                                "Total Cost": 12.2,
                                                                                                                "Plan Rows": 1,
                                                                                                                "Plan Width": 4,
                                                                                                                "Actual Startup Time": 0.016,
                                                                                                                "Actual Total Time": 0.018,
                                                                                                                "Actual Rows": 1,
                                                                                                                "Actual Loops": 1,
                                                                                                                "Output": [
                                                                                                                    "cct1.id"
                                                                                                                ],
                                                                                                                "Filter": "((cct1.kind)::text = 'cast'::text)",
                                                                                                                "Rows Removed by Filter": 3
                                                                                                            }
                                                                                                        ]
                                                                                                    }
                                                                                                ]
                                                                                            }
                                                                                        ]
                                                                                    }
                                                                                ]
                                                                            },
                                                                            {
                                                                                "Node Type": "Hash",
                                                                                "Parent Relationship": "Inner",
                                                                                "Parallel Aware": false,
                                                                                "Startup Cost": 14.12,
                                                                                "Total Cost": 14.12,
                                                                                "Plan Rows": 1,
                                                                                "Plan Width": 4,
                                                                                "Actual Startup Time": 0.033,
                                                                                "Actual Total Time": 0.034,
                                                                                "Actual Rows": 1,
                                                                                "Actual Loops": 1,
                                                                                "Output": [
                                                                                    "it2.id"
                                                                                ],
                                                                                "Hash Buckets": 1024,
                                                                                "Original Hash Buckets": 1024,
                                                                                "Hash Batches": 1,
                                                                                "Original Hash Batches": 1,
                                                                                "Peak Memory Usage": 9,
                                                                                "Plans": [
                                                                                    {
                                                                                        "Node Type": "Index Scan",
                                                                                        "Parent Relationship": "Outer",
                                                                                        "Parallel Aware": false,
                                                                                        "Scan Direction": "Forward",
                                                                                        "Index Name": "info_type_pkey",
                                                                                        "Relation Name": "info_type",
                                                                                        "Schema": "public",
                                                                                        "Alias": "it2",
                                                                                        "Startup Cost": 0.14,
                                                                                        "Total Cost": 14.12,
                                                                                        "Plan Rows": 1,
                                                                                        "Plan Width": 4,
                                                                                        "Actual Startup Time": 0.027,
                                                                                        "Actual Total Time": 0.03,
                                                                                        "Actual Rows": 1,
                                                                                        "Actual Loops": 1,
                                                                                        "Output": [
                                                                                            "it2.id"
                                                                                        ],
                                                                                        "Filter": "((it2.info)::text = 'rating'::text)",
                                                                                        "Rows Removed by Filter": 112
                                                                                    }
                                                                                ]
                                                                            }
                                                                        ]
                                                                    },
                                                                    {
                                                                        "Node Type": "Bitmap Heap Scan",
                                                                        "Parent Relationship": "Inner",
                                                                        "Parallel Aware": false,
                                                                        "Relation Name": "title",
                                                                        "Schema": "public",
                                                                        "Alias": "t",
                                                                        "Startup Cost": 0.45,
                                                                        "Total Cost": 4.46,
                                                                        "Plan Rows": 1,
                                                                        "Plan Width": 25,
                                                                        "Actual Startup Time": 0.003,
                                                                        "Actual Total Time": 0.003,
                                                                        "Actual Rows": 1,
                                                                        "Actual Loops": 34675563,
                                                                        "Output": [
                                                                            "t.id",
                                                                            "t.title",
                                                                            "t.imdb_index",
                                                                            "t.kind_id",
                                                                            "t.production_year",
                                                                            "t.imdb_id",
                                                                            "t.phonetic_code",
                                                                            "t.episode_of_id",
                                                                            "t.season_nr",
                                                                            "t.episode_nr",
                                                                            "t.series_years",
                                                                            "t.md5sum"
                                                                        ],
                                                                        "Recheck Cond": "(t.id = mk.movie_id)",
                                                                        "Rows Removed by Index Recheck": 0,
                                                                        "Filter": "(t.production_year > 1996)",
                                                                        "Rows Removed by Filter": 0,
                                                                        "Exact Heap Blocks": 34675563,
                                                                        "Lossy Heap Blocks": 0,
                                                                        "Plans": [
                                                                            {
                                                                                "Node Type": "Bitmap Index Scan",
                                                                                "Parent Relationship": "Outer",
                                                                                "Parallel Aware": false,
                                                                                "Index Name": "title_pkey",
                                                                                "Startup Cost": 0.0,
                                                                                "Total Cost": 0.45,
                                                                                "Plan Rows": 1,
                                                                                "Plan Width": 0,
                                                                                "Actual Startup Time": 0.002,
                                                                                "Actual Total Time": 0.002,
                                                                                "Actual Rows": 1,
                                                                                "Actual Loops": 34675563,
                                                                                "Index Cond": "(t.id = mk.movie_id)"
                                                                            }
                                                                        ]
                                                                    }
                                                                ]
                                                            }
                                                        ]
                                                    }
                                                ]
                                            },
                                            {
                                                "Node Type": "Bitmap Heap Scan",
                                                "Parent Relationship": "Inner",
                                                "Parallel Aware": false,
                                                "Relation Name": "keyword",
                                                "Schema": "public",
                                                "Alias": "k",
                                                "Startup Cost": 0.43,
                                                "Total Cost": 4.45,
                                                "Plan Rows": 1,
                                                "Plan Width": 4,
                                                "Actual Startup Time": 0.003,
                                                "Actual Total Time": 0.003,
                                                "Actual Rows": 0,
                                                "Actual Loops": 15757514,
                                                "Output": [
                                                    "k.id",
                                                    "k.keyword",
                                                    "k.phonetic_code"
                                                ],
                                                "Recheck Cond": "(k.id = mk.keyword_id)",
                                                "Rows Removed by Index Recheck": 0,
                                                "Filter": "(k.keyword = ANY ('{tv-special,tv-special,sequel,marvel-comics,marvel-comics,violence,murder,fight,sequel,fight}'::text[]))",
                                                "Rows Removed by Filter": 1,
                                                "Exact Heap Blocks": 15757514,
                                                "Lossy Heap Blocks": 0,
                                                "Plans": [
                                                    {
                                                        "Node Type": "Bitmap Index Scan",
                                                        "Parent Relationship": "Outer",
                                                        "Parallel Aware": false,
                                                        "Index Name": "keyword_pkey",
                                                        "Startup Cost": 0.0,
                                                        "Total Cost": 0.43,
                                                        "Plan Rows": 1,
                                                        "Plan Width": 0,
                                                        "Actual Startup Time": 0.002,
                                                        "Actual Total Time": 0.002,
                                                        "Actual Rows": 1,
                                                        "Actual Loops": 15757514,
                                                        "Index Cond": "(k.id = mk.keyword_id)"
                                                    }
                                                ]
                                            }
                                        ]
                                    }
                                ]
                            }
                        ]
                    },
                    {
                        "Node Type": "Bitmap Heap Scan",
                        "Parent Relationship": "Inner",
                        "Parallel Aware": false,
                        "Relation Name": "char_name",
                        "Schema": "public",
                        "Alias": "chn",
                        "Startup Cost": 0.44,
                        "Total Cost": 4.46,
                        "Plan Rows": 1,
                        "Plan Width": 20,
                        "Actual Startup Time": 0.003,
                        "Actual Total Time": 0.003,
                        "Actual Rows": 0,
                        "Actual Loops": 112891,
                        "Output": [
                            "chn.id",
                            "chn.name",
                            "chn.imdb_index",
                            "chn.imdb_id",
                            "chn.name_pcode_nf",
                            "chn.surname_pcode",
                            "chn.md5sum"
                        ],
                        "Recheck Cond": "(chn.id = ci.person_role_id)",
                        "Rows Removed by Index Recheck": 0,
                        "Filter": "((chn.name IS NOT NULL) AND ((chn.name ~~ '%man%'::text) OR (chn.name ~~ '%Man%'::text)))",
                        "Rows Removed by Filter": 0,
                        "Exact Heap Blocks": 44666,
                        "Lossy Heap Blocks": 0,
                        "Plans": [
                            {
                                "Node Type": "Bitmap Index Scan",
                                "Parent Relationship": "Outer",
                                "Parallel Aware": false,
                                "Index Name": "char_name_pkey",
                                "Startup Cost": 0.0,
                                "Total Cost": 0.44,
                                "Plan Rows": 1,
                                "Plan Width": 0,
                                "Actual Startup Time": 0.002,
                                "Actual Total Time": 0.002,
                                "Actual Rows": 0,
                                "Actual Loops": 112891,
                                "Index Cond": "(chn.id = ci.person_role_id)"
                            }
                        ]
                    }
                ]
            }
        ]
    },
    "Planning Time": 44.009,
    "Triggers": [],
    "Execution Time": 462182.78
}