{
  "Plan": {
    "Node Type": "Aggregate",
    "Strategy": "Plain",
    "Partial Mode": "Finalize",
    "Parallel Aware": false,
    "Startup Cost": 921866.65,
    "Total Cost": 921866.66,
    "Plan Rows": 1,
    "Plan Width": 8,
    "Actual Startup Time": 12582.158,
    "Actual Total Time": 12701.857,
    "Actual Rows": 1,
    "Actual Loops": 1,
    "Plans": [
      {
        "Node Type": "Gather",
        "Parent Relationship": "Outer",
        "Parallel Aware": false,
        "Startup Cost": 921866.54,
        "Total Cost": 921866.65,
        "Plan Rows": 1,
        "Plan Width": 8,
        "Actual Startup Time": 12557.591,
        "Actual Total Time": 12701.84,
        "Actual Rows": 2,
        "Actual Loops": 1,
        "Workers Planned": 1,
        "Workers Launched": 1,
        "Single Copy": false,
        "Plans": [
          {
            "Node Type": "Aggregate",
            "Strategy": "Plain",
            "Partial Mode": "Partial",
            "Parent Relationship": "Outer",
            "Parallel Aware": false,
            "Startup Cost": 920866.54,
            "Total Cost": 920866.55,
            "Plan Rows": 1,
            "Plan Width": 8,
            "Actual Startup Time": 12533.133,
            "Actual Total Time": 12536.163,
            "Actual Rows": 1,
            "Actual Loops": 2,
            "Plans": [
              {
                "Node Type": "Hash Join",
                "Parent Relationship": "Outer",
                "Parallel Aware": true,
                "Join Type": "Inner",
                "Startup Cost": 723835.8,
                "Total Cost": 888220.08,
                "Plan Rows": 13058585,
                "Plan Width": 0,
                "Actual Startup Time": 7954.232,
                "Actual Total Time": 11100.359,
                "Actual Rows": 36063171,
                "Actual Loops": 2,
                "Inner Unique": false,
                "Hash Cond": "(mk.movie_id = t.id)",
                "Plans": [
                  {
                    "Node Type": "Seq Scan",
                    "Parent Relationship": "Outer",
                    "Parallel Aware": true,
                    "Relation Name": "movie_keyword",
                    "Alias": "mk",
                    "Startup Cost": 0.0,
                    "Total Cost": 57718.19,
                    "Plan Rows": 2170972,
                    "Plan Width": 4,
                    "Actual Startup Time": 0.017,
                    "Actual Total Time": 198.944,
                    "Actual Rows": 1853454,
                    "Actual Loops": 2,
                    "Filter": "(keyword_id < 22405)",
                    "Rows Removed by Filter": 408511
                  },
                  {
                    "Node Type": "Hash",
                    "Parent Relationship": "Inner",
                    "Parallel Aware": true,
                    "Startup Cost": 612012.98,
                    "Total Cost": 612012.98,
                    "Plan Rows": 8945826,
                    "Plan Width": 8,
                    "Actual Startup Time": 7898.822,
                    "Actual Total Time": 7901.849,
                    "Actual Rows": 7581977,
                    "Actual Loops": 2,
                    "Hash Buckets": 16777216,
                    "Original Hash Buckets": 16777216,
                    "Hash Batches": 1,
                    "Original Hash Batches": 1,
                    "Peak Memory Usage": 724320,
                    "Plans": [
                      {
                        "Node Type": "Hash Join",
                        "Parent Relationship": "Outer",
                        "Parallel Aware": true,
                        "Join Type": "Inner",
                        "Startup Cost": 69460.7,
                        "Total Cost": 612012.98,
                        "Plan Rows": 8945826,
                        "Plan Width": 8,
                        "Actual Startup Time": 978.888,
                        "Actual Total Time": 5333.559,
                        "Actual Rows": 7581977,
                        "Actual Loops": 2,
                        "Inner Unique": true,
                        "Hash Cond": "(ci.movie_id = t.id)",
                        "Plans": [
                          {
                            "Node Type": "Seq Scan",
                            "Parent Relationship": "Outer",
                            "Parallel Aware": true,
                            "Relation Name": "cast_info",
                            "Alias": "ci",
                            "Startup Cost": 0.0,
                            "Total Cost": 519069.44,
                            "Plan Rows": 8945826,
                            "Plan Width": 4,
                            "Actual Startup Time": 476.96,
                            "Actual Total Time": 1441.162,
                            "Actual Rows": 7581977,
                            "Actual Loops": 2,
                            "Filter": "(person_id > 2128129)",
                            "Rows Removed by Filter": 10540195
                          },
                          {
                            "Node Type": "Hash",
                            "Parent Relationship": "Inner",
                            "Parallel Aware": true,
                            "Startup Cost": 50870.31,
                            "Total Cost": 50870.31,
                            "Plan Rows": 1487231,
                            "Plan Width": 4,
                            "Actual Startup Time": 491.007,
                            "Actual Total Time": 491.008,
                            "Actual Rows": 1264156,
                            "Actual Loops": 2,
                            "Hash Buckets": 4194304,
                            "Original Hash Buckets": 4194304,
                            "Hash Batches": 1,
                            "Original Hash Batches": 1,
                            "Peak Memory Usage": 131712,
                            "Plans": [
                              {
                                "Node Type": "Seq Scan",
                                "Parent Relationship": "Outer",
                                "Parallel Aware": true,
                                "Relation Name": "title",
                                "Alias": "t",
                                "Startup Cost": 0.0,
                                "Total Cost": 50870.31,
                                "Plan Rows": 1487231,
                                "Plan Width": 4,
                                "Actual Startup Time": 0.037,
                                "Actual Total Time": 145.346,
                                "Actual Rows": 1264156,
                                "Actual Loops": 2
                              }
                            ]
                          }
                        ]
                      }
                    ]
                  }
                ]
              }
            ]
          }
        ]
      }
    ]
  },
  "Planning Time": 1.052,
  "Triggers": [],
  "Execution Time": 12701.954
}