[
  {
    "Plan": {
      "Node Type": "Aggregate",
      "Strategy": "Plain",
      "Partial Mode": "Finalize",
      "Parallel Aware": false,
      "Startup Cost": 249088.42,
      "Total Cost": 249088.43,
      "Plan Rows": 1,
      "Plan Width": 8,
      "Actual Startup Time": 853.242,
      "Actual Total Time": 896.427,
      "Actual Rows": 1,
      "Actual Loops": 1,
      "Plans": [
        {
          "Node Type": "Gather",
          "Parent Relationship": "Outer",
          "Parallel Aware": false,
          "Startup Cost": 249087.9,
          "Total Cost": 249088.41,
          "Plan Rows": 5,
          "Plan Width": 8,
          "Actual Startup Time": 850.625,
          "Actual Total Time": 896.405,
          "Actual Rows": 6,
          "Actual Loops": 1,
          "Workers Planned": 5,
          "Workers Launched": 5,
          "Single Copy": false,
          "Plans": [
            {
              "Node Type": "Aggregate",
              "Strategy": "Plain",
              "Partial Mode": "Partial",
              "Parent Relationship": "Outer",
              "Parallel Aware": false,
              "Startup Cost": 248087.9,
              "Total Cost": 248087.91,
              "Plan Rows": 1,
              "Plan Width": 8,
              "Actual Startup Time": 841.878,
              "Actual Total Time": 841.881,
              "Actual Rows": 1,
              "Actual Loops": 6,
              "Plans": [
                {
                  "Node Type": "Hash Join",
                  "Parent Relationship": "Outer",
                  "Parallel Aware": true,
                  "Join Type": "Inner",
                  "Startup Cost": 47177.32,
                  "Total Cost": 246499.09,
                  "Plan Rows": 635523,
                  "Plan Width": 0,
                  "Actual Startup Time": 125.477,
                  "Actual Total Time": 804.651,
                  "Actual Rows": 913174,
                  "Actual Loops": 6,
                  "Inner Unique": true,
                  "Hash Cond": "(mi.movie_id = t.id)",
                  "Plans": [
                    {
                      "Node Type": "Seq Scan",
                      "Parent Relationship": "Outer",
                      "Parallel Aware": true,
                      "Relation Name": "movie_info",
                      "Alias": "mi",
                      "Startup Cost": 0.0,
                      "Total Cost": 191560.33,
                      "Plan Rows": 2956733,
                      "Plan Width": 4,
                      "Actual Startup Time": 0.024,
                      "Actual Total Time": 278.062,
                      "Actual Rows": 2472620,
                      "Actual Loops": 6
                    },
                    {
                      "Node Type": "Hash",
                      "Parent Relationship": "Inner",
                      "Parallel Aware": true,
                      "Startup Cost": 45479.1,
                      "Total Cost": 45479.1,
                      "Plan Rows": 135858,
                      "Plan Width": 4,
                      "Actual Startup Time": 111.71,
                      "Actual Total Time": 111.711,
                      "Actual Rows": 70111,
                      "Actual Loops": 6,
                      "Hash Buckets": 1048576,
                      "Original Hash Buckets": 1048576,
                      "Hash Batches": 1,
                      "Original Hash Batches": 1,
                      "Peak Memory Usage": 24768,
                      "Plans": [
                        {
                          "Node Type": "Seq Scan",
                          "Parent Relationship": "Outer",
                          "Parallel Aware": true,
                          "Relation Name": "title",
                          "Alias": "t",
                          "Startup Cost": 0.0,
                          "Total Cost": 45479.1,
                          "Plan Rows": 135858,
                          "Plan Width": 4,
                          "Actual Startup Time": 44.222,
                          "Actual Total Time": 82.472,
                          "Actual Rows": 70111,
                          "Actual Loops": 6,
                          "Filter": "((kind_id < 2) AND (production_year > 1971))",
                          "Rows Removed by Filter": 351275
                        }
                      ]
                    }
                  ]
                }
              ]
            }
          ]
        }
      ]
    },
    "Planning Time": 0.578,
    "Triggers": [],
    "Execution Time": 896.504
  }
]