[
  {
    "Plan": {
      "Node Type": "Aggregate",
      "Strategy": "Plain",
      "Partial Mode": "Finalize",
      "Parallel Aware": false,
      "Startup Cost": 46998.23,
      "Total Cost": 46998.24,
      "Plan Rows": 1,
      "Plan Width": 8,
      "Actual Startup Time": 186.475,
      "Actual Total Time": 197.385,
      "Actual Rows": 1,
      "Actual Loops": 1,
      "Plans": [
        {
          "Node Type": "Gather",
          "Parent Relationship": "Outer",
          "Parallel Aware": false,
          "Startup Cost": 46997.91,
          "Total Cost": 46998.22,
          "Plan Rows": 3,
          "Plan Width": 8,
          "Actual Startup Time": 186.343,
          "Actual Total Time": 197.376,
          "Actual Rows": 4,
          "Actual Loops": 1,
          "Workers Planned": 3,
          "Workers Launched": 3,
          "Single Copy": false,
          "Plans": [
            {
              "Node Type": "Aggregate",
              "Strategy": "Plain",
              "Partial Mode": "Partial",
              "Parent Relationship": "Outer",
              "Parallel Aware": false,
              "Startup Cost": 45997.91,
              "Total Cost": 45997.92,
              "Plan Rows": 1,
              "Plan Width": 8,
              "Actual Startup Time": 177.706,
              "Actual Total Time": 177.707,
              "Actual Rows": 1,
              "Actual Loops": 4,
              "Plans": [
                {
                  "Node Type": "Seq Scan",
                  "Parent Relationship": "Outer",
                  "Parallel Aware": true,
                  "Relation Name": "movie_keyword",
                  "Alias": "mk",
                  "Startup Cost": 0.0,
                  "Total Cost": 42695.65,
                  "Plan Rows": 1320904,
                  "Plan Width": 0,
                  "Actual Startup Time": 0.065,
                  "Actual Total Time": 129.311,
                  "Actual Rows": 1026542,
                  "Actual Loops": 4,
                  "Filter": "(keyword_id < 41703)",
                  "Rows Removed by Filter": 104441
                }
              ]
            }
          ]
        }
      ]
    },
    "Planning Time": 0.153,
    "Triggers": [],
    "Execution Time": 197.443
  }
]