{
  "Plan": {
    "Node Type": "Aggregate",
    "Strategy": "Plain",
    "Partial Mode": "Finalize",
    "Parallel Aware": false,
    "Startup Cost": 16775.42,
    "Total Cost": 16775.43,
    "Plan Rows": 1,
    "Plan Width": 8,
    "Actual Startup Time": 11.891,
    "Actual Total Time": 13.562,
    "Actual Rows": 1,
    "Actual Loops": 1,
    "Plans": [
      {
        "Node Type": "Gather",
        "Parent Relationship": "Outer",
        "Parallel Aware": false,
        "Startup Cost": 16775.31,
        "Total Cost": 16775.42,
        "Plan Rows": 1,
        "Plan Width": 8,
        "Actual Startup Time": 8.556,
        "Actual Total Time": 13.548,
        "Actual Rows": 2,
        "Actual Loops": 1,
        "Workers Planned": 1,
        "Workers Launched": 1,
        "Single Copy": false,
        "Plans": [
          {
            "Node Type": "Aggregate",
            "Strategy": "Plain",
            "Partial Mode": "Partial",
            "Parent Relationship": "Outer",
            "Parallel Aware": false,
            "Startup Cost": 15775.31,
            "Total Cost": 15775.32,
            "Plan Rows": 1,
            "Plan Width": 8,
            "Actual Startup Time": 4.06,
            "Actual Total Time": 4.063,
            "Actual Rows": 1,
            "Actual Loops": 2,
            "Plans": [
              {
                "Node Type": "Nested Loop",
                "Parent Relationship": "Outer",
                "Parallel Aware": false,
                "Join Type": "Inner",
                "Startup Cost": 68.74,
                "Total Cost": 15772.97,
                "Plan Rows": 935,
                "Plan Width": 0,
                "Actual Startup Time": 3.809,
                "Actual Total Time": 4.051,
                "Actual Rows": 16,
                "Actual Loops": 2,
                "Inner Unique": true,
                "Plans": [
                  {
                    "Node Type": "Bitmap Heap Scan",
                    "Parent Relationship": "Outer",
                    "Parallel Aware": true,
                    "Relation Name": "movie_companies",
                    "Alias": "mc",
                    "Startup Cost": 68.31,
                    "Total Cost": 8257.97,
                    "Plan Rows": 935,
                    "Plan Width": 4,
                    "Actual Startup Time": 3.789,
                    "Actual Total Time": 3.849,
                    "Actual Rows": 16,
                    "Actual Loops": 2,
                    "Recheck Cond": "(company_id = 774)",
                    "Rows Removed by Index Recheck": 0,
                    "Filter": "(company_type_id = 2)",
                    "Rows Removed by Filter": 1175,
                    "Exact Heap Blocks": 1337,
                    "Lossy Heap Blocks": 0,
                    "Plans": [
                      {
                        "Node Type": "Bitmap Index Scan",
                        "Parent Relationship": "Outer",
                        "Parallel Aware": false,
                        "Index Name": "company_id_movie_companies",
                        "Startup Cost": 0.0,
                        "Total Cost": 67.91,
                        "Plan Rows": 3131,
                        "Plan Width": 0,
                        "Actual Startup Time": 2.449,
                        "Actual Total Time": 2.45,
                        "Actual Rows": 2381,
                        "Actual Loops": 1,
                        "Index Cond": "(company_id = 774)"
                      }
                    ]
                  },
                  {
                    "Node Type": "Index Only Scan",
                    "Parent Relationship": "Inner",
                    "Parallel Aware": false,
                    "Scan Direction": "Forward",
                    "Index Name": "title_pkey",
                    "Relation Name": "title",
                    "Alias": "t",
                    "Startup Cost": 0.43,
                    "Total Cost": 8.04,
                    "Plan Rows": 1,
                    "Plan Width": 4,
                    "Actual Startup Time": 0.012,
                    "Actual Total Time": 0.012,
                    "Actual Rows": 1,
                    "Actual Loops": 31,
                    "Index Cond": "(id = mc.movie_id)",
                    "Rows Removed by Index Recheck": 0,
                    "Heap Fetches": 31
                  }
                ]
              }
            ]
          }
        ]
      }
    ]
  },
  "Planning Time": 0.632,
  "Triggers": [],
  "Execution Time": 13.656
}