{
  "Plan": {
    "Node Type": "Aggregate",
    "Strategy": "Plain",
    "Partial Mode": "Finalize",
    "Parallel Aware": false,
    "Startup Cost": 895755.27,
    "Total Cost": 895755.28,
    "Plan Rows": 1,
    "Plan Width": 8,
    "Actual Startup Time": 5398.512,
    "Actual Total Time": 5464.573,
    "Actual Rows": 1,
    "Actual Loops": 1,
    "Plans": [
      {
        "Node Type": "Gather",
        "Parent Relationship": "Outer",
        "Parallel Aware": false,
        "Startup Cost": 895755.16,
        "Total Cost": 895755.27,
        "Plan Rows": 1,
        "Plan Width": 8,
        "Actual Startup Time": 5389.47,
        "Actual Total Time": 5464.563,
        "Actual Rows": 2,
        "Actual Loops": 1,
        "Workers Planned": 1,
        "Workers Launched": 1,
        "Single Copy": false,
        "Plans": [
          {
            "Node Type": "Aggregate",
            "Strategy": "Plain",
            "Partial Mode": "Partial",
            "Parent Relationship": "Outer",
            "Parallel Aware": false,
            "Startup Cost": 894755.16,
            "Total Cost": 894755.17,
            "Plan Rows": 1,
            "Plan Width": 8,
            "Actual Startup Time": 5377.332,
            "Actual Total Time": 5377.906,
            "Actual Rows": 1,
            "Actual Loops": 2,
            "Plans": [
              {
                "Node Type": "Hash Join",
                "Parent Relationship": "Outer",
                "Parallel Aware": true,
                "Join Type": "Inner",
                "Startup Cost": 525936.65,
                "Total Cost": 871974.74,
                "Plan Rows": 9112167,
                "Plan Width": 0,
                "Actual Startup Time": 1716.48,
                "Actual Total Time": 4921.77,
                "Actual Rows": 11872279,
                "Actual Loops": 2,
                "Inner Unique": false,
                "Hash Cond": "(mi.movie_id = t.id)",
                "Plans": [
                  {
                    "Node Type": "Seq Scan",
                    "Parent Relationship": "Outer",
                    "Parallel Aware": true,
                    "Relation Name": "movie_info",
                    "Alias": "mi",
                    "Startup Cost": 0.0,
                    "Total Cost": 248955.74,
                    "Plan Rows": 8696274,
                    "Plan Width": 4,
                    "Actual Startup Time": 0.017,
                    "Actual Total Time": 629.994,
                    "Actual Rows": 7417860,
                    "Actual Loops": 2
                  },
                  {
                    "Node Type": "Hash",
                    "Parent Relationship": "Inner",
                    "Parallel Aware": true,
                    "Startup Cost": 506457.19,
                    "Total Cost": 506457.19,
                    "Plan Rows": 1558357,
                    "Plan Width": 8,
                    "Actual Startup Time": 1694.757,
                    "Actual Total Time": 1695.329,
                    "Actual Rows": 834851,
                    "Actual Loops": 2,
                    "Hash Buckets": 4194304,
                    "Original Hash Buckets": 4194304,
                    "Hash Batches": 1,
                    "Original Hash Batches": 1,
                    "Peak Memory Usage": 98112,
                    "Plans": [
                      {
                        "Node Type": "Hash Join",
                        "Parent Relationship": "Outer",
                        "Parallel Aware": true,
                        "Join Type": "Inner",
                        "Startup Cost": 198006.02,
                        "Total Cost": 506457.19,
                        "Plan Rows": 1558357,
                        "Plan Width": 8,
                        "Actual Startup Time": 916.159,
                        "Actual Total Time": 1445.741,
                        "Actual Rows": 834851,
                        "Actual Loops": 2,
                        "Inner Unique": true,
                        "Hash Cond": "(ci.movie_id = t.id)",
                        "Plans": [
                          {
                            "Node Type": "Bitmap Heap Scan",
                            "Parent Relationship": "Outer",
                            "Parallel Aware": true,
                            "Relation Name": "cast_info",
                            "Alias": "ci",
                            "Startup Cost": 128545.32,
                            "Total Cost": 432905.79,
                            "Plan Rows": 1558357,
                            "Plan Width": 4,
                            "Actual Startup Time": 409.058,
                            "Actual Total Time": 560.08,
                            "Actual Rows": 834851,
                            "Actual Loops": 2,
                            "Recheck Cond": "(person_id < 581590)",
                            "Rows Removed by Index Recheck": 0,
                            "Filter": "(role_id > 2)",
                            "Rows Removed by Filter": 2174817,
                            "Exact Heap Blocks": 33462,
                            "Lossy Heap Blocks": 0,
                            "Plans": [
                              {
                                "Node Type": "Bitmap Index Scan",
                                "Parent Relationship": "Outer",
                                "Parallel Aware": false,
                                "Index Name": "person_id_cast_info",
                                "Startup Cost": 0.0,
                                "Total Cost": 127883.02,
                                "Plan Rows": 5856327,
                                "Plan Width": 0,
                                "Actual Startup Time": 194.908,
                                "Actual Total Time": 194.908,
                                "Actual Rows": 6019336,
                                "Actual Loops": 1,
                                "Index Cond": "(person_id < 581590)"
                              }
                            ]
                          },
                          {
                            "Node Type": "Hash",
                            "Parent Relationship": "Inner",
                            "Parallel Aware": true,
                            "Startup Cost": 50870.31,
                            "Total Cost": 50870.31,
                            "Plan Rows": 1487231,
                            "Plan Width": 4,
                            "Actual Startup Time": 494.728,
                            "Actual Total Time": 494.728,
                            "Actual Rows": 1264156,
                            "Actual Loops": 2,
                            "Hash Buckets": 4194304,
                            "Original Hash Buckets": 4194304,
                            "Hash Batches": 1,
                            "Original Hash Batches": 1,
                            "Peak Memory Usage": 131712,
                            "Plans": [
                              {
                                "Node Type": "Seq Scan",
                                "Parent Relationship": "Outer",
                                "Parallel Aware": true,
                                "Relation Name": "title",
                                "Alias": "t",
                                "Startup Cost": 0.0,
                                "Total Cost": 50870.31,
                                "Plan Rows": 1487231,
                                "Plan Width": 4,
                                "Actual Startup Time": 0.04,
                                "Actual Total Time": 149.663,
                                "Actual Rows": 1264156,
                                "Actual Loops": 2
                              }
                            ]
                          }
                        ]
                      }
                    ]
                  }
                ]
              }
            ]
          }
        ]
      }
    ]
  },
  "Planning Time": 1.0,
  "Triggers": [],
  "Execution Time": 5464.688
}