{
  "Plan": {
    "Node Type": "Aggregate",
    "Strategy": "Plain",
    "Partial Mode": "Finalize",
    "Parallel Aware": false,
    "Startup Cost": 612188.02,
    "Total Cost": 612188.03,
    "Plan Rows": 1,
    "Plan Width": 8,
    "Actual Startup Time": 2830.553,
    "Actual Total Time": 2896.542,
    "Actual Rows": 1,
    "Actual Loops": 1,
    "Plans": [
      {
        "Node Type": "Gather",
        "Parent Relationship": "Outer",
        "Parallel Aware": false,
        "Startup Cost": 612187.91,
        "Total Cost": 612188.02,
        "Plan Rows": 1,
        "Plan Width": 8,
        "Actual Startup Time": 2830.372,
        "Actual Total Time": 2896.524,
        "Actual Rows": 2,
        "Actual Loops": 1,
        "Workers Planned": 1,
        "Workers Launched": 1,
        "Single Copy": false,
        "Plans": [
          {
            "Node Type": "Aggregate",
            "Strategy": "Plain",
            "Partial Mode": "Partial",
            "Parent Relationship": "Outer",
            "Parallel Aware": false,
            "Startup Cost": 611187.91,
            "Total Cost": 611187.92,
            "Plan Rows": 1,
            "Plan Width": 8,
            "Actual Startup Time": 2824.72,
            "Actual Total Time": 2824.723,
            "Actual Rows": 1,
            "Actual Loops": 2,
            "Plans": [
              {
                "Node Type": "Hash Join",
                "Parent Relationship": "Outer",
                "Parallel Aware": true,
                "Join Type": "Inner",
                "Startup Cost": 54884.91,
                "Total Cost": 610630.75,
                "Plan Rows": 222862,
                "Plan Width": 0,
                "Actual Startup Time": 613.984,
                "Actual Total Time": 2823.314,
                "Actual Rows": 28050,
                "Actual Loops": 2,
                "Inner Unique": true,
                "Hash Cond": "(ci.movie_id = t.id)",
                "Plans": [
                  {
                    "Node Type": "Seq Scan",
                    "Parent Relationship": "Outer",
                    "Parallel Aware": true,
                    "Relation Name": "cast_info",
                    "Alias": "ci",
                    "Startup Cost": 0.0,
                    "Total Cost": 519069.44,
                    "Plan Rows": 13971936,
                    "Plan Width": 4,
                    "Actual Startup Time": 475.753,
                    "Actual Total Time": 1686.099,
                    "Actual Rows": 11786828,
                    "Actual Loops": 2,
                    "Filter": "(role_id > 1)",
                    "Rows Removed by Filter": 6335344
                  },
                  {
                    "Node Type": "Hash",
                    "Parent Relationship": "Inner",
                    "Parallel Aware": true,
                    "Startup Cost": 54588.39,
                    "Total Cost": 54588.39,
                    "Plan Rows": 23722,
                    "Plan Width": 4,
                    "Actual Startup Time": 135.918,
                    "Actual Total Time": 135.919,
                    "Actual Rows": 21410,
                    "Actual Loops": 2,
                    "Hash Buckets": 65536,
                    "Original Hash Buckets": 65536,
                    "Hash Batches": 1,
                    "Original Hash Batches": 1,
                    "Peak Memory Usage": 2208,
                    "Plans": [
                      {
                        "Node Type": "Seq Scan",
                        "Parent Relationship": "Outer",
                        "Parallel Aware": true,
                        "Relation Name": "title",
                        "Alias": "t",
                        "Startup Cost": 0.0,
                        "Total Cost": 54588.39,
                        "Plan Rows": 23722,
                        "Plan Width": 4,
                        "Actual Startup Time": 72.083,
                        "Actual Total Time": 131.21,
                        "Actual Rows": 21410,
                        "Actual Loops": 2,
                        "Filter": "(production_year < 1913)",
                        "Rows Removed by Filter": 1242746
                      }
                    ]
                  }
                ]
              }
            ]
          }
        ]
      }
    ]
  },
  "Planning Time": 0.447,
  "Triggers": [],
  "Execution Time": 2896.63
}