[
  {
    "Plan": {
      "Node Type": "Aggregate",
      "Strategy": "Plain",
      "Partial Mode": "Finalize",
      "Parallel Aware": false,
      "Startup Cost": 76872.29,
      "Total Cost": 76872.3,
      "Plan Rows": 1,
      "Plan Width": 8,
      "Actual Startup Time": 428.248,
      "Actual Total Time": 443.462,
      "Actual Rows": 1,
      "Actual Loops": 1,
      "Plans": [
        {
          "Node Type": "Gather",
          "Parent Relationship": "Outer",
          "Parallel Aware": false,
          "Startup Cost": 76871.97,
          "Total Cost": 76872.28,
          "Plan Rows": 3,
          "Plan Width": 8,
          "Actual Startup Time": 418.364,
          "Actual Total Time": 443.448,
          "Actual Rows": 4,
          "Actual Loops": 1,
          "Workers Planned": 3,
          "Workers Launched": 3,
          "Single Copy": false,
          "Plans": [
            {
              "Node Type": "Aggregate",
              "Strategy": "Plain",
              "Partial Mode": "Partial",
              "Parent Relationship": "Outer",
              "Parallel Aware": false,
              "Startup Cost": 75871.97,
              "Total Cost": 75871.98,
              "Plan Rows": 1,
              "Plan Width": 8,
              "Actual Startup Time": 407.07,
              "Actual Total Time": 407.074,
              "Actual Rows": 1,
              "Actual Loops": 4,
              "Plans": [
                {
                  "Node Type": "Hash Join",
                  "Parent Relationship": "Outer",
                  "Parallel Aware": true,
                  "Join Type": "Inner",
                  "Startup Cost": 55656.25,
                  "Total Cost": 75669.74,
                  "Plan Rows": 80892,
                  "Plan Width": 0,
                  "Actual Startup Time": 361.913,
                  "Actual Total Time": 404.271,
                  "Actual Rows": 61535,
                  "Actual Loops": 4,
                  "Inner Unique": true,
                  "Hash Cond": "(mc.movie_id = t.id)",
                  "Plans": [
                    {
                      "Node Type": "Bitmap Heap Scan",
                      "Parent Relationship": "Outer",
                      "Parallel Aware": true,
                      "Relation Name": "movie_companies",
                      "Alias": "mc",
                      "Startup Cost": 5435.87,
                      "Total Cost": 25237.02,
                      "Plan Rows": 80892,
                      "Plan Width": 4,
                      "Actual Startup Time": 14.395,
                      "Actual Total Time": 28.384,
                      "Actual Rows": 61535,
                      "Actual Loops": 4,
                      "Recheck Cond": "(company_id > 101818)",
                      "Rows Removed by Index Recheck": 0,
                      "Exact Heap Blocks": 1202,
                      "Lossy Heap Blocks": 0,
                      "Plans": [
                        {
                          "Node Type": "Bitmap Index Scan",
                          "Parent Relationship": "Outer",
                          "Parallel Aware": false,
                          "Index Name": "company_id_movie_companies",
                          "Startup Cost": 0.0,
                          "Total Cost": 5373.18,
                          "Plan Rows": 250766,
                          "Plan Width": 0,
                          "Actual Startup Time": 13.667,
                          "Actual Total Time": 13.668,
                          "Actual Rows": 246141,
                          "Actual Loops": 1,
                          "Index Cond": "(company_id > 101818)"
                        }
                      ]
                    },
                    {
                      "Node Type": "Hash",
                      "Parent Relationship": "Inner",
                      "Parallel Aware": true,
                      "Startup Cost": 42319.06,
                      "Total Cost": 42319.06,
                      "Plan Rows": 632106,
                      "Plan Width": 4,
                      "Actual Startup Time": 339.215,
                      "Actual Total Time": 339.216,
                      "Actual Rows": 632078,
                      "Actual Loops": 4,
                      "Hash Buckets": 4194304,
                      "Original Hash Buckets": 4194304,
                      "Hash Batches": 1,
                      "Original Hash Batches": 1,
                      "Peak Memory Usage": 131776,
                      "Plans": [
                        {
                          "Node Type": "Seq Scan",
                          "Parent Relationship": "Outer",
                          "Parallel Aware": true,
                          "Relation Name": "title",
                          "Alias": "t",
                          "Startup Cost": 0.0,
                          "Total Cost": 42319.06,
                          "Plan Rows": 632106,
                          "Plan Width": 4,
                          "Actual Startup Time": 0.028,
                          "Actual Total Time": 97.368,
                          "Actual Rows": 632078,
                          "Actual Loops": 4
                        }
                      ]
                    }
                  ]
                }
              ]
            }
          ]
        }
      ]
    },
    "Planning Time": 0.329,
    "Triggers": [],
    "Execution Time": 443.518
  }
]