[
  {
    "Plan": {
      "Node Type": "Aggregate",
      "Strategy": "Plain",
      "Partial Mode": "Finalize",
      "Parallel Aware": false,
      "Startup Cost": 123603.19,
      "Total Cost": 123603.2,
      "Plan Rows": 1,
      "Plan Width": 8,
      "Actual Startup Time": 453.456,
      "Actual Total Time": 474.989,
      "Actual Rows": 1,
      "Actual Loops": 1,
      "Plans": [
        {
          "Node Type": "Gather",
          "Parent Relationship": "Outer",
          "Parallel Aware": false,
          "Startup Cost": 123602.87,
          "Total Cost": 123603.18,
          "Plan Rows": 3,
          "Plan Width": 8,
          "Actual Startup Time": 449.851,
          "Actual Total Time": 474.978,
          "Actual Rows": 4,
          "Actual Loops": 1,
          "Workers Planned": 3,
          "Workers Launched": 3,
          "Single Copy": false,
          "Plans": [
            {
              "Node Type": "Aggregate",
              "Strategy": "Plain",
              "Partial Mode": "Partial",
              "Parent Relationship": "Outer",
              "Parallel Aware": false,
              "Startup Cost": 122602.87,
              "Total Cost": 122602.88,
              "Plan Rows": 1,
              "Plan Width": 8,
              "Actual Startup Time": 445.057,
              "Actual Total Time": 445.307,
              "Actual Rows": 1,
              "Actual Loops": 4,
              "Plans": [
                {
                  "Node Type": "Hash Join",
                  "Parent Relationship": "Outer",
                  "Parallel Aware": true,
                  "Join Type": "Inner",
                  "Startup Cost": 78604.59,
                  "Total Cost": 122550.28,
                  "Plan Rows": 21035,
                  "Plan Width": 0,
                  "Actual Startup Time": 303.073,
                  "Actual Total Time": 428.573,
                  "Actual Rows": 403616,
                  "Actual Loops": 4,
                  "Inner Unique": false,
                  "Hash Cond": "(mk.movie_id = t.id)",
                  "Plans": [
                    {
                      "Node Type": "Seq Scan",
                      "Parent Relationship": "Outer",
                      "Parallel Aware": true,
                      "Relation Name": "movie_keyword",
                      "Alias": "mk",
                      "Startup Cost": 0.0,
                      "Total Cost": 42695.65,
                      "Plan Rows": 315250,
                      "Plan Width": 4,
                      "Actual Startup Time": 0.061,
                      "Actual Total Time": 87.059,
                      "Actual Rows": 246059,
                      "Actual Loops": 4,
                      "Filter": "(keyword_id < 925)",
                      "Rows Removed by Filter": 884924
                    },
                    {
                      "Node Type": "Hash",
                      "Parent Relationship": "Inner",
                      "Parallel Aware": true,
                      "Startup Cost": 77924.32,
                      "Total Cost": 77924.32,
                      "Plan Rows": 54422,
                      "Plan Width": 8,
                      "Actual Startup Time": 277.821,
                      "Actual Total Time": 278.069,
                      "Actual Rows": 79516,
                      "Actual Loops": 4,
                      "Hash Buckets": 524288,
                      "Original Hash Buckets": 262144,
                      "Hash Batches": 1,
                      "Original Hash Batches": 1,
                      "Peak Memory Usage": 18656,
                      "Plans": [
                        {
                          "Node Type": "Hash Join",
                          "Parent Relationship": "Outer",
                          "Parallel Aware": true,
                          "Join Type": "Inner",
                          "Startup Cost": 45962.36,
                          "Total Cost": 77924.32,
                          "Plan Rows": 54422,
                          "Plan Width": 8,
                          "Actual Startup Time": 162.895,
                          "Actual Total Time": 248.166,
                          "Actual Rows": 79516,
                          "Actual Loops": 4,
                          "Inner Unique": true,
                          "Hash Cond": "(mc.movie_id = t.id)",
                          "Plans": [
                            {
                              "Node Type": "Seq Scan",
                              "Parent Relationship": "Outer",
                              "Parallel Aware": true,
                              "Relation Name": "movie_companies",
                              "Alias": "mc",
                              "Startup Cost": 0.0,
                              "Total Cost": 31414.82,
                              "Plan Rows": 208434,
                              "Plan Width": 4,
                              "Actual Startup Time": 9.256,
                              "Actual Total Time": 62.115,
                              "Actual Rows": 100041,
                              "Actual Loops": 4,
                              "Filter": "((company_id > 11298) AND (company_type_id < 2))",
                              "Rows Removed by Filter": 552241
                            },
                            {
                              "Node Type": "Hash",
                              "Parent Relationship": "Inner",
                              "Parallel Aware": true,
                              "Startup Cost": 43899.32,
                              "Total Cost": 43899.32,
                              "Plan Rows": 165043,
                              "Plan Width": 4,
                              "Actual Startup Time": 151.624,
                              "Actual Total Time": 151.625,
                              "Actual Rows": 165706,
                              "Actual Loops": 4,
                              "Hash Buckets": 1048576,
                              "Original Hash Buckets": 1048576,
                              "Hash Batches": 1,
                              "Original Hash Batches": 1,
                              "Peak Memory Usage": 34208,
                              "Plans": [
                                {
                                  "Node Type": "Seq Scan",
                                  "Parent Relationship": "Outer",
                                  "Parallel Aware": true,
                                  "Relation Name": "title",
                                  "Alias": "t",
                                  "Startup Cost": 0.0,
                                  "Total Cost": 43899.32,
                                  "Plan Rows": 165043,
                                  "Plan Width": 4,
                                  "Actual Startup Time": 37.24,
                                  "Actual Total Time": 90.435,
                                  "Actual Rows": 165706,
                                  "Actual Loops": 4,
                                  "Filter": "(kind_id < 2)",
                                  "Rows Removed by Filter": 466372
                                }
                              ]
                            }
                          ]
                        }
                      ]
                    }
                  ]
                }
              ]
            }
          ]
        }
      ]
    },
    "Planning Time": 0.444,
    "Triggers": [],
    "Execution Time": 475.038
  }
]