[
  {
    "Plan": {
      "Node Type": "Aggregate",
      "Strategy": "Plain",
      "Partial Mode": "Finalize",
      "Parallel Aware": false,
      "Startup Cost": 123614.27,
      "Total Cost": 123614.28,
      "Plan Rows": 1,
      "Plan Width": 8,
      "Actual Startup Time": 495.947,
      "Actual Total Time": 517.601,
      "Actual Rows": 1,
      "Actual Loops": 1,
      "Plans": [
        {
          "Node Type": "Gather",
          "Parent Relationship": "Outer",
          "Parallel Aware": false,
          "Startup Cost": 123613.96,
          "Total Cost": 123614.27,
          "Plan Rows": 3,
          "Plan Width": 8,
          "Actual Startup Time": 492.674,
          "Actual Total Time": 517.592,
          "Actual Rows": 4,
          "Actual Loops": 1,
          "Workers Planned": 3,
          "Workers Launched": 3,
          "Single Copy": false,
          "Plans": [
            {
              "Node Type": "Aggregate",
              "Strategy": "Plain",
              "Partial Mode": "Partial",
              "Parent Relationship": "Outer",
              "Parallel Aware": false,
              "Startup Cost": 122613.96,
              "Total Cost": 122613.97,
              "Plan Rows": 1,
              "Plan Width": 8,
              "Actual Startup Time": 480.299,
              "Actual Total Time": 480.305,
              "Actual Rows": 1,
              "Actual Loops": 4,
              "Plans": [
                {
                  "Node Type": "Hash Join",
                  "Parent Relationship": "Outer",
                  "Parallel Aware": true,
                  "Join Type": "Inner",
                  "Startup Cost": 78607.42,
                  "Total Cost": 122561.18,
                  "Plan Rows": 21109,
                  "Plan Width": 0,
                  "Actual Startup Time": 325.981,
                  "Actual Total Time": 462.418,
                  "Actual Rows": 403616,
                  "Actual Loops": 4,
                  "Inner Unique": false,
                  "Hash Cond": "(mk.movie_id = t.id)",
                  "Plans": [
                    {
                      "Node Type": "Seq Scan",
                      "Parent Relationship": "Outer",
                      "Parallel Aware": true,
                      "Relation Name": "movie_keyword",
                      "Alias": "mk",
                      "Startup Cost": 0.0,
                      "Total Cost": 42695.65,
                      "Plan Rows": 317339,
                      "Plan Width": 4,
                      "Actual Startup Time": 0.033,
                      "Actual Total Time": 96.574,
                      "Actual Rows": 246059,
                      "Actual Loops": 4,
                      "Filter": "(keyword_id < 925)",
                      "Rows Removed by Filter": 884924
                    },
                    {
                      "Node Type": "Hash",
                      "Parent Relationship": "Inner",
                      "Parallel Aware": true,
                      "Startup Cost": 77929.27,
                      "Total Cost": 77929.27,
                      "Plan Rows": 54252,
                      "Plan Width": 8,
                      "Actual Startup Time": 297.306,
                      "Actual Total Time": 297.31,
                      "Actual Rows": 79516,
                      "Actual Loops": 4,
                      "Hash Buckets": 524288,
                      "Original Hash Buckets": 262144,
                      "Hash Batches": 1,
                      "Original Hash Batches": 1,
                      "Peak Memory Usage": 18592,
                      "Plans": [
                        {
                          "Node Type": "Hash Join",
                          "Parent Relationship": "Outer",
                          "Parallel Aware": true,
                          "Join Type": "Inner",
                          "Startup Cost": 45971.59,
                          "Total Cost": 77929.27,
                          "Plan Rows": 54252,
                          "Plan Width": 8,
                          "Actual Startup Time": 177.372,
                          "Actual Total Time": 268.47,
                          "Actual Rows": 79516,
                          "Actual Loops": 4,
                          "Inner Unique": true,
                          "Hash Cond": "(mc.movie_id = t.id)",
                          "Plans": [
                            {
                              "Node Type": "Seq Scan",
                              "Parent Relationship": "Outer",
                              "Parallel Aware": true,
                              "Relation Name": "movie_companies",
                              "Alias": "mc",
                              "Startup Cost": 0.0,
                              "Total Cost": 31414.82,
                              "Plan Rows": 206804,
                              "Plan Width": 4,
                              "Actual Startup Time": 9.941,
                              "Actual Total Time": 67.764,
                              "Actual Rows": 100041,
                              "Actual Loops": 4,
                              "Filter": "((company_id > 11298) AND (company_type_id < 2))",
                              "Rows Removed by Filter": 552241
                            },
                            {
                              "Node Type": "Hash",
                              "Parent Relationship": "Inner",
                              "Parallel Aware": true,
                              "Startup Cost": 43898.92,
                              "Total Cost": 43898.92,
                              "Plan Rows": 165814,
                              "Plan Width": 4,
                              "Actual Startup Time": 164.085,
                              "Actual Total Time": 164.086,
                              "Actual Rows": 165706,
                              "Actual Loops": 4,
                              "Hash Buckets": 1048576,
                              "Original Hash Buckets": 1048576,
                              "Hash Batches": 1,
                              "Original Hash Batches": 1,
                              "Peak Memory Usage": 34176,
                              "Plans": [
                                {
                                  "Node Type": "Seq Scan",
                                  "Parent Relationship": "Outer",
                                  "Parallel Aware": true,
                                  "Relation Name": "title",
                                  "Alias": "t",
                                  "Startup Cost": 0.0,
                                  "Total Cost": 43898.92,
                                  "Plan Rows": 165814,
                                  "Plan Width": 4,
                                  "Actual Startup Time": 47.911,
                                  "Actual Total Time": 105.285,
                                  "Actual Rows": 165706,
                                  "Actual Loops": 4,
                                  "Filter": "(kind_id < 2)",
                                  "Rows Removed by Filter": 466372
                                }
                              ]
                            }
                          ]
                        }
                      ]
                    }
                  ]
                }
              ]
            }
          ]
        }
      ]
    },
    "Planning Time": 1.561,
    "Triggers": [],
    "Execution Time": 517.687
  }
]