[
  {
    "Plan": {
      "Node Type": "Aggregate",
      "Strategy": "Plain",
      "Partial Mode": "Finalize",
      "Parallel Aware": false,
      "Startup Cost": 192455.74,
      "Total Cost": 192455.75,
      "Plan Rows": 1,
      "Plan Width": 8,
      "Actual Startup Time": 300.172,
      "Actual Total Time": 342.657,
      "Actual Rows": 1,
      "Actual Loops": 1,
      "Plans": [
        {
          "Node Type": "Gather",
          "Parent Relationship": "Outer",
          "Parallel Aware": false,
          "Startup Cost": 192455.32,
          "Total Cost": 192455.73,
          "Plan Rows": 4,
          "Plan Width": 8,
          "Actual Startup Time": 299.293,
          "Actual Total Time": 342.644,
          "Actual Rows": 5,
          "Actual Loops": 1,
          "Workers Planned": 4,
          "Workers Launched": 4,
          "Single Copy": false,
          "Plans": [
            {
              "Node Type": "Aggregate",
              "Strategy": "Plain",
              "Partial Mode": "Partial",
              "Parent Relationship": "Outer",
              "Parallel Aware": false,
              "Startup Cost": 191455.32,
              "Total Cost": 191455.33,
              "Plan Rows": 1,
              "Plan Width": 8,
              "Actual Startup Time": 291.827,
              "Actual Total Time": 291.83,
              "Actual Rows": 1,
              "Actual Loops": 5,
              "Plans": [
                {
                  "Node Type": "Nested Loop",
                  "Parent Relationship": "Outer",
                  "Parallel Aware": false,
                  "Join Type": "Inner",
                  "Startup Cost": 1.0,
                  "Total Cost": 191419.72,
                  "Plan Rows": 14242,
                  "Plan Width": 0,
                  "Actual Startup Time": 59.501,
                  "Actual Total Time": 282.209,
                  "Actual Rows": 179548,
                  "Actual Loops": 5,
                  "Inner Unique": false,
                  "Join Filter": "(t.id = mi.movie_id)",
                  "Rows Removed by Join Filter": 0,
                  "Plans": [
                    {
                      "Node Type": "Nested Loop",
                      "Parent Relationship": "Outer",
                      "Parallel Aware": false,
                      "Join Type": "Inner",
                      "Startup Cost": 0.56,
                      "Total Cost": 186932.54,
                      "Plan Rows": 2426,
                      "Plan Width": 8,
                      "Actual Startup Time": 59.388,
                      "Actual Total Time": 178.861,
                      "Actual Rows": 4766,
                      "Actual Loops": 5,
                      "Inner Unique": false,
                      "Plans": [
                        {
                          "Node Type": "Seq Scan",
                          "Parent Relationship": "Outer",
                          "Parallel Aware": true,
                          "Relation Name": "title",
                          "Alias": "t",
                          "Startup Cost": 0.0,
                          "Total Cost": 45479.59,
                          "Plan Rows": 1309,
                          "Plan Width": 4,
                          "Actual Startup Time": 59.147,
                          "Actual Total Time": 82.764,
                          "Actual Rows": 988,
                          "Actual Loops": 5,
                          "Filter": "((kind_id = 1) AND (production_year = 1989))",
                          "Rows Removed by Filter": 504675
                        },
                        {
                          "Node Type": "Index Scan",
                          "Parent Relationship": "Inner",
                          "Parallel Aware": false,
                          "Scan Direction": "Forward",
                          "Index Name": "movie_id_cast_info",
                          "Relation Name": "cast_info",
                          "Alias": "ci",
                          "Startup Cost": 0.56,
                          "Total Cost": 108.01,
                          "Plan Rows": 5,
                          "Plan Width": 4,
                          "Actual Startup Time": 0.069,
                          "Actual Total Time": 0.096,
                          "Actual Rows": 5,
                          "Actual Loops": 4939,
                          "Index Cond": "(movie_id = t.id)",
                          "Rows Removed by Index Recheck": 0,
                          "Filter": "((person_id > 2663601) AND (role_id > 2))",
                          "Rows Removed by Filter": 15
                        }
                      ]
                    },
                    {
                      "Node Type": "Index Only Scan",
                      "Parent Relationship": "Inner",
                      "Parallel Aware": false,
                      "Scan Direction": "Forward",
                      "Index Name": "movie_id_movie_info",
                      "Relation Name": "movie_info",
                      "Alias": "mi",
                      "Startup Cost": 0.43,
                      "Total Cost": 1.34,
                      "Plan Rows": 41,
                      "Plan Width": 4,
                      "Actual Startup Time": 0.005,
                      "Actual Total Time": 0.017,
                      "Actual Rows": 38,
                      "Actual Loops": 23829,
                      "Index Cond": "(movie_id = ci.movie_id)",
                      "Rows Removed by Index Recheck": 0,
                      "Heap Fetches": 897742
                    }
                  ]
                }
              ]
            }
          ]
        }
      ]
    },
    "Planning Time": 0.68,
    "Triggers": [],
    "Execution Time": 342.719
  }
]