[
  {
    "Plan": {
      "Node Type": "Aggregate",
      "Strategy": "Plain",
      "Partial Mode": "Finalize",
      "Parallel Aware": false,
      "Startup Cost": 293072.24,
      "Total Cost": 293072.25,
      "Plan Rows": 1,
      "Plan Width": 8,
      "Actual Startup Time": 1028.986,
      "Actual Total Time": 1073.192,
      "Actual Rows": 1,
      "Actual Loops": 1,
      "Plans": [
        {
          "Node Type": "Gather",
          "Parent Relationship": "Outer",
          "Parallel Aware": false,
          "Startup Cost": 293071.72,
          "Total Cost": 293072.23,
          "Plan Rows": 5,
          "Plan Width": 8,
          "Actual Startup Time": 999.912,
          "Actual Total Time": 1073.175,
          "Actual Rows": 6,
          "Actual Loops": 1,
          "Workers Planned": 5,
          "Workers Launched": 5,
          "Single Copy": false,
          "Plans": [
            {
              "Node Type": "Aggregate",
              "Strategy": "Plain",
              "Partial Mode": "Partial",
              "Parent Relationship": "Outer",
              "Parallel Aware": false,
              "Startup Cost": 292071.72,
              "Total Cost": 292071.73,
              "Plan Rows": 1,
              "Plan Width": 8,
              "Actual Startup Time": 988.721,
              "Actual Total Time": 988.727,
              "Actual Rows": 1,
              "Actual Loops": 6,
              "Plans": [
                {
                  "Node Type": "Hash Join",
                  "Parent Relationship": "Outer",
                  "Parallel Aware": true,
                  "Join Type": "Inner",
                  "Startup Cost": 90820.21,
                  "Total Cost": 291826.22,
                  "Plan Rows": 98200,
                  "Plan Width": 0,
                  "Actual Startup Time": 438.687,
                  "Actual Total Time": 912.783,
                  "Actual Rows": 1805090,
                  "Actual Loops": 6,
                  "Inner Unique": false,
                  "Hash Cond": "(mi.movie_id = t.id)",
                  "Plans": [
                    {
                      "Node Type": "Seq Scan",
                      "Parent Relationship": "Outer",
                      "Parallel Aware": true,
                      "Relation Name": "movie_info",
                      "Alias": "mi",
                      "Startup Cost": 0.0,
                      "Total Cost": 198952.16,
                      "Plan Rows": 463221,
                      "Plan Width": 4,
                      "Actual Startup Time": 15.896,
                      "Actual Total Time": 301.58,
                      "Actual Rows": 372308,
                      "Actual Loops": 6,
                      "Filter": "(info_type_id > 16)",
                      "Rows Removed by Filter": 2100312
                    },
                    {
                      "Node Type": "Hash",
                      "Parent Relationship": "Inner",
                      "Parallel Aware": true,
                      "Startup Cost": 88659.0,
                      "Total Cost": 88659.0,
                      "Plan Rows": 172897,
                      "Plan Width": 8,
                      "Actual Startup Time": 415.02,
                      "Actual Total Time": 415.024,
                      "Actual Rows": 86377,
                      "Actual Loops": 6,
                      "Hash Buckets": 1048576,
                      "Original Hash Buckets": 1048576,
                      "Hash Batches": 1,
                      "Original Hash Batches": 1,
                      "Peak Memory Usage": 28576,
                      "Plans": [
                        {
                          "Node Type": "Hash Join",
                          "Parent Relationship": "Outer",
                          "Parallel Aware": true,
                          "Join Type": "Inner",
                          "Startup Cost": 61589.93,
                          "Total Cost": 88659.0,
                          "Plan Rows": 172897,
                          "Plan Width": 8,
                          "Actual Startup Time": 303.844,
                          "Actual Total Time": 381.884,
                          "Actual Rows": 86377,
                          "Actual Loops": 6,
                          "Inner Unique": true,
                          "Hash Cond": "(mk.movie_id = t.id)",
                          "Plans": [
                            {
                              "Node Type": "Bitmap Heap Scan",
                              "Parent Relationship": "Outer",
                              "Parallel Aware": true,
                              "Relation Name": "movie_keyword",
                              "Alias": "mk",
                              "Startup Cost": 11370.29,
                              "Total Cost": 37985.5,
                              "Plan Rows": 172897,
                              "Plan Width": 4,
                              "Actual Startup Time": 34.445,
                              "Actual Total Time": 79.357,
                              "Actual Rows": 86377,
                              "Actual Loops": 6,
                              "Recheck Cond": "(keyword_id > 34916)",
                              "Rows Removed by Index Recheck": 0,
                              "Exact Heap Blocks": 4705,
                              "Lossy Heap Blocks": 0,
                              "Plans": [
                                {
                                  "Node Type": "Bitmap Index Scan",
                                  "Parent Relationship": "Outer",
                                  "Parallel Aware": false,
                                  "Index Name": "keyword_id_movie_keyword",
                                  "Startup Cost": 0.0,
                                  "Total Cost": 11236.29,
                                  "Plan Rows": 535981,
                                  "Plan Width": 0,
                                  "Actual Startup Time": 30.943,
                                  "Actual Total Time": 30.943,
                                  "Actual Rows": 518262,
                                  "Actual Loops": 1,
                                  "Index Cond": "(keyword_id > 34916)"
                                }
                              ]
                            },
                            {
                              "Node Type": "Hash",
                              "Parent Relationship": "Inner",
                              "Parallel Aware": true,
                              "Startup Cost": 42318.73,
                              "Total Cost": 42318.73,
                              "Plan Rows": 632073,
                              "Plan Width": 4,
                              "Actual Startup Time": 264.184,
                              "Actual Total Time": 264.185,
                              "Actual Rows": 421385,
                              "Actual Loops": 6,
                              "Hash Buckets": 4194304,
                              "Original Hash Buckets": 4194304,
                              "Hash Batches": 1,
                              "Original Hash Batches": 1,
                              "Peak Memory Usage": 131744,
                              "Plans": [
                                {
                                  "Node Type": "Seq Scan",
                                  "Parent Relationship": "Outer",
                                  "Parallel Aware": true,
                                  "Relation Name": "title",
                                  "Alias": "t",
                                  "Startup Cost": 0.0,
                                  "Total Cost": 42318.73,
                                  "Plan Rows": 632073,
                                  "Plan Width": 4,
                                  "Actual Startup Time": 0.049,
                                  "Actual Total Time": 74.276,
                                  "Actual Rows": 421385,
                                  "Actual Loops": 6
                                }
                              ]
                            }
                          ]
                        }
                      ]
                    }
                  ]
                }
              ]
            }
          ]
        }
      ]
    },
    "Planning Time": 1.336,
    "Triggers": [],
    "Execution Time": 1073.303
  }
]