{
  "Plan": {
    "Node Type": "Aggregate",
    "Strategy": "Plain",
    "Partial Mode": "Finalize",
    "Parallel Aware": false,
    "Startup Cost": 91441.9,
    "Total Cost": 91441.91,
    "Plan Rows": 1,
    "Plan Width": 8,
    "Actual Startup Time": 696.549,
    "Actual Total Time": 711.116,
    "Actual Rows": 1,
    "Actual Loops": 1,
    "Plans": [
      {
        "Node Type": "Gather",
        "Parent Relationship": "Outer",
        "Parallel Aware": false,
        "Startup Cost": 91441.79,
        "Total Cost": 91441.9,
        "Plan Rows": 1,
        "Plan Width": 8,
        "Actual Startup Time": 693.928,
        "Actual Total Time": 711.109,
        "Actual Rows": 2,
        "Actual Loops": 1,
        "Workers Planned": 1,
        "Workers Launched": 1,
        "Single Copy": false,
        "Plans": [
          {
            "Node Type": "Aggregate",
            "Strategy": "Plain",
            "Partial Mode": "Partial",
            "Parent Relationship": "Outer",
            "Parallel Aware": false,
            "Startup Cost": 90441.79,
            "Total Cost": 90441.8,
            "Plan Rows": 1,
            "Plan Width": 8,
            "Actual Startup Time": 686.027,
            "Actual Total Time": 686.03,
            "Actual Rows": 1,
            "Actual Loops": 2,
            "Plans": [
              {
                "Node Type": "Hash Join",
                "Parent Relationship": "Outer",
                "Parallel Aware": true,
                "Join Type": "Inner",
                "Startup Cost": 70884.86,
                "Total Cost": 89068.64,
                "Plan Rows": 549259,
                "Plan Width": 0,
                "Actual Startup Time": 473.138,
                "Actual Total Time": 671.074,
                "Actual Rows": 374960,
                "Actual Loops": 2,
                "Inner Unique": true,
                "Hash Cond": "(mi_idx.movie_id = t.id)",
                "Plans": [
                  {
                    "Node Type": "Seq Scan",
                    "Parent Relationship": "Outer",
                    "Parallel Aware": true,
                    "Relation Name": "movie_info_idx",
                    "Alias": "mi_idx",
                    "Startup Cost": 0.0,
                    "Total Cost": 16052.85,
                    "Plan Rows": 811785,
                    "Plan Width": 4,
                    "Actual Startup Time": 0.021,
                    "Actual Total Time": 50.023,
                    "Actual Rows": 690018,
                    "Actual Loops": 2
                  },
                  {
                    "Node Type": "Hash",
                    "Parent Relationship": "Inner",
                    "Parallel Aware": true,
                    "Startup Cost": 58306.47,
                    "Total Cost": 58306.47,
                    "Plan Rows": 1006271,
                    "Plan Width": 4,
                    "Actual Startup Time": 458.235,
                    "Actual Total Time": 458.236,
                    "Actual Rows": 899780,
                    "Actual Loops": 2,
                    "Hash Buckets": 2097152,
                    "Original Hash Buckets": 2097152,
                    "Hash Batches": 1,
                    "Original Hash Batches": 1,
                    "Peak Memory Usage": 86816,
                    "Plans": [
                      {
                        "Node Type": "Seq Scan",
                        "Parent Relationship": "Outer",
                        "Parallel Aware": true,
                        "Relation Name": "title",
                        "Alias": "t",
                        "Startup Cost": 0.0,
                        "Total Cost": 58306.47,
                        "Plan Rows": 1006271,
                        "Plan Width": 4,
                        "Actual Startup Time": 0.034,
                        "Actual Total Time": 182.926,
                        "Actual Rows": 899780,
                        "Actual Loops": 2,
                        "Filter": "((kind_id > 1) AND (production_year > 1939))",
                        "Rows Removed by Filter": 364376
                      }
                    ]
                  }
                ]
              }
            ]
          }
        ]
      }
    ]
  },
  "Planning Time": 0.431,
  "Triggers": [],
  "Execution Time": 711.184
}