{
  "Plan": {
    "Node Type": "Aggregate",
    "Strategy": "Plain",
    "Partial Mode": "Finalize",
    "Parallel Aware": false,
    "Startup Cost": 1059778.85,
    "Total Cost": 1059778.86,
    "Plan Rows": 1,
    "Plan Width": 8,
    "Actual Startup Time": 22171.489,
    "Actual Total Time": 22380.358,
    "Actual Rows": 1,
    "Actual Loops": 1,
    "Plans": [
      {
        "Node Type": "Gather",
        "Parent Relationship": "Outer",
        "Parallel Aware": false,
        "Startup Cost": 1059778.74,
        "Total Cost": 1059778.85,
        "Plan Rows": 1,
        "Plan Width": 8,
        "Actual Startup Time": 22124.925,
        "Actual Total Time": 22380.345,
        "Actual Rows": 2,
        "Actual Loops": 1,
        "Workers Planned": 1,
        "Workers Launched": 1,
        "Single Copy": false,
        "Plans": [
          {
            "Node Type": "Aggregate",
            "Strategy": "Plain",
            "Partial Mode": "Partial",
            "Parent Relationship": "Outer",
            "Parallel Aware": false,
            "Startup Cost": 1058778.74,
            "Total Cost": 1058778.75,
            "Plan Rows": 1,
            "Plan Width": 8,
            "Actual Startup Time": 22088.632,
            "Actual Total Time": 22092.893,
            "Actual Rows": 1,
            "Actual Loops": 2,
            "Plans": [
              {
                "Node Type": "Hash Join",
                "Parent Relationship": "Outer",
                "Parallel Aware": true,
                "Join Type": "Inner",
                "Startup Cost": 774236.56,
                "Total Cost": 1004863.87,
                "Plan Rows": 21565948,
                "Plan Width": 0,
                "Actual Startup Time": 14018.434,
                "Actual Total Time": 19416.061,
                "Actual Rows": 64474375,
                "Actual Loops": 2,
                "Inner Unique": false,
                "Hash Cond": "(mk.movie_id = t.id)",
                "Plans": [
                  {
                    "Node Type": "Seq Scan",
                    "Parent Relationship": "Outer",
                    "Parallel Aware": true,
                    "Relation Name": "movie_keyword",
                    "Alias": "mk",
                    "Startup Cost": 0.0,
                    "Total Cost": 57718.19,
                    "Plan Rows": 2167088,
                    "Plan Width": 4,
                    "Actual Startup Time": 0.054,
                    "Actual Total Time": 202.428,
                    "Actual Rows": 1837508,
                    "Actual Loops": 2,
                    "Filter": "(keyword_id > 810)",
                    "Rows Removed by Filter": 424457
                  },
                  {
                    "Node Type": "Hash",
                    "Parent Relationship": "Inner",
                    "Parallel Aware": true,
                    "Startup Cost": 589232.84,
                    "Total Cost": 589232.84,
                    "Plan Rows": 14800297,
                    "Plan Width": 8,
                    "Actual Startup Time": 13920.51,
                    "Actual Total Time": 13924.768,
                    "Actual Rows": 13387738,
                    "Actual Loops": 2,
                    "Hash Buckets": 33554432,
                    "Original Hash Buckets": 33554432,
                    "Hash Batches": 1,
                    "Original Hash Batches": 1,
                    "Peak Memory Usage": 1309632,
                    "Plans": [
                      {
                        "Node Type": "Hash Join",
                        "Parent Relationship": "Outer",
                        "Parallel Aware": true,
                        "Join Type": "Inner",
                        "Startup Cost": 67499.49,
                        "Total Cost": 589232.84,
                        "Plan Rows": 14800297,
                        "Plan Width": 8,
                        "Actual Startup Time": 383.694,
                        "Actual Total Time": 9064.605,
                        "Actual Rows": 13387738,
                        "Actual Loops": 2,
                        "Inner Unique": true,
                        "Hash Cond": "(ci.movie_id = t.id)",
                        "Plans": [
                          {
                            "Node Type": "Seq Scan",
                            "Parent Relationship": "Outer",
                            "Parallel Aware": true,
                            "Relation Name": "cast_info",
                            "Alias": "ci",
                            "Startup Cost": 0.0,
                            "Total Cost": 465792.95,
                            "Plan Rows": 21310595,
                            "Plan Width": 4,
                            "Actual Startup Time": 0.014,
                            "Actual Total Time": 1403.657,
                            "Actual Rows": 18122172,
                            "Actual Loops": 2
                          },
                          {
                            "Node Type": "Hash",
                            "Parent Relationship": "Inner",
                            "Parallel Aware": true,
                            "Startup Cost": 54588.39,
                            "Total Cost": 54588.39,
                            "Plan Rows": 1032888,
                            "Plan Width": 4,
                            "Actual Startup Time": 378.47,
                            "Actual Total Time": 378.471,
                            "Actual Rows": 874516,
                            "Actual Loops": 2,
                            "Hash Buckets": 2097152,
                            "Original Hash Buckets": 2097152,
                            "Hash Batches": 1,
                            "Original Hash Batches": 1,
                            "Peak Memory Usage": 84832,
                            "Plans": [
                              {
                                "Node Type": "Seq Scan",
                                "Parent Relationship": "Outer",
                                "Parallel Aware": true,
                                "Relation Name": "title",
                                "Alias": "t",
                                "Startup Cost": 0.0,
                                "Total Cost": 54588.39,
                                "Plan Rows": 1032888,
                                "Plan Width": 4,
                                "Actual Startup Time": 0.041,
                                "Actual Total Time": 169.863,
                                "Actual Rows": 874516,
                                "Actual Loops": 2,
                                "Filter": "(production_year > 1990)",
                                "Rows Removed by Filter": 389640
                              }
                            ]
                          }
                        ]
                      }
                    ]
                  }
                ]
              }
            ]
          }
        ]
      }
    ]
  },
  "Planning Time": 0.868,
  "Triggers": [],
  "Execution Time": 22380.443
}