[
  {
    "Plan": {
      "Node Type": "Aggregate",
      "Strategy": "Plain",
      "Partial Mode": "Finalize",
      "Parallel Aware": false,
      "Startup Cost": 31243.07,
      "Total Cost": 31243.08,
      "Plan Rows": 1,
      "Plan Width": 8,
      "Actual Startup Time": 107.474,
      "Actual Total Time": 115.514,
      "Actual Rows": 1,
      "Actual Loops": 1,
      "Plans": [
        {
          "Node Type": "Gather",
          "Parent Relationship": "Outer",
          "Parallel Aware": false,
          "Startup Cost": 31242.75,
          "Total Cost": 31243.06,
          "Plan Rows": 3,
          "Plan Width": 8,
          "Actual Startup Time": 107.359,
          "Actual Total Time": 115.504,
          "Actual Rows": 4,
          "Actual Loops": 1,
          "Workers Planned": 3,
          "Workers Launched": 3,
          "Single Copy": false,
          "Plans": [
            {
              "Node Type": "Aggregate",
              "Strategy": "Plain",
              "Partial Mode": "Partial",
              "Parent Relationship": "Outer",
              "Parallel Aware": false,
              "Startup Cost": 30242.75,
              "Total Cost": 30242.76,
              "Plan Rows": 1,
              "Plan Width": 8,
              "Actual Startup Time": 98.829,
              "Actual Total Time": 98.83,
              "Actual Rows": 1,
              "Actual Loops": 4,
              "Plans": [
                {
                  "Node Type": "Seq Scan",
                  "Parent Relationship": "Outer",
                  "Parallel Aware": true,
                  "Relation Name": "movie_companies",
                  "Alias": "mc",
                  "Startup Cost": 0.0,
                  "Total Cost": 29310.68,
                  "Plan Rows": 372828,
                  "Plan Width": 0,
                  "Actual Startup Time": 22.91,
                  "Actual Total Time": 85.019,
                  "Actual Rows": 289689,
                  "Actual Loops": 4,
                  "Filter": "(company_id > 12996)",
                  "Rows Removed by Filter": 362594
                }
              ]
            }
          ]
        }
      ]
    },
    "Planning Time": 0.186,
    "Triggers": [],
    "Execution Time": 115.572
  }
]