{
  "Plan": {
    "Node Type": "Aggregate",
    "Strategy": "Plain",
    "Partial Mode": "Finalize",
    "Parallel Aware": false,
    "Startup Cost": 404112.62,
    "Total Cost": 404112.63,
    "Plan Rows": 1,
    "Plan Width": 8,
    "Actual Startup Time": 1112.348,
    "Actual Total Time": 1128.941,
    "Actual Rows": 1,
    "Actual Loops": 1,
    "Plans": [
      {
        "Node Type": "Gather",
        "Parent Relationship": "Outer",
        "Parallel Aware": false,
        "Startup Cost": 404112.5,
        "Total Cost": 404112.61,
        "Plan Rows": 1,
        "Plan Width": 8,
        "Actual Startup Time": 1107.852,
        "Actual Total Time": 1128.934,
        "Actual Rows": 2,
        "Actual Loops": 1,
        "Workers Planned": 1,
        "Workers Launched": 1,
        "Single Copy": false,
        "Plans": [
          {
            "Node Type": "Aggregate",
            "Strategy": "Plain",
            "Partial Mode": "Partial",
            "Parent Relationship": "Outer",
            "Parallel Aware": false,
            "Startup Cost": 403112.5,
            "Total Cost": 403112.51,
            "Plan Rows": 1,
            "Plan Width": 8,
            "Actual Startup Time": 1099.676,
            "Actual Total Time": 1099.682,
            "Actual Rows": 1,
            "Actual Loops": 2,
            "Plans": [
              {
                "Node Type": "Hash Join",
                "Parent Relationship": "Outer",
                "Parallel Aware": true,
                "Join Type": "Inner",
                "Startup Cost": 138543.7,
                "Total Cost": 402843.81,
                "Plan Rows": 107478,
                "Plan Width": 0,
                "Actual Startup Time": 912.526,
                "Actual Total Time": 1091.1,
                "Actual Rows": 195452,
                "Actual Loops": 2,
                "Inner Unique": false,
                "Hash Cond": "(ci.movie_id = t.id)",
                "Plans": [
                  {
                    "Node Type": "Bitmap Heap Scan",
                    "Parent Relationship": "Outer",
                    "Parallel Aware": true,
                    "Relation Name": "cast_info",
                    "Alias": "ci",
                    "Startup Cost": 25121.1,
                    "Total Cost": 287918.56,
                    "Plan Rows": 232114,
                    "Plan Width": 4,
                    "Actual Startup Time": 46.726,
                    "Actual Total Time": 120.175,
                    "Actual Rows": 421477,
                    "Actual Loops": 2,
                    "Recheck Cond": "(person_id < 118307)",
                    "Rows Removed by Index Recheck": 0,
                    "Filter": "(role_id = 1)",
                    "Rows Removed by Filter": 158118,
                    "Exact Heap Blocks": 6587,
                    "Lossy Heap Blocks": 0,
                    "Plans": [
                      {
                        "Node Type": "Bitmap Index Scan",
                        "Parent Relationship": "Outer",
                        "Parallel Aware": false,
                        "Index Name": "person_id_cast_info",
                        "Startup Cost": 0.0,
                        "Total Cost": 25022.45,
                        "Plan Rows": 1145852,
                        "Plan Width": 0,
                        "Actual Startup Time": 45.062,
                        "Actual Total Time": 45.062,
                        "Actual Rows": 1159191,
                        "Actual Loops": 1,
                        "Index Cond": "(person_id < 118307)"
                      }
                    ]
                  },
                  {
                    "Node Type": "Hash",
                    "Parent Relationship": "Inner",
                    "Parallel Aware": true,
                    "Startup Cost": 104814.5,
                    "Total Cost": 104814.5,
                    "Plan Rows": 688648,
                    "Plan Width": 8,
                    "Actual Startup Time": 851.672,
                    "Actual Total Time": 851.676,
                    "Actual Rows": 379572,
                    "Actual Loops": 2,
                    "Hash Buckets": 2097152,
                    "Original Hash Buckets": 2097152,
                    "Hash Batches": 1,
                    "Original Hash Batches": 1,
                    "Peak Memory Usage": 46112,
                    "Plans": [
                      {
                        "Node Type": "Hash Join",
                        "Parent Relationship": "Outer",
                        "Parallel Aware": true,
                        "Join Type": "Inner",
                        "Startup Cost": 66647.87,
                        "Total Cost": 104814.5,
                        "Plan Rows": 688648,
                        "Plan Width": 8,
                        "Actual Startup Time": 332.781,
                        "Actual Total Time": 745.293,
                        "Actual Rows": 379572,
                        "Actual Loops": 2,
                        "Inner Unique": true,
                        "Hash Cond": "(mc.movie_id = t.id)",
                        "Plans": [
                          {
                            "Node Type": "Seq Scan",
                            "Parent Relationship": "Outer",
                            "Parallel Aware": true,
                            "Relation Name": "movie_companies",
                            "Alias": "mc",
                            "Startup Cost": 0.0,
                            "Total Cost": 34137.82,
                            "Plan Rows": 1534782,
                            "Plan Width": 4,
                            "Actual Startup Time": 0.017,
                            "Actual Total Time": 99.455,
                            "Actual Rows": 1304564,
                            "Actual Loops": 2
                          },
                          {
                            "Node Type": "Hash",
                            "Parent Relationship": "Inner",
                            "Parallel Aware": true,
                            "Startup Cost": 58306.47,
                            "Total Cost": 58306.47,
                            "Plan Rows": 667312,
                            "Plan Width": 4,
                            "Actual Startup Time": 325.602,
                            "Actual Total Time": 325.603,
                            "Actual Rows": 617422,
                            "Actual Loops": 2,
                            "Hash Buckets": 2097152,
                            "Original Hash Buckets": 2097152,
                            "Hash Batches": 1,
                            "Original Hash Batches": 1,
                            "Peak Memory Usage": 64736,
                            "Plans": [
                              {
                                "Node Type": "Seq Scan",
                                "Parent Relationship": "Outer",
                                "Parallel Aware": true,
                                "Relation Name": "title",
                                "Alias": "t",
                                "Startup Cost": 0.0,
                                "Total Cost": 58306.47,
                                "Plan Rows": 667312,
                                "Plan Width": 4,
                                "Actual Startup Time": 0.036,
                                "Actual Total Time": 160.255,
                                "Actual Rows": 617422,
                                "Actual Loops": 2,
                                "Filter": "((kind_id > 1) AND (production_year > 1997))",
                                "Rows Removed by Filter": 646734
                              }
                            ]
                          }
                        ]
                      }
                    ]
                  }
                ]
              }
            ]
          }
        ]
      }
    ]
  },
  "Planning Time": 1.089,
  "Triggers": [],
  "Execution Time": 1129.096
}