[
  {
    "Plan": {
      "Node Type": "Aggregate",
      "Strategy": "Plain",
      "Partial Mode": "Finalize",
      "Parallel Aware": false,
      "Startup Cost": 91248.42,
      "Total Cost": 91248.43,
      "Plan Rows": 1,
      "Plan Width": 8,
      "Actual Startup Time": 307.475,
      "Actual Total Time": 325.19,
      "Actual Rows": 1,
      "Actual Loops": 1,
      "Plans": [
        {
          "Node Type": "Gather",
          "Parent Relationship": "Outer",
          "Parallel Aware": false,
          "Startup Cost": 91248.11,
          "Total Cost": 91248.42,
          "Plan Rows": 3,
          "Plan Width": 8,
          "Actual Startup Time": 306.918,
          "Actual Total Time": 325.18,
          "Actual Rows": 4,
          "Actual Loops": 1,
          "Workers Planned": 3,
          "Workers Launched": 3,
          "Single Copy": false,
          "Plans": [
            {
              "Node Type": "Aggregate",
              "Strategy": "Plain",
              "Partial Mode": "Partial",
              "Parent Relationship": "Outer",
              "Parallel Aware": false,
              "Startup Cost": 90248.11,
              "Total Cost": 90248.12,
              "Plan Rows": 1,
              "Plan Width": 8,
              "Actual Startup Time": 301.371,
              "Actual Total Time": 301.374,
              "Actual Rows": 1,
              "Actual Loops": 4,
              "Plans": [
                {
                  "Node Type": "Hash Join",
                  "Parent Relationship": "Outer",
                  "Parallel Aware": true,
                  "Join Type": "Inner",
                  "Startup Cost": 45602.76,
                  "Total Cost": 90219.58,
                  "Plan Rows": 11409,
                  "Plan Width": 0,
                  "Actual Startup Time": 150.967,
                  "Actual Total Time": 300.543,
                  "Actual Rows": 12380,
                  "Actual Loops": 4,
                  "Inner Unique": true,
                  "Hash Cond": "(mk.movie_id = t.id)",
                  "Plans": [
                    {
                      "Node Type": "Seq Scan",
                      "Parent Relationship": "Outer",
                      "Parallel Aware": true,
                      "Relation Name": "movie_keyword",
                      "Alias": "mk",
                      "Startup Cost": 0.0,
                      "Total Cost": 42695.65,
                      "Plan Rows": 731874,
                      "Plan Width": 4,
                      "Actual Startup Time": 0.026,
                      "Actual Total Time": 127.315,
                      "Actual Rows": 569885,
                      "Actual Loops": 4,
                      "Filter": "(keyword_id < 4833)",
                      "Rows Removed by Filter": 561097
                    },
                    {
                      "Node Type": "Hash",
                      "Parent Relationship": "Inner",
                      "Parallel Aware": true,
                      "Startup Cost": 45479.59,
                      "Total Cost": 45479.59,
                      "Plan Rows": 9854,
                      "Plan Width": 4,
                      "Actual Startup Time": 113.769,
                      "Actual Total Time": 113.77,
                      "Actual Rows": 27435,
                      "Actual Loops": 4,
                      "Hash Buckets": 131072,
                      "Original Hash Buckets": 65536,
                      "Hash Batches": 1,
                      "Original Hash Batches": 1,
                      "Peak Memory Usage": 5920,
                      "Plans": [
                        {
                          "Node Type": "Seq Scan",
                          "Parent Relationship": "Outer",
                          "Parallel Aware": true,
                          "Relation Name": "title",
                          "Alias": "t",
                          "Startup Cost": 0.0,
                          "Total Cost": 45479.59,
                          "Plan Rows": 9854,
                          "Plan Width": 4,
                          "Actual Startup Time": 61.482,
                          "Actual Total Time": 102.067,
                          "Actual Rows": 27435,
                          "Actual Loops": 4,
                          "Filter": "((kind_id < 7) AND (production_year < 1928))",
                          "Rows Removed by Filter": 604643
                        }
                      ]
                    }
                  ]
                }
              ]
            }
          ]
        }
      ]
    },
    "Planning Time": 0.303,
    "Triggers": [],
    "Execution Time": 325.234
  }
]