[
  {
    "Plan": {
      "Node Type": "Aggregate",
      "Strategy": "Plain",
      "Partial Mode": "Finalize",
      "Parallel Aware": false,
      "Startup Cost": 91268.65,
      "Total Cost": 91268.66,
      "Plan Rows": 1,
      "Plan Width": 8,
      "Actual Startup Time": 275.435,
      "Actual Total Time": 294.977,
      "Actual Rows": 1,
      "Actual Loops": 1,
      "Plans": [
        {
          "Node Type": "Gather",
          "Parent Relationship": "Outer",
          "Parallel Aware": false,
          "Startup Cost": 91268.34,
          "Total Cost": 91268.65,
          "Plan Rows": 3,
          "Plan Width": 8,
          "Actual Startup Time": 274.834,
          "Actual Total Time": 294.968,
          "Actual Rows": 4,
          "Actual Loops": 1,
          "Workers Planned": 3,
          "Workers Launched": 3,
          "Single Copy": false,
          "Plans": [
            {
              "Node Type": "Aggregate",
              "Strategy": "Plain",
              "Partial Mode": "Partial",
              "Parent Relationship": "Outer",
              "Parallel Aware": false,
              "Startup Cost": 90268.34,
              "Total Cost": 90268.35,
              "Plan Rows": 1,
              "Plan Width": 8,
              "Actual Startup Time": 266.06,
              "Actual Total Time": 266.064,
              "Actual Rows": 1,
              "Actual Loops": 4,
              "Plans": [
                {
                  "Node Type": "Hash Join",
                  "Parent Relationship": "Outer",
                  "Parallel Aware": true,
                  "Join Type": "Inner",
                  "Startup Cost": 45610.64,
                  "Total Cost": 90237.71,
                  "Plan Rows": 12250,
                  "Plan Width": 0,
                  "Actual Startup Time": 138.552,
                  "Actual Total Time": 265.384,
                  "Actual Rows": 12380,
                  "Actual Loops": 4,
                  "Inner Unique": true,
                  "Hash Cond": "(mk.movie_id = t.id)",
                  "Plans": [
                    {
                      "Node Type": "Seq Scan",
                      "Parent Relationship": "Outer",
                      "Parallel Aware": true,
                      "Relation Name": "movie_keyword",
                      "Alias": "mk",
                      "Startup Cost": 0.0,
                      "Total Cost": 42695.65,
                      "Plan Rows": 735780,
                      "Plan Width": 4,
                      "Actual Startup Time": 0.026,
                      "Actual Total Time": 107.45,
                      "Actual Rows": 569885,
                      "Actual Loops": 4,
                      "Filter": "(keyword_id < 4833)",
                      "Rows Removed by Filter": 561097
                    },
                    {
                      "Node Type": "Hash",
                      "Parent Relationship": "Inner",
                      "Parallel Aware": true,
                      "Startup Cost": 45479.1,
                      "Total Cost": 45479.1,
                      "Plan Rows": 10523,
                      "Plan Width": 4,
                      "Actual Startup Time": 106.617,
                      "Actual Total Time": 106.618,
                      "Actual Rows": 27435,
                      "Actual Loops": 4,
                      "Hash Buckets": 131072,
                      "Original Hash Buckets": 65536,
                      "Hash Batches": 1,
                      "Original Hash Batches": 1,
                      "Peak Memory Usage": 5920,
                      "Plans": [
                        {
                          "Node Type": "Seq Scan",
                          "Parent Relationship": "Outer",
                          "Parallel Aware": true,
                          "Relation Name": "title",
                          "Alias": "t",
                          "Startup Cost": 0.0,
                          "Total Cost": 45479.1,
                          "Plan Rows": 10523,
                          "Plan Width": 4,
                          "Actual Startup Time": 61.842,
                          "Actual Total Time": 96.614,
                          "Actual Rows": 27435,
                          "Actual Loops": 4,
                          "Filter": "((kind_id < 7) AND (production_year < 1928))",
                          "Rows Removed by Filter": 604643
                        }
                      ]
                    }
                  ]
                }
              ]
            }
          ]
        }
      ]
    },
    "Planning Time": 0.611,
    "Triggers": [],
    "Execution Time": 295.043
  }
]