[
  {
    "Plan": {
      "Node Type": "Aggregate",
      "Strategy": "Plain",
      "Partial Mode": "Finalize",
      "Parallel Aware": false,
      "Startup Cost": 294633.36,
      "Total Cost": 294633.37,
      "Plan Rows": 1,
      "Plan Width": 8,
      "Actual Startup Time": 178.428,
      "Actual Total Time": 186.043,
      "Actual Rows": 1,
      "Actual Loops": 1,
      "Plans": [
        {
          "Node Type": "Gather",
          "Parent Relationship": "Outer",
          "Parallel Aware": false,
          "Startup Cost": 294632.73,
          "Total Cost": 294633.34,
          "Plan Rows": 6,
          "Plan Width": 8,
          "Actual Startup Time": 178.035,
          "Actual Total Time": 186.035,
          "Actual Rows": 7,
          "Actual Loops": 1,
          "Workers Planned": 6,
          "Workers Launched": 6,
          "Single Copy": false,
          "Plans": [
            {
              "Node Type": "Aggregate",
              "Strategy": "Plain",
              "Partial Mode": "Partial",
              "Parent Relationship": "Outer",
              "Parallel Aware": false,
              "Startup Cost": 293632.73,
              "Total Cost": 293632.74,
              "Plan Rows": 1,
              "Plan Width": 8,
              "Actual Startup Time": 167.132,
              "Actual Total Time": 167.133,
              "Actual Rows": 1,
              "Actual Loops": 7,
              "Plans": [
                {
                  "Node Type": "Bitmap Heap Scan",
                  "Parent Relationship": "Outer",
                  "Parallel Aware": true,
                  "Relation Name": "cast_info",
                  "Alias": "ci",
                  "Startup Cost": 36362.55,
                  "Total Cost": 293181.25,
                  "Plan Rows": 180592,
                  "Plan Width": 0,
                  "Actual Startup Time": 66.533,
                  "Actual Total Time": 153.893,
                  "Actual Rows": 229343,
                  "Actual Loops": 7,
                  "Recheck Cond": "(person_id > 3744029)",
                  "Rows Removed by Index Recheck": 0,
                  "Filter": "(role_id > 1)",
                  "Rows Removed by Filter": 0,
                  "Exact Heap Blocks": 5672,
                  "Lossy Heap Blocks": 0,
                  "Plans": [
                    {
                      "Node Type": "Bitmap Index Scan",
                      "Parent Relationship": "Outer",
                      "Parallel Aware": false,
                      "Index Name": "person_id_cast_info",
                      "Startup Cost": 0.0,
                      "Total Cost": 36091.67,
                      "Plan Rows": 1652680,
                      "Plan Width": 0,
                      "Actual Startup Time": 72.472,
                      "Actual Total Time": 72.472,
                      "Actual Rows": 1605404,
                      "Actual Loops": 1,
                      "Index Cond": "(person_id > 3744029)"
                    }
                  ]
                }
              ]
            }
          ]
        }
      ]
    },
    "Planning Time": 0.206,
    "Triggers": [],
    "Execution Time": 186.116
  }
]