[
  {
    "Plan": {
      "Node Type": "Aggregate",
      "Strategy": "Plain",
      "Partial Mode": "Finalize",
      "Parallel Aware": false,
      "Startup Cost": 346600.91,
      "Total Cost": 346600.92,
      "Plan Rows": 1,
      "Plan Width": 8,
      "Actual Startup Time": 561.035,
      "Actual Total Time": 586.576,
      "Actual Rows": 1,
      "Actual Loops": 1,
      "Plans": [
        {
          "Node Type": "Gather",
          "Parent Relationship": "Outer",
          "Parallel Aware": false,
          "Startup Cost": 346600.29,
          "Total Cost": 346600.9,
          "Plan Rows": 6,
          "Plan Width": 8,
          "Actual Startup Time": 560.939,
          "Actual Total Time": 586.568,
          "Actual Rows": 7,
          "Actual Loops": 1,
          "Workers Planned": 6,
          "Workers Launched": 6,
          "Single Copy": false,
          "Plans": [
            {
              "Node Type": "Aggregate",
              "Strategy": "Plain",
              "Partial Mode": "Partial",
              "Parent Relationship": "Outer",
              "Parallel Aware": false,
              "Startup Cost": 345600.29,
              "Total Cost": 345600.3,
              "Plan Rows": 1,
              "Plan Width": 8,
              "Actual Startup Time": 554.672,
              "Actual Total Time": 554.673,
              "Actual Rows": 1,
              "Actual Loops": 7,
              "Plans": [
                {
                  "Node Type": "Seq Scan",
                  "Parent Relationship": "Outer",
                  "Parallel Aware": true,
                  "Relation Name": "cast_info",
                  "Alias": "ci",
                  "Startup Cost": 0.0,
                  "Total Cost": 343318.94,
                  "Plan Rows": 912540,
                  "Plan Width": 0,
                  "Actual Startup Time": 334.382,
                  "Actual Total Time": 543.139,
                  "Actual Rows": 259218,
                  "Actual Loops": 7,
                  "Filter": "((person_id > 2935123) AND (role_id < 5))",
                  "Rows Removed by Filter": 4918546
                }
              ]
            }
          ]
        }
      ]
    },
    "Planning Time": 0.066,
    "Triggers": [],
    "Execution Time": 586.599
  }
]