[
    {
        "Bao": {
            "Bao prediction": "NaN",
            "Bao recommended hint": "(no hint)"
        }
    },
    {
        "Plan": {
            "Node Type": "Aggregate",
            "Strategy": "Plain",
            "Partial Mode": "Finalize",
            "Parallel Aware": false,
            "Startup Cost": 334317.22,
            "Total Cost": 334317.23,
            "Plan Rows": 1,
            "Plan Width": 8,
            "Actual Startup Time": 644.152,
            "Actual Total Time": 671.338,
            "Actual Rows": 1,
            "Actual Loops": 1,
            "Output": [
                "count(*)"
            ],
            "Plans": [
                {
                    "Node Type": "Gather",
                    "Parent Relationship": "Outer",
                    "Parallel Aware": false,
                    "Startup Cost": 334316.6,
                    "Total Cost": 334317.21,
                    "Plan Rows": 6,
                    "Plan Width": 8,
                    "Actual Startup Time": 644.038,
                    "Actual Total Time": 671.329,
                    "Actual Rows": 7,
                    "Actual Loops": 1,
                    "Output": [
                        "(PARTIAL count(*))"
                    ],
                    "Workers Planned": 6,
                    "Workers Launched": 6,
                    "Single Copy": false,
                    "Plans": [
                        {
                            "Node Type": "Aggregate",
                            "Strategy": "Plain",
                            "Partial Mode": "Partial",
                            "Parent Relationship": "Outer",
                            "Parallel Aware": false,
                            "Startup Cost": 333316.6,
                            "Total Cost": 333316.61,
                            "Plan Rows": 1,
                            "Plan Width": 8,
                            "Actual Startup Time": 634.39,
                            "Actual Total Time": 634.391,
                            "Actual Rows": 1,
                            "Actual Loops": 7,
                            "Output": [
                                "PARTIAL count(*)"
                            ],
                            "Workers": [
                                {
                                    "Worker Number": 0,
                                    "Actual Startup Time": 632.165,
                                    "Actual Total Time": 632.166,
                                    "Actual Rows": 1,
                                    "Actual Loops": 1
                                },
                                {
                                    "Worker Number": 1,
                                    "Actual Startup Time": 632.4,
                                    "Actual Total Time": 632.401,
                                    "Actual Rows": 1,
                                    "Actual Loops": 1
                                },
                                {
                                    "Worker Number": 2,
                                    "Actual Startup Time": 632.706,
                                    "Actual Total Time": 632.706,
                                    "Actual Rows": 1,
                                    "Actual Loops": 1
                                },
                                {
                                    "Worker Number": 3,
                                    "Actual Startup Time": 632.8,
                                    "Actual Total Time": 632.802,
                                    "Actual Rows": 1,
                                    "Actual Loops": 1
                                },
                                {
                                    "Worker Number": 4,
                                    "Actual Startup Time": 633.378,
                                    "Actual Total Time": 633.379,
                                    "Actual Rows": 1,
                                    "Actual Loops": 1
                                },
                                {
                                    "Worker Number": 5,
                                    "Actual Startup Time": 633.573,
                                    "Actual Total Time": 633.574,
                                    "Actual Rows": 1,
                                    "Actual Loops": 1
                                }
                            ],
                            "Plans": [
                                {
                                    "Node Type": "Seq Scan",
                                    "Parent Relationship": "Outer",
                                    "Parallel Aware": true,
                                    "Relation Name": "cast_info",
                                    "Schema": "public",
                                    "Alias": "ci",
                                    "Startup Cost": 0.0,
                                    "Total Cost": 328213.62,
                                    "Plan Rows": 2041193,
                                    "Plan Width": 0,
                                    "Actual Startup Time": 257.397,
                                    "Actual Total Time": 552.562,
                                    "Actual Rows": 1776489,
                                    "Actual Loops": 7,
                                    "Output": [
                                        "id",
                                        "person_id",
                                        "movie_id",
                                        "person_role_id",
                                        "note",
                                        "nr_order",
                                        "role_id"
                                    ],
                                    "Filter": "(ci.person_id > 2440832)",
                                    "Rows Removed by Filter": 3401274,
                                    "Workers": [
                                        {
                                            "Worker Number": 0,
                                            "Actual Startup Time": 255.173,
                                            "Actual Total Time": 551.98,
                                            "Actual Rows": 1840797,
                                            "Actual Loops": 1
                                        },
                                        {
                                            "Worker Number": 1,
                                            "Actual Startup Time": 255.409,
                                            "Actual Total Time": 555.927,
                                            "Actual Rows": 1875654,
                                            "Actual Loops": 1
                                        },
                                        {
                                            "Worker Number": 2,
                                            "Actual Startup Time": 255.697,
                                            "Actual Total Time": 551.976,
                                            "Actual Rows": 1856927,
                                            "Actual Loops": 1
                                        },
                                        {
                                            "Worker Number": 3,
                                            "Actual Startup Time": 255.815,
                                            "Actual Total Time": 556.332,
                                            "Actual Rows": 1866093,
                                            "Actual Loops": 1
                                        },
                                        {
                                            "Worker Number": 4,
                                            "Actual Startup Time": 256.399,
                                            "Actual Total Time": 550.214,
                                            "Actual Rows": 1252200,
                                            "Actual Loops": 1
                                        },
                                        {
                                            "Worker Number": 5,
                                            "Actual Startup Time": 256.571,
                                            "Actual Total Time": 549.704,
                                            "Actual Rows": 1260669,
                                            "Actual Loops": 1
                                        }
                                    ]
                                }
                            ]
                        }
                    ]
                }
            ]
        },
        "Planning Time": 191.346,
        "Triggers": [],
        "Execution Time": 671.385
    }
]