{
  "Plan": {
    "Node Type": "Aggregate",
    "Strategy": "Plain",
    "Partial Mode": "Simple",
    "Parallel Aware": false,
    "Startup Cost": 206045.3,
    "Total Cost": 206045.31,
    "Plan Rows": 1,
    "Plan Width": 64,
    "Actual Startup Time": 331.805,
    "Actual Total Time": 358.313,
    "Actual Rows": 1,
    "Actual Loops": 1,
    "Plans": [
      {
        "Node Type": "Gather",
        "Parent Relationship": "Outer",
        "Parallel Aware": false,
        "Startup Cost": 1003.43,
        "Total Cost": 206045.29,
        "Plan Rows": 1,
        "Plan Width": 33,
        "Actual Startup Time": 331.756,
        "Actual Total Time": 358.3,
        "Actual Rows": 3,
        "Actual Loops": 1,
        "Workers Planned": 1,
        "Workers Launched": 1,
        "Single Copy": false,
        "Plans": [
          {
            "Node Type": "Nested Loop",
            "Parent Relationship": "Outer",
            "Parallel Aware": false,
            "Join Type": "Inner",
            "Startup Cost": 3.43,
            "Total Cost": 205045.19,
            "Plan Rows": 1,
            "Plan Width": 33,
            "Actual Startup Time": 269.73,
            "Actual Total Time": 324.763,
            "Actual Rows": 2,
            "Actual Loops": 2,
            "Inner Unique": true,
            "Plans": [
              {
                "Node Type": "Nested Loop",
                "Parent Relationship": "Outer",
                "Parallel Aware": false,
                "Join Type": "Inner",
                "Startup Cost": 3.01,
                "Total Cost": 205038.46,
                "Plan Rows": 1,
                "Plan Width": 37,
                "Actual Startup Time": 269.705,
                "Actual Total Time": 324.714,
                "Actual Rows": 2,
                "Actual Loops": 2,
                "Inner Unique": false,
                "Plans": [
                  {
                    "Node Type": "Nested Loop",
                    "Parent Relationship": "Outer",
                    "Parallel Aware": false,
                    "Join Type": "Inner",
                    "Startup Cost": 2.58,
                    "Total Cost": 205036.85,
                    "Plan Rows": 1,
                    "Plan Width": 41,
                    "Actual Startup Time": 269.674,
                    "Actual Total Time": 324.671,
                    "Actual Rows": 0,
                    "Actual Loops": 2,
                    "Inner Unique": true,
                    "Plans": [
                      {
                        "Node Type": "Hash Join",
                        "Parent Relationship": "Outer",
                        "Parallel Aware": false,
                        "Join Type": "Inner",
                        "Startup Cost": 2.15,
                        "Total Cost": 204773.12,
                        "Plan Rows": 126,
                        "Plan Width": 20,
                        "Actual Startup Time": 199.166,
                        "Actual Total Time": 322.296,
                        "Actual Rows": 330,
                        "Actual Loops": 2,
                        "Inner Unique": true,
                        "Hash Cond": "(ci.role_id = rt.id)",
                        "Plans": [
                          {
                            "Node Type": "Nested Loop",
                            "Parent Relationship": "Outer",
                            "Parallel Aware": false,
                            "Join Type": "Inner",
                            "Startup Cost": 0.99,
                            "Total Cost": 204766.57,
                            "Plan Rows": 1516,
                            "Plan Width": 24,
                            "Actual Startup Time": 82.69,
                            "Actual Total Time": 321.929,
                            "Actual Rows": 1288,
                            "Actual Loops": 2,
                            "Inner Unique": false,
                            "Plans": [
                              {
                                "Node Type": "Nested Loop",
                                "Parent Relationship": "Outer",
                                "Parallel Aware": false,
                                "Join Type": "Inner",
                                "Startup Cost": 0.42,
                                "Total Cost": 138583.8,
                                "Plan Rows": 5302,
                                "Plan Width": 24,
                                "Actual Startup Time": 1.465,
                                "Actual Total Time": 300.12,
                                "Actual Rows": 2016,
                                "Actual Loops": 2,
                                "Inner Unique": false,
                                "Plans": [
                                  {
                                    "Node Type": "Seq Scan",
                                    "Parent Relationship": "Outer",
                                    "Parallel Aware": true,
                                    "Relation Name": "name",
                                    "Alias": "n",
                                    "Startup Cost": 0.0,
                                    "Total Cost": 92382.65,
                                    "Plan Rows": 24511,
                                    "Plan Width": 4,
                                    "Actual Startup Time": 0.114,
                                    "Actual Total Time": 273.286,
                                    "Actual Rows": 10456,
                                    "Actual Loops": 2,
                                    "Filter": "((name ~~ '%Yo%'::text) AND (name !~~ '%Yu%'::text))",
                                    "Rows Removed by Filter": 2073290
                                  },
                                  {
                                    "Node Type": "Index Scan",
                                    "Parent Relationship": "Inner",
                                    "Parallel Aware": false,
                                    "Scan Direction": "Forward",
                                    "Index Name": "person_id_aka_name",
                                    "Relation Name": "aka_name",
                                    "Alias": "an",
                                    "Startup Cost": 0.42,
                                    "Total Cost": 1.86,
                                    "Plan Rows": 2,
                                    "Plan Width": 20,
                                    "Actual Startup Time": 0.002,
                                    "Actual Total Time": 0.002,
                                    "Actual Rows": 0,
                                    "Actual Loops": 20911,
                                    "Index Cond": "(person_id = n.id)",
                                    "Rows Removed by Index Recheck": 0
                                  }
                                ]
                              },
                              {
                                "Node Type": "Index Scan",
                                "Parent Relationship": "Inner",
                                "Parallel Aware": false,
                                "Scan Direction": "Forward",
                                "Index Name": "person_id_cast_info",
                                "Relation Name": "cast_info",
                                "Alias": "ci",
                                "Startup Cost": 0.56,
                                "Total Cost": 12.46,
                                "Plan Rows": 2,
                                "Plan Width": 12,
                                "Actual Startup Time": 0.01,
                                "Actual Total Time": 0.01,
                                "Actual Rows": 1,
                                "Actual Loops": 4031,
                                "Index Cond": "(person_id = an.person_id)",
                                "Rows Removed by Index Recheck": 0,
                                "Filter": "(note = '(voice: English version)'::text)",
                                "Rows Removed by Filter": 27
                              }
                            ]
                          },
                          {
                            "Node Type": "Hash",
                            "Parent Relationship": "Inner",
                            "Parallel Aware": false,
                            "Startup Cost": 1.15,
                            "Total Cost": 1.15,
                            "Plan Rows": 1,
                            "Plan Width": 4,
                            "Actual Startup Time": 0.038,
                            "Actual Total Time": 0.039,
                            "Actual Rows": 1,
                            "Actual Loops": 2,
                            "Hash Buckets": 1024,
                            "Original Hash Buckets": 1024,
                            "Hash Batches": 1,
                            "Original Hash Batches": 1,
                            "Peak Memory Usage": 9,
                            "Plans": [
                              {
                                "Node Type": "Seq Scan",
                                "Parent Relationship": "Outer",
                                "Parallel Aware": false,
                                "Relation Name": "role_type",
                                "Alias": "rt",
                                "Startup Cost": 0.0,
                                "Total Cost": 1.15,
                                "Plan Rows": 1,
                                "Plan Width": 4,
                                "Actual Startup Time": 0.027,
                                "Actual Total Time": 0.029,
                                "Actual Rows": 1,
                                "Actual Loops": 2,
                                "Filter": "((role)::text = 'actress'::text)",
                                "Rows Removed by Filter": 11
                              }
                            ]
                          }
                        ]
                      },
                      {
                        "Node Type": "Index Scan",
                        "Parent Relationship": "Inner",
                        "Parallel Aware": false,
                        "Scan Direction": "Forward",
                        "Index Name": "title_pkey",
                        "Relation Name": "title",
                        "Alias": "t",
                        "Startup Cost": 0.43,
                        "Total Cost": 2.09,
                        "Plan Rows": 1,
                        "Plan Width": 21,
                        "Actual Startup Time": 0.007,
                        "Actual Total Time": 0.007,
                        "Actual Rows": 0,
                        "Actual Loops": 659,
                        "Index Cond": "(id = ci.movie_id)",
                        "Rows Removed by Index Recheck": 0,
                        "Filter": "((title ~~ 'Kiru%'::text) AND (production_year >= 1997) AND (production_year <= 2013))",
                        "Rows Removed by Filter": 1
                      }
                    ]
                  },
                  {
                    "Node Type": "Index Scan",
                    "Parent Relationship": "Inner",
                    "Parallel Aware": false,
                    "Scan Direction": "Forward",
                    "Index Name": "movie_id_movie_companies",
                    "Relation Name": "movie_companies",
                    "Alias": "mc",
                    "Startup Cost": 0.43,
                    "Total Cost": 1.6,
                    "Plan Rows": 1,
                    "Plan Width": 8,
                    "Actual Startup Time": 0.059,
                    "Actual Total Time": 0.081,
                    "Actual Rows": 3,
                    "Actual Loops": 1,
                    "Index Cond": "(movie_id = ci.movie_id)",
                    "Rows Removed by Index Recheck": 0,
                    "Filter": "((note ~~ '%(Japan)%'::text) AND (note !~~ '%(USA)%'::text) AND ((note ~~ '%(2006)%'::text) OR (note ~~ '%(2007)%'::text)))",
                    "Rows Removed by Filter": 6
                  }
                ]
              },
              {
                "Node Type": "Index Scan",
                "Parent Relationship": "Inner",
                "Parallel Aware": false,
                "Scan Direction": "Forward",
                "Index Name": "company_name_pkey",
                "Relation Name": "company_name",
                "Alias": "cn",
                "Startup Cost": 0.42,
                "Total Cost": 6.73,
                "Plan Rows": 1,
                "Plan Width": 4,
                "Actual Startup Time": 0.029,
                "Actual Total Time": 0.029,
                "Actual Rows": 1,
                "Actual Loops": 3,
                "Index Cond": "(id = mc.company_id)",
                "Rows Removed by Index Recheck": 0,
                "Filter": "((country_code)::text = '[jp]'::text)",
                "Rows Removed by Filter": 0
              }
            ]
          }
        ]
      }
    ]
  },
  "Planning Time": 2.6,
  "Triggers": [],
  "Execution Time": 358.455
}