[
  {
    "Plan": {
      "Node Type": "Aggregate",
      "Strategy": "Plain",
      "Partial Mode": "Finalize",
      "Parallel Aware": false,
      "Startup Cost": 338186.65,
      "Total Cost": 338186.66,
      "Plan Rows": 1,
      "Plan Width": 8,
      "Actual Startup Time": 1177.062,
      "Actual Total Time": 1257.701,
      "Actual Rows": 1,
      "Actual Loops": 1,
      "Plans": [
        {
          "Node Type": "Gather",
          "Parent Relationship": "Outer",
          "Parallel Aware": false,
          "Startup Cost": 338186.02,
          "Total Cost": 338186.63,
          "Plan Rows": 6,
          "Plan Width": 8,
          "Actual Startup Time": 1176.727,
          "Actual Total Time": 1257.683,
          "Actual Rows": 7,
          "Actual Loops": 1,
          "Workers Planned": 6,
          "Workers Launched": 6,
          "Single Copy": false,
          "Plans": [
            {
              "Node Type": "Aggregate",
              "Strategy": "Plain",
              "Partial Mode": "Partial",
              "Parent Relationship": "Outer",
              "Parallel Aware": false,
              "Startup Cost": 337186.02,
              "Total Cost": 337186.03,
              "Plan Rows": 1,
              "Plan Width": 8,
              "Actual Startup Time": 1164.89,
              "Actual Total Time": 1164.892,
              "Actual Rows": 1,
              "Actual Loops": 7,
              "Plans": [
                {
                  "Node Type": "Seq Scan",
                  "Parent Relationship": "Outer",
                  "Parallel Aware": true,
                  "Relation Name": "cast_info",
                  "Alias": "ci",
                  "Startup Cost": 0.0,
                  "Total Cost": 328211.39,
                  "Plan Rows": 3589853,
                  "Plan Width": 0,
                  "Actual Startup Time": 256.775,
                  "Actual Total Time": 950.329,
                  "Actual Rows": 3057683,
                  "Actual Loops": 7,
                  "Filter": "(person_id > 1464199)",
                  "Rows Removed by Filter": 2120081
                }
              ]
            }
          ]
        }
      ]
    },
    "Planning Time": 0.299,
    "Triggers": [],
    "Execution Time": 1257.801
  }
]