[
    {
        "Bao": {
            "Bao prediction": "NaN",
            "Bao recommended hint": "(no hint)"
        }
    },
    {
        "Plan": {
            "Node Type": "Aggregate",
            "Strategy": "Plain",
            "Partial Mode": "Finalize",
            "Parallel Aware": false,
            "Startup Cost": 23109.14,
            "Total Cost": 23109.15,
            "Plan Rows": 1,
            "Plan Width": 8,
            "Actual Startup Time": 30.585,
            "Actual Total Time": 34.137,
            "Actual Rows": 1,
            "Actual Loops": 1,
            "Output": [
                "count(*)"
            ],
            "Plans": [
                {
                    "Node Type": "Gather",
                    "Parent Relationship": "Outer",
                    "Parallel Aware": false,
                    "Startup Cost": 23108.82,
                    "Total Cost": 23109.13,
                    "Plan Rows": 3,
                    "Plan Width": 8,
                    "Actual Startup Time": 30.425,
                    "Actual Total Time": 34.129,
                    "Actual Rows": 4,
                    "Actual Loops": 1,
                    "Output": [
                        "(PARTIAL count(*))"
                    ],
                    "Workers Planned": 3,
                    "Workers Launched": 3,
                    "Single Copy": false,
                    "Plans": [
                        {
                            "Node Type": "Aggregate",
                            "Strategy": "Plain",
                            "Partial Mode": "Partial",
                            "Parent Relationship": "Outer",
                            "Parallel Aware": false,
                            "Startup Cost": 22108.82,
                            "Total Cost": 22108.83,
                            "Plan Rows": 1,
                            "Plan Width": 8,
                            "Actual Startup Time": 21.918,
                            "Actual Total Time": 21.92,
                            "Actual Rows": 1,
                            "Actual Loops": 4,
                            "Output": [
                                "PARTIAL count(*)"
                            ],
                            "Workers": [
                                {
                                    "Worker Number": 0,
                                    "Actual Startup Time": 19.044,
                                    "Actual Total Time": 19.046,
                                    "Actual Rows": 1,
                                    "Actual Loops": 1
                                },
                                {
                                    "Worker Number": 1,
                                    "Actual Startup Time": 19.206,
                                    "Actual Total Time": 19.207,
                                    "Actual Rows": 1,
                                    "Actual Loops": 1
                                },
                                {
                                    "Worker Number": 2,
                                    "Actual Startup Time": 19.252,
                                    "Actual Total Time": 19.254,
                                    "Actual Rows": 1,
                                    "Actual Loops": 1
                                }
                            ],
                            "Plans": [
                                {
                                    "Node Type": "Bitmap Heap Scan",
                                    "Parent Relationship": "Outer",
                                    "Parallel Aware": true,
                                    "Relation Name": "movie_companies",
                                    "Schema": "public",
                                    "Alias": "mc",
                                    "Startup Cost": 2713.68,
                                    "Total Cost": 22007.97,
                                    "Plan Rows": 40343,
                                    "Plan Width": 0,
                                    "Actual Startup Time": 1.764,
                                    "Actual Total Time": 19.597,
                                    "Actual Rows": 31940,
                                    "Actual Loops": 4,
                                    "Recheck Cond": "(mc.company_id > 142377)",
                                    "Rows Removed by Index Recheck": 0,
                                    "Exact Heap Blocks": 2515,
                                    "Lossy Heap Blocks": 0,
                                    "Workers": [
                                        {
                                            "Worker Number": 0,
                                            "Actual Startup Time": 0.127,
                                            "Actual Total Time": 17.373,
                                            "Actual Rows": 12327,
                                            "Actual Loops": 1
                                        },
                                        {
                                            "Worker Number": 1,
                                            "Actual Startup Time": 0.183,
                                            "Actual Total Time": 17.473,
                                            "Actual Rows": 12991,
                                            "Actual Loops": 1
                                        },
                                        {
                                            "Worker Number": 2,
                                            "Actual Startup Time": 0.177,
                                            "Actual Total Time": 17.609,
                                            "Actual Rows": 13027,
                                            "Actual Loops": 1
                                        }
                                    ],
                                    "Plans": [
                                        {
                                            "Node Type": "Bitmap Index Scan",
                                            "Parent Relationship": "Outer",
                                            "Parallel Aware": false,
                                            "Index Name": "company_id_movie_companies",
                                            "Startup Cost": 0.0,
                                            "Total Cost": 2682.41,
                                            "Plan Rows": 125064,
                                            "Plan Width": 0,
                                            "Actual Startup Time": 5.844,
                                            "Actual Total Time": 5.844,
                                            "Actual Rows": 127760,
                                            "Actual Loops": 1,
                                            "Index Cond": "(mc.company_id > 142377)"
                                        }
                                    ]
                                }
                            ]
                        }
                    ]
                }
            ]
        },
        "Planning Time": 190.674,
        "Triggers": [],
        "Execution Time": 34.183
    }
]