[
  {
    "Plan": {
      "Node Type": "Aggregate",
      "Strategy": "Plain",
      "Partial Mode": "Finalize",
      "Parallel Aware": false,
      "Startup Cost": 364279.45,
      "Total Cost": 364279.46,
      "Plan Rows": 1,
      "Plan Width": 8,
      "Actual Startup Time": 590.261,
      "Actual Total Time": 680.801,
      "Actual Rows": 1,
      "Actual Loops": 1,
      "Plans": [
        {
          "Node Type": "Gather",
          "Parent Relationship": "Outer",
          "Parallel Aware": false,
          "Startup Cost": 364279.03,
          "Total Cost": 364279.44,
          "Plan Rows": 4,
          "Plan Width": 8,
          "Actual Startup Time": 590.071,
          "Actual Total Time": 680.788,
          "Actual Rows": 5,
          "Actual Loops": 1,
          "Workers Planned": 4,
          "Workers Launched": 4,
          "Single Copy": false,
          "Plans": [
            {
              "Node Type": "Aggregate",
              "Strategy": "Plain",
              "Partial Mode": "Partial",
              "Parent Relationship": "Outer",
              "Parallel Aware": false,
              "Startup Cost": 363279.03,
              "Total Cost": 363279.04,
              "Plan Rows": 1,
              "Plan Width": 8,
              "Actual Startup Time": 583.174,
              "Actual Total Time": 583.176,
              "Actual Rows": 1,
              "Actual Loops": 5,
              "Plans": [
                {
                  "Node Type": "Nested Loop",
                  "Parent Relationship": "Outer",
                  "Parallel Aware": false,
                  "Join Type": "Inner",
                  "Startup Cost": 0.56,
                  "Total Cost": 362911.79,
                  "Plan Rows": 146893,
                  "Plan Width": 0,
                  "Actual Startup Time": 0.344,
                  "Actual Total Time": 571.901,
                  "Actual Rows": 113907,
                  "Actual Loops": 5,
                  "Inner Unique": false,
                  "Plans": [
                    {
                      "Node Type": "Seq Scan",
                      "Parent Relationship": "Outer",
                      "Parallel Aware": true,
                      "Relation Name": "title",
                      "Alias": "t",
                      "Startup Cost": 0.0,
                      "Total Cost": 43899.32,
                      "Plan Rows": 13738,
                      "Plan Width": 4,
                      "Actual Startup Time": 0.041,
                      "Actual Total Time": 83.004,
                      "Actual Rows": 10603,
                      "Actual Loops": 5,
                      "Filter": "(production_year = 2000)",
                      "Rows Removed by Filter": 495060
                    },
                    {
                      "Node Type": "Index Scan",
                      "Parent Relationship": "Inner",
                      "Parallel Aware": false,
                      "Scan Direction": "Forward",
                      "Index Name": "movie_id_cast_info",
                      "Relation Name": "cast_info",
                      "Alias": "ci",
                      "Startup Cost": 0.56,
                      "Total Cost": 22.96,
                      "Plan Rows": 26,
                      "Plan Width": 4,
                      "Actual Startup Time": 0.016,
                      "Actual Total Time": 0.044,
                      "Actual Rows": 11,
                      "Actual Loops": 53013,
                      "Index Cond": "(movie_id = t.id)",
                      "Rows Removed by Index Recheck": 0,
                      "Filter": "(person_id > 911160)",
                      "Rows Removed by Filter": 4
                    }
                  ]
                }
              ]
            }
          ]
        }
      ]
    },
    "Planning Time": 0.263,
    "Triggers": [],
    "Execution Time": 680.865
  }
]