[
  {
    "Plan": {
      "Node Type": "Aggregate",
      "Strategy": "Plain",
      "Partial Mode": "Finalize",
      "Parallel Aware": false,
      "Startup Cost": 361000.27,
      "Total Cost": 361000.28,
      "Plan Rows": 1,
      "Plan Width": 8,
      "Actual Startup Time": 450.408,
      "Actual Total Time": 517.713,
      "Actual Rows": 1,
      "Actual Loops": 1,
      "Plans": [
        {
          "Node Type": "Gather",
          "Parent Relationship": "Outer",
          "Parallel Aware": false,
          "Startup Cost": 360999.85,
          "Total Cost": 361000.26,
          "Plan Rows": 4,
          "Plan Width": 8,
          "Actual Startup Time": 450.272,
          "Actual Total Time": 517.704,
          "Actual Rows": 5,
          "Actual Loops": 1,
          "Workers Planned": 4,
          "Workers Launched": 4,
          "Single Copy": false,
          "Plans": [
            {
              "Node Type": "Aggregate",
              "Strategy": "Plain",
              "Partial Mode": "Partial",
              "Parent Relationship": "Outer",
              "Parallel Aware": false,
              "Startup Cost": 359999.85,
              "Total Cost": 359999.86,
              "Plan Rows": 1,
              "Plan Width": 8,
              "Actual Startup Time": 440.742,
              "Actual Total Time": 440.743,
              "Actual Rows": 1,
              "Actual Loops": 5,
              "Plans": [
                {
                  "Node Type": "Nested Loop",
                  "Parent Relationship": "Outer",
                  "Parallel Aware": false,
                  "Join Type": "Inner",
                  "Startup Cost": 0.56,
                  "Total Cost": 359655.83,
                  "Plan Rows": 137609,
                  "Plan Width": 0,
                  "Actual Startup Time": 0.439,
                  "Actual Total Time": 433.191,
                  "Actual Rows": 113907,
                  "Actual Loops": 5,
                  "Inner Unique": false,
                  "Plans": [
                    {
                      "Node Type": "Seq Scan",
                      "Parent Relationship": "Outer",
                      "Parallel Aware": true,
                      "Relation Name": "title",
                      "Alias": "t",
                      "Startup Cost": 0.0,
                      "Total Cost": 43898.92,
                      "Plan Rows": 12831,
                      "Plan Width": 4,
                      "Actual Startup Time": 0.042,
                      "Actual Total Time": 59.285,
                      "Actual Rows": 10603,
                      "Actual Loops": 5,
                      "Filter": "(production_year = 2000)",
                      "Rows Removed by Filter": 495060
                    },
                    {
                      "Node Type": "Index Scan",
                      "Parent Relationship": "Inner",
                      "Parallel Aware": false,
                      "Scan Direction": "Forward",
                      "Index Name": "movie_id_cast_info",
                      "Relation Name": "cast_info",
                      "Alias": "ci",
                      "Startup Cost": 0.56,
                      "Total Cost": 24.34,
                      "Plan Rows": 27,
                      "Plan Width": 4,
                      "Actual Startup Time": 0.013,
                      "Actual Total Time": 0.034,
                      "Actual Rows": 11,
                      "Actual Loops": 53013,
                      "Index Cond": "(movie_id = t.id)",
                      "Rows Removed by Index Recheck": 0,
                      "Filter": "(person_id > 911160)",
                      "Rows Removed by Filter": 4
                    }
                  ]
                }
              ]
            }
          ]
        }
      ]
    },
    "Planning Time": 0.613,
    "Triggers": [],
    "Execution Time": 517.807
  }
]