[
  {
    "Plan": {
      "Node Type": "Aggregate",
      "Strategy": "Plain",
      "Partial Mode": "Finalize",
      "Parallel Aware": false,
      "Startup Cost": 434108.63,
      "Total Cost": 434108.64,
      "Plan Rows": 1,
      "Plan Width": 8,
      "Actual Startup Time": 1754.507,
      "Actual Total Time": 1824.286,
      "Actual Rows": 1,
      "Actual Loops": 1,
      "Plans": [
        {
          "Node Type": "Gather",
          "Parent Relationship": "Outer",
          "Parallel Aware": false,
          "Startup Cost": 434108.0,
          "Total Cost": 434108.61,
          "Plan Rows": 6,
          "Plan Width": 8,
          "Actual Startup Time": 1726.686,
          "Actual Total Time": 1824.267,
          "Actual Rows": 7,
          "Actual Loops": 1,
          "Workers Planned": 6,
          "Workers Launched": 6,
          "Single Copy": false,
          "Plans": [
            {
              "Node Type": "Aggregate",
              "Strategy": "Plain",
              "Partial Mode": "Partial",
              "Parent Relationship": "Outer",
              "Parallel Aware": false,
              "Startup Cost": 433108.0,
              "Total Cost": 433108.01,
              "Plan Rows": 1,
              "Plan Width": 8,
              "Actual Startup Time": 1714.637,
              "Actual Total Time": 1714.747,
              "Actual Rows": 1,
              "Actual Loops": 7,
              "Plans": [
                {
                  "Node Type": "Hash Join",
                  "Parent Relationship": "Outer",
                  "Parallel Aware": true,
                  "Join Type": "Inner",
                  "Startup Cost": 93899.07,
                  "Total Cost": 431772.31,
                  "Plan Rows": 534278,
                  "Plan Width": 0,
                  "Actual Startup Time": 487.491,
                  "Actual Total Time": 1651.088,
                  "Actual Rows": 1322517,
                  "Actual Loops": 7,
                  "Inner Unique": false,
                  "Hash Cond": "(ci.movie_id = t.id)",
                  "Plans": [
                    {
                      "Node Type": "Seq Scan",
                      "Parent Relationship": "Outer",
                      "Parallel Aware": true,
                      "Relation Name": "cast_info",
                      "Alias": "ci",
                      "Startup Cost": 0.0,
                      "Total Cost": 328211.39,
                      "Plan Rows": 2116898,
                      "Plan Width": 4,
                      "Actual Startup Time": 0.056,
                      "Actual Total Time": 711.021,
                      "Actual Rows": 1810098,
                      "Actual Loops": 7,
                      "Filter": "(role_id < 2)",
                      "Rows Removed by Filter": 3367665
                    },
                    {
                      "Node Type": "Hash",
                      "Parent Relationship": "Inner",
                      "Parallel Aware": true,
                      "Startup Cost": 91325.92,
                      "Total Cost": 91325.92,
                      "Plan Rows": 205852,
                      "Plan Width": 8,
                      "Actual Startup Time": 484.018,
                      "Actual Total Time": 484.126,
                      "Actual Rows": 92579,
                      "Actual Loops": 7,
                      "Hash Buckets": 1048576,
                      "Original Hash Buckets": 1048576,
                      "Hash Batches": 1,
                      "Original Hash Batches": 1,
                      "Peak Memory Usage": 33664,
                      "Plans": [
                        {
                          "Node Type": "Hash Join",
                          "Parent Relationship": "Outer",
                          "Parallel Aware": true,
                          "Join Type": "Inner",
                          "Startup Cost": 63758.41,
                          "Total Cost": 91325.92,
                          "Plan Rows": 205852,
                          "Plan Width": 8,
                          "Actual Startup Time": 329.027,
                          "Actual Total Time": 430.82,
                          "Actual Rows": 92579,
                          "Actual Loops": 7,
                          "Inner Unique": true,
                          "Hash Cond": "(mk.movie_id = t.id)",
                          "Plans": [
                            {
                              "Node Type": "Bitmap Heap Scan",
                              "Parent Relationship": "Outer",
                              "Parallel Aware": true,
                              "Relation Name": "movie_keyword",
                              "Alias": "mk",
                              "Startup Cost": 13538.03,
                              "Total Cost": 40565.17,
                              "Plan Rows": 205852,
                              "Plan Width": 4,
                              "Actual Startup Time": 43.503,
                              "Actual Total Time": 97.077,
                              "Actual Rows": 92579,
                              "Actual Loops": 7,
                              "Recheck Cond": "(keyword_id < 500)",
                              "Rows Removed by Index Recheck": 0,
                              "Exact Heap Blocks": 4664,
                              "Lossy Heap Blocks": 0,
                              "Plans": [
                                {
                                  "Node Type": "Bitmap Index Scan",
                                  "Parent Relationship": "Outer",
                                  "Parallel Aware": false,
                                  "Index Name": "keyword_id_movie_keyword",
                                  "Startup Cost": 0.0,
                                  "Total Cost": 13378.49,
                                  "Plan Rows": 638141,
                                  "Plan Width": 0,
                                  "Actual Startup Time": 39.697,
                                  "Actual Total Time": 39.697,
                                  "Actual Rows": 648054,
                                  "Actual Loops": 1,
                                  "Index Cond": "(keyword_id < 500)"
                                }
                              ]
                            },
                            {
                              "Node Type": "Hash",
                              "Parent Relationship": "Inner",
                              "Parallel Aware": true,
                              "Startup Cost": 42319.06,
                              "Total Cost": 42319.06,
                              "Plan Rows": 632106,
                              "Plan Width": 4,
                              "Actual Startup Time": 280.816,
                              "Actual Total Time": 280.818,
                              "Actual Rows": 361187,
                              "Actual Loops": 7,
                              "Hash Buckets": 4194304,
                              "Original Hash Buckets": 4194304,
                              "Hash Batches": 1,
                              "Original Hash Batches": 1,
                              "Peak Memory Usage": 131808,
                              "Plans": [
                                {
                                  "Node Type": "Seq Scan",
                                  "Parent Relationship": "Outer",
                                  "Parallel Aware": true,
                                  "Relation Name": "title",
                                  "Alias": "t",
                                  "Startup Cost": 0.0,
                                  "Total Cost": 42319.06,
                                  "Plan Rows": 632106,
                                  "Plan Width": 4,
                                  "Actual Startup Time": 0.062,
                                  "Actual Total Time": 79.254,
                                  "Actual Rows": 361187,
                                  "Actual Loops": 7
                                }
                              ]
                            }
                          ]
                        }
                      ]
                    }
                  ]
                }
              ]
            }
          ]
        }
      ]
    },
    "Planning Time": 1.326,
    "Triggers": [],
    "Execution Time": 1824.412
  }
]