{
  "Plan": {
    "Node Type": "Aggregate",
    "Strategy": "Plain",
    "Partial Mode": "Simple",
    "Parallel Aware": false,
    "Startup Cost": 1798578.73,
    "Total Cost": 1798578.74,
    "Plan Rows": 1,
    "Plan Width": 96,
    "Actual Startup Time": 8067.158,
    "Actual Total Time": 8067.295,
    "Actual Rows": 1,
    "Actual Loops": 1,
    "Plans": [
      {
        "Node Type": "Merge Join",
        "Parent Relationship": "Outer",
        "Parallel Aware": false,
        "Join Type": "Inner",
        "Startup Cost": 1798578.69,
        "Total Cost": 1798578.72,
        "Plan Rows": 1,
        "Plan Width": 42,
        "Actual Startup Time": 8067.134,
        "Actual Total Time": 8067.278,
        "Actual Rows": 53,
        "Actual Loops": 1,
        "Inner Unique": false,
        "Merge Cond": "(ct.id = mc.company_type_id)",
        "Plans": [
          {
            "Node Type": "Sort",
            "Parent Relationship": "Outer",
            "Parallel Aware": false,
            "Startup Cost": 1.06,
            "Total Cost": 1.06,
            "Plan Rows": 1,
            "Plan Width": 4,
            "Actual Startup Time": 0.042,
            "Actual Total Time": 0.044,
            "Actual Rows": 1,
            "Actual Loops": 1,
            "Sort Key": [
              "ct.id"
            ],
            "Sort Method": "quicksort",
            "Sort Space Used": 25,
            "Sort Space Type": "Memory",
            "Plans": [
              {
                "Node Type": "Seq Scan",
                "Parent Relationship": "Outer",
                "Parallel Aware": false,
                "Relation Name": "company_type",
                "Alias": "ct",
                "Startup Cost": 0.0,
                "Total Cost": 1.05,
                "Plan Rows": 1,
                "Plan Width": 4,
                "Actual Startup Time": 0.016,
                "Actual Total Time": 0.018,
                "Actual Rows": 1,
                "Actual Loops": 1,
                "Filter": "((kind)::text = 'production companies'::text)",
                "Rows Removed by Filter": 3
              }
            ]
          },
          {
            "Node Type": "Sort",
            "Parent Relationship": "Inner",
            "Parallel Aware": false,
            "Startup Cost": 1798577.63,
            "Total Cost": 1798577.64,
            "Plan Rows": 1,
            "Plan Width": 46,
            "Actual Startup Time": 8067.074,
            "Actual Total Time": 8067.215,
            "Actual Rows": 213,
            "Actual Loops": 1,
            "Sort Key": [
              "mc.company_type_id"
            ],
            "Sort Method": "quicksort",
            "Sort Space Used": 45,
            "Sort Space Type": "Memory",
            "Plans": [
              {
                "Node Type": "Merge Join",
                "Parent Relationship": "Outer",
                "Parallel Aware": false,
                "Join Type": "Inner",
                "Startup Cost": 1798577.6,
                "Total Cost": 1798577.62,
                "Plan Rows": 1,
                "Plan Width": 46,
                "Actual Startup Time": 8066.972,
                "Actual Total Time": 8067.141,
                "Actual Rows": 213,
                "Actual Loops": 1,
                "Inner Unique": true,
                "Merge Cond": "(t.kind_id = kt.id)",
                "Plans": [
                  {
                    "Node Type": "Sort",
                    "Parent Relationship": "Outer",
                    "Parallel Aware": false,
                    "Startup Cost": 1798576.5,
                    "Total Cost": 1798576.51,
                    "Plan Rows": 1,
                    "Plan Width": 50,
                    "Actual Startup Time": 8066.918,
                    "Actual Total Time": 8067.06,
                    "Actual Rows": 214,
                    "Actual Loops": 1,
                    "Sort Key": [
                      "t.kind_id"
                    ],
                    "Sort Method": "quicksort",
                    "Sort Space Used": 54,
                    "Sort Space Type": "Memory",
                    "Plans": [
                      {
                        "Node Type": "Merge Join",
                        "Parent Relationship": "Outer",
                        "Parallel Aware": false,
                        "Join Type": "Inner",
                        "Startup Cost": 1798575.79,
                        "Total Cost": 1798576.49,
                        "Plan Rows": 1,
                        "Plan Width": 50,
                        "Actual Startup Time": 8066.783,
                        "Actual Total Time": 8066.963,
                        "Actual Rows": 270,
                        "Actual Loops": 1,
                        "Inner Unique": false,
                        "Merge Cond": "(it2.id = mi.info_type_id)",
                        "Plans": [
                          {
                            "Node Type": "Sort",
                            "Parent Relationship": "Outer",
                            "Parallel Aware": false,
                            "Startup Cost": 2.42,
                            "Total Cost": 2.43,
                            "Plan Rows": 1,
                            "Plan Width": 4,
                            "Actual Startup Time": 0.052,
                            "Actual Total Time": 0.053,
                            "Actual Rows": 1,
                            "Actual Loops": 1,
                            "Sort Key": [
                              "it2.id"
                            ],
                            "Sort Method": "quicksort",
                            "Sort Space Used": 25,
                            "Sort Space Type": "Memory",
                            "Plans": [
                              {
                                "Node Type": "Seq Scan",
                                "Parent Relationship": "Outer",
                                "Parallel Aware": false,
                                "Relation Name": "info_type",
                                "Alias": "it2",
                                "Startup Cost": 0.0,
                                "Total Cost": 2.41,
                                "Plan Rows": 1,
                                "Plan Width": 4,
                                "Actual Startup Time": 0.014,
                                "Actual Total Time": 0.025,
                                "Actual Rows": 1,
                                "Actual Loops": 1,
                                "Filter": "((info)::text = 'release dates'::text)",
                                "Rows Removed by Filter": 112
                              }
                            ]
                          },
                          {
                            "Node Type": "Sort",
                            "Parent Relationship": "Inner",
                            "Parallel Aware": false,
                            "Startup Cost": 1798573.37,
                            "Total Cost": 1798573.71,
                            "Plan Rows": 137,
                            "Plan Width": 54,
                            "Actual Startup Time": 8066.602,
                            "Actual Total Time": 8066.809,
                            "Actual Rows": 1300,
                            "Actual Loops": 1,
                            "Sort Key": [
                              "mi.info_type_id"
                            ],
                            "Sort Method": "quicksort",
                            "Sort Space Used": 240,
                            "Sort Space Type": "Memory",
                            "Plans": [
                              {
                                "Node Type": "Merge Join",
                                "Parent Relationship": "Outer",
                                "Parallel Aware": false,
                                "Join Type": "Inner",
                                "Startup Cost": 679862.48,
                                "Total Cost": 1798568.5,
                                "Plan Rows": 137,
                                "Plan Width": 54,
                                "Actual Startup Time": 4782.446,
                                "Actual Total Time": 8066.212,
                                "Actual Rows": 1610,
                                "Actual Loops": 1,
                                "Inner Unique": false,
                                "Merge Cond": "(mi.movie_id = t.id)",
                                "Plans": [
                                  {
                                    "Node Type": "Index Scan",
                                    "Parent Relationship": "Outer",
                                    "Parallel Aware": false,
                                    "Scan Direction": "Forward",
                                    "Index Name": "movie_id_movie_info",
                                    "Relation Name": "movie_info",
                                    "Alias": "mi",
                                    "Startup Cost": 0.43,
                                    "Total Cost": 1081422.08,
                                    "Plan Rows": 14868506,
                                    "Plan Width": 8,
                                    "Actual Startup Time": 0.049,
                                    "Actual Total Time": 2636.498,
                                    "Actual Rows": 9698520,
                                    "Actual Loops": 1
                                  },
                                  {
                                    "Node Type": "Materialize",
                                    "Parent Relationship": "Inner",
                                    "Parallel Aware": false,
                                    "Startup Cost": 679862.04,
                                    "Total Cost": 679974.81,
                                    "Plan Rows": 4,
                                    "Plan Width": 62,
                                    "Actual Startup Time": 4742.194,
                                    "Actual Total Time": 4838.069,
                                    "Actual Rows": 1606,
                                    "Actual Loops": 1,
                                    "Plans": [
                                      {
                                        "Node Type": "Gather Merge",
                                        "Parent Relationship": "Outer",
                                        "Parallel Aware": false,
                                        "Startup Cost": 679862.04,
                                        "Total Cost": 679974.8,
                                        "Plan Rows": 4,
                                        "Plan Width": 62,
                                        "Actual Startup Time": 4742.178,
                                        "Actual Total Time": 4837.951,
                                        "Actual Rows": 88,
                                        "Actual Loops": 1,
                                        "Workers Planned": 4,
                                        "Workers Launched": 4,
                                        "Plans": [
                                          {
                                            "Node Type": "Merge Join",
                                            "Parent Relationship": "Outer",
                                            "Parallel Aware": false,
                                            "Join Type": "Inner",
                                            "Startup Cost": 678861.98,
                                            "Total Cost": 678974.27,
                                            "Plan Rows": 1,
                                            "Plan Width": 62,
                                            "Actual Startup Time": 4496.231,
                                            "Actual Total Time": 4562.608,
                                            "Actual Rows": 18,
                                            "Actual Loops": 5,
                                            "Inner Unique": false,
                                            "Merge Cond": "(t.id = mc.movie_id)",
                                            "Plans": [
                                              {
                                                "Node Type": "Sort",
                                                "Parent Relationship": "Outer",
                                                "Parallel Aware": false,
                                                "Startup Cost": 47064.29,
                                                "Total Cost": 47064.58,
                                                "Plan Rows": 118,
                                                "Plan Width": 25,
                                                "Actual Startup Time": 132.464,
                                                "Actual Total Time": 132.478,
                                                "Actual Rows": 59,
                                                "Actual Loops": 5,
                                                "Sort Key": [
                                                  "t.id"
                                                ],
                                                "Sort Method": "quicksort",
                                                "Sort Space Used": 31,
                                                "Sort Space Type": "Memory",
                                                "Workers": [
                                                  {
                                                    "Worker Number": 0,
                                                    "Sort Method": "quicksort",
                                                    "Sort Space Used": 29,
                                                    "Sort Space Type": "Memory"
                                                  },
                                                  {
                                                    "Worker Number": 1,
                                                    "Sort Method": "quicksort",
                                                    "Sort Space Used": 28,
                                                    "Sort Space Type": "Memory"
                                                  },
                                                  {
                                                    "Worker Number": 2,
                                                    "Sort Method": "quicksort",
                                                    "Sort Space Used": 29,
                                                    "Sort Space Type": "Memory"
                                                  },
                                                  {
                                                    "Worker Number": 3,
                                                    "Sort Method": "quicksort",
                                                    "Sort Space Used": 31,
                                                    "Sort Space Type": "Memory"
                                                  }
                                                ],
                                                "Plans": [
                                                  {
                                                    "Node Type": "Seq Scan",
                                                    "Parent Relationship": "Outer",
                                                    "Parallel Aware": true,
                                                    "Relation Name": "title",
                                                    "Alias": "t",
                                                    "Startup Cost": 0.0,
                                                    "Total Cost": 47060.23,
                                                    "Plan Rows": 118,
                                                    "Plan Width": 25,
                                                    "Actual Startup Time": 6.53,
                                                    "Actual Total Time": 132.33,
                                                    "Actual Rows": 59,
                                                    "Actual Loops": 5,
                                                    "Filter": "((title <> ''::text) AND ((title ~~ 'Champion%'::text) OR (title ~~ 'Loser%'::text)))",
                                                    "Rows Removed by Filter": 505604
                                                  }
                                                ]
                                              },
                                              {
                                                "Node Type": "Sort",
                                                "Parent Relationship": "Inner",
                                                "Parallel Aware": false,
                                                "Startup Cost": 631797.69,
                                                "Total Cost": 631853.54,
                                                "Plan Rows": 22337,
                                                "Plan Width": 37,
                                                "Actual Startup Time": 4341.996,
                                                "Actual Total Time": 4392.76,
                                                "Actual Rows": 502946,
                                                "Actual Loops": 5,
                                                "Sort Key": [
                                                  "mc.movie_id"
                                                ],
                                                "Sort Method": "quicksort",
                                                "Sort Space Used": 76176,
                                                "Sort Space Type": "Memory",
                                                "Workers": [
                                                  {
                                                    "Worker Number": 0,
                                                    "Sort Method": "quicksort",
                                                    "Sort Space Used": 76176,
                                                    "Sort Space Type": "Memory"
                                                  },
                                                  {
                                                    "Worker Number": 1,
                                                    "Sort Method": "quicksort",
                                                    "Sort Space Used": 76176,
                                                    "Sort Space Type": "Memory"
                                                  },
                                                  {
                                                    "Worker Number": 2,
                                                    "Sort Method": "quicksort",
                                                    "Sort Space Used": 76176,
                                                    "Sort Space Type": "Memory"
                                                  },
                                                  {
                                                    "Worker Number": 3,
                                                    "Sort Method": "quicksort",
                                                    "Sort Space Used": 76176,
                                                    "Sort Space Type": "Memory"
                                                  }
                                                ],
                                                "Plans": [
                                                  {
                                                    "Node Type": "Merge Join",
                                                    "Parent Relationship": "Outer",
                                                    "Parallel Aware": false,
                                                    "Join Type": "Inner",
                                                    "Startup Cost": 617340.47,
                                                    "Total Cost": 630184.17,
                                                    "Plan Rows": 22337,
                                                    "Plan Width": 37,
                                                    "Actual Startup Time": 4018.863,
                                                    "Actual Total Time": 4135.471,
                                                    "Actual Rows": 580109,
                                                    "Actual Loops": 5,
                                                    "Inner Unique": false,
                                                    "Merge Cond": "(it.id = miidx.info_type_id)",
                                                    "Plans": [
                                                      {
                                                        "Node Type": "Sort",
                                                        "Parent Relationship": "Outer",
                                                        "Parallel Aware": false,
                                                        "Startup Cost": 2.42,
                                                        "Total Cost": 2.43,
                                                        "Plan Rows": 1,
                                                        "Plan Width": 4,
                                                        "Actual Startup Time": 0.087,
                                                        "Actual Total Time": 0.089,
                                                        "Actual Rows": 1,
                                                        "Actual Loops": 5,
                                                        "Sort Key": [
                                                          "it.id"
                                                        ],
                                                        "Sort Method": "quicksort",
                                                        "Sort Space Used": 25,
                                                        "Sort Space Type": "Memory",
                                                        "Workers": [
                                                          {
                                                            "Worker Number": 0,
                                                            "Sort Method": "quicksort",
                                                            "Sort Space Used": 25,
                                                            "Sort Space Type": "Memory"
                                                          },
                                                          {
                                                            "Worker Number": 1,
                                                            "Sort Method": "quicksort",
                                                            "Sort Space Used": 25,
                                                            "Sort Space Type": "Memory"
                                                          },
                                                          {
                                                            "Worker Number": 2,
                                                            "Sort Method": "quicksort",
                                                            "Sort Space Used": 25,
                                                            "Sort Space Type": "Memory"
                                                          },
                                                          {
                                                            "Worker Number": 3,
                                                            "Sort Method": "quicksort",
                                                            "Sort Space Used": 25,
                                                            "Sort Space Type": "Memory"
                                                          }
                                                        ],
                                                        "Plans": [
                                                          {
                                                            "Node Type": "Seq Scan",
                                                            "Parent Relationship": "Outer",
                                                            "Parallel Aware": false,
                                                            "Relation Name": "info_type",
                                                            "Alias": "it",
                                                            "Startup Cost": 0.0,
                                                            "Total Cost": 2.41,
                                                            "Plan Rows": 1,
                                                            "Plan Width": 4,
                                                            "Actual Startup Time": 0.062,
                                                            "Actual Total Time": 0.063,
                                                            "Actual Rows": 1,
                                                            "Actual Loops": 5,
                                                            "Filter": "((info)::text = 'rating'::text)",
                                                            "Rows Removed by Filter": 112
                                                          }
                                                        ]
                                                      },
                                                      {
                                                        "Node Type": "Sort",
                                                        "Parent Relationship": "Inner",
                                                        "Parallel Aware": false,
                                                        "Startup Cost": 617338.04,
                                                        "Total Cost": 623648.2,
                                                        "Plan Rows": 2524065,
                                                        "Plan Width": 41,
                                                        "Actual Startup Time": 3834.867,
                                                        "Actual Total Time": 3970.882,
                                                        "Actual Rows": 1740328,
                                                        "Actual Loops": 5,
                                                        "Sort Key": [
                                                          "miidx.info_type_id"
                                                        ],
                                                        "Sort Method": "quicksort",
                                                        "Sort Space Used": 223770,
                                                        "Sort Space Type": "Memory",
                                                        "Workers": [
                                                          {
                                                            "Worker Number": 0,
                                                            "Sort Method": "quicksort",
                                                            "Sort Space Used": 223770,
                                                            "Sort Space Type": "Memory"
                                                          },
                                                          {
                                                            "Worker Number": 1,
                                                            "Sort Method": "quicksort",
                                                            "Sort Space Used": 223770,
                                                            "Sort Space Type": "Memory"
                                                          },
                                                          {
                                                            "Worker Number": 2,
                                                            "Sort Method": "quicksort",
                                                            "Sort Space Used": 223770,
                                                            "Sort Space Type": "Memory"
                                                          },
                                                          {
                                                            "Worker Number": 3,
                                                            "Sort Method": "quicksort",
                                                            "Sort Space Used": 223770,
                                                            "Sort Space Type": "Memory"
                                                          }
                                                        ],
                                                        "Plans": [
                                                          {
                                                            "Node Type": "Merge Join",
                                                            "Parent Relationship": "Outer",
                                                            "Parallel Aware": false,
                                                            "Join Type": "Inner",
                                                            "Startup Cost": 254008.37,
                                                            "Total Cost": 348937.58,
                                                            "Plan Rows": 2524065,
                                                            "Plan Width": 41,
                                                            "Actual Startup Time": 2459.845,
                                                            "Actual Total Time": 3289.578,
                                                            "Actual Rows": 1742698,
                                                            "Actual Loops": 5,
                                                            "Inner Unique": false,
                                                            "Merge Cond": "(miidx.movie_id = mc.movie_id)",
                                                            "Plans": [
                                                              {
                                                                "Node Type": "Index Scan",
                                                                "Parent Relationship": "Outer",
                                                                "Parallel Aware": false,
                                                                "Scan Direction": "Forward",
                                                                "Index Name": "movie_id_movie_info_idx",
                                                                "Relation Name": "movie_info_idx",
                                                                "Alias": "miidx",
                                                                "Startup Cost": 0.43,
                                                                "Total Cost": 53622.74,
                                                                "Plan Rows": 1380035,
                                                                "Plan Width": 14,
                                                                "Actual Startup Time": 0.068,
                                                                "Actual Total Time": 263.976,
                                                                "Actual Rows": 1380012,
                                                                "Actual Loops": 5
                                                              },
                                                              {
                                                                "Node Type": "Sort",
                                                                "Parent Relationship": "Inner",
                                                                "Parallel Aware": false,
                                                                "Startup Cost": 254007.76,
                                                                "Total Cost": 256392.95,
                                                                "Plan Rows": 954076,
                                                                "Plan Width": 27,
                                                                "Actual Startup Time": 2459.766,
                                                                "Actual Total Time": 2623.37,
                                                                "Actual Rows": 2316387,
                                                                "Actual Loops": 5,
                                                                "Sort Key": [
                                                                  "mc.movie_id"
                                                                ],
                                                                "Sort Method": "quicksort",
                                                                "Sort Space Used": 139176,
                                                                "Sort Space Type": "Memory",
                                                                "Workers": [
                                                                  {
                                                                    "Worker Number": 0,
                                                                    "Sort Method": "quicksort",
                                                                    "Sort Space Used": 139176,
                                                                    "Sort Space Type": "Memory"
                                                                  },
                                                                  {
                                                                    "Worker Number": 1,
                                                                    "Sort Method": "quicksort",
                                                                    "Sort Space Used": 139176,
                                                                    "Sort Space Type": "Memory"
                                                                  },
                                                                  {
                                                                    "Worker Number": 2,
                                                                    "Sort Method": "quicksort",
                                                                    "Sort Space Used": 139176,
                                                                    "Sort Space Type": "Memory"
                                                                  },
                                                                  {
                                                                    "Worker Number": 3,
                                                                    "Sort Method": "quicksort",
                                                                    "Sort Space Used": 139176,
                                                                    "Sort Space Type": "Memory"
                                                                  }
                                                                ],
                                                                "Plans": [
                                                                  {
                                                                    "Node Type": "Merge Join",
                                                                    "Parent Relationship": "Outer",
                                                                    "Parallel Aware": false,
                                                                    "Join Type": "Inner",
                                                                    "Startup Cost": 4190.88,
                                                                    "Total Cost": 159250.15,
                                                                    "Plan Rows": 954076,
                                                                    "Plan Width": 27,
                                                                    "Actual Startup Time": 0.072,
                                                                    "Actual Total Time": 1999.138,
                                                                    "Actual Rows": 1153798,
                                                                    "Actual Loops": 5,
                                                                    "Inner Unique": false,
                                                                    "Merge Cond": "(cn.id = mc.company_id)",
                                                                    "Plans": [
                                                                      {
                                                                        "Node Type": "Index Scan",
                                                                        "Parent Relationship": "Outer",
                                                                        "Parallel Aware": false,
                                                                        "Scan Direction": "Forward",
                                                                        "Index Name": "company_name_pkey",
                                                                        "Relation Name": "company_name",
                                                                        "Alias": "cn",
                                                                        "Startup Cost": 0.42,
                                                                        "Total Cost": 12469.43,
                                                                        "Plan Rows": 85931,
                                                                        "Plan Width": 23,
                                                                        "Actual Startup Time": 0.036,
                                                                        "Actual Total Time": 176.024,
                                                                        "Actual Rows": 84843,
                                                                        "Actual Loops": 5,
                                                                        "Filter": "((country_code)::text = '[us]'::text)",
                                                                        "Rows Removed by Filter": 150154
                                                                      },
                                                                      {
                                                                        "Node Type": "Index Scan",
                                                                        "Parent Relationship": "Inner",
                                                                        "Parallel Aware": false,
                                                                        "Scan Direction": "Forward",
                                                                        "Index Name": "company_id_movie_companies",
                                                                        "Relation Name": "movie_companies",
                                                                        "Alias": "mc",
                                                                        "Startup Cost": 0.43,
                                                                        "Total Cost": 130510.28,
                                                                        "Plan Rows": 2609129,
                                                                        "Plan Width": 12,
                                                                        "Actual Startup Time": 0.032,
                                                                        "Actual Total Time": 1525.905,
                                                                        "Actual Rows": 2609129,
                                                                        "Actual Loops": 5
                                                                      }
                                                                    ]
                                                                  }
                                                                ]
                                                              }
                                                            ]
                                                          }
                                                        ]
                                                      }
                                                    ]
                                                  }
                                                ]
                                              }
                                            ]
                                          }
                                        ]
                                      }
                                    ]
                                  }
                                ]
                              }
                            ]
                          }
                        ]
                      }
                    ]
                  },
                  {
                    "Node Type": "Sort",
                    "Parent Relationship": "Inner",
                    "Parallel Aware": false,
                    "Startup Cost": 1.1,
                    "Total Cost": 1.1,
                    "Plan Rows": 1,
                    "Plan Width": 4,
                    "Actual Startup Time": 0.051,
                    "Actual Total Time": 0.051,
                    "Actual Rows": 1,
                    "Actual Loops": 1,
                    "Sort Key": [
                      "kt.id"
                    ],
                    "Sort Method": "quicksort",
                    "Sort Space Used": 25,
                    "Sort Space Type": "Memory",
                    "Plans": [
                      {
                        "Node Type": "Seq Scan",
                        "Parent Relationship": "Outer",
                        "Parallel Aware": false,
                        "Relation Name": "kind_type",
                        "Alias": "kt",
                        "Startup Cost": 0.0,
                        "Total Cost": 1.09,
                        "Plan Rows": 1,
                        "Plan Width": 4,
                        "Actual Startup Time": 0.016,
                        "Actual Total Time": 0.017,
                        "Actual Rows": 1,
                        "Actual Loops": 1,
                        "Filter": "((kind)::text = 'movie'::text)",
                        "Rows Removed by Filter": 6
                      }
                    ]
                  }
                ]
              }
            ]
          }
        ]
      }
    ]
  },
  "Planning Time": 20.482,
  "Triggers": [],
  "Execution Time": 8097.35
}