{
  "Plan": {
    "Node Type": "Aggregate",
    "Strategy": "Plain",
    "Partial Mode": "Simple",
    "Parallel Aware": false,
    "Startup Cost": 504293.73,
    "Total Cost": 504293.74,
    "Plan Rows": 1,
    "Plan Width": 32,
    "Actual Startup Time": 7611.659,
    "Actual Total Time": 7612.037,
    "Actual Rows": 1,
    "Actual Loops": 1,
    "Plans": [
      {
        "Node Type": "Nested Loop",
        "Parent Relationship": "Outer",
        "Parallel Aware": false,
        "Join Type": "Inner",
        "Startup Cost": 403625.25,
        "Total Cost": 504293.73,
        "Plan Rows": 1,
        "Plan Width": 17,
        "Actual Startup Time": 7611.655,
        "Actual Total Time": 7612.032,
        "Actual Rows": 0,
        "Actual Loops": 1,
        "Inner Unique": false,
        "Join Filter": "(cc.status_id = cct2.id)",
        "Rows Removed by Join Filter": 0,
        "Plans": [
          {
            "Node Type": "Seq Scan",
            "Parent Relationship": "Outer",
            "Parallel Aware": false,
            "Relation Name": "comp_cast_type",
            "Alias": "cct2",
            "Startup Cost": 0.0,
            "Total Cost": 1.05,
            "Plan Rows": 1,
            "Plan Width": 4,
            "Actual Startup Time": 0.012,
            "Actual Total Time": 0.016,
            "Actual Rows": 2,
            "Actual Loops": 1,
            "Filter": "((kind)::text ~~ '%complete%'::text)",
            "Rows Removed by Filter": 2
          },
          {
            "Node Type": "Nested Loop",
            "Parent Relationship": "Inner",
            "Parallel Aware": false,
            "Join Type": "Inner",
            "Startup Cost": 403625.25,
            "Total Cost": 504292.66,
            "Plan Rows": 1,
            "Plan Width": 21,
            "Actual Startup Time": 3805.816,
            "Actual Total Time": 3806.004,
            "Actual Rows": 0,
            "Actual Loops": 2,
            "Inner Unique": false,
            "Join Filter": "(t.kind_id = kt.id)",
            "Rows Removed by Join Filter": 0,
            "Plans": [
              {
                "Node Type": "Seq Scan",
                "Parent Relationship": "Outer",
                "Parallel Aware": false,
                "Relation Name": "kind_type",
                "Alias": "kt",
                "Startup Cost": 0.0,
                "Total Cost": 1.09,
                "Plan Rows": 1,
                "Plan Width": 4,
                "Actual Startup Time": 0.006,
                "Actual Total Time": 0.008,
                "Actual Rows": 1,
                "Actual Loops": 2,
                "Filter": "((kind)::text = 'movie'::text)",
                "Rows Removed by Filter": 6
              },
              {
                "Node Type": "Nested Loop",
                "Parent Relationship": "Inner",
                "Parallel Aware": false,
                "Join Type": "Inner",
                "Startup Cost": 403625.25,
                "Total Cost": 504291.56,
                "Plan Rows": 1,
                "Plan Width": 25,
                "Actual Startup Time": 3805.805,
                "Actual Total Time": 3805.993,
                "Actual Rows": 0,
                "Actual Loops": 2,
                "Inner Unique": false,
                "Join Filter": "(mk.keyword_id = k.id)",
                "Rows Removed by Join Filter": 0,
                "Plans": [
                  {
                    "Node Type": "Seq Scan",
                    "Parent Relationship": "Outer",
                    "Parallel Aware": false,
                    "Relation Name": "keyword",
                    "Alias": "k",
                    "Startup Cost": 0.0,
                    "Total Cost": 3632.4,
                    "Plan Rows": 8,
                    "Plan Width": 4,
                    "Actual Startup Time": 0.144,
                    "Actual Total Time": 22.408,
                    "Actual Rows": 8,
                    "Actual Loops": 2,
                    "Filter": "(keyword = ANY ('{superhero,sequel,second-part,marvel-comics,based-on-comic,tv-special,fight,violence}'::text[]))",
                    "Rows Removed by Filter": 134162
                  },
                  {
                    "Node Type": "Materialize",
                    "Parent Relationship": "Inner",
                    "Parallel Aware": false,
                    "Startup Cost": 403625.25,
                    "Total Cost": 500659.05,
                    "Plan Rows": 1,
                    "Plan Width": 29,
                    "Actual Startup Time": 472.924,
                    "Actual Total Time": 472.948,
                    "Actual Rows": 0,
                    "Actual Loops": 16,
                    "Plans": [
                      {
                        "Node Type": "Nested Loop",
                        "Parent Relationship": "Outer",
                        "Parallel Aware": false,
                        "Join Type": "Inner",
                        "Startup Cost": 403625.25,
                        "Total Cost": 500659.04,
                        "Plan Rows": 1,
                        "Plan Width": 29,
                        "Actual Startup Time": 7566.782,
                        "Actual Total Time": 7567.156,
                        "Actual Rows": 0,
                        "Actual Loops": 1,
                        "Inner Unique": false,
                        "Join Filter": "(cc.subject_id = cct1.id)",
                        "Rows Removed by Join Filter": 0,
                        "Plans": [
                          {
                            "Node Type": "Seq Scan",
                            "Parent Relationship": "Outer",
                            "Parallel Aware": false,
                            "Relation Name": "comp_cast_type",
                            "Alias": "cct1",
                            "Startup Cost": 0.0,
                            "Total Cost": 1.05,
                            "Plan Rows": 1,
                            "Plan Width": 4,
                            "Actual Startup Time": 0.005,
                            "Actual Total Time": 0.009,
                            "Actual Rows": 1,
                            "Actual Loops": 1,
                            "Filter": "((kind)::text = 'cast'::text)",
                            "Rows Removed by Filter": 3
                          },
                          {
                            "Node Type": "Nested Loop",
                            "Parent Relationship": "Inner",
                            "Parallel Aware": false,
                            "Join Type": "Inner",
                            "Startup Cost": 403625.25,
                            "Total Cost": 500657.98,
                            "Plan Rows": 1,
                            "Plan Width": 33,
                            "Actual Startup Time": 7566.771,
                            "Actual Total Time": 7567.144,
                            "Actual Rows": 0,
                            "Actual Loops": 1,
                            "Inner Unique": false,
                            "Join Filter": "(mk.movie_id = t.id)",
                            "Rows Removed by Join Filter": 17106584,
                            "Plans": [
                              {
                                "Node Type": "Gather",
                                "Parent Relationship": "Outer",
                                "Parallel Aware": false,
                                "Startup Cost": 1000.0,
                                "Total Cost": 47059.99,
                                "Plan Rows": 21604,
                                "Plan Width": 25,
                                "Actual Startup Time": 101.54,
                                "Actual Total Time": 105.43,
                                "Actual Rows": 24508,
                                "Actual Loops": 1,
                                "Workers Planned": 4,
                                "Workers Launched": 4,
                                "Single Copy": false,
                                "Plans": [
                                  {
                                    "Node Type": "Seq Scan",
                                    "Parent Relationship": "Outer",
                                    "Parallel Aware": true,
                                    "Relation Name": "title",
                                    "Alias": "t",
                                    "Startup Cost": 0.0,
                                    "Total Cost": 43899.59,
                                    "Plan Rows": 5401,
                                    "Plan Width": 25,
                                    "Actual Startup Time": 82.742,
                                    "Actual Total Time": 152.865,
                                    "Actual Rows": 4902,
                                    "Actual Loops": 5,
                                    "Filter": "(production_year < 1910)",
                                    "Rows Removed by Filter": 500761
                                  }
                                ]
                              },
                              {
                                "Node Type": "Materialize",
                                "Parent Relationship": "Inner",
                                "Parallel Aware": false,
                                "Startup Cost": 402625.25,
                                "Total Cost": 453273.93,
                                "Plan Rows": 1,
                                "Plan Width": 24,
                                "Actual Startup Time": 0.245,
                                "Actual Total Time": 0.268,
                                "Actual Rows": 698,
                                "Actual Loops": 24508,
                                "Plans": [
                                  {
                                    "Node Type": "Nested Loop",
                                    "Parent Relationship": "Outer",
                                    "Parallel Aware": false,
                                    "Join Type": "Inner",
                                    "Startup Cost": 402625.25,
                                    "Total Cost": 453273.92,
                                    "Plan Rows": 1,
                                    "Plan Width": 24,
                                    "Actual Startup Time": 5997.963,
                                    "Actual Total Time": 5998.485,
                                    "Actual Rows": 698,
                                    "Actual Loops": 1,
                                    "Inner Unique": false,
                                    "Plans": [
                                      {
                                        "Node Type": "Hash Join",
                                        "Parent Relationship": "Outer",
                                        "Parallel Aware": false,
                                        "Join Type": "Inner",
                                        "Startup Cost": 402624.81,
                                        "Total Cost": 453272.22,
                                        "Plan Rows": 1,
                                        "Plan Width": 16,
                                        "Actual Startup Time": 5997.857,
                                        "Actual Total Time": 5998.15,
                                        "Actual Rows": 4,
                                        "Actual Loops": 1,
                                        "Inner Unique": false,
                                        "Hash Cond": "(chn.id = ci.person_role_id)",
                                        "Plans": [
                                          {
                                            "Node Type": "Gather",
                                            "Parent Relationship": "Outer",
                                            "Parallel Aware": false,
                                            "Startup Cost": 1000.0,
                                            "Total Cost": 51249.4,
                                            "Plan Rows": 628,
                                            "Plan Width": 4,
                                            "Actual Startup Time": 41.459,
                                            "Actual Total Time": 41.545,
                                            "Actual Rows": 30,
                                            "Actual Loops": 1,
                                            "Workers Planned": 4,
                                            "Workers Launched": 3,
                                            "Single Copy": false,
                                            "Plans": [
                                              {
                                                "Node Type": "Seq Scan",
                                                "Parent Relationship": "Outer",
                                                "Parallel Aware": true,
                                                "Relation Name": "char_name",
                                                "Alias": "chn",
                                                "Startup Cost": 0.0,
                                                "Total Cost": 50186.6,
                                                "Plan Rows": 157,
                                                "Plan Width": 4,
                                                "Actual Startup Time": 29.462,
                                                "Actual Total Time": 328.002,
                                                "Actual Rows": 8,
                                                "Actual Loops": 4,
                                                "Filter": "((name !~~ '%Sherlock%'::text) AND ((name ~~ '%Tony%Stark%'::text) OR (name ~~ '%Iron%Man%'::text)))",
                                                "Rows Removed by Filter": 785077
                                              }
                                            ]
                                          },
                                          {
                                            "Node Type": "Hash",
                                            "Parent Relationship": "Inner",
                                            "Parallel Aware": false,
                                            "Startup Cost": 401618.5,
                                            "Total Cost": 401618.5,
                                            "Plan Rows": 505,
                                            "Plan Width": 20,
                                            "Actual Startup Time": 5956.319,
                                            "Actual Total Time": 5956.518,
                                            "Actual Rows": 103,
                                            "Actual Loops": 1,
                                            "Hash Buckets": 1024,
                                            "Original Hash Buckets": 1024,
                                            "Hash Batches": 1,
                                            "Original Hash Batches": 1,
                                            "Peak Memory Usage": 14,
                                            "Plans": [
                                              {
                                                "Node Type": "Hash Join",
                                                "Parent Relationship": "Outer",
                                                "Parallel Aware": false,
                                                "Join Type": "Inner",
                                                "Startup Cost": 399025.02,
                                                "Total Cost": 401618.5,
                                                "Plan Rows": 505,
                                                "Plan Width": 20,
                                                "Actual Startup Time": 5938.058,
                                                "Actual Total Time": 5956.458,
                                                "Actual Rows": 109,
                                                "Actual Loops": 1,
                                                "Inner Unique": false,
                                                "Hash Cond": "(cc.movie_id = ci.movie_id)",
                                                "Plans": [
                                                  {
                                                    "Node Type": "Seq Scan",
                                                    "Parent Relationship": "Outer",
                                                    "Parallel Aware": false,
                                                    "Relation Name": "complete_cast",
                                                    "Alias": "cc",
                                                    "Startup Cost": 0.0,
                                                    "Total Cost": 2081.86,
                                                    "Plan Rows": 135086,
                                                    "Plan Width": 12,
                                                    "Actual Startup Time": 0.052,
                                                    "Actual Total Time": 10.164,
                                                    "Actual Rows": 135086,
                                                    "Actual Loops": 1
                                                  },
                                                  {
                                                    "Node Type": "Hash",
                                                    "Parent Relationship": "Inner",
                                                    "Parallel Aware": false,
                                                    "Startup Cost": 398979.67,
                                                    "Total Cost": 398979.67,
                                                    "Plan Rows": 3628,
                                                    "Plan Width": 8,
                                                    "Actual Startup Time": 5937.914,
                                                    "Actual Total Time": 5938.11,
                                                    "Actual Rows": 486,
                                                    "Actual Loops": 1,
                                                    "Hash Buckets": 4096,
                                                    "Original Hash Buckets": 4096,
                                                    "Hash Batches": 1,
                                                    "Original Hash Batches": 1,
                                                    "Peak Memory Usage": 51,
                                                    "Plans": [
                                                      {
                                                        "Node Type": "Gather",
                                                        "Parent Relationship": "Outer",
                                                        "Parallel Aware": false,
                                                        "Startup Cost": 69637.35,
                                                        "Total Cost": 398979.67,
                                                        "Plan Rows": 3628,
                                                        "Plan Width": 8,
                                                        "Actual Startup Time": 1240.581,
                                                        "Actual Total Time": 5937.953,
                                                        "Actual Rows": 486,
                                                        "Actual Loops": 1,
                                                        "Workers Planned": 6,
                                                        "Workers Launched": 0,
                                                        "Single Copy": false,
                                                        "Plans": [
                                                          {
                                                            "Node Type": "Hash Join",
                                                            "Parent Relationship": "Outer",
                                                            "Parallel Aware": true,
                                                            "Join Type": "Inner",
                                                            "Startup Cost": 68637.35,
                                                            "Total Cost": 397616.87,
                                                            "Plan Rows": 605,
                                                            "Plan Width": 8,
                                                            "Actual Startup Time": 1240.057,
                                                            "Actual Total Time": 5937.206,
                                                            "Actual Rows": 486,
                                                            "Actual Loops": 1,
                                                            "Inner Unique": true,
                                                            "Hash Cond": "(ci.person_id = n.id)",
                                                            "Plans": [
                                                              {
                                                                "Node Type": "Seq Scan",
                                                                "Parent Relationship": "Outer",
                                                                "Parallel Aware": true,
                                                                "Relation Name": "cast_info",
                                                                "Alias": "ci",
                                                                "Startup Cost": 0.0,
                                                                "Total Cost": 313116.71,
                                                                "Plan Rows": 6042971,
                                                                "Plan Width": 12,
                                                                "Actual Startup Time": 0.008,
                                                                "Actual Total Time": 3015.488,
                                                                "Actual Rows": 36244344,
                                                                "Actual Loops": 1
                                                              },
                                                              {
                                                                "Node Type": "Hash",
                                                                "Parent Relationship": "Inner",
                                                                "Parallel Aware": true,
                                                                "Startup Cost": 68636.05,
                                                                "Total Cost": 68636.05,
                                                                "Plan Rows": 104,
                                                                "Plan Width": 4,
                                                                "Actual Startup Time": 814.241,
                                                                "Actual Total Time": 814.242,
                                                                "Actual Rows": 2,
                                                                "Actual Loops": 1,
                                                                "Hash Buckets": 1024,
                                                                "Original Hash Buckets": 1024,
                                                                "Hash Batches": 1,
                                                                "Original Hash Batches": 1,
                                                                "Peak Memory Usage": 40,
                                                                "Plans": [
                                                                  {
                                                                    "Node Type": "Seq Scan",
                                                                    "Parent Relationship": "Outer",
                                                                    "Parallel Aware": true,
                                                                    "Relation Name": "name",
                                                                    "Alias": "n",
                                                                    "Startup Cost": 0.0,
                                                                    "Total Cost": 68636.05,
                                                                    "Plan Rows": 104,
                                                                    "Plan Width": 4,
                                                                    "Actual Startup Time": 81.519,
                                                                    "Actual Total Time": 814.216,
                                                                    "Actual Rows": 2,
                                                                    "Actual Loops": 1,
                                                                    "Filter": "(name ~~ '%Downey%Robert%'::text)",
                                                                    "Rows Removed by Filter": 4167489
                                                                  }
                                                                ]
                                                              }
                                                            ]
                                                          }
                                                        ]
                                                      }
                                                    ]
                                                  }
                                                ]
                                              }
                                            ]
                                          }
                                        ]
                                      },
                                      {
                                        "Node Type": "Index Scan",
                                        "Parent Relationship": "Inner",
                                        "Parallel Aware": false,
                                        "Scan Direction": "Forward",
                                        "Index Name": "movie_id_movie_keyword",
                                        "Relation Name": "movie_keyword",
                                        "Alias": "mk",
                                        "Startup Cost": 0.43,
                                        "Total Cost": 1.24,
                                        "Plan Rows": 46,
                                        "Plan Width": 8,
                                        "Actual Startup Time": 0.043,
                                        "Actual Total Time": 0.065,
                                        "Actual Rows": 174,
                                        "Actual Loops": 4,
                                        "Index Cond": "(movie_id = ci.movie_id)",
                                        "Rows Removed by Index Recheck": 0
                                      }
                                    ]
                                  }
                                ]
                              }
                            ]
                          }
                        ]
                      }
                    ]
                  }
                ]
              }
            ]
          }
        ]
      }
    ]
  },
  "Planning Time": 27.923,
  "Triggers": [],
  "Execution Time": 7612.483
}