[
  {
    "Plan": {
      "Node Type": "Aggregate",
      "Strategy": "Plain",
      "Partial Mode": "Finalize",
      "Parallel Aware": false,
      "Startup Cost": 245029.46,
      "Total Cost": 245029.47,
      "Plan Rows": 1,
      "Plan Width": 8,
      "Actual Startup Time": 742.23,
      "Actual Total Time": 785.339,
      "Actual Rows": 1,
      "Actual Loops": 1,
      "Plans": [
        {
          "Node Type": "Gather",
          "Parent Relationship": "Outer",
          "Parallel Aware": false,
          "Startup Cost": 245028.94,
          "Total Cost": 245029.45,
          "Plan Rows": 5,
          "Plan Width": 8,
          "Actual Startup Time": 741.192,
          "Actual Total Time": 785.33,
          "Actual Rows": 6,
          "Actual Loops": 1,
          "Workers Planned": 5,
          "Workers Launched": 5,
          "Single Copy": false,
          "Plans": [
            {
              "Node Type": "Aggregate",
              "Strategy": "Plain",
              "Partial Mode": "Partial",
              "Parent Relationship": "Outer",
              "Parallel Aware": false,
              "Startup Cost": 244028.94,
              "Total Cost": 244028.95,
              "Plan Rows": 1,
              "Plan Width": 8,
              "Actual Startup Time": 734.204,
              "Actual Total Time": 734.207,
              "Actual Rows": 1,
              "Actual Loops": 6,
              "Plans": [
                {
                  "Node Type": "Hash Join",
                  "Parent Relationship": "Outer",
                  "Parallel Aware": true,
                  "Join Type": "Inner",
                  "Startup Cost": 44234.57,
                  "Total Cost": 243713.98,
                  "Plan Rows": 125985,
                  "Plan Width": 0,
                  "Actual Startup Time": 94.084,
                  "Actual Total Time": 723.559,
                  "Actual Rows": 208073,
                  "Actual Loops": 6,
                  "Inner Unique": true,
                  "Hash Cond": "(mi.movie_id = t.id)",
                  "Plans": [
                    {
                      "Node Type": "Seq Scan",
                      "Parent Relationship": "Outer",
                      "Parallel Aware": true,
                      "Relation Name": "movie_info",
                      "Alias": "mi",
                      "Startup Cost": 0.0,
                      "Total Cost": 191685.19,
                      "Plan Rows": 2969219,
                      "Plan Width": 4,
                      "Actual Startup Time": 0.032,
                      "Actual Total Time": 306.167,
                      "Actual Rows": 2472620,
                      "Actual Loops": 6
                    },
                    {
                      "Node Type": "Hash",
                      "Parent Relationship": "Inner",
                      "Parallel Aware": true,
                      "Startup Cost": 43899.32,
                      "Total Cost": 43899.32,
                      "Plan Rows": 26820,
                      "Plan Width": 4,
                      "Actual Startup Time": 82.874,
                      "Actual Total Time": 82.875,
                      "Actual Rows": 19219,
                      "Actual Loops": 6,
                      "Hash Buckets": 131072,
                      "Original Hash Buckets": 131072,
                      "Hash Batches": 1,
                      "Original Hash Batches": 1,
                      "Peak Memory Usage": 5600,
                      "Plans": [
                        {
                          "Node Type": "Seq Scan",
                          "Parent Relationship": "Outer",
                          "Parallel Aware": true,
                          "Relation Name": "title",
                          "Alias": "t",
                          "Startup Cost": 0.0,
                          "Total Cost": 43899.32,
                          "Plan Rows": 26820,
                          "Plan Width": 4,
                          "Actual Startup Time": 37.937,
                          "Actual Total Time": 75.767,
                          "Actual Rows": 19219,
                          "Actual Loops": 6,
                          "Filter": "(production_year < 1930)",
                          "Rows Removed by Filter": 402166
                        }
                      ]
                    }
                  ]
                }
              ]
            }
          ]
        }
      ]
    },
    "Planning Time": 0.287,
    "Triggers": [],
    "Execution Time": 785.385
  }
]