[
  {
    "Plan": {
      "Node Type": "Aggregate",
      "Strategy": "Plain",
      "Partial Mode": "Finalize",
      "Parallel Aware": false,
      "Startup Cost": 281592.63,
      "Total Cost": 281592.64,
      "Plan Rows": 1,
      "Plan Width": 8,
      "Actual Startup Time": 491.903,
      "Actual Total Time": 511.265,
      "Actual Rows": 1,
      "Actual Loops": 1,
      "Plans": [
        {
          "Node Type": "Gather",
          "Parent Relationship": "Outer",
          "Parallel Aware": false,
          "Startup Cost": 281592.11,
          "Total Cost": 281592.62,
          "Plan Rows": 5,
          "Plan Width": 8,
          "Actual Startup Time": 480.608,
          "Actual Total Time": 511.254,
          "Actual Rows": 6,
          "Actual Loops": 1,
          "Workers Planned": 5,
          "Workers Launched": 5,
          "Single Copy": false,
          "Plans": [
            {
              "Node Type": "Aggregate",
              "Strategy": "Plain",
              "Partial Mode": "Partial",
              "Parent Relationship": "Outer",
              "Parallel Aware": false,
              "Startup Cost": 280592.11,
              "Total Cost": 280592.12,
              "Plan Rows": 1,
              "Plan Width": 8,
              "Actual Startup Time": 469.708,
              "Actual Total Time": 469.715,
              "Actual Rows": 1,
              "Actual Loops": 6,
              "Plans": [
                {
                  "Node Type": "Hash Join",
                  "Parent Relationship": "Outer",
                  "Parallel Aware": true,
                  "Join Type": "Inner",
                  "Startup Cost": 114266.81,
                  "Total Cost": 280514.46,
                  "Plan Rows": 31060,
                  "Plan Width": 0,
                  "Actual Startup Time": 395.527,
                  "Actual Total Time": 469.137,
                  "Actual Rows": 6816,
                  "Actual Loops": 6,
                  "Inner Unique": false,
                  "Hash Cond": "(mi.movie_id = t.id)",
                  "Plans": [
                    {
                      "Node Type": "Bitmap Heap Scan",
                      "Parent Relationship": "Outer",
                      "Parallel Aware": true,
                      "Relation Name": "movie_info",
                      "Alias": "mi",
                      "Startup Cost": 23159.21,
                      "Total Cost": 188347.95,
                      "Plan Rows": 255659,
                      "Plan Width": 4,
                      "Actual Startup Time": 50.564,
                      "Actual Total Time": 90.035,
                      "Actual Rows": 216498,
                      "Actual Loops": 6,
                      "Recheck Cond": "(info_type_id = 4)",
                      "Rows Removed by Index Recheck": 0,
                      "Exact Heap Blocks": 1329,
                      "Lossy Heap Blocks": 0,
                      "Plans": [
                        {
                          "Node Type": "Bitmap Index Scan",
                          "Parent Relationship": "Outer",
                          "Parallel Aware": false,
                          "Index Name": "info_type_id_movie_info",
                          "Startup Cost": 0.0,
                          "Total Cost": 22839.64,
                          "Plan Rows": 1278294,
                          "Plan Width": 0,
                          "Actual Startup Time": 49.243,
                          "Actual Total Time": 49.244,
                          "Actual Rows": 1298989,
                          "Actual Loops": 1,
                          "Index Cond": "(info_type_id = 4)"
                        }
                      ]
                    },
                    {
                      "Node Type": "Hash",
                      "Parent Relationship": "Inner",
                      "Parallel Aware": true,
                      "Startup Cost": 89869.03,
                      "Total Cost": 89869.03,
                      "Plan Rows": 99085,
                      "Plan Width": 8,
                      "Actual Startup Time": 341.682,
                      "Actual Total Time": 341.687,
                      "Actual Rows": 11569,
                      "Actual Loops": 6,
                      "Hash Buckets": 524288,
                      "Original Hash Buckets": 524288,
                      "Hash Batches": 1,
                      "Original Hash Batches": 1,
                      "Peak Memory Usage": 6912,
                      "Plans": [
                        {
                          "Node Type": "Hash Join",
                          "Parent Relationship": "Outer",
                          "Parallel Aware": true,
                          "Join Type": "Inner",
                          "Startup Cost": 62428.25,
                          "Total Cost": 89869.03,
                          "Plan Rows": 99085,
                          "Plan Width": 8,
                          "Actual Startup Time": 251.035,
                          "Actual Total Time": 335.378,
                          "Actual Rows": 11569,
                          "Actual Loops": 6,
                          "Inner Unique": true,
                          "Hash Cond": "(mk.movie_id = t.id)",
                          "Plans": [
                            {
                              "Node Type": "Bitmap Heap Scan",
                              "Parent Relationship": "Outer",
                              "Parallel Aware": true,
                              "Relation Name": "movie_keyword",
                              "Alias": "mk",
                              "Startup Cost": 12984.73,
                              "Total Cost": 39907.15,
                              "Plan Rows": 197474,
                              "Plan Width": 4,
                              "Actual Startup Time": 38.661,
                              "Actual Total Time": 95.099,
                              "Actual Rows": 100104,
                              "Actual Loops": 6,
                              "Recheck Cond": "(keyword_id > 30623)",
                              "Rows Removed by Index Recheck": 0,
                              "Exact Heap Blocks": 4157,
                              "Lossy Heap Blocks": 0,
                              "Plans": [
                                {
                                  "Node Type": "Bitmap Index Scan",
                                  "Parent Relationship": "Outer",
                                  "Parallel Aware": false,
                                  "Index Name": "keyword_id_movie_keyword",
                                  "Startup Cost": 0.0,
                                  "Total Cost": 12831.69,
                                  "Plan Rows": 612168,
                                  "Plan Width": 0,
                                  "Actual Startup Time": 35.181,
                                  "Actual Total Time": 35.181,
                                  "Actual Rows": 600621,
                                  "Actual Loops": 1,
                                  "Index Cond": "(keyword_id > 30623)"
                                }
                              ]
                            },
                            {
                              "Node Type": "Hash",
                              "Parent Relationship": "Inner",
                              "Parallel Aware": true,
                              "Startup Cost": 45479.1,
                              "Total Cost": 45479.1,
                              "Plan Rows": 317153,
                              "Plan Width": 4,
                              "Actual Startup Time": 208.424,
                              "Actual Total Time": 208.426,
                              "Actual Rows": 224814,
                              "Actual Loops": 6,
                              "Hash Buckets": 2097152,
                              "Original Hash Buckets": 2097152,
                              "Hash Batches": 1,
                              "Original Hash Batches": 1,
                              "Peak Memory Usage": 69216,
                              "Plans": [
                                {
                                  "Node Type": "Seq Scan",
                                  "Parent Relationship": "Outer",
                                  "Parallel Aware": true,
                                  "Relation Name": "title",
                                  "Alias": "t",
                                  "Startup Cost": 0.0,
                                  "Total Cost": 45479.1,
                                  "Plan Rows": 317153,
                                  "Plan Width": 4,
                                  "Actual Startup Time": 0.06,
                                  "Actual Total Time": 90.126,
                                  "Actual Rows": 224814,
                                  "Actual Loops": 6,
                                  "Filter": "((production_year > 1970) AND (kind_id = 7))",
                                  "Rows Removed by Filter": 196571
                                }
                              ]
                            }
                          ]
                        }
                      ]
                    }
                  ]
                }
              ]
            }
          ]
        }
      ]
    },
    "Planning Time": 1.362,
    "Triggers": [],
    "Execution Time": 511.382
  }
]