{
  "Plan": {
    "Node Type": "Aggregate",
    "Strategy": "Plain",
    "Partial Mode": "Finalize",
    "Parallel Aware": false,
    "Startup Cost": 179541.65,
    "Total Cost": 179541.66,
    "Plan Rows": 1,
    "Plan Width": 8,
    "Actual Startup Time": 822.543,
    "Actual Total Time": 837.767,
    "Actual Rows": 1,
    "Actual Loops": 1,
    "Plans": [
      {
        "Node Type": "Gather",
        "Parent Relationship": "Outer",
        "Parallel Aware": false,
        "Startup Cost": 179541.53,
        "Total Cost": 179541.64,
        "Plan Rows": 1,
        "Plan Width": 8,
        "Actual Startup Time": 822.308,
        "Actual Total Time": 837.761,
        "Actual Rows": 2,
        "Actual Loops": 1,
        "Workers Planned": 1,
        "Workers Launched": 1,
        "Single Copy": false,
        "Plans": [
          {
            "Node Type": "Aggregate",
            "Strategy": "Plain",
            "Partial Mode": "Partial",
            "Parent Relationship": "Outer",
            "Parallel Aware": false,
            "Startup Cost": 178541.53,
            "Total Cost": 178541.54,
            "Plan Rows": 1,
            "Plan Width": 8,
            "Actual Startup Time": 813.379,
            "Actual Total Time": 813.386,
            "Actual Rows": 1,
            "Actual Loops": 2,
            "Plans": [
              {
                "Node Type": "Merge Join",
                "Parent Relationship": "Outer",
                "Parallel Aware": false,
                "Join Type": "Inner",
                "Startup Cost": 175354.04,
                "Total Cost": 178465.11,
                "Plan Rows": 30568,
                "Plan Width": 0,
                "Actual Startup Time": 710.712,
                "Actual Total Time": 805.508,
                "Actual Rows": 194976,
                "Actual Loops": 2,
                "Inner Unique": false,
                "Merge Cond": "(t.id = mc.movie_id)",
                "Plans": [
                  {
                    "Node Type": "Sort",
                    "Parent Relationship": "Outer",
                    "Parallel Aware": false,
                    "Startup Cost": 103684.35,
                    "Total Cost": 104289.6,
                    "Plan Rows": 242098,
                    "Plan Width": 8,
                    "Actual Startup Time": 497.255,
                    "Actual Total Time": 511.876,
                    "Actual Rows": 408743,
                    "Actual Loops": 2,
                    "Sort Key": [
                      "mi_idx.movie_id"
                    ],
                    "Sort Method": "quicksort",
                    "Sort Space Used": 32543,
                    "Sort Space Type": "Memory",
                    "Workers": [
                      {
                        "Worker Number": 0,
                        "Sort Method": "quicksort",
                        "Sort Space Used": 30354,
                        "Sort Space Type": "Memory"
                      }
                    ],
                    "Plans": [
                      {
                        "Node Type": "Hash Join",
                        "Parent Relationship": "Outer",
                        "Parallel Aware": true,
                        "Join Type": "Inner",
                        "Startup Cost": 63850.67,
                        "Total Cost": 82034.46,
                        "Plan Rows": 242098,
                        "Plan Width": 8,
                        "Actual Startup Time": 249.201,
                        "Actual Total Time": 424.133,
                        "Actual Rows": 408751,
                        "Actual Loops": 2,
                        "Inner Unique": true,
                        "Hash Cond": "(mi_idx.movie_id = t.id)",
                        "Plans": [
                          {
                            "Node Type": "Seq Scan",
                            "Parent Relationship": "Outer",
                            "Parallel Aware": true,
                            "Relation Name": "movie_info_idx",
                            "Alias": "mi_idx",
                            "Startup Cost": 0.0,
                            "Total Cost": 16052.85,
                            "Plan Rows": 811785,
                            "Plan Width": 4,
                            "Actual Startup Time": 0.016,
                            "Actual Total Time": 49.046,
                            "Actual Rows": 690018,
                            "Actual Loops": 2
                          },
                          {
                            "Node Type": "Hash",
                            "Parent Relationship": "Inner",
                            "Parallel Aware": true,
                            "Startup Cost": 58306.47,
                            "Total Cost": 58306.47,
                            "Plan Rows": 443536,
                            "Plan Width": 4,
                            "Actual Startup Time": 240.618,
                            "Actual Total Time": 240.619,
                            "Actual Rows": 386648,
                            "Actual Loops": 2,
                            "Hash Buckets": 1048576,
                            "Original Hash Buckets": 1048576,
                            "Hash Batches": 1,
                            "Original Hash Batches": 1,
                            "Peak Memory Usage": 38496,
                            "Plans": [
                              {
                                "Node Type": "Seq Scan",
                                "Parent Relationship": "Outer",
                                "Parallel Aware": true,
                                "Relation Name": "title",
                                "Alias": "t",
                                "Startup Cost": 0.0,
                                "Total Cost": 58306.47,
                                "Plan Rows": 443536,
                                "Plan Width": 4,
                                "Actual Startup Time": 0.038,
                                "Actual Total Time": 150.603,
                                "Actual Rows": 386648,
                                "Actual Loops": 2,
                                "Filter": "((kind_id < 4) AND (production_year < 2012))",
                                "Rows Removed by Filter": 877508
                              }
                            ]
                          }
                        ]
                      }
                    ]
                  },
                  {
                    "Node Type": "Sort",
                    "Parent Relationship": "Inner",
                    "Parallel Aware": false,
                    "Startup Cost": 71669.67,
                    "Total Cost": 72467.74,
                    "Plan Rows": 319230,
                    "Plan Width": 4,
                    "Actual Startup Time": 213.442,
                    "Actual Total Time": 232.844,
                    "Actual Rows": 591571,
                    "Actual Loops": 2,
                    "Sort Key": [
                      "mc.movie_id"
                    ],
                    "Sort Method": "quicksort",
                    "Sort Space Used": 33954,
                    "Sort Space Type": "Memory",
                    "Workers": [
                      {
                        "Worker Number": 0,
                        "Sort Method": "quicksort",
                        "Sort Space Used": 33954,
                        "Sort Space Type": "Memory"
                      }
                    ],
                    "Plans": [
                      {
                        "Node Type": "Bitmap Heap Scan",
                        "Parent Relationship": "Outer",
                        "Parallel Aware": false,
                        "Relation Name": "movie_companies",
                        "Alias": "mc",
                        "Startup Cost": 13967.92,
                        "Total Cost": 42485.28,
                        "Plan Rows": 319230,
                        "Plan Width": 4,
                        "Actual Startup Time": 28.604,
                        "Actual Total Time": 126.312,
                        "Actual Rows": 462193,
                        "Actual Loops": 2,
                        "Recheck Cond": "(company_id < 863)",
                        "Rows Removed by Index Recheck": 0,
                        "Filter": "(company_type_id < 2)",
                        "Rows Removed by Filter": 182219,
                        "Exact Heap Blocks": 18524,
                        "Lossy Heap Blocks": 0,
                        "Plans": [
                          {
                            "Node Type": "Bitmap Index Scan",
                            "Parent Relationship": "Outer",
                            "Parallel Aware": false,
                            "Index Name": "company_id_movie_companies",
                            "Startup Cost": 0.0,
                            "Total Cost": 13888.11,
                            "Plan Rows": 648491,
                            "Plan Width": 0,
                            "Actual Startup Time": 26.292,
                            "Actual Total Time": 26.293,
                            "Actual Rows": 644412,
                            "Actual Loops": 2,
                            "Index Cond": "(company_id < 863)"
                          }
                        ]
                      }
                    ]
                  }
                ]
              }
            ]
          }
        ]
      }
    ]
  },
  "Planning Time": 1.096,
  "Triggers": [],
  "Execution Time": 837.885
}