[
  {
    "Plan": {
      "Node Type": "Aggregate",
      "Strategy": "Plain",
      "Partial Mode": "Finalize",
      "Parallel Aware": false,
      "Startup Cost": 33227.97,
      "Total Cost": 33227.98,
      "Plan Rows": 1,
      "Plan Width": 8,
      "Actual Startup Time": 92.077,
      "Actual Total Time": 99.409,
      "Actual Rows": 1,
      "Actual Loops": 1,
      "Plans": [
        {
          "Node Type": "Gather",
          "Parent Relationship": "Outer",
          "Parallel Aware": false,
          "Startup Cost": 33227.65,
          "Total Cost": 33227.96,
          "Plan Rows": 3,
          "Plan Width": 8,
          "Actual Startup Time": 91.97,
          "Actual Total Time": 99.4,
          "Actual Rows": 4,
          "Actual Loops": 1,
          "Workers Planned": 3,
          "Workers Launched": 3,
          "Single Copy": false,
          "Plans": [
            {
              "Node Type": "Aggregate",
              "Strategy": "Plain",
              "Partial Mode": "Partial",
              "Parent Relationship": "Outer",
              "Parallel Aware": false,
              "Startup Cost": 32227.65,
              "Total Cost": 32227.66,
              "Plan Rows": 1,
              "Plan Width": 8,
              "Actual Startup Time": 88.394,
              "Actual Total Time": 88.395,
              "Actual Rows": 1,
              "Actual Loops": 4,
              "Plans": [
                {
                  "Node Type": "Seq Scan",
                  "Parent Relationship": "Outer",
                  "Parallel Aware": true,
                  "Relation Name": "movie_companies",
                  "Alias": "mc",
                  "Startup Cost": 0.0,
                  "Total Cost": 31414.82,
                  "Plan Rows": 325132,
                  "Plan Width": 0,
                  "Actual Startup Time": 0.175,
                  "Actual Total Time": 77.138,
                  "Actual Rows": 218006,
                  "Actual Loops": 4,
                  "Filter": "((company_id > 531) AND (company_type_id = 1))",
                  "Rows Removed by Filter": 434276
                }
              ]
            }
          ]
        }
      ]
    },
    "Planning Time": 0.153,
    "Triggers": [],
    "Execution Time": 99.45
  }
]