[
  {
    "Plan": {
      "Node Type": "Aggregate",
      "Strategy": "Plain",
      "Partial Mode": "Finalize",
      "Parallel Aware": false,
      "Startup Cost": 45550.9,
      "Total Cost": 45550.91,
      "Plan Rows": 1,
      "Plan Width": 8,
      "Actual Startup Time": 151.178,
      "Actual Total Time": 161.043,
      "Actual Rows": 1,
      "Actual Loops": 1,
      "Plans": [
        {
          "Node Type": "Gather",
          "Parent Relationship": "Outer",
          "Parallel Aware": false,
          "Startup Cost": 45550.58,
          "Total Cost": 45550.89,
          "Plan Rows": 3,
          "Plan Width": 8,
          "Actual Startup Time": 151.073,
          "Actual Total Time": 161.034,
          "Actual Rows": 4,
          "Actual Loops": 1,
          "Workers Planned": 3,
          "Workers Launched": 3,
          "Single Copy": false,
          "Plans": [
            {
              "Node Type": "Aggregate",
              "Strategy": "Plain",
              "Partial Mode": "Partial",
              "Parent Relationship": "Outer",
              "Parallel Aware": false,
              "Startup Cost": 44550.58,
              "Total Cost": 44550.59,
              "Plan Rows": 1,
              "Plan Width": 8,
              "Actual Startup Time": 142.574,
              "Actual Total Time": 142.575,
              "Actual Rows": 1,
              "Actual Loops": 4,
              "Plans": [
                {
                  "Node Type": "Seq Scan",
                  "Parent Relationship": "Outer",
                  "Parallel Aware": true,
                  "Relation Name": "movie_keyword",
                  "Alias": "mk",
                  "Startup Cost": 0.0,
                  "Total Cost": 42695.65,
                  "Plan Rows": 741971,
                  "Plan Width": 0,
                  "Actual Startup Time": 0.453,
                  "Actual Total Time": 115.998,
                  "Actual Rows": 574374,
                  "Actual Loops": 4,
                  "Filter": "(keyword_id > 4573)",
                  "Rows Removed by Filter": 556608
                }
              ]
            }
          ]
        }
      ]
    },
    "Planning Time": 0.224,
    "Triggers": [],
    "Execution Time": 161.099
  }
]