[
  {
    "Plan": {
      "Node Type": "Aggregate",
      "Strategy": "Plain",
      "Partial Mode": "Finalize",
      "Parallel Aware": false,
      "Startup Cost": 90945.57,
      "Total Cost": 90945.58,
      "Plan Rows": 1,
      "Plan Width": 8,
      "Actual Startup Time": 290.215,
      "Actual Total Time": 305.489,
      "Actual Rows": 1,
      "Actual Loops": 1,
      "Plans": [
        {
          "Node Type": "Gather",
          "Parent Relationship": "Outer",
          "Parallel Aware": false,
          "Startup Cost": 90945.25,
          "Total Cost": 90945.56,
          "Plan Rows": 3,
          "Plan Width": 8,
          "Actual Startup Time": 287.494,
          "Actual Total Time": 305.483,
          "Actual Rows": 4,
          "Actual Loops": 1,
          "Workers Planned": 3,
          "Workers Launched": 3,
          "Single Copy": false,
          "Plans": [
            {
              "Node Type": "Aggregate",
              "Strategy": "Plain",
              "Partial Mode": "Partial",
              "Parent Relationship": "Outer",
              "Parallel Aware": false,
              "Startup Cost": 89945.25,
              "Total Cost": 89945.26,
              "Plan Rows": 1,
              "Plan Width": 8,
              "Actual Startup Time": 281.999,
              "Actual Total Time": 282.002,
              "Actual Rows": 1,
              "Actual Loops": 4,
              "Plans": [
                {
                  "Node Type": "Hash Join",
                  "Parent Relationship": "Outer",
                  "Parallel Aware": true,
                  "Join Type": "Inner",
                  "Startup Cost": 45112.8,
                  "Total Cost": 89672.59,
                  "Plan Rows": 109064,
                  "Plan Width": 0,
                  "Actual Startup Time": 125.005,
                  "Actual Total Time": 280.441,
                  "Actual Rows": 34801,
                  "Actual Loops": 4,
                  "Inner Unique": true,
                  "Hash Cond": "(mk.movie_id = t.id)",
                  "Plans": [
                    {
                      "Node Type": "Seq Scan",
                      "Parent Relationship": "Outer",
                      "Parallel Aware": true,
                      "Relation Name": "movie_keyword",
                      "Alias": "mk",
                      "Startup Cost": 0.0,
                      "Total Cost": 42695.65,
                      "Plan Rows": 710149,
                      "Plan Width": 4,
                      "Actual Startup Time": 0.032,
                      "Actual Total Time": 98.628,
                      "Actual Rows": 553538,
                      "Actual Loops": 4,
                      "Filter": "(keyword_id < 4497)",
                      "Rows Removed by Filter": 577445
                    },
                    {
                      "Node Type": "Hash",
                      "Parent Relationship": "Inner",
                      "Parallel Aware": true,
                      "Startup Cost": 43899.32,
                      "Total Cost": 43899.32,
                      "Plan Rows": 97078,
                      "Plan Width": 4,
                      "Actual Startup Time": 122.999,
                      "Actual Total Time": 123.0,
                      "Actual Rows": 97916,
                      "Actual Loops": 4,
                      "Hash Buckets": 524288,
                      "Original Hash Buckets": 524288,
                      "Hash Batches": 1,
                      "Original Hash Batches": 1,
                      "Peak Memory Usage": 19456,
                      "Plans": [
                        {
                          "Node Type": "Seq Scan",
                          "Parent Relationship": "Outer",
                          "Parallel Aware": true,
                          "Relation Name": "title",
                          "Alias": "t",
                          "Startup Cost": 0.0,
                          "Total Cost": 43899.32,
                          "Plan Rows": 97078,
                          "Plan Width": 4,
                          "Actual Startup Time": 0.031,
                          "Actual Total Time": 89.859,
                          "Actual Rows": 97916,
                          "Actual Loops": 4,
                          "Filter": "(production_year > 2010)",
                          "Rows Removed by Filter": 534162
                        }
                      ]
                    }
                  ]
                }
              ]
            }
          ]
        }
      ]
    },
    "Planning Time": 0.268,
    "Triggers": [],
    "Execution Time": 305.526
  }
]