[
  {
    "Plan": {
      "Node Type": "Aggregate",
      "Strategy": "Plain",
      "Partial Mode": "Finalize",
      "Parallel Aware": false,
      "Startup Cost": 32641.4,
      "Total Cost": 32641.41,
      "Plan Rows": 1,
      "Plan Width": 8,
      "Actual Startup Time": 102.752,
      "Actual Total Time": 112.309,
      "Actual Rows": 1,
      "Actual Loops": 1,
      "Plans": [
        {
          "Node Type": "Gather",
          "Parent Relationship": "Outer",
          "Parallel Aware": false,
          "Startup Cost": 32641.08,
          "Total Cost": 32641.39,
          "Plan Rows": 3,
          "Plan Width": 8,
          "Actual Startup Time": 102.615,
          "Actual Total Time": 112.295,
          "Actual Rows": 4,
          "Actual Loops": 1,
          "Workers Planned": 3,
          "Workers Launched": 3,
          "Single Copy": false,
          "Plans": [
            {
              "Node Type": "Aggregate",
              "Strategy": "Plain",
              "Partial Mode": "Partial",
              "Parent Relationship": "Outer",
              "Parallel Aware": false,
              "Startup Cost": 31641.08,
              "Total Cost": 31641.09,
              "Plan Rows": 1,
              "Plan Width": 8,
              "Actual Startup Time": 95.339,
              "Actual Total Time": 95.34,
              "Actual Rows": 1,
              "Actual Loops": 4,
              "Plans": [
                {
                  "Node Type": "Seq Scan",
                  "Parent Relationship": "Outer",
                  "Parallel Aware": true,
                  "Relation Name": "movie_companies",
                  "Alias": "mc",
                  "Startup Cost": 0.0,
                  "Total Cost": 31414.82,
                  "Plan Rows": 90504,
                  "Plan Width": 0,
                  "Actual Startup Time": 45.875,
                  "Actual Total Time": 87.362,
                  "Actual Rows": 136357,
                  "Actual Loops": 4,
                  "Filter": "((company_id > 72017) AND (company_type_id > 1))",
                  "Rows Removed by Filter": 515925
                }
              ]
            }
          ]
        }
      ]
    },
    "Planning Time": 0.225,
    "Triggers": [],
    "Execution Time": 112.374
  }
]