[
    {
        "Bao": {
            "Bao prediction": "NaN",
            "Bao recommended hint": "(no hint)"
        }
    },
    {
        "Plan": {
            "Node Type": "Aggregate",
            "Strategy": "Plain",
            "Partial Mode": "Finalize",
            "Parallel Aware": false,
            "Startup Cost": 348334.8,
            "Total Cost": 348334.81,
            "Plan Rows": 1,
            "Plan Width": 8,
            "Actual Startup Time": 768.403,
            "Actual Total Time": 811.675,
            "Actual Rows": 1,
            "Actual Loops": 1,
            "Output": [
                "count(*)"
            ],
            "Plans": [
                {
                    "Node Type": "Gather",
                    "Parent Relationship": "Outer",
                    "Parallel Aware": false,
                    "Startup Cost": 348334.17,
                    "Total Cost": 348334.78,
                    "Plan Rows": 6,
                    "Plan Width": 8,
                    "Actual Startup Time": 768.317,
                    "Actual Total Time": 811.668,
                    "Actual Rows": 7,
                    "Actual Loops": 1,
                    "Output": [
                        "(PARTIAL count(*))"
                    ],
                    "Workers Planned": 6,
                    "Workers Launched": 6,
                    "Single Copy": false,
                    "Plans": [
                        {
                            "Node Type": "Aggregate",
                            "Strategy": "Plain",
                            "Partial Mode": "Partial",
                            "Parent Relationship": "Outer",
                            "Parallel Aware": false,
                            "Startup Cost": 347334.17,
                            "Total Cost": 347334.18,
                            "Plan Rows": 1,
                            "Plan Width": 8,
                            "Actual Startup Time": 758.497,
                            "Actual Total Time": 758.498,
                            "Actual Rows": 1,
                            "Actual Loops": 7,
                            "Output": [
                                "PARTIAL count(*)"
                            ],
                            "Workers": [
                                {
                                    "Worker Number": 0,
                                    "Actual Startup Time": 756.026,
                                    "Actual Total Time": 756.027,
                                    "Actual Rows": 1,
                                    "Actual Loops": 1
                                },
                                {
                                    "Worker Number": 1,
                                    "Actual Startup Time": 756.311,
                                    "Actual Total Time": 756.312,
                                    "Actual Rows": 1,
                                    "Actual Loops": 1
                                },
                                {
                                    "Worker Number": 2,
                                    "Actual Startup Time": 756.877,
                                    "Actual Total Time": 756.878,
                                    "Actual Rows": 1,
                                    "Actual Loops": 1
                                },
                                {
                                    "Worker Number": 3,
                                    "Actual Startup Time": 757.081,
                                    "Actual Total Time": 757.082,
                                    "Actual Rows": 1,
                                    "Actual Loops": 1
                                },
                                {
                                    "Worker Number": 4,
                                    "Actual Startup Time": 757.469,
                                    "Actual Total Time": 757.47,
                                    "Actual Rows": 1,
                                    "Actual Loops": 1
                                },
                                {
                                    "Worker Number": 5,
                                    "Actual Startup Time": 757.778,
                                    "Actual Total Time": 757.779,
                                    "Actual Rows": 1,
                                    "Actual Loops": 1
                                }
                            ],
                            "Plans": [
                                {
                                    "Node Type": "Seq Scan",
                                    "Parent Relationship": "Outer",
                                    "Parallel Aware": true,
                                    "Relation Name": "cast_info",
                                    "Schema": "public",
                                    "Alias": "ci",
                                    "Startup Cost": 0.0,
                                    "Total Cost": 343318.94,
                                    "Plan Rows": 1606094,
                                    "Plan Width": 0,
                                    "Actual Startup Time": 261.186,
                                    "Actual Total Time": 654.478,
                                    "Actual Rows": 2137818,
                                    "Actual Loops": 7,
                                    "Output": [
                                        "id",
                                        "person_id",
                                        "movie_id",
                                        "person_role_id",
                                        "note",
                                        "nr_order",
                                        "role_id"
                                    ],
                                    "Filter": "((ci.person_id > 2153295) AND (ci.role_id > 1))",
                                    "Rows Removed by Filter": 3039946,
                                    "Workers": [
                                        {
                                            "Worker Number": 0,
                                            "Actual Startup Time": 258.734,
                                            "Actual Total Time": 651.815,
                                            "Actual Rows": 1566894,
                                            "Actual Loops": 1
                                        },
                                        {
                                            "Worker Number": 1,
                                            "Actual Startup Time": 259.008,
                                            "Actual Total Time": 651.996,
                                            "Actual Rows": 1569003,
                                            "Actual Loops": 1
                                        },
                                        {
                                            "Worker Number": 2,
                                            "Actual Startup Time": 259.582,
                                            "Actual Total Time": 657.312,
                                            "Actual Rows": 2425361,
                                            "Actual Loops": 1
                                        },
                                        {
                                            "Worker Number": 3,
                                            "Actual Startup Time": 259.758,
                                            "Actual Total Time": 654.626,
                                            "Actual Rows": 1542207,
                                            "Actual Loops": 1
                                        },
                                        {
                                            "Worker Number": 4,
                                            "Actual Startup Time": 260.147,
                                            "Actual Total Time": 654.654,
                                            "Actual Rows": 2443556,
                                            "Actual Loops": 1
                                        },
                                        {
                                            "Worker Number": 5,
                                            "Actual Startup Time": 260.459,
                                            "Actual Total Time": 655.003,
                                            "Actual Rows": 2443265,
                                            "Actual Loops": 1
                                        }
                                    ]
                                }
                            ]
                        }
                    ]
                }
            ]
        },
        "Planning Time": 201.313,
        "Triggers": [],
        "Execution Time": 811.728
    }
]