[
  {
    "Plan": {
      "Node Type": "Aggregate",
      "Strategy": "Plain",
      "Partial Mode": "Finalize",
      "Parallel Aware": false,
      "Startup Cost": 345454.51,
      "Total Cost": 345454.52,
      "Plan Rows": 1,
      "Plan Width": 8,
      "Actual Startup Time": 679.097,
      "Actual Total Time": 737.259,
      "Actual Rows": 1,
      "Actual Loops": 1,
      "Plans": [
        {
          "Node Type": "Gather",
          "Parent Relationship": "Outer",
          "Parallel Aware": false,
          "Startup Cost": 345453.89,
          "Total Cost": 345454.5,
          "Plan Rows": 6,
          "Plan Width": 8,
          "Actual Startup Time": 678.963,
          "Actual Total Time": 737.249,
          "Actual Rows": 7,
          "Actual Loops": 1,
          "Workers Planned": 6,
          "Workers Launched": 6,
          "Single Copy": false,
          "Plans": [
            {
              "Node Type": "Aggregate",
              "Strategy": "Plain",
              "Partial Mode": "Partial",
              "Parent Relationship": "Outer",
              "Parallel Aware": false,
              "Startup Cost": 344453.89,
              "Total Cost": 344453.9,
              "Plan Rows": 1,
              "Plan Width": 8,
              "Actual Startup Time": 668.513,
              "Actual Total Time": 668.514,
              "Actual Rows": 1,
              "Actual Loops": 7,
              "Plans": [
                {
                  "Node Type": "Seq Scan",
                  "Parent Relationship": "Outer",
                  "Parallel Aware": true,
                  "Relation Name": "cast_info",
                  "Alias": "ci",
                  "Startup Cost": 0.0,
                  "Total Cost": 343257.03,
                  "Plan Rows": 478743,
                  "Plan Width": 0,
                  "Actual Startup Time": 397.963,
                  "Actual Total Time": 628.599,
                  "Actual Rows": 883499,
                  "Actual Loops": 7,
                  "Filter": "((person_id > 3032449) AND (role_id > 2))",
                  "Rows Removed by Filter": 4294265
                }
              ]
            }
          ]
        }
      ]
    },
    "Planning Time": 0.22,
    "Triggers": [],
    "Execution Time": 737.328
  }
]