{
  "Plan": {
    "Node Type": "Aggregate",
    "Strategy": "Plain",
    "Partial Mode": "Finalize",
    "Parallel Aware": false,
    "Startup Cost": 77846.88,
    "Total Cost": 77846.89,
    "Plan Rows": 1,
    "Plan Width": 8,
    "Actual Startup Time": 306.721,
    "Actual Total Time": 321.787,
    "Actual Rows": 1,
    "Actual Loops": 1,
    "Plans": [
      {
        "Node Type": "Gather",
        "Parent Relationship": "Outer",
        "Parallel Aware": false,
        "Startup Cost": 77846.77,
        "Total Cost": 77846.88,
        "Plan Rows": 1,
        "Plan Width": 8,
        "Actual Startup Time": 306.394,
        "Actual Total Time": 321.78,
        "Actual Rows": 2,
        "Actual Loops": 1,
        "Workers Planned": 1,
        "Workers Launched": 1,
        "Single Copy": false,
        "Plans": [
          {
            "Node Type": "Aggregate",
            "Strategy": "Plain",
            "Partial Mode": "Partial",
            "Parent Relationship": "Outer",
            "Parallel Aware": false,
            "Startup Cost": 76846.77,
            "Total Cost": 76846.78,
            "Plan Rows": 1,
            "Plan Width": 8,
            "Actual Startup Time": 300.538,
            "Actual Total Time": 300.541,
            "Actual Rows": 1,
            "Actual Loops": 2,
            "Plans": [
              {
                "Node Type": "Hash Join",
                "Parent Relationship": "Outer",
                "Parallel Aware": true,
                "Join Type": "Inner",
                "Startup Cost": 58627.89,
                "Total Cost": 76811.68,
                "Plan Rows": 14035,
                "Plan Width": 0,
                "Actual Startup Time": 221.162,
                "Actual Total Time": 299.86,
                "Actual Rows": 12432,
                "Actual Loops": 2,
                "Inner Unique": true,
                "Hash Cond": "(mi_idx.movie_id = t.id)",
                "Plans": [
                  {
                    "Node Type": "Seq Scan",
                    "Parent Relationship": "Outer",
                    "Parallel Aware": true,
                    "Relation Name": "movie_info_idx",
                    "Alias": "mi_idx",
                    "Startup Cost": 0.0,
                    "Total Cost": 16052.85,
                    "Plan Rows": 811785,
                    "Plan Width": 4,
                    "Actual Startup Time": 0.02,
                    "Actual Total Time": 56.924,
                    "Actual Rows": 690018,
                    "Actual Loops": 2
                  },
                  {
                    "Node Type": "Hash",
                    "Parent Relationship": "Inner",
                    "Parallel Aware": true,
                    "Startup Cost": 58306.47,
                    "Total Cost": 58306.47,
                    "Plan Rows": 25714,
                    "Plan Width": 4,
                    "Actual Startup Time": 168.649,
                    "Actual Total Time": 168.65,
                    "Actual Rows": 56256,
                    "Actual Loops": 2,
                    "Hash Buckets": 131072,
                    "Original Hash Buckets": 65536,
                    "Hash Batches": 1,
                    "Original Hash Batches": 1,
                    "Peak Memory Usage": 5984,
                    "Plans": [
                      {
                        "Node Type": "Seq Scan",
                        "Parent Relationship": "Outer",
                        "Parallel Aware": true,
                        "Relation Name": "title",
                        "Alias": "t",
                        "Startup Cost": 0.0,
                        "Total Cost": 58306.47,
                        "Plan Rows": 25714,
                        "Plan Width": 4,
                        "Actual Startup Time": 94.208,
                        "Actual Total Time": 153.956,
                        "Actual Rows": 56256,
                        "Actual Loops": 2,
                        "Filter": "((kind_id < 7) AND (production_year < 1929))",
                        "Rows Removed by Filter": 1207900
                      }
                    ]
                  }
                ]
              }
            ]
          }
        ]
      }
    ]
  },
  "Planning Time": 0.41,
  "Triggers": [],
  "Execution Time": 321.854
}