{
  "Plan": {
    "Node Type": "Aggregate",
    "Strategy": "Plain",
    "Partial Mode": "Finalize",
    "Parallel Aware": false,
    "Startup Cost": 870518.79,
    "Total Cost": 870518.8,
    "Plan Rows": 1,
    "Plan Width": 8,
    "Actual Startup Time": 3556.149,
    "Actual Total Time": 3631.445,
    "Actual Rows": 1,
    "Actual Loops": 1,
    "Plans": [
      {
        "Node Type": "Gather",
        "Parent Relationship": "Outer",
        "Parallel Aware": false,
        "Startup Cost": 870518.68,
        "Total Cost": 870518.79,
        "Plan Rows": 1,
        "Plan Width": 8,
        "Actual Startup Time": 3551.693,
        "Actual Total Time": 3631.435,
        "Actual Rows": 2,
        "Actual Loops": 1,
        "Workers Planned": 1,
        "Workers Launched": 1,
        "Single Copy": false,
        "Plans": [
          {
            "Node Type": "Aggregate",
            "Strategy": "Plain",
            "Partial Mode": "Partial",
            "Parent Relationship": "Outer",
            "Parallel Aware": false,
            "Startup Cost": 869518.68,
            "Total Cost": 869518.69,
            "Plan Rows": 1,
            "Plan Width": 8,
            "Actual Startup Time": 3548.322,
            "Actual Total Time": 3548.634,
            "Actual Rows": 1,
            "Actual Loops": 2,
            "Plans": [
              {
                "Node Type": "Hash Join",
                "Parent Relationship": "Outer",
                "Parallel Aware": true,
                "Join Type": "Inner",
                "Startup Cost": 685883.03,
                "Total Cost": 869038.49,
                "Plan Rows": 192078,
                "Plan Width": 0,
                "Actual Startup Time": 2978.541,
                "Actual Total Time": 3471.793,
                "Actual Rows": 1965942,
                "Actual Loops": 2,
                "Inner Unique": false,
                "Hash Cond": "(mi.movie_id = t.id)",
                "Plans": [
                  {
                    "Node Type": "Bitmap Heap Scan",
                    "Parent Relationship": "Outer",
                    "Parallel Aware": true,
                    "Relation Name": "movie_info",
                    "Alias": "mi",
                    "Startup Cost": 35254.11,
                    "Total Cost": 211556.11,
                    "Plan Rows": 1144719,
                    "Plan Width": 4,
                    "Actual Startup Time": 70.912,
                    "Actual Total Time": 199.729,
                    "Actual Rows": 932816,
                    "Actual Loops": 2,
                    "Recheck Cond": "(info_type_id > 17)",
                    "Rows Removed by Index Recheck": 0,
                    "Exact Heap Blocks": 21566,
                    "Lossy Heap Blocks": 0,
                    "Plans": [
                      {
                        "Node Type": "Bitmap Index Scan",
                        "Parent Relationship": "Outer",
                        "Parallel Aware": false,
                        "Index Name": "info_type_id_movie_info",
                        "Startup Cost": 0.0,
                        "Total Cost": 34767.61,
                        "Plan Rows": 1946023,
                        "Plan Width": 0,
                        "Actual Startup Time": 64.382,
                        "Actual Total Time": 64.383,
                        "Actual Rows": 1865632,
                        "Actual Loops": 1,
                        "Index Cond": "(info_type_id > 17)"
                      }
                    ]
                  },
                  {
                    "Node Type": "Hash",
                    "Parent Relationship": "Inner",
                    "Parallel Aware": true,
                    "Startup Cost": 647509.54,
                    "Total Cost": 647509.54,
                    "Plan Rows": 249550,
                    "Plan Width": 8,
                    "Actual Startup Time": 2902.67,
                    "Actual Total Time": 2902.979,
                    "Actual Rows": 553068,
                    "Actual Loops": 2,
                    "Hash Buckets": 2097152,
                    "Original Hash Buckets": 524288,
                    "Hash Batches": 1,
                    "Original Hash Batches": 1,
                    "Peak Memory Usage": 71968,
                    "Plans": [
                      {
                        "Node Type": "Hash Join",
                        "Parent Relationship": "Outer",
                        "Parallel Aware": true,
                        "Join Type": "Inner",
                        "Startup Cost": 59062.83,
                        "Total Cost": 647509.54,
                        "Plan Rows": 249550,
                        "Plan Width": 8,
                        "Actual Startup Time": 162.933,
                        "Actual Total Time": 2719.504,
                        "Actual Rows": 553068,
                        "Actual Loops": 2,
                        "Inner Unique": true,
                        "Hash Cond": "(ci.movie_id = t.id)",
                        "Plans": [
                          {
                            "Node Type": "Seq Scan",
                            "Parent Relationship": "Outer",
                            "Parallel Aware": true,
                            "Relation Name": "cast_info",
                            "Alias": "ci",
                            "Startup Cost": 0.0,
                            "Total Cost": 572345.93,
                            "Plan Rows": 6133622,
                            "Plan Width": 4,
                            "Actual Startup Time": 0.016,
                            "Actual Total Time": 1624.163,
                            "Actual Rows": 7010352,
                            "Actual Loops": 2,
                            "Filter": "((person_id < 1909567) AND (role_id < 3))",
                            "Rows Removed by Filter": 11111820
                          },
                          {
                            "Node Type": "Hash",
                            "Parent Relationship": "Inner",
                            "Parallel Aware": true,
                            "Startup Cost": 58306.47,
                            "Total Cost": 58306.47,
                            "Plan Rows": 60509,
                            "Plan Width": 4,
                            "Actual Startup Time": 161.79,
                            "Actual Total Time": 161.791,
                            "Actual Rows": 103912,
                            "Actual Loops": 2,
                            "Hash Buckets": 262144,
                            "Original Hash Buckets": 131072,
                            "Hash Batches": 1,
                            "Original Hash Batches": 1,
                            "Peak Memory Usage": 11232,
                            "Plans": [
                              {
                                "Node Type": "Seq Scan",
                                "Parent Relationship": "Outer",
                                "Parallel Aware": true,
                                "Relation Name": "title",
                                "Alias": "t",
                                "Startup Cost": 0.0,
                                "Total Cost": 58306.47,
                                "Plan Rows": 60509,
                                "Plan Width": 4,
                                "Actual Startup Time": 0.142,
                                "Actual Total Time": 135.726,
                                "Actual Rows": 103912,
                                "Actual Loops": 2,
                                "Filter": "((kind_id < 7) AND (production_year < 1963))",
                                "Rows Removed by Filter": 1160244
                              }
                            ]
                          }
                        ]
                      }
                    ]
                  }
                ]
              }
            ]
          }
        ]
      }
    ]
  },
  "Planning Time": 0.619,
  "Triggers": [],
  "Execution Time": 3631.538
}