[
  {
    "Plan": {
      "Node Type": "Aggregate",
      "Strategy": "Plain",
      "Partial Mode": "Finalize",
      "Parallel Aware": false,
      "Startup Cost": 93925.35,
      "Total Cost": 93925.36,
      "Plan Rows": 1,
      "Plan Width": 8,
      "Actual Startup Time": 375.221,
      "Actual Total Time": 402.676,
      "Actual Rows": 1,
      "Actual Loops": 1,
      "Plans": [
        {
          "Node Type": "Gather",
          "Parent Relationship": "Outer",
          "Parallel Aware": false,
          "Startup Cost": 93924.93,
          "Total Cost": 93925.34,
          "Plan Rows": 4,
          "Plan Width": 8,
          "Actual Startup Time": 374.017,
          "Actual Total Time": 402.669,
          "Actual Rows": 5,
          "Actual Loops": 1,
          "Workers Planned": 4,
          "Workers Launched": 4,
          "Single Copy": false,
          "Plans": [
            {
              "Node Type": "Aggregate",
              "Strategy": "Plain",
              "Partial Mode": "Partial",
              "Parent Relationship": "Outer",
              "Parallel Aware": false,
              "Startup Cost": 92924.93,
              "Total Cost": 92924.94,
              "Plan Rows": 1,
              "Plan Width": 8,
              "Actual Startup Time": 369.486,
              "Actual Total Time": 369.49,
              "Actual Rows": 1,
              "Actual Loops": 5,
              "Plans": [
                {
                  "Node Type": "Nested Loop",
                  "Parent Relationship": "Outer",
                  "Parallel Aware": false,
                  "Join Type": "Inner",
                  "Startup Cost": 24095.48,
                  "Total Cost": 92744.26,
                  "Plan Rows": 72271,
                  "Plan Width": 0,
                  "Actual Startup Time": 88.554,
                  "Actual Total Time": 361.568,
                  "Actual Rows": 142241,
                  "Actual Loops": 5,
                  "Inner Unique": false,
                  "Plans": [
                    {
                      "Node Type": "Hash Join",
                      "Parent Relationship": "Outer",
                      "Parallel Aware": true,
                      "Join Type": "Inner",
                      "Startup Cost": 24094.92,
                      "Total Cost": 68852.75,
                      "Plan Rows": 6086,
                      "Plan Width": 8,
                      "Actual Startup Time": 88.456,
                      "Actual Total Time": 138.28,
                      "Actual Rows": 2574,
                      "Actual Loops": 5,
                      "Inner Unique": false,
                      "Hash Cond": "(t.id = mc.movie_id)",
                      "Plans": [
                        {
                          "Node Type": "Seq Scan",
                          "Parent Relationship": "Outer",
                          "Parallel Aware": true,
                          "Relation Name": "title",
                          "Alias": "t",
                          "Startup Cost": 0.0,
                          "Total Cost": 43899.01,
                          "Plan Rows": 167838,
                          "Plan Width": 4,
                          "Actual Startup Time": 26.622,
                          "Actual Total Time": 60.297,
                          "Actual Rows": 132565,
                          "Actual Loops": 5,
                          "Filter": "(kind_id = 1)",
                          "Rows Removed by Filter": 373097
                        },
                        {
                          "Node Type": "Hash",
                          "Parent Relationship": "Inner",
                          "Parallel Aware": true,
                          "Startup Cost": 23725.23,
                          "Total Cost": 23725.23,
                          "Plan Rows": 29575,
                          "Plan Width": 4,
                          "Actual Startup Time": 50.43,
                          "Actual Total Time": 50.431,
                          "Actual Rows": 29386,
                          "Actual Loops": 5,
                          "Hash Buckets": 262144,
                          "Original Hash Buckets": 131072,
                          "Hash Batches": 1,
                          "Original Hash Batches": 1,
                          "Peak Memory Usage": 8896,
                          "Plans": [
                            {
                              "Node Type": "Bitmap Heap Scan",
                              "Parent Relationship": "Outer",
                              "Parallel Aware": true,
                              "Relation Name": "movie_companies",
                              "Alias": "mc",
                              "Startup Cost": 4030.18,
                              "Total Cost": 23725.23,
                              "Plan Rows": 29575,
                              "Plan Width": 4,
                              "Actual Startup Time": 9.643,
                              "Actual Total Time": 36.413,
                              "Actual Rows": 29386,
                              "Actual Loops": 5,
                              "Recheck Cond": "(company_id < 49)",
                              "Rows Removed by Index Recheck": 0,
                              "Filter": "(company_type_id = 1)",
                              "Rows Removed by Filter": 7823,
                              "Exact Heap Blocks": 6011,
                              "Lossy Heap Blocks": 0,
                              "Plans": [
                                {
                                  "Node Type": "Bitmap Index Scan",
                                  "Parent Relationship": "Outer",
                                  "Parallel Aware": false,
                                  "Index Name": "company_id_movie_companies",
                                  "Startup Cost": 0.0,
                                  "Total Cost": 4007.26,
                                  "Plan Rows": 187044,
                                  "Plan Width": 0,
                                  "Actual Startup Time": 10.325,
                                  "Actual Total Time": 10.326,
                                  "Actual Rows": 186044,
                                  "Actual Loops": 1,
                                  "Index Cond": "(company_id < 49)"
                                }
                              ]
                            }
                          ]
                        }
                      ]
                    },
                    {
                      "Node Type": "Index Scan",
                      "Parent Relationship": "Inner",
                      "Parallel Aware": false,
                      "Scan Direction": "Forward",
                      "Index Name": "movie_id_cast_info",
                      "Relation Name": "cast_info",
                      "Alias": "ci",
                      "Startup Cost": 0.56,
                      "Total Cost": 3.61,
                      "Plan Rows": 32,
                      "Plan Width": 4,
                      "Actual Startup Time": 0.02,
                      "Actual Total Time": 0.082,
                      "Actual Rows": 55,
                      "Actual Loops": 12871,
                      "Index Cond": "(movie_id = t.id)",
                      "Rows Removed by Index Recheck": 0,
                      "Filter": "(person_id > 621123)",
                      "Rows Removed by Filter": 14
                    }
                  ]
                }
              ]
            }
          ]
        }
      ]
    },
    "Planning Time": 0.47,
    "Triggers": [],
    "Execution Time": 402.728
  }
]