[
  {
    "Plan": {
      "Node Type": "Aggregate",
      "Strategy": "Plain",
      "Partial Mode": "Finalize",
      "Parallel Aware": false,
      "Startup Cost": 335654.01,
      "Total Cost": 335654.02,
      "Plan Rows": 1,
      "Plan Width": 8,
      "Actual Startup Time": 653.547,
      "Actual Total Time": 696.068,
      "Actual Rows": 1,
      "Actual Loops": 1,
      "Plans": [
        {
          "Node Type": "Gather",
          "Parent Relationship": "Outer",
          "Parallel Aware": false,
          "Startup Cost": 335653.39,
          "Total Cost": 335654.0,
          "Plan Rows": 6,
          "Plan Width": 8,
          "Actual Startup Time": 653.382,
          "Actual Total Time": 696.048,
          "Actual Rows": 7,
          "Actual Loops": 1,
          "Workers Planned": 6,
          "Workers Launched": 6,
          "Single Copy": false,
          "Plans": [
            {
              "Node Type": "Aggregate",
              "Strategy": "Plain",
              "Partial Mode": "Partial",
              "Parent Relationship": "Outer",
              "Parallel Aware": false,
              "Startup Cost": 334653.39,
              "Total Cost": 334653.4,
              "Plan Rows": 1,
              "Plan Width": 8,
              "Actual Startup Time": 645.299,
              "Actual Total Time": 645.301,
              "Actual Rows": 1,
              "Actual Loops": 7,
              "Plans": [
                {
                  "Node Type": "Seq Scan",
                  "Parent Relationship": "Outer",
                  "Parallel Aware": true,
                  "Relation Name": "cast_info",
                  "Alias": "ci",
                  "Startup Cost": 0.0,
                  "Total Cost": 328211.39,
                  "Plan Rows": 2576798,
                  "Plan Width": 0,
                  "Actual Startup Time": 0.056,
                  "Actual Total Time": 546.447,
                  "Actual Rows": 2229995,
                  "Actual Loops": 7,
                  "Filter": "(person_id < 1540361)",
                  "Rows Removed by Filter": 2947769
                }
              ]
            }
          ]
        }
      ]
    },
    "Planning Time": 0.092,
    "Triggers": [],
    "Execution Time": 696.111
  }
]