[
    {
        "Bao": {
            "Bao prediction": "NaN",
            "Bao recommended hint": "(no hint)"
        }
    },
    {
        "Plan": {
            "Node Type": "Aggregate",
            "Strategy": "Plain",
            "Partial Mode": "Finalize",
            "Parallel Aware": false,
            "Startup Cost": 352784.34,
            "Total Cost": 352784.35,
            "Plan Rows": 1,
            "Plan Width": 8,
            "Actual Startup Time": 881.247,
            "Actual Total Time": 910.145,
            "Actual Rows": 1,
            "Actual Loops": 1,
            "Output": [
                "count(*)"
            ],
            "Plans": [
                {
                    "Node Type": "Gather",
                    "Parent Relationship": "Outer",
                    "Parallel Aware": false,
                    "Startup Cost": 352783.72,
                    "Total Cost": 352784.33,
                    "Plan Rows": 6,
                    "Plan Width": 8,
                    "Actual Startup Time": 881.136,
                    "Actual Total Time": 910.136,
                    "Actual Rows": 7,
                    "Actual Loops": 1,
                    "Output": [
                        "(PARTIAL count(*))"
                    ],
                    "Workers Planned": 6,
                    "Workers Launched": 6,
                    "Single Copy": false,
                    "Plans": [
                        {
                            "Node Type": "Aggregate",
                            "Strategy": "Plain",
                            "Partial Mode": "Partial",
                            "Parent Relationship": "Outer",
                            "Parallel Aware": false,
                            "Startup Cost": 351783.72,
                            "Total Cost": 351783.73,
                            "Plan Rows": 1,
                            "Plan Width": 8,
                            "Actual Startup Time": 871.311,
                            "Actual Total Time": 871.312,
                            "Actual Rows": 1,
                            "Actual Loops": 7,
                            "Output": [
                                "PARTIAL count(*)"
                            ],
                            "Workers": [
                                {
                                    "Worker Number": 0,
                                    "Actual Startup Time": 869.164,
                                    "Actual Total Time": 869.165,
                                    "Actual Rows": 1,
                                    "Actual Loops": 1
                                },
                                {
                                    "Worker Number": 1,
                                    "Actual Startup Time": 869.438,
                                    "Actual Total Time": 869.439,
                                    "Actual Rows": 1,
                                    "Actual Loops": 1
                                },
                                {
                                    "Worker Number": 2,
                                    "Actual Startup Time": 869.531,
                                    "Actual Total Time": 869.532,
                                    "Actual Rows": 1,
                                    "Actual Loops": 1
                                },
                                {
                                    "Worker Number": 3,
                                    "Actual Startup Time": 869.901,
                                    "Actual Total Time": 869.902,
                                    "Actual Rows": 1,
                                    "Actual Loops": 1
                                },
                                {
                                    "Worker Number": 4,
                                    "Actual Startup Time": 870.227,
                                    "Actual Total Time": 870.228,
                                    "Actual Rows": 1,
                                    "Actual Loops": 1
                                },
                                {
                                    "Worker Number": 5,
                                    "Actual Startup Time": 870.225,
                                    "Actual Total Time": 870.227,
                                    "Actual Rows": 1,
                                    "Actual Loops": 1
                                }
                            ],
                            "Plans": [
                                {
                                    "Node Type": "Seq Scan",
                                    "Parent Relationship": "Outer",
                                    "Parallel Aware": true,
                                    "Relation Name": "cast_info",
                                    "Schema": "public",
                                    "Alias": "ci",
                                    "Startup Cost": 0.0,
                                    "Total Cost": 343318.94,
                                    "Plan Rows": 3385911,
                                    "Plan Width": 0,
                                    "Actual Startup Time": 242.6,
                                    "Actual Total Time": 731.638,
                                    "Actual Rows": 2672674,
                                    "Actual Loops": 7,
                                    "Output": [
                                        "id",
                                        "person_id",
                                        "movie_id",
                                        "person_role_id",
                                        "note",
                                        "nr_order",
                                        "role_id"
                                    ],
                                    "Filter": "((ci.person_id < 3188037) AND (ci.role_id > 1))",
                                    "Rows Removed by Filter": 2505089,
                                    "Workers": [
                                        {
                                            "Worker Number": 0,
                                            "Actual Startup Time": 240.454,
                                            "Actual Total Time": 731.975,
                                            "Actual Rows": 2068263,
                                            "Actual Loops": 1
                                        },
                                        {
                                            "Worker Number": 1,
                                            "Actual Startup Time": 240.724,
                                            "Actual Total Time": 732.483,
                                            "Actual Rows": 2066471,
                                            "Actual Loops": 1
                                        },
                                        {
                                            "Worker Number": 2,
                                            "Actual Startup Time": 240.816,
                                            "Actual Total Time": 733.379,
                                            "Actual Rows": 2937488,
                                            "Actual Loops": 1
                                        },
                                        {
                                            "Worker Number": 3,
                                            "Actual Startup Time": 241.19,
                                            "Actual Total Time": 734.673,
                                            "Actual Rows": 3303425,
                                            "Actual Loops": 1
                                        },
                                        {
                                            "Worker Number": 4,
                                            "Actual Startup Time": 241.52,
                                            "Actual Total Time": 734.275,
                                            "Actual Rows": 2934430,
                                            "Actual Loops": 1
                                        },
                                        {
                                            "Worker Number": 5,
                                            "Actual Startup Time": 241.523,
                                            "Actual Total Time": 734.112,
                                            "Actual Rows": 2941306,
                                            "Actual Loops": 1
                                        }
                                    ]
                                }
                            ]
                        }
                    ]
                }
            ]
        },
        "Planning Time": 182.033,
        "Triggers": [],
        "Execution Time": 910.2
    }
]