[
  {
    "Plan": {
      "Node Type": "Aggregate",
      "Strategy": "Plain",
      "Partial Mode": "Finalize",
      "Parallel Aware": false,
      "Startup Cost": 348241.42,
      "Total Cost": 348241.43,
      "Plan Rows": 1,
      "Plan Width": 8,
      "Actual Startup Time": 672.228,
      "Actual Total Time": 727.2,
      "Actual Rows": 1,
      "Actual Loops": 1,
      "Plans": [
        {
          "Node Type": "Gather",
          "Parent Relationship": "Outer",
          "Parallel Aware": false,
          "Startup Cost": 348240.79,
          "Total Cost": 348241.4,
          "Plan Rows": 6,
          "Plan Width": 8,
          "Actual Startup Time": 672.04,
          "Actual Total Time": 727.187,
          "Actual Rows": 7,
          "Actual Loops": 1,
          "Workers Planned": 6,
          "Workers Launched": 6,
          "Single Copy": false,
          "Plans": [
            {
              "Node Type": "Aggregate",
              "Strategy": "Plain",
              "Partial Mode": "Partial",
              "Parent Relationship": "Outer",
              "Parallel Aware": false,
              "Startup Cost": 347240.79,
              "Total Cost": 347240.8,
              "Plan Rows": 1,
              "Plan Width": 8,
              "Actual Startup Time": 664.503,
              "Actual Total Time": 664.504,
              "Actual Rows": 1,
              "Actual Loops": 7,
              "Plans": [
                {
                  "Node Type": "Seq Scan",
                  "Parent Relationship": "Outer",
                  "Parallel Aware": true,
                  "Relation Name": "cast_info",
                  "Alias": "ci",
                  "Startup Cost": 0.0,
                  "Total Cost": 343316.27,
                  "Plan Rows": 1569809,
                  "Plan Width": 0,
                  "Actual Startup Time": 341.879,
                  "Actual Total Time": 628.167,
                  "Actual Rows": 773239,
                  "Actual Loops": 7,
                  "Filter": "((person_id < 2186771) AND (role_id > 2))",
                  "Rows Removed by Filter": 4404524
                }
              ]
            }
          ]
        }
      ]
    },
    "Planning Time": 0.2,
    "Triggers": [],
    "Execution Time": 727.267
  }
]