{
  "Plan": {
    "Node Type": "Aggregate",
    "Strategy": "Plain",
    "Partial Mode": "Finalize",
    "Parallel Aware": false,
    "Startup Cost": 113294.01,
    "Total Cost": 113294.02,
    "Plan Rows": 1,
    "Plan Width": 8,
    "Actual Startup Time": 849.186,
    "Actual Total Time": 871.455,
    "Actual Rows": 1,
    "Actual Loops": 1,
    "Plans": [
      {
        "Node Type": "Gather",
        "Parent Relationship": "Outer",
        "Parallel Aware": false,
        "Startup Cost": 113293.9,
        "Total Cost": 113294.01,
        "Plan Rows": 1,
        "Plan Width": 8,
        "Actual Startup Time": 840.984,
        "Actual Total Time": 871.445,
        "Actual Rows": 2,
        "Actual Loops": 1,
        "Workers Planned": 1,
        "Workers Launched": 1,
        "Single Copy": false,
        "Plans": [
          {
            "Node Type": "Aggregate",
            "Strategy": "Plain",
            "Partial Mode": "Partial",
            "Parent Relationship": "Outer",
            "Parallel Aware": false,
            "Startup Cost": 112293.9,
            "Total Cost": 112293.91,
            "Plan Rows": 1,
            "Plan Width": 8,
            "Actual Startup Time": 829.318,
            "Actual Total Time": 829.323,
            "Actual Rows": 1,
            "Actual Loops": 2,
            "Plans": [
              {
                "Node Type": "Hash Join",
                "Parent Relationship": "Outer",
                "Parallel Aware": true,
                "Join Type": "Inner",
                "Startup Cost": 81806.9,
                "Total Cost": 111438.16,
                "Plan Rows": 342298,
                "Plan Width": 0,
                "Actual Startup Time": 630.81,
                "Actual Total Time": 813.797,
                "Actual Rows": 296460,
                "Actual Loops": 2,
                "Inner Unique": true,
                "Hash Cond": "(mk.movie_id = t.id)",
                "Plans": [
                  {
                    "Node Type": "Bitmap Heap Scan",
                    "Parent Relationship": "Outer",
                    "Parallel Aware": true,
                    "Relation Name": "movie_keyword",
                    "Alias": "mk",
                    "Startup Cost": 12346.2,
                    "Total Cost": 41078.92,
                    "Plan Rows": 342298,
                    "Plan Width": 4,
                    "Actual Startup Time": 29.861,
                    "Actual Total Time": 110.542,
                    "Actual Rows": 296460,
                    "Actual Loops": 2,
                    "Recheck Cond": "(keyword_id < 432)",
                    "Rows Removed by Index Recheck": 0,
                    "Exact Heap Blocks": 15695,
                    "Lossy Heap Blocks": 0,
                    "Plans": [
                      {
                        "Node Type": "Bitmap Index Scan",
                        "Parent Relationship": "Outer",
                        "Parallel Aware": false,
                        "Index Name": "keyword_id_movie_keyword",
                        "Startup Cost": 0.0,
                        "Total Cost": 12200.73,
                        "Plan Rows": 581906,
                        "Plan Width": 0,
                        "Actual Startup Time": 26.248,
                        "Actual Total Time": 26.248,
                        "Actual Rows": 592921,
                        "Actual Loops": 1,
                        "Index Cond": "(keyword_id < 432)"
                      }
                    ]
                  },
                  {
                    "Node Type": "Hash",
                    "Parent Relationship": "Inner",
                    "Parallel Aware": true,
                    "Startup Cost": 50870.31,
                    "Total Cost": 50870.31,
                    "Plan Rows": 1487231,
                    "Plan Width": 4,
                    "Actual Startup Time": 579.27,
                    "Actual Total Time": 579.271,
                    "Actual Rows": 1264156,
                    "Actual Loops": 2,
                    "Hash Buckets": 4194304,
                    "Original Hash Buckets": 4194304,
                    "Hash Batches": 1,
                    "Original Hash Batches": 1,
                    "Peak Memory Usage": 131680,
                    "Plans": [
                      {
                        "Node Type": "Seq Scan",
                        "Parent Relationship": "Outer",
                        "Parallel Aware": true,
                        "Relation Name": "title",
                        "Alias": "t",
                        "Startup Cost": 0.0,
                        "Total Cost": 50870.31,
                        "Plan Rows": 1487231,
                        "Plan Width": 4,
                        "Actual Startup Time": 0.026,
                        "Actual Total Time": 175.122,
                        "Actual Rows": 1264156,
                        "Actual Loops": 2
                      }
                    ]
                  }
                ]
              }
            ]
          }
        ]
      }
    ]
  },
  "Planning Time": 0.666,
  "Triggers": [],
  "Execution Time": 871.549
}