{
  "Plan": {
    "Node Type": "Aggregate",
    "Strategy": "Plain",
    "Partial Mode": "Finalize",
    "Parallel Aware": false,
    "Startup Cost": 396011.53,
    "Total Cost": 396011.54,
    "Plan Rows": 1,
    "Plan Width": 8,
    "Actual Startup Time": 917.706,
    "Actual Total Time": 941.073,
    "Actual Rows": 1,
    "Actual Loops": 1,
    "Plans": [
      {
        "Node Type": "Gather",
        "Parent Relationship": "Outer",
        "Parallel Aware": false,
        "Startup Cost": 396011.42,
        "Total Cost": 396011.53,
        "Plan Rows": 1,
        "Plan Width": 8,
        "Actual Startup Time": 911.408,
        "Actual Total Time": 941.065,
        "Actual Rows": 2,
        "Actual Loops": 1,
        "Workers Planned": 1,
        "Workers Launched": 1,
        "Single Copy": false,
        "Plans": [
          {
            "Node Type": "Aggregate",
            "Strategy": "Plain",
            "Partial Mode": "Partial",
            "Parent Relationship": "Outer",
            "Parallel Aware": false,
            "Startup Cost": 395011.42,
            "Total Cost": 395011.43,
            "Plan Rows": 1,
            "Plan Width": 8,
            "Actual Startup Time": 897.194,
            "Actual Total Time": 897.2,
            "Actual Rows": 1,
            "Actual Loops": 2,
            "Plans": [
              {
                "Node Type": "Hash Join",
                "Parent Relationship": "Outer",
                "Parallel Aware": true,
                "Join Type": "Inner",
                "Startup Cost": 363384.99,
                "Total Cost": 394909.53,
                "Plan Rows": 40755,
                "Plan Width": 0,
                "Actual Startup Time": 739.821,
                "Actual Total Time": 885.516,
                "Actual Rows": 268328,
                "Actual Loops": 2,
                "Inner Unique": false,
                "Hash Cond": "(mk.movie_id = t.id)",
                "Plans": [
                  {
                    "Node Type": "Bitmap Heap Scan",
                    "Parent Relationship": "Outer",
                    "Parallel Aware": true,
                    "Relation Name": "movie_keyword",
                    "Alias": "mk",
                    "Startup Cost": 15158.64,
                    "Total Cost": 44867.1,
                    "Plan Rows": 420357,
                    "Plan Width": 4,
                    "Actual Startup Time": 48.07,
                    "Actual Total Time": 125.923,
                    "Actual Rows": 353032,
                    "Actual Loops": 2,
                    "Recheck Cond": "(keyword_id > 26723)",
                    "Rows Removed by Index Recheck": 0,
                    "Exact Heap Blocks": 11752,
                    "Lossy Heap Blocks": 0,
                    "Plans": [
                      {
                        "Node Type": "Bitmap Index Scan",
                        "Parent Relationship": "Outer",
                        "Parallel Aware": false,
                        "Index Name": "keyword_id_movie_keyword",
                        "Startup Cost": 0.0,
                        "Total Cost": 14979.99,
                        "Plan Rows": 714607,
                        "Plan Width": 0,
                        "Actual Startup Time": 44.595,
                        "Actual Total Time": 44.596,
                        "Actual Rows": 706063,
                        "Actual Loops": 1,
                        "Index Cond": "(keyword_id > 26723)"
                      }
                    ]
                  },
                  {
                    "Node Type": "Hash",
                    "Parent Relationship": "Inner",
                    "Parallel Aware": true,
                    "Startup Cost": 346423.94,
                    "Total Cost": 346423.94,
                    "Plan Rows": 144193,
                    "Plan Width": 8,
                    "Actual Startup Time": 688.116,
                    "Actual Total Time": 688.12,
                    "Actual Rows": 183658,
                    "Actual Loops": 2,
                    "Hash Buckets": 524288,
                    "Original Hash Buckets": 262144,
                    "Hash Batches": 1,
                    "Original Hash Batches": 1,
                    "Peak Memory Usage": 20544,
                    "Plans": [
                      {
                        "Node Type": "Hash Join",
                        "Parent Relationship": "Outer",
                        "Parallel Aware": true,
                        "Join Type": "Inner",
                        "Startup Cost": 77690.64,
                        "Total Cost": 346423.94,
                        "Plan Rows": 144193,
                        "Plan Width": 8,
                        "Actual Startup Time": 532.243,
                        "Actual Total Time": 646.487,
                        "Actual Rows": 183658,
                        "Actual Loops": 2,
                        "Inner Unique": true,
                        "Hash Cond": "(ci.movie_id = t.id)",
                        "Plans": [
                          {
                            "Node Type": "Bitmap Heap Scan",
                            "Parent Relationship": "Outer",
                            "Parallel Aware": true,
                            "Relation Name": "cast_info",
                            "Alias": "ci",
                            "Startup Cost": 8229.94,
                            "Total Cost": 276584.74,
                            "Plan Rows": 144193,
                            "Plan Width": 4,
                            "Actual Startup Time": 16.427,
                            "Actual Total Time": 45.842,
                            "Actual Rows": 183658,
                            "Actual Loops": 2,
                            "Recheck Cond": "(person_id > 3994442)",
                            "Rows Removed by Index Recheck": 0,
                            "Filter": "(role_id > 1)",
                            "Rows Removed by Filter": 0,
                            "Exact Heap Blocks": 2389,
                            "Lossy Heap Blocks": 0,
                            "Plans": [
                              {
                                "Node Type": "Bitmap Index Scan",
                                "Parent Relationship": "Outer",
                                "Parallel Aware": false,
                                "Index Name": "person_id_cast_info",
                                "Startup Cost": 0.0,
                                "Total Cost": 8168.66,
                                "Plan Rows": 373879,
                                "Plan Width": 0,
                                "Actual Startup Time": 15.749,
                                "Actual Total Time": 15.75,
                                "Actual Rows": 367315,
                                "Actual Loops": 1,
                                "Index Cond": "(person_id > 3994442)"
                              }
                            ]
                          },
                          {
                            "Node Type": "Hash",
                            "Parent Relationship": "Inner",
                            "Parallel Aware": true,
                            "Startup Cost": 50870.31,
                            "Total Cost": 50870.31,
                            "Plan Rows": 1487231,
                            "Plan Width": 4,
                            "Actual Startup Time": 496.529,
                            "Actual Total Time": 496.53,
                            "Actual Rows": 1264156,
                            "Actual Loops": 2,
                            "Hash Buckets": 4194304,
                            "Original Hash Buckets": 4194304,
                            "Hash Batches": 1,
                            "Original Hash Batches": 1,
                            "Peak Memory Usage": 131680,
                            "Plans": [
                              {
                                "Node Type": "Seq Scan",
                                "Parent Relationship": "Outer",
                                "Parallel Aware": true,
                                "Relation Name": "title",
                                "Alias": "t",
                                "Startup Cost": 0.0,
                                "Total Cost": 50870.31,
                                "Plan Rows": 1487231,
                                "Plan Width": 4,
                                "Actual Startup Time": 0.026,
                                "Actual Total Time": 152.542,
                                "Actual Rows": 1264156,
                                "Actual Loops": 2
                              }
                            ]
                          }
                        ]
                      }
                    ]
                  }
                ]
              }
            ]
          }
        ]
      }
    ]
  },
  "Planning Time": 1.198,
  "Triggers": [],
  "Execution Time": 941.184
}