{
  "Plan": {
    "Node Type": "Aggregate",
    "Strategy": "Plain",
    "Partial Mode": "Finalize",
    "Parallel Aware": false,
    "Startup Cost": 446530.57,
    "Total Cost": 446530.58,
    "Plan Rows": 1,
    "Plan Width": 8,
    "Actual Startup Time": 5745.519,
    "Actual Total Time": 5799.351,
    "Actual Rows": 1,
    "Actual Loops": 1,
    "Plans": [
      {
        "Node Type": "Gather",
        "Parent Relationship": "Outer",
        "Parallel Aware": false,
        "Startup Cost": 446530.45,
        "Total Cost": 446530.56,
        "Plan Rows": 1,
        "Plan Width": 8,
        "Actual Startup Time": 5738.982,
        "Actual Total Time": 5799.34,
        "Actual Rows": 2,
        "Actual Loops": 1,
        "Workers Planned": 1,
        "Workers Launched": 1,
        "Single Copy": false,
        "Plans": [
          {
            "Node Type": "Aggregate",
            "Strategy": "Plain",
            "Partial Mode": "Partial",
            "Parent Relationship": "Outer",
            "Parallel Aware": false,
            "Startup Cost": 445530.45,
            "Total Cost": 445530.46,
            "Plan Rows": 1,
            "Plan Width": 8,
            "Actual Startup Time": 5731.346,
            "Actual Total Time": 5731.614,
            "Actual Rows": 1,
            "Actual Loops": 2,
            "Plans": [
              {
                "Node Type": "Hash Join",
                "Parent Relationship": "Outer",
                "Parallel Aware": true,
                "Join Type": "Inner",
                "Startup Cost": 133498.66,
                "Total Cost": 436444.39,
                "Plan Rows": 3634425,
                "Plan Width": 0,
                "Actual Startup Time": 908.241,
                "Actual Total Time": 4638.064,
                "Actual Rows": 28665717,
                "Actual Loops": 2,
                "Inner Unique": false,
                "Hash Cond": "(mi.movie_id = t.id)",
                "Plans": [
                  {
                    "Node Type": "Seq Scan",
                    "Parent Relationship": "Outer",
                    "Parallel Aware": true,
                    "Relation Name": "movie_info",
                    "Alias": "mi",
                    "Startup Cost": 0.0,
                    "Total Cost": 248955.74,
                    "Plan Rows": 8696274,
                    "Plan Width": 4,
                    "Actual Startup Time": 0.016,
                    "Actual Total Time": 647.092,
                    "Actual Rows": 7417860,
                    "Actual Loops": 2
                  },
                  {
                    "Node Type": "Hash",
                    "Parent Relationship": "Inner",
                    "Parallel Aware": true,
                    "Startup Cost": 125729.2,
                    "Total Cost": 125729.2,
                    "Plan Rows": 621557,
                    "Plan Width": 8,
                    "Actual Startup Time": 893.314,
                    "Actual Total Time": 893.581,
                    "Actual Rows": 528162,
                    "Actual Loops": 2,
                    "Hash Buckets": 2097152,
                    "Original Hash Buckets": 2097152,
                    "Hash Batches": 1,
                    "Original Hash Batches": 1,
                    "Peak Memory Usage": 57728,
                    "Plans": [
                      {
                        "Node Type": "Hash Join",
                        "Parent Relationship": "Outer",
                        "Parallel Aware": true,
                        "Join Type": "Inner",
                        "Startup Cost": 91874.15,
                        "Total Cost": 125729.2,
                        "Plan Rows": 621557,
                        "Plan Width": 8,
                        "Actual Startup Time": 569.352,
                        "Actual Total Time": 785.793,
                        "Actual Rows": 528162,
                        "Actual Loops": 2,
                        "Inner Unique": true,
                        "Hash Cond": "(mk.movie_id = t.id)",
                        "Plans": [
                          {
                            "Node Type": "Bitmap Heap Scan",
                            "Parent Relationship": "Outer",
                            "Parallel Aware": true,
                            "Relation Name": "movie_keyword",
                            "Alias": "mk",
                            "Startup Cost": 22413.45,
                            "Total Cost": 54636.91,
                            "Plan Rows": 621557,
                            "Plan Width": 4,
                            "Actual Startup Time": 67.389,
                            "Actual Total Time": 162.296,
                            "Actual Rows": 528162,
                            "Actual Loops": 2,
                            "Recheck Cond": "(keyword_id > 16710)",
                            "Rows Removed by Index Recheck": 0,
                            "Exact Heap Blocks": 12992,
                            "Lossy Heap Blocks": 0,
                            "Plans": [
                              {
                                "Node Type": "Bitmap Index Scan",
                                "Parent Relationship": "Outer",
                                "Parallel Aware": false,
                                "Index Name": "keyword_id_movie_keyword",
                                "Startup Cost": 0.0,
                                "Total Cost": 22149.28,
                                "Plan Rows": 1056647,
                                "Plan Width": 0,
                                "Actual Startup Time": 63.759,
                                "Actual Total Time": 63.759,
                                "Actual Rows": 1056325,
                                "Actual Loops": 1,
                                "Index Cond": "(keyword_id > 16710)"
                              }
                            ]
                          },
                          {
                            "Node Type": "Hash",
                            "Parent Relationship": "Inner",
                            "Parallel Aware": true,
                            "Startup Cost": 50870.31,
                            "Total Cost": 50870.31,
                            "Plan Rows": 1487231,
                            "Plan Width": 4,
                            "Actual Startup Time": 489.145,
                            "Actual Total Time": 489.146,
                            "Actual Rows": 1264156,
                            "Actual Loops": 2,
                            "Hash Buckets": 4194304,
                            "Original Hash Buckets": 4194304,
                            "Hash Batches": 1,
                            "Original Hash Batches": 1,
                            "Peak Memory Usage": 131712,
                            "Plans": [
                              {
                                "Node Type": "Seq Scan",
                                "Parent Relationship": "Outer",
                                "Parallel Aware": true,
                                "Relation Name": "title",
                                "Alias": "t",
                                "Startup Cost": 0.0,
                                "Total Cost": 50870.31,
                                "Plan Rows": 1487231,
                                "Plan Width": 4,
                                "Actual Startup Time": 0.049,
                                "Actual Total Time": 146.361,
                                "Actual Rows": 1264156,
                                "Actual Loops": 2
                              }
                            ]
                          }
                        ]
                      }
                    ]
                  }
                ]
              }
            ]
          }
        ]
      }
    ]
  },
  "Planning Time": 0.889,
  "Triggers": [],
  "Execution Time": 5799.471
}