[
  {
    "Plan": {
      "Node Type": "Aggregate",
      "Strategy": "Plain",
      "Partial Mode": "Finalize",
      "Parallel Aware": false,
      "Startup Cost": 387600.93,
      "Total Cost": 387600.94,
      "Plan Rows": 1,
      "Plan Width": 8,
      "Actual Startup Time": 1482.627,
      "Actual Total Time": 1536.843,
      "Actual Rows": 1,
      "Actual Loops": 1,
      "Plans": [
        {
          "Node Type": "Gather",
          "Parent Relationship": "Outer",
          "Parallel Aware": false,
          "Startup Cost": 387600.3,
          "Total Cost": 387600.91,
          "Plan Rows": 6,
          "Plan Width": 8,
          "Actual Startup Time": 1478.184,
          "Actual Total Time": 1536.83,
          "Actual Rows": 7,
          "Actual Loops": 1,
          "Workers Planned": 6,
          "Workers Launched": 6,
          "Single Copy": false,
          "Plans": [
            {
              "Node Type": "Aggregate",
              "Strategy": "Plain",
              "Partial Mode": "Partial",
              "Parent Relationship": "Outer",
              "Parallel Aware": false,
              "Startup Cost": 386600.3,
              "Total Cost": 386600.31,
              "Plan Rows": 1,
              "Plan Width": 8,
              "Actual Startup Time": 1469.472,
              "Actual Total Time": 1469.475,
              "Actual Rows": 1,
              "Actual Loops": 7,
              "Plans": [
                {
                  "Node Type": "Hash Join",
                  "Parent Relationship": "Outer",
                  "Parallel Aware": true,
                  "Join Type": "Inner",
                  "Startup Cost": 46140.6,
                  "Total Cost": 383995.19,
                  "Plan Rows": 1042043,
                  "Plan Width": 0,
                  "Actual Startup Time": 265.98,
                  "Actual Total Time": 1436.459,
                  "Actual Rows": 714382,
                  "Actual Loops": 7,
                  "Inner Unique": true,
                  "Hash Cond": "(ci.movie_id = t.id)",
                  "Plans": [
                    {
                      "Node Type": "Seq Scan",
                      "Parent Relationship": "Outer",
                      "Parallel Aware": true,
                      "Relation Name": "cast_info",
                      "Alias": "ci",
                      "Startup Cost": 0.0,
                      "Total Cost": 328211.39,
                      "Plan Rows": 3673598,
                      "Plan Width": 4,
                      "Actual Startup Time": 142.402,
                      "Actual Total Time": 596.005,
                      "Actual Rows": 3128224,
                      "Actual Loops": 7,
                      "Filter": "(person_id > 1412586)",
                      "Rows Removed by Filter": 2049540
                    },
                    {
                      "Node Type": "Hash",
                      "Parent Relationship": "Inner",
                      "Parallel Aware": true,
                      "Startup Cost": 43899.32,
                      "Total Cost": 43899.32,
                      "Plan Rows": 179302,
                      "Plan Width": 4,
                      "Actual Startup Time": 121.419,
                      "Actual Total Time": 121.419,
                      "Actual Rows": 104426,
                      "Actual Loops": 7,
                      "Hash Buckets": 1048576,
                      "Original Hash Buckets": 1048576,
                      "Hash Batches": 1,
                      "Original Hash Batches": 1,
                      "Peak Memory Usage": 36832,
                      "Plans": [
                        {
                          "Node Type": "Seq Scan",
                          "Parent Relationship": "Outer",
                          "Parallel Aware": true,
                          "Relation Name": "title",
                          "Alias": "t",
                          "Startup Cost": 0.0,
                          "Total Cost": 43899.32,
                          "Plan Rows": 179302,
                          "Plan Width": 4,
                          "Actual Startup Time": 0.038,
                          "Actual Total Time": 72.027,
                          "Actual Rows": 104426,
                          "Actual Loops": 7,
                          "Filter": "(production_year < 1992)",
                          "Rows Removed by Filter": 256761
                        }
                      ]
                    }
                  ]
                }
              ]
            }
          ]
        }
      ]
    },
    "Planning Time": 0.248,
    "Triggers": [],
    "Execution Time": 1536.897
  }
]