[
  {
    "Plan": {
      "Node Type": "Aggregate",
      "Strategy": "Plain",
      "Partial Mode": "Finalize",
      "Parallel Aware": false,
      "Startup Cost": 249727.88,
      "Total Cost": 249727.89,
      "Plan Rows": 1,
      "Plan Width": 8,
      "Actual Startup Time": 676.623,
      "Actual Total Time": 723.32,
      "Actual Rows": 1,
      "Actual Loops": 1,
      "Plans": [
        {
          "Node Type": "Gather",
          "Parent Relationship": "Outer",
          "Parallel Aware": false,
          "Startup Cost": 249727.35,
          "Total Cost": 249727.86,
          "Plan Rows": 5,
          "Plan Width": 8,
          "Actual Startup Time": 675.549,
          "Actual Total Time": 723.308,
          "Actual Rows": 6,
          "Actual Loops": 1,
          "Workers Planned": 5,
          "Workers Launched": 5,
          "Single Copy": false,
          "Plans": [
            {
              "Node Type": "Aggregate",
              "Strategy": "Plain",
              "Partial Mode": "Partial",
              "Parent Relationship": "Outer",
              "Parallel Aware": false,
              "Startup Cost": 248727.35,
              "Total Cost": 248727.36,
              "Plan Rows": 1,
              "Plan Width": 8,
              "Actual Startup Time": 667.834,
              "Actual Total Time": 667.837,
              "Actual Rows": 1,
              "Actual Loops": 6,
              "Plans": [
                {
                  "Node Type": "Hash Join",
                  "Parent Relationship": "Outer",
                  "Parallel Aware": true,
                  "Join Type": "Inner",
                  "Startup Cost": 44234.57,
                  "Total Cost": 248518.22,
                  "Plan Rows": 83655,
                  "Plan Width": 0,
                  "Actual Startup Time": 119.53,
                  "Actual Total Time": 660.511,
                  "Actual Rows": 143507,
                  "Actual Loops": 6,
                  "Inner Unique": true,
                  "Hash Cond": "(mi.movie_id = t.id)",
                  "Plans": [
                    {
                      "Node Type": "Seq Scan",
                      "Parent Relationship": "Outer",
                      "Parallel Aware": true,
                      "Relation Name": "movie_info",
                      "Alias": "mi",
                      "Startup Cost": 0.0,
                      "Total Cost": 199108.24,
                      "Plan Rows": 1971577,
                      "Plan Width": 4,
                      "Actual Startup Time": 17.252,
                      "Actual Total Time": 365.804,
                      "Actual Rows": 1651959,
                      "Actual Loops": 6,
                      "Filter": "(info_type_id > 4)",
                      "Rows Removed by Filter": 820661
                    },
                    {
                      "Node Type": "Hash",
                      "Parent Relationship": "Inner",
                      "Parallel Aware": true,
                      "Startup Cost": 43899.32,
                      "Total Cost": 43899.32,
                      "Plan Rows": 26820,
                      "Plan Width": 4,
                      "Actual Startup Time": 87.551,
                      "Actual Total Time": 87.552,
                      "Actual Rows": 19219,
                      "Actual Loops": 6,
                      "Hash Buckets": 131072,
                      "Original Hash Buckets": 131072,
                      "Hash Batches": 1,
                      "Original Hash Batches": 1,
                      "Peak Memory Usage": 5632,
                      "Plans": [
                        {
                          "Node Type": "Seq Scan",
                          "Parent Relationship": "Outer",
                          "Parallel Aware": true,
                          "Relation Name": "title",
                          "Alias": "t",
                          "Startup Cost": 0.0,
                          "Total Cost": 43899.32,
                          "Plan Rows": 26820,
                          "Plan Width": 4,
                          "Actual Startup Time": 44.696,
                          "Actual Total Time": 79.506,
                          "Actual Rows": 19219,
                          "Actual Loops": 6,
                          "Filter": "(production_year < 1930)",
                          "Rows Removed by Filter": 402166
                        }
                      ]
                    }
                  ]
                }
              ]
            }
          ]
        }
      ]
    },
    "Planning Time": 0.654,
    "Triggers": [],
    "Execution Time": 723.394
  }
]