{
  "Plan": {
    "Node Type": "Aggregate",
    "Strategy": "Plain",
    "Partial Mode": "Finalize",
    "Parallel Aware": false,
    "Startup Cost": 104844.67,
    "Total Cost": 104844.68,
    "Plan Rows": 1,
    "Plan Width": 8,
    "Actual Startup Time": 366.722,
    "Actual Total Time": 382.44,
    "Actual Rows": 1,
    "Actual Loops": 1,
    "Plans": [
      {
        "Node Type": "Gather",
        "Parent Relationship": "Outer",
        "Parallel Aware": false,
        "Startup Cost": 104844.55,
        "Total Cost": 104844.66,
        "Plan Rows": 1,
        "Plan Width": 8,
        "Actual Startup Time": 366.11,
        "Actual Total Time": 382.433,
        "Actual Rows": 2,
        "Actual Loops": 1,
        "Workers Planned": 1,
        "Workers Launched": 1,
        "Single Copy": false,
        "Plans": [
          {
            "Node Type": "Aggregate",
            "Strategy": "Plain",
            "Partial Mode": "Partial",
            "Parent Relationship": "Outer",
            "Parallel Aware": false,
            "Startup Cost": 103844.55,
            "Total Cost": 103844.56,
            "Plan Rows": 1,
            "Plan Width": 8,
            "Actual Startup Time": 359.945,
            "Actual Total Time": 359.949,
            "Actual Rows": 1,
            "Actual Loops": 2,
            "Plans": [
              {
                "Node Type": "Hash Join",
                "Parent Relationship": "Outer",
                "Parallel Aware": true,
                "Join Type": "Inner",
                "Startup Cost": 41872.4,
                "Total Cost": 103675.98,
                "Plan Rows": 67431,
                "Plan Width": 0,
                "Actual Startup Time": 161.367,
                "Actual Total Time": 358.854,
                "Actual Rows": 21882,
                "Actual Loops": 2,
                "Inner Unique": false,
                "Hash Cond": "(t.id = mc.movie_id)",
                "Plans": [
                  {
                    "Node Type": "Seq Scan",
                    "Parent Relationship": "Outer",
                    "Parallel Aware": true,
                    "Relation Name": "title",
                    "Alias": "t",
                    "Startup Cost": 0.0,
                    "Total Cost": 58306.47,
                    "Plan Rows": 496072,
                    "Plan Width": 4,
                    "Actual Startup Time": 0.012,
                    "Actual Total Time": 137.482,
                    "Actual Rows": 460822,
                    "Actual Loops": 2,
                    "Filter": "((production_year > 2000) AND (kind_id = 7))",
                    "Rows Removed by Filter": 803334
                  },
                  {
                    "Node Type": "Hash",
                    "Parent Relationship": "Inner",
                    "Parallel Aware": true,
                    "Startup Cost": 39345.39,
                    "Total Cost": 39345.39,
                    "Plan Rows": 202161,
                    "Plan Width": 4,
                    "Actual Startup Time": 155.811,
                    "Actual Total Time": 155.813,
                    "Actual Rows": 95050,
                    "Actual Loops": 2,
                    "Hash Buckets": 524288,
                    "Original Hash Buckets": 524288,
                    "Hash Batches": 1,
                    "Original Hash Batches": 1,
                    "Peak Memory Usage": 11552,
                    "Plans": [
                      {
                        "Node Type": "Bitmap Heap Scan",
                        "Parent Relationship": "Outer",
                        "Parallel Aware": true,
                        "Relation Name": "movie_companies",
                        "Alias": "mc",
                        "Startup Cost": 14582.93,
                        "Total Cost": 39345.39,
                        "Plan Rows": 202161,
                        "Plan Width": 4,
                        "Actual Startup Time": 111.404,
                        "Actual Total Time": 136.367,
                        "Actual Rows": 95050,
                        "Actual Loops": 2,
                        "Recheck Cond": "(company_id < 1070)",
                        "Rows Removed by Index Recheck": 0,
                        "Filter": "(company_type_id > 1)",
                        "Rows Removed by Filter": 239995,
                        "Exact Heap Blocks": 12338,
                        "Lossy Heap Blocks": 0,
                        "Plans": [
                          {
                            "Node Type": "Bitmap Index Scan",
                            "Parent Relationship": "Outer",
                            "Parallel Aware": false,
                            "Index Name": "company_id_movie_companies",
                            "Startup Cost": 0.0,
                            "Total Cost": 14497.01,
                            "Plan Rows": 676878,
                            "Plan Width": 0,
                            "Actual Startup Time": 58.887,
                            "Actual Total Time": 58.887,
                            "Actual Rows": 670090,
                            "Actual Loops": 1,
                            "Index Cond": "(company_id < 1070)"
                          }
                        ]
                      }
                    ]
                  }
                ]
              }
            ]
          }
        ]
      }
    ]
  },
  "Planning Time": 0.619,
  "Triggers": [],
  "Execution Time": 382.526
}