[
  {
    "Plan": {
      "Node Type": "Aggregate",
      "Strategy": "Plain",
      "Partial Mode": "Finalize",
      "Parallel Aware": false,
      "Startup Cost": 45376.01,
      "Total Cost": 45376.02,
      "Plan Rows": 1,
      "Plan Width": 8,
      "Actual Startup Time": 145.291,
      "Actual Total Time": 155.199,
      "Actual Rows": 1,
      "Actual Loops": 1,
      "Plans": [
        {
          "Node Type": "Gather",
          "Parent Relationship": "Outer",
          "Parallel Aware": false,
          "Startup Cost": 45375.69,
          "Total Cost": 45376.0,
          "Plan Rows": 3,
          "Plan Width": 8,
          "Actual Startup Time": 145.171,
          "Actual Total Time": 155.191,
          "Actual Rows": 4,
          "Actual Loops": 1,
          "Workers Planned": 3,
          "Workers Launched": 3,
          "Single Copy": false,
          "Plans": [
            {
              "Node Type": "Aggregate",
              "Strategy": "Plain",
              "Partial Mode": "Partial",
              "Parent Relationship": "Outer",
              "Parallel Aware": false,
              "Startup Cost": 44375.69,
              "Total Cost": 44375.7,
              "Plan Rows": 1,
              "Plan Width": 8,
              "Actual Startup Time": 136.895,
              "Actual Total Time": 136.897,
              "Actual Rows": 1,
              "Actual Loops": 4,
              "Plans": [
                {
                  "Node Type": "Seq Scan",
                  "Parent Relationship": "Outer",
                  "Parallel Aware": true,
                  "Relation Name": "movie_keyword",
                  "Alias": "mk",
                  "Startup Cost": 0.0,
                  "Total Cost": 42695.65,
                  "Plan Rows": 672015,
                  "Plan Width": 0,
                  "Actual Startup Time": 0.498,
                  "Actual Total Time": 112.437,
                  "Actual Rows": 515732,
                  "Actual Loops": 4,
                  "Filter": "(keyword_id > 5899)",
                  "Rows Removed by Filter": 615250
                }
              ]
            }
          ]
        }
      ]
    },
    "Planning Time": 0.086,
    "Triggers": [],
    "Execution Time": 155.229
  }
]