[
  {
    "Plan": {
      "Node Type": "Aggregate",
      "Strategy": "Plain",
      "Partial Mode": "Finalize",
      "Parallel Aware": false,
      "Startup Cost": 303883.34,
      "Total Cost": 303883.35,
      "Plan Rows": 1,
      "Plan Width": 8,
      "Actual Startup Time": 1234.784,
      "Actual Total Time": 1312.929,
      "Actual Rows": 1,
      "Actual Loops": 1,
      "Plans": [
        {
          "Node Type": "Gather",
          "Parent Relationship": "Outer",
          "Parallel Aware": false,
          "Startup Cost": 303883.02,
          "Total Cost": 303883.33,
          "Plan Rows": 3,
          "Plan Width": 8,
          "Actual Startup Time": 1233.003,
          "Actual Total Time": 1312.92,
          "Actual Rows": 4,
          "Actual Loops": 1,
          "Workers Planned": 3,
          "Workers Launched": 3,
          "Single Copy": false,
          "Plans": [
            {
              "Node Type": "Aggregate",
              "Strategy": "Plain",
              "Partial Mode": "Partial",
              "Parent Relationship": "Outer",
              "Parallel Aware": false,
              "Startup Cost": 302883.02,
              "Total Cost": 302883.03,
              "Plan Rows": 1,
              "Plan Width": 8,
              "Actual Startup Time": 1223.897,
              "Actual Total Time": 1223.902,
              "Actual Rows": 1,
              "Actual Loops": 4,
              "Plans": [
                {
                  "Node Type": "Nested Loop",
                  "Parent Relationship": "Outer",
                  "Parallel Aware": false,
                  "Join Type": "Inner",
                  "Startup Cost": 45121.66,
                  "Total Cost": 302072.99,
                  "Plan Rows": 324012,
                  "Plan Width": 0,
                  "Actual Startup Time": 131.491,
                  "Actual Total Time": 1201.548,
                  "Actual Rows": 477986,
                  "Actual Loops": 4,
                  "Inner Unique": false,
                  "Join Filter": "(t.id = ci.movie_id)",
                  "Rows Removed by Join Filter": 0,
                  "Plans": [
                    {
                      "Node Type": "Hash Join",
                      "Parent Relationship": "Outer",
                      "Parallel Aware": true,
                      "Join Type": "Inner",
                      "Startup Cost": 45121.09,
                      "Total Cost": 89348.78,
                      "Plan Rows": 90280,
                      "Plan Width": 8,
                      "Actual Startup Time": 131.358,
                      "Actual Total Time": 287.238,
                      "Actual Rows": 28790,
                      "Actual Loops": 4,
                      "Inner Unique": true,
                      "Hash Cond": "(mk.movie_id = t.id)",
                      "Plans": [
                        {
                          "Node Type": "Seq Scan",
                          "Parent Relationship": "Outer",
                          "Parallel Aware": true,
                          "Relation Name": "movie_keyword",
                          "Alias": "mk",
                          "Startup Cost": 0.0,
                          "Total Cost": 42695.65,
                          "Plan Rows": 583632,
                          "Plan Width": 4,
                          "Actual Startup Time": 0.024,
                          "Actual Total Time": 92.844,
                          "Actual Rows": 454824,
                          "Actual Loops": 4,
                          "Filter": "(keyword_id < 2987)",
                          "Rows Removed by Filter": 676159
                        },
                        {
                          "Node Type": "Hash",
                          "Parent Relationship": "Inner",
                          "Parallel Aware": true,
                          "Startup Cost": 43898.92,
                          "Total Cost": 43898.92,
                          "Plan Rows": 97774,
                          "Plan Width": 4,
                          "Actual Startup Time": 127.991,
                          "Actual Total Time": 127.992,
                          "Actual Rows": 97916,
                          "Actual Loops": 4,
                          "Hash Buckets": 524288,
                          "Original Hash Buckets": 524288,
                          "Hash Batches": 1,
                          "Original Hash Batches": 1,
                          "Peak Memory Usage": 19456,
                          "Plans": [
                            {
                              "Node Type": "Seq Scan",
                              "Parent Relationship": "Outer",
                              "Parallel Aware": true,
                              "Relation Name": "title",
                              "Alias": "t",
                              "Startup Cost": 0.0,
                              "Total Cost": 43898.92,
                              "Plan Rows": 97774,
                              "Plan Width": 4,
                              "Actual Startup Time": 0.04,
                              "Actual Total Time": 93.574,
                              "Actual Rows": 97916,
                              "Actual Loops": 4,
                              "Filter": "(production_year > 2010)",
                              "Rows Removed by Filter": 534162
                            }
                          ]
                        }
                      ]
                    },
                    {
                      "Node Type": "Index Scan",
                      "Parent Relationship": "Inner",
                      "Parallel Aware": false,
                      "Scan Direction": "Forward",
                      "Index Name": "movie_id_cast_info",
                      "Relation Name": "cast_info",
                      "Alias": "ci",
                      "Startup Cost": 0.56,
                      "Total Cost": 2.24,
                      "Plan Rows": 9,
                      "Plan Width": 4,
                      "Actual Startup Time": 0.004,
                      "Actual Total Time": 0.03,
                      "Actual Rows": 17,
                      "Actual Loops": 115161,
                      "Index Cond": "(movie_id = mk.movie_id)",
                      "Rows Removed by Index Recheck": 0,
                      "Filter": "((person_id < 2732739) AND (role_id = 1))",
                      "Rows Removed by Filter": 38
                    }
                  ]
                }
              ]
            }
          ]
        }
      ]
    },
    "Planning Time": 1.402,
    "Triggers": [],
    "Execution Time": 1313.04
  }
]