{
    "Plan": {
        "Node Type": "Aggregate",
        "Strategy": "Plain",
        "Partial Mode": "Finalize",
        "Parallel Aware": false,
        "Startup Cost": 469010.36,
        "Total Cost": 469010.37,
        "Plan Rows": 1,
        "Plan Width": 8,
        "Actual Startup Time": 2532.951,
        "Actual Total Time": 2578.004,
        "Actual Rows": 1,
        "Actual Loops": 1,
        "Output": [
            "count(*)"
        ],
        "Plans": [
            {
                "Node Type": "Gather",
                "Parent Relationship": "Outer",
                "Parallel Aware": false,
                "Startup Cost": 469009.74,
                "Total Cost": 469010.35,
                "Plan Rows": 6,
                "Plan Width": 8,
                "Actual Startup Time": 2490.914,
                "Actual Total Time": 2577.989,
                "Actual Rows": 7,
                "Actual Loops": 1,
                "Output": [
                    "(PARTIAL count(*))"
                ],
                "Workers Planned": 6,
                "Workers Launched": 6,
                "Single Copy": false,
                "Plans": [
                    {
                        "Node Type": "Aggregate",
                        "Strategy": "Plain",
                        "Partial Mode": "Partial",
                        "Parent Relationship": "Outer",
                        "Parallel Aware": false,
                        "Startup Cost": 468009.74,
                        "Total Cost": 468009.75,
                        "Plan Rows": 1,
                        "Plan Width": 8,
                        "Actual Startup Time": 2469.504,
                        "Actual Total Time": 2470.437,
                        "Actual Rows": 1,
                        "Actual Loops": 7,
                        "Output": [
                            "PARTIAL count(*)"
                        ],
                        "Workers": [
                            {
                                "Worker Number": 0,
                                "Actual Startup Time": 2468.758,
                                "Actual Total Time": 2468.764,
                                "Actual Rows": 1,
                                "Actual Loops": 1
                            },
                            {
                                "Worker Number": 1,
                                "Actual Startup Time": 2465.515,
                                "Actual Total Time": 2465.52,
                                "Actual Rows": 1,
                                "Actual Loops": 1
                            },
                            {
                                "Worker Number": 2,
                                "Actual Startup Time": 2465.559,
                                "Actual Total Time": 2465.564,
                                "Actual Rows": 1,
                                "Actual Loops": 1
                            },
                            {
                                "Worker Number": 3,
                                "Actual Startup Time": 2465.678,
                                "Actual Total Time": 2465.683,
                                "Actual Rows": 1,
                                "Actual Loops": 1
                            },
                            {
                                "Worker Number": 4,
                                "Actual Startup Time": 2465.583,
                                "Actual Total Time": 2465.588,
                                "Actual Rows": 1,
                                "Actual Loops": 1
                            },
                            {
                                "Worker Number": 5,
                                "Actual Startup Time": 2465.529,
                                "Actual Total Time": 2465.535,
                                "Actual Rows": 1,
                                "Actual Loops": 1
                            }
                        ],
                        "Plans": [
                            {
                                "Node Type": "Hash Join",
                                "Parent Relationship": "Outer",
                                "Parallel Aware": true,
                                "Join Type": "Inner",
                                "Startup Cost": 105423.58,
                                "Total Cost": 462764.71,
                                "Plan Rows": 2098012,
                                "Plan Width": 0,
                                "Actual Startup Time": 571.879,
                                "Actual Total Time": 2162.039,
                                "Actual Rows": 6473583,
                                "Actual Loops": 7,
                                "Inner Unique": false,
                                "Hash Cond": "(ci.movie_id = t.id)",
                                "Workers": [
                                    {
                                        "Worker Number": 0,
                                        "Actual Startup Time": 568.247,
                                        "Actual Total Time": 2177.16,
                                        "Actual Rows": 7101796,
                                        "Actual Loops": 1
                                    },
                                    {
                                        "Worker Number": 1,
                                        "Actual Startup Time": 568.644,
                                        "Actual Total Time": 2140.096,
                                        "Actual Rows": 5213785,
                                        "Actual Loops": 1
                                    },
                                    {
                                        "Worker Number": 2,
                                        "Actual Startup Time": 568.44,
                                        "Actual Total Time": 2144.331,
                                        "Actual Rows": 5234171,
                                        "Actual Loops": 1
                                    },
                                    {
                                        "Worker Number": 3,
                                        "Actual Startup Time": 568.527,
                                        "Actual Total Time": 2148.235,
                                        "Actual Rows": 5677049,
                                        "Actual Loops": 1
                                    },
                                    {
                                        "Worker Number": 4,
                                        "Actual Startup Time": 568.193,
                                        "Actual Total Time": 2174.218,
                                        "Actual Rows": 6917795,
                                        "Actual Loops": 1
                                    },
                                    {
                                        "Worker Number": 5,
                                        "Actual Startup Time": 568.314,
                                        "Actual Total Time": 2173.954,
                                        "Actual Rows": 7128647,
                                        "Actual Loops": 1
                                    }
                                ],
                                "Plans": [
                                    {
                                        "Node Type": "Index Scan",
                                        "Parent Relationship": "Outer",
                                        "Parallel Aware": true,
                                        "Scan Direction": "Forward",
                                        "Index Name": "role_id_cast_info",
                                        "Relation Name": "cast_info",
                                        "Schema": "public",
                                        "Alias": "ci",
                                        "Startup Cost": 0.56,
                                        "Total Cost": 342814.42,
                                        "Plan Rows": 2069196,
                                        "Plan Width": 4,
                                        "Actual Startup Time": 0.279,
                                        "Actual Total Time": 459.864,
                                        "Actual Rows": 1810098,
                                        "Actual Loops": 7,
                                        "Output": [
                                            "ci.id",
                                            "ci.person_id",
                                            "ci.movie_id",
                                            "ci.person_role_id",
                                            "ci.note",
                                            "ci.nr_order",
                                            "ci.role_id"
                                        ],
                                        "Index Cond": "(ci.role_id = 1)",
                                        "Rows Removed by Index Recheck": 0,
                                        "Filter": "(ci.person_id < 3854433)",
                                        "Rows Removed by Filter": 0,
                                        "Workers": [
                                            {
                                                "Worker Number": 0,
                                                "Actual Startup Time": 0.191,
                                                "Actual Total Time": 460.794,
                                                "Actual Rows": 1970670,
                                                "Actual Loops": 1
                                            },
                                            {
                                                "Worker Number": 1,
                                                "Actual Startup Time": 0.339,
                                                "Actual Total Time": 479.496,
                                                "Actual Rows": 1445730,
                                                "Actual Loops": 1
                                            },
                                            {
                                                "Worker Number": 2,
                                                "Actual Startup Time": 0.301,
                                                "Actual Total Time": 483.248,
                                                "Actual Rows": 1478881,
                                                "Actual Loops": 1
                                            },
                                            {
                                                "Worker Number": 3,
                                                "Actual Startup Time": 0.366,
                                                "Actual Total Time": 474.399,
                                                "Actual Rows": 1568163,
                                                "Actual Loops": 1
                                            },
                                            {
                                                "Worker Number": 4,
                                                "Actual Startup Time": 0.15,
                                                "Actual Total Time": 464.484,
                                                "Actual Rows": 1947272,
                                                "Actual Loops": 1
                                            },
                                            {
                                                "Worker Number": 5,
                                                "Actual Startup Time": 0.227,
                                                "Actual Total Time": 461.256,
                                                "Actual Rows": 1986271,
                                                "Actual Loops": 1
                                            }
                                        ]
                                    },
                                    {
                                        "Node Type": "Hash",
                                        "Parent Relationship": "Inner",
                                        "Parallel Aware": true,
                                        "Startup Cost": 95086.19,
                                        "Total Cost": 95086.19,
                                        "Plan Rows": 826946,
                                        "Plan Width": 8,
                                        "Actual Startup Time": 565.08,
                                        "Actual Total Time": 566.01,
                                        "Actual Rows": 366393,
                                        "Actual Loops": 7,
                                        "Output": [
                                            "t.id",
                                            "mk.movie_id"
                                        ],
                                        "Hash Buckets": 4194304,
                                        "Original Hash Buckets": 4194304,
                                        "Hash Batches": 1,
                                        "Original Hash Batches": 1,
                                        "Peak Memory Usage": 133184,
                                        "Workers": [
                                            {
                                                "Worker Number": 0,
                                                "Actual Startup Time": 567.551,
                                                "Actual Total Time": 567.555,
                                                "Actual Rows": 410592,
                                                "Actual Loops": 1
                                            },
                                            {
                                                "Worker Number": 1,
                                                "Actual Startup Time": 567.653,
                                                "Actual Total Time": 567.656,
                                                "Actual Rows": 299083,
                                                "Actual Loops": 1
                                            },
                                            {
                                                "Worker Number": 2,
                                                "Actual Startup Time": 567.64,
                                                "Actual Total Time": 567.644,
                                                "Actual Rows": 299677,
                                                "Actual Loops": 1
                                            },
                                            {
                                                "Worker Number": 3,
                                                "Actual Startup Time": 567.666,
                                                "Actual Total Time": 567.669,
                                                "Actual Rows": 297947,
                                                "Actual Loops": 1
                                            },
                                            {
                                                "Worker Number": 4,
                                                "Actual Startup Time": 567.538,
                                                "Actual Total Time": 567.541,
                                                "Actual Rows": 349992,
                                                "Actual Loops": 1
                                            },
                                            {
                                                "Worker Number": 5,
                                                "Actual Startup Time": 567.632,
                                                "Actual Total Time": 567.635,
                                                "Actual Rows": 411832,
                                                "Actual Loops": 1
                                            }
                                        ],
                                        "Plans": [
                                            {
                                                "Node Type": "Hash Join",
                                                "Parent Relationship": "Outer",
                                                "Parallel Aware": true,
                                                "Join Type": "Inner",
                                                "Startup Cost": 50219.81,
                                                "Total Cost": 95086.19,
                                                "Plan Rows": 826946,
                                                "Plan Width": 8,
                                                "Actual Startup Time": 255.313,
                                                "Actual Total Time": 439.833,
                                                "Actual Rows": 366393,
                                                "Actual Loops": 7,
                                                "Output": [
                                                    "t.id",
                                                    "mk.movie_id"
                                                ],
                                                "Inner Unique": true,
                                                "Hash Cond": "(mk.movie_id = t.id)",
                                                "Workers": [
                                                    {
                                                        "Worker Number": 0,
                                                        "Actual Startup Time": 255.315,
                                                        "Actual Total Time": 439.473,
                                                        "Actual Rows": 410592,
                                                        "Actual Loops": 1
                                                    },
                                                    {
                                                        "Worker Number": 1,
                                                        "Actual Startup Time": 255.314,
                                                        "Actual Total Time": 441.302,
                                                        "Actual Rows": 299083,
                                                        "Actual Loops": 1
                                                    },
                                                    {
                                                        "Worker Number": 2,
                                                        "Actual Startup Time": 255.304,
                                                        "Actual Total Time": 439.087,
                                                        "Actual Rows": 299677,
                                                        "Actual Loops": 1
                                                    },
                                                    {
                                                        "Worker Number": 3,
                                                        "Actual Startup Time": 255.288,
                                                        "Actual Total Time": 439.572,
                                                        "Actual Rows": 297947,
                                                        "Actual Loops": 1
                                                    },
                                                    {
                                                        "Worker Number": 4,
                                                        "Actual Startup Time": 255.291,
                                                        "Actual Total Time": 439.698,
                                                        "Actual Rows": 349992,
                                                        "Actual Loops": 1
                                                    },
                                                    {
                                                        "Worker Number": 5,
                                                        "Actual Startup Time": 255.27,
                                                        "Actual Total Time": 439.327,
                                                        "Actual Rows": 411832,
                                                        "Actual Loops": 1
                                                    }
                                                ],
                                                "Plans": [
                                                    {
                                                        "Node Type": "Seq Scan",
                                                        "Parent Relationship": "Outer",
                                                        "Parallel Aware": true,
                                                        "Relation Name": "movie_keyword",
                                                        "Schema": "public",
                                                        "Alias": "mk",
                                                        "Startup Cost": 0.0,
                                                        "Total Cost": 42695.65,
                                                        "Plan Rows": 826946,
                                                        "Plan Width": 4,
                                                        "Actual Startup Time": 0.147,
                                                        "Actual Total Time": 94.888,
                                                        "Actual Rows": 366393,
                                                        "Actual Loops": 7,
                                                        "Output": [
                                                            "mk.id",
                                                            "mk.movie_id",
                                                            "mk.keyword_id"
                                                        ],
                                                        "Filter": "(mk.keyword_id > 3411)",
                                                        "Rows Removed by Filter": 279882,
                                                        "Workers": [
                                                            {
                                                                "Worker Number": 0,
                                                                "Actual Startup Time": 0.216,
                                                                "Actual Total Time": 96.745,
                                                                "Actual Rows": 410592,
                                                                "Actual Loops": 1
                                                            },
                                                            {
                                                                "Worker Number": 1,
                                                                "Actual Startup Time": 0.119,
                                                                "Actual Total Time": 96.993,
                                                                "Actual Rows": 299083,
                                                                "Actual Loops": 1
                                                            },
                                                            {
                                                                "Worker Number": 2,
                                                                "Actual Startup Time": 0.215,
                                                                "Actual Total Time": 96.994,
                                                                "Actual Rows": 299677,
                                                                "Actual Loops": 1
                                                            },
                                                            {
                                                                "Worker Number": 3,
                                                                "Actual Startup Time": 0.132,
                                                                "Actual Total Time": 97.069,
                                                                "Actual Rows": 297947,
                                                                "Actual Loops": 1
                                                            },
                                                            {
                                                                "Worker Number": 4,
                                                                "Actual Startup Time": 0.113,
                                                                "Actual Total Time": 97.825,
                                                                "Actual Rows": 349992,
                                                                "Actual Loops": 1
                                                            },
                                                            {
                                                                "Worker Number": 5,
                                                                "Actual Startup Time": 0.118,
                                                                "Actual Total Time": 96.858,
                                                                "Actual Rows": 411832,
                                                                "Actual Loops": 1
                                                            }
                                                        ]
                                                    },
                                                    {
                                                        "Node Type": "Hash",
                                                        "Parent Relationship": "Inner",
                                                        "Parallel Aware": true,
                                                        "Startup Cost": 42318.81,
                                                        "Total Cost": 42318.81,
                                                        "Plan Rows": 632080,
                                                        "Plan Width": 4,
                                                        "Actual Startup Time": 251.776,
                                                        "Actual Total Time": 251.778,
                                                        "Actual Rows": 361187,
                                                        "Actual Loops": 7,
                                                        "Output": [
                                                            "t.id"
                                                        ],
                                                        "Hash Buckets": 4194304,
                                                        "Original Hash Buckets": 4194304,
                                                        "Hash Batches": 1,
                                                        "Original Hash Batches": 1,
                                                        "Peak Memory Usage": 131808,
                                                        "Workers": [
                                                            {
                                                                "Worker Number": 0,
                                                                "Actual Startup Time": 255.025,
                                                                "Actual Total Time": 255.026,
                                                                "Actual Rows": 370896,
                                                                "Actual Loops": 1
                                                            },
                                                            {
                                                                "Worker Number": 1,
                                                                "Actual Startup Time": 254.861,
                                                                "Actual Total Time": 254.862,
                                                                "Actual Rows": 301847,
                                                                "Actual Loops": 1
                                                            },
                                                            {
                                                                "Worker Number": 2,
                                                                "Actual Startup Time": 254.867,
                                                                "Actual Total Time": 254.868,
                                                                "Actual Rows": 296626,
                                                                "Actual Loops": 1
                                                            },
                                                            {
                                                                "Worker Number": 3,
                                                                "Actual Startup Time": 254.842,
                                                                "Actual Total Time": 254.843,
                                                                "Actual Rows": 289790,
                                                                "Actual Loops": 1
                                                            },
                                                            {
                                                                "Worker Number": 4,
                                                                "Actual Startup Time": 254.871,
                                                                "Actual Total Time": 254.872,
                                                                "Actual Rows": 372617,
                                                                "Actual Loops": 1
                                                            },
                                                            {
                                                                "Worker Number": 5,
                                                                "Actual Startup Time": 254.858,
                                                                "Actual Total Time": 254.859,
                                                                "Actual Rows": 375393,
                                                                "Actual Loops": 1
                                                            }
                                                        ],
                                                        "Plans": [
                                                            {
                                                                "Node Type": "Seq Scan",
                                                                "Parent Relationship": "Outer",
                                                                "Parallel Aware": true,
                                                                "Relation Name": "title",
                                                                "Schema": "public",
                                                                "Alias": "t",
                                                                "Startup Cost": 0.0,
                                                                "Total Cost": 42318.81,
                                                                "Plan Rows": 632080,
                                                                "Plan Width": 4,
                                                                "Actual Startup Time": 0.083,
                                                                "Actual Total Time": 75.045,
                                                                "Actual Rows": 361187,
                                                                "Actual Loops": 7,
                                                                "Output": [
                                                                    "t.id"
                                                                ],
                                                                "Workers": [
                                                                    {
                                                                        "Worker Number": 0,
                                                                        "Actual Startup Time": 0.079,
                                                                        "Actual Total Time": 74.743,
                                                                        "Actual Rows": 370896,
                                                                        "Actual Loops": 1
                                                                    },
                                                                    {
                                                                        "Worker Number": 1,
                                                                        "Actual Startup Time": 0.106,
                                                                        "Actual Total Time": 80.854,
                                                                        "Actual Rows": 301847,
                                                                        "Actual Loops": 1
                                                                    },
                                                                    {
                                                                        "Worker Number": 2,
                                                                        "Actual Startup Time": 0.101,
                                                                        "Actual Total Time": 79.628,
                                                                        "Actual Rows": 296626,
                                                                        "Actual Loops": 1
                                                                    },
                                                                    {
                                                                        "Worker Number": 3,
                                                                        "Actual Startup Time": 0.099,
                                                                        "Actual Total Time": 79.192,
                                                                        "Actual Rows": 289790,
                                                                        "Actual Loops": 1
                                                                    },
                                                                    {
                                                                        "Worker Number": 4,
                                                                        "Actual Startup Time": 0.079,
                                                                        "Actual Total Time": 74.93,
                                                                        "Actual Rows": 372617,
                                                                        "Actual Loops": 1
                                                                    },
                                                                    {
                                                                        "Worker Number": 5,
                                                                        "Actual Startup Time": 0.102,
                                                                        "Actual Total Time": 75.57,
                                                                        "Actual Rows": 375393,
                                                                        "Actual Loops": 1
                                                                    }
                                                                ]
                                                            }
                                                        ]
                                                    }
                                                ]
                                            }
                                        ]
                                    }
                                ]
                            }
                        ]
                    }
                ]
            }
        ]
    },
    "Planning Time": 1.47,
    "Triggers": [],
    "Execution Time": 2578.13
}