[
  {
    "Plan": {
      "Node Type": "Aggregate",
      "Strategy": "Plain",
      "Partial Mode": "Finalize",
      "Parallel Aware": false,
      "Startup Cost": 384087.87,
      "Total Cost": 384087.88,
      "Plan Rows": 1,
      "Plan Width": 8,
      "Actual Startup Time": 3271.488,
      "Actual Total Time": 3291.871,
      "Actual Rows": 1,
      "Actual Loops": 1,
      "Plans": [
        {
          "Node Type": "Gather",
          "Parent Relationship": "Outer",
          "Parallel Aware": false,
          "Startup Cost": 384087.24,
          "Total Cost": 384087.85,
          "Plan Rows": 6,
          "Plan Width": 8,
          "Actual Startup Time": 3255.486,
          "Actual Total Time": 3291.848,
          "Actual Rows": 7,
          "Actual Loops": 1,
          "Workers Planned": 6,
          "Workers Launched": 6,
          "Single Copy": false,
          "Plans": [
            {
              "Node Type": "Aggregate",
              "Strategy": "Plain",
              "Partial Mode": "Partial",
              "Parent Relationship": "Outer",
              "Parallel Aware": false,
              "Startup Cost": 383087.24,
              "Total Cost": 383087.25,
              "Plan Rows": 1,
              "Plan Width": 8,
              "Actual Startup Time": 3236.176,
              "Actual Total Time": 3236.181,
              "Actual Rows": 1,
              "Actual Loops": 7,
              "Plans": [
                {
                  "Node Type": "Hash Join",
                  "Parent Relationship": "Outer",
                  "Parallel Aware": true,
                  "Join Type": "Inner",
                  "Startup Cost": 120620.04,
                  "Total Cost": 382220.66,
                  "Plan Rows": 346632,
                  "Plan Width": 0,
                  "Actual Startup Time": 2898.964,
                  "Actual Total Time": 3213.804,
                  "Actual Rows": 447865,
                  "Actual Loops": 7,
                  "Inner Unique": true,
                  "Hash Cond": "(ci.movie_id = t.id)",
                  "Plans": [
                    {
                      "Node Type": "Bitmap Heap Scan",
                      "Parent Relationship": "Outer",
                      "Parallel Aware": true,
                      "Relation Name": "cast_info",
                      "Alias": "ci",
                      "Startup Cost": 70399.66,
                      "Total Cost": 331090.37,
                      "Plan Rows": 346632,
                      "Plan Width": 4,
                      "Actual Startup Time": 2632.806,
                      "Actual Total Time": 2745.766,
                      "Actual Rows": 447865,
                      "Actual Loops": 7,
                      "Recheck Cond": "(person_id > 3484212)",
                      "Rows Removed by Index Recheck": 0,
                      "Filter": "(role_id > 1)",
                      "Rows Removed by Filter": 0,
                      "Exact Heap Blocks": 7633,
                      "Lossy Heap Blocks": 0,
                      "Plans": [
                        {
                          "Node Type": "Bitmap Index Scan",
                          "Parent Relationship": "Outer",
                          "Parallel Aware": false,
                          "Index Name": "person_id_cast_info",
                          "Startup Cost": 0.0,
                          "Total Cost": 69879.71,
                          "Plan Rows": 3201486,
                          "Plan Width": 0,
                          "Actual Startup Time": 2616.645,
                          "Actual Total Time": 2616.646,
                          "Actual Rows": 3135054,
                          "Actual Loops": 1,
                          "Index Cond": "(person_id > 3484212)"
                        }
                      ]
                    },
                    {
                      "Node Type": "Hash",
                      "Parent Relationship": "Inner",
                      "Parallel Aware": true,
                      "Startup Cost": 42319.06,
                      "Total Cost": 42319.06,
                      "Plan Rows": 632106,
                      "Plan Width": 4,
                      "Actual Startup Time": 260.121,
                      "Actual Total Time": 260.122,
                      "Actual Rows": 361187,
                      "Actual Loops": 7,
                      "Hash Buckets": 4194304,
                      "Original Hash Buckets": 4194304,
                      "Hash Batches": 1,
                      "Original Hash Batches": 1,
                      "Peak Memory Usage": 131776,
                      "Plans": [
                        {
                          "Node Type": "Seq Scan",
                          "Parent Relationship": "Outer",
                          "Parallel Aware": true,
                          "Relation Name": "title",
                          "Alias": "t",
                          "Startup Cost": 0.0,
                          "Total Cost": 42319.06,
                          "Plan Rows": 632106,
                          "Plan Width": 4,
                          "Actual Startup Time": 0.064,
                          "Actual Total Time": 76.852,
                          "Actual Rows": 361187,
                          "Actual Loops": 7
                        }
                      ]
                    }
                  ]
                }
              ]
            }
          ]
        }
      ]
    },
    "Planning Time": 0.325,
    "Triggers": [],
    "Execution Time": 3291.931
  }
]