[
  {
    "Plan": {
      "Node Type": "Aggregate",
      "Strategy": "Plain",
      "Partial Mode": "Finalize",
      "Parallel Aware": false,
      "Startup Cost": 336364.99,
      "Total Cost": 336365.0,
      "Plan Rows": 1,
      "Plan Width": 8,
      "Actual Startup Time": 789.831,
      "Actual Total Time": 835.589,
      "Actual Rows": 1,
      "Actual Loops": 1,
      "Plans": [
        {
          "Node Type": "Gather",
          "Parent Relationship": "Outer",
          "Parallel Aware": false,
          "Startup Cost": 336364.36,
          "Total Cost": 336364.97,
          "Plan Rows": 6,
          "Plan Width": 8,
          "Actual Startup Time": 789.523,
          "Actual Total Time": 835.579,
          "Actual Rows": 7,
          "Actual Loops": 1,
          "Workers Planned": 6,
          "Workers Launched": 6,
          "Single Copy": false,
          "Plans": [
            {
              "Node Type": "Aggregate",
              "Strategy": "Plain",
              "Partial Mode": "Partial",
              "Parent Relationship": "Outer",
              "Parallel Aware": false,
              "Startup Cost": 335364.36,
              "Total Cost": 335364.37,
              "Plan Rows": 1,
              "Plan Width": 8,
              "Actual Startup Time": 781.765,
              "Actual Total Time": 781.767,
              "Actual Rows": 1,
              "Actual Loops": 7,
              "Plans": [
                {
                  "Node Type": "Seq Scan",
                  "Parent Relationship": "Outer",
                  "Parallel Aware": true,
                  "Relation Name": "cast_info",
                  "Alias": "ci",
                  "Startup Cost": 0.0,
                  "Total Cost": 328211.39,
                  "Plan Rows": 2861188,
                  "Plan Width": 0,
                  "Actual Startup Time": 237.483,
                  "Actual Total Time": 649.095,
                  "Actual Rows": 2422599,
                  "Actual Loops": 7,
                  "Filter": "(person_id > 1927567)",
                  "Rows Removed by Filter": 2755164
                }
              ]
            }
          ]
        }
      ]
    },
    "Planning Time": 0.166,
    "Triggers": [],
    "Execution Time": 835.638
  }
]