[
  {
    "Plan": {
      "Node Type": "Aggregate",
      "Strategy": "Plain",
      "Partial Mode": "Finalize",
      "Parallel Aware": false,
      "Startup Cost": 31424.54,
      "Total Cost": 31424.55,
      "Plan Rows": 1,
      "Plan Width": 8,
      "Actual Startup Time": 102.853,
      "Actual Total Time": 108.867,
      "Actual Rows": 1,
      "Actual Loops": 1,
      "Plans": [
        {
          "Node Type": "Gather",
          "Parent Relationship": "Outer",
          "Parallel Aware": false,
          "Startup Cost": 31424.22,
          "Total Cost": 31424.53,
          "Plan Rows": 3,
          "Plan Width": 8,
          "Actual Startup Time": 102.745,
          "Actual Total Time": 108.859,
          "Actual Rows": 4,
          "Actual Loops": 1,
          "Workers Planned": 3,
          "Workers Launched": 3,
          "Single Copy": false,
          "Plans": [
            {
              "Node Type": "Aggregate",
              "Strategy": "Plain",
              "Partial Mode": "Partial",
              "Parent Relationship": "Outer",
              "Parallel Aware": false,
              "Startup Cost": 30424.22,
              "Total Cost": 30424.23,
              "Plan Rows": 1,
              "Plan Width": 8,
              "Actual Startup Time": 97.302,
              "Actual Total Time": 97.303,
              "Actual Rows": 1,
              "Actual Loops": 4,
              "Plans": [
                {
                  "Node Type": "Seq Scan",
                  "Parent Relationship": "Outer",
                  "Parallel Aware": true,
                  "Relation Name": "movie_companies",
                  "Alias": "mc",
                  "Startup Cost": 0.0,
                  "Total Cost": 29310.68,
                  "Plan Rows": 445416,
                  "Plan Width": 0,
                  "Actual Startup Time": 0.024,
                  "Actual Total Time": 78.628,
                  "Actual Rows": 347431,
                  "Actual Loops": 4,
                  "Filter": "(company_id < 12062)",
                  "Rows Removed by Filter": 304851
                }
              ]
            }
          ]
        }
      ]
    },
    "Planning Time": 0.202,
    "Triggers": [],
    "Execution Time": 108.925
  }
]