{
  "Plan": {
    "Node Type": "Aggregate",
    "Strategy": "Plain",
    "Partial Mode": "Finalize",
    "Parallel Aware": false,
    "Startup Cost": 115275.56,
    "Total Cost": 115275.57,
    "Plan Rows": 1,
    "Plan Width": 8,
    "Actual Startup Time": 713.534,
    "Actual Total Time": 732.01,
    "Actual Rows": 1,
    "Actual Loops": 1,
    "Plans": [
      {
        "Node Type": "Gather",
        "Parent Relationship": "Outer",
        "Parallel Aware": false,
        "Startup Cost": 115275.45,
        "Total Cost": 115275.56,
        "Plan Rows": 1,
        "Plan Width": 8,
        "Actual Startup Time": 709.903,
        "Actual Total Time": 732.003,
        "Actual Rows": 2,
        "Actual Loops": 1,
        "Workers Planned": 1,
        "Workers Launched": 1,
        "Single Copy": false,
        "Plans": [
          {
            "Node Type": "Aggregate",
            "Strategy": "Plain",
            "Partial Mode": "Partial",
            "Parent Relationship": "Outer",
            "Parallel Aware": false,
            "Startup Cost": 114275.45,
            "Total Cost": 114275.46,
            "Plan Rows": 1,
            "Plan Width": 8,
            "Actual Startup Time": 702.032,
            "Actual Total Time": 702.036,
            "Actual Rows": 1,
            "Actual Loops": 2,
            "Plans": [
              {
                "Node Type": "Hash Join",
                "Parent Relationship": "Outer",
                "Parallel Aware": true,
                "Join Type": "Inner",
                "Startup Cost": 83137.5,
                "Total Cost": 113327.37,
                "Plan Rows": 379231,
                "Plan Width": 0,
                "Actual Startup Time": 544.134,
                "Actual Total Time": 687.516,
                "Actual Rows": 314768,
                "Actual Loops": 2,
                "Inner Unique": true,
                "Hash Cond": "(mk.movie_id = t.id)",
                "Plans": [
                  {
                    "Node Type": "Bitmap Heap Scan",
                    "Parent Relationship": "Outer",
                    "Parallel Aware": true,
                    "Relation Name": "movie_keyword",
                    "Alias": "mk",
                    "Startup Cost": 13676.8,
                    "Total Cost": 42871.19,
                    "Plan Rows": 379231,
                    "Plan Width": 4,
                    "Actual Startup Time": 41.623,
                    "Actual Total Time": 108.485,
                    "Actual Rows": 314768,
                    "Actual Loops": 2,
                    "Recheck Cond": "(keyword_id > 29159)",
                    "Rows Removed by Index Recheck": 0,
                    "Exact Heap Blocks": 13069,
                    "Lossy Heap Blocks": 0,
                    "Plans": [
                      {
                        "Node Type": "Bitmap Index Scan",
                        "Parent Relationship": "Outer",
                        "Parallel Aware": false,
                        "Index Name": "keyword_id_movie_keyword",
                        "Startup Cost": 0.0,
                        "Total Cost": 13515.63,
                        "Plan Rows": 644693,
                        "Plan Width": 0,
                        "Actual Startup Time": 38.137,
                        "Actual Total Time": 38.138,
                        "Actual Rows": 629536,
                        "Actual Loops": 1,
                        "Index Cond": "(keyword_id > 29159)"
                      }
                    ]
                  },
                  {
                    "Node Type": "Hash",
                    "Parent Relationship": "Inner",
                    "Parallel Aware": true,
                    "Startup Cost": 50870.31,
                    "Total Cost": 50870.31,
                    "Plan Rows": 1487231,
                    "Plan Width": 4,
                    "Actual Startup Time": 488.047,
                    "Actual Total Time": 488.048,
                    "Actual Rows": 1264156,
                    "Actual Loops": 2,
                    "Hash Buckets": 4194304,
                    "Original Hash Buckets": 4194304,
                    "Hash Batches": 1,
                    "Original Hash Batches": 1,
                    "Peak Memory Usage": 131712,
                    "Plans": [
                      {
                        "Node Type": "Seq Scan",
                        "Parent Relationship": "Outer",
                        "Parallel Aware": true,
                        "Relation Name": "title",
                        "Alias": "t",
                        "Startup Cost": 0.0,
                        "Total Cost": 50870.31,
                        "Plan Rows": 1487231,
                        "Plan Width": 4,
                        "Actual Startup Time": 0.03,
                        "Actual Total Time": 149.182,
                        "Actual Rows": 1264156,
                        "Actual Loops": 2
                      }
                    ]
                  }
                ]
              }
            ]
          }
        ]
      }
    ]
  },
  "Planning Time": 0.271,
  "Triggers": [],
  "Execution Time": 732.055
}