[
  {
    "Plan": {
      "Node Type": "Aggregate",
      "Strategy": "Plain",
      "Partial Mode": "Finalize",
      "Parallel Aware": false,
      "Startup Cost": 32210.14,
      "Total Cost": 32210.15,
      "Plan Rows": 1,
      "Plan Width": 8,
      "Actual Startup Time": 114.823,
      "Actual Total Time": 122.752,
      "Actual Rows": 1,
      "Actual Loops": 1,
      "Plans": [
        {
          "Node Type": "Gather",
          "Parent Relationship": "Outer",
          "Parallel Aware": false,
          "Startup Cost": 32209.83,
          "Total Cost": 32210.14,
          "Plan Rows": 3,
          "Plan Width": 8,
          "Actual Startup Time": 114.716,
          "Actual Total Time": 122.743,
          "Actual Rows": 4,
          "Actual Loops": 1,
          "Workers Planned": 3,
          "Workers Launched": 3,
          "Single Copy": false,
          "Plans": [
            {
              "Node Type": "Aggregate",
              "Strategy": "Plain",
              "Partial Mode": "Partial",
              "Parent Relationship": "Outer",
              "Parallel Aware": false,
              "Startup Cost": 31209.83,
              "Total Cost": 31209.84,
              "Plan Rows": 1,
              "Plan Width": 8,
              "Actual Startup Time": 109.975,
              "Actual Total Time": 109.976,
              "Actual Rows": 1,
              "Actual Loops": 4,
              "Plans": [
                {
                  "Node Type": "Seq Scan",
                  "Parent Relationship": "Outer",
                  "Parallel Aware": true,
                  "Relation Name": "movie_companies",
                  "Alias": "mc",
                  "Startup Cost": 0.0,
                  "Total Cost": 29310.68,
                  "Plan Rows": 759658,
                  "Plan Width": 0,
                  "Actual Startup Time": 0.037,
                  "Actual Total Time": 81.822,
                  "Actual Rows": 590142,
                  "Actual Loops": 4,
                  "Filter": "(company_id > 115)",
                  "Rows Removed by Filter": 62140
                }
              ]
            }
          ]
        }
      ]
    },
    "Planning Time": 0.235,
    "Triggers": [],
    "Execution Time": 122.816
  }
]