{
  "Plan": {
    "Node Type": "Aggregate",
    "Strategy": "Plain",
    "Partial Mode": "Finalize",
    "Parallel Aware": false,
    "Startup Cost": 349518.63,
    "Total Cost": 349518.64,
    "Plan Rows": 1,
    "Plan Width": 8,
    "Actual Startup Time": 1440.07,
    "Actual Total Time": 1478.258,
    "Actual Rows": 1,
    "Actual Loops": 1,
    "Plans": [
      {
        "Node Type": "Gather",
        "Parent Relationship": "Outer",
        "Parallel Aware": false,
        "Startup Cost": 349518.52,
        "Total Cost": 349518.63,
        "Plan Rows": 1,
        "Plan Width": 8,
        "Actual Startup Time": 1439.624,
        "Actual Total Time": 1478.251,
        "Actual Rows": 2,
        "Actual Loops": 1,
        "Workers Planned": 1,
        "Workers Launched": 1,
        "Single Copy": false,
        "Plans": [
          {
            "Node Type": "Aggregate",
            "Strategy": "Plain",
            "Partial Mode": "Partial",
            "Parent Relationship": "Outer",
            "Parallel Aware": false,
            "Startup Cost": 348518.52,
            "Total Cost": 348518.53,
            "Plan Rows": 1,
            "Plan Width": 8,
            "Actual Startup Time": 1434.255,
            "Actual Total Time": 1434.259,
            "Actual Rows": 1,
            "Actual Loops": 2,
            "Plans": [
              {
                "Node Type": "Hash Join",
                "Parent Relationship": "Outer",
                "Parallel Aware": true,
                "Join Type": "Inner",
                "Startup Cost": 60665.01,
                "Total Cost": 346668.95,
                "Plan Rows": 739825,
                "Plan Width": 0,
                "Actual Startup Time": 216.611,
                "Actual Total Time": 1421.015,
                "Actual Rows": 329163,
                "Actual Loops": 2,
                "Inner Unique": true,
                "Hash Cond": "(mi.movie_id = t.id)",
                "Plans": [
                  {
                    "Node Type": "Seq Scan",
                    "Parent Relationship": "Outer",
                    "Parallel Aware": true,
                    "Relation Name": "movie_info",
                    "Alias": "mi",
                    "Startup Cost": 0.0,
                    "Total Cost": 270696.42,
                    "Plan Rows": 5831431,
                    "Plan Width": 4,
                    "Actual Startup Time": 34.944,
                    "Actual Total Time": 737.65,
                    "Actual Rows": 4955877,
                    "Actual Loops": 2,
                    "Filter": "(info_type_id > 4)",
                    "Rows Removed by Filter": 2461983
                  },
                  {
                    "Node Type": "Hash",
                    "Parent Relationship": "Inner",
                    "Parallel Aware": true,
                    "Startup Cost": 58306.47,
                    "Total Cost": 58306.47,
                    "Plan Rows": 188683,
                    "Plan Width": 4,
                    "Actual Startup Time": 177.45,
                    "Actual Total Time": 177.451,
                    "Actual Rows": 97110,
                    "Actual Loops": 2,
                    "Hash Buckets": 524288,
                    "Original Hash Buckets": 524288,
                    "Hash Batches": 1,
                    "Original Hash Batches": 1,
                    "Peak Memory Usage": 11744,
                    "Plans": [
                      {
                        "Node Type": "Seq Scan",
                        "Parent Relationship": "Outer",
                        "Parallel Aware": true,
                        "Relation Name": "title",
                        "Alias": "t",
                        "Startup Cost": 0.0,
                        "Total Cost": 58306.47,
                        "Plan Rows": 188683,
                        "Plan Width": 4,
                        "Actual Startup Time": 0.027,
                        "Actual Total Time": 147.61,
                        "Actual Rows": 97110,
                        "Actual Loops": 2,
                        "Filter": "((kind_id > 3) AND (production_year < 1979))",
                        "Rows Removed by Filter": 1167046
                      }
                    ]
                  }
                ]
              }
            ]
          }
        ]
      }
    ]
  },
  "Planning Time": 0.261,
  "Triggers": [],
  "Execution Time": 1478.301
}