{
  "Plan": {
    "Node Type": "Aggregate",
    "Strategy": "Plain",
    "Partial Mode": "Finalize",
    "Parallel Aware": false,
    "Startup Cost": 61212.99,
    "Total Cost": 61213.0,
    "Plan Rows": 1,
    "Plan Width": 8,
    "Actual Startup Time": 154.786,
    "Actual Total Time": 162.455,
    "Actual Rows": 1,
    "Actual Loops": 1,
    "Plans": [
      {
        "Node Type": "Gather",
        "Parent Relationship": "Outer",
        "Parallel Aware": false,
        "Startup Cost": 61212.87,
        "Total Cost": 61212.98,
        "Plan Rows": 1,
        "Plan Width": 8,
        "Actual Startup Time": 154.583,
        "Actual Total Time": 162.448,
        "Actual Rows": 2,
        "Actual Loops": 1,
        "Workers Planned": 1,
        "Workers Launched": 1,
        "Single Copy": false,
        "Plans": [
          {
            "Node Type": "Aggregate",
            "Strategy": "Plain",
            "Partial Mode": "Partial",
            "Parent Relationship": "Outer",
            "Parallel Aware": false,
            "Startup Cost": 60212.87,
            "Total Cost": 60212.88,
            "Plan Rows": 1,
            "Plan Width": 8,
            "Actual Startup Time": 148.689,
            "Actual Total Time": 148.69,
            "Actual Rows": 1,
            "Actual Loops": 2,
            "Plans": [
              {
                "Node Type": "Nested Loop",
                "Parent Relationship": "Outer",
                "Parallel Aware": false,
                "Join Type": "Inner",
                "Startup Cost": 13439.6,
                "Total Cost": 60212.18,
                "Plan Rows": 279,
                "Plan Width": 0,
                "Actual Startup Time": 133.333,
                "Actual Total Time": 148.684,
                "Actual Rows": 2,
                "Actual Loops": 2,
                "Inner Unique": false,
                "Plans": [
                  {
                    "Node Type": "Bitmap Heap Scan",
                    "Parent Relationship": "Outer",
                    "Parallel Aware": true,
                    "Relation Name": "title",
                    "Alias": "t",
                    "Startup Cost": 13439.18,
                    "Total Cost": 56089.56,
                    "Plan Rows": 512,
                    "Plan Width": 4,
                    "Actual Startup Time": 52.365,
                    "Actual Total Time": 141.133,
                    "Actual Rows": 1652,
                    "Actual Loops": 2,
                    "Recheck Cond": "(kind_id < 3)",
                    "Rows Removed by Index Recheck": 0,
                    "Filter": "(production_year > 2013)",
                    "Rows Removed by Filter": 375187,
                    "Exact Heap Blocks": 27977,
                    "Lossy Heap Blocks": 0,
                    "Plans": [
                      {
                        "Node Type": "Bitmap Index Scan",
                        "Parent Relationship": "Outer",
                        "Parallel Aware": false,
                        "Index Name": "kind_id_title",
                        "Startup Cost": 0.0,
                        "Total Cost": 13438.96,
                        "Plan Rows": 753937,
                        "Plan Width": 0,
                        "Actual Startup Time": 50.921,
                        "Actual Total Time": 50.922,
                        "Actual Rows": 753677,
                        "Actual Loops": 1,
                        "Index Cond": "(kind_id < 3)"
                      }
                    ]
                  },
                  {
                    "Node Type": "Index Only Scan",
                    "Parent Relationship": "Inner",
                    "Parallel Aware": false,
                    "Scan Direction": "Forward",
                    "Index Name": "movie_id_movie_info_idx",
                    "Relation Name": "movie_info_idx",
                    "Alias": "mi_idx",
                    "Startup Cost": 0.43,
                    "Total Cost": 8.02,
                    "Plan Rows": 3,
                    "Plan Width": 4,
                    "Actual Startup Time": 0.004,
                    "Actual Total Time": 0.004,
                    "Actual Rows": 0,
                    "Actual Loops": 3303,
                    "Index Cond": "(movie_id = t.id)",
                    "Rows Removed by Index Recheck": 0,
                    "Heap Fetches": 3
                  }
                ]
              }
            ]
          }
        ]
      }
    ]
  },
  "Planning Time": 0.449,
  "Triggers": [],
  "Execution Time": 162.547
}